<?xml version="1.0" encoding="UTF-8"?>
<testsuites name="RAD_UI_TestSuite" time="2995.504" tests="10" failures="0" errors="0">
   <testsuite name="RAD_UI_TestSuite" tests="10" failures="0" errors="0" time="2995.504" skipped="0" timestamp="2024-10-17 14:11:21" hostname="imtiaz - DESKTOP-B2QI6NS.govolution.com" id="Test Suites/RAD_TestSuite/RAD_UI_TestSuite">
      <properties>
         <property name="deviceName" value=""/>
         <property name="devicePlatform" value=""/>
         <property name="logFolder" value="E:\\Cloned-Project-Katalon\\VPS-Katalon\\Reports\\20241017_141114\\RAD_TestSuite\\RAD_UI_TestSuite\\20241017_141114"/>
         <property name="logFiles" value="E:\\Cloned-Project-Katalon\\VPS-Katalon\\Reports\\20241017_141114\\RAD_TestSuite\\RAD_UI_TestSuite\\20241017_141114\\execution0.log, E:\\Cloned-Project-Katalon\\VPS-Katalon\\Reports\\20241017_141114\\RAD_TestSuite\\RAD_UI_TestSuite\\20241017_141114\\execution1.log"/>
         <property name="attachments" value=""/>
         <property name="hostName" value="imtiaz - DESKTOP-B2QI6NS.govolution.com"/>
         <property name="os" value="Windows 10 64bit"/>
         <property name="katalonVersion" value="8.6.9.208"/>
         <property name="browser" value="Chrome 129.0.0.0"/>
         <property name="hostAddress" value="172.31.253.185"/>
         <property name="sessionId" value="03650609c1eb05c8683e8072c87b3692"/>
         <property name="seleniumVersion" value="3.141.59"/>
         <property name="proxyInformation" value="ProxyInformation { proxyOption=NO_PROXY, proxyServerType=HTTP, username=, password=********, proxyServerAddress=, proxyServerPort=0, executionList=&quot;&quot;, isApplyToDesiredCapabilities=true }"/>
         <property name="platform" value="Windows 10"/>
      </properties>
      <testcase name="Test Cases/RAD_TestCases/Negative_TestCases/FEINmismatchError" time="361.39" classname="Test Cases/RAD_TestCases/Negative_TestCases/FEINmismatchError" status="PASSED">
         <system-out><![CDATA[2024-10-17 14:11:21 - [TEST_CASE][PASSED] - Test Cases/RAD_TestCases/Negative_TestCases/FEINmismatchError: Test Cases/RAD_TestCases/Negative_TestCases/FEINmismatchError

2024-10-17 14:11:22 - [TEST_STEP][PASSED] - resText = "Fail": null

2024-10-17 14:11:22 - [TEST_STEP][PASSED] - resColumn = "Result": null

2024-10-17 14:11:22 - [TEST_STEP][PASSED] - datCloumn = "Date": null

2024-10-17 14:11:22 - [TEST_STEP][PASSED] - fileLoc = "KatalonData/RADTestData/FEINmismatch.xlsx": null

2024-10-17 14:11:22 - [TEST_STEP][PASSED] - nameSheet = "FEINmismatch": null

2024-10-17 14:11:22 - [TEST_STEP][PASSED] - dataFile = "RADTestData/FEINmismatch": null

2024-10-17 14:11:22 - [TEST_STEP][PASSED] - ExecuteTC = <not implemented yet for class: org.codehaus.groovy.ast.expr.EmptyExpression>: null

2024-10-17 14:11:22 - [TEST_STEP][PASSED] - Taxtype = <not implemented yet for class: org.codehaus.groovy.ast.expr.EmptyExpression>: null

2024-10-17 14:11:22 - [TEST_STEP][PASSED] - Paymenttype = <not implemented yet for class: org.codehaus.groovy.ast.expr.EmptyExpression>: null

2024-10-17 14:11:22 - [TEST_STEP][PASSED] - numOfRows = findTestData(dataFile).getRowNumbers(): null

2024-10-17 14:11:23 - [TEST_STEP][PASSED] - println("Number of Records: " + numOfRows): null

2024-10-17 14:11:23 - [TEST_STEP][PASSED] - for ([row = 1, row <= numOfRows, (row++)]): null

2024-10-17 14:11:23 - [TEST_STEP][PASSED] - ExecuteTC = findTestData(dataFile).getValue("Execute", row): null

2024-10-17 14:11:23 - [TEST_STEP][PASSED] - Taxtype = findTestData(dataFile).getValue("TaxType", row): null

2024-10-17 14:11:24 - [TEST_STEP][PASSED] - Paymenttype = findTestData(dataFile).getValue("PaymentType", row): null

2024-10-17 14:11:24 - [TEST_STEP][PASSED] - out.println("Value of Execute is : " + ExecuteTC): null

2024-10-17 14:11:24 - [TEST_STEP][PASSED] - if (ExecuteTC.equalsIgnoreCase("Y")): null

2024-10-17 14:11:24 - [TEST_STEP][PASSED] - out.println("Begin Record Number: " + row): null

2024-10-17 14:11:24 - [TEST_STEP][PASSED] - today = new java.util.Date(): null

2024-10-17 14:11:24 - [TEST_STEP][PASSED] - println(today): null

2024-10-17 14:11:24 - [TEST_STEP][PASSED] - datText = today: null

2024-10-17 14:11:24 - [TEST_STEP][PASSED] - Taxtype = findTestData(dataFile).getValue("TaxType", row): null

2024-10-17 14:11:24 - [TEST_STEP][PASSED] - out.println("Taxtype value is : " + Taxtype): null

2024-10-17 14:11:24 - [TEST_STEP][PASSED] - openBrowser(""): Browser is opened with url: ''

2024-10-17 14:11:24 - [MESSAGE][INFO] - Starting 'Chrome' driver

2024-10-17 14:11:24 - [MESSAGE][INFO] - User set preference: ['acceptInsecureCerts', 'true']

2024-10-17 14:11:24 - [MESSAGE][INFO] - Action delay is set to 0 milliseconds

2024-10-17 14:11:27 - [MESSAGE][PASSED] - Browser is opened with url: ''

2024-10-17 14:11:27 - [TEST_STEP][PASSED] - maximizeWindow(): Current window maximized

2024-10-17 14:11:28 - [MESSAGE][PASSED] - Current window maximized

2024-10-17 14:11:28 - [TEST_STEP][PASSED] - navigateToUrl(RADurl): Navigate to 'https://demo.velocitypayment.com/client/rad/index.html' successfully

2024-10-17 14:11:30 - [MESSAGE][PASSED] - Navigate to 'https://demo.velocitypayment.com/client/rad/index.html' successfully

2024-10-17 14:11:30 - [TEST_STEP][PASSED] - orPath_Landing = "Object Repository/RAD_Pages/Landing_Page": null

2024-10-17 14:11:30 - [TEST_STEP][PASSED] - orPath_TaxTypeFilingYear = "Object Repository/RAD_Pages/TaxTypeFilingYear_Page": null

2024-10-17 14:11:30 - [TEST_STEP][PASSED] - orPath_TaxPayer = "Object Repository/RAD_Pages/Taxpayer_Page": null

2024-10-17 14:11:30 - [TEST_STEP][PASSED] - orPath_AddressContact = "Object Repository/RAD_Pages/AddressAndContactInfo_Page": null

2024-10-17 14:11:30 - [TEST_STEP][PASSED] - orPath_FilingStatus = "Object Repository/RAD_Pages/FilingStatus_Page": null

2024-10-17 14:11:30 - [TEST_STEP][PASSED] - orPath_Amount = "Object Repository/RAD_Pages/PaymentAmount_Page": null

2024-10-17 14:11:30 - [TEST_STEP][PASSED] - orPath_TaxInfo = "Object Repository/RAD_Pages/TaxInfo_Page": null

2024-10-17 14:11:30 - [TEST_STEP][PASSED] - orPath_Withholding = "Object Repository/RAD_Pages/Withholding_Page": null

2024-10-17 14:11:30 - [TEST_STEP][PASSED] - orPath_Summary = "Object Repository/RAD_Pages/Summary_Page": null

2024-10-17 14:11:30 - [TEST_STEP][PASSED] - orPath_PaymentReady = "Object Repository/RAD_Pages/PaymentReady_Page": null

2024-10-17 14:11:30 - [TEST_STEP][PASSED] - orPath_PaymentEntry = "Object Repository/RAD_Pages/PaymentEntry_Page": null

2024-10-17 14:11:30 - [TEST_STEP][PASSED] - orPath_PaymentConfirmation = "Object Repository/RAD_Pages/PaymentConfirmation_Page": null

2024-10-17 14:11:30 - [TEST_STEP][PASSED] - orPath_ServiceFeesAccept = "Object Repository/RAD_Pages/ServiceFeeAccept_Page": null

2024-10-17 14:11:30 - [TEST_STEP][PASSED] - selectOptionByLabel(findTestObject(orPath_Landing + "/dd_TaxType"), Paymenttype, false): All options with label 'Existing Liability with Notice/Invoice Number' are selected in object 'Object Repository/RAD_Pages/Landing_Page/dd_TaxType' 

2024-10-17 14:11:31 - [MESSAGE][PASSED] - All options with label 'Existing Liability with Notice/Invoice Number' are selected in object 'Object Repository/RAD_Pages/Landing_Page/dd_TaxType' 

2024-10-17 14:11:31 - [TEST_STEP][PASSED] - delay(1): Delayed 1 second(s)

2024-10-17 14:11:32 - [MESSAGE][PASSED] - Delayed 1 second(s)

2024-10-17 14:11:32 - [TEST_STEP][PASSED] - switch (Paymenttype): null

2024-10-17 14:11:32 - [TEST_STEP][PASSED] - case "Existing Liability with Notice/Invoice Number":: null

2024-10-17 14:11:32 - [TEST_STEP][PASSED] - selectOptionByLabel(findTestObject(orPath_TaxTypeFilingYear + "/select_TaxType_ExistingLiability"), Taxtype, false): All options with label 'Bay Restoration Fee' are selected in object 'Object Repository/RAD_Pages/TaxTypeFilingYear_Page/select_TaxType_ExistingLiability' 

2024-10-17 14:11:32 - [MESSAGE][PASSED] - All options with label 'Bay Restoration Fee' are selected in object 'Object Repository/RAD_Pages/TaxTypeFilingYear_Page/select_TaxType_ExistingLiability' 

2024-10-17 14:11:32 - [TEST_STEP][PASSED] - break: null

2024-10-17 14:11:32 - [TEST_STEP][PASSED] - delay(1): Delayed 1 second(s)

2024-10-17 14:11:33 - [MESSAGE][PASSED] - Delayed 1 second(s)

2024-10-17 14:11:33 - [TEST_STEP][PASSED] - scrollToElement(findTestObject(orPath_Amount + "/input__paymentAmount"), 2, CONTINUE_ON_FAILURE): Scroll to object 'Object Repository/RAD_Pages/PaymentAmount_Page/input__paymentAmount' successfully

2024-10-17 14:11:34 - [MESSAGE][PASSED] - Scroll to object 'Object Repository/RAD_Pages/PaymentAmount_Page/input__paymentAmount' successfully

2024-10-17 14:11:34 - [TEST_STEP][PASSED] - switch (Paymenttype): null

2024-10-17 14:11:34 - [TEST_STEP][PASSED] - case "Existing Liability with Notice/Invoice Number":: null

2024-10-17 14:11:34 - [TEST_STEP][PASSED] - setEncryptedText(findTestObject("Object Repository/RAD_RecordAndPlay/input_Existing_FEIN"), "RigbBhfdqODKcAsiUrg+1Q=="): Text ****** has been set on object 'Object Repository/RAD_RecordAndPlay/input_Existing_FEIN'

2024-10-17 14:11:35 - [MESSAGE][PASSED] - Text ****** has been set on object 'Object Repository/RAD_RecordAndPlay/input_Existing_FEIN'

2024-10-17 14:11:35 - [TEST_STEP][PASSED] - setEncryptedText(findTestObject("Object Repository/RAD_RecordAndPlay/input_Existing_RetypeFEIN"), "RigbBhfdqOBBGbZqm4oFJQ=="): Text ****** has been set on object 'Object Repository/RAD_RecordAndPlay/input_Existing_RetypeFEIN'

2024-10-17 14:11:35 - [MESSAGE][PASSED] - Text ****** has been set on object 'Object Repository/RAD_RecordAndPlay/input_Existing_RetypeFEIN'

2024-10-17 14:11:35 - [TEST_STEP][PASSED] - break: null

2024-10-17 14:11:35 - [TEST_STEP][PASSED] - setText(findTestObject(orPath_Amount + "/input__paymentAmount"), ""): Text '' is set on object 'Object Repository/RAD_Pages/PaymentAmount_Page/input__paymentAmount'

2024-10-17 14:11:36 - [MESSAGE][PASSED] - Text '' is set on object 'Object Repository/RAD_Pages/PaymentAmount_Page/input__paymentAmount'

2024-10-17 14:11:36 - [TEST_STEP][PASSED] - verifyTextPresent("The FEIN and Re-type FEIN do not match", true): Text 'The FEIN and Re-type FEIN do not match' is present on page  using regular expression

2024-10-17 14:11:37 - [MESSAGE][PASSED] - Text 'The FEIN and Re-type FEIN do not match' is present on page  using regular expression

2024-10-17 14:11:37 - [TEST_STEP][PASSED] - if (verifyTextPresent("The FEIN and Re-type FEIN do not match", true)): null

2024-10-17 14:11:37 - [MESSAGE][PASSED] - Text 'The FEIN and Re-type FEIN do not match' is present on page  using regular expression

2024-10-17 14:11:37 - [TEST_STEP][PASSED] - println("Error Message is present on the page"): null

2024-10-17 14:11:37 - [TEST_STEP][PASSED] - out.println("Pass Record Number: " + row): null

2024-10-17 14:11:37 - [TEST_STEP][PASSED] - resText = "Pass": null

2024-10-17 14:11:37 - [TEST_STEP][PASSED] - pages.WriteExcel.demoKey(resText, datText, resColumn, datCloumn, fileLoc, nameSheet, row): pages.WriteExcel.demoKey is PASSED

2024-10-17 14:11:38 - [MESSAGE][PASSED] - pages.WriteExcel.demoKey is PASSED

2024-10-17 14:11:38 - [TEST_STEP][PASSED] - ExecuteTC = findTestData(dataFile).getValue("Execute", row): null

2024-10-17 14:11:38 - [TEST_STEP][PASSED] - Taxtype = findTestData(dataFile).getValue("TaxType", row): null

2024-10-17 14:11:38 - [TEST_STEP][PASSED] - Paymenttype = findTestData(dataFile).getValue("PaymentType", row): null

2024-10-17 14:11:38 - [TEST_STEP][PASSED] - out.println("Value of Execute is : " + ExecuteTC): null

2024-10-17 14:11:38 - [TEST_STEP][PASSED] - if (ExecuteTC.equalsIgnoreCase("Y")): null

2024-10-17 14:11:38 - [TEST_STEP][PASSED] - out.println("Begin Record Number: " + row): null

2024-10-17 14:11:38 - [TEST_STEP][PASSED] - today = new java.util.Date(): null

2024-10-17 14:11:38 - [TEST_STEP][PASSED] - println(today): null

2024-10-17 14:11:38 - [TEST_STEP][PASSED] - datText = today: null

2024-10-17 14:11:38 - [TEST_STEP][PASSED] - Taxtype = findTestData(dataFile).getValue("TaxType", row): null

2024-10-17 14:11:38 - [TEST_STEP][PASSED] - out.println("Taxtype value is : " + Taxtype): null

2024-10-17 14:11:38 - [TEST_STEP][PASSED] - openBrowser(""): Browser is opened with url: ''

2024-10-17 14:11:38 - [MESSAGE][WARNING] - A browser is already opened. Closing browser and opening a new one

2024-10-17 14:11:40 - [MESSAGE][INFO] - Starting 'Chrome' driver

2024-10-17 14:11:40 - [MESSAGE][INFO] - User set preference: ['acceptInsecureCerts', 'true']

2024-10-17 14:11:40 - [MESSAGE][INFO] - Action delay is set to 0 milliseconds

2024-10-17 14:11:42 - [MESSAGE][PASSED] - Browser is opened with url: ''

2024-10-17 14:11:42 - [TEST_STEP][PASSED] - maximizeWindow(): Current window maximized

2024-10-17 14:11:42 - [MESSAGE][PASSED] - Current window maximized

2024-10-17 14:11:42 - [TEST_STEP][PASSED] - navigateToUrl(RADurl): Navigate to 'https://demo.velocitypayment.com/client/rad/index.html' successfully

2024-10-17 14:11:44 - [MESSAGE][PASSED] - Navigate to 'https://demo.velocitypayment.com/client/rad/index.html' successfully

2024-10-17 14:11:44 - [TEST_STEP][PASSED] - orPath_Landing = "Object Repository/RAD_Pages/Landing_Page": null

2024-10-17 14:11:44 - [TEST_STEP][PASSED] - orPath_TaxTypeFilingYear = "Object Repository/RAD_Pages/TaxTypeFilingYear_Page": null

2024-10-17 14:11:44 - [TEST_STEP][PASSED] - orPath_TaxPayer = "Object Repository/RAD_Pages/Taxpayer_Page": null

2024-10-17 14:11:44 - [TEST_STEP][PASSED] - orPath_AddressContact = "Object Repository/RAD_Pages/AddressAndContactInfo_Page": null

2024-10-17 14:11:44 - [TEST_STEP][PASSED] - orPath_FilingStatus = "Object Repository/RAD_Pages/FilingStatus_Page": null

2024-10-17 14:11:44 - [TEST_STEP][PASSED] - orPath_Amount = "Object Repository/RAD_Pages/PaymentAmount_Page": null

2024-10-17 14:11:44 - [TEST_STEP][PASSED] - orPath_TaxInfo = "Object Repository/RAD_Pages/TaxInfo_Page": null

2024-10-17 14:11:44 - [TEST_STEP][PASSED] - orPath_Withholding = "Object Repository/RAD_Pages/Withholding_Page": null

2024-10-17 14:11:44 - [TEST_STEP][PASSED] - orPath_Summary = "Object Repository/RAD_Pages/Summary_Page": null

2024-10-17 14:11:44 - [TEST_STEP][PASSED] - orPath_PaymentReady = "Object Repository/RAD_Pages/PaymentReady_Page": null

2024-10-17 14:11:44 - [TEST_STEP][PASSED] - orPath_PaymentEntry = "Object Repository/RAD_Pages/PaymentEntry_Page": null

2024-10-17 14:11:44 - [TEST_STEP][PASSED] - orPath_PaymentConfirmation = "Object Repository/RAD_Pages/PaymentConfirmation_Page": null

2024-10-17 14:11:44 - [TEST_STEP][PASSED] - orPath_ServiceFeesAccept = "Object Repository/RAD_Pages/ServiceFeeAccept_Page": null

2024-10-17 14:11:44 - [TEST_STEP][PASSED] - selectOptionByLabel(findTestObject(orPath_Landing + "/dd_TaxType"), Paymenttype, false): All options with label 'Existing Liability with Notice/Invoice Number' are selected in object 'Object Repository/RAD_Pages/Landing_Page/dd_TaxType' 

2024-10-17 14:11:44 - [MESSAGE][PASSED] - All options with label 'Existing Liability with Notice/Invoice Number' are selected in object 'Object Repository/RAD_Pages/Landing_Page/dd_TaxType' 

2024-10-17 14:11:44 - [TEST_STEP][PASSED] - delay(1): Delayed 1 second(s)

2024-10-17 14:11:45 - [MESSAGE][PASSED] - Delayed 1 second(s)

2024-10-17 14:11:45 - [TEST_STEP][PASSED] - switch (Paymenttype): null

2024-10-17 14:11:45 - [TEST_STEP][PASSED] - case "Existing Liability with Notice/Invoice Number":: null

2024-10-17 14:11:45 - [TEST_STEP][PASSED] - selectOptionByLabel(findTestObject(orPath_TaxTypeFilingYear + "/select_TaxType_ExistingLiability"), Taxtype, false): All options with label 'Corporate Income Tax' are selected in object 'Object Repository/RAD_Pages/TaxTypeFilingYear_Page/select_TaxType_ExistingLiability' 

2024-10-17 14:11:46 - [MESSAGE][PASSED] - All options with label 'Corporate Income Tax' are selected in object 'Object Repository/RAD_Pages/TaxTypeFilingYear_Page/select_TaxType_ExistingLiability' 

2024-10-17 14:11:46 - [TEST_STEP][PASSED] - break: null

2024-10-17 14:11:46 - [TEST_STEP][PASSED] - delay(1): Delayed 1 second(s)

2024-10-17 14:11:47 - [MESSAGE][PASSED] - Delayed 1 second(s)

2024-10-17 14:11:47 - [TEST_STEP][PASSED] - scrollToElement(findTestObject(orPath_Amount + "/input__paymentAmount"), 2, CONTINUE_ON_FAILURE): Scroll to object 'Object Repository/RAD_Pages/PaymentAmount_Page/input__paymentAmount' successfully

2024-10-17 14:11:47 - [MESSAGE][PASSED] - Scroll to object 'Object Repository/RAD_Pages/PaymentAmount_Page/input__paymentAmount' successfully

2024-10-17 14:11:47 - [TEST_STEP][PASSED] - switch (Paymenttype): null

2024-10-17 14:11:47 - [TEST_STEP][PASSED] - case "Existing Liability with Notice/Invoice Number":: null

2024-10-17 14:11:47 - [TEST_STEP][PASSED] - setEncryptedText(findTestObject("Object Repository/RAD_RecordAndPlay/input_Existing_FEIN"), "RigbBhfdqODKcAsiUrg+1Q=="): Text ****** has been set on object 'Object Repository/RAD_RecordAndPlay/input_Existing_FEIN'

2024-10-17 14:11:48 - [MESSAGE][PASSED] - Text ****** has been set on object 'Object Repository/RAD_RecordAndPlay/input_Existing_FEIN'

2024-10-17 14:11:48 - [TEST_STEP][PASSED] - setEncryptedText(findTestObject("Object Repository/RAD_RecordAndPlay/input_Existing_RetypeFEIN"), "RigbBhfdqOBBGbZqm4oFJQ=="): Text ****** has been set on object 'Object Repository/RAD_RecordAndPlay/input_Existing_RetypeFEIN'

2024-10-17 14:11:49 - [MESSAGE][PASSED] - Text ****** has been set on object 'Object Repository/RAD_RecordAndPlay/input_Existing_RetypeFEIN'

2024-10-17 14:11:49 - [TEST_STEP][PASSED] - break: null

2024-10-17 14:11:49 - [TEST_STEP][PASSED] - setText(findTestObject(orPath_Amount + "/input__paymentAmount"), ""): Text '' is set on object 'Object Repository/RAD_Pages/PaymentAmount_Page/input__paymentAmount'

2024-10-17 14:11:49 - [MESSAGE][PASSED] - Text '' is set on object 'Object Repository/RAD_Pages/PaymentAmount_Page/input__paymentAmount'

2024-10-17 14:11:49 - [TEST_STEP][PASSED] - verifyTextPresent("The FEIN and Re-type FEIN do not match", true): Text 'The FEIN and Re-type FEIN do not match' is present on page  using regular expression

2024-10-17 14:11:50 - [MESSAGE][PASSED] - Text 'The FEIN and Re-type FEIN do not match' is present on page  using regular expression

2024-10-17 14:11:50 - [TEST_STEP][PASSED] - if (verifyTextPresent("The FEIN and Re-type FEIN do not match", true)): null

2024-10-17 14:11:50 - [MESSAGE][PASSED] - Text 'The FEIN and Re-type FEIN do not match' is present on page  using regular expression

2024-10-17 14:11:50 - [TEST_STEP][PASSED] - println("Error Message is present on the page"): null

2024-10-17 14:11:50 - [TEST_STEP][PASSED] - out.println("Pass Record Number: " + row): null

2024-10-17 14:11:50 - [TEST_STEP][PASSED] - resText = "Pass": null

2024-10-17 14:11:50 - [TEST_STEP][PASSED] - pages.WriteExcel.demoKey(resText, datText, resColumn, datCloumn, fileLoc, nameSheet, row): pages.WriteExcel.demoKey is PASSED

2024-10-17 14:11:51 - [MESSAGE][PASSED] - pages.WriteExcel.demoKey is PASSED

2024-10-17 14:11:51 - [TEST_STEP][PASSED] - ExecuteTC = findTestData(dataFile).getValue("Execute", row): null

2024-10-17 14:11:51 - [TEST_STEP][PASSED] - Taxtype = findTestData(dataFile).getValue("TaxType", row): null

2024-10-17 14:11:51 - [TEST_STEP][PASSED] - Paymenttype = findTestData(dataFile).getValue("PaymentType", row): null

2024-10-17 14:11:51 - [TEST_STEP][PASSED] - out.println("Value of Execute is : " + ExecuteTC): null

2024-10-17 14:11:51 - [TEST_STEP][PASSED] - if (ExecuteTC.equalsIgnoreCase("Y")): null

2024-10-17 14:11:51 - [TEST_STEP][PASSED] - out.println("Begin Record Number: " + row): null

2024-10-17 14:11:51 - [TEST_STEP][PASSED] - today = new java.util.Date(): null

2024-10-17 14:11:51 - [TEST_STEP][PASSED] - println(today): null

2024-10-17 14:11:51 - [TEST_STEP][PASSED] - datText = today: null

2024-10-17 14:11:51 - [TEST_STEP][PASSED] - Taxtype = findTestData(dataFile).getValue("TaxType", row): null

2024-10-17 14:11:51 - [TEST_STEP][PASSED] - out.println("Taxtype value is : " + Taxtype): null

2024-10-17 14:11:51 - [TEST_STEP][PASSED] - openBrowser(""): Browser is opened with url: ''

2024-10-17 14:11:51 - [MESSAGE][WARNING] - A browser is already opened. Closing browser and opening a new one

2024-10-17 14:11:52 - [MESSAGE][INFO] - Starting 'Chrome' driver

2024-10-17 14:11:52 - [MESSAGE][INFO] - User set preference: ['acceptInsecureCerts', 'true']

2024-10-17 14:11:52 - [MESSAGE][INFO] - Action delay is set to 0 milliseconds

2024-10-17 14:11:54 - [MESSAGE][PASSED] - Browser is opened with url: ''

2024-10-17 14:11:54 - [TEST_STEP][PASSED] - maximizeWindow(): Current window maximized

2024-10-17 14:11:54 - [MESSAGE][PASSED] - Current window maximized

2024-10-17 14:11:54 - [TEST_STEP][PASSED] - navigateToUrl(RADurl): Navigate to 'https://demo.velocitypayment.com/client/rad/index.html' successfully

2024-10-17 14:11:54 - [MESSAGE][PASSED] - Navigate to 'https://demo.velocitypayment.com/client/rad/index.html' successfully

2024-10-17 14:11:54 - [TEST_STEP][PASSED] - orPath_Landing = "Object Repository/RAD_Pages/Landing_Page": null

2024-10-17 14:11:54 - [TEST_STEP][PASSED] - orPath_TaxTypeFilingYear = "Object Repository/RAD_Pages/TaxTypeFilingYear_Page": null

2024-10-17 14:11:54 - [TEST_STEP][PASSED] - orPath_TaxPayer = "Object Repository/RAD_Pages/Taxpayer_Page": null

2024-10-17 14:11:54 - [TEST_STEP][PASSED] - orPath_AddressContact = "Object Repository/RAD_Pages/AddressAndContactInfo_Page": null

2024-10-17 14:11:54 - [TEST_STEP][PASSED] - orPath_FilingStatus = "Object Repository/RAD_Pages/FilingStatus_Page": null

2024-10-17 14:11:54 - [TEST_STEP][PASSED] - orPath_Amount = "Object Repository/RAD_Pages/PaymentAmount_Page": null

2024-10-17 14:11:54 - [TEST_STEP][PASSED] - orPath_TaxInfo = "Object Repository/RAD_Pages/TaxInfo_Page": null

2024-10-17 14:11:54 - [TEST_STEP][PASSED] - orPath_Withholding = "Object Repository/RAD_Pages/Withholding_Page": null

2024-10-17 14:11:54 - [TEST_STEP][PASSED] - orPath_Summary = "Object Repository/RAD_Pages/Summary_Page": null

2024-10-17 14:11:54 - [TEST_STEP][PASSED] - orPath_PaymentReady = "Object Repository/RAD_Pages/PaymentReady_Page": null

2024-10-17 14:11:54 - [TEST_STEP][PASSED] - orPath_PaymentEntry = "Object Repository/RAD_Pages/PaymentEntry_Page": null

2024-10-17 14:11:54 - [TEST_STEP][PASSED] - orPath_PaymentConfirmation = "Object Repository/RAD_Pages/PaymentConfirmation_Page": null

2024-10-17 14:11:54 - [TEST_STEP][PASSED] - orPath_ServiceFeesAccept = "Object Repository/RAD_Pages/ServiceFeeAccept_Page": null

2024-10-17 14:11:54 - [TEST_STEP][PASSED] - selectOptionByLabel(findTestObject(orPath_Landing + "/dd_TaxType"), Paymenttype, false): All options with label 'Existing Liability with Notice/Invoice Number' are selected in object 'Object Repository/RAD_Pages/Landing_Page/dd_TaxType' 

2024-10-17 14:11:57 - [MESSAGE][PASSED] - All options with label 'Existing Liability with Notice/Invoice Number' are selected in object 'Object Repository/RAD_Pages/Landing_Page/dd_TaxType' 

2024-10-17 14:11:57 - [TEST_STEP][PASSED] - delay(1): Delayed 1 second(s)

2024-10-17 14:11:58 - [MESSAGE][PASSED] - Delayed 1 second(s)

2024-10-17 14:11:58 - [TEST_STEP][PASSED] - switch (Paymenttype): null

2024-10-17 14:11:58 - [TEST_STEP][PASSED] - case "Existing Liability with Notice/Invoice Number":: null

2024-10-17 14:11:58 - [TEST_STEP][PASSED] - selectOptionByLabel(findTestObject(orPath_TaxTypeFilingYear + "/select_TaxType_ExistingLiability"), Taxtype, false): All options with label 'Fiduciary Tax' are selected in object 'Object Repository/RAD_Pages/TaxTypeFilingYear_Page/select_TaxType_ExistingLiability' 

2024-10-17 14:11:58 - [MESSAGE][PASSED] - All options with label 'Fiduciary Tax' are selected in object 'Object Repository/RAD_Pages/TaxTypeFilingYear_Page/select_TaxType_ExistingLiability' 

2024-10-17 14:11:58 - [TEST_STEP][PASSED] - break: null

2024-10-17 14:11:58 - [TEST_STEP][PASSED] - delay(1): Delayed 1 second(s)

2024-10-17 14:11:59 - [MESSAGE][PASSED] - Delayed 1 second(s)

2024-10-17 14:11:59 - [TEST_STEP][PASSED] - scrollToElement(findTestObject(orPath_Amount + "/input__paymentAmount"), 2, CONTINUE_ON_FAILURE): Scroll to object 'Object Repository/RAD_Pages/PaymentAmount_Page/input__paymentAmount' successfully

2024-10-17 14:12:00 - [MESSAGE][PASSED] - Scroll to object 'Object Repository/RAD_Pages/PaymentAmount_Page/input__paymentAmount' successfully

2024-10-17 14:12:00 - [TEST_STEP][PASSED] - switch (Paymenttype): null

2024-10-17 14:12:00 - [TEST_STEP][PASSED] - case "Existing Liability with Notice/Invoice Number":: null

2024-10-17 14:12:00 - [TEST_STEP][PASSED] - setEncryptedText(findTestObject("Object Repository/RAD_RecordAndPlay/input_Existing_FEIN"), "RigbBhfdqODKcAsiUrg+1Q=="): Text ****** has been set on object 'Object Repository/RAD_RecordAndPlay/input_Existing_FEIN'

2024-10-17 14:12:00 - [MESSAGE][PASSED] - Text ****** has been set on object 'Object Repository/RAD_RecordAndPlay/input_Existing_FEIN'

2024-10-17 14:12:00 - [TEST_STEP][PASSED] - setEncryptedText(findTestObject("Object Repository/RAD_RecordAndPlay/input_Existing_RetypeFEIN"), "RigbBhfdqOBBGbZqm4oFJQ=="): Text ****** has been set on object 'Object Repository/RAD_RecordAndPlay/input_Existing_RetypeFEIN'

2024-10-17 14:12:01 - [MESSAGE][PASSED] - Text ****** has been set on object 'Object Repository/RAD_RecordAndPlay/input_Existing_RetypeFEIN'

2024-10-17 14:12:01 - [TEST_STEP][PASSED] - break: null

2024-10-17 14:12:01 - [TEST_STEP][PASSED] - setText(findTestObject(orPath_Amount + "/input__paymentAmount"), ""): Text '' is set on object 'Object Repository/RAD_Pages/PaymentAmount_Page/input__paymentAmount'

2024-10-17 14:12:02 - [MESSAGE][PASSED] - Text '' is set on object 'Object Repository/RAD_Pages/PaymentAmount_Page/input__paymentAmount'

2024-10-17 14:12:02 - [TEST_STEP][PASSED] - verifyTextPresent("The FEIN and Re-type FEIN do not match", true): Text 'The FEIN and Re-type FEIN do not match' is present on page  using regular expression

2024-10-17 14:12:02 - [MESSAGE][PASSED] - Text 'The FEIN and Re-type FEIN do not match' is present on page  using regular expression

2024-10-17 14:12:02 - [TEST_STEP][PASSED] - if (verifyTextPresent("The FEIN and Re-type FEIN do not match", true)): null

2024-10-17 14:12:03 - [MESSAGE][PASSED] - Text 'The FEIN and Re-type FEIN do not match' is present on page  using regular expression

2024-10-17 14:12:03 - [TEST_STEP][PASSED] - println("Error Message is present on the page"): null

2024-10-17 14:12:03 - [TEST_STEP][PASSED] - out.println("Pass Record Number: " + row): null

2024-10-17 14:12:03 - [TEST_STEP][PASSED] - resText = "Pass": null

2024-10-17 14:12:03 - [TEST_STEP][PASSED] - pages.WriteExcel.demoKey(resText, datText, resColumn, datCloumn, fileLoc, nameSheet, row): pages.WriteExcel.demoKey is PASSED

2024-10-17 14:12:03 - [MESSAGE][PASSED] - pages.WriteExcel.demoKey is PASSED

2024-10-17 14:12:03 - [TEST_STEP][PASSED] - ExecuteTC = findTestData(dataFile).getValue("Execute", row): null

2024-10-17 14:12:03 - [TEST_STEP][PASSED] - Taxtype = findTestData(dataFile).getValue("TaxType", row): null

2024-10-17 14:12:03 - [TEST_STEP][PASSED] - Paymenttype = findTestData(dataFile).getValue("PaymentType", row): null

2024-10-17 14:12:03 - [TEST_STEP][PASSED] - out.println("Value of Execute is : " + ExecuteTC): null

2024-10-17 14:12:03 - [TEST_STEP][PASSED] - if (ExecuteTC.equalsIgnoreCase("Y")): null

2024-10-17 14:12:03 - [TEST_STEP][PASSED] - out.println("Begin Record Number: " + row): null

2024-10-17 14:12:03 - [TEST_STEP][PASSED] - today = new java.util.Date(): null

2024-10-17 14:12:03 - [TEST_STEP][PASSED] - println(today): null

2024-10-17 14:12:03 - [TEST_STEP][PASSED] - datText = today: null

2024-10-17 14:12:03 - [TEST_STEP][PASSED] - Taxtype = findTestData(dataFile).getValue("TaxType", row): null

2024-10-17 14:12:03 - [TEST_STEP][PASSED] - out.println("Taxtype value is : " + Taxtype): null

2024-10-17 14:12:03 - [TEST_STEP][PASSED] - openBrowser(""): Browser is opened with url: ''

2024-10-17 14:12:03 - [MESSAGE][WARNING] - A browser is already opened. Closing browser and opening a new one

2024-10-17 14:12:05 - [MESSAGE][INFO] - Starting 'Chrome' driver

2024-10-17 14:12:05 - [MESSAGE][INFO] - User set preference: ['acceptInsecureCerts', 'true']

2024-10-17 14:12:05 - [MESSAGE][INFO] - Action delay is set to 0 milliseconds

2024-10-17 14:12:07 - [MESSAGE][PASSED] - Browser is opened with url: ''

2024-10-17 14:12:07 - [TEST_STEP][PASSED] - maximizeWindow(): Current window maximized

2024-10-17 14:12:07 - [MESSAGE][PASSED] - Current window maximized

2024-10-17 14:12:07 - [TEST_STEP][PASSED] - navigateToUrl(RADurl): Navigate to 'https://demo.velocitypayment.com/client/rad/index.html' successfully

2024-10-17 14:12:09 - [MESSAGE][PASSED] - Navigate to 'https://demo.velocitypayment.com/client/rad/index.html' successfully

2024-10-17 14:12:09 - [TEST_STEP][PASSED] - orPath_Landing = "Object Repository/RAD_Pages/Landing_Page": null

2024-10-17 14:12:09 - [TEST_STEP][PASSED] - orPath_TaxTypeFilingYear = "Object Repository/RAD_Pages/TaxTypeFilingYear_Page": null

2024-10-17 14:12:09 - [TEST_STEP][PASSED] - orPath_TaxPayer = "Object Repository/RAD_Pages/Taxpayer_Page": null

2024-10-17 14:12:09 - [TEST_STEP][PASSED] - orPath_AddressContact = "Object Repository/RAD_Pages/AddressAndContactInfo_Page": null

2024-10-17 14:12:09 - [TEST_STEP][PASSED] - orPath_FilingStatus = "Object Repository/RAD_Pages/FilingStatus_Page": null

2024-10-17 14:12:09 - [TEST_STEP][PASSED] - orPath_Amount = "Object Repository/RAD_Pages/PaymentAmount_Page": null

2024-10-17 14:12:09 - [TEST_STEP][PASSED] - orPath_TaxInfo = "Object Repository/RAD_Pages/TaxInfo_Page": null

2024-10-17 14:12:09 - [TEST_STEP][PASSED] - orPath_Withholding = "Object Repository/RAD_Pages/Withholding_Page": null

2024-10-17 14:12:09 - [TEST_STEP][PASSED] - orPath_Summary = "Object Repository/RAD_Pages/Summary_Page": null

2024-10-17 14:12:09 - [TEST_STEP][PASSED] - orPath_PaymentReady = "Object Repository/RAD_Pages/PaymentReady_Page": null

2024-10-17 14:12:09 - [TEST_STEP][PASSED] - orPath_PaymentEntry = "Object Repository/RAD_Pages/PaymentEntry_Page": null

2024-10-17 14:12:09 - [TEST_STEP][PASSED] - orPath_PaymentConfirmation = "Object Repository/RAD_Pages/PaymentConfirmation_Page": null

2024-10-17 14:12:09 - [TEST_STEP][PASSED] - orPath_ServiceFeesAccept = "Object Repository/RAD_Pages/ServiceFeeAccept_Page": null

2024-10-17 14:12:09 - [TEST_STEP][PASSED] - selectOptionByLabel(findTestObject(orPath_Landing + "/dd_TaxType"), Paymenttype, false): All options with label 'Existing Liability with Notice/Invoice Number' are selected in object 'Object Repository/RAD_Pages/Landing_Page/dd_TaxType' 

2024-10-17 14:12:10 - [MESSAGE][PASSED] - All options with label 'Existing Liability with Notice/Invoice Number' are selected in object 'Object Repository/RAD_Pages/Landing_Page/dd_TaxType' 

2024-10-17 14:12:10 - [TEST_STEP][PASSED] - delay(1): Delayed 1 second(s)

2024-10-17 14:12:11 - [MESSAGE][PASSED] - Delayed 1 second(s)

2024-10-17 14:12:11 - [TEST_STEP][PASSED] - switch (Paymenttype): null

2024-10-17 14:12:11 - [TEST_STEP][PASSED] - case "Existing Liability with Notice/Invoice Number":: null

2024-10-17 14:12:11 - [TEST_STEP][PASSED] - selectOptionByLabel(findTestObject(orPath_TaxTypeFilingYear + "/select_TaxType_ExistingLiability"), Taxtype, false): All options with label 'Sales & Use Tax' are selected in object 'Object Repository/RAD_Pages/TaxTypeFilingYear_Page/select_TaxType_ExistingLiability' 

2024-10-17 14:12:12 - [MESSAGE][PASSED] - All options with label 'Sales & Use Tax' are selected in object 'Object Repository/RAD_Pages/TaxTypeFilingYear_Page/select_TaxType_ExistingLiability' 

2024-10-17 14:12:12 - [TEST_STEP][PASSED] - break: null

2024-10-17 14:12:12 - [TEST_STEP][PASSED] - delay(1): Delayed 1 second(s)

2024-10-17 14:12:13 - [MESSAGE][PASSED] - Delayed 1 second(s)

2024-10-17 14:12:13 - [TEST_STEP][PASSED] - scrollToElement(findTestObject(orPath_Amount + "/input__paymentAmount"), 2, CONTINUE_ON_FAILURE): Scroll to object 'Object Repository/RAD_Pages/PaymentAmount_Page/input__paymentAmount' successfully

2024-10-17 14:12:13 - [MESSAGE][PASSED] - Scroll to object 'Object Repository/RAD_Pages/PaymentAmount_Page/input__paymentAmount' successfully

2024-10-17 14:12:13 - [TEST_STEP][PASSED] - switch (Paymenttype): null

2024-10-17 14:12:13 - [TEST_STEP][PASSED] - case "Existing Liability with Notice/Invoice Number":: null

2024-10-17 14:12:13 - [TEST_STEP][PASSED] - setEncryptedText(findTestObject("Object Repository/RAD_RecordAndPlay/input_Existing_FEIN"), "RigbBhfdqODKcAsiUrg+1Q=="): Text ****** has been set on object 'Object Repository/RAD_RecordAndPlay/input_Existing_FEIN'

2024-10-17 14:12:14 - [MESSAGE][PASSED] - Text ****** has been set on object 'Object Repository/RAD_RecordAndPlay/input_Existing_FEIN'

2024-10-17 14:12:14 - [TEST_STEP][PASSED] - setEncryptedText(findTestObject("Object Repository/RAD_RecordAndPlay/input_Existing_RetypeFEIN"), "RigbBhfdqOBBGbZqm4oFJQ=="): Text ****** has been set on object 'Object Repository/RAD_RecordAndPlay/input_Existing_RetypeFEIN'

2024-10-17 14:12:14 - [MESSAGE][PASSED] - Text ****** has been set on object 'Object Repository/RAD_RecordAndPlay/input_Existing_RetypeFEIN'

2024-10-17 14:12:14 - [TEST_STEP][PASSED] - break: null

2024-10-17 14:12:14 - [TEST_STEP][PASSED] - setText(findTestObject(orPath_Amount + "/input__paymentAmount"), ""): Text '' is set on object 'Object Repository/RAD_Pages/PaymentAmount_Page/input__paymentAmount'

2024-10-17 14:12:15 - [MESSAGE][PASSED] - Text '' is set on object 'Object Repository/RAD_Pages/PaymentAmount_Page/input__paymentAmount'

2024-10-17 14:12:15 - [TEST_STEP][PASSED] - verifyTextPresent("The FEIN and Re-type FEIN do not match", true): Text 'The FEIN and Re-type FEIN do not match' is present on page  using regular expression

2024-10-17 14:12:16 - [MESSAGE][PASSED] - Text 'The FEIN and Re-type FEIN do not match' is present on page  using regular expression

2024-10-17 14:12:16 - [TEST_STEP][PASSED] - if (verifyTextPresent("The FEIN and Re-type FEIN do not match", true)): null

2024-10-17 14:12:16 - [MESSAGE][PASSED] - Text 'The FEIN and Re-type FEIN do not match' is present on page  using regular expression

2024-10-17 14:12:16 - [TEST_STEP][PASSED] - println("Error Message is present on the page"): null

2024-10-17 14:12:16 - [TEST_STEP][PASSED] - out.println("Pass Record Number: " + row): null

2024-10-17 14:12:16 - [TEST_STEP][PASSED] - resText = "Pass": null

2024-10-17 14:12:16 - [TEST_STEP][PASSED] - pages.WriteExcel.demoKey(resText, datText, resColumn, datCloumn, fileLoc, nameSheet, row): pages.WriteExcel.demoKey is PASSED

2024-10-17 14:12:16 - [MESSAGE][PASSED] - pages.WriteExcel.demoKey is PASSED

2024-10-17 14:12:16 - [TEST_STEP][PASSED] - ExecuteTC = findTestData(dataFile).getValue("Execute", row): null

2024-10-17 14:12:16 - [TEST_STEP][PASSED] - Taxtype = findTestData(dataFile).getValue("TaxType", row): null

2024-10-17 14:12:16 - [TEST_STEP][PASSED] - Paymenttype = findTestData(dataFile).getValue("PaymentType", row): null

2024-10-17 14:12:16 - [TEST_STEP][PASSED] - out.println("Value of Execute is : " + ExecuteTC): null

2024-10-17 14:12:16 - [TEST_STEP][PASSED] - if (ExecuteTC.equalsIgnoreCase("Y")): null

2024-10-17 14:12:16 - [TEST_STEP][PASSED] - out.println("Begin Record Number: " + row): null

2024-10-17 14:12:16 - [TEST_STEP][PASSED] - today = new java.util.Date(): null

2024-10-17 14:12:16 - [TEST_STEP][PASSED] - println(today): null

2024-10-17 14:12:16 - [TEST_STEP][PASSED] - datText = today: null

2024-10-17 14:12:16 - [TEST_STEP][PASSED] - Taxtype = findTestData(dataFile).getValue("TaxType", row): null

2024-10-17 14:12:16 - [TEST_STEP][PASSED] - out.println("Taxtype value is : " + Taxtype): null

2024-10-17 14:12:16 - [TEST_STEP][PASSED] - openBrowser(""): Browser is opened with url: ''

2024-10-17 14:12:16 - [MESSAGE][WARNING] - A browser is already opened. Closing browser and opening a new one

2024-10-17 14:12:18 - [MESSAGE][INFO] - Starting 'Chrome' driver

2024-10-17 14:12:18 - [MESSAGE][INFO] - User set preference: ['acceptInsecureCerts', 'true']

2024-10-17 14:12:18 - [MESSAGE][INFO] - Action delay is set to 0 milliseconds

2024-10-17 14:12:20 - [MESSAGE][PASSED] - Browser is opened with url: ''

2024-10-17 14:12:20 - [TEST_STEP][PASSED] - maximizeWindow(): Current window maximized

2024-10-17 14:12:20 - [MESSAGE][PASSED] - Current window maximized

2024-10-17 14:12:20 - [TEST_STEP][PASSED] - navigateToUrl(RADurl): Navigate to 'https://demo.velocitypayment.com/client/rad/index.html' successfully

2024-10-17 14:12:20 - [MESSAGE][PASSED] - Navigate to 'https://demo.velocitypayment.com/client/rad/index.html' successfully

2024-10-17 14:12:20 - [TEST_STEP][PASSED] - orPath_Landing = "Object Repository/RAD_Pages/Landing_Page": null

2024-10-17 14:12:20 - [TEST_STEP][PASSED] - orPath_TaxTypeFilingYear = "Object Repository/RAD_Pages/TaxTypeFilingYear_Page": null

2024-10-17 14:12:20 - [TEST_STEP][PASSED] - orPath_TaxPayer = "Object Repository/RAD_Pages/Taxpayer_Page": null

2024-10-17 14:12:20 - [TEST_STEP][PASSED] - orPath_AddressContact = "Object Repository/RAD_Pages/AddressAndContactInfo_Page": null

2024-10-17 14:12:20 - [TEST_STEP][PASSED] - orPath_FilingStatus = "Object Repository/RAD_Pages/FilingStatus_Page": null

2024-10-17 14:12:20 - [TEST_STEP][PASSED] - orPath_Amount = "Object Repository/RAD_Pages/PaymentAmount_Page": null

2024-10-17 14:12:20 - [TEST_STEP][PASSED] - orPath_TaxInfo = "Object Repository/RAD_Pages/TaxInfo_Page": null

2024-10-17 14:12:20 - [TEST_STEP][PASSED] - orPath_Withholding = "Object Repository/RAD_Pages/Withholding_Page": null

2024-10-17 14:12:20 - [TEST_STEP][PASSED] - orPath_Summary = "Object Repository/RAD_Pages/Summary_Page": null

2024-10-17 14:12:20 - [TEST_STEP][PASSED] - orPath_PaymentReady = "Object Repository/RAD_Pages/PaymentReady_Page": null

2024-10-17 14:12:20 - [TEST_STEP][PASSED] - orPath_PaymentEntry = "Object Repository/RAD_Pages/PaymentEntry_Page": null

2024-10-17 14:12:20 - [TEST_STEP][PASSED] - orPath_PaymentConfirmation = "Object Repository/RAD_Pages/PaymentConfirmation_Page": null

2024-10-17 14:12:20 - [TEST_STEP][PASSED] - orPath_ServiceFeesAccept = "Object Repository/RAD_Pages/ServiceFeeAccept_Page": null

2024-10-17 14:12:20 - [TEST_STEP][PASSED] - selectOptionByLabel(findTestObject(orPath_Landing + "/dd_TaxType"), Paymenttype, false): All options with label 'Existing Liability with Notice/Invoice Number' are selected in object 'Object Repository/RAD_Pages/Landing_Page/dd_TaxType' 

2024-10-17 14:12:23 - [MESSAGE][PASSED] - All options with label 'Existing Liability with Notice/Invoice Number' are selected in object 'Object Repository/RAD_Pages/Landing_Page/dd_TaxType' 

2024-10-17 14:12:23 - [TEST_STEP][PASSED] - delay(1): Delayed 1 second(s)

2024-10-17 14:12:24 - [MESSAGE][PASSED] - Delayed 1 second(s)

2024-10-17 14:12:24 - [TEST_STEP][PASSED] - switch (Paymenttype): null

2024-10-17 14:12:24 - [TEST_STEP][PASSED] - case "Existing Liability with Notice/Invoice Number":: null

2024-10-17 14:12:24 - [TEST_STEP][PASSED] - selectOptionByLabel(findTestObject(orPath_TaxTypeFilingYear + "/select_TaxType_ExistingLiability"), Taxtype, false): All options with label 'Tire Recycling Fee' are selected in object 'Object Repository/RAD_Pages/TaxTypeFilingYear_Page/select_TaxType_ExistingLiability' 

2024-10-17 14:12:25 - [MESSAGE][PASSED] - All options with label 'Tire Recycling Fee' are selected in object 'Object Repository/RAD_Pages/TaxTypeFilingYear_Page/select_TaxType_ExistingLiability' 

2024-10-17 14:12:25 - [TEST_STEP][PASSED] - break: null

2024-10-17 14:12:25 - [TEST_STEP][PASSED] - delay(1): Delayed 1 second(s)

2024-10-17 14:12:26 - [MESSAGE][PASSED] - Delayed 1 second(s)

2024-10-17 14:12:26 - [TEST_STEP][PASSED] - scrollToElement(findTestObject(orPath_Amount + "/input__paymentAmount"), 2, CONTINUE_ON_FAILURE): Scroll to object 'Object Repository/RAD_Pages/PaymentAmount_Page/input__paymentAmount' successfully

2024-10-17 14:12:26 - [MESSAGE][PASSED] - Scroll to object 'Object Repository/RAD_Pages/PaymentAmount_Page/input__paymentAmount' successfully

2024-10-17 14:12:26 - [TEST_STEP][PASSED] - switch (Paymenttype): null

2024-10-17 14:12:26 - [TEST_STEP][PASSED] - case "Existing Liability with Notice/Invoice Number":: null

2024-10-17 14:12:26 - [TEST_STEP][PASSED] - setEncryptedText(findTestObject("Object Repository/RAD_RecordAndPlay/input_Existing_FEIN"), "RigbBhfdqODKcAsiUrg+1Q=="): Text ****** has been set on object 'Object Repository/RAD_RecordAndPlay/input_Existing_FEIN'

2024-10-17 14:12:27 - [MESSAGE][PASSED] - Text ****** has been set on object 'Object Repository/RAD_RecordAndPlay/input_Existing_FEIN'

2024-10-17 14:12:27 - [TEST_STEP][PASSED] - setEncryptedText(findTestObject("Object Repository/RAD_RecordAndPlay/input_Existing_RetypeFEIN"), "RigbBhfdqOBBGbZqm4oFJQ=="): Text ****** has been set on object 'Object Repository/RAD_RecordAndPlay/input_Existing_RetypeFEIN'

2024-10-17 14:12:27 - [MESSAGE][PASSED] - Text ****** has been set on object 'Object Repository/RAD_RecordAndPlay/input_Existing_RetypeFEIN'

2024-10-17 14:12:27 - [TEST_STEP][PASSED] - break: null

2024-10-17 14:12:27 - [TEST_STEP][PASSED] - setText(findTestObject(orPath_Amount + "/input__paymentAmount"), ""): Text '' is set on object 'Object Repository/RAD_Pages/PaymentAmount_Page/input__paymentAmount'

2024-10-17 14:12:28 - [MESSAGE][PASSED] - Text '' is set on object 'Object Repository/RAD_Pages/PaymentAmount_Page/input__paymentAmount'

2024-10-17 14:12:28 - [TEST_STEP][PASSED] - verifyTextPresent("The FEIN and Re-type FEIN do not match", true): Text 'The FEIN and Re-type FEIN do not match' is present on page  using regular expression

2024-10-17 14:12:29 - [MESSAGE][PASSED] - Text 'The FEIN and Re-type FEIN do not match' is present on page  using regular expression

2024-10-17 14:12:29 - [TEST_STEP][PASSED] - if (verifyTextPresent("The FEIN and Re-type FEIN do not match", true)): null

2024-10-17 14:12:29 - [MESSAGE][PASSED] - Text 'The FEIN and Re-type FEIN do not match' is present on page  using regular expression

2024-10-17 14:12:29 - [TEST_STEP][PASSED] - println("Error Message is present on the page"): null

2024-10-17 14:12:29 - [TEST_STEP][PASSED] - out.println("Pass Record Number: " + row): null

2024-10-17 14:12:29 - [TEST_STEP][PASSED] - resText = "Pass": null

2024-10-17 14:12:29 - [TEST_STEP][PASSED] - pages.WriteExcel.demoKey(resText, datText, resColumn, datCloumn, fileLoc, nameSheet, row): pages.WriteExcel.demoKey is PASSED

2024-10-17 14:12:29 - [MESSAGE][PASSED] - pages.WriteExcel.demoKey is PASSED

2024-10-17 14:12:29 - [TEST_STEP][PASSED] - ExecuteTC = findTestData(dataFile).getValue("Execute", row): null

2024-10-17 14:12:29 - [TEST_STEP][PASSED] - Taxtype = findTestData(dataFile).getValue("TaxType", row): null

2024-10-17 14:12:29 - [TEST_STEP][PASSED] - Paymenttype = findTestData(dataFile).getValue("PaymentType", row): null

2024-10-17 14:12:30 - [TEST_STEP][PASSED] - out.println("Value of Execute is : " + ExecuteTC): null

2024-10-17 14:12:30 - [TEST_STEP][PASSED] - if (ExecuteTC.equalsIgnoreCase("Y")): null

2024-10-17 14:12:30 - [TEST_STEP][PASSED] - out.println("Begin Record Number: " + row): null

2024-10-17 14:12:30 - [TEST_STEP][PASSED] - today = new java.util.Date(): null

2024-10-17 14:12:30 - [TEST_STEP][PASSED] - println(today): null

2024-10-17 14:12:30 - [TEST_STEP][PASSED] - datText = today: null

2024-10-17 14:12:30 - [TEST_STEP][PASSED] - Taxtype = findTestData(dataFile).getValue("TaxType", row): null

2024-10-17 14:12:30 - [TEST_STEP][PASSED] - out.println("Taxtype value is : " + Taxtype): null

2024-10-17 14:12:30 - [TEST_STEP][PASSED] - openBrowser(""): Browser is opened with url: ''

2024-10-17 14:12:30 - [MESSAGE][WARNING] - A browser is already opened. Closing browser and opening a new one

2024-10-17 14:12:31 - [MESSAGE][INFO] - Starting 'Chrome' driver

2024-10-17 14:12:31 - [MESSAGE][INFO] - User set preference: ['acceptInsecureCerts', 'true']

2024-10-17 14:12:31 - [MESSAGE][INFO] - Action delay is set to 0 milliseconds

2024-10-17 14:12:33 - [MESSAGE][PASSED] - Browser is opened with url: ''

2024-10-17 14:12:33 - [TEST_STEP][PASSED] - maximizeWindow(): Current window maximized

2024-10-17 14:12:33 - [MESSAGE][PASSED] - Current window maximized

2024-10-17 14:12:33 - [TEST_STEP][PASSED] - navigateToUrl(RADurl): Navigate to 'https://demo.velocitypayment.com/client/rad/index.html' successfully

2024-10-17 14:12:35 - [MESSAGE][PASSED] - Navigate to 'https://demo.velocitypayment.com/client/rad/index.html' successfully

2024-10-17 14:12:35 - [TEST_STEP][PASSED] - orPath_Landing = "Object Repository/RAD_Pages/Landing_Page": null

2024-10-17 14:12:35 - [TEST_STEP][PASSED] - orPath_TaxTypeFilingYear = "Object Repository/RAD_Pages/TaxTypeFilingYear_Page": null

2024-10-17 14:12:35 - [TEST_STEP][PASSED] - orPath_TaxPayer = "Object Repository/RAD_Pages/Taxpayer_Page": null

2024-10-17 14:12:35 - [TEST_STEP][PASSED] - orPath_AddressContact = "Object Repository/RAD_Pages/AddressAndContactInfo_Page": null

2024-10-17 14:12:35 - [TEST_STEP][PASSED] - orPath_FilingStatus = "Object Repository/RAD_Pages/FilingStatus_Page": null

2024-10-17 14:12:35 - [TEST_STEP][PASSED] - orPath_Amount = "Object Repository/RAD_Pages/PaymentAmount_Page": null

2024-10-17 14:12:35 - [TEST_STEP][PASSED] - orPath_TaxInfo = "Object Repository/RAD_Pages/TaxInfo_Page": null

2024-10-17 14:12:35 - [TEST_STEP][PASSED] - orPath_Withholding = "Object Repository/RAD_Pages/Withholding_Page": null

2024-10-17 14:12:35 - [TEST_STEP][PASSED] - orPath_Summary = "Object Repository/RAD_Pages/Summary_Page": null

2024-10-17 14:12:35 - [TEST_STEP][PASSED] - orPath_PaymentReady = "Object Repository/RAD_Pages/PaymentReady_Page": null

2024-10-17 14:12:35 - [TEST_STEP][PASSED] - orPath_PaymentEntry = "Object Repository/RAD_Pages/PaymentEntry_Page": null

2024-10-17 14:12:35 - [TEST_STEP][PASSED] - orPath_PaymentConfirmation = "Object Repository/RAD_Pages/PaymentConfirmation_Page": null

2024-10-17 14:12:35 - [TEST_STEP][PASSED] - orPath_ServiceFeesAccept = "Object Repository/RAD_Pages/ServiceFeeAccept_Page": null

2024-10-17 14:12:35 - [TEST_STEP][PASSED] - selectOptionByLabel(findTestObject(orPath_Landing + "/dd_TaxType"), Paymenttype, false): All options with label 'Existing Liability with Notice/Invoice Number' are selected in object 'Object Repository/RAD_Pages/Landing_Page/dd_TaxType' 

2024-10-17 14:12:35 - [MESSAGE][PASSED] - All options with label 'Existing Liability with Notice/Invoice Number' are selected in object 'Object Repository/RAD_Pages/Landing_Page/dd_TaxType' 

2024-10-17 14:12:35 - [TEST_STEP][PASSED] - delay(1): Delayed 1 second(s)

2024-10-17 14:12:36 - [MESSAGE][PASSED] - Delayed 1 second(s)

2024-10-17 14:12:36 - [TEST_STEP][PASSED] - switch (Paymenttype): null

2024-10-17 14:12:36 - [TEST_STEP][PASSED] - case "Existing Liability with Notice/Invoice Number":: null

2024-10-17 14:12:36 - [TEST_STEP][PASSED] - selectOptionByLabel(findTestObject(orPath_TaxTypeFilingYear + "/select_TaxType_ExistingLiability"), Taxtype, false): All options with label 'Withholding Tax' are selected in object 'Object Repository/RAD_Pages/TaxTypeFilingYear_Page/select_TaxType_ExistingLiability' 

2024-10-17 14:12:37 - [MESSAGE][PASSED] - All options with label 'Withholding Tax' are selected in object 'Object Repository/RAD_Pages/TaxTypeFilingYear_Page/select_TaxType_ExistingLiability' 

2024-10-17 14:12:37 - [TEST_STEP][PASSED] - break: null

2024-10-17 14:12:37 - [TEST_STEP][PASSED] - delay(1): Delayed 1 second(s)

2024-10-17 14:12:38 - [MESSAGE][PASSED] - Delayed 1 second(s)

2024-10-17 14:12:38 - [TEST_STEP][PASSED] - scrollToElement(findTestObject(orPath_Amount + "/input__paymentAmount"), 2, CONTINUE_ON_FAILURE): Scroll to object 'Object Repository/RAD_Pages/PaymentAmount_Page/input__paymentAmount' successfully

2024-10-17 14:12:38 - [MESSAGE][PASSED] - Scroll to object 'Object Repository/RAD_Pages/PaymentAmount_Page/input__paymentAmount' successfully

2024-10-17 14:12:38 - [TEST_STEP][PASSED] - switch (Paymenttype): null

2024-10-17 14:12:38 - [TEST_STEP][PASSED] - case "Existing Liability with Notice/Invoice Number":: null

2024-10-17 14:12:38 - [TEST_STEP][PASSED] - setEncryptedText(findTestObject("Object Repository/RAD_RecordAndPlay/input_Existing_FEIN"), "RigbBhfdqODKcAsiUrg+1Q=="): Text ****** has been set on object 'Object Repository/RAD_RecordAndPlay/input_Existing_FEIN'

2024-10-17 14:12:39 - [MESSAGE][PASSED] - Text ****** has been set on object 'Object Repository/RAD_RecordAndPlay/input_Existing_FEIN'

2024-10-17 14:12:39 - [TEST_STEP][PASSED] - setEncryptedText(findTestObject("Object Repository/RAD_RecordAndPlay/input_Existing_RetypeFEIN"), "RigbBhfdqOBBGbZqm4oFJQ=="): Text ****** has been set on object 'Object Repository/RAD_RecordAndPlay/input_Existing_RetypeFEIN'

2024-10-17 14:12:40 - [MESSAGE][PASSED] - Text ****** has been set on object 'Object Repository/RAD_RecordAndPlay/input_Existing_RetypeFEIN'

2024-10-17 14:12:40 - [TEST_STEP][PASSED] - break: null

2024-10-17 14:12:40 - [TEST_STEP][PASSED] - setText(findTestObject(orPath_Amount + "/input__paymentAmount"), ""): Text '' is set on object 'Object Repository/RAD_Pages/PaymentAmount_Page/input__paymentAmount'

2024-10-17 14:12:40 - [MESSAGE][PASSED] - Text '' is set on object 'Object Repository/RAD_Pages/PaymentAmount_Page/input__paymentAmount'

2024-10-17 14:12:40 - [TEST_STEP][PASSED] - verifyTextPresent("The FEIN and Re-type FEIN do not match", true): Text 'The FEIN and Re-type FEIN do not match' is present on page  using regular expression

2024-10-17 14:12:41 - [MESSAGE][PASSED] - Text 'The FEIN and Re-type FEIN do not match' is present on page  using regular expression

2024-10-17 14:12:41 - [TEST_STEP][PASSED] - if (verifyTextPresent("The FEIN and Re-type FEIN do not match", true)): null

2024-10-17 14:12:41 - [MESSAGE][PASSED] - Text 'The FEIN and Re-type FEIN do not match' is present on page  using regular expression

2024-10-17 14:12:41 - [TEST_STEP][PASSED] - println("Error Message is present on the page"): null

2024-10-17 14:12:41 - [TEST_STEP][PASSED] - out.println("Pass Record Number: " + row): null

2024-10-17 14:12:41 - [TEST_STEP][PASSED] - resText = "Pass": null

2024-10-17 14:12:41 - [TEST_STEP][PASSED] - pages.WriteExcel.demoKey(resText, datText, resColumn, datCloumn, fileLoc, nameSheet, row): pages.WriteExcel.demoKey is PASSED

2024-10-17 14:12:41 - [MESSAGE][PASSED] - pages.WriteExcel.demoKey is PASSED

2024-10-17 14:12:41 - [TEST_STEP][PASSED] - ExecuteTC = findTestData(dataFile).getValue("Execute", row): null

2024-10-17 14:12:41 - [TEST_STEP][PASSED] - Taxtype = findTestData(dataFile).getValue("TaxType", row): null

2024-10-17 14:12:42 - [TEST_STEP][PASSED] - Paymenttype = findTestData(dataFile).getValue("PaymentType", row): null

2024-10-17 14:12:42 - [TEST_STEP][PASSED] - out.println("Value of Execute is : " + ExecuteTC): null

2024-10-17 14:12:42 - [TEST_STEP][PASSED] - if (ExecuteTC.equalsIgnoreCase("Y")): null

2024-10-17 14:12:42 - [TEST_STEP][PASSED] - out.println("Begin Record Number: " + row): null

2024-10-17 14:12:42 - [TEST_STEP][PASSED] - today = new java.util.Date(): null

2024-10-17 14:12:42 - [TEST_STEP][PASSED] - println(today): null

2024-10-17 14:12:42 - [TEST_STEP][PASSED] - datText = today: null

2024-10-17 14:12:42 - [TEST_STEP][PASSED] - Taxtype = findTestData(dataFile).getValue("TaxType", row): null

2024-10-17 14:12:42 - [TEST_STEP][PASSED] - out.println("Taxtype value is : " + Taxtype): null

2024-10-17 14:12:42 - [TEST_STEP][PASSED] - openBrowser(""): Browser is opened with url: ''

2024-10-17 14:12:42 - [MESSAGE][WARNING] - A browser is already opened. Closing browser and opening a new one

2024-10-17 14:12:43 - [MESSAGE][INFO] - Starting 'Chrome' driver

2024-10-17 14:12:43 - [MESSAGE][INFO] - User set preference: ['acceptInsecureCerts', 'true']

2024-10-17 14:12:43 - [MESSAGE][INFO] - Action delay is set to 0 milliseconds

2024-10-17 14:12:45 - [MESSAGE][PASSED] - Browser is opened with url: ''

2024-10-17 14:12:45 - [TEST_STEP][PASSED] - maximizeWindow(): Current window maximized

2024-10-17 14:12:45 - [MESSAGE][PASSED] - Current window maximized

2024-10-17 14:12:45 - [TEST_STEP][PASSED] - navigateToUrl(RADurl): Navigate to 'https://demo.velocitypayment.com/client/rad/index.html' successfully

2024-10-17 14:12:47 - [MESSAGE][PASSED] - Navigate to 'https://demo.velocitypayment.com/client/rad/index.html' successfully

2024-10-17 14:12:47 - [TEST_STEP][PASSED] - orPath_Landing = "Object Repository/RAD_Pages/Landing_Page": null

2024-10-17 14:12:47 - [TEST_STEP][PASSED] - orPath_TaxTypeFilingYear = "Object Repository/RAD_Pages/TaxTypeFilingYear_Page": null

2024-10-17 14:12:47 - [TEST_STEP][PASSED] - orPath_TaxPayer = "Object Repository/RAD_Pages/Taxpayer_Page": null

2024-10-17 14:12:47 - [TEST_STEP][PASSED] - orPath_AddressContact = "Object Repository/RAD_Pages/AddressAndContactInfo_Page": null

2024-10-17 14:12:47 - [TEST_STEP][PASSED] - orPath_FilingStatus = "Object Repository/RAD_Pages/FilingStatus_Page": null

2024-10-17 14:12:47 - [TEST_STEP][PASSED] - orPath_Amount = "Object Repository/RAD_Pages/PaymentAmount_Page": null

2024-10-17 14:12:47 - [TEST_STEP][PASSED] - orPath_TaxInfo = "Object Repository/RAD_Pages/TaxInfo_Page": null

2024-10-17 14:12:47 - [TEST_STEP][PASSED] - orPath_Withholding = "Object Repository/RAD_Pages/Withholding_Page": null

2024-10-17 14:12:47 - [TEST_STEP][PASSED] - orPath_Summary = "Object Repository/RAD_Pages/Summary_Page": null

2024-10-17 14:12:47 - [TEST_STEP][PASSED] - orPath_PaymentReady = "Object Repository/RAD_Pages/PaymentReady_Page": null

2024-10-17 14:12:47 - [TEST_STEP][PASSED] - orPath_PaymentEntry = "Object Repository/RAD_Pages/PaymentEntry_Page": null

2024-10-17 14:12:47 - [TEST_STEP][PASSED] - orPath_PaymentConfirmation = "Object Repository/RAD_Pages/PaymentConfirmation_Page": null

2024-10-17 14:12:47 - [TEST_STEP][PASSED] - orPath_ServiceFeesAccept = "Object Repository/RAD_Pages/ServiceFeeAccept_Page": null

2024-10-17 14:12:47 - [TEST_STEP][PASSED] - selectOptionByLabel(findTestObject(orPath_Landing + "/dd_TaxType"), Paymenttype, false): All options with label 'Existing Liability with Notice/Invoice Number' are selected in object 'Object Repository/RAD_Pages/Landing_Page/dd_TaxType' 

2024-10-17 14:12:47 - [MESSAGE][PASSED] - All options with label 'Existing Liability with Notice/Invoice Number' are selected in object 'Object Repository/RAD_Pages/Landing_Page/dd_TaxType' 

2024-10-17 14:12:47 - [TEST_STEP][PASSED] - delay(1): Delayed 1 second(s)

2024-10-17 14:12:48 - [MESSAGE][PASSED] - Delayed 1 second(s)

2024-10-17 14:12:48 - [TEST_STEP][PASSED] - switch (Paymenttype): null

2024-10-17 14:12:48 - [TEST_STEP][PASSED] - case "Existing Liability with Notice/Invoice Number":: null

2024-10-17 14:12:48 - [TEST_STEP][PASSED] - selectOptionByLabel(findTestObject(orPath_TaxTypeFilingYear + "/select_TaxType_ExistingLiability"), Taxtype, false): All options with label 'Alcohol Tax' are selected in object 'Object Repository/RAD_Pages/TaxTypeFilingYear_Page/select_TaxType_ExistingLiability' 

2024-10-17 14:12:49 - [MESSAGE][PASSED] - All options with label 'Alcohol Tax' are selected in object 'Object Repository/RAD_Pages/TaxTypeFilingYear_Page/select_TaxType_ExistingLiability' 

2024-10-17 14:12:49 - [TEST_STEP][PASSED] - break: null

2024-10-17 14:12:49 - [TEST_STEP][PASSED] - delay(1): Delayed 1 second(s)

2024-10-17 14:12:50 - [MESSAGE][PASSED] - Delayed 1 second(s)

2024-10-17 14:12:50 - [TEST_STEP][PASSED] - scrollToElement(findTestObject(orPath_Amount + "/input__paymentAmount"), 2, CONTINUE_ON_FAILURE): Scroll to object 'Object Repository/RAD_Pages/PaymentAmount_Page/input__paymentAmount' successfully

2024-10-17 14:12:50 - [MESSAGE][PASSED] - Scroll to object 'Object Repository/RAD_Pages/PaymentAmount_Page/input__paymentAmount' successfully

2024-10-17 14:12:50 - [TEST_STEP][PASSED] - switch (Paymenttype): null

2024-10-17 14:12:50 - [TEST_STEP][PASSED] - case "Existing Liability with Notice/Invoice Number":: null

2024-10-17 14:12:50 - [TEST_STEP][PASSED] - setEncryptedText(findTestObject("Object Repository/RAD_RecordAndPlay/input_Existing_FEIN"), "RigbBhfdqODKcAsiUrg+1Q=="): Text ****** has been set on object 'Object Repository/RAD_RecordAndPlay/input_Existing_FEIN'

2024-10-17 14:12:51 - [MESSAGE][PASSED] - Text ****** has been set on object 'Object Repository/RAD_RecordAndPlay/input_Existing_FEIN'

2024-10-17 14:12:51 - [TEST_STEP][PASSED] - setEncryptedText(findTestObject("Object Repository/RAD_RecordAndPlay/input_Existing_RetypeFEIN"), "RigbBhfdqOBBGbZqm4oFJQ=="): Text ****** has been set on object 'Object Repository/RAD_RecordAndPlay/input_Existing_RetypeFEIN'

2024-10-17 14:12:51 - [MESSAGE][PASSED] - Text ****** has been set on object 'Object Repository/RAD_RecordAndPlay/input_Existing_RetypeFEIN'

2024-10-17 14:12:51 - [TEST_STEP][PASSED] - break: null

2024-10-17 14:12:51 - [TEST_STEP][PASSED] - setText(findTestObject(orPath_Amount + "/input__paymentAmount"), ""): Text '' is set on object 'Object Repository/RAD_Pages/PaymentAmount_Page/input__paymentAmount'

2024-10-17 14:12:52 - [MESSAGE][PASSED] - Text '' is set on object 'Object Repository/RAD_Pages/PaymentAmount_Page/input__paymentAmount'

2024-10-17 14:12:52 - [TEST_STEP][PASSED] - verifyTextPresent("The FEIN and Re-type FEIN do not match", true): Text 'The FEIN and Re-type FEIN do not match' is present on page  using regular expression

2024-10-17 14:12:53 - [MESSAGE][PASSED] - Text 'The FEIN and Re-type FEIN do not match' is present on page  using regular expression

2024-10-17 14:12:53 - [TEST_STEP][PASSED] - if (verifyTextPresent("The FEIN and Re-type FEIN do not match", true)): null

2024-10-17 14:12:53 - [MESSAGE][PASSED] - Text 'The FEIN and Re-type FEIN do not match' is present on page  using regular expression

2024-10-17 14:12:53 - [TEST_STEP][PASSED] - println("Error Message is present on the page"): null

2024-10-17 14:12:53 - [TEST_STEP][PASSED] - out.println("Pass Record Number: " + row): null

2024-10-17 14:12:53 - [TEST_STEP][PASSED] - resText = "Pass": null

2024-10-17 14:12:53 - [TEST_STEP][PASSED] - pages.WriteExcel.demoKey(resText, datText, resColumn, datCloumn, fileLoc, nameSheet, row): pages.WriteExcel.demoKey is PASSED

2024-10-17 14:12:53 - [MESSAGE][PASSED] - pages.WriteExcel.demoKey is PASSED

2024-10-17 14:12:53 - [TEST_STEP][PASSED] - ExecuteTC = findTestData(dataFile).getValue("Execute", row): null

2024-10-17 14:12:53 - [TEST_STEP][PASSED] - Taxtype = findTestData(dataFile).getValue("TaxType", row): null

2024-10-17 14:12:53 - [TEST_STEP][PASSED] - Paymenttype = findTestData(dataFile).getValue("PaymentType", row): null

2024-10-17 14:12:53 - [TEST_STEP][PASSED] - out.println("Value of Execute is : " + ExecuteTC): null

2024-10-17 14:12:53 - [TEST_STEP][PASSED] - if (ExecuteTC.equalsIgnoreCase("Y")): null

2024-10-17 14:12:53 - [TEST_STEP][PASSED] - out.println("Begin Record Number: " + row): null

2024-10-17 14:12:53 - [TEST_STEP][PASSED] - today = new java.util.Date(): null

2024-10-17 14:12:53 - [TEST_STEP][PASSED] - println(today): null

2024-10-17 14:12:53 - [TEST_STEP][PASSED] - datText = today: null

2024-10-17 14:12:53 - [TEST_STEP][PASSED] - Taxtype = findTestData(dataFile).getValue("TaxType", row): null

2024-10-17 14:12:53 - [TEST_STEP][PASSED] - out.println("Taxtype value is : " + Taxtype): null

2024-10-17 14:12:53 - [TEST_STEP][PASSED] - openBrowser(""): Browser is opened with url: ''

2024-10-17 14:12:53 - [MESSAGE][WARNING] - A browser is already opened. Closing browser and opening a new one

2024-10-17 14:12:55 - [MESSAGE][INFO] - Starting 'Chrome' driver

2024-10-17 14:12:55 - [MESSAGE][INFO] - User set preference: ['acceptInsecureCerts', 'true']

2024-10-17 14:12:55 - [MESSAGE][INFO] - Action delay is set to 0 milliseconds

2024-10-17 14:12:56 - [MESSAGE][PASSED] - Browser is opened with url: ''

2024-10-17 14:12:56 - [TEST_STEP][PASSED] - maximizeWindow(): Current window maximized

2024-10-17 14:12:56 - [MESSAGE][PASSED] - Current window maximized

2024-10-17 14:12:56 - [TEST_STEP][PASSED] - navigateToUrl(RADurl): Navigate to 'https://demo.velocitypayment.com/client/rad/index.html' successfully

2024-10-17 14:12:58 - [MESSAGE][PASSED] - Navigate to 'https://demo.velocitypayment.com/client/rad/index.html' successfully

2024-10-17 14:12:58 - [TEST_STEP][PASSED] - orPath_Landing = "Object Repository/RAD_Pages/Landing_Page": null

2024-10-17 14:12:58 - [TEST_STEP][PASSED] - orPath_TaxTypeFilingYear = "Object Repository/RAD_Pages/TaxTypeFilingYear_Page": null

2024-10-17 14:12:58 - [TEST_STEP][PASSED] - orPath_TaxPayer = "Object Repository/RAD_Pages/Taxpayer_Page": null

2024-10-17 14:12:58 - [TEST_STEP][PASSED] - orPath_AddressContact = "Object Repository/RAD_Pages/AddressAndContactInfo_Page": null

2024-10-17 14:12:58 - [TEST_STEP][PASSED] - orPath_FilingStatus = "Object Repository/RAD_Pages/FilingStatus_Page": null

2024-10-17 14:12:58 - [TEST_STEP][PASSED] - orPath_Amount = "Object Repository/RAD_Pages/PaymentAmount_Page": null

2024-10-17 14:12:58 - [TEST_STEP][PASSED] - orPath_TaxInfo = "Object Repository/RAD_Pages/TaxInfo_Page": null

2024-10-17 14:12:58 - [TEST_STEP][PASSED] - orPath_Withholding = "Object Repository/RAD_Pages/Withholding_Page": null

2024-10-17 14:12:58 - [TEST_STEP][PASSED] - orPath_Summary = "Object Repository/RAD_Pages/Summary_Page": null

2024-10-17 14:12:58 - [TEST_STEP][PASSED] - orPath_PaymentReady = "Object Repository/RAD_Pages/PaymentReady_Page": null

2024-10-17 14:12:58 - [TEST_STEP][PASSED] - orPath_PaymentEntry = "Object Repository/RAD_Pages/PaymentEntry_Page": null

2024-10-17 14:12:58 - [TEST_STEP][PASSED] - orPath_PaymentConfirmation = "Object Repository/RAD_Pages/PaymentConfirmation_Page": null

2024-10-17 14:12:58 - [TEST_STEP][PASSED] - orPath_ServiceFeesAccept = "Object Repository/RAD_Pages/ServiceFeeAccept_Page": null

2024-10-17 14:12:58 - [TEST_STEP][PASSED] - selectOptionByLabel(findTestObject(orPath_Landing + "/dd_TaxType"), Paymenttype, false): All options with label 'Quarterly Estimated Tax' are selected in object 'Object Repository/RAD_Pages/Landing_Page/dd_TaxType' 

2024-10-17 14:12:59 - [MESSAGE][PASSED] - All options with label 'Quarterly Estimated Tax' are selected in object 'Object Repository/RAD_Pages/Landing_Page/dd_TaxType' 

2024-10-17 14:12:59 - [TEST_STEP][PASSED] - delay(1): Delayed 1 second(s)

2024-10-17 14:13:00 - [MESSAGE][PASSED] - Delayed 1 second(s)

2024-10-17 14:13:00 - [TEST_STEP][PASSED] - switch (Paymenttype): null

2024-10-17 14:13:00 - [TEST_STEP][PASSED] - case "Quarterly Estimated Tax":: null

2024-10-17 14:13:00 - [TEST_STEP][PASSED] - selectOptionByLabel(findTestObject(orPath_TaxTypeFilingYear + "/select_PaymentType"), Taxtype, false): All options with label 'Corporate Income Tax' are selected in object 'Object Repository/RAD_Pages/TaxTypeFilingYear_Page/select_PaymentType' 

2024-10-17 14:13:01 - [MESSAGE][PASSED] - All options with label 'Corporate Income Tax' are selected in object 'Object Repository/RAD_Pages/TaxTypeFilingYear_Page/select_PaymentType' 

2024-10-17 14:13:01 - [TEST_STEP][PASSED] - break: null

2024-10-17 14:13:01 - [TEST_STEP][PASSED] - delay(1): Delayed 1 second(s)

2024-10-17 14:13:02 - [MESSAGE][PASSED] - Delayed 1 second(s)

2024-10-17 14:13:02 - [TEST_STEP][PASSED] - scrollToElement(findTestObject(orPath_Amount + "/input__paymentAmount"), 2, CONTINUE_ON_FAILURE): Scroll to object 'Object Repository/RAD_Pages/PaymentAmount_Page/input__paymentAmount' successfully

2024-10-17 14:13:02 - [MESSAGE][PASSED] - Scroll to object 'Object Repository/RAD_Pages/PaymentAmount_Page/input__paymentAmount' successfully

2024-10-17 14:13:02 - [TEST_STEP][PASSED] - switch (Paymenttype): null

2024-10-17 14:13:02 - [TEST_STEP][PASSED] - case "Quarterly Estimated Tax":: null

2024-10-17 14:13:02 - [TEST_STEP][PASSED] - setEncryptedText(findTestObject(orPath_TaxInfo + "/input_FederalEIN"), "RigbBhfdqODKcAsiUrg+1Q=="): Text ****** has been set on object 'Object Repository/RAD_Pages/TaxInfo_Page/input_FederalEIN'

2024-10-17 14:13:03 - [MESSAGE][PASSED] - Text ****** has been set on object 'Object Repository/RAD_Pages/TaxInfo_Page/input_FederalEIN'

2024-10-17 14:13:03 - [TEST_STEP][PASSED] - setEncryptedText(findTestObject(orPath_TaxInfo + "/input_FederalEIN_ReEnter"), "RigbBhfdqOBBGbZqm4oFJQ=="): Text ****** has been set on object 'Object Repository/RAD_Pages/TaxInfo_Page/input_FederalEIN_ReEnter'

2024-10-17 14:13:03 - [MESSAGE][PASSED] - Text ****** has been set on object 'Object Repository/RAD_Pages/TaxInfo_Page/input_FederalEIN_ReEnter'

2024-10-17 14:13:03 - [TEST_STEP][PASSED] - break: null

2024-10-17 14:13:03 - [TEST_STEP][PASSED] - setText(findTestObject(orPath_Amount + "/input__paymentAmount"), ""): Text '' is set on object 'Object Repository/RAD_Pages/PaymentAmount_Page/input__paymentAmount'

2024-10-17 14:13:04 - [MESSAGE][PASSED] - Text '' is set on object 'Object Repository/RAD_Pages/PaymentAmount_Page/input__paymentAmount'

2024-10-17 14:13:04 - [TEST_STEP][PASSED] - verifyTextPresent("The FEIN and Re-type FEIN do not match", true): Text 'The FEIN and Re-type FEIN do not match' is present on page  using regular expression

2024-10-17 14:13:05 - [MESSAGE][PASSED] - Text 'The FEIN and Re-type FEIN do not match' is present on page  using regular expression

2024-10-17 14:13:05 - [TEST_STEP][PASSED] - if (verifyTextPresent("The FEIN and Re-type FEIN do not match", true)): null

2024-10-17 14:13:05 - [MESSAGE][PASSED] - Text 'The FEIN and Re-type FEIN do not match' is present on page  using regular expression

2024-10-17 14:13:05 - [TEST_STEP][PASSED] - println("Error Message is present on the page"): null

2024-10-17 14:13:05 - [TEST_STEP][PASSED] - out.println("Pass Record Number: " + row): null

2024-10-17 14:13:05 - [TEST_STEP][PASSED] - resText = "Pass": null

2024-10-17 14:13:05 - [TEST_STEP][PASSED] - pages.WriteExcel.demoKey(resText, datText, resColumn, datCloumn, fileLoc, nameSheet, row): pages.WriteExcel.demoKey is PASSED

2024-10-17 14:13:05 - [MESSAGE][PASSED] - pages.WriteExcel.demoKey is PASSED

2024-10-17 14:13:05 - [TEST_STEP][PASSED] - ExecuteTC = findTestData(dataFile).getValue("Execute", row): null

2024-10-17 14:13:05 - [TEST_STEP][PASSED] - Taxtype = findTestData(dataFile).getValue("TaxType", row): null

2024-10-17 14:13:05 - [TEST_STEP][PASSED] - Paymenttype = findTestData(dataFile).getValue("PaymentType", row): null

2024-10-17 14:13:05 - [TEST_STEP][PASSED] - out.println("Value of Execute is : " + ExecuteTC): null

2024-10-17 14:13:05 - [TEST_STEP][PASSED] - if (ExecuteTC.equalsIgnoreCase("Y")): null

2024-10-17 14:13:05 - [TEST_STEP][PASSED] - out.println("Begin Record Number: " + row): null

2024-10-17 14:13:05 - [TEST_STEP][PASSED] - today = new java.util.Date(): null

2024-10-17 14:13:05 - [TEST_STEP][PASSED] - println(today): null

2024-10-17 14:13:05 - [TEST_STEP][PASSED] - datText = today: null

2024-10-17 14:13:05 - [TEST_STEP][PASSED] - Taxtype = findTestData(dataFile).getValue("TaxType", row): null

2024-10-17 14:13:05 - [TEST_STEP][PASSED] - out.println("Taxtype value is : " + Taxtype): null

2024-10-17 14:13:05 - [TEST_STEP][PASSED] - openBrowser(""): Browser is opened with url: ''

2024-10-17 14:13:05 - [MESSAGE][WARNING] - A browser is already opened. Closing browser and opening a new one

2024-10-17 14:13:07 - [MESSAGE][INFO] - Starting 'Chrome' driver

2024-10-17 14:13:07 - [MESSAGE][INFO] - User set preference: ['acceptInsecureCerts', 'true']

2024-10-17 14:13:07 - [MESSAGE][INFO] - Action delay is set to 0 milliseconds

2024-10-17 14:13:08 - [MESSAGE][PASSED] - Browser is opened with url: ''

2024-10-17 14:13:08 - [TEST_STEP][PASSED] - maximizeWindow(): Current window maximized

2024-10-17 14:13:08 - [MESSAGE][PASSED] - Current window maximized

2024-10-17 14:13:08 - [TEST_STEP][PASSED] - navigateToUrl(RADurl): Navigate to 'https://demo.velocitypayment.com/client/rad/index.html' successfully

2024-10-17 14:13:09 - [MESSAGE][PASSED] - Navigate to 'https://demo.velocitypayment.com/client/rad/index.html' successfully

2024-10-17 14:13:09 - [TEST_STEP][PASSED] - orPath_Landing = "Object Repository/RAD_Pages/Landing_Page": null

2024-10-17 14:13:09 - [TEST_STEP][PASSED] - orPath_TaxTypeFilingYear = "Object Repository/RAD_Pages/TaxTypeFilingYear_Page": null

2024-10-17 14:13:09 - [TEST_STEP][PASSED] - orPath_TaxPayer = "Object Repository/RAD_Pages/Taxpayer_Page": null

2024-10-17 14:13:09 - [TEST_STEP][PASSED] - orPath_AddressContact = "Object Repository/RAD_Pages/AddressAndContactInfo_Page": null

2024-10-17 14:13:09 - [TEST_STEP][PASSED] - orPath_FilingStatus = "Object Repository/RAD_Pages/FilingStatus_Page": null

2024-10-17 14:13:09 - [TEST_STEP][PASSED] - orPath_Amount = "Object Repository/RAD_Pages/PaymentAmount_Page": null

2024-10-17 14:13:09 - [TEST_STEP][PASSED] - orPath_TaxInfo = "Object Repository/RAD_Pages/TaxInfo_Page": null

2024-10-17 14:13:09 - [TEST_STEP][PASSED] - orPath_Withholding = "Object Repository/RAD_Pages/Withholding_Page": null

2024-10-17 14:13:09 - [TEST_STEP][PASSED] - orPath_Summary = "Object Repository/RAD_Pages/Summary_Page": null

2024-10-17 14:13:09 - [TEST_STEP][PASSED] - orPath_PaymentReady = "Object Repository/RAD_Pages/PaymentReady_Page": null

2024-10-17 14:13:09 - [TEST_STEP][PASSED] - orPath_PaymentEntry = "Object Repository/RAD_Pages/PaymentEntry_Page": null

2024-10-17 14:13:09 - [TEST_STEP][PASSED] - orPath_PaymentConfirmation = "Object Repository/RAD_Pages/PaymentConfirmation_Page": null

2024-10-17 14:13:09 - [TEST_STEP][PASSED] - orPath_ServiceFeesAccept = "Object Repository/RAD_Pages/ServiceFeeAccept_Page": null

2024-10-17 14:13:09 - [TEST_STEP][PASSED] - selectOptionByLabel(findTestObject(orPath_Landing + "/dd_TaxType"), Paymenttype, false): All options with label 'Quarterly Estimated Tax' are selected in object 'Object Repository/RAD_Pages/Landing_Page/dd_TaxType' 

2024-10-17 14:13:11 - [MESSAGE][PASSED] - All options with label 'Quarterly Estimated Tax' are selected in object 'Object Repository/RAD_Pages/Landing_Page/dd_TaxType' 

2024-10-17 14:13:11 - [TEST_STEP][PASSED] - delay(1): Delayed 1 second(s)

2024-10-17 14:13:12 - [MESSAGE][PASSED] - Delayed 1 second(s)

2024-10-17 14:13:12 - [TEST_STEP][PASSED] - switch (Paymenttype): null

2024-10-17 14:13:12 - [TEST_STEP][PASSED] - case "Quarterly Estimated Tax":: null

2024-10-17 14:13:12 - [TEST_STEP][PASSED] - selectOptionByLabel(findTestObject(orPath_TaxTypeFilingYear + "/select_PaymentType"), Taxtype, false): All options with label 'Fiduciary Tax' are selected in object 'Object Repository/RAD_Pages/TaxTypeFilingYear_Page/select_PaymentType' 

2024-10-17 14:13:13 - [MESSAGE][PASSED] - All options with label 'Fiduciary Tax' are selected in object 'Object Repository/RAD_Pages/TaxTypeFilingYear_Page/select_PaymentType' 

2024-10-17 14:13:13 - [TEST_STEP][PASSED] - break: null

2024-10-17 14:13:13 - [TEST_STEP][PASSED] - delay(1): Delayed 1 second(s)

2024-10-17 14:13:14 - [MESSAGE][PASSED] - Delayed 1 second(s)

2024-10-17 14:13:14 - [TEST_STEP][PASSED] - scrollToElement(findTestObject(orPath_Amount + "/input__paymentAmount"), 2, CONTINUE_ON_FAILURE): Scroll to object 'Object Repository/RAD_Pages/PaymentAmount_Page/input__paymentAmount' successfully

2024-10-17 14:13:14 - [MESSAGE][PASSED] - Scroll to object 'Object Repository/RAD_Pages/PaymentAmount_Page/input__paymentAmount' successfully

2024-10-17 14:13:14 - [TEST_STEP][PASSED] - switch (Paymenttype): null

2024-10-17 14:13:14 - [TEST_STEP][PASSED] - case "Quarterly Estimated Tax":: null

2024-10-17 14:13:14 - [TEST_STEP][PASSED] - setEncryptedText(findTestObject(orPath_TaxInfo + "/input_FederalEIN"), "RigbBhfdqODKcAsiUrg+1Q=="): Text ****** has been set on object 'Object Repository/RAD_Pages/TaxInfo_Page/input_FederalEIN'

2024-10-17 14:13:15 - [MESSAGE][PASSED] - Text ****** has been set on object 'Object Repository/RAD_Pages/TaxInfo_Page/input_FederalEIN'

2024-10-17 14:13:15 - [TEST_STEP][PASSED] - setEncryptedText(findTestObject(orPath_TaxInfo + "/input_FederalEIN_ReEnter"), "RigbBhfdqOBBGbZqm4oFJQ=="): Text ****** has been set on object 'Object Repository/RAD_Pages/TaxInfo_Page/input_FederalEIN_ReEnter'

2024-10-17 14:13:15 - [MESSAGE][PASSED] - Text ****** has been set on object 'Object Repository/RAD_Pages/TaxInfo_Page/input_FederalEIN_ReEnter'

2024-10-17 14:13:15 - [TEST_STEP][PASSED] - break: null

2024-10-17 14:13:15 - [TEST_STEP][PASSED] - setText(findTestObject(orPath_Amount + "/input__paymentAmount"), ""): Text '' is set on object 'Object Repository/RAD_Pages/PaymentAmount_Page/input__paymentAmount'

2024-10-17 14:13:16 - [MESSAGE][PASSED] - Text '' is set on object 'Object Repository/RAD_Pages/PaymentAmount_Page/input__paymentAmount'

2024-10-17 14:13:16 - [TEST_STEP][PASSED] - verifyTextPresent("The FEIN and Re-type FEIN do not match", true): Text 'The FEIN and Re-type FEIN do not match' is present on page  using regular expression

2024-10-17 14:13:17 - [MESSAGE][PASSED] - Text 'The FEIN and Re-type FEIN do not match' is present on page  using regular expression

2024-10-17 14:13:17 - [TEST_STEP][PASSED] - if (verifyTextPresent("The FEIN and Re-type FEIN do not match", true)): null

2024-10-17 14:13:17 - [MESSAGE][PASSED] - Text 'The FEIN and Re-type FEIN do not match' is present on page  using regular expression

2024-10-17 14:13:17 - [TEST_STEP][PASSED] - println("Error Message is present on the page"): null

2024-10-17 14:13:17 - [TEST_STEP][PASSED] - out.println("Pass Record Number: " + row): null

2024-10-17 14:13:17 - [TEST_STEP][PASSED] - resText = "Pass": null

2024-10-17 14:13:17 - [TEST_STEP][PASSED] - pages.WriteExcel.demoKey(resText, datText, resColumn, datCloumn, fileLoc, nameSheet, row): pages.WriteExcel.demoKey is PASSED

2024-10-17 14:13:17 - [MESSAGE][PASSED] - pages.WriteExcel.demoKey is PASSED

2024-10-17 14:13:17 - [TEST_STEP][PASSED] - ExecuteTC = findTestData(dataFile).getValue("Execute", row): null

2024-10-17 14:13:17 - [TEST_STEP][PASSED] - Taxtype = findTestData(dataFile).getValue("TaxType", row): null

2024-10-17 14:13:17 - [TEST_STEP][PASSED] - Paymenttype = findTestData(dataFile).getValue("PaymentType", row): null

2024-10-17 14:13:17 - [TEST_STEP][PASSED] - out.println("Value of Execute is : " + ExecuteTC): null

2024-10-17 14:13:17 - [TEST_STEP][PASSED] - if (ExecuteTC.equalsIgnoreCase("Y")): null

2024-10-17 14:13:17 - [TEST_STEP][PASSED] - out.println("Begin Record Number: " + row): null

2024-10-17 14:13:17 - [TEST_STEP][PASSED] - today = new java.util.Date(): null

2024-10-17 14:13:17 - [TEST_STEP][PASSED] - println(today): null

2024-10-17 14:13:17 - [TEST_STEP][PASSED] - datText = today: null

2024-10-17 14:13:17 - [TEST_STEP][PASSED] - Taxtype = findTestData(dataFile).getValue("TaxType", row): null

2024-10-17 14:13:17 - [TEST_STEP][PASSED] - out.println("Taxtype value is : " + Taxtype): null

2024-10-17 14:13:17 - [TEST_STEP][PASSED] - openBrowser(""): Browser is opened with url: ''

2024-10-17 14:13:17 - [MESSAGE][WARNING] - A browser is already opened. Closing browser and opening a new one

2024-10-17 14:13:18 - [MESSAGE][INFO] - Starting 'Chrome' driver

2024-10-17 14:13:18 - [MESSAGE][INFO] - User set preference: ['acceptInsecureCerts', 'true']

2024-10-17 14:13:18 - [MESSAGE][INFO] - Action delay is set to 0 milliseconds

2024-10-17 14:13:20 - [MESSAGE][PASSED] - Browser is opened with url: ''

2024-10-17 14:13:20 - [TEST_STEP][PASSED] - maximizeWindow(): Current window maximized

2024-10-17 14:13:20 - [MESSAGE][PASSED] - Current window maximized

2024-10-17 14:13:20 - [TEST_STEP][PASSED] - navigateToUrl(RADurl): Navigate to 'https://demo.velocitypayment.com/client/rad/index.html' successfully

2024-10-17 14:13:22 - [MESSAGE][PASSED] - Navigate to 'https://demo.velocitypayment.com/client/rad/index.html' successfully

2024-10-17 14:13:22 - [TEST_STEP][PASSED] - orPath_Landing = "Object Repository/RAD_Pages/Landing_Page": null

2024-10-17 14:13:22 - [TEST_STEP][PASSED] - orPath_TaxTypeFilingYear = "Object Repository/RAD_Pages/TaxTypeFilingYear_Page": null

2024-10-17 14:13:22 - [TEST_STEP][PASSED] - orPath_TaxPayer = "Object Repository/RAD_Pages/Taxpayer_Page": null

2024-10-17 14:13:22 - [TEST_STEP][PASSED] - orPath_AddressContact = "Object Repository/RAD_Pages/AddressAndContactInfo_Page": null

2024-10-17 14:13:22 - [TEST_STEP][PASSED] - orPath_FilingStatus = "Object Repository/RAD_Pages/FilingStatus_Page": null

2024-10-17 14:13:22 - [TEST_STEP][PASSED] - orPath_Amount = "Object Repository/RAD_Pages/PaymentAmount_Page": null

2024-10-17 14:13:22 - [TEST_STEP][PASSED] - orPath_TaxInfo = "Object Repository/RAD_Pages/TaxInfo_Page": null

2024-10-17 14:13:22 - [TEST_STEP][PASSED] - orPath_Withholding = "Object Repository/RAD_Pages/Withholding_Page": null

2024-10-17 14:13:22 - [TEST_STEP][PASSED] - orPath_Summary = "Object Repository/RAD_Pages/Summary_Page": null

2024-10-17 14:13:22 - [TEST_STEP][PASSED] - orPath_PaymentReady = "Object Repository/RAD_Pages/PaymentReady_Page": null

2024-10-17 14:13:22 - [TEST_STEP][PASSED] - orPath_PaymentEntry = "Object Repository/RAD_Pages/PaymentEntry_Page": null

2024-10-17 14:13:22 - [TEST_STEP][PASSED] - orPath_PaymentConfirmation = "Object Repository/RAD_Pages/PaymentConfirmation_Page": null

2024-10-17 14:13:22 - [TEST_STEP][PASSED] - orPath_ServiceFeesAccept = "Object Repository/RAD_Pages/ServiceFeeAccept_Page": null

2024-10-17 14:13:22 - [TEST_STEP][PASSED] - selectOptionByLabel(findTestObject(orPath_Landing + "/dd_TaxType"), Paymenttype, false): All options with label 'Extension Payments' are selected in object 'Object Repository/RAD_Pages/Landing_Page/dd_TaxType' 

2024-10-17 14:13:23 - [MESSAGE][PASSED] - All options with label 'Extension Payments' are selected in object 'Object Repository/RAD_Pages/Landing_Page/dd_TaxType' 

2024-10-17 14:13:23 - [TEST_STEP][PASSED] - delay(1): Delayed 1 second(s)

2024-10-17 14:13:24 - [MESSAGE][PASSED] - Delayed 1 second(s)

2024-10-17 14:13:24 - [TEST_STEP][PASSED] - switch (Paymenttype): null

2024-10-17 14:13:24 - [TEST_STEP][PASSED] - case "Extension Payments":: null

2024-10-17 14:13:24 - [TEST_STEP][PASSED] - selectOptionByLabel(findTestObject(orPath_TaxTypeFilingYear + "/select_PaymentType"), Taxtype, false): All options with label 'Corporate Income Tax' are selected in object 'Object Repository/RAD_Pages/TaxTypeFilingYear_Page/select_PaymentType' 

2024-10-17 14:13:25 - [MESSAGE][PASSED] - All options with label 'Corporate Income Tax' are selected in object 'Object Repository/RAD_Pages/TaxTypeFilingYear_Page/select_PaymentType' 

2024-10-17 14:13:25 - [TEST_STEP][PASSED] - break: null

2024-10-17 14:13:25 - [TEST_STEP][PASSED] - delay(1): Delayed 1 second(s)

2024-10-17 14:13:26 - [MESSAGE][PASSED] - Delayed 1 second(s)

2024-10-17 14:13:26 - [TEST_STEP][PASSED] - scrollToElement(findTestObject(orPath_Amount + "/input__paymentAmount"), 2, CONTINUE_ON_FAILURE): Scroll to object 'Object Repository/RAD_Pages/PaymentAmount_Page/input__paymentAmount' successfully

2024-10-17 14:13:26 - [MESSAGE][PASSED] - Scroll to object 'Object Repository/RAD_Pages/PaymentAmount_Page/input__paymentAmount' successfully

2024-10-17 14:13:26 - [TEST_STEP][PASSED] - switch (Paymenttype): null

2024-10-17 14:13:26 - [TEST_STEP][PASSED] - case "Extension Payments":: null

2024-10-17 14:13:26 - [TEST_STEP][PASSED] - setEncryptedText(findTestObject(orPath_TaxInfo + "/input_FederalEIN"), "RigbBhfdqODKcAsiUrg+1Q=="): Text ****** has been set on object 'Object Repository/RAD_Pages/TaxInfo_Page/input_FederalEIN'

2024-10-17 14:13:27 - [MESSAGE][PASSED] - Text ****** has been set on object 'Object Repository/RAD_Pages/TaxInfo_Page/input_FederalEIN'

2024-10-17 14:13:27 - [TEST_STEP][PASSED] - setEncryptedText(findTestObject(orPath_TaxInfo + "/input_FederalEIN_ReEnter"), "RigbBhfdqOBBGbZqm4oFJQ=="): Text ****** has been set on object 'Object Repository/RAD_Pages/TaxInfo_Page/input_FederalEIN_ReEnter'

2024-10-17 14:13:27 - [MESSAGE][PASSED] - Text ****** has been set on object 'Object Repository/RAD_Pages/TaxInfo_Page/input_FederalEIN_ReEnter'

2024-10-17 14:13:27 - [TEST_STEP][PASSED] - break: null

2024-10-17 14:13:27 - [TEST_STEP][PASSED] - setText(findTestObject(orPath_Amount + "/input__paymentAmount"), ""): Text '' is set on object 'Object Repository/RAD_Pages/PaymentAmount_Page/input__paymentAmount'

2024-10-17 14:13:28 - [MESSAGE][PASSED] - Text '' is set on object 'Object Repository/RAD_Pages/PaymentAmount_Page/input__paymentAmount'

2024-10-17 14:13:28 - [TEST_STEP][PASSED] - verifyTextPresent("The FEIN and Re-type FEIN do not match", true): Text 'The FEIN and Re-type FEIN do not match' is present on page  using regular expression

2024-10-17 14:13:29 - [MESSAGE][PASSED] - Text 'The FEIN and Re-type FEIN do not match' is present on page  using regular expression

2024-10-17 14:13:29 - [TEST_STEP][PASSED] - if (verifyTextPresent("The FEIN and Re-type FEIN do not match", true)): null

2024-10-17 14:13:29 - [MESSAGE][PASSED] - Text 'The FEIN and Re-type FEIN do not match' is present on page  using regular expression

2024-10-17 14:13:29 - [TEST_STEP][PASSED] - println("Error Message is present on the page"): null

2024-10-17 14:13:29 - [TEST_STEP][PASSED] - out.println("Pass Record Number: " + row): null

2024-10-17 14:13:29 - [TEST_STEP][PASSED] - resText = "Pass": null

2024-10-17 14:13:29 - [TEST_STEP][PASSED] - pages.WriteExcel.demoKey(resText, datText, resColumn, datCloumn, fileLoc, nameSheet, row): pages.WriteExcel.demoKey is PASSED

2024-10-17 14:13:29 - [MESSAGE][PASSED] - pages.WriteExcel.demoKey is PASSED

2024-10-17 14:13:29 - [TEST_STEP][PASSED] - ExecuteTC = findTestData(dataFile).getValue("Execute", row): null

2024-10-17 14:13:29 - [TEST_STEP][PASSED] - Taxtype = findTestData(dataFile).getValue("TaxType", row): null

2024-10-17 14:13:29 - [TEST_STEP][PASSED] - Paymenttype = findTestData(dataFile).getValue("PaymentType", row): null

2024-10-17 14:13:29 - [TEST_STEP][PASSED] - out.println("Value of Execute is : " + ExecuteTC): null

2024-10-17 14:13:29 - [TEST_STEP][PASSED] - if (ExecuteTC.equalsIgnoreCase("Y")): null

2024-10-17 14:13:29 - [TEST_STEP][PASSED] - out.println("Begin Record Number: " + row): null

2024-10-17 14:13:29 - [TEST_STEP][PASSED] - today = new java.util.Date(): null

2024-10-17 14:13:29 - [TEST_STEP][PASSED] - println(today): null

2024-10-17 14:13:29 - [TEST_STEP][PASSED] - datText = today: null

2024-10-17 14:13:29 - [TEST_STEP][PASSED] - Taxtype = findTestData(dataFile).getValue("TaxType", row): null

2024-10-17 14:13:29 - [TEST_STEP][PASSED] - out.println("Taxtype value is : " + Taxtype): null

2024-10-17 14:13:29 - [TEST_STEP][PASSED] - openBrowser(""): Browser is opened with url: ''

2024-10-17 14:13:29 - [MESSAGE][WARNING] - A browser is already opened. Closing browser and opening a new one

2024-10-17 14:13:31 - [MESSAGE][INFO] - Starting 'Chrome' driver

2024-10-17 14:13:31 - [MESSAGE][INFO] - User set preference: ['acceptInsecureCerts', 'true']

2024-10-17 14:13:31 - [MESSAGE][INFO] - Action delay is set to 0 milliseconds

2024-10-17 14:13:32 - [MESSAGE][PASSED] - Browser is opened with url: ''

2024-10-17 14:13:32 - [TEST_STEP][PASSED] - maximizeWindow(): Current window maximized

2024-10-17 14:13:32 - [MESSAGE][PASSED] - Current window maximized

2024-10-17 14:13:32 - [TEST_STEP][PASSED] - navigateToUrl(RADurl): Navigate to 'https://demo.velocitypayment.com/client/rad/index.html' successfully

2024-10-17 14:13:34 - [MESSAGE][PASSED] - Navigate to 'https://demo.velocitypayment.com/client/rad/index.html' successfully

2024-10-17 14:13:34 - [TEST_STEP][PASSED] - orPath_Landing = "Object Repository/RAD_Pages/Landing_Page": null

2024-10-17 14:13:34 - [TEST_STEP][PASSED] - orPath_TaxTypeFilingYear = "Object Repository/RAD_Pages/TaxTypeFilingYear_Page": null

2024-10-17 14:13:34 - [TEST_STEP][PASSED] - orPath_TaxPayer = "Object Repository/RAD_Pages/Taxpayer_Page": null

2024-10-17 14:13:34 - [TEST_STEP][PASSED] - orPath_AddressContact = "Object Repository/RAD_Pages/AddressAndContactInfo_Page": null

2024-10-17 14:13:34 - [TEST_STEP][PASSED] - orPath_FilingStatus = "Object Repository/RAD_Pages/FilingStatus_Page": null

2024-10-17 14:13:34 - [TEST_STEP][PASSED] - orPath_Amount = "Object Repository/RAD_Pages/PaymentAmount_Page": null

2024-10-17 14:13:34 - [TEST_STEP][PASSED] - orPath_TaxInfo = "Object Repository/RAD_Pages/TaxInfo_Page": null

2024-10-17 14:13:34 - [TEST_STEP][PASSED] - orPath_Withholding = "Object Repository/RAD_Pages/Withholding_Page": null

2024-10-17 14:13:34 - [TEST_STEP][PASSED] - orPath_Summary = "Object Repository/RAD_Pages/Summary_Page": null

2024-10-17 14:13:34 - [TEST_STEP][PASSED] - orPath_PaymentReady = "Object Repository/RAD_Pages/PaymentReady_Page": null

2024-10-17 14:13:34 - [TEST_STEP][PASSED] - orPath_PaymentEntry = "Object Repository/RAD_Pages/PaymentEntry_Page": null

2024-10-17 14:13:34 - [TEST_STEP][PASSED] - orPath_PaymentConfirmation = "Object Repository/RAD_Pages/PaymentConfirmation_Page": null

2024-10-17 14:13:34 - [TEST_STEP][PASSED] - orPath_ServiceFeesAccept = "Object Repository/RAD_Pages/ServiceFeeAccept_Page": null

2024-10-17 14:13:34 - [TEST_STEP][PASSED] - selectOptionByLabel(findTestObject(orPath_Landing + "/dd_TaxType"), Paymenttype, false): All options with label 'Extension Payments' are selected in object 'Object Repository/RAD_Pages/Landing_Page/dd_TaxType' 

2024-10-17 14:13:35 - [MESSAGE][PASSED] - All options with label 'Extension Payments' are selected in object 'Object Repository/RAD_Pages/Landing_Page/dd_TaxType' 

2024-10-17 14:13:35 - [TEST_STEP][PASSED] - delay(1): Delayed 1 second(s)

2024-10-17 14:13:36 - [MESSAGE][PASSED] - Delayed 1 second(s)

2024-10-17 14:13:36 - [TEST_STEP][PASSED] - switch (Paymenttype): null

2024-10-17 14:13:36 - [TEST_STEP][PASSED] - case "Extension Payments":: null

2024-10-17 14:13:36 - [TEST_STEP][PASSED] - selectOptionByLabel(findTestObject(orPath_TaxTypeFilingYear + "/select_PaymentType"), Taxtype, false): All options with label 'Fiduciary Tax' are selected in object 'Object Repository/RAD_Pages/TaxTypeFilingYear_Page/select_PaymentType' 

2024-10-17 14:13:37 - [MESSAGE][PASSED] - All options with label 'Fiduciary Tax' are selected in object 'Object Repository/RAD_Pages/TaxTypeFilingYear_Page/select_PaymentType' 

2024-10-17 14:13:37 - [TEST_STEP][PASSED] - break: null

2024-10-17 14:13:37 - [TEST_STEP][PASSED] - delay(1): Delayed 1 second(s)

2024-10-17 14:13:38 - [MESSAGE][PASSED] - Delayed 1 second(s)

2024-10-17 14:13:38 - [TEST_STEP][PASSED] - scrollToElement(findTestObject(orPath_Amount + "/input__paymentAmount"), 2, CONTINUE_ON_FAILURE): Scroll to object 'Object Repository/RAD_Pages/PaymentAmount_Page/input__paymentAmount' successfully

2024-10-17 14:13:38 - [MESSAGE][PASSED] - Scroll to object 'Object Repository/RAD_Pages/PaymentAmount_Page/input__paymentAmount' successfully

2024-10-17 14:13:38 - [TEST_STEP][PASSED] - switch (Paymenttype): null

2024-10-17 14:13:38 - [TEST_STEP][PASSED] - case "Extension Payments":: null

2024-10-17 14:13:38 - [TEST_STEP][PASSED] - setEncryptedText(findTestObject(orPath_TaxInfo + "/input_FederalEIN"), "RigbBhfdqODKcAsiUrg+1Q=="): Text ****** has been set on object 'Object Repository/RAD_Pages/TaxInfo_Page/input_FederalEIN'

2024-10-17 14:13:39 - [MESSAGE][PASSED] - Text ****** has been set on object 'Object Repository/RAD_Pages/TaxInfo_Page/input_FederalEIN'

2024-10-17 14:13:39 - [TEST_STEP][PASSED] - setEncryptedText(findTestObject(orPath_TaxInfo + "/input_FederalEIN_ReEnter"), "RigbBhfdqOBBGbZqm4oFJQ=="): Text ****** has been set on object 'Object Repository/RAD_Pages/TaxInfo_Page/input_FederalEIN_ReEnter'

2024-10-17 14:13:39 - [MESSAGE][PASSED] - Text ****** has been set on object 'Object Repository/RAD_Pages/TaxInfo_Page/input_FederalEIN_ReEnter'

2024-10-17 14:13:39 - [TEST_STEP][PASSED] - break: null

2024-10-17 14:13:39 - [TEST_STEP][PASSED] - setText(findTestObject(orPath_Amount + "/input__paymentAmount"), ""): Text '' is set on object 'Object Repository/RAD_Pages/PaymentAmount_Page/input__paymentAmount'

2024-10-17 14:13:40 - [MESSAGE][PASSED] - Text '' is set on object 'Object Repository/RAD_Pages/PaymentAmount_Page/input__paymentAmount'

2024-10-17 14:13:40 - [TEST_STEP][PASSED] - verifyTextPresent("The FEIN and Re-type FEIN do not match", true): Text 'The FEIN and Re-type FEIN do not match' is present on page  using regular expression

2024-10-17 14:13:41 - [MESSAGE][PASSED] - Text 'The FEIN and Re-type FEIN do not match' is present on page  using regular expression

2024-10-17 14:13:41 - [TEST_STEP][PASSED] - if (verifyTextPresent("The FEIN and Re-type FEIN do not match", true)): null

2024-10-17 14:13:41 - [MESSAGE][PASSED] - Text 'The FEIN and Re-type FEIN do not match' is present on page  using regular expression

2024-10-17 14:13:41 - [TEST_STEP][PASSED] - println("Error Message is present on the page"): null

2024-10-17 14:13:41 - [TEST_STEP][PASSED] - out.println("Pass Record Number: " + row): null

2024-10-17 14:13:41 - [TEST_STEP][PASSED] - resText = "Pass": null

2024-10-17 14:13:41 - [TEST_STEP][PASSED] - pages.WriteExcel.demoKey(resText, datText, resColumn, datCloumn, fileLoc, nameSheet, row): pages.WriteExcel.demoKey is PASSED

2024-10-17 14:13:41 - [MESSAGE][PASSED] - pages.WriteExcel.demoKey is PASSED

2024-10-17 14:13:41 - [TEST_STEP][PASSED] - ExecuteTC = findTestData(dataFile).getValue("Execute", row): null

2024-10-17 14:13:41 - [TEST_STEP][PASSED] - Taxtype = findTestData(dataFile).getValue("TaxType", row): null

2024-10-17 14:13:41 - [TEST_STEP][PASSED] - Paymenttype = findTestData(dataFile).getValue("PaymentType", row): null

2024-10-17 14:13:41 - [TEST_STEP][PASSED] - out.println("Value of Execute is : " + ExecuteTC): null

2024-10-17 14:13:41 - [TEST_STEP][PASSED] - if (ExecuteTC.equalsIgnoreCase("Y")): null

2024-10-17 14:13:41 - [TEST_STEP][PASSED] - out.println("Begin Record Number: " + row): null

2024-10-17 14:13:41 - [TEST_STEP][PASSED] - today = new java.util.Date(): null

2024-10-17 14:13:41 - [TEST_STEP][PASSED] - println(today): null

2024-10-17 14:13:41 - [TEST_STEP][PASSED] - datText = today: null

2024-10-17 14:13:41 - [TEST_STEP][PASSED] - Taxtype = findTestData(dataFile).getValue("TaxType", row): null

2024-10-17 14:13:41 - [TEST_STEP][PASSED] - out.println("Taxtype value is : " + Taxtype): null

2024-10-17 14:13:41 - [TEST_STEP][PASSED] - openBrowser(""): Browser is opened with url: ''

2024-10-17 14:13:41 - [MESSAGE][WARNING] - A browser is already opened. Closing browser and opening a new one

2024-10-17 14:13:43 - [MESSAGE][INFO] - Starting 'Chrome' driver

2024-10-17 14:13:43 - [MESSAGE][INFO] - User set preference: ['acceptInsecureCerts', 'true']

2024-10-17 14:13:43 - [MESSAGE][INFO] - Action delay is set to 0 milliseconds

2024-10-17 14:13:44 - [MESSAGE][PASSED] - Browser is opened with url: ''

2024-10-17 14:13:44 - [TEST_STEP][PASSED] - maximizeWindow(): Current window maximized

2024-10-17 14:13:44 - [MESSAGE][PASSED] - Current window maximized

2024-10-17 14:13:44 - [TEST_STEP][PASSED] - navigateToUrl(RADurl): Navigate to 'https://demo.velocitypayment.com/client/rad/index.html' successfully

2024-10-17 14:13:46 - [MESSAGE][PASSED] - Navigate to 'https://demo.velocitypayment.com/client/rad/index.html' successfully

2024-10-17 14:13:46 - [TEST_STEP][PASSED] - orPath_Landing = "Object Repository/RAD_Pages/Landing_Page": null

2024-10-17 14:13:46 - [TEST_STEP][PASSED] - orPath_TaxTypeFilingYear = "Object Repository/RAD_Pages/TaxTypeFilingYear_Page": null

2024-10-17 14:13:46 - [TEST_STEP][PASSED] - orPath_TaxPayer = "Object Repository/RAD_Pages/Taxpayer_Page": null

2024-10-17 14:13:46 - [TEST_STEP][PASSED] - orPath_AddressContact = "Object Repository/RAD_Pages/AddressAndContactInfo_Page": null

2024-10-17 14:13:46 - [TEST_STEP][PASSED] - orPath_FilingStatus = "Object Repository/RAD_Pages/FilingStatus_Page": null

2024-10-17 14:13:46 - [TEST_STEP][PASSED] - orPath_Amount = "Object Repository/RAD_Pages/PaymentAmount_Page": null

2024-10-17 14:13:46 - [TEST_STEP][PASSED] - orPath_TaxInfo = "Object Repository/RAD_Pages/TaxInfo_Page": null

2024-10-17 14:13:46 - [TEST_STEP][PASSED] - orPath_Withholding = "Object Repository/RAD_Pages/Withholding_Page": null

2024-10-17 14:13:46 - [TEST_STEP][PASSED] - orPath_Summary = "Object Repository/RAD_Pages/Summary_Page": null

2024-10-17 14:13:46 - [TEST_STEP][PASSED] - orPath_PaymentReady = "Object Repository/RAD_Pages/PaymentReady_Page": null

2024-10-17 14:13:46 - [TEST_STEP][PASSED] - orPath_PaymentEntry = "Object Repository/RAD_Pages/PaymentEntry_Page": null

2024-10-17 14:13:46 - [TEST_STEP][PASSED] - orPath_PaymentConfirmation = "Object Repository/RAD_Pages/PaymentConfirmation_Page": null

2024-10-17 14:13:46 - [TEST_STEP][PASSED] - orPath_ServiceFeesAccept = "Object Repository/RAD_Pages/ServiceFeeAccept_Page": null

2024-10-17 14:13:46 - [TEST_STEP][PASSED] - selectOptionByLabel(findTestObject(orPath_Landing + "/dd_TaxType"), Paymenttype, false): All options with label 'New Tax Return Amount Due' are selected in object 'Object Repository/RAD_Pages/Landing_Page/dd_TaxType' 

2024-10-17 14:13:47 - [MESSAGE][PASSED] - All options with label 'New Tax Return Amount Due' are selected in object 'Object Repository/RAD_Pages/Landing_Page/dd_TaxType' 

2024-10-17 14:13:47 - [TEST_STEP][PASSED] - delay(1): Delayed 1 second(s)

2024-10-17 14:13:48 - [MESSAGE][PASSED] - Delayed 1 second(s)

2024-10-17 14:13:48 - [TEST_STEP][PASSED] - switch (Paymenttype): null

2024-10-17 14:13:48 - [TEST_STEP][PASSED] - case "New Tax Return Amount Due":: null

2024-10-17 14:13:48 - [TEST_STEP][PASSED] - selectOptionByLabel(findTestObject("Object Repository/RAD_Pages/Landing_Page/select_NewTaxReturnAmountDue_TaxType"), Taxtype, false): All options with label 'Fiduciary Tax' are selected in object 'Object Repository/RAD_Pages/Landing_Page/select_NewTaxReturnAmountDue_TaxType' 

2024-10-17 14:13:49 - [MESSAGE][PASSED] - All options with label 'Fiduciary Tax' are selected in object 'Object Repository/RAD_Pages/Landing_Page/select_NewTaxReturnAmountDue_TaxType' 

2024-10-17 14:13:49 - [TEST_STEP][PASSED] - break: null

2024-10-17 14:13:49 - [TEST_STEP][PASSED] - delay(1): Delayed 1 second(s)

2024-10-17 14:13:50 - [MESSAGE][PASSED] - Delayed 1 second(s)

2024-10-17 14:13:50 - [TEST_STEP][PASSED] - scrollToElement(findTestObject(orPath_Amount + "/input__paymentAmount"), 2, CONTINUE_ON_FAILURE): Scroll to object 'Object Repository/RAD_Pages/PaymentAmount_Page/input__paymentAmount' successfully

2024-10-17 14:13:50 - [MESSAGE][PASSED] - Scroll to object 'Object Repository/RAD_Pages/PaymentAmount_Page/input__paymentAmount' successfully

2024-10-17 14:13:50 - [TEST_STEP][PASSED] - switch (Paymenttype): null

2024-10-17 14:13:50 - [TEST_STEP][PASSED] - case "New Tax Return Amount Due":: null

2024-10-17 14:13:50 - [TEST_STEP][PASSED] - setEncryptedText(findTestObject(orPath_TaxInfo + "/input_FederalEIN-2"), "RigbBhfdqODKcAsiUrg+1Q=="): Text ****** has been set on object 'Object Repository/RAD_Pages/TaxInfo_Page/input_FederalEIN-2'

2024-10-17 14:13:51 - [MESSAGE][PASSED] - Text ****** has been set on object 'Object Repository/RAD_Pages/TaxInfo_Page/input_FederalEIN-2'

2024-10-17 14:13:51 - [TEST_STEP][PASSED] - setEncryptedText(findTestObject(orPath_TaxInfo + "/input_FederalEIN_ReEnter-2"), "RigbBhfdqOBBGbZqm4oFJQ=="): Text ****** has been set on object 'Object Repository/RAD_Pages/TaxInfo_Page/input_FederalEIN_ReEnter-2'

2024-10-17 14:13:51 - [MESSAGE][PASSED] - Text ****** has been set on object 'Object Repository/RAD_Pages/TaxInfo_Page/input_FederalEIN_ReEnter-2'

2024-10-17 14:13:51 - [TEST_STEP][PASSED] - break: null

2024-10-17 14:13:51 - [TEST_STEP][PASSED] - setText(findTestObject(orPath_Amount + "/input__paymentAmount"), ""): Text '' is set on object 'Object Repository/RAD_Pages/PaymentAmount_Page/input__paymentAmount'

2024-10-17 14:13:52 - [MESSAGE][PASSED] - Text '' is set on object 'Object Repository/RAD_Pages/PaymentAmount_Page/input__paymentAmount'

2024-10-17 14:13:52 - [TEST_STEP][PASSED] - verifyTextPresent("The FEIN and Re-type FEIN do not match", true): Text 'The FEIN and Re-type FEIN do not match' is present on page  using regular expression

2024-10-17 14:13:52 - [MESSAGE][PASSED] - Text 'The FEIN and Re-type FEIN do not match' is present on page  using regular expression

2024-10-17 14:13:52 - [TEST_STEP][PASSED] - if (verifyTextPresent("The FEIN and Re-type FEIN do not match", true)): null

2024-10-17 14:13:53 - [MESSAGE][PASSED] - Text 'The FEIN and Re-type FEIN do not match' is present on page  using regular expression

2024-10-17 14:13:53 - [TEST_STEP][PASSED] - println("Error Message is present on the page"): null

2024-10-17 14:13:53 - [TEST_STEP][PASSED] - out.println("Pass Record Number: " + row): null

2024-10-17 14:13:53 - [TEST_STEP][PASSED] - resText = "Pass": null

2024-10-17 14:13:53 - [TEST_STEP][PASSED] - pages.WriteExcel.demoKey(resText, datText, resColumn, datCloumn, fileLoc, nameSheet, row): pages.WriteExcel.demoKey is PASSED

2024-10-17 14:13:53 - [MESSAGE][PASSED] - pages.WriteExcel.demoKey is PASSED

2024-10-17 14:13:53 - [TEST_STEP][PASSED] - ExecuteTC = findTestData(dataFile).getValue("Execute", row): null

2024-10-17 14:13:53 - [TEST_STEP][PASSED] - Taxtype = findTestData(dataFile).getValue("TaxType", row): null

2024-10-17 14:13:53 - [TEST_STEP][PASSED] - Paymenttype = findTestData(dataFile).getValue("PaymentType", row): null

2024-10-17 14:13:53 - [TEST_STEP][PASSED] - out.println("Value of Execute is : " + ExecuteTC): null

2024-10-17 14:13:53 - [TEST_STEP][PASSED] - if (ExecuteTC.equalsIgnoreCase("Y")): null

2024-10-17 14:13:53 - [TEST_STEP][PASSED] - out.println("Begin Record Number: " + row): null

2024-10-17 14:13:53 - [TEST_STEP][PASSED] - today = new java.util.Date(): null

2024-10-17 14:13:53 - [TEST_STEP][PASSED] - println(today): null

2024-10-17 14:13:53 - [TEST_STEP][PASSED] - datText = today: null

2024-10-17 14:13:53 - [TEST_STEP][PASSED] - Taxtype = findTestData(dataFile).getValue("TaxType", row): null

2024-10-17 14:13:53 - [TEST_STEP][PASSED] - out.println("Taxtype value is : " + Taxtype): null

2024-10-17 14:13:53 - [TEST_STEP][PASSED] - openBrowser(""): Browser is opened with url: ''

2024-10-17 14:13:53 - [MESSAGE][WARNING] - A browser is already opened. Closing browser and opening a new one

2024-10-17 14:13:54 - [MESSAGE][INFO] - Starting 'Chrome' driver

2024-10-17 14:13:54 - [MESSAGE][INFO] - User set preference: ['acceptInsecureCerts', 'true']

2024-10-17 14:13:54 - [MESSAGE][INFO] - Action delay is set to 0 milliseconds

2024-10-17 14:13:56 - [MESSAGE][PASSED] - Browser is opened with url: ''

2024-10-17 14:13:56 - [TEST_STEP][PASSED] - maximizeWindow(): Current window maximized

2024-10-17 14:13:56 - [MESSAGE][PASSED] - Current window maximized

2024-10-17 14:13:56 - [TEST_STEP][PASSED] - navigateToUrl(RADurl): Navigate to 'https://demo.velocitypayment.com/client/rad/index.html' successfully

2024-10-17 14:13:58 - [MESSAGE][PASSED] - Navigate to 'https://demo.velocitypayment.com/client/rad/index.html' successfully

2024-10-17 14:13:58 - [TEST_STEP][PASSED] - orPath_Landing = "Object Repository/RAD_Pages/Landing_Page": null

2024-10-17 14:13:58 - [TEST_STEP][PASSED] - orPath_TaxTypeFilingYear = "Object Repository/RAD_Pages/TaxTypeFilingYear_Page": null

2024-10-17 14:13:58 - [TEST_STEP][PASSED] - orPath_TaxPayer = "Object Repository/RAD_Pages/Taxpayer_Page": null

2024-10-17 14:13:58 - [TEST_STEP][PASSED] - orPath_AddressContact = "Object Repository/RAD_Pages/AddressAndContactInfo_Page": null

2024-10-17 14:13:58 - [TEST_STEP][PASSED] - orPath_FilingStatus = "Object Repository/RAD_Pages/FilingStatus_Page": null

2024-10-17 14:13:58 - [TEST_STEP][PASSED] - orPath_Amount = "Object Repository/RAD_Pages/PaymentAmount_Page": null

2024-10-17 14:13:58 - [TEST_STEP][PASSED] - orPath_TaxInfo = "Object Repository/RAD_Pages/TaxInfo_Page": null

2024-10-17 14:13:58 - [TEST_STEP][PASSED] - orPath_Withholding = "Object Repository/RAD_Pages/Withholding_Page": null

2024-10-17 14:13:58 - [TEST_STEP][PASSED] - orPath_Summary = "Object Repository/RAD_Pages/Summary_Page": null

2024-10-17 14:13:58 - [TEST_STEP][PASSED] - orPath_PaymentReady = "Object Repository/RAD_Pages/PaymentReady_Page": null

2024-10-17 14:13:58 - [TEST_STEP][PASSED] - orPath_PaymentEntry = "Object Repository/RAD_Pages/PaymentEntry_Page": null

2024-10-17 14:13:58 - [TEST_STEP][PASSED] - orPath_PaymentConfirmation = "Object Repository/RAD_Pages/PaymentConfirmation_Page": null

2024-10-17 14:13:58 - [TEST_STEP][PASSED] - orPath_ServiceFeesAccept = "Object Repository/RAD_Pages/ServiceFeeAccept_Page": null

2024-10-17 14:13:58 - [TEST_STEP][PASSED] - selectOptionByLabel(findTestObject(orPath_Landing + "/dd_TaxType"), Paymenttype, false): All options with label 'Existing Liability with Notice/Invoice Number' are selected in object 'Object Repository/RAD_Pages/Landing_Page/dd_TaxType' 

2024-10-17 14:13:59 - [MESSAGE][PASSED] - All options with label 'Existing Liability with Notice/Invoice Number' are selected in object 'Object Repository/RAD_Pages/Landing_Page/dd_TaxType' 

2024-10-17 14:13:59 - [TEST_STEP][PASSED] - delay(1): Delayed 1 second(s)

2024-10-17 14:14:00 - [MESSAGE][PASSED] - Delayed 1 second(s)

2024-10-17 14:14:00 - [TEST_STEP][PASSED] - switch (Paymenttype): null

2024-10-17 14:14:00 - [TEST_STEP][PASSED] - case "Existing Liability with Notice/Invoice Number":: null

2024-10-17 14:14:00 - [TEST_STEP][PASSED] - selectOptionByLabel(findTestObject(orPath_TaxTypeFilingYear + "/select_TaxType_ExistingLiability"), Taxtype, false): All options with label 'Admissions and Amusement Tax' are selected in object 'Object Repository/RAD_Pages/TaxTypeFilingYear_Page/select_TaxType_ExistingLiability' 

2024-10-17 14:14:00 - [MESSAGE][PASSED] - All options with label 'Admissions and Amusement Tax' are selected in object 'Object Repository/RAD_Pages/TaxTypeFilingYear_Page/select_TaxType_ExistingLiability' 

2024-10-17 14:14:00 - [TEST_STEP][PASSED] - break: null

2024-10-17 14:14:00 - [TEST_STEP][PASSED] - delay(1): Delayed 1 second(s)

2024-10-17 14:14:01 - [MESSAGE][PASSED] - Delayed 1 second(s)

2024-10-17 14:14:01 - [TEST_STEP][PASSED] - scrollToElement(findTestObject(orPath_Amount + "/input__paymentAmount"), 2, CONTINUE_ON_FAILURE): Scroll to object 'Object Repository/RAD_Pages/PaymentAmount_Page/input__paymentAmount' successfully

2024-10-17 14:14:02 - [MESSAGE][PASSED] - Scroll to object 'Object Repository/RAD_Pages/PaymentAmount_Page/input__paymentAmount' successfully

2024-10-17 14:14:02 - [TEST_STEP][PASSED] - switch (Paymenttype): null

2024-10-17 14:14:02 - [TEST_STEP][PASSED] - case "Existing Liability with Notice/Invoice Number":: null

2024-10-17 14:14:02 - [TEST_STEP][PASSED] - setEncryptedText(findTestObject("Object Repository/RAD_RecordAndPlay/input_Existing_FEIN"), "RigbBhfdqODKcAsiUrg+1Q=="): Text ****** has been set on object 'Object Repository/RAD_RecordAndPlay/input_Existing_FEIN'

2024-10-17 14:14:02 - [MESSAGE][PASSED] - Text ****** has been set on object 'Object Repository/RAD_RecordAndPlay/input_Existing_FEIN'

2024-10-17 14:14:02 - [TEST_STEP][PASSED] - setEncryptedText(findTestObject("Object Repository/RAD_RecordAndPlay/input_Existing_RetypeFEIN"), "RigbBhfdqOBBGbZqm4oFJQ=="): Text ****** has been set on object 'Object Repository/RAD_RecordAndPlay/input_Existing_RetypeFEIN'

2024-10-17 14:14:03 - [MESSAGE][PASSED] - Text ****** has been set on object 'Object Repository/RAD_RecordAndPlay/input_Existing_RetypeFEIN'

2024-10-17 14:14:03 - [TEST_STEP][PASSED] - break: null

2024-10-17 14:14:03 - [TEST_STEP][PASSED] - setText(findTestObject(orPath_Amount + "/input__paymentAmount"), ""): Text '' is set on object 'Object Repository/RAD_Pages/PaymentAmount_Page/input__paymentAmount'

2024-10-17 14:14:04 - [MESSAGE][PASSED] - Text '' is set on object 'Object Repository/RAD_Pages/PaymentAmount_Page/input__paymentAmount'

2024-10-17 14:14:04 - [TEST_STEP][PASSED] - verifyTextPresent("The FEIN and Re-type FEIN do not match", true): Text 'The FEIN and Re-type FEIN do not match' is present on page  using regular expression

2024-10-17 14:14:04 - [MESSAGE][PASSED] - Text 'The FEIN and Re-type FEIN do not match' is present on page  using regular expression

2024-10-17 14:14:04 - [TEST_STEP][PASSED] - if (verifyTextPresent("The FEIN and Re-type FEIN do not match", true)): null

2024-10-17 14:14:05 - [MESSAGE][PASSED] - Text 'The FEIN and Re-type FEIN do not match' is present on page  using regular expression

2024-10-17 14:14:05 - [TEST_STEP][PASSED] - println("Error Message is present on the page"): null

2024-10-17 14:14:05 - [TEST_STEP][PASSED] - out.println("Pass Record Number: " + row): null

2024-10-17 14:14:05 - [TEST_STEP][PASSED] - resText = "Pass": null

2024-10-17 14:14:05 - [TEST_STEP][PASSED] - pages.WriteExcel.demoKey(resText, datText, resColumn, datCloumn, fileLoc, nameSheet, row): pages.WriteExcel.demoKey is PASSED

2024-10-17 14:14:05 - [MESSAGE][PASSED] - pages.WriteExcel.demoKey is PASSED

2024-10-17 14:14:05 - [TEST_STEP][PASSED] - ExecuteTC = findTestData(dataFile).getValue("Execute", row): null

2024-10-17 14:14:05 - [TEST_STEP][PASSED] - Taxtype = findTestData(dataFile).getValue("TaxType", row): null

2024-10-17 14:14:05 - [TEST_STEP][PASSED] - Paymenttype = findTestData(dataFile).getValue("PaymentType", row): null

2024-10-17 14:14:05 - [TEST_STEP][PASSED] - out.println("Value of Execute is : " + ExecuteTC): null

2024-10-17 14:14:05 - [TEST_STEP][PASSED] - if (ExecuteTC.equalsIgnoreCase("Y")): null

2024-10-17 14:14:05 - [TEST_STEP][PASSED] - out.println("Begin Record Number: " + row): null

2024-10-17 14:14:05 - [TEST_STEP][PASSED] - today = new java.util.Date(): null

2024-10-17 14:14:05 - [TEST_STEP][PASSED] - println(today): null

2024-10-17 14:14:05 - [TEST_STEP][PASSED] - datText = today: null

2024-10-17 14:14:05 - [TEST_STEP][PASSED] - Taxtype = findTestData(dataFile).getValue("TaxType", row): null

2024-10-17 14:14:05 - [TEST_STEP][PASSED] - out.println("Taxtype value is : " + Taxtype): null

2024-10-17 14:14:05 - [TEST_STEP][PASSED] - openBrowser(""): Browser is opened with url: ''

2024-10-17 14:14:05 - [MESSAGE][WARNING] - A browser is already opened. Closing browser and opening a new one

2024-10-17 14:14:07 - [MESSAGE][INFO] - Starting 'Chrome' driver

2024-10-17 14:14:07 - [MESSAGE][INFO] - User set preference: ['acceptInsecureCerts', 'true']

2024-10-17 14:14:07 - [MESSAGE][INFO] - Action delay is set to 0 milliseconds

2024-10-17 14:14:08 - [MESSAGE][PASSED] - Browser is opened with url: ''

2024-10-17 14:14:08 - [TEST_STEP][PASSED] - maximizeWindow(): Current window maximized

2024-10-17 14:14:08 - [MESSAGE][PASSED] - Current window maximized

2024-10-17 14:14:08 - [TEST_STEP][PASSED] - navigateToUrl(RADurl): Navigate to 'https://demo.velocitypayment.com/client/rad/index.html' successfully

2024-10-17 14:14:10 - [MESSAGE][PASSED] - Navigate to 'https://demo.velocitypayment.com/client/rad/index.html' successfully

2024-10-17 14:14:10 - [TEST_STEP][PASSED] - orPath_Landing = "Object Repository/RAD_Pages/Landing_Page": null

2024-10-17 14:14:10 - [TEST_STEP][PASSED] - orPath_TaxTypeFilingYear = "Object Repository/RAD_Pages/TaxTypeFilingYear_Page": null

2024-10-17 14:14:10 - [TEST_STEP][PASSED] - orPath_TaxPayer = "Object Repository/RAD_Pages/Taxpayer_Page": null

2024-10-17 14:14:10 - [TEST_STEP][PASSED] - orPath_AddressContact = "Object Repository/RAD_Pages/AddressAndContactInfo_Page": null

2024-10-17 14:14:10 - [TEST_STEP][PASSED] - orPath_FilingStatus = "Object Repository/RAD_Pages/FilingStatus_Page": null

2024-10-17 14:14:10 - [TEST_STEP][PASSED] - orPath_Amount = "Object Repository/RAD_Pages/PaymentAmount_Page": null

2024-10-17 14:14:10 - [TEST_STEP][PASSED] - orPath_TaxInfo = "Object Repository/RAD_Pages/TaxInfo_Page": null

2024-10-17 14:14:10 - [TEST_STEP][PASSED] - orPath_Withholding = "Object Repository/RAD_Pages/Withholding_Page": null

2024-10-17 14:14:10 - [TEST_STEP][PASSED] - orPath_Summary = "Object Repository/RAD_Pages/Summary_Page": null

2024-10-17 14:14:10 - [TEST_STEP][PASSED] - orPath_PaymentReady = "Object Repository/RAD_Pages/PaymentReady_Page": null

2024-10-17 14:14:10 - [TEST_STEP][PASSED] - orPath_PaymentEntry = "Object Repository/RAD_Pages/PaymentEntry_Page": null

2024-10-17 14:14:10 - [TEST_STEP][PASSED] - orPath_PaymentConfirmation = "Object Repository/RAD_Pages/PaymentConfirmation_Page": null

2024-10-17 14:14:10 - [TEST_STEP][PASSED] - orPath_ServiceFeesAccept = "Object Repository/RAD_Pages/ServiceFeeAccept_Page": null

2024-10-17 14:14:10 - [TEST_STEP][PASSED] - selectOptionByLabel(findTestObject(orPath_Landing + "/dd_TaxType"), Paymenttype, false): All options with label 'Existing Liability with Notice/Invoice Number' are selected in object 'Object Repository/RAD_Pages/Landing_Page/dd_TaxType' 

2024-10-17 14:14:11 - [MESSAGE][PASSED] - All options with label 'Existing Liability with Notice/Invoice Number' are selected in object 'Object Repository/RAD_Pages/Landing_Page/dd_TaxType' 

2024-10-17 14:14:11 - [TEST_STEP][PASSED] - delay(1): Delayed 1 second(s)

2024-10-17 14:14:12 - [MESSAGE][PASSED] - Delayed 1 second(s)

2024-10-17 14:14:12 - [TEST_STEP][PASSED] - switch (Paymenttype): null

2024-10-17 14:14:12 - [TEST_STEP][PASSED] - case "Existing Liability with Notice/Invoice Number":: null

2024-10-17 14:14:12 - [TEST_STEP][PASSED] - selectOptionByLabel(findTestObject(orPath_TaxTypeFilingYear + "/select_TaxType_ExistingLiability"), Taxtype, false): All options with label 'Motor Fuel Tax' are selected in object 'Object Repository/RAD_Pages/TaxTypeFilingYear_Page/select_TaxType_ExistingLiability' 

2024-10-17 14:14:13 - [MESSAGE][PASSED] - All options with label 'Motor Fuel Tax' are selected in object 'Object Repository/RAD_Pages/TaxTypeFilingYear_Page/select_TaxType_ExistingLiability' 

2024-10-17 14:14:13 - [TEST_STEP][PASSED] - break: null

2024-10-17 14:14:13 - [TEST_STEP][PASSED] - delay(1): Delayed 1 second(s)

2024-10-17 14:14:14 - [MESSAGE][PASSED] - Delayed 1 second(s)

2024-10-17 14:14:14 - [TEST_STEP][PASSED] - scrollToElement(findTestObject(orPath_Amount + "/input__paymentAmount"), 2, CONTINUE_ON_FAILURE): Scroll to object 'Object Repository/RAD_Pages/PaymentAmount_Page/input__paymentAmount' successfully

2024-10-17 14:14:14 - [MESSAGE][PASSED] - Scroll to object 'Object Repository/RAD_Pages/PaymentAmount_Page/input__paymentAmount' successfully

2024-10-17 14:14:14 - [TEST_STEP][PASSED] - switch (Paymenttype): null

2024-10-17 14:14:14 - [TEST_STEP][PASSED] - case "Existing Liability with Notice/Invoice Number":: null

2024-10-17 14:14:14 - [TEST_STEP][PASSED] - setEncryptedText(findTestObject("Object Repository/RAD_RecordAndPlay/input_Existing_FEIN"), "RigbBhfdqODKcAsiUrg+1Q=="): Text ****** has been set on object 'Object Repository/RAD_RecordAndPlay/input_Existing_FEIN'

2024-10-17 14:14:15 - [MESSAGE][PASSED] - Text ****** has been set on object 'Object Repository/RAD_RecordAndPlay/input_Existing_FEIN'

2024-10-17 14:14:15 - [TEST_STEP][PASSED] - setEncryptedText(findTestObject("Object Repository/RAD_RecordAndPlay/input_Existing_RetypeFEIN"), "RigbBhfdqOBBGbZqm4oFJQ=="): Text ****** has been set on object 'Object Repository/RAD_RecordAndPlay/input_Existing_RetypeFEIN'

2024-10-17 14:14:15 - [MESSAGE][PASSED] - Text ****** has been set on object 'Object Repository/RAD_RecordAndPlay/input_Existing_RetypeFEIN'

2024-10-17 14:14:15 - [TEST_STEP][PASSED] - break: null

2024-10-17 14:14:15 - [TEST_STEP][PASSED] - setText(findTestObject(orPath_Amount + "/input__paymentAmount"), ""): Text '' is set on object 'Object Repository/RAD_Pages/PaymentAmount_Page/input__paymentAmount'

2024-10-17 14:14:16 - [MESSAGE][PASSED] - Text '' is set on object 'Object Repository/RAD_Pages/PaymentAmount_Page/input__paymentAmount'

2024-10-17 14:14:16 - [TEST_STEP][PASSED] - verifyTextPresent("The FEIN and Re-type FEIN do not match", true): Text 'The FEIN and Re-type FEIN do not match' is present on page  using regular expression

2024-10-17 14:14:17 - [MESSAGE][PASSED] - Text 'The FEIN and Re-type FEIN do not match' is present on page  using regular expression

2024-10-17 14:14:17 - [TEST_STEP][PASSED] - if (verifyTextPresent("The FEIN and Re-type FEIN do not match", true)): null

2024-10-17 14:14:17 - [MESSAGE][PASSED] - Text 'The FEIN and Re-type FEIN do not match' is present on page  using regular expression

2024-10-17 14:14:17 - [TEST_STEP][PASSED] - println("Error Message is present on the page"): null

2024-10-17 14:14:17 - [TEST_STEP][PASSED] - out.println("Pass Record Number: " + row): null

2024-10-17 14:14:17 - [TEST_STEP][PASSED] - resText = "Pass": null

2024-10-17 14:14:17 - [TEST_STEP][PASSED] - pages.WriteExcel.demoKey(resText, datText, resColumn, datCloumn, fileLoc, nameSheet, row): pages.WriteExcel.demoKey is PASSED

2024-10-17 14:14:17 - [MESSAGE][PASSED] - pages.WriteExcel.demoKey is PASSED

2024-10-17 14:14:17 - [TEST_STEP][PASSED] - ExecuteTC = findTestData(dataFile).getValue("Execute", row): null

2024-10-17 14:14:17 - [TEST_STEP][PASSED] - Taxtype = findTestData(dataFile).getValue("TaxType", row): null

2024-10-17 14:14:17 - [TEST_STEP][PASSED] - Paymenttype = findTestData(dataFile).getValue("PaymentType", row): null

2024-10-17 14:14:17 - [TEST_STEP][PASSED] - out.println("Value of Execute is : " + ExecuteTC): null

2024-10-17 14:14:17 - [TEST_STEP][PASSED] - if (ExecuteTC.equalsIgnoreCase("Y")): null

2024-10-17 14:14:17 - [TEST_STEP][PASSED] - out.println("Begin Record Number: " + row): null

2024-10-17 14:14:17 - [TEST_STEP][PASSED] - today = new java.util.Date(): null

2024-10-17 14:14:17 - [TEST_STEP][PASSED] - println(today): null

2024-10-17 14:14:17 - [TEST_STEP][PASSED] - datText = today: null

2024-10-17 14:14:17 - [TEST_STEP][PASSED] - Taxtype = findTestData(dataFile).getValue("TaxType", row): null

2024-10-17 14:14:17 - [TEST_STEP][PASSED] - out.println("Taxtype value is : " + Taxtype): null

2024-10-17 14:14:17 - [TEST_STEP][PASSED] - openBrowser(""): Browser is opened with url: ''

2024-10-17 14:14:17 - [MESSAGE][WARNING] - A browser is already opened. Closing browser and opening a new one

2024-10-17 14:14:19 - [MESSAGE][INFO] - Starting 'Chrome' driver

2024-10-17 14:14:19 - [MESSAGE][INFO] - User set preference: ['acceptInsecureCerts', 'true']

2024-10-17 14:14:19 - [MESSAGE][INFO] - Action delay is set to 0 milliseconds

2024-10-17 14:14:21 - [MESSAGE][PASSED] - Browser is opened with url: ''

2024-10-17 14:14:21 - [TEST_STEP][PASSED] - maximizeWindow(): Current window maximized

2024-10-17 14:14:21 - [MESSAGE][PASSED] - Current window maximized

2024-10-17 14:14:21 - [TEST_STEP][PASSED] - navigateToUrl(RADurl): Navigate to 'https://demo.velocitypayment.com/client/rad/index.html' successfully

2024-10-17 14:14:22 - [MESSAGE][PASSED] - Navigate to 'https://demo.velocitypayment.com/client/rad/index.html' successfully

2024-10-17 14:14:22 - [TEST_STEP][PASSED] - orPath_Landing = "Object Repository/RAD_Pages/Landing_Page": null

2024-10-17 14:14:22 - [TEST_STEP][PASSED] - orPath_TaxTypeFilingYear = "Object Repository/RAD_Pages/TaxTypeFilingYear_Page": null

2024-10-17 14:14:22 - [TEST_STEP][PASSED] - orPath_TaxPayer = "Object Repository/RAD_Pages/Taxpayer_Page": null

2024-10-17 14:14:22 - [TEST_STEP][PASSED] - orPath_AddressContact = "Object Repository/RAD_Pages/AddressAndContactInfo_Page": null

2024-10-17 14:14:22 - [TEST_STEP][PASSED] - orPath_FilingStatus = "Object Repository/RAD_Pages/FilingStatus_Page": null

2024-10-17 14:14:22 - [TEST_STEP][PASSED] - orPath_Amount = "Object Repository/RAD_Pages/PaymentAmount_Page": null

2024-10-17 14:14:22 - [TEST_STEP][PASSED] - orPath_TaxInfo = "Object Repository/RAD_Pages/TaxInfo_Page": null

2024-10-17 14:14:22 - [TEST_STEP][PASSED] - orPath_Withholding = "Object Repository/RAD_Pages/Withholding_Page": null

2024-10-17 14:14:22 - [TEST_STEP][PASSED] - orPath_Summary = "Object Repository/RAD_Pages/Summary_Page": null

2024-10-17 14:14:22 - [TEST_STEP][PASSED] - orPath_PaymentReady = "Object Repository/RAD_Pages/PaymentReady_Page": null

2024-10-17 14:14:22 - [TEST_STEP][PASSED] - orPath_PaymentEntry = "Object Repository/RAD_Pages/PaymentEntry_Page": null

2024-10-17 14:14:22 - [TEST_STEP][PASSED] - orPath_PaymentConfirmation = "Object Repository/RAD_Pages/PaymentConfirmation_Page": null

2024-10-17 14:14:22 - [TEST_STEP][PASSED] - orPath_ServiceFeesAccept = "Object Repository/RAD_Pages/ServiceFeeAccept_Page": null

2024-10-17 14:14:22 - [TEST_STEP][PASSED] - selectOptionByLabel(findTestObject(orPath_Landing + "/dd_TaxType"), Paymenttype, false): All options with label 'Existing Liability with Notice/Invoice Number' are selected in object 'Object Repository/RAD_Pages/Landing_Page/dd_TaxType' 

2024-10-17 14:14:23 - [MESSAGE][PASSED] - All options with label 'Existing Liability with Notice/Invoice Number' are selected in object 'Object Repository/RAD_Pages/Landing_Page/dd_TaxType' 

2024-10-17 14:14:23 - [TEST_STEP][PASSED] - delay(1): Delayed 1 second(s)

2024-10-17 14:14:24 - [MESSAGE][PASSED] - Delayed 1 second(s)

2024-10-17 14:14:24 - [TEST_STEP][PASSED] - switch (Paymenttype): null

2024-10-17 14:14:24 - [TEST_STEP][PASSED] - case "Existing Liability with Notice/Invoice Number":: null

2024-10-17 14:14:24 - [TEST_STEP][PASSED] - selectOptionByLabel(findTestObject(orPath_TaxTypeFilingYear + "/select_TaxType_ExistingLiability"), Taxtype, false): All options with label 'Slots License Fee' are selected in object 'Object Repository/RAD_Pages/TaxTypeFilingYear_Page/select_TaxType_ExistingLiability' 

2024-10-17 14:14:25 - [MESSAGE][PASSED] - All options with label 'Slots License Fee' are selected in object 'Object Repository/RAD_Pages/TaxTypeFilingYear_Page/select_TaxType_ExistingLiability' 

2024-10-17 14:14:25 - [TEST_STEP][PASSED] - break: null

2024-10-17 14:14:25 - [TEST_STEP][PASSED] - delay(1): Delayed 1 second(s)

2024-10-17 14:14:26 - [MESSAGE][PASSED] - Delayed 1 second(s)

2024-10-17 14:14:26 - [TEST_STEP][PASSED] - scrollToElement(findTestObject(orPath_Amount + "/input__paymentAmount"), 2, CONTINUE_ON_FAILURE): Scroll to object 'Object Repository/RAD_Pages/PaymentAmount_Page/input__paymentAmount' successfully

2024-10-17 14:14:26 - [MESSAGE][PASSED] - Scroll to object 'Object Repository/RAD_Pages/PaymentAmount_Page/input__paymentAmount' successfully

2024-10-17 14:14:26 - [TEST_STEP][PASSED] - switch (Paymenttype): null

2024-10-17 14:14:26 - [TEST_STEP][PASSED] - case "Existing Liability with Notice/Invoice Number":: null

2024-10-17 14:14:26 - [TEST_STEP][PASSED] - setEncryptedText(findTestObject("Object Repository/RAD_RecordAndPlay/input_Existing_FEIN"), "RigbBhfdqODKcAsiUrg+1Q=="): Text ****** has been set on object 'Object Repository/RAD_RecordAndPlay/input_Existing_FEIN'

2024-10-17 14:14:27 - [MESSAGE][PASSED] - Text ****** has been set on object 'Object Repository/RAD_RecordAndPlay/input_Existing_FEIN'

2024-10-17 14:14:27 - [TEST_STEP][PASSED] - setEncryptedText(findTestObject("Object Repository/RAD_RecordAndPlay/input_Existing_RetypeFEIN"), "RigbBhfdqOBBGbZqm4oFJQ=="): Text ****** has been set on object 'Object Repository/RAD_RecordAndPlay/input_Existing_RetypeFEIN'

2024-10-17 14:14:27 - [MESSAGE][PASSED] - Text ****** has been set on object 'Object Repository/RAD_RecordAndPlay/input_Existing_RetypeFEIN'

2024-10-17 14:14:27 - [TEST_STEP][PASSED] - break: null

2024-10-17 14:14:27 - [TEST_STEP][PASSED] - setText(findTestObject(orPath_Amount + "/input__paymentAmount"), ""): Text '' is set on object 'Object Repository/RAD_Pages/PaymentAmount_Page/input__paymentAmount'

2024-10-17 14:14:28 - [MESSAGE][PASSED] - Text '' is set on object 'Object Repository/RAD_Pages/PaymentAmount_Page/input__paymentAmount'

2024-10-17 14:14:28 - [TEST_STEP][PASSED] - verifyTextPresent("The FEIN and Re-type FEIN do not match", true): Text 'The FEIN and Re-type FEIN do not match' is present on page  using regular expression

2024-10-17 14:14:29 - [MESSAGE][PASSED] - Text 'The FEIN and Re-type FEIN do not match' is present on page  using regular expression

2024-10-17 14:14:29 - [TEST_STEP][PASSED] - if (verifyTextPresent("The FEIN and Re-type FEIN do not match", true)): null

2024-10-17 14:14:29 - [MESSAGE][PASSED] - Text 'The FEIN and Re-type FEIN do not match' is present on page  using regular expression

2024-10-17 14:14:29 - [TEST_STEP][PASSED] - println("Error Message is present on the page"): null

2024-10-17 14:14:29 - [TEST_STEP][PASSED] - out.println("Pass Record Number: " + row): null

2024-10-17 14:14:29 - [TEST_STEP][PASSED] - resText = "Pass": null

2024-10-17 14:14:29 - [TEST_STEP][PASSED] - pages.WriteExcel.demoKey(resText, datText, resColumn, datCloumn, fileLoc, nameSheet, row): pages.WriteExcel.demoKey is PASSED

2024-10-17 14:14:29 - [MESSAGE][PASSED] - pages.WriteExcel.demoKey is PASSED

2024-10-17 14:14:29 - [TEST_STEP][PASSED] - ExecuteTC = findTestData(dataFile).getValue("Execute", row): null

2024-10-17 14:14:29 - [TEST_STEP][PASSED] - Taxtype = findTestData(dataFile).getValue("TaxType", row): null

2024-10-17 14:14:29 - [TEST_STEP][PASSED] - Paymenttype = findTestData(dataFile).getValue("PaymentType", row): null

2024-10-17 14:14:29 - [TEST_STEP][PASSED] - out.println("Value of Execute is : " + ExecuteTC): null

2024-10-17 14:14:29 - [TEST_STEP][PASSED] - if (ExecuteTC.equalsIgnoreCase("Y")): null

2024-10-17 14:14:29 - [TEST_STEP][PASSED] - out.println("Begin Record Number: " + row): null

2024-10-17 14:14:29 - [TEST_STEP][PASSED] - today = new java.util.Date(): null

2024-10-17 14:14:29 - [TEST_STEP][PASSED] - println(today): null

2024-10-17 14:14:29 - [TEST_STEP][PASSED] - datText = today: null

2024-10-17 14:14:29 - [TEST_STEP][PASSED] - Taxtype = findTestData(dataFile).getValue("TaxType", row): null

2024-10-17 14:14:29 - [TEST_STEP][PASSED] - out.println("Taxtype value is : " + Taxtype): null

2024-10-17 14:14:29 - [TEST_STEP][PASSED] - openBrowser(""): Browser is opened with url: ''

2024-10-17 14:14:29 - [MESSAGE][WARNING] - A browser is already opened. Closing browser and opening a new one

2024-10-17 14:14:31 - [MESSAGE][INFO] - Starting 'Chrome' driver

2024-10-17 14:14:31 - [MESSAGE][INFO] - User set preference: ['acceptInsecureCerts', 'true']

2024-10-17 14:14:31 - [MESSAGE][INFO] - Action delay is set to 0 milliseconds

2024-10-17 14:14:32 - [MESSAGE][PASSED] - Browser is opened with url: ''

2024-10-17 14:14:32 - [TEST_STEP][PASSED] - maximizeWindow(): Current window maximized

2024-10-17 14:14:32 - [MESSAGE][PASSED] - Current window maximized

2024-10-17 14:14:32 - [TEST_STEP][PASSED] - navigateToUrl(RADurl): Navigate to 'https://demo.velocitypayment.com/client/rad/index.html' successfully

2024-10-17 14:14:34 - [MESSAGE][PASSED] - Navigate to 'https://demo.velocitypayment.com/client/rad/index.html' successfully

2024-10-17 14:14:34 - [TEST_STEP][PASSED] - orPath_Landing = "Object Repository/RAD_Pages/Landing_Page": null

2024-10-17 14:14:34 - [TEST_STEP][PASSED] - orPath_TaxTypeFilingYear = "Object Repository/RAD_Pages/TaxTypeFilingYear_Page": null

2024-10-17 14:14:34 - [TEST_STEP][PASSED] - orPath_TaxPayer = "Object Repository/RAD_Pages/Taxpayer_Page": null

2024-10-17 14:14:34 - [TEST_STEP][PASSED] - orPath_AddressContact = "Object Repository/RAD_Pages/AddressAndContactInfo_Page": null

2024-10-17 14:14:34 - [TEST_STEP][PASSED] - orPath_FilingStatus = "Object Repository/RAD_Pages/FilingStatus_Page": null

2024-10-17 14:14:34 - [TEST_STEP][PASSED] - orPath_Amount = "Object Repository/RAD_Pages/PaymentAmount_Page": null

2024-10-17 14:14:34 - [TEST_STEP][PASSED] - orPath_TaxInfo = "Object Repository/RAD_Pages/TaxInfo_Page": null

2024-10-17 14:14:34 - [TEST_STEP][PASSED] - orPath_Withholding = "Object Repository/RAD_Pages/Withholding_Page": null

2024-10-17 14:14:34 - [TEST_STEP][PASSED] - orPath_Summary = "Object Repository/RAD_Pages/Summary_Page": null

2024-10-17 14:14:34 - [TEST_STEP][PASSED] - orPath_PaymentReady = "Object Repository/RAD_Pages/PaymentReady_Page": null

2024-10-17 14:14:34 - [TEST_STEP][PASSED] - orPath_PaymentEntry = "Object Repository/RAD_Pages/PaymentEntry_Page": null

2024-10-17 14:14:34 - [TEST_STEP][PASSED] - orPath_PaymentConfirmation = "Object Repository/RAD_Pages/PaymentConfirmation_Page": null

2024-10-17 14:14:34 - [TEST_STEP][PASSED] - orPath_ServiceFeesAccept = "Object Repository/RAD_Pages/ServiceFeeAccept_Page": null

2024-10-17 14:14:34 - [TEST_STEP][PASSED] - selectOptionByLabel(findTestObject(orPath_Landing + "/dd_TaxType"), Paymenttype, false): All options with label 'Existing Liability with Notice/Invoice Number' are selected in object 'Object Repository/RAD_Pages/Landing_Page/dd_TaxType' 

2024-10-17 14:14:35 - [MESSAGE][PASSED] - All options with label 'Existing Liability with Notice/Invoice Number' are selected in object 'Object Repository/RAD_Pages/Landing_Page/dd_TaxType' 

2024-10-17 14:14:35 - [TEST_STEP][PASSED] - delay(1): Delayed 1 second(s)

2024-10-17 14:14:36 - [MESSAGE][PASSED] - Delayed 1 second(s)

2024-10-17 14:14:36 - [TEST_STEP][PASSED] - switch (Paymenttype): null

2024-10-17 14:14:36 - [TEST_STEP][PASSED] - case "Existing Liability with Notice/Invoice Number":: null

2024-10-17 14:14:36 - [TEST_STEP][PASSED] - selectOptionByLabel(findTestObject(orPath_TaxTypeFilingYear + "/select_TaxType_ExistingLiability"), Taxtype, false): All options with label 'Transportation Network Services' are selected in object 'Object Repository/RAD_Pages/TaxTypeFilingYear_Page/select_TaxType_ExistingLiability' 

2024-10-17 14:14:36 - [MESSAGE][PASSED] - All options with label 'Transportation Network Services' are selected in object 'Object Repository/RAD_Pages/TaxTypeFilingYear_Page/select_TaxType_ExistingLiability' 

2024-10-17 14:14:36 - [TEST_STEP][PASSED] - break: null

2024-10-17 14:14:36 - [TEST_STEP][PASSED] - delay(1): Delayed 1 second(s)

2024-10-17 14:14:37 - [MESSAGE][PASSED] - Delayed 1 second(s)

2024-10-17 14:14:37 - [TEST_STEP][PASSED] - scrollToElement(findTestObject(orPath_Amount + "/input__paymentAmount"), 2, CONTINUE_ON_FAILURE): Scroll to object 'Object Repository/RAD_Pages/PaymentAmount_Page/input__paymentAmount' successfully

2024-10-17 14:14:38 - [MESSAGE][PASSED] - Scroll to object 'Object Repository/RAD_Pages/PaymentAmount_Page/input__paymentAmount' successfully

2024-10-17 14:14:38 - [TEST_STEP][PASSED] - switch (Paymenttype): null

2024-10-17 14:14:38 - [TEST_STEP][PASSED] - case "Existing Liability with Notice/Invoice Number":: null

2024-10-17 14:14:38 - [TEST_STEP][PASSED] - setEncryptedText(findTestObject("Object Repository/RAD_RecordAndPlay/input_Existing_FEIN"), "RigbBhfdqODKcAsiUrg+1Q=="): Text ****** has been set on object 'Object Repository/RAD_RecordAndPlay/input_Existing_FEIN'

2024-10-17 14:14:38 - [MESSAGE][PASSED] - Text ****** has been set on object 'Object Repository/RAD_RecordAndPlay/input_Existing_FEIN'

2024-10-17 14:14:38 - [TEST_STEP][PASSED] - setEncryptedText(findTestObject("Object Repository/RAD_RecordAndPlay/input_Existing_RetypeFEIN"), "RigbBhfdqOBBGbZqm4oFJQ=="): Text ****** has been set on object 'Object Repository/RAD_RecordAndPlay/input_Existing_RetypeFEIN'

2024-10-17 14:14:39 - [MESSAGE][PASSED] - Text ****** has been set on object 'Object Repository/RAD_RecordAndPlay/input_Existing_RetypeFEIN'

2024-10-17 14:14:39 - [TEST_STEP][PASSED] - break: null

2024-10-17 14:14:39 - [TEST_STEP][PASSED] - setText(findTestObject(orPath_Amount + "/input__paymentAmount"), ""): Text '' is set on object 'Object Repository/RAD_Pages/PaymentAmount_Page/input__paymentAmount'

2024-10-17 14:14:40 - [MESSAGE][PASSED] - Text '' is set on object 'Object Repository/RAD_Pages/PaymentAmount_Page/input__paymentAmount'

2024-10-17 14:14:40 - [TEST_STEP][PASSED] - verifyTextPresent("The FEIN and Re-type FEIN do not match", true): Text 'The FEIN and Re-type FEIN do not match' is present on page  using regular expression

2024-10-17 14:14:40 - [MESSAGE][PASSED] - Text 'The FEIN and Re-type FEIN do not match' is present on page  using regular expression

2024-10-17 14:14:40 - [TEST_STEP][PASSED] - if (verifyTextPresent("The FEIN and Re-type FEIN do not match", true)): null

2024-10-17 14:14:41 - [MESSAGE][PASSED] - Text 'The FEIN and Re-type FEIN do not match' is present on page  using regular expression

2024-10-17 14:14:41 - [TEST_STEP][PASSED] - println("Error Message is present on the page"): null

2024-10-17 14:14:41 - [TEST_STEP][PASSED] - out.println("Pass Record Number: " + row): null

2024-10-17 14:14:41 - [TEST_STEP][PASSED] - resText = "Pass": null

2024-10-17 14:14:41 - [TEST_STEP][PASSED] - pages.WriteExcel.demoKey(resText, datText, resColumn, datCloumn, fileLoc, nameSheet, row): pages.WriteExcel.demoKey is PASSED

2024-10-17 14:14:41 - [MESSAGE][PASSED] - pages.WriteExcel.demoKey is PASSED

2024-10-17 14:14:41 - [TEST_STEP][PASSED] - ExecuteTC = findTestData(dataFile).getValue("Execute", row): null

2024-10-17 14:14:41 - [TEST_STEP][PASSED] - Taxtype = findTestData(dataFile).getValue("TaxType", row): null

2024-10-17 14:14:41 - [TEST_STEP][PASSED] - Paymenttype = findTestData(dataFile).getValue("PaymentType", row): null

2024-10-17 14:14:41 - [TEST_STEP][PASSED] - out.println("Value of Execute is : " + ExecuteTC): null

2024-10-17 14:14:41 - [TEST_STEP][PASSED] - if (ExecuteTC.equalsIgnoreCase("Y")): null

2024-10-17 14:14:41 - [TEST_STEP][PASSED] - out.println("Begin Record Number: " + row): null

2024-10-17 14:14:41 - [TEST_STEP][PASSED] - today = new java.util.Date(): null

2024-10-17 14:14:41 - [TEST_STEP][PASSED] - println(today): null

2024-10-17 14:14:41 - [TEST_STEP][PASSED] - datText = today: null

2024-10-17 14:14:41 - [TEST_STEP][PASSED] - Taxtype = findTestData(dataFile).getValue("TaxType", row): null

2024-10-17 14:14:41 - [TEST_STEP][PASSED] - out.println("Taxtype value is : " + Taxtype): null

2024-10-17 14:14:41 - [TEST_STEP][PASSED] - openBrowser(""): Browser is opened with url: ''

2024-10-17 14:14:41 - [MESSAGE][WARNING] - A browser is already opened. Closing browser and opening a new one

2024-10-17 14:14:42 - [MESSAGE][INFO] - Starting 'Chrome' driver

2024-10-17 14:14:42 - [MESSAGE][INFO] - User set preference: ['acceptInsecureCerts', 'true']

2024-10-17 14:14:42 - [MESSAGE][INFO] - Action delay is set to 0 milliseconds

2024-10-17 14:14:44 - [MESSAGE][PASSED] - Browser is opened with url: ''

2024-10-17 14:14:44 - [TEST_STEP][PASSED] - maximizeWindow(): Current window maximized

2024-10-17 14:14:44 - [MESSAGE][PASSED] - Current window maximized

2024-10-17 14:14:44 - [TEST_STEP][PASSED] - navigateToUrl(RADurl): Navigate to 'https://demo.velocitypayment.com/client/rad/index.html' successfully

2024-10-17 14:14:46 - [MESSAGE][PASSED] - Navigate to 'https://demo.velocitypayment.com/client/rad/index.html' successfully

2024-10-17 14:14:46 - [TEST_STEP][PASSED] - orPath_Landing = "Object Repository/RAD_Pages/Landing_Page": null

2024-10-17 14:14:46 - [TEST_STEP][PASSED] - orPath_TaxTypeFilingYear = "Object Repository/RAD_Pages/TaxTypeFilingYear_Page": null

2024-10-17 14:14:46 - [TEST_STEP][PASSED] - orPath_TaxPayer = "Object Repository/RAD_Pages/Taxpayer_Page": null

2024-10-17 14:14:46 - [TEST_STEP][PASSED] - orPath_AddressContact = "Object Repository/RAD_Pages/AddressAndContactInfo_Page": null

2024-10-17 14:14:46 - [TEST_STEP][PASSED] - orPath_FilingStatus = "Object Repository/RAD_Pages/FilingStatus_Page": null

2024-10-17 14:14:46 - [TEST_STEP][PASSED] - orPath_Amount = "Object Repository/RAD_Pages/PaymentAmount_Page": null

2024-10-17 14:14:46 - [TEST_STEP][PASSED] - orPath_TaxInfo = "Object Repository/RAD_Pages/TaxInfo_Page": null

2024-10-17 14:14:46 - [TEST_STEP][PASSED] - orPath_Withholding = "Object Repository/RAD_Pages/Withholding_Page": null

2024-10-17 14:14:46 - [TEST_STEP][PASSED] - orPath_Summary = "Object Repository/RAD_Pages/Summary_Page": null

2024-10-17 14:14:46 - [TEST_STEP][PASSED] - orPath_PaymentReady = "Object Repository/RAD_Pages/PaymentReady_Page": null

2024-10-17 14:14:46 - [TEST_STEP][PASSED] - orPath_PaymentEntry = "Object Repository/RAD_Pages/PaymentEntry_Page": null

2024-10-17 14:14:46 - [TEST_STEP][PASSED] - orPath_PaymentConfirmation = "Object Repository/RAD_Pages/PaymentConfirmation_Page": null

2024-10-17 14:14:46 - [TEST_STEP][PASSED] - orPath_ServiceFeesAccept = "Object Repository/RAD_Pages/ServiceFeeAccept_Page": null

2024-10-17 14:14:46 - [TEST_STEP][PASSED] - selectOptionByLabel(findTestObject(orPath_Landing + "/dd_TaxType"), Paymenttype, false): All options with label 'Existing Liability with Notice/Invoice Number' are selected in object 'Object Repository/RAD_Pages/Landing_Page/dd_TaxType' 

2024-10-17 14:14:47 - [MESSAGE][PASSED] - All options with label 'Existing Liability with Notice/Invoice Number' are selected in object 'Object Repository/RAD_Pages/Landing_Page/dd_TaxType' 

2024-10-17 14:14:47 - [TEST_STEP][PASSED] - delay(1): Delayed 1 second(s)

2024-10-17 14:14:48 - [MESSAGE][PASSED] - Delayed 1 second(s)

2024-10-17 14:14:48 - [TEST_STEP][PASSED] - switch (Paymenttype): null

2024-10-17 14:14:48 - [TEST_STEP][PASSED] - case "Existing Liability with Notice/Invoice Number":: null

2024-10-17 14:14:48 - [TEST_STEP][PASSED] - selectOptionByLabel(findTestObject(orPath_TaxTypeFilingYear + "/select_TaxType_ExistingLiability"), Taxtype, false): All options with label 'Unclaimed Property' are selected in object 'Object Repository/RAD_Pages/TaxTypeFilingYear_Page/select_TaxType_ExistingLiability' 

2024-10-17 14:14:48 - [MESSAGE][PASSED] - All options with label 'Unclaimed Property' are selected in object 'Object Repository/RAD_Pages/TaxTypeFilingYear_Page/select_TaxType_ExistingLiability' 

2024-10-17 14:14:48 - [TEST_STEP][PASSED] - break: null

2024-10-17 14:14:48 - [TEST_STEP][PASSED] - delay(1): Delayed 1 second(s)

2024-10-17 14:14:49 - [MESSAGE][PASSED] - Delayed 1 second(s)

2024-10-17 14:14:49 - [TEST_STEP][PASSED] - scrollToElement(findTestObject(orPath_Amount + "/input__paymentAmount"), 2, CONTINUE_ON_FAILURE): Scroll to object 'Object Repository/RAD_Pages/PaymentAmount_Page/input__paymentAmount' successfully

2024-10-17 14:14:50 - [MESSAGE][PASSED] - Scroll to object 'Object Repository/RAD_Pages/PaymentAmount_Page/input__paymentAmount' successfully

2024-10-17 14:14:50 - [TEST_STEP][PASSED] - switch (Paymenttype): null

2024-10-17 14:14:50 - [TEST_STEP][PASSED] - case "Existing Liability with Notice/Invoice Number":: null

2024-10-17 14:14:50 - [TEST_STEP][PASSED] - setEncryptedText(findTestObject("Object Repository/RAD_RecordAndPlay/input_Existing_FEIN"), "RigbBhfdqODKcAsiUrg+1Q=="): Text ****** has been set on object 'Object Repository/RAD_RecordAndPlay/input_Existing_FEIN'

2024-10-17 14:14:51 - [MESSAGE][PASSED] - Text ****** has been set on object 'Object Repository/RAD_RecordAndPlay/input_Existing_FEIN'

2024-10-17 14:14:51 - [TEST_STEP][PASSED] - setEncryptedText(findTestObject("Object Repository/RAD_RecordAndPlay/input_Existing_RetypeFEIN"), "RigbBhfdqOBBGbZqm4oFJQ=="): Text ****** has been set on object 'Object Repository/RAD_RecordAndPlay/input_Existing_RetypeFEIN'

2024-10-17 14:14:51 - [MESSAGE][PASSED] - Text ****** has been set on object 'Object Repository/RAD_RecordAndPlay/input_Existing_RetypeFEIN'

2024-10-17 14:14:51 - [TEST_STEP][PASSED] - break: null

2024-10-17 14:14:51 - [TEST_STEP][PASSED] - setText(findTestObject(orPath_Amount + "/input__paymentAmount"), ""): Text '' is set on object 'Object Repository/RAD_Pages/PaymentAmount_Page/input__paymentAmount'

2024-10-17 14:14:52 - [MESSAGE][PASSED] - Text '' is set on object 'Object Repository/RAD_Pages/PaymentAmount_Page/input__paymentAmount'

2024-10-17 14:14:52 - [TEST_STEP][PASSED] - verifyTextPresent("The FEIN and Re-type FEIN do not match", true): Text 'The FEIN and Re-type FEIN do not match' is present on page  using regular expression

2024-10-17 14:14:53 - [MESSAGE][PASSED] - Text 'The FEIN and Re-type FEIN do not match' is present on page  using regular expression

2024-10-17 14:14:53 - [TEST_STEP][PASSED] - if (verifyTextPresent("The FEIN and Re-type FEIN do not match", true)): null

2024-10-17 14:14:53 - [MESSAGE][PASSED] - Text 'The FEIN and Re-type FEIN do not match' is present on page  using regular expression

2024-10-17 14:14:53 - [TEST_STEP][PASSED] - println("Error Message is present on the page"): null

2024-10-17 14:14:53 - [TEST_STEP][PASSED] - out.println("Pass Record Number: " + row): null

2024-10-17 14:14:53 - [TEST_STEP][PASSED] - resText = "Pass": null

2024-10-17 14:14:53 - [TEST_STEP][PASSED] - pages.WriteExcel.demoKey(resText, datText, resColumn, datCloumn, fileLoc, nameSheet, row): pages.WriteExcel.demoKey is PASSED

2024-10-17 14:14:53 - [MESSAGE][PASSED] - pages.WriteExcel.demoKey is PASSED

2024-10-17 14:14:53 - [TEST_STEP][PASSED] - ExecuteTC = findTestData(dataFile).getValue("Execute", row): null

2024-10-17 14:14:53 - [TEST_STEP][PASSED] - Taxtype = findTestData(dataFile).getValue("TaxType", row): null

2024-10-17 14:14:53 - [TEST_STEP][PASSED] - Paymenttype = findTestData(dataFile).getValue("PaymentType", row): null

2024-10-17 14:14:53 - [TEST_STEP][PASSED] - out.println("Value of Execute is : " + ExecuteTC): null

2024-10-17 14:14:53 - [TEST_STEP][PASSED] - if (ExecuteTC.equalsIgnoreCase("Y")): null

2024-10-17 14:14:53 - [TEST_STEP][PASSED] - out.println("Begin Record Number: " + row): null

2024-10-17 14:14:53 - [TEST_STEP][PASSED] - today = new java.util.Date(): null

2024-10-17 14:14:53 - [TEST_STEP][PASSED] - println(today): null

2024-10-17 14:14:53 - [TEST_STEP][PASSED] - datText = today: null

2024-10-17 14:14:53 - [TEST_STEP][PASSED] - Taxtype = findTestData(dataFile).getValue("TaxType", row): null

2024-10-17 14:14:53 - [TEST_STEP][PASSED] - out.println("Taxtype value is : " + Taxtype): null

2024-10-17 14:14:53 - [TEST_STEP][PASSED] - openBrowser(""): Browser is opened with url: ''

2024-10-17 14:14:53 - [MESSAGE][WARNING] - A browser is already opened. Closing browser and opening a new one

2024-10-17 14:14:55 - [MESSAGE][INFO] - Starting 'Chrome' driver

2024-10-17 14:14:55 - [MESSAGE][INFO] - User set preference: ['acceptInsecureCerts', 'true']

2024-10-17 14:14:55 - [MESSAGE][INFO] - Action delay is set to 0 milliseconds

2024-10-17 14:14:56 - [MESSAGE][PASSED] - Browser is opened with url: ''

2024-10-17 14:14:56 - [TEST_STEP][PASSED] - maximizeWindow(): Current window maximized

2024-10-17 14:14:56 - [MESSAGE][PASSED] - Current window maximized

2024-10-17 14:14:56 - [TEST_STEP][PASSED] - navigateToUrl(RADurl): Navigate to 'https://demo.velocitypayment.com/client/rad/index.html' successfully

2024-10-17 14:14:58 - [MESSAGE][PASSED] - Navigate to 'https://demo.velocitypayment.com/client/rad/index.html' successfully

2024-10-17 14:14:58 - [TEST_STEP][PASSED] - orPath_Landing = "Object Repository/RAD_Pages/Landing_Page": null

2024-10-17 14:14:58 - [TEST_STEP][PASSED] - orPath_TaxTypeFilingYear = "Object Repository/RAD_Pages/TaxTypeFilingYear_Page": null

2024-10-17 14:14:58 - [TEST_STEP][PASSED] - orPath_TaxPayer = "Object Repository/RAD_Pages/Taxpayer_Page": null

2024-10-17 14:14:58 - [TEST_STEP][PASSED] - orPath_AddressContact = "Object Repository/RAD_Pages/AddressAndContactInfo_Page": null

2024-10-17 14:14:58 - [TEST_STEP][PASSED] - orPath_FilingStatus = "Object Repository/RAD_Pages/FilingStatus_Page": null

2024-10-17 14:14:58 - [TEST_STEP][PASSED] - orPath_Amount = "Object Repository/RAD_Pages/PaymentAmount_Page": null

2024-10-17 14:14:58 - [TEST_STEP][PASSED] - orPath_TaxInfo = "Object Repository/RAD_Pages/TaxInfo_Page": null

2024-10-17 14:14:58 - [TEST_STEP][PASSED] - orPath_Withholding = "Object Repository/RAD_Pages/Withholding_Page": null

2024-10-17 14:14:58 - [TEST_STEP][PASSED] - orPath_Summary = "Object Repository/RAD_Pages/Summary_Page": null

2024-10-17 14:14:58 - [TEST_STEP][PASSED] - orPath_PaymentReady = "Object Repository/RAD_Pages/PaymentReady_Page": null

2024-10-17 14:14:58 - [TEST_STEP][PASSED] - orPath_PaymentEntry = "Object Repository/RAD_Pages/PaymentEntry_Page": null

2024-10-17 14:14:58 - [TEST_STEP][PASSED] - orPath_PaymentConfirmation = "Object Repository/RAD_Pages/PaymentConfirmation_Page": null

2024-10-17 14:14:58 - [TEST_STEP][PASSED] - orPath_ServiceFeesAccept = "Object Repository/RAD_Pages/ServiceFeeAccept_Page": null

2024-10-17 14:14:58 - [TEST_STEP][PASSED] - selectOptionByLabel(findTestObject(orPath_Landing + "/dd_TaxType"), Paymenttype, false): All options with label 'Existing Liability with Notice/Invoice Number' are selected in object 'Object Repository/RAD_Pages/Landing_Page/dd_TaxType' 

2024-10-17 14:14:59 - [MESSAGE][PASSED] - All options with label 'Existing Liability with Notice/Invoice Number' are selected in object 'Object Repository/RAD_Pages/Landing_Page/dd_TaxType' 

2024-10-17 14:14:59 - [TEST_STEP][PASSED] - delay(1): Delayed 1 second(s)

2024-10-17 14:15:00 - [MESSAGE][PASSED] - Delayed 1 second(s)

2024-10-17 14:15:00 - [TEST_STEP][PASSED] - switch (Paymenttype): null

2024-10-17 14:15:00 - [TEST_STEP][PASSED] - case "Existing Liability with Notice/Invoice Number":: null

2024-10-17 14:15:00 - [TEST_STEP][PASSED] - selectOptionByLabel(findTestObject(orPath_TaxTypeFilingYear + "/select_TaxType_ExistingLiability"), Taxtype, false): All options with label 'IFTA Tax' are selected in object 'Object Repository/RAD_Pages/TaxTypeFilingYear_Page/select_TaxType_ExistingLiability' 

2024-10-17 14:15:01 - [MESSAGE][PASSED] - All options with label 'IFTA Tax' are selected in object 'Object Repository/RAD_Pages/TaxTypeFilingYear_Page/select_TaxType_ExistingLiability' 

2024-10-17 14:15:01 - [TEST_STEP][PASSED] - break: null

2024-10-17 14:15:01 - [TEST_STEP][PASSED] - delay(1): Delayed 1 second(s)

2024-10-17 14:15:02 - [MESSAGE][PASSED] - Delayed 1 second(s)

2024-10-17 14:15:02 - [TEST_STEP][PASSED] - scrollToElement(findTestObject(orPath_Amount + "/input__paymentAmount"), 2, CONTINUE_ON_FAILURE): Scroll to object 'Object Repository/RAD_Pages/PaymentAmount_Page/input__paymentAmount' successfully

2024-10-17 14:15:02 - [MESSAGE][PASSED] - Scroll to object 'Object Repository/RAD_Pages/PaymentAmount_Page/input__paymentAmount' successfully

2024-10-17 14:15:02 - [TEST_STEP][PASSED] - switch (Paymenttype): null

2024-10-17 14:15:02 - [TEST_STEP][PASSED] - case "Existing Liability with Notice/Invoice Number":: null

2024-10-17 14:15:02 - [TEST_STEP][PASSED] - setEncryptedText(findTestObject("Object Repository/RAD_RecordAndPlay/input_Existing_FEIN"), "RigbBhfdqODKcAsiUrg+1Q=="): Text ****** has been set on object 'Object Repository/RAD_RecordAndPlay/input_Existing_FEIN'

2024-10-17 14:15:02 - [MESSAGE][PASSED] - Text ****** has been set on object 'Object Repository/RAD_RecordAndPlay/input_Existing_FEIN'

2024-10-17 14:15:03 - [TEST_STEP][PASSED] - setEncryptedText(findTestObject("Object Repository/RAD_RecordAndPlay/input_Existing_RetypeFEIN"), "RigbBhfdqOBBGbZqm4oFJQ=="): Text ****** has been set on object 'Object Repository/RAD_RecordAndPlay/input_Existing_RetypeFEIN'

2024-10-17 14:15:03 - [MESSAGE][PASSED] - Text ****** has been set on object 'Object Repository/RAD_RecordAndPlay/input_Existing_RetypeFEIN'

2024-10-17 14:15:03 - [TEST_STEP][PASSED] - break: null

2024-10-17 14:15:03 - [TEST_STEP][PASSED] - setText(findTestObject(orPath_Amount + "/input__paymentAmount"), ""): Text '' is set on object 'Object Repository/RAD_Pages/PaymentAmount_Page/input__paymentAmount'

2024-10-17 14:15:04 - [MESSAGE][PASSED] - Text '' is set on object 'Object Repository/RAD_Pages/PaymentAmount_Page/input__paymentAmount'

2024-10-17 14:15:04 - [TEST_STEP][PASSED] - verifyTextPresent("The FEIN and Re-type FEIN do not match", true): Text 'The FEIN and Re-type FEIN do not match' is present on page  using regular expression

2024-10-17 14:15:04 - [MESSAGE][PASSED] - Text 'The FEIN and Re-type FEIN do not match' is present on page  using regular expression

2024-10-17 14:15:04 - [TEST_STEP][PASSED] - if (verifyTextPresent("The FEIN and Re-type FEIN do not match", true)): null

2024-10-17 14:15:05 - [MESSAGE][PASSED] - Text 'The FEIN and Re-type FEIN do not match' is present on page  using regular expression

2024-10-17 14:15:05 - [TEST_STEP][PASSED] - println("Error Message is present on the page"): null

2024-10-17 14:15:05 - [TEST_STEP][PASSED] - out.println("Pass Record Number: " + row): null

2024-10-17 14:15:05 - [TEST_STEP][PASSED] - resText = "Pass": null

2024-10-17 14:15:05 - [TEST_STEP][PASSED] - pages.WriteExcel.demoKey(resText, datText, resColumn, datCloumn, fileLoc, nameSheet, row): pages.WriteExcel.demoKey is PASSED

2024-10-17 14:15:05 - [MESSAGE][PASSED] - pages.WriteExcel.demoKey is PASSED

2024-10-17 14:15:05 - [TEST_STEP][PASSED] - ExecuteTC = findTestData(dataFile).getValue("Execute", row): null

2024-10-17 14:15:05 - [TEST_STEP][PASSED] - Taxtype = findTestData(dataFile).getValue("TaxType", row): null

2024-10-17 14:15:05 - [TEST_STEP][PASSED] - Paymenttype = findTestData(dataFile).getValue("PaymentType", row): null

2024-10-17 14:15:05 - [TEST_STEP][PASSED] - out.println("Value of Execute is : " + ExecuteTC): null

2024-10-17 14:15:05 - [TEST_STEP][PASSED] - if (ExecuteTC.equalsIgnoreCase("Y")): null

2024-10-17 14:15:05 - [TEST_STEP][PASSED] - out.println("Begin Record Number: " + row): null

2024-10-17 14:15:05 - [TEST_STEP][PASSED] - today = new java.util.Date(): null

2024-10-17 14:15:05 - [TEST_STEP][PASSED] - println(today): null

2024-10-17 14:15:05 - [TEST_STEP][PASSED] - datText = today: null

2024-10-17 14:15:05 - [TEST_STEP][PASSED] - Taxtype = findTestData(dataFile).getValue("TaxType", row): null

2024-10-17 14:15:05 - [TEST_STEP][PASSED] - out.println("Taxtype value is : " + Taxtype): null

2024-10-17 14:15:05 - [TEST_STEP][PASSED] - openBrowser(""): Browser is opened with url: ''

2024-10-17 14:15:05 - [MESSAGE][WARNING] - A browser is already opened. Closing browser and opening a new one

2024-10-17 14:15:06 - [MESSAGE][INFO] - Starting 'Chrome' driver

2024-10-17 14:15:06 - [MESSAGE][INFO] - User set preference: ['acceptInsecureCerts', 'true']

2024-10-17 14:15:06 - [MESSAGE][INFO] - Action delay is set to 0 milliseconds

2024-10-17 14:15:08 - [MESSAGE][PASSED] - Browser is opened with url: ''

2024-10-17 14:15:08 - [TEST_STEP][PASSED] - maximizeWindow(): Current window maximized

2024-10-17 14:15:08 - [MESSAGE][PASSED] - Current window maximized

2024-10-17 14:15:08 - [TEST_STEP][PASSED] - navigateToUrl(RADurl): Navigate to 'https://demo.velocitypayment.com/client/rad/index.html' successfully

2024-10-17 14:15:09 - [MESSAGE][PASSED] - Navigate to 'https://demo.velocitypayment.com/client/rad/index.html' successfully

2024-10-17 14:15:09 - [TEST_STEP][PASSED] - orPath_Landing = "Object Repository/RAD_Pages/Landing_Page": null

2024-10-17 14:15:09 - [TEST_STEP][PASSED] - orPath_TaxTypeFilingYear = "Object Repository/RAD_Pages/TaxTypeFilingYear_Page": null

2024-10-17 14:15:09 - [TEST_STEP][PASSED] - orPath_TaxPayer = "Object Repository/RAD_Pages/Taxpayer_Page": null

2024-10-17 14:15:09 - [TEST_STEP][PASSED] - orPath_AddressContact = "Object Repository/RAD_Pages/AddressAndContactInfo_Page": null

2024-10-17 14:15:09 - [TEST_STEP][PASSED] - orPath_FilingStatus = "Object Repository/RAD_Pages/FilingStatus_Page": null

2024-10-17 14:15:09 - [TEST_STEP][PASSED] - orPath_Amount = "Object Repository/RAD_Pages/PaymentAmount_Page": null

2024-10-17 14:15:09 - [TEST_STEP][PASSED] - orPath_TaxInfo = "Object Repository/RAD_Pages/TaxInfo_Page": null

2024-10-17 14:15:09 - [TEST_STEP][PASSED] - orPath_Withholding = "Object Repository/RAD_Pages/Withholding_Page": null

2024-10-17 14:15:09 - [TEST_STEP][PASSED] - orPath_Summary = "Object Repository/RAD_Pages/Summary_Page": null

2024-10-17 14:15:09 - [TEST_STEP][PASSED] - orPath_PaymentReady = "Object Repository/RAD_Pages/PaymentReady_Page": null

2024-10-17 14:15:09 - [TEST_STEP][PASSED] - orPath_PaymentEntry = "Object Repository/RAD_Pages/PaymentEntry_Page": null

2024-10-17 14:15:09 - [TEST_STEP][PASSED] - orPath_PaymentConfirmation = "Object Repository/RAD_Pages/PaymentConfirmation_Page": null

2024-10-17 14:15:09 - [TEST_STEP][PASSED] - orPath_ServiceFeesAccept = "Object Repository/RAD_Pages/ServiceFeeAccept_Page": null

2024-10-17 14:15:09 - [TEST_STEP][PASSED] - selectOptionByLabel(findTestObject(orPath_Landing + "/dd_TaxType"), Paymenttype, false): All options with label 'New Tax Return Amount Due' are selected in object 'Object Repository/RAD_Pages/Landing_Page/dd_TaxType' 

2024-10-17 14:15:11 - [MESSAGE][PASSED] - All options with label 'New Tax Return Amount Due' are selected in object 'Object Repository/RAD_Pages/Landing_Page/dd_TaxType' 

2024-10-17 14:15:11 - [TEST_STEP][PASSED] - delay(1): Delayed 1 second(s)

2024-10-17 14:15:12 - [MESSAGE][PASSED] - Delayed 1 second(s)

2024-10-17 14:15:12 - [TEST_STEP][PASSED] - switch (Paymenttype): null

2024-10-17 14:15:12 - [TEST_STEP][PASSED] - case "New Tax Return Amount Due":: null

2024-10-17 14:15:12 - [TEST_STEP][PASSED] - selectOptionByLabel(findTestObject("Object Repository/RAD_Pages/Landing_Page/select_NewTaxReturnAmountDue_TaxType"), Taxtype, false): All options with label 'Admissions and Amusement Tax' are selected in object 'Object Repository/RAD_Pages/Landing_Page/select_NewTaxReturnAmountDue_TaxType' 

2024-10-17 14:15:13 - [MESSAGE][PASSED] - All options with label 'Admissions and Amusement Tax' are selected in object 'Object Repository/RAD_Pages/Landing_Page/select_NewTaxReturnAmountDue_TaxType' 

2024-10-17 14:15:13 - [TEST_STEP][PASSED] - break: null

2024-10-17 14:15:13 - [TEST_STEP][PASSED] - delay(1): Delayed 1 second(s)

2024-10-17 14:15:14 - [MESSAGE][PASSED] - Delayed 1 second(s)

2024-10-17 14:15:14 - [TEST_STEP][PASSED] - scrollToElement(findTestObject(orPath_Amount + "/input__paymentAmount"), 2, CONTINUE_ON_FAILURE): Scroll to object 'Object Repository/RAD_Pages/PaymentAmount_Page/input__paymentAmount' successfully

2024-10-17 14:15:14 - [MESSAGE][PASSED] - Scroll to object 'Object Repository/RAD_Pages/PaymentAmount_Page/input__paymentAmount' successfully

2024-10-17 14:15:14 - [TEST_STEP][PASSED] - switch (Paymenttype): null

2024-10-17 14:15:14 - [TEST_STEP][PASSED] - case "New Tax Return Amount Due":: null

2024-10-17 14:15:14 - [TEST_STEP][PASSED] - setEncryptedText(findTestObject(orPath_TaxInfo + "/input_FederalEIN-2"), "RigbBhfdqODKcAsiUrg+1Q=="): Text ****** has been set on object 'Object Repository/RAD_Pages/TaxInfo_Page/input_FederalEIN-2'

2024-10-17 14:15:15 - [MESSAGE][PASSED] - Text ****** has been set on object 'Object Repository/RAD_Pages/TaxInfo_Page/input_FederalEIN-2'

2024-10-17 14:15:15 - [TEST_STEP][PASSED] - setEncryptedText(findTestObject(orPath_TaxInfo + "/input_FederalEIN_ReEnter-2"), "RigbBhfdqOBBGbZqm4oFJQ=="): Text ****** has been set on object 'Object Repository/RAD_Pages/TaxInfo_Page/input_FederalEIN_ReEnter-2'

2024-10-17 14:15:15 - [MESSAGE][PASSED] - Text ****** has been set on object 'Object Repository/RAD_Pages/TaxInfo_Page/input_FederalEIN_ReEnter-2'

2024-10-17 14:15:15 - [TEST_STEP][PASSED] - break: null

2024-10-17 14:15:15 - [TEST_STEP][PASSED] - setText(findTestObject(orPath_Amount + "/input__paymentAmount"), ""): Text '' is set on object 'Object Repository/RAD_Pages/PaymentAmount_Page/input__paymentAmount'

2024-10-17 14:15:16 - [MESSAGE][PASSED] - Text '' is set on object 'Object Repository/RAD_Pages/PaymentAmount_Page/input__paymentAmount'

2024-10-17 14:15:16 - [TEST_STEP][PASSED] - verifyTextPresent("The FEIN and Re-type FEIN do not match", true): Text 'The FEIN and Re-type FEIN do not match' is present on page  using regular expression

2024-10-17 14:15:17 - [MESSAGE][PASSED] - Text 'The FEIN and Re-type FEIN do not match' is present on page  using regular expression

2024-10-17 14:15:17 - [TEST_STEP][PASSED] - if (verifyTextPresent("The FEIN and Re-type FEIN do not match", true)): null

2024-10-17 14:15:17 - [MESSAGE][PASSED] - Text 'The FEIN and Re-type FEIN do not match' is present on page  using regular expression

2024-10-17 14:15:17 - [TEST_STEP][PASSED] - println("Error Message is present on the page"): null

2024-10-17 14:15:17 - [TEST_STEP][PASSED] - out.println("Pass Record Number: " + row): null

2024-10-17 14:15:17 - [TEST_STEP][PASSED] - resText = "Pass": null

2024-10-17 14:15:17 - [TEST_STEP][PASSED] - pages.WriteExcel.demoKey(resText, datText, resColumn, datCloumn, fileLoc, nameSheet, row): pages.WriteExcel.demoKey is PASSED

2024-10-17 14:15:17 - [MESSAGE][PASSED] - pages.WriteExcel.demoKey is PASSED

2024-10-17 14:15:17 - [TEST_STEP][PASSED] - ExecuteTC = findTestData(dataFile).getValue("Execute", row): null

2024-10-17 14:15:17 - [TEST_STEP][PASSED] - Taxtype = findTestData(dataFile).getValue("TaxType", row): null

2024-10-17 14:15:17 - [TEST_STEP][PASSED] - Paymenttype = findTestData(dataFile).getValue("PaymentType", row): null

2024-10-17 14:15:17 - [TEST_STEP][PASSED] - out.println("Value of Execute is : " + ExecuteTC): null

2024-10-17 14:15:17 - [TEST_STEP][PASSED] - if (ExecuteTC.equalsIgnoreCase("Y")): null

2024-10-17 14:15:17 - [TEST_STEP][PASSED] - out.println("Begin Record Number: " + row): null

2024-10-17 14:15:17 - [TEST_STEP][PASSED] - today = new java.util.Date(): null

2024-10-17 14:15:17 - [TEST_STEP][PASSED] - println(today): null

2024-10-17 14:15:17 - [TEST_STEP][PASSED] - datText = today: null

2024-10-17 14:15:17 - [TEST_STEP][PASSED] - Taxtype = findTestData(dataFile).getValue("TaxType", row): null

2024-10-17 14:15:17 - [TEST_STEP][PASSED] - out.println("Taxtype value is : " + Taxtype): null

2024-10-17 14:15:17 - [TEST_STEP][PASSED] - openBrowser(""): Browser is opened with url: ''

2024-10-17 14:15:17 - [MESSAGE][WARNING] - A browser is already opened. Closing browser and opening a new one

2024-10-17 14:15:18 - [MESSAGE][INFO] - Starting 'Chrome' driver

2024-10-17 14:15:18 - [MESSAGE][INFO] - User set preference: ['acceptInsecureCerts', 'true']

2024-10-17 14:15:18 - [MESSAGE][INFO] - Action delay is set to 0 milliseconds

2024-10-17 14:15:20 - [MESSAGE][PASSED] - Browser is opened with url: ''

2024-10-17 14:15:20 - [TEST_STEP][PASSED] - maximizeWindow(): Current window maximized

2024-10-17 14:15:20 - [MESSAGE][PASSED] - Current window maximized

2024-10-17 14:15:20 - [TEST_STEP][PASSED] - navigateToUrl(RADurl): Navigate to 'https://demo.velocitypayment.com/client/rad/index.html' successfully

2024-10-17 14:15:22 - [MESSAGE][PASSED] - Navigate to 'https://demo.velocitypayment.com/client/rad/index.html' successfully

2024-10-17 14:15:22 - [TEST_STEP][PASSED] - orPath_Landing = "Object Repository/RAD_Pages/Landing_Page": null

2024-10-17 14:15:22 - [TEST_STEP][PASSED] - orPath_TaxTypeFilingYear = "Object Repository/RAD_Pages/TaxTypeFilingYear_Page": null

2024-10-17 14:15:22 - [TEST_STEP][PASSED] - orPath_TaxPayer = "Object Repository/RAD_Pages/Taxpayer_Page": null

2024-10-17 14:15:22 - [TEST_STEP][PASSED] - orPath_AddressContact = "Object Repository/RAD_Pages/AddressAndContactInfo_Page": null

2024-10-17 14:15:22 - [TEST_STEP][PASSED] - orPath_FilingStatus = "Object Repository/RAD_Pages/FilingStatus_Page": null

2024-10-17 14:15:22 - [TEST_STEP][PASSED] - orPath_Amount = "Object Repository/RAD_Pages/PaymentAmount_Page": null

2024-10-17 14:15:22 - [TEST_STEP][PASSED] - orPath_TaxInfo = "Object Repository/RAD_Pages/TaxInfo_Page": null

2024-10-17 14:15:22 - [TEST_STEP][PASSED] - orPath_Withholding = "Object Repository/RAD_Pages/Withholding_Page": null

2024-10-17 14:15:22 - [TEST_STEP][PASSED] - orPath_Summary = "Object Repository/RAD_Pages/Summary_Page": null

2024-10-17 14:15:22 - [TEST_STEP][PASSED] - orPath_PaymentReady = "Object Repository/RAD_Pages/PaymentReady_Page": null

2024-10-17 14:15:22 - [TEST_STEP][PASSED] - orPath_PaymentEntry = "Object Repository/RAD_Pages/PaymentEntry_Page": null

2024-10-17 14:15:22 - [TEST_STEP][PASSED] - orPath_PaymentConfirmation = "Object Repository/RAD_Pages/PaymentConfirmation_Page": null

2024-10-17 14:15:22 - [TEST_STEP][PASSED] - orPath_ServiceFeesAccept = "Object Repository/RAD_Pages/ServiceFeeAccept_Page": null

2024-10-17 14:15:22 - [TEST_STEP][PASSED] - selectOptionByLabel(findTestObject(orPath_Landing + "/dd_TaxType"), Paymenttype, false): All options with label 'New Tax Return Amount Due' are selected in object 'Object Repository/RAD_Pages/Landing_Page/dd_TaxType' 

2024-10-17 14:15:23 - [MESSAGE][PASSED] - All options with label 'New Tax Return Amount Due' are selected in object 'Object Repository/RAD_Pages/Landing_Page/dd_TaxType' 

2024-10-17 14:15:23 - [TEST_STEP][PASSED] - delay(1): Delayed 1 second(s)

2024-10-17 14:15:24 - [MESSAGE][PASSED] - Delayed 1 second(s)

2024-10-17 14:15:24 - [TEST_STEP][PASSED] - switch (Paymenttype): null

2024-10-17 14:15:24 - [TEST_STEP][PASSED] - case "New Tax Return Amount Due":: null

2024-10-17 14:15:24 - [TEST_STEP][PASSED] - selectOptionByLabel(findTestObject("Object Repository/RAD_Pages/Landing_Page/select_NewTaxReturnAmountDue_TaxType"), Taxtype, false): All options with label 'Alcohol Tax' are selected in object 'Object Repository/RAD_Pages/Landing_Page/select_NewTaxReturnAmountDue_TaxType' 

2024-10-17 14:15:25 - [MESSAGE][PASSED] - All options with label 'Alcohol Tax' are selected in object 'Object Repository/RAD_Pages/Landing_Page/select_NewTaxReturnAmountDue_TaxType' 

2024-10-17 14:15:25 - [TEST_STEP][PASSED] - break: null

2024-10-17 14:15:25 - [TEST_STEP][PASSED] - delay(1): Delayed 1 second(s)

2024-10-17 14:15:26 - [MESSAGE][PASSED] - Delayed 1 second(s)

2024-10-17 14:15:26 - [TEST_STEP][PASSED] - scrollToElement(findTestObject(orPath_Amount + "/input__paymentAmount"), 2, CONTINUE_ON_FAILURE): Scroll to object 'Object Repository/RAD_Pages/PaymentAmount_Page/input__paymentAmount' successfully

2024-10-17 14:15:26 - [MESSAGE][PASSED] - Scroll to object 'Object Repository/RAD_Pages/PaymentAmount_Page/input__paymentAmount' successfully

2024-10-17 14:15:26 - [TEST_STEP][PASSED] - switch (Paymenttype): null

2024-10-17 14:15:26 - [TEST_STEP][PASSED] - case "New Tax Return Amount Due":: null

2024-10-17 14:15:26 - [TEST_STEP][PASSED] - setEncryptedText(findTestObject(orPath_TaxInfo + "/input_FederalEIN-2"), "RigbBhfdqODKcAsiUrg+1Q=="): Text ****** has been set on object 'Object Repository/RAD_Pages/TaxInfo_Page/input_FederalEIN-2'

2024-10-17 14:15:27 - [MESSAGE][PASSED] - Text ****** has been set on object 'Object Repository/RAD_Pages/TaxInfo_Page/input_FederalEIN-2'

2024-10-17 14:15:27 - [TEST_STEP][PASSED] - setEncryptedText(findTestObject(orPath_TaxInfo + "/input_FederalEIN_ReEnter-2"), "RigbBhfdqOBBGbZqm4oFJQ=="): Text ****** has been set on object 'Object Repository/RAD_Pages/TaxInfo_Page/input_FederalEIN_ReEnter-2'

2024-10-17 14:15:27 - [MESSAGE][PASSED] - Text ****** has been set on object 'Object Repository/RAD_Pages/TaxInfo_Page/input_FederalEIN_ReEnter-2'

2024-10-17 14:15:27 - [TEST_STEP][PASSED] - break: null

2024-10-17 14:15:27 - [TEST_STEP][PASSED] - setText(findTestObject(orPath_Amount + "/input__paymentAmount"), ""): Text '' is set on object 'Object Repository/RAD_Pages/PaymentAmount_Page/input__paymentAmount'

2024-10-17 14:15:28 - [MESSAGE][PASSED] - Text '' is set on object 'Object Repository/RAD_Pages/PaymentAmount_Page/input__paymentAmount'

2024-10-17 14:15:28 - [TEST_STEP][PASSED] - verifyTextPresent("The FEIN and Re-type FEIN do not match", true): Text 'The FEIN and Re-type FEIN do not match' is present on page  using regular expression

2024-10-17 14:15:28 - [MESSAGE][PASSED] - Text 'The FEIN and Re-type FEIN do not match' is present on page  using regular expression

2024-10-17 14:15:28 - [TEST_STEP][PASSED] - if (verifyTextPresent("The FEIN and Re-type FEIN do not match", true)): null

2024-10-17 14:15:29 - [MESSAGE][PASSED] - Text 'The FEIN and Re-type FEIN do not match' is present on page  using regular expression

2024-10-17 14:15:29 - [TEST_STEP][PASSED] - println("Error Message is present on the page"): null

2024-10-17 14:15:29 - [TEST_STEP][PASSED] - out.println("Pass Record Number: " + row): null

2024-10-17 14:15:29 - [TEST_STEP][PASSED] - resText = "Pass": null

2024-10-17 14:15:29 - [TEST_STEP][PASSED] - pages.WriteExcel.demoKey(resText, datText, resColumn, datCloumn, fileLoc, nameSheet, row): pages.WriteExcel.demoKey is PASSED

2024-10-17 14:15:29 - [MESSAGE][PASSED] - pages.WriteExcel.demoKey is PASSED

2024-10-17 14:15:29 - [TEST_STEP][PASSED] - ExecuteTC = findTestData(dataFile).getValue("Execute", row): null

2024-10-17 14:15:29 - [TEST_STEP][PASSED] - Taxtype = findTestData(dataFile).getValue("TaxType", row): null

2024-10-17 14:15:29 - [TEST_STEP][PASSED] - Paymenttype = findTestData(dataFile).getValue("PaymentType", row): null

2024-10-17 14:15:29 - [TEST_STEP][PASSED] - out.println("Value of Execute is : " + ExecuteTC): null

2024-10-17 14:15:29 - [TEST_STEP][PASSED] - if (ExecuteTC.equalsIgnoreCase("Y")): null

2024-10-17 14:15:29 - [TEST_STEP][PASSED] - out.println("Begin Record Number: " + row): null

2024-10-17 14:15:29 - [TEST_STEP][PASSED] - today = new java.util.Date(): null

2024-10-17 14:15:29 - [TEST_STEP][PASSED] - println(today): null

2024-10-17 14:15:29 - [TEST_STEP][PASSED] - datText = today: null

2024-10-17 14:15:29 - [TEST_STEP][PASSED] - Taxtype = findTestData(dataFile).getValue("TaxType", row): null

2024-10-17 14:15:29 - [TEST_STEP][PASSED] - out.println("Taxtype value is : " + Taxtype): null

2024-10-17 14:15:29 - [TEST_STEP][PASSED] - openBrowser(""): Browser is opened with url: ''

2024-10-17 14:15:29 - [MESSAGE][WARNING] - A browser is already opened. Closing browser and opening a new one

2024-10-17 14:15:30 - [MESSAGE][INFO] - Starting 'Chrome' driver

2024-10-17 14:15:30 - [MESSAGE][INFO] - User set preference: ['acceptInsecureCerts', 'true']

2024-10-17 14:15:30 - [MESSAGE][INFO] - Action delay is set to 0 milliseconds

2024-10-17 14:15:32 - [MESSAGE][PASSED] - Browser is opened with url: ''

2024-10-17 14:15:32 - [TEST_STEP][PASSED] - maximizeWindow(): Current window maximized

2024-10-17 14:15:32 - [MESSAGE][PASSED] - Current window maximized

2024-10-17 14:15:32 - [TEST_STEP][PASSED] - navigateToUrl(RADurl): Navigate to 'https://demo.velocitypayment.com/client/rad/index.html' successfully

2024-10-17 14:15:34 - [MESSAGE][PASSED] - Navigate to 'https://demo.velocitypayment.com/client/rad/index.html' successfully

2024-10-17 14:15:34 - [TEST_STEP][PASSED] - orPath_Landing = "Object Repository/RAD_Pages/Landing_Page": null

2024-10-17 14:15:34 - [TEST_STEP][PASSED] - orPath_TaxTypeFilingYear = "Object Repository/RAD_Pages/TaxTypeFilingYear_Page": null

2024-10-17 14:15:34 - [TEST_STEP][PASSED] - orPath_TaxPayer = "Object Repository/RAD_Pages/Taxpayer_Page": null

2024-10-17 14:15:34 - [TEST_STEP][PASSED] - orPath_AddressContact = "Object Repository/RAD_Pages/AddressAndContactInfo_Page": null

2024-10-17 14:15:34 - [TEST_STEP][PASSED] - orPath_FilingStatus = "Object Repository/RAD_Pages/FilingStatus_Page": null

2024-10-17 14:15:34 - [TEST_STEP][PASSED] - orPath_Amount = "Object Repository/RAD_Pages/PaymentAmount_Page": null

2024-10-17 14:15:34 - [TEST_STEP][PASSED] - orPath_TaxInfo = "Object Repository/RAD_Pages/TaxInfo_Page": null

2024-10-17 14:15:34 - [TEST_STEP][PASSED] - orPath_Withholding = "Object Repository/RAD_Pages/Withholding_Page": null

2024-10-17 14:15:34 - [TEST_STEP][PASSED] - orPath_Summary = "Object Repository/RAD_Pages/Summary_Page": null

2024-10-17 14:15:34 - [TEST_STEP][PASSED] - orPath_PaymentReady = "Object Repository/RAD_Pages/PaymentReady_Page": null

2024-10-17 14:15:34 - [TEST_STEP][PASSED] - orPath_PaymentEntry = "Object Repository/RAD_Pages/PaymentEntry_Page": null

2024-10-17 14:15:34 - [TEST_STEP][PASSED] - orPath_PaymentConfirmation = "Object Repository/RAD_Pages/PaymentConfirmation_Page": null

2024-10-17 14:15:34 - [TEST_STEP][PASSED] - orPath_ServiceFeesAccept = "Object Repository/RAD_Pages/ServiceFeeAccept_Page": null

2024-10-17 14:15:34 - [TEST_STEP][PASSED] - selectOptionByLabel(findTestObject(orPath_Landing + "/dd_TaxType"), Paymenttype, false): All options with label 'New Tax Return Amount Due' are selected in object 'Object Repository/RAD_Pages/Landing_Page/dd_TaxType' 

2024-10-17 14:15:35 - [MESSAGE][PASSED] - All options with label 'New Tax Return Amount Due' are selected in object 'Object Repository/RAD_Pages/Landing_Page/dd_TaxType' 

2024-10-17 14:15:35 - [TEST_STEP][PASSED] - delay(1): Delayed 1 second(s)

2024-10-17 14:15:36 - [MESSAGE][PASSED] - Delayed 1 second(s)

2024-10-17 14:15:36 - [TEST_STEP][PASSED] - switch (Paymenttype): null

2024-10-17 14:15:36 - [TEST_STEP][PASSED] - case "New Tax Return Amount Due":: null

2024-10-17 14:15:36 - [TEST_STEP][PASSED] - selectOptionByLabel(findTestObject("Object Repository/RAD_Pages/Landing_Page/select_NewTaxReturnAmountDue_TaxType"), Taxtype, false): All options with label 'Bay Restoration Fee' are selected in object 'Object Repository/RAD_Pages/Landing_Page/select_NewTaxReturnAmountDue_TaxType' 

2024-10-17 14:15:36 - [MESSAGE][PASSED] - All options with label 'Bay Restoration Fee' are selected in object 'Object Repository/RAD_Pages/Landing_Page/select_NewTaxReturnAmountDue_TaxType' 

2024-10-17 14:15:36 - [TEST_STEP][PASSED] - break: null

2024-10-17 14:15:36 - [TEST_STEP][PASSED] - delay(1): Delayed 1 second(s)

2024-10-17 14:15:37 - [MESSAGE][PASSED] - Delayed 1 second(s)

2024-10-17 14:15:37 - [TEST_STEP][PASSED] - scrollToElement(findTestObject(orPath_Amount + "/input__paymentAmount"), 2, CONTINUE_ON_FAILURE): Scroll to object 'Object Repository/RAD_Pages/PaymentAmount_Page/input__paymentAmount' successfully

2024-10-17 14:15:38 - [MESSAGE][PASSED] - Scroll to object 'Object Repository/RAD_Pages/PaymentAmount_Page/input__paymentAmount' successfully

2024-10-17 14:15:38 - [TEST_STEP][PASSED] - switch (Paymenttype): null

2024-10-17 14:15:38 - [TEST_STEP][PASSED] - case "New Tax Return Amount Due":: null

2024-10-17 14:15:38 - [TEST_STEP][PASSED] - setEncryptedText(findTestObject(orPath_TaxInfo + "/input_FederalEIN-2"), "RigbBhfdqODKcAsiUrg+1Q=="): Text ****** has been set on object 'Object Repository/RAD_Pages/TaxInfo_Page/input_FederalEIN-2'

2024-10-17 14:15:38 - [MESSAGE][PASSED] - Text ****** has been set on object 'Object Repository/RAD_Pages/TaxInfo_Page/input_FederalEIN-2'

2024-10-17 14:15:38 - [TEST_STEP][PASSED] - setEncryptedText(findTestObject(orPath_TaxInfo + "/input_FederalEIN_ReEnter-2"), "RigbBhfdqOBBGbZqm4oFJQ=="): Text ****** has been set on object 'Object Repository/RAD_Pages/TaxInfo_Page/input_FederalEIN_ReEnter-2'

2024-10-17 14:15:39 - [MESSAGE][PASSED] - Text ****** has been set on object 'Object Repository/RAD_Pages/TaxInfo_Page/input_FederalEIN_ReEnter-2'

2024-10-17 14:15:39 - [TEST_STEP][PASSED] - break: null

2024-10-17 14:15:39 - [TEST_STEP][PASSED] - setText(findTestObject(orPath_Amount + "/input__paymentAmount"), ""): Text '' is set on object 'Object Repository/RAD_Pages/PaymentAmount_Page/input__paymentAmount'

2024-10-17 14:15:39 - [MESSAGE][PASSED] - Text '' is set on object 'Object Repository/RAD_Pages/PaymentAmount_Page/input__paymentAmount'

2024-10-17 14:15:39 - [TEST_STEP][PASSED] - verifyTextPresent("The FEIN and Re-type FEIN do not match", true): Text 'The FEIN and Re-type FEIN do not match' is present on page  using regular expression

2024-10-17 14:15:40 - [MESSAGE][PASSED] - Text 'The FEIN and Re-type FEIN do not match' is present on page  using regular expression

2024-10-17 14:15:40 - [TEST_STEP][PASSED] - if (verifyTextPresent("The FEIN and Re-type FEIN do not match", true)): null

2024-10-17 14:15:40 - [MESSAGE][PASSED] - Text 'The FEIN and Re-type FEIN do not match' is present on page  using regular expression

2024-10-17 14:15:40 - [TEST_STEP][PASSED] - println("Error Message is present on the page"): null

2024-10-17 14:15:40 - [TEST_STEP][PASSED] - out.println("Pass Record Number: " + row): null

2024-10-17 14:15:40 - [TEST_STEP][PASSED] - resText = "Pass": null

2024-10-17 14:15:40 - [TEST_STEP][PASSED] - pages.WriteExcel.demoKey(resText, datText, resColumn, datCloumn, fileLoc, nameSheet, row): pages.WriteExcel.demoKey is PASSED

2024-10-17 14:15:40 - [MESSAGE][PASSED] - pages.WriteExcel.demoKey is PASSED

2024-10-17 14:15:40 - [TEST_STEP][PASSED] - ExecuteTC = findTestData(dataFile).getValue("Execute", row): null

2024-10-17 14:15:41 - [TEST_STEP][PASSED] - Taxtype = findTestData(dataFile).getValue("TaxType", row): null

2024-10-17 14:15:41 - [TEST_STEP][PASSED] - Paymenttype = findTestData(dataFile).getValue("PaymentType", row): null

2024-10-17 14:15:41 - [TEST_STEP][PASSED] - out.println("Value of Execute is : " + ExecuteTC): null

2024-10-17 14:15:41 - [TEST_STEP][PASSED] - if (ExecuteTC.equalsIgnoreCase("Y")): null

2024-10-17 14:15:41 - [TEST_STEP][PASSED] - out.println("Begin Record Number: " + row): null

2024-10-17 14:15:41 - [TEST_STEP][PASSED] - today = new java.util.Date(): null

2024-10-17 14:15:41 - [TEST_STEP][PASSED] - println(today): null

2024-10-17 14:15:41 - [TEST_STEP][PASSED] - datText = today: null

2024-10-17 14:15:41 - [TEST_STEP][PASSED] - Taxtype = findTestData(dataFile).getValue("TaxType", row): null

2024-10-17 14:15:41 - [TEST_STEP][PASSED] - out.println("Taxtype value is : " + Taxtype): null

2024-10-17 14:15:41 - [TEST_STEP][PASSED] - openBrowser(""): Browser is opened with url: ''

2024-10-17 14:15:41 - [MESSAGE][WARNING] - A browser is already opened. Closing browser and opening a new one

2024-10-17 14:15:42 - [MESSAGE][INFO] - Starting 'Chrome' driver

2024-10-17 14:15:42 - [MESSAGE][INFO] - User set preference: ['acceptInsecureCerts', 'true']

2024-10-17 14:15:42 - [MESSAGE][INFO] - Action delay is set to 0 milliseconds

2024-10-17 14:15:44 - [MESSAGE][PASSED] - Browser is opened with url: ''

2024-10-17 14:15:44 - [TEST_STEP][PASSED] - maximizeWindow(): Current window maximized

2024-10-17 14:15:44 - [MESSAGE][PASSED] - Current window maximized

2024-10-17 14:15:44 - [TEST_STEP][PASSED] - navigateToUrl(RADurl): Navigate to 'https://demo.velocitypayment.com/client/rad/index.html' successfully

2024-10-17 14:15:46 - [MESSAGE][PASSED] - Navigate to 'https://demo.velocitypayment.com/client/rad/index.html' successfully

2024-10-17 14:15:46 - [TEST_STEP][PASSED] - orPath_Landing = "Object Repository/RAD_Pages/Landing_Page": null

2024-10-17 14:15:46 - [TEST_STEP][PASSED] - orPath_TaxTypeFilingYear = "Object Repository/RAD_Pages/TaxTypeFilingYear_Page": null

2024-10-17 14:15:46 - [TEST_STEP][PASSED] - orPath_TaxPayer = "Object Repository/RAD_Pages/Taxpayer_Page": null

2024-10-17 14:15:46 - [TEST_STEP][PASSED] - orPath_AddressContact = "Object Repository/RAD_Pages/AddressAndContactInfo_Page": null

2024-10-17 14:15:46 - [TEST_STEP][PASSED] - orPath_FilingStatus = "Object Repository/RAD_Pages/FilingStatus_Page": null

2024-10-17 14:15:46 - [TEST_STEP][PASSED] - orPath_Amount = "Object Repository/RAD_Pages/PaymentAmount_Page": null

2024-10-17 14:15:46 - [TEST_STEP][PASSED] - orPath_TaxInfo = "Object Repository/RAD_Pages/TaxInfo_Page": null

2024-10-17 14:15:46 - [TEST_STEP][PASSED] - orPath_Withholding = "Object Repository/RAD_Pages/Withholding_Page": null

2024-10-17 14:15:46 - [TEST_STEP][PASSED] - orPath_Summary = "Object Repository/RAD_Pages/Summary_Page": null

2024-10-17 14:15:46 - [TEST_STEP][PASSED] - orPath_PaymentReady = "Object Repository/RAD_Pages/PaymentReady_Page": null

2024-10-17 14:15:46 - [TEST_STEP][PASSED] - orPath_PaymentEntry = "Object Repository/RAD_Pages/PaymentEntry_Page": null

2024-10-17 14:15:46 - [TEST_STEP][PASSED] - orPath_PaymentConfirmation = "Object Repository/RAD_Pages/PaymentConfirmation_Page": null

2024-10-17 14:15:46 - [TEST_STEP][PASSED] - orPath_ServiceFeesAccept = "Object Repository/RAD_Pages/ServiceFeeAccept_Page": null

2024-10-17 14:15:46 - [TEST_STEP][PASSED] - selectOptionByLabel(findTestObject(orPath_Landing + "/dd_TaxType"), Paymenttype, false): All options with label 'New Tax Return Amount Due' are selected in object 'Object Repository/RAD_Pages/Landing_Page/dd_TaxType' 

2024-10-17 14:15:46 - [MESSAGE][PASSED] - All options with label 'New Tax Return Amount Due' are selected in object 'Object Repository/RAD_Pages/Landing_Page/dd_TaxType' 

2024-10-17 14:15:46 - [TEST_STEP][PASSED] - delay(1): Delayed 1 second(s)

2024-10-17 14:15:47 - [MESSAGE][PASSED] - Delayed 1 second(s)

2024-10-17 14:15:47 - [TEST_STEP][PASSED] - switch (Paymenttype): null

2024-10-17 14:15:47 - [TEST_STEP][PASSED] - case "New Tax Return Amount Due":: null

2024-10-17 14:15:47 - [TEST_STEP][PASSED] - selectOptionByLabel(findTestObject("Object Repository/RAD_Pages/Landing_Page/select_NewTaxReturnAmountDue_TaxType"), Taxtype, false): All options with label 'Corporate Income Tax' are selected in object 'Object Repository/RAD_Pages/Landing_Page/select_NewTaxReturnAmountDue_TaxType' 

2024-10-17 14:15:48 - [MESSAGE][PASSED] - All options with label 'Corporate Income Tax' are selected in object 'Object Repository/RAD_Pages/Landing_Page/select_NewTaxReturnAmountDue_TaxType' 

2024-10-17 14:15:48 - [TEST_STEP][PASSED] - break: null

2024-10-17 14:15:48 - [TEST_STEP][PASSED] - delay(1): Delayed 1 second(s)

2024-10-17 14:15:49 - [MESSAGE][PASSED] - Delayed 1 second(s)

2024-10-17 14:15:49 - [TEST_STEP][PASSED] - scrollToElement(findTestObject(orPath_Amount + "/input__paymentAmount"), 2, CONTINUE_ON_FAILURE): Scroll to object 'Object Repository/RAD_Pages/PaymentAmount_Page/input__paymentAmount' successfully

2024-10-17 14:15:49 - [MESSAGE][PASSED] - Scroll to object 'Object Repository/RAD_Pages/PaymentAmount_Page/input__paymentAmount' successfully

2024-10-17 14:15:49 - [TEST_STEP][PASSED] - switch (Paymenttype): null

2024-10-17 14:15:49 - [TEST_STEP][PASSED] - case "New Tax Return Amount Due":: null

2024-10-17 14:15:49 - [TEST_STEP][PASSED] - setEncryptedText(findTestObject(orPath_TaxInfo + "/input_FederalEIN-2"), "RigbBhfdqODKcAsiUrg+1Q=="): Text ****** has been set on object 'Object Repository/RAD_Pages/TaxInfo_Page/input_FederalEIN-2'

2024-10-17 14:15:50 - [MESSAGE][PASSED] - Text ****** has been set on object 'Object Repository/RAD_Pages/TaxInfo_Page/input_FederalEIN-2'

2024-10-17 14:15:50 - [TEST_STEP][PASSED] - setEncryptedText(findTestObject(orPath_TaxInfo + "/input_FederalEIN_ReEnter-2"), "RigbBhfdqOBBGbZqm4oFJQ=="): Text ****** has been set on object 'Object Repository/RAD_Pages/TaxInfo_Page/input_FederalEIN_ReEnter-2'

2024-10-17 14:15:50 - [MESSAGE][PASSED] - Text ****** has been set on object 'Object Repository/RAD_Pages/TaxInfo_Page/input_FederalEIN_ReEnter-2'

2024-10-17 14:15:50 - [TEST_STEP][PASSED] - break: null

2024-10-17 14:15:50 - [TEST_STEP][PASSED] - setText(findTestObject(orPath_Amount + "/input__paymentAmount"), ""): Text '' is set on object 'Object Repository/RAD_Pages/PaymentAmount_Page/input__paymentAmount'

2024-10-17 14:15:51 - [MESSAGE][PASSED] - Text '' is set on object 'Object Repository/RAD_Pages/PaymentAmount_Page/input__paymentAmount'

2024-10-17 14:15:51 - [TEST_STEP][PASSED] - verifyTextPresent("The FEIN and Re-type FEIN do not match", true): Text 'The FEIN and Re-type FEIN do not match' is present on page  using regular expression

2024-10-17 14:15:52 - [MESSAGE][PASSED] - Text 'The FEIN and Re-type FEIN do not match' is present on page  using regular expression

2024-10-17 14:15:52 - [TEST_STEP][PASSED] - if (verifyTextPresent("The FEIN and Re-type FEIN do not match", true)): null

2024-10-17 14:15:52 - [MESSAGE][PASSED] - Text 'The FEIN and Re-type FEIN do not match' is present on page  using regular expression

2024-10-17 14:15:52 - [TEST_STEP][PASSED] - println("Error Message is present on the page"): null

2024-10-17 14:15:52 - [TEST_STEP][PASSED] - out.println("Pass Record Number: " + row): null

2024-10-17 14:15:52 - [TEST_STEP][PASSED] - resText = "Pass": null

2024-10-17 14:15:52 - [TEST_STEP][PASSED] - pages.WriteExcel.demoKey(resText, datText, resColumn, datCloumn, fileLoc, nameSheet, row): pages.WriteExcel.demoKey is PASSED

2024-10-17 14:15:52 - [MESSAGE][PASSED] - pages.WriteExcel.demoKey is PASSED

2024-10-17 14:15:52 - [TEST_STEP][PASSED] - ExecuteTC = findTestData(dataFile).getValue("Execute", row): null

2024-10-17 14:15:52 - [TEST_STEP][PASSED] - Taxtype = findTestData(dataFile).getValue("TaxType", row): null

2024-10-17 14:15:52 - [TEST_STEP][PASSED] - Paymenttype = findTestData(dataFile).getValue("PaymentType", row): null

2024-10-17 14:15:52 - [TEST_STEP][PASSED] - out.println("Value of Execute is : " + ExecuteTC): null

2024-10-17 14:15:52 - [TEST_STEP][PASSED] - if (ExecuteTC.equalsIgnoreCase("Y")): null

2024-10-17 14:15:52 - [TEST_STEP][PASSED] - out.println("Begin Record Number: " + row): null

2024-10-17 14:15:52 - [TEST_STEP][PASSED] - today = new java.util.Date(): null

2024-10-17 14:15:52 - [TEST_STEP][PASSED] - println(today): null

2024-10-17 14:15:52 - [TEST_STEP][PASSED] - datText = today: null

2024-10-17 14:15:52 - [TEST_STEP][PASSED] - Taxtype = findTestData(dataFile).getValue("TaxType", row): null

2024-10-17 14:15:52 - [TEST_STEP][PASSED] - out.println("Taxtype value is : " + Taxtype): null

2024-10-17 14:15:52 - [TEST_STEP][PASSED] - openBrowser(""): Browser is opened with url: ''

2024-10-17 14:15:52 - [MESSAGE][WARNING] - A browser is already opened. Closing browser and opening a new one

2024-10-17 14:15:54 - [MESSAGE][INFO] - Starting 'Chrome' driver

2024-10-17 14:15:54 - [MESSAGE][INFO] - User set preference: ['acceptInsecureCerts', 'true']

2024-10-17 14:15:54 - [MESSAGE][INFO] - Action delay is set to 0 milliseconds

2024-10-17 14:15:55 - [MESSAGE][PASSED] - Browser is opened with url: ''

2024-10-17 14:15:55 - [TEST_STEP][PASSED] - maximizeWindow(): Current window maximized

2024-10-17 14:15:56 - [MESSAGE][PASSED] - Current window maximized

2024-10-17 14:15:56 - [TEST_STEP][PASSED] - navigateToUrl(RADurl): Navigate to 'https://demo.velocitypayment.com/client/rad/index.html' successfully

2024-10-17 14:15:57 - [MESSAGE][PASSED] - Navigate to 'https://demo.velocitypayment.com/client/rad/index.html' successfully

2024-10-17 14:15:57 - [TEST_STEP][PASSED] - orPath_Landing = "Object Repository/RAD_Pages/Landing_Page": null

2024-10-17 14:15:57 - [TEST_STEP][PASSED] - orPath_TaxTypeFilingYear = "Object Repository/RAD_Pages/TaxTypeFilingYear_Page": null

2024-10-17 14:15:57 - [TEST_STEP][PASSED] - orPath_TaxPayer = "Object Repository/RAD_Pages/Taxpayer_Page": null

2024-10-17 14:15:57 - [TEST_STEP][PASSED] - orPath_AddressContact = "Object Repository/RAD_Pages/AddressAndContactInfo_Page": null

2024-10-17 14:15:57 - [TEST_STEP][PASSED] - orPath_FilingStatus = "Object Repository/RAD_Pages/FilingStatus_Page": null

2024-10-17 14:15:57 - [TEST_STEP][PASSED] - orPath_Amount = "Object Repository/RAD_Pages/PaymentAmount_Page": null

2024-10-17 14:15:57 - [TEST_STEP][PASSED] - orPath_TaxInfo = "Object Repository/RAD_Pages/TaxInfo_Page": null

2024-10-17 14:15:57 - [TEST_STEP][PASSED] - orPath_Withholding = "Object Repository/RAD_Pages/Withholding_Page": null

2024-10-17 14:15:57 - [TEST_STEP][PASSED] - orPath_Summary = "Object Repository/RAD_Pages/Summary_Page": null

2024-10-17 14:15:57 - [TEST_STEP][PASSED] - orPath_PaymentReady = "Object Repository/RAD_Pages/PaymentReady_Page": null

2024-10-17 14:15:57 - [TEST_STEP][PASSED] - orPath_PaymentEntry = "Object Repository/RAD_Pages/PaymentEntry_Page": null

2024-10-17 14:15:57 - [TEST_STEP][PASSED] - orPath_PaymentConfirmation = "Object Repository/RAD_Pages/PaymentConfirmation_Page": null

2024-10-17 14:15:57 - [TEST_STEP][PASSED] - orPath_ServiceFeesAccept = "Object Repository/RAD_Pages/ServiceFeeAccept_Page": null

2024-10-17 14:15:57 - [TEST_STEP][PASSED] - selectOptionByLabel(findTestObject(orPath_Landing + "/dd_TaxType"), Paymenttype, false): All options with label 'New Tax Return Amount Due' are selected in object 'Object Repository/RAD_Pages/Landing_Page/dd_TaxType' 

2024-10-17 14:15:58 - [MESSAGE][PASSED] - All options with label 'New Tax Return Amount Due' are selected in object 'Object Repository/RAD_Pages/Landing_Page/dd_TaxType' 

2024-10-17 14:15:58 - [TEST_STEP][PASSED] - delay(1): Delayed 1 second(s)

2024-10-17 14:15:59 - [MESSAGE][PASSED] - Delayed 1 second(s)

2024-10-17 14:15:59 - [TEST_STEP][PASSED] - switch (Paymenttype): null

2024-10-17 14:15:59 - [TEST_STEP][PASSED] - case "New Tax Return Amount Due":: null

2024-10-17 14:15:59 - [TEST_STEP][PASSED] - selectOptionByLabel(findTestObject("Object Repository/RAD_Pages/Landing_Page/select_NewTaxReturnAmountDue_TaxType"), Taxtype, false): All options with label 'Motor Fuel Tax' are selected in object 'Object Repository/RAD_Pages/Landing_Page/select_NewTaxReturnAmountDue_TaxType' 

2024-10-17 14:16:00 - [MESSAGE][PASSED] - All options with label 'Motor Fuel Tax' are selected in object 'Object Repository/RAD_Pages/Landing_Page/select_NewTaxReturnAmountDue_TaxType' 

2024-10-17 14:16:00 - [TEST_STEP][PASSED] - break: null

2024-10-17 14:16:00 - [TEST_STEP][PASSED] - delay(1): Delayed 1 second(s)

2024-10-17 14:16:01 - [MESSAGE][PASSED] - Delayed 1 second(s)

2024-10-17 14:16:01 - [TEST_STEP][PASSED] - scrollToElement(findTestObject(orPath_Amount + "/input__paymentAmount"), 2, CONTINUE_ON_FAILURE): Scroll to object 'Object Repository/RAD_Pages/PaymentAmount_Page/input__paymentAmount' successfully

2024-10-17 14:16:01 - [MESSAGE][PASSED] - Scroll to object 'Object Repository/RAD_Pages/PaymentAmount_Page/input__paymentAmount' successfully

2024-10-17 14:16:01 - [TEST_STEP][PASSED] - switch (Paymenttype): null

2024-10-17 14:16:01 - [TEST_STEP][PASSED] - case "New Tax Return Amount Due":: null

2024-10-17 14:16:01 - [TEST_STEP][PASSED] - setEncryptedText(findTestObject(orPath_TaxInfo + "/input_FederalEIN-2"), "RigbBhfdqODKcAsiUrg+1Q=="): Text ****** has been set on object 'Object Repository/RAD_Pages/TaxInfo_Page/input_FederalEIN-2'

2024-10-17 14:16:02 - [MESSAGE][PASSED] - Text ****** has been set on object 'Object Repository/RAD_Pages/TaxInfo_Page/input_FederalEIN-2'

2024-10-17 14:16:02 - [TEST_STEP][PASSED] - setEncryptedText(findTestObject(orPath_TaxInfo + "/input_FederalEIN_ReEnter-2"), "RigbBhfdqOBBGbZqm4oFJQ=="): Text ****** has been set on object 'Object Repository/RAD_Pages/TaxInfo_Page/input_FederalEIN_ReEnter-2'

2024-10-17 14:16:02 - [MESSAGE][PASSED] - Text ****** has been set on object 'Object Repository/RAD_Pages/TaxInfo_Page/input_FederalEIN_ReEnter-2'

2024-10-17 14:16:02 - [TEST_STEP][PASSED] - break: null

2024-10-17 14:16:02 - [TEST_STEP][PASSED] - setText(findTestObject(orPath_Amount + "/input__paymentAmount"), ""): Text '' is set on object 'Object Repository/RAD_Pages/PaymentAmount_Page/input__paymentAmount'

2024-10-17 14:16:03 - [MESSAGE][PASSED] - Text '' is set on object 'Object Repository/RAD_Pages/PaymentAmount_Page/input__paymentAmount'

2024-10-17 14:16:03 - [TEST_STEP][PASSED] - verifyTextPresent("The FEIN and Re-type FEIN do not match", true): Text 'The FEIN and Re-type FEIN do not match' is present on page  using regular expression

2024-10-17 14:16:04 - [MESSAGE][PASSED] - Text 'The FEIN and Re-type FEIN do not match' is present on page  using regular expression

2024-10-17 14:16:04 - [TEST_STEP][PASSED] - if (verifyTextPresent("The FEIN and Re-type FEIN do not match", true)): null

2024-10-17 14:16:04 - [MESSAGE][PASSED] - Text 'The FEIN and Re-type FEIN do not match' is present on page  using regular expression

2024-10-17 14:16:04 - [TEST_STEP][PASSED] - println("Error Message is present on the page"): null

2024-10-17 14:16:04 - [TEST_STEP][PASSED] - out.println("Pass Record Number: " + row): null

2024-10-17 14:16:04 - [TEST_STEP][PASSED] - resText = "Pass": null

2024-10-17 14:16:04 - [TEST_STEP][PASSED] - pages.WriteExcel.demoKey(resText, datText, resColumn, datCloumn, fileLoc, nameSheet, row): pages.WriteExcel.demoKey is PASSED

2024-10-17 14:16:04 - [MESSAGE][PASSED] - pages.WriteExcel.demoKey is PASSED

2024-10-17 14:16:04 - [TEST_STEP][PASSED] - ExecuteTC = findTestData(dataFile).getValue("Execute", row): null

2024-10-17 14:16:04 - [TEST_STEP][PASSED] - Taxtype = findTestData(dataFile).getValue("TaxType", row): null

2024-10-17 14:16:04 - [TEST_STEP][PASSED] - Paymenttype = findTestData(dataFile).getValue("PaymentType", row): null

2024-10-17 14:16:04 - [TEST_STEP][PASSED] - out.println("Value of Execute is : " + ExecuteTC): null

2024-10-17 14:16:04 - [TEST_STEP][PASSED] - if (ExecuteTC.equalsIgnoreCase("Y")): null

2024-10-17 14:16:04 - [TEST_STEP][PASSED] - out.println("Begin Record Number: " + row): null

2024-10-17 14:16:04 - [TEST_STEP][PASSED] - today = new java.util.Date(): null

2024-10-17 14:16:04 - [TEST_STEP][PASSED] - println(today): null

2024-10-17 14:16:04 - [TEST_STEP][PASSED] - datText = today: null

2024-10-17 14:16:04 - [TEST_STEP][PASSED] - Taxtype = findTestData(dataFile).getValue("TaxType", row): null

2024-10-17 14:16:04 - [TEST_STEP][PASSED] - out.println("Taxtype value is : " + Taxtype): null

2024-10-17 14:16:04 - [TEST_STEP][PASSED] - openBrowser(""): Browser is opened with url: ''

2024-10-17 14:16:04 - [MESSAGE][WARNING] - A browser is already opened. Closing browser and opening a new one

2024-10-17 14:16:05 - [MESSAGE][INFO] - Starting 'Chrome' driver

2024-10-17 14:16:05 - [MESSAGE][INFO] - User set preference: ['acceptInsecureCerts', 'true']

2024-10-17 14:16:05 - [MESSAGE][INFO] - Action delay is set to 0 milliseconds

2024-10-17 14:16:07 - [MESSAGE][PASSED] - Browser is opened with url: ''

2024-10-17 14:16:07 - [TEST_STEP][PASSED] - maximizeWindow(): Current window maximized

2024-10-17 14:16:07 - [MESSAGE][PASSED] - Current window maximized

2024-10-17 14:16:07 - [TEST_STEP][PASSED] - navigateToUrl(RADurl): Navigate to 'https://demo.velocitypayment.com/client/rad/index.html' successfully

2024-10-17 14:16:07 - [MESSAGE][PASSED] - Navigate to 'https://demo.velocitypayment.com/client/rad/index.html' successfully

2024-10-17 14:16:07 - [TEST_STEP][PASSED] - orPath_Landing = "Object Repository/RAD_Pages/Landing_Page": null

2024-10-17 14:16:07 - [TEST_STEP][PASSED] - orPath_TaxTypeFilingYear = "Object Repository/RAD_Pages/TaxTypeFilingYear_Page": null

2024-10-17 14:16:07 - [TEST_STEP][PASSED] - orPath_TaxPayer = "Object Repository/RAD_Pages/Taxpayer_Page": null

2024-10-17 14:16:07 - [TEST_STEP][PASSED] - orPath_AddressContact = "Object Repository/RAD_Pages/AddressAndContactInfo_Page": null

2024-10-17 14:16:07 - [TEST_STEP][PASSED] - orPath_FilingStatus = "Object Repository/RAD_Pages/FilingStatus_Page": null

2024-10-17 14:16:07 - [TEST_STEP][PASSED] - orPath_Amount = "Object Repository/RAD_Pages/PaymentAmount_Page": null

2024-10-17 14:16:07 - [TEST_STEP][PASSED] - orPath_TaxInfo = "Object Repository/RAD_Pages/TaxInfo_Page": null

2024-10-17 14:16:07 - [TEST_STEP][PASSED] - orPath_Withholding = "Object Repository/RAD_Pages/Withholding_Page": null

2024-10-17 14:16:07 - [TEST_STEP][PASSED] - orPath_Summary = "Object Repository/RAD_Pages/Summary_Page": null

2024-10-17 14:16:07 - [TEST_STEP][PASSED] - orPath_PaymentReady = "Object Repository/RAD_Pages/PaymentReady_Page": null

2024-10-17 14:16:07 - [TEST_STEP][PASSED] - orPath_PaymentEntry = "Object Repository/RAD_Pages/PaymentEntry_Page": null

2024-10-17 14:16:07 - [TEST_STEP][PASSED] - orPath_PaymentConfirmation = "Object Repository/RAD_Pages/PaymentConfirmation_Page": null

2024-10-17 14:16:07 - [TEST_STEP][PASSED] - orPath_ServiceFeesAccept = "Object Repository/RAD_Pages/ServiceFeeAccept_Page": null

2024-10-17 14:16:07 - [TEST_STEP][PASSED] - selectOptionByLabel(findTestObject(orPath_Landing + "/dd_TaxType"), Paymenttype, false): All options with label 'New Tax Return Amount Due' are selected in object 'Object Repository/RAD_Pages/Landing_Page/dd_TaxType' 

2024-10-17 14:16:10 - [MESSAGE][PASSED] - All options with label 'New Tax Return Amount Due' are selected in object 'Object Repository/RAD_Pages/Landing_Page/dd_TaxType' 

2024-10-17 14:16:10 - [TEST_STEP][PASSED] - delay(1): Delayed 1 second(s)

2024-10-17 14:16:11 - [MESSAGE][PASSED] - Delayed 1 second(s)

2024-10-17 14:16:11 - [TEST_STEP][PASSED] - switch (Paymenttype): null

2024-10-17 14:16:11 - [TEST_STEP][PASSED] - case "New Tax Return Amount Due":: null

2024-10-17 14:16:11 - [TEST_STEP][PASSED] - selectOptionByLabel(findTestObject("Object Repository/RAD_Pages/Landing_Page/select_NewTaxReturnAmountDue_TaxType"), Taxtype, false): All options with label 'Sales and Use Tax' are selected in object 'Object Repository/RAD_Pages/Landing_Page/select_NewTaxReturnAmountDue_TaxType' 

2024-10-17 14:16:11 - [MESSAGE][PASSED] - All options with label 'Sales and Use Tax' are selected in object 'Object Repository/RAD_Pages/Landing_Page/select_NewTaxReturnAmountDue_TaxType' 

2024-10-17 14:16:11 - [TEST_STEP][PASSED] - break: null

2024-10-17 14:16:11 - [TEST_STEP][PASSED] - delay(1): Delayed 1 second(s)

2024-10-17 14:16:12 - [MESSAGE][PASSED] - Delayed 1 second(s)

2024-10-17 14:16:12 - [TEST_STEP][PASSED] - scrollToElement(findTestObject(orPath_Amount + "/input__paymentAmount"), 2, CONTINUE_ON_FAILURE): Scroll to object 'Object Repository/RAD_Pages/PaymentAmount_Page/input__paymentAmount' successfully

2024-10-17 14:16:13 - [MESSAGE][PASSED] - Scroll to object 'Object Repository/RAD_Pages/PaymentAmount_Page/input__paymentAmount' successfully

2024-10-17 14:16:13 - [TEST_STEP][PASSED] - switch (Paymenttype): null

2024-10-17 14:16:13 - [TEST_STEP][PASSED] - case "New Tax Return Amount Due":: null

2024-10-17 14:16:13 - [TEST_STEP][PASSED] - setEncryptedText(findTestObject(orPath_TaxInfo + "/input_FederalEIN-2"), "RigbBhfdqODKcAsiUrg+1Q=="): Text ****** has been set on object 'Object Repository/RAD_Pages/TaxInfo_Page/input_FederalEIN-2'

2024-10-17 14:16:13 - [MESSAGE][PASSED] - Text ****** has been set on object 'Object Repository/RAD_Pages/TaxInfo_Page/input_FederalEIN-2'

2024-10-17 14:16:13 - [TEST_STEP][PASSED] - setEncryptedText(findTestObject(orPath_TaxInfo + "/input_FederalEIN_ReEnter-2"), "RigbBhfdqOBBGbZqm4oFJQ=="): Text ****** has been set on object 'Object Repository/RAD_Pages/TaxInfo_Page/input_FederalEIN_ReEnter-2'

2024-10-17 14:16:14 - [MESSAGE][PASSED] - Text ****** has been set on object 'Object Repository/RAD_Pages/TaxInfo_Page/input_FederalEIN_ReEnter-2'

2024-10-17 14:16:14 - [TEST_STEP][PASSED] - break: null

2024-10-17 14:16:14 - [TEST_STEP][PASSED] - setText(findTestObject(orPath_Amount + "/input__paymentAmount"), ""): Text '' is set on object 'Object Repository/RAD_Pages/PaymentAmount_Page/input__paymentAmount'

2024-10-17 14:16:14 - [MESSAGE][PASSED] - Text '' is set on object 'Object Repository/RAD_Pages/PaymentAmount_Page/input__paymentAmount'

2024-10-17 14:16:14 - [TEST_STEP][PASSED] - verifyTextPresent("The FEIN and Re-type FEIN do not match", true): Text 'The FEIN and Re-type FEIN do not match' is present on page  using regular expression

2024-10-17 14:16:15 - [MESSAGE][PASSED] - Text 'The FEIN and Re-type FEIN do not match' is present on page  using regular expression

2024-10-17 14:16:15 - [TEST_STEP][PASSED] - if (verifyTextPresent("The FEIN and Re-type FEIN do not match", true)): null

2024-10-17 14:16:16 - [MESSAGE][PASSED] - Text 'The FEIN and Re-type FEIN do not match' is present on page  using regular expression

2024-10-17 14:16:16 - [TEST_STEP][PASSED] - println("Error Message is present on the page"): null

2024-10-17 14:16:16 - [TEST_STEP][PASSED] - out.println("Pass Record Number: " + row): null

2024-10-17 14:16:16 - [TEST_STEP][PASSED] - resText = "Pass": null

2024-10-17 14:16:16 - [TEST_STEP][PASSED] - pages.WriteExcel.demoKey(resText, datText, resColumn, datCloumn, fileLoc, nameSheet, row): pages.WriteExcel.demoKey is PASSED

2024-10-17 14:16:16 - [MESSAGE][PASSED] - pages.WriteExcel.demoKey is PASSED

2024-10-17 14:16:16 - [TEST_STEP][PASSED] - ExecuteTC = findTestData(dataFile).getValue("Execute", row): null

2024-10-17 14:16:16 - [TEST_STEP][PASSED] - Taxtype = findTestData(dataFile).getValue("TaxType", row): null

2024-10-17 14:16:16 - [TEST_STEP][PASSED] - Paymenttype = findTestData(dataFile).getValue("PaymentType", row): null

2024-10-17 14:16:16 - [TEST_STEP][PASSED] - out.println("Value of Execute is : " + ExecuteTC): null

2024-10-17 14:16:16 - [TEST_STEP][PASSED] - if (ExecuteTC.equalsIgnoreCase("Y")): null

2024-10-17 14:16:16 - [TEST_STEP][PASSED] - out.println("Begin Record Number: " + row): null

2024-10-17 14:16:16 - [TEST_STEP][PASSED] - today = new java.util.Date(): null

2024-10-17 14:16:16 - [TEST_STEP][PASSED] - println(today): null

2024-10-17 14:16:16 - [TEST_STEP][PASSED] - datText = today: null

2024-10-17 14:16:16 - [TEST_STEP][PASSED] - Taxtype = findTestData(dataFile).getValue("TaxType", row): null

2024-10-17 14:16:16 - [TEST_STEP][PASSED] - out.println("Taxtype value is : " + Taxtype): null

2024-10-17 14:16:16 - [TEST_STEP][PASSED] - openBrowser(""): Browser is opened with url: ''

2024-10-17 14:16:16 - [MESSAGE][WARNING] - A browser is already opened. Closing browser and opening a new one

2024-10-17 14:16:17 - [MESSAGE][INFO] - Starting 'Chrome' driver

2024-10-17 14:16:17 - [MESSAGE][INFO] - User set preference: ['acceptInsecureCerts', 'true']

2024-10-17 14:16:17 - [MESSAGE][INFO] - Action delay is set to 0 milliseconds

2024-10-17 14:16:19 - [MESSAGE][PASSED] - Browser is opened with url: ''

2024-10-17 14:16:19 - [TEST_STEP][PASSED] - maximizeWindow(): Current window maximized

2024-10-17 14:16:19 - [MESSAGE][PASSED] - Current window maximized

2024-10-17 14:16:19 - [TEST_STEP][PASSED] - navigateToUrl(RADurl): Navigate to 'https://demo.velocitypayment.com/client/rad/index.html' successfully

2024-10-17 14:16:19 - [MESSAGE][PASSED] - Navigate to 'https://demo.velocitypayment.com/client/rad/index.html' successfully

2024-10-17 14:16:19 - [TEST_STEP][PASSED] - orPath_Landing = "Object Repository/RAD_Pages/Landing_Page": null

2024-10-17 14:16:19 - [TEST_STEP][PASSED] - orPath_TaxTypeFilingYear = "Object Repository/RAD_Pages/TaxTypeFilingYear_Page": null

2024-10-17 14:16:19 - [TEST_STEP][PASSED] - orPath_TaxPayer = "Object Repository/RAD_Pages/Taxpayer_Page": null

2024-10-17 14:16:19 - [TEST_STEP][PASSED] - orPath_AddressContact = "Object Repository/RAD_Pages/AddressAndContactInfo_Page": null

2024-10-17 14:16:19 - [TEST_STEP][PASSED] - orPath_FilingStatus = "Object Repository/RAD_Pages/FilingStatus_Page": null

2024-10-17 14:16:19 - [TEST_STEP][PASSED] - orPath_Amount = "Object Repository/RAD_Pages/PaymentAmount_Page": null

2024-10-17 14:16:19 - [TEST_STEP][PASSED] - orPath_TaxInfo = "Object Repository/RAD_Pages/TaxInfo_Page": null

2024-10-17 14:16:19 - [TEST_STEP][PASSED] - orPath_Withholding = "Object Repository/RAD_Pages/Withholding_Page": null

2024-10-17 14:16:19 - [TEST_STEP][PASSED] - orPath_Summary = "Object Repository/RAD_Pages/Summary_Page": null

2024-10-17 14:16:19 - [TEST_STEP][PASSED] - orPath_PaymentReady = "Object Repository/RAD_Pages/PaymentReady_Page": null

2024-10-17 14:16:19 - [TEST_STEP][PASSED] - orPath_PaymentEntry = "Object Repository/RAD_Pages/PaymentEntry_Page": null

2024-10-17 14:16:19 - [TEST_STEP][PASSED] - orPath_PaymentConfirmation = "Object Repository/RAD_Pages/PaymentConfirmation_Page": null

2024-10-17 14:16:19 - [TEST_STEP][PASSED] - orPath_ServiceFeesAccept = "Object Repository/RAD_Pages/ServiceFeeAccept_Page": null

2024-10-17 14:16:19 - [TEST_STEP][PASSED] - selectOptionByLabel(findTestObject(orPath_Landing + "/dd_TaxType"), Paymenttype, false): All options with label 'New Tax Return Amount Due' are selected in object 'Object Repository/RAD_Pages/Landing_Page/dd_TaxType' 

2024-10-17 14:16:21 - [MESSAGE][PASSED] - All options with label 'New Tax Return Amount Due' are selected in object 'Object Repository/RAD_Pages/Landing_Page/dd_TaxType' 

2024-10-17 14:16:21 - [TEST_STEP][PASSED] - delay(1): Delayed 1 second(s)

2024-10-17 14:16:22 - [MESSAGE][PASSED] - Delayed 1 second(s)

2024-10-17 14:16:22 - [TEST_STEP][PASSED] - switch (Paymenttype): null

2024-10-17 14:16:22 - [TEST_STEP][PASSED] - case "New Tax Return Amount Due":: null

2024-10-17 14:16:22 - [TEST_STEP][PASSED] - selectOptionByLabel(findTestObject("Object Repository/RAD_Pages/Landing_Page/select_NewTaxReturnAmountDue_TaxType"), Taxtype, false): All options with label 'Slots License Fee' are selected in object 'Object Repository/RAD_Pages/Landing_Page/select_NewTaxReturnAmountDue_TaxType' 

2024-10-17 14:16:23 - [MESSAGE][PASSED] - All options with label 'Slots License Fee' are selected in object 'Object Repository/RAD_Pages/Landing_Page/select_NewTaxReturnAmountDue_TaxType' 

2024-10-17 14:16:23 - [TEST_STEP][PASSED] - break: null

2024-10-17 14:16:23 - [TEST_STEP][PASSED] - delay(1): Delayed 1 second(s)

2024-10-17 14:16:24 - [MESSAGE][PASSED] - Delayed 1 second(s)

2024-10-17 14:16:24 - [TEST_STEP][PASSED] - scrollToElement(findTestObject(orPath_Amount + "/input__paymentAmount"), 2, CONTINUE_ON_FAILURE): Scroll to object 'Object Repository/RAD_Pages/PaymentAmount_Page/input__paymentAmount' successfully

2024-10-17 14:16:24 - [MESSAGE][PASSED] - Scroll to object 'Object Repository/RAD_Pages/PaymentAmount_Page/input__paymentAmount' successfully

2024-10-17 14:16:24 - [TEST_STEP][PASSED] - switch (Paymenttype): null

2024-10-17 14:16:24 - [TEST_STEP][PASSED] - case "New Tax Return Amount Due":: null

2024-10-17 14:16:24 - [TEST_STEP][PASSED] - setEncryptedText(findTestObject(orPath_TaxInfo + "/input_FederalEIN-2"), "RigbBhfdqODKcAsiUrg+1Q=="): Text ****** has been set on object 'Object Repository/RAD_Pages/TaxInfo_Page/input_FederalEIN-2'

2024-10-17 14:16:25 - [MESSAGE][PASSED] - Text ****** has been set on object 'Object Repository/RAD_Pages/TaxInfo_Page/input_FederalEIN-2'

2024-10-17 14:16:25 - [TEST_STEP][PASSED] - setEncryptedText(findTestObject(orPath_TaxInfo + "/input_FederalEIN_ReEnter-2"), "RigbBhfdqOBBGbZqm4oFJQ=="): Text ****** has been set on object 'Object Repository/RAD_Pages/TaxInfo_Page/input_FederalEIN_ReEnter-2'

2024-10-17 14:16:25 - [MESSAGE][PASSED] - Text ****** has been set on object 'Object Repository/RAD_Pages/TaxInfo_Page/input_FederalEIN_ReEnter-2'

2024-10-17 14:16:25 - [TEST_STEP][PASSED] - break: null

2024-10-17 14:16:25 - [TEST_STEP][PASSED] - setText(findTestObject(orPath_Amount + "/input__paymentAmount"), ""): Text '' is set on object 'Object Repository/RAD_Pages/PaymentAmount_Page/input__paymentAmount'

2024-10-17 14:16:26 - [MESSAGE][PASSED] - Text '' is set on object 'Object Repository/RAD_Pages/PaymentAmount_Page/input__paymentAmount'

2024-10-17 14:16:26 - [TEST_STEP][PASSED] - verifyTextPresent("The FEIN and Re-type FEIN do not match", true): Text 'The FEIN and Re-type FEIN do not match' is present on page  using regular expression

2024-10-17 14:16:27 - [MESSAGE][PASSED] - Text 'The FEIN and Re-type FEIN do not match' is present on page  using regular expression

2024-10-17 14:16:27 - [TEST_STEP][PASSED] - if (verifyTextPresent("The FEIN and Re-type FEIN do not match", true)): null

2024-10-17 14:16:27 - [MESSAGE][PASSED] - Text 'The FEIN and Re-type FEIN do not match' is present on page  using regular expression

2024-10-17 14:16:27 - [TEST_STEP][PASSED] - println("Error Message is present on the page"): null

2024-10-17 14:16:27 - [TEST_STEP][PASSED] - out.println("Pass Record Number: " + row): null

2024-10-17 14:16:27 - [TEST_STEP][PASSED] - resText = "Pass": null

2024-10-17 14:16:27 - [TEST_STEP][PASSED] - pages.WriteExcel.demoKey(resText, datText, resColumn, datCloumn, fileLoc, nameSheet, row): pages.WriteExcel.demoKey is PASSED

2024-10-17 14:16:27 - [MESSAGE][PASSED] - pages.WriteExcel.demoKey is PASSED

2024-10-17 14:16:27 - [TEST_STEP][PASSED] - ExecuteTC = findTestData(dataFile).getValue("Execute", row): null

2024-10-17 14:16:27 - [TEST_STEP][PASSED] - Taxtype = findTestData(dataFile).getValue("TaxType", row): null

2024-10-17 14:16:27 - [TEST_STEP][PASSED] - Paymenttype = findTestData(dataFile).getValue("PaymentType", row): null

2024-10-17 14:16:27 - [TEST_STEP][PASSED] - out.println("Value of Execute is : " + ExecuteTC): null

2024-10-17 14:16:27 - [TEST_STEP][PASSED] - if (ExecuteTC.equalsIgnoreCase("Y")): null

2024-10-17 14:16:27 - [TEST_STEP][PASSED] - out.println("Begin Record Number: " + row): null

2024-10-17 14:16:27 - [TEST_STEP][PASSED] - today = new java.util.Date(): null

2024-10-17 14:16:27 - [TEST_STEP][PASSED] - println(today): null

2024-10-17 14:16:27 - [TEST_STEP][PASSED] - datText = today: null

2024-10-17 14:16:27 - [TEST_STEP][PASSED] - Taxtype = findTestData(dataFile).getValue("TaxType", row): null

2024-10-17 14:16:27 - [TEST_STEP][PASSED] - out.println("Taxtype value is : " + Taxtype): null

2024-10-17 14:16:27 - [TEST_STEP][PASSED] - openBrowser(""): Browser is opened with url: ''

2024-10-17 14:16:27 - [MESSAGE][WARNING] - A browser is already opened. Closing browser and opening a new one

2024-10-17 14:16:29 - [MESSAGE][INFO] - Starting 'Chrome' driver

2024-10-17 14:16:29 - [MESSAGE][INFO] - User set preference: ['acceptInsecureCerts', 'true']

2024-10-17 14:16:29 - [MESSAGE][INFO] - Action delay is set to 0 milliseconds

2024-10-17 14:16:30 - [MESSAGE][PASSED] - Browser is opened with url: ''

2024-10-17 14:16:30 - [TEST_STEP][PASSED] - maximizeWindow(): Current window maximized

2024-10-17 14:16:30 - [MESSAGE][PASSED] - Current window maximized

2024-10-17 14:16:30 - [TEST_STEP][PASSED] - navigateToUrl(RADurl): Navigate to 'https://demo.velocitypayment.com/client/rad/index.html' successfully

2024-10-17 14:16:33 - [MESSAGE][PASSED] - Navigate to 'https://demo.velocitypayment.com/client/rad/index.html' successfully

2024-10-17 14:16:33 - [TEST_STEP][PASSED] - orPath_Landing = "Object Repository/RAD_Pages/Landing_Page": null

2024-10-17 14:16:33 - [TEST_STEP][PASSED] - orPath_TaxTypeFilingYear = "Object Repository/RAD_Pages/TaxTypeFilingYear_Page": null

2024-10-17 14:16:33 - [TEST_STEP][PASSED] - orPath_TaxPayer = "Object Repository/RAD_Pages/Taxpayer_Page": null

2024-10-17 14:16:33 - [TEST_STEP][PASSED] - orPath_AddressContact = "Object Repository/RAD_Pages/AddressAndContactInfo_Page": null

2024-10-17 14:16:33 - [TEST_STEP][PASSED] - orPath_FilingStatus = "Object Repository/RAD_Pages/FilingStatus_Page": null

2024-10-17 14:16:33 - [TEST_STEP][PASSED] - orPath_Amount = "Object Repository/RAD_Pages/PaymentAmount_Page": null

2024-10-17 14:16:33 - [TEST_STEP][PASSED] - orPath_TaxInfo = "Object Repository/RAD_Pages/TaxInfo_Page": null

2024-10-17 14:16:33 - [TEST_STEP][PASSED] - orPath_Withholding = "Object Repository/RAD_Pages/Withholding_Page": null

2024-10-17 14:16:33 - [TEST_STEP][PASSED] - orPath_Summary = "Object Repository/RAD_Pages/Summary_Page": null

2024-10-17 14:16:33 - [TEST_STEP][PASSED] - orPath_PaymentReady = "Object Repository/RAD_Pages/PaymentReady_Page": null

2024-10-17 14:16:33 - [TEST_STEP][PASSED] - orPath_PaymentEntry = "Object Repository/RAD_Pages/PaymentEntry_Page": null

2024-10-17 14:16:33 - [TEST_STEP][PASSED] - orPath_PaymentConfirmation = "Object Repository/RAD_Pages/PaymentConfirmation_Page": null

2024-10-17 14:16:33 - [TEST_STEP][PASSED] - orPath_ServiceFeesAccept = "Object Repository/RAD_Pages/ServiceFeeAccept_Page": null

2024-10-17 14:16:33 - [TEST_STEP][PASSED] - selectOptionByLabel(findTestObject(orPath_Landing + "/dd_TaxType"), Paymenttype, false): All options with label 'New Tax Return Amount Due' are selected in object 'Object Repository/RAD_Pages/Landing_Page/dd_TaxType' 

2024-10-17 14:16:33 - [MESSAGE][PASSED] - All options with label 'New Tax Return Amount Due' are selected in object 'Object Repository/RAD_Pages/Landing_Page/dd_TaxType' 

2024-10-17 14:16:33 - [TEST_STEP][PASSED] - delay(1): Delayed 1 second(s)

2024-10-17 14:16:34 - [MESSAGE][PASSED] - Delayed 1 second(s)

2024-10-17 14:16:34 - [TEST_STEP][PASSED] - switch (Paymenttype): null

2024-10-17 14:16:34 - [TEST_STEP][PASSED] - case "New Tax Return Amount Due":: null

2024-10-17 14:16:34 - [TEST_STEP][PASSED] - selectOptionByLabel(findTestObject("Object Repository/RAD_Pages/Landing_Page/select_NewTaxReturnAmountDue_TaxType"), Taxtype, false): All options with label 'Tire Recycling Fee' are selected in object 'Object Repository/RAD_Pages/Landing_Page/select_NewTaxReturnAmountDue_TaxType' 

2024-10-17 14:16:35 - [MESSAGE][PASSED] - All options with label 'Tire Recycling Fee' are selected in object 'Object Repository/RAD_Pages/Landing_Page/select_NewTaxReturnAmountDue_TaxType' 

2024-10-17 14:16:35 - [TEST_STEP][PASSED] - break: null

2024-10-17 14:16:35 - [TEST_STEP][PASSED] - delay(1): Delayed 1 second(s)

2024-10-17 14:16:36 - [MESSAGE][PASSED] - Delayed 1 second(s)

2024-10-17 14:16:36 - [TEST_STEP][PASSED] - scrollToElement(findTestObject(orPath_Amount + "/input__paymentAmount"), 2, CONTINUE_ON_FAILURE): Scroll to object 'Object Repository/RAD_Pages/PaymentAmount_Page/input__paymentAmount' successfully

2024-10-17 14:16:36 - [MESSAGE][PASSED] - Scroll to object 'Object Repository/RAD_Pages/PaymentAmount_Page/input__paymentAmount' successfully

2024-10-17 14:16:36 - [TEST_STEP][PASSED] - switch (Paymenttype): null

2024-10-17 14:16:36 - [TEST_STEP][PASSED] - case "New Tax Return Amount Due":: null

2024-10-17 14:16:36 - [TEST_STEP][PASSED] - setEncryptedText(findTestObject(orPath_TaxInfo + "/input_FederalEIN-2"), "RigbBhfdqODKcAsiUrg+1Q=="): Text ****** has been set on object 'Object Repository/RAD_Pages/TaxInfo_Page/input_FederalEIN-2'

2024-10-17 14:16:37 - [MESSAGE][PASSED] - Text ****** has been set on object 'Object Repository/RAD_Pages/TaxInfo_Page/input_FederalEIN-2'

2024-10-17 14:16:37 - [TEST_STEP][PASSED] - setEncryptedText(findTestObject(orPath_TaxInfo + "/input_FederalEIN_ReEnter-2"), "RigbBhfdqOBBGbZqm4oFJQ=="): Text ****** has been set on object 'Object Repository/RAD_Pages/TaxInfo_Page/input_FederalEIN_ReEnter-2'

2024-10-17 14:16:37 - [MESSAGE][PASSED] - Text ****** has been set on object 'Object Repository/RAD_Pages/TaxInfo_Page/input_FederalEIN_ReEnter-2'

2024-10-17 14:16:37 - [TEST_STEP][PASSED] - break: null

2024-10-17 14:16:37 - [TEST_STEP][PASSED] - setText(findTestObject(orPath_Amount + "/input__paymentAmount"), ""): Text '' is set on object 'Object Repository/RAD_Pages/PaymentAmount_Page/input__paymentAmount'

2024-10-17 14:16:38 - [MESSAGE][PASSED] - Text '' is set on object 'Object Repository/RAD_Pages/PaymentAmount_Page/input__paymentAmount'

2024-10-17 14:16:38 - [TEST_STEP][PASSED] - verifyTextPresent("The FEIN and Re-type FEIN do not match", true): Text 'The FEIN and Re-type FEIN do not match' is present on page  using regular expression

2024-10-17 14:16:39 - [MESSAGE][PASSED] - Text 'The FEIN and Re-type FEIN do not match' is present on page  using regular expression

2024-10-17 14:16:39 - [TEST_STEP][PASSED] - if (verifyTextPresent("The FEIN and Re-type FEIN do not match", true)): null

2024-10-17 14:16:39 - [MESSAGE][PASSED] - Text 'The FEIN and Re-type FEIN do not match' is present on page  using regular expression

2024-10-17 14:16:39 - [TEST_STEP][PASSED] - println("Error Message is present on the page"): null

2024-10-17 14:16:39 - [TEST_STEP][PASSED] - out.println("Pass Record Number: " + row): null

2024-10-17 14:16:39 - [TEST_STEP][PASSED] - resText = "Pass": null

2024-10-17 14:16:39 - [TEST_STEP][PASSED] - pages.WriteExcel.demoKey(resText, datText, resColumn, datCloumn, fileLoc, nameSheet, row): pages.WriteExcel.demoKey is PASSED

2024-10-17 14:16:39 - [MESSAGE][PASSED] - pages.WriteExcel.demoKey is PASSED

2024-10-17 14:16:39 - [TEST_STEP][PASSED] - ExecuteTC = findTestData(dataFile).getValue("Execute", row): null

2024-10-17 14:16:39 - [TEST_STEP][PASSED] - Taxtype = findTestData(dataFile).getValue("TaxType", row): null

2024-10-17 14:16:39 - [TEST_STEP][PASSED] - Paymenttype = findTestData(dataFile).getValue("PaymentType", row): null

2024-10-17 14:16:39 - [TEST_STEP][PASSED] - out.println("Value of Execute is : " + ExecuteTC): null

2024-10-17 14:16:39 - [TEST_STEP][PASSED] - if (ExecuteTC.equalsIgnoreCase("Y")): null

2024-10-17 14:16:39 - [TEST_STEP][PASSED] - out.println("Begin Record Number: " + row): null

2024-10-17 14:16:39 - [TEST_STEP][PASSED] - today = new java.util.Date(): null

2024-10-17 14:16:39 - [TEST_STEP][PASSED] - println(today): null

2024-10-17 14:16:39 - [TEST_STEP][PASSED] - datText = today: null

2024-10-17 14:16:39 - [TEST_STEP][PASSED] - Taxtype = findTestData(dataFile).getValue("TaxType", row): null

2024-10-17 14:16:39 - [TEST_STEP][PASSED] - out.println("Taxtype value is : " + Taxtype): null

2024-10-17 14:16:39 - [TEST_STEP][PASSED] - openBrowser(""): Browser is opened with url: ''

2024-10-17 14:16:39 - [MESSAGE][WARNING] - A browser is already opened. Closing browser and opening a new one

2024-10-17 14:16:41 - [MESSAGE][INFO] - Starting 'Chrome' driver

2024-10-17 14:16:41 - [MESSAGE][INFO] - User set preference: ['acceptInsecureCerts', 'true']

2024-10-17 14:16:41 - [MESSAGE][INFO] - Action delay is set to 0 milliseconds

2024-10-17 14:16:42 - [MESSAGE][PASSED] - Browser is opened with url: ''

2024-10-17 14:16:42 - [TEST_STEP][PASSED] - maximizeWindow(): Current window maximized

2024-10-17 14:16:42 - [MESSAGE][PASSED] - Current window maximized

2024-10-17 14:16:42 - [TEST_STEP][PASSED] - navigateToUrl(RADurl): Navigate to 'https://demo.velocitypayment.com/client/rad/index.html' successfully

2024-10-17 14:16:43 - [MESSAGE][PASSED] - Navigate to 'https://demo.velocitypayment.com/client/rad/index.html' successfully

2024-10-17 14:16:43 - [TEST_STEP][PASSED] - orPath_Landing = "Object Repository/RAD_Pages/Landing_Page": null

2024-10-17 14:16:43 - [TEST_STEP][PASSED] - orPath_TaxTypeFilingYear = "Object Repository/RAD_Pages/TaxTypeFilingYear_Page": null

2024-10-17 14:16:43 - [TEST_STEP][PASSED] - orPath_TaxPayer = "Object Repository/RAD_Pages/Taxpayer_Page": null

2024-10-17 14:16:43 - [TEST_STEP][PASSED] - orPath_AddressContact = "Object Repository/RAD_Pages/AddressAndContactInfo_Page": null

2024-10-17 14:16:43 - [TEST_STEP][PASSED] - orPath_FilingStatus = "Object Repository/RAD_Pages/FilingStatus_Page": null

2024-10-17 14:16:43 - [TEST_STEP][PASSED] - orPath_Amount = "Object Repository/RAD_Pages/PaymentAmount_Page": null

2024-10-17 14:16:43 - [TEST_STEP][PASSED] - orPath_TaxInfo = "Object Repository/RAD_Pages/TaxInfo_Page": null

2024-10-17 14:16:43 - [TEST_STEP][PASSED] - orPath_Withholding = "Object Repository/RAD_Pages/Withholding_Page": null

2024-10-17 14:16:43 - [TEST_STEP][PASSED] - orPath_Summary = "Object Repository/RAD_Pages/Summary_Page": null

2024-10-17 14:16:43 - [TEST_STEP][PASSED] - orPath_PaymentReady = "Object Repository/RAD_Pages/PaymentReady_Page": null

2024-10-17 14:16:43 - [TEST_STEP][PASSED] - orPath_PaymentEntry = "Object Repository/RAD_Pages/PaymentEntry_Page": null

2024-10-17 14:16:43 - [TEST_STEP][PASSED] - orPath_PaymentConfirmation = "Object Repository/RAD_Pages/PaymentConfirmation_Page": null

2024-10-17 14:16:43 - [TEST_STEP][PASSED] - orPath_ServiceFeesAccept = "Object Repository/RAD_Pages/ServiceFeeAccept_Page": null

2024-10-17 14:16:43 - [TEST_STEP][PASSED] - selectOptionByLabel(findTestObject(orPath_Landing + "/dd_TaxType"), Paymenttype, false): All options with label 'New Tax Return Amount Due' are selected in object 'Object Repository/RAD_Pages/Landing_Page/dd_TaxType' 

2024-10-17 14:16:45 - [MESSAGE][PASSED] - All options with label 'New Tax Return Amount Due' are selected in object 'Object Repository/RAD_Pages/Landing_Page/dd_TaxType' 

2024-10-17 14:16:45 - [TEST_STEP][PASSED] - delay(1): Delayed 1 second(s)

2024-10-17 14:16:46 - [MESSAGE][PASSED] - Delayed 1 second(s)

2024-10-17 14:16:46 - [TEST_STEP][PASSED] - switch (Paymenttype): null

2024-10-17 14:16:46 - [TEST_STEP][PASSED] - case "New Tax Return Amount Due":: null

2024-10-17 14:16:46 - [TEST_STEP][PASSED] - selectOptionByLabel(findTestObject("Object Repository/RAD_Pages/Landing_Page/select_NewTaxReturnAmountDue_TaxType"), Taxtype, false): All options with label 'Transportation Network Services' are selected in object 'Object Repository/RAD_Pages/Landing_Page/select_NewTaxReturnAmountDue_TaxType' 

2024-10-17 14:16:47 - [MESSAGE][PASSED] - All options with label 'Transportation Network Services' are selected in object 'Object Repository/RAD_Pages/Landing_Page/select_NewTaxReturnAmountDue_TaxType' 

2024-10-17 14:16:47 - [TEST_STEP][PASSED] - break: null

2024-10-17 14:16:47 - [TEST_STEP][PASSED] - delay(1): Delayed 1 second(s)

2024-10-17 14:16:48 - [MESSAGE][PASSED] - Delayed 1 second(s)

2024-10-17 14:16:48 - [TEST_STEP][PASSED] - scrollToElement(findTestObject(orPath_Amount + "/input__paymentAmount"), 2, CONTINUE_ON_FAILURE): Scroll to object 'Object Repository/RAD_Pages/PaymentAmount_Page/input__paymentAmount' successfully

2024-10-17 14:16:48 - [MESSAGE][PASSED] - Scroll to object 'Object Repository/RAD_Pages/PaymentAmount_Page/input__paymentAmount' successfully

2024-10-17 14:16:48 - [TEST_STEP][PASSED] - switch (Paymenttype): null

2024-10-17 14:16:48 - [TEST_STEP][PASSED] - case "New Tax Return Amount Due":: null

2024-10-17 14:16:48 - [TEST_STEP][PASSED] - setEncryptedText(findTestObject(orPath_TaxInfo + "/input_FederalEIN-2"), "RigbBhfdqODKcAsiUrg+1Q=="): Text ****** has been set on object 'Object Repository/RAD_Pages/TaxInfo_Page/input_FederalEIN-2'

2024-10-17 14:16:49 - [MESSAGE][PASSED] - Text ****** has been set on object 'Object Repository/RAD_Pages/TaxInfo_Page/input_FederalEIN-2'

2024-10-17 14:16:49 - [TEST_STEP][PASSED] - setEncryptedText(findTestObject(orPath_TaxInfo + "/input_FederalEIN_ReEnter-2"), "RigbBhfdqOBBGbZqm4oFJQ=="): Text ****** has been set on object 'Object Repository/RAD_Pages/TaxInfo_Page/input_FederalEIN_ReEnter-2'

2024-10-17 14:16:49 - [MESSAGE][PASSED] - Text ****** has been set on object 'Object Repository/RAD_Pages/TaxInfo_Page/input_FederalEIN_ReEnter-2'

2024-10-17 14:16:49 - [TEST_STEP][PASSED] - break: null

2024-10-17 14:16:49 - [TEST_STEP][PASSED] - setText(findTestObject(orPath_Amount + "/input__paymentAmount"), ""): Text '' is set on object 'Object Repository/RAD_Pages/PaymentAmount_Page/input__paymentAmount'

2024-10-17 14:16:50 - [MESSAGE][PASSED] - Text '' is set on object 'Object Repository/RAD_Pages/PaymentAmount_Page/input__paymentAmount'

2024-10-17 14:16:50 - [TEST_STEP][PASSED] - verifyTextPresent("The FEIN and Re-type FEIN do not match", true): Text 'The FEIN and Re-type FEIN do not match' is present on page  using regular expression

2024-10-17 14:16:50 - [MESSAGE][PASSED] - Text 'The FEIN and Re-type FEIN do not match' is present on page  using regular expression

2024-10-17 14:16:50 - [TEST_STEP][PASSED] - if (verifyTextPresent("The FEIN and Re-type FEIN do not match", true)): null

2024-10-17 14:16:51 - [MESSAGE][PASSED] - Text 'The FEIN and Re-type FEIN do not match' is present on page  using regular expression

2024-10-17 14:16:51 - [TEST_STEP][PASSED] - println("Error Message is present on the page"): null

2024-10-17 14:16:51 - [TEST_STEP][PASSED] - out.println("Pass Record Number: " + row): null

2024-10-17 14:16:51 - [TEST_STEP][PASSED] - resText = "Pass": null

2024-10-17 14:16:51 - [TEST_STEP][PASSED] - pages.WriteExcel.demoKey(resText, datText, resColumn, datCloumn, fileLoc, nameSheet, row): pages.WriteExcel.demoKey is PASSED

2024-10-17 14:16:51 - [MESSAGE][PASSED] - pages.WriteExcel.demoKey is PASSED

2024-10-17 14:16:51 - [TEST_STEP][PASSED] - ExecuteTC = findTestData(dataFile).getValue("Execute", row): null

2024-10-17 14:16:51 - [TEST_STEP][PASSED] - Taxtype = findTestData(dataFile).getValue("TaxType", row): null

2024-10-17 14:16:51 - [TEST_STEP][PASSED] - Paymenttype = findTestData(dataFile).getValue("PaymentType", row): null

2024-10-17 14:16:51 - [TEST_STEP][PASSED] - out.println("Value of Execute is : " + ExecuteTC): null

2024-10-17 14:16:51 - [TEST_STEP][PASSED] - if (ExecuteTC.equalsIgnoreCase("Y")): null

2024-10-17 14:16:51 - [TEST_STEP][PASSED] - out.println("Begin Record Number: " + row): null

2024-10-17 14:16:51 - [TEST_STEP][PASSED] - today = new java.util.Date(): null

2024-10-17 14:16:51 - [TEST_STEP][PASSED] - println(today): null

2024-10-17 14:16:51 - [TEST_STEP][PASSED] - datText = today: null

2024-10-17 14:16:51 - [TEST_STEP][PASSED] - Taxtype = findTestData(dataFile).getValue("TaxType", row): null

2024-10-17 14:16:51 - [TEST_STEP][PASSED] - out.println("Taxtype value is : " + Taxtype): null

2024-10-17 14:16:51 - [TEST_STEP][PASSED] - openBrowser(""): Browser is opened with url: ''

2024-10-17 14:16:51 - [MESSAGE][WARNING] - A browser is already opened. Closing browser and opening a new one

2024-10-17 14:16:58 - [MESSAGE][INFO] - Starting 'Chrome' driver

2024-10-17 14:16:58 - [MESSAGE][INFO] - User set preference: ['acceptInsecureCerts', 'true']

2024-10-17 14:16:58 - [MESSAGE][INFO] - Action delay is set to 0 milliseconds

2024-10-17 14:17:00 - [MESSAGE][PASSED] - Browser is opened with url: ''

2024-10-17 14:17:00 - [TEST_STEP][PASSED] - maximizeWindow(): Current window maximized

2024-10-17 14:17:00 - [MESSAGE][PASSED] - Current window maximized

2024-10-17 14:17:00 - [TEST_STEP][PASSED] - navigateToUrl(RADurl): Navigate to 'https://demo.velocitypayment.com/client/rad/index.html' successfully

2024-10-17 14:17:01 - [MESSAGE][PASSED] - Navigate to 'https://demo.velocitypayment.com/client/rad/index.html' successfully

2024-10-17 14:17:01 - [TEST_STEP][PASSED] - orPath_Landing = "Object Repository/RAD_Pages/Landing_Page": null

2024-10-17 14:17:01 - [TEST_STEP][PASSED] - orPath_TaxTypeFilingYear = "Object Repository/RAD_Pages/TaxTypeFilingYear_Page": null

2024-10-17 14:17:01 - [TEST_STEP][PASSED] - orPath_TaxPayer = "Object Repository/RAD_Pages/Taxpayer_Page": null

2024-10-17 14:17:01 - [TEST_STEP][PASSED] - orPath_AddressContact = "Object Repository/RAD_Pages/AddressAndContactInfo_Page": null

2024-10-17 14:17:01 - [TEST_STEP][PASSED] - orPath_FilingStatus = "Object Repository/RAD_Pages/FilingStatus_Page": null

2024-10-17 14:17:01 - [TEST_STEP][PASSED] - orPath_Amount = "Object Repository/RAD_Pages/PaymentAmount_Page": null

2024-10-17 14:17:01 - [TEST_STEP][PASSED] - orPath_TaxInfo = "Object Repository/RAD_Pages/TaxInfo_Page": null

2024-10-17 14:17:01 - [TEST_STEP][PASSED] - orPath_Withholding = "Object Repository/RAD_Pages/Withholding_Page": null

2024-10-17 14:17:01 - [TEST_STEP][PASSED] - orPath_Summary = "Object Repository/RAD_Pages/Summary_Page": null

2024-10-17 14:17:01 - [TEST_STEP][PASSED] - orPath_PaymentReady = "Object Repository/RAD_Pages/PaymentReady_Page": null

2024-10-17 14:17:01 - [TEST_STEP][PASSED] - orPath_PaymentEntry = "Object Repository/RAD_Pages/PaymentEntry_Page": null

2024-10-17 14:17:01 - [TEST_STEP][PASSED] - orPath_PaymentConfirmation = "Object Repository/RAD_Pages/PaymentConfirmation_Page": null

2024-10-17 14:17:01 - [TEST_STEP][PASSED] - orPath_ServiceFeesAccept = "Object Repository/RAD_Pages/ServiceFeeAccept_Page": null

2024-10-17 14:17:01 - [TEST_STEP][PASSED] - selectOptionByLabel(findTestObject(orPath_Landing + "/dd_TaxType"), Paymenttype, false): All options with label 'New Tax Return Amount Due' are selected in object 'Object Repository/RAD_Pages/Landing_Page/dd_TaxType' 

2024-10-17 14:17:04 - [MESSAGE][PASSED] - All options with label 'New Tax Return Amount Due' are selected in object 'Object Repository/RAD_Pages/Landing_Page/dd_TaxType' 

2024-10-17 14:17:04 - [TEST_STEP][PASSED] - delay(1): Delayed 1 second(s)

2024-10-17 14:17:05 - [MESSAGE][PASSED] - Delayed 1 second(s)

2024-10-17 14:17:05 - [TEST_STEP][PASSED] - switch (Paymenttype): null

2024-10-17 14:17:05 - [TEST_STEP][PASSED] - case "New Tax Return Amount Due":: null

2024-10-17 14:17:05 - [TEST_STEP][PASSED] - selectOptionByLabel(findTestObject("Object Repository/RAD_Pages/Landing_Page/select_NewTaxReturnAmountDue_TaxType"), Taxtype, false): All options with label 'Unclaimed Property' are selected in object 'Object Repository/RAD_Pages/Landing_Page/select_NewTaxReturnAmountDue_TaxType' 

2024-10-17 14:17:06 - [MESSAGE][PASSED] - All options with label 'Unclaimed Property' are selected in object 'Object Repository/RAD_Pages/Landing_Page/select_NewTaxReturnAmountDue_TaxType' 

2024-10-17 14:17:06 - [TEST_STEP][PASSED] - break: null

2024-10-17 14:17:06 - [TEST_STEP][PASSED] - delay(1): Delayed 1 second(s)

2024-10-17 14:17:07 - [MESSAGE][PASSED] - Delayed 1 second(s)

2024-10-17 14:17:07 - [TEST_STEP][PASSED] - scrollToElement(findTestObject(orPath_Amount + "/input__paymentAmount"), 2, CONTINUE_ON_FAILURE): Scroll to object 'Object Repository/RAD_Pages/PaymentAmount_Page/input__paymentAmount' successfully

2024-10-17 14:17:07 - [MESSAGE][PASSED] - Scroll to object 'Object Repository/RAD_Pages/PaymentAmount_Page/input__paymentAmount' successfully

2024-10-17 14:17:07 - [TEST_STEP][PASSED] - switch (Paymenttype): null

2024-10-17 14:17:07 - [TEST_STEP][PASSED] - case "New Tax Return Amount Due":: null

2024-10-17 14:17:07 - [TEST_STEP][PASSED] - setEncryptedText(findTestObject(orPath_TaxInfo + "/input_FederalEIN-2"), "RigbBhfdqODKcAsiUrg+1Q=="): Text ****** has been set on object 'Object Repository/RAD_Pages/TaxInfo_Page/input_FederalEIN-2'

2024-10-17 14:17:08 - [MESSAGE][PASSED] - Text ****** has been set on object 'Object Repository/RAD_Pages/TaxInfo_Page/input_FederalEIN-2'

2024-10-17 14:17:08 - [TEST_STEP][PASSED] - setEncryptedText(findTestObject(orPath_TaxInfo + "/input_FederalEIN_ReEnter-2"), "RigbBhfdqOBBGbZqm4oFJQ=="): Text ****** has been set on object 'Object Repository/RAD_Pages/TaxInfo_Page/input_FederalEIN_ReEnter-2'

2024-10-17 14:17:09 - [MESSAGE][PASSED] - Text ****** has been set on object 'Object Repository/RAD_Pages/TaxInfo_Page/input_FederalEIN_ReEnter-2'

2024-10-17 14:17:09 - [TEST_STEP][PASSED] - break: null

2024-10-17 14:17:09 - [TEST_STEP][PASSED] - setText(findTestObject(orPath_Amount + "/input__paymentAmount"), ""): Text '' is set on object 'Object Repository/RAD_Pages/PaymentAmount_Page/input__paymentAmount'

2024-10-17 14:17:09 - [MESSAGE][PASSED] - Text '' is set on object 'Object Repository/RAD_Pages/PaymentAmount_Page/input__paymentAmount'

2024-10-17 14:17:09 - [TEST_STEP][PASSED] - verifyTextPresent("The FEIN and Re-type FEIN do not match", true): Text 'The FEIN and Re-type FEIN do not match' is present on page  using regular expression

2024-10-17 14:17:10 - [MESSAGE][PASSED] - Text 'The FEIN and Re-type FEIN do not match' is present on page  using regular expression

2024-10-17 14:17:10 - [TEST_STEP][PASSED] - if (verifyTextPresent("The FEIN and Re-type FEIN do not match", true)): null

2024-10-17 14:17:10 - [MESSAGE][PASSED] - Text 'The FEIN and Re-type FEIN do not match' is present on page  using regular expression

2024-10-17 14:17:10 - [TEST_STEP][PASSED] - println("Error Message is present on the page"): null

2024-10-17 14:17:10 - [TEST_STEP][PASSED] - out.println("Pass Record Number: " + row): null

2024-10-17 14:17:10 - [TEST_STEP][PASSED] - resText = "Pass": null

2024-10-17 14:17:10 - [TEST_STEP][PASSED] - pages.WriteExcel.demoKey(resText, datText, resColumn, datCloumn, fileLoc, nameSheet, row): pages.WriteExcel.demoKey is PASSED

2024-10-17 14:17:10 - [MESSAGE][PASSED] - pages.WriteExcel.demoKey is PASSED

2024-10-17 14:17:10 - [TEST_STEP][PASSED] - ExecuteTC = findTestData(dataFile).getValue("Execute", row): null

2024-10-17 14:17:11 - [TEST_STEP][PASSED] - Taxtype = findTestData(dataFile).getValue("TaxType", row): null

2024-10-17 14:17:11 - [TEST_STEP][PASSED] - Paymenttype = findTestData(dataFile).getValue("PaymentType", row): null

2024-10-17 14:17:11 - [TEST_STEP][PASSED] - out.println("Value of Execute is : " + ExecuteTC): null

2024-10-17 14:17:11 - [TEST_STEP][PASSED] - if (ExecuteTC.equalsIgnoreCase("Y")): null

2024-10-17 14:17:11 - [TEST_STEP][PASSED] - out.println("Begin Record Number: " + row): null

2024-10-17 14:17:11 - [TEST_STEP][PASSED] - today = new java.util.Date(): null

2024-10-17 14:17:11 - [TEST_STEP][PASSED] - println(today): null

2024-10-17 14:17:11 - [TEST_STEP][PASSED] - datText = today: null

2024-10-17 14:17:11 - [TEST_STEP][PASSED] - Taxtype = findTestData(dataFile).getValue("TaxType", row): null

2024-10-17 14:17:11 - [TEST_STEP][PASSED] - out.println("Taxtype value is : " + Taxtype): null

2024-10-17 14:17:11 - [TEST_STEP][PASSED] - openBrowser(""): Browser is opened with url: ''

2024-10-17 14:17:11 - [MESSAGE][WARNING] - A browser is already opened. Closing browser and opening a new one

2024-10-17 14:17:12 - [MESSAGE][INFO] - Starting 'Chrome' driver

2024-10-17 14:17:12 - [MESSAGE][INFO] - User set preference: ['acceptInsecureCerts', 'true']

2024-10-17 14:17:12 - [MESSAGE][INFO] - Action delay is set to 0 milliseconds

2024-10-17 14:17:14 - [MESSAGE][PASSED] - Browser is opened with url: ''

2024-10-17 14:17:14 - [TEST_STEP][PASSED] - maximizeWindow(): Current window maximized

2024-10-17 14:17:14 - [MESSAGE][PASSED] - Current window maximized

2024-10-17 14:17:14 - [TEST_STEP][PASSED] - navigateToUrl(RADurl): Navigate to 'https://demo.velocitypayment.com/client/rad/index.html' successfully

2024-10-17 14:17:16 - [MESSAGE][PASSED] - Navigate to 'https://demo.velocitypayment.com/client/rad/index.html' successfully

2024-10-17 14:17:16 - [TEST_STEP][PASSED] - orPath_Landing = "Object Repository/RAD_Pages/Landing_Page": null

2024-10-17 14:17:16 - [TEST_STEP][PASSED] - orPath_TaxTypeFilingYear = "Object Repository/RAD_Pages/TaxTypeFilingYear_Page": null

2024-10-17 14:17:16 - [TEST_STEP][PASSED] - orPath_TaxPayer = "Object Repository/RAD_Pages/Taxpayer_Page": null

2024-10-17 14:17:16 - [TEST_STEP][PASSED] - orPath_AddressContact = "Object Repository/RAD_Pages/AddressAndContactInfo_Page": null

2024-10-17 14:17:16 - [TEST_STEP][PASSED] - orPath_FilingStatus = "Object Repository/RAD_Pages/FilingStatus_Page": null

2024-10-17 14:17:16 - [TEST_STEP][PASSED] - orPath_Amount = "Object Repository/RAD_Pages/PaymentAmount_Page": null

2024-10-17 14:17:16 - [TEST_STEP][PASSED] - orPath_TaxInfo = "Object Repository/RAD_Pages/TaxInfo_Page": null

2024-10-17 14:17:16 - [TEST_STEP][PASSED] - orPath_Withholding = "Object Repository/RAD_Pages/Withholding_Page": null

2024-10-17 14:17:16 - [TEST_STEP][PASSED] - orPath_Summary = "Object Repository/RAD_Pages/Summary_Page": null

2024-10-17 14:17:16 - [TEST_STEP][PASSED] - orPath_PaymentReady = "Object Repository/RAD_Pages/PaymentReady_Page": null

2024-10-17 14:17:16 - [TEST_STEP][PASSED] - orPath_PaymentEntry = "Object Repository/RAD_Pages/PaymentEntry_Page": null

2024-10-17 14:17:16 - [TEST_STEP][PASSED] - orPath_PaymentConfirmation = "Object Repository/RAD_Pages/PaymentConfirmation_Page": null

2024-10-17 14:17:16 - [TEST_STEP][PASSED] - orPath_ServiceFeesAccept = "Object Repository/RAD_Pages/ServiceFeeAccept_Page": null

2024-10-17 14:17:16 - [TEST_STEP][PASSED] - selectOptionByLabel(findTestObject(orPath_Landing + "/dd_TaxType"), Paymenttype, false): All options with label 'New Tax Return Amount Due' are selected in object 'Object Repository/RAD_Pages/Landing_Page/dd_TaxType' 

2024-10-17 14:17:17 - [MESSAGE][PASSED] - All options with label 'New Tax Return Amount Due' are selected in object 'Object Repository/RAD_Pages/Landing_Page/dd_TaxType' 

2024-10-17 14:17:17 - [TEST_STEP][PASSED] - delay(1): Delayed 1 second(s)

2024-10-17 14:17:18 - [MESSAGE][PASSED] - Delayed 1 second(s)

2024-10-17 14:17:18 - [TEST_STEP][PASSED] - switch (Paymenttype): null

2024-10-17 14:17:18 - [TEST_STEP][PASSED] - case "New Tax Return Amount Due":: null

2024-10-17 14:17:18 - [TEST_STEP][PASSED] - selectOptionByLabel(findTestObject("Object Repository/RAD_Pages/Landing_Page/select_NewTaxReturnAmountDue_TaxType"), Taxtype, false): All options with label 'Withholding Tax' are selected in object 'Object Repository/RAD_Pages/Landing_Page/select_NewTaxReturnAmountDue_TaxType' 

2024-10-17 14:17:19 - [MESSAGE][PASSED] - All options with label 'Withholding Tax' are selected in object 'Object Repository/RAD_Pages/Landing_Page/select_NewTaxReturnAmountDue_TaxType' 

2024-10-17 14:17:19 - [TEST_STEP][PASSED] - break: null

2024-10-17 14:17:19 - [TEST_STEP][PASSED] - delay(1): Delayed 1 second(s)

2024-10-17 14:17:20 - [MESSAGE][PASSED] - Delayed 1 second(s)

2024-10-17 14:17:20 - [TEST_STEP][PASSED] - scrollToElement(findTestObject(orPath_Amount + "/input__paymentAmount"), 2, CONTINUE_ON_FAILURE): Scroll to object 'Object Repository/RAD_Pages/PaymentAmount_Page/input__paymentAmount' successfully

2024-10-17 14:17:20 - [MESSAGE][PASSED] - Scroll to object 'Object Repository/RAD_Pages/PaymentAmount_Page/input__paymentAmount' successfully

2024-10-17 14:17:20 - [TEST_STEP][PASSED] - switch (Paymenttype): null

2024-10-17 14:17:20 - [TEST_STEP][PASSED] - case "New Tax Return Amount Due":: null

2024-10-17 14:17:20 - [TEST_STEP][PASSED] - setEncryptedText(findTestObject(orPath_TaxInfo + "/input_FederalEIN-2"), "RigbBhfdqODKcAsiUrg+1Q=="): Text ****** has been set on object 'Object Repository/RAD_Pages/TaxInfo_Page/input_FederalEIN-2'

2024-10-17 14:17:21 - [MESSAGE][PASSED] - Text ****** has been set on object 'Object Repository/RAD_Pages/TaxInfo_Page/input_FederalEIN-2'

2024-10-17 14:17:21 - [TEST_STEP][PASSED] - setEncryptedText(findTestObject(orPath_TaxInfo + "/input_FederalEIN_ReEnter-2"), "RigbBhfdqOBBGbZqm4oFJQ=="): Text ****** has been set on object 'Object Repository/RAD_Pages/TaxInfo_Page/input_FederalEIN_ReEnter-2'

2024-10-17 14:17:21 - [MESSAGE][PASSED] - Text ****** has been set on object 'Object Repository/RAD_Pages/TaxInfo_Page/input_FederalEIN_ReEnter-2'

2024-10-17 14:17:21 - [TEST_STEP][PASSED] - break: null

2024-10-17 14:17:21 - [TEST_STEP][PASSED] - setText(findTestObject(orPath_Amount + "/input__paymentAmount"), ""): Text '' is set on object 'Object Repository/RAD_Pages/PaymentAmount_Page/input__paymentAmount'

2024-10-17 14:17:22 - [MESSAGE][PASSED] - Text '' is set on object 'Object Repository/RAD_Pages/PaymentAmount_Page/input__paymentAmount'

2024-10-17 14:17:22 - [TEST_STEP][PASSED] - verifyTextPresent("The FEIN and Re-type FEIN do not match", true): Text 'The FEIN and Re-type FEIN do not match' is present on page  using regular expression

2024-10-17 14:17:22 - [MESSAGE][PASSED] - Text 'The FEIN and Re-type FEIN do not match' is present on page  using regular expression

2024-10-17 14:17:22 - [TEST_STEP][PASSED] - if (verifyTextPresent("The FEIN and Re-type FEIN do not match", true)): null

2024-10-17 14:17:23 - [MESSAGE][PASSED] - Text 'The FEIN and Re-type FEIN do not match' is present on page  using regular expression

2024-10-17 14:17:23 - [TEST_STEP][PASSED] - println("Error Message is present on the page"): null

2024-10-17 14:17:23 - [TEST_STEP][PASSED] - out.println("Pass Record Number: " + row): null

2024-10-17 14:17:23 - [TEST_STEP][PASSED] - resText = "Pass": null

2024-10-17 14:17:23 - [TEST_STEP][PASSED] - pages.WriteExcel.demoKey(resText, datText, resColumn, datCloumn, fileLoc, nameSheet, row): pages.WriteExcel.demoKey is PASSED

2024-10-17 14:17:23 - [MESSAGE][PASSED] - pages.WriteExcel.demoKey is PASSED]]></system-out>
         <system-err><![CDATA[]]></system-err>
      </testcase>
      <testcase name="Test Cases/RAD_TestCases/Negative_TestCases/FEINSSNmismatchError" time="212.637" classname="Test Cases/RAD_TestCases/Negative_TestCases/FEINSSNmismatchError" status="PASSED">
         <system-out><![CDATA[2024-10-17 14:17:23 - [TEST_CASE][PASSED] - Test Cases/RAD_TestCases/Negative_TestCases/FEINSSNmismatchError: Test Cases/RAD_TestCases/Negative_TestCases/FEINSSNmismatchError

2024-10-17 14:17:24 - [TEST_STEP][PASSED] - resText = "Fail": null

2024-10-17 14:17:24 - [TEST_STEP][PASSED] - resColumn = "Result": null

2024-10-17 14:17:24 - [TEST_STEP][PASSED] - datCloumn = "Date": null

2024-10-17 14:17:24 - [TEST_STEP][PASSED] - fileLoc = "KatalonData/RADTestData/FEINmismatch.xlsx": null

2024-10-17 14:17:24 - [TEST_STEP][PASSED] - nameSheet = "FEINSSNmismatch": null

2024-10-17 14:17:24 - [TEST_STEP][PASSED] - dataFile = "RADTestData/FEINSSNmismatch": null

2024-10-17 14:17:24 - [TEST_STEP][PASSED] - ExecuteTC = <not implemented yet for class: org.codehaus.groovy.ast.expr.EmptyExpression>: null

2024-10-17 14:17:24 - [TEST_STEP][PASSED] - Taxtype = <not implemented yet for class: org.codehaus.groovy.ast.expr.EmptyExpression>: null

2024-10-17 14:17:24 - [TEST_STEP][PASSED] - Paymenttype = <not implemented yet for class: org.codehaus.groovy.ast.expr.EmptyExpression>: null

2024-10-17 14:17:24 - [TEST_STEP][PASSED] - numOfRows = findTestData(dataFile).getRowNumbers(): null

2024-10-17 14:17:24 - [TEST_STEP][PASSED] - println("Number of Records: " + numOfRows): null

2024-10-17 14:17:24 - [TEST_STEP][PASSED] - for ([row = 1, row <= numOfRows, (row++)]): null

2024-10-17 14:17:24 - [TEST_STEP][PASSED] - ExecuteTC = findTestData(dataFile).getValue("Execute", row): null

2024-10-17 14:17:24 - [TEST_STEP][PASSED] - Taxtype = findTestData(dataFile).getValue("TaxType", row): null

2024-10-17 14:17:24 - [TEST_STEP][PASSED] - Paymenttype = findTestData(dataFile).getValue("PaymentType", row): null

2024-10-17 14:17:24 - [TEST_STEP][PASSED] - out.println("Value of Execute is : " + ExecuteTC): null

2024-10-17 14:17:24 - [TEST_STEP][PASSED] - if (ExecuteTC.equalsIgnoreCase("Y")): null

2024-10-17 14:17:24 - [TEST_STEP][PASSED] - out.println("Begin Record Number: " + row): null

2024-10-17 14:17:24 - [TEST_STEP][PASSED] - today = new java.util.Date(): null

2024-10-17 14:17:24 - [TEST_STEP][PASSED] - println(today): null

2024-10-17 14:17:24 - [TEST_STEP][PASSED] - datText = today: null

2024-10-17 14:17:24 - [TEST_STEP][PASSED] - Taxtype = findTestData(dataFile).getValue("TaxType", row): null

2024-10-17 14:17:24 - [TEST_STEP][PASSED] - out.println("Taxtype value is : " + Taxtype): null

2024-10-17 14:17:24 - [TEST_STEP][PASSED] - openBrowser(""): Browser is opened with url: ''

2024-10-17 14:17:24 - [MESSAGE][WARNING] - A browser is already opened. Closing browser and opening a new one

2024-10-17 14:17:25 - [MESSAGE][INFO] - Starting 'Chrome' driver

2024-10-17 14:17:25 - [MESSAGE][INFO] - User set preference: ['acceptInsecureCerts', 'true']

2024-10-17 14:17:25 - [MESSAGE][INFO] - Action delay is set to 0 milliseconds

2024-10-17 14:17:27 - [MESSAGE][PASSED] - Browser is opened with url: ''

2024-10-17 14:17:27 - [TEST_STEP][PASSED] - maximizeWindow(): Current window maximized

2024-10-17 14:17:27 - [MESSAGE][PASSED] - Current window maximized

2024-10-17 14:17:27 - [TEST_STEP][PASSED] - navigateToUrl(RADurl): Navigate to 'https://demo.velocitypayment.com/client/rad/index.html' successfully

2024-10-17 14:17:29 - [MESSAGE][PASSED] - Navigate to 'https://demo.velocitypayment.com/client/rad/index.html' successfully

2024-10-17 14:17:29 - [TEST_STEP][PASSED] - orPath_Landing = "Object Repository/RAD_Pages/Landing_Page": null

2024-10-17 14:17:29 - [TEST_STEP][PASSED] - orPath_TaxTypeFilingYear = "Object Repository/RAD_Pages/TaxTypeFilingYear_Page": null

2024-10-17 14:17:29 - [TEST_STEP][PASSED] - orPath_TaxPayer = "Object Repository/RAD_Pages/Taxpayer_Page": null

2024-10-17 14:17:29 - [TEST_STEP][PASSED] - orPath_AddressContact = "Object Repository/RAD_Pages/AddressAndContactInfo_Page": null

2024-10-17 14:17:29 - [TEST_STEP][PASSED] - orPath_FilingStatus = "Object Repository/RAD_Pages/FilingStatus_Page": null

2024-10-17 14:17:29 - [TEST_STEP][PASSED] - orPath_Amount = "Object Repository/RAD_Pages/PaymentAmount_Page": null

2024-10-17 14:17:29 - [TEST_STEP][PASSED] - orPath_TaxInfo = "Object Repository/RAD_Pages/TaxInfo_Page": null

2024-10-17 14:17:29 - [TEST_STEP][PASSED] - orPath_Withholding = "Object Repository/RAD_Pages/Withholding_Page": null

2024-10-17 14:17:29 - [TEST_STEP][PASSED] - orPath_Summary = "Object Repository/RAD_Pages/Summary_Page": null

2024-10-17 14:17:29 - [TEST_STEP][PASSED] - orPath_PaymentReady = "Object Repository/RAD_Pages/PaymentReady_Page": null

2024-10-17 14:17:29 - [TEST_STEP][PASSED] - orPath_PaymentEntry = "Object Repository/RAD_Pages/PaymentEntry_Page": null

2024-10-17 14:17:29 - [TEST_STEP][PASSED] - orPath_PaymentConfirmation = "Object Repository/RAD_Pages/PaymentConfirmation_Page": null

2024-10-17 14:17:29 - [TEST_STEP][PASSED] - orPath_ServiceFeesAccept = "Object Repository/RAD_Pages/ServiceFeeAccept_Page": null

2024-10-17 14:17:29 - [TEST_STEP][PASSED] - selectOptionByLabel(findTestObject(orPath_Landing + "/dd_TaxType"), Paymenttype, false): All options with label 'Existing Liability with Notice/Invoice Number' are selected in object 'Object Repository/RAD_Pages/Landing_Page/dd_TaxType' 

2024-10-17 14:17:29 - [MESSAGE][PASSED] - All options with label 'Existing Liability with Notice/Invoice Number' are selected in object 'Object Repository/RAD_Pages/Landing_Page/dd_TaxType' 

2024-10-17 14:17:29 - [TEST_STEP][PASSED] - delay(1): Delayed 1 second(s)

2024-10-17 14:17:30 - [MESSAGE][PASSED] - Delayed 1 second(s)

2024-10-17 14:17:30 - [TEST_STEP][PASSED] - switch (Paymenttype): null

2024-10-17 14:17:30 - [TEST_STEP][PASSED] - case "Existing Liability with Notice/Invoice Number":: null

2024-10-17 14:17:30 - [TEST_STEP][PASSED] - selectOptionByLabel(findTestObject(orPath_TaxTypeFilingYear + "/select_TaxType_ExistingLiability"), Taxtype, false): All options with label 'PTE Non-Electing Non-S Corp' are selected in object 'Object Repository/RAD_Pages/TaxTypeFilingYear_Page/select_TaxType_ExistingLiability' 

2024-10-17 14:17:31 - [MESSAGE][PASSED] - All options with label 'PTE Non-Electing Non-S Corp' are selected in object 'Object Repository/RAD_Pages/TaxTypeFilingYear_Page/select_TaxType_ExistingLiability' 

2024-10-17 14:17:31 - [TEST_STEP][PASSED] - break: null

2024-10-17 14:17:31 - [TEST_STEP][PASSED] - delay(1): Delayed 1 second(s)

2024-10-17 14:17:32 - [MESSAGE][PASSED] - Delayed 1 second(s)

2024-10-17 14:17:32 - [TEST_STEP][PASSED] - scrollToElement(findTestObject(orPath_Amount + "/input__paymentAmount"), 2, CONTINUE_ON_FAILURE): Scroll to object 'Object Repository/RAD_Pages/PaymentAmount_Page/input__paymentAmount' successfully

2024-10-17 14:17:32 - [MESSAGE][PASSED] - Scroll to object 'Object Repository/RAD_Pages/PaymentAmount_Page/input__paymentAmount' successfully

2024-10-17 14:17:32 - [TEST_STEP][PASSED] - switch (Paymenttype): null

2024-10-17 14:17:32 - [TEST_STEP][PASSED] - case "Existing Liability with Notice/Invoice Number":: null

2024-10-17 14:17:32 - [TEST_STEP][PASSED] - setEncryptedText(findTestObject(orPath_TaxInfo + "/input_TaxInfo_feinSsn_Existing_New"), "RigbBhfdqODKcAsiUrg+1Q=="): Text ****** has been set on object 'Object Repository/RAD_Pages/TaxInfo_Page/input_TaxInfo_feinSsn_Existing_New'

2024-10-17 14:17:33 - [MESSAGE][PASSED] - Text ****** has been set on object 'Object Repository/RAD_Pages/TaxInfo_Page/input_TaxInfo_feinSsn_Existing_New'

2024-10-17 14:17:33 - [TEST_STEP][PASSED] - setEncryptedText(findTestObject(orPath_TaxInfo + "/input_TaxInfo_RetypefeinSsn_Existing_New"), "RigbBhfdqOD+04WBHw5iKw=="): Text ****** has been set on object 'Object Repository/RAD_Pages/TaxInfo_Page/input_TaxInfo_RetypefeinSsn_Existing_New'

2024-10-17 14:17:33 - [MESSAGE][PASSED] - Text ****** has been set on object 'Object Repository/RAD_Pages/TaxInfo_Page/input_TaxInfo_RetypefeinSsn_Existing_New'

2024-10-17 14:17:33 - [TEST_STEP][PASSED] - break: null

2024-10-17 14:17:33 - [TEST_STEP][PASSED] - setText(findTestObject(orPath_Amount + "/input__paymentAmount"), ""): Text '' is set on object 'Object Repository/RAD_Pages/PaymentAmount_Page/input__paymentAmount'

2024-10-17 14:17:34 - [MESSAGE][PASSED] - Text '' is set on object 'Object Repository/RAD_Pages/PaymentAmount_Page/input__paymentAmount'

2024-10-17 14:17:34 - [TEST_STEP][PASSED] - if (verifyTextPresent("The FEIN/SSN and Re-type FEIN/SSN do not match", true)): null

2024-10-17 14:17:35 - [MESSAGE][PASSED] - Text 'The FEIN/SSN and Re-type FEIN/SSN do not match' is present on page  using regular expression

2024-10-17 14:17:35 - [TEST_STEP][PASSED] - println("Error Message is present on the page"): null

2024-10-17 14:17:35 - [TEST_STEP][PASSED] - out.println("Pass Record Number: " + row): null

2024-10-17 14:17:35 - [TEST_STEP][PASSED] - resText = "Pass": null

2024-10-17 14:17:35 - [TEST_STEP][PASSED] - pages.WriteExcel.demoKey(resText, datText, resColumn, datCloumn, fileLoc, nameSheet, row): pages.WriteExcel.demoKey is PASSED

2024-10-17 14:17:35 - [MESSAGE][PASSED] - pages.WriteExcel.demoKey is PASSED

2024-10-17 14:17:35 - [TEST_STEP][PASSED] - ExecuteTC = findTestData(dataFile).getValue("Execute", row): null

2024-10-17 14:17:35 - [TEST_STEP][PASSED] - Taxtype = findTestData(dataFile).getValue("TaxType", row): null

2024-10-17 14:17:35 - [TEST_STEP][PASSED] - Paymenttype = findTestData(dataFile).getValue("PaymentType", row): null

2024-10-17 14:17:35 - [TEST_STEP][PASSED] - out.println("Value of Execute is : " + ExecuteTC): null

2024-10-17 14:17:35 - [TEST_STEP][PASSED] - if (ExecuteTC.equalsIgnoreCase("Y")): null

2024-10-17 14:17:35 - [TEST_STEP][PASSED] - out.println("Begin Record Number: " + row): null

2024-10-17 14:17:35 - [TEST_STEP][PASSED] - today = new java.util.Date(): null

2024-10-17 14:17:35 - [TEST_STEP][PASSED] - println(today): null

2024-10-17 14:17:35 - [TEST_STEP][PASSED] - datText = today: null

2024-10-17 14:17:35 - [TEST_STEP][PASSED] - Taxtype = findTestData(dataFile).getValue("TaxType", row): null

2024-10-17 14:17:35 - [TEST_STEP][PASSED] - out.println("Taxtype value is : " + Taxtype): null

2024-10-17 14:17:35 - [TEST_STEP][PASSED] - openBrowser(""): Browser is opened with url: ''

2024-10-17 14:17:35 - [MESSAGE][WARNING] - A browser is already opened. Closing browser and opening a new one

2024-10-17 14:17:36 - [MESSAGE][INFO] - Starting 'Chrome' driver

2024-10-17 14:17:36 - [MESSAGE][INFO] - User set preference: ['acceptInsecureCerts', 'true']

2024-10-17 14:17:36 - [MESSAGE][INFO] - Action delay is set to 0 milliseconds

2024-10-17 14:17:38 - [MESSAGE][PASSED] - Browser is opened with url: ''

2024-10-17 14:17:38 - [TEST_STEP][PASSED] - maximizeWindow(): Current window maximized

2024-10-17 14:17:38 - [MESSAGE][PASSED] - Current window maximized

2024-10-17 14:17:38 - [TEST_STEP][PASSED] - navigateToUrl(RADurl): Navigate to 'https://demo.velocitypayment.com/client/rad/index.html' successfully

2024-10-17 14:17:40 - [MESSAGE][PASSED] - Navigate to 'https://demo.velocitypayment.com/client/rad/index.html' successfully

2024-10-17 14:17:40 - [TEST_STEP][PASSED] - orPath_Landing = "Object Repository/RAD_Pages/Landing_Page": null

2024-10-17 14:17:40 - [TEST_STEP][PASSED] - orPath_TaxTypeFilingYear = "Object Repository/RAD_Pages/TaxTypeFilingYear_Page": null

2024-10-17 14:17:40 - [TEST_STEP][PASSED] - orPath_TaxPayer = "Object Repository/RAD_Pages/Taxpayer_Page": null

2024-10-17 14:17:40 - [TEST_STEP][PASSED] - orPath_AddressContact = "Object Repository/RAD_Pages/AddressAndContactInfo_Page": null

2024-10-17 14:17:40 - [TEST_STEP][PASSED] - orPath_FilingStatus = "Object Repository/RAD_Pages/FilingStatus_Page": null

2024-10-17 14:17:40 - [TEST_STEP][PASSED] - orPath_Amount = "Object Repository/RAD_Pages/PaymentAmount_Page": null

2024-10-17 14:17:40 - [TEST_STEP][PASSED] - orPath_TaxInfo = "Object Repository/RAD_Pages/TaxInfo_Page": null

2024-10-17 14:17:40 - [TEST_STEP][PASSED] - orPath_Withholding = "Object Repository/RAD_Pages/Withholding_Page": null

2024-10-17 14:17:40 - [TEST_STEP][PASSED] - orPath_Summary = "Object Repository/RAD_Pages/Summary_Page": null

2024-10-17 14:17:40 - [TEST_STEP][PASSED] - orPath_PaymentReady = "Object Repository/RAD_Pages/PaymentReady_Page": null

2024-10-17 14:17:40 - [TEST_STEP][PASSED] - orPath_PaymentEntry = "Object Repository/RAD_Pages/PaymentEntry_Page": null

2024-10-17 14:17:40 - [TEST_STEP][PASSED] - orPath_PaymentConfirmation = "Object Repository/RAD_Pages/PaymentConfirmation_Page": null

2024-10-17 14:17:40 - [TEST_STEP][PASSED] - orPath_ServiceFeesAccept = "Object Repository/RAD_Pages/ServiceFeeAccept_Page": null

2024-10-17 14:17:40 - [TEST_STEP][PASSED] - selectOptionByLabel(findTestObject(orPath_Landing + "/dd_TaxType"), Paymenttype, false): All options with label 'Existing Liability with Notice/Invoice Number' are selected in object 'Object Repository/RAD_Pages/Landing_Page/dd_TaxType' 

2024-10-17 14:17:41 - [MESSAGE][PASSED] - All options with label 'Existing Liability with Notice/Invoice Number' are selected in object 'Object Repository/RAD_Pages/Landing_Page/dd_TaxType' 

2024-10-17 14:17:41 - [TEST_STEP][PASSED] - delay(1): Delayed 1 second(s)

2024-10-17 14:17:42 - [MESSAGE][PASSED] - Delayed 1 second(s)

2024-10-17 14:17:42 - [TEST_STEP][PASSED] - switch (Paymenttype): null

2024-10-17 14:17:42 - [TEST_STEP][PASSED] - case "Existing Liability with Notice/Invoice Number":: null

2024-10-17 14:17:42 - [TEST_STEP][PASSED] - selectOptionByLabel(findTestObject(orPath_TaxTypeFilingYear + "/select_TaxType_ExistingLiability"), Taxtype, false): All options with label 'PTE Non-Electing S Corp' are selected in object 'Object Repository/RAD_Pages/TaxTypeFilingYear_Page/select_TaxType_ExistingLiability' 

2024-10-17 14:17:42 - [MESSAGE][PASSED] - All options with label 'PTE Non-Electing S Corp' are selected in object 'Object Repository/RAD_Pages/TaxTypeFilingYear_Page/select_TaxType_ExistingLiability' 

2024-10-17 14:17:42 - [TEST_STEP][PASSED] - break: null

2024-10-17 14:17:42 - [TEST_STEP][PASSED] - delay(1): Delayed 1 second(s)

2024-10-17 14:17:43 - [MESSAGE][PASSED] - Delayed 1 second(s)

2024-10-17 14:17:43 - [TEST_STEP][PASSED] - scrollToElement(findTestObject(orPath_Amount + "/input__paymentAmount"), 2, CONTINUE_ON_FAILURE): Scroll to object 'Object Repository/RAD_Pages/PaymentAmount_Page/input__paymentAmount' successfully

2024-10-17 14:17:44 - [MESSAGE][PASSED] - Scroll to object 'Object Repository/RAD_Pages/PaymentAmount_Page/input__paymentAmount' successfully

2024-10-17 14:17:44 - [TEST_STEP][PASSED] - switch (Paymenttype): null

2024-10-17 14:17:44 - [TEST_STEP][PASSED] - case "Existing Liability with Notice/Invoice Number":: null

2024-10-17 14:17:44 - [TEST_STEP][PASSED] - setEncryptedText(findTestObject(orPath_TaxInfo + "/input_TaxInfo_feinSsn_Existing_New"), "RigbBhfdqODKcAsiUrg+1Q=="): Text ****** has been set on object 'Object Repository/RAD_Pages/TaxInfo_Page/input_TaxInfo_feinSsn_Existing_New'

2024-10-17 14:17:44 - [MESSAGE][PASSED] - Text ****** has been set on object 'Object Repository/RAD_Pages/TaxInfo_Page/input_TaxInfo_feinSsn_Existing_New'

2024-10-17 14:17:44 - [TEST_STEP][PASSED] - setEncryptedText(findTestObject(orPath_TaxInfo + "/input_TaxInfo_RetypefeinSsn_Existing_New"), "RigbBhfdqOD+04WBHw5iKw=="): Text ****** has been set on object 'Object Repository/RAD_Pages/TaxInfo_Page/input_TaxInfo_RetypefeinSsn_Existing_New'

2024-10-17 14:17:45 - [MESSAGE][PASSED] - Text ****** has been set on object 'Object Repository/RAD_Pages/TaxInfo_Page/input_TaxInfo_RetypefeinSsn_Existing_New'

2024-10-17 14:17:45 - [TEST_STEP][PASSED] - break: null

2024-10-17 14:17:45 - [TEST_STEP][PASSED] - setText(findTestObject(orPath_Amount + "/input__paymentAmount"), ""): Text '' is set on object 'Object Repository/RAD_Pages/PaymentAmount_Page/input__paymentAmount'

2024-10-17 14:17:46 - [MESSAGE][PASSED] - Text '' is set on object 'Object Repository/RAD_Pages/PaymentAmount_Page/input__paymentAmount'

2024-10-17 14:17:46 - [TEST_STEP][PASSED] - if (verifyTextPresent("The FEIN/SSN and Re-type FEIN/SSN do not match", true)): null

2024-10-17 14:17:46 - [MESSAGE][PASSED] - Text 'The FEIN/SSN and Re-type FEIN/SSN do not match' is present on page  using regular expression

2024-10-17 14:17:46 - [TEST_STEP][PASSED] - println("Error Message is present on the page"): null

2024-10-17 14:17:46 - [TEST_STEP][PASSED] - out.println("Pass Record Number: " + row): null

2024-10-17 14:17:46 - [TEST_STEP][PASSED] - resText = "Pass": null

2024-10-17 14:17:46 - [TEST_STEP][PASSED] - pages.WriteExcel.demoKey(resText, datText, resColumn, datCloumn, fileLoc, nameSheet, row): pages.WriteExcel.demoKey is PASSED

2024-10-17 14:17:46 - [MESSAGE][PASSED] - pages.WriteExcel.demoKey is PASSED

2024-10-17 14:17:46 - [TEST_STEP][PASSED] - ExecuteTC = findTestData(dataFile).getValue("Execute", row): null

2024-10-17 14:17:46 - [TEST_STEP][PASSED] - Taxtype = findTestData(dataFile).getValue("TaxType", row): null

2024-10-17 14:17:46 - [TEST_STEP][PASSED] - Paymenttype = findTestData(dataFile).getValue("PaymentType", row): null

2024-10-17 14:17:46 - [TEST_STEP][PASSED] - out.println("Value of Execute is : " + ExecuteTC): null

2024-10-17 14:17:46 - [TEST_STEP][PASSED] - if (ExecuteTC.equalsIgnoreCase("Y")): null

2024-10-17 14:17:46 - [TEST_STEP][PASSED] - out.println("Begin Record Number: " + row): null

2024-10-17 14:17:46 - [TEST_STEP][PASSED] - today = new java.util.Date(): null

2024-10-17 14:17:46 - [TEST_STEP][PASSED] - println(today): null

2024-10-17 14:17:46 - [TEST_STEP][PASSED] - datText = today: null

2024-10-17 14:17:46 - [TEST_STEP][PASSED] - Taxtype = findTestData(dataFile).getValue("TaxType", row): null

2024-10-17 14:17:46 - [TEST_STEP][PASSED] - out.println("Taxtype value is : " + Taxtype): null

2024-10-17 14:17:46 - [TEST_STEP][PASSED] - openBrowser(""): Browser is opened with url: ''

2024-10-17 14:17:47 - [MESSAGE][WARNING] - A browser is already opened. Closing browser and opening a new one

2024-10-17 14:17:48 - [MESSAGE][INFO] - Starting 'Chrome' driver

2024-10-17 14:17:48 - [MESSAGE][INFO] - User set preference: ['acceptInsecureCerts', 'true']

2024-10-17 14:17:48 - [MESSAGE][INFO] - Action delay is set to 0 milliseconds

2024-10-17 14:17:50 - [MESSAGE][PASSED] - Browser is opened with url: ''

2024-10-17 14:17:50 - [TEST_STEP][PASSED] - maximizeWindow(): Current window maximized

2024-10-17 14:17:50 - [MESSAGE][PASSED] - Current window maximized

2024-10-17 14:17:50 - [TEST_STEP][PASSED] - navigateToUrl(RADurl): Navigate to 'https://demo.velocitypayment.com/client/rad/index.html' successfully

2024-10-17 14:17:50 - [MESSAGE][PASSED] - Navigate to 'https://demo.velocitypayment.com/client/rad/index.html' successfully

2024-10-17 14:17:50 - [TEST_STEP][PASSED] - orPath_Landing = "Object Repository/RAD_Pages/Landing_Page": null

2024-10-17 14:17:50 - [TEST_STEP][PASSED] - orPath_TaxTypeFilingYear = "Object Repository/RAD_Pages/TaxTypeFilingYear_Page": null

2024-10-17 14:17:50 - [TEST_STEP][PASSED] - orPath_TaxPayer = "Object Repository/RAD_Pages/Taxpayer_Page": null

2024-10-17 14:17:50 - [TEST_STEP][PASSED] - orPath_AddressContact = "Object Repository/RAD_Pages/AddressAndContactInfo_Page": null

2024-10-17 14:17:50 - [TEST_STEP][PASSED] - orPath_FilingStatus = "Object Repository/RAD_Pages/FilingStatus_Page": null

2024-10-17 14:17:50 - [TEST_STEP][PASSED] - orPath_Amount = "Object Repository/RAD_Pages/PaymentAmount_Page": null

2024-10-17 14:17:50 - [TEST_STEP][PASSED] - orPath_TaxInfo = "Object Repository/RAD_Pages/TaxInfo_Page": null

2024-10-17 14:17:50 - [TEST_STEP][PASSED] - orPath_Withholding = "Object Repository/RAD_Pages/Withholding_Page": null

2024-10-17 14:17:50 - [TEST_STEP][PASSED] - orPath_Summary = "Object Repository/RAD_Pages/Summary_Page": null

2024-10-17 14:17:50 - [TEST_STEP][PASSED] - orPath_PaymentReady = "Object Repository/RAD_Pages/PaymentReady_Page": null

2024-10-17 14:17:50 - [TEST_STEP][PASSED] - orPath_PaymentEntry = "Object Repository/RAD_Pages/PaymentEntry_Page": null

2024-10-17 14:17:50 - [TEST_STEP][PASSED] - orPath_PaymentConfirmation = "Object Repository/RAD_Pages/PaymentConfirmation_Page": null

2024-10-17 14:17:50 - [TEST_STEP][PASSED] - orPath_ServiceFeesAccept = "Object Repository/RAD_Pages/ServiceFeeAccept_Page": null

2024-10-17 14:17:50 - [TEST_STEP][PASSED] - selectOptionByLabel(findTestObject(orPath_Landing + "/dd_TaxType"), Paymenttype, false): All options with label 'Existing Liability with Notice/Invoice Number' are selected in object 'Object Repository/RAD_Pages/Landing_Page/dd_TaxType' 

2024-10-17 14:17:53 - [MESSAGE][PASSED] - All options with label 'Existing Liability with Notice/Invoice Number' are selected in object 'Object Repository/RAD_Pages/Landing_Page/dd_TaxType' 

2024-10-17 14:17:53 - [TEST_STEP][PASSED] - delay(1): Delayed 1 second(s)

2024-10-17 14:17:54 - [MESSAGE][PASSED] - Delayed 1 second(s)

2024-10-17 14:17:54 - [TEST_STEP][PASSED] - switch (Paymenttype): null

2024-10-17 14:17:54 - [TEST_STEP][PASSED] - case "Existing Liability with Notice/Invoice Number":: null

2024-10-17 14:17:54 - [TEST_STEP][PASSED] - selectOptionByLabel(findTestObject(orPath_TaxTypeFilingYear + "/select_TaxType_ExistingLiability"), Taxtype, false): All options with label 'PTE Tax Electing Non-S Corp' are selected in object 'Object Repository/RAD_Pages/TaxTypeFilingYear_Page/select_TaxType_ExistingLiability' 

2024-10-17 14:17:54 - [MESSAGE][PASSED] - All options with label 'PTE Tax Electing Non-S Corp' are selected in object 'Object Repository/RAD_Pages/TaxTypeFilingYear_Page/select_TaxType_ExistingLiability' 

2024-10-17 14:17:54 - [TEST_STEP][PASSED] - break: null

2024-10-17 14:17:54 - [TEST_STEP][PASSED] - delay(1): Delayed 1 second(s)

2024-10-17 14:17:55 - [MESSAGE][PASSED] - Delayed 1 second(s)

2024-10-17 14:17:55 - [TEST_STEP][PASSED] - scrollToElement(findTestObject(orPath_Amount + "/input__paymentAmount"), 2, CONTINUE_ON_FAILURE): Scroll to object 'Object Repository/RAD_Pages/PaymentAmount_Page/input__paymentAmount' successfully

2024-10-17 14:17:55 - [MESSAGE][PASSED] - Scroll to object 'Object Repository/RAD_Pages/PaymentAmount_Page/input__paymentAmount' successfully

2024-10-17 14:17:55 - [TEST_STEP][PASSED] - switch (Paymenttype): null

2024-10-17 14:17:55 - [TEST_STEP][PASSED] - case "Existing Liability with Notice/Invoice Number":: null

2024-10-17 14:17:55 - [TEST_STEP][PASSED] - setEncryptedText(findTestObject(orPath_TaxInfo + "/input_TaxInfo_feinSsn_Existing_New"), "RigbBhfdqODKcAsiUrg+1Q=="): Text ****** has been set on object 'Object Repository/RAD_Pages/TaxInfo_Page/input_TaxInfo_feinSsn_Existing_New'

2024-10-17 14:17:56 - [MESSAGE][PASSED] - Text ****** has been set on object 'Object Repository/RAD_Pages/TaxInfo_Page/input_TaxInfo_feinSsn_Existing_New'

2024-10-17 14:17:56 - [TEST_STEP][PASSED] - setEncryptedText(findTestObject(orPath_TaxInfo + "/input_TaxInfo_RetypefeinSsn_Existing_New"), "RigbBhfdqOD+04WBHw5iKw=="): Text ****** has been set on object 'Object Repository/RAD_Pages/TaxInfo_Page/input_TaxInfo_RetypefeinSsn_Existing_New'

2024-10-17 14:17:57 - [MESSAGE][PASSED] - Text ****** has been set on object 'Object Repository/RAD_Pages/TaxInfo_Page/input_TaxInfo_RetypefeinSsn_Existing_New'

2024-10-17 14:17:57 - [TEST_STEP][PASSED] - break: null

2024-10-17 14:17:57 - [TEST_STEP][PASSED] - setText(findTestObject(orPath_Amount + "/input__paymentAmount"), ""): Text '' is set on object 'Object Repository/RAD_Pages/PaymentAmount_Page/input__paymentAmount'

2024-10-17 14:17:57 - [MESSAGE][PASSED] - Text '' is set on object 'Object Repository/RAD_Pages/PaymentAmount_Page/input__paymentAmount'

2024-10-17 14:17:57 - [TEST_STEP][PASSED] - if (verifyTextPresent("The FEIN/SSN and Re-type FEIN/SSN do not match", true)): null

2024-10-17 14:17:58 - [MESSAGE][PASSED] - Text 'The FEIN/SSN and Re-type FEIN/SSN do not match' is present on page  using regular expression

2024-10-17 14:17:58 - [TEST_STEP][PASSED] - println("Error Message is present on the page"): null

2024-10-17 14:17:58 - [TEST_STEP][PASSED] - out.println("Pass Record Number: " + row): null

2024-10-17 14:17:58 - [TEST_STEP][PASSED] - resText = "Pass": null

2024-10-17 14:17:58 - [TEST_STEP][PASSED] - pages.WriteExcel.demoKey(resText, datText, resColumn, datCloumn, fileLoc, nameSheet, row): pages.WriteExcel.demoKey is PASSED

2024-10-17 14:17:58 - [MESSAGE][PASSED] - pages.WriteExcel.demoKey is PASSED

2024-10-17 14:17:58 - [TEST_STEP][PASSED] - ExecuteTC = findTestData(dataFile).getValue("Execute", row): null

2024-10-17 14:17:58 - [TEST_STEP][PASSED] - Taxtype = findTestData(dataFile).getValue("TaxType", row): null

2024-10-17 14:17:58 - [TEST_STEP][PASSED] - Paymenttype = findTestData(dataFile).getValue("PaymentType", row): null

2024-10-17 14:17:58 - [TEST_STEP][PASSED] - out.println("Value of Execute is : " + ExecuteTC): null

2024-10-17 14:17:58 - [TEST_STEP][PASSED] - if (ExecuteTC.equalsIgnoreCase("Y")): null

2024-10-17 14:17:58 - [TEST_STEP][PASSED] - out.println("Begin Record Number: " + row): null

2024-10-17 14:17:58 - [TEST_STEP][PASSED] - today = new java.util.Date(): null

2024-10-17 14:17:58 - [TEST_STEP][PASSED] - println(today): null

2024-10-17 14:17:58 - [TEST_STEP][PASSED] - datText = today: null

2024-10-17 14:17:58 - [TEST_STEP][PASSED] - Taxtype = findTestData(dataFile).getValue("TaxType", row): null

2024-10-17 14:17:58 - [TEST_STEP][PASSED] - out.println("Taxtype value is : " + Taxtype): null

2024-10-17 14:17:58 - [TEST_STEP][PASSED] - openBrowser(""): Browser is opened with url: ''

2024-10-17 14:17:58 - [MESSAGE][WARNING] - A browser is already opened. Closing browser and opening a new one

2024-10-17 14:18:00 - [MESSAGE][INFO] - Starting 'Chrome' driver

2024-10-17 14:18:00 - [MESSAGE][INFO] - User set preference: ['acceptInsecureCerts', 'true']

2024-10-17 14:18:00 - [MESSAGE][INFO] - Action delay is set to 0 milliseconds

2024-10-17 14:18:02 - [MESSAGE][PASSED] - Browser is opened with url: ''

2024-10-17 14:18:02 - [TEST_STEP][PASSED] - maximizeWindow(): Current window maximized

2024-10-17 14:18:02 - [MESSAGE][PASSED] - Current window maximized

2024-10-17 14:18:02 - [TEST_STEP][PASSED] - navigateToUrl(RADurl): Navigate to 'https://demo.velocitypayment.com/client/rad/index.html' successfully

2024-10-17 14:18:05 - [MESSAGE][PASSED] - Navigate to 'https://demo.velocitypayment.com/client/rad/index.html' successfully

2024-10-17 14:18:05 - [TEST_STEP][PASSED] - orPath_Landing = "Object Repository/RAD_Pages/Landing_Page": null

2024-10-17 14:18:05 - [TEST_STEP][PASSED] - orPath_TaxTypeFilingYear = "Object Repository/RAD_Pages/TaxTypeFilingYear_Page": null

2024-10-17 14:18:05 - [TEST_STEP][PASSED] - orPath_TaxPayer = "Object Repository/RAD_Pages/Taxpayer_Page": null

2024-10-17 14:18:05 - [TEST_STEP][PASSED] - orPath_AddressContact = "Object Repository/RAD_Pages/AddressAndContactInfo_Page": null

2024-10-17 14:18:05 - [TEST_STEP][PASSED] - orPath_FilingStatus = "Object Repository/RAD_Pages/FilingStatus_Page": null

2024-10-17 14:18:05 - [TEST_STEP][PASSED] - orPath_Amount = "Object Repository/RAD_Pages/PaymentAmount_Page": null

2024-10-17 14:18:05 - [TEST_STEP][PASSED] - orPath_TaxInfo = "Object Repository/RAD_Pages/TaxInfo_Page": null

2024-10-17 14:18:05 - [TEST_STEP][PASSED] - orPath_Withholding = "Object Repository/RAD_Pages/Withholding_Page": null

2024-10-17 14:18:05 - [TEST_STEP][PASSED] - orPath_Summary = "Object Repository/RAD_Pages/Summary_Page": null

2024-10-17 14:18:05 - [TEST_STEP][PASSED] - orPath_PaymentReady = "Object Repository/RAD_Pages/PaymentReady_Page": null

2024-10-17 14:18:05 - [TEST_STEP][PASSED] - orPath_PaymentEntry = "Object Repository/RAD_Pages/PaymentEntry_Page": null

2024-10-17 14:18:05 - [TEST_STEP][PASSED] - orPath_PaymentConfirmation = "Object Repository/RAD_Pages/PaymentConfirmation_Page": null

2024-10-17 14:18:05 - [TEST_STEP][PASSED] - orPath_ServiceFeesAccept = "Object Repository/RAD_Pages/ServiceFeeAccept_Page": null

2024-10-17 14:18:05 - [TEST_STEP][PASSED] - selectOptionByLabel(findTestObject(orPath_Landing + "/dd_TaxType"), Paymenttype, false): All options with label 'Existing Liability with Notice/Invoice Number' are selected in object 'Object Repository/RAD_Pages/Landing_Page/dd_TaxType' 

2024-10-17 14:18:07 - [MESSAGE][PASSED] - All options with label 'Existing Liability with Notice/Invoice Number' are selected in object 'Object Repository/RAD_Pages/Landing_Page/dd_TaxType' 

2024-10-17 14:18:07 - [TEST_STEP][PASSED] - delay(1): Delayed 1 second(s)

2024-10-17 14:18:08 - [MESSAGE][PASSED] - Delayed 1 second(s)

2024-10-17 14:18:08 - [TEST_STEP][PASSED] - switch (Paymenttype): null

2024-10-17 14:18:08 - [TEST_STEP][PASSED] - case "Existing Liability with Notice/Invoice Number":: null

2024-10-17 14:18:08 - [TEST_STEP][PASSED] - selectOptionByLabel(findTestObject(orPath_TaxTypeFilingYear + "/select_TaxType_ExistingLiability"), Taxtype, false): All options with label 'PTE Tax Electing S Corp' are selected in object 'Object Repository/RAD_Pages/TaxTypeFilingYear_Page/select_TaxType_ExistingLiability' 

2024-10-17 14:18:09 - [MESSAGE][PASSED] - All options with label 'PTE Tax Electing S Corp' are selected in object 'Object Repository/RAD_Pages/TaxTypeFilingYear_Page/select_TaxType_ExistingLiability' 

2024-10-17 14:18:09 - [TEST_STEP][PASSED] - break: null

2024-10-17 14:18:09 - [TEST_STEP][PASSED] - delay(1): Delayed 1 second(s)

2024-10-17 14:18:10 - [MESSAGE][PASSED] - Delayed 1 second(s)

2024-10-17 14:18:10 - [TEST_STEP][PASSED] - scrollToElement(findTestObject(orPath_Amount + "/input__paymentAmount"), 2, CONTINUE_ON_FAILURE): Scroll to object 'Object Repository/RAD_Pages/PaymentAmount_Page/input__paymentAmount' successfully

2024-10-17 14:18:10 - [MESSAGE][PASSED] - Scroll to object 'Object Repository/RAD_Pages/PaymentAmount_Page/input__paymentAmount' successfully

2024-10-17 14:18:10 - [TEST_STEP][PASSED] - switch (Paymenttype): null

2024-10-17 14:18:10 - [TEST_STEP][PASSED] - case "Existing Liability with Notice/Invoice Number":: null

2024-10-17 14:18:10 - [TEST_STEP][PASSED] - setEncryptedText(findTestObject(orPath_TaxInfo + "/input_TaxInfo_feinSsn_Existing_New"), "RigbBhfdqODKcAsiUrg+1Q=="): Text ****** has been set on object 'Object Repository/RAD_Pages/TaxInfo_Page/input_TaxInfo_feinSsn_Existing_New'

2024-10-17 14:18:11 - [MESSAGE][PASSED] - Text ****** has been set on object 'Object Repository/RAD_Pages/TaxInfo_Page/input_TaxInfo_feinSsn_Existing_New'

2024-10-17 14:18:11 - [TEST_STEP][PASSED] - setEncryptedText(findTestObject(orPath_TaxInfo + "/input_TaxInfo_RetypefeinSsn_Existing_New"), "RigbBhfdqOD+04WBHw5iKw=="): Text ****** has been set on object 'Object Repository/RAD_Pages/TaxInfo_Page/input_TaxInfo_RetypefeinSsn_Existing_New'

2024-10-17 14:18:11 - [MESSAGE][PASSED] - Text ****** has been set on object 'Object Repository/RAD_Pages/TaxInfo_Page/input_TaxInfo_RetypefeinSsn_Existing_New'

2024-10-17 14:18:11 - [TEST_STEP][PASSED] - break: null

2024-10-17 14:18:11 - [TEST_STEP][PASSED] - setText(findTestObject(orPath_Amount + "/input__paymentAmount"), ""): Text '' is set on object 'Object Repository/RAD_Pages/PaymentAmount_Page/input__paymentAmount'

2024-10-17 14:18:12 - [MESSAGE][PASSED] - Text '' is set on object 'Object Repository/RAD_Pages/PaymentAmount_Page/input__paymentAmount'

2024-10-17 14:18:12 - [TEST_STEP][PASSED] - if (verifyTextPresent("The FEIN/SSN and Re-type FEIN/SSN do not match", true)): null

2024-10-17 14:18:13 - [MESSAGE][PASSED] - Text 'The FEIN/SSN and Re-type FEIN/SSN do not match' is present on page  using regular expression

2024-10-17 14:18:13 - [TEST_STEP][PASSED] - println("Error Message is present on the page"): null

2024-10-17 14:18:13 - [TEST_STEP][PASSED] - out.println("Pass Record Number: " + row): null

2024-10-17 14:18:13 - [TEST_STEP][PASSED] - resText = "Pass": null

2024-10-17 14:18:13 - [TEST_STEP][PASSED] - pages.WriteExcel.demoKey(resText, datText, resColumn, datCloumn, fileLoc, nameSheet, row): pages.WriteExcel.demoKey is PASSED

2024-10-17 14:18:13 - [MESSAGE][PASSED] - pages.WriteExcel.demoKey is PASSED

2024-10-17 14:18:13 - [TEST_STEP][PASSED] - ExecuteTC = findTestData(dataFile).getValue("Execute", row): null

2024-10-17 14:18:13 - [TEST_STEP][PASSED] - Taxtype = findTestData(dataFile).getValue("TaxType", row): null

2024-10-17 14:18:13 - [TEST_STEP][PASSED] - Paymenttype = findTestData(dataFile).getValue("PaymentType", row): null

2024-10-17 14:18:13 - [TEST_STEP][PASSED] - out.println("Value of Execute is : " + ExecuteTC): null

2024-10-17 14:18:13 - [TEST_STEP][PASSED] - if (ExecuteTC.equalsIgnoreCase("Y")): null

2024-10-17 14:18:13 - [TEST_STEP][PASSED] - out.println("Begin Record Number: " + row): null

2024-10-17 14:18:13 - [TEST_STEP][PASSED] - today = new java.util.Date(): null

2024-10-17 14:18:13 - [TEST_STEP][PASSED] - println(today): null

2024-10-17 14:18:13 - [TEST_STEP][PASSED] - datText = today: null

2024-10-17 14:18:13 - [TEST_STEP][PASSED] - Taxtype = findTestData(dataFile).getValue("TaxType", row): null

2024-10-17 14:18:13 - [TEST_STEP][PASSED] - out.println("Taxtype value is : " + Taxtype): null

2024-10-17 14:18:13 - [TEST_STEP][PASSED] - openBrowser(""): Browser is opened with url: ''

2024-10-17 14:18:13 - [MESSAGE][WARNING] - A browser is already opened. Closing browser and opening a new one

2024-10-17 14:18:14 - [MESSAGE][INFO] - Starting 'Chrome' driver

2024-10-17 14:18:14 - [MESSAGE][INFO] - User set preference: ['acceptInsecureCerts', 'true']

2024-10-17 14:18:14 - [MESSAGE][INFO] - Action delay is set to 0 milliseconds

2024-10-17 14:18:16 - [MESSAGE][PASSED] - Browser is opened with url: ''

2024-10-17 14:18:16 - [TEST_STEP][PASSED] - maximizeWindow(): Current window maximized

2024-10-17 14:18:16 - [MESSAGE][PASSED] - Current window maximized

2024-10-17 14:18:16 - [TEST_STEP][PASSED] - navigateToUrl(RADurl): Navigate to 'https://demo.velocitypayment.com/client/rad/index.html' successfully

2024-10-17 14:18:16 - [MESSAGE][PASSED] - Navigate to 'https://demo.velocitypayment.com/client/rad/index.html' successfully

2024-10-17 14:18:16 - [TEST_STEP][PASSED] - orPath_Landing = "Object Repository/RAD_Pages/Landing_Page": null

2024-10-17 14:18:16 - [TEST_STEP][PASSED] - orPath_TaxTypeFilingYear = "Object Repository/RAD_Pages/TaxTypeFilingYear_Page": null

2024-10-17 14:18:16 - [TEST_STEP][PASSED] - orPath_TaxPayer = "Object Repository/RAD_Pages/Taxpayer_Page": null

2024-10-17 14:18:16 - [TEST_STEP][PASSED] - orPath_AddressContact = "Object Repository/RAD_Pages/AddressAndContactInfo_Page": null

2024-10-17 14:18:16 - [TEST_STEP][PASSED] - orPath_FilingStatus = "Object Repository/RAD_Pages/FilingStatus_Page": null

2024-10-17 14:18:16 - [TEST_STEP][PASSED] - orPath_Amount = "Object Repository/RAD_Pages/PaymentAmount_Page": null

2024-10-17 14:18:16 - [TEST_STEP][PASSED] - orPath_TaxInfo = "Object Repository/RAD_Pages/TaxInfo_Page": null

2024-10-17 14:18:16 - [TEST_STEP][PASSED] - orPath_Withholding = "Object Repository/RAD_Pages/Withholding_Page": null

2024-10-17 14:18:16 - [TEST_STEP][PASSED] - orPath_Summary = "Object Repository/RAD_Pages/Summary_Page": null

2024-10-17 14:18:16 - [TEST_STEP][PASSED] - orPath_PaymentReady = "Object Repository/RAD_Pages/PaymentReady_Page": null

2024-10-17 14:18:16 - [TEST_STEP][PASSED] - orPath_PaymentEntry = "Object Repository/RAD_Pages/PaymentEntry_Page": null

2024-10-17 14:18:16 - [TEST_STEP][PASSED] - orPath_PaymentConfirmation = "Object Repository/RAD_Pages/PaymentConfirmation_Page": null

2024-10-17 14:18:16 - [TEST_STEP][PASSED] - orPath_ServiceFeesAccept = "Object Repository/RAD_Pages/ServiceFeeAccept_Page": null

2024-10-17 14:18:16 - [TEST_STEP][PASSED] - selectOptionByLabel(findTestObject(orPath_Landing + "/dd_TaxType"), Paymenttype, false): All options with label 'Quarterly Estimated Tax' are selected in object 'Object Repository/RAD_Pages/Landing_Page/dd_TaxType' 

2024-10-17 14:18:19 - [MESSAGE][PASSED] - All options with label 'Quarterly Estimated Tax' are selected in object 'Object Repository/RAD_Pages/Landing_Page/dd_TaxType' 

2024-10-17 14:18:19 - [TEST_STEP][PASSED] - delay(1): Delayed 1 second(s)

2024-10-17 14:18:20 - [MESSAGE][PASSED] - Delayed 1 second(s)

2024-10-17 14:18:20 - [TEST_STEP][PASSED] - switch (Paymenttype): null

2024-10-17 14:18:20 - [TEST_STEP][PASSED] - case "Quarterly Estimated Tax":: null

2024-10-17 14:18:20 - [TEST_STEP][PASSED] - selectOptionByLabel(findTestObject(orPath_TaxTypeFilingYear + "/select_PaymentType"), Taxtype, false): All options with label 'PTE Non-Electing Non-S Corp' are selected in object 'Object Repository/RAD_Pages/TaxTypeFilingYear_Page/select_PaymentType' 

2024-10-17 14:18:20 - [MESSAGE][PASSED] - All options with label 'PTE Non-Electing Non-S Corp' are selected in object 'Object Repository/RAD_Pages/TaxTypeFilingYear_Page/select_PaymentType' 

2024-10-17 14:18:20 - [TEST_STEP][PASSED] - break: null

2024-10-17 14:18:20 - [TEST_STEP][PASSED] - delay(1): Delayed 1 second(s)

2024-10-17 14:18:21 - [MESSAGE][PASSED] - Delayed 1 second(s)

2024-10-17 14:18:21 - [TEST_STEP][PASSED] - scrollToElement(findTestObject(orPath_Amount + "/input__paymentAmount"), 2, CONTINUE_ON_FAILURE): Scroll to object 'Object Repository/RAD_Pages/PaymentAmount_Page/input__paymentAmount' successfully

2024-10-17 14:18:21 - [MESSAGE][PASSED] - Scroll to object 'Object Repository/RAD_Pages/PaymentAmount_Page/input__paymentAmount' successfully

2024-10-17 14:18:21 - [TEST_STEP][PASSED] - switch (Paymenttype): null

2024-10-17 14:18:21 - [TEST_STEP][PASSED] - case "Quarterly Estimated Tax":: null

2024-10-17 14:18:21 - [TEST_STEP][PASSED] - setEncryptedText(findTestObject(orPath_TaxInfo + "/input_TaxInfo_FeinSsn_New_2"), "RigbBhfdqODKcAsiUrg+1Q=="): Text ****** has been set on object 'Object Repository/RAD_Pages/TaxInfo_Page/input_TaxInfo_FeinSsn_New_2'

2024-10-17 14:18:22 - [MESSAGE][PASSED] - Text ****** has been set on object 'Object Repository/RAD_Pages/TaxInfo_Page/input_TaxInfo_FeinSsn_New_2'

2024-10-17 14:18:22 - [TEST_STEP][PASSED] - setEncryptedText(findTestObject(orPath_TaxInfo + "/input_TaxInfo_RetypeFeinSsn_New_2"), "RigbBhfdqOD+04WBHw5iKw=="): Text ****** has been set on object 'Object Repository/RAD_Pages/TaxInfo_Page/input_TaxInfo_RetypeFeinSsn_New_2'

2024-10-17 14:18:23 - [MESSAGE][PASSED] - Text ****** has been set on object 'Object Repository/RAD_Pages/TaxInfo_Page/input_TaxInfo_RetypeFeinSsn_New_2'

2024-10-17 14:18:23 - [TEST_STEP][PASSED] - break: null

2024-10-17 14:18:23 - [TEST_STEP][PASSED] - setText(findTestObject(orPath_Amount + "/input__paymentAmount"), ""): Text '' is set on object 'Object Repository/RAD_Pages/PaymentAmount_Page/input__paymentAmount'

2024-10-17 14:18:23 - [MESSAGE][PASSED] - Text '' is set on object 'Object Repository/RAD_Pages/PaymentAmount_Page/input__paymentAmount'

2024-10-17 14:18:23 - [TEST_STEP][PASSED] - if (verifyTextPresent("The FEIN/SSN and Re-type FEIN/SSN do not match", true)): null

2024-10-17 14:18:24 - [MESSAGE][PASSED] - Text 'The FEIN/SSN and Re-type FEIN/SSN do not match' is present on page  using regular expression

2024-10-17 14:18:24 - [TEST_STEP][PASSED] - println("Error Message is present on the page"): null

2024-10-17 14:18:24 - [TEST_STEP][PASSED] - out.println("Pass Record Number: " + row): null

2024-10-17 14:18:24 - [TEST_STEP][PASSED] - resText = "Pass": null

2024-10-17 14:18:24 - [TEST_STEP][PASSED] - pages.WriteExcel.demoKey(resText, datText, resColumn, datCloumn, fileLoc, nameSheet, row): pages.WriteExcel.demoKey is PASSED

2024-10-17 14:18:24 - [MESSAGE][PASSED] - pages.WriteExcel.demoKey is PASSED

2024-10-17 14:18:24 - [TEST_STEP][PASSED] - ExecuteTC = findTestData(dataFile).getValue("Execute", row): null

2024-10-17 14:18:24 - [TEST_STEP][PASSED] - Taxtype = findTestData(dataFile).getValue("TaxType", row): null

2024-10-17 14:18:24 - [TEST_STEP][PASSED] - Paymenttype = findTestData(dataFile).getValue("PaymentType", row): null

2024-10-17 14:18:24 - [TEST_STEP][PASSED] - out.println("Value of Execute is : " + ExecuteTC): null

2024-10-17 14:18:24 - [TEST_STEP][PASSED] - if (ExecuteTC.equalsIgnoreCase("Y")): null

2024-10-17 14:18:24 - [TEST_STEP][PASSED] - out.println("Begin Record Number: " + row): null

2024-10-17 14:18:24 - [TEST_STEP][PASSED] - today = new java.util.Date(): null

2024-10-17 14:18:24 - [TEST_STEP][PASSED] - println(today): null

2024-10-17 14:18:24 - [TEST_STEP][PASSED] - datText = today: null

2024-10-17 14:18:24 - [TEST_STEP][PASSED] - Taxtype = findTestData(dataFile).getValue("TaxType", row): null

2024-10-17 14:18:24 - [TEST_STEP][PASSED] - out.println("Taxtype value is : " + Taxtype): null

2024-10-17 14:18:24 - [TEST_STEP][PASSED] - openBrowser(""): Browser is opened with url: ''

2024-10-17 14:18:24 - [MESSAGE][WARNING] - A browser is already opened. Closing browser and opening a new one

2024-10-17 14:18:26 - [MESSAGE][INFO] - Starting 'Chrome' driver

2024-10-17 14:18:26 - [MESSAGE][INFO] - User set preference: ['acceptInsecureCerts', 'true']

2024-10-17 14:18:26 - [MESSAGE][INFO] - Action delay is set to 0 milliseconds

2024-10-17 14:18:28 - [MESSAGE][PASSED] - Browser is opened with url: ''

2024-10-17 14:18:28 - [TEST_STEP][PASSED] - maximizeWindow(): Current window maximized

2024-10-17 14:18:28 - [MESSAGE][PASSED] - Current window maximized

2024-10-17 14:18:28 - [TEST_STEP][PASSED] - navigateToUrl(RADurl): Navigate to 'https://demo.velocitypayment.com/client/rad/index.html' successfully

2024-10-17 14:18:30 - [MESSAGE][PASSED] - Navigate to 'https://demo.velocitypayment.com/client/rad/index.html' successfully

2024-10-17 14:18:30 - [TEST_STEP][PASSED] - orPath_Landing = "Object Repository/RAD_Pages/Landing_Page": null

2024-10-17 14:18:30 - [TEST_STEP][PASSED] - orPath_TaxTypeFilingYear = "Object Repository/RAD_Pages/TaxTypeFilingYear_Page": null

2024-10-17 14:18:30 - [TEST_STEP][PASSED] - orPath_TaxPayer = "Object Repository/RAD_Pages/Taxpayer_Page": null

2024-10-17 14:18:30 - [TEST_STEP][PASSED] - orPath_AddressContact = "Object Repository/RAD_Pages/AddressAndContactInfo_Page": null

2024-10-17 14:18:30 - [TEST_STEP][PASSED] - orPath_FilingStatus = "Object Repository/RAD_Pages/FilingStatus_Page": null

2024-10-17 14:18:30 - [TEST_STEP][PASSED] - orPath_Amount = "Object Repository/RAD_Pages/PaymentAmount_Page": null

2024-10-17 14:18:30 - [TEST_STEP][PASSED] - orPath_TaxInfo = "Object Repository/RAD_Pages/TaxInfo_Page": null

2024-10-17 14:18:30 - [TEST_STEP][PASSED] - orPath_Withholding = "Object Repository/RAD_Pages/Withholding_Page": null

2024-10-17 14:18:30 - [TEST_STEP][PASSED] - orPath_Summary = "Object Repository/RAD_Pages/Summary_Page": null

2024-10-17 14:18:30 - [TEST_STEP][PASSED] - orPath_PaymentReady = "Object Repository/RAD_Pages/PaymentReady_Page": null

2024-10-17 14:18:30 - [TEST_STEP][PASSED] - orPath_PaymentEntry = "Object Repository/RAD_Pages/PaymentEntry_Page": null

2024-10-17 14:18:30 - [TEST_STEP][PASSED] - orPath_PaymentConfirmation = "Object Repository/RAD_Pages/PaymentConfirmation_Page": null

2024-10-17 14:18:30 - [TEST_STEP][PASSED] - orPath_ServiceFeesAccept = "Object Repository/RAD_Pages/ServiceFeeAccept_Page": null

2024-10-17 14:18:30 - [TEST_STEP][PASSED] - selectOptionByLabel(findTestObject(orPath_Landing + "/dd_TaxType"), Paymenttype, false): All options with label 'Quarterly Estimated Tax' are selected in object 'Object Repository/RAD_Pages/Landing_Page/dd_TaxType' 

2024-10-17 14:18:30 - [MESSAGE][PASSED] - All options with label 'Quarterly Estimated Tax' are selected in object 'Object Repository/RAD_Pages/Landing_Page/dd_TaxType' 

2024-10-17 14:18:30 - [TEST_STEP][PASSED] - delay(1): Delayed 1 second(s)

2024-10-17 14:18:31 - [MESSAGE][PASSED] - Delayed 1 second(s)

2024-10-17 14:18:31 - [TEST_STEP][PASSED] - switch (Paymenttype): null

2024-10-17 14:18:31 - [TEST_STEP][PASSED] - case "Quarterly Estimated Tax":: null

2024-10-17 14:18:31 - [TEST_STEP][PASSED] - selectOptionByLabel(findTestObject(orPath_TaxTypeFilingYear + "/select_PaymentType"), Taxtype, false): All options with label 'PTE Non-Electing S Corp' are selected in object 'Object Repository/RAD_Pages/TaxTypeFilingYear_Page/select_PaymentType' 

2024-10-17 14:18:32 - [MESSAGE][PASSED] - All options with label 'PTE Non-Electing S Corp' are selected in object 'Object Repository/RAD_Pages/TaxTypeFilingYear_Page/select_PaymentType' 

2024-10-17 14:18:32 - [TEST_STEP][PASSED] - break: null

2024-10-17 14:18:32 - [TEST_STEP][PASSED] - delay(1): Delayed 1 second(s)

2024-10-17 14:18:33 - [MESSAGE][PASSED] - Delayed 1 second(s)

2024-10-17 14:18:33 - [TEST_STEP][PASSED] - scrollToElement(findTestObject(orPath_Amount + "/input__paymentAmount"), 2, CONTINUE_ON_FAILURE): Scroll to object 'Object Repository/RAD_Pages/PaymentAmount_Page/input__paymentAmount' successfully

2024-10-17 14:18:33 - [MESSAGE][PASSED] - Scroll to object 'Object Repository/RAD_Pages/PaymentAmount_Page/input__paymentAmount' successfully

2024-10-17 14:18:33 - [TEST_STEP][PASSED] - switch (Paymenttype): null

2024-10-17 14:18:33 - [TEST_STEP][PASSED] - case "Quarterly Estimated Tax":: null

2024-10-17 14:18:33 - [TEST_STEP][PASSED] - setEncryptedText(findTestObject(orPath_TaxInfo + "/input_TaxInfo_FeinSsn_New_2"), "RigbBhfdqODKcAsiUrg+1Q=="): Text ****** has been set on object 'Object Repository/RAD_Pages/TaxInfo_Page/input_TaxInfo_FeinSsn_New_2'

2024-10-17 14:18:34 - [MESSAGE][PASSED] - Text ****** has been set on object 'Object Repository/RAD_Pages/TaxInfo_Page/input_TaxInfo_FeinSsn_New_2'

2024-10-17 14:18:34 - [TEST_STEP][PASSED] - setEncryptedText(findTestObject(orPath_TaxInfo + "/input_TaxInfo_RetypeFeinSsn_New_2"), "RigbBhfdqOD+04WBHw5iKw=="): Text ****** has been set on object 'Object Repository/RAD_Pages/TaxInfo_Page/input_TaxInfo_RetypeFeinSsn_New_2'

2024-10-17 14:18:35 - [MESSAGE][PASSED] - Text ****** has been set on object 'Object Repository/RAD_Pages/TaxInfo_Page/input_TaxInfo_RetypeFeinSsn_New_2'

2024-10-17 14:18:35 - [TEST_STEP][PASSED] - break: null

2024-10-17 14:18:35 - [TEST_STEP][PASSED] - setText(findTestObject(orPath_Amount + "/input__paymentAmount"), ""): Text '' is set on object 'Object Repository/RAD_Pages/PaymentAmount_Page/input__paymentAmount'

2024-10-17 14:18:35 - [MESSAGE][PASSED] - Text '' is set on object 'Object Repository/RAD_Pages/PaymentAmount_Page/input__paymentAmount'

2024-10-17 14:18:35 - [TEST_STEP][PASSED] - if (verifyTextPresent("The FEIN/SSN and Re-type FEIN/SSN do not match", true)): null

2024-10-17 14:18:36 - [MESSAGE][PASSED] - Text 'The FEIN/SSN and Re-type FEIN/SSN do not match' is present on page  using regular expression

2024-10-17 14:18:36 - [TEST_STEP][PASSED] - println("Error Message is present on the page"): null

2024-10-17 14:18:36 - [TEST_STEP][PASSED] - out.println("Pass Record Number: " + row): null

2024-10-17 14:18:36 - [TEST_STEP][PASSED] - resText = "Pass": null

2024-10-17 14:18:36 - [TEST_STEP][PASSED] - pages.WriteExcel.demoKey(resText, datText, resColumn, datCloumn, fileLoc, nameSheet, row): pages.WriteExcel.demoKey is PASSED

2024-10-17 14:18:36 - [MESSAGE][PASSED] - pages.WriteExcel.demoKey is PASSED

2024-10-17 14:18:36 - [TEST_STEP][PASSED] - ExecuteTC = findTestData(dataFile).getValue("Execute", row): null

2024-10-17 14:18:36 - [TEST_STEP][PASSED] - Taxtype = findTestData(dataFile).getValue("TaxType", row): null

2024-10-17 14:18:36 - [TEST_STEP][PASSED] - Paymenttype = findTestData(dataFile).getValue("PaymentType", row): null

2024-10-17 14:18:36 - [TEST_STEP][PASSED] - out.println("Value of Execute is : " + ExecuteTC): null

2024-10-17 14:18:36 - [TEST_STEP][PASSED] - if (ExecuteTC.equalsIgnoreCase("Y")): null

2024-10-17 14:18:36 - [TEST_STEP][PASSED] - out.println("Begin Record Number: " + row): null

2024-10-17 14:18:36 - [TEST_STEP][PASSED] - today = new java.util.Date(): null

2024-10-17 14:18:36 - [TEST_STEP][PASSED] - println(today): null

2024-10-17 14:18:36 - [TEST_STEP][PASSED] - datText = today: null

2024-10-17 14:18:36 - [TEST_STEP][PASSED] - Taxtype = findTestData(dataFile).getValue("TaxType", row): null

2024-10-17 14:18:36 - [TEST_STEP][PASSED] - out.println("Taxtype value is : " + Taxtype): null

2024-10-17 14:18:36 - [TEST_STEP][PASSED] - openBrowser(""): Browser is opened with url: ''

2024-10-17 14:18:36 - [MESSAGE][WARNING] - A browser is already opened. Closing browser and opening a new one

2024-10-17 14:18:37 - [MESSAGE][INFO] - Starting 'Chrome' driver

2024-10-17 14:18:37 - [MESSAGE][INFO] - User set preference: ['acceptInsecureCerts', 'true']

2024-10-17 14:18:37 - [MESSAGE][INFO] - Action delay is set to 0 milliseconds

2024-10-17 14:18:39 - [MESSAGE][PASSED] - Browser is opened with url: ''

2024-10-17 14:18:39 - [TEST_STEP][PASSED] - maximizeWindow(): Current window maximized

2024-10-17 14:18:39 - [MESSAGE][PASSED] - Current window maximized

2024-10-17 14:18:39 - [TEST_STEP][PASSED] - navigateToUrl(RADurl): Navigate to 'https://demo.velocitypayment.com/client/rad/index.html' successfully

2024-10-17 14:18:41 - [MESSAGE][PASSED] - Navigate to 'https://demo.velocitypayment.com/client/rad/index.html' successfully

2024-10-17 14:18:41 - [TEST_STEP][PASSED] - orPath_Landing = "Object Repository/RAD_Pages/Landing_Page": null

2024-10-17 14:18:41 - [TEST_STEP][PASSED] - orPath_TaxTypeFilingYear = "Object Repository/RAD_Pages/TaxTypeFilingYear_Page": null

2024-10-17 14:18:41 - [TEST_STEP][PASSED] - orPath_TaxPayer = "Object Repository/RAD_Pages/Taxpayer_Page": null

2024-10-17 14:18:41 - [TEST_STEP][PASSED] - orPath_AddressContact = "Object Repository/RAD_Pages/AddressAndContactInfo_Page": null

2024-10-17 14:18:41 - [TEST_STEP][PASSED] - orPath_FilingStatus = "Object Repository/RAD_Pages/FilingStatus_Page": null

2024-10-17 14:18:41 - [TEST_STEP][PASSED] - orPath_Amount = "Object Repository/RAD_Pages/PaymentAmount_Page": null

2024-10-17 14:18:41 - [TEST_STEP][PASSED] - orPath_TaxInfo = "Object Repository/RAD_Pages/TaxInfo_Page": null

2024-10-17 14:18:41 - [TEST_STEP][PASSED] - orPath_Withholding = "Object Repository/RAD_Pages/Withholding_Page": null

2024-10-17 14:18:41 - [TEST_STEP][PASSED] - orPath_Summary = "Object Repository/RAD_Pages/Summary_Page": null

2024-10-17 14:18:41 - [TEST_STEP][PASSED] - orPath_PaymentReady = "Object Repository/RAD_Pages/PaymentReady_Page": null

2024-10-17 14:18:41 - [TEST_STEP][PASSED] - orPath_PaymentEntry = "Object Repository/RAD_Pages/PaymentEntry_Page": null

2024-10-17 14:18:41 - [TEST_STEP][PASSED] - orPath_PaymentConfirmation = "Object Repository/RAD_Pages/PaymentConfirmation_Page": null

2024-10-17 14:18:41 - [TEST_STEP][PASSED] - orPath_ServiceFeesAccept = "Object Repository/RAD_Pages/ServiceFeeAccept_Page": null

2024-10-17 14:18:41 - [TEST_STEP][PASSED] - selectOptionByLabel(findTestObject(orPath_Landing + "/dd_TaxType"), Paymenttype, false): All options with label 'Quarterly Estimated Tax' are selected in object 'Object Repository/RAD_Pages/Landing_Page/dd_TaxType' 

2024-10-17 14:18:42 - [MESSAGE][PASSED] - All options with label 'Quarterly Estimated Tax' are selected in object 'Object Repository/RAD_Pages/Landing_Page/dd_TaxType' 

2024-10-17 14:18:42 - [TEST_STEP][PASSED] - delay(1): Delayed 1 second(s)

2024-10-17 14:18:43 - [MESSAGE][PASSED] - Delayed 1 second(s)

2024-10-17 14:18:43 - [TEST_STEP][PASSED] - switch (Paymenttype): null

2024-10-17 14:18:43 - [TEST_STEP][PASSED] - case "Quarterly Estimated Tax":: null

2024-10-17 14:18:43 - [TEST_STEP][PASSED] - selectOptionByLabel(findTestObject(orPath_TaxTypeFilingYear + "/select_PaymentType"), Taxtype, false): All options with label 'PTE Tax Electing Non-S Corp' are selected in object 'Object Repository/RAD_Pages/TaxTypeFilingYear_Page/select_PaymentType' 

2024-10-17 14:18:43 - [MESSAGE][PASSED] - All options with label 'PTE Tax Electing Non-S Corp' are selected in object 'Object Repository/RAD_Pages/TaxTypeFilingYear_Page/select_PaymentType' 

2024-10-17 14:18:43 - [TEST_STEP][PASSED] - break: null

2024-10-17 14:18:43 - [TEST_STEP][PASSED] - delay(1): Delayed 1 second(s)

2024-10-17 14:18:44 - [MESSAGE][PASSED] - Delayed 1 second(s)

2024-10-17 14:18:44 - [TEST_STEP][PASSED] - scrollToElement(findTestObject(orPath_Amount + "/input__paymentAmount"), 2, CONTINUE_ON_FAILURE): Scroll to object 'Object Repository/RAD_Pages/PaymentAmount_Page/input__paymentAmount' successfully

2024-10-17 14:18:45 - [MESSAGE][PASSED] - Scroll to object 'Object Repository/RAD_Pages/PaymentAmount_Page/input__paymentAmount' successfully

2024-10-17 14:18:45 - [TEST_STEP][PASSED] - switch (Paymenttype): null

2024-10-17 14:18:45 - [TEST_STEP][PASSED] - case "Quarterly Estimated Tax":: null

2024-10-17 14:18:45 - [TEST_STEP][PASSED] - setEncryptedText(findTestObject(orPath_TaxInfo + "/input_TaxInfo_FeinSsn_New_2"), "RigbBhfdqODKcAsiUrg+1Q=="): Text ****** has been set on object 'Object Repository/RAD_Pages/TaxInfo_Page/input_TaxInfo_FeinSsn_New_2'

2024-10-17 14:18:45 - [MESSAGE][PASSED] - Text ****** has been set on object 'Object Repository/RAD_Pages/TaxInfo_Page/input_TaxInfo_FeinSsn_New_2'

2024-10-17 14:18:45 - [TEST_STEP][PASSED] - setEncryptedText(findTestObject(orPath_TaxInfo + "/input_TaxInfo_RetypeFeinSsn_New_2"), "RigbBhfdqOD+04WBHw5iKw=="): Text ****** has been set on object 'Object Repository/RAD_Pages/TaxInfo_Page/input_TaxInfo_RetypeFeinSsn_New_2'

2024-10-17 14:18:46 - [MESSAGE][PASSED] - Text ****** has been set on object 'Object Repository/RAD_Pages/TaxInfo_Page/input_TaxInfo_RetypeFeinSsn_New_2'

2024-10-17 14:18:46 - [TEST_STEP][PASSED] - break: null

2024-10-17 14:18:46 - [TEST_STEP][PASSED] - setText(findTestObject(orPath_Amount + "/input__paymentAmount"), ""): Text '' is set on object 'Object Repository/RAD_Pages/PaymentAmount_Page/input__paymentAmount'

2024-10-17 14:18:47 - [MESSAGE][PASSED] - Text '' is set on object 'Object Repository/RAD_Pages/PaymentAmount_Page/input__paymentAmount'

2024-10-17 14:18:47 - [TEST_STEP][PASSED] - if (verifyTextPresent("The FEIN/SSN and Re-type FEIN/SSN do not match", true)): null

2024-10-17 14:18:47 - [MESSAGE][PASSED] - Text 'The FEIN/SSN and Re-type FEIN/SSN do not match' is present on page  using regular expression

2024-10-17 14:18:47 - [TEST_STEP][PASSED] - println("Error Message is present on the page"): null

2024-10-17 14:18:47 - [TEST_STEP][PASSED] - out.println("Pass Record Number: " + row): null

2024-10-17 14:18:47 - [TEST_STEP][PASSED] - resText = "Pass": null

2024-10-17 14:18:47 - [TEST_STEP][PASSED] - pages.WriteExcel.demoKey(resText, datText, resColumn, datCloumn, fileLoc, nameSheet, row): pages.WriteExcel.demoKey is PASSED

2024-10-17 14:18:47 - [MESSAGE][PASSED] - pages.WriteExcel.demoKey is PASSED

2024-10-17 14:18:47 - [TEST_STEP][PASSED] - ExecuteTC = findTestData(dataFile).getValue("Execute", row): null

2024-10-17 14:18:47 - [TEST_STEP][PASSED] - Taxtype = findTestData(dataFile).getValue("TaxType", row): null

2024-10-17 14:18:47 - [TEST_STEP][PASSED] - Paymenttype = findTestData(dataFile).getValue("PaymentType", row): null

2024-10-17 14:18:48 - [TEST_STEP][PASSED] - out.println("Value of Execute is : " + ExecuteTC): null

2024-10-17 14:18:48 - [TEST_STEP][PASSED] - if (ExecuteTC.equalsIgnoreCase("Y")): null

2024-10-17 14:18:48 - [TEST_STEP][PASSED] - out.println("Begin Record Number: " + row): null

2024-10-17 14:18:48 - [TEST_STEP][PASSED] - today = new java.util.Date(): null

2024-10-17 14:18:48 - [TEST_STEP][PASSED] - println(today): null

2024-10-17 14:18:48 - [TEST_STEP][PASSED] - datText = today: null

2024-10-17 14:18:48 - [TEST_STEP][PASSED] - Taxtype = findTestData(dataFile).getValue("TaxType", row): null

2024-10-17 14:18:48 - [TEST_STEP][PASSED] - out.println("Taxtype value is : " + Taxtype): null

2024-10-17 14:18:48 - [TEST_STEP][PASSED] - openBrowser(""): Browser is opened with url: ''

2024-10-17 14:18:48 - [MESSAGE][WARNING] - A browser is already opened. Closing browser and opening a new one

2024-10-17 14:18:49 - [MESSAGE][INFO] - Starting 'Chrome' driver

2024-10-17 14:18:49 - [MESSAGE][INFO] - User set preference: ['acceptInsecureCerts', 'true']

2024-10-17 14:18:49 - [MESSAGE][INFO] - Action delay is set to 0 milliseconds

2024-10-17 14:18:51 - [MESSAGE][PASSED] - Browser is opened with url: ''

2024-10-17 14:18:51 - [TEST_STEP][PASSED] - maximizeWindow(): Current window maximized

2024-10-17 14:18:51 - [MESSAGE][PASSED] - Current window maximized

2024-10-17 14:18:51 - [TEST_STEP][PASSED] - navigateToUrl(RADurl): Navigate to 'https://demo.velocitypayment.com/client/rad/index.html' successfully

2024-10-17 14:18:52 - [MESSAGE][PASSED] - Navigate to 'https://demo.velocitypayment.com/client/rad/index.html' successfully

2024-10-17 14:18:52 - [TEST_STEP][PASSED] - orPath_Landing = "Object Repository/RAD_Pages/Landing_Page": null

2024-10-17 14:18:52 - [TEST_STEP][PASSED] - orPath_TaxTypeFilingYear = "Object Repository/RAD_Pages/TaxTypeFilingYear_Page": null

2024-10-17 14:18:52 - [TEST_STEP][PASSED] - orPath_TaxPayer = "Object Repository/RAD_Pages/Taxpayer_Page": null

2024-10-17 14:18:52 - [TEST_STEP][PASSED] - orPath_AddressContact = "Object Repository/RAD_Pages/AddressAndContactInfo_Page": null

2024-10-17 14:18:52 - [TEST_STEP][PASSED] - orPath_FilingStatus = "Object Repository/RAD_Pages/FilingStatus_Page": null

2024-10-17 14:18:52 - [TEST_STEP][PASSED] - orPath_Amount = "Object Repository/RAD_Pages/PaymentAmount_Page": null

2024-10-17 14:18:52 - [TEST_STEP][PASSED] - orPath_TaxInfo = "Object Repository/RAD_Pages/TaxInfo_Page": null

2024-10-17 14:18:52 - [TEST_STEP][PASSED] - orPath_Withholding = "Object Repository/RAD_Pages/Withholding_Page": null

2024-10-17 14:18:52 - [TEST_STEP][PASSED] - orPath_Summary = "Object Repository/RAD_Pages/Summary_Page": null

2024-10-17 14:18:52 - [TEST_STEP][PASSED] - orPath_PaymentReady = "Object Repository/RAD_Pages/PaymentReady_Page": null

2024-10-17 14:18:52 - [TEST_STEP][PASSED] - orPath_PaymentEntry = "Object Repository/RAD_Pages/PaymentEntry_Page": null

2024-10-17 14:18:52 - [TEST_STEP][PASSED] - orPath_PaymentConfirmation = "Object Repository/RAD_Pages/PaymentConfirmation_Page": null

2024-10-17 14:18:52 - [TEST_STEP][PASSED] - orPath_ServiceFeesAccept = "Object Repository/RAD_Pages/ServiceFeeAccept_Page": null

2024-10-17 14:18:52 - [TEST_STEP][PASSED] - selectOptionByLabel(findTestObject(orPath_Landing + "/dd_TaxType"), Paymenttype, false): All options with label 'Quarterly Estimated Tax' are selected in object 'Object Repository/RAD_Pages/Landing_Page/dd_TaxType' 

2024-10-17 14:18:53 - [MESSAGE][PASSED] - All options with label 'Quarterly Estimated Tax' are selected in object 'Object Repository/RAD_Pages/Landing_Page/dd_TaxType' 

2024-10-17 14:18:53 - [TEST_STEP][PASSED] - delay(1): Delayed 1 second(s)

2024-10-17 14:18:54 - [MESSAGE][PASSED] - Delayed 1 second(s)

2024-10-17 14:18:54 - [TEST_STEP][PASSED] - switch (Paymenttype): null

2024-10-17 14:18:54 - [TEST_STEP][PASSED] - case "Quarterly Estimated Tax":: null

2024-10-17 14:18:54 - [TEST_STEP][PASSED] - selectOptionByLabel(findTestObject(orPath_TaxTypeFilingYear + "/select_PaymentType"), Taxtype, false): All options with label 'PTE Tax Electing S Corp' are selected in object 'Object Repository/RAD_Pages/TaxTypeFilingYear_Page/select_PaymentType' 

2024-10-17 14:18:55 - [MESSAGE][PASSED] - All options with label 'PTE Tax Electing S Corp' are selected in object 'Object Repository/RAD_Pages/TaxTypeFilingYear_Page/select_PaymentType' 

2024-10-17 14:18:55 - [TEST_STEP][PASSED] - break: null

2024-10-17 14:18:55 - [TEST_STEP][PASSED] - delay(1): Delayed 1 second(s)

2024-10-17 14:18:56 - [MESSAGE][PASSED] - Delayed 1 second(s)

2024-10-17 14:18:56 - [TEST_STEP][PASSED] - scrollToElement(findTestObject(orPath_Amount + "/input__paymentAmount"), 2, CONTINUE_ON_FAILURE): Scroll to object 'Object Repository/RAD_Pages/PaymentAmount_Page/input__paymentAmount' successfully

2024-10-17 14:18:56 - [MESSAGE][PASSED] - Scroll to object 'Object Repository/RAD_Pages/PaymentAmount_Page/input__paymentAmount' successfully

2024-10-17 14:18:56 - [TEST_STEP][PASSED] - switch (Paymenttype): null

2024-10-17 14:18:56 - [TEST_STEP][PASSED] - case "Quarterly Estimated Tax":: null

2024-10-17 14:18:56 - [TEST_STEP][PASSED] - setEncryptedText(findTestObject(orPath_TaxInfo + "/input_TaxInfo_FeinSsn_New_2"), "RigbBhfdqODKcAsiUrg+1Q=="): Text ****** has been set on object 'Object Repository/RAD_Pages/TaxInfo_Page/input_TaxInfo_FeinSsn_New_2'

2024-10-17 14:18:57 - [MESSAGE][PASSED] - Text ****** has been set on object 'Object Repository/RAD_Pages/TaxInfo_Page/input_TaxInfo_FeinSsn_New_2'

2024-10-17 14:18:57 - [TEST_STEP][PASSED] - setEncryptedText(findTestObject(orPath_TaxInfo + "/input_TaxInfo_RetypeFeinSsn_New_2"), "RigbBhfdqOD+04WBHw5iKw=="): Text ****** has been set on object 'Object Repository/RAD_Pages/TaxInfo_Page/input_TaxInfo_RetypeFeinSsn_New_2'

2024-10-17 14:18:57 - [MESSAGE][PASSED] - Text ****** has been set on object 'Object Repository/RAD_Pages/TaxInfo_Page/input_TaxInfo_RetypeFeinSsn_New_2'

2024-10-17 14:18:57 - [TEST_STEP][PASSED] - break: null

2024-10-17 14:18:57 - [TEST_STEP][PASSED] - setText(findTestObject(orPath_Amount + "/input__paymentAmount"), ""): Text '' is set on object 'Object Repository/RAD_Pages/PaymentAmount_Page/input__paymentAmount'

2024-10-17 14:18:58 - [MESSAGE][PASSED] - Text '' is set on object 'Object Repository/RAD_Pages/PaymentAmount_Page/input__paymentAmount'

2024-10-17 14:18:58 - [TEST_STEP][PASSED] - if (verifyTextPresent("The FEIN/SSN and Re-type FEIN/SSN do not match", true)): null

2024-10-17 14:18:59 - [MESSAGE][PASSED] - Text 'The FEIN/SSN and Re-type FEIN/SSN do not match' is present on page  using regular expression

2024-10-17 14:18:59 - [TEST_STEP][PASSED] - println("Error Message is present on the page"): null

2024-10-17 14:18:59 - [TEST_STEP][PASSED] - out.println("Pass Record Number: " + row): null

2024-10-17 14:18:59 - [TEST_STEP][PASSED] - resText = "Pass": null

2024-10-17 14:18:59 - [TEST_STEP][PASSED] - pages.WriteExcel.demoKey(resText, datText, resColumn, datCloumn, fileLoc, nameSheet, row): pages.WriteExcel.demoKey is PASSED

2024-10-17 14:18:59 - [MESSAGE][PASSED] - pages.WriteExcel.demoKey is PASSED

2024-10-17 14:18:59 - [TEST_STEP][PASSED] - ExecuteTC = findTestData(dataFile).getValue("Execute", row): null

2024-10-17 14:18:59 - [TEST_STEP][PASSED] - Taxtype = findTestData(dataFile).getValue("TaxType", row): null

2024-10-17 14:18:59 - [TEST_STEP][PASSED] - Paymenttype = findTestData(dataFile).getValue("PaymentType", row): null

2024-10-17 14:18:59 - [TEST_STEP][PASSED] - out.println("Value of Execute is : " + ExecuteTC): null

2024-10-17 14:18:59 - [TEST_STEP][PASSED] - if (ExecuteTC.equalsIgnoreCase("Y")): null

2024-10-17 14:18:59 - [TEST_STEP][PASSED] - out.println("Begin Record Number: " + row): null

2024-10-17 14:18:59 - [TEST_STEP][PASSED] - today = new java.util.Date(): null

2024-10-17 14:18:59 - [TEST_STEP][PASSED] - println(today): null

2024-10-17 14:18:59 - [TEST_STEP][PASSED] - datText = today: null

2024-10-17 14:18:59 - [TEST_STEP][PASSED] - Taxtype = findTestData(dataFile).getValue("TaxType", row): null

2024-10-17 14:18:59 - [TEST_STEP][PASSED] - out.println("Taxtype value is : " + Taxtype): null

2024-10-17 14:18:59 - [TEST_STEP][PASSED] - openBrowser(""): Browser is opened with url: ''

2024-10-17 14:18:59 - [MESSAGE][WARNING] - A browser is already opened. Closing browser and opening a new one

2024-10-17 14:19:01 - [MESSAGE][INFO] - Starting 'Chrome' driver

2024-10-17 14:19:01 - [MESSAGE][INFO] - User set preference: ['acceptInsecureCerts', 'true']

2024-10-17 14:19:01 - [MESSAGE][INFO] - Action delay is set to 0 milliseconds

2024-10-17 14:19:02 - [MESSAGE][PASSED] - Browser is opened with url: ''

2024-10-17 14:19:02 - [TEST_STEP][PASSED] - maximizeWindow(): Current window maximized

2024-10-17 14:19:03 - [MESSAGE][PASSED] - Current window maximized

2024-10-17 14:19:03 - [TEST_STEP][PASSED] - navigateToUrl(RADurl): Navigate to 'https://demo.velocitypayment.com/client/rad/index.html' successfully

2024-10-17 14:19:04 - [MESSAGE][PASSED] - Navigate to 'https://demo.velocitypayment.com/client/rad/index.html' successfully

2024-10-17 14:19:04 - [TEST_STEP][PASSED] - orPath_Landing = "Object Repository/RAD_Pages/Landing_Page": null

2024-10-17 14:19:04 - [TEST_STEP][PASSED] - orPath_TaxTypeFilingYear = "Object Repository/RAD_Pages/TaxTypeFilingYear_Page": null

2024-10-17 14:19:04 - [TEST_STEP][PASSED] - orPath_TaxPayer = "Object Repository/RAD_Pages/Taxpayer_Page": null

2024-10-17 14:19:04 - [TEST_STEP][PASSED] - orPath_AddressContact = "Object Repository/RAD_Pages/AddressAndContactInfo_Page": null

2024-10-17 14:19:04 - [TEST_STEP][PASSED] - orPath_FilingStatus = "Object Repository/RAD_Pages/FilingStatus_Page": null

2024-10-17 14:19:04 - [TEST_STEP][PASSED] - orPath_Amount = "Object Repository/RAD_Pages/PaymentAmount_Page": null

2024-10-17 14:19:04 - [TEST_STEP][PASSED] - orPath_TaxInfo = "Object Repository/RAD_Pages/TaxInfo_Page": null

2024-10-17 14:19:04 - [TEST_STEP][PASSED] - orPath_Withholding = "Object Repository/RAD_Pages/Withholding_Page": null

2024-10-17 14:19:04 - [TEST_STEP][PASSED] - orPath_Summary = "Object Repository/RAD_Pages/Summary_Page": null

2024-10-17 14:19:04 - [TEST_STEP][PASSED] - orPath_PaymentReady = "Object Repository/RAD_Pages/PaymentReady_Page": null

2024-10-17 14:19:04 - [TEST_STEP][PASSED] - orPath_PaymentEntry = "Object Repository/RAD_Pages/PaymentEntry_Page": null

2024-10-17 14:19:04 - [TEST_STEP][PASSED] - orPath_PaymentConfirmation = "Object Repository/RAD_Pages/PaymentConfirmation_Page": null

2024-10-17 14:19:04 - [TEST_STEP][PASSED] - orPath_ServiceFeesAccept = "Object Repository/RAD_Pages/ServiceFeeAccept_Page": null

2024-10-17 14:19:04 - [TEST_STEP][PASSED] - selectOptionByLabel(findTestObject(orPath_Landing + "/dd_TaxType"), Paymenttype, false): All options with label 'Extension Payments' are selected in object 'Object Repository/RAD_Pages/Landing_Page/dd_TaxType' 

2024-10-17 14:19:05 - [MESSAGE][PASSED] - All options with label 'Extension Payments' are selected in object 'Object Repository/RAD_Pages/Landing_Page/dd_TaxType' 

2024-10-17 14:19:05 - [TEST_STEP][PASSED] - delay(1): Delayed 1 second(s)

2024-10-17 14:19:06 - [MESSAGE][PASSED] - Delayed 1 second(s)

2024-10-17 14:19:06 - [TEST_STEP][PASSED] - switch (Paymenttype): null

2024-10-17 14:19:06 - [TEST_STEP][PASSED] - case "Extension Payments":: null

2024-10-17 14:19:06 - [TEST_STEP][PASSED] - selectOptionByLabel(findTestObject(orPath_TaxTypeFilingYear + "/select_PaymentType"), Taxtype, false): All options with label 'PTE Non-Electing Non-S Corp' are selected in object 'Object Repository/RAD_Pages/TaxTypeFilingYear_Page/select_PaymentType' 

2024-10-17 14:19:07 - [MESSAGE][PASSED] - All options with label 'PTE Non-Electing Non-S Corp' are selected in object 'Object Repository/RAD_Pages/TaxTypeFilingYear_Page/select_PaymentType' 

2024-10-17 14:19:07 - [TEST_STEP][PASSED] - break: null

2024-10-17 14:19:07 - [TEST_STEP][PASSED] - delay(1): Delayed 1 second(s)

2024-10-17 14:19:08 - [MESSAGE][PASSED] - Delayed 1 second(s)

2024-10-17 14:19:08 - [TEST_STEP][PASSED] - scrollToElement(findTestObject(orPath_Amount + "/input__paymentAmount"), 2, CONTINUE_ON_FAILURE): Scroll to object 'Object Repository/RAD_Pages/PaymentAmount_Page/input__paymentAmount' successfully

2024-10-17 14:19:08 - [MESSAGE][PASSED] - Scroll to object 'Object Repository/RAD_Pages/PaymentAmount_Page/input__paymentAmount' successfully

2024-10-17 14:19:08 - [TEST_STEP][PASSED] - switch (Paymenttype): null

2024-10-17 14:19:08 - [TEST_STEP][PASSED] - case "Extension Payments":: null

2024-10-17 14:19:08 - [TEST_STEP][PASSED] - setEncryptedText(findTestObject(orPath_TaxInfo + "/input_TaxInfo_FeinSsn_New_2"), "RigbBhfdqODKcAsiUrg+1Q=="): Text ****** has been set on object 'Object Repository/RAD_Pages/TaxInfo_Page/input_TaxInfo_FeinSsn_New_2'

2024-10-17 14:19:09 - [MESSAGE][PASSED] - Text ****** has been set on object 'Object Repository/RAD_Pages/TaxInfo_Page/input_TaxInfo_FeinSsn_New_2'

2024-10-17 14:19:09 - [TEST_STEP][PASSED] - setEncryptedText(findTestObject(orPath_TaxInfo + "/input_TaxInfo_RetypeFeinSsn_New_2"), "RigbBhfdqOD+04WBHw5iKw=="): Text ****** has been set on object 'Object Repository/RAD_Pages/TaxInfo_Page/input_TaxInfo_RetypeFeinSsn_New_2'

2024-10-17 14:19:09 - [MESSAGE][PASSED] - Text ****** has been set on object 'Object Repository/RAD_Pages/TaxInfo_Page/input_TaxInfo_RetypeFeinSsn_New_2'

2024-10-17 14:19:09 - [TEST_STEP][PASSED] - break: null

2024-10-17 14:19:09 - [TEST_STEP][PASSED] - setText(findTestObject(orPath_Amount + "/input__paymentAmount"), ""): Text '' is set on object 'Object Repository/RAD_Pages/PaymentAmount_Page/input__paymentAmount'

2024-10-17 14:19:10 - [MESSAGE][PASSED] - Text '' is set on object 'Object Repository/RAD_Pages/PaymentAmount_Page/input__paymentAmount'

2024-10-17 14:19:10 - [TEST_STEP][PASSED] - if (verifyTextPresent("The FEIN/SSN and Re-type FEIN/SSN do not match", true)): null

2024-10-17 14:19:11 - [MESSAGE][PASSED] - Text 'The FEIN/SSN and Re-type FEIN/SSN do not match' is present on page  using regular expression

2024-10-17 14:19:11 - [TEST_STEP][PASSED] - println("Error Message is present on the page"): null

2024-10-17 14:19:11 - [TEST_STEP][PASSED] - out.println("Pass Record Number: " + row): null

2024-10-17 14:19:11 - [TEST_STEP][PASSED] - resText = "Pass": null

2024-10-17 14:19:11 - [TEST_STEP][PASSED] - pages.WriteExcel.demoKey(resText, datText, resColumn, datCloumn, fileLoc, nameSheet, row): pages.WriteExcel.demoKey is PASSED

2024-10-17 14:19:11 - [MESSAGE][PASSED] - pages.WriteExcel.demoKey is PASSED

2024-10-17 14:19:11 - [TEST_STEP][PASSED] - ExecuteTC = findTestData(dataFile).getValue("Execute", row): null

2024-10-17 14:19:11 - [TEST_STEP][PASSED] - Taxtype = findTestData(dataFile).getValue("TaxType", row): null

2024-10-17 14:19:11 - [TEST_STEP][PASSED] - Paymenttype = findTestData(dataFile).getValue("PaymentType", row): null

2024-10-17 14:19:11 - [TEST_STEP][PASSED] - out.println("Value of Execute is : " + ExecuteTC): null

2024-10-17 14:19:11 - [TEST_STEP][PASSED] - if (ExecuteTC.equalsIgnoreCase("Y")): null

2024-10-17 14:19:11 - [TEST_STEP][PASSED] - out.println("Begin Record Number: " + row): null

2024-10-17 14:19:11 - [TEST_STEP][PASSED] - today = new java.util.Date(): null

2024-10-17 14:19:11 - [TEST_STEP][PASSED] - println(today): null

2024-10-17 14:19:11 - [TEST_STEP][PASSED] - datText = today: null

2024-10-17 14:19:11 - [TEST_STEP][PASSED] - Taxtype = findTestData(dataFile).getValue("TaxType", row): null

2024-10-17 14:19:11 - [TEST_STEP][PASSED] - out.println("Taxtype value is : " + Taxtype): null

2024-10-17 14:19:11 - [TEST_STEP][PASSED] - openBrowser(""): Browser is opened with url: ''

2024-10-17 14:19:11 - [MESSAGE][WARNING] - A browser is already opened. Closing browser and opening a new one

2024-10-17 14:19:12 - [MESSAGE][INFO] - Starting 'Chrome' driver

2024-10-17 14:19:12 - [MESSAGE][INFO] - User set preference: ['acceptInsecureCerts', 'true']

2024-10-17 14:19:12 - [MESSAGE][INFO] - Action delay is set to 0 milliseconds

2024-10-17 14:19:14 - [MESSAGE][PASSED] - Browser is opened with url: ''

2024-10-17 14:19:14 - [TEST_STEP][PASSED] - maximizeWindow(): Current window maximized

2024-10-17 14:19:14 - [MESSAGE][PASSED] - Current window maximized

2024-10-17 14:19:14 - [TEST_STEP][PASSED] - navigateToUrl(RADurl): Navigate to 'https://demo.velocitypayment.com/client/rad/index.html' successfully

2024-10-17 14:19:15 - [MESSAGE][PASSED] - Navigate to 'https://demo.velocitypayment.com/client/rad/index.html' successfully

2024-10-17 14:19:15 - [TEST_STEP][PASSED] - orPath_Landing = "Object Repository/RAD_Pages/Landing_Page": null

2024-10-17 14:19:15 - [TEST_STEP][PASSED] - orPath_TaxTypeFilingYear = "Object Repository/RAD_Pages/TaxTypeFilingYear_Page": null

2024-10-17 14:19:15 - [TEST_STEP][PASSED] - orPath_TaxPayer = "Object Repository/RAD_Pages/Taxpayer_Page": null

2024-10-17 14:19:15 - [TEST_STEP][PASSED] - orPath_AddressContact = "Object Repository/RAD_Pages/AddressAndContactInfo_Page": null

2024-10-17 14:19:15 - [TEST_STEP][PASSED] - orPath_FilingStatus = "Object Repository/RAD_Pages/FilingStatus_Page": null

2024-10-17 14:19:15 - [TEST_STEP][PASSED] - orPath_Amount = "Object Repository/RAD_Pages/PaymentAmount_Page": null

2024-10-17 14:19:15 - [TEST_STEP][PASSED] - orPath_TaxInfo = "Object Repository/RAD_Pages/TaxInfo_Page": null

2024-10-17 14:19:15 - [TEST_STEP][PASSED] - orPath_Withholding = "Object Repository/RAD_Pages/Withholding_Page": null

2024-10-17 14:19:15 - [TEST_STEP][PASSED] - orPath_Summary = "Object Repository/RAD_Pages/Summary_Page": null

2024-10-17 14:19:15 - [TEST_STEP][PASSED] - orPath_PaymentReady = "Object Repository/RAD_Pages/PaymentReady_Page": null

2024-10-17 14:19:15 - [TEST_STEP][PASSED] - orPath_PaymentEntry = "Object Repository/RAD_Pages/PaymentEntry_Page": null

2024-10-17 14:19:15 - [TEST_STEP][PASSED] - orPath_PaymentConfirmation = "Object Repository/RAD_Pages/PaymentConfirmation_Page": null

2024-10-17 14:19:15 - [TEST_STEP][PASSED] - orPath_ServiceFeesAccept = "Object Repository/RAD_Pages/ServiceFeeAccept_Page": null

2024-10-17 14:19:15 - [TEST_STEP][PASSED] - selectOptionByLabel(findTestObject(orPath_Landing + "/dd_TaxType"), Paymenttype, false): All options with label 'Extension Payments' are selected in object 'Object Repository/RAD_Pages/Landing_Page/dd_TaxType' 

2024-10-17 14:19:16 - [MESSAGE][PASSED] - All options with label 'Extension Payments' are selected in object 'Object Repository/RAD_Pages/Landing_Page/dd_TaxType' 

2024-10-17 14:19:16 - [TEST_STEP][PASSED] - delay(1): Delayed 1 second(s)

2024-10-17 14:19:17 - [MESSAGE][PASSED] - Delayed 1 second(s)

2024-10-17 14:19:17 - [TEST_STEP][PASSED] - switch (Paymenttype): null

2024-10-17 14:19:17 - [TEST_STEP][PASSED] - case "Extension Payments":: null

2024-10-17 14:19:17 - [TEST_STEP][PASSED] - selectOptionByLabel(findTestObject(orPath_TaxTypeFilingYear + "/select_PaymentType"), Taxtype, false): All options with label 'PTE Non-Electing S Corp' are selected in object 'Object Repository/RAD_Pages/TaxTypeFilingYear_Page/select_PaymentType' 

2024-10-17 14:19:18 - [MESSAGE][PASSED] - All options with label 'PTE Non-Electing S Corp' are selected in object 'Object Repository/RAD_Pages/TaxTypeFilingYear_Page/select_PaymentType' 

2024-10-17 14:19:18 - [TEST_STEP][PASSED] - break: null

2024-10-17 14:19:18 - [TEST_STEP][PASSED] - delay(1): Delayed 1 second(s)

2024-10-17 14:19:19 - [MESSAGE][PASSED] - Delayed 1 second(s)

2024-10-17 14:19:19 - [TEST_STEP][PASSED] - scrollToElement(findTestObject(orPath_Amount + "/input__paymentAmount"), 2, CONTINUE_ON_FAILURE): Scroll to object 'Object Repository/RAD_Pages/PaymentAmount_Page/input__paymentAmount' successfully

2024-10-17 14:19:19 - [MESSAGE][PASSED] - Scroll to object 'Object Repository/RAD_Pages/PaymentAmount_Page/input__paymentAmount' successfully

2024-10-17 14:19:19 - [TEST_STEP][PASSED] - switch (Paymenttype): null

2024-10-17 14:19:19 - [TEST_STEP][PASSED] - case "Extension Payments":: null

2024-10-17 14:19:19 - [TEST_STEP][PASSED] - setEncryptedText(findTestObject(orPath_TaxInfo + "/input_TaxInfo_FeinSsn_New_2"), "RigbBhfdqODKcAsiUrg+1Q=="): Text ****** has been set on object 'Object Repository/RAD_Pages/TaxInfo_Page/input_TaxInfo_FeinSsn_New_2'

2024-10-17 14:19:20 - [MESSAGE][PASSED] - Text ****** has been set on object 'Object Repository/RAD_Pages/TaxInfo_Page/input_TaxInfo_FeinSsn_New_2'

2024-10-17 14:19:20 - [TEST_STEP][PASSED] - setEncryptedText(findTestObject(orPath_TaxInfo + "/input_TaxInfo_RetypeFeinSsn_New_2"), "RigbBhfdqOD+04WBHw5iKw=="): Text ****** has been set on object 'Object Repository/RAD_Pages/TaxInfo_Page/input_TaxInfo_RetypeFeinSsn_New_2'

2024-10-17 14:19:20 - [MESSAGE][PASSED] - Text ****** has been set on object 'Object Repository/RAD_Pages/TaxInfo_Page/input_TaxInfo_RetypeFeinSsn_New_2'

2024-10-17 14:19:20 - [TEST_STEP][PASSED] - break: null

2024-10-17 14:19:20 - [TEST_STEP][PASSED] - setText(findTestObject(orPath_Amount + "/input__paymentAmount"), ""): Text '' is set on object 'Object Repository/RAD_Pages/PaymentAmount_Page/input__paymentAmount'

2024-10-17 14:19:21 - [MESSAGE][PASSED] - Text '' is set on object 'Object Repository/RAD_Pages/PaymentAmount_Page/input__paymentAmount'

2024-10-17 14:19:21 - [TEST_STEP][PASSED] - if (verifyTextPresent("The FEIN/SSN and Re-type FEIN/SSN do not match", true)): null

2024-10-17 14:19:22 - [MESSAGE][PASSED] - Text 'The FEIN/SSN and Re-type FEIN/SSN do not match' is present on page  using regular expression

2024-10-17 14:19:22 - [TEST_STEP][PASSED] - println("Error Message is present on the page"): null

2024-10-17 14:19:22 - [TEST_STEP][PASSED] - out.println("Pass Record Number: " + row): null

2024-10-17 14:19:22 - [TEST_STEP][PASSED] - resText = "Pass": null

2024-10-17 14:19:22 - [TEST_STEP][PASSED] - pages.WriteExcel.demoKey(resText, datText, resColumn, datCloumn, fileLoc, nameSheet, row): pages.WriteExcel.demoKey is PASSED

2024-10-17 14:19:22 - [MESSAGE][PASSED] - pages.WriteExcel.demoKey is PASSED

2024-10-17 14:19:22 - [TEST_STEP][PASSED] - ExecuteTC = findTestData(dataFile).getValue("Execute", row): null

2024-10-17 14:19:22 - [TEST_STEP][PASSED] - Taxtype = findTestData(dataFile).getValue("TaxType", row): null

2024-10-17 14:19:22 - [TEST_STEP][PASSED] - Paymenttype = findTestData(dataFile).getValue("PaymentType", row): null

2024-10-17 14:19:22 - [TEST_STEP][PASSED] - out.println("Value of Execute is : " + ExecuteTC): null

2024-10-17 14:19:22 - [TEST_STEP][PASSED] - if (ExecuteTC.equalsIgnoreCase("Y")): null

2024-10-17 14:19:22 - [TEST_STEP][PASSED] - out.println("Begin Record Number: " + row): null

2024-10-17 14:19:22 - [TEST_STEP][PASSED] - today = new java.util.Date(): null

2024-10-17 14:19:22 - [TEST_STEP][PASSED] - println(today): null

2024-10-17 14:19:22 - [TEST_STEP][PASSED] - datText = today: null

2024-10-17 14:19:22 - [TEST_STEP][PASSED] - Taxtype = findTestData(dataFile).getValue("TaxType", row): null

2024-10-17 14:19:22 - [TEST_STEP][PASSED] - out.println("Taxtype value is : " + Taxtype): null

2024-10-17 14:19:22 - [TEST_STEP][PASSED] - openBrowser(""): Browser is opened with url: ''

2024-10-17 14:19:22 - [MESSAGE][WARNING] - A browser is already opened. Closing browser and opening a new one

2024-10-17 14:19:23 - [MESSAGE][INFO] - Starting 'Chrome' driver

2024-10-17 14:19:23 - [MESSAGE][INFO] - User set preference: ['acceptInsecureCerts', 'true']

2024-10-17 14:19:23 - [MESSAGE][INFO] - Action delay is set to 0 milliseconds

2024-10-17 14:19:25 - [MESSAGE][PASSED] - Browser is opened with url: ''

2024-10-17 14:19:25 - [TEST_STEP][PASSED] - maximizeWindow(): Current window maximized

2024-10-17 14:19:25 - [MESSAGE][PASSED] - Current window maximized

2024-10-17 14:19:25 - [TEST_STEP][PASSED] - navigateToUrl(RADurl): Navigate to 'https://demo.velocitypayment.com/client/rad/index.html' successfully

2024-10-17 14:19:27 - [MESSAGE][PASSED] - Navigate to 'https://demo.velocitypayment.com/client/rad/index.html' successfully

2024-10-17 14:19:27 - [TEST_STEP][PASSED] - orPath_Landing = "Object Repository/RAD_Pages/Landing_Page": null

2024-10-17 14:19:27 - [TEST_STEP][PASSED] - orPath_TaxTypeFilingYear = "Object Repository/RAD_Pages/TaxTypeFilingYear_Page": null

2024-10-17 14:19:27 - [TEST_STEP][PASSED] - orPath_TaxPayer = "Object Repository/RAD_Pages/Taxpayer_Page": null

2024-10-17 14:19:27 - [TEST_STEP][PASSED] - orPath_AddressContact = "Object Repository/RAD_Pages/AddressAndContactInfo_Page": null

2024-10-17 14:19:27 - [TEST_STEP][PASSED] - orPath_FilingStatus = "Object Repository/RAD_Pages/FilingStatus_Page": null

2024-10-17 14:19:27 - [TEST_STEP][PASSED] - orPath_Amount = "Object Repository/RAD_Pages/PaymentAmount_Page": null

2024-10-17 14:19:27 - [TEST_STEP][PASSED] - orPath_TaxInfo = "Object Repository/RAD_Pages/TaxInfo_Page": null

2024-10-17 14:19:27 - [TEST_STEP][PASSED] - orPath_Withholding = "Object Repository/RAD_Pages/Withholding_Page": null

2024-10-17 14:19:27 - [TEST_STEP][PASSED] - orPath_Summary = "Object Repository/RAD_Pages/Summary_Page": null

2024-10-17 14:19:27 - [TEST_STEP][PASSED] - orPath_PaymentReady = "Object Repository/RAD_Pages/PaymentReady_Page": null

2024-10-17 14:19:27 - [TEST_STEP][PASSED] - orPath_PaymentEntry = "Object Repository/RAD_Pages/PaymentEntry_Page": null

2024-10-17 14:19:27 - [TEST_STEP][PASSED] - orPath_PaymentConfirmation = "Object Repository/RAD_Pages/PaymentConfirmation_Page": null

2024-10-17 14:19:27 - [TEST_STEP][PASSED] - orPath_ServiceFeesAccept = "Object Repository/RAD_Pages/ServiceFeeAccept_Page": null

2024-10-17 14:19:27 - [TEST_STEP][PASSED] - selectOptionByLabel(findTestObject(orPath_Landing + "/dd_TaxType"), Paymenttype, false): All options with label 'Extension Payments' are selected in object 'Object Repository/RAD_Pages/Landing_Page/dd_TaxType' 

2024-10-17 14:19:28 - [MESSAGE][PASSED] - All options with label 'Extension Payments' are selected in object 'Object Repository/RAD_Pages/Landing_Page/dd_TaxType' 

2024-10-17 14:19:28 - [TEST_STEP][PASSED] - delay(1): Delayed 1 second(s)

2024-10-17 14:19:29 - [MESSAGE][PASSED] - Delayed 1 second(s)

2024-10-17 14:19:29 - [TEST_STEP][PASSED] - switch (Paymenttype): null

2024-10-17 14:19:29 - [TEST_STEP][PASSED] - case "Extension Payments":: null

2024-10-17 14:19:29 - [TEST_STEP][PASSED] - selectOptionByLabel(findTestObject(orPath_TaxTypeFilingYear + "/select_PaymentType"), Taxtype, false): All options with label 'PTE Tax Electing Non-S Corp' are selected in object 'Object Repository/RAD_Pages/TaxTypeFilingYear_Page/select_PaymentType' 

2024-10-17 14:19:29 - [MESSAGE][PASSED] - All options with label 'PTE Tax Electing Non-S Corp' are selected in object 'Object Repository/RAD_Pages/TaxTypeFilingYear_Page/select_PaymentType' 

2024-10-17 14:19:29 - [TEST_STEP][PASSED] - break: null

2024-10-17 14:19:29 - [TEST_STEP][PASSED] - delay(1): Delayed 1 second(s)

2024-10-17 14:19:30 - [MESSAGE][PASSED] - Delayed 1 second(s)

2024-10-17 14:19:30 - [TEST_STEP][PASSED] - scrollToElement(findTestObject(orPath_Amount + "/input__paymentAmount"), 2, CONTINUE_ON_FAILURE): Scroll to object 'Object Repository/RAD_Pages/PaymentAmount_Page/input__paymentAmount' successfully

2024-10-17 14:19:31 - [MESSAGE][PASSED] - Scroll to object 'Object Repository/RAD_Pages/PaymentAmount_Page/input__paymentAmount' successfully

2024-10-17 14:19:31 - [TEST_STEP][PASSED] - switch (Paymenttype): null

2024-10-17 14:19:31 - [TEST_STEP][PASSED] - case "Extension Payments":: null

2024-10-17 14:19:31 - [TEST_STEP][PASSED] - setEncryptedText(findTestObject(orPath_TaxInfo + "/input_TaxInfo_FeinSsn_New_2"), "RigbBhfdqODKcAsiUrg+1Q=="): Text ****** has been set on object 'Object Repository/RAD_Pages/TaxInfo_Page/input_TaxInfo_FeinSsn_New_2'

2024-10-17 14:19:31 - [MESSAGE][PASSED] - Text ****** has been set on object 'Object Repository/RAD_Pages/TaxInfo_Page/input_TaxInfo_FeinSsn_New_2'

2024-10-17 14:19:31 - [TEST_STEP][PASSED] - setEncryptedText(findTestObject(orPath_TaxInfo + "/input_TaxInfo_RetypeFeinSsn_New_2"), "RigbBhfdqOD+04WBHw5iKw=="): Text ****** has been set on object 'Object Repository/RAD_Pages/TaxInfo_Page/input_TaxInfo_RetypeFeinSsn_New_2'

2024-10-17 14:19:32 - [MESSAGE][PASSED] - Text ****** has been set on object 'Object Repository/RAD_Pages/TaxInfo_Page/input_TaxInfo_RetypeFeinSsn_New_2'

2024-10-17 14:19:32 - [TEST_STEP][PASSED] - break: null

2024-10-17 14:19:32 - [TEST_STEP][PASSED] - setText(findTestObject(orPath_Amount + "/input__paymentAmount"), ""): Text '' is set on object 'Object Repository/RAD_Pages/PaymentAmount_Page/input__paymentAmount'

2024-10-17 14:19:33 - [MESSAGE][PASSED] - Text '' is set on object 'Object Repository/RAD_Pages/PaymentAmount_Page/input__paymentAmount'

2024-10-17 14:19:33 - [TEST_STEP][PASSED] - if (verifyTextPresent("The FEIN/SSN and Re-type FEIN/SSN do not match", true)): null

2024-10-17 14:19:33 - [MESSAGE][PASSED] - Text 'The FEIN/SSN and Re-type FEIN/SSN do not match' is present on page  using regular expression

2024-10-17 14:19:33 - [TEST_STEP][PASSED] - println("Error Message is present on the page"): null

2024-10-17 14:19:33 - [TEST_STEP][PASSED] - out.println("Pass Record Number: " + row): null

2024-10-17 14:19:33 - [TEST_STEP][PASSED] - resText = "Pass": null

2024-10-17 14:19:33 - [TEST_STEP][PASSED] - pages.WriteExcel.demoKey(resText, datText, resColumn, datCloumn, fileLoc, nameSheet, row): pages.WriteExcel.demoKey is PASSED

2024-10-17 14:19:33 - [MESSAGE][PASSED] - pages.WriteExcel.demoKey is PASSED

2024-10-17 14:19:33 - [TEST_STEP][PASSED] - ExecuteTC = findTestData(dataFile).getValue("Execute", row): null

2024-10-17 14:19:33 - [TEST_STEP][PASSED] - Taxtype = findTestData(dataFile).getValue("TaxType", row): null

2024-10-17 14:19:33 - [TEST_STEP][PASSED] - Paymenttype = findTestData(dataFile).getValue("PaymentType", row): null

2024-10-17 14:19:33 - [TEST_STEP][PASSED] - out.println("Value of Execute is : " + ExecuteTC): null

2024-10-17 14:19:33 - [TEST_STEP][PASSED] - if (ExecuteTC.equalsIgnoreCase("Y")): null

2024-10-17 14:19:33 - [TEST_STEP][PASSED] - out.println("Begin Record Number: " + row): null

2024-10-17 14:19:33 - [TEST_STEP][PASSED] - today = new java.util.Date(): null

2024-10-17 14:19:33 - [TEST_STEP][PASSED] - println(today): null

2024-10-17 14:19:33 - [TEST_STEP][PASSED] - datText = today: null

2024-10-17 14:19:33 - [TEST_STEP][PASSED] - Taxtype = findTestData(dataFile).getValue("TaxType", row): null

2024-10-17 14:19:33 - [TEST_STEP][PASSED] - out.println("Taxtype value is : " + Taxtype): null

2024-10-17 14:19:33 - [TEST_STEP][PASSED] - openBrowser(""): Browser is opened with url: ''

2024-10-17 14:19:33 - [MESSAGE][WARNING] - A browser is already opened. Closing browser and opening a new one

2024-10-17 14:19:35 - [MESSAGE][INFO] - Starting 'Chrome' driver

2024-10-17 14:19:35 - [MESSAGE][INFO] - User set preference: ['acceptInsecureCerts', 'true']

2024-10-17 14:19:35 - [MESSAGE][INFO] - Action delay is set to 0 milliseconds

2024-10-17 14:19:37 - [MESSAGE][PASSED] - Browser is opened with url: ''

2024-10-17 14:19:37 - [TEST_STEP][PASSED] - maximizeWindow(): Current window maximized

2024-10-17 14:19:37 - [MESSAGE][PASSED] - Current window maximized

2024-10-17 14:19:37 - [TEST_STEP][PASSED] - navigateToUrl(RADurl): Navigate to 'https://demo.velocitypayment.com/client/rad/index.html' successfully

2024-10-17 14:19:39 - [MESSAGE][PASSED] - Navigate to 'https://demo.velocitypayment.com/client/rad/index.html' successfully

2024-10-17 14:19:39 - [TEST_STEP][PASSED] - orPath_Landing = "Object Repository/RAD_Pages/Landing_Page": null

2024-10-17 14:19:39 - [TEST_STEP][PASSED] - orPath_TaxTypeFilingYear = "Object Repository/RAD_Pages/TaxTypeFilingYear_Page": null

2024-10-17 14:19:39 - [TEST_STEP][PASSED] - orPath_TaxPayer = "Object Repository/RAD_Pages/Taxpayer_Page": null

2024-10-17 14:19:39 - [TEST_STEP][PASSED] - orPath_AddressContact = "Object Repository/RAD_Pages/AddressAndContactInfo_Page": null

2024-10-17 14:19:39 - [TEST_STEP][PASSED] - orPath_FilingStatus = "Object Repository/RAD_Pages/FilingStatus_Page": null

2024-10-17 14:19:39 - [TEST_STEP][PASSED] - orPath_Amount = "Object Repository/RAD_Pages/PaymentAmount_Page": null

2024-10-17 14:19:39 - [TEST_STEP][PASSED] - orPath_TaxInfo = "Object Repository/RAD_Pages/TaxInfo_Page": null

2024-10-17 14:19:39 - [TEST_STEP][PASSED] - orPath_Withholding = "Object Repository/RAD_Pages/Withholding_Page": null

2024-10-17 14:19:39 - [TEST_STEP][PASSED] - orPath_Summary = "Object Repository/RAD_Pages/Summary_Page": null

2024-10-17 14:19:39 - [TEST_STEP][PASSED] - orPath_PaymentReady = "Object Repository/RAD_Pages/PaymentReady_Page": null

2024-10-17 14:19:39 - [TEST_STEP][PASSED] - orPath_PaymentEntry = "Object Repository/RAD_Pages/PaymentEntry_Page": null

2024-10-17 14:19:39 - [TEST_STEP][PASSED] - orPath_PaymentConfirmation = "Object Repository/RAD_Pages/PaymentConfirmation_Page": null

2024-10-17 14:19:39 - [TEST_STEP][PASSED] - orPath_ServiceFeesAccept = "Object Repository/RAD_Pages/ServiceFeeAccept_Page": null

2024-10-17 14:19:39 - [TEST_STEP][PASSED] - selectOptionByLabel(findTestObject(orPath_Landing + "/dd_TaxType"), Paymenttype, false): All options with label 'Extension Payments' are selected in object 'Object Repository/RAD_Pages/Landing_Page/dd_TaxType' 

2024-10-17 14:19:39 - [MESSAGE][PASSED] - All options with label 'Extension Payments' are selected in object 'Object Repository/RAD_Pages/Landing_Page/dd_TaxType' 

2024-10-17 14:19:39 - [TEST_STEP][PASSED] - delay(1): Delayed 1 second(s)

2024-10-17 14:19:40 - [MESSAGE][PASSED] - Delayed 1 second(s)

2024-10-17 14:19:40 - [TEST_STEP][PASSED] - switch (Paymenttype): null

2024-10-17 14:19:40 - [TEST_STEP][PASSED] - case "Extension Payments":: null

2024-10-17 14:19:40 - [TEST_STEP][PASSED] - selectOptionByLabel(findTestObject(orPath_TaxTypeFilingYear + "/select_PaymentType"), Taxtype, false): All options with label 'PTE Tax Electing S Corp' are selected in object 'Object Repository/RAD_Pages/TaxTypeFilingYear_Page/select_PaymentType' 

2024-10-17 14:19:41 - [MESSAGE][PASSED] - All options with label 'PTE Tax Electing S Corp' are selected in object 'Object Repository/RAD_Pages/TaxTypeFilingYear_Page/select_PaymentType' 

2024-10-17 14:19:41 - [TEST_STEP][PASSED] - break: null

2024-10-17 14:19:41 - [TEST_STEP][PASSED] - delay(1): Delayed 1 second(s)

2024-10-17 14:19:42 - [MESSAGE][PASSED] - Delayed 1 second(s)

2024-10-17 14:19:42 - [TEST_STEP][PASSED] - scrollToElement(findTestObject(orPath_Amount + "/input__paymentAmount"), 2, CONTINUE_ON_FAILURE): Scroll to object 'Object Repository/RAD_Pages/PaymentAmount_Page/input__paymentAmount' successfully

2024-10-17 14:19:42 - [MESSAGE][PASSED] - Scroll to object 'Object Repository/RAD_Pages/PaymentAmount_Page/input__paymentAmount' successfully

2024-10-17 14:19:42 - [TEST_STEP][PASSED] - switch (Paymenttype): null

2024-10-17 14:19:42 - [TEST_STEP][PASSED] - case "Extension Payments":: null

2024-10-17 14:19:42 - [TEST_STEP][PASSED] - setEncryptedText(findTestObject(orPath_TaxInfo + "/input_TaxInfo_FeinSsn_New_2"), "RigbBhfdqODKcAsiUrg+1Q=="): Text ****** has been set on object 'Object Repository/RAD_Pages/TaxInfo_Page/input_TaxInfo_FeinSsn_New_2'

2024-10-17 14:19:43 - [MESSAGE][PASSED] - Text ****** has been set on object 'Object Repository/RAD_Pages/TaxInfo_Page/input_TaxInfo_FeinSsn_New_2'

2024-10-17 14:19:43 - [TEST_STEP][PASSED] - setEncryptedText(findTestObject(orPath_TaxInfo + "/input_TaxInfo_RetypeFeinSsn_New_2"), "RigbBhfdqOD+04WBHw5iKw=="): Text ****** has been set on object 'Object Repository/RAD_Pages/TaxInfo_Page/input_TaxInfo_RetypeFeinSsn_New_2'

2024-10-17 14:19:44 - [MESSAGE][PASSED] - Text ****** has been set on object 'Object Repository/RAD_Pages/TaxInfo_Page/input_TaxInfo_RetypeFeinSsn_New_2'

2024-10-17 14:19:44 - [TEST_STEP][PASSED] - break: null

2024-10-17 14:19:44 - [TEST_STEP][PASSED] - setText(findTestObject(orPath_Amount + "/input__paymentAmount"), ""): Text '' is set on object 'Object Repository/RAD_Pages/PaymentAmount_Page/input__paymentAmount'

2024-10-17 14:19:44 - [MESSAGE][PASSED] - Text '' is set on object 'Object Repository/RAD_Pages/PaymentAmount_Page/input__paymentAmount'

2024-10-17 14:19:44 - [TEST_STEP][PASSED] - if (verifyTextPresent("The FEIN/SSN and Re-type FEIN/SSN do not match", true)): null

2024-10-17 14:19:45 - [MESSAGE][PASSED] - Text 'The FEIN/SSN and Re-type FEIN/SSN do not match' is present on page  using regular expression

2024-10-17 14:19:45 - [TEST_STEP][PASSED] - println("Error Message is present on the page"): null

2024-10-17 14:19:45 - [TEST_STEP][PASSED] - out.println("Pass Record Number: " + row): null

2024-10-17 14:19:45 - [TEST_STEP][PASSED] - resText = "Pass": null

2024-10-17 14:19:45 - [TEST_STEP][PASSED] - pages.WriteExcel.demoKey(resText, datText, resColumn, datCloumn, fileLoc, nameSheet, row): pages.WriteExcel.demoKey is PASSED

2024-10-17 14:19:45 - [MESSAGE][PASSED] - pages.WriteExcel.demoKey is PASSED

2024-10-17 14:19:45 - [TEST_STEP][PASSED] - ExecuteTC = findTestData(dataFile).getValue("Execute", row): null

2024-10-17 14:19:45 - [TEST_STEP][PASSED] - Taxtype = findTestData(dataFile).getValue("TaxType", row): null

2024-10-17 14:19:45 - [TEST_STEP][PASSED] - Paymenttype = findTestData(dataFile).getValue("PaymentType", row): null

2024-10-17 14:19:45 - [TEST_STEP][PASSED] - out.println("Value of Execute is : " + ExecuteTC): null

2024-10-17 14:19:45 - [TEST_STEP][PASSED] - if (ExecuteTC.equalsIgnoreCase("Y")): null

2024-10-17 14:19:45 - [TEST_STEP][PASSED] - out.println("Begin Record Number: " + row): null

2024-10-17 14:19:45 - [TEST_STEP][PASSED] - today = new java.util.Date(): null

2024-10-17 14:19:45 - [TEST_STEP][PASSED] - println(today): null

2024-10-17 14:19:45 - [TEST_STEP][PASSED] - datText = today: null

2024-10-17 14:19:45 - [TEST_STEP][PASSED] - Taxtype = findTestData(dataFile).getValue("TaxType", row): null

2024-10-17 14:19:45 - [TEST_STEP][PASSED] - out.println("Taxtype value is : " + Taxtype): null

2024-10-17 14:19:45 - [TEST_STEP][PASSED] - openBrowser(""): Browser is opened with url: ''

2024-10-17 14:19:45 - [MESSAGE][WARNING] - A browser is already opened. Closing browser and opening a new one

2024-10-17 14:19:46 - [MESSAGE][INFO] - Starting 'Chrome' driver

2024-10-17 14:19:46 - [MESSAGE][INFO] - User set preference: ['acceptInsecureCerts', 'true']

2024-10-17 14:19:46 - [MESSAGE][INFO] - Action delay is set to 0 milliseconds

2024-10-17 14:19:48 - [MESSAGE][PASSED] - Browser is opened with url: ''

2024-10-17 14:19:48 - [TEST_STEP][PASSED] - maximizeWindow(): Current window maximized

2024-10-17 14:19:48 - [MESSAGE][PASSED] - Current window maximized

2024-10-17 14:19:48 - [TEST_STEP][PASSED] - navigateToUrl(RADurl): Navigate to 'https://demo.velocitypayment.com/client/rad/index.html' successfully

2024-10-17 14:19:50 - [MESSAGE][PASSED] - Navigate to 'https://demo.velocitypayment.com/client/rad/index.html' successfully

2024-10-17 14:19:50 - [TEST_STEP][PASSED] - orPath_Landing = "Object Repository/RAD_Pages/Landing_Page": null

2024-10-17 14:19:50 - [TEST_STEP][PASSED] - orPath_TaxTypeFilingYear = "Object Repository/RAD_Pages/TaxTypeFilingYear_Page": null

2024-10-17 14:19:50 - [TEST_STEP][PASSED] - orPath_TaxPayer = "Object Repository/RAD_Pages/Taxpayer_Page": null

2024-10-17 14:19:50 - [TEST_STEP][PASSED] - orPath_AddressContact = "Object Repository/RAD_Pages/AddressAndContactInfo_Page": null

2024-10-17 14:19:50 - [TEST_STEP][PASSED] - orPath_FilingStatus = "Object Repository/RAD_Pages/FilingStatus_Page": null

2024-10-17 14:19:50 - [TEST_STEP][PASSED] - orPath_Amount = "Object Repository/RAD_Pages/PaymentAmount_Page": null

2024-10-17 14:19:50 - [TEST_STEP][PASSED] - orPath_TaxInfo = "Object Repository/RAD_Pages/TaxInfo_Page": null

2024-10-17 14:19:50 - [TEST_STEP][PASSED] - orPath_Withholding = "Object Repository/RAD_Pages/Withholding_Page": null

2024-10-17 14:19:50 - [TEST_STEP][PASSED] - orPath_Summary = "Object Repository/RAD_Pages/Summary_Page": null

2024-10-17 14:19:50 - [TEST_STEP][PASSED] - orPath_PaymentReady = "Object Repository/RAD_Pages/PaymentReady_Page": null

2024-10-17 14:19:50 - [TEST_STEP][PASSED] - orPath_PaymentEntry = "Object Repository/RAD_Pages/PaymentEntry_Page": null

2024-10-17 14:19:50 - [TEST_STEP][PASSED] - orPath_PaymentConfirmation = "Object Repository/RAD_Pages/PaymentConfirmation_Page": null

2024-10-17 14:19:50 - [TEST_STEP][PASSED] - orPath_ServiceFeesAccept = "Object Repository/RAD_Pages/ServiceFeeAccept_Page": null

2024-10-17 14:19:50 - [TEST_STEP][PASSED] - selectOptionByLabel(findTestObject(orPath_Landing + "/dd_TaxType"), Paymenttype, false): All options with label 'New Tax Return Amount Due' are selected in object 'Object Repository/RAD_Pages/Landing_Page/dd_TaxType' 

2024-10-17 14:19:51 - [MESSAGE][PASSED] - All options with label 'New Tax Return Amount Due' are selected in object 'Object Repository/RAD_Pages/Landing_Page/dd_TaxType' 

2024-10-17 14:19:51 - [TEST_STEP][PASSED] - delay(1): Delayed 1 second(s)

2024-10-17 14:19:52 - [MESSAGE][PASSED] - Delayed 1 second(s)

2024-10-17 14:19:52 - [TEST_STEP][PASSED] - switch (Paymenttype): null

2024-10-17 14:19:52 - [TEST_STEP][PASSED] - case "New Tax Return Amount Due":: null

2024-10-17 14:19:52 - [TEST_STEP][PASSED] - selectOptionByLabel(findTestObject("Object Repository/RAD_Pages/Landing_Page/select_NewTaxReturnAmountDue_TaxType"), Taxtype, false): All options with label 'PTE Non-Electing Non-S Corp' are selected in object 'Object Repository/RAD_Pages/Landing_Page/select_NewTaxReturnAmountDue_TaxType' 

2024-10-17 14:19:52 - [MESSAGE][PASSED] - All options with label 'PTE Non-Electing Non-S Corp' are selected in object 'Object Repository/RAD_Pages/Landing_Page/select_NewTaxReturnAmountDue_TaxType' 

2024-10-17 14:19:52 - [TEST_STEP][PASSED] - break: null

2024-10-17 14:19:52 - [TEST_STEP][PASSED] - delay(1): Delayed 1 second(s)

2024-10-17 14:19:53 - [MESSAGE][PASSED] - Delayed 1 second(s)

2024-10-17 14:19:53 - [TEST_STEP][PASSED] - scrollToElement(findTestObject(orPath_Amount + "/input__paymentAmount"), 2, CONTINUE_ON_FAILURE): Scroll to object 'Object Repository/RAD_Pages/PaymentAmount_Page/input__paymentAmount' successfully

2024-10-17 14:19:53 - [MESSAGE][PASSED] - Scroll to object 'Object Repository/RAD_Pages/PaymentAmount_Page/input__paymentAmount' successfully

2024-10-17 14:19:53 - [TEST_STEP][PASSED] - switch (Paymenttype): null

2024-10-17 14:19:53 - [TEST_STEP][PASSED] - case "New Tax Return Amount Due":: null

2024-10-17 14:19:53 - [TEST_STEP][PASSED] - setEncryptedText(findTestObject(orPath_TaxInfo + "/input_TaxInfo_FeinSsn_New_2"), "RigbBhfdqODKcAsiUrg+1Q=="): Text ****** has been set on object 'Object Repository/RAD_Pages/TaxInfo_Page/input_TaxInfo_FeinSsn_New_2'

2024-10-17 14:19:54 - [MESSAGE][PASSED] - Text ****** has been set on object 'Object Repository/RAD_Pages/TaxInfo_Page/input_TaxInfo_FeinSsn_New_2'

2024-10-17 14:19:54 - [TEST_STEP][PASSED] - setEncryptedText(findTestObject(orPath_TaxInfo + "/input_TaxInfo_RetypeFeinSsn_New_2"), "RigbBhfdqOD+04WBHw5iKw=="): Text ****** has been set on object 'Object Repository/RAD_Pages/TaxInfo_Page/input_TaxInfo_RetypeFeinSsn_New_2'

2024-10-17 14:19:55 - [MESSAGE][PASSED] - Text ****** has been set on object 'Object Repository/RAD_Pages/TaxInfo_Page/input_TaxInfo_RetypeFeinSsn_New_2'

2024-10-17 14:19:55 - [TEST_STEP][PASSED] - break: null

2024-10-17 14:19:55 - [TEST_STEP][PASSED] - setText(findTestObject(orPath_Amount + "/input__paymentAmount"), ""): Text '' is set on object 'Object Repository/RAD_Pages/PaymentAmount_Page/input__paymentAmount'

2024-10-17 14:19:56 - [MESSAGE][PASSED] - Text '' is set on object 'Object Repository/RAD_Pages/PaymentAmount_Page/input__paymentAmount'

2024-10-17 14:19:56 - [TEST_STEP][PASSED] - if (verifyTextPresent("The FEIN/SSN and Re-type FEIN/SSN do not match", true)): null

2024-10-17 14:19:56 - [MESSAGE][PASSED] - Text 'The FEIN/SSN and Re-type FEIN/SSN do not match' is present on page  using regular expression

2024-10-17 14:19:56 - [TEST_STEP][PASSED] - println("Error Message is present on the page"): null

2024-10-17 14:19:56 - [TEST_STEP][PASSED] - out.println("Pass Record Number: " + row): null

2024-10-17 14:19:56 - [TEST_STEP][PASSED] - resText = "Pass": null

2024-10-17 14:19:56 - [TEST_STEP][PASSED] - pages.WriteExcel.demoKey(resText, datText, resColumn, datCloumn, fileLoc, nameSheet, row): pages.WriteExcel.demoKey is PASSED

2024-10-17 14:19:56 - [MESSAGE][PASSED] - pages.WriteExcel.demoKey is PASSED

2024-10-17 14:19:56 - [TEST_STEP][PASSED] - ExecuteTC = findTestData(dataFile).getValue("Execute", row): null

2024-10-17 14:19:56 - [TEST_STEP][PASSED] - Taxtype = findTestData(dataFile).getValue("TaxType", row): null

2024-10-17 14:19:56 - [TEST_STEP][PASSED] - Paymenttype = findTestData(dataFile).getValue("PaymentType", row): null

2024-10-17 14:19:56 - [TEST_STEP][PASSED] - out.println("Value of Execute is : " + ExecuteTC): null

2024-10-17 14:19:56 - [TEST_STEP][PASSED] - if (ExecuteTC.equalsIgnoreCase("Y")): null

2024-10-17 14:19:56 - [TEST_STEP][PASSED] - out.println("Begin Record Number: " + row): null

2024-10-17 14:19:56 - [TEST_STEP][PASSED] - today = new java.util.Date(): null

2024-10-17 14:19:56 - [TEST_STEP][PASSED] - println(today): null

2024-10-17 14:19:56 - [TEST_STEP][PASSED] - datText = today: null

2024-10-17 14:19:56 - [TEST_STEP][PASSED] - Taxtype = findTestData(dataFile).getValue("TaxType", row): null

2024-10-17 14:19:57 - [TEST_STEP][PASSED] - out.println("Taxtype value is : " + Taxtype): null

2024-10-17 14:19:57 - [TEST_STEP][PASSED] - openBrowser(""): Browser is opened with url: ''

2024-10-17 14:19:57 - [MESSAGE][WARNING] - A browser is already opened. Closing browser and opening a new one

2024-10-17 14:19:58 - [MESSAGE][INFO] - Starting 'Chrome' driver

2024-10-17 14:19:58 - [MESSAGE][INFO] - User set preference: ['acceptInsecureCerts', 'true']

2024-10-17 14:19:58 - [MESSAGE][INFO] - Action delay is set to 0 milliseconds

2024-10-17 14:20:00 - [MESSAGE][PASSED] - Browser is opened with url: ''

2024-10-17 14:20:00 - [TEST_STEP][PASSED] - maximizeWindow(): Current window maximized

2024-10-17 14:20:00 - [MESSAGE][PASSED] - Current window maximized

2024-10-17 14:20:00 - [TEST_STEP][PASSED] - navigateToUrl(RADurl): Navigate to 'https://demo.velocitypayment.com/client/rad/index.html' successfully

2024-10-17 14:20:02 - [MESSAGE][PASSED] - Navigate to 'https://demo.velocitypayment.com/client/rad/index.html' successfully

2024-10-17 14:20:02 - [TEST_STEP][PASSED] - orPath_Landing = "Object Repository/RAD_Pages/Landing_Page": null

2024-10-17 14:20:02 - [TEST_STEP][PASSED] - orPath_TaxTypeFilingYear = "Object Repository/RAD_Pages/TaxTypeFilingYear_Page": null

2024-10-17 14:20:02 - [TEST_STEP][PASSED] - orPath_TaxPayer = "Object Repository/RAD_Pages/Taxpayer_Page": null

2024-10-17 14:20:02 - [TEST_STEP][PASSED] - orPath_AddressContact = "Object Repository/RAD_Pages/AddressAndContactInfo_Page": null

2024-10-17 14:20:02 - [TEST_STEP][PASSED] - orPath_FilingStatus = "Object Repository/RAD_Pages/FilingStatus_Page": null

2024-10-17 14:20:02 - [TEST_STEP][PASSED] - orPath_Amount = "Object Repository/RAD_Pages/PaymentAmount_Page": null

2024-10-17 14:20:02 - [TEST_STEP][PASSED] - orPath_TaxInfo = "Object Repository/RAD_Pages/TaxInfo_Page": null

2024-10-17 14:20:02 - [TEST_STEP][PASSED] - orPath_Withholding = "Object Repository/RAD_Pages/Withholding_Page": null

2024-10-17 14:20:02 - [TEST_STEP][PASSED] - orPath_Summary = "Object Repository/RAD_Pages/Summary_Page": null

2024-10-17 14:20:02 - [TEST_STEP][PASSED] - orPath_PaymentReady = "Object Repository/RAD_Pages/PaymentReady_Page": null

2024-10-17 14:20:02 - [TEST_STEP][PASSED] - orPath_PaymentEntry = "Object Repository/RAD_Pages/PaymentEntry_Page": null

2024-10-17 14:20:02 - [TEST_STEP][PASSED] - orPath_PaymentConfirmation = "Object Repository/RAD_Pages/PaymentConfirmation_Page": null

2024-10-17 14:20:02 - [TEST_STEP][PASSED] - orPath_ServiceFeesAccept = "Object Repository/RAD_Pages/ServiceFeeAccept_Page": null

2024-10-17 14:20:02 - [TEST_STEP][PASSED] - selectOptionByLabel(findTestObject(orPath_Landing + "/dd_TaxType"), Paymenttype, false): All options with label 'New Tax Return Amount Due' are selected in object 'Object Repository/RAD_Pages/Landing_Page/dd_TaxType' 

2024-10-17 14:20:03 - [MESSAGE][PASSED] - All options with label 'New Tax Return Amount Due' are selected in object 'Object Repository/RAD_Pages/Landing_Page/dd_TaxType' 

2024-10-17 14:20:03 - [TEST_STEP][PASSED] - delay(1): Delayed 1 second(s)

2024-10-17 14:20:04 - [MESSAGE][PASSED] - Delayed 1 second(s)

2024-10-17 14:20:04 - [TEST_STEP][PASSED] - switch (Paymenttype): null

2024-10-17 14:20:04 - [TEST_STEP][PASSED] - case "New Tax Return Amount Due":: null

2024-10-17 14:20:04 - [TEST_STEP][PASSED] - selectOptionByLabel(findTestObject("Object Repository/RAD_Pages/Landing_Page/select_NewTaxReturnAmountDue_TaxType"), Taxtype, false): All options with label 'PTE Non-Electing S Corp' are selected in object 'Object Repository/RAD_Pages/Landing_Page/select_NewTaxReturnAmountDue_TaxType' 

2024-10-17 14:20:04 - [MESSAGE][PASSED] - All options with label 'PTE Non-Electing S Corp' are selected in object 'Object Repository/RAD_Pages/Landing_Page/select_NewTaxReturnAmountDue_TaxType' 

2024-10-17 14:20:04 - [TEST_STEP][PASSED] - break: null

2024-10-17 14:20:04 - [TEST_STEP][PASSED] - delay(1): Delayed 1 second(s)

2024-10-17 14:20:05 - [MESSAGE][PASSED] - Delayed 1 second(s)

2024-10-17 14:20:05 - [TEST_STEP][PASSED] - scrollToElement(findTestObject(orPath_Amount + "/input__paymentAmount"), 2, CONTINUE_ON_FAILURE): Scroll to object 'Object Repository/RAD_Pages/PaymentAmount_Page/input__paymentAmount' successfully

2024-10-17 14:20:06 - [MESSAGE][PASSED] - Scroll to object 'Object Repository/RAD_Pages/PaymentAmount_Page/input__paymentAmount' successfully

2024-10-17 14:20:06 - [TEST_STEP][PASSED] - switch (Paymenttype): null

2024-10-17 14:20:06 - [TEST_STEP][PASSED] - case "New Tax Return Amount Due":: null

2024-10-17 14:20:06 - [TEST_STEP][PASSED] - setEncryptedText(findTestObject(orPath_TaxInfo + "/input_TaxInfo_FeinSsn_New_2"), "RigbBhfdqODKcAsiUrg+1Q=="): Text ****** has been set on object 'Object Repository/RAD_Pages/TaxInfo_Page/input_TaxInfo_FeinSsn_New_2'

2024-10-17 14:20:06 - [MESSAGE][PASSED] - Text ****** has been set on object 'Object Repository/RAD_Pages/TaxInfo_Page/input_TaxInfo_FeinSsn_New_2'

2024-10-17 14:20:06 - [TEST_STEP][PASSED] - setEncryptedText(findTestObject(orPath_TaxInfo + "/input_TaxInfo_RetypeFeinSsn_New_2"), "RigbBhfdqOD+04WBHw5iKw=="): Text ****** has been set on object 'Object Repository/RAD_Pages/TaxInfo_Page/input_TaxInfo_RetypeFeinSsn_New_2'

2024-10-17 14:20:07 - [MESSAGE][PASSED] - Text ****** has been set on object 'Object Repository/RAD_Pages/TaxInfo_Page/input_TaxInfo_RetypeFeinSsn_New_2'

2024-10-17 14:20:07 - [TEST_STEP][PASSED] - break: null

2024-10-17 14:20:07 - [TEST_STEP][PASSED] - setText(findTestObject(orPath_Amount + "/input__paymentAmount"), ""): Text '' is set on object 'Object Repository/RAD_Pages/PaymentAmount_Page/input__paymentAmount'

2024-10-17 14:20:07 - [MESSAGE][PASSED] - Text '' is set on object 'Object Repository/RAD_Pages/PaymentAmount_Page/input__paymentAmount'

2024-10-17 14:20:07 - [TEST_STEP][PASSED] - if (verifyTextPresent("The FEIN/SSN and Re-type FEIN/SSN do not match", true)): null

2024-10-17 14:20:08 - [MESSAGE][PASSED] - Text 'The FEIN/SSN and Re-type FEIN/SSN do not match' is present on page  using regular expression

2024-10-17 14:20:08 - [TEST_STEP][PASSED] - println("Error Message is present on the page"): null

2024-10-17 14:20:08 - [TEST_STEP][PASSED] - out.println("Pass Record Number: " + row): null

2024-10-17 14:20:08 - [TEST_STEP][PASSED] - resText = "Pass": null

2024-10-17 14:20:08 - [TEST_STEP][PASSED] - pages.WriteExcel.demoKey(resText, datText, resColumn, datCloumn, fileLoc, nameSheet, row): pages.WriteExcel.demoKey is PASSED

2024-10-17 14:20:08 - [MESSAGE][PASSED] - pages.WriteExcel.demoKey is PASSED

2024-10-17 14:20:08 - [TEST_STEP][PASSED] - ExecuteTC = findTestData(dataFile).getValue("Execute", row): null

2024-10-17 14:20:08 - [TEST_STEP][PASSED] - Taxtype = findTestData(dataFile).getValue("TaxType", row): null

2024-10-17 14:20:08 - [TEST_STEP][PASSED] - Paymenttype = findTestData(dataFile).getValue("PaymentType", row): null

2024-10-17 14:20:08 - [TEST_STEP][PASSED] - out.println("Value of Execute is : " + ExecuteTC): null

2024-10-17 14:20:08 - [TEST_STEP][PASSED] - if (ExecuteTC.equalsIgnoreCase("Y")): null

2024-10-17 14:20:08 - [TEST_STEP][PASSED] - out.println("Begin Record Number: " + row): null

2024-10-17 14:20:08 - [TEST_STEP][PASSED] - today = new java.util.Date(): null

2024-10-17 14:20:08 - [TEST_STEP][PASSED] - println(today): null

2024-10-17 14:20:08 - [TEST_STEP][PASSED] - datText = today: null

2024-10-17 14:20:08 - [TEST_STEP][PASSED] - Taxtype = findTestData(dataFile).getValue("TaxType", row): null

2024-10-17 14:20:08 - [TEST_STEP][PASSED] - out.println("Taxtype value is : " + Taxtype): null

2024-10-17 14:20:08 - [TEST_STEP][PASSED] - openBrowser(""): Browser is opened with url: ''

2024-10-17 14:20:08 - [MESSAGE][WARNING] - A browser is already opened. Closing browser and opening a new one

2024-10-17 14:20:10 - [MESSAGE][INFO] - Starting 'Chrome' driver

2024-10-17 14:20:10 - [MESSAGE][INFO] - User set preference: ['acceptInsecureCerts', 'true']

2024-10-17 14:20:10 - [MESSAGE][INFO] - Action delay is set to 0 milliseconds

2024-10-17 14:20:12 - [MESSAGE][PASSED] - Browser is opened with url: ''

2024-10-17 14:20:12 - [TEST_STEP][PASSED] - maximizeWindow(): Current window maximized

2024-10-17 14:20:12 - [MESSAGE][PASSED] - Current window maximized

2024-10-17 14:20:12 - [TEST_STEP][PASSED] - navigateToUrl(RADurl): Navigate to 'https://demo.velocitypayment.com/client/rad/index.html' successfully

2024-10-17 14:20:13 - [MESSAGE][PASSED] - Navigate to 'https://demo.velocitypayment.com/client/rad/index.html' successfully

2024-10-17 14:20:13 - [TEST_STEP][PASSED] - orPath_Landing = "Object Repository/RAD_Pages/Landing_Page": null

2024-10-17 14:20:13 - [TEST_STEP][PASSED] - orPath_TaxTypeFilingYear = "Object Repository/RAD_Pages/TaxTypeFilingYear_Page": null

2024-10-17 14:20:13 - [TEST_STEP][PASSED] - orPath_TaxPayer = "Object Repository/RAD_Pages/Taxpayer_Page": null

2024-10-17 14:20:13 - [TEST_STEP][PASSED] - orPath_AddressContact = "Object Repository/RAD_Pages/AddressAndContactInfo_Page": null

2024-10-17 14:20:13 - [TEST_STEP][PASSED] - orPath_FilingStatus = "Object Repository/RAD_Pages/FilingStatus_Page": null

2024-10-17 14:20:13 - [TEST_STEP][PASSED] - orPath_Amount = "Object Repository/RAD_Pages/PaymentAmount_Page": null

2024-10-17 14:20:13 - [TEST_STEP][PASSED] - orPath_TaxInfo = "Object Repository/RAD_Pages/TaxInfo_Page": null

2024-10-17 14:20:13 - [TEST_STEP][PASSED] - orPath_Withholding = "Object Repository/RAD_Pages/Withholding_Page": null

2024-10-17 14:20:13 - [TEST_STEP][PASSED] - orPath_Summary = "Object Repository/RAD_Pages/Summary_Page": null

2024-10-17 14:20:13 - [TEST_STEP][PASSED] - orPath_PaymentReady = "Object Repository/RAD_Pages/PaymentReady_Page": null

2024-10-17 14:20:13 - [TEST_STEP][PASSED] - orPath_PaymentEntry = "Object Repository/RAD_Pages/PaymentEntry_Page": null

2024-10-17 14:20:13 - [TEST_STEP][PASSED] - orPath_PaymentConfirmation = "Object Repository/RAD_Pages/PaymentConfirmation_Page": null

2024-10-17 14:20:13 - [TEST_STEP][PASSED] - orPath_ServiceFeesAccept = "Object Repository/RAD_Pages/ServiceFeeAccept_Page": null

2024-10-17 14:20:13 - [TEST_STEP][PASSED] - selectOptionByLabel(findTestObject(orPath_Landing + "/dd_TaxType"), Paymenttype, false): All options with label 'New Tax Return Amount Due' are selected in object 'Object Repository/RAD_Pages/Landing_Page/dd_TaxType' 

2024-10-17 14:20:15 - [MESSAGE][PASSED] - All options with label 'New Tax Return Amount Due' are selected in object 'Object Repository/RAD_Pages/Landing_Page/dd_TaxType' 

2024-10-17 14:20:15 - [TEST_STEP][PASSED] - delay(1): Delayed 1 second(s)

2024-10-17 14:20:16 - [MESSAGE][PASSED] - Delayed 1 second(s)

2024-10-17 14:20:16 - [TEST_STEP][PASSED] - switch (Paymenttype): null

2024-10-17 14:20:16 - [TEST_STEP][PASSED] - case "New Tax Return Amount Due":: null

2024-10-17 14:20:16 - [TEST_STEP][PASSED] - selectOptionByLabel(findTestObject("Object Repository/RAD_Pages/Landing_Page/select_NewTaxReturnAmountDue_TaxType"), Taxtype, false): All options with label 'PTE Tax Electing Non-S Corp' are selected in object 'Object Repository/RAD_Pages/Landing_Page/select_NewTaxReturnAmountDue_TaxType' 

2024-10-17 14:20:16 - [MESSAGE][PASSED] - All options with label 'PTE Tax Electing Non-S Corp' are selected in object 'Object Repository/RAD_Pages/Landing_Page/select_NewTaxReturnAmountDue_TaxType' 

2024-10-17 14:20:16 - [TEST_STEP][PASSED] - break: null

2024-10-17 14:20:16 - [TEST_STEP][PASSED] - delay(1): Delayed 1 second(s)

2024-10-17 14:20:17 - [MESSAGE][PASSED] - Delayed 1 second(s)

2024-10-17 14:20:17 - [TEST_STEP][PASSED] - scrollToElement(findTestObject(orPath_Amount + "/input__paymentAmount"), 2, CONTINUE_ON_FAILURE): Scroll to object 'Object Repository/RAD_Pages/PaymentAmount_Page/input__paymentAmount' successfully

2024-10-17 14:20:18 - [MESSAGE][PASSED] - Scroll to object 'Object Repository/RAD_Pages/PaymentAmount_Page/input__paymentAmount' successfully

2024-10-17 14:20:18 - [TEST_STEP][PASSED] - switch (Paymenttype): null

2024-10-17 14:20:18 - [TEST_STEP][PASSED] - case "New Tax Return Amount Due":: null

2024-10-17 14:20:18 - [TEST_STEP][PASSED] - setEncryptedText(findTestObject(orPath_TaxInfo + "/input_TaxInfo_FeinSsn_New_2"), "RigbBhfdqODKcAsiUrg+1Q=="): Text ****** has been set on object 'Object Repository/RAD_Pages/TaxInfo_Page/input_TaxInfo_FeinSsn_New_2'

2024-10-17 14:20:18 - [MESSAGE][PASSED] - Text ****** has been set on object 'Object Repository/RAD_Pages/TaxInfo_Page/input_TaxInfo_FeinSsn_New_2'

2024-10-17 14:20:18 - [TEST_STEP][PASSED] - setEncryptedText(findTestObject(orPath_TaxInfo + "/input_TaxInfo_RetypeFeinSsn_New_2"), "RigbBhfdqOD+04WBHw5iKw=="): Text ****** has been set on object 'Object Repository/RAD_Pages/TaxInfo_Page/input_TaxInfo_RetypeFeinSsn_New_2'

2024-10-17 14:20:19 - [MESSAGE][PASSED] - Text ****** has been set on object 'Object Repository/RAD_Pages/TaxInfo_Page/input_TaxInfo_RetypeFeinSsn_New_2'

2024-10-17 14:20:19 - [TEST_STEP][PASSED] - break: null

2024-10-17 14:20:19 - [TEST_STEP][PASSED] - setText(findTestObject(orPath_Amount + "/input__paymentAmount"), ""): Text '' is set on object 'Object Repository/RAD_Pages/PaymentAmount_Page/input__paymentAmount'

2024-10-17 14:20:20 - [MESSAGE][PASSED] - Text '' is set on object 'Object Repository/RAD_Pages/PaymentAmount_Page/input__paymentAmount'

2024-10-17 14:20:20 - [TEST_STEP][PASSED] - if (verifyTextPresent("The FEIN/SSN and Re-type FEIN/SSN do not match", true)): null

2024-10-17 14:20:20 - [MESSAGE][PASSED] - Text 'The FEIN/SSN and Re-type FEIN/SSN do not match' is present on page  using regular expression

2024-10-17 14:20:20 - [TEST_STEP][PASSED] - println("Error Message is present on the page"): null

2024-10-17 14:20:20 - [TEST_STEP][PASSED] - out.println("Pass Record Number: " + row): null

2024-10-17 14:20:20 - [TEST_STEP][PASSED] - resText = "Pass": null

2024-10-17 14:20:20 - [TEST_STEP][PASSED] - pages.WriteExcel.demoKey(resText, datText, resColumn, datCloumn, fileLoc, nameSheet, row): pages.WriteExcel.demoKey is PASSED

2024-10-17 14:20:20 - [MESSAGE][PASSED] - pages.WriteExcel.demoKey is PASSED

2024-10-17 14:20:20 - [TEST_STEP][PASSED] - ExecuteTC = findTestData(dataFile).getValue("Execute", row): null

2024-10-17 14:20:21 - [TEST_STEP][PASSED] - Taxtype = findTestData(dataFile).getValue("TaxType", row): null

2024-10-17 14:20:21 - [TEST_STEP][PASSED] - Paymenttype = findTestData(dataFile).getValue("PaymentType", row): null

2024-10-17 14:20:21 - [TEST_STEP][PASSED] - out.println("Value of Execute is : " + ExecuteTC): null

2024-10-17 14:20:21 - [TEST_STEP][PASSED] - if (ExecuteTC.equalsIgnoreCase("Y")): null

2024-10-17 14:20:21 - [TEST_STEP][PASSED] - out.println("Begin Record Number: " + row): null

2024-10-17 14:20:21 - [TEST_STEP][PASSED] - today = new java.util.Date(): null

2024-10-17 14:20:21 - [TEST_STEP][PASSED] - println(today): null

2024-10-17 14:20:21 - [TEST_STEP][PASSED] - datText = today: null

2024-10-17 14:20:21 - [TEST_STEP][PASSED] - Taxtype = findTestData(dataFile).getValue("TaxType", row): null

2024-10-17 14:20:21 - [TEST_STEP][PASSED] - out.println("Taxtype value is : " + Taxtype): null

2024-10-17 14:20:21 - [TEST_STEP][PASSED] - openBrowser(""): Browser is opened with url: ''

2024-10-17 14:20:21 - [MESSAGE][WARNING] - A browser is already opened. Closing browser and opening a new one

2024-10-17 14:20:22 - [MESSAGE][INFO] - Starting 'Chrome' driver

2024-10-17 14:20:22 - [MESSAGE][INFO] - User set preference: ['acceptInsecureCerts', 'true']

2024-10-17 14:20:22 - [MESSAGE][INFO] - Action delay is set to 0 milliseconds

2024-10-17 14:20:24 - [MESSAGE][PASSED] - Browser is opened with url: ''

2024-10-17 14:20:24 - [TEST_STEP][PASSED] - maximizeWindow(): Current window maximized

2024-10-17 14:20:24 - [MESSAGE][PASSED] - Current window maximized

2024-10-17 14:20:24 - [TEST_STEP][PASSED] - navigateToUrl(RADurl): Navigate to 'https://demo.velocitypayment.com/client/rad/index.html' successfully

2024-10-17 14:20:26 - [MESSAGE][PASSED] - Navigate to 'https://demo.velocitypayment.com/client/rad/index.html' successfully

2024-10-17 14:20:26 - [TEST_STEP][PASSED] - orPath_Landing = "Object Repository/RAD_Pages/Landing_Page": null

2024-10-17 14:20:26 - [TEST_STEP][PASSED] - orPath_TaxTypeFilingYear = "Object Repository/RAD_Pages/TaxTypeFilingYear_Page": null

2024-10-17 14:20:26 - [TEST_STEP][PASSED] - orPath_TaxPayer = "Object Repository/RAD_Pages/Taxpayer_Page": null

2024-10-17 14:20:26 - [TEST_STEP][PASSED] - orPath_AddressContact = "Object Repository/RAD_Pages/AddressAndContactInfo_Page": null

2024-10-17 14:20:26 - [TEST_STEP][PASSED] - orPath_FilingStatus = "Object Repository/RAD_Pages/FilingStatus_Page": null

2024-10-17 14:20:26 - [TEST_STEP][PASSED] - orPath_Amount = "Object Repository/RAD_Pages/PaymentAmount_Page": null

2024-10-17 14:20:26 - [TEST_STEP][PASSED] - orPath_TaxInfo = "Object Repository/RAD_Pages/TaxInfo_Page": null

2024-10-17 14:20:26 - [TEST_STEP][PASSED] - orPath_Withholding = "Object Repository/RAD_Pages/Withholding_Page": null

2024-10-17 14:20:26 - [TEST_STEP][PASSED] - orPath_Summary = "Object Repository/RAD_Pages/Summary_Page": null

2024-10-17 14:20:26 - [TEST_STEP][PASSED] - orPath_PaymentReady = "Object Repository/RAD_Pages/PaymentReady_Page": null

2024-10-17 14:20:26 - [TEST_STEP][PASSED] - orPath_PaymentEntry = "Object Repository/RAD_Pages/PaymentEntry_Page": null

2024-10-17 14:20:26 - [TEST_STEP][PASSED] - orPath_PaymentConfirmation = "Object Repository/RAD_Pages/PaymentConfirmation_Page": null

2024-10-17 14:20:26 - [TEST_STEP][PASSED] - orPath_ServiceFeesAccept = "Object Repository/RAD_Pages/ServiceFeeAccept_Page": null

2024-10-17 14:20:26 - [TEST_STEP][PASSED] - selectOptionByLabel(findTestObject(orPath_Landing + "/dd_TaxType"), Paymenttype, false): All options with label 'New Tax Return Amount Due' are selected in object 'Object Repository/RAD_Pages/Landing_Page/dd_TaxType' 

2024-10-17 14:20:27 - [MESSAGE][PASSED] - All options with label 'New Tax Return Amount Due' are selected in object 'Object Repository/RAD_Pages/Landing_Page/dd_TaxType' 

2024-10-17 14:20:27 - [TEST_STEP][PASSED] - delay(1): Delayed 1 second(s)

2024-10-17 14:20:28 - [MESSAGE][PASSED] - Delayed 1 second(s)

2024-10-17 14:20:28 - [TEST_STEP][PASSED] - switch (Paymenttype): null

2024-10-17 14:20:28 - [TEST_STEP][PASSED] - case "New Tax Return Amount Due":: null

2024-10-17 14:20:28 - [TEST_STEP][PASSED] - selectOptionByLabel(findTestObject("Object Repository/RAD_Pages/Landing_Page/select_NewTaxReturnAmountDue_TaxType"), Taxtype, false): All options with label 'PTE Tax Electing S Corp' are selected in object 'Object Repository/RAD_Pages/Landing_Page/select_NewTaxReturnAmountDue_TaxType' 

2024-10-17 14:20:28 - [MESSAGE][PASSED] - All options with label 'PTE Tax Electing S Corp' are selected in object 'Object Repository/RAD_Pages/Landing_Page/select_NewTaxReturnAmountDue_TaxType' 

2024-10-17 14:20:28 - [TEST_STEP][PASSED] - break: null

2024-10-17 14:20:28 - [TEST_STEP][PASSED] - delay(1): Delayed 1 second(s)

2024-10-17 14:20:29 - [MESSAGE][PASSED] - Delayed 1 second(s)

2024-10-17 14:20:29 - [TEST_STEP][PASSED] - scrollToElement(findTestObject(orPath_Amount + "/input__paymentAmount"), 2, CONTINUE_ON_FAILURE): Scroll to object 'Object Repository/RAD_Pages/PaymentAmount_Page/input__paymentAmount' successfully

2024-10-17 14:20:30 - [MESSAGE][PASSED] - Scroll to object 'Object Repository/RAD_Pages/PaymentAmount_Page/input__paymentAmount' successfully

2024-10-17 14:20:30 - [TEST_STEP][PASSED] - switch (Paymenttype): null

2024-10-17 14:20:30 - [TEST_STEP][PASSED] - case "New Tax Return Amount Due":: null

2024-10-17 14:20:30 - [TEST_STEP][PASSED] - setEncryptedText(findTestObject(orPath_TaxInfo + "/input_TaxInfo_FeinSsn_New_2"), "RigbBhfdqODKcAsiUrg+1Q=="): Text ****** has been set on object 'Object Repository/RAD_Pages/TaxInfo_Page/input_TaxInfo_FeinSsn_New_2'

2024-10-17 14:20:30 - [MESSAGE][PASSED] - Text ****** has been set on object 'Object Repository/RAD_Pages/TaxInfo_Page/input_TaxInfo_FeinSsn_New_2'

2024-10-17 14:20:30 - [TEST_STEP][PASSED] - setEncryptedText(findTestObject(orPath_TaxInfo + "/input_TaxInfo_RetypeFeinSsn_New_2"), "RigbBhfdqOD+04WBHw5iKw=="): Text ****** has been set on object 'Object Repository/RAD_Pages/TaxInfo_Page/input_TaxInfo_RetypeFeinSsn_New_2'

2024-10-17 14:20:31 - [MESSAGE][PASSED] - Text ****** has been set on object 'Object Repository/RAD_Pages/TaxInfo_Page/input_TaxInfo_RetypeFeinSsn_New_2'

2024-10-17 14:20:31 - [TEST_STEP][PASSED] - break: null

2024-10-17 14:20:31 - [TEST_STEP][PASSED] - setText(findTestObject(orPath_Amount + "/input__paymentAmount"), ""): Text '' is set on object 'Object Repository/RAD_Pages/PaymentAmount_Page/input__paymentAmount'

2024-10-17 14:20:32 - [MESSAGE][PASSED] - Text '' is set on object 'Object Repository/RAD_Pages/PaymentAmount_Page/input__paymentAmount'

2024-10-17 14:20:32 - [TEST_STEP][PASSED] - if (verifyTextPresent("The FEIN/SSN and Re-type FEIN/SSN do not match", true)): null

2024-10-17 14:20:32 - [MESSAGE][PASSED] - Text 'The FEIN/SSN and Re-type FEIN/SSN do not match' is present on page  using regular expression

2024-10-17 14:20:32 - [TEST_STEP][PASSED] - println("Error Message is present on the page"): null

2024-10-17 14:20:32 - [TEST_STEP][PASSED] - out.println("Pass Record Number: " + row): null

2024-10-17 14:20:32 - [TEST_STEP][PASSED] - resText = "Pass": null

2024-10-17 14:20:32 - [TEST_STEP][PASSED] - pages.WriteExcel.demoKey(resText, datText, resColumn, datCloumn, fileLoc, nameSheet, row): pages.WriteExcel.demoKey is PASSED

2024-10-17 14:20:32 - [MESSAGE][PASSED] - pages.WriteExcel.demoKey is PASSED

2024-10-17 14:20:32 - [TEST_STEP][PASSED] - ExecuteTC = findTestData(dataFile).getValue("Execute", row): null

2024-10-17 14:20:32 - [TEST_STEP][PASSED] - Taxtype = findTestData(dataFile).getValue("TaxType", row): null

2024-10-17 14:20:32 - [TEST_STEP][PASSED] - Paymenttype = findTestData(dataFile).getValue("PaymentType", row): null

2024-10-17 14:20:32 - [TEST_STEP][PASSED] - out.println("Value of Execute is : " + ExecuteTC): null

2024-10-17 14:20:32 - [TEST_STEP][PASSED] - if (ExecuteTC.equalsIgnoreCase("Y")): null

2024-10-17 14:20:32 - [TEST_STEP][PASSED] - out.println("Begin Record Number: " + row): null

2024-10-17 14:20:32 - [TEST_STEP][PASSED] - today = new java.util.Date(): null

2024-10-17 14:20:32 - [TEST_STEP][PASSED] - println(today): null

2024-10-17 14:20:32 - [TEST_STEP][PASSED] - datText = today: null

2024-10-17 14:20:32 - [TEST_STEP][PASSED] - Taxtype = findTestData(dataFile).getValue("TaxType", row): null

2024-10-17 14:20:32 - [TEST_STEP][PASSED] - out.println("Taxtype value is : " + Taxtype): null

2024-10-17 14:20:32 - [TEST_STEP][PASSED] - openBrowser(""): Browser is opened with url: ''

2024-10-17 14:20:32 - [MESSAGE][WARNING] - A browser is already opened. Closing browser and opening a new one

2024-10-17 14:20:34 - [MESSAGE][INFO] - Starting 'Chrome' driver

2024-10-17 14:20:34 - [MESSAGE][INFO] - User set preference: ['acceptInsecureCerts', 'true']

2024-10-17 14:20:34 - [MESSAGE][INFO] - Action delay is set to 0 milliseconds

2024-10-17 14:20:36 - [MESSAGE][PASSED] - Browser is opened with url: ''

2024-10-17 14:20:36 - [TEST_STEP][PASSED] - maximizeWindow(): Current window maximized

2024-10-17 14:20:36 - [MESSAGE][PASSED] - Current window maximized

2024-10-17 14:20:36 - [TEST_STEP][PASSED] - navigateToUrl(RADurl): Navigate to 'https://demo.velocitypayment.com/client/rad/index.html' successfully

2024-10-17 14:20:37 - [MESSAGE][PASSED] - Navigate to 'https://demo.velocitypayment.com/client/rad/index.html' successfully

2024-10-17 14:20:37 - [TEST_STEP][PASSED] - orPath_Landing = "Object Repository/RAD_Pages/Landing_Page": null

2024-10-17 14:20:37 - [TEST_STEP][PASSED] - orPath_TaxTypeFilingYear = "Object Repository/RAD_Pages/TaxTypeFilingYear_Page": null

2024-10-17 14:20:37 - [TEST_STEP][PASSED] - orPath_TaxPayer = "Object Repository/RAD_Pages/Taxpayer_Page": null

2024-10-17 14:20:37 - [TEST_STEP][PASSED] - orPath_AddressContact = "Object Repository/RAD_Pages/AddressAndContactInfo_Page": null

2024-10-17 14:20:37 - [TEST_STEP][PASSED] - orPath_FilingStatus = "Object Repository/RAD_Pages/FilingStatus_Page": null

2024-10-17 14:20:37 - [TEST_STEP][PASSED] - orPath_Amount = "Object Repository/RAD_Pages/PaymentAmount_Page": null

2024-10-17 14:20:37 - [TEST_STEP][PASSED] - orPath_TaxInfo = "Object Repository/RAD_Pages/TaxInfo_Page": null

2024-10-17 14:20:37 - [TEST_STEP][PASSED] - orPath_Withholding = "Object Repository/RAD_Pages/Withholding_Page": null

2024-10-17 14:20:37 - [TEST_STEP][PASSED] - orPath_Summary = "Object Repository/RAD_Pages/Summary_Page": null

2024-10-17 14:20:37 - [TEST_STEP][PASSED] - orPath_PaymentReady = "Object Repository/RAD_Pages/PaymentReady_Page": null

2024-10-17 14:20:37 - [TEST_STEP][PASSED] - orPath_PaymentEntry = "Object Repository/RAD_Pages/PaymentEntry_Page": null

2024-10-17 14:20:37 - [TEST_STEP][PASSED] - orPath_PaymentConfirmation = "Object Repository/RAD_Pages/PaymentConfirmation_Page": null

2024-10-17 14:20:37 - [TEST_STEP][PASSED] - orPath_ServiceFeesAccept = "Object Repository/RAD_Pages/ServiceFeeAccept_Page": null

2024-10-17 14:20:37 - [TEST_STEP][PASSED] - selectOptionByLabel(findTestObject(orPath_Landing + "/dd_TaxType"), Paymenttype, false): All options with label 'Existing Liability with Notice/Invoice Number' are selected in object 'Object Repository/RAD_Pages/Landing_Page/dd_TaxType' 

2024-10-17 14:20:38 - [MESSAGE][PASSED] - All options with label 'Existing Liability with Notice/Invoice Number' are selected in object 'Object Repository/RAD_Pages/Landing_Page/dd_TaxType' 

2024-10-17 14:20:38 - [TEST_STEP][PASSED] - delay(1): Delayed 1 second(s)

2024-10-17 14:20:39 - [MESSAGE][PASSED] - Delayed 1 second(s)

2024-10-17 14:20:39 - [TEST_STEP][PASSED] - switch (Paymenttype): null

2024-10-17 14:20:39 - [TEST_STEP][PASSED] - case "Existing Liability with Notice/Invoice Number":: null

2024-10-17 14:20:39 - [TEST_STEP][PASSED] - selectOptionByLabel(findTestObject(orPath_TaxTypeFilingYear + "/select_TaxType_ExistingLiability"), Taxtype, false): All options with label 'Tobacco Tax' are selected in object 'Object Repository/RAD_Pages/TaxTypeFilingYear_Page/select_TaxType_ExistingLiability' 

2024-10-17 14:20:40 - [MESSAGE][PASSED] - All options with label 'Tobacco Tax' are selected in object 'Object Repository/RAD_Pages/TaxTypeFilingYear_Page/select_TaxType_ExistingLiability' 

2024-10-17 14:20:40 - [TEST_STEP][PASSED] - break: null

2024-10-17 14:20:40 - [TEST_STEP][PASSED] - delay(1): Delayed 1 second(s)

2024-10-17 14:20:41 - [MESSAGE][PASSED] - Delayed 1 second(s)

2024-10-17 14:20:41 - [TEST_STEP][PASSED] - scrollToElement(findTestObject(orPath_Amount + "/input__paymentAmount"), 2, CONTINUE_ON_FAILURE): Scroll to object 'Object Repository/RAD_Pages/PaymentAmount_Page/input__paymentAmount' successfully

2024-10-17 14:20:41 - [MESSAGE][PASSED] - Scroll to object 'Object Repository/RAD_Pages/PaymentAmount_Page/input__paymentAmount' successfully

2024-10-17 14:20:41 - [TEST_STEP][PASSED] - switch (Paymenttype): null

2024-10-17 14:20:41 - [TEST_STEP][PASSED] - case "Existing Liability with Notice/Invoice Number":: null

2024-10-17 14:20:41 - [TEST_STEP][PASSED] - setEncryptedText(findTestObject(orPath_TaxInfo + "/input_TaxInfo_feinSsn_Existing_New"), "RigbBhfdqODKcAsiUrg+1Q=="): Text ****** has been set on object 'Object Repository/RAD_Pages/TaxInfo_Page/input_TaxInfo_feinSsn_Existing_New'

2024-10-17 14:20:42 - [MESSAGE][PASSED] - Text ****** has been set on object 'Object Repository/RAD_Pages/TaxInfo_Page/input_TaxInfo_feinSsn_Existing_New'

2024-10-17 14:20:42 - [TEST_STEP][PASSED] - setEncryptedText(findTestObject(orPath_TaxInfo + "/input_TaxInfo_RetypefeinSsn_Existing_New"), "RigbBhfdqOD+04WBHw5iKw=="): Text ****** has been set on object 'Object Repository/RAD_Pages/TaxInfo_Page/input_TaxInfo_RetypefeinSsn_Existing_New'

2024-10-17 14:20:42 - [MESSAGE][PASSED] - Text ****** has been set on object 'Object Repository/RAD_Pages/TaxInfo_Page/input_TaxInfo_RetypefeinSsn_Existing_New'

2024-10-17 14:20:42 - [TEST_STEP][PASSED] - break: null

2024-10-17 14:20:42 - [TEST_STEP][PASSED] - setText(findTestObject(orPath_Amount + "/input__paymentAmount"), ""): Text '' is set on object 'Object Repository/RAD_Pages/PaymentAmount_Page/input__paymentAmount'

2024-10-17 14:20:43 - [MESSAGE][PASSED] - Text '' is set on object 'Object Repository/RAD_Pages/PaymentAmount_Page/input__paymentAmount'

2024-10-17 14:20:43 - [TEST_STEP][PASSED] - if (verifyTextPresent("The FEIN/SSN and Re-type FEIN/SSN do not match", true)): null

2024-10-17 14:20:44 - [MESSAGE][PASSED] - Text 'The FEIN/SSN and Re-type FEIN/SSN do not match' is present on page  using regular expression

2024-10-17 14:20:44 - [TEST_STEP][PASSED] - println("Error Message is present on the page"): null

2024-10-17 14:20:44 - [TEST_STEP][PASSED] - out.println("Pass Record Number: " + row): null

2024-10-17 14:20:44 - [TEST_STEP][PASSED] - resText = "Pass": null

2024-10-17 14:20:44 - [TEST_STEP][PASSED] - pages.WriteExcel.demoKey(resText, datText, resColumn, datCloumn, fileLoc, nameSheet, row): pages.WriteExcel.demoKey is PASSED

2024-10-17 14:20:44 - [MESSAGE][PASSED] - pages.WriteExcel.demoKey is PASSED

2024-10-17 14:20:44 - [TEST_STEP][PASSED] - ExecuteTC = findTestData(dataFile).getValue("Execute", row): null

2024-10-17 14:20:44 - [TEST_STEP][PASSED] - Taxtype = findTestData(dataFile).getValue("TaxType", row): null

2024-10-17 14:20:44 - [TEST_STEP][PASSED] - Paymenttype = findTestData(dataFile).getValue("PaymentType", row): null

2024-10-17 14:20:44 - [TEST_STEP][PASSED] - out.println("Value of Execute is : " + ExecuteTC): null

2024-10-17 14:20:44 - [TEST_STEP][PASSED] - if (ExecuteTC.equalsIgnoreCase("Y")): null

2024-10-17 14:20:44 - [TEST_STEP][PASSED] - out.println("Begin Record Number: " + row): null

2024-10-17 14:20:44 - [TEST_STEP][PASSED] - today = new java.util.Date(): null

2024-10-17 14:20:44 - [TEST_STEP][PASSED] - println(today): null

2024-10-17 14:20:44 - [TEST_STEP][PASSED] - datText = today: null

2024-10-17 14:20:44 - [TEST_STEP][PASSED] - Taxtype = findTestData(dataFile).getValue("TaxType", row): null

2024-10-17 14:20:44 - [TEST_STEP][PASSED] - out.println("Taxtype value is : " + Taxtype): null

2024-10-17 14:20:44 - [TEST_STEP][PASSED] - openBrowser(""): Browser is opened with url: ''

2024-10-17 14:20:44 - [MESSAGE][WARNING] - A browser is already opened. Closing browser and opening a new one

2024-10-17 14:20:45 - [MESSAGE][INFO] - Starting 'Chrome' driver

2024-10-17 14:20:45 - [MESSAGE][INFO] - User set preference: ['acceptInsecureCerts', 'true']

2024-10-17 14:20:45 - [MESSAGE][INFO] - Action delay is set to 0 milliseconds

2024-10-17 14:20:47 - [MESSAGE][PASSED] - Browser is opened with url: ''

2024-10-17 14:20:47 - [TEST_STEP][PASSED] - maximizeWindow(): Current window maximized

2024-10-17 14:20:47 - [MESSAGE][PASSED] - Current window maximized

2024-10-17 14:20:47 - [TEST_STEP][PASSED] - navigateToUrl(RADurl): Navigate to 'https://demo.velocitypayment.com/client/rad/index.html' successfully

2024-10-17 14:20:47 - [MESSAGE][PASSED] - Navigate to 'https://demo.velocitypayment.com/client/rad/index.html' successfully

2024-10-17 14:20:47 - [TEST_STEP][PASSED] - orPath_Landing = "Object Repository/RAD_Pages/Landing_Page": null

2024-10-17 14:20:47 - [TEST_STEP][PASSED] - orPath_TaxTypeFilingYear = "Object Repository/RAD_Pages/TaxTypeFilingYear_Page": null

2024-10-17 14:20:47 - [TEST_STEP][PASSED] - orPath_TaxPayer = "Object Repository/RAD_Pages/Taxpayer_Page": null

2024-10-17 14:20:47 - [TEST_STEP][PASSED] - orPath_AddressContact = "Object Repository/RAD_Pages/AddressAndContactInfo_Page": null

2024-10-17 14:20:47 - [TEST_STEP][PASSED] - orPath_FilingStatus = "Object Repository/RAD_Pages/FilingStatus_Page": null

2024-10-17 14:20:47 - [TEST_STEP][PASSED] - orPath_Amount = "Object Repository/RAD_Pages/PaymentAmount_Page": null

2024-10-17 14:20:47 - [TEST_STEP][PASSED] - orPath_TaxInfo = "Object Repository/RAD_Pages/TaxInfo_Page": null

2024-10-17 14:20:47 - [TEST_STEP][PASSED] - orPath_Withholding = "Object Repository/RAD_Pages/Withholding_Page": null

2024-10-17 14:20:47 - [TEST_STEP][PASSED] - orPath_Summary = "Object Repository/RAD_Pages/Summary_Page": null

2024-10-17 14:20:47 - [TEST_STEP][PASSED] - orPath_PaymentReady = "Object Repository/RAD_Pages/PaymentReady_Page": null

2024-10-17 14:20:47 - [TEST_STEP][PASSED] - orPath_PaymentEntry = "Object Repository/RAD_Pages/PaymentEntry_Page": null

2024-10-17 14:20:47 - [TEST_STEP][PASSED] - orPath_PaymentConfirmation = "Object Repository/RAD_Pages/PaymentConfirmation_Page": null

2024-10-17 14:20:47 - [TEST_STEP][PASSED] - orPath_ServiceFeesAccept = "Object Repository/RAD_Pages/ServiceFeeAccept_Page": null

2024-10-17 14:20:47 - [TEST_STEP][PASSED] - selectOptionByLabel(findTestObject(orPath_Landing + "/dd_TaxType"), Paymenttype, false): All options with label 'New Tax Return Amount Due' are selected in object 'Object Repository/RAD_Pages/Landing_Page/dd_TaxType' 

2024-10-17 14:20:50 - [MESSAGE][PASSED] - All options with label 'New Tax Return Amount Due' are selected in object 'Object Repository/RAD_Pages/Landing_Page/dd_TaxType' 

2024-10-17 14:20:50 - [TEST_STEP][PASSED] - delay(1): Delayed 1 second(s)

2024-10-17 14:20:51 - [MESSAGE][PASSED] - Delayed 1 second(s)

2024-10-17 14:20:51 - [TEST_STEP][PASSED] - switch (Paymenttype): null

2024-10-17 14:20:51 - [TEST_STEP][PASSED] - case "New Tax Return Amount Due":: null

2024-10-17 14:20:51 - [TEST_STEP][PASSED] - selectOptionByLabel(findTestObject("Object Repository/RAD_Pages/Landing_Page/select_NewTaxReturnAmountDue_TaxType"), Taxtype, false): All options with label 'Tobacco Tax' are selected in object 'Object Repository/RAD_Pages/Landing_Page/select_NewTaxReturnAmountDue_TaxType' 

2024-10-17 14:20:51 - [MESSAGE][PASSED] - All options with label 'Tobacco Tax' are selected in object 'Object Repository/RAD_Pages/Landing_Page/select_NewTaxReturnAmountDue_TaxType' 

2024-10-17 14:20:51 - [TEST_STEP][PASSED] - break: null

2024-10-17 14:20:51 - [TEST_STEP][PASSED] - delay(1): Delayed 1 second(s)

2024-10-17 14:20:52 - [MESSAGE][PASSED] - Delayed 1 second(s)

2024-10-17 14:20:52 - [TEST_STEP][PASSED] - scrollToElement(findTestObject(orPath_Amount + "/input__paymentAmount"), 2, CONTINUE_ON_FAILURE): Scroll to object 'Object Repository/RAD_Pages/PaymentAmount_Page/input__paymentAmount' successfully

2024-10-17 14:20:53 - [MESSAGE][PASSED] - Scroll to object 'Object Repository/RAD_Pages/PaymentAmount_Page/input__paymentAmount' successfully

2024-10-17 14:20:53 - [TEST_STEP][PASSED] - switch (Paymenttype): null

2024-10-17 14:20:53 - [TEST_STEP][PASSED] - case "New Tax Return Amount Due":: null

2024-10-17 14:20:53 - [TEST_STEP][PASSED] - setEncryptedText(findTestObject(orPath_TaxInfo + "/input_TaxInfo_FeinSsn_New_2"), "RigbBhfdqODKcAsiUrg+1Q=="): Text ****** has been set on object 'Object Repository/RAD_Pages/TaxInfo_Page/input_TaxInfo_FeinSsn_New_2'

2024-10-17 14:20:53 - [MESSAGE][PASSED] - Text ****** has been set on object 'Object Repository/RAD_Pages/TaxInfo_Page/input_TaxInfo_FeinSsn_New_2'

2024-10-17 14:20:53 - [TEST_STEP][PASSED] - setEncryptedText(findTestObject(orPath_TaxInfo + "/input_TaxInfo_RetypeFeinSsn_New_2"), "RigbBhfdqOD+04WBHw5iKw=="): Text ****** has been set on object 'Object Repository/RAD_Pages/TaxInfo_Page/input_TaxInfo_RetypeFeinSsn_New_2'

2024-10-17 14:20:54 - [MESSAGE][PASSED] - Text ****** has been set on object 'Object Repository/RAD_Pages/TaxInfo_Page/input_TaxInfo_RetypeFeinSsn_New_2'

2024-10-17 14:20:54 - [TEST_STEP][PASSED] - break: null

2024-10-17 14:20:54 - [TEST_STEP][PASSED] - setText(findTestObject(orPath_Amount + "/input__paymentAmount"), ""): Text '' is set on object 'Object Repository/RAD_Pages/PaymentAmount_Page/input__paymentAmount'

2024-10-17 14:20:55 - [MESSAGE][PASSED] - Text '' is set on object 'Object Repository/RAD_Pages/PaymentAmount_Page/input__paymentAmount'

2024-10-17 14:20:55 - [TEST_STEP][PASSED] - if (verifyTextPresent("The FEIN/SSN and Re-type FEIN/SSN do not match", true)): null

2024-10-17 14:20:55 - [MESSAGE][PASSED] - Text 'The FEIN/SSN and Re-type FEIN/SSN do not match' is present on page  using regular expression

2024-10-17 14:20:55 - [TEST_STEP][PASSED] - println("Error Message is present on the page"): null

2024-10-17 14:20:55 - [TEST_STEP][PASSED] - out.println("Pass Record Number: " + row): null

2024-10-17 14:20:55 - [TEST_STEP][PASSED] - resText = "Pass": null

2024-10-17 14:20:55 - [TEST_STEP][PASSED] - pages.WriteExcel.demoKey(resText, datText, resColumn, datCloumn, fileLoc, nameSheet, row): pages.WriteExcel.demoKey is PASSED

2024-10-17 14:20:55 - [MESSAGE][PASSED] - pages.WriteExcel.demoKey is PASSED]]></system-out>
         <system-err><![CDATA[]]></system-err>
      </testcase>
      <testcase name="Test Cases/RAD_TestCases/Negative_TestCases/FEINmoreThan9Error-NEW" time="326.294" classname="Test Cases/RAD_TestCases/Negative_TestCases/FEINmoreThan9Error-NEW" status="PASSED">
         <system-out><![CDATA[2024-10-17 14:20:55 - [TEST_CASE][PASSED] - Test Cases/RAD_TestCases/Negative_TestCases/FEINmoreThan9Error-NEW: Test Cases/RAD_TestCases/Negative_TestCases/FEINmoreThan9Error-NEW

2024-10-17 14:20:56 - [TEST_STEP][PASSED] - resText = "Fail": null

2024-10-17 14:20:56 - [TEST_STEP][PASSED] - resColumn = "Result": null

2024-10-17 14:20:56 - [TEST_STEP][PASSED] - datCloumn = "Date": null

2024-10-17 14:20:56 - [TEST_STEP][PASSED] - fileLoc = "KatalonData/RADTestData/FEINmoreThan9Error.xlsx": null

2024-10-17 14:20:56 - [TEST_STEP][PASSED] - nameSheet = "Sheet1": null

2024-10-17 14:20:56 - [TEST_STEP][PASSED] - dataFile = "RADTestData/FEINmoreThan9Error": null

2024-10-17 14:20:56 - [TEST_STEP][PASSED] - ExecuteTC = <not implemented yet for class: org.codehaus.groovy.ast.expr.EmptyExpression>: null

2024-10-17 14:20:56 - [TEST_STEP][PASSED] - Taxtype = <not implemented yet for class: org.codehaus.groovy.ast.expr.EmptyExpression>: null

2024-10-17 14:20:56 - [TEST_STEP][PASSED] - Paymenttype = <not implemented yet for class: org.codehaus.groovy.ast.expr.EmptyExpression>: null

2024-10-17 14:20:56 - [TEST_STEP][PASSED] - numOfRows = findTestData(dataFile).getRowNumbers(): null

2024-10-17 14:20:56 - [TEST_STEP][PASSED] - println("Number of Records: " + numOfRows): null

2024-10-17 14:20:56 - [TEST_STEP][PASSED] - for ([row = 1, row <= numOfRows, (row++)]): null

2024-10-17 14:20:56 - [TEST_STEP][PASSED] - ExecuteTC = findTestData(dataFile).getValue("Execute", row): null

2024-10-17 14:20:56 - [TEST_STEP][PASSED] - Taxtype = findTestData(dataFile).getValue("TaxType", row): null

2024-10-17 14:20:56 - [TEST_STEP][PASSED] - Paymenttype = findTestData(dataFile).getValue("PaymentType", row): null

2024-10-17 14:20:56 - [TEST_STEP][PASSED] - out.println("Value of Execute is : " + ExecuteTC): null

2024-10-17 14:20:56 - [TEST_STEP][PASSED] - if (ExecuteTC.equalsIgnoreCase("Y")): null

2024-10-17 14:20:56 - [TEST_STEP][PASSED] - out.println("Begin Record Number: " + row): null

2024-10-17 14:20:56 - [TEST_STEP][PASSED] - today = new java.util.Date(): null

2024-10-17 14:20:56 - [TEST_STEP][PASSED] - println(today): null

2024-10-17 14:20:56 - [TEST_STEP][PASSED] - datText = today: null

2024-10-17 14:20:56 - [TEST_STEP][PASSED] - Taxtype = findTestData(dataFile).getValue("TaxType", row): null

2024-10-17 14:20:56 - [TEST_STEP][PASSED] - out.println("Taxtype value is : " + Taxtype): null

2024-10-17 14:20:56 - [TEST_STEP][PASSED] - openBrowser(""): Browser is opened with url: ''

2024-10-17 14:20:56 - [MESSAGE][WARNING] - A browser is already opened. Closing browser and opening a new one

2024-10-17 14:20:58 - [MESSAGE][INFO] - Starting 'Chrome' driver

2024-10-17 14:20:58 - [MESSAGE][INFO] - User set preference: ['acceptInsecureCerts', 'true']

2024-10-17 14:20:58 - [MESSAGE][INFO] - Action delay is set to 0 milliseconds

2024-10-17 14:21:00 - [MESSAGE][PASSED] - Browser is opened with url: ''

2024-10-17 14:21:00 - [TEST_STEP][PASSED] - maximizeWindow(): Current window maximized

2024-10-17 14:21:00 - [MESSAGE][PASSED] - Current window maximized

2024-10-17 14:21:00 - [TEST_STEP][PASSED] - navigateToUrl(RADurl): Navigate to 'https://demo.velocitypayment.com/client/rad/index.html' successfully

2024-10-17 14:21:02 - [MESSAGE][PASSED] - Navigate to 'https://demo.velocitypayment.com/client/rad/index.html' successfully

2024-10-17 14:21:02 - [TEST_STEP][PASSED] - orPath_Landing = "Object Repository/RAD_Pages/Landing_Page": null

2024-10-17 14:21:02 - [TEST_STEP][PASSED] - orPath_TaxTypeFilingYear = "Object Repository/RAD_Pages/TaxTypeFilingYear_Page": null

2024-10-17 14:21:02 - [TEST_STEP][PASSED] - orPath_TaxPayer = "Object Repository/RAD_Pages/Taxpayer_Page": null

2024-10-17 14:21:02 - [TEST_STEP][PASSED] - orPath_AddressContact = "Object Repository/RAD_Pages/AddressAndContactInfo_Page": null

2024-10-17 14:21:02 - [TEST_STEP][PASSED] - orPath_FilingStatus = "Object Repository/RAD_Pages/FilingStatus_Page": null

2024-10-17 14:21:02 - [TEST_STEP][PASSED] - orPath_Amount = "Object Repository/RAD_Pages/PaymentAmount_Page": null

2024-10-17 14:21:02 - [TEST_STEP][PASSED] - orPath_TaxInfo = "Object Repository/RAD_Pages/TaxInfo_Page": null

2024-10-17 14:21:02 - [TEST_STEP][PASSED] - orPath_Withholding = "Object Repository/RAD_Pages/Withholding_Page": null

2024-10-17 14:21:02 - [TEST_STEP][PASSED] - orPath_Summary = "Object Repository/RAD_Pages/Summary_Page": null

2024-10-17 14:21:02 - [TEST_STEP][PASSED] - orPath_PaymentReady = "Object Repository/RAD_Pages/PaymentReady_Page": null

2024-10-17 14:21:02 - [TEST_STEP][PASSED] - orPath_PaymentEntry = "Object Repository/RAD_Pages/PaymentEntry_Page": null

2024-10-17 14:21:02 - [TEST_STEP][PASSED] - orPath_PaymentConfirmation = "Object Repository/RAD_Pages/PaymentConfirmation_Page": null

2024-10-17 14:21:02 - [TEST_STEP][PASSED] - orPath_ServiceFeesAccept = "Object Repository/RAD_Pages/ServiceFeeAccept_Page": null

2024-10-17 14:21:02 - [TEST_STEP][PASSED] - selectOptionByLabel(findTestObject(orPath_Landing + "/dd_TaxType"), Paymenttype, false): All options with label 'Existing Liability with Notice/Invoice Number' are selected in object 'Object Repository/RAD_Pages/Landing_Page/dd_TaxType' 

2024-10-17 14:21:03 - [MESSAGE][PASSED] - All options with label 'Existing Liability with Notice/Invoice Number' are selected in object 'Object Repository/RAD_Pages/Landing_Page/dd_TaxType' 

2024-10-17 14:21:03 - [TEST_STEP][PASSED] - delay(1): Delayed 1 second(s)

2024-10-17 14:21:04 - [MESSAGE][PASSED] - Delayed 1 second(s)

2024-10-17 14:21:04 - [TEST_STEP][PASSED] - switch (Paymenttype): null

2024-10-17 14:21:04 - [TEST_STEP][PASSED] - case "Existing Liability with Notice/Invoice Number":: null

2024-10-17 14:21:04 - [TEST_STEP][PASSED] - selectOptionByLabel(findTestObject(orPath_TaxTypeFilingYear + "/select_TaxType_ExistingLiability"), Taxtype, false): All options with label 'Bay Restoration Fee' are selected in object 'Object Repository/RAD_Pages/TaxTypeFilingYear_Page/select_TaxType_ExistingLiability' 

2024-10-17 14:21:04 - [MESSAGE][PASSED] - All options with label 'Bay Restoration Fee' are selected in object 'Object Repository/RAD_Pages/TaxTypeFilingYear_Page/select_TaxType_ExistingLiability' 

2024-10-17 14:21:04 - [TEST_STEP][PASSED] - break: null

2024-10-17 14:21:04 - [TEST_STEP][PASSED] - delay(1): Delayed 1 second(s)

2024-10-17 14:21:05 - [MESSAGE][PASSED] - Delayed 1 second(s)

2024-10-17 14:21:05 - [TEST_STEP][PASSED] - switch (Paymenttype): null

2024-10-17 14:21:05 - [TEST_STEP][PASSED] - case "Existing Liability with Notice/Invoice Number":: null

2024-10-17 14:21:05 - [TEST_STEP][PASSED] - setEncryptedText(findTestObject("Object Repository/RAD_RecordAndPlay/input_Existing_FEIN"), "RigbBhfdqOBDK95asqKeHw=="): Text ****** has been set on object 'Object Repository/RAD_RecordAndPlay/input_Existing_FEIN'

2024-10-17 14:21:06 - [MESSAGE][PASSED] - Text ****** has been set on object 'Object Repository/RAD_RecordAndPlay/input_Existing_FEIN'

2024-10-17 14:21:06 - [TEST_STEP][PASSED] - setEncryptedText(findTestObject("Object Repository/RAD_RecordAndPlay/input_Existing_RetypeFEIN"), ""): Text ****** has been set on object 'Object Repository/RAD_RecordAndPlay/input_Existing_RetypeFEIN'

2024-10-17 14:21:07 - [MESSAGE][PASSED] - Text ****** has been set on object 'Object Repository/RAD_RecordAndPlay/input_Existing_RetypeFEIN'

2024-10-17 14:21:07 - [TEST_STEP][PASSED] - break: null

2024-10-17 14:21:07 - [TEST_STEP][PASSED] - verifyTextPresent("Please enter a valid FEIN with 9 digits.", true): Text 'Please enter a valid FEIN with 9 digits.' is present on page  using regular expression

2024-10-17 14:21:07 - [MESSAGE][PASSED] - Text 'Please enter a valid FEIN with 9 digits.' is present on page  using regular expression

2024-10-17 14:21:07 - [TEST_STEP][PASSED] - if (verifyTextPresent("Please enter a valid FEIN with 9 digits.", true)): null

2024-10-17 14:21:08 - [MESSAGE][PASSED] - Text 'Please enter a valid FEIN with 9 digits.' is present on page  using regular expression

2024-10-17 14:21:08 - [TEST_STEP][PASSED] - println("Error Message is present on the page"): null

2024-10-17 14:21:08 - [TEST_STEP][PASSED] - out.println("Pass Record Number: " + row): null

2024-10-17 14:21:08 - [TEST_STEP][PASSED] - resText = "Pass": null

2024-10-17 14:21:08 - [TEST_STEP][PASSED] - pages.WriteExcel.demoKey(resText, datText, resColumn, datCloumn, fileLoc, nameSheet, row): pages.WriteExcel.demoKey is PASSED

2024-10-17 14:21:08 - [MESSAGE][PASSED] - pages.WriteExcel.demoKey is PASSED

2024-10-17 14:21:08 - [TEST_STEP][PASSED] - ExecuteTC = findTestData(dataFile).getValue("Execute", row): null

2024-10-17 14:21:08 - [TEST_STEP][PASSED] - Taxtype = findTestData(dataFile).getValue("TaxType", row): null

2024-10-17 14:21:08 - [TEST_STEP][PASSED] - Paymenttype = findTestData(dataFile).getValue("PaymentType", row): null

2024-10-17 14:21:08 - [TEST_STEP][PASSED] - out.println("Value of Execute is : " + ExecuteTC): null

2024-10-17 14:21:08 - [TEST_STEP][PASSED] - if (ExecuteTC.equalsIgnoreCase("Y")): null

2024-10-17 14:21:08 - [TEST_STEP][PASSED] - out.println("Begin Record Number: " + row): null

2024-10-17 14:21:08 - [TEST_STEP][PASSED] - today = new java.util.Date(): null

2024-10-17 14:21:08 - [TEST_STEP][PASSED] - println(today): null

2024-10-17 14:21:08 - [TEST_STEP][PASSED] - datText = today: null

2024-10-17 14:21:08 - [TEST_STEP][PASSED] - Taxtype = findTestData(dataFile).getValue("TaxType", row): null

2024-10-17 14:21:08 - [TEST_STEP][PASSED] - out.println("Taxtype value is : " + Taxtype): null

2024-10-17 14:21:08 - [TEST_STEP][PASSED] - openBrowser(""): Browser is opened with url: ''

2024-10-17 14:21:08 - [MESSAGE][WARNING] - A browser is already opened. Closing browser and opening a new one

2024-10-17 14:21:09 - [MESSAGE][INFO] - Starting 'Chrome' driver

2024-10-17 14:21:09 - [MESSAGE][INFO] - User set preference: ['acceptInsecureCerts', 'true']

2024-10-17 14:21:09 - [MESSAGE][INFO] - Action delay is set to 0 milliseconds

2024-10-17 14:21:11 - [MESSAGE][PASSED] - Browser is opened with url: ''

2024-10-17 14:21:11 - [TEST_STEP][PASSED] - maximizeWindow(): Current window maximized

2024-10-17 14:21:11 - [MESSAGE][PASSED] - Current window maximized

2024-10-17 14:21:11 - [TEST_STEP][PASSED] - navigateToUrl(RADurl): Navigate to 'https://demo.velocitypayment.com/client/rad/index.html' successfully

2024-10-17 14:21:13 - [MESSAGE][PASSED] - Navigate to 'https://demo.velocitypayment.com/client/rad/index.html' successfully

2024-10-17 14:21:13 - [TEST_STEP][PASSED] - orPath_Landing = "Object Repository/RAD_Pages/Landing_Page": null

2024-10-17 14:21:13 - [TEST_STEP][PASSED] - orPath_TaxTypeFilingYear = "Object Repository/RAD_Pages/TaxTypeFilingYear_Page": null

2024-10-17 14:21:13 - [TEST_STEP][PASSED] - orPath_TaxPayer = "Object Repository/RAD_Pages/Taxpayer_Page": null

2024-10-17 14:21:13 - [TEST_STEP][PASSED] - orPath_AddressContact = "Object Repository/RAD_Pages/AddressAndContactInfo_Page": null

2024-10-17 14:21:13 - [TEST_STEP][PASSED] - orPath_FilingStatus = "Object Repository/RAD_Pages/FilingStatus_Page": null

2024-10-17 14:21:13 - [TEST_STEP][PASSED] - orPath_Amount = "Object Repository/RAD_Pages/PaymentAmount_Page": null

2024-10-17 14:21:13 - [TEST_STEP][PASSED] - orPath_TaxInfo = "Object Repository/RAD_Pages/TaxInfo_Page": null

2024-10-17 14:21:13 - [TEST_STEP][PASSED] - orPath_Withholding = "Object Repository/RAD_Pages/Withholding_Page": null

2024-10-17 14:21:13 - [TEST_STEP][PASSED] - orPath_Summary = "Object Repository/RAD_Pages/Summary_Page": null

2024-10-17 14:21:13 - [TEST_STEP][PASSED] - orPath_PaymentReady = "Object Repository/RAD_Pages/PaymentReady_Page": null

2024-10-17 14:21:13 - [TEST_STEP][PASSED] - orPath_PaymentEntry = "Object Repository/RAD_Pages/PaymentEntry_Page": null

2024-10-17 14:21:13 - [TEST_STEP][PASSED] - orPath_PaymentConfirmation = "Object Repository/RAD_Pages/PaymentConfirmation_Page": null

2024-10-17 14:21:13 - [TEST_STEP][PASSED] - orPath_ServiceFeesAccept = "Object Repository/RAD_Pages/ServiceFeeAccept_Page": null

2024-10-17 14:21:13 - [TEST_STEP][PASSED] - selectOptionByLabel(findTestObject(orPath_Landing + "/dd_TaxType"), Paymenttype, false): All options with label 'Existing Liability with Notice/Invoice Number' are selected in object 'Object Repository/RAD_Pages/Landing_Page/dd_TaxType' 

2024-10-17 14:21:14 - [MESSAGE][PASSED] - All options with label 'Existing Liability with Notice/Invoice Number' are selected in object 'Object Repository/RAD_Pages/Landing_Page/dd_TaxType' 

2024-10-17 14:21:14 - [TEST_STEP][PASSED] - delay(1): Delayed 1 second(s)

2024-10-17 14:21:15 - [MESSAGE][PASSED] - Delayed 1 second(s)

2024-10-17 14:21:15 - [TEST_STEP][PASSED] - switch (Paymenttype): null

2024-10-17 14:21:15 - [TEST_STEP][PASSED] - case "Existing Liability with Notice/Invoice Number":: null

2024-10-17 14:21:15 - [TEST_STEP][PASSED] - selectOptionByLabel(findTestObject(orPath_TaxTypeFilingYear + "/select_TaxType_ExistingLiability"), Taxtype, false): All options with label 'Corporate Income Tax' are selected in object 'Object Repository/RAD_Pages/TaxTypeFilingYear_Page/select_TaxType_ExistingLiability' 

2024-10-17 14:21:15 - [MESSAGE][PASSED] - All options with label 'Corporate Income Tax' are selected in object 'Object Repository/RAD_Pages/TaxTypeFilingYear_Page/select_TaxType_ExistingLiability' 

2024-10-17 14:21:15 - [TEST_STEP][PASSED] - break: null

2024-10-17 14:21:15 - [TEST_STEP][PASSED] - delay(1): Delayed 1 second(s)

2024-10-17 14:21:16 - [MESSAGE][PASSED] - Delayed 1 second(s)

2024-10-17 14:21:16 - [TEST_STEP][PASSED] - switch (Paymenttype): null

2024-10-17 14:21:16 - [TEST_STEP][PASSED] - case "Existing Liability with Notice/Invoice Number":: null

2024-10-17 14:21:16 - [TEST_STEP][PASSED] - setEncryptedText(findTestObject("Object Repository/RAD_RecordAndPlay/input_Existing_FEIN"), "RigbBhfdqOBDK95asqKeHw=="): Text ****** has been set on object 'Object Repository/RAD_RecordAndPlay/input_Existing_FEIN'

2024-10-17 14:21:17 - [MESSAGE][PASSED] - Text ****** has been set on object 'Object Repository/RAD_RecordAndPlay/input_Existing_FEIN'

2024-10-17 14:21:17 - [TEST_STEP][PASSED] - setEncryptedText(findTestObject("Object Repository/RAD_RecordAndPlay/input_Existing_RetypeFEIN"), ""): Text ****** has been set on object 'Object Repository/RAD_RecordAndPlay/input_Existing_RetypeFEIN'

2024-10-17 14:21:18 - [MESSAGE][PASSED] - Text ****** has been set on object 'Object Repository/RAD_RecordAndPlay/input_Existing_RetypeFEIN'

2024-10-17 14:21:18 - [TEST_STEP][PASSED] - break: null

2024-10-17 14:21:18 - [TEST_STEP][PASSED] - verifyTextPresent("Please enter a valid FEIN with 9 digits.", true): Text 'Please enter a valid FEIN with 9 digits.' is present on page  using regular expression

2024-10-17 14:21:18 - [MESSAGE][PASSED] - Text 'Please enter a valid FEIN with 9 digits.' is present on page  using regular expression

2024-10-17 14:21:18 - [TEST_STEP][PASSED] - if (verifyTextPresent("Please enter a valid FEIN with 9 digits.", true)): null

2024-10-17 14:21:18 - [MESSAGE][PASSED] - Text 'Please enter a valid FEIN with 9 digits.' is present on page  using regular expression

2024-10-17 14:21:18 - [TEST_STEP][PASSED] - println("Error Message is present on the page"): null

2024-10-17 14:21:18 - [TEST_STEP][PASSED] - out.println("Pass Record Number: " + row): null

2024-10-17 14:21:18 - [TEST_STEP][PASSED] - resText = "Pass": null

2024-10-17 14:21:18 - [TEST_STEP][PASSED] - pages.WriteExcel.demoKey(resText, datText, resColumn, datCloumn, fileLoc, nameSheet, row): pages.WriteExcel.demoKey is PASSED

2024-10-17 14:21:19 - [MESSAGE][PASSED] - pages.WriteExcel.demoKey is PASSED

2024-10-17 14:21:19 - [TEST_STEP][PASSED] - ExecuteTC = findTestData(dataFile).getValue("Execute", row): null

2024-10-17 14:21:19 - [TEST_STEP][PASSED] - Taxtype = findTestData(dataFile).getValue("TaxType", row): null

2024-10-17 14:21:19 - [TEST_STEP][PASSED] - Paymenttype = findTestData(dataFile).getValue("PaymentType", row): null

2024-10-17 14:21:19 - [TEST_STEP][PASSED] - out.println("Value of Execute is : " + ExecuteTC): null

2024-10-17 14:21:19 - [TEST_STEP][PASSED] - if (ExecuteTC.equalsIgnoreCase("Y")): null

2024-10-17 14:21:19 - [TEST_STEP][PASSED] - out.println("Begin Record Number: " + row): null

2024-10-17 14:21:19 - [TEST_STEP][PASSED] - today = new java.util.Date(): null

2024-10-17 14:21:19 - [TEST_STEP][PASSED] - println(today): null

2024-10-17 14:21:19 - [TEST_STEP][PASSED] - datText = today: null

2024-10-17 14:21:19 - [TEST_STEP][PASSED] - Taxtype = findTestData(dataFile).getValue("TaxType", row): null

2024-10-17 14:21:19 - [TEST_STEP][PASSED] - out.println("Taxtype value is : " + Taxtype): null

2024-10-17 14:21:19 - [TEST_STEP][PASSED] - openBrowser(""): Browser is opened with url: ''

2024-10-17 14:21:19 - [MESSAGE][WARNING] - A browser is already opened. Closing browser and opening a new one

2024-10-17 14:21:20 - [MESSAGE][INFO] - Starting 'Chrome' driver

2024-10-17 14:21:20 - [MESSAGE][INFO] - User set preference: ['acceptInsecureCerts', 'true']

2024-10-17 14:21:20 - [MESSAGE][INFO] - Action delay is set to 0 milliseconds

2024-10-17 14:21:22 - [MESSAGE][PASSED] - Browser is opened with url: ''

2024-10-17 14:21:22 - [TEST_STEP][PASSED] - maximizeWindow(): Current window maximized

2024-10-17 14:21:22 - [MESSAGE][PASSED] - Current window maximized

2024-10-17 14:21:22 - [TEST_STEP][PASSED] - navigateToUrl(RADurl): Navigate to 'https://demo.velocitypayment.com/client/rad/index.html' successfully

2024-10-17 14:21:22 - [MESSAGE][PASSED] - Navigate to 'https://demo.velocitypayment.com/client/rad/index.html' successfully

2024-10-17 14:21:22 - [TEST_STEP][PASSED] - orPath_Landing = "Object Repository/RAD_Pages/Landing_Page": null

2024-10-17 14:21:22 - [TEST_STEP][PASSED] - orPath_TaxTypeFilingYear = "Object Repository/RAD_Pages/TaxTypeFilingYear_Page": null

2024-10-17 14:21:22 - [TEST_STEP][PASSED] - orPath_TaxPayer = "Object Repository/RAD_Pages/Taxpayer_Page": null

2024-10-17 14:21:22 - [TEST_STEP][PASSED] - orPath_AddressContact = "Object Repository/RAD_Pages/AddressAndContactInfo_Page": null

2024-10-17 14:21:22 - [TEST_STEP][PASSED] - orPath_FilingStatus = "Object Repository/RAD_Pages/FilingStatus_Page": null

2024-10-17 14:21:22 - [TEST_STEP][PASSED] - orPath_Amount = "Object Repository/RAD_Pages/PaymentAmount_Page": null

2024-10-17 14:21:22 - [TEST_STEP][PASSED] - orPath_TaxInfo = "Object Repository/RAD_Pages/TaxInfo_Page": null

2024-10-17 14:21:22 - [TEST_STEP][PASSED] - orPath_Withholding = "Object Repository/RAD_Pages/Withholding_Page": null

2024-10-17 14:21:22 - [TEST_STEP][PASSED] - orPath_Summary = "Object Repository/RAD_Pages/Summary_Page": null

2024-10-17 14:21:22 - [TEST_STEP][PASSED] - orPath_PaymentReady = "Object Repository/RAD_Pages/PaymentReady_Page": null

2024-10-17 14:21:22 - [TEST_STEP][PASSED] - orPath_PaymentEntry = "Object Repository/RAD_Pages/PaymentEntry_Page": null

2024-10-17 14:21:22 - [TEST_STEP][PASSED] - orPath_PaymentConfirmation = "Object Repository/RAD_Pages/PaymentConfirmation_Page": null

2024-10-17 14:21:22 - [TEST_STEP][PASSED] - orPath_ServiceFeesAccept = "Object Repository/RAD_Pages/ServiceFeeAccept_Page": null

2024-10-17 14:21:22 - [TEST_STEP][PASSED] - selectOptionByLabel(findTestObject(orPath_Landing + "/dd_TaxType"), Paymenttype, false): All options with label 'Existing Liability with Notice/Invoice Number' are selected in object 'Object Repository/RAD_Pages/Landing_Page/dd_TaxType' 

2024-10-17 14:21:25 - [MESSAGE][PASSED] - All options with label 'Existing Liability with Notice/Invoice Number' are selected in object 'Object Repository/RAD_Pages/Landing_Page/dd_TaxType' 

2024-10-17 14:21:25 - [TEST_STEP][PASSED] - delay(1): Delayed 1 second(s)

2024-10-17 14:21:26 - [MESSAGE][PASSED] - Delayed 1 second(s)

2024-10-17 14:21:26 - [TEST_STEP][PASSED] - switch (Paymenttype): null

2024-10-17 14:21:26 - [TEST_STEP][PASSED] - case "Existing Liability with Notice/Invoice Number":: null

2024-10-17 14:21:26 - [TEST_STEP][PASSED] - selectOptionByLabel(findTestObject(orPath_TaxTypeFilingYear + "/select_TaxType_ExistingLiability"), Taxtype, false): All options with label 'Fiduciary Tax' are selected in object 'Object Repository/RAD_Pages/TaxTypeFilingYear_Page/select_TaxType_ExistingLiability' 

2024-10-17 14:21:26 - [MESSAGE][PASSED] - All options with label 'Fiduciary Tax' are selected in object 'Object Repository/RAD_Pages/TaxTypeFilingYear_Page/select_TaxType_ExistingLiability' 

2024-10-17 14:21:26 - [TEST_STEP][PASSED] - break: null

2024-10-17 14:21:26 - [TEST_STEP][PASSED] - delay(1): Delayed 1 second(s)

2024-10-17 14:21:27 - [MESSAGE][PASSED] - Delayed 1 second(s)

2024-10-17 14:21:27 - [TEST_STEP][PASSED] - switch (Paymenttype): null

2024-10-17 14:21:27 - [TEST_STEP][PASSED] - case "Existing Liability with Notice/Invoice Number":: null

2024-10-17 14:21:27 - [TEST_STEP][PASSED] - setEncryptedText(findTestObject("Object Repository/RAD_RecordAndPlay/input_Existing_FEIN"), "RigbBhfdqOBDK95asqKeHw=="): Text ****** has been set on object 'Object Repository/RAD_RecordAndPlay/input_Existing_FEIN'

2024-10-17 14:21:28 - [MESSAGE][PASSED] - Text ****** has been set on object 'Object Repository/RAD_RecordAndPlay/input_Existing_FEIN'

2024-10-17 14:21:28 - [TEST_STEP][PASSED] - setEncryptedText(findTestObject("Object Repository/RAD_RecordAndPlay/input_Existing_RetypeFEIN"), ""): Text ****** has been set on object 'Object Repository/RAD_RecordAndPlay/input_Existing_RetypeFEIN'

2024-10-17 14:21:28 - [MESSAGE][PASSED] - Text ****** has been set on object 'Object Repository/RAD_RecordAndPlay/input_Existing_RetypeFEIN'

2024-10-17 14:21:28 - [TEST_STEP][PASSED] - break: null

2024-10-17 14:21:28 - [TEST_STEP][PASSED] - verifyTextPresent("Please enter a valid FEIN with 9 digits.", true): Text 'Please enter a valid FEIN with 9 digits.' is present on page  using regular expression

2024-10-17 14:21:29 - [MESSAGE][PASSED] - Text 'Please enter a valid FEIN with 9 digits.' is present on page  using regular expression

2024-10-17 14:21:29 - [TEST_STEP][PASSED] - if (verifyTextPresent("Please enter a valid FEIN with 9 digits.", true)): null

2024-10-17 14:21:29 - [MESSAGE][PASSED] - Text 'Please enter a valid FEIN with 9 digits.' is present on page  using regular expression

2024-10-17 14:21:29 - [TEST_STEP][PASSED] - println("Error Message is present on the page"): null

2024-10-17 14:21:29 - [TEST_STEP][PASSED] - out.println("Pass Record Number: " + row): null

2024-10-17 14:21:29 - [TEST_STEP][PASSED] - resText = "Pass": null

2024-10-17 14:21:29 - [TEST_STEP][PASSED] - pages.WriteExcel.demoKey(resText, datText, resColumn, datCloumn, fileLoc, nameSheet, row): pages.WriteExcel.demoKey is PASSED

2024-10-17 14:21:29 - [MESSAGE][PASSED] - pages.WriteExcel.demoKey is PASSED

2024-10-17 14:21:29 - [TEST_STEP][PASSED] - ExecuteTC = findTestData(dataFile).getValue("Execute", row): null

2024-10-17 14:21:30 - [TEST_STEP][PASSED] - Taxtype = findTestData(dataFile).getValue("TaxType", row): null

2024-10-17 14:21:30 - [TEST_STEP][PASSED] - Paymenttype = findTestData(dataFile).getValue("PaymentType", row): null

2024-10-17 14:21:30 - [TEST_STEP][PASSED] - out.println("Value of Execute is : " + ExecuteTC): null

2024-10-17 14:21:30 - [TEST_STEP][PASSED] - if (ExecuteTC.equalsIgnoreCase("Y")): null

2024-10-17 14:21:30 - [TEST_STEP][PASSED] - out.println("Begin Record Number: " + row): null

2024-10-17 14:21:30 - [TEST_STEP][PASSED] - today = new java.util.Date(): null

2024-10-17 14:21:30 - [TEST_STEP][PASSED] - println(today): null

2024-10-17 14:21:30 - [TEST_STEP][PASSED] - datText = today: null

2024-10-17 14:21:30 - [TEST_STEP][PASSED] - Taxtype = findTestData(dataFile).getValue("TaxType", row): null

2024-10-17 14:21:30 - [TEST_STEP][PASSED] - out.println("Taxtype value is : " + Taxtype): null

2024-10-17 14:21:30 - [TEST_STEP][PASSED] - openBrowser(""): Browser is opened with url: ''

2024-10-17 14:21:30 - [MESSAGE][WARNING] - A browser is already opened. Closing browser and opening a new one

2024-10-17 14:21:31 - [MESSAGE][INFO] - Starting 'Chrome' driver

2024-10-17 14:21:31 - [MESSAGE][INFO] - User set preference: ['acceptInsecureCerts', 'true']

2024-10-17 14:21:31 - [MESSAGE][INFO] - Action delay is set to 0 milliseconds

2024-10-17 14:21:33 - [MESSAGE][PASSED] - Browser is opened with url: ''

2024-10-17 14:21:33 - [TEST_STEP][PASSED] - maximizeWindow(): Current window maximized

2024-10-17 14:21:33 - [MESSAGE][PASSED] - Current window maximized

2024-10-17 14:21:33 - [TEST_STEP][PASSED] - navigateToUrl(RADurl): Navigate to 'https://demo.velocitypayment.com/client/rad/index.html' successfully

2024-10-17 14:21:35 - [MESSAGE][PASSED] - Navigate to 'https://demo.velocitypayment.com/client/rad/index.html' successfully

2024-10-17 14:21:35 - [TEST_STEP][PASSED] - orPath_Landing = "Object Repository/RAD_Pages/Landing_Page": null

2024-10-17 14:21:35 - [TEST_STEP][PASSED] - orPath_TaxTypeFilingYear = "Object Repository/RAD_Pages/TaxTypeFilingYear_Page": null

2024-10-17 14:21:35 - [TEST_STEP][PASSED] - orPath_TaxPayer = "Object Repository/RAD_Pages/Taxpayer_Page": null

2024-10-17 14:21:35 - [TEST_STEP][PASSED] - orPath_AddressContact = "Object Repository/RAD_Pages/AddressAndContactInfo_Page": null

2024-10-17 14:21:35 - [TEST_STEP][PASSED] - orPath_FilingStatus = "Object Repository/RAD_Pages/FilingStatus_Page": null

2024-10-17 14:21:35 - [TEST_STEP][PASSED] - orPath_Amount = "Object Repository/RAD_Pages/PaymentAmount_Page": null

2024-10-17 14:21:35 - [TEST_STEP][PASSED] - orPath_TaxInfo = "Object Repository/RAD_Pages/TaxInfo_Page": null

2024-10-17 14:21:35 - [TEST_STEP][PASSED] - orPath_Withholding = "Object Repository/RAD_Pages/Withholding_Page": null

2024-10-17 14:21:35 - [TEST_STEP][PASSED] - orPath_Summary = "Object Repository/RAD_Pages/Summary_Page": null

2024-10-17 14:21:35 - [TEST_STEP][PASSED] - orPath_PaymentReady = "Object Repository/RAD_Pages/PaymentReady_Page": null

2024-10-17 14:21:35 - [TEST_STEP][PASSED] - orPath_PaymentEntry = "Object Repository/RAD_Pages/PaymentEntry_Page": null

2024-10-17 14:21:35 - [TEST_STEP][PASSED] - orPath_PaymentConfirmation = "Object Repository/RAD_Pages/PaymentConfirmation_Page": null

2024-10-17 14:21:35 - [TEST_STEP][PASSED] - orPath_ServiceFeesAccept = "Object Repository/RAD_Pages/ServiceFeeAccept_Page": null

2024-10-17 14:21:35 - [TEST_STEP][PASSED] - selectOptionByLabel(findTestObject(orPath_Landing + "/dd_TaxType"), Paymenttype, false): All options with label 'Existing Liability with Notice/Invoice Number' are selected in object 'Object Repository/RAD_Pages/Landing_Page/dd_TaxType' 

2024-10-17 14:21:36 - [MESSAGE][PASSED] - All options with label 'Existing Liability with Notice/Invoice Number' are selected in object 'Object Repository/RAD_Pages/Landing_Page/dd_TaxType' 

2024-10-17 14:21:36 - [TEST_STEP][PASSED] - delay(1): Delayed 1 second(s)

2024-10-17 14:21:37 - [MESSAGE][PASSED] - Delayed 1 second(s)

2024-10-17 14:21:37 - [TEST_STEP][PASSED] - switch (Paymenttype): null

2024-10-17 14:21:37 - [TEST_STEP][PASSED] - case "Existing Liability with Notice/Invoice Number":: null

2024-10-17 14:21:37 - [TEST_STEP][PASSED] - selectOptionByLabel(findTestObject(orPath_TaxTypeFilingYear + "/select_TaxType_ExistingLiability"), Taxtype, false): All options with label 'Sales & Use Tax' are selected in object 'Object Repository/RAD_Pages/TaxTypeFilingYear_Page/select_TaxType_ExistingLiability' 

2024-10-17 14:21:37 - [MESSAGE][PASSED] - All options with label 'Sales & Use Tax' are selected in object 'Object Repository/RAD_Pages/TaxTypeFilingYear_Page/select_TaxType_ExistingLiability' 

2024-10-17 14:21:37 - [TEST_STEP][PASSED] - break: null

2024-10-17 14:21:37 - [TEST_STEP][PASSED] - delay(1): Delayed 1 second(s)

2024-10-17 14:21:38 - [MESSAGE][PASSED] - Delayed 1 second(s)

2024-10-17 14:21:38 - [TEST_STEP][PASSED] - switch (Paymenttype): null

2024-10-17 14:21:38 - [TEST_STEP][PASSED] - case "Existing Liability with Notice/Invoice Number":: null

2024-10-17 14:21:38 - [TEST_STEP][PASSED] - setEncryptedText(findTestObject("Object Repository/RAD_RecordAndPlay/input_Existing_FEIN"), "RigbBhfdqOBDK95asqKeHw=="): Text ****** has been set on object 'Object Repository/RAD_RecordAndPlay/input_Existing_FEIN'

2024-10-17 14:21:39 - [MESSAGE][PASSED] - Text ****** has been set on object 'Object Repository/RAD_RecordAndPlay/input_Existing_FEIN'

2024-10-17 14:21:39 - [TEST_STEP][PASSED] - setEncryptedText(findTestObject("Object Repository/RAD_RecordAndPlay/input_Existing_RetypeFEIN"), ""): Text ****** has been set on object 'Object Repository/RAD_RecordAndPlay/input_Existing_RetypeFEIN'

2024-10-17 14:21:39 - [MESSAGE][PASSED] - Text ****** has been set on object 'Object Repository/RAD_RecordAndPlay/input_Existing_RetypeFEIN'

2024-10-17 14:21:39 - [TEST_STEP][PASSED] - break: null

2024-10-17 14:21:39 - [TEST_STEP][PASSED] - verifyTextPresent("Please enter a valid FEIN with 9 digits.", true): Text 'Please enter a valid FEIN with 9 digits.' is present on page  using regular expression

2024-10-17 14:21:40 - [MESSAGE][PASSED] - Text 'Please enter a valid FEIN with 9 digits.' is present on page  using regular expression

2024-10-17 14:21:40 - [TEST_STEP][PASSED] - if (verifyTextPresent("Please enter a valid FEIN with 9 digits.", true)): null

2024-10-17 14:21:40 - [MESSAGE][PASSED] - Text 'Please enter a valid FEIN with 9 digits.' is present on page  using regular expression

2024-10-17 14:21:40 - [TEST_STEP][PASSED] - println("Error Message is present on the page"): null

2024-10-17 14:21:40 - [TEST_STEP][PASSED] - out.println("Pass Record Number: " + row): null

2024-10-17 14:21:40 - [TEST_STEP][PASSED] - resText = "Pass": null

2024-10-17 14:21:40 - [TEST_STEP][PASSED] - pages.WriteExcel.demoKey(resText, datText, resColumn, datCloumn, fileLoc, nameSheet, row): pages.WriteExcel.demoKey is PASSED

2024-10-17 14:21:41 - [MESSAGE][PASSED] - pages.WriteExcel.demoKey is PASSED

2024-10-17 14:21:41 - [TEST_STEP][PASSED] - ExecuteTC = findTestData(dataFile).getValue("Execute", row): null

2024-10-17 14:21:41 - [TEST_STEP][PASSED] - Taxtype = findTestData(dataFile).getValue("TaxType", row): null

2024-10-17 14:21:41 - [TEST_STEP][PASSED] - Paymenttype = findTestData(dataFile).getValue("PaymentType", row): null

2024-10-17 14:21:41 - [TEST_STEP][PASSED] - out.println("Value of Execute is : " + ExecuteTC): null

2024-10-17 14:21:41 - [TEST_STEP][PASSED] - if (ExecuteTC.equalsIgnoreCase("Y")): null

2024-10-17 14:21:41 - [TEST_STEP][PASSED] - out.println("Begin Record Number: " + row): null

2024-10-17 14:21:41 - [TEST_STEP][PASSED] - today = new java.util.Date(): null

2024-10-17 14:21:41 - [TEST_STEP][PASSED] - println(today): null

2024-10-17 14:21:41 - [TEST_STEP][PASSED] - datText = today: null

2024-10-17 14:21:41 - [TEST_STEP][PASSED] - Taxtype = findTestData(dataFile).getValue("TaxType", row): null

2024-10-17 14:21:41 - [TEST_STEP][PASSED] - out.println("Taxtype value is : " + Taxtype): null

2024-10-17 14:21:41 - [TEST_STEP][PASSED] - openBrowser(""): Browser is opened with url: ''

2024-10-17 14:21:41 - [MESSAGE][WARNING] - A browser is already opened. Closing browser and opening a new one

2024-10-17 14:21:42 - [MESSAGE][INFO] - Starting 'Chrome' driver

2024-10-17 14:21:42 - [MESSAGE][INFO] - User set preference: ['acceptInsecureCerts', 'true']

2024-10-17 14:21:42 - [MESSAGE][INFO] - Action delay is set to 0 milliseconds

2024-10-17 14:21:44 - [MESSAGE][PASSED] - Browser is opened with url: ''

2024-10-17 14:21:44 - [TEST_STEP][PASSED] - maximizeWindow(): Current window maximized

2024-10-17 14:21:44 - [MESSAGE][PASSED] - Current window maximized

2024-10-17 14:21:44 - [TEST_STEP][PASSED] - navigateToUrl(RADurl): Navigate to 'https://demo.velocitypayment.com/client/rad/index.html' successfully

2024-10-17 14:21:46 - [MESSAGE][PASSED] - Navigate to 'https://demo.velocitypayment.com/client/rad/index.html' successfully

2024-10-17 14:21:46 - [TEST_STEP][PASSED] - orPath_Landing = "Object Repository/RAD_Pages/Landing_Page": null

2024-10-17 14:21:46 - [TEST_STEP][PASSED] - orPath_TaxTypeFilingYear = "Object Repository/RAD_Pages/TaxTypeFilingYear_Page": null

2024-10-17 14:21:46 - [TEST_STEP][PASSED] - orPath_TaxPayer = "Object Repository/RAD_Pages/Taxpayer_Page": null

2024-10-17 14:21:46 - [TEST_STEP][PASSED] - orPath_AddressContact = "Object Repository/RAD_Pages/AddressAndContactInfo_Page": null

2024-10-17 14:21:46 - [TEST_STEP][PASSED] - orPath_FilingStatus = "Object Repository/RAD_Pages/FilingStatus_Page": null

2024-10-17 14:21:46 - [TEST_STEP][PASSED] - orPath_Amount = "Object Repository/RAD_Pages/PaymentAmount_Page": null

2024-10-17 14:21:46 - [TEST_STEP][PASSED] - orPath_TaxInfo = "Object Repository/RAD_Pages/TaxInfo_Page": null

2024-10-17 14:21:46 - [TEST_STEP][PASSED] - orPath_Withholding = "Object Repository/RAD_Pages/Withholding_Page": null

2024-10-17 14:21:46 - [TEST_STEP][PASSED] - orPath_Summary = "Object Repository/RAD_Pages/Summary_Page": null

2024-10-17 14:21:46 - [TEST_STEP][PASSED] - orPath_PaymentReady = "Object Repository/RAD_Pages/PaymentReady_Page": null

2024-10-17 14:21:46 - [TEST_STEP][PASSED] - orPath_PaymentEntry = "Object Repository/RAD_Pages/PaymentEntry_Page": null

2024-10-17 14:21:46 - [TEST_STEP][PASSED] - orPath_PaymentConfirmation = "Object Repository/RAD_Pages/PaymentConfirmation_Page": null

2024-10-17 14:21:46 - [TEST_STEP][PASSED] - orPath_ServiceFeesAccept = "Object Repository/RAD_Pages/ServiceFeeAccept_Page": null

2024-10-17 14:21:46 - [TEST_STEP][PASSED] - selectOptionByLabel(findTestObject(orPath_Landing + "/dd_TaxType"), Paymenttype, false): All options with label 'Existing Liability with Notice/Invoice Number' are selected in object 'Object Repository/RAD_Pages/Landing_Page/dd_TaxType' 

2024-10-17 14:21:46 - [MESSAGE][PASSED] - All options with label 'Existing Liability with Notice/Invoice Number' are selected in object 'Object Repository/RAD_Pages/Landing_Page/dd_TaxType' 

2024-10-17 14:21:46 - [TEST_STEP][PASSED] - delay(1): Delayed 1 second(s)

2024-10-17 14:21:47 - [MESSAGE][PASSED] - Delayed 1 second(s)

2024-10-17 14:21:47 - [TEST_STEP][PASSED] - switch (Paymenttype): null

2024-10-17 14:21:47 - [TEST_STEP][PASSED] - case "Existing Liability with Notice/Invoice Number":: null

2024-10-17 14:21:47 - [TEST_STEP][PASSED] - selectOptionByLabel(findTestObject(orPath_TaxTypeFilingYear + "/select_TaxType_ExistingLiability"), Taxtype, false): All options with label 'Tire Recycling Fee' are selected in object 'Object Repository/RAD_Pages/TaxTypeFilingYear_Page/select_TaxType_ExistingLiability' 

2024-10-17 14:21:48 - [MESSAGE][PASSED] - All options with label 'Tire Recycling Fee' are selected in object 'Object Repository/RAD_Pages/TaxTypeFilingYear_Page/select_TaxType_ExistingLiability' 

2024-10-17 14:21:48 - [TEST_STEP][PASSED] - break: null

2024-10-17 14:21:48 - [TEST_STEP][PASSED] - delay(1): Delayed 1 second(s)

2024-10-17 14:21:49 - [MESSAGE][PASSED] - Delayed 1 second(s)

2024-10-17 14:21:49 - [TEST_STEP][PASSED] - switch (Paymenttype): null

2024-10-17 14:21:49 - [TEST_STEP][PASSED] - case "Existing Liability with Notice/Invoice Number":: null

2024-10-17 14:21:49 - [TEST_STEP][PASSED] - setEncryptedText(findTestObject("Object Repository/RAD_RecordAndPlay/input_Existing_FEIN"), "RigbBhfdqOBDK95asqKeHw=="): Text ****** has been set on object 'Object Repository/RAD_RecordAndPlay/input_Existing_FEIN'

2024-10-17 14:21:50 - [MESSAGE][PASSED] - Text ****** has been set on object 'Object Repository/RAD_RecordAndPlay/input_Existing_FEIN'

2024-10-17 14:21:50 - [TEST_STEP][PASSED] - setEncryptedText(findTestObject("Object Repository/RAD_RecordAndPlay/input_Existing_RetypeFEIN"), ""): Text ****** has been set on object 'Object Repository/RAD_RecordAndPlay/input_Existing_RetypeFEIN'

2024-10-17 14:21:50 - [MESSAGE][PASSED] - Text ****** has been set on object 'Object Repository/RAD_RecordAndPlay/input_Existing_RetypeFEIN'

2024-10-17 14:21:50 - [TEST_STEP][PASSED] - break: null

2024-10-17 14:21:50 - [TEST_STEP][PASSED] - verifyTextPresent("Please enter a valid FEIN with 9 digits.", true): Text 'Please enter a valid FEIN with 9 digits.' is present on page  using regular expression

2024-10-17 14:21:51 - [MESSAGE][PASSED] - Text 'Please enter a valid FEIN with 9 digits.' is present on page  using regular expression

2024-10-17 14:21:51 - [TEST_STEP][PASSED] - if (verifyTextPresent("Please enter a valid FEIN with 9 digits.", true)): null

2024-10-17 14:21:51 - [MESSAGE][PASSED] - Text 'Please enter a valid FEIN with 9 digits.' is present on page  using regular expression

2024-10-17 14:21:51 - [TEST_STEP][PASSED] - println("Error Message is present on the page"): null

2024-10-17 14:21:51 - [TEST_STEP][PASSED] - out.println("Pass Record Number: " + row): null

2024-10-17 14:21:51 - [TEST_STEP][PASSED] - resText = "Pass": null

2024-10-17 14:21:51 - [TEST_STEP][PASSED] - pages.WriteExcel.demoKey(resText, datText, resColumn, datCloumn, fileLoc, nameSheet, row): pages.WriteExcel.demoKey is PASSED

2024-10-17 14:21:51 - [MESSAGE][PASSED] - pages.WriteExcel.demoKey is PASSED

2024-10-17 14:21:51 - [TEST_STEP][PASSED] - ExecuteTC = findTestData(dataFile).getValue("Execute", row): null

2024-10-17 14:21:51 - [TEST_STEP][PASSED] - Taxtype = findTestData(dataFile).getValue("TaxType", row): null

2024-10-17 14:21:51 - [TEST_STEP][PASSED] - Paymenttype = findTestData(dataFile).getValue("PaymentType", row): null

2024-10-17 14:21:51 - [TEST_STEP][PASSED] - out.println("Value of Execute is : " + ExecuteTC): null

2024-10-17 14:21:51 - [TEST_STEP][PASSED] - if (ExecuteTC.equalsIgnoreCase("Y")): null

2024-10-17 14:21:51 - [TEST_STEP][PASSED] - out.println("Begin Record Number: " + row): null

2024-10-17 14:21:51 - [TEST_STEP][PASSED] - today = new java.util.Date(): null

2024-10-17 14:21:51 - [TEST_STEP][PASSED] - println(today): null

2024-10-17 14:21:51 - [TEST_STEP][PASSED] - datText = today: null

2024-10-17 14:21:51 - [TEST_STEP][PASSED] - Taxtype = findTestData(dataFile).getValue("TaxType", row): null

2024-10-17 14:21:51 - [TEST_STEP][PASSED] - out.println("Taxtype value is : " + Taxtype): null

2024-10-17 14:21:51 - [TEST_STEP][PASSED] - openBrowser(""): Browser is opened with url: ''

2024-10-17 14:21:51 - [MESSAGE][WARNING] - A browser is already opened. Closing browser and opening a new one

2024-10-17 14:21:53 - [MESSAGE][INFO] - Starting 'Chrome' driver

2024-10-17 14:21:53 - [MESSAGE][INFO] - User set preference: ['acceptInsecureCerts', 'true']

2024-10-17 14:21:53 - [MESSAGE][INFO] - Action delay is set to 0 milliseconds

2024-10-17 14:21:54 - [MESSAGE][PASSED] - Browser is opened with url: ''

2024-10-17 14:21:54 - [TEST_STEP][PASSED] - maximizeWindow(): Current window maximized

2024-10-17 14:21:55 - [MESSAGE][PASSED] - Current window maximized

2024-10-17 14:21:55 - [TEST_STEP][PASSED] - navigateToUrl(RADurl): Navigate to 'https://demo.velocitypayment.com/client/rad/index.html' successfully

2024-10-17 14:21:57 - [MESSAGE][PASSED] - Navigate to 'https://demo.velocitypayment.com/client/rad/index.html' successfully

2024-10-17 14:21:57 - [TEST_STEP][PASSED] - orPath_Landing = "Object Repository/RAD_Pages/Landing_Page": null

2024-10-17 14:21:57 - [TEST_STEP][PASSED] - orPath_TaxTypeFilingYear = "Object Repository/RAD_Pages/TaxTypeFilingYear_Page": null

2024-10-17 14:21:57 - [TEST_STEP][PASSED] - orPath_TaxPayer = "Object Repository/RAD_Pages/Taxpayer_Page": null

2024-10-17 14:21:57 - [TEST_STEP][PASSED] - orPath_AddressContact = "Object Repository/RAD_Pages/AddressAndContactInfo_Page": null

2024-10-17 14:21:57 - [TEST_STEP][PASSED] - orPath_FilingStatus = "Object Repository/RAD_Pages/FilingStatus_Page": null

2024-10-17 14:21:57 - [TEST_STEP][PASSED] - orPath_Amount = "Object Repository/RAD_Pages/PaymentAmount_Page": null

2024-10-17 14:21:57 - [TEST_STEP][PASSED] - orPath_TaxInfo = "Object Repository/RAD_Pages/TaxInfo_Page": null

2024-10-17 14:21:57 - [TEST_STEP][PASSED] - orPath_Withholding = "Object Repository/RAD_Pages/Withholding_Page": null

2024-10-17 14:21:57 - [TEST_STEP][PASSED] - orPath_Summary = "Object Repository/RAD_Pages/Summary_Page": null

2024-10-17 14:21:57 - [TEST_STEP][PASSED] - orPath_PaymentReady = "Object Repository/RAD_Pages/PaymentReady_Page": null

2024-10-17 14:21:57 - [TEST_STEP][PASSED] - orPath_PaymentEntry = "Object Repository/RAD_Pages/PaymentEntry_Page": null

2024-10-17 14:21:57 - [TEST_STEP][PASSED] - orPath_PaymentConfirmation = "Object Repository/RAD_Pages/PaymentConfirmation_Page": null

2024-10-17 14:21:57 - [TEST_STEP][PASSED] - orPath_ServiceFeesAccept = "Object Repository/RAD_Pages/ServiceFeeAccept_Page": null

2024-10-17 14:21:57 - [TEST_STEP][PASSED] - selectOptionByLabel(findTestObject(orPath_Landing + "/dd_TaxType"), Paymenttype, false): All options with label 'Existing Liability with Notice/Invoice Number' are selected in object 'Object Repository/RAD_Pages/Landing_Page/dd_TaxType' 

2024-10-17 14:21:57 - [MESSAGE][PASSED] - All options with label 'Existing Liability with Notice/Invoice Number' are selected in object 'Object Repository/RAD_Pages/Landing_Page/dd_TaxType' 

2024-10-17 14:21:57 - [TEST_STEP][PASSED] - delay(1): Delayed 1 second(s)

2024-10-17 14:21:58 - [MESSAGE][PASSED] - Delayed 1 second(s)

2024-10-17 14:21:58 - [TEST_STEP][PASSED] - switch (Paymenttype): null

2024-10-17 14:21:58 - [TEST_STEP][PASSED] - case "Existing Liability with Notice/Invoice Number":: null

2024-10-17 14:21:58 - [TEST_STEP][PASSED] - selectOptionByLabel(findTestObject(orPath_TaxTypeFilingYear + "/select_TaxType_ExistingLiability"), Taxtype, false): All options with label 'Withholding Tax' are selected in object 'Object Repository/RAD_Pages/TaxTypeFilingYear_Page/select_TaxType_ExistingLiability' 

2024-10-17 14:21:59 - [MESSAGE][PASSED] - All options with label 'Withholding Tax' are selected in object 'Object Repository/RAD_Pages/TaxTypeFilingYear_Page/select_TaxType_ExistingLiability' 

2024-10-17 14:21:59 - [TEST_STEP][PASSED] - break: null

2024-10-17 14:21:59 - [TEST_STEP][PASSED] - delay(1): Delayed 1 second(s)

2024-10-17 14:22:00 - [MESSAGE][PASSED] - Delayed 1 second(s)

2024-10-17 14:22:00 - [TEST_STEP][PASSED] - switch (Paymenttype): null

2024-10-17 14:22:00 - [TEST_STEP][PASSED] - case "Existing Liability with Notice/Invoice Number":: null

2024-10-17 14:22:00 - [TEST_STEP][PASSED] - setEncryptedText(findTestObject("Object Repository/RAD_RecordAndPlay/input_Existing_FEIN"), "RigbBhfdqOBDK95asqKeHw=="): Text ****** has been set on object 'Object Repository/RAD_RecordAndPlay/input_Existing_FEIN'

2024-10-17 14:22:00 - [MESSAGE][PASSED] - Text ****** has been set on object 'Object Repository/RAD_RecordAndPlay/input_Existing_FEIN'

2024-10-17 14:22:00 - [TEST_STEP][PASSED] - setEncryptedText(findTestObject("Object Repository/RAD_RecordAndPlay/input_Existing_RetypeFEIN"), ""): Text ****** has been set on object 'Object Repository/RAD_RecordAndPlay/input_Existing_RetypeFEIN'

2024-10-17 14:22:01 - [MESSAGE][PASSED] - Text ****** has been set on object 'Object Repository/RAD_RecordAndPlay/input_Existing_RetypeFEIN'

2024-10-17 14:22:01 - [TEST_STEP][PASSED] - break: null

2024-10-17 14:22:01 - [TEST_STEP][PASSED] - verifyTextPresent("Please enter a valid FEIN with 9 digits.", true): Text 'Please enter a valid FEIN with 9 digits.' is present on page  using regular expression

2024-10-17 14:22:02 - [MESSAGE][PASSED] - Text 'Please enter a valid FEIN with 9 digits.' is present on page  using regular expression

2024-10-17 14:22:02 - [TEST_STEP][PASSED] - if (verifyTextPresent("Please enter a valid FEIN with 9 digits.", true)): null

2024-10-17 14:22:02 - [MESSAGE][PASSED] - Text 'Please enter a valid FEIN with 9 digits.' is present on page  using regular expression

2024-10-17 14:22:02 - [TEST_STEP][PASSED] - println("Error Message is present on the page"): null

2024-10-17 14:22:02 - [TEST_STEP][PASSED] - out.println("Pass Record Number: " + row): null

2024-10-17 14:22:02 - [TEST_STEP][PASSED] - resText = "Pass": null

2024-10-17 14:22:02 - [TEST_STEP][PASSED] - pages.WriteExcel.demoKey(resText, datText, resColumn, datCloumn, fileLoc, nameSheet, row): pages.WriteExcel.demoKey is PASSED

2024-10-17 14:22:02 - [MESSAGE][PASSED] - pages.WriteExcel.demoKey is PASSED

2024-10-17 14:22:02 - [TEST_STEP][PASSED] - ExecuteTC = findTestData(dataFile).getValue("Execute", row): null

2024-10-17 14:22:02 - [TEST_STEP][PASSED] - Taxtype = findTestData(dataFile).getValue("TaxType", row): null

2024-10-17 14:22:02 - [TEST_STEP][PASSED] - Paymenttype = findTestData(dataFile).getValue("PaymentType", row): null

2024-10-17 14:22:02 - [TEST_STEP][PASSED] - out.println("Value of Execute is : " + ExecuteTC): null

2024-10-17 14:22:02 - [TEST_STEP][PASSED] - if (ExecuteTC.equalsIgnoreCase("Y")): null

2024-10-17 14:22:02 - [TEST_STEP][PASSED] - out.println("Begin Record Number: " + row): null

2024-10-17 14:22:02 - [TEST_STEP][PASSED] - today = new java.util.Date(): null

2024-10-17 14:22:02 - [TEST_STEP][PASSED] - println(today): null

2024-10-17 14:22:02 - [TEST_STEP][PASSED] - datText = today: null

2024-10-17 14:22:02 - [TEST_STEP][PASSED] - Taxtype = findTestData(dataFile).getValue("TaxType", row): null

2024-10-17 14:22:02 - [TEST_STEP][PASSED] - out.println("Taxtype value is : " + Taxtype): null

2024-10-17 14:22:02 - [TEST_STEP][PASSED] - openBrowser(""): Browser is opened with url: ''

2024-10-17 14:22:02 - [MESSAGE][WARNING] - A browser is already opened. Closing browser and opening a new one

2024-10-17 14:22:04 - [MESSAGE][INFO] - Starting 'Chrome' driver

2024-10-17 14:22:04 - [MESSAGE][INFO] - User set preference: ['acceptInsecureCerts', 'true']

2024-10-17 14:22:04 - [MESSAGE][INFO] - Action delay is set to 0 milliseconds

2024-10-17 14:22:06 - [MESSAGE][PASSED] - Browser is opened with url: ''

2024-10-17 14:22:06 - [TEST_STEP][PASSED] - maximizeWindow(): Current window maximized

2024-10-17 14:22:06 - [MESSAGE][PASSED] - Current window maximized

2024-10-17 14:22:06 - [TEST_STEP][PASSED] - navigateToUrl(RADurl): Navigate to 'https://demo.velocitypayment.com/client/rad/index.html' successfully

2024-10-17 14:22:08 - [MESSAGE][PASSED] - Navigate to 'https://demo.velocitypayment.com/client/rad/index.html' successfully

2024-10-17 14:22:08 - [TEST_STEP][PASSED] - orPath_Landing = "Object Repository/RAD_Pages/Landing_Page": null

2024-10-17 14:22:08 - [TEST_STEP][PASSED] - orPath_TaxTypeFilingYear = "Object Repository/RAD_Pages/TaxTypeFilingYear_Page": null

2024-10-17 14:22:08 - [TEST_STEP][PASSED] - orPath_TaxPayer = "Object Repository/RAD_Pages/Taxpayer_Page": null

2024-10-17 14:22:08 - [TEST_STEP][PASSED] - orPath_AddressContact = "Object Repository/RAD_Pages/AddressAndContactInfo_Page": null

2024-10-17 14:22:08 - [TEST_STEP][PASSED] - orPath_FilingStatus = "Object Repository/RAD_Pages/FilingStatus_Page": null

2024-10-17 14:22:08 - [TEST_STEP][PASSED] - orPath_Amount = "Object Repository/RAD_Pages/PaymentAmount_Page": null

2024-10-17 14:22:08 - [TEST_STEP][PASSED] - orPath_TaxInfo = "Object Repository/RAD_Pages/TaxInfo_Page": null

2024-10-17 14:22:08 - [TEST_STEP][PASSED] - orPath_Withholding = "Object Repository/RAD_Pages/Withholding_Page": null

2024-10-17 14:22:08 - [TEST_STEP][PASSED] - orPath_Summary = "Object Repository/RAD_Pages/Summary_Page": null

2024-10-17 14:22:08 - [TEST_STEP][PASSED] - orPath_PaymentReady = "Object Repository/RAD_Pages/PaymentReady_Page": null

2024-10-17 14:22:08 - [TEST_STEP][PASSED] - orPath_PaymentEntry = "Object Repository/RAD_Pages/PaymentEntry_Page": null

2024-10-17 14:22:08 - [TEST_STEP][PASSED] - orPath_PaymentConfirmation = "Object Repository/RAD_Pages/PaymentConfirmation_Page": null

2024-10-17 14:22:08 - [TEST_STEP][PASSED] - orPath_ServiceFeesAccept = "Object Repository/RAD_Pages/ServiceFeeAccept_Page": null

2024-10-17 14:22:08 - [TEST_STEP][PASSED] - selectOptionByLabel(findTestObject(orPath_Landing + "/dd_TaxType"), Paymenttype, false): All options with label 'Existing Liability with Notice/Invoice Number' are selected in object 'Object Repository/RAD_Pages/Landing_Page/dd_TaxType' 

2024-10-17 14:22:09 - [MESSAGE][PASSED] - All options with label 'Existing Liability with Notice/Invoice Number' are selected in object 'Object Repository/RAD_Pages/Landing_Page/dd_TaxType' 

2024-10-17 14:22:09 - [TEST_STEP][PASSED] - delay(1): Delayed 1 second(s)

2024-10-17 14:22:10 - [MESSAGE][PASSED] - Delayed 1 second(s)

2024-10-17 14:22:10 - [TEST_STEP][PASSED] - switch (Paymenttype): null

2024-10-17 14:22:10 - [TEST_STEP][PASSED] - case "Existing Liability with Notice/Invoice Number":: null

2024-10-17 14:22:10 - [TEST_STEP][PASSED] - selectOptionByLabel(findTestObject(orPath_TaxTypeFilingYear + "/select_TaxType_ExistingLiability"), Taxtype, false): All options with label 'Alcohol Tax' are selected in object 'Object Repository/RAD_Pages/TaxTypeFilingYear_Page/select_TaxType_ExistingLiability' 

2024-10-17 14:22:10 - [MESSAGE][PASSED] - All options with label 'Alcohol Tax' are selected in object 'Object Repository/RAD_Pages/TaxTypeFilingYear_Page/select_TaxType_ExistingLiability' 

2024-10-17 14:22:10 - [TEST_STEP][PASSED] - break: null

2024-10-17 14:22:10 - [TEST_STEP][PASSED] - delay(1): Delayed 1 second(s)

2024-10-17 14:22:11 - [MESSAGE][PASSED] - Delayed 1 second(s)

2024-10-17 14:22:11 - [TEST_STEP][PASSED] - switch (Paymenttype): null

2024-10-17 14:22:11 - [TEST_STEP][PASSED] - case "Existing Liability with Notice/Invoice Number":: null

2024-10-17 14:22:11 - [TEST_STEP][PASSED] - setEncryptedText(findTestObject("Object Repository/RAD_RecordAndPlay/input_Existing_FEIN"), "RigbBhfdqOBDK95asqKeHw=="): Text ****** has been set on object 'Object Repository/RAD_RecordAndPlay/input_Existing_FEIN'

2024-10-17 14:22:12 - [MESSAGE][PASSED] - Text ****** has been set on object 'Object Repository/RAD_RecordAndPlay/input_Existing_FEIN'

2024-10-17 14:22:12 - [TEST_STEP][PASSED] - setEncryptedText(findTestObject("Object Repository/RAD_RecordAndPlay/input_Existing_RetypeFEIN"), ""): Text ****** has been set on object 'Object Repository/RAD_RecordAndPlay/input_Existing_RetypeFEIN'

2024-10-17 14:22:13 - [MESSAGE][PASSED] - Text ****** has been set on object 'Object Repository/RAD_RecordAndPlay/input_Existing_RetypeFEIN'

2024-10-17 14:22:13 - [TEST_STEP][PASSED] - break: null

2024-10-17 14:22:13 - [TEST_STEP][PASSED] - verifyTextPresent("Please enter a valid FEIN with 9 digits.", true): Text 'Please enter a valid FEIN with 9 digits.' is present on page  using regular expression

2024-10-17 14:22:13 - [MESSAGE][PASSED] - Text 'Please enter a valid FEIN with 9 digits.' is present on page  using regular expression

2024-10-17 14:22:13 - [TEST_STEP][PASSED] - if (verifyTextPresent("Please enter a valid FEIN with 9 digits.", true)): null

2024-10-17 14:22:13 - [MESSAGE][PASSED] - Text 'Please enter a valid FEIN with 9 digits.' is present on page  using regular expression

2024-10-17 14:22:13 - [TEST_STEP][PASSED] - println("Error Message is present on the page"): null

2024-10-17 14:22:13 - [TEST_STEP][PASSED] - out.println("Pass Record Number: " + row): null

2024-10-17 14:22:13 - [TEST_STEP][PASSED] - resText = "Pass": null

2024-10-17 14:22:13 - [TEST_STEP][PASSED] - pages.WriteExcel.demoKey(resText, datText, resColumn, datCloumn, fileLoc, nameSheet, row): pages.WriteExcel.demoKey is PASSED

2024-10-17 14:22:14 - [MESSAGE][PASSED] - pages.WriteExcel.demoKey is PASSED

2024-10-17 14:22:14 - [TEST_STEP][PASSED] - ExecuteTC = findTestData(dataFile).getValue("Execute", row): null

2024-10-17 14:22:14 - [TEST_STEP][PASSED] - Taxtype = findTestData(dataFile).getValue("TaxType", row): null

2024-10-17 14:22:14 - [TEST_STEP][PASSED] - Paymenttype = findTestData(dataFile).getValue("PaymentType", row): null

2024-10-17 14:22:14 - [TEST_STEP][PASSED] - out.println("Value of Execute is : " + ExecuteTC): null

2024-10-17 14:22:14 - [TEST_STEP][PASSED] - if (ExecuteTC.equalsIgnoreCase("Y")): null

2024-10-17 14:22:14 - [TEST_STEP][PASSED] - out.println("Begin Record Number: " + row): null

2024-10-17 14:22:14 - [TEST_STEP][PASSED] - today = new java.util.Date(): null

2024-10-17 14:22:14 - [TEST_STEP][PASSED] - println(today): null

2024-10-17 14:22:14 - [TEST_STEP][PASSED] - datText = today: null

2024-10-17 14:22:14 - [TEST_STEP][PASSED] - Taxtype = findTestData(dataFile).getValue("TaxType", row): null

2024-10-17 14:22:14 - [TEST_STEP][PASSED] - out.println("Taxtype value is : " + Taxtype): null

2024-10-17 14:22:14 - [TEST_STEP][PASSED] - openBrowser(""): Browser is opened with url: ''

2024-10-17 14:22:14 - [MESSAGE][WARNING] - A browser is already opened. Closing browser and opening a new one

2024-10-17 14:22:17 - [MESSAGE][INFO] - Starting 'Chrome' driver

2024-10-17 14:22:17 - [MESSAGE][INFO] - User set preference: ['acceptInsecureCerts', 'true']

2024-10-17 14:22:17 - [MESSAGE][INFO] - Action delay is set to 0 milliseconds

2024-10-17 14:22:19 - [MESSAGE][PASSED] - Browser is opened with url: ''

2024-10-17 14:22:19 - [TEST_STEP][PASSED] - maximizeWindow(): Current window maximized

2024-10-17 14:22:19 - [MESSAGE][PASSED] - Current window maximized

2024-10-17 14:22:19 - [TEST_STEP][PASSED] - navigateToUrl(RADurl): Navigate to 'https://demo.velocitypayment.com/client/rad/index.html' successfully

2024-10-17 14:22:21 - [MESSAGE][PASSED] - Navigate to 'https://demo.velocitypayment.com/client/rad/index.html' successfully

2024-10-17 14:22:21 - [TEST_STEP][PASSED] - orPath_Landing = "Object Repository/RAD_Pages/Landing_Page": null

2024-10-17 14:22:21 - [TEST_STEP][PASSED] - orPath_TaxTypeFilingYear = "Object Repository/RAD_Pages/TaxTypeFilingYear_Page": null

2024-10-17 14:22:21 - [TEST_STEP][PASSED] - orPath_TaxPayer = "Object Repository/RAD_Pages/Taxpayer_Page": null

2024-10-17 14:22:21 - [TEST_STEP][PASSED] - orPath_AddressContact = "Object Repository/RAD_Pages/AddressAndContactInfo_Page": null

2024-10-17 14:22:21 - [TEST_STEP][PASSED] - orPath_FilingStatus = "Object Repository/RAD_Pages/FilingStatus_Page": null

2024-10-17 14:22:21 - [TEST_STEP][PASSED] - orPath_Amount = "Object Repository/RAD_Pages/PaymentAmount_Page": null

2024-10-17 14:22:21 - [TEST_STEP][PASSED] - orPath_TaxInfo = "Object Repository/RAD_Pages/TaxInfo_Page": null

2024-10-17 14:22:21 - [TEST_STEP][PASSED] - orPath_Withholding = "Object Repository/RAD_Pages/Withholding_Page": null

2024-10-17 14:22:21 - [TEST_STEP][PASSED] - orPath_Summary = "Object Repository/RAD_Pages/Summary_Page": null

2024-10-17 14:22:21 - [TEST_STEP][PASSED] - orPath_PaymentReady = "Object Repository/RAD_Pages/PaymentReady_Page": null

2024-10-17 14:22:21 - [TEST_STEP][PASSED] - orPath_PaymentEntry = "Object Repository/RAD_Pages/PaymentEntry_Page": null

2024-10-17 14:22:21 - [TEST_STEP][PASSED] - orPath_PaymentConfirmation = "Object Repository/RAD_Pages/PaymentConfirmation_Page": null

2024-10-17 14:22:21 - [TEST_STEP][PASSED] - orPath_ServiceFeesAccept = "Object Repository/RAD_Pages/ServiceFeeAccept_Page": null

2024-10-17 14:22:21 - [TEST_STEP][PASSED] - selectOptionByLabel(findTestObject(orPath_Landing + "/dd_TaxType"), Paymenttype, false): All options with label 'Quarterly Estimated Tax' are selected in object 'Object Repository/RAD_Pages/Landing_Page/dd_TaxType' 

2024-10-17 14:22:21 - [MESSAGE][PASSED] - All options with label 'Quarterly Estimated Tax' are selected in object 'Object Repository/RAD_Pages/Landing_Page/dd_TaxType' 

2024-10-17 14:22:21 - [TEST_STEP][PASSED] - delay(1): Delayed 1 second(s)

2024-10-17 14:22:22 - [MESSAGE][PASSED] - Delayed 1 second(s)

2024-10-17 14:22:22 - [TEST_STEP][PASSED] - switch (Paymenttype): null

2024-10-17 14:22:22 - [TEST_STEP][PASSED] - case "Quarterly Estimated Tax":: null

2024-10-17 14:22:22 - [TEST_STEP][PASSED] - selectOptionByLabel(findTestObject(orPath_TaxTypeFilingYear + "/select_PaymentType"), Taxtype, false): All options with label 'Corporate Income Tax' are selected in object 'Object Repository/RAD_Pages/TaxTypeFilingYear_Page/select_PaymentType' 

2024-10-17 14:22:23 - [MESSAGE][PASSED] - All options with label 'Corporate Income Tax' are selected in object 'Object Repository/RAD_Pages/TaxTypeFilingYear_Page/select_PaymentType' 

2024-10-17 14:22:23 - [TEST_STEP][PASSED] - break: null

2024-10-17 14:22:23 - [TEST_STEP][PASSED] - delay(1): Delayed 1 second(s)

2024-10-17 14:22:24 - [MESSAGE][PASSED] - Delayed 1 second(s)

2024-10-17 14:22:24 - [TEST_STEP][PASSED] - switch (Paymenttype): null

2024-10-17 14:22:24 - [TEST_STEP][PASSED] - case "Quarterly Estimated Tax":: null

2024-10-17 14:22:24 - [TEST_STEP][PASSED] - setEncryptedText(findTestObject(orPath_TaxInfo + "/input_FederalEIN"), "RigbBhfdqOBDK95asqKeHw=="): Text ****** has been set on object 'Object Repository/RAD_Pages/TaxInfo_Page/input_FederalEIN'

2024-10-17 14:22:25 - [MESSAGE][PASSED] - Text ****** has been set on object 'Object Repository/RAD_Pages/TaxInfo_Page/input_FederalEIN'

2024-10-17 14:22:25 - [TEST_STEP][PASSED] - setEncryptedText(findTestObject(orPath_TaxInfo + "/input_FederalEIN_ReEnter"), ""): Text ****** has been set on object 'Object Repository/RAD_Pages/TaxInfo_Page/input_FederalEIN_ReEnter'

2024-10-17 14:22:25 - [MESSAGE][PASSED] - Text ****** has been set on object 'Object Repository/RAD_Pages/TaxInfo_Page/input_FederalEIN_ReEnter'

2024-10-17 14:22:25 - [TEST_STEP][PASSED] - break: null

2024-10-17 14:22:25 - [TEST_STEP][PASSED] - verifyTextPresent("Please enter a valid FEIN with 9 digits.", true): Text 'Please enter a valid FEIN with 9 digits.' is present on page  using regular expression

2024-10-17 14:22:26 - [MESSAGE][PASSED] - Text 'Please enter a valid FEIN with 9 digits.' is present on page  using regular expression

2024-10-17 14:22:26 - [TEST_STEP][PASSED] - if (verifyTextPresent("Please enter a valid FEIN with 9 digits.", true)): null

2024-10-17 14:22:26 - [MESSAGE][PASSED] - Text 'Please enter a valid FEIN with 9 digits.' is present on page  using regular expression

2024-10-17 14:22:26 - [TEST_STEP][PASSED] - println("Error Message is present on the page"): null

2024-10-17 14:22:26 - [TEST_STEP][PASSED] - out.println("Pass Record Number: " + row): null

2024-10-17 14:22:26 - [TEST_STEP][PASSED] - resText = "Pass": null

2024-10-17 14:22:26 - [TEST_STEP][PASSED] - pages.WriteExcel.demoKey(resText, datText, resColumn, datCloumn, fileLoc, nameSheet, row): pages.WriteExcel.demoKey is PASSED

2024-10-17 14:22:26 - [MESSAGE][PASSED] - pages.WriteExcel.demoKey is PASSED

2024-10-17 14:22:26 - [TEST_STEP][PASSED] - ExecuteTC = findTestData(dataFile).getValue("Execute", row): null

2024-10-17 14:22:27 - [TEST_STEP][PASSED] - Taxtype = findTestData(dataFile).getValue("TaxType", row): null

2024-10-17 14:22:27 - [TEST_STEP][PASSED] - Paymenttype = findTestData(dataFile).getValue("PaymentType", row): null

2024-10-17 14:22:27 - [TEST_STEP][PASSED] - out.println("Value of Execute is : " + ExecuteTC): null

2024-10-17 14:22:27 - [TEST_STEP][PASSED] - if (ExecuteTC.equalsIgnoreCase("Y")): null

2024-10-17 14:22:27 - [TEST_STEP][PASSED] - out.println("Begin Record Number: " + row): null

2024-10-17 14:22:27 - [TEST_STEP][PASSED] - today = new java.util.Date(): null

2024-10-17 14:22:27 - [TEST_STEP][PASSED] - println(today): null

2024-10-17 14:22:27 - [TEST_STEP][PASSED] - datText = today: null

2024-10-17 14:22:27 - [TEST_STEP][PASSED] - Taxtype = findTestData(dataFile).getValue("TaxType", row): null

2024-10-17 14:22:27 - [TEST_STEP][PASSED] - out.println("Taxtype value is : " + Taxtype): null

2024-10-17 14:22:27 - [TEST_STEP][PASSED] - openBrowser(""): Browser is opened with url: ''

2024-10-17 14:22:27 - [MESSAGE][WARNING] - A browser is already opened. Closing browser and opening a new one

2024-10-17 14:22:28 - [MESSAGE][INFO] - Starting 'Chrome' driver

2024-10-17 14:22:28 - [MESSAGE][INFO] - User set preference: ['acceptInsecureCerts', 'true']

2024-10-17 14:22:28 - [MESSAGE][INFO] - Action delay is set to 0 milliseconds

2024-10-17 14:22:30 - [MESSAGE][PASSED] - Browser is opened with url: ''

2024-10-17 14:22:30 - [TEST_STEP][PASSED] - maximizeWindow(): Current window maximized

2024-10-17 14:22:30 - [MESSAGE][PASSED] - Current window maximized

2024-10-17 14:22:30 - [TEST_STEP][PASSED] - navigateToUrl(RADurl): Navigate to 'https://demo.velocitypayment.com/client/rad/index.html' successfully

2024-10-17 14:22:30 - [MESSAGE][PASSED] - Navigate to 'https://demo.velocitypayment.com/client/rad/index.html' successfully

2024-10-17 14:22:30 - [TEST_STEP][PASSED] - orPath_Landing = "Object Repository/RAD_Pages/Landing_Page": null

2024-10-17 14:22:30 - [TEST_STEP][PASSED] - orPath_TaxTypeFilingYear = "Object Repository/RAD_Pages/TaxTypeFilingYear_Page": null

2024-10-17 14:22:30 - [TEST_STEP][PASSED] - orPath_TaxPayer = "Object Repository/RAD_Pages/Taxpayer_Page": null

2024-10-17 14:22:30 - [TEST_STEP][PASSED] - orPath_AddressContact = "Object Repository/RAD_Pages/AddressAndContactInfo_Page": null

2024-10-17 14:22:30 - [TEST_STEP][PASSED] - orPath_FilingStatus = "Object Repository/RAD_Pages/FilingStatus_Page": null

2024-10-17 14:22:30 - [TEST_STEP][PASSED] - orPath_Amount = "Object Repository/RAD_Pages/PaymentAmount_Page": null

2024-10-17 14:22:30 - [TEST_STEP][PASSED] - orPath_TaxInfo = "Object Repository/RAD_Pages/TaxInfo_Page": null

2024-10-17 14:22:30 - [TEST_STEP][PASSED] - orPath_Withholding = "Object Repository/RAD_Pages/Withholding_Page": null

2024-10-17 14:22:30 - [TEST_STEP][PASSED] - orPath_Summary = "Object Repository/RAD_Pages/Summary_Page": null

2024-10-17 14:22:30 - [TEST_STEP][PASSED] - orPath_PaymentReady = "Object Repository/RAD_Pages/PaymentReady_Page": null

2024-10-17 14:22:30 - [TEST_STEP][PASSED] - orPath_PaymentEntry = "Object Repository/RAD_Pages/PaymentEntry_Page": null

2024-10-17 14:22:30 - [TEST_STEP][PASSED] - orPath_PaymentConfirmation = "Object Repository/RAD_Pages/PaymentConfirmation_Page": null

2024-10-17 14:22:30 - [TEST_STEP][PASSED] - orPath_ServiceFeesAccept = "Object Repository/RAD_Pages/ServiceFeeAccept_Page": null

2024-10-17 14:22:30 - [TEST_STEP][PASSED] - selectOptionByLabel(findTestObject(orPath_Landing + "/dd_TaxType"), Paymenttype, false): All options with label 'Quarterly Estimated Tax' are selected in object 'Object Repository/RAD_Pages/Landing_Page/dd_TaxType' 

2024-10-17 14:22:32 - [MESSAGE][PASSED] - All options with label 'Quarterly Estimated Tax' are selected in object 'Object Repository/RAD_Pages/Landing_Page/dd_TaxType' 

2024-10-17 14:22:32 - [TEST_STEP][PASSED] - delay(1): Delayed 1 second(s)

2024-10-17 14:22:33 - [MESSAGE][PASSED] - Delayed 1 second(s)

2024-10-17 14:22:33 - [TEST_STEP][PASSED] - switch (Paymenttype): null

2024-10-17 14:22:33 - [TEST_STEP][PASSED] - case "Quarterly Estimated Tax":: null

2024-10-17 14:22:33 - [TEST_STEP][PASSED] - selectOptionByLabel(findTestObject(orPath_TaxTypeFilingYear + "/select_PaymentType"), Taxtype, false): All options with label 'Fiduciary Tax' are selected in object 'Object Repository/RAD_Pages/TaxTypeFilingYear_Page/select_PaymentType' 

2024-10-17 14:22:34 - [MESSAGE][PASSED] - All options with label 'Fiduciary Tax' are selected in object 'Object Repository/RAD_Pages/TaxTypeFilingYear_Page/select_PaymentType' 

2024-10-17 14:22:34 - [TEST_STEP][PASSED] - break: null

2024-10-17 14:22:34 - [TEST_STEP][PASSED] - delay(1): Delayed 1 second(s)

2024-10-17 14:22:35 - [MESSAGE][PASSED] - Delayed 1 second(s)

2024-10-17 14:22:35 - [TEST_STEP][PASSED] - switch (Paymenttype): null

2024-10-17 14:22:35 - [TEST_STEP][PASSED] - case "Quarterly Estimated Tax":: null

2024-10-17 14:22:35 - [TEST_STEP][PASSED] - setEncryptedText(findTestObject(orPath_TaxInfo + "/input_FederalEIN"), "RigbBhfdqOBDK95asqKeHw=="): Text ****** has been set on object 'Object Repository/RAD_Pages/TaxInfo_Page/input_FederalEIN'

2024-10-17 14:22:36 - [MESSAGE][PASSED] - Text ****** has been set on object 'Object Repository/RAD_Pages/TaxInfo_Page/input_FederalEIN'

2024-10-17 14:22:36 - [TEST_STEP][PASSED] - setEncryptedText(findTestObject(orPath_TaxInfo + "/input_FederalEIN_ReEnter"), ""): Text ****** has been set on object 'Object Repository/RAD_Pages/TaxInfo_Page/input_FederalEIN_ReEnter'

2024-10-17 14:22:37 - [MESSAGE][PASSED] - Text ****** has been set on object 'Object Repository/RAD_Pages/TaxInfo_Page/input_FederalEIN_ReEnter'

2024-10-17 14:22:37 - [TEST_STEP][PASSED] - break: null

2024-10-17 14:22:37 - [TEST_STEP][PASSED] - verifyTextPresent("Please enter a valid FEIN with 9 digits.", true): Text 'Please enter a valid FEIN with 9 digits.' is present on page  using regular expression

2024-10-17 14:22:37 - [MESSAGE][PASSED] - Text 'Please enter a valid FEIN with 9 digits.' is present on page  using regular expression

2024-10-17 14:22:37 - [TEST_STEP][PASSED] - if (verifyTextPresent("Please enter a valid FEIN with 9 digits.", true)): null

2024-10-17 14:22:38 - [MESSAGE][PASSED] - Text 'Please enter a valid FEIN with 9 digits.' is present on page  using regular expression

2024-10-17 14:22:38 - [TEST_STEP][PASSED] - println("Error Message is present on the page"): null

2024-10-17 14:22:38 - [TEST_STEP][PASSED] - out.println("Pass Record Number: " + row): null

2024-10-17 14:22:38 - [TEST_STEP][PASSED] - resText = "Pass": null

2024-10-17 14:22:38 - [TEST_STEP][PASSED] - pages.WriteExcel.demoKey(resText, datText, resColumn, datCloumn, fileLoc, nameSheet, row): pages.WriteExcel.demoKey is PASSED

2024-10-17 14:22:38 - [MESSAGE][PASSED] - pages.WriteExcel.demoKey is PASSED

2024-10-17 14:22:38 - [TEST_STEP][PASSED] - ExecuteTC = findTestData(dataFile).getValue("Execute", row): null

2024-10-17 14:22:38 - [TEST_STEP][PASSED] - Taxtype = findTestData(dataFile).getValue("TaxType", row): null

2024-10-17 14:22:38 - [TEST_STEP][PASSED] - Paymenttype = findTestData(dataFile).getValue("PaymentType", row): null

2024-10-17 14:22:38 - [TEST_STEP][PASSED] - out.println("Value of Execute is : " + ExecuteTC): null

2024-10-17 14:22:38 - [TEST_STEP][PASSED] - if (ExecuteTC.equalsIgnoreCase("Y")): null

2024-10-17 14:22:38 - [TEST_STEP][PASSED] - out.println("Begin Record Number: " + row): null

2024-10-17 14:22:38 - [TEST_STEP][PASSED] - today = new java.util.Date(): null

2024-10-17 14:22:38 - [TEST_STEP][PASSED] - println(today): null

2024-10-17 14:22:38 - [TEST_STEP][PASSED] - datText = today: null

2024-10-17 14:22:38 - [TEST_STEP][PASSED] - Taxtype = findTestData(dataFile).getValue("TaxType", row): null

2024-10-17 14:22:38 - [TEST_STEP][PASSED] - out.println("Taxtype value is : " + Taxtype): null

2024-10-17 14:22:38 - [TEST_STEP][PASSED] - openBrowser(""): Browser is opened with url: ''

2024-10-17 14:22:38 - [MESSAGE][WARNING] - A browser is already opened. Closing browser and opening a new one

2024-10-17 14:22:40 - [MESSAGE][INFO] - Starting 'Chrome' driver

2024-10-17 14:22:40 - [MESSAGE][INFO] - User set preference: ['acceptInsecureCerts', 'true']

2024-10-17 14:22:40 - [MESSAGE][INFO] - Action delay is set to 0 milliseconds

2024-10-17 14:22:41 - [MESSAGE][PASSED] - Browser is opened with url: ''

2024-10-17 14:22:41 - [TEST_STEP][PASSED] - maximizeWindow(): Current window maximized

2024-10-17 14:22:41 - [MESSAGE][PASSED] - Current window maximized

2024-10-17 14:22:41 - [TEST_STEP][PASSED] - navigateToUrl(RADurl): Navigate to 'https://demo.velocitypayment.com/client/rad/index.html' successfully

2024-10-17 14:22:44 - [MESSAGE][PASSED] - Navigate to 'https://demo.velocitypayment.com/client/rad/index.html' successfully

2024-10-17 14:22:44 - [TEST_STEP][PASSED] - orPath_Landing = "Object Repository/RAD_Pages/Landing_Page": null

2024-10-17 14:22:44 - [TEST_STEP][PASSED] - orPath_TaxTypeFilingYear = "Object Repository/RAD_Pages/TaxTypeFilingYear_Page": null

2024-10-17 14:22:44 - [TEST_STEP][PASSED] - orPath_TaxPayer = "Object Repository/RAD_Pages/Taxpayer_Page": null

2024-10-17 14:22:44 - [TEST_STEP][PASSED] - orPath_AddressContact = "Object Repository/RAD_Pages/AddressAndContactInfo_Page": null

2024-10-17 14:22:44 - [TEST_STEP][PASSED] - orPath_FilingStatus = "Object Repository/RAD_Pages/FilingStatus_Page": null

2024-10-17 14:22:44 - [TEST_STEP][PASSED] - orPath_Amount = "Object Repository/RAD_Pages/PaymentAmount_Page": null

2024-10-17 14:22:44 - [TEST_STEP][PASSED] - orPath_TaxInfo = "Object Repository/RAD_Pages/TaxInfo_Page": null

2024-10-17 14:22:44 - [TEST_STEP][PASSED] - orPath_Withholding = "Object Repository/RAD_Pages/Withholding_Page": null

2024-10-17 14:22:44 - [TEST_STEP][PASSED] - orPath_Summary = "Object Repository/RAD_Pages/Summary_Page": null

2024-10-17 14:22:44 - [TEST_STEP][PASSED] - orPath_PaymentReady = "Object Repository/RAD_Pages/PaymentReady_Page": null

2024-10-17 14:22:44 - [TEST_STEP][PASSED] - orPath_PaymentEntry = "Object Repository/RAD_Pages/PaymentEntry_Page": null

2024-10-17 14:22:44 - [TEST_STEP][PASSED] - orPath_PaymentConfirmation = "Object Repository/RAD_Pages/PaymentConfirmation_Page": null

2024-10-17 14:22:44 - [TEST_STEP][PASSED] - orPath_ServiceFeesAccept = "Object Repository/RAD_Pages/ServiceFeeAccept_Page": null

2024-10-17 14:22:44 - [TEST_STEP][PASSED] - selectOptionByLabel(findTestObject(orPath_Landing + "/dd_TaxType"), Paymenttype, false): All options with label 'Extension Payments' are selected in object 'Object Repository/RAD_Pages/Landing_Page/dd_TaxType' 

2024-10-17 14:22:44 - [MESSAGE][PASSED] - All options with label 'Extension Payments' are selected in object 'Object Repository/RAD_Pages/Landing_Page/dd_TaxType' 

2024-10-17 14:22:44 - [TEST_STEP][PASSED] - delay(1): Delayed 1 second(s)

2024-10-17 14:22:45 - [MESSAGE][PASSED] - Delayed 1 second(s)

2024-10-17 14:22:45 - [TEST_STEP][PASSED] - switch (Paymenttype): null

2024-10-17 14:22:45 - [TEST_STEP][PASSED] - case "Extension Payments":: null

2024-10-17 14:22:45 - [TEST_STEP][PASSED] - selectOptionByLabel(findTestObject(orPath_TaxTypeFilingYear + "/select_PaymentType"), Taxtype, false): All options with label 'Corporate Income Tax' are selected in object 'Object Repository/RAD_Pages/TaxTypeFilingYear_Page/select_PaymentType' 

2024-10-17 14:22:46 - [MESSAGE][PASSED] - All options with label 'Corporate Income Tax' are selected in object 'Object Repository/RAD_Pages/TaxTypeFilingYear_Page/select_PaymentType' 

2024-10-17 14:22:46 - [TEST_STEP][PASSED] - break: null

2024-10-17 14:22:46 - [TEST_STEP][PASSED] - delay(1): Delayed 1 second(s)

2024-10-17 14:22:47 - [MESSAGE][PASSED] - Delayed 1 second(s)

2024-10-17 14:22:47 - [TEST_STEP][PASSED] - switch (Paymenttype): null

2024-10-17 14:22:47 - [TEST_STEP][PASSED] - case "Extension Payments":: null

2024-10-17 14:22:47 - [TEST_STEP][PASSED] - setEncryptedText(findTestObject(orPath_TaxInfo + "/input_FederalEIN"), "RigbBhfdqOBDK95asqKeHw=="): Text ****** has been set on object 'Object Repository/RAD_Pages/TaxInfo_Page/input_FederalEIN'

2024-10-17 14:22:48 - [MESSAGE][PASSED] - Text ****** has been set on object 'Object Repository/RAD_Pages/TaxInfo_Page/input_FederalEIN'

2024-10-17 14:22:48 - [TEST_STEP][PASSED] - setEncryptedText(findTestObject(orPath_TaxInfo + "/input_FederalEIN_ReEnter"), ""): Text ****** has been set on object 'Object Repository/RAD_Pages/TaxInfo_Page/input_FederalEIN_ReEnter'

2024-10-17 14:22:49 - [MESSAGE][PASSED] - Text ****** has been set on object 'Object Repository/RAD_Pages/TaxInfo_Page/input_FederalEIN_ReEnter'

2024-10-17 14:22:49 - [TEST_STEP][PASSED] - break: null

2024-10-17 14:22:49 - [TEST_STEP][PASSED] - verifyTextPresent("Please enter a valid FEIN with 9 digits.", true): Text 'Please enter a valid FEIN with 9 digits.' is present on page  using regular expression

2024-10-17 14:22:49 - [MESSAGE][PASSED] - Text 'Please enter a valid FEIN with 9 digits.' is present on page  using regular expression

2024-10-17 14:22:49 - [TEST_STEP][PASSED] - if (verifyTextPresent("Please enter a valid FEIN with 9 digits.", true)): null

2024-10-17 14:22:50 - [MESSAGE][PASSED] - Text 'Please enter a valid FEIN with 9 digits.' is present on page  using regular expression

2024-10-17 14:22:50 - [TEST_STEP][PASSED] - println("Error Message is present on the page"): null

2024-10-17 14:22:50 - [TEST_STEP][PASSED] - out.println("Pass Record Number: " + row): null

2024-10-17 14:22:50 - [TEST_STEP][PASSED] - resText = "Pass": null

2024-10-17 14:22:50 - [TEST_STEP][PASSED] - pages.WriteExcel.demoKey(resText, datText, resColumn, datCloumn, fileLoc, nameSheet, row): pages.WriteExcel.demoKey is PASSED

2024-10-17 14:22:50 - [MESSAGE][PASSED] - pages.WriteExcel.demoKey is PASSED

2024-10-17 14:22:50 - [TEST_STEP][PASSED] - ExecuteTC = findTestData(dataFile).getValue("Execute", row): null

2024-10-17 14:22:50 - [TEST_STEP][PASSED] - Taxtype = findTestData(dataFile).getValue("TaxType", row): null

2024-10-17 14:22:50 - [TEST_STEP][PASSED] - Paymenttype = findTestData(dataFile).getValue("PaymentType", row): null

2024-10-17 14:22:50 - [TEST_STEP][PASSED] - out.println("Value of Execute is : " + ExecuteTC): null

2024-10-17 14:22:50 - [TEST_STEP][PASSED] - if (ExecuteTC.equalsIgnoreCase("Y")): null

2024-10-17 14:22:50 - [TEST_STEP][PASSED] - out.println("Begin Record Number: " + row): null

2024-10-17 14:22:50 - [TEST_STEP][PASSED] - today = new java.util.Date(): null

2024-10-17 14:22:50 - [TEST_STEP][PASSED] - println(today): null

2024-10-17 14:22:50 - [TEST_STEP][PASSED] - datText = today: null

2024-10-17 14:22:50 - [TEST_STEP][PASSED] - Taxtype = findTestData(dataFile).getValue("TaxType", row): null

2024-10-17 14:22:50 - [TEST_STEP][PASSED] - out.println("Taxtype value is : " + Taxtype): null

2024-10-17 14:22:50 - [TEST_STEP][PASSED] - openBrowser(""): Browser is opened with url: ''

2024-10-17 14:22:50 - [MESSAGE][WARNING] - A browser is already opened. Closing browser and opening a new one

2024-10-17 14:22:51 - [MESSAGE][INFO] - Starting 'Chrome' driver

2024-10-17 14:22:51 - [MESSAGE][INFO] - User set preference: ['acceptInsecureCerts', 'true']

2024-10-17 14:22:51 - [MESSAGE][INFO] - Action delay is set to 0 milliseconds

2024-10-17 14:22:53 - [MESSAGE][PASSED] - Browser is opened with url: ''

2024-10-17 14:22:53 - [TEST_STEP][PASSED] - maximizeWindow(): Current window maximized

2024-10-17 14:22:53 - [MESSAGE][PASSED] - Current window maximized

2024-10-17 14:22:53 - [TEST_STEP][PASSED] - navigateToUrl(RADurl): Navigate to 'https://demo.velocitypayment.com/client/rad/index.html' successfully

2024-10-17 14:22:55 - [MESSAGE][PASSED] - Navigate to 'https://demo.velocitypayment.com/client/rad/index.html' successfully

2024-10-17 14:22:55 - [TEST_STEP][PASSED] - orPath_Landing = "Object Repository/RAD_Pages/Landing_Page": null

2024-10-17 14:22:55 - [TEST_STEP][PASSED] - orPath_TaxTypeFilingYear = "Object Repository/RAD_Pages/TaxTypeFilingYear_Page": null

2024-10-17 14:22:55 - [TEST_STEP][PASSED] - orPath_TaxPayer = "Object Repository/RAD_Pages/Taxpayer_Page": null

2024-10-17 14:22:55 - [TEST_STEP][PASSED] - orPath_AddressContact = "Object Repository/RAD_Pages/AddressAndContactInfo_Page": null

2024-10-17 14:22:55 - [TEST_STEP][PASSED] - orPath_FilingStatus = "Object Repository/RAD_Pages/FilingStatus_Page": null

2024-10-17 14:22:55 - [TEST_STEP][PASSED] - orPath_Amount = "Object Repository/RAD_Pages/PaymentAmount_Page": null

2024-10-17 14:22:55 - [TEST_STEP][PASSED] - orPath_TaxInfo = "Object Repository/RAD_Pages/TaxInfo_Page": null

2024-10-17 14:22:55 - [TEST_STEP][PASSED] - orPath_Withholding = "Object Repository/RAD_Pages/Withholding_Page": null

2024-10-17 14:22:55 - [TEST_STEP][PASSED] - orPath_Summary = "Object Repository/RAD_Pages/Summary_Page": null

2024-10-17 14:22:55 - [TEST_STEP][PASSED] - orPath_PaymentReady = "Object Repository/RAD_Pages/PaymentReady_Page": null

2024-10-17 14:22:55 - [TEST_STEP][PASSED] - orPath_PaymentEntry = "Object Repository/RAD_Pages/PaymentEntry_Page": null

2024-10-17 14:22:55 - [TEST_STEP][PASSED] - orPath_PaymentConfirmation = "Object Repository/RAD_Pages/PaymentConfirmation_Page": null

2024-10-17 14:22:55 - [TEST_STEP][PASSED] - orPath_ServiceFeesAccept = "Object Repository/RAD_Pages/ServiceFeeAccept_Page": null

2024-10-17 14:22:55 - [TEST_STEP][PASSED] - selectOptionByLabel(findTestObject(orPath_Landing + "/dd_TaxType"), Paymenttype, false): All options with label 'Extension Payments' are selected in object 'Object Repository/RAD_Pages/Landing_Page/dd_TaxType' 

2024-10-17 14:22:56 - [MESSAGE][PASSED] - All options with label 'Extension Payments' are selected in object 'Object Repository/RAD_Pages/Landing_Page/dd_TaxType' 

2024-10-17 14:22:56 - [TEST_STEP][PASSED] - delay(1): Delayed 1 second(s)

2024-10-17 14:22:57 - [MESSAGE][PASSED] - Delayed 1 second(s)

2024-10-17 14:22:57 - [TEST_STEP][PASSED] - switch (Paymenttype): null

2024-10-17 14:22:57 - [TEST_STEP][PASSED] - case "Extension Payments":: null

2024-10-17 14:22:57 - [TEST_STEP][PASSED] - selectOptionByLabel(findTestObject(orPath_TaxTypeFilingYear + "/select_PaymentType"), Taxtype, false): All options with label 'Fiduciary Tax' are selected in object 'Object Repository/RAD_Pages/TaxTypeFilingYear_Page/select_PaymentType' 

2024-10-17 14:22:58 - [MESSAGE][PASSED] - All options with label 'Fiduciary Tax' are selected in object 'Object Repository/RAD_Pages/TaxTypeFilingYear_Page/select_PaymentType' 

2024-10-17 14:22:58 - [TEST_STEP][PASSED] - break: null

2024-10-17 14:22:58 - [TEST_STEP][PASSED] - delay(1): Delayed 1 second(s)

2024-10-17 14:22:59 - [MESSAGE][PASSED] - Delayed 1 second(s)

2024-10-17 14:22:59 - [TEST_STEP][PASSED] - switch (Paymenttype): null

2024-10-17 14:22:59 - [TEST_STEP][PASSED] - case "Extension Payments":: null

2024-10-17 14:22:59 - [TEST_STEP][PASSED] - setEncryptedText(findTestObject(orPath_TaxInfo + "/input_FederalEIN"), "RigbBhfdqOBDK95asqKeHw=="): Text ****** has been set on object 'Object Repository/RAD_Pages/TaxInfo_Page/input_FederalEIN'

2024-10-17 14:22:59 - [MESSAGE][PASSED] - Text ****** has been set on object 'Object Repository/RAD_Pages/TaxInfo_Page/input_FederalEIN'

2024-10-17 14:22:59 - [TEST_STEP][PASSED] - setEncryptedText(findTestObject(orPath_TaxInfo + "/input_FederalEIN_ReEnter"), ""): Text ****** has been set on object 'Object Repository/RAD_Pages/TaxInfo_Page/input_FederalEIN_ReEnter'

2024-10-17 14:23:00 - [MESSAGE][PASSED] - Text ****** has been set on object 'Object Repository/RAD_Pages/TaxInfo_Page/input_FederalEIN_ReEnter'

2024-10-17 14:23:00 - [TEST_STEP][PASSED] - break: null

2024-10-17 14:23:00 - [TEST_STEP][PASSED] - verifyTextPresent("Please enter a valid FEIN with 9 digits.", true): Text 'Please enter a valid FEIN with 9 digits.' is present on page  using regular expression

2024-10-17 14:23:01 - [MESSAGE][PASSED] - Text 'Please enter a valid FEIN with 9 digits.' is present on page  using regular expression

2024-10-17 14:23:01 - [TEST_STEP][PASSED] - if (verifyTextPresent("Please enter a valid FEIN with 9 digits.", true)): null

2024-10-17 14:23:01 - [MESSAGE][PASSED] - Text 'Please enter a valid FEIN with 9 digits.' is present on page  using regular expression

2024-10-17 14:23:01 - [TEST_STEP][PASSED] - println("Error Message is present on the page"): null

2024-10-17 14:23:01 - [TEST_STEP][PASSED] - out.println("Pass Record Number: " + row): null

2024-10-17 14:23:01 - [TEST_STEP][PASSED] - resText = "Pass": null

2024-10-17 14:23:01 - [TEST_STEP][PASSED] - pages.WriteExcel.demoKey(resText, datText, resColumn, datCloumn, fileLoc, nameSheet, row): pages.WriteExcel.demoKey is PASSED

2024-10-17 14:23:01 - [MESSAGE][PASSED] - pages.WriteExcel.demoKey is PASSED

2024-10-17 14:23:01 - [TEST_STEP][PASSED] - ExecuteTC = findTestData(dataFile).getValue("Execute", row): null

2024-10-17 14:23:01 - [TEST_STEP][PASSED] - Taxtype = findTestData(dataFile).getValue("TaxType", row): null

2024-10-17 14:23:01 - [TEST_STEP][PASSED] - Paymenttype = findTestData(dataFile).getValue("PaymentType", row): null

2024-10-17 14:23:01 - [TEST_STEP][PASSED] - out.println("Value of Execute is : " + ExecuteTC): null

2024-10-17 14:23:01 - [TEST_STEP][PASSED] - if (ExecuteTC.equalsIgnoreCase("Y")): null

2024-10-17 14:23:01 - [TEST_STEP][PASSED] - out.println("Begin Record Number: " + row): null

2024-10-17 14:23:01 - [TEST_STEP][PASSED] - today = new java.util.Date(): null

2024-10-17 14:23:01 - [TEST_STEP][PASSED] - println(today): null

2024-10-17 14:23:01 - [TEST_STEP][PASSED] - datText = today: null

2024-10-17 14:23:01 - [TEST_STEP][PASSED] - Taxtype = findTestData(dataFile).getValue("TaxType", row): null

2024-10-17 14:23:01 - [TEST_STEP][PASSED] - out.println("Taxtype value is : " + Taxtype): null

2024-10-17 14:23:01 - [TEST_STEP][PASSED] - openBrowser(""): Browser is opened with url: ''

2024-10-17 14:23:01 - [MESSAGE][WARNING] - A browser is already opened. Closing browser and opening a new one

2024-10-17 14:23:03 - [MESSAGE][INFO] - Starting 'Chrome' driver

2024-10-17 14:23:03 - [MESSAGE][INFO] - User set preference: ['acceptInsecureCerts', 'true']

2024-10-17 14:23:03 - [MESSAGE][INFO] - Action delay is set to 0 milliseconds

2024-10-17 14:23:05 - [MESSAGE][PASSED] - Browser is opened with url: ''

2024-10-17 14:23:05 - [TEST_STEP][PASSED] - maximizeWindow(): Current window maximized

2024-10-17 14:23:05 - [MESSAGE][PASSED] - Current window maximized

2024-10-17 14:23:05 - [TEST_STEP][PASSED] - navigateToUrl(RADurl): Navigate to 'https://demo.velocitypayment.com/client/rad/index.html' successfully

2024-10-17 14:23:07 - [MESSAGE][PASSED] - Navigate to 'https://demo.velocitypayment.com/client/rad/index.html' successfully

2024-10-17 14:23:07 - [TEST_STEP][PASSED] - orPath_Landing = "Object Repository/RAD_Pages/Landing_Page": null

2024-10-17 14:23:07 - [TEST_STEP][PASSED] - orPath_TaxTypeFilingYear = "Object Repository/RAD_Pages/TaxTypeFilingYear_Page": null

2024-10-17 14:23:07 - [TEST_STEP][PASSED] - orPath_TaxPayer = "Object Repository/RAD_Pages/Taxpayer_Page": null

2024-10-17 14:23:07 - [TEST_STEP][PASSED] - orPath_AddressContact = "Object Repository/RAD_Pages/AddressAndContactInfo_Page": null

2024-10-17 14:23:07 - [TEST_STEP][PASSED] - orPath_FilingStatus = "Object Repository/RAD_Pages/FilingStatus_Page": null

2024-10-17 14:23:07 - [TEST_STEP][PASSED] - orPath_Amount = "Object Repository/RAD_Pages/PaymentAmount_Page": null

2024-10-17 14:23:07 - [TEST_STEP][PASSED] - orPath_TaxInfo = "Object Repository/RAD_Pages/TaxInfo_Page": null

2024-10-17 14:23:07 - [TEST_STEP][PASSED] - orPath_Withholding = "Object Repository/RAD_Pages/Withholding_Page": null

2024-10-17 14:23:07 - [TEST_STEP][PASSED] - orPath_Summary = "Object Repository/RAD_Pages/Summary_Page": null

2024-10-17 14:23:07 - [TEST_STEP][PASSED] - orPath_PaymentReady = "Object Repository/RAD_Pages/PaymentReady_Page": null

2024-10-17 14:23:07 - [TEST_STEP][PASSED] - orPath_PaymentEntry = "Object Repository/RAD_Pages/PaymentEntry_Page": null

2024-10-17 14:23:07 - [TEST_STEP][PASSED] - orPath_PaymentConfirmation = "Object Repository/RAD_Pages/PaymentConfirmation_Page": null

2024-10-17 14:23:07 - [TEST_STEP][PASSED] - orPath_ServiceFeesAccept = "Object Repository/RAD_Pages/ServiceFeeAccept_Page": null

2024-10-17 14:23:07 - [TEST_STEP][PASSED] - selectOptionByLabel(findTestObject(orPath_Landing + "/dd_TaxType"), Paymenttype, false): All options with label 'New Tax Return Amount Due' are selected in object 'Object Repository/RAD_Pages/Landing_Page/dd_TaxType' 

2024-10-17 14:23:08 - [MESSAGE][PASSED] - All options with label 'New Tax Return Amount Due' are selected in object 'Object Repository/RAD_Pages/Landing_Page/dd_TaxType' 

2024-10-17 14:23:08 - [TEST_STEP][PASSED] - delay(1): Delayed 1 second(s)

2024-10-17 14:23:09 - [MESSAGE][PASSED] - Delayed 1 second(s)

2024-10-17 14:23:09 - [TEST_STEP][PASSED] - switch (Paymenttype): null

2024-10-17 14:23:09 - [TEST_STEP][PASSED] - case "New Tax Return Amount Due":: null

2024-10-17 14:23:09 - [TEST_STEP][PASSED] - selectOptionByLabel(findTestObject("Object Repository/RAD_Pages/Landing_Page/select_NewTaxReturnAmountDue_TaxType"), Taxtype, false): All options with label 'Fiduciary Tax' are selected in object 'Object Repository/RAD_Pages/Landing_Page/select_NewTaxReturnAmountDue_TaxType' 

2024-10-17 14:23:09 - [MESSAGE][PASSED] - All options with label 'Fiduciary Tax' are selected in object 'Object Repository/RAD_Pages/Landing_Page/select_NewTaxReturnAmountDue_TaxType' 

2024-10-17 14:23:09 - [TEST_STEP][PASSED] - break: null

2024-10-17 14:23:09 - [TEST_STEP][PASSED] - delay(1): Delayed 1 second(s)

2024-10-17 14:23:10 - [MESSAGE][PASSED] - Delayed 1 second(s)

2024-10-17 14:23:10 - [TEST_STEP][PASSED] - switch (Paymenttype): null

2024-10-17 14:23:10 - [TEST_STEP][PASSED] - case "New Tax Return Amount Due":: null

2024-10-17 14:23:10 - [TEST_STEP][PASSED] - setEncryptedText(findTestObject(orPath_TaxInfo + "/input_FederalEIN-2"), "RigbBhfdqOBDK95asqKeHw=="): Text ****** has been set on object 'Object Repository/RAD_Pages/TaxInfo_Page/input_FederalEIN-2'

2024-10-17 14:23:11 - [MESSAGE][PASSED] - Text ****** has been set on object 'Object Repository/RAD_Pages/TaxInfo_Page/input_FederalEIN-2'

2024-10-17 14:23:11 - [TEST_STEP][PASSED] - setEncryptedText(findTestObject(orPath_TaxInfo + "/input_FederalEIN_ReEnter-2"), ""): Text ****** has been set on object 'Object Repository/RAD_Pages/TaxInfo_Page/input_FederalEIN_ReEnter-2'

2024-10-17 14:23:11 - [MESSAGE][PASSED] - Text ****** has been set on object 'Object Repository/RAD_Pages/TaxInfo_Page/input_FederalEIN_ReEnter-2'

2024-10-17 14:23:11 - [TEST_STEP][PASSED] - break: null

2024-10-17 14:23:11 - [TEST_STEP][PASSED] - verifyTextPresent("Please enter a valid FEIN with 9 digits.", true): Text 'Please enter a valid FEIN with 9 digits.' is present on page  using regular expression

2024-10-17 14:23:12 - [MESSAGE][PASSED] - Text 'Please enter a valid FEIN with 9 digits.' is present on page  using regular expression

2024-10-17 14:23:12 - [TEST_STEP][PASSED] - if (verifyTextPresent("Please enter a valid FEIN with 9 digits.", true)): null

2024-10-17 14:23:12 - [MESSAGE][PASSED] - Text 'Please enter a valid FEIN with 9 digits.' is present on page  using regular expression

2024-10-17 14:23:12 - [TEST_STEP][PASSED] - println("Error Message is present on the page"): null

2024-10-17 14:23:12 - [TEST_STEP][PASSED] - out.println("Pass Record Number: " + row): null

2024-10-17 14:23:12 - [TEST_STEP][PASSED] - resText = "Pass": null

2024-10-17 14:23:12 - [TEST_STEP][PASSED] - pages.WriteExcel.demoKey(resText, datText, resColumn, datCloumn, fileLoc, nameSheet, row): pages.WriteExcel.demoKey is PASSED

2024-10-17 14:23:13 - [MESSAGE][PASSED] - pages.WriteExcel.demoKey is PASSED

2024-10-17 14:23:13 - [TEST_STEP][PASSED] - ExecuteTC = findTestData(dataFile).getValue("Execute", row): null

2024-10-17 14:23:13 - [TEST_STEP][PASSED] - Taxtype = findTestData(dataFile).getValue("TaxType", row): null

2024-10-17 14:23:13 - [TEST_STEP][PASSED] - Paymenttype = findTestData(dataFile).getValue("PaymentType", row): null

2024-10-17 14:23:13 - [TEST_STEP][PASSED] - out.println("Value of Execute is : " + ExecuteTC): null

2024-10-17 14:23:13 - [TEST_STEP][PASSED] - if (ExecuteTC.equalsIgnoreCase("Y")): null

2024-10-17 14:23:13 - [TEST_STEP][PASSED] - out.println("Begin Record Number: " + row): null

2024-10-17 14:23:13 - [TEST_STEP][PASSED] - today = new java.util.Date(): null

2024-10-17 14:23:13 - [TEST_STEP][PASSED] - println(today): null

2024-10-17 14:23:13 - [TEST_STEP][PASSED] - datText = today: null

2024-10-17 14:23:13 - [TEST_STEP][PASSED] - Taxtype = findTestData(dataFile).getValue("TaxType", row): null

2024-10-17 14:23:13 - [TEST_STEP][PASSED] - out.println("Taxtype value is : " + Taxtype): null

2024-10-17 14:23:13 - [TEST_STEP][PASSED] - openBrowser(""): Browser is opened with url: ''

2024-10-17 14:23:13 - [MESSAGE][WARNING] - A browser is already opened. Closing browser and opening a new one

2024-10-17 14:23:14 - [MESSAGE][INFO] - Starting 'Chrome' driver

2024-10-17 14:23:14 - [MESSAGE][INFO] - User set preference: ['acceptInsecureCerts', 'true']

2024-10-17 14:23:14 - [MESSAGE][INFO] - Action delay is set to 0 milliseconds

2024-10-17 14:23:16 - [MESSAGE][PASSED] - Browser is opened with url: ''

2024-10-17 14:23:16 - [TEST_STEP][PASSED] - maximizeWindow(): Current window maximized

2024-10-17 14:23:16 - [MESSAGE][PASSED] - Current window maximized

2024-10-17 14:23:16 - [TEST_STEP][PASSED] - navigateToUrl(RADurl): Navigate to 'https://demo.velocitypayment.com/client/rad/index.html' successfully

2024-10-17 14:23:18 - [MESSAGE][PASSED] - Navigate to 'https://demo.velocitypayment.com/client/rad/index.html' successfully

2024-10-17 14:23:18 - [TEST_STEP][PASSED] - orPath_Landing = "Object Repository/RAD_Pages/Landing_Page": null

2024-10-17 14:23:18 - [TEST_STEP][PASSED] - orPath_TaxTypeFilingYear = "Object Repository/RAD_Pages/TaxTypeFilingYear_Page": null

2024-10-17 14:23:18 - [TEST_STEP][PASSED] - orPath_TaxPayer = "Object Repository/RAD_Pages/Taxpayer_Page": null

2024-10-17 14:23:18 - [TEST_STEP][PASSED] - orPath_AddressContact = "Object Repository/RAD_Pages/AddressAndContactInfo_Page": null

2024-10-17 14:23:18 - [TEST_STEP][PASSED] - orPath_FilingStatus = "Object Repository/RAD_Pages/FilingStatus_Page": null

2024-10-17 14:23:18 - [TEST_STEP][PASSED] - orPath_Amount = "Object Repository/RAD_Pages/PaymentAmount_Page": null

2024-10-17 14:23:18 - [TEST_STEP][PASSED] - orPath_TaxInfo = "Object Repository/RAD_Pages/TaxInfo_Page": null

2024-10-17 14:23:18 - [TEST_STEP][PASSED] - orPath_Withholding = "Object Repository/RAD_Pages/Withholding_Page": null

2024-10-17 14:23:18 - [TEST_STEP][PASSED] - orPath_Summary = "Object Repository/RAD_Pages/Summary_Page": null

2024-10-17 14:23:18 - [TEST_STEP][PASSED] - orPath_PaymentReady = "Object Repository/RAD_Pages/PaymentReady_Page": null

2024-10-17 14:23:18 - [TEST_STEP][PASSED] - orPath_PaymentEntry = "Object Repository/RAD_Pages/PaymentEntry_Page": null

2024-10-17 14:23:18 - [TEST_STEP][PASSED] - orPath_PaymentConfirmation = "Object Repository/RAD_Pages/PaymentConfirmation_Page": null

2024-10-17 14:23:18 - [TEST_STEP][PASSED] - orPath_ServiceFeesAccept = "Object Repository/RAD_Pages/ServiceFeeAccept_Page": null

2024-10-17 14:23:18 - [TEST_STEP][PASSED] - selectOptionByLabel(findTestObject(orPath_Landing + "/dd_TaxType"), Paymenttype, false): All options with label 'Existing Liability with Notice/Invoice Number' are selected in object 'Object Repository/RAD_Pages/Landing_Page/dd_TaxType' 

2024-10-17 14:23:18 - [MESSAGE][PASSED] - All options with label 'Existing Liability with Notice/Invoice Number' are selected in object 'Object Repository/RAD_Pages/Landing_Page/dd_TaxType' 

2024-10-17 14:23:18 - [TEST_STEP][PASSED] - delay(1): Delayed 1 second(s)

2024-10-17 14:23:19 - [MESSAGE][PASSED] - Delayed 1 second(s)

2024-10-17 14:23:19 - [TEST_STEP][PASSED] - switch (Paymenttype): null

2024-10-17 14:23:19 - [TEST_STEP][PASSED] - case "Existing Liability with Notice/Invoice Number":: null

2024-10-17 14:23:19 - [TEST_STEP][PASSED] - selectOptionByLabel(findTestObject(orPath_TaxTypeFilingYear + "/select_TaxType_ExistingLiability"), Taxtype, false): All options with label 'Admissions and Amusement Tax' are selected in object 'Object Repository/RAD_Pages/TaxTypeFilingYear_Page/select_TaxType_ExistingLiability' 

2024-10-17 14:23:20 - [MESSAGE][PASSED] - All options with label 'Admissions and Amusement Tax' are selected in object 'Object Repository/RAD_Pages/TaxTypeFilingYear_Page/select_TaxType_ExistingLiability' 

2024-10-17 14:23:20 - [TEST_STEP][PASSED] - break: null

2024-10-17 14:23:20 - [TEST_STEP][PASSED] - delay(1): Delayed 1 second(s)

2024-10-17 14:23:21 - [MESSAGE][PASSED] - Delayed 1 second(s)

2024-10-17 14:23:21 - [TEST_STEP][PASSED] - switch (Paymenttype): null

2024-10-17 14:23:21 - [TEST_STEP][PASSED] - case "Existing Liability with Notice/Invoice Number":: null

2024-10-17 14:23:21 - [TEST_STEP][PASSED] - setEncryptedText(findTestObject("Object Repository/RAD_RecordAndPlay/input_Existing_FEIN"), "RigbBhfdqOBDK95asqKeHw=="): Text ****** has been set on object 'Object Repository/RAD_RecordAndPlay/input_Existing_FEIN'

2024-10-17 14:23:22 - [MESSAGE][PASSED] - Text ****** has been set on object 'Object Repository/RAD_RecordAndPlay/input_Existing_FEIN'

2024-10-17 14:23:22 - [TEST_STEP][PASSED] - setEncryptedText(findTestObject("Object Repository/RAD_RecordAndPlay/input_Existing_RetypeFEIN"), ""): Text ****** has been set on object 'Object Repository/RAD_RecordAndPlay/input_Existing_RetypeFEIN'

2024-10-17 14:23:22 - [MESSAGE][PASSED] - Text ****** has been set on object 'Object Repository/RAD_RecordAndPlay/input_Existing_RetypeFEIN'

2024-10-17 14:23:22 - [TEST_STEP][PASSED] - break: null

2024-10-17 14:23:22 - [TEST_STEP][PASSED] - verifyTextPresent("Please enter a valid FEIN with 9 digits.", true): Text 'Please enter a valid FEIN with 9 digits.' is present on page  using regular expression

2024-10-17 14:23:23 - [MESSAGE][PASSED] - Text 'Please enter a valid FEIN with 9 digits.' is present on page  using regular expression

2024-10-17 14:23:23 - [TEST_STEP][PASSED] - if (verifyTextPresent("Please enter a valid FEIN with 9 digits.", true)): null

2024-10-17 14:23:23 - [MESSAGE][PASSED] - Text 'Please enter a valid FEIN with 9 digits.' is present on page  using regular expression

2024-10-17 14:23:23 - [TEST_STEP][PASSED] - println("Error Message is present on the page"): null

2024-10-17 14:23:23 - [TEST_STEP][PASSED] - out.println("Pass Record Number: " + row): null

2024-10-17 14:23:23 - [TEST_STEP][PASSED] - resText = "Pass": null

2024-10-17 14:23:23 - [TEST_STEP][PASSED] - pages.WriteExcel.demoKey(resText, datText, resColumn, datCloumn, fileLoc, nameSheet, row): pages.WriteExcel.demoKey is PASSED

2024-10-17 14:23:23 - [MESSAGE][PASSED] - pages.WriteExcel.demoKey is PASSED

2024-10-17 14:23:23 - [TEST_STEP][PASSED] - ExecuteTC = findTestData(dataFile).getValue("Execute", row): null

2024-10-17 14:23:23 - [TEST_STEP][PASSED] - Taxtype = findTestData(dataFile).getValue("TaxType", row): null

2024-10-17 14:23:24 - [TEST_STEP][PASSED] - Paymenttype = findTestData(dataFile).getValue("PaymentType", row): null

2024-10-17 14:23:24 - [TEST_STEP][PASSED] - out.println("Value of Execute is : " + ExecuteTC): null

2024-10-17 14:23:24 - [TEST_STEP][PASSED] - if (ExecuteTC.equalsIgnoreCase("Y")): null

2024-10-17 14:23:24 - [TEST_STEP][PASSED] - out.println("Begin Record Number: " + row): null

2024-10-17 14:23:24 - [TEST_STEP][PASSED] - today = new java.util.Date(): null

2024-10-17 14:23:24 - [TEST_STEP][PASSED] - println(today): null

2024-10-17 14:23:24 - [TEST_STEP][PASSED] - datText = today: null

2024-10-17 14:23:24 - [TEST_STEP][PASSED] - Taxtype = findTestData(dataFile).getValue("TaxType", row): null

2024-10-17 14:23:24 - [TEST_STEP][PASSED] - out.println("Taxtype value is : " + Taxtype): null

2024-10-17 14:23:24 - [TEST_STEP][PASSED] - openBrowser(""): Browser is opened with url: ''

2024-10-17 14:23:24 - [MESSAGE][WARNING] - A browser is already opened. Closing browser and opening a new one

2024-10-17 14:23:25 - [MESSAGE][INFO] - Starting 'Chrome' driver

2024-10-17 14:23:25 - [MESSAGE][INFO] - User set preference: ['acceptInsecureCerts', 'true']

2024-10-17 14:23:25 - [MESSAGE][INFO] - Action delay is set to 0 milliseconds

2024-10-17 14:23:27 - [MESSAGE][PASSED] - Browser is opened with url: ''

2024-10-17 14:23:27 - [TEST_STEP][PASSED] - maximizeWindow(): Current window maximized

2024-10-17 14:23:27 - [MESSAGE][PASSED] - Current window maximized

2024-10-17 14:23:27 - [TEST_STEP][PASSED] - navigateToUrl(RADurl): Navigate to 'https://demo.velocitypayment.com/client/rad/index.html' successfully

2024-10-17 14:23:29 - [MESSAGE][PASSED] - Navigate to 'https://demo.velocitypayment.com/client/rad/index.html' successfully

2024-10-17 14:23:29 - [TEST_STEP][PASSED] - orPath_Landing = "Object Repository/RAD_Pages/Landing_Page": null

2024-10-17 14:23:29 - [TEST_STEP][PASSED] - orPath_TaxTypeFilingYear = "Object Repository/RAD_Pages/TaxTypeFilingYear_Page": null

2024-10-17 14:23:29 - [TEST_STEP][PASSED] - orPath_TaxPayer = "Object Repository/RAD_Pages/Taxpayer_Page": null

2024-10-17 14:23:29 - [TEST_STEP][PASSED] - orPath_AddressContact = "Object Repository/RAD_Pages/AddressAndContactInfo_Page": null

2024-10-17 14:23:29 - [TEST_STEP][PASSED] - orPath_FilingStatus = "Object Repository/RAD_Pages/FilingStatus_Page": null

2024-10-17 14:23:29 - [TEST_STEP][PASSED] - orPath_Amount = "Object Repository/RAD_Pages/PaymentAmount_Page": null

2024-10-17 14:23:29 - [TEST_STEP][PASSED] - orPath_TaxInfo = "Object Repository/RAD_Pages/TaxInfo_Page": null

2024-10-17 14:23:29 - [TEST_STEP][PASSED] - orPath_Withholding = "Object Repository/RAD_Pages/Withholding_Page": null

2024-10-17 14:23:29 - [TEST_STEP][PASSED] - orPath_Summary = "Object Repository/RAD_Pages/Summary_Page": null

2024-10-17 14:23:29 - [TEST_STEP][PASSED] - orPath_PaymentReady = "Object Repository/RAD_Pages/PaymentReady_Page": null

2024-10-17 14:23:29 - [TEST_STEP][PASSED] - orPath_PaymentEntry = "Object Repository/RAD_Pages/PaymentEntry_Page": null

2024-10-17 14:23:29 - [TEST_STEP][PASSED] - orPath_PaymentConfirmation = "Object Repository/RAD_Pages/PaymentConfirmation_Page": null

2024-10-17 14:23:29 - [TEST_STEP][PASSED] - orPath_ServiceFeesAccept = "Object Repository/RAD_Pages/ServiceFeeAccept_Page": null

2024-10-17 14:23:29 - [TEST_STEP][PASSED] - selectOptionByLabel(findTestObject(orPath_Landing + "/dd_TaxType"), Paymenttype, false): All options with label 'Existing Liability with Notice/Invoice Number' are selected in object 'Object Repository/RAD_Pages/Landing_Page/dd_TaxType' 

2024-10-17 14:23:30 - [MESSAGE][PASSED] - All options with label 'Existing Liability with Notice/Invoice Number' are selected in object 'Object Repository/RAD_Pages/Landing_Page/dd_TaxType' 

2024-10-17 14:23:30 - [TEST_STEP][PASSED] - delay(1): Delayed 1 second(s)

2024-10-17 14:23:31 - [MESSAGE][PASSED] - Delayed 1 second(s)

2024-10-17 14:23:31 - [TEST_STEP][PASSED] - switch (Paymenttype): null

2024-10-17 14:23:31 - [TEST_STEP][PASSED] - case "Existing Liability with Notice/Invoice Number":: null

2024-10-17 14:23:31 - [TEST_STEP][PASSED] - selectOptionByLabel(findTestObject(orPath_TaxTypeFilingYear + "/select_TaxType_ExistingLiability"), Taxtype, false): All options with label 'Motor Fuel Tax' are selected in object 'Object Repository/RAD_Pages/TaxTypeFilingYear_Page/select_TaxType_ExistingLiability' 

2024-10-17 14:23:31 - [MESSAGE][PASSED] - All options with label 'Motor Fuel Tax' are selected in object 'Object Repository/RAD_Pages/TaxTypeFilingYear_Page/select_TaxType_ExistingLiability' 

2024-10-17 14:23:31 - [TEST_STEP][PASSED] - break: null

2024-10-17 14:23:31 - [TEST_STEP][PASSED] - delay(1): Delayed 1 second(s)

2024-10-17 14:23:32 - [MESSAGE][PASSED] - Delayed 1 second(s)

2024-10-17 14:23:32 - [TEST_STEP][PASSED] - switch (Paymenttype): null

2024-10-17 14:23:32 - [TEST_STEP][PASSED] - case "Existing Liability with Notice/Invoice Number":: null

2024-10-17 14:23:32 - [TEST_STEP][PASSED] - setEncryptedText(findTestObject("Object Repository/RAD_RecordAndPlay/input_Existing_FEIN"), "RigbBhfdqOBDK95asqKeHw=="): Text ****** has been set on object 'Object Repository/RAD_RecordAndPlay/input_Existing_FEIN'

2024-10-17 14:23:33 - [MESSAGE][PASSED] - Text ****** has been set on object 'Object Repository/RAD_RecordAndPlay/input_Existing_FEIN'

2024-10-17 14:23:33 - [TEST_STEP][PASSED] - setEncryptedText(findTestObject("Object Repository/RAD_RecordAndPlay/input_Existing_RetypeFEIN"), ""): Text ****** has been set on object 'Object Repository/RAD_RecordAndPlay/input_Existing_RetypeFEIN'

2024-10-17 14:23:33 - [MESSAGE][PASSED] - Text ****** has been set on object 'Object Repository/RAD_RecordAndPlay/input_Existing_RetypeFEIN'

2024-10-17 14:23:34 - [TEST_STEP][PASSED] - break: null

2024-10-17 14:23:34 - [TEST_STEP][PASSED] - verifyTextPresent("Please enter a valid FEIN with 9 digits.", true): Text 'Please enter a valid FEIN with 9 digits.' is present on page  using regular expression

2024-10-17 14:23:34 - [MESSAGE][PASSED] - Text 'Please enter a valid FEIN with 9 digits.' is present on page  using regular expression

2024-10-17 14:23:34 - [TEST_STEP][PASSED] - if (verifyTextPresent("Please enter a valid FEIN with 9 digits.", true)): null

2024-10-17 14:23:34 - [MESSAGE][PASSED] - Text 'Please enter a valid FEIN with 9 digits.' is present on page  using regular expression

2024-10-17 14:23:34 - [TEST_STEP][PASSED] - println("Error Message is present on the page"): null

2024-10-17 14:23:34 - [TEST_STEP][PASSED] - out.println("Pass Record Number: " + row): null

2024-10-17 14:23:34 - [TEST_STEP][PASSED] - resText = "Pass": null

2024-10-17 14:23:34 - [TEST_STEP][PASSED] - pages.WriteExcel.demoKey(resText, datText, resColumn, datCloumn, fileLoc, nameSheet, row): pages.WriteExcel.demoKey is PASSED

2024-10-17 14:23:35 - [MESSAGE][PASSED] - pages.WriteExcel.demoKey is PASSED

2024-10-17 14:23:35 - [TEST_STEP][PASSED] - ExecuteTC = findTestData(dataFile).getValue("Execute", row): null

2024-10-17 14:23:35 - [TEST_STEP][PASSED] - Taxtype = findTestData(dataFile).getValue("TaxType", row): null

2024-10-17 14:23:35 - [TEST_STEP][PASSED] - Paymenttype = findTestData(dataFile).getValue("PaymentType", row): null

2024-10-17 14:23:35 - [TEST_STEP][PASSED] - out.println("Value of Execute is : " + ExecuteTC): null

2024-10-17 14:23:35 - [TEST_STEP][PASSED] - if (ExecuteTC.equalsIgnoreCase("Y")): null

2024-10-17 14:23:35 - [TEST_STEP][PASSED] - out.println("Begin Record Number: " + row): null

2024-10-17 14:23:35 - [TEST_STEP][PASSED] - today = new java.util.Date(): null

2024-10-17 14:23:35 - [TEST_STEP][PASSED] - println(today): null

2024-10-17 14:23:35 - [TEST_STEP][PASSED] - datText = today: null

2024-10-17 14:23:35 - [TEST_STEP][PASSED] - Taxtype = findTestData(dataFile).getValue("TaxType", row): null

2024-10-17 14:23:35 - [TEST_STEP][PASSED] - out.println("Taxtype value is : " + Taxtype): null

2024-10-17 14:23:35 - [TEST_STEP][PASSED] - openBrowser(""): Browser is opened with url: ''

2024-10-17 14:23:35 - [MESSAGE][WARNING] - A browser is already opened. Closing browser and opening a new one

2024-10-17 14:23:36 - [MESSAGE][INFO] - Starting 'Chrome' driver

2024-10-17 14:23:36 - [MESSAGE][INFO] - User set preference: ['acceptInsecureCerts', 'true']

2024-10-17 14:23:36 - [MESSAGE][INFO] - Action delay is set to 0 milliseconds

2024-10-17 14:23:38 - [MESSAGE][PASSED] - Browser is opened with url: ''

2024-10-17 14:23:38 - [TEST_STEP][PASSED] - maximizeWindow(): Current window maximized

2024-10-17 14:23:38 - [MESSAGE][PASSED] - Current window maximized

2024-10-17 14:23:38 - [TEST_STEP][PASSED] - navigateToUrl(RADurl): Navigate to 'https://demo.velocitypayment.com/client/rad/index.html' successfully

2024-10-17 14:23:41 - [MESSAGE][PASSED] - Navigate to 'https://demo.velocitypayment.com/client/rad/index.html' successfully

2024-10-17 14:23:41 - [TEST_STEP][PASSED] - orPath_Landing = "Object Repository/RAD_Pages/Landing_Page": null

2024-10-17 14:23:41 - [TEST_STEP][PASSED] - orPath_TaxTypeFilingYear = "Object Repository/RAD_Pages/TaxTypeFilingYear_Page": null

2024-10-17 14:23:41 - [TEST_STEP][PASSED] - orPath_TaxPayer = "Object Repository/RAD_Pages/Taxpayer_Page": null

2024-10-17 14:23:41 - [TEST_STEP][PASSED] - orPath_AddressContact = "Object Repository/RAD_Pages/AddressAndContactInfo_Page": null

2024-10-17 14:23:41 - [TEST_STEP][PASSED] - orPath_FilingStatus = "Object Repository/RAD_Pages/FilingStatus_Page": null

2024-10-17 14:23:41 - [TEST_STEP][PASSED] - orPath_Amount = "Object Repository/RAD_Pages/PaymentAmount_Page": null

2024-10-17 14:23:41 - [TEST_STEP][PASSED] - orPath_TaxInfo = "Object Repository/RAD_Pages/TaxInfo_Page": null

2024-10-17 14:23:41 - [TEST_STEP][PASSED] - orPath_Withholding = "Object Repository/RAD_Pages/Withholding_Page": null

2024-10-17 14:23:41 - [TEST_STEP][PASSED] - orPath_Summary = "Object Repository/RAD_Pages/Summary_Page": null

2024-10-17 14:23:41 - [TEST_STEP][PASSED] - orPath_PaymentReady = "Object Repository/RAD_Pages/PaymentReady_Page": null

2024-10-17 14:23:41 - [TEST_STEP][PASSED] - orPath_PaymentEntry = "Object Repository/RAD_Pages/PaymentEntry_Page": null

2024-10-17 14:23:41 - [TEST_STEP][PASSED] - orPath_PaymentConfirmation = "Object Repository/RAD_Pages/PaymentConfirmation_Page": null

2024-10-17 14:23:41 - [TEST_STEP][PASSED] - orPath_ServiceFeesAccept = "Object Repository/RAD_Pages/ServiceFeeAccept_Page": null

2024-10-17 14:23:41 - [TEST_STEP][PASSED] - selectOptionByLabel(findTestObject(orPath_Landing + "/dd_TaxType"), Paymenttype, false): All options with label 'Existing Liability with Notice/Invoice Number' are selected in object 'Object Repository/RAD_Pages/Landing_Page/dd_TaxType' 

2024-10-17 14:23:42 - [MESSAGE][PASSED] - All options with label 'Existing Liability with Notice/Invoice Number' are selected in object 'Object Repository/RAD_Pages/Landing_Page/dd_TaxType' 

2024-10-17 14:23:42 - [TEST_STEP][PASSED] - delay(1): Delayed 1 second(s)

2024-10-17 14:23:43 - [MESSAGE][PASSED] - Delayed 1 second(s)

2024-10-17 14:23:43 - [TEST_STEP][PASSED] - switch (Paymenttype): null

2024-10-17 14:23:43 - [TEST_STEP][PASSED] - case "Existing Liability with Notice/Invoice Number":: null

2024-10-17 14:23:43 - [TEST_STEP][PASSED] - selectOptionByLabel(findTestObject(orPath_TaxTypeFilingYear + "/select_TaxType_ExistingLiability"), Taxtype, false): All options with label 'Slots License Fee' are selected in object 'Object Repository/RAD_Pages/TaxTypeFilingYear_Page/select_TaxType_ExistingLiability' 

2024-10-17 14:23:43 - [MESSAGE][PASSED] - All options with label 'Slots License Fee' are selected in object 'Object Repository/RAD_Pages/TaxTypeFilingYear_Page/select_TaxType_ExistingLiability' 

2024-10-17 14:23:43 - [TEST_STEP][PASSED] - break: null

2024-10-17 14:23:43 - [TEST_STEP][PASSED] - delay(1): Delayed 1 second(s)

2024-10-17 14:23:44 - [MESSAGE][PASSED] - Delayed 1 second(s)

2024-10-17 14:23:44 - [TEST_STEP][PASSED] - switch (Paymenttype): null

2024-10-17 14:23:44 - [TEST_STEP][PASSED] - case "Existing Liability with Notice/Invoice Number":: null

2024-10-17 14:23:44 - [TEST_STEP][PASSED] - setEncryptedText(findTestObject("Object Repository/RAD_RecordAndPlay/input_Existing_FEIN"), "RigbBhfdqOBDK95asqKeHw=="): Text ****** has been set on object 'Object Repository/RAD_RecordAndPlay/input_Existing_FEIN'

2024-10-17 14:23:45 - [MESSAGE][PASSED] - Text ****** has been set on object 'Object Repository/RAD_RecordAndPlay/input_Existing_FEIN'

2024-10-17 14:23:45 - [TEST_STEP][PASSED] - setEncryptedText(findTestObject("Object Repository/RAD_RecordAndPlay/input_Existing_RetypeFEIN"), ""): Text ****** has been set on object 'Object Repository/RAD_RecordAndPlay/input_Existing_RetypeFEIN'

2024-10-17 14:23:46 - [MESSAGE][PASSED] - Text ****** has been set on object 'Object Repository/RAD_RecordAndPlay/input_Existing_RetypeFEIN'

2024-10-17 14:23:46 - [TEST_STEP][PASSED] - break: null

2024-10-17 14:23:46 - [TEST_STEP][PASSED] - verifyTextPresent("Please enter a valid FEIN with 9 digits.", true): Text 'Please enter a valid FEIN with 9 digits.' is present on page  using regular expression

2024-10-17 14:23:46 - [MESSAGE][PASSED] - Text 'Please enter a valid FEIN with 9 digits.' is present on page  using regular expression

2024-10-17 14:23:46 - [TEST_STEP][PASSED] - if (verifyTextPresent("Please enter a valid FEIN with 9 digits.", true)): null

2024-10-17 14:23:47 - [MESSAGE][PASSED] - Text 'Please enter a valid FEIN with 9 digits.' is present on page  using regular expression

2024-10-17 14:23:47 - [TEST_STEP][PASSED] - println("Error Message is present on the page"): null

2024-10-17 14:23:47 - [TEST_STEP][PASSED] - out.println("Pass Record Number: " + row): null

2024-10-17 14:23:47 - [TEST_STEP][PASSED] - resText = "Pass": null

2024-10-17 14:23:47 - [TEST_STEP][PASSED] - pages.WriteExcel.demoKey(resText, datText, resColumn, datCloumn, fileLoc, nameSheet, row): pages.WriteExcel.demoKey is PASSED

2024-10-17 14:23:47 - [MESSAGE][PASSED] - pages.WriteExcel.demoKey is PASSED

2024-10-17 14:23:47 - [TEST_STEP][PASSED] - ExecuteTC = findTestData(dataFile).getValue("Execute", row): null

2024-10-17 14:23:47 - [TEST_STEP][PASSED] - Taxtype = findTestData(dataFile).getValue("TaxType", row): null

2024-10-17 14:23:47 - [TEST_STEP][PASSED] - Paymenttype = findTestData(dataFile).getValue("PaymentType", row): null

2024-10-17 14:23:47 - [TEST_STEP][PASSED] - out.println("Value of Execute is : " + ExecuteTC): null

2024-10-17 14:23:47 - [TEST_STEP][PASSED] - if (ExecuteTC.equalsIgnoreCase("Y")): null

2024-10-17 14:23:47 - [TEST_STEP][PASSED] - out.println("Begin Record Number: " + row): null

2024-10-17 14:23:47 - [TEST_STEP][PASSED] - today = new java.util.Date(): null

2024-10-17 14:23:47 - [TEST_STEP][PASSED] - println(today): null

2024-10-17 14:23:47 - [TEST_STEP][PASSED] - datText = today: null

2024-10-17 14:23:47 - [TEST_STEP][PASSED] - Taxtype = findTestData(dataFile).getValue("TaxType", row): null

2024-10-17 14:23:47 - [TEST_STEP][PASSED] - out.println("Taxtype value is : " + Taxtype): null

2024-10-17 14:23:47 - [TEST_STEP][PASSED] - openBrowser(""): Browser is opened with url: ''

2024-10-17 14:23:47 - [MESSAGE][WARNING] - A browser is already opened. Closing browser and opening a new one

2024-10-17 14:23:49 - [MESSAGE][INFO] - Starting 'Chrome' driver

2024-10-17 14:23:49 - [MESSAGE][INFO] - User set preference: ['acceptInsecureCerts', 'true']

2024-10-17 14:23:49 - [MESSAGE][INFO] - Action delay is set to 0 milliseconds

2024-10-17 14:23:51 - [MESSAGE][PASSED] - Browser is opened with url: ''

2024-10-17 14:23:51 - [TEST_STEP][PASSED] - maximizeWindow(): Current window maximized

2024-10-17 14:23:51 - [MESSAGE][PASSED] - Current window maximized

2024-10-17 14:23:51 - [TEST_STEP][PASSED] - navigateToUrl(RADurl): Navigate to 'https://demo.velocitypayment.com/client/rad/index.html' successfully

2024-10-17 14:23:53 - [MESSAGE][PASSED] - Navigate to 'https://demo.velocitypayment.com/client/rad/index.html' successfully

2024-10-17 14:23:53 - [TEST_STEP][PASSED] - orPath_Landing = "Object Repository/RAD_Pages/Landing_Page": null

2024-10-17 14:23:53 - [TEST_STEP][PASSED] - orPath_TaxTypeFilingYear = "Object Repository/RAD_Pages/TaxTypeFilingYear_Page": null

2024-10-17 14:23:53 - [TEST_STEP][PASSED] - orPath_TaxPayer = "Object Repository/RAD_Pages/Taxpayer_Page": null

2024-10-17 14:23:53 - [TEST_STEP][PASSED] - orPath_AddressContact = "Object Repository/RAD_Pages/AddressAndContactInfo_Page": null

2024-10-17 14:23:53 - [TEST_STEP][PASSED] - orPath_FilingStatus = "Object Repository/RAD_Pages/FilingStatus_Page": null

2024-10-17 14:23:53 - [TEST_STEP][PASSED] - orPath_Amount = "Object Repository/RAD_Pages/PaymentAmount_Page": null

2024-10-17 14:23:53 - [TEST_STEP][PASSED] - orPath_TaxInfo = "Object Repository/RAD_Pages/TaxInfo_Page": null

2024-10-17 14:23:53 - [TEST_STEP][PASSED] - orPath_Withholding = "Object Repository/RAD_Pages/Withholding_Page": null

2024-10-17 14:23:53 - [TEST_STEP][PASSED] - orPath_Summary = "Object Repository/RAD_Pages/Summary_Page": null

2024-10-17 14:23:53 - [TEST_STEP][PASSED] - orPath_PaymentReady = "Object Repository/RAD_Pages/PaymentReady_Page": null

2024-10-17 14:23:53 - [TEST_STEP][PASSED] - orPath_PaymentEntry = "Object Repository/RAD_Pages/PaymentEntry_Page": null

2024-10-17 14:23:53 - [TEST_STEP][PASSED] - orPath_PaymentConfirmation = "Object Repository/RAD_Pages/PaymentConfirmation_Page": null

2024-10-17 14:23:53 - [TEST_STEP][PASSED] - orPath_ServiceFeesAccept = "Object Repository/RAD_Pages/ServiceFeeAccept_Page": null

2024-10-17 14:23:53 - [TEST_STEP][PASSED] - selectOptionByLabel(findTestObject(orPath_Landing + "/dd_TaxType"), Paymenttype, false): All options with label 'Existing Liability with Notice/Invoice Number' are selected in object 'Object Repository/RAD_Pages/Landing_Page/dd_TaxType' 

2024-10-17 14:23:53 - [MESSAGE][PASSED] - All options with label 'Existing Liability with Notice/Invoice Number' are selected in object 'Object Repository/RAD_Pages/Landing_Page/dd_TaxType' 

2024-10-17 14:23:53 - [TEST_STEP][PASSED] - delay(1): Delayed 1 second(s)

2024-10-17 14:23:54 - [MESSAGE][PASSED] - Delayed 1 second(s)

2024-10-17 14:23:54 - [TEST_STEP][PASSED] - switch (Paymenttype): null

2024-10-17 14:23:54 - [TEST_STEP][PASSED] - case "Existing Liability with Notice/Invoice Number":: null

2024-10-17 14:23:54 - [TEST_STEP][PASSED] - selectOptionByLabel(findTestObject(orPath_TaxTypeFilingYear + "/select_TaxType_ExistingLiability"), Taxtype, false): All options with label 'Transportation Network Services' are selected in object 'Object Repository/RAD_Pages/TaxTypeFilingYear_Page/select_TaxType_ExistingLiability' 

2024-10-17 14:23:55 - [MESSAGE][PASSED] - All options with label 'Transportation Network Services' are selected in object 'Object Repository/RAD_Pages/TaxTypeFilingYear_Page/select_TaxType_ExistingLiability' 

2024-10-17 14:23:55 - [TEST_STEP][PASSED] - break: null

2024-10-17 14:23:55 - [TEST_STEP][PASSED] - delay(1): Delayed 1 second(s)

2024-10-17 14:23:56 - [MESSAGE][PASSED] - Delayed 1 second(s)

2024-10-17 14:23:56 - [TEST_STEP][PASSED] - switch (Paymenttype): null

2024-10-17 14:23:56 - [TEST_STEP][PASSED] - case "Existing Liability with Notice/Invoice Number":: null

2024-10-17 14:23:56 - [TEST_STEP][PASSED] - setEncryptedText(findTestObject("Object Repository/RAD_RecordAndPlay/input_Existing_FEIN"), "RigbBhfdqOBDK95asqKeHw=="): Text ****** has been set on object 'Object Repository/RAD_RecordAndPlay/input_Existing_FEIN'

2024-10-17 14:23:57 - [MESSAGE][PASSED] - Text ****** has been set on object 'Object Repository/RAD_RecordAndPlay/input_Existing_FEIN'

2024-10-17 14:23:57 - [TEST_STEP][PASSED] - setEncryptedText(findTestObject("Object Repository/RAD_RecordAndPlay/input_Existing_RetypeFEIN"), ""): Text ****** has been set on object 'Object Repository/RAD_RecordAndPlay/input_Existing_RetypeFEIN'

2024-10-17 14:23:57 - [MESSAGE][PASSED] - Text ****** has been set on object 'Object Repository/RAD_RecordAndPlay/input_Existing_RetypeFEIN'

2024-10-17 14:23:57 - [TEST_STEP][PASSED] - break: null

2024-10-17 14:23:57 - [TEST_STEP][PASSED] - verifyTextPresent("Please enter a valid FEIN with 9 digits.", true): Text 'Please enter a valid FEIN with 9 digits.' is present on page  using regular expression

2024-10-17 14:23:58 - [MESSAGE][PASSED] - Text 'Please enter a valid FEIN with 9 digits.' is present on page  using regular expression

2024-10-17 14:23:58 - [TEST_STEP][PASSED] - if (verifyTextPresent("Please enter a valid FEIN with 9 digits.", true)): null

2024-10-17 14:23:58 - [MESSAGE][PASSED] - Text 'Please enter a valid FEIN with 9 digits.' is present on page  using regular expression

2024-10-17 14:23:58 - [TEST_STEP][PASSED] - println("Error Message is present on the page"): null

2024-10-17 14:23:58 - [TEST_STEP][PASSED] - out.println("Pass Record Number: " + row): null

2024-10-17 14:23:58 - [TEST_STEP][PASSED] - resText = "Pass": null

2024-10-17 14:23:58 - [TEST_STEP][PASSED] - pages.WriteExcel.demoKey(resText, datText, resColumn, datCloumn, fileLoc, nameSheet, row): pages.WriteExcel.demoKey is PASSED

2024-10-17 14:23:58 - [MESSAGE][PASSED] - pages.WriteExcel.demoKey is PASSED

2024-10-17 14:23:58 - [TEST_STEP][PASSED] - ExecuteTC = findTestData(dataFile).getValue("Execute", row): null

2024-10-17 14:23:58 - [TEST_STEP][PASSED] - Taxtype = findTestData(dataFile).getValue("TaxType", row): null

2024-10-17 14:23:58 - [TEST_STEP][PASSED] - Paymenttype = findTestData(dataFile).getValue("PaymentType", row): null

2024-10-17 14:23:59 - [TEST_STEP][PASSED] - out.println("Value of Execute is : " + ExecuteTC): null

2024-10-17 14:23:59 - [TEST_STEP][PASSED] - if (ExecuteTC.equalsIgnoreCase("Y")): null

2024-10-17 14:23:59 - [TEST_STEP][PASSED] - out.println("Begin Record Number: " + row): null

2024-10-17 14:23:59 - [TEST_STEP][PASSED] - today = new java.util.Date(): null

2024-10-17 14:23:59 - [TEST_STEP][PASSED] - println(today): null

2024-10-17 14:23:59 - [TEST_STEP][PASSED] - datText = today: null

2024-10-17 14:23:59 - [TEST_STEP][PASSED] - Taxtype = findTestData(dataFile).getValue("TaxType", row): null

2024-10-17 14:23:59 - [TEST_STEP][PASSED] - out.println("Taxtype value is : " + Taxtype): null

2024-10-17 14:23:59 - [TEST_STEP][PASSED] - openBrowser(""): Browser is opened with url: ''

2024-10-17 14:23:59 - [MESSAGE][WARNING] - A browser is already opened. Closing browser and opening a new one

2024-10-17 14:24:00 - [MESSAGE][INFO] - Starting 'Chrome' driver

2024-10-17 14:24:00 - [MESSAGE][INFO] - User set preference: ['acceptInsecureCerts', 'true']

2024-10-17 14:24:00 - [MESSAGE][INFO] - Action delay is set to 0 milliseconds

2024-10-17 14:24:02 - [MESSAGE][PASSED] - Browser is opened with url: ''

2024-10-17 14:24:02 - [TEST_STEP][PASSED] - maximizeWindow(): Current window maximized

2024-10-17 14:24:02 - [MESSAGE][PASSED] - Current window maximized

2024-10-17 14:24:02 - [TEST_STEP][PASSED] - navigateToUrl(RADurl): Navigate to 'https://demo.velocitypayment.com/client/rad/index.html' successfully

2024-10-17 14:24:04 - [MESSAGE][PASSED] - Navigate to 'https://demo.velocitypayment.com/client/rad/index.html' successfully

2024-10-17 14:24:04 - [TEST_STEP][PASSED] - orPath_Landing = "Object Repository/RAD_Pages/Landing_Page": null

2024-10-17 14:24:04 - [TEST_STEP][PASSED] - orPath_TaxTypeFilingYear = "Object Repository/RAD_Pages/TaxTypeFilingYear_Page": null

2024-10-17 14:24:04 - [TEST_STEP][PASSED] - orPath_TaxPayer = "Object Repository/RAD_Pages/Taxpayer_Page": null

2024-10-17 14:24:04 - [TEST_STEP][PASSED] - orPath_AddressContact = "Object Repository/RAD_Pages/AddressAndContactInfo_Page": null

2024-10-17 14:24:04 - [TEST_STEP][PASSED] - orPath_FilingStatus = "Object Repository/RAD_Pages/FilingStatus_Page": null

2024-10-17 14:24:04 - [TEST_STEP][PASSED] - orPath_Amount = "Object Repository/RAD_Pages/PaymentAmount_Page": null

2024-10-17 14:24:04 - [TEST_STEP][PASSED] - orPath_TaxInfo = "Object Repository/RAD_Pages/TaxInfo_Page": null

2024-10-17 14:24:04 - [TEST_STEP][PASSED] - orPath_Withholding = "Object Repository/RAD_Pages/Withholding_Page": null

2024-10-17 14:24:04 - [TEST_STEP][PASSED] - orPath_Summary = "Object Repository/RAD_Pages/Summary_Page": null

2024-10-17 14:24:04 - [TEST_STEP][PASSED] - orPath_PaymentReady = "Object Repository/RAD_Pages/PaymentReady_Page": null

2024-10-17 14:24:04 - [TEST_STEP][PASSED] - orPath_PaymentEntry = "Object Repository/RAD_Pages/PaymentEntry_Page": null

2024-10-17 14:24:04 - [TEST_STEP][PASSED] - orPath_PaymentConfirmation = "Object Repository/RAD_Pages/PaymentConfirmation_Page": null

2024-10-17 14:24:04 - [TEST_STEP][PASSED] - orPath_ServiceFeesAccept = "Object Repository/RAD_Pages/ServiceFeeAccept_Page": null

2024-10-17 14:24:04 - [TEST_STEP][PASSED] - selectOptionByLabel(findTestObject(orPath_Landing + "/dd_TaxType"), Paymenttype, false): All options with label 'Existing Liability with Notice/Invoice Number' are selected in object 'Object Repository/RAD_Pages/Landing_Page/dd_TaxType' 

2024-10-17 14:24:05 - [MESSAGE][PASSED] - All options with label 'Existing Liability with Notice/Invoice Number' are selected in object 'Object Repository/RAD_Pages/Landing_Page/dd_TaxType' 

2024-10-17 14:24:05 - [TEST_STEP][PASSED] - delay(1): Delayed 1 second(s)

2024-10-17 14:24:06 - [MESSAGE][PASSED] - Delayed 1 second(s)

2024-10-17 14:24:06 - [TEST_STEP][PASSED] - switch (Paymenttype): null

2024-10-17 14:24:06 - [TEST_STEP][PASSED] - case "Existing Liability with Notice/Invoice Number":: null

2024-10-17 14:24:06 - [TEST_STEP][PASSED] - selectOptionByLabel(findTestObject(orPath_TaxTypeFilingYear + "/select_TaxType_ExistingLiability"), Taxtype, false): All options with label 'Unclaimed Property' are selected in object 'Object Repository/RAD_Pages/TaxTypeFilingYear_Page/select_TaxType_ExistingLiability' 

2024-10-17 14:24:06 - [MESSAGE][PASSED] - All options with label 'Unclaimed Property' are selected in object 'Object Repository/RAD_Pages/TaxTypeFilingYear_Page/select_TaxType_ExistingLiability' 

2024-10-17 14:24:06 - [TEST_STEP][PASSED] - break: null

2024-10-17 14:24:06 - [TEST_STEP][PASSED] - delay(1): Delayed 1 second(s)

2024-10-17 14:24:07 - [MESSAGE][PASSED] - Delayed 1 second(s)

2024-10-17 14:24:07 - [TEST_STEP][PASSED] - switch (Paymenttype): null

2024-10-17 14:24:07 - [TEST_STEP][PASSED] - case "Existing Liability with Notice/Invoice Number":: null

2024-10-17 14:24:07 - [TEST_STEP][PASSED] - setEncryptedText(findTestObject("Object Repository/RAD_RecordAndPlay/input_Existing_FEIN"), "RigbBhfdqOBDK95asqKeHw=="): Text ****** has been set on object 'Object Repository/RAD_RecordAndPlay/input_Existing_FEIN'

2024-10-17 14:24:08 - [MESSAGE][PASSED] - Text ****** has been set on object 'Object Repository/RAD_RecordAndPlay/input_Existing_FEIN'

2024-10-17 14:24:08 - [TEST_STEP][PASSED] - setEncryptedText(findTestObject("Object Repository/RAD_RecordAndPlay/input_Existing_RetypeFEIN"), ""): Text ****** has been set on object 'Object Repository/RAD_RecordAndPlay/input_Existing_RetypeFEIN'

2024-10-17 14:24:09 - [MESSAGE][PASSED] - Text ****** has been set on object 'Object Repository/RAD_RecordAndPlay/input_Existing_RetypeFEIN'

2024-10-17 14:24:09 - [TEST_STEP][PASSED] - break: null

2024-10-17 14:24:09 - [TEST_STEP][PASSED] - verifyTextPresent("Please enter a valid FEIN with 9 digits.", true): Text 'Please enter a valid FEIN with 9 digits.' is present on page  using regular expression

2024-10-17 14:24:09 - [MESSAGE][PASSED] - Text 'Please enter a valid FEIN with 9 digits.' is present on page  using regular expression

2024-10-17 14:24:09 - [TEST_STEP][PASSED] - if (verifyTextPresent("Please enter a valid FEIN with 9 digits.", true)): null

2024-10-17 14:24:10 - [MESSAGE][PASSED] - Text 'Please enter a valid FEIN with 9 digits.' is present on page  using regular expression

2024-10-17 14:24:10 - [TEST_STEP][PASSED] - println("Error Message is present on the page"): null

2024-10-17 14:24:10 - [TEST_STEP][PASSED] - out.println("Pass Record Number: " + row): null

2024-10-17 14:24:10 - [TEST_STEP][PASSED] - resText = "Pass": null

2024-10-17 14:24:10 - [TEST_STEP][PASSED] - pages.WriteExcel.demoKey(resText, datText, resColumn, datCloumn, fileLoc, nameSheet, row): pages.WriteExcel.demoKey is PASSED

2024-10-17 14:24:10 - [MESSAGE][PASSED] - pages.WriteExcel.demoKey is PASSED

2024-10-17 14:24:10 - [TEST_STEP][PASSED] - ExecuteTC = findTestData(dataFile).getValue("Execute", row): null

2024-10-17 14:24:10 - [TEST_STEP][PASSED] - Taxtype = findTestData(dataFile).getValue("TaxType", row): null

2024-10-17 14:24:10 - [TEST_STEP][PASSED] - Paymenttype = findTestData(dataFile).getValue("PaymentType", row): null

2024-10-17 14:24:10 - [TEST_STEP][PASSED] - out.println("Value of Execute is : " + ExecuteTC): null

2024-10-17 14:24:10 - [TEST_STEP][PASSED] - if (ExecuteTC.equalsIgnoreCase("Y")): null

2024-10-17 14:24:10 - [TEST_STEP][PASSED] - out.println("Begin Record Number: " + row): null

2024-10-17 14:24:10 - [TEST_STEP][PASSED] - today = new java.util.Date(): null

2024-10-17 14:24:10 - [TEST_STEP][PASSED] - println(today): null

2024-10-17 14:24:10 - [TEST_STEP][PASSED] - datText = today: null

2024-10-17 14:24:10 - [TEST_STEP][PASSED] - Taxtype = findTestData(dataFile).getValue("TaxType", row): null

2024-10-17 14:24:10 - [TEST_STEP][PASSED] - out.println("Taxtype value is : " + Taxtype): null

2024-10-17 14:24:10 - [TEST_STEP][PASSED] - openBrowser(""): Browser is opened with url: ''

2024-10-17 14:24:10 - [MESSAGE][WARNING] - A browser is already opened. Closing browser and opening a new one

2024-10-17 14:24:12 - [MESSAGE][INFO] - Starting 'Chrome' driver

2024-10-17 14:24:12 - [MESSAGE][INFO] - User set preference: ['acceptInsecureCerts', 'true']

2024-10-17 14:24:12 - [MESSAGE][INFO] - Action delay is set to 0 milliseconds

2024-10-17 14:24:13 - [MESSAGE][PASSED] - Browser is opened with url: ''

2024-10-17 14:24:13 - [TEST_STEP][PASSED] - maximizeWindow(): Current window maximized

2024-10-17 14:24:13 - [MESSAGE][PASSED] - Current window maximized

2024-10-17 14:24:13 - [TEST_STEP][PASSED] - navigateToUrl(RADurl): Navigate to 'https://demo.velocitypayment.com/client/rad/index.html' successfully

2024-10-17 14:24:14 - [MESSAGE][PASSED] - Navigate to 'https://demo.velocitypayment.com/client/rad/index.html' successfully

2024-10-17 14:24:14 - [TEST_STEP][PASSED] - orPath_Landing = "Object Repository/RAD_Pages/Landing_Page": null

2024-10-17 14:24:14 - [TEST_STEP][PASSED] - orPath_TaxTypeFilingYear = "Object Repository/RAD_Pages/TaxTypeFilingYear_Page": null

2024-10-17 14:24:14 - [TEST_STEP][PASSED] - orPath_TaxPayer = "Object Repository/RAD_Pages/Taxpayer_Page": null

2024-10-17 14:24:14 - [TEST_STEP][PASSED] - orPath_AddressContact = "Object Repository/RAD_Pages/AddressAndContactInfo_Page": null

2024-10-17 14:24:14 - [TEST_STEP][PASSED] - orPath_FilingStatus = "Object Repository/RAD_Pages/FilingStatus_Page": null

2024-10-17 14:24:14 - [TEST_STEP][PASSED] - orPath_Amount = "Object Repository/RAD_Pages/PaymentAmount_Page": null

2024-10-17 14:24:14 - [TEST_STEP][PASSED] - orPath_TaxInfo = "Object Repository/RAD_Pages/TaxInfo_Page": null

2024-10-17 14:24:14 - [TEST_STEP][PASSED] - orPath_Withholding = "Object Repository/RAD_Pages/Withholding_Page": null

2024-10-17 14:24:14 - [TEST_STEP][PASSED] - orPath_Summary = "Object Repository/RAD_Pages/Summary_Page": null

2024-10-17 14:24:14 - [TEST_STEP][PASSED] - orPath_PaymentReady = "Object Repository/RAD_Pages/PaymentReady_Page": null

2024-10-17 14:24:14 - [TEST_STEP][PASSED] - orPath_PaymentEntry = "Object Repository/RAD_Pages/PaymentEntry_Page": null

2024-10-17 14:24:14 - [TEST_STEP][PASSED] - orPath_PaymentConfirmation = "Object Repository/RAD_Pages/PaymentConfirmation_Page": null

2024-10-17 14:24:14 - [TEST_STEP][PASSED] - orPath_ServiceFeesAccept = "Object Repository/RAD_Pages/ServiceFeeAccept_Page": null

2024-10-17 14:24:14 - [TEST_STEP][PASSED] - selectOptionByLabel(findTestObject(orPath_Landing + "/dd_TaxType"), Paymenttype, false): All options with label 'Existing Liability with Notice/Invoice Number' are selected in object 'Object Repository/RAD_Pages/Landing_Page/dd_TaxType' 

2024-10-17 14:24:16 - [MESSAGE][PASSED] - All options with label 'Existing Liability with Notice/Invoice Number' are selected in object 'Object Repository/RAD_Pages/Landing_Page/dd_TaxType' 

2024-10-17 14:24:16 - [TEST_STEP][PASSED] - delay(1): Delayed 1 second(s)

2024-10-17 14:24:17 - [MESSAGE][PASSED] - Delayed 1 second(s)

2024-10-17 14:24:17 - [TEST_STEP][PASSED] - switch (Paymenttype): null

2024-10-17 14:24:17 - [TEST_STEP][PASSED] - case "Existing Liability with Notice/Invoice Number":: null

2024-10-17 14:24:17 - [TEST_STEP][PASSED] - selectOptionByLabel(findTestObject(orPath_TaxTypeFilingYear + "/select_TaxType_ExistingLiability"), Taxtype, false): All options with label 'IFTA Tax' are selected in object 'Object Repository/RAD_Pages/TaxTypeFilingYear_Page/select_TaxType_ExistingLiability' 

2024-10-17 14:24:18 - [MESSAGE][PASSED] - All options with label 'IFTA Tax' are selected in object 'Object Repository/RAD_Pages/TaxTypeFilingYear_Page/select_TaxType_ExistingLiability' 

2024-10-17 14:24:18 - [TEST_STEP][PASSED] - break: null

2024-10-17 14:24:18 - [TEST_STEP][PASSED] - delay(1): Delayed 1 second(s)

2024-10-17 14:24:19 - [MESSAGE][PASSED] - Delayed 1 second(s)

2024-10-17 14:24:19 - [TEST_STEP][PASSED] - switch (Paymenttype): null

2024-10-17 14:24:19 - [TEST_STEP][PASSED] - case "Existing Liability with Notice/Invoice Number":: null

2024-10-17 14:24:19 - [TEST_STEP][PASSED] - setEncryptedText(findTestObject("Object Repository/RAD_RecordAndPlay/input_Existing_FEIN"), "RigbBhfdqOBDK95asqKeHw=="): Text ****** has been set on object 'Object Repository/RAD_RecordAndPlay/input_Existing_FEIN'

2024-10-17 14:24:19 - [MESSAGE][PASSED] - Text ****** has been set on object 'Object Repository/RAD_RecordAndPlay/input_Existing_FEIN'

2024-10-17 14:24:19 - [TEST_STEP][PASSED] - setEncryptedText(findTestObject("Object Repository/RAD_RecordAndPlay/input_Existing_RetypeFEIN"), ""): Text ****** has been set on object 'Object Repository/RAD_RecordAndPlay/input_Existing_RetypeFEIN'

2024-10-17 14:24:20 - [MESSAGE][PASSED] - Text ****** has been set on object 'Object Repository/RAD_RecordAndPlay/input_Existing_RetypeFEIN'

2024-10-17 14:24:20 - [TEST_STEP][PASSED] - break: null

2024-10-17 14:24:20 - [TEST_STEP][PASSED] - verifyTextPresent("Please enter a valid FEIN with 9 digits.", true): Text 'Please enter a valid FEIN with 9 digits.' is present on page  using regular expression

2024-10-17 14:24:20 - [MESSAGE][PASSED] - Text 'Please enter a valid FEIN with 9 digits.' is present on page  using regular expression

2024-10-17 14:24:20 - [TEST_STEP][PASSED] - if (verifyTextPresent("Please enter a valid FEIN with 9 digits.", true)): null

2024-10-17 14:24:21 - [MESSAGE][PASSED] - Text 'Please enter a valid FEIN with 9 digits.' is present on page  using regular expression

2024-10-17 14:24:21 - [TEST_STEP][PASSED] - println("Error Message is present on the page"): null

2024-10-17 14:24:21 - [TEST_STEP][PASSED] - out.println("Pass Record Number: " + row): null

2024-10-17 14:24:21 - [TEST_STEP][PASSED] - resText = "Pass": null

2024-10-17 14:24:21 - [TEST_STEP][PASSED] - pages.WriteExcel.demoKey(resText, datText, resColumn, datCloumn, fileLoc, nameSheet, row): pages.WriteExcel.demoKey is PASSED

2024-10-17 14:24:21 - [MESSAGE][PASSED] - pages.WriteExcel.demoKey is PASSED

2024-10-17 14:24:21 - [TEST_STEP][PASSED] - ExecuteTC = findTestData(dataFile).getValue("Execute", row): null

2024-10-17 14:24:21 - [TEST_STEP][PASSED] - Taxtype = findTestData(dataFile).getValue("TaxType", row): null

2024-10-17 14:24:21 - [TEST_STEP][PASSED] - Paymenttype = findTestData(dataFile).getValue("PaymentType", row): null

2024-10-17 14:24:21 - [TEST_STEP][PASSED] - out.println("Value of Execute is : " + ExecuteTC): null

2024-10-17 14:24:21 - [TEST_STEP][PASSED] - if (ExecuteTC.equalsIgnoreCase("Y")): null

2024-10-17 14:24:21 - [TEST_STEP][PASSED] - out.println("Begin Record Number: " + row): null

2024-10-17 14:24:21 - [TEST_STEP][PASSED] - today = new java.util.Date(): null

2024-10-17 14:24:21 - [TEST_STEP][PASSED] - println(today): null

2024-10-17 14:24:21 - [TEST_STEP][PASSED] - datText = today: null

2024-10-17 14:24:21 - [TEST_STEP][PASSED] - Taxtype = findTestData(dataFile).getValue("TaxType", row): null

2024-10-17 14:24:21 - [TEST_STEP][PASSED] - out.println("Taxtype value is : " + Taxtype): null

2024-10-17 14:24:21 - [TEST_STEP][PASSED] - openBrowser(""): Browser is opened with url: ''

2024-10-17 14:24:21 - [MESSAGE][WARNING] - A browser is already opened. Closing browser and opening a new one

2024-10-17 14:24:22 - [MESSAGE][INFO] - Starting 'Chrome' driver

2024-10-17 14:24:22 - [MESSAGE][INFO] - User set preference: ['acceptInsecureCerts', 'true']

2024-10-17 14:24:22 - [MESSAGE][INFO] - Action delay is set to 0 milliseconds

2024-10-17 14:24:24 - [MESSAGE][PASSED] - Browser is opened with url: ''

2024-10-17 14:24:24 - [TEST_STEP][PASSED] - maximizeWindow(): Current window maximized

2024-10-17 14:24:24 - [MESSAGE][PASSED] - Current window maximized

2024-10-17 14:24:24 - [TEST_STEP][PASSED] - navigateToUrl(RADurl): Navigate to 'https://demo.velocitypayment.com/client/rad/index.html' successfully

2024-10-17 14:24:26 - [MESSAGE][PASSED] - Navigate to 'https://demo.velocitypayment.com/client/rad/index.html' successfully

2024-10-17 14:24:26 - [TEST_STEP][PASSED] - orPath_Landing = "Object Repository/RAD_Pages/Landing_Page": null

2024-10-17 14:24:26 - [TEST_STEP][PASSED] - orPath_TaxTypeFilingYear = "Object Repository/RAD_Pages/TaxTypeFilingYear_Page": null

2024-10-17 14:24:26 - [TEST_STEP][PASSED] - orPath_TaxPayer = "Object Repository/RAD_Pages/Taxpayer_Page": null

2024-10-17 14:24:26 - [TEST_STEP][PASSED] - orPath_AddressContact = "Object Repository/RAD_Pages/AddressAndContactInfo_Page": null

2024-10-17 14:24:26 - [TEST_STEP][PASSED] - orPath_FilingStatus = "Object Repository/RAD_Pages/FilingStatus_Page": null

2024-10-17 14:24:26 - [TEST_STEP][PASSED] - orPath_Amount = "Object Repository/RAD_Pages/PaymentAmount_Page": null

2024-10-17 14:24:26 - [TEST_STEP][PASSED] - orPath_TaxInfo = "Object Repository/RAD_Pages/TaxInfo_Page": null

2024-10-17 14:24:26 - [TEST_STEP][PASSED] - orPath_Withholding = "Object Repository/RAD_Pages/Withholding_Page": null

2024-10-17 14:24:26 - [TEST_STEP][PASSED] - orPath_Summary = "Object Repository/RAD_Pages/Summary_Page": null

2024-10-17 14:24:26 - [TEST_STEP][PASSED] - orPath_PaymentReady = "Object Repository/RAD_Pages/PaymentReady_Page": null

2024-10-17 14:24:26 - [TEST_STEP][PASSED] - orPath_PaymentEntry = "Object Repository/RAD_Pages/PaymentEntry_Page": null

2024-10-17 14:24:26 - [TEST_STEP][PASSED] - orPath_PaymentConfirmation = "Object Repository/RAD_Pages/PaymentConfirmation_Page": null

2024-10-17 14:24:26 - [TEST_STEP][PASSED] - orPath_ServiceFeesAccept = "Object Repository/RAD_Pages/ServiceFeeAccept_Page": null

2024-10-17 14:24:26 - [TEST_STEP][PASSED] - selectOptionByLabel(findTestObject(orPath_Landing + "/dd_TaxType"), Paymenttype, false): All options with label 'New Tax Return Amount Due' are selected in object 'Object Repository/RAD_Pages/Landing_Page/dd_TaxType' 

2024-10-17 14:24:27 - [MESSAGE][PASSED] - All options with label 'New Tax Return Amount Due' are selected in object 'Object Repository/RAD_Pages/Landing_Page/dd_TaxType' 

2024-10-17 14:24:27 - [TEST_STEP][PASSED] - delay(1): Delayed 1 second(s)

2024-10-17 14:24:28 - [MESSAGE][PASSED] - Delayed 1 second(s)

2024-10-17 14:24:28 - [TEST_STEP][PASSED] - switch (Paymenttype): null

2024-10-17 14:24:28 - [TEST_STEP][PASSED] - case "New Tax Return Amount Due":: null

2024-10-17 14:24:28 - [TEST_STEP][PASSED] - selectOptionByLabel(findTestObject("Object Repository/RAD_Pages/Landing_Page/select_NewTaxReturnAmountDue_TaxType"), Taxtype, false): All options with label 'Admissions and Amusement Tax' are selected in object 'Object Repository/RAD_Pages/Landing_Page/select_NewTaxReturnAmountDue_TaxType' 

2024-10-17 14:24:29 - [MESSAGE][PASSED] - All options with label 'Admissions and Amusement Tax' are selected in object 'Object Repository/RAD_Pages/Landing_Page/select_NewTaxReturnAmountDue_TaxType' 

2024-10-17 14:24:29 - [TEST_STEP][PASSED] - break: null

2024-10-17 14:24:29 - [TEST_STEP][PASSED] - delay(1): Delayed 1 second(s)

2024-10-17 14:24:30 - [MESSAGE][PASSED] - Delayed 1 second(s)

2024-10-17 14:24:30 - [TEST_STEP][PASSED] - switch (Paymenttype): null

2024-10-17 14:24:30 - [TEST_STEP][PASSED] - case "New Tax Return Amount Due":: null

2024-10-17 14:24:30 - [TEST_STEP][PASSED] - setEncryptedText(findTestObject(orPath_TaxInfo + "/input_FederalEIN-2"), "RigbBhfdqOBDK95asqKeHw=="): Text ****** has been set on object 'Object Repository/RAD_Pages/TaxInfo_Page/input_FederalEIN-2'

2024-10-17 14:24:30 - [MESSAGE][PASSED] - Text ****** has been set on object 'Object Repository/RAD_Pages/TaxInfo_Page/input_FederalEIN-2'

2024-10-17 14:24:30 - [TEST_STEP][PASSED] - setEncryptedText(findTestObject(orPath_TaxInfo + "/input_FederalEIN_ReEnter-2"), ""): Text ****** has been set on object 'Object Repository/RAD_Pages/TaxInfo_Page/input_FederalEIN_ReEnter-2'

2024-10-17 14:24:31 - [MESSAGE][PASSED] - Text ****** has been set on object 'Object Repository/RAD_Pages/TaxInfo_Page/input_FederalEIN_ReEnter-2'

2024-10-17 14:24:31 - [TEST_STEP][PASSED] - break: null

2024-10-17 14:24:31 - [TEST_STEP][PASSED] - verifyTextPresent("Please enter a valid FEIN with 9 digits.", true): Text 'Please enter a valid FEIN with 9 digits.' is present on page  using regular expression

2024-10-17 14:24:31 - [MESSAGE][PASSED] - Text 'Please enter a valid FEIN with 9 digits.' is present on page  using regular expression

2024-10-17 14:24:31 - [TEST_STEP][PASSED] - if (verifyTextPresent("Please enter a valid FEIN with 9 digits.", true)): null

2024-10-17 14:24:32 - [MESSAGE][PASSED] - Text 'Please enter a valid FEIN with 9 digits.' is present on page  using regular expression

2024-10-17 14:24:32 - [TEST_STEP][PASSED] - println("Error Message is present on the page"): null

2024-10-17 14:24:32 - [TEST_STEP][PASSED] - out.println("Pass Record Number: " + row): null

2024-10-17 14:24:32 - [TEST_STEP][PASSED] - resText = "Pass": null

2024-10-17 14:24:32 - [TEST_STEP][PASSED] - pages.WriteExcel.demoKey(resText, datText, resColumn, datCloumn, fileLoc, nameSheet, row): pages.WriteExcel.demoKey is PASSED

2024-10-17 14:24:32 - [MESSAGE][PASSED] - pages.WriteExcel.demoKey is PASSED

2024-10-17 14:24:32 - [TEST_STEP][PASSED] - ExecuteTC = findTestData(dataFile).getValue("Execute", row): null

2024-10-17 14:24:32 - [TEST_STEP][PASSED] - Taxtype = findTestData(dataFile).getValue("TaxType", row): null

2024-10-17 14:24:32 - [TEST_STEP][PASSED] - Paymenttype = findTestData(dataFile).getValue("PaymentType", row): null

2024-10-17 14:24:32 - [TEST_STEP][PASSED] - out.println("Value of Execute is : " + ExecuteTC): null

2024-10-17 14:24:32 - [TEST_STEP][PASSED] - if (ExecuteTC.equalsIgnoreCase("Y")): null

2024-10-17 14:24:32 - [TEST_STEP][PASSED] - out.println("Begin Record Number: " + row): null

2024-10-17 14:24:32 - [TEST_STEP][PASSED] - today = new java.util.Date(): null

2024-10-17 14:24:32 - [TEST_STEP][PASSED] - println(today): null

2024-10-17 14:24:32 - [TEST_STEP][PASSED] - datText = today: null

2024-10-17 14:24:32 - [TEST_STEP][PASSED] - Taxtype = findTestData(dataFile).getValue("TaxType", row): null

2024-10-17 14:24:32 - [TEST_STEP][PASSED] - out.println("Taxtype value is : " + Taxtype): null

2024-10-17 14:24:32 - [TEST_STEP][PASSED] - openBrowser(""): Browser is opened with url: ''

2024-10-17 14:24:32 - [MESSAGE][WARNING] - A browser is already opened. Closing browser and opening a new one

2024-10-17 14:24:33 - [MESSAGE][INFO] - Starting 'Chrome' driver

2024-10-17 14:24:33 - [MESSAGE][INFO] - User set preference: ['acceptInsecureCerts', 'true']

2024-10-17 14:24:33 - [MESSAGE][INFO] - Action delay is set to 0 milliseconds

2024-10-17 14:24:35 - [MESSAGE][PASSED] - Browser is opened with url: ''

2024-10-17 14:24:35 - [TEST_STEP][PASSED] - maximizeWindow(): Current window maximized

2024-10-17 14:24:35 - [MESSAGE][PASSED] - Current window maximized

2024-10-17 14:24:35 - [TEST_STEP][PASSED] - navigateToUrl(RADurl): Navigate to 'https://demo.velocitypayment.com/client/rad/index.html' successfully

2024-10-17 14:24:35 - [MESSAGE][PASSED] - Navigate to 'https://demo.velocitypayment.com/client/rad/index.html' successfully

2024-10-17 14:24:35 - [TEST_STEP][PASSED] - orPath_Landing = "Object Repository/RAD_Pages/Landing_Page": null

2024-10-17 14:24:35 - [TEST_STEP][PASSED] - orPath_TaxTypeFilingYear = "Object Repository/RAD_Pages/TaxTypeFilingYear_Page": null

2024-10-17 14:24:35 - [TEST_STEP][PASSED] - orPath_TaxPayer = "Object Repository/RAD_Pages/Taxpayer_Page": null

2024-10-17 14:24:35 - [TEST_STEP][PASSED] - orPath_AddressContact = "Object Repository/RAD_Pages/AddressAndContactInfo_Page": null

2024-10-17 14:24:35 - [TEST_STEP][PASSED] - orPath_FilingStatus = "Object Repository/RAD_Pages/FilingStatus_Page": null

2024-10-17 14:24:35 - [TEST_STEP][PASSED] - orPath_Amount = "Object Repository/RAD_Pages/PaymentAmount_Page": null

2024-10-17 14:24:35 - [TEST_STEP][PASSED] - orPath_TaxInfo = "Object Repository/RAD_Pages/TaxInfo_Page": null

2024-10-17 14:24:35 - [TEST_STEP][PASSED] - orPath_Withholding = "Object Repository/RAD_Pages/Withholding_Page": null

2024-10-17 14:24:35 - [TEST_STEP][PASSED] - orPath_Summary = "Object Repository/RAD_Pages/Summary_Page": null

2024-10-17 14:24:35 - [TEST_STEP][PASSED] - orPath_PaymentReady = "Object Repository/RAD_Pages/PaymentReady_Page": null

2024-10-17 14:24:35 - [TEST_STEP][PASSED] - orPath_PaymentEntry = "Object Repository/RAD_Pages/PaymentEntry_Page": null

2024-10-17 14:24:35 - [TEST_STEP][PASSED] - orPath_PaymentConfirmation = "Object Repository/RAD_Pages/PaymentConfirmation_Page": null

2024-10-17 14:24:35 - [TEST_STEP][PASSED] - orPath_ServiceFeesAccept = "Object Repository/RAD_Pages/ServiceFeeAccept_Page": null

2024-10-17 14:24:35 - [TEST_STEP][PASSED] - selectOptionByLabel(findTestObject(orPath_Landing + "/dd_TaxType"), Paymenttype, false): All options with label 'New Tax Return Amount Due' are selected in object 'Object Repository/RAD_Pages/Landing_Page/dd_TaxType' 

2024-10-17 14:24:37 - [MESSAGE][PASSED] - All options with label 'New Tax Return Amount Due' are selected in object 'Object Repository/RAD_Pages/Landing_Page/dd_TaxType' 

2024-10-17 14:24:37 - [TEST_STEP][PASSED] - delay(1): Delayed 1 second(s)

2024-10-17 14:24:38 - [MESSAGE][PASSED] - Delayed 1 second(s)

2024-10-17 14:24:38 - [TEST_STEP][PASSED] - switch (Paymenttype): null

2024-10-17 14:24:38 - [TEST_STEP][PASSED] - case "New Tax Return Amount Due":: null

2024-10-17 14:24:38 - [TEST_STEP][PASSED] - selectOptionByLabel(findTestObject("Object Repository/RAD_Pages/Landing_Page/select_NewTaxReturnAmountDue_TaxType"), Taxtype, false): All options with label 'Alcohol Tax' are selected in object 'Object Repository/RAD_Pages/Landing_Page/select_NewTaxReturnAmountDue_TaxType' 

2024-10-17 14:24:39 - [MESSAGE][PASSED] - All options with label 'Alcohol Tax' are selected in object 'Object Repository/RAD_Pages/Landing_Page/select_NewTaxReturnAmountDue_TaxType' 

2024-10-17 14:24:39 - [TEST_STEP][PASSED] - break: null

2024-10-17 14:24:39 - [TEST_STEP][PASSED] - delay(1): Delayed 1 second(s)

2024-10-17 14:24:40 - [MESSAGE][PASSED] - Delayed 1 second(s)

2024-10-17 14:24:40 - [TEST_STEP][PASSED] - switch (Paymenttype): null

2024-10-17 14:24:40 - [TEST_STEP][PASSED] - case "New Tax Return Amount Due":: null

2024-10-17 14:24:40 - [TEST_STEP][PASSED] - setEncryptedText(findTestObject(orPath_TaxInfo + "/input_FederalEIN-2"), "RigbBhfdqOBDK95asqKeHw=="): Text ****** has been set on object 'Object Repository/RAD_Pages/TaxInfo_Page/input_FederalEIN-2'

2024-10-17 14:24:41 - [MESSAGE][PASSED] - Text ****** has been set on object 'Object Repository/RAD_Pages/TaxInfo_Page/input_FederalEIN-2'

2024-10-17 14:24:41 - [TEST_STEP][PASSED] - setEncryptedText(findTestObject(orPath_TaxInfo + "/input_FederalEIN_ReEnter-2"), ""): Text ****** has been set on object 'Object Repository/RAD_Pages/TaxInfo_Page/input_FederalEIN_ReEnter-2'

2024-10-17 14:24:41 - [MESSAGE][PASSED] - Text ****** has been set on object 'Object Repository/RAD_Pages/TaxInfo_Page/input_FederalEIN_ReEnter-2'

2024-10-17 14:24:41 - [TEST_STEP][PASSED] - break: null

2024-10-17 14:24:41 - [TEST_STEP][PASSED] - verifyTextPresent("Please enter a valid FEIN with 9 digits.", true): Text 'Please enter a valid FEIN with 9 digits.' is present on page  using regular expression

2024-10-17 14:24:42 - [MESSAGE][PASSED] - Text 'Please enter a valid FEIN with 9 digits.' is present on page  using regular expression

2024-10-17 14:24:42 - [TEST_STEP][PASSED] - if (verifyTextPresent("Please enter a valid FEIN with 9 digits.", true)): null

2024-10-17 14:24:42 - [MESSAGE][PASSED] - Text 'Please enter a valid FEIN with 9 digits.' is present on page  using regular expression

2024-10-17 14:24:42 - [TEST_STEP][PASSED] - println("Error Message is present on the page"): null

2024-10-17 14:24:42 - [TEST_STEP][PASSED] - out.println("Pass Record Number: " + row): null

2024-10-17 14:24:42 - [TEST_STEP][PASSED] - resText = "Pass": null

2024-10-17 14:24:42 - [TEST_STEP][PASSED] - pages.WriteExcel.demoKey(resText, datText, resColumn, datCloumn, fileLoc, nameSheet, row): pages.WriteExcel.demoKey is PASSED

2024-10-17 14:24:42 - [MESSAGE][PASSED] - pages.WriteExcel.demoKey is PASSED

2024-10-17 14:24:42 - [TEST_STEP][PASSED] - ExecuteTC = findTestData(dataFile).getValue("Execute", row): null

2024-10-17 14:24:42 - [TEST_STEP][PASSED] - Taxtype = findTestData(dataFile).getValue("TaxType", row): null

2024-10-17 14:24:42 - [TEST_STEP][PASSED] - Paymenttype = findTestData(dataFile).getValue("PaymentType", row): null

2024-10-17 14:24:42 - [TEST_STEP][PASSED] - out.println("Value of Execute is : " + ExecuteTC): null

2024-10-17 14:24:42 - [TEST_STEP][PASSED] - if (ExecuteTC.equalsIgnoreCase("Y")): null

2024-10-17 14:24:42 - [TEST_STEP][PASSED] - out.println("Begin Record Number: " + row): null

2024-10-17 14:24:42 - [TEST_STEP][PASSED] - today = new java.util.Date(): null

2024-10-17 14:24:42 - [TEST_STEP][PASSED] - println(today): null

2024-10-17 14:24:42 - [TEST_STEP][PASSED] - datText = today: null

2024-10-17 14:24:42 - [TEST_STEP][PASSED] - Taxtype = findTestData(dataFile).getValue("TaxType", row): null

2024-10-17 14:24:43 - [TEST_STEP][PASSED] - out.println("Taxtype value is : " + Taxtype): null

2024-10-17 14:24:43 - [TEST_STEP][PASSED] - openBrowser(""): Browser is opened with url: ''

2024-10-17 14:24:43 - [MESSAGE][WARNING] - A browser is already opened. Closing browser and opening a new one

2024-10-17 14:24:44 - [MESSAGE][INFO] - Starting 'Chrome' driver

2024-10-17 14:24:44 - [MESSAGE][INFO] - User set preference: ['acceptInsecureCerts', 'true']

2024-10-17 14:24:44 - [MESSAGE][INFO] - Action delay is set to 0 milliseconds

2024-10-17 14:24:46 - [MESSAGE][PASSED] - Browser is opened with url: ''

2024-10-17 14:24:46 - [TEST_STEP][PASSED] - maximizeWindow(): Current window maximized

2024-10-17 14:24:46 - [MESSAGE][PASSED] - Current window maximized

2024-10-17 14:24:46 - [TEST_STEP][PASSED] - navigateToUrl(RADurl): Navigate to 'https://demo.velocitypayment.com/client/rad/index.html' successfully

2024-10-17 14:24:46 - [MESSAGE][PASSED] - Navigate to 'https://demo.velocitypayment.com/client/rad/index.html' successfully

2024-10-17 14:24:46 - [TEST_STEP][PASSED] - orPath_Landing = "Object Repository/RAD_Pages/Landing_Page": null

2024-10-17 14:24:46 - [TEST_STEP][PASSED] - orPath_TaxTypeFilingYear = "Object Repository/RAD_Pages/TaxTypeFilingYear_Page": null

2024-10-17 14:24:46 - [TEST_STEP][PASSED] - orPath_TaxPayer = "Object Repository/RAD_Pages/Taxpayer_Page": null

2024-10-17 14:24:46 - [TEST_STEP][PASSED] - orPath_AddressContact = "Object Repository/RAD_Pages/AddressAndContactInfo_Page": null

2024-10-17 14:24:46 - [TEST_STEP][PASSED] - orPath_FilingStatus = "Object Repository/RAD_Pages/FilingStatus_Page": null

2024-10-17 14:24:46 - [TEST_STEP][PASSED] - orPath_Amount = "Object Repository/RAD_Pages/PaymentAmount_Page": null

2024-10-17 14:24:46 - [TEST_STEP][PASSED] - orPath_TaxInfo = "Object Repository/RAD_Pages/TaxInfo_Page": null

2024-10-17 14:24:46 - [TEST_STEP][PASSED] - orPath_Withholding = "Object Repository/RAD_Pages/Withholding_Page": null

2024-10-17 14:24:46 - [TEST_STEP][PASSED] - orPath_Summary = "Object Repository/RAD_Pages/Summary_Page": null

2024-10-17 14:24:46 - [TEST_STEP][PASSED] - orPath_PaymentReady = "Object Repository/RAD_Pages/PaymentReady_Page": null

2024-10-17 14:24:46 - [TEST_STEP][PASSED] - orPath_PaymentEntry = "Object Repository/RAD_Pages/PaymentEntry_Page": null

2024-10-17 14:24:46 - [TEST_STEP][PASSED] - orPath_PaymentConfirmation = "Object Repository/RAD_Pages/PaymentConfirmation_Page": null

2024-10-17 14:24:46 - [TEST_STEP][PASSED] - orPath_ServiceFeesAccept = "Object Repository/RAD_Pages/ServiceFeeAccept_Page": null

2024-10-17 14:24:46 - [TEST_STEP][PASSED] - selectOptionByLabel(findTestObject(orPath_Landing + "/dd_TaxType"), Paymenttype, false): All options with label 'New Tax Return Amount Due' are selected in object 'Object Repository/RAD_Pages/Landing_Page/dd_TaxType' 

2024-10-17 14:24:48 - [MESSAGE][PASSED] - All options with label 'New Tax Return Amount Due' are selected in object 'Object Repository/RAD_Pages/Landing_Page/dd_TaxType' 

2024-10-17 14:24:48 - [TEST_STEP][PASSED] - delay(1): Delayed 1 second(s)

2024-10-17 14:24:49 - [MESSAGE][PASSED] - Delayed 1 second(s)

2024-10-17 14:24:49 - [TEST_STEP][PASSED] - switch (Paymenttype): null

2024-10-17 14:24:49 - [TEST_STEP][PASSED] - case "New Tax Return Amount Due":: null

2024-10-17 14:24:49 - [TEST_STEP][PASSED] - selectOptionByLabel(findTestObject("Object Repository/RAD_Pages/Landing_Page/select_NewTaxReturnAmountDue_TaxType"), Taxtype, false): All options with label 'Bay Restoration Fee' are selected in object 'Object Repository/RAD_Pages/Landing_Page/select_NewTaxReturnAmountDue_TaxType' 

2024-10-17 14:24:50 - [MESSAGE][PASSED] - All options with label 'Bay Restoration Fee' are selected in object 'Object Repository/RAD_Pages/Landing_Page/select_NewTaxReturnAmountDue_TaxType' 

2024-10-17 14:24:50 - [TEST_STEP][PASSED] - break: null

2024-10-17 14:24:50 - [TEST_STEP][PASSED] - delay(1): Delayed 1 second(s)

2024-10-17 14:24:51 - [MESSAGE][PASSED] - Delayed 1 second(s)

2024-10-17 14:24:51 - [TEST_STEP][PASSED] - switch (Paymenttype): null

2024-10-17 14:24:51 - [TEST_STEP][PASSED] - case "New Tax Return Amount Due":: null

2024-10-17 14:24:51 - [TEST_STEP][PASSED] - setEncryptedText(findTestObject(orPath_TaxInfo + "/input_FederalEIN-2"), "RigbBhfdqOBDK95asqKeHw=="): Text ****** has been set on object 'Object Repository/RAD_Pages/TaxInfo_Page/input_FederalEIN-2'

2024-10-17 14:24:51 - [MESSAGE][PASSED] - Text ****** has been set on object 'Object Repository/RAD_Pages/TaxInfo_Page/input_FederalEIN-2'

2024-10-17 14:24:51 - [TEST_STEP][PASSED] - setEncryptedText(findTestObject(orPath_TaxInfo + "/input_FederalEIN_ReEnter-2"), ""): Text ****** has been set on object 'Object Repository/RAD_Pages/TaxInfo_Page/input_FederalEIN_ReEnter-2'

2024-10-17 14:24:52 - [MESSAGE][PASSED] - Text ****** has been set on object 'Object Repository/RAD_Pages/TaxInfo_Page/input_FederalEIN_ReEnter-2'

2024-10-17 14:24:52 - [TEST_STEP][PASSED] - break: null

2024-10-17 14:24:52 - [TEST_STEP][PASSED] - verifyTextPresent("Please enter a valid FEIN with 9 digits.", true): Text 'Please enter a valid FEIN with 9 digits.' is present on page  using regular expression

2024-10-17 14:24:53 - [MESSAGE][PASSED] - Text 'Please enter a valid FEIN with 9 digits.' is present on page  using regular expression

2024-10-17 14:24:53 - [TEST_STEP][PASSED] - if (verifyTextPresent("Please enter a valid FEIN with 9 digits.", true)): null

2024-10-17 14:24:53 - [MESSAGE][PASSED] - Text 'Please enter a valid FEIN with 9 digits.' is present on page  using regular expression

2024-10-17 14:24:53 - [TEST_STEP][PASSED] - println("Error Message is present on the page"): null

2024-10-17 14:24:53 - [TEST_STEP][PASSED] - out.println("Pass Record Number: " + row): null

2024-10-17 14:24:53 - [TEST_STEP][PASSED] - resText = "Pass": null

2024-10-17 14:24:53 - [TEST_STEP][PASSED] - pages.WriteExcel.demoKey(resText, datText, resColumn, datCloumn, fileLoc, nameSheet, row): pages.WriteExcel.demoKey is PASSED

2024-10-17 14:24:53 - [MESSAGE][PASSED] - pages.WriteExcel.demoKey is PASSED

2024-10-17 14:24:53 - [TEST_STEP][PASSED] - ExecuteTC = findTestData(dataFile).getValue("Execute", row): null

2024-10-17 14:24:53 - [TEST_STEP][PASSED] - Taxtype = findTestData(dataFile).getValue("TaxType", row): null

2024-10-17 14:24:53 - [TEST_STEP][PASSED] - Paymenttype = findTestData(dataFile).getValue("PaymentType", row): null

2024-10-17 14:24:53 - [TEST_STEP][PASSED] - out.println("Value of Execute is : " + ExecuteTC): null

2024-10-17 14:24:53 - [TEST_STEP][PASSED] - if (ExecuteTC.equalsIgnoreCase("Y")): null

2024-10-17 14:24:53 - [TEST_STEP][PASSED] - out.println("Begin Record Number: " + row): null

2024-10-17 14:24:53 - [TEST_STEP][PASSED] - today = new java.util.Date(): null

2024-10-17 14:24:53 - [TEST_STEP][PASSED] - println(today): null

2024-10-17 14:24:53 - [TEST_STEP][PASSED] - datText = today: null

2024-10-17 14:24:53 - [TEST_STEP][PASSED] - Taxtype = findTestData(dataFile).getValue("TaxType", row): null

2024-10-17 14:24:53 - [TEST_STEP][PASSED] - out.println("Taxtype value is : " + Taxtype): null

2024-10-17 14:24:53 - [TEST_STEP][PASSED] - openBrowser(""): Browser is opened with url: ''

2024-10-17 14:24:53 - [MESSAGE][WARNING] - A browser is already opened. Closing browser and opening a new one

2024-10-17 14:24:54 - [MESSAGE][INFO] - Starting 'Chrome' driver

2024-10-17 14:24:54 - [MESSAGE][INFO] - User set preference: ['acceptInsecureCerts', 'true']

2024-10-17 14:24:54 - [MESSAGE][INFO] - Action delay is set to 0 milliseconds

2024-10-17 14:24:56 - [MESSAGE][PASSED] - Browser is opened with url: ''

2024-10-17 14:24:56 - [TEST_STEP][PASSED] - maximizeWindow(): Current window maximized

2024-10-17 14:24:56 - [MESSAGE][PASSED] - Current window maximized

2024-10-17 14:24:56 - [TEST_STEP][PASSED] - navigateToUrl(RADurl): Navigate to 'https://demo.velocitypayment.com/client/rad/index.html' successfully

2024-10-17 14:24:58 - [MESSAGE][PASSED] - Navigate to 'https://demo.velocitypayment.com/client/rad/index.html' successfully

2024-10-17 14:24:58 - [TEST_STEP][PASSED] - orPath_Landing = "Object Repository/RAD_Pages/Landing_Page": null

2024-10-17 14:24:58 - [TEST_STEP][PASSED] - orPath_TaxTypeFilingYear = "Object Repository/RAD_Pages/TaxTypeFilingYear_Page": null

2024-10-17 14:24:58 - [TEST_STEP][PASSED] - orPath_TaxPayer = "Object Repository/RAD_Pages/Taxpayer_Page": null

2024-10-17 14:24:58 - [TEST_STEP][PASSED] - orPath_AddressContact = "Object Repository/RAD_Pages/AddressAndContactInfo_Page": null

2024-10-17 14:24:58 - [TEST_STEP][PASSED] - orPath_FilingStatus = "Object Repository/RAD_Pages/FilingStatus_Page": null

2024-10-17 14:24:58 - [TEST_STEP][PASSED] - orPath_Amount = "Object Repository/RAD_Pages/PaymentAmount_Page": null

2024-10-17 14:24:58 - [TEST_STEP][PASSED] - orPath_TaxInfo = "Object Repository/RAD_Pages/TaxInfo_Page": null

2024-10-17 14:24:58 - [TEST_STEP][PASSED] - orPath_Withholding = "Object Repository/RAD_Pages/Withholding_Page": null

2024-10-17 14:24:58 - [TEST_STEP][PASSED] - orPath_Summary = "Object Repository/RAD_Pages/Summary_Page": null

2024-10-17 14:24:58 - [TEST_STEP][PASSED] - orPath_PaymentReady = "Object Repository/RAD_Pages/PaymentReady_Page": null

2024-10-17 14:24:58 - [TEST_STEP][PASSED] - orPath_PaymentEntry = "Object Repository/RAD_Pages/PaymentEntry_Page": null

2024-10-17 14:24:58 - [TEST_STEP][PASSED] - orPath_PaymentConfirmation = "Object Repository/RAD_Pages/PaymentConfirmation_Page": null

2024-10-17 14:24:58 - [TEST_STEP][PASSED] - orPath_ServiceFeesAccept = "Object Repository/RAD_Pages/ServiceFeeAccept_Page": null

2024-10-17 14:24:58 - [TEST_STEP][PASSED] - selectOptionByLabel(findTestObject(orPath_Landing + "/dd_TaxType"), Paymenttype, false): All options with label 'New Tax Return Amount Due' are selected in object 'Object Repository/RAD_Pages/Landing_Page/dd_TaxType' 

2024-10-17 14:24:59 - [MESSAGE][PASSED] - All options with label 'New Tax Return Amount Due' are selected in object 'Object Repository/RAD_Pages/Landing_Page/dd_TaxType' 

2024-10-17 14:24:59 - [TEST_STEP][PASSED] - delay(1): Delayed 1 second(s)

2024-10-17 14:25:00 - [MESSAGE][PASSED] - Delayed 1 second(s)

2024-10-17 14:25:00 - [TEST_STEP][PASSED] - switch (Paymenttype): null

2024-10-17 14:25:00 - [TEST_STEP][PASSED] - case "New Tax Return Amount Due":: null

2024-10-17 14:25:00 - [TEST_STEP][PASSED] - selectOptionByLabel(findTestObject("Object Repository/RAD_Pages/Landing_Page/select_NewTaxReturnAmountDue_TaxType"), Taxtype, false): All options with label 'Corporate Income Tax' are selected in object 'Object Repository/RAD_Pages/Landing_Page/select_NewTaxReturnAmountDue_TaxType' 

2024-10-17 14:25:01 - [MESSAGE][PASSED] - All options with label 'Corporate Income Tax' are selected in object 'Object Repository/RAD_Pages/Landing_Page/select_NewTaxReturnAmountDue_TaxType' 

2024-10-17 14:25:01 - [TEST_STEP][PASSED] - break: null

2024-10-17 14:25:01 - [TEST_STEP][PASSED] - delay(1): Delayed 1 second(s)

2024-10-17 14:25:02 - [MESSAGE][PASSED] - Delayed 1 second(s)

2024-10-17 14:25:02 - [TEST_STEP][PASSED] - switch (Paymenttype): null

2024-10-17 14:25:02 - [TEST_STEP][PASSED] - case "New Tax Return Amount Due":: null

2024-10-17 14:25:02 - [TEST_STEP][PASSED] - setEncryptedText(findTestObject(orPath_TaxInfo + "/input_FederalEIN-2"), "RigbBhfdqOBDK95asqKeHw=="): Text ****** has been set on object 'Object Repository/RAD_Pages/TaxInfo_Page/input_FederalEIN-2'

2024-10-17 14:25:02 - [MESSAGE][PASSED] - Text ****** has been set on object 'Object Repository/RAD_Pages/TaxInfo_Page/input_FederalEIN-2'

2024-10-17 14:25:02 - [TEST_STEP][PASSED] - setEncryptedText(findTestObject(orPath_TaxInfo + "/input_FederalEIN_ReEnter-2"), ""): Text ****** has been set on object 'Object Repository/RAD_Pages/TaxInfo_Page/input_FederalEIN_ReEnter-2'

2024-10-17 14:25:03 - [MESSAGE][PASSED] - Text ****** has been set on object 'Object Repository/RAD_Pages/TaxInfo_Page/input_FederalEIN_ReEnter-2'

2024-10-17 14:25:03 - [TEST_STEP][PASSED] - break: null

2024-10-17 14:25:03 - [TEST_STEP][PASSED] - verifyTextPresent("Please enter a valid FEIN with 9 digits.", true): Text 'Please enter a valid FEIN with 9 digits.' is present on page  using regular expression

2024-10-17 14:25:04 - [MESSAGE][PASSED] - Text 'Please enter a valid FEIN with 9 digits.' is present on page  using regular expression

2024-10-17 14:25:04 - [TEST_STEP][PASSED] - if (verifyTextPresent("Please enter a valid FEIN with 9 digits.", true)): null

2024-10-17 14:25:04 - [MESSAGE][PASSED] - Text 'Please enter a valid FEIN with 9 digits.' is present on page  using regular expression

2024-10-17 14:25:04 - [TEST_STEP][PASSED] - println("Error Message is present on the page"): null

2024-10-17 14:25:04 - [TEST_STEP][PASSED] - out.println("Pass Record Number: " + row): null

2024-10-17 14:25:04 - [TEST_STEP][PASSED] - resText = "Pass": null

2024-10-17 14:25:04 - [TEST_STEP][PASSED] - pages.WriteExcel.demoKey(resText, datText, resColumn, datCloumn, fileLoc, nameSheet, row): pages.WriteExcel.demoKey is PASSED

2024-10-17 14:25:04 - [MESSAGE][PASSED] - pages.WriteExcel.demoKey is PASSED

2024-10-17 14:25:04 - [TEST_STEP][PASSED] - ExecuteTC = findTestData(dataFile).getValue("Execute", row): null

2024-10-17 14:25:04 - [TEST_STEP][PASSED] - Taxtype = findTestData(dataFile).getValue("TaxType", row): null

2024-10-17 14:25:04 - [TEST_STEP][PASSED] - Paymenttype = findTestData(dataFile).getValue("PaymentType", row): null

2024-10-17 14:25:04 - [TEST_STEP][PASSED] - out.println("Value of Execute is : " + ExecuteTC): null

2024-10-17 14:25:04 - [TEST_STEP][PASSED] - if (ExecuteTC.equalsIgnoreCase("Y")): null

2024-10-17 14:25:04 - [TEST_STEP][PASSED] - out.println("Begin Record Number: " + row): null

2024-10-17 14:25:04 - [TEST_STEP][PASSED] - today = new java.util.Date(): null

2024-10-17 14:25:04 - [TEST_STEP][PASSED] - println(today): null

2024-10-17 14:25:04 - [TEST_STEP][PASSED] - datText = today: null

2024-10-17 14:25:04 - [TEST_STEP][PASSED] - Taxtype = findTestData(dataFile).getValue("TaxType", row): null

2024-10-17 14:25:04 - [TEST_STEP][PASSED] - out.println("Taxtype value is : " + Taxtype): null

2024-10-17 14:25:04 - [TEST_STEP][PASSED] - openBrowser(""): Browser is opened with url: ''

2024-10-17 14:25:04 - [MESSAGE][WARNING] - A browser is already opened. Closing browser and opening a new one

2024-10-17 14:25:06 - [MESSAGE][INFO] - Starting 'Chrome' driver

2024-10-17 14:25:06 - [MESSAGE][INFO] - User set preference: ['acceptInsecureCerts', 'true']

2024-10-17 14:25:06 - [MESSAGE][INFO] - Action delay is set to 0 milliseconds

2024-10-17 14:25:07 - [MESSAGE][PASSED] - Browser is opened with url: ''

2024-10-17 14:25:07 - [TEST_STEP][PASSED] - maximizeWindow(): Current window maximized

2024-10-17 14:25:07 - [MESSAGE][PASSED] - Current window maximized

2024-10-17 14:25:07 - [TEST_STEP][PASSED] - navigateToUrl(RADurl): Navigate to 'https://demo.velocitypayment.com/client/rad/index.html' successfully

2024-10-17 14:25:09 - [MESSAGE][PASSED] - Navigate to 'https://demo.velocitypayment.com/client/rad/index.html' successfully

2024-10-17 14:25:09 - [TEST_STEP][PASSED] - orPath_Landing = "Object Repository/RAD_Pages/Landing_Page": null

2024-10-17 14:25:09 - [TEST_STEP][PASSED] - orPath_TaxTypeFilingYear = "Object Repository/RAD_Pages/TaxTypeFilingYear_Page": null

2024-10-17 14:25:09 - [TEST_STEP][PASSED] - orPath_TaxPayer = "Object Repository/RAD_Pages/Taxpayer_Page": null

2024-10-17 14:25:09 - [TEST_STEP][PASSED] - orPath_AddressContact = "Object Repository/RAD_Pages/AddressAndContactInfo_Page": null

2024-10-17 14:25:09 - [TEST_STEP][PASSED] - orPath_FilingStatus = "Object Repository/RAD_Pages/FilingStatus_Page": null

2024-10-17 14:25:09 - [TEST_STEP][PASSED] - orPath_Amount = "Object Repository/RAD_Pages/PaymentAmount_Page": null

2024-10-17 14:25:09 - [TEST_STEP][PASSED] - orPath_TaxInfo = "Object Repository/RAD_Pages/TaxInfo_Page": null

2024-10-17 14:25:09 - [TEST_STEP][PASSED] - orPath_Withholding = "Object Repository/RAD_Pages/Withholding_Page": null

2024-10-17 14:25:09 - [TEST_STEP][PASSED] - orPath_Summary = "Object Repository/RAD_Pages/Summary_Page": null

2024-10-17 14:25:09 - [TEST_STEP][PASSED] - orPath_PaymentReady = "Object Repository/RAD_Pages/PaymentReady_Page": null

2024-10-17 14:25:09 - [TEST_STEP][PASSED] - orPath_PaymentEntry = "Object Repository/RAD_Pages/PaymentEntry_Page": null

2024-10-17 14:25:09 - [TEST_STEP][PASSED] - orPath_PaymentConfirmation = "Object Repository/RAD_Pages/PaymentConfirmation_Page": null

2024-10-17 14:25:09 - [TEST_STEP][PASSED] - orPath_ServiceFeesAccept = "Object Repository/RAD_Pages/ServiceFeeAccept_Page": null

2024-10-17 14:25:09 - [TEST_STEP][PASSED] - selectOptionByLabel(findTestObject(orPath_Landing + "/dd_TaxType"), Paymenttype, false): All options with label 'New Tax Return Amount Due' are selected in object 'Object Repository/RAD_Pages/Landing_Page/dd_TaxType' 

2024-10-17 14:25:10 - [MESSAGE][PASSED] - All options with label 'New Tax Return Amount Due' are selected in object 'Object Repository/RAD_Pages/Landing_Page/dd_TaxType' 

2024-10-17 14:25:10 - [TEST_STEP][PASSED] - delay(1): Delayed 1 second(s)

2024-10-17 14:25:11 - [MESSAGE][PASSED] - Delayed 1 second(s)

2024-10-17 14:25:11 - [TEST_STEP][PASSED] - switch (Paymenttype): null

2024-10-17 14:25:11 - [TEST_STEP][PASSED] - case "New Tax Return Amount Due":: null

2024-10-17 14:25:11 - [TEST_STEP][PASSED] - selectOptionByLabel(findTestObject("Object Repository/RAD_Pages/Landing_Page/select_NewTaxReturnAmountDue_TaxType"), Taxtype, false): All options with label 'Motor Fuel Tax' are selected in object 'Object Repository/RAD_Pages/Landing_Page/select_NewTaxReturnAmountDue_TaxType' 

2024-10-17 14:25:11 - [MESSAGE][PASSED] - All options with label 'Motor Fuel Tax' are selected in object 'Object Repository/RAD_Pages/Landing_Page/select_NewTaxReturnAmountDue_TaxType' 

2024-10-17 14:25:11 - [TEST_STEP][PASSED] - break: null

2024-10-17 14:25:11 - [TEST_STEP][PASSED] - delay(1): Delayed 1 second(s)

2024-10-17 14:25:12 - [MESSAGE][PASSED] - Delayed 1 second(s)

2024-10-17 14:25:12 - [TEST_STEP][PASSED] - switch (Paymenttype): null

2024-10-17 14:25:12 - [TEST_STEP][PASSED] - case "New Tax Return Amount Due":: null

2024-10-17 14:25:12 - [TEST_STEP][PASSED] - setEncryptedText(findTestObject(orPath_TaxInfo + "/input_FederalEIN-2"), "RigbBhfdqOBDK95asqKeHw=="): Text ****** has been set on object 'Object Repository/RAD_Pages/TaxInfo_Page/input_FederalEIN-2'

2024-10-17 14:25:13 - [MESSAGE][PASSED] - Text ****** has been set on object 'Object Repository/RAD_Pages/TaxInfo_Page/input_FederalEIN-2'

2024-10-17 14:25:13 - [TEST_STEP][PASSED] - setEncryptedText(findTestObject(orPath_TaxInfo + "/input_FederalEIN_ReEnter-2"), ""): Text ****** has been set on object 'Object Repository/RAD_Pages/TaxInfo_Page/input_FederalEIN_ReEnter-2'

2024-10-17 14:25:14 - [MESSAGE][PASSED] - Text ****** has been set on object 'Object Repository/RAD_Pages/TaxInfo_Page/input_FederalEIN_ReEnter-2'

2024-10-17 14:25:14 - [TEST_STEP][PASSED] - break: null

2024-10-17 14:25:14 - [TEST_STEP][PASSED] - verifyTextPresent("Please enter a valid FEIN with 9 digits.", true): Text 'Please enter a valid FEIN with 9 digits.' is present on page  using regular expression

2024-10-17 14:25:14 - [MESSAGE][PASSED] - Text 'Please enter a valid FEIN with 9 digits.' is present on page  using regular expression

2024-10-17 14:25:14 - [TEST_STEP][PASSED] - if (verifyTextPresent("Please enter a valid FEIN with 9 digits.", true)): null

2024-10-17 14:25:15 - [MESSAGE][PASSED] - Text 'Please enter a valid FEIN with 9 digits.' is present on page  using regular expression

2024-10-17 14:25:15 - [TEST_STEP][PASSED] - println("Error Message is present on the page"): null

2024-10-17 14:25:15 - [TEST_STEP][PASSED] - out.println("Pass Record Number: " + row): null

2024-10-17 14:25:15 - [TEST_STEP][PASSED] - resText = "Pass": null

2024-10-17 14:25:15 - [TEST_STEP][PASSED] - pages.WriteExcel.demoKey(resText, datText, resColumn, datCloumn, fileLoc, nameSheet, row): pages.WriteExcel.demoKey is PASSED

2024-10-17 14:25:15 - [MESSAGE][PASSED] - pages.WriteExcel.demoKey is PASSED

2024-10-17 14:25:15 - [TEST_STEP][PASSED] - ExecuteTC = findTestData(dataFile).getValue("Execute", row): null

2024-10-17 14:25:15 - [TEST_STEP][PASSED] - Taxtype = findTestData(dataFile).getValue("TaxType", row): null

2024-10-17 14:25:15 - [TEST_STEP][PASSED] - Paymenttype = findTestData(dataFile).getValue("PaymentType", row): null

2024-10-17 14:25:15 - [TEST_STEP][PASSED] - out.println("Value of Execute is : " + ExecuteTC): null

2024-10-17 14:25:15 - [TEST_STEP][PASSED] - if (ExecuteTC.equalsIgnoreCase("Y")): null

2024-10-17 14:25:15 - [TEST_STEP][PASSED] - out.println("Begin Record Number: " + row): null

2024-10-17 14:25:15 - [TEST_STEP][PASSED] - today = new java.util.Date(): null

2024-10-17 14:25:15 - [TEST_STEP][PASSED] - println(today): null

2024-10-17 14:25:15 - [TEST_STEP][PASSED] - datText = today: null

2024-10-17 14:25:15 - [TEST_STEP][PASSED] - Taxtype = findTestData(dataFile).getValue("TaxType", row): null

2024-10-17 14:25:15 - [TEST_STEP][PASSED] - out.println("Taxtype value is : " + Taxtype): null

2024-10-17 14:25:15 - [TEST_STEP][PASSED] - openBrowser(""): Browser is opened with url: ''

2024-10-17 14:25:15 - [MESSAGE][WARNING] - A browser is already opened. Closing browser and opening a new one

2024-10-17 14:25:16 - [MESSAGE][INFO] - Starting 'Chrome' driver

2024-10-17 14:25:16 - [MESSAGE][INFO] - User set preference: ['acceptInsecureCerts', 'true']

2024-10-17 14:25:16 - [MESSAGE][INFO] - Action delay is set to 0 milliseconds

2024-10-17 14:25:18 - [MESSAGE][PASSED] - Browser is opened with url: ''

2024-10-17 14:25:18 - [TEST_STEP][PASSED] - maximizeWindow(): Current window maximized

2024-10-17 14:25:18 - [MESSAGE][PASSED] - Current window maximized

2024-10-17 14:25:18 - [TEST_STEP][PASSED] - navigateToUrl(RADurl): Navigate to 'https://demo.velocitypayment.com/client/rad/index.html' successfully

2024-10-17 14:25:18 - [MESSAGE][PASSED] - Navigate to 'https://demo.velocitypayment.com/client/rad/index.html' successfully

2024-10-17 14:25:18 - [TEST_STEP][PASSED] - orPath_Landing = "Object Repository/RAD_Pages/Landing_Page": null

2024-10-17 14:25:18 - [TEST_STEP][PASSED] - orPath_TaxTypeFilingYear = "Object Repository/RAD_Pages/TaxTypeFilingYear_Page": null

2024-10-17 14:25:18 - [TEST_STEP][PASSED] - orPath_TaxPayer = "Object Repository/RAD_Pages/Taxpayer_Page": null

2024-10-17 14:25:18 - [TEST_STEP][PASSED] - orPath_AddressContact = "Object Repository/RAD_Pages/AddressAndContactInfo_Page": null

2024-10-17 14:25:18 - [TEST_STEP][PASSED] - orPath_FilingStatus = "Object Repository/RAD_Pages/FilingStatus_Page": null

2024-10-17 14:25:18 - [TEST_STEP][PASSED] - orPath_Amount = "Object Repository/RAD_Pages/PaymentAmount_Page": null

2024-10-17 14:25:18 - [TEST_STEP][PASSED] - orPath_TaxInfo = "Object Repository/RAD_Pages/TaxInfo_Page": null

2024-10-17 14:25:18 - [TEST_STEP][PASSED] - orPath_Withholding = "Object Repository/RAD_Pages/Withholding_Page": null

2024-10-17 14:25:18 - [TEST_STEP][PASSED] - orPath_Summary = "Object Repository/RAD_Pages/Summary_Page": null

2024-10-17 14:25:18 - [TEST_STEP][PASSED] - orPath_PaymentReady = "Object Repository/RAD_Pages/PaymentReady_Page": null

2024-10-17 14:25:18 - [TEST_STEP][PASSED] - orPath_PaymentEntry = "Object Repository/RAD_Pages/PaymentEntry_Page": null

2024-10-17 14:25:18 - [TEST_STEP][PASSED] - orPath_PaymentConfirmation = "Object Repository/RAD_Pages/PaymentConfirmation_Page": null

2024-10-17 14:25:18 - [TEST_STEP][PASSED] - orPath_ServiceFeesAccept = "Object Repository/RAD_Pages/ServiceFeeAccept_Page": null

2024-10-17 14:25:18 - [TEST_STEP][PASSED] - selectOptionByLabel(findTestObject(orPath_Landing + "/dd_TaxType"), Paymenttype, false): All options with label 'New Tax Return Amount Due' are selected in object 'Object Repository/RAD_Pages/Landing_Page/dd_TaxType' 

2024-10-17 14:25:21 - [MESSAGE][PASSED] - All options with label 'New Tax Return Amount Due' are selected in object 'Object Repository/RAD_Pages/Landing_Page/dd_TaxType' 

2024-10-17 14:25:21 - [TEST_STEP][PASSED] - delay(1): Delayed 1 second(s)

2024-10-17 14:25:22 - [MESSAGE][PASSED] - Delayed 1 second(s)

2024-10-17 14:25:22 - [TEST_STEP][PASSED] - switch (Paymenttype): null

2024-10-17 14:25:22 - [TEST_STEP][PASSED] - case "New Tax Return Amount Due":: null

2024-10-17 14:25:22 - [TEST_STEP][PASSED] - selectOptionByLabel(findTestObject("Object Repository/RAD_Pages/Landing_Page/select_NewTaxReturnAmountDue_TaxType"), Taxtype, false): All options with label 'Sales and Use Tax' are selected in object 'Object Repository/RAD_Pages/Landing_Page/select_NewTaxReturnAmountDue_TaxType' 

2024-10-17 14:25:22 - [MESSAGE][PASSED] - All options with label 'Sales and Use Tax' are selected in object 'Object Repository/RAD_Pages/Landing_Page/select_NewTaxReturnAmountDue_TaxType' 

2024-10-17 14:25:22 - [TEST_STEP][PASSED] - break: null

2024-10-17 14:25:22 - [TEST_STEP][PASSED] - delay(1): Delayed 1 second(s)

2024-10-17 14:25:23 - [MESSAGE][PASSED] - Delayed 1 second(s)

2024-10-17 14:25:23 - [TEST_STEP][PASSED] - switch (Paymenttype): null

2024-10-17 14:25:23 - [TEST_STEP][PASSED] - case "New Tax Return Amount Due":: null

2024-10-17 14:25:23 - [TEST_STEP][PASSED] - setEncryptedText(findTestObject(orPath_TaxInfo + "/input_FederalEIN-2"), "RigbBhfdqOBDK95asqKeHw=="): Text ****** has been set on object 'Object Repository/RAD_Pages/TaxInfo_Page/input_FederalEIN-2'

2024-10-17 14:25:24 - [MESSAGE][PASSED] - Text ****** has been set on object 'Object Repository/RAD_Pages/TaxInfo_Page/input_FederalEIN-2'

2024-10-17 14:25:24 - [TEST_STEP][PASSED] - setEncryptedText(findTestObject(orPath_TaxInfo + "/input_FederalEIN_ReEnter-2"), ""): Text ****** has been set on object 'Object Repository/RAD_Pages/TaxInfo_Page/input_FederalEIN_ReEnter-2'

2024-10-17 14:25:24 - [MESSAGE][PASSED] - Text ****** has been set on object 'Object Repository/RAD_Pages/TaxInfo_Page/input_FederalEIN_ReEnter-2'

2024-10-17 14:25:24 - [TEST_STEP][PASSED] - break: null

2024-10-17 14:25:24 - [TEST_STEP][PASSED] - verifyTextPresent("Please enter a valid FEIN with 9 digits.", true): Text 'Please enter a valid FEIN with 9 digits.' is present on page  using regular expression

2024-10-17 14:25:25 - [MESSAGE][PASSED] - Text 'Please enter a valid FEIN with 9 digits.' is present on page  using regular expression

2024-10-17 14:25:25 - [TEST_STEP][PASSED] - if (verifyTextPresent("Please enter a valid FEIN with 9 digits.", true)): null

2024-10-17 14:25:25 - [MESSAGE][PASSED] - Text 'Please enter a valid FEIN with 9 digits.' is present on page  using regular expression

2024-10-17 14:25:25 - [TEST_STEP][PASSED] - println("Error Message is present on the page"): null

2024-10-17 14:25:25 - [TEST_STEP][PASSED] - out.println("Pass Record Number: " + row): null

2024-10-17 14:25:25 - [TEST_STEP][PASSED] - resText = "Pass": null

2024-10-17 14:25:25 - [TEST_STEP][PASSED] - pages.WriteExcel.demoKey(resText, datText, resColumn, datCloumn, fileLoc, nameSheet, row): pages.WriteExcel.demoKey is PASSED

2024-10-17 14:25:25 - [MESSAGE][PASSED] - pages.WriteExcel.demoKey is PASSED

2024-10-17 14:25:25 - [TEST_STEP][PASSED] - ExecuteTC = findTestData(dataFile).getValue("Execute", row): null

2024-10-17 14:25:25 - [TEST_STEP][PASSED] - Taxtype = findTestData(dataFile).getValue("TaxType", row): null

2024-10-17 14:25:26 - [TEST_STEP][PASSED] - Paymenttype = findTestData(dataFile).getValue("PaymentType", row): null

2024-10-17 14:25:26 - [TEST_STEP][PASSED] - out.println("Value of Execute is : " + ExecuteTC): null

2024-10-17 14:25:26 - [TEST_STEP][PASSED] - if (ExecuteTC.equalsIgnoreCase("Y")): null

2024-10-17 14:25:26 - [TEST_STEP][PASSED] - out.println("Begin Record Number: " + row): null

2024-10-17 14:25:26 - [TEST_STEP][PASSED] - today = new java.util.Date(): null

2024-10-17 14:25:26 - [TEST_STEP][PASSED] - println(today): null

2024-10-17 14:25:26 - [TEST_STEP][PASSED] - datText = today: null

2024-10-17 14:25:26 - [TEST_STEP][PASSED] - Taxtype = findTestData(dataFile).getValue("TaxType", row): null

2024-10-17 14:25:26 - [TEST_STEP][PASSED] - out.println("Taxtype value is : " + Taxtype): null

2024-10-17 14:25:26 - [TEST_STEP][PASSED] - openBrowser(""): Browser is opened with url: ''

2024-10-17 14:25:26 - [MESSAGE][WARNING] - A browser is already opened. Closing browser and opening a new one

2024-10-17 14:25:27 - [MESSAGE][INFO] - Starting 'Chrome' driver

2024-10-17 14:25:27 - [MESSAGE][INFO] - User set preference: ['acceptInsecureCerts', 'true']

2024-10-17 14:25:27 - [MESSAGE][INFO] - Action delay is set to 0 milliseconds

2024-10-17 14:25:29 - [MESSAGE][PASSED] - Browser is opened with url: ''

2024-10-17 14:25:29 - [TEST_STEP][PASSED] - maximizeWindow(): Current window maximized

2024-10-17 14:25:29 - [MESSAGE][PASSED] - Current window maximized

2024-10-17 14:25:29 - [TEST_STEP][PASSED] - navigateToUrl(RADurl): Navigate to 'https://demo.velocitypayment.com/client/rad/index.html' successfully

2024-10-17 14:25:31 - [MESSAGE][PASSED] - Navigate to 'https://demo.velocitypayment.com/client/rad/index.html' successfully

2024-10-17 14:25:31 - [TEST_STEP][PASSED] - orPath_Landing = "Object Repository/RAD_Pages/Landing_Page": null

2024-10-17 14:25:31 - [TEST_STEP][PASSED] - orPath_TaxTypeFilingYear = "Object Repository/RAD_Pages/TaxTypeFilingYear_Page": null

2024-10-17 14:25:31 - [TEST_STEP][PASSED] - orPath_TaxPayer = "Object Repository/RAD_Pages/Taxpayer_Page": null

2024-10-17 14:25:31 - [TEST_STEP][PASSED] - orPath_AddressContact = "Object Repository/RAD_Pages/AddressAndContactInfo_Page": null

2024-10-17 14:25:31 - [TEST_STEP][PASSED] - orPath_FilingStatus = "Object Repository/RAD_Pages/FilingStatus_Page": null

2024-10-17 14:25:31 - [TEST_STEP][PASSED] - orPath_Amount = "Object Repository/RAD_Pages/PaymentAmount_Page": null

2024-10-17 14:25:31 - [TEST_STEP][PASSED] - orPath_TaxInfo = "Object Repository/RAD_Pages/TaxInfo_Page": null

2024-10-17 14:25:31 - [TEST_STEP][PASSED] - orPath_Withholding = "Object Repository/RAD_Pages/Withholding_Page": null

2024-10-17 14:25:31 - [TEST_STEP][PASSED] - orPath_Summary = "Object Repository/RAD_Pages/Summary_Page": null

2024-10-17 14:25:31 - [TEST_STEP][PASSED] - orPath_PaymentReady = "Object Repository/RAD_Pages/PaymentReady_Page": null

2024-10-17 14:25:31 - [TEST_STEP][PASSED] - orPath_PaymentEntry = "Object Repository/RAD_Pages/PaymentEntry_Page": null

2024-10-17 14:25:31 - [TEST_STEP][PASSED] - orPath_PaymentConfirmation = "Object Repository/RAD_Pages/PaymentConfirmation_Page": null

2024-10-17 14:25:31 - [TEST_STEP][PASSED] - orPath_ServiceFeesAccept = "Object Repository/RAD_Pages/ServiceFeeAccept_Page": null

2024-10-17 14:25:31 - [TEST_STEP][PASSED] - selectOptionByLabel(findTestObject(orPath_Landing + "/dd_TaxType"), Paymenttype, false): All options with label 'New Tax Return Amount Due' are selected in object 'Object Repository/RAD_Pages/Landing_Page/dd_TaxType' 

2024-10-17 14:25:31 - [MESSAGE][PASSED] - All options with label 'New Tax Return Amount Due' are selected in object 'Object Repository/RAD_Pages/Landing_Page/dd_TaxType' 

2024-10-17 14:25:31 - [TEST_STEP][PASSED] - delay(1): Delayed 1 second(s)

2024-10-17 14:25:32 - [MESSAGE][PASSED] - Delayed 1 second(s)

2024-10-17 14:25:32 - [TEST_STEP][PASSED] - switch (Paymenttype): null

2024-10-17 14:25:32 - [TEST_STEP][PASSED] - case "New Tax Return Amount Due":: null

2024-10-17 14:25:32 - [TEST_STEP][PASSED] - selectOptionByLabel(findTestObject("Object Repository/RAD_Pages/Landing_Page/select_NewTaxReturnAmountDue_TaxType"), Taxtype, false): All options with label 'Slots License Fee' are selected in object 'Object Repository/RAD_Pages/Landing_Page/select_NewTaxReturnAmountDue_TaxType' 

2024-10-17 14:25:33 - [MESSAGE][PASSED] - All options with label 'Slots License Fee' are selected in object 'Object Repository/RAD_Pages/Landing_Page/select_NewTaxReturnAmountDue_TaxType' 

2024-10-17 14:25:33 - [TEST_STEP][PASSED] - break: null

2024-10-17 14:25:33 - [TEST_STEP][PASSED] - delay(1): Delayed 1 second(s)

2024-10-17 14:25:34 - [MESSAGE][PASSED] - Delayed 1 second(s)

2024-10-17 14:25:34 - [TEST_STEP][PASSED] - switch (Paymenttype): null

2024-10-17 14:25:34 - [TEST_STEP][PASSED] - case "New Tax Return Amount Due":: null

2024-10-17 14:25:34 - [TEST_STEP][PASSED] - setEncryptedText(findTestObject(orPath_TaxInfo + "/input_FederalEIN-2"), "RigbBhfdqOBDK95asqKeHw=="): Text ****** has been set on object 'Object Repository/RAD_Pages/TaxInfo_Page/input_FederalEIN-2'

2024-10-17 14:25:34 - [MESSAGE][PASSED] - Text ****** has been set on object 'Object Repository/RAD_Pages/TaxInfo_Page/input_FederalEIN-2'

2024-10-17 14:25:35 - [TEST_STEP][PASSED] - setEncryptedText(findTestObject(orPath_TaxInfo + "/input_FederalEIN_ReEnter-2"), ""): Text ****** has been set on object 'Object Repository/RAD_Pages/TaxInfo_Page/input_FederalEIN_ReEnter-2'

2024-10-17 14:25:35 - [MESSAGE][PASSED] - Text ****** has been set on object 'Object Repository/RAD_Pages/TaxInfo_Page/input_FederalEIN_ReEnter-2'

2024-10-17 14:25:35 - [TEST_STEP][PASSED] - break: null

2024-10-17 14:25:35 - [TEST_STEP][PASSED] - verifyTextPresent("Please enter a valid FEIN with 9 digits.", true): Text 'Please enter a valid FEIN with 9 digits.' is present on page  using regular expression

2024-10-17 14:25:36 - [MESSAGE][PASSED] - Text 'Please enter a valid FEIN with 9 digits.' is present on page  using regular expression

2024-10-17 14:25:36 - [TEST_STEP][PASSED] - if (verifyTextPresent("Please enter a valid FEIN with 9 digits.", true)): null

2024-10-17 14:25:36 - [MESSAGE][PASSED] - Text 'Please enter a valid FEIN with 9 digits.' is present on page  using regular expression

2024-10-17 14:25:36 - [TEST_STEP][PASSED] - println("Error Message is present on the page"): null

2024-10-17 14:25:36 - [TEST_STEP][PASSED] - out.println("Pass Record Number: " + row): null

2024-10-17 14:25:36 - [TEST_STEP][PASSED] - resText = "Pass": null

2024-10-17 14:25:36 - [TEST_STEP][PASSED] - pages.WriteExcel.demoKey(resText, datText, resColumn, datCloumn, fileLoc, nameSheet, row): pages.WriteExcel.demoKey is PASSED

2024-10-17 14:25:36 - [MESSAGE][PASSED] - pages.WriteExcel.demoKey is PASSED

2024-10-17 14:25:36 - [TEST_STEP][PASSED] - ExecuteTC = findTestData(dataFile).getValue("Execute", row): null

2024-10-17 14:25:36 - [TEST_STEP][PASSED] - Taxtype = findTestData(dataFile).getValue("TaxType", row): null

2024-10-17 14:25:36 - [TEST_STEP][PASSED] - Paymenttype = findTestData(dataFile).getValue("PaymentType", row): null

2024-10-17 14:25:36 - [TEST_STEP][PASSED] - out.println("Value of Execute is : " + ExecuteTC): null

2024-10-17 14:25:36 - [TEST_STEP][PASSED] - if (ExecuteTC.equalsIgnoreCase("Y")): null

2024-10-17 14:25:36 - [TEST_STEP][PASSED] - out.println("Begin Record Number: " + row): null

2024-10-17 14:25:36 - [TEST_STEP][PASSED] - today = new java.util.Date(): null

2024-10-17 14:25:36 - [TEST_STEP][PASSED] - println(today): null

2024-10-17 14:25:36 - [TEST_STEP][PASSED] - datText = today: null

2024-10-17 14:25:36 - [TEST_STEP][PASSED] - Taxtype = findTestData(dataFile).getValue("TaxType", row): null

2024-10-17 14:25:36 - [TEST_STEP][PASSED] - out.println("Taxtype value is : " + Taxtype): null

2024-10-17 14:25:36 - [TEST_STEP][PASSED] - openBrowser(""): Browser is opened with url: ''

2024-10-17 14:25:36 - [MESSAGE][WARNING] - A browser is already opened. Closing browser and opening a new one

2024-10-17 14:25:38 - [MESSAGE][INFO] - Starting 'Chrome' driver

2024-10-17 14:25:38 - [MESSAGE][INFO] - User set preference: ['acceptInsecureCerts', 'true']

2024-10-17 14:25:38 - [MESSAGE][INFO] - Action delay is set to 0 milliseconds

2024-10-17 14:25:39 - [MESSAGE][PASSED] - Browser is opened with url: ''

2024-10-17 14:25:39 - [TEST_STEP][PASSED] - maximizeWindow(): Current window maximized

2024-10-17 14:25:39 - [MESSAGE][PASSED] - Current window maximized

2024-10-17 14:25:39 - [TEST_STEP][PASSED] - navigateToUrl(RADurl): Navigate to 'https://demo.velocitypayment.com/client/rad/index.html' successfully

2024-10-17 14:25:41 - [MESSAGE][PASSED] - Navigate to 'https://demo.velocitypayment.com/client/rad/index.html' successfully

2024-10-17 14:25:41 - [TEST_STEP][PASSED] - orPath_Landing = "Object Repository/RAD_Pages/Landing_Page": null

2024-10-17 14:25:41 - [TEST_STEP][PASSED] - orPath_TaxTypeFilingYear = "Object Repository/RAD_Pages/TaxTypeFilingYear_Page": null

2024-10-17 14:25:41 - [TEST_STEP][PASSED] - orPath_TaxPayer = "Object Repository/RAD_Pages/Taxpayer_Page": null

2024-10-17 14:25:41 - [TEST_STEP][PASSED] - orPath_AddressContact = "Object Repository/RAD_Pages/AddressAndContactInfo_Page": null

2024-10-17 14:25:41 - [TEST_STEP][PASSED] - orPath_FilingStatus = "Object Repository/RAD_Pages/FilingStatus_Page": null

2024-10-17 14:25:41 - [TEST_STEP][PASSED] - orPath_Amount = "Object Repository/RAD_Pages/PaymentAmount_Page": null

2024-10-17 14:25:41 - [TEST_STEP][PASSED] - orPath_TaxInfo = "Object Repository/RAD_Pages/TaxInfo_Page": null

2024-10-17 14:25:41 - [TEST_STEP][PASSED] - orPath_Withholding = "Object Repository/RAD_Pages/Withholding_Page": null

2024-10-17 14:25:41 - [TEST_STEP][PASSED] - orPath_Summary = "Object Repository/RAD_Pages/Summary_Page": null

2024-10-17 14:25:41 - [TEST_STEP][PASSED] - orPath_PaymentReady = "Object Repository/RAD_Pages/PaymentReady_Page": null

2024-10-17 14:25:41 - [TEST_STEP][PASSED] - orPath_PaymentEntry = "Object Repository/RAD_Pages/PaymentEntry_Page": null

2024-10-17 14:25:41 - [TEST_STEP][PASSED] - orPath_PaymentConfirmation = "Object Repository/RAD_Pages/PaymentConfirmation_Page": null

2024-10-17 14:25:41 - [TEST_STEP][PASSED] - orPath_ServiceFeesAccept = "Object Repository/RAD_Pages/ServiceFeeAccept_Page": null

2024-10-17 14:25:41 - [TEST_STEP][PASSED] - selectOptionByLabel(findTestObject(orPath_Landing + "/dd_TaxType"), Paymenttype, false): All options with label 'New Tax Return Amount Due' are selected in object 'Object Repository/RAD_Pages/Landing_Page/dd_TaxType' 

2024-10-17 14:25:42 - [MESSAGE][PASSED] - All options with label 'New Tax Return Amount Due' are selected in object 'Object Repository/RAD_Pages/Landing_Page/dd_TaxType' 

2024-10-17 14:25:42 - [TEST_STEP][PASSED] - delay(1): Delayed 1 second(s)

2024-10-17 14:25:43 - [MESSAGE][PASSED] - Delayed 1 second(s)

2024-10-17 14:25:43 - [TEST_STEP][PASSED] - switch (Paymenttype): null

2024-10-17 14:25:43 - [TEST_STEP][PASSED] - case "New Tax Return Amount Due":: null

2024-10-17 14:25:43 - [TEST_STEP][PASSED] - selectOptionByLabel(findTestObject("Object Repository/RAD_Pages/Landing_Page/select_NewTaxReturnAmountDue_TaxType"), Taxtype, false): All options with label 'Tire Recycling Fee' are selected in object 'Object Repository/RAD_Pages/Landing_Page/select_NewTaxReturnAmountDue_TaxType' 

2024-10-17 14:25:44 - [MESSAGE][PASSED] - All options with label 'Tire Recycling Fee' are selected in object 'Object Repository/RAD_Pages/Landing_Page/select_NewTaxReturnAmountDue_TaxType' 

2024-10-17 14:25:44 - [TEST_STEP][PASSED] - break: null

2024-10-17 14:25:44 - [TEST_STEP][PASSED] - delay(1): Delayed 1 second(s)

2024-10-17 14:25:45 - [MESSAGE][PASSED] - Delayed 1 second(s)

2024-10-17 14:25:45 - [TEST_STEP][PASSED] - switch (Paymenttype): null

2024-10-17 14:25:45 - [TEST_STEP][PASSED] - case "New Tax Return Amount Due":: null

2024-10-17 14:25:45 - [TEST_STEP][PASSED] - setEncryptedText(findTestObject(orPath_TaxInfo + "/input_FederalEIN-2"), "RigbBhfdqOBDK95asqKeHw=="): Text ****** has been set on object 'Object Repository/RAD_Pages/TaxInfo_Page/input_FederalEIN-2'

2024-10-17 14:25:45 - [MESSAGE][PASSED] - Text ****** has been set on object 'Object Repository/RAD_Pages/TaxInfo_Page/input_FederalEIN-2'

2024-10-17 14:25:45 - [TEST_STEP][PASSED] - setEncryptedText(findTestObject(orPath_TaxInfo + "/input_FederalEIN_ReEnter-2"), ""): Text ****** has been set on object 'Object Repository/RAD_Pages/TaxInfo_Page/input_FederalEIN_ReEnter-2'

2024-10-17 14:25:46 - [MESSAGE][PASSED] - Text ****** has been set on object 'Object Repository/RAD_Pages/TaxInfo_Page/input_FederalEIN_ReEnter-2'

2024-10-17 14:25:46 - [TEST_STEP][PASSED] - break: null

2024-10-17 14:25:46 - [TEST_STEP][PASSED] - verifyTextPresent("Please enter a valid FEIN with 9 digits.", true): Text 'Please enter a valid FEIN with 9 digits.' is present on page  using regular expression

2024-10-17 14:25:46 - [MESSAGE][PASSED] - Text 'Please enter a valid FEIN with 9 digits.' is present on page  using regular expression

2024-10-17 14:25:46 - [TEST_STEP][PASSED] - if (verifyTextPresent("Please enter a valid FEIN with 9 digits.", true)): null

2024-10-17 14:25:47 - [MESSAGE][PASSED] - Text 'Please enter a valid FEIN with 9 digits.' is present on page  using regular expression

2024-10-17 14:25:47 - [TEST_STEP][PASSED] - println("Error Message is present on the page"): null

2024-10-17 14:25:47 - [TEST_STEP][PASSED] - out.println("Pass Record Number: " + row): null

2024-10-17 14:25:47 - [TEST_STEP][PASSED] - resText = "Pass": null

2024-10-17 14:25:47 - [TEST_STEP][PASSED] - pages.WriteExcel.demoKey(resText, datText, resColumn, datCloumn, fileLoc, nameSheet, row): pages.WriteExcel.demoKey is PASSED

2024-10-17 14:25:47 - [MESSAGE][PASSED] - pages.WriteExcel.demoKey is PASSED

2024-10-17 14:25:47 - [TEST_STEP][PASSED] - ExecuteTC = findTestData(dataFile).getValue("Execute", row): null

2024-10-17 14:25:47 - [TEST_STEP][PASSED] - Taxtype = findTestData(dataFile).getValue("TaxType", row): null

2024-10-17 14:25:47 - [TEST_STEP][PASSED] - Paymenttype = findTestData(dataFile).getValue("PaymentType", row): null

2024-10-17 14:25:47 - [TEST_STEP][PASSED] - out.println("Value of Execute is : " + ExecuteTC): null

2024-10-17 14:25:47 - [TEST_STEP][PASSED] - if (ExecuteTC.equalsIgnoreCase("Y")): null

2024-10-17 14:25:47 - [TEST_STEP][PASSED] - out.println("Begin Record Number: " + row): null

2024-10-17 14:25:47 - [TEST_STEP][PASSED] - today = new java.util.Date(): null

2024-10-17 14:25:47 - [TEST_STEP][PASSED] - println(today): null

2024-10-17 14:25:47 - [TEST_STEP][PASSED] - datText = today: null

2024-10-17 14:25:47 - [TEST_STEP][PASSED] - Taxtype = findTestData(dataFile).getValue("TaxType", row): null

2024-10-17 14:25:47 - [TEST_STEP][PASSED] - out.println("Taxtype value is : " + Taxtype): null

2024-10-17 14:25:47 - [TEST_STEP][PASSED] - openBrowser(""): Browser is opened with url: ''

2024-10-17 14:25:47 - [MESSAGE][WARNING] - A browser is already opened. Closing browser and opening a new one

2024-10-17 14:25:48 - [MESSAGE][INFO] - Starting 'Chrome' driver

2024-10-17 14:25:48 - [MESSAGE][INFO] - User set preference: ['acceptInsecureCerts', 'true']

2024-10-17 14:25:48 - [MESSAGE][INFO] - Action delay is set to 0 milliseconds

2024-10-17 14:25:50 - [MESSAGE][PASSED] - Browser is opened with url: ''

2024-10-17 14:25:50 - [TEST_STEP][PASSED] - maximizeWindow(): Current window maximized

2024-10-17 14:25:50 - [MESSAGE][PASSED] - Current window maximized

2024-10-17 14:25:50 - [TEST_STEP][PASSED] - navigateToUrl(RADurl): Navigate to 'https://demo.velocitypayment.com/client/rad/index.html' successfully

2024-10-17 14:25:50 - [MESSAGE][PASSED] - Navigate to 'https://demo.velocitypayment.com/client/rad/index.html' successfully

2024-10-17 14:25:50 - [TEST_STEP][PASSED] - orPath_Landing = "Object Repository/RAD_Pages/Landing_Page": null

2024-10-17 14:25:50 - [TEST_STEP][PASSED] - orPath_TaxTypeFilingYear = "Object Repository/RAD_Pages/TaxTypeFilingYear_Page": null

2024-10-17 14:25:50 - [TEST_STEP][PASSED] - orPath_TaxPayer = "Object Repository/RAD_Pages/Taxpayer_Page": null

2024-10-17 14:25:50 - [TEST_STEP][PASSED] - orPath_AddressContact = "Object Repository/RAD_Pages/AddressAndContactInfo_Page": null

2024-10-17 14:25:50 - [TEST_STEP][PASSED] - orPath_FilingStatus = "Object Repository/RAD_Pages/FilingStatus_Page": null

2024-10-17 14:25:50 - [TEST_STEP][PASSED] - orPath_Amount = "Object Repository/RAD_Pages/PaymentAmount_Page": null

2024-10-17 14:25:50 - [TEST_STEP][PASSED] - orPath_TaxInfo = "Object Repository/RAD_Pages/TaxInfo_Page": null

2024-10-17 14:25:50 - [TEST_STEP][PASSED] - orPath_Withholding = "Object Repository/RAD_Pages/Withholding_Page": null

2024-10-17 14:25:50 - [TEST_STEP][PASSED] - orPath_Summary = "Object Repository/RAD_Pages/Summary_Page": null

2024-10-17 14:25:50 - [TEST_STEP][PASSED] - orPath_PaymentReady = "Object Repository/RAD_Pages/PaymentReady_Page": null

2024-10-17 14:25:50 - [TEST_STEP][PASSED] - orPath_PaymentEntry = "Object Repository/RAD_Pages/PaymentEntry_Page": null

2024-10-17 14:25:50 - [TEST_STEP][PASSED] - orPath_PaymentConfirmation = "Object Repository/RAD_Pages/PaymentConfirmation_Page": null

2024-10-17 14:25:50 - [TEST_STEP][PASSED] - orPath_ServiceFeesAccept = "Object Repository/RAD_Pages/ServiceFeeAccept_Page": null

2024-10-17 14:25:50 - [TEST_STEP][PASSED] - selectOptionByLabel(findTestObject(orPath_Landing + "/dd_TaxType"), Paymenttype, false): All options with label 'New Tax Return Amount Due' are selected in object 'Object Repository/RAD_Pages/Landing_Page/dd_TaxType' 

2024-10-17 14:25:53 - [MESSAGE][PASSED] - All options with label 'New Tax Return Amount Due' are selected in object 'Object Repository/RAD_Pages/Landing_Page/dd_TaxType' 

2024-10-17 14:25:53 - [TEST_STEP][PASSED] - delay(1): Delayed 1 second(s)

2024-10-17 14:25:54 - [MESSAGE][PASSED] - Delayed 1 second(s)

2024-10-17 14:25:54 - [TEST_STEP][PASSED] - switch (Paymenttype): null

2024-10-17 14:25:54 - [TEST_STEP][PASSED] - case "New Tax Return Amount Due":: null

2024-10-17 14:25:54 - [TEST_STEP][PASSED] - selectOptionByLabel(findTestObject("Object Repository/RAD_Pages/Landing_Page/select_NewTaxReturnAmountDue_TaxType"), Taxtype, false): All options with label 'Transportation Network Services' are selected in object 'Object Repository/RAD_Pages/Landing_Page/select_NewTaxReturnAmountDue_TaxType' 

2024-10-17 14:25:55 - [MESSAGE][PASSED] - All options with label 'Transportation Network Services' are selected in object 'Object Repository/RAD_Pages/Landing_Page/select_NewTaxReturnAmountDue_TaxType' 

2024-10-17 14:25:55 - [TEST_STEP][PASSED] - break: null

2024-10-17 14:25:55 - [TEST_STEP][PASSED] - delay(1): Delayed 1 second(s)

2024-10-17 14:25:56 - [MESSAGE][PASSED] - Delayed 1 second(s)

2024-10-17 14:25:56 - [TEST_STEP][PASSED] - switch (Paymenttype): null

2024-10-17 14:25:56 - [TEST_STEP][PASSED] - case "New Tax Return Amount Due":: null

2024-10-17 14:25:56 - [TEST_STEP][PASSED] - setEncryptedText(findTestObject(orPath_TaxInfo + "/input_FederalEIN-2"), "RigbBhfdqOBDK95asqKeHw=="): Text ****** has been set on object 'Object Repository/RAD_Pages/TaxInfo_Page/input_FederalEIN-2'

2024-10-17 14:25:56 - [MESSAGE][PASSED] - Text ****** has been set on object 'Object Repository/RAD_Pages/TaxInfo_Page/input_FederalEIN-2'

2024-10-17 14:25:56 - [TEST_STEP][PASSED] - setEncryptedText(findTestObject(orPath_TaxInfo + "/input_FederalEIN_ReEnter-2"), ""): Text ****** has been set on object 'Object Repository/RAD_Pages/TaxInfo_Page/input_FederalEIN_ReEnter-2'

2024-10-17 14:25:57 - [MESSAGE][PASSED] - Text ****** has been set on object 'Object Repository/RAD_Pages/TaxInfo_Page/input_FederalEIN_ReEnter-2'

2024-10-17 14:25:57 - [TEST_STEP][PASSED] - break: null

2024-10-17 14:25:57 - [TEST_STEP][PASSED] - verifyTextPresent("Please enter a valid FEIN with 9 digits.", true): Text 'Please enter a valid FEIN with 9 digits.' is present on page  using regular expression

2024-10-17 14:25:58 - [MESSAGE][PASSED] - Text 'Please enter a valid FEIN with 9 digits.' is present on page  using regular expression

2024-10-17 14:25:58 - [TEST_STEP][PASSED] - if (verifyTextPresent("Please enter a valid FEIN with 9 digits.", true)): null

2024-10-17 14:25:58 - [MESSAGE][PASSED] - Text 'Please enter a valid FEIN with 9 digits.' is present on page  using regular expression

2024-10-17 14:25:58 - [TEST_STEP][PASSED] - println("Error Message is present on the page"): null

2024-10-17 14:25:58 - [TEST_STEP][PASSED] - out.println("Pass Record Number: " + row): null

2024-10-17 14:25:58 - [TEST_STEP][PASSED] - resText = "Pass": null

2024-10-17 14:25:58 - [TEST_STEP][PASSED] - pages.WriteExcel.demoKey(resText, datText, resColumn, datCloumn, fileLoc, nameSheet, row): pages.WriteExcel.demoKey is PASSED

2024-10-17 14:25:58 - [MESSAGE][PASSED] - pages.WriteExcel.demoKey is PASSED

2024-10-17 14:25:58 - [TEST_STEP][PASSED] - ExecuteTC = findTestData(dataFile).getValue("Execute", row): null

2024-10-17 14:25:58 - [TEST_STEP][PASSED] - Taxtype = findTestData(dataFile).getValue("TaxType", row): null

2024-10-17 14:25:58 - [TEST_STEP][PASSED] - Paymenttype = findTestData(dataFile).getValue("PaymentType", row): null

2024-10-17 14:25:58 - [TEST_STEP][PASSED] - out.println("Value of Execute is : " + ExecuteTC): null

2024-10-17 14:25:58 - [TEST_STEP][PASSED] - if (ExecuteTC.equalsIgnoreCase("Y")): null

2024-10-17 14:25:58 - [TEST_STEP][PASSED] - out.println("Begin Record Number: " + row): null

2024-10-17 14:25:58 - [TEST_STEP][PASSED] - today = new java.util.Date(): null

2024-10-17 14:25:58 - [TEST_STEP][PASSED] - println(today): null

2024-10-17 14:25:58 - [TEST_STEP][PASSED] - datText = today: null

2024-10-17 14:25:58 - [TEST_STEP][PASSED] - Taxtype = findTestData(dataFile).getValue("TaxType", row): null

2024-10-17 14:25:58 - [TEST_STEP][PASSED] - out.println("Taxtype value is : " + Taxtype): null

2024-10-17 14:25:58 - [TEST_STEP][PASSED] - openBrowser(""): Browser is opened with url: ''

2024-10-17 14:25:58 - [MESSAGE][WARNING] - A browser is already opened. Closing browser and opening a new one

2024-10-17 14:26:00 - [MESSAGE][INFO] - Starting 'Chrome' driver

2024-10-17 14:26:00 - [MESSAGE][INFO] - User set preference: ['acceptInsecureCerts', 'true']

2024-10-17 14:26:00 - [MESSAGE][INFO] - Action delay is set to 0 milliseconds

2024-10-17 14:26:02 - [MESSAGE][PASSED] - Browser is opened with url: ''

2024-10-17 14:26:02 - [TEST_STEP][PASSED] - maximizeWindow(): Current window maximized

2024-10-17 14:26:02 - [MESSAGE][PASSED] - Current window maximized

2024-10-17 14:26:02 - [TEST_STEP][PASSED] - navigateToUrl(RADurl): Navigate to 'https://demo.velocitypayment.com/client/rad/index.html' successfully

2024-10-17 14:26:02 - [MESSAGE][PASSED] - Navigate to 'https://demo.velocitypayment.com/client/rad/index.html' successfully

2024-10-17 14:26:02 - [TEST_STEP][PASSED] - orPath_Landing = "Object Repository/RAD_Pages/Landing_Page": null

2024-10-17 14:26:02 - [TEST_STEP][PASSED] - orPath_TaxTypeFilingYear = "Object Repository/RAD_Pages/TaxTypeFilingYear_Page": null

2024-10-17 14:26:02 - [TEST_STEP][PASSED] - orPath_TaxPayer = "Object Repository/RAD_Pages/Taxpayer_Page": null

2024-10-17 14:26:02 - [TEST_STEP][PASSED] - orPath_AddressContact = "Object Repository/RAD_Pages/AddressAndContactInfo_Page": null

2024-10-17 14:26:02 - [TEST_STEP][PASSED] - orPath_FilingStatus = "Object Repository/RAD_Pages/FilingStatus_Page": null

2024-10-17 14:26:02 - [TEST_STEP][PASSED] - orPath_Amount = "Object Repository/RAD_Pages/PaymentAmount_Page": null

2024-10-17 14:26:02 - [TEST_STEP][PASSED] - orPath_TaxInfo = "Object Repository/RAD_Pages/TaxInfo_Page": null

2024-10-17 14:26:02 - [TEST_STEP][PASSED] - orPath_Withholding = "Object Repository/RAD_Pages/Withholding_Page": null

2024-10-17 14:26:02 - [TEST_STEP][PASSED] - orPath_Summary = "Object Repository/RAD_Pages/Summary_Page": null

2024-10-17 14:26:02 - [TEST_STEP][PASSED] - orPath_PaymentReady = "Object Repository/RAD_Pages/PaymentReady_Page": null

2024-10-17 14:26:02 - [TEST_STEP][PASSED] - orPath_PaymentEntry = "Object Repository/RAD_Pages/PaymentEntry_Page": null

2024-10-17 14:26:02 - [TEST_STEP][PASSED] - orPath_PaymentConfirmation = "Object Repository/RAD_Pages/PaymentConfirmation_Page": null

2024-10-17 14:26:02 - [TEST_STEP][PASSED] - orPath_ServiceFeesAccept = "Object Repository/RAD_Pages/ServiceFeeAccept_Page": null

2024-10-17 14:26:02 - [TEST_STEP][PASSED] - selectOptionByLabel(findTestObject(orPath_Landing + "/dd_TaxType"), Paymenttype, false): All options with label 'New Tax Return Amount Due' are selected in object 'Object Repository/RAD_Pages/Landing_Page/dd_TaxType' 

2024-10-17 14:26:06 - [MESSAGE][PASSED] - All options with label 'New Tax Return Amount Due' are selected in object 'Object Repository/RAD_Pages/Landing_Page/dd_TaxType' 

2024-10-17 14:26:06 - [TEST_STEP][PASSED] - delay(1): Delayed 1 second(s)

2024-10-17 14:26:07 - [MESSAGE][PASSED] - Delayed 1 second(s)

2024-10-17 14:26:07 - [TEST_STEP][PASSED] - switch (Paymenttype): null

2024-10-17 14:26:07 - [TEST_STEP][PASSED] - case "New Tax Return Amount Due":: null

2024-10-17 14:26:07 - [TEST_STEP][PASSED] - selectOptionByLabel(findTestObject("Object Repository/RAD_Pages/Landing_Page/select_NewTaxReturnAmountDue_TaxType"), Taxtype, false): All options with label 'Unclaimed Property' are selected in object 'Object Repository/RAD_Pages/Landing_Page/select_NewTaxReturnAmountDue_TaxType' 

2024-10-17 14:26:08 - [MESSAGE][PASSED] - All options with label 'Unclaimed Property' are selected in object 'Object Repository/RAD_Pages/Landing_Page/select_NewTaxReturnAmountDue_TaxType' 

2024-10-17 14:26:08 - [TEST_STEP][PASSED] - break: null

2024-10-17 14:26:08 - [TEST_STEP][PASSED] - delay(1): Delayed 1 second(s)

2024-10-17 14:26:09 - [MESSAGE][PASSED] - Delayed 1 second(s)

2024-10-17 14:26:09 - [TEST_STEP][PASSED] - switch (Paymenttype): null

2024-10-17 14:26:09 - [TEST_STEP][PASSED] - case "New Tax Return Amount Due":: null

2024-10-17 14:26:09 - [TEST_STEP][PASSED] - setEncryptedText(findTestObject(orPath_TaxInfo + "/input_FederalEIN-2"), "RigbBhfdqOBDK95asqKeHw=="): Text ****** has been set on object 'Object Repository/RAD_Pages/TaxInfo_Page/input_FederalEIN-2'

2024-10-17 14:26:09 - [MESSAGE][PASSED] - Text ****** has been set on object 'Object Repository/RAD_Pages/TaxInfo_Page/input_FederalEIN-2'

2024-10-17 14:26:09 - [TEST_STEP][PASSED] - setEncryptedText(findTestObject(orPath_TaxInfo + "/input_FederalEIN_ReEnter-2"), ""): Text ****** has been set on object 'Object Repository/RAD_Pages/TaxInfo_Page/input_FederalEIN_ReEnter-2'

2024-10-17 14:26:10 - [MESSAGE][PASSED] - Text ****** has been set on object 'Object Repository/RAD_Pages/TaxInfo_Page/input_FederalEIN_ReEnter-2'

2024-10-17 14:26:10 - [TEST_STEP][PASSED] - break: null

2024-10-17 14:26:10 - [TEST_STEP][PASSED] - verifyTextPresent("Please enter a valid FEIN with 9 digits.", true): Text 'Please enter a valid FEIN with 9 digits.' is present on page  using regular expression

2024-10-17 14:26:11 - [MESSAGE][PASSED] - Text 'Please enter a valid FEIN with 9 digits.' is present on page  using regular expression

2024-10-17 14:26:11 - [TEST_STEP][PASSED] - if (verifyTextPresent("Please enter a valid FEIN with 9 digits.", true)): null

2024-10-17 14:26:11 - [MESSAGE][PASSED] - Text 'Please enter a valid FEIN with 9 digits.' is present on page  using regular expression

2024-10-17 14:26:11 - [TEST_STEP][PASSED] - println("Error Message is present on the page"): null

2024-10-17 14:26:11 - [TEST_STEP][PASSED] - out.println("Pass Record Number: " + row): null

2024-10-17 14:26:11 - [TEST_STEP][PASSED] - resText = "Pass": null

2024-10-17 14:26:11 - [TEST_STEP][PASSED] - pages.WriteExcel.demoKey(resText, datText, resColumn, datCloumn, fileLoc, nameSheet, row): pages.WriteExcel.demoKey is PASSED

2024-10-17 14:26:11 - [MESSAGE][PASSED] - pages.WriteExcel.demoKey is PASSED

2024-10-17 14:26:11 - [TEST_STEP][PASSED] - ExecuteTC = findTestData(dataFile).getValue("Execute", row): null

2024-10-17 14:26:11 - [TEST_STEP][PASSED] - Taxtype = findTestData(dataFile).getValue("TaxType", row): null

2024-10-17 14:26:11 - [TEST_STEP][PASSED] - Paymenttype = findTestData(dataFile).getValue("PaymentType", row): null

2024-10-17 14:26:11 - [TEST_STEP][PASSED] - out.println("Value of Execute is : " + ExecuteTC): null

2024-10-17 14:26:11 - [TEST_STEP][PASSED] - if (ExecuteTC.equalsIgnoreCase("Y")): null

2024-10-17 14:26:11 - [TEST_STEP][PASSED] - out.println("Begin Record Number: " + row): null

2024-10-17 14:26:11 - [TEST_STEP][PASSED] - today = new java.util.Date(): null

2024-10-17 14:26:11 - [TEST_STEP][PASSED] - println(today): null

2024-10-17 14:26:11 - [TEST_STEP][PASSED] - datText = today: null

2024-10-17 14:26:11 - [TEST_STEP][PASSED] - Taxtype = findTestData(dataFile).getValue("TaxType", row): null

2024-10-17 14:26:11 - [TEST_STEP][PASSED] - out.println("Taxtype value is : " + Taxtype): null

2024-10-17 14:26:11 - [TEST_STEP][PASSED] - openBrowser(""): Browser is opened with url: ''

2024-10-17 14:26:11 - [MESSAGE][WARNING] - A browser is already opened. Closing browser and opening a new one

2024-10-17 14:26:13 - [MESSAGE][INFO] - Starting 'Chrome' driver

2024-10-17 14:26:13 - [MESSAGE][INFO] - User set preference: ['acceptInsecureCerts', 'true']

2024-10-17 14:26:13 - [MESSAGE][INFO] - Action delay is set to 0 milliseconds

2024-10-17 14:26:14 - [MESSAGE][PASSED] - Browser is opened with url: ''

2024-10-17 14:26:14 - [TEST_STEP][PASSED] - maximizeWindow(): Current window maximized

2024-10-17 14:26:14 - [MESSAGE][PASSED] - Current window maximized

2024-10-17 14:26:14 - [TEST_STEP][PASSED] - navigateToUrl(RADurl): Navigate to 'https://demo.velocitypayment.com/client/rad/index.html' successfully

2024-10-17 14:26:15 - [MESSAGE][PASSED] - Navigate to 'https://demo.velocitypayment.com/client/rad/index.html' successfully

2024-10-17 14:26:15 - [TEST_STEP][PASSED] - orPath_Landing = "Object Repository/RAD_Pages/Landing_Page": null

2024-10-17 14:26:15 - [TEST_STEP][PASSED] - orPath_TaxTypeFilingYear = "Object Repository/RAD_Pages/TaxTypeFilingYear_Page": null

2024-10-17 14:26:15 - [TEST_STEP][PASSED] - orPath_TaxPayer = "Object Repository/RAD_Pages/Taxpayer_Page": null

2024-10-17 14:26:15 - [TEST_STEP][PASSED] - orPath_AddressContact = "Object Repository/RAD_Pages/AddressAndContactInfo_Page": null

2024-10-17 14:26:15 - [TEST_STEP][PASSED] - orPath_FilingStatus = "Object Repository/RAD_Pages/FilingStatus_Page": null

2024-10-17 14:26:15 - [TEST_STEP][PASSED] - orPath_Amount = "Object Repository/RAD_Pages/PaymentAmount_Page": null

2024-10-17 14:26:15 - [TEST_STEP][PASSED] - orPath_TaxInfo = "Object Repository/RAD_Pages/TaxInfo_Page": null

2024-10-17 14:26:15 - [TEST_STEP][PASSED] - orPath_Withholding = "Object Repository/RAD_Pages/Withholding_Page": null

2024-10-17 14:26:15 - [TEST_STEP][PASSED] - orPath_Summary = "Object Repository/RAD_Pages/Summary_Page": null

2024-10-17 14:26:15 - [TEST_STEP][PASSED] - orPath_PaymentReady = "Object Repository/RAD_Pages/PaymentReady_Page": null

2024-10-17 14:26:15 - [TEST_STEP][PASSED] - orPath_PaymentEntry = "Object Repository/RAD_Pages/PaymentEntry_Page": null

2024-10-17 14:26:15 - [TEST_STEP][PASSED] - orPath_PaymentConfirmation = "Object Repository/RAD_Pages/PaymentConfirmation_Page": null

2024-10-17 14:26:15 - [TEST_STEP][PASSED] - orPath_ServiceFeesAccept = "Object Repository/RAD_Pages/ServiceFeeAccept_Page": null

2024-10-17 14:26:15 - [TEST_STEP][PASSED] - selectOptionByLabel(findTestObject(orPath_Landing + "/dd_TaxType"), Paymenttype, false): All options with label 'New Tax Return Amount Due' are selected in object 'Object Repository/RAD_Pages/Landing_Page/dd_TaxType' 

2024-10-17 14:26:17 - [MESSAGE][PASSED] - All options with label 'New Tax Return Amount Due' are selected in object 'Object Repository/RAD_Pages/Landing_Page/dd_TaxType' 

2024-10-17 14:26:17 - [TEST_STEP][PASSED] - delay(1): Delayed 1 second(s)

2024-10-17 14:26:18 - [MESSAGE][PASSED] - Delayed 1 second(s)

2024-10-17 14:26:18 - [TEST_STEP][PASSED] - switch (Paymenttype): null

2024-10-17 14:26:18 - [TEST_STEP][PASSED] - case "New Tax Return Amount Due":: null

2024-10-17 14:26:18 - [TEST_STEP][PASSED] - selectOptionByLabel(findTestObject("Object Repository/RAD_Pages/Landing_Page/select_NewTaxReturnAmountDue_TaxType"), Taxtype, false): All options with label 'Withholding Tax' are selected in object 'Object Repository/RAD_Pages/Landing_Page/select_NewTaxReturnAmountDue_TaxType' 

2024-10-17 14:26:18 - [MESSAGE][PASSED] - All options with label 'Withholding Tax' are selected in object 'Object Repository/RAD_Pages/Landing_Page/select_NewTaxReturnAmountDue_TaxType' 

2024-10-17 14:26:18 - [TEST_STEP][PASSED] - break: null

2024-10-17 14:26:18 - [TEST_STEP][PASSED] - delay(1): Delayed 1 second(s)

2024-10-17 14:26:19 - [MESSAGE][PASSED] - Delayed 1 second(s)

2024-10-17 14:26:19 - [TEST_STEP][PASSED] - switch (Paymenttype): null

2024-10-17 14:26:19 - [TEST_STEP][PASSED] - case "New Tax Return Amount Due":: null

2024-10-17 14:26:19 - [TEST_STEP][PASSED] - setEncryptedText(findTestObject(orPath_TaxInfo + "/input_FederalEIN-2"), "RigbBhfdqOBDK95asqKeHw=="): Text ****** has been set on object 'Object Repository/RAD_Pages/TaxInfo_Page/input_FederalEIN-2'

2024-10-17 14:26:20 - [MESSAGE][PASSED] - Text ****** has been set on object 'Object Repository/RAD_Pages/TaxInfo_Page/input_FederalEIN-2'

2024-10-17 14:26:20 - [TEST_STEP][PASSED] - setEncryptedText(findTestObject(orPath_TaxInfo + "/input_FederalEIN_ReEnter-2"), ""): Text ****** has been set on object 'Object Repository/RAD_Pages/TaxInfo_Page/input_FederalEIN_ReEnter-2'

2024-10-17 14:26:21 - [MESSAGE][PASSED] - Text ****** has been set on object 'Object Repository/RAD_Pages/TaxInfo_Page/input_FederalEIN_ReEnter-2'

2024-10-17 14:26:21 - [TEST_STEP][PASSED] - break: null

2024-10-17 14:26:21 - [TEST_STEP][PASSED] - verifyTextPresent("Please enter a valid FEIN with 9 digits.", true): Text 'Please enter a valid FEIN with 9 digits.' is present on page  using regular expression

2024-10-17 14:26:21 - [MESSAGE][PASSED] - Text 'Please enter a valid FEIN with 9 digits.' is present on page  using regular expression

2024-10-17 14:26:21 - [TEST_STEP][PASSED] - if (verifyTextPresent("Please enter a valid FEIN with 9 digits.", true)): null

2024-10-17 14:26:22 - [MESSAGE][PASSED] - Text 'Please enter a valid FEIN with 9 digits.' is present on page  using regular expression

2024-10-17 14:26:22 - [TEST_STEP][PASSED] - println("Error Message is present on the page"): null

2024-10-17 14:26:22 - [TEST_STEP][PASSED] - out.println("Pass Record Number: " + row): null

2024-10-17 14:26:22 - [TEST_STEP][PASSED] - resText = "Pass": null

2024-10-17 14:26:22 - [TEST_STEP][PASSED] - pages.WriteExcel.demoKey(resText, datText, resColumn, datCloumn, fileLoc, nameSheet, row): pages.WriteExcel.demoKey is PASSED

2024-10-17 14:26:22 - [MESSAGE][PASSED] - pages.WriteExcel.demoKey is PASSED]]></system-out>
         <system-err><![CDATA[]]></system-err>
      </testcase>
      <testcase name="Test Cases/RAD_TestCases/Negative_TestCases/FEINandFEINSSNlessThan9Error" time="502.739" classname="Test Cases/RAD_TestCases/Negative_TestCases/FEINandFEINSSNlessThan9Error" status="PASSED">
         <system-out><![CDATA[2024-10-17 14:26:22 - [TEST_CASE][PASSED] - Test Cases/RAD_TestCases/Negative_TestCases/FEINandFEINSSNlessThan9Error: Test Cases/RAD_TestCases/Negative_TestCases/FEINandFEINSSNlessThan9Error

2024-10-17 14:26:22 - [TEST_STEP][PASSED] - resText = "Fail": null

2024-10-17 14:26:22 - [TEST_STEP][PASSED] - resColumn = "Result": null

2024-10-17 14:26:22 - [TEST_STEP][PASSED] - datCloumn = "Date": null

2024-10-17 14:26:22 - [TEST_STEP][PASSED] - fileLoc = "KatalonData/RADTestData/FEINandFEINSSNlessThan9Error.xlsx": null

2024-10-17 14:26:22 - [TEST_STEP][PASSED] - nameSheet = "Sheet1": null

2024-10-17 14:26:22 - [TEST_STEP][PASSED] - dataFile = "RADTestData/FEINandFEINSSNlessThan9Error": null

2024-10-17 14:26:22 - [TEST_STEP][PASSED] - ExecuteTC = <not implemented yet for class: org.codehaus.groovy.ast.expr.EmptyExpression>: null

2024-10-17 14:26:22 - [TEST_STEP][PASSED] - Taxtype = <not implemented yet for class: org.codehaus.groovy.ast.expr.EmptyExpression>: null

2024-10-17 14:26:22 - [TEST_STEP][PASSED] - Paymenttype = <not implemented yet for class: org.codehaus.groovy.ast.expr.EmptyExpression>: null

2024-10-17 14:26:22 - [TEST_STEP][PASSED] - feinSsn = <not implemented yet for class: org.codehaus.groovy.ast.expr.EmptyExpression>: null

2024-10-17 14:26:22 - [TEST_STEP][PASSED] - numOfRows = findTestData(dataFile).getRowNumbers(): null

2024-10-17 14:26:22 - [TEST_STEP][PASSED] - println("Number of Records: " + numOfRows): null

2024-10-17 14:26:22 - [TEST_STEP][PASSED] - for ([row = 1, row <= numOfRows, (row++)]): null

2024-10-17 14:26:22 - [TEST_STEP][PASSED] - ExecuteTC = findTestData(dataFile).getValue("Execute", row): null

2024-10-17 14:26:22 - [TEST_STEP][PASSED] - Taxtype = findTestData(dataFile).getValue("TaxType", row): null

2024-10-17 14:26:23 - [TEST_STEP][PASSED] - Paymenttype = findTestData(dataFile).getValue("PaymentType", row): null

2024-10-17 14:26:23 - [TEST_STEP][PASSED] - feinSsn = findTestData(dataFile).getValue("FEINSSN", row): null

2024-10-17 14:26:23 - [TEST_STEP][PASSED] - out.println("Value of Execute is : " + ExecuteTC): null

2024-10-17 14:26:23 - [TEST_STEP][PASSED] - if (ExecuteTC.equalsIgnoreCase("Y")): null

2024-10-17 14:26:23 - [TEST_STEP][PASSED] - out.println("Begin Record Number: " + row): null

2024-10-17 14:26:23 - [TEST_STEP][PASSED] - today = new java.util.Date(): null

2024-10-17 14:26:23 - [TEST_STEP][PASSED] - println(today): null

2024-10-17 14:26:23 - [TEST_STEP][PASSED] - datText = today: null

2024-10-17 14:26:23 - [TEST_STEP][PASSED] - Taxtype = findTestData(dataFile).getValue("TaxType", row): null

2024-10-17 14:26:23 - [TEST_STEP][PASSED] - out.println("Taxtype value is : " + Taxtype): null

2024-10-17 14:26:23 - [TEST_STEP][PASSED] - openBrowser(""): Browser is opened with url: ''

2024-10-17 14:26:23 - [MESSAGE][WARNING] - A browser is already opened. Closing browser and opening a new one

2024-10-17 14:26:24 - [MESSAGE][INFO] - Starting 'Chrome' driver

2024-10-17 14:26:24 - [MESSAGE][INFO] - User set preference: ['acceptInsecureCerts', 'true']

2024-10-17 14:26:24 - [MESSAGE][INFO] - Action delay is set to 0 milliseconds

2024-10-17 14:26:26 - [MESSAGE][PASSED] - Browser is opened with url: ''

2024-10-17 14:26:26 - [TEST_STEP][PASSED] - maximizeWindow(): Current window maximized

2024-10-17 14:26:26 - [MESSAGE][PASSED] - Current window maximized

2024-10-17 14:26:26 - [TEST_STEP][PASSED] - navigateToUrl(RADurl): Navigate to 'https://demo.velocitypayment.com/client/rad/index.html' successfully

2024-10-17 14:26:28 - [MESSAGE][PASSED] - Navigate to 'https://demo.velocitypayment.com/client/rad/index.html' successfully

2024-10-17 14:26:28 - [TEST_STEP][PASSED] - orPath_Landing = "Object Repository/RAD_Pages/Landing_Page": null

2024-10-17 14:26:28 - [TEST_STEP][PASSED] - orPath_TaxTypeFilingYear = "Object Repository/RAD_Pages/TaxTypeFilingYear_Page": null

2024-10-17 14:26:28 - [TEST_STEP][PASSED] - orPath_TaxPayer = "Object Repository/RAD_Pages/Taxpayer_Page": null

2024-10-17 14:26:28 - [TEST_STEP][PASSED] - orPath_AddressContact = "Object Repository/RAD_Pages/AddressAndContactInfo_Page": null

2024-10-17 14:26:28 - [TEST_STEP][PASSED] - orPath_FilingStatus = "Object Repository/RAD_Pages/FilingStatus_Page": null

2024-10-17 14:26:28 - [TEST_STEP][PASSED] - orPath_Amount = "Object Repository/RAD_Pages/PaymentAmount_Page": null

2024-10-17 14:26:28 - [TEST_STEP][PASSED] - orPath_TaxInfo = "Object Repository/RAD_Pages/TaxInfo_Page": null

2024-10-17 14:26:28 - [TEST_STEP][PASSED] - orPath_Withholding = "Object Repository/RAD_Pages/Withholding_Page": null

2024-10-17 14:26:28 - [TEST_STEP][PASSED] - orPath_Summary = "Object Repository/RAD_Pages/Summary_Page": null

2024-10-17 14:26:28 - [TEST_STEP][PASSED] - orPath_PaymentReady = "Object Repository/RAD_Pages/PaymentReady_Page": null

2024-10-17 14:26:28 - [TEST_STEP][PASSED] - orPath_PaymentEntry = "Object Repository/RAD_Pages/PaymentEntry_Page": null

2024-10-17 14:26:28 - [TEST_STEP][PASSED] - orPath_PaymentConfirmation = "Object Repository/RAD_Pages/PaymentConfirmation_Page": null

2024-10-17 14:26:28 - [TEST_STEP][PASSED] - orPath_ServiceFeesAccept = "Object Repository/RAD_Pages/ServiceFeeAccept_Page": null

2024-10-17 14:26:28 - [TEST_STEP][PASSED] - selectOptionByLabel(findTestObject(orPath_Landing + "/dd_TaxType"), Paymenttype, false): All options with label 'Existing Liability with Notice/Invoice Number' are selected in object 'Object Repository/RAD_Pages/Landing_Page/dd_TaxType' 

2024-10-17 14:26:29 - [MESSAGE][PASSED] - All options with label 'Existing Liability with Notice/Invoice Number' are selected in object 'Object Repository/RAD_Pages/Landing_Page/dd_TaxType' 

2024-10-17 14:26:29 - [TEST_STEP][PASSED] - delay(1): Delayed 1 second(s)

2024-10-17 14:26:30 - [MESSAGE][PASSED] - Delayed 1 second(s)

2024-10-17 14:26:30 - [TEST_STEP][PASSED] - switch (Paymenttype): null

2024-10-17 14:26:30 - [TEST_STEP][PASSED] - case "Existing Liability with Notice/Invoice Number":: null

2024-10-17 14:26:30 - [TEST_STEP][PASSED] - selectOptionByLabel(findTestObject(orPath_TaxTypeFilingYear + "/select_TaxType_ExistingLiability"), Taxtype, false): All options with label 'Bay Restoration Fee' are selected in object 'Object Repository/RAD_Pages/TaxTypeFilingYear_Page/select_TaxType_ExistingLiability' 

2024-10-17 14:26:30 - [MESSAGE][PASSED] - All options with label 'Bay Restoration Fee' are selected in object 'Object Repository/RAD_Pages/TaxTypeFilingYear_Page/select_TaxType_ExistingLiability' 

2024-10-17 14:26:30 - [TEST_STEP][PASSED] - break: null

2024-10-17 14:26:30 - [TEST_STEP][PASSED] - delay(1): Delayed 1 second(s)

2024-10-17 14:26:31 - [MESSAGE][PASSED] - Delayed 1 second(s)

2024-10-17 14:26:31 - [TEST_STEP][PASSED] - switch (Paymenttype): null

2024-10-17 14:26:31 - [TEST_STEP][PASSED] - case "Existing Liability with Notice/Invoice Number":: null

2024-10-17 14:26:31 - [TEST_STEP][PASSED] - if (feinSsn.equalsIgnoreCase("Y")): null

2024-10-17 14:26:31 - [TEST_STEP][PASSED] - else: Text ****** has been set on object 'Object Repository/RAD_RecordAndPlay/input_Existing_RetypeFEIN'

2024-10-17 14:26:31 - [TEST_STEP][PASSED] - setEncryptedText(findTestObject("Object Repository/RAD_RecordAndPlay/input_Existing_FEIN"), "iGDxf8hSRT4="): Text ****** has been set on object 'Object Repository/RAD_RecordAndPlay/input_Existing_FEIN'

2024-10-17 14:26:32 - [MESSAGE][PASSED] - Text ****** has been set on object 'Object Repository/RAD_RecordAndPlay/input_Existing_FEIN'

2024-10-17 14:26:32 - [TEST_STEP][PASSED] - setEncryptedText(findTestObject("Object Repository/RAD_RecordAndPlay/input_Existing_RetypeFEIN"), ""): Text ****** has been set on object 'Object Repository/RAD_RecordAndPlay/input_Existing_RetypeFEIN'

2024-10-17 14:26:32 - [MESSAGE][PASSED] - Text ****** has been set on object 'Object Repository/RAD_RecordAndPlay/input_Existing_RetypeFEIN'

2024-10-17 14:26:32 - [TEST_STEP][PASSED] - break: null

2024-10-17 14:26:32 - [TEST_STEP][PASSED] - if (feinSsn.equalsIgnoreCase("Y")): null

2024-10-17 14:26:32 - [TEST_STEP][PASSED] - else: null

2024-10-17 14:26:32 - [TEST_STEP][PASSED] - if (verifyTextPresent("Please enter a valid FEIN with 9 digits.", true)): null

2024-10-17 14:26:33 - [MESSAGE][PASSED] - Text 'Please enter a valid FEIN with 9 digits.' is present on page  using regular expression

2024-10-17 14:26:33 - [TEST_STEP][PASSED] - println("Error Message is present on the page"): null

2024-10-17 14:26:33 - [TEST_STEP][PASSED] - out.println("Pass Record Number: " + row): null

2024-10-17 14:26:33 - [TEST_STEP][PASSED] - resText = "Pass": null

2024-10-17 14:26:33 - [TEST_STEP][PASSED] - pages.WriteExcel.demoKey(resText, datText, resColumn, datCloumn, fileLoc, nameSheet, row): pages.WriteExcel.demoKey is PASSED

2024-10-17 14:26:33 - [MESSAGE][PASSED] - pages.WriteExcel.demoKey is PASSED

2024-10-17 14:26:33 - [TEST_STEP][PASSED] - ExecuteTC = findTestData(dataFile).getValue("Execute", row): null

2024-10-17 14:26:33 - [TEST_STEP][PASSED] - Taxtype = findTestData(dataFile).getValue("TaxType", row): null

2024-10-17 14:26:33 - [TEST_STEP][PASSED] - Paymenttype = findTestData(dataFile).getValue("PaymentType", row): null

2024-10-17 14:26:33 - [TEST_STEP][PASSED] - feinSsn = findTestData(dataFile).getValue("FEINSSN", row): null

2024-10-17 14:26:33 - [TEST_STEP][PASSED] - out.println("Value of Execute is : " + ExecuteTC): null

2024-10-17 14:26:33 - [TEST_STEP][PASSED] - if (ExecuteTC.equalsIgnoreCase("Y")): null

2024-10-17 14:26:33 - [TEST_STEP][PASSED] - out.println("Begin Record Number: " + row): null

2024-10-17 14:26:33 - [TEST_STEP][PASSED] - today = new java.util.Date(): null

2024-10-17 14:26:33 - [TEST_STEP][PASSED] - println(today): null

2024-10-17 14:26:33 - [TEST_STEP][PASSED] - datText = today: null

2024-10-17 14:26:33 - [TEST_STEP][PASSED] - Taxtype = findTestData(dataFile).getValue("TaxType", row): null

2024-10-17 14:26:33 - [TEST_STEP][PASSED] - out.println("Taxtype value is : " + Taxtype): null

2024-10-17 14:26:33 - [TEST_STEP][PASSED] - openBrowser(""): Browser is opened with url: ''

2024-10-17 14:26:33 - [MESSAGE][WARNING] - A browser is already opened. Closing browser and opening a new one

2024-10-17 14:26:35 - [MESSAGE][INFO] - Starting 'Chrome' driver

2024-10-17 14:26:35 - [MESSAGE][INFO] - User set preference: ['acceptInsecureCerts', 'true']

2024-10-17 14:26:35 - [MESSAGE][INFO] - Action delay is set to 0 milliseconds

2024-10-17 14:26:36 - [MESSAGE][PASSED] - Browser is opened with url: ''

2024-10-17 14:26:36 - [TEST_STEP][PASSED] - maximizeWindow(): Current window maximized

2024-10-17 14:26:36 - [MESSAGE][PASSED] - Current window maximized

2024-10-17 14:26:36 - [TEST_STEP][PASSED] - navigateToUrl(RADurl): Navigate to 'https://demo.velocitypayment.com/client/rad/index.html' successfully

2024-10-17 14:26:37 - [MESSAGE][PASSED] - Navigate to 'https://demo.velocitypayment.com/client/rad/index.html' successfully

2024-10-17 14:26:37 - [TEST_STEP][PASSED] - orPath_Landing = "Object Repository/RAD_Pages/Landing_Page": null

2024-10-17 14:26:37 - [TEST_STEP][PASSED] - orPath_TaxTypeFilingYear = "Object Repository/RAD_Pages/TaxTypeFilingYear_Page": null

2024-10-17 14:26:37 - [TEST_STEP][PASSED] - orPath_TaxPayer = "Object Repository/RAD_Pages/Taxpayer_Page": null

2024-10-17 14:26:37 - [TEST_STEP][PASSED] - orPath_AddressContact = "Object Repository/RAD_Pages/AddressAndContactInfo_Page": null

2024-10-17 14:26:37 - [TEST_STEP][PASSED] - orPath_FilingStatus = "Object Repository/RAD_Pages/FilingStatus_Page": null

2024-10-17 14:26:37 - [TEST_STEP][PASSED] - orPath_Amount = "Object Repository/RAD_Pages/PaymentAmount_Page": null

2024-10-17 14:26:37 - [TEST_STEP][PASSED] - orPath_TaxInfo = "Object Repository/RAD_Pages/TaxInfo_Page": null

2024-10-17 14:26:37 - [TEST_STEP][PASSED] - orPath_Withholding = "Object Repository/RAD_Pages/Withholding_Page": null

2024-10-17 14:26:37 - [TEST_STEP][PASSED] - orPath_Summary = "Object Repository/RAD_Pages/Summary_Page": null

2024-10-17 14:26:37 - [TEST_STEP][PASSED] - orPath_PaymentReady = "Object Repository/RAD_Pages/PaymentReady_Page": null

2024-10-17 14:26:37 - [TEST_STEP][PASSED] - orPath_PaymentEntry = "Object Repository/RAD_Pages/PaymentEntry_Page": null

2024-10-17 14:26:37 - [TEST_STEP][PASSED] - orPath_PaymentConfirmation = "Object Repository/RAD_Pages/PaymentConfirmation_Page": null

2024-10-17 14:26:37 - [TEST_STEP][PASSED] - orPath_ServiceFeesAccept = "Object Repository/RAD_Pages/ServiceFeeAccept_Page": null

2024-10-17 14:26:37 - [TEST_STEP][PASSED] - selectOptionByLabel(findTestObject(orPath_Landing + "/dd_TaxType"), Paymenttype, false): All options with label 'Existing Liability with Notice/Invoice Number' are selected in object 'Object Repository/RAD_Pages/Landing_Page/dd_TaxType' 

2024-10-17 14:26:39 - [MESSAGE][PASSED] - All options with label 'Existing Liability with Notice/Invoice Number' are selected in object 'Object Repository/RAD_Pages/Landing_Page/dd_TaxType' 

2024-10-17 14:26:39 - [TEST_STEP][PASSED] - delay(1): Delayed 1 second(s)

2024-10-17 14:26:40 - [MESSAGE][PASSED] - Delayed 1 second(s)

2024-10-17 14:26:40 - [TEST_STEP][PASSED] - switch (Paymenttype): null

2024-10-17 14:26:40 - [TEST_STEP][PASSED] - case "Existing Liability with Notice/Invoice Number":: null

2024-10-17 14:26:40 - [TEST_STEP][PASSED] - selectOptionByLabel(findTestObject(orPath_TaxTypeFilingYear + "/select_TaxType_ExistingLiability"), Taxtype, false): All options with label 'Corporate Income Tax' are selected in object 'Object Repository/RAD_Pages/TaxTypeFilingYear_Page/select_TaxType_ExistingLiability' 

2024-10-17 14:26:41 - [MESSAGE][PASSED] - All options with label 'Corporate Income Tax' are selected in object 'Object Repository/RAD_Pages/TaxTypeFilingYear_Page/select_TaxType_ExistingLiability' 

2024-10-17 14:26:41 - [TEST_STEP][PASSED] - break: null

2024-10-17 14:26:41 - [TEST_STEP][PASSED] - delay(1): Delayed 1 second(s)

2024-10-17 14:26:42 - [MESSAGE][PASSED] - Delayed 1 second(s)

2024-10-17 14:26:42 - [TEST_STEP][PASSED] - switch (Paymenttype): null

2024-10-17 14:26:42 - [TEST_STEP][PASSED] - case "Existing Liability with Notice/Invoice Number":: null

2024-10-17 14:26:42 - [TEST_STEP][PASSED] - if (feinSsn.equalsIgnoreCase("Y")): null

2024-10-17 14:26:42 - [TEST_STEP][PASSED] - else: Text ****** has been set on object 'Object Repository/RAD_RecordAndPlay/input_Existing_RetypeFEIN'

2024-10-17 14:26:42 - [TEST_STEP][PASSED] - setEncryptedText(findTestObject("Object Repository/RAD_RecordAndPlay/input_Existing_FEIN"), "iGDxf8hSRT4="): Text ****** has been set on object 'Object Repository/RAD_RecordAndPlay/input_Existing_FEIN'

2024-10-17 14:26:42 - [MESSAGE][PASSED] - Text ****** has been set on object 'Object Repository/RAD_RecordAndPlay/input_Existing_FEIN'

2024-10-17 14:26:42 - [TEST_STEP][PASSED] - setEncryptedText(findTestObject("Object Repository/RAD_RecordAndPlay/input_Existing_RetypeFEIN"), ""): Text ****** has been set on object 'Object Repository/RAD_RecordAndPlay/input_Existing_RetypeFEIN'

2024-10-17 14:26:43 - [MESSAGE][PASSED] - Text ****** has been set on object 'Object Repository/RAD_RecordAndPlay/input_Existing_RetypeFEIN'

2024-10-17 14:26:43 - [TEST_STEP][PASSED] - break: null

2024-10-17 14:26:43 - [TEST_STEP][PASSED] - if (feinSsn.equalsIgnoreCase("Y")): null

2024-10-17 14:26:43 - [TEST_STEP][PASSED] - else: null

2024-10-17 14:26:43 - [TEST_STEP][PASSED] - if (verifyTextPresent("Please enter a valid FEIN with 9 digits.", true)): null

2024-10-17 14:26:43 - [MESSAGE][PASSED] - Text 'Please enter a valid FEIN with 9 digits.' is present on page  using regular expression

2024-10-17 14:26:43 - [TEST_STEP][PASSED] - println("Error Message is present on the page"): null

2024-10-17 14:26:43 - [TEST_STEP][PASSED] - out.println("Pass Record Number: " + row): null

2024-10-17 14:26:43 - [TEST_STEP][PASSED] - resText = "Pass": null

2024-10-17 14:26:43 - [TEST_STEP][PASSED] - pages.WriteExcel.demoKey(resText, datText, resColumn, datCloumn, fileLoc, nameSheet, row): pages.WriteExcel.demoKey is PASSED

2024-10-17 14:26:43 - [MESSAGE][PASSED] - pages.WriteExcel.demoKey is PASSED

2024-10-17 14:26:43 - [TEST_STEP][PASSED] - ExecuteTC = findTestData(dataFile).getValue("Execute", row): null

2024-10-17 14:26:43 - [TEST_STEP][PASSED] - Taxtype = findTestData(dataFile).getValue("TaxType", row): null

2024-10-17 14:26:44 - [TEST_STEP][PASSED] - Paymenttype = findTestData(dataFile).getValue("PaymentType", row): null

2024-10-17 14:26:44 - [TEST_STEP][PASSED] - feinSsn = findTestData(dataFile).getValue("FEINSSN", row): null

2024-10-17 14:26:44 - [TEST_STEP][PASSED] - out.println("Value of Execute is : " + ExecuteTC): null

2024-10-17 14:26:44 - [TEST_STEP][PASSED] - if (ExecuteTC.equalsIgnoreCase("Y")): null

2024-10-17 14:26:44 - [TEST_STEP][PASSED] - out.println("Begin Record Number: " + row): null

2024-10-17 14:26:44 - [TEST_STEP][PASSED] - today = new java.util.Date(): null

2024-10-17 14:26:44 - [TEST_STEP][PASSED] - println(today): null

2024-10-17 14:26:44 - [TEST_STEP][PASSED] - datText = today: null

2024-10-17 14:26:44 - [TEST_STEP][PASSED] - Taxtype = findTestData(dataFile).getValue("TaxType", row): null

2024-10-17 14:26:44 - [TEST_STEP][PASSED] - out.println("Taxtype value is : " + Taxtype): null

2024-10-17 14:26:44 - [TEST_STEP][PASSED] - openBrowser(""): Browser is opened with url: ''

2024-10-17 14:26:44 - [MESSAGE][WARNING] - A browser is already opened. Closing browser and opening a new one

2024-10-17 14:26:45 - [MESSAGE][INFO] - Starting 'Chrome' driver

2024-10-17 14:26:45 - [MESSAGE][INFO] - User set preference: ['acceptInsecureCerts', 'true']

2024-10-17 14:26:45 - [MESSAGE][INFO] - Action delay is set to 0 milliseconds

2024-10-17 14:26:47 - [MESSAGE][PASSED] - Browser is opened with url: ''

2024-10-17 14:26:47 - [TEST_STEP][PASSED] - maximizeWindow(): Current window maximized

2024-10-17 14:26:47 - [MESSAGE][PASSED] - Current window maximized

2024-10-17 14:26:47 - [TEST_STEP][PASSED] - navigateToUrl(RADurl): Navigate to 'https://demo.velocitypayment.com/client/rad/index.html' successfully

2024-10-17 14:26:49 - [MESSAGE][PASSED] - Navigate to 'https://demo.velocitypayment.com/client/rad/index.html' successfully

2024-10-17 14:26:49 - [TEST_STEP][PASSED] - orPath_Landing = "Object Repository/RAD_Pages/Landing_Page": null

2024-10-17 14:26:49 - [TEST_STEP][PASSED] - orPath_TaxTypeFilingYear = "Object Repository/RAD_Pages/TaxTypeFilingYear_Page": null

2024-10-17 14:26:49 - [TEST_STEP][PASSED] - orPath_TaxPayer = "Object Repository/RAD_Pages/Taxpayer_Page": null

2024-10-17 14:26:49 - [TEST_STEP][PASSED] - orPath_AddressContact = "Object Repository/RAD_Pages/AddressAndContactInfo_Page": null

2024-10-17 14:26:49 - [TEST_STEP][PASSED] - orPath_FilingStatus = "Object Repository/RAD_Pages/FilingStatus_Page": null

2024-10-17 14:26:49 - [TEST_STEP][PASSED] - orPath_Amount = "Object Repository/RAD_Pages/PaymentAmount_Page": null

2024-10-17 14:26:49 - [TEST_STEP][PASSED] - orPath_TaxInfo = "Object Repository/RAD_Pages/TaxInfo_Page": null

2024-10-17 14:26:49 - [TEST_STEP][PASSED] - orPath_Withholding = "Object Repository/RAD_Pages/Withholding_Page": null

2024-10-17 14:26:49 - [TEST_STEP][PASSED] - orPath_Summary = "Object Repository/RAD_Pages/Summary_Page": null

2024-10-17 14:26:49 - [TEST_STEP][PASSED] - orPath_PaymentReady = "Object Repository/RAD_Pages/PaymentReady_Page": null

2024-10-17 14:26:49 - [TEST_STEP][PASSED] - orPath_PaymentEntry = "Object Repository/RAD_Pages/PaymentEntry_Page": null

2024-10-17 14:26:49 - [TEST_STEP][PASSED] - orPath_PaymentConfirmation = "Object Repository/RAD_Pages/PaymentConfirmation_Page": null

2024-10-17 14:26:49 - [TEST_STEP][PASSED] - orPath_ServiceFeesAccept = "Object Repository/RAD_Pages/ServiceFeeAccept_Page": null

2024-10-17 14:26:49 - [TEST_STEP][PASSED] - selectOptionByLabel(findTestObject(orPath_Landing + "/dd_TaxType"), Paymenttype, false): All options with label 'Existing Liability with Notice/Invoice Number' are selected in object 'Object Repository/RAD_Pages/Landing_Page/dd_TaxType' 

2024-10-17 14:26:49 - [MESSAGE][PASSED] - All options with label 'Existing Liability with Notice/Invoice Number' are selected in object 'Object Repository/RAD_Pages/Landing_Page/dd_TaxType' 

2024-10-17 14:26:49 - [TEST_STEP][PASSED] - delay(1): Delayed 1 second(s)

2024-10-17 14:26:50 - [MESSAGE][PASSED] - Delayed 1 second(s)

2024-10-17 14:26:50 - [TEST_STEP][PASSED] - switch (Paymenttype): null

2024-10-17 14:26:50 - [TEST_STEP][PASSED] - case "Existing Liability with Notice/Invoice Number":: null

2024-10-17 14:26:50 - [TEST_STEP][PASSED] - selectOptionByLabel(findTestObject(orPath_TaxTypeFilingYear + "/select_TaxType_ExistingLiability"), Taxtype, false): All options with label 'Fiduciary Tax' are selected in object 'Object Repository/RAD_Pages/TaxTypeFilingYear_Page/select_TaxType_ExistingLiability' 

2024-10-17 14:26:51 - [MESSAGE][PASSED] - All options with label 'Fiduciary Tax' are selected in object 'Object Repository/RAD_Pages/TaxTypeFilingYear_Page/select_TaxType_ExistingLiability' 

2024-10-17 14:26:51 - [TEST_STEP][PASSED] - break: null

2024-10-17 14:26:51 - [TEST_STEP][PASSED] - delay(1): Delayed 1 second(s)

2024-10-17 14:26:52 - [MESSAGE][PASSED] - Delayed 1 second(s)

2024-10-17 14:26:52 - [TEST_STEP][PASSED] - switch (Paymenttype): null

2024-10-17 14:26:52 - [TEST_STEP][PASSED] - case "Existing Liability with Notice/Invoice Number":: null

2024-10-17 14:26:52 - [TEST_STEP][PASSED] - if (feinSsn.equalsIgnoreCase("Y")): null

2024-10-17 14:26:52 - [TEST_STEP][PASSED] - else: Text ****** has been set on object 'Object Repository/RAD_RecordAndPlay/input_Existing_RetypeFEIN'

2024-10-17 14:26:52 - [TEST_STEP][PASSED] - setEncryptedText(findTestObject("Object Repository/RAD_RecordAndPlay/input_Existing_FEIN"), "iGDxf8hSRT4="): Text ****** has been set on object 'Object Repository/RAD_RecordAndPlay/input_Existing_FEIN'

2024-10-17 14:26:53 - [MESSAGE][PASSED] - Text ****** has been set on object 'Object Repository/RAD_RecordAndPlay/input_Existing_FEIN'

2024-10-17 14:26:53 - [TEST_STEP][PASSED] - setEncryptedText(findTestObject("Object Repository/RAD_RecordAndPlay/input_Existing_RetypeFEIN"), ""): Text ****** has been set on object 'Object Repository/RAD_RecordAndPlay/input_Existing_RetypeFEIN'

2024-10-17 14:26:53 - [MESSAGE][PASSED] - Text ****** has been set on object 'Object Repository/RAD_RecordAndPlay/input_Existing_RetypeFEIN'

2024-10-17 14:26:53 - [TEST_STEP][PASSED] - break: null

2024-10-17 14:26:53 - [TEST_STEP][PASSED] - if (feinSsn.equalsIgnoreCase("Y")): null

2024-10-17 14:26:53 - [TEST_STEP][PASSED] - else: null

2024-10-17 14:26:53 - [TEST_STEP][PASSED] - if (verifyTextPresent("Please enter a valid FEIN with 9 digits.", true)): null

2024-10-17 14:26:54 - [MESSAGE][PASSED] - Text 'Please enter a valid FEIN with 9 digits.' is present on page  using regular expression

2024-10-17 14:26:54 - [TEST_STEP][PASSED] - println("Error Message is present on the page"): null

2024-10-17 14:26:54 - [TEST_STEP][PASSED] - out.println("Pass Record Number: " + row): null

2024-10-17 14:26:54 - [TEST_STEP][PASSED] - resText = "Pass": null

2024-10-17 14:26:54 - [TEST_STEP][PASSED] - pages.WriteExcel.demoKey(resText, datText, resColumn, datCloumn, fileLoc, nameSheet, row): pages.WriteExcel.demoKey is PASSED

2024-10-17 14:26:54 - [MESSAGE][PASSED] - pages.WriteExcel.demoKey is PASSED

2024-10-17 14:26:54 - [TEST_STEP][PASSED] - ExecuteTC = findTestData(dataFile).getValue("Execute", row): null

2024-10-17 14:26:54 - [TEST_STEP][PASSED] - Taxtype = findTestData(dataFile).getValue("TaxType", row): null

2024-10-17 14:26:54 - [TEST_STEP][PASSED] - Paymenttype = findTestData(dataFile).getValue("PaymentType", row): null

2024-10-17 14:26:54 - [TEST_STEP][PASSED] - feinSsn = findTestData(dataFile).getValue("FEINSSN", row): null

2024-10-17 14:26:54 - [TEST_STEP][PASSED] - out.println("Value of Execute is : " + ExecuteTC): null

2024-10-17 14:26:54 - [TEST_STEP][PASSED] - if (ExecuteTC.equalsIgnoreCase("Y")): null

2024-10-17 14:26:54 - [TEST_STEP][PASSED] - out.println("Begin Record Number: " + row): null

2024-10-17 14:26:54 - [TEST_STEP][PASSED] - today = new java.util.Date(): null

2024-10-17 14:26:54 - [TEST_STEP][PASSED] - println(today): null

2024-10-17 14:26:54 - [TEST_STEP][PASSED] - datText = today: null

2024-10-17 14:26:54 - [TEST_STEP][PASSED] - Taxtype = findTestData(dataFile).getValue("TaxType", row): null

2024-10-17 14:26:54 - [TEST_STEP][PASSED] - out.println("Taxtype value is : " + Taxtype): null

2024-10-17 14:26:54 - [TEST_STEP][PASSED] - openBrowser(""): Browser is opened with url: ''

2024-10-17 14:26:54 - [MESSAGE][WARNING] - A browser is already opened. Closing browser and opening a new one

2024-10-17 14:26:55 - [MESSAGE][INFO] - Starting 'Chrome' driver

2024-10-17 14:26:55 - [MESSAGE][INFO] - User set preference: ['acceptInsecureCerts', 'true']

2024-10-17 14:26:55 - [MESSAGE][INFO] - Action delay is set to 0 milliseconds

2024-10-17 14:26:57 - [MESSAGE][PASSED] - Browser is opened with url: ''

2024-10-17 14:26:57 - [TEST_STEP][PASSED] - maximizeWindow(): Current window maximized

2024-10-17 14:26:57 - [MESSAGE][PASSED] - Current window maximized

2024-10-17 14:26:57 - [TEST_STEP][PASSED] - navigateToUrl(RADurl): Navigate to 'https://demo.velocitypayment.com/client/rad/index.html' successfully

2024-10-17 14:26:57 - [MESSAGE][PASSED] - Navigate to 'https://demo.velocitypayment.com/client/rad/index.html' successfully

2024-10-17 14:26:57 - [TEST_STEP][PASSED] - orPath_Landing = "Object Repository/RAD_Pages/Landing_Page": null

2024-10-17 14:26:57 - [TEST_STEP][PASSED] - orPath_TaxTypeFilingYear = "Object Repository/RAD_Pages/TaxTypeFilingYear_Page": null

2024-10-17 14:26:57 - [TEST_STEP][PASSED] - orPath_TaxPayer = "Object Repository/RAD_Pages/Taxpayer_Page": null

2024-10-17 14:26:57 - [TEST_STEP][PASSED] - orPath_AddressContact = "Object Repository/RAD_Pages/AddressAndContactInfo_Page": null

2024-10-17 14:26:57 - [TEST_STEP][PASSED] - orPath_FilingStatus = "Object Repository/RAD_Pages/FilingStatus_Page": null

2024-10-17 14:26:57 - [TEST_STEP][PASSED] - orPath_Amount = "Object Repository/RAD_Pages/PaymentAmount_Page": null

2024-10-17 14:26:57 - [TEST_STEP][PASSED] - orPath_TaxInfo = "Object Repository/RAD_Pages/TaxInfo_Page": null

2024-10-17 14:26:57 - [TEST_STEP][PASSED] - orPath_Withholding = "Object Repository/RAD_Pages/Withholding_Page": null

2024-10-17 14:26:57 - [TEST_STEP][PASSED] - orPath_Summary = "Object Repository/RAD_Pages/Summary_Page": null

2024-10-17 14:26:57 - [TEST_STEP][PASSED] - orPath_PaymentReady = "Object Repository/RAD_Pages/PaymentReady_Page": null

2024-10-17 14:26:57 - [TEST_STEP][PASSED] - orPath_PaymentEntry = "Object Repository/RAD_Pages/PaymentEntry_Page": null

2024-10-17 14:26:57 - [TEST_STEP][PASSED] - orPath_PaymentConfirmation = "Object Repository/RAD_Pages/PaymentConfirmation_Page": null

2024-10-17 14:26:57 - [TEST_STEP][PASSED] - orPath_ServiceFeesAccept = "Object Repository/RAD_Pages/ServiceFeeAccept_Page": null

2024-10-17 14:26:57 - [TEST_STEP][PASSED] - selectOptionByLabel(findTestObject(orPath_Landing + "/dd_TaxType"), Paymenttype, false): All options with label 'Existing Liability with Notice/Invoice Number' are selected in object 'Object Repository/RAD_Pages/Landing_Page/dd_TaxType' 

2024-10-17 14:27:00 - [MESSAGE][PASSED] - All options with label 'Existing Liability with Notice/Invoice Number' are selected in object 'Object Repository/RAD_Pages/Landing_Page/dd_TaxType' 

2024-10-17 14:27:00 - [TEST_STEP][PASSED] - delay(1): Delayed 1 second(s)

2024-10-17 14:27:01 - [MESSAGE][PASSED] - Delayed 1 second(s)

2024-10-17 14:27:01 - [TEST_STEP][PASSED] - switch (Paymenttype): null

2024-10-17 14:27:01 - [TEST_STEP][PASSED] - case "Existing Liability with Notice/Invoice Number":: null

2024-10-17 14:27:01 - [TEST_STEP][PASSED] - selectOptionByLabel(findTestObject(orPath_TaxTypeFilingYear + "/select_TaxType_ExistingLiability"), Taxtype, false): All options with label 'PTE Non-Electing Non-S Corp' are selected in object 'Object Repository/RAD_Pages/TaxTypeFilingYear_Page/select_TaxType_ExistingLiability' 

2024-10-17 14:27:01 - [MESSAGE][PASSED] - All options with label 'PTE Non-Electing Non-S Corp' are selected in object 'Object Repository/RAD_Pages/TaxTypeFilingYear_Page/select_TaxType_ExistingLiability' 

2024-10-17 14:27:01 - [TEST_STEP][PASSED] - break: null

2024-10-17 14:27:01 - [TEST_STEP][PASSED] - delay(1): Delayed 1 second(s)

2024-10-17 14:27:02 - [MESSAGE][PASSED] - Delayed 1 second(s)

2024-10-17 14:27:02 - [TEST_STEP][PASSED] - switch (Paymenttype): null

2024-10-17 14:27:02 - [TEST_STEP][PASSED] - case "Existing Liability with Notice/Invoice Number":: null

2024-10-17 14:27:02 - [TEST_STEP][PASSED] - if (feinSsn.equalsIgnoreCase("Y")): Text ****** has been set on object 'Object Repository/RAD_Pages/TaxInfo_Page/input_TaxInfo_RetypefeinSsn_Existing_New'

2024-10-17 14:27:02 - [TEST_STEP][PASSED] - setEncryptedText(findTestObject(orPath_TaxInfo + "/input_TaxInfo_feinSsn_Existing_New"), "iGDxf8hSRT4="): Text ****** has been set on object 'Object Repository/RAD_Pages/TaxInfo_Page/input_TaxInfo_feinSsn_Existing_New'

2024-10-17 14:27:03 - [MESSAGE][PASSED] - Text ****** has been set on object 'Object Repository/RAD_Pages/TaxInfo_Page/input_TaxInfo_feinSsn_Existing_New'

2024-10-17 14:27:03 - [TEST_STEP][PASSED] - setEncryptedText(findTestObject(orPath_TaxInfo + "/input_TaxInfo_RetypefeinSsn_Existing_New"), ""): Text ****** has been set on object 'Object Repository/RAD_Pages/TaxInfo_Page/input_TaxInfo_RetypefeinSsn_Existing_New'

2024-10-17 14:27:03 - [MESSAGE][PASSED] - Text ****** has been set on object 'Object Repository/RAD_Pages/TaxInfo_Page/input_TaxInfo_RetypefeinSsn_Existing_New'

2024-10-17 14:27:03 - [TEST_STEP][PASSED] - break: null

2024-10-17 14:27:03 - [TEST_STEP][PASSED] - if (feinSsn.equalsIgnoreCase("Y")): null

2024-10-17 14:27:03 - [TEST_STEP][PASSED] - if (verifyTextPresent("Please enter a valid FEIN/SSN with 9 digits", true)): null

2024-10-17 14:27:04 - [MESSAGE][PASSED] - Text 'Please enter a valid FEIN/SSN with 9 digits' is present on page  using regular expression

2024-10-17 14:27:04 - [TEST_STEP][PASSED] - println("Error Message is present on the page"): null

2024-10-17 14:27:04 - [TEST_STEP][PASSED] - out.println("Pass Record Number: " + row): null

2024-10-17 14:27:04 - [TEST_STEP][PASSED] - resText = "Pass": null

2024-10-17 14:27:04 - [TEST_STEP][PASSED] - pages.WriteExcel.demoKey(resText, datText, resColumn, datCloumn, fileLoc, nameSheet, row): pages.WriteExcel.demoKey is PASSED

2024-10-17 14:27:04 - [MESSAGE][PASSED] - pages.WriteExcel.demoKey is PASSED

2024-10-17 14:27:04 - [TEST_STEP][PASSED] - ExecuteTC = findTestData(dataFile).getValue("Execute", row): null

2024-10-17 14:27:04 - [TEST_STEP][PASSED] - Taxtype = findTestData(dataFile).getValue("TaxType", row): null

2024-10-17 14:27:04 - [TEST_STEP][PASSED] - Paymenttype = findTestData(dataFile).getValue("PaymentType", row): null

2024-10-17 14:27:04 - [TEST_STEP][PASSED] - feinSsn = findTestData(dataFile).getValue("FEINSSN", row): null

2024-10-17 14:27:04 - [TEST_STEP][PASSED] - out.println("Value of Execute is : " + ExecuteTC): null

2024-10-17 14:27:04 - [TEST_STEP][PASSED] - if (ExecuteTC.equalsIgnoreCase("Y")): null

2024-10-17 14:27:04 - [TEST_STEP][PASSED] - out.println("Begin Record Number: " + row): null

2024-10-17 14:27:04 - [TEST_STEP][PASSED] - today = new java.util.Date(): null

2024-10-17 14:27:04 - [TEST_STEP][PASSED] - println(today): null

2024-10-17 14:27:04 - [TEST_STEP][PASSED] - datText = today: null

2024-10-17 14:27:04 - [TEST_STEP][PASSED] - Taxtype = findTestData(dataFile).getValue("TaxType", row): null

2024-10-17 14:27:04 - [TEST_STEP][PASSED] - out.println("Taxtype value is : " + Taxtype): null

2024-10-17 14:27:04 - [TEST_STEP][PASSED] - openBrowser(""): Browser is opened with url: ''

2024-10-17 14:27:04 - [MESSAGE][WARNING] - A browser is already opened. Closing browser and opening a new one

2024-10-17 14:27:06 - [MESSAGE][INFO] - Starting 'Chrome' driver

2024-10-17 14:27:06 - [MESSAGE][INFO] - User set preference: ['acceptInsecureCerts', 'true']

2024-10-17 14:27:06 - [MESSAGE][INFO] - Action delay is set to 0 milliseconds

2024-10-17 14:27:07 - [MESSAGE][PASSED] - Browser is opened with url: ''

2024-10-17 14:27:07 - [TEST_STEP][PASSED] - maximizeWindow(): Current window maximized

2024-10-17 14:27:08 - [MESSAGE][PASSED] - Current window maximized

2024-10-17 14:27:08 - [TEST_STEP][PASSED] - navigateToUrl(RADurl): Navigate to 'https://demo.velocitypayment.com/client/rad/index.html' successfully

2024-10-17 14:27:09 - [MESSAGE][PASSED] - Navigate to 'https://demo.velocitypayment.com/client/rad/index.html' successfully

2024-10-17 14:27:09 - [TEST_STEP][PASSED] - orPath_Landing = "Object Repository/RAD_Pages/Landing_Page": null

2024-10-17 14:27:09 - [TEST_STEP][PASSED] - orPath_TaxTypeFilingYear = "Object Repository/RAD_Pages/TaxTypeFilingYear_Page": null

2024-10-17 14:27:09 - [TEST_STEP][PASSED] - orPath_TaxPayer = "Object Repository/RAD_Pages/Taxpayer_Page": null

2024-10-17 14:27:09 - [TEST_STEP][PASSED] - orPath_AddressContact = "Object Repository/RAD_Pages/AddressAndContactInfo_Page": null

2024-10-17 14:27:09 - [TEST_STEP][PASSED] - orPath_FilingStatus = "Object Repository/RAD_Pages/FilingStatus_Page": null

2024-10-17 14:27:09 - [TEST_STEP][PASSED] - orPath_Amount = "Object Repository/RAD_Pages/PaymentAmount_Page": null

2024-10-17 14:27:09 - [TEST_STEP][PASSED] - orPath_TaxInfo = "Object Repository/RAD_Pages/TaxInfo_Page": null

2024-10-17 14:27:09 - [TEST_STEP][PASSED] - orPath_Withholding = "Object Repository/RAD_Pages/Withholding_Page": null

2024-10-17 14:27:09 - [TEST_STEP][PASSED] - orPath_Summary = "Object Repository/RAD_Pages/Summary_Page": null

2024-10-17 14:27:09 - [TEST_STEP][PASSED] - orPath_PaymentReady = "Object Repository/RAD_Pages/PaymentReady_Page": null

2024-10-17 14:27:09 - [TEST_STEP][PASSED] - orPath_PaymentEntry = "Object Repository/RAD_Pages/PaymentEntry_Page": null

2024-10-17 14:27:09 - [TEST_STEP][PASSED] - orPath_PaymentConfirmation = "Object Repository/RAD_Pages/PaymentConfirmation_Page": null

2024-10-17 14:27:09 - [TEST_STEP][PASSED] - orPath_ServiceFeesAccept = "Object Repository/RAD_Pages/ServiceFeeAccept_Page": null

2024-10-17 14:27:09 - [TEST_STEP][PASSED] - selectOptionByLabel(findTestObject(orPath_Landing + "/dd_TaxType"), Paymenttype, false): All options with label 'Existing Liability with Notice/Invoice Number' are selected in object 'Object Repository/RAD_Pages/Landing_Page/dd_TaxType' 

2024-10-17 14:27:10 - [MESSAGE][PASSED] - All options with label 'Existing Liability with Notice/Invoice Number' are selected in object 'Object Repository/RAD_Pages/Landing_Page/dd_TaxType' 

2024-10-17 14:27:10 - [TEST_STEP][PASSED] - delay(1): Delayed 1 second(s)

2024-10-17 14:27:11 - [MESSAGE][PASSED] - Delayed 1 second(s)

2024-10-17 14:27:11 - [TEST_STEP][PASSED] - switch (Paymenttype): null

2024-10-17 14:27:11 - [TEST_STEP][PASSED] - case "Existing Liability with Notice/Invoice Number":: null

2024-10-17 14:27:11 - [TEST_STEP][PASSED] - selectOptionByLabel(findTestObject(orPath_TaxTypeFilingYear + "/select_TaxType_ExistingLiability"), Taxtype, false): All options with label 'PTE Non-Electing S Corp' are selected in object 'Object Repository/RAD_Pages/TaxTypeFilingYear_Page/select_TaxType_ExistingLiability' 

2024-10-17 14:27:12 - [MESSAGE][PASSED] - All options with label 'PTE Non-Electing S Corp' are selected in object 'Object Repository/RAD_Pages/TaxTypeFilingYear_Page/select_TaxType_ExistingLiability' 

2024-10-17 14:27:12 - [TEST_STEP][PASSED] - break: null

2024-10-17 14:27:12 - [TEST_STEP][PASSED] - delay(1): Delayed 1 second(s)

2024-10-17 14:27:13 - [MESSAGE][PASSED] - Delayed 1 second(s)

2024-10-17 14:27:13 - [TEST_STEP][PASSED] - switch (Paymenttype): null

2024-10-17 14:27:13 - [TEST_STEP][PASSED] - case "Existing Liability with Notice/Invoice Number":: null

2024-10-17 14:27:13 - [TEST_STEP][PASSED] - if (feinSsn.equalsIgnoreCase("Y")): Text ****** has been set on object 'Object Repository/RAD_Pages/TaxInfo_Page/input_TaxInfo_RetypefeinSsn_Existing_New'

2024-10-17 14:27:13 - [TEST_STEP][PASSED] - setEncryptedText(findTestObject(orPath_TaxInfo + "/input_TaxInfo_feinSsn_Existing_New"), "iGDxf8hSRT4="): Text ****** has been set on object 'Object Repository/RAD_Pages/TaxInfo_Page/input_TaxInfo_feinSsn_Existing_New'

2024-10-17 14:27:13 - [MESSAGE][PASSED] - Text ****** has been set on object 'Object Repository/RAD_Pages/TaxInfo_Page/input_TaxInfo_feinSsn_Existing_New'

2024-10-17 14:27:13 - [TEST_STEP][PASSED] - setEncryptedText(findTestObject(orPath_TaxInfo + "/input_TaxInfo_RetypefeinSsn_Existing_New"), ""): Text ****** has been set on object 'Object Repository/RAD_Pages/TaxInfo_Page/input_TaxInfo_RetypefeinSsn_Existing_New'

2024-10-17 14:27:14 - [MESSAGE][PASSED] - Text ****** has been set on object 'Object Repository/RAD_Pages/TaxInfo_Page/input_TaxInfo_RetypefeinSsn_Existing_New'

2024-10-17 14:27:14 - [TEST_STEP][PASSED] - break: null

2024-10-17 14:27:14 - [TEST_STEP][PASSED] - if (feinSsn.equalsIgnoreCase("Y")): null

2024-10-17 14:27:14 - [TEST_STEP][PASSED] - if (verifyTextPresent("Please enter a valid FEIN/SSN with 9 digits", true)): null

2024-10-17 14:27:15 - [MESSAGE][PASSED] - Text 'Please enter a valid FEIN/SSN with 9 digits' is present on page  using regular expression

2024-10-17 14:27:15 - [TEST_STEP][PASSED] - println("Error Message is present on the page"): null

2024-10-17 14:27:15 - [TEST_STEP][PASSED] - out.println("Pass Record Number: " + row): null

2024-10-17 14:27:15 - [TEST_STEP][PASSED] - resText = "Pass": null

2024-10-17 14:27:15 - [TEST_STEP][PASSED] - pages.WriteExcel.demoKey(resText, datText, resColumn, datCloumn, fileLoc, nameSheet, row): pages.WriteExcel.demoKey is PASSED

2024-10-17 14:27:15 - [MESSAGE][PASSED] - pages.WriteExcel.demoKey is PASSED

2024-10-17 14:27:15 - [TEST_STEP][PASSED] - ExecuteTC = findTestData(dataFile).getValue("Execute", row): null

2024-10-17 14:27:15 - [TEST_STEP][PASSED] - Taxtype = findTestData(dataFile).getValue("TaxType", row): null

2024-10-17 14:27:15 - [TEST_STEP][PASSED] - Paymenttype = findTestData(dataFile).getValue("PaymentType", row): null

2024-10-17 14:27:15 - [TEST_STEP][PASSED] - feinSsn = findTestData(dataFile).getValue("FEINSSN", row): null

2024-10-17 14:27:15 - [TEST_STEP][PASSED] - out.println("Value of Execute is : " + ExecuteTC): null

2024-10-17 14:27:15 - [TEST_STEP][PASSED] - if (ExecuteTC.equalsIgnoreCase("Y")): null

2024-10-17 14:27:15 - [TEST_STEP][PASSED] - out.println("Begin Record Number: " + row): null

2024-10-17 14:27:15 - [TEST_STEP][PASSED] - today = new java.util.Date(): null

2024-10-17 14:27:15 - [TEST_STEP][PASSED] - println(today): null

2024-10-17 14:27:15 - [TEST_STEP][PASSED] - datText = today: null

2024-10-17 14:27:15 - [TEST_STEP][PASSED] - Taxtype = findTestData(dataFile).getValue("TaxType", row): null

2024-10-17 14:27:15 - [TEST_STEP][PASSED] - out.println("Taxtype value is : " + Taxtype): null

2024-10-17 14:27:15 - [TEST_STEP][PASSED] - openBrowser(""): Browser is opened with url: ''

2024-10-17 14:27:15 - [MESSAGE][WARNING] - A browser is already opened. Closing browser and opening a new one

2024-10-17 14:27:16 - [MESSAGE][INFO] - Starting 'Chrome' driver

2024-10-17 14:27:16 - [MESSAGE][INFO] - User set preference: ['acceptInsecureCerts', 'true']

2024-10-17 14:27:16 - [MESSAGE][INFO] - Action delay is set to 0 milliseconds

2024-10-17 14:27:18 - [MESSAGE][PASSED] - Browser is opened with url: ''

2024-10-17 14:27:18 - [TEST_STEP][PASSED] - maximizeWindow(): Current window maximized

2024-10-17 14:27:18 - [MESSAGE][PASSED] - Current window maximized

2024-10-17 14:27:18 - [TEST_STEP][PASSED] - navigateToUrl(RADurl): Navigate to 'https://demo.velocitypayment.com/client/rad/index.html' successfully

2024-10-17 14:27:20 - [MESSAGE][PASSED] - Navigate to 'https://demo.velocitypayment.com/client/rad/index.html' successfully

2024-10-17 14:27:20 - [TEST_STEP][PASSED] - orPath_Landing = "Object Repository/RAD_Pages/Landing_Page": null

2024-10-17 14:27:20 - [TEST_STEP][PASSED] - orPath_TaxTypeFilingYear = "Object Repository/RAD_Pages/TaxTypeFilingYear_Page": null

2024-10-17 14:27:20 - [TEST_STEP][PASSED] - orPath_TaxPayer = "Object Repository/RAD_Pages/Taxpayer_Page": null

2024-10-17 14:27:20 - [TEST_STEP][PASSED] - orPath_AddressContact = "Object Repository/RAD_Pages/AddressAndContactInfo_Page": null

2024-10-17 14:27:20 - [TEST_STEP][PASSED] - orPath_FilingStatus = "Object Repository/RAD_Pages/FilingStatus_Page": null

2024-10-17 14:27:20 - [TEST_STEP][PASSED] - orPath_Amount = "Object Repository/RAD_Pages/PaymentAmount_Page": null

2024-10-17 14:27:20 - [TEST_STEP][PASSED] - orPath_TaxInfo = "Object Repository/RAD_Pages/TaxInfo_Page": null

2024-10-17 14:27:20 - [TEST_STEP][PASSED] - orPath_Withholding = "Object Repository/RAD_Pages/Withholding_Page": null

2024-10-17 14:27:20 - [TEST_STEP][PASSED] - orPath_Summary = "Object Repository/RAD_Pages/Summary_Page": null

2024-10-17 14:27:20 - [TEST_STEP][PASSED] - orPath_PaymentReady = "Object Repository/RAD_Pages/PaymentReady_Page": null

2024-10-17 14:27:20 - [TEST_STEP][PASSED] - orPath_PaymentEntry = "Object Repository/RAD_Pages/PaymentEntry_Page": null

2024-10-17 14:27:20 - [TEST_STEP][PASSED] - orPath_PaymentConfirmation = "Object Repository/RAD_Pages/PaymentConfirmation_Page": null

2024-10-17 14:27:20 - [TEST_STEP][PASSED] - orPath_ServiceFeesAccept = "Object Repository/RAD_Pages/ServiceFeeAccept_Page": null

2024-10-17 14:27:20 - [TEST_STEP][PASSED] - selectOptionByLabel(findTestObject(orPath_Landing + "/dd_TaxType"), Paymenttype, false): All options with label 'Existing Liability with Notice/Invoice Number' are selected in object 'Object Repository/RAD_Pages/Landing_Page/dd_TaxType' 

2024-10-17 14:27:21 - [MESSAGE][PASSED] - All options with label 'Existing Liability with Notice/Invoice Number' are selected in object 'Object Repository/RAD_Pages/Landing_Page/dd_TaxType' 

2024-10-17 14:27:21 - [TEST_STEP][PASSED] - delay(1): Delayed 1 second(s)

2024-10-17 14:27:22 - [MESSAGE][PASSED] - Delayed 1 second(s)

2024-10-17 14:27:22 - [TEST_STEP][PASSED] - switch (Paymenttype): null

2024-10-17 14:27:22 - [TEST_STEP][PASSED] - case "Existing Liability with Notice/Invoice Number":: null

2024-10-17 14:27:22 - [TEST_STEP][PASSED] - selectOptionByLabel(findTestObject(orPath_TaxTypeFilingYear + "/select_TaxType_ExistingLiability"), Taxtype, false): All options with label 'Sales & Use Tax' are selected in object 'Object Repository/RAD_Pages/TaxTypeFilingYear_Page/select_TaxType_ExistingLiability' 

2024-10-17 14:27:22 - [MESSAGE][PASSED] - All options with label 'Sales & Use Tax' are selected in object 'Object Repository/RAD_Pages/TaxTypeFilingYear_Page/select_TaxType_ExistingLiability' 

2024-10-17 14:27:22 - [TEST_STEP][PASSED] - break: null

2024-10-17 14:27:22 - [TEST_STEP][PASSED] - delay(1): Delayed 1 second(s)

2024-10-17 14:27:23 - [MESSAGE][PASSED] - Delayed 1 second(s)

2024-10-17 14:27:23 - [TEST_STEP][PASSED] - switch (Paymenttype): null

2024-10-17 14:27:23 - [TEST_STEP][PASSED] - case "Existing Liability with Notice/Invoice Number":: null

2024-10-17 14:27:23 - [TEST_STEP][PASSED] - if (feinSsn.equalsIgnoreCase("Y")): null

2024-10-17 14:27:23 - [TEST_STEP][PASSED] - else: Text ****** has been set on object 'Object Repository/RAD_RecordAndPlay/input_Existing_RetypeFEIN'

2024-10-17 14:27:23 - [TEST_STEP][PASSED] - setEncryptedText(findTestObject("Object Repository/RAD_RecordAndPlay/input_Existing_FEIN"), "iGDxf8hSRT4="): Text ****** has been set on object 'Object Repository/RAD_RecordAndPlay/input_Existing_FEIN'

2024-10-17 14:27:24 - [MESSAGE][PASSED] - Text ****** has been set on object 'Object Repository/RAD_RecordAndPlay/input_Existing_FEIN'

2024-10-17 14:27:24 - [TEST_STEP][PASSED] - setEncryptedText(findTestObject("Object Repository/RAD_RecordAndPlay/input_Existing_RetypeFEIN"), ""): Text ****** has been set on object 'Object Repository/RAD_RecordAndPlay/input_Existing_RetypeFEIN'

2024-10-17 14:27:24 - [MESSAGE][PASSED] - Text ****** has been set on object 'Object Repository/RAD_RecordAndPlay/input_Existing_RetypeFEIN'

2024-10-17 14:27:24 - [TEST_STEP][PASSED] - break: null

2024-10-17 14:27:24 - [TEST_STEP][PASSED] - if (feinSsn.equalsIgnoreCase("Y")): null

2024-10-17 14:27:24 - [TEST_STEP][PASSED] - else: null

2024-10-17 14:27:24 - [TEST_STEP][PASSED] - if (verifyTextPresent("Please enter a valid FEIN with 9 digits.", true)): null

2024-10-17 14:27:25 - [MESSAGE][PASSED] - Text 'Please enter a valid FEIN with 9 digits.' is present on page  using regular expression

2024-10-17 14:27:25 - [TEST_STEP][PASSED] - println("Error Message is present on the page"): null

2024-10-17 14:27:25 - [TEST_STEP][PASSED] - out.println("Pass Record Number: " + row): null

2024-10-17 14:27:25 - [TEST_STEP][PASSED] - resText = "Pass": null

2024-10-17 14:27:25 - [TEST_STEP][PASSED] - pages.WriteExcel.demoKey(resText, datText, resColumn, datCloumn, fileLoc, nameSheet, row): pages.WriteExcel.demoKey is PASSED

2024-10-17 14:27:25 - [MESSAGE][PASSED] - pages.WriteExcel.demoKey is PASSED

2024-10-17 14:27:25 - [TEST_STEP][PASSED] - ExecuteTC = findTestData(dataFile).getValue("Execute", row): null

2024-10-17 14:27:25 - [TEST_STEP][PASSED] - Taxtype = findTestData(dataFile).getValue("TaxType", row): null

2024-10-17 14:27:25 - [TEST_STEP][PASSED] - Paymenttype = findTestData(dataFile).getValue("PaymentType", row): null

2024-10-17 14:27:25 - [TEST_STEP][PASSED] - feinSsn = findTestData(dataFile).getValue("FEINSSN", row): null

2024-10-17 14:27:25 - [TEST_STEP][PASSED] - out.println("Value of Execute is : " + ExecuteTC): null

2024-10-17 14:27:25 - [TEST_STEP][PASSED] - if (ExecuteTC.equalsIgnoreCase("Y")): null

2024-10-17 14:27:25 - [TEST_STEP][PASSED] - out.println("Begin Record Number: " + row): null

2024-10-17 14:27:25 - [TEST_STEP][PASSED] - today = new java.util.Date(): null

2024-10-17 14:27:25 - [TEST_STEP][PASSED] - println(today): null

2024-10-17 14:27:25 - [TEST_STEP][PASSED] - datText = today: null

2024-10-17 14:27:25 - [TEST_STEP][PASSED] - Taxtype = findTestData(dataFile).getValue("TaxType", row): null

2024-10-17 14:27:25 - [TEST_STEP][PASSED] - out.println("Taxtype value is : " + Taxtype): null

2024-10-17 14:27:25 - [TEST_STEP][PASSED] - openBrowser(""): Browser is opened with url: ''

2024-10-17 14:27:25 - [MESSAGE][WARNING] - A browser is already opened. Closing browser and opening a new one

2024-10-17 14:27:27 - [MESSAGE][INFO] - Starting 'Chrome' driver

2024-10-17 14:27:27 - [MESSAGE][INFO] - User set preference: ['acceptInsecureCerts', 'true']

2024-10-17 14:27:27 - [MESSAGE][INFO] - Action delay is set to 0 milliseconds

2024-10-17 14:27:28 - [MESSAGE][PASSED] - Browser is opened with url: ''

2024-10-17 14:27:28 - [TEST_STEP][PASSED] - maximizeWindow(): Current window maximized

2024-10-17 14:27:29 - [MESSAGE][PASSED] - Current window maximized

2024-10-17 14:27:29 - [TEST_STEP][PASSED] - navigateToUrl(RADurl): Navigate to 'https://demo.velocitypayment.com/client/rad/index.html' successfully

2024-10-17 14:27:29 - [MESSAGE][PASSED] - Navigate to 'https://demo.velocitypayment.com/client/rad/index.html' successfully

2024-10-17 14:27:29 - [TEST_STEP][PASSED] - orPath_Landing = "Object Repository/RAD_Pages/Landing_Page": null

2024-10-17 14:27:29 - [TEST_STEP][PASSED] - orPath_TaxTypeFilingYear = "Object Repository/RAD_Pages/TaxTypeFilingYear_Page": null

2024-10-17 14:27:29 - [TEST_STEP][PASSED] - orPath_TaxPayer = "Object Repository/RAD_Pages/Taxpayer_Page": null

2024-10-17 14:27:29 - [TEST_STEP][PASSED] - orPath_AddressContact = "Object Repository/RAD_Pages/AddressAndContactInfo_Page": null

2024-10-17 14:27:29 - [TEST_STEP][PASSED] - orPath_FilingStatus = "Object Repository/RAD_Pages/FilingStatus_Page": null

2024-10-17 14:27:29 - [TEST_STEP][PASSED] - orPath_Amount = "Object Repository/RAD_Pages/PaymentAmount_Page": null

2024-10-17 14:27:29 - [TEST_STEP][PASSED] - orPath_TaxInfo = "Object Repository/RAD_Pages/TaxInfo_Page": null

2024-10-17 14:27:29 - [TEST_STEP][PASSED] - orPath_Withholding = "Object Repository/RAD_Pages/Withholding_Page": null

2024-10-17 14:27:29 - [TEST_STEP][PASSED] - orPath_Summary = "Object Repository/RAD_Pages/Summary_Page": null

2024-10-17 14:27:29 - [TEST_STEP][PASSED] - orPath_PaymentReady = "Object Repository/RAD_Pages/PaymentReady_Page": null

2024-10-17 14:27:29 - [TEST_STEP][PASSED] - orPath_PaymentEntry = "Object Repository/RAD_Pages/PaymentEntry_Page": null

2024-10-17 14:27:29 - [TEST_STEP][PASSED] - orPath_PaymentConfirmation = "Object Repository/RAD_Pages/PaymentConfirmation_Page": null

2024-10-17 14:27:29 - [TEST_STEP][PASSED] - orPath_ServiceFeesAccept = "Object Repository/RAD_Pages/ServiceFeeAccept_Page": null

2024-10-17 14:27:29 - [TEST_STEP][PASSED] - selectOptionByLabel(findTestObject(orPath_Landing + "/dd_TaxType"), Paymenttype, false): All options with label 'Existing Liability with Notice/Invoice Number' are selected in object 'Object Repository/RAD_Pages/Landing_Page/dd_TaxType' 

2024-10-17 14:27:31 - [MESSAGE][PASSED] - All options with label 'Existing Liability with Notice/Invoice Number' are selected in object 'Object Repository/RAD_Pages/Landing_Page/dd_TaxType' 

2024-10-17 14:27:31 - [TEST_STEP][PASSED] - delay(1): Delayed 1 second(s)

2024-10-17 14:27:32 - [MESSAGE][PASSED] - Delayed 1 second(s)

2024-10-17 14:27:32 - [TEST_STEP][PASSED] - switch (Paymenttype): null

2024-10-17 14:27:32 - [TEST_STEP][PASSED] - case "Existing Liability with Notice/Invoice Number":: null

2024-10-17 14:27:32 - [TEST_STEP][PASSED] - selectOptionByLabel(findTestObject(orPath_TaxTypeFilingYear + "/select_TaxType_ExistingLiability"), Taxtype, false): All options with label 'Tire Recycling Fee' are selected in object 'Object Repository/RAD_Pages/TaxTypeFilingYear_Page/select_TaxType_ExistingLiability' 

2024-10-17 14:27:33 - [MESSAGE][PASSED] - All options with label 'Tire Recycling Fee' are selected in object 'Object Repository/RAD_Pages/TaxTypeFilingYear_Page/select_TaxType_ExistingLiability' 

2024-10-17 14:27:33 - [TEST_STEP][PASSED] - break: null

2024-10-17 14:27:33 - [TEST_STEP][PASSED] - delay(1): Delayed 1 second(s)

2024-10-17 14:27:34 - [MESSAGE][PASSED] - Delayed 1 second(s)

2024-10-17 14:27:34 - [TEST_STEP][PASSED] - switch (Paymenttype): null

2024-10-17 14:27:34 - [TEST_STEP][PASSED] - case "Existing Liability with Notice/Invoice Number":: null

2024-10-17 14:27:34 - [TEST_STEP][PASSED] - if (feinSsn.equalsIgnoreCase("Y")): null

2024-10-17 14:27:34 - [TEST_STEP][PASSED] - else: Text ****** has been set on object 'Object Repository/RAD_RecordAndPlay/input_Existing_RetypeFEIN'

2024-10-17 14:27:34 - [TEST_STEP][PASSED] - setEncryptedText(findTestObject("Object Repository/RAD_RecordAndPlay/input_Existing_FEIN"), "iGDxf8hSRT4="): Text ****** has been set on object 'Object Repository/RAD_RecordAndPlay/input_Existing_FEIN'

2024-10-17 14:27:34 - [MESSAGE][PASSED] - Text ****** has been set on object 'Object Repository/RAD_RecordAndPlay/input_Existing_FEIN'

2024-10-17 14:27:34 - [TEST_STEP][PASSED] - setEncryptedText(findTestObject("Object Repository/RAD_RecordAndPlay/input_Existing_RetypeFEIN"), ""): Text ****** has been set on object 'Object Repository/RAD_RecordAndPlay/input_Existing_RetypeFEIN'

2024-10-17 14:27:35 - [MESSAGE][PASSED] - Text ****** has been set on object 'Object Repository/RAD_RecordAndPlay/input_Existing_RetypeFEIN'

2024-10-17 14:27:35 - [TEST_STEP][PASSED] - break: null

2024-10-17 14:27:35 - [TEST_STEP][PASSED] - if (feinSsn.equalsIgnoreCase("Y")): null

2024-10-17 14:27:35 - [TEST_STEP][PASSED] - else: null

2024-10-17 14:27:35 - [TEST_STEP][PASSED] - if (verifyTextPresent("Please enter a valid FEIN with 9 digits.", true)): null

2024-10-17 14:27:35 - [MESSAGE][PASSED] - Text 'Please enter a valid FEIN with 9 digits.' is present on page  using regular expression

2024-10-17 14:27:35 - [TEST_STEP][PASSED] - println("Error Message is present on the page"): null

2024-10-17 14:27:35 - [TEST_STEP][PASSED] - out.println("Pass Record Number: " + row): null

2024-10-17 14:27:35 - [TEST_STEP][PASSED] - resText = "Pass": null

2024-10-17 14:27:35 - [TEST_STEP][PASSED] - pages.WriteExcel.demoKey(resText, datText, resColumn, datCloumn, fileLoc, nameSheet, row): pages.WriteExcel.demoKey is PASSED

2024-10-17 14:27:35 - [MESSAGE][PASSED] - pages.WriteExcel.demoKey is PASSED

2024-10-17 14:27:35 - [TEST_STEP][PASSED] - ExecuteTC = findTestData(dataFile).getValue("Execute", row): null

2024-10-17 14:27:36 - [TEST_STEP][PASSED] - Taxtype = findTestData(dataFile).getValue("TaxType", row): null

2024-10-17 14:27:36 - [TEST_STEP][PASSED] - Paymenttype = findTestData(dataFile).getValue("PaymentType", row): null

2024-10-17 14:27:36 - [TEST_STEP][PASSED] - feinSsn = findTestData(dataFile).getValue("FEINSSN", row): null

2024-10-17 14:27:36 - [TEST_STEP][PASSED] - out.println("Value of Execute is : " + ExecuteTC): null

2024-10-17 14:27:36 - [TEST_STEP][PASSED] - if (ExecuteTC.equalsIgnoreCase("Y")): null

2024-10-17 14:27:36 - [TEST_STEP][PASSED] - out.println("Begin Record Number: " + row): null

2024-10-17 14:27:36 - [TEST_STEP][PASSED] - today = new java.util.Date(): null

2024-10-17 14:27:36 - [TEST_STEP][PASSED] - println(today): null

2024-10-17 14:27:36 - [TEST_STEP][PASSED] - datText = today: null

2024-10-17 14:27:36 - [TEST_STEP][PASSED] - Taxtype = findTestData(dataFile).getValue("TaxType", row): null

2024-10-17 14:27:36 - [TEST_STEP][PASSED] - out.println("Taxtype value is : " + Taxtype): null

2024-10-17 14:27:36 - [TEST_STEP][PASSED] - openBrowser(""): Browser is opened with url: ''

2024-10-17 14:27:36 - [MESSAGE][WARNING] - A browser is already opened. Closing browser and opening a new one

2024-10-17 14:27:37 - [MESSAGE][INFO] - Starting 'Chrome' driver

2024-10-17 14:27:37 - [MESSAGE][INFO] - User set preference: ['acceptInsecureCerts', 'true']

2024-10-17 14:27:37 - [MESSAGE][INFO] - Action delay is set to 0 milliseconds

2024-10-17 14:27:39 - [MESSAGE][PASSED] - Browser is opened with url: ''

2024-10-17 14:27:39 - [TEST_STEP][PASSED] - maximizeWindow(): Current window maximized

2024-10-17 14:27:39 - [MESSAGE][PASSED] - Current window maximized

2024-10-17 14:27:39 - [TEST_STEP][PASSED] - navigateToUrl(RADurl): Navigate to 'https://demo.velocitypayment.com/client/rad/index.html' successfully

2024-10-17 14:27:41 - [MESSAGE][PASSED] - Navigate to 'https://demo.velocitypayment.com/client/rad/index.html' successfully

2024-10-17 14:27:41 - [TEST_STEP][PASSED] - orPath_Landing = "Object Repository/RAD_Pages/Landing_Page": null

2024-10-17 14:27:41 - [TEST_STEP][PASSED] - orPath_TaxTypeFilingYear = "Object Repository/RAD_Pages/TaxTypeFilingYear_Page": null

2024-10-17 14:27:41 - [TEST_STEP][PASSED] - orPath_TaxPayer = "Object Repository/RAD_Pages/Taxpayer_Page": null

2024-10-17 14:27:41 - [TEST_STEP][PASSED] - orPath_AddressContact = "Object Repository/RAD_Pages/AddressAndContactInfo_Page": null

2024-10-17 14:27:41 - [TEST_STEP][PASSED] - orPath_FilingStatus = "Object Repository/RAD_Pages/FilingStatus_Page": null

2024-10-17 14:27:41 - [TEST_STEP][PASSED] - orPath_Amount = "Object Repository/RAD_Pages/PaymentAmount_Page": null

2024-10-17 14:27:41 - [TEST_STEP][PASSED] - orPath_TaxInfo = "Object Repository/RAD_Pages/TaxInfo_Page": null

2024-10-17 14:27:41 - [TEST_STEP][PASSED] - orPath_Withholding = "Object Repository/RAD_Pages/Withholding_Page": null

2024-10-17 14:27:41 - [TEST_STEP][PASSED] - orPath_Summary = "Object Repository/RAD_Pages/Summary_Page": null

2024-10-17 14:27:41 - [TEST_STEP][PASSED] - orPath_PaymentReady = "Object Repository/RAD_Pages/PaymentReady_Page": null

2024-10-17 14:27:41 - [TEST_STEP][PASSED] - orPath_PaymentEntry = "Object Repository/RAD_Pages/PaymentEntry_Page": null

2024-10-17 14:27:41 - [TEST_STEP][PASSED] - orPath_PaymentConfirmation = "Object Repository/RAD_Pages/PaymentConfirmation_Page": null

2024-10-17 14:27:41 - [TEST_STEP][PASSED] - orPath_ServiceFeesAccept = "Object Repository/RAD_Pages/ServiceFeeAccept_Page": null

2024-10-17 14:27:41 - [TEST_STEP][PASSED] - selectOptionByLabel(findTestObject(orPath_Landing + "/dd_TaxType"), Paymenttype, false): All options with label 'Existing Liability with Notice/Invoice Number' are selected in object 'Object Repository/RAD_Pages/Landing_Page/dd_TaxType' 

2024-10-17 14:27:42 - [MESSAGE][PASSED] - All options with label 'Existing Liability with Notice/Invoice Number' are selected in object 'Object Repository/RAD_Pages/Landing_Page/dd_TaxType' 

2024-10-17 14:27:42 - [TEST_STEP][PASSED] - delay(1): Delayed 1 second(s)

2024-10-17 14:27:43 - [MESSAGE][PASSED] - Delayed 1 second(s)

2024-10-17 14:27:43 - [TEST_STEP][PASSED] - switch (Paymenttype): null

2024-10-17 14:27:43 - [TEST_STEP][PASSED] - case "Existing Liability with Notice/Invoice Number":: null

2024-10-17 14:27:43 - [TEST_STEP][PASSED] - selectOptionByLabel(findTestObject(orPath_TaxTypeFilingYear + "/select_TaxType_ExistingLiability"), Taxtype, false): All options with label 'Withholding Tax' are selected in object 'Object Repository/RAD_Pages/TaxTypeFilingYear_Page/select_TaxType_ExistingLiability' 

2024-10-17 14:27:43 - [MESSAGE][PASSED] - All options with label 'Withholding Tax' are selected in object 'Object Repository/RAD_Pages/TaxTypeFilingYear_Page/select_TaxType_ExistingLiability' 

2024-10-17 14:27:43 - [TEST_STEP][PASSED] - break: null

2024-10-17 14:27:43 - [TEST_STEP][PASSED] - delay(1): Delayed 1 second(s)

2024-10-17 14:27:44 - [MESSAGE][PASSED] - Delayed 1 second(s)

2024-10-17 14:27:44 - [TEST_STEP][PASSED] - switch (Paymenttype): null

2024-10-17 14:27:44 - [TEST_STEP][PASSED] - case "Existing Liability with Notice/Invoice Number":: null

2024-10-17 14:27:44 - [TEST_STEP][PASSED] - if (feinSsn.equalsIgnoreCase("Y")): null

2024-10-17 14:27:44 - [TEST_STEP][PASSED] - else: Text ****** has been set on object 'Object Repository/RAD_RecordAndPlay/input_Existing_RetypeFEIN'

2024-10-17 14:27:44 - [TEST_STEP][PASSED] - setEncryptedText(findTestObject("Object Repository/RAD_RecordAndPlay/input_Existing_FEIN"), "iGDxf8hSRT4="): Text ****** has been set on object 'Object Repository/RAD_RecordAndPlay/input_Existing_FEIN'

2024-10-17 14:27:45 - [MESSAGE][PASSED] - Text ****** has been set on object 'Object Repository/RAD_RecordAndPlay/input_Existing_FEIN'

2024-10-17 14:27:45 - [TEST_STEP][PASSED] - setEncryptedText(findTestObject("Object Repository/RAD_RecordAndPlay/input_Existing_RetypeFEIN"), ""): Text ****** has been set on object 'Object Repository/RAD_RecordAndPlay/input_Existing_RetypeFEIN'

2024-10-17 14:27:45 - [MESSAGE][PASSED] - Text ****** has been set on object 'Object Repository/RAD_RecordAndPlay/input_Existing_RetypeFEIN'

2024-10-17 14:27:45 - [TEST_STEP][PASSED] - break: null

2024-10-17 14:27:45 - [TEST_STEP][PASSED] - if (feinSsn.equalsIgnoreCase("Y")): null

2024-10-17 14:27:45 - [TEST_STEP][PASSED] - else: null

2024-10-17 14:27:45 - [TEST_STEP][PASSED] - if (verifyTextPresent("Please enter a valid FEIN with 9 digits.", true)): null

2024-10-17 14:27:46 - [MESSAGE][PASSED] - Text 'Please enter a valid FEIN with 9 digits.' is present on page  using regular expression

2024-10-17 14:27:46 - [TEST_STEP][PASSED] - println("Error Message is present on the page"): null

2024-10-17 14:27:46 - [TEST_STEP][PASSED] - out.println("Pass Record Number: " + row): null

2024-10-17 14:27:46 - [TEST_STEP][PASSED] - resText = "Pass": null

2024-10-17 14:27:46 - [TEST_STEP][PASSED] - pages.WriteExcel.demoKey(resText, datText, resColumn, datCloumn, fileLoc, nameSheet, row): pages.WriteExcel.demoKey is PASSED

2024-10-17 14:27:46 - [MESSAGE][PASSED] - pages.WriteExcel.demoKey is PASSED

2024-10-17 14:27:46 - [TEST_STEP][PASSED] - ExecuteTC = findTestData(dataFile).getValue("Execute", row): null

2024-10-17 14:27:46 - [TEST_STEP][PASSED] - Taxtype = findTestData(dataFile).getValue("TaxType", row): null

2024-10-17 14:27:46 - [TEST_STEP][PASSED] - Paymenttype = findTestData(dataFile).getValue("PaymentType", row): null

2024-10-17 14:27:46 - [TEST_STEP][PASSED] - feinSsn = findTestData(dataFile).getValue("FEINSSN", row): null

2024-10-17 14:27:46 - [TEST_STEP][PASSED] - out.println("Value of Execute is : " + ExecuteTC): null

2024-10-17 14:27:46 - [TEST_STEP][PASSED] - if (ExecuteTC.equalsIgnoreCase("Y")): null

2024-10-17 14:27:46 - [TEST_STEP][PASSED] - out.println("Begin Record Number: " + row): null

2024-10-17 14:27:46 - [TEST_STEP][PASSED] - today = new java.util.Date(): null

2024-10-17 14:27:46 - [TEST_STEP][PASSED] - println(today): null

2024-10-17 14:27:46 - [TEST_STEP][PASSED] - datText = today: null

2024-10-17 14:27:46 - [TEST_STEP][PASSED] - Taxtype = findTestData(dataFile).getValue("TaxType", row): null

2024-10-17 14:27:46 - [TEST_STEP][PASSED] - out.println("Taxtype value is : " + Taxtype): null

2024-10-17 14:27:46 - [TEST_STEP][PASSED] - openBrowser(""): Browser is opened with url: ''

2024-10-17 14:27:46 - [MESSAGE][WARNING] - A browser is already opened. Closing browser and opening a new one

2024-10-17 14:27:48 - [MESSAGE][INFO] - Starting 'Chrome' driver

2024-10-17 14:27:48 - [MESSAGE][INFO] - User set preference: ['acceptInsecureCerts', 'true']

2024-10-17 14:27:48 - [MESSAGE][INFO] - Action delay is set to 0 milliseconds

2024-10-17 14:27:50 - [MESSAGE][PASSED] - Browser is opened with url: ''

2024-10-17 14:27:50 - [TEST_STEP][PASSED] - maximizeWindow(): Current window maximized

2024-10-17 14:27:50 - [MESSAGE][PASSED] - Current window maximized

2024-10-17 14:27:50 - [TEST_STEP][PASSED] - navigateToUrl(RADurl): Navigate to 'https://demo.velocitypayment.com/client/rad/index.html' successfully

2024-10-17 14:27:52 - [MESSAGE][PASSED] - Navigate to 'https://demo.velocitypayment.com/client/rad/index.html' successfully

2024-10-17 14:27:52 - [TEST_STEP][PASSED] - orPath_Landing = "Object Repository/RAD_Pages/Landing_Page": null

2024-10-17 14:27:52 - [TEST_STEP][PASSED] - orPath_TaxTypeFilingYear = "Object Repository/RAD_Pages/TaxTypeFilingYear_Page": null

2024-10-17 14:27:52 - [TEST_STEP][PASSED] - orPath_TaxPayer = "Object Repository/RAD_Pages/Taxpayer_Page": null

2024-10-17 14:27:52 - [TEST_STEP][PASSED] - orPath_AddressContact = "Object Repository/RAD_Pages/AddressAndContactInfo_Page": null

2024-10-17 14:27:52 - [TEST_STEP][PASSED] - orPath_FilingStatus = "Object Repository/RAD_Pages/FilingStatus_Page": null

2024-10-17 14:27:52 - [TEST_STEP][PASSED] - orPath_Amount = "Object Repository/RAD_Pages/PaymentAmount_Page": null

2024-10-17 14:27:52 - [TEST_STEP][PASSED] - orPath_TaxInfo = "Object Repository/RAD_Pages/TaxInfo_Page": null

2024-10-17 14:27:52 - [TEST_STEP][PASSED] - orPath_Withholding = "Object Repository/RAD_Pages/Withholding_Page": null

2024-10-17 14:27:52 - [TEST_STEP][PASSED] - orPath_Summary = "Object Repository/RAD_Pages/Summary_Page": null

2024-10-17 14:27:52 - [TEST_STEP][PASSED] - orPath_PaymentReady = "Object Repository/RAD_Pages/PaymentReady_Page": null

2024-10-17 14:27:52 - [TEST_STEP][PASSED] - orPath_PaymentEntry = "Object Repository/RAD_Pages/PaymentEntry_Page": null

2024-10-17 14:27:52 - [TEST_STEP][PASSED] - orPath_PaymentConfirmation = "Object Repository/RAD_Pages/PaymentConfirmation_Page": null

2024-10-17 14:27:52 - [TEST_STEP][PASSED] - orPath_ServiceFeesAccept = "Object Repository/RAD_Pages/ServiceFeeAccept_Page": null

2024-10-17 14:27:52 - [TEST_STEP][PASSED] - selectOptionByLabel(findTestObject(orPath_Landing + "/dd_TaxType"), Paymenttype, false): All options with label 'Existing Liability with Notice/Invoice Number' are selected in object 'Object Repository/RAD_Pages/Landing_Page/dd_TaxType' 

2024-10-17 14:27:52 - [MESSAGE][PASSED] - All options with label 'Existing Liability with Notice/Invoice Number' are selected in object 'Object Repository/RAD_Pages/Landing_Page/dd_TaxType' 

2024-10-17 14:27:52 - [TEST_STEP][PASSED] - delay(1): Delayed 1 second(s)

2024-10-17 14:27:53 - [MESSAGE][PASSED] - Delayed 1 second(s)

2024-10-17 14:27:53 - [TEST_STEP][PASSED] - switch (Paymenttype): null

2024-10-17 14:27:53 - [TEST_STEP][PASSED] - case "Existing Liability with Notice/Invoice Number":: null

2024-10-17 14:27:53 - [TEST_STEP][PASSED] - selectOptionByLabel(findTestObject(orPath_TaxTypeFilingYear + "/select_TaxType_ExistingLiability"), Taxtype, false): All options with label 'Alcohol Tax' are selected in object 'Object Repository/RAD_Pages/TaxTypeFilingYear_Page/select_TaxType_ExistingLiability' 

2024-10-17 14:27:54 - [MESSAGE][PASSED] - All options with label 'Alcohol Tax' are selected in object 'Object Repository/RAD_Pages/TaxTypeFilingYear_Page/select_TaxType_ExistingLiability' 

2024-10-17 14:27:54 - [TEST_STEP][PASSED] - break: null

2024-10-17 14:27:54 - [TEST_STEP][PASSED] - delay(1): Delayed 1 second(s)

2024-10-17 14:27:55 - [MESSAGE][PASSED] - Delayed 1 second(s)

2024-10-17 14:27:55 - [TEST_STEP][PASSED] - switch (Paymenttype): null

2024-10-17 14:27:55 - [TEST_STEP][PASSED] - case "Existing Liability with Notice/Invoice Number":: null

2024-10-17 14:27:55 - [TEST_STEP][PASSED] - if (feinSsn.equalsIgnoreCase("Y")): null

2024-10-17 14:27:55 - [TEST_STEP][PASSED] - else: Text ****** has been set on object 'Object Repository/RAD_RecordAndPlay/input_Existing_RetypeFEIN'

2024-10-17 14:27:55 - [TEST_STEP][PASSED] - setEncryptedText(findTestObject("Object Repository/RAD_RecordAndPlay/input_Existing_FEIN"), "iGDxf8hSRT4="): Text ****** has been set on object 'Object Repository/RAD_RecordAndPlay/input_Existing_FEIN'

2024-10-17 14:27:56 - [MESSAGE][PASSED] - Text ****** has been set on object 'Object Repository/RAD_RecordAndPlay/input_Existing_FEIN'

2024-10-17 14:27:56 - [TEST_STEP][PASSED] - setEncryptedText(findTestObject("Object Repository/RAD_RecordAndPlay/input_Existing_RetypeFEIN"), ""): Text ****** has been set on object 'Object Repository/RAD_RecordAndPlay/input_Existing_RetypeFEIN'

2024-10-17 14:27:56 - [MESSAGE][PASSED] - Text ****** has been set on object 'Object Repository/RAD_RecordAndPlay/input_Existing_RetypeFEIN'

2024-10-17 14:27:56 - [TEST_STEP][PASSED] - break: null

2024-10-17 14:27:56 - [TEST_STEP][PASSED] - if (feinSsn.equalsIgnoreCase("Y")): null

2024-10-17 14:27:56 - [TEST_STEP][PASSED] - else: null

2024-10-17 14:27:56 - [TEST_STEP][PASSED] - if (verifyTextPresent("Please enter a valid FEIN with 9 digits.", true)): null

2024-10-17 14:27:57 - [MESSAGE][PASSED] - Text 'Please enter a valid FEIN with 9 digits.' is present on page  using regular expression

2024-10-17 14:27:57 - [TEST_STEP][PASSED] - println("Error Message is present on the page"): null

2024-10-17 14:27:57 - [TEST_STEP][PASSED] - out.println("Pass Record Number: " + row): null

2024-10-17 14:27:57 - [TEST_STEP][PASSED] - resText = "Pass": null

2024-10-17 14:27:57 - [TEST_STEP][PASSED] - pages.WriteExcel.demoKey(resText, datText, resColumn, datCloumn, fileLoc, nameSheet, row): pages.WriteExcel.demoKey is PASSED

2024-10-17 14:27:57 - [MESSAGE][PASSED] - pages.WriteExcel.demoKey is PASSED

2024-10-17 14:27:57 - [TEST_STEP][PASSED] - ExecuteTC = findTestData(dataFile).getValue("Execute", row): null

2024-10-17 14:27:57 - [TEST_STEP][PASSED] - Taxtype = findTestData(dataFile).getValue("TaxType", row): null

2024-10-17 14:27:57 - [TEST_STEP][PASSED] - Paymenttype = findTestData(dataFile).getValue("PaymentType", row): null

2024-10-17 14:27:57 - [TEST_STEP][PASSED] - feinSsn = findTestData(dataFile).getValue("FEINSSN", row): null

2024-10-17 14:27:57 - [TEST_STEP][PASSED] - out.println("Value of Execute is : " + ExecuteTC): null

2024-10-17 14:27:57 - [TEST_STEP][PASSED] - if (ExecuteTC.equalsIgnoreCase("Y")): null

2024-10-17 14:27:57 - [TEST_STEP][PASSED] - out.println("Begin Record Number: " + row): null

2024-10-17 14:27:57 - [TEST_STEP][PASSED] - today = new java.util.Date(): null

2024-10-17 14:27:57 - [TEST_STEP][PASSED] - println(today): null

2024-10-17 14:27:57 - [TEST_STEP][PASSED] - datText = today: null

2024-10-17 14:27:57 - [TEST_STEP][PASSED] - Taxtype = findTestData(dataFile).getValue("TaxType", row): null

2024-10-17 14:27:57 - [TEST_STEP][PASSED] - out.println("Taxtype value is : " + Taxtype): null

2024-10-17 14:27:57 - [TEST_STEP][PASSED] - openBrowser(""): Browser is opened with url: ''

2024-10-17 14:27:57 - [MESSAGE][WARNING] - A browser is already opened. Closing browser and opening a new one

2024-10-17 14:27:59 - [MESSAGE][INFO] - Starting 'Chrome' driver

2024-10-17 14:27:59 - [MESSAGE][INFO] - User set preference: ['acceptInsecureCerts', 'true']

2024-10-17 14:27:59 - [MESSAGE][INFO] - Action delay is set to 0 milliseconds

2024-10-17 14:28:01 - [MESSAGE][PASSED] - Browser is opened with url: ''

2024-10-17 14:28:01 - [TEST_STEP][PASSED] - maximizeWindow(): Current window maximized

2024-10-17 14:28:01 - [MESSAGE][PASSED] - Current window maximized

2024-10-17 14:28:01 - [TEST_STEP][PASSED] - navigateToUrl(RADurl): Navigate to 'https://demo.velocitypayment.com/client/rad/index.html' successfully

2024-10-17 14:28:01 - [MESSAGE][PASSED] - Navigate to 'https://demo.velocitypayment.com/client/rad/index.html' successfully

2024-10-17 14:28:01 - [TEST_STEP][PASSED] - orPath_Landing = "Object Repository/RAD_Pages/Landing_Page": null

2024-10-17 14:28:01 - [TEST_STEP][PASSED] - orPath_TaxTypeFilingYear = "Object Repository/RAD_Pages/TaxTypeFilingYear_Page": null

2024-10-17 14:28:01 - [TEST_STEP][PASSED] - orPath_TaxPayer = "Object Repository/RAD_Pages/Taxpayer_Page": null

2024-10-17 14:28:01 - [TEST_STEP][PASSED] - orPath_AddressContact = "Object Repository/RAD_Pages/AddressAndContactInfo_Page": null

2024-10-17 14:28:01 - [TEST_STEP][PASSED] - orPath_FilingStatus = "Object Repository/RAD_Pages/FilingStatus_Page": null

2024-10-17 14:28:01 - [TEST_STEP][PASSED] - orPath_Amount = "Object Repository/RAD_Pages/PaymentAmount_Page": null

2024-10-17 14:28:01 - [TEST_STEP][PASSED] - orPath_TaxInfo = "Object Repository/RAD_Pages/TaxInfo_Page": null

2024-10-17 14:28:01 - [TEST_STEP][PASSED] - orPath_Withholding = "Object Repository/RAD_Pages/Withholding_Page": null

2024-10-17 14:28:01 - [TEST_STEP][PASSED] - orPath_Summary = "Object Repository/RAD_Pages/Summary_Page": null

2024-10-17 14:28:01 - [TEST_STEP][PASSED] - orPath_PaymentReady = "Object Repository/RAD_Pages/PaymentReady_Page": null

2024-10-17 14:28:01 - [TEST_STEP][PASSED] - orPath_PaymentEntry = "Object Repository/RAD_Pages/PaymentEntry_Page": null

2024-10-17 14:28:01 - [TEST_STEP][PASSED] - orPath_PaymentConfirmation = "Object Repository/RAD_Pages/PaymentConfirmation_Page": null

2024-10-17 14:28:01 - [TEST_STEP][PASSED] - orPath_ServiceFeesAccept = "Object Repository/RAD_Pages/ServiceFeeAccept_Page": null

2024-10-17 14:28:01 - [TEST_STEP][PASSED] - selectOptionByLabel(findTestObject(orPath_Landing + "/dd_TaxType"), Paymenttype, false): All options with label 'Existing Liability with Notice/Invoice Number' are selected in object 'Object Repository/RAD_Pages/Landing_Page/dd_TaxType' 

2024-10-17 14:28:03 - [MESSAGE][PASSED] - All options with label 'Existing Liability with Notice/Invoice Number' are selected in object 'Object Repository/RAD_Pages/Landing_Page/dd_TaxType' 

2024-10-17 14:28:03 - [TEST_STEP][PASSED] - delay(1): Delayed 1 second(s)

2024-10-17 14:28:04 - [MESSAGE][PASSED] - Delayed 1 second(s)

2024-10-17 14:28:04 - [TEST_STEP][PASSED] - switch (Paymenttype): null

2024-10-17 14:28:04 - [TEST_STEP][PASSED] - case "Existing Liability with Notice/Invoice Number":: null

2024-10-17 14:28:04 - [TEST_STEP][PASSED] - selectOptionByLabel(findTestObject(orPath_TaxTypeFilingYear + "/select_TaxType_ExistingLiability"), Taxtype, false): All options with label 'PTE Tax Electing Non-S Corp' are selected in object 'Object Repository/RAD_Pages/TaxTypeFilingYear_Page/select_TaxType_ExistingLiability' 

2024-10-17 14:28:05 - [MESSAGE][PASSED] - All options with label 'PTE Tax Electing Non-S Corp' are selected in object 'Object Repository/RAD_Pages/TaxTypeFilingYear_Page/select_TaxType_ExistingLiability' 

2024-10-17 14:28:05 - [TEST_STEP][PASSED] - break: null

2024-10-17 14:28:05 - [TEST_STEP][PASSED] - delay(1): Delayed 1 second(s)

2024-10-17 14:28:06 - [MESSAGE][PASSED] - Delayed 1 second(s)

2024-10-17 14:28:06 - [TEST_STEP][PASSED] - switch (Paymenttype): null

2024-10-17 14:28:06 - [TEST_STEP][PASSED] - case "Existing Liability with Notice/Invoice Number":: null

2024-10-17 14:28:06 - [TEST_STEP][PASSED] - if (feinSsn.equalsIgnoreCase("Y")): Text ****** has been set on object 'Object Repository/RAD_Pages/TaxInfo_Page/input_TaxInfo_RetypefeinSsn_Existing_New'

2024-10-17 14:28:06 - [TEST_STEP][PASSED] - setEncryptedText(findTestObject(orPath_TaxInfo + "/input_TaxInfo_feinSsn_Existing_New"), "iGDxf8hSRT4="): Text ****** has been set on object 'Object Repository/RAD_Pages/TaxInfo_Page/input_TaxInfo_feinSsn_Existing_New'

2024-10-17 14:28:07 - [MESSAGE][PASSED] - Text ****** has been set on object 'Object Repository/RAD_Pages/TaxInfo_Page/input_TaxInfo_feinSsn_Existing_New'

2024-10-17 14:28:07 - [TEST_STEP][PASSED] - setEncryptedText(findTestObject(orPath_TaxInfo + "/input_TaxInfo_RetypefeinSsn_Existing_New"), ""): Text ****** has been set on object 'Object Repository/RAD_Pages/TaxInfo_Page/input_TaxInfo_RetypefeinSsn_Existing_New'

2024-10-17 14:28:07 - [MESSAGE][PASSED] - Text ****** has been set on object 'Object Repository/RAD_Pages/TaxInfo_Page/input_TaxInfo_RetypefeinSsn_Existing_New'

2024-10-17 14:28:07 - [TEST_STEP][PASSED] - break: null

2024-10-17 14:28:07 - [TEST_STEP][PASSED] - if (feinSsn.equalsIgnoreCase("Y")): null

2024-10-17 14:28:07 - [TEST_STEP][PASSED] - if (verifyTextPresent("Please enter a valid FEIN/SSN with 9 digits", true)): null

2024-10-17 14:28:08 - [MESSAGE][PASSED] - Text 'Please enter a valid FEIN/SSN with 9 digits' is present on page  using regular expression

2024-10-17 14:28:08 - [TEST_STEP][PASSED] - println("Error Message is present on the page"): null

2024-10-17 14:28:08 - [TEST_STEP][PASSED] - out.println("Pass Record Number: " + row): null

2024-10-17 14:28:08 - [TEST_STEP][PASSED] - resText = "Pass": null

2024-10-17 14:28:08 - [TEST_STEP][PASSED] - pages.WriteExcel.demoKey(resText, datText, resColumn, datCloumn, fileLoc, nameSheet, row): pages.WriteExcel.demoKey is PASSED

2024-10-17 14:28:08 - [MESSAGE][PASSED] - pages.WriteExcel.demoKey is PASSED

2024-10-17 14:28:08 - [TEST_STEP][PASSED] - ExecuteTC = findTestData(dataFile).getValue("Execute", row): null

2024-10-17 14:28:08 - [TEST_STEP][PASSED] - Taxtype = findTestData(dataFile).getValue("TaxType", row): null

2024-10-17 14:28:08 - [TEST_STEP][PASSED] - Paymenttype = findTestData(dataFile).getValue("PaymentType", row): null

2024-10-17 14:28:08 - [TEST_STEP][PASSED] - feinSsn = findTestData(dataFile).getValue("FEINSSN", row): null

2024-10-17 14:28:08 - [TEST_STEP][PASSED] - out.println("Value of Execute is : " + ExecuteTC): null

2024-10-17 14:28:08 - [TEST_STEP][PASSED] - if (ExecuteTC.equalsIgnoreCase("Y")): null

2024-10-17 14:28:08 - [TEST_STEP][PASSED] - out.println("Begin Record Number: " + row): null

2024-10-17 14:28:08 - [TEST_STEP][PASSED] - today = new java.util.Date(): null

2024-10-17 14:28:08 - [TEST_STEP][PASSED] - println(today): null

2024-10-17 14:28:08 - [TEST_STEP][PASSED] - datText = today: null

2024-10-17 14:28:08 - [TEST_STEP][PASSED] - Taxtype = findTestData(dataFile).getValue("TaxType", row): null

2024-10-17 14:28:08 - [TEST_STEP][PASSED] - out.println("Taxtype value is : " + Taxtype): null

2024-10-17 14:28:08 - [TEST_STEP][PASSED] - openBrowser(""): Browser is opened with url: ''

2024-10-17 14:28:08 - [MESSAGE][WARNING] - A browser is already opened. Closing browser and opening a new one

2024-10-17 14:28:10 - [MESSAGE][INFO] - Starting 'Chrome' driver

2024-10-17 14:28:10 - [MESSAGE][INFO] - User set preference: ['acceptInsecureCerts', 'true']

2024-10-17 14:28:10 - [MESSAGE][INFO] - Action delay is set to 0 milliseconds

2024-10-17 14:28:12 - [MESSAGE][PASSED] - Browser is opened with url: ''

2024-10-17 14:28:12 - [TEST_STEP][PASSED] - maximizeWindow(): Current window maximized

2024-10-17 14:28:12 - [MESSAGE][PASSED] - Current window maximized

2024-10-17 14:28:12 - [TEST_STEP][PASSED] - navigateToUrl(RADurl): Navigate to 'https://demo.velocitypayment.com/client/rad/index.html' successfully

2024-10-17 14:28:14 - [MESSAGE][PASSED] - Navigate to 'https://demo.velocitypayment.com/client/rad/index.html' successfully

2024-10-17 14:28:14 - [TEST_STEP][PASSED] - orPath_Landing = "Object Repository/RAD_Pages/Landing_Page": null

2024-10-17 14:28:14 - [TEST_STEP][PASSED] - orPath_TaxTypeFilingYear = "Object Repository/RAD_Pages/TaxTypeFilingYear_Page": null

2024-10-17 14:28:14 - [TEST_STEP][PASSED] - orPath_TaxPayer = "Object Repository/RAD_Pages/Taxpayer_Page": null

2024-10-17 14:28:14 - [TEST_STEP][PASSED] - orPath_AddressContact = "Object Repository/RAD_Pages/AddressAndContactInfo_Page": null

2024-10-17 14:28:14 - [TEST_STEP][PASSED] - orPath_FilingStatus = "Object Repository/RAD_Pages/FilingStatus_Page": null

2024-10-17 14:28:14 - [TEST_STEP][PASSED] - orPath_Amount = "Object Repository/RAD_Pages/PaymentAmount_Page": null

2024-10-17 14:28:14 - [TEST_STEP][PASSED] - orPath_TaxInfo = "Object Repository/RAD_Pages/TaxInfo_Page": null

2024-10-17 14:28:14 - [TEST_STEP][PASSED] - orPath_Withholding = "Object Repository/RAD_Pages/Withholding_Page": null

2024-10-17 14:28:14 - [TEST_STEP][PASSED] - orPath_Summary = "Object Repository/RAD_Pages/Summary_Page": null

2024-10-17 14:28:14 - [TEST_STEP][PASSED] - orPath_PaymentReady = "Object Repository/RAD_Pages/PaymentReady_Page": null

2024-10-17 14:28:14 - [TEST_STEP][PASSED] - orPath_PaymentEntry = "Object Repository/RAD_Pages/PaymentEntry_Page": null

2024-10-17 14:28:14 - [TEST_STEP][PASSED] - orPath_PaymentConfirmation = "Object Repository/RAD_Pages/PaymentConfirmation_Page": null

2024-10-17 14:28:14 - [TEST_STEP][PASSED] - orPath_ServiceFeesAccept = "Object Repository/RAD_Pages/ServiceFeeAccept_Page": null

2024-10-17 14:28:14 - [TEST_STEP][PASSED] - selectOptionByLabel(findTestObject(orPath_Landing + "/dd_TaxType"), Paymenttype, false): All options with label 'Existing Liability with Notice/Invoice Number' are selected in object 'Object Repository/RAD_Pages/Landing_Page/dd_TaxType' 

2024-10-17 14:28:15 - [MESSAGE][PASSED] - All options with label 'Existing Liability with Notice/Invoice Number' are selected in object 'Object Repository/RAD_Pages/Landing_Page/dd_TaxType' 

2024-10-17 14:28:15 - [TEST_STEP][PASSED] - delay(1): Delayed 1 second(s)

2024-10-17 14:28:16 - [MESSAGE][PASSED] - Delayed 1 second(s)

2024-10-17 14:28:16 - [TEST_STEP][PASSED] - switch (Paymenttype): null

2024-10-17 14:28:16 - [TEST_STEP][PASSED] - case "Existing Liability with Notice/Invoice Number":: null

2024-10-17 14:28:16 - [TEST_STEP][PASSED] - selectOptionByLabel(findTestObject(orPath_TaxTypeFilingYear + "/select_TaxType_ExistingLiability"), Taxtype, false): All options with label 'PTE Tax Electing S Corp' are selected in object 'Object Repository/RAD_Pages/TaxTypeFilingYear_Page/select_TaxType_ExistingLiability' 

2024-10-17 14:28:16 - [MESSAGE][PASSED] - All options with label 'PTE Tax Electing S Corp' are selected in object 'Object Repository/RAD_Pages/TaxTypeFilingYear_Page/select_TaxType_ExistingLiability' 

2024-10-17 14:28:16 - [TEST_STEP][PASSED] - break: null

2024-10-17 14:28:16 - [TEST_STEP][PASSED] - delay(1): Delayed 1 second(s)

2024-10-17 14:28:17 - [MESSAGE][PASSED] - Delayed 1 second(s)

2024-10-17 14:28:17 - [TEST_STEP][PASSED] - switch (Paymenttype): null

2024-10-17 14:28:17 - [TEST_STEP][PASSED] - case "Existing Liability with Notice/Invoice Number":: null

2024-10-17 14:28:17 - [TEST_STEP][PASSED] - if (feinSsn.equalsIgnoreCase("Y")): Text ****** has been set on object 'Object Repository/RAD_Pages/TaxInfo_Page/input_TaxInfo_RetypefeinSsn_Existing_New'

2024-10-17 14:28:17 - [TEST_STEP][PASSED] - setEncryptedText(findTestObject(orPath_TaxInfo + "/input_TaxInfo_feinSsn_Existing_New"), "iGDxf8hSRT4="): Text ****** has been set on object 'Object Repository/RAD_Pages/TaxInfo_Page/input_TaxInfo_feinSsn_Existing_New'

2024-10-17 14:28:18 - [MESSAGE][PASSED] - Text ****** has been set on object 'Object Repository/RAD_Pages/TaxInfo_Page/input_TaxInfo_feinSsn_Existing_New'

2024-10-17 14:28:18 - [TEST_STEP][PASSED] - setEncryptedText(findTestObject(orPath_TaxInfo + "/input_TaxInfo_RetypefeinSsn_Existing_New"), ""): Text ****** has been set on object 'Object Repository/RAD_Pages/TaxInfo_Page/input_TaxInfo_RetypefeinSsn_Existing_New'

2024-10-17 14:28:19 - [MESSAGE][PASSED] - Text ****** has been set on object 'Object Repository/RAD_Pages/TaxInfo_Page/input_TaxInfo_RetypefeinSsn_Existing_New'

2024-10-17 14:28:19 - [TEST_STEP][PASSED] - break: null

2024-10-17 14:28:19 - [TEST_STEP][PASSED] - if (feinSsn.equalsIgnoreCase("Y")): null

2024-10-17 14:28:19 - [TEST_STEP][PASSED] - if (verifyTextPresent("Please enter a valid FEIN/SSN with 9 digits", true)): null

2024-10-17 14:28:19 - [MESSAGE][PASSED] - Text 'Please enter a valid FEIN/SSN with 9 digits' is present on page  using regular expression

2024-10-17 14:28:19 - [TEST_STEP][PASSED] - println("Error Message is present on the page"): null

2024-10-17 14:28:19 - [TEST_STEP][PASSED] - out.println("Pass Record Number: " + row): null

2024-10-17 14:28:19 - [TEST_STEP][PASSED] - resText = "Pass": null

2024-10-17 14:28:19 - [TEST_STEP][PASSED] - pages.WriteExcel.demoKey(resText, datText, resColumn, datCloumn, fileLoc, nameSheet, row): pages.WriteExcel.demoKey is PASSED

2024-10-17 14:28:19 - [MESSAGE][PASSED] - pages.WriteExcel.demoKey is PASSED

2024-10-17 14:28:19 - [TEST_STEP][PASSED] - ExecuteTC = findTestData(dataFile).getValue("Execute", row): null

2024-10-17 14:28:19 - [TEST_STEP][PASSED] - Taxtype = findTestData(dataFile).getValue("TaxType", row): null

2024-10-17 14:28:19 - [TEST_STEP][PASSED] - Paymenttype = findTestData(dataFile).getValue("PaymentType", row): null

2024-10-17 14:28:19 - [TEST_STEP][PASSED] - feinSsn = findTestData(dataFile).getValue("FEINSSN", row): null

2024-10-17 14:28:19 - [TEST_STEP][PASSED] - out.println("Value of Execute is : " + ExecuteTC): null

2024-10-17 14:28:19 - [TEST_STEP][PASSED] - if (ExecuteTC.equalsIgnoreCase("Y")): null

2024-10-17 14:28:19 - [TEST_STEP][PASSED] - out.println("Begin Record Number: " + row): null

2024-10-17 14:28:19 - [TEST_STEP][PASSED] - today = new java.util.Date(): null

2024-10-17 14:28:19 - [TEST_STEP][PASSED] - println(today): null

2024-10-17 14:28:19 - [TEST_STEP][PASSED] - datText = today: null

2024-10-17 14:28:19 - [TEST_STEP][PASSED] - Taxtype = findTestData(dataFile).getValue("TaxType", row): null

2024-10-17 14:28:19 - [TEST_STEP][PASSED] - out.println("Taxtype value is : " + Taxtype): null

2024-10-17 14:28:19 - [TEST_STEP][PASSED] - openBrowser(""): Browser is opened with url: ''

2024-10-17 14:28:19 - [MESSAGE][WARNING] - A browser is already opened. Closing browser and opening a new one

2024-10-17 14:28:21 - [MESSAGE][INFO] - Starting 'Chrome' driver

2024-10-17 14:28:21 - [MESSAGE][INFO] - User set preference: ['acceptInsecureCerts', 'true']

2024-10-17 14:28:21 - [MESSAGE][INFO] - Action delay is set to 0 milliseconds

2024-10-17 14:28:23 - [MESSAGE][PASSED] - Browser is opened with url: ''

2024-10-17 14:28:23 - [TEST_STEP][PASSED] - maximizeWindow(): Current window maximized

2024-10-17 14:28:23 - [MESSAGE][PASSED] - Current window maximized

2024-10-17 14:28:23 - [TEST_STEP][PASSED] - navigateToUrl(RADurl): Navigate to 'https://demo.velocitypayment.com/client/rad/index.html' successfully

2024-10-17 14:28:25 - [MESSAGE][PASSED] - Navigate to 'https://demo.velocitypayment.com/client/rad/index.html' successfully

2024-10-17 14:28:25 - [TEST_STEP][PASSED] - orPath_Landing = "Object Repository/RAD_Pages/Landing_Page": null

2024-10-17 14:28:25 - [TEST_STEP][PASSED] - orPath_TaxTypeFilingYear = "Object Repository/RAD_Pages/TaxTypeFilingYear_Page": null

2024-10-17 14:28:25 - [TEST_STEP][PASSED] - orPath_TaxPayer = "Object Repository/RAD_Pages/Taxpayer_Page": null

2024-10-17 14:28:25 - [TEST_STEP][PASSED] - orPath_AddressContact = "Object Repository/RAD_Pages/AddressAndContactInfo_Page": null

2024-10-17 14:28:25 - [TEST_STEP][PASSED] - orPath_FilingStatus = "Object Repository/RAD_Pages/FilingStatus_Page": null

2024-10-17 14:28:25 - [TEST_STEP][PASSED] - orPath_Amount = "Object Repository/RAD_Pages/PaymentAmount_Page": null

2024-10-17 14:28:25 - [TEST_STEP][PASSED] - orPath_TaxInfo = "Object Repository/RAD_Pages/TaxInfo_Page": null

2024-10-17 14:28:25 - [TEST_STEP][PASSED] - orPath_Withholding = "Object Repository/RAD_Pages/Withholding_Page": null

2024-10-17 14:28:25 - [TEST_STEP][PASSED] - orPath_Summary = "Object Repository/RAD_Pages/Summary_Page": null

2024-10-17 14:28:25 - [TEST_STEP][PASSED] - orPath_PaymentReady = "Object Repository/RAD_Pages/PaymentReady_Page": null

2024-10-17 14:28:25 - [TEST_STEP][PASSED] - orPath_PaymentEntry = "Object Repository/RAD_Pages/PaymentEntry_Page": null

2024-10-17 14:28:25 - [TEST_STEP][PASSED] - orPath_PaymentConfirmation = "Object Repository/RAD_Pages/PaymentConfirmation_Page": null

2024-10-17 14:28:25 - [TEST_STEP][PASSED] - orPath_ServiceFeesAccept = "Object Repository/RAD_Pages/ServiceFeeAccept_Page": null

2024-10-17 14:28:25 - [TEST_STEP][PASSED] - selectOptionByLabel(findTestObject(orPath_Landing + "/dd_TaxType"), Paymenttype, false): All options with label 'Quarterly Estimated Tax' are selected in object 'Object Repository/RAD_Pages/Landing_Page/dd_TaxType' 

2024-10-17 14:28:25 - [MESSAGE][PASSED] - All options with label 'Quarterly Estimated Tax' are selected in object 'Object Repository/RAD_Pages/Landing_Page/dd_TaxType' 

2024-10-17 14:28:25 - [TEST_STEP][PASSED] - delay(1): Delayed 1 second(s)

2024-10-17 14:28:26 - [MESSAGE][PASSED] - Delayed 1 second(s)

2024-10-17 14:28:26 - [TEST_STEP][PASSED] - switch (Paymenttype): null

2024-10-17 14:28:26 - [TEST_STEP][PASSED] - case "Quarterly Estimated Tax":: null

2024-10-17 14:28:26 - [TEST_STEP][PASSED] - selectOptionByLabel(findTestObject(orPath_TaxTypeFilingYear + "/select_PaymentType"), Taxtype, false): All options with label 'Corporate Income Tax' are selected in object 'Object Repository/RAD_Pages/TaxTypeFilingYear_Page/select_PaymentType' 

2024-10-17 14:28:27 - [MESSAGE][PASSED] - All options with label 'Corporate Income Tax' are selected in object 'Object Repository/RAD_Pages/TaxTypeFilingYear_Page/select_PaymentType' 

2024-10-17 14:28:27 - [TEST_STEP][PASSED] - break: null

2024-10-17 14:28:27 - [TEST_STEP][PASSED] - delay(1): Delayed 1 second(s)

2024-10-17 14:28:28 - [MESSAGE][PASSED] - Delayed 1 second(s)

2024-10-17 14:28:28 - [TEST_STEP][PASSED] - switch (Paymenttype): null

2024-10-17 14:28:28 - [TEST_STEP][PASSED] - case "Quarterly Estimated Tax":: null

2024-10-17 14:28:28 - [TEST_STEP][PASSED] - if (feinSsn.equalsIgnoreCase("Y")): null

2024-10-17 14:28:28 - [TEST_STEP][PASSED] - else: Text ****** has been set on object 'Object Repository/RAD_Pages/TaxInfo_Page/input_FederalEIN_ReEnter'

2024-10-17 14:28:28 - [TEST_STEP][PASSED] - setEncryptedText(findTestObject(orPath_TaxInfo + "/input_FederalEIN"), "iGDxf8hSRT4="): Text ****** has been set on object 'Object Repository/RAD_Pages/TaxInfo_Page/input_FederalEIN'

2024-10-17 14:28:29 - [MESSAGE][PASSED] - Text ****** has been set on object 'Object Repository/RAD_Pages/TaxInfo_Page/input_FederalEIN'

2024-10-17 14:28:29 - [TEST_STEP][PASSED] - setEncryptedText(findTestObject(orPath_TaxInfo + "/input_FederalEIN_ReEnter"), ""): Text ****** has been set on object 'Object Repository/RAD_Pages/TaxInfo_Page/input_FederalEIN_ReEnter'

2024-10-17 14:28:29 - [MESSAGE][PASSED] - Text ****** has been set on object 'Object Repository/RAD_Pages/TaxInfo_Page/input_FederalEIN_ReEnter'

2024-10-17 14:28:29 - [TEST_STEP][PASSED] - break: null

2024-10-17 14:28:29 - [TEST_STEP][PASSED] - if (feinSsn.equalsIgnoreCase("Y")): null

2024-10-17 14:28:29 - [TEST_STEP][PASSED] - else: null

2024-10-17 14:28:29 - [TEST_STEP][PASSED] - if (verifyTextPresent("Please enter a valid FEIN with 9 digits.", true)): null

2024-10-17 14:28:30 - [MESSAGE][PASSED] - Text 'Please enter a valid FEIN with 9 digits.' is present on page  using regular expression

2024-10-17 14:28:30 - [TEST_STEP][PASSED] - println("Error Message is present on the page"): null

2024-10-17 14:28:30 - [TEST_STEP][PASSED] - out.println("Pass Record Number: " + row): null

2024-10-17 14:28:30 - [TEST_STEP][PASSED] - resText = "Pass": null

2024-10-17 14:28:30 - [TEST_STEP][PASSED] - pages.WriteExcel.demoKey(resText, datText, resColumn, datCloumn, fileLoc, nameSheet, row): pages.WriteExcel.demoKey is PASSED

2024-10-17 14:28:30 - [MESSAGE][PASSED] - pages.WriteExcel.demoKey is PASSED

2024-10-17 14:28:30 - [TEST_STEP][PASSED] - ExecuteTC = findTestData(dataFile).getValue("Execute", row): null

2024-10-17 14:28:30 - [TEST_STEP][PASSED] - Taxtype = findTestData(dataFile).getValue("TaxType", row): null

2024-10-17 14:28:30 - [TEST_STEP][PASSED] - Paymenttype = findTestData(dataFile).getValue("PaymentType", row): null

2024-10-17 14:28:30 - [TEST_STEP][PASSED] - feinSsn = findTestData(dataFile).getValue("FEINSSN", row): null

2024-10-17 14:28:30 - [TEST_STEP][PASSED] - out.println("Value of Execute is : " + ExecuteTC): null

2024-10-17 14:28:30 - [TEST_STEP][PASSED] - if (ExecuteTC.equalsIgnoreCase("Y")): null

2024-10-17 14:28:30 - [TEST_STEP][PASSED] - out.println("Begin Record Number: " + row): null

2024-10-17 14:28:30 - [TEST_STEP][PASSED] - today = new java.util.Date(): null

2024-10-17 14:28:30 - [TEST_STEP][PASSED] - println(today): null

2024-10-17 14:28:30 - [TEST_STEP][PASSED] - datText = today: null

2024-10-17 14:28:30 - [TEST_STEP][PASSED] - Taxtype = findTestData(dataFile).getValue("TaxType", row): null

2024-10-17 14:28:30 - [TEST_STEP][PASSED] - out.println("Taxtype value is : " + Taxtype): null

2024-10-17 14:28:30 - [TEST_STEP][PASSED] - openBrowser(""): Browser is opened with url: ''

2024-10-17 14:28:30 - [MESSAGE][WARNING] - A browser is already opened. Closing browser and opening a new one

2024-10-17 14:28:32 - [MESSAGE][INFO] - Starting 'Chrome' driver

2024-10-17 14:28:32 - [MESSAGE][INFO] - User set preference: ['acceptInsecureCerts', 'true']

2024-10-17 14:28:32 - [MESSAGE][INFO] - Action delay is set to 0 milliseconds

2024-10-17 14:28:33 - [MESSAGE][PASSED] - Browser is opened with url: ''

2024-10-17 14:28:33 - [TEST_STEP][PASSED] - maximizeWindow(): Current window maximized

2024-10-17 14:28:34 - [MESSAGE][PASSED] - Current window maximized

2024-10-17 14:28:34 - [TEST_STEP][PASSED] - navigateToUrl(RADurl): Navigate to 'https://demo.velocitypayment.com/client/rad/index.html' successfully

2024-10-17 14:28:34 - [MESSAGE][PASSED] - Navigate to 'https://demo.velocitypayment.com/client/rad/index.html' successfully

2024-10-17 14:28:34 - [TEST_STEP][PASSED] - orPath_Landing = "Object Repository/RAD_Pages/Landing_Page": null

2024-10-17 14:28:34 - [TEST_STEP][PASSED] - orPath_TaxTypeFilingYear = "Object Repository/RAD_Pages/TaxTypeFilingYear_Page": null

2024-10-17 14:28:34 - [TEST_STEP][PASSED] - orPath_TaxPayer = "Object Repository/RAD_Pages/Taxpayer_Page": null

2024-10-17 14:28:34 - [TEST_STEP][PASSED] - orPath_AddressContact = "Object Repository/RAD_Pages/AddressAndContactInfo_Page": null

2024-10-17 14:28:34 - [TEST_STEP][PASSED] - orPath_FilingStatus = "Object Repository/RAD_Pages/FilingStatus_Page": null

2024-10-17 14:28:34 - [TEST_STEP][PASSED] - orPath_Amount = "Object Repository/RAD_Pages/PaymentAmount_Page": null

2024-10-17 14:28:34 - [TEST_STEP][PASSED] - orPath_TaxInfo = "Object Repository/RAD_Pages/TaxInfo_Page": null

2024-10-17 14:28:34 - [TEST_STEP][PASSED] - orPath_Withholding = "Object Repository/RAD_Pages/Withholding_Page": null

2024-10-17 14:28:34 - [TEST_STEP][PASSED] - orPath_Summary = "Object Repository/RAD_Pages/Summary_Page": null

2024-10-17 14:28:34 - [TEST_STEP][PASSED] - orPath_PaymentReady = "Object Repository/RAD_Pages/PaymentReady_Page": null

2024-10-17 14:28:34 - [TEST_STEP][PASSED] - orPath_PaymentEntry = "Object Repository/RAD_Pages/PaymentEntry_Page": null

2024-10-17 14:28:34 - [TEST_STEP][PASSED] - orPath_PaymentConfirmation = "Object Repository/RAD_Pages/PaymentConfirmation_Page": null

2024-10-17 14:28:34 - [TEST_STEP][PASSED] - orPath_ServiceFeesAccept = "Object Repository/RAD_Pages/ServiceFeeAccept_Page": null

2024-10-17 14:28:34 - [TEST_STEP][PASSED] - selectOptionByLabel(findTestObject(orPath_Landing + "/dd_TaxType"), Paymenttype, false): All options with label 'Quarterly Estimated Tax' are selected in object 'Object Repository/RAD_Pages/Landing_Page/dd_TaxType' 

2024-10-17 14:28:36 - [MESSAGE][PASSED] - All options with label 'Quarterly Estimated Tax' are selected in object 'Object Repository/RAD_Pages/Landing_Page/dd_TaxType' 

2024-10-17 14:28:36 - [TEST_STEP][PASSED] - delay(1): Delayed 1 second(s)

2024-10-17 14:28:37 - [MESSAGE][PASSED] - Delayed 1 second(s)

2024-10-17 14:28:37 - [TEST_STEP][PASSED] - switch (Paymenttype): null

2024-10-17 14:28:37 - [TEST_STEP][PASSED] - case "Quarterly Estimated Tax":: null

2024-10-17 14:28:37 - [TEST_STEP][PASSED] - selectOptionByLabel(findTestObject(orPath_TaxTypeFilingYear + "/select_PaymentType"), Taxtype, false): All options with label 'Fiduciary Tax' are selected in object 'Object Repository/RAD_Pages/TaxTypeFilingYear_Page/select_PaymentType' 

2024-10-17 14:28:38 - [MESSAGE][PASSED] - All options with label 'Fiduciary Tax' are selected in object 'Object Repository/RAD_Pages/TaxTypeFilingYear_Page/select_PaymentType' 

2024-10-17 14:28:38 - [TEST_STEP][PASSED] - break: null

2024-10-17 14:28:38 - [TEST_STEP][PASSED] - delay(1): Delayed 1 second(s)

2024-10-17 14:28:39 - [MESSAGE][PASSED] - Delayed 1 second(s)

2024-10-17 14:28:39 - [TEST_STEP][PASSED] - switch (Paymenttype): null

2024-10-17 14:28:39 - [TEST_STEP][PASSED] - case "Quarterly Estimated Tax":: null

2024-10-17 14:28:39 - [TEST_STEP][PASSED] - if (feinSsn.equalsIgnoreCase("Y")): null

2024-10-17 14:28:39 - [TEST_STEP][PASSED] - else: Text ****** has been set on object 'Object Repository/RAD_Pages/TaxInfo_Page/input_FederalEIN_ReEnter'

2024-10-17 14:28:39 - [TEST_STEP][PASSED] - setEncryptedText(findTestObject(orPath_TaxInfo + "/input_FederalEIN"), "iGDxf8hSRT4="): Text ****** has been set on object 'Object Repository/RAD_Pages/TaxInfo_Page/input_FederalEIN'

2024-10-17 14:28:40 - [MESSAGE][PASSED] - Text ****** has been set on object 'Object Repository/RAD_Pages/TaxInfo_Page/input_FederalEIN'

2024-10-17 14:28:40 - [TEST_STEP][PASSED] - setEncryptedText(findTestObject(orPath_TaxInfo + "/input_FederalEIN_ReEnter"), ""): Text ****** has been set on object 'Object Repository/RAD_Pages/TaxInfo_Page/input_FederalEIN_ReEnter'

2024-10-17 14:28:41 - [MESSAGE][PASSED] - Text ****** has been set on object 'Object Repository/RAD_Pages/TaxInfo_Page/input_FederalEIN_ReEnter'

2024-10-17 14:28:41 - [TEST_STEP][PASSED] - break: null

2024-10-17 14:28:41 - [TEST_STEP][PASSED] - if (feinSsn.equalsIgnoreCase("Y")): null

2024-10-17 14:28:41 - [TEST_STEP][PASSED] - else: null

2024-10-17 14:28:41 - [TEST_STEP][PASSED] - if (verifyTextPresent("Please enter a valid FEIN with 9 digits.", true)): null

2024-10-17 14:28:41 - [MESSAGE][PASSED] - Text 'Please enter a valid FEIN with 9 digits.' is present on page  using regular expression

2024-10-17 14:28:41 - [TEST_STEP][PASSED] - println("Error Message is present on the page"): null

2024-10-17 14:28:41 - [TEST_STEP][PASSED] - out.println("Pass Record Number: " + row): null

2024-10-17 14:28:41 - [TEST_STEP][PASSED] - resText = "Pass": null

2024-10-17 14:28:41 - [TEST_STEP][PASSED] - pages.WriteExcel.demoKey(resText, datText, resColumn, datCloumn, fileLoc, nameSheet, row): pages.WriteExcel.demoKey is PASSED

2024-10-17 14:28:41 - [MESSAGE][PASSED] - pages.WriteExcel.demoKey is PASSED

2024-10-17 14:28:41 - [TEST_STEP][PASSED] - ExecuteTC = findTestData(dataFile).getValue("Execute", row): null

2024-10-17 14:28:41 - [TEST_STEP][PASSED] - Taxtype = findTestData(dataFile).getValue("TaxType", row): null

2024-10-17 14:28:41 - [TEST_STEP][PASSED] - Paymenttype = findTestData(dataFile).getValue("PaymentType", row): null

2024-10-17 14:28:41 - [TEST_STEP][PASSED] - feinSsn = findTestData(dataFile).getValue("FEINSSN", row): null

2024-10-17 14:28:42 - [TEST_STEP][PASSED] - out.println("Value of Execute is : " + ExecuteTC): null

2024-10-17 14:28:42 - [TEST_STEP][PASSED] - if (ExecuteTC.equalsIgnoreCase("Y")): null

2024-10-17 14:28:42 - [TEST_STEP][PASSED] - out.println("Begin Record Number: " + row): null

2024-10-17 14:28:42 - [TEST_STEP][PASSED] - today = new java.util.Date(): null

2024-10-17 14:28:42 - [TEST_STEP][PASSED] - println(today): null

2024-10-17 14:28:42 - [TEST_STEP][PASSED] - datText = today: null

2024-10-17 14:28:42 - [TEST_STEP][PASSED] - Taxtype = findTestData(dataFile).getValue("TaxType", row): null

2024-10-17 14:28:42 - [TEST_STEP][PASSED] - out.println("Taxtype value is : " + Taxtype): null

2024-10-17 14:28:42 - [TEST_STEP][PASSED] - openBrowser(""): Browser is opened with url: ''

2024-10-17 14:28:42 - [MESSAGE][WARNING] - A browser is already opened. Closing browser and opening a new one

2024-10-17 14:28:44 - [MESSAGE][INFO] - Starting 'Chrome' driver

2024-10-17 14:28:44 - [MESSAGE][INFO] - User set preference: ['acceptInsecureCerts', 'true']

2024-10-17 14:28:44 - [MESSAGE][INFO] - Action delay is set to 0 milliseconds

2024-10-17 14:28:45 - [MESSAGE][PASSED] - Browser is opened with url: ''

2024-10-17 14:28:45 - [TEST_STEP][PASSED] - maximizeWindow(): Current window maximized

2024-10-17 14:28:45 - [MESSAGE][PASSED] - Current window maximized

2024-10-17 14:28:45 - [TEST_STEP][PASSED] - navigateToUrl(RADurl): Navigate to 'https://demo.velocitypayment.com/client/rad/index.html' successfully

2024-10-17 14:28:47 - [MESSAGE][PASSED] - Navigate to 'https://demo.velocitypayment.com/client/rad/index.html' successfully

2024-10-17 14:28:47 - [TEST_STEP][PASSED] - orPath_Landing = "Object Repository/RAD_Pages/Landing_Page": null

2024-10-17 14:28:47 - [TEST_STEP][PASSED] - orPath_TaxTypeFilingYear = "Object Repository/RAD_Pages/TaxTypeFilingYear_Page": null

2024-10-17 14:28:47 - [TEST_STEP][PASSED] - orPath_TaxPayer = "Object Repository/RAD_Pages/Taxpayer_Page": null

2024-10-17 14:28:47 - [TEST_STEP][PASSED] - orPath_AddressContact = "Object Repository/RAD_Pages/AddressAndContactInfo_Page": null

2024-10-17 14:28:47 - [TEST_STEP][PASSED] - orPath_FilingStatus = "Object Repository/RAD_Pages/FilingStatus_Page": null

2024-10-17 14:28:47 - [TEST_STEP][PASSED] - orPath_Amount = "Object Repository/RAD_Pages/PaymentAmount_Page": null

2024-10-17 14:28:47 - [TEST_STEP][PASSED] - orPath_TaxInfo = "Object Repository/RAD_Pages/TaxInfo_Page": null

2024-10-17 14:28:47 - [TEST_STEP][PASSED] - orPath_Withholding = "Object Repository/RAD_Pages/Withholding_Page": null

2024-10-17 14:28:47 - [TEST_STEP][PASSED] - orPath_Summary = "Object Repository/RAD_Pages/Summary_Page": null

2024-10-17 14:28:47 - [TEST_STEP][PASSED] - orPath_PaymentReady = "Object Repository/RAD_Pages/PaymentReady_Page": null

2024-10-17 14:28:47 - [TEST_STEP][PASSED] - orPath_PaymentEntry = "Object Repository/RAD_Pages/PaymentEntry_Page": null

2024-10-17 14:28:47 - [TEST_STEP][PASSED] - orPath_PaymentConfirmation = "Object Repository/RAD_Pages/PaymentConfirmation_Page": null

2024-10-17 14:28:47 - [TEST_STEP][PASSED] - orPath_ServiceFeesAccept = "Object Repository/RAD_Pages/ServiceFeeAccept_Page": null

2024-10-17 14:28:47 - [TEST_STEP][PASSED] - selectOptionByLabel(findTestObject(orPath_Landing + "/dd_TaxType"), Paymenttype, false): All options with label 'Quarterly Estimated Tax' are selected in object 'Object Repository/RAD_Pages/Landing_Page/dd_TaxType' 

2024-10-17 14:28:48 - [MESSAGE][PASSED] - All options with label 'Quarterly Estimated Tax' are selected in object 'Object Repository/RAD_Pages/Landing_Page/dd_TaxType' 

2024-10-17 14:28:48 - [TEST_STEP][PASSED] - delay(1): Delayed 1 second(s)

2024-10-17 14:28:49 - [MESSAGE][PASSED] - Delayed 1 second(s)

2024-10-17 14:28:49 - [TEST_STEP][PASSED] - switch (Paymenttype): null

2024-10-17 14:28:49 - [TEST_STEP][PASSED] - case "Quarterly Estimated Tax":: null

2024-10-17 14:28:49 - [TEST_STEP][PASSED] - selectOptionByLabel(findTestObject(orPath_TaxTypeFilingYear + "/select_PaymentType"), Taxtype, false): All options with label 'PTE Non-Electing Non-S Corp' are selected in object 'Object Repository/RAD_Pages/TaxTypeFilingYear_Page/select_PaymentType' 

2024-10-17 14:28:50 - [MESSAGE][PASSED] - All options with label 'PTE Non-Electing Non-S Corp' are selected in object 'Object Repository/RAD_Pages/TaxTypeFilingYear_Page/select_PaymentType' 

2024-10-17 14:28:50 - [TEST_STEP][PASSED] - break: null

2024-10-17 14:28:50 - [TEST_STEP][PASSED] - delay(1): Delayed 1 second(s)

2024-10-17 14:28:51 - [MESSAGE][PASSED] - Delayed 1 second(s)

2024-10-17 14:28:51 - [TEST_STEP][PASSED] - switch (Paymenttype): null

2024-10-17 14:28:51 - [TEST_STEP][PASSED] - case "Quarterly Estimated Tax":: null

2024-10-17 14:28:51 - [TEST_STEP][PASSED] - if (feinSsn.equalsIgnoreCase("Y")): Text ****** has been set on object 'Object Repository/RAD_Pages/TaxInfo_Page/input_TaxInfo_RetypeFeinSsn_New_2'

2024-10-17 14:28:51 - [TEST_STEP][PASSED] - setEncryptedText(findTestObject(orPath_TaxInfo + "/input_TaxInfo_FeinSsn_New_2"), "iGDxf8hSRT4="): Text ****** has been set on object 'Object Repository/RAD_Pages/TaxInfo_Page/input_TaxInfo_FeinSsn_New_2'

2024-10-17 14:28:51 - [MESSAGE][PASSED] - Text ****** has been set on object 'Object Repository/RAD_Pages/TaxInfo_Page/input_TaxInfo_FeinSsn_New_2'

2024-10-17 14:28:51 - [TEST_STEP][PASSED] - setEncryptedText(findTestObject(orPath_TaxInfo + "/input_TaxInfo_RetypeFeinSsn_New_2"), ""): Text ****** has been set on object 'Object Repository/RAD_Pages/TaxInfo_Page/input_TaxInfo_RetypeFeinSsn_New_2'

2024-10-17 14:28:52 - [MESSAGE][PASSED] - Text ****** has been set on object 'Object Repository/RAD_Pages/TaxInfo_Page/input_TaxInfo_RetypeFeinSsn_New_2'

2024-10-17 14:28:52 - [TEST_STEP][PASSED] - break: null

2024-10-17 14:28:52 - [TEST_STEP][PASSED] - if (feinSsn.equalsIgnoreCase("Y")): null

2024-10-17 14:28:52 - [TEST_STEP][PASSED] - if (verifyTextPresent("Please enter a valid FEIN/SSN with 9 digits", true)): null

2024-10-17 14:28:52 - [MESSAGE][PASSED] - Text 'Please enter a valid FEIN/SSN with 9 digits' is present on page  using regular expression

2024-10-17 14:28:52 - [TEST_STEP][PASSED] - println("Error Message is present on the page"): null

2024-10-17 14:28:52 - [TEST_STEP][PASSED] - out.println("Pass Record Number: " + row): null

2024-10-17 14:28:52 - [TEST_STEP][PASSED] - resText = "Pass": null

2024-10-17 14:28:52 - [TEST_STEP][PASSED] - pages.WriteExcel.demoKey(resText, datText, resColumn, datCloumn, fileLoc, nameSheet, row): pages.WriteExcel.demoKey is PASSED

2024-10-17 14:28:52 - [MESSAGE][PASSED] - pages.WriteExcel.demoKey is PASSED

2024-10-17 14:28:52 - [TEST_STEP][PASSED] - ExecuteTC = findTestData(dataFile).getValue("Execute", row): null

2024-10-17 14:28:53 - [TEST_STEP][PASSED] - Taxtype = findTestData(dataFile).getValue("TaxType", row): null

2024-10-17 14:28:53 - [TEST_STEP][PASSED] - Paymenttype = findTestData(dataFile).getValue("PaymentType", row): null

2024-10-17 14:28:53 - [TEST_STEP][PASSED] - feinSsn = findTestData(dataFile).getValue("FEINSSN", row): null

2024-10-17 14:28:53 - [TEST_STEP][PASSED] - out.println("Value of Execute is : " + ExecuteTC): null

2024-10-17 14:28:53 - [TEST_STEP][PASSED] - if (ExecuteTC.equalsIgnoreCase("Y")): null

2024-10-17 14:28:53 - [TEST_STEP][PASSED] - out.println("Begin Record Number: " + row): null

2024-10-17 14:28:53 - [TEST_STEP][PASSED] - today = new java.util.Date(): null

2024-10-17 14:28:53 - [TEST_STEP][PASSED] - println(today): null

2024-10-17 14:28:53 - [TEST_STEP][PASSED] - datText = today: null

2024-10-17 14:28:53 - [TEST_STEP][PASSED] - Taxtype = findTestData(dataFile).getValue("TaxType", row): null

2024-10-17 14:28:53 - [TEST_STEP][PASSED] - out.println("Taxtype value is : " + Taxtype): null

2024-10-17 14:28:53 - [TEST_STEP][PASSED] - openBrowser(""): Browser is opened with url: ''

2024-10-17 14:28:53 - [MESSAGE][WARNING] - A browser is already opened. Closing browser and opening a new one

2024-10-17 14:28:54 - [MESSAGE][INFO] - Starting 'Chrome' driver

2024-10-17 14:28:54 - [MESSAGE][INFO] - User set preference: ['acceptInsecureCerts', 'true']

2024-10-17 14:28:54 - [MESSAGE][INFO] - Action delay is set to 0 milliseconds

2024-10-17 14:28:56 - [MESSAGE][PASSED] - Browser is opened with url: ''

2024-10-17 14:28:56 - [TEST_STEP][PASSED] - maximizeWindow(): Current window maximized

2024-10-17 14:28:56 - [MESSAGE][PASSED] - Current window maximized

2024-10-17 14:28:56 - [TEST_STEP][PASSED] - navigateToUrl(RADurl): Navigate to 'https://demo.velocitypayment.com/client/rad/index.html' successfully

2024-10-17 14:28:58 - [MESSAGE][PASSED] - Navigate to 'https://demo.velocitypayment.com/client/rad/index.html' successfully

2024-10-17 14:28:58 - [TEST_STEP][PASSED] - orPath_Landing = "Object Repository/RAD_Pages/Landing_Page": null

2024-10-17 14:28:58 - [TEST_STEP][PASSED] - orPath_TaxTypeFilingYear = "Object Repository/RAD_Pages/TaxTypeFilingYear_Page": null

2024-10-17 14:28:58 - [TEST_STEP][PASSED] - orPath_TaxPayer = "Object Repository/RAD_Pages/Taxpayer_Page": null

2024-10-17 14:28:58 - [TEST_STEP][PASSED] - orPath_AddressContact = "Object Repository/RAD_Pages/AddressAndContactInfo_Page": null

2024-10-17 14:28:58 - [TEST_STEP][PASSED] - orPath_FilingStatus = "Object Repository/RAD_Pages/FilingStatus_Page": null

2024-10-17 14:28:58 - [TEST_STEP][PASSED] - orPath_Amount = "Object Repository/RAD_Pages/PaymentAmount_Page": null

2024-10-17 14:28:58 - [TEST_STEP][PASSED] - orPath_TaxInfo = "Object Repository/RAD_Pages/TaxInfo_Page": null

2024-10-17 14:28:58 - [TEST_STEP][PASSED] - orPath_Withholding = "Object Repository/RAD_Pages/Withholding_Page": null

2024-10-17 14:28:58 - [TEST_STEP][PASSED] - orPath_Summary = "Object Repository/RAD_Pages/Summary_Page": null

2024-10-17 14:28:58 - [TEST_STEP][PASSED] - orPath_PaymentReady = "Object Repository/RAD_Pages/PaymentReady_Page": null

2024-10-17 14:28:58 - [TEST_STEP][PASSED] - orPath_PaymentEntry = "Object Repository/RAD_Pages/PaymentEntry_Page": null

2024-10-17 14:28:58 - [TEST_STEP][PASSED] - orPath_PaymentConfirmation = "Object Repository/RAD_Pages/PaymentConfirmation_Page": null

2024-10-17 14:28:58 - [TEST_STEP][PASSED] - orPath_ServiceFeesAccept = "Object Repository/RAD_Pages/ServiceFeeAccept_Page": null

2024-10-17 14:28:58 - [TEST_STEP][PASSED] - selectOptionByLabel(findTestObject(orPath_Landing + "/dd_TaxType"), Paymenttype, false): All options with label 'Quarterly Estimated Tax' are selected in object 'Object Repository/RAD_Pages/Landing_Page/dd_TaxType' 

2024-10-17 14:28:59 - [MESSAGE][PASSED] - All options with label 'Quarterly Estimated Tax' are selected in object 'Object Repository/RAD_Pages/Landing_Page/dd_TaxType' 

2024-10-17 14:28:59 - [TEST_STEP][PASSED] - delay(1): Delayed 1 second(s)

2024-10-17 14:29:00 - [MESSAGE][PASSED] - Delayed 1 second(s)

2024-10-17 14:29:00 - [TEST_STEP][PASSED] - switch (Paymenttype): null

2024-10-17 14:29:00 - [TEST_STEP][PASSED] - case "Quarterly Estimated Tax":: null

2024-10-17 14:29:00 - [TEST_STEP][PASSED] - selectOptionByLabel(findTestObject(orPath_TaxTypeFilingYear + "/select_PaymentType"), Taxtype, false): All options with label 'PTE Non-Electing S Corp' are selected in object 'Object Repository/RAD_Pages/TaxTypeFilingYear_Page/select_PaymentType' 

2024-10-17 14:29:00 - [MESSAGE][PASSED] - All options with label 'PTE Non-Electing S Corp' are selected in object 'Object Repository/RAD_Pages/TaxTypeFilingYear_Page/select_PaymentType' 

2024-10-17 14:29:00 - [TEST_STEP][PASSED] - break: null

2024-10-17 14:29:00 - [TEST_STEP][PASSED] - delay(1): Delayed 1 second(s)

2024-10-17 14:29:01 - [MESSAGE][PASSED] - Delayed 1 second(s)

2024-10-17 14:29:01 - [TEST_STEP][PASSED] - switch (Paymenttype): null

2024-10-17 14:29:01 - [TEST_STEP][PASSED] - case "Quarterly Estimated Tax":: null

2024-10-17 14:29:01 - [TEST_STEP][PASSED] - if (feinSsn.equalsIgnoreCase("Y")): Text ****** has been set on object 'Object Repository/RAD_Pages/TaxInfo_Page/input_TaxInfo_RetypeFeinSsn_New_2'

2024-10-17 14:29:01 - [TEST_STEP][PASSED] - setEncryptedText(findTestObject(orPath_TaxInfo + "/input_TaxInfo_FeinSsn_New_2"), "iGDxf8hSRT4="): Text ****** has been set on object 'Object Repository/RAD_Pages/TaxInfo_Page/input_TaxInfo_FeinSsn_New_2'

2024-10-17 14:29:02 - [MESSAGE][PASSED] - Text ****** has been set on object 'Object Repository/RAD_Pages/TaxInfo_Page/input_TaxInfo_FeinSsn_New_2'

2024-10-17 14:29:02 - [TEST_STEP][PASSED] - setEncryptedText(findTestObject(orPath_TaxInfo + "/input_TaxInfo_RetypeFeinSsn_New_2"), ""): Text ****** has been set on object 'Object Repository/RAD_Pages/TaxInfo_Page/input_TaxInfo_RetypeFeinSsn_New_2'

2024-10-17 14:29:02 - [MESSAGE][PASSED] - Text ****** has been set on object 'Object Repository/RAD_Pages/TaxInfo_Page/input_TaxInfo_RetypeFeinSsn_New_2'

2024-10-17 14:29:02 - [TEST_STEP][PASSED] - break: null

2024-10-17 14:29:02 - [TEST_STEP][PASSED] - if (feinSsn.equalsIgnoreCase("Y")): null

2024-10-17 14:29:02 - [TEST_STEP][PASSED] - if (verifyTextPresent("Please enter a valid FEIN/SSN with 9 digits", true)): null

2024-10-17 14:29:03 - [MESSAGE][PASSED] - Text 'Please enter a valid FEIN/SSN with 9 digits' is present on page  using regular expression

2024-10-17 14:29:03 - [TEST_STEP][PASSED] - println("Error Message is present on the page"): null

2024-10-17 14:29:03 - [TEST_STEP][PASSED] - out.println("Pass Record Number: " + row): null

2024-10-17 14:29:03 - [TEST_STEP][PASSED] - resText = "Pass": null

2024-10-17 14:29:03 - [TEST_STEP][PASSED] - pages.WriteExcel.demoKey(resText, datText, resColumn, datCloumn, fileLoc, nameSheet, row): pages.WriteExcel.demoKey is PASSED

2024-10-17 14:29:03 - [MESSAGE][PASSED] - pages.WriteExcel.demoKey is PASSED

2024-10-17 14:29:03 - [TEST_STEP][PASSED] - ExecuteTC = findTestData(dataFile).getValue("Execute", row): null

2024-10-17 14:29:03 - [TEST_STEP][PASSED] - Taxtype = findTestData(dataFile).getValue("TaxType", row): null

2024-10-17 14:29:03 - [TEST_STEP][PASSED] - Paymenttype = findTestData(dataFile).getValue("PaymentType", row): null

2024-10-17 14:29:03 - [TEST_STEP][PASSED] - feinSsn = findTestData(dataFile).getValue("FEINSSN", row): null

2024-10-17 14:29:03 - [TEST_STEP][PASSED] - out.println("Value of Execute is : " + ExecuteTC): null

2024-10-17 14:29:03 - [TEST_STEP][PASSED] - if (ExecuteTC.equalsIgnoreCase("Y")): null

2024-10-17 14:29:03 - [TEST_STEP][PASSED] - out.println("Begin Record Number: " + row): null

2024-10-17 14:29:03 - [TEST_STEP][PASSED] - today = new java.util.Date(): null

2024-10-17 14:29:03 - [TEST_STEP][PASSED] - println(today): null

2024-10-17 14:29:03 - [TEST_STEP][PASSED] - datText = today: null

2024-10-17 14:29:03 - [TEST_STEP][PASSED] - Taxtype = findTestData(dataFile).getValue("TaxType", row): null

2024-10-17 14:29:03 - [TEST_STEP][PASSED] - out.println("Taxtype value is : " + Taxtype): null

2024-10-17 14:29:03 - [TEST_STEP][PASSED] - openBrowser(""): Browser is opened with url: ''

2024-10-17 14:29:03 - [MESSAGE][WARNING] - A browser is already opened. Closing browser and opening a new one

2024-10-17 14:29:05 - [MESSAGE][INFO] - Starting 'Chrome' driver

2024-10-17 14:29:05 - [MESSAGE][INFO] - User set preference: ['acceptInsecureCerts', 'true']

2024-10-17 14:29:05 - [MESSAGE][INFO] - Action delay is set to 0 milliseconds

2024-10-17 14:29:06 - [MESSAGE][PASSED] - Browser is opened with url: ''

2024-10-17 14:29:06 - [TEST_STEP][PASSED] - maximizeWindow(): Current window maximized

2024-10-17 14:29:06 - [MESSAGE][PASSED] - Current window maximized

2024-10-17 14:29:06 - [TEST_STEP][PASSED] - navigateToUrl(RADurl): Navigate to 'https://demo.velocitypayment.com/client/rad/index.html' successfully

2024-10-17 14:29:09 - [MESSAGE][PASSED] - Navigate to 'https://demo.velocitypayment.com/client/rad/index.html' successfully

2024-10-17 14:29:09 - [TEST_STEP][PASSED] - orPath_Landing = "Object Repository/RAD_Pages/Landing_Page": null

2024-10-17 14:29:09 - [TEST_STEP][PASSED] - orPath_TaxTypeFilingYear = "Object Repository/RAD_Pages/TaxTypeFilingYear_Page": null

2024-10-17 14:29:09 - [TEST_STEP][PASSED] - orPath_TaxPayer = "Object Repository/RAD_Pages/Taxpayer_Page": null

2024-10-17 14:29:09 - [TEST_STEP][PASSED] - orPath_AddressContact = "Object Repository/RAD_Pages/AddressAndContactInfo_Page": null

2024-10-17 14:29:09 - [TEST_STEP][PASSED] - orPath_FilingStatus = "Object Repository/RAD_Pages/FilingStatus_Page": null

2024-10-17 14:29:09 - [TEST_STEP][PASSED] - orPath_Amount = "Object Repository/RAD_Pages/PaymentAmount_Page": null

2024-10-17 14:29:09 - [TEST_STEP][PASSED] - orPath_TaxInfo = "Object Repository/RAD_Pages/TaxInfo_Page": null

2024-10-17 14:29:09 - [TEST_STEP][PASSED] - orPath_Withholding = "Object Repository/RAD_Pages/Withholding_Page": null

2024-10-17 14:29:09 - [TEST_STEP][PASSED] - orPath_Summary = "Object Repository/RAD_Pages/Summary_Page": null

2024-10-17 14:29:09 - [TEST_STEP][PASSED] - orPath_PaymentReady = "Object Repository/RAD_Pages/PaymentReady_Page": null

2024-10-17 14:29:09 - [TEST_STEP][PASSED] - orPath_PaymentEntry = "Object Repository/RAD_Pages/PaymentEntry_Page": null

2024-10-17 14:29:09 - [TEST_STEP][PASSED] - orPath_PaymentConfirmation = "Object Repository/RAD_Pages/PaymentConfirmation_Page": null

2024-10-17 14:29:09 - [TEST_STEP][PASSED] - orPath_ServiceFeesAccept = "Object Repository/RAD_Pages/ServiceFeeAccept_Page": null

2024-10-17 14:29:09 - [TEST_STEP][PASSED] - selectOptionByLabel(findTestObject(orPath_Landing + "/dd_TaxType"), Paymenttype, false): All options with label 'Quarterly Estimated Tax' are selected in object 'Object Repository/RAD_Pages/Landing_Page/dd_TaxType' 

2024-10-17 14:29:09 - [MESSAGE][PASSED] - All options with label 'Quarterly Estimated Tax' are selected in object 'Object Repository/RAD_Pages/Landing_Page/dd_TaxType' 

2024-10-17 14:29:09 - [TEST_STEP][PASSED] - delay(1): Delayed 1 second(s)

2024-10-17 14:29:10 - [MESSAGE][PASSED] - Delayed 1 second(s)

2024-10-17 14:29:10 - [TEST_STEP][PASSED] - switch (Paymenttype): null

2024-10-17 14:29:10 - [TEST_STEP][PASSED] - case "Quarterly Estimated Tax":: null

2024-10-17 14:29:10 - [TEST_STEP][PASSED] - selectOptionByLabel(findTestObject(orPath_TaxTypeFilingYear + "/select_PaymentType"), Taxtype, false): All options with label 'PTE Tax Electing Non-S Corp' are selected in object 'Object Repository/RAD_Pages/TaxTypeFilingYear_Page/select_PaymentType' 

2024-10-17 14:29:11 - [MESSAGE][PASSED] - All options with label 'PTE Tax Electing Non-S Corp' are selected in object 'Object Repository/RAD_Pages/TaxTypeFilingYear_Page/select_PaymentType' 

2024-10-17 14:29:11 - [TEST_STEP][PASSED] - break: null

2024-10-17 14:29:11 - [TEST_STEP][PASSED] - delay(1): Delayed 1 second(s)

2024-10-17 14:29:12 - [MESSAGE][PASSED] - Delayed 1 second(s)

2024-10-17 14:29:12 - [TEST_STEP][PASSED] - switch (Paymenttype): null

2024-10-17 14:29:12 - [TEST_STEP][PASSED] - case "Quarterly Estimated Tax":: null

2024-10-17 14:29:12 - [TEST_STEP][PASSED] - if (feinSsn.equalsIgnoreCase("Y")): Text ****** has been set on object 'Object Repository/RAD_Pages/TaxInfo_Page/input_TaxInfo_RetypeFeinSsn_New_2'

2024-10-17 14:29:12 - [TEST_STEP][PASSED] - setEncryptedText(findTestObject(orPath_TaxInfo + "/input_TaxInfo_FeinSsn_New_2"), "iGDxf8hSRT4="): Text ****** has been set on object 'Object Repository/RAD_Pages/TaxInfo_Page/input_TaxInfo_FeinSsn_New_2'

2024-10-17 14:29:12 - [MESSAGE][PASSED] - Text ****** has been set on object 'Object Repository/RAD_Pages/TaxInfo_Page/input_TaxInfo_FeinSsn_New_2'

2024-10-17 14:29:12 - [TEST_STEP][PASSED] - setEncryptedText(findTestObject(orPath_TaxInfo + "/input_TaxInfo_RetypeFeinSsn_New_2"), ""): Text ****** has been set on object 'Object Repository/RAD_Pages/TaxInfo_Page/input_TaxInfo_RetypeFeinSsn_New_2'

2024-10-17 14:29:13 - [MESSAGE][PASSED] - Text ****** has been set on object 'Object Repository/RAD_Pages/TaxInfo_Page/input_TaxInfo_RetypeFeinSsn_New_2'

2024-10-17 14:29:13 - [TEST_STEP][PASSED] - break: null

2024-10-17 14:29:13 - [TEST_STEP][PASSED] - if (feinSsn.equalsIgnoreCase("Y")): null

2024-10-17 14:29:13 - [TEST_STEP][PASSED] - if (verifyTextPresent("Please enter a valid FEIN/SSN with 9 digits", true)): null

2024-10-17 14:29:14 - [MESSAGE][PASSED] - Text 'Please enter a valid FEIN/SSN with 9 digits' is present on page  using regular expression

2024-10-17 14:29:14 - [TEST_STEP][PASSED] - println("Error Message is present on the page"): null

2024-10-17 14:29:14 - [TEST_STEP][PASSED] - out.println("Pass Record Number: " + row): null

2024-10-17 14:29:14 - [TEST_STEP][PASSED] - resText = "Pass": null

2024-10-17 14:29:14 - [TEST_STEP][PASSED] - pages.WriteExcel.demoKey(resText, datText, resColumn, datCloumn, fileLoc, nameSheet, row): pages.WriteExcel.demoKey is PASSED

2024-10-17 14:29:14 - [MESSAGE][PASSED] - pages.WriteExcel.demoKey is PASSED

2024-10-17 14:29:14 - [TEST_STEP][PASSED] - ExecuteTC = findTestData(dataFile).getValue("Execute", row): null

2024-10-17 14:29:14 - [TEST_STEP][PASSED] - Taxtype = findTestData(dataFile).getValue("TaxType", row): null

2024-10-17 14:29:14 - [TEST_STEP][PASSED] - Paymenttype = findTestData(dataFile).getValue("PaymentType", row): null

2024-10-17 14:29:14 - [TEST_STEP][PASSED] - feinSsn = findTestData(dataFile).getValue("FEINSSN", row): null

2024-10-17 14:29:14 - [TEST_STEP][PASSED] - out.println("Value of Execute is : " + ExecuteTC): null

2024-10-17 14:29:14 - [TEST_STEP][PASSED] - if (ExecuteTC.equalsIgnoreCase("Y")): null

2024-10-17 14:29:14 - [TEST_STEP][PASSED] - out.println("Begin Record Number: " + row): null

2024-10-17 14:29:14 - [TEST_STEP][PASSED] - today = new java.util.Date(): null

2024-10-17 14:29:14 - [TEST_STEP][PASSED] - println(today): null

2024-10-17 14:29:14 - [TEST_STEP][PASSED] - datText = today: null

2024-10-17 14:29:14 - [TEST_STEP][PASSED] - Taxtype = findTestData(dataFile).getValue("TaxType", row): null

2024-10-17 14:29:14 - [TEST_STEP][PASSED] - out.println("Taxtype value is : " + Taxtype): null

2024-10-17 14:29:14 - [TEST_STEP][PASSED] - openBrowser(""): Browser is opened with url: ''

2024-10-17 14:29:14 - [MESSAGE][WARNING] - A browser is already opened. Closing browser and opening a new one

2024-10-17 14:29:15 - [MESSAGE][INFO] - Starting 'Chrome' driver

2024-10-17 14:29:15 - [MESSAGE][INFO] - User set preference: ['acceptInsecureCerts', 'true']

2024-10-17 14:29:15 - [MESSAGE][INFO] - Action delay is set to 0 milliseconds

2024-10-17 14:29:17 - [MESSAGE][PASSED] - Browser is opened with url: ''

2024-10-17 14:29:17 - [TEST_STEP][PASSED] - maximizeWindow(): Current window maximized

2024-10-17 14:29:17 - [MESSAGE][PASSED] - Current window maximized

2024-10-17 14:29:17 - [TEST_STEP][PASSED] - navigateToUrl(RADurl): Navigate to 'https://demo.velocitypayment.com/client/rad/index.html' successfully

2024-10-17 14:29:18 - [MESSAGE][PASSED] - Navigate to 'https://demo.velocitypayment.com/client/rad/index.html' successfully

2024-10-17 14:29:18 - [TEST_STEP][PASSED] - orPath_Landing = "Object Repository/RAD_Pages/Landing_Page": null

2024-10-17 14:29:18 - [TEST_STEP][PASSED] - orPath_TaxTypeFilingYear = "Object Repository/RAD_Pages/TaxTypeFilingYear_Page": null

2024-10-17 14:29:18 - [TEST_STEP][PASSED] - orPath_TaxPayer = "Object Repository/RAD_Pages/Taxpayer_Page": null

2024-10-17 14:29:18 - [TEST_STEP][PASSED] - orPath_AddressContact = "Object Repository/RAD_Pages/AddressAndContactInfo_Page": null

2024-10-17 14:29:18 - [TEST_STEP][PASSED] - orPath_FilingStatus = "Object Repository/RAD_Pages/FilingStatus_Page": null

2024-10-17 14:29:18 - [TEST_STEP][PASSED] - orPath_Amount = "Object Repository/RAD_Pages/PaymentAmount_Page": null

2024-10-17 14:29:18 - [TEST_STEP][PASSED] - orPath_TaxInfo = "Object Repository/RAD_Pages/TaxInfo_Page": null

2024-10-17 14:29:18 - [TEST_STEP][PASSED] - orPath_Withholding = "Object Repository/RAD_Pages/Withholding_Page": null

2024-10-17 14:29:18 - [TEST_STEP][PASSED] - orPath_Summary = "Object Repository/RAD_Pages/Summary_Page": null

2024-10-17 14:29:18 - [TEST_STEP][PASSED] - orPath_PaymentReady = "Object Repository/RAD_Pages/PaymentReady_Page": null

2024-10-17 14:29:18 - [TEST_STEP][PASSED] - orPath_PaymentEntry = "Object Repository/RAD_Pages/PaymentEntry_Page": null

2024-10-17 14:29:18 - [TEST_STEP][PASSED] - orPath_PaymentConfirmation = "Object Repository/RAD_Pages/PaymentConfirmation_Page": null

2024-10-17 14:29:18 - [TEST_STEP][PASSED] - orPath_ServiceFeesAccept = "Object Repository/RAD_Pages/ServiceFeeAccept_Page": null

2024-10-17 14:29:18 - [TEST_STEP][PASSED] - selectOptionByLabel(findTestObject(orPath_Landing + "/dd_TaxType"), Paymenttype, false): All options with label 'Quarterly Estimated Tax' are selected in object 'Object Repository/RAD_Pages/Landing_Page/dd_TaxType' 

2024-10-17 14:29:20 - [MESSAGE][PASSED] - All options with label 'Quarterly Estimated Tax' are selected in object 'Object Repository/RAD_Pages/Landing_Page/dd_TaxType' 

2024-10-17 14:29:20 - [TEST_STEP][PASSED] - delay(1): Delayed 1 second(s)

2024-10-17 14:29:21 - [MESSAGE][PASSED] - Delayed 1 second(s)

2024-10-17 14:29:21 - [TEST_STEP][PASSED] - switch (Paymenttype): null

2024-10-17 14:29:21 - [TEST_STEP][PASSED] - case "Quarterly Estimated Tax":: null

2024-10-17 14:29:21 - [TEST_STEP][PASSED] - selectOptionByLabel(findTestObject(orPath_TaxTypeFilingYear + "/select_PaymentType"), Taxtype, false): All options with label 'PTE Tax Electing S Corp' are selected in object 'Object Repository/RAD_Pages/TaxTypeFilingYear_Page/select_PaymentType' 

2024-10-17 14:29:22 - [MESSAGE][PASSED] - All options with label 'PTE Tax Electing S Corp' are selected in object 'Object Repository/RAD_Pages/TaxTypeFilingYear_Page/select_PaymentType' 

2024-10-17 14:29:22 - [TEST_STEP][PASSED] - break: null

2024-10-17 14:29:22 - [TEST_STEP][PASSED] - delay(1): Delayed 1 second(s)

2024-10-17 14:29:23 - [MESSAGE][PASSED] - Delayed 1 second(s)

2024-10-17 14:29:23 - [TEST_STEP][PASSED] - switch (Paymenttype): null

2024-10-17 14:29:23 - [TEST_STEP][PASSED] - case "Quarterly Estimated Tax":: null

2024-10-17 14:29:23 - [TEST_STEP][PASSED] - if (feinSsn.equalsIgnoreCase("Y")): Text ****** has been set on object 'Object Repository/RAD_Pages/TaxInfo_Page/input_TaxInfo_RetypeFeinSsn_New_2'

2024-10-17 14:29:23 - [TEST_STEP][PASSED] - setEncryptedText(findTestObject(orPath_TaxInfo + "/input_TaxInfo_FeinSsn_New_2"), "iGDxf8hSRT4="): Text ****** has been set on object 'Object Repository/RAD_Pages/TaxInfo_Page/input_TaxInfo_FeinSsn_New_2'

2024-10-17 14:29:23 - [MESSAGE][PASSED] - Text ****** has been set on object 'Object Repository/RAD_Pages/TaxInfo_Page/input_TaxInfo_FeinSsn_New_2'

2024-10-17 14:29:23 - [TEST_STEP][PASSED] - setEncryptedText(findTestObject(orPath_TaxInfo + "/input_TaxInfo_RetypeFeinSsn_New_2"), ""): Text ****** has been set on object 'Object Repository/RAD_Pages/TaxInfo_Page/input_TaxInfo_RetypeFeinSsn_New_2'

2024-10-17 14:29:24 - [MESSAGE][PASSED] - Text ****** has been set on object 'Object Repository/RAD_Pages/TaxInfo_Page/input_TaxInfo_RetypeFeinSsn_New_2'

2024-10-17 14:29:24 - [TEST_STEP][PASSED] - break: null

2024-10-17 14:29:24 - [TEST_STEP][PASSED] - if (feinSsn.equalsIgnoreCase("Y")): null

2024-10-17 14:29:24 - [TEST_STEP][PASSED] - if (verifyTextPresent("Please enter a valid FEIN/SSN with 9 digits", true)): null

2024-10-17 14:29:25 - [MESSAGE][PASSED] - Text 'Please enter a valid FEIN/SSN with 9 digits' is present on page  using regular expression

2024-10-17 14:29:25 - [TEST_STEP][PASSED] - println("Error Message is present on the page"): null

2024-10-17 14:29:25 - [TEST_STEP][PASSED] - out.println("Pass Record Number: " + row): null

2024-10-17 14:29:25 - [TEST_STEP][PASSED] - resText = "Pass": null

2024-10-17 14:29:25 - [TEST_STEP][PASSED] - pages.WriteExcel.demoKey(resText, datText, resColumn, datCloumn, fileLoc, nameSheet, row): pages.WriteExcel.demoKey is PASSED

2024-10-17 14:29:25 - [MESSAGE][PASSED] - pages.WriteExcel.demoKey is PASSED

2024-10-17 14:29:25 - [TEST_STEP][PASSED] - ExecuteTC = findTestData(dataFile).getValue("Execute", row): null

2024-10-17 14:29:25 - [TEST_STEP][PASSED] - Taxtype = findTestData(dataFile).getValue("TaxType", row): null

2024-10-17 14:29:25 - [TEST_STEP][PASSED] - Paymenttype = findTestData(dataFile).getValue("PaymentType", row): null

2024-10-17 14:29:25 - [TEST_STEP][PASSED] - feinSsn = findTestData(dataFile).getValue("FEINSSN", row): null

2024-10-17 14:29:25 - [TEST_STEP][PASSED] - out.println("Value of Execute is : " + ExecuteTC): null

2024-10-17 14:29:25 - [TEST_STEP][PASSED] - if (ExecuteTC.equalsIgnoreCase("Y")): null

2024-10-17 14:29:25 - [TEST_STEP][PASSED] - out.println("Begin Record Number: " + row): null

2024-10-17 14:29:25 - [TEST_STEP][PASSED] - today = new java.util.Date(): null

2024-10-17 14:29:25 - [TEST_STEP][PASSED] - println(today): null

2024-10-17 14:29:25 - [TEST_STEP][PASSED] - datText = today: null

2024-10-17 14:29:25 - [TEST_STEP][PASSED] - Taxtype = findTestData(dataFile).getValue("TaxType", row): null

2024-10-17 14:29:25 - [TEST_STEP][PASSED] - out.println("Taxtype value is : " + Taxtype): null

2024-10-17 14:29:25 - [TEST_STEP][PASSED] - openBrowser(""): Browser is opened with url: ''

2024-10-17 14:29:25 - [MESSAGE][WARNING] - A browser is already opened. Closing browser and opening a new one

2024-10-17 14:29:26 - [MESSAGE][INFO] - Starting 'Chrome' driver

2024-10-17 14:29:26 - [MESSAGE][INFO] - User set preference: ['acceptInsecureCerts', 'true']

2024-10-17 14:29:26 - [MESSAGE][INFO] - Action delay is set to 0 milliseconds

2024-10-17 14:29:28 - [MESSAGE][PASSED] - Browser is opened with url: ''

2024-10-17 14:29:28 - [TEST_STEP][PASSED] - maximizeWindow(): Current window maximized

2024-10-17 14:29:28 - [MESSAGE][PASSED] - Current window maximized

2024-10-17 14:29:28 - [TEST_STEP][PASSED] - navigateToUrl(RADurl): Navigate to 'https://demo.velocitypayment.com/client/rad/index.html' successfully

2024-10-17 14:29:30 - [MESSAGE][PASSED] - Navigate to 'https://demo.velocitypayment.com/client/rad/index.html' successfully

2024-10-17 14:29:30 - [TEST_STEP][PASSED] - orPath_Landing = "Object Repository/RAD_Pages/Landing_Page": null

2024-10-17 14:29:30 - [TEST_STEP][PASSED] - orPath_TaxTypeFilingYear = "Object Repository/RAD_Pages/TaxTypeFilingYear_Page": null

2024-10-17 14:29:30 - [TEST_STEP][PASSED] - orPath_TaxPayer = "Object Repository/RAD_Pages/Taxpayer_Page": null

2024-10-17 14:29:30 - [TEST_STEP][PASSED] - orPath_AddressContact = "Object Repository/RAD_Pages/AddressAndContactInfo_Page": null

2024-10-17 14:29:30 - [TEST_STEP][PASSED] - orPath_FilingStatus = "Object Repository/RAD_Pages/FilingStatus_Page": null

2024-10-17 14:29:30 - [TEST_STEP][PASSED] - orPath_Amount = "Object Repository/RAD_Pages/PaymentAmount_Page": null

2024-10-17 14:29:30 - [TEST_STEP][PASSED] - orPath_TaxInfo = "Object Repository/RAD_Pages/TaxInfo_Page": null

2024-10-17 14:29:30 - [TEST_STEP][PASSED] - orPath_Withholding = "Object Repository/RAD_Pages/Withholding_Page": null

2024-10-17 14:29:30 - [TEST_STEP][PASSED] - orPath_Summary = "Object Repository/RAD_Pages/Summary_Page": null

2024-10-17 14:29:30 - [TEST_STEP][PASSED] - orPath_PaymentReady = "Object Repository/RAD_Pages/PaymentReady_Page": null

2024-10-17 14:29:30 - [TEST_STEP][PASSED] - orPath_PaymentEntry = "Object Repository/RAD_Pages/PaymentEntry_Page": null

2024-10-17 14:29:30 - [TEST_STEP][PASSED] - orPath_PaymentConfirmation = "Object Repository/RAD_Pages/PaymentConfirmation_Page": null

2024-10-17 14:29:30 - [TEST_STEP][PASSED] - orPath_ServiceFeesAccept = "Object Repository/RAD_Pages/ServiceFeeAccept_Page": null

2024-10-17 14:29:30 - [TEST_STEP][PASSED] - selectOptionByLabel(findTestObject(orPath_Landing + "/dd_TaxType"), Paymenttype, false): All options with label 'Extension Payments' are selected in object 'Object Repository/RAD_Pages/Landing_Page/dd_TaxType' 

2024-10-17 14:29:31 - [MESSAGE][PASSED] - All options with label 'Extension Payments' are selected in object 'Object Repository/RAD_Pages/Landing_Page/dd_TaxType' 

2024-10-17 14:29:31 - [TEST_STEP][PASSED] - delay(1): Delayed 1 second(s)

2024-10-17 14:29:32 - [MESSAGE][PASSED] - Delayed 1 second(s)

2024-10-17 14:29:32 - [TEST_STEP][PASSED] - switch (Paymenttype): null

2024-10-17 14:29:32 - [TEST_STEP][PASSED] - case "Extension Payments":: null

2024-10-17 14:29:32 - [TEST_STEP][PASSED] - selectOptionByLabel(findTestObject(orPath_TaxTypeFilingYear + "/select_PaymentType"), Taxtype, false): All options with label 'Corporate Income Tax' are selected in object 'Object Repository/RAD_Pages/TaxTypeFilingYear_Page/select_PaymentType' 

2024-10-17 14:29:32 - [MESSAGE][PASSED] - All options with label 'Corporate Income Tax' are selected in object 'Object Repository/RAD_Pages/TaxTypeFilingYear_Page/select_PaymentType' 

2024-10-17 14:29:32 - [TEST_STEP][PASSED] - break: null

2024-10-17 14:29:32 - [TEST_STEP][PASSED] - delay(1): Delayed 1 second(s)

2024-10-17 14:29:33 - [MESSAGE][PASSED] - Delayed 1 second(s)

2024-10-17 14:29:33 - [TEST_STEP][PASSED] - switch (Paymenttype): null

2024-10-17 14:29:33 - [TEST_STEP][PASSED] - case "Extension Payments":: null

2024-10-17 14:29:33 - [TEST_STEP][PASSED] - if (feinSsn.equalsIgnoreCase("Y")): null

2024-10-17 14:29:33 - [TEST_STEP][PASSED] - else: Text ****** has been set on object 'Object Repository/RAD_Pages/TaxInfo_Page/input_FederalEIN_ReEnter'

2024-10-17 14:29:33 - [TEST_STEP][PASSED] - setEncryptedText(findTestObject(orPath_TaxInfo + "/input_FederalEIN"), "iGDxf8hSRT4="): Text ****** has been set on object 'Object Repository/RAD_Pages/TaxInfo_Page/input_FederalEIN'

2024-10-17 14:29:34 - [MESSAGE][PASSED] - Text ****** has been set on object 'Object Repository/RAD_Pages/TaxInfo_Page/input_FederalEIN'

2024-10-17 14:29:34 - [TEST_STEP][PASSED] - setEncryptedText(findTestObject(orPath_TaxInfo + "/input_FederalEIN_ReEnter"), ""): Text ****** has been set on object 'Object Repository/RAD_Pages/TaxInfo_Page/input_FederalEIN_ReEnter'

2024-10-17 14:29:35 - [MESSAGE][PASSED] - Text ****** has been set on object 'Object Repository/RAD_Pages/TaxInfo_Page/input_FederalEIN_ReEnter'

2024-10-17 14:29:35 - [TEST_STEP][PASSED] - break: null

2024-10-17 14:29:35 - [TEST_STEP][PASSED] - if (feinSsn.equalsIgnoreCase("Y")): null

2024-10-17 14:29:35 - [TEST_STEP][PASSED] - else: null

2024-10-17 14:29:35 - [TEST_STEP][PASSED] - if (verifyTextPresent("Please enter a valid FEIN with 9 digits.", true)): null

2024-10-17 14:29:35 - [MESSAGE][PASSED] - Text 'Please enter a valid FEIN with 9 digits.' is present on page  using regular expression

2024-10-17 14:29:35 - [TEST_STEP][PASSED] - println("Error Message is present on the page"): null

2024-10-17 14:29:35 - [TEST_STEP][PASSED] - out.println("Pass Record Number: " + row): null

2024-10-17 14:29:35 - [TEST_STEP][PASSED] - resText = "Pass": null

2024-10-17 14:29:35 - [TEST_STEP][PASSED] - pages.WriteExcel.demoKey(resText, datText, resColumn, datCloumn, fileLoc, nameSheet, row): pages.WriteExcel.demoKey is PASSED

2024-10-17 14:29:35 - [MESSAGE][PASSED] - pages.WriteExcel.demoKey is PASSED

2024-10-17 14:29:35 - [TEST_STEP][PASSED] - ExecuteTC = findTestData(dataFile).getValue("Execute", row): null

2024-10-17 14:29:35 - [TEST_STEP][PASSED] - Taxtype = findTestData(dataFile).getValue("TaxType", row): null

2024-10-17 14:29:35 - [TEST_STEP][PASSED] - Paymenttype = findTestData(dataFile).getValue("PaymentType", row): null

2024-10-17 14:29:35 - [TEST_STEP][PASSED] - feinSsn = findTestData(dataFile).getValue("FEINSSN", row): null

2024-10-17 14:29:35 - [TEST_STEP][PASSED] - out.println("Value of Execute is : " + ExecuteTC): null

2024-10-17 14:29:35 - [TEST_STEP][PASSED] - if (ExecuteTC.equalsIgnoreCase("Y")): null

2024-10-17 14:29:35 - [TEST_STEP][PASSED] - out.println("Begin Record Number: " + row): null

2024-10-17 14:29:35 - [TEST_STEP][PASSED] - today = new java.util.Date(): null

2024-10-17 14:29:35 - [TEST_STEP][PASSED] - println(today): null

2024-10-17 14:29:35 - [TEST_STEP][PASSED] - datText = today: null

2024-10-17 14:29:35 - [TEST_STEP][PASSED] - Taxtype = findTestData(dataFile).getValue("TaxType", row): null

2024-10-17 14:29:35 - [TEST_STEP][PASSED] - out.println("Taxtype value is : " + Taxtype): null

2024-10-17 14:29:35 - [TEST_STEP][PASSED] - openBrowser(""): Browser is opened with url: ''

2024-10-17 14:29:35 - [MESSAGE][WARNING] - A browser is already opened. Closing browser and opening a new one

2024-10-17 14:29:37 - [MESSAGE][INFO] - Starting 'Chrome' driver

2024-10-17 14:29:37 - [MESSAGE][INFO] - User set preference: ['acceptInsecureCerts', 'true']

2024-10-17 14:29:37 - [MESSAGE][INFO] - Action delay is set to 0 milliseconds

2024-10-17 14:29:38 - [MESSAGE][PASSED] - Browser is opened with url: ''

2024-10-17 14:29:38 - [TEST_STEP][PASSED] - maximizeWindow(): Current window maximized

2024-10-17 14:29:39 - [MESSAGE][PASSED] - Current window maximized

2024-10-17 14:29:39 - [TEST_STEP][PASSED] - navigateToUrl(RADurl): Navigate to 'https://demo.velocitypayment.com/client/rad/index.html' successfully

2024-10-17 14:29:39 - [MESSAGE][PASSED] - Navigate to 'https://demo.velocitypayment.com/client/rad/index.html' successfully

2024-10-17 14:29:39 - [TEST_STEP][PASSED] - orPath_Landing = "Object Repository/RAD_Pages/Landing_Page": null

2024-10-17 14:29:39 - [TEST_STEP][PASSED] - orPath_TaxTypeFilingYear = "Object Repository/RAD_Pages/TaxTypeFilingYear_Page": null

2024-10-17 14:29:39 - [TEST_STEP][PASSED] - orPath_TaxPayer = "Object Repository/RAD_Pages/Taxpayer_Page": null

2024-10-17 14:29:39 - [TEST_STEP][PASSED] - orPath_AddressContact = "Object Repository/RAD_Pages/AddressAndContactInfo_Page": null

2024-10-17 14:29:39 - [TEST_STEP][PASSED] - orPath_FilingStatus = "Object Repository/RAD_Pages/FilingStatus_Page": null

2024-10-17 14:29:39 - [TEST_STEP][PASSED] - orPath_Amount = "Object Repository/RAD_Pages/PaymentAmount_Page": null

2024-10-17 14:29:39 - [TEST_STEP][PASSED] - orPath_TaxInfo = "Object Repository/RAD_Pages/TaxInfo_Page": null

2024-10-17 14:29:39 - [TEST_STEP][PASSED] - orPath_Withholding = "Object Repository/RAD_Pages/Withholding_Page": null

2024-10-17 14:29:39 - [TEST_STEP][PASSED] - orPath_Summary = "Object Repository/RAD_Pages/Summary_Page": null

2024-10-17 14:29:39 - [TEST_STEP][PASSED] - orPath_PaymentReady = "Object Repository/RAD_Pages/PaymentReady_Page": null

2024-10-17 14:29:39 - [TEST_STEP][PASSED] - orPath_PaymentEntry = "Object Repository/RAD_Pages/PaymentEntry_Page": null

2024-10-17 14:29:39 - [TEST_STEP][PASSED] - orPath_PaymentConfirmation = "Object Repository/RAD_Pages/PaymentConfirmation_Page": null

2024-10-17 14:29:39 - [TEST_STEP][PASSED] - orPath_ServiceFeesAccept = "Object Repository/RAD_Pages/ServiceFeeAccept_Page": null

2024-10-17 14:29:39 - [TEST_STEP][PASSED] - selectOptionByLabel(findTestObject(orPath_Landing + "/dd_TaxType"), Paymenttype, false): All options with label 'Extension Payments' are selected in object 'Object Repository/RAD_Pages/Landing_Page/dd_TaxType' 

2024-10-17 14:29:41 - [MESSAGE][PASSED] - All options with label 'Extension Payments' are selected in object 'Object Repository/RAD_Pages/Landing_Page/dd_TaxType' 

2024-10-17 14:29:41 - [TEST_STEP][PASSED] - delay(1): Delayed 1 second(s)

2024-10-17 14:29:42 - [MESSAGE][PASSED] - Delayed 1 second(s)

2024-10-17 14:29:42 - [TEST_STEP][PASSED] - switch (Paymenttype): null

2024-10-17 14:29:42 - [TEST_STEP][PASSED] - case "Extension Payments":: null

2024-10-17 14:29:42 - [TEST_STEP][PASSED] - selectOptionByLabel(findTestObject(orPath_TaxTypeFilingYear + "/select_PaymentType"), Taxtype, false): All options with label 'Fiduciary Tax' are selected in object 'Object Repository/RAD_Pages/TaxTypeFilingYear_Page/select_PaymentType' 

2024-10-17 14:29:43 - [MESSAGE][PASSED] - All options with label 'Fiduciary Tax' are selected in object 'Object Repository/RAD_Pages/TaxTypeFilingYear_Page/select_PaymentType' 

2024-10-17 14:29:43 - [TEST_STEP][PASSED] - break: null

2024-10-17 14:29:43 - [TEST_STEP][PASSED] - delay(1): Delayed 1 second(s)

2024-10-17 14:29:44 - [MESSAGE][PASSED] - Delayed 1 second(s)

2024-10-17 14:29:44 - [TEST_STEP][PASSED] - switch (Paymenttype): null

2024-10-17 14:29:44 - [TEST_STEP][PASSED] - case "Extension Payments":: null

2024-10-17 14:29:44 - [TEST_STEP][PASSED] - if (feinSsn.equalsIgnoreCase("Y")): null

2024-10-17 14:29:44 - [TEST_STEP][PASSED] - else: Text ****** has been set on object 'Object Repository/RAD_Pages/TaxInfo_Page/input_FederalEIN_ReEnter'

2024-10-17 14:29:44 - [TEST_STEP][PASSED] - setEncryptedText(findTestObject(orPath_TaxInfo + "/input_FederalEIN"), "iGDxf8hSRT4="): Text ****** has been set on object 'Object Repository/RAD_Pages/TaxInfo_Page/input_FederalEIN'

2024-10-17 14:29:44 - [MESSAGE][PASSED] - Text ****** has been set on object 'Object Repository/RAD_Pages/TaxInfo_Page/input_FederalEIN'

2024-10-17 14:29:44 - [TEST_STEP][PASSED] - setEncryptedText(findTestObject(orPath_TaxInfo + "/input_FederalEIN_ReEnter"), ""): Text ****** has been set on object 'Object Repository/RAD_Pages/TaxInfo_Page/input_FederalEIN_ReEnter'

2024-10-17 14:29:45 - [MESSAGE][PASSED] - Text ****** has been set on object 'Object Repository/RAD_Pages/TaxInfo_Page/input_FederalEIN_ReEnter'

2024-10-17 14:29:45 - [TEST_STEP][PASSED] - break: null

2024-10-17 14:29:45 - [TEST_STEP][PASSED] - if (feinSsn.equalsIgnoreCase("Y")): null

2024-10-17 14:29:45 - [TEST_STEP][PASSED] - else: null

2024-10-17 14:29:45 - [TEST_STEP][PASSED] - if (verifyTextPresent("Please enter a valid FEIN with 9 digits.", true)): null

2024-10-17 14:29:46 - [MESSAGE][PASSED] - Text 'Please enter a valid FEIN with 9 digits.' is present on page  using regular expression

2024-10-17 14:29:46 - [TEST_STEP][PASSED] - println("Error Message is present on the page"): null

2024-10-17 14:29:46 - [TEST_STEP][PASSED] - out.println("Pass Record Number: " + row): null

2024-10-17 14:29:46 - [TEST_STEP][PASSED] - resText = "Pass": null

2024-10-17 14:29:46 - [TEST_STEP][PASSED] - pages.WriteExcel.demoKey(resText, datText, resColumn, datCloumn, fileLoc, nameSheet, row): pages.WriteExcel.demoKey is PASSED

2024-10-17 14:29:46 - [MESSAGE][PASSED] - pages.WriteExcel.demoKey is PASSED

2024-10-17 14:29:46 - [TEST_STEP][PASSED] - ExecuteTC = findTestData(dataFile).getValue("Execute", row): null

2024-10-17 14:29:46 - [TEST_STEP][PASSED] - Taxtype = findTestData(dataFile).getValue("TaxType", row): null

2024-10-17 14:29:46 - [TEST_STEP][PASSED] - Paymenttype = findTestData(dataFile).getValue("PaymentType", row): null

2024-10-17 14:29:46 - [TEST_STEP][PASSED] - feinSsn = findTestData(dataFile).getValue("FEINSSN", row): null

2024-10-17 14:29:46 - [TEST_STEP][PASSED] - out.println("Value of Execute is : " + ExecuteTC): null

2024-10-17 14:29:46 - [TEST_STEP][PASSED] - if (ExecuteTC.equalsIgnoreCase("Y")): null

2024-10-17 14:29:46 - [TEST_STEP][PASSED] - out.println("Begin Record Number: " + row): null

2024-10-17 14:29:46 - [TEST_STEP][PASSED] - today = new java.util.Date(): null

2024-10-17 14:29:46 - [TEST_STEP][PASSED] - println(today): null

2024-10-17 14:29:46 - [TEST_STEP][PASSED] - datText = today: null

2024-10-17 14:29:46 - [TEST_STEP][PASSED] - Taxtype = findTestData(dataFile).getValue("TaxType", row): null

2024-10-17 14:29:46 - [TEST_STEP][PASSED] - out.println("Taxtype value is : " + Taxtype): null

2024-10-17 14:29:46 - [TEST_STEP][PASSED] - openBrowser(""): Browser is opened with url: ''

2024-10-17 14:29:46 - [MESSAGE][WARNING] - A browser is already opened. Closing browser and opening a new one

2024-10-17 14:29:47 - [MESSAGE][INFO] - Starting 'Chrome' driver

2024-10-17 14:29:47 - [MESSAGE][INFO] - User set preference: ['acceptInsecureCerts', 'true']

2024-10-17 14:29:47 - [MESSAGE][INFO] - Action delay is set to 0 milliseconds

2024-10-17 14:29:49 - [MESSAGE][PASSED] - Browser is opened with url: ''

2024-10-17 14:29:49 - [TEST_STEP][PASSED] - maximizeWindow(): Current window maximized

2024-10-17 14:29:49 - [MESSAGE][PASSED] - Current window maximized

2024-10-17 14:29:49 - [TEST_STEP][PASSED] - navigateToUrl(RADurl): Navigate to 'https://demo.velocitypayment.com/client/rad/index.html' successfully

2024-10-17 14:29:51 - [MESSAGE][PASSED] - Navigate to 'https://demo.velocitypayment.com/client/rad/index.html' successfully

2024-10-17 14:29:51 - [TEST_STEP][PASSED] - orPath_Landing = "Object Repository/RAD_Pages/Landing_Page": null

2024-10-17 14:29:51 - [TEST_STEP][PASSED] - orPath_TaxTypeFilingYear = "Object Repository/RAD_Pages/TaxTypeFilingYear_Page": null

2024-10-17 14:29:51 - [TEST_STEP][PASSED] - orPath_TaxPayer = "Object Repository/RAD_Pages/Taxpayer_Page": null

2024-10-17 14:29:51 - [TEST_STEP][PASSED] - orPath_AddressContact = "Object Repository/RAD_Pages/AddressAndContactInfo_Page": null

2024-10-17 14:29:51 - [TEST_STEP][PASSED] - orPath_FilingStatus = "Object Repository/RAD_Pages/FilingStatus_Page": null

2024-10-17 14:29:51 - [TEST_STEP][PASSED] - orPath_Amount = "Object Repository/RAD_Pages/PaymentAmount_Page": null

2024-10-17 14:29:51 - [TEST_STEP][PASSED] - orPath_TaxInfo = "Object Repository/RAD_Pages/TaxInfo_Page": null

2024-10-17 14:29:51 - [TEST_STEP][PASSED] - orPath_Withholding = "Object Repository/RAD_Pages/Withholding_Page": null

2024-10-17 14:29:51 - [TEST_STEP][PASSED] - orPath_Summary = "Object Repository/RAD_Pages/Summary_Page": null

2024-10-17 14:29:51 - [TEST_STEP][PASSED] - orPath_PaymentReady = "Object Repository/RAD_Pages/PaymentReady_Page": null

2024-10-17 14:29:51 - [TEST_STEP][PASSED] - orPath_PaymentEntry = "Object Repository/RAD_Pages/PaymentEntry_Page": null

2024-10-17 14:29:51 - [TEST_STEP][PASSED] - orPath_PaymentConfirmation = "Object Repository/RAD_Pages/PaymentConfirmation_Page": null

2024-10-17 14:29:51 - [TEST_STEP][PASSED] - orPath_ServiceFeesAccept = "Object Repository/RAD_Pages/ServiceFeeAccept_Page": null

2024-10-17 14:29:51 - [TEST_STEP][PASSED] - selectOptionByLabel(findTestObject(orPath_Landing + "/dd_TaxType"), Paymenttype, false): All options with label 'Extension Payments' are selected in object 'Object Repository/RAD_Pages/Landing_Page/dd_TaxType' 

2024-10-17 14:29:51 - [MESSAGE][PASSED] - All options with label 'Extension Payments' are selected in object 'Object Repository/RAD_Pages/Landing_Page/dd_TaxType' 

2024-10-17 14:29:51 - [TEST_STEP][PASSED] - delay(1): Delayed 1 second(s)

2024-10-17 14:29:52 - [MESSAGE][PASSED] - Delayed 1 second(s)

2024-10-17 14:29:52 - [TEST_STEP][PASSED] - switch (Paymenttype): null

2024-10-17 14:29:52 - [TEST_STEP][PASSED] - case "Extension Payments":: null

2024-10-17 14:29:52 - [TEST_STEP][PASSED] - selectOptionByLabel(findTestObject(orPath_TaxTypeFilingYear + "/select_PaymentType"), Taxtype, false): All options with label 'PTE Non-Electing Non-S Corp' are selected in object 'Object Repository/RAD_Pages/TaxTypeFilingYear_Page/select_PaymentType' 

2024-10-17 14:29:53 - [MESSAGE][PASSED] - All options with label 'PTE Non-Electing Non-S Corp' are selected in object 'Object Repository/RAD_Pages/TaxTypeFilingYear_Page/select_PaymentType' 

2024-10-17 14:29:53 - [TEST_STEP][PASSED] - break: null

2024-10-17 14:29:53 - [TEST_STEP][PASSED] - delay(1): Delayed 1 second(s)

2024-10-17 14:29:54 - [MESSAGE][PASSED] - Delayed 1 second(s)

2024-10-17 14:29:54 - [TEST_STEP][PASSED] - switch (Paymenttype): null

2024-10-17 14:29:54 - [TEST_STEP][PASSED] - case "Extension Payments":: null

2024-10-17 14:29:54 - [TEST_STEP][PASSED] - if (feinSsn.equalsIgnoreCase("Y")): Text ****** has been set on object 'Object Repository/RAD_Pages/TaxInfo_Page/input_TaxInfo_RetypeFeinSsn_New_2'

2024-10-17 14:29:54 - [TEST_STEP][PASSED] - setEncryptedText(findTestObject(orPath_TaxInfo + "/input_TaxInfo_FeinSsn_New_2"), "iGDxf8hSRT4="): Text ****** has been set on object 'Object Repository/RAD_Pages/TaxInfo_Page/input_TaxInfo_FeinSsn_New_2'

2024-10-17 14:29:55 - [MESSAGE][PASSED] - Text ****** has been set on object 'Object Repository/RAD_Pages/TaxInfo_Page/input_TaxInfo_FeinSsn_New_2'

2024-10-17 14:29:55 - [TEST_STEP][PASSED] - setEncryptedText(findTestObject(orPath_TaxInfo + "/input_TaxInfo_RetypeFeinSsn_New_2"), ""): Text ****** has been set on object 'Object Repository/RAD_Pages/TaxInfo_Page/input_TaxInfo_RetypeFeinSsn_New_2'

2024-10-17 14:29:55 - [MESSAGE][PASSED] - Text ****** has been set on object 'Object Repository/RAD_Pages/TaxInfo_Page/input_TaxInfo_RetypeFeinSsn_New_2'

2024-10-17 14:29:55 - [TEST_STEP][PASSED] - break: null

2024-10-17 14:29:55 - [TEST_STEP][PASSED] - if (feinSsn.equalsIgnoreCase("Y")): null

2024-10-17 14:29:55 - [TEST_STEP][PASSED] - if (verifyTextPresent("Please enter a valid FEIN/SSN with 9 digits", true)): null

2024-10-17 14:29:56 - [MESSAGE][PASSED] - Text 'Please enter a valid FEIN/SSN with 9 digits' is present on page  using regular expression

2024-10-17 14:29:56 - [TEST_STEP][PASSED] - println("Error Message is present on the page"): null

2024-10-17 14:29:56 - [TEST_STEP][PASSED] - out.println("Pass Record Number: " + row): null

2024-10-17 14:29:56 - [TEST_STEP][PASSED] - resText = "Pass": null

2024-10-17 14:29:56 - [TEST_STEP][PASSED] - pages.WriteExcel.demoKey(resText, datText, resColumn, datCloumn, fileLoc, nameSheet, row): pages.WriteExcel.demoKey is PASSED

2024-10-17 14:29:56 - [MESSAGE][PASSED] - pages.WriteExcel.demoKey is PASSED

2024-10-17 14:29:56 - [TEST_STEP][PASSED] - ExecuteTC = findTestData(dataFile).getValue("Execute", row): null

2024-10-17 14:29:56 - [TEST_STEP][PASSED] - Taxtype = findTestData(dataFile).getValue("TaxType", row): null

2024-10-17 14:29:56 - [TEST_STEP][PASSED] - Paymenttype = findTestData(dataFile).getValue("PaymentType", row): null

2024-10-17 14:29:56 - [TEST_STEP][PASSED] - feinSsn = findTestData(dataFile).getValue("FEINSSN", row): null

2024-10-17 14:29:56 - [TEST_STEP][PASSED] - out.println("Value of Execute is : " + ExecuteTC): null

2024-10-17 14:29:56 - [TEST_STEP][PASSED] - if (ExecuteTC.equalsIgnoreCase("Y")): null

2024-10-17 14:29:56 - [TEST_STEP][PASSED] - out.println("Begin Record Number: " + row): null

2024-10-17 14:29:56 - [TEST_STEP][PASSED] - today = new java.util.Date(): null

2024-10-17 14:29:56 - [TEST_STEP][PASSED] - println(today): null

2024-10-17 14:29:56 - [TEST_STEP][PASSED] - datText = today: null

2024-10-17 14:29:56 - [TEST_STEP][PASSED] - Taxtype = findTestData(dataFile).getValue("TaxType", row): null

2024-10-17 14:29:56 - [TEST_STEP][PASSED] - out.println("Taxtype value is : " + Taxtype): null

2024-10-17 14:29:56 - [TEST_STEP][PASSED] - openBrowser(""): Browser is opened with url: ''

2024-10-17 14:29:56 - [MESSAGE][WARNING] - A browser is already opened. Closing browser and opening a new one

2024-10-17 14:29:58 - [MESSAGE][INFO] - Starting 'Chrome' driver

2024-10-17 14:29:58 - [MESSAGE][INFO] - User set preference: ['acceptInsecureCerts', 'true']

2024-10-17 14:29:58 - [MESSAGE][INFO] - Action delay is set to 0 milliseconds

2024-10-17 14:30:00 - [MESSAGE][PASSED] - Browser is opened with url: ''

2024-10-17 14:30:00 - [TEST_STEP][PASSED] - maximizeWindow(): Current window maximized

2024-10-17 14:30:00 - [MESSAGE][PASSED] - Current window maximized

2024-10-17 14:30:00 - [TEST_STEP][PASSED] - navigateToUrl(RADurl): Navigate to 'https://demo.velocitypayment.com/client/rad/index.html' successfully

2024-10-17 14:30:02 - [MESSAGE][PASSED] - Navigate to 'https://demo.velocitypayment.com/client/rad/index.html' successfully

2024-10-17 14:30:02 - [TEST_STEP][PASSED] - orPath_Landing = "Object Repository/RAD_Pages/Landing_Page": null

2024-10-17 14:30:02 - [TEST_STEP][PASSED] - orPath_TaxTypeFilingYear = "Object Repository/RAD_Pages/TaxTypeFilingYear_Page": null

2024-10-17 14:30:02 - [TEST_STEP][PASSED] - orPath_TaxPayer = "Object Repository/RAD_Pages/Taxpayer_Page": null

2024-10-17 14:30:02 - [TEST_STEP][PASSED] - orPath_AddressContact = "Object Repository/RAD_Pages/AddressAndContactInfo_Page": null

2024-10-17 14:30:02 - [TEST_STEP][PASSED] - orPath_FilingStatus = "Object Repository/RAD_Pages/FilingStatus_Page": null

2024-10-17 14:30:02 - [TEST_STEP][PASSED] - orPath_Amount = "Object Repository/RAD_Pages/PaymentAmount_Page": null

2024-10-17 14:30:02 - [TEST_STEP][PASSED] - orPath_TaxInfo = "Object Repository/RAD_Pages/TaxInfo_Page": null

2024-10-17 14:30:02 - [TEST_STEP][PASSED] - orPath_Withholding = "Object Repository/RAD_Pages/Withholding_Page": null

2024-10-17 14:30:02 - [TEST_STEP][PASSED] - orPath_Summary = "Object Repository/RAD_Pages/Summary_Page": null

2024-10-17 14:30:02 - [TEST_STEP][PASSED] - orPath_PaymentReady = "Object Repository/RAD_Pages/PaymentReady_Page": null

2024-10-17 14:30:02 - [TEST_STEP][PASSED] - orPath_PaymentEntry = "Object Repository/RAD_Pages/PaymentEntry_Page": null

2024-10-17 14:30:02 - [TEST_STEP][PASSED] - orPath_PaymentConfirmation = "Object Repository/RAD_Pages/PaymentConfirmation_Page": null

2024-10-17 14:30:02 - [TEST_STEP][PASSED] - orPath_ServiceFeesAccept = "Object Repository/RAD_Pages/ServiceFeeAccept_Page": null

2024-10-17 14:30:02 - [TEST_STEP][PASSED] - selectOptionByLabel(findTestObject(orPath_Landing + "/dd_TaxType"), Paymenttype, false): All options with label 'Extension Payments' are selected in object 'Object Repository/RAD_Pages/Landing_Page/dd_TaxType' 

2024-10-17 14:30:03 - [MESSAGE][PASSED] - All options with label 'Extension Payments' are selected in object 'Object Repository/RAD_Pages/Landing_Page/dd_TaxType' 

2024-10-17 14:30:03 - [TEST_STEP][PASSED] - delay(1): Delayed 1 second(s)

2024-10-17 14:30:04 - [MESSAGE][PASSED] - Delayed 1 second(s)

2024-10-17 14:30:04 - [TEST_STEP][PASSED] - switch (Paymenttype): null

2024-10-17 14:30:04 - [TEST_STEP][PASSED] - case "Extension Payments":: null

2024-10-17 14:30:04 - [TEST_STEP][PASSED] - selectOptionByLabel(findTestObject(orPath_TaxTypeFilingYear + "/select_PaymentType"), Taxtype, false): All options with label 'PTE Non-Electing S Corp' are selected in object 'Object Repository/RAD_Pages/TaxTypeFilingYear_Page/select_PaymentType' 

2024-10-17 14:30:04 - [MESSAGE][PASSED] - All options with label 'PTE Non-Electing S Corp' are selected in object 'Object Repository/RAD_Pages/TaxTypeFilingYear_Page/select_PaymentType' 

2024-10-17 14:30:04 - [TEST_STEP][PASSED] - break: null

2024-10-17 14:30:04 - [TEST_STEP][PASSED] - delay(1): Delayed 1 second(s)

2024-10-17 14:30:05 - [MESSAGE][PASSED] - Delayed 1 second(s)

2024-10-17 14:30:05 - [TEST_STEP][PASSED] - switch (Paymenttype): null

2024-10-17 14:30:05 - [TEST_STEP][PASSED] - case "Extension Payments":: null

2024-10-17 14:30:05 - [TEST_STEP][PASSED] - if (feinSsn.equalsIgnoreCase("Y")): Text ****** has been set on object 'Object Repository/RAD_Pages/TaxInfo_Page/input_TaxInfo_RetypeFeinSsn_New_2'

2024-10-17 14:30:05 - [TEST_STEP][PASSED] - setEncryptedText(findTestObject(orPath_TaxInfo + "/input_TaxInfo_FeinSsn_New_2"), "iGDxf8hSRT4="): Text ****** has been set on object 'Object Repository/RAD_Pages/TaxInfo_Page/input_TaxInfo_FeinSsn_New_2'

2024-10-17 14:30:06 - [MESSAGE][PASSED] - Text ****** has been set on object 'Object Repository/RAD_Pages/TaxInfo_Page/input_TaxInfo_FeinSsn_New_2'

2024-10-17 14:30:06 - [TEST_STEP][PASSED] - setEncryptedText(findTestObject(orPath_TaxInfo + "/input_TaxInfo_RetypeFeinSsn_New_2"), ""): Text ****** has been set on object 'Object Repository/RAD_Pages/TaxInfo_Page/input_TaxInfo_RetypeFeinSsn_New_2'

2024-10-17 14:30:07 - [MESSAGE][PASSED] - Text ****** has been set on object 'Object Repository/RAD_Pages/TaxInfo_Page/input_TaxInfo_RetypeFeinSsn_New_2'

2024-10-17 14:30:07 - [TEST_STEP][PASSED] - break: null

2024-10-17 14:30:07 - [TEST_STEP][PASSED] - if (feinSsn.equalsIgnoreCase("Y")): null

2024-10-17 14:30:07 - [TEST_STEP][PASSED] - if (verifyTextPresent("Please enter a valid FEIN/SSN with 9 digits", true)): null

2024-10-17 14:30:07 - [MESSAGE][PASSED] - Text 'Please enter a valid FEIN/SSN with 9 digits' is present on page  using regular expression

2024-10-17 14:30:07 - [TEST_STEP][PASSED] - println("Error Message is present on the page"): null

2024-10-17 14:30:07 - [TEST_STEP][PASSED] - out.println("Pass Record Number: " + row): null

2024-10-17 14:30:07 - [TEST_STEP][PASSED] - resText = "Pass": null

2024-10-17 14:30:07 - [TEST_STEP][PASSED] - pages.WriteExcel.demoKey(resText, datText, resColumn, datCloumn, fileLoc, nameSheet, row): pages.WriteExcel.demoKey is PASSED

2024-10-17 14:30:07 - [MESSAGE][PASSED] - pages.WriteExcel.demoKey is PASSED

2024-10-17 14:30:07 - [TEST_STEP][PASSED] - ExecuteTC = findTestData(dataFile).getValue("Execute", row): null

2024-10-17 14:30:07 - [TEST_STEP][PASSED] - Taxtype = findTestData(dataFile).getValue("TaxType", row): null

2024-10-17 14:30:07 - [TEST_STEP][PASSED] - Paymenttype = findTestData(dataFile).getValue("PaymentType", row): null

2024-10-17 14:30:07 - [TEST_STEP][PASSED] - feinSsn = findTestData(dataFile).getValue("FEINSSN", row): null

2024-10-17 14:30:08 - [TEST_STEP][PASSED] - out.println("Value of Execute is : " + ExecuteTC): null

2024-10-17 14:30:08 - [TEST_STEP][PASSED] - if (ExecuteTC.equalsIgnoreCase("Y")): null

2024-10-17 14:30:08 - [TEST_STEP][PASSED] - out.println("Begin Record Number: " + row): null

2024-10-17 14:30:08 - [TEST_STEP][PASSED] - today = new java.util.Date(): null

2024-10-17 14:30:08 - [TEST_STEP][PASSED] - println(today): null

2024-10-17 14:30:08 - [TEST_STEP][PASSED] - datText = today: null

2024-10-17 14:30:08 - [TEST_STEP][PASSED] - Taxtype = findTestData(dataFile).getValue("TaxType", row): null

2024-10-17 14:30:08 - [TEST_STEP][PASSED] - out.println("Taxtype value is : " + Taxtype): null

2024-10-17 14:30:08 - [TEST_STEP][PASSED] - openBrowser(""): Browser is opened with url: ''

2024-10-17 14:30:08 - [MESSAGE][WARNING] - A browser is already opened. Closing browser and opening a new one

2024-10-17 14:30:09 - [MESSAGE][INFO] - Starting 'Chrome' driver

2024-10-17 14:30:09 - [MESSAGE][INFO] - User set preference: ['acceptInsecureCerts', 'true']

2024-10-17 14:30:09 - [MESSAGE][INFO] - Action delay is set to 0 milliseconds

2024-10-17 14:30:11 - [MESSAGE][PASSED] - Browser is opened with url: ''

2024-10-17 14:30:11 - [TEST_STEP][PASSED] - maximizeWindow(): Current window maximized

2024-10-17 14:30:11 - [MESSAGE][PASSED] - Current window maximized

2024-10-17 14:30:11 - [TEST_STEP][PASSED] - navigateToUrl(RADurl): Navigate to 'https://demo.velocitypayment.com/client/rad/index.html' successfully

2024-10-17 14:30:13 - [MESSAGE][PASSED] - Navigate to 'https://demo.velocitypayment.com/client/rad/index.html' successfully

2024-10-17 14:30:13 - [TEST_STEP][PASSED] - orPath_Landing = "Object Repository/RAD_Pages/Landing_Page": null

2024-10-17 14:30:13 - [TEST_STEP][PASSED] - orPath_TaxTypeFilingYear = "Object Repository/RAD_Pages/TaxTypeFilingYear_Page": null

2024-10-17 14:30:13 - [TEST_STEP][PASSED] - orPath_TaxPayer = "Object Repository/RAD_Pages/Taxpayer_Page": null

2024-10-17 14:30:13 - [TEST_STEP][PASSED] - orPath_AddressContact = "Object Repository/RAD_Pages/AddressAndContactInfo_Page": null

2024-10-17 14:30:13 - [TEST_STEP][PASSED] - orPath_FilingStatus = "Object Repository/RAD_Pages/FilingStatus_Page": null

2024-10-17 14:30:13 - [TEST_STEP][PASSED] - orPath_Amount = "Object Repository/RAD_Pages/PaymentAmount_Page": null

2024-10-17 14:30:13 - [TEST_STEP][PASSED] - orPath_TaxInfo = "Object Repository/RAD_Pages/TaxInfo_Page": null

2024-10-17 14:30:13 - [TEST_STEP][PASSED] - orPath_Withholding = "Object Repository/RAD_Pages/Withholding_Page": null

2024-10-17 14:30:13 - [TEST_STEP][PASSED] - orPath_Summary = "Object Repository/RAD_Pages/Summary_Page": null

2024-10-17 14:30:13 - [TEST_STEP][PASSED] - orPath_PaymentReady = "Object Repository/RAD_Pages/PaymentReady_Page": null

2024-10-17 14:30:13 - [TEST_STEP][PASSED] - orPath_PaymentEntry = "Object Repository/RAD_Pages/PaymentEntry_Page": null

2024-10-17 14:30:13 - [TEST_STEP][PASSED] - orPath_PaymentConfirmation = "Object Repository/RAD_Pages/PaymentConfirmation_Page": null

2024-10-17 14:30:13 - [TEST_STEP][PASSED] - orPath_ServiceFeesAccept = "Object Repository/RAD_Pages/ServiceFeeAccept_Page": null

2024-10-17 14:30:13 - [TEST_STEP][PASSED] - selectOptionByLabel(findTestObject(orPath_Landing + "/dd_TaxType"), Paymenttype, false): All options with label 'Extension Payments' are selected in object 'Object Repository/RAD_Pages/Landing_Page/dd_TaxType' 

2024-10-17 14:30:14 - [MESSAGE][PASSED] - All options with label 'Extension Payments' are selected in object 'Object Repository/RAD_Pages/Landing_Page/dd_TaxType' 

2024-10-17 14:30:14 - [TEST_STEP][PASSED] - delay(1): Delayed 1 second(s)

2024-10-17 14:30:15 - [MESSAGE][PASSED] - Delayed 1 second(s)

2024-10-17 14:30:15 - [TEST_STEP][PASSED] - switch (Paymenttype): null

2024-10-17 14:30:15 - [TEST_STEP][PASSED] - case "Extension Payments":: null

2024-10-17 14:30:15 - [TEST_STEP][PASSED] - selectOptionByLabel(findTestObject(orPath_TaxTypeFilingYear + "/select_PaymentType"), Taxtype, false): All options with label 'PTE Tax Electing Non-S Corp' are selected in object 'Object Repository/RAD_Pages/TaxTypeFilingYear_Page/select_PaymentType' 

2024-10-17 14:30:16 - [MESSAGE][PASSED] - All options with label 'PTE Tax Electing Non-S Corp' are selected in object 'Object Repository/RAD_Pages/TaxTypeFilingYear_Page/select_PaymentType' 

2024-10-17 14:30:16 - [TEST_STEP][PASSED] - break: null

2024-10-17 14:30:16 - [TEST_STEP][PASSED] - delay(1): Delayed 1 second(s)

2024-10-17 14:30:17 - [MESSAGE][PASSED] - Delayed 1 second(s)

2024-10-17 14:30:17 - [TEST_STEP][PASSED] - switch (Paymenttype): null

2024-10-17 14:30:17 - [TEST_STEP][PASSED] - case "Extension Payments":: null

2024-10-17 14:30:17 - [TEST_STEP][PASSED] - if (feinSsn.equalsIgnoreCase("Y")): Text ****** has been set on object 'Object Repository/RAD_Pages/TaxInfo_Page/input_TaxInfo_RetypeFeinSsn_New_2'

2024-10-17 14:30:17 - [TEST_STEP][PASSED] - setEncryptedText(findTestObject(orPath_TaxInfo + "/input_TaxInfo_FeinSsn_New_2"), "iGDxf8hSRT4="): Text ****** has been set on object 'Object Repository/RAD_Pages/TaxInfo_Page/input_TaxInfo_FeinSsn_New_2'

2024-10-17 14:30:17 - [MESSAGE][PASSED] - Text ****** has been set on object 'Object Repository/RAD_Pages/TaxInfo_Page/input_TaxInfo_FeinSsn_New_2'

2024-10-17 14:30:17 - [TEST_STEP][PASSED] - setEncryptedText(findTestObject(orPath_TaxInfo + "/input_TaxInfo_RetypeFeinSsn_New_2"), ""): Text ****** has been set on object 'Object Repository/RAD_Pages/TaxInfo_Page/input_TaxInfo_RetypeFeinSsn_New_2'

2024-10-17 14:30:18 - [MESSAGE][PASSED] - Text ****** has been set on object 'Object Repository/RAD_Pages/TaxInfo_Page/input_TaxInfo_RetypeFeinSsn_New_2'

2024-10-17 14:30:18 - [TEST_STEP][PASSED] - break: null

2024-10-17 14:30:18 - [TEST_STEP][PASSED] - if (feinSsn.equalsIgnoreCase("Y")): null

2024-10-17 14:30:18 - [TEST_STEP][PASSED] - if (verifyTextPresent("Please enter a valid FEIN/SSN with 9 digits", true)): null

2024-10-17 14:30:18 - [MESSAGE][PASSED] - Text 'Please enter a valid FEIN/SSN with 9 digits' is present on page  using regular expression

2024-10-17 14:30:18 - [TEST_STEP][PASSED] - println("Error Message is present on the page"): null

2024-10-17 14:30:18 - [TEST_STEP][PASSED] - out.println("Pass Record Number: " + row): null

2024-10-17 14:30:18 - [TEST_STEP][PASSED] - resText = "Pass": null

2024-10-17 14:30:18 - [TEST_STEP][PASSED] - pages.WriteExcel.demoKey(resText, datText, resColumn, datCloumn, fileLoc, nameSheet, row): pages.WriteExcel.demoKey is PASSED

2024-10-17 14:30:18 - [MESSAGE][PASSED] - pages.WriteExcel.demoKey is PASSED

2024-10-17 14:30:18 - [TEST_STEP][PASSED] - ExecuteTC = findTestData(dataFile).getValue("Execute", row): null

2024-10-17 14:30:19 - [TEST_STEP][PASSED] - Taxtype = findTestData(dataFile).getValue("TaxType", row): null

2024-10-17 14:30:19 - [TEST_STEP][PASSED] - Paymenttype = findTestData(dataFile).getValue("PaymentType", row): null

2024-10-17 14:30:19 - [TEST_STEP][PASSED] - feinSsn = findTestData(dataFile).getValue("FEINSSN", row): null

2024-10-17 14:30:19 - [TEST_STEP][PASSED] - out.println("Value of Execute is : " + ExecuteTC): null

2024-10-17 14:30:19 - [TEST_STEP][PASSED] - if (ExecuteTC.equalsIgnoreCase("Y")): null

2024-10-17 14:30:19 - [TEST_STEP][PASSED] - out.println("Begin Record Number: " + row): null

2024-10-17 14:30:19 - [TEST_STEP][PASSED] - today = new java.util.Date(): null

2024-10-17 14:30:19 - [TEST_STEP][PASSED] - println(today): null

2024-10-17 14:30:19 - [TEST_STEP][PASSED] - datText = today: null

2024-10-17 14:30:19 - [TEST_STEP][PASSED] - Taxtype = findTestData(dataFile).getValue("TaxType", row): null

2024-10-17 14:30:19 - [TEST_STEP][PASSED] - out.println("Taxtype value is : " + Taxtype): null

2024-10-17 14:30:19 - [TEST_STEP][PASSED] - openBrowser(""): Browser is opened with url: ''

2024-10-17 14:30:19 - [MESSAGE][WARNING] - A browser is already opened. Closing browser and opening a new one

2024-10-17 14:30:20 - [MESSAGE][INFO] - Starting 'Chrome' driver

2024-10-17 14:30:20 - [MESSAGE][INFO] - User set preference: ['acceptInsecureCerts', 'true']

2024-10-17 14:30:20 - [MESSAGE][INFO] - Action delay is set to 0 milliseconds

2024-10-17 14:30:22 - [MESSAGE][PASSED] - Browser is opened with url: ''

2024-10-17 14:30:22 - [TEST_STEP][PASSED] - maximizeWindow(): Current window maximized

2024-10-17 14:30:22 - [MESSAGE][PASSED] - Current window maximized

2024-10-17 14:30:22 - [TEST_STEP][PASSED] - navigateToUrl(RADurl): Navigate to 'https://demo.velocitypayment.com/client/rad/index.html' successfully

2024-10-17 14:30:24 - [MESSAGE][PASSED] - Navigate to 'https://demo.velocitypayment.com/client/rad/index.html' successfully

2024-10-17 14:30:24 - [TEST_STEP][PASSED] - orPath_Landing = "Object Repository/RAD_Pages/Landing_Page": null

2024-10-17 14:30:24 - [TEST_STEP][PASSED] - orPath_TaxTypeFilingYear = "Object Repository/RAD_Pages/TaxTypeFilingYear_Page": null

2024-10-17 14:30:24 - [TEST_STEP][PASSED] - orPath_TaxPayer = "Object Repository/RAD_Pages/Taxpayer_Page": null

2024-10-17 14:30:24 - [TEST_STEP][PASSED] - orPath_AddressContact = "Object Repository/RAD_Pages/AddressAndContactInfo_Page": null

2024-10-17 14:30:24 - [TEST_STEP][PASSED] - orPath_FilingStatus = "Object Repository/RAD_Pages/FilingStatus_Page": null

2024-10-17 14:30:24 - [TEST_STEP][PASSED] - orPath_Amount = "Object Repository/RAD_Pages/PaymentAmount_Page": null

2024-10-17 14:30:24 - [TEST_STEP][PASSED] - orPath_TaxInfo = "Object Repository/RAD_Pages/TaxInfo_Page": null

2024-10-17 14:30:24 - [TEST_STEP][PASSED] - orPath_Withholding = "Object Repository/RAD_Pages/Withholding_Page": null

2024-10-17 14:30:24 - [TEST_STEP][PASSED] - orPath_Summary = "Object Repository/RAD_Pages/Summary_Page": null

2024-10-17 14:30:24 - [TEST_STEP][PASSED] - orPath_PaymentReady = "Object Repository/RAD_Pages/PaymentReady_Page": null

2024-10-17 14:30:24 - [TEST_STEP][PASSED] - orPath_PaymentEntry = "Object Repository/RAD_Pages/PaymentEntry_Page": null

2024-10-17 14:30:24 - [TEST_STEP][PASSED] - orPath_PaymentConfirmation = "Object Repository/RAD_Pages/PaymentConfirmation_Page": null

2024-10-17 14:30:24 - [TEST_STEP][PASSED] - orPath_ServiceFeesAccept = "Object Repository/RAD_Pages/ServiceFeeAccept_Page": null

2024-10-17 14:30:24 - [TEST_STEP][PASSED] - selectOptionByLabel(findTestObject(orPath_Landing + "/dd_TaxType"), Paymenttype, false): All options with label 'Extension Payments' are selected in object 'Object Repository/RAD_Pages/Landing_Page/dd_TaxType' 

2024-10-17 14:30:24 - [MESSAGE][PASSED] - All options with label 'Extension Payments' are selected in object 'Object Repository/RAD_Pages/Landing_Page/dd_TaxType' 

2024-10-17 14:30:24 - [TEST_STEP][PASSED] - delay(1): Delayed 1 second(s)

2024-10-17 14:30:25 - [MESSAGE][PASSED] - Delayed 1 second(s)

2024-10-17 14:30:25 - [TEST_STEP][PASSED] - switch (Paymenttype): null

2024-10-17 14:30:25 - [TEST_STEP][PASSED] - case "Extension Payments":: null

2024-10-17 14:30:25 - [TEST_STEP][PASSED] - selectOptionByLabel(findTestObject(orPath_TaxTypeFilingYear + "/select_PaymentType"), Taxtype, false): All options with label 'PTE Tax Electing S Corp' are selected in object 'Object Repository/RAD_Pages/TaxTypeFilingYear_Page/select_PaymentType' 

2024-10-17 14:30:26 - [MESSAGE][PASSED] - All options with label 'PTE Tax Electing S Corp' are selected in object 'Object Repository/RAD_Pages/TaxTypeFilingYear_Page/select_PaymentType' 

2024-10-17 14:30:26 - [TEST_STEP][PASSED] - break: null

2024-10-17 14:30:26 - [TEST_STEP][PASSED] - delay(1): Delayed 1 second(s)

2024-10-17 14:30:27 - [MESSAGE][PASSED] - Delayed 1 second(s)

2024-10-17 14:30:27 - [TEST_STEP][PASSED] - switch (Paymenttype): null

2024-10-17 14:30:27 - [TEST_STEP][PASSED] - case "Extension Payments":: null

2024-10-17 14:30:27 - [TEST_STEP][PASSED] - if (feinSsn.equalsIgnoreCase("Y")): Text ****** has been set on object 'Object Repository/RAD_Pages/TaxInfo_Page/input_TaxInfo_RetypeFeinSsn_New_2'

2024-10-17 14:30:27 - [TEST_STEP][PASSED] - setEncryptedText(findTestObject(orPath_TaxInfo + "/input_TaxInfo_FeinSsn_New_2"), "iGDxf8hSRT4="): Text ****** has been set on object 'Object Repository/RAD_Pages/TaxInfo_Page/input_TaxInfo_FeinSsn_New_2'

2024-10-17 14:30:28 - [MESSAGE][PASSED] - Text ****** has been set on object 'Object Repository/RAD_Pages/TaxInfo_Page/input_TaxInfo_FeinSsn_New_2'

2024-10-17 14:30:28 - [TEST_STEP][PASSED] - setEncryptedText(findTestObject(orPath_TaxInfo + "/input_TaxInfo_RetypeFeinSsn_New_2"), ""): Text ****** has been set on object 'Object Repository/RAD_Pages/TaxInfo_Page/input_TaxInfo_RetypeFeinSsn_New_2'

2024-10-17 14:30:28 - [MESSAGE][PASSED] - Text ****** has been set on object 'Object Repository/RAD_Pages/TaxInfo_Page/input_TaxInfo_RetypeFeinSsn_New_2'

2024-10-17 14:30:28 - [TEST_STEP][PASSED] - break: null

2024-10-17 14:30:28 - [TEST_STEP][PASSED] - if (feinSsn.equalsIgnoreCase("Y")): null

2024-10-17 14:30:28 - [TEST_STEP][PASSED] - if (verifyTextPresent("Please enter a valid FEIN/SSN with 9 digits", true)): null

2024-10-17 14:30:29 - [MESSAGE][PASSED] - Text 'Please enter a valid FEIN/SSN with 9 digits' is present on page  using regular expression

2024-10-17 14:30:29 - [TEST_STEP][PASSED] - println("Error Message is present on the page"): null

2024-10-17 14:30:29 - [TEST_STEP][PASSED] - out.println("Pass Record Number: " + row): null

2024-10-17 14:30:29 - [TEST_STEP][PASSED] - resText = "Pass": null

2024-10-17 14:30:29 - [TEST_STEP][PASSED] - pages.WriteExcel.demoKey(resText, datText, resColumn, datCloumn, fileLoc, nameSheet, row): pages.WriteExcel.demoKey is PASSED

2024-10-17 14:30:29 - [MESSAGE][PASSED] - pages.WriteExcel.demoKey is PASSED

2024-10-17 14:30:29 - [TEST_STEP][PASSED] - ExecuteTC = findTestData(dataFile).getValue("Execute", row): null

2024-10-17 14:30:29 - [TEST_STEP][PASSED] - Taxtype = findTestData(dataFile).getValue("TaxType", row): null

2024-10-17 14:30:29 - [TEST_STEP][PASSED] - Paymenttype = findTestData(dataFile).getValue("PaymentType", row): null

2024-10-17 14:30:29 - [TEST_STEP][PASSED] - feinSsn = findTestData(dataFile).getValue("FEINSSN", row): null

2024-10-17 14:30:29 - [TEST_STEP][PASSED] - out.println("Value of Execute is : " + ExecuteTC): null

2024-10-17 14:30:29 - [TEST_STEP][PASSED] - if (ExecuteTC.equalsIgnoreCase("Y")): null

2024-10-17 14:30:29 - [TEST_STEP][PASSED] - out.println("Begin Record Number: " + row): null

2024-10-17 14:30:29 - [TEST_STEP][PASSED] - today = new java.util.Date(): null

2024-10-17 14:30:29 - [TEST_STEP][PASSED] - println(today): null

2024-10-17 14:30:29 - [TEST_STEP][PASSED] - datText = today: null

2024-10-17 14:30:29 - [TEST_STEP][PASSED] - Taxtype = findTestData(dataFile).getValue("TaxType", row): null

2024-10-17 14:30:29 - [TEST_STEP][PASSED] - out.println("Taxtype value is : " + Taxtype): null

2024-10-17 14:30:29 - [TEST_STEP][PASSED] - openBrowser(""): Browser is opened with url: ''

2024-10-17 14:30:29 - [MESSAGE][WARNING] - A browser is already opened. Closing browser and opening a new one

2024-10-17 14:30:31 - [MESSAGE][INFO] - Starting 'Chrome' driver

2024-10-17 14:30:31 - [MESSAGE][INFO] - User set preference: ['acceptInsecureCerts', 'true']

2024-10-17 14:30:31 - [MESSAGE][INFO] - Action delay is set to 0 milliseconds

2024-10-17 14:30:32 - [MESSAGE][PASSED] - Browser is opened with url: ''

2024-10-17 14:30:32 - [TEST_STEP][PASSED] - maximizeWindow(): Current window maximized

2024-10-17 14:30:32 - [MESSAGE][PASSED] - Current window maximized

2024-10-17 14:30:32 - [TEST_STEP][PASSED] - navigateToUrl(RADurl): Navigate to 'https://demo.velocitypayment.com/client/rad/index.html' successfully

2024-10-17 14:30:34 - [MESSAGE][PASSED] - Navigate to 'https://demo.velocitypayment.com/client/rad/index.html' successfully

2024-10-17 14:30:34 - [TEST_STEP][PASSED] - orPath_Landing = "Object Repository/RAD_Pages/Landing_Page": null

2024-10-17 14:30:34 - [TEST_STEP][PASSED] - orPath_TaxTypeFilingYear = "Object Repository/RAD_Pages/TaxTypeFilingYear_Page": null

2024-10-17 14:30:34 - [TEST_STEP][PASSED] - orPath_TaxPayer = "Object Repository/RAD_Pages/Taxpayer_Page": null

2024-10-17 14:30:34 - [TEST_STEP][PASSED] - orPath_AddressContact = "Object Repository/RAD_Pages/AddressAndContactInfo_Page": null

2024-10-17 14:30:34 - [TEST_STEP][PASSED] - orPath_FilingStatus = "Object Repository/RAD_Pages/FilingStatus_Page": null

2024-10-17 14:30:34 - [TEST_STEP][PASSED] - orPath_Amount = "Object Repository/RAD_Pages/PaymentAmount_Page": null

2024-10-17 14:30:34 - [TEST_STEP][PASSED] - orPath_TaxInfo = "Object Repository/RAD_Pages/TaxInfo_Page": null

2024-10-17 14:30:34 - [TEST_STEP][PASSED] - orPath_Withholding = "Object Repository/RAD_Pages/Withholding_Page": null

2024-10-17 14:30:34 - [TEST_STEP][PASSED] - orPath_Summary = "Object Repository/RAD_Pages/Summary_Page": null

2024-10-17 14:30:34 - [TEST_STEP][PASSED] - orPath_PaymentReady = "Object Repository/RAD_Pages/PaymentReady_Page": null

2024-10-17 14:30:34 - [TEST_STEP][PASSED] - orPath_PaymentEntry = "Object Repository/RAD_Pages/PaymentEntry_Page": null

2024-10-17 14:30:34 - [TEST_STEP][PASSED] - orPath_PaymentConfirmation = "Object Repository/RAD_Pages/PaymentConfirmation_Page": null

2024-10-17 14:30:34 - [TEST_STEP][PASSED] - orPath_ServiceFeesAccept = "Object Repository/RAD_Pages/ServiceFeeAccept_Page": null

2024-10-17 14:30:34 - [TEST_STEP][PASSED] - selectOptionByLabel(findTestObject(orPath_Landing + "/dd_TaxType"), Paymenttype, false): All options with label 'New Tax Return Amount Due' are selected in object 'Object Repository/RAD_Pages/Landing_Page/dd_TaxType' 

2024-10-17 14:30:35 - [MESSAGE][PASSED] - All options with label 'New Tax Return Amount Due' are selected in object 'Object Repository/RAD_Pages/Landing_Page/dd_TaxType' 

2024-10-17 14:30:35 - [TEST_STEP][PASSED] - delay(1): Delayed 1 second(s)

2024-10-17 14:30:36 - [MESSAGE][PASSED] - Delayed 1 second(s)

2024-10-17 14:30:36 - [TEST_STEP][PASSED] - switch (Paymenttype): null

2024-10-17 14:30:36 - [TEST_STEP][PASSED] - case "New Tax Return Amount Due":: null

2024-10-17 14:30:36 - [TEST_STEP][PASSED] - selectOptionByLabel(findTestObject("Object Repository/RAD_Pages/Landing_Page/select_NewTaxReturnAmountDue_TaxType"), Taxtype, false): All options with label 'Fiduciary Tax' are selected in object 'Object Repository/RAD_Pages/Landing_Page/select_NewTaxReturnAmountDue_TaxType' 

2024-10-17 14:30:36 - [MESSAGE][PASSED] - All options with label 'Fiduciary Tax' are selected in object 'Object Repository/RAD_Pages/Landing_Page/select_NewTaxReturnAmountDue_TaxType' 

2024-10-17 14:30:36 - [TEST_STEP][PASSED] - break: null

2024-10-17 14:30:36 - [TEST_STEP][PASSED] - delay(1): Delayed 1 second(s)

2024-10-17 14:30:37 - [MESSAGE][PASSED] - Delayed 1 second(s)

2024-10-17 14:30:37 - [TEST_STEP][PASSED] - switch (Paymenttype): null

2024-10-17 14:30:37 - [TEST_STEP][PASSED] - case "New Tax Return Amount Due":: null

2024-10-17 14:30:37 - [TEST_STEP][PASSED] - if (feinSsn.equalsIgnoreCase("Y")): null

2024-10-17 14:30:37 - [TEST_STEP][PASSED] - else: Text ****** has been set on object 'Object Repository/RAD_Pages/TaxInfo_Page/input_FederalEIN_ReEnter-2'

2024-10-17 14:30:37 - [TEST_STEP][PASSED] - setEncryptedText(findTestObject(orPath_TaxInfo + "/input_FederalEIN-2"), "iGDxf8hSRT4="): Text ****** has been set on object 'Object Repository/RAD_Pages/TaxInfo_Page/input_FederalEIN-2'

2024-10-17 14:30:38 - [MESSAGE][PASSED] - Text ****** has been set on object 'Object Repository/RAD_Pages/TaxInfo_Page/input_FederalEIN-2'

2024-10-17 14:30:38 - [TEST_STEP][PASSED] - setEncryptedText(findTestObject(orPath_TaxInfo + "/input_FederalEIN_ReEnter-2"), ""): Text ****** has been set on object 'Object Repository/RAD_Pages/TaxInfo_Page/input_FederalEIN_ReEnter-2'

2024-10-17 14:30:39 - [MESSAGE][PASSED] - Text ****** has been set on object 'Object Repository/RAD_Pages/TaxInfo_Page/input_FederalEIN_ReEnter-2'

2024-10-17 14:30:39 - [TEST_STEP][PASSED] - break: null

2024-10-17 14:30:39 - [TEST_STEP][PASSED] - if (feinSsn.equalsIgnoreCase("Y")): null

2024-10-17 14:30:39 - [TEST_STEP][PASSED] - else: null

2024-10-17 14:30:39 - [TEST_STEP][PASSED] - if (verifyTextPresent("Please enter a valid FEIN with 9 digits.", true)): null

2024-10-17 14:30:39 - [MESSAGE][PASSED] - Text 'Please enter a valid FEIN with 9 digits.' is present on page  using regular expression

2024-10-17 14:30:39 - [TEST_STEP][PASSED] - println("Error Message is present on the page"): null

2024-10-17 14:30:39 - [TEST_STEP][PASSED] - out.println("Pass Record Number: " + row): null

2024-10-17 14:30:39 - [TEST_STEP][PASSED] - resText = "Pass": null

2024-10-17 14:30:39 - [TEST_STEP][PASSED] - pages.WriteExcel.demoKey(resText, datText, resColumn, datCloumn, fileLoc, nameSheet, row): pages.WriteExcel.demoKey is PASSED

2024-10-17 14:30:39 - [MESSAGE][PASSED] - pages.WriteExcel.demoKey is PASSED

2024-10-17 14:30:39 - [TEST_STEP][PASSED] - ExecuteTC = findTestData(dataFile).getValue("Execute", row): null

2024-10-17 14:30:39 - [TEST_STEP][PASSED] - Taxtype = findTestData(dataFile).getValue("TaxType", row): null

2024-10-17 14:30:39 - [TEST_STEP][PASSED] - Paymenttype = findTestData(dataFile).getValue("PaymentType", row): null

2024-10-17 14:30:39 - [TEST_STEP][PASSED] - feinSsn = findTestData(dataFile).getValue("FEINSSN", row): null

2024-10-17 14:30:40 - [TEST_STEP][PASSED] - out.println("Value of Execute is : " + ExecuteTC): null

2024-10-17 14:30:40 - [TEST_STEP][PASSED] - if (ExecuteTC.equalsIgnoreCase("Y")): null

2024-10-17 14:30:40 - [TEST_STEP][PASSED] - out.println("Begin Record Number: " + row): null

2024-10-17 14:30:40 - [TEST_STEP][PASSED] - today = new java.util.Date(): null

2024-10-17 14:30:40 - [TEST_STEP][PASSED] - println(today): null

2024-10-17 14:30:40 - [TEST_STEP][PASSED] - datText = today: null

2024-10-17 14:30:40 - [TEST_STEP][PASSED] - Taxtype = findTestData(dataFile).getValue("TaxType", row): null

2024-10-17 14:30:40 - [TEST_STEP][PASSED] - out.println("Taxtype value is : " + Taxtype): null

2024-10-17 14:30:40 - [TEST_STEP][PASSED] - openBrowser(""): Browser is opened with url: ''

2024-10-17 14:30:40 - [MESSAGE][WARNING] - A browser is already opened. Closing browser and opening a new one

2024-10-17 14:30:41 - [MESSAGE][INFO] - Starting 'Chrome' driver

2024-10-17 14:30:41 - [MESSAGE][INFO] - User set preference: ['acceptInsecureCerts', 'true']

2024-10-17 14:30:41 - [MESSAGE][INFO] - Action delay is set to 0 milliseconds

2024-10-17 14:30:43 - [MESSAGE][PASSED] - Browser is opened with url: ''

2024-10-17 14:30:43 - [TEST_STEP][PASSED] - maximizeWindow(): Current window maximized

2024-10-17 14:30:43 - [MESSAGE][PASSED] - Current window maximized

2024-10-17 14:30:43 - [TEST_STEP][PASSED] - navigateToUrl(RADurl): Navigate to 'https://demo.velocitypayment.com/client/rad/index.html' successfully

2024-10-17 14:30:45 - [MESSAGE][PASSED] - Navigate to 'https://demo.velocitypayment.com/client/rad/index.html' successfully

2024-10-17 14:30:45 - [TEST_STEP][PASSED] - orPath_Landing = "Object Repository/RAD_Pages/Landing_Page": null

2024-10-17 14:30:45 - [TEST_STEP][PASSED] - orPath_TaxTypeFilingYear = "Object Repository/RAD_Pages/TaxTypeFilingYear_Page": null

2024-10-17 14:30:45 - [TEST_STEP][PASSED] - orPath_TaxPayer = "Object Repository/RAD_Pages/Taxpayer_Page": null

2024-10-17 14:30:45 - [TEST_STEP][PASSED] - orPath_AddressContact = "Object Repository/RAD_Pages/AddressAndContactInfo_Page": null

2024-10-17 14:30:45 - [TEST_STEP][PASSED] - orPath_FilingStatus = "Object Repository/RAD_Pages/FilingStatus_Page": null

2024-10-17 14:30:45 - [TEST_STEP][PASSED] - orPath_Amount = "Object Repository/RAD_Pages/PaymentAmount_Page": null

2024-10-17 14:30:45 - [TEST_STEP][PASSED] - orPath_TaxInfo = "Object Repository/RAD_Pages/TaxInfo_Page": null

2024-10-17 14:30:45 - [TEST_STEP][PASSED] - orPath_Withholding = "Object Repository/RAD_Pages/Withholding_Page": null

2024-10-17 14:30:45 - [TEST_STEP][PASSED] - orPath_Summary = "Object Repository/RAD_Pages/Summary_Page": null

2024-10-17 14:30:45 - [TEST_STEP][PASSED] - orPath_PaymentReady = "Object Repository/RAD_Pages/PaymentReady_Page": null

2024-10-17 14:30:45 - [TEST_STEP][PASSED] - orPath_PaymentEntry = "Object Repository/RAD_Pages/PaymentEntry_Page": null

2024-10-17 14:30:45 - [TEST_STEP][PASSED] - orPath_PaymentConfirmation = "Object Repository/RAD_Pages/PaymentConfirmation_Page": null

2024-10-17 14:30:45 - [TEST_STEP][PASSED] - orPath_ServiceFeesAccept = "Object Repository/RAD_Pages/ServiceFeeAccept_Page": null

2024-10-17 14:30:45 - [TEST_STEP][PASSED] - selectOptionByLabel(findTestObject(orPath_Landing + "/dd_TaxType"), Paymenttype, false): All options with label 'New Tax Return Amount Due' are selected in object 'Object Repository/RAD_Pages/Landing_Page/dd_TaxType' 

2024-10-17 14:30:46 - [MESSAGE][PASSED] - All options with label 'New Tax Return Amount Due' are selected in object 'Object Repository/RAD_Pages/Landing_Page/dd_TaxType' 

2024-10-17 14:30:46 - [TEST_STEP][PASSED] - delay(1): Delayed 1 second(s)

2024-10-17 14:30:47 - [MESSAGE][PASSED] - Delayed 1 second(s)

2024-10-17 14:30:47 - [TEST_STEP][PASSED] - switch (Paymenttype): null

2024-10-17 14:30:47 - [TEST_STEP][PASSED] - case "New Tax Return Amount Due":: null

2024-10-17 14:30:47 - [TEST_STEP][PASSED] - selectOptionByLabel(findTestObject("Object Repository/RAD_Pages/Landing_Page/select_NewTaxReturnAmountDue_TaxType"), Taxtype, false): All options with label 'PTE Non-Electing Non-S Corp' are selected in object 'Object Repository/RAD_Pages/Landing_Page/select_NewTaxReturnAmountDue_TaxType' 

2024-10-17 14:30:47 - [MESSAGE][PASSED] - All options with label 'PTE Non-Electing Non-S Corp' are selected in object 'Object Repository/RAD_Pages/Landing_Page/select_NewTaxReturnAmountDue_TaxType' 

2024-10-17 14:30:47 - [TEST_STEP][PASSED] - break: null

2024-10-17 14:30:47 - [TEST_STEP][PASSED] - delay(1): Delayed 1 second(s)

2024-10-17 14:30:48 - [MESSAGE][PASSED] - Delayed 1 second(s)

2024-10-17 14:30:48 - [TEST_STEP][PASSED] - switch (Paymenttype): null

2024-10-17 14:30:48 - [TEST_STEP][PASSED] - case "New Tax Return Amount Due":: null

2024-10-17 14:30:48 - [TEST_STEP][PASSED] - if (feinSsn.equalsIgnoreCase("Y")): Text ****** has been set on object 'Object Repository/RAD_Pages/TaxInfo_Page/input_TaxInfo_RetypeFeinSsn_New_2'

2024-10-17 14:30:48 - [TEST_STEP][PASSED] - setEncryptedText(findTestObject(orPath_TaxInfo + "//input_TaxInfo_FeinSsn_New_2"), "iGDxf8hSRT4="): Text ****** has been set on object 'Object Repository/RAD_Pages/TaxInfo_Page//input_TaxInfo_FeinSsn_New_2'

2024-10-17 14:30:49 - [MESSAGE][PASSED] - Text ****** has been set on object 'Object Repository/RAD_Pages/TaxInfo_Page//input_TaxInfo_FeinSsn_New_2'

2024-10-17 14:30:49 - [TEST_STEP][PASSED] - setEncryptedText(findTestObject(orPath_TaxInfo + "/input_TaxInfo_RetypeFeinSsn_New_2"), ""): Text ****** has been set on object 'Object Repository/RAD_Pages/TaxInfo_Page/input_TaxInfo_RetypeFeinSsn_New_2'

2024-10-17 14:30:50 - [MESSAGE][PASSED] - Text ****** has been set on object 'Object Repository/RAD_Pages/TaxInfo_Page/input_TaxInfo_RetypeFeinSsn_New_2'

2024-10-17 14:30:50 - [TEST_STEP][PASSED] - break: null

2024-10-17 14:30:50 - [TEST_STEP][PASSED] - if (feinSsn.equalsIgnoreCase("Y")): null

2024-10-17 14:30:50 - [TEST_STEP][PASSED] - if (verifyTextPresent("Please enter a valid FEIN/SSN with 9 digits", true)): null

2024-10-17 14:30:50 - [MESSAGE][PASSED] - Text 'Please enter a valid FEIN/SSN with 9 digits' is present on page  using regular expression

2024-10-17 14:30:50 - [TEST_STEP][PASSED] - println("Error Message is present on the page"): null

2024-10-17 14:30:50 - [TEST_STEP][PASSED] - out.println("Pass Record Number: " + row): null

2024-10-17 14:30:50 - [TEST_STEP][PASSED] - resText = "Pass": null

2024-10-17 14:30:50 - [TEST_STEP][PASSED] - pages.WriteExcel.demoKey(resText, datText, resColumn, datCloumn, fileLoc, nameSheet, row): pages.WriteExcel.demoKey is PASSED

2024-10-17 14:30:50 - [MESSAGE][PASSED] - pages.WriteExcel.demoKey is PASSED

2024-10-17 14:30:50 - [TEST_STEP][PASSED] - ExecuteTC = findTestData(dataFile).getValue("Execute", row): null

2024-10-17 14:30:50 - [TEST_STEP][PASSED] - Taxtype = findTestData(dataFile).getValue("TaxType", row): null

2024-10-17 14:30:50 - [TEST_STEP][PASSED] - Paymenttype = findTestData(dataFile).getValue("PaymentType", row): null

2024-10-17 14:30:50 - [TEST_STEP][PASSED] - feinSsn = findTestData(dataFile).getValue("FEINSSN", row): null

2024-10-17 14:30:51 - [TEST_STEP][PASSED] - out.println("Value of Execute is : " + ExecuteTC): null

2024-10-17 14:30:51 - [TEST_STEP][PASSED] - if (ExecuteTC.equalsIgnoreCase("Y")): null

2024-10-17 14:30:51 - [TEST_STEP][PASSED] - out.println("Begin Record Number: " + row): null

2024-10-17 14:30:51 - [TEST_STEP][PASSED] - today = new java.util.Date(): null

2024-10-17 14:30:51 - [TEST_STEP][PASSED] - println(today): null

2024-10-17 14:30:51 - [TEST_STEP][PASSED] - datText = today: null

2024-10-17 14:30:51 - [TEST_STEP][PASSED] - Taxtype = findTestData(dataFile).getValue("TaxType", row): null

2024-10-17 14:30:51 - [TEST_STEP][PASSED] - out.println("Taxtype value is : " + Taxtype): null

2024-10-17 14:30:51 - [TEST_STEP][PASSED] - openBrowser(""): Browser is opened with url: ''

2024-10-17 14:30:51 - [MESSAGE][WARNING] - A browser is already opened. Closing browser and opening a new one

2024-10-17 14:30:52 - [MESSAGE][INFO] - Starting 'Chrome' driver

2024-10-17 14:30:52 - [MESSAGE][INFO] - User set preference: ['acceptInsecureCerts', 'true']

2024-10-17 14:30:52 - [MESSAGE][INFO] - Action delay is set to 0 milliseconds

2024-10-17 14:30:54 - [MESSAGE][PASSED] - Browser is opened with url: ''

2024-10-17 14:30:54 - [TEST_STEP][PASSED] - maximizeWindow(): Current window maximized

2024-10-17 14:30:54 - [MESSAGE][PASSED] - Current window maximized

2024-10-17 14:30:54 - [TEST_STEP][PASSED] - navigateToUrl(RADurl): Navigate to 'https://demo.velocitypayment.com/client/rad/index.html' successfully

2024-10-17 14:30:54 - [MESSAGE][PASSED] - Navigate to 'https://demo.velocitypayment.com/client/rad/index.html' successfully

2024-10-17 14:30:54 - [TEST_STEP][PASSED] - orPath_Landing = "Object Repository/RAD_Pages/Landing_Page": null

2024-10-17 14:30:54 - [TEST_STEP][PASSED] - orPath_TaxTypeFilingYear = "Object Repository/RAD_Pages/TaxTypeFilingYear_Page": null

2024-10-17 14:30:54 - [TEST_STEP][PASSED] - orPath_TaxPayer = "Object Repository/RAD_Pages/Taxpayer_Page": null

2024-10-17 14:30:54 - [TEST_STEP][PASSED] - orPath_AddressContact = "Object Repository/RAD_Pages/AddressAndContactInfo_Page": null

2024-10-17 14:30:54 - [TEST_STEP][PASSED] - orPath_FilingStatus = "Object Repository/RAD_Pages/FilingStatus_Page": null

2024-10-17 14:30:54 - [TEST_STEP][PASSED] - orPath_Amount = "Object Repository/RAD_Pages/PaymentAmount_Page": null

2024-10-17 14:30:54 - [TEST_STEP][PASSED] - orPath_TaxInfo = "Object Repository/RAD_Pages/TaxInfo_Page": null

2024-10-17 14:30:54 - [TEST_STEP][PASSED] - orPath_Withholding = "Object Repository/RAD_Pages/Withholding_Page": null

2024-10-17 14:30:54 - [TEST_STEP][PASSED] - orPath_Summary = "Object Repository/RAD_Pages/Summary_Page": null

2024-10-17 14:30:54 - [TEST_STEP][PASSED] - orPath_PaymentReady = "Object Repository/RAD_Pages/PaymentReady_Page": null

2024-10-17 14:30:54 - [TEST_STEP][PASSED] - orPath_PaymentEntry = "Object Repository/RAD_Pages/PaymentEntry_Page": null

2024-10-17 14:30:54 - [TEST_STEP][PASSED] - orPath_PaymentConfirmation = "Object Repository/RAD_Pages/PaymentConfirmation_Page": null

2024-10-17 14:30:54 - [TEST_STEP][PASSED] - orPath_ServiceFeesAccept = "Object Repository/RAD_Pages/ServiceFeeAccept_Page": null

2024-10-17 14:30:54 - [TEST_STEP][PASSED] - selectOptionByLabel(findTestObject(orPath_Landing + "/dd_TaxType"), Paymenttype, false): All options with label 'New Tax Return Amount Due' are selected in object 'Object Repository/RAD_Pages/Landing_Page/dd_TaxType' 

2024-10-17 14:30:57 - [MESSAGE][PASSED] - All options with label 'New Tax Return Amount Due' are selected in object 'Object Repository/RAD_Pages/Landing_Page/dd_TaxType' 

2024-10-17 14:30:57 - [TEST_STEP][PASSED] - delay(1): Delayed 1 second(s)

2024-10-17 14:30:58 - [MESSAGE][PASSED] - Delayed 1 second(s)

2024-10-17 14:30:58 - [TEST_STEP][PASSED] - switch (Paymenttype): null

2024-10-17 14:30:58 - [TEST_STEP][PASSED] - case "New Tax Return Amount Due":: null

2024-10-17 14:30:58 - [TEST_STEP][PASSED] - selectOptionByLabel(findTestObject("Object Repository/RAD_Pages/Landing_Page/select_NewTaxReturnAmountDue_TaxType"), Taxtype, false): All options with label 'PTE Non-Electing S Corp' are selected in object 'Object Repository/RAD_Pages/Landing_Page/select_NewTaxReturnAmountDue_TaxType' 

2024-10-17 14:30:58 - [MESSAGE][PASSED] - All options with label 'PTE Non-Electing S Corp' are selected in object 'Object Repository/RAD_Pages/Landing_Page/select_NewTaxReturnAmountDue_TaxType' 

2024-10-17 14:30:58 - [TEST_STEP][PASSED] - break: null

2024-10-17 14:30:58 - [TEST_STEP][PASSED] - delay(1): Delayed 1 second(s)

2024-10-17 14:30:59 - [MESSAGE][PASSED] - Delayed 1 second(s)

2024-10-17 14:30:59 - [TEST_STEP][PASSED] - switch (Paymenttype): null

2024-10-17 14:30:59 - [TEST_STEP][PASSED] - case "New Tax Return Amount Due":: null

2024-10-17 14:30:59 - [TEST_STEP][PASSED] - if (feinSsn.equalsIgnoreCase("Y")): Text ****** has been set on object 'Object Repository/RAD_Pages/TaxInfo_Page/input_TaxInfo_RetypeFeinSsn_New_2'

2024-10-17 14:30:59 - [TEST_STEP][PASSED] - setEncryptedText(findTestObject(orPath_TaxInfo + "//input_TaxInfo_FeinSsn_New_2"), "iGDxf8hSRT4="): Text ****** has been set on object 'Object Repository/RAD_Pages/TaxInfo_Page//input_TaxInfo_FeinSsn_New_2'

2024-10-17 14:31:00 - [MESSAGE][PASSED] - Text ****** has been set on object 'Object Repository/RAD_Pages/TaxInfo_Page//input_TaxInfo_FeinSsn_New_2'

2024-10-17 14:31:00 - [TEST_STEP][PASSED] - setEncryptedText(findTestObject(orPath_TaxInfo + "/input_TaxInfo_RetypeFeinSsn_New_2"), ""): Text ****** has been set on object 'Object Repository/RAD_Pages/TaxInfo_Page/input_TaxInfo_RetypeFeinSsn_New_2'

2024-10-17 14:31:00 - [MESSAGE][PASSED] - Text ****** has been set on object 'Object Repository/RAD_Pages/TaxInfo_Page/input_TaxInfo_RetypeFeinSsn_New_2'

2024-10-17 14:31:00 - [TEST_STEP][PASSED] - break: null

2024-10-17 14:31:00 - [TEST_STEP][PASSED] - if (feinSsn.equalsIgnoreCase("Y")): null

2024-10-17 14:31:00 - [TEST_STEP][PASSED] - if (verifyTextPresent("Please enter a valid FEIN/SSN with 9 digits", true)): null

2024-10-17 14:31:01 - [MESSAGE][PASSED] - Text 'Please enter a valid FEIN/SSN with 9 digits' is present on page  using regular expression

2024-10-17 14:31:01 - [TEST_STEP][PASSED] - println("Error Message is present on the page"): null

2024-10-17 14:31:01 - [TEST_STEP][PASSED] - out.println("Pass Record Number: " + row): null

2024-10-17 14:31:01 - [TEST_STEP][PASSED] - resText = "Pass": null

2024-10-17 14:31:01 - [TEST_STEP][PASSED] - pages.WriteExcel.demoKey(resText, datText, resColumn, datCloumn, fileLoc, nameSheet, row): pages.WriteExcel.demoKey is PASSED

2024-10-17 14:31:01 - [MESSAGE][PASSED] - pages.WriteExcel.demoKey is PASSED

2024-10-17 14:31:01 - [TEST_STEP][PASSED] - ExecuteTC = findTestData(dataFile).getValue("Execute", row): null

2024-10-17 14:31:01 - [TEST_STEP][PASSED] - Taxtype = findTestData(dataFile).getValue("TaxType", row): null

2024-10-17 14:31:01 - [TEST_STEP][PASSED] - Paymenttype = findTestData(dataFile).getValue("PaymentType", row): null

2024-10-17 14:31:01 - [TEST_STEP][PASSED] - feinSsn = findTestData(dataFile).getValue("FEINSSN", row): null

2024-10-17 14:31:01 - [TEST_STEP][PASSED] - out.println("Value of Execute is : " + ExecuteTC): null

2024-10-17 14:31:01 - [TEST_STEP][PASSED] - if (ExecuteTC.equalsIgnoreCase("Y")): null

2024-10-17 14:31:01 - [TEST_STEP][PASSED] - out.println("Begin Record Number: " + row): null

2024-10-17 14:31:01 - [TEST_STEP][PASSED] - today = new java.util.Date(): null

2024-10-17 14:31:01 - [TEST_STEP][PASSED] - println(today): null

2024-10-17 14:31:01 - [TEST_STEP][PASSED] - datText = today: null

2024-10-17 14:31:01 - [TEST_STEP][PASSED] - Taxtype = findTestData(dataFile).getValue("TaxType", row): null

2024-10-17 14:31:01 - [TEST_STEP][PASSED] - out.println("Taxtype value is : " + Taxtype): null

2024-10-17 14:31:01 - [TEST_STEP][PASSED] - openBrowser(""): Browser is opened with url: ''

2024-10-17 14:31:01 - [MESSAGE][WARNING] - A browser is already opened. Closing browser and opening a new one

2024-10-17 14:31:03 - [MESSAGE][INFO] - Starting 'Chrome' driver

2024-10-17 14:31:03 - [MESSAGE][INFO] - User set preference: ['acceptInsecureCerts', 'true']

2024-10-17 14:31:03 - [MESSAGE][INFO] - Action delay is set to 0 milliseconds

2024-10-17 14:31:04 - [MESSAGE][PASSED] - Browser is opened with url: ''

2024-10-17 14:31:04 - [TEST_STEP][PASSED] - maximizeWindow(): Current window maximized

2024-10-17 14:31:04 - [MESSAGE][PASSED] - Current window maximized

2024-10-17 14:31:04 - [TEST_STEP][PASSED] - navigateToUrl(RADurl): Navigate to 'https://demo.velocitypayment.com/client/rad/index.html' successfully

2024-10-17 14:31:05 - [MESSAGE][PASSED] - Navigate to 'https://demo.velocitypayment.com/client/rad/index.html' successfully

2024-10-17 14:31:05 - [TEST_STEP][PASSED] - orPath_Landing = "Object Repository/RAD_Pages/Landing_Page": null

2024-10-17 14:31:05 - [TEST_STEP][PASSED] - orPath_TaxTypeFilingYear = "Object Repository/RAD_Pages/TaxTypeFilingYear_Page": null

2024-10-17 14:31:05 - [TEST_STEP][PASSED] - orPath_TaxPayer = "Object Repository/RAD_Pages/Taxpayer_Page": null

2024-10-17 14:31:05 - [TEST_STEP][PASSED] - orPath_AddressContact = "Object Repository/RAD_Pages/AddressAndContactInfo_Page": null

2024-10-17 14:31:05 - [TEST_STEP][PASSED] - orPath_FilingStatus = "Object Repository/RAD_Pages/FilingStatus_Page": null

2024-10-17 14:31:05 - [TEST_STEP][PASSED] - orPath_Amount = "Object Repository/RAD_Pages/PaymentAmount_Page": null

2024-10-17 14:31:05 - [TEST_STEP][PASSED] - orPath_TaxInfo = "Object Repository/RAD_Pages/TaxInfo_Page": null

2024-10-17 14:31:05 - [TEST_STEP][PASSED] - orPath_Withholding = "Object Repository/RAD_Pages/Withholding_Page": null

2024-10-17 14:31:05 - [TEST_STEP][PASSED] - orPath_Summary = "Object Repository/RAD_Pages/Summary_Page": null

2024-10-17 14:31:05 - [TEST_STEP][PASSED] - orPath_PaymentReady = "Object Repository/RAD_Pages/PaymentReady_Page": null

2024-10-17 14:31:05 - [TEST_STEP][PASSED] - orPath_PaymentEntry = "Object Repository/RAD_Pages/PaymentEntry_Page": null

2024-10-17 14:31:05 - [TEST_STEP][PASSED] - orPath_PaymentConfirmation = "Object Repository/RAD_Pages/PaymentConfirmation_Page": null

2024-10-17 14:31:05 - [TEST_STEP][PASSED] - orPath_ServiceFeesAccept = "Object Repository/RAD_Pages/ServiceFeeAccept_Page": null

2024-10-17 14:31:05 - [TEST_STEP][PASSED] - selectOptionByLabel(findTestObject(orPath_Landing + "/dd_TaxType"), Paymenttype, false): All options with label 'New Tax Return Amount Due' are selected in object 'Object Repository/RAD_Pages/Landing_Page/dd_TaxType' 

2024-10-17 14:31:07 - [MESSAGE][PASSED] - All options with label 'New Tax Return Amount Due' are selected in object 'Object Repository/RAD_Pages/Landing_Page/dd_TaxType' 

2024-10-17 14:31:07 - [TEST_STEP][PASSED] - delay(1): Delayed 1 second(s)

2024-10-17 14:31:08 - [MESSAGE][PASSED] - Delayed 1 second(s)

2024-10-17 14:31:08 - [TEST_STEP][PASSED] - switch (Paymenttype): null

2024-10-17 14:31:08 - [TEST_STEP][PASSED] - case "New Tax Return Amount Due":: null

2024-10-17 14:31:08 - [TEST_STEP][PASSED] - selectOptionByLabel(findTestObject("Object Repository/RAD_Pages/Landing_Page/select_NewTaxReturnAmountDue_TaxType"), Taxtype, false): All options with label 'PTE Tax Electing Non-S Corp' are selected in object 'Object Repository/RAD_Pages/Landing_Page/select_NewTaxReturnAmountDue_TaxType' 

2024-10-17 14:31:08 - [MESSAGE][PASSED] - All options with label 'PTE Tax Electing Non-S Corp' are selected in object 'Object Repository/RAD_Pages/Landing_Page/select_NewTaxReturnAmountDue_TaxType' 

2024-10-17 14:31:08 - [TEST_STEP][PASSED] - break: null

2024-10-17 14:31:08 - [TEST_STEP][PASSED] - delay(1): Delayed 1 second(s)

2024-10-17 14:31:09 - [MESSAGE][PASSED] - Delayed 1 second(s)

2024-10-17 14:31:09 - [TEST_STEP][PASSED] - switch (Paymenttype): null

2024-10-17 14:31:09 - [TEST_STEP][PASSED] - case "New Tax Return Amount Due":: null

2024-10-17 14:31:09 - [TEST_STEP][PASSED] - if (feinSsn.equalsIgnoreCase("Y")): Text ****** has been set on object 'Object Repository/RAD_Pages/TaxInfo_Page/input_TaxInfo_RetypeFeinSsn_New_2'

2024-10-17 14:31:09 - [TEST_STEP][PASSED] - setEncryptedText(findTestObject(orPath_TaxInfo + "//input_TaxInfo_FeinSsn_New_2"), "iGDxf8hSRT4="): Text ****** has been set on object 'Object Repository/RAD_Pages/TaxInfo_Page//input_TaxInfo_FeinSsn_New_2'

2024-10-17 14:31:10 - [MESSAGE][PASSED] - Text ****** has been set on object 'Object Repository/RAD_Pages/TaxInfo_Page//input_TaxInfo_FeinSsn_New_2'

2024-10-17 14:31:10 - [TEST_STEP][PASSED] - setEncryptedText(findTestObject(orPath_TaxInfo + "/input_TaxInfo_RetypeFeinSsn_New_2"), ""): Text ****** has been set on object 'Object Repository/RAD_Pages/TaxInfo_Page/input_TaxInfo_RetypeFeinSsn_New_2'

2024-10-17 14:31:11 - [MESSAGE][PASSED] - Text ****** has been set on object 'Object Repository/RAD_Pages/TaxInfo_Page/input_TaxInfo_RetypeFeinSsn_New_2'

2024-10-17 14:31:11 - [TEST_STEP][PASSED] - break: null

2024-10-17 14:31:11 - [TEST_STEP][PASSED] - if (feinSsn.equalsIgnoreCase("Y")): null

2024-10-17 14:31:11 - [TEST_STEP][PASSED] - if (verifyTextPresent("Please enter a valid FEIN/SSN with 9 digits", true)): null

2024-10-17 14:31:11 - [MESSAGE][PASSED] - Text 'Please enter a valid FEIN/SSN with 9 digits' is present on page  using regular expression

2024-10-17 14:31:11 - [TEST_STEP][PASSED] - println("Error Message is present on the page"): null

2024-10-17 14:31:11 - [TEST_STEP][PASSED] - out.println("Pass Record Number: " + row): null

2024-10-17 14:31:11 - [TEST_STEP][PASSED] - resText = "Pass": null

2024-10-17 14:31:11 - [TEST_STEP][PASSED] - pages.WriteExcel.demoKey(resText, datText, resColumn, datCloumn, fileLoc, nameSheet, row): pages.WriteExcel.demoKey is PASSED

2024-10-17 14:31:11 - [MESSAGE][PASSED] - pages.WriteExcel.demoKey is PASSED

2024-10-17 14:31:11 - [TEST_STEP][PASSED] - ExecuteTC = findTestData(dataFile).getValue("Execute", row): null

2024-10-17 14:31:11 - [TEST_STEP][PASSED] - Taxtype = findTestData(dataFile).getValue("TaxType", row): null

2024-10-17 14:31:12 - [TEST_STEP][PASSED] - Paymenttype = findTestData(dataFile).getValue("PaymentType", row): null

2024-10-17 14:31:12 - [TEST_STEP][PASSED] - feinSsn = findTestData(dataFile).getValue("FEINSSN", row): null

2024-10-17 14:31:12 - [TEST_STEP][PASSED] - out.println("Value of Execute is : " + ExecuteTC): null

2024-10-17 14:31:12 - [TEST_STEP][PASSED] - if (ExecuteTC.equalsIgnoreCase("Y")): null

2024-10-17 14:31:12 - [TEST_STEP][PASSED] - out.println("Begin Record Number: " + row): null

2024-10-17 14:31:12 - [TEST_STEP][PASSED] - today = new java.util.Date(): null

2024-10-17 14:31:12 - [TEST_STEP][PASSED] - println(today): null

2024-10-17 14:31:12 - [TEST_STEP][PASSED] - datText = today: null

2024-10-17 14:31:12 - [TEST_STEP][PASSED] - Taxtype = findTestData(dataFile).getValue("TaxType", row): null

2024-10-17 14:31:12 - [TEST_STEP][PASSED] - out.println("Taxtype value is : " + Taxtype): null

2024-10-17 14:31:12 - [TEST_STEP][PASSED] - openBrowser(""): Browser is opened with url: ''

2024-10-17 14:31:12 - [MESSAGE][WARNING] - A browser is already opened. Closing browser and opening a new one

2024-10-17 14:31:13 - [MESSAGE][INFO] - Starting 'Chrome' driver

2024-10-17 14:31:13 - [MESSAGE][INFO] - User set preference: ['acceptInsecureCerts', 'true']

2024-10-17 14:31:13 - [MESSAGE][INFO] - Action delay is set to 0 milliseconds

2024-10-17 14:31:15 - [MESSAGE][PASSED] - Browser is opened with url: ''

2024-10-17 14:31:15 - [TEST_STEP][PASSED] - maximizeWindow(): Current window maximized

2024-10-17 14:31:15 - [MESSAGE][PASSED] - Current window maximized

2024-10-17 14:31:15 - [TEST_STEP][PASSED] - navigateToUrl(RADurl): Navigate to 'https://demo.velocitypayment.com/client/rad/index.html' successfully

2024-10-17 14:31:18 - [MESSAGE][PASSED] - Navigate to 'https://demo.velocitypayment.com/client/rad/index.html' successfully

2024-10-17 14:31:18 - [TEST_STEP][PASSED] - orPath_Landing = "Object Repository/RAD_Pages/Landing_Page": null

2024-10-17 14:31:18 - [TEST_STEP][PASSED] - orPath_TaxTypeFilingYear = "Object Repository/RAD_Pages/TaxTypeFilingYear_Page": null

2024-10-17 14:31:18 - [TEST_STEP][PASSED] - orPath_TaxPayer = "Object Repository/RAD_Pages/Taxpayer_Page": null

2024-10-17 14:31:18 - [TEST_STEP][PASSED] - orPath_AddressContact = "Object Repository/RAD_Pages/AddressAndContactInfo_Page": null

2024-10-17 14:31:18 - [TEST_STEP][PASSED] - orPath_FilingStatus = "Object Repository/RAD_Pages/FilingStatus_Page": null

2024-10-17 14:31:18 - [TEST_STEP][PASSED] - orPath_Amount = "Object Repository/RAD_Pages/PaymentAmount_Page": null

2024-10-17 14:31:18 - [TEST_STEP][PASSED] - orPath_TaxInfo = "Object Repository/RAD_Pages/TaxInfo_Page": null

2024-10-17 14:31:18 - [TEST_STEP][PASSED] - orPath_Withholding = "Object Repository/RAD_Pages/Withholding_Page": null

2024-10-17 14:31:18 - [TEST_STEP][PASSED] - orPath_Summary = "Object Repository/RAD_Pages/Summary_Page": null

2024-10-17 14:31:18 - [TEST_STEP][PASSED] - orPath_PaymentReady = "Object Repository/RAD_Pages/PaymentReady_Page": null

2024-10-17 14:31:18 - [TEST_STEP][PASSED] - orPath_PaymentEntry = "Object Repository/RAD_Pages/PaymentEntry_Page": null

2024-10-17 14:31:18 - [TEST_STEP][PASSED] - orPath_PaymentConfirmation = "Object Repository/RAD_Pages/PaymentConfirmation_Page": null

2024-10-17 14:31:18 - [TEST_STEP][PASSED] - orPath_ServiceFeesAccept = "Object Repository/RAD_Pages/ServiceFeeAccept_Page": null

2024-10-17 14:31:18 - [TEST_STEP][PASSED] - selectOptionByLabel(findTestObject(orPath_Landing + "/dd_TaxType"), Paymenttype, false): All options with label 'New Tax Return Amount Due' are selected in object 'Object Repository/RAD_Pages/Landing_Page/dd_TaxType' 

2024-10-17 14:31:18 - [MESSAGE][PASSED] - All options with label 'New Tax Return Amount Due' are selected in object 'Object Repository/RAD_Pages/Landing_Page/dd_TaxType' 

2024-10-17 14:31:18 - [TEST_STEP][PASSED] - delay(1): Delayed 1 second(s)

2024-10-17 14:31:19 - [MESSAGE][PASSED] - Delayed 1 second(s)

2024-10-17 14:31:19 - [TEST_STEP][PASSED] - switch (Paymenttype): null

2024-10-17 14:31:19 - [TEST_STEP][PASSED] - case "New Tax Return Amount Due":: null

2024-10-17 14:31:19 - [TEST_STEP][PASSED] - selectOptionByLabel(findTestObject("Object Repository/RAD_Pages/Landing_Page/select_NewTaxReturnAmountDue_TaxType"), Taxtype, false): All options with label 'PTE Tax Electing S Corp' are selected in object 'Object Repository/RAD_Pages/Landing_Page/select_NewTaxReturnAmountDue_TaxType' 

2024-10-17 14:31:20 - [MESSAGE][PASSED] - All options with label 'PTE Tax Electing S Corp' are selected in object 'Object Repository/RAD_Pages/Landing_Page/select_NewTaxReturnAmountDue_TaxType' 

2024-10-17 14:31:20 - [TEST_STEP][PASSED] - break: null

2024-10-17 14:31:20 - [TEST_STEP][PASSED] - delay(1): Delayed 1 second(s)

2024-10-17 14:31:21 - [MESSAGE][PASSED] - Delayed 1 second(s)

2024-10-17 14:31:21 - [TEST_STEP][PASSED] - switch (Paymenttype): null

2024-10-17 14:31:21 - [TEST_STEP][PASSED] - case "New Tax Return Amount Due":: null

2024-10-17 14:31:21 - [TEST_STEP][PASSED] - if (feinSsn.equalsIgnoreCase("Y")): Text ****** has been set on object 'Object Repository/RAD_Pages/TaxInfo_Page/input_TaxInfo_RetypeFeinSsn_New_2'

2024-10-17 14:31:21 - [TEST_STEP][PASSED] - setEncryptedText(findTestObject(orPath_TaxInfo + "//input_TaxInfo_FeinSsn_New_2"), "iGDxf8hSRT4="): Text ****** has been set on object 'Object Repository/RAD_Pages/TaxInfo_Page//input_TaxInfo_FeinSsn_New_2'

2024-10-17 14:31:22 - [MESSAGE][PASSED] - Text ****** has been set on object 'Object Repository/RAD_Pages/TaxInfo_Page//input_TaxInfo_FeinSsn_New_2'

2024-10-17 14:31:22 - [TEST_STEP][PASSED] - setEncryptedText(findTestObject(orPath_TaxInfo + "/input_TaxInfo_RetypeFeinSsn_New_2"), ""): Text ****** has been set on object 'Object Repository/RAD_Pages/TaxInfo_Page/input_TaxInfo_RetypeFeinSsn_New_2'

2024-10-17 14:31:22 - [MESSAGE][PASSED] - Text ****** has been set on object 'Object Repository/RAD_Pages/TaxInfo_Page/input_TaxInfo_RetypeFeinSsn_New_2'

2024-10-17 14:31:22 - [TEST_STEP][PASSED] - break: null

2024-10-17 14:31:22 - [TEST_STEP][PASSED] - if (feinSsn.equalsIgnoreCase("Y")): null

2024-10-17 14:31:22 - [TEST_STEP][PASSED] - if (verifyTextPresent("Please enter a valid FEIN/SSN with 9 digits", true)): null

2024-10-17 14:31:23 - [MESSAGE][PASSED] - Text 'Please enter a valid FEIN/SSN with 9 digits' is present on page  using regular expression

2024-10-17 14:31:23 - [TEST_STEP][PASSED] - println("Error Message is present on the page"): null

2024-10-17 14:31:23 - [TEST_STEP][PASSED] - out.println("Pass Record Number: " + row): null

2024-10-17 14:31:23 - [TEST_STEP][PASSED] - resText = "Pass": null

2024-10-17 14:31:23 - [TEST_STEP][PASSED] - pages.WriteExcel.demoKey(resText, datText, resColumn, datCloumn, fileLoc, nameSheet, row): pages.WriteExcel.demoKey is PASSED

2024-10-17 14:31:23 - [MESSAGE][PASSED] - pages.WriteExcel.demoKey is PASSED

2024-10-17 14:31:23 - [TEST_STEP][PASSED] - ExecuteTC = findTestData(dataFile).getValue("Execute", row): null

2024-10-17 14:31:23 - [TEST_STEP][PASSED] - Taxtype = findTestData(dataFile).getValue("TaxType", row): null

2024-10-17 14:31:23 - [TEST_STEP][PASSED] - Paymenttype = findTestData(dataFile).getValue("PaymentType", row): null

2024-10-17 14:31:23 - [TEST_STEP][PASSED] - feinSsn = findTestData(dataFile).getValue("FEINSSN", row): null

2024-10-17 14:31:23 - [TEST_STEP][PASSED] - out.println("Value of Execute is : " + ExecuteTC): null

2024-10-17 14:31:23 - [TEST_STEP][PASSED] - if (ExecuteTC.equalsIgnoreCase("Y")): null

2024-10-17 14:31:23 - [TEST_STEP][PASSED] - out.println("Begin Record Number: " + row): null

2024-10-17 14:31:23 - [TEST_STEP][PASSED] - today = new java.util.Date(): null

2024-10-17 14:31:23 - [TEST_STEP][PASSED] - println(today): null

2024-10-17 14:31:23 - [TEST_STEP][PASSED] - datText = today: null

2024-10-17 14:31:23 - [TEST_STEP][PASSED] - Taxtype = findTestData(dataFile).getValue("TaxType", row): null

2024-10-17 14:31:23 - [TEST_STEP][PASSED] - out.println("Taxtype value is : " + Taxtype): null

2024-10-17 14:31:23 - [TEST_STEP][PASSED] - openBrowser(""): Browser is opened with url: ''

2024-10-17 14:31:23 - [MESSAGE][WARNING] - A browser is already opened. Closing browser and opening a new one

2024-10-17 14:31:25 - [MESSAGE][INFO] - Starting 'Chrome' driver

2024-10-17 14:31:25 - [MESSAGE][INFO] - User set preference: ['acceptInsecureCerts', 'true']

2024-10-17 14:31:25 - [MESSAGE][INFO] - Action delay is set to 0 milliseconds

2024-10-17 14:31:27 - [MESSAGE][PASSED] - Browser is opened with url: ''

2024-10-17 14:31:27 - [TEST_STEP][PASSED] - maximizeWindow(): Current window maximized

2024-10-17 14:31:27 - [MESSAGE][PASSED] - Current window maximized

2024-10-17 14:31:27 - [TEST_STEP][PASSED] - navigateToUrl(RADurl): Navigate to 'https://demo.velocitypayment.com/client/rad/index.html' successfully

2024-10-17 14:31:29 - [MESSAGE][PASSED] - Navigate to 'https://demo.velocitypayment.com/client/rad/index.html' successfully

2024-10-17 14:31:29 - [TEST_STEP][PASSED] - orPath_Landing = "Object Repository/RAD_Pages/Landing_Page": null

2024-10-17 14:31:29 - [TEST_STEP][PASSED] - orPath_TaxTypeFilingYear = "Object Repository/RAD_Pages/TaxTypeFilingYear_Page": null

2024-10-17 14:31:29 - [TEST_STEP][PASSED] - orPath_TaxPayer = "Object Repository/RAD_Pages/Taxpayer_Page": null

2024-10-17 14:31:29 - [TEST_STEP][PASSED] - orPath_AddressContact = "Object Repository/RAD_Pages/AddressAndContactInfo_Page": null

2024-10-17 14:31:29 - [TEST_STEP][PASSED] - orPath_FilingStatus = "Object Repository/RAD_Pages/FilingStatus_Page": null

2024-10-17 14:31:29 - [TEST_STEP][PASSED] - orPath_Amount = "Object Repository/RAD_Pages/PaymentAmount_Page": null

2024-10-17 14:31:29 - [TEST_STEP][PASSED] - orPath_TaxInfo = "Object Repository/RAD_Pages/TaxInfo_Page": null

2024-10-17 14:31:29 - [TEST_STEP][PASSED] - orPath_Withholding = "Object Repository/RAD_Pages/Withholding_Page": null

2024-10-17 14:31:29 - [TEST_STEP][PASSED] - orPath_Summary = "Object Repository/RAD_Pages/Summary_Page": null

2024-10-17 14:31:29 - [TEST_STEP][PASSED] - orPath_PaymentReady = "Object Repository/RAD_Pages/PaymentReady_Page": null

2024-10-17 14:31:29 - [TEST_STEP][PASSED] - orPath_PaymentEntry = "Object Repository/RAD_Pages/PaymentEntry_Page": null

2024-10-17 14:31:29 - [TEST_STEP][PASSED] - orPath_PaymentConfirmation = "Object Repository/RAD_Pages/PaymentConfirmation_Page": null

2024-10-17 14:31:29 - [TEST_STEP][PASSED] - orPath_ServiceFeesAccept = "Object Repository/RAD_Pages/ServiceFeeAccept_Page": null

2024-10-17 14:31:29 - [TEST_STEP][PASSED] - selectOptionByLabel(findTestObject(orPath_Landing + "/dd_TaxType"), Paymenttype, false): All options with label 'Existing Liability with Notice/Invoice Number' are selected in object 'Object Repository/RAD_Pages/Landing_Page/dd_TaxType' 

2024-10-17 14:31:30 - [MESSAGE][PASSED] - All options with label 'Existing Liability with Notice/Invoice Number' are selected in object 'Object Repository/RAD_Pages/Landing_Page/dd_TaxType' 

2024-10-17 14:31:30 - [TEST_STEP][PASSED] - delay(1): Delayed 1 second(s)

2024-10-17 14:31:31 - [MESSAGE][PASSED] - Delayed 1 second(s)

2024-10-17 14:31:31 - [TEST_STEP][PASSED] - switch (Paymenttype): null

2024-10-17 14:31:31 - [TEST_STEP][PASSED] - case "Existing Liability with Notice/Invoice Number":: null

2024-10-17 14:31:31 - [TEST_STEP][PASSED] - selectOptionByLabel(findTestObject(orPath_TaxTypeFilingYear + "/select_TaxType_ExistingLiability"), Taxtype, false): All options with label 'Admissions and Amusement Tax' are selected in object 'Object Repository/RAD_Pages/TaxTypeFilingYear_Page/select_TaxType_ExistingLiability' 

2024-10-17 14:31:31 - [MESSAGE][PASSED] - All options with label 'Admissions and Amusement Tax' are selected in object 'Object Repository/RAD_Pages/TaxTypeFilingYear_Page/select_TaxType_ExistingLiability' 

2024-10-17 14:31:31 - [TEST_STEP][PASSED] - break: null

2024-10-17 14:31:31 - [TEST_STEP][PASSED] - delay(1): Delayed 1 second(s)

2024-10-17 14:31:32 - [MESSAGE][PASSED] - Delayed 1 second(s)

2024-10-17 14:31:32 - [TEST_STEP][PASSED] - switch (Paymenttype): null

2024-10-17 14:31:32 - [TEST_STEP][PASSED] - case "Existing Liability with Notice/Invoice Number":: null

2024-10-17 14:31:32 - [TEST_STEP][PASSED] - if (feinSsn.equalsIgnoreCase("Y")): null

2024-10-17 14:31:32 - [TEST_STEP][PASSED] - else: Text ****** has been set on object 'Object Repository/RAD_RecordAndPlay/input_Existing_RetypeFEIN'

2024-10-17 14:31:32 - [TEST_STEP][PASSED] - setEncryptedText(findTestObject("Object Repository/RAD_RecordAndPlay/input_Existing_FEIN"), "iGDxf8hSRT4="): Text ****** has been set on object 'Object Repository/RAD_RecordAndPlay/input_Existing_FEIN'

2024-10-17 14:31:33 - [MESSAGE][PASSED] - Text ****** has been set on object 'Object Repository/RAD_RecordAndPlay/input_Existing_FEIN'

2024-10-17 14:31:33 - [TEST_STEP][PASSED] - setEncryptedText(findTestObject("Object Repository/RAD_RecordAndPlay/input_Existing_RetypeFEIN"), ""): Text ****** has been set on object 'Object Repository/RAD_RecordAndPlay/input_Existing_RetypeFEIN'

2024-10-17 14:31:34 - [MESSAGE][PASSED] - Text ****** has been set on object 'Object Repository/RAD_RecordAndPlay/input_Existing_RetypeFEIN'

2024-10-17 14:31:34 - [TEST_STEP][PASSED] - break: null

2024-10-17 14:31:34 - [TEST_STEP][PASSED] - if (feinSsn.equalsIgnoreCase("Y")): null

2024-10-17 14:31:34 - [TEST_STEP][PASSED] - else: null

2024-10-17 14:31:34 - [TEST_STEP][PASSED] - if (verifyTextPresent("Please enter a valid FEIN with 9 digits.", true)): null

2024-10-17 14:31:34 - [MESSAGE][PASSED] - Text 'Please enter a valid FEIN with 9 digits.' is present on page  using regular expression

2024-10-17 14:31:34 - [TEST_STEP][PASSED] - println("Error Message is present on the page"): null

2024-10-17 14:31:34 - [TEST_STEP][PASSED] - out.println("Pass Record Number: " + row): null

2024-10-17 14:31:34 - [TEST_STEP][PASSED] - resText = "Pass": null

2024-10-17 14:31:34 - [TEST_STEP][PASSED] - pages.WriteExcel.demoKey(resText, datText, resColumn, datCloumn, fileLoc, nameSheet, row): pages.WriteExcel.demoKey is PASSED

2024-10-17 14:31:34 - [MESSAGE][PASSED] - pages.WriteExcel.demoKey is PASSED

2024-10-17 14:31:34 - [TEST_STEP][PASSED] - ExecuteTC = findTestData(dataFile).getValue("Execute", row): null

2024-10-17 14:31:34 - [TEST_STEP][PASSED] - Taxtype = findTestData(dataFile).getValue("TaxType", row): null

2024-10-17 14:31:34 - [TEST_STEP][PASSED] - Paymenttype = findTestData(dataFile).getValue("PaymentType", row): null

2024-10-17 14:31:35 - [TEST_STEP][PASSED] - feinSsn = findTestData(dataFile).getValue("FEINSSN", row): null

2024-10-17 14:31:35 - [TEST_STEP][PASSED] - out.println("Value of Execute is : " + ExecuteTC): null

2024-10-17 14:31:35 - [TEST_STEP][PASSED] - if (ExecuteTC.equalsIgnoreCase("Y")): null

2024-10-17 14:31:35 - [TEST_STEP][PASSED] - out.println("Begin Record Number: " + row): null

2024-10-17 14:31:35 - [TEST_STEP][PASSED] - today = new java.util.Date(): null

2024-10-17 14:31:35 - [TEST_STEP][PASSED] - println(today): null

2024-10-17 14:31:35 - [TEST_STEP][PASSED] - datText = today: null

2024-10-17 14:31:35 - [TEST_STEP][PASSED] - Taxtype = findTestData(dataFile).getValue("TaxType", row): null

2024-10-17 14:31:35 - [TEST_STEP][PASSED] - out.println("Taxtype value is : " + Taxtype): null

2024-10-17 14:31:35 - [TEST_STEP][PASSED] - openBrowser(""): Browser is opened with url: ''

2024-10-17 14:31:35 - [MESSAGE][WARNING] - A browser is already opened. Closing browser and opening a new one

2024-10-17 14:31:36 - [MESSAGE][INFO] - Starting 'Chrome' driver

2024-10-17 14:31:36 - [MESSAGE][INFO] - User set preference: ['acceptInsecureCerts', 'true']

2024-10-17 14:31:36 - [MESSAGE][INFO] - Action delay is set to 0 milliseconds

2024-10-17 14:31:38 - [MESSAGE][PASSED] - Browser is opened with url: ''

2024-10-17 14:31:38 - [TEST_STEP][PASSED] - maximizeWindow(): Current window maximized

2024-10-17 14:31:38 - [MESSAGE][PASSED] - Current window maximized

2024-10-17 14:31:38 - [TEST_STEP][PASSED] - navigateToUrl(RADurl): Navigate to 'https://demo.velocitypayment.com/client/rad/index.html' successfully

2024-10-17 14:31:40 - [MESSAGE][PASSED] - Navigate to 'https://demo.velocitypayment.com/client/rad/index.html' successfully

2024-10-17 14:31:40 - [TEST_STEP][PASSED] - orPath_Landing = "Object Repository/RAD_Pages/Landing_Page": null

2024-10-17 14:31:40 - [TEST_STEP][PASSED] - orPath_TaxTypeFilingYear = "Object Repository/RAD_Pages/TaxTypeFilingYear_Page": null

2024-10-17 14:31:40 - [TEST_STEP][PASSED] - orPath_TaxPayer = "Object Repository/RAD_Pages/Taxpayer_Page": null

2024-10-17 14:31:40 - [TEST_STEP][PASSED] - orPath_AddressContact = "Object Repository/RAD_Pages/AddressAndContactInfo_Page": null

2024-10-17 14:31:40 - [TEST_STEP][PASSED] - orPath_FilingStatus = "Object Repository/RAD_Pages/FilingStatus_Page": null

2024-10-17 14:31:40 - [TEST_STEP][PASSED] - orPath_Amount = "Object Repository/RAD_Pages/PaymentAmount_Page": null

2024-10-17 14:31:40 - [TEST_STEP][PASSED] - orPath_TaxInfo = "Object Repository/RAD_Pages/TaxInfo_Page": null

2024-10-17 14:31:40 - [TEST_STEP][PASSED] - orPath_Withholding = "Object Repository/RAD_Pages/Withholding_Page": null

2024-10-17 14:31:40 - [TEST_STEP][PASSED] - orPath_Summary = "Object Repository/RAD_Pages/Summary_Page": null

2024-10-17 14:31:40 - [TEST_STEP][PASSED] - orPath_PaymentReady = "Object Repository/RAD_Pages/PaymentReady_Page": null

2024-10-17 14:31:40 - [TEST_STEP][PASSED] - orPath_PaymentEntry = "Object Repository/RAD_Pages/PaymentEntry_Page": null

2024-10-17 14:31:40 - [TEST_STEP][PASSED] - orPath_PaymentConfirmation = "Object Repository/RAD_Pages/PaymentConfirmation_Page": null

2024-10-17 14:31:40 - [TEST_STEP][PASSED] - orPath_ServiceFeesAccept = "Object Repository/RAD_Pages/ServiceFeeAccept_Page": null

2024-10-17 14:31:40 - [TEST_STEP][PASSED] - selectOptionByLabel(findTestObject(orPath_Landing + "/dd_TaxType"), Paymenttype, false): All options with label 'Existing Liability with Notice/Invoice Number' are selected in object 'Object Repository/RAD_Pages/Landing_Page/dd_TaxType' 

2024-10-17 14:31:40 - [MESSAGE][PASSED] - All options with label 'Existing Liability with Notice/Invoice Number' are selected in object 'Object Repository/RAD_Pages/Landing_Page/dd_TaxType' 

2024-10-17 14:31:40 - [TEST_STEP][PASSED] - delay(1): Delayed 1 second(s)

2024-10-17 14:31:41 - [MESSAGE][PASSED] - Delayed 1 second(s)

2024-10-17 14:31:41 - [TEST_STEP][PASSED] - switch (Paymenttype): null

2024-10-17 14:31:41 - [TEST_STEP][PASSED] - case "Existing Liability with Notice/Invoice Number":: null

2024-10-17 14:31:41 - [TEST_STEP][PASSED] - selectOptionByLabel(findTestObject(orPath_TaxTypeFilingYear + "/select_TaxType_ExistingLiability"), Taxtype, false): All options with label 'Motor Fuel Tax' are selected in object 'Object Repository/RAD_Pages/TaxTypeFilingYear_Page/select_TaxType_ExistingLiability' 

2024-10-17 14:31:42 - [MESSAGE][PASSED] - All options with label 'Motor Fuel Tax' are selected in object 'Object Repository/RAD_Pages/TaxTypeFilingYear_Page/select_TaxType_ExistingLiability' 

2024-10-17 14:31:42 - [TEST_STEP][PASSED] - break: null

2024-10-17 14:31:42 - [TEST_STEP][PASSED] - delay(1): Delayed 1 second(s)

2024-10-17 14:31:43 - [MESSAGE][PASSED] - Delayed 1 second(s)

2024-10-17 14:31:43 - [TEST_STEP][PASSED] - switch (Paymenttype): null

2024-10-17 14:31:43 - [TEST_STEP][PASSED] - case "Existing Liability with Notice/Invoice Number":: null

2024-10-17 14:31:43 - [TEST_STEP][PASSED] - if (feinSsn.equalsIgnoreCase("Y")): null

2024-10-17 14:31:43 - [TEST_STEP][PASSED] - else: Text ****** has been set on object 'Object Repository/RAD_RecordAndPlay/input_Existing_RetypeFEIN'

2024-10-17 14:31:43 - [TEST_STEP][PASSED] - setEncryptedText(findTestObject("Object Repository/RAD_RecordAndPlay/input_Existing_FEIN"), "iGDxf8hSRT4="): Text ****** has been set on object 'Object Repository/RAD_RecordAndPlay/input_Existing_FEIN'

2024-10-17 14:31:44 - [MESSAGE][PASSED] - Text ****** has been set on object 'Object Repository/RAD_RecordAndPlay/input_Existing_FEIN'

2024-10-17 14:31:44 - [TEST_STEP][PASSED] - setEncryptedText(findTestObject("Object Repository/RAD_RecordAndPlay/input_Existing_RetypeFEIN"), ""): Text ****** has been set on object 'Object Repository/RAD_RecordAndPlay/input_Existing_RetypeFEIN'

2024-10-17 14:31:44 - [MESSAGE][PASSED] - Text ****** has been set on object 'Object Repository/RAD_RecordAndPlay/input_Existing_RetypeFEIN'

2024-10-17 14:31:44 - [TEST_STEP][PASSED] - break: null

2024-10-17 14:31:44 - [TEST_STEP][PASSED] - if (feinSsn.equalsIgnoreCase("Y")): null

2024-10-17 14:31:44 - [TEST_STEP][PASSED] - else: null

2024-10-17 14:31:44 - [TEST_STEP][PASSED] - if (verifyTextPresent("Please enter a valid FEIN with 9 digits.", true)): null

2024-10-17 14:31:45 - [MESSAGE][PASSED] - Text 'Please enter a valid FEIN with 9 digits.' is present on page  using regular expression

2024-10-17 14:31:45 - [TEST_STEP][PASSED] - println("Error Message is present on the page"): null

2024-10-17 14:31:45 - [TEST_STEP][PASSED] - out.println("Pass Record Number: " + row): null

2024-10-17 14:31:45 - [TEST_STEP][PASSED] - resText = "Pass": null

2024-10-17 14:31:45 - [TEST_STEP][PASSED] - pages.WriteExcel.demoKey(resText, datText, resColumn, datCloumn, fileLoc, nameSheet, row): pages.WriteExcel.demoKey is PASSED

2024-10-17 14:31:45 - [MESSAGE][PASSED] - pages.WriteExcel.demoKey is PASSED

2024-10-17 14:31:45 - [TEST_STEP][PASSED] - ExecuteTC = findTestData(dataFile).getValue("Execute", row): null

2024-10-17 14:31:45 - [TEST_STEP][PASSED] - Taxtype = findTestData(dataFile).getValue("TaxType", row): null

2024-10-17 14:31:45 - [TEST_STEP][PASSED] - Paymenttype = findTestData(dataFile).getValue("PaymentType", row): null

2024-10-17 14:31:45 - [TEST_STEP][PASSED] - feinSsn = findTestData(dataFile).getValue("FEINSSN", row): null

2024-10-17 14:31:45 - [TEST_STEP][PASSED] - out.println("Value of Execute is : " + ExecuteTC): null

2024-10-17 14:31:45 - [TEST_STEP][PASSED] - if (ExecuteTC.equalsIgnoreCase("Y")): null

2024-10-17 14:31:45 - [TEST_STEP][PASSED] - out.println("Begin Record Number: " + row): null

2024-10-17 14:31:45 - [TEST_STEP][PASSED] - today = new java.util.Date(): null

2024-10-17 14:31:45 - [TEST_STEP][PASSED] - println(today): null

2024-10-17 14:31:45 - [TEST_STEP][PASSED] - datText = today: null

2024-10-17 14:31:45 - [TEST_STEP][PASSED] - Taxtype = findTestData(dataFile).getValue("TaxType", row): null

2024-10-17 14:31:45 - [TEST_STEP][PASSED] - out.println("Taxtype value is : " + Taxtype): null

2024-10-17 14:31:45 - [TEST_STEP][PASSED] - openBrowser(""): Browser is opened with url: ''

2024-10-17 14:31:45 - [MESSAGE][WARNING] - A browser is already opened. Closing browser and opening a new one

2024-10-17 14:31:46 - [MESSAGE][INFO] - Starting 'Chrome' driver

2024-10-17 14:31:46 - [MESSAGE][INFO] - User set preference: ['acceptInsecureCerts', 'true']

2024-10-17 14:31:46 - [MESSAGE][INFO] - Action delay is set to 0 milliseconds

2024-10-17 14:31:48 - [MESSAGE][PASSED] - Browser is opened with url: ''

2024-10-17 14:31:48 - [TEST_STEP][PASSED] - maximizeWindow(): Current window maximized

2024-10-17 14:31:48 - [MESSAGE][PASSED] - Current window maximized

2024-10-17 14:31:48 - [TEST_STEP][PASSED] - navigateToUrl(RADurl): Navigate to 'https://demo.velocitypayment.com/client/rad/index.html' successfully

2024-10-17 14:31:48 - [MESSAGE][PASSED] - Navigate to 'https://demo.velocitypayment.com/client/rad/index.html' successfully

2024-10-17 14:31:48 - [TEST_STEP][PASSED] - orPath_Landing = "Object Repository/RAD_Pages/Landing_Page": null

2024-10-17 14:31:48 - [TEST_STEP][PASSED] - orPath_TaxTypeFilingYear = "Object Repository/RAD_Pages/TaxTypeFilingYear_Page": null

2024-10-17 14:31:48 - [TEST_STEP][PASSED] - orPath_TaxPayer = "Object Repository/RAD_Pages/Taxpayer_Page": null

2024-10-17 14:31:48 - [TEST_STEP][PASSED] - orPath_AddressContact = "Object Repository/RAD_Pages/AddressAndContactInfo_Page": null

2024-10-17 14:31:48 - [TEST_STEP][PASSED] - orPath_FilingStatus = "Object Repository/RAD_Pages/FilingStatus_Page": null

2024-10-17 14:31:48 - [TEST_STEP][PASSED] - orPath_Amount = "Object Repository/RAD_Pages/PaymentAmount_Page": null

2024-10-17 14:31:48 - [TEST_STEP][PASSED] - orPath_TaxInfo = "Object Repository/RAD_Pages/TaxInfo_Page": null

2024-10-17 14:31:48 - [TEST_STEP][PASSED] - orPath_Withholding = "Object Repository/RAD_Pages/Withholding_Page": null

2024-10-17 14:31:48 - [TEST_STEP][PASSED] - orPath_Summary = "Object Repository/RAD_Pages/Summary_Page": null

2024-10-17 14:31:48 - [TEST_STEP][PASSED] - orPath_PaymentReady = "Object Repository/RAD_Pages/PaymentReady_Page": null

2024-10-17 14:31:48 - [TEST_STEP][PASSED] - orPath_PaymentEntry = "Object Repository/RAD_Pages/PaymentEntry_Page": null

2024-10-17 14:31:48 - [TEST_STEP][PASSED] - orPath_PaymentConfirmation = "Object Repository/RAD_Pages/PaymentConfirmation_Page": null

2024-10-17 14:31:48 - [TEST_STEP][PASSED] - orPath_ServiceFeesAccept = "Object Repository/RAD_Pages/ServiceFeeAccept_Page": null

2024-10-17 14:31:48 - [TEST_STEP][PASSED] - selectOptionByLabel(findTestObject(orPath_Landing + "/dd_TaxType"), Paymenttype, false): All options with label 'Existing Liability with Notice/Invoice Number' are selected in object 'Object Repository/RAD_Pages/Landing_Page/dd_TaxType' 

2024-10-17 14:31:51 - [MESSAGE][PASSED] - All options with label 'Existing Liability with Notice/Invoice Number' are selected in object 'Object Repository/RAD_Pages/Landing_Page/dd_TaxType' 

2024-10-17 14:31:51 - [TEST_STEP][PASSED] - delay(1): Delayed 1 second(s)

2024-10-17 14:31:52 - [MESSAGE][PASSED] - Delayed 1 second(s)

2024-10-17 14:31:52 - [TEST_STEP][PASSED] - switch (Paymenttype): null

2024-10-17 14:31:52 - [TEST_STEP][PASSED] - case "Existing Liability with Notice/Invoice Number":: null

2024-10-17 14:31:52 - [TEST_STEP][PASSED] - selectOptionByLabel(findTestObject(orPath_TaxTypeFilingYear + "/select_TaxType_ExistingLiability"), Taxtype, false): All options with label 'Slots License Fee' are selected in object 'Object Repository/RAD_Pages/TaxTypeFilingYear_Page/select_TaxType_ExistingLiability' 

2024-10-17 14:31:52 - [MESSAGE][PASSED] - All options with label 'Slots License Fee' are selected in object 'Object Repository/RAD_Pages/TaxTypeFilingYear_Page/select_TaxType_ExistingLiability' 

2024-10-17 14:31:52 - [TEST_STEP][PASSED] - break: null

2024-10-17 14:31:52 - [TEST_STEP][PASSED] - delay(1): Delayed 1 second(s)

2024-10-17 14:31:53 - [MESSAGE][PASSED] - Delayed 1 second(s)

2024-10-17 14:31:53 - [TEST_STEP][PASSED] - switch (Paymenttype): null

2024-10-17 14:31:53 - [TEST_STEP][PASSED] - case "Existing Liability with Notice/Invoice Number":: null

2024-10-17 14:31:53 - [TEST_STEP][PASSED] - if (feinSsn.equalsIgnoreCase("Y")): null

2024-10-17 14:31:53 - [TEST_STEP][PASSED] - else: Text ****** has been set on object 'Object Repository/RAD_RecordAndPlay/input_Existing_RetypeFEIN'

2024-10-17 14:31:53 - [TEST_STEP][PASSED] - setEncryptedText(findTestObject("Object Repository/RAD_RecordAndPlay/input_Existing_FEIN"), "iGDxf8hSRT4="): Text ****** has been set on object 'Object Repository/RAD_RecordAndPlay/input_Existing_FEIN'

2024-10-17 14:31:54 - [MESSAGE][PASSED] - Text ****** has been set on object 'Object Repository/RAD_RecordAndPlay/input_Existing_FEIN'

2024-10-17 14:31:54 - [TEST_STEP][PASSED] - setEncryptedText(findTestObject("Object Repository/RAD_RecordAndPlay/input_Existing_RetypeFEIN"), ""): Text ****** has been set on object 'Object Repository/RAD_RecordAndPlay/input_Existing_RetypeFEIN'

2024-10-17 14:31:54 - [MESSAGE][PASSED] - Text ****** has been set on object 'Object Repository/RAD_RecordAndPlay/input_Existing_RetypeFEIN'

2024-10-17 14:31:55 - [TEST_STEP][PASSED] - break: null

2024-10-17 14:31:55 - [TEST_STEP][PASSED] - if (feinSsn.equalsIgnoreCase("Y")): null

2024-10-17 14:31:55 - [TEST_STEP][PASSED] - else: null

2024-10-17 14:31:55 - [TEST_STEP][PASSED] - if (verifyTextPresent("Please enter a valid FEIN with 9 digits.", true)): null

2024-10-17 14:31:55 - [MESSAGE][PASSED] - Text 'Please enter a valid FEIN with 9 digits.' is present on page  using regular expression

2024-10-17 14:31:55 - [TEST_STEP][PASSED] - println("Error Message is present on the page"): null

2024-10-17 14:31:55 - [TEST_STEP][PASSED] - out.println("Pass Record Number: " + row): null

2024-10-17 14:31:55 - [TEST_STEP][PASSED] - resText = "Pass": null

2024-10-17 14:31:55 - [TEST_STEP][PASSED] - pages.WriteExcel.demoKey(resText, datText, resColumn, datCloumn, fileLoc, nameSheet, row): pages.WriteExcel.demoKey is PASSED

2024-10-17 14:31:55 - [MESSAGE][PASSED] - pages.WriteExcel.demoKey is PASSED

2024-10-17 14:31:55 - [TEST_STEP][PASSED] - ExecuteTC = findTestData(dataFile).getValue("Execute", row): null

2024-10-17 14:31:55 - [TEST_STEP][PASSED] - Taxtype = findTestData(dataFile).getValue("TaxType", row): null

2024-10-17 14:31:55 - [TEST_STEP][PASSED] - Paymenttype = findTestData(dataFile).getValue("PaymentType", row): null

2024-10-17 14:31:55 - [TEST_STEP][PASSED] - feinSsn = findTestData(dataFile).getValue("FEINSSN", row): null

2024-10-17 14:31:55 - [TEST_STEP][PASSED] - out.println("Value of Execute is : " + ExecuteTC): null

2024-10-17 14:31:55 - [TEST_STEP][PASSED] - if (ExecuteTC.equalsIgnoreCase("Y")): null

2024-10-17 14:31:55 - [TEST_STEP][PASSED] - out.println("Begin Record Number: " + row): null

2024-10-17 14:31:55 - [TEST_STEP][PASSED] - today = new java.util.Date(): null

2024-10-17 14:31:55 - [TEST_STEP][PASSED] - println(today): null

2024-10-17 14:31:55 - [TEST_STEP][PASSED] - datText = today: null

2024-10-17 14:31:55 - [TEST_STEP][PASSED] - Taxtype = findTestData(dataFile).getValue("TaxType", row): null

2024-10-17 14:31:55 - [TEST_STEP][PASSED] - out.println("Taxtype value is : " + Taxtype): null

2024-10-17 14:31:55 - [TEST_STEP][PASSED] - openBrowser(""): Browser is opened with url: ''

2024-10-17 14:31:55 - [MESSAGE][WARNING] - A browser is already opened. Closing browser and opening a new one

2024-10-17 14:31:57 - [MESSAGE][INFO] - Starting 'Chrome' driver

2024-10-17 14:31:57 - [MESSAGE][INFO] - User set preference: ['acceptInsecureCerts', 'true']

2024-10-17 14:31:57 - [MESSAGE][INFO] - Action delay is set to 0 milliseconds

2024-10-17 14:31:59 - [MESSAGE][PASSED] - Browser is opened with url: ''

2024-10-17 14:31:59 - [TEST_STEP][PASSED] - maximizeWindow(): Current window maximized

2024-10-17 14:31:59 - [MESSAGE][PASSED] - Current window maximized

2024-10-17 14:31:59 - [TEST_STEP][PASSED] - navigateToUrl(RADurl): Navigate to 'https://demo.velocitypayment.com/client/rad/index.html' successfully

2024-10-17 14:32:01 - [MESSAGE][PASSED] - Navigate to 'https://demo.velocitypayment.com/client/rad/index.html' successfully

2024-10-17 14:32:01 - [TEST_STEP][PASSED] - orPath_Landing = "Object Repository/RAD_Pages/Landing_Page": null

2024-10-17 14:32:01 - [TEST_STEP][PASSED] - orPath_TaxTypeFilingYear = "Object Repository/RAD_Pages/TaxTypeFilingYear_Page": null

2024-10-17 14:32:01 - [TEST_STEP][PASSED] - orPath_TaxPayer = "Object Repository/RAD_Pages/Taxpayer_Page": null

2024-10-17 14:32:01 - [TEST_STEP][PASSED] - orPath_AddressContact = "Object Repository/RAD_Pages/AddressAndContactInfo_Page": null

2024-10-17 14:32:01 - [TEST_STEP][PASSED] - orPath_FilingStatus = "Object Repository/RAD_Pages/FilingStatus_Page": null

2024-10-17 14:32:01 - [TEST_STEP][PASSED] - orPath_Amount = "Object Repository/RAD_Pages/PaymentAmount_Page": null

2024-10-17 14:32:01 - [TEST_STEP][PASSED] - orPath_TaxInfo = "Object Repository/RAD_Pages/TaxInfo_Page": null

2024-10-17 14:32:01 - [TEST_STEP][PASSED] - orPath_Withholding = "Object Repository/RAD_Pages/Withholding_Page": null

2024-10-17 14:32:01 - [TEST_STEP][PASSED] - orPath_Summary = "Object Repository/RAD_Pages/Summary_Page": null

2024-10-17 14:32:01 - [TEST_STEP][PASSED] - orPath_PaymentReady = "Object Repository/RAD_Pages/PaymentReady_Page": null

2024-10-17 14:32:01 - [TEST_STEP][PASSED] - orPath_PaymentEntry = "Object Repository/RAD_Pages/PaymentEntry_Page": null

2024-10-17 14:32:01 - [TEST_STEP][PASSED] - orPath_PaymentConfirmation = "Object Repository/RAD_Pages/PaymentConfirmation_Page": null

2024-10-17 14:32:01 - [TEST_STEP][PASSED] - orPath_ServiceFeesAccept = "Object Repository/RAD_Pages/ServiceFeeAccept_Page": null

2024-10-17 14:32:01 - [TEST_STEP][PASSED] - selectOptionByLabel(findTestObject(orPath_Landing + "/dd_TaxType"), Paymenttype, false): All options with label 'Existing Liability with Notice/Invoice Number' are selected in object 'Object Repository/RAD_Pages/Landing_Page/dd_TaxType' 

2024-10-17 14:32:01 - [MESSAGE][PASSED] - All options with label 'Existing Liability with Notice/Invoice Number' are selected in object 'Object Repository/RAD_Pages/Landing_Page/dd_TaxType' 

2024-10-17 14:32:01 - [TEST_STEP][PASSED] - delay(1): Delayed 1 second(s)

2024-10-17 14:32:02 - [MESSAGE][PASSED] - Delayed 1 second(s)

2024-10-17 14:32:02 - [TEST_STEP][PASSED] - switch (Paymenttype): null

2024-10-17 14:32:02 - [TEST_STEP][PASSED] - case "Existing Liability with Notice/Invoice Number":: null

2024-10-17 14:32:02 - [TEST_STEP][PASSED] - selectOptionByLabel(findTestObject(orPath_TaxTypeFilingYear + "/select_TaxType_ExistingLiability"), Taxtype, false): All options with label 'Tobacco Tax' are selected in object 'Object Repository/RAD_Pages/TaxTypeFilingYear_Page/select_TaxType_ExistingLiability' 

2024-10-17 14:32:03 - [MESSAGE][PASSED] - All options with label 'Tobacco Tax' are selected in object 'Object Repository/RAD_Pages/TaxTypeFilingYear_Page/select_TaxType_ExistingLiability' 

2024-10-17 14:32:03 - [TEST_STEP][PASSED] - break: null

2024-10-17 14:32:03 - [TEST_STEP][PASSED] - delay(1): Delayed 1 second(s)

2024-10-17 14:32:04 - [MESSAGE][PASSED] - Delayed 1 second(s)

2024-10-17 14:32:04 - [TEST_STEP][PASSED] - switch (Paymenttype): null

2024-10-17 14:32:04 - [TEST_STEP][PASSED] - case "Existing Liability with Notice/Invoice Number":: null

2024-10-17 14:32:04 - [TEST_STEP][PASSED] - if (feinSsn.equalsIgnoreCase("Y")): Text ****** has been set on object 'Object Repository/RAD_Pages/TaxInfo_Page/input_TaxInfo_RetypefeinSsn_Existing_New'

2024-10-17 14:32:04 - [TEST_STEP][PASSED] - setEncryptedText(findTestObject(orPath_TaxInfo + "/input_TaxInfo_feinSsn_Existing_New"), "iGDxf8hSRT4="): Text ****** has been set on object 'Object Repository/RAD_Pages/TaxInfo_Page/input_TaxInfo_feinSsn_Existing_New'

2024-10-17 14:32:05 - [MESSAGE][PASSED] - Text ****** has been set on object 'Object Repository/RAD_Pages/TaxInfo_Page/input_TaxInfo_feinSsn_Existing_New'

2024-10-17 14:32:05 - [TEST_STEP][PASSED] - setEncryptedText(findTestObject(orPath_TaxInfo + "/input_TaxInfo_RetypefeinSsn_Existing_New"), ""): Text ****** has been set on object 'Object Repository/RAD_Pages/TaxInfo_Page/input_TaxInfo_RetypefeinSsn_Existing_New'

2024-10-17 14:32:05 - [MESSAGE][PASSED] - Text ****** has been set on object 'Object Repository/RAD_Pages/TaxInfo_Page/input_TaxInfo_RetypefeinSsn_Existing_New'

2024-10-17 14:32:05 - [TEST_STEP][PASSED] - break: null

2024-10-17 14:32:05 - [TEST_STEP][PASSED] - if (feinSsn.equalsIgnoreCase("Y")): null

2024-10-17 14:32:05 - [TEST_STEP][PASSED] - if (verifyTextPresent("Please enter a valid FEIN/SSN with 9 digits", true)): null

2024-10-17 14:32:06 - [MESSAGE][PASSED] - Text 'Please enter a valid FEIN/SSN with 9 digits' is present on page  using regular expression

2024-10-17 14:32:06 - [TEST_STEP][PASSED] - println("Error Message is present on the page"): null

2024-10-17 14:32:06 - [TEST_STEP][PASSED] - out.println("Pass Record Number: " + row): null

2024-10-17 14:32:06 - [TEST_STEP][PASSED] - resText = "Pass": null

2024-10-17 14:32:06 - [TEST_STEP][PASSED] - pages.WriteExcel.demoKey(resText, datText, resColumn, datCloumn, fileLoc, nameSheet, row): pages.WriteExcel.demoKey is PASSED

2024-10-17 14:32:06 - [MESSAGE][PASSED] - pages.WriteExcel.demoKey is PASSED

2024-10-17 14:32:06 - [TEST_STEP][PASSED] - ExecuteTC = findTestData(dataFile).getValue("Execute", row): null

2024-10-17 14:32:06 - [TEST_STEP][PASSED] - Taxtype = findTestData(dataFile).getValue("TaxType", row): null

2024-10-17 14:32:06 - [TEST_STEP][PASSED] - Paymenttype = findTestData(dataFile).getValue("PaymentType", row): null

2024-10-17 14:32:06 - [TEST_STEP][PASSED] - feinSsn = findTestData(dataFile).getValue("FEINSSN", row): null

2024-10-17 14:32:06 - [TEST_STEP][PASSED] - out.println("Value of Execute is : " + ExecuteTC): null

2024-10-17 14:32:06 - [TEST_STEP][PASSED] - if (ExecuteTC.equalsIgnoreCase("Y")): null

2024-10-17 14:32:06 - [TEST_STEP][PASSED] - out.println("Begin Record Number: " + row): null

2024-10-17 14:32:06 - [TEST_STEP][PASSED] - today = new java.util.Date(): null

2024-10-17 14:32:06 - [TEST_STEP][PASSED] - println(today): null

2024-10-17 14:32:06 - [TEST_STEP][PASSED] - datText = today: null

2024-10-17 14:32:06 - [TEST_STEP][PASSED] - Taxtype = findTestData(dataFile).getValue("TaxType", row): null

2024-10-17 14:32:06 - [TEST_STEP][PASSED] - out.println("Taxtype value is : " + Taxtype): null

2024-10-17 14:32:06 - [TEST_STEP][PASSED] - openBrowser(""): Browser is opened with url: ''

2024-10-17 14:32:06 - [MESSAGE][WARNING] - A browser is already opened. Closing browser and opening a new one

2024-10-17 14:32:08 - [MESSAGE][INFO] - Starting 'Chrome' driver

2024-10-17 14:32:08 - [MESSAGE][INFO] - User set preference: ['acceptInsecureCerts', 'true']

2024-10-17 14:32:08 - [MESSAGE][INFO] - Action delay is set to 0 milliseconds

2024-10-17 14:32:09 - [MESSAGE][PASSED] - Browser is opened with url: ''

2024-10-17 14:32:09 - [TEST_STEP][PASSED] - maximizeWindow(): Current window maximized

2024-10-17 14:32:09 - [MESSAGE][PASSED] - Current window maximized

2024-10-17 14:32:09 - [TEST_STEP][PASSED] - navigateToUrl(RADurl): Navigate to 'https://demo.velocitypayment.com/client/rad/index.html' successfully

2024-10-17 14:32:11 - [MESSAGE][PASSED] - Navigate to 'https://demo.velocitypayment.com/client/rad/index.html' successfully

2024-10-17 14:32:11 - [TEST_STEP][PASSED] - orPath_Landing = "Object Repository/RAD_Pages/Landing_Page": null

2024-10-17 14:32:11 - [TEST_STEP][PASSED] - orPath_TaxTypeFilingYear = "Object Repository/RAD_Pages/TaxTypeFilingYear_Page": null

2024-10-17 14:32:11 - [TEST_STEP][PASSED] - orPath_TaxPayer = "Object Repository/RAD_Pages/Taxpayer_Page": null

2024-10-17 14:32:11 - [TEST_STEP][PASSED] - orPath_AddressContact = "Object Repository/RAD_Pages/AddressAndContactInfo_Page": null

2024-10-17 14:32:11 - [TEST_STEP][PASSED] - orPath_FilingStatus = "Object Repository/RAD_Pages/FilingStatus_Page": null

2024-10-17 14:32:11 - [TEST_STEP][PASSED] - orPath_Amount = "Object Repository/RAD_Pages/PaymentAmount_Page": null

2024-10-17 14:32:11 - [TEST_STEP][PASSED] - orPath_TaxInfo = "Object Repository/RAD_Pages/TaxInfo_Page": null

2024-10-17 14:32:11 - [TEST_STEP][PASSED] - orPath_Withholding = "Object Repository/RAD_Pages/Withholding_Page": null

2024-10-17 14:32:11 - [TEST_STEP][PASSED] - orPath_Summary = "Object Repository/RAD_Pages/Summary_Page": null

2024-10-17 14:32:11 - [TEST_STEP][PASSED] - orPath_PaymentReady = "Object Repository/RAD_Pages/PaymentReady_Page": null

2024-10-17 14:32:11 - [TEST_STEP][PASSED] - orPath_PaymentEntry = "Object Repository/RAD_Pages/PaymentEntry_Page": null

2024-10-17 14:32:11 - [TEST_STEP][PASSED] - orPath_PaymentConfirmation = "Object Repository/RAD_Pages/PaymentConfirmation_Page": null

2024-10-17 14:32:11 - [TEST_STEP][PASSED] - orPath_ServiceFeesAccept = "Object Repository/RAD_Pages/ServiceFeeAccept_Page": null

2024-10-17 14:32:11 - [TEST_STEP][PASSED] - selectOptionByLabel(findTestObject(orPath_Landing + "/dd_TaxType"), Paymenttype, false): All options with label 'Existing Liability with Notice/Invoice Number' are selected in object 'Object Repository/RAD_Pages/Landing_Page/dd_TaxType' 

2024-10-17 14:32:12 - [MESSAGE][PASSED] - All options with label 'Existing Liability with Notice/Invoice Number' are selected in object 'Object Repository/RAD_Pages/Landing_Page/dd_TaxType' 

2024-10-17 14:32:12 - [TEST_STEP][PASSED] - delay(1): Delayed 1 second(s)

2024-10-17 14:32:13 - [MESSAGE][PASSED] - Delayed 1 second(s)

2024-10-17 14:32:13 - [TEST_STEP][PASSED] - switch (Paymenttype): null

2024-10-17 14:32:13 - [TEST_STEP][PASSED] - case "Existing Liability with Notice/Invoice Number":: null

2024-10-17 14:32:13 - [TEST_STEP][PASSED] - selectOptionByLabel(findTestObject(orPath_TaxTypeFilingYear + "/select_TaxType_ExistingLiability"), Taxtype, false): All options with label 'Transportation Network Services' are selected in object 'Object Repository/RAD_Pages/TaxTypeFilingYear_Page/select_TaxType_ExistingLiability' 

2024-10-17 14:32:14 - [MESSAGE][PASSED] - All options with label 'Transportation Network Services' are selected in object 'Object Repository/RAD_Pages/TaxTypeFilingYear_Page/select_TaxType_ExistingLiability' 

2024-10-17 14:32:14 - [TEST_STEP][PASSED] - break: null

2024-10-17 14:32:14 - [TEST_STEP][PASSED] - delay(1): Delayed 1 second(s)

2024-10-17 14:32:15 - [MESSAGE][PASSED] - Delayed 1 second(s)

2024-10-17 14:32:15 - [TEST_STEP][PASSED] - switch (Paymenttype): null

2024-10-17 14:32:15 - [TEST_STEP][PASSED] - case "Existing Liability with Notice/Invoice Number":: null

2024-10-17 14:32:15 - [TEST_STEP][PASSED] - if (feinSsn.equalsIgnoreCase("Y")): null

2024-10-17 14:32:15 - [TEST_STEP][PASSED] - else: Text ****** has been set on object 'Object Repository/RAD_RecordAndPlay/input_Existing_RetypeFEIN'

2024-10-17 14:32:15 - [TEST_STEP][PASSED] - setEncryptedText(findTestObject("Object Repository/RAD_RecordAndPlay/input_Existing_FEIN"), "iGDxf8hSRT4="): Text ****** has been set on object 'Object Repository/RAD_RecordAndPlay/input_Existing_FEIN'

2024-10-17 14:32:15 - [MESSAGE][PASSED] - Text ****** has been set on object 'Object Repository/RAD_RecordAndPlay/input_Existing_FEIN'

2024-10-17 14:32:15 - [TEST_STEP][PASSED] - setEncryptedText(findTestObject("Object Repository/RAD_RecordAndPlay/input_Existing_RetypeFEIN"), ""): Text ****** has been set on object 'Object Repository/RAD_RecordAndPlay/input_Existing_RetypeFEIN'

2024-10-17 14:32:16 - [MESSAGE][PASSED] - Text ****** has been set on object 'Object Repository/RAD_RecordAndPlay/input_Existing_RetypeFEIN'

2024-10-17 14:32:16 - [TEST_STEP][PASSED] - break: null

2024-10-17 14:32:16 - [TEST_STEP][PASSED] - if (feinSsn.equalsIgnoreCase("Y")): null

2024-10-17 14:32:16 - [TEST_STEP][PASSED] - else: null

2024-10-17 14:32:16 - [TEST_STEP][PASSED] - if (verifyTextPresent("Please enter a valid FEIN with 9 digits.", true)): null

2024-10-17 14:32:17 - [MESSAGE][PASSED] - Text 'Please enter a valid FEIN with 9 digits.' is present on page  using regular expression

2024-10-17 14:32:17 - [TEST_STEP][PASSED] - println("Error Message is present on the page"): null

2024-10-17 14:32:17 - [TEST_STEP][PASSED] - out.println("Pass Record Number: " + row): null

2024-10-17 14:32:17 - [TEST_STEP][PASSED] - resText = "Pass": null

2024-10-17 14:32:17 - [TEST_STEP][PASSED] - pages.WriteExcel.demoKey(resText, datText, resColumn, datCloumn, fileLoc, nameSheet, row): pages.WriteExcel.demoKey is PASSED

2024-10-17 14:32:17 - [MESSAGE][PASSED] - pages.WriteExcel.demoKey is PASSED

2024-10-17 14:32:17 - [TEST_STEP][PASSED] - ExecuteTC = findTestData(dataFile).getValue("Execute", row): null

2024-10-17 14:32:17 - [TEST_STEP][PASSED] - Taxtype = findTestData(dataFile).getValue("TaxType", row): null

2024-10-17 14:32:17 - [TEST_STEP][PASSED] - Paymenttype = findTestData(dataFile).getValue("PaymentType", row): null

2024-10-17 14:32:17 - [TEST_STEP][PASSED] - feinSsn = findTestData(dataFile).getValue("FEINSSN", row): null

2024-10-17 14:32:17 - [TEST_STEP][PASSED] - out.println("Value of Execute is : " + ExecuteTC): null

2024-10-17 14:32:17 - [TEST_STEP][PASSED] - if (ExecuteTC.equalsIgnoreCase("Y")): null

2024-10-17 14:32:17 - [TEST_STEP][PASSED] - out.println("Begin Record Number: " + row): null

2024-10-17 14:32:17 - [TEST_STEP][PASSED] - today = new java.util.Date(): null

2024-10-17 14:32:17 - [TEST_STEP][PASSED] - println(today): null

2024-10-17 14:32:17 - [TEST_STEP][PASSED] - datText = today: null

2024-10-17 14:32:17 - [TEST_STEP][PASSED] - Taxtype = findTestData(dataFile).getValue("TaxType", row): null

2024-10-17 14:32:17 - [TEST_STEP][PASSED] - out.println("Taxtype value is : " + Taxtype): null

2024-10-17 14:32:17 - [TEST_STEP][PASSED] - openBrowser(""): Browser is opened with url: ''

2024-10-17 14:32:17 - [MESSAGE][WARNING] - A browser is already opened. Closing browser and opening a new one

2024-10-17 14:32:18 - [MESSAGE][INFO] - Starting 'Chrome' driver

2024-10-17 14:32:18 - [MESSAGE][INFO] - User set preference: ['acceptInsecureCerts', 'true']

2024-10-17 14:32:18 - [MESSAGE][INFO] - Action delay is set to 0 milliseconds

2024-10-17 14:32:20 - [MESSAGE][PASSED] - Browser is opened with url: ''

2024-10-17 14:32:20 - [TEST_STEP][PASSED] - maximizeWindow(): Current window maximized

2024-10-17 14:32:20 - [MESSAGE][PASSED] - Current window maximized

2024-10-17 14:32:20 - [TEST_STEP][PASSED] - navigateToUrl(RADurl): Navigate to 'https://demo.velocitypayment.com/client/rad/index.html' successfully

2024-10-17 14:32:20 - [MESSAGE][PASSED] - Navigate to 'https://demo.velocitypayment.com/client/rad/index.html' successfully

2024-10-17 14:32:20 - [TEST_STEP][PASSED] - orPath_Landing = "Object Repository/RAD_Pages/Landing_Page": null

2024-10-17 14:32:20 - [TEST_STEP][PASSED] - orPath_TaxTypeFilingYear = "Object Repository/RAD_Pages/TaxTypeFilingYear_Page": null

2024-10-17 14:32:20 - [TEST_STEP][PASSED] - orPath_TaxPayer = "Object Repository/RAD_Pages/Taxpayer_Page": null

2024-10-17 14:32:20 - [TEST_STEP][PASSED] - orPath_AddressContact = "Object Repository/RAD_Pages/AddressAndContactInfo_Page": null

2024-10-17 14:32:20 - [TEST_STEP][PASSED] - orPath_FilingStatus = "Object Repository/RAD_Pages/FilingStatus_Page": null

2024-10-17 14:32:20 - [TEST_STEP][PASSED] - orPath_Amount = "Object Repository/RAD_Pages/PaymentAmount_Page": null

2024-10-17 14:32:20 - [TEST_STEP][PASSED] - orPath_TaxInfo = "Object Repository/RAD_Pages/TaxInfo_Page": null

2024-10-17 14:32:20 - [TEST_STEP][PASSED] - orPath_Withholding = "Object Repository/RAD_Pages/Withholding_Page": null

2024-10-17 14:32:20 - [TEST_STEP][PASSED] - orPath_Summary = "Object Repository/RAD_Pages/Summary_Page": null

2024-10-17 14:32:20 - [TEST_STEP][PASSED] - orPath_PaymentReady = "Object Repository/RAD_Pages/PaymentReady_Page": null

2024-10-17 14:32:20 - [TEST_STEP][PASSED] - orPath_PaymentEntry = "Object Repository/RAD_Pages/PaymentEntry_Page": null

2024-10-17 14:32:20 - [TEST_STEP][PASSED] - orPath_PaymentConfirmation = "Object Repository/RAD_Pages/PaymentConfirmation_Page": null

2024-10-17 14:32:20 - [TEST_STEP][PASSED] - orPath_ServiceFeesAccept = "Object Repository/RAD_Pages/ServiceFeeAccept_Page": null

2024-10-17 14:32:20 - [TEST_STEP][PASSED] - selectOptionByLabel(findTestObject(orPath_Landing + "/dd_TaxType"), Paymenttype, false): All options with label 'Existing Liability with Notice/Invoice Number' are selected in object 'Object Repository/RAD_Pages/Landing_Page/dd_TaxType' 

2024-10-17 14:32:23 - [MESSAGE][PASSED] - All options with label 'Existing Liability with Notice/Invoice Number' are selected in object 'Object Repository/RAD_Pages/Landing_Page/dd_TaxType' 

2024-10-17 14:32:23 - [TEST_STEP][PASSED] - delay(1): Delayed 1 second(s)

2024-10-17 14:32:24 - [MESSAGE][PASSED] - Delayed 1 second(s)

2024-10-17 14:32:24 - [TEST_STEP][PASSED] - switch (Paymenttype): null

2024-10-17 14:32:24 - [TEST_STEP][PASSED] - case "Existing Liability with Notice/Invoice Number":: null

2024-10-17 14:32:24 - [TEST_STEP][PASSED] - selectOptionByLabel(findTestObject(orPath_TaxTypeFilingYear + "/select_TaxType_ExistingLiability"), Taxtype, false): All options with label 'Unclaimed Property' are selected in object 'Object Repository/RAD_Pages/TaxTypeFilingYear_Page/select_TaxType_ExistingLiability' 

2024-10-17 14:32:24 - [MESSAGE][PASSED] - All options with label 'Unclaimed Property' are selected in object 'Object Repository/RAD_Pages/TaxTypeFilingYear_Page/select_TaxType_ExistingLiability' 

2024-10-17 14:32:24 - [TEST_STEP][PASSED] - break: null

2024-10-17 14:32:24 - [TEST_STEP][PASSED] - delay(1): Delayed 1 second(s)

2024-10-17 14:32:25 - [MESSAGE][PASSED] - Delayed 1 second(s)

2024-10-17 14:32:25 - [TEST_STEP][PASSED] - switch (Paymenttype): null

2024-10-17 14:32:25 - [TEST_STEP][PASSED] - case "Existing Liability with Notice/Invoice Number":: null

2024-10-17 14:32:25 - [TEST_STEP][PASSED] - if (feinSsn.equalsIgnoreCase("Y")): null

2024-10-17 14:32:25 - [TEST_STEP][PASSED] - else: Text ****** has been set on object 'Object Repository/RAD_RecordAndPlay/input_Existing_RetypeFEIN'

2024-10-17 14:32:25 - [TEST_STEP][PASSED] - setEncryptedText(findTestObject("Object Repository/RAD_RecordAndPlay/input_Existing_FEIN"), "iGDxf8hSRT4="): Text ****** has been set on object 'Object Repository/RAD_RecordAndPlay/input_Existing_FEIN'

2024-10-17 14:32:26 - [MESSAGE][PASSED] - Text ****** has been set on object 'Object Repository/RAD_RecordAndPlay/input_Existing_FEIN'

2024-10-17 14:32:26 - [TEST_STEP][PASSED] - setEncryptedText(findTestObject("Object Repository/RAD_RecordAndPlay/input_Existing_RetypeFEIN"), ""): Text ****** has been set on object 'Object Repository/RAD_RecordAndPlay/input_Existing_RetypeFEIN'

2024-10-17 14:32:26 - [MESSAGE][PASSED] - Text ****** has been set on object 'Object Repository/RAD_RecordAndPlay/input_Existing_RetypeFEIN'

2024-10-17 14:32:26 - [TEST_STEP][PASSED] - break: null

2024-10-17 14:32:26 - [TEST_STEP][PASSED] - if (feinSsn.equalsIgnoreCase("Y")): null

2024-10-17 14:32:26 - [TEST_STEP][PASSED] - else: null

2024-10-17 14:32:26 - [TEST_STEP][PASSED] - if (verifyTextPresent("Please enter a valid FEIN with 9 digits.", true)): null

2024-10-17 14:32:27 - [MESSAGE][PASSED] - Text 'Please enter a valid FEIN with 9 digits.' is present on page  using regular expression

2024-10-17 14:32:27 - [TEST_STEP][PASSED] - println("Error Message is present on the page"): null

2024-10-17 14:32:27 - [TEST_STEP][PASSED] - out.println("Pass Record Number: " + row): null

2024-10-17 14:32:27 - [TEST_STEP][PASSED] - resText = "Pass": null

2024-10-17 14:32:27 - [TEST_STEP][PASSED] - pages.WriteExcel.demoKey(resText, datText, resColumn, datCloumn, fileLoc, nameSheet, row): pages.WriteExcel.demoKey is PASSED

2024-10-17 14:32:27 - [MESSAGE][PASSED] - pages.WriteExcel.demoKey is PASSED

2024-10-17 14:32:27 - [TEST_STEP][PASSED] - ExecuteTC = findTestData(dataFile).getValue("Execute", row): null

2024-10-17 14:32:27 - [TEST_STEP][PASSED] - Taxtype = findTestData(dataFile).getValue("TaxType", row): null

2024-10-17 14:32:27 - [TEST_STEP][PASSED] - Paymenttype = findTestData(dataFile).getValue("PaymentType", row): null

2024-10-17 14:32:27 - [TEST_STEP][PASSED] - feinSsn = findTestData(dataFile).getValue("FEINSSN", row): null

2024-10-17 14:32:27 - [TEST_STEP][PASSED] - out.println("Value of Execute is : " + ExecuteTC): null

2024-10-17 14:32:27 - [TEST_STEP][PASSED] - if (ExecuteTC.equalsIgnoreCase("Y")): null

2024-10-17 14:32:27 - [TEST_STEP][PASSED] - out.println("Begin Record Number: " + row): null

2024-10-17 14:32:27 - [TEST_STEP][PASSED] - today = new java.util.Date(): null

2024-10-17 14:32:27 - [TEST_STEP][PASSED] - println(today): null

2024-10-17 14:32:27 - [TEST_STEP][PASSED] - datText = today: null

2024-10-17 14:32:27 - [TEST_STEP][PASSED] - Taxtype = findTestData(dataFile).getValue("TaxType", row): null

2024-10-17 14:32:27 - [TEST_STEP][PASSED] - out.println("Taxtype value is : " + Taxtype): null

2024-10-17 14:32:27 - [TEST_STEP][PASSED] - openBrowser(""): Browser is opened with url: ''

2024-10-17 14:32:27 - [MESSAGE][WARNING] - A browser is already opened. Closing browser and opening a new one

2024-10-17 14:32:29 - [MESSAGE][INFO] - Starting 'Chrome' driver

2024-10-17 14:32:29 - [MESSAGE][INFO] - User set preference: ['acceptInsecureCerts', 'true']

2024-10-17 14:32:29 - [MESSAGE][INFO] - Action delay is set to 0 milliseconds

2024-10-17 14:32:30 - [MESSAGE][PASSED] - Browser is opened with url: ''

2024-10-17 14:32:30 - [TEST_STEP][PASSED] - maximizeWindow(): Current window maximized

2024-10-17 14:32:30 - [MESSAGE][PASSED] - Current window maximized

2024-10-17 14:32:30 - [TEST_STEP][PASSED] - navigateToUrl(RADurl): Navigate to 'https://demo.velocitypayment.com/client/rad/index.html' successfully

2024-10-17 14:32:32 - [MESSAGE][PASSED] - Navigate to 'https://demo.velocitypayment.com/client/rad/index.html' successfully

2024-10-17 14:32:32 - [TEST_STEP][PASSED] - orPath_Landing = "Object Repository/RAD_Pages/Landing_Page": null

2024-10-17 14:32:32 - [TEST_STEP][PASSED] - orPath_TaxTypeFilingYear = "Object Repository/RAD_Pages/TaxTypeFilingYear_Page": null

2024-10-17 14:32:32 - [TEST_STEP][PASSED] - orPath_TaxPayer = "Object Repository/RAD_Pages/Taxpayer_Page": null

2024-10-17 14:32:32 - [TEST_STEP][PASSED] - orPath_AddressContact = "Object Repository/RAD_Pages/AddressAndContactInfo_Page": null

2024-10-17 14:32:32 - [TEST_STEP][PASSED] - orPath_FilingStatus = "Object Repository/RAD_Pages/FilingStatus_Page": null

2024-10-17 14:32:32 - [TEST_STEP][PASSED] - orPath_Amount = "Object Repository/RAD_Pages/PaymentAmount_Page": null

2024-10-17 14:32:32 - [TEST_STEP][PASSED] - orPath_TaxInfo = "Object Repository/RAD_Pages/TaxInfo_Page": null

2024-10-17 14:32:32 - [TEST_STEP][PASSED] - orPath_Withholding = "Object Repository/RAD_Pages/Withholding_Page": null

2024-10-17 14:32:32 - [TEST_STEP][PASSED] - orPath_Summary = "Object Repository/RAD_Pages/Summary_Page": null

2024-10-17 14:32:32 - [TEST_STEP][PASSED] - orPath_PaymentReady = "Object Repository/RAD_Pages/PaymentReady_Page": null

2024-10-17 14:32:32 - [TEST_STEP][PASSED] - orPath_PaymentEntry = "Object Repository/RAD_Pages/PaymentEntry_Page": null

2024-10-17 14:32:32 - [TEST_STEP][PASSED] - orPath_PaymentConfirmation = "Object Repository/RAD_Pages/PaymentConfirmation_Page": null

2024-10-17 14:32:32 - [TEST_STEP][PASSED] - orPath_ServiceFeesAccept = "Object Repository/RAD_Pages/ServiceFeeAccept_Page": null

2024-10-17 14:32:32 - [TEST_STEP][PASSED] - selectOptionByLabel(findTestObject(orPath_Landing + "/dd_TaxType"), Paymenttype, false): All options with label 'Existing Liability with Notice/Invoice Number' are selected in object 'Object Repository/RAD_Pages/Landing_Page/dd_TaxType' 

2024-10-17 14:32:33 - [MESSAGE][PASSED] - All options with label 'Existing Liability with Notice/Invoice Number' are selected in object 'Object Repository/RAD_Pages/Landing_Page/dd_TaxType' 

2024-10-17 14:32:33 - [TEST_STEP][PASSED] - delay(1): Delayed 1 second(s)

2024-10-17 14:32:34 - [MESSAGE][PASSED] - Delayed 1 second(s)

2024-10-17 14:32:34 - [TEST_STEP][PASSED] - switch (Paymenttype): null

2024-10-17 14:32:34 - [TEST_STEP][PASSED] - case "Existing Liability with Notice/Invoice Number":: null

2024-10-17 14:32:34 - [TEST_STEP][PASSED] - selectOptionByLabel(findTestObject(orPath_TaxTypeFilingYear + "/select_TaxType_ExistingLiability"), Taxtype, false): All options with label 'IFTA Tax' are selected in object 'Object Repository/RAD_Pages/TaxTypeFilingYear_Page/select_TaxType_ExistingLiability' 

2024-10-17 14:32:35 - [MESSAGE][PASSED] - All options with label 'IFTA Tax' are selected in object 'Object Repository/RAD_Pages/TaxTypeFilingYear_Page/select_TaxType_ExistingLiability' 

2024-10-17 14:32:35 - [TEST_STEP][PASSED] - break: null

2024-10-17 14:32:35 - [TEST_STEP][PASSED] - delay(1): Delayed 1 second(s)

2024-10-17 14:32:36 - [MESSAGE][PASSED] - Delayed 1 second(s)

2024-10-17 14:32:36 - [TEST_STEP][PASSED] - switch (Paymenttype): null

2024-10-17 14:32:36 - [TEST_STEP][PASSED] - case "Existing Liability with Notice/Invoice Number":: null

2024-10-17 14:32:36 - [TEST_STEP][PASSED] - if (feinSsn.equalsIgnoreCase("Y")): null

2024-10-17 14:32:36 - [TEST_STEP][PASSED] - else: Text ****** has been set on object 'Object Repository/RAD_RecordAndPlay/input_Existing_RetypeFEIN'

2024-10-17 14:32:36 - [TEST_STEP][PASSED] - setEncryptedText(findTestObject("Object Repository/RAD_RecordAndPlay/input_Existing_FEIN"), "iGDxf8hSRT4="): Text ****** has been set on object 'Object Repository/RAD_RecordAndPlay/input_Existing_FEIN'

2024-10-17 14:32:36 - [MESSAGE][PASSED] - Text ****** has been set on object 'Object Repository/RAD_RecordAndPlay/input_Existing_FEIN'

2024-10-17 14:32:36 - [TEST_STEP][PASSED] - setEncryptedText(findTestObject("Object Repository/RAD_RecordAndPlay/input_Existing_RetypeFEIN"), ""): Text ****** has been set on object 'Object Repository/RAD_RecordAndPlay/input_Existing_RetypeFEIN'

2024-10-17 14:32:37 - [MESSAGE][PASSED] - Text ****** has been set on object 'Object Repository/RAD_RecordAndPlay/input_Existing_RetypeFEIN'

2024-10-17 14:32:37 - [TEST_STEP][PASSED] - break: null

2024-10-17 14:32:37 - [TEST_STEP][PASSED] - if (feinSsn.equalsIgnoreCase("Y")): null

2024-10-17 14:32:37 - [TEST_STEP][PASSED] - else: null

2024-10-17 14:32:37 - [TEST_STEP][PASSED] - if (verifyTextPresent("Please enter a valid FEIN with 9 digits.", true)): null

2024-10-17 14:32:37 - [MESSAGE][PASSED] - Text 'Please enter a valid FEIN with 9 digits.' is present on page  using regular expression

2024-10-17 14:32:37 - [TEST_STEP][PASSED] - println("Error Message is present on the page"): null

2024-10-17 14:32:37 - [TEST_STEP][PASSED] - out.println("Pass Record Number: " + row): null

2024-10-17 14:32:37 - [TEST_STEP][PASSED] - resText = "Pass": null

2024-10-17 14:32:37 - [TEST_STEP][PASSED] - pages.WriteExcel.demoKey(resText, datText, resColumn, datCloumn, fileLoc, nameSheet, row): pages.WriteExcel.demoKey is PASSED

2024-10-17 14:32:37 - [MESSAGE][PASSED] - pages.WriteExcel.demoKey is PASSED

2024-10-17 14:32:37 - [TEST_STEP][PASSED] - ExecuteTC = findTestData(dataFile).getValue("Execute", row): null

2024-10-17 14:32:37 - [TEST_STEP][PASSED] - Taxtype = findTestData(dataFile).getValue("TaxType", row): null

2024-10-17 14:32:37 - [TEST_STEP][PASSED] - Paymenttype = findTestData(dataFile).getValue("PaymentType", row): null

2024-10-17 14:32:38 - [TEST_STEP][PASSED] - feinSsn = findTestData(dataFile).getValue("FEINSSN", row): null

2024-10-17 14:32:38 - [TEST_STEP][PASSED] - out.println("Value of Execute is : " + ExecuteTC): null

2024-10-17 14:32:38 - [TEST_STEP][PASSED] - if (ExecuteTC.equalsIgnoreCase("Y")): null

2024-10-17 14:32:38 - [TEST_STEP][PASSED] - out.println("Begin Record Number: " + row): null

2024-10-17 14:32:38 - [TEST_STEP][PASSED] - today = new java.util.Date(): null

2024-10-17 14:32:38 - [TEST_STEP][PASSED] - println(today): null

2024-10-17 14:32:38 - [TEST_STEP][PASSED] - datText = today: null

2024-10-17 14:32:38 - [TEST_STEP][PASSED] - Taxtype = findTestData(dataFile).getValue("TaxType", row): null

2024-10-17 14:32:38 - [TEST_STEP][PASSED] - out.println("Taxtype value is : " + Taxtype): null

2024-10-17 14:32:38 - [TEST_STEP][PASSED] - openBrowser(""): Browser is opened with url: ''

2024-10-17 14:32:38 - [MESSAGE][WARNING] - A browser is already opened. Closing browser and opening a new one

2024-10-17 14:32:39 - [MESSAGE][INFO] - Starting 'Chrome' driver

2024-10-17 14:32:39 - [MESSAGE][INFO] - User set preference: ['acceptInsecureCerts', 'true']

2024-10-17 14:32:39 - [MESSAGE][INFO] - Action delay is set to 0 milliseconds

2024-10-17 14:32:41 - [MESSAGE][PASSED] - Browser is opened with url: ''

2024-10-17 14:32:41 - [TEST_STEP][PASSED] - maximizeWindow(): Current window maximized

2024-10-17 14:32:41 - [MESSAGE][PASSED] - Current window maximized

2024-10-17 14:32:41 - [TEST_STEP][PASSED] - navigateToUrl(RADurl): Navigate to 'https://demo.velocitypayment.com/client/rad/index.html' successfully

2024-10-17 14:32:43 - [MESSAGE][PASSED] - Navigate to 'https://demo.velocitypayment.com/client/rad/index.html' successfully

2024-10-17 14:32:43 - [TEST_STEP][PASSED] - orPath_Landing = "Object Repository/RAD_Pages/Landing_Page": null

2024-10-17 14:32:43 - [TEST_STEP][PASSED] - orPath_TaxTypeFilingYear = "Object Repository/RAD_Pages/TaxTypeFilingYear_Page": null

2024-10-17 14:32:43 - [TEST_STEP][PASSED] - orPath_TaxPayer = "Object Repository/RAD_Pages/Taxpayer_Page": null

2024-10-17 14:32:43 - [TEST_STEP][PASSED] - orPath_AddressContact = "Object Repository/RAD_Pages/AddressAndContactInfo_Page": null

2024-10-17 14:32:43 - [TEST_STEP][PASSED] - orPath_FilingStatus = "Object Repository/RAD_Pages/FilingStatus_Page": null

2024-10-17 14:32:43 - [TEST_STEP][PASSED] - orPath_Amount = "Object Repository/RAD_Pages/PaymentAmount_Page": null

2024-10-17 14:32:43 - [TEST_STEP][PASSED] - orPath_TaxInfo = "Object Repository/RAD_Pages/TaxInfo_Page": null

2024-10-17 14:32:43 - [TEST_STEP][PASSED] - orPath_Withholding = "Object Repository/RAD_Pages/Withholding_Page": null

2024-10-17 14:32:43 - [TEST_STEP][PASSED] - orPath_Summary = "Object Repository/RAD_Pages/Summary_Page": null

2024-10-17 14:32:43 - [TEST_STEP][PASSED] - orPath_PaymentReady = "Object Repository/RAD_Pages/PaymentReady_Page": null

2024-10-17 14:32:43 - [TEST_STEP][PASSED] - orPath_PaymentEntry = "Object Repository/RAD_Pages/PaymentEntry_Page": null

2024-10-17 14:32:43 - [TEST_STEP][PASSED] - orPath_PaymentConfirmation = "Object Repository/RAD_Pages/PaymentConfirmation_Page": null

2024-10-17 14:32:43 - [TEST_STEP][PASSED] - orPath_ServiceFeesAccept = "Object Repository/RAD_Pages/ServiceFeeAccept_Page": null

2024-10-17 14:32:43 - [TEST_STEP][PASSED] - selectOptionByLabel(findTestObject(orPath_Landing + "/dd_TaxType"), Paymenttype, false): All options with label 'New Tax Return Amount Due' are selected in object 'Object Repository/RAD_Pages/Landing_Page/dd_TaxType' 

2024-10-17 14:32:43 - [MESSAGE][PASSED] - All options with label 'New Tax Return Amount Due' are selected in object 'Object Repository/RAD_Pages/Landing_Page/dd_TaxType' 

2024-10-17 14:32:43 - [TEST_STEP][PASSED] - delay(1): Delayed 1 second(s)

2024-10-17 14:32:44 - [MESSAGE][PASSED] - Delayed 1 second(s)

2024-10-17 14:32:44 - [TEST_STEP][PASSED] - switch (Paymenttype): null

2024-10-17 14:32:44 - [TEST_STEP][PASSED] - case "New Tax Return Amount Due":: null

2024-10-17 14:32:44 - [TEST_STEP][PASSED] - selectOptionByLabel(findTestObject("Object Repository/RAD_Pages/Landing_Page/select_NewTaxReturnAmountDue_TaxType"), Taxtype, false): All options with label 'Admissions and Amusement Tax' are selected in object 'Object Repository/RAD_Pages/Landing_Page/select_NewTaxReturnAmountDue_TaxType' 

2024-10-17 14:32:45 - [MESSAGE][PASSED] - All options with label 'Admissions and Amusement Tax' are selected in object 'Object Repository/RAD_Pages/Landing_Page/select_NewTaxReturnAmountDue_TaxType' 

2024-10-17 14:32:45 - [TEST_STEP][PASSED] - break: null

2024-10-17 14:32:45 - [TEST_STEP][PASSED] - delay(1): Delayed 1 second(s)

2024-10-17 14:32:46 - [MESSAGE][PASSED] - Delayed 1 second(s)

2024-10-17 14:32:46 - [TEST_STEP][PASSED] - switch (Paymenttype): null

2024-10-17 14:32:46 - [TEST_STEP][PASSED] - case "New Tax Return Amount Due":: null

2024-10-17 14:32:46 - [TEST_STEP][PASSED] - if (feinSsn.equalsIgnoreCase("Y")): null

2024-10-17 14:32:46 - [TEST_STEP][PASSED] - else: Text ****** has been set on object 'Object Repository/RAD_Pages/TaxInfo_Page/input_FederalEIN_ReEnter-2'

2024-10-17 14:32:46 - [TEST_STEP][PASSED] - setEncryptedText(findTestObject(orPath_TaxInfo + "/input_FederalEIN-2"), "iGDxf8hSRT4="): Text ****** has been set on object 'Object Repository/RAD_Pages/TaxInfo_Page/input_FederalEIN-2'

2024-10-17 14:32:47 - [MESSAGE][PASSED] - Text ****** has been set on object 'Object Repository/RAD_Pages/TaxInfo_Page/input_FederalEIN-2'

2024-10-17 14:32:47 - [TEST_STEP][PASSED] - setEncryptedText(findTestObject(orPath_TaxInfo + "/input_FederalEIN_ReEnter-2"), ""): Text ****** has been set on object 'Object Repository/RAD_Pages/TaxInfo_Page/input_FederalEIN_ReEnter-2'

2024-10-17 14:32:47 - [MESSAGE][PASSED] - Text ****** has been set on object 'Object Repository/RAD_Pages/TaxInfo_Page/input_FederalEIN_ReEnter-2'

2024-10-17 14:32:47 - [TEST_STEP][PASSED] - break: null

2024-10-17 14:32:47 - [TEST_STEP][PASSED] - if (feinSsn.equalsIgnoreCase("Y")): null

2024-10-17 14:32:47 - [TEST_STEP][PASSED] - else: null

2024-10-17 14:32:47 - [TEST_STEP][PASSED] - if (verifyTextPresent("Please enter a valid FEIN with 9 digits.", true)): null

2024-10-17 14:32:48 - [MESSAGE][PASSED] - Text 'Please enter a valid FEIN with 9 digits.' is present on page  using regular expression

2024-10-17 14:32:48 - [TEST_STEP][PASSED] - println("Error Message is present on the page"): null

2024-10-17 14:32:48 - [TEST_STEP][PASSED] - out.println("Pass Record Number: " + row): null

2024-10-17 14:32:48 - [TEST_STEP][PASSED] - resText = "Pass": null

2024-10-17 14:32:48 - [TEST_STEP][PASSED] - pages.WriteExcel.demoKey(resText, datText, resColumn, datCloumn, fileLoc, nameSheet, row): pages.WriteExcel.demoKey is PASSED

2024-10-17 14:32:48 - [MESSAGE][PASSED] - pages.WriteExcel.demoKey is PASSED

2024-10-17 14:32:48 - [TEST_STEP][PASSED] - ExecuteTC = findTestData(dataFile).getValue("Execute", row): null

2024-10-17 14:32:48 - [TEST_STEP][PASSED] - Taxtype = findTestData(dataFile).getValue("TaxType", row): null

2024-10-17 14:32:48 - [TEST_STEP][PASSED] - Paymenttype = findTestData(dataFile).getValue("PaymentType", row): null

2024-10-17 14:32:48 - [TEST_STEP][PASSED] - feinSsn = findTestData(dataFile).getValue("FEINSSN", row): null

2024-10-17 14:32:48 - [TEST_STEP][PASSED] - out.println("Value of Execute is : " + ExecuteTC): null

2024-10-17 14:32:48 - [TEST_STEP][PASSED] - if (ExecuteTC.equalsIgnoreCase("Y")): null

2024-10-17 14:32:48 - [TEST_STEP][PASSED] - out.println("Begin Record Number: " + row): null

2024-10-17 14:32:48 - [TEST_STEP][PASSED] - today = new java.util.Date(): null

2024-10-17 14:32:48 - [TEST_STEP][PASSED] - println(today): null

2024-10-17 14:32:48 - [TEST_STEP][PASSED] - datText = today: null

2024-10-17 14:32:48 - [TEST_STEP][PASSED] - Taxtype = findTestData(dataFile).getValue("TaxType", row): null

2024-10-17 14:32:48 - [TEST_STEP][PASSED] - out.println("Taxtype value is : " + Taxtype): null

2024-10-17 14:32:48 - [TEST_STEP][PASSED] - openBrowser(""): Browser is opened with url: ''

2024-10-17 14:32:48 - [MESSAGE][WARNING] - A browser is already opened. Closing browser and opening a new one

2024-10-17 14:32:50 - [MESSAGE][INFO] - Starting 'Chrome' driver

2024-10-17 14:32:50 - [MESSAGE][INFO] - User set preference: ['acceptInsecureCerts', 'true']

2024-10-17 14:32:50 - [MESSAGE][INFO] - Action delay is set to 0 milliseconds

2024-10-17 14:32:52 - [MESSAGE][PASSED] - Browser is opened with url: ''

2024-10-17 14:32:52 - [TEST_STEP][PASSED] - maximizeWindow(): Current window maximized

2024-10-17 14:32:52 - [MESSAGE][PASSED] - Current window maximized

2024-10-17 14:32:52 - [TEST_STEP][PASSED] - navigateToUrl(RADurl): Navigate to 'https://demo.velocitypayment.com/client/rad/index.html' successfully

2024-10-17 14:32:54 - [MESSAGE][PASSED] - Navigate to 'https://demo.velocitypayment.com/client/rad/index.html' successfully

2024-10-17 14:32:54 - [TEST_STEP][PASSED] - orPath_Landing = "Object Repository/RAD_Pages/Landing_Page": null

2024-10-17 14:32:54 - [TEST_STEP][PASSED] - orPath_TaxTypeFilingYear = "Object Repository/RAD_Pages/TaxTypeFilingYear_Page": null

2024-10-17 14:32:54 - [TEST_STEP][PASSED] - orPath_TaxPayer = "Object Repository/RAD_Pages/Taxpayer_Page": null

2024-10-17 14:32:54 - [TEST_STEP][PASSED] - orPath_AddressContact = "Object Repository/RAD_Pages/AddressAndContactInfo_Page": null

2024-10-17 14:32:54 - [TEST_STEP][PASSED] - orPath_FilingStatus = "Object Repository/RAD_Pages/FilingStatus_Page": null

2024-10-17 14:32:54 - [TEST_STEP][PASSED] - orPath_Amount = "Object Repository/RAD_Pages/PaymentAmount_Page": null

2024-10-17 14:32:54 - [TEST_STEP][PASSED] - orPath_TaxInfo = "Object Repository/RAD_Pages/TaxInfo_Page": null

2024-10-17 14:32:54 - [TEST_STEP][PASSED] - orPath_Withholding = "Object Repository/RAD_Pages/Withholding_Page": null

2024-10-17 14:32:54 - [TEST_STEP][PASSED] - orPath_Summary = "Object Repository/RAD_Pages/Summary_Page": null

2024-10-17 14:32:54 - [TEST_STEP][PASSED] - orPath_PaymentReady = "Object Repository/RAD_Pages/PaymentReady_Page": null

2024-10-17 14:32:54 - [TEST_STEP][PASSED] - orPath_PaymentEntry = "Object Repository/RAD_Pages/PaymentEntry_Page": null

2024-10-17 14:32:54 - [TEST_STEP][PASSED] - orPath_PaymentConfirmation = "Object Repository/RAD_Pages/PaymentConfirmation_Page": null

2024-10-17 14:32:54 - [TEST_STEP][PASSED] - orPath_ServiceFeesAccept = "Object Repository/RAD_Pages/ServiceFeeAccept_Page": null

2024-10-17 14:32:54 - [TEST_STEP][PASSED] - selectOptionByLabel(findTestObject(orPath_Landing + "/dd_TaxType"), Paymenttype, false): All options with label 'New Tax Return Amount Due' are selected in object 'Object Repository/RAD_Pages/Landing_Page/dd_TaxType' 

2024-10-17 14:32:54 - [MESSAGE][PASSED] - All options with label 'New Tax Return Amount Due' are selected in object 'Object Repository/RAD_Pages/Landing_Page/dd_TaxType' 

2024-10-17 14:32:54 - [TEST_STEP][PASSED] - delay(1): Delayed 1 second(s)

2024-10-17 14:32:55 - [MESSAGE][PASSED] - Delayed 1 second(s)

2024-10-17 14:32:55 - [TEST_STEP][PASSED] - switch (Paymenttype): null

2024-10-17 14:32:55 - [TEST_STEP][PASSED] - case "New Tax Return Amount Due":: null

2024-10-17 14:32:55 - [TEST_STEP][PASSED] - selectOptionByLabel(findTestObject("Object Repository/RAD_Pages/Landing_Page/select_NewTaxReturnAmountDue_TaxType"), Taxtype, false): All options with label 'Alcohol Tax' are selected in object 'Object Repository/RAD_Pages/Landing_Page/select_NewTaxReturnAmountDue_TaxType' 

2024-10-17 14:32:56 - [MESSAGE][PASSED] - All options with label 'Alcohol Tax' are selected in object 'Object Repository/RAD_Pages/Landing_Page/select_NewTaxReturnAmountDue_TaxType' 

2024-10-17 14:32:56 - [TEST_STEP][PASSED] - break: null

2024-10-17 14:32:56 - [TEST_STEP][PASSED] - delay(1): Delayed 1 second(s)

2024-10-17 14:32:57 - [MESSAGE][PASSED] - Delayed 1 second(s)

2024-10-17 14:32:57 - [TEST_STEP][PASSED] - switch (Paymenttype): null

2024-10-17 14:32:57 - [TEST_STEP][PASSED] - case "New Tax Return Amount Due":: null

2024-10-17 14:32:57 - [TEST_STEP][PASSED] - if (feinSsn.equalsIgnoreCase("Y")): null

2024-10-17 14:32:57 - [TEST_STEP][PASSED] - else: Text ****** has been set on object 'Object Repository/RAD_Pages/TaxInfo_Page/input_FederalEIN_ReEnter-2'

2024-10-17 14:32:57 - [TEST_STEP][PASSED] - setEncryptedText(findTestObject(orPath_TaxInfo + "/input_FederalEIN-2"), "iGDxf8hSRT4="): Text ****** has been set on object 'Object Repository/RAD_Pages/TaxInfo_Page/input_FederalEIN-2'

2024-10-17 14:32:57 - [MESSAGE][PASSED] - Text ****** has been set on object 'Object Repository/RAD_Pages/TaxInfo_Page/input_FederalEIN-2'

2024-10-17 14:32:57 - [TEST_STEP][PASSED] - setEncryptedText(findTestObject(orPath_TaxInfo + "/input_FederalEIN_ReEnter-2"), ""): Text ****** has been set on object 'Object Repository/RAD_Pages/TaxInfo_Page/input_FederalEIN_ReEnter-2'

2024-10-17 14:32:58 - [MESSAGE][PASSED] - Text ****** has been set on object 'Object Repository/RAD_Pages/TaxInfo_Page/input_FederalEIN_ReEnter-2'

2024-10-17 14:32:58 - [TEST_STEP][PASSED] - break: null

2024-10-17 14:32:58 - [TEST_STEP][PASSED] - if (feinSsn.equalsIgnoreCase("Y")): null

2024-10-17 14:32:58 - [TEST_STEP][PASSED] - else: null

2024-10-17 14:32:58 - [TEST_STEP][PASSED] - if (verifyTextPresent("Please enter a valid FEIN with 9 digits.", true)): null

2024-10-17 14:32:59 - [MESSAGE][PASSED] - Text 'Please enter a valid FEIN with 9 digits.' is present on page  using regular expression

2024-10-17 14:32:59 - [TEST_STEP][PASSED] - println("Error Message is present on the page"): null

2024-10-17 14:32:59 - [TEST_STEP][PASSED] - out.println("Pass Record Number: " + row): null

2024-10-17 14:32:59 - [TEST_STEP][PASSED] - resText = "Pass": null

2024-10-17 14:32:59 - [TEST_STEP][PASSED] - pages.WriteExcel.demoKey(resText, datText, resColumn, datCloumn, fileLoc, nameSheet, row): pages.WriteExcel.demoKey is PASSED

2024-10-17 14:32:59 - [MESSAGE][PASSED] - pages.WriteExcel.demoKey is PASSED

2024-10-17 14:32:59 - [TEST_STEP][PASSED] - ExecuteTC = findTestData(dataFile).getValue("Execute", row): null

2024-10-17 14:32:59 - [TEST_STEP][PASSED] - Taxtype = findTestData(dataFile).getValue("TaxType", row): null

2024-10-17 14:32:59 - [TEST_STEP][PASSED] - Paymenttype = findTestData(dataFile).getValue("PaymentType", row): null

2024-10-17 14:32:59 - [TEST_STEP][PASSED] - feinSsn = findTestData(dataFile).getValue("FEINSSN", row): null

2024-10-17 14:32:59 - [TEST_STEP][PASSED] - out.println("Value of Execute is : " + ExecuteTC): null

2024-10-17 14:32:59 - [TEST_STEP][PASSED] - if (ExecuteTC.equalsIgnoreCase("Y")): null

2024-10-17 14:32:59 - [TEST_STEP][PASSED] - out.println("Begin Record Number: " + row): null

2024-10-17 14:32:59 - [TEST_STEP][PASSED] - today = new java.util.Date(): null

2024-10-17 14:32:59 - [TEST_STEP][PASSED] - println(today): null

2024-10-17 14:32:59 - [TEST_STEP][PASSED] - datText = today: null

2024-10-17 14:32:59 - [TEST_STEP][PASSED] - Taxtype = findTestData(dataFile).getValue("TaxType", row): null

2024-10-17 14:32:59 - [TEST_STEP][PASSED] - out.println("Taxtype value is : " + Taxtype): null

2024-10-17 14:32:59 - [TEST_STEP][PASSED] - openBrowser(""): Browser is opened with url: ''

2024-10-17 14:32:59 - [MESSAGE][WARNING] - A browser is already opened. Closing browser and opening a new one

2024-10-17 14:33:00 - [MESSAGE][INFO] - Starting 'Chrome' driver

2024-10-17 14:33:00 - [MESSAGE][INFO] - User set preference: ['acceptInsecureCerts', 'true']

2024-10-17 14:33:00 - [MESSAGE][INFO] - Action delay is set to 0 milliseconds

2024-10-17 14:33:02 - [MESSAGE][PASSED] - Browser is opened with url: ''

2024-10-17 14:33:02 - [TEST_STEP][PASSED] - maximizeWindow(): Current window maximized

2024-10-17 14:33:02 - [MESSAGE][PASSED] - Current window maximized

2024-10-17 14:33:02 - [TEST_STEP][PASSED] - navigateToUrl(RADurl): Navigate to 'https://demo.velocitypayment.com/client/rad/index.html' successfully

2024-10-17 14:33:04 - [MESSAGE][PASSED] - Navigate to 'https://demo.velocitypayment.com/client/rad/index.html' successfully

2024-10-17 14:33:04 - [TEST_STEP][PASSED] - orPath_Landing = "Object Repository/RAD_Pages/Landing_Page": null

2024-10-17 14:33:04 - [TEST_STEP][PASSED] - orPath_TaxTypeFilingYear = "Object Repository/RAD_Pages/TaxTypeFilingYear_Page": null

2024-10-17 14:33:04 - [TEST_STEP][PASSED] - orPath_TaxPayer = "Object Repository/RAD_Pages/Taxpayer_Page": null

2024-10-17 14:33:04 - [TEST_STEP][PASSED] - orPath_AddressContact = "Object Repository/RAD_Pages/AddressAndContactInfo_Page": null

2024-10-17 14:33:04 - [TEST_STEP][PASSED] - orPath_FilingStatus = "Object Repository/RAD_Pages/FilingStatus_Page": null

2024-10-17 14:33:04 - [TEST_STEP][PASSED] - orPath_Amount = "Object Repository/RAD_Pages/PaymentAmount_Page": null

2024-10-17 14:33:04 - [TEST_STEP][PASSED] - orPath_TaxInfo = "Object Repository/RAD_Pages/TaxInfo_Page": null

2024-10-17 14:33:04 - [TEST_STEP][PASSED] - orPath_Withholding = "Object Repository/RAD_Pages/Withholding_Page": null

2024-10-17 14:33:04 - [TEST_STEP][PASSED] - orPath_Summary = "Object Repository/RAD_Pages/Summary_Page": null

2024-10-17 14:33:04 - [TEST_STEP][PASSED] - orPath_PaymentReady = "Object Repository/RAD_Pages/PaymentReady_Page": null

2024-10-17 14:33:04 - [TEST_STEP][PASSED] - orPath_PaymentEntry = "Object Repository/RAD_Pages/PaymentEntry_Page": null

2024-10-17 14:33:04 - [TEST_STEP][PASSED] - orPath_PaymentConfirmation = "Object Repository/RAD_Pages/PaymentConfirmation_Page": null

2024-10-17 14:33:04 - [TEST_STEP][PASSED] - orPath_ServiceFeesAccept = "Object Repository/RAD_Pages/ServiceFeeAccept_Page": null

2024-10-17 14:33:04 - [TEST_STEP][PASSED] - selectOptionByLabel(findTestObject(orPath_Landing + "/dd_TaxType"), Paymenttype, false): All options with label 'New Tax Return Amount Due' are selected in object 'Object Repository/RAD_Pages/Landing_Page/dd_TaxType' 

2024-10-17 14:33:05 - [MESSAGE][PASSED] - All options with label 'New Tax Return Amount Due' are selected in object 'Object Repository/RAD_Pages/Landing_Page/dd_TaxType' 

2024-10-17 14:33:05 - [TEST_STEP][PASSED] - delay(1): Delayed 1 second(s)

2024-10-17 14:33:06 - [MESSAGE][PASSED] - Delayed 1 second(s)

2024-10-17 14:33:06 - [TEST_STEP][PASSED] - switch (Paymenttype): null

2024-10-17 14:33:06 - [TEST_STEP][PASSED] - case "New Tax Return Amount Due":: null

2024-10-17 14:33:06 - [TEST_STEP][PASSED] - selectOptionByLabel(findTestObject("Object Repository/RAD_Pages/Landing_Page/select_NewTaxReturnAmountDue_TaxType"), Taxtype, false): All options with label 'Bay Restoration Fee' are selected in object 'Object Repository/RAD_Pages/Landing_Page/select_NewTaxReturnAmountDue_TaxType' 

2024-10-17 14:33:06 - [MESSAGE][PASSED] - All options with label 'Bay Restoration Fee' are selected in object 'Object Repository/RAD_Pages/Landing_Page/select_NewTaxReturnAmountDue_TaxType' 

2024-10-17 14:33:06 - [TEST_STEP][PASSED] - break: null

2024-10-17 14:33:06 - [TEST_STEP][PASSED] - delay(1): Delayed 1 second(s)

2024-10-17 14:33:07 - [MESSAGE][PASSED] - Delayed 1 second(s)

2024-10-17 14:33:07 - [TEST_STEP][PASSED] - switch (Paymenttype): null

2024-10-17 14:33:07 - [TEST_STEP][PASSED] - case "New Tax Return Amount Due":: null

2024-10-17 14:33:07 - [TEST_STEP][PASSED] - if (feinSsn.equalsIgnoreCase("Y")): null

2024-10-17 14:33:07 - [TEST_STEP][PASSED] - else: Text ****** has been set on object 'Object Repository/RAD_Pages/TaxInfo_Page/input_FederalEIN_ReEnter-2'

2024-10-17 14:33:07 - [TEST_STEP][PASSED] - setEncryptedText(findTestObject(orPath_TaxInfo + "/input_FederalEIN-2"), "iGDxf8hSRT4="): Text ****** has been set on object 'Object Repository/RAD_Pages/TaxInfo_Page/input_FederalEIN-2'

2024-10-17 14:33:08 - [MESSAGE][PASSED] - Text ****** has been set on object 'Object Repository/RAD_Pages/TaxInfo_Page/input_FederalEIN-2'

2024-10-17 14:33:08 - [TEST_STEP][PASSED] - setEncryptedText(findTestObject(orPath_TaxInfo + "/input_FederalEIN_ReEnter-2"), ""): Text ****** has been set on object 'Object Repository/RAD_Pages/TaxInfo_Page/input_FederalEIN_ReEnter-2'

2024-10-17 14:33:08 - [MESSAGE][PASSED] - Text ****** has been set on object 'Object Repository/RAD_Pages/TaxInfo_Page/input_FederalEIN_ReEnter-2'

2024-10-17 14:33:08 - [TEST_STEP][PASSED] - break: null

2024-10-17 14:33:08 - [TEST_STEP][PASSED] - if (feinSsn.equalsIgnoreCase("Y")): null

2024-10-17 14:33:08 - [TEST_STEP][PASSED] - else: null

2024-10-17 14:33:08 - [TEST_STEP][PASSED] - if (verifyTextPresent("Please enter a valid FEIN with 9 digits.", true)): null

2024-10-17 14:33:09 - [MESSAGE][PASSED] - Text 'Please enter a valid FEIN with 9 digits.' is present on page  using regular expression

2024-10-17 14:33:09 - [TEST_STEP][PASSED] - println("Error Message is present on the page"): null

2024-10-17 14:33:09 - [TEST_STEP][PASSED] - out.println("Pass Record Number: " + row): null

2024-10-17 14:33:09 - [TEST_STEP][PASSED] - resText = "Pass": null

2024-10-17 14:33:09 - [TEST_STEP][PASSED] - pages.WriteExcel.demoKey(resText, datText, resColumn, datCloumn, fileLoc, nameSheet, row): pages.WriteExcel.demoKey is PASSED

2024-10-17 14:33:09 - [MESSAGE][PASSED] - pages.WriteExcel.demoKey is PASSED

2024-10-17 14:33:09 - [TEST_STEP][PASSED] - ExecuteTC = findTestData(dataFile).getValue("Execute", row): null

2024-10-17 14:33:09 - [TEST_STEP][PASSED] - Taxtype = findTestData(dataFile).getValue("TaxType", row): null

2024-10-17 14:33:09 - [TEST_STEP][PASSED] - Paymenttype = findTestData(dataFile).getValue("PaymentType", row): null

2024-10-17 14:33:09 - [TEST_STEP][PASSED] - feinSsn = findTestData(dataFile).getValue("FEINSSN", row): null

2024-10-17 14:33:09 - [TEST_STEP][PASSED] - out.println("Value of Execute is : " + ExecuteTC): null

2024-10-17 14:33:09 - [TEST_STEP][PASSED] - if (ExecuteTC.equalsIgnoreCase("Y")): null

2024-10-17 14:33:09 - [TEST_STEP][PASSED] - out.println("Begin Record Number: " + row): null

2024-10-17 14:33:09 - [TEST_STEP][PASSED] - today = new java.util.Date(): null

2024-10-17 14:33:09 - [TEST_STEP][PASSED] - println(today): null

2024-10-17 14:33:09 - [TEST_STEP][PASSED] - datText = today: null

2024-10-17 14:33:09 - [TEST_STEP][PASSED] - Taxtype = findTestData(dataFile).getValue("TaxType", row): null

2024-10-17 14:33:09 - [TEST_STEP][PASSED] - out.println("Taxtype value is : " + Taxtype): null

2024-10-17 14:33:09 - [TEST_STEP][PASSED] - openBrowser(""): Browser is opened with url: ''

2024-10-17 14:33:09 - [MESSAGE][WARNING] - A browser is already opened. Closing browser and opening a new one

2024-10-17 14:33:11 - [MESSAGE][INFO] - Starting 'Chrome' driver

2024-10-17 14:33:11 - [MESSAGE][INFO] - User set preference: ['acceptInsecureCerts', 'true']

2024-10-17 14:33:11 - [MESSAGE][INFO] - Action delay is set to 0 milliseconds

2024-10-17 14:33:12 - [MESSAGE][PASSED] - Browser is opened with url: ''

2024-10-17 14:33:12 - [TEST_STEP][PASSED] - maximizeWindow(): Current window maximized

2024-10-17 14:33:13 - [MESSAGE][PASSED] - Current window maximized

2024-10-17 14:33:13 - [TEST_STEP][PASSED] - navigateToUrl(RADurl): Navigate to 'https://demo.velocitypayment.com/client/rad/index.html' successfully

2024-10-17 14:33:14 - [MESSAGE][PASSED] - Navigate to 'https://demo.velocitypayment.com/client/rad/index.html' successfully

2024-10-17 14:33:14 - [TEST_STEP][PASSED] - orPath_Landing = "Object Repository/RAD_Pages/Landing_Page": null

2024-10-17 14:33:14 - [TEST_STEP][PASSED] - orPath_TaxTypeFilingYear = "Object Repository/RAD_Pages/TaxTypeFilingYear_Page": null

2024-10-17 14:33:14 - [TEST_STEP][PASSED] - orPath_TaxPayer = "Object Repository/RAD_Pages/Taxpayer_Page": null

2024-10-17 14:33:14 - [TEST_STEP][PASSED] - orPath_AddressContact = "Object Repository/RAD_Pages/AddressAndContactInfo_Page": null

2024-10-17 14:33:14 - [TEST_STEP][PASSED] - orPath_FilingStatus = "Object Repository/RAD_Pages/FilingStatus_Page": null

2024-10-17 14:33:14 - [TEST_STEP][PASSED] - orPath_Amount = "Object Repository/RAD_Pages/PaymentAmount_Page": null

2024-10-17 14:33:14 - [TEST_STEP][PASSED] - orPath_TaxInfo = "Object Repository/RAD_Pages/TaxInfo_Page": null

2024-10-17 14:33:14 - [TEST_STEP][PASSED] - orPath_Withholding = "Object Repository/RAD_Pages/Withholding_Page": null

2024-10-17 14:33:14 - [TEST_STEP][PASSED] - orPath_Summary = "Object Repository/RAD_Pages/Summary_Page": null

2024-10-17 14:33:14 - [TEST_STEP][PASSED] - orPath_PaymentReady = "Object Repository/RAD_Pages/PaymentReady_Page": null

2024-10-17 14:33:14 - [TEST_STEP][PASSED] - orPath_PaymentEntry = "Object Repository/RAD_Pages/PaymentEntry_Page": null

2024-10-17 14:33:14 - [TEST_STEP][PASSED] - orPath_PaymentConfirmation = "Object Repository/RAD_Pages/PaymentConfirmation_Page": null

2024-10-17 14:33:14 - [TEST_STEP][PASSED] - orPath_ServiceFeesAccept = "Object Repository/RAD_Pages/ServiceFeeAccept_Page": null

2024-10-17 14:33:14 - [TEST_STEP][PASSED] - selectOptionByLabel(findTestObject(orPath_Landing + "/dd_TaxType"), Paymenttype, false): All options with label 'New Tax Return Amount Due' are selected in object 'Object Repository/RAD_Pages/Landing_Page/dd_TaxType' 

2024-10-17 14:33:15 - [MESSAGE][PASSED] - All options with label 'New Tax Return Amount Due' are selected in object 'Object Repository/RAD_Pages/Landing_Page/dd_TaxType' 

2024-10-17 14:33:15 - [TEST_STEP][PASSED] - delay(1): Delayed 1 second(s)

2024-10-17 14:33:16 - [MESSAGE][PASSED] - Delayed 1 second(s)

2024-10-17 14:33:16 - [TEST_STEP][PASSED] - switch (Paymenttype): null

2024-10-17 14:33:16 - [TEST_STEP][PASSED] - case "New Tax Return Amount Due":: null

2024-10-17 14:33:16 - [TEST_STEP][PASSED] - selectOptionByLabel(findTestObject("Object Repository/RAD_Pages/Landing_Page/select_NewTaxReturnAmountDue_TaxType"), Taxtype, false): All options with label 'Corporate Income Tax' are selected in object 'Object Repository/RAD_Pages/Landing_Page/select_NewTaxReturnAmountDue_TaxType' 

2024-10-17 14:33:17 - [MESSAGE][PASSED] - All options with label 'Corporate Income Tax' are selected in object 'Object Repository/RAD_Pages/Landing_Page/select_NewTaxReturnAmountDue_TaxType' 

2024-10-17 14:33:17 - [TEST_STEP][PASSED] - break: null

2024-10-17 14:33:17 - [TEST_STEP][PASSED] - delay(1): Delayed 1 second(s)

2024-10-17 14:33:18 - [MESSAGE][PASSED] - Delayed 1 second(s)

2024-10-17 14:33:18 - [TEST_STEP][PASSED] - switch (Paymenttype): null

2024-10-17 14:33:18 - [TEST_STEP][PASSED] - case "New Tax Return Amount Due":: null

2024-10-17 14:33:18 - [TEST_STEP][PASSED] - if (feinSsn.equalsIgnoreCase("Y")): null

2024-10-17 14:33:18 - [TEST_STEP][PASSED] - else: Text ****** has been set on object 'Object Repository/RAD_Pages/TaxInfo_Page/input_FederalEIN_ReEnter-2'

2024-10-17 14:33:18 - [TEST_STEP][PASSED] - setEncryptedText(findTestObject(orPath_TaxInfo + "/input_FederalEIN-2"), "iGDxf8hSRT4="): Text ****** has been set on object 'Object Repository/RAD_Pages/TaxInfo_Page/input_FederalEIN-2'

2024-10-17 14:33:18 - [MESSAGE][PASSED] - Text ****** has been set on object 'Object Repository/RAD_Pages/TaxInfo_Page/input_FederalEIN-2'

2024-10-17 14:33:18 - [TEST_STEP][PASSED] - setEncryptedText(findTestObject(orPath_TaxInfo + "/input_FederalEIN_ReEnter-2"), ""): Text ****** has been set on object 'Object Repository/RAD_Pages/TaxInfo_Page/input_FederalEIN_ReEnter-2'

2024-10-17 14:33:19 - [MESSAGE][PASSED] - Text ****** has been set on object 'Object Repository/RAD_Pages/TaxInfo_Page/input_FederalEIN_ReEnter-2'

2024-10-17 14:33:19 - [TEST_STEP][PASSED] - break: null

2024-10-17 14:33:19 - [TEST_STEP][PASSED] - if (feinSsn.equalsIgnoreCase("Y")): null

2024-10-17 14:33:19 - [TEST_STEP][PASSED] - else: null

2024-10-17 14:33:19 - [TEST_STEP][PASSED] - if (verifyTextPresent("Please enter a valid FEIN with 9 digits.", true)): null

2024-10-17 14:33:20 - [MESSAGE][PASSED] - Text 'Please enter a valid FEIN with 9 digits.' is present on page  using regular expression

2024-10-17 14:33:20 - [TEST_STEP][PASSED] - println("Error Message is present on the page"): null

2024-10-17 14:33:20 - [TEST_STEP][PASSED] - out.println("Pass Record Number: " + row): null

2024-10-17 14:33:20 - [TEST_STEP][PASSED] - resText = "Pass": null

2024-10-17 14:33:20 - [TEST_STEP][PASSED] - pages.WriteExcel.demoKey(resText, datText, resColumn, datCloumn, fileLoc, nameSheet, row): pages.WriteExcel.demoKey is PASSED

2024-10-17 14:33:20 - [MESSAGE][PASSED] - pages.WriteExcel.demoKey is PASSED

2024-10-17 14:33:20 - [TEST_STEP][PASSED] - ExecuteTC = findTestData(dataFile).getValue("Execute", row): null

2024-10-17 14:33:20 - [TEST_STEP][PASSED] - Taxtype = findTestData(dataFile).getValue("TaxType", row): null

2024-10-17 14:33:20 - [TEST_STEP][PASSED] - Paymenttype = findTestData(dataFile).getValue("PaymentType", row): null

2024-10-17 14:33:20 - [TEST_STEP][PASSED] - feinSsn = findTestData(dataFile).getValue("FEINSSN", row): null

2024-10-17 14:33:20 - [TEST_STEP][PASSED] - out.println("Value of Execute is : " + ExecuteTC): null

2024-10-17 14:33:20 - [TEST_STEP][PASSED] - if (ExecuteTC.equalsIgnoreCase("Y")): null

2024-10-17 14:33:20 - [TEST_STEP][PASSED] - out.println("Begin Record Number: " + row): null

2024-10-17 14:33:20 - [TEST_STEP][PASSED] - today = new java.util.Date(): null

2024-10-17 14:33:20 - [TEST_STEP][PASSED] - println(today): null

2024-10-17 14:33:20 - [TEST_STEP][PASSED] - datText = today: null

2024-10-17 14:33:20 - [TEST_STEP][PASSED] - Taxtype = findTestData(dataFile).getValue("TaxType", row): null

2024-10-17 14:33:20 - [TEST_STEP][PASSED] - out.println("Taxtype value is : " + Taxtype): null

2024-10-17 14:33:20 - [TEST_STEP][PASSED] - openBrowser(""): Browser is opened with url: ''

2024-10-17 14:33:20 - [MESSAGE][WARNING] - A browser is already opened. Closing browser and opening a new one

2024-10-17 14:33:22 - [MESSAGE][INFO] - Starting 'Chrome' driver

2024-10-17 14:33:22 - [MESSAGE][INFO] - User set preference: ['acceptInsecureCerts', 'true']

2024-10-17 14:33:22 - [MESSAGE][INFO] - Action delay is set to 0 milliseconds

2024-10-17 14:33:24 - [MESSAGE][PASSED] - Browser is opened with url: ''

2024-10-17 14:33:24 - [TEST_STEP][PASSED] - maximizeWindow(): Current window maximized

2024-10-17 14:33:24 - [MESSAGE][PASSED] - Current window maximized

2024-10-17 14:33:24 - [TEST_STEP][PASSED] - navigateToUrl(RADurl): Navigate to 'https://demo.velocitypayment.com/client/rad/index.html' successfully

2024-10-17 14:33:26 - [MESSAGE][PASSED] - Navigate to 'https://demo.velocitypayment.com/client/rad/index.html' successfully

2024-10-17 14:33:26 - [TEST_STEP][PASSED] - orPath_Landing = "Object Repository/RAD_Pages/Landing_Page": null

2024-10-17 14:33:26 - [TEST_STEP][PASSED] - orPath_TaxTypeFilingYear = "Object Repository/RAD_Pages/TaxTypeFilingYear_Page": null

2024-10-17 14:33:26 - [TEST_STEP][PASSED] - orPath_TaxPayer = "Object Repository/RAD_Pages/Taxpayer_Page": null

2024-10-17 14:33:26 - [TEST_STEP][PASSED] - orPath_AddressContact = "Object Repository/RAD_Pages/AddressAndContactInfo_Page": null

2024-10-17 14:33:26 - [TEST_STEP][PASSED] - orPath_FilingStatus = "Object Repository/RAD_Pages/FilingStatus_Page": null

2024-10-17 14:33:26 - [TEST_STEP][PASSED] - orPath_Amount = "Object Repository/RAD_Pages/PaymentAmount_Page": null

2024-10-17 14:33:26 - [TEST_STEP][PASSED] - orPath_TaxInfo = "Object Repository/RAD_Pages/TaxInfo_Page": null

2024-10-17 14:33:26 - [TEST_STEP][PASSED] - orPath_Withholding = "Object Repository/RAD_Pages/Withholding_Page": null

2024-10-17 14:33:26 - [TEST_STEP][PASSED] - orPath_Summary = "Object Repository/RAD_Pages/Summary_Page": null

2024-10-17 14:33:26 - [TEST_STEP][PASSED] - orPath_PaymentReady = "Object Repository/RAD_Pages/PaymentReady_Page": null

2024-10-17 14:33:26 - [TEST_STEP][PASSED] - orPath_PaymentEntry = "Object Repository/RAD_Pages/PaymentEntry_Page": null

2024-10-17 14:33:26 - [TEST_STEP][PASSED] - orPath_PaymentConfirmation = "Object Repository/RAD_Pages/PaymentConfirmation_Page": null

2024-10-17 14:33:26 - [TEST_STEP][PASSED] - orPath_ServiceFeesAccept = "Object Repository/RAD_Pages/ServiceFeeAccept_Page": null

2024-10-17 14:33:26 - [TEST_STEP][PASSED] - selectOptionByLabel(findTestObject(orPath_Landing + "/dd_TaxType"), Paymenttype, false): All options with label 'New Tax Return Amount Due' are selected in object 'Object Repository/RAD_Pages/Landing_Page/dd_TaxType' 

2024-10-17 14:33:27 - [MESSAGE][PASSED] - All options with label 'New Tax Return Amount Due' are selected in object 'Object Repository/RAD_Pages/Landing_Page/dd_TaxType' 

2024-10-17 14:33:27 - [TEST_STEP][PASSED] - delay(1): Delayed 1 second(s)

2024-10-17 14:33:28 - [MESSAGE][PASSED] - Delayed 1 second(s)

2024-10-17 14:33:28 - [TEST_STEP][PASSED] - switch (Paymenttype): null

2024-10-17 14:33:28 - [TEST_STEP][PASSED] - case "New Tax Return Amount Due":: null

2024-10-17 14:33:28 - [TEST_STEP][PASSED] - selectOptionByLabel(findTestObject("Object Repository/RAD_Pages/Landing_Page/select_NewTaxReturnAmountDue_TaxType"), Taxtype, false): All options with label 'Motor Fuel Tax' are selected in object 'Object Repository/RAD_Pages/Landing_Page/select_NewTaxReturnAmountDue_TaxType' 

2024-10-17 14:33:28 - [MESSAGE][PASSED] - All options with label 'Motor Fuel Tax' are selected in object 'Object Repository/RAD_Pages/Landing_Page/select_NewTaxReturnAmountDue_TaxType' 

2024-10-17 14:33:28 - [TEST_STEP][PASSED] - break: null

2024-10-17 14:33:28 - [TEST_STEP][PASSED] - delay(1): Delayed 1 second(s)

2024-10-17 14:33:29 - [MESSAGE][PASSED] - Delayed 1 second(s)

2024-10-17 14:33:29 - [TEST_STEP][PASSED] - switch (Paymenttype): null

2024-10-17 14:33:29 - [TEST_STEP][PASSED] - case "New Tax Return Amount Due":: null

2024-10-17 14:33:29 - [TEST_STEP][PASSED] - if (feinSsn.equalsIgnoreCase("Y")): null

2024-10-17 14:33:29 - [TEST_STEP][PASSED] - else: Text ****** has been set on object 'Object Repository/RAD_Pages/TaxInfo_Page/input_FederalEIN_ReEnter-2'

2024-10-17 14:33:29 - [TEST_STEP][PASSED] - setEncryptedText(findTestObject(orPath_TaxInfo + "/input_FederalEIN-2"), "iGDxf8hSRT4="): Text ****** has been set on object 'Object Repository/RAD_Pages/TaxInfo_Page/input_FederalEIN-2'

2024-10-17 14:33:30 - [MESSAGE][PASSED] - Text ****** has been set on object 'Object Repository/RAD_Pages/TaxInfo_Page/input_FederalEIN-2'

2024-10-17 14:33:30 - [TEST_STEP][PASSED] - setEncryptedText(findTestObject(orPath_TaxInfo + "/input_FederalEIN_ReEnter-2"), ""): Text ****** has been set on object 'Object Repository/RAD_Pages/TaxInfo_Page/input_FederalEIN_ReEnter-2'

2024-10-17 14:33:30 - [MESSAGE][PASSED] - Text ****** has been set on object 'Object Repository/RAD_Pages/TaxInfo_Page/input_FederalEIN_ReEnter-2'

2024-10-17 14:33:30 - [TEST_STEP][PASSED] - break: null

2024-10-17 14:33:30 - [TEST_STEP][PASSED] - if (feinSsn.equalsIgnoreCase("Y")): null

2024-10-17 14:33:30 - [TEST_STEP][PASSED] - else: null

2024-10-17 14:33:30 - [TEST_STEP][PASSED] - if (verifyTextPresent("Please enter a valid FEIN with 9 digits.", true)): null

2024-10-17 14:33:31 - [MESSAGE][PASSED] - Text 'Please enter a valid FEIN with 9 digits.' is present on page  using regular expression

2024-10-17 14:33:31 - [TEST_STEP][PASSED] - println("Error Message is present on the page"): null

2024-10-17 14:33:31 - [TEST_STEP][PASSED] - out.println("Pass Record Number: " + row): null

2024-10-17 14:33:31 - [TEST_STEP][PASSED] - resText = "Pass": null

2024-10-17 14:33:31 - [TEST_STEP][PASSED] - pages.WriteExcel.demoKey(resText, datText, resColumn, datCloumn, fileLoc, nameSheet, row): pages.WriteExcel.demoKey is PASSED

2024-10-17 14:33:31 - [MESSAGE][PASSED] - pages.WriteExcel.demoKey is PASSED

2024-10-17 14:33:31 - [TEST_STEP][PASSED] - ExecuteTC = findTestData(dataFile).getValue("Execute", row): null

2024-10-17 14:33:31 - [TEST_STEP][PASSED] - Taxtype = findTestData(dataFile).getValue("TaxType", row): null

2024-10-17 14:33:31 - [TEST_STEP][PASSED] - Paymenttype = findTestData(dataFile).getValue("PaymentType", row): null

2024-10-17 14:33:31 - [TEST_STEP][PASSED] - feinSsn = findTestData(dataFile).getValue("FEINSSN", row): null

2024-10-17 14:33:31 - [TEST_STEP][PASSED] - out.println("Value of Execute is : " + ExecuteTC): null

2024-10-17 14:33:31 - [TEST_STEP][PASSED] - if (ExecuteTC.equalsIgnoreCase("Y")): null

2024-10-17 14:33:31 - [TEST_STEP][PASSED] - out.println("Begin Record Number: " + row): null

2024-10-17 14:33:31 - [TEST_STEP][PASSED] - today = new java.util.Date(): null

2024-10-17 14:33:31 - [TEST_STEP][PASSED] - println(today): null

2024-10-17 14:33:31 - [TEST_STEP][PASSED] - datText = today: null

2024-10-17 14:33:31 - [TEST_STEP][PASSED] - Taxtype = findTestData(dataFile).getValue("TaxType", row): null

2024-10-17 14:33:31 - [TEST_STEP][PASSED] - out.println("Taxtype value is : " + Taxtype): null

2024-10-17 14:33:31 - [TEST_STEP][PASSED] - openBrowser(""): Browser is opened with url: ''

2024-10-17 14:33:31 - [MESSAGE][WARNING] - A browser is already opened. Closing browser and opening a new one

2024-10-17 14:33:33 - [MESSAGE][INFO] - Starting 'Chrome' driver

2024-10-17 14:33:33 - [MESSAGE][INFO] - User set preference: ['acceptInsecureCerts', 'true']

2024-10-17 14:33:33 - [MESSAGE][INFO] - Action delay is set to 0 milliseconds

2024-10-17 14:33:35 - [MESSAGE][PASSED] - Browser is opened with url: ''

2024-10-17 14:33:35 - [TEST_STEP][PASSED] - maximizeWindow(): Current window maximized

2024-10-17 14:33:35 - [MESSAGE][PASSED] - Current window maximized

2024-10-17 14:33:35 - [TEST_STEP][PASSED] - navigateToUrl(RADurl): Navigate to 'https://demo.velocitypayment.com/client/rad/index.html' successfully

2024-10-17 14:33:36 - [MESSAGE][PASSED] - Navigate to 'https://demo.velocitypayment.com/client/rad/index.html' successfully

2024-10-17 14:33:36 - [TEST_STEP][PASSED] - orPath_Landing = "Object Repository/RAD_Pages/Landing_Page": null

2024-10-17 14:33:36 - [TEST_STEP][PASSED] - orPath_TaxTypeFilingYear = "Object Repository/RAD_Pages/TaxTypeFilingYear_Page": null

2024-10-17 14:33:36 - [TEST_STEP][PASSED] - orPath_TaxPayer = "Object Repository/RAD_Pages/Taxpayer_Page": null

2024-10-17 14:33:36 - [TEST_STEP][PASSED] - orPath_AddressContact = "Object Repository/RAD_Pages/AddressAndContactInfo_Page": null

2024-10-17 14:33:36 - [TEST_STEP][PASSED] - orPath_FilingStatus = "Object Repository/RAD_Pages/FilingStatus_Page": null

2024-10-17 14:33:36 - [TEST_STEP][PASSED] - orPath_Amount = "Object Repository/RAD_Pages/PaymentAmount_Page": null

2024-10-17 14:33:36 - [TEST_STEP][PASSED] - orPath_TaxInfo = "Object Repository/RAD_Pages/TaxInfo_Page": null

2024-10-17 14:33:36 - [TEST_STEP][PASSED] - orPath_Withholding = "Object Repository/RAD_Pages/Withholding_Page": null

2024-10-17 14:33:36 - [TEST_STEP][PASSED] - orPath_Summary = "Object Repository/RAD_Pages/Summary_Page": null

2024-10-17 14:33:36 - [TEST_STEP][PASSED] - orPath_PaymentReady = "Object Repository/RAD_Pages/PaymentReady_Page": null

2024-10-17 14:33:36 - [TEST_STEP][PASSED] - orPath_PaymentEntry = "Object Repository/RAD_Pages/PaymentEntry_Page": null

2024-10-17 14:33:36 - [TEST_STEP][PASSED] - orPath_PaymentConfirmation = "Object Repository/RAD_Pages/PaymentConfirmation_Page": null

2024-10-17 14:33:36 - [TEST_STEP][PASSED] - orPath_ServiceFeesAccept = "Object Repository/RAD_Pages/ServiceFeeAccept_Page": null

2024-10-17 14:33:36 - [TEST_STEP][PASSED] - selectOptionByLabel(findTestObject(orPath_Landing + "/dd_TaxType"), Paymenttype, false): All options with label 'New Tax Return Amount Due' are selected in object 'Object Repository/RAD_Pages/Landing_Page/dd_TaxType' 

2024-10-17 14:33:37 - [MESSAGE][PASSED] - All options with label 'New Tax Return Amount Due' are selected in object 'Object Repository/RAD_Pages/Landing_Page/dd_TaxType' 

2024-10-17 14:33:37 - [TEST_STEP][PASSED] - delay(1): Delayed 1 second(s)

2024-10-17 14:33:38 - [MESSAGE][PASSED] - Delayed 1 second(s)

2024-10-17 14:33:38 - [TEST_STEP][PASSED] - switch (Paymenttype): null

2024-10-17 14:33:38 - [TEST_STEP][PASSED] - case "New Tax Return Amount Due":: null

2024-10-17 14:33:38 - [TEST_STEP][PASSED] - selectOptionByLabel(findTestObject("Object Repository/RAD_Pages/Landing_Page/select_NewTaxReturnAmountDue_TaxType"), Taxtype, false): All options with label 'Sales and Use Tax' are selected in object 'Object Repository/RAD_Pages/Landing_Page/select_NewTaxReturnAmountDue_TaxType' 

2024-10-17 14:33:39 - [MESSAGE][PASSED] - All options with label 'Sales and Use Tax' are selected in object 'Object Repository/RAD_Pages/Landing_Page/select_NewTaxReturnAmountDue_TaxType' 

2024-10-17 14:33:39 - [TEST_STEP][PASSED] - break: null

2024-10-17 14:33:39 - [TEST_STEP][PASSED] - delay(1): Delayed 1 second(s)

2024-10-17 14:33:40 - [MESSAGE][PASSED] - Delayed 1 second(s)

2024-10-17 14:33:40 - [TEST_STEP][PASSED] - switch (Paymenttype): null

2024-10-17 14:33:40 - [TEST_STEP][PASSED] - case "New Tax Return Amount Due":: null

2024-10-17 14:33:40 - [TEST_STEP][PASSED] - if (feinSsn.equalsIgnoreCase("Y")): null

2024-10-17 14:33:40 - [TEST_STEP][PASSED] - else: Text ****** has been set on object 'Object Repository/RAD_Pages/TaxInfo_Page/input_FederalEIN_ReEnter-2'

2024-10-17 14:33:40 - [TEST_STEP][PASSED] - setEncryptedText(findTestObject(orPath_TaxInfo + "/input_FederalEIN-2"), "iGDxf8hSRT4="): Text ****** has been set on object 'Object Repository/RAD_Pages/TaxInfo_Page/input_FederalEIN-2'

2024-10-17 14:33:40 - [MESSAGE][PASSED] - Text ****** has been set on object 'Object Repository/RAD_Pages/TaxInfo_Page/input_FederalEIN-2'

2024-10-17 14:33:40 - [TEST_STEP][PASSED] - setEncryptedText(findTestObject(orPath_TaxInfo + "/input_FederalEIN_ReEnter-2"), ""): Text ****** has been set on object 'Object Repository/RAD_Pages/TaxInfo_Page/input_FederalEIN_ReEnter-2'

2024-10-17 14:33:41 - [MESSAGE][PASSED] - Text ****** has been set on object 'Object Repository/RAD_Pages/TaxInfo_Page/input_FederalEIN_ReEnter-2'

2024-10-17 14:33:41 - [TEST_STEP][PASSED] - break: null

2024-10-17 14:33:41 - [TEST_STEP][PASSED] - if (feinSsn.equalsIgnoreCase("Y")): null

2024-10-17 14:33:41 - [TEST_STEP][PASSED] - else: null

2024-10-17 14:33:41 - [TEST_STEP][PASSED] - if (verifyTextPresent("Please enter a valid FEIN with 9 digits.", true)): null

2024-10-17 14:33:42 - [MESSAGE][PASSED] - Text 'Please enter a valid FEIN with 9 digits.' is present on page  using regular expression

2024-10-17 14:33:42 - [TEST_STEP][PASSED] - println("Error Message is present on the page"): null

2024-10-17 14:33:42 - [TEST_STEP][PASSED] - out.println("Pass Record Number: " + row): null

2024-10-17 14:33:42 - [TEST_STEP][PASSED] - resText = "Pass": null

2024-10-17 14:33:42 - [TEST_STEP][PASSED] - pages.WriteExcel.demoKey(resText, datText, resColumn, datCloumn, fileLoc, nameSheet, row): pages.WriteExcel.demoKey is PASSED

2024-10-17 14:33:42 - [MESSAGE][PASSED] - pages.WriteExcel.demoKey is PASSED

2024-10-17 14:33:42 - [TEST_STEP][PASSED] - ExecuteTC = findTestData(dataFile).getValue("Execute", row): null

2024-10-17 14:33:42 - [TEST_STEP][PASSED] - Taxtype = findTestData(dataFile).getValue("TaxType", row): null

2024-10-17 14:33:42 - [TEST_STEP][PASSED] - Paymenttype = findTestData(dataFile).getValue("PaymentType", row): null

2024-10-17 14:33:42 - [TEST_STEP][PASSED] - feinSsn = findTestData(dataFile).getValue("FEINSSN", row): null

2024-10-17 14:33:42 - [TEST_STEP][PASSED] - out.println("Value of Execute is : " + ExecuteTC): null

2024-10-17 14:33:42 - [TEST_STEP][PASSED] - if (ExecuteTC.equalsIgnoreCase("Y")): null

2024-10-17 14:33:42 - [TEST_STEP][PASSED] - out.println("Begin Record Number: " + row): null

2024-10-17 14:33:42 - [TEST_STEP][PASSED] - today = new java.util.Date(): null

2024-10-17 14:33:42 - [TEST_STEP][PASSED] - println(today): null

2024-10-17 14:33:42 - [TEST_STEP][PASSED] - datText = today: null

2024-10-17 14:33:42 - [TEST_STEP][PASSED] - Taxtype = findTestData(dataFile).getValue("TaxType", row): null

2024-10-17 14:33:42 - [TEST_STEP][PASSED] - out.println("Taxtype value is : " + Taxtype): null

2024-10-17 14:33:42 - [TEST_STEP][PASSED] - openBrowser(""): Browser is opened with url: ''

2024-10-17 14:33:42 - [MESSAGE][WARNING] - A browser is already opened. Closing browser and opening a new one

2024-10-17 14:33:43 - [MESSAGE][INFO] - Starting 'Chrome' driver

2024-10-17 14:33:43 - [MESSAGE][INFO] - User set preference: ['acceptInsecureCerts', 'true']

2024-10-17 14:33:43 - [MESSAGE][INFO] - Action delay is set to 0 milliseconds

2024-10-17 14:33:45 - [MESSAGE][PASSED] - Browser is opened with url: ''

2024-10-17 14:33:45 - [TEST_STEP][PASSED] - maximizeWindow(): Current window maximized

2024-10-17 14:33:45 - [MESSAGE][PASSED] - Current window maximized

2024-10-17 14:33:45 - [TEST_STEP][PASSED] - navigateToUrl(RADurl): Navigate to 'https://demo.velocitypayment.com/client/rad/index.html' successfully

2024-10-17 14:33:45 - [MESSAGE][PASSED] - Navigate to 'https://demo.velocitypayment.com/client/rad/index.html' successfully

2024-10-17 14:33:45 - [TEST_STEP][PASSED] - orPath_Landing = "Object Repository/RAD_Pages/Landing_Page": null

2024-10-17 14:33:45 - [TEST_STEP][PASSED] - orPath_TaxTypeFilingYear = "Object Repository/RAD_Pages/TaxTypeFilingYear_Page": null

2024-10-17 14:33:45 - [TEST_STEP][PASSED] - orPath_TaxPayer = "Object Repository/RAD_Pages/Taxpayer_Page": null

2024-10-17 14:33:45 - [TEST_STEP][PASSED] - orPath_AddressContact = "Object Repository/RAD_Pages/AddressAndContactInfo_Page": null

2024-10-17 14:33:45 - [TEST_STEP][PASSED] - orPath_FilingStatus = "Object Repository/RAD_Pages/FilingStatus_Page": null

2024-10-17 14:33:45 - [TEST_STEP][PASSED] - orPath_Amount = "Object Repository/RAD_Pages/PaymentAmount_Page": null

2024-10-17 14:33:45 - [TEST_STEP][PASSED] - orPath_TaxInfo = "Object Repository/RAD_Pages/TaxInfo_Page": null

2024-10-17 14:33:45 - [TEST_STEP][PASSED] - orPath_Withholding = "Object Repository/RAD_Pages/Withholding_Page": null

2024-10-17 14:33:45 - [TEST_STEP][PASSED] - orPath_Summary = "Object Repository/RAD_Pages/Summary_Page": null

2024-10-17 14:33:45 - [TEST_STEP][PASSED] - orPath_PaymentReady = "Object Repository/RAD_Pages/PaymentReady_Page": null

2024-10-17 14:33:45 - [TEST_STEP][PASSED] - orPath_PaymentEntry = "Object Repository/RAD_Pages/PaymentEntry_Page": null

2024-10-17 14:33:45 - [TEST_STEP][PASSED] - orPath_PaymentConfirmation = "Object Repository/RAD_Pages/PaymentConfirmation_Page": null

2024-10-17 14:33:45 - [TEST_STEP][PASSED] - orPath_ServiceFeesAccept = "Object Repository/RAD_Pages/ServiceFeeAccept_Page": null

2024-10-17 14:33:45 - [TEST_STEP][PASSED] - selectOptionByLabel(findTestObject(orPath_Landing + "/dd_TaxType"), Paymenttype, false): All options with label 'New Tax Return Amount Due' are selected in object 'Object Repository/RAD_Pages/Landing_Page/dd_TaxType' 

2024-10-17 14:33:48 - [MESSAGE][PASSED] - All options with label 'New Tax Return Amount Due' are selected in object 'Object Repository/RAD_Pages/Landing_Page/dd_TaxType' 

2024-10-17 14:33:48 - [TEST_STEP][PASSED] - delay(1): Delayed 1 second(s)

2024-10-17 14:33:49 - [MESSAGE][PASSED] - Delayed 1 second(s)

2024-10-17 14:33:49 - [TEST_STEP][PASSED] - switch (Paymenttype): null

2024-10-17 14:33:49 - [TEST_STEP][PASSED] - case "New Tax Return Amount Due":: null

2024-10-17 14:33:49 - [TEST_STEP][PASSED] - selectOptionByLabel(findTestObject("Object Repository/RAD_Pages/Landing_Page/select_NewTaxReturnAmountDue_TaxType"), Taxtype, false): All options with label 'Slots License Fee' are selected in object 'Object Repository/RAD_Pages/Landing_Page/select_NewTaxReturnAmountDue_TaxType' 

2024-10-17 14:33:49 - [MESSAGE][PASSED] - All options with label 'Slots License Fee' are selected in object 'Object Repository/RAD_Pages/Landing_Page/select_NewTaxReturnAmountDue_TaxType' 

2024-10-17 14:33:49 - [TEST_STEP][PASSED] - break: null

2024-10-17 14:33:49 - [TEST_STEP][PASSED] - delay(1): Delayed 1 second(s)

2024-10-17 14:33:50 - [MESSAGE][PASSED] - Delayed 1 second(s)

2024-10-17 14:33:50 - [TEST_STEP][PASSED] - switch (Paymenttype): null

2024-10-17 14:33:50 - [TEST_STEP][PASSED] - case "New Tax Return Amount Due":: null

2024-10-17 14:33:50 - [TEST_STEP][PASSED] - if (feinSsn.equalsIgnoreCase("Y")): null

2024-10-17 14:33:50 - [TEST_STEP][PASSED] - else: Text ****** has been set on object 'Object Repository/RAD_Pages/TaxInfo_Page/input_FederalEIN_ReEnter-2'

2024-10-17 14:33:50 - [TEST_STEP][PASSED] - setEncryptedText(findTestObject(orPath_TaxInfo + "/input_FederalEIN-2"), "iGDxf8hSRT4="): Text ****** has been set on object 'Object Repository/RAD_Pages/TaxInfo_Page/input_FederalEIN-2'

2024-10-17 14:33:51 - [MESSAGE][PASSED] - Text ****** has been set on object 'Object Repository/RAD_Pages/TaxInfo_Page/input_FederalEIN-2'

2024-10-17 14:33:51 - [TEST_STEP][PASSED] - setEncryptedText(findTestObject(orPath_TaxInfo + "/input_FederalEIN_ReEnter-2"), ""): Text ****** has been set on object 'Object Repository/RAD_Pages/TaxInfo_Page/input_FederalEIN_ReEnter-2'

2024-10-17 14:33:52 - [MESSAGE][PASSED] - Text ****** has been set on object 'Object Repository/RAD_Pages/TaxInfo_Page/input_FederalEIN_ReEnter-2'

2024-10-17 14:33:52 - [TEST_STEP][PASSED] - break: null

2024-10-17 14:33:52 - [TEST_STEP][PASSED] - if (feinSsn.equalsIgnoreCase("Y")): null

2024-10-17 14:33:52 - [TEST_STEP][PASSED] - else: null

2024-10-17 14:33:52 - [TEST_STEP][PASSED] - if (verifyTextPresent("Please enter a valid FEIN with 9 digits.", true)): null

2024-10-17 14:33:52 - [MESSAGE][PASSED] - Text 'Please enter a valid FEIN with 9 digits.' is present on page  using regular expression

2024-10-17 14:33:52 - [TEST_STEP][PASSED] - println("Error Message is present on the page"): null

2024-10-17 14:33:52 - [TEST_STEP][PASSED] - out.println("Pass Record Number: " + row): null

2024-10-17 14:33:52 - [TEST_STEP][PASSED] - resText = "Pass": null

2024-10-17 14:33:52 - [TEST_STEP][PASSED] - pages.WriteExcel.demoKey(resText, datText, resColumn, datCloumn, fileLoc, nameSheet, row): pages.WriteExcel.demoKey is PASSED

2024-10-17 14:33:52 - [MESSAGE][PASSED] - pages.WriteExcel.demoKey is PASSED

2024-10-17 14:33:52 - [TEST_STEP][PASSED] - ExecuteTC = findTestData(dataFile).getValue("Execute", row): null

2024-10-17 14:33:52 - [TEST_STEP][PASSED] - Taxtype = findTestData(dataFile).getValue("TaxType", row): null

2024-10-17 14:33:52 - [TEST_STEP][PASSED] - Paymenttype = findTestData(dataFile).getValue("PaymentType", row): null

2024-10-17 14:33:52 - [TEST_STEP][PASSED] - feinSsn = findTestData(dataFile).getValue("FEINSSN", row): null

2024-10-17 14:33:52 - [TEST_STEP][PASSED] - out.println("Value of Execute is : " + ExecuteTC): null

2024-10-17 14:33:52 - [TEST_STEP][PASSED] - if (ExecuteTC.equalsIgnoreCase("Y")): null

2024-10-17 14:33:52 - [TEST_STEP][PASSED] - out.println("Begin Record Number: " + row): null

2024-10-17 14:33:52 - [TEST_STEP][PASSED] - today = new java.util.Date(): null

2024-10-17 14:33:52 - [TEST_STEP][PASSED] - println(today): null

2024-10-17 14:33:52 - [TEST_STEP][PASSED] - datText = today: null

2024-10-17 14:33:52 - [TEST_STEP][PASSED] - Taxtype = findTestData(dataFile).getValue("TaxType", row): null

2024-10-17 14:33:52 - [TEST_STEP][PASSED] - out.println("Taxtype value is : " + Taxtype): null

2024-10-17 14:33:52 - [TEST_STEP][PASSED] - openBrowser(""): Browser is opened with url: ''

2024-10-17 14:33:53 - [MESSAGE][WARNING] - A browser is already opened. Closing browser and opening a new one

2024-10-17 14:33:54 - [MESSAGE][INFO] - Starting 'Chrome' driver

2024-10-17 14:33:54 - [MESSAGE][INFO] - User set preference: ['acceptInsecureCerts', 'true']

2024-10-17 14:33:54 - [MESSAGE][INFO] - Action delay is set to 0 milliseconds

2024-10-17 14:33:56 - [MESSAGE][PASSED] - Browser is opened with url: ''

2024-10-17 14:33:56 - [TEST_STEP][PASSED] - maximizeWindow(): Current window maximized

2024-10-17 14:33:56 - [MESSAGE][PASSED] - Current window maximized

2024-10-17 14:33:56 - [TEST_STEP][PASSED] - navigateToUrl(RADurl): Navigate to 'https://demo.velocitypayment.com/client/rad/index.html' successfully

2024-10-17 14:33:56 - [MESSAGE][PASSED] - Navigate to 'https://demo.velocitypayment.com/client/rad/index.html' successfully

2024-10-17 14:33:56 - [TEST_STEP][PASSED] - orPath_Landing = "Object Repository/RAD_Pages/Landing_Page": null

2024-10-17 14:33:56 - [TEST_STEP][PASSED] - orPath_TaxTypeFilingYear = "Object Repository/RAD_Pages/TaxTypeFilingYear_Page": null

2024-10-17 14:33:56 - [TEST_STEP][PASSED] - orPath_TaxPayer = "Object Repository/RAD_Pages/Taxpayer_Page": null

2024-10-17 14:33:56 - [TEST_STEP][PASSED] - orPath_AddressContact = "Object Repository/RAD_Pages/AddressAndContactInfo_Page": null

2024-10-17 14:33:56 - [TEST_STEP][PASSED] - orPath_FilingStatus = "Object Repository/RAD_Pages/FilingStatus_Page": null

2024-10-17 14:33:56 - [TEST_STEP][PASSED] - orPath_Amount = "Object Repository/RAD_Pages/PaymentAmount_Page": null

2024-10-17 14:33:56 - [TEST_STEP][PASSED] - orPath_TaxInfo = "Object Repository/RAD_Pages/TaxInfo_Page": null

2024-10-17 14:33:56 - [TEST_STEP][PASSED] - orPath_Withholding = "Object Repository/RAD_Pages/Withholding_Page": null

2024-10-17 14:33:56 - [TEST_STEP][PASSED] - orPath_Summary = "Object Repository/RAD_Pages/Summary_Page": null

2024-10-17 14:33:56 - [TEST_STEP][PASSED] - orPath_PaymentReady = "Object Repository/RAD_Pages/PaymentReady_Page": null

2024-10-17 14:33:56 - [TEST_STEP][PASSED] - orPath_PaymentEntry = "Object Repository/RAD_Pages/PaymentEntry_Page": null

2024-10-17 14:33:56 - [TEST_STEP][PASSED] - orPath_PaymentConfirmation = "Object Repository/RAD_Pages/PaymentConfirmation_Page": null

2024-10-17 14:33:56 - [TEST_STEP][PASSED] - orPath_ServiceFeesAccept = "Object Repository/RAD_Pages/ServiceFeeAccept_Page": null

2024-10-17 14:33:56 - [TEST_STEP][PASSED] - selectOptionByLabel(findTestObject(orPath_Landing + "/dd_TaxType"), Paymenttype, false): All options with label 'New Tax Return Amount Due' are selected in object 'Object Repository/RAD_Pages/Landing_Page/dd_TaxType' 

2024-10-17 14:33:58 - [MESSAGE][PASSED] - All options with label 'New Tax Return Amount Due' are selected in object 'Object Repository/RAD_Pages/Landing_Page/dd_TaxType' 

2024-10-17 14:33:58 - [TEST_STEP][PASSED] - delay(1): Delayed 1 second(s)

2024-10-17 14:33:59 - [MESSAGE][PASSED] - Delayed 1 second(s)

2024-10-17 14:33:59 - [TEST_STEP][PASSED] - switch (Paymenttype): null

2024-10-17 14:33:59 - [TEST_STEP][PASSED] - case "New Tax Return Amount Due":: null

2024-10-17 14:33:59 - [TEST_STEP][PASSED] - selectOptionByLabel(findTestObject("Object Repository/RAD_Pages/Landing_Page/select_NewTaxReturnAmountDue_TaxType"), Taxtype, false): All options with label 'Tire Recycling Fee' are selected in object 'Object Repository/RAD_Pages/Landing_Page/select_NewTaxReturnAmountDue_TaxType' 

2024-10-17 14:34:00 - [MESSAGE][PASSED] - All options with label 'Tire Recycling Fee' are selected in object 'Object Repository/RAD_Pages/Landing_Page/select_NewTaxReturnAmountDue_TaxType' 

2024-10-17 14:34:00 - [TEST_STEP][PASSED] - break: null

2024-10-17 14:34:00 - [TEST_STEP][PASSED] - delay(1): Delayed 1 second(s)

2024-10-17 14:34:01 - [MESSAGE][PASSED] - Delayed 1 second(s)

2024-10-17 14:34:01 - [TEST_STEP][PASSED] - switch (Paymenttype): null

2024-10-17 14:34:01 - [TEST_STEP][PASSED] - case "New Tax Return Amount Due":: null

2024-10-17 14:34:01 - [TEST_STEP][PASSED] - if (feinSsn.equalsIgnoreCase("Y")): null

2024-10-17 14:34:01 - [TEST_STEP][PASSED] - else: Text ****** has been set on object 'Object Repository/RAD_Pages/TaxInfo_Page/input_FederalEIN_ReEnter-2'

2024-10-17 14:34:01 - [TEST_STEP][PASSED] - setEncryptedText(findTestObject(orPath_TaxInfo + "/input_FederalEIN-2"), "iGDxf8hSRT4="): Text ****** has been set on object 'Object Repository/RAD_Pages/TaxInfo_Page/input_FederalEIN-2'

2024-10-17 14:34:01 - [MESSAGE][PASSED] - Text ****** has been set on object 'Object Repository/RAD_Pages/TaxInfo_Page/input_FederalEIN-2'

2024-10-17 14:34:01 - [TEST_STEP][PASSED] - setEncryptedText(findTestObject(orPath_TaxInfo + "/input_FederalEIN_ReEnter-2"), ""): Text ****** has been set on object 'Object Repository/RAD_Pages/TaxInfo_Page/input_FederalEIN_ReEnter-2'

2024-10-17 14:34:02 - [MESSAGE][PASSED] - Text ****** has been set on object 'Object Repository/RAD_Pages/TaxInfo_Page/input_FederalEIN_ReEnter-2'

2024-10-17 14:34:02 - [TEST_STEP][PASSED] - break: null

2024-10-17 14:34:02 - [TEST_STEP][PASSED] - if (feinSsn.equalsIgnoreCase("Y")): null

2024-10-17 14:34:02 - [TEST_STEP][PASSED] - else: null

2024-10-17 14:34:02 - [TEST_STEP][PASSED] - if (verifyTextPresent("Please enter a valid FEIN with 9 digits.", true)): null

2024-10-17 14:34:03 - [MESSAGE][PASSED] - Text 'Please enter a valid FEIN with 9 digits.' is present on page  using regular expression

2024-10-17 14:34:03 - [TEST_STEP][PASSED] - println("Error Message is present on the page"): null

2024-10-17 14:34:03 - [TEST_STEP][PASSED] - out.println("Pass Record Number: " + row): null

2024-10-17 14:34:03 - [TEST_STEP][PASSED] - resText = "Pass": null

2024-10-17 14:34:03 - [TEST_STEP][PASSED] - pages.WriteExcel.demoKey(resText, datText, resColumn, datCloumn, fileLoc, nameSheet, row): pages.WriteExcel.demoKey is PASSED

2024-10-17 14:34:03 - [MESSAGE][PASSED] - pages.WriteExcel.demoKey is PASSED

2024-10-17 14:34:03 - [TEST_STEP][PASSED] - ExecuteTC = findTestData(dataFile).getValue("Execute", row): null

2024-10-17 14:34:03 - [TEST_STEP][PASSED] - Taxtype = findTestData(dataFile).getValue("TaxType", row): null

2024-10-17 14:34:03 - [TEST_STEP][PASSED] - Paymenttype = findTestData(dataFile).getValue("PaymentType", row): null

2024-10-17 14:34:03 - [TEST_STEP][PASSED] - feinSsn = findTestData(dataFile).getValue("FEINSSN", row): null

2024-10-17 14:34:03 - [TEST_STEP][PASSED] - out.println("Value of Execute is : " + ExecuteTC): null

2024-10-17 14:34:03 - [TEST_STEP][PASSED] - if (ExecuteTC.equalsIgnoreCase("Y")): null

2024-10-17 14:34:03 - [TEST_STEP][PASSED] - out.println("Begin Record Number: " + row): null

2024-10-17 14:34:03 - [TEST_STEP][PASSED] - today = new java.util.Date(): null

2024-10-17 14:34:03 - [TEST_STEP][PASSED] - println(today): null

2024-10-17 14:34:03 - [TEST_STEP][PASSED] - datText = today: null

2024-10-17 14:34:03 - [TEST_STEP][PASSED] - Taxtype = findTestData(dataFile).getValue("TaxType", row): null

2024-10-17 14:34:03 - [TEST_STEP][PASSED] - out.println("Taxtype value is : " + Taxtype): null

2024-10-17 14:34:03 - [TEST_STEP][PASSED] - openBrowser(""): Browser is opened with url: ''

2024-10-17 14:34:03 - [MESSAGE][WARNING] - A browser is already opened. Closing browser and opening a new one

2024-10-17 14:34:04 - [MESSAGE][INFO] - Starting 'Chrome' driver

2024-10-17 14:34:04 - [MESSAGE][INFO] - User set preference: ['acceptInsecureCerts', 'true']

2024-10-17 14:34:04 - [MESSAGE][INFO] - Action delay is set to 0 milliseconds

2024-10-17 14:34:06 - [MESSAGE][PASSED] - Browser is opened with url: ''

2024-10-17 14:34:06 - [TEST_STEP][PASSED] - maximizeWindow(): Current window maximized

2024-10-17 14:34:06 - [MESSAGE][PASSED] - Current window maximized

2024-10-17 14:34:06 - [TEST_STEP][PASSED] - navigateToUrl(RADurl): Navigate to 'https://demo.velocitypayment.com/client/rad/index.html' successfully

2024-10-17 14:34:08 - [MESSAGE][PASSED] - Navigate to 'https://demo.velocitypayment.com/client/rad/index.html' successfully

2024-10-17 14:34:08 - [TEST_STEP][PASSED] - orPath_Landing = "Object Repository/RAD_Pages/Landing_Page": null

2024-10-17 14:34:08 - [TEST_STEP][PASSED] - orPath_TaxTypeFilingYear = "Object Repository/RAD_Pages/TaxTypeFilingYear_Page": null

2024-10-17 14:34:08 - [TEST_STEP][PASSED] - orPath_TaxPayer = "Object Repository/RAD_Pages/Taxpayer_Page": null

2024-10-17 14:34:08 - [TEST_STEP][PASSED] - orPath_AddressContact = "Object Repository/RAD_Pages/AddressAndContactInfo_Page": null

2024-10-17 14:34:08 - [TEST_STEP][PASSED] - orPath_FilingStatus = "Object Repository/RAD_Pages/FilingStatus_Page": null

2024-10-17 14:34:08 - [TEST_STEP][PASSED] - orPath_Amount = "Object Repository/RAD_Pages/PaymentAmount_Page": null

2024-10-17 14:34:08 - [TEST_STEP][PASSED] - orPath_TaxInfo = "Object Repository/RAD_Pages/TaxInfo_Page": null

2024-10-17 14:34:08 - [TEST_STEP][PASSED] - orPath_Withholding = "Object Repository/RAD_Pages/Withholding_Page": null

2024-10-17 14:34:08 - [TEST_STEP][PASSED] - orPath_Summary = "Object Repository/RAD_Pages/Summary_Page": null

2024-10-17 14:34:08 - [TEST_STEP][PASSED] - orPath_PaymentReady = "Object Repository/RAD_Pages/PaymentReady_Page": null

2024-10-17 14:34:08 - [TEST_STEP][PASSED] - orPath_PaymentEntry = "Object Repository/RAD_Pages/PaymentEntry_Page": null

2024-10-17 14:34:08 - [TEST_STEP][PASSED] - orPath_PaymentConfirmation = "Object Repository/RAD_Pages/PaymentConfirmation_Page": null

2024-10-17 14:34:08 - [TEST_STEP][PASSED] - orPath_ServiceFeesAccept = "Object Repository/RAD_Pages/ServiceFeeAccept_Page": null

2024-10-17 14:34:08 - [TEST_STEP][PASSED] - selectOptionByLabel(findTestObject(orPath_Landing + "/dd_TaxType"), Paymenttype, false): All options with label 'New Tax Return Amount Due' are selected in object 'Object Repository/RAD_Pages/Landing_Page/dd_TaxType' 

2024-10-17 14:34:09 - [MESSAGE][PASSED] - All options with label 'New Tax Return Amount Due' are selected in object 'Object Repository/RAD_Pages/Landing_Page/dd_TaxType' 

2024-10-17 14:34:09 - [TEST_STEP][PASSED] - delay(1): Delayed 1 second(s)

2024-10-17 14:34:10 - [MESSAGE][PASSED] - Delayed 1 second(s)

2024-10-17 14:34:10 - [TEST_STEP][PASSED] - switch (Paymenttype): null

2024-10-17 14:34:10 - [TEST_STEP][PASSED] - case "New Tax Return Amount Due":: null

2024-10-17 14:34:10 - [TEST_STEP][PASSED] - selectOptionByLabel(findTestObject("Object Repository/RAD_Pages/Landing_Page/select_NewTaxReturnAmountDue_TaxType"), Taxtype, false): All options with label 'Tobacco Tax' are selected in object 'Object Repository/RAD_Pages/Landing_Page/select_NewTaxReturnAmountDue_TaxType' 

2024-10-17 14:34:11 - [MESSAGE][PASSED] - All options with label 'Tobacco Tax' are selected in object 'Object Repository/RAD_Pages/Landing_Page/select_NewTaxReturnAmountDue_TaxType' 

2024-10-17 14:34:11 - [TEST_STEP][PASSED] - break: null

2024-10-17 14:34:11 - [TEST_STEP][PASSED] - delay(1): Delayed 1 second(s)

2024-10-17 14:34:12 - [MESSAGE][PASSED] - Delayed 1 second(s)

2024-10-17 14:34:12 - [TEST_STEP][PASSED] - switch (Paymenttype): null

2024-10-17 14:34:12 - [TEST_STEP][PASSED] - case "New Tax Return Amount Due":: null

2024-10-17 14:34:12 - [TEST_STEP][PASSED] - if (feinSsn.equalsIgnoreCase("Y")): Text ****** has been set on object 'Object Repository/RAD_Pages/TaxInfo_Page/input_TaxInfo_RetypeFeinSsn_New_2'

2024-10-17 14:34:12 - [TEST_STEP][PASSED] - setEncryptedText(findTestObject(orPath_TaxInfo + "//input_TaxInfo_FeinSsn_New_2"), "iGDxf8hSRT4="): Text ****** has been set on object 'Object Repository/RAD_Pages/TaxInfo_Page//input_TaxInfo_FeinSsn_New_2'

2024-10-17 14:34:12 - [MESSAGE][PASSED] - Text ****** has been set on object 'Object Repository/RAD_Pages/TaxInfo_Page//input_TaxInfo_FeinSsn_New_2'

2024-10-17 14:34:12 - [TEST_STEP][PASSED] - setEncryptedText(findTestObject(orPath_TaxInfo + "/input_TaxInfo_RetypeFeinSsn_New_2"), ""): Text ****** has been set on object 'Object Repository/RAD_Pages/TaxInfo_Page/input_TaxInfo_RetypeFeinSsn_New_2'

2024-10-17 14:34:13 - [MESSAGE][PASSED] - Text ****** has been set on object 'Object Repository/RAD_Pages/TaxInfo_Page/input_TaxInfo_RetypeFeinSsn_New_2'

2024-10-17 14:34:13 - [TEST_STEP][PASSED] - break: null

2024-10-17 14:34:13 - [TEST_STEP][PASSED] - if (feinSsn.equalsIgnoreCase("Y")): null

2024-10-17 14:34:13 - [TEST_STEP][PASSED] - if (verifyTextPresent("Please enter a valid FEIN/SSN with 9 digits", true)): null

2024-10-17 14:34:14 - [MESSAGE][PASSED] - Text 'Please enter a valid FEIN/SSN with 9 digits' is present on page  using regular expression

2024-10-17 14:34:14 - [TEST_STEP][PASSED] - println("Error Message is present on the page"): null

2024-10-17 14:34:14 - [TEST_STEP][PASSED] - out.println("Pass Record Number: " + row): null

2024-10-17 14:34:14 - [TEST_STEP][PASSED] - resText = "Pass": null

2024-10-17 14:34:14 - [TEST_STEP][PASSED] - pages.WriteExcel.demoKey(resText, datText, resColumn, datCloumn, fileLoc, nameSheet, row): pages.WriteExcel.demoKey is PASSED

2024-10-17 14:34:14 - [MESSAGE][PASSED] - pages.WriteExcel.demoKey is PASSED

2024-10-17 14:34:14 - [TEST_STEP][PASSED] - ExecuteTC = findTestData(dataFile).getValue("Execute", row): null

2024-10-17 14:34:14 - [TEST_STEP][PASSED] - Taxtype = findTestData(dataFile).getValue("TaxType", row): null

2024-10-17 14:34:14 - [TEST_STEP][PASSED] - Paymenttype = findTestData(dataFile).getValue("PaymentType", row): null

2024-10-17 14:34:14 - [TEST_STEP][PASSED] - feinSsn = findTestData(dataFile).getValue("FEINSSN", row): null

2024-10-17 14:34:14 - [TEST_STEP][PASSED] - out.println("Value of Execute is : " + ExecuteTC): null

2024-10-17 14:34:14 - [TEST_STEP][PASSED] - if (ExecuteTC.equalsIgnoreCase("Y")): null

2024-10-17 14:34:14 - [TEST_STEP][PASSED] - out.println("Begin Record Number: " + row): null

2024-10-17 14:34:14 - [TEST_STEP][PASSED] - today = new java.util.Date(): null

2024-10-17 14:34:14 - [TEST_STEP][PASSED] - println(today): null

2024-10-17 14:34:14 - [TEST_STEP][PASSED] - datText = today: null

2024-10-17 14:34:14 - [TEST_STEP][PASSED] - Taxtype = findTestData(dataFile).getValue("TaxType", row): null

2024-10-17 14:34:14 - [TEST_STEP][PASSED] - out.println("Taxtype value is : " + Taxtype): null

2024-10-17 14:34:14 - [TEST_STEP][PASSED] - openBrowser(""): Browser is opened with url: ''

2024-10-17 14:34:14 - [MESSAGE][WARNING] - A browser is already opened. Closing browser and opening a new one

2024-10-17 14:34:15 - [MESSAGE][INFO] - Starting 'Chrome' driver

2024-10-17 14:34:15 - [MESSAGE][INFO] - User set preference: ['acceptInsecureCerts', 'true']

2024-10-17 14:34:15 - [MESSAGE][INFO] - Action delay is set to 0 milliseconds

2024-10-17 14:34:17 - [MESSAGE][PASSED] - Browser is opened with url: ''

2024-10-17 14:34:17 - [TEST_STEP][PASSED] - maximizeWindow(): Current window maximized

2024-10-17 14:34:17 - [MESSAGE][PASSED] - Current window maximized

2024-10-17 14:34:17 - [TEST_STEP][PASSED] - navigateToUrl(RADurl): Navigate to 'https://demo.velocitypayment.com/client/rad/index.html' successfully

2024-10-17 14:34:19 - [MESSAGE][PASSED] - Navigate to 'https://demo.velocitypayment.com/client/rad/index.html' successfully

2024-10-17 14:34:19 - [TEST_STEP][PASSED] - orPath_Landing = "Object Repository/RAD_Pages/Landing_Page": null

2024-10-17 14:34:19 - [TEST_STEP][PASSED] - orPath_TaxTypeFilingYear = "Object Repository/RAD_Pages/TaxTypeFilingYear_Page": null

2024-10-17 14:34:19 - [TEST_STEP][PASSED] - orPath_TaxPayer = "Object Repository/RAD_Pages/Taxpayer_Page": null

2024-10-17 14:34:19 - [TEST_STEP][PASSED] - orPath_AddressContact = "Object Repository/RAD_Pages/AddressAndContactInfo_Page": null

2024-10-17 14:34:19 - [TEST_STEP][PASSED] - orPath_FilingStatus = "Object Repository/RAD_Pages/FilingStatus_Page": null

2024-10-17 14:34:19 - [TEST_STEP][PASSED] - orPath_Amount = "Object Repository/RAD_Pages/PaymentAmount_Page": null

2024-10-17 14:34:19 - [TEST_STEP][PASSED] - orPath_TaxInfo = "Object Repository/RAD_Pages/TaxInfo_Page": null

2024-10-17 14:34:19 - [TEST_STEP][PASSED] - orPath_Withholding = "Object Repository/RAD_Pages/Withholding_Page": null

2024-10-17 14:34:19 - [TEST_STEP][PASSED] - orPath_Summary = "Object Repository/RAD_Pages/Summary_Page": null

2024-10-17 14:34:19 - [TEST_STEP][PASSED] - orPath_PaymentReady = "Object Repository/RAD_Pages/PaymentReady_Page": null

2024-10-17 14:34:19 - [TEST_STEP][PASSED] - orPath_PaymentEntry = "Object Repository/RAD_Pages/PaymentEntry_Page": null

2024-10-17 14:34:19 - [TEST_STEP][PASSED] - orPath_PaymentConfirmation = "Object Repository/RAD_Pages/PaymentConfirmation_Page": null

2024-10-17 14:34:19 - [TEST_STEP][PASSED] - orPath_ServiceFeesAccept = "Object Repository/RAD_Pages/ServiceFeeAccept_Page": null

2024-10-17 14:34:19 - [TEST_STEP][PASSED] - selectOptionByLabel(findTestObject(orPath_Landing + "/dd_TaxType"), Paymenttype, false): All options with label 'New Tax Return Amount Due' are selected in object 'Object Repository/RAD_Pages/Landing_Page/dd_TaxType' 

2024-10-17 14:34:19 - [MESSAGE][PASSED] - All options with label 'New Tax Return Amount Due' are selected in object 'Object Repository/RAD_Pages/Landing_Page/dd_TaxType' 

2024-10-17 14:34:19 - [TEST_STEP][PASSED] - delay(1): Delayed 1 second(s)

2024-10-17 14:34:20 - [MESSAGE][PASSED] - Delayed 1 second(s)

2024-10-17 14:34:20 - [TEST_STEP][PASSED] - switch (Paymenttype): null

2024-10-17 14:34:20 - [TEST_STEP][PASSED] - case "New Tax Return Amount Due":: null

2024-10-17 14:34:20 - [TEST_STEP][PASSED] - selectOptionByLabel(findTestObject("Object Repository/RAD_Pages/Landing_Page/select_NewTaxReturnAmountDue_TaxType"), Taxtype, false): All options with label 'Transportation Network Services' are selected in object 'Object Repository/RAD_Pages/Landing_Page/select_NewTaxReturnAmountDue_TaxType' 

2024-10-17 14:34:21 - [MESSAGE][PASSED] - All options with label 'Transportation Network Services' are selected in object 'Object Repository/RAD_Pages/Landing_Page/select_NewTaxReturnAmountDue_TaxType' 

2024-10-17 14:34:21 - [TEST_STEP][PASSED] - break: null

2024-10-17 14:34:21 - [TEST_STEP][PASSED] - delay(1): Delayed 1 second(s)

2024-10-17 14:34:22 - [MESSAGE][PASSED] - Delayed 1 second(s)

2024-10-17 14:34:22 - [TEST_STEP][PASSED] - switch (Paymenttype): null

2024-10-17 14:34:22 - [TEST_STEP][PASSED] - case "New Tax Return Amount Due":: null

2024-10-17 14:34:22 - [TEST_STEP][PASSED] - if (feinSsn.equalsIgnoreCase("Y")): null

2024-10-17 14:34:22 - [TEST_STEP][PASSED] - else: Text ****** has been set on object 'Object Repository/RAD_Pages/TaxInfo_Page/input_FederalEIN_ReEnter-2'

2024-10-17 14:34:22 - [TEST_STEP][PASSED] - setEncryptedText(findTestObject(orPath_TaxInfo + "/input_FederalEIN-2"), "iGDxf8hSRT4="): Text ****** has been set on object 'Object Repository/RAD_Pages/TaxInfo_Page/input_FederalEIN-2'

2024-10-17 14:34:23 - [MESSAGE][PASSED] - Text ****** has been set on object 'Object Repository/RAD_Pages/TaxInfo_Page/input_FederalEIN-2'

2024-10-17 14:34:23 - [TEST_STEP][PASSED] - setEncryptedText(findTestObject(orPath_TaxInfo + "/input_FederalEIN_ReEnter-2"), ""): Text ****** has been set on object 'Object Repository/RAD_Pages/TaxInfo_Page/input_FederalEIN_ReEnter-2'

2024-10-17 14:34:23 - [MESSAGE][PASSED] - Text ****** has been set on object 'Object Repository/RAD_Pages/TaxInfo_Page/input_FederalEIN_ReEnter-2'

2024-10-17 14:34:23 - [TEST_STEP][PASSED] - break: null

2024-10-17 14:34:23 - [TEST_STEP][PASSED] - if (feinSsn.equalsIgnoreCase("Y")): null

2024-10-17 14:34:23 - [TEST_STEP][PASSED] - else: null

2024-10-17 14:34:23 - [TEST_STEP][PASSED] - if (verifyTextPresent("Please enter a valid FEIN with 9 digits.", true)): null

2024-10-17 14:34:24 - [MESSAGE][PASSED] - Text 'Please enter a valid FEIN with 9 digits.' is present on page  using regular expression

2024-10-17 14:34:24 - [TEST_STEP][PASSED] - println("Error Message is present on the page"): null

2024-10-17 14:34:24 - [TEST_STEP][PASSED] - out.println("Pass Record Number: " + row): null

2024-10-17 14:34:24 - [TEST_STEP][PASSED] - resText = "Pass": null

2024-10-17 14:34:24 - [TEST_STEP][PASSED] - pages.WriteExcel.demoKey(resText, datText, resColumn, datCloumn, fileLoc, nameSheet, row): pages.WriteExcel.demoKey is PASSED

2024-10-17 14:34:24 - [MESSAGE][PASSED] - pages.WriteExcel.demoKey is PASSED

2024-10-17 14:34:24 - [TEST_STEP][PASSED] - ExecuteTC = findTestData(dataFile).getValue("Execute", row): null

2024-10-17 14:34:24 - [TEST_STEP][PASSED] - Taxtype = findTestData(dataFile).getValue("TaxType", row): null

2024-10-17 14:34:24 - [TEST_STEP][PASSED] - Paymenttype = findTestData(dataFile).getValue("PaymentType", row): null

2024-10-17 14:34:24 - [TEST_STEP][PASSED] - feinSsn = findTestData(dataFile).getValue("FEINSSN", row): null

2024-10-17 14:34:24 - [TEST_STEP][PASSED] - out.println("Value of Execute is : " + ExecuteTC): null

2024-10-17 14:34:24 - [TEST_STEP][PASSED] - if (ExecuteTC.equalsIgnoreCase("Y")): null

2024-10-17 14:34:24 - [TEST_STEP][PASSED] - out.println("Begin Record Number: " + row): null

2024-10-17 14:34:24 - [TEST_STEP][PASSED] - today = new java.util.Date(): null

2024-10-17 14:34:24 - [TEST_STEP][PASSED] - println(today): null

2024-10-17 14:34:24 - [TEST_STEP][PASSED] - datText = today: null

2024-10-17 14:34:24 - [TEST_STEP][PASSED] - Taxtype = findTestData(dataFile).getValue("TaxType", row): null

2024-10-17 14:34:24 - [TEST_STEP][PASSED] - out.println("Taxtype value is : " + Taxtype): null

2024-10-17 14:34:24 - [TEST_STEP][PASSED] - openBrowser(""): Browser is opened with url: ''

2024-10-17 14:34:24 - [MESSAGE][WARNING] - A browser is already opened. Closing browser and opening a new one

2024-10-17 14:34:25 - [MESSAGE][INFO] - Starting 'Chrome' driver

2024-10-17 14:34:25 - [MESSAGE][INFO] - User set preference: ['acceptInsecureCerts', 'true']

2024-10-17 14:34:25 - [MESSAGE][INFO] - Action delay is set to 0 milliseconds

2024-10-17 14:34:27 - [MESSAGE][PASSED] - Browser is opened with url: ''

2024-10-17 14:34:27 - [TEST_STEP][PASSED] - maximizeWindow(): Current window maximized

2024-10-17 14:34:27 - [MESSAGE][PASSED] - Current window maximized

2024-10-17 14:34:27 - [TEST_STEP][PASSED] - navigateToUrl(RADurl): Navigate to 'https://demo.velocitypayment.com/client/rad/index.html' successfully

2024-10-17 14:34:28 - [MESSAGE][PASSED] - Navigate to 'https://demo.velocitypayment.com/client/rad/index.html' successfully

2024-10-17 14:34:28 - [TEST_STEP][PASSED] - orPath_Landing = "Object Repository/RAD_Pages/Landing_Page": null

2024-10-17 14:34:28 - [TEST_STEP][PASSED] - orPath_TaxTypeFilingYear = "Object Repository/RAD_Pages/TaxTypeFilingYear_Page": null

2024-10-17 14:34:28 - [TEST_STEP][PASSED] - orPath_TaxPayer = "Object Repository/RAD_Pages/Taxpayer_Page": null

2024-10-17 14:34:28 - [TEST_STEP][PASSED] - orPath_AddressContact = "Object Repository/RAD_Pages/AddressAndContactInfo_Page": null

2024-10-17 14:34:28 - [TEST_STEP][PASSED] - orPath_FilingStatus = "Object Repository/RAD_Pages/FilingStatus_Page": null

2024-10-17 14:34:28 - [TEST_STEP][PASSED] - orPath_Amount = "Object Repository/RAD_Pages/PaymentAmount_Page": null

2024-10-17 14:34:28 - [TEST_STEP][PASSED] - orPath_TaxInfo = "Object Repository/RAD_Pages/TaxInfo_Page": null

2024-10-17 14:34:28 - [TEST_STEP][PASSED] - orPath_Withholding = "Object Repository/RAD_Pages/Withholding_Page": null

2024-10-17 14:34:28 - [TEST_STEP][PASSED] - orPath_Summary = "Object Repository/RAD_Pages/Summary_Page": null

2024-10-17 14:34:28 - [TEST_STEP][PASSED] - orPath_PaymentReady = "Object Repository/RAD_Pages/PaymentReady_Page": null

2024-10-17 14:34:28 - [TEST_STEP][PASSED] - orPath_PaymentEntry = "Object Repository/RAD_Pages/PaymentEntry_Page": null

2024-10-17 14:34:28 - [TEST_STEP][PASSED] - orPath_PaymentConfirmation = "Object Repository/RAD_Pages/PaymentConfirmation_Page": null

2024-10-17 14:34:28 - [TEST_STEP][PASSED] - orPath_ServiceFeesAccept = "Object Repository/RAD_Pages/ServiceFeeAccept_Page": null

2024-10-17 14:34:28 - [TEST_STEP][PASSED] - selectOptionByLabel(findTestObject(orPath_Landing + "/dd_TaxType"), Paymenttype, false): All options with label 'New Tax Return Amount Due' are selected in object 'Object Repository/RAD_Pages/Landing_Page/dd_TaxType' 

2024-10-17 14:34:30 - [MESSAGE][PASSED] - All options with label 'New Tax Return Amount Due' are selected in object 'Object Repository/RAD_Pages/Landing_Page/dd_TaxType' 

2024-10-17 14:34:30 - [TEST_STEP][PASSED] - delay(1): Delayed 1 second(s)

2024-10-17 14:34:31 - [MESSAGE][PASSED] - Delayed 1 second(s)

2024-10-17 14:34:31 - [TEST_STEP][PASSED] - switch (Paymenttype): null

2024-10-17 14:34:31 - [TEST_STEP][PASSED] - case "New Tax Return Amount Due":: null

2024-10-17 14:34:31 - [TEST_STEP][PASSED] - selectOptionByLabel(findTestObject("Object Repository/RAD_Pages/Landing_Page/select_NewTaxReturnAmountDue_TaxType"), Taxtype, false): All options with label 'Unclaimed Property' are selected in object 'Object Repository/RAD_Pages/Landing_Page/select_NewTaxReturnAmountDue_TaxType' 

2024-10-17 14:34:32 - [MESSAGE][PASSED] - All options with label 'Unclaimed Property' are selected in object 'Object Repository/RAD_Pages/Landing_Page/select_NewTaxReturnAmountDue_TaxType' 

2024-10-17 14:34:32 - [TEST_STEP][PASSED] - break: null

2024-10-17 14:34:32 - [TEST_STEP][PASSED] - delay(1): Delayed 1 second(s)

2024-10-17 14:34:33 - [MESSAGE][PASSED] - Delayed 1 second(s)

2024-10-17 14:34:33 - [TEST_STEP][PASSED] - switch (Paymenttype): null

2024-10-17 14:34:33 - [TEST_STEP][PASSED] - case "New Tax Return Amount Due":: null

2024-10-17 14:34:33 - [TEST_STEP][PASSED] - if (feinSsn.equalsIgnoreCase("Y")): null

2024-10-17 14:34:33 - [TEST_STEP][PASSED] - else: Text ****** has been set on object 'Object Repository/RAD_Pages/TaxInfo_Page/input_FederalEIN_ReEnter-2'

2024-10-17 14:34:33 - [TEST_STEP][PASSED] - setEncryptedText(findTestObject(orPath_TaxInfo + "/input_FederalEIN-2"), "iGDxf8hSRT4="): Text ****** has been set on object 'Object Repository/RAD_Pages/TaxInfo_Page/input_FederalEIN-2'

2024-10-17 14:34:33 - [MESSAGE][PASSED] - Text ****** has been set on object 'Object Repository/RAD_Pages/TaxInfo_Page/input_FederalEIN-2'

2024-10-17 14:34:33 - [TEST_STEP][PASSED] - setEncryptedText(findTestObject(orPath_TaxInfo + "/input_FederalEIN_ReEnter-2"), ""): Text ****** has been set on object 'Object Repository/RAD_Pages/TaxInfo_Page/input_FederalEIN_ReEnter-2'

2024-10-17 14:34:34 - [MESSAGE][PASSED] - Text ****** has been set on object 'Object Repository/RAD_Pages/TaxInfo_Page/input_FederalEIN_ReEnter-2'

2024-10-17 14:34:34 - [TEST_STEP][PASSED] - break: null

2024-10-17 14:34:34 - [TEST_STEP][PASSED] - if (feinSsn.equalsIgnoreCase("Y")): null

2024-10-17 14:34:34 - [TEST_STEP][PASSED] - else: null

2024-10-17 14:34:34 - [TEST_STEP][PASSED] - if (verifyTextPresent("Please enter a valid FEIN with 9 digits.", true)): null

2024-10-17 14:34:34 - [MESSAGE][PASSED] - Text 'Please enter a valid FEIN with 9 digits.' is present on page  using regular expression

2024-10-17 14:34:34 - [TEST_STEP][PASSED] - println("Error Message is present on the page"): null

2024-10-17 14:34:34 - [TEST_STEP][PASSED] - out.println("Pass Record Number: " + row): null

2024-10-17 14:34:34 - [TEST_STEP][PASSED] - resText = "Pass": null

2024-10-17 14:34:34 - [TEST_STEP][PASSED] - pages.WriteExcel.demoKey(resText, datText, resColumn, datCloumn, fileLoc, nameSheet, row): pages.WriteExcel.demoKey is PASSED

2024-10-17 14:34:34 - [MESSAGE][PASSED] - pages.WriteExcel.demoKey is PASSED

2024-10-17 14:34:34 - [TEST_STEP][PASSED] - ExecuteTC = findTestData(dataFile).getValue("Execute", row): null

2024-10-17 14:34:35 - [TEST_STEP][PASSED] - Taxtype = findTestData(dataFile).getValue("TaxType", row): null

2024-10-17 14:34:35 - [TEST_STEP][PASSED] - Paymenttype = findTestData(dataFile).getValue("PaymentType", row): null

2024-10-17 14:34:35 - [TEST_STEP][PASSED] - feinSsn = findTestData(dataFile).getValue("FEINSSN", row): null

2024-10-17 14:34:35 - [TEST_STEP][PASSED] - out.println("Value of Execute is : " + ExecuteTC): null

2024-10-17 14:34:35 - [TEST_STEP][PASSED] - if (ExecuteTC.equalsIgnoreCase("Y")): null

2024-10-17 14:34:35 - [TEST_STEP][PASSED] - out.println("Begin Record Number: " + row): null

2024-10-17 14:34:35 - [TEST_STEP][PASSED] - today = new java.util.Date(): null

2024-10-17 14:34:35 - [TEST_STEP][PASSED] - println(today): null

2024-10-17 14:34:35 - [TEST_STEP][PASSED] - datText = today: null

2024-10-17 14:34:35 - [TEST_STEP][PASSED] - Taxtype = findTestData(dataFile).getValue("TaxType", row): null

2024-10-17 14:34:35 - [TEST_STEP][PASSED] - out.println("Taxtype value is : " + Taxtype): null

2024-10-17 14:34:35 - [TEST_STEP][PASSED] - openBrowser(""): Browser is opened with url: ''

2024-10-17 14:34:35 - [MESSAGE][WARNING] - A browser is already opened. Closing browser and opening a new one

2024-10-17 14:34:36 - [MESSAGE][INFO] - Starting 'Chrome' driver

2024-10-17 14:34:36 - [MESSAGE][INFO] - User set preference: ['acceptInsecureCerts', 'true']

2024-10-17 14:34:36 - [MESSAGE][INFO] - Action delay is set to 0 milliseconds

2024-10-17 14:34:38 - [MESSAGE][PASSED] - Browser is opened with url: ''

2024-10-17 14:34:38 - [TEST_STEP][PASSED] - maximizeWindow(): Current window maximized

2024-10-17 14:34:38 - [MESSAGE][PASSED] - Current window maximized

2024-10-17 14:34:38 - [TEST_STEP][PASSED] - navigateToUrl(RADurl): Navigate to 'https://demo.velocitypayment.com/client/rad/index.html' successfully

2024-10-17 14:34:38 - [MESSAGE][PASSED] - Navigate to 'https://demo.velocitypayment.com/client/rad/index.html' successfully

2024-10-17 14:34:38 - [TEST_STEP][PASSED] - orPath_Landing = "Object Repository/RAD_Pages/Landing_Page": null

2024-10-17 14:34:38 - [TEST_STEP][PASSED] - orPath_TaxTypeFilingYear = "Object Repository/RAD_Pages/TaxTypeFilingYear_Page": null

2024-10-17 14:34:38 - [TEST_STEP][PASSED] - orPath_TaxPayer = "Object Repository/RAD_Pages/Taxpayer_Page": null

2024-10-17 14:34:38 - [TEST_STEP][PASSED] - orPath_AddressContact = "Object Repository/RAD_Pages/AddressAndContactInfo_Page": null

2024-10-17 14:34:38 - [TEST_STEP][PASSED] - orPath_FilingStatus = "Object Repository/RAD_Pages/FilingStatus_Page": null

2024-10-17 14:34:38 - [TEST_STEP][PASSED] - orPath_Amount = "Object Repository/RAD_Pages/PaymentAmount_Page": null

2024-10-17 14:34:38 - [TEST_STEP][PASSED] - orPath_TaxInfo = "Object Repository/RAD_Pages/TaxInfo_Page": null

2024-10-17 14:34:38 - [TEST_STEP][PASSED] - orPath_Withholding = "Object Repository/RAD_Pages/Withholding_Page": null

2024-10-17 14:34:38 - [TEST_STEP][PASSED] - orPath_Summary = "Object Repository/RAD_Pages/Summary_Page": null

2024-10-17 14:34:38 - [TEST_STEP][PASSED] - orPath_PaymentReady = "Object Repository/RAD_Pages/PaymentReady_Page": null

2024-10-17 14:34:38 - [TEST_STEP][PASSED] - orPath_PaymentEntry = "Object Repository/RAD_Pages/PaymentEntry_Page": null

2024-10-17 14:34:38 - [TEST_STEP][PASSED] - orPath_PaymentConfirmation = "Object Repository/RAD_Pages/PaymentConfirmation_Page": null

2024-10-17 14:34:38 - [TEST_STEP][PASSED] - orPath_ServiceFeesAccept = "Object Repository/RAD_Pages/ServiceFeeAccept_Page": null

2024-10-17 14:34:38 - [TEST_STEP][PASSED] - selectOptionByLabel(findTestObject(orPath_Landing + "/dd_TaxType"), Paymenttype, false): All options with label 'New Tax Return Amount Due' are selected in object 'Object Repository/RAD_Pages/Landing_Page/dd_TaxType' 

2024-10-17 14:34:40 - [MESSAGE][PASSED] - All options with label 'New Tax Return Amount Due' are selected in object 'Object Repository/RAD_Pages/Landing_Page/dd_TaxType' 

2024-10-17 14:34:40 - [TEST_STEP][PASSED] - delay(1): Delayed 1 second(s)

2024-10-17 14:34:41 - [MESSAGE][PASSED] - Delayed 1 second(s)

2024-10-17 14:34:41 - [TEST_STEP][PASSED] - switch (Paymenttype): null

2024-10-17 14:34:41 - [TEST_STEP][PASSED] - case "New Tax Return Amount Due":: null

2024-10-17 14:34:41 - [TEST_STEP][PASSED] - selectOptionByLabel(findTestObject("Object Repository/RAD_Pages/Landing_Page/select_NewTaxReturnAmountDue_TaxType"), Taxtype, false): All options with label 'Withholding Tax' are selected in object 'Object Repository/RAD_Pages/Landing_Page/select_NewTaxReturnAmountDue_TaxType' 

2024-10-17 14:34:42 - [MESSAGE][PASSED] - All options with label 'Withholding Tax' are selected in object 'Object Repository/RAD_Pages/Landing_Page/select_NewTaxReturnAmountDue_TaxType' 

2024-10-17 14:34:42 - [TEST_STEP][PASSED] - break: null

2024-10-17 14:34:42 - [TEST_STEP][PASSED] - delay(1): Delayed 1 second(s)

2024-10-17 14:34:43 - [MESSAGE][PASSED] - Delayed 1 second(s)

2024-10-17 14:34:43 - [TEST_STEP][PASSED] - switch (Paymenttype): null

2024-10-17 14:34:43 - [TEST_STEP][PASSED] - case "New Tax Return Amount Due":: null

2024-10-17 14:34:43 - [TEST_STEP][PASSED] - if (feinSsn.equalsIgnoreCase("Y")): null

2024-10-17 14:34:43 - [TEST_STEP][PASSED] - else: Text ****** has been set on object 'Object Repository/RAD_Pages/TaxInfo_Page/input_FederalEIN_ReEnter-2'

2024-10-17 14:34:43 - [TEST_STEP][PASSED] - setEncryptedText(findTestObject(orPath_TaxInfo + "/input_FederalEIN-2"), "iGDxf8hSRT4="): Text ****** has been set on object 'Object Repository/RAD_Pages/TaxInfo_Page/input_FederalEIN-2'

2024-10-17 14:34:43 - [MESSAGE][PASSED] - Text ****** has been set on object 'Object Repository/RAD_Pages/TaxInfo_Page/input_FederalEIN-2'

2024-10-17 14:34:43 - [TEST_STEP][PASSED] - setEncryptedText(findTestObject(orPath_TaxInfo + "/input_FederalEIN_ReEnter-2"), ""): Text ****** has been set on object 'Object Repository/RAD_Pages/TaxInfo_Page/input_FederalEIN_ReEnter-2'

2024-10-17 14:34:44 - [MESSAGE][PASSED] - Text ****** has been set on object 'Object Repository/RAD_Pages/TaxInfo_Page/input_FederalEIN_ReEnter-2'

2024-10-17 14:34:44 - [TEST_STEP][PASSED] - break: null

2024-10-17 14:34:44 - [TEST_STEP][PASSED] - if (feinSsn.equalsIgnoreCase("Y")): null

2024-10-17 14:34:44 - [TEST_STEP][PASSED] - else: null

2024-10-17 14:34:44 - [TEST_STEP][PASSED] - if (verifyTextPresent("Please enter a valid FEIN with 9 digits.", true)): null

2024-10-17 14:34:44 - [MESSAGE][PASSED] - Text 'Please enter a valid FEIN with 9 digits.' is present on page  using regular expression

2024-10-17 14:34:44 - [TEST_STEP][PASSED] - println("Error Message is present on the page"): null

2024-10-17 14:34:44 - [TEST_STEP][PASSED] - out.println("Pass Record Number: " + row): null

2024-10-17 14:34:44 - [TEST_STEP][PASSED] - resText = "Pass": null

2024-10-17 14:34:44 - [TEST_STEP][PASSED] - pages.WriteExcel.demoKey(resText, datText, resColumn, datCloumn, fileLoc, nameSheet, row): pages.WriteExcel.demoKey is PASSED

2024-10-17 14:34:45 - [MESSAGE][PASSED] - pages.WriteExcel.demoKey is PASSED]]></system-out>
         <system-err><![CDATA[]]></system-err>
      </testcase>
      <testcase name="Test Cases/RAD_TestCases/Negative_TestCases/EL-NumberValidation" time="640.156" classname="Test Cases/RAD_TestCases/Negative_TestCases/EL-NumberValidation" status="PASSED">
         <system-out><![CDATA[2024-10-17 14:34:45 - [TEST_CASE][PASSED] - Test Cases/RAD_TestCases/Negative_TestCases/EL-NumberValidation: Test Cases/RAD_TestCases/Negative_TestCases/EL-NumberValidation

2024-10-17 14:34:45 - [TEST_STEP][PASSED] - resText = "Fail": null

2024-10-17 14:34:45 - [TEST_STEP][PASSED] - resColumn = "Result": null

2024-10-17 14:34:45 - [TEST_STEP][PASSED] - datCloumn = "Date": null

2024-10-17 14:34:45 - [TEST_STEP][PASSED] - fileLoc = "KatalonData/RADTestData/EL-NumberValidation.xlsx": null

2024-10-17 14:34:45 - [TEST_STEP][PASSED] - nameSheet = "NumberError": null

2024-10-17 14:34:45 - [TEST_STEP][PASSED] - dataFile = "RADTestData/EL-NumberValidation": null

2024-10-17 14:34:45 - [TEST_STEP][PASSED] - ExecuteTC = <not implemented yet for class: org.codehaus.groovy.ast.expr.EmptyExpression>: null

2024-10-17 14:34:45 - [TEST_STEP][PASSED] - Taxtype = <not implemented yet for class: org.codehaus.groovy.ast.expr.EmptyExpression>: null

2024-10-17 14:34:45 - [TEST_STEP][PASSED] - TaxTypeEL = <not implemented yet for class: org.codehaus.groovy.ast.expr.EmptyExpression>: null

2024-10-17 14:34:45 - [TEST_STEP][PASSED] - notInvNumber = <not implemented yet for class: org.codehaus.groovy.ast.expr.EmptyExpression>: null

2024-10-17 14:34:45 - [TEST_STEP][PASSED] - errorMsg = <not implemented yet for class: org.codehaus.groovy.ast.expr.EmptyExpression>: null

2024-10-17 14:34:45 - [TEST_STEP][PASSED] - numOfRows = findTestData(dataFile).getRowNumbers(): null

2024-10-17 14:34:45 - [TEST_STEP][PASSED] - println("Number of Records: " + numOfRows): null

2024-10-17 14:34:45 - [TEST_STEP][PASSED] - for ([row = 1, row <= numOfRows, (row++)]): null

2024-10-17 14:34:45 - [TEST_STEP][PASSED] - ExecuteTC = findTestData(dataFile).getValue("Execute", row): null

2024-10-17 14:34:45 - [TEST_STEP][PASSED] - Taxtype = findTestData(dataFile).getValue("TaxType", row): null

2024-10-17 14:34:45 - [TEST_STEP][PASSED] - TaxTypeEL = findTestData(dataFile).getValue("TaxTypeEL", row): null

2024-10-17 14:34:45 - [TEST_STEP][PASSED] - notInvNumber = findTestData(dataFile).getValue("NotiInvoNumber", row): null

2024-10-17 14:34:45 - [TEST_STEP][PASSED] - errorMsg = findTestData(dataFile).getValue("ErrorMessage", row): null

2024-10-17 14:34:45 - [TEST_STEP][PASSED] - out.println("Value of Execute is : " + ExecuteTC): null

2024-10-17 14:34:45 - [TEST_STEP][PASSED] - if (ExecuteTC.equalsIgnoreCase("Y")): null

2024-10-17 14:34:45 - [TEST_STEP][PASSED] - out.println("Begin Record Number: " + row): null

2024-10-17 14:34:45 - [TEST_STEP][PASSED] - today = new java.util.Date(): null

2024-10-17 14:34:45 - [TEST_STEP][PASSED] - println(today): null

2024-10-17 14:34:45 - [TEST_STEP][PASSED] - datText = today: null

2024-10-17 14:34:45 - [TEST_STEP][PASSED] - Taxtype = findTestData(dataFile).getValue("TaxType", row): null

2024-10-17 14:34:45 - [TEST_STEP][PASSED] - out.println("Taxtype value is : " + Taxtype): null

2024-10-17 14:34:45 - [TEST_STEP][PASSED] - openBrowser(""): Browser is opened with url: ''

2024-10-17 14:34:45 - [MESSAGE][WARNING] - A browser is already opened. Closing browser and opening a new one

2024-10-17 14:34:47 - [MESSAGE][INFO] - Starting 'Chrome' driver

2024-10-17 14:34:47 - [MESSAGE][INFO] - User set preference: ['acceptInsecureCerts', 'true']

2024-10-17 14:34:47 - [MESSAGE][INFO] - Action delay is set to 0 milliseconds

2024-10-17 14:34:48 - [MESSAGE][PASSED] - Browser is opened with url: ''

2024-10-17 14:34:48 - [TEST_STEP][PASSED] - maximizeWindow(): Current window maximized

2024-10-17 14:34:49 - [MESSAGE][PASSED] - Current window maximized

2024-10-17 14:34:49 - [TEST_STEP][PASSED] - navigateToUrl(RADurl): Navigate to 'https://demo.velocitypayment.com/client/rad/index.html' successfully

2024-10-17 14:34:49 - [MESSAGE][PASSED] - Navigate to 'https://demo.velocitypayment.com/client/rad/index.html' successfully

2024-10-17 14:34:49 - [TEST_STEP][PASSED] - orPath_Landing = "Object Repository/RAD_Pages/Landing_Page": null

2024-10-17 14:34:49 - [TEST_STEP][PASSED] - orPath_TaxTypeFilingYear = "Object Repository/RAD_Pages/TaxTypeFilingYear_Page": null

2024-10-17 14:34:49 - [TEST_STEP][PASSED] - orPath_TaxPayer = "Object Repository/RAD_Pages/Taxpayer_Page": null

2024-10-17 14:34:49 - [TEST_STEP][PASSED] - orPath_AddressContact = "Object Repository/RAD_Pages/AddressAndContactInfo_Page": null

2024-10-17 14:34:49 - [TEST_STEP][PASSED] - orPath_FilingStatus = "Object Repository/RAD_Pages/FilingStatus_Page": null

2024-10-17 14:34:49 - [TEST_STEP][PASSED] - orPath_Amount = "Object Repository/RAD_Pages/PaymentAmount_Page": null

2024-10-17 14:34:49 - [TEST_STEP][PASSED] - orPath_TaxInfo = "Object Repository/RAD_Pages/TaxInfo_Page": null

2024-10-17 14:34:49 - [TEST_STEP][PASSED] - orPath_Withholding = "Object Repository/RAD_Pages/Withholding_Page": null

2024-10-17 14:34:49 - [TEST_STEP][PASSED] - orPath_Summary = "Object Repository/RAD_Pages/Summary_Page": null

2024-10-17 14:34:49 - [TEST_STEP][PASSED] - orPath_PaymentReady = "Object Repository/RAD_Pages/PaymentReady_Page": null

2024-10-17 14:34:49 - [TEST_STEP][PASSED] - orPath_PaymentEntry = "Object Repository/RAD_Pages/PaymentEntry_Page": null

2024-10-17 14:34:49 - [TEST_STEP][PASSED] - orPath_PaymentConfirmation = "Object Repository/RAD_Pages/PaymentConfirmation_Page": null

2024-10-17 14:34:49 - [TEST_STEP][PASSED] - orPath_ServiceFeesAccept = "Object Repository/RAD_Pages/ServiceFeeAccept_Page": null

2024-10-17 14:34:49 - [TEST_STEP][PASSED] - selectOptionByLabel(findTestObject(orPath_Landing + "/dd_TaxType"), Taxtype, false): All options with label 'Existing Liability with Notice/Invoice Number' are selected in object 'Object Repository/RAD_Pages/Landing_Page/dd_TaxType' 

2024-10-17 14:34:51 - [MESSAGE][PASSED] - All options with label 'Existing Liability with Notice/Invoice Number' are selected in object 'Object Repository/RAD_Pages/Landing_Page/dd_TaxType' 

2024-10-17 14:34:51 - [TEST_STEP][PASSED] - delay(1): Delayed 1 second(s)

2024-10-17 14:34:52 - [MESSAGE][PASSED] - Delayed 1 second(s)

2024-10-17 14:34:52 - [TEST_STEP][PASSED] - selectOptionByLabel(findTestObject(orPath_TaxTypeFilingYear + "/select_TaxType_ExistingLiability"), TaxTypeEL, false): All options with label 'Bay Restoration Fee' are selected in object 'Object Repository/RAD_Pages/TaxTypeFilingYear_Page/select_TaxType_ExistingLiability' 

2024-10-17 14:34:53 - [MESSAGE][PASSED] - All options with label 'Bay Restoration Fee' are selected in object 'Object Repository/RAD_Pages/TaxTypeFilingYear_Page/select_TaxType_ExistingLiability' 

2024-10-17 14:34:53 - [TEST_STEP][PASSED] - setText(findTestObject(orPath_TaxInfo + "/input_NoticeInvoiceNumber"), notInvNumber): Text '123456789' is set on object 'Object Repository/RAD_Pages/TaxInfo_Page/input_NoticeInvoiceNumber'

2024-10-17 14:34:54 - [MESSAGE][PASSED] - Text '123456789' is set on object 'Object Repository/RAD_Pages/TaxInfo_Page/input_NoticeInvoiceNumber'

2024-10-17 14:34:54 - [TEST_STEP][PASSED] - setText(findTestObject(orPath_TaxInfo + "/input_reTypeNoticeInvoiceNumber"), notInvNumber): Text '123456789' is set on object 'Object Repository/RAD_Pages/TaxInfo_Page/input_reTypeNoticeInvoiceNumber'

2024-10-17 14:34:55 - [MESSAGE][PASSED] - Text '123456789' is set on object 'Object Repository/RAD_Pages/TaxInfo_Page/input_reTypeNoticeInvoiceNumber'

2024-10-17 14:34:55 - [TEST_STEP][PASSED] - println(notInvNumber): null

2024-10-17 14:34:55 - [TEST_STEP][PASSED] - if (verifyTextPresent(errorMsg, true)): null

2024-10-17 14:34:55 - [MESSAGE][PASSED] - Text 'Notice Number or Invoice Number must be 10, 11, or 13 digits in length, with a value greater than zero' is present on page  using regular expression

2024-10-17 14:34:55 - [TEST_STEP][PASSED] - println("Error Message is present on the page"): null

2024-10-17 14:34:55 - [TEST_STEP][PASSED] - out.println("Pass Record Number: " + row): null

2024-10-17 14:34:55 - [TEST_STEP][PASSED] - resText = "Pass": null

2024-10-17 14:34:55 - [TEST_STEP][PASSED] - pages.WriteExcel.demoKey(resText, datText, resColumn, datCloumn, fileLoc, nameSheet, row): pages.WriteExcel.demoKey is PASSED

2024-10-17 14:34:55 - [MESSAGE][PASSED] - pages.WriteExcel.demoKey is PASSED

2024-10-17 14:34:55 - [TEST_STEP][PASSED] - ExecuteTC = findTestData(dataFile).getValue("Execute", row): null

2024-10-17 14:34:55 - [TEST_STEP][PASSED] - Taxtype = findTestData(dataFile).getValue("TaxType", row): null

2024-10-17 14:34:55 - [TEST_STEP][PASSED] - TaxTypeEL = findTestData(dataFile).getValue("TaxTypeEL", row): null

2024-10-17 14:34:56 - [TEST_STEP][PASSED] - notInvNumber = findTestData(dataFile).getValue("NotiInvoNumber", row): null

2024-10-17 14:34:56 - [TEST_STEP][PASSED] - errorMsg = findTestData(dataFile).getValue("ErrorMessage", row): null

2024-10-17 14:34:56 - [TEST_STEP][PASSED] - out.println("Value of Execute is : " + ExecuteTC): null

2024-10-17 14:34:56 - [TEST_STEP][PASSED] - if (ExecuteTC.equalsIgnoreCase("Y")): null

2024-10-17 14:34:56 - [TEST_STEP][PASSED] - out.println("Begin Record Number: " + row): null

2024-10-17 14:34:56 - [TEST_STEP][PASSED] - today = new java.util.Date(): null

2024-10-17 14:34:56 - [TEST_STEP][PASSED] - println(today): null

2024-10-17 14:34:56 - [TEST_STEP][PASSED] - datText = today: null

2024-10-17 14:34:56 - [TEST_STEP][PASSED] - Taxtype = findTestData(dataFile).getValue("TaxType", row): null

2024-10-17 14:34:56 - [TEST_STEP][PASSED] - out.println("Taxtype value is : " + Taxtype): null

2024-10-17 14:34:56 - [TEST_STEP][PASSED] - openBrowser(""): Browser is opened with url: ''

2024-10-17 14:34:56 - [MESSAGE][WARNING] - A browser is already opened. Closing browser and opening a new one

2024-10-17 14:34:57 - [MESSAGE][INFO] - Starting 'Chrome' driver

2024-10-17 14:34:57 - [MESSAGE][INFO] - User set preference: ['acceptInsecureCerts', 'true']

2024-10-17 14:34:57 - [MESSAGE][INFO] - Action delay is set to 0 milliseconds

2024-10-17 14:34:59 - [MESSAGE][PASSED] - Browser is opened with url: ''

2024-10-17 14:34:59 - [TEST_STEP][PASSED] - maximizeWindow(): Current window maximized

2024-10-17 14:34:59 - [MESSAGE][PASSED] - Current window maximized

2024-10-17 14:34:59 - [TEST_STEP][PASSED] - navigateToUrl(RADurl): Navigate to 'https://demo.velocitypayment.com/client/rad/index.html' successfully

2024-10-17 14:35:01 - [MESSAGE][PASSED] - Navigate to 'https://demo.velocitypayment.com/client/rad/index.html' successfully

2024-10-17 14:35:01 - [TEST_STEP][PASSED] - orPath_Landing = "Object Repository/RAD_Pages/Landing_Page": null

2024-10-17 14:35:01 - [TEST_STEP][PASSED] - orPath_TaxTypeFilingYear = "Object Repository/RAD_Pages/TaxTypeFilingYear_Page": null

2024-10-17 14:35:01 - [TEST_STEP][PASSED] - orPath_TaxPayer = "Object Repository/RAD_Pages/Taxpayer_Page": null

2024-10-17 14:35:01 - [TEST_STEP][PASSED] - orPath_AddressContact = "Object Repository/RAD_Pages/AddressAndContactInfo_Page": null

2024-10-17 14:35:01 - [TEST_STEP][PASSED] - orPath_FilingStatus = "Object Repository/RAD_Pages/FilingStatus_Page": null

2024-10-17 14:35:01 - [TEST_STEP][PASSED] - orPath_Amount = "Object Repository/RAD_Pages/PaymentAmount_Page": null

2024-10-17 14:35:01 - [TEST_STEP][PASSED] - orPath_TaxInfo = "Object Repository/RAD_Pages/TaxInfo_Page": null

2024-10-17 14:35:01 - [TEST_STEP][PASSED] - orPath_Withholding = "Object Repository/RAD_Pages/Withholding_Page": null

2024-10-17 14:35:01 - [TEST_STEP][PASSED] - orPath_Summary = "Object Repository/RAD_Pages/Summary_Page": null

2024-10-17 14:35:01 - [TEST_STEP][PASSED] - orPath_PaymentReady = "Object Repository/RAD_Pages/PaymentReady_Page": null

2024-10-17 14:35:01 - [TEST_STEP][PASSED] - orPath_PaymentEntry = "Object Repository/RAD_Pages/PaymentEntry_Page": null

2024-10-17 14:35:01 - [TEST_STEP][PASSED] - orPath_PaymentConfirmation = "Object Repository/RAD_Pages/PaymentConfirmation_Page": null

2024-10-17 14:35:01 - [TEST_STEP][PASSED] - orPath_ServiceFeesAccept = "Object Repository/RAD_Pages/ServiceFeeAccept_Page": null

2024-10-17 14:35:01 - [TEST_STEP][PASSED] - selectOptionByLabel(findTestObject(orPath_Landing + "/dd_TaxType"), Taxtype, false): All options with label 'Existing Liability with Notice/Invoice Number' are selected in object 'Object Repository/RAD_Pages/Landing_Page/dd_TaxType' 

2024-10-17 14:35:02 - [MESSAGE][PASSED] - All options with label 'Existing Liability with Notice/Invoice Number' are selected in object 'Object Repository/RAD_Pages/Landing_Page/dd_TaxType' 

2024-10-17 14:35:02 - [TEST_STEP][PASSED] - delay(1): Delayed 1 second(s)

2024-10-17 14:35:03 - [MESSAGE][PASSED] - Delayed 1 second(s)

2024-10-17 14:35:03 - [TEST_STEP][PASSED] - selectOptionByLabel(findTestObject(orPath_TaxTypeFilingYear + "/select_TaxType_ExistingLiability"), TaxTypeEL, false): All options with label 'Bay Restoration Fee' are selected in object 'Object Repository/RAD_Pages/TaxTypeFilingYear_Page/select_TaxType_ExistingLiability' 

2024-10-17 14:35:04 - [MESSAGE][PASSED] - All options with label 'Bay Restoration Fee' are selected in object 'Object Repository/RAD_Pages/TaxTypeFilingYear_Page/select_TaxType_ExistingLiability' 

2024-10-17 14:35:04 - [TEST_STEP][PASSED] - setText(findTestObject(orPath_TaxInfo + "/input_NoticeInvoiceNumber"), notInvNumber): Text '123456789012' is set on object 'Object Repository/RAD_Pages/TaxInfo_Page/input_NoticeInvoiceNumber'

2024-10-17 14:35:05 - [MESSAGE][PASSED] - Text '123456789012' is set on object 'Object Repository/RAD_Pages/TaxInfo_Page/input_NoticeInvoiceNumber'

2024-10-17 14:35:05 - [TEST_STEP][PASSED] - setText(findTestObject(orPath_TaxInfo + "/input_reTypeNoticeInvoiceNumber"), notInvNumber): Text '123456789012' is set on object 'Object Repository/RAD_Pages/TaxInfo_Page/input_reTypeNoticeInvoiceNumber'

2024-10-17 14:35:06 - [MESSAGE][PASSED] - Text '123456789012' is set on object 'Object Repository/RAD_Pages/TaxInfo_Page/input_reTypeNoticeInvoiceNumber'

2024-10-17 14:35:06 - [TEST_STEP][PASSED] - println(notInvNumber): null

2024-10-17 14:35:06 - [TEST_STEP][PASSED] - if (verifyTextPresent(errorMsg, true)): null

2024-10-17 14:35:06 - [MESSAGE][PASSED] - Text 'Notice Number or Invoice Number must be 10, 11, or 13 digits in length, with a value greater than zero' is present on page  using regular expression

2024-10-17 14:35:06 - [TEST_STEP][PASSED] - println("Error Message is present on the page"): null

2024-10-17 14:35:06 - [TEST_STEP][PASSED] - out.println("Pass Record Number: " + row): null

2024-10-17 14:35:06 - [TEST_STEP][PASSED] - resText = "Pass": null

2024-10-17 14:35:06 - [TEST_STEP][PASSED] - pages.WriteExcel.demoKey(resText, datText, resColumn, datCloumn, fileLoc, nameSheet, row): pages.WriteExcel.demoKey is PASSED

2024-10-17 14:35:06 - [MESSAGE][PASSED] - pages.WriteExcel.demoKey is PASSED

2024-10-17 14:35:06 - [TEST_STEP][PASSED] - ExecuteTC = findTestData(dataFile).getValue("Execute", row): null

2024-10-17 14:35:06 - [TEST_STEP][PASSED] - Taxtype = findTestData(dataFile).getValue("TaxType", row): null

2024-10-17 14:35:06 - [TEST_STEP][PASSED] - TaxTypeEL = findTestData(dataFile).getValue("TaxTypeEL", row): null

2024-10-17 14:35:06 - [TEST_STEP][PASSED] - notInvNumber = findTestData(dataFile).getValue("NotiInvoNumber", row): null

2024-10-17 14:35:06 - [TEST_STEP][PASSED] - errorMsg = findTestData(dataFile).getValue("ErrorMessage", row): null

2024-10-17 14:35:06 - [TEST_STEP][PASSED] - out.println("Value of Execute is : " + ExecuteTC): null

2024-10-17 14:35:06 - [TEST_STEP][PASSED] - if (ExecuteTC.equalsIgnoreCase("Y")): null

2024-10-17 14:35:06 - [TEST_STEP][PASSED] - out.println("Begin Record Number: " + row): null

2024-10-17 14:35:06 - [TEST_STEP][PASSED] - today = new java.util.Date(): null

2024-10-17 14:35:06 - [TEST_STEP][PASSED] - println(today): null

2024-10-17 14:35:06 - [TEST_STEP][PASSED] - datText = today: null

2024-10-17 14:35:06 - [TEST_STEP][PASSED] - Taxtype = findTestData(dataFile).getValue("TaxType", row): null

2024-10-17 14:35:06 - [TEST_STEP][PASSED] - out.println("Taxtype value is : " + Taxtype): null

2024-10-17 14:35:06 - [TEST_STEP][PASSED] - openBrowser(""): Browser is opened with url: ''

2024-10-17 14:35:06 - [MESSAGE][WARNING] - A browser is already opened. Closing browser and opening a new one

2024-10-17 14:35:08 - [MESSAGE][INFO] - Starting 'Chrome' driver

2024-10-17 14:35:08 - [MESSAGE][INFO] - User set preference: ['acceptInsecureCerts', 'true']

2024-10-17 14:35:08 - [MESSAGE][INFO] - Action delay is set to 0 milliseconds

2024-10-17 14:35:10 - [MESSAGE][PASSED] - Browser is opened with url: ''

2024-10-17 14:35:10 - [TEST_STEP][PASSED] - maximizeWindow(): Current window maximized

2024-10-17 14:35:10 - [MESSAGE][PASSED] - Current window maximized

2024-10-17 14:35:10 - [TEST_STEP][PASSED] - navigateToUrl(RADurl): Navigate to 'https://demo.velocitypayment.com/client/rad/index.html' successfully

2024-10-17 14:35:12 - [MESSAGE][PASSED] - Navigate to 'https://demo.velocitypayment.com/client/rad/index.html' successfully

2024-10-17 14:35:12 - [TEST_STEP][PASSED] - orPath_Landing = "Object Repository/RAD_Pages/Landing_Page": null

2024-10-17 14:35:12 - [TEST_STEP][PASSED] - orPath_TaxTypeFilingYear = "Object Repository/RAD_Pages/TaxTypeFilingYear_Page": null

2024-10-17 14:35:12 - [TEST_STEP][PASSED] - orPath_TaxPayer = "Object Repository/RAD_Pages/Taxpayer_Page": null

2024-10-17 14:35:12 - [TEST_STEP][PASSED] - orPath_AddressContact = "Object Repository/RAD_Pages/AddressAndContactInfo_Page": null

2024-10-17 14:35:12 - [TEST_STEP][PASSED] - orPath_FilingStatus = "Object Repository/RAD_Pages/FilingStatus_Page": null

2024-10-17 14:35:12 - [TEST_STEP][PASSED] - orPath_Amount = "Object Repository/RAD_Pages/PaymentAmount_Page": null

2024-10-17 14:35:12 - [TEST_STEP][PASSED] - orPath_TaxInfo = "Object Repository/RAD_Pages/TaxInfo_Page": null

2024-10-17 14:35:12 - [TEST_STEP][PASSED] - orPath_Withholding = "Object Repository/RAD_Pages/Withholding_Page": null

2024-10-17 14:35:12 - [TEST_STEP][PASSED] - orPath_Summary = "Object Repository/RAD_Pages/Summary_Page": null

2024-10-17 14:35:12 - [TEST_STEP][PASSED] - orPath_PaymentReady = "Object Repository/RAD_Pages/PaymentReady_Page": null

2024-10-17 14:35:12 - [TEST_STEP][PASSED] - orPath_PaymentEntry = "Object Repository/RAD_Pages/PaymentEntry_Page": null

2024-10-17 14:35:12 - [TEST_STEP][PASSED] - orPath_PaymentConfirmation = "Object Repository/RAD_Pages/PaymentConfirmation_Page": null

2024-10-17 14:35:12 - [TEST_STEP][PASSED] - orPath_ServiceFeesAccept = "Object Repository/RAD_Pages/ServiceFeeAccept_Page": null

2024-10-17 14:35:12 - [TEST_STEP][PASSED] - selectOptionByLabel(findTestObject(orPath_Landing + "/dd_TaxType"), Taxtype, false): All options with label 'Existing Liability with Notice/Invoice Number' are selected in object 'Object Repository/RAD_Pages/Landing_Page/dd_TaxType' 

2024-10-17 14:35:13 - [MESSAGE][PASSED] - All options with label 'Existing Liability with Notice/Invoice Number' are selected in object 'Object Repository/RAD_Pages/Landing_Page/dd_TaxType' 

2024-10-17 14:35:13 - [TEST_STEP][PASSED] - delay(1): Delayed 1 second(s)

2024-10-17 14:35:14 - [MESSAGE][PASSED] - Delayed 1 second(s)

2024-10-17 14:35:14 - [TEST_STEP][PASSED] - selectOptionByLabel(findTestObject(orPath_TaxTypeFilingYear + "/select_TaxType_ExistingLiability"), TaxTypeEL, false): All options with label 'Bay Restoration Fee' are selected in object 'Object Repository/RAD_Pages/TaxTypeFilingYear_Page/select_TaxType_ExistingLiability' 

2024-10-17 14:35:14 - [MESSAGE][PASSED] - All options with label 'Bay Restoration Fee' are selected in object 'Object Repository/RAD_Pages/TaxTypeFilingYear_Page/select_TaxType_ExistingLiability' 

2024-10-17 14:35:14 - [TEST_STEP][PASSED] - setText(findTestObject(orPath_TaxInfo + "/input_NoticeInvoiceNumber"), notInvNumber): Text '0000000000' is set on object 'Object Repository/RAD_Pages/TaxInfo_Page/input_NoticeInvoiceNumber'

2024-10-17 14:35:15 - [MESSAGE][PASSED] - Text '0000000000' is set on object 'Object Repository/RAD_Pages/TaxInfo_Page/input_NoticeInvoiceNumber'

2024-10-17 14:35:15 - [TEST_STEP][PASSED] - setText(findTestObject(orPath_TaxInfo + "/input_reTypeNoticeInvoiceNumber"), notInvNumber): Text '0000000000' is set on object 'Object Repository/RAD_Pages/TaxInfo_Page/input_reTypeNoticeInvoiceNumber'

2024-10-17 14:35:16 - [MESSAGE][PASSED] - Text '0000000000' is set on object 'Object Repository/RAD_Pages/TaxInfo_Page/input_reTypeNoticeInvoiceNumber'

2024-10-17 14:35:16 - [TEST_STEP][PASSED] - println(notInvNumber): null

2024-10-17 14:35:16 - [TEST_STEP][PASSED] - if (verifyTextPresent(errorMsg, true)): null

2024-10-17 14:35:17 - [MESSAGE][PASSED] - Text 'Notice Number or Invoice Number must be 10, 11, or 13 digits in length, with a value greater than zero' is present on page  using regular expression

2024-10-17 14:35:17 - [TEST_STEP][PASSED] - println("Error Message is present on the page"): null

2024-10-17 14:35:17 - [TEST_STEP][PASSED] - out.println("Pass Record Number: " + row): null

2024-10-17 14:35:17 - [TEST_STEP][PASSED] - resText = "Pass": null

2024-10-17 14:35:17 - [TEST_STEP][PASSED] - pages.WriteExcel.demoKey(resText, datText, resColumn, datCloumn, fileLoc, nameSheet, row): pages.WriteExcel.demoKey is PASSED

2024-10-17 14:35:17 - [MESSAGE][PASSED] - pages.WriteExcel.demoKey is PASSED

2024-10-17 14:35:17 - [TEST_STEP][PASSED] - ExecuteTC = findTestData(dataFile).getValue("Execute", row): null

2024-10-17 14:35:17 - [TEST_STEP][PASSED] - Taxtype = findTestData(dataFile).getValue("TaxType", row): null

2024-10-17 14:35:17 - [TEST_STEP][PASSED] - TaxTypeEL = findTestData(dataFile).getValue("TaxTypeEL", row): null

2024-10-17 14:35:17 - [TEST_STEP][PASSED] - notInvNumber = findTestData(dataFile).getValue("NotiInvoNumber", row): null

2024-10-17 14:35:17 - [TEST_STEP][PASSED] - errorMsg = findTestData(dataFile).getValue("ErrorMessage", row): null

2024-10-17 14:35:17 - [TEST_STEP][PASSED] - out.println("Value of Execute is : " + ExecuteTC): null

2024-10-17 14:35:17 - [TEST_STEP][PASSED] - if (ExecuteTC.equalsIgnoreCase("Y")): null

2024-10-17 14:35:17 - [TEST_STEP][PASSED] - out.println("Begin Record Number: " + row): null

2024-10-17 14:35:17 - [TEST_STEP][PASSED] - today = new java.util.Date(): null

2024-10-17 14:35:17 - [TEST_STEP][PASSED] - println(today): null

2024-10-17 14:35:17 - [TEST_STEP][PASSED] - datText = today: null

2024-10-17 14:35:17 - [TEST_STEP][PASSED] - Taxtype = findTestData(dataFile).getValue("TaxType", row): null

2024-10-17 14:35:17 - [TEST_STEP][PASSED] - out.println("Taxtype value is : " + Taxtype): null

2024-10-17 14:35:17 - [TEST_STEP][PASSED] - openBrowser(""): Browser is opened with url: ''

2024-10-17 14:35:17 - [MESSAGE][WARNING] - A browser is already opened. Closing browser and opening a new one

2024-10-17 14:35:19 - [MESSAGE][INFO] - Starting 'Chrome' driver

2024-10-17 14:35:19 - [MESSAGE][INFO] - User set preference: ['acceptInsecureCerts', 'true']

2024-10-17 14:35:19 - [MESSAGE][INFO] - Action delay is set to 0 milliseconds

2024-10-17 14:35:21 - [MESSAGE][PASSED] - Browser is opened with url: ''

2024-10-17 14:35:21 - [TEST_STEP][PASSED] - maximizeWindow(): Current window maximized

2024-10-17 14:35:21 - [MESSAGE][PASSED] - Current window maximized

2024-10-17 14:35:21 - [TEST_STEP][PASSED] - navigateToUrl(RADurl): Navigate to 'https://demo.velocitypayment.com/client/rad/index.html' successfully

2024-10-17 14:35:21 - [MESSAGE][PASSED] - Navigate to 'https://demo.velocitypayment.com/client/rad/index.html' successfully

2024-10-17 14:35:21 - [TEST_STEP][PASSED] - orPath_Landing = "Object Repository/RAD_Pages/Landing_Page": null

2024-10-17 14:35:21 - [TEST_STEP][PASSED] - orPath_TaxTypeFilingYear = "Object Repository/RAD_Pages/TaxTypeFilingYear_Page": null

2024-10-17 14:35:21 - [TEST_STEP][PASSED] - orPath_TaxPayer = "Object Repository/RAD_Pages/Taxpayer_Page": null

2024-10-17 14:35:21 - [TEST_STEP][PASSED] - orPath_AddressContact = "Object Repository/RAD_Pages/AddressAndContactInfo_Page": null

2024-10-17 14:35:21 - [TEST_STEP][PASSED] - orPath_FilingStatus = "Object Repository/RAD_Pages/FilingStatus_Page": null

2024-10-17 14:35:21 - [TEST_STEP][PASSED] - orPath_Amount = "Object Repository/RAD_Pages/PaymentAmount_Page": null

2024-10-17 14:35:21 - [TEST_STEP][PASSED] - orPath_TaxInfo = "Object Repository/RAD_Pages/TaxInfo_Page": null

2024-10-17 14:35:21 - [TEST_STEP][PASSED] - orPath_Withholding = "Object Repository/RAD_Pages/Withholding_Page": null

2024-10-17 14:35:21 - [TEST_STEP][PASSED] - orPath_Summary = "Object Repository/RAD_Pages/Summary_Page": null

2024-10-17 14:35:21 - [TEST_STEP][PASSED] - orPath_PaymentReady = "Object Repository/RAD_Pages/PaymentReady_Page": null

2024-10-17 14:35:21 - [TEST_STEP][PASSED] - orPath_PaymentEntry = "Object Repository/RAD_Pages/PaymentEntry_Page": null

2024-10-17 14:35:21 - [TEST_STEP][PASSED] - orPath_PaymentConfirmation = "Object Repository/RAD_Pages/PaymentConfirmation_Page": null

2024-10-17 14:35:21 - [TEST_STEP][PASSED] - orPath_ServiceFeesAccept = "Object Repository/RAD_Pages/ServiceFeeAccept_Page": null

2024-10-17 14:35:21 - [TEST_STEP][PASSED] - selectOptionByLabel(findTestObject(orPath_Landing + "/dd_TaxType"), Taxtype, false): All options with label 'Existing Liability with Notice/Invoice Number' are selected in object 'Object Repository/RAD_Pages/Landing_Page/dd_TaxType' 

2024-10-17 14:35:24 - [MESSAGE][PASSED] - All options with label 'Existing Liability with Notice/Invoice Number' are selected in object 'Object Repository/RAD_Pages/Landing_Page/dd_TaxType' 

2024-10-17 14:35:24 - [TEST_STEP][PASSED] - delay(1): Delayed 1 second(s)

2024-10-17 14:35:25 - [MESSAGE][PASSED] - Delayed 1 second(s)

2024-10-17 14:35:25 - [TEST_STEP][PASSED] - selectOptionByLabel(findTestObject(orPath_TaxTypeFilingYear + "/select_TaxType_ExistingLiability"), TaxTypeEL, false): All options with label 'Corporate Income Tax' are selected in object 'Object Repository/RAD_Pages/TaxTypeFilingYear_Page/select_TaxType_ExistingLiability' 

2024-10-17 14:35:25 - [MESSAGE][PASSED] - All options with label 'Corporate Income Tax' are selected in object 'Object Repository/RAD_Pages/TaxTypeFilingYear_Page/select_TaxType_ExistingLiability' 

2024-10-17 14:35:25 - [TEST_STEP][PASSED] - setText(findTestObject(orPath_TaxInfo + "/input_NoticeInvoiceNumber"), notInvNumber): Text '123456789' is set on object 'Object Repository/RAD_Pages/TaxInfo_Page/input_NoticeInvoiceNumber'

2024-10-17 14:35:26 - [MESSAGE][PASSED] - Text '123456789' is set on object 'Object Repository/RAD_Pages/TaxInfo_Page/input_NoticeInvoiceNumber'

2024-10-17 14:35:26 - [TEST_STEP][PASSED] - setText(findTestObject(orPath_TaxInfo + "/input_reTypeNoticeInvoiceNumber"), notInvNumber): Text '123456789' is set on object 'Object Repository/RAD_Pages/TaxInfo_Page/input_reTypeNoticeInvoiceNumber'

2024-10-17 14:35:27 - [MESSAGE][PASSED] - Text '123456789' is set on object 'Object Repository/RAD_Pages/TaxInfo_Page/input_reTypeNoticeInvoiceNumber'

2024-10-17 14:35:27 - [TEST_STEP][PASSED] - println(notInvNumber): null

2024-10-17 14:35:27 - [TEST_STEP][PASSED] - if (verifyTextPresent(errorMsg, true)): null

2024-10-17 14:35:28 - [MESSAGE][PASSED] - Text 'Notice Number or Invoice Number must be 10, 11, or 13 digits in length, with a value greater than zero' is present on page  using regular expression

2024-10-17 14:35:28 - [TEST_STEP][PASSED] - println("Error Message is present on the page"): null

2024-10-17 14:35:28 - [TEST_STEP][PASSED] - out.println("Pass Record Number: " + row): null

2024-10-17 14:35:28 - [TEST_STEP][PASSED] - resText = "Pass": null

2024-10-17 14:35:28 - [TEST_STEP][PASSED] - pages.WriteExcel.demoKey(resText, datText, resColumn, datCloumn, fileLoc, nameSheet, row): pages.WriteExcel.demoKey is PASSED

2024-10-17 14:35:28 - [MESSAGE][PASSED] - pages.WriteExcel.demoKey is PASSED

2024-10-17 14:35:28 - [TEST_STEP][PASSED] - ExecuteTC = findTestData(dataFile).getValue("Execute", row): null

2024-10-17 14:35:28 - [TEST_STEP][PASSED] - Taxtype = findTestData(dataFile).getValue("TaxType", row): null

2024-10-17 14:35:28 - [TEST_STEP][PASSED] - TaxTypeEL = findTestData(dataFile).getValue("TaxTypeEL", row): null

2024-10-17 14:35:28 - [TEST_STEP][PASSED] - notInvNumber = findTestData(dataFile).getValue("NotiInvoNumber", row): null

2024-10-17 14:35:28 - [TEST_STEP][PASSED] - errorMsg = findTestData(dataFile).getValue("ErrorMessage", row): null

2024-10-17 14:35:28 - [TEST_STEP][PASSED] - out.println("Value of Execute is : " + ExecuteTC): null

2024-10-17 14:35:28 - [TEST_STEP][PASSED] - if (ExecuteTC.equalsIgnoreCase("Y")): null

2024-10-17 14:35:28 - [TEST_STEP][PASSED] - out.println("Begin Record Number: " + row): null

2024-10-17 14:35:28 - [TEST_STEP][PASSED] - today = new java.util.Date(): null

2024-10-17 14:35:28 - [TEST_STEP][PASSED] - println(today): null

2024-10-17 14:35:28 - [TEST_STEP][PASSED] - datText = today: null

2024-10-17 14:35:28 - [TEST_STEP][PASSED] - Taxtype = findTestData(dataFile).getValue("TaxType", row): null

2024-10-17 14:35:28 - [TEST_STEP][PASSED] - out.println("Taxtype value is : " + Taxtype): null

2024-10-17 14:35:28 - [TEST_STEP][PASSED] - openBrowser(""): Browser is opened with url: ''

2024-10-17 14:35:28 - [MESSAGE][WARNING] - A browser is already opened. Closing browser and opening a new one

2024-10-17 14:35:29 - [MESSAGE][INFO] - Starting 'Chrome' driver

2024-10-17 14:35:29 - [MESSAGE][INFO] - User set preference: ['acceptInsecureCerts', 'true']

2024-10-17 14:35:29 - [MESSAGE][INFO] - Action delay is set to 0 milliseconds

2024-10-17 14:35:31 - [MESSAGE][PASSED] - Browser is opened with url: ''

2024-10-17 14:35:31 - [TEST_STEP][PASSED] - maximizeWindow(): Current window maximized

2024-10-17 14:35:31 - [MESSAGE][PASSED] - Current window maximized

2024-10-17 14:35:31 - [TEST_STEP][PASSED] - navigateToUrl(RADurl): Navigate to 'https://demo.velocitypayment.com/client/rad/index.html' successfully

2024-10-17 14:35:33 - [MESSAGE][PASSED] - Navigate to 'https://demo.velocitypayment.com/client/rad/index.html' successfully

2024-10-17 14:35:33 - [TEST_STEP][PASSED] - orPath_Landing = "Object Repository/RAD_Pages/Landing_Page": null

2024-10-17 14:35:33 - [TEST_STEP][PASSED] - orPath_TaxTypeFilingYear = "Object Repository/RAD_Pages/TaxTypeFilingYear_Page": null

2024-10-17 14:35:33 - [TEST_STEP][PASSED] - orPath_TaxPayer = "Object Repository/RAD_Pages/Taxpayer_Page": null

2024-10-17 14:35:33 - [TEST_STEP][PASSED] - orPath_AddressContact = "Object Repository/RAD_Pages/AddressAndContactInfo_Page": null

2024-10-17 14:35:33 - [TEST_STEP][PASSED] - orPath_FilingStatus = "Object Repository/RAD_Pages/FilingStatus_Page": null

2024-10-17 14:35:33 - [TEST_STEP][PASSED] - orPath_Amount = "Object Repository/RAD_Pages/PaymentAmount_Page": null

2024-10-17 14:35:33 - [TEST_STEP][PASSED] - orPath_TaxInfo = "Object Repository/RAD_Pages/TaxInfo_Page": null

2024-10-17 14:35:33 - [TEST_STEP][PASSED] - orPath_Withholding = "Object Repository/RAD_Pages/Withholding_Page": null

2024-10-17 14:35:33 - [TEST_STEP][PASSED] - orPath_Summary = "Object Repository/RAD_Pages/Summary_Page": null

2024-10-17 14:35:33 - [TEST_STEP][PASSED] - orPath_PaymentReady = "Object Repository/RAD_Pages/PaymentReady_Page": null

2024-10-17 14:35:33 - [TEST_STEP][PASSED] - orPath_PaymentEntry = "Object Repository/RAD_Pages/PaymentEntry_Page": null

2024-10-17 14:35:33 - [TEST_STEP][PASSED] - orPath_PaymentConfirmation = "Object Repository/RAD_Pages/PaymentConfirmation_Page": null

2024-10-17 14:35:33 - [TEST_STEP][PASSED] - orPath_ServiceFeesAccept = "Object Repository/RAD_Pages/ServiceFeeAccept_Page": null

2024-10-17 14:35:33 - [TEST_STEP][PASSED] - selectOptionByLabel(findTestObject(orPath_Landing + "/dd_TaxType"), Taxtype, false): All options with label 'Existing Liability with Notice/Invoice Number' are selected in object 'Object Repository/RAD_Pages/Landing_Page/dd_TaxType' 

2024-10-17 14:35:34 - [MESSAGE][PASSED] - All options with label 'Existing Liability with Notice/Invoice Number' are selected in object 'Object Repository/RAD_Pages/Landing_Page/dd_TaxType' 

2024-10-17 14:35:34 - [TEST_STEP][PASSED] - delay(1): Delayed 1 second(s)

2024-10-17 14:35:35 - [MESSAGE][PASSED] - Delayed 1 second(s)

2024-10-17 14:35:35 - [TEST_STEP][PASSED] - selectOptionByLabel(findTestObject(orPath_TaxTypeFilingYear + "/select_TaxType_ExistingLiability"), TaxTypeEL, false): All options with label 'Corporate Income Tax' are selected in object 'Object Repository/RAD_Pages/TaxTypeFilingYear_Page/select_TaxType_ExistingLiability' 

2024-10-17 14:35:35 - [MESSAGE][PASSED] - All options with label 'Corporate Income Tax' are selected in object 'Object Repository/RAD_Pages/TaxTypeFilingYear_Page/select_TaxType_ExistingLiability' 

2024-10-17 14:35:35 - [TEST_STEP][PASSED] - setText(findTestObject(orPath_TaxInfo + "/input_NoticeInvoiceNumber"), notInvNumber): Text '123456789012' is set on object 'Object Repository/RAD_Pages/TaxInfo_Page/input_NoticeInvoiceNumber'

2024-10-17 14:35:36 - [MESSAGE][PASSED] - Text '123456789012' is set on object 'Object Repository/RAD_Pages/TaxInfo_Page/input_NoticeInvoiceNumber'

2024-10-17 14:35:36 - [TEST_STEP][PASSED] - setText(findTestObject(orPath_TaxInfo + "/input_reTypeNoticeInvoiceNumber"), notInvNumber): Text '123456789012' is set on object 'Object Repository/RAD_Pages/TaxInfo_Page/input_reTypeNoticeInvoiceNumber'

2024-10-17 14:35:37 - [MESSAGE][PASSED] - Text '123456789012' is set on object 'Object Repository/RAD_Pages/TaxInfo_Page/input_reTypeNoticeInvoiceNumber'

2024-10-17 14:35:37 - [TEST_STEP][PASSED] - println(notInvNumber): null

2024-10-17 14:35:37 - [TEST_STEP][PASSED] - if (verifyTextPresent(errorMsg, true)): null

2024-10-17 14:35:38 - [MESSAGE][PASSED] - Text 'Notice Number or Invoice Number must be 10, 11, or 13 digits in length, with a value greater than zero' is present on page  using regular expression

2024-10-17 14:35:38 - [TEST_STEP][PASSED] - println("Error Message is present on the page"): null

2024-10-17 14:35:38 - [TEST_STEP][PASSED] - out.println("Pass Record Number: " + row): null

2024-10-17 14:35:38 - [TEST_STEP][PASSED] - resText = "Pass": null

2024-10-17 14:35:38 - [TEST_STEP][PASSED] - pages.WriteExcel.demoKey(resText, datText, resColumn, datCloumn, fileLoc, nameSheet, row): pages.WriteExcel.demoKey is PASSED

2024-10-17 14:35:38 - [MESSAGE][PASSED] - pages.WriteExcel.demoKey is PASSED

2024-10-17 14:35:38 - [TEST_STEP][PASSED] - ExecuteTC = findTestData(dataFile).getValue("Execute", row): null

2024-10-17 14:35:38 - [TEST_STEP][PASSED] - Taxtype = findTestData(dataFile).getValue("TaxType", row): null

2024-10-17 14:35:38 - [TEST_STEP][PASSED] - TaxTypeEL = findTestData(dataFile).getValue("TaxTypeEL", row): null

2024-10-17 14:35:38 - [TEST_STEP][PASSED] - notInvNumber = findTestData(dataFile).getValue("NotiInvoNumber", row): null

2024-10-17 14:35:38 - [TEST_STEP][PASSED] - errorMsg = findTestData(dataFile).getValue("ErrorMessage", row): null

2024-10-17 14:35:38 - [TEST_STEP][PASSED] - out.println("Value of Execute is : " + ExecuteTC): null

2024-10-17 14:35:38 - [TEST_STEP][PASSED] - if (ExecuteTC.equalsIgnoreCase("Y")): null

2024-10-17 14:35:38 - [TEST_STEP][PASSED] - out.println("Begin Record Number: " + row): null

2024-10-17 14:35:38 - [TEST_STEP][PASSED] - today = new java.util.Date(): null

2024-10-17 14:35:38 - [TEST_STEP][PASSED] - println(today): null

2024-10-17 14:35:38 - [TEST_STEP][PASSED] - datText = today: null

2024-10-17 14:35:38 - [TEST_STEP][PASSED] - Taxtype = findTestData(dataFile).getValue("TaxType", row): null

2024-10-17 14:35:38 - [TEST_STEP][PASSED] - out.println("Taxtype value is : " + Taxtype): null

2024-10-17 14:35:38 - [TEST_STEP][PASSED] - openBrowser(""): Browser is opened with url: ''

2024-10-17 14:35:38 - [MESSAGE][WARNING] - A browser is already opened. Closing browser and opening a new one

2024-10-17 14:35:39 - [MESSAGE][INFO] - Starting 'Chrome' driver

2024-10-17 14:35:39 - [MESSAGE][INFO] - User set preference: ['acceptInsecureCerts', 'true']

2024-10-17 14:35:39 - [MESSAGE][INFO] - Action delay is set to 0 milliseconds

2024-10-17 14:35:41 - [MESSAGE][PASSED] - Browser is opened with url: ''

2024-10-17 14:35:41 - [TEST_STEP][PASSED] - maximizeWindow(): Current window maximized

2024-10-17 14:35:41 - [MESSAGE][PASSED] - Current window maximized

2024-10-17 14:35:41 - [TEST_STEP][PASSED] - navigateToUrl(RADurl): Navigate to 'https://demo.velocitypayment.com/client/rad/index.html' successfully

2024-10-17 14:35:43 - [MESSAGE][PASSED] - Navigate to 'https://demo.velocitypayment.com/client/rad/index.html' successfully

2024-10-17 14:35:43 - [TEST_STEP][PASSED] - orPath_Landing = "Object Repository/RAD_Pages/Landing_Page": null

2024-10-17 14:35:43 - [TEST_STEP][PASSED] - orPath_TaxTypeFilingYear = "Object Repository/RAD_Pages/TaxTypeFilingYear_Page": null

2024-10-17 14:35:43 - [TEST_STEP][PASSED] - orPath_TaxPayer = "Object Repository/RAD_Pages/Taxpayer_Page": null

2024-10-17 14:35:43 - [TEST_STEP][PASSED] - orPath_AddressContact = "Object Repository/RAD_Pages/AddressAndContactInfo_Page": null

2024-10-17 14:35:43 - [TEST_STEP][PASSED] - orPath_FilingStatus = "Object Repository/RAD_Pages/FilingStatus_Page": null

2024-10-17 14:35:43 - [TEST_STEP][PASSED] - orPath_Amount = "Object Repository/RAD_Pages/PaymentAmount_Page": null

2024-10-17 14:35:43 - [TEST_STEP][PASSED] - orPath_TaxInfo = "Object Repository/RAD_Pages/TaxInfo_Page": null

2024-10-17 14:35:43 - [TEST_STEP][PASSED] - orPath_Withholding = "Object Repository/RAD_Pages/Withholding_Page": null

2024-10-17 14:35:43 - [TEST_STEP][PASSED] - orPath_Summary = "Object Repository/RAD_Pages/Summary_Page": null

2024-10-17 14:35:43 - [TEST_STEP][PASSED] - orPath_PaymentReady = "Object Repository/RAD_Pages/PaymentReady_Page": null

2024-10-17 14:35:43 - [TEST_STEP][PASSED] - orPath_PaymentEntry = "Object Repository/RAD_Pages/PaymentEntry_Page": null

2024-10-17 14:35:43 - [TEST_STEP][PASSED] - orPath_PaymentConfirmation = "Object Repository/RAD_Pages/PaymentConfirmation_Page": null

2024-10-17 14:35:43 - [TEST_STEP][PASSED] - orPath_ServiceFeesAccept = "Object Repository/RAD_Pages/ServiceFeeAccept_Page": null

2024-10-17 14:35:43 - [TEST_STEP][PASSED] - selectOptionByLabel(findTestObject(orPath_Landing + "/dd_TaxType"), Taxtype, false): All options with label 'Existing Liability with Notice/Invoice Number' are selected in object 'Object Repository/RAD_Pages/Landing_Page/dd_TaxType' 

2024-10-17 14:35:44 - [MESSAGE][PASSED] - All options with label 'Existing Liability with Notice/Invoice Number' are selected in object 'Object Repository/RAD_Pages/Landing_Page/dd_TaxType' 

2024-10-17 14:35:44 - [TEST_STEP][PASSED] - delay(1): Delayed 1 second(s)

2024-10-17 14:35:45 - [MESSAGE][PASSED] - Delayed 1 second(s)

2024-10-17 14:35:45 - [TEST_STEP][PASSED] - selectOptionByLabel(findTestObject(orPath_TaxTypeFilingYear + "/select_TaxType_ExistingLiability"), TaxTypeEL, false): All options with label 'Corporate Income Tax' are selected in object 'Object Repository/RAD_Pages/TaxTypeFilingYear_Page/select_TaxType_ExistingLiability' 

2024-10-17 14:35:45 - [MESSAGE][PASSED] - All options with label 'Corporate Income Tax' are selected in object 'Object Repository/RAD_Pages/TaxTypeFilingYear_Page/select_TaxType_ExistingLiability' 

2024-10-17 14:35:45 - [TEST_STEP][PASSED] - setText(findTestObject(orPath_TaxInfo + "/input_NoticeInvoiceNumber"), notInvNumber): Text '0000000000' is set on object 'Object Repository/RAD_Pages/TaxInfo_Page/input_NoticeInvoiceNumber'

2024-10-17 14:35:46 - [MESSAGE][PASSED] - Text '0000000000' is set on object 'Object Repository/RAD_Pages/TaxInfo_Page/input_NoticeInvoiceNumber'

2024-10-17 14:35:46 - [TEST_STEP][PASSED] - setText(findTestObject(orPath_TaxInfo + "/input_reTypeNoticeInvoiceNumber"), notInvNumber): Text '0000000000' is set on object 'Object Repository/RAD_Pages/TaxInfo_Page/input_reTypeNoticeInvoiceNumber'

2024-10-17 14:35:47 - [MESSAGE][PASSED] - Text '0000000000' is set on object 'Object Repository/RAD_Pages/TaxInfo_Page/input_reTypeNoticeInvoiceNumber'

2024-10-17 14:35:47 - [TEST_STEP][PASSED] - println(notInvNumber): null

2024-10-17 14:35:47 - [TEST_STEP][PASSED] - if (verifyTextPresent(errorMsg, true)): null

2024-10-17 14:35:48 - [MESSAGE][PASSED] - Text 'Notice Number or Invoice Number must be 10, 11, or 13 digits in length, with a value greater than zero' is present on page  using regular expression

2024-10-17 14:35:48 - [TEST_STEP][PASSED] - println("Error Message is present on the page"): null

2024-10-17 14:35:48 - [TEST_STEP][PASSED] - out.println("Pass Record Number: " + row): null

2024-10-17 14:35:48 - [TEST_STEP][PASSED] - resText = "Pass": null

2024-10-17 14:35:48 - [TEST_STEP][PASSED] - pages.WriteExcel.demoKey(resText, datText, resColumn, datCloumn, fileLoc, nameSheet, row): pages.WriteExcel.demoKey is PASSED

2024-10-17 14:35:48 - [MESSAGE][PASSED] - pages.WriteExcel.demoKey is PASSED

2024-10-17 14:35:48 - [TEST_STEP][PASSED] - ExecuteTC = findTestData(dataFile).getValue("Execute", row): null

2024-10-17 14:35:48 - [TEST_STEP][PASSED] - Taxtype = findTestData(dataFile).getValue("TaxType", row): null

2024-10-17 14:35:48 - [TEST_STEP][PASSED] - TaxTypeEL = findTestData(dataFile).getValue("TaxTypeEL", row): null

2024-10-17 14:35:48 - [TEST_STEP][PASSED] - notInvNumber = findTestData(dataFile).getValue("NotiInvoNumber", row): null

2024-10-17 14:35:48 - [TEST_STEP][PASSED] - errorMsg = findTestData(dataFile).getValue("ErrorMessage", row): null

2024-10-17 14:35:48 - [TEST_STEP][PASSED] - out.println("Value of Execute is : " + ExecuteTC): null

2024-10-17 14:35:48 - [TEST_STEP][PASSED] - if (ExecuteTC.equalsIgnoreCase("Y")): null

2024-10-17 14:35:48 - [TEST_STEP][PASSED] - out.println("Begin Record Number: " + row): null

2024-10-17 14:35:48 - [TEST_STEP][PASSED] - today = new java.util.Date(): null

2024-10-17 14:35:48 - [TEST_STEP][PASSED] - println(today): null

2024-10-17 14:35:48 - [TEST_STEP][PASSED] - datText = today: null

2024-10-17 14:35:48 - [TEST_STEP][PASSED] - Taxtype = findTestData(dataFile).getValue("TaxType", row): null

2024-10-17 14:35:48 - [TEST_STEP][PASSED] - out.println("Taxtype value is : " + Taxtype): null

2024-10-17 14:35:48 - [TEST_STEP][PASSED] - openBrowser(""): Browser is opened with url: ''

2024-10-17 14:35:48 - [MESSAGE][WARNING] - A browser is already opened. Closing browser and opening a new one

2024-10-17 14:35:50 - [MESSAGE][INFO] - Starting 'Chrome' driver

2024-10-17 14:35:50 - [MESSAGE][INFO] - User set preference: ['acceptInsecureCerts', 'true']

2024-10-17 14:35:50 - [MESSAGE][INFO] - Action delay is set to 0 milliseconds

2024-10-17 14:35:51 - [MESSAGE][PASSED] - Browser is opened with url: ''

2024-10-17 14:35:51 - [TEST_STEP][PASSED] - maximizeWindow(): Current window maximized

2024-10-17 14:35:52 - [MESSAGE][PASSED] - Current window maximized

2024-10-17 14:35:52 - [TEST_STEP][PASSED] - navigateToUrl(RADurl): Navigate to 'https://demo.velocitypayment.com/client/rad/index.html' successfully

2024-10-17 14:35:53 - [MESSAGE][PASSED] - Navigate to 'https://demo.velocitypayment.com/client/rad/index.html' successfully

2024-10-17 14:35:53 - [TEST_STEP][PASSED] - orPath_Landing = "Object Repository/RAD_Pages/Landing_Page": null

2024-10-17 14:35:53 - [TEST_STEP][PASSED] - orPath_TaxTypeFilingYear = "Object Repository/RAD_Pages/TaxTypeFilingYear_Page": null

2024-10-17 14:35:53 - [TEST_STEP][PASSED] - orPath_TaxPayer = "Object Repository/RAD_Pages/Taxpayer_Page": null

2024-10-17 14:35:53 - [TEST_STEP][PASSED] - orPath_AddressContact = "Object Repository/RAD_Pages/AddressAndContactInfo_Page": null

2024-10-17 14:35:53 - [TEST_STEP][PASSED] - orPath_FilingStatus = "Object Repository/RAD_Pages/FilingStatus_Page": null

2024-10-17 14:35:53 - [TEST_STEP][PASSED] - orPath_Amount = "Object Repository/RAD_Pages/PaymentAmount_Page": null

2024-10-17 14:35:53 - [TEST_STEP][PASSED] - orPath_TaxInfo = "Object Repository/RAD_Pages/TaxInfo_Page": null

2024-10-17 14:35:53 - [TEST_STEP][PASSED] - orPath_Withholding = "Object Repository/RAD_Pages/Withholding_Page": null

2024-10-17 14:35:53 - [TEST_STEP][PASSED] - orPath_Summary = "Object Repository/RAD_Pages/Summary_Page": null

2024-10-17 14:35:53 - [TEST_STEP][PASSED] - orPath_PaymentReady = "Object Repository/RAD_Pages/PaymentReady_Page": null

2024-10-17 14:35:53 - [TEST_STEP][PASSED] - orPath_PaymentEntry = "Object Repository/RAD_Pages/PaymentEntry_Page": null

2024-10-17 14:35:53 - [TEST_STEP][PASSED] - orPath_PaymentConfirmation = "Object Repository/RAD_Pages/PaymentConfirmation_Page": null

2024-10-17 14:35:53 - [TEST_STEP][PASSED] - orPath_ServiceFeesAccept = "Object Repository/RAD_Pages/ServiceFeeAccept_Page": null

2024-10-17 14:35:53 - [TEST_STEP][PASSED] - selectOptionByLabel(findTestObject(orPath_Landing + "/dd_TaxType"), Taxtype, false): All options with label 'Existing Liability with Notice/Invoice Number' are selected in object 'Object Repository/RAD_Pages/Landing_Page/dd_TaxType' 

2024-10-17 14:35:54 - [MESSAGE][PASSED] - All options with label 'Existing Liability with Notice/Invoice Number' are selected in object 'Object Repository/RAD_Pages/Landing_Page/dd_TaxType' 

2024-10-17 14:35:54 - [TEST_STEP][PASSED] - delay(1): Delayed 1 second(s)

2024-10-17 14:35:55 - [MESSAGE][PASSED] - Delayed 1 second(s)

2024-10-17 14:35:55 - [TEST_STEP][PASSED] - selectOptionByLabel(findTestObject(orPath_TaxTypeFilingYear + "/select_TaxType_ExistingLiability"), TaxTypeEL, false): All options with label 'Fiduciary Tax' are selected in object 'Object Repository/RAD_Pages/TaxTypeFilingYear_Page/select_TaxType_ExistingLiability' 

2024-10-17 14:35:56 - [MESSAGE][PASSED] - All options with label 'Fiduciary Tax' are selected in object 'Object Repository/RAD_Pages/TaxTypeFilingYear_Page/select_TaxType_ExistingLiability' 

2024-10-17 14:35:56 - [TEST_STEP][PASSED] - setText(findTestObject(orPath_TaxInfo + "/input_NoticeInvoiceNumber"), notInvNumber): Text '123456789' is set on object 'Object Repository/RAD_Pages/TaxInfo_Page/input_NoticeInvoiceNumber'

2024-10-17 14:35:57 - [MESSAGE][PASSED] - Text '123456789' is set on object 'Object Repository/RAD_Pages/TaxInfo_Page/input_NoticeInvoiceNumber'

2024-10-17 14:35:57 - [TEST_STEP][PASSED] - setText(findTestObject(orPath_TaxInfo + "/input_reTypeNoticeInvoiceNumber"), notInvNumber): Text '123456789' is set on object 'Object Repository/RAD_Pages/TaxInfo_Page/input_reTypeNoticeInvoiceNumber'

2024-10-17 14:35:58 - [MESSAGE][PASSED] - Text '123456789' is set on object 'Object Repository/RAD_Pages/TaxInfo_Page/input_reTypeNoticeInvoiceNumber'

2024-10-17 14:35:58 - [TEST_STEP][PASSED] - println(notInvNumber): null

2024-10-17 14:35:58 - [TEST_STEP][PASSED] - if (verifyTextPresent(errorMsg, true)): null

2024-10-17 14:35:58 - [MESSAGE][PASSED] - Text 'Notice Number or Invoice Number must be 10, 11, or 13 digits in length, with a value greater than zero' is present on page  using regular expression

2024-10-17 14:35:58 - [TEST_STEP][PASSED] - println("Error Message is present on the page"): null

2024-10-17 14:35:58 - [TEST_STEP][PASSED] - out.println("Pass Record Number: " + row): null

2024-10-17 14:35:58 - [TEST_STEP][PASSED] - resText = "Pass": null

2024-10-17 14:35:58 - [TEST_STEP][PASSED] - pages.WriteExcel.demoKey(resText, datText, resColumn, datCloumn, fileLoc, nameSheet, row): pages.WriteExcel.demoKey is PASSED

2024-10-17 14:35:58 - [MESSAGE][PASSED] - pages.WriteExcel.demoKey is PASSED

2024-10-17 14:35:58 - [TEST_STEP][PASSED] - ExecuteTC = findTestData(dataFile).getValue("Execute", row): null

2024-10-17 14:35:58 - [TEST_STEP][PASSED] - Taxtype = findTestData(dataFile).getValue("TaxType", row): null

2024-10-17 14:35:58 - [TEST_STEP][PASSED] - TaxTypeEL = findTestData(dataFile).getValue("TaxTypeEL", row): null

2024-10-17 14:35:58 - [TEST_STEP][PASSED] - notInvNumber = findTestData(dataFile).getValue("NotiInvoNumber", row): null

2024-10-17 14:35:58 - [TEST_STEP][PASSED] - errorMsg = findTestData(dataFile).getValue("ErrorMessage", row): null

2024-10-17 14:35:58 - [TEST_STEP][PASSED] - out.println("Value of Execute is : " + ExecuteTC): null

2024-10-17 14:35:58 - [TEST_STEP][PASSED] - if (ExecuteTC.equalsIgnoreCase("Y")): null

2024-10-17 14:35:58 - [TEST_STEP][PASSED] - out.println("Begin Record Number: " + row): null

2024-10-17 14:35:58 - [TEST_STEP][PASSED] - today = new java.util.Date(): null

2024-10-17 14:35:58 - [TEST_STEP][PASSED] - println(today): null

2024-10-17 14:35:58 - [TEST_STEP][PASSED] - datText = today: null

2024-10-17 14:35:58 - [TEST_STEP][PASSED] - Taxtype = findTestData(dataFile).getValue("TaxType", row): null

2024-10-17 14:35:58 - [TEST_STEP][PASSED] - out.println("Taxtype value is : " + Taxtype): null

2024-10-17 14:35:58 - [TEST_STEP][PASSED] - openBrowser(""): Browser is opened with url: ''

2024-10-17 14:35:58 - [MESSAGE][WARNING] - A browser is already opened. Closing browser and opening a new one

2024-10-17 14:36:00 - [MESSAGE][INFO] - Starting 'Chrome' driver

2024-10-17 14:36:00 - [MESSAGE][INFO] - User set preference: ['acceptInsecureCerts', 'true']

2024-10-17 14:36:00 - [MESSAGE][INFO] - Action delay is set to 0 milliseconds

2024-10-17 14:36:02 - [MESSAGE][PASSED] - Browser is opened with url: ''

2024-10-17 14:36:02 - [TEST_STEP][PASSED] - maximizeWindow(): Current window maximized

2024-10-17 14:36:02 - [MESSAGE][PASSED] - Current window maximized

2024-10-17 14:36:02 - [TEST_STEP][PASSED] - navigateToUrl(RADurl): Navigate to 'https://demo.velocitypayment.com/client/rad/index.html' successfully

2024-10-17 14:36:02 - [MESSAGE][PASSED] - Navigate to 'https://demo.velocitypayment.com/client/rad/index.html' successfully

2024-10-17 14:36:02 - [TEST_STEP][PASSED] - orPath_Landing = "Object Repository/RAD_Pages/Landing_Page": null

2024-10-17 14:36:02 - [TEST_STEP][PASSED] - orPath_TaxTypeFilingYear = "Object Repository/RAD_Pages/TaxTypeFilingYear_Page": null

2024-10-17 14:36:02 - [TEST_STEP][PASSED] - orPath_TaxPayer = "Object Repository/RAD_Pages/Taxpayer_Page": null

2024-10-17 14:36:02 - [TEST_STEP][PASSED] - orPath_AddressContact = "Object Repository/RAD_Pages/AddressAndContactInfo_Page": null

2024-10-17 14:36:02 - [TEST_STEP][PASSED] - orPath_FilingStatus = "Object Repository/RAD_Pages/FilingStatus_Page": null

2024-10-17 14:36:02 - [TEST_STEP][PASSED] - orPath_Amount = "Object Repository/RAD_Pages/PaymentAmount_Page": null

2024-10-17 14:36:02 - [TEST_STEP][PASSED] - orPath_TaxInfo = "Object Repository/RAD_Pages/TaxInfo_Page": null

2024-10-17 14:36:02 - [TEST_STEP][PASSED] - orPath_Withholding = "Object Repository/RAD_Pages/Withholding_Page": null

2024-10-17 14:36:02 - [TEST_STEP][PASSED] - orPath_Summary = "Object Repository/RAD_Pages/Summary_Page": null

2024-10-17 14:36:02 - [TEST_STEP][PASSED] - orPath_PaymentReady = "Object Repository/RAD_Pages/PaymentReady_Page": null

2024-10-17 14:36:02 - [TEST_STEP][PASSED] - orPath_PaymentEntry = "Object Repository/RAD_Pages/PaymentEntry_Page": null

2024-10-17 14:36:02 - [TEST_STEP][PASSED] - orPath_PaymentConfirmation = "Object Repository/RAD_Pages/PaymentConfirmation_Page": null

2024-10-17 14:36:02 - [TEST_STEP][PASSED] - orPath_ServiceFeesAccept = "Object Repository/RAD_Pages/ServiceFeeAccept_Page": null

2024-10-17 14:36:02 - [TEST_STEP][PASSED] - selectOptionByLabel(findTestObject(orPath_Landing + "/dd_TaxType"), Taxtype, false): All options with label 'Existing Liability with Notice/Invoice Number' are selected in object 'Object Repository/RAD_Pages/Landing_Page/dd_TaxType' 

2024-10-17 14:36:04 - [MESSAGE][PASSED] - All options with label 'Existing Liability with Notice/Invoice Number' are selected in object 'Object Repository/RAD_Pages/Landing_Page/dd_TaxType' 

2024-10-17 14:36:04 - [TEST_STEP][PASSED] - delay(1): Delayed 1 second(s)

2024-10-17 14:36:05 - [MESSAGE][PASSED] - Delayed 1 second(s)

2024-10-17 14:36:05 - [TEST_STEP][PASSED] - selectOptionByLabel(findTestObject(orPath_TaxTypeFilingYear + "/select_TaxType_ExistingLiability"), TaxTypeEL, false): All options with label 'Fiduciary Tax' are selected in object 'Object Repository/RAD_Pages/TaxTypeFilingYear_Page/select_TaxType_ExistingLiability' 

2024-10-17 14:36:06 - [MESSAGE][PASSED] - All options with label 'Fiduciary Tax' are selected in object 'Object Repository/RAD_Pages/TaxTypeFilingYear_Page/select_TaxType_ExistingLiability' 

2024-10-17 14:36:06 - [TEST_STEP][PASSED] - setText(findTestObject(orPath_TaxInfo + "/input_NoticeInvoiceNumber"), notInvNumber): Text '123456789012' is set on object 'Object Repository/RAD_Pages/TaxInfo_Page/input_NoticeInvoiceNumber'

2024-10-17 14:36:07 - [MESSAGE][PASSED] - Text '123456789012' is set on object 'Object Repository/RAD_Pages/TaxInfo_Page/input_NoticeInvoiceNumber'

2024-10-17 14:36:07 - [TEST_STEP][PASSED] - setText(findTestObject(orPath_TaxInfo + "/input_reTypeNoticeInvoiceNumber"), notInvNumber): Text '123456789012' is set on object 'Object Repository/RAD_Pages/TaxInfo_Page/input_reTypeNoticeInvoiceNumber'

2024-10-17 14:36:08 - [MESSAGE][PASSED] - Text '123456789012' is set on object 'Object Repository/RAD_Pages/TaxInfo_Page/input_reTypeNoticeInvoiceNumber'

2024-10-17 14:36:08 - [TEST_STEP][PASSED] - println(notInvNumber): null

2024-10-17 14:36:08 - [TEST_STEP][PASSED] - if (verifyTextPresent(errorMsg, true)): null

2024-10-17 14:36:08 - [MESSAGE][PASSED] - Text 'Notice Number or Invoice Number must be 10, 11, or 13 digits in length, with a value greater than zero' is present on page  using regular expression

2024-10-17 14:36:08 - [TEST_STEP][PASSED] - println("Error Message is present on the page"): null

2024-10-17 14:36:08 - [TEST_STEP][PASSED] - out.println("Pass Record Number: " + row): null

2024-10-17 14:36:08 - [TEST_STEP][PASSED] - resText = "Pass": null

2024-10-17 14:36:08 - [TEST_STEP][PASSED] - pages.WriteExcel.demoKey(resText, datText, resColumn, datCloumn, fileLoc, nameSheet, row): pages.WriteExcel.demoKey is PASSED

2024-10-17 14:36:09 - [MESSAGE][PASSED] - pages.WriteExcel.demoKey is PASSED

2024-10-17 14:36:09 - [TEST_STEP][PASSED] - ExecuteTC = findTestData(dataFile).getValue("Execute", row): null

2024-10-17 14:36:09 - [TEST_STEP][PASSED] - Taxtype = findTestData(dataFile).getValue("TaxType", row): null

2024-10-17 14:36:09 - [TEST_STEP][PASSED] - TaxTypeEL = findTestData(dataFile).getValue("TaxTypeEL", row): null

2024-10-17 14:36:09 - [TEST_STEP][PASSED] - notInvNumber = findTestData(dataFile).getValue("NotiInvoNumber", row): null

2024-10-17 14:36:09 - [TEST_STEP][PASSED] - errorMsg = findTestData(dataFile).getValue("ErrorMessage", row): null

2024-10-17 14:36:09 - [TEST_STEP][PASSED] - out.println("Value of Execute is : " + ExecuteTC): null

2024-10-17 14:36:09 - [TEST_STEP][PASSED] - if (ExecuteTC.equalsIgnoreCase("Y")): null

2024-10-17 14:36:09 - [TEST_STEP][PASSED] - out.println("Begin Record Number: " + row): null

2024-10-17 14:36:09 - [TEST_STEP][PASSED] - today = new java.util.Date(): null

2024-10-17 14:36:09 - [TEST_STEP][PASSED] - println(today): null

2024-10-17 14:36:09 - [TEST_STEP][PASSED] - datText = today: null

2024-10-17 14:36:09 - [TEST_STEP][PASSED] - Taxtype = findTestData(dataFile).getValue("TaxType", row): null

2024-10-17 14:36:09 - [TEST_STEP][PASSED] - out.println("Taxtype value is : " + Taxtype): null

2024-10-17 14:36:09 - [TEST_STEP][PASSED] - openBrowser(""): Browser is opened with url: ''

2024-10-17 14:36:09 - [MESSAGE][WARNING] - A browser is already opened. Closing browser and opening a new one

2024-10-17 14:36:10 - [MESSAGE][INFO] - Starting 'Chrome' driver

2024-10-17 14:36:10 - [MESSAGE][INFO] - User set preference: ['acceptInsecureCerts', 'true']

2024-10-17 14:36:10 - [MESSAGE][INFO] - Action delay is set to 0 milliseconds

2024-10-17 14:36:12 - [MESSAGE][PASSED] - Browser is opened with url: ''

2024-10-17 14:36:12 - [TEST_STEP][PASSED] - maximizeWindow(): Current window maximized

2024-10-17 14:36:12 - [MESSAGE][PASSED] - Current window maximized

2024-10-17 14:36:12 - [TEST_STEP][PASSED] - navigateToUrl(RADurl): Navigate to 'https://demo.velocitypayment.com/client/rad/index.html' successfully

2024-10-17 14:36:14 - [MESSAGE][PASSED] - Navigate to 'https://demo.velocitypayment.com/client/rad/index.html' successfully

2024-10-17 14:36:14 - [TEST_STEP][PASSED] - orPath_Landing = "Object Repository/RAD_Pages/Landing_Page": null

2024-10-17 14:36:14 - [TEST_STEP][PASSED] - orPath_TaxTypeFilingYear = "Object Repository/RAD_Pages/TaxTypeFilingYear_Page": null

2024-10-17 14:36:14 - [TEST_STEP][PASSED] - orPath_TaxPayer = "Object Repository/RAD_Pages/Taxpayer_Page": null

2024-10-17 14:36:14 - [TEST_STEP][PASSED] - orPath_AddressContact = "Object Repository/RAD_Pages/AddressAndContactInfo_Page": null

2024-10-17 14:36:14 - [TEST_STEP][PASSED] - orPath_FilingStatus = "Object Repository/RAD_Pages/FilingStatus_Page": null

2024-10-17 14:36:14 - [TEST_STEP][PASSED] - orPath_Amount = "Object Repository/RAD_Pages/PaymentAmount_Page": null

2024-10-17 14:36:14 - [TEST_STEP][PASSED] - orPath_TaxInfo = "Object Repository/RAD_Pages/TaxInfo_Page": null

2024-10-17 14:36:14 - [TEST_STEP][PASSED] - orPath_Withholding = "Object Repository/RAD_Pages/Withholding_Page": null

2024-10-17 14:36:14 - [TEST_STEP][PASSED] - orPath_Summary = "Object Repository/RAD_Pages/Summary_Page": null

2024-10-17 14:36:14 - [TEST_STEP][PASSED] - orPath_PaymentReady = "Object Repository/RAD_Pages/PaymentReady_Page": null

2024-10-17 14:36:14 - [TEST_STEP][PASSED] - orPath_PaymentEntry = "Object Repository/RAD_Pages/PaymentEntry_Page": null

2024-10-17 14:36:14 - [TEST_STEP][PASSED] - orPath_PaymentConfirmation = "Object Repository/RAD_Pages/PaymentConfirmation_Page": null

2024-10-17 14:36:14 - [TEST_STEP][PASSED] - orPath_ServiceFeesAccept = "Object Repository/RAD_Pages/ServiceFeeAccept_Page": null

2024-10-17 14:36:14 - [TEST_STEP][PASSED] - selectOptionByLabel(findTestObject(orPath_Landing + "/dd_TaxType"), Taxtype, false): All options with label 'Existing Liability with Notice/Invoice Number' are selected in object 'Object Repository/RAD_Pages/Landing_Page/dd_TaxType' 

2024-10-17 14:36:15 - [MESSAGE][PASSED] - All options with label 'Existing Liability with Notice/Invoice Number' are selected in object 'Object Repository/RAD_Pages/Landing_Page/dd_TaxType' 

2024-10-17 14:36:15 - [TEST_STEP][PASSED] - delay(1): Delayed 1 second(s)

2024-10-17 14:36:16 - [MESSAGE][PASSED] - Delayed 1 second(s)

2024-10-17 14:36:16 - [TEST_STEP][PASSED] - selectOptionByLabel(findTestObject(orPath_TaxTypeFilingYear + "/select_TaxType_ExistingLiability"), TaxTypeEL, false): All options with label 'Fiduciary Tax' are selected in object 'Object Repository/RAD_Pages/TaxTypeFilingYear_Page/select_TaxType_ExistingLiability' 

2024-10-17 14:36:16 - [MESSAGE][PASSED] - All options with label 'Fiduciary Tax' are selected in object 'Object Repository/RAD_Pages/TaxTypeFilingYear_Page/select_TaxType_ExistingLiability' 

2024-10-17 14:36:16 - [TEST_STEP][PASSED] - setText(findTestObject(orPath_TaxInfo + "/input_NoticeInvoiceNumber"), notInvNumber): Text '0000000000' is set on object 'Object Repository/RAD_Pages/TaxInfo_Page/input_NoticeInvoiceNumber'

2024-10-17 14:36:17 - [MESSAGE][PASSED] - Text '0000000000' is set on object 'Object Repository/RAD_Pages/TaxInfo_Page/input_NoticeInvoiceNumber'

2024-10-17 14:36:17 - [TEST_STEP][PASSED] - setText(findTestObject(orPath_TaxInfo + "/input_reTypeNoticeInvoiceNumber"), notInvNumber): Text '0000000000' is set on object 'Object Repository/RAD_Pages/TaxInfo_Page/input_reTypeNoticeInvoiceNumber'

2024-10-17 14:36:18 - [MESSAGE][PASSED] - Text '0000000000' is set on object 'Object Repository/RAD_Pages/TaxInfo_Page/input_reTypeNoticeInvoiceNumber'

2024-10-17 14:36:18 - [TEST_STEP][PASSED] - println(notInvNumber): null

2024-10-17 14:36:18 - [TEST_STEP][PASSED] - if (verifyTextPresent(errorMsg, true)): null

2024-10-17 14:36:19 - [MESSAGE][PASSED] - Text 'Notice Number or Invoice Number must be 10, 11, or 13 digits in length, with a value greater than zero' is present on page  using regular expression

2024-10-17 14:36:19 - [TEST_STEP][PASSED] - println("Error Message is present on the page"): null

2024-10-17 14:36:19 - [TEST_STEP][PASSED] - out.println("Pass Record Number: " + row): null

2024-10-17 14:36:19 - [TEST_STEP][PASSED] - resText = "Pass": null

2024-10-17 14:36:19 - [TEST_STEP][PASSED] - pages.WriteExcel.demoKey(resText, datText, resColumn, datCloumn, fileLoc, nameSheet, row): pages.WriteExcel.demoKey is PASSED

2024-10-17 14:36:19 - [MESSAGE][PASSED] - pages.WriteExcel.demoKey is PASSED

2024-10-17 14:36:19 - [TEST_STEP][PASSED] - ExecuteTC = findTestData(dataFile).getValue("Execute", row): null

2024-10-17 14:36:19 - [TEST_STEP][PASSED] - Taxtype = findTestData(dataFile).getValue("TaxType", row): null

2024-10-17 14:36:19 - [TEST_STEP][PASSED] - TaxTypeEL = findTestData(dataFile).getValue("TaxTypeEL", row): null

2024-10-17 14:36:19 - [TEST_STEP][PASSED] - notInvNumber = findTestData(dataFile).getValue("NotiInvoNumber", row): null

2024-10-17 14:36:19 - [TEST_STEP][PASSED] - errorMsg = findTestData(dataFile).getValue("ErrorMessage", row): null

2024-10-17 14:36:19 - [TEST_STEP][PASSED] - out.println("Value of Execute is : " + ExecuteTC): null

2024-10-17 14:36:19 - [TEST_STEP][PASSED] - if (ExecuteTC.equalsIgnoreCase("Y")): null

2024-10-17 14:36:19 - [TEST_STEP][PASSED] - out.println("Begin Record Number: " + row): null

2024-10-17 14:36:19 - [TEST_STEP][PASSED] - today = new java.util.Date(): null

2024-10-17 14:36:19 - [TEST_STEP][PASSED] - println(today): null

2024-10-17 14:36:19 - [TEST_STEP][PASSED] - datText = today: null

2024-10-17 14:36:19 - [TEST_STEP][PASSED] - Taxtype = findTestData(dataFile).getValue("TaxType", row): null

2024-10-17 14:36:19 - [TEST_STEP][PASSED] - out.println("Taxtype value is : " + Taxtype): null

2024-10-17 14:36:19 - [TEST_STEP][PASSED] - openBrowser(""): Browser is opened with url: ''

2024-10-17 14:36:19 - [MESSAGE][WARNING] - A browser is already opened. Closing browser and opening a new one

2024-10-17 14:36:21 - [MESSAGE][INFO] - Starting 'Chrome' driver

2024-10-17 14:36:21 - [MESSAGE][INFO] - User set preference: ['acceptInsecureCerts', 'true']

2024-10-17 14:36:21 - [MESSAGE][INFO] - Action delay is set to 0 milliseconds

2024-10-17 14:36:22 - [MESSAGE][PASSED] - Browser is opened with url: ''

2024-10-17 14:36:22 - [TEST_STEP][PASSED] - maximizeWindow(): Current window maximized

2024-10-17 14:36:22 - [MESSAGE][PASSED] - Current window maximized

2024-10-17 14:36:22 - [TEST_STEP][PASSED] - navigateToUrl(RADurl): Navigate to 'https://demo.velocitypayment.com/client/rad/index.html' successfully

2024-10-17 14:36:23 - [MESSAGE][PASSED] - Navigate to 'https://demo.velocitypayment.com/client/rad/index.html' successfully

2024-10-17 14:36:23 - [TEST_STEP][PASSED] - orPath_Landing = "Object Repository/RAD_Pages/Landing_Page": null

2024-10-17 14:36:23 - [TEST_STEP][PASSED] - orPath_TaxTypeFilingYear = "Object Repository/RAD_Pages/TaxTypeFilingYear_Page": null

2024-10-17 14:36:23 - [TEST_STEP][PASSED] - orPath_TaxPayer = "Object Repository/RAD_Pages/Taxpayer_Page": null

2024-10-17 14:36:23 - [TEST_STEP][PASSED] - orPath_AddressContact = "Object Repository/RAD_Pages/AddressAndContactInfo_Page": null

2024-10-17 14:36:23 - [TEST_STEP][PASSED] - orPath_FilingStatus = "Object Repository/RAD_Pages/FilingStatus_Page": null

2024-10-17 14:36:23 - [TEST_STEP][PASSED] - orPath_Amount = "Object Repository/RAD_Pages/PaymentAmount_Page": null

2024-10-17 14:36:23 - [TEST_STEP][PASSED] - orPath_TaxInfo = "Object Repository/RAD_Pages/TaxInfo_Page": null

2024-10-17 14:36:23 - [TEST_STEP][PASSED] - orPath_Withholding = "Object Repository/RAD_Pages/Withholding_Page": null

2024-10-17 14:36:23 - [TEST_STEP][PASSED] - orPath_Summary = "Object Repository/RAD_Pages/Summary_Page": null

2024-10-17 14:36:23 - [TEST_STEP][PASSED] - orPath_PaymentReady = "Object Repository/RAD_Pages/PaymentReady_Page": null

2024-10-17 14:36:23 - [TEST_STEP][PASSED] - orPath_PaymentEntry = "Object Repository/RAD_Pages/PaymentEntry_Page": null

2024-10-17 14:36:23 - [TEST_STEP][PASSED] - orPath_PaymentConfirmation = "Object Repository/RAD_Pages/PaymentConfirmation_Page": null

2024-10-17 14:36:23 - [TEST_STEP][PASSED] - orPath_ServiceFeesAccept = "Object Repository/RAD_Pages/ServiceFeeAccept_Page": null

2024-10-17 14:36:23 - [TEST_STEP][PASSED] - selectOptionByLabel(findTestObject(orPath_Landing + "/dd_TaxType"), Taxtype, false): All options with label 'Existing Liability with Notice/Invoice Number' are selected in object 'Object Repository/RAD_Pages/Landing_Page/dd_TaxType' 

2024-10-17 14:36:25 - [MESSAGE][PASSED] - All options with label 'Existing Liability with Notice/Invoice Number' are selected in object 'Object Repository/RAD_Pages/Landing_Page/dd_TaxType' 

2024-10-17 14:36:25 - [TEST_STEP][PASSED] - delay(1): Delayed 1 second(s)

2024-10-17 14:36:26 - [MESSAGE][PASSED] - Delayed 1 second(s)

2024-10-17 14:36:26 - [TEST_STEP][PASSED] - selectOptionByLabel(findTestObject(orPath_TaxTypeFilingYear + "/select_TaxType_ExistingLiability"), TaxTypeEL, false): All options with label 'Personal Income Tax' are selected in object 'Object Repository/RAD_Pages/TaxTypeFilingYear_Page/select_TaxType_ExistingLiability' 

2024-10-17 14:36:26 - [MESSAGE][PASSED] - All options with label 'Personal Income Tax' are selected in object 'Object Repository/RAD_Pages/TaxTypeFilingYear_Page/select_TaxType_ExistingLiability' 

2024-10-17 14:36:26 - [TEST_STEP][PASSED] - setText(findTestObject(orPath_TaxInfo + "/input_NoticeInvoiceNumber"), notInvNumber): Text '123456789' is set on object 'Object Repository/RAD_Pages/TaxInfo_Page/input_NoticeInvoiceNumber'

2024-10-17 14:36:27 - [MESSAGE][PASSED] - Text '123456789' is set on object 'Object Repository/RAD_Pages/TaxInfo_Page/input_NoticeInvoiceNumber'

2024-10-17 14:36:27 - [TEST_STEP][PASSED] - setText(findTestObject(orPath_TaxInfo + "/input_reTypeNoticeInvoiceNumber"), notInvNumber): Text '123456789' is set on object 'Object Repository/RAD_Pages/TaxInfo_Page/input_reTypeNoticeInvoiceNumber'

2024-10-17 14:36:28 - [MESSAGE][PASSED] - Text '123456789' is set on object 'Object Repository/RAD_Pages/TaxInfo_Page/input_reTypeNoticeInvoiceNumber'

2024-10-17 14:36:28 - [TEST_STEP][PASSED] - println(notInvNumber): null

2024-10-17 14:36:28 - [TEST_STEP][PASSED] - if (verifyTextPresent(errorMsg, true)): null

2024-10-17 14:36:29 - [MESSAGE][PASSED] - Text 'Notice Number or Invoice Number must be 10, 11, or 13 digits in length, with a value greater than zero' is present on page  using regular expression

2024-10-17 14:36:29 - [TEST_STEP][PASSED] - println("Error Message is present on the page"): null

2024-10-17 14:36:29 - [TEST_STEP][PASSED] - out.println("Pass Record Number: " + row): null

2024-10-17 14:36:29 - [TEST_STEP][PASSED] - resText = "Pass": null

2024-10-17 14:36:29 - [TEST_STEP][PASSED] - pages.WriteExcel.demoKey(resText, datText, resColumn, datCloumn, fileLoc, nameSheet, row): pages.WriteExcel.demoKey is PASSED

2024-10-17 14:36:29 - [MESSAGE][PASSED] - pages.WriteExcel.demoKey is PASSED

2024-10-17 14:36:29 - [TEST_STEP][PASSED] - ExecuteTC = findTestData(dataFile).getValue("Execute", row): null

2024-10-17 14:36:29 - [TEST_STEP][PASSED] - Taxtype = findTestData(dataFile).getValue("TaxType", row): null

2024-10-17 14:36:29 - [TEST_STEP][PASSED] - TaxTypeEL = findTestData(dataFile).getValue("TaxTypeEL", row): null

2024-10-17 14:36:29 - [TEST_STEP][PASSED] - notInvNumber = findTestData(dataFile).getValue("NotiInvoNumber", row): null

2024-10-17 14:36:29 - [TEST_STEP][PASSED] - errorMsg = findTestData(dataFile).getValue("ErrorMessage", row): null

2024-10-17 14:36:29 - [TEST_STEP][PASSED] - out.println("Value of Execute is : " + ExecuteTC): null

2024-10-17 14:36:29 - [TEST_STEP][PASSED] - if (ExecuteTC.equalsIgnoreCase("Y")): null

2024-10-17 14:36:29 - [TEST_STEP][PASSED] - out.println("Begin Record Number: " + row): null

2024-10-17 14:36:29 - [TEST_STEP][PASSED] - today = new java.util.Date(): null

2024-10-17 14:36:29 - [TEST_STEP][PASSED] - println(today): null

2024-10-17 14:36:29 - [TEST_STEP][PASSED] - datText = today: null

2024-10-17 14:36:29 - [TEST_STEP][PASSED] - Taxtype = findTestData(dataFile).getValue("TaxType", row): null

2024-10-17 14:36:29 - [TEST_STEP][PASSED] - out.println("Taxtype value is : " + Taxtype): null

2024-10-17 14:36:29 - [TEST_STEP][PASSED] - openBrowser(""): Browser is opened with url: ''

2024-10-17 14:36:29 - [MESSAGE][WARNING] - A browser is already opened. Closing browser and opening a new one

2024-10-17 14:36:31 - [MESSAGE][INFO] - Starting 'Chrome' driver

2024-10-17 14:36:31 - [MESSAGE][INFO] - User set preference: ['acceptInsecureCerts', 'true']

2024-10-17 14:36:31 - [MESSAGE][INFO] - Action delay is set to 0 milliseconds

2024-10-17 14:36:32 - [MESSAGE][PASSED] - Browser is opened with url: ''

2024-10-17 14:36:32 - [TEST_STEP][PASSED] - maximizeWindow(): Current window maximized

2024-10-17 14:36:32 - [MESSAGE][PASSED] - Current window maximized

2024-10-17 14:36:32 - [TEST_STEP][PASSED] - navigateToUrl(RADurl): Navigate to 'https://demo.velocitypayment.com/client/rad/index.html' successfully

2024-10-17 14:36:34 - [MESSAGE][PASSED] - Navigate to 'https://demo.velocitypayment.com/client/rad/index.html' successfully

2024-10-17 14:36:34 - [TEST_STEP][PASSED] - orPath_Landing = "Object Repository/RAD_Pages/Landing_Page": null

2024-10-17 14:36:34 - [TEST_STEP][PASSED] - orPath_TaxTypeFilingYear = "Object Repository/RAD_Pages/TaxTypeFilingYear_Page": null

2024-10-17 14:36:34 - [TEST_STEP][PASSED] - orPath_TaxPayer = "Object Repository/RAD_Pages/Taxpayer_Page": null

2024-10-17 14:36:34 - [TEST_STEP][PASSED] - orPath_AddressContact = "Object Repository/RAD_Pages/AddressAndContactInfo_Page": null

2024-10-17 14:36:34 - [TEST_STEP][PASSED] - orPath_FilingStatus = "Object Repository/RAD_Pages/FilingStatus_Page": null

2024-10-17 14:36:34 - [TEST_STEP][PASSED] - orPath_Amount = "Object Repository/RAD_Pages/PaymentAmount_Page": null

2024-10-17 14:36:34 - [TEST_STEP][PASSED] - orPath_TaxInfo = "Object Repository/RAD_Pages/TaxInfo_Page": null

2024-10-17 14:36:34 - [TEST_STEP][PASSED] - orPath_Withholding = "Object Repository/RAD_Pages/Withholding_Page": null

2024-10-17 14:36:34 - [TEST_STEP][PASSED] - orPath_Summary = "Object Repository/RAD_Pages/Summary_Page": null

2024-10-17 14:36:34 - [TEST_STEP][PASSED] - orPath_PaymentReady = "Object Repository/RAD_Pages/PaymentReady_Page": null

2024-10-17 14:36:34 - [TEST_STEP][PASSED] - orPath_PaymentEntry = "Object Repository/RAD_Pages/PaymentEntry_Page": null

2024-10-17 14:36:34 - [TEST_STEP][PASSED] - orPath_PaymentConfirmation = "Object Repository/RAD_Pages/PaymentConfirmation_Page": null

2024-10-17 14:36:34 - [TEST_STEP][PASSED] - orPath_ServiceFeesAccept = "Object Repository/RAD_Pages/ServiceFeeAccept_Page": null

2024-10-17 14:36:34 - [TEST_STEP][PASSED] - selectOptionByLabel(findTestObject(orPath_Landing + "/dd_TaxType"), Taxtype, false): All options with label 'Existing Liability with Notice/Invoice Number' are selected in object 'Object Repository/RAD_Pages/Landing_Page/dd_TaxType' 

2024-10-17 14:36:35 - [MESSAGE][PASSED] - All options with label 'Existing Liability with Notice/Invoice Number' are selected in object 'Object Repository/RAD_Pages/Landing_Page/dd_TaxType' 

2024-10-17 14:36:35 - [TEST_STEP][PASSED] - delay(1): Delayed 1 second(s)

2024-10-17 14:36:36 - [MESSAGE][PASSED] - Delayed 1 second(s)

2024-10-17 14:36:36 - [TEST_STEP][PASSED] - selectOptionByLabel(findTestObject(orPath_TaxTypeFilingYear + "/select_TaxType_ExistingLiability"), TaxTypeEL, false): All options with label 'Personal Income Tax' are selected in object 'Object Repository/RAD_Pages/TaxTypeFilingYear_Page/select_TaxType_ExistingLiability' 

2024-10-17 14:36:37 - [MESSAGE][PASSED] - All options with label 'Personal Income Tax' are selected in object 'Object Repository/RAD_Pages/TaxTypeFilingYear_Page/select_TaxType_ExistingLiability' 

2024-10-17 14:36:37 - [TEST_STEP][PASSED] - setText(findTestObject(orPath_TaxInfo + "/input_NoticeInvoiceNumber"), notInvNumber): Text '123456789012' is set on object 'Object Repository/RAD_Pages/TaxInfo_Page/input_NoticeInvoiceNumber'

2024-10-17 14:36:38 - [MESSAGE][PASSED] - Text '123456789012' is set on object 'Object Repository/RAD_Pages/TaxInfo_Page/input_NoticeInvoiceNumber'

2024-10-17 14:36:38 - [TEST_STEP][PASSED] - setText(findTestObject(orPath_TaxInfo + "/input_reTypeNoticeInvoiceNumber"), notInvNumber): Text '123456789012' is set on object 'Object Repository/RAD_Pages/TaxInfo_Page/input_reTypeNoticeInvoiceNumber'

2024-10-17 14:36:38 - [MESSAGE][PASSED] - Text '123456789012' is set on object 'Object Repository/RAD_Pages/TaxInfo_Page/input_reTypeNoticeInvoiceNumber'

2024-10-17 14:36:38 - [TEST_STEP][PASSED] - println(notInvNumber): null

2024-10-17 14:36:38 - [TEST_STEP][PASSED] - if (verifyTextPresent(errorMsg, true)): null

2024-10-17 14:36:39 - [MESSAGE][PASSED] - Text 'Notice Number or Invoice Number must be 10, 11, or 13 digits in length, with a value greater than zero' is present on page  using regular expression

2024-10-17 14:36:39 - [TEST_STEP][PASSED] - println("Error Message is present on the page"): null

2024-10-17 14:36:39 - [TEST_STEP][PASSED] - out.println("Pass Record Number: " + row): null

2024-10-17 14:36:39 - [TEST_STEP][PASSED] - resText = "Pass": null

2024-10-17 14:36:39 - [TEST_STEP][PASSED] - pages.WriteExcel.demoKey(resText, datText, resColumn, datCloumn, fileLoc, nameSheet, row): pages.WriteExcel.demoKey is PASSED

2024-10-17 14:36:39 - [MESSAGE][PASSED] - pages.WriteExcel.demoKey is PASSED

2024-10-17 14:36:39 - [TEST_STEP][PASSED] - ExecuteTC = findTestData(dataFile).getValue("Execute", row): null

2024-10-17 14:36:39 - [TEST_STEP][PASSED] - Taxtype = findTestData(dataFile).getValue("TaxType", row): null

2024-10-17 14:36:39 - [TEST_STEP][PASSED] - TaxTypeEL = findTestData(dataFile).getValue("TaxTypeEL", row): null

2024-10-17 14:36:39 - [TEST_STEP][PASSED] - notInvNumber = findTestData(dataFile).getValue("NotiInvoNumber", row): null

2024-10-17 14:36:39 - [TEST_STEP][PASSED] - errorMsg = findTestData(dataFile).getValue("ErrorMessage", row): null

2024-10-17 14:36:39 - [TEST_STEP][PASSED] - out.println("Value of Execute is : " + ExecuteTC): null

2024-10-17 14:36:39 - [TEST_STEP][PASSED] - if (ExecuteTC.equalsIgnoreCase("Y")): null

2024-10-17 14:36:39 - [TEST_STEP][PASSED] - out.println("Begin Record Number: " + row): null

2024-10-17 14:36:39 - [TEST_STEP][PASSED] - today = new java.util.Date(): null

2024-10-17 14:36:39 - [TEST_STEP][PASSED] - println(today): null

2024-10-17 14:36:39 - [TEST_STEP][PASSED] - datText = today: null

2024-10-17 14:36:39 - [TEST_STEP][PASSED] - Taxtype = findTestData(dataFile).getValue("TaxType", row): null

2024-10-17 14:36:39 - [TEST_STEP][PASSED] - out.println("Taxtype value is : " + Taxtype): null

2024-10-17 14:36:39 - [TEST_STEP][PASSED] - openBrowser(""): Browser is opened with url: ''

2024-10-17 14:36:39 - [MESSAGE][WARNING] - A browser is already opened. Closing browser and opening a new one

2024-10-17 14:36:41 - [MESSAGE][INFO] - Starting 'Chrome' driver

2024-10-17 14:36:41 - [MESSAGE][INFO] - User set preference: ['acceptInsecureCerts', 'true']

2024-10-17 14:36:41 - [MESSAGE][INFO] - Action delay is set to 0 milliseconds

2024-10-17 14:36:42 - [MESSAGE][PASSED] - Browser is opened with url: ''

2024-10-17 14:36:42 - [TEST_STEP][PASSED] - maximizeWindow(): Current window maximized

2024-10-17 14:36:43 - [MESSAGE][PASSED] - Current window maximized

2024-10-17 14:36:43 - [TEST_STEP][PASSED] - navigateToUrl(RADurl): Navigate to 'https://demo.velocitypayment.com/client/rad/index.html' successfully

2024-10-17 14:36:44 - [MESSAGE][PASSED] - Navigate to 'https://demo.velocitypayment.com/client/rad/index.html' successfully

2024-10-17 14:36:44 - [TEST_STEP][PASSED] - orPath_Landing = "Object Repository/RAD_Pages/Landing_Page": null

2024-10-17 14:36:44 - [TEST_STEP][PASSED] - orPath_TaxTypeFilingYear = "Object Repository/RAD_Pages/TaxTypeFilingYear_Page": null

2024-10-17 14:36:44 - [TEST_STEP][PASSED] - orPath_TaxPayer = "Object Repository/RAD_Pages/Taxpayer_Page": null

2024-10-17 14:36:44 - [TEST_STEP][PASSED] - orPath_AddressContact = "Object Repository/RAD_Pages/AddressAndContactInfo_Page": null

2024-10-17 14:36:44 - [TEST_STEP][PASSED] - orPath_FilingStatus = "Object Repository/RAD_Pages/FilingStatus_Page": null

2024-10-17 14:36:44 - [TEST_STEP][PASSED] - orPath_Amount = "Object Repository/RAD_Pages/PaymentAmount_Page": null

2024-10-17 14:36:44 - [TEST_STEP][PASSED] - orPath_TaxInfo = "Object Repository/RAD_Pages/TaxInfo_Page": null

2024-10-17 14:36:44 - [TEST_STEP][PASSED] - orPath_Withholding = "Object Repository/RAD_Pages/Withholding_Page": null

2024-10-17 14:36:44 - [TEST_STEP][PASSED] - orPath_Summary = "Object Repository/RAD_Pages/Summary_Page": null

2024-10-17 14:36:44 - [TEST_STEP][PASSED] - orPath_PaymentReady = "Object Repository/RAD_Pages/PaymentReady_Page": null

2024-10-17 14:36:44 - [TEST_STEP][PASSED] - orPath_PaymentEntry = "Object Repository/RAD_Pages/PaymentEntry_Page": null

2024-10-17 14:36:44 - [TEST_STEP][PASSED] - orPath_PaymentConfirmation = "Object Repository/RAD_Pages/PaymentConfirmation_Page": null

2024-10-17 14:36:44 - [TEST_STEP][PASSED] - orPath_ServiceFeesAccept = "Object Repository/RAD_Pages/ServiceFeeAccept_Page": null

2024-10-17 14:36:44 - [TEST_STEP][PASSED] - selectOptionByLabel(findTestObject(orPath_Landing + "/dd_TaxType"), Taxtype, false): All options with label 'Existing Liability with Notice/Invoice Number' are selected in object 'Object Repository/RAD_Pages/Landing_Page/dd_TaxType' 

2024-10-17 14:36:45 - [MESSAGE][PASSED] - All options with label 'Existing Liability with Notice/Invoice Number' are selected in object 'Object Repository/RAD_Pages/Landing_Page/dd_TaxType' 

2024-10-17 14:36:45 - [TEST_STEP][PASSED] - delay(1): Delayed 1 second(s)

2024-10-17 14:36:46 - [MESSAGE][PASSED] - Delayed 1 second(s)

2024-10-17 14:36:46 - [TEST_STEP][PASSED] - selectOptionByLabel(findTestObject(orPath_TaxTypeFilingYear + "/select_TaxType_ExistingLiability"), TaxTypeEL, false): All options with label 'Personal Income Tax' are selected in object 'Object Repository/RAD_Pages/TaxTypeFilingYear_Page/select_TaxType_ExistingLiability' 

2024-10-17 14:36:46 - [MESSAGE][PASSED] - All options with label 'Personal Income Tax' are selected in object 'Object Repository/RAD_Pages/TaxTypeFilingYear_Page/select_TaxType_ExistingLiability' 

2024-10-17 14:36:46 - [TEST_STEP][PASSED] - setText(findTestObject(orPath_TaxInfo + "/input_NoticeInvoiceNumber"), notInvNumber): Text '0000000000' is set on object 'Object Repository/RAD_Pages/TaxInfo_Page/input_NoticeInvoiceNumber'

2024-10-17 14:36:47 - [MESSAGE][PASSED] - Text '0000000000' is set on object 'Object Repository/RAD_Pages/TaxInfo_Page/input_NoticeInvoiceNumber'

2024-10-17 14:36:47 - [TEST_STEP][PASSED] - setText(findTestObject(orPath_TaxInfo + "/input_reTypeNoticeInvoiceNumber"), notInvNumber): Text '0000000000' is set on object 'Object Repository/RAD_Pages/TaxInfo_Page/input_reTypeNoticeInvoiceNumber'

2024-10-17 14:36:48 - [MESSAGE][PASSED] - Text '0000000000' is set on object 'Object Repository/RAD_Pages/TaxInfo_Page/input_reTypeNoticeInvoiceNumber'

2024-10-17 14:36:48 - [TEST_STEP][PASSED] - println(notInvNumber): null

2024-10-17 14:36:48 - [TEST_STEP][PASSED] - if (verifyTextPresent(errorMsg, true)): null

2024-10-17 14:36:49 - [MESSAGE][PASSED] - Text 'Notice Number or Invoice Number must be 10, 11, or 13 digits in length, with a value greater than zero' is present on page  using regular expression

2024-10-17 14:36:49 - [TEST_STEP][PASSED] - println("Error Message is present on the page"): null

2024-10-17 14:36:49 - [TEST_STEP][PASSED] - out.println("Pass Record Number: " + row): null

2024-10-17 14:36:49 - [TEST_STEP][PASSED] - resText = "Pass": null

2024-10-17 14:36:49 - [TEST_STEP][PASSED] - pages.WriteExcel.demoKey(resText, datText, resColumn, datCloumn, fileLoc, nameSheet, row): pages.WriteExcel.demoKey is PASSED

2024-10-17 14:36:49 - [MESSAGE][PASSED] - pages.WriteExcel.demoKey is PASSED

2024-10-17 14:36:49 - [TEST_STEP][PASSED] - ExecuteTC = findTestData(dataFile).getValue("Execute", row): null

2024-10-17 14:36:49 - [TEST_STEP][PASSED] - Taxtype = findTestData(dataFile).getValue("TaxType", row): null

2024-10-17 14:36:49 - [TEST_STEP][PASSED] - TaxTypeEL = findTestData(dataFile).getValue("TaxTypeEL", row): null

2024-10-17 14:36:49 - [TEST_STEP][PASSED] - notInvNumber = findTestData(dataFile).getValue("NotiInvoNumber", row): null

2024-10-17 14:36:49 - [TEST_STEP][PASSED] - errorMsg = findTestData(dataFile).getValue("ErrorMessage", row): null

2024-10-17 14:36:49 - [TEST_STEP][PASSED] - out.println("Value of Execute is : " + ExecuteTC): null

2024-10-17 14:36:49 - [TEST_STEP][PASSED] - if (ExecuteTC.equalsIgnoreCase("Y")): null

2024-10-17 14:36:49 - [TEST_STEP][PASSED] - out.println("Begin Record Number: " + row): null

2024-10-17 14:36:49 - [TEST_STEP][PASSED] - today = new java.util.Date(): null

2024-10-17 14:36:49 - [TEST_STEP][PASSED] - println(today): null

2024-10-17 14:36:49 - [TEST_STEP][PASSED] - datText = today: null

2024-10-17 14:36:49 - [TEST_STEP][PASSED] - Taxtype = findTestData(dataFile).getValue("TaxType", row): null

2024-10-17 14:36:49 - [TEST_STEP][PASSED] - out.println("Taxtype value is : " + Taxtype): null

2024-10-17 14:36:49 - [TEST_STEP][PASSED] - openBrowser(""): Browser is opened with url: ''

2024-10-17 14:36:49 - [MESSAGE][WARNING] - A browser is already opened. Closing browser and opening a new one

2024-10-17 14:36:51 - [MESSAGE][INFO] - Starting 'Chrome' driver

2024-10-17 14:36:51 - [MESSAGE][INFO] - User set preference: ['acceptInsecureCerts', 'true']

2024-10-17 14:36:51 - [MESSAGE][INFO] - Action delay is set to 0 milliseconds

2024-10-17 14:36:53 - [MESSAGE][PASSED] - Browser is opened with url: ''

2024-10-17 14:36:53 - [TEST_STEP][PASSED] - maximizeWindow(): Current window maximized

2024-10-17 14:36:53 - [MESSAGE][PASSED] - Current window maximized

2024-10-17 14:36:53 - [TEST_STEP][PASSED] - navigateToUrl(RADurl): Navigate to 'https://demo.velocitypayment.com/client/rad/index.html' successfully

2024-10-17 14:36:54 - [MESSAGE][PASSED] - Navigate to 'https://demo.velocitypayment.com/client/rad/index.html' successfully

2024-10-17 14:36:54 - [TEST_STEP][PASSED] - orPath_Landing = "Object Repository/RAD_Pages/Landing_Page": null

2024-10-17 14:36:54 - [TEST_STEP][PASSED] - orPath_TaxTypeFilingYear = "Object Repository/RAD_Pages/TaxTypeFilingYear_Page": null

2024-10-17 14:36:54 - [TEST_STEP][PASSED] - orPath_TaxPayer = "Object Repository/RAD_Pages/Taxpayer_Page": null

2024-10-17 14:36:54 - [TEST_STEP][PASSED] - orPath_AddressContact = "Object Repository/RAD_Pages/AddressAndContactInfo_Page": null

2024-10-17 14:36:54 - [TEST_STEP][PASSED] - orPath_FilingStatus = "Object Repository/RAD_Pages/FilingStatus_Page": null

2024-10-17 14:36:54 - [TEST_STEP][PASSED] - orPath_Amount = "Object Repository/RAD_Pages/PaymentAmount_Page": null

2024-10-17 14:36:54 - [TEST_STEP][PASSED] - orPath_TaxInfo = "Object Repository/RAD_Pages/TaxInfo_Page": null

2024-10-17 14:36:54 - [TEST_STEP][PASSED] - orPath_Withholding = "Object Repository/RAD_Pages/Withholding_Page": null

2024-10-17 14:36:54 - [TEST_STEP][PASSED] - orPath_Summary = "Object Repository/RAD_Pages/Summary_Page": null

2024-10-17 14:36:54 - [TEST_STEP][PASSED] - orPath_PaymentReady = "Object Repository/RAD_Pages/PaymentReady_Page": null

2024-10-17 14:36:54 - [TEST_STEP][PASSED] - orPath_PaymentEntry = "Object Repository/RAD_Pages/PaymentEntry_Page": null

2024-10-17 14:36:54 - [TEST_STEP][PASSED] - orPath_PaymentConfirmation = "Object Repository/RAD_Pages/PaymentConfirmation_Page": null

2024-10-17 14:36:54 - [TEST_STEP][PASSED] - orPath_ServiceFeesAccept = "Object Repository/RAD_Pages/ServiceFeeAccept_Page": null

2024-10-17 14:36:54 - [TEST_STEP][PASSED] - selectOptionByLabel(findTestObject(orPath_Landing + "/dd_TaxType"), Taxtype, false): All options with label 'Existing Liability with Notice/Invoice Number' are selected in object 'Object Repository/RAD_Pages/Landing_Page/dd_TaxType' 

2024-10-17 14:36:55 - [MESSAGE][PASSED] - All options with label 'Existing Liability with Notice/Invoice Number' are selected in object 'Object Repository/RAD_Pages/Landing_Page/dd_TaxType' 

2024-10-17 14:36:55 - [TEST_STEP][PASSED] - delay(1): Delayed 1 second(s)

2024-10-17 14:36:56 - [MESSAGE][PASSED] - Delayed 1 second(s)

2024-10-17 14:36:56 - [TEST_STEP][PASSED] - selectOptionByLabel(findTestObject(orPath_TaxTypeFilingYear + "/select_TaxType_ExistingLiability"), TaxTypeEL, false): All options with label 'PTE Non-Electing Non-S Corp' are selected in object 'Object Repository/RAD_Pages/TaxTypeFilingYear_Page/select_TaxType_ExistingLiability' 

2024-10-17 14:36:57 - [MESSAGE][PASSED] - All options with label 'PTE Non-Electing Non-S Corp' are selected in object 'Object Repository/RAD_Pages/TaxTypeFilingYear_Page/select_TaxType_ExistingLiability' 

2024-10-17 14:36:57 - [TEST_STEP][PASSED] - setText(findTestObject(orPath_TaxInfo + "/input_NoticeInvoiceNumber"), notInvNumber): Text '123456789' is set on object 'Object Repository/RAD_Pages/TaxInfo_Page/input_NoticeInvoiceNumber'

2024-10-17 14:36:58 - [MESSAGE][PASSED] - Text '123456789' is set on object 'Object Repository/RAD_Pages/TaxInfo_Page/input_NoticeInvoiceNumber'

2024-10-17 14:36:58 - [TEST_STEP][PASSED] - setText(findTestObject(orPath_TaxInfo + "/input_reTypeNoticeInvoiceNumber"), notInvNumber): Text '123456789' is set on object 'Object Repository/RAD_Pages/TaxInfo_Page/input_reTypeNoticeInvoiceNumber'

2024-10-17 14:36:58 - [MESSAGE][PASSED] - Text '123456789' is set on object 'Object Repository/RAD_Pages/TaxInfo_Page/input_reTypeNoticeInvoiceNumber'

2024-10-17 14:36:58 - [TEST_STEP][PASSED] - println(notInvNumber): null

2024-10-17 14:36:58 - [TEST_STEP][PASSED] - if (verifyTextPresent(errorMsg, true)): null

2024-10-17 14:36:59 - [MESSAGE][PASSED] - Text 'Notice Number or Invoice Number must be 10, 11, or 13 digits in length, with a value greater than zero' is present on page  using regular expression

2024-10-17 14:36:59 - [TEST_STEP][PASSED] - println("Error Message is present on the page"): null

2024-10-17 14:36:59 - [TEST_STEP][PASSED] - out.println("Pass Record Number: " + row): null

2024-10-17 14:36:59 - [TEST_STEP][PASSED] - resText = "Pass": null

2024-10-17 14:36:59 - [TEST_STEP][PASSED] - pages.WriteExcel.demoKey(resText, datText, resColumn, datCloumn, fileLoc, nameSheet, row): pages.WriteExcel.demoKey is PASSED

2024-10-17 14:36:59 - [MESSAGE][PASSED] - pages.WriteExcel.demoKey is PASSED

2024-10-17 14:36:59 - [TEST_STEP][PASSED] - ExecuteTC = findTestData(dataFile).getValue("Execute", row): null

2024-10-17 14:36:59 - [TEST_STEP][PASSED] - Taxtype = findTestData(dataFile).getValue("TaxType", row): null

2024-10-17 14:36:59 - [TEST_STEP][PASSED] - TaxTypeEL = findTestData(dataFile).getValue("TaxTypeEL", row): null

2024-10-17 14:36:59 - [TEST_STEP][PASSED] - notInvNumber = findTestData(dataFile).getValue("NotiInvoNumber", row): null

2024-10-17 14:36:59 - [TEST_STEP][PASSED] - errorMsg = findTestData(dataFile).getValue("ErrorMessage", row): null

2024-10-17 14:36:59 - [TEST_STEP][PASSED] - out.println("Value of Execute is : " + ExecuteTC): null

2024-10-17 14:36:59 - [TEST_STEP][PASSED] - if (ExecuteTC.equalsIgnoreCase("Y")): null

2024-10-17 14:36:59 - [TEST_STEP][PASSED] - out.println("Begin Record Number: " + row): null

2024-10-17 14:36:59 - [TEST_STEP][PASSED] - today = new java.util.Date(): null

2024-10-17 14:36:59 - [TEST_STEP][PASSED] - println(today): null

2024-10-17 14:36:59 - [TEST_STEP][PASSED] - datText = today: null

2024-10-17 14:36:59 - [TEST_STEP][PASSED] - Taxtype = findTestData(dataFile).getValue("TaxType", row): null

2024-10-17 14:36:59 - [TEST_STEP][PASSED] - out.println("Taxtype value is : " + Taxtype): null

2024-10-17 14:36:59 - [TEST_STEP][PASSED] - openBrowser(""): Browser is opened with url: ''

2024-10-17 14:36:59 - [MESSAGE][WARNING] - A browser is already opened. Closing browser and opening a new one

2024-10-17 14:37:01 - [MESSAGE][INFO] - Starting 'Chrome' driver

2024-10-17 14:37:01 - [MESSAGE][INFO] - User set preference: ['acceptInsecureCerts', 'true']

2024-10-17 14:37:01 - [MESSAGE][INFO] - Action delay is set to 0 milliseconds

2024-10-17 14:37:03 - [MESSAGE][PASSED] - Browser is opened with url: ''

2024-10-17 14:37:03 - [TEST_STEP][PASSED] - maximizeWindow(): Current window maximized

2024-10-17 14:37:03 - [MESSAGE][PASSED] - Current window maximized

2024-10-17 14:37:03 - [TEST_STEP][PASSED] - navigateToUrl(RADurl): Navigate to 'https://demo.velocitypayment.com/client/rad/index.html' successfully

2024-10-17 14:37:05 - [MESSAGE][PASSED] - Navigate to 'https://demo.velocitypayment.com/client/rad/index.html' successfully

2024-10-17 14:37:05 - [TEST_STEP][PASSED] - orPath_Landing = "Object Repository/RAD_Pages/Landing_Page": null

2024-10-17 14:37:05 - [TEST_STEP][PASSED] - orPath_TaxTypeFilingYear = "Object Repository/RAD_Pages/TaxTypeFilingYear_Page": null

2024-10-17 14:37:05 - [TEST_STEP][PASSED] - orPath_TaxPayer = "Object Repository/RAD_Pages/Taxpayer_Page": null

2024-10-17 14:37:05 - [TEST_STEP][PASSED] - orPath_AddressContact = "Object Repository/RAD_Pages/AddressAndContactInfo_Page": null

2024-10-17 14:37:05 - [TEST_STEP][PASSED] - orPath_FilingStatus = "Object Repository/RAD_Pages/FilingStatus_Page": null

2024-10-17 14:37:05 - [TEST_STEP][PASSED] - orPath_Amount = "Object Repository/RAD_Pages/PaymentAmount_Page": null

2024-10-17 14:37:05 - [TEST_STEP][PASSED] - orPath_TaxInfo = "Object Repository/RAD_Pages/TaxInfo_Page": null

2024-10-17 14:37:05 - [TEST_STEP][PASSED] - orPath_Withholding = "Object Repository/RAD_Pages/Withholding_Page": null

2024-10-17 14:37:05 - [TEST_STEP][PASSED] - orPath_Summary = "Object Repository/RAD_Pages/Summary_Page": null

2024-10-17 14:37:05 - [TEST_STEP][PASSED] - orPath_PaymentReady = "Object Repository/RAD_Pages/PaymentReady_Page": null

2024-10-17 14:37:05 - [TEST_STEP][PASSED] - orPath_PaymentEntry = "Object Repository/RAD_Pages/PaymentEntry_Page": null

2024-10-17 14:37:05 - [TEST_STEP][PASSED] - orPath_PaymentConfirmation = "Object Repository/RAD_Pages/PaymentConfirmation_Page": null

2024-10-17 14:37:05 - [TEST_STEP][PASSED] - orPath_ServiceFeesAccept = "Object Repository/RAD_Pages/ServiceFeeAccept_Page": null

2024-10-17 14:37:05 - [TEST_STEP][PASSED] - selectOptionByLabel(findTestObject(orPath_Landing + "/dd_TaxType"), Taxtype, false): All options with label 'Existing Liability with Notice/Invoice Number' are selected in object 'Object Repository/RAD_Pages/Landing_Page/dd_TaxType' 

2024-10-17 14:37:06 - [MESSAGE][PASSED] - All options with label 'Existing Liability with Notice/Invoice Number' are selected in object 'Object Repository/RAD_Pages/Landing_Page/dd_TaxType' 

2024-10-17 14:37:06 - [TEST_STEP][PASSED] - delay(1): Delayed 1 second(s)

2024-10-17 14:37:07 - [MESSAGE][PASSED] - Delayed 1 second(s)

2024-10-17 14:37:07 - [TEST_STEP][PASSED] - selectOptionByLabel(findTestObject(orPath_TaxTypeFilingYear + "/select_TaxType_ExistingLiability"), TaxTypeEL, false): All options with label 'PTE Non-Electing Non-S Corp' are selected in object 'Object Repository/RAD_Pages/TaxTypeFilingYear_Page/select_TaxType_ExistingLiability' 

2024-10-17 14:37:07 - [MESSAGE][PASSED] - All options with label 'PTE Non-Electing Non-S Corp' are selected in object 'Object Repository/RAD_Pages/TaxTypeFilingYear_Page/select_TaxType_ExistingLiability' 

2024-10-17 14:37:07 - [TEST_STEP][PASSED] - setText(findTestObject(orPath_TaxInfo + "/input_NoticeInvoiceNumber"), notInvNumber): Text '123456789012' is set on object 'Object Repository/RAD_Pages/TaxInfo_Page/input_NoticeInvoiceNumber'

2024-10-17 14:37:08 - [MESSAGE][PASSED] - Text '123456789012' is set on object 'Object Repository/RAD_Pages/TaxInfo_Page/input_NoticeInvoiceNumber'

2024-10-17 14:37:08 - [TEST_STEP][PASSED] - setText(findTestObject(orPath_TaxInfo + "/input_reTypeNoticeInvoiceNumber"), notInvNumber): Text '123456789012' is set on object 'Object Repository/RAD_Pages/TaxInfo_Page/input_reTypeNoticeInvoiceNumber'

2024-10-17 14:37:09 - [MESSAGE][PASSED] - Text '123456789012' is set on object 'Object Repository/RAD_Pages/TaxInfo_Page/input_reTypeNoticeInvoiceNumber'

2024-10-17 14:37:09 - [TEST_STEP][PASSED] - println(notInvNumber): null

2024-10-17 14:37:09 - [TEST_STEP][PASSED] - if (verifyTextPresent(errorMsg, true)): null

2024-10-17 14:37:10 - [MESSAGE][PASSED] - Text 'Notice Number or Invoice Number must be 10, 11, or 13 digits in length, with a value greater than zero' is present on page  using regular expression

2024-10-17 14:37:10 - [TEST_STEP][PASSED] - println("Error Message is present on the page"): null

2024-10-17 14:37:10 - [TEST_STEP][PASSED] - out.println("Pass Record Number: " + row): null

2024-10-17 14:37:10 - [TEST_STEP][PASSED] - resText = "Pass": null

2024-10-17 14:37:10 - [TEST_STEP][PASSED] - pages.WriteExcel.demoKey(resText, datText, resColumn, datCloumn, fileLoc, nameSheet, row): pages.WriteExcel.demoKey is PASSED

2024-10-17 14:37:10 - [MESSAGE][PASSED] - pages.WriteExcel.demoKey is PASSED

2024-10-17 14:37:10 - [TEST_STEP][PASSED] - ExecuteTC = findTestData(dataFile).getValue("Execute", row): null

2024-10-17 14:37:10 - [TEST_STEP][PASSED] - Taxtype = findTestData(dataFile).getValue("TaxType", row): null

2024-10-17 14:37:10 - [TEST_STEP][PASSED] - TaxTypeEL = findTestData(dataFile).getValue("TaxTypeEL", row): null

2024-10-17 14:37:10 - [TEST_STEP][PASSED] - notInvNumber = findTestData(dataFile).getValue("NotiInvoNumber", row): null

2024-10-17 14:37:10 - [TEST_STEP][PASSED] - errorMsg = findTestData(dataFile).getValue("ErrorMessage", row): null

2024-10-17 14:37:10 - [TEST_STEP][PASSED] - out.println("Value of Execute is : " + ExecuteTC): null

2024-10-17 14:37:10 - [TEST_STEP][PASSED] - if (ExecuteTC.equalsIgnoreCase("Y")): null

2024-10-17 14:37:10 - [TEST_STEP][PASSED] - out.println("Begin Record Number: " + row): null

2024-10-17 14:37:10 - [TEST_STEP][PASSED] - today = new java.util.Date(): null

2024-10-17 14:37:10 - [TEST_STEP][PASSED] - println(today): null

2024-10-17 14:37:10 - [TEST_STEP][PASSED] - datText = today: null

2024-10-17 14:37:10 - [TEST_STEP][PASSED] - Taxtype = findTestData(dataFile).getValue("TaxType", row): null

2024-10-17 14:37:10 - [TEST_STEP][PASSED] - out.println("Taxtype value is : " + Taxtype): null

2024-10-17 14:37:10 - [TEST_STEP][PASSED] - openBrowser(""): Browser is opened with url: ''

2024-10-17 14:37:10 - [MESSAGE][WARNING] - A browser is already opened. Closing browser and opening a new one

2024-10-17 14:37:12 - [MESSAGE][INFO] - Starting 'Chrome' driver

2024-10-17 14:37:12 - [MESSAGE][INFO] - User set preference: ['acceptInsecureCerts', 'true']

2024-10-17 14:37:12 - [MESSAGE][INFO] - Action delay is set to 0 milliseconds

2024-10-17 14:37:14 - [MESSAGE][PASSED] - Browser is opened with url: ''

2024-10-17 14:37:14 - [TEST_STEP][PASSED] - maximizeWindow(): Current window maximized

2024-10-17 14:37:14 - [MESSAGE][PASSED] - Current window maximized

2024-10-17 14:37:14 - [TEST_STEP][PASSED] - navigateToUrl(RADurl): Navigate to 'https://demo.velocitypayment.com/client/rad/index.html' successfully

2024-10-17 14:37:15 - [MESSAGE][PASSED] - Navigate to 'https://demo.velocitypayment.com/client/rad/index.html' successfully

2024-10-17 14:37:15 - [TEST_STEP][PASSED] - orPath_Landing = "Object Repository/RAD_Pages/Landing_Page": null

2024-10-17 14:37:15 - [TEST_STEP][PASSED] - orPath_TaxTypeFilingYear = "Object Repository/RAD_Pages/TaxTypeFilingYear_Page": null

2024-10-17 14:37:15 - [TEST_STEP][PASSED] - orPath_TaxPayer = "Object Repository/RAD_Pages/Taxpayer_Page": null

2024-10-17 14:37:15 - [TEST_STEP][PASSED] - orPath_AddressContact = "Object Repository/RAD_Pages/AddressAndContactInfo_Page": null

2024-10-17 14:37:15 - [TEST_STEP][PASSED] - orPath_FilingStatus = "Object Repository/RAD_Pages/FilingStatus_Page": null

2024-10-17 14:37:15 - [TEST_STEP][PASSED] - orPath_Amount = "Object Repository/RAD_Pages/PaymentAmount_Page": null

2024-10-17 14:37:15 - [TEST_STEP][PASSED] - orPath_TaxInfo = "Object Repository/RAD_Pages/TaxInfo_Page": null

2024-10-17 14:37:15 - [TEST_STEP][PASSED] - orPath_Withholding = "Object Repository/RAD_Pages/Withholding_Page": null

2024-10-17 14:37:15 - [TEST_STEP][PASSED] - orPath_Summary = "Object Repository/RAD_Pages/Summary_Page": null

2024-10-17 14:37:15 - [TEST_STEP][PASSED] - orPath_PaymentReady = "Object Repository/RAD_Pages/PaymentReady_Page": null

2024-10-17 14:37:15 - [TEST_STEP][PASSED] - orPath_PaymentEntry = "Object Repository/RAD_Pages/PaymentEntry_Page": null

2024-10-17 14:37:15 - [TEST_STEP][PASSED] - orPath_PaymentConfirmation = "Object Repository/RAD_Pages/PaymentConfirmation_Page": null

2024-10-17 14:37:15 - [TEST_STEP][PASSED] - orPath_ServiceFeesAccept = "Object Repository/RAD_Pages/ServiceFeeAccept_Page": null

2024-10-17 14:37:15 - [TEST_STEP][PASSED] - selectOptionByLabel(findTestObject(orPath_Landing + "/dd_TaxType"), Taxtype, false): All options with label 'Existing Liability with Notice/Invoice Number' are selected in object 'Object Repository/RAD_Pages/Landing_Page/dd_TaxType' 

2024-10-17 14:37:17 - [MESSAGE][PASSED] - All options with label 'Existing Liability with Notice/Invoice Number' are selected in object 'Object Repository/RAD_Pages/Landing_Page/dd_TaxType' 

2024-10-17 14:37:17 - [TEST_STEP][PASSED] - delay(1): Delayed 1 second(s)

2024-10-17 14:37:18 - [MESSAGE][PASSED] - Delayed 1 second(s)

2024-10-17 14:37:18 - [TEST_STEP][PASSED] - selectOptionByLabel(findTestObject(orPath_TaxTypeFilingYear + "/select_TaxType_ExistingLiability"), TaxTypeEL, false): All options with label 'PTE Non-Electing Non-S Corp' are selected in object 'Object Repository/RAD_Pages/TaxTypeFilingYear_Page/select_TaxType_ExistingLiability' 

2024-10-17 14:37:19 - [MESSAGE][PASSED] - All options with label 'PTE Non-Electing Non-S Corp' are selected in object 'Object Repository/RAD_Pages/TaxTypeFilingYear_Page/select_TaxType_ExistingLiability' 

2024-10-17 14:37:19 - [TEST_STEP][PASSED] - setText(findTestObject(orPath_TaxInfo + "/input_NoticeInvoiceNumber"), notInvNumber): Text '0000000000' is set on object 'Object Repository/RAD_Pages/TaxInfo_Page/input_NoticeInvoiceNumber'

2024-10-17 14:37:20 - [MESSAGE][PASSED] - Text '0000000000' is set on object 'Object Repository/RAD_Pages/TaxInfo_Page/input_NoticeInvoiceNumber'

2024-10-17 14:37:20 - [TEST_STEP][PASSED] - setText(findTestObject(orPath_TaxInfo + "/input_reTypeNoticeInvoiceNumber"), notInvNumber): Text '0000000000' is set on object 'Object Repository/RAD_Pages/TaxInfo_Page/input_reTypeNoticeInvoiceNumber'

2024-10-17 14:37:21 - [MESSAGE][PASSED] - Text '0000000000' is set on object 'Object Repository/RAD_Pages/TaxInfo_Page/input_reTypeNoticeInvoiceNumber'

2024-10-17 14:37:21 - [TEST_STEP][PASSED] - println(notInvNumber): null

2024-10-17 14:37:21 - [TEST_STEP][PASSED] - if (verifyTextPresent(errorMsg, true)): null

2024-10-17 14:37:21 - [MESSAGE][PASSED] - Text 'Notice Number or Invoice Number must be 10, 11, or 13 digits in length, with a value greater than zero' is present on page  using regular expression

2024-10-17 14:37:21 - [TEST_STEP][PASSED] - println("Error Message is present on the page"): null

2024-10-17 14:37:21 - [TEST_STEP][PASSED] - out.println("Pass Record Number: " + row): null

2024-10-17 14:37:21 - [TEST_STEP][PASSED] - resText = "Pass": null

2024-10-17 14:37:21 - [TEST_STEP][PASSED] - pages.WriteExcel.demoKey(resText, datText, resColumn, datCloumn, fileLoc, nameSheet, row): pages.WriteExcel.demoKey is PASSED

2024-10-17 14:37:21 - [MESSAGE][PASSED] - pages.WriteExcel.demoKey is PASSED

2024-10-17 14:37:21 - [TEST_STEP][PASSED] - ExecuteTC = findTestData(dataFile).getValue("Execute", row): null

2024-10-17 14:37:21 - [TEST_STEP][PASSED] - Taxtype = findTestData(dataFile).getValue("TaxType", row): null

2024-10-17 14:37:21 - [TEST_STEP][PASSED] - TaxTypeEL = findTestData(dataFile).getValue("TaxTypeEL", row): null

2024-10-17 14:37:21 - [TEST_STEP][PASSED] - notInvNumber = findTestData(dataFile).getValue("NotiInvoNumber", row): null

2024-10-17 14:37:21 - [TEST_STEP][PASSED] - errorMsg = findTestData(dataFile).getValue("ErrorMessage", row): null

2024-10-17 14:37:21 - [TEST_STEP][PASSED] - out.println("Value of Execute is : " + ExecuteTC): null

2024-10-17 14:37:21 - [TEST_STEP][PASSED] - if (ExecuteTC.equalsIgnoreCase("Y")): null

2024-10-17 14:37:21 - [TEST_STEP][PASSED] - out.println("Begin Record Number: " + row): null

2024-10-17 14:37:21 - [TEST_STEP][PASSED] - today = new java.util.Date(): null

2024-10-17 14:37:21 - [TEST_STEP][PASSED] - println(today): null

2024-10-17 14:37:21 - [TEST_STEP][PASSED] - datText = today: null

2024-10-17 14:37:21 - [TEST_STEP][PASSED] - Taxtype = findTestData(dataFile).getValue("TaxType", row): null

2024-10-17 14:37:21 - [TEST_STEP][PASSED] - out.println("Taxtype value is : " + Taxtype): null

2024-10-17 14:37:21 - [TEST_STEP][PASSED] - openBrowser(""): Browser is opened with url: ''

2024-10-17 14:37:21 - [MESSAGE][WARNING] - A browser is already opened. Closing browser and opening a new one

2024-10-17 14:37:23 - [MESSAGE][INFO] - Starting 'Chrome' driver

2024-10-17 14:37:23 - [MESSAGE][INFO] - User set preference: ['acceptInsecureCerts', 'true']

2024-10-17 14:37:23 - [MESSAGE][INFO] - Action delay is set to 0 milliseconds

2024-10-17 14:37:25 - [MESSAGE][PASSED] - Browser is opened with url: ''

2024-10-17 14:37:25 - [TEST_STEP][PASSED] - maximizeWindow(): Current window maximized

2024-10-17 14:37:25 - [MESSAGE][PASSED] - Current window maximized

2024-10-17 14:37:25 - [TEST_STEP][PASSED] - navigateToUrl(RADurl): Navigate to 'https://demo.velocitypayment.com/client/rad/index.html' successfully

2024-10-17 14:37:26 - [MESSAGE][PASSED] - Navigate to 'https://demo.velocitypayment.com/client/rad/index.html' successfully

2024-10-17 14:37:26 - [TEST_STEP][PASSED] - orPath_Landing = "Object Repository/RAD_Pages/Landing_Page": null

2024-10-17 14:37:26 - [TEST_STEP][PASSED] - orPath_TaxTypeFilingYear = "Object Repository/RAD_Pages/TaxTypeFilingYear_Page": null

2024-10-17 14:37:26 - [TEST_STEP][PASSED] - orPath_TaxPayer = "Object Repository/RAD_Pages/Taxpayer_Page": null

2024-10-17 14:37:26 - [TEST_STEP][PASSED] - orPath_AddressContact = "Object Repository/RAD_Pages/AddressAndContactInfo_Page": null

2024-10-17 14:37:26 - [TEST_STEP][PASSED] - orPath_FilingStatus = "Object Repository/RAD_Pages/FilingStatus_Page": null

2024-10-17 14:37:26 - [TEST_STEP][PASSED] - orPath_Amount = "Object Repository/RAD_Pages/PaymentAmount_Page": null

2024-10-17 14:37:26 - [TEST_STEP][PASSED] - orPath_TaxInfo = "Object Repository/RAD_Pages/TaxInfo_Page": null

2024-10-17 14:37:26 - [TEST_STEP][PASSED] - orPath_Withholding = "Object Repository/RAD_Pages/Withholding_Page": null

2024-10-17 14:37:26 - [TEST_STEP][PASSED] - orPath_Summary = "Object Repository/RAD_Pages/Summary_Page": null

2024-10-17 14:37:26 - [TEST_STEP][PASSED] - orPath_PaymentReady = "Object Repository/RAD_Pages/PaymentReady_Page": null

2024-10-17 14:37:26 - [TEST_STEP][PASSED] - orPath_PaymentEntry = "Object Repository/RAD_Pages/PaymentEntry_Page": null

2024-10-17 14:37:26 - [TEST_STEP][PASSED] - orPath_PaymentConfirmation = "Object Repository/RAD_Pages/PaymentConfirmation_Page": null

2024-10-17 14:37:26 - [TEST_STEP][PASSED] - orPath_ServiceFeesAccept = "Object Repository/RAD_Pages/ServiceFeeAccept_Page": null

2024-10-17 14:37:26 - [TEST_STEP][PASSED] - selectOptionByLabel(findTestObject(orPath_Landing + "/dd_TaxType"), Taxtype, false): All options with label 'Existing Liability with Notice/Invoice Number' are selected in object 'Object Repository/RAD_Pages/Landing_Page/dd_TaxType' 

2024-10-17 14:37:27 - [MESSAGE][PASSED] - All options with label 'Existing Liability with Notice/Invoice Number' are selected in object 'Object Repository/RAD_Pages/Landing_Page/dd_TaxType' 

2024-10-17 14:37:27 - [TEST_STEP][PASSED] - delay(1): Delayed 1 second(s)

2024-10-17 14:37:28 - [MESSAGE][PASSED] - Delayed 1 second(s)

2024-10-17 14:37:28 - [TEST_STEP][PASSED] - selectOptionByLabel(findTestObject(orPath_TaxTypeFilingYear + "/select_TaxType_ExistingLiability"), TaxTypeEL, false): All options with label 'PTE Non-Electing S Corp' are selected in object 'Object Repository/RAD_Pages/TaxTypeFilingYear_Page/select_TaxType_ExistingLiability' 

2024-10-17 14:37:29 - [MESSAGE][PASSED] - All options with label 'PTE Non-Electing S Corp' are selected in object 'Object Repository/RAD_Pages/TaxTypeFilingYear_Page/select_TaxType_ExistingLiability' 

2024-10-17 14:37:29 - [TEST_STEP][PASSED] - setText(findTestObject(orPath_TaxInfo + "/input_NoticeInvoiceNumber"), notInvNumber): Text '123456789' is set on object 'Object Repository/RAD_Pages/TaxInfo_Page/input_NoticeInvoiceNumber'

2024-10-17 14:37:30 - [MESSAGE][PASSED] - Text '123456789' is set on object 'Object Repository/RAD_Pages/TaxInfo_Page/input_NoticeInvoiceNumber'

2024-10-17 14:37:30 - [TEST_STEP][PASSED] - setText(findTestObject(orPath_TaxInfo + "/input_reTypeNoticeInvoiceNumber"), notInvNumber): Text '123456789' is set on object 'Object Repository/RAD_Pages/TaxInfo_Page/input_reTypeNoticeInvoiceNumber'

2024-10-17 14:37:31 - [MESSAGE][PASSED] - Text '123456789' is set on object 'Object Repository/RAD_Pages/TaxInfo_Page/input_reTypeNoticeInvoiceNumber'

2024-10-17 14:37:31 - [TEST_STEP][PASSED] - println(notInvNumber): null

2024-10-17 14:37:31 - [TEST_STEP][PASSED] - if (verifyTextPresent(errorMsg, true)): null

2024-10-17 14:37:31 - [MESSAGE][PASSED] - Text 'Notice Number or Invoice Number must be 10, 11, or 13 digits in length, with a value greater than zero' is present on page  using regular expression

2024-10-17 14:37:31 - [TEST_STEP][PASSED] - println("Error Message is present on the page"): null

2024-10-17 14:37:31 - [TEST_STEP][PASSED] - out.println("Pass Record Number: " + row): null

2024-10-17 14:37:31 - [TEST_STEP][PASSED] - resText = "Pass": null

2024-10-17 14:37:31 - [TEST_STEP][PASSED] - pages.WriteExcel.demoKey(resText, datText, resColumn, datCloumn, fileLoc, nameSheet, row): pages.WriteExcel.demoKey is PASSED

2024-10-17 14:37:31 - [MESSAGE][PASSED] - pages.WriteExcel.demoKey is PASSED

2024-10-17 14:37:31 - [TEST_STEP][PASSED] - ExecuteTC = findTestData(dataFile).getValue("Execute", row): null

2024-10-17 14:37:31 - [TEST_STEP][PASSED] - Taxtype = findTestData(dataFile).getValue("TaxType", row): null

2024-10-17 14:37:31 - [TEST_STEP][PASSED] - TaxTypeEL = findTestData(dataFile).getValue("TaxTypeEL", row): null

2024-10-17 14:37:31 - [TEST_STEP][PASSED] - notInvNumber = findTestData(dataFile).getValue("NotiInvoNumber", row): null

2024-10-17 14:37:31 - [TEST_STEP][PASSED] - errorMsg = findTestData(dataFile).getValue("ErrorMessage", row): null

2024-10-17 14:37:31 - [TEST_STEP][PASSED] - out.println("Value of Execute is : " + ExecuteTC): null

2024-10-17 14:37:31 - [TEST_STEP][PASSED] - if (ExecuteTC.equalsIgnoreCase("Y")): null

2024-10-17 14:37:31 - [TEST_STEP][PASSED] - out.println("Begin Record Number: " + row): null

2024-10-17 14:37:31 - [TEST_STEP][PASSED] - today = new java.util.Date(): null

2024-10-17 14:37:31 - [TEST_STEP][PASSED] - println(today): null

2024-10-17 14:37:31 - [TEST_STEP][PASSED] - datText = today: null

2024-10-17 14:37:31 - [TEST_STEP][PASSED] - Taxtype = findTestData(dataFile).getValue("TaxType", row): null

2024-10-17 14:37:32 - [TEST_STEP][PASSED] - out.println("Taxtype value is : " + Taxtype): null

2024-10-17 14:37:32 - [TEST_STEP][PASSED] - openBrowser(""): Browser is opened with url: ''

2024-10-17 14:37:32 - [MESSAGE][WARNING] - A browser is already opened. Closing browser and opening a new one

2024-10-17 14:37:33 - [MESSAGE][INFO] - Starting 'Chrome' driver

2024-10-17 14:37:33 - [MESSAGE][INFO] - User set preference: ['acceptInsecureCerts', 'true']

2024-10-17 14:37:33 - [MESSAGE][INFO] - Action delay is set to 0 milliseconds

2024-10-17 14:37:35 - [MESSAGE][PASSED] - Browser is opened with url: ''

2024-10-17 14:37:35 - [TEST_STEP][PASSED] - maximizeWindow(): Current window maximized

2024-10-17 14:37:35 - [MESSAGE][PASSED] - Current window maximized

2024-10-17 14:37:35 - [TEST_STEP][PASSED] - navigateToUrl(RADurl): Navigate to 'https://demo.velocitypayment.com/client/rad/index.html' successfully

2024-10-17 14:37:37 - [MESSAGE][PASSED] - Navigate to 'https://demo.velocitypayment.com/client/rad/index.html' successfully

2024-10-17 14:37:37 - [TEST_STEP][PASSED] - orPath_Landing = "Object Repository/RAD_Pages/Landing_Page": null

2024-10-17 14:37:37 - [TEST_STEP][PASSED] - orPath_TaxTypeFilingYear = "Object Repository/RAD_Pages/TaxTypeFilingYear_Page": null

2024-10-17 14:37:37 - [TEST_STEP][PASSED] - orPath_TaxPayer = "Object Repository/RAD_Pages/Taxpayer_Page": null

2024-10-17 14:37:37 - [TEST_STEP][PASSED] - orPath_AddressContact = "Object Repository/RAD_Pages/AddressAndContactInfo_Page": null

2024-10-17 14:37:37 - [TEST_STEP][PASSED] - orPath_FilingStatus = "Object Repository/RAD_Pages/FilingStatus_Page": null

2024-10-17 14:37:37 - [TEST_STEP][PASSED] - orPath_Amount = "Object Repository/RAD_Pages/PaymentAmount_Page": null

2024-10-17 14:37:37 - [TEST_STEP][PASSED] - orPath_TaxInfo = "Object Repository/RAD_Pages/TaxInfo_Page": null

2024-10-17 14:37:37 - [TEST_STEP][PASSED] - orPath_Withholding = "Object Repository/RAD_Pages/Withholding_Page": null

2024-10-17 14:37:37 - [TEST_STEP][PASSED] - orPath_Summary = "Object Repository/RAD_Pages/Summary_Page": null

2024-10-17 14:37:37 - [TEST_STEP][PASSED] - orPath_PaymentReady = "Object Repository/RAD_Pages/PaymentReady_Page": null

2024-10-17 14:37:37 - [TEST_STEP][PASSED] - orPath_PaymentEntry = "Object Repository/RAD_Pages/PaymentEntry_Page": null

2024-10-17 14:37:37 - [TEST_STEP][PASSED] - orPath_PaymentConfirmation = "Object Repository/RAD_Pages/PaymentConfirmation_Page": null

2024-10-17 14:37:37 - [TEST_STEP][PASSED] - orPath_ServiceFeesAccept = "Object Repository/RAD_Pages/ServiceFeeAccept_Page": null

2024-10-17 14:37:37 - [TEST_STEP][PASSED] - selectOptionByLabel(findTestObject(orPath_Landing + "/dd_TaxType"), Taxtype, false): All options with label 'Existing Liability with Notice/Invoice Number' are selected in object 'Object Repository/RAD_Pages/Landing_Page/dd_TaxType' 

2024-10-17 14:37:37 - [MESSAGE][PASSED] - All options with label 'Existing Liability with Notice/Invoice Number' are selected in object 'Object Repository/RAD_Pages/Landing_Page/dd_TaxType' 

2024-10-17 14:37:37 - [TEST_STEP][PASSED] - delay(1): Delayed 1 second(s)

2024-10-17 14:37:38 - [MESSAGE][PASSED] - Delayed 1 second(s)

2024-10-17 14:37:38 - [TEST_STEP][PASSED] - selectOptionByLabel(findTestObject(orPath_TaxTypeFilingYear + "/select_TaxType_ExistingLiability"), TaxTypeEL, false): All options with label 'PTE Non-Electing S Corp' are selected in object 'Object Repository/RAD_Pages/TaxTypeFilingYear_Page/select_TaxType_ExistingLiability' 

2024-10-17 14:37:39 - [MESSAGE][PASSED] - All options with label 'PTE Non-Electing S Corp' are selected in object 'Object Repository/RAD_Pages/TaxTypeFilingYear_Page/select_TaxType_ExistingLiability' 

2024-10-17 14:37:39 - [TEST_STEP][PASSED] - setText(findTestObject(orPath_TaxInfo + "/input_NoticeInvoiceNumber"), notInvNumber): Text '123456789012' is set on object 'Object Repository/RAD_Pages/TaxInfo_Page/input_NoticeInvoiceNumber'

2024-10-17 14:37:40 - [MESSAGE][PASSED] - Text '123456789012' is set on object 'Object Repository/RAD_Pages/TaxInfo_Page/input_NoticeInvoiceNumber'

2024-10-17 14:37:40 - [TEST_STEP][PASSED] - setText(findTestObject(orPath_TaxInfo + "/input_reTypeNoticeInvoiceNumber"), notInvNumber): Text '123456789012' is set on object 'Object Repository/RAD_Pages/TaxInfo_Page/input_reTypeNoticeInvoiceNumber'

2024-10-17 14:37:41 - [MESSAGE][PASSED] - Text '123456789012' is set on object 'Object Repository/RAD_Pages/TaxInfo_Page/input_reTypeNoticeInvoiceNumber'

2024-10-17 14:37:41 - [TEST_STEP][PASSED] - println(notInvNumber): null

2024-10-17 14:37:41 - [TEST_STEP][PASSED] - if (verifyTextPresent(errorMsg, true)): null

2024-10-17 14:37:41 - [MESSAGE][PASSED] - Text 'Notice Number or Invoice Number must be 10, 11, or 13 digits in length, with a value greater than zero' is present on page  using regular expression

2024-10-17 14:37:41 - [TEST_STEP][PASSED] - println("Error Message is present on the page"): null

2024-10-17 14:37:41 - [TEST_STEP][PASSED] - out.println("Pass Record Number: " + row): null

2024-10-17 14:37:41 - [TEST_STEP][PASSED] - resText = "Pass": null

2024-10-17 14:37:41 - [TEST_STEP][PASSED] - pages.WriteExcel.demoKey(resText, datText, resColumn, datCloumn, fileLoc, nameSheet, row): pages.WriteExcel.demoKey is PASSED

2024-10-17 14:37:41 - [MESSAGE][PASSED] - pages.WriteExcel.demoKey is PASSED

2024-10-17 14:37:41 - [TEST_STEP][PASSED] - ExecuteTC = findTestData(dataFile).getValue("Execute", row): null

2024-10-17 14:37:41 - [TEST_STEP][PASSED] - Taxtype = findTestData(dataFile).getValue("TaxType", row): null

2024-10-17 14:37:41 - [TEST_STEP][PASSED] - TaxTypeEL = findTestData(dataFile).getValue("TaxTypeEL", row): null

2024-10-17 14:37:41 - [TEST_STEP][PASSED] - notInvNumber = findTestData(dataFile).getValue("NotiInvoNumber", row): null

2024-10-17 14:37:42 - [TEST_STEP][PASSED] - errorMsg = findTestData(dataFile).getValue("ErrorMessage", row): null

2024-10-17 14:37:42 - [TEST_STEP][PASSED] - out.println("Value of Execute is : " + ExecuteTC): null

2024-10-17 14:37:42 - [TEST_STEP][PASSED] - if (ExecuteTC.equalsIgnoreCase("Y")): null

2024-10-17 14:37:42 - [TEST_STEP][PASSED] - out.println("Begin Record Number: " + row): null

2024-10-17 14:37:42 - [TEST_STEP][PASSED] - today = new java.util.Date(): null

2024-10-17 14:37:42 - [TEST_STEP][PASSED] - println(today): null

2024-10-17 14:37:42 - [TEST_STEP][PASSED] - datText = today: null

2024-10-17 14:37:42 - [TEST_STEP][PASSED] - Taxtype = findTestData(dataFile).getValue("TaxType", row): null

2024-10-17 14:37:42 - [TEST_STEP][PASSED] - out.println("Taxtype value is : " + Taxtype): null

2024-10-17 14:37:42 - [TEST_STEP][PASSED] - openBrowser(""): Browser is opened with url: ''

2024-10-17 14:37:42 - [MESSAGE][WARNING] - A browser is already opened. Closing browser and opening a new one

2024-10-17 14:37:43 - [MESSAGE][INFO] - Starting 'Chrome' driver

2024-10-17 14:37:43 - [MESSAGE][INFO] - User set preference: ['acceptInsecureCerts', 'true']

2024-10-17 14:37:43 - [MESSAGE][INFO] - Action delay is set to 0 milliseconds

2024-10-17 14:37:45 - [MESSAGE][PASSED] - Browser is opened with url: ''

2024-10-17 14:37:45 - [TEST_STEP][PASSED] - maximizeWindow(): Current window maximized

2024-10-17 14:37:45 - [MESSAGE][PASSED] - Current window maximized

2024-10-17 14:37:45 - [TEST_STEP][PASSED] - navigateToUrl(RADurl): Navigate to 'https://demo.velocitypayment.com/client/rad/index.html' successfully

2024-10-17 14:37:45 - [MESSAGE][PASSED] - Navigate to 'https://demo.velocitypayment.com/client/rad/index.html' successfully

2024-10-17 14:37:45 - [TEST_STEP][PASSED] - orPath_Landing = "Object Repository/RAD_Pages/Landing_Page": null

2024-10-17 14:37:45 - [TEST_STEP][PASSED] - orPath_TaxTypeFilingYear = "Object Repository/RAD_Pages/TaxTypeFilingYear_Page": null

2024-10-17 14:37:45 - [TEST_STEP][PASSED] - orPath_TaxPayer = "Object Repository/RAD_Pages/Taxpayer_Page": null

2024-10-17 14:37:45 - [TEST_STEP][PASSED] - orPath_AddressContact = "Object Repository/RAD_Pages/AddressAndContactInfo_Page": null

2024-10-17 14:37:45 - [TEST_STEP][PASSED] - orPath_FilingStatus = "Object Repository/RAD_Pages/FilingStatus_Page": null

2024-10-17 14:37:45 - [TEST_STEP][PASSED] - orPath_Amount = "Object Repository/RAD_Pages/PaymentAmount_Page": null

2024-10-17 14:37:45 - [TEST_STEP][PASSED] - orPath_TaxInfo = "Object Repository/RAD_Pages/TaxInfo_Page": null

2024-10-17 14:37:45 - [TEST_STEP][PASSED] - orPath_Withholding = "Object Repository/RAD_Pages/Withholding_Page": null

2024-10-17 14:37:45 - [TEST_STEP][PASSED] - orPath_Summary = "Object Repository/RAD_Pages/Summary_Page": null

2024-10-17 14:37:45 - [TEST_STEP][PASSED] - orPath_PaymentReady = "Object Repository/RAD_Pages/PaymentReady_Page": null

2024-10-17 14:37:45 - [TEST_STEP][PASSED] - orPath_PaymentEntry = "Object Repository/RAD_Pages/PaymentEntry_Page": null

2024-10-17 14:37:45 - [TEST_STEP][PASSED] - orPath_PaymentConfirmation = "Object Repository/RAD_Pages/PaymentConfirmation_Page": null

2024-10-17 14:37:45 - [TEST_STEP][PASSED] - orPath_ServiceFeesAccept = "Object Repository/RAD_Pages/ServiceFeeAccept_Page": null

2024-10-17 14:37:45 - [TEST_STEP][PASSED] - selectOptionByLabel(findTestObject(orPath_Landing + "/dd_TaxType"), Taxtype, false): All options with label 'Existing Liability with Notice/Invoice Number' are selected in object 'Object Repository/RAD_Pages/Landing_Page/dd_TaxType' 

2024-10-17 14:37:48 - [MESSAGE][PASSED] - All options with label 'Existing Liability with Notice/Invoice Number' are selected in object 'Object Repository/RAD_Pages/Landing_Page/dd_TaxType' 

2024-10-17 14:37:48 - [TEST_STEP][PASSED] - delay(1): Delayed 1 second(s)

2024-10-17 14:37:49 - [MESSAGE][PASSED] - Delayed 1 second(s)

2024-10-17 14:37:49 - [TEST_STEP][PASSED] - selectOptionByLabel(findTestObject(orPath_TaxTypeFilingYear + "/select_TaxType_ExistingLiability"), TaxTypeEL, false): All options with label 'PTE Non-Electing S Corp' are selected in object 'Object Repository/RAD_Pages/TaxTypeFilingYear_Page/select_TaxType_ExistingLiability' 

2024-10-17 14:37:49 - [MESSAGE][PASSED] - All options with label 'PTE Non-Electing S Corp' are selected in object 'Object Repository/RAD_Pages/TaxTypeFilingYear_Page/select_TaxType_ExistingLiability' 

2024-10-17 14:37:49 - [TEST_STEP][PASSED] - setText(findTestObject(orPath_TaxInfo + "/input_NoticeInvoiceNumber"), notInvNumber): Text '0000000000' is set on object 'Object Repository/RAD_Pages/TaxInfo_Page/input_NoticeInvoiceNumber'

2024-10-17 14:37:50 - [MESSAGE][PASSED] - Text '0000000000' is set on object 'Object Repository/RAD_Pages/TaxInfo_Page/input_NoticeInvoiceNumber'

2024-10-17 14:37:50 - [TEST_STEP][PASSED] - setText(findTestObject(orPath_TaxInfo + "/input_reTypeNoticeInvoiceNumber"), notInvNumber): Text '0000000000' is set on object 'Object Repository/RAD_Pages/TaxInfo_Page/input_reTypeNoticeInvoiceNumber'

2024-10-17 14:37:51 - [MESSAGE][PASSED] - Text '0000000000' is set on object 'Object Repository/RAD_Pages/TaxInfo_Page/input_reTypeNoticeInvoiceNumber'

2024-10-17 14:37:51 - [TEST_STEP][PASSED] - println(notInvNumber): null

2024-10-17 14:37:51 - [TEST_STEP][PASSED] - if (verifyTextPresent(errorMsg, true)): null

2024-10-17 14:37:52 - [MESSAGE][PASSED] - Text 'Notice Number or Invoice Number must be 10, 11, or 13 digits in length, with a value greater than zero' is present on page  using regular expression

2024-10-17 14:37:52 - [TEST_STEP][PASSED] - println("Error Message is present on the page"): null

2024-10-17 14:37:52 - [TEST_STEP][PASSED] - out.println("Pass Record Number: " + row): null

2024-10-17 14:37:52 - [TEST_STEP][PASSED] - resText = "Pass": null

2024-10-17 14:37:52 - [TEST_STEP][PASSED] - pages.WriteExcel.demoKey(resText, datText, resColumn, datCloumn, fileLoc, nameSheet, row): pages.WriteExcel.demoKey is PASSED

2024-10-17 14:37:52 - [MESSAGE][PASSED] - pages.WriteExcel.demoKey is PASSED

2024-10-17 14:37:52 - [TEST_STEP][PASSED] - ExecuteTC = findTestData(dataFile).getValue("Execute", row): null

2024-10-17 14:37:52 - [TEST_STEP][PASSED] - Taxtype = findTestData(dataFile).getValue("TaxType", row): null

2024-10-17 14:37:52 - [TEST_STEP][PASSED] - TaxTypeEL = findTestData(dataFile).getValue("TaxTypeEL", row): null

2024-10-17 14:37:52 - [TEST_STEP][PASSED] - notInvNumber = findTestData(dataFile).getValue("NotiInvoNumber", row): null

2024-10-17 14:37:52 - [TEST_STEP][PASSED] - errorMsg = findTestData(dataFile).getValue("ErrorMessage", row): null

2024-10-17 14:37:52 - [TEST_STEP][PASSED] - out.println("Value of Execute is : " + ExecuteTC): null

2024-10-17 14:37:52 - [TEST_STEP][PASSED] - if (ExecuteTC.equalsIgnoreCase("Y")): null

2024-10-17 14:37:52 - [TEST_STEP][PASSED] - out.println("Begin Record Number: " + row): null

2024-10-17 14:37:52 - [TEST_STEP][PASSED] - today = new java.util.Date(): null

2024-10-17 14:37:52 - [TEST_STEP][PASSED] - println(today): null

2024-10-17 14:37:52 - [TEST_STEP][PASSED] - datText = today: null

2024-10-17 14:37:52 - [TEST_STEP][PASSED] - Taxtype = findTestData(dataFile).getValue("TaxType", row): null

2024-10-17 14:37:52 - [TEST_STEP][PASSED] - out.println("Taxtype value is : " + Taxtype): null

2024-10-17 14:37:52 - [TEST_STEP][PASSED] - openBrowser(""): Browser is opened with url: ''

2024-10-17 14:37:52 - [MESSAGE][WARNING] - A browser is already opened. Closing browser and opening a new one

2024-10-17 14:37:53 - [MESSAGE][INFO] - Starting 'Chrome' driver

2024-10-17 14:37:53 - [MESSAGE][INFO] - User set preference: ['acceptInsecureCerts', 'true']

2024-10-17 14:37:53 - [MESSAGE][INFO] - Action delay is set to 0 milliseconds

2024-10-17 14:37:55 - [MESSAGE][PASSED] - Browser is opened with url: ''

2024-10-17 14:37:55 - [TEST_STEP][PASSED] - maximizeWindow(): Current window maximized

2024-10-17 14:37:55 - [MESSAGE][PASSED] - Current window maximized

2024-10-17 14:37:55 - [TEST_STEP][PASSED] - navigateToUrl(RADurl): Navigate to 'https://demo.velocitypayment.com/client/rad/index.html' successfully

2024-10-17 14:37:57 - [MESSAGE][PASSED] - Navigate to 'https://demo.velocitypayment.com/client/rad/index.html' successfully

2024-10-17 14:37:57 - [TEST_STEP][PASSED] - orPath_Landing = "Object Repository/RAD_Pages/Landing_Page": null

2024-10-17 14:37:57 - [TEST_STEP][PASSED] - orPath_TaxTypeFilingYear = "Object Repository/RAD_Pages/TaxTypeFilingYear_Page": null

2024-10-17 14:37:57 - [TEST_STEP][PASSED] - orPath_TaxPayer = "Object Repository/RAD_Pages/Taxpayer_Page": null

2024-10-17 14:37:57 - [TEST_STEP][PASSED] - orPath_AddressContact = "Object Repository/RAD_Pages/AddressAndContactInfo_Page": null

2024-10-17 14:37:57 - [TEST_STEP][PASSED] - orPath_FilingStatus = "Object Repository/RAD_Pages/FilingStatus_Page": null

2024-10-17 14:37:57 - [TEST_STEP][PASSED] - orPath_Amount = "Object Repository/RAD_Pages/PaymentAmount_Page": null

2024-10-17 14:37:57 - [TEST_STEP][PASSED] - orPath_TaxInfo = "Object Repository/RAD_Pages/TaxInfo_Page": null

2024-10-17 14:37:57 - [TEST_STEP][PASSED] - orPath_Withholding = "Object Repository/RAD_Pages/Withholding_Page": null

2024-10-17 14:37:57 - [TEST_STEP][PASSED] - orPath_Summary = "Object Repository/RAD_Pages/Summary_Page": null

2024-10-17 14:37:57 - [TEST_STEP][PASSED] - orPath_PaymentReady = "Object Repository/RAD_Pages/PaymentReady_Page": null

2024-10-17 14:37:57 - [TEST_STEP][PASSED] - orPath_PaymentEntry = "Object Repository/RAD_Pages/PaymentEntry_Page": null

2024-10-17 14:37:57 - [TEST_STEP][PASSED] - orPath_PaymentConfirmation = "Object Repository/RAD_Pages/PaymentConfirmation_Page": null

2024-10-17 14:37:57 - [TEST_STEP][PASSED] - orPath_ServiceFeesAccept = "Object Repository/RAD_Pages/ServiceFeeAccept_Page": null

2024-10-17 14:37:57 - [TEST_STEP][PASSED] - selectOptionByLabel(findTestObject(orPath_Landing + "/dd_TaxType"), Taxtype, false): All options with label 'Existing Liability with Notice/Invoice Number' are selected in object 'Object Repository/RAD_Pages/Landing_Page/dd_TaxType' 

2024-10-17 14:37:58 - [MESSAGE][PASSED] - All options with label 'Existing Liability with Notice/Invoice Number' are selected in object 'Object Repository/RAD_Pages/Landing_Page/dd_TaxType' 

2024-10-17 14:37:58 - [TEST_STEP][PASSED] - delay(1): Delayed 1 second(s)

2024-10-17 14:37:59 - [MESSAGE][PASSED] - Delayed 1 second(s)

2024-10-17 14:37:59 - [TEST_STEP][PASSED] - selectOptionByLabel(findTestObject(orPath_TaxTypeFilingYear + "/select_TaxType_ExistingLiability"), TaxTypeEL, false): All options with label 'Sales & Use Tax' are selected in object 'Object Repository/RAD_Pages/TaxTypeFilingYear_Page/select_TaxType_ExistingLiability' 

2024-10-17 14:38:00 - [MESSAGE][PASSED] - All options with label 'Sales & Use Tax' are selected in object 'Object Repository/RAD_Pages/TaxTypeFilingYear_Page/select_TaxType_ExistingLiability' 

2024-10-17 14:38:00 - [TEST_STEP][PASSED] - setText(findTestObject(orPath_TaxInfo + "/input_NoticeInvoiceNumber"), notInvNumber): Text '123456789' is set on object 'Object Repository/RAD_Pages/TaxInfo_Page/input_NoticeInvoiceNumber'

2024-10-17 14:38:00 - [MESSAGE][PASSED] - Text '123456789' is set on object 'Object Repository/RAD_Pages/TaxInfo_Page/input_NoticeInvoiceNumber'

2024-10-17 14:38:00 - [TEST_STEP][PASSED] - setText(findTestObject(orPath_TaxInfo + "/input_reTypeNoticeInvoiceNumber"), notInvNumber): Text '123456789' is set on object 'Object Repository/RAD_Pages/TaxInfo_Page/input_reTypeNoticeInvoiceNumber'

2024-10-17 14:38:01 - [MESSAGE][PASSED] - Text '123456789' is set on object 'Object Repository/RAD_Pages/TaxInfo_Page/input_reTypeNoticeInvoiceNumber'

2024-10-17 14:38:01 - [TEST_STEP][PASSED] - println(notInvNumber): null

2024-10-17 14:38:01 - [TEST_STEP][PASSED] - if (verifyTextPresent(errorMsg, true)): null

2024-10-17 14:38:02 - [MESSAGE][PASSED] - Text 'Notice Number or Invoice Number must be 10, 11, or 13 digits in length, with a value greater than zero' is present on page  using regular expression

2024-10-17 14:38:02 - [TEST_STEP][PASSED] - println("Error Message is present on the page"): null

2024-10-17 14:38:02 - [TEST_STEP][PASSED] - out.println("Pass Record Number: " + row): null

2024-10-17 14:38:02 - [TEST_STEP][PASSED] - resText = "Pass": null

2024-10-17 14:38:02 - [TEST_STEP][PASSED] - pages.WriteExcel.demoKey(resText, datText, resColumn, datCloumn, fileLoc, nameSheet, row): pages.WriteExcel.demoKey is PASSED

2024-10-17 14:38:02 - [MESSAGE][PASSED] - pages.WriteExcel.demoKey is PASSED

2024-10-17 14:38:02 - [TEST_STEP][PASSED] - ExecuteTC = findTestData(dataFile).getValue("Execute", row): null

2024-10-17 14:38:02 - [TEST_STEP][PASSED] - Taxtype = findTestData(dataFile).getValue("TaxType", row): null

2024-10-17 14:38:02 - [TEST_STEP][PASSED] - TaxTypeEL = findTestData(dataFile).getValue("TaxTypeEL", row): null

2024-10-17 14:38:02 - [TEST_STEP][PASSED] - notInvNumber = findTestData(dataFile).getValue("NotiInvoNumber", row): null

2024-10-17 14:38:02 - [TEST_STEP][PASSED] - errorMsg = findTestData(dataFile).getValue("ErrorMessage", row): null

2024-10-17 14:38:02 - [TEST_STEP][PASSED] - out.println("Value of Execute is : " + ExecuteTC): null

2024-10-17 14:38:02 - [TEST_STEP][PASSED] - if (ExecuteTC.equalsIgnoreCase("Y")): null

2024-10-17 14:38:02 - [TEST_STEP][PASSED] - out.println("Begin Record Number: " + row): null

2024-10-17 14:38:02 - [TEST_STEP][PASSED] - today = new java.util.Date(): null

2024-10-17 14:38:02 - [TEST_STEP][PASSED] - println(today): null

2024-10-17 14:38:02 - [TEST_STEP][PASSED] - datText = today: null

2024-10-17 14:38:02 - [TEST_STEP][PASSED] - Taxtype = findTestData(dataFile).getValue("TaxType", row): null

2024-10-17 14:38:02 - [TEST_STEP][PASSED] - out.println("Taxtype value is : " + Taxtype): null

2024-10-17 14:38:02 - [TEST_STEP][PASSED] - openBrowser(""): Browser is opened with url: ''

2024-10-17 14:38:02 - [MESSAGE][WARNING] - A browser is already opened. Closing browser and opening a new one

2024-10-17 14:38:04 - [MESSAGE][INFO] - Starting 'Chrome' driver

2024-10-17 14:38:04 - [MESSAGE][INFO] - User set preference: ['acceptInsecureCerts', 'true']

2024-10-17 14:38:04 - [MESSAGE][INFO] - Action delay is set to 0 milliseconds

2024-10-17 14:38:05 - [MESSAGE][PASSED] - Browser is opened with url: ''

2024-10-17 14:38:05 - [TEST_STEP][PASSED] - maximizeWindow(): Current window maximized

2024-10-17 14:38:06 - [MESSAGE][PASSED] - Current window maximized

2024-10-17 14:38:06 - [TEST_STEP][PASSED] - navigateToUrl(RADurl): Navigate to 'https://demo.velocitypayment.com/client/rad/index.html' successfully

2024-10-17 14:38:07 - [MESSAGE][PASSED] - Navigate to 'https://demo.velocitypayment.com/client/rad/index.html' successfully

2024-10-17 14:38:07 - [TEST_STEP][PASSED] - orPath_Landing = "Object Repository/RAD_Pages/Landing_Page": null

2024-10-17 14:38:07 - [TEST_STEP][PASSED] - orPath_TaxTypeFilingYear = "Object Repository/RAD_Pages/TaxTypeFilingYear_Page": null

2024-10-17 14:38:07 - [TEST_STEP][PASSED] - orPath_TaxPayer = "Object Repository/RAD_Pages/Taxpayer_Page": null

2024-10-17 14:38:07 - [TEST_STEP][PASSED] - orPath_AddressContact = "Object Repository/RAD_Pages/AddressAndContactInfo_Page": null

2024-10-17 14:38:07 - [TEST_STEP][PASSED] - orPath_FilingStatus = "Object Repository/RAD_Pages/FilingStatus_Page": null

2024-10-17 14:38:07 - [TEST_STEP][PASSED] - orPath_Amount = "Object Repository/RAD_Pages/PaymentAmount_Page": null

2024-10-17 14:38:07 - [TEST_STEP][PASSED] - orPath_TaxInfo = "Object Repository/RAD_Pages/TaxInfo_Page": null

2024-10-17 14:38:07 - [TEST_STEP][PASSED] - orPath_Withholding = "Object Repository/RAD_Pages/Withholding_Page": null

2024-10-17 14:38:07 - [TEST_STEP][PASSED] - orPath_Summary = "Object Repository/RAD_Pages/Summary_Page": null

2024-10-17 14:38:07 - [TEST_STEP][PASSED] - orPath_PaymentReady = "Object Repository/RAD_Pages/PaymentReady_Page": null

2024-10-17 14:38:07 - [TEST_STEP][PASSED] - orPath_PaymentEntry = "Object Repository/RAD_Pages/PaymentEntry_Page": null

2024-10-17 14:38:07 - [TEST_STEP][PASSED] - orPath_PaymentConfirmation = "Object Repository/RAD_Pages/PaymentConfirmation_Page": null

2024-10-17 14:38:07 - [TEST_STEP][PASSED] - orPath_ServiceFeesAccept = "Object Repository/RAD_Pages/ServiceFeeAccept_Page": null

2024-10-17 14:38:07 - [TEST_STEP][PASSED] - selectOptionByLabel(findTestObject(orPath_Landing + "/dd_TaxType"), Taxtype, false): All options with label 'Existing Liability with Notice/Invoice Number' are selected in object 'Object Repository/RAD_Pages/Landing_Page/dd_TaxType' 

2024-10-17 14:38:08 - [MESSAGE][PASSED] - All options with label 'Existing Liability with Notice/Invoice Number' are selected in object 'Object Repository/RAD_Pages/Landing_Page/dd_TaxType' 

2024-10-17 14:38:08 - [TEST_STEP][PASSED] - delay(1): Delayed 1 second(s)

2024-10-17 14:38:09 - [MESSAGE][PASSED] - Delayed 1 second(s)

2024-10-17 14:38:09 - [TEST_STEP][PASSED] - selectOptionByLabel(findTestObject(orPath_TaxTypeFilingYear + "/select_TaxType_ExistingLiability"), TaxTypeEL, false): All options with label 'Sales & Use Tax' are selected in object 'Object Repository/RAD_Pages/TaxTypeFilingYear_Page/select_TaxType_ExistingLiability' 

2024-10-17 14:38:10 - [MESSAGE][PASSED] - All options with label 'Sales & Use Tax' are selected in object 'Object Repository/RAD_Pages/TaxTypeFilingYear_Page/select_TaxType_ExistingLiability' 

2024-10-17 14:38:10 - [TEST_STEP][PASSED] - setText(findTestObject(orPath_TaxInfo + "/input_NoticeInvoiceNumber"), notInvNumber): Text '123456789012' is set on object 'Object Repository/RAD_Pages/TaxInfo_Page/input_NoticeInvoiceNumber'

2024-10-17 14:38:10 - [MESSAGE][PASSED] - Text '123456789012' is set on object 'Object Repository/RAD_Pages/TaxInfo_Page/input_NoticeInvoiceNumber'

2024-10-17 14:38:10 - [TEST_STEP][PASSED] - setText(findTestObject(orPath_TaxInfo + "/input_reTypeNoticeInvoiceNumber"), notInvNumber): Text '123456789012' is set on object 'Object Repository/RAD_Pages/TaxInfo_Page/input_reTypeNoticeInvoiceNumber'

2024-10-17 14:38:11 - [MESSAGE][PASSED] - Text '123456789012' is set on object 'Object Repository/RAD_Pages/TaxInfo_Page/input_reTypeNoticeInvoiceNumber'

2024-10-17 14:38:11 - [TEST_STEP][PASSED] - println(notInvNumber): null

2024-10-17 14:38:11 - [TEST_STEP][PASSED] - if (verifyTextPresent(errorMsg, true)): null

2024-10-17 14:38:12 - [MESSAGE][PASSED] - Text 'Notice Number or Invoice Number must be 10, 11, or 13 digits in length, with a value greater than zero' is present on page  using regular expression

2024-10-17 14:38:12 - [TEST_STEP][PASSED] - println("Error Message is present on the page"): null

2024-10-17 14:38:12 - [TEST_STEP][PASSED] - out.println("Pass Record Number: " + row): null

2024-10-17 14:38:12 - [TEST_STEP][PASSED] - resText = "Pass": null

2024-10-17 14:38:12 - [TEST_STEP][PASSED] - pages.WriteExcel.demoKey(resText, datText, resColumn, datCloumn, fileLoc, nameSheet, row): pages.WriteExcel.demoKey is PASSED

2024-10-17 14:38:12 - [MESSAGE][PASSED] - pages.WriteExcel.demoKey is PASSED

2024-10-17 14:38:12 - [TEST_STEP][PASSED] - ExecuteTC = findTestData(dataFile).getValue("Execute", row): null

2024-10-17 14:38:12 - [TEST_STEP][PASSED] - Taxtype = findTestData(dataFile).getValue("TaxType", row): null

2024-10-17 14:38:12 - [TEST_STEP][PASSED] - TaxTypeEL = findTestData(dataFile).getValue("TaxTypeEL", row): null

2024-10-17 14:38:12 - [TEST_STEP][PASSED] - notInvNumber = findTestData(dataFile).getValue("NotiInvoNumber", row): null

2024-10-17 14:38:12 - [TEST_STEP][PASSED] - errorMsg = findTestData(dataFile).getValue("ErrorMessage", row): null

2024-10-17 14:38:12 - [TEST_STEP][PASSED] - out.println("Value of Execute is : " + ExecuteTC): null

2024-10-17 14:38:12 - [TEST_STEP][PASSED] - if (ExecuteTC.equalsIgnoreCase("Y")): null

2024-10-17 14:38:12 - [TEST_STEP][PASSED] - out.println("Begin Record Number: " + row): null

2024-10-17 14:38:12 - [TEST_STEP][PASSED] - today = new java.util.Date(): null

2024-10-17 14:38:12 - [TEST_STEP][PASSED] - println(today): null

2024-10-17 14:38:12 - [TEST_STEP][PASSED] - datText = today: null

2024-10-17 14:38:12 - [TEST_STEP][PASSED] - Taxtype = findTestData(dataFile).getValue("TaxType", row): null

2024-10-17 14:38:12 - [TEST_STEP][PASSED] - out.println("Taxtype value is : " + Taxtype): null

2024-10-17 14:38:12 - [TEST_STEP][PASSED] - openBrowser(""): Browser is opened with url: ''

2024-10-17 14:38:12 - [MESSAGE][WARNING] - A browser is already opened. Closing browser and opening a new one

2024-10-17 14:38:14 - [MESSAGE][INFO] - Starting 'Chrome' driver

2024-10-17 14:38:14 - [MESSAGE][INFO] - User set preference: ['acceptInsecureCerts', 'true']

2024-10-17 14:38:14 - [MESSAGE][INFO] - Action delay is set to 0 milliseconds

2024-10-17 14:38:16 - [MESSAGE][PASSED] - Browser is opened with url: ''

2024-10-17 14:38:16 - [TEST_STEP][PASSED] - maximizeWindow(): Current window maximized

2024-10-17 14:38:16 - [MESSAGE][PASSED] - Current window maximized

2024-10-17 14:38:16 - [TEST_STEP][PASSED] - navigateToUrl(RADurl): Navigate to 'https://demo.velocitypayment.com/client/rad/index.html' successfully

2024-10-17 14:38:18 - [MESSAGE][PASSED] - Navigate to 'https://demo.velocitypayment.com/client/rad/index.html' successfully

2024-10-17 14:38:18 - [TEST_STEP][PASSED] - orPath_Landing = "Object Repository/RAD_Pages/Landing_Page": null

2024-10-17 14:38:18 - [TEST_STEP][PASSED] - orPath_TaxTypeFilingYear = "Object Repository/RAD_Pages/TaxTypeFilingYear_Page": null

2024-10-17 14:38:18 - [TEST_STEP][PASSED] - orPath_TaxPayer = "Object Repository/RAD_Pages/Taxpayer_Page": null

2024-10-17 14:38:18 - [TEST_STEP][PASSED] - orPath_AddressContact = "Object Repository/RAD_Pages/AddressAndContactInfo_Page": null

2024-10-17 14:38:18 - [TEST_STEP][PASSED] - orPath_FilingStatus = "Object Repository/RAD_Pages/FilingStatus_Page": null

2024-10-17 14:38:18 - [TEST_STEP][PASSED] - orPath_Amount = "Object Repository/RAD_Pages/PaymentAmount_Page": null

2024-10-17 14:38:18 - [TEST_STEP][PASSED] - orPath_TaxInfo = "Object Repository/RAD_Pages/TaxInfo_Page": null

2024-10-17 14:38:18 - [TEST_STEP][PASSED] - orPath_Withholding = "Object Repository/RAD_Pages/Withholding_Page": null

2024-10-17 14:38:18 - [TEST_STEP][PASSED] - orPath_Summary = "Object Repository/RAD_Pages/Summary_Page": null

2024-10-17 14:38:18 - [TEST_STEP][PASSED] - orPath_PaymentReady = "Object Repository/RAD_Pages/PaymentReady_Page": null

2024-10-17 14:38:18 - [TEST_STEP][PASSED] - orPath_PaymentEntry = "Object Repository/RAD_Pages/PaymentEntry_Page": null

2024-10-17 14:38:18 - [TEST_STEP][PASSED] - orPath_PaymentConfirmation = "Object Repository/RAD_Pages/PaymentConfirmation_Page": null

2024-10-17 14:38:18 - [TEST_STEP][PASSED] - orPath_ServiceFeesAccept = "Object Repository/RAD_Pages/ServiceFeeAccept_Page": null

2024-10-17 14:38:18 - [TEST_STEP][PASSED] - selectOptionByLabel(findTestObject(orPath_Landing + "/dd_TaxType"), Taxtype, false): All options with label 'Existing Liability with Notice/Invoice Number' are selected in object 'Object Repository/RAD_Pages/Landing_Page/dd_TaxType' 

2024-10-17 14:38:19 - [MESSAGE][PASSED] - All options with label 'Existing Liability with Notice/Invoice Number' are selected in object 'Object Repository/RAD_Pages/Landing_Page/dd_TaxType' 

2024-10-17 14:38:19 - [TEST_STEP][PASSED] - delay(1): Delayed 1 second(s)

2024-10-17 14:38:20 - [MESSAGE][PASSED] - Delayed 1 second(s)

2024-10-17 14:38:20 - [TEST_STEP][PASSED] - selectOptionByLabel(findTestObject(orPath_TaxTypeFilingYear + "/select_TaxType_ExistingLiability"), TaxTypeEL, false): All options with label 'Sales & Use Tax' are selected in object 'Object Repository/RAD_Pages/TaxTypeFilingYear_Page/select_TaxType_ExistingLiability' 

2024-10-17 14:38:20 - [MESSAGE][PASSED] - All options with label 'Sales & Use Tax' are selected in object 'Object Repository/RAD_Pages/TaxTypeFilingYear_Page/select_TaxType_ExistingLiability' 

2024-10-17 14:38:20 - [TEST_STEP][PASSED] - setText(findTestObject(orPath_TaxInfo + "/input_NoticeInvoiceNumber"), notInvNumber): Text '0000000000' is set on object 'Object Repository/RAD_Pages/TaxInfo_Page/input_NoticeInvoiceNumber'

2024-10-17 14:38:21 - [MESSAGE][PASSED] - Text '0000000000' is set on object 'Object Repository/RAD_Pages/TaxInfo_Page/input_NoticeInvoiceNumber'

2024-10-17 14:38:21 - [TEST_STEP][PASSED] - setText(findTestObject(orPath_TaxInfo + "/input_reTypeNoticeInvoiceNumber"), notInvNumber): Text '0000000000' is set on object 'Object Repository/RAD_Pages/TaxInfo_Page/input_reTypeNoticeInvoiceNumber'

2024-10-17 14:38:22 - [MESSAGE][PASSED] - Text '0000000000' is set on object 'Object Repository/RAD_Pages/TaxInfo_Page/input_reTypeNoticeInvoiceNumber'

2024-10-17 14:38:22 - [TEST_STEP][PASSED] - println(notInvNumber): null

2024-10-17 14:38:22 - [TEST_STEP][PASSED] - if (verifyTextPresent(errorMsg, true)): null

2024-10-17 14:38:23 - [MESSAGE][PASSED] - Text 'Notice Number or Invoice Number must be 10, 11, or 13 digits in length, with a value greater than zero' is present on page  using regular expression

2024-10-17 14:38:23 - [TEST_STEP][PASSED] - println("Error Message is present on the page"): null

2024-10-17 14:38:23 - [TEST_STEP][PASSED] - out.println("Pass Record Number: " + row): null

2024-10-17 14:38:23 - [TEST_STEP][PASSED] - resText = "Pass": null

2024-10-17 14:38:23 - [TEST_STEP][PASSED] - pages.WriteExcel.demoKey(resText, datText, resColumn, datCloumn, fileLoc, nameSheet, row): pages.WriteExcel.demoKey is PASSED

2024-10-17 14:38:23 - [MESSAGE][PASSED] - pages.WriteExcel.demoKey is PASSED

2024-10-17 14:38:23 - [TEST_STEP][PASSED] - ExecuteTC = findTestData(dataFile).getValue("Execute", row): null

2024-10-17 14:38:23 - [TEST_STEP][PASSED] - Taxtype = findTestData(dataFile).getValue("TaxType", row): null

2024-10-17 14:38:23 - [TEST_STEP][PASSED] - TaxTypeEL = findTestData(dataFile).getValue("TaxTypeEL", row): null

2024-10-17 14:38:23 - [TEST_STEP][PASSED] - notInvNumber = findTestData(dataFile).getValue("NotiInvoNumber", row): null

2024-10-17 14:38:23 - [TEST_STEP][PASSED] - errorMsg = findTestData(dataFile).getValue("ErrorMessage", row): null

2024-10-17 14:38:23 - [TEST_STEP][PASSED] - out.println("Value of Execute is : " + ExecuteTC): null

2024-10-17 14:38:23 - [TEST_STEP][PASSED] - if (ExecuteTC.equalsIgnoreCase("Y")): null

2024-10-17 14:38:23 - [TEST_STEP][PASSED] - out.println("Begin Record Number: " + row): null

2024-10-17 14:38:23 - [TEST_STEP][PASSED] - today = new java.util.Date(): null

2024-10-17 14:38:23 - [TEST_STEP][PASSED] - println(today): null

2024-10-17 14:38:23 - [TEST_STEP][PASSED] - datText = today: null

2024-10-17 14:38:23 - [TEST_STEP][PASSED] - Taxtype = findTestData(dataFile).getValue("TaxType", row): null

2024-10-17 14:38:23 - [TEST_STEP][PASSED] - out.println("Taxtype value is : " + Taxtype): null

2024-10-17 14:38:23 - [TEST_STEP][PASSED] - openBrowser(""): Browser is opened with url: ''

2024-10-17 14:38:23 - [MESSAGE][WARNING] - A browser is already opened. Closing browser and opening a new one

2024-10-17 14:38:24 - [MESSAGE][INFO] - Starting 'Chrome' driver

2024-10-17 14:38:24 - [MESSAGE][INFO] - User set preference: ['acceptInsecureCerts', 'true']

2024-10-17 14:38:24 - [MESSAGE][INFO] - Action delay is set to 0 milliseconds

2024-10-17 14:38:26 - [MESSAGE][PASSED] - Browser is opened with url: ''

2024-10-17 14:38:26 - [TEST_STEP][PASSED] - maximizeWindow(): Current window maximized

2024-10-17 14:38:26 - [MESSAGE][PASSED] - Current window maximized

2024-10-17 14:38:26 - [TEST_STEP][PASSED] - navigateToUrl(RADurl): Navigate to 'https://demo.velocitypayment.com/client/rad/index.html' successfully

2024-10-17 14:38:28 - [MESSAGE][PASSED] - Navigate to 'https://demo.velocitypayment.com/client/rad/index.html' successfully

2024-10-17 14:38:28 - [TEST_STEP][PASSED] - orPath_Landing = "Object Repository/RAD_Pages/Landing_Page": null

2024-10-17 14:38:28 - [TEST_STEP][PASSED] - orPath_TaxTypeFilingYear = "Object Repository/RAD_Pages/TaxTypeFilingYear_Page": null

2024-10-17 14:38:28 - [TEST_STEP][PASSED] - orPath_TaxPayer = "Object Repository/RAD_Pages/Taxpayer_Page": null

2024-10-17 14:38:28 - [TEST_STEP][PASSED] - orPath_AddressContact = "Object Repository/RAD_Pages/AddressAndContactInfo_Page": null

2024-10-17 14:38:28 - [TEST_STEP][PASSED] - orPath_FilingStatus = "Object Repository/RAD_Pages/FilingStatus_Page": null

2024-10-17 14:38:28 - [TEST_STEP][PASSED] - orPath_Amount = "Object Repository/RAD_Pages/PaymentAmount_Page": null

2024-10-17 14:38:28 - [TEST_STEP][PASSED] - orPath_TaxInfo = "Object Repository/RAD_Pages/TaxInfo_Page": null

2024-10-17 14:38:28 - [TEST_STEP][PASSED] - orPath_Withholding = "Object Repository/RAD_Pages/Withholding_Page": null

2024-10-17 14:38:28 - [TEST_STEP][PASSED] - orPath_Summary = "Object Repository/RAD_Pages/Summary_Page": null

2024-10-17 14:38:28 - [TEST_STEP][PASSED] - orPath_PaymentReady = "Object Repository/RAD_Pages/PaymentReady_Page": null

2024-10-17 14:38:28 - [TEST_STEP][PASSED] - orPath_PaymentEntry = "Object Repository/RAD_Pages/PaymentEntry_Page": null

2024-10-17 14:38:28 - [TEST_STEP][PASSED] - orPath_PaymentConfirmation = "Object Repository/RAD_Pages/PaymentConfirmation_Page": null

2024-10-17 14:38:28 - [TEST_STEP][PASSED] - orPath_ServiceFeesAccept = "Object Repository/RAD_Pages/ServiceFeeAccept_Page": null

2024-10-17 14:38:28 - [TEST_STEP][PASSED] - selectOptionByLabel(findTestObject(orPath_Landing + "/dd_TaxType"), Taxtype, false): All options with label 'Existing Liability with Notice/Invoice Number' are selected in object 'Object Repository/RAD_Pages/Landing_Page/dd_TaxType' 

2024-10-17 14:38:29 - [MESSAGE][PASSED] - All options with label 'Existing Liability with Notice/Invoice Number' are selected in object 'Object Repository/RAD_Pages/Landing_Page/dd_TaxType' 

2024-10-17 14:38:29 - [TEST_STEP][PASSED] - delay(1): Delayed 1 second(s)

2024-10-17 14:38:30 - [MESSAGE][PASSED] - Delayed 1 second(s)

2024-10-17 14:38:30 - [TEST_STEP][PASSED] - selectOptionByLabel(findTestObject(orPath_TaxTypeFilingYear + "/select_TaxType_ExistingLiability"), TaxTypeEL, false): All options with label 'Tire Recycling Fee' are selected in object 'Object Repository/RAD_Pages/TaxTypeFilingYear_Page/select_TaxType_ExistingLiability' 

2024-10-17 14:38:31 - [MESSAGE][PASSED] - All options with label 'Tire Recycling Fee' are selected in object 'Object Repository/RAD_Pages/TaxTypeFilingYear_Page/select_TaxType_ExistingLiability' 

2024-10-17 14:38:31 - [TEST_STEP][PASSED] - setText(findTestObject(orPath_TaxInfo + "/input_NoticeInvoiceNumber"), notInvNumber): Text '123456789' is set on object 'Object Repository/RAD_Pages/TaxInfo_Page/input_NoticeInvoiceNumber'

2024-10-17 14:38:31 - [MESSAGE][PASSED] - Text '123456789' is set on object 'Object Repository/RAD_Pages/TaxInfo_Page/input_NoticeInvoiceNumber'

2024-10-17 14:38:31 - [TEST_STEP][PASSED] - setText(findTestObject(orPath_TaxInfo + "/input_reTypeNoticeInvoiceNumber"), notInvNumber): Text '123456789' is set on object 'Object Repository/RAD_Pages/TaxInfo_Page/input_reTypeNoticeInvoiceNumber'

2024-10-17 14:38:33 - [MESSAGE][PASSED] - Text '123456789' is set on object 'Object Repository/RAD_Pages/TaxInfo_Page/input_reTypeNoticeInvoiceNumber'

2024-10-17 14:38:33 - [TEST_STEP][PASSED] - println(notInvNumber): null

2024-10-17 14:38:33 - [TEST_STEP][PASSED] - if (verifyTextPresent(errorMsg, true)): null

2024-10-17 14:38:33 - [MESSAGE][PASSED] - Text 'Notice Number or Invoice Number must be 10, 11, or 13 digits in length, with a value greater than zero' is present on page  using regular expression

2024-10-17 14:38:33 - [TEST_STEP][PASSED] - println("Error Message is present on the page"): null

2024-10-17 14:38:33 - [TEST_STEP][PASSED] - out.println("Pass Record Number: " + row): null

2024-10-17 14:38:33 - [TEST_STEP][PASSED] - resText = "Pass": null

2024-10-17 14:38:33 - [TEST_STEP][PASSED] - pages.WriteExcel.demoKey(resText, datText, resColumn, datCloumn, fileLoc, nameSheet, row): pages.WriteExcel.demoKey is PASSED

2024-10-17 14:38:33 - [MESSAGE][PASSED] - pages.WriteExcel.demoKey is PASSED

2024-10-17 14:38:33 - [TEST_STEP][PASSED] - ExecuteTC = findTestData(dataFile).getValue("Execute", row): null

2024-10-17 14:38:33 - [TEST_STEP][PASSED] - Taxtype = findTestData(dataFile).getValue("TaxType", row): null

2024-10-17 14:38:33 - [TEST_STEP][PASSED] - TaxTypeEL = findTestData(dataFile).getValue("TaxTypeEL", row): null

2024-10-17 14:38:33 - [TEST_STEP][PASSED] - notInvNumber = findTestData(dataFile).getValue("NotiInvoNumber", row): null

2024-10-17 14:38:34 - [TEST_STEP][PASSED] - errorMsg = findTestData(dataFile).getValue("ErrorMessage", row): null

2024-10-17 14:38:34 - [TEST_STEP][PASSED] - out.println("Value of Execute is : " + ExecuteTC): null

2024-10-17 14:38:34 - [TEST_STEP][PASSED] - if (ExecuteTC.equalsIgnoreCase("Y")): null

2024-10-17 14:38:34 - [TEST_STEP][PASSED] - out.println("Begin Record Number: " + row): null

2024-10-17 14:38:34 - [TEST_STEP][PASSED] - today = new java.util.Date(): null

2024-10-17 14:38:34 - [TEST_STEP][PASSED] - println(today): null

2024-10-17 14:38:34 - [TEST_STEP][PASSED] - datText = today: null

2024-10-17 14:38:34 - [TEST_STEP][PASSED] - Taxtype = findTestData(dataFile).getValue("TaxType", row): null

2024-10-17 14:38:34 - [TEST_STEP][PASSED] - out.println("Taxtype value is : " + Taxtype): null

2024-10-17 14:38:34 - [TEST_STEP][PASSED] - openBrowser(""): Browser is opened with url: ''

2024-10-17 14:38:34 - [MESSAGE][WARNING] - A browser is already opened. Closing browser and opening a new one

2024-10-17 14:38:35 - [MESSAGE][INFO] - Starting 'Chrome' driver

2024-10-17 14:38:35 - [MESSAGE][INFO] - User set preference: ['acceptInsecureCerts', 'true']

2024-10-17 14:38:35 - [MESSAGE][INFO] - Action delay is set to 0 milliseconds

2024-10-17 14:38:37 - [MESSAGE][PASSED] - Browser is opened with url: ''

2024-10-17 14:38:37 - [TEST_STEP][PASSED] - maximizeWindow(): Current window maximized

2024-10-17 14:38:37 - [MESSAGE][PASSED] - Current window maximized

2024-10-17 14:38:37 - [TEST_STEP][PASSED] - navigateToUrl(RADurl): Navigate to 'https://demo.velocitypayment.com/client/rad/index.html' successfully

2024-10-17 14:38:39 - [MESSAGE][PASSED] - Navigate to 'https://demo.velocitypayment.com/client/rad/index.html' successfully

2024-10-17 14:38:39 - [TEST_STEP][PASSED] - orPath_Landing = "Object Repository/RAD_Pages/Landing_Page": null

2024-10-17 14:38:39 - [TEST_STEP][PASSED] - orPath_TaxTypeFilingYear = "Object Repository/RAD_Pages/TaxTypeFilingYear_Page": null

2024-10-17 14:38:39 - [TEST_STEP][PASSED] - orPath_TaxPayer = "Object Repository/RAD_Pages/Taxpayer_Page": null

2024-10-17 14:38:39 - [TEST_STEP][PASSED] - orPath_AddressContact = "Object Repository/RAD_Pages/AddressAndContactInfo_Page": null

2024-10-17 14:38:39 - [TEST_STEP][PASSED] - orPath_FilingStatus = "Object Repository/RAD_Pages/FilingStatus_Page": null

2024-10-17 14:38:39 - [TEST_STEP][PASSED] - orPath_Amount = "Object Repository/RAD_Pages/PaymentAmount_Page": null

2024-10-17 14:38:39 - [TEST_STEP][PASSED] - orPath_TaxInfo = "Object Repository/RAD_Pages/TaxInfo_Page": null

2024-10-17 14:38:39 - [TEST_STEP][PASSED] - orPath_Withholding = "Object Repository/RAD_Pages/Withholding_Page": null

2024-10-17 14:38:39 - [TEST_STEP][PASSED] - orPath_Summary = "Object Repository/RAD_Pages/Summary_Page": null

2024-10-17 14:38:39 - [TEST_STEP][PASSED] - orPath_PaymentReady = "Object Repository/RAD_Pages/PaymentReady_Page": null

2024-10-17 14:38:39 - [TEST_STEP][PASSED] - orPath_PaymentEntry = "Object Repository/RAD_Pages/PaymentEntry_Page": null

2024-10-17 14:38:39 - [TEST_STEP][PASSED] - orPath_PaymentConfirmation = "Object Repository/RAD_Pages/PaymentConfirmation_Page": null

2024-10-17 14:38:39 - [TEST_STEP][PASSED] - orPath_ServiceFeesAccept = "Object Repository/RAD_Pages/ServiceFeeAccept_Page": null

2024-10-17 14:38:39 - [TEST_STEP][PASSED] - selectOptionByLabel(findTestObject(orPath_Landing + "/dd_TaxType"), Taxtype, false): All options with label 'Existing Liability with Notice/Invoice Number' are selected in object 'Object Repository/RAD_Pages/Landing_Page/dd_TaxType' 

2024-10-17 14:38:40 - [MESSAGE][PASSED] - All options with label 'Existing Liability with Notice/Invoice Number' are selected in object 'Object Repository/RAD_Pages/Landing_Page/dd_TaxType' 

2024-10-17 14:38:40 - [TEST_STEP][PASSED] - delay(1): Delayed 1 second(s)

2024-10-17 14:38:41 - [MESSAGE][PASSED] - Delayed 1 second(s)

2024-10-17 14:38:41 - [TEST_STEP][PASSED] - selectOptionByLabel(findTestObject(orPath_TaxTypeFilingYear + "/select_TaxType_ExistingLiability"), TaxTypeEL, false): All options with label 'Tire Recycling Fee' are selected in object 'Object Repository/RAD_Pages/TaxTypeFilingYear_Page/select_TaxType_ExistingLiability' 

2024-10-17 14:38:41 - [MESSAGE][PASSED] - All options with label 'Tire Recycling Fee' are selected in object 'Object Repository/RAD_Pages/TaxTypeFilingYear_Page/select_TaxType_ExistingLiability' 

2024-10-17 14:38:41 - [TEST_STEP][PASSED] - setText(findTestObject(orPath_TaxInfo + "/input_NoticeInvoiceNumber"), notInvNumber): Text '123456789012' is set on object 'Object Repository/RAD_Pages/TaxInfo_Page/input_NoticeInvoiceNumber'

2024-10-17 14:38:42 - [MESSAGE][PASSED] - Text '123456789012' is set on object 'Object Repository/RAD_Pages/TaxInfo_Page/input_NoticeInvoiceNumber'

2024-10-17 14:38:42 - [TEST_STEP][PASSED] - setText(findTestObject(orPath_TaxInfo + "/input_reTypeNoticeInvoiceNumber"), notInvNumber): Text '123456789012' is set on object 'Object Repository/RAD_Pages/TaxInfo_Page/input_reTypeNoticeInvoiceNumber'

2024-10-17 14:38:43 - [MESSAGE][PASSED] - Text '123456789012' is set on object 'Object Repository/RAD_Pages/TaxInfo_Page/input_reTypeNoticeInvoiceNumber'

2024-10-17 14:38:43 - [TEST_STEP][PASSED] - println(notInvNumber): null

2024-10-17 14:38:43 - [TEST_STEP][PASSED] - if (verifyTextPresent(errorMsg, true)): null

2024-10-17 14:38:44 - [MESSAGE][PASSED] - Text 'Notice Number or Invoice Number must be 10, 11, or 13 digits in length, with a value greater than zero' is present on page  using regular expression

2024-10-17 14:38:44 - [TEST_STEP][PASSED] - println("Error Message is present on the page"): null

2024-10-17 14:38:44 - [TEST_STEP][PASSED] - out.println("Pass Record Number: " + row): null

2024-10-17 14:38:44 - [TEST_STEP][PASSED] - resText = "Pass": null

2024-10-17 14:38:44 - [TEST_STEP][PASSED] - pages.WriteExcel.demoKey(resText, datText, resColumn, datCloumn, fileLoc, nameSheet, row): pages.WriteExcel.demoKey is PASSED

2024-10-17 14:38:44 - [MESSAGE][PASSED] - pages.WriteExcel.demoKey is PASSED

2024-10-17 14:38:44 - [TEST_STEP][PASSED] - ExecuteTC = findTestData(dataFile).getValue("Execute", row): null

2024-10-17 14:38:44 - [TEST_STEP][PASSED] - Taxtype = findTestData(dataFile).getValue("TaxType", row): null

2024-10-17 14:38:44 - [TEST_STEP][PASSED] - TaxTypeEL = findTestData(dataFile).getValue("TaxTypeEL", row): null

2024-10-17 14:38:44 - [TEST_STEP][PASSED] - notInvNumber = findTestData(dataFile).getValue("NotiInvoNumber", row): null

2024-10-17 14:38:44 - [TEST_STEP][PASSED] - errorMsg = findTestData(dataFile).getValue("ErrorMessage", row): null

2024-10-17 14:38:44 - [TEST_STEP][PASSED] - out.println("Value of Execute is : " + ExecuteTC): null

2024-10-17 14:38:44 - [TEST_STEP][PASSED] - if (ExecuteTC.equalsIgnoreCase("Y")): null

2024-10-17 14:38:44 - [TEST_STEP][PASSED] - out.println("Begin Record Number: " + row): null

2024-10-17 14:38:44 - [TEST_STEP][PASSED] - today = new java.util.Date(): null

2024-10-17 14:38:44 - [TEST_STEP][PASSED] - println(today): null

2024-10-17 14:38:44 - [TEST_STEP][PASSED] - datText = today: null

2024-10-17 14:38:44 - [TEST_STEP][PASSED] - Taxtype = findTestData(dataFile).getValue("TaxType", row): null

2024-10-17 14:38:44 - [TEST_STEP][PASSED] - out.println("Taxtype value is : " + Taxtype): null

2024-10-17 14:38:44 - [TEST_STEP][PASSED] - openBrowser(""): Browser is opened with url: ''

2024-10-17 14:38:44 - [MESSAGE][WARNING] - A browser is already opened. Closing browser and opening a new one

2024-10-17 14:38:45 - [MESSAGE][INFO] - Starting 'Chrome' driver

2024-10-17 14:38:45 - [MESSAGE][INFO] - User set preference: ['acceptInsecureCerts', 'true']

2024-10-17 14:38:45 - [MESSAGE][INFO] - Action delay is set to 0 milliseconds

2024-10-17 14:38:47 - [MESSAGE][PASSED] - Browser is opened with url: ''

2024-10-17 14:38:47 - [TEST_STEP][PASSED] - maximizeWindow(): Current window maximized

2024-10-17 14:38:47 - [MESSAGE][PASSED] - Current window maximized

2024-10-17 14:38:47 - [TEST_STEP][PASSED] - navigateToUrl(RADurl): Navigate to 'https://demo.velocitypayment.com/client/rad/index.html' successfully

2024-10-17 14:38:48 - [MESSAGE][PASSED] - Navigate to 'https://demo.velocitypayment.com/client/rad/index.html' successfully

2024-10-17 14:38:48 - [TEST_STEP][PASSED] - orPath_Landing = "Object Repository/RAD_Pages/Landing_Page": null

2024-10-17 14:38:48 - [TEST_STEP][PASSED] - orPath_TaxTypeFilingYear = "Object Repository/RAD_Pages/TaxTypeFilingYear_Page": null

2024-10-17 14:38:48 - [TEST_STEP][PASSED] - orPath_TaxPayer = "Object Repository/RAD_Pages/Taxpayer_Page": null

2024-10-17 14:38:48 - [TEST_STEP][PASSED] - orPath_AddressContact = "Object Repository/RAD_Pages/AddressAndContactInfo_Page": null

2024-10-17 14:38:48 - [TEST_STEP][PASSED] - orPath_FilingStatus = "Object Repository/RAD_Pages/FilingStatus_Page": null

2024-10-17 14:38:48 - [TEST_STEP][PASSED] - orPath_Amount = "Object Repository/RAD_Pages/PaymentAmount_Page": null

2024-10-17 14:38:48 - [TEST_STEP][PASSED] - orPath_TaxInfo = "Object Repository/RAD_Pages/TaxInfo_Page": null

2024-10-17 14:38:48 - [TEST_STEP][PASSED] - orPath_Withholding = "Object Repository/RAD_Pages/Withholding_Page": null

2024-10-17 14:38:48 - [TEST_STEP][PASSED] - orPath_Summary = "Object Repository/RAD_Pages/Summary_Page": null

2024-10-17 14:38:48 - [TEST_STEP][PASSED] - orPath_PaymentReady = "Object Repository/RAD_Pages/PaymentReady_Page": null

2024-10-17 14:38:48 - [TEST_STEP][PASSED] - orPath_PaymentEntry = "Object Repository/RAD_Pages/PaymentEntry_Page": null

2024-10-17 14:38:48 - [TEST_STEP][PASSED] - orPath_PaymentConfirmation = "Object Repository/RAD_Pages/PaymentConfirmation_Page": null

2024-10-17 14:38:48 - [TEST_STEP][PASSED] - orPath_ServiceFeesAccept = "Object Repository/RAD_Pages/ServiceFeeAccept_Page": null

2024-10-17 14:38:48 - [TEST_STEP][PASSED] - selectOptionByLabel(findTestObject(orPath_Landing + "/dd_TaxType"), Taxtype, false): All options with label 'Existing Liability with Notice/Invoice Number' are selected in object 'Object Repository/RAD_Pages/Landing_Page/dd_TaxType' 

2024-10-17 14:38:50 - [MESSAGE][PASSED] - All options with label 'Existing Liability with Notice/Invoice Number' are selected in object 'Object Repository/RAD_Pages/Landing_Page/dd_TaxType' 

2024-10-17 14:38:50 - [TEST_STEP][PASSED] - delay(1): Delayed 1 second(s)

2024-10-17 14:38:51 - [MESSAGE][PASSED] - Delayed 1 second(s)

2024-10-17 14:38:51 - [TEST_STEP][PASSED] - selectOptionByLabel(findTestObject(orPath_TaxTypeFilingYear + "/select_TaxType_ExistingLiability"), TaxTypeEL, false): All options with label 'Tire Recycling Fee' are selected in object 'Object Repository/RAD_Pages/TaxTypeFilingYear_Page/select_TaxType_ExistingLiability' 

2024-10-17 14:38:52 - [MESSAGE][PASSED] - All options with label 'Tire Recycling Fee' are selected in object 'Object Repository/RAD_Pages/TaxTypeFilingYear_Page/select_TaxType_ExistingLiability' 

2024-10-17 14:38:52 - [TEST_STEP][PASSED] - setText(findTestObject(orPath_TaxInfo + "/input_NoticeInvoiceNumber"), notInvNumber): Text '0000000000' is set on object 'Object Repository/RAD_Pages/TaxInfo_Page/input_NoticeInvoiceNumber'

2024-10-17 14:38:53 - [MESSAGE][PASSED] - Text '0000000000' is set on object 'Object Repository/RAD_Pages/TaxInfo_Page/input_NoticeInvoiceNumber'

2024-10-17 14:38:53 - [TEST_STEP][PASSED] - setText(findTestObject(orPath_TaxInfo + "/input_reTypeNoticeInvoiceNumber"), notInvNumber): Text '0000000000' is set on object 'Object Repository/RAD_Pages/TaxInfo_Page/input_reTypeNoticeInvoiceNumber'

2024-10-17 14:38:54 - [MESSAGE][PASSED] - Text '0000000000' is set on object 'Object Repository/RAD_Pages/TaxInfo_Page/input_reTypeNoticeInvoiceNumber'

2024-10-17 14:38:54 - [TEST_STEP][PASSED] - println(notInvNumber): null

2024-10-17 14:38:54 - [TEST_STEP][PASSED] - if (verifyTextPresent(errorMsg, true)): null

2024-10-17 14:38:54 - [MESSAGE][PASSED] - Text 'Notice Number or Invoice Number must be 10, 11, or 13 digits in length, with a value greater than zero' is present on page  using regular expression

2024-10-17 14:38:54 - [TEST_STEP][PASSED] - println("Error Message is present on the page"): null

2024-10-17 14:38:54 - [TEST_STEP][PASSED] - out.println("Pass Record Number: " + row): null

2024-10-17 14:38:54 - [TEST_STEP][PASSED] - resText = "Pass": null

2024-10-17 14:38:54 - [TEST_STEP][PASSED] - pages.WriteExcel.demoKey(resText, datText, resColumn, datCloumn, fileLoc, nameSheet, row): pages.WriteExcel.demoKey is PASSED

2024-10-17 14:38:54 - [MESSAGE][PASSED] - pages.WriteExcel.demoKey is PASSED

2024-10-17 14:38:54 - [TEST_STEP][PASSED] - ExecuteTC = findTestData(dataFile).getValue("Execute", row): null

2024-10-17 14:38:54 - [TEST_STEP][PASSED] - Taxtype = findTestData(dataFile).getValue("TaxType", row): null

2024-10-17 14:38:54 - [TEST_STEP][PASSED] - TaxTypeEL = findTestData(dataFile).getValue("TaxTypeEL", row): null

2024-10-17 14:38:54 - [TEST_STEP][PASSED] - notInvNumber = findTestData(dataFile).getValue("NotiInvoNumber", row): null

2024-10-17 14:38:54 - [TEST_STEP][PASSED] - errorMsg = findTestData(dataFile).getValue("ErrorMessage", row): null

2024-10-17 14:38:55 - [TEST_STEP][PASSED] - out.println("Value of Execute is : " + ExecuteTC): null

2024-10-17 14:38:55 - [TEST_STEP][PASSED] - if (ExecuteTC.equalsIgnoreCase("Y")): null

2024-10-17 14:38:55 - [TEST_STEP][PASSED] - out.println("Begin Record Number: " + row): null

2024-10-17 14:38:55 - [TEST_STEP][PASSED] - today = new java.util.Date(): null

2024-10-17 14:38:55 - [TEST_STEP][PASSED] - println(today): null

2024-10-17 14:38:55 - [TEST_STEP][PASSED] - datText = today: null

2024-10-17 14:38:55 - [TEST_STEP][PASSED] - Taxtype = findTestData(dataFile).getValue("TaxType", row): null

2024-10-17 14:38:55 - [TEST_STEP][PASSED] - out.println("Taxtype value is : " + Taxtype): null

2024-10-17 14:38:55 - [TEST_STEP][PASSED] - openBrowser(""): Browser is opened with url: ''

2024-10-17 14:38:55 - [MESSAGE][WARNING] - A browser is already opened. Closing browser and opening a new one

2024-10-17 14:38:57 - [MESSAGE][INFO] - Starting 'Chrome' driver

2024-10-17 14:38:57 - [MESSAGE][INFO] - User set preference: ['acceptInsecureCerts', 'true']

2024-10-17 14:38:57 - [MESSAGE][INFO] - Action delay is set to 0 milliseconds

2024-10-17 14:38:59 - [MESSAGE][PASSED] - Browser is opened with url: ''

2024-10-17 14:38:59 - [TEST_STEP][PASSED] - maximizeWindow(): Current window maximized

2024-10-17 14:38:59 - [MESSAGE][PASSED] - Current window maximized

2024-10-17 14:38:59 - [TEST_STEP][PASSED] - navigateToUrl(RADurl): Navigate to 'https://demo.velocitypayment.com/client/rad/index.html' successfully

2024-10-17 14:39:02 - [MESSAGE][PASSED] - Navigate to 'https://demo.velocitypayment.com/client/rad/index.html' successfully

2024-10-17 14:39:02 - [TEST_STEP][PASSED] - orPath_Landing = "Object Repository/RAD_Pages/Landing_Page": null

2024-10-17 14:39:02 - [TEST_STEP][PASSED] - orPath_TaxTypeFilingYear = "Object Repository/RAD_Pages/TaxTypeFilingYear_Page": null

2024-10-17 14:39:02 - [TEST_STEP][PASSED] - orPath_TaxPayer = "Object Repository/RAD_Pages/Taxpayer_Page": null

2024-10-17 14:39:02 - [TEST_STEP][PASSED] - orPath_AddressContact = "Object Repository/RAD_Pages/AddressAndContactInfo_Page": null

2024-10-17 14:39:02 - [TEST_STEP][PASSED] - orPath_FilingStatus = "Object Repository/RAD_Pages/FilingStatus_Page": null

2024-10-17 14:39:02 - [TEST_STEP][PASSED] - orPath_Amount = "Object Repository/RAD_Pages/PaymentAmount_Page": null

2024-10-17 14:39:02 - [TEST_STEP][PASSED] - orPath_TaxInfo = "Object Repository/RAD_Pages/TaxInfo_Page": null

2024-10-17 14:39:02 - [TEST_STEP][PASSED] - orPath_Withholding = "Object Repository/RAD_Pages/Withholding_Page": null

2024-10-17 14:39:02 - [TEST_STEP][PASSED] - orPath_Summary = "Object Repository/RAD_Pages/Summary_Page": null

2024-10-17 14:39:02 - [TEST_STEP][PASSED] - orPath_PaymentReady = "Object Repository/RAD_Pages/PaymentReady_Page": null

2024-10-17 14:39:02 - [TEST_STEP][PASSED] - orPath_PaymentEntry = "Object Repository/RAD_Pages/PaymentEntry_Page": null

2024-10-17 14:39:02 - [TEST_STEP][PASSED] - orPath_PaymentConfirmation = "Object Repository/RAD_Pages/PaymentConfirmation_Page": null

2024-10-17 14:39:02 - [TEST_STEP][PASSED] - orPath_ServiceFeesAccept = "Object Repository/RAD_Pages/ServiceFeeAccept_Page": null

2024-10-17 14:39:02 - [TEST_STEP][PASSED] - selectOptionByLabel(findTestObject(orPath_Landing + "/dd_TaxType"), Taxtype, false): All options with label 'Existing Liability with Notice/Invoice Number' are selected in object 'Object Repository/RAD_Pages/Landing_Page/dd_TaxType' 

2024-10-17 14:39:03 - [MESSAGE][PASSED] - All options with label 'Existing Liability with Notice/Invoice Number' are selected in object 'Object Repository/RAD_Pages/Landing_Page/dd_TaxType' 

2024-10-17 14:39:03 - [TEST_STEP][PASSED] - delay(1): Delayed 1 second(s)

2024-10-17 14:39:04 - [MESSAGE][PASSED] - Delayed 1 second(s)

2024-10-17 14:39:04 - [TEST_STEP][PASSED] - selectOptionByLabel(findTestObject(orPath_TaxTypeFilingYear + "/select_TaxType_ExistingLiability"), TaxTypeEL, false): All options with label 'Withholding Tax' are selected in object 'Object Repository/RAD_Pages/TaxTypeFilingYear_Page/select_TaxType_ExistingLiability' 

2024-10-17 14:39:04 - [MESSAGE][PASSED] - All options with label 'Withholding Tax' are selected in object 'Object Repository/RAD_Pages/TaxTypeFilingYear_Page/select_TaxType_ExistingLiability' 

2024-10-17 14:39:04 - [TEST_STEP][PASSED] - setText(findTestObject(orPath_TaxInfo + "/input_NoticeInvoiceNumber"), notInvNumber): Text '123456789' is set on object 'Object Repository/RAD_Pages/TaxInfo_Page/input_NoticeInvoiceNumber'

2024-10-17 14:39:05 - [MESSAGE][PASSED] - Text '123456789' is set on object 'Object Repository/RAD_Pages/TaxInfo_Page/input_NoticeInvoiceNumber'

2024-10-17 14:39:05 - [TEST_STEP][PASSED] - setText(findTestObject(orPath_TaxInfo + "/input_reTypeNoticeInvoiceNumber"), notInvNumber): Text '123456789' is set on object 'Object Repository/RAD_Pages/TaxInfo_Page/input_reTypeNoticeInvoiceNumber'

2024-10-17 14:39:06 - [MESSAGE][PASSED] - Text '123456789' is set on object 'Object Repository/RAD_Pages/TaxInfo_Page/input_reTypeNoticeInvoiceNumber'

2024-10-17 14:39:06 - [TEST_STEP][PASSED] - println(notInvNumber): null

2024-10-17 14:39:06 - [TEST_STEP][PASSED] - if (verifyTextPresent(errorMsg, true)): null

2024-10-17 14:39:07 - [MESSAGE][PASSED] - Text 'Notice Number or Invoice Number must be 10, 11, or 13 digits in length, with a value greater than zero' is present on page  using regular expression

2024-10-17 14:39:07 - [TEST_STEP][PASSED] - println("Error Message is present on the page"): null

2024-10-17 14:39:07 - [TEST_STEP][PASSED] - out.println("Pass Record Number: " + row): null

2024-10-17 14:39:07 - [TEST_STEP][PASSED] - resText = "Pass": null

2024-10-17 14:39:07 - [TEST_STEP][PASSED] - pages.WriteExcel.demoKey(resText, datText, resColumn, datCloumn, fileLoc, nameSheet, row): pages.WriteExcel.demoKey is PASSED

2024-10-17 14:39:07 - [MESSAGE][PASSED] - pages.WriteExcel.demoKey is PASSED

2024-10-17 14:39:07 - [TEST_STEP][PASSED] - ExecuteTC = findTestData(dataFile).getValue("Execute", row): null

2024-10-17 14:39:07 - [TEST_STEP][PASSED] - Taxtype = findTestData(dataFile).getValue("TaxType", row): null

2024-10-17 14:39:07 - [TEST_STEP][PASSED] - TaxTypeEL = findTestData(dataFile).getValue("TaxTypeEL", row): null

2024-10-17 14:39:07 - [TEST_STEP][PASSED] - notInvNumber = findTestData(dataFile).getValue("NotiInvoNumber", row): null

2024-10-17 14:39:07 - [TEST_STEP][PASSED] - errorMsg = findTestData(dataFile).getValue("ErrorMessage", row): null

2024-10-17 14:39:07 - [TEST_STEP][PASSED] - out.println("Value of Execute is : " + ExecuteTC): null

2024-10-17 14:39:07 - [TEST_STEP][PASSED] - if (ExecuteTC.equalsIgnoreCase("Y")): null

2024-10-17 14:39:07 - [TEST_STEP][PASSED] - out.println("Begin Record Number: " + row): null

2024-10-17 14:39:07 - [TEST_STEP][PASSED] - today = new java.util.Date(): null

2024-10-17 14:39:07 - [TEST_STEP][PASSED] - println(today): null

2024-10-17 14:39:07 - [TEST_STEP][PASSED] - datText = today: null

2024-10-17 14:39:07 - [TEST_STEP][PASSED] - Taxtype = findTestData(dataFile).getValue("TaxType", row): null

2024-10-17 14:39:07 - [TEST_STEP][PASSED] - out.println("Taxtype value is : " + Taxtype): null

2024-10-17 14:39:07 - [TEST_STEP][PASSED] - openBrowser(""): Browser is opened with url: ''

2024-10-17 14:39:07 - [MESSAGE][WARNING] - A browser is already opened. Closing browser and opening a new one

2024-10-17 14:39:09 - [MESSAGE][INFO] - Starting 'Chrome' driver

2024-10-17 14:39:09 - [MESSAGE][INFO] - User set preference: ['acceptInsecureCerts', 'true']

2024-10-17 14:39:09 - [MESSAGE][INFO] - Action delay is set to 0 milliseconds

2024-10-17 14:39:11 - [MESSAGE][PASSED] - Browser is opened with url: ''

2024-10-17 14:39:11 - [TEST_STEP][PASSED] - maximizeWindow(): Current window maximized

2024-10-17 14:39:11 - [MESSAGE][PASSED] - Current window maximized

2024-10-17 14:39:11 - [TEST_STEP][PASSED] - navigateToUrl(RADurl): Navigate to 'https://demo.velocitypayment.com/client/rad/index.html' successfully

2024-10-17 14:39:13 - [MESSAGE][PASSED] - Navigate to 'https://demo.velocitypayment.com/client/rad/index.html' successfully

2024-10-17 14:39:13 - [TEST_STEP][PASSED] - orPath_Landing = "Object Repository/RAD_Pages/Landing_Page": null

2024-10-17 14:39:13 - [TEST_STEP][PASSED] - orPath_TaxTypeFilingYear = "Object Repository/RAD_Pages/TaxTypeFilingYear_Page": null

2024-10-17 14:39:13 - [TEST_STEP][PASSED] - orPath_TaxPayer = "Object Repository/RAD_Pages/Taxpayer_Page": null

2024-10-17 14:39:13 - [TEST_STEP][PASSED] - orPath_AddressContact = "Object Repository/RAD_Pages/AddressAndContactInfo_Page": null

2024-10-17 14:39:13 - [TEST_STEP][PASSED] - orPath_FilingStatus = "Object Repository/RAD_Pages/FilingStatus_Page": null

2024-10-17 14:39:13 - [TEST_STEP][PASSED] - orPath_Amount = "Object Repository/RAD_Pages/PaymentAmount_Page": null

2024-10-17 14:39:13 - [TEST_STEP][PASSED] - orPath_TaxInfo = "Object Repository/RAD_Pages/TaxInfo_Page": null

2024-10-17 14:39:13 - [TEST_STEP][PASSED] - orPath_Withholding = "Object Repository/RAD_Pages/Withholding_Page": null

2024-10-17 14:39:13 - [TEST_STEP][PASSED] - orPath_Summary = "Object Repository/RAD_Pages/Summary_Page": null

2024-10-17 14:39:13 - [TEST_STEP][PASSED] - orPath_PaymentReady = "Object Repository/RAD_Pages/PaymentReady_Page": null

2024-10-17 14:39:13 - [TEST_STEP][PASSED] - orPath_PaymentEntry = "Object Repository/RAD_Pages/PaymentEntry_Page": null

2024-10-17 14:39:13 - [TEST_STEP][PASSED] - orPath_PaymentConfirmation = "Object Repository/RAD_Pages/PaymentConfirmation_Page": null

2024-10-17 14:39:13 - [TEST_STEP][PASSED] - orPath_ServiceFeesAccept = "Object Repository/RAD_Pages/ServiceFeeAccept_Page": null

2024-10-17 14:39:13 - [TEST_STEP][PASSED] - selectOptionByLabel(findTestObject(orPath_Landing + "/dd_TaxType"), Taxtype, false): All options with label 'Existing Liability with Notice/Invoice Number' are selected in object 'Object Repository/RAD_Pages/Landing_Page/dd_TaxType' 

2024-10-17 14:39:14 - [MESSAGE][PASSED] - All options with label 'Existing Liability with Notice/Invoice Number' are selected in object 'Object Repository/RAD_Pages/Landing_Page/dd_TaxType' 

2024-10-17 14:39:14 - [TEST_STEP][PASSED] - delay(1): Delayed 1 second(s)

2024-10-17 14:39:15 - [MESSAGE][PASSED] - Delayed 1 second(s)

2024-10-17 14:39:15 - [TEST_STEP][PASSED] - selectOptionByLabel(findTestObject(orPath_TaxTypeFilingYear + "/select_TaxType_ExistingLiability"), TaxTypeEL, false): All options with label 'Withholding Tax' are selected in object 'Object Repository/RAD_Pages/TaxTypeFilingYear_Page/select_TaxType_ExistingLiability' 

2024-10-17 14:39:16 - [MESSAGE][PASSED] - All options with label 'Withholding Tax' are selected in object 'Object Repository/RAD_Pages/TaxTypeFilingYear_Page/select_TaxType_ExistingLiability' 

2024-10-17 14:39:16 - [TEST_STEP][PASSED] - setText(findTestObject(orPath_TaxInfo + "/input_NoticeInvoiceNumber"), notInvNumber): Text '123456789012' is set on object 'Object Repository/RAD_Pages/TaxInfo_Page/input_NoticeInvoiceNumber'

2024-10-17 14:39:17 - [MESSAGE][PASSED] - Text '123456789012' is set on object 'Object Repository/RAD_Pages/TaxInfo_Page/input_NoticeInvoiceNumber'

2024-10-17 14:39:17 - [TEST_STEP][PASSED] - setText(findTestObject(orPath_TaxInfo + "/input_reTypeNoticeInvoiceNumber"), notInvNumber): Text '123456789012' is set on object 'Object Repository/RAD_Pages/TaxInfo_Page/input_reTypeNoticeInvoiceNumber'

2024-10-17 14:39:18 - [MESSAGE][PASSED] - Text '123456789012' is set on object 'Object Repository/RAD_Pages/TaxInfo_Page/input_reTypeNoticeInvoiceNumber'

2024-10-17 14:39:18 - [TEST_STEP][PASSED] - println(notInvNumber): null

2024-10-17 14:39:18 - [TEST_STEP][PASSED] - if (verifyTextPresent(errorMsg, true)): null

2024-10-17 14:39:18 - [MESSAGE][PASSED] - Text 'Notice Number or Invoice Number must be 10, 11, or 13 digits in length, with a value greater than zero' is present on page  using regular expression

2024-10-17 14:39:18 - [TEST_STEP][PASSED] - println("Error Message is present on the page"): null

2024-10-17 14:39:18 - [TEST_STEP][PASSED] - out.println("Pass Record Number: " + row): null

2024-10-17 14:39:18 - [TEST_STEP][PASSED] - resText = "Pass": null

2024-10-17 14:39:18 - [TEST_STEP][PASSED] - pages.WriteExcel.demoKey(resText, datText, resColumn, datCloumn, fileLoc, nameSheet, row): pages.WriteExcel.demoKey is PASSED

2024-10-17 14:39:18 - [MESSAGE][PASSED] - pages.WriteExcel.demoKey is PASSED

2024-10-17 14:39:18 - [TEST_STEP][PASSED] - ExecuteTC = findTestData(dataFile).getValue("Execute", row): null

2024-10-17 14:39:18 - [TEST_STEP][PASSED] - Taxtype = findTestData(dataFile).getValue("TaxType", row): null

2024-10-17 14:39:18 - [TEST_STEP][PASSED] - TaxTypeEL = findTestData(dataFile).getValue("TaxTypeEL", row): null

2024-10-17 14:39:18 - [TEST_STEP][PASSED] - notInvNumber = findTestData(dataFile).getValue("NotiInvoNumber", row): null

2024-10-17 14:39:18 - [TEST_STEP][PASSED] - errorMsg = findTestData(dataFile).getValue("ErrorMessage", row): null

2024-10-17 14:39:18 - [TEST_STEP][PASSED] - out.println("Value of Execute is : " + ExecuteTC): null

2024-10-17 14:39:18 - [TEST_STEP][PASSED] - if (ExecuteTC.equalsIgnoreCase("Y")): null

2024-10-17 14:39:18 - [TEST_STEP][PASSED] - out.println("Begin Record Number: " + row): null

2024-10-17 14:39:18 - [TEST_STEP][PASSED] - today = new java.util.Date(): null

2024-10-17 14:39:18 - [TEST_STEP][PASSED] - println(today): null

2024-10-17 14:39:18 - [TEST_STEP][PASSED] - datText = today: null

2024-10-17 14:39:18 - [TEST_STEP][PASSED] - Taxtype = findTestData(dataFile).getValue("TaxType", row): null

2024-10-17 14:39:19 - [TEST_STEP][PASSED] - out.println("Taxtype value is : " + Taxtype): null

2024-10-17 14:39:19 - [TEST_STEP][PASSED] - openBrowser(""): Browser is opened with url: ''

2024-10-17 14:39:19 - [MESSAGE][WARNING] - A browser is already opened. Closing browser and opening a new one

2024-10-17 14:39:20 - [MESSAGE][INFO] - Starting 'Chrome' driver

2024-10-17 14:39:20 - [MESSAGE][INFO] - User set preference: ['acceptInsecureCerts', 'true']

2024-10-17 14:39:20 - [MESSAGE][INFO] - Action delay is set to 0 milliseconds

2024-10-17 14:39:22 - [MESSAGE][PASSED] - Browser is opened with url: ''

2024-10-17 14:39:22 - [TEST_STEP][PASSED] - maximizeWindow(): Current window maximized

2024-10-17 14:39:22 - [MESSAGE][PASSED] - Current window maximized

2024-10-17 14:39:22 - [TEST_STEP][PASSED] - navigateToUrl(RADurl): Navigate to 'https://demo.velocitypayment.com/client/rad/index.html' successfully

2024-10-17 14:39:22 - [MESSAGE][PASSED] - Navigate to 'https://demo.velocitypayment.com/client/rad/index.html' successfully

2024-10-17 14:39:22 - [TEST_STEP][PASSED] - orPath_Landing = "Object Repository/RAD_Pages/Landing_Page": null

2024-10-17 14:39:22 - [TEST_STEP][PASSED] - orPath_TaxTypeFilingYear = "Object Repository/RAD_Pages/TaxTypeFilingYear_Page": null

2024-10-17 14:39:22 - [TEST_STEP][PASSED] - orPath_TaxPayer = "Object Repository/RAD_Pages/Taxpayer_Page": null

2024-10-17 14:39:22 - [TEST_STEP][PASSED] - orPath_AddressContact = "Object Repository/RAD_Pages/AddressAndContactInfo_Page": null

2024-10-17 14:39:22 - [TEST_STEP][PASSED] - orPath_FilingStatus = "Object Repository/RAD_Pages/FilingStatus_Page": null

2024-10-17 14:39:22 - [TEST_STEP][PASSED] - orPath_Amount = "Object Repository/RAD_Pages/PaymentAmount_Page": null

2024-10-17 14:39:22 - [TEST_STEP][PASSED] - orPath_TaxInfo = "Object Repository/RAD_Pages/TaxInfo_Page": null

2024-10-17 14:39:22 - [TEST_STEP][PASSED] - orPath_Withholding = "Object Repository/RAD_Pages/Withholding_Page": null

2024-10-17 14:39:22 - [TEST_STEP][PASSED] - orPath_Summary = "Object Repository/RAD_Pages/Summary_Page": null

2024-10-17 14:39:22 - [TEST_STEP][PASSED] - orPath_PaymentReady = "Object Repository/RAD_Pages/PaymentReady_Page": null

2024-10-17 14:39:22 - [TEST_STEP][PASSED] - orPath_PaymentEntry = "Object Repository/RAD_Pages/PaymentEntry_Page": null

2024-10-17 14:39:22 - [TEST_STEP][PASSED] - orPath_PaymentConfirmation = "Object Repository/RAD_Pages/PaymentConfirmation_Page": null

2024-10-17 14:39:22 - [TEST_STEP][PASSED] - orPath_ServiceFeesAccept = "Object Repository/RAD_Pages/ServiceFeeAccept_Page": null

2024-10-17 14:39:22 - [TEST_STEP][PASSED] - selectOptionByLabel(findTestObject(orPath_Landing + "/dd_TaxType"), Taxtype, false): All options with label 'Existing Liability with Notice/Invoice Number' are selected in object 'Object Repository/RAD_Pages/Landing_Page/dd_TaxType' 

2024-10-17 14:39:25 - [MESSAGE][PASSED] - All options with label 'Existing Liability with Notice/Invoice Number' are selected in object 'Object Repository/RAD_Pages/Landing_Page/dd_TaxType' 

2024-10-17 14:39:25 - [TEST_STEP][PASSED] - delay(1): Delayed 1 second(s)

2024-10-17 14:39:26 - [MESSAGE][PASSED] - Delayed 1 second(s)

2024-10-17 14:39:26 - [TEST_STEP][PASSED] - selectOptionByLabel(findTestObject(orPath_TaxTypeFilingYear + "/select_TaxType_ExistingLiability"), TaxTypeEL, false): All options with label 'Withholding Tax' are selected in object 'Object Repository/RAD_Pages/TaxTypeFilingYear_Page/select_TaxType_ExistingLiability' 

2024-10-17 14:39:26 - [MESSAGE][PASSED] - All options with label 'Withholding Tax' are selected in object 'Object Repository/RAD_Pages/TaxTypeFilingYear_Page/select_TaxType_ExistingLiability' 

2024-10-17 14:39:26 - [TEST_STEP][PASSED] - setText(findTestObject(orPath_TaxInfo + "/input_NoticeInvoiceNumber"), notInvNumber): Text '0000000000' is set on object 'Object Repository/RAD_Pages/TaxInfo_Page/input_NoticeInvoiceNumber'

2024-10-17 14:39:27 - [MESSAGE][PASSED] - Text '0000000000' is set on object 'Object Repository/RAD_Pages/TaxInfo_Page/input_NoticeInvoiceNumber'

2024-10-17 14:39:27 - [TEST_STEP][PASSED] - setText(findTestObject(orPath_TaxInfo + "/input_reTypeNoticeInvoiceNumber"), notInvNumber): Text '0000000000' is set on object 'Object Repository/RAD_Pages/TaxInfo_Page/input_reTypeNoticeInvoiceNumber'

2024-10-17 14:39:28 - [MESSAGE][PASSED] - Text '0000000000' is set on object 'Object Repository/RAD_Pages/TaxInfo_Page/input_reTypeNoticeInvoiceNumber'

2024-10-17 14:39:28 - [TEST_STEP][PASSED] - println(notInvNumber): null

2024-10-17 14:39:28 - [TEST_STEP][PASSED] - if (verifyTextPresent(errorMsg, true)): null

2024-10-17 14:39:29 - [MESSAGE][PASSED] - Text 'Notice Number or Invoice Number must be 10, 11, or 13 digits in length, with a value greater than zero' is present on page  using regular expression

2024-10-17 14:39:29 - [TEST_STEP][PASSED] - println("Error Message is present on the page"): null

2024-10-17 14:39:29 - [TEST_STEP][PASSED] - out.println("Pass Record Number: " + row): null

2024-10-17 14:39:29 - [TEST_STEP][PASSED] - resText = "Pass": null

2024-10-17 14:39:29 - [TEST_STEP][PASSED] - pages.WriteExcel.demoKey(resText, datText, resColumn, datCloumn, fileLoc, nameSheet, row): pages.WriteExcel.demoKey is PASSED

2024-10-17 14:39:29 - [MESSAGE][PASSED] - pages.WriteExcel.demoKey is PASSED

2024-10-17 14:39:29 - [TEST_STEP][PASSED] - ExecuteTC = findTestData(dataFile).getValue("Execute", row): null

2024-10-17 14:39:29 - [TEST_STEP][PASSED] - Taxtype = findTestData(dataFile).getValue("TaxType", row): null

2024-10-17 14:39:29 - [TEST_STEP][PASSED] - TaxTypeEL = findTestData(dataFile).getValue("TaxTypeEL", row): null

2024-10-17 14:39:29 - [TEST_STEP][PASSED] - notInvNumber = findTestData(dataFile).getValue("NotiInvoNumber", row): null

2024-10-17 14:39:29 - [TEST_STEP][PASSED] - errorMsg = findTestData(dataFile).getValue("ErrorMessage", row): null

2024-10-17 14:39:29 - [TEST_STEP][PASSED] - out.println("Value of Execute is : " + ExecuteTC): null

2024-10-17 14:39:29 - [TEST_STEP][PASSED] - if (ExecuteTC.equalsIgnoreCase("Y")): null

2024-10-17 14:39:29 - [TEST_STEP][PASSED] - out.println("Begin Record Number: " + row): null

2024-10-17 14:39:29 - [TEST_STEP][PASSED] - today = new java.util.Date(): null

2024-10-17 14:39:29 - [TEST_STEP][PASSED] - println(today): null

2024-10-17 14:39:29 - [TEST_STEP][PASSED] - datText = today: null

2024-10-17 14:39:29 - [TEST_STEP][PASSED] - Taxtype = findTestData(dataFile).getValue("TaxType", row): null

2024-10-17 14:39:29 - [TEST_STEP][PASSED] - out.println("Taxtype value is : " + Taxtype): null

2024-10-17 14:39:29 - [TEST_STEP][PASSED] - openBrowser(""): Browser is opened with url: ''

2024-10-17 14:39:29 - [MESSAGE][WARNING] - A browser is already opened. Closing browser and opening a new one

2024-10-17 14:39:31 - [MESSAGE][INFO] - Starting 'Chrome' driver

2024-10-17 14:39:31 - [MESSAGE][INFO] - User set preference: ['acceptInsecureCerts', 'true']

2024-10-17 14:39:31 - [MESSAGE][INFO] - Action delay is set to 0 milliseconds

2024-10-17 14:39:33 - [MESSAGE][PASSED] - Browser is opened with url: ''

2024-10-17 14:39:33 - [TEST_STEP][PASSED] - maximizeWindow(): Current window maximized

2024-10-17 14:39:33 - [MESSAGE][PASSED] - Current window maximized

2024-10-17 14:39:33 - [TEST_STEP][PASSED] - navigateToUrl(RADurl): Navigate to 'https://demo.velocitypayment.com/client/rad/index.html' successfully

2024-10-17 14:39:35 - [MESSAGE][PASSED] - Navigate to 'https://demo.velocitypayment.com/client/rad/index.html' successfully

2024-10-17 14:39:35 - [TEST_STEP][PASSED] - orPath_Landing = "Object Repository/RAD_Pages/Landing_Page": null

2024-10-17 14:39:35 - [TEST_STEP][PASSED] - orPath_TaxTypeFilingYear = "Object Repository/RAD_Pages/TaxTypeFilingYear_Page": null

2024-10-17 14:39:35 - [TEST_STEP][PASSED] - orPath_TaxPayer = "Object Repository/RAD_Pages/Taxpayer_Page": null

2024-10-17 14:39:35 - [TEST_STEP][PASSED] - orPath_AddressContact = "Object Repository/RAD_Pages/AddressAndContactInfo_Page": null

2024-10-17 14:39:35 - [TEST_STEP][PASSED] - orPath_FilingStatus = "Object Repository/RAD_Pages/FilingStatus_Page": null

2024-10-17 14:39:35 - [TEST_STEP][PASSED] - orPath_Amount = "Object Repository/RAD_Pages/PaymentAmount_Page": null

2024-10-17 14:39:35 - [TEST_STEP][PASSED] - orPath_TaxInfo = "Object Repository/RAD_Pages/TaxInfo_Page": null

2024-10-17 14:39:35 - [TEST_STEP][PASSED] - orPath_Withholding = "Object Repository/RAD_Pages/Withholding_Page": null

2024-10-17 14:39:35 - [TEST_STEP][PASSED] - orPath_Summary = "Object Repository/RAD_Pages/Summary_Page": null

2024-10-17 14:39:35 - [TEST_STEP][PASSED] - orPath_PaymentReady = "Object Repository/RAD_Pages/PaymentReady_Page": null

2024-10-17 14:39:35 - [TEST_STEP][PASSED] - orPath_PaymentEntry = "Object Repository/RAD_Pages/PaymentEntry_Page": null

2024-10-17 14:39:35 - [TEST_STEP][PASSED] - orPath_PaymentConfirmation = "Object Repository/RAD_Pages/PaymentConfirmation_Page": null

2024-10-17 14:39:35 - [TEST_STEP][PASSED] - orPath_ServiceFeesAccept = "Object Repository/RAD_Pages/ServiceFeeAccept_Page": null

2024-10-17 14:39:35 - [TEST_STEP][PASSED] - selectOptionByLabel(findTestObject(orPath_Landing + "/dd_TaxType"), Taxtype, false): All options with label 'Existing Liability with Notice/Invoice Number' are selected in object 'Object Repository/RAD_Pages/Landing_Page/dd_TaxType' 

2024-10-17 14:39:36 - [MESSAGE][PASSED] - All options with label 'Existing Liability with Notice/Invoice Number' are selected in object 'Object Repository/RAD_Pages/Landing_Page/dd_TaxType' 

2024-10-17 14:39:36 - [TEST_STEP][PASSED] - delay(1): Delayed 1 second(s)

2024-10-17 14:39:37 - [MESSAGE][PASSED] - Delayed 1 second(s)

2024-10-17 14:39:37 - [TEST_STEP][PASSED] - selectOptionByLabel(findTestObject(orPath_TaxTypeFilingYear + "/select_TaxType_ExistingLiability"), TaxTypeEL, false): All options with label 'Alcohol Tax' are selected in object 'Object Repository/RAD_Pages/TaxTypeFilingYear_Page/select_TaxType_ExistingLiability' 

2024-10-17 14:39:38 - [MESSAGE][PASSED] - All options with label 'Alcohol Tax' are selected in object 'Object Repository/RAD_Pages/TaxTypeFilingYear_Page/select_TaxType_ExistingLiability' 

2024-10-17 14:39:38 - [TEST_STEP][PASSED] - setText(findTestObject(orPath_TaxInfo + "/input_NoticeInvoiceNumber"), notInvNumber): Text '123456789' is set on object 'Object Repository/RAD_Pages/TaxInfo_Page/input_NoticeInvoiceNumber'

2024-10-17 14:39:39 - [MESSAGE][PASSED] - Text '123456789' is set on object 'Object Repository/RAD_Pages/TaxInfo_Page/input_NoticeInvoiceNumber'

2024-10-17 14:39:39 - [TEST_STEP][PASSED] - setText(findTestObject(orPath_TaxInfo + "/input_reTypeNoticeInvoiceNumber"), notInvNumber): Text '123456789' is set on object 'Object Repository/RAD_Pages/TaxInfo_Page/input_reTypeNoticeInvoiceNumber'

2024-10-17 14:39:40 - [MESSAGE][PASSED] - Text '123456789' is set on object 'Object Repository/RAD_Pages/TaxInfo_Page/input_reTypeNoticeInvoiceNumber'

2024-10-17 14:39:40 - [TEST_STEP][PASSED] - println(notInvNumber): null

2024-10-17 14:39:40 - [TEST_STEP][PASSED] - if (verifyTextPresent(errorMsg, true)): null

2024-10-17 14:39:40 - [MESSAGE][PASSED] - Text 'Notice Number or Invoice Number must be 10, 11, or 13 digits in length, with a value greater than zero' is present on page  using regular expression

2024-10-17 14:39:40 - [TEST_STEP][PASSED] - println("Error Message is present on the page"): null

2024-10-17 14:39:40 - [TEST_STEP][PASSED] - out.println("Pass Record Number: " + row): null

2024-10-17 14:39:40 - [TEST_STEP][PASSED] - resText = "Pass": null

2024-10-17 14:39:40 - [TEST_STEP][PASSED] - pages.WriteExcel.demoKey(resText, datText, resColumn, datCloumn, fileLoc, nameSheet, row): pages.WriteExcel.demoKey is PASSED

2024-10-17 14:39:40 - [MESSAGE][PASSED] - pages.WriteExcel.demoKey is PASSED

2024-10-17 14:39:40 - [TEST_STEP][PASSED] - ExecuteTC = findTestData(dataFile).getValue("Execute", row): null

2024-10-17 14:39:40 - [TEST_STEP][PASSED] - Taxtype = findTestData(dataFile).getValue("TaxType", row): null

2024-10-17 14:39:40 - [TEST_STEP][PASSED] - TaxTypeEL = findTestData(dataFile).getValue("TaxTypeEL", row): null

2024-10-17 14:39:40 - [TEST_STEP][PASSED] - notInvNumber = findTestData(dataFile).getValue("NotiInvoNumber", row): null

2024-10-17 14:39:40 - [TEST_STEP][PASSED] - errorMsg = findTestData(dataFile).getValue("ErrorMessage", row): null

2024-10-17 14:39:40 - [TEST_STEP][PASSED] - out.println("Value of Execute is : " + ExecuteTC): null

2024-10-17 14:39:40 - [TEST_STEP][PASSED] - if (ExecuteTC.equalsIgnoreCase("Y")): null

2024-10-17 14:39:40 - [TEST_STEP][PASSED] - out.println("Begin Record Number: " + row): null

2024-10-17 14:39:40 - [TEST_STEP][PASSED] - today = new java.util.Date(): null

2024-10-17 14:39:40 - [TEST_STEP][PASSED] - println(today): null

2024-10-17 14:39:40 - [TEST_STEP][PASSED] - datText = today: null

2024-10-17 14:39:40 - [TEST_STEP][PASSED] - Taxtype = findTestData(dataFile).getValue("TaxType", row): null

2024-10-17 14:39:41 - [TEST_STEP][PASSED] - out.println("Taxtype value is : " + Taxtype): null

2024-10-17 14:39:41 - [TEST_STEP][PASSED] - openBrowser(""): Browser is opened with url: ''

2024-10-17 14:39:41 - [MESSAGE][WARNING] - A browser is already opened. Closing browser and opening a new one

2024-10-17 14:39:42 - [MESSAGE][INFO] - Starting 'Chrome' driver

2024-10-17 14:39:42 - [MESSAGE][INFO] - User set preference: ['acceptInsecureCerts', 'true']

2024-10-17 14:39:42 - [MESSAGE][INFO] - Action delay is set to 0 milliseconds

2024-10-17 14:39:44 - [MESSAGE][PASSED] - Browser is opened with url: ''

2024-10-17 14:39:44 - [TEST_STEP][PASSED] - maximizeWindow(): Current window maximized

2024-10-17 14:39:44 - [MESSAGE][PASSED] - Current window maximized

2024-10-17 14:39:44 - [TEST_STEP][PASSED] - navigateToUrl(RADurl): Navigate to 'https://demo.velocitypayment.com/client/rad/index.html' successfully

2024-10-17 14:39:45 - [MESSAGE][PASSED] - Navigate to 'https://demo.velocitypayment.com/client/rad/index.html' successfully

2024-10-17 14:39:45 - [TEST_STEP][PASSED] - orPath_Landing = "Object Repository/RAD_Pages/Landing_Page": null

2024-10-17 14:39:45 - [TEST_STEP][PASSED] - orPath_TaxTypeFilingYear = "Object Repository/RAD_Pages/TaxTypeFilingYear_Page": null

2024-10-17 14:39:45 - [TEST_STEP][PASSED] - orPath_TaxPayer = "Object Repository/RAD_Pages/Taxpayer_Page": null

2024-10-17 14:39:45 - [TEST_STEP][PASSED] - orPath_AddressContact = "Object Repository/RAD_Pages/AddressAndContactInfo_Page": null

2024-10-17 14:39:45 - [TEST_STEP][PASSED] - orPath_FilingStatus = "Object Repository/RAD_Pages/FilingStatus_Page": null

2024-10-17 14:39:45 - [TEST_STEP][PASSED] - orPath_Amount = "Object Repository/RAD_Pages/PaymentAmount_Page": null

2024-10-17 14:39:45 - [TEST_STEP][PASSED] - orPath_TaxInfo = "Object Repository/RAD_Pages/TaxInfo_Page": null

2024-10-17 14:39:45 - [TEST_STEP][PASSED] - orPath_Withholding = "Object Repository/RAD_Pages/Withholding_Page": null

2024-10-17 14:39:45 - [TEST_STEP][PASSED] - orPath_Summary = "Object Repository/RAD_Pages/Summary_Page": null

2024-10-17 14:39:45 - [TEST_STEP][PASSED] - orPath_PaymentReady = "Object Repository/RAD_Pages/PaymentReady_Page": null

2024-10-17 14:39:45 - [TEST_STEP][PASSED] - orPath_PaymentEntry = "Object Repository/RAD_Pages/PaymentEntry_Page": null

2024-10-17 14:39:45 - [TEST_STEP][PASSED] - orPath_PaymentConfirmation = "Object Repository/RAD_Pages/PaymentConfirmation_Page": null

2024-10-17 14:39:45 - [TEST_STEP][PASSED] - orPath_ServiceFeesAccept = "Object Repository/RAD_Pages/ServiceFeeAccept_Page": null

2024-10-17 14:39:45 - [TEST_STEP][PASSED] - selectOptionByLabel(findTestObject(orPath_Landing + "/dd_TaxType"), Taxtype, false): All options with label 'Existing Liability with Notice/Invoice Number' are selected in object 'Object Repository/RAD_Pages/Landing_Page/dd_TaxType' 

2024-10-17 14:39:47 - [MESSAGE][PASSED] - All options with label 'Existing Liability with Notice/Invoice Number' are selected in object 'Object Repository/RAD_Pages/Landing_Page/dd_TaxType' 

2024-10-17 14:39:47 - [TEST_STEP][PASSED] - delay(1): Delayed 1 second(s)

2024-10-17 14:39:48 - [MESSAGE][PASSED] - Delayed 1 second(s)

2024-10-17 14:39:48 - [TEST_STEP][PASSED] - selectOptionByLabel(findTestObject(orPath_TaxTypeFilingYear + "/select_TaxType_ExistingLiability"), TaxTypeEL, false): All options with label 'Alcohol Tax' are selected in object 'Object Repository/RAD_Pages/TaxTypeFilingYear_Page/select_TaxType_ExistingLiability' 

2024-10-17 14:39:49 - [MESSAGE][PASSED] - All options with label 'Alcohol Tax' are selected in object 'Object Repository/RAD_Pages/TaxTypeFilingYear_Page/select_TaxType_ExistingLiability' 

2024-10-17 14:39:49 - [TEST_STEP][PASSED] - setText(findTestObject(orPath_TaxInfo + "/input_NoticeInvoiceNumber"), notInvNumber): Text '123456789012' is set on object 'Object Repository/RAD_Pages/TaxInfo_Page/input_NoticeInvoiceNumber'

2024-10-17 14:39:50 - [MESSAGE][PASSED] - Text '123456789012' is set on object 'Object Repository/RAD_Pages/TaxInfo_Page/input_NoticeInvoiceNumber'

2024-10-17 14:39:50 - [TEST_STEP][PASSED] - setText(findTestObject(orPath_TaxInfo + "/input_reTypeNoticeInvoiceNumber"), notInvNumber): Text '123456789012' is set on object 'Object Repository/RAD_Pages/TaxInfo_Page/input_reTypeNoticeInvoiceNumber'

2024-10-17 14:39:50 - [MESSAGE][PASSED] - Text '123456789012' is set on object 'Object Repository/RAD_Pages/TaxInfo_Page/input_reTypeNoticeInvoiceNumber'

2024-10-17 14:39:50 - [TEST_STEP][PASSED] - println(notInvNumber): null

2024-10-17 14:39:50 - [TEST_STEP][PASSED] - if (verifyTextPresent(errorMsg, true)): null

2024-10-17 14:39:51 - [MESSAGE][PASSED] - Text 'Notice Number or Invoice Number must be 10, 11, or 13 digits in length, with a value greater than zero' is present on page  using regular expression

2024-10-17 14:39:51 - [TEST_STEP][PASSED] - println("Error Message is present on the page"): null

2024-10-17 14:39:51 - [TEST_STEP][PASSED] - out.println("Pass Record Number: " + row): null

2024-10-17 14:39:51 - [TEST_STEP][PASSED] - resText = "Pass": null

2024-10-17 14:39:51 - [TEST_STEP][PASSED] - pages.WriteExcel.demoKey(resText, datText, resColumn, datCloumn, fileLoc, nameSheet, row): pages.WriteExcel.demoKey is PASSED

2024-10-17 14:39:51 - [MESSAGE][PASSED] - pages.WriteExcel.demoKey is PASSED

2024-10-17 14:39:51 - [TEST_STEP][PASSED] - ExecuteTC = findTestData(dataFile).getValue("Execute", row): null

2024-10-17 14:39:51 - [TEST_STEP][PASSED] - Taxtype = findTestData(dataFile).getValue("TaxType", row): null

2024-10-17 14:39:51 - [TEST_STEP][PASSED] - TaxTypeEL = findTestData(dataFile).getValue("TaxTypeEL", row): null

2024-10-17 14:39:51 - [TEST_STEP][PASSED] - notInvNumber = findTestData(dataFile).getValue("NotiInvoNumber", row): null

2024-10-17 14:39:51 - [TEST_STEP][PASSED] - errorMsg = findTestData(dataFile).getValue("ErrorMessage", row): null

2024-10-17 14:39:51 - [TEST_STEP][PASSED] - out.println("Value of Execute is : " + ExecuteTC): null

2024-10-17 14:39:51 - [TEST_STEP][PASSED] - if (ExecuteTC.equalsIgnoreCase("Y")): null

2024-10-17 14:39:51 - [TEST_STEP][PASSED] - out.println("Begin Record Number: " + row): null

2024-10-17 14:39:51 - [TEST_STEP][PASSED] - today = new java.util.Date(): null

2024-10-17 14:39:51 - [TEST_STEP][PASSED] - println(today): null

2024-10-17 14:39:51 - [TEST_STEP][PASSED] - datText = today: null

2024-10-17 14:39:51 - [TEST_STEP][PASSED] - Taxtype = findTestData(dataFile).getValue("TaxType", row): null

2024-10-17 14:39:52 - [TEST_STEP][PASSED] - out.println("Taxtype value is : " + Taxtype): null

2024-10-17 14:39:52 - [TEST_STEP][PASSED] - openBrowser(""): Browser is opened with url: ''

2024-10-17 14:39:52 - [MESSAGE][WARNING] - A browser is already opened. Closing browser and opening a new one

2024-10-17 14:39:53 - [MESSAGE][INFO] - Starting 'Chrome' driver

2024-10-17 14:39:53 - [MESSAGE][INFO] - User set preference: ['acceptInsecureCerts', 'true']

2024-10-17 14:39:53 - [MESSAGE][INFO] - Action delay is set to 0 milliseconds

2024-10-17 14:39:55 - [MESSAGE][PASSED] - Browser is opened with url: ''

2024-10-17 14:39:55 - [TEST_STEP][PASSED] - maximizeWindow(): Current window maximized

2024-10-17 14:39:55 - [MESSAGE][PASSED] - Current window maximized

2024-10-17 14:39:55 - [TEST_STEP][PASSED] - navigateToUrl(RADurl): Navigate to 'https://demo.velocitypayment.com/client/rad/index.html' successfully

2024-10-17 14:39:57 - [MESSAGE][PASSED] - Navigate to 'https://demo.velocitypayment.com/client/rad/index.html' successfully

2024-10-17 14:39:57 - [TEST_STEP][PASSED] - orPath_Landing = "Object Repository/RAD_Pages/Landing_Page": null

2024-10-17 14:39:57 - [TEST_STEP][PASSED] - orPath_TaxTypeFilingYear = "Object Repository/RAD_Pages/TaxTypeFilingYear_Page": null

2024-10-17 14:39:57 - [TEST_STEP][PASSED] - orPath_TaxPayer = "Object Repository/RAD_Pages/Taxpayer_Page": null

2024-10-17 14:39:57 - [TEST_STEP][PASSED] - orPath_AddressContact = "Object Repository/RAD_Pages/AddressAndContactInfo_Page": null

2024-10-17 14:39:57 - [TEST_STEP][PASSED] - orPath_FilingStatus = "Object Repository/RAD_Pages/FilingStatus_Page": null

2024-10-17 14:39:57 - [TEST_STEP][PASSED] - orPath_Amount = "Object Repository/RAD_Pages/PaymentAmount_Page": null

2024-10-17 14:39:57 - [TEST_STEP][PASSED] - orPath_TaxInfo = "Object Repository/RAD_Pages/TaxInfo_Page": null

2024-10-17 14:39:57 - [TEST_STEP][PASSED] - orPath_Withholding = "Object Repository/RAD_Pages/Withholding_Page": null

2024-10-17 14:39:57 - [TEST_STEP][PASSED] - orPath_Summary = "Object Repository/RAD_Pages/Summary_Page": null

2024-10-17 14:39:57 - [TEST_STEP][PASSED] - orPath_PaymentReady = "Object Repository/RAD_Pages/PaymentReady_Page": null

2024-10-17 14:39:57 - [TEST_STEP][PASSED] - orPath_PaymentEntry = "Object Repository/RAD_Pages/PaymentEntry_Page": null

2024-10-17 14:39:57 - [TEST_STEP][PASSED] - orPath_PaymentConfirmation = "Object Repository/RAD_Pages/PaymentConfirmation_Page": null

2024-10-17 14:39:57 - [TEST_STEP][PASSED] - orPath_ServiceFeesAccept = "Object Repository/RAD_Pages/ServiceFeeAccept_Page": null

2024-10-17 14:39:57 - [TEST_STEP][PASSED] - selectOptionByLabel(findTestObject(orPath_Landing + "/dd_TaxType"), Taxtype, false): All options with label 'Existing Liability with Notice/Invoice Number' are selected in object 'Object Repository/RAD_Pages/Landing_Page/dd_TaxType' 

2024-10-17 14:39:57 - [MESSAGE][PASSED] - All options with label 'Existing Liability with Notice/Invoice Number' are selected in object 'Object Repository/RAD_Pages/Landing_Page/dd_TaxType' 

2024-10-17 14:39:57 - [TEST_STEP][PASSED] - delay(1): Delayed 1 second(s)

2024-10-17 14:39:58 - [MESSAGE][PASSED] - Delayed 1 second(s)

2024-10-17 14:39:58 - [TEST_STEP][PASSED] - selectOptionByLabel(findTestObject(orPath_TaxTypeFilingYear + "/select_TaxType_ExistingLiability"), TaxTypeEL, false): All options with label 'Alcohol Tax' are selected in object 'Object Repository/RAD_Pages/TaxTypeFilingYear_Page/select_TaxType_ExistingLiability' 

2024-10-17 14:39:59 - [MESSAGE][PASSED] - All options with label 'Alcohol Tax' are selected in object 'Object Repository/RAD_Pages/TaxTypeFilingYear_Page/select_TaxType_ExistingLiability' 

2024-10-17 14:39:59 - [TEST_STEP][PASSED] - setText(findTestObject(orPath_TaxInfo + "/input_NoticeInvoiceNumber"), notInvNumber): Text '0000000000' is set on object 'Object Repository/RAD_Pages/TaxInfo_Page/input_NoticeInvoiceNumber'

2024-10-17 14:40:00 - [MESSAGE][PASSED] - Text '0000000000' is set on object 'Object Repository/RAD_Pages/TaxInfo_Page/input_NoticeInvoiceNumber'

2024-10-17 14:40:00 - [TEST_STEP][PASSED] - setText(findTestObject(orPath_TaxInfo + "/input_reTypeNoticeInvoiceNumber"), notInvNumber): Text '0000000000' is set on object 'Object Repository/RAD_Pages/TaxInfo_Page/input_reTypeNoticeInvoiceNumber'

2024-10-17 14:40:01 - [MESSAGE][PASSED] - Text '0000000000' is set on object 'Object Repository/RAD_Pages/TaxInfo_Page/input_reTypeNoticeInvoiceNumber'

2024-10-17 14:40:01 - [TEST_STEP][PASSED] - println(notInvNumber): null

2024-10-17 14:40:01 - [TEST_STEP][PASSED] - if (verifyTextPresent(errorMsg, true)): null

2024-10-17 14:40:01 - [MESSAGE][PASSED] - Text 'Notice Number or Invoice Number must be 10, 11, or 13 digits in length, with a value greater than zero' is present on page  using regular expression

2024-10-17 14:40:01 - [TEST_STEP][PASSED] - println("Error Message is present on the page"): null

2024-10-17 14:40:01 - [TEST_STEP][PASSED] - out.println("Pass Record Number: " + row): null

2024-10-17 14:40:01 - [TEST_STEP][PASSED] - resText = "Pass": null

2024-10-17 14:40:01 - [TEST_STEP][PASSED] - pages.WriteExcel.demoKey(resText, datText, resColumn, datCloumn, fileLoc, nameSheet, row): pages.WriteExcel.demoKey is PASSED

2024-10-17 14:40:01 - [MESSAGE][PASSED] - pages.WriteExcel.demoKey is PASSED

2024-10-17 14:40:01 - [TEST_STEP][PASSED] - ExecuteTC = findTestData(dataFile).getValue("Execute", row): null

2024-10-17 14:40:01 - [TEST_STEP][PASSED] - Taxtype = findTestData(dataFile).getValue("TaxType", row): null

2024-10-17 14:40:01 - [TEST_STEP][PASSED] - TaxTypeEL = findTestData(dataFile).getValue("TaxTypeEL", row): null

2024-10-17 14:40:02 - [TEST_STEP][PASSED] - notInvNumber = findTestData(dataFile).getValue("NotiInvoNumber", row): null

2024-10-17 14:40:02 - [TEST_STEP][PASSED] - errorMsg = findTestData(dataFile).getValue("ErrorMessage", row): null

2024-10-17 14:40:02 - [TEST_STEP][PASSED] - out.println("Value of Execute is : " + ExecuteTC): null

2024-10-17 14:40:02 - [TEST_STEP][PASSED] - if (ExecuteTC.equalsIgnoreCase("Y")): null

2024-10-17 14:40:02 - [TEST_STEP][PASSED] - out.println("Begin Record Number: " + row): null

2024-10-17 14:40:02 - [TEST_STEP][PASSED] - today = new java.util.Date(): null

2024-10-17 14:40:02 - [TEST_STEP][PASSED] - println(today): null

2024-10-17 14:40:02 - [TEST_STEP][PASSED] - datText = today: null

2024-10-17 14:40:02 - [TEST_STEP][PASSED] - Taxtype = findTestData(dataFile).getValue("TaxType", row): null

2024-10-17 14:40:02 - [TEST_STEP][PASSED] - out.println("Taxtype value is : " + Taxtype): null

2024-10-17 14:40:02 - [TEST_STEP][PASSED] - openBrowser(""): Browser is opened with url: ''

2024-10-17 14:40:02 - [MESSAGE][WARNING] - A browser is already opened. Closing browser and opening a new one

2024-10-17 14:40:03 - [MESSAGE][INFO] - Starting 'Chrome' driver

2024-10-17 14:40:03 - [MESSAGE][INFO] - User set preference: ['acceptInsecureCerts', 'true']

2024-10-17 14:40:03 - [MESSAGE][INFO] - Action delay is set to 0 milliseconds

2024-10-17 14:40:05 - [MESSAGE][PASSED] - Browser is opened with url: ''

2024-10-17 14:40:05 - [TEST_STEP][PASSED] - maximizeWindow(): Current window maximized

2024-10-17 14:40:05 - [MESSAGE][PASSED] - Current window maximized

2024-10-17 14:40:05 - [TEST_STEP][PASSED] - navigateToUrl(RADurl): Navigate to 'https://demo.velocitypayment.com/client/rad/index.html' successfully

2024-10-17 14:40:07 - [MESSAGE][PASSED] - Navigate to 'https://demo.velocitypayment.com/client/rad/index.html' successfully

2024-10-17 14:40:07 - [TEST_STEP][PASSED] - orPath_Landing = "Object Repository/RAD_Pages/Landing_Page": null

2024-10-17 14:40:07 - [TEST_STEP][PASSED] - orPath_TaxTypeFilingYear = "Object Repository/RAD_Pages/TaxTypeFilingYear_Page": null

2024-10-17 14:40:07 - [TEST_STEP][PASSED] - orPath_TaxPayer = "Object Repository/RAD_Pages/Taxpayer_Page": null

2024-10-17 14:40:07 - [TEST_STEP][PASSED] - orPath_AddressContact = "Object Repository/RAD_Pages/AddressAndContactInfo_Page": null

2024-10-17 14:40:07 - [TEST_STEP][PASSED] - orPath_FilingStatus = "Object Repository/RAD_Pages/FilingStatus_Page": null

2024-10-17 14:40:07 - [TEST_STEP][PASSED] - orPath_Amount = "Object Repository/RAD_Pages/PaymentAmount_Page": null

2024-10-17 14:40:07 - [TEST_STEP][PASSED] - orPath_TaxInfo = "Object Repository/RAD_Pages/TaxInfo_Page": null

2024-10-17 14:40:07 - [TEST_STEP][PASSED] - orPath_Withholding = "Object Repository/RAD_Pages/Withholding_Page": null

2024-10-17 14:40:07 - [TEST_STEP][PASSED] - orPath_Summary = "Object Repository/RAD_Pages/Summary_Page": null

2024-10-17 14:40:07 - [TEST_STEP][PASSED] - orPath_PaymentReady = "Object Repository/RAD_Pages/PaymentReady_Page": null

2024-10-17 14:40:07 - [TEST_STEP][PASSED] - orPath_PaymentEntry = "Object Repository/RAD_Pages/PaymentEntry_Page": null

2024-10-17 14:40:07 - [TEST_STEP][PASSED] - orPath_PaymentConfirmation = "Object Repository/RAD_Pages/PaymentConfirmation_Page": null

2024-10-17 14:40:07 - [TEST_STEP][PASSED] - orPath_ServiceFeesAccept = "Object Repository/RAD_Pages/ServiceFeeAccept_Page": null

2024-10-17 14:40:07 - [TEST_STEP][PASSED] - selectOptionByLabel(findTestObject(orPath_Landing + "/dd_TaxType"), Taxtype, false): All options with label 'Existing Liability with Notice/Invoice Number' are selected in object 'Object Repository/RAD_Pages/Landing_Page/dd_TaxType' 

2024-10-17 14:40:08 - [MESSAGE][PASSED] - All options with label 'Existing Liability with Notice/Invoice Number' are selected in object 'Object Repository/RAD_Pages/Landing_Page/dd_TaxType' 

2024-10-17 14:40:08 - [TEST_STEP][PASSED] - delay(1): Delayed 1 second(s)

2024-10-17 14:40:09 - [MESSAGE][PASSED] - Delayed 1 second(s)

2024-10-17 14:40:09 - [TEST_STEP][PASSED] - selectOptionByLabel(findTestObject(orPath_TaxTypeFilingYear + "/select_TaxType_ExistingLiability"), TaxTypeEL, false): All options with label 'PTE Tax Electing Non-S Corp' are selected in object 'Object Repository/RAD_Pages/TaxTypeFilingYear_Page/select_TaxType_ExistingLiability' 

2024-10-17 14:40:10 - [MESSAGE][PASSED] - All options with label 'PTE Tax Electing Non-S Corp' are selected in object 'Object Repository/RAD_Pages/TaxTypeFilingYear_Page/select_TaxType_ExistingLiability' 

2024-10-17 14:40:10 - [TEST_STEP][PASSED] - setText(findTestObject(orPath_TaxInfo + "/input_NoticeInvoiceNumber"), notInvNumber): Text '123456789' is set on object 'Object Repository/RAD_Pages/TaxInfo_Page/input_NoticeInvoiceNumber'

2024-10-17 14:40:10 - [MESSAGE][PASSED] - Text '123456789' is set on object 'Object Repository/RAD_Pages/TaxInfo_Page/input_NoticeInvoiceNumber'

2024-10-17 14:40:10 - [TEST_STEP][PASSED] - setText(findTestObject(orPath_TaxInfo + "/input_reTypeNoticeInvoiceNumber"), notInvNumber): Text '123456789' is set on object 'Object Repository/RAD_Pages/TaxInfo_Page/input_reTypeNoticeInvoiceNumber'

2024-10-17 14:40:11 - [MESSAGE][PASSED] - Text '123456789' is set on object 'Object Repository/RAD_Pages/TaxInfo_Page/input_reTypeNoticeInvoiceNumber'

2024-10-17 14:40:11 - [TEST_STEP][PASSED] - println(notInvNumber): null

2024-10-17 14:40:11 - [TEST_STEP][PASSED] - if (verifyTextPresent(errorMsg, true)): null

2024-10-17 14:40:12 - [MESSAGE][PASSED] - Text 'Notice Number or Invoice Number must be 10, 11, or 13 digits in length, with a value greater than zero' is present on page  using regular expression

2024-10-17 14:40:12 - [TEST_STEP][PASSED] - println("Error Message is present on the page"): null

2024-10-17 14:40:12 - [TEST_STEP][PASSED] - out.println("Pass Record Number: " + row): null

2024-10-17 14:40:12 - [TEST_STEP][PASSED] - resText = "Pass": null

2024-10-17 14:40:12 - [TEST_STEP][PASSED] - pages.WriteExcel.demoKey(resText, datText, resColumn, datCloumn, fileLoc, nameSheet, row): pages.WriteExcel.demoKey is PASSED

2024-10-17 14:40:12 - [MESSAGE][PASSED] - pages.WriteExcel.demoKey is PASSED

2024-10-17 14:40:12 - [TEST_STEP][PASSED] - ExecuteTC = findTestData(dataFile).getValue("Execute", row): null

2024-10-17 14:40:12 - [TEST_STEP][PASSED] - Taxtype = findTestData(dataFile).getValue("TaxType", row): null

2024-10-17 14:40:12 - [TEST_STEP][PASSED] - TaxTypeEL = findTestData(dataFile).getValue("TaxTypeEL", row): null

2024-10-17 14:40:12 - [TEST_STEP][PASSED] - notInvNumber = findTestData(dataFile).getValue("NotiInvoNumber", row): null

2024-10-17 14:40:12 - [TEST_STEP][PASSED] - errorMsg = findTestData(dataFile).getValue("ErrorMessage", row): null

2024-10-17 14:40:12 - [TEST_STEP][PASSED] - out.println("Value of Execute is : " + ExecuteTC): null

2024-10-17 14:40:12 - [TEST_STEP][PASSED] - if (ExecuteTC.equalsIgnoreCase("Y")): null

2024-10-17 14:40:12 - [TEST_STEP][PASSED] - out.println("Begin Record Number: " + row): null

2024-10-17 14:40:12 - [TEST_STEP][PASSED] - today = new java.util.Date(): null

2024-10-17 14:40:12 - [TEST_STEP][PASSED] - println(today): null

2024-10-17 14:40:12 - [TEST_STEP][PASSED] - datText = today: null

2024-10-17 14:40:12 - [TEST_STEP][PASSED] - Taxtype = findTestData(dataFile).getValue("TaxType", row): null

2024-10-17 14:40:12 - [TEST_STEP][PASSED] - out.println("Taxtype value is : " + Taxtype): null

2024-10-17 14:40:12 - [TEST_STEP][PASSED] - openBrowser(""): Browser is opened with url: ''

2024-10-17 14:40:12 - [MESSAGE][WARNING] - A browser is already opened. Closing browser and opening a new one

2024-10-17 14:40:14 - [MESSAGE][INFO] - Starting 'Chrome' driver

2024-10-17 14:40:14 - [MESSAGE][INFO] - User set preference: ['acceptInsecureCerts', 'true']

2024-10-17 14:40:14 - [MESSAGE][INFO] - Action delay is set to 0 milliseconds

2024-10-17 14:40:16 - [MESSAGE][PASSED] - Browser is opened with url: ''

2024-10-17 14:40:16 - [TEST_STEP][PASSED] - maximizeWindow(): Current window maximized

2024-10-17 14:40:16 - [MESSAGE][PASSED] - Current window maximized

2024-10-17 14:40:16 - [TEST_STEP][PASSED] - navigateToUrl(RADurl): Navigate to 'https://demo.velocitypayment.com/client/rad/index.html' successfully

2024-10-17 14:40:16 - [MESSAGE][PASSED] - Navigate to 'https://demo.velocitypayment.com/client/rad/index.html' successfully

2024-10-17 14:40:16 - [TEST_STEP][PASSED] - orPath_Landing = "Object Repository/RAD_Pages/Landing_Page": null

2024-10-17 14:40:16 - [TEST_STEP][PASSED] - orPath_TaxTypeFilingYear = "Object Repository/RAD_Pages/TaxTypeFilingYear_Page": null

2024-10-17 14:40:16 - [TEST_STEP][PASSED] - orPath_TaxPayer = "Object Repository/RAD_Pages/Taxpayer_Page": null

2024-10-17 14:40:16 - [TEST_STEP][PASSED] - orPath_AddressContact = "Object Repository/RAD_Pages/AddressAndContactInfo_Page": null

2024-10-17 14:40:16 - [TEST_STEP][PASSED] - orPath_FilingStatus = "Object Repository/RAD_Pages/FilingStatus_Page": null

2024-10-17 14:40:16 - [TEST_STEP][PASSED] - orPath_Amount = "Object Repository/RAD_Pages/PaymentAmount_Page": null

2024-10-17 14:40:16 - [TEST_STEP][PASSED] - orPath_TaxInfo = "Object Repository/RAD_Pages/TaxInfo_Page": null

2024-10-17 14:40:16 - [TEST_STEP][PASSED] - orPath_Withholding = "Object Repository/RAD_Pages/Withholding_Page": null

2024-10-17 14:40:16 - [TEST_STEP][PASSED] - orPath_Summary = "Object Repository/RAD_Pages/Summary_Page": null

2024-10-17 14:40:16 - [TEST_STEP][PASSED] - orPath_PaymentReady = "Object Repository/RAD_Pages/PaymentReady_Page": null

2024-10-17 14:40:16 - [TEST_STEP][PASSED] - orPath_PaymentEntry = "Object Repository/RAD_Pages/PaymentEntry_Page": null

2024-10-17 14:40:16 - [TEST_STEP][PASSED] - orPath_PaymentConfirmation = "Object Repository/RAD_Pages/PaymentConfirmation_Page": null

2024-10-17 14:40:16 - [TEST_STEP][PASSED] - orPath_ServiceFeesAccept = "Object Repository/RAD_Pages/ServiceFeeAccept_Page": null

2024-10-17 14:40:16 - [TEST_STEP][PASSED] - selectOptionByLabel(findTestObject(orPath_Landing + "/dd_TaxType"), Taxtype, false): All options with label 'Existing Liability with Notice/Invoice Number' are selected in object 'Object Repository/RAD_Pages/Landing_Page/dd_TaxType' 

2024-10-17 14:40:18 - [MESSAGE][PASSED] - All options with label 'Existing Liability with Notice/Invoice Number' are selected in object 'Object Repository/RAD_Pages/Landing_Page/dd_TaxType' 

2024-10-17 14:40:18 - [TEST_STEP][PASSED] - delay(1): Delayed 1 second(s)

2024-10-17 14:40:19 - [MESSAGE][PASSED] - Delayed 1 second(s)

2024-10-17 14:40:19 - [TEST_STEP][PASSED] - selectOptionByLabel(findTestObject(orPath_TaxTypeFilingYear + "/select_TaxType_ExistingLiability"), TaxTypeEL, false): All options with label 'PTE Tax Electing Non-S Corp' are selected in object 'Object Repository/RAD_Pages/TaxTypeFilingYear_Page/select_TaxType_ExistingLiability' 

2024-10-17 14:40:20 - [MESSAGE][PASSED] - All options with label 'PTE Tax Electing Non-S Corp' are selected in object 'Object Repository/RAD_Pages/TaxTypeFilingYear_Page/select_TaxType_ExistingLiability' 

2024-10-17 14:40:20 - [TEST_STEP][PASSED] - setText(findTestObject(orPath_TaxInfo + "/input_NoticeInvoiceNumber"), notInvNumber): Text '123456789012' is set on object 'Object Repository/RAD_Pages/TaxInfo_Page/input_NoticeInvoiceNumber'

2024-10-17 14:40:21 - [MESSAGE][PASSED] - Text '123456789012' is set on object 'Object Repository/RAD_Pages/TaxInfo_Page/input_NoticeInvoiceNumber'

2024-10-17 14:40:21 - [TEST_STEP][PASSED] - setText(findTestObject(orPath_TaxInfo + "/input_reTypeNoticeInvoiceNumber"), notInvNumber): Text '123456789012' is set on object 'Object Repository/RAD_Pages/TaxInfo_Page/input_reTypeNoticeInvoiceNumber'

2024-10-17 14:40:22 - [MESSAGE][PASSED] - Text '123456789012' is set on object 'Object Repository/RAD_Pages/TaxInfo_Page/input_reTypeNoticeInvoiceNumber'

2024-10-17 14:40:22 - [TEST_STEP][PASSED] - println(notInvNumber): null

2024-10-17 14:40:22 - [TEST_STEP][PASSED] - if (verifyTextPresent(errorMsg, true)): null

2024-10-17 14:40:23 - [MESSAGE][PASSED] - Text 'Notice Number or Invoice Number must be 10, 11, or 13 digits in length, with a value greater than zero' is present on page  using regular expression

2024-10-17 14:40:23 - [TEST_STEP][PASSED] - println("Error Message is present on the page"): null

2024-10-17 14:40:23 - [TEST_STEP][PASSED] - out.println("Pass Record Number: " + row): null

2024-10-17 14:40:23 - [TEST_STEP][PASSED] - resText = "Pass": null

2024-10-17 14:40:23 - [TEST_STEP][PASSED] - pages.WriteExcel.demoKey(resText, datText, resColumn, datCloumn, fileLoc, nameSheet, row): pages.WriteExcel.demoKey is PASSED

2024-10-17 14:40:23 - [MESSAGE][PASSED] - pages.WriteExcel.demoKey is PASSED

2024-10-17 14:40:23 - [TEST_STEP][PASSED] - ExecuteTC = findTestData(dataFile).getValue("Execute", row): null

2024-10-17 14:40:23 - [TEST_STEP][PASSED] - Taxtype = findTestData(dataFile).getValue("TaxType", row): null

2024-10-17 14:40:23 - [TEST_STEP][PASSED] - TaxTypeEL = findTestData(dataFile).getValue("TaxTypeEL", row): null

2024-10-17 14:40:23 - [TEST_STEP][PASSED] - notInvNumber = findTestData(dataFile).getValue("NotiInvoNumber", row): null

2024-10-17 14:40:23 - [TEST_STEP][PASSED] - errorMsg = findTestData(dataFile).getValue("ErrorMessage", row): null

2024-10-17 14:40:23 - [TEST_STEP][PASSED] - out.println("Value of Execute is : " + ExecuteTC): null

2024-10-17 14:40:23 - [TEST_STEP][PASSED] - if (ExecuteTC.equalsIgnoreCase("Y")): null

2024-10-17 14:40:23 - [TEST_STEP][PASSED] - out.println("Begin Record Number: " + row): null

2024-10-17 14:40:23 - [TEST_STEP][PASSED] - today = new java.util.Date(): null

2024-10-17 14:40:23 - [TEST_STEP][PASSED] - println(today): null

2024-10-17 14:40:23 - [TEST_STEP][PASSED] - datText = today: null

2024-10-17 14:40:23 - [TEST_STEP][PASSED] - Taxtype = findTestData(dataFile).getValue("TaxType", row): null

2024-10-17 14:40:23 - [TEST_STEP][PASSED] - out.println("Taxtype value is : " + Taxtype): null

2024-10-17 14:40:23 - [TEST_STEP][PASSED] - openBrowser(""): Browser is opened with url: ''

2024-10-17 14:40:23 - [MESSAGE][WARNING] - A browser is already opened. Closing browser and opening a new one

2024-10-17 14:40:24 - [MESSAGE][INFO] - Starting 'Chrome' driver

2024-10-17 14:40:24 - [MESSAGE][INFO] - User set preference: ['acceptInsecureCerts', 'true']

2024-10-17 14:40:24 - [MESSAGE][INFO] - Action delay is set to 0 milliseconds

2024-10-17 14:40:26 - [MESSAGE][PASSED] - Browser is opened with url: ''

2024-10-17 14:40:26 - [TEST_STEP][PASSED] - maximizeWindow(): Current window maximized

2024-10-17 14:40:26 - [MESSAGE][PASSED] - Current window maximized

2024-10-17 14:40:26 - [TEST_STEP][PASSED] - navigateToUrl(RADurl): Navigate to 'https://demo.velocitypayment.com/client/rad/index.html' successfully

2024-10-17 14:40:27 - [MESSAGE][PASSED] - Navigate to 'https://demo.velocitypayment.com/client/rad/index.html' successfully

2024-10-17 14:40:27 - [TEST_STEP][PASSED] - orPath_Landing = "Object Repository/RAD_Pages/Landing_Page": null

2024-10-17 14:40:27 - [TEST_STEP][PASSED] - orPath_TaxTypeFilingYear = "Object Repository/RAD_Pages/TaxTypeFilingYear_Page": null

2024-10-17 14:40:27 - [TEST_STEP][PASSED] - orPath_TaxPayer = "Object Repository/RAD_Pages/Taxpayer_Page": null

2024-10-17 14:40:27 - [TEST_STEP][PASSED] - orPath_AddressContact = "Object Repository/RAD_Pages/AddressAndContactInfo_Page": null

2024-10-17 14:40:27 - [TEST_STEP][PASSED] - orPath_FilingStatus = "Object Repository/RAD_Pages/FilingStatus_Page": null

2024-10-17 14:40:27 - [TEST_STEP][PASSED] - orPath_Amount = "Object Repository/RAD_Pages/PaymentAmount_Page": null

2024-10-17 14:40:27 - [TEST_STEP][PASSED] - orPath_TaxInfo = "Object Repository/RAD_Pages/TaxInfo_Page": null

2024-10-17 14:40:27 - [TEST_STEP][PASSED] - orPath_Withholding = "Object Repository/RAD_Pages/Withholding_Page": null

2024-10-17 14:40:27 - [TEST_STEP][PASSED] - orPath_Summary = "Object Repository/RAD_Pages/Summary_Page": null

2024-10-17 14:40:27 - [TEST_STEP][PASSED] - orPath_PaymentReady = "Object Repository/RAD_Pages/PaymentReady_Page": null

2024-10-17 14:40:27 - [TEST_STEP][PASSED] - orPath_PaymentEntry = "Object Repository/RAD_Pages/PaymentEntry_Page": null

2024-10-17 14:40:27 - [TEST_STEP][PASSED] - orPath_PaymentConfirmation = "Object Repository/RAD_Pages/PaymentConfirmation_Page": null

2024-10-17 14:40:27 - [TEST_STEP][PASSED] - orPath_ServiceFeesAccept = "Object Repository/RAD_Pages/ServiceFeeAccept_Page": null

2024-10-17 14:40:27 - [TEST_STEP][PASSED] - selectOptionByLabel(findTestObject(orPath_Landing + "/dd_TaxType"), Taxtype, false): All options with label 'Existing Liability with Notice/Invoice Number' are selected in object 'Object Repository/RAD_Pages/Landing_Page/dd_TaxType' 

2024-10-17 14:40:29 - [MESSAGE][PASSED] - All options with label 'Existing Liability with Notice/Invoice Number' are selected in object 'Object Repository/RAD_Pages/Landing_Page/dd_TaxType' 

2024-10-17 14:40:29 - [TEST_STEP][PASSED] - delay(1): Delayed 1 second(s)

2024-10-17 14:40:30 - [MESSAGE][PASSED] - Delayed 1 second(s)

2024-10-17 14:40:30 - [TEST_STEP][PASSED] - selectOptionByLabel(findTestObject(orPath_TaxTypeFilingYear + "/select_TaxType_ExistingLiability"), TaxTypeEL, false): All options with label 'PTE Tax Electing Non-S Corp' are selected in object 'Object Repository/RAD_Pages/TaxTypeFilingYear_Page/select_TaxType_ExistingLiability' 

2024-10-17 14:40:31 - [MESSAGE][PASSED] - All options with label 'PTE Tax Electing Non-S Corp' are selected in object 'Object Repository/RAD_Pages/TaxTypeFilingYear_Page/select_TaxType_ExistingLiability' 

2024-10-17 14:40:31 - [TEST_STEP][PASSED] - setText(findTestObject(orPath_TaxInfo + "/input_NoticeInvoiceNumber"), notInvNumber): Text '0000000000' is set on object 'Object Repository/RAD_Pages/TaxInfo_Page/input_NoticeInvoiceNumber'

2024-10-17 14:40:32 - [MESSAGE][PASSED] - Text '0000000000' is set on object 'Object Repository/RAD_Pages/TaxInfo_Page/input_NoticeInvoiceNumber'

2024-10-17 14:40:32 - [TEST_STEP][PASSED] - setText(findTestObject(orPath_TaxInfo + "/input_reTypeNoticeInvoiceNumber"), notInvNumber): Text '0000000000' is set on object 'Object Repository/RAD_Pages/TaxInfo_Page/input_reTypeNoticeInvoiceNumber'

2024-10-17 14:40:33 - [MESSAGE][PASSED] - Text '0000000000' is set on object 'Object Repository/RAD_Pages/TaxInfo_Page/input_reTypeNoticeInvoiceNumber'

2024-10-17 14:40:33 - [TEST_STEP][PASSED] - println(notInvNumber): null

2024-10-17 14:40:33 - [TEST_STEP][PASSED] - if (verifyTextPresent(errorMsg, true)): null

2024-10-17 14:40:33 - [MESSAGE][PASSED] - Text 'Notice Number or Invoice Number must be 10, 11, or 13 digits in length, with a value greater than zero' is present on page  using regular expression

2024-10-17 14:40:33 - [TEST_STEP][PASSED] - println("Error Message is present on the page"): null

2024-10-17 14:40:33 - [TEST_STEP][PASSED] - out.println("Pass Record Number: " + row): null

2024-10-17 14:40:33 - [TEST_STEP][PASSED] - resText = "Pass": null

2024-10-17 14:40:33 - [TEST_STEP][PASSED] - pages.WriteExcel.demoKey(resText, datText, resColumn, datCloumn, fileLoc, nameSheet, row): pages.WriteExcel.demoKey is PASSED

2024-10-17 14:40:33 - [MESSAGE][PASSED] - pages.WriteExcel.demoKey is PASSED

2024-10-17 14:40:33 - [TEST_STEP][PASSED] - ExecuteTC = findTestData(dataFile).getValue("Execute", row): null

2024-10-17 14:40:33 - [TEST_STEP][PASSED] - Taxtype = findTestData(dataFile).getValue("TaxType", row): null

2024-10-17 14:40:34 - [TEST_STEP][PASSED] - TaxTypeEL = findTestData(dataFile).getValue("TaxTypeEL", row): null

2024-10-17 14:40:34 - [TEST_STEP][PASSED] - notInvNumber = findTestData(dataFile).getValue("NotiInvoNumber", row): null

2024-10-17 14:40:34 - [TEST_STEP][PASSED] - errorMsg = findTestData(dataFile).getValue("ErrorMessage", row): null

2024-10-17 14:40:34 - [TEST_STEP][PASSED] - out.println("Value of Execute is : " + ExecuteTC): null

2024-10-17 14:40:34 - [TEST_STEP][PASSED] - if (ExecuteTC.equalsIgnoreCase("Y")): null

2024-10-17 14:40:34 - [TEST_STEP][PASSED] - out.println("Begin Record Number: " + row): null

2024-10-17 14:40:34 - [TEST_STEP][PASSED] - today = new java.util.Date(): null

2024-10-17 14:40:34 - [TEST_STEP][PASSED] - println(today): null

2024-10-17 14:40:34 - [TEST_STEP][PASSED] - datText = today: null

2024-10-17 14:40:34 - [TEST_STEP][PASSED] - Taxtype = findTestData(dataFile).getValue("TaxType", row): null

2024-10-17 14:40:34 - [TEST_STEP][PASSED] - out.println("Taxtype value is : " + Taxtype): null

2024-10-17 14:40:34 - [TEST_STEP][PASSED] - openBrowser(""): Browser is opened with url: ''

2024-10-17 14:40:34 - [MESSAGE][WARNING] - A browser is already opened. Closing browser and opening a new one

2024-10-17 14:40:35 - [MESSAGE][INFO] - Starting 'Chrome' driver

2024-10-17 14:40:35 - [MESSAGE][INFO] - User set preference: ['acceptInsecureCerts', 'true']

2024-10-17 14:40:35 - [MESSAGE][INFO] - Action delay is set to 0 milliseconds

2024-10-17 14:40:37 - [MESSAGE][PASSED] - Browser is opened with url: ''

2024-10-17 14:40:37 - [TEST_STEP][PASSED] - maximizeWindow(): Current window maximized

2024-10-17 14:40:37 - [MESSAGE][PASSED] - Current window maximized

2024-10-17 14:40:37 - [TEST_STEP][PASSED] - navigateToUrl(RADurl): Navigate to 'https://demo.velocitypayment.com/client/rad/index.html' successfully

2024-10-17 14:40:39 - [MESSAGE][PASSED] - Navigate to 'https://demo.velocitypayment.com/client/rad/index.html' successfully

2024-10-17 14:40:39 - [TEST_STEP][PASSED] - orPath_Landing = "Object Repository/RAD_Pages/Landing_Page": null

2024-10-17 14:40:39 - [TEST_STEP][PASSED] - orPath_TaxTypeFilingYear = "Object Repository/RAD_Pages/TaxTypeFilingYear_Page": null

2024-10-17 14:40:39 - [TEST_STEP][PASSED] - orPath_TaxPayer = "Object Repository/RAD_Pages/Taxpayer_Page": null

2024-10-17 14:40:39 - [TEST_STEP][PASSED] - orPath_AddressContact = "Object Repository/RAD_Pages/AddressAndContactInfo_Page": null

2024-10-17 14:40:39 - [TEST_STEP][PASSED] - orPath_FilingStatus = "Object Repository/RAD_Pages/FilingStatus_Page": null

2024-10-17 14:40:39 - [TEST_STEP][PASSED] - orPath_Amount = "Object Repository/RAD_Pages/PaymentAmount_Page": null

2024-10-17 14:40:39 - [TEST_STEP][PASSED] - orPath_TaxInfo = "Object Repository/RAD_Pages/TaxInfo_Page": null

2024-10-17 14:40:39 - [TEST_STEP][PASSED] - orPath_Withholding = "Object Repository/RAD_Pages/Withholding_Page": null

2024-10-17 14:40:39 - [TEST_STEP][PASSED] - orPath_Summary = "Object Repository/RAD_Pages/Summary_Page": null

2024-10-17 14:40:39 - [TEST_STEP][PASSED] - orPath_PaymentReady = "Object Repository/RAD_Pages/PaymentReady_Page": null

2024-10-17 14:40:39 - [TEST_STEP][PASSED] - orPath_PaymentEntry = "Object Repository/RAD_Pages/PaymentEntry_Page": null

2024-10-17 14:40:39 - [TEST_STEP][PASSED] - orPath_PaymentConfirmation = "Object Repository/RAD_Pages/PaymentConfirmation_Page": null

2024-10-17 14:40:39 - [TEST_STEP][PASSED] - orPath_ServiceFeesAccept = "Object Repository/RAD_Pages/ServiceFeeAccept_Page": null

2024-10-17 14:40:39 - [TEST_STEP][PASSED] - selectOptionByLabel(findTestObject(orPath_Landing + "/dd_TaxType"), Taxtype, false): All options with label 'Existing Liability with Notice/Invoice Number' are selected in object 'Object Repository/RAD_Pages/Landing_Page/dd_TaxType' 

2024-10-17 14:40:40 - [MESSAGE][PASSED] - All options with label 'Existing Liability with Notice/Invoice Number' are selected in object 'Object Repository/RAD_Pages/Landing_Page/dd_TaxType' 

2024-10-17 14:40:40 - [TEST_STEP][PASSED] - delay(1): Delayed 1 second(s)

2024-10-17 14:40:41 - [MESSAGE][PASSED] - Delayed 1 second(s)

2024-10-17 14:40:41 - [TEST_STEP][PASSED] - selectOptionByLabel(findTestObject(orPath_TaxTypeFilingYear + "/select_TaxType_ExistingLiability"), TaxTypeEL, false): All options with label 'PTE Tax Electing S Corp' are selected in object 'Object Repository/RAD_Pages/TaxTypeFilingYear_Page/select_TaxType_ExistingLiability' 

2024-10-17 14:40:42 - [MESSAGE][PASSED] - All options with label 'PTE Tax Electing S Corp' are selected in object 'Object Repository/RAD_Pages/TaxTypeFilingYear_Page/select_TaxType_ExistingLiability' 

2024-10-17 14:40:42 - [TEST_STEP][PASSED] - setText(findTestObject(orPath_TaxInfo + "/input_NoticeInvoiceNumber"), notInvNumber): Text '123456789' is set on object 'Object Repository/RAD_Pages/TaxInfo_Page/input_NoticeInvoiceNumber'

2024-10-17 14:40:43 - [MESSAGE][PASSED] - Text '123456789' is set on object 'Object Repository/RAD_Pages/TaxInfo_Page/input_NoticeInvoiceNumber'

2024-10-17 14:40:43 - [TEST_STEP][PASSED] - setText(findTestObject(orPath_TaxInfo + "/input_reTypeNoticeInvoiceNumber"), notInvNumber): Text '123456789' is set on object 'Object Repository/RAD_Pages/TaxInfo_Page/input_reTypeNoticeInvoiceNumber'

2024-10-17 14:40:43 - [MESSAGE][PASSED] - Text '123456789' is set on object 'Object Repository/RAD_Pages/TaxInfo_Page/input_reTypeNoticeInvoiceNumber'

2024-10-17 14:40:43 - [TEST_STEP][PASSED] - println(notInvNumber): null

2024-10-17 14:40:43 - [TEST_STEP][PASSED] - if (verifyTextPresent(errorMsg, true)): null

2024-10-17 14:40:44 - [MESSAGE][PASSED] - Text 'Notice Number or Invoice Number must be 10, 11, or 13 digits in length, with a value greater than zero' is present on page  using regular expression

2024-10-17 14:40:44 - [TEST_STEP][PASSED] - println("Error Message is present on the page"): null

2024-10-17 14:40:44 - [TEST_STEP][PASSED] - out.println("Pass Record Number: " + row): null

2024-10-17 14:40:44 - [TEST_STEP][PASSED] - resText = "Pass": null

2024-10-17 14:40:44 - [TEST_STEP][PASSED] - pages.WriteExcel.demoKey(resText, datText, resColumn, datCloumn, fileLoc, nameSheet, row): pages.WriteExcel.demoKey is PASSED

2024-10-17 14:40:44 - [MESSAGE][PASSED] - pages.WriteExcel.demoKey is PASSED

2024-10-17 14:40:44 - [TEST_STEP][PASSED] - ExecuteTC = findTestData(dataFile).getValue("Execute", row): null

2024-10-17 14:40:44 - [TEST_STEP][PASSED] - Taxtype = findTestData(dataFile).getValue("TaxType", row): null

2024-10-17 14:40:44 - [TEST_STEP][PASSED] - TaxTypeEL = findTestData(dataFile).getValue("TaxTypeEL", row): null

2024-10-17 14:40:44 - [TEST_STEP][PASSED] - notInvNumber = findTestData(dataFile).getValue("NotiInvoNumber", row): null

2024-10-17 14:40:44 - [TEST_STEP][PASSED] - errorMsg = findTestData(dataFile).getValue("ErrorMessage", row): null

2024-10-17 14:40:44 - [TEST_STEP][PASSED] - out.println("Value of Execute is : " + ExecuteTC): null

2024-10-17 14:40:44 - [TEST_STEP][PASSED] - if (ExecuteTC.equalsIgnoreCase("Y")): null

2024-10-17 14:40:44 - [TEST_STEP][PASSED] - out.println("Begin Record Number: " + row): null

2024-10-17 14:40:44 - [TEST_STEP][PASSED] - today = new java.util.Date(): null

2024-10-17 14:40:44 - [TEST_STEP][PASSED] - println(today): null

2024-10-17 14:40:44 - [TEST_STEP][PASSED] - datText = today: null

2024-10-17 14:40:44 - [TEST_STEP][PASSED] - Taxtype = findTestData(dataFile).getValue("TaxType", row): null

2024-10-17 14:40:44 - [TEST_STEP][PASSED] - out.println("Taxtype value is : " + Taxtype): null

2024-10-17 14:40:44 - [TEST_STEP][PASSED] - openBrowser(""): Browser is opened with url: ''

2024-10-17 14:40:44 - [MESSAGE][WARNING] - A browser is already opened. Closing browser and opening a new one

2024-10-17 14:40:46 - [MESSAGE][INFO] - Starting 'Chrome' driver

2024-10-17 14:40:46 - [MESSAGE][INFO] - User set preference: ['acceptInsecureCerts', 'true']

2024-10-17 14:40:46 - [MESSAGE][INFO] - Action delay is set to 0 milliseconds

2024-10-17 14:40:48 - [MESSAGE][PASSED] - Browser is opened with url: ''

2024-10-17 14:40:48 - [TEST_STEP][PASSED] - maximizeWindow(): Current window maximized

2024-10-17 14:40:48 - [MESSAGE][PASSED] - Current window maximized

2024-10-17 14:40:48 - [TEST_STEP][PASSED] - navigateToUrl(RADurl): Navigate to 'https://demo.velocitypayment.com/client/rad/index.html' successfully

2024-10-17 14:40:50 - [MESSAGE][PASSED] - Navigate to 'https://demo.velocitypayment.com/client/rad/index.html' successfully

2024-10-17 14:40:50 - [TEST_STEP][PASSED] - orPath_Landing = "Object Repository/RAD_Pages/Landing_Page": null

2024-10-17 14:40:50 - [TEST_STEP][PASSED] - orPath_TaxTypeFilingYear = "Object Repository/RAD_Pages/TaxTypeFilingYear_Page": null

2024-10-17 14:40:50 - [TEST_STEP][PASSED] - orPath_TaxPayer = "Object Repository/RAD_Pages/Taxpayer_Page": null

2024-10-17 14:40:50 - [TEST_STEP][PASSED] - orPath_AddressContact = "Object Repository/RAD_Pages/AddressAndContactInfo_Page": null

2024-10-17 14:40:50 - [TEST_STEP][PASSED] - orPath_FilingStatus = "Object Repository/RAD_Pages/FilingStatus_Page": null

2024-10-17 14:40:50 - [TEST_STEP][PASSED] - orPath_Amount = "Object Repository/RAD_Pages/PaymentAmount_Page": null

2024-10-17 14:40:50 - [TEST_STEP][PASSED] - orPath_TaxInfo = "Object Repository/RAD_Pages/TaxInfo_Page": null

2024-10-17 14:40:50 - [TEST_STEP][PASSED] - orPath_Withholding = "Object Repository/RAD_Pages/Withholding_Page": null

2024-10-17 14:40:50 - [TEST_STEP][PASSED] - orPath_Summary = "Object Repository/RAD_Pages/Summary_Page": null

2024-10-17 14:40:50 - [TEST_STEP][PASSED] - orPath_PaymentReady = "Object Repository/RAD_Pages/PaymentReady_Page": null

2024-10-17 14:40:50 - [TEST_STEP][PASSED] - orPath_PaymentEntry = "Object Repository/RAD_Pages/PaymentEntry_Page": null

2024-10-17 14:40:50 - [TEST_STEP][PASSED] - orPath_PaymentConfirmation = "Object Repository/RAD_Pages/PaymentConfirmation_Page": null

2024-10-17 14:40:50 - [TEST_STEP][PASSED] - orPath_ServiceFeesAccept = "Object Repository/RAD_Pages/ServiceFeeAccept_Page": null

2024-10-17 14:40:50 - [TEST_STEP][PASSED] - selectOptionByLabel(findTestObject(orPath_Landing + "/dd_TaxType"), Taxtype, false): All options with label 'Existing Liability with Notice/Invoice Number' are selected in object 'Object Repository/RAD_Pages/Landing_Page/dd_TaxType' 

2024-10-17 14:40:51 - [MESSAGE][PASSED] - All options with label 'Existing Liability with Notice/Invoice Number' are selected in object 'Object Repository/RAD_Pages/Landing_Page/dd_TaxType' 

2024-10-17 14:40:51 - [TEST_STEP][PASSED] - delay(1): Delayed 1 second(s)

2024-10-17 14:40:52 - [MESSAGE][PASSED] - Delayed 1 second(s)

2024-10-17 14:40:52 - [TEST_STEP][PASSED] - selectOptionByLabel(findTestObject(orPath_TaxTypeFilingYear + "/select_TaxType_ExistingLiability"), TaxTypeEL, false): All options with label 'PTE Tax Electing S Corp' are selected in object 'Object Repository/RAD_Pages/TaxTypeFilingYear_Page/select_TaxType_ExistingLiability' 

2024-10-17 14:40:52 - [MESSAGE][PASSED] - All options with label 'PTE Tax Electing S Corp' are selected in object 'Object Repository/RAD_Pages/TaxTypeFilingYear_Page/select_TaxType_ExistingLiability' 

2024-10-17 14:40:52 - [TEST_STEP][PASSED] - setText(findTestObject(orPath_TaxInfo + "/input_NoticeInvoiceNumber"), notInvNumber): Text '123456789012' is set on object 'Object Repository/RAD_Pages/TaxInfo_Page/input_NoticeInvoiceNumber'

2024-10-17 14:40:53 - [MESSAGE][PASSED] - Text '123456789012' is set on object 'Object Repository/RAD_Pages/TaxInfo_Page/input_NoticeInvoiceNumber'

2024-10-17 14:40:53 - [TEST_STEP][PASSED] - setText(findTestObject(orPath_TaxInfo + "/input_reTypeNoticeInvoiceNumber"), notInvNumber): Text '123456789012' is set on object 'Object Repository/RAD_Pages/TaxInfo_Page/input_reTypeNoticeInvoiceNumber'

2024-10-17 14:40:55 - [MESSAGE][PASSED] - Text '123456789012' is set on object 'Object Repository/RAD_Pages/TaxInfo_Page/input_reTypeNoticeInvoiceNumber'

2024-10-17 14:40:55 - [TEST_STEP][PASSED] - println(notInvNumber): null

2024-10-17 14:40:55 - [TEST_STEP][PASSED] - if (verifyTextPresent(errorMsg, true)): null

2024-10-17 14:40:56 - [MESSAGE][PASSED] - Text 'Notice Number or Invoice Number must be 10, 11, or 13 digits in length, with a value greater than zero' is present on page  using regular expression

2024-10-17 14:40:56 - [TEST_STEP][PASSED] - println("Error Message is present on the page"): null

2024-10-17 14:40:56 - [TEST_STEP][PASSED] - out.println("Pass Record Number: " + row): null

2024-10-17 14:40:56 - [TEST_STEP][PASSED] - resText = "Pass": null

2024-10-17 14:40:56 - [TEST_STEP][PASSED] - pages.WriteExcel.demoKey(resText, datText, resColumn, datCloumn, fileLoc, nameSheet, row): pages.WriteExcel.demoKey is PASSED

2024-10-17 14:40:56 - [MESSAGE][PASSED] - pages.WriteExcel.demoKey is PASSED

2024-10-17 14:40:56 - [TEST_STEP][PASSED] - ExecuteTC = findTestData(dataFile).getValue("Execute", row): null

2024-10-17 14:40:56 - [TEST_STEP][PASSED] - Taxtype = findTestData(dataFile).getValue("TaxType", row): null

2024-10-17 14:40:56 - [TEST_STEP][PASSED] - TaxTypeEL = findTestData(dataFile).getValue("TaxTypeEL", row): null

2024-10-17 14:40:56 - [TEST_STEP][PASSED] - notInvNumber = findTestData(dataFile).getValue("NotiInvoNumber", row): null

2024-10-17 14:40:56 - [TEST_STEP][PASSED] - errorMsg = findTestData(dataFile).getValue("ErrorMessage", row): null

2024-10-17 14:40:56 - [TEST_STEP][PASSED] - out.println("Value of Execute is : " + ExecuteTC): null

2024-10-17 14:40:56 - [TEST_STEP][PASSED] - if (ExecuteTC.equalsIgnoreCase("Y")): null

2024-10-17 14:40:56 - [TEST_STEP][PASSED] - out.println("Begin Record Number: " + row): null

2024-10-17 14:40:56 - [TEST_STEP][PASSED] - today = new java.util.Date(): null

2024-10-17 14:40:56 - [TEST_STEP][PASSED] - println(today): null

2024-10-17 14:40:56 - [TEST_STEP][PASSED] - datText = today: null

2024-10-17 14:40:56 - [TEST_STEP][PASSED] - Taxtype = findTestData(dataFile).getValue("TaxType", row): null

2024-10-17 14:40:56 - [TEST_STEP][PASSED] - out.println("Taxtype value is : " + Taxtype): null

2024-10-17 14:40:56 - [TEST_STEP][PASSED] - openBrowser(""): Browser is opened with url: ''

2024-10-17 14:40:56 - [MESSAGE][WARNING] - A browser is already opened. Closing browser and opening a new one

2024-10-17 14:40:58 - [MESSAGE][INFO] - Starting 'Chrome' driver

2024-10-17 14:40:58 - [MESSAGE][INFO] - User set preference: ['acceptInsecureCerts', 'true']

2024-10-17 14:40:58 - [MESSAGE][INFO] - Action delay is set to 0 milliseconds

2024-10-17 14:41:00 - [MESSAGE][PASSED] - Browser is opened with url: ''

2024-10-17 14:41:00 - [TEST_STEP][PASSED] - maximizeWindow(): Current window maximized

2024-10-17 14:41:00 - [MESSAGE][PASSED] - Current window maximized

2024-10-17 14:41:00 - [TEST_STEP][PASSED] - navigateToUrl(RADurl): Navigate to 'https://demo.velocitypayment.com/client/rad/index.html' successfully

2024-10-17 14:41:01 - [MESSAGE][PASSED] - Navigate to 'https://demo.velocitypayment.com/client/rad/index.html' successfully

2024-10-17 14:41:01 - [TEST_STEP][PASSED] - orPath_Landing = "Object Repository/RAD_Pages/Landing_Page": null

2024-10-17 14:41:01 - [TEST_STEP][PASSED] - orPath_TaxTypeFilingYear = "Object Repository/RAD_Pages/TaxTypeFilingYear_Page": null

2024-10-17 14:41:01 - [TEST_STEP][PASSED] - orPath_TaxPayer = "Object Repository/RAD_Pages/Taxpayer_Page": null

2024-10-17 14:41:01 - [TEST_STEP][PASSED] - orPath_AddressContact = "Object Repository/RAD_Pages/AddressAndContactInfo_Page": null

2024-10-17 14:41:01 - [TEST_STEP][PASSED] - orPath_FilingStatus = "Object Repository/RAD_Pages/FilingStatus_Page": null

2024-10-17 14:41:01 - [TEST_STEP][PASSED] - orPath_Amount = "Object Repository/RAD_Pages/PaymentAmount_Page": null

2024-10-17 14:41:01 - [TEST_STEP][PASSED] - orPath_TaxInfo = "Object Repository/RAD_Pages/TaxInfo_Page": null

2024-10-17 14:41:01 - [TEST_STEP][PASSED] - orPath_Withholding = "Object Repository/RAD_Pages/Withholding_Page": null

2024-10-17 14:41:01 - [TEST_STEP][PASSED] - orPath_Summary = "Object Repository/RAD_Pages/Summary_Page": null

2024-10-17 14:41:01 - [TEST_STEP][PASSED] - orPath_PaymentReady = "Object Repository/RAD_Pages/PaymentReady_Page": null

2024-10-17 14:41:01 - [TEST_STEP][PASSED] - orPath_PaymentEntry = "Object Repository/RAD_Pages/PaymentEntry_Page": null

2024-10-17 14:41:01 - [TEST_STEP][PASSED] - orPath_PaymentConfirmation = "Object Repository/RAD_Pages/PaymentConfirmation_Page": null

2024-10-17 14:41:01 - [TEST_STEP][PASSED] - orPath_ServiceFeesAccept = "Object Repository/RAD_Pages/ServiceFeeAccept_Page": null

2024-10-17 14:41:01 - [TEST_STEP][PASSED] - selectOptionByLabel(findTestObject(orPath_Landing + "/dd_TaxType"), Taxtype, false): All options with label 'Existing Liability with Notice/Invoice Number' are selected in object 'Object Repository/RAD_Pages/Landing_Page/dd_TaxType' 

2024-10-17 14:41:03 - [MESSAGE][PASSED] - All options with label 'Existing Liability with Notice/Invoice Number' are selected in object 'Object Repository/RAD_Pages/Landing_Page/dd_TaxType' 

2024-10-17 14:41:03 - [TEST_STEP][PASSED] - delay(1): Delayed 1 second(s)

2024-10-17 14:41:04 - [MESSAGE][PASSED] - Delayed 1 second(s)

2024-10-17 14:41:04 - [TEST_STEP][PASSED] - selectOptionByLabel(findTestObject(orPath_TaxTypeFilingYear + "/select_TaxType_ExistingLiability"), TaxTypeEL, false): All options with label 'PTE Tax Electing S Corp' are selected in object 'Object Repository/RAD_Pages/TaxTypeFilingYear_Page/select_TaxType_ExistingLiability' 

2024-10-17 14:41:05 - [MESSAGE][PASSED] - All options with label 'PTE Tax Electing S Corp' are selected in object 'Object Repository/RAD_Pages/TaxTypeFilingYear_Page/select_TaxType_ExistingLiability' 

2024-10-17 14:41:05 - [TEST_STEP][PASSED] - setText(findTestObject(orPath_TaxInfo + "/input_NoticeInvoiceNumber"), notInvNumber): Text '0000000000' is set on object 'Object Repository/RAD_Pages/TaxInfo_Page/input_NoticeInvoiceNumber'

2024-10-17 14:41:06 - [MESSAGE][PASSED] - Text '0000000000' is set on object 'Object Repository/RAD_Pages/TaxInfo_Page/input_NoticeInvoiceNumber'

2024-10-17 14:41:06 - [TEST_STEP][PASSED] - setText(findTestObject(orPath_TaxInfo + "/input_reTypeNoticeInvoiceNumber"), notInvNumber): Text '0000000000' is set on object 'Object Repository/RAD_Pages/TaxInfo_Page/input_reTypeNoticeInvoiceNumber'

2024-10-17 14:41:07 - [MESSAGE][PASSED] - Text '0000000000' is set on object 'Object Repository/RAD_Pages/TaxInfo_Page/input_reTypeNoticeInvoiceNumber'

2024-10-17 14:41:07 - [TEST_STEP][PASSED] - println(notInvNumber): null

2024-10-17 14:41:07 - [TEST_STEP][PASSED] - if (verifyTextPresent(errorMsg, true)): null

2024-10-17 14:41:07 - [MESSAGE][PASSED] - Text 'Notice Number or Invoice Number must be 10, 11, or 13 digits in length, with a value greater than zero' is present on page  using regular expression

2024-10-17 14:41:07 - [TEST_STEP][PASSED] - println("Error Message is present on the page"): null

2024-10-17 14:41:07 - [TEST_STEP][PASSED] - out.println("Pass Record Number: " + row): null

2024-10-17 14:41:07 - [TEST_STEP][PASSED] - resText = "Pass": null

2024-10-17 14:41:07 - [TEST_STEP][PASSED] - pages.WriteExcel.demoKey(resText, datText, resColumn, datCloumn, fileLoc, nameSheet, row): pages.WriteExcel.demoKey is PASSED

2024-10-17 14:41:07 - [MESSAGE][PASSED] - pages.WriteExcel.demoKey is PASSED

2024-10-17 14:41:07 - [TEST_STEP][PASSED] - ExecuteTC = findTestData(dataFile).getValue("Execute", row): null

2024-10-17 14:41:07 - [TEST_STEP][PASSED] - Taxtype = findTestData(dataFile).getValue("TaxType", row): null

2024-10-17 14:41:07 - [TEST_STEP][PASSED] - TaxTypeEL = findTestData(dataFile).getValue("TaxTypeEL", row): null

2024-10-17 14:41:08 - [TEST_STEP][PASSED] - notInvNumber = findTestData(dataFile).getValue("NotiInvoNumber", row): null

2024-10-17 14:41:08 - [TEST_STEP][PASSED] - errorMsg = findTestData(dataFile).getValue("ErrorMessage", row): null

2024-10-17 14:41:08 - [TEST_STEP][PASSED] - out.println("Value of Execute is : " + ExecuteTC): null

2024-10-17 14:41:08 - [TEST_STEP][PASSED] - if (ExecuteTC.equalsIgnoreCase("Y")): null

2024-10-17 14:41:08 - [TEST_STEP][PASSED] - out.println("Begin Record Number: " + row): null

2024-10-17 14:41:08 - [TEST_STEP][PASSED] - today = new java.util.Date(): null

2024-10-17 14:41:08 - [TEST_STEP][PASSED] - println(today): null

2024-10-17 14:41:08 - [TEST_STEP][PASSED] - datText = today: null

2024-10-17 14:41:08 - [TEST_STEP][PASSED] - Taxtype = findTestData(dataFile).getValue("TaxType", row): null

2024-10-17 14:41:08 - [TEST_STEP][PASSED] - out.println("Taxtype value is : " + Taxtype): null

2024-10-17 14:41:08 - [TEST_STEP][PASSED] - openBrowser(""): Browser is opened with url: ''

2024-10-17 14:41:08 - [MESSAGE][WARNING] - A browser is already opened. Closing browser and opening a new one

2024-10-17 14:41:10 - [MESSAGE][INFO] - Starting 'Chrome' driver

2024-10-17 14:41:10 - [MESSAGE][INFO] - User set preference: ['acceptInsecureCerts', 'true']

2024-10-17 14:41:10 - [MESSAGE][INFO] - Action delay is set to 0 milliseconds

2024-10-17 14:41:11 - [MESSAGE][PASSED] - Browser is opened with url: ''

2024-10-17 14:41:11 - [TEST_STEP][PASSED] - maximizeWindow(): Current window maximized

2024-10-17 14:41:11 - [MESSAGE][PASSED] - Current window maximized

2024-10-17 14:41:11 - [TEST_STEP][PASSED] - navigateToUrl(RADurl): Navigate to 'https://demo.velocitypayment.com/client/rad/index.html' successfully

2024-10-17 14:41:14 - [MESSAGE][PASSED] - Navigate to 'https://demo.velocitypayment.com/client/rad/index.html' successfully

2024-10-17 14:41:14 - [TEST_STEP][PASSED] - orPath_Landing = "Object Repository/RAD_Pages/Landing_Page": null

2024-10-17 14:41:14 - [TEST_STEP][PASSED] - orPath_TaxTypeFilingYear = "Object Repository/RAD_Pages/TaxTypeFilingYear_Page": null

2024-10-17 14:41:14 - [TEST_STEP][PASSED] - orPath_TaxPayer = "Object Repository/RAD_Pages/Taxpayer_Page": null

2024-10-17 14:41:14 - [TEST_STEP][PASSED] - orPath_AddressContact = "Object Repository/RAD_Pages/AddressAndContactInfo_Page": null

2024-10-17 14:41:14 - [TEST_STEP][PASSED] - orPath_FilingStatus = "Object Repository/RAD_Pages/FilingStatus_Page": null

2024-10-17 14:41:14 - [TEST_STEP][PASSED] - orPath_Amount = "Object Repository/RAD_Pages/PaymentAmount_Page": null

2024-10-17 14:41:14 - [TEST_STEP][PASSED] - orPath_TaxInfo = "Object Repository/RAD_Pages/TaxInfo_Page": null

2024-10-17 14:41:14 - [TEST_STEP][PASSED] - orPath_Withholding = "Object Repository/RAD_Pages/Withholding_Page": null

2024-10-17 14:41:14 - [TEST_STEP][PASSED] - orPath_Summary = "Object Repository/RAD_Pages/Summary_Page": null

2024-10-17 14:41:14 - [TEST_STEP][PASSED] - orPath_PaymentReady = "Object Repository/RAD_Pages/PaymentReady_Page": null

2024-10-17 14:41:14 - [TEST_STEP][PASSED] - orPath_PaymentEntry = "Object Repository/RAD_Pages/PaymentEntry_Page": null

2024-10-17 14:41:14 - [TEST_STEP][PASSED] - orPath_PaymentConfirmation = "Object Repository/RAD_Pages/PaymentConfirmation_Page": null

2024-10-17 14:41:14 - [TEST_STEP][PASSED] - orPath_ServiceFeesAccept = "Object Repository/RAD_Pages/ServiceFeeAccept_Page": null

2024-10-17 14:41:14 - [TEST_STEP][PASSED] - selectOptionByLabel(findTestObject(orPath_Landing + "/dd_TaxType"), Taxtype, false): All options with label 'Existing Liability with Notice/Invoice Number' are selected in object 'Object Repository/RAD_Pages/Landing_Page/dd_TaxType' 

2024-10-17 14:41:15 - [MESSAGE][PASSED] - All options with label 'Existing Liability with Notice/Invoice Number' are selected in object 'Object Repository/RAD_Pages/Landing_Page/dd_TaxType' 

2024-10-17 14:41:15 - [TEST_STEP][PASSED] - delay(1): Delayed 1 second(s)

2024-10-17 14:41:16 - [MESSAGE][PASSED] - Delayed 1 second(s)

2024-10-17 14:41:16 - [TEST_STEP][PASSED] - selectOptionByLabel(findTestObject(orPath_TaxTypeFilingYear + "/select_TaxType_ExistingLiability"), TaxTypeEL, false): All options with label 'Admissions and Amusement Tax' are selected in object 'Object Repository/RAD_Pages/TaxTypeFilingYear_Page/select_TaxType_ExistingLiability' 

2024-10-17 14:41:17 - [MESSAGE][PASSED] - All options with label 'Admissions and Amusement Tax' are selected in object 'Object Repository/RAD_Pages/TaxTypeFilingYear_Page/select_TaxType_ExistingLiability' 

2024-10-17 14:41:17 - [TEST_STEP][PASSED] - setText(findTestObject(orPath_TaxInfo + "/input_NoticeInvoiceNumber"), notInvNumber): Text '123456789' is set on object 'Object Repository/RAD_Pages/TaxInfo_Page/input_NoticeInvoiceNumber'

2024-10-17 14:41:18 - [MESSAGE][PASSED] - Text '123456789' is set on object 'Object Repository/RAD_Pages/TaxInfo_Page/input_NoticeInvoiceNumber'

2024-10-17 14:41:18 - [TEST_STEP][PASSED] - setText(findTestObject(orPath_TaxInfo + "/input_reTypeNoticeInvoiceNumber"), notInvNumber): Text '123456789' is set on object 'Object Repository/RAD_Pages/TaxInfo_Page/input_reTypeNoticeInvoiceNumber'

2024-10-17 14:41:19 - [MESSAGE][PASSED] - Text '123456789' is set on object 'Object Repository/RAD_Pages/TaxInfo_Page/input_reTypeNoticeInvoiceNumber'

2024-10-17 14:41:19 - [TEST_STEP][PASSED] - println(notInvNumber): null

2024-10-17 14:41:19 - [TEST_STEP][PASSED] - if (verifyTextPresent(errorMsg, true)): null

2024-10-17 14:41:19 - [MESSAGE][PASSED] - Text 'Notice Number or Invoice Number must be 10, 11, or 13 digits in length, with a value greater than zero' is present on page  using regular expression

2024-10-17 14:41:19 - [TEST_STEP][PASSED] - println("Error Message is present on the page"): null

2024-10-17 14:41:19 - [TEST_STEP][PASSED] - out.println("Pass Record Number: " + row): null

2024-10-17 14:41:19 - [TEST_STEP][PASSED] - resText = "Pass": null

2024-10-17 14:41:19 - [TEST_STEP][PASSED] - pages.WriteExcel.demoKey(resText, datText, resColumn, datCloumn, fileLoc, nameSheet, row): pages.WriteExcel.demoKey is PASSED

2024-10-17 14:41:19 - [MESSAGE][PASSED] - pages.WriteExcel.demoKey is PASSED

2024-10-17 14:41:19 - [TEST_STEP][PASSED] - ExecuteTC = findTestData(dataFile).getValue("Execute", row): null

2024-10-17 14:41:19 - [TEST_STEP][PASSED] - Taxtype = findTestData(dataFile).getValue("TaxType", row): null

2024-10-17 14:41:19 - [TEST_STEP][PASSED] - TaxTypeEL = findTestData(dataFile).getValue("TaxTypeEL", row): null

2024-10-17 14:41:19 - [TEST_STEP][PASSED] - notInvNumber = findTestData(dataFile).getValue("NotiInvoNumber", row): null

2024-10-17 14:41:20 - [TEST_STEP][PASSED] - errorMsg = findTestData(dataFile).getValue("ErrorMessage", row): null

2024-10-17 14:41:20 - [TEST_STEP][PASSED] - out.println("Value of Execute is : " + ExecuteTC): null

2024-10-17 14:41:20 - [TEST_STEP][PASSED] - if (ExecuteTC.equalsIgnoreCase("Y")): null

2024-10-17 14:41:20 - [TEST_STEP][PASSED] - out.println("Begin Record Number: " + row): null

2024-10-17 14:41:20 - [TEST_STEP][PASSED] - today = new java.util.Date(): null

2024-10-17 14:41:20 - [TEST_STEP][PASSED] - println(today): null

2024-10-17 14:41:20 - [TEST_STEP][PASSED] - datText = today: null

2024-10-17 14:41:20 - [TEST_STEP][PASSED] - Taxtype = findTestData(dataFile).getValue("TaxType", row): null

2024-10-17 14:41:20 - [TEST_STEP][PASSED] - out.println("Taxtype value is : " + Taxtype): null

2024-10-17 14:41:20 - [TEST_STEP][PASSED] - openBrowser(""): Browser is opened with url: ''

2024-10-17 14:41:20 - [MESSAGE][WARNING] - A browser is already opened. Closing browser and opening a new one

2024-10-17 14:41:21 - [MESSAGE][INFO] - Starting 'Chrome' driver

2024-10-17 14:41:21 - [MESSAGE][INFO] - User set preference: ['acceptInsecureCerts', 'true']

2024-10-17 14:41:21 - [MESSAGE][INFO] - Action delay is set to 0 milliseconds

2024-10-17 14:41:23 - [MESSAGE][PASSED] - Browser is opened with url: ''

2024-10-17 14:41:23 - [TEST_STEP][PASSED] - maximizeWindow(): Current window maximized

2024-10-17 14:41:23 - [MESSAGE][PASSED] - Current window maximized

2024-10-17 14:41:23 - [TEST_STEP][PASSED] - navigateToUrl(RADurl): Navigate to 'https://demo.velocitypayment.com/client/rad/index.html' successfully

2024-10-17 14:41:23 - [MESSAGE][PASSED] - Navigate to 'https://demo.velocitypayment.com/client/rad/index.html' successfully

2024-10-17 14:41:23 - [TEST_STEP][PASSED] - orPath_Landing = "Object Repository/RAD_Pages/Landing_Page": null

2024-10-17 14:41:23 - [TEST_STEP][PASSED] - orPath_TaxTypeFilingYear = "Object Repository/RAD_Pages/TaxTypeFilingYear_Page": null

2024-10-17 14:41:23 - [TEST_STEP][PASSED] - orPath_TaxPayer = "Object Repository/RAD_Pages/Taxpayer_Page": null

2024-10-17 14:41:23 - [TEST_STEP][PASSED] - orPath_AddressContact = "Object Repository/RAD_Pages/AddressAndContactInfo_Page": null

2024-10-17 14:41:23 - [TEST_STEP][PASSED] - orPath_FilingStatus = "Object Repository/RAD_Pages/FilingStatus_Page": null

2024-10-17 14:41:23 - [TEST_STEP][PASSED] - orPath_Amount = "Object Repository/RAD_Pages/PaymentAmount_Page": null

2024-10-17 14:41:23 - [TEST_STEP][PASSED] - orPath_TaxInfo = "Object Repository/RAD_Pages/TaxInfo_Page": null

2024-10-17 14:41:23 - [TEST_STEP][PASSED] - orPath_Withholding = "Object Repository/RAD_Pages/Withholding_Page": null

2024-10-17 14:41:23 - [TEST_STEP][PASSED] - orPath_Summary = "Object Repository/RAD_Pages/Summary_Page": null

2024-10-17 14:41:23 - [TEST_STEP][PASSED] - orPath_PaymentReady = "Object Repository/RAD_Pages/PaymentReady_Page": null

2024-10-17 14:41:23 - [TEST_STEP][PASSED] - orPath_PaymentEntry = "Object Repository/RAD_Pages/PaymentEntry_Page": null

2024-10-17 14:41:23 - [TEST_STEP][PASSED] - orPath_PaymentConfirmation = "Object Repository/RAD_Pages/PaymentConfirmation_Page": null

2024-10-17 14:41:23 - [TEST_STEP][PASSED] - orPath_ServiceFeesAccept = "Object Repository/RAD_Pages/ServiceFeeAccept_Page": null

2024-10-17 14:41:23 - [TEST_STEP][PASSED] - selectOptionByLabel(findTestObject(orPath_Landing + "/dd_TaxType"), Taxtype, false): All options with label 'Existing Liability with Notice/Invoice Number' are selected in object 'Object Repository/RAD_Pages/Landing_Page/dd_TaxType' 

2024-10-17 14:41:25 - [MESSAGE][PASSED] - All options with label 'Existing Liability with Notice/Invoice Number' are selected in object 'Object Repository/RAD_Pages/Landing_Page/dd_TaxType' 

2024-10-17 14:41:25 - [TEST_STEP][PASSED] - delay(1): Delayed 1 second(s)

2024-10-17 14:41:26 - [MESSAGE][PASSED] - Delayed 1 second(s)

2024-10-17 14:41:26 - [TEST_STEP][PASSED] - selectOptionByLabel(findTestObject(orPath_TaxTypeFilingYear + "/select_TaxType_ExistingLiability"), TaxTypeEL, false): All options with label 'Admissions and Amusement Tax' are selected in object 'Object Repository/RAD_Pages/TaxTypeFilingYear_Page/select_TaxType_ExistingLiability' 

2024-10-17 14:41:27 - [MESSAGE][PASSED] - All options with label 'Admissions and Amusement Tax' are selected in object 'Object Repository/RAD_Pages/TaxTypeFilingYear_Page/select_TaxType_ExistingLiability' 

2024-10-17 14:41:27 - [TEST_STEP][PASSED] - setText(findTestObject(orPath_TaxInfo + "/input_NoticeInvoiceNumber"), notInvNumber): Text '123456789012' is set on object 'Object Repository/RAD_Pages/TaxInfo_Page/input_NoticeInvoiceNumber'

2024-10-17 14:41:28 - [MESSAGE][PASSED] - Text '123456789012' is set on object 'Object Repository/RAD_Pages/TaxInfo_Page/input_NoticeInvoiceNumber'

2024-10-17 14:41:28 - [TEST_STEP][PASSED] - setText(findTestObject(orPath_TaxInfo + "/input_reTypeNoticeInvoiceNumber"), notInvNumber): Text '123456789012' is set on object 'Object Repository/RAD_Pages/TaxInfo_Page/input_reTypeNoticeInvoiceNumber'

2024-10-17 14:41:29 - [MESSAGE][PASSED] - Text '123456789012' is set on object 'Object Repository/RAD_Pages/TaxInfo_Page/input_reTypeNoticeInvoiceNumber'

2024-10-17 14:41:29 - [TEST_STEP][PASSED] - println(notInvNumber): null

2024-10-17 14:41:29 - [TEST_STEP][PASSED] - if (verifyTextPresent(errorMsg, true)): null

2024-10-17 14:41:30 - [MESSAGE][PASSED] - Text 'Notice Number or Invoice Number must be 10, 11, or 13 digits in length, with a value greater than zero' is present on page  using regular expression

2024-10-17 14:41:30 - [TEST_STEP][PASSED] - println("Error Message is present on the page"): null

2024-10-17 14:41:30 - [TEST_STEP][PASSED] - out.println("Pass Record Number: " + row): null

2024-10-17 14:41:30 - [TEST_STEP][PASSED] - resText = "Pass": null

2024-10-17 14:41:30 - [TEST_STEP][PASSED] - pages.WriteExcel.demoKey(resText, datText, resColumn, datCloumn, fileLoc, nameSheet, row): pages.WriteExcel.demoKey is PASSED

2024-10-17 14:41:30 - [MESSAGE][PASSED] - pages.WriteExcel.demoKey is PASSED

2024-10-17 14:41:30 - [TEST_STEP][PASSED] - ExecuteTC = findTestData(dataFile).getValue("Execute", row): null

2024-10-17 14:41:30 - [TEST_STEP][PASSED] - Taxtype = findTestData(dataFile).getValue("TaxType", row): null

2024-10-17 14:41:30 - [TEST_STEP][PASSED] - TaxTypeEL = findTestData(dataFile).getValue("TaxTypeEL", row): null

2024-10-17 14:41:30 - [TEST_STEP][PASSED] - notInvNumber = findTestData(dataFile).getValue("NotiInvoNumber", row): null

2024-10-17 14:41:30 - [TEST_STEP][PASSED] - errorMsg = findTestData(dataFile).getValue("ErrorMessage", row): null

2024-10-17 14:41:30 - [TEST_STEP][PASSED] - out.println("Value of Execute is : " + ExecuteTC): null

2024-10-17 14:41:30 - [TEST_STEP][PASSED] - if (ExecuteTC.equalsIgnoreCase("Y")): null

2024-10-17 14:41:30 - [TEST_STEP][PASSED] - out.println("Begin Record Number: " + row): null

2024-10-17 14:41:30 - [TEST_STEP][PASSED] - today = new java.util.Date(): null

2024-10-17 14:41:30 - [TEST_STEP][PASSED] - println(today): null

2024-10-17 14:41:30 - [TEST_STEP][PASSED] - datText = today: null

2024-10-17 14:41:30 - [TEST_STEP][PASSED] - Taxtype = findTestData(dataFile).getValue("TaxType", row): null

2024-10-17 14:41:30 - [TEST_STEP][PASSED] - out.println("Taxtype value is : " + Taxtype): null

2024-10-17 14:41:30 - [TEST_STEP][PASSED] - openBrowser(""): Browser is opened with url: ''

2024-10-17 14:41:30 - [MESSAGE][WARNING] - A browser is already opened. Closing browser and opening a new one

2024-10-17 14:41:32 - [MESSAGE][INFO] - Starting 'Chrome' driver

2024-10-17 14:41:32 - [MESSAGE][INFO] - User set preference: ['acceptInsecureCerts', 'true']

2024-10-17 14:41:32 - [MESSAGE][INFO] - Action delay is set to 0 milliseconds

2024-10-17 14:41:34 - [MESSAGE][PASSED] - Browser is opened with url: ''

2024-10-17 14:41:34 - [TEST_STEP][PASSED] - maximizeWindow(): Current window maximized

2024-10-17 14:41:34 - [MESSAGE][PASSED] - Current window maximized

2024-10-17 14:41:34 - [TEST_STEP][PASSED] - navigateToUrl(RADurl): Navigate to 'https://demo.velocitypayment.com/client/rad/index.html' successfully

2024-10-17 14:41:36 - [MESSAGE][PASSED] - Navigate to 'https://demo.velocitypayment.com/client/rad/index.html' successfully

2024-10-17 14:41:36 - [TEST_STEP][PASSED] - orPath_Landing = "Object Repository/RAD_Pages/Landing_Page": null

2024-10-17 14:41:36 - [TEST_STEP][PASSED] - orPath_TaxTypeFilingYear = "Object Repository/RAD_Pages/TaxTypeFilingYear_Page": null

2024-10-17 14:41:36 - [TEST_STEP][PASSED] - orPath_TaxPayer = "Object Repository/RAD_Pages/Taxpayer_Page": null

2024-10-17 14:41:36 - [TEST_STEP][PASSED] - orPath_AddressContact = "Object Repository/RAD_Pages/AddressAndContactInfo_Page": null

2024-10-17 14:41:36 - [TEST_STEP][PASSED] - orPath_FilingStatus = "Object Repository/RAD_Pages/FilingStatus_Page": null

2024-10-17 14:41:36 - [TEST_STEP][PASSED] - orPath_Amount = "Object Repository/RAD_Pages/PaymentAmount_Page": null

2024-10-17 14:41:36 - [TEST_STEP][PASSED] - orPath_TaxInfo = "Object Repository/RAD_Pages/TaxInfo_Page": null

2024-10-17 14:41:36 - [TEST_STEP][PASSED] - orPath_Withholding = "Object Repository/RAD_Pages/Withholding_Page": null

2024-10-17 14:41:36 - [TEST_STEP][PASSED] - orPath_Summary = "Object Repository/RAD_Pages/Summary_Page": null

2024-10-17 14:41:36 - [TEST_STEP][PASSED] - orPath_PaymentReady = "Object Repository/RAD_Pages/PaymentReady_Page": null

2024-10-17 14:41:36 - [TEST_STEP][PASSED] - orPath_PaymentEntry = "Object Repository/RAD_Pages/PaymentEntry_Page": null

2024-10-17 14:41:36 - [TEST_STEP][PASSED] - orPath_PaymentConfirmation = "Object Repository/RAD_Pages/PaymentConfirmation_Page": null

2024-10-17 14:41:36 - [TEST_STEP][PASSED] - orPath_ServiceFeesAccept = "Object Repository/RAD_Pages/ServiceFeeAccept_Page": null

2024-10-17 14:41:36 - [TEST_STEP][PASSED] - selectOptionByLabel(findTestObject(orPath_Landing + "/dd_TaxType"), Taxtype, false): All options with label 'Existing Liability with Notice/Invoice Number' are selected in object 'Object Repository/RAD_Pages/Landing_Page/dd_TaxType' 

2024-10-17 14:41:37 - [MESSAGE][PASSED] - All options with label 'Existing Liability with Notice/Invoice Number' are selected in object 'Object Repository/RAD_Pages/Landing_Page/dd_TaxType' 

2024-10-17 14:41:37 - [TEST_STEP][PASSED] - delay(1): Delayed 1 second(s)

2024-10-17 14:41:38 - [MESSAGE][PASSED] - Delayed 1 second(s)

2024-10-17 14:41:38 - [TEST_STEP][PASSED] - selectOptionByLabel(findTestObject(orPath_TaxTypeFilingYear + "/select_TaxType_ExistingLiability"), TaxTypeEL, false): All options with label 'Admissions and Amusement Tax' are selected in object 'Object Repository/RAD_Pages/TaxTypeFilingYear_Page/select_TaxType_ExistingLiability' 

2024-10-17 14:41:39 - [MESSAGE][PASSED] - All options with label 'Admissions and Amusement Tax' are selected in object 'Object Repository/RAD_Pages/TaxTypeFilingYear_Page/select_TaxType_ExistingLiability' 

2024-10-17 14:41:39 - [TEST_STEP][PASSED] - setText(findTestObject(orPath_TaxInfo + "/input_NoticeInvoiceNumber"), notInvNumber): Text '0000000000' is set on object 'Object Repository/RAD_Pages/TaxInfo_Page/input_NoticeInvoiceNumber'

2024-10-17 14:41:39 - [MESSAGE][PASSED] - Text '0000000000' is set on object 'Object Repository/RAD_Pages/TaxInfo_Page/input_NoticeInvoiceNumber'

2024-10-17 14:41:39 - [TEST_STEP][PASSED] - setText(findTestObject(orPath_TaxInfo + "/input_reTypeNoticeInvoiceNumber"), notInvNumber): Text '0000000000' is set on object 'Object Repository/RAD_Pages/TaxInfo_Page/input_reTypeNoticeInvoiceNumber'

2024-10-17 14:41:40 - [MESSAGE][PASSED] - Text '0000000000' is set on object 'Object Repository/RAD_Pages/TaxInfo_Page/input_reTypeNoticeInvoiceNumber'

2024-10-17 14:41:40 - [TEST_STEP][PASSED] - println(notInvNumber): null

2024-10-17 14:41:40 - [TEST_STEP][PASSED] - if (verifyTextPresent(errorMsg, true)): null

2024-10-17 14:41:41 - [MESSAGE][PASSED] - Text 'Notice Number or Invoice Number must be 10, 11, or 13 digits in length, with a value greater than zero' is present on page  using regular expression

2024-10-17 14:41:41 - [TEST_STEP][PASSED] - println("Error Message is present on the page"): null

2024-10-17 14:41:41 - [TEST_STEP][PASSED] - out.println("Pass Record Number: " + row): null

2024-10-17 14:41:41 - [TEST_STEP][PASSED] - resText = "Pass": null

2024-10-17 14:41:41 - [TEST_STEP][PASSED] - pages.WriteExcel.demoKey(resText, datText, resColumn, datCloumn, fileLoc, nameSheet, row): pages.WriteExcel.demoKey is PASSED

2024-10-17 14:41:41 - [MESSAGE][PASSED] - pages.WriteExcel.demoKey is PASSED

2024-10-17 14:41:41 - [TEST_STEP][PASSED] - ExecuteTC = findTestData(dataFile).getValue("Execute", row): null

2024-10-17 14:41:41 - [TEST_STEP][PASSED] - Taxtype = findTestData(dataFile).getValue("TaxType", row): null

2024-10-17 14:41:41 - [TEST_STEP][PASSED] - TaxTypeEL = findTestData(dataFile).getValue("TaxTypeEL", row): null

2024-10-17 14:41:41 - [TEST_STEP][PASSED] - notInvNumber = findTestData(dataFile).getValue("NotiInvoNumber", row): null

2024-10-17 14:41:41 - [TEST_STEP][PASSED] - errorMsg = findTestData(dataFile).getValue("ErrorMessage", row): null

2024-10-17 14:41:41 - [TEST_STEP][PASSED] - out.println("Value of Execute is : " + ExecuteTC): null

2024-10-17 14:41:41 - [TEST_STEP][PASSED] - if (ExecuteTC.equalsIgnoreCase("Y")): null

2024-10-17 14:41:41 - [TEST_STEP][PASSED] - out.println("Begin Record Number: " + row): null

2024-10-17 14:41:41 - [TEST_STEP][PASSED] - today = new java.util.Date(): null

2024-10-17 14:41:41 - [TEST_STEP][PASSED] - println(today): null

2024-10-17 14:41:41 - [TEST_STEP][PASSED] - datText = today: null

2024-10-17 14:41:41 - [TEST_STEP][PASSED] - Taxtype = findTestData(dataFile).getValue("TaxType", row): null

2024-10-17 14:41:41 - [TEST_STEP][PASSED] - out.println("Taxtype value is : " + Taxtype): null

2024-10-17 14:41:41 - [TEST_STEP][PASSED] - openBrowser(""): Browser is opened with url: ''

2024-10-17 14:41:41 - [MESSAGE][WARNING] - A browser is already opened. Closing browser and opening a new one

2024-10-17 14:41:43 - [MESSAGE][INFO] - Starting 'Chrome' driver

2024-10-17 14:41:43 - [MESSAGE][INFO] - User set preference: ['acceptInsecureCerts', 'true']

2024-10-17 14:41:43 - [MESSAGE][INFO] - Action delay is set to 0 milliseconds

2024-10-17 14:41:45 - [MESSAGE][PASSED] - Browser is opened with url: ''

2024-10-17 14:41:45 - [TEST_STEP][PASSED] - maximizeWindow(): Current window maximized

2024-10-17 14:41:45 - [MESSAGE][PASSED] - Current window maximized

2024-10-17 14:41:45 - [TEST_STEP][PASSED] - navigateToUrl(RADurl): Navigate to 'https://demo.velocitypayment.com/client/rad/index.html' successfully

2024-10-17 14:41:47 - [MESSAGE][PASSED] - Navigate to 'https://demo.velocitypayment.com/client/rad/index.html' successfully

2024-10-17 14:41:47 - [TEST_STEP][PASSED] - orPath_Landing = "Object Repository/RAD_Pages/Landing_Page": null

2024-10-17 14:41:47 - [TEST_STEP][PASSED] - orPath_TaxTypeFilingYear = "Object Repository/RAD_Pages/TaxTypeFilingYear_Page": null

2024-10-17 14:41:47 - [TEST_STEP][PASSED] - orPath_TaxPayer = "Object Repository/RAD_Pages/Taxpayer_Page": null

2024-10-17 14:41:47 - [TEST_STEP][PASSED] - orPath_AddressContact = "Object Repository/RAD_Pages/AddressAndContactInfo_Page": null

2024-10-17 14:41:47 - [TEST_STEP][PASSED] - orPath_FilingStatus = "Object Repository/RAD_Pages/FilingStatus_Page": null

2024-10-17 14:41:47 - [TEST_STEP][PASSED] - orPath_Amount = "Object Repository/RAD_Pages/PaymentAmount_Page": null

2024-10-17 14:41:47 - [TEST_STEP][PASSED] - orPath_TaxInfo = "Object Repository/RAD_Pages/TaxInfo_Page": null

2024-10-17 14:41:47 - [TEST_STEP][PASSED] - orPath_Withholding = "Object Repository/RAD_Pages/Withholding_Page": null

2024-10-17 14:41:47 - [TEST_STEP][PASSED] - orPath_Summary = "Object Repository/RAD_Pages/Summary_Page": null

2024-10-17 14:41:47 - [TEST_STEP][PASSED] - orPath_PaymentReady = "Object Repository/RAD_Pages/PaymentReady_Page": null

2024-10-17 14:41:47 - [TEST_STEP][PASSED] - orPath_PaymentEntry = "Object Repository/RAD_Pages/PaymentEntry_Page": null

2024-10-17 14:41:47 - [TEST_STEP][PASSED] - orPath_PaymentConfirmation = "Object Repository/RAD_Pages/PaymentConfirmation_Page": null

2024-10-17 14:41:47 - [TEST_STEP][PASSED] - orPath_ServiceFeesAccept = "Object Repository/RAD_Pages/ServiceFeeAccept_Page": null

2024-10-17 14:41:47 - [TEST_STEP][PASSED] - selectOptionByLabel(findTestObject(orPath_Landing + "/dd_TaxType"), Taxtype, false): All options with label 'Existing Liability with Notice/Invoice Number' are selected in object 'Object Repository/RAD_Pages/Landing_Page/dd_TaxType' 

2024-10-17 14:41:47 - [MESSAGE][PASSED] - All options with label 'Existing Liability with Notice/Invoice Number' are selected in object 'Object Repository/RAD_Pages/Landing_Page/dd_TaxType' 

2024-10-17 14:41:47 - [TEST_STEP][PASSED] - delay(1): Delayed 1 second(s)

2024-10-17 14:41:48 - [MESSAGE][PASSED] - Delayed 1 second(s)

2024-10-17 14:41:48 - [TEST_STEP][PASSED] - selectOptionByLabel(findTestObject(orPath_TaxTypeFilingYear + "/select_TaxType_ExistingLiability"), TaxTypeEL, false): All options with label 'Estate Tax' are selected in object 'Object Repository/RAD_Pages/TaxTypeFilingYear_Page/select_TaxType_ExistingLiability' 

2024-10-17 14:41:49 - [MESSAGE][PASSED] - All options with label 'Estate Tax' are selected in object 'Object Repository/RAD_Pages/TaxTypeFilingYear_Page/select_TaxType_ExistingLiability' 

2024-10-17 14:41:49 - [TEST_STEP][PASSED] - setText(findTestObject(orPath_TaxInfo + "/input_NoticeInvoiceNumber"), notInvNumber): Text '123456789' is set on object 'Object Repository/RAD_Pages/TaxInfo_Page/input_NoticeInvoiceNumber'

2024-10-17 14:41:50 - [MESSAGE][PASSED] - Text '123456789' is set on object 'Object Repository/RAD_Pages/TaxInfo_Page/input_NoticeInvoiceNumber'

2024-10-17 14:41:50 - [TEST_STEP][PASSED] - setText(findTestObject(orPath_TaxInfo + "/input_reTypeNoticeInvoiceNumber"), notInvNumber): Text '123456789' is set on object 'Object Repository/RAD_Pages/TaxInfo_Page/input_reTypeNoticeInvoiceNumber'

2024-10-17 14:41:51 - [MESSAGE][PASSED] - Text '123456789' is set on object 'Object Repository/RAD_Pages/TaxInfo_Page/input_reTypeNoticeInvoiceNumber'

2024-10-17 14:41:51 - [TEST_STEP][PASSED] - println(notInvNumber): null

2024-10-17 14:41:51 - [TEST_STEP][PASSED] - if (verifyTextPresent(errorMsg, true)): null

2024-10-17 14:41:51 - [MESSAGE][PASSED] - Text 'Notice Number or Invoice Number must be 10, 11, or 13 digits in length, with a value greater than zero' is present on page  using regular expression

2024-10-17 14:41:51 - [TEST_STEP][PASSED] - println("Error Message is present on the page"): null

2024-10-17 14:41:51 - [TEST_STEP][PASSED] - out.println("Pass Record Number: " + row): null

2024-10-17 14:41:51 - [TEST_STEP][PASSED] - resText = "Pass": null

2024-10-17 14:41:51 - [TEST_STEP][PASSED] - pages.WriteExcel.demoKey(resText, datText, resColumn, datCloumn, fileLoc, nameSheet, row): pages.WriteExcel.demoKey is PASSED

2024-10-17 14:41:51 - [MESSAGE][PASSED] - pages.WriteExcel.demoKey is PASSED

2024-10-17 14:41:52 - [TEST_STEP][PASSED] - ExecuteTC = findTestData(dataFile).getValue("Execute", row): null

2024-10-17 14:41:52 - [TEST_STEP][PASSED] - Taxtype = findTestData(dataFile).getValue("TaxType", row): null

2024-10-17 14:41:52 - [TEST_STEP][PASSED] - TaxTypeEL = findTestData(dataFile).getValue("TaxTypeEL", row): null

2024-10-17 14:41:52 - [TEST_STEP][PASSED] - notInvNumber = findTestData(dataFile).getValue("NotiInvoNumber", row): null

2024-10-17 14:41:52 - [TEST_STEP][PASSED] - errorMsg = findTestData(dataFile).getValue("ErrorMessage", row): null

2024-10-17 14:41:52 - [TEST_STEP][PASSED] - out.println("Value of Execute is : " + ExecuteTC): null

2024-10-17 14:41:52 - [TEST_STEP][PASSED] - if (ExecuteTC.equalsIgnoreCase("Y")): null

2024-10-17 14:41:52 - [TEST_STEP][PASSED] - out.println("Begin Record Number: " + row): null

2024-10-17 14:41:52 - [TEST_STEP][PASSED] - today = new java.util.Date(): null

2024-10-17 14:41:52 - [TEST_STEP][PASSED] - println(today): null

2024-10-17 14:41:52 - [TEST_STEP][PASSED] - datText = today: null

2024-10-17 14:41:52 - [TEST_STEP][PASSED] - Taxtype = findTestData(dataFile).getValue("TaxType", row): null

2024-10-17 14:41:52 - [TEST_STEP][PASSED] - out.println("Taxtype value is : " + Taxtype): null

2024-10-17 14:41:52 - [TEST_STEP][PASSED] - openBrowser(""): Browser is opened with url: ''

2024-10-17 14:41:52 - [MESSAGE][WARNING] - A browser is already opened. Closing browser and opening a new one

2024-10-17 14:41:54 - [MESSAGE][INFO] - Starting 'Chrome' driver

2024-10-17 14:41:54 - [MESSAGE][INFO] - User set preference: ['acceptInsecureCerts', 'true']

2024-10-17 14:41:54 - [MESSAGE][INFO] - Action delay is set to 0 milliseconds

2024-10-17 14:41:56 - [MESSAGE][PASSED] - Browser is opened with url: ''

2024-10-17 14:41:56 - [TEST_STEP][PASSED] - maximizeWindow(): Current window maximized

2024-10-17 14:41:56 - [MESSAGE][PASSED] - Current window maximized

2024-10-17 14:41:56 - [TEST_STEP][PASSED] - navigateToUrl(RADurl): Navigate to 'https://demo.velocitypayment.com/client/rad/index.html' successfully

2024-10-17 14:41:58 - [MESSAGE][PASSED] - Navigate to 'https://demo.velocitypayment.com/client/rad/index.html' successfully

2024-10-17 14:41:58 - [TEST_STEP][PASSED] - orPath_Landing = "Object Repository/RAD_Pages/Landing_Page": null

2024-10-17 14:41:58 - [TEST_STEP][PASSED] - orPath_TaxTypeFilingYear = "Object Repository/RAD_Pages/TaxTypeFilingYear_Page": null

2024-10-17 14:41:58 - [TEST_STEP][PASSED] - orPath_TaxPayer = "Object Repository/RAD_Pages/Taxpayer_Page": null

2024-10-17 14:41:58 - [TEST_STEP][PASSED] - orPath_AddressContact = "Object Repository/RAD_Pages/AddressAndContactInfo_Page": null

2024-10-17 14:41:58 - [TEST_STEP][PASSED] - orPath_FilingStatus = "Object Repository/RAD_Pages/FilingStatus_Page": null

2024-10-17 14:41:58 - [TEST_STEP][PASSED] - orPath_Amount = "Object Repository/RAD_Pages/PaymentAmount_Page": null

2024-10-17 14:41:58 - [TEST_STEP][PASSED] - orPath_TaxInfo = "Object Repository/RAD_Pages/TaxInfo_Page": null

2024-10-17 14:41:58 - [TEST_STEP][PASSED] - orPath_Withholding = "Object Repository/RAD_Pages/Withholding_Page": null

2024-10-17 14:41:58 - [TEST_STEP][PASSED] - orPath_Summary = "Object Repository/RAD_Pages/Summary_Page": null

2024-10-17 14:41:58 - [TEST_STEP][PASSED] - orPath_PaymentReady = "Object Repository/RAD_Pages/PaymentReady_Page": null

2024-10-17 14:41:58 - [TEST_STEP][PASSED] - orPath_PaymentEntry = "Object Repository/RAD_Pages/PaymentEntry_Page": null

2024-10-17 14:41:58 - [TEST_STEP][PASSED] - orPath_PaymentConfirmation = "Object Repository/RAD_Pages/PaymentConfirmation_Page": null

2024-10-17 14:41:58 - [TEST_STEP][PASSED] - orPath_ServiceFeesAccept = "Object Repository/RAD_Pages/ServiceFeeAccept_Page": null

2024-10-17 14:41:58 - [TEST_STEP][PASSED] - selectOptionByLabel(findTestObject(orPath_Landing + "/dd_TaxType"), Taxtype, false): All options with label 'Existing Liability with Notice/Invoice Number' are selected in object 'Object Repository/RAD_Pages/Landing_Page/dd_TaxType' 

2024-10-17 14:41:59 - [MESSAGE][PASSED] - All options with label 'Existing Liability with Notice/Invoice Number' are selected in object 'Object Repository/RAD_Pages/Landing_Page/dd_TaxType' 

2024-10-17 14:41:59 - [TEST_STEP][PASSED] - delay(1): Delayed 1 second(s)

2024-10-17 14:42:00 - [MESSAGE][PASSED] - Delayed 1 second(s)

2024-10-17 14:42:00 - [TEST_STEP][PASSED] - selectOptionByLabel(findTestObject(orPath_TaxTypeFilingYear + "/select_TaxType_ExistingLiability"), TaxTypeEL, false): All options with label 'Estate Tax' are selected in object 'Object Repository/RAD_Pages/TaxTypeFilingYear_Page/select_TaxType_ExistingLiability' 

2024-10-17 14:42:00 - [MESSAGE][PASSED] - All options with label 'Estate Tax' are selected in object 'Object Repository/RAD_Pages/TaxTypeFilingYear_Page/select_TaxType_ExistingLiability' 

2024-10-17 14:42:00 - [TEST_STEP][PASSED] - setText(findTestObject(orPath_TaxInfo + "/input_NoticeInvoiceNumber"), notInvNumber): Text '123456789012' is set on object 'Object Repository/RAD_Pages/TaxInfo_Page/input_NoticeInvoiceNumber'

2024-10-17 14:42:01 - [MESSAGE][PASSED] - Text '123456789012' is set on object 'Object Repository/RAD_Pages/TaxInfo_Page/input_NoticeInvoiceNumber'

2024-10-17 14:42:01 - [TEST_STEP][PASSED] - setText(findTestObject(orPath_TaxInfo + "/input_reTypeNoticeInvoiceNumber"), notInvNumber): Text '123456789012' is set on object 'Object Repository/RAD_Pages/TaxInfo_Page/input_reTypeNoticeInvoiceNumber'

2024-10-17 14:42:02 - [MESSAGE][PASSED] - Text '123456789012' is set on object 'Object Repository/RAD_Pages/TaxInfo_Page/input_reTypeNoticeInvoiceNumber'

2024-10-17 14:42:02 - [TEST_STEP][PASSED] - println(notInvNumber): null

2024-10-17 14:42:02 - [TEST_STEP][PASSED] - if (verifyTextPresent(errorMsg, true)): null

2024-10-17 14:42:03 - [MESSAGE][PASSED] - Text 'Notice Number or Invoice Number must be 10, 11, or 13 digits in length, with a value greater than zero' is present on page  using regular expression

2024-10-17 14:42:03 - [TEST_STEP][PASSED] - println("Error Message is present on the page"): null

2024-10-17 14:42:03 - [TEST_STEP][PASSED] - out.println("Pass Record Number: " + row): null

2024-10-17 14:42:03 - [TEST_STEP][PASSED] - resText = "Pass": null

2024-10-17 14:42:03 - [TEST_STEP][PASSED] - pages.WriteExcel.demoKey(resText, datText, resColumn, datCloumn, fileLoc, nameSheet, row): pages.WriteExcel.demoKey is PASSED

2024-10-17 14:42:03 - [MESSAGE][PASSED] - pages.WriteExcel.demoKey is PASSED

2024-10-17 14:42:03 - [TEST_STEP][PASSED] - ExecuteTC = findTestData(dataFile).getValue("Execute", row): null

2024-10-17 14:42:03 - [TEST_STEP][PASSED] - Taxtype = findTestData(dataFile).getValue("TaxType", row): null

2024-10-17 14:42:03 - [TEST_STEP][PASSED] - TaxTypeEL = findTestData(dataFile).getValue("TaxTypeEL", row): null

2024-10-17 14:42:03 - [TEST_STEP][PASSED] - notInvNumber = findTestData(dataFile).getValue("NotiInvoNumber", row): null

2024-10-17 14:42:03 - [TEST_STEP][PASSED] - errorMsg = findTestData(dataFile).getValue("ErrorMessage", row): null

2024-10-17 14:42:03 - [TEST_STEP][PASSED] - out.println("Value of Execute is : " + ExecuteTC): null

2024-10-17 14:42:03 - [TEST_STEP][PASSED] - if (ExecuteTC.equalsIgnoreCase("Y")): null

2024-10-17 14:42:03 - [TEST_STEP][PASSED] - out.println("Begin Record Number: " + row): null

2024-10-17 14:42:03 - [TEST_STEP][PASSED] - today = new java.util.Date(): null

2024-10-17 14:42:03 - [TEST_STEP][PASSED] - println(today): null

2024-10-17 14:42:03 - [TEST_STEP][PASSED] - datText = today: null

2024-10-17 14:42:03 - [TEST_STEP][PASSED] - Taxtype = findTestData(dataFile).getValue("TaxType", row): null

2024-10-17 14:42:03 - [TEST_STEP][PASSED] - out.println("Taxtype value is : " + Taxtype): null

2024-10-17 14:42:03 - [TEST_STEP][PASSED] - openBrowser(""): Browser is opened with url: ''

2024-10-17 14:42:03 - [MESSAGE][WARNING] - A browser is already opened. Closing browser and opening a new one

2024-10-17 14:42:05 - [MESSAGE][INFO] - Starting 'Chrome' driver

2024-10-17 14:42:05 - [MESSAGE][INFO] - User set preference: ['acceptInsecureCerts', 'true']

2024-10-17 14:42:05 - [MESSAGE][INFO] - Action delay is set to 0 milliseconds

2024-10-17 14:42:06 - [MESSAGE][PASSED] - Browser is opened with url: ''

2024-10-17 14:42:06 - [TEST_STEP][PASSED] - maximizeWindow(): Current window maximized

2024-10-17 14:42:07 - [MESSAGE][PASSED] - Current window maximized

2024-10-17 14:42:07 - [TEST_STEP][PASSED] - navigateToUrl(RADurl): Navigate to 'https://demo.velocitypayment.com/client/rad/index.html' successfully

2024-10-17 14:42:09 - [MESSAGE][PASSED] - Navigate to 'https://demo.velocitypayment.com/client/rad/index.html' successfully

2024-10-17 14:42:09 - [TEST_STEP][PASSED] - orPath_Landing = "Object Repository/RAD_Pages/Landing_Page": null

2024-10-17 14:42:09 - [TEST_STEP][PASSED] - orPath_TaxTypeFilingYear = "Object Repository/RAD_Pages/TaxTypeFilingYear_Page": null

2024-10-17 14:42:09 - [TEST_STEP][PASSED] - orPath_TaxPayer = "Object Repository/RAD_Pages/Taxpayer_Page": null

2024-10-17 14:42:09 - [TEST_STEP][PASSED] - orPath_AddressContact = "Object Repository/RAD_Pages/AddressAndContactInfo_Page": null

2024-10-17 14:42:09 - [TEST_STEP][PASSED] - orPath_FilingStatus = "Object Repository/RAD_Pages/FilingStatus_Page": null

2024-10-17 14:42:09 - [TEST_STEP][PASSED] - orPath_Amount = "Object Repository/RAD_Pages/PaymentAmount_Page": null

2024-10-17 14:42:09 - [TEST_STEP][PASSED] - orPath_TaxInfo = "Object Repository/RAD_Pages/TaxInfo_Page": null

2024-10-17 14:42:09 - [TEST_STEP][PASSED] - orPath_Withholding = "Object Repository/RAD_Pages/Withholding_Page": null

2024-10-17 14:42:09 - [TEST_STEP][PASSED] - orPath_Summary = "Object Repository/RAD_Pages/Summary_Page": null

2024-10-17 14:42:09 - [TEST_STEP][PASSED] - orPath_PaymentReady = "Object Repository/RAD_Pages/PaymentReady_Page": null

2024-10-17 14:42:09 - [TEST_STEP][PASSED] - orPath_PaymentEntry = "Object Repository/RAD_Pages/PaymentEntry_Page": null

2024-10-17 14:42:09 - [TEST_STEP][PASSED] - orPath_PaymentConfirmation = "Object Repository/RAD_Pages/PaymentConfirmation_Page": null

2024-10-17 14:42:09 - [TEST_STEP][PASSED] - orPath_ServiceFeesAccept = "Object Repository/RAD_Pages/ServiceFeeAccept_Page": null

2024-10-17 14:42:09 - [TEST_STEP][PASSED] - selectOptionByLabel(findTestObject(orPath_Landing + "/dd_TaxType"), Taxtype, false): All options with label 'Existing Liability with Notice/Invoice Number' are selected in object 'Object Repository/RAD_Pages/Landing_Page/dd_TaxType' 

2024-10-17 14:42:10 - [MESSAGE][PASSED] - All options with label 'Existing Liability with Notice/Invoice Number' are selected in object 'Object Repository/RAD_Pages/Landing_Page/dd_TaxType' 

2024-10-17 14:42:10 - [TEST_STEP][PASSED] - delay(1): Delayed 1 second(s)

2024-10-17 14:42:11 - [MESSAGE][PASSED] - Delayed 1 second(s)

2024-10-17 14:42:11 - [TEST_STEP][PASSED] - selectOptionByLabel(findTestObject(orPath_TaxTypeFilingYear + "/select_TaxType_ExistingLiability"), TaxTypeEL, false): All options with label 'Estate Tax' are selected in object 'Object Repository/RAD_Pages/TaxTypeFilingYear_Page/select_TaxType_ExistingLiability' 

2024-10-17 14:42:11 - [MESSAGE][PASSED] - All options with label 'Estate Tax' are selected in object 'Object Repository/RAD_Pages/TaxTypeFilingYear_Page/select_TaxType_ExistingLiability' 

2024-10-17 14:42:11 - [TEST_STEP][PASSED] - setText(findTestObject(orPath_TaxInfo + "/input_NoticeInvoiceNumber"), notInvNumber): Text '0000000000' is set on object 'Object Repository/RAD_Pages/TaxInfo_Page/input_NoticeInvoiceNumber'

2024-10-17 14:42:12 - [MESSAGE][PASSED] - Text '0000000000' is set on object 'Object Repository/RAD_Pages/TaxInfo_Page/input_NoticeInvoiceNumber'

2024-10-17 14:42:12 - [TEST_STEP][PASSED] - setText(findTestObject(orPath_TaxInfo + "/input_reTypeNoticeInvoiceNumber"), notInvNumber): Text '0000000000' is set on object 'Object Repository/RAD_Pages/TaxInfo_Page/input_reTypeNoticeInvoiceNumber'

2024-10-17 14:42:13 - [MESSAGE][PASSED] - Text '0000000000' is set on object 'Object Repository/RAD_Pages/TaxInfo_Page/input_reTypeNoticeInvoiceNumber'

2024-10-17 14:42:13 - [TEST_STEP][PASSED] - println(notInvNumber): null

2024-10-17 14:42:13 - [TEST_STEP][PASSED] - if (verifyTextPresent(errorMsg, true)): null

2024-10-17 14:42:14 - [MESSAGE][PASSED] - Text 'Notice Number or Invoice Number must be 10, 11, or 13 digits in length, with a value greater than zero' is present on page  using regular expression

2024-10-17 14:42:14 - [TEST_STEP][PASSED] - println("Error Message is present on the page"): null

2024-10-17 14:42:14 - [TEST_STEP][PASSED] - out.println("Pass Record Number: " + row): null

2024-10-17 14:42:14 - [TEST_STEP][PASSED] - resText = "Pass": null

2024-10-17 14:42:14 - [TEST_STEP][PASSED] - pages.WriteExcel.demoKey(resText, datText, resColumn, datCloumn, fileLoc, nameSheet, row): pages.WriteExcel.demoKey is PASSED

2024-10-17 14:42:14 - [MESSAGE][PASSED] - pages.WriteExcel.demoKey is PASSED

2024-10-17 14:42:14 - [TEST_STEP][PASSED] - ExecuteTC = findTestData(dataFile).getValue("Execute", row): null

2024-10-17 14:42:14 - [TEST_STEP][PASSED] - Taxtype = findTestData(dataFile).getValue("TaxType", row): null

2024-10-17 14:42:14 - [TEST_STEP][PASSED] - TaxTypeEL = findTestData(dataFile).getValue("TaxTypeEL", row): null

2024-10-17 14:42:14 - [TEST_STEP][PASSED] - notInvNumber = findTestData(dataFile).getValue("NotiInvoNumber", row): null

2024-10-17 14:42:14 - [TEST_STEP][PASSED] - errorMsg = findTestData(dataFile).getValue("ErrorMessage", row): null

2024-10-17 14:42:14 - [TEST_STEP][PASSED] - out.println("Value of Execute is : " + ExecuteTC): null

2024-10-17 14:42:14 - [TEST_STEP][PASSED] - if (ExecuteTC.equalsIgnoreCase("Y")): null

2024-10-17 14:42:14 - [TEST_STEP][PASSED] - out.println("Begin Record Number: " + row): null

2024-10-17 14:42:14 - [TEST_STEP][PASSED] - today = new java.util.Date(): null

2024-10-17 14:42:14 - [TEST_STEP][PASSED] - println(today): null

2024-10-17 14:42:14 - [TEST_STEP][PASSED] - datText = today: null

2024-10-17 14:42:14 - [TEST_STEP][PASSED] - Taxtype = findTestData(dataFile).getValue("TaxType", row): null

2024-10-17 14:42:14 - [TEST_STEP][PASSED] - out.println("Taxtype value is : " + Taxtype): null

2024-10-17 14:42:14 - [TEST_STEP][PASSED] - openBrowser(""): Browser is opened with url: ''

2024-10-17 14:42:14 - [MESSAGE][WARNING] - A browser is already opened. Closing browser and opening a new one

2024-10-17 14:42:16 - [MESSAGE][INFO] - Starting 'Chrome' driver

2024-10-17 14:42:16 - [MESSAGE][INFO] - User set preference: ['acceptInsecureCerts', 'true']

2024-10-17 14:42:16 - [MESSAGE][INFO] - Action delay is set to 0 milliseconds

2024-10-17 14:42:18 - [MESSAGE][PASSED] - Browser is opened with url: ''

2024-10-17 14:42:18 - [TEST_STEP][PASSED] - maximizeWindow(): Current window maximized

2024-10-17 14:42:18 - [MESSAGE][PASSED] - Current window maximized

2024-10-17 14:42:18 - [TEST_STEP][PASSED] - navigateToUrl(RADurl): Navigate to 'https://demo.velocitypayment.com/client/rad/index.html' successfully

2024-10-17 14:42:18 - [MESSAGE][PASSED] - Navigate to 'https://demo.velocitypayment.com/client/rad/index.html' successfully

2024-10-17 14:42:18 - [TEST_STEP][PASSED] - orPath_Landing = "Object Repository/RAD_Pages/Landing_Page": null

2024-10-17 14:42:18 - [TEST_STEP][PASSED] - orPath_TaxTypeFilingYear = "Object Repository/RAD_Pages/TaxTypeFilingYear_Page": null

2024-10-17 14:42:18 - [TEST_STEP][PASSED] - orPath_TaxPayer = "Object Repository/RAD_Pages/Taxpayer_Page": null

2024-10-17 14:42:18 - [TEST_STEP][PASSED] - orPath_AddressContact = "Object Repository/RAD_Pages/AddressAndContactInfo_Page": null

2024-10-17 14:42:18 - [TEST_STEP][PASSED] - orPath_FilingStatus = "Object Repository/RAD_Pages/FilingStatus_Page": null

2024-10-17 14:42:18 - [TEST_STEP][PASSED] - orPath_Amount = "Object Repository/RAD_Pages/PaymentAmount_Page": null

2024-10-17 14:42:18 - [TEST_STEP][PASSED] - orPath_TaxInfo = "Object Repository/RAD_Pages/TaxInfo_Page": null

2024-10-17 14:42:18 - [TEST_STEP][PASSED] - orPath_Withholding = "Object Repository/RAD_Pages/Withholding_Page": null

2024-10-17 14:42:18 - [TEST_STEP][PASSED] - orPath_Summary = "Object Repository/RAD_Pages/Summary_Page": null

2024-10-17 14:42:18 - [TEST_STEP][PASSED] - orPath_PaymentReady = "Object Repository/RAD_Pages/PaymentReady_Page": null

2024-10-17 14:42:18 - [TEST_STEP][PASSED] - orPath_PaymentEntry = "Object Repository/RAD_Pages/PaymentEntry_Page": null

2024-10-17 14:42:18 - [TEST_STEP][PASSED] - orPath_PaymentConfirmation = "Object Repository/RAD_Pages/PaymentConfirmation_Page": null

2024-10-17 14:42:18 - [TEST_STEP][PASSED] - orPath_ServiceFeesAccept = "Object Repository/RAD_Pages/ServiceFeeAccept_Page": null

2024-10-17 14:42:18 - [TEST_STEP][PASSED] - selectOptionByLabel(findTestObject(orPath_Landing + "/dd_TaxType"), Taxtype, false): All options with label 'Existing Liability with Notice/Invoice Number' are selected in object 'Object Repository/RAD_Pages/Landing_Page/dd_TaxType' 

2024-10-17 14:42:21 - [MESSAGE][PASSED] - All options with label 'Existing Liability with Notice/Invoice Number' are selected in object 'Object Repository/RAD_Pages/Landing_Page/dd_TaxType' 

2024-10-17 14:42:21 - [TEST_STEP][PASSED] - delay(1): Delayed 1 second(s)

2024-10-17 14:42:22 - [MESSAGE][PASSED] - Delayed 1 second(s)

2024-10-17 14:42:22 - [TEST_STEP][PASSED] - selectOptionByLabel(findTestObject(orPath_TaxTypeFilingYear + "/select_TaxType_ExistingLiability"), TaxTypeEL, false): All options with label 'Motor Fuel Tax' are selected in object 'Object Repository/RAD_Pages/TaxTypeFilingYear_Page/select_TaxType_ExistingLiability' 

2024-10-17 14:42:22 - [MESSAGE][PASSED] - All options with label 'Motor Fuel Tax' are selected in object 'Object Repository/RAD_Pages/TaxTypeFilingYear_Page/select_TaxType_ExistingLiability' 

2024-10-17 14:42:22 - [TEST_STEP][PASSED] - setText(findTestObject(orPath_TaxInfo + "/input_NoticeInvoiceNumber"), notInvNumber): Text '123456789' is set on object 'Object Repository/RAD_Pages/TaxInfo_Page/input_NoticeInvoiceNumber'

2024-10-17 14:42:23 - [MESSAGE][PASSED] - Text '123456789' is set on object 'Object Repository/RAD_Pages/TaxInfo_Page/input_NoticeInvoiceNumber'

2024-10-17 14:42:23 - [TEST_STEP][PASSED] - setText(findTestObject(orPath_TaxInfo + "/input_reTypeNoticeInvoiceNumber"), notInvNumber): Text '123456789' is set on object 'Object Repository/RAD_Pages/TaxInfo_Page/input_reTypeNoticeInvoiceNumber'

2024-10-17 14:42:24 - [MESSAGE][PASSED] - Text '123456789' is set on object 'Object Repository/RAD_Pages/TaxInfo_Page/input_reTypeNoticeInvoiceNumber'

2024-10-17 14:42:24 - [TEST_STEP][PASSED] - println(notInvNumber): null

2024-10-17 14:42:24 - [TEST_STEP][PASSED] - if (verifyTextPresent(errorMsg, true)): null

2024-10-17 14:42:24 - [MESSAGE][PASSED] - Text 'Notice Number or Invoice Number must be 10, 11, or 13 digits in length, with a value greater than zero' is present on page  using regular expression

2024-10-17 14:42:24 - [TEST_STEP][PASSED] - println("Error Message is present on the page"): null

2024-10-17 14:42:24 - [TEST_STEP][PASSED] - out.println("Pass Record Number: " + row): null

2024-10-17 14:42:24 - [TEST_STEP][PASSED] - resText = "Pass": null

2024-10-17 14:42:24 - [TEST_STEP][PASSED] - pages.WriteExcel.demoKey(resText, datText, resColumn, datCloumn, fileLoc, nameSheet, row): pages.WriteExcel.demoKey is PASSED

2024-10-17 14:42:25 - [MESSAGE][PASSED] - pages.WriteExcel.demoKey is PASSED

2024-10-17 14:42:25 - [TEST_STEP][PASSED] - ExecuteTC = findTestData(dataFile).getValue("Execute", row): null

2024-10-17 14:42:25 - [TEST_STEP][PASSED] - Taxtype = findTestData(dataFile).getValue("TaxType", row): null

2024-10-17 14:42:25 - [TEST_STEP][PASSED] - TaxTypeEL = findTestData(dataFile).getValue("TaxTypeEL", row): null

2024-10-17 14:42:25 - [TEST_STEP][PASSED] - notInvNumber = findTestData(dataFile).getValue("NotiInvoNumber", row): null

2024-10-17 14:42:25 - [TEST_STEP][PASSED] - errorMsg = findTestData(dataFile).getValue("ErrorMessage", row): null

2024-10-17 14:42:25 - [TEST_STEP][PASSED] - out.println("Value of Execute is : " + ExecuteTC): null

2024-10-17 14:42:25 - [TEST_STEP][PASSED] - if (ExecuteTC.equalsIgnoreCase("Y")): null

2024-10-17 14:42:25 - [TEST_STEP][PASSED] - out.println("Begin Record Number: " + row): null

2024-10-17 14:42:25 - [TEST_STEP][PASSED] - today = new java.util.Date(): null

2024-10-17 14:42:25 - [TEST_STEP][PASSED] - println(today): null

2024-10-17 14:42:25 - [TEST_STEP][PASSED] - datText = today: null

2024-10-17 14:42:25 - [TEST_STEP][PASSED] - Taxtype = findTestData(dataFile).getValue("TaxType", row): null

2024-10-17 14:42:25 - [TEST_STEP][PASSED] - out.println("Taxtype value is : " + Taxtype): null

2024-10-17 14:42:25 - [TEST_STEP][PASSED] - openBrowser(""): Browser is opened with url: ''

2024-10-17 14:42:25 - [MESSAGE][WARNING] - A browser is already opened. Closing browser and opening a new one

2024-10-17 14:42:26 - [MESSAGE][INFO] - Starting 'Chrome' driver

2024-10-17 14:42:26 - [MESSAGE][INFO] - User set preference: ['acceptInsecureCerts', 'true']

2024-10-17 14:42:26 - [MESSAGE][INFO] - Action delay is set to 0 milliseconds

2024-10-17 14:42:28 - [MESSAGE][PASSED] - Browser is opened with url: ''

2024-10-17 14:42:28 - [TEST_STEP][PASSED] - maximizeWindow(): Current window maximized

2024-10-17 14:42:28 - [MESSAGE][PASSED] - Current window maximized

2024-10-17 14:42:28 - [TEST_STEP][PASSED] - navigateToUrl(RADurl): Navigate to 'https://demo.velocitypayment.com/client/rad/index.html' successfully

2024-10-17 14:42:28 - [MESSAGE][PASSED] - Navigate to 'https://demo.velocitypayment.com/client/rad/index.html' successfully

2024-10-17 14:42:28 - [TEST_STEP][PASSED] - orPath_Landing = "Object Repository/RAD_Pages/Landing_Page": null

2024-10-17 14:42:28 - [TEST_STEP][PASSED] - orPath_TaxTypeFilingYear = "Object Repository/RAD_Pages/TaxTypeFilingYear_Page": null

2024-10-17 14:42:28 - [TEST_STEP][PASSED] - orPath_TaxPayer = "Object Repository/RAD_Pages/Taxpayer_Page": null

2024-10-17 14:42:28 - [TEST_STEP][PASSED] - orPath_AddressContact = "Object Repository/RAD_Pages/AddressAndContactInfo_Page": null

2024-10-17 14:42:28 - [TEST_STEP][PASSED] - orPath_FilingStatus = "Object Repository/RAD_Pages/FilingStatus_Page": null

2024-10-17 14:42:28 - [TEST_STEP][PASSED] - orPath_Amount = "Object Repository/RAD_Pages/PaymentAmount_Page": null

2024-10-17 14:42:28 - [TEST_STEP][PASSED] - orPath_TaxInfo = "Object Repository/RAD_Pages/TaxInfo_Page": null

2024-10-17 14:42:28 - [TEST_STEP][PASSED] - orPath_Withholding = "Object Repository/RAD_Pages/Withholding_Page": null

2024-10-17 14:42:28 - [TEST_STEP][PASSED] - orPath_Summary = "Object Repository/RAD_Pages/Summary_Page": null

2024-10-17 14:42:28 - [TEST_STEP][PASSED] - orPath_PaymentReady = "Object Repository/RAD_Pages/PaymentReady_Page": null

2024-10-17 14:42:28 - [TEST_STEP][PASSED] - orPath_PaymentEntry = "Object Repository/RAD_Pages/PaymentEntry_Page": null

2024-10-17 14:42:28 - [TEST_STEP][PASSED] - orPath_PaymentConfirmation = "Object Repository/RAD_Pages/PaymentConfirmation_Page": null

2024-10-17 14:42:28 - [TEST_STEP][PASSED] - orPath_ServiceFeesAccept = "Object Repository/RAD_Pages/ServiceFeeAccept_Page": null

2024-10-17 14:42:28 - [TEST_STEP][PASSED] - selectOptionByLabel(findTestObject(orPath_Landing + "/dd_TaxType"), Taxtype, false): All options with label 'Existing Liability with Notice/Invoice Number' are selected in object 'Object Repository/RAD_Pages/Landing_Page/dd_TaxType' 

2024-10-17 14:42:31 - [MESSAGE][PASSED] - All options with label 'Existing Liability with Notice/Invoice Number' are selected in object 'Object Repository/RAD_Pages/Landing_Page/dd_TaxType' 

2024-10-17 14:42:31 - [TEST_STEP][PASSED] - delay(1): Delayed 1 second(s)

2024-10-17 14:42:32 - [MESSAGE][PASSED] - Delayed 1 second(s)

2024-10-17 14:42:32 - [TEST_STEP][PASSED] - selectOptionByLabel(findTestObject(orPath_TaxTypeFilingYear + "/select_TaxType_ExistingLiability"), TaxTypeEL, false): All options with label 'Motor Fuel Tax' are selected in object 'Object Repository/RAD_Pages/TaxTypeFilingYear_Page/select_TaxType_ExistingLiability' 

2024-10-17 14:42:33 - [MESSAGE][PASSED] - All options with label 'Motor Fuel Tax' are selected in object 'Object Repository/RAD_Pages/TaxTypeFilingYear_Page/select_TaxType_ExistingLiability' 

2024-10-17 14:42:33 - [TEST_STEP][PASSED] - setText(findTestObject(orPath_TaxInfo + "/input_NoticeInvoiceNumber"), notInvNumber): Text '123456789012' is set on object 'Object Repository/RAD_Pages/TaxInfo_Page/input_NoticeInvoiceNumber'

2024-10-17 14:42:34 - [MESSAGE][PASSED] - Text '123456789012' is set on object 'Object Repository/RAD_Pages/TaxInfo_Page/input_NoticeInvoiceNumber'

2024-10-17 14:42:34 - [TEST_STEP][PASSED] - setText(findTestObject(orPath_TaxInfo + "/input_reTypeNoticeInvoiceNumber"), notInvNumber): Text '123456789012' is set on object 'Object Repository/RAD_Pages/TaxInfo_Page/input_reTypeNoticeInvoiceNumber'

2024-10-17 14:42:35 - [MESSAGE][PASSED] - Text '123456789012' is set on object 'Object Repository/RAD_Pages/TaxInfo_Page/input_reTypeNoticeInvoiceNumber'

2024-10-17 14:42:35 - [TEST_STEP][PASSED] - println(notInvNumber): null

2024-10-17 14:42:35 - [TEST_STEP][PASSED] - if (verifyTextPresent(errorMsg, true)): null

2024-10-17 14:42:35 - [MESSAGE][PASSED] - Text 'Notice Number or Invoice Number must be 10, 11, or 13 digits in length, with a value greater than zero' is present on page  using regular expression

2024-10-17 14:42:35 - [TEST_STEP][PASSED] - println("Error Message is present on the page"): null

2024-10-17 14:42:35 - [TEST_STEP][PASSED] - out.println("Pass Record Number: " + row): null

2024-10-17 14:42:35 - [TEST_STEP][PASSED] - resText = "Pass": null

2024-10-17 14:42:35 - [TEST_STEP][PASSED] - pages.WriteExcel.demoKey(resText, datText, resColumn, datCloumn, fileLoc, nameSheet, row): pages.WriteExcel.demoKey is PASSED

2024-10-17 14:42:35 - [MESSAGE][PASSED] - pages.WriteExcel.demoKey is PASSED

2024-10-17 14:42:35 - [TEST_STEP][PASSED] - ExecuteTC = findTestData(dataFile).getValue("Execute", row): null

2024-10-17 14:42:35 - [TEST_STEP][PASSED] - Taxtype = findTestData(dataFile).getValue("TaxType", row): null

2024-10-17 14:42:35 - [TEST_STEP][PASSED] - TaxTypeEL = findTestData(dataFile).getValue("TaxTypeEL", row): null

2024-10-17 14:42:35 - [TEST_STEP][PASSED] - notInvNumber = findTestData(dataFile).getValue("NotiInvoNumber", row): null

2024-10-17 14:42:35 - [TEST_STEP][PASSED] - errorMsg = findTestData(dataFile).getValue("ErrorMessage", row): null

2024-10-17 14:42:36 - [TEST_STEP][PASSED] - out.println("Value of Execute is : " + ExecuteTC): null

2024-10-17 14:42:36 - [TEST_STEP][PASSED] - if (ExecuteTC.equalsIgnoreCase("Y")): null

2024-10-17 14:42:36 - [TEST_STEP][PASSED] - out.println("Begin Record Number: " + row): null

2024-10-17 14:42:36 - [TEST_STEP][PASSED] - today = new java.util.Date(): null

2024-10-17 14:42:36 - [TEST_STEP][PASSED] - println(today): null

2024-10-17 14:42:36 - [TEST_STEP][PASSED] - datText = today: null

2024-10-17 14:42:36 - [TEST_STEP][PASSED] - Taxtype = findTestData(dataFile).getValue("TaxType", row): null

2024-10-17 14:42:36 - [TEST_STEP][PASSED] - out.println("Taxtype value is : " + Taxtype): null

2024-10-17 14:42:36 - [TEST_STEP][PASSED] - openBrowser(""): Browser is opened with url: ''

2024-10-17 14:42:36 - [MESSAGE][WARNING] - A browser is already opened. Closing browser and opening a new one

2024-10-17 14:42:37 - [MESSAGE][INFO] - Starting 'Chrome' driver

2024-10-17 14:42:37 - [MESSAGE][INFO] - User set preference: ['acceptInsecureCerts', 'true']

2024-10-17 14:42:37 - [MESSAGE][INFO] - Action delay is set to 0 milliseconds

2024-10-17 14:42:39 - [MESSAGE][PASSED] - Browser is opened with url: ''

2024-10-17 14:42:39 - [TEST_STEP][PASSED] - maximizeWindow(): Current window maximized

2024-10-17 14:42:39 - [MESSAGE][PASSED] - Current window maximized

2024-10-17 14:42:39 - [TEST_STEP][PASSED] - navigateToUrl(RADurl): Navigate to 'https://demo.velocitypayment.com/client/rad/index.html' successfully

2024-10-17 14:42:39 - [MESSAGE][PASSED] - Navigate to 'https://demo.velocitypayment.com/client/rad/index.html' successfully

2024-10-17 14:42:39 - [TEST_STEP][PASSED] - orPath_Landing = "Object Repository/RAD_Pages/Landing_Page": null

2024-10-17 14:42:39 - [TEST_STEP][PASSED] - orPath_TaxTypeFilingYear = "Object Repository/RAD_Pages/TaxTypeFilingYear_Page": null

2024-10-17 14:42:39 - [TEST_STEP][PASSED] - orPath_TaxPayer = "Object Repository/RAD_Pages/Taxpayer_Page": null

2024-10-17 14:42:39 - [TEST_STEP][PASSED] - orPath_AddressContact = "Object Repository/RAD_Pages/AddressAndContactInfo_Page": null

2024-10-17 14:42:39 - [TEST_STEP][PASSED] - orPath_FilingStatus = "Object Repository/RAD_Pages/FilingStatus_Page": null

2024-10-17 14:42:39 - [TEST_STEP][PASSED] - orPath_Amount = "Object Repository/RAD_Pages/PaymentAmount_Page": null

2024-10-17 14:42:39 - [TEST_STEP][PASSED] - orPath_TaxInfo = "Object Repository/RAD_Pages/TaxInfo_Page": null

2024-10-17 14:42:39 - [TEST_STEP][PASSED] - orPath_Withholding = "Object Repository/RAD_Pages/Withholding_Page": null

2024-10-17 14:42:39 - [TEST_STEP][PASSED] - orPath_Summary = "Object Repository/RAD_Pages/Summary_Page": null

2024-10-17 14:42:39 - [TEST_STEP][PASSED] - orPath_PaymentReady = "Object Repository/RAD_Pages/PaymentReady_Page": null

2024-10-17 14:42:39 - [TEST_STEP][PASSED] - orPath_PaymentEntry = "Object Repository/RAD_Pages/PaymentEntry_Page": null

2024-10-17 14:42:39 - [TEST_STEP][PASSED] - orPath_PaymentConfirmation = "Object Repository/RAD_Pages/PaymentConfirmation_Page": null

2024-10-17 14:42:39 - [TEST_STEP][PASSED] - orPath_ServiceFeesAccept = "Object Repository/RAD_Pages/ServiceFeeAccept_Page": null

2024-10-17 14:42:39 - [TEST_STEP][PASSED] - selectOptionByLabel(findTestObject(orPath_Landing + "/dd_TaxType"), Taxtype, false): All options with label 'Existing Liability with Notice/Invoice Number' are selected in object 'Object Repository/RAD_Pages/Landing_Page/dd_TaxType' 

2024-10-17 14:42:42 - [MESSAGE][PASSED] - All options with label 'Existing Liability with Notice/Invoice Number' are selected in object 'Object Repository/RAD_Pages/Landing_Page/dd_TaxType' 

2024-10-17 14:42:42 - [TEST_STEP][PASSED] - delay(1): Delayed 1 second(s)

2024-10-17 14:42:43 - [MESSAGE][PASSED] - Delayed 1 second(s)

2024-10-17 14:42:43 - [TEST_STEP][PASSED] - selectOptionByLabel(findTestObject(orPath_TaxTypeFilingYear + "/select_TaxType_ExistingLiability"), TaxTypeEL, false): All options with label 'Motor Fuel Tax' are selected in object 'Object Repository/RAD_Pages/TaxTypeFilingYear_Page/select_TaxType_ExistingLiability' 

2024-10-17 14:42:43 - [MESSAGE][PASSED] - All options with label 'Motor Fuel Tax' are selected in object 'Object Repository/RAD_Pages/TaxTypeFilingYear_Page/select_TaxType_ExistingLiability' 

2024-10-17 14:42:43 - [TEST_STEP][PASSED] - setText(findTestObject(orPath_TaxInfo + "/input_NoticeInvoiceNumber"), notInvNumber): Text '0000000000' is set on object 'Object Repository/RAD_Pages/TaxInfo_Page/input_NoticeInvoiceNumber'

2024-10-17 14:42:44 - [MESSAGE][PASSED] - Text '0000000000' is set on object 'Object Repository/RAD_Pages/TaxInfo_Page/input_NoticeInvoiceNumber'

2024-10-17 14:42:44 - [TEST_STEP][PASSED] - setText(findTestObject(orPath_TaxInfo + "/input_reTypeNoticeInvoiceNumber"), notInvNumber): Text '0000000000' is set on object 'Object Repository/RAD_Pages/TaxInfo_Page/input_reTypeNoticeInvoiceNumber'

2024-10-17 14:42:45 - [MESSAGE][PASSED] - Text '0000000000' is set on object 'Object Repository/RAD_Pages/TaxInfo_Page/input_reTypeNoticeInvoiceNumber'

2024-10-17 14:42:45 - [TEST_STEP][PASSED] - println(notInvNumber): null

2024-10-17 14:42:45 - [TEST_STEP][PASSED] - if (verifyTextPresent(errorMsg, true)): null

2024-10-17 14:42:46 - [MESSAGE][PASSED] - Text 'Notice Number or Invoice Number must be 10, 11, or 13 digits in length, with a value greater than zero' is present on page  using regular expression

2024-10-17 14:42:46 - [TEST_STEP][PASSED] - println("Error Message is present on the page"): null

2024-10-17 14:42:46 - [TEST_STEP][PASSED] - out.println("Pass Record Number: " + row): null

2024-10-17 14:42:46 - [TEST_STEP][PASSED] - resText = "Pass": null

2024-10-17 14:42:46 - [TEST_STEP][PASSED] - pages.WriteExcel.demoKey(resText, datText, resColumn, datCloumn, fileLoc, nameSheet, row): pages.WriteExcel.demoKey is PASSED

2024-10-17 14:42:46 - [MESSAGE][PASSED] - pages.WriteExcel.demoKey is PASSED

2024-10-17 14:42:46 - [TEST_STEP][PASSED] - ExecuteTC = findTestData(dataFile).getValue("Execute", row): null

2024-10-17 14:42:46 - [TEST_STEP][PASSED] - Taxtype = findTestData(dataFile).getValue("TaxType", row): null

2024-10-17 14:42:46 - [TEST_STEP][PASSED] - TaxTypeEL = findTestData(dataFile).getValue("TaxTypeEL", row): null

2024-10-17 14:42:46 - [TEST_STEP][PASSED] - notInvNumber = findTestData(dataFile).getValue("NotiInvoNumber", row): null

2024-10-17 14:42:46 - [TEST_STEP][PASSED] - errorMsg = findTestData(dataFile).getValue("ErrorMessage", row): null

2024-10-17 14:42:46 - [TEST_STEP][PASSED] - out.println("Value of Execute is : " + ExecuteTC): null

2024-10-17 14:42:46 - [TEST_STEP][PASSED] - if (ExecuteTC.equalsIgnoreCase("Y")): null

2024-10-17 14:42:46 - [TEST_STEP][PASSED] - out.println("Begin Record Number: " + row): null

2024-10-17 14:42:46 - [TEST_STEP][PASSED] - today = new java.util.Date(): null

2024-10-17 14:42:46 - [TEST_STEP][PASSED] - println(today): null

2024-10-17 14:42:46 - [TEST_STEP][PASSED] - datText = today: null

2024-10-17 14:42:46 - [TEST_STEP][PASSED] - Taxtype = findTestData(dataFile).getValue("TaxType", row): null

2024-10-17 14:42:46 - [TEST_STEP][PASSED] - out.println("Taxtype value is : " + Taxtype): null

2024-10-17 14:42:46 - [TEST_STEP][PASSED] - openBrowser(""): Browser is opened with url: ''

2024-10-17 14:42:46 - [MESSAGE][WARNING] - A browser is already opened. Closing browser and opening a new one

2024-10-17 14:42:48 - [MESSAGE][INFO] - Starting 'Chrome' driver

2024-10-17 14:42:48 - [MESSAGE][INFO] - User set preference: ['acceptInsecureCerts', 'true']

2024-10-17 14:42:48 - [MESSAGE][INFO] - Action delay is set to 0 milliseconds

2024-10-17 14:42:50 - [MESSAGE][PASSED] - Browser is opened with url: ''

2024-10-17 14:42:50 - [TEST_STEP][PASSED] - maximizeWindow(): Current window maximized

2024-10-17 14:42:50 - [MESSAGE][PASSED] - Current window maximized

2024-10-17 14:42:50 - [TEST_STEP][PASSED] - navigateToUrl(RADurl): Navigate to 'https://demo.velocitypayment.com/client/rad/index.html' successfully

2024-10-17 14:42:50 - [MESSAGE][PASSED] - Navigate to 'https://demo.velocitypayment.com/client/rad/index.html' successfully

2024-10-17 14:42:50 - [TEST_STEP][PASSED] - orPath_Landing = "Object Repository/RAD_Pages/Landing_Page": null

2024-10-17 14:42:50 - [TEST_STEP][PASSED] - orPath_TaxTypeFilingYear = "Object Repository/RAD_Pages/TaxTypeFilingYear_Page": null

2024-10-17 14:42:50 - [TEST_STEP][PASSED] - orPath_TaxPayer = "Object Repository/RAD_Pages/Taxpayer_Page": null

2024-10-17 14:42:50 - [TEST_STEP][PASSED] - orPath_AddressContact = "Object Repository/RAD_Pages/AddressAndContactInfo_Page": null

2024-10-17 14:42:50 - [TEST_STEP][PASSED] - orPath_FilingStatus = "Object Repository/RAD_Pages/FilingStatus_Page": null

2024-10-17 14:42:50 - [TEST_STEP][PASSED] - orPath_Amount = "Object Repository/RAD_Pages/PaymentAmount_Page": null

2024-10-17 14:42:50 - [TEST_STEP][PASSED] - orPath_TaxInfo = "Object Repository/RAD_Pages/TaxInfo_Page": null

2024-10-17 14:42:50 - [TEST_STEP][PASSED] - orPath_Withholding = "Object Repository/RAD_Pages/Withholding_Page": null

2024-10-17 14:42:50 - [TEST_STEP][PASSED] - orPath_Summary = "Object Repository/RAD_Pages/Summary_Page": null

2024-10-17 14:42:50 - [TEST_STEP][PASSED] - orPath_PaymentReady = "Object Repository/RAD_Pages/PaymentReady_Page": null

2024-10-17 14:42:50 - [TEST_STEP][PASSED] - orPath_PaymentEntry = "Object Repository/RAD_Pages/PaymentEntry_Page": null

2024-10-17 14:42:50 - [TEST_STEP][PASSED] - orPath_PaymentConfirmation = "Object Repository/RAD_Pages/PaymentConfirmation_Page": null

2024-10-17 14:42:50 - [TEST_STEP][PASSED] - orPath_ServiceFeesAccept = "Object Repository/RAD_Pages/ServiceFeeAccept_Page": null

2024-10-17 14:42:50 - [TEST_STEP][PASSED] - selectOptionByLabel(findTestObject(orPath_Landing + "/dd_TaxType"), Taxtype, false): All options with label 'Existing Liability with Notice/Invoice Number' are selected in object 'Object Repository/RAD_Pages/Landing_Page/dd_TaxType' 

2024-10-17 14:42:53 - [MESSAGE][PASSED] - All options with label 'Existing Liability with Notice/Invoice Number' are selected in object 'Object Repository/RAD_Pages/Landing_Page/dd_TaxType' 

2024-10-17 14:42:53 - [TEST_STEP][PASSED] - delay(1): Delayed 1 second(s)

2024-10-17 14:42:54 - [MESSAGE][PASSED] - Delayed 1 second(s)

2024-10-17 14:42:54 - [TEST_STEP][PASSED] - selectOptionByLabel(findTestObject(orPath_TaxTypeFilingYear + "/select_TaxType_ExistingLiability"), TaxTypeEL, false): All options with label 'Slots License Fee' are selected in object 'Object Repository/RAD_Pages/TaxTypeFilingYear_Page/select_TaxType_ExistingLiability' 

2024-10-17 14:42:54 - [MESSAGE][PASSED] - All options with label 'Slots License Fee' are selected in object 'Object Repository/RAD_Pages/TaxTypeFilingYear_Page/select_TaxType_ExistingLiability' 

2024-10-17 14:42:54 - [TEST_STEP][PASSED] - setText(findTestObject(orPath_TaxInfo + "/input_NoticeInvoiceNumber"), notInvNumber): Text '123456789' is set on object 'Object Repository/RAD_Pages/TaxInfo_Page/input_NoticeInvoiceNumber'

2024-10-17 14:42:55 - [MESSAGE][PASSED] - Text '123456789' is set on object 'Object Repository/RAD_Pages/TaxInfo_Page/input_NoticeInvoiceNumber'

2024-10-17 14:42:55 - [TEST_STEP][PASSED] - setText(findTestObject(orPath_TaxInfo + "/input_reTypeNoticeInvoiceNumber"), notInvNumber): Text '123456789' is set on object 'Object Repository/RAD_Pages/TaxInfo_Page/input_reTypeNoticeInvoiceNumber'

2024-10-17 14:42:56 - [MESSAGE][PASSED] - Text '123456789' is set on object 'Object Repository/RAD_Pages/TaxInfo_Page/input_reTypeNoticeInvoiceNumber'

2024-10-17 14:42:56 - [TEST_STEP][PASSED] - println(notInvNumber): null

2024-10-17 14:42:56 - [TEST_STEP][PASSED] - if (verifyTextPresent(errorMsg, true)): null

2024-10-17 14:42:57 - [MESSAGE][PASSED] - Text 'Notice Number or Invoice Number must be 10, 11, or 13 digits in length, with a value greater than zero' is present on page  using regular expression

2024-10-17 14:42:57 - [TEST_STEP][PASSED] - println("Error Message is present on the page"): null

2024-10-17 14:42:57 - [TEST_STEP][PASSED] - out.println("Pass Record Number: " + row): null

2024-10-17 14:42:57 - [TEST_STEP][PASSED] - resText = "Pass": null

2024-10-17 14:42:57 - [TEST_STEP][PASSED] - pages.WriteExcel.demoKey(resText, datText, resColumn, datCloumn, fileLoc, nameSheet, row): pages.WriteExcel.demoKey is PASSED

2024-10-17 14:42:57 - [MESSAGE][PASSED] - pages.WriteExcel.demoKey is PASSED

2024-10-17 14:42:57 - [TEST_STEP][PASSED] - ExecuteTC = findTestData(dataFile).getValue("Execute", row): null

2024-10-17 14:42:57 - [TEST_STEP][PASSED] - Taxtype = findTestData(dataFile).getValue("TaxType", row): null

2024-10-17 14:42:57 - [TEST_STEP][PASSED] - TaxTypeEL = findTestData(dataFile).getValue("TaxTypeEL", row): null

2024-10-17 14:42:57 - [TEST_STEP][PASSED] - notInvNumber = findTestData(dataFile).getValue("NotiInvoNumber", row): null

2024-10-17 14:42:57 - [TEST_STEP][PASSED] - errorMsg = findTestData(dataFile).getValue("ErrorMessage", row): null

2024-10-17 14:42:57 - [TEST_STEP][PASSED] - out.println("Value of Execute is : " + ExecuteTC): null

2024-10-17 14:42:57 - [TEST_STEP][PASSED] - if (ExecuteTC.equalsIgnoreCase("Y")): null

2024-10-17 14:42:57 - [TEST_STEP][PASSED] - out.println("Begin Record Number: " + row): null

2024-10-17 14:42:57 - [TEST_STEP][PASSED] - today = new java.util.Date(): null

2024-10-17 14:42:57 - [TEST_STEP][PASSED] - println(today): null

2024-10-17 14:42:57 - [TEST_STEP][PASSED] - datText = today: null

2024-10-17 14:42:57 - [TEST_STEP][PASSED] - Taxtype = findTestData(dataFile).getValue("TaxType", row): null

2024-10-17 14:42:57 - [TEST_STEP][PASSED] - out.println("Taxtype value is : " + Taxtype): null

2024-10-17 14:42:57 - [TEST_STEP][PASSED] - openBrowser(""): Browser is opened with url: ''

2024-10-17 14:42:57 - [MESSAGE][WARNING] - A browser is already opened. Closing browser and opening a new one

2024-10-17 14:42:59 - [MESSAGE][INFO] - Starting 'Chrome' driver

2024-10-17 14:42:59 - [MESSAGE][INFO] - User set preference: ['acceptInsecureCerts', 'true']

2024-10-17 14:42:59 - [MESSAGE][INFO] - Action delay is set to 0 milliseconds

2024-10-17 14:43:01 - [MESSAGE][PASSED] - Browser is opened with url: ''

2024-10-17 14:43:01 - [TEST_STEP][PASSED] - maximizeWindow(): Current window maximized

2024-10-17 14:43:01 - [MESSAGE][PASSED] - Current window maximized

2024-10-17 14:43:01 - [TEST_STEP][PASSED] - navigateToUrl(RADurl): Navigate to 'https://demo.velocitypayment.com/client/rad/index.html' successfully

2024-10-17 14:43:03 - [MESSAGE][PASSED] - Navigate to 'https://demo.velocitypayment.com/client/rad/index.html' successfully

2024-10-17 14:43:03 - [TEST_STEP][PASSED] - orPath_Landing = "Object Repository/RAD_Pages/Landing_Page": null

2024-10-17 14:43:03 - [TEST_STEP][PASSED] - orPath_TaxTypeFilingYear = "Object Repository/RAD_Pages/TaxTypeFilingYear_Page": null

2024-10-17 14:43:03 - [TEST_STEP][PASSED] - orPath_TaxPayer = "Object Repository/RAD_Pages/Taxpayer_Page": null

2024-10-17 14:43:03 - [TEST_STEP][PASSED] - orPath_AddressContact = "Object Repository/RAD_Pages/AddressAndContactInfo_Page": null

2024-10-17 14:43:03 - [TEST_STEP][PASSED] - orPath_FilingStatus = "Object Repository/RAD_Pages/FilingStatus_Page": null

2024-10-17 14:43:03 - [TEST_STEP][PASSED] - orPath_Amount = "Object Repository/RAD_Pages/PaymentAmount_Page": null

2024-10-17 14:43:03 - [TEST_STEP][PASSED] - orPath_TaxInfo = "Object Repository/RAD_Pages/TaxInfo_Page": null

2024-10-17 14:43:03 - [TEST_STEP][PASSED] - orPath_Withholding = "Object Repository/RAD_Pages/Withholding_Page": null

2024-10-17 14:43:03 - [TEST_STEP][PASSED] - orPath_Summary = "Object Repository/RAD_Pages/Summary_Page": null

2024-10-17 14:43:03 - [TEST_STEP][PASSED] - orPath_PaymentReady = "Object Repository/RAD_Pages/PaymentReady_Page": null

2024-10-17 14:43:03 - [TEST_STEP][PASSED] - orPath_PaymentEntry = "Object Repository/RAD_Pages/PaymentEntry_Page": null

2024-10-17 14:43:03 - [TEST_STEP][PASSED] - orPath_PaymentConfirmation = "Object Repository/RAD_Pages/PaymentConfirmation_Page": null

2024-10-17 14:43:03 - [TEST_STEP][PASSED] - orPath_ServiceFeesAccept = "Object Repository/RAD_Pages/ServiceFeeAccept_Page": null

2024-10-17 14:43:03 - [TEST_STEP][PASSED] - selectOptionByLabel(findTestObject(orPath_Landing + "/dd_TaxType"), Taxtype, false): All options with label 'Existing Liability with Notice/Invoice Number' are selected in object 'Object Repository/RAD_Pages/Landing_Page/dd_TaxType' 

2024-10-17 14:43:04 - [MESSAGE][PASSED] - All options with label 'Existing Liability with Notice/Invoice Number' are selected in object 'Object Repository/RAD_Pages/Landing_Page/dd_TaxType' 

2024-10-17 14:43:04 - [TEST_STEP][PASSED] - delay(1): Delayed 1 second(s)

2024-10-17 14:43:05 - [MESSAGE][PASSED] - Delayed 1 second(s)

2024-10-17 14:43:05 - [TEST_STEP][PASSED] - selectOptionByLabel(findTestObject(orPath_TaxTypeFilingYear + "/select_TaxType_ExistingLiability"), TaxTypeEL, false): All options with label 'Slots License Fee' are selected in object 'Object Repository/RAD_Pages/TaxTypeFilingYear_Page/select_TaxType_ExistingLiability' 

2024-10-17 14:43:05 - [MESSAGE][PASSED] - All options with label 'Slots License Fee' are selected in object 'Object Repository/RAD_Pages/TaxTypeFilingYear_Page/select_TaxType_ExistingLiability' 

2024-10-17 14:43:05 - [TEST_STEP][PASSED] - setText(findTestObject(orPath_TaxInfo + "/input_NoticeInvoiceNumber"), notInvNumber): Text '123456789012' is set on object 'Object Repository/RAD_Pages/TaxInfo_Page/input_NoticeInvoiceNumber'

2024-10-17 14:43:06 - [MESSAGE][PASSED] - Text '123456789012' is set on object 'Object Repository/RAD_Pages/TaxInfo_Page/input_NoticeInvoiceNumber'

2024-10-17 14:43:06 - [TEST_STEP][PASSED] - setText(findTestObject(orPath_TaxInfo + "/input_reTypeNoticeInvoiceNumber"), notInvNumber): Text '123456789012' is set on object 'Object Repository/RAD_Pages/TaxInfo_Page/input_reTypeNoticeInvoiceNumber'

2024-10-17 14:43:07 - [MESSAGE][PASSED] - Text '123456789012' is set on object 'Object Repository/RAD_Pages/TaxInfo_Page/input_reTypeNoticeInvoiceNumber'

2024-10-17 14:43:07 - [TEST_STEP][PASSED] - println(notInvNumber): null

2024-10-17 14:43:07 - [TEST_STEP][PASSED] - if (verifyTextPresent(errorMsg, true)): null

2024-10-17 14:43:08 - [MESSAGE][PASSED] - Text 'Notice Number or Invoice Number must be 10, 11, or 13 digits in length, with a value greater than zero' is present on page  using regular expression

2024-10-17 14:43:08 - [TEST_STEP][PASSED] - println("Error Message is present on the page"): null

2024-10-17 14:43:08 - [TEST_STEP][PASSED] - out.println("Pass Record Number: " + row): null

2024-10-17 14:43:08 - [TEST_STEP][PASSED] - resText = "Pass": null

2024-10-17 14:43:08 - [TEST_STEP][PASSED] - pages.WriteExcel.demoKey(resText, datText, resColumn, datCloumn, fileLoc, nameSheet, row): pages.WriteExcel.demoKey is PASSED

2024-10-17 14:43:08 - [MESSAGE][PASSED] - pages.WriteExcel.demoKey is PASSED

2024-10-17 14:43:08 - [TEST_STEP][PASSED] - ExecuteTC = findTestData(dataFile).getValue("Execute", row): null

2024-10-17 14:43:08 - [TEST_STEP][PASSED] - Taxtype = findTestData(dataFile).getValue("TaxType", row): null

2024-10-17 14:43:08 - [TEST_STEP][PASSED] - TaxTypeEL = findTestData(dataFile).getValue("TaxTypeEL", row): null

2024-10-17 14:43:08 - [TEST_STEP][PASSED] - notInvNumber = findTestData(dataFile).getValue("NotiInvoNumber", row): null

2024-10-17 14:43:08 - [TEST_STEP][PASSED] - errorMsg = findTestData(dataFile).getValue("ErrorMessage", row): null

2024-10-17 14:43:08 - [TEST_STEP][PASSED] - out.println("Value of Execute is : " + ExecuteTC): null

2024-10-17 14:43:08 - [TEST_STEP][PASSED] - if (ExecuteTC.equalsIgnoreCase("Y")): null

2024-10-17 14:43:08 - [TEST_STEP][PASSED] - out.println("Begin Record Number: " + row): null

2024-10-17 14:43:08 - [TEST_STEP][PASSED] - today = new java.util.Date(): null

2024-10-17 14:43:08 - [TEST_STEP][PASSED] - println(today): null

2024-10-17 14:43:08 - [TEST_STEP][PASSED] - datText = today: null

2024-10-17 14:43:08 - [TEST_STEP][PASSED] - Taxtype = findTestData(dataFile).getValue("TaxType", row): null

2024-10-17 14:43:08 - [TEST_STEP][PASSED] - out.println("Taxtype value is : " + Taxtype): null

2024-10-17 14:43:08 - [TEST_STEP][PASSED] - openBrowser(""): Browser is opened with url: ''

2024-10-17 14:43:08 - [MESSAGE][WARNING] - A browser is already opened. Closing browser and opening a new one

2024-10-17 14:43:10 - [MESSAGE][INFO] - Starting 'Chrome' driver

2024-10-17 14:43:10 - [MESSAGE][INFO] - User set preference: ['acceptInsecureCerts', 'true']

2024-10-17 14:43:10 - [MESSAGE][INFO] - Action delay is set to 0 milliseconds

2024-10-17 14:43:11 - [MESSAGE][PASSED] - Browser is opened with url: ''

2024-10-17 14:43:11 - [TEST_STEP][PASSED] - maximizeWindow(): Current window maximized

2024-10-17 14:43:11 - [MESSAGE][PASSED] - Current window maximized

2024-10-17 14:43:11 - [TEST_STEP][PASSED] - navigateToUrl(RADurl): Navigate to 'https://demo.velocitypayment.com/client/rad/index.html' successfully

2024-10-17 14:43:14 - [MESSAGE][PASSED] - Navigate to 'https://demo.velocitypayment.com/client/rad/index.html' successfully

2024-10-17 14:43:14 - [TEST_STEP][PASSED] - orPath_Landing = "Object Repository/RAD_Pages/Landing_Page": null

2024-10-17 14:43:14 - [TEST_STEP][PASSED] - orPath_TaxTypeFilingYear = "Object Repository/RAD_Pages/TaxTypeFilingYear_Page": null

2024-10-17 14:43:14 - [TEST_STEP][PASSED] - orPath_TaxPayer = "Object Repository/RAD_Pages/Taxpayer_Page": null

2024-10-17 14:43:14 - [TEST_STEP][PASSED] - orPath_AddressContact = "Object Repository/RAD_Pages/AddressAndContactInfo_Page": null

2024-10-17 14:43:14 - [TEST_STEP][PASSED] - orPath_FilingStatus = "Object Repository/RAD_Pages/FilingStatus_Page": null

2024-10-17 14:43:14 - [TEST_STEP][PASSED] - orPath_Amount = "Object Repository/RAD_Pages/PaymentAmount_Page": null

2024-10-17 14:43:14 - [TEST_STEP][PASSED] - orPath_TaxInfo = "Object Repository/RAD_Pages/TaxInfo_Page": null

2024-10-17 14:43:14 - [TEST_STEP][PASSED] - orPath_Withholding = "Object Repository/RAD_Pages/Withholding_Page": null

2024-10-17 14:43:14 - [TEST_STEP][PASSED] - orPath_Summary = "Object Repository/RAD_Pages/Summary_Page": null

2024-10-17 14:43:14 - [TEST_STEP][PASSED] - orPath_PaymentReady = "Object Repository/RAD_Pages/PaymentReady_Page": null

2024-10-17 14:43:14 - [TEST_STEP][PASSED] - orPath_PaymentEntry = "Object Repository/RAD_Pages/PaymentEntry_Page": null

2024-10-17 14:43:14 - [TEST_STEP][PASSED] - orPath_PaymentConfirmation = "Object Repository/RAD_Pages/PaymentConfirmation_Page": null

2024-10-17 14:43:14 - [TEST_STEP][PASSED] - orPath_ServiceFeesAccept = "Object Repository/RAD_Pages/ServiceFeeAccept_Page": null

2024-10-17 14:43:14 - [TEST_STEP][PASSED] - selectOptionByLabel(findTestObject(orPath_Landing + "/dd_TaxType"), Taxtype, false): All options with label 'Existing Liability with Notice/Invoice Number' are selected in object 'Object Repository/RAD_Pages/Landing_Page/dd_TaxType' 

2024-10-17 14:43:15 - [MESSAGE][PASSED] - All options with label 'Existing Liability with Notice/Invoice Number' are selected in object 'Object Repository/RAD_Pages/Landing_Page/dd_TaxType' 

2024-10-17 14:43:15 - [TEST_STEP][PASSED] - delay(1): Delayed 1 second(s)

2024-10-17 14:43:16 - [MESSAGE][PASSED] - Delayed 1 second(s)

2024-10-17 14:43:16 - [TEST_STEP][PASSED] - selectOptionByLabel(findTestObject(orPath_TaxTypeFilingYear + "/select_TaxType_ExistingLiability"), TaxTypeEL, false): All options with label 'Slots License Fee' are selected in object 'Object Repository/RAD_Pages/TaxTypeFilingYear_Page/select_TaxType_ExistingLiability' 

2024-10-17 14:43:16 - [MESSAGE][PASSED] - All options with label 'Slots License Fee' are selected in object 'Object Repository/RAD_Pages/TaxTypeFilingYear_Page/select_TaxType_ExistingLiability' 

2024-10-17 14:43:16 - [TEST_STEP][PASSED] - setText(findTestObject(orPath_TaxInfo + "/input_NoticeInvoiceNumber"), notInvNumber): Text '0000000000' is set on object 'Object Repository/RAD_Pages/TaxInfo_Page/input_NoticeInvoiceNumber'

2024-10-17 14:43:17 - [MESSAGE][PASSED] - Text '0000000000' is set on object 'Object Repository/RAD_Pages/TaxInfo_Page/input_NoticeInvoiceNumber'

2024-10-17 14:43:17 - [TEST_STEP][PASSED] - setText(findTestObject(orPath_TaxInfo + "/input_reTypeNoticeInvoiceNumber"), notInvNumber): Text '0000000000' is set on object 'Object Repository/RAD_Pages/TaxInfo_Page/input_reTypeNoticeInvoiceNumber'

2024-10-17 14:43:18 - [MESSAGE][PASSED] - Text '0000000000' is set on object 'Object Repository/RAD_Pages/TaxInfo_Page/input_reTypeNoticeInvoiceNumber'

2024-10-17 14:43:18 - [TEST_STEP][PASSED] - println(notInvNumber): null

2024-10-17 14:43:18 - [TEST_STEP][PASSED] - if (verifyTextPresent(errorMsg, true)): null

2024-10-17 14:43:18 - [MESSAGE][PASSED] - Text 'Notice Number or Invoice Number must be 10, 11, or 13 digits in length, with a value greater than zero' is present on page  using regular expression

2024-10-17 14:43:18 - [TEST_STEP][PASSED] - println("Error Message is present on the page"): null

2024-10-17 14:43:18 - [TEST_STEP][PASSED] - out.println("Pass Record Number: " + row): null

2024-10-17 14:43:18 - [TEST_STEP][PASSED] - resText = "Pass": null

2024-10-17 14:43:18 - [TEST_STEP][PASSED] - pages.WriteExcel.demoKey(resText, datText, resColumn, datCloumn, fileLoc, nameSheet, row): pages.WriteExcel.demoKey is PASSED

2024-10-17 14:43:19 - [MESSAGE][PASSED] - pages.WriteExcel.demoKey is PASSED

2024-10-17 14:43:19 - [TEST_STEP][PASSED] - ExecuteTC = findTestData(dataFile).getValue("Execute", row): null

2024-10-17 14:43:19 - [TEST_STEP][PASSED] - Taxtype = findTestData(dataFile).getValue("TaxType", row): null

2024-10-17 14:43:19 - [TEST_STEP][PASSED] - TaxTypeEL = findTestData(dataFile).getValue("TaxTypeEL", row): null

2024-10-17 14:43:19 - [TEST_STEP][PASSED] - notInvNumber = findTestData(dataFile).getValue("NotiInvoNumber", row): null

2024-10-17 14:43:19 - [TEST_STEP][PASSED] - errorMsg = findTestData(dataFile).getValue("ErrorMessage", row): null

2024-10-17 14:43:19 - [TEST_STEP][PASSED] - out.println("Value of Execute is : " + ExecuteTC): null

2024-10-17 14:43:19 - [TEST_STEP][PASSED] - if (ExecuteTC.equalsIgnoreCase("Y")): null

2024-10-17 14:43:19 - [TEST_STEP][PASSED] - out.println("Begin Record Number: " + row): null

2024-10-17 14:43:19 - [TEST_STEP][PASSED] - today = new java.util.Date(): null

2024-10-17 14:43:19 - [TEST_STEP][PASSED] - println(today): null

2024-10-17 14:43:19 - [TEST_STEP][PASSED] - datText = today: null

2024-10-17 14:43:19 - [TEST_STEP][PASSED] - Taxtype = findTestData(dataFile).getValue("TaxType", row): null

2024-10-17 14:43:19 - [TEST_STEP][PASSED] - out.println("Taxtype value is : " + Taxtype): null

2024-10-17 14:43:19 - [TEST_STEP][PASSED] - openBrowser(""): Browser is opened with url: ''

2024-10-17 14:43:19 - [MESSAGE][WARNING] - A browser is already opened. Closing browser and opening a new one

2024-10-17 14:43:20 - [MESSAGE][INFO] - Starting 'Chrome' driver

2024-10-17 14:43:20 - [MESSAGE][INFO] - User set preference: ['acceptInsecureCerts', 'true']

2024-10-17 14:43:20 - [MESSAGE][INFO] - Action delay is set to 0 milliseconds

2024-10-17 14:43:22 - [MESSAGE][PASSED] - Browser is opened with url: ''

2024-10-17 14:43:22 - [TEST_STEP][PASSED] - maximizeWindow(): Current window maximized

2024-10-17 14:43:22 - [MESSAGE][PASSED] - Current window maximized

2024-10-17 14:43:22 - [TEST_STEP][PASSED] - navigateToUrl(RADurl): Navigate to 'https://demo.velocitypayment.com/client/rad/index.html' successfully

2024-10-17 14:43:24 - [MESSAGE][PASSED] - Navigate to 'https://demo.velocitypayment.com/client/rad/index.html' successfully

2024-10-17 14:43:24 - [TEST_STEP][PASSED] - orPath_Landing = "Object Repository/RAD_Pages/Landing_Page": null

2024-10-17 14:43:24 - [TEST_STEP][PASSED] - orPath_TaxTypeFilingYear = "Object Repository/RAD_Pages/TaxTypeFilingYear_Page": null

2024-10-17 14:43:24 - [TEST_STEP][PASSED] - orPath_TaxPayer = "Object Repository/RAD_Pages/Taxpayer_Page": null

2024-10-17 14:43:24 - [TEST_STEP][PASSED] - orPath_AddressContact = "Object Repository/RAD_Pages/AddressAndContactInfo_Page": null

2024-10-17 14:43:24 - [TEST_STEP][PASSED] - orPath_FilingStatus = "Object Repository/RAD_Pages/FilingStatus_Page": null

2024-10-17 14:43:24 - [TEST_STEP][PASSED] - orPath_Amount = "Object Repository/RAD_Pages/PaymentAmount_Page": null

2024-10-17 14:43:24 - [TEST_STEP][PASSED] - orPath_TaxInfo = "Object Repository/RAD_Pages/TaxInfo_Page": null

2024-10-17 14:43:24 - [TEST_STEP][PASSED] - orPath_Withholding = "Object Repository/RAD_Pages/Withholding_Page": null

2024-10-17 14:43:24 - [TEST_STEP][PASSED] - orPath_Summary = "Object Repository/RAD_Pages/Summary_Page": null

2024-10-17 14:43:24 - [TEST_STEP][PASSED] - orPath_PaymentReady = "Object Repository/RAD_Pages/PaymentReady_Page": null

2024-10-17 14:43:24 - [TEST_STEP][PASSED] - orPath_PaymentEntry = "Object Repository/RAD_Pages/PaymentEntry_Page": null

2024-10-17 14:43:24 - [TEST_STEP][PASSED] - orPath_PaymentConfirmation = "Object Repository/RAD_Pages/PaymentConfirmation_Page": null

2024-10-17 14:43:24 - [TEST_STEP][PASSED] - orPath_ServiceFeesAccept = "Object Repository/RAD_Pages/ServiceFeeAccept_Page": null

2024-10-17 14:43:24 - [TEST_STEP][PASSED] - selectOptionByLabel(findTestObject(orPath_Landing + "/dd_TaxType"), Taxtype, false): All options with label 'Existing Liability with Notice/Invoice Number' are selected in object 'Object Repository/RAD_Pages/Landing_Page/dd_TaxType' 

2024-10-17 14:43:25 - [MESSAGE][PASSED] - All options with label 'Existing Liability with Notice/Invoice Number' are selected in object 'Object Repository/RAD_Pages/Landing_Page/dd_TaxType' 

2024-10-17 14:43:25 - [TEST_STEP][PASSED] - delay(1): Delayed 1 second(s)

2024-10-17 14:43:26 - [MESSAGE][PASSED] - Delayed 1 second(s)

2024-10-17 14:43:26 - [TEST_STEP][PASSED] - selectOptionByLabel(findTestObject(orPath_TaxTypeFilingYear + "/select_TaxType_ExistingLiability"), TaxTypeEL, false): All options with label 'Tobacco Tax' are selected in object 'Object Repository/RAD_Pages/TaxTypeFilingYear_Page/select_TaxType_ExistingLiability' 

2024-10-17 14:43:26 - [MESSAGE][PASSED] - All options with label 'Tobacco Tax' are selected in object 'Object Repository/RAD_Pages/TaxTypeFilingYear_Page/select_TaxType_ExistingLiability' 

2024-10-17 14:43:26 - [TEST_STEP][PASSED] - setText(findTestObject(orPath_TaxInfo + "/input_NoticeInvoiceNumber"), notInvNumber): Text '123456789' is set on object 'Object Repository/RAD_Pages/TaxInfo_Page/input_NoticeInvoiceNumber'

2024-10-17 14:43:27 - [MESSAGE][PASSED] - Text '123456789' is set on object 'Object Repository/RAD_Pages/TaxInfo_Page/input_NoticeInvoiceNumber'

2024-10-17 14:43:27 - [TEST_STEP][PASSED] - setText(findTestObject(orPath_TaxInfo + "/input_reTypeNoticeInvoiceNumber"), notInvNumber): Text '123456789' is set on object 'Object Repository/RAD_Pages/TaxInfo_Page/input_reTypeNoticeInvoiceNumber'

2024-10-17 14:43:28 - [MESSAGE][PASSED] - Text '123456789' is set on object 'Object Repository/RAD_Pages/TaxInfo_Page/input_reTypeNoticeInvoiceNumber'

2024-10-17 14:43:28 - [TEST_STEP][PASSED] - println(notInvNumber): null

2024-10-17 14:43:28 - [TEST_STEP][PASSED] - if (verifyTextPresent(errorMsg, true)): null

2024-10-17 14:43:29 - [MESSAGE][PASSED] - Text 'Notice Number or Invoice Number must be 10, 11, or 13 digits in length, with a value greater than zero' is present on page  using regular expression

2024-10-17 14:43:29 - [TEST_STEP][PASSED] - println("Error Message is present on the page"): null

2024-10-17 14:43:29 - [TEST_STEP][PASSED] - out.println("Pass Record Number: " + row): null

2024-10-17 14:43:29 - [TEST_STEP][PASSED] - resText = "Pass": null

2024-10-17 14:43:29 - [TEST_STEP][PASSED] - pages.WriteExcel.demoKey(resText, datText, resColumn, datCloumn, fileLoc, nameSheet, row): pages.WriteExcel.demoKey is PASSED

2024-10-17 14:43:29 - [MESSAGE][PASSED] - pages.WriteExcel.demoKey is PASSED

2024-10-17 14:43:29 - [TEST_STEP][PASSED] - ExecuteTC = findTestData(dataFile).getValue("Execute", row): null

2024-10-17 14:43:29 - [TEST_STEP][PASSED] - Taxtype = findTestData(dataFile).getValue("TaxType", row): null

2024-10-17 14:43:29 - [TEST_STEP][PASSED] - TaxTypeEL = findTestData(dataFile).getValue("TaxTypeEL", row): null

2024-10-17 14:43:29 - [TEST_STEP][PASSED] - notInvNumber = findTestData(dataFile).getValue("NotiInvoNumber", row): null

2024-10-17 14:43:29 - [TEST_STEP][PASSED] - errorMsg = findTestData(dataFile).getValue("ErrorMessage", row): null

2024-10-17 14:43:29 - [TEST_STEP][PASSED] - out.println("Value of Execute is : " + ExecuteTC): null

2024-10-17 14:43:29 - [TEST_STEP][PASSED] - if (ExecuteTC.equalsIgnoreCase("Y")): null

2024-10-17 14:43:29 - [TEST_STEP][PASSED] - out.println("Begin Record Number: " + row): null

2024-10-17 14:43:29 - [TEST_STEP][PASSED] - today = new java.util.Date(): null

2024-10-17 14:43:29 - [TEST_STEP][PASSED] - println(today): null

2024-10-17 14:43:29 - [TEST_STEP][PASSED] - datText = today: null

2024-10-17 14:43:29 - [TEST_STEP][PASSED] - Taxtype = findTestData(dataFile).getValue("TaxType", row): null

2024-10-17 14:43:29 - [TEST_STEP][PASSED] - out.println("Taxtype value is : " + Taxtype): null

2024-10-17 14:43:29 - [TEST_STEP][PASSED] - openBrowser(""): Browser is opened with url: ''

2024-10-17 14:43:29 - [MESSAGE][WARNING] - A browser is already opened. Closing browser and opening a new one

2024-10-17 14:43:31 - [MESSAGE][INFO] - Starting 'Chrome' driver

2024-10-17 14:43:31 - [MESSAGE][INFO] - User set preference: ['acceptInsecureCerts', 'true']

2024-10-17 14:43:31 - [MESSAGE][INFO] - Action delay is set to 0 milliseconds

2024-10-17 14:43:32 - [MESSAGE][PASSED] - Browser is opened with url: ''

2024-10-17 14:43:32 - [TEST_STEP][PASSED] - maximizeWindow(): Current window maximized

2024-10-17 14:43:32 - [MESSAGE][PASSED] - Current window maximized

2024-10-17 14:43:32 - [TEST_STEP][PASSED] - navigateToUrl(RADurl): Navigate to 'https://demo.velocitypayment.com/client/rad/index.html' successfully

2024-10-17 14:43:33 - [MESSAGE][PASSED] - Navigate to 'https://demo.velocitypayment.com/client/rad/index.html' successfully

2024-10-17 14:43:33 - [TEST_STEP][PASSED] - orPath_Landing = "Object Repository/RAD_Pages/Landing_Page": null

2024-10-17 14:43:33 - [TEST_STEP][PASSED] - orPath_TaxTypeFilingYear = "Object Repository/RAD_Pages/TaxTypeFilingYear_Page": null

2024-10-17 14:43:33 - [TEST_STEP][PASSED] - orPath_TaxPayer = "Object Repository/RAD_Pages/Taxpayer_Page": null

2024-10-17 14:43:33 - [TEST_STEP][PASSED] - orPath_AddressContact = "Object Repository/RAD_Pages/AddressAndContactInfo_Page": null

2024-10-17 14:43:33 - [TEST_STEP][PASSED] - orPath_FilingStatus = "Object Repository/RAD_Pages/FilingStatus_Page": null

2024-10-17 14:43:33 - [TEST_STEP][PASSED] - orPath_Amount = "Object Repository/RAD_Pages/PaymentAmount_Page": null

2024-10-17 14:43:33 - [TEST_STEP][PASSED] - orPath_TaxInfo = "Object Repository/RAD_Pages/TaxInfo_Page": null

2024-10-17 14:43:33 - [TEST_STEP][PASSED] - orPath_Withholding = "Object Repository/RAD_Pages/Withholding_Page": null

2024-10-17 14:43:33 - [TEST_STEP][PASSED] - orPath_Summary = "Object Repository/RAD_Pages/Summary_Page": null

2024-10-17 14:43:33 - [TEST_STEP][PASSED] - orPath_PaymentReady = "Object Repository/RAD_Pages/PaymentReady_Page": null

2024-10-17 14:43:33 - [TEST_STEP][PASSED] - orPath_PaymentEntry = "Object Repository/RAD_Pages/PaymentEntry_Page": null

2024-10-17 14:43:33 - [TEST_STEP][PASSED] - orPath_PaymentConfirmation = "Object Repository/RAD_Pages/PaymentConfirmation_Page": null

2024-10-17 14:43:33 - [TEST_STEP][PASSED] - orPath_ServiceFeesAccept = "Object Repository/RAD_Pages/ServiceFeeAccept_Page": null

2024-10-17 14:43:33 - [TEST_STEP][PASSED] - selectOptionByLabel(findTestObject(orPath_Landing + "/dd_TaxType"), Taxtype, false): All options with label 'Existing Liability with Notice/Invoice Number' are selected in object 'Object Repository/RAD_Pages/Landing_Page/dd_TaxType' 

2024-10-17 14:43:35 - [MESSAGE][PASSED] - All options with label 'Existing Liability with Notice/Invoice Number' are selected in object 'Object Repository/RAD_Pages/Landing_Page/dd_TaxType' 

2024-10-17 14:43:35 - [TEST_STEP][PASSED] - delay(1): Delayed 1 second(s)

2024-10-17 14:43:36 - [MESSAGE][PASSED] - Delayed 1 second(s)

2024-10-17 14:43:36 - [TEST_STEP][PASSED] - selectOptionByLabel(findTestObject(orPath_TaxTypeFilingYear + "/select_TaxType_ExistingLiability"), TaxTypeEL, false): All options with label 'Tobacco Tax' are selected in object 'Object Repository/RAD_Pages/TaxTypeFilingYear_Page/select_TaxType_ExistingLiability' 

2024-10-17 14:43:37 - [MESSAGE][PASSED] - All options with label 'Tobacco Tax' are selected in object 'Object Repository/RAD_Pages/TaxTypeFilingYear_Page/select_TaxType_ExistingLiability' 

2024-10-17 14:43:37 - [TEST_STEP][PASSED] - setText(findTestObject(orPath_TaxInfo + "/input_NoticeInvoiceNumber"), notInvNumber): Text '123456789012' is set on object 'Object Repository/RAD_Pages/TaxInfo_Page/input_NoticeInvoiceNumber'

2024-10-17 14:43:38 - [MESSAGE][PASSED] - Text '123456789012' is set on object 'Object Repository/RAD_Pages/TaxInfo_Page/input_NoticeInvoiceNumber'

2024-10-17 14:43:38 - [TEST_STEP][PASSED] - setText(findTestObject(orPath_TaxInfo + "/input_reTypeNoticeInvoiceNumber"), notInvNumber): Text '123456789012' is set on object 'Object Repository/RAD_Pages/TaxInfo_Page/input_reTypeNoticeInvoiceNumber'

2024-10-17 14:43:39 - [MESSAGE][PASSED] - Text '123456789012' is set on object 'Object Repository/RAD_Pages/TaxInfo_Page/input_reTypeNoticeInvoiceNumber'

2024-10-17 14:43:39 - [TEST_STEP][PASSED] - println(notInvNumber): null

2024-10-17 14:43:39 - [TEST_STEP][PASSED] - if (verifyTextPresent(errorMsg, true)): null

2024-10-17 14:43:40 - [MESSAGE][PASSED] - Text 'Notice Number or Invoice Number must be 10, 11, or 13 digits in length, with a value greater than zero' is present on page  using regular expression

2024-10-17 14:43:40 - [TEST_STEP][PASSED] - println("Error Message is present on the page"): null

2024-10-17 14:43:40 - [TEST_STEP][PASSED] - out.println("Pass Record Number: " + row): null

2024-10-17 14:43:40 - [TEST_STEP][PASSED] - resText = "Pass": null

2024-10-17 14:43:40 - [TEST_STEP][PASSED] - pages.WriteExcel.demoKey(resText, datText, resColumn, datCloumn, fileLoc, nameSheet, row): pages.WriteExcel.demoKey is PASSED

2024-10-17 14:43:40 - [MESSAGE][PASSED] - pages.WriteExcel.demoKey is PASSED

2024-10-17 14:43:40 - [TEST_STEP][PASSED] - ExecuteTC = findTestData(dataFile).getValue("Execute", row): null

2024-10-17 14:43:40 - [TEST_STEP][PASSED] - Taxtype = findTestData(dataFile).getValue("TaxType", row): null

2024-10-17 14:43:40 - [TEST_STEP][PASSED] - TaxTypeEL = findTestData(dataFile).getValue("TaxTypeEL", row): null

2024-10-17 14:43:40 - [TEST_STEP][PASSED] - notInvNumber = findTestData(dataFile).getValue("NotiInvoNumber", row): null

2024-10-17 14:43:40 - [TEST_STEP][PASSED] - errorMsg = findTestData(dataFile).getValue("ErrorMessage", row): null

2024-10-17 14:43:40 - [TEST_STEP][PASSED] - out.println("Value of Execute is : " + ExecuteTC): null

2024-10-17 14:43:40 - [TEST_STEP][PASSED] - if (ExecuteTC.equalsIgnoreCase("Y")): null

2024-10-17 14:43:40 - [TEST_STEP][PASSED] - out.println("Begin Record Number: " + row): null

2024-10-17 14:43:40 - [TEST_STEP][PASSED] - today = new java.util.Date(): null

2024-10-17 14:43:40 - [TEST_STEP][PASSED] - println(today): null

2024-10-17 14:43:40 - [TEST_STEP][PASSED] - datText = today: null

2024-10-17 14:43:40 - [TEST_STEP][PASSED] - Taxtype = findTestData(dataFile).getValue("TaxType", row): null

2024-10-17 14:43:40 - [TEST_STEP][PASSED] - out.println("Taxtype value is : " + Taxtype): null

2024-10-17 14:43:40 - [TEST_STEP][PASSED] - openBrowser(""): Browser is opened with url: ''

2024-10-17 14:43:40 - [MESSAGE][WARNING] - A browser is already opened. Closing browser and opening a new one

2024-10-17 14:43:41 - [MESSAGE][INFO] - Starting 'Chrome' driver

2024-10-17 14:43:41 - [MESSAGE][INFO] - User set preference: ['acceptInsecureCerts', 'true']

2024-10-17 14:43:41 - [MESSAGE][INFO] - Action delay is set to 0 milliseconds

2024-10-17 14:43:43 - [MESSAGE][PASSED] - Browser is opened with url: ''

2024-10-17 14:43:43 - [TEST_STEP][PASSED] - maximizeWindow(): Current window maximized

2024-10-17 14:43:43 - [MESSAGE][PASSED] - Current window maximized

2024-10-17 14:43:43 - [TEST_STEP][PASSED] - navigateToUrl(RADurl): Navigate to 'https://demo.velocitypayment.com/client/rad/index.html' successfully

2024-10-17 14:43:45 - [MESSAGE][PASSED] - Navigate to 'https://demo.velocitypayment.com/client/rad/index.html' successfully

2024-10-17 14:43:45 - [TEST_STEP][PASSED] - orPath_Landing = "Object Repository/RAD_Pages/Landing_Page": null

2024-10-17 14:43:45 - [TEST_STEP][PASSED] - orPath_TaxTypeFilingYear = "Object Repository/RAD_Pages/TaxTypeFilingYear_Page": null

2024-10-17 14:43:45 - [TEST_STEP][PASSED] - orPath_TaxPayer = "Object Repository/RAD_Pages/Taxpayer_Page": null

2024-10-17 14:43:45 - [TEST_STEP][PASSED] - orPath_AddressContact = "Object Repository/RAD_Pages/AddressAndContactInfo_Page": null

2024-10-17 14:43:45 - [TEST_STEP][PASSED] - orPath_FilingStatus = "Object Repository/RAD_Pages/FilingStatus_Page": null

2024-10-17 14:43:45 - [TEST_STEP][PASSED] - orPath_Amount = "Object Repository/RAD_Pages/PaymentAmount_Page": null

2024-10-17 14:43:45 - [TEST_STEP][PASSED] - orPath_TaxInfo = "Object Repository/RAD_Pages/TaxInfo_Page": null

2024-10-17 14:43:45 - [TEST_STEP][PASSED] - orPath_Withholding = "Object Repository/RAD_Pages/Withholding_Page": null

2024-10-17 14:43:45 - [TEST_STEP][PASSED] - orPath_Summary = "Object Repository/RAD_Pages/Summary_Page": null

2024-10-17 14:43:45 - [TEST_STEP][PASSED] - orPath_PaymentReady = "Object Repository/RAD_Pages/PaymentReady_Page": null

2024-10-17 14:43:45 - [TEST_STEP][PASSED] - orPath_PaymentEntry = "Object Repository/RAD_Pages/PaymentEntry_Page": null

2024-10-17 14:43:45 - [TEST_STEP][PASSED] - orPath_PaymentConfirmation = "Object Repository/RAD_Pages/PaymentConfirmation_Page": null

2024-10-17 14:43:45 - [TEST_STEP][PASSED] - orPath_ServiceFeesAccept = "Object Repository/RAD_Pages/ServiceFeeAccept_Page": null

2024-10-17 14:43:45 - [TEST_STEP][PASSED] - selectOptionByLabel(findTestObject(orPath_Landing + "/dd_TaxType"), Taxtype, false): All options with label 'Existing Liability with Notice/Invoice Number' are selected in object 'Object Repository/RAD_Pages/Landing_Page/dd_TaxType' 

2024-10-17 14:43:46 - [MESSAGE][PASSED] - All options with label 'Existing Liability with Notice/Invoice Number' are selected in object 'Object Repository/RAD_Pages/Landing_Page/dd_TaxType' 

2024-10-17 14:43:46 - [TEST_STEP][PASSED] - delay(1): Delayed 1 second(s)

2024-10-17 14:43:47 - [MESSAGE][PASSED] - Delayed 1 second(s)

2024-10-17 14:43:47 - [TEST_STEP][PASSED] - selectOptionByLabel(findTestObject(orPath_TaxTypeFilingYear + "/select_TaxType_ExistingLiability"), TaxTypeEL, false): All options with label 'Tobacco Tax' are selected in object 'Object Repository/RAD_Pages/TaxTypeFilingYear_Page/select_TaxType_ExistingLiability' 

2024-10-17 14:43:48 - [MESSAGE][PASSED] - All options with label 'Tobacco Tax' are selected in object 'Object Repository/RAD_Pages/TaxTypeFilingYear_Page/select_TaxType_ExistingLiability' 

2024-10-17 14:43:48 - [TEST_STEP][PASSED] - setText(findTestObject(orPath_TaxInfo + "/input_NoticeInvoiceNumber"), notInvNumber): Text '0000000000' is set on object 'Object Repository/RAD_Pages/TaxInfo_Page/input_NoticeInvoiceNumber'

2024-10-17 14:43:49 - [MESSAGE][PASSED] - Text '0000000000' is set on object 'Object Repository/RAD_Pages/TaxInfo_Page/input_NoticeInvoiceNumber'

2024-10-17 14:43:49 - [TEST_STEP][PASSED] - setText(findTestObject(orPath_TaxInfo + "/input_reTypeNoticeInvoiceNumber"), notInvNumber): Text '0000000000' is set on object 'Object Repository/RAD_Pages/TaxInfo_Page/input_reTypeNoticeInvoiceNumber'

2024-10-17 14:43:50 - [MESSAGE][PASSED] - Text '0000000000' is set on object 'Object Repository/RAD_Pages/TaxInfo_Page/input_reTypeNoticeInvoiceNumber'

2024-10-17 14:43:50 - [TEST_STEP][PASSED] - println(notInvNumber): null

2024-10-17 14:43:50 - [TEST_STEP][PASSED] - if (verifyTextPresent(errorMsg, true)): null

2024-10-17 14:43:50 - [MESSAGE][PASSED] - Text 'Notice Number or Invoice Number must be 10, 11, or 13 digits in length, with a value greater than zero' is present on page  using regular expression

2024-10-17 14:43:50 - [TEST_STEP][PASSED] - println("Error Message is present on the page"): null

2024-10-17 14:43:50 - [TEST_STEP][PASSED] - out.println("Pass Record Number: " + row): null

2024-10-17 14:43:50 - [TEST_STEP][PASSED] - resText = "Pass": null

2024-10-17 14:43:50 - [TEST_STEP][PASSED] - pages.WriteExcel.demoKey(resText, datText, resColumn, datCloumn, fileLoc, nameSheet, row): pages.WriteExcel.demoKey is PASSED

2024-10-17 14:43:50 - [MESSAGE][PASSED] - pages.WriteExcel.demoKey is PASSED

2024-10-17 14:43:50 - [TEST_STEP][PASSED] - ExecuteTC = findTestData(dataFile).getValue("Execute", row): null

2024-10-17 14:43:50 - [TEST_STEP][PASSED] - Taxtype = findTestData(dataFile).getValue("TaxType", row): null

2024-10-17 14:43:50 - [TEST_STEP][PASSED] - TaxTypeEL = findTestData(dataFile).getValue("TaxTypeEL", row): null

2024-10-17 14:43:50 - [TEST_STEP][PASSED] - notInvNumber = findTestData(dataFile).getValue("NotiInvoNumber", row): null

2024-10-17 14:43:50 - [TEST_STEP][PASSED] - errorMsg = findTestData(dataFile).getValue("ErrorMessage", row): null

2024-10-17 14:43:50 - [TEST_STEP][PASSED] - out.println("Value of Execute is : " + ExecuteTC): null

2024-10-17 14:43:50 - [TEST_STEP][PASSED] - if (ExecuteTC.equalsIgnoreCase("Y")): null

2024-10-17 14:43:50 - [TEST_STEP][PASSED] - out.println("Begin Record Number: " + row): null

2024-10-17 14:43:50 - [TEST_STEP][PASSED] - today = new java.util.Date(): null

2024-10-17 14:43:50 - [TEST_STEP][PASSED] - println(today): null

2024-10-17 14:43:50 - [TEST_STEP][PASSED] - datText = today: null

2024-10-17 14:43:50 - [TEST_STEP][PASSED] - Taxtype = findTestData(dataFile).getValue("TaxType", row): null

2024-10-17 14:43:51 - [TEST_STEP][PASSED] - out.println("Taxtype value is : " + Taxtype): null

2024-10-17 14:43:51 - [TEST_STEP][PASSED] - openBrowser(""): Browser is opened with url: ''

2024-10-17 14:43:51 - [MESSAGE][WARNING] - A browser is already opened. Closing browser and opening a new one

2024-10-17 14:43:52 - [MESSAGE][INFO] - Starting 'Chrome' driver

2024-10-17 14:43:52 - [MESSAGE][INFO] - User set preference: ['acceptInsecureCerts', 'true']

2024-10-17 14:43:52 - [MESSAGE][INFO] - Action delay is set to 0 milliseconds

2024-10-17 14:43:54 - [MESSAGE][PASSED] - Browser is opened with url: ''

2024-10-17 14:43:54 - [TEST_STEP][PASSED] - maximizeWindow(): Current window maximized

2024-10-17 14:43:54 - [MESSAGE][PASSED] - Current window maximized

2024-10-17 14:43:54 - [TEST_STEP][PASSED] - navigateToUrl(RADurl): Navigate to 'https://demo.velocitypayment.com/client/rad/index.html' successfully

2024-10-17 14:43:56 - [MESSAGE][PASSED] - Navigate to 'https://demo.velocitypayment.com/client/rad/index.html' successfully

2024-10-17 14:43:56 - [TEST_STEP][PASSED] - orPath_Landing = "Object Repository/RAD_Pages/Landing_Page": null

2024-10-17 14:43:56 - [TEST_STEP][PASSED] - orPath_TaxTypeFilingYear = "Object Repository/RAD_Pages/TaxTypeFilingYear_Page": null

2024-10-17 14:43:56 - [TEST_STEP][PASSED] - orPath_TaxPayer = "Object Repository/RAD_Pages/Taxpayer_Page": null

2024-10-17 14:43:56 - [TEST_STEP][PASSED] - orPath_AddressContact = "Object Repository/RAD_Pages/AddressAndContactInfo_Page": null

2024-10-17 14:43:56 - [TEST_STEP][PASSED] - orPath_FilingStatus = "Object Repository/RAD_Pages/FilingStatus_Page": null

2024-10-17 14:43:56 - [TEST_STEP][PASSED] - orPath_Amount = "Object Repository/RAD_Pages/PaymentAmount_Page": null

2024-10-17 14:43:56 - [TEST_STEP][PASSED] - orPath_TaxInfo = "Object Repository/RAD_Pages/TaxInfo_Page": null

2024-10-17 14:43:56 - [TEST_STEP][PASSED] - orPath_Withholding = "Object Repository/RAD_Pages/Withholding_Page": null

2024-10-17 14:43:56 - [TEST_STEP][PASSED] - orPath_Summary = "Object Repository/RAD_Pages/Summary_Page": null

2024-10-17 14:43:56 - [TEST_STEP][PASSED] - orPath_PaymentReady = "Object Repository/RAD_Pages/PaymentReady_Page": null

2024-10-17 14:43:56 - [TEST_STEP][PASSED] - orPath_PaymentEntry = "Object Repository/RAD_Pages/PaymentEntry_Page": null

2024-10-17 14:43:56 - [TEST_STEP][PASSED] - orPath_PaymentConfirmation = "Object Repository/RAD_Pages/PaymentConfirmation_Page": null

2024-10-17 14:43:56 - [TEST_STEP][PASSED] - orPath_ServiceFeesAccept = "Object Repository/RAD_Pages/ServiceFeeAccept_Page": null

2024-10-17 14:43:56 - [TEST_STEP][PASSED] - selectOptionByLabel(findTestObject(orPath_Landing + "/dd_TaxType"), Taxtype, false): All options with label 'Existing Liability with Notice/Invoice Number' are selected in object 'Object Repository/RAD_Pages/Landing_Page/dd_TaxType' 

2024-10-17 14:43:56 - [MESSAGE][PASSED] - All options with label 'Existing Liability with Notice/Invoice Number' are selected in object 'Object Repository/RAD_Pages/Landing_Page/dd_TaxType' 

2024-10-17 14:43:56 - [TEST_STEP][PASSED] - delay(1): Delayed 1 second(s)

2024-10-17 14:43:57 - [MESSAGE][PASSED] - Delayed 1 second(s)

2024-10-17 14:43:57 - [TEST_STEP][PASSED] - selectOptionByLabel(findTestObject(orPath_TaxTypeFilingYear + "/select_TaxType_ExistingLiability"), TaxTypeEL, false): All options with label 'Transportation Network Services' are selected in object 'Object Repository/RAD_Pages/TaxTypeFilingYear_Page/select_TaxType_ExistingLiability' 

2024-10-17 14:43:58 - [MESSAGE][PASSED] - All options with label 'Transportation Network Services' are selected in object 'Object Repository/RAD_Pages/TaxTypeFilingYear_Page/select_TaxType_ExistingLiability' 

2024-10-17 14:43:58 - [TEST_STEP][PASSED] - setText(findTestObject(orPath_TaxInfo + "/input_NoticeInvoiceNumber"), notInvNumber): Text '123456789' is set on object 'Object Repository/RAD_Pages/TaxInfo_Page/input_NoticeInvoiceNumber'

2024-10-17 14:43:59 - [MESSAGE][PASSED] - Text '123456789' is set on object 'Object Repository/RAD_Pages/TaxInfo_Page/input_NoticeInvoiceNumber'

2024-10-17 14:43:59 - [TEST_STEP][PASSED] - setText(findTestObject(orPath_TaxInfo + "/input_reTypeNoticeInvoiceNumber"), notInvNumber): Text '123456789' is set on object 'Object Repository/RAD_Pages/TaxInfo_Page/input_reTypeNoticeInvoiceNumber'

2024-10-17 14:44:00 - [MESSAGE][PASSED] - Text '123456789' is set on object 'Object Repository/RAD_Pages/TaxInfo_Page/input_reTypeNoticeInvoiceNumber'

2024-10-17 14:44:00 - [TEST_STEP][PASSED] - println(notInvNumber): null

2024-10-17 14:44:00 - [TEST_STEP][PASSED] - if (verifyTextPresent(errorMsg, true)): null

2024-10-17 14:44:00 - [MESSAGE][PASSED] - Text 'Notice Number or Invoice Number must be 10, 11, or 13 digits in length, with a value greater than zero' is present on page  using regular expression

2024-10-17 14:44:00 - [TEST_STEP][PASSED] - println("Error Message is present on the page"): null

2024-10-17 14:44:00 - [TEST_STEP][PASSED] - out.println("Pass Record Number: " + row): null

2024-10-17 14:44:00 - [TEST_STEP][PASSED] - resText = "Pass": null

2024-10-17 14:44:00 - [TEST_STEP][PASSED] - pages.WriteExcel.demoKey(resText, datText, resColumn, datCloumn, fileLoc, nameSheet, row): pages.WriteExcel.demoKey is PASSED

2024-10-17 14:44:00 - [MESSAGE][PASSED] - pages.WriteExcel.demoKey is PASSED

2024-10-17 14:44:00 - [TEST_STEP][PASSED] - ExecuteTC = findTestData(dataFile).getValue("Execute", row): null

2024-10-17 14:44:00 - [TEST_STEP][PASSED] - Taxtype = findTestData(dataFile).getValue("TaxType", row): null

2024-10-17 14:44:01 - [TEST_STEP][PASSED] - TaxTypeEL = findTestData(dataFile).getValue("TaxTypeEL", row): null

2024-10-17 14:44:01 - [TEST_STEP][PASSED] - notInvNumber = findTestData(dataFile).getValue("NotiInvoNumber", row): null

2024-10-17 14:44:01 - [TEST_STEP][PASSED] - errorMsg = findTestData(dataFile).getValue("ErrorMessage", row): null

2024-10-17 14:44:01 - [TEST_STEP][PASSED] - out.println("Value of Execute is : " + ExecuteTC): null

2024-10-17 14:44:01 - [TEST_STEP][PASSED] - if (ExecuteTC.equalsIgnoreCase("Y")): null

2024-10-17 14:44:01 - [TEST_STEP][PASSED] - out.println("Begin Record Number: " + row): null

2024-10-17 14:44:01 - [TEST_STEP][PASSED] - today = new java.util.Date(): null

2024-10-17 14:44:01 - [TEST_STEP][PASSED] - println(today): null

2024-10-17 14:44:01 - [TEST_STEP][PASSED] - datText = today: null

2024-10-17 14:44:01 - [TEST_STEP][PASSED] - Taxtype = findTestData(dataFile).getValue("TaxType", row): null

2024-10-17 14:44:01 - [TEST_STEP][PASSED] - out.println("Taxtype value is : " + Taxtype): null

2024-10-17 14:44:01 - [TEST_STEP][PASSED] - openBrowser(""): Browser is opened with url: ''

2024-10-17 14:44:01 - [MESSAGE][WARNING] - A browser is already opened. Closing browser and opening a new one

2024-10-17 14:44:03 - [MESSAGE][INFO] - Starting 'Chrome' driver

2024-10-17 14:44:03 - [MESSAGE][INFO] - User set preference: ['acceptInsecureCerts', 'true']

2024-10-17 14:44:03 - [MESSAGE][INFO] - Action delay is set to 0 milliseconds

2024-10-17 14:44:04 - [MESSAGE][PASSED] - Browser is opened with url: ''

2024-10-17 14:44:04 - [TEST_STEP][PASSED] - maximizeWindow(): Current window maximized

2024-10-17 14:44:04 - [MESSAGE][PASSED] - Current window maximized

2024-10-17 14:44:04 - [TEST_STEP][PASSED] - navigateToUrl(RADurl): Navigate to 'https://demo.velocitypayment.com/client/rad/index.html' successfully

2024-10-17 14:44:06 - [MESSAGE][PASSED] - Navigate to 'https://demo.velocitypayment.com/client/rad/index.html' successfully

2024-10-17 14:44:06 - [TEST_STEP][PASSED] - orPath_Landing = "Object Repository/RAD_Pages/Landing_Page": null

2024-10-17 14:44:06 - [TEST_STEP][PASSED] - orPath_TaxTypeFilingYear = "Object Repository/RAD_Pages/TaxTypeFilingYear_Page": null

2024-10-17 14:44:06 - [TEST_STEP][PASSED] - orPath_TaxPayer = "Object Repository/RAD_Pages/Taxpayer_Page": null

2024-10-17 14:44:06 - [TEST_STEP][PASSED] - orPath_AddressContact = "Object Repository/RAD_Pages/AddressAndContactInfo_Page": null

2024-10-17 14:44:06 - [TEST_STEP][PASSED] - orPath_FilingStatus = "Object Repository/RAD_Pages/FilingStatus_Page": null

2024-10-17 14:44:06 - [TEST_STEP][PASSED] - orPath_Amount = "Object Repository/RAD_Pages/PaymentAmount_Page": null

2024-10-17 14:44:06 - [TEST_STEP][PASSED] - orPath_TaxInfo = "Object Repository/RAD_Pages/TaxInfo_Page": null

2024-10-17 14:44:06 - [TEST_STEP][PASSED] - orPath_Withholding = "Object Repository/RAD_Pages/Withholding_Page": null

2024-10-17 14:44:06 - [TEST_STEP][PASSED] - orPath_Summary = "Object Repository/RAD_Pages/Summary_Page": null

2024-10-17 14:44:06 - [TEST_STEP][PASSED] - orPath_PaymentReady = "Object Repository/RAD_Pages/PaymentReady_Page": null

2024-10-17 14:44:06 - [TEST_STEP][PASSED] - orPath_PaymentEntry = "Object Repository/RAD_Pages/PaymentEntry_Page": null

2024-10-17 14:44:06 - [TEST_STEP][PASSED] - orPath_PaymentConfirmation = "Object Repository/RAD_Pages/PaymentConfirmation_Page": null

2024-10-17 14:44:06 - [TEST_STEP][PASSED] - orPath_ServiceFeesAccept = "Object Repository/RAD_Pages/ServiceFeeAccept_Page": null

2024-10-17 14:44:06 - [TEST_STEP][PASSED] - selectOptionByLabel(findTestObject(orPath_Landing + "/dd_TaxType"), Taxtype, false): All options with label 'Existing Liability with Notice/Invoice Number' are selected in object 'Object Repository/RAD_Pages/Landing_Page/dd_TaxType' 

2024-10-17 14:44:07 - [MESSAGE][PASSED] - All options with label 'Existing Liability with Notice/Invoice Number' are selected in object 'Object Repository/RAD_Pages/Landing_Page/dd_TaxType' 

2024-10-17 14:44:07 - [TEST_STEP][PASSED] - delay(1): Delayed 1 second(s)

2024-10-17 14:44:08 - [MESSAGE][PASSED] - Delayed 1 second(s)

2024-10-17 14:44:08 - [TEST_STEP][PASSED] - selectOptionByLabel(findTestObject(orPath_TaxTypeFilingYear + "/select_TaxType_ExistingLiability"), TaxTypeEL, false): All options with label 'Transportation Network Services' are selected in object 'Object Repository/RAD_Pages/TaxTypeFilingYear_Page/select_TaxType_ExistingLiability' 

2024-10-17 14:44:09 - [MESSAGE][PASSED] - All options with label 'Transportation Network Services' are selected in object 'Object Repository/RAD_Pages/TaxTypeFilingYear_Page/select_TaxType_ExistingLiability' 

2024-10-17 14:44:09 - [TEST_STEP][PASSED] - setText(findTestObject(orPath_TaxInfo + "/input_NoticeInvoiceNumber"), notInvNumber): Text '123456789012' is set on object 'Object Repository/RAD_Pages/TaxInfo_Page/input_NoticeInvoiceNumber'

2024-10-17 14:44:10 - [MESSAGE][PASSED] - Text '123456789012' is set on object 'Object Repository/RAD_Pages/TaxInfo_Page/input_NoticeInvoiceNumber'

2024-10-17 14:44:10 - [TEST_STEP][PASSED] - setText(findTestObject(orPath_TaxInfo + "/input_reTypeNoticeInvoiceNumber"), notInvNumber): Text '123456789012' is set on object 'Object Repository/RAD_Pages/TaxInfo_Page/input_reTypeNoticeInvoiceNumber'

2024-10-17 14:44:11 - [MESSAGE][PASSED] - Text '123456789012' is set on object 'Object Repository/RAD_Pages/TaxInfo_Page/input_reTypeNoticeInvoiceNumber'

2024-10-17 14:44:11 - [TEST_STEP][PASSED] - println(notInvNumber): null

2024-10-17 14:44:11 - [TEST_STEP][PASSED] - if (verifyTextPresent(errorMsg, true)): null

2024-10-17 14:44:11 - [MESSAGE][PASSED] - Text 'Notice Number or Invoice Number must be 10, 11, or 13 digits in length, with a value greater than zero' is present on page  using regular expression

2024-10-17 14:44:11 - [TEST_STEP][PASSED] - println("Error Message is present on the page"): null

2024-10-17 14:44:11 - [TEST_STEP][PASSED] - out.println("Pass Record Number: " + row): null

2024-10-17 14:44:11 - [TEST_STEP][PASSED] - resText = "Pass": null

2024-10-17 14:44:11 - [TEST_STEP][PASSED] - pages.WriteExcel.demoKey(resText, datText, resColumn, datCloumn, fileLoc, nameSheet, row): pages.WriteExcel.demoKey is PASSED

2024-10-17 14:44:11 - [MESSAGE][PASSED] - pages.WriteExcel.demoKey is PASSED

2024-10-17 14:44:11 - [TEST_STEP][PASSED] - ExecuteTC = findTestData(dataFile).getValue("Execute", row): null

2024-10-17 14:44:11 - [TEST_STEP][PASSED] - Taxtype = findTestData(dataFile).getValue("TaxType", row): null

2024-10-17 14:44:11 - [TEST_STEP][PASSED] - TaxTypeEL = findTestData(dataFile).getValue("TaxTypeEL", row): null

2024-10-17 14:44:11 - [TEST_STEP][PASSED] - notInvNumber = findTestData(dataFile).getValue("NotiInvoNumber", row): null

2024-10-17 14:44:12 - [TEST_STEP][PASSED] - errorMsg = findTestData(dataFile).getValue("ErrorMessage", row): null

2024-10-17 14:44:12 - [TEST_STEP][PASSED] - out.println("Value of Execute is : " + ExecuteTC): null

2024-10-17 14:44:12 - [TEST_STEP][PASSED] - if (ExecuteTC.equalsIgnoreCase("Y")): null

2024-10-17 14:44:12 - [TEST_STEP][PASSED] - out.println("Begin Record Number: " + row): null

2024-10-17 14:44:12 - [TEST_STEP][PASSED] - today = new java.util.Date(): null

2024-10-17 14:44:12 - [TEST_STEP][PASSED] - println(today): null

2024-10-17 14:44:12 - [TEST_STEP][PASSED] - datText = today: null

2024-10-17 14:44:12 - [TEST_STEP][PASSED] - Taxtype = findTestData(dataFile).getValue("TaxType", row): null

2024-10-17 14:44:12 - [TEST_STEP][PASSED] - out.println("Taxtype value is : " + Taxtype): null

2024-10-17 14:44:12 - [TEST_STEP][PASSED] - openBrowser(""): Browser is opened with url: ''

2024-10-17 14:44:12 - [MESSAGE][WARNING] - A browser is already opened. Closing browser and opening a new one

2024-10-17 14:44:13 - [MESSAGE][INFO] - Starting 'Chrome' driver

2024-10-17 14:44:13 - [MESSAGE][INFO] - User set preference: ['acceptInsecureCerts', 'true']

2024-10-17 14:44:13 - [MESSAGE][INFO] - Action delay is set to 0 milliseconds

2024-10-17 14:44:15 - [MESSAGE][PASSED] - Browser is opened with url: ''

2024-10-17 14:44:15 - [TEST_STEP][PASSED] - maximizeWindow(): Current window maximized

2024-10-17 14:44:15 - [MESSAGE][PASSED] - Current window maximized

2024-10-17 14:44:15 - [TEST_STEP][PASSED] - navigateToUrl(RADurl): Navigate to 'https://demo.velocitypayment.com/client/rad/index.html' successfully

2024-10-17 14:44:15 - [MESSAGE][PASSED] - Navigate to 'https://demo.velocitypayment.com/client/rad/index.html' successfully

2024-10-17 14:44:15 - [TEST_STEP][PASSED] - orPath_Landing = "Object Repository/RAD_Pages/Landing_Page": null

2024-10-17 14:44:15 - [TEST_STEP][PASSED] - orPath_TaxTypeFilingYear = "Object Repository/RAD_Pages/TaxTypeFilingYear_Page": null

2024-10-17 14:44:15 - [TEST_STEP][PASSED] - orPath_TaxPayer = "Object Repository/RAD_Pages/Taxpayer_Page": null

2024-10-17 14:44:15 - [TEST_STEP][PASSED] - orPath_AddressContact = "Object Repository/RAD_Pages/AddressAndContactInfo_Page": null

2024-10-17 14:44:15 - [TEST_STEP][PASSED] - orPath_FilingStatus = "Object Repository/RAD_Pages/FilingStatus_Page": null

2024-10-17 14:44:15 - [TEST_STEP][PASSED] - orPath_Amount = "Object Repository/RAD_Pages/PaymentAmount_Page": null

2024-10-17 14:44:15 - [TEST_STEP][PASSED] - orPath_TaxInfo = "Object Repository/RAD_Pages/TaxInfo_Page": null

2024-10-17 14:44:15 - [TEST_STEP][PASSED] - orPath_Withholding = "Object Repository/RAD_Pages/Withholding_Page": null

2024-10-17 14:44:15 - [TEST_STEP][PASSED] - orPath_Summary = "Object Repository/RAD_Pages/Summary_Page": null

2024-10-17 14:44:15 - [TEST_STEP][PASSED] - orPath_PaymentReady = "Object Repository/RAD_Pages/PaymentReady_Page": null

2024-10-17 14:44:15 - [TEST_STEP][PASSED] - orPath_PaymentEntry = "Object Repository/RAD_Pages/PaymentEntry_Page": null

2024-10-17 14:44:15 - [TEST_STEP][PASSED] - orPath_PaymentConfirmation = "Object Repository/RAD_Pages/PaymentConfirmation_Page": null

2024-10-17 14:44:15 - [TEST_STEP][PASSED] - orPath_ServiceFeesAccept = "Object Repository/RAD_Pages/ServiceFeeAccept_Page": null

2024-10-17 14:44:15 - [TEST_STEP][PASSED] - selectOptionByLabel(findTestObject(orPath_Landing + "/dd_TaxType"), Taxtype, false): All options with label 'Existing Liability with Notice/Invoice Number' are selected in object 'Object Repository/RAD_Pages/Landing_Page/dd_TaxType' 

2024-10-17 14:44:18 - [MESSAGE][PASSED] - All options with label 'Existing Liability with Notice/Invoice Number' are selected in object 'Object Repository/RAD_Pages/Landing_Page/dd_TaxType' 

2024-10-17 14:44:18 - [TEST_STEP][PASSED] - delay(1): Delayed 1 second(s)

2024-10-17 14:44:19 - [MESSAGE][PASSED] - Delayed 1 second(s)

2024-10-17 14:44:19 - [TEST_STEP][PASSED] - selectOptionByLabel(findTestObject(orPath_TaxTypeFilingYear + "/select_TaxType_ExistingLiability"), TaxTypeEL, false): All options with label 'Transportation Network Services' are selected in object 'Object Repository/RAD_Pages/TaxTypeFilingYear_Page/select_TaxType_ExistingLiability' 

2024-10-17 14:44:19 - [MESSAGE][PASSED] - All options with label 'Transportation Network Services' are selected in object 'Object Repository/RAD_Pages/TaxTypeFilingYear_Page/select_TaxType_ExistingLiability' 

2024-10-17 14:44:19 - [TEST_STEP][PASSED] - setText(findTestObject(orPath_TaxInfo + "/input_NoticeInvoiceNumber"), notInvNumber): Text '0000000000' is set on object 'Object Repository/RAD_Pages/TaxInfo_Page/input_NoticeInvoiceNumber'

2024-10-17 14:44:20 - [MESSAGE][PASSED] - Text '0000000000' is set on object 'Object Repository/RAD_Pages/TaxInfo_Page/input_NoticeInvoiceNumber'

2024-10-17 14:44:20 - [TEST_STEP][PASSED] - setText(findTestObject(orPath_TaxInfo + "/input_reTypeNoticeInvoiceNumber"), notInvNumber): Text '0000000000' is set on object 'Object Repository/RAD_Pages/TaxInfo_Page/input_reTypeNoticeInvoiceNumber'

2024-10-17 14:44:21 - [MESSAGE][PASSED] - Text '0000000000' is set on object 'Object Repository/RAD_Pages/TaxInfo_Page/input_reTypeNoticeInvoiceNumber'

2024-10-17 14:44:21 - [TEST_STEP][PASSED] - println(notInvNumber): null

2024-10-17 14:44:21 - [TEST_STEP][PASSED] - if (verifyTextPresent(errorMsg, true)): null

2024-10-17 14:44:22 - [MESSAGE][PASSED] - Text 'Notice Number or Invoice Number must be 10, 11, or 13 digits in length, with a value greater than zero' is present on page  using regular expression

2024-10-17 14:44:22 - [TEST_STEP][PASSED] - println("Error Message is present on the page"): null

2024-10-17 14:44:22 - [TEST_STEP][PASSED] - out.println("Pass Record Number: " + row): null

2024-10-17 14:44:22 - [TEST_STEP][PASSED] - resText = "Pass": null

2024-10-17 14:44:22 - [TEST_STEP][PASSED] - pages.WriteExcel.demoKey(resText, datText, resColumn, datCloumn, fileLoc, nameSheet, row): pages.WriteExcel.demoKey is PASSED

2024-10-17 14:44:22 - [MESSAGE][PASSED] - pages.WriteExcel.demoKey is PASSED

2024-10-17 14:44:22 - [TEST_STEP][PASSED] - ExecuteTC = findTestData(dataFile).getValue("Execute", row): null

2024-10-17 14:44:22 - [TEST_STEP][PASSED] - Taxtype = findTestData(dataFile).getValue("TaxType", row): null

2024-10-17 14:44:22 - [TEST_STEP][PASSED] - TaxTypeEL = findTestData(dataFile).getValue("TaxTypeEL", row): null

2024-10-17 14:44:22 - [TEST_STEP][PASSED] - notInvNumber = findTestData(dataFile).getValue("NotiInvoNumber", row): null

2024-10-17 14:44:22 - [TEST_STEP][PASSED] - errorMsg = findTestData(dataFile).getValue("ErrorMessage", row): null

2024-10-17 14:44:22 - [TEST_STEP][PASSED] - out.println("Value of Execute is : " + ExecuteTC): null

2024-10-17 14:44:22 - [TEST_STEP][PASSED] - if (ExecuteTC.equalsIgnoreCase("Y")): null

2024-10-17 14:44:22 - [TEST_STEP][PASSED] - out.println("Begin Record Number: " + row): null

2024-10-17 14:44:22 - [TEST_STEP][PASSED] - today = new java.util.Date(): null

2024-10-17 14:44:22 - [TEST_STEP][PASSED] - println(today): null

2024-10-17 14:44:22 - [TEST_STEP][PASSED] - datText = today: null

2024-10-17 14:44:22 - [TEST_STEP][PASSED] - Taxtype = findTestData(dataFile).getValue("TaxType", row): null

2024-10-17 14:44:22 - [TEST_STEP][PASSED] - out.println("Taxtype value is : " + Taxtype): null

2024-10-17 14:44:22 - [TEST_STEP][PASSED] - openBrowser(""): Browser is opened with url: ''

2024-10-17 14:44:22 - [MESSAGE][WARNING] - A browser is already opened. Closing browser and opening a new one

2024-10-17 14:44:24 - [MESSAGE][INFO] - Starting 'Chrome' driver

2024-10-17 14:44:24 - [MESSAGE][INFO] - User set preference: ['acceptInsecureCerts', 'true']

2024-10-17 14:44:24 - [MESSAGE][INFO] - Action delay is set to 0 milliseconds

2024-10-17 14:44:26 - [MESSAGE][PASSED] - Browser is opened with url: ''

2024-10-17 14:44:26 - [TEST_STEP][PASSED] - maximizeWindow(): Current window maximized

2024-10-17 14:44:26 - [MESSAGE][PASSED] - Current window maximized

2024-10-17 14:44:26 - [TEST_STEP][PASSED] - navigateToUrl(RADurl): Navigate to 'https://demo.velocitypayment.com/client/rad/index.html' successfully

2024-10-17 14:44:27 - [MESSAGE][PASSED] - Navigate to 'https://demo.velocitypayment.com/client/rad/index.html' successfully

2024-10-17 14:44:27 - [TEST_STEP][PASSED] - orPath_Landing = "Object Repository/RAD_Pages/Landing_Page": null

2024-10-17 14:44:27 - [TEST_STEP][PASSED] - orPath_TaxTypeFilingYear = "Object Repository/RAD_Pages/TaxTypeFilingYear_Page": null

2024-10-17 14:44:27 - [TEST_STEP][PASSED] - orPath_TaxPayer = "Object Repository/RAD_Pages/Taxpayer_Page": null

2024-10-17 14:44:27 - [TEST_STEP][PASSED] - orPath_AddressContact = "Object Repository/RAD_Pages/AddressAndContactInfo_Page": null

2024-10-17 14:44:27 - [TEST_STEP][PASSED] - orPath_FilingStatus = "Object Repository/RAD_Pages/FilingStatus_Page": null

2024-10-17 14:44:27 - [TEST_STEP][PASSED] - orPath_Amount = "Object Repository/RAD_Pages/PaymentAmount_Page": null

2024-10-17 14:44:27 - [TEST_STEP][PASSED] - orPath_TaxInfo = "Object Repository/RAD_Pages/TaxInfo_Page": null

2024-10-17 14:44:27 - [TEST_STEP][PASSED] - orPath_Withholding = "Object Repository/RAD_Pages/Withholding_Page": null

2024-10-17 14:44:27 - [TEST_STEP][PASSED] - orPath_Summary = "Object Repository/RAD_Pages/Summary_Page": null

2024-10-17 14:44:27 - [TEST_STEP][PASSED] - orPath_PaymentReady = "Object Repository/RAD_Pages/PaymentReady_Page": null

2024-10-17 14:44:27 - [TEST_STEP][PASSED] - orPath_PaymentEntry = "Object Repository/RAD_Pages/PaymentEntry_Page": null

2024-10-17 14:44:27 - [TEST_STEP][PASSED] - orPath_PaymentConfirmation = "Object Repository/RAD_Pages/PaymentConfirmation_Page": null

2024-10-17 14:44:27 - [TEST_STEP][PASSED] - orPath_ServiceFeesAccept = "Object Repository/RAD_Pages/ServiceFeeAccept_Page": null

2024-10-17 14:44:27 - [TEST_STEP][PASSED] - selectOptionByLabel(findTestObject(orPath_Landing + "/dd_TaxType"), Taxtype, false): All options with label 'Existing Liability with Notice/Invoice Number' are selected in object 'Object Repository/RAD_Pages/Landing_Page/dd_TaxType' 

2024-10-17 14:44:28 - [MESSAGE][PASSED] - All options with label 'Existing Liability with Notice/Invoice Number' are selected in object 'Object Repository/RAD_Pages/Landing_Page/dd_TaxType' 

2024-10-17 14:44:28 - [TEST_STEP][PASSED] - delay(1): Delayed 1 second(s)

2024-10-17 14:44:29 - [MESSAGE][PASSED] - Delayed 1 second(s)

2024-10-17 14:44:29 - [TEST_STEP][PASSED] - selectOptionByLabel(findTestObject(orPath_TaxTypeFilingYear + "/select_TaxType_ExistingLiability"), TaxTypeEL, false): All options with label 'Unclaimed Property' are selected in object 'Object Repository/RAD_Pages/TaxTypeFilingYear_Page/select_TaxType_ExistingLiability' 

2024-10-17 14:44:30 - [MESSAGE][PASSED] - All options with label 'Unclaimed Property' are selected in object 'Object Repository/RAD_Pages/TaxTypeFilingYear_Page/select_TaxType_ExistingLiability' 

2024-10-17 14:44:30 - [TEST_STEP][PASSED] - setText(findTestObject(orPath_TaxInfo + "/input_NoticeInvoiceNumber"), notInvNumber): Text '123456789' is set on object 'Object Repository/RAD_Pages/TaxInfo_Page/input_NoticeInvoiceNumber'

2024-10-17 14:44:31 - [MESSAGE][PASSED] - Text '123456789' is set on object 'Object Repository/RAD_Pages/TaxInfo_Page/input_NoticeInvoiceNumber'

2024-10-17 14:44:31 - [TEST_STEP][PASSED] - setText(findTestObject(orPath_TaxInfo + "/input_reTypeNoticeInvoiceNumber"), notInvNumber): Text '123456789' is set on object 'Object Repository/RAD_Pages/TaxInfo_Page/input_reTypeNoticeInvoiceNumber'

2024-10-17 14:44:32 - [MESSAGE][PASSED] - Text '123456789' is set on object 'Object Repository/RAD_Pages/TaxInfo_Page/input_reTypeNoticeInvoiceNumber'

2024-10-17 14:44:32 - [TEST_STEP][PASSED] - println(notInvNumber): null

2024-10-17 14:44:32 - [TEST_STEP][PASSED] - if (verifyTextPresent(errorMsg, true)): null

2024-10-17 14:44:32 - [MESSAGE][PASSED] - Text 'Notice Number or Invoice Number must be 10, 11, or 13 digits in length, with a value greater than zero' is present on page  using regular expression

2024-10-17 14:44:32 - [TEST_STEP][PASSED] - println("Error Message is present on the page"): null

2024-10-17 14:44:32 - [TEST_STEP][PASSED] - out.println("Pass Record Number: " + row): null

2024-10-17 14:44:32 - [TEST_STEP][PASSED] - resText = "Pass": null

2024-10-17 14:44:32 - [TEST_STEP][PASSED] - pages.WriteExcel.demoKey(resText, datText, resColumn, datCloumn, fileLoc, nameSheet, row): pages.WriteExcel.demoKey is PASSED

2024-10-17 14:44:32 - [MESSAGE][PASSED] - pages.WriteExcel.demoKey is PASSED

2024-10-17 14:44:32 - [TEST_STEP][PASSED] - ExecuteTC = findTestData(dataFile).getValue("Execute", row): null

2024-10-17 14:44:32 - [TEST_STEP][PASSED] - Taxtype = findTestData(dataFile).getValue("TaxType", row): null

2024-10-17 14:44:32 - [TEST_STEP][PASSED] - TaxTypeEL = findTestData(dataFile).getValue("TaxTypeEL", row): null

2024-10-17 14:44:32 - [TEST_STEP][PASSED] - notInvNumber = findTestData(dataFile).getValue("NotiInvoNumber", row): null

2024-10-17 14:44:32 - [TEST_STEP][PASSED] - errorMsg = findTestData(dataFile).getValue("ErrorMessage", row): null

2024-10-17 14:44:33 - [TEST_STEP][PASSED] - out.println("Value of Execute is : " + ExecuteTC): null

2024-10-17 14:44:33 - [TEST_STEP][PASSED] - if (ExecuteTC.equalsIgnoreCase("Y")): null

2024-10-17 14:44:33 - [TEST_STEP][PASSED] - out.println("Begin Record Number: " + row): null

2024-10-17 14:44:33 - [TEST_STEP][PASSED] - today = new java.util.Date(): null

2024-10-17 14:44:33 - [TEST_STEP][PASSED] - println(today): null

2024-10-17 14:44:33 - [TEST_STEP][PASSED] - datText = today: null

2024-10-17 14:44:33 - [TEST_STEP][PASSED] - Taxtype = findTestData(dataFile).getValue("TaxType", row): null

2024-10-17 14:44:33 - [TEST_STEP][PASSED] - out.println("Taxtype value is : " + Taxtype): null

2024-10-17 14:44:33 - [TEST_STEP][PASSED] - openBrowser(""): Browser is opened with url: ''

2024-10-17 14:44:33 - [MESSAGE][WARNING] - A browser is already opened. Closing browser and opening a new one

2024-10-17 14:44:35 - [MESSAGE][INFO] - Starting 'Chrome' driver

2024-10-17 14:44:35 - [MESSAGE][INFO] - User set preference: ['acceptInsecureCerts', 'true']

2024-10-17 14:44:35 - [MESSAGE][INFO] - Action delay is set to 0 milliseconds

2024-10-17 14:44:36 - [MESSAGE][PASSED] - Browser is opened with url: ''

2024-10-17 14:44:36 - [TEST_STEP][PASSED] - maximizeWindow(): Current window maximized

2024-10-17 14:44:36 - [MESSAGE][PASSED] - Current window maximized

2024-10-17 14:44:36 - [TEST_STEP][PASSED] - navigateToUrl(RADurl): Navigate to 'https://demo.velocitypayment.com/client/rad/index.html' successfully

2024-10-17 14:44:38 - [MESSAGE][PASSED] - Navigate to 'https://demo.velocitypayment.com/client/rad/index.html' successfully

2024-10-17 14:44:38 - [TEST_STEP][PASSED] - orPath_Landing = "Object Repository/RAD_Pages/Landing_Page": null

2024-10-17 14:44:38 - [TEST_STEP][PASSED] - orPath_TaxTypeFilingYear = "Object Repository/RAD_Pages/TaxTypeFilingYear_Page": null

2024-10-17 14:44:38 - [TEST_STEP][PASSED] - orPath_TaxPayer = "Object Repository/RAD_Pages/Taxpayer_Page": null

2024-10-17 14:44:38 - [TEST_STEP][PASSED] - orPath_AddressContact = "Object Repository/RAD_Pages/AddressAndContactInfo_Page": null

2024-10-17 14:44:38 - [TEST_STEP][PASSED] - orPath_FilingStatus = "Object Repository/RAD_Pages/FilingStatus_Page": null

2024-10-17 14:44:38 - [TEST_STEP][PASSED] - orPath_Amount = "Object Repository/RAD_Pages/PaymentAmount_Page": null

2024-10-17 14:44:38 - [TEST_STEP][PASSED] - orPath_TaxInfo = "Object Repository/RAD_Pages/TaxInfo_Page": null

2024-10-17 14:44:38 - [TEST_STEP][PASSED] - orPath_Withholding = "Object Repository/RAD_Pages/Withholding_Page": null

2024-10-17 14:44:38 - [TEST_STEP][PASSED] - orPath_Summary = "Object Repository/RAD_Pages/Summary_Page": null

2024-10-17 14:44:38 - [TEST_STEP][PASSED] - orPath_PaymentReady = "Object Repository/RAD_Pages/PaymentReady_Page": null

2024-10-17 14:44:38 - [TEST_STEP][PASSED] - orPath_PaymentEntry = "Object Repository/RAD_Pages/PaymentEntry_Page": null

2024-10-17 14:44:38 - [TEST_STEP][PASSED] - orPath_PaymentConfirmation = "Object Repository/RAD_Pages/PaymentConfirmation_Page": null

2024-10-17 14:44:38 - [TEST_STEP][PASSED] - orPath_ServiceFeesAccept = "Object Repository/RAD_Pages/ServiceFeeAccept_Page": null

2024-10-17 14:44:38 - [TEST_STEP][PASSED] - selectOptionByLabel(findTestObject(orPath_Landing + "/dd_TaxType"), Taxtype, false): All options with label 'Existing Liability with Notice/Invoice Number' are selected in object 'Object Repository/RAD_Pages/Landing_Page/dd_TaxType' 

2024-10-17 14:44:39 - [MESSAGE][PASSED] - All options with label 'Existing Liability with Notice/Invoice Number' are selected in object 'Object Repository/RAD_Pages/Landing_Page/dd_TaxType' 

2024-10-17 14:44:39 - [TEST_STEP][PASSED] - delay(1): Delayed 1 second(s)

2024-10-17 14:44:40 - [MESSAGE][PASSED] - Delayed 1 second(s)

2024-10-17 14:44:40 - [TEST_STEP][PASSED] - selectOptionByLabel(findTestObject(orPath_TaxTypeFilingYear + "/select_TaxType_ExistingLiability"), TaxTypeEL, false): All options with label 'Unclaimed Property' are selected in object 'Object Repository/RAD_Pages/TaxTypeFilingYear_Page/select_TaxType_ExistingLiability' 

2024-10-17 14:44:41 - [MESSAGE][PASSED] - All options with label 'Unclaimed Property' are selected in object 'Object Repository/RAD_Pages/TaxTypeFilingYear_Page/select_TaxType_ExistingLiability' 

2024-10-17 14:44:41 - [TEST_STEP][PASSED] - setText(findTestObject(orPath_TaxInfo + "/input_NoticeInvoiceNumber"), notInvNumber): Text '123456789012' is set on object 'Object Repository/RAD_Pages/TaxInfo_Page/input_NoticeInvoiceNumber'

2024-10-17 14:44:41 - [MESSAGE][PASSED] - Text '123456789012' is set on object 'Object Repository/RAD_Pages/TaxInfo_Page/input_NoticeInvoiceNumber'

2024-10-17 14:44:41 - [TEST_STEP][PASSED] - setText(findTestObject(orPath_TaxInfo + "/input_reTypeNoticeInvoiceNumber"), notInvNumber): Text '123456789012' is set on object 'Object Repository/RAD_Pages/TaxInfo_Page/input_reTypeNoticeInvoiceNumber'

2024-10-17 14:44:42 - [MESSAGE][PASSED] - Text '123456789012' is set on object 'Object Repository/RAD_Pages/TaxInfo_Page/input_reTypeNoticeInvoiceNumber'

2024-10-17 14:44:42 - [TEST_STEP][PASSED] - println(notInvNumber): null

2024-10-17 14:44:42 - [TEST_STEP][PASSED] - if (verifyTextPresent(errorMsg, true)): null

2024-10-17 14:44:43 - [MESSAGE][PASSED] - Text 'Notice Number or Invoice Number must be 10, 11, or 13 digits in length, with a value greater than zero' is present on page  using regular expression

2024-10-17 14:44:43 - [TEST_STEP][PASSED] - println("Error Message is present on the page"): null

2024-10-17 14:44:43 - [TEST_STEP][PASSED] - out.println("Pass Record Number: " + row): null

2024-10-17 14:44:43 - [TEST_STEP][PASSED] - resText = "Pass": null

2024-10-17 14:44:43 - [TEST_STEP][PASSED] - pages.WriteExcel.demoKey(resText, datText, resColumn, datCloumn, fileLoc, nameSheet, row): pages.WriteExcel.demoKey is PASSED

2024-10-17 14:44:43 - [MESSAGE][PASSED] - pages.WriteExcel.demoKey is PASSED

2024-10-17 14:44:43 - [TEST_STEP][PASSED] - ExecuteTC = findTestData(dataFile).getValue("Execute", row): null

2024-10-17 14:44:43 - [TEST_STEP][PASSED] - Taxtype = findTestData(dataFile).getValue("TaxType", row): null

2024-10-17 14:44:43 - [TEST_STEP][PASSED] - TaxTypeEL = findTestData(dataFile).getValue("TaxTypeEL", row): null

2024-10-17 14:44:43 - [TEST_STEP][PASSED] - notInvNumber = findTestData(dataFile).getValue("NotiInvoNumber", row): null

2024-10-17 14:44:43 - [TEST_STEP][PASSED] - errorMsg = findTestData(dataFile).getValue("ErrorMessage", row): null

2024-10-17 14:44:43 - [TEST_STEP][PASSED] - out.println("Value of Execute is : " + ExecuteTC): null

2024-10-17 14:44:43 - [TEST_STEP][PASSED] - if (ExecuteTC.equalsIgnoreCase("Y")): null

2024-10-17 14:44:43 - [TEST_STEP][PASSED] - out.println("Begin Record Number: " + row): null

2024-10-17 14:44:43 - [TEST_STEP][PASSED] - today = new java.util.Date(): null

2024-10-17 14:44:43 - [TEST_STEP][PASSED] - println(today): null

2024-10-17 14:44:43 - [TEST_STEP][PASSED] - datText = today: null

2024-10-17 14:44:43 - [TEST_STEP][PASSED] - Taxtype = findTestData(dataFile).getValue("TaxType", row): null

2024-10-17 14:44:43 - [TEST_STEP][PASSED] - out.println("Taxtype value is : " + Taxtype): null

2024-10-17 14:44:43 - [TEST_STEP][PASSED] - openBrowser(""): Browser is opened with url: ''

2024-10-17 14:44:43 - [MESSAGE][WARNING] - A browser is already opened. Closing browser and opening a new one

2024-10-17 14:44:45 - [MESSAGE][INFO] - Starting 'Chrome' driver

2024-10-17 14:44:45 - [MESSAGE][INFO] - User set preference: ['acceptInsecureCerts', 'true']

2024-10-17 14:44:45 - [MESSAGE][INFO] - Action delay is set to 0 milliseconds

2024-10-17 14:44:47 - [MESSAGE][PASSED] - Browser is opened with url: ''

2024-10-17 14:44:47 - [TEST_STEP][PASSED] - maximizeWindow(): Current window maximized

2024-10-17 14:44:47 - [MESSAGE][PASSED] - Current window maximized

2024-10-17 14:44:47 - [TEST_STEP][PASSED] - navigateToUrl(RADurl): Navigate to 'https://demo.velocitypayment.com/client/rad/index.html' successfully

2024-10-17 14:44:47 - [MESSAGE][PASSED] - Navigate to 'https://demo.velocitypayment.com/client/rad/index.html' successfully

2024-10-17 14:44:47 - [TEST_STEP][PASSED] - orPath_Landing = "Object Repository/RAD_Pages/Landing_Page": null

2024-10-17 14:44:47 - [TEST_STEP][PASSED] - orPath_TaxTypeFilingYear = "Object Repository/RAD_Pages/TaxTypeFilingYear_Page": null

2024-10-17 14:44:47 - [TEST_STEP][PASSED] - orPath_TaxPayer = "Object Repository/RAD_Pages/Taxpayer_Page": null

2024-10-17 14:44:47 - [TEST_STEP][PASSED] - orPath_AddressContact = "Object Repository/RAD_Pages/AddressAndContactInfo_Page": null

2024-10-17 14:44:47 - [TEST_STEP][PASSED] - orPath_FilingStatus = "Object Repository/RAD_Pages/FilingStatus_Page": null

2024-10-17 14:44:47 - [TEST_STEP][PASSED] - orPath_Amount = "Object Repository/RAD_Pages/PaymentAmount_Page": null

2024-10-17 14:44:47 - [TEST_STEP][PASSED] - orPath_TaxInfo = "Object Repository/RAD_Pages/TaxInfo_Page": null

2024-10-17 14:44:47 - [TEST_STEP][PASSED] - orPath_Withholding = "Object Repository/RAD_Pages/Withholding_Page": null

2024-10-17 14:44:47 - [TEST_STEP][PASSED] - orPath_Summary = "Object Repository/RAD_Pages/Summary_Page": null

2024-10-17 14:44:47 - [TEST_STEP][PASSED] - orPath_PaymentReady = "Object Repository/RAD_Pages/PaymentReady_Page": null

2024-10-17 14:44:47 - [TEST_STEP][PASSED] - orPath_PaymentEntry = "Object Repository/RAD_Pages/PaymentEntry_Page": null

2024-10-17 14:44:47 - [TEST_STEP][PASSED] - orPath_PaymentConfirmation = "Object Repository/RAD_Pages/PaymentConfirmation_Page": null

2024-10-17 14:44:47 - [TEST_STEP][PASSED] - orPath_ServiceFeesAccept = "Object Repository/RAD_Pages/ServiceFeeAccept_Page": null

2024-10-17 14:44:47 - [TEST_STEP][PASSED] - selectOptionByLabel(findTestObject(orPath_Landing + "/dd_TaxType"), Taxtype, false): All options with label 'Existing Liability with Notice/Invoice Number' are selected in object 'Object Repository/RAD_Pages/Landing_Page/dd_TaxType' 

2024-10-17 14:44:49 - [MESSAGE][PASSED] - All options with label 'Existing Liability with Notice/Invoice Number' are selected in object 'Object Repository/RAD_Pages/Landing_Page/dd_TaxType' 

2024-10-17 14:44:49 - [TEST_STEP][PASSED] - delay(1): Delayed 1 second(s)

2024-10-17 14:44:50 - [MESSAGE][PASSED] - Delayed 1 second(s)

2024-10-17 14:44:50 - [TEST_STEP][PASSED] - selectOptionByLabel(findTestObject(orPath_TaxTypeFilingYear + "/select_TaxType_ExistingLiability"), TaxTypeEL, false): All options with label 'Unclaimed Property' are selected in object 'Object Repository/RAD_Pages/TaxTypeFilingYear_Page/select_TaxType_ExistingLiability' 

2024-10-17 14:44:51 - [MESSAGE][PASSED] - All options with label 'Unclaimed Property' are selected in object 'Object Repository/RAD_Pages/TaxTypeFilingYear_Page/select_TaxType_ExistingLiability' 

2024-10-17 14:44:51 - [TEST_STEP][PASSED] - setText(findTestObject(orPath_TaxInfo + "/input_NoticeInvoiceNumber"), notInvNumber): Text '0000000000' is set on object 'Object Repository/RAD_Pages/TaxInfo_Page/input_NoticeInvoiceNumber'

2024-10-17 14:44:52 - [MESSAGE][PASSED] - Text '0000000000' is set on object 'Object Repository/RAD_Pages/TaxInfo_Page/input_NoticeInvoiceNumber'

2024-10-17 14:44:52 - [TEST_STEP][PASSED] - setText(findTestObject(orPath_TaxInfo + "/input_reTypeNoticeInvoiceNumber"), notInvNumber): Text '0000000000' is set on object 'Object Repository/RAD_Pages/TaxInfo_Page/input_reTypeNoticeInvoiceNumber'

2024-10-17 14:44:53 - [MESSAGE][PASSED] - Text '0000000000' is set on object 'Object Repository/RAD_Pages/TaxInfo_Page/input_reTypeNoticeInvoiceNumber'

2024-10-17 14:44:53 - [TEST_STEP][PASSED] - println(notInvNumber): null

2024-10-17 14:44:53 - [TEST_STEP][PASSED] - if (verifyTextPresent(errorMsg, true)): null

2024-10-17 14:44:53 - [MESSAGE][PASSED] - Text 'Notice Number or Invoice Number must be 10, 11, or 13 digits in length, with a value greater than zero' is present on page  using regular expression

2024-10-17 14:44:53 - [TEST_STEP][PASSED] - println("Error Message is present on the page"): null

2024-10-17 14:44:53 - [TEST_STEP][PASSED] - out.println("Pass Record Number: " + row): null

2024-10-17 14:44:53 - [TEST_STEP][PASSED] - resText = "Pass": null

2024-10-17 14:44:53 - [TEST_STEP][PASSED] - pages.WriteExcel.demoKey(resText, datText, resColumn, datCloumn, fileLoc, nameSheet, row): pages.WriteExcel.demoKey is PASSED

2024-10-17 14:44:53 - [MESSAGE][PASSED] - pages.WriteExcel.demoKey is PASSED

2024-10-17 14:44:53 - [TEST_STEP][PASSED] - ExecuteTC = findTestData(dataFile).getValue("Execute", row): null

2024-10-17 14:44:53 - [TEST_STEP][PASSED] - Taxtype = findTestData(dataFile).getValue("TaxType", row): null

2024-10-17 14:44:53 - [TEST_STEP][PASSED] - TaxTypeEL = findTestData(dataFile).getValue("TaxTypeEL", row): null

2024-10-17 14:44:53 - [TEST_STEP][PASSED] - notInvNumber = findTestData(dataFile).getValue("NotiInvoNumber", row): null

2024-10-17 14:44:53 - [TEST_STEP][PASSED] - errorMsg = findTestData(dataFile).getValue("ErrorMessage", row): null

2024-10-17 14:44:54 - [TEST_STEP][PASSED] - out.println("Value of Execute is : " + ExecuteTC): null

2024-10-17 14:44:54 - [TEST_STEP][PASSED] - if (ExecuteTC.equalsIgnoreCase("Y")): null

2024-10-17 14:44:54 - [TEST_STEP][PASSED] - out.println("Begin Record Number: " + row): null

2024-10-17 14:44:54 - [TEST_STEP][PASSED] - today = new java.util.Date(): null

2024-10-17 14:44:54 - [TEST_STEP][PASSED] - println(today): null

2024-10-17 14:44:54 - [TEST_STEP][PASSED] - datText = today: null

2024-10-17 14:44:54 - [TEST_STEP][PASSED] - Taxtype = findTestData(dataFile).getValue("TaxType", row): null

2024-10-17 14:44:54 - [TEST_STEP][PASSED] - out.println("Taxtype value is : " + Taxtype): null

2024-10-17 14:44:54 - [TEST_STEP][PASSED] - openBrowser(""): Browser is opened with url: ''

2024-10-17 14:44:54 - [MESSAGE][WARNING] - A browser is already opened. Closing browser and opening a new one

2024-10-17 14:44:56 - [MESSAGE][INFO] - Starting 'Chrome' driver

2024-10-17 14:44:56 - [MESSAGE][INFO] - User set preference: ['acceptInsecureCerts', 'true']

2024-10-17 14:44:56 - [MESSAGE][INFO] - Action delay is set to 0 milliseconds

2024-10-17 14:44:57 - [MESSAGE][PASSED] - Browser is opened with url: ''

2024-10-17 14:44:57 - [TEST_STEP][PASSED] - maximizeWindow(): Current window maximized

2024-10-17 14:44:57 - [MESSAGE][PASSED] - Current window maximized

2024-10-17 14:44:57 - [TEST_STEP][PASSED] - navigateToUrl(RADurl): Navigate to 'https://demo.velocitypayment.com/client/rad/index.html' successfully

2024-10-17 14:44:59 - [MESSAGE][PASSED] - Navigate to 'https://demo.velocitypayment.com/client/rad/index.html' successfully

2024-10-17 14:44:59 - [TEST_STEP][PASSED] - orPath_Landing = "Object Repository/RAD_Pages/Landing_Page": null

2024-10-17 14:44:59 - [TEST_STEP][PASSED] - orPath_TaxTypeFilingYear = "Object Repository/RAD_Pages/TaxTypeFilingYear_Page": null

2024-10-17 14:44:59 - [TEST_STEP][PASSED] - orPath_TaxPayer = "Object Repository/RAD_Pages/Taxpayer_Page": null

2024-10-17 14:44:59 - [TEST_STEP][PASSED] - orPath_AddressContact = "Object Repository/RAD_Pages/AddressAndContactInfo_Page": null

2024-10-17 14:44:59 - [TEST_STEP][PASSED] - orPath_FilingStatus = "Object Repository/RAD_Pages/FilingStatus_Page": null

2024-10-17 14:44:59 - [TEST_STEP][PASSED] - orPath_Amount = "Object Repository/RAD_Pages/PaymentAmount_Page": null

2024-10-17 14:44:59 - [TEST_STEP][PASSED] - orPath_TaxInfo = "Object Repository/RAD_Pages/TaxInfo_Page": null

2024-10-17 14:44:59 - [TEST_STEP][PASSED] - orPath_Withholding = "Object Repository/RAD_Pages/Withholding_Page": null

2024-10-17 14:44:59 - [TEST_STEP][PASSED] - orPath_Summary = "Object Repository/RAD_Pages/Summary_Page": null

2024-10-17 14:44:59 - [TEST_STEP][PASSED] - orPath_PaymentReady = "Object Repository/RAD_Pages/PaymentReady_Page": null

2024-10-17 14:44:59 - [TEST_STEP][PASSED] - orPath_PaymentEntry = "Object Repository/RAD_Pages/PaymentEntry_Page": null

2024-10-17 14:44:59 - [TEST_STEP][PASSED] - orPath_PaymentConfirmation = "Object Repository/RAD_Pages/PaymentConfirmation_Page": null

2024-10-17 14:44:59 - [TEST_STEP][PASSED] - orPath_ServiceFeesAccept = "Object Repository/RAD_Pages/ServiceFeeAccept_Page": null

2024-10-17 14:44:59 - [TEST_STEP][PASSED] - selectOptionByLabel(findTestObject(orPath_Landing + "/dd_TaxType"), Taxtype, false): All options with label 'Existing Liability with Notice/Invoice Number' are selected in object 'Object Repository/RAD_Pages/Landing_Page/dd_TaxType' 

2024-10-17 14:45:00 - [MESSAGE][PASSED] - All options with label 'Existing Liability with Notice/Invoice Number' are selected in object 'Object Repository/RAD_Pages/Landing_Page/dd_TaxType' 

2024-10-17 14:45:00 - [TEST_STEP][PASSED] - delay(1): Delayed 1 second(s)

2024-10-17 14:45:01 - [MESSAGE][PASSED] - Delayed 1 second(s)

2024-10-17 14:45:01 - [TEST_STEP][PASSED] - selectOptionByLabel(findTestObject(orPath_TaxTypeFilingYear + "/select_TaxType_ExistingLiability"), TaxTypeEL, false): All options with label 'IFTA Tax' are selected in object 'Object Repository/RAD_Pages/TaxTypeFilingYear_Page/select_TaxType_ExistingLiability' 

2024-10-17 14:45:02 - [MESSAGE][PASSED] - All options with label 'IFTA Tax' are selected in object 'Object Repository/RAD_Pages/TaxTypeFilingYear_Page/select_TaxType_ExistingLiability' 

2024-10-17 14:45:02 - [TEST_STEP][PASSED] - setText(findTestObject(orPath_TaxInfo + "/input_NoticeInvoiceNumber"), notInvNumber): Text '123456789' is set on object 'Object Repository/RAD_Pages/TaxInfo_Page/input_NoticeInvoiceNumber'

2024-10-17 14:45:03 - [MESSAGE][PASSED] - Text '123456789' is set on object 'Object Repository/RAD_Pages/TaxInfo_Page/input_NoticeInvoiceNumber'

2024-10-17 14:45:03 - [TEST_STEP][PASSED] - setText(findTestObject(orPath_TaxInfo + "/input_reTypeNoticeInvoiceNumber"), notInvNumber): Text '123456789' is set on object 'Object Repository/RAD_Pages/TaxInfo_Page/input_reTypeNoticeInvoiceNumber'

2024-10-17 14:45:03 - [MESSAGE][PASSED] - Text '123456789' is set on object 'Object Repository/RAD_Pages/TaxInfo_Page/input_reTypeNoticeInvoiceNumber'

2024-10-17 14:45:03 - [TEST_STEP][PASSED] - println(notInvNumber): null

2024-10-17 14:45:03 - [TEST_STEP][PASSED] - if (verifyTextPresent(errorMsg, true)): null

2024-10-17 14:45:04 - [MESSAGE][PASSED] - Text 'Notice Number or Invoice Number must be 10, 11, or 13 digits in length, with a value greater than zero' is present on page  using regular expression

2024-10-17 14:45:04 - [TEST_STEP][PASSED] - println("Error Message is present on the page"): null

2024-10-17 14:45:04 - [TEST_STEP][PASSED] - out.println("Pass Record Number: " + row): null

2024-10-17 14:45:04 - [TEST_STEP][PASSED] - resText = "Pass": null

2024-10-17 14:45:04 - [TEST_STEP][PASSED] - pages.WriteExcel.demoKey(resText, datText, resColumn, datCloumn, fileLoc, nameSheet, row): pages.WriteExcel.demoKey is PASSED

2024-10-17 14:45:04 - [MESSAGE][PASSED] - pages.WriteExcel.demoKey is PASSED

2024-10-17 14:45:04 - [TEST_STEP][PASSED] - ExecuteTC = findTestData(dataFile).getValue("Execute", row): null

2024-10-17 14:45:04 - [TEST_STEP][PASSED] - Taxtype = findTestData(dataFile).getValue("TaxType", row): null

2024-10-17 14:45:04 - [TEST_STEP][PASSED] - TaxTypeEL = findTestData(dataFile).getValue("TaxTypeEL", row): null

2024-10-17 14:45:04 - [TEST_STEP][PASSED] - notInvNumber = findTestData(dataFile).getValue("NotiInvoNumber", row): null

2024-10-17 14:45:04 - [TEST_STEP][PASSED] - errorMsg = findTestData(dataFile).getValue("ErrorMessage", row): null

2024-10-17 14:45:04 - [TEST_STEP][PASSED] - out.println("Value of Execute is : " + ExecuteTC): null

2024-10-17 14:45:04 - [TEST_STEP][PASSED] - if (ExecuteTC.equalsIgnoreCase("Y")): null

2024-10-17 14:45:04 - [TEST_STEP][PASSED] - out.println("Begin Record Number: " + row): null

2024-10-17 14:45:04 - [TEST_STEP][PASSED] - today = new java.util.Date(): null

2024-10-17 14:45:04 - [TEST_STEP][PASSED] - println(today): null

2024-10-17 14:45:04 - [TEST_STEP][PASSED] - datText = today: null

2024-10-17 14:45:04 - [TEST_STEP][PASSED] - Taxtype = findTestData(dataFile).getValue("TaxType", row): null

2024-10-17 14:45:04 - [TEST_STEP][PASSED] - out.println("Taxtype value is : " + Taxtype): null

2024-10-17 14:45:04 - [TEST_STEP][PASSED] - openBrowser(""): Browser is opened with url: ''

2024-10-17 14:45:04 - [MESSAGE][WARNING] - A browser is already opened. Closing browser and opening a new one

2024-10-17 14:45:06 - [MESSAGE][INFO] - Starting 'Chrome' driver

2024-10-17 14:45:06 - [MESSAGE][INFO] - User set preference: ['acceptInsecureCerts', 'true']

2024-10-17 14:45:06 - [MESSAGE][INFO] - Action delay is set to 0 milliseconds

2024-10-17 14:45:08 - [MESSAGE][PASSED] - Browser is opened with url: ''

2024-10-17 14:45:08 - [TEST_STEP][PASSED] - maximizeWindow(): Current window maximized

2024-10-17 14:45:08 - [MESSAGE][PASSED] - Current window maximized

2024-10-17 14:45:08 - [TEST_STEP][PASSED] - navigateToUrl(RADurl): Navigate to 'https://demo.velocitypayment.com/client/rad/index.html' successfully

2024-10-17 14:45:08 - [MESSAGE][PASSED] - Navigate to 'https://demo.velocitypayment.com/client/rad/index.html' successfully

2024-10-17 14:45:08 - [TEST_STEP][PASSED] - orPath_Landing = "Object Repository/RAD_Pages/Landing_Page": null

2024-10-17 14:45:08 - [TEST_STEP][PASSED] - orPath_TaxTypeFilingYear = "Object Repository/RAD_Pages/TaxTypeFilingYear_Page": null

2024-10-17 14:45:08 - [TEST_STEP][PASSED] - orPath_TaxPayer = "Object Repository/RAD_Pages/Taxpayer_Page": null

2024-10-17 14:45:08 - [TEST_STEP][PASSED] - orPath_AddressContact = "Object Repository/RAD_Pages/AddressAndContactInfo_Page": null

2024-10-17 14:45:08 - [TEST_STEP][PASSED] - orPath_FilingStatus = "Object Repository/RAD_Pages/FilingStatus_Page": null

2024-10-17 14:45:08 - [TEST_STEP][PASSED] - orPath_Amount = "Object Repository/RAD_Pages/PaymentAmount_Page": null

2024-10-17 14:45:08 - [TEST_STEP][PASSED] - orPath_TaxInfo = "Object Repository/RAD_Pages/TaxInfo_Page": null

2024-10-17 14:45:08 - [TEST_STEP][PASSED] - orPath_Withholding = "Object Repository/RAD_Pages/Withholding_Page": null

2024-10-17 14:45:08 - [TEST_STEP][PASSED] - orPath_Summary = "Object Repository/RAD_Pages/Summary_Page": null

2024-10-17 14:45:08 - [TEST_STEP][PASSED] - orPath_PaymentReady = "Object Repository/RAD_Pages/PaymentReady_Page": null

2024-10-17 14:45:08 - [TEST_STEP][PASSED] - orPath_PaymentEntry = "Object Repository/RAD_Pages/PaymentEntry_Page": null

2024-10-17 14:45:08 - [TEST_STEP][PASSED] - orPath_PaymentConfirmation = "Object Repository/RAD_Pages/PaymentConfirmation_Page": null

2024-10-17 14:45:08 - [TEST_STEP][PASSED] - orPath_ServiceFeesAccept = "Object Repository/RAD_Pages/ServiceFeeAccept_Page": null

2024-10-17 14:45:08 - [TEST_STEP][PASSED] - selectOptionByLabel(findTestObject(orPath_Landing + "/dd_TaxType"), Taxtype, false): All options with label 'Existing Liability with Notice/Invoice Number' are selected in object 'Object Repository/RAD_Pages/Landing_Page/dd_TaxType' 

2024-10-17 14:45:10 - [MESSAGE][PASSED] - All options with label 'Existing Liability with Notice/Invoice Number' are selected in object 'Object Repository/RAD_Pages/Landing_Page/dd_TaxType' 

2024-10-17 14:45:10 - [TEST_STEP][PASSED] - delay(1): Delayed 1 second(s)

2024-10-17 14:45:11 - [MESSAGE][PASSED] - Delayed 1 second(s)

2024-10-17 14:45:11 - [TEST_STEP][PASSED] - selectOptionByLabel(findTestObject(orPath_TaxTypeFilingYear + "/select_TaxType_ExistingLiability"), TaxTypeEL, false): All options with label 'IFTA Tax' are selected in object 'Object Repository/RAD_Pages/TaxTypeFilingYear_Page/select_TaxType_ExistingLiability' 

2024-10-17 14:45:12 - [MESSAGE][PASSED] - All options with label 'IFTA Tax' are selected in object 'Object Repository/RAD_Pages/TaxTypeFilingYear_Page/select_TaxType_ExistingLiability' 

2024-10-17 14:45:12 - [TEST_STEP][PASSED] - setText(findTestObject(orPath_TaxInfo + "/input_NoticeInvoiceNumber"), notInvNumber): Text '123456789012' is set on object 'Object Repository/RAD_Pages/TaxInfo_Page/input_NoticeInvoiceNumber'

2024-10-17 14:45:13 - [MESSAGE][PASSED] - Text '123456789012' is set on object 'Object Repository/RAD_Pages/TaxInfo_Page/input_NoticeInvoiceNumber'

2024-10-17 14:45:13 - [TEST_STEP][PASSED] - setText(findTestObject(orPath_TaxInfo + "/input_reTypeNoticeInvoiceNumber"), notInvNumber): Text '123456789012' is set on object 'Object Repository/RAD_Pages/TaxInfo_Page/input_reTypeNoticeInvoiceNumber'

2024-10-17 14:45:14 - [MESSAGE][PASSED] - Text '123456789012' is set on object 'Object Repository/RAD_Pages/TaxInfo_Page/input_reTypeNoticeInvoiceNumber'

2024-10-17 14:45:14 - [TEST_STEP][PASSED] - println(notInvNumber): null

2024-10-17 14:45:14 - [TEST_STEP][PASSED] - if (verifyTextPresent(errorMsg, true)): null

2024-10-17 14:45:14 - [MESSAGE][PASSED] - Text 'Notice Number or Invoice Number must be 10, 11, or 13 digits in length, with a value greater than zero' is present on page  using regular expression

2024-10-17 14:45:14 - [TEST_STEP][PASSED] - println("Error Message is present on the page"): null

2024-10-17 14:45:14 - [TEST_STEP][PASSED] - out.println("Pass Record Number: " + row): null

2024-10-17 14:45:14 - [TEST_STEP][PASSED] - resText = "Pass": null

2024-10-17 14:45:14 - [TEST_STEP][PASSED] - pages.WriteExcel.demoKey(resText, datText, resColumn, datCloumn, fileLoc, nameSheet, row): pages.WriteExcel.demoKey is PASSED

2024-10-17 14:45:14 - [MESSAGE][PASSED] - pages.WriteExcel.demoKey is PASSED

2024-10-17 14:45:14 - [TEST_STEP][PASSED] - ExecuteTC = findTestData(dataFile).getValue("Execute", row): null

2024-10-17 14:45:14 - [TEST_STEP][PASSED] - Taxtype = findTestData(dataFile).getValue("TaxType", row): null

2024-10-17 14:45:14 - [TEST_STEP][PASSED] - TaxTypeEL = findTestData(dataFile).getValue("TaxTypeEL", row): null

2024-10-17 14:45:14 - [TEST_STEP][PASSED] - notInvNumber = findTestData(dataFile).getValue("NotiInvoNumber", row): null

2024-10-17 14:45:15 - [TEST_STEP][PASSED] - errorMsg = findTestData(dataFile).getValue("ErrorMessage", row): null

2024-10-17 14:45:15 - [TEST_STEP][PASSED] - out.println("Value of Execute is : " + ExecuteTC): null

2024-10-17 14:45:15 - [TEST_STEP][PASSED] - if (ExecuteTC.equalsIgnoreCase("Y")): null

2024-10-17 14:45:15 - [TEST_STEP][PASSED] - out.println("Begin Record Number: " + row): null

2024-10-17 14:45:15 - [TEST_STEP][PASSED] - today = new java.util.Date(): null

2024-10-17 14:45:15 - [TEST_STEP][PASSED] - println(today): null

2024-10-17 14:45:15 - [TEST_STEP][PASSED] - datText = today: null

2024-10-17 14:45:15 - [TEST_STEP][PASSED] - Taxtype = findTestData(dataFile).getValue("TaxType", row): null

2024-10-17 14:45:15 - [TEST_STEP][PASSED] - out.println("Taxtype value is : " + Taxtype): null

2024-10-17 14:45:15 - [TEST_STEP][PASSED] - openBrowser(""): Browser is opened with url: ''

2024-10-17 14:45:15 - [MESSAGE][WARNING] - A browser is already opened. Closing browser and opening a new one

2024-10-17 14:45:16 - [MESSAGE][INFO] - Starting 'Chrome' driver

2024-10-17 14:45:16 - [MESSAGE][INFO] - User set preference: ['acceptInsecureCerts', 'true']

2024-10-17 14:45:16 - [MESSAGE][INFO] - Action delay is set to 0 milliseconds

2024-10-17 14:45:18 - [MESSAGE][PASSED] - Browser is opened with url: ''

2024-10-17 14:45:18 - [TEST_STEP][PASSED] - maximizeWindow(): Current window maximized

2024-10-17 14:45:18 - [MESSAGE][PASSED] - Current window maximized

2024-10-17 14:45:18 - [TEST_STEP][PASSED] - navigateToUrl(RADurl): Navigate to 'https://demo.velocitypayment.com/client/rad/index.html' successfully

2024-10-17 14:45:18 - [MESSAGE][PASSED] - Navigate to 'https://demo.velocitypayment.com/client/rad/index.html' successfully

2024-10-17 14:45:18 - [TEST_STEP][PASSED] - orPath_Landing = "Object Repository/RAD_Pages/Landing_Page": null

2024-10-17 14:45:18 - [TEST_STEP][PASSED] - orPath_TaxTypeFilingYear = "Object Repository/RAD_Pages/TaxTypeFilingYear_Page": null

2024-10-17 14:45:18 - [TEST_STEP][PASSED] - orPath_TaxPayer = "Object Repository/RAD_Pages/Taxpayer_Page": null

2024-10-17 14:45:18 - [TEST_STEP][PASSED] - orPath_AddressContact = "Object Repository/RAD_Pages/AddressAndContactInfo_Page": null

2024-10-17 14:45:18 - [TEST_STEP][PASSED] - orPath_FilingStatus = "Object Repository/RAD_Pages/FilingStatus_Page": null

2024-10-17 14:45:18 - [TEST_STEP][PASSED] - orPath_Amount = "Object Repository/RAD_Pages/PaymentAmount_Page": null

2024-10-17 14:45:18 - [TEST_STEP][PASSED] - orPath_TaxInfo = "Object Repository/RAD_Pages/TaxInfo_Page": null

2024-10-17 14:45:18 - [TEST_STEP][PASSED] - orPath_Withholding = "Object Repository/RAD_Pages/Withholding_Page": null

2024-10-17 14:45:18 - [TEST_STEP][PASSED] - orPath_Summary = "Object Repository/RAD_Pages/Summary_Page": null

2024-10-17 14:45:18 - [TEST_STEP][PASSED] - orPath_PaymentReady = "Object Repository/RAD_Pages/PaymentReady_Page": null

2024-10-17 14:45:18 - [TEST_STEP][PASSED] - orPath_PaymentEntry = "Object Repository/RAD_Pages/PaymentEntry_Page": null

2024-10-17 14:45:18 - [TEST_STEP][PASSED] - orPath_PaymentConfirmation = "Object Repository/RAD_Pages/PaymentConfirmation_Page": null

2024-10-17 14:45:18 - [TEST_STEP][PASSED] - orPath_ServiceFeesAccept = "Object Repository/RAD_Pages/ServiceFeeAccept_Page": null

2024-10-17 14:45:18 - [TEST_STEP][PASSED] - selectOptionByLabel(findTestObject(orPath_Landing + "/dd_TaxType"), Taxtype, false): All options with label 'Existing Liability with Notice/Invoice Number' are selected in object 'Object Repository/RAD_Pages/Landing_Page/dd_TaxType' 

2024-10-17 14:45:21 - [MESSAGE][PASSED] - All options with label 'Existing Liability with Notice/Invoice Number' are selected in object 'Object Repository/RAD_Pages/Landing_Page/dd_TaxType' 

2024-10-17 14:45:21 - [TEST_STEP][PASSED] - delay(1): Delayed 1 second(s)

2024-10-17 14:45:22 - [MESSAGE][PASSED] - Delayed 1 second(s)

2024-10-17 14:45:22 - [TEST_STEP][PASSED] - selectOptionByLabel(findTestObject(orPath_TaxTypeFilingYear + "/select_TaxType_ExistingLiability"), TaxTypeEL, false): All options with label 'IFTA Tax' are selected in object 'Object Repository/RAD_Pages/TaxTypeFilingYear_Page/select_TaxType_ExistingLiability' 

2024-10-17 14:45:22 - [MESSAGE][PASSED] - All options with label 'IFTA Tax' are selected in object 'Object Repository/RAD_Pages/TaxTypeFilingYear_Page/select_TaxType_ExistingLiability' 

2024-10-17 14:45:22 - [TEST_STEP][PASSED] - setText(findTestObject(orPath_TaxInfo + "/input_NoticeInvoiceNumber"), notInvNumber): Text '0000000000' is set on object 'Object Repository/RAD_Pages/TaxInfo_Page/input_NoticeInvoiceNumber'

2024-10-17 14:45:23 - [MESSAGE][PASSED] - Text '0000000000' is set on object 'Object Repository/RAD_Pages/TaxInfo_Page/input_NoticeInvoiceNumber'

2024-10-17 14:45:23 - [TEST_STEP][PASSED] - setText(findTestObject(orPath_TaxInfo + "/input_reTypeNoticeInvoiceNumber"), notInvNumber): Text '0000000000' is set on object 'Object Repository/RAD_Pages/TaxInfo_Page/input_reTypeNoticeInvoiceNumber'

2024-10-17 14:45:24 - [MESSAGE][PASSED] - Text '0000000000' is set on object 'Object Repository/RAD_Pages/TaxInfo_Page/input_reTypeNoticeInvoiceNumber'

2024-10-17 14:45:24 - [TEST_STEP][PASSED] - println(notInvNumber): null

2024-10-17 14:45:24 - [TEST_STEP][PASSED] - if (verifyTextPresent(errorMsg, true)): null

2024-10-17 14:45:25 - [MESSAGE][PASSED] - Text 'Notice Number or Invoice Number must be 10, 11, or 13 digits in length, with a value greater than zero' is present on page  using regular expression

2024-10-17 14:45:25 - [TEST_STEP][PASSED] - println("Error Message is present on the page"): null

2024-10-17 14:45:25 - [TEST_STEP][PASSED] - out.println("Pass Record Number: " + row): null

2024-10-17 14:45:25 - [TEST_STEP][PASSED] - resText = "Pass": null

2024-10-17 14:45:25 - [TEST_STEP][PASSED] - pages.WriteExcel.demoKey(resText, datText, resColumn, datCloumn, fileLoc, nameSheet, row): pages.WriteExcel.demoKey is PASSED

2024-10-17 14:45:25 - [MESSAGE][PASSED] - pages.WriteExcel.demoKey is PASSED]]></system-out>
         <system-err><![CDATA[]]></system-err>
      </testcase>
      <testcase name="Test Cases/RAD_TestCases/Negative_TestCases/EMailNoMatch" time="693.052" classname="Test Cases/RAD_TestCases/Negative_TestCases/EMailNoMatch" status="PASSED">
         <system-out><![CDATA[2024-10-17 14:45:25 - [TEST_CASE][PASSED] - Test Cases/RAD_TestCases/Negative_TestCases/EMailNoMatch: Test Cases/RAD_TestCases/Negative_TestCases/EMailNoMatch

2024-10-17 14:45:25 - [TEST_STEP][PASSED] - resText = "Fail": null

2024-10-17 14:45:25 - [TEST_STEP][PASSED] - resColumn = "Result": null

2024-10-17 14:45:25 - [TEST_STEP][PASSED] - datCloumn = "Date": null

2024-10-17 14:45:25 - [TEST_STEP][PASSED] - fileLoc = "KatalonData/RADTestData/EmailNoMatch.xlsx": null

2024-10-17 14:45:25 - [TEST_STEP][PASSED] - nameSheet = "Sheet1": null

2024-10-17 14:45:25 - [TEST_STEP][PASSED] - dataFile = "RADTestData/EmailNoMatch": null

2024-10-17 14:45:25 - [TEST_STEP][PASSED] - ExecuteTC = <not implemented yet for class: org.codehaus.groovy.ast.expr.EmptyExpression>: null

2024-10-17 14:45:25 - [TEST_STEP][PASSED] - Taxtype = <not implemented yet for class: org.codehaus.groovy.ast.expr.EmptyExpression>: null

2024-10-17 14:45:25 - [TEST_STEP][PASSED] - numOfRows = findTestData(dataFile).getRowNumbers(): null

2024-10-17 14:45:25 - [TEST_STEP][PASSED] - println("Number of Records: " + numOfRows): null

2024-10-17 14:45:25 - [TEST_STEP][PASSED] - for ([row = 1, row <= numOfRows, (row++)]): null

2024-10-17 14:45:25 - [TEST_STEP][PASSED] - ExecuteTC = findTestData(dataFile).getValue("Execute", row): null

2024-10-17 14:45:26 - [TEST_STEP][PASSED] - Taxtype = findTestData(dataFile).getValue("TaxType", row): null

2024-10-17 14:45:26 - [TEST_STEP][PASSED] - Paymenttype = findTestData(dataFile).getValue("PaymentType", row): null

2024-10-17 14:45:26 - [TEST_STEP][PASSED] - out.println("Value of Execute is : " + ExecuteTC): null

2024-10-17 14:45:26 - [TEST_STEP][PASSED] - if (ExecuteTC.equalsIgnoreCase("Y")): null

2024-10-17 14:45:26 - [TEST_STEP][PASSED] - out.println("Begin Record Number: " + row): null

2024-10-17 14:45:26 - [TEST_STEP][PASSED] - today = new java.util.Date(): null

2024-10-17 14:45:26 - [TEST_STEP][PASSED] - println(today): null

2024-10-17 14:45:26 - [TEST_STEP][PASSED] - datText = today: null

2024-10-17 14:45:26 - [TEST_STEP][PASSED] - Taxtype = findTestData(dataFile).getValue("TaxType", row): null

2024-10-17 14:45:26 - [TEST_STEP][PASSED] - out.println("Taxtype value is : " + Taxtype): null

2024-10-17 14:45:26 - [TEST_STEP][PASSED] - openBrowser(""): Browser is opened with url: ''

2024-10-17 14:45:26 - [MESSAGE][WARNING] - A browser is already opened. Closing browser and opening a new one

2024-10-17 14:45:27 - [MESSAGE][INFO] - Starting 'Chrome' driver

2024-10-17 14:45:27 - [MESSAGE][INFO] - User set preference: ['acceptInsecureCerts', 'true']

2024-10-17 14:45:27 - [MESSAGE][INFO] - Action delay is set to 0 milliseconds

2024-10-17 14:45:29 - [MESSAGE][PASSED] - Browser is opened with url: ''

2024-10-17 14:45:29 - [TEST_STEP][PASSED] - maximizeWindow(): Current window maximized

2024-10-17 14:45:29 - [MESSAGE][PASSED] - Current window maximized

2024-10-17 14:45:29 - [TEST_STEP][PASSED] - navigateToUrl(RADurl): Navigate to 'https://demo.velocitypayment.com/client/rad/index.html' successfully

2024-10-17 14:45:31 - [MESSAGE][PASSED] - Navigate to 'https://demo.velocitypayment.com/client/rad/index.html' successfully

2024-10-17 14:45:31 - [TEST_STEP][PASSED] - orPath_Landing = "Object Repository/RAD_Pages/Landing_Page": null

2024-10-17 14:45:31 - [TEST_STEP][PASSED] - orPath_TaxTypeFilingYear = "Object Repository/RAD_Pages/TaxTypeFilingYear_Page": null

2024-10-17 14:45:31 - [TEST_STEP][PASSED] - orPath_TaxPayer = "Object Repository/RAD_Pages/Taxpayer_Page": null

2024-10-17 14:45:31 - [TEST_STEP][PASSED] - orPath_AddressContact = "Object Repository/RAD_Pages/AddressAndContactInfo_Page": null

2024-10-17 14:45:31 - [TEST_STEP][PASSED] - orPath_FilingStatus = "Object Repository/RAD_Pages/FilingStatus_Page": null

2024-10-17 14:45:31 - [TEST_STEP][PASSED] - orPath_Amount = "Object Repository/RAD_Pages/PaymentAmount_Page": null

2024-10-17 14:45:31 - [TEST_STEP][PASSED] - selectOptionByLabel(findTestObject(orPath_Landing + "/dd_TaxType"), Paymenttype, false): All options with label 'Existing Liability with Notice/Invoice Number' are selected in object 'Object Repository/RAD_Pages/Landing_Page/dd_TaxType' 

2024-10-17 14:45:31 - [MESSAGE][PASSED] - All options with label 'Existing Liability with Notice/Invoice Number' are selected in object 'Object Repository/RAD_Pages/Landing_Page/dd_TaxType' 

2024-10-17 14:45:31 - [TEST_STEP][PASSED] - delay(1): Delayed 1 second(s)

2024-10-17 14:45:32 - [MESSAGE][PASSED] - Delayed 1 second(s)

2024-10-17 14:45:32 - [TEST_STEP][PASSED] - switch (Paymenttype): null

2024-10-17 14:45:32 - [TEST_STEP][PASSED] - delay(1): Delayed 1 second(s)

2024-10-17 14:45:33 - [MESSAGE][PASSED] - Delayed 1 second(s)

2024-10-17 14:45:33 - [TEST_STEP][PASSED] - scrollToElement(findTestObject(orPath_Amount + "/input__paymentAmount"), 3): Scroll to object 'Object Repository/RAD_Pages/PaymentAmount_Page/input__paymentAmount' successfully

2024-10-17 14:45:34 - [MESSAGE][PASSED] - Scroll to object 'Object Repository/RAD_Pages/PaymentAmount_Page/input__paymentAmount' successfully

2024-10-17 14:45:34 - [TEST_STEP][PASSED] - setText(findTestObject(orPath_AddressContact + "/input_eMailAddress"), "imtiazster@gmail.com"): Text 'imtiazster@gmail.com' is set on object 'Object Repository/RAD_Pages/AddressAndContactInfo_Page/input_eMailAddress'

2024-10-17 14:45:35 - [MESSAGE][PASSED] - Text 'imtiazster@gmail.com' is set on object 'Object Repository/RAD_Pages/AddressAndContactInfo_Page/input_eMailAddress'

2024-10-17 14:45:35 - [TEST_STEP][PASSED] - setText(findTestObject(orPath_AddressContact + "/input_reEnterEMailAddress"), "iahmed@govolution.com"): Text 'iahmed@govolution.com' is set on object 'Object Repository/RAD_Pages/AddressAndContactInfo_Page/input_reEnterEMailAddress'

2024-10-17 14:45:35 - [MESSAGE][PASSED] - Text 'iahmed@govolution.com' is set on object 'Object Repository/RAD_Pages/AddressAndContactInfo_Page/input_reEnterEMailAddress'

2024-10-17 14:45:35 - [TEST_STEP][PASSED] - delay(2): Delayed 2 second(s)

2024-10-17 14:45:37 - [MESSAGE][PASSED] - Delayed 2 second(s)

2024-10-17 14:45:37 - [TEST_STEP][PASSED] - if (verifyTextPresent("The Email and Re-enter email do not match", true)): null

2024-10-17 14:45:38 - [MESSAGE][PASSED] - Text 'The Email and Re-enter email do not match' is present on page  using regular expression

2024-10-17 14:45:38 - [TEST_STEP][PASSED] - println("Emails Dont match text is present"): null

2024-10-17 14:45:38 - [TEST_STEP][PASSED] - out.println("Pass Record Number: " + row): null

2024-10-17 14:45:38 - [TEST_STEP][PASSED] - resText = "Pass": null

2024-10-17 14:45:38 - [TEST_STEP][PASSED] - pages.WriteExcel.demoKey(resText, datText, resColumn, datCloumn, fileLoc, nameSheet, row): pages.WriteExcel.demoKey is PASSED

2024-10-17 14:45:38 - [MESSAGE][PASSED] - pages.WriteExcel.demoKey is PASSED

2024-10-17 14:45:38 - [TEST_STEP][PASSED] - ExecuteTC = findTestData(dataFile).getValue("Execute", row): null

2024-10-17 14:45:38 - [TEST_STEP][PASSED] - Taxtype = findTestData(dataFile).getValue("TaxType", row): null

2024-10-17 14:45:38 - [TEST_STEP][PASSED] - Paymenttype = findTestData(dataFile).getValue("PaymentType", row): null

2024-10-17 14:45:38 - [TEST_STEP][PASSED] - out.println("Value of Execute is : " + ExecuteTC): null

2024-10-17 14:45:38 - [TEST_STEP][PASSED] - if (ExecuteTC.equalsIgnoreCase("Y")): null

2024-10-17 14:45:38 - [TEST_STEP][PASSED] - out.println("Begin Record Number: " + row): null

2024-10-17 14:45:38 - [TEST_STEP][PASSED] - today = new java.util.Date(): null

2024-10-17 14:45:38 - [TEST_STEP][PASSED] - println(today): null

2024-10-17 14:45:38 - [TEST_STEP][PASSED] - datText = today: null

2024-10-17 14:45:38 - [TEST_STEP][PASSED] - Taxtype = findTestData(dataFile).getValue("TaxType", row): null

2024-10-17 14:45:38 - [TEST_STEP][PASSED] - out.println("Taxtype value is : " + Taxtype): null

2024-10-17 14:45:38 - [TEST_STEP][PASSED] - openBrowser(""): Browser is opened with url: ''

2024-10-17 14:45:38 - [MESSAGE][WARNING] - A browser is already opened. Closing browser and opening a new one

2024-10-17 14:45:39 - [MESSAGE][INFO] - Starting 'Chrome' driver

2024-10-17 14:45:39 - [MESSAGE][INFO] - User set preference: ['acceptInsecureCerts', 'true']

2024-10-17 14:45:39 - [MESSAGE][INFO] - Action delay is set to 0 milliseconds

2024-10-17 14:45:41 - [MESSAGE][PASSED] - Browser is opened with url: ''

2024-10-17 14:45:41 - [TEST_STEP][PASSED] - maximizeWindow(): Current window maximized

2024-10-17 14:45:41 - [MESSAGE][PASSED] - Current window maximized

2024-10-17 14:45:41 - [TEST_STEP][PASSED] - navigateToUrl(RADurl): Navigate to 'https://demo.velocitypayment.com/client/rad/index.html' successfully

2024-10-17 14:45:41 - [MESSAGE][PASSED] - Navigate to 'https://demo.velocitypayment.com/client/rad/index.html' successfully

2024-10-17 14:45:41 - [TEST_STEP][PASSED] - orPath_Landing = "Object Repository/RAD_Pages/Landing_Page": null

2024-10-17 14:45:41 - [TEST_STEP][PASSED] - orPath_TaxTypeFilingYear = "Object Repository/RAD_Pages/TaxTypeFilingYear_Page": null

2024-10-17 14:45:41 - [TEST_STEP][PASSED] - orPath_TaxPayer = "Object Repository/RAD_Pages/Taxpayer_Page": null

2024-10-17 14:45:41 - [TEST_STEP][PASSED] - orPath_AddressContact = "Object Repository/RAD_Pages/AddressAndContactInfo_Page": null

2024-10-17 14:45:41 - [TEST_STEP][PASSED] - orPath_FilingStatus = "Object Repository/RAD_Pages/FilingStatus_Page": null

2024-10-17 14:45:41 - [TEST_STEP][PASSED] - orPath_Amount = "Object Repository/RAD_Pages/PaymentAmount_Page": null

2024-10-17 14:45:41 - [TEST_STEP][PASSED] - selectOptionByLabel(findTestObject(orPath_Landing + "/dd_TaxType"), Paymenttype, false): All options with label 'Existing Liability with Notice/Invoice Number' are selected in object 'Object Repository/RAD_Pages/Landing_Page/dd_TaxType' 

2024-10-17 14:45:44 - [MESSAGE][PASSED] - All options with label 'Existing Liability with Notice/Invoice Number' are selected in object 'Object Repository/RAD_Pages/Landing_Page/dd_TaxType' 

2024-10-17 14:45:44 - [TEST_STEP][PASSED] - delay(1): Delayed 1 second(s)

2024-10-17 14:45:45 - [MESSAGE][PASSED] - Delayed 1 second(s)

2024-10-17 14:45:45 - [TEST_STEP][PASSED] - switch (Paymenttype): null

2024-10-17 14:45:45 - [TEST_STEP][PASSED] - delay(1): Delayed 1 second(s)

2024-10-17 14:45:46 - [MESSAGE][PASSED] - Delayed 1 second(s)

2024-10-17 14:45:46 - [TEST_STEP][PASSED] - scrollToElement(findTestObject(orPath_Amount + "/input__paymentAmount"), 3): Scroll to object 'Object Repository/RAD_Pages/PaymentAmount_Page/input__paymentAmount' successfully

2024-10-17 14:45:46 - [MESSAGE][PASSED] - Scroll to object 'Object Repository/RAD_Pages/PaymentAmount_Page/input__paymentAmount' successfully

2024-10-17 14:45:46 - [TEST_STEP][PASSED] - setText(findTestObject(orPath_AddressContact + "/input_eMailAddress"), "imtiazster@gmail.com"): Text 'imtiazster@gmail.com' is set on object 'Object Repository/RAD_Pages/AddressAndContactInfo_Page/input_eMailAddress'

2024-10-17 14:45:47 - [MESSAGE][PASSED] - Text 'imtiazster@gmail.com' is set on object 'Object Repository/RAD_Pages/AddressAndContactInfo_Page/input_eMailAddress'

2024-10-17 14:45:47 - [TEST_STEP][PASSED] - setText(findTestObject(orPath_AddressContact + "/input_reEnterEMailAddress"), "iahmed@govolution.com"): Text 'iahmed@govolution.com' is set on object 'Object Repository/RAD_Pages/AddressAndContactInfo_Page/input_reEnterEMailAddress'

2024-10-17 14:45:48 - [MESSAGE][PASSED] - Text 'iahmed@govolution.com' is set on object 'Object Repository/RAD_Pages/AddressAndContactInfo_Page/input_reEnterEMailAddress'

2024-10-17 14:45:48 - [TEST_STEP][PASSED] - delay(2): Delayed 2 second(s)

2024-10-17 14:45:50 - [MESSAGE][PASSED] - Delayed 2 second(s)

2024-10-17 14:45:50 - [TEST_STEP][PASSED] - if (verifyTextPresent("The Email and Re-enter email do not match", true)): null

2024-10-17 14:45:50 - [MESSAGE][PASSED] - Text 'The Email and Re-enter email do not match' is present on page  using regular expression

2024-10-17 14:45:50 - [TEST_STEP][PASSED] - println("Emails Dont match text is present"): null

2024-10-17 14:45:50 - [TEST_STEP][PASSED] - out.println("Pass Record Number: " + row): null

2024-10-17 14:45:50 - [TEST_STEP][PASSED] - resText = "Pass": null

2024-10-17 14:45:50 - [TEST_STEP][PASSED] - pages.WriteExcel.demoKey(resText, datText, resColumn, datCloumn, fileLoc, nameSheet, row): pages.WriteExcel.demoKey is PASSED

2024-10-17 14:45:50 - [MESSAGE][PASSED] - pages.WriteExcel.demoKey is PASSED

2024-10-17 14:45:50 - [TEST_STEP][PASSED] - ExecuteTC = findTestData(dataFile).getValue("Execute", row): null

2024-10-17 14:45:50 - [TEST_STEP][PASSED] - Taxtype = findTestData(dataFile).getValue("TaxType", row): null

2024-10-17 14:45:50 - [TEST_STEP][PASSED] - Paymenttype = findTestData(dataFile).getValue("PaymentType", row): null

2024-10-17 14:45:50 - [TEST_STEP][PASSED] - out.println("Value of Execute is : " + ExecuteTC): null

2024-10-17 14:45:50 - [TEST_STEP][PASSED] - if (ExecuteTC.equalsIgnoreCase("Y")): null

2024-10-17 14:45:50 - [TEST_STEP][PASSED] - out.println("Begin Record Number: " + row): null

2024-10-17 14:45:50 - [TEST_STEP][PASSED] - today = new java.util.Date(): null

2024-10-17 14:45:50 - [TEST_STEP][PASSED] - println(today): null

2024-10-17 14:45:50 - [TEST_STEP][PASSED] - datText = today: null

2024-10-17 14:45:50 - [TEST_STEP][PASSED] - Taxtype = findTestData(dataFile).getValue("TaxType", row): null

2024-10-17 14:45:51 - [TEST_STEP][PASSED] - out.println("Taxtype value is : " + Taxtype): null

2024-10-17 14:45:51 - [TEST_STEP][PASSED] - openBrowser(""): Browser is opened with url: ''

2024-10-17 14:45:51 - [MESSAGE][WARNING] - A browser is already opened. Closing browser and opening a new one

2024-10-17 14:45:52 - [MESSAGE][INFO] - Starting 'Chrome' driver

2024-10-17 14:45:52 - [MESSAGE][INFO] - User set preference: ['acceptInsecureCerts', 'true']

2024-10-17 14:45:52 - [MESSAGE][INFO] - Action delay is set to 0 milliseconds

2024-10-17 14:45:54 - [MESSAGE][PASSED] - Browser is opened with url: ''

2024-10-17 14:45:54 - [TEST_STEP][PASSED] - maximizeWindow(): Current window maximized

2024-10-17 14:45:54 - [MESSAGE][PASSED] - Current window maximized

2024-10-17 14:45:54 - [TEST_STEP][PASSED] - navigateToUrl(RADurl): Navigate to 'https://demo.velocitypayment.com/client/rad/index.html' successfully

2024-10-17 14:45:56 - [MESSAGE][PASSED] - Navigate to 'https://demo.velocitypayment.com/client/rad/index.html' successfully

2024-10-17 14:45:56 - [TEST_STEP][PASSED] - orPath_Landing = "Object Repository/RAD_Pages/Landing_Page": null

2024-10-17 14:45:56 - [TEST_STEP][PASSED] - orPath_TaxTypeFilingYear = "Object Repository/RAD_Pages/TaxTypeFilingYear_Page": null

2024-10-17 14:45:56 - [TEST_STEP][PASSED] - orPath_TaxPayer = "Object Repository/RAD_Pages/Taxpayer_Page": null

2024-10-17 14:45:56 - [TEST_STEP][PASSED] - orPath_AddressContact = "Object Repository/RAD_Pages/AddressAndContactInfo_Page": null

2024-10-17 14:45:56 - [TEST_STEP][PASSED] - orPath_FilingStatus = "Object Repository/RAD_Pages/FilingStatus_Page": null

2024-10-17 14:45:56 - [TEST_STEP][PASSED] - orPath_Amount = "Object Repository/RAD_Pages/PaymentAmount_Page": null

2024-10-17 14:45:56 - [TEST_STEP][PASSED] - selectOptionByLabel(findTestObject(orPath_Landing + "/dd_TaxType"), Paymenttype, false): All options with label 'Existing Liability with Notice/Invoice Number' are selected in object 'Object Repository/RAD_Pages/Landing_Page/dd_TaxType' 

2024-10-17 14:45:57 - [MESSAGE][PASSED] - All options with label 'Existing Liability with Notice/Invoice Number' are selected in object 'Object Repository/RAD_Pages/Landing_Page/dd_TaxType' 

2024-10-17 14:45:57 - [TEST_STEP][PASSED] - delay(1): Delayed 1 second(s)

2024-10-17 14:45:58 - [MESSAGE][PASSED] - Delayed 1 second(s)

2024-10-17 14:45:58 - [TEST_STEP][PASSED] - switch (Paymenttype): null

2024-10-17 14:45:58 - [TEST_STEP][PASSED] - delay(1): Delayed 1 second(s)

2024-10-17 14:45:59 - [MESSAGE][PASSED] - Delayed 1 second(s)

2024-10-17 14:45:59 - [TEST_STEP][PASSED] - scrollToElement(findTestObject(orPath_Amount + "/input__paymentAmount"), 3): Scroll to object 'Object Repository/RAD_Pages/PaymentAmount_Page/input__paymentAmount' successfully

2024-10-17 14:45:59 - [MESSAGE][PASSED] - Scroll to object 'Object Repository/RAD_Pages/PaymentAmount_Page/input__paymentAmount' successfully

2024-10-17 14:45:59 - [TEST_STEP][PASSED] - setText(findTestObject(orPath_AddressContact + "/input_eMailAddress"), "imtiazster@gmail.com"): Text 'imtiazster@gmail.com' is set on object 'Object Repository/RAD_Pages/AddressAndContactInfo_Page/input_eMailAddress'

2024-10-17 14:46:00 - [MESSAGE][PASSED] - Text 'imtiazster@gmail.com' is set on object 'Object Repository/RAD_Pages/AddressAndContactInfo_Page/input_eMailAddress'

2024-10-17 14:46:00 - [TEST_STEP][PASSED] - setText(findTestObject(orPath_AddressContact + "/input_reEnterEMailAddress"), "iahmed@govolution.com"): Text 'iahmed@govolution.com' is set on object 'Object Repository/RAD_Pages/AddressAndContactInfo_Page/input_reEnterEMailAddress'

2024-10-17 14:46:01 - [MESSAGE][PASSED] - Text 'iahmed@govolution.com' is set on object 'Object Repository/RAD_Pages/AddressAndContactInfo_Page/input_reEnterEMailAddress'

2024-10-17 14:46:01 - [TEST_STEP][PASSED] - delay(2): Delayed 2 second(s)

2024-10-17 14:46:03 - [MESSAGE][PASSED] - Delayed 2 second(s)

2024-10-17 14:46:03 - [TEST_STEP][PASSED] - if (verifyTextPresent("The Email and Re-enter email do not match", true)): null

2024-10-17 14:46:03 - [MESSAGE][PASSED] - Text 'The Email and Re-enter email do not match' is present on page  using regular expression

2024-10-17 14:46:03 - [TEST_STEP][PASSED] - println("Emails Dont match text is present"): null

2024-10-17 14:46:03 - [TEST_STEP][PASSED] - out.println("Pass Record Number: " + row): null

2024-10-17 14:46:03 - [TEST_STEP][PASSED] - resText = "Pass": null

2024-10-17 14:46:03 - [TEST_STEP][PASSED] - pages.WriteExcel.demoKey(resText, datText, resColumn, datCloumn, fileLoc, nameSheet, row): pages.WriteExcel.demoKey is PASSED

2024-10-17 14:46:03 - [MESSAGE][PASSED] - pages.WriteExcel.demoKey is PASSED

2024-10-17 14:46:03 - [TEST_STEP][PASSED] - ExecuteTC = findTestData(dataFile).getValue("Execute", row): null

2024-10-17 14:46:03 - [TEST_STEP][PASSED] - Taxtype = findTestData(dataFile).getValue("TaxType", row): null

2024-10-17 14:46:03 - [TEST_STEP][PASSED] - Paymenttype = findTestData(dataFile).getValue("PaymentType", row): null

2024-10-17 14:46:03 - [TEST_STEP][PASSED] - out.println("Value of Execute is : " + ExecuteTC): null

2024-10-17 14:46:03 - [TEST_STEP][PASSED] - if (ExecuteTC.equalsIgnoreCase("Y")): null

2024-10-17 14:46:03 - [TEST_STEP][PASSED] - out.println("Begin Record Number: " + row): null

2024-10-17 14:46:03 - [TEST_STEP][PASSED] - today = new java.util.Date(): null

2024-10-17 14:46:03 - [TEST_STEP][PASSED] - println(today): null

2024-10-17 14:46:03 - [TEST_STEP][PASSED] - datText = today: null

2024-10-17 14:46:03 - [TEST_STEP][PASSED] - Taxtype = findTestData(dataFile).getValue("TaxType", row): null

2024-10-17 14:46:03 - [TEST_STEP][PASSED] - out.println("Taxtype value is : " + Taxtype): null

2024-10-17 14:46:03 - [TEST_STEP][PASSED] - openBrowser(""): Browser is opened with url: ''

2024-10-17 14:46:03 - [MESSAGE][WARNING] - A browser is already opened. Closing browser and opening a new one

2024-10-17 14:46:05 - [MESSAGE][INFO] - Starting 'Chrome' driver

2024-10-17 14:46:05 - [MESSAGE][INFO] - User set preference: ['acceptInsecureCerts', 'true']

2024-10-17 14:46:05 - [MESSAGE][INFO] - Action delay is set to 0 milliseconds

2024-10-17 14:46:07 - [MESSAGE][PASSED] - Browser is opened with url: ''

2024-10-17 14:46:07 - [TEST_STEP][PASSED] - maximizeWindow(): Current window maximized

2024-10-17 14:46:07 - [MESSAGE][PASSED] - Current window maximized

2024-10-17 14:46:07 - [TEST_STEP][PASSED] - navigateToUrl(RADurl): Navigate to 'https://demo.velocitypayment.com/client/rad/index.html' successfully

2024-10-17 14:46:07 - [MESSAGE][PASSED] - Navigate to 'https://demo.velocitypayment.com/client/rad/index.html' successfully

2024-10-17 14:46:07 - [TEST_STEP][PASSED] - orPath_Landing = "Object Repository/RAD_Pages/Landing_Page": null

2024-10-17 14:46:07 - [TEST_STEP][PASSED] - orPath_TaxTypeFilingYear = "Object Repository/RAD_Pages/TaxTypeFilingYear_Page": null

2024-10-17 14:46:07 - [TEST_STEP][PASSED] - orPath_TaxPayer = "Object Repository/RAD_Pages/Taxpayer_Page": null

2024-10-17 14:46:07 - [TEST_STEP][PASSED] - orPath_AddressContact = "Object Repository/RAD_Pages/AddressAndContactInfo_Page": null

2024-10-17 14:46:07 - [TEST_STEP][PASSED] - orPath_FilingStatus = "Object Repository/RAD_Pages/FilingStatus_Page": null

2024-10-17 14:46:07 - [TEST_STEP][PASSED] - orPath_Amount = "Object Repository/RAD_Pages/PaymentAmount_Page": null

2024-10-17 14:46:07 - [TEST_STEP][PASSED] - selectOptionByLabel(findTestObject(orPath_Landing + "/dd_TaxType"), Paymenttype, false): All options with label 'Existing Liability with Notice/Invoice Number' are selected in object 'Object Repository/RAD_Pages/Landing_Page/dd_TaxType' 

2024-10-17 14:46:10 - [MESSAGE][PASSED] - All options with label 'Existing Liability with Notice/Invoice Number' are selected in object 'Object Repository/RAD_Pages/Landing_Page/dd_TaxType' 

2024-10-17 14:46:10 - [TEST_STEP][PASSED] - delay(1): Delayed 1 second(s)

2024-10-17 14:46:11 - [MESSAGE][PASSED] - Delayed 1 second(s)

2024-10-17 14:46:11 - [TEST_STEP][PASSED] - switch (Paymenttype): null

2024-10-17 14:46:11 - [TEST_STEP][PASSED] - delay(1): Delayed 1 second(s)

2024-10-17 14:46:12 - [MESSAGE][PASSED] - Delayed 1 second(s)

2024-10-17 14:46:12 - [TEST_STEP][PASSED] - scrollToElement(findTestObject(orPath_Amount + "/input__paymentAmount"), 3): Scroll to object 'Object Repository/RAD_Pages/PaymentAmount_Page/input__paymentAmount' successfully

2024-10-17 14:46:12 - [MESSAGE][PASSED] - Scroll to object 'Object Repository/RAD_Pages/PaymentAmount_Page/input__paymentAmount' successfully

2024-10-17 14:46:12 - [TEST_STEP][PASSED] - setText(findTestObject(orPath_AddressContact + "/input_eMailAddress"), "imtiazster@gmail.com"): Text 'imtiazster@gmail.com' is set on object 'Object Repository/RAD_Pages/AddressAndContactInfo_Page/input_eMailAddress'

2024-10-17 14:46:13 - [MESSAGE][PASSED] - Text 'imtiazster@gmail.com' is set on object 'Object Repository/RAD_Pages/AddressAndContactInfo_Page/input_eMailAddress'

2024-10-17 14:46:13 - [TEST_STEP][PASSED] - setText(findTestObject(orPath_AddressContact + "/input_reEnterEMailAddress"), "iahmed@govolution.com"): Text 'iahmed@govolution.com' is set on object 'Object Repository/RAD_Pages/AddressAndContactInfo_Page/input_reEnterEMailAddress'

2024-10-17 14:46:14 - [MESSAGE][PASSED] - Text 'iahmed@govolution.com' is set on object 'Object Repository/RAD_Pages/AddressAndContactInfo_Page/input_reEnterEMailAddress'

2024-10-17 14:46:14 - [TEST_STEP][PASSED] - delay(2): Delayed 2 second(s)

2024-10-17 14:46:16 - [MESSAGE][PASSED] - Delayed 2 second(s)

2024-10-17 14:46:16 - [TEST_STEP][PASSED] - if (verifyTextPresent("The Email and Re-enter email do not match", true)): null

2024-10-17 14:46:16 - [MESSAGE][PASSED] - Text 'The Email and Re-enter email do not match' is present on page  using regular expression

2024-10-17 14:46:16 - [TEST_STEP][PASSED] - println("Emails Dont match text is present"): null

2024-10-17 14:46:16 - [TEST_STEP][PASSED] - out.println("Pass Record Number: " + row): null

2024-10-17 14:46:16 - [TEST_STEP][PASSED] - resText = "Pass": null

2024-10-17 14:46:16 - [TEST_STEP][PASSED] - pages.WriteExcel.demoKey(resText, datText, resColumn, datCloumn, fileLoc, nameSheet, row): pages.WriteExcel.demoKey is PASSED

2024-10-17 14:46:16 - [MESSAGE][PASSED] - pages.WriteExcel.demoKey is PASSED

2024-10-17 14:46:16 - [TEST_STEP][PASSED] - ExecuteTC = findTestData(dataFile).getValue("Execute", row): null

2024-10-17 14:46:16 - [TEST_STEP][PASSED] - Taxtype = findTestData(dataFile).getValue("TaxType", row): null

2024-10-17 14:46:16 - [TEST_STEP][PASSED] - Paymenttype = findTestData(dataFile).getValue("PaymentType", row): null

2024-10-17 14:46:16 - [TEST_STEP][PASSED] - out.println("Value of Execute is : " + ExecuteTC): null

2024-10-17 14:46:16 - [TEST_STEP][PASSED] - if (ExecuteTC.equalsIgnoreCase("Y")): null

2024-10-17 14:46:16 - [TEST_STEP][PASSED] - out.println("Begin Record Number: " + row): null

2024-10-17 14:46:16 - [TEST_STEP][PASSED] - today = new java.util.Date(): null

2024-10-17 14:46:16 - [TEST_STEP][PASSED] - println(today): null

2024-10-17 14:46:16 - [TEST_STEP][PASSED] - datText = today: null

2024-10-17 14:46:16 - [TEST_STEP][PASSED] - Taxtype = findTestData(dataFile).getValue("TaxType", row): null

2024-10-17 14:46:16 - [TEST_STEP][PASSED] - out.println("Taxtype value is : " + Taxtype): null

2024-10-17 14:46:16 - [TEST_STEP][PASSED] - openBrowser(""): Browser is opened with url: ''

2024-10-17 14:46:16 - [MESSAGE][WARNING] - A browser is already opened. Closing browser and opening a new one

2024-10-17 14:46:17 - [MESSAGE][INFO] - Starting 'Chrome' driver

2024-10-17 14:46:17 - [MESSAGE][INFO] - User set preference: ['acceptInsecureCerts', 'true']

2024-10-17 14:46:17 - [MESSAGE][INFO] - Action delay is set to 0 milliseconds

2024-10-17 14:46:19 - [MESSAGE][PASSED] - Browser is opened with url: ''

2024-10-17 14:46:19 - [TEST_STEP][PASSED] - maximizeWindow(): Current window maximized

2024-10-17 14:46:19 - [MESSAGE][PASSED] - Current window maximized

2024-10-17 14:46:19 - [TEST_STEP][PASSED] - navigateToUrl(RADurl): Navigate to 'https://demo.velocitypayment.com/client/rad/index.html' successfully

2024-10-17 14:46:19 - [MESSAGE][PASSED] - Navigate to 'https://demo.velocitypayment.com/client/rad/index.html' successfully

2024-10-17 14:46:19 - [TEST_STEP][PASSED] - orPath_Landing = "Object Repository/RAD_Pages/Landing_Page": null

2024-10-17 14:46:19 - [TEST_STEP][PASSED] - orPath_TaxTypeFilingYear = "Object Repository/RAD_Pages/TaxTypeFilingYear_Page": null

2024-10-17 14:46:19 - [TEST_STEP][PASSED] - orPath_TaxPayer = "Object Repository/RAD_Pages/Taxpayer_Page": null

2024-10-17 14:46:19 - [TEST_STEP][PASSED] - orPath_AddressContact = "Object Repository/RAD_Pages/AddressAndContactInfo_Page": null

2024-10-17 14:46:19 - [TEST_STEP][PASSED] - orPath_FilingStatus = "Object Repository/RAD_Pages/FilingStatus_Page": null

2024-10-17 14:46:19 - [TEST_STEP][PASSED] - orPath_Amount = "Object Repository/RAD_Pages/PaymentAmount_Page": null

2024-10-17 14:46:19 - [TEST_STEP][PASSED] - selectOptionByLabel(findTestObject(orPath_Landing + "/dd_TaxType"), Paymenttype, false): All options with label 'Existing Liability with Notice/Invoice Number' are selected in object 'Object Repository/RAD_Pages/Landing_Page/dd_TaxType' 

2024-10-17 14:46:22 - [MESSAGE][PASSED] - All options with label 'Existing Liability with Notice/Invoice Number' are selected in object 'Object Repository/RAD_Pages/Landing_Page/dd_TaxType' 

2024-10-17 14:46:22 - [TEST_STEP][PASSED] - delay(1): Delayed 1 second(s)

2024-10-17 14:46:23 - [MESSAGE][PASSED] - Delayed 1 second(s)

2024-10-17 14:46:23 - [TEST_STEP][PASSED] - switch (Paymenttype): null

2024-10-17 14:46:23 - [TEST_STEP][PASSED] - delay(1): Delayed 1 second(s)

2024-10-17 14:46:24 - [MESSAGE][PASSED] - Delayed 1 second(s)

2024-10-17 14:46:24 - [TEST_STEP][PASSED] - scrollToElement(findTestObject(orPath_Amount + "/input__paymentAmount"), 3): Scroll to object 'Object Repository/RAD_Pages/PaymentAmount_Page/input__paymentAmount' successfully

2024-10-17 14:46:24 - [MESSAGE][PASSED] - Scroll to object 'Object Repository/RAD_Pages/PaymentAmount_Page/input__paymentAmount' successfully

2024-10-17 14:46:24 - [TEST_STEP][PASSED] - setText(findTestObject(orPath_AddressContact + "/input_eMailAddress"), "imtiazster@gmail.com"): Text 'imtiazster@gmail.com' is set on object 'Object Repository/RAD_Pages/AddressAndContactInfo_Page/input_eMailAddress'

2024-10-17 14:46:25 - [MESSAGE][PASSED] - Text 'imtiazster@gmail.com' is set on object 'Object Repository/RAD_Pages/AddressAndContactInfo_Page/input_eMailAddress'

2024-10-17 14:46:25 - [TEST_STEP][PASSED] - setText(findTestObject(orPath_AddressContact + "/input_reEnterEMailAddress"), "iahmed@govolution.com"): Text 'iahmed@govolution.com' is set on object 'Object Repository/RAD_Pages/AddressAndContactInfo_Page/input_reEnterEMailAddress'

2024-10-17 14:46:26 - [MESSAGE][PASSED] - Text 'iahmed@govolution.com' is set on object 'Object Repository/RAD_Pages/AddressAndContactInfo_Page/input_reEnterEMailAddress'

2024-10-17 14:46:26 - [TEST_STEP][PASSED] - delay(2): Delayed 2 second(s)

2024-10-17 14:46:28 - [MESSAGE][PASSED] - Delayed 2 second(s)

2024-10-17 14:46:28 - [TEST_STEP][PASSED] - if (verifyTextPresent("The Email and Re-enter email do not match", true)): null

2024-10-17 14:46:28 - [MESSAGE][PASSED] - Text 'The Email and Re-enter email do not match' is present on page  using regular expression

2024-10-17 14:46:28 - [TEST_STEP][PASSED] - println("Emails Dont match text is present"): null

2024-10-17 14:46:28 - [TEST_STEP][PASSED] - out.println("Pass Record Number: " + row): null

2024-10-17 14:46:28 - [TEST_STEP][PASSED] - resText = "Pass": null

2024-10-17 14:46:28 - [TEST_STEP][PASSED] - pages.WriteExcel.demoKey(resText, datText, resColumn, datCloumn, fileLoc, nameSheet, row): pages.WriteExcel.demoKey is PASSED

2024-10-17 14:46:28 - [MESSAGE][PASSED] - pages.WriteExcel.demoKey is PASSED

2024-10-17 14:46:28 - [TEST_STEP][PASSED] - ExecuteTC = findTestData(dataFile).getValue("Execute", row): null

2024-10-17 14:46:28 - [TEST_STEP][PASSED] - Taxtype = findTestData(dataFile).getValue("TaxType", row): null

2024-10-17 14:46:28 - [TEST_STEP][PASSED] - Paymenttype = findTestData(dataFile).getValue("PaymentType", row): null

2024-10-17 14:46:28 - [TEST_STEP][PASSED] - out.println("Value of Execute is : " + ExecuteTC): null

2024-10-17 14:46:28 - [TEST_STEP][PASSED] - if (ExecuteTC.equalsIgnoreCase("Y")): null

2024-10-17 14:46:28 - [TEST_STEP][PASSED] - out.println("Begin Record Number: " + row): null

2024-10-17 14:46:28 - [TEST_STEP][PASSED] - today = new java.util.Date(): null

2024-10-17 14:46:28 - [TEST_STEP][PASSED] - println(today): null

2024-10-17 14:46:28 - [TEST_STEP][PASSED] - datText = today: null

2024-10-17 14:46:28 - [TEST_STEP][PASSED] - Taxtype = findTestData(dataFile).getValue("TaxType", row): null

2024-10-17 14:46:28 - [TEST_STEP][PASSED] - out.println("Taxtype value is : " + Taxtype): null

2024-10-17 14:46:28 - [TEST_STEP][PASSED] - openBrowser(""): Browser is opened with url: ''

2024-10-17 14:46:28 - [MESSAGE][WARNING] - A browser is already opened. Closing browser and opening a new one

2024-10-17 14:46:30 - [MESSAGE][INFO] - Starting 'Chrome' driver

2024-10-17 14:46:30 - [MESSAGE][INFO] - User set preference: ['acceptInsecureCerts', 'true']

2024-10-17 14:46:30 - [MESSAGE][INFO] - Action delay is set to 0 milliseconds

2024-10-17 14:46:31 - [MESSAGE][PASSED] - Browser is opened with url: ''

2024-10-17 14:46:31 - [TEST_STEP][PASSED] - maximizeWindow(): Current window maximized

2024-10-17 14:46:31 - [MESSAGE][PASSED] - Current window maximized

2024-10-17 14:46:31 - [TEST_STEP][PASSED] - navigateToUrl(RADurl): Navigate to 'https://demo.velocitypayment.com/client/rad/index.html' successfully

2024-10-17 14:46:32 - [MESSAGE][PASSED] - Navigate to 'https://demo.velocitypayment.com/client/rad/index.html' successfully

2024-10-17 14:46:32 - [TEST_STEP][PASSED] - orPath_Landing = "Object Repository/RAD_Pages/Landing_Page": null

2024-10-17 14:46:32 - [TEST_STEP][PASSED] - orPath_TaxTypeFilingYear = "Object Repository/RAD_Pages/TaxTypeFilingYear_Page": null

2024-10-17 14:46:32 - [TEST_STEP][PASSED] - orPath_TaxPayer = "Object Repository/RAD_Pages/Taxpayer_Page": null

2024-10-17 14:46:32 - [TEST_STEP][PASSED] - orPath_AddressContact = "Object Repository/RAD_Pages/AddressAndContactInfo_Page": null

2024-10-17 14:46:32 - [TEST_STEP][PASSED] - orPath_FilingStatus = "Object Repository/RAD_Pages/FilingStatus_Page": null

2024-10-17 14:46:32 - [TEST_STEP][PASSED] - orPath_Amount = "Object Repository/RAD_Pages/PaymentAmount_Page": null

2024-10-17 14:46:32 - [TEST_STEP][PASSED] - selectOptionByLabel(findTestObject(orPath_Landing + "/dd_TaxType"), Paymenttype, false): All options with label 'Existing Liability with Notice/Invoice Number' are selected in object 'Object Repository/RAD_Pages/Landing_Page/dd_TaxType' 

2024-10-17 14:46:34 - [MESSAGE][PASSED] - All options with label 'Existing Liability with Notice/Invoice Number' are selected in object 'Object Repository/RAD_Pages/Landing_Page/dd_TaxType' 

2024-10-17 14:46:34 - [TEST_STEP][PASSED] - delay(1): Delayed 1 second(s)

2024-10-17 14:46:35 - [MESSAGE][PASSED] - Delayed 1 second(s)

2024-10-17 14:46:35 - [TEST_STEP][PASSED] - switch (Paymenttype): null

2024-10-17 14:46:35 - [TEST_STEP][PASSED] - delay(1): Delayed 1 second(s)

2024-10-17 14:46:36 - [MESSAGE][PASSED] - Delayed 1 second(s)

2024-10-17 14:46:36 - [TEST_STEP][PASSED] - scrollToElement(findTestObject(orPath_Amount + "/input__paymentAmount"), 3): Scroll to object 'Object Repository/RAD_Pages/PaymentAmount_Page/input__paymentAmount' successfully

2024-10-17 14:46:37 - [MESSAGE][PASSED] - Scroll to object 'Object Repository/RAD_Pages/PaymentAmount_Page/input__paymentAmount' successfully

2024-10-17 14:46:37 - [TEST_STEP][PASSED] - setText(findTestObject(orPath_AddressContact + "/input_eMailAddress"), "imtiazster@gmail.com"): Text 'imtiazster@gmail.com' is set on object 'Object Repository/RAD_Pages/AddressAndContactInfo_Page/input_eMailAddress'

2024-10-17 14:46:37 - [MESSAGE][PASSED] - Text 'imtiazster@gmail.com' is set on object 'Object Repository/RAD_Pages/AddressAndContactInfo_Page/input_eMailAddress'

2024-10-17 14:46:37 - [TEST_STEP][PASSED] - setText(findTestObject(orPath_AddressContact + "/input_reEnterEMailAddress"), "iahmed@govolution.com"): Text 'iahmed@govolution.com' is set on object 'Object Repository/RAD_Pages/AddressAndContactInfo_Page/input_reEnterEMailAddress'

2024-10-17 14:46:38 - [MESSAGE][PASSED] - Text 'iahmed@govolution.com' is set on object 'Object Repository/RAD_Pages/AddressAndContactInfo_Page/input_reEnterEMailAddress'

2024-10-17 14:46:38 - [TEST_STEP][PASSED] - delay(2): Delayed 2 second(s)

2024-10-17 14:46:40 - [MESSAGE][PASSED] - Delayed 2 second(s)

2024-10-17 14:46:40 - [TEST_STEP][PASSED] - if (verifyTextPresent("The Email and Re-enter email do not match", true)): null

2024-10-17 14:46:41 - [MESSAGE][PASSED] - Text 'The Email and Re-enter email do not match' is present on page  using regular expression

2024-10-17 14:46:41 - [TEST_STEP][PASSED] - println("Emails Dont match text is present"): null

2024-10-17 14:46:41 - [TEST_STEP][PASSED] - out.println("Pass Record Number: " + row): null

2024-10-17 14:46:41 - [TEST_STEP][PASSED] - resText = "Pass": null

2024-10-17 14:46:41 - [TEST_STEP][PASSED] - pages.WriteExcel.demoKey(resText, datText, resColumn, datCloumn, fileLoc, nameSheet, row): pages.WriteExcel.demoKey is PASSED

2024-10-17 14:46:41 - [MESSAGE][PASSED] - pages.WriteExcel.demoKey is PASSED

2024-10-17 14:46:41 - [TEST_STEP][PASSED] - ExecuteTC = findTestData(dataFile).getValue("Execute", row): null

2024-10-17 14:46:41 - [TEST_STEP][PASSED] - Taxtype = findTestData(dataFile).getValue("TaxType", row): null

2024-10-17 14:46:41 - [TEST_STEP][PASSED] - Paymenttype = findTestData(dataFile).getValue("PaymentType", row): null

2024-10-17 14:46:41 - [TEST_STEP][PASSED] - out.println("Value of Execute is : " + ExecuteTC): null

2024-10-17 14:46:41 - [TEST_STEP][PASSED] - if (ExecuteTC.equalsIgnoreCase("Y")): null

2024-10-17 14:46:41 - [TEST_STEP][PASSED] - out.println("Begin Record Number: " + row): null

2024-10-17 14:46:41 - [TEST_STEP][PASSED] - today = new java.util.Date(): null

2024-10-17 14:46:41 - [TEST_STEP][PASSED] - println(today): null

2024-10-17 14:46:41 - [TEST_STEP][PASSED] - datText = today: null

2024-10-17 14:46:41 - [TEST_STEP][PASSED] - Taxtype = findTestData(dataFile).getValue("TaxType", row): null

2024-10-17 14:46:41 - [TEST_STEP][PASSED] - out.println("Taxtype value is : " + Taxtype): null

2024-10-17 14:46:41 - [TEST_STEP][PASSED] - openBrowser(""): Browser is opened with url: ''

2024-10-17 14:46:41 - [MESSAGE][WARNING] - A browser is already opened. Closing browser and opening a new one

2024-10-17 14:46:42 - [MESSAGE][INFO] - Starting 'Chrome' driver

2024-10-17 14:46:42 - [MESSAGE][INFO] - User set preference: ['acceptInsecureCerts', 'true']

2024-10-17 14:46:42 - [MESSAGE][INFO] - Action delay is set to 0 milliseconds

2024-10-17 14:46:44 - [MESSAGE][PASSED] - Browser is opened with url: ''

2024-10-17 14:46:44 - [TEST_STEP][PASSED] - maximizeWindow(): Current window maximized

2024-10-17 14:46:44 - [MESSAGE][PASSED] - Current window maximized

2024-10-17 14:46:44 - [TEST_STEP][PASSED] - navigateToUrl(RADurl): Navigate to 'https://demo.velocitypayment.com/client/rad/index.html' successfully

2024-10-17 14:46:46 - [MESSAGE][PASSED] - Navigate to 'https://demo.velocitypayment.com/client/rad/index.html' successfully

2024-10-17 14:46:46 - [TEST_STEP][PASSED] - orPath_Landing = "Object Repository/RAD_Pages/Landing_Page": null

2024-10-17 14:46:46 - [TEST_STEP][PASSED] - orPath_TaxTypeFilingYear = "Object Repository/RAD_Pages/TaxTypeFilingYear_Page": null

2024-10-17 14:46:46 - [TEST_STEP][PASSED] - orPath_TaxPayer = "Object Repository/RAD_Pages/Taxpayer_Page": null

2024-10-17 14:46:46 - [TEST_STEP][PASSED] - orPath_AddressContact = "Object Repository/RAD_Pages/AddressAndContactInfo_Page": null

2024-10-17 14:46:46 - [TEST_STEP][PASSED] - orPath_FilingStatus = "Object Repository/RAD_Pages/FilingStatus_Page": null

2024-10-17 14:46:46 - [TEST_STEP][PASSED] - orPath_Amount = "Object Repository/RAD_Pages/PaymentAmount_Page": null

2024-10-17 14:46:46 - [TEST_STEP][PASSED] - selectOptionByLabel(findTestObject(orPath_Landing + "/dd_TaxType"), Paymenttype, false): All options with label 'Existing Liability with Notice/Invoice Number' are selected in object 'Object Repository/RAD_Pages/Landing_Page/dd_TaxType' 

2024-10-17 14:46:46 - [MESSAGE][PASSED] - All options with label 'Existing Liability with Notice/Invoice Number' are selected in object 'Object Repository/RAD_Pages/Landing_Page/dd_TaxType' 

2024-10-17 14:46:46 - [TEST_STEP][PASSED] - delay(1): Delayed 1 second(s)

2024-10-17 14:46:47 - [MESSAGE][PASSED] - Delayed 1 second(s)

2024-10-17 14:46:47 - [TEST_STEP][PASSED] - switch (Paymenttype): null

2024-10-17 14:46:47 - [TEST_STEP][PASSED] - delay(1): Delayed 1 second(s)

2024-10-17 14:46:48 - [MESSAGE][PASSED] - Delayed 1 second(s)

2024-10-17 14:46:48 - [TEST_STEP][PASSED] - scrollToElement(findTestObject(orPath_Amount + "/input__paymentAmount"), 3): Scroll to object 'Object Repository/RAD_Pages/PaymentAmount_Page/input__paymentAmount' successfully

2024-10-17 14:46:49 - [MESSAGE][PASSED] - Scroll to object 'Object Repository/RAD_Pages/PaymentAmount_Page/input__paymentAmount' successfully

2024-10-17 14:46:49 - [TEST_STEP][PASSED] - setText(findTestObject(orPath_AddressContact + "/input_eMailAddress"), "imtiazster@gmail.com"): Text 'imtiazster@gmail.com' is set on object 'Object Repository/RAD_Pages/AddressAndContactInfo_Page/input_eMailAddress'

2024-10-17 14:46:50 - [MESSAGE][PASSED] - Text 'imtiazster@gmail.com' is set on object 'Object Repository/RAD_Pages/AddressAndContactInfo_Page/input_eMailAddress'

2024-10-17 14:46:50 - [TEST_STEP][PASSED] - setText(findTestObject(orPath_AddressContact + "/input_reEnterEMailAddress"), "iahmed@govolution.com"): Text 'iahmed@govolution.com' is set on object 'Object Repository/RAD_Pages/AddressAndContactInfo_Page/input_reEnterEMailAddress'

2024-10-17 14:46:51 - [MESSAGE][PASSED] - Text 'iahmed@govolution.com' is set on object 'Object Repository/RAD_Pages/AddressAndContactInfo_Page/input_reEnterEMailAddress'

2024-10-17 14:46:51 - [TEST_STEP][PASSED] - delay(2): Delayed 2 second(s)

2024-10-17 14:46:53 - [MESSAGE][PASSED] - Delayed 2 second(s)

2024-10-17 14:46:53 - [TEST_STEP][PASSED] - if (verifyTextPresent("The Email and Re-enter email do not match", true)): null

2024-10-17 14:46:53 - [MESSAGE][PASSED] - Text 'The Email and Re-enter email do not match' is present on page  using regular expression

2024-10-17 14:46:53 - [TEST_STEP][PASSED] - println("Emails Dont match text is present"): null

2024-10-17 14:46:53 - [TEST_STEP][PASSED] - out.println("Pass Record Number: " + row): null

2024-10-17 14:46:53 - [TEST_STEP][PASSED] - resText = "Pass": null

2024-10-17 14:46:53 - [TEST_STEP][PASSED] - pages.WriteExcel.demoKey(resText, datText, resColumn, datCloumn, fileLoc, nameSheet, row): pages.WriteExcel.demoKey is PASSED

2024-10-17 14:46:53 - [MESSAGE][PASSED] - pages.WriteExcel.demoKey is PASSED

2024-10-17 14:46:53 - [TEST_STEP][PASSED] - ExecuteTC = findTestData(dataFile).getValue("Execute", row): null

2024-10-17 14:46:53 - [TEST_STEP][PASSED] - Taxtype = findTestData(dataFile).getValue("TaxType", row): null

2024-10-17 14:46:53 - [TEST_STEP][PASSED] - Paymenttype = findTestData(dataFile).getValue("PaymentType", row): null

2024-10-17 14:46:53 - [TEST_STEP][PASSED] - out.println("Value of Execute is : " + ExecuteTC): null

2024-10-17 14:46:53 - [TEST_STEP][PASSED] - if (ExecuteTC.equalsIgnoreCase("Y")): null

2024-10-17 14:46:53 - [TEST_STEP][PASSED] - out.println("Begin Record Number: " + row): null

2024-10-17 14:46:53 - [TEST_STEP][PASSED] - today = new java.util.Date(): null

2024-10-17 14:46:53 - [TEST_STEP][PASSED] - println(today): null

2024-10-17 14:46:53 - [TEST_STEP][PASSED] - datText = today: null

2024-10-17 14:46:53 - [TEST_STEP][PASSED] - Taxtype = findTestData(dataFile).getValue("TaxType", row): null

2024-10-17 14:46:53 - [TEST_STEP][PASSED] - out.println("Taxtype value is : " + Taxtype): null

2024-10-17 14:46:53 - [TEST_STEP][PASSED] - openBrowser(""): Browser is opened with url: ''

2024-10-17 14:46:53 - [MESSAGE][WARNING] - A browser is already opened. Closing browser and opening a new one

2024-10-17 14:46:54 - [MESSAGE][INFO] - Starting 'Chrome' driver

2024-10-17 14:46:54 - [MESSAGE][INFO] - User set preference: ['acceptInsecureCerts', 'true']

2024-10-17 14:46:54 - [MESSAGE][INFO] - Action delay is set to 0 milliseconds

2024-10-17 14:46:56 - [MESSAGE][PASSED] - Browser is opened with url: ''

2024-10-17 14:46:56 - [TEST_STEP][PASSED] - maximizeWindow(): Current window maximized

2024-10-17 14:46:56 - [MESSAGE][PASSED] - Current window maximized

2024-10-17 14:46:56 - [TEST_STEP][PASSED] - navigateToUrl(RADurl): Navigate to 'https://demo.velocitypayment.com/client/rad/index.html' successfully

2024-10-17 14:46:56 - [MESSAGE][PASSED] - Navigate to 'https://demo.velocitypayment.com/client/rad/index.html' successfully

2024-10-17 14:46:56 - [TEST_STEP][PASSED] - orPath_Landing = "Object Repository/RAD_Pages/Landing_Page": null

2024-10-17 14:46:56 - [TEST_STEP][PASSED] - orPath_TaxTypeFilingYear = "Object Repository/RAD_Pages/TaxTypeFilingYear_Page": null

2024-10-17 14:46:56 - [TEST_STEP][PASSED] - orPath_TaxPayer = "Object Repository/RAD_Pages/Taxpayer_Page": null

2024-10-17 14:46:56 - [TEST_STEP][PASSED] - orPath_AddressContact = "Object Repository/RAD_Pages/AddressAndContactInfo_Page": null

2024-10-17 14:46:56 - [TEST_STEP][PASSED] - orPath_FilingStatus = "Object Repository/RAD_Pages/FilingStatus_Page": null

2024-10-17 14:46:56 - [TEST_STEP][PASSED] - orPath_Amount = "Object Repository/RAD_Pages/PaymentAmount_Page": null

2024-10-17 14:46:56 - [TEST_STEP][PASSED] - selectOptionByLabel(findTestObject(orPath_Landing + "/dd_TaxType"), Paymenttype, false): All options with label 'Existing Liability with Notice/Invoice Number' are selected in object 'Object Repository/RAD_Pages/Landing_Page/dd_TaxType' 

2024-10-17 14:46:59 - [MESSAGE][PASSED] - All options with label 'Existing Liability with Notice/Invoice Number' are selected in object 'Object Repository/RAD_Pages/Landing_Page/dd_TaxType' 

2024-10-17 14:46:59 - [TEST_STEP][PASSED] - delay(1): Delayed 1 second(s)

2024-10-17 14:47:00 - [MESSAGE][PASSED] - Delayed 1 second(s)

2024-10-17 14:47:00 - [TEST_STEP][PASSED] - switch (Paymenttype): null

2024-10-17 14:47:00 - [TEST_STEP][PASSED] - delay(1): Delayed 1 second(s)

2024-10-17 14:47:01 - [MESSAGE][PASSED] - Delayed 1 second(s)

2024-10-17 14:47:01 - [TEST_STEP][PASSED] - scrollToElement(findTestObject(orPath_Amount + "/input__paymentAmount"), 3): Scroll to object 'Object Repository/RAD_Pages/PaymentAmount_Page/input__paymentAmount' successfully

2024-10-17 14:47:01 - [MESSAGE][PASSED] - Scroll to object 'Object Repository/RAD_Pages/PaymentAmount_Page/input__paymentAmount' successfully

2024-10-17 14:47:01 - [TEST_STEP][PASSED] - setText(findTestObject(orPath_AddressContact + "/input_eMailAddress"), "imtiazster@gmail.com"): Text 'imtiazster@gmail.com' is set on object 'Object Repository/RAD_Pages/AddressAndContactInfo_Page/input_eMailAddress'

2024-10-17 14:47:02 - [MESSAGE][PASSED] - Text 'imtiazster@gmail.com' is set on object 'Object Repository/RAD_Pages/AddressAndContactInfo_Page/input_eMailAddress'

2024-10-17 14:47:02 - [TEST_STEP][PASSED] - setText(findTestObject(orPath_AddressContact + "/input_reEnterEMailAddress"), "iahmed@govolution.com"): Text 'iahmed@govolution.com' is set on object 'Object Repository/RAD_Pages/AddressAndContactInfo_Page/input_reEnterEMailAddress'

2024-10-17 14:47:03 - [MESSAGE][PASSED] - Text 'iahmed@govolution.com' is set on object 'Object Repository/RAD_Pages/AddressAndContactInfo_Page/input_reEnterEMailAddress'

2024-10-17 14:47:03 - [TEST_STEP][PASSED] - delay(2): Delayed 2 second(s)

2024-10-17 14:47:05 - [MESSAGE][PASSED] - Delayed 2 second(s)

2024-10-17 14:47:05 - [TEST_STEP][PASSED] - if (verifyTextPresent("The Email and Re-enter email do not match", true)): null

2024-10-17 14:47:05 - [MESSAGE][PASSED] - Text 'The Email and Re-enter email do not match' is present on page  using regular expression

2024-10-17 14:47:05 - [TEST_STEP][PASSED] - println("Emails Dont match text is present"): null

2024-10-17 14:47:05 - [TEST_STEP][PASSED] - out.println("Pass Record Number: " + row): null

2024-10-17 14:47:05 - [TEST_STEP][PASSED] - resText = "Pass": null

2024-10-17 14:47:05 - [TEST_STEP][PASSED] - pages.WriteExcel.demoKey(resText, datText, resColumn, datCloumn, fileLoc, nameSheet, row): pages.WriteExcel.demoKey is PASSED

2024-10-17 14:47:05 - [MESSAGE][PASSED] - pages.WriteExcel.demoKey is PASSED

2024-10-17 14:47:05 - [TEST_STEP][PASSED] - ExecuteTC = findTestData(dataFile).getValue("Execute", row): null

2024-10-17 14:47:05 - [TEST_STEP][PASSED] - Taxtype = findTestData(dataFile).getValue("TaxType", row): null

2024-10-17 14:47:05 - [TEST_STEP][PASSED] - Paymenttype = findTestData(dataFile).getValue("PaymentType", row): null

2024-10-17 14:47:05 - [TEST_STEP][PASSED] - out.println("Value of Execute is : " + ExecuteTC): null

2024-10-17 14:47:05 - [TEST_STEP][PASSED] - if (ExecuteTC.equalsIgnoreCase("Y")): null

2024-10-17 14:47:05 - [TEST_STEP][PASSED] - out.println("Begin Record Number: " + row): null

2024-10-17 14:47:05 - [TEST_STEP][PASSED] - today = new java.util.Date(): null

2024-10-17 14:47:05 - [TEST_STEP][PASSED] - println(today): null

2024-10-17 14:47:05 - [TEST_STEP][PASSED] - datText = today: null

2024-10-17 14:47:05 - [TEST_STEP][PASSED] - Taxtype = findTestData(dataFile).getValue("TaxType", row): null

2024-10-17 14:47:06 - [TEST_STEP][PASSED] - out.println("Taxtype value is : " + Taxtype): null

2024-10-17 14:47:06 - [TEST_STEP][PASSED] - openBrowser(""): Browser is opened with url: ''

2024-10-17 14:47:06 - [MESSAGE][WARNING] - A browser is already opened. Closing browser and opening a new one

2024-10-17 14:47:07 - [MESSAGE][INFO] - Starting 'Chrome' driver

2024-10-17 14:47:07 - [MESSAGE][INFO] - User set preference: ['acceptInsecureCerts', 'true']

2024-10-17 14:47:07 - [MESSAGE][INFO] - Action delay is set to 0 milliseconds

2024-10-17 14:47:09 - [MESSAGE][PASSED] - Browser is opened with url: ''

2024-10-17 14:47:09 - [TEST_STEP][PASSED] - maximizeWindow(): Current window maximized

2024-10-17 14:47:09 - [MESSAGE][PASSED] - Current window maximized

2024-10-17 14:47:09 - [TEST_STEP][PASSED] - navigateToUrl(RADurl): Navigate to 'https://demo.velocitypayment.com/client/rad/index.html' successfully

2024-10-17 14:47:09 - [MESSAGE][PASSED] - Navigate to 'https://demo.velocitypayment.com/client/rad/index.html' successfully

2024-10-17 14:47:09 - [TEST_STEP][PASSED] - orPath_Landing = "Object Repository/RAD_Pages/Landing_Page": null

2024-10-17 14:47:09 - [TEST_STEP][PASSED] - orPath_TaxTypeFilingYear = "Object Repository/RAD_Pages/TaxTypeFilingYear_Page": null

2024-10-17 14:47:09 - [TEST_STEP][PASSED] - orPath_TaxPayer = "Object Repository/RAD_Pages/Taxpayer_Page": null

2024-10-17 14:47:09 - [TEST_STEP][PASSED] - orPath_AddressContact = "Object Repository/RAD_Pages/AddressAndContactInfo_Page": null

2024-10-17 14:47:09 - [TEST_STEP][PASSED] - orPath_FilingStatus = "Object Repository/RAD_Pages/FilingStatus_Page": null

2024-10-17 14:47:09 - [TEST_STEP][PASSED] - orPath_Amount = "Object Repository/RAD_Pages/PaymentAmount_Page": null

2024-10-17 14:47:09 - [TEST_STEP][PASSED] - selectOptionByLabel(findTestObject(orPath_Landing + "/dd_TaxType"), Paymenttype, false): All options with label 'Existing Liability with Notice/Invoice Number' are selected in object 'Object Repository/RAD_Pages/Landing_Page/dd_TaxType' 

2024-10-17 14:47:11 - [MESSAGE][PASSED] - All options with label 'Existing Liability with Notice/Invoice Number' are selected in object 'Object Repository/RAD_Pages/Landing_Page/dd_TaxType' 

2024-10-17 14:47:11 - [TEST_STEP][PASSED] - delay(1): Delayed 1 second(s)

2024-10-17 14:47:12 - [MESSAGE][PASSED] - Delayed 1 second(s)

2024-10-17 14:47:12 - [TEST_STEP][PASSED] - switch (Paymenttype): null

2024-10-17 14:47:12 - [TEST_STEP][PASSED] - delay(1): Delayed 1 second(s)

2024-10-17 14:47:13 - [MESSAGE][PASSED] - Delayed 1 second(s)

2024-10-17 14:47:13 - [TEST_STEP][PASSED] - scrollToElement(findTestObject(orPath_Amount + "/input__paymentAmount"), 3): Scroll to object 'Object Repository/RAD_Pages/PaymentAmount_Page/input__paymentAmount' successfully

2024-10-17 14:47:14 - [MESSAGE][PASSED] - Scroll to object 'Object Repository/RAD_Pages/PaymentAmount_Page/input__paymentAmount' successfully

2024-10-17 14:47:14 - [TEST_STEP][PASSED] - setText(findTestObject(orPath_AddressContact + "/input_eMailAddress"), "imtiazster@gmail.com"): Text 'imtiazster@gmail.com' is set on object 'Object Repository/RAD_Pages/AddressAndContactInfo_Page/input_eMailAddress'

2024-10-17 14:47:15 - [MESSAGE][PASSED] - Text 'imtiazster@gmail.com' is set on object 'Object Repository/RAD_Pages/AddressAndContactInfo_Page/input_eMailAddress'

2024-10-17 14:47:15 - [TEST_STEP][PASSED] - setText(findTestObject(orPath_AddressContact + "/input_reEnterEMailAddress"), "iahmed@govolution.com"): Text 'iahmed@govolution.com' is set on object 'Object Repository/RAD_Pages/AddressAndContactInfo_Page/input_reEnterEMailAddress'

2024-10-17 14:47:15 - [MESSAGE][PASSED] - Text 'iahmed@govolution.com' is set on object 'Object Repository/RAD_Pages/AddressAndContactInfo_Page/input_reEnterEMailAddress'

2024-10-17 14:47:15 - [TEST_STEP][PASSED] - delay(2): Delayed 2 second(s)

2024-10-17 14:47:17 - [MESSAGE][PASSED] - Delayed 2 second(s)

2024-10-17 14:47:17 - [TEST_STEP][PASSED] - if (verifyTextPresent("The Email and Re-enter email do not match", true)): null

2024-10-17 14:47:18 - [MESSAGE][PASSED] - Text 'The Email and Re-enter email do not match' is present on page  using regular expression

2024-10-17 14:47:18 - [TEST_STEP][PASSED] - println("Emails Dont match text is present"): null

2024-10-17 14:47:18 - [TEST_STEP][PASSED] - out.println("Pass Record Number: " + row): null

2024-10-17 14:47:18 - [TEST_STEP][PASSED] - resText = "Pass": null

2024-10-17 14:47:18 - [TEST_STEP][PASSED] - pages.WriteExcel.demoKey(resText, datText, resColumn, datCloumn, fileLoc, nameSheet, row): pages.WriteExcel.demoKey is PASSED

2024-10-17 14:47:18 - [MESSAGE][PASSED] - pages.WriteExcel.demoKey is PASSED

2024-10-17 14:47:18 - [TEST_STEP][PASSED] - ExecuteTC = findTestData(dataFile).getValue("Execute", row): null

2024-10-17 14:47:18 - [TEST_STEP][PASSED] - Taxtype = findTestData(dataFile).getValue("TaxType", row): null

2024-10-17 14:47:18 - [TEST_STEP][PASSED] - Paymenttype = findTestData(dataFile).getValue("PaymentType", row): null

2024-10-17 14:47:18 - [TEST_STEP][PASSED] - out.println("Value of Execute is : " + ExecuteTC): null

2024-10-17 14:47:18 - [TEST_STEP][PASSED] - if (ExecuteTC.equalsIgnoreCase("Y")): null

2024-10-17 14:47:18 - [TEST_STEP][PASSED] - out.println("Begin Record Number: " + row): null

2024-10-17 14:47:18 - [TEST_STEP][PASSED] - today = new java.util.Date(): null

2024-10-17 14:47:18 - [TEST_STEP][PASSED] - println(today): null

2024-10-17 14:47:18 - [TEST_STEP][PASSED] - datText = today: null

2024-10-17 14:47:18 - [TEST_STEP][PASSED] - Taxtype = findTestData(dataFile).getValue("TaxType", row): null

2024-10-17 14:47:18 - [TEST_STEP][PASSED] - out.println("Taxtype value is : " + Taxtype): null

2024-10-17 14:47:18 - [TEST_STEP][PASSED] - openBrowser(""): Browser is opened with url: ''

2024-10-17 14:47:18 - [MESSAGE][WARNING] - A browser is already opened. Closing browser and opening a new one

2024-10-17 14:47:19 - [MESSAGE][INFO] - Starting 'Chrome' driver

2024-10-17 14:47:19 - [MESSAGE][INFO] - User set preference: ['acceptInsecureCerts', 'true']

2024-10-17 14:47:19 - [MESSAGE][INFO] - Action delay is set to 0 milliseconds

2024-10-17 14:47:21 - [MESSAGE][PASSED] - Browser is opened with url: ''

2024-10-17 14:47:21 - [TEST_STEP][PASSED] - maximizeWindow(): Current window maximized

2024-10-17 14:47:21 - [MESSAGE][PASSED] - Current window maximized

2024-10-17 14:47:21 - [TEST_STEP][PASSED] - navigateToUrl(RADurl): Navigate to 'https://demo.velocitypayment.com/client/rad/index.html' successfully

2024-10-17 14:47:23 - [MESSAGE][PASSED] - Navigate to 'https://demo.velocitypayment.com/client/rad/index.html' successfully

2024-10-17 14:47:23 - [TEST_STEP][PASSED] - orPath_Landing = "Object Repository/RAD_Pages/Landing_Page": null

2024-10-17 14:47:23 - [TEST_STEP][PASSED] - orPath_TaxTypeFilingYear = "Object Repository/RAD_Pages/TaxTypeFilingYear_Page": null

2024-10-17 14:47:23 - [TEST_STEP][PASSED] - orPath_TaxPayer = "Object Repository/RAD_Pages/Taxpayer_Page": null

2024-10-17 14:47:23 - [TEST_STEP][PASSED] - orPath_AddressContact = "Object Repository/RAD_Pages/AddressAndContactInfo_Page": null

2024-10-17 14:47:23 - [TEST_STEP][PASSED] - orPath_FilingStatus = "Object Repository/RAD_Pages/FilingStatus_Page": null

2024-10-17 14:47:23 - [TEST_STEP][PASSED] - orPath_Amount = "Object Repository/RAD_Pages/PaymentAmount_Page": null

2024-10-17 14:47:23 - [TEST_STEP][PASSED] - selectOptionByLabel(findTestObject(orPath_Landing + "/dd_TaxType"), Paymenttype, false): All options with label 'Existing Liability with Notice/Invoice Number' are selected in object 'Object Repository/RAD_Pages/Landing_Page/dd_TaxType' 

2024-10-17 14:47:24 - [MESSAGE][PASSED] - All options with label 'Existing Liability with Notice/Invoice Number' are selected in object 'Object Repository/RAD_Pages/Landing_Page/dd_TaxType' 

2024-10-17 14:47:24 - [TEST_STEP][PASSED] - delay(1): Delayed 1 second(s)

2024-10-17 14:47:25 - [MESSAGE][PASSED] - Delayed 1 second(s)

2024-10-17 14:47:25 - [TEST_STEP][PASSED] - switch (Paymenttype): null

2024-10-17 14:47:25 - [TEST_STEP][PASSED] - delay(1): Delayed 1 second(s)

2024-10-17 14:47:26 - [MESSAGE][PASSED] - Delayed 1 second(s)

2024-10-17 14:47:26 - [TEST_STEP][PASSED] - scrollToElement(findTestObject(orPath_Amount + "/input__paymentAmount"), 3): Scroll to object 'Object Repository/RAD_Pages/PaymentAmount_Page/input__paymentAmount' successfully

2024-10-17 14:47:26 - [MESSAGE][PASSED] - Scroll to object 'Object Repository/RAD_Pages/PaymentAmount_Page/input__paymentAmount' successfully

2024-10-17 14:47:26 - [TEST_STEP][PASSED] - setText(findTestObject(orPath_AddressContact + "/input_eMailAddress"), "imtiazster@gmail.com"): Text 'imtiazster@gmail.com' is set on object 'Object Repository/RAD_Pages/AddressAndContactInfo_Page/input_eMailAddress'

2024-10-17 14:47:27 - [MESSAGE][PASSED] - Text 'imtiazster@gmail.com' is set on object 'Object Repository/RAD_Pages/AddressAndContactInfo_Page/input_eMailAddress'

2024-10-17 14:47:27 - [TEST_STEP][PASSED] - setText(findTestObject(orPath_AddressContact + "/input_reEnterEMailAddress"), "iahmed@govolution.com"): Text 'iahmed@govolution.com' is set on object 'Object Repository/RAD_Pages/AddressAndContactInfo_Page/input_reEnterEMailAddress'

2024-10-17 14:47:28 - [MESSAGE][PASSED] - Text 'iahmed@govolution.com' is set on object 'Object Repository/RAD_Pages/AddressAndContactInfo_Page/input_reEnterEMailAddress'

2024-10-17 14:47:28 - [TEST_STEP][PASSED] - delay(2): Delayed 2 second(s)

2024-10-17 14:47:30 - [MESSAGE][PASSED] - Delayed 2 second(s)

2024-10-17 14:47:30 - [TEST_STEP][PASSED] - if (verifyTextPresent("The Email and Re-enter email do not match", true)): null

2024-10-17 14:47:30 - [MESSAGE][PASSED] - Text 'The Email and Re-enter email do not match' is present on page  using regular expression

2024-10-17 14:47:30 - [TEST_STEP][PASSED] - println("Emails Dont match text is present"): null

2024-10-17 14:47:30 - [TEST_STEP][PASSED] - out.println("Pass Record Number: " + row): null

2024-10-17 14:47:30 - [TEST_STEP][PASSED] - resText = "Pass": null

2024-10-17 14:47:30 - [TEST_STEP][PASSED] - pages.WriteExcel.demoKey(resText, datText, resColumn, datCloumn, fileLoc, nameSheet, row): pages.WriteExcel.demoKey is PASSED

2024-10-17 14:47:30 - [MESSAGE][PASSED] - pages.WriteExcel.demoKey is PASSED

2024-10-17 14:47:30 - [TEST_STEP][PASSED] - ExecuteTC = findTestData(dataFile).getValue("Execute", row): null

2024-10-17 14:47:30 - [TEST_STEP][PASSED] - Taxtype = findTestData(dataFile).getValue("TaxType", row): null

2024-10-17 14:47:30 - [TEST_STEP][PASSED] - Paymenttype = findTestData(dataFile).getValue("PaymentType", row): null

2024-10-17 14:47:30 - [TEST_STEP][PASSED] - out.println("Value of Execute is : " + ExecuteTC): null

2024-10-17 14:47:30 - [TEST_STEP][PASSED] - if (ExecuteTC.equalsIgnoreCase("Y")): null

2024-10-17 14:47:30 - [TEST_STEP][PASSED] - out.println("Begin Record Number: " + row): null

2024-10-17 14:47:30 - [TEST_STEP][PASSED] - today = new java.util.Date(): null

2024-10-17 14:47:30 - [TEST_STEP][PASSED] - println(today): null

2024-10-17 14:47:30 - [TEST_STEP][PASSED] - datText = today: null

2024-10-17 14:47:30 - [TEST_STEP][PASSED] - Taxtype = findTestData(dataFile).getValue("TaxType", row): null

2024-10-17 14:47:30 - [TEST_STEP][PASSED] - out.println("Taxtype value is : " + Taxtype): null

2024-10-17 14:47:30 - [TEST_STEP][PASSED] - openBrowser(""): Browser is opened with url: ''

2024-10-17 14:47:30 - [MESSAGE][WARNING] - A browser is already opened. Closing browser and opening a new one

2024-10-17 14:47:32 - [MESSAGE][INFO] - Starting 'Chrome' driver

2024-10-17 14:47:32 - [MESSAGE][INFO] - User set preference: ['acceptInsecureCerts', 'true']

2024-10-17 14:47:32 - [MESSAGE][INFO] - Action delay is set to 0 milliseconds

2024-10-17 14:47:33 - [MESSAGE][PASSED] - Browser is opened with url: ''

2024-10-17 14:47:33 - [TEST_STEP][PASSED] - maximizeWindow(): Current window maximized

2024-10-17 14:47:33 - [MESSAGE][PASSED] - Current window maximized

2024-10-17 14:47:33 - [TEST_STEP][PASSED] - navigateToUrl(RADurl): Navigate to 'https://demo.velocitypayment.com/client/rad/index.html' successfully

2024-10-17 14:47:35 - [MESSAGE][PASSED] - Navigate to 'https://demo.velocitypayment.com/client/rad/index.html' successfully

2024-10-17 14:47:35 - [TEST_STEP][PASSED] - orPath_Landing = "Object Repository/RAD_Pages/Landing_Page": null

2024-10-17 14:47:35 - [TEST_STEP][PASSED] - orPath_TaxTypeFilingYear = "Object Repository/RAD_Pages/TaxTypeFilingYear_Page": null

2024-10-17 14:47:35 - [TEST_STEP][PASSED] - orPath_TaxPayer = "Object Repository/RAD_Pages/Taxpayer_Page": null

2024-10-17 14:47:35 - [TEST_STEP][PASSED] - orPath_AddressContact = "Object Repository/RAD_Pages/AddressAndContactInfo_Page": null

2024-10-17 14:47:35 - [TEST_STEP][PASSED] - orPath_FilingStatus = "Object Repository/RAD_Pages/FilingStatus_Page": null

2024-10-17 14:47:35 - [TEST_STEP][PASSED] - orPath_Amount = "Object Repository/RAD_Pages/PaymentAmount_Page": null

2024-10-17 14:47:35 - [TEST_STEP][PASSED] - selectOptionByLabel(findTestObject(orPath_Landing + "/dd_TaxType"), Paymenttype, false): All options with label 'Existing Liability with Notice/Invoice Number' are selected in object 'Object Repository/RAD_Pages/Landing_Page/dd_TaxType' 

2024-10-17 14:47:36 - [MESSAGE][PASSED] - All options with label 'Existing Liability with Notice/Invoice Number' are selected in object 'Object Repository/RAD_Pages/Landing_Page/dd_TaxType' 

2024-10-17 14:47:36 - [TEST_STEP][PASSED] - delay(1): Delayed 1 second(s)

2024-10-17 14:47:37 - [MESSAGE][PASSED] - Delayed 1 second(s)

2024-10-17 14:47:37 - [TEST_STEP][PASSED] - switch (Paymenttype): null

2024-10-17 14:47:37 - [TEST_STEP][PASSED] - delay(1): Delayed 1 second(s)

2024-10-17 14:47:38 - [MESSAGE][PASSED] - Delayed 1 second(s)

2024-10-17 14:47:38 - [TEST_STEP][PASSED] - scrollToElement(findTestObject(orPath_Amount + "/input__paymentAmount"), 3): Scroll to object 'Object Repository/RAD_Pages/PaymentAmount_Page/input__paymentAmount' successfully

2024-10-17 14:47:38 - [MESSAGE][PASSED] - Scroll to object 'Object Repository/RAD_Pages/PaymentAmount_Page/input__paymentAmount' successfully

2024-10-17 14:47:38 - [TEST_STEP][PASSED] - setText(findTestObject(orPath_AddressContact + "/input_eMailAddress"), "imtiazster@gmail.com"): Text 'imtiazster@gmail.com' is set on object 'Object Repository/RAD_Pages/AddressAndContactInfo_Page/input_eMailAddress'

2024-10-17 14:47:39 - [MESSAGE][PASSED] - Text 'imtiazster@gmail.com' is set on object 'Object Repository/RAD_Pages/AddressAndContactInfo_Page/input_eMailAddress'

2024-10-17 14:47:39 - [TEST_STEP][PASSED] - setText(findTestObject(orPath_AddressContact + "/input_reEnterEMailAddress"), "iahmed@govolution.com"): Text 'iahmed@govolution.com' is set on object 'Object Repository/RAD_Pages/AddressAndContactInfo_Page/input_reEnterEMailAddress'

2024-10-17 14:47:40 - [MESSAGE][PASSED] - Text 'iahmed@govolution.com' is set on object 'Object Repository/RAD_Pages/AddressAndContactInfo_Page/input_reEnterEMailAddress'

2024-10-17 14:47:40 - [TEST_STEP][PASSED] - delay(2): Delayed 2 second(s)

2024-10-17 14:47:42 - [MESSAGE][PASSED] - Delayed 2 second(s)

2024-10-17 14:47:42 - [TEST_STEP][PASSED] - if (verifyTextPresent("The Email and Re-enter email do not match", true)): null

2024-10-17 14:47:42 - [MESSAGE][PASSED] - Text 'The Email and Re-enter email do not match' is present on page  using regular expression

2024-10-17 14:47:42 - [TEST_STEP][PASSED] - println("Emails Dont match text is present"): null

2024-10-17 14:47:42 - [TEST_STEP][PASSED] - out.println("Pass Record Number: " + row): null

2024-10-17 14:47:42 - [TEST_STEP][PASSED] - resText = "Pass": null

2024-10-17 14:47:42 - [TEST_STEP][PASSED] - pages.WriteExcel.demoKey(resText, datText, resColumn, datCloumn, fileLoc, nameSheet, row): pages.WriteExcel.demoKey is PASSED

2024-10-17 14:47:42 - [MESSAGE][PASSED] - pages.WriteExcel.demoKey is PASSED

2024-10-17 14:47:42 - [TEST_STEP][PASSED] - ExecuteTC = findTestData(dataFile).getValue("Execute", row): null

2024-10-17 14:47:42 - [TEST_STEP][PASSED] - Taxtype = findTestData(dataFile).getValue("TaxType", row): null

2024-10-17 14:47:43 - [TEST_STEP][PASSED] - Paymenttype = findTestData(dataFile).getValue("PaymentType", row): null

2024-10-17 14:47:43 - [TEST_STEP][PASSED] - out.println("Value of Execute is : " + ExecuteTC): null

2024-10-17 14:47:43 - [TEST_STEP][PASSED] - if (ExecuteTC.equalsIgnoreCase("Y")): null

2024-10-17 14:47:43 - [TEST_STEP][PASSED] - out.println("Begin Record Number: " + row): null

2024-10-17 14:47:43 - [TEST_STEP][PASSED] - today = new java.util.Date(): null

2024-10-17 14:47:43 - [TEST_STEP][PASSED] - println(today): null

2024-10-17 14:47:43 - [TEST_STEP][PASSED] - datText = today: null

2024-10-17 14:47:43 - [TEST_STEP][PASSED] - Taxtype = findTestData(dataFile).getValue("TaxType", row): null

2024-10-17 14:47:43 - [TEST_STEP][PASSED] - out.println("Taxtype value is : " + Taxtype): null

2024-10-17 14:47:43 - [TEST_STEP][PASSED] - openBrowser(""): Browser is opened with url: ''

2024-10-17 14:47:43 - [MESSAGE][WARNING] - A browser is already opened. Closing browser and opening a new one

2024-10-17 14:47:44 - [MESSAGE][INFO] - Starting 'Chrome' driver

2024-10-17 14:47:44 - [MESSAGE][INFO] - User set preference: ['acceptInsecureCerts', 'true']

2024-10-17 14:47:44 - [MESSAGE][INFO] - Action delay is set to 0 milliseconds

2024-10-17 14:47:46 - [MESSAGE][PASSED] - Browser is opened with url: ''

2024-10-17 14:47:46 - [TEST_STEP][PASSED] - maximizeWindow(): Current window maximized

2024-10-17 14:47:46 - [MESSAGE][PASSED] - Current window maximized

2024-10-17 14:47:46 - [TEST_STEP][PASSED] - navigateToUrl(RADurl): Navigate to 'https://demo.velocitypayment.com/client/rad/index.html' successfully

2024-10-17 14:47:46 - [MESSAGE][PASSED] - Navigate to 'https://demo.velocitypayment.com/client/rad/index.html' successfully

2024-10-17 14:47:46 - [TEST_STEP][PASSED] - orPath_Landing = "Object Repository/RAD_Pages/Landing_Page": null

2024-10-17 14:47:46 - [TEST_STEP][PASSED] - orPath_TaxTypeFilingYear = "Object Repository/RAD_Pages/TaxTypeFilingYear_Page": null

2024-10-17 14:47:46 - [TEST_STEP][PASSED] - orPath_TaxPayer = "Object Repository/RAD_Pages/Taxpayer_Page": null

2024-10-17 14:47:46 - [TEST_STEP][PASSED] - orPath_AddressContact = "Object Repository/RAD_Pages/AddressAndContactInfo_Page": null

2024-10-17 14:47:46 - [TEST_STEP][PASSED] - orPath_FilingStatus = "Object Repository/RAD_Pages/FilingStatus_Page": null

2024-10-17 14:47:46 - [TEST_STEP][PASSED] - orPath_Amount = "Object Repository/RAD_Pages/PaymentAmount_Page": null

2024-10-17 14:47:46 - [TEST_STEP][PASSED] - selectOptionByLabel(findTestObject(orPath_Landing + "/dd_TaxType"), Paymenttype, false): All options with label 'Existing Liability with Notice/Invoice Number' are selected in object 'Object Repository/RAD_Pages/Landing_Page/dd_TaxType' 

2024-10-17 14:47:48 - [MESSAGE][PASSED] - All options with label 'Existing Liability with Notice/Invoice Number' are selected in object 'Object Repository/RAD_Pages/Landing_Page/dd_TaxType' 

2024-10-17 14:47:48 - [TEST_STEP][PASSED] - delay(1): Delayed 1 second(s)

2024-10-17 14:47:49 - [MESSAGE][PASSED] - Delayed 1 second(s)

2024-10-17 14:47:49 - [TEST_STEP][PASSED] - switch (Paymenttype): null

2024-10-17 14:47:49 - [TEST_STEP][PASSED] - delay(1): Delayed 1 second(s)

2024-10-17 14:47:50 - [MESSAGE][PASSED] - Delayed 1 second(s)

2024-10-17 14:47:50 - [TEST_STEP][PASSED] - scrollToElement(findTestObject(orPath_Amount + "/input__paymentAmount"), 3): Scroll to object 'Object Repository/RAD_Pages/PaymentAmount_Page/input__paymentAmount' successfully

2024-10-17 14:47:51 - [MESSAGE][PASSED] - Scroll to object 'Object Repository/RAD_Pages/PaymentAmount_Page/input__paymentAmount' successfully

2024-10-17 14:47:51 - [TEST_STEP][PASSED] - setText(findTestObject(orPath_AddressContact + "/input_eMailAddress"), "imtiazster@gmail.com"): Text 'imtiazster@gmail.com' is set on object 'Object Repository/RAD_Pages/AddressAndContactInfo_Page/input_eMailAddress'

2024-10-17 14:47:52 - [MESSAGE][PASSED] - Text 'imtiazster@gmail.com' is set on object 'Object Repository/RAD_Pages/AddressAndContactInfo_Page/input_eMailAddress'

2024-10-17 14:47:52 - [TEST_STEP][PASSED] - setText(findTestObject(orPath_AddressContact + "/input_reEnterEMailAddress"), "iahmed@govolution.com"): Text 'iahmed@govolution.com' is set on object 'Object Repository/RAD_Pages/AddressAndContactInfo_Page/input_reEnterEMailAddress'

2024-10-17 14:47:52 - [MESSAGE][PASSED] - Text 'iahmed@govolution.com' is set on object 'Object Repository/RAD_Pages/AddressAndContactInfo_Page/input_reEnterEMailAddress'

2024-10-17 14:47:52 - [TEST_STEP][PASSED] - delay(2): Delayed 2 second(s)

2024-10-17 14:47:54 - [MESSAGE][PASSED] - Delayed 2 second(s)

2024-10-17 14:47:54 - [TEST_STEP][PASSED] - if (verifyTextPresent("The Email and Re-enter email do not match", true)): null

2024-10-17 14:47:55 - [MESSAGE][PASSED] - Text 'The Email and Re-enter email do not match' is present on page  using regular expression

2024-10-17 14:47:55 - [TEST_STEP][PASSED] - println("Emails Dont match text is present"): null

2024-10-17 14:47:55 - [TEST_STEP][PASSED] - out.println("Pass Record Number: " + row): null

2024-10-17 14:47:55 - [TEST_STEP][PASSED] - resText = "Pass": null

2024-10-17 14:47:55 - [TEST_STEP][PASSED] - pages.WriteExcel.demoKey(resText, datText, resColumn, datCloumn, fileLoc, nameSheet, row): pages.WriteExcel.demoKey is PASSED

2024-10-17 14:47:55 - [MESSAGE][PASSED] - pages.WriteExcel.demoKey is PASSED

2024-10-17 14:47:55 - [TEST_STEP][PASSED] - ExecuteTC = findTestData(dataFile).getValue("Execute", row): null

2024-10-17 14:47:55 - [TEST_STEP][PASSED] - Taxtype = findTestData(dataFile).getValue("TaxType", row): null

2024-10-17 14:47:55 - [TEST_STEP][PASSED] - Paymenttype = findTestData(dataFile).getValue("PaymentType", row): null

2024-10-17 14:47:55 - [TEST_STEP][PASSED] - out.println("Value of Execute is : " + ExecuteTC): null

2024-10-17 14:47:55 - [TEST_STEP][PASSED] - if (ExecuteTC.equalsIgnoreCase("Y")): null

2024-10-17 14:47:55 - [TEST_STEP][PASSED] - out.println("Begin Record Number: " + row): null

2024-10-17 14:47:55 - [TEST_STEP][PASSED] - today = new java.util.Date(): null

2024-10-17 14:47:55 - [TEST_STEP][PASSED] - println(today): null

2024-10-17 14:47:55 - [TEST_STEP][PASSED] - datText = today: null

2024-10-17 14:47:55 - [TEST_STEP][PASSED] - Taxtype = findTestData(dataFile).getValue("TaxType", row): null

2024-10-17 14:47:55 - [TEST_STEP][PASSED] - out.println("Taxtype value is : " + Taxtype): null

2024-10-17 14:47:55 - [TEST_STEP][PASSED] - openBrowser(""): Browser is opened with url: ''

2024-10-17 14:47:55 - [MESSAGE][WARNING] - A browser is already opened. Closing browser and opening a new one

2024-10-17 14:47:56 - [MESSAGE][INFO] - Starting 'Chrome' driver

2024-10-17 14:47:56 - [MESSAGE][INFO] - User set preference: ['acceptInsecureCerts', 'true']

2024-10-17 14:47:56 - [MESSAGE][INFO] - Action delay is set to 0 milliseconds

2024-10-17 14:47:58 - [MESSAGE][PASSED] - Browser is opened with url: ''

2024-10-17 14:47:58 - [TEST_STEP][PASSED] - maximizeWindow(): Current window maximized

2024-10-17 14:47:58 - [MESSAGE][PASSED] - Current window maximized

2024-10-17 14:47:58 - [TEST_STEP][PASSED] - navigateToUrl(RADurl): Navigate to 'https://demo.velocitypayment.com/client/rad/index.html' successfully

2024-10-17 14:48:01 - [MESSAGE][PASSED] - Navigate to 'https://demo.velocitypayment.com/client/rad/index.html' successfully

2024-10-17 14:48:01 - [TEST_STEP][PASSED] - orPath_Landing = "Object Repository/RAD_Pages/Landing_Page": null

2024-10-17 14:48:01 - [TEST_STEP][PASSED] - orPath_TaxTypeFilingYear = "Object Repository/RAD_Pages/TaxTypeFilingYear_Page": null

2024-10-17 14:48:01 - [TEST_STEP][PASSED] - orPath_TaxPayer = "Object Repository/RAD_Pages/Taxpayer_Page": null

2024-10-17 14:48:01 - [TEST_STEP][PASSED] - orPath_AddressContact = "Object Repository/RAD_Pages/AddressAndContactInfo_Page": null

2024-10-17 14:48:01 - [TEST_STEP][PASSED] - orPath_FilingStatus = "Object Repository/RAD_Pages/FilingStatus_Page": null

2024-10-17 14:48:01 - [TEST_STEP][PASSED] - orPath_Amount = "Object Repository/RAD_Pages/PaymentAmount_Page": null

2024-10-17 14:48:01 - [TEST_STEP][PASSED] - selectOptionByLabel(findTestObject(orPath_Landing + "/dd_TaxType"), Paymenttype, false): All options with label 'Quarterly Estimated Tax' are selected in object 'Object Repository/RAD_Pages/Landing_Page/dd_TaxType' 

2024-10-17 14:48:02 - [MESSAGE][PASSED] - All options with label 'Quarterly Estimated Tax' are selected in object 'Object Repository/RAD_Pages/Landing_Page/dd_TaxType' 

2024-10-17 14:48:02 - [TEST_STEP][PASSED] - delay(1): Delayed 1 second(s)

2024-10-17 14:48:03 - [MESSAGE][PASSED] - Delayed 1 second(s)

2024-10-17 14:48:03 - [TEST_STEP][PASSED] - switch (Paymenttype): null

2024-10-17 14:48:03 - [TEST_STEP][PASSED] - case "Quarterly Estimated Tax":: null

2024-10-17 14:48:03 - [TEST_STEP][PASSED] - selectOptionByLabel(findTestObject(orPath_TaxTypeFilingYear + "/select_PaymentType"), Taxtype, false): All options with label 'Corporate Income Tax' are selected in object 'Object Repository/RAD_Pages/TaxTypeFilingYear_Page/select_PaymentType' 

2024-10-17 14:48:03 - [MESSAGE][PASSED] - All options with label 'Corporate Income Tax' are selected in object 'Object Repository/RAD_Pages/TaxTypeFilingYear_Page/select_PaymentType' 

2024-10-17 14:48:03 - [TEST_STEP][PASSED] - break: null

2024-10-17 14:48:03 - [TEST_STEP][PASSED] - delay(1): Delayed 1 second(s)

2024-10-17 14:48:04 - [MESSAGE][PASSED] - Delayed 1 second(s)

2024-10-17 14:48:04 - [TEST_STEP][PASSED] - scrollToElement(findTestObject(orPath_Amount + "/input__paymentAmount"), 3): Scroll to object 'Object Repository/RAD_Pages/PaymentAmount_Page/input__paymentAmount' successfully

2024-10-17 14:48:05 - [MESSAGE][PASSED] - Scroll to object 'Object Repository/RAD_Pages/PaymentAmount_Page/input__paymentAmount' successfully

2024-10-17 14:48:05 - [TEST_STEP][PASSED] - setText(findTestObject(orPath_AddressContact + "/input_eMailAddress"), "imtiazster@gmail.com"): Text 'imtiazster@gmail.com' is set on object 'Object Repository/RAD_Pages/AddressAndContactInfo_Page/input_eMailAddress'

2024-10-17 14:48:05 - [MESSAGE][PASSED] - Text 'imtiazster@gmail.com' is set on object 'Object Repository/RAD_Pages/AddressAndContactInfo_Page/input_eMailAddress'

2024-10-17 14:48:06 - [TEST_STEP][PASSED] - setText(findTestObject(orPath_AddressContact + "/input_reEnterEMailAddress"), "iahmed@govolution.com"): Text 'iahmed@govolution.com' is set on object 'Object Repository/RAD_Pages/AddressAndContactInfo_Page/input_reEnterEMailAddress'

2024-10-17 14:48:06 - [MESSAGE][PASSED] - Text 'iahmed@govolution.com' is set on object 'Object Repository/RAD_Pages/AddressAndContactInfo_Page/input_reEnterEMailAddress'

2024-10-17 14:48:06 - [TEST_STEP][PASSED] - delay(2): Delayed 2 second(s)

2024-10-17 14:48:08 - [MESSAGE][PASSED] - Delayed 2 second(s)

2024-10-17 14:48:08 - [TEST_STEP][PASSED] - if (verifyTextPresent("The Email and Re-enter email do not match", true)): null

2024-10-17 14:48:09 - [MESSAGE][PASSED] - Text 'The Email and Re-enter email do not match' is present on page  using regular expression

2024-10-17 14:48:09 - [TEST_STEP][PASSED] - println("Emails Dont match text is present"): null

2024-10-17 14:48:09 - [TEST_STEP][PASSED] - out.println("Pass Record Number: " + row): null

2024-10-17 14:48:09 - [TEST_STEP][PASSED] - resText = "Pass": null

2024-10-17 14:48:09 - [TEST_STEP][PASSED] - pages.WriteExcel.demoKey(resText, datText, resColumn, datCloumn, fileLoc, nameSheet, row): pages.WriteExcel.demoKey is PASSED

2024-10-17 14:48:09 - [MESSAGE][PASSED] - pages.WriteExcel.demoKey is PASSED

2024-10-17 14:48:09 - [TEST_STEP][PASSED] - ExecuteTC = findTestData(dataFile).getValue("Execute", row): null

2024-10-17 14:48:09 - [TEST_STEP][PASSED] - Taxtype = findTestData(dataFile).getValue("TaxType", row): null

2024-10-17 14:48:09 - [TEST_STEP][PASSED] - Paymenttype = findTestData(dataFile).getValue("PaymentType", row): null

2024-10-17 14:48:09 - [TEST_STEP][PASSED] - out.println("Value of Execute is : " + ExecuteTC): null

2024-10-17 14:48:09 - [TEST_STEP][PASSED] - if (ExecuteTC.equalsIgnoreCase("Y")): null

2024-10-17 14:48:09 - [TEST_STEP][PASSED] - out.println("Begin Record Number: " + row): null

2024-10-17 14:48:09 - [TEST_STEP][PASSED] - today = new java.util.Date(): null

2024-10-17 14:48:09 - [TEST_STEP][PASSED] - println(today): null

2024-10-17 14:48:09 - [TEST_STEP][PASSED] - datText = today: null

2024-10-17 14:48:09 - [TEST_STEP][PASSED] - Taxtype = findTestData(dataFile).getValue("TaxType", row): null

2024-10-17 14:48:09 - [TEST_STEP][PASSED] - out.println("Taxtype value is : " + Taxtype): null

2024-10-17 14:48:09 - [TEST_STEP][PASSED] - openBrowser(""): Browser is opened with url: ''

2024-10-17 14:48:09 - [MESSAGE][WARNING] - A browser is already opened. Closing browser and opening a new one

2024-10-17 14:48:10 - [MESSAGE][INFO] - Starting 'Chrome' driver

2024-10-17 14:48:10 - [MESSAGE][INFO] - User set preference: ['acceptInsecureCerts', 'true']

2024-10-17 14:48:10 - [MESSAGE][INFO] - Action delay is set to 0 milliseconds

2024-10-17 14:48:12 - [MESSAGE][PASSED] - Browser is opened with url: ''

2024-10-17 14:48:12 - [TEST_STEP][PASSED] - maximizeWindow(): Current window maximized

2024-10-17 14:48:12 - [MESSAGE][PASSED] - Current window maximized

2024-10-17 14:48:12 - [TEST_STEP][PASSED] - navigateToUrl(RADurl): Navigate to 'https://demo.velocitypayment.com/client/rad/index.html' successfully

2024-10-17 14:48:14 - [MESSAGE][PASSED] - Navigate to 'https://demo.velocitypayment.com/client/rad/index.html' successfully

2024-10-17 14:48:14 - [TEST_STEP][PASSED] - orPath_Landing = "Object Repository/RAD_Pages/Landing_Page": null

2024-10-17 14:48:14 - [TEST_STEP][PASSED] - orPath_TaxTypeFilingYear = "Object Repository/RAD_Pages/TaxTypeFilingYear_Page": null

2024-10-17 14:48:14 - [TEST_STEP][PASSED] - orPath_TaxPayer = "Object Repository/RAD_Pages/Taxpayer_Page": null

2024-10-17 14:48:14 - [TEST_STEP][PASSED] - orPath_AddressContact = "Object Repository/RAD_Pages/AddressAndContactInfo_Page": null

2024-10-17 14:48:14 - [TEST_STEP][PASSED] - orPath_FilingStatus = "Object Repository/RAD_Pages/FilingStatus_Page": null

2024-10-17 14:48:14 - [TEST_STEP][PASSED] - orPath_Amount = "Object Repository/RAD_Pages/PaymentAmount_Page": null

2024-10-17 14:48:14 - [TEST_STEP][PASSED] - selectOptionByLabel(findTestObject(orPath_Landing + "/dd_TaxType"), Paymenttype, false): All options with label 'Quarterly Estimated Tax' are selected in object 'Object Repository/RAD_Pages/Landing_Page/dd_TaxType' 

2024-10-17 14:48:16 - [MESSAGE][PASSED] - All options with label 'Quarterly Estimated Tax' are selected in object 'Object Repository/RAD_Pages/Landing_Page/dd_TaxType' 

2024-10-17 14:48:16 - [TEST_STEP][PASSED] - delay(1): Delayed 1 second(s)

2024-10-17 14:48:17 - [MESSAGE][PASSED] - Delayed 1 second(s)

2024-10-17 14:48:17 - [TEST_STEP][PASSED] - switch (Paymenttype): null

2024-10-17 14:48:17 - [TEST_STEP][PASSED] - case "Quarterly Estimated Tax":: null

2024-10-17 14:48:17 - [TEST_STEP][PASSED] - selectOptionByLabel(findTestObject(orPath_TaxTypeFilingYear + "/select_PaymentType"), Taxtype, false): All options with label 'Fiduciary Tax' are selected in object 'Object Repository/RAD_Pages/TaxTypeFilingYear_Page/select_PaymentType' 

2024-10-17 14:48:18 - [MESSAGE][PASSED] - All options with label 'Fiduciary Tax' are selected in object 'Object Repository/RAD_Pages/TaxTypeFilingYear_Page/select_PaymentType' 

2024-10-17 14:48:18 - [TEST_STEP][PASSED] - break: null

2024-10-17 14:48:18 - [TEST_STEP][PASSED] - delay(1): Delayed 1 second(s)

2024-10-17 14:48:19 - [MESSAGE][PASSED] - Delayed 1 second(s)

2024-10-17 14:48:19 - [TEST_STEP][PASSED] - scrollToElement(findTestObject(orPath_Amount + "/input__paymentAmount"), 3): Scroll to object 'Object Repository/RAD_Pages/PaymentAmount_Page/input__paymentAmount' successfully

2024-10-17 14:48:19 - [MESSAGE][PASSED] - Scroll to object 'Object Repository/RAD_Pages/PaymentAmount_Page/input__paymentAmount' successfully

2024-10-17 14:48:19 - [TEST_STEP][PASSED] - setText(findTestObject(orPath_AddressContact + "/input_eMailAddress"), "imtiazster@gmail.com"): Text 'imtiazster@gmail.com' is set on object 'Object Repository/RAD_Pages/AddressAndContactInfo_Page/input_eMailAddress'

2024-10-17 14:48:20 - [MESSAGE][PASSED] - Text 'imtiazster@gmail.com' is set on object 'Object Repository/RAD_Pages/AddressAndContactInfo_Page/input_eMailAddress'

2024-10-17 14:48:20 - [TEST_STEP][PASSED] - setText(findTestObject(orPath_AddressContact + "/input_reEnterEMailAddress"), "iahmed@govolution.com"): Text 'iahmed@govolution.com' is set on object 'Object Repository/RAD_Pages/AddressAndContactInfo_Page/input_reEnterEMailAddress'

2024-10-17 14:48:21 - [MESSAGE][PASSED] - Text 'iahmed@govolution.com' is set on object 'Object Repository/RAD_Pages/AddressAndContactInfo_Page/input_reEnterEMailAddress'

2024-10-17 14:48:21 - [TEST_STEP][PASSED] - delay(2): Delayed 2 second(s)

2024-10-17 14:48:23 - [MESSAGE][PASSED] - Delayed 2 second(s)

2024-10-17 14:48:23 - [TEST_STEP][PASSED] - if (verifyTextPresent("The Email and Re-enter email do not match", true)): null

2024-10-17 14:48:23 - [MESSAGE][PASSED] - Text 'The Email and Re-enter email do not match' is present on page  using regular expression

2024-10-17 14:48:23 - [TEST_STEP][PASSED] - println("Emails Dont match text is present"): null

2024-10-17 14:48:23 - [TEST_STEP][PASSED] - out.println("Pass Record Number: " + row): null

2024-10-17 14:48:23 - [TEST_STEP][PASSED] - resText = "Pass": null

2024-10-17 14:48:23 - [TEST_STEP][PASSED] - pages.WriteExcel.demoKey(resText, datText, resColumn, datCloumn, fileLoc, nameSheet, row): pages.WriteExcel.demoKey is PASSED

2024-10-17 14:48:23 - [MESSAGE][PASSED] - pages.WriteExcel.demoKey is PASSED

2024-10-17 14:48:23 - [TEST_STEP][PASSED] - ExecuteTC = findTestData(dataFile).getValue("Execute", row): null

2024-10-17 14:48:23 - [TEST_STEP][PASSED] - Taxtype = findTestData(dataFile).getValue("TaxType", row): null

2024-10-17 14:48:23 - [TEST_STEP][PASSED] - Paymenttype = findTestData(dataFile).getValue("PaymentType", row): null

2024-10-17 14:48:24 - [TEST_STEP][PASSED] - out.println("Value of Execute is : " + ExecuteTC): null

2024-10-17 14:48:24 - [TEST_STEP][PASSED] - if (ExecuteTC.equalsIgnoreCase("Y")): null

2024-10-17 14:48:24 - [TEST_STEP][PASSED] - out.println("Begin Record Number: " + row): null

2024-10-17 14:48:24 - [TEST_STEP][PASSED] - today = new java.util.Date(): null

2024-10-17 14:48:24 - [TEST_STEP][PASSED] - println(today): null

2024-10-17 14:48:24 - [TEST_STEP][PASSED] - datText = today: null

2024-10-17 14:48:24 - [TEST_STEP][PASSED] - Taxtype = findTestData(dataFile).getValue("TaxType", row): null

2024-10-17 14:48:24 - [TEST_STEP][PASSED] - out.println("Taxtype value is : " + Taxtype): null

2024-10-17 14:48:24 - [TEST_STEP][PASSED] - openBrowser(""): Browser is opened with url: ''

2024-10-17 14:48:24 - [MESSAGE][WARNING] - A browser is already opened. Closing browser and opening a new one

2024-10-17 14:48:25 - [MESSAGE][INFO] - Starting 'Chrome' driver

2024-10-17 14:48:25 - [MESSAGE][INFO] - User set preference: ['acceptInsecureCerts', 'true']

2024-10-17 14:48:25 - [MESSAGE][INFO] - Action delay is set to 0 milliseconds

2024-10-17 14:48:26 - [MESSAGE][PASSED] - Browser is opened with url: ''

2024-10-17 14:48:26 - [TEST_STEP][PASSED] - maximizeWindow(): Current window maximized

2024-10-17 14:48:27 - [MESSAGE][PASSED] - Current window maximized

2024-10-17 14:48:27 - [TEST_STEP][PASSED] - navigateToUrl(RADurl): Navigate to 'https://demo.velocitypayment.com/client/rad/index.html' successfully

2024-10-17 14:48:27 - [MESSAGE][PASSED] - Navigate to 'https://demo.velocitypayment.com/client/rad/index.html' successfully

2024-10-17 14:48:27 - [TEST_STEP][PASSED] - orPath_Landing = "Object Repository/RAD_Pages/Landing_Page": null

2024-10-17 14:48:27 - [TEST_STEP][PASSED] - orPath_TaxTypeFilingYear = "Object Repository/RAD_Pages/TaxTypeFilingYear_Page": null

2024-10-17 14:48:27 - [TEST_STEP][PASSED] - orPath_TaxPayer = "Object Repository/RAD_Pages/Taxpayer_Page": null

2024-10-17 14:48:27 - [TEST_STEP][PASSED] - orPath_AddressContact = "Object Repository/RAD_Pages/AddressAndContactInfo_Page": null

2024-10-17 14:48:27 - [TEST_STEP][PASSED] - orPath_FilingStatus = "Object Repository/RAD_Pages/FilingStatus_Page": null

2024-10-17 14:48:27 - [TEST_STEP][PASSED] - orPath_Amount = "Object Repository/RAD_Pages/PaymentAmount_Page": null

2024-10-17 14:48:27 - [TEST_STEP][PASSED] - selectOptionByLabel(findTestObject(orPath_Landing + "/dd_TaxType"), Paymenttype, false): All options with label 'Quarterly Estimated Tax' are selected in object 'Object Repository/RAD_Pages/Landing_Page/dd_TaxType' 

2024-10-17 14:48:30 - [MESSAGE][PASSED] - All options with label 'Quarterly Estimated Tax' are selected in object 'Object Repository/RAD_Pages/Landing_Page/dd_TaxType' 

2024-10-17 14:48:30 - [TEST_STEP][PASSED] - delay(1): Delayed 1 second(s)

2024-10-17 14:48:31 - [MESSAGE][PASSED] - Delayed 1 second(s)

2024-10-17 14:48:31 - [TEST_STEP][PASSED] - switch (Paymenttype): null

2024-10-17 14:48:31 - [TEST_STEP][PASSED] - case "Quarterly Estimated Tax":: null

2024-10-17 14:48:31 - [TEST_STEP][PASSED] - selectOptionByLabel(findTestObject(orPath_TaxTypeFilingYear + "/select_PaymentType"), Taxtype, false): All options with label 'PTE Non-Electing Non-S Corp' are selected in object 'Object Repository/RAD_Pages/TaxTypeFilingYear_Page/select_PaymentType' 

2024-10-17 14:48:31 - [MESSAGE][PASSED] - All options with label 'PTE Non-Electing Non-S Corp' are selected in object 'Object Repository/RAD_Pages/TaxTypeFilingYear_Page/select_PaymentType' 

2024-10-17 14:48:31 - [TEST_STEP][PASSED] - break: null

2024-10-17 14:48:31 - [TEST_STEP][PASSED] - delay(1): Delayed 1 second(s)

2024-10-17 14:48:32 - [MESSAGE][PASSED] - Delayed 1 second(s)

2024-10-17 14:48:32 - [TEST_STEP][PASSED] - scrollToElement(findTestObject(orPath_Amount + "/input__paymentAmount"), 3): Scroll to object 'Object Repository/RAD_Pages/PaymentAmount_Page/input__paymentAmount' successfully

2024-10-17 14:48:33 - [MESSAGE][PASSED] - Scroll to object 'Object Repository/RAD_Pages/PaymentAmount_Page/input__paymentAmount' successfully

2024-10-17 14:48:33 - [TEST_STEP][PASSED] - setText(findTestObject(orPath_AddressContact + "/input_eMailAddress"), "imtiazster@gmail.com"): Text 'imtiazster@gmail.com' is set on object 'Object Repository/RAD_Pages/AddressAndContactInfo_Page/input_eMailAddress'

2024-10-17 14:48:34 - [MESSAGE][PASSED] - Text 'imtiazster@gmail.com' is set on object 'Object Repository/RAD_Pages/AddressAndContactInfo_Page/input_eMailAddress'

2024-10-17 14:48:34 - [TEST_STEP][PASSED] - setText(findTestObject(orPath_AddressContact + "/input_reEnterEMailAddress"), "iahmed@govolution.com"): Text 'iahmed@govolution.com' is set on object 'Object Repository/RAD_Pages/AddressAndContactInfo_Page/input_reEnterEMailAddress'

2024-10-17 14:48:34 - [MESSAGE][PASSED] - Text 'iahmed@govolution.com' is set on object 'Object Repository/RAD_Pages/AddressAndContactInfo_Page/input_reEnterEMailAddress'

2024-10-17 14:48:34 - [TEST_STEP][PASSED] - delay(2): Delayed 2 second(s)

2024-10-17 14:48:36 - [MESSAGE][PASSED] - Delayed 2 second(s)

2024-10-17 14:48:36 - [TEST_STEP][PASSED] - if (verifyTextPresent("The Email and Re-enter email do not match", true)): null

2024-10-17 14:48:37 - [MESSAGE][PASSED] - Text 'The Email and Re-enter email do not match' is present on page  using regular expression

2024-10-17 14:48:37 - [TEST_STEP][PASSED] - println("Emails Dont match text is present"): null

2024-10-17 14:48:37 - [TEST_STEP][PASSED] - out.println("Pass Record Number: " + row): null

2024-10-17 14:48:37 - [TEST_STEP][PASSED] - resText = "Pass": null

2024-10-17 14:48:37 - [TEST_STEP][PASSED] - pages.WriteExcel.demoKey(resText, datText, resColumn, datCloumn, fileLoc, nameSheet, row): pages.WriteExcel.demoKey is PASSED

2024-10-17 14:48:37 - [MESSAGE][PASSED] - pages.WriteExcel.demoKey is PASSED

2024-10-17 14:48:37 - [TEST_STEP][PASSED] - ExecuteTC = findTestData(dataFile).getValue("Execute", row): null

2024-10-17 14:48:37 - [TEST_STEP][PASSED] - Taxtype = findTestData(dataFile).getValue("TaxType", row): null

2024-10-17 14:48:37 - [TEST_STEP][PASSED] - Paymenttype = findTestData(dataFile).getValue("PaymentType", row): null

2024-10-17 14:48:37 - [TEST_STEP][PASSED] - out.println("Value of Execute is : " + ExecuteTC): null

2024-10-17 14:48:37 - [TEST_STEP][PASSED] - if (ExecuteTC.equalsIgnoreCase("Y")): null

2024-10-17 14:48:37 - [TEST_STEP][PASSED] - out.println("Begin Record Number: " + row): null

2024-10-17 14:48:37 - [TEST_STEP][PASSED] - today = new java.util.Date(): null

2024-10-17 14:48:37 - [TEST_STEP][PASSED] - println(today): null

2024-10-17 14:48:37 - [TEST_STEP][PASSED] - datText = today: null

2024-10-17 14:48:37 - [TEST_STEP][PASSED] - Taxtype = findTestData(dataFile).getValue("TaxType", row): null

2024-10-17 14:48:37 - [TEST_STEP][PASSED] - out.println("Taxtype value is : " + Taxtype): null

2024-10-17 14:48:37 - [TEST_STEP][PASSED] - openBrowser(""): Browser is opened with url: ''

2024-10-17 14:48:37 - [MESSAGE][WARNING] - A browser is already opened. Closing browser and opening a new one

2024-10-17 14:48:38 - [MESSAGE][INFO] - Starting 'Chrome' driver

2024-10-17 14:48:38 - [MESSAGE][INFO] - User set preference: ['acceptInsecureCerts', 'true']

2024-10-17 14:48:38 - [MESSAGE][INFO] - Action delay is set to 0 milliseconds

2024-10-17 14:48:40 - [MESSAGE][PASSED] - Browser is opened with url: ''

2024-10-17 14:48:40 - [TEST_STEP][PASSED] - maximizeWindow(): Current window maximized

2024-10-17 14:48:40 - [MESSAGE][PASSED] - Current window maximized

2024-10-17 14:48:40 - [TEST_STEP][PASSED] - navigateToUrl(RADurl): Navigate to 'https://demo.velocitypayment.com/client/rad/index.html' successfully

2024-10-17 14:48:42 - [MESSAGE][PASSED] - Navigate to 'https://demo.velocitypayment.com/client/rad/index.html' successfully

2024-10-17 14:48:42 - [TEST_STEP][PASSED] - orPath_Landing = "Object Repository/RAD_Pages/Landing_Page": null

2024-10-17 14:48:42 - [TEST_STEP][PASSED] - orPath_TaxTypeFilingYear = "Object Repository/RAD_Pages/TaxTypeFilingYear_Page": null

2024-10-17 14:48:42 - [TEST_STEP][PASSED] - orPath_TaxPayer = "Object Repository/RAD_Pages/Taxpayer_Page": null

2024-10-17 14:48:42 - [TEST_STEP][PASSED] - orPath_AddressContact = "Object Repository/RAD_Pages/AddressAndContactInfo_Page": null

2024-10-17 14:48:42 - [TEST_STEP][PASSED] - orPath_FilingStatus = "Object Repository/RAD_Pages/FilingStatus_Page": null

2024-10-17 14:48:42 - [TEST_STEP][PASSED] - orPath_Amount = "Object Repository/RAD_Pages/PaymentAmount_Page": null

2024-10-17 14:48:42 - [TEST_STEP][PASSED] - selectOptionByLabel(findTestObject(orPath_Landing + "/dd_TaxType"), Paymenttype, false): All options with label 'Quarterly Estimated Tax' are selected in object 'Object Repository/RAD_Pages/Landing_Page/dd_TaxType' 

2024-10-17 14:48:43 - [MESSAGE][PASSED] - All options with label 'Quarterly Estimated Tax' are selected in object 'Object Repository/RAD_Pages/Landing_Page/dd_TaxType' 

2024-10-17 14:48:43 - [TEST_STEP][PASSED] - delay(1): Delayed 1 second(s)

2024-10-17 14:48:44 - [MESSAGE][PASSED] - Delayed 1 second(s)

2024-10-17 14:48:44 - [TEST_STEP][PASSED] - switch (Paymenttype): null

2024-10-17 14:48:44 - [TEST_STEP][PASSED] - case "Quarterly Estimated Tax":: null

2024-10-17 14:48:44 - [TEST_STEP][PASSED] - selectOptionByLabel(findTestObject(orPath_TaxTypeFilingYear + "/select_PaymentType"), Taxtype, false): All options with label 'PTE Non-Electing S Corp' are selected in object 'Object Repository/RAD_Pages/TaxTypeFilingYear_Page/select_PaymentType' 

2024-10-17 14:48:44 - [MESSAGE][PASSED] - All options with label 'PTE Non-Electing S Corp' are selected in object 'Object Repository/RAD_Pages/TaxTypeFilingYear_Page/select_PaymentType' 

2024-10-17 14:48:44 - [TEST_STEP][PASSED] - break: null

2024-10-17 14:48:44 - [TEST_STEP][PASSED] - delay(1): Delayed 1 second(s)

2024-10-17 14:48:45 - [MESSAGE][PASSED] - Delayed 1 second(s)

2024-10-17 14:48:45 - [TEST_STEP][PASSED] - scrollToElement(findTestObject(orPath_Amount + "/input__paymentAmount"), 3): Scroll to object 'Object Repository/RAD_Pages/PaymentAmount_Page/input__paymentAmount' successfully

2024-10-17 14:48:46 - [MESSAGE][PASSED] - Scroll to object 'Object Repository/RAD_Pages/PaymentAmount_Page/input__paymentAmount' successfully

2024-10-17 14:48:46 - [TEST_STEP][PASSED] - setText(findTestObject(orPath_AddressContact + "/input_eMailAddress"), "imtiazster@gmail.com"): Text 'imtiazster@gmail.com' is set on object 'Object Repository/RAD_Pages/AddressAndContactInfo_Page/input_eMailAddress'

2024-10-17 14:48:46 - [MESSAGE][PASSED] - Text 'imtiazster@gmail.com' is set on object 'Object Repository/RAD_Pages/AddressAndContactInfo_Page/input_eMailAddress'

2024-10-17 14:48:46 - [TEST_STEP][PASSED] - setText(findTestObject(orPath_AddressContact + "/input_reEnterEMailAddress"), "iahmed@govolution.com"): Text 'iahmed@govolution.com' is set on object 'Object Repository/RAD_Pages/AddressAndContactInfo_Page/input_reEnterEMailAddress'

2024-10-17 14:48:47 - [MESSAGE][PASSED] - Text 'iahmed@govolution.com' is set on object 'Object Repository/RAD_Pages/AddressAndContactInfo_Page/input_reEnterEMailAddress'

2024-10-17 14:48:47 - [TEST_STEP][PASSED] - delay(2): Delayed 2 second(s)

2024-10-17 14:48:49 - [MESSAGE][PASSED] - Delayed 2 second(s)

2024-10-17 14:48:49 - [TEST_STEP][PASSED] - if (verifyTextPresent("The Email and Re-enter email do not match", true)): null

2024-10-17 14:48:50 - [MESSAGE][PASSED] - Text 'The Email and Re-enter email do not match' is present on page  using regular expression

2024-10-17 14:48:50 - [TEST_STEP][PASSED] - println("Emails Dont match text is present"): null

2024-10-17 14:48:50 - [TEST_STEP][PASSED] - out.println("Pass Record Number: " + row): null

2024-10-17 14:48:50 - [TEST_STEP][PASSED] - resText = "Pass": null

2024-10-17 14:48:50 - [TEST_STEP][PASSED] - pages.WriteExcel.demoKey(resText, datText, resColumn, datCloumn, fileLoc, nameSheet, row): pages.WriteExcel.demoKey is PASSED

2024-10-17 14:48:50 - [MESSAGE][PASSED] - pages.WriteExcel.demoKey is PASSED

2024-10-17 14:48:50 - [TEST_STEP][PASSED] - ExecuteTC = findTestData(dataFile).getValue("Execute", row): null

2024-10-17 14:48:50 - [TEST_STEP][PASSED] - Taxtype = findTestData(dataFile).getValue("TaxType", row): null

2024-10-17 14:48:50 - [TEST_STEP][PASSED] - Paymenttype = findTestData(dataFile).getValue("PaymentType", row): null

2024-10-17 14:48:50 - [TEST_STEP][PASSED] - out.println("Value of Execute is : " + ExecuteTC): null

2024-10-17 14:48:50 - [TEST_STEP][PASSED] - if (ExecuteTC.equalsIgnoreCase("Y")): null

2024-10-17 14:48:50 - [TEST_STEP][PASSED] - out.println("Begin Record Number: " + row): null

2024-10-17 14:48:50 - [TEST_STEP][PASSED] - today = new java.util.Date(): null

2024-10-17 14:48:50 - [TEST_STEP][PASSED] - println(today): null

2024-10-17 14:48:50 - [TEST_STEP][PASSED] - datText = today: null

2024-10-17 14:48:50 - [TEST_STEP][PASSED] - Taxtype = findTestData(dataFile).getValue("TaxType", row): null

2024-10-17 14:48:50 - [TEST_STEP][PASSED] - out.println("Taxtype value is : " + Taxtype): null

2024-10-17 14:48:50 - [TEST_STEP][PASSED] - openBrowser(""): Browser is opened with url: ''

2024-10-17 14:48:50 - [MESSAGE][WARNING] - A browser is already opened. Closing browser and opening a new one

2024-10-17 14:48:52 - [MESSAGE][INFO] - Starting 'Chrome' driver

2024-10-17 14:48:52 - [MESSAGE][INFO] - User set preference: ['acceptInsecureCerts', 'true']

2024-10-17 14:48:52 - [MESSAGE][INFO] - Action delay is set to 0 milliseconds

2024-10-17 14:48:54 - [MESSAGE][PASSED] - Browser is opened with url: ''

2024-10-17 14:48:54 - [TEST_STEP][PASSED] - maximizeWindow(): Current window maximized

2024-10-17 14:48:54 - [MESSAGE][PASSED] - Current window maximized

2024-10-17 14:48:54 - [TEST_STEP][PASSED] - navigateToUrl(RADurl): Navigate to 'https://demo.velocitypayment.com/client/rad/index.html' successfully

2024-10-17 14:48:56 - [MESSAGE][PASSED] - Navigate to 'https://demo.velocitypayment.com/client/rad/index.html' successfully

2024-10-17 14:48:56 - [TEST_STEP][PASSED] - orPath_Landing = "Object Repository/RAD_Pages/Landing_Page": null

2024-10-17 14:48:56 - [TEST_STEP][PASSED] - orPath_TaxTypeFilingYear = "Object Repository/RAD_Pages/TaxTypeFilingYear_Page": null

2024-10-17 14:48:56 - [TEST_STEP][PASSED] - orPath_TaxPayer = "Object Repository/RAD_Pages/Taxpayer_Page": null

2024-10-17 14:48:56 - [TEST_STEP][PASSED] - orPath_AddressContact = "Object Repository/RAD_Pages/AddressAndContactInfo_Page": null

2024-10-17 14:48:56 - [TEST_STEP][PASSED] - orPath_FilingStatus = "Object Repository/RAD_Pages/FilingStatus_Page": null

2024-10-17 14:48:56 - [TEST_STEP][PASSED] - orPath_Amount = "Object Repository/RAD_Pages/PaymentAmount_Page": null

2024-10-17 14:48:56 - [TEST_STEP][PASSED] - selectOptionByLabel(findTestObject(orPath_Landing + "/dd_TaxType"), Paymenttype, false): All options with label 'Quarterly Estimated Tax' are selected in object 'Object Repository/RAD_Pages/Landing_Page/dd_TaxType' 

2024-10-17 14:48:56 - [MESSAGE][PASSED] - All options with label 'Quarterly Estimated Tax' are selected in object 'Object Repository/RAD_Pages/Landing_Page/dd_TaxType' 

2024-10-17 14:48:56 - [TEST_STEP][PASSED] - delay(1): Delayed 1 second(s)

2024-10-17 14:48:57 - [MESSAGE][PASSED] - Delayed 1 second(s)

2024-10-17 14:48:57 - [TEST_STEP][PASSED] - switch (Paymenttype): null

2024-10-17 14:48:57 - [TEST_STEP][PASSED] - case "Quarterly Estimated Tax":: null

2024-10-17 14:48:57 - [TEST_STEP][PASSED] - selectOptionByLabel(findTestObject(orPath_TaxTypeFilingYear + "/select_PaymentType"), Taxtype, false): All options with label 'PTE Tax Electing Non-S Corp' are selected in object 'Object Repository/RAD_Pages/TaxTypeFilingYear_Page/select_PaymentType' 

2024-10-17 14:48:58 - [MESSAGE][PASSED] - All options with label 'PTE Tax Electing Non-S Corp' are selected in object 'Object Repository/RAD_Pages/TaxTypeFilingYear_Page/select_PaymentType' 

2024-10-17 14:48:58 - [TEST_STEP][PASSED] - break: null

2024-10-17 14:48:58 - [TEST_STEP][PASSED] - delay(1): Delayed 1 second(s)

2024-10-17 14:48:59 - [MESSAGE][PASSED] - Delayed 1 second(s)

2024-10-17 14:48:59 - [TEST_STEP][PASSED] - scrollToElement(findTestObject(orPath_Amount + "/input__paymentAmount"), 3): Scroll to object 'Object Repository/RAD_Pages/PaymentAmount_Page/input__paymentAmount' successfully

2024-10-17 14:48:59 - [MESSAGE][PASSED] - Scroll to object 'Object Repository/RAD_Pages/PaymentAmount_Page/input__paymentAmount' successfully

2024-10-17 14:48:59 - [TEST_STEP][PASSED] - setText(findTestObject(orPath_AddressContact + "/input_eMailAddress"), "imtiazster@gmail.com"): Text 'imtiazster@gmail.com' is set on object 'Object Repository/RAD_Pages/AddressAndContactInfo_Page/input_eMailAddress'

2024-10-17 14:49:00 - [MESSAGE][PASSED] - Text 'imtiazster@gmail.com' is set on object 'Object Repository/RAD_Pages/AddressAndContactInfo_Page/input_eMailAddress'

2024-10-17 14:49:00 - [TEST_STEP][PASSED] - setText(findTestObject(orPath_AddressContact + "/input_reEnterEMailAddress"), "iahmed@govolution.com"): Text 'iahmed@govolution.com' is set on object 'Object Repository/RAD_Pages/AddressAndContactInfo_Page/input_reEnterEMailAddress'

2024-10-17 14:49:01 - [MESSAGE][PASSED] - Text 'iahmed@govolution.com' is set on object 'Object Repository/RAD_Pages/AddressAndContactInfo_Page/input_reEnterEMailAddress'

2024-10-17 14:49:01 - [TEST_STEP][PASSED] - delay(2): Delayed 2 second(s)

2024-10-17 14:49:03 - [MESSAGE][PASSED] - Delayed 2 second(s)

2024-10-17 14:49:03 - [TEST_STEP][PASSED] - if (verifyTextPresent("The Email and Re-enter email do not match", true)): null

2024-10-17 14:49:04 - [MESSAGE][PASSED] - Text 'The Email and Re-enter email do not match' is present on page  using regular expression

2024-10-17 14:49:04 - [TEST_STEP][PASSED] - println("Emails Dont match text is present"): null

2024-10-17 14:49:04 - [TEST_STEP][PASSED] - out.println("Pass Record Number: " + row): null

2024-10-17 14:49:04 - [TEST_STEP][PASSED] - resText = "Pass": null

2024-10-17 14:49:04 - [TEST_STEP][PASSED] - pages.WriteExcel.demoKey(resText, datText, resColumn, datCloumn, fileLoc, nameSheet, row): pages.WriteExcel.demoKey is PASSED

2024-10-17 14:49:04 - [MESSAGE][PASSED] - pages.WriteExcel.demoKey is PASSED

2024-10-17 14:49:04 - [TEST_STEP][PASSED] - ExecuteTC = findTestData(dataFile).getValue("Execute", row): null

2024-10-17 14:49:04 - [TEST_STEP][PASSED] - Taxtype = findTestData(dataFile).getValue("TaxType", row): null

2024-10-17 14:49:04 - [TEST_STEP][PASSED] - Paymenttype = findTestData(dataFile).getValue("PaymentType", row): null

2024-10-17 14:49:04 - [TEST_STEP][PASSED] - out.println("Value of Execute is : " + ExecuteTC): null

2024-10-17 14:49:04 - [TEST_STEP][PASSED] - if (ExecuteTC.equalsIgnoreCase("Y")): null

2024-10-17 14:49:04 - [TEST_STEP][PASSED] - out.println("Begin Record Number: " + row): null

2024-10-17 14:49:04 - [TEST_STEP][PASSED] - today = new java.util.Date(): null

2024-10-17 14:49:04 - [TEST_STEP][PASSED] - println(today): null

2024-10-17 14:49:04 - [TEST_STEP][PASSED] - datText = today: null

2024-10-17 14:49:04 - [TEST_STEP][PASSED] - Taxtype = findTestData(dataFile).getValue("TaxType", row): null

2024-10-17 14:49:04 - [TEST_STEP][PASSED] - out.println("Taxtype value is : " + Taxtype): null

2024-10-17 14:49:04 - [TEST_STEP][PASSED] - openBrowser(""): Browser is opened with url: ''

2024-10-17 14:49:04 - [MESSAGE][WARNING] - A browser is already opened. Closing browser and opening a new one

2024-10-17 14:49:06 - [MESSAGE][INFO] - Starting 'Chrome' driver

2024-10-17 14:49:06 - [MESSAGE][INFO] - User set preference: ['acceptInsecureCerts', 'true']

2024-10-17 14:49:06 - [MESSAGE][INFO] - Action delay is set to 0 milliseconds

2024-10-17 14:49:07 - [MESSAGE][PASSED] - Browser is opened with url: ''

2024-10-17 14:49:07 - [TEST_STEP][PASSED] - maximizeWindow(): Current window maximized

2024-10-17 14:49:07 - [MESSAGE][PASSED] - Current window maximized

2024-10-17 14:49:07 - [TEST_STEP][PASSED] - navigateToUrl(RADurl): Navigate to 'https://demo.velocitypayment.com/client/rad/index.html' successfully

2024-10-17 14:49:09 - [MESSAGE][PASSED] - Navigate to 'https://demo.velocitypayment.com/client/rad/index.html' successfully

2024-10-17 14:49:09 - [TEST_STEP][PASSED] - orPath_Landing = "Object Repository/RAD_Pages/Landing_Page": null

2024-10-17 14:49:09 - [TEST_STEP][PASSED] - orPath_TaxTypeFilingYear = "Object Repository/RAD_Pages/TaxTypeFilingYear_Page": null

2024-10-17 14:49:09 - [TEST_STEP][PASSED] - orPath_TaxPayer = "Object Repository/RAD_Pages/Taxpayer_Page": null

2024-10-17 14:49:09 - [TEST_STEP][PASSED] - orPath_AddressContact = "Object Repository/RAD_Pages/AddressAndContactInfo_Page": null

2024-10-17 14:49:09 - [TEST_STEP][PASSED] - orPath_FilingStatus = "Object Repository/RAD_Pages/FilingStatus_Page": null

2024-10-17 14:49:09 - [TEST_STEP][PASSED] - orPath_Amount = "Object Repository/RAD_Pages/PaymentAmount_Page": null

2024-10-17 14:49:09 - [TEST_STEP][PASSED] - selectOptionByLabel(findTestObject(orPath_Landing + "/dd_TaxType"), Paymenttype, false): All options with label 'Quarterly Estimated Tax' are selected in object 'Object Repository/RAD_Pages/Landing_Page/dd_TaxType' 

2024-10-17 14:49:10 - [MESSAGE][PASSED] - All options with label 'Quarterly Estimated Tax' are selected in object 'Object Repository/RAD_Pages/Landing_Page/dd_TaxType' 

2024-10-17 14:49:10 - [TEST_STEP][PASSED] - delay(1): Delayed 1 second(s)

2024-10-17 14:49:11 - [MESSAGE][PASSED] - Delayed 1 second(s)

2024-10-17 14:49:11 - [TEST_STEP][PASSED] - switch (Paymenttype): null

2024-10-17 14:49:11 - [TEST_STEP][PASSED] - case "Quarterly Estimated Tax":: null

2024-10-17 14:49:11 - [TEST_STEP][PASSED] - selectOptionByLabel(findTestObject(orPath_TaxTypeFilingYear + "/select_PaymentType"), Taxtype, false): All options with label 'PTE Tax Electing S Corp' are selected in object 'Object Repository/RAD_Pages/TaxTypeFilingYear_Page/select_PaymentType' 

2024-10-17 14:49:12 - [MESSAGE][PASSED] - All options with label 'PTE Tax Electing S Corp' are selected in object 'Object Repository/RAD_Pages/TaxTypeFilingYear_Page/select_PaymentType' 

2024-10-17 14:49:12 - [TEST_STEP][PASSED] - break: null

2024-10-17 14:49:12 - [TEST_STEP][PASSED] - delay(1): Delayed 1 second(s)

2024-10-17 14:49:13 - [MESSAGE][PASSED] - Delayed 1 second(s)

2024-10-17 14:49:13 - [TEST_STEP][PASSED] - scrollToElement(findTestObject(orPath_Amount + "/input__paymentAmount"), 3): Scroll to object 'Object Repository/RAD_Pages/PaymentAmount_Page/input__paymentAmount' successfully

2024-10-17 14:49:13 - [MESSAGE][PASSED] - Scroll to object 'Object Repository/RAD_Pages/PaymentAmount_Page/input__paymentAmount' successfully

2024-10-17 14:49:13 - [TEST_STEP][PASSED] - setText(findTestObject(orPath_AddressContact + "/input_eMailAddress"), "imtiazster@gmail.com"): Text 'imtiazster@gmail.com' is set on object 'Object Repository/RAD_Pages/AddressAndContactInfo_Page/input_eMailAddress'

2024-10-17 14:49:14 - [MESSAGE][PASSED] - Text 'imtiazster@gmail.com' is set on object 'Object Repository/RAD_Pages/AddressAndContactInfo_Page/input_eMailAddress'

2024-10-17 14:49:14 - [TEST_STEP][PASSED] - setText(findTestObject(orPath_AddressContact + "/input_reEnterEMailAddress"), "iahmed@govolution.com"): Text 'iahmed@govolution.com' is set on object 'Object Repository/RAD_Pages/AddressAndContactInfo_Page/input_reEnterEMailAddress'

2024-10-17 14:49:15 - [MESSAGE][PASSED] - Text 'iahmed@govolution.com' is set on object 'Object Repository/RAD_Pages/AddressAndContactInfo_Page/input_reEnterEMailAddress'

2024-10-17 14:49:15 - [TEST_STEP][PASSED] - delay(2): Delayed 2 second(s)

2024-10-17 14:49:17 - [MESSAGE][PASSED] - Delayed 2 second(s)

2024-10-17 14:49:17 - [TEST_STEP][PASSED] - if (verifyTextPresent("The Email and Re-enter email do not match", true)): null

2024-10-17 14:49:17 - [MESSAGE][PASSED] - Text 'The Email and Re-enter email do not match' is present on page  using regular expression

2024-10-17 14:49:17 - [TEST_STEP][PASSED] - println("Emails Dont match text is present"): null

2024-10-17 14:49:17 - [TEST_STEP][PASSED] - out.println("Pass Record Number: " + row): null

2024-10-17 14:49:17 - [TEST_STEP][PASSED] - resText = "Pass": null

2024-10-17 14:49:17 - [TEST_STEP][PASSED] - pages.WriteExcel.demoKey(resText, datText, resColumn, datCloumn, fileLoc, nameSheet, row): pages.WriteExcel.demoKey is PASSED

2024-10-17 14:49:17 - [MESSAGE][PASSED] - pages.WriteExcel.demoKey is PASSED

2024-10-17 14:49:17 - [TEST_STEP][PASSED] - ExecuteTC = findTestData(dataFile).getValue("Execute", row): null

2024-10-17 14:49:17 - [TEST_STEP][PASSED] - Taxtype = findTestData(dataFile).getValue("TaxType", row): null

2024-10-17 14:49:17 - [TEST_STEP][PASSED] - Paymenttype = findTestData(dataFile).getValue("PaymentType", row): null

2024-10-17 14:49:17 - [TEST_STEP][PASSED] - out.println("Value of Execute is : " + ExecuteTC): null

2024-10-17 14:49:17 - [TEST_STEP][PASSED] - if (ExecuteTC.equalsIgnoreCase("Y")): null

2024-10-17 14:49:17 - [TEST_STEP][PASSED] - out.println("Begin Record Number: " + row): null

2024-10-17 14:49:17 - [TEST_STEP][PASSED] - today = new java.util.Date(): null

2024-10-17 14:49:17 - [TEST_STEP][PASSED] - println(today): null

2024-10-17 14:49:17 - [TEST_STEP][PASSED] - datText = today: null

2024-10-17 14:49:17 - [TEST_STEP][PASSED] - Taxtype = findTestData(dataFile).getValue("TaxType", row): null

2024-10-17 14:49:17 - [TEST_STEP][PASSED] - out.println("Taxtype value is : " + Taxtype): null

2024-10-17 14:49:17 - [TEST_STEP][PASSED] - openBrowser(""): Browser is opened with url: ''

2024-10-17 14:49:17 - [MESSAGE][WARNING] - A browser is already opened. Closing browser and opening a new one

2024-10-17 14:49:19 - [MESSAGE][INFO] - Starting 'Chrome' driver

2024-10-17 14:49:19 - [MESSAGE][INFO] - User set preference: ['acceptInsecureCerts', 'true']

2024-10-17 14:49:19 - [MESSAGE][INFO] - Action delay is set to 0 milliseconds

2024-10-17 14:49:21 - [MESSAGE][PASSED] - Browser is opened with url: ''

2024-10-17 14:49:21 - [TEST_STEP][PASSED] - maximizeWindow(): Current window maximized

2024-10-17 14:49:21 - [MESSAGE][PASSED] - Current window maximized

2024-10-17 14:49:21 - [TEST_STEP][PASSED] - navigateToUrl(RADurl): Navigate to 'https://demo.velocitypayment.com/client/rad/index.html' successfully

2024-10-17 14:49:21 - [MESSAGE][PASSED] - Navigate to 'https://demo.velocitypayment.com/client/rad/index.html' successfully

2024-10-17 14:49:21 - [TEST_STEP][PASSED] - orPath_Landing = "Object Repository/RAD_Pages/Landing_Page": null

2024-10-17 14:49:21 - [TEST_STEP][PASSED] - orPath_TaxTypeFilingYear = "Object Repository/RAD_Pages/TaxTypeFilingYear_Page": null

2024-10-17 14:49:21 - [TEST_STEP][PASSED] - orPath_TaxPayer = "Object Repository/RAD_Pages/Taxpayer_Page": null

2024-10-17 14:49:22 - [TEST_STEP][PASSED] - orPath_AddressContact = "Object Repository/RAD_Pages/AddressAndContactInfo_Page": null

2024-10-17 14:49:22 - [TEST_STEP][PASSED] - orPath_FilingStatus = "Object Repository/RAD_Pages/FilingStatus_Page": null

2024-10-17 14:49:22 - [TEST_STEP][PASSED] - orPath_Amount = "Object Repository/RAD_Pages/PaymentAmount_Page": null

2024-10-17 14:49:22 - [TEST_STEP][PASSED] - selectOptionByLabel(findTestObject(orPath_Landing + "/dd_TaxType"), Paymenttype, false): All options with label 'Quarterly Estimated Tax' are selected in object 'Object Repository/RAD_Pages/Landing_Page/dd_TaxType' 

2024-10-17 14:49:23 - [MESSAGE][PASSED] - All options with label 'Quarterly Estimated Tax' are selected in object 'Object Repository/RAD_Pages/Landing_Page/dd_TaxType' 

2024-10-17 14:49:23 - [TEST_STEP][PASSED] - delay(1): Delayed 1 second(s)

2024-10-17 14:49:24 - [MESSAGE][PASSED] - Delayed 1 second(s)

2024-10-17 14:49:24 - [TEST_STEP][PASSED] - switch (Paymenttype): null

2024-10-17 14:49:24 - [TEST_STEP][PASSED] - case "Quarterly Estimated Tax":: null

2024-10-17 14:49:24 - [TEST_STEP][PASSED] - selectOptionByLabel(findTestObject(orPath_TaxTypeFilingYear + "/select_PaymentType"), Taxtype, false): All options with label 'Personal Income Tax' are selected in object 'Object Repository/RAD_Pages/TaxTypeFilingYear_Page/select_PaymentType' 

2024-10-17 14:49:25 - [MESSAGE][PASSED] - All options with label 'Personal Income Tax' are selected in object 'Object Repository/RAD_Pages/TaxTypeFilingYear_Page/select_PaymentType' 

2024-10-17 14:49:25 - [TEST_STEP][PASSED] - break: null

2024-10-17 14:49:25 - [TEST_STEP][PASSED] - delay(1): Delayed 1 second(s)

2024-10-17 14:49:26 - [MESSAGE][PASSED] - Delayed 1 second(s)

2024-10-17 14:49:26 - [TEST_STEP][PASSED] - scrollToElement(findTestObject(orPath_Amount + "/input__paymentAmount"), 3): Scroll to object 'Object Repository/RAD_Pages/PaymentAmount_Page/input__paymentAmount' successfully

2024-10-17 14:49:26 - [MESSAGE][PASSED] - Scroll to object 'Object Repository/RAD_Pages/PaymentAmount_Page/input__paymentAmount' successfully

2024-10-17 14:49:26 - [TEST_STEP][PASSED] - setText(findTestObject(orPath_AddressContact + "/input_eMailAddress"), "imtiazster@gmail.com"): Text 'imtiazster@gmail.com' is set on object 'Object Repository/RAD_Pages/AddressAndContactInfo_Page/input_eMailAddress'

2024-10-17 14:49:27 - [MESSAGE][PASSED] - Text 'imtiazster@gmail.com' is set on object 'Object Repository/RAD_Pages/AddressAndContactInfo_Page/input_eMailAddress'

2024-10-17 14:49:27 - [TEST_STEP][PASSED] - setText(findTestObject(orPath_AddressContact + "/input_reEnterEMailAddress"), "iahmed@govolution.com"): Text 'iahmed@govolution.com' is set on object 'Object Repository/RAD_Pages/AddressAndContactInfo_Page/input_reEnterEMailAddress'

2024-10-17 14:49:28 - [MESSAGE][PASSED] - Text 'iahmed@govolution.com' is set on object 'Object Repository/RAD_Pages/AddressAndContactInfo_Page/input_reEnterEMailAddress'

2024-10-17 14:49:28 - [TEST_STEP][PASSED] - delay(2): Delayed 2 second(s)

2024-10-17 14:49:30 - [MESSAGE][PASSED] - Delayed 2 second(s)

2024-10-17 14:49:30 - [TEST_STEP][PASSED] - if (verifyTextPresent("The Email and Re-enter email do not match", true)): null

2024-10-17 14:49:30 - [MESSAGE][PASSED] - Text 'The Email and Re-enter email do not match' is present on page  using regular expression

2024-10-17 14:49:30 - [TEST_STEP][PASSED] - println("Emails Dont match text is present"): null

2024-10-17 14:49:30 - [TEST_STEP][PASSED] - out.println("Pass Record Number: " + row): null

2024-10-17 14:49:30 - [TEST_STEP][PASSED] - resText = "Pass": null

2024-10-17 14:49:30 - [TEST_STEP][PASSED] - pages.WriteExcel.demoKey(resText, datText, resColumn, datCloumn, fileLoc, nameSheet, row): pages.WriteExcel.demoKey is PASSED

2024-10-17 14:49:31 - [MESSAGE][PASSED] - pages.WriteExcel.demoKey is PASSED

2024-10-17 14:49:31 - [TEST_STEP][PASSED] - ExecuteTC = findTestData(dataFile).getValue("Execute", row): null

2024-10-17 14:49:31 - [TEST_STEP][PASSED] - Taxtype = findTestData(dataFile).getValue("TaxType", row): null

2024-10-17 14:49:31 - [TEST_STEP][PASSED] - Paymenttype = findTestData(dataFile).getValue("PaymentType", row): null

2024-10-17 14:49:31 - [TEST_STEP][PASSED] - out.println("Value of Execute is : " + ExecuteTC): null

2024-10-17 14:49:31 - [TEST_STEP][PASSED] - if (ExecuteTC.equalsIgnoreCase("Y")): null

2024-10-17 14:49:31 - [TEST_STEP][PASSED] - out.println("Begin Record Number: " + row): null

2024-10-17 14:49:31 - [TEST_STEP][PASSED] - today = new java.util.Date(): null

2024-10-17 14:49:31 - [TEST_STEP][PASSED] - println(today): null

2024-10-17 14:49:31 - [TEST_STEP][PASSED] - datText = today: null

2024-10-17 14:49:31 - [TEST_STEP][PASSED] - Taxtype = findTestData(dataFile).getValue("TaxType", row): null

2024-10-17 14:49:31 - [TEST_STEP][PASSED] - out.println("Taxtype value is : " + Taxtype): null

2024-10-17 14:49:31 - [TEST_STEP][PASSED] - openBrowser(""): Browser is opened with url: ''

2024-10-17 14:49:31 - [MESSAGE][WARNING] - A browser is already opened. Closing browser and opening a new one

2024-10-17 14:49:32 - [MESSAGE][INFO] - Starting 'Chrome' driver

2024-10-17 14:49:32 - [MESSAGE][INFO] - User set preference: ['acceptInsecureCerts', 'true']

2024-10-17 14:49:32 - [MESSAGE][INFO] - Action delay is set to 0 milliseconds

2024-10-17 14:49:34 - [MESSAGE][PASSED] - Browser is opened with url: ''

2024-10-17 14:49:34 - [TEST_STEP][PASSED] - maximizeWindow(): Current window maximized

2024-10-17 14:49:34 - [MESSAGE][PASSED] - Current window maximized

2024-10-17 14:49:34 - [TEST_STEP][PASSED] - navigateToUrl(RADurl): Navigate to 'https://demo.velocitypayment.com/client/rad/index.html' successfully

2024-10-17 14:49:36 - [MESSAGE][PASSED] - Navigate to 'https://demo.velocitypayment.com/client/rad/index.html' successfully

2024-10-17 14:49:36 - [TEST_STEP][PASSED] - orPath_Landing = "Object Repository/RAD_Pages/Landing_Page": null

2024-10-17 14:49:36 - [TEST_STEP][PASSED] - orPath_TaxTypeFilingYear = "Object Repository/RAD_Pages/TaxTypeFilingYear_Page": null

2024-10-17 14:49:36 - [TEST_STEP][PASSED] - orPath_TaxPayer = "Object Repository/RAD_Pages/Taxpayer_Page": null

2024-10-17 14:49:36 - [TEST_STEP][PASSED] - orPath_AddressContact = "Object Repository/RAD_Pages/AddressAndContactInfo_Page": null

2024-10-17 14:49:36 - [TEST_STEP][PASSED] - orPath_FilingStatus = "Object Repository/RAD_Pages/FilingStatus_Page": null

2024-10-17 14:49:36 - [TEST_STEP][PASSED] - orPath_Amount = "Object Repository/RAD_Pages/PaymentAmount_Page": null

2024-10-17 14:49:36 - [TEST_STEP][PASSED] - selectOptionByLabel(findTestObject(orPath_Landing + "/dd_TaxType"), Paymenttype, false): All options with label 'Extension Payments' are selected in object 'Object Repository/RAD_Pages/Landing_Page/dd_TaxType' 

2024-10-17 14:49:37 - [MESSAGE][PASSED] - All options with label 'Extension Payments' are selected in object 'Object Repository/RAD_Pages/Landing_Page/dd_TaxType' 

2024-10-17 14:49:37 - [TEST_STEP][PASSED] - delay(1): Delayed 1 second(s)

2024-10-17 14:49:38 - [MESSAGE][PASSED] - Delayed 1 second(s)

2024-10-17 14:49:38 - [TEST_STEP][PASSED] - switch (Paymenttype): null

2024-10-17 14:49:38 - [TEST_STEP][PASSED] - case "Extension Payments":: null

2024-10-17 14:49:38 - [TEST_STEP][PASSED] - selectOptionByLabel(findTestObject(orPath_TaxTypeFilingYear + "/select_PaymentType"), Taxtype, false): All options with label 'Corporate Income Tax' are selected in object 'Object Repository/RAD_Pages/TaxTypeFilingYear_Page/select_PaymentType' 

2024-10-17 14:49:38 - [MESSAGE][PASSED] - All options with label 'Corporate Income Tax' are selected in object 'Object Repository/RAD_Pages/TaxTypeFilingYear_Page/select_PaymentType' 

2024-10-17 14:49:38 - [TEST_STEP][PASSED] - break: null

2024-10-17 14:49:38 - [TEST_STEP][PASSED] - delay(1): Delayed 1 second(s)

2024-10-17 14:49:39 - [MESSAGE][PASSED] - Delayed 1 second(s)

2024-10-17 14:49:39 - [TEST_STEP][PASSED] - scrollToElement(findTestObject(orPath_Amount + "/input__paymentAmount"), 3): Scroll to object 'Object Repository/RAD_Pages/PaymentAmount_Page/input__paymentAmount' successfully

2024-10-17 14:49:40 - [MESSAGE][PASSED] - Scroll to object 'Object Repository/RAD_Pages/PaymentAmount_Page/input__paymentAmount' successfully

2024-10-17 14:49:40 - [TEST_STEP][PASSED] - setText(findTestObject(orPath_AddressContact + "/input_eMailAddress"), "imtiazster@gmail.com"): Text 'imtiazster@gmail.com' is set on object 'Object Repository/RAD_Pages/AddressAndContactInfo_Page/input_eMailAddress'

2024-10-17 14:49:41 - [MESSAGE][PASSED] - Text 'imtiazster@gmail.com' is set on object 'Object Repository/RAD_Pages/AddressAndContactInfo_Page/input_eMailAddress'

2024-10-17 14:49:41 - [TEST_STEP][PASSED] - setText(findTestObject(orPath_AddressContact + "/input_reEnterEMailAddress"), "iahmed@govolution.com"): Text 'iahmed@govolution.com' is set on object 'Object Repository/RAD_Pages/AddressAndContactInfo_Page/input_reEnterEMailAddress'

2024-10-17 14:49:41 - [MESSAGE][PASSED] - Text 'iahmed@govolution.com' is set on object 'Object Repository/RAD_Pages/AddressAndContactInfo_Page/input_reEnterEMailAddress'

2024-10-17 14:49:41 - [TEST_STEP][PASSED] - delay(2): Delayed 2 second(s)

2024-10-17 14:49:43 - [MESSAGE][PASSED] - Delayed 2 second(s)

2024-10-17 14:49:43 - [TEST_STEP][PASSED] - if (verifyTextPresent("The Email and Re-enter email do not match", true)): null

2024-10-17 14:49:44 - [MESSAGE][PASSED] - Text 'The Email and Re-enter email do not match' is present on page  using regular expression

2024-10-17 14:49:44 - [TEST_STEP][PASSED] - println("Emails Dont match text is present"): null

2024-10-17 14:49:44 - [TEST_STEP][PASSED] - out.println("Pass Record Number: " + row): null

2024-10-17 14:49:44 - [TEST_STEP][PASSED] - resText = "Pass": null

2024-10-17 14:49:44 - [TEST_STEP][PASSED] - pages.WriteExcel.demoKey(resText, datText, resColumn, datCloumn, fileLoc, nameSheet, row): pages.WriteExcel.demoKey is PASSED

2024-10-17 14:49:44 - [MESSAGE][PASSED] - pages.WriteExcel.demoKey is PASSED

2024-10-17 14:49:44 - [TEST_STEP][PASSED] - ExecuteTC = findTestData(dataFile).getValue("Execute", row): null

2024-10-17 14:49:44 - [TEST_STEP][PASSED] - Taxtype = findTestData(dataFile).getValue("TaxType", row): null

2024-10-17 14:49:44 - [TEST_STEP][PASSED] - Paymenttype = findTestData(dataFile).getValue("PaymentType", row): null

2024-10-17 14:49:44 - [TEST_STEP][PASSED] - out.println("Value of Execute is : " + ExecuteTC): null

2024-10-17 14:49:44 - [TEST_STEP][PASSED] - if (ExecuteTC.equalsIgnoreCase("Y")): null

2024-10-17 14:49:44 - [TEST_STEP][PASSED] - out.println("Begin Record Number: " + row): null

2024-10-17 14:49:44 - [TEST_STEP][PASSED] - today = new java.util.Date(): null

2024-10-17 14:49:44 - [TEST_STEP][PASSED] - println(today): null

2024-10-17 14:49:44 - [TEST_STEP][PASSED] - datText = today: null

2024-10-17 14:49:44 - [TEST_STEP][PASSED] - Taxtype = findTestData(dataFile).getValue("TaxType", row): null

2024-10-17 14:49:44 - [TEST_STEP][PASSED] - out.println("Taxtype value is : " + Taxtype): null

2024-10-17 14:49:44 - [TEST_STEP][PASSED] - openBrowser(""): Browser is opened with url: ''

2024-10-17 14:49:44 - [MESSAGE][WARNING] - A browser is already opened. Closing browser and opening a new one

2024-10-17 14:49:46 - [MESSAGE][INFO] - Starting 'Chrome' driver

2024-10-17 14:49:46 - [MESSAGE][INFO] - User set preference: ['acceptInsecureCerts', 'true']

2024-10-17 14:49:46 - [MESSAGE][INFO] - Action delay is set to 0 milliseconds

2024-10-17 14:49:47 - [MESSAGE][PASSED] - Browser is opened with url: ''

2024-10-17 14:49:47 - [TEST_STEP][PASSED] - maximizeWindow(): Current window maximized

2024-10-17 14:49:47 - [MESSAGE][PASSED] - Current window maximized

2024-10-17 14:49:47 - [TEST_STEP][PASSED] - navigateToUrl(RADurl): Navigate to 'https://demo.velocitypayment.com/client/rad/index.html' successfully

2024-10-17 14:49:49 - [MESSAGE][PASSED] - Navigate to 'https://demo.velocitypayment.com/client/rad/index.html' successfully

2024-10-17 14:49:49 - [TEST_STEP][PASSED] - orPath_Landing = "Object Repository/RAD_Pages/Landing_Page": null

2024-10-17 14:49:49 - [TEST_STEP][PASSED] - orPath_TaxTypeFilingYear = "Object Repository/RAD_Pages/TaxTypeFilingYear_Page": null

2024-10-17 14:49:49 - [TEST_STEP][PASSED] - orPath_TaxPayer = "Object Repository/RAD_Pages/Taxpayer_Page": null

2024-10-17 14:49:49 - [TEST_STEP][PASSED] - orPath_AddressContact = "Object Repository/RAD_Pages/AddressAndContactInfo_Page": null

2024-10-17 14:49:49 - [TEST_STEP][PASSED] - orPath_FilingStatus = "Object Repository/RAD_Pages/FilingStatus_Page": null

2024-10-17 14:49:49 - [TEST_STEP][PASSED] - orPath_Amount = "Object Repository/RAD_Pages/PaymentAmount_Page": null

2024-10-17 14:49:49 - [TEST_STEP][PASSED] - selectOptionByLabel(findTestObject(orPath_Landing + "/dd_TaxType"), Paymenttype, false): All options with label 'Extension Payments' are selected in object 'Object Repository/RAD_Pages/Landing_Page/dd_TaxType' 

2024-10-17 14:49:50 - [MESSAGE][PASSED] - All options with label 'Extension Payments' are selected in object 'Object Repository/RAD_Pages/Landing_Page/dd_TaxType' 

2024-10-17 14:49:50 - [TEST_STEP][PASSED] - delay(1): Delayed 1 second(s)

2024-10-17 14:49:51 - [MESSAGE][PASSED] - Delayed 1 second(s)

2024-10-17 14:49:51 - [TEST_STEP][PASSED] - switch (Paymenttype): null

2024-10-17 14:49:51 - [TEST_STEP][PASSED] - case "Extension Payments":: null

2024-10-17 14:49:51 - [TEST_STEP][PASSED] - selectOptionByLabel(findTestObject(orPath_TaxTypeFilingYear + "/select_PaymentType"), Taxtype, false): All options with label 'Fiduciary Tax' are selected in object 'Object Repository/RAD_Pages/TaxTypeFilingYear_Page/select_PaymentType' 

2024-10-17 14:49:52 - [MESSAGE][PASSED] - All options with label 'Fiduciary Tax' are selected in object 'Object Repository/RAD_Pages/TaxTypeFilingYear_Page/select_PaymentType' 

2024-10-17 14:49:52 - [TEST_STEP][PASSED] - break: null

2024-10-17 14:49:52 - [TEST_STEP][PASSED] - delay(1): Delayed 1 second(s)

2024-10-17 14:49:53 - [MESSAGE][PASSED] - Delayed 1 second(s)

2024-10-17 14:49:53 - [TEST_STEP][PASSED] - scrollToElement(findTestObject(orPath_Amount + "/input__paymentAmount"), 3): Scroll to object 'Object Repository/RAD_Pages/PaymentAmount_Page/input__paymentAmount' successfully

2024-10-17 14:49:53 - [MESSAGE][PASSED] - Scroll to object 'Object Repository/RAD_Pages/PaymentAmount_Page/input__paymentAmount' successfully

2024-10-17 14:49:53 - [TEST_STEP][PASSED] - setText(findTestObject(orPath_AddressContact + "/input_eMailAddress"), "imtiazster@gmail.com"): Text 'imtiazster@gmail.com' is set on object 'Object Repository/RAD_Pages/AddressAndContactInfo_Page/input_eMailAddress'

2024-10-17 14:49:54 - [MESSAGE][PASSED] - Text 'imtiazster@gmail.com' is set on object 'Object Repository/RAD_Pages/AddressAndContactInfo_Page/input_eMailAddress'

2024-10-17 14:49:54 - [TEST_STEP][PASSED] - setText(findTestObject(orPath_AddressContact + "/input_reEnterEMailAddress"), "iahmed@govolution.com"): Text 'iahmed@govolution.com' is set on object 'Object Repository/RAD_Pages/AddressAndContactInfo_Page/input_reEnterEMailAddress'

2024-10-17 14:49:55 - [MESSAGE][PASSED] - Text 'iahmed@govolution.com' is set on object 'Object Repository/RAD_Pages/AddressAndContactInfo_Page/input_reEnterEMailAddress'

2024-10-17 14:49:55 - [TEST_STEP][PASSED] - delay(2): Delayed 2 second(s)

2024-10-17 14:49:57 - [MESSAGE][PASSED] - Delayed 2 second(s)

2024-10-17 14:49:57 - [TEST_STEP][PASSED] - if (verifyTextPresent("The Email and Re-enter email do not match", true)): null

2024-10-17 14:49:57 - [MESSAGE][PASSED] - Text 'The Email and Re-enter email do not match' is present on page  using regular expression

2024-10-17 14:49:57 - [TEST_STEP][PASSED] - println("Emails Dont match text is present"): null

2024-10-17 14:49:57 - [TEST_STEP][PASSED] - out.println("Pass Record Number: " + row): null

2024-10-17 14:49:57 - [TEST_STEP][PASSED] - resText = "Pass": null

2024-10-17 14:49:57 - [TEST_STEP][PASSED] - pages.WriteExcel.demoKey(resText, datText, resColumn, datCloumn, fileLoc, nameSheet, row): pages.WriteExcel.demoKey is PASSED

2024-10-17 14:49:57 - [MESSAGE][PASSED] - pages.WriteExcel.demoKey is PASSED

2024-10-17 14:49:57 - [TEST_STEP][PASSED] - ExecuteTC = findTestData(dataFile).getValue("Execute", row): null

2024-10-17 14:49:57 - [TEST_STEP][PASSED] - Taxtype = findTestData(dataFile).getValue("TaxType", row): null

2024-10-17 14:49:57 - [TEST_STEP][PASSED] - Paymenttype = findTestData(dataFile).getValue("PaymentType", row): null

2024-10-17 14:49:57 - [TEST_STEP][PASSED] - out.println("Value of Execute is : " + ExecuteTC): null

2024-10-17 14:49:57 - [TEST_STEP][PASSED] - if (ExecuteTC.equalsIgnoreCase("Y")): null

2024-10-17 14:49:57 - [TEST_STEP][PASSED] - out.println("Begin Record Number: " + row): null

2024-10-17 14:49:57 - [TEST_STEP][PASSED] - today = new java.util.Date(): null

2024-10-17 14:49:57 - [TEST_STEP][PASSED] - println(today): null

2024-10-17 14:49:57 - [TEST_STEP][PASSED] - datText = today: null

2024-10-17 14:49:57 - [TEST_STEP][PASSED] - Taxtype = findTestData(dataFile).getValue("TaxType", row): null

2024-10-17 14:49:57 - [TEST_STEP][PASSED] - out.println("Taxtype value is : " + Taxtype): null

2024-10-17 14:49:57 - [TEST_STEP][PASSED] - openBrowser(""): Browser is opened with url: ''

2024-10-17 14:49:57 - [MESSAGE][WARNING] - A browser is already opened. Closing browser and opening a new one

2024-10-17 14:49:59 - [MESSAGE][INFO] - Starting 'Chrome' driver

2024-10-17 14:49:59 - [MESSAGE][INFO] - User set preference: ['acceptInsecureCerts', 'true']

2024-10-17 14:49:59 - [MESSAGE][INFO] - Action delay is set to 0 milliseconds

2024-10-17 14:50:00 - [MESSAGE][PASSED] - Browser is opened with url: ''

2024-10-17 14:50:00 - [TEST_STEP][PASSED] - maximizeWindow(): Current window maximized

2024-10-17 14:50:00 - [MESSAGE][PASSED] - Current window maximized

2024-10-17 14:50:00 - [TEST_STEP][PASSED] - navigateToUrl(RADurl): Navigate to 'https://demo.velocitypayment.com/client/rad/index.html' successfully

2024-10-17 14:50:01 - [MESSAGE][PASSED] - Navigate to 'https://demo.velocitypayment.com/client/rad/index.html' successfully

2024-10-17 14:50:01 - [TEST_STEP][PASSED] - orPath_Landing = "Object Repository/RAD_Pages/Landing_Page": null

2024-10-17 14:50:01 - [TEST_STEP][PASSED] - orPath_TaxTypeFilingYear = "Object Repository/RAD_Pages/TaxTypeFilingYear_Page": null

2024-10-17 14:50:01 - [TEST_STEP][PASSED] - orPath_TaxPayer = "Object Repository/RAD_Pages/Taxpayer_Page": null

2024-10-17 14:50:01 - [TEST_STEP][PASSED] - orPath_AddressContact = "Object Repository/RAD_Pages/AddressAndContactInfo_Page": null

2024-10-17 14:50:01 - [TEST_STEP][PASSED] - orPath_FilingStatus = "Object Repository/RAD_Pages/FilingStatus_Page": null

2024-10-17 14:50:01 - [TEST_STEP][PASSED] - orPath_Amount = "Object Repository/RAD_Pages/PaymentAmount_Page": null

2024-10-17 14:50:01 - [TEST_STEP][PASSED] - selectOptionByLabel(findTestObject(orPath_Landing + "/dd_TaxType"), Paymenttype, false): All options with label 'Extension Payments' are selected in object 'Object Repository/RAD_Pages/Landing_Page/dd_TaxType' 

2024-10-17 14:50:03 - [MESSAGE][PASSED] - All options with label 'Extension Payments' are selected in object 'Object Repository/RAD_Pages/Landing_Page/dd_TaxType' 

2024-10-17 14:50:03 - [TEST_STEP][PASSED] - delay(1): Delayed 1 second(s)

2024-10-17 14:50:04 - [MESSAGE][PASSED] - Delayed 1 second(s)

2024-10-17 14:50:04 - [TEST_STEP][PASSED] - switch (Paymenttype): null

2024-10-17 14:50:04 - [TEST_STEP][PASSED] - case "Extension Payments":: null

2024-10-17 14:50:04 - [TEST_STEP][PASSED] - selectOptionByLabel(findTestObject(orPath_TaxTypeFilingYear + "/select_PaymentType"), Taxtype, false): All options with label 'PTE Non-Electing Non-S Corp' are selected in object 'Object Repository/RAD_Pages/TaxTypeFilingYear_Page/select_PaymentType' 

2024-10-17 14:50:05 - [MESSAGE][PASSED] - All options with label 'PTE Non-Electing Non-S Corp' are selected in object 'Object Repository/RAD_Pages/TaxTypeFilingYear_Page/select_PaymentType' 

2024-10-17 14:50:05 - [TEST_STEP][PASSED] - break: null

2024-10-17 14:50:05 - [TEST_STEP][PASSED] - delay(1): Delayed 1 second(s)

2024-10-17 14:50:06 - [MESSAGE][PASSED] - Delayed 1 second(s)

2024-10-17 14:50:06 - [TEST_STEP][PASSED] - scrollToElement(findTestObject(orPath_Amount + "/input__paymentAmount"), 3): Scroll to object 'Object Repository/RAD_Pages/PaymentAmount_Page/input__paymentAmount' successfully

2024-10-17 14:50:06 - [MESSAGE][PASSED] - Scroll to object 'Object Repository/RAD_Pages/PaymentAmount_Page/input__paymentAmount' successfully

2024-10-17 14:50:06 - [TEST_STEP][PASSED] - setText(findTestObject(orPath_AddressContact + "/input_eMailAddress"), "imtiazster@gmail.com"): Text 'imtiazster@gmail.com' is set on object 'Object Repository/RAD_Pages/AddressAndContactInfo_Page/input_eMailAddress'

2024-10-17 14:50:07 - [MESSAGE][PASSED] - Text 'imtiazster@gmail.com' is set on object 'Object Repository/RAD_Pages/AddressAndContactInfo_Page/input_eMailAddress'

2024-10-17 14:50:07 - [TEST_STEP][PASSED] - setText(findTestObject(orPath_AddressContact + "/input_reEnterEMailAddress"), "iahmed@govolution.com"): Text 'iahmed@govolution.com' is set on object 'Object Repository/RAD_Pages/AddressAndContactInfo_Page/input_reEnterEMailAddress'

2024-10-17 14:50:08 - [MESSAGE][PASSED] - Text 'iahmed@govolution.com' is set on object 'Object Repository/RAD_Pages/AddressAndContactInfo_Page/input_reEnterEMailAddress'

2024-10-17 14:50:08 - [TEST_STEP][PASSED] - delay(2): Delayed 2 second(s)

2024-10-17 14:50:10 - [MESSAGE][PASSED] - Delayed 2 second(s)

2024-10-17 14:50:10 - [TEST_STEP][PASSED] - if (verifyTextPresent("The Email and Re-enter email do not match", true)): null

2024-10-17 14:50:10 - [MESSAGE][PASSED] - Text 'The Email and Re-enter email do not match' is present on page  using regular expression

2024-10-17 14:50:10 - [TEST_STEP][PASSED] - println("Emails Dont match text is present"): null

2024-10-17 14:50:10 - [TEST_STEP][PASSED] - out.println("Pass Record Number: " + row): null

2024-10-17 14:50:10 - [TEST_STEP][PASSED] - resText = "Pass": null

2024-10-17 14:50:10 - [TEST_STEP][PASSED] - pages.WriteExcel.demoKey(resText, datText, resColumn, datCloumn, fileLoc, nameSheet, row): pages.WriteExcel.demoKey is PASSED

2024-10-17 14:50:11 - [MESSAGE][PASSED] - pages.WriteExcel.demoKey is PASSED

2024-10-17 14:50:11 - [TEST_STEP][PASSED] - ExecuteTC = findTestData(dataFile).getValue("Execute", row): null

2024-10-17 14:50:11 - [TEST_STEP][PASSED] - Taxtype = findTestData(dataFile).getValue("TaxType", row): null

2024-10-17 14:50:11 - [TEST_STEP][PASSED] - Paymenttype = findTestData(dataFile).getValue("PaymentType", row): null

2024-10-17 14:50:11 - [TEST_STEP][PASSED] - out.println("Value of Execute is : " + ExecuteTC): null

2024-10-17 14:50:11 - [TEST_STEP][PASSED] - if (ExecuteTC.equalsIgnoreCase("Y")): null

2024-10-17 14:50:11 - [TEST_STEP][PASSED] - out.println("Begin Record Number: " + row): null

2024-10-17 14:50:11 - [TEST_STEP][PASSED] - today = new java.util.Date(): null

2024-10-17 14:50:11 - [TEST_STEP][PASSED] - println(today): null

2024-10-17 14:50:11 - [TEST_STEP][PASSED] - datText = today: null

2024-10-17 14:50:11 - [TEST_STEP][PASSED] - Taxtype = findTestData(dataFile).getValue("TaxType", row): null

2024-10-17 14:50:11 - [TEST_STEP][PASSED] - out.println("Taxtype value is : " + Taxtype): null

2024-10-17 14:50:11 - [TEST_STEP][PASSED] - openBrowser(""): Browser is opened with url: ''

2024-10-17 14:50:11 - [MESSAGE][WARNING] - A browser is already opened. Closing browser and opening a new one

2024-10-17 14:50:12 - [MESSAGE][INFO] - Starting 'Chrome' driver

2024-10-17 14:50:12 - [MESSAGE][INFO] - User set preference: ['acceptInsecureCerts', 'true']

2024-10-17 14:50:12 - [MESSAGE][INFO] - Action delay is set to 0 milliseconds

2024-10-17 14:50:14 - [MESSAGE][PASSED] - Browser is opened with url: ''

2024-10-17 14:50:14 - [TEST_STEP][PASSED] - maximizeWindow(): Current window maximized

2024-10-17 14:50:14 - [MESSAGE][PASSED] - Current window maximized

2024-10-17 14:50:14 - [TEST_STEP][PASSED] - navigateToUrl(RADurl): Navigate to 'https://demo.velocitypayment.com/client/rad/index.html' successfully

2024-10-17 14:50:16 - [MESSAGE][PASSED] - Navigate to 'https://demo.velocitypayment.com/client/rad/index.html' successfully

2024-10-17 14:50:16 - [TEST_STEP][PASSED] - orPath_Landing = "Object Repository/RAD_Pages/Landing_Page": null

2024-10-17 14:50:16 - [TEST_STEP][PASSED] - orPath_TaxTypeFilingYear = "Object Repository/RAD_Pages/TaxTypeFilingYear_Page": null

2024-10-17 14:50:16 - [TEST_STEP][PASSED] - orPath_TaxPayer = "Object Repository/RAD_Pages/Taxpayer_Page": null

2024-10-17 14:50:16 - [TEST_STEP][PASSED] - orPath_AddressContact = "Object Repository/RAD_Pages/AddressAndContactInfo_Page": null

2024-10-17 14:50:16 - [TEST_STEP][PASSED] - orPath_FilingStatus = "Object Repository/RAD_Pages/FilingStatus_Page": null

2024-10-17 14:50:16 - [TEST_STEP][PASSED] - orPath_Amount = "Object Repository/RAD_Pages/PaymentAmount_Page": null

2024-10-17 14:50:16 - [TEST_STEP][PASSED] - selectOptionByLabel(findTestObject(orPath_Landing + "/dd_TaxType"), Paymenttype, false): All options with label 'Extension Payments' are selected in object 'Object Repository/RAD_Pages/Landing_Page/dd_TaxType' 

2024-10-17 14:50:16 - [MESSAGE][PASSED] - All options with label 'Extension Payments' are selected in object 'Object Repository/RAD_Pages/Landing_Page/dd_TaxType' 

2024-10-17 14:50:16 - [TEST_STEP][PASSED] - delay(1): Delayed 1 second(s)

2024-10-17 14:50:17 - [MESSAGE][PASSED] - Delayed 1 second(s)

2024-10-17 14:50:17 - [TEST_STEP][PASSED] - switch (Paymenttype): null

2024-10-17 14:50:17 - [TEST_STEP][PASSED] - case "Extension Payments":: null

2024-10-17 14:50:17 - [TEST_STEP][PASSED] - selectOptionByLabel(findTestObject(orPath_TaxTypeFilingYear + "/select_PaymentType"), Taxtype, false): All options with label 'PTE Non-Electing S Corp' are selected in object 'Object Repository/RAD_Pages/TaxTypeFilingYear_Page/select_PaymentType' 

2024-10-17 14:50:18 - [MESSAGE][PASSED] - All options with label 'PTE Non-Electing S Corp' are selected in object 'Object Repository/RAD_Pages/TaxTypeFilingYear_Page/select_PaymentType' 

2024-10-17 14:50:18 - [TEST_STEP][PASSED] - break: null

2024-10-17 14:50:18 - [TEST_STEP][PASSED] - delay(1): Delayed 1 second(s)

2024-10-17 14:50:19 - [MESSAGE][PASSED] - Delayed 1 second(s)

2024-10-17 14:50:19 - [TEST_STEP][PASSED] - scrollToElement(findTestObject(orPath_Amount + "/input__paymentAmount"), 3): Scroll to object 'Object Repository/RAD_Pages/PaymentAmount_Page/input__paymentAmount' successfully

2024-10-17 14:50:19 - [MESSAGE][PASSED] - Scroll to object 'Object Repository/RAD_Pages/PaymentAmount_Page/input__paymentAmount' successfully

2024-10-17 14:50:19 - [TEST_STEP][PASSED] - setText(findTestObject(orPath_AddressContact + "/input_eMailAddress"), "imtiazster@gmail.com"): Text 'imtiazster@gmail.com' is set on object 'Object Repository/RAD_Pages/AddressAndContactInfo_Page/input_eMailAddress'

2024-10-17 14:50:20 - [MESSAGE][PASSED] - Text 'imtiazster@gmail.com' is set on object 'Object Repository/RAD_Pages/AddressAndContactInfo_Page/input_eMailAddress'

2024-10-17 14:50:20 - [TEST_STEP][PASSED] - setText(findTestObject(orPath_AddressContact + "/input_reEnterEMailAddress"), "iahmed@govolution.com"): Text 'iahmed@govolution.com' is set on object 'Object Repository/RAD_Pages/AddressAndContactInfo_Page/input_reEnterEMailAddress'

2024-10-17 14:50:21 - [MESSAGE][PASSED] - Text 'iahmed@govolution.com' is set on object 'Object Repository/RAD_Pages/AddressAndContactInfo_Page/input_reEnterEMailAddress'

2024-10-17 14:50:21 - [TEST_STEP][PASSED] - delay(2): Delayed 2 second(s)

2024-10-17 14:50:23 - [MESSAGE][PASSED] - Delayed 2 second(s)

2024-10-17 14:50:23 - [TEST_STEP][PASSED] - if (verifyTextPresent("The Email and Re-enter email do not match", true)): null

2024-10-17 14:50:23 - [MESSAGE][PASSED] - Text 'The Email and Re-enter email do not match' is present on page  using regular expression

2024-10-17 14:50:23 - [TEST_STEP][PASSED] - println("Emails Dont match text is present"): null

2024-10-17 14:50:23 - [TEST_STEP][PASSED] - out.println("Pass Record Number: " + row): null

2024-10-17 14:50:23 - [TEST_STEP][PASSED] - resText = "Pass": null

2024-10-17 14:50:23 - [TEST_STEP][PASSED] - pages.WriteExcel.demoKey(resText, datText, resColumn, datCloumn, fileLoc, nameSheet, row): pages.WriteExcel.demoKey is PASSED

2024-10-17 14:50:24 - [MESSAGE][PASSED] - pages.WriteExcel.demoKey is PASSED

2024-10-17 14:50:24 - [TEST_STEP][PASSED] - ExecuteTC = findTestData(dataFile).getValue("Execute", row): null

2024-10-17 14:50:24 - [TEST_STEP][PASSED] - Taxtype = findTestData(dataFile).getValue("TaxType", row): null

2024-10-17 14:50:24 - [TEST_STEP][PASSED] - Paymenttype = findTestData(dataFile).getValue("PaymentType", row): null

2024-10-17 14:50:24 - [TEST_STEP][PASSED] - out.println("Value of Execute is : " + ExecuteTC): null

2024-10-17 14:50:24 - [TEST_STEP][PASSED] - if (ExecuteTC.equalsIgnoreCase("Y")): null

2024-10-17 14:50:24 - [TEST_STEP][PASSED] - out.println("Begin Record Number: " + row): null

2024-10-17 14:50:24 - [TEST_STEP][PASSED] - today = new java.util.Date(): null

2024-10-17 14:50:24 - [TEST_STEP][PASSED] - println(today): null

2024-10-17 14:50:24 - [TEST_STEP][PASSED] - datText = today: null

2024-10-17 14:50:24 - [TEST_STEP][PASSED] - Taxtype = findTestData(dataFile).getValue("TaxType", row): null

2024-10-17 14:50:24 - [TEST_STEP][PASSED] - out.println("Taxtype value is : " + Taxtype): null

2024-10-17 14:50:24 - [TEST_STEP][PASSED] - openBrowser(""): Browser is opened with url: ''

2024-10-17 14:50:24 - [MESSAGE][WARNING] - A browser is already opened. Closing browser and opening a new one

2024-10-17 14:50:25 - [MESSAGE][INFO] - Starting 'Chrome' driver

2024-10-17 14:50:25 - [MESSAGE][INFO] - User set preference: ['acceptInsecureCerts', 'true']

2024-10-17 14:50:25 - [MESSAGE][INFO] - Action delay is set to 0 milliseconds

2024-10-17 14:50:27 - [MESSAGE][PASSED] - Browser is opened with url: ''

2024-10-17 14:50:27 - [TEST_STEP][PASSED] - maximizeWindow(): Current window maximized

2024-10-17 14:50:27 - [MESSAGE][PASSED] - Current window maximized

2024-10-17 14:50:27 - [TEST_STEP][PASSED] - navigateToUrl(RADurl): Navigate to 'https://demo.velocitypayment.com/client/rad/index.html' successfully

2024-10-17 14:50:29 - [MESSAGE][PASSED] - Navigate to 'https://demo.velocitypayment.com/client/rad/index.html' successfully

2024-10-17 14:50:29 - [TEST_STEP][PASSED] - orPath_Landing = "Object Repository/RAD_Pages/Landing_Page": null

2024-10-17 14:50:29 - [TEST_STEP][PASSED] - orPath_TaxTypeFilingYear = "Object Repository/RAD_Pages/TaxTypeFilingYear_Page": null

2024-10-17 14:50:29 - [TEST_STEP][PASSED] - orPath_TaxPayer = "Object Repository/RAD_Pages/Taxpayer_Page": null

2024-10-17 14:50:29 - [TEST_STEP][PASSED] - orPath_AddressContact = "Object Repository/RAD_Pages/AddressAndContactInfo_Page": null

2024-10-17 14:50:29 - [TEST_STEP][PASSED] - orPath_FilingStatus = "Object Repository/RAD_Pages/FilingStatus_Page": null

2024-10-17 14:50:29 - [TEST_STEP][PASSED] - orPath_Amount = "Object Repository/RAD_Pages/PaymentAmount_Page": null

2024-10-17 14:50:29 - [TEST_STEP][PASSED] - selectOptionByLabel(findTestObject(orPath_Landing + "/dd_TaxType"), Paymenttype, false): All options with label 'Extension Payments' are selected in object 'Object Repository/RAD_Pages/Landing_Page/dd_TaxType' 

2024-10-17 14:50:30 - [MESSAGE][PASSED] - All options with label 'Extension Payments' are selected in object 'Object Repository/RAD_Pages/Landing_Page/dd_TaxType' 

2024-10-17 14:50:30 - [TEST_STEP][PASSED] - delay(1): Delayed 1 second(s)

2024-10-17 14:50:31 - [MESSAGE][PASSED] - Delayed 1 second(s)

2024-10-17 14:50:31 - [TEST_STEP][PASSED] - switch (Paymenttype): null

2024-10-17 14:50:31 - [TEST_STEP][PASSED] - case "Extension Payments":: null

2024-10-17 14:50:31 - [TEST_STEP][PASSED] - selectOptionByLabel(findTestObject(orPath_TaxTypeFilingYear + "/select_PaymentType"), Taxtype, false): All options with label 'PTE Tax Electing Non-S Corp' are selected in object 'Object Repository/RAD_Pages/TaxTypeFilingYear_Page/select_PaymentType' 

2024-10-17 14:50:31 - [MESSAGE][PASSED] - All options with label 'PTE Tax Electing Non-S Corp' are selected in object 'Object Repository/RAD_Pages/TaxTypeFilingYear_Page/select_PaymentType' 

2024-10-17 14:50:31 - [TEST_STEP][PASSED] - break: null

2024-10-17 14:50:31 - [TEST_STEP][PASSED] - delay(1): Delayed 1 second(s)

2024-10-17 14:50:32 - [MESSAGE][PASSED] - Delayed 1 second(s)

2024-10-17 14:50:32 - [TEST_STEP][PASSED] - scrollToElement(findTestObject(orPath_Amount + "/input__paymentAmount"), 3): Scroll to object 'Object Repository/RAD_Pages/PaymentAmount_Page/input__paymentAmount' successfully

2024-10-17 14:50:33 - [MESSAGE][PASSED] - Scroll to object 'Object Repository/RAD_Pages/PaymentAmount_Page/input__paymentAmount' successfully

2024-10-17 14:50:33 - [TEST_STEP][PASSED] - setText(findTestObject(orPath_AddressContact + "/input_eMailAddress"), "imtiazster@gmail.com"): Text 'imtiazster@gmail.com' is set on object 'Object Repository/RAD_Pages/AddressAndContactInfo_Page/input_eMailAddress'

2024-10-17 14:50:34 - [MESSAGE][PASSED] - Text 'imtiazster@gmail.com' is set on object 'Object Repository/RAD_Pages/AddressAndContactInfo_Page/input_eMailAddress'

2024-10-17 14:50:34 - [TEST_STEP][PASSED] - setText(findTestObject(orPath_AddressContact + "/input_reEnterEMailAddress"), "iahmed@govolution.com"): Text 'iahmed@govolution.com' is set on object 'Object Repository/RAD_Pages/AddressAndContactInfo_Page/input_reEnterEMailAddress'

2024-10-17 14:50:34 - [MESSAGE][PASSED] - Text 'iahmed@govolution.com' is set on object 'Object Repository/RAD_Pages/AddressAndContactInfo_Page/input_reEnterEMailAddress'

2024-10-17 14:50:34 - [TEST_STEP][PASSED] - delay(2): Delayed 2 second(s)

2024-10-17 14:50:36 - [MESSAGE][PASSED] - Delayed 2 second(s)

2024-10-17 14:50:36 - [TEST_STEP][PASSED] - if (verifyTextPresent("The Email and Re-enter email do not match", true)): null

2024-10-17 14:50:37 - [MESSAGE][PASSED] - Text 'The Email and Re-enter email do not match' is present on page  using regular expression

2024-10-17 14:50:37 - [TEST_STEP][PASSED] - println("Emails Dont match text is present"): null

2024-10-17 14:50:37 - [TEST_STEP][PASSED] - out.println("Pass Record Number: " + row): null

2024-10-17 14:50:37 - [TEST_STEP][PASSED] - resText = "Pass": null

2024-10-17 14:50:37 - [TEST_STEP][PASSED] - pages.WriteExcel.demoKey(resText, datText, resColumn, datCloumn, fileLoc, nameSheet, row): pages.WriteExcel.demoKey is PASSED

2024-10-17 14:50:37 - [MESSAGE][PASSED] - pages.WriteExcel.demoKey is PASSED

2024-10-17 14:50:37 - [TEST_STEP][PASSED] - ExecuteTC = findTestData(dataFile).getValue("Execute", row): null

2024-10-17 14:50:37 - [TEST_STEP][PASSED] - Taxtype = findTestData(dataFile).getValue("TaxType", row): null

2024-10-17 14:50:37 - [TEST_STEP][PASSED] - Paymenttype = findTestData(dataFile).getValue("PaymentType", row): null

2024-10-17 14:50:37 - [TEST_STEP][PASSED] - out.println("Value of Execute is : " + ExecuteTC): null

2024-10-17 14:50:37 - [TEST_STEP][PASSED] - if (ExecuteTC.equalsIgnoreCase("Y")): null

2024-10-17 14:50:37 - [TEST_STEP][PASSED] - out.println("Begin Record Number: " + row): null

2024-10-17 14:50:37 - [TEST_STEP][PASSED] - today = new java.util.Date(): null

2024-10-17 14:50:37 - [TEST_STEP][PASSED] - println(today): null

2024-10-17 14:50:37 - [TEST_STEP][PASSED] - datText = today: null

2024-10-17 14:50:37 - [TEST_STEP][PASSED] - Taxtype = findTestData(dataFile).getValue("TaxType", row): null

2024-10-17 14:50:37 - [TEST_STEP][PASSED] - out.println("Taxtype value is : " + Taxtype): null

2024-10-17 14:50:37 - [TEST_STEP][PASSED] - openBrowser(""): Browser is opened with url: ''

2024-10-17 14:50:37 - [MESSAGE][WARNING] - A browser is already opened. Closing browser and opening a new one

2024-10-17 14:50:39 - [MESSAGE][INFO] - Starting 'Chrome' driver

2024-10-17 14:50:39 - [MESSAGE][INFO] - User set preference: ['acceptInsecureCerts', 'true']

2024-10-17 14:50:39 - [MESSAGE][INFO] - Action delay is set to 0 milliseconds

2024-10-17 14:50:41 - [MESSAGE][PASSED] - Browser is opened with url: ''

2024-10-17 14:50:41 - [TEST_STEP][PASSED] - maximizeWindow(): Current window maximized

2024-10-17 14:50:41 - [MESSAGE][PASSED] - Current window maximized

2024-10-17 14:50:41 - [TEST_STEP][PASSED] - navigateToUrl(RADurl): Navigate to 'https://demo.velocitypayment.com/client/rad/index.html' successfully

2024-10-17 14:50:41 - [MESSAGE][PASSED] - Navigate to 'https://demo.velocitypayment.com/client/rad/index.html' successfully

2024-10-17 14:50:41 - [TEST_STEP][PASSED] - orPath_Landing = "Object Repository/RAD_Pages/Landing_Page": null

2024-10-17 14:50:41 - [TEST_STEP][PASSED] - orPath_TaxTypeFilingYear = "Object Repository/RAD_Pages/TaxTypeFilingYear_Page": null

2024-10-17 14:50:41 - [TEST_STEP][PASSED] - orPath_TaxPayer = "Object Repository/RAD_Pages/Taxpayer_Page": null

2024-10-17 14:50:41 - [TEST_STEP][PASSED] - orPath_AddressContact = "Object Repository/RAD_Pages/AddressAndContactInfo_Page": null

2024-10-17 14:50:41 - [TEST_STEP][PASSED] - orPath_FilingStatus = "Object Repository/RAD_Pages/FilingStatus_Page": null

2024-10-17 14:50:41 - [TEST_STEP][PASSED] - orPath_Amount = "Object Repository/RAD_Pages/PaymentAmount_Page": null

2024-10-17 14:50:41 - [TEST_STEP][PASSED] - selectOptionByLabel(findTestObject(orPath_Landing + "/dd_TaxType"), Paymenttype, false): All options with label 'Extension Payments' are selected in object 'Object Repository/RAD_Pages/Landing_Page/dd_TaxType' 

2024-10-17 14:50:43 - [MESSAGE][PASSED] - All options with label 'Extension Payments' are selected in object 'Object Repository/RAD_Pages/Landing_Page/dd_TaxType' 

2024-10-17 14:50:43 - [TEST_STEP][PASSED] - delay(1): Delayed 1 second(s)

2024-10-17 14:50:44 - [MESSAGE][PASSED] - Delayed 1 second(s)

2024-10-17 14:50:44 - [TEST_STEP][PASSED] - switch (Paymenttype): null

2024-10-17 14:50:44 - [TEST_STEP][PASSED] - case "Extension Payments":: null

2024-10-17 14:50:44 - [TEST_STEP][PASSED] - selectOptionByLabel(findTestObject(orPath_TaxTypeFilingYear + "/select_PaymentType"), Taxtype, false): All options with label 'PTE Tax Electing S Corp' are selected in object 'Object Repository/RAD_Pages/TaxTypeFilingYear_Page/select_PaymentType' 

2024-10-17 14:50:45 - [MESSAGE][PASSED] - All options with label 'PTE Tax Electing S Corp' are selected in object 'Object Repository/RAD_Pages/TaxTypeFilingYear_Page/select_PaymentType' 

2024-10-17 14:50:45 - [TEST_STEP][PASSED] - break: null

2024-10-17 14:50:45 - [TEST_STEP][PASSED] - delay(1): Delayed 1 second(s)

2024-10-17 14:50:46 - [MESSAGE][PASSED] - Delayed 1 second(s)

2024-10-17 14:50:46 - [TEST_STEP][PASSED] - scrollToElement(findTestObject(orPath_Amount + "/input__paymentAmount"), 3): Scroll to object 'Object Repository/RAD_Pages/PaymentAmount_Page/input__paymentAmount' successfully

2024-10-17 14:50:46 - [MESSAGE][PASSED] - Scroll to object 'Object Repository/RAD_Pages/PaymentAmount_Page/input__paymentAmount' successfully

2024-10-17 14:50:46 - [TEST_STEP][PASSED] - setText(findTestObject(orPath_AddressContact + "/input_eMailAddress"), "imtiazster@gmail.com"): Text 'imtiazster@gmail.com' is set on object 'Object Repository/RAD_Pages/AddressAndContactInfo_Page/input_eMailAddress'

2024-10-17 14:50:47 - [MESSAGE][PASSED] - Text 'imtiazster@gmail.com' is set on object 'Object Repository/RAD_Pages/AddressAndContactInfo_Page/input_eMailAddress'

2024-10-17 14:50:47 - [TEST_STEP][PASSED] - setText(findTestObject(orPath_AddressContact + "/input_reEnterEMailAddress"), "iahmed@govolution.com"): Text 'iahmed@govolution.com' is set on object 'Object Repository/RAD_Pages/AddressAndContactInfo_Page/input_reEnterEMailAddress'

2024-10-17 14:50:48 - [MESSAGE][PASSED] - Text 'iahmed@govolution.com' is set on object 'Object Repository/RAD_Pages/AddressAndContactInfo_Page/input_reEnterEMailAddress'

2024-10-17 14:50:48 - [TEST_STEP][PASSED] - delay(2): Delayed 2 second(s)

2024-10-17 14:50:50 - [MESSAGE][PASSED] - Delayed 2 second(s)

2024-10-17 14:50:50 - [TEST_STEP][PASSED] - if (verifyTextPresent("The Email and Re-enter email do not match", true)): null

2024-10-17 14:50:50 - [MESSAGE][PASSED] - Text 'The Email and Re-enter email do not match' is present on page  using regular expression

2024-10-17 14:50:50 - [TEST_STEP][PASSED] - println("Emails Dont match text is present"): null

2024-10-17 14:50:50 - [TEST_STEP][PASSED] - out.println("Pass Record Number: " + row): null

2024-10-17 14:50:50 - [TEST_STEP][PASSED] - resText = "Pass": null

2024-10-17 14:50:50 - [TEST_STEP][PASSED] - pages.WriteExcel.demoKey(resText, datText, resColumn, datCloumn, fileLoc, nameSheet, row): pages.WriteExcel.demoKey is PASSED

2024-10-17 14:50:50 - [MESSAGE][PASSED] - pages.WriteExcel.demoKey is PASSED

2024-10-17 14:50:50 - [TEST_STEP][PASSED] - ExecuteTC = findTestData(dataFile).getValue("Execute", row): null

2024-10-17 14:50:50 - [TEST_STEP][PASSED] - Taxtype = findTestData(dataFile).getValue("TaxType", row): null

2024-10-17 14:50:51 - [TEST_STEP][PASSED] - Paymenttype = findTestData(dataFile).getValue("PaymentType", row): null

2024-10-17 14:50:51 - [TEST_STEP][PASSED] - out.println("Value of Execute is : " + ExecuteTC): null

2024-10-17 14:50:51 - [TEST_STEP][PASSED] - if (ExecuteTC.equalsIgnoreCase("Y")): null

2024-10-17 14:50:51 - [TEST_STEP][PASSED] - out.println("Begin Record Number: " + row): null

2024-10-17 14:50:51 - [TEST_STEP][PASSED] - today = new java.util.Date(): null

2024-10-17 14:50:51 - [TEST_STEP][PASSED] - println(today): null

2024-10-17 14:50:51 - [TEST_STEP][PASSED] - datText = today: null

2024-10-17 14:50:51 - [TEST_STEP][PASSED] - Taxtype = findTestData(dataFile).getValue("TaxType", row): null

2024-10-17 14:50:51 - [TEST_STEP][PASSED] - out.println("Taxtype value is : " + Taxtype): null

2024-10-17 14:50:51 - [TEST_STEP][PASSED] - openBrowser(""): Browser is opened with url: ''

2024-10-17 14:50:51 - [MESSAGE][WARNING] - A browser is already opened. Closing browser and opening a new one

2024-10-17 14:50:52 - [MESSAGE][INFO] - Starting 'Chrome' driver

2024-10-17 14:50:52 - [MESSAGE][INFO] - User set preference: ['acceptInsecureCerts', 'true']

2024-10-17 14:50:52 - [MESSAGE][INFO] - Action delay is set to 0 milliseconds

2024-10-17 14:50:54 - [MESSAGE][PASSED] - Browser is opened with url: ''

2024-10-17 14:50:54 - [TEST_STEP][PASSED] - maximizeWindow(): Current window maximized

2024-10-17 14:50:54 - [MESSAGE][PASSED] - Current window maximized

2024-10-17 14:50:54 - [TEST_STEP][PASSED] - navigateToUrl(RADurl): Navigate to 'https://demo.velocitypayment.com/client/rad/index.html' successfully

2024-10-17 14:50:56 - [MESSAGE][PASSED] - Navigate to 'https://demo.velocitypayment.com/client/rad/index.html' successfully

2024-10-17 14:50:56 - [TEST_STEP][PASSED] - orPath_Landing = "Object Repository/RAD_Pages/Landing_Page": null

2024-10-17 14:50:56 - [TEST_STEP][PASSED] - orPath_TaxTypeFilingYear = "Object Repository/RAD_Pages/TaxTypeFilingYear_Page": null

2024-10-17 14:50:56 - [TEST_STEP][PASSED] - orPath_TaxPayer = "Object Repository/RAD_Pages/Taxpayer_Page": null

2024-10-17 14:50:56 - [TEST_STEP][PASSED] - orPath_AddressContact = "Object Repository/RAD_Pages/AddressAndContactInfo_Page": null

2024-10-17 14:50:56 - [TEST_STEP][PASSED] - orPath_FilingStatus = "Object Repository/RAD_Pages/FilingStatus_Page": null

2024-10-17 14:50:56 - [TEST_STEP][PASSED] - orPath_Amount = "Object Repository/RAD_Pages/PaymentAmount_Page": null

2024-10-17 14:50:56 - [TEST_STEP][PASSED] - selectOptionByLabel(findTestObject(orPath_Landing + "/dd_TaxType"), Paymenttype, false): All options with label 'Extension Payments' are selected in object 'Object Repository/RAD_Pages/Landing_Page/dd_TaxType' 

2024-10-17 14:50:56 - [MESSAGE][PASSED] - All options with label 'Extension Payments' are selected in object 'Object Repository/RAD_Pages/Landing_Page/dd_TaxType' 

2024-10-17 14:50:56 - [TEST_STEP][PASSED] - delay(1): Delayed 1 second(s)

2024-10-17 14:50:57 - [MESSAGE][PASSED] - Delayed 1 second(s)

2024-10-17 14:50:57 - [TEST_STEP][PASSED] - switch (Paymenttype): null

2024-10-17 14:50:57 - [TEST_STEP][PASSED] - case "Extension Payments":: null

2024-10-17 14:50:57 - [TEST_STEP][PASSED] - selectOptionByLabel(findTestObject(orPath_TaxTypeFilingYear + "/select_PaymentType"), Taxtype, false): All options with label 'Personal Income Tax' are selected in object 'Object Repository/RAD_Pages/TaxTypeFilingYear_Page/select_PaymentType' 

2024-10-17 14:50:58 - [MESSAGE][PASSED] - All options with label 'Personal Income Tax' are selected in object 'Object Repository/RAD_Pages/TaxTypeFilingYear_Page/select_PaymentType' 

2024-10-17 14:50:58 - [TEST_STEP][PASSED] - break: null

2024-10-17 14:50:58 - [TEST_STEP][PASSED] - delay(1): Delayed 1 second(s)

2024-10-17 14:50:59 - [MESSAGE][PASSED] - Delayed 1 second(s)

2024-10-17 14:50:59 - [TEST_STEP][PASSED] - scrollToElement(findTestObject(orPath_Amount + "/input__paymentAmount"), 3): Scroll to object 'Object Repository/RAD_Pages/PaymentAmount_Page/input__paymentAmount' successfully

2024-10-17 14:50:59 - [MESSAGE][PASSED] - Scroll to object 'Object Repository/RAD_Pages/PaymentAmount_Page/input__paymentAmount' successfully

2024-10-17 14:50:59 - [TEST_STEP][PASSED] - setText(findTestObject(orPath_AddressContact + "/input_eMailAddress"), "imtiazster@gmail.com"): Text 'imtiazster@gmail.com' is set on object 'Object Repository/RAD_Pages/AddressAndContactInfo_Page/input_eMailAddress'

2024-10-17 14:51:00 - [MESSAGE][PASSED] - Text 'imtiazster@gmail.com' is set on object 'Object Repository/RAD_Pages/AddressAndContactInfo_Page/input_eMailAddress'

2024-10-17 14:51:00 - [TEST_STEP][PASSED] - setText(findTestObject(orPath_AddressContact + "/input_reEnterEMailAddress"), "iahmed@govolution.com"): Text 'iahmed@govolution.com' is set on object 'Object Repository/RAD_Pages/AddressAndContactInfo_Page/input_reEnterEMailAddress'

2024-10-17 14:51:01 - [MESSAGE][PASSED] - Text 'iahmed@govolution.com' is set on object 'Object Repository/RAD_Pages/AddressAndContactInfo_Page/input_reEnterEMailAddress'

2024-10-17 14:51:01 - [TEST_STEP][PASSED] - delay(2): Delayed 2 second(s)

2024-10-17 14:51:03 - [MESSAGE][PASSED] - Delayed 2 second(s)

2024-10-17 14:51:03 - [TEST_STEP][PASSED] - if (verifyTextPresent("The Email and Re-enter email do not match", true)): null

2024-10-17 14:51:04 - [MESSAGE][PASSED] - Text 'The Email and Re-enter email do not match' is present on page  using regular expression

2024-10-17 14:51:04 - [TEST_STEP][PASSED] - println("Emails Dont match text is present"): null

2024-10-17 14:51:04 - [TEST_STEP][PASSED] - out.println("Pass Record Number: " + row): null

2024-10-17 14:51:04 - [TEST_STEP][PASSED] - resText = "Pass": null

2024-10-17 14:51:04 - [TEST_STEP][PASSED] - pages.WriteExcel.demoKey(resText, datText, resColumn, datCloumn, fileLoc, nameSheet, row): pages.WriteExcel.demoKey is PASSED

2024-10-17 14:51:04 - [MESSAGE][PASSED] - pages.WriteExcel.demoKey is PASSED

2024-10-17 14:51:04 - [TEST_STEP][PASSED] - ExecuteTC = findTestData(dataFile).getValue("Execute", row): null

2024-10-17 14:51:04 - [TEST_STEP][PASSED] - Taxtype = findTestData(dataFile).getValue("TaxType", row): null

2024-10-17 14:51:04 - [TEST_STEP][PASSED] - Paymenttype = findTestData(dataFile).getValue("PaymentType", row): null

2024-10-17 14:51:04 - [TEST_STEP][PASSED] - out.println("Value of Execute is : " + ExecuteTC): null

2024-10-17 14:51:04 - [TEST_STEP][PASSED] - if (ExecuteTC.equalsIgnoreCase("Y")): null

2024-10-17 14:51:04 - [TEST_STEP][PASSED] - out.println("Begin Record Number: " + row): null

2024-10-17 14:51:04 - [TEST_STEP][PASSED] - today = new java.util.Date(): null

2024-10-17 14:51:04 - [TEST_STEP][PASSED] - println(today): null

2024-10-17 14:51:04 - [TEST_STEP][PASSED] - datText = today: null

2024-10-17 14:51:04 - [TEST_STEP][PASSED] - Taxtype = findTestData(dataFile).getValue("TaxType", row): null

2024-10-17 14:51:04 - [TEST_STEP][PASSED] - out.println("Taxtype value is : " + Taxtype): null

2024-10-17 14:51:04 - [TEST_STEP][PASSED] - openBrowser(""): Browser is opened with url: ''

2024-10-17 14:51:04 - [MESSAGE][WARNING] - A browser is already opened. Closing browser and opening a new one

2024-10-17 14:51:06 - [MESSAGE][INFO] - Starting 'Chrome' driver

2024-10-17 14:51:06 - [MESSAGE][INFO] - User set preference: ['acceptInsecureCerts', 'true']

2024-10-17 14:51:06 - [MESSAGE][INFO] - Action delay is set to 0 milliseconds

2024-10-17 14:51:07 - [MESSAGE][PASSED] - Browser is opened with url: ''

2024-10-17 14:51:07 - [TEST_STEP][PASSED] - maximizeWindow(): Current window maximized

2024-10-17 14:51:07 - [MESSAGE][PASSED] - Current window maximized

2024-10-17 14:51:07 - [TEST_STEP][PASSED] - navigateToUrl(RADurl): Navigate to 'https://demo.velocitypayment.com/client/rad/index.html' successfully

2024-10-17 14:51:09 - [MESSAGE][PASSED] - Navigate to 'https://demo.velocitypayment.com/client/rad/index.html' successfully

2024-10-17 14:51:09 - [TEST_STEP][PASSED] - orPath_Landing = "Object Repository/RAD_Pages/Landing_Page": null

2024-10-17 14:51:09 - [TEST_STEP][PASSED] - orPath_TaxTypeFilingYear = "Object Repository/RAD_Pages/TaxTypeFilingYear_Page": null

2024-10-17 14:51:09 - [TEST_STEP][PASSED] - orPath_TaxPayer = "Object Repository/RAD_Pages/Taxpayer_Page": null

2024-10-17 14:51:09 - [TEST_STEP][PASSED] - orPath_AddressContact = "Object Repository/RAD_Pages/AddressAndContactInfo_Page": null

2024-10-17 14:51:09 - [TEST_STEP][PASSED] - orPath_FilingStatus = "Object Repository/RAD_Pages/FilingStatus_Page": null

2024-10-17 14:51:09 - [TEST_STEP][PASSED] - orPath_Amount = "Object Repository/RAD_Pages/PaymentAmount_Page": null

2024-10-17 14:51:09 - [TEST_STEP][PASSED] - selectOptionByLabel(findTestObject(orPath_Landing + "/dd_TaxType"), Paymenttype, false): All options with label 'New Tax Return Amount Due' are selected in object 'Object Repository/RAD_Pages/Landing_Page/dd_TaxType' 

2024-10-17 14:51:10 - [MESSAGE][PASSED] - All options with label 'New Tax Return Amount Due' are selected in object 'Object Repository/RAD_Pages/Landing_Page/dd_TaxType' 

2024-10-17 14:51:10 - [TEST_STEP][PASSED] - delay(1): Delayed 1 second(s)

2024-10-17 14:51:11 - [MESSAGE][PASSED] - Delayed 1 second(s)

2024-10-17 14:51:11 - [TEST_STEP][PASSED] - switch (Paymenttype): null

2024-10-17 14:51:11 - [TEST_STEP][PASSED] - case "New Tax Return Amount Due":: null

2024-10-17 14:51:11 - [TEST_STEP][PASSED] - selectOptionByLabel(findTestObject("Object Repository/RAD_Pages/Landing_Page/select_NewTaxReturnAmountDue_TaxType"), Taxtype, false): All options with label 'Fiduciary Tax' are selected in object 'Object Repository/RAD_Pages/Landing_Page/select_NewTaxReturnAmountDue_TaxType' 

2024-10-17 14:51:12 - [MESSAGE][PASSED] - All options with label 'Fiduciary Tax' are selected in object 'Object Repository/RAD_Pages/Landing_Page/select_NewTaxReturnAmountDue_TaxType' 

2024-10-17 14:51:12 - [TEST_STEP][PASSED] - break: null

2024-10-17 14:51:12 - [TEST_STEP][PASSED] - delay(1): Delayed 1 second(s)

2024-10-17 14:51:13 - [MESSAGE][PASSED] - Delayed 1 second(s)

2024-10-17 14:51:13 - [TEST_STEP][PASSED] - scrollToElement(findTestObject(orPath_Amount + "/input__paymentAmount"), 3): Scroll to object 'Object Repository/RAD_Pages/PaymentAmount_Page/input__paymentAmount' successfully

2024-10-17 14:51:13 - [MESSAGE][PASSED] - Scroll to object 'Object Repository/RAD_Pages/PaymentAmount_Page/input__paymentAmount' successfully

2024-10-17 14:51:13 - [TEST_STEP][PASSED] - setText(findTestObject(orPath_AddressContact + "/input_eMailAddress"), "imtiazster@gmail.com"): Text 'imtiazster@gmail.com' is set on object 'Object Repository/RAD_Pages/AddressAndContactInfo_Page/input_eMailAddress'

2024-10-17 14:51:14 - [MESSAGE][PASSED] - Text 'imtiazster@gmail.com' is set on object 'Object Repository/RAD_Pages/AddressAndContactInfo_Page/input_eMailAddress'

2024-10-17 14:51:14 - [TEST_STEP][PASSED] - setText(findTestObject(orPath_AddressContact + "/input_reEnterEMailAddress"), "iahmed@govolution.com"): Text 'iahmed@govolution.com' is set on object 'Object Repository/RAD_Pages/AddressAndContactInfo_Page/input_reEnterEMailAddress'

2024-10-17 14:51:15 - [MESSAGE][PASSED] - Text 'iahmed@govolution.com' is set on object 'Object Repository/RAD_Pages/AddressAndContactInfo_Page/input_reEnterEMailAddress'

2024-10-17 14:51:15 - [TEST_STEP][PASSED] - delay(2): Delayed 2 second(s)

2024-10-17 14:51:17 - [MESSAGE][PASSED] - Delayed 2 second(s)

2024-10-17 14:51:17 - [TEST_STEP][PASSED] - if (verifyTextPresent("The Email and Re-enter email do not match", true)): null

2024-10-17 14:51:17 - [MESSAGE][PASSED] - Text 'The Email and Re-enter email do not match' is present on page  using regular expression

2024-10-17 14:51:17 - [TEST_STEP][PASSED] - println("Emails Dont match text is present"): null

2024-10-17 14:51:17 - [TEST_STEP][PASSED] - out.println("Pass Record Number: " + row): null

2024-10-17 14:51:17 - [TEST_STEP][PASSED] - resText = "Pass": null

2024-10-17 14:51:17 - [TEST_STEP][PASSED] - pages.WriteExcel.demoKey(resText, datText, resColumn, datCloumn, fileLoc, nameSheet, row): pages.WriteExcel.demoKey is PASSED

2024-10-17 14:51:17 - [MESSAGE][PASSED] - pages.WriteExcel.demoKey is PASSED

2024-10-17 14:51:17 - [TEST_STEP][PASSED] - ExecuteTC = findTestData(dataFile).getValue("Execute", row): null

2024-10-17 14:51:17 - [TEST_STEP][PASSED] - Taxtype = findTestData(dataFile).getValue("TaxType", row): null

2024-10-17 14:51:17 - [TEST_STEP][PASSED] - Paymenttype = findTestData(dataFile).getValue("PaymentType", row): null

2024-10-17 14:51:18 - [TEST_STEP][PASSED] - out.println("Value of Execute is : " + ExecuteTC): null

2024-10-17 14:51:18 - [TEST_STEP][PASSED] - if (ExecuteTC.equalsIgnoreCase("Y")): null

2024-10-17 14:51:18 - [TEST_STEP][PASSED] - out.println("Begin Record Number: " + row): null

2024-10-17 14:51:18 - [TEST_STEP][PASSED] - today = new java.util.Date(): null

2024-10-17 14:51:18 - [TEST_STEP][PASSED] - println(today): null

2024-10-17 14:51:18 - [TEST_STEP][PASSED] - datText = today: null

2024-10-17 14:51:18 - [TEST_STEP][PASSED] - Taxtype = findTestData(dataFile).getValue("TaxType", row): null

2024-10-17 14:51:18 - [TEST_STEP][PASSED] - out.println("Taxtype value is : " + Taxtype): null

2024-10-17 14:51:18 - [TEST_STEP][PASSED] - openBrowser(""): Browser is opened with url: ''

2024-10-17 14:51:18 - [MESSAGE][WARNING] - A browser is already opened. Closing browser and opening a new one

2024-10-17 14:51:19 - [MESSAGE][INFO] - Starting 'Chrome' driver

2024-10-17 14:51:19 - [MESSAGE][INFO] - User set preference: ['acceptInsecureCerts', 'true']

2024-10-17 14:51:19 - [MESSAGE][INFO] - Action delay is set to 0 milliseconds

2024-10-17 14:51:21 - [MESSAGE][PASSED] - Browser is opened with url: ''

2024-10-17 14:51:21 - [TEST_STEP][PASSED] - maximizeWindow(): Current window maximized

2024-10-17 14:51:21 - [MESSAGE][PASSED] - Current window maximized

2024-10-17 14:51:21 - [TEST_STEP][PASSED] - navigateToUrl(RADurl): Navigate to 'https://demo.velocitypayment.com/client/rad/index.html' successfully

2024-10-17 14:51:23 - [MESSAGE][PASSED] - Navigate to 'https://demo.velocitypayment.com/client/rad/index.html' successfully

2024-10-17 14:51:23 - [TEST_STEP][PASSED] - orPath_Landing = "Object Repository/RAD_Pages/Landing_Page": null

2024-10-17 14:51:23 - [TEST_STEP][PASSED] - orPath_TaxTypeFilingYear = "Object Repository/RAD_Pages/TaxTypeFilingYear_Page": null

2024-10-17 14:51:23 - [TEST_STEP][PASSED] - orPath_TaxPayer = "Object Repository/RAD_Pages/Taxpayer_Page": null

2024-10-17 14:51:23 - [TEST_STEP][PASSED] - orPath_AddressContact = "Object Repository/RAD_Pages/AddressAndContactInfo_Page": null

2024-10-17 14:51:23 - [TEST_STEP][PASSED] - orPath_FilingStatus = "Object Repository/RAD_Pages/FilingStatus_Page": null

2024-10-17 14:51:23 - [TEST_STEP][PASSED] - orPath_Amount = "Object Repository/RAD_Pages/PaymentAmount_Page": null

2024-10-17 14:51:23 - [TEST_STEP][PASSED] - selectOptionByLabel(findTestObject(orPath_Landing + "/dd_TaxType"), Paymenttype, false): All options with label 'New Tax Return Amount Due' are selected in object 'Object Repository/RAD_Pages/Landing_Page/dd_TaxType' 

2024-10-17 14:51:24 - [MESSAGE][PASSED] - All options with label 'New Tax Return Amount Due' are selected in object 'Object Repository/RAD_Pages/Landing_Page/dd_TaxType' 

2024-10-17 14:51:24 - [TEST_STEP][PASSED] - delay(1): Delayed 1 second(s)

2024-10-17 14:51:25 - [MESSAGE][PASSED] - Delayed 1 second(s)

2024-10-17 14:51:25 - [TEST_STEP][PASSED] - switch (Paymenttype): null

2024-10-17 14:51:25 - [TEST_STEP][PASSED] - case "New Tax Return Amount Due":: null

2024-10-17 14:51:25 - [TEST_STEP][PASSED] - selectOptionByLabel(findTestObject("Object Repository/RAD_Pages/Landing_Page/select_NewTaxReturnAmountDue_TaxType"), Taxtype, false): All options with label 'PTE Non-Electing Non-S Corp' are selected in object 'Object Repository/RAD_Pages/Landing_Page/select_NewTaxReturnAmountDue_TaxType' 

2024-10-17 14:51:25 - [MESSAGE][PASSED] - All options with label 'PTE Non-Electing Non-S Corp' are selected in object 'Object Repository/RAD_Pages/Landing_Page/select_NewTaxReturnAmountDue_TaxType' 

2024-10-17 14:51:25 - [TEST_STEP][PASSED] - break: null

2024-10-17 14:51:25 - [TEST_STEP][PASSED] - delay(1): Delayed 1 second(s)

2024-10-17 14:51:26 - [MESSAGE][PASSED] - Delayed 1 second(s)

2024-10-17 14:51:26 - [TEST_STEP][PASSED] - scrollToElement(findTestObject(orPath_Amount + "/input__paymentAmount"), 3): Scroll to object 'Object Repository/RAD_Pages/PaymentAmount_Page/input__paymentAmount' successfully

2024-10-17 14:51:27 - [MESSAGE][PASSED] - Scroll to object 'Object Repository/RAD_Pages/PaymentAmount_Page/input__paymentAmount' successfully

2024-10-17 14:51:27 - [TEST_STEP][PASSED] - setText(findTestObject(orPath_AddressContact + "/input_eMailAddress"), "imtiazster@gmail.com"): Text 'imtiazster@gmail.com' is set on object 'Object Repository/RAD_Pages/AddressAndContactInfo_Page/input_eMailAddress'

2024-10-17 14:51:28 - [MESSAGE][PASSED] - Text 'imtiazster@gmail.com' is set on object 'Object Repository/RAD_Pages/AddressAndContactInfo_Page/input_eMailAddress'

2024-10-17 14:51:28 - [TEST_STEP][PASSED] - setText(findTestObject(orPath_AddressContact + "/input_reEnterEMailAddress"), "iahmed@govolution.com"): Text 'iahmed@govolution.com' is set on object 'Object Repository/RAD_Pages/AddressAndContactInfo_Page/input_reEnterEMailAddress'

2024-10-17 14:51:29 - [MESSAGE][PASSED] - Text 'iahmed@govolution.com' is set on object 'Object Repository/RAD_Pages/AddressAndContactInfo_Page/input_reEnterEMailAddress'

2024-10-17 14:51:29 - [TEST_STEP][PASSED] - delay(2): Delayed 2 second(s)

2024-10-17 14:51:31 - [MESSAGE][PASSED] - Delayed 2 second(s)

2024-10-17 14:51:31 - [TEST_STEP][PASSED] - if (verifyTextPresent("The Email and Re-enter email do not match", true)): null

2024-10-17 14:51:31 - [MESSAGE][PASSED] - Text 'The Email and Re-enter email do not match' is present on page  using regular expression

2024-10-17 14:51:31 - [TEST_STEP][PASSED] - println("Emails Dont match text is present"): null

2024-10-17 14:51:31 - [TEST_STEP][PASSED] - out.println("Pass Record Number: " + row): null

2024-10-17 14:51:31 - [TEST_STEP][PASSED] - resText = "Pass": null

2024-10-17 14:51:31 - [TEST_STEP][PASSED] - pages.WriteExcel.demoKey(resText, datText, resColumn, datCloumn, fileLoc, nameSheet, row): pages.WriteExcel.demoKey is PASSED

2024-10-17 14:51:31 - [MESSAGE][PASSED] - pages.WriteExcel.demoKey is PASSED

2024-10-17 14:51:31 - [TEST_STEP][PASSED] - ExecuteTC = findTestData(dataFile).getValue("Execute", row): null

2024-10-17 14:51:31 - [TEST_STEP][PASSED] - Taxtype = findTestData(dataFile).getValue("TaxType", row): null

2024-10-17 14:51:31 - [TEST_STEP][PASSED] - Paymenttype = findTestData(dataFile).getValue("PaymentType", row): null

2024-10-17 14:51:31 - [TEST_STEP][PASSED] - out.println("Value of Execute is : " + ExecuteTC): null

2024-10-17 14:51:31 - [TEST_STEP][PASSED] - if (ExecuteTC.equalsIgnoreCase("Y")): null

2024-10-17 14:51:31 - [TEST_STEP][PASSED] - out.println("Begin Record Number: " + row): null

2024-10-17 14:51:31 - [TEST_STEP][PASSED] - today = new java.util.Date(): null

2024-10-17 14:51:31 - [TEST_STEP][PASSED] - println(today): null

2024-10-17 14:51:31 - [TEST_STEP][PASSED] - datText = today: null

2024-10-17 14:51:31 - [TEST_STEP][PASSED] - Taxtype = findTestData(dataFile).getValue("TaxType", row): null

2024-10-17 14:51:31 - [TEST_STEP][PASSED] - out.println("Taxtype value is : " + Taxtype): null

2024-10-17 14:51:31 - [TEST_STEP][PASSED] - openBrowser(""): Browser is opened with url: ''

2024-10-17 14:51:31 - [MESSAGE][WARNING] - A browser is already opened. Closing browser and opening a new one

2024-10-17 14:51:33 - [MESSAGE][INFO] - Starting 'Chrome' driver

2024-10-17 14:51:33 - [MESSAGE][INFO] - User set preference: ['acceptInsecureCerts', 'true']

2024-10-17 14:51:33 - [MESSAGE][INFO] - Action delay is set to 0 milliseconds

2024-10-17 14:51:35 - [MESSAGE][PASSED] - Browser is opened with url: ''

2024-10-17 14:51:35 - [TEST_STEP][PASSED] - maximizeWindow(): Current window maximized

2024-10-17 14:51:35 - [MESSAGE][PASSED] - Current window maximized

2024-10-17 14:51:35 - [TEST_STEP][PASSED] - navigateToUrl(RADurl): Navigate to 'https://demo.velocitypayment.com/client/rad/index.html' successfully

2024-10-17 14:51:35 - [MESSAGE][PASSED] - Navigate to 'https://demo.velocitypayment.com/client/rad/index.html' successfully

2024-10-17 14:51:35 - [TEST_STEP][PASSED] - orPath_Landing = "Object Repository/RAD_Pages/Landing_Page": null

2024-10-17 14:51:35 - [TEST_STEP][PASSED] - orPath_TaxTypeFilingYear = "Object Repository/RAD_Pages/TaxTypeFilingYear_Page": null

2024-10-17 14:51:35 - [TEST_STEP][PASSED] - orPath_TaxPayer = "Object Repository/RAD_Pages/Taxpayer_Page": null

2024-10-17 14:51:35 - [TEST_STEP][PASSED] - orPath_AddressContact = "Object Repository/RAD_Pages/AddressAndContactInfo_Page": null

2024-10-17 14:51:35 - [TEST_STEP][PASSED] - orPath_FilingStatus = "Object Repository/RAD_Pages/FilingStatus_Page": null

2024-10-17 14:51:35 - [TEST_STEP][PASSED] - orPath_Amount = "Object Repository/RAD_Pages/PaymentAmount_Page": null

2024-10-17 14:51:35 - [TEST_STEP][PASSED] - selectOptionByLabel(findTestObject(orPath_Landing + "/dd_TaxType"), Paymenttype, false): All options with label 'New Tax Return Amount Due' are selected in object 'Object Repository/RAD_Pages/Landing_Page/dd_TaxType' 

2024-10-17 14:51:37 - [MESSAGE][PASSED] - All options with label 'New Tax Return Amount Due' are selected in object 'Object Repository/RAD_Pages/Landing_Page/dd_TaxType' 

2024-10-17 14:51:37 - [TEST_STEP][PASSED] - delay(1): Delayed 1 second(s)

2024-10-17 14:51:38 - [MESSAGE][PASSED] - Delayed 1 second(s)

2024-10-17 14:51:38 - [TEST_STEP][PASSED] - switch (Paymenttype): null

2024-10-17 14:51:38 - [TEST_STEP][PASSED] - case "New Tax Return Amount Due":: null

2024-10-17 14:51:38 - [TEST_STEP][PASSED] - selectOptionByLabel(findTestObject("Object Repository/RAD_Pages/Landing_Page/select_NewTaxReturnAmountDue_TaxType"), Taxtype, false): All options with label 'PTE Non-Electing S Corp' are selected in object 'Object Repository/RAD_Pages/Landing_Page/select_NewTaxReturnAmountDue_TaxType' 

2024-10-17 14:51:39 - [MESSAGE][PASSED] - All options with label 'PTE Non-Electing S Corp' are selected in object 'Object Repository/RAD_Pages/Landing_Page/select_NewTaxReturnAmountDue_TaxType' 

2024-10-17 14:51:39 - [TEST_STEP][PASSED] - break: null

2024-10-17 14:51:39 - [TEST_STEP][PASSED] - delay(1): Delayed 1 second(s)

2024-10-17 14:51:40 - [MESSAGE][PASSED] - Delayed 1 second(s)

2024-10-17 14:51:40 - [TEST_STEP][PASSED] - scrollToElement(findTestObject(orPath_Amount + "/input__paymentAmount"), 3): Scroll to object 'Object Repository/RAD_Pages/PaymentAmount_Page/input__paymentAmount' successfully

2024-10-17 14:51:40 - [MESSAGE][PASSED] - Scroll to object 'Object Repository/RAD_Pages/PaymentAmount_Page/input__paymentAmount' successfully

2024-10-17 14:51:40 - [TEST_STEP][PASSED] - setText(findTestObject(orPath_AddressContact + "/input_eMailAddress"), "imtiazster@gmail.com"): Text 'imtiazster@gmail.com' is set on object 'Object Repository/RAD_Pages/AddressAndContactInfo_Page/input_eMailAddress'

2024-10-17 14:51:41 - [MESSAGE][PASSED] - Text 'imtiazster@gmail.com' is set on object 'Object Repository/RAD_Pages/AddressAndContactInfo_Page/input_eMailAddress'

2024-10-17 14:51:41 - [TEST_STEP][PASSED] - setText(findTestObject(orPath_AddressContact + "/input_reEnterEMailAddress"), "iahmed@govolution.com"): Text 'iahmed@govolution.com' is set on object 'Object Repository/RAD_Pages/AddressAndContactInfo_Page/input_reEnterEMailAddress'

2024-10-17 14:51:42 - [MESSAGE][PASSED] - Text 'iahmed@govolution.com' is set on object 'Object Repository/RAD_Pages/AddressAndContactInfo_Page/input_reEnterEMailAddress'

2024-10-17 14:51:42 - [TEST_STEP][PASSED] - delay(2): Delayed 2 second(s)

2024-10-17 14:51:44 - [MESSAGE][PASSED] - Delayed 2 second(s)

2024-10-17 14:51:44 - [TEST_STEP][PASSED] - if (verifyTextPresent("The Email and Re-enter email do not match", true)): null

2024-10-17 14:51:44 - [MESSAGE][PASSED] - Text 'The Email and Re-enter email do not match' is present on page  using regular expression

2024-10-17 14:51:44 - [TEST_STEP][PASSED] - println("Emails Dont match text is present"): null

2024-10-17 14:51:44 - [TEST_STEP][PASSED] - out.println("Pass Record Number: " + row): null

2024-10-17 14:51:44 - [TEST_STEP][PASSED] - resText = "Pass": null

2024-10-17 14:51:44 - [TEST_STEP][PASSED] - pages.WriteExcel.demoKey(resText, datText, resColumn, datCloumn, fileLoc, nameSheet, row): pages.WriteExcel.demoKey is PASSED

2024-10-17 14:51:44 - [MESSAGE][PASSED] - pages.WriteExcel.demoKey is PASSED

2024-10-17 14:51:44 - [TEST_STEP][PASSED] - ExecuteTC = findTestData(dataFile).getValue("Execute", row): null

2024-10-17 14:51:44 - [TEST_STEP][PASSED] - Taxtype = findTestData(dataFile).getValue("TaxType", row): null

2024-10-17 14:51:44 - [TEST_STEP][PASSED] - Paymenttype = findTestData(dataFile).getValue("PaymentType", row): null

2024-10-17 14:51:45 - [TEST_STEP][PASSED] - out.println("Value of Execute is : " + ExecuteTC): null

2024-10-17 14:51:45 - [TEST_STEP][PASSED] - if (ExecuteTC.equalsIgnoreCase("Y")): null

2024-10-17 14:51:45 - [TEST_STEP][PASSED] - out.println("Begin Record Number: " + row): null

2024-10-17 14:51:45 - [TEST_STEP][PASSED] - today = new java.util.Date(): null

2024-10-17 14:51:45 - [TEST_STEP][PASSED] - println(today): null

2024-10-17 14:51:45 - [TEST_STEP][PASSED] - datText = today: null

2024-10-17 14:51:45 - [TEST_STEP][PASSED] - Taxtype = findTestData(dataFile).getValue("TaxType", row): null

2024-10-17 14:51:45 - [TEST_STEP][PASSED] - out.println("Taxtype value is : " + Taxtype): null

2024-10-17 14:51:45 - [TEST_STEP][PASSED] - openBrowser(""): Browser is opened with url: ''

2024-10-17 14:51:45 - [MESSAGE][WARNING] - A browser is already opened. Closing browser and opening a new one

2024-10-17 14:51:46 - [MESSAGE][INFO] - Starting 'Chrome' driver

2024-10-17 14:51:46 - [MESSAGE][INFO] - User set preference: ['acceptInsecureCerts', 'true']

2024-10-17 14:51:46 - [MESSAGE][INFO] - Action delay is set to 0 milliseconds

2024-10-17 14:51:48 - [MESSAGE][PASSED] - Browser is opened with url: ''

2024-10-17 14:51:48 - [TEST_STEP][PASSED] - maximizeWindow(): Current window maximized

2024-10-17 14:51:48 - [MESSAGE][PASSED] - Current window maximized

2024-10-17 14:51:48 - [TEST_STEP][PASSED] - navigateToUrl(RADurl): Navigate to 'https://demo.velocitypayment.com/client/rad/index.html' successfully

2024-10-17 14:51:50 - [MESSAGE][PASSED] - Navigate to 'https://demo.velocitypayment.com/client/rad/index.html' successfully

2024-10-17 14:51:50 - [TEST_STEP][PASSED] - orPath_Landing = "Object Repository/RAD_Pages/Landing_Page": null

2024-10-17 14:51:50 - [TEST_STEP][PASSED] - orPath_TaxTypeFilingYear = "Object Repository/RAD_Pages/TaxTypeFilingYear_Page": null

2024-10-17 14:51:50 - [TEST_STEP][PASSED] - orPath_TaxPayer = "Object Repository/RAD_Pages/Taxpayer_Page": null

2024-10-17 14:51:50 - [TEST_STEP][PASSED] - orPath_AddressContact = "Object Repository/RAD_Pages/AddressAndContactInfo_Page": null

2024-10-17 14:51:50 - [TEST_STEP][PASSED] - orPath_FilingStatus = "Object Repository/RAD_Pages/FilingStatus_Page": null

2024-10-17 14:51:50 - [TEST_STEP][PASSED] - orPath_Amount = "Object Repository/RAD_Pages/PaymentAmount_Page": null

2024-10-17 14:51:50 - [TEST_STEP][PASSED] - selectOptionByLabel(findTestObject(orPath_Landing + "/dd_TaxType"), Paymenttype, false): All options with label 'New Tax Return Amount Due' are selected in object 'Object Repository/RAD_Pages/Landing_Page/dd_TaxType' 

2024-10-17 14:51:51 - [MESSAGE][PASSED] - All options with label 'New Tax Return Amount Due' are selected in object 'Object Repository/RAD_Pages/Landing_Page/dd_TaxType' 

2024-10-17 14:51:51 - [TEST_STEP][PASSED] - delay(1): Delayed 1 second(s)

2024-10-17 14:51:52 - [MESSAGE][PASSED] - Delayed 1 second(s)

2024-10-17 14:51:52 - [TEST_STEP][PASSED] - switch (Paymenttype): null

2024-10-17 14:51:52 - [TEST_STEP][PASSED] - case "New Tax Return Amount Due":: null

2024-10-17 14:51:52 - [TEST_STEP][PASSED] - selectOptionByLabel(findTestObject("Object Repository/RAD_Pages/Landing_Page/select_NewTaxReturnAmountDue_TaxType"), Taxtype, false): All options with label 'PTE Tax Electing Non-S Corp' are selected in object 'Object Repository/RAD_Pages/Landing_Page/select_NewTaxReturnAmountDue_TaxType' 

2024-10-17 14:51:52 - [MESSAGE][PASSED] - All options with label 'PTE Tax Electing Non-S Corp' are selected in object 'Object Repository/RAD_Pages/Landing_Page/select_NewTaxReturnAmountDue_TaxType' 

2024-10-17 14:51:52 - [TEST_STEP][PASSED] - break: null

2024-10-17 14:51:52 - [TEST_STEP][PASSED] - delay(1): Delayed 1 second(s)

2024-10-17 14:51:53 - [MESSAGE][PASSED] - Delayed 1 second(s)

2024-10-17 14:51:53 - [TEST_STEP][PASSED] - scrollToElement(findTestObject(orPath_Amount + "/input__paymentAmount"), 3): Scroll to object 'Object Repository/RAD_Pages/PaymentAmount_Page/input__paymentAmount' successfully

2024-10-17 14:51:53 - [MESSAGE][PASSED] - Scroll to object 'Object Repository/RAD_Pages/PaymentAmount_Page/input__paymentAmount' successfully

2024-10-17 14:51:53 - [TEST_STEP][PASSED] - setText(findTestObject(orPath_AddressContact + "/input_eMailAddress"), "imtiazster@gmail.com"): Text 'imtiazster@gmail.com' is set on object 'Object Repository/RAD_Pages/AddressAndContactInfo_Page/input_eMailAddress'

2024-10-17 14:51:54 - [MESSAGE][PASSED] - Text 'imtiazster@gmail.com' is set on object 'Object Repository/RAD_Pages/AddressAndContactInfo_Page/input_eMailAddress'

2024-10-17 14:51:54 - [TEST_STEP][PASSED] - setText(findTestObject(orPath_AddressContact + "/input_reEnterEMailAddress"), "iahmed@govolution.com"): Text 'iahmed@govolution.com' is set on object 'Object Repository/RAD_Pages/AddressAndContactInfo_Page/input_reEnterEMailAddress'

2024-10-17 14:51:55 - [MESSAGE][PASSED] - Text 'iahmed@govolution.com' is set on object 'Object Repository/RAD_Pages/AddressAndContactInfo_Page/input_reEnterEMailAddress'

2024-10-17 14:51:55 - [TEST_STEP][PASSED] - delay(2): Delayed 2 second(s)

2024-10-17 14:51:57 - [MESSAGE][PASSED] - Delayed 2 second(s)

2024-10-17 14:51:57 - [TEST_STEP][PASSED] - if (verifyTextPresent("The Email and Re-enter email do not match", true)): null

2024-10-17 14:51:58 - [MESSAGE][PASSED] - Text 'The Email and Re-enter email do not match' is present on page  using regular expression

2024-10-17 14:51:58 - [TEST_STEP][PASSED] - println("Emails Dont match text is present"): null

2024-10-17 14:51:58 - [TEST_STEP][PASSED] - out.println("Pass Record Number: " + row): null

2024-10-17 14:51:58 - [TEST_STEP][PASSED] - resText = "Pass": null

2024-10-17 14:51:58 - [TEST_STEP][PASSED] - pages.WriteExcel.demoKey(resText, datText, resColumn, datCloumn, fileLoc, nameSheet, row): pages.WriteExcel.demoKey is PASSED

2024-10-17 14:51:58 - [MESSAGE][PASSED] - pages.WriteExcel.demoKey is PASSED

2024-10-17 14:51:58 - [TEST_STEP][PASSED] - ExecuteTC = findTestData(dataFile).getValue("Execute", row): null

2024-10-17 14:51:58 - [TEST_STEP][PASSED] - Taxtype = findTestData(dataFile).getValue("TaxType", row): null

2024-10-17 14:51:58 - [TEST_STEP][PASSED] - Paymenttype = findTestData(dataFile).getValue("PaymentType", row): null

2024-10-17 14:51:58 - [TEST_STEP][PASSED] - out.println("Value of Execute is : " + ExecuteTC): null

2024-10-17 14:51:58 - [TEST_STEP][PASSED] - if (ExecuteTC.equalsIgnoreCase("Y")): null

2024-10-17 14:51:58 - [TEST_STEP][PASSED] - out.println("Begin Record Number: " + row): null

2024-10-17 14:51:58 - [TEST_STEP][PASSED] - today = new java.util.Date(): null

2024-10-17 14:51:58 - [TEST_STEP][PASSED] - println(today): null

2024-10-17 14:51:58 - [TEST_STEP][PASSED] - datText = today: null

2024-10-17 14:51:58 - [TEST_STEP][PASSED] - Taxtype = findTestData(dataFile).getValue("TaxType", row): null

2024-10-17 14:51:58 - [TEST_STEP][PASSED] - out.println("Taxtype value is : " + Taxtype): null

2024-10-17 14:51:58 - [TEST_STEP][PASSED] - openBrowser(""): Browser is opened with url: ''

2024-10-17 14:51:58 - [MESSAGE][WARNING] - A browser is already opened. Closing browser and opening a new one

2024-10-17 14:52:00 - [MESSAGE][INFO] - Starting 'Chrome' driver

2024-10-17 14:52:00 - [MESSAGE][INFO] - User set preference: ['acceptInsecureCerts', 'true']

2024-10-17 14:52:00 - [MESSAGE][INFO] - Action delay is set to 0 milliseconds

2024-10-17 14:52:02 - [MESSAGE][PASSED] - Browser is opened with url: ''

2024-10-17 14:52:02 - [TEST_STEP][PASSED] - maximizeWindow(): Current window maximized

2024-10-17 14:52:02 - [MESSAGE][PASSED] - Current window maximized

2024-10-17 14:52:02 - [TEST_STEP][PASSED] - navigateToUrl(RADurl): Navigate to 'https://demo.velocitypayment.com/client/rad/index.html' successfully

2024-10-17 14:52:02 - [MESSAGE][PASSED] - Navigate to 'https://demo.velocitypayment.com/client/rad/index.html' successfully

2024-10-17 14:52:02 - [TEST_STEP][PASSED] - orPath_Landing = "Object Repository/RAD_Pages/Landing_Page": null

2024-10-17 14:52:02 - [TEST_STEP][PASSED] - orPath_TaxTypeFilingYear = "Object Repository/RAD_Pages/TaxTypeFilingYear_Page": null

2024-10-17 14:52:02 - [TEST_STEP][PASSED] - orPath_TaxPayer = "Object Repository/RAD_Pages/Taxpayer_Page": null

2024-10-17 14:52:02 - [TEST_STEP][PASSED] - orPath_AddressContact = "Object Repository/RAD_Pages/AddressAndContactInfo_Page": null

2024-10-17 14:52:02 - [TEST_STEP][PASSED] - orPath_FilingStatus = "Object Repository/RAD_Pages/FilingStatus_Page": null

2024-10-17 14:52:02 - [TEST_STEP][PASSED] - orPath_Amount = "Object Repository/RAD_Pages/PaymentAmount_Page": null

2024-10-17 14:52:02 - [TEST_STEP][PASSED] - selectOptionByLabel(findTestObject(orPath_Landing + "/dd_TaxType"), Paymenttype, false): All options with label 'New Tax Return Amount Due' are selected in object 'Object Repository/RAD_Pages/Landing_Page/dd_TaxType' 

2024-10-17 14:52:04 - [MESSAGE][PASSED] - All options with label 'New Tax Return Amount Due' are selected in object 'Object Repository/RAD_Pages/Landing_Page/dd_TaxType' 

2024-10-17 14:52:04 - [TEST_STEP][PASSED] - delay(1): Delayed 1 second(s)

2024-10-17 14:52:05 - [MESSAGE][PASSED] - Delayed 1 second(s)

2024-10-17 14:52:05 - [TEST_STEP][PASSED] - switch (Paymenttype): null

2024-10-17 14:52:05 - [TEST_STEP][PASSED] - case "New Tax Return Amount Due":: null

2024-10-17 14:52:05 - [TEST_STEP][PASSED] - selectOptionByLabel(findTestObject("Object Repository/RAD_Pages/Landing_Page/select_NewTaxReturnAmountDue_TaxType"), Taxtype, false): All options with label 'PTE Tax Electing S Corp' are selected in object 'Object Repository/RAD_Pages/Landing_Page/select_NewTaxReturnAmountDue_TaxType' 

2024-10-17 14:52:06 - [MESSAGE][PASSED] - All options with label 'PTE Tax Electing S Corp' are selected in object 'Object Repository/RAD_Pages/Landing_Page/select_NewTaxReturnAmountDue_TaxType' 

2024-10-17 14:52:06 - [TEST_STEP][PASSED] - break: null

2024-10-17 14:52:06 - [TEST_STEP][PASSED] - delay(1): Delayed 1 second(s)

2024-10-17 14:52:07 - [MESSAGE][PASSED] - Delayed 1 second(s)

2024-10-17 14:52:07 - [TEST_STEP][PASSED] - scrollToElement(findTestObject(orPath_Amount + "/input__paymentAmount"), 3): Scroll to object 'Object Repository/RAD_Pages/PaymentAmount_Page/input__paymentAmount' successfully

2024-10-17 14:52:07 - [MESSAGE][PASSED] - Scroll to object 'Object Repository/RAD_Pages/PaymentAmount_Page/input__paymentAmount' successfully

2024-10-17 14:52:07 - [TEST_STEP][PASSED] - setText(findTestObject(orPath_AddressContact + "/input_eMailAddress"), "imtiazster@gmail.com"): Text 'imtiazster@gmail.com' is set on object 'Object Repository/RAD_Pages/AddressAndContactInfo_Page/input_eMailAddress'

2024-10-17 14:52:08 - [MESSAGE][PASSED] - Text 'imtiazster@gmail.com' is set on object 'Object Repository/RAD_Pages/AddressAndContactInfo_Page/input_eMailAddress'

2024-10-17 14:52:08 - [TEST_STEP][PASSED] - setText(findTestObject(orPath_AddressContact + "/input_reEnterEMailAddress"), "iahmed@govolution.com"): Text 'iahmed@govolution.com' is set on object 'Object Repository/RAD_Pages/AddressAndContactInfo_Page/input_reEnterEMailAddress'

2024-10-17 14:52:09 - [MESSAGE][PASSED] - Text 'iahmed@govolution.com' is set on object 'Object Repository/RAD_Pages/AddressAndContactInfo_Page/input_reEnterEMailAddress'

2024-10-17 14:52:09 - [TEST_STEP][PASSED] - delay(2): Delayed 2 second(s)

2024-10-17 14:52:11 - [MESSAGE][PASSED] - Delayed 2 second(s)

2024-10-17 14:52:11 - [TEST_STEP][PASSED] - if (verifyTextPresent("The Email and Re-enter email do not match", true)): null

2024-10-17 14:52:11 - [MESSAGE][PASSED] - Text 'The Email and Re-enter email do not match' is present on page  using regular expression

2024-10-17 14:52:11 - [TEST_STEP][PASSED] - println("Emails Dont match text is present"): null

2024-10-17 14:52:11 - [TEST_STEP][PASSED] - out.println("Pass Record Number: " + row): null

2024-10-17 14:52:11 - [TEST_STEP][PASSED] - resText = "Pass": null

2024-10-17 14:52:11 - [TEST_STEP][PASSED] - pages.WriteExcel.demoKey(resText, datText, resColumn, datCloumn, fileLoc, nameSheet, row): pages.WriteExcel.demoKey is PASSED

2024-10-17 14:52:11 - [MESSAGE][PASSED] - pages.WriteExcel.demoKey is PASSED

2024-10-17 14:52:11 - [TEST_STEP][PASSED] - ExecuteTC = findTestData(dataFile).getValue("Execute", row): null

2024-10-17 14:52:11 - [TEST_STEP][PASSED] - Taxtype = findTestData(dataFile).getValue("TaxType", row): null

2024-10-17 14:52:11 - [TEST_STEP][PASSED] - Paymenttype = findTestData(dataFile).getValue("PaymentType", row): null

2024-10-17 14:52:11 - [TEST_STEP][PASSED] - out.println("Value of Execute is : " + ExecuteTC): null

2024-10-17 14:52:11 - [TEST_STEP][PASSED] - if (ExecuteTC.equalsIgnoreCase("Y")): null

2024-10-17 14:52:11 - [TEST_STEP][PASSED] - out.println("Begin Record Number: " + row): null

2024-10-17 14:52:11 - [TEST_STEP][PASSED] - today = new java.util.Date(): null

2024-10-17 14:52:11 - [TEST_STEP][PASSED] - println(today): null

2024-10-17 14:52:11 - [TEST_STEP][PASSED] - datText = today: null

2024-10-17 14:52:11 - [TEST_STEP][PASSED] - Taxtype = findTestData(dataFile).getValue("TaxType", row): null

2024-10-17 14:52:12 - [TEST_STEP][PASSED] - out.println("Taxtype value is : " + Taxtype): null

2024-10-17 14:52:12 - [TEST_STEP][PASSED] - openBrowser(""): Browser is opened with url: ''

2024-10-17 14:52:12 - [MESSAGE][WARNING] - A browser is already opened. Closing browser and opening a new one

2024-10-17 14:52:13 - [MESSAGE][INFO] - Starting 'Chrome' driver

2024-10-17 14:52:13 - [MESSAGE][INFO] - User set preference: ['acceptInsecureCerts', 'true']

2024-10-17 14:52:13 - [MESSAGE][INFO] - Action delay is set to 0 milliseconds

2024-10-17 14:52:15 - [MESSAGE][PASSED] - Browser is opened with url: ''

2024-10-17 14:52:15 - [TEST_STEP][PASSED] - maximizeWindow(): Current window maximized

2024-10-17 14:52:15 - [MESSAGE][PASSED] - Current window maximized

2024-10-17 14:52:15 - [TEST_STEP][PASSED] - navigateToUrl(RADurl): Navigate to 'https://demo.velocitypayment.com/client/rad/index.html' successfully

2024-10-17 14:52:17 - [MESSAGE][PASSED] - Navigate to 'https://demo.velocitypayment.com/client/rad/index.html' successfully

2024-10-17 14:52:17 - [TEST_STEP][PASSED] - orPath_Landing = "Object Repository/RAD_Pages/Landing_Page": null

2024-10-17 14:52:17 - [TEST_STEP][PASSED] - orPath_TaxTypeFilingYear = "Object Repository/RAD_Pages/TaxTypeFilingYear_Page": null

2024-10-17 14:52:17 - [TEST_STEP][PASSED] - orPath_TaxPayer = "Object Repository/RAD_Pages/Taxpayer_Page": null

2024-10-17 14:52:17 - [TEST_STEP][PASSED] - orPath_AddressContact = "Object Repository/RAD_Pages/AddressAndContactInfo_Page": null

2024-10-17 14:52:17 - [TEST_STEP][PASSED] - orPath_FilingStatus = "Object Repository/RAD_Pages/FilingStatus_Page": null

2024-10-17 14:52:17 - [TEST_STEP][PASSED] - orPath_Amount = "Object Repository/RAD_Pages/PaymentAmount_Page": null

2024-10-17 14:52:17 - [TEST_STEP][PASSED] - selectOptionByLabel(findTestObject(orPath_Landing + "/dd_TaxType"), Paymenttype, false): All options with label 'New Tax Return Amount Due' are selected in object 'Object Repository/RAD_Pages/Landing_Page/dd_TaxType' 

2024-10-17 14:52:18 - [MESSAGE][PASSED] - All options with label 'New Tax Return Amount Due' are selected in object 'Object Repository/RAD_Pages/Landing_Page/dd_TaxType' 

2024-10-17 14:52:18 - [TEST_STEP][PASSED] - delay(1): Delayed 1 second(s)

2024-10-17 14:52:19 - [MESSAGE][PASSED] - Delayed 1 second(s)

2024-10-17 14:52:19 - [TEST_STEP][PASSED] - switch (Paymenttype): null

2024-10-17 14:52:19 - [TEST_STEP][PASSED] - case "New Tax Return Amount Due":: null

2024-10-17 14:52:19 - [TEST_STEP][PASSED] - selectOptionByLabel(findTestObject("Object Repository/RAD_Pages/Landing_Page/select_NewTaxReturnAmountDue_TaxType"), Taxtype, false): All options with label 'Personal Income Tax' are selected in object 'Object Repository/RAD_Pages/Landing_Page/select_NewTaxReturnAmountDue_TaxType' 

2024-10-17 14:52:19 - [MESSAGE][PASSED] - All options with label 'Personal Income Tax' are selected in object 'Object Repository/RAD_Pages/Landing_Page/select_NewTaxReturnAmountDue_TaxType' 

2024-10-17 14:52:19 - [TEST_STEP][PASSED] - break: null

2024-10-17 14:52:19 - [TEST_STEP][PASSED] - delay(1): Delayed 1 second(s)

2024-10-17 14:52:20 - [MESSAGE][PASSED] - Delayed 1 second(s)

2024-10-17 14:52:20 - [TEST_STEP][PASSED] - scrollToElement(findTestObject(orPath_Amount + "/input__paymentAmount"), 3): Scroll to object 'Object Repository/RAD_Pages/PaymentAmount_Page/input__paymentAmount' successfully

2024-10-17 14:52:21 - [MESSAGE][PASSED] - Scroll to object 'Object Repository/RAD_Pages/PaymentAmount_Page/input__paymentAmount' successfully

2024-10-17 14:52:21 - [TEST_STEP][PASSED] - setText(findTestObject(orPath_AddressContact + "/input_eMailAddress"), "imtiazster@gmail.com"): Text 'imtiazster@gmail.com' is set on object 'Object Repository/RAD_Pages/AddressAndContactInfo_Page/input_eMailAddress'

2024-10-17 14:52:22 - [MESSAGE][PASSED] - Text 'imtiazster@gmail.com' is set on object 'Object Repository/RAD_Pages/AddressAndContactInfo_Page/input_eMailAddress'

2024-10-17 14:52:22 - [TEST_STEP][PASSED] - setText(findTestObject(orPath_AddressContact + "/input_reEnterEMailAddress"), "iahmed@govolution.com"): Text 'iahmed@govolution.com' is set on object 'Object Repository/RAD_Pages/AddressAndContactInfo_Page/input_reEnterEMailAddress'

2024-10-17 14:52:23 - [MESSAGE][PASSED] - Text 'iahmed@govolution.com' is set on object 'Object Repository/RAD_Pages/AddressAndContactInfo_Page/input_reEnterEMailAddress'

2024-10-17 14:52:23 - [TEST_STEP][PASSED] - delay(2): Delayed 2 second(s)

2024-10-17 14:52:25 - [MESSAGE][PASSED] - Delayed 2 second(s)

2024-10-17 14:52:25 - [TEST_STEP][PASSED] - if (verifyTextPresent("The Email and Re-enter email do not match", true)): null

2024-10-17 14:52:25 - [MESSAGE][PASSED] - Text 'The Email and Re-enter email do not match' is present on page  using regular expression

2024-10-17 14:52:25 - [TEST_STEP][PASSED] - println("Emails Dont match text is present"): null

2024-10-17 14:52:25 - [TEST_STEP][PASSED] - out.println("Pass Record Number: " + row): null

2024-10-17 14:52:25 - [TEST_STEP][PASSED] - resText = "Pass": null

2024-10-17 14:52:25 - [TEST_STEP][PASSED] - pages.WriteExcel.demoKey(resText, datText, resColumn, datCloumn, fileLoc, nameSheet, row): pages.WriteExcel.demoKey is PASSED

2024-10-17 14:52:25 - [MESSAGE][PASSED] - pages.WriteExcel.demoKey is PASSED

2024-10-17 14:52:25 - [TEST_STEP][PASSED] - ExecuteTC = findTestData(dataFile).getValue("Execute", row): null

2024-10-17 14:52:25 - [TEST_STEP][PASSED] - Taxtype = findTestData(dataFile).getValue("TaxType", row): null

2024-10-17 14:52:25 - [TEST_STEP][PASSED] - Paymenttype = findTestData(dataFile).getValue("PaymentType", row): null

2024-10-17 14:52:25 - [TEST_STEP][PASSED] - out.println("Value of Execute is : " + ExecuteTC): null

2024-10-17 14:52:25 - [TEST_STEP][PASSED] - if (ExecuteTC.equalsIgnoreCase("Y")): null

2024-10-17 14:52:25 - [TEST_STEP][PASSED] - out.println("Begin Record Number: " + row): null

2024-10-17 14:52:25 - [TEST_STEP][PASSED] - today = new java.util.Date(): null

2024-10-17 14:52:25 - [TEST_STEP][PASSED] - println(today): null

2024-10-17 14:52:25 - [TEST_STEP][PASSED] - datText = today: null

2024-10-17 14:52:25 - [TEST_STEP][PASSED] - Taxtype = findTestData(dataFile).getValue("TaxType", row): null

2024-10-17 14:52:25 - [TEST_STEP][PASSED] - out.println("Taxtype value is : " + Taxtype): null

2024-10-17 14:52:25 - [TEST_STEP][PASSED] - openBrowser(""): Browser is opened with url: ''

2024-10-17 14:52:25 - [MESSAGE][WARNING] - A browser is already opened. Closing browser and opening a new one

2024-10-17 14:52:26 - [MESSAGE][INFO] - Starting 'Chrome' driver

2024-10-17 14:52:26 - [MESSAGE][INFO] - User set preference: ['acceptInsecureCerts', 'true']

2024-10-17 14:52:26 - [MESSAGE][INFO] - Action delay is set to 0 milliseconds

2024-10-17 14:52:28 - [MESSAGE][PASSED] - Browser is opened with url: ''

2024-10-17 14:52:28 - [TEST_STEP][PASSED] - maximizeWindow(): Current window maximized

2024-10-17 14:52:28 - [MESSAGE][PASSED] - Current window maximized

2024-10-17 14:52:28 - [TEST_STEP][PASSED] - navigateToUrl(RADurl): Navigate to 'https://demo.velocitypayment.com/client/rad/index.html' successfully

2024-10-17 14:52:30 - [MESSAGE][PASSED] - Navigate to 'https://demo.velocitypayment.com/client/rad/index.html' successfully

2024-10-17 14:52:30 - [TEST_STEP][PASSED] - orPath_Landing = "Object Repository/RAD_Pages/Landing_Page": null

2024-10-17 14:52:30 - [TEST_STEP][PASSED] - orPath_TaxTypeFilingYear = "Object Repository/RAD_Pages/TaxTypeFilingYear_Page": null

2024-10-17 14:52:30 - [TEST_STEP][PASSED] - orPath_TaxPayer = "Object Repository/RAD_Pages/Taxpayer_Page": null

2024-10-17 14:52:30 - [TEST_STEP][PASSED] - orPath_AddressContact = "Object Repository/RAD_Pages/AddressAndContactInfo_Page": null

2024-10-17 14:52:30 - [TEST_STEP][PASSED] - orPath_FilingStatus = "Object Repository/RAD_Pages/FilingStatus_Page": null

2024-10-17 14:52:30 - [TEST_STEP][PASSED] - orPath_Amount = "Object Repository/RAD_Pages/PaymentAmount_Page": null

2024-10-17 14:52:30 - [TEST_STEP][PASSED] - selectOptionByLabel(findTestObject(orPath_Landing + "/dd_TaxType"), Paymenttype, false): All options with label 'Existing Liability with Notice/Invoice Number' are selected in object 'Object Repository/RAD_Pages/Landing_Page/dd_TaxType' 

2024-10-17 14:52:31 - [MESSAGE][PASSED] - All options with label 'Existing Liability with Notice/Invoice Number' are selected in object 'Object Repository/RAD_Pages/Landing_Page/dd_TaxType' 

2024-10-17 14:52:31 - [TEST_STEP][PASSED] - delay(1): Delayed 1 second(s)

2024-10-17 14:52:32 - [MESSAGE][PASSED] - Delayed 1 second(s)

2024-10-17 14:52:32 - [TEST_STEP][PASSED] - switch (Paymenttype): null

2024-10-17 14:52:32 - [TEST_STEP][PASSED] - delay(1): Delayed 1 second(s)

2024-10-17 14:52:33 - [MESSAGE][PASSED] - Delayed 1 second(s)

2024-10-17 14:52:33 - [TEST_STEP][PASSED] - scrollToElement(findTestObject(orPath_Amount + "/input__paymentAmount"), 3): Scroll to object 'Object Repository/RAD_Pages/PaymentAmount_Page/input__paymentAmount' successfully

2024-10-17 14:52:33 - [MESSAGE][PASSED] - Scroll to object 'Object Repository/RAD_Pages/PaymentAmount_Page/input__paymentAmount' successfully

2024-10-17 14:52:33 - [TEST_STEP][PASSED] - setText(findTestObject(orPath_AddressContact + "/input_eMailAddress"), "imtiazster@gmail.com"): Text 'imtiazster@gmail.com' is set on object 'Object Repository/RAD_Pages/AddressAndContactInfo_Page/input_eMailAddress'

2024-10-17 14:52:34 - [MESSAGE][PASSED] - Text 'imtiazster@gmail.com' is set on object 'Object Repository/RAD_Pages/AddressAndContactInfo_Page/input_eMailAddress'

2024-10-17 14:52:34 - [TEST_STEP][PASSED] - setText(findTestObject(orPath_AddressContact + "/input_reEnterEMailAddress"), "iahmed@govolution.com"): Text 'iahmed@govolution.com' is set on object 'Object Repository/RAD_Pages/AddressAndContactInfo_Page/input_reEnterEMailAddress'

2024-10-17 14:52:35 - [MESSAGE][PASSED] - Text 'iahmed@govolution.com' is set on object 'Object Repository/RAD_Pages/AddressAndContactInfo_Page/input_reEnterEMailAddress'

2024-10-17 14:52:35 - [TEST_STEP][PASSED] - delay(2): Delayed 2 second(s)

2024-10-17 14:52:37 - [MESSAGE][PASSED] - Delayed 2 second(s)

2024-10-17 14:52:37 - [TEST_STEP][PASSED] - if (verifyTextPresent("The Email and Re-enter email do not match", true)): null

2024-10-17 14:52:37 - [MESSAGE][PASSED] - Text 'The Email and Re-enter email do not match' is present on page  using regular expression

2024-10-17 14:52:37 - [TEST_STEP][PASSED] - println("Emails Dont match text is present"): null

2024-10-17 14:52:37 - [TEST_STEP][PASSED] - out.println("Pass Record Number: " + row): null

2024-10-17 14:52:37 - [TEST_STEP][PASSED] - resText = "Pass": null

2024-10-17 14:52:37 - [TEST_STEP][PASSED] - pages.WriteExcel.demoKey(resText, datText, resColumn, datCloumn, fileLoc, nameSheet, row): pages.WriteExcel.demoKey is PASSED

2024-10-17 14:52:37 - [MESSAGE][PASSED] - pages.WriteExcel.demoKey is PASSED

2024-10-17 14:52:37 - [TEST_STEP][PASSED] - ExecuteTC = findTestData(dataFile).getValue("Execute", row): null

2024-10-17 14:52:37 - [TEST_STEP][PASSED] - Taxtype = findTestData(dataFile).getValue("TaxType", row): null

2024-10-17 14:52:38 - [TEST_STEP][PASSED] - Paymenttype = findTestData(dataFile).getValue("PaymentType", row): null

2024-10-17 14:52:38 - [TEST_STEP][PASSED] - out.println("Value of Execute is : " + ExecuteTC): null

2024-10-17 14:52:38 - [TEST_STEP][PASSED] - if (ExecuteTC.equalsIgnoreCase("Y")): null

2024-10-17 14:52:38 - [TEST_STEP][PASSED] - out.println("Begin Record Number: " + row): null

2024-10-17 14:52:38 - [TEST_STEP][PASSED] - today = new java.util.Date(): null

2024-10-17 14:52:38 - [TEST_STEP][PASSED] - println(today): null

2024-10-17 14:52:38 - [TEST_STEP][PASSED] - datText = today: null

2024-10-17 14:52:38 - [TEST_STEP][PASSED] - Taxtype = findTestData(dataFile).getValue("TaxType", row): null

2024-10-17 14:52:38 - [TEST_STEP][PASSED] - out.println("Taxtype value is : " + Taxtype): null

2024-10-17 14:52:38 - [TEST_STEP][PASSED] - openBrowser(""): Browser is opened with url: ''

2024-10-17 14:52:38 - [MESSAGE][WARNING] - A browser is already opened. Closing browser and opening a new one

2024-10-17 14:52:39 - [MESSAGE][INFO] - Starting 'Chrome' driver

2024-10-17 14:52:39 - [MESSAGE][INFO] - User set preference: ['acceptInsecureCerts', 'true']

2024-10-17 14:52:39 - [MESSAGE][INFO] - Action delay is set to 0 milliseconds

2024-10-17 14:52:41 - [MESSAGE][PASSED] - Browser is opened with url: ''

2024-10-17 14:52:41 - [TEST_STEP][PASSED] - maximizeWindow(): Current window maximized

2024-10-17 14:52:41 - [MESSAGE][PASSED] - Current window maximized

2024-10-17 14:52:41 - [TEST_STEP][PASSED] - navigateToUrl(RADurl): Navigate to 'https://demo.velocitypayment.com/client/rad/index.html' successfully

2024-10-17 14:52:42 - [MESSAGE][PASSED] - Navigate to 'https://demo.velocitypayment.com/client/rad/index.html' successfully

2024-10-17 14:52:42 - [TEST_STEP][PASSED] - orPath_Landing = "Object Repository/RAD_Pages/Landing_Page": null

2024-10-17 14:52:42 - [TEST_STEP][PASSED] - orPath_TaxTypeFilingYear = "Object Repository/RAD_Pages/TaxTypeFilingYear_Page": null

2024-10-17 14:52:42 - [TEST_STEP][PASSED] - orPath_TaxPayer = "Object Repository/RAD_Pages/Taxpayer_Page": null

2024-10-17 14:52:42 - [TEST_STEP][PASSED] - orPath_AddressContact = "Object Repository/RAD_Pages/AddressAndContactInfo_Page": null

2024-10-17 14:52:42 - [TEST_STEP][PASSED] - orPath_FilingStatus = "Object Repository/RAD_Pages/FilingStatus_Page": null

2024-10-17 14:52:42 - [TEST_STEP][PASSED] - orPath_Amount = "Object Repository/RAD_Pages/PaymentAmount_Page": null

2024-10-17 14:52:42 - [TEST_STEP][PASSED] - selectOptionByLabel(findTestObject(orPath_Landing + "/dd_TaxType"), Paymenttype, false): All options with label 'Existing Liability with Notice/Invoice Number' are selected in object 'Object Repository/RAD_Pages/Landing_Page/dd_TaxType' 

2024-10-17 14:52:43 - [MESSAGE][PASSED] - All options with label 'Existing Liability with Notice/Invoice Number' are selected in object 'Object Repository/RAD_Pages/Landing_Page/dd_TaxType' 

2024-10-17 14:52:43 - [TEST_STEP][PASSED] - delay(1): Delayed 1 second(s)

2024-10-17 14:52:44 - [MESSAGE][PASSED] - Delayed 1 second(s)

2024-10-17 14:52:44 - [TEST_STEP][PASSED] - switch (Paymenttype): null

2024-10-17 14:52:44 - [TEST_STEP][PASSED] - delay(1): Delayed 1 second(s)

2024-10-17 14:52:45 - [MESSAGE][PASSED] - Delayed 1 second(s)

2024-10-17 14:52:45 - [TEST_STEP][PASSED] - scrollToElement(findTestObject(orPath_Amount + "/input__paymentAmount"), 3): Scroll to object 'Object Repository/RAD_Pages/PaymentAmount_Page/input__paymentAmount' successfully

2024-10-17 14:52:45 - [MESSAGE][PASSED] - Scroll to object 'Object Repository/RAD_Pages/PaymentAmount_Page/input__paymentAmount' successfully

2024-10-17 14:52:45 - [TEST_STEP][PASSED] - setText(findTestObject(orPath_AddressContact + "/input_eMailAddress"), "imtiazster@gmail.com"): Text 'imtiazster@gmail.com' is set on object 'Object Repository/RAD_Pages/AddressAndContactInfo_Page/input_eMailAddress'

2024-10-17 14:52:46 - [MESSAGE][PASSED] - Text 'imtiazster@gmail.com' is set on object 'Object Repository/RAD_Pages/AddressAndContactInfo_Page/input_eMailAddress'

2024-10-17 14:52:46 - [TEST_STEP][PASSED] - setText(findTestObject(orPath_AddressContact + "/input_reEnterEMailAddress"), "iahmed@govolution.com"): Text 'iahmed@govolution.com' is set on object 'Object Repository/RAD_Pages/AddressAndContactInfo_Page/input_reEnterEMailAddress'

2024-10-17 14:52:47 - [MESSAGE][PASSED] - Text 'iahmed@govolution.com' is set on object 'Object Repository/RAD_Pages/AddressAndContactInfo_Page/input_reEnterEMailAddress'

2024-10-17 14:52:47 - [TEST_STEP][PASSED] - delay(2): Delayed 2 second(s)

2024-10-17 14:52:49 - [MESSAGE][PASSED] - Delayed 2 second(s)

2024-10-17 14:52:49 - [TEST_STEP][PASSED] - if (verifyTextPresent("The Email and Re-enter email do not match", true)): null

2024-10-17 14:52:49 - [MESSAGE][PASSED] - Text 'The Email and Re-enter email do not match' is present on page  using regular expression

2024-10-17 14:52:49 - [TEST_STEP][PASSED] - println("Emails Dont match text is present"): null

2024-10-17 14:52:49 - [TEST_STEP][PASSED] - out.println("Pass Record Number: " + row): null

2024-10-17 14:52:49 - [TEST_STEP][PASSED] - resText = "Pass": null

2024-10-17 14:52:49 - [TEST_STEP][PASSED] - pages.WriteExcel.demoKey(resText, datText, resColumn, datCloumn, fileLoc, nameSheet, row): pages.WriteExcel.demoKey is PASSED

2024-10-17 14:52:50 - [MESSAGE][PASSED] - pages.WriteExcel.demoKey is PASSED

2024-10-17 14:52:50 - [TEST_STEP][PASSED] - ExecuteTC = findTestData(dataFile).getValue("Execute", row): null

2024-10-17 14:52:50 - [TEST_STEP][PASSED] - Taxtype = findTestData(dataFile).getValue("TaxType", row): null

2024-10-17 14:52:50 - [TEST_STEP][PASSED] - Paymenttype = findTestData(dataFile).getValue("PaymentType", row): null

2024-10-17 14:52:50 - [TEST_STEP][PASSED] - out.println("Value of Execute is : " + ExecuteTC): null

2024-10-17 14:52:50 - [TEST_STEP][PASSED] - if (ExecuteTC.equalsIgnoreCase("Y")): null

2024-10-17 14:52:50 - [TEST_STEP][PASSED] - out.println("Begin Record Number: " + row): null

2024-10-17 14:52:50 - [TEST_STEP][PASSED] - today = new java.util.Date(): null

2024-10-17 14:52:50 - [TEST_STEP][PASSED] - println(today): null

2024-10-17 14:52:50 - [TEST_STEP][PASSED] - datText = today: null

2024-10-17 14:52:50 - [TEST_STEP][PASSED] - Taxtype = findTestData(dataFile).getValue("TaxType", row): null

2024-10-17 14:52:50 - [TEST_STEP][PASSED] - out.println("Taxtype value is : " + Taxtype): null

2024-10-17 14:52:50 - [TEST_STEP][PASSED] - openBrowser(""): Browser is opened with url: ''

2024-10-17 14:52:50 - [MESSAGE][WARNING] - A browser is already opened. Closing browser and opening a new one

2024-10-17 14:52:51 - [MESSAGE][INFO] - Starting 'Chrome' driver

2024-10-17 14:52:51 - [MESSAGE][INFO] - User set preference: ['acceptInsecureCerts', 'true']

2024-10-17 14:52:51 - [MESSAGE][INFO] - Action delay is set to 0 milliseconds

2024-10-17 14:52:53 - [MESSAGE][PASSED] - Browser is opened with url: ''

2024-10-17 14:52:53 - [TEST_STEP][PASSED] - maximizeWindow(): Current window maximized

2024-10-17 14:52:53 - [MESSAGE][PASSED] - Current window maximized

2024-10-17 14:52:53 - [TEST_STEP][PASSED] - navigateToUrl(RADurl): Navigate to 'https://demo.velocitypayment.com/client/rad/index.html' successfully

2024-10-17 14:52:55 - [MESSAGE][PASSED] - Navigate to 'https://demo.velocitypayment.com/client/rad/index.html' successfully

2024-10-17 14:52:55 - [TEST_STEP][PASSED] - orPath_Landing = "Object Repository/RAD_Pages/Landing_Page": null

2024-10-17 14:52:55 - [TEST_STEP][PASSED] - orPath_TaxTypeFilingYear = "Object Repository/RAD_Pages/TaxTypeFilingYear_Page": null

2024-10-17 14:52:55 - [TEST_STEP][PASSED] - orPath_TaxPayer = "Object Repository/RAD_Pages/Taxpayer_Page": null

2024-10-17 14:52:55 - [TEST_STEP][PASSED] - orPath_AddressContact = "Object Repository/RAD_Pages/AddressAndContactInfo_Page": null

2024-10-17 14:52:55 - [TEST_STEP][PASSED] - orPath_FilingStatus = "Object Repository/RAD_Pages/FilingStatus_Page": null

2024-10-17 14:52:55 - [TEST_STEP][PASSED] - orPath_Amount = "Object Repository/RAD_Pages/PaymentAmount_Page": null

2024-10-17 14:52:55 - [TEST_STEP][PASSED] - selectOptionByLabel(findTestObject(orPath_Landing + "/dd_TaxType"), Paymenttype, false): All options with label 'Existing Liability with Notice/Invoice Number' are selected in object 'Object Repository/RAD_Pages/Landing_Page/dd_TaxType' 

2024-10-17 14:52:55 - [MESSAGE][PASSED] - All options with label 'Existing Liability with Notice/Invoice Number' are selected in object 'Object Repository/RAD_Pages/Landing_Page/dd_TaxType' 

2024-10-17 14:52:55 - [TEST_STEP][PASSED] - delay(1): Delayed 1 second(s)

2024-10-17 14:52:56 - [MESSAGE][PASSED] - Delayed 1 second(s)

2024-10-17 14:52:56 - [TEST_STEP][PASSED] - switch (Paymenttype): null

2024-10-17 14:52:56 - [TEST_STEP][PASSED] - delay(1): Delayed 1 second(s)

2024-10-17 14:52:57 - [MESSAGE][PASSED] - Delayed 1 second(s)

2024-10-17 14:52:57 - [TEST_STEP][PASSED] - scrollToElement(findTestObject(orPath_Amount + "/input__paymentAmount"), 3): Scroll to object 'Object Repository/RAD_Pages/PaymentAmount_Page/input__paymentAmount' successfully

2024-10-17 14:52:58 - [MESSAGE][PASSED] - Scroll to object 'Object Repository/RAD_Pages/PaymentAmount_Page/input__paymentAmount' successfully

2024-10-17 14:52:58 - [TEST_STEP][PASSED] - setText(findTestObject(orPath_AddressContact + "/input_eMailAddress"), "imtiazster@gmail.com"): Text 'imtiazster@gmail.com' is set on object 'Object Repository/RAD_Pages/AddressAndContactInfo_Page/input_eMailAddress'

2024-10-17 14:52:58 - [MESSAGE][PASSED] - Text 'imtiazster@gmail.com' is set on object 'Object Repository/RAD_Pages/AddressAndContactInfo_Page/input_eMailAddress'

2024-10-17 14:52:58 - [TEST_STEP][PASSED] - setText(findTestObject(orPath_AddressContact + "/input_reEnterEMailAddress"), "iahmed@govolution.com"): Text 'iahmed@govolution.com' is set on object 'Object Repository/RAD_Pages/AddressAndContactInfo_Page/input_reEnterEMailAddress'

2024-10-17 14:52:59 - [MESSAGE][PASSED] - Text 'iahmed@govolution.com' is set on object 'Object Repository/RAD_Pages/AddressAndContactInfo_Page/input_reEnterEMailAddress'

2024-10-17 14:52:59 - [TEST_STEP][PASSED] - delay(2): Delayed 2 second(s)

2024-10-17 14:53:01 - [MESSAGE][PASSED] - Delayed 2 second(s)

2024-10-17 14:53:01 - [TEST_STEP][PASSED] - if (verifyTextPresent("The Email and Re-enter email do not match", true)): null

2024-10-17 14:53:02 - [MESSAGE][PASSED] - Text 'The Email and Re-enter email do not match' is present on page  using regular expression

2024-10-17 14:53:02 - [TEST_STEP][PASSED] - println("Emails Dont match text is present"): null

2024-10-17 14:53:02 - [TEST_STEP][PASSED] - out.println("Pass Record Number: " + row): null

2024-10-17 14:53:02 - [TEST_STEP][PASSED] - resText = "Pass": null

2024-10-17 14:53:02 - [TEST_STEP][PASSED] - pages.WriteExcel.demoKey(resText, datText, resColumn, datCloumn, fileLoc, nameSheet, row): pages.WriteExcel.demoKey is PASSED

2024-10-17 14:53:02 - [MESSAGE][PASSED] - pages.WriteExcel.demoKey is PASSED

2024-10-17 14:53:02 - [TEST_STEP][PASSED] - ExecuteTC = findTestData(dataFile).getValue("Execute", row): null

2024-10-17 14:53:02 - [TEST_STEP][PASSED] - Taxtype = findTestData(dataFile).getValue("TaxType", row): null

2024-10-17 14:53:02 - [TEST_STEP][PASSED] - Paymenttype = findTestData(dataFile).getValue("PaymentType", row): null

2024-10-17 14:53:02 - [TEST_STEP][PASSED] - out.println("Value of Execute is : " + ExecuteTC): null

2024-10-17 14:53:02 - [TEST_STEP][PASSED] - if (ExecuteTC.equalsIgnoreCase("Y")): null

2024-10-17 14:53:02 - [TEST_STEP][PASSED] - out.println("Begin Record Number: " + row): null

2024-10-17 14:53:02 - [TEST_STEP][PASSED] - today = new java.util.Date(): null

2024-10-17 14:53:02 - [TEST_STEP][PASSED] - println(today): null

2024-10-17 14:53:02 - [TEST_STEP][PASSED] - datText = today: null

2024-10-17 14:53:02 - [TEST_STEP][PASSED] - Taxtype = findTestData(dataFile).getValue("TaxType", row): null

2024-10-17 14:53:02 - [TEST_STEP][PASSED] - out.println("Taxtype value is : " + Taxtype): null

2024-10-17 14:53:02 - [TEST_STEP][PASSED] - openBrowser(""): Browser is opened with url: ''

2024-10-17 14:53:02 - [MESSAGE][WARNING] - A browser is already opened. Closing browser and opening a new one

2024-10-17 14:53:04 - [MESSAGE][INFO] - Starting 'Chrome' driver

2024-10-17 14:53:04 - [MESSAGE][INFO] - User set preference: ['acceptInsecureCerts', 'true']

2024-10-17 14:53:04 - [MESSAGE][INFO] - Action delay is set to 0 milliseconds

2024-10-17 14:53:06 - [MESSAGE][PASSED] - Browser is opened with url: ''

2024-10-17 14:53:06 - [TEST_STEP][PASSED] - maximizeWindow(): Current window maximized

2024-10-17 14:53:06 - [MESSAGE][PASSED] - Current window maximized

2024-10-17 14:53:06 - [TEST_STEP][PASSED] - navigateToUrl(RADurl): Navigate to 'https://demo.velocitypayment.com/client/rad/index.html' successfully

2024-10-17 14:53:07 - [MESSAGE][PASSED] - Navigate to 'https://demo.velocitypayment.com/client/rad/index.html' successfully

2024-10-17 14:53:07 - [TEST_STEP][PASSED] - orPath_Landing = "Object Repository/RAD_Pages/Landing_Page": null

2024-10-17 14:53:07 - [TEST_STEP][PASSED] - orPath_TaxTypeFilingYear = "Object Repository/RAD_Pages/TaxTypeFilingYear_Page": null

2024-10-17 14:53:07 - [TEST_STEP][PASSED] - orPath_TaxPayer = "Object Repository/RAD_Pages/Taxpayer_Page": null

2024-10-17 14:53:07 - [TEST_STEP][PASSED] - orPath_AddressContact = "Object Repository/RAD_Pages/AddressAndContactInfo_Page": null

2024-10-17 14:53:07 - [TEST_STEP][PASSED] - orPath_FilingStatus = "Object Repository/RAD_Pages/FilingStatus_Page": null

2024-10-17 14:53:07 - [TEST_STEP][PASSED] - orPath_Amount = "Object Repository/RAD_Pages/PaymentAmount_Page": null

2024-10-17 14:53:07 - [TEST_STEP][PASSED] - selectOptionByLabel(findTestObject(orPath_Landing + "/dd_TaxType"), Paymenttype, false): All options with label 'Existing Liability with Notice/Invoice Number' are selected in object 'Object Repository/RAD_Pages/Landing_Page/dd_TaxType' 

2024-10-17 14:53:10 - [MESSAGE][PASSED] - All options with label 'Existing Liability with Notice/Invoice Number' are selected in object 'Object Repository/RAD_Pages/Landing_Page/dd_TaxType' 

2024-10-17 14:53:10 - [TEST_STEP][PASSED] - delay(1): Delayed 1 second(s)

2024-10-17 14:53:11 - [MESSAGE][PASSED] - Delayed 1 second(s)

2024-10-17 14:53:11 - [TEST_STEP][PASSED] - switch (Paymenttype): null

2024-10-17 14:53:11 - [TEST_STEP][PASSED] - delay(1): Delayed 1 second(s)

2024-10-17 14:53:12 - [MESSAGE][PASSED] - Delayed 1 second(s)

2024-10-17 14:53:12 - [TEST_STEP][PASSED] - scrollToElement(findTestObject(orPath_Amount + "/input__paymentAmount"), 3): Scroll to object 'Object Repository/RAD_Pages/PaymentAmount_Page/input__paymentAmount' successfully

2024-10-17 14:53:12 - [MESSAGE][PASSED] - Scroll to object 'Object Repository/RAD_Pages/PaymentAmount_Page/input__paymentAmount' successfully

2024-10-17 14:53:12 - [TEST_STEP][PASSED] - setText(findTestObject(orPath_AddressContact + "/input_eMailAddress"), "imtiazster@gmail.com"): Text 'imtiazster@gmail.com' is set on object 'Object Repository/RAD_Pages/AddressAndContactInfo_Page/input_eMailAddress'

2024-10-17 14:53:13 - [MESSAGE][PASSED] - Text 'imtiazster@gmail.com' is set on object 'Object Repository/RAD_Pages/AddressAndContactInfo_Page/input_eMailAddress'

2024-10-17 14:53:13 - [TEST_STEP][PASSED] - setText(findTestObject(orPath_AddressContact + "/input_reEnterEMailAddress"), "iahmed@govolution.com"): Text 'iahmed@govolution.com' is set on object 'Object Repository/RAD_Pages/AddressAndContactInfo_Page/input_reEnterEMailAddress'

2024-10-17 14:53:14 - [MESSAGE][PASSED] - Text 'iahmed@govolution.com' is set on object 'Object Repository/RAD_Pages/AddressAndContactInfo_Page/input_reEnterEMailAddress'

2024-10-17 14:53:14 - [TEST_STEP][PASSED] - delay(2): Delayed 2 second(s)

2024-10-17 14:53:16 - [MESSAGE][PASSED] - Delayed 2 second(s)

2024-10-17 14:53:16 - [TEST_STEP][PASSED] - if (verifyTextPresent("The Email and Re-enter email do not match", true)): null

2024-10-17 14:53:17 - [MESSAGE][PASSED] - Text 'The Email and Re-enter email do not match' is present on page  using regular expression

2024-10-17 14:53:17 - [TEST_STEP][PASSED] - println("Emails Dont match text is present"): null

2024-10-17 14:53:17 - [TEST_STEP][PASSED] - out.println("Pass Record Number: " + row): null

2024-10-17 14:53:17 - [TEST_STEP][PASSED] - resText = "Pass": null

2024-10-17 14:53:17 - [TEST_STEP][PASSED] - pages.WriteExcel.demoKey(resText, datText, resColumn, datCloumn, fileLoc, nameSheet, row): pages.WriteExcel.demoKey is PASSED

2024-10-17 14:53:17 - [MESSAGE][PASSED] - pages.WriteExcel.demoKey is PASSED

2024-10-17 14:53:17 - [TEST_STEP][PASSED] - ExecuteTC = findTestData(dataFile).getValue("Execute", row): null

2024-10-17 14:53:17 - [TEST_STEP][PASSED] - Taxtype = findTestData(dataFile).getValue("TaxType", row): null

2024-10-17 14:53:17 - [TEST_STEP][PASSED] - Paymenttype = findTestData(dataFile).getValue("PaymentType", row): null

2024-10-17 14:53:17 - [TEST_STEP][PASSED] - out.println("Value of Execute is : " + ExecuteTC): null

2024-10-17 14:53:17 - [TEST_STEP][PASSED] - if (ExecuteTC.equalsIgnoreCase("Y")): null

2024-10-17 14:53:17 - [TEST_STEP][PASSED] - out.println("Begin Record Number: " + row): null

2024-10-17 14:53:17 - [TEST_STEP][PASSED] - today = new java.util.Date(): null

2024-10-17 14:53:17 - [TEST_STEP][PASSED] - println(today): null

2024-10-17 14:53:17 - [TEST_STEP][PASSED] - datText = today: null

2024-10-17 14:53:17 - [TEST_STEP][PASSED] - Taxtype = findTestData(dataFile).getValue("TaxType", row): null

2024-10-17 14:53:17 - [TEST_STEP][PASSED] - out.println("Taxtype value is : " + Taxtype): null

2024-10-17 14:53:17 - [TEST_STEP][PASSED] - openBrowser(""): Browser is opened with url: ''

2024-10-17 14:53:17 - [MESSAGE][WARNING] - A browser is already opened. Closing browser and opening a new one

2024-10-17 14:53:18 - [MESSAGE][INFO] - Starting 'Chrome' driver

2024-10-17 14:53:18 - [MESSAGE][INFO] - User set preference: ['acceptInsecureCerts', 'true']

2024-10-17 14:53:18 - [MESSAGE][INFO] - Action delay is set to 0 milliseconds

2024-10-17 14:53:20 - [MESSAGE][PASSED] - Browser is opened with url: ''

2024-10-17 14:53:20 - [TEST_STEP][PASSED] - maximizeWindow(): Current window maximized

2024-10-17 14:53:20 - [MESSAGE][PASSED] - Current window maximized

2024-10-17 14:53:20 - [TEST_STEP][PASSED] - navigateToUrl(RADurl): Navigate to 'https://demo.velocitypayment.com/client/rad/index.html' successfully

2024-10-17 14:53:20 - [MESSAGE][PASSED] - Navigate to 'https://demo.velocitypayment.com/client/rad/index.html' successfully

2024-10-17 14:53:20 - [TEST_STEP][PASSED] - orPath_Landing = "Object Repository/RAD_Pages/Landing_Page": null

2024-10-17 14:53:20 - [TEST_STEP][PASSED] - orPath_TaxTypeFilingYear = "Object Repository/RAD_Pages/TaxTypeFilingYear_Page": null

2024-10-17 14:53:20 - [TEST_STEP][PASSED] - orPath_TaxPayer = "Object Repository/RAD_Pages/Taxpayer_Page": null

2024-10-17 14:53:20 - [TEST_STEP][PASSED] - orPath_AddressContact = "Object Repository/RAD_Pages/AddressAndContactInfo_Page": null

2024-10-17 14:53:20 - [TEST_STEP][PASSED] - orPath_FilingStatus = "Object Repository/RAD_Pages/FilingStatus_Page": null

2024-10-17 14:53:20 - [TEST_STEP][PASSED] - orPath_Amount = "Object Repository/RAD_Pages/PaymentAmount_Page": null

2024-10-17 14:53:20 - [TEST_STEP][PASSED] - selectOptionByLabel(findTestObject(orPath_Landing + "/dd_TaxType"), Paymenttype, false): All options with label 'Existing Liability with Notice/Invoice Number' are selected in object 'Object Repository/RAD_Pages/Landing_Page/dd_TaxType' 

2024-10-17 14:53:22 - [MESSAGE][PASSED] - All options with label 'Existing Liability with Notice/Invoice Number' are selected in object 'Object Repository/RAD_Pages/Landing_Page/dd_TaxType' 

2024-10-17 14:53:22 - [TEST_STEP][PASSED] - delay(1): Delayed 1 second(s)

2024-10-17 14:53:23 - [MESSAGE][PASSED] - Delayed 1 second(s)

2024-10-17 14:53:23 - [TEST_STEP][PASSED] - switch (Paymenttype): null

2024-10-17 14:53:23 - [TEST_STEP][PASSED] - delay(1): Delayed 1 second(s)

2024-10-17 14:53:24 - [MESSAGE][PASSED] - Delayed 1 second(s)

2024-10-17 14:53:24 - [TEST_STEP][PASSED] - scrollToElement(findTestObject(orPath_Amount + "/input__paymentAmount"), 3): Scroll to object 'Object Repository/RAD_Pages/PaymentAmount_Page/input__paymentAmount' successfully

2024-10-17 14:53:25 - [MESSAGE][PASSED] - Scroll to object 'Object Repository/RAD_Pages/PaymentAmount_Page/input__paymentAmount' successfully

2024-10-17 14:53:25 - [TEST_STEP][PASSED] - setText(findTestObject(orPath_AddressContact + "/input_eMailAddress"), "imtiazster@gmail.com"): Text 'imtiazster@gmail.com' is set on object 'Object Repository/RAD_Pages/AddressAndContactInfo_Page/input_eMailAddress'

2024-10-17 14:53:26 - [MESSAGE][PASSED] - Text 'imtiazster@gmail.com' is set on object 'Object Repository/RAD_Pages/AddressAndContactInfo_Page/input_eMailAddress'

2024-10-17 14:53:26 - [TEST_STEP][PASSED] - setText(findTestObject(orPath_AddressContact + "/input_reEnterEMailAddress"), "iahmed@govolution.com"): Text 'iahmed@govolution.com' is set on object 'Object Repository/RAD_Pages/AddressAndContactInfo_Page/input_reEnterEMailAddress'

2024-10-17 14:53:26 - [MESSAGE][PASSED] - Text 'iahmed@govolution.com' is set on object 'Object Repository/RAD_Pages/AddressAndContactInfo_Page/input_reEnterEMailAddress'

2024-10-17 14:53:26 - [TEST_STEP][PASSED] - delay(2): Delayed 2 second(s)

2024-10-17 14:53:28 - [MESSAGE][PASSED] - Delayed 2 second(s)

2024-10-17 14:53:28 - [TEST_STEP][PASSED] - if (verifyTextPresent("The Email and Re-enter email do not match", true)): null

2024-10-17 14:53:29 - [MESSAGE][PASSED] - Text 'The Email and Re-enter email do not match' is present on page  using regular expression

2024-10-17 14:53:29 - [TEST_STEP][PASSED] - println("Emails Dont match text is present"): null

2024-10-17 14:53:29 - [TEST_STEP][PASSED] - out.println("Pass Record Number: " + row): null

2024-10-17 14:53:29 - [TEST_STEP][PASSED] - resText = "Pass": null

2024-10-17 14:53:29 - [TEST_STEP][PASSED] - pages.WriteExcel.demoKey(resText, datText, resColumn, datCloumn, fileLoc, nameSheet, row): pages.WriteExcel.demoKey is PASSED

2024-10-17 14:53:29 - [MESSAGE][PASSED] - pages.WriteExcel.demoKey is PASSED

2024-10-17 14:53:29 - [TEST_STEP][PASSED] - ExecuteTC = findTestData(dataFile).getValue("Execute", row): null

2024-10-17 14:53:29 - [TEST_STEP][PASSED] - Taxtype = findTestData(dataFile).getValue("TaxType", row): null

2024-10-17 14:53:29 - [TEST_STEP][PASSED] - Paymenttype = findTestData(dataFile).getValue("PaymentType", row): null

2024-10-17 14:53:29 - [TEST_STEP][PASSED] - out.println("Value of Execute is : " + ExecuteTC): null

2024-10-17 14:53:29 - [TEST_STEP][PASSED] - if (ExecuteTC.equalsIgnoreCase("Y")): null

2024-10-17 14:53:29 - [TEST_STEP][PASSED] - out.println("Begin Record Number: " + row): null

2024-10-17 14:53:29 - [TEST_STEP][PASSED] - today = new java.util.Date(): null

2024-10-17 14:53:29 - [TEST_STEP][PASSED] - println(today): null

2024-10-17 14:53:29 - [TEST_STEP][PASSED] - datText = today: null

2024-10-17 14:53:29 - [TEST_STEP][PASSED] - Taxtype = findTestData(dataFile).getValue("TaxType", row): null

2024-10-17 14:53:29 - [TEST_STEP][PASSED] - out.println("Taxtype value is : " + Taxtype): null

2024-10-17 14:53:29 - [TEST_STEP][PASSED] - openBrowser(""): Browser is opened with url: ''

2024-10-17 14:53:29 - [MESSAGE][WARNING] - A browser is already opened. Closing browser and opening a new one

2024-10-17 14:53:30 - [MESSAGE][INFO] - Starting 'Chrome' driver

2024-10-17 14:53:30 - [MESSAGE][INFO] - User set preference: ['acceptInsecureCerts', 'true']

2024-10-17 14:53:30 - [MESSAGE][INFO] - Action delay is set to 0 milliseconds

2024-10-17 14:53:32 - [MESSAGE][PASSED] - Browser is opened with url: ''

2024-10-17 14:53:32 - [TEST_STEP][PASSED] - maximizeWindow(): Current window maximized

2024-10-17 14:53:32 - [MESSAGE][PASSED] - Current window maximized

2024-10-17 14:53:32 - [TEST_STEP][PASSED] - navigateToUrl(RADurl): Navigate to 'https://demo.velocitypayment.com/client/rad/index.html' successfully

2024-10-17 14:53:34 - [MESSAGE][PASSED] - Navigate to 'https://demo.velocitypayment.com/client/rad/index.html' successfully

2024-10-17 14:53:34 - [TEST_STEP][PASSED] - orPath_Landing = "Object Repository/RAD_Pages/Landing_Page": null

2024-10-17 14:53:34 - [TEST_STEP][PASSED] - orPath_TaxTypeFilingYear = "Object Repository/RAD_Pages/TaxTypeFilingYear_Page": null

2024-10-17 14:53:34 - [TEST_STEP][PASSED] - orPath_TaxPayer = "Object Repository/RAD_Pages/Taxpayer_Page": null

2024-10-17 14:53:34 - [TEST_STEP][PASSED] - orPath_AddressContact = "Object Repository/RAD_Pages/AddressAndContactInfo_Page": null

2024-10-17 14:53:34 - [TEST_STEP][PASSED] - orPath_FilingStatus = "Object Repository/RAD_Pages/FilingStatus_Page": null

2024-10-17 14:53:34 - [TEST_STEP][PASSED] - orPath_Amount = "Object Repository/RAD_Pages/PaymentAmount_Page": null

2024-10-17 14:53:34 - [TEST_STEP][PASSED] - selectOptionByLabel(findTestObject(orPath_Landing + "/dd_TaxType"), Paymenttype, false): All options with label 'Existing Liability with Notice/Invoice Number' are selected in object 'Object Repository/RAD_Pages/Landing_Page/dd_TaxType' 

2024-10-17 14:53:35 - [MESSAGE][PASSED] - All options with label 'Existing Liability with Notice/Invoice Number' are selected in object 'Object Repository/RAD_Pages/Landing_Page/dd_TaxType' 

2024-10-17 14:53:35 - [TEST_STEP][PASSED] - delay(1): Delayed 1 second(s)

2024-10-17 14:53:36 - [MESSAGE][PASSED] - Delayed 1 second(s)

2024-10-17 14:53:36 - [TEST_STEP][PASSED] - switch (Paymenttype): null

2024-10-17 14:53:36 - [TEST_STEP][PASSED] - delay(1): Delayed 1 second(s)

2024-10-17 14:53:37 - [MESSAGE][PASSED] - Delayed 1 second(s)

2024-10-17 14:53:37 - [TEST_STEP][PASSED] - scrollToElement(findTestObject(orPath_Amount + "/input__paymentAmount"), 3): Scroll to object 'Object Repository/RAD_Pages/PaymentAmount_Page/input__paymentAmount' successfully

2024-10-17 14:53:37 - [MESSAGE][PASSED] - Scroll to object 'Object Repository/RAD_Pages/PaymentAmount_Page/input__paymentAmount' successfully

2024-10-17 14:53:37 - [TEST_STEP][PASSED] - setText(findTestObject(orPath_AddressContact + "/input_eMailAddress"), "imtiazster@gmail.com"): Text 'imtiazster@gmail.com' is set on object 'Object Repository/RAD_Pages/AddressAndContactInfo_Page/input_eMailAddress'

2024-10-17 14:53:38 - [MESSAGE][PASSED] - Text 'imtiazster@gmail.com' is set on object 'Object Repository/RAD_Pages/AddressAndContactInfo_Page/input_eMailAddress'

2024-10-17 14:53:38 - [TEST_STEP][PASSED] - setText(findTestObject(orPath_AddressContact + "/input_reEnterEMailAddress"), "iahmed@govolution.com"): Text 'iahmed@govolution.com' is set on object 'Object Repository/RAD_Pages/AddressAndContactInfo_Page/input_reEnterEMailAddress'

2024-10-17 14:53:39 - [MESSAGE][PASSED] - Text 'iahmed@govolution.com' is set on object 'Object Repository/RAD_Pages/AddressAndContactInfo_Page/input_reEnterEMailAddress'

2024-10-17 14:53:39 - [TEST_STEP][PASSED] - delay(2): Delayed 2 second(s)

2024-10-17 14:53:41 - [MESSAGE][PASSED] - Delayed 2 second(s)

2024-10-17 14:53:41 - [TEST_STEP][PASSED] - if (verifyTextPresent("The Email and Re-enter email do not match", true)): null

2024-10-17 14:53:41 - [MESSAGE][PASSED] - Text 'The Email and Re-enter email do not match' is present on page  using regular expression

2024-10-17 14:53:41 - [TEST_STEP][PASSED] - println("Emails Dont match text is present"): null

2024-10-17 14:53:41 - [TEST_STEP][PASSED] - out.println("Pass Record Number: " + row): null

2024-10-17 14:53:41 - [TEST_STEP][PASSED] - resText = "Pass": null

2024-10-17 14:53:41 - [TEST_STEP][PASSED] - pages.WriteExcel.demoKey(resText, datText, resColumn, datCloumn, fileLoc, nameSheet, row): pages.WriteExcel.demoKey is PASSED

2024-10-17 14:53:41 - [MESSAGE][PASSED] - pages.WriteExcel.demoKey is PASSED

2024-10-17 14:53:41 - [TEST_STEP][PASSED] - ExecuteTC = findTestData(dataFile).getValue("Execute", row): null

2024-10-17 14:53:41 - [TEST_STEP][PASSED] - Taxtype = findTestData(dataFile).getValue("TaxType", row): null

2024-10-17 14:53:41 - [TEST_STEP][PASSED] - Paymenttype = findTestData(dataFile).getValue("PaymentType", row): null

2024-10-17 14:53:41 - [TEST_STEP][PASSED] - out.println("Value of Execute is : " + ExecuteTC): null

2024-10-17 14:53:41 - [TEST_STEP][PASSED] - if (ExecuteTC.equalsIgnoreCase("Y")): null

2024-10-17 14:53:41 - [TEST_STEP][PASSED] - out.println("Begin Record Number: " + row): null

2024-10-17 14:53:41 - [TEST_STEP][PASSED] - today = new java.util.Date(): null

2024-10-17 14:53:41 - [TEST_STEP][PASSED] - println(today): null

2024-10-17 14:53:41 - [TEST_STEP][PASSED] - datText = today: null

2024-10-17 14:53:41 - [TEST_STEP][PASSED] - Taxtype = findTestData(dataFile).getValue("TaxType", row): null

2024-10-17 14:53:41 - [TEST_STEP][PASSED] - out.println("Taxtype value is : " + Taxtype): null

2024-10-17 14:53:41 - [TEST_STEP][PASSED] - openBrowser(""): Browser is opened with url: ''

2024-10-17 14:53:41 - [MESSAGE][WARNING] - A browser is already opened. Closing browser and opening a new one

2024-10-17 14:53:43 - [MESSAGE][INFO] - Starting 'Chrome' driver

2024-10-17 14:53:43 - [MESSAGE][INFO] - User set preference: ['acceptInsecureCerts', 'true']

2024-10-17 14:53:43 - [MESSAGE][INFO] - Action delay is set to 0 milliseconds

2024-10-17 14:53:44 - [MESSAGE][PASSED] - Browser is opened with url: ''

2024-10-17 14:53:44 - [TEST_STEP][PASSED] - maximizeWindow(): Current window maximized

2024-10-17 14:53:45 - [MESSAGE][PASSED] - Current window maximized

2024-10-17 14:53:45 - [TEST_STEP][PASSED] - navigateToUrl(RADurl): Navigate to 'https://demo.velocitypayment.com/client/rad/index.html' successfully

2024-10-17 14:53:46 - [MESSAGE][PASSED] - Navigate to 'https://demo.velocitypayment.com/client/rad/index.html' successfully

2024-10-17 14:53:46 - [TEST_STEP][PASSED] - orPath_Landing = "Object Repository/RAD_Pages/Landing_Page": null

2024-10-17 14:53:46 - [TEST_STEP][PASSED] - orPath_TaxTypeFilingYear = "Object Repository/RAD_Pages/TaxTypeFilingYear_Page": null

2024-10-17 14:53:46 - [TEST_STEP][PASSED] - orPath_TaxPayer = "Object Repository/RAD_Pages/Taxpayer_Page": null

2024-10-17 14:53:46 - [TEST_STEP][PASSED] - orPath_AddressContact = "Object Repository/RAD_Pages/AddressAndContactInfo_Page": null

2024-10-17 14:53:46 - [TEST_STEP][PASSED] - orPath_FilingStatus = "Object Repository/RAD_Pages/FilingStatus_Page": null

2024-10-17 14:53:46 - [TEST_STEP][PASSED] - orPath_Amount = "Object Repository/RAD_Pages/PaymentAmount_Page": null

2024-10-17 14:53:46 - [TEST_STEP][PASSED] - selectOptionByLabel(findTestObject(orPath_Landing + "/dd_TaxType"), Paymenttype, false): All options with label 'Existing Liability with Notice/Invoice Number' are selected in object 'Object Repository/RAD_Pages/Landing_Page/dd_TaxType' 

2024-10-17 14:53:47 - [MESSAGE][PASSED] - All options with label 'Existing Liability with Notice/Invoice Number' are selected in object 'Object Repository/RAD_Pages/Landing_Page/dd_TaxType' 

2024-10-17 14:53:47 - [TEST_STEP][PASSED] - delay(1): Delayed 1 second(s)

2024-10-17 14:53:48 - [MESSAGE][PASSED] - Delayed 1 second(s)

2024-10-17 14:53:48 - [TEST_STEP][PASSED] - switch (Paymenttype): null

2024-10-17 14:53:48 - [TEST_STEP][PASSED] - delay(1): Delayed 1 second(s)

2024-10-17 14:53:49 - [MESSAGE][PASSED] - Delayed 1 second(s)

2024-10-17 14:53:49 - [TEST_STEP][PASSED] - scrollToElement(findTestObject(orPath_Amount + "/input__paymentAmount"), 3): Scroll to object 'Object Repository/RAD_Pages/PaymentAmount_Page/input__paymentAmount' successfully

2024-10-17 14:53:49 - [MESSAGE][PASSED] - Scroll to object 'Object Repository/RAD_Pages/PaymentAmount_Page/input__paymentAmount' successfully

2024-10-17 14:53:49 - [TEST_STEP][PASSED] - setText(findTestObject(orPath_AddressContact + "/input_eMailAddress"), "imtiazster@gmail.com"): Text 'imtiazster@gmail.com' is set on object 'Object Repository/RAD_Pages/AddressAndContactInfo_Page/input_eMailAddress'

2024-10-17 14:53:50 - [MESSAGE][PASSED] - Text 'imtiazster@gmail.com' is set on object 'Object Repository/RAD_Pages/AddressAndContactInfo_Page/input_eMailAddress'

2024-10-17 14:53:50 - [TEST_STEP][PASSED] - setText(findTestObject(orPath_AddressContact + "/input_reEnterEMailAddress"), "iahmed@govolution.com"): Text 'iahmed@govolution.com' is set on object 'Object Repository/RAD_Pages/AddressAndContactInfo_Page/input_reEnterEMailAddress'

2024-10-17 14:53:51 - [MESSAGE][PASSED] - Text 'iahmed@govolution.com' is set on object 'Object Repository/RAD_Pages/AddressAndContactInfo_Page/input_reEnterEMailAddress'

2024-10-17 14:53:51 - [TEST_STEP][PASSED] - delay(2): Delayed 2 second(s)

2024-10-17 14:53:53 - [MESSAGE][PASSED] - Delayed 2 second(s)

2024-10-17 14:53:53 - [TEST_STEP][PASSED] - if (verifyTextPresent("The Email and Re-enter email do not match", true)): null

2024-10-17 14:53:53 - [MESSAGE][PASSED] - Text 'The Email and Re-enter email do not match' is present on page  using regular expression

2024-10-17 14:53:53 - [TEST_STEP][PASSED] - println("Emails Dont match text is present"): null

2024-10-17 14:53:53 - [TEST_STEP][PASSED] - out.println("Pass Record Number: " + row): null

2024-10-17 14:53:53 - [TEST_STEP][PASSED] - resText = "Pass": null

2024-10-17 14:53:53 - [TEST_STEP][PASSED] - pages.WriteExcel.demoKey(resText, datText, resColumn, datCloumn, fileLoc, nameSheet, row): pages.WriteExcel.demoKey is PASSED

2024-10-17 14:53:53 - [MESSAGE][PASSED] - pages.WriteExcel.demoKey is PASSED

2024-10-17 14:53:53 - [TEST_STEP][PASSED] - ExecuteTC = findTestData(dataFile).getValue("Execute", row): null

2024-10-17 14:53:53 - [TEST_STEP][PASSED] - Taxtype = findTestData(dataFile).getValue("TaxType", row): null

2024-10-17 14:53:54 - [TEST_STEP][PASSED] - Paymenttype = findTestData(dataFile).getValue("PaymentType", row): null

2024-10-17 14:53:54 - [TEST_STEP][PASSED] - out.println("Value of Execute is : " + ExecuteTC): null

2024-10-17 14:53:54 - [TEST_STEP][PASSED] - if (ExecuteTC.equalsIgnoreCase("Y")): null

2024-10-17 14:53:54 - [TEST_STEP][PASSED] - out.println("Begin Record Number: " + row): null

2024-10-17 14:53:54 - [TEST_STEP][PASSED] - today = new java.util.Date(): null

2024-10-17 14:53:54 - [TEST_STEP][PASSED] - println(today): null

2024-10-17 14:53:54 - [TEST_STEP][PASSED] - datText = today: null

2024-10-17 14:53:54 - [TEST_STEP][PASSED] - Taxtype = findTestData(dataFile).getValue("TaxType", row): null

2024-10-17 14:53:54 - [TEST_STEP][PASSED] - out.println("Taxtype value is : " + Taxtype): null

2024-10-17 14:53:54 - [TEST_STEP][PASSED] - openBrowser(""): Browser is opened with url: ''

2024-10-17 14:53:54 - [MESSAGE][WARNING] - A browser is already opened. Closing browser and opening a new one

2024-10-17 14:53:55 - [MESSAGE][INFO] - Starting 'Chrome' driver

2024-10-17 14:53:55 - [MESSAGE][INFO] - User set preference: ['acceptInsecureCerts', 'true']

2024-10-17 14:53:55 - [MESSAGE][INFO] - Action delay is set to 0 milliseconds

2024-10-17 14:53:57 - [MESSAGE][PASSED] - Browser is opened with url: ''

2024-10-17 14:53:57 - [TEST_STEP][PASSED] - maximizeWindow(): Current window maximized

2024-10-17 14:53:57 - [MESSAGE][PASSED] - Current window maximized

2024-10-17 14:53:57 - [TEST_STEP][PASSED] - navigateToUrl(RADurl): Navigate to 'https://demo.velocitypayment.com/client/rad/index.html' successfully

2024-10-17 14:53:59 - [MESSAGE][PASSED] - Navigate to 'https://demo.velocitypayment.com/client/rad/index.html' successfully

2024-10-17 14:53:59 - [TEST_STEP][PASSED] - orPath_Landing = "Object Repository/RAD_Pages/Landing_Page": null

2024-10-17 14:53:59 - [TEST_STEP][PASSED] - orPath_TaxTypeFilingYear = "Object Repository/RAD_Pages/TaxTypeFilingYear_Page": null

2024-10-17 14:53:59 - [TEST_STEP][PASSED] - orPath_TaxPayer = "Object Repository/RAD_Pages/Taxpayer_Page": null

2024-10-17 14:53:59 - [TEST_STEP][PASSED] - orPath_AddressContact = "Object Repository/RAD_Pages/AddressAndContactInfo_Page": null

2024-10-17 14:53:59 - [TEST_STEP][PASSED] - orPath_FilingStatus = "Object Repository/RAD_Pages/FilingStatus_Page": null

2024-10-17 14:53:59 - [TEST_STEP][PASSED] - orPath_Amount = "Object Repository/RAD_Pages/PaymentAmount_Page": null

2024-10-17 14:53:59 - [TEST_STEP][PASSED] - selectOptionByLabel(findTestObject(orPath_Landing + "/dd_TaxType"), Paymenttype, false): All options with label 'Existing Liability with Notice/Invoice Number' are selected in object 'Object Repository/RAD_Pages/Landing_Page/dd_TaxType' 

2024-10-17 14:53:59 - [MESSAGE][PASSED] - All options with label 'Existing Liability with Notice/Invoice Number' are selected in object 'Object Repository/RAD_Pages/Landing_Page/dd_TaxType' 

2024-10-17 14:53:59 - [TEST_STEP][PASSED] - delay(1): Delayed 1 second(s)

2024-10-17 14:54:00 - [MESSAGE][PASSED] - Delayed 1 second(s)

2024-10-17 14:54:00 - [TEST_STEP][PASSED] - switch (Paymenttype): null

2024-10-17 14:54:00 - [TEST_STEP][PASSED] - delay(1): Delayed 1 second(s)

2024-10-17 14:54:01 - [MESSAGE][PASSED] - Delayed 1 second(s)

2024-10-17 14:54:01 - [TEST_STEP][PASSED] - scrollToElement(findTestObject(orPath_Amount + "/input__paymentAmount"), 3): Scroll to object 'Object Repository/RAD_Pages/PaymentAmount_Page/input__paymentAmount' successfully

2024-10-17 14:54:02 - [MESSAGE][PASSED] - Scroll to object 'Object Repository/RAD_Pages/PaymentAmount_Page/input__paymentAmount' successfully

2024-10-17 14:54:02 - [TEST_STEP][PASSED] - setText(findTestObject(orPath_AddressContact + "/input_eMailAddress"), "imtiazster@gmail.com"): Text 'imtiazster@gmail.com' is set on object 'Object Repository/RAD_Pages/AddressAndContactInfo_Page/input_eMailAddress'

2024-10-17 14:54:03 - [MESSAGE][PASSED] - Text 'imtiazster@gmail.com' is set on object 'Object Repository/RAD_Pages/AddressAndContactInfo_Page/input_eMailAddress'

2024-10-17 14:54:03 - [TEST_STEP][PASSED] - setText(findTestObject(orPath_AddressContact + "/input_reEnterEMailAddress"), "iahmed@govolution.com"): Text 'iahmed@govolution.com' is set on object 'Object Repository/RAD_Pages/AddressAndContactInfo_Page/input_reEnterEMailAddress'

2024-10-17 14:54:03 - [MESSAGE][PASSED] - Text 'iahmed@govolution.com' is set on object 'Object Repository/RAD_Pages/AddressAndContactInfo_Page/input_reEnterEMailAddress'

2024-10-17 14:54:03 - [TEST_STEP][PASSED] - delay(2): Delayed 2 second(s)

2024-10-17 14:54:05 - [MESSAGE][PASSED] - Delayed 2 second(s)

2024-10-17 14:54:05 - [TEST_STEP][PASSED] - if (verifyTextPresent("The Email and Re-enter email do not match", true)): null

2024-10-17 14:54:06 - [MESSAGE][PASSED] - Text 'The Email and Re-enter email do not match' is present on page  using regular expression

2024-10-17 14:54:06 - [TEST_STEP][PASSED] - println("Emails Dont match text is present"): null

2024-10-17 14:54:06 - [TEST_STEP][PASSED] - out.println("Pass Record Number: " + row): null

2024-10-17 14:54:06 - [TEST_STEP][PASSED] - resText = "Pass": null

2024-10-17 14:54:06 - [TEST_STEP][PASSED] - pages.WriteExcel.demoKey(resText, datText, resColumn, datCloumn, fileLoc, nameSheet, row): pages.WriteExcel.demoKey is PASSED

2024-10-17 14:54:06 - [MESSAGE][PASSED] - pages.WriteExcel.demoKey is PASSED

2024-10-17 14:54:06 - [TEST_STEP][PASSED] - ExecuteTC = findTestData(dataFile).getValue("Execute", row): null

2024-10-17 14:54:06 - [TEST_STEP][PASSED] - Taxtype = findTestData(dataFile).getValue("TaxType", row): null

2024-10-17 14:54:06 - [TEST_STEP][PASSED] - Paymenttype = findTestData(dataFile).getValue("PaymentType", row): null

2024-10-17 14:54:06 - [TEST_STEP][PASSED] - out.println("Value of Execute is : " + ExecuteTC): null

2024-10-17 14:54:06 - [TEST_STEP][PASSED] - if (ExecuteTC.equalsIgnoreCase("Y")): null

2024-10-17 14:54:06 - [TEST_STEP][PASSED] - out.println("Begin Record Number: " + row): null

2024-10-17 14:54:06 - [TEST_STEP][PASSED] - today = new java.util.Date(): null

2024-10-17 14:54:06 - [TEST_STEP][PASSED] - println(today): null

2024-10-17 14:54:06 - [TEST_STEP][PASSED] - datText = today: null

2024-10-17 14:54:06 - [TEST_STEP][PASSED] - Taxtype = findTestData(dataFile).getValue("TaxType", row): null

2024-10-17 14:54:06 - [TEST_STEP][PASSED] - out.println("Taxtype value is : " + Taxtype): null

2024-10-17 14:54:06 - [TEST_STEP][PASSED] - openBrowser(""): Browser is opened with url: ''

2024-10-17 14:54:06 - [MESSAGE][WARNING] - A browser is already opened. Closing browser and opening a new one

2024-10-17 14:54:07 - [MESSAGE][INFO] - Starting 'Chrome' driver

2024-10-17 14:54:07 - [MESSAGE][INFO] - User set preference: ['acceptInsecureCerts', 'true']

2024-10-17 14:54:07 - [MESSAGE][INFO] - Action delay is set to 0 milliseconds

2024-10-17 14:54:09 - [MESSAGE][PASSED] - Browser is opened with url: ''

2024-10-17 14:54:09 - [TEST_STEP][PASSED] - maximizeWindow(): Current window maximized

2024-10-17 14:54:09 - [MESSAGE][PASSED] - Current window maximized

2024-10-17 14:54:09 - [TEST_STEP][PASSED] - navigateToUrl(RADurl): Navigate to 'https://demo.velocitypayment.com/client/rad/index.html' successfully

2024-10-17 14:54:11 - [MESSAGE][PASSED] - Navigate to 'https://demo.velocitypayment.com/client/rad/index.html' successfully

2024-10-17 14:54:11 - [TEST_STEP][PASSED] - orPath_Landing = "Object Repository/RAD_Pages/Landing_Page": null

2024-10-17 14:54:11 - [TEST_STEP][PASSED] - orPath_TaxTypeFilingYear = "Object Repository/RAD_Pages/TaxTypeFilingYear_Page": null

2024-10-17 14:54:11 - [TEST_STEP][PASSED] - orPath_TaxPayer = "Object Repository/RAD_Pages/Taxpayer_Page": null

2024-10-17 14:54:11 - [TEST_STEP][PASSED] - orPath_AddressContact = "Object Repository/RAD_Pages/AddressAndContactInfo_Page": null

2024-10-17 14:54:11 - [TEST_STEP][PASSED] - orPath_FilingStatus = "Object Repository/RAD_Pages/FilingStatus_Page": null

2024-10-17 14:54:11 - [TEST_STEP][PASSED] - orPath_Amount = "Object Repository/RAD_Pages/PaymentAmount_Page": null

2024-10-17 14:54:11 - [TEST_STEP][PASSED] - selectOptionByLabel(findTestObject(orPath_Landing + "/dd_TaxType"), Paymenttype, false): All options with label 'New Tax Return Amount Due' are selected in object 'Object Repository/RAD_Pages/Landing_Page/dd_TaxType' 

2024-10-17 14:54:12 - [MESSAGE][PASSED] - All options with label 'New Tax Return Amount Due' are selected in object 'Object Repository/RAD_Pages/Landing_Page/dd_TaxType' 

2024-10-17 14:54:12 - [TEST_STEP][PASSED] - delay(1): Delayed 1 second(s)

2024-10-17 14:54:13 - [MESSAGE][PASSED] - Delayed 1 second(s)

2024-10-17 14:54:13 - [TEST_STEP][PASSED] - switch (Paymenttype): null

2024-10-17 14:54:13 - [TEST_STEP][PASSED] - case "New Tax Return Amount Due":: null

2024-10-17 14:54:13 - [TEST_STEP][PASSED] - selectOptionByLabel(findTestObject("Object Repository/RAD_Pages/Landing_Page/select_NewTaxReturnAmountDue_TaxType"), Taxtype, false): All options with label 'Admissions and Amusement Tax' are selected in object 'Object Repository/RAD_Pages/Landing_Page/select_NewTaxReturnAmountDue_TaxType' 

2024-10-17 14:54:13 - [MESSAGE][PASSED] - All options with label 'Admissions and Amusement Tax' are selected in object 'Object Repository/RAD_Pages/Landing_Page/select_NewTaxReturnAmountDue_TaxType' 

2024-10-17 14:54:13 - [TEST_STEP][PASSED] - break: null

2024-10-17 14:54:13 - [TEST_STEP][PASSED] - delay(1): Delayed 1 second(s)

2024-10-17 14:54:14 - [MESSAGE][PASSED] - Delayed 1 second(s)

2024-10-17 14:54:14 - [TEST_STEP][PASSED] - scrollToElement(findTestObject(orPath_Amount + "/input__paymentAmount"), 3): Scroll to object 'Object Repository/RAD_Pages/PaymentAmount_Page/input__paymentAmount' successfully

2024-10-17 14:54:15 - [MESSAGE][PASSED] - Scroll to object 'Object Repository/RAD_Pages/PaymentAmount_Page/input__paymentAmount' successfully

2024-10-17 14:54:15 - [TEST_STEP][PASSED] - setText(findTestObject(orPath_AddressContact + "/input_eMailAddress"), "imtiazster@gmail.com"): Text 'imtiazster@gmail.com' is set on object 'Object Repository/RAD_Pages/AddressAndContactInfo_Page/input_eMailAddress'

2024-10-17 14:54:15 - [MESSAGE][PASSED] - Text 'imtiazster@gmail.com' is set on object 'Object Repository/RAD_Pages/AddressAndContactInfo_Page/input_eMailAddress'

2024-10-17 14:54:15 - [TEST_STEP][PASSED] - setText(findTestObject(orPath_AddressContact + "/input_reEnterEMailAddress"), "iahmed@govolution.com"): Text 'iahmed@govolution.com' is set on object 'Object Repository/RAD_Pages/AddressAndContactInfo_Page/input_reEnterEMailAddress'

2024-10-17 14:54:16 - [MESSAGE][PASSED] - Text 'iahmed@govolution.com' is set on object 'Object Repository/RAD_Pages/AddressAndContactInfo_Page/input_reEnterEMailAddress'

2024-10-17 14:54:16 - [TEST_STEP][PASSED] - delay(2): Delayed 2 second(s)

2024-10-17 14:54:18 - [MESSAGE][PASSED] - Delayed 2 second(s)

2024-10-17 14:54:18 - [TEST_STEP][PASSED] - if (verifyTextPresent("The Email and Re-enter email do not match", true)): null

2024-10-17 14:54:19 - [MESSAGE][PASSED] - Text 'The Email and Re-enter email do not match' is present on page  using regular expression

2024-10-17 14:54:19 - [TEST_STEP][PASSED] - println("Emails Dont match text is present"): null

2024-10-17 14:54:19 - [TEST_STEP][PASSED] - out.println("Pass Record Number: " + row): null

2024-10-17 14:54:19 - [TEST_STEP][PASSED] - resText = "Pass": null

2024-10-17 14:54:19 - [TEST_STEP][PASSED] - pages.WriteExcel.demoKey(resText, datText, resColumn, datCloumn, fileLoc, nameSheet, row): pages.WriteExcel.demoKey is PASSED

2024-10-17 14:54:19 - [MESSAGE][PASSED] - pages.WriteExcel.demoKey is PASSED

2024-10-17 14:54:19 - [TEST_STEP][PASSED] - ExecuteTC = findTestData(dataFile).getValue("Execute", row): null

2024-10-17 14:54:19 - [TEST_STEP][PASSED] - Taxtype = findTestData(dataFile).getValue("TaxType", row): null

2024-10-17 14:54:19 - [TEST_STEP][PASSED] - Paymenttype = findTestData(dataFile).getValue("PaymentType", row): null

2024-10-17 14:54:19 - [TEST_STEP][PASSED] - out.println("Value of Execute is : " + ExecuteTC): null

2024-10-17 14:54:19 - [TEST_STEP][PASSED] - if (ExecuteTC.equalsIgnoreCase("Y")): null

2024-10-17 14:54:19 - [TEST_STEP][PASSED] - out.println("Begin Record Number: " + row): null

2024-10-17 14:54:19 - [TEST_STEP][PASSED] - today = new java.util.Date(): null

2024-10-17 14:54:19 - [TEST_STEP][PASSED] - println(today): null

2024-10-17 14:54:19 - [TEST_STEP][PASSED] - datText = today: null

2024-10-17 14:54:19 - [TEST_STEP][PASSED] - Taxtype = findTestData(dataFile).getValue("TaxType", row): null

2024-10-17 14:54:19 - [TEST_STEP][PASSED] - out.println("Taxtype value is : " + Taxtype): null

2024-10-17 14:54:19 - [TEST_STEP][PASSED] - openBrowser(""): Browser is opened with url: ''

2024-10-17 14:54:19 - [MESSAGE][WARNING] - A browser is already opened. Closing browser and opening a new one

2024-10-17 14:54:20 - [MESSAGE][INFO] - Starting 'Chrome' driver

2024-10-17 14:54:20 - [MESSAGE][INFO] - User set preference: ['acceptInsecureCerts', 'true']

2024-10-17 14:54:20 - [MESSAGE][INFO] - Action delay is set to 0 milliseconds

2024-10-17 14:54:22 - [MESSAGE][PASSED] - Browser is opened with url: ''

2024-10-17 14:54:22 - [TEST_STEP][PASSED] - maximizeWindow(): Current window maximized

2024-10-17 14:54:22 - [MESSAGE][PASSED] - Current window maximized

2024-10-17 14:54:22 - [TEST_STEP][PASSED] - navigateToUrl(RADurl): Navigate to 'https://demo.velocitypayment.com/client/rad/index.html' successfully

2024-10-17 14:54:22 - [MESSAGE][PASSED] - Navigate to 'https://demo.velocitypayment.com/client/rad/index.html' successfully

2024-10-17 14:54:22 - [TEST_STEP][PASSED] - orPath_Landing = "Object Repository/RAD_Pages/Landing_Page": null

2024-10-17 14:54:22 - [TEST_STEP][PASSED] - orPath_TaxTypeFilingYear = "Object Repository/RAD_Pages/TaxTypeFilingYear_Page": null

2024-10-17 14:54:22 - [TEST_STEP][PASSED] - orPath_TaxPayer = "Object Repository/RAD_Pages/Taxpayer_Page": null

2024-10-17 14:54:22 - [TEST_STEP][PASSED] - orPath_AddressContact = "Object Repository/RAD_Pages/AddressAndContactInfo_Page": null

2024-10-17 14:54:22 - [TEST_STEP][PASSED] - orPath_FilingStatus = "Object Repository/RAD_Pages/FilingStatus_Page": null

2024-10-17 14:54:22 - [TEST_STEP][PASSED] - orPath_Amount = "Object Repository/RAD_Pages/PaymentAmount_Page": null

2024-10-17 14:54:22 - [TEST_STEP][PASSED] - selectOptionByLabel(findTestObject(orPath_Landing + "/dd_TaxType"), Paymenttype, false): All options with label 'New Tax Return Amount Due' are selected in object 'Object Repository/RAD_Pages/Landing_Page/dd_TaxType' 

2024-10-17 14:54:24 - [MESSAGE][PASSED] - All options with label 'New Tax Return Amount Due' are selected in object 'Object Repository/RAD_Pages/Landing_Page/dd_TaxType' 

2024-10-17 14:54:24 - [TEST_STEP][PASSED] - delay(1): Delayed 1 second(s)

2024-10-17 14:54:25 - [MESSAGE][PASSED] - Delayed 1 second(s)

2024-10-17 14:54:25 - [TEST_STEP][PASSED] - switch (Paymenttype): null

2024-10-17 14:54:25 - [TEST_STEP][PASSED] - case "New Tax Return Amount Due":: null

2024-10-17 14:54:25 - [TEST_STEP][PASSED] - selectOptionByLabel(findTestObject("Object Repository/RAD_Pages/Landing_Page/select_NewTaxReturnAmountDue_TaxType"), Taxtype, false): All options with label 'Alcohol Tax' are selected in object 'Object Repository/RAD_Pages/Landing_Page/select_NewTaxReturnAmountDue_TaxType' 

2024-10-17 14:54:26 - [MESSAGE][PASSED] - All options with label 'Alcohol Tax' are selected in object 'Object Repository/RAD_Pages/Landing_Page/select_NewTaxReturnAmountDue_TaxType' 

2024-10-17 14:54:26 - [TEST_STEP][PASSED] - break: null

2024-10-17 14:54:26 - [TEST_STEP][PASSED] - delay(1): Delayed 1 second(s)

2024-10-17 14:54:27 - [MESSAGE][PASSED] - Delayed 1 second(s)

2024-10-17 14:54:27 - [TEST_STEP][PASSED] - scrollToElement(findTestObject(orPath_Amount + "/input__paymentAmount"), 3): Scroll to object 'Object Repository/RAD_Pages/PaymentAmount_Page/input__paymentAmount' successfully

2024-10-17 14:54:27 - [MESSAGE][PASSED] - Scroll to object 'Object Repository/RAD_Pages/PaymentAmount_Page/input__paymentAmount' successfully

2024-10-17 14:54:27 - [TEST_STEP][PASSED] - setText(findTestObject(orPath_AddressContact + "/input_eMailAddress"), "imtiazster@gmail.com"): Text 'imtiazster@gmail.com' is set on object 'Object Repository/RAD_Pages/AddressAndContactInfo_Page/input_eMailAddress'

2024-10-17 14:54:28 - [MESSAGE][PASSED] - Text 'imtiazster@gmail.com' is set on object 'Object Repository/RAD_Pages/AddressAndContactInfo_Page/input_eMailAddress'

2024-10-17 14:54:28 - [TEST_STEP][PASSED] - setText(findTestObject(orPath_AddressContact + "/input_reEnterEMailAddress"), "iahmed@govolution.com"): Text 'iahmed@govolution.com' is set on object 'Object Repository/RAD_Pages/AddressAndContactInfo_Page/input_reEnterEMailAddress'

2024-10-17 14:54:29 - [MESSAGE][PASSED] - Text 'iahmed@govolution.com' is set on object 'Object Repository/RAD_Pages/AddressAndContactInfo_Page/input_reEnterEMailAddress'

2024-10-17 14:54:29 - [TEST_STEP][PASSED] - delay(2): Delayed 2 second(s)

2024-10-17 14:54:31 - [MESSAGE][PASSED] - Delayed 2 second(s)

2024-10-17 14:54:31 - [TEST_STEP][PASSED] - if (verifyTextPresent("The Email and Re-enter email do not match", true)): null

2024-10-17 14:54:31 - [MESSAGE][PASSED] - Text 'The Email and Re-enter email do not match' is present on page  using regular expression

2024-10-17 14:54:31 - [TEST_STEP][PASSED] - println("Emails Dont match text is present"): null

2024-10-17 14:54:31 - [TEST_STEP][PASSED] - out.println("Pass Record Number: " + row): null

2024-10-17 14:54:31 - [TEST_STEP][PASSED] - resText = "Pass": null

2024-10-17 14:54:31 - [TEST_STEP][PASSED] - pages.WriteExcel.demoKey(resText, datText, resColumn, datCloumn, fileLoc, nameSheet, row): pages.WriteExcel.demoKey is PASSED

2024-10-17 14:54:31 - [MESSAGE][PASSED] - pages.WriteExcel.demoKey is PASSED

2024-10-17 14:54:31 - [TEST_STEP][PASSED] - ExecuteTC = findTestData(dataFile).getValue("Execute", row): null

2024-10-17 14:54:31 - [TEST_STEP][PASSED] - Taxtype = findTestData(dataFile).getValue("TaxType", row): null

2024-10-17 14:54:31 - [TEST_STEP][PASSED] - Paymenttype = findTestData(dataFile).getValue("PaymentType", row): null

2024-10-17 14:54:31 - [TEST_STEP][PASSED] - out.println("Value of Execute is : " + ExecuteTC): null

2024-10-17 14:54:31 - [TEST_STEP][PASSED] - if (ExecuteTC.equalsIgnoreCase("Y")): null

2024-10-17 14:54:31 - [TEST_STEP][PASSED] - out.println("Begin Record Number: " + row): null

2024-10-17 14:54:31 - [TEST_STEP][PASSED] - today = new java.util.Date(): null

2024-10-17 14:54:31 - [TEST_STEP][PASSED] - println(today): null

2024-10-17 14:54:31 - [TEST_STEP][PASSED] - datText = today: null

2024-10-17 14:54:31 - [TEST_STEP][PASSED] - Taxtype = findTestData(dataFile).getValue("TaxType", row): null

2024-10-17 14:54:31 - [TEST_STEP][PASSED] - out.println("Taxtype value is : " + Taxtype): null

2024-10-17 14:54:31 - [TEST_STEP][PASSED] - openBrowser(""): Browser is opened with url: ''

2024-10-17 14:54:31 - [MESSAGE][WARNING] - A browser is already opened. Closing browser and opening a new one

2024-10-17 14:54:33 - [MESSAGE][INFO] - Starting 'Chrome' driver

2024-10-17 14:54:33 - [MESSAGE][INFO] - User set preference: ['acceptInsecureCerts', 'true']

2024-10-17 14:54:33 - [MESSAGE][INFO] - Action delay is set to 0 milliseconds

2024-10-17 14:54:35 - [MESSAGE][PASSED] - Browser is opened with url: ''

2024-10-17 14:54:35 - [TEST_STEP][PASSED] - maximizeWindow(): Current window maximized

2024-10-17 14:54:35 - [MESSAGE][PASSED] - Current window maximized

2024-10-17 14:54:35 - [TEST_STEP][PASSED] - navigateToUrl(RADurl): Navigate to 'https://demo.velocitypayment.com/client/rad/index.html' successfully

2024-10-17 14:54:35 - [MESSAGE][PASSED] - Navigate to 'https://demo.velocitypayment.com/client/rad/index.html' successfully

2024-10-17 14:54:35 - [TEST_STEP][PASSED] - orPath_Landing = "Object Repository/RAD_Pages/Landing_Page": null

2024-10-17 14:54:35 - [TEST_STEP][PASSED] - orPath_TaxTypeFilingYear = "Object Repository/RAD_Pages/TaxTypeFilingYear_Page": null

2024-10-17 14:54:35 - [TEST_STEP][PASSED] - orPath_TaxPayer = "Object Repository/RAD_Pages/Taxpayer_Page": null

2024-10-17 14:54:35 - [TEST_STEP][PASSED] - orPath_AddressContact = "Object Repository/RAD_Pages/AddressAndContactInfo_Page": null

2024-10-17 14:54:35 - [TEST_STEP][PASSED] - orPath_FilingStatus = "Object Repository/RAD_Pages/FilingStatus_Page": null

2024-10-17 14:54:35 - [TEST_STEP][PASSED] - orPath_Amount = "Object Repository/RAD_Pages/PaymentAmount_Page": null

2024-10-17 14:54:35 - [TEST_STEP][PASSED] - selectOptionByLabel(findTestObject(orPath_Landing + "/dd_TaxType"), Paymenttype, false): All options with label 'New Tax Return Amount Due' are selected in object 'Object Repository/RAD_Pages/Landing_Page/dd_TaxType' 

2024-10-17 14:54:37 - [MESSAGE][PASSED] - All options with label 'New Tax Return Amount Due' are selected in object 'Object Repository/RAD_Pages/Landing_Page/dd_TaxType' 

2024-10-17 14:54:37 - [TEST_STEP][PASSED] - delay(1): Delayed 1 second(s)

2024-10-17 14:54:38 - [MESSAGE][PASSED] - Delayed 1 second(s)

2024-10-17 14:54:38 - [TEST_STEP][PASSED] - switch (Paymenttype): null

2024-10-17 14:54:38 - [TEST_STEP][PASSED] - case "New Tax Return Amount Due":: null

2024-10-17 14:54:38 - [TEST_STEP][PASSED] - selectOptionByLabel(findTestObject("Object Repository/RAD_Pages/Landing_Page/select_NewTaxReturnAmountDue_TaxType"), Taxtype, false): All options with label 'Bay Restoration Fee' are selected in object 'Object Repository/RAD_Pages/Landing_Page/select_NewTaxReturnAmountDue_TaxType' 

2024-10-17 14:54:39 - [MESSAGE][PASSED] - All options with label 'Bay Restoration Fee' are selected in object 'Object Repository/RAD_Pages/Landing_Page/select_NewTaxReturnAmountDue_TaxType' 

2024-10-17 14:54:39 - [TEST_STEP][PASSED] - break: null

2024-10-17 14:54:39 - [TEST_STEP][PASSED] - delay(1): Delayed 1 second(s)

2024-10-17 14:54:40 - [MESSAGE][PASSED] - Delayed 1 second(s)

2024-10-17 14:54:40 - [TEST_STEP][PASSED] - scrollToElement(findTestObject(orPath_Amount + "/input__paymentAmount"), 3): Scroll to object 'Object Repository/RAD_Pages/PaymentAmount_Page/input__paymentAmount' successfully

2024-10-17 14:54:40 - [MESSAGE][PASSED] - Scroll to object 'Object Repository/RAD_Pages/PaymentAmount_Page/input__paymentAmount' successfully

2024-10-17 14:54:40 - [TEST_STEP][PASSED] - setText(findTestObject(orPath_AddressContact + "/input_eMailAddress"), "imtiazster@gmail.com"): Text 'imtiazster@gmail.com' is set on object 'Object Repository/RAD_Pages/AddressAndContactInfo_Page/input_eMailAddress'

2024-10-17 14:54:41 - [MESSAGE][PASSED] - Text 'imtiazster@gmail.com' is set on object 'Object Repository/RAD_Pages/AddressAndContactInfo_Page/input_eMailAddress'

2024-10-17 14:54:41 - [TEST_STEP][PASSED] - setText(findTestObject(orPath_AddressContact + "/input_reEnterEMailAddress"), "iahmed@govolution.com"): Text 'iahmed@govolution.com' is set on object 'Object Repository/RAD_Pages/AddressAndContactInfo_Page/input_reEnterEMailAddress'

2024-10-17 14:54:42 - [MESSAGE][PASSED] - Text 'iahmed@govolution.com' is set on object 'Object Repository/RAD_Pages/AddressAndContactInfo_Page/input_reEnterEMailAddress'

2024-10-17 14:54:42 - [TEST_STEP][PASSED] - delay(2): Delayed 2 second(s)

2024-10-17 14:54:44 - [MESSAGE][PASSED] - Delayed 2 second(s)

2024-10-17 14:54:44 - [TEST_STEP][PASSED] - if (verifyTextPresent("The Email and Re-enter email do not match", true)): null

2024-10-17 14:54:44 - [MESSAGE][PASSED] - Text 'The Email and Re-enter email do not match' is present on page  using regular expression

2024-10-17 14:54:44 - [TEST_STEP][PASSED] - println("Emails Dont match text is present"): null

2024-10-17 14:54:44 - [TEST_STEP][PASSED] - out.println("Pass Record Number: " + row): null

2024-10-17 14:54:44 - [TEST_STEP][PASSED] - resText = "Pass": null

2024-10-17 14:54:44 - [TEST_STEP][PASSED] - pages.WriteExcel.demoKey(resText, datText, resColumn, datCloumn, fileLoc, nameSheet, row): pages.WriteExcel.demoKey is PASSED

2024-10-17 14:54:45 - [MESSAGE][PASSED] - pages.WriteExcel.demoKey is PASSED

2024-10-17 14:54:45 - [TEST_STEP][PASSED] - ExecuteTC = findTestData(dataFile).getValue("Execute", row): null

2024-10-17 14:54:45 - [TEST_STEP][PASSED] - Taxtype = findTestData(dataFile).getValue("TaxType", row): null

2024-10-17 14:54:45 - [TEST_STEP][PASSED] - Paymenttype = findTestData(dataFile).getValue("PaymentType", row): null

2024-10-17 14:54:45 - [TEST_STEP][PASSED] - out.println("Value of Execute is : " + ExecuteTC): null

2024-10-17 14:54:45 - [TEST_STEP][PASSED] - if (ExecuteTC.equalsIgnoreCase("Y")): null

2024-10-17 14:54:45 - [TEST_STEP][PASSED] - out.println("Begin Record Number: " + row): null

2024-10-17 14:54:45 - [TEST_STEP][PASSED] - today = new java.util.Date(): null

2024-10-17 14:54:45 - [TEST_STEP][PASSED] - println(today): null

2024-10-17 14:54:45 - [TEST_STEP][PASSED] - datText = today: null

2024-10-17 14:54:45 - [TEST_STEP][PASSED] - Taxtype = findTestData(dataFile).getValue("TaxType", row): null

2024-10-17 14:54:45 - [TEST_STEP][PASSED] - out.println("Taxtype value is : " + Taxtype): null

2024-10-17 14:54:45 - [TEST_STEP][PASSED] - openBrowser(""): Browser is opened with url: ''

2024-10-17 14:54:45 - [MESSAGE][WARNING] - A browser is already opened. Closing browser and opening a new one

2024-10-17 14:54:47 - [MESSAGE][INFO] - Starting 'Chrome' driver

2024-10-17 14:54:47 - [MESSAGE][INFO] - User set preference: ['acceptInsecureCerts', 'true']

2024-10-17 14:54:47 - [MESSAGE][INFO] - Action delay is set to 0 milliseconds

2024-10-17 14:54:49 - [MESSAGE][PASSED] - Browser is opened with url: ''

2024-10-17 14:54:49 - [TEST_STEP][PASSED] - maximizeWindow(): Current window maximized

2024-10-17 14:54:49 - [MESSAGE][PASSED] - Current window maximized

2024-10-17 14:54:49 - [TEST_STEP][PASSED] - navigateToUrl(RADurl): Navigate to 'https://demo.velocitypayment.com/client/rad/index.html' successfully

2024-10-17 14:54:51 - [MESSAGE][PASSED] - Navigate to 'https://demo.velocitypayment.com/client/rad/index.html' successfully

2024-10-17 14:54:51 - [TEST_STEP][PASSED] - orPath_Landing = "Object Repository/RAD_Pages/Landing_Page": null

2024-10-17 14:54:51 - [TEST_STEP][PASSED] - orPath_TaxTypeFilingYear = "Object Repository/RAD_Pages/TaxTypeFilingYear_Page": null

2024-10-17 14:54:51 - [TEST_STEP][PASSED] - orPath_TaxPayer = "Object Repository/RAD_Pages/Taxpayer_Page": null

2024-10-17 14:54:51 - [TEST_STEP][PASSED] - orPath_AddressContact = "Object Repository/RAD_Pages/AddressAndContactInfo_Page": null

2024-10-17 14:54:51 - [TEST_STEP][PASSED] - orPath_FilingStatus = "Object Repository/RAD_Pages/FilingStatus_Page": null

2024-10-17 14:54:51 - [TEST_STEP][PASSED] - orPath_Amount = "Object Repository/RAD_Pages/PaymentAmount_Page": null

2024-10-17 14:54:51 - [TEST_STEP][PASSED] - selectOptionByLabel(findTestObject(orPath_Landing + "/dd_TaxType"), Paymenttype, false): All options with label 'New Tax Return Amount Due' are selected in object 'Object Repository/RAD_Pages/Landing_Page/dd_TaxType' 

2024-10-17 14:54:51 - [MESSAGE][PASSED] - All options with label 'New Tax Return Amount Due' are selected in object 'Object Repository/RAD_Pages/Landing_Page/dd_TaxType' 

2024-10-17 14:54:51 - [TEST_STEP][PASSED] - delay(1): Delayed 1 second(s)

2024-10-17 14:54:52 - [MESSAGE][PASSED] - Delayed 1 second(s)

2024-10-17 14:54:52 - [TEST_STEP][PASSED] - switch (Paymenttype): null

2024-10-17 14:54:52 - [TEST_STEP][PASSED] - case "New Tax Return Amount Due":: null

2024-10-17 14:54:52 - [TEST_STEP][PASSED] - selectOptionByLabel(findTestObject("Object Repository/RAD_Pages/Landing_Page/select_NewTaxReturnAmountDue_TaxType"), Taxtype, false): All options with label 'Corporate Income Tax' are selected in object 'Object Repository/RAD_Pages/Landing_Page/select_NewTaxReturnAmountDue_TaxType' 

2024-10-17 14:54:53 - [MESSAGE][PASSED] - All options with label 'Corporate Income Tax' are selected in object 'Object Repository/RAD_Pages/Landing_Page/select_NewTaxReturnAmountDue_TaxType' 

2024-10-17 14:54:53 - [TEST_STEP][PASSED] - break: null

2024-10-17 14:54:53 - [TEST_STEP][PASSED] - delay(1): Delayed 1 second(s)

2024-10-17 14:54:54 - [MESSAGE][PASSED] - Delayed 1 second(s)

2024-10-17 14:54:54 - [TEST_STEP][PASSED] - scrollToElement(findTestObject(orPath_Amount + "/input__paymentAmount"), 3): Scroll to object 'Object Repository/RAD_Pages/PaymentAmount_Page/input__paymentAmount' successfully

2024-10-17 14:54:54 - [MESSAGE][PASSED] - Scroll to object 'Object Repository/RAD_Pages/PaymentAmount_Page/input__paymentAmount' successfully

2024-10-17 14:54:54 - [TEST_STEP][PASSED] - setText(findTestObject(orPath_AddressContact + "/input_eMailAddress"), "imtiazster@gmail.com"): Text 'imtiazster@gmail.com' is set on object 'Object Repository/RAD_Pages/AddressAndContactInfo_Page/input_eMailAddress'

2024-10-17 14:54:55 - [MESSAGE][PASSED] - Text 'imtiazster@gmail.com' is set on object 'Object Repository/RAD_Pages/AddressAndContactInfo_Page/input_eMailAddress'

2024-10-17 14:54:55 - [TEST_STEP][PASSED] - setText(findTestObject(orPath_AddressContact + "/input_reEnterEMailAddress"), "iahmed@govolution.com"): Text 'iahmed@govolution.com' is set on object 'Object Repository/RAD_Pages/AddressAndContactInfo_Page/input_reEnterEMailAddress'

2024-10-17 14:54:56 - [MESSAGE][PASSED] - Text 'iahmed@govolution.com' is set on object 'Object Repository/RAD_Pages/AddressAndContactInfo_Page/input_reEnterEMailAddress'

2024-10-17 14:54:56 - [TEST_STEP][PASSED] - delay(2): Delayed 2 second(s)

2024-10-17 14:54:58 - [MESSAGE][PASSED] - Delayed 2 second(s)

2024-10-17 14:54:58 - [TEST_STEP][PASSED] - if (verifyTextPresent("The Email and Re-enter email do not match", true)): null

2024-10-17 14:54:58 - [MESSAGE][PASSED] - Text 'The Email and Re-enter email do not match' is present on page  using regular expression

2024-10-17 14:54:58 - [TEST_STEP][PASSED] - println("Emails Dont match text is present"): null

2024-10-17 14:54:58 - [TEST_STEP][PASSED] - out.println("Pass Record Number: " + row): null

2024-10-17 14:54:58 - [TEST_STEP][PASSED] - resText = "Pass": null

2024-10-17 14:54:58 - [TEST_STEP][PASSED] - pages.WriteExcel.demoKey(resText, datText, resColumn, datCloumn, fileLoc, nameSheet, row): pages.WriteExcel.demoKey is PASSED

2024-10-17 14:54:58 - [MESSAGE][PASSED] - pages.WriteExcel.demoKey is PASSED

2024-10-17 14:54:58 - [TEST_STEP][PASSED] - ExecuteTC = findTestData(dataFile).getValue("Execute", row): null

2024-10-17 14:54:58 - [TEST_STEP][PASSED] - Taxtype = findTestData(dataFile).getValue("TaxType", row): null

2024-10-17 14:54:58 - [TEST_STEP][PASSED] - Paymenttype = findTestData(dataFile).getValue("PaymentType", row): null

2024-10-17 14:54:59 - [TEST_STEP][PASSED] - out.println("Value of Execute is : " + ExecuteTC): null

2024-10-17 14:54:59 - [TEST_STEP][PASSED] - if (ExecuteTC.equalsIgnoreCase("Y")): null

2024-10-17 14:54:59 - [TEST_STEP][PASSED] - out.println("Begin Record Number: " + row): null

2024-10-17 14:54:59 - [TEST_STEP][PASSED] - today = new java.util.Date(): null

2024-10-17 14:54:59 - [TEST_STEP][PASSED] - println(today): null

2024-10-17 14:54:59 - [TEST_STEP][PASSED] - datText = today: null

2024-10-17 14:54:59 - [TEST_STEP][PASSED] - Taxtype = findTestData(dataFile).getValue("TaxType", row): null

2024-10-17 14:54:59 - [TEST_STEP][PASSED] - out.println("Taxtype value is : " + Taxtype): null

2024-10-17 14:54:59 - [TEST_STEP][PASSED] - openBrowser(""): Browser is opened with url: ''

2024-10-17 14:54:59 - [MESSAGE][WARNING] - A browser is already opened. Closing browser and opening a new one

2024-10-17 14:55:00 - [MESSAGE][INFO] - Starting 'Chrome' driver

2024-10-17 14:55:00 - [MESSAGE][INFO] - User set preference: ['acceptInsecureCerts', 'true']

2024-10-17 14:55:00 - [MESSAGE][INFO] - Action delay is set to 0 milliseconds

2024-10-17 14:55:02 - [MESSAGE][PASSED] - Browser is opened with url: ''

2024-10-17 14:55:02 - [TEST_STEP][PASSED] - maximizeWindow(): Current window maximized

2024-10-17 14:55:02 - [MESSAGE][PASSED] - Current window maximized

2024-10-17 14:55:02 - [TEST_STEP][PASSED] - navigateToUrl(RADurl): Navigate to 'https://demo.velocitypayment.com/client/rad/index.html' successfully

2024-10-17 14:55:03 - [MESSAGE][PASSED] - Navigate to 'https://demo.velocitypayment.com/client/rad/index.html' successfully

2024-10-17 14:55:03 - [TEST_STEP][PASSED] - orPath_Landing = "Object Repository/RAD_Pages/Landing_Page": null

2024-10-17 14:55:03 - [TEST_STEP][PASSED] - orPath_TaxTypeFilingYear = "Object Repository/RAD_Pages/TaxTypeFilingYear_Page": null

2024-10-17 14:55:03 - [TEST_STEP][PASSED] - orPath_TaxPayer = "Object Repository/RAD_Pages/Taxpayer_Page": null

2024-10-17 14:55:03 - [TEST_STEP][PASSED] - orPath_AddressContact = "Object Repository/RAD_Pages/AddressAndContactInfo_Page": null

2024-10-17 14:55:03 - [TEST_STEP][PASSED] - orPath_FilingStatus = "Object Repository/RAD_Pages/FilingStatus_Page": null

2024-10-17 14:55:03 - [TEST_STEP][PASSED] - orPath_Amount = "Object Repository/RAD_Pages/PaymentAmount_Page": null

2024-10-17 14:55:03 - [TEST_STEP][PASSED] - selectOptionByLabel(findTestObject(orPath_Landing + "/dd_TaxType"), Paymenttype, false): All options with label 'New Tax Return Amount Due' are selected in object 'Object Repository/RAD_Pages/Landing_Page/dd_TaxType' 

2024-10-17 14:55:04 - [MESSAGE][PASSED] - All options with label 'New Tax Return Amount Due' are selected in object 'Object Repository/RAD_Pages/Landing_Page/dd_TaxType' 

2024-10-17 14:55:04 - [TEST_STEP][PASSED] - delay(1): Delayed 1 second(s)

2024-10-17 14:55:05 - [MESSAGE][PASSED] - Delayed 1 second(s)

2024-10-17 14:55:05 - [TEST_STEP][PASSED] - switch (Paymenttype): null

2024-10-17 14:55:05 - [TEST_STEP][PASSED] - case "New Tax Return Amount Due":: null

2024-10-17 14:55:05 - [TEST_STEP][PASSED] - selectOptionByLabel(findTestObject("Object Repository/RAD_Pages/Landing_Page/select_NewTaxReturnAmountDue_TaxType"), Taxtype, false): All options with label 'Estate Tax' are selected in object 'Object Repository/RAD_Pages/Landing_Page/select_NewTaxReturnAmountDue_TaxType' 

2024-10-17 14:55:06 - [MESSAGE][PASSED] - All options with label 'Estate Tax' are selected in object 'Object Repository/RAD_Pages/Landing_Page/select_NewTaxReturnAmountDue_TaxType' 

2024-10-17 14:55:06 - [TEST_STEP][PASSED] - break: null

2024-10-17 14:55:06 - [TEST_STEP][PASSED] - delay(1): Delayed 1 second(s)

2024-10-17 14:55:07 - [MESSAGE][PASSED] - Delayed 1 second(s)

2024-10-17 14:55:07 - [TEST_STEP][PASSED] - scrollToElement(findTestObject(orPath_Amount + "/input__paymentAmount"), 3): Scroll to object 'Object Repository/RAD_Pages/PaymentAmount_Page/input__paymentAmount' successfully

2024-10-17 14:55:07 - [MESSAGE][PASSED] - Scroll to object 'Object Repository/RAD_Pages/PaymentAmount_Page/input__paymentAmount' successfully

2024-10-17 14:55:07 - [TEST_STEP][PASSED] - setText(findTestObject(orPath_AddressContact + "/input_eMailAddress"), "imtiazster@gmail.com"): Text 'imtiazster@gmail.com' is set on object 'Object Repository/RAD_Pages/AddressAndContactInfo_Page/input_eMailAddress'

2024-10-17 14:55:08 - [MESSAGE][PASSED] - Text 'imtiazster@gmail.com' is set on object 'Object Repository/RAD_Pages/AddressAndContactInfo_Page/input_eMailAddress'

2024-10-17 14:55:08 - [TEST_STEP][PASSED] - setText(findTestObject(orPath_AddressContact + "/input_reEnterEMailAddress"), "iahmed@govolution.com"): Text 'iahmed@govolution.com' is set on object 'Object Repository/RAD_Pages/AddressAndContactInfo_Page/input_reEnterEMailAddress'

2024-10-17 14:55:09 - [MESSAGE][PASSED] - Text 'iahmed@govolution.com' is set on object 'Object Repository/RAD_Pages/AddressAndContactInfo_Page/input_reEnterEMailAddress'

2024-10-17 14:55:09 - [TEST_STEP][PASSED] - delay(2): Delayed 2 second(s)

2024-10-17 14:55:11 - [MESSAGE][PASSED] - Delayed 2 second(s)

2024-10-17 14:55:11 - [TEST_STEP][PASSED] - if (verifyTextPresent("The Email and Re-enter email do not match", true)): null

2024-10-17 14:55:11 - [MESSAGE][PASSED] - Text 'The Email and Re-enter email do not match' is present on page  using regular expression

2024-10-17 14:55:11 - [TEST_STEP][PASSED] - println("Emails Dont match text is present"): null

2024-10-17 14:55:11 - [TEST_STEP][PASSED] - out.println("Pass Record Number: " + row): null

2024-10-17 14:55:11 - [TEST_STEP][PASSED] - resText = "Pass": null

2024-10-17 14:55:11 - [TEST_STEP][PASSED] - pages.WriteExcel.demoKey(resText, datText, resColumn, datCloumn, fileLoc, nameSheet, row): pages.WriteExcel.demoKey is PASSED

2024-10-17 14:55:11 - [MESSAGE][PASSED] - pages.WriteExcel.demoKey is PASSED

2024-10-17 14:55:11 - [TEST_STEP][PASSED] - ExecuteTC = findTestData(dataFile).getValue("Execute", row): null

2024-10-17 14:55:11 - [TEST_STEP][PASSED] - Taxtype = findTestData(dataFile).getValue("TaxType", row): null

2024-10-17 14:55:11 - [TEST_STEP][PASSED] - Paymenttype = findTestData(dataFile).getValue("PaymentType", row): null

2024-10-17 14:55:11 - [TEST_STEP][PASSED] - out.println("Value of Execute is : " + ExecuteTC): null

2024-10-17 14:55:11 - [TEST_STEP][PASSED] - if (ExecuteTC.equalsIgnoreCase("Y")): null

2024-10-17 14:55:11 - [TEST_STEP][PASSED] - out.println("Begin Record Number: " + row): null

2024-10-17 14:55:11 - [TEST_STEP][PASSED] - today = new java.util.Date(): null

2024-10-17 14:55:11 - [TEST_STEP][PASSED] - println(today): null

2024-10-17 14:55:11 - [TEST_STEP][PASSED] - datText = today: null

2024-10-17 14:55:11 - [TEST_STEP][PASSED] - Taxtype = findTestData(dataFile).getValue("TaxType", row): null

2024-10-17 14:55:11 - [TEST_STEP][PASSED] - out.println("Taxtype value is : " + Taxtype): null

2024-10-17 14:55:11 - [TEST_STEP][PASSED] - openBrowser(""): Browser is opened with url: ''

2024-10-17 14:55:11 - [MESSAGE][WARNING] - A browser is already opened. Closing browser and opening a new one

2024-10-17 14:55:13 - [MESSAGE][INFO] - Starting 'Chrome' driver

2024-10-17 14:55:13 - [MESSAGE][INFO] - User set preference: ['acceptInsecureCerts', 'true']

2024-10-17 14:55:13 - [MESSAGE][INFO] - Action delay is set to 0 milliseconds

2024-10-17 14:55:15 - [MESSAGE][PASSED] - Browser is opened with url: ''

2024-10-17 14:55:15 - [TEST_STEP][PASSED] - maximizeWindow(): Current window maximized

2024-10-17 14:55:15 - [MESSAGE][PASSED] - Current window maximized

2024-10-17 14:55:15 - [TEST_STEP][PASSED] - navigateToUrl(RADurl): Navigate to 'https://demo.velocitypayment.com/client/rad/index.html' successfully

2024-10-17 14:55:15 - [MESSAGE][PASSED] - Navigate to 'https://demo.velocitypayment.com/client/rad/index.html' successfully

2024-10-17 14:55:15 - [TEST_STEP][PASSED] - orPath_Landing = "Object Repository/RAD_Pages/Landing_Page": null

2024-10-17 14:55:15 - [TEST_STEP][PASSED] - orPath_TaxTypeFilingYear = "Object Repository/RAD_Pages/TaxTypeFilingYear_Page": null

2024-10-17 14:55:15 - [TEST_STEP][PASSED] - orPath_TaxPayer = "Object Repository/RAD_Pages/Taxpayer_Page": null

2024-10-17 14:55:15 - [TEST_STEP][PASSED] - orPath_AddressContact = "Object Repository/RAD_Pages/AddressAndContactInfo_Page": null

2024-10-17 14:55:15 - [TEST_STEP][PASSED] - orPath_FilingStatus = "Object Repository/RAD_Pages/FilingStatus_Page": null

2024-10-17 14:55:15 - [TEST_STEP][PASSED] - orPath_Amount = "Object Repository/RAD_Pages/PaymentAmount_Page": null

2024-10-17 14:55:15 - [TEST_STEP][PASSED] - selectOptionByLabel(findTestObject(orPath_Landing + "/dd_TaxType"), Paymenttype, false): All options with label 'New Tax Return Amount Due' are selected in object 'Object Repository/RAD_Pages/Landing_Page/dd_TaxType' 

2024-10-17 14:55:17 - [MESSAGE][PASSED] - All options with label 'New Tax Return Amount Due' are selected in object 'Object Repository/RAD_Pages/Landing_Page/dd_TaxType' 

2024-10-17 14:55:17 - [TEST_STEP][PASSED] - delay(1): Delayed 1 second(s)

2024-10-17 14:55:18 - [MESSAGE][PASSED] - Delayed 1 second(s)

2024-10-17 14:55:18 - [TEST_STEP][PASSED] - switch (Paymenttype): null

2024-10-17 14:55:18 - [TEST_STEP][PASSED] - case "New Tax Return Amount Due":: null

2024-10-17 14:55:18 - [TEST_STEP][PASSED] - selectOptionByLabel(findTestObject("Object Repository/RAD_Pages/Landing_Page/select_NewTaxReturnAmountDue_TaxType"), Taxtype, false): All options with label 'Motor Fuel Tax' are selected in object 'Object Repository/RAD_Pages/Landing_Page/select_NewTaxReturnAmountDue_TaxType' 

2024-10-17 14:55:19 - [MESSAGE][PASSED] - All options with label 'Motor Fuel Tax' are selected in object 'Object Repository/RAD_Pages/Landing_Page/select_NewTaxReturnAmountDue_TaxType' 

2024-10-17 14:55:19 - [TEST_STEP][PASSED] - break: null

2024-10-17 14:55:19 - [TEST_STEP][PASSED] - delay(1): Delayed 1 second(s)

2024-10-17 14:55:20 - [MESSAGE][PASSED] - Delayed 1 second(s)

2024-10-17 14:55:20 - [TEST_STEP][PASSED] - scrollToElement(findTestObject(orPath_Amount + "/input__paymentAmount"), 3): Scroll to object 'Object Repository/RAD_Pages/PaymentAmount_Page/input__paymentAmount' successfully

2024-10-17 14:55:20 - [MESSAGE][PASSED] - Scroll to object 'Object Repository/RAD_Pages/PaymentAmount_Page/input__paymentAmount' successfully

2024-10-17 14:55:20 - [TEST_STEP][PASSED] - setText(findTestObject(orPath_AddressContact + "/input_eMailAddress"), "imtiazster@gmail.com"): Text 'imtiazster@gmail.com' is set on object 'Object Repository/RAD_Pages/AddressAndContactInfo_Page/input_eMailAddress'

2024-10-17 14:55:21 - [MESSAGE][PASSED] - Text 'imtiazster@gmail.com' is set on object 'Object Repository/RAD_Pages/AddressAndContactInfo_Page/input_eMailAddress'

2024-10-17 14:55:21 - [TEST_STEP][PASSED] - setText(findTestObject(orPath_AddressContact + "/input_reEnterEMailAddress"), "iahmed@govolution.com"): Text 'iahmed@govolution.com' is set on object 'Object Repository/RAD_Pages/AddressAndContactInfo_Page/input_reEnterEMailAddress'

2024-10-17 14:55:22 - [MESSAGE][PASSED] - Text 'iahmed@govolution.com' is set on object 'Object Repository/RAD_Pages/AddressAndContactInfo_Page/input_reEnterEMailAddress'

2024-10-17 14:55:22 - [TEST_STEP][PASSED] - delay(2): Delayed 2 second(s)

2024-10-17 14:55:24 - [MESSAGE][PASSED] - Delayed 2 second(s)

2024-10-17 14:55:24 - [TEST_STEP][PASSED] - if (verifyTextPresent("The Email and Re-enter email do not match", true)): null

2024-10-17 14:55:24 - [MESSAGE][PASSED] - Text 'The Email and Re-enter email do not match' is present on page  using regular expression

2024-10-17 14:55:24 - [TEST_STEP][PASSED] - println("Emails Dont match text is present"): null

2024-10-17 14:55:24 - [TEST_STEP][PASSED] - out.println("Pass Record Number: " + row): null

2024-10-17 14:55:24 - [TEST_STEP][PASSED] - resText = "Pass": null

2024-10-17 14:55:24 - [TEST_STEP][PASSED] - pages.WriteExcel.demoKey(resText, datText, resColumn, datCloumn, fileLoc, nameSheet, row): pages.WriteExcel.demoKey is PASSED

2024-10-17 14:55:24 - [MESSAGE][PASSED] - pages.WriteExcel.demoKey is PASSED

2024-10-17 14:55:24 - [TEST_STEP][PASSED] - ExecuteTC = findTestData(dataFile).getValue("Execute", row): null

2024-10-17 14:55:24 - [TEST_STEP][PASSED] - Taxtype = findTestData(dataFile).getValue("TaxType", row): null

2024-10-17 14:55:24 - [TEST_STEP][PASSED] - Paymenttype = findTestData(dataFile).getValue("PaymentType", row): null

2024-10-17 14:55:24 - [TEST_STEP][PASSED] - out.println("Value of Execute is : " + ExecuteTC): null

2024-10-17 14:55:24 - [TEST_STEP][PASSED] - if (ExecuteTC.equalsIgnoreCase("Y")): null

2024-10-17 14:55:24 - [TEST_STEP][PASSED] - out.println("Begin Record Number: " + row): null

2024-10-17 14:55:24 - [TEST_STEP][PASSED] - today = new java.util.Date(): null

2024-10-17 14:55:24 - [TEST_STEP][PASSED] - println(today): null

2024-10-17 14:55:24 - [TEST_STEP][PASSED] - datText = today: null

2024-10-17 14:55:24 - [TEST_STEP][PASSED] - Taxtype = findTestData(dataFile).getValue("TaxType", row): null

2024-10-17 14:55:24 - [TEST_STEP][PASSED] - out.println("Taxtype value is : " + Taxtype): null

2024-10-17 14:55:24 - [TEST_STEP][PASSED] - openBrowser(""): Browser is opened with url: ''

2024-10-17 14:55:24 - [MESSAGE][WARNING] - A browser is already opened. Closing browser and opening a new one

2024-10-17 14:55:26 - [MESSAGE][INFO] - Starting 'Chrome' driver

2024-10-17 14:55:26 - [MESSAGE][INFO] - User set preference: ['acceptInsecureCerts', 'true']

2024-10-17 14:55:26 - [MESSAGE][INFO] - Action delay is set to 0 milliseconds

2024-10-17 14:55:28 - [MESSAGE][PASSED] - Browser is opened with url: ''

2024-10-17 14:55:28 - [TEST_STEP][PASSED] - maximizeWindow(): Current window maximized

2024-10-17 14:55:28 - [MESSAGE][PASSED] - Current window maximized

2024-10-17 14:55:28 - [TEST_STEP][PASSED] - navigateToUrl(RADurl): Navigate to 'https://demo.velocitypayment.com/client/rad/index.html' successfully

2024-10-17 14:55:30 - [MESSAGE][PASSED] - Navigate to 'https://demo.velocitypayment.com/client/rad/index.html' successfully

2024-10-17 14:55:30 - [TEST_STEP][PASSED] - orPath_Landing = "Object Repository/RAD_Pages/Landing_Page": null

2024-10-17 14:55:30 - [TEST_STEP][PASSED] - orPath_TaxTypeFilingYear = "Object Repository/RAD_Pages/TaxTypeFilingYear_Page": null

2024-10-17 14:55:30 - [TEST_STEP][PASSED] - orPath_TaxPayer = "Object Repository/RAD_Pages/Taxpayer_Page": null

2024-10-17 14:55:30 - [TEST_STEP][PASSED] - orPath_AddressContact = "Object Repository/RAD_Pages/AddressAndContactInfo_Page": null

2024-10-17 14:55:30 - [TEST_STEP][PASSED] - orPath_FilingStatus = "Object Repository/RAD_Pages/FilingStatus_Page": null

2024-10-17 14:55:30 - [TEST_STEP][PASSED] - orPath_Amount = "Object Repository/RAD_Pages/PaymentAmount_Page": null

2024-10-17 14:55:30 - [TEST_STEP][PASSED] - selectOptionByLabel(findTestObject(orPath_Landing + "/dd_TaxType"), Paymenttype, false): All options with label 'New Tax Return Amount Due' are selected in object 'Object Repository/RAD_Pages/Landing_Page/dd_TaxType' 

2024-10-17 14:55:31 - [MESSAGE][PASSED] - All options with label 'New Tax Return Amount Due' are selected in object 'Object Repository/RAD_Pages/Landing_Page/dd_TaxType' 

2024-10-17 14:55:31 - [TEST_STEP][PASSED] - delay(1): Delayed 1 second(s)

2024-10-17 14:55:32 - [MESSAGE][PASSED] - Delayed 1 second(s)

2024-10-17 14:55:32 - [TEST_STEP][PASSED] - switch (Paymenttype): null

2024-10-17 14:55:32 - [TEST_STEP][PASSED] - case "New Tax Return Amount Due":: null

2024-10-17 14:55:32 - [TEST_STEP][PASSED] - selectOptionByLabel(findTestObject("Object Repository/RAD_Pages/Landing_Page/select_NewTaxReturnAmountDue_TaxType"), Taxtype, false): All options with label 'Sales and Use Tax' are selected in object 'Object Repository/RAD_Pages/Landing_Page/select_NewTaxReturnAmountDue_TaxType' 

2024-10-17 14:55:32 - [MESSAGE][PASSED] - All options with label 'Sales and Use Tax' are selected in object 'Object Repository/RAD_Pages/Landing_Page/select_NewTaxReturnAmountDue_TaxType' 

2024-10-17 14:55:32 - [TEST_STEP][PASSED] - break: null

2024-10-17 14:55:32 - [TEST_STEP][PASSED] - delay(1): Delayed 1 second(s)

2024-10-17 14:55:33 - [MESSAGE][PASSED] - Delayed 1 second(s)

2024-10-17 14:55:33 - [TEST_STEP][PASSED] - scrollToElement(findTestObject(orPath_Amount + "/input__paymentAmount"), 3): Scroll to object 'Object Repository/RAD_Pages/PaymentAmount_Page/input__paymentAmount' successfully

2024-10-17 14:55:34 - [MESSAGE][PASSED] - Scroll to object 'Object Repository/RAD_Pages/PaymentAmount_Page/input__paymentAmount' successfully

2024-10-17 14:55:34 - [TEST_STEP][PASSED] - setText(findTestObject(orPath_AddressContact + "/input_eMailAddress"), "imtiazster@gmail.com"): Text 'imtiazster@gmail.com' is set on object 'Object Repository/RAD_Pages/AddressAndContactInfo_Page/input_eMailAddress'

2024-10-17 14:55:34 - [MESSAGE][PASSED] - Text 'imtiazster@gmail.com' is set on object 'Object Repository/RAD_Pages/AddressAndContactInfo_Page/input_eMailAddress'

2024-10-17 14:55:34 - [TEST_STEP][PASSED] - setText(findTestObject(orPath_AddressContact + "/input_reEnterEMailAddress"), "iahmed@govolution.com"): Text 'iahmed@govolution.com' is set on object 'Object Repository/RAD_Pages/AddressAndContactInfo_Page/input_reEnterEMailAddress'

2024-10-17 14:55:35 - [MESSAGE][PASSED] - Text 'iahmed@govolution.com' is set on object 'Object Repository/RAD_Pages/AddressAndContactInfo_Page/input_reEnterEMailAddress'

2024-10-17 14:55:35 - [TEST_STEP][PASSED] - delay(2): Delayed 2 second(s)

2024-10-17 14:55:37 - [MESSAGE][PASSED] - Delayed 2 second(s)

2024-10-17 14:55:37 - [TEST_STEP][PASSED] - if (verifyTextPresent("The Email and Re-enter email do not match", true)): null

2024-10-17 14:55:38 - [MESSAGE][PASSED] - Text 'The Email and Re-enter email do not match' is present on page  using regular expression

2024-10-17 14:55:38 - [TEST_STEP][PASSED] - println("Emails Dont match text is present"): null

2024-10-17 14:55:38 - [TEST_STEP][PASSED] - out.println("Pass Record Number: " + row): null

2024-10-17 14:55:38 - [TEST_STEP][PASSED] - resText = "Pass": null

2024-10-17 14:55:38 - [TEST_STEP][PASSED] - pages.WriteExcel.demoKey(resText, datText, resColumn, datCloumn, fileLoc, nameSheet, row): pages.WriteExcel.demoKey is PASSED

2024-10-17 14:55:38 - [MESSAGE][PASSED] - pages.WriteExcel.demoKey is PASSED

2024-10-17 14:55:38 - [TEST_STEP][PASSED] - ExecuteTC = findTestData(dataFile).getValue("Execute", row): null

2024-10-17 14:55:38 - [TEST_STEP][PASSED] - Taxtype = findTestData(dataFile).getValue("TaxType", row): null

2024-10-17 14:55:38 - [TEST_STEP][PASSED] - Paymenttype = findTestData(dataFile).getValue("PaymentType", row): null

2024-10-17 14:55:38 - [TEST_STEP][PASSED] - out.println("Value of Execute is : " + ExecuteTC): null

2024-10-17 14:55:38 - [TEST_STEP][PASSED] - if (ExecuteTC.equalsIgnoreCase("Y")): null

2024-10-17 14:55:38 - [TEST_STEP][PASSED] - out.println("Begin Record Number: " + row): null

2024-10-17 14:55:38 - [TEST_STEP][PASSED] - today = new java.util.Date(): null

2024-10-17 14:55:38 - [TEST_STEP][PASSED] - println(today): null

2024-10-17 14:55:38 - [TEST_STEP][PASSED] - datText = today: null

2024-10-17 14:55:38 - [TEST_STEP][PASSED] - Taxtype = findTestData(dataFile).getValue("TaxType", row): null

2024-10-17 14:55:38 - [TEST_STEP][PASSED] - out.println("Taxtype value is : " + Taxtype): null

2024-10-17 14:55:38 - [TEST_STEP][PASSED] - openBrowser(""): Browser is opened with url: ''

2024-10-17 14:55:38 - [MESSAGE][WARNING] - A browser is already opened. Closing browser and opening a new one

2024-10-17 14:55:40 - [MESSAGE][INFO] - Starting 'Chrome' driver

2024-10-17 14:55:40 - [MESSAGE][INFO] - User set preference: ['acceptInsecureCerts', 'true']

2024-10-17 14:55:40 - [MESSAGE][INFO] - Action delay is set to 0 milliseconds

2024-10-17 14:55:41 - [MESSAGE][PASSED] - Browser is opened with url: ''

2024-10-17 14:55:41 - [TEST_STEP][PASSED] - maximizeWindow(): Current window maximized

2024-10-17 14:55:41 - [MESSAGE][PASSED] - Current window maximized

2024-10-17 14:55:41 - [TEST_STEP][PASSED] - navigateToUrl(RADurl): Navigate to 'https://demo.velocitypayment.com/client/rad/index.html' successfully

2024-10-17 14:55:43 - [MESSAGE][PASSED] - Navigate to 'https://demo.velocitypayment.com/client/rad/index.html' successfully

2024-10-17 14:55:43 - [TEST_STEP][PASSED] - orPath_Landing = "Object Repository/RAD_Pages/Landing_Page": null

2024-10-17 14:55:43 - [TEST_STEP][PASSED] - orPath_TaxTypeFilingYear = "Object Repository/RAD_Pages/TaxTypeFilingYear_Page": null

2024-10-17 14:55:43 - [TEST_STEP][PASSED] - orPath_TaxPayer = "Object Repository/RAD_Pages/Taxpayer_Page": null

2024-10-17 14:55:43 - [TEST_STEP][PASSED] - orPath_AddressContact = "Object Repository/RAD_Pages/AddressAndContactInfo_Page": null

2024-10-17 14:55:43 - [TEST_STEP][PASSED] - orPath_FilingStatus = "Object Repository/RAD_Pages/FilingStatus_Page": null

2024-10-17 14:55:43 - [TEST_STEP][PASSED] - orPath_Amount = "Object Repository/RAD_Pages/PaymentAmount_Page": null

2024-10-17 14:55:43 - [TEST_STEP][PASSED] - selectOptionByLabel(findTestObject(orPath_Landing + "/dd_TaxType"), Paymenttype, false): All options with label 'New Tax Return Amount Due' are selected in object 'Object Repository/RAD_Pages/Landing_Page/dd_TaxType' 

2024-10-17 14:55:44 - [MESSAGE][PASSED] - All options with label 'New Tax Return Amount Due' are selected in object 'Object Repository/RAD_Pages/Landing_Page/dd_TaxType' 

2024-10-17 14:55:44 - [TEST_STEP][PASSED] - delay(1): Delayed 1 second(s)

2024-10-17 14:55:45 - [MESSAGE][PASSED] - Delayed 1 second(s)

2024-10-17 14:55:45 - [TEST_STEP][PASSED] - switch (Paymenttype): null

2024-10-17 14:55:45 - [TEST_STEP][PASSED] - case "New Tax Return Amount Due":: null

2024-10-17 14:55:45 - [TEST_STEP][PASSED] - selectOptionByLabel(findTestObject("Object Repository/RAD_Pages/Landing_Page/select_NewTaxReturnAmountDue_TaxType"), Taxtype, false): All options with label 'Slots License Fee' are selected in object 'Object Repository/RAD_Pages/Landing_Page/select_NewTaxReturnAmountDue_TaxType' 

2024-10-17 14:55:45 - [MESSAGE][PASSED] - All options with label 'Slots License Fee' are selected in object 'Object Repository/RAD_Pages/Landing_Page/select_NewTaxReturnAmountDue_TaxType' 

2024-10-17 14:55:45 - [TEST_STEP][PASSED] - break: null

2024-10-17 14:55:45 - [TEST_STEP][PASSED] - delay(1): Delayed 1 second(s)

2024-10-17 14:55:46 - [MESSAGE][PASSED] - Delayed 1 second(s)

2024-10-17 14:55:46 - [TEST_STEP][PASSED] - scrollToElement(findTestObject(orPath_Amount + "/input__paymentAmount"), 3): Scroll to object 'Object Repository/RAD_Pages/PaymentAmount_Page/input__paymentAmount' successfully

2024-10-17 14:55:47 - [MESSAGE][PASSED] - Scroll to object 'Object Repository/RAD_Pages/PaymentAmount_Page/input__paymentAmount' successfully

2024-10-17 14:55:47 - [TEST_STEP][PASSED] - setText(findTestObject(orPath_AddressContact + "/input_eMailAddress"), "imtiazster@gmail.com"): Text 'imtiazster@gmail.com' is set on object 'Object Repository/RAD_Pages/AddressAndContactInfo_Page/input_eMailAddress'

2024-10-17 14:55:48 - [MESSAGE][PASSED] - Text 'imtiazster@gmail.com' is set on object 'Object Repository/RAD_Pages/AddressAndContactInfo_Page/input_eMailAddress'

2024-10-17 14:55:48 - [TEST_STEP][PASSED] - setText(findTestObject(orPath_AddressContact + "/input_reEnterEMailAddress"), "iahmed@govolution.com"): Text 'iahmed@govolution.com' is set on object 'Object Repository/RAD_Pages/AddressAndContactInfo_Page/input_reEnterEMailAddress'

2024-10-17 14:55:48 - [MESSAGE][PASSED] - Text 'iahmed@govolution.com' is set on object 'Object Repository/RAD_Pages/AddressAndContactInfo_Page/input_reEnterEMailAddress'

2024-10-17 14:55:48 - [TEST_STEP][PASSED] - delay(2): Delayed 2 second(s)

2024-10-17 14:55:50 - [MESSAGE][PASSED] - Delayed 2 second(s)

2024-10-17 14:55:50 - [TEST_STEP][PASSED] - if (verifyTextPresent("The Email and Re-enter email do not match", true)): null

2024-10-17 14:55:51 - [MESSAGE][PASSED] - Text 'The Email and Re-enter email do not match' is present on page  using regular expression

2024-10-17 14:55:51 - [TEST_STEP][PASSED] - println("Emails Dont match text is present"): null

2024-10-17 14:55:51 - [TEST_STEP][PASSED] - out.println("Pass Record Number: " + row): null

2024-10-17 14:55:51 - [TEST_STEP][PASSED] - resText = "Pass": null

2024-10-17 14:55:51 - [TEST_STEP][PASSED] - pages.WriteExcel.demoKey(resText, datText, resColumn, datCloumn, fileLoc, nameSheet, row): pages.WriteExcel.demoKey is PASSED

2024-10-17 14:55:51 - [MESSAGE][PASSED] - pages.WriteExcel.demoKey is PASSED

2024-10-17 14:55:51 - [TEST_STEP][PASSED] - ExecuteTC = findTestData(dataFile).getValue("Execute", row): null

2024-10-17 14:55:51 - [TEST_STEP][PASSED] - Taxtype = findTestData(dataFile).getValue("TaxType", row): null

2024-10-17 14:55:51 - [TEST_STEP][PASSED] - Paymenttype = findTestData(dataFile).getValue("PaymentType", row): null

2024-10-17 14:55:51 - [TEST_STEP][PASSED] - out.println("Value of Execute is : " + ExecuteTC): null

2024-10-17 14:55:51 - [TEST_STEP][PASSED] - if (ExecuteTC.equalsIgnoreCase("Y")): null

2024-10-17 14:55:51 - [TEST_STEP][PASSED] - out.println("Begin Record Number: " + row): null

2024-10-17 14:55:51 - [TEST_STEP][PASSED] - today = new java.util.Date(): null

2024-10-17 14:55:51 - [TEST_STEP][PASSED] - println(today): null

2024-10-17 14:55:51 - [TEST_STEP][PASSED] - datText = today: null

2024-10-17 14:55:51 - [TEST_STEP][PASSED] - Taxtype = findTestData(dataFile).getValue("TaxType", row): null

2024-10-17 14:55:51 - [TEST_STEP][PASSED] - out.println("Taxtype value is : " + Taxtype): null

2024-10-17 14:55:51 - [TEST_STEP][PASSED] - openBrowser(""): Browser is opened with url: ''

2024-10-17 14:55:51 - [MESSAGE][WARNING] - A browser is already opened. Closing browser and opening a new one

2024-10-17 14:55:53 - [MESSAGE][INFO] - Starting 'Chrome' driver

2024-10-17 14:55:53 - [MESSAGE][INFO] - User set preference: ['acceptInsecureCerts', 'true']

2024-10-17 14:55:53 - [MESSAGE][INFO] - Action delay is set to 0 milliseconds

2024-10-17 14:55:54 - [MESSAGE][PASSED] - Browser is opened with url: ''

2024-10-17 14:55:54 - [TEST_STEP][PASSED] - maximizeWindow(): Current window maximized

2024-10-17 14:55:55 - [MESSAGE][PASSED] - Current window maximized

2024-10-17 14:55:55 - [TEST_STEP][PASSED] - navigateToUrl(RADurl): Navigate to 'https://demo.velocitypayment.com/client/rad/index.html' successfully

2024-10-17 14:55:56 - [MESSAGE][PASSED] - Navigate to 'https://demo.velocitypayment.com/client/rad/index.html' successfully

2024-10-17 14:55:56 - [TEST_STEP][PASSED] - orPath_Landing = "Object Repository/RAD_Pages/Landing_Page": null

2024-10-17 14:55:56 - [TEST_STEP][PASSED] - orPath_TaxTypeFilingYear = "Object Repository/RAD_Pages/TaxTypeFilingYear_Page": null

2024-10-17 14:55:56 - [TEST_STEP][PASSED] - orPath_TaxPayer = "Object Repository/RAD_Pages/Taxpayer_Page": null

2024-10-17 14:55:56 - [TEST_STEP][PASSED] - orPath_AddressContact = "Object Repository/RAD_Pages/AddressAndContactInfo_Page": null

2024-10-17 14:55:56 - [TEST_STEP][PASSED] - orPath_FilingStatus = "Object Repository/RAD_Pages/FilingStatus_Page": null

2024-10-17 14:55:56 - [TEST_STEP][PASSED] - orPath_Amount = "Object Repository/RAD_Pages/PaymentAmount_Page": null

2024-10-17 14:55:56 - [TEST_STEP][PASSED] - selectOptionByLabel(findTestObject(orPath_Landing + "/dd_TaxType"), Paymenttype, false): All options with label 'New Tax Return Amount Due' are selected in object 'Object Repository/RAD_Pages/Landing_Page/dd_TaxType' 

2024-10-17 14:55:57 - [MESSAGE][PASSED] - All options with label 'New Tax Return Amount Due' are selected in object 'Object Repository/RAD_Pages/Landing_Page/dd_TaxType' 

2024-10-17 14:55:57 - [TEST_STEP][PASSED] - delay(1): Delayed 1 second(s)

2024-10-17 14:55:58 - [MESSAGE][PASSED] - Delayed 1 second(s)

2024-10-17 14:55:58 - [TEST_STEP][PASSED] - switch (Paymenttype): null

2024-10-17 14:55:58 - [TEST_STEP][PASSED] - case "New Tax Return Amount Due":: null

2024-10-17 14:55:58 - [TEST_STEP][PASSED] - selectOptionByLabel(findTestObject("Object Repository/RAD_Pages/Landing_Page/select_NewTaxReturnAmountDue_TaxType"), Taxtype, false): All options with label 'Tire Recycling Fee' are selected in object 'Object Repository/RAD_Pages/Landing_Page/select_NewTaxReturnAmountDue_TaxType' 

2024-10-17 14:55:59 - [MESSAGE][PASSED] - All options with label 'Tire Recycling Fee' are selected in object 'Object Repository/RAD_Pages/Landing_Page/select_NewTaxReturnAmountDue_TaxType' 

2024-10-17 14:55:59 - [TEST_STEP][PASSED] - break: null

2024-10-17 14:55:59 - [TEST_STEP][PASSED] - delay(1): Delayed 1 second(s)

2024-10-17 14:56:00 - [MESSAGE][PASSED] - Delayed 1 second(s)

2024-10-17 14:56:00 - [TEST_STEP][PASSED] - scrollToElement(findTestObject(orPath_Amount + "/input__paymentAmount"), 3): Scroll to object 'Object Repository/RAD_Pages/PaymentAmount_Page/input__paymentAmount' successfully

2024-10-17 14:56:00 - [MESSAGE][PASSED] - Scroll to object 'Object Repository/RAD_Pages/PaymentAmount_Page/input__paymentAmount' successfully

2024-10-17 14:56:00 - [TEST_STEP][PASSED] - setText(findTestObject(orPath_AddressContact + "/input_eMailAddress"), "imtiazster@gmail.com"): Text 'imtiazster@gmail.com' is set on object 'Object Repository/RAD_Pages/AddressAndContactInfo_Page/input_eMailAddress'

2024-10-17 14:56:01 - [MESSAGE][PASSED] - Text 'imtiazster@gmail.com' is set on object 'Object Repository/RAD_Pages/AddressAndContactInfo_Page/input_eMailAddress'

2024-10-17 14:56:01 - [TEST_STEP][PASSED] - setText(findTestObject(orPath_AddressContact + "/input_reEnterEMailAddress"), "iahmed@govolution.com"): Text 'iahmed@govolution.com' is set on object 'Object Repository/RAD_Pages/AddressAndContactInfo_Page/input_reEnterEMailAddress'

2024-10-17 14:56:02 - [MESSAGE][PASSED] - Text 'iahmed@govolution.com' is set on object 'Object Repository/RAD_Pages/AddressAndContactInfo_Page/input_reEnterEMailAddress'

2024-10-17 14:56:02 - [TEST_STEP][PASSED] - delay(2): Delayed 2 second(s)

2024-10-17 14:56:04 - [MESSAGE][PASSED] - Delayed 2 second(s)

2024-10-17 14:56:04 - [TEST_STEP][PASSED] - if (verifyTextPresent("The Email and Re-enter email do not match", true)): null

2024-10-17 14:56:04 - [MESSAGE][PASSED] - Text 'The Email and Re-enter email do not match' is present on page  using regular expression

2024-10-17 14:56:04 - [TEST_STEP][PASSED] - println("Emails Dont match text is present"): null

2024-10-17 14:56:04 - [TEST_STEP][PASSED] - out.println("Pass Record Number: " + row): null

2024-10-17 14:56:04 - [TEST_STEP][PASSED] - resText = "Pass": null

2024-10-17 14:56:04 - [TEST_STEP][PASSED] - pages.WriteExcel.demoKey(resText, datText, resColumn, datCloumn, fileLoc, nameSheet, row): pages.WriteExcel.demoKey is PASSED

2024-10-17 14:56:04 - [MESSAGE][PASSED] - pages.WriteExcel.demoKey is PASSED

2024-10-17 14:56:04 - [TEST_STEP][PASSED] - ExecuteTC = findTestData(dataFile).getValue("Execute", row): null

2024-10-17 14:56:04 - [TEST_STEP][PASSED] - Taxtype = findTestData(dataFile).getValue("TaxType", row): null

2024-10-17 14:56:04 - [TEST_STEP][PASSED] - Paymenttype = findTestData(dataFile).getValue("PaymentType", row): null

2024-10-17 14:56:04 - [TEST_STEP][PASSED] - out.println("Value of Execute is : " + ExecuteTC): null

2024-10-17 14:56:04 - [TEST_STEP][PASSED] - if (ExecuteTC.equalsIgnoreCase("Y")): null

2024-10-17 14:56:04 - [TEST_STEP][PASSED] - out.println("Begin Record Number: " + row): null

2024-10-17 14:56:04 - [TEST_STEP][PASSED] - today = new java.util.Date(): null

2024-10-17 14:56:04 - [TEST_STEP][PASSED] - println(today): null

2024-10-17 14:56:04 - [TEST_STEP][PASSED] - datText = today: null

2024-10-17 14:56:04 - [TEST_STEP][PASSED] - Taxtype = findTestData(dataFile).getValue("TaxType", row): null

2024-10-17 14:56:04 - [TEST_STEP][PASSED] - out.println("Taxtype value is : " + Taxtype): null

2024-10-17 14:56:04 - [TEST_STEP][PASSED] - openBrowser(""): Browser is opened with url: ''

2024-10-17 14:56:04 - [MESSAGE][WARNING] - A browser is already opened. Closing browser and opening a new one

2024-10-17 14:56:06 - [MESSAGE][INFO] - Starting 'Chrome' driver

2024-10-17 14:56:06 - [MESSAGE][INFO] - User set preference: ['acceptInsecureCerts', 'true']

2024-10-17 14:56:06 - [MESSAGE][INFO] - Action delay is set to 0 milliseconds

2024-10-17 14:56:08 - [MESSAGE][PASSED] - Browser is opened with url: ''

2024-10-17 14:56:08 - [TEST_STEP][PASSED] - maximizeWindow(): Current window maximized

2024-10-17 14:56:08 - [MESSAGE][PASSED] - Current window maximized

2024-10-17 14:56:08 - [TEST_STEP][PASSED] - navigateToUrl(RADurl): Navigate to 'https://demo.velocitypayment.com/client/rad/index.html' successfully

2024-10-17 14:56:08 - [MESSAGE][PASSED] - Navigate to 'https://demo.velocitypayment.com/client/rad/index.html' successfully

2024-10-17 14:56:08 - [TEST_STEP][PASSED] - orPath_Landing = "Object Repository/RAD_Pages/Landing_Page": null

2024-10-17 14:56:08 - [TEST_STEP][PASSED] - orPath_TaxTypeFilingYear = "Object Repository/RAD_Pages/TaxTypeFilingYear_Page": null

2024-10-17 14:56:08 - [TEST_STEP][PASSED] - orPath_TaxPayer = "Object Repository/RAD_Pages/Taxpayer_Page": null

2024-10-17 14:56:08 - [TEST_STEP][PASSED] - orPath_AddressContact = "Object Repository/RAD_Pages/AddressAndContactInfo_Page": null

2024-10-17 14:56:08 - [TEST_STEP][PASSED] - orPath_FilingStatus = "Object Repository/RAD_Pages/FilingStatus_Page": null

2024-10-17 14:56:08 - [TEST_STEP][PASSED] - orPath_Amount = "Object Repository/RAD_Pages/PaymentAmount_Page": null

2024-10-17 14:56:08 - [TEST_STEP][PASSED] - selectOptionByLabel(findTestObject(orPath_Landing + "/dd_TaxType"), Paymenttype, false): All options with label 'New Tax Return Amount Due' are selected in object 'Object Repository/RAD_Pages/Landing_Page/dd_TaxType' 

2024-10-17 14:56:11 - [MESSAGE][PASSED] - All options with label 'New Tax Return Amount Due' are selected in object 'Object Repository/RAD_Pages/Landing_Page/dd_TaxType' 

2024-10-17 14:56:11 - [TEST_STEP][PASSED] - delay(1): Delayed 1 second(s)

2024-10-17 14:56:12 - [MESSAGE][PASSED] - Delayed 1 second(s)

2024-10-17 14:56:12 - [TEST_STEP][PASSED] - switch (Paymenttype): null

2024-10-17 14:56:12 - [TEST_STEP][PASSED] - case "New Tax Return Amount Due":: null

2024-10-17 14:56:12 - [TEST_STEP][PASSED] - selectOptionByLabel(findTestObject("Object Repository/RAD_Pages/Landing_Page/select_NewTaxReturnAmountDue_TaxType"), Taxtype, false): All options with label 'Tobacco Tax' are selected in object 'Object Repository/RAD_Pages/Landing_Page/select_NewTaxReturnAmountDue_TaxType' 

2024-10-17 14:56:12 - [MESSAGE][PASSED] - All options with label 'Tobacco Tax' are selected in object 'Object Repository/RAD_Pages/Landing_Page/select_NewTaxReturnAmountDue_TaxType' 

2024-10-17 14:56:12 - [TEST_STEP][PASSED] - break: null

2024-10-17 14:56:12 - [TEST_STEP][PASSED] - delay(1): Delayed 1 second(s)

2024-10-17 14:56:13 - [MESSAGE][PASSED] - Delayed 1 second(s)

2024-10-17 14:56:13 - [TEST_STEP][PASSED] - scrollToElement(findTestObject(orPath_Amount + "/input__paymentAmount"), 3): Scroll to object 'Object Repository/RAD_Pages/PaymentAmount_Page/input__paymentAmount' successfully

2024-10-17 14:56:14 - [MESSAGE][PASSED] - Scroll to object 'Object Repository/RAD_Pages/PaymentAmount_Page/input__paymentAmount' successfully

2024-10-17 14:56:14 - [TEST_STEP][PASSED] - setText(findTestObject(orPath_AddressContact + "/input_eMailAddress"), "imtiazster@gmail.com"): Text 'imtiazster@gmail.com' is set on object 'Object Repository/RAD_Pages/AddressAndContactInfo_Page/input_eMailAddress'

2024-10-17 14:56:14 - [MESSAGE][PASSED] - Text 'imtiazster@gmail.com' is set on object 'Object Repository/RAD_Pages/AddressAndContactInfo_Page/input_eMailAddress'

2024-10-17 14:56:14 - [TEST_STEP][PASSED] - setText(findTestObject(orPath_AddressContact + "/input_reEnterEMailAddress"), "iahmed@govolution.com"): Text 'iahmed@govolution.com' is set on object 'Object Repository/RAD_Pages/AddressAndContactInfo_Page/input_reEnterEMailAddress'

2024-10-17 14:56:15 - [MESSAGE][PASSED] - Text 'iahmed@govolution.com' is set on object 'Object Repository/RAD_Pages/AddressAndContactInfo_Page/input_reEnterEMailAddress'

2024-10-17 14:56:15 - [TEST_STEP][PASSED] - delay(2): Delayed 2 second(s)

2024-10-17 14:56:17 - [MESSAGE][PASSED] - Delayed 2 second(s)

2024-10-17 14:56:17 - [TEST_STEP][PASSED] - if (verifyTextPresent("The Email and Re-enter email do not match", true)): null

2024-10-17 14:56:18 - [MESSAGE][PASSED] - Text 'The Email and Re-enter email do not match' is present on page  using regular expression

2024-10-17 14:56:18 - [TEST_STEP][PASSED] - println("Emails Dont match text is present"): null

2024-10-17 14:56:18 - [TEST_STEP][PASSED] - out.println("Pass Record Number: " + row): null

2024-10-17 14:56:18 - [TEST_STEP][PASSED] - resText = "Pass": null

2024-10-17 14:56:18 - [TEST_STEP][PASSED] - pages.WriteExcel.demoKey(resText, datText, resColumn, datCloumn, fileLoc, nameSheet, row): pages.WriteExcel.demoKey is PASSED

2024-10-17 14:56:18 - [MESSAGE][PASSED] - pages.WriteExcel.demoKey is PASSED

2024-10-17 14:56:18 - [TEST_STEP][PASSED] - ExecuteTC = findTestData(dataFile).getValue("Execute", row): null

2024-10-17 14:56:18 - [TEST_STEP][PASSED] - Taxtype = findTestData(dataFile).getValue("TaxType", row): null

2024-10-17 14:56:18 - [TEST_STEP][PASSED] - Paymenttype = findTestData(dataFile).getValue("PaymentType", row): null

2024-10-17 14:56:18 - [TEST_STEP][PASSED] - out.println("Value of Execute is : " + ExecuteTC): null

2024-10-17 14:56:18 - [TEST_STEP][PASSED] - if (ExecuteTC.equalsIgnoreCase("Y")): null

2024-10-17 14:56:18 - [TEST_STEP][PASSED] - out.println("Begin Record Number: " + row): null

2024-10-17 14:56:18 - [TEST_STEP][PASSED] - today = new java.util.Date(): null

2024-10-17 14:56:18 - [TEST_STEP][PASSED] - println(today): null

2024-10-17 14:56:18 - [TEST_STEP][PASSED] - datText = today: null

2024-10-17 14:56:18 - [TEST_STEP][PASSED] - Taxtype = findTestData(dataFile).getValue("TaxType", row): null

2024-10-17 14:56:18 - [TEST_STEP][PASSED] - out.println("Taxtype value is : " + Taxtype): null

2024-10-17 14:56:18 - [TEST_STEP][PASSED] - openBrowser(""): Browser is opened with url: ''

2024-10-17 14:56:18 - [MESSAGE][WARNING] - A browser is already opened. Closing browser and opening a new one

2024-10-17 14:56:20 - [MESSAGE][INFO] - Starting 'Chrome' driver

2024-10-17 14:56:20 - [MESSAGE][INFO] - User set preference: ['acceptInsecureCerts', 'true']

2024-10-17 14:56:20 - [MESSAGE][INFO] - Action delay is set to 0 milliseconds

2024-10-17 14:56:21 - [MESSAGE][PASSED] - Browser is opened with url: ''

2024-10-17 14:56:21 - [TEST_STEP][PASSED] - maximizeWindow(): Current window maximized

2024-10-17 14:56:21 - [MESSAGE][PASSED] - Current window maximized

2024-10-17 14:56:21 - [TEST_STEP][PASSED] - navigateToUrl(RADurl): Navigate to 'https://demo.velocitypayment.com/client/rad/index.html' successfully

2024-10-17 14:56:22 - [MESSAGE][PASSED] - Navigate to 'https://demo.velocitypayment.com/client/rad/index.html' successfully

2024-10-17 14:56:22 - [TEST_STEP][PASSED] - orPath_Landing = "Object Repository/RAD_Pages/Landing_Page": null

2024-10-17 14:56:22 - [TEST_STEP][PASSED] - orPath_TaxTypeFilingYear = "Object Repository/RAD_Pages/TaxTypeFilingYear_Page": null

2024-10-17 14:56:22 - [TEST_STEP][PASSED] - orPath_TaxPayer = "Object Repository/RAD_Pages/Taxpayer_Page": null

2024-10-17 14:56:22 - [TEST_STEP][PASSED] - orPath_AddressContact = "Object Repository/RAD_Pages/AddressAndContactInfo_Page": null

2024-10-17 14:56:22 - [TEST_STEP][PASSED] - orPath_FilingStatus = "Object Repository/RAD_Pages/FilingStatus_Page": null

2024-10-17 14:56:22 - [TEST_STEP][PASSED] - orPath_Amount = "Object Repository/RAD_Pages/PaymentAmount_Page": null

2024-10-17 14:56:22 - [TEST_STEP][PASSED] - selectOptionByLabel(findTestObject(orPath_Landing + "/dd_TaxType"), Paymenttype, false): All options with label 'New Tax Return Amount Due' are selected in object 'Object Repository/RAD_Pages/Landing_Page/dd_TaxType' 

2024-10-17 14:56:24 - [MESSAGE][PASSED] - All options with label 'New Tax Return Amount Due' are selected in object 'Object Repository/RAD_Pages/Landing_Page/dd_TaxType' 

2024-10-17 14:56:24 - [TEST_STEP][PASSED] - delay(1): Delayed 1 second(s)

2024-10-17 14:56:25 - [MESSAGE][PASSED] - Delayed 1 second(s)

2024-10-17 14:56:25 - [TEST_STEP][PASSED] - switch (Paymenttype): null

2024-10-17 14:56:25 - [TEST_STEP][PASSED] - case "New Tax Return Amount Due":: null

2024-10-17 14:56:25 - [TEST_STEP][PASSED] - selectOptionByLabel(findTestObject("Object Repository/RAD_Pages/Landing_Page/select_NewTaxReturnAmountDue_TaxType"), Taxtype, false): All options with label 'Transportation Network Services' are selected in object 'Object Repository/RAD_Pages/Landing_Page/select_NewTaxReturnAmountDue_TaxType' 

2024-10-17 14:56:25 - [MESSAGE][PASSED] - All options with label 'Transportation Network Services' are selected in object 'Object Repository/RAD_Pages/Landing_Page/select_NewTaxReturnAmountDue_TaxType' 

2024-10-17 14:56:25 - [TEST_STEP][PASSED] - break: null

2024-10-17 14:56:25 - [TEST_STEP][PASSED] - delay(1): Delayed 1 second(s)

2024-10-17 14:56:26 - [MESSAGE][PASSED] - Delayed 1 second(s)

2024-10-17 14:56:26 - [TEST_STEP][PASSED] - scrollToElement(findTestObject(orPath_Amount + "/input__paymentAmount"), 3): Scroll to object 'Object Repository/RAD_Pages/PaymentAmount_Page/input__paymentAmount' successfully

2024-10-17 14:56:27 - [MESSAGE][PASSED] - Scroll to object 'Object Repository/RAD_Pages/PaymentAmount_Page/input__paymentAmount' successfully

2024-10-17 14:56:27 - [TEST_STEP][PASSED] - setText(findTestObject(orPath_AddressContact + "/input_eMailAddress"), "imtiazster@gmail.com"): Text 'imtiazster@gmail.com' is set on object 'Object Repository/RAD_Pages/AddressAndContactInfo_Page/input_eMailAddress'

2024-10-17 14:56:28 - [MESSAGE][PASSED] - Text 'imtiazster@gmail.com' is set on object 'Object Repository/RAD_Pages/AddressAndContactInfo_Page/input_eMailAddress'

2024-10-17 14:56:28 - [TEST_STEP][PASSED] - setText(findTestObject(orPath_AddressContact + "/input_reEnterEMailAddress"), "iahmed@govolution.com"): Text 'iahmed@govolution.com' is set on object 'Object Repository/RAD_Pages/AddressAndContactInfo_Page/input_reEnterEMailAddress'

2024-10-17 14:56:28 - [MESSAGE][PASSED] - Text 'iahmed@govolution.com' is set on object 'Object Repository/RAD_Pages/AddressAndContactInfo_Page/input_reEnterEMailAddress'

2024-10-17 14:56:28 - [TEST_STEP][PASSED] - delay(2): Delayed 2 second(s)

2024-10-17 14:56:30 - [MESSAGE][PASSED] - Delayed 2 second(s)

2024-10-17 14:56:30 - [TEST_STEP][PASSED] - if (verifyTextPresent("The Email and Re-enter email do not match", true)): null

2024-10-17 14:56:31 - [MESSAGE][PASSED] - Text 'The Email and Re-enter email do not match' is present on page  using regular expression

2024-10-17 14:56:31 - [TEST_STEP][PASSED] - println("Emails Dont match text is present"): null

2024-10-17 14:56:31 - [TEST_STEP][PASSED] - out.println("Pass Record Number: " + row): null

2024-10-17 14:56:31 - [TEST_STEP][PASSED] - resText = "Pass": null

2024-10-17 14:56:31 - [TEST_STEP][PASSED] - pages.WriteExcel.demoKey(resText, datText, resColumn, datCloumn, fileLoc, nameSheet, row): pages.WriteExcel.demoKey is PASSED

2024-10-17 14:56:31 - [MESSAGE][PASSED] - pages.WriteExcel.demoKey is PASSED

2024-10-17 14:56:31 - [TEST_STEP][PASSED] - ExecuteTC = findTestData(dataFile).getValue("Execute", row): null

2024-10-17 14:56:31 - [TEST_STEP][PASSED] - Taxtype = findTestData(dataFile).getValue("TaxType", row): null

2024-10-17 14:56:31 - [TEST_STEP][PASSED] - Paymenttype = findTestData(dataFile).getValue("PaymentType", row): null

2024-10-17 14:56:31 - [TEST_STEP][PASSED] - out.println("Value of Execute is : " + ExecuteTC): null

2024-10-17 14:56:31 - [TEST_STEP][PASSED] - if (ExecuteTC.equalsIgnoreCase("Y")): null

2024-10-17 14:56:31 - [TEST_STEP][PASSED] - out.println("Begin Record Number: " + row): null

2024-10-17 14:56:31 - [TEST_STEP][PASSED] - today = new java.util.Date(): null

2024-10-17 14:56:31 - [TEST_STEP][PASSED] - println(today): null

2024-10-17 14:56:31 - [TEST_STEP][PASSED] - datText = today: null

2024-10-17 14:56:31 - [TEST_STEP][PASSED] - Taxtype = findTestData(dataFile).getValue("TaxType", row): null

2024-10-17 14:56:31 - [TEST_STEP][PASSED] - out.println("Taxtype value is : " + Taxtype): null

2024-10-17 14:56:31 - [TEST_STEP][PASSED] - openBrowser(""): Browser is opened with url: ''

2024-10-17 14:56:31 - [MESSAGE][WARNING] - A browser is already opened. Closing browser and opening a new one

2024-10-17 14:56:33 - [MESSAGE][INFO] - Starting 'Chrome' driver

2024-10-17 14:56:33 - [MESSAGE][INFO] - User set preference: ['acceptInsecureCerts', 'true']

2024-10-17 14:56:33 - [MESSAGE][INFO] - Action delay is set to 0 milliseconds

2024-10-17 14:56:35 - [MESSAGE][PASSED] - Browser is opened with url: ''

2024-10-17 14:56:35 - [TEST_STEP][PASSED] - maximizeWindow(): Current window maximized

2024-10-17 14:56:35 - [MESSAGE][PASSED] - Current window maximized

2024-10-17 14:56:35 - [TEST_STEP][PASSED] - navigateToUrl(RADurl): Navigate to 'https://demo.velocitypayment.com/client/rad/index.html' successfully

2024-10-17 14:56:36 - [MESSAGE][PASSED] - Navigate to 'https://demo.velocitypayment.com/client/rad/index.html' successfully

2024-10-17 14:56:36 - [TEST_STEP][PASSED] - orPath_Landing = "Object Repository/RAD_Pages/Landing_Page": null

2024-10-17 14:56:36 - [TEST_STEP][PASSED] - orPath_TaxTypeFilingYear = "Object Repository/RAD_Pages/TaxTypeFilingYear_Page": null

2024-10-17 14:56:36 - [TEST_STEP][PASSED] - orPath_TaxPayer = "Object Repository/RAD_Pages/Taxpayer_Page": null

2024-10-17 14:56:36 - [TEST_STEP][PASSED] - orPath_AddressContact = "Object Repository/RAD_Pages/AddressAndContactInfo_Page": null

2024-10-17 14:56:36 - [TEST_STEP][PASSED] - orPath_FilingStatus = "Object Repository/RAD_Pages/FilingStatus_Page": null

2024-10-17 14:56:36 - [TEST_STEP][PASSED] - orPath_Amount = "Object Repository/RAD_Pages/PaymentAmount_Page": null

2024-10-17 14:56:36 - [TEST_STEP][PASSED] - selectOptionByLabel(findTestObject(orPath_Landing + "/dd_TaxType"), Paymenttype, false): All options with label 'New Tax Return Amount Due' are selected in object 'Object Repository/RAD_Pages/Landing_Page/dd_TaxType' 

2024-10-17 14:56:37 - [MESSAGE][PASSED] - All options with label 'New Tax Return Amount Due' are selected in object 'Object Repository/RAD_Pages/Landing_Page/dd_TaxType' 

2024-10-17 14:56:37 - [TEST_STEP][PASSED] - delay(1): Delayed 1 second(s)

2024-10-17 14:56:38 - [MESSAGE][PASSED] - Delayed 1 second(s)

2024-10-17 14:56:38 - [TEST_STEP][PASSED] - switch (Paymenttype): null

2024-10-17 14:56:38 - [TEST_STEP][PASSED] - case "New Tax Return Amount Due":: null

2024-10-17 14:56:38 - [TEST_STEP][PASSED] - selectOptionByLabel(findTestObject("Object Repository/RAD_Pages/Landing_Page/select_NewTaxReturnAmountDue_TaxType"), Taxtype, false): All options with label 'Unclaimed Property' are selected in object 'Object Repository/RAD_Pages/Landing_Page/select_NewTaxReturnAmountDue_TaxType' 

2024-10-17 14:56:39 - [MESSAGE][PASSED] - All options with label 'Unclaimed Property' are selected in object 'Object Repository/RAD_Pages/Landing_Page/select_NewTaxReturnAmountDue_TaxType' 

2024-10-17 14:56:39 - [TEST_STEP][PASSED] - break: null

2024-10-17 14:56:39 - [TEST_STEP][PASSED] - delay(1): Delayed 1 second(s)

2024-10-17 14:56:40 - [MESSAGE][PASSED] - Delayed 1 second(s)

2024-10-17 14:56:40 - [TEST_STEP][PASSED] - scrollToElement(findTestObject(orPath_Amount + "/input__paymentAmount"), 3): Scroll to object 'Object Repository/RAD_Pages/PaymentAmount_Page/input__paymentAmount' successfully

2024-10-17 14:56:40 - [MESSAGE][PASSED] - Scroll to object 'Object Repository/RAD_Pages/PaymentAmount_Page/input__paymentAmount' successfully

2024-10-17 14:56:40 - [TEST_STEP][PASSED] - setText(findTestObject(orPath_AddressContact + "/input_eMailAddress"), "imtiazster@gmail.com"): Text 'imtiazster@gmail.com' is set on object 'Object Repository/RAD_Pages/AddressAndContactInfo_Page/input_eMailAddress'

2024-10-17 14:56:41 - [MESSAGE][PASSED] - Text 'imtiazster@gmail.com' is set on object 'Object Repository/RAD_Pages/AddressAndContactInfo_Page/input_eMailAddress'

2024-10-17 14:56:41 - [TEST_STEP][PASSED] - setText(findTestObject(orPath_AddressContact + "/input_reEnterEMailAddress"), "iahmed@govolution.com"): Text 'iahmed@govolution.com' is set on object 'Object Repository/RAD_Pages/AddressAndContactInfo_Page/input_reEnterEMailAddress'

2024-10-17 14:56:42 - [MESSAGE][PASSED] - Text 'iahmed@govolution.com' is set on object 'Object Repository/RAD_Pages/AddressAndContactInfo_Page/input_reEnterEMailAddress'

2024-10-17 14:56:42 - [TEST_STEP][PASSED] - delay(2): Delayed 2 second(s)

2024-10-17 14:56:44 - [MESSAGE][PASSED] - Delayed 2 second(s)

2024-10-17 14:56:44 - [TEST_STEP][PASSED] - if (verifyTextPresent("The Email and Re-enter email do not match", true)): null

2024-10-17 14:56:44 - [MESSAGE][PASSED] - Text 'The Email and Re-enter email do not match' is present on page  using regular expression

2024-10-17 14:56:44 - [TEST_STEP][PASSED] - println("Emails Dont match text is present"): null

2024-10-17 14:56:44 - [TEST_STEP][PASSED] - out.println("Pass Record Number: " + row): null

2024-10-17 14:56:44 - [TEST_STEP][PASSED] - resText = "Pass": null

2024-10-17 14:56:44 - [TEST_STEP][PASSED] - pages.WriteExcel.demoKey(resText, datText, resColumn, datCloumn, fileLoc, nameSheet, row): pages.WriteExcel.demoKey is PASSED

2024-10-17 14:56:44 - [MESSAGE][PASSED] - pages.WriteExcel.demoKey is PASSED

2024-10-17 14:56:44 - [TEST_STEP][PASSED] - ExecuteTC = findTestData(dataFile).getValue("Execute", row): null

2024-10-17 14:56:44 - [TEST_STEP][PASSED] - Taxtype = findTestData(dataFile).getValue("TaxType", row): null

2024-10-17 14:56:44 - [TEST_STEP][PASSED] - Paymenttype = findTestData(dataFile).getValue("PaymentType", row): null

2024-10-17 14:56:44 - [TEST_STEP][PASSED] - out.println("Value of Execute is : " + ExecuteTC): null

2024-10-17 14:56:44 - [TEST_STEP][PASSED] - if (ExecuteTC.equalsIgnoreCase("Y")): null

2024-10-17 14:56:44 - [TEST_STEP][PASSED] - out.println("Begin Record Number: " + row): null

2024-10-17 14:56:44 - [TEST_STEP][PASSED] - today = new java.util.Date(): null

2024-10-17 14:56:44 - [TEST_STEP][PASSED] - println(today): null

2024-10-17 14:56:44 - [TEST_STEP][PASSED] - datText = today: null

2024-10-17 14:56:44 - [TEST_STEP][PASSED] - Taxtype = findTestData(dataFile).getValue("TaxType", row): null

2024-10-17 14:56:44 - [TEST_STEP][PASSED] - out.println("Taxtype value is : " + Taxtype): null

2024-10-17 14:56:44 - [TEST_STEP][PASSED] - openBrowser(""): Browser is opened with url: ''

2024-10-17 14:56:44 - [MESSAGE][WARNING] - A browser is already opened. Closing browser and opening a new one

2024-10-17 14:56:46 - [MESSAGE][INFO] - Starting 'Chrome' driver

2024-10-17 14:56:46 - [MESSAGE][INFO] - User set preference: ['acceptInsecureCerts', 'true']

2024-10-17 14:56:46 - [MESSAGE][INFO] - Action delay is set to 0 milliseconds

2024-10-17 14:56:48 - [MESSAGE][PASSED] - Browser is opened with url: ''

2024-10-17 14:56:48 - [TEST_STEP][PASSED] - maximizeWindow(): Current window maximized

2024-10-17 14:56:48 - [MESSAGE][PASSED] - Current window maximized

2024-10-17 14:56:48 - [TEST_STEP][PASSED] - navigateToUrl(RADurl): Navigate to 'https://demo.velocitypayment.com/client/rad/index.html' successfully

2024-10-17 14:56:50 - [MESSAGE][PASSED] - Navigate to 'https://demo.velocitypayment.com/client/rad/index.html' successfully

2024-10-17 14:56:50 - [TEST_STEP][PASSED] - orPath_Landing = "Object Repository/RAD_Pages/Landing_Page": null

2024-10-17 14:56:50 - [TEST_STEP][PASSED] - orPath_TaxTypeFilingYear = "Object Repository/RAD_Pages/TaxTypeFilingYear_Page": null

2024-10-17 14:56:50 - [TEST_STEP][PASSED] - orPath_TaxPayer = "Object Repository/RAD_Pages/Taxpayer_Page": null

2024-10-17 14:56:50 - [TEST_STEP][PASSED] - orPath_AddressContact = "Object Repository/RAD_Pages/AddressAndContactInfo_Page": null

2024-10-17 14:56:50 - [TEST_STEP][PASSED] - orPath_FilingStatus = "Object Repository/RAD_Pages/FilingStatus_Page": null

2024-10-17 14:56:50 - [TEST_STEP][PASSED] - orPath_Amount = "Object Repository/RAD_Pages/PaymentAmount_Page": null

2024-10-17 14:56:50 - [TEST_STEP][PASSED] - selectOptionByLabel(findTestObject(orPath_Landing + "/dd_TaxType"), Paymenttype, false): All options with label 'New Tax Return Amount Due' are selected in object 'Object Repository/RAD_Pages/Landing_Page/dd_TaxType' 

2024-10-17 14:56:51 - [MESSAGE][PASSED] - All options with label 'New Tax Return Amount Due' are selected in object 'Object Repository/RAD_Pages/Landing_Page/dd_TaxType' 

2024-10-17 14:56:51 - [TEST_STEP][PASSED] - delay(1): Delayed 1 second(s)

2024-10-17 14:56:52 - [MESSAGE][PASSED] - Delayed 1 second(s)

2024-10-17 14:56:52 - [TEST_STEP][PASSED] - switch (Paymenttype): null

2024-10-17 14:56:52 - [TEST_STEP][PASSED] - case "New Tax Return Amount Due":: null

2024-10-17 14:56:52 - [TEST_STEP][PASSED] - selectOptionByLabel(findTestObject("Object Repository/RAD_Pages/Landing_Page/select_NewTaxReturnAmountDue_TaxType"), Taxtype, false): All options with label 'Withholding Tax' are selected in object 'Object Repository/RAD_Pages/Landing_Page/select_NewTaxReturnAmountDue_TaxType' 

2024-10-17 14:56:52 - [MESSAGE][PASSED] - All options with label 'Withholding Tax' are selected in object 'Object Repository/RAD_Pages/Landing_Page/select_NewTaxReturnAmountDue_TaxType' 

2024-10-17 14:56:52 - [TEST_STEP][PASSED] - break: null

2024-10-17 14:56:52 - [TEST_STEP][PASSED] - delay(1): Delayed 1 second(s)

2024-10-17 14:56:53 - [MESSAGE][PASSED] - Delayed 1 second(s)

2024-10-17 14:56:53 - [TEST_STEP][PASSED] - scrollToElement(findTestObject(orPath_Amount + "/input__paymentAmount"), 3): Scroll to object 'Object Repository/RAD_Pages/PaymentAmount_Page/input__paymentAmount' successfully

2024-10-17 14:56:54 - [MESSAGE][PASSED] - Scroll to object 'Object Repository/RAD_Pages/PaymentAmount_Page/input__paymentAmount' successfully

2024-10-17 14:56:54 - [TEST_STEP][PASSED] - setText(findTestObject(orPath_AddressContact + "/input_eMailAddress"), "imtiazster@gmail.com"): Text 'imtiazster@gmail.com' is set on object 'Object Repository/RAD_Pages/AddressAndContactInfo_Page/input_eMailAddress'

2024-10-17 14:56:54 - [MESSAGE][PASSED] - Text 'imtiazster@gmail.com' is set on object 'Object Repository/RAD_Pages/AddressAndContactInfo_Page/input_eMailAddress'

2024-10-17 14:56:54 - [TEST_STEP][PASSED] - setText(findTestObject(orPath_AddressContact + "/input_reEnterEMailAddress"), "iahmed@govolution.com"): Text 'iahmed@govolution.com' is set on object 'Object Repository/RAD_Pages/AddressAndContactInfo_Page/input_reEnterEMailAddress'

2024-10-17 14:56:55 - [MESSAGE][PASSED] - Text 'iahmed@govolution.com' is set on object 'Object Repository/RAD_Pages/AddressAndContactInfo_Page/input_reEnterEMailAddress'

2024-10-17 14:56:55 - [TEST_STEP][PASSED] - delay(2): Delayed 2 second(s)

2024-10-17 14:56:57 - [MESSAGE][PASSED] - Delayed 2 second(s)

2024-10-17 14:56:57 - [TEST_STEP][PASSED] - if (verifyTextPresent("The Email and Re-enter email do not match", true)): null

2024-10-17 14:56:58 - [MESSAGE][PASSED] - Text 'The Email and Re-enter email do not match' is present on page  using regular expression

2024-10-17 14:56:58 - [TEST_STEP][PASSED] - println("Emails Dont match text is present"): null

2024-10-17 14:56:58 - [TEST_STEP][PASSED] - out.println("Pass Record Number: " + row): null

2024-10-17 14:56:58 - [TEST_STEP][PASSED] - resText = "Pass": null

2024-10-17 14:56:58 - [TEST_STEP][PASSED] - pages.WriteExcel.demoKey(resText, datText, resColumn, datCloumn, fileLoc, nameSheet, row): pages.WriteExcel.demoKey is PASSED

2024-10-17 14:56:58 - [MESSAGE][PASSED] - pages.WriteExcel.demoKey is PASSED]]></system-out>
         <system-err><![CDATA[]]></system-err>
      </testcase>
      <testcase name="Test Cases/RAD_TestCases/Negative_TestCases/TaxPayerSSNNoMatch" time="87.87" classname="Test Cases/RAD_TestCases/Negative_TestCases/TaxPayerSSNNoMatch" status="PASSED">
         <system-out><![CDATA[2024-10-17 14:56:58 - [TEST_CASE][PASSED] - Test Cases/RAD_TestCases/Negative_TestCases/TaxPayerSSNNoMatch: Test Cases/RAD_TestCases/Negative_TestCases/TaxPayerSSNNoMatch

2024-10-17 14:56:59 - [TEST_STEP][PASSED] - resText = "Fail": null

2024-10-17 14:56:59 - [TEST_STEP][PASSED] - resColumn = "Result": null

2024-10-17 14:56:59 - [TEST_STEP][PASSED] - datCloumn = "Date": null

2024-10-17 14:56:59 - [TEST_STEP][PASSED] - fileLoc = "KatalonData/RADTestData/TaxPayerSSNNoMatch.xlsx": null

2024-10-17 14:56:59 - [TEST_STEP][PASSED] - nameSheet = "Sheet1": null

2024-10-17 14:56:59 - [TEST_STEP][PASSED] - dataFile = "RADTestData/TaxPayerSSNNoMatch": null

2024-10-17 14:56:59 - [TEST_STEP][PASSED] - ExecuteTC = <not implemented yet for class: org.codehaus.groovy.ast.expr.EmptyExpression>: null

2024-10-17 14:56:59 - [TEST_STEP][PASSED] - Taxtype = <not implemented yet for class: org.codehaus.groovy.ast.expr.EmptyExpression>: null

2024-10-17 14:56:59 - [TEST_STEP][PASSED] - numOfRows = findTestData(dataFile).getRowNumbers(): null

2024-10-17 14:56:59 - [TEST_STEP][PASSED] - println("Number of Records: " + numOfRows): null

2024-10-17 14:56:59 - [TEST_STEP][PASSED] - for ([row = 1, row <= numOfRows, (row++)]): null

2024-10-17 14:56:59 - [TEST_STEP][PASSED] - ExecuteTC = findTestData(dataFile).getValue("Execute", row): null

2024-10-17 14:56:59 - [TEST_STEP][PASSED] - Taxtype = findTestData(dataFile).getValue("TaxType", row): null

2024-10-17 14:56:59 - [TEST_STEP][PASSED] - Paymenttype = findTestData(dataFile).getValue("PaymentType", row): null

2024-10-17 14:56:59 - [TEST_STEP][PASSED] - out.println("Value of Execute is : " + ExecuteTC): null

2024-10-17 14:56:59 - [TEST_STEP][PASSED] - if (ExecuteTC.equalsIgnoreCase("Y")): null

2024-10-17 14:56:59 - [TEST_STEP][PASSED] - out.println("Begin Record Number: " + row): null

2024-10-17 14:56:59 - [TEST_STEP][PASSED] - today = new java.util.Date(): null

2024-10-17 14:56:59 - [TEST_STEP][PASSED] - println(today): null

2024-10-17 14:56:59 - [TEST_STEP][PASSED] - datText = today: null

2024-10-17 14:56:59 - [TEST_STEP][PASSED] - Taxtype = findTestData(dataFile).getValue("TaxType", row): null

2024-10-17 14:56:59 - [TEST_STEP][PASSED] - out.println("Taxtype value is : " + Taxtype): null

2024-10-17 14:56:59 - [TEST_STEP][PASSED] - openBrowser(""): Browser is opened with url: ''

2024-10-17 14:56:59 - [MESSAGE][WARNING] - A browser is already opened. Closing browser and opening a new one

2024-10-17 14:57:01 - [MESSAGE][INFO] - Starting 'Chrome' driver

2024-10-17 14:57:01 - [MESSAGE][INFO] - User set preference: ['acceptInsecureCerts', 'true']

2024-10-17 14:57:01 - [MESSAGE][INFO] - Action delay is set to 0 milliseconds

2024-10-17 14:57:02 - [MESSAGE][PASSED] - Browser is opened with url: ''

2024-10-17 14:57:02 - [TEST_STEP][PASSED] - maximizeWindow(): Current window maximized

2024-10-17 14:57:03 - [MESSAGE][PASSED] - Current window maximized

2024-10-17 14:57:03 - [TEST_STEP][PASSED] - navigateToUrl(RADurl): Navigate to 'https://demo.velocitypayment.com/client/rad/index.html' successfully

2024-10-17 14:57:05 - [MESSAGE][PASSED] - Navigate to 'https://demo.velocitypayment.com/client/rad/index.html' successfully

2024-10-17 14:57:05 - [TEST_STEP][PASSED] - orPath_Landing = "Object Repository/RAD_Pages/Landing_Page": null

2024-10-17 14:57:05 - [TEST_STEP][PASSED] - orPath_TaxTypeFilingYear = "Object Repository/RAD_Pages/TaxTypeFilingYear_Page": null

2024-10-17 14:57:05 - [TEST_STEP][PASSED] - orPath_TaxPayer = "Object Repository/RAD_Pages/Taxpayer_Page": null

2024-10-17 14:57:05 - [TEST_STEP][PASSED] - orPath_AddressContact = "Object Repository/RAD_Pages/AddressAndContactInfo_Page": null

2024-10-17 14:57:05 - [TEST_STEP][PASSED] - orPath_FilingStatus = "Object Repository/RAD_Pages/FilingStatus_Page": null

2024-10-17 14:57:05 - [TEST_STEP][PASSED] - orPath_Amount = "Object Repository/RAD_Pages/PaymentAmount_Page": null

2024-10-17 14:57:05 - [TEST_STEP][PASSED] - orPath_TaxInfo = "Object Repository/RAD_Pages/TaxInfo_Page": null

2024-10-17 14:57:05 - [TEST_STEP][PASSED] - selectOptionByLabel(findTestObject(orPath_Landing + "/dd_TaxType"), Paymenttype, false): All options with label 'Existing Liability with Notice/Invoice Number' are selected in object 'Object Repository/RAD_Pages/Landing_Page/dd_TaxType' 

2024-10-17 14:57:05 - [MESSAGE][PASSED] - All options with label 'Existing Liability with Notice/Invoice Number' are selected in object 'Object Repository/RAD_Pages/Landing_Page/dd_TaxType' 

2024-10-17 14:57:05 - [TEST_STEP][PASSED] - delay(1): Delayed 1 second(s)

2024-10-17 14:57:06 - [MESSAGE][PASSED] - Delayed 1 second(s)

2024-10-17 14:57:06 - [TEST_STEP][PASSED] - switch (Paymenttype): null

2024-10-17 14:57:06 - [TEST_STEP][PASSED] - case "Existing Liability with Notice/Invoice Number":: null

2024-10-17 14:57:06 - [TEST_STEP][PASSED] - selectOptionByLabel(findTestObject(orPath_TaxTypeFilingYear + "/select_TaxType_ExistingLiability"), Taxtype, false): All options with label 'Personal Income Tax' are selected in object 'Object Repository/RAD_Pages/TaxTypeFilingYear_Page/select_TaxType_ExistingLiability' 

2024-10-17 14:57:07 - [MESSAGE][PASSED] - All options with label 'Personal Income Tax' are selected in object 'Object Repository/RAD_Pages/TaxTypeFilingYear_Page/select_TaxType_ExistingLiability' 

2024-10-17 14:57:07 - [TEST_STEP][PASSED] - break: null

2024-10-17 14:57:07 - [TEST_STEP][PASSED] - delay(1): Delayed 1 second(s)

2024-10-17 14:57:08 - [MESSAGE][PASSED] - Delayed 1 second(s)

2024-10-17 14:57:08 - [TEST_STEP][PASSED] - scrollToElement(findTestObject(orPath_TaxPayer + "/input_firstName"), 3): Scroll to object 'Object Repository/RAD_Pages/Taxpayer_Page/input_firstName' successfully

2024-10-17 14:57:08 - [MESSAGE][PASSED] - Scroll to object 'Object Repository/RAD_Pages/Taxpayer_Page/input_firstName' successfully

2024-10-17 14:57:08 - [TEST_STEP][PASSED] - switch (Paymenttype): null

2024-10-17 14:57:08 - [TEST_STEP][PASSED] - case "Existing Liability with Notice/Invoice Number":: null

2024-10-17 14:57:08 - [TEST_STEP][PASSED] - if (Taxtype.equalsIgnoreCase("Estate Tax")): null

2024-10-17 14:57:08 - [TEST_STEP][PASSED] - else: Text 'Anderson' is set on object 'Object Repository/RAD_Pages/Taxpayer_Page/input_lastName'

2024-10-17 14:57:08 - [TEST_STEP][PASSED] - setText(findTestObject(orPath_TaxInfo + "/input_Existing_SSN"), "111111111"): Text '111111111' is set on object 'Object Repository/RAD_Pages/TaxInfo_Page/input_Existing_SSN'

2024-10-17 14:57:09 - [MESSAGE][PASSED] - Text '111111111' is set on object 'Object Repository/RAD_Pages/TaxInfo_Page/input_Existing_SSN'

2024-10-17 14:57:09 - [TEST_STEP][PASSED] - setText(findTestObject(orPath_TaxInfo + "/input_Existing_RetypeSSN"), "222222222"): Text '222222222' is set on object 'Object Repository/RAD_Pages/TaxInfo_Page/input_Existing_RetypeSSN'

2024-10-17 14:57:10 - [MESSAGE][PASSED] - Text '222222222' is set on object 'Object Repository/RAD_Pages/TaxInfo_Page/input_Existing_RetypeSSN'

2024-10-17 14:57:10 - [TEST_STEP][PASSED] - setText(findTestObject(orPath_TaxPayer + "/input_lastName"), "Anderson"): Text 'Anderson' is set on object 'Object Repository/RAD_Pages/Taxpayer_Page/input_lastName'

2024-10-17 14:57:12 - [MESSAGE][PASSED] - Text 'Anderson' is set on object 'Object Repository/RAD_Pages/Taxpayer_Page/input_lastName'

2024-10-17 14:57:12 - [TEST_STEP][PASSED] - break: null

2024-10-17 14:57:12 - [TEST_STEP][PASSED] - delay(2): Delayed 2 second(s)

2024-10-17 14:57:14 - [MESSAGE][PASSED] - Delayed 2 second(s)

2024-10-17 14:57:14 - [TEST_STEP][PASSED] - switch (Taxtype): null

2024-10-17 14:57:14 - [TEST_STEP][PASSED] - Default: null

2024-10-17 14:57:14 - [TEST_STEP][PASSED] - if (verifyTextPresent("The SSN and Re-type SSN do not match", true)): null

2024-10-17 14:57:14 - [MESSAGE][PASSED] - Text 'The SSN and Re-type SSN do not match' is present on page  using regular expression

2024-10-17 14:57:14 - [TEST_STEP][PASSED] - println("Taxpayer SSN Dont match text is present"): null

2024-10-17 14:57:14 - [TEST_STEP][PASSED] - out.println("Pass Record Number: " + row): null

2024-10-17 14:57:14 - [TEST_STEP][PASSED] - resText = "Pass": null

2024-10-17 14:57:14 - [TEST_STEP][PASSED] - pages.WriteExcel.demoKey(resText, datText, resColumn, datCloumn, fileLoc, nameSheet, row): pages.WriteExcel.demoKey is PASSED

2024-10-17 14:57:14 - [MESSAGE][PASSED] - pages.WriteExcel.demoKey is PASSED

2024-10-17 14:57:14 - [TEST_STEP][PASSED] - break: null

2024-10-17 14:57:14 - [TEST_STEP][PASSED] - ExecuteTC = findTestData(dataFile).getValue("Execute", row): null

2024-10-17 14:57:14 - [TEST_STEP][PASSED] - Taxtype = findTestData(dataFile).getValue("TaxType", row): null

2024-10-17 14:57:14 - [TEST_STEP][PASSED] - Paymenttype = findTestData(dataFile).getValue("PaymentType", row): null

2024-10-17 14:57:14 - [TEST_STEP][PASSED] - out.println("Value of Execute is : " + ExecuteTC): null

2024-10-17 14:57:14 - [TEST_STEP][PASSED] - if (ExecuteTC.equalsIgnoreCase("Y")): null

2024-10-17 14:57:14 - [TEST_STEP][PASSED] - out.println("Begin Record Number: " + row): null

2024-10-17 14:57:14 - [TEST_STEP][PASSED] - today = new java.util.Date(): null

2024-10-17 14:57:14 - [TEST_STEP][PASSED] - println(today): null

2024-10-17 14:57:14 - [TEST_STEP][PASSED] - datText = today: null

2024-10-17 14:57:14 - [TEST_STEP][PASSED] - Taxtype = findTestData(dataFile).getValue("TaxType", row): null

2024-10-17 14:57:14 - [TEST_STEP][PASSED] - out.println("Taxtype value is : " + Taxtype): null

2024-10-17 14:57:14 - [TEST_STEP][PASSED] - openBrowser(""): Browser is opened with url: ''

2024-10-17 14:57:14 - [MESSAGE][WARNING] - A browser is already opened. Closing browser and opening a new one

2024-10-17 14:57:16 - [MESSAGE][INFO] - Starting 'Chrome' driver

2024-10-17 14:57:16 - [MESSAGE][INFO] - User set preference: ['acceptInsecureCerts', 'true']

2024-10-17 14:57:16 - [MESSAGE][INFO] - Action delay is set to 0 milliseconds

2024-10-17 14:57:18 - [MESSAGE][PASSED] - Browser is opened with url: ''

2024-10-17 14:57:18 - [TEST_STEP][PASSED] - maximizeWindow(): Current window maximized

2024-10-17 14:57:18 - [MESSAGE][PASSED] - Current window maximized

2024-10-17 14:57:18 - [TEST_STEP][PASSED] - navigateToUrl(RADurl): Navigate to 'https://demo.velocitypayment.com/client/rad/index.html' successfully

2024-10-17 14:57:20 - [MESSAGE][PASSED] - Navigate to 'https://demo.velocitypayment.com/client/rad/index.html' successfully

2024-10-17 14:57:20 - [TEST_STEP][PASSED] - orPath_Landing = "Object Repository/RAD_Pages/Landing_Page": null

2024-10-17 14:57:20 - [TEST_STEP][PASSED] - orPath_TaxTypeFilingYear = "Object Repository/RAD_Pages/TaxTypeFilingYear_Page": null

2024-10-17 14:57:20 - [TEST_STEP][PASSED] - orPath_TaxPayer = "Object Repository/RAD_Pages/Taxpayer_Page": null

2024-10-17 14:57:20 - [TEST_STEP][PASSED] - orPath_AddressContact = "Object Repository/RAD_Pages/AddressAndContactInfo_Page": null

2024-10-17 14:57:20 - [TEST_STEP][PASSED] - orPath_FilingStatus = "Object Repository/RAD_Pages/FilingStatus_Page": null

2024-10-17 14:57:20 - [TEST_STEP][PASSED] - orPath_Amount = "Object Repository/RAD_Pages/PaymentAmount_Page": null

2024-10-17 14:57:20 - [TEST_STEP][PASSED] - orPath_TaxInfo = "Object Repository/RAD_Pages/TaxInfo_Page": null

2024-10-17 14:57:20 - [TEST_STEP][PASSED] - selectOptionByLabel(findTestObject(orPath_Landing + "/dd_TaxType"), Paymenttype, false): All options with label 'Quarterly Estimated Tax' are selected in object 'Object Repository/RAD_Pages/Landing_Page/dd_TaxType' 

2024-10-17 14:57:21 - [MESSAGE][PASSED] - All options with label 'Quarterly Estimated Tax' are selected in object 'Object Repository/RAD_Pages/Landing_Page/dd_TaxType' 

2024-10-17 14:57:21 - [TEST_STEP][PASSED] - delay(1): Delayed 1 second(s)

2024-10-17 14:57:22 - [MESSAGE][PASSED] - Delayed 1 second(s)

2024-10-17 14:57:22 - [TEST_STEP][PASSED] - switch (Paymenttype): null

2024-10-17 14:57:22 - [TEST_STEP][PASSED] - case "Quarterly Estimated Tax":: null

2024-10-17 14:57:22 - [TEST_STEP][PASSED] - selectOptionByLabel(findTestObject(orPath_TaxTypeFilingYear + "/select_PaymentType"), Taxtype, false): All options with label 'Personal Income Tax' are selected in object 'Object Repository/RAD_Pages/TaxTypeFilingYear_Page/select_PaymentType' 

2024-10-17 14:57:22 - [MESSAGE][PASSED] - All options with label 'Personal Income Tax' are selected in object 'Object Repository/RAD_Pages/TaxTypeFilingYear_Page/select_PaymentType' 

2024-10-17 14:57:22 - [TEST_STEP][PASSED] - break: null

2024-10-17 14:57:22 - [TEST_STEP][PASSED] - delay(1): Delayed 1 second(s)

2024-10-17 14:57:23 - [MESSAGE][PASSED] - Delayed 1 second(s)

2024-10-17 14:57:23 - [TEST_STEP][PASSED] - scrollToElement(findTestObject(orPath_TaxPayer + "/input_firstName"), 3): Scroll to object 'Object Repository/RAD_Pages/Taxpayer_Page/input_firstName' successfully

2024-10-17 14:57:24 - [MESSAGE][PASSED] - Scroll to object 'Object Repository/RAD_Pages/Taxpayer_Page/input_firstName' successfully

2024-10-17 14:57:24 - [TEST_STEP][PASSED] - switch (Paymenttype): null

2024-10-17 14:57:24 - [TEST_STEP][PASSED] - case "Quarterly Estimated Tax":: null

2024-10-17 14:57:24 - [TEST_STEP][PASSED] - setText(findTestObject("RAD_RecordAndPlay/input_concatSSN"), "111111111"): Text '111111111' is set on object 'Object Repository/RAD_RecordAndPlay/input_concatSSN'

2024-10-17 14:57:24 - [MESSAGE][PASSED] - Text '111111111' is set on object 'Object Repository/RAD_RecordAndPlay/input_concatSSN'

2024-10-17 14:57:24 - [TEST_STEP][PASSED] - setText(findTestObject("RAD_RecordAndPlay/input_concatReSSN"), "222222222"): Text '222222222' is set on object 'Object Repository/RAD_RecordAndPlay/input_concatReSSN'

2024-10-17 14:57:25 - [MESSAGE][PASSED] - Text '222222222' is set on object 'Object Repository/RAD_RecordAndPlay/input_concatReSSN'

2024-10-17 14:57:25 - [TEST_STEP][PASSED] - setText(findTestObject(orPath_TaxPayer + "/input_lastName"), "Anderson"): Text 'Anderson' is set on object 'Object Repository/RAD_Pages/Taxpayer_Page/input_lastName'

2024-10-17 14:57:27 - [MESSAGE][PASSED] - Text 'Anderson' is set on object 'Object Repository/RAD_Pages/Taxpayer_Page/input_lastName'

2024-10-17 14:57:27 - [TEST_STEP][PASSED] - break: null

2024-10-17 14:57:27 - [TEST_STEP][PASSED] - delay(2): Delayed 2 second(s)

2024-10-17 14:57:29 - [MESSAGE][PASSED] - Delayed 2 second(s)

2024-10-17 14:57:29 - [TEST_STEP][PASSED] - switch (Taxtype): null

2024-10-17 14:57:29 - [TEST_STEP][PASSED] - Default: null

2024-10-17 14:57:29 - [TEST_STEP][PASSED] - if (verifyTextPresent("The SSN and Re-type SSN do not match", true)): null

2024-10-17 14:57:29 - [MESSAGE][PASSED] - Text 'The SSN and Re-type SSN do not match' is present on page  using regular expression

2024-10-17 14:57:29 - [TEST_STEP][PASSED] - println("Taxpayer SSN Dont match text is present"): null

2024-10-17 14:57:29 - [TEST_STEP][PASSED] - out.println("Pass Record Number: " + row): null

2024-10-17 14:57:29 - [TEST_STEP][PASSED] - resText = "Pass": null

2024-10-17 14:57:29 - [TEST_STEP][PASSED] - pages.WriteExcel.demoKey(resText, datText, resColumn, datCloumn, fileLoc, nameSheet, row): pages.WriteExcel.demoKey is PASSED

2024-10-17 14:57:29 - [MESSAGE][PASSED] - pages.WriteExcel.demoKey is PASSED

2024-10-17 14:57:29 - [TEST_STEP][PASSED] - break: null

2024-10-17 14:57:29 - [TEST_STEP][PASSED] - ExecuteTC = findTestData(dataFile).getValue("Execute", row): null

2024-10-17 14:57:29 - [TEST_STEP][PASSED] - Taxtype = findTestData(dataFile).getValue("TaxType", row): null

2024-10-17 14:57:29 - [TEST_STEP][PASSED] - Paymenttype = findTestData(dataFile).getValue("PaymentType", row): null

2024-10-17 14:57:29 - [TEST_STEP][PASSED] - out.println("Value of Execute is : " + ExecuteTC): null

2024-10-17 14:57:29 - [TEST_STEP][PASSED] - if (ExecuteTC.equalsIgnoreCase("Y")): null

2024-10-17 14:57:29 - [TEST_STEP][PASSED] - out.println("Begin Record Number: " + row): null

2024-10-17 14:57:29 - [TEST_STEP][PASSED] - today = new java.util.Date(): null

2024-10-17 14:57:29 - [TEST_STEP][PASSED] - println(today): null

2024-10-17 14:57:29 - [TEST_STEP][PASSED] - datText = today: null

2024-10-17 14:57:29 - [TEST_STEP][PASSED] - Taxtype = findTestData(dataFile).getValue("TaxType", row): null

2024-10-17 14:57:29 - [TEST_STEP][PASSED] - out.println("Taxtype value is : " + Taxtype): null

2024-10-17 14:57:29 - [TEST_STEP][PASSED] - openBrowser(""): Browser is opened with url: ''

2024-10-17 14:57:29 - [MESSAGE][WARNING] - A browser is already opened. Closing browser and opening a new one

2024-10-17 14:57:31 - [MESSAGE][INFO] - Starting 'Chrome' driver

2024-10-17 14:57:31 - [MESSAGE][INFO] - User set preference: ['acceptInsecureCerts', 'true']

2024-10-17 14:57:31 - [MESSAGE][INFO] - Action delay is set to 0 milliseconds

2024-10-17 14:57:32 - [MESSAGE][PASSED] - Browser is opened with url: ''

2024-10-17 14:57:32 - [TEST_STEP][PASSED] - maximizeWindow(): Current window maximized

2024-10-17 14:57:32 - [MESSAGE][PASSED] - Current window maximized

2024-10-17 14:57:32 - [TEST_STEP][PASSED] - navigateToUrl(RADurl): Navigate to 'https://demo.velocitypayment.com/client/rad/index.html' successfully

2024-10-17 14:57:35 - [MESSAGE][PASSED] - Navigate to 'https://demo.velocitypayment.com/client/rad/index.html' successfully

2024-10-17 14:57:35 - [TEST_STEP][PASSED] - orPath_Landing = "Object Repository/RAD_Pages/Landing_Page": null

2024-10-17 14:57:35 - [TEST_STEP][PASSED] - orPath_TaxTypeFilingYear = "Object Repository/RAD_Pages/TaxTypeFilingYear_Page": null

2024-10-17 14:57:35 - [TEST_STEP][PASSED] - orPath_TaxPayer = "Object Repository/RAD_Pages/Taxpayer_Page": null

2024-10-17 14:57:35 - [TEST_STEP][PASSED] - orPath_AddressContact = "Object Repository/RAD_Pages/AddressAndContactInfo_Page": null

2024-10-17 14:57:35 - [TEST_STEP][PASSED] - orPath_FilingStatus = "Object Repository/RAD_Pages/FilingStatus_Page": null

2024-10-17 14:57:35 - [TEST_STEP][PASSED] - orPath_Amount = "Object Repository/RAD_Pages/PaymentAmount_Page": null

2024-10-17 14:57:35 - [TEST_STEP][PASSED] - orPath_TaxInfo = "Object Repository/RAD_Pages/TaxInfo_Page": null

2024-10-17 14:57:35 - [TEST_STEP][PASSED] - selectOptionByLabel(findTestObject(orPath_Landing + "/dd_TaxType"), Paymenttype, false): All options with label 'Extension Payments' are selected in object 'Object Repository/RAD_Pages/Landing_Page/dd_TaxType' 

2024-10-17 14:57:35 - [MESSAGE][PASSED] - All options with label 'Extension Payments' are selected in object 'Object Repository/RAD_Pages/Landing_Page/dd_TaxType' 

2024-10-17 14:57:35 - [TEST_STEP][PASSED] - delay(1): Delayed 1 second(s)

2024-10-17 14:57:36 - [MESSAGE][PASSED] - Delayed 1 second(s)

2024-10-17 14:57:36 - [TEST_STEP][PASSED] - switch (Paymenttype): null

2024-10-17 14:57:36 - [TEST_STEP][PASSED] - case "Extension Payments":: null

2024-10-17 14:57:36 - [TEST_STEP][PASSED] - selectOptionByLabel(findTestObject(orPath_TaxTypeFilingYear + "/select_PaymentType"), Taxtype, false): All options with label 'Personal Income Tax' are selected in object 'Object Repository/RAD_Pages/TaxTypeFilingYear_Page/select_PaymentType' 

2024-10-17 14:57:37 - [MESSAGE][PASSED] - All options with label 'Personal Income Tax' are selected in object 'Object Repository/RAD_Pages/TaxTypeFilingYear_Page/select_PaymentType' 

2024-10-17 14:57:37 - [TEST_STEP][PASSED] - break: null

2024-10-17 14:57:37 - [TEST_STEP][PASSED] - delay(1): Delayed 1 second(s)

2024-10-17 14:57:38 - [MESSAGE][PASSED] - Delayed 1 second(s)

2024-10-17 14:57:38 - [TEST_STEP][PASSED] - scrollToElement(findTestObject(orPath_TaxPayer + "/input_firstName"), 3): Scroll to object 'Object Repository/RAD_Pages/Taxpayer_Page/input_firstName' successfully

2024-10-17 14:57:38 - [MESSAGE][PASSED] - Scroll to object 'Object Repository/RAD_Pages/Taxpayer_Page/input_firstName' successfully

2024-10-17 14:57:38 - [TEST_STEP][PASSED] - switch (Paymenttype): null

2024-10-17 14:57:38 - [TEST_STEP][PASSED] - case "Extension Payments":: null

2024-10-17 14:57:38 - [TEST_STEP][PASSED] - setText(findTestObject("RAD_RecordAndPlay/input_concatSSN"), "111111111"): Text '111111111' is set on object 'Object Repository/RAD_RecordAndPlay/input_concatSSN'

2024-10-17 14:57:39 - [MESSAGE][PASSED] - Text '111111111' is set on object 'Object Repository/RAD_RecordAndPlay/input_concatSSN'

2024-10-17 14:57:39 - [TEST_STEP][PASSED] - setText(findTestObject("RAD_RecordAndPlay/input_concatReSSN"), "222222222"): Text '222222222' is set on object 'Object Repository/RAD_RecordAndPlay/input_concatReSSN'

2024-10-17 14:57:40 - [MESSAGE][PASSED] - Text '222222222' is set on object 'Object Repository/RAD_RecordAndPlay/input_concatReSSN'

2024-10-17 14:57:40 - [TEST_STEP][PASSED] - setText(findTestObject(orPath_TaxPayer + "/input_lastName"), "Anderson"): Text 'Anderson' is set on object 'Object Repository/RAD_Pages/Taxpayer_Page/input_lastName'

2024-10-17 14:57:41 - [MESSAGE][PASSED] - Text 'Anderson' is set on object 'Object Repository/RAD_Pages/Taxpayer_Page/input_lastName'

2024-10-17 14:57:41 - [TEST_STEP][PASSED] - break: null

2024-10-17 14:57:41 - [TEST_STEP][PASSED] - delay(2): Delayed 2 second(s)

2024-10-17 14:57:43 - [MESSAGE][PASSED] - Delayed 2 second(s)

2024-10-17 14:57:43 - [TEST_STEP][PASSED] - switch (Taxtype): null

2024-10-17 14:57:43 - [TEST_STEP][PASSED] - Default: null

2024-10-17 14:57:43 - [TEST_STEP][PASSED] - if (verifyTextPresent("The SSN and Re-type SSN do not match", true)): null

2024-10-17 14:57:43 - [MESSAGE][PASSED] - Text 'The SSN and Re-type SSN do not match' is present on page  using regular expression

2024-10-17 14:57:43 - [TEST_STEP][PASSED] - println("Taxpayer SSN Dont match text is present"): null

2024-10-17 14:57:43 - [TEST_STEP][PASSED] - out.println("Pass Record Number: " + row): null

2024-10-17 14:57:43 - [TEST_STEP][PASSED] - resText = "Pass": null

2024-10-17 14:57:43 - [TEST_STEP][PASSED] - pages.WriteExcel.demoKey(resText, datText, resColumn, datCloumn, fileLoc, nameSheet, row): pages.WriteExcel.demoKey is PASSED

2024-10-17 14:57:43 - [MESSAGE][PASSED] - pages.WriteExcel.demoKey is PASSED

2024-10-17 14:57:43 - [TEST_STEP][PASSED] - break: null

2024-10-17 14:57:43 - [TEST_STEP][PASSED] - ExecuteTC = findTestData(dataFile).getValue("Execute", row): null

2024-10-17 14:57:43 - [TEST_STEP][PASSED] - Taxtype = findTestData(dataFile).getValue("TaxType", row): null

2024-10-17 14:57:43 - [TEST_STEP][PASSED] - Paymenttype = findTestData(dataFile).getValue("PaymentType", row): null

2024-10-17 14:57:43 - [TEST_STEP][PASSED] - out.println("Value of Execute is : " + ExecuteTC): null

2024-10-17 14:57:43 - [TEST_STEP][PASSED] - if (ExecuteTC.equalsIgnoreCase("Y")): null

2024-10-17 14:57:43 - [TEST_STEP][PASSED] - out.println("Begin Record Number: " + row): null

2024-10-17 14:57:43 - [TEST_STEP][PASSED] - today = new java.util.Date(): null

2024-10-17 14:57:43 - [TEST_STEP][PASSED] - println(today): null

2024-10-17 14:57:43 - [TEST_STEP][PASSED] - datText = today: null

2024-10-17 14:57:43 - [TEST_STEP][PASSED] - Taxtype = findTestData(dataFile).getValue("TaxType", row): null

2024-10-17 14:57:43 - [TEST_STEP][PASSED] - out.println("Taxtype value is : " + Taxtype): null

2024-10-17 14:57:43 - [TEST_STEP][PASSED] - openBrowser(""): Browser is opened with url: ''

2024-10-17 14:57:43 - [MESSAGE][WARNING] - A browser is already opened. Closing browser and opening a new one

2024-10-17 14:57:45 - [MESSAGE][INFO] - Starting 'Chrome' driver

2024-10-17 14:57:45 - [MESSAGE][INFO] - User set preference: ['acceptInsecureCerts', 'true']

2024-10-17 14:57:45 - [MESSAGE][INFO] - Action delay is set to 0 milliseconds

2024-10-17 14:57:47 - [MESSAGE][PASSED] - Browser is opened with url: ''

2024-10-17 14:57:47 - [TEST_STEP][PASSED] - maximizeWindow(): Current window maximized

2024-10-17 14:57:47 - [MESSAGE][PASSED] - Current window maximized

2024-10-17 14:57:47 - [TEST_STEP][PASSED] - navigateToUrl(RADurl): Navigate to 'https://demo.velocitypayment.com/client/rad/index.html' successfully

2024-10-17 14:57:48 - [MESSAGE][PASSED] - Navigate to 'https://demo.velocitypayment.com/client/rad/index.html' successfully

2024-10-17 14:57:48 - [TEST_STEP][PASSED] - orPath_Landing = "Object Repository/RAD_Pages/Landing_Page": null

2024-10-17 14:57:48 - [TEST_STEP][PASSED] - orPath_TaxTypeFilingYear = "Object Repository/RAD_Pages/TaxTypeFilingYear_Page": null

2024-10-17 14:57:48 - [TEST_STEP][PASSED] - orPath_TaxPayer = "Object Repository/RAD_Pages/Taxpayer_Page": null

2024-10-17 14:57:48 - [TEST_STEP][PASSED] - orPath_AddressContact = "Object Repository/RAD_Pages/AddressAndContactInfo_Page": null

2024-10-17 14:57:48 - [TEST_STEP][PASSED] - orPath_FilingStatus = "Object Repository/RAD_Pages/FilingStatus_Page": null

2024-10-17 14:57:48 - [TEST_STEP][PASSED] - orPath_Amount = "Object Repository/RAD_Pages/PaymentAmount_Page": null

2024-10-17 14:57:48 - [TEST_STEP][PASSED] - orPath_TaxInfo = "Object Repository/RAD_Pages/TaxInfo_Page": null

2024-10-17 14:57:48 - [TEST_STEP][PASSED] - selectOptionByLabel(findTestObject(orPath_Landing + "/dd_TaxType"), Paymenttype, false): All options with label 'New Tax Return Amount Due' are selected in object 'Object Repository/RAD_Pages/Landing_Page/dd_TaxType' 

2024-10-17 14:57:50 - [MESSAGE][PASSED] - All options with label 'New Tax Return Amount Due' are selected in object 'Object Repository/RAD_Pages/Landing_Page/dd_TaxType' 

2024-10-17 14:57:50 - [TEST_STEP][PASSED] - delay(1): Delayed 1 second(s)

2024-10-17 14:57:51 - [MESSAGE][PASSED] - Delayed 1 second(s)

2024-10-17 14:57:51 - [TEST_STEP][PASSED] - switch (Paymenttype): null

2024-10-17 14:57:51 - [TEST_STEP][PASSED] - case "New Tax Return Amount Due":: null

2024-10-17 14:57:51 - [TEST_STEP][PASSED] - selectOptionByLabel(findTestObject("Object Repository/RAD_Pages/Landing_Page/select_NewTaxReturnAmountDue_TaxType"), Taxtype, false): All options with label 'Personal Income Tax' are selected in object 'Object Repository/RAD_Pages/Landing_Page/select_NewTaxReturnAmountDue_TaxType' 

2024-10-17 14:57:52 - [MESSAGE][PASSED] - All options with label 'Personal Income Tax' are selected in object 'Object Repository/RAD_Pages/Landing_Page/select_NewTaxReturnAmountDue_TaxType' 

2024-10-17 14:57:52 - [TEST_STEP][PASSED] - break: null

2024-10-17 14:57:52 - [TEST_STEP][PASSED] - delay(1): Delayed 1 second(s)

2024-10-17 14:57:53 - [MESSAGE][PASSED] - Delayed 1 second(s)

2024-10-17 14:57:53 - [TEST_STEP][PASSED] - scrollToElement(findTestObject(orPath_TaxPayer + "/input_firstName"), 3): Scroll to object 'Object Repository/RAD_Pages/Taxpayer_Page/input_firstName' successfully

2024-10-17 14:57:53 - [MESSAGE][PASSED] - Scroll to object 'Object Repository/RAD_Pages/Taxpayer_Page/input_firstName' successfully

2024-10-17 14:57:53 - [TEST_STEP][PASSED] - switch (Paymenttype): null

2024-10-17 14:57:53 - [TEST_STEP][PASSED] - case "New Tax Return Amount Due":: null

2024-10-17 14:57:53 - [TEST_STEP][PASSED] - if (Taxtype.equalsIgnoreCase("Estate Tax")): null

2024-10-17 14:57:53 - [TEST_STEP][PASSED] - else: Text 'Anderson' is set on object 'Object Repository/RAD_Pages/Taxpayer_Page/input_lastName'

2024-10-17 14:57:53 - [TEST_STEP][PASSED] - setText(findTestObject("RAD_RecordAndPlay/input_concatSSN"), "111111111"): Text '111111111' is set on object 'Object Repository/RAD_RecordAndPlay/input_concatSSN'

2024-10-17 14:57:54 - [MESSAGE][PASSED] - Text '111111111' is set on object 'Object Repository/RAD_RecordAndPlay/input_concatSSN'

2024-10-17 14:57:54 - [TEST_STEP][PASSED] - setText(findTestObject("RAD_RecordAndPlay/input_concatReSSN"), "222222222"): Text '222222222' is set on object 'Object Repository/RAD_RecordAndPlay/input_concatReSSN'

2024-10-17 14:57:54 - [MESSAGE][PASSED] - Text '222222222' is set on object 'Object Repository/RAD_RecordAndPlay/input_concatReSSN'

2024-10-17 14:57:54 - [TEST_STEP][PASSED] - setText(findTestObject(orPath_TaxPayer + "/input_lastName"), "Anderson"): Text 'Anderson' is set on object 'Object Repository/RAD_Pages/Taxpayer_Page/input_lastName'

2024-10-17 14:57:55 - [MESSAGE][PASSED] - Text 'Anderson' is set on object 'Object Repository/RAD_Pages/Taxpayer_Page/input_lastName'

2024-10-17 14:57:55 - [TEST_STEP][PASSED] - break: null

2024-10-17 14:57:55 - [TEST_STEP][PASSED] - delay(2): Delayed 2 second(s)

2024-10-17 14:57:57 - [MESSAGE][PASSED] - Delayed 2 second(s)

2024-10-17 14:57:57 - [TEST_STEP][PASSED] - switch (Taxtype): null

2024-10-17 14:57:57 - [TEST_STEP][PASSED] - Default: null

2024-10-17 14:57:57 - [TEST_STEP][PASSED] - if (verifyTextPresent("The SSN and Re-type SSN do not match", true)): null

2024-10-17 14:57:58 - [MESSAGE][PASSED] - Text 'The SSN and Re-type SSN do not match' is present on page  using regular expression

2024-10-17 14:57:58 - [TEST_STEP][PASSED] - println("Taxpayer SSN Dont match text is present"): null

2024-10-17 14:57:58 - [TEST_STEP][PASSED] - out.println("Pass Record Number: " + row): null

2024-10-17 14:57:58 - [TEST_STEP][PASSED] - resText = "Pass": null

2024-10-17 14:57:58 - [TEST_STEP][PASSED] - pages.WriteExcel.demoKey(resText, datText, resColumn, datCloumn, fileLoc, nameSheet, row): pages.WriteExcel.demoKey is PASSED

2024-10-17 14:57:58 - [MESSAGE][PASSED] - pages.WriteExcel.demoKey is PASSED

2024-10-17 14:57:58 - [TEST_STEP][PASSED] - break: null

2024-10-17 14:57:58 - [TEST_STEP][PASSED] - ExecuteTC = findTestData(dataFile).getValue("Execute", row): null

2024-10-17 14:57:58 - [TEST_STEP][PASSED] - Taxtype = findTestData(dataFile).getValue("TaxType", row): null

2024-10-17 14:57:58 - [TEST_STEP][PASSED] - Paymenttype = findTestData(dataFile).getValue("PaymentType", row): null

2024-10-17 14:57:58 - [TEST_STEP][PASSED] - out.println("Value of Execute is : " + ExecuteTC): null

2024-10-17 14:57:58 - [TEST_STEP][PASSED] - if (ExecuteTC.equalsIgnoreCase("Y")): null

2024-10-17 14:57:58 - [TEST_STEP][PASSED] - out.println("Begin Record Number: " + row): null

2024-10-17 14:57:58 - [TEST_STEP][PASSED] - today = new java.util.Date(): null

2024-10-17 14:57:58 - [TEST_STEP][PASSED] - println(today): null

2024-10-17 14:57:58 - [TEST_STEP][PASSED] - datText = today: null

2024-10-17 14:57:58 - [TEST_STEP][PASSED] - Taxtype = findTestData(dataFile).getValue("TaxType", row): null

2024-10-17 14:57:58 - [TEST_STEP][PASSED] - out.println("Taxtype value is : " + Taxtype): null

2024-10-17 14:57:58 - [TEST_STEP][PASSED] - openBrowser(""): Browser is opened with url: ''

2024-10-17 14:57:58 - [MESSAGE][WARNING] - A browser is already opened. Closing browser and opening a new one

2024-10-17 14:57:59 - [MESSAGE][INFO] - Starting 'Chrome' driver

2024-10-17 14:57:59 - [MESSAGE][INFO] - User set preference: ['acceptInsecureCerts', 'true']

2024-10-17 14:57:59 - [MESSAGE][INFO] - Action delay is set to 0 milliseconds

2024-10-17 14:58:01 - [MESSAGE][PASSED] - Browser is opened with url: ''

2024-10-17 14:58:01 - [TEST_STEP][PASSED] - maximizeWindow(): Current window maximized

2024-10-17 14:58:01 - [MESSAGE][PASSED] - Current window maximized

2024-10-17 14:58:01 - [TEST_STEP][PASSED] - navigateToUrl(RADurl): Navigate to 'https://demo.velocitypayment.com/client/rad/index.html' successfully

2024-10-17 14:58:04 - [MESSAGE][PASSED] - Navigate to 'https://demo.velocitypayment.com/client/rad/index.html' successfully

2024-10-17 14:58:04 - [TEST_STEP][PASSED] - orPath_Landing = "Object Repository/RAD_Pages/Landing_Page": null

2024-10-17 14:58:04 - [TEST_STEP][PASSED] - orPath_TaxTypeFilingYear = "Object Repository/RAD_Pages/TaxTypeFilingYear_Page": null

2024-10-17 14:58:04 - [TEST_STEP][PASSED] - orPath_TaxPayer = "Object Repository/RAD_Pages/Taxpayer_Page": null

2024-10-17 14:58:04 - [TEST_STEP][PASSED] - orPath_AddressContact = "Object Repository/RAD_Pages/AddressAndContactInfo_Page": null

2024-10-17 14:58:04 - [TEST_STEP][PASSED] - orPath_FilingStatus = "Object Repository/RAD_Pages/FilingStatus_Page": null

2024-10-17 14:58:04 - [TEST_STEP][PASSED] - orPath_Amount = "Object Repository/RAD_Pages/PaymentAmount_Page": null

2024-10-17 14:58:04 - [TEST_STEP][PASSED] - orPath_TaxInfo = "Object Repository/RAD_Pages/TaxInfo_Page": null

2024-10-17 14:58:04 - [TEST_STEP][PASSED] - selectOptionByLabel(findTestObject(orPath_Landing + "/dd_TaxType"), Paymenttype, false): All options with label 'Existing Liability with Notice/Invoice Number' are selected in object 'Object Repository/RAD_Pages/Landing_Page/dd_TaxType' 

2024-10-17 14:58:05 - [MESSAGE][PASSED] - All options with label 'Existing Liability with Notice/Invoice Number' are selected in object 'Object Repository/RAD_Pages/Landing_Page/dd_TaxType' 

2024-10-17 14:58:05 - [TEST_STEP][PASSED] - delay(1): Delayed 1 second(s)

2024-10-17 14:58:06 - [MESSAGE][PASSED] - Delayed 1 second(s)

2024-10-17 14:58:06 - [TEST_STEP][PASSED] - switch (Paymenttype): null

2024-10-17 14:58:06 - [TEST_STEP][PASSED] - case "Existing Liability with Notice/Invoice Number":: null

2024-10-17 14:58:06 - [TEST_STEP][PASSED] - selectOptionByLabel(findTestObject(orPath_TaxTypeFilingYear + "/select_TaxType_ExistingLiability"), Taxtype, false): All options with label 'Estate Tax' are selected in object 'Object Repository/RAD_Pages/TaxTypeFilingYear_Page/select_TaxType_ExistingLiability' 

2024-10-17 14:58:06 - [MESSAGE][PASSED] - All options with label 'Estate Tax' are selected in object 'Object Repository/RAD_Pages/TaxTypeFilingYear_Page/select_TaxType_ExistingLiability' 

2024-10-17 14:58:06 - [TEST_STEP][PASSED] - break: null

2024-10-17 14:58:06 - [TEST_STEP][PASSED] - delay(1): Delayed 1 second(s)

2024-10-17 14:58:07 - [MESSAGE][PASSED] - Delayed 1 second(s)

2024-10-17 14:58:07 - [TEST_STEP][PASSED] - scrollToElement(findTestObject(orPath_TaxPayer + "/input_firstName"), 3): Scroll to object 'Object Repository/RAD_Pages/Taxpayer_Page/input_firstName' successfully

2024-10-17 14:58:07 - [MESSAGE][PASSED] - Scroll to object 'Object Repository/RAD_Pages/Taxpayer_Page/input_firstName' successfully

2024-10-17 14:58:07 - [TEST_STEP][PASSED] - switch (Paymenttype): null

2024-10-17 14:58:07 - [TEST_STEP][PASSED] - case "Existing Liability with Notice/Invoice Number":: null

2024-10-17 14:58:07 - [TEST_STEP][PASSED] - if (Taxtype.equalsIgnoreCase("Estate Tax")): Text 'Anderson' is set on object 'Object Repository/RAD_Pages/Taxpayer_Page/input_lastName'

2024-10-17 14:58:07 - [TEST_STEP][PASSED] - setText(findTestObject(orPath_TaxInfo + "/input_DecedentSSN"), "1111111111"): Text '1111111111' is set on object 'Object Repository/RAD_Pages/TaxInfo_Page/input_DecedentSSN'

2024-10-17 14:58:08 - [MESSAGE][PASSED] - Text '1111111111' is set on object 'Object Repository/RAD_Pages/TaxInfo_Page/input_DecedentSSN'

2024-10-17 14:58:08 - [TEST_STEP][PASSED] - setText(findTestObject(orPath_TaxInfo + "/input_ReTypeDecedentSSN"), "222222222"): Text '222222222' is set on object 'Object Repository/RAD_Pages/TaxInfo_Page/input_ReTypeDecedentSSN'

2024-10-17 14:58:09 - [MESSAGE][PASSED] - Text '222222222' is set on object 'Object Repository/RAD_Pages/TaxInfo_Page/input_ReTypeDecedentSSN'

2024-10-17 14:58:09 - [TEST_STEP][PASSED] - setText(findTestObject(orPath_TaxPayer + "/input_lastName"), "Anderson"): Text 'Anderson' is set on object 'Object Repository/RAD_Pages/Taxpayer_Page/input_lastName'

2024-10-17 14:58:10 - [MESSAGE][PASSED] - Text 'Anderson' is set on object 'Object Repository/RAD_Pages/Taxpayer_Page/input_lastName'

2024-10-17 14:58:10 - [TEST_STEP][PASSED] - break: null

2024-10-17 14:58:10 - [TEST_STEP][PASSED] - delay(2): Delayed 2 second(s)

2024-10-17 14:58:12 - [MESSAGE][PASSED] - Delayed 2 second(s)

2024-10-17 14:58:12 - [TEST_STEP][PASSED] - switch (Taxtype): null

2024-10-17 14:58:12 - [TEST_STEP][PASSED] - case "Estate Tax":: null

2024-10-17 14:58:12 - [TEST_STEP][PASSED] - if (verifyTextPresent("The Decedent SSN and Re-type Decedent SSN do not match", true)): null

2024-10-17 14:58:12 - [MESSAGE][PASSED] - Text 'The Decedent SSN and Re-type Decedent SSN do not match' is present on page  using regular expression

2024-10-17 14:58:12 - [TEST_STEP][PASSED] - println("Taxpayer SSN Dont match text is present"): null

2024-10-17 14:58:12 - [TEST_STEP][PASSED] - out.println("Pass Record Number: " + row): null

2024-10-17 14:58:12 - [TEST_STEP][PASSED] - resText = "Pass": null

2024-10-17 14:58:12 - [TEST_STEP][PASSED] - pages.WriteExcel.demoKey(resText, datText, resColumn, datCloumn, fileLoc, nameSheet, row): pages.WriteExcel.demoKey is PASSED

2024-10-17 14:58:12 - [MESSAGE][PASSED] - pages.WriteExcel.demoKey is PASSED

2024-10-17 14:58:12 - [TEST_STEP][PASSED] - break: null

2024-10-17 14:58:12 - [TEST_STEP][PASSED] - ExecuteTC = findTestData(dataFile).getValue("Execute", row): null

2024-10-17 14:58:12 - [TEST_STEP][PASSED] - Taxtype = findTestData(dataFile).getValue("TaxType", row): null

2024-10-17 14:58:12 - [TEST_STEP][PASSED] - Paymenttype = findTestData(dataFile).getValue("PaymentType", row): null

2024-10-17 14:58:12 - [TEST_STEP][PASSED] - out.println("Value of Execute is : " + ExecuteTC): null

2024-10-17 14:58:12 - [TEST_STEP][PASSED] - if (ExecuteTC.equalsIgnoreCase("Y")): null

2024-10-17 14:58:12 - [TEST_STEP][PASSED] - out.println("Begin Record Number: " + row): null

2024-10-17 14:58:12 - [TEST_STEP][PASSED] - today = new java.util.Date(): null

2024-10-17 14:58:12 - [TEST_STEP][PASSED] - println(today): null

2024-10-17 14:58:12 - [TEST_STEP][PASSED] - datText = today: null

2024-10-17 14:58:12 - [TEST_STEP][PASSED] - Taxtype = findTestData(dataFile).getValue("TaxType", row): null

2024-10-17 14:58:12 - [TEST_STEP][PASSED] - out.println("Taxtype value is : " + Taxtype): null

2024-10-17 14:58:12 - [TEST_STEP][PASSED] - openBrowser(""): Browser is opened with url: ''

2024-10-17 14:58:12 - [MESSAGE][WARNING] - A browser is already opened. Closing browser and opening a new one

2024-10-17 14:58:14 - [MESSAGE][INFO] - Starting 'Chrome' driver

2024-10-17 14:58:14 - [MESSAGE][INFO] - User set preference: ['acceptInsecureCerts', 'true']

2024-10-17 14:58:14 - [MESSAGE][INFO] - Action delay is set to 0 milliseconds

2024-10-17 14:58:15 - [MESSAGE][PASSED] - Browser is opened with url: ''

2024-10-17 14:58:15 - [TEST_STEP][PASSED] - maximizeWindow(): Current window maximized

2024-10-17 14:58:15 - [MESSAGE][PASSED] - Current window maximized

2024-10-17 14:58:15 - [TEST_STEP][PASSED] - navigateToUrl(RADurl): Navigate to 'https://demo.velocitypayment.com/client/rad/index.html' successfully

2024-10-17 14:58:16 - [MESSAGE][PASSED] - Navigate to 'https://demo.velocitypayment.com/client/rad/index.html' successfully

2024-10-17 14:58:16 - [TEST_STEP][PASSED] - orPath_Landing = "Object Repository/RAD_Pages/Landing_Page": null

2024-10-17 14:58:16 - [TEST_STEP][PASSED] - orPath_TaxTypeFilingYear = "Object Repository/RAD_Pages/TaxTypeFilingYear_Page": null

2024-10-17 14:58:16 - [TEST_STEP][PASSED] - orPath_TaxPayer = "Object Repository/RAD_Pages/Taxpayer_Page": null

2024-10-17 14:58:16 - [TEST_STEP][PASSED] - orPath_AddressContact = "Object Repository/RAD_Pages/AddressAndContactInfo_Page": null

2024-10-17 14:58:16 - [TEST_STEP][PASSED] - orPath_FilingStatus = "Object Repository/RAD_Pages/FilingStatus_Page": null

2024-10-17 14:58:16 - [TEST_STEP][PASSED] - orPath_Amount = "Object Repository/RAD_Pages/PaymentAmount_Page": null

2024-10-17 14:58:16 - [TEST_STEP][PASSED] - orPath_TaxInfo = "Object Repository/RAD_Pages/TaxInfo_Page": null

2024-10-17 14:58:16 - [TEST_STEP][PASSED] - selectOptionByLabel(findTestObject(orPath_Landing + "/dd_TaxType"), Paymenttype, false): All options with label 'New Tax Return Amount Due' are selected in object 'Object Repository/RAD_Pages/Landing_Page/dd_TaxType' 

2024-10-17 14:58:18 - [MESSAGE][PASSED] - All options with label 'New Tax Return Amount Due' are selected in object 'Object Repository/RAD_Pages/Landing_Page/dd_TaxType' 

2024-10-17 14:58:18 - [TEST_STEP][PASSED] - delay(1): Delayed 1 second(s)

2024-10-17 14:58:19 - [MESSAGE][PASSED] - Delayed 1 second(s)

2024-10-17 14:58:19 - [TEST_STEP][PASSED] - switch (Paymenttype): null

2024-10-17 14:58:19 - [TEST_STEP][PASSED] - case "New Tax Return Amount Due":: null

2024-10-17 14:58:19 - [TEST_STEP][PASSED] - selectOptionByLabel(findTestObject("Object Repository/RAD_Pages/Landing_Page/select_NewTaxReturnAmountDue_TaxType"), Taxtype, false): All options with label 'Estate Tax' are selected in object 'Object Repository/RAD_Pages/Landing_Page/select_NewTaxReturnAmountDue_TaxType' 

2024-10-17 14:58:20 - [MESSAGE][PASSED] - All options with label 'Estate Tax' are selected in object 'Object Repository/RAD_Pages/Landing_Page/select_NewTaxReturnAmountDue_TaxType' 

2024-10-17 14:58:20 - [TEST_STEP][PASSED] - break: null

2024-10-17 14:58:20 - [TEST_STEP][PASSED] - delay(1): Delayed 1 second(s)

2024-10-17 14:58:21 - [MESSAGE][PASSED] - Delayed 1 second(s)

2024-10-17 14:58:21 - [TEST_STEP][PASSED] - scrollToElement(findTestObject(orPath_TaxPayer + "/input_firstName"), 3): Scroll to object 'Object Repository/RAD_Pages/Taxpayer_Page/input_firstName' successfully

2024-10-17 14:58:21 - [MESSAGE][PASSED] - Scroll to object 'Object Repository/RAD_Pages/Taxpayer_Page/input_firstName' successfully

2024-10-17 14:58:21 - [TEST_STEP][PASSED] - switch (Paymenttype): null

2024-10-17 14:58:21 - [TEST_STEP][PASSED] - case "New Tax Return Amount Due":: null

2024-10-17 14:58:21 - [TEST_STEP][PASSED] - if (Taxtype.equalsIgnoreCase("Estate Tax")): Text 'Anderson' is set on object 'Object Repository/RAD_Pages/Taxpayer_Page/input_lastName'

2024-10-17 14:58:21 - [TEST_STEP][PASSED] - setText(findTestObject(orPath_TaxPayer + "/input_NewTax_DecedentSSN"), "1111111111"): Text '1111111111' is set on object 'Object Repository/RAD_Pages/Taxpayer_Page/input_NewTax_DecedentSSN'

2024-10-17 14:58:22 - [MESSAGE][PASSED] - Text '1111111111' is set on object 'Object Repository/RAD_Pages/Taxpayer_Page/input_NewTax_DecedentSSN'

2024-10-17 14:58:22 - [TEST_STEP][PASSED] - setText(findTestObject(orPath_TaxPayer + "/input_NewTax_ReTypeDecedentSSN"), "222222222"): Text '222222222' is set on object 'Object Repository/RAD_Pages/Taxpayer_Page/input_NewTax_ReTypeDecedentSSN'

2024-10-17 14:58:22 - [MESSAGE][PASSED] - Text '222222222' is set on object 'Object Repository/RAD_Pages/Taxpayer_Page/input_NewTax_ReTypeDecedentSSN'

2024-10-17 14:58:22 - [TEST_STEP][PASSED] - setText(findTestObject(orPath_TaxPayer + "/input_lastName"), "Anderson"): Text 'Anderson' is set on object 'Object Repository/RAD_Pages/Taxpayer_Page/input_lastName'

2024-10-17 14:58:23 - [MESSAGE][PASSED] - Text 'Anderson' is set on object 'Object Repository/RAD_Pages/Taxpayer_Page/input_lastName'

2024-10-17 14:58:23 - [TEST_STEP][PASSED] - break: null

2024-10-17 14:58:23 - [TEST_STEP][PASSED] - delay(2): Delayed 2 second(s)

2024-10-17 14:58:25 - [MESSAGE][PASSED] - Delayed 2 second(s)

2024-10-17 14:58:25 - [TEST_STEP][PASSED] - switch (Taxtype): null

2024-10-17 14:58:25 - [TEST_STEP][PASSED] - case "Estate Tax":: null

2024-10-17 14:58:25 - [TEST_STEP][PASSED] - if (verifyTextPresent("The Decedent SSN and Re-type Decedent SSN do not match", true)): null

2024-10-17 14:58:26 - [MESSAGE][PASSED] - Text 'The Decedent SSN and Re-type Decedent SSN do not match' is present on page  using regular expression

2024-10-17 14:58:26 - [TEST_STEP][PASSED] - println("Taxpayer SSN Dont match text is present"): null

2024-10-17 14:58:26 - [TEST_STEP][PASSED] - out.println("Pass Record Number: " + row): null

2024-10-17 14:58:26 - [TEST_STEP][PASSED] - resText = "Pass": null

2024-10-17 14:58:26 - [TEST_STEP][PASSED] - pages.WriteExcel.demoKey(resText, datText, resColumn, datCloumn, fileLoc, nameSheet, row): pages.WriteExcel.demoKey is PASSED

2024-10-17 14:58:26 - [MESSAGE][PASSED] - pages.WriteExcel.demoKey is PASSED

2024-10-17 14:58:26 - [TEST_STEP][PASSED] - break: null]]></system-out>
         <system-err><![CDATA[]]></system-err>
      </testcase>
      <testcase name="Test Cases/RAD_TestCases/Negative_TestCases/SSNmoreThan9Error" time="79.254" classname="Test Cases/RAD_TestCases/Negative_TestCases/SSNmoreThan9Error" status="PASSED">
         <system-out><![CDATA[2024-10-17 14:58:26 - [TEST_CASE][PASSED] - Test Cases/RAD_TestCases/Negative_TestCases/SSNmoreThan9Error: Test Cases/RAD_TestCases/Negative_TestCases/SSNmoreThan9Error

2024-10-17 14:58:27 - [TEST_STEP][PASSED] - resText = "Fail": null

2024-10-17 14:58:27 - [TEST_STEP][PASSED] - resColumn = "Result": null

2024-10-17 14:58:27 - [TEST_STEP][PASSED] - datCloumn = "Date": null

2024-10-17 14:58:27 - [TEST_STEP][PASSED] - fileLoc = "KatalonData/RADTestData/SSNmoreThan9Error.xlsx": null

2024-10-17 14:58:27 - [TEST_STEP][PASSED] - nameSheet = "Sheet1": null

2024-10-17 14:58:27 - [TEST_STEP][PASSED] - dataFile = "RADTestData/SSNmoreThan9Error": null

2024-10-17 14:58:27 - [TEST_STEP][PASSED] - ExecuteTC = <not implemented yet for class: org.codehaus.groovy.ast.expr.EmptyExpression>: null

2024-10-17 14:58:27 - [TEST_STEP][PASSED] - Taxtype = <not implemented yet for class: org.codehaus.groovy.ast.expr.EmptyExpression>: null

2024-10-17 14:58:27 - [TEST_STEP][PASSED] - numOfRows = findTestData(dataFile).getRowNumbers(): null

2024-10-17 14:58:27 - [TEST_STEP][PASSED] - println("Number of Records: " + numOfRows): null

2024-10-17 14:58:27 - [TEST_STEP][PASSED] - for ([row = 1, row <= numOfRows, (row++)]): null

2024-10-17 14:58:27 - [TEST_STEP][PASSED] - ExecuteTC = findTestData(dataFile).getValue("Execute", row): null

2024-10-17 14:58:27 - [TEST_STEP][PASSED] - Taxtype = findTestData(dataFile).getValue("TaxType", row): null

2024-10-17 14:58:27 - [TEST_STEP][PASSED] - Paymenttype = findTestData(dataFile).getValue("PaymentType", row): null

2024-10-17 14:58:27 - [TEST_STEP][PASSED] - out.println("Value of Execute is : " + ExecuteTC): null

2024-10-17 14:58:27 - [TEST_STEP][PASSED] - if (ExecuteTC.equalsIgnoreCase("Y")): null

2024-10-17 14:58:27 - [TEST_STEP][PASSED] - out.println("Begin Record Number: " + row): null

2024-10-17 14:58:27 - [TEST_STEP][PASSED] - today = new java.util.Date(): null

2024-10-17 14:58:27 - [TEST_STEP][PASSED] - println(today): null

2024-10-17 14:58:27 - [TEST_STEP][PASSED] - datText = today: null

2024-10-17 14:58:27 - [TEST_STEP][PASSED] - Taxtype = findTestData(dataFile).getValue("TaxType", row): null

2024-10-17 14:58:27 - [TEST_STEP][PASSED] - out.println("Taxtype value is : " + Taxtype): null

2024-10-17 14:58:27 - [TEST_STEP][PASSED] - openBrowser(""): Browser is opened with url: ''

2024-10-17 14:58:27 - [MESSAGE][WARNING] - A browser is already opened. Closing browser and opening a new one

2024-10-17 14:58:28 - [MESSAGE][INFO] - Starting 'Chrome' driver

2024-10-17 14:58:28 - [MESSAGE][INFO] - User set preference: ['acceptInsecureCerts', 'true']

2024-10-17 14:58:28 - [MESSAGE][INFO] - Action delay is set to 0 milliseconds

2024-10-17 14:58:30 - [MESSAGE][PASSED] - Browser is opened with url: ''

2024-10-17 14:58:30 - [TEST_STEP][PASSED] - maximizeWindow(): Current window maximized

2024-10-17 14:58:30 - [MESSAGE][PASSED] - Current window maximized

2024-10-17 14:58:30 - [TEST_STEP][PASSED] - navigateToUrl(RADurl): Navigate to 'https://demo.velocitypayment.com/client/rad/index.html' successfully

2024-10-17 14:58:32 - [MESSAGE][PASSED] - Navigate to 'https://demo.velocitypayment.com/client/rad/index.html' successfully

2024-10-17 14:58:32 - [TEST_STEP][PASSED] - orPath_Landing = "Object Repository/RAD_Pages/Landing_Page": null

2024-10-17 14:58:32 - [TEST_STEP][PASSED] - orPath_TaxTypeFilingYear = "Object Repository/RAD_Pages/TaxTypeFilingYear_Page": null

2024-10-17 14:58:32 - [TEST_STEP][PASSED] - orPath_TaxPayer = "Object Repository/RAD_Pages/Taxpayer_Page": null

2024-10-17 14:58:32 - [TEST_STEP][PASSED] - orPath_AddressContact = "Object Repository/RAD_Pages/AddressAndContactInfo_Page": null

2024-10-17 14:58:32 - [TEST_STEP][PASSED] - orPath_FilingStatus = "Object Repository/RAD_Pages/FilingStatus_Page": null

2024-10-17 14:58:32 - [TEST_STEP][PASSED] - orPath_Amount = "Object Repository/RAD_Pages/PaymentAmount_Page": null

2024-10-17 14:58:32 - [TEST_STEP][PASSED] - orPath_TaxInfo = "Object Repository/RAD_Pages/TaxInfo_Page": null

2024-10-17 14:58:32 - [TEST_STEP][PASSED] - selectOptionByLabel(findTestObject(orPath_Landing + "/dd_TaxType"), Paymenttype, false): All options with label 'Existing Liability with Notice/Invoice Number' are selected in object 'Object Repository/RAD_Pages/Landing_Page/dd_TaxType' 

2024-10-17 14:58:33 - [MESSAGE][PASSED] - All options with label 'Existing Liability with Notice/Invoice Number' are selected in object 'Object Repository/RAD_Pages/Landing_Page/dd_TaxType' 

2024-10-17 14:58:33 - [TEST_STEP][PASSED] - delay(1): Delayed 1 second(s)

2024-10-17 14:58:34 - [MESSAGE][PASSED] - Delayed 1 second(s)

2024-10-17 14:58:34 - [TEST_STEP][PASSED] - switch (Paymenttype): null

2024-10-17 14:58:34 - [TEST_STEP][PASSED] - case "Existing Liability with Notice/Invoice Number":: null

2024-10-17 14:58:34 - [TEST_STEP][PASSED] - selectOptionByLabel(findTestObject(orPath_TaxTypeFilingYear + "/select_TaxType_ExistingLiability"), Taxtype, false): All options with label 'Personal Income Tax' are selected in object 'Object Repository/RAD_Pages/TaxTypeFilingYear_Page/select_TaxType_ExistingLiability' 

2024-10-17 14:58:34 - [MESSAGE][PASSED] - All options with label 'Personal Income Tax' are selected in object 'Object Repository/RAD_Pages/TaxTypeFilingYear_Page/select_TaxType_ExistingLiability' 

2024-10-17 14:58:34 - [TEST_STEP][PASSED] - break: null

2024-10-17 14:58:34 - [TEST_STEP][PASSED] - delay(1): Delayed 1 second(s)

2024-10-17 14:58:35 - [MESSAGE][PASSED] - Delayed 1 second(s)

2024-10-17 14:58:35 - [TEST_STEP][PASSED] - scrollToElement(findTestObject(orPath_TaxPayer + "/input_firstName"), 3): Scroll to object 'Object Repository/RAD_Pages/Taxpayer_Page/input_firstName' successfully

2024-10-17 14:58:36 - [MESSAGE][PASSED] - Scroll to object 'Object Repository/RAD_Pages/Taxpayer_Page/input_firstName' successfully

2024-10-17 14:58:36 - [TEST_STEP][PASSED] - switch (Paymenttype): null

2024-10-17 14:58:36 - [TEST_STEP][PASSED] - case "Existing Liability with Notice/Invoice Number":: null

2024-10-17 14:58:36 - [TEST_STEP][PASSED] - if (Taxtype.equalsIgnoreCase("Estate Tax")): null

2024-10-17 14:58:36 - [TEST_STEP][PASSED] - else: Text '' is set on object 'Object Repository/RAD_Pages/TaxInfo_Page/input_Existing_RetypeSSN'

2024-10-17 14:58:36 - [TEST_STEP][PASSED] - setText(findTestObject(orPath_TaxInfo + "/input_Existing_SSN"), "1111111111"): Text '1111111111' is set on object 'Object Repository/RAD_Pages/TaxInfo_Page/input_Existing_SSN'

2024-10-17 14:58:36 - [MESSAGE][PASSED] - Text '1111111111' is set on object 'Object Repository/RAD_Pages/TaxInfo_Page/input_Existing_SSN'

2024-10-17 14:58:36 - [TEST_STEP][PASSED] - setText(findTestObject(orPath_TaxInfo + "/input_Existing_RetypeSSN"), ""): Text '' is set on object 'Object Repository/RAD_Pages/TaxInfo_Page/input_Existing_RetypeSSN'

2024-10-17 14:58:37 - [MESSAGE][PASSED] - Text '' is set on object 'Object Repository/RAD_Pages/TaxInfo_Page/input_Existing_RetypeSSN'

2024-10-17 14:58:37 - [TEST_STEP][PASSED] - break: null

2024-10-17 14:58:37 - [TEST_STEP][PASSED] - delay(2): Delayed 2 second(s)

2024-10-17 14:58:39 - [MESSAGE][PASSED] - Delayed 2 second(s)

2024-10-17 14:58:39 - [TEST_STEP][PASSED] - switch (Taxtype): null

2024-10-17 14:58:39 - [TEST_STEP][PASSED] - Default: null

2024-10-17 14:58:39 - [TEST_STEP][PASSED] - if (verifyTextPresent("Please enter a valid SSN with 9 digits", true)): null

2024-10-17 14:58:39 - [MESSAGE][PASSED] - Text 'Please enter a valid SSN with 9 digits' is present on page  using regular expression

2024-10-17 14:58:39 - [TEST_STEP][PASSED] - println("Please enter a valid SSN with 9 digits"): null

2024-10-17 14:58:39 - [TEST_STEP][PASSED] - out.println("Pass Record Number: " + row): null

2024-10-17 14:58:39 - [TEST_STEP][PASSED] - resText = "Pass": null

2024-10-17 14:58:39 - [TEST_STEP][PASSED] - pages.WriteExcel.demoKey(resText, datText, resColumn, datCloumn, fileLoc, nameSheet, row): pages.WriteExcel.demoKey is PASSED

2024-10-17 14:58:39 - [MESSAGE][PASSED] - pages.WriteExcel.demoKey is PASSED

2024-10-17 14:58:39 - [TEST_STEP][PASSED] - break: null

2024-10-17 14:58:39 - [TEST_STEP][PASSED] - ExecuteTC = findTestData(dataFile).getValue("Execute", row): null

2024-10-17 14:58:40 - [TEST_STEP][PASSED] - Taxtype = findTestData(dataFile).getValue("TaxType", row): null

2024-10-17 14:58:40 - [TEST_STEP][PASSED] - Paymenttype = findTestData(dataFile).getValue("PaymentType", row): null

2024-10-17 14:58:40 - [TEST_STEP][PASSED] - out.println("Value of Execute is : " + ExecuteTC): null

2024-10-17 14:58:40 - [TEST_STEP][PASSED] - if (ExecuteTC.equalsIgnoreCase("Y")): null

2024-10-17 14:58:40 - [TEST_STEP][PASSED] - out.println("Begin Record Number: " + row): null

2024-10-17 14:58:40 - [TEST_STEP][PASSED] - today = new java.util.Date(): null

2024-10-17 14:58:40 - [TEST_STEP][PASSED] - println(today): null

2024-10-17 14:58:40 - [TEST_STEP][PASSED] - datText = today: null

2024-10-17 14:58:40 - [TEST_STEP][PASSED] - Taxtype = findTestData(dataFile).getValue("TaxType", row): null

2024-10-17 14:58:40 - [TEST_STEP][PASSED] - out.println("Taxtype value is : " + Taxtype): null

2024-10-17 14:58:40 - [TEST_STEP][PASSED] - openBrowser(""): Browser is opened with url: ''

2024-10-17 14:58:40 - [MESSAGE][WARNING] - A browser is already opened. Closing browser and opening a new one

2024-10-17 14:58:42 - [MESSAGE][INFO] - Starting 'Chrome' driver

2024-10-17 14:58:42 - [MESSAGE][INFO] - User set preference: ['acceptInsecureCerts', 'true']

2024-10-17 14:58:42 - [MESSAGE][INFO] - Action delay is set to 0 milliseconds

2024-10-17 14:58:43 - [MESSAGE][PASSED] - Browser is opened with url: ''

2024-10-17 14:58:43 - [TEST_STEP][PASSED] - maximizeWindow(): Current window maximized

2024-10-17 14:58:43 - [MESSAGE][PASSED] - Current window maximized

2024-10-17 14:58:43 - [TEST_STEP][PASSED] - navigateToUrl(RADurl): Navigate to 'https://demo.velocitypayment.com/client/rad/index.html' successfully

2024-10-17 14:58:45 - [MESSAGE][PASSED] - Navigate to 'https://demo.velocitypayment.com/client/rad/index.html' successfully

2024-10-17 14:58:45 - [TEST_STEP][PASSED] - orPath_Landing = "Object Repository/RAD_Pages/Landing_Page": null

2024-10-17 14:58:45 - [TEST_STEP][PASSED] - orPath_TaxTypeFilingYear = "Object Repository/RAD_Pages/TaxTypeFilingYear_Page": null

2024-10-17 14:58:45 - [TEST_STEP][PASSED] - orPath_TaxPayer = "Object Repository/RAD_Pages/Taxpayer_Page": null

2024-10-17 14:58:45 - [TEST_STEP][PASSED] - orPath_AddressContact = "Object Repository/RAD_Pages/AddressAndContactInfo_Page": null

2024-10-17 14:58:45 - [TEST_STEP][PASSED] - orPath_FilingStatus = "Object Repository/RAD_Pages/FilingStatus_Page": null

2024-10-17 14:58:45 - [TEST_STEP][PASSED] - orPath_Amount = "Object Repository/RAD_Pages/PaymentAmount_Page": null

2024-10-17 14:58:45 - [TEST_STEP][PASSED] - orPath_TaxInfo = "Object Repository/RAD_Pages/TaxInfo_Page": null

2024-10-17 14:58:45 - [TEST_STEP][PASSED] - selectOptionByLabel(findTestObject(orPath_Landing + "/dd_TaxType"), Paymenttype, false): All options with label 'Quarterly Estimated Tax' are selected in object 'Object Repository/RAD_Pages/Landing_Page/dd_TaxType' 

2024-10-17 14:58:46 - [MESSAGE][PASSED] - All options with label 'Quarterly Estimated Tax' are selected in object 'Object Repository/RAD_Pages/Landing_Page/dd_TaxType' 

2024-10-17 14:58:46 - [TEST_STEP][PASSED] - delay(1): Delayed 1 second(s)

2024-10-17 14:58:47 - [MESSAGE][PASSED] - Delayed 1 second(s)

2024-10-17 14:58:47 - [TEST_STEP][PASSED] - switch (Paymenttype): null

2024-10-17 14:58:47 - [TEST_STEP][PASSED] - case "Quarterly Estimated Tax":: null

2024-10-17 14:58:47 - [TEST_STEP][PASSED] - selectOptionByLabel(findTestObject(orPath_TaxTypeFilingYear + "/select_PaymentType"), Taxtype, false): All options with label 'Personal Income Tax' are selected in object 'Object Repository/RAD_Pages/TaxTypeFilingYear_Page/select_PaymentType' 

2024-10-17 14:58:48 - [MESSAGE][PASSED] - All options with label 'Personal Income Tax' are selected in object 'Object Repository/RAD_Pages/TaxTypeFilingYear_Page/select_PaymentType' 

2024-10-17 14:58:48 - [TEST_STEP][PASSED] - break: null

2024-10-17 14:58:48 - [TEST_STEP][PASSED] - delay(1): Delayed 1 second(s)

2024-10-17 14:58:49 - [MESSAGE][PASSED] - Delayed 1 second(s)

2024-10-17 14:58:49 - [TEST_STEP][PASSED] - scrollToElement(findTestObject(orPath_TaxPayer + "/input_firstName"), 3): Scroll to object 'Object Repository/RAD_Pages/Taxpayer_Page/input_firstName' successfully

2024-10-17 14:58:49 - [MESSAGE][PASSED] - Scroll to object 'Object Repository/RAD_Pages/Taxpayer_Page/input_firstName' successfully

2024-10-17 14:58:49 - [TEST_STEP][PASSED] - switch (Paymenttype): null

2024-10-17 14:58:49 - [TEST_STEP][PASSED] - case "Quarterly Estimated Tax":: null

2024-10-17 14:58:49 - [TEST_STEP][PASSED] - setText(findTestObject("RAD_RecordAndPlay/input_concatSSN"), "1111111111"): Text '1111111111' is set on object 'Object Repository/RAD_RecordAndPlay/input_concatSSN'

2024-10-17 14:58:50 - [MESSAGE][PASSED] - Text '1111111111' is set on object 'Object Repository/RAD_RecordAndPlay/input_concatSSN'

2024-10-17 14:58:50 - [TEST_STEP][PASSED] - setText(findTestObject("RAD_RecordAndPlay/input_concatReSSN"), ""): Text '' is set on object 'Object Repository/RAD_RecordAndPlay/input_concatReSSN'

2024-10-17 14:58:50 - [MESSAGE][PASSED] - Text '' is set on object 'Object Repository/RAD_RecordAndPlay/input_concatReSSN'

2024-10-17 14:58:50 - [TEST_STEP][PASSED] - break: null

2024-10-17 14:58:50 - [TEST_STEP][PASSED] - delay(2): Delayed 2 second(s)

2024-10-17 14:58:52 - [MESSAGE][PASSED] - Delayed 2 second(s)

2024-10-17 14:58:52 - [TEST_STEP][PASSED] - switch (Taxtype): null

2024-10-17 14:58:52 - [TEST_STEP][PASSED] - Default: null

2024-10-17 14:58:52 - [TEST_STEP][PASSED] - if (verifyTextPresent("Please enter a valid SSN with 9 digits", true)): null

2024-10-17 14:58:53 - [MESSAGE][PASSED] - Text 'Please enter a valid SSN with 9 digits' is present on page  using regular expression

2024-10-17 14:58:53 - [TEST_STEP][PASSED] - println("Please enter a valid SSN with 9 digits"): null

2024-10-17 14:58:53 - [TEST_STEP][PASSED] - out.println("Pass Record Number: " + row): null

2024-10-17 14:58:53 - [TEST_STEP][PASSED] - resText = "Pass": null

2024-10-17 14:58:53 - [TEST_STEP][PASSED] - pages.WriteExcel.demoKey(resText, datText, resColumn, datCloumn, fileLoc, nameSheet, row): pages.WriteExcel.demoKey is PASSED

2024-10-17 14:58:53 - [MESSAGE][PASSED] - pages.WriteExcel.demoKey is PASSED

2024-10-17 14:58:53 - [TEST_STEP][PASSED] - break: null

2024-10-17 14:58:53 - [TEST_STEP][PASSED] - ExecuteTC = findTestData(dataFile).getValue("Execute", row): null

2024-10-17 14:58:53 - [TEST_STEP][PASSED] - Taxtype = findTestData(dataFile).getValue("TaxType", row): null

2024-10-17 14:58:53 - [TEST_STEP][PASSED] - Paymenttype = findTestData(dataFile).getValue("PaymentType", row): null

2024-10-17 14:58:53 - [TEST_STEP][PASSED] - out.println("Value of Execute is : " + ExecuteTC): null

2024-10-17 14:58:53 - [TEST_STEP][PASSED] - if (ExecuteTC.equalsIgnoreCase("Y")): null

2024-10-17 14:58:53 - [TEST_STEP][PASSED] - out.println("Begin Record Number: " + row): null

2024-10-17 14:58:53 - [TEST_STEP][PASSED] - today = new java.util.Date(): null

2024-10-17 14:58:53 - [TEST_STEP][PASSED] - println(today): null

2024-10-17 14:58:53 - [TEST_STEP][PASSED] - datText = today: null

2024-10-17 14:58:53 - [TEST_STEP][PASSED] - Taxtype = findTestData(dataFile).getValue("TaxType", row): null

2024-10-17 14:58:53 - [TEST_STEP][PASSED] - out.println("Taxtype value is : " + Taxtype): null

2024-10-17 14:58:53 - [TEST_STEP][PASSED] - openBrowser(""): Browser is opened with url: ''

2024-10-17 14:58:53 - [MESSAGE][WARNING] - A browser is already opened. Closing browser and opening a new one

2024-10-17 14:58:54 - [MESSAGE][INFO] - Starting 'Chrome' driver

2024-10-17 14:58:54 - [MESSAGE][INFO] - User set preference: ['acceptInsecureCerts', 'true']

2024-10-17 14:58:54 - [MESSAGE][INFO] - Action delay is set to 0 milliseconds

2024-10-17 14:58:56 - [MESSAGE][PASSED] - Browser is opened with url: ''

2024-10-17 14:58:56 - [TEST_STEP][PASSED] - maximizeWindow(): Current window maximized

2024-10-17 14:58:56 - [MESSAGE][PASSED] - Current window maximized

2024-10-17 14:58:56 - [TEST_STEP][PASSED] - navigateToUrl(RADurl): Navigate to 'https://demo.velocitypayment.com/client/rad/index.html' successfully

2024-10-17 14:58:58 - [MESSAGE][PASSED] - Navigate to 'https://demo.velocitypayment.com/client/rad/index.html' successfully

2024-10-17 14:58:58 - [TEST_STEP][PASSED] - orPath_Landing = "Object Repository/RAD_Pages/Landing_Page": null

2024-10-17 14:58:58 - [TEST_STEP][PASSED] - orPath_TaxTypeFilingYear = "Object Repository/RAD_Pages/TaxTypeFilingYear_Page": null

2024-10-17 14:58:58 - [TEST_STEP][PASSED] - orPath_TaxPayer = "Object Repository/RAD_Pages/Taxpayer_Page": null

2024-10-17 14:58:58 - [TEST_STEP][PASSED] - orPath_AddressContact = "Object Repository/RAD_Pages/AddressAndContactInfo_Page": null

2024-10-17 14:58:58 - [TEST_STEP][PASSED] - orPath_FilingStatus = "Object Repository/RAD_Pages/FilingStatus_Page": null

2024-10-17 14:58:58 - [TEST_STEP][PASSED] - orPath_Amount = "Object Repository/RAD_Pages/PaymentAmount_Page": null

2024-10-17 14:58:58 - [TEST_STEP][PASSED] - orPath_TaxInfo = "Object Repository/RAD_Pages/TaxInfo_Page": null

2024-10-17 14:58:58 - [TEST_STEP][PASSED] - selectOptionByLabel(findTestObject(orPath_Landing + "/dd_TaxType"), Paymenttype, false): All options with label 'Extension Payments' are selected in object 'Object Repository/RAD_Pages/Landing_Page/dd_TaxType' 

2024-10-17 14:58:59 - [MESSAGE][PASSED] - All options with label 'Extension Payments' are selected in object 'Object Repository/RAD_Pages/Landing_Page/dd_TaxType' 

2024-10-17 14:58:59 - [TEST_STEP][PASSED] - delay(1): Delayed 1 second(s)

2024-10-17 14:59:00 - [MESSAGE][PASSED] - Delayed 1 second(s)

2024-10-17 14:59:00 - [TEST_STEP][PASSED] - switch (Paymenttype): null

2024-10-17 14:59:00 - [TEST_STEP][PASSED] - case "Extension Payments":: null

2024-10-17 14:59:00 - [TEST_STEP][PASSED] - selectOptionByLabel(findTestObject(orPath_TaxTypeFilingYear + "/select_PaymentType"), Taxtype, false): All options with label 'Personal Income Tax' are selected in object 'Object Repository/RAD_Pages/TaxTypeFilingYear_Page/select_PaymentType' 

2024-10-17 14:59:00 - [MESSAGE][PASSED] - All options with label 'Personal Income Tax' are selected in object 'Object Repository/RAD_Pages/TaxTypeFilingYear_Page/select_PaymentType' 

2024-10-17 14:59:00 - [TEST_STEP][PASSED] - break: null

2024-10-17 14:59:00 - [TEST_STEP][PASSED] - delay(1): Delayed 1 second(s)

2024-10-17 14:59:01 - [MESSAGE][PASSED] - Delayed 1 second(s)

2024-10-17 14:59:01 - [TEST_STEP][PASSED] - scrollToElement(findTestObject(orPath_TaxPayer + "/input_firstName"), 3): Scroll to object 'Object Repository/RAD_Pages/Taxpayer_Page/input_firstName' successfully

2024-10-17 14:59:02 - [MESSAGE][PASSED] - Scroll to object 'Object Repository/RAD_Pages/Taxpayer_Page/input_firstName' successfully

2024-10-17 14:59:02 - [TEST_STEP][PASSED] - switch (Paymenttype): null

2024-10-17 14:59:02 - [TEST_STEP][PASSED] - case "Extension Payments":: null

2024-10-17 14:59:02 - [TEST_STEP][PASSED] - setText(findTestObject("RAD_RecordAndPlay/input_concatSSN"), "1111111111"): Text '1111111111' is set on object 'Object Repository/RAD_RecordAndPlay/input_concatSSN'

2024-10-17 14:59:03 - [MESSAGE][PASSED] - Text '1111111111' is set on object 'Object Repository/RAD_RecordAndPlay/input_concatSSN'

2024-10-17 14:59:03 - [TEST_STEP][PASSED] - setText(findTestObject("RAD_RecordAndPlay/input_concatReSSN"), ""): Text '' is set on object 'Object Repository/RAD_RecordAndPlay/input_concatReSSN'

2024-10-17 14:59:03 - [MESSAGE][PASSED] - Text '' is set on object 'Object Repository/RAD_RecordAndPlay/input_concatReSSN'

2024-10-17 14:59:03 - [TEST_STEP][PASSED] - break: null

2024-10-17 14:59:03 - [TEST_STEP][PASSED] - delay(2): Delayed 2 second(s)

2024-10-17 14:59:05 - [MESSAGE][PASSED] - Delayed 2 second(s)

2024-10-17 14:59:05 - [TEST_STEP][PASSED] - switch (Taxtype): null

2024-10-17 14:59:05 - [TEST_STEP][PASSED] - Default: null

2024-10-17 14:59:05 - [TEST_STEP][PASSED] - if (verifyTextPresent("Please enter a valid SSN with 9 digits", true)): null

2024-10-17 14:59:06 - [MESSAGE][PASSED] - Text 'Please enter a valid SSN with 9 digits' is present on page  using regular expression

2024-10-17 14:59:06 - [TEST_STEP][PASSED] - println("Please enter a valid SSN with 9 digits"): null

2024-10-17 14:59:06 - [TEST_STEP][PASSED] - out.println("Pass Record Number: " + row): null

2024-10-17 14:59:06 - [TEST_STEP][PASSED] - resText = "Pass": null

2024-10-17 14:59:06 - [TEST_STEP][PASSED] - pages.WriteExcel.demoKey(resText, datText, resColumn, datCloumn, fileLoc, nameSheet, row): pages.WriteExcel.demoKey is PASSED

2024-10-17 14:59:06 - [MESSAGE][PASSED] - pages.WriteExcel.demoKey is PASSED

2024-10-17 14:59:06 - [TEST_STEP][PASSED] - break: null

2024-10-17 14:59:06 - [TEST_STEP][PASSED] - ExecuteTC = findTestData(dataFile).getValue("Execute", row): null

2024-10-17 14:59:06 - [TEST_STEP][PASSED] - Taxtype = findTestData(dataFile).getValue("TaxType", row): null

2024-10-17 14:59:06 - [TEST_STEP][PASSED] - Paymenttype = findTestData(dataFile).getValue("PaymentType", row): null

2024-10-17 14:59:06 - [TEST_STEP][PASSED] - out.println("Value of Execute is : " + ExecuteTC): null

2024-10-17 14:59:06 - [TEST_STEP][PASSED] - if (ExecuteTC.equalsIgnoreCase("Y")): null

2024-10-17 14:59:06 - [TEST_STEP][PASSED] - out.println("Begin Record Number: " + row): null

2024-10-17 14:59:06 - [TEST_STEP][PASSED] - today = new java.util.Date(): null

2024-10-17 14:59:06 - [TEST_STEP][PASSED] - println(today): null

2024-10-17 14:59:06 - [TEST_STEP][PASSED] - datText = today: null

2024-10-17 14:59:06 - [TEST_STEP][PASSED] - Taxtype = findTestData(dataFile).getValue("TaxType", row): null

2024-10-17 14:59:06 - [TEST_STEP][PASSED] - out.println("Taxtype value is : " + Taxtype): null

2024-10-17 14:59:06 - [TEST_STEP][PASSED] - openBrowser(""): Browser is opened with url: ''

2024-10-17 14:59:06 - [MESSAGE][WARNING] - A browser is already opened. Closing browser and opening a new one

2024-10-17 14:59:08 - [MESSAGE][INFO] - Starting 'Chrome' driver

2024-10-17 14:59:08 - [MESSAGE][INFO] - User set preference: ['acceptInsecureCerts', 'true']

2024-10-17 14:59:08 - [MESSAGE][INFO] - Action delay is set to 0 milliseconds

2024-10-17 14:59:10 - [MESSAGE][PASSED] - Browser is opened with url: ''

2024-10-17 14:59:10 - [TEST_STEP][PASSED] - maximizeWindow(): Current window maximized

2024-10-17 14:59:10 - [MESSAGE][PASSED] - Current window maximized

2024-10-17 14:59:10 - [TEST_STEP][PASSED] - navigateToUrl(RADurl): Navigate to 'https://demo.velocitypayment.com/client/rad/index.html' successfully

2024-10-17 14:59:12 - [MESSAGE][PASSED] - Navigate to 'https://demo.velocitypayment.com/client/rad/index.html' successfully

2024-10-17 14:59:12 - [TEST_STEP][PASSED] - orPath_Landing = "Object Repository/RAD_Pages/Landing_Page": null

2024-10-17 14:59:12 - [TEST_STEP][PASSED] - orPath_TaxTypeFilingYear = "Object Repository/RAD_Pages/TaxTypeFilingYear_Page": null

2024-10-17 14:59:12 - [TEST_STEP][PASSED] - orPath_TaxPayer = "Object Repository/RAD_Pages/Taxpayer_Page": null

2024-10-17 14:59:12 - [TEST_STEP][PASSED] - orPath_AddressContact = "Object Repository/RAD_Pages/AddressAndContactInfo_Page": null

2024-10-17 14:59:12 - [TEST_STEP][PASSED] - orPath_FilingStatus = "Object Repository/RAD_Pages/FilingStatus_Page": null

2024-10-17 14:59:12 - [TEST_STEP][PASSED] - orPath_Amount = "Object Repository/RAD_Pages/PaymentAmount_Page": null

2024-10-17 14:59:12 - [TEST_STEP][PASSED] - orPath_TaxInfo = "Object Repository/RAD_Pages/TaxInfo_Page": null

2024-10-17 14:59:12 - [TEST_STEP][PASSED] - selectOptionByLabel(findTestObject(orPath_Landing + "/dd_TaxType"), Paymenttype, false): All options with label 'New Tax Return Amount Due' are selected in object 'Object Repository/RAD_Pages/Landing_Page/dd_TaxType' 

2024-10-17 14:59:13 - [MESSAGE][PASSED] - All options with label 'New Tax Return Amount Due' are selected in object 'Object Repository/RAD_Pages/Landing_Page/dd_TaxType' 

2024-10-17 14:59:13 - [TEST_STEP][PASSED] - delay(1): Delayed 1 second(s)

2024-10-17 14:59:14 - [MESSAGE][PASSED] - Delayed 1 second(s)

2024-10-17 14:59:14 - [TEST_STEP][PASSED] - switch (Paymenttype): null

2024-10-17 14:59:14 - [TEST_STEP][PASSED] - case "New Tax Return Amount Due":: null

2024-10-17 14:59:14 - [TEST_STEP][PASSED] - selectOptionByLabel(findTestObject("Object Repository/RAD_Pages/Landing_Page/select_NewTaxReturnAmountDue_TaxType"), Taxtype, false): All options with label 'Personal Income Tax' are selected in object 'Object Repository/RAD_Pages/Landing_Page/select_NewTaxReturnAmountDue_TaxType' 

2024-10-17 14:59:14 - [MESSAGE][PASSED] - All options with label 'Personal Income Tax' are selected in object 'Object Repository/RAD_Pages/Landing_Page/select_NewTaxReturnAmountDue_TaxType' 

2024-10-17 14:59:14 - [TEST_STEP][PASSED] - break: null

2024-10-17 14:59:14 - [TEST_STEP][PASSED] - delay(1): Delayed 1 second(s)

2024-10-17 14:59:15 - [MESSAGE][PASSED] - Delayed 1 second(s)

2024-10-17 14:59:15 - [TEST_STEP][PASSED] - scrollToElement(findTestObject(orPath_TaxPayer + "/input_firstName"), 3): Scroll to object 'Object Repository/RAD_Pages/Taxpayer_Page/input_firstName' successfully

2024-10-17 14:59:16 - [MESSAGE][PASSED] - Scroll to object 'Object Repository/RAD_Pages/Taxpayer_Page/input_firstName' successfully

2024-10-17 14:59:16 - [TEST_STEP][PASSED] - switch (Paymenttype): null

2024-10-17 14:59:16 - [TEST_STEP][PASSED] - case "New Tax Return Amount Due":: null

2024-10-17 14:59:16 - [TEST_STEP][PASSED] - if (Taxtype.equalsIgnoreCase("Estate Tax")): null

2024-10-17 14:59:16 - [TEST_STEP][PASSED] - else: Text '' is set on object 'Object Repository/RAD_RecordAndPlay/input_concatReSSN'

2024-10-17 14:59:16 - [TEST_STEP][PASSED] - setText(findTestObject("RAD_RecordAndPlay/input_concatSSN"), "1111111111"): Text '1111111111' is set on object 'Object Repository/RAD_RecordAndPlay/input_concatSSN'

2024-10-17 14:59:16 - [MESSAGE][PASSED] - Text '1111111111' is set on object 'Object Repository/RAD_RecordAndPlay/input_concatSSN'

2024-10-17 14:59:16 - [TEST_STEP][PASSED] - setText(findTestObject("RAD_RecordAndPlay/input_concatReSSN"), ""): Text '' is set on object 'Object Repository/RAD_RecordAndPlay/input_concatReSSN'

2024-10-17 14:59:17 - [MESSAGE][PASSED] - Text '' is set on object 'Object Repository/RAD_RecordAndPlay/input_concatReSSN'

2024-10-17 14:59:17 - [TEST_STEP][PASSED] - break: null

2024-10-17 14:59:17 - [TEST_STEP][PASSED] - delay(2): Delayed 2 second(s)

2024-10-17 14:59:19 - [MESSAGE][PASSED] - Delayed 2 second(s)

2024-10-17 14:59:19 - [TEST_STEP][PASSED] - switch (Taxtype): null

2024-10-17 14:59:19 - [TEST_STEP][PASSED] - Default: null

2024-10-17 14:59:19 - [TEST_STEP][PASSED] - if (verifyTextPresent("Please enter a valid SSN with 9 digits", true)): null

2024-10-17 14:59:19 - [MESSAGE][PASSED] - Text 'Please enter a valid SSN with 9 digits' is present on page  using regular expression

2024-10-17 14:59:19 - [TEST_STEP][PASSED] - println("Please enter a valid SSN with 9 digits"): null

2024-10-17 14:59:19 - [TEST_STEP][PASSED] - out.println("Pass Record Number: " + row): null

2024-10-17 14:59:19 - [TEST_STEP][PASSED] - resText = "Pass": null

2024-10-17 14:59:19 - [TEST_STEP][PASSED] - pages.WriteExcel.demoKey(resText, datText, resColumn, datCloumn, fileLoc, nameSheet, row): pages.WriteExcel.demoKey is PASSED

2024-10-17 14:59:19 - [MESSAGE][PASSED] - pages.WriteExcel.demoKey is PASSED

2024-10-17 14:59:19 - [TEST_STEP][PASSED] - break: null

2024-10-17 14:59:19 - [TEST_STEP][PASSED] - ExecuteTC = findTestData(dataFile).getValue("Execute", row): null

2024-10-17 14:59:19 - [TEST_STEP][PASSED] - Taxtype = findTestData(dataFile).getValue("TaxType", row): null

2024-10-17 14:59:19 - [TEST_STEP][PASSED] - Paymenttype = findTestData(dataFile).getValue("PaymentType", row): null

2024-10-17 14:59:19 - [TEST_STEP][PASSED] - out.println("Value of Execute is : " + ExecuteTC): null

2024-10-17 14:59:19 - [TEST_STEP][PASSED] - if (ExecuteTC.equalsIgnoreCase("Y")): null

2024-10-17 14:59:19 - [TEST_STEP][PASSED] - out.println("Begin Record Number: " + row): null

2024-10-17 14:59:19 - [TEST_STEP][PASSED] - today = new java.util.Date(): null

2024-10-17 14:59:19 - [TEST_STEP][PASSED] - println(today): null

2024-10-17 14:59:19 - [TEST_STEP][PASSED] - datText = today: null

2024-10-17 14:59:19 - [TEST_STEP][PASSED] - Taxtype = findTestData(dataFile).getValue("TaxType", row): null

2024-10-17 14:59:19 - [TEST_STEP][PASSED] - out.println("Taxtype value is : " + Taxtype): null

2024-10-17 14:59:19 - [TEST_STEP][PASSED] - openBrowser(""): Browser is opened with url: ''

2024-10-17 14:59:19 - [MESSAGE][WARNING] - A browser is already opened. Closing browser and opening a new one

2024-10-17 14:59:21 - [MESSAGE][INFO] - Starting 'Chrome' driver

2024-10-17 14:59:21 - [MESSAGE][INFO] - User set preference: ['acceptInsecureCerts', 'true']

2024-10-17 14:59:21 - [MESSAGE][INFO] - Action delay is set to 0 milliseconds

2024-10-17 14:59:23 - [MESSAGE][PASSED] - Browser is opened with url: ''

2024-10-17 14:59:23 - [TEST_STEP][PASSED] - maximizeWindow(): Current window maximized

2024-10-17 14:59:23 - [MESSAGE][PASSED] - Current window maximized

2024-10-17 14:59:23 - [TEST_STEP][PASSED] - navigateToUrl(RADurl): Navigate to 'https://demo.velocitypayment.com/client/rad/index.html' successfully

2024-10-17 14:59:23 - [MESSAGE][PASSED] - Navigate to 'https://demo.velocitypayment.com/client/rad/index.html' successfully

2024-10-17 14:59:23 - [TEST_STEP][PASSED] - orPath_Landing = "Object Repository/RAD_Pages/Landing_Page": null

2024-10-17 14:59:23 - [TEST_STEP][PASSED] - orPath_TaxTypeFilingYear = "Object Repository/RAD_Pages/TaxTypeFilingYear_Page": null

2024-10-17 14:59:23 - [TEST_STEP][PASSED] - orPath_TaxPayer = "Object Repository/RAD_Pages/Taxpayer_Page": null

2024-10-17 14:59:23 - [TEST_STEP][PASSED] - orPath_AddressContact = "Object Repository/RAD_Pages/AddressAndContactInfo_Page": null

2024-10-17 14:59:23 - [TEST_STEP][PASSED] - orPath_FilingStatus = "Object Repository/RAD_Pages/FilingStatus_Page": null

2024-10-17 14:59:23 - [TEST_STEP][PASSED] - orPath_Amount = "Object Repository/RAD_Pages/PaymentAmount_Page": null

2024-10-17 14:59:23 - [TEST_STEP][PASSED] - orPath_TaxInfo = "Object Repository/RAD_Pages/TaxInfo_Page": null

2024-10-17 14:59:23 - [TEST_STEP][PASSED] - selectOptionByLabel(findTestObject(orPath_Landing + "/dd_TaxType"), Paymenttype, false): All options with label 'Existing Liability with Notice/Invoice Number' are selected in object 'Object Repository/RAD_Pages/Landing_Page/dd_TaxType' 

2024-10-17 14:59:25 - [MESSAGE][PASSED] - All options with label 'Existing Liability with Notice/Invoice Number' are selected in object 'Object Repository/RAD_Pages/Landing_Page/dd_TaxType' 

2024-10-17 14:59:25 - [TEST_STEP][PASSED] - delay(1): Delayed 1 second(s)

2024-10-17 14:59:26 - [MESSAGE][PASSED] - Delayed 1 second(s)

2024-10-17 14:59:26 - [TEST_STEP][PASSED] - switch (Paymenttype): null

2024-10-17 14:59:26 - [TEST_STEP][PASSED] - case "Existing Liability with Notice/Invoice Number":: null

2024-10-17 14:59:26 - [TEST_STEP][PASSED] - selectOptionByLabel(findTestObject(orPath_TaxTypeFilingYear + "/select_TaxType_ExistingLiability"), Taxtype, false): All options with label 'Estate Tax' are selected in object 'Object Repository/RAD_Pages/TaxTypeFilingYear_Page/select_TaxType_ExistingLiability' 

2024-10-17 14:59:27 - [MESSAGE][PASSED] - All options with label 'Estate Tax' are selected in object 'Object Repository/RAD_Pages/TaxTypeFilingYear_Page/select_TaxType_ExistingLiability' 

2024-10-17 14:59:27 - [TEST_STEP][PASSED] - break: null

2024-10-17 14:59:27 - [TEST_STEP][PASSED] - delay(1): Delayed 1 second(s)

2024-10-17 14:59:28 - [MESSAGE][PASSED] - Delayed 1 second(s)

2024-10-17 14:59:28 - [TEST_STEP][PASSED] - scrollToElement(findTestObject(orPath_TaxPayer + "/input_firstName"), 3): Scroll to object 'Object Repository/RAD_Pages/Taxpayer_Page/input_firstName' successfully

2024-10-17 14:59:28 - [MESSAGE][PASSED] - Scroll to object 'Object Repository/RAD_Pages/Taxpayer_Page/input_firstName' successfully

2024-10-17 14:59:28 - [TEST_STEP][PASSED] - switch (Paymenttype): null

2024-10-17 14:59:28 - [TEST_STEP][PASSED] - case "Existing Liability with Notice/Invoice Number":: null

2024-10-17 14:59:28 - [TEST_STEP][PASSED] - if (Taxtype.equalsIgnoreCase("Estate Tax")): Text '' is set on object 'Object Repository/RAD_Pages/TaxInfo_Page/input_ReTypeDecedentSSN'

2024-10-17 14:59:28 - [TEST_STEP][PASSED] - setText(findTestObject(orPath_TaxInfo + "/input_DecedentSSN"), "1111111111"): Text '1111111111' is set on object 'Object Repository/RAD_Pages/TaxInfo_Page/input_DecedentSSN'

2024-10-17 14:59:29 - [MESSAGE][PASSED] - Text '1111111111' is set on object 'Object Repository/RAD_Pages/TaxInfo_Page/input_DecedentSSN'

2024-10-17 14:59:29 - [TEST_STEP][PASSED] - setText(findTestObject(orPath_TaxInfo + "/input_ReTypeDecedentSSN"), ""): Text '' is set on object 'Object Repository/RAD_Pages/TaxInfo_Page/input_ReTypeDecedentSSN'

2024-10-17 14:59:30 - [MESSAGE][PASSED] - Text '' is set on object 'Object Repository/RAD_Pages/TaxInfo_Page/input_ReTypeDecedentSSN'

2024-10-17 14:59:30 - [TEST_STEP][PASSED] - break: null

2024-10-17 14:59:30 - [TEST_STEP][PASSED] - delay(2): Delayed 2 second(s)

2024-10-17 14:59:32 - [MESSAGE][PASSED] - Delayed 2 second(s)

2024-10-17 14:59:32 - [TEST_STEP][PASSED] - switch (Taxtype): null

2024-10-17 14:59:32 - [TEST_STEP][PASSED] - case "Estate Tax":: null

2024-10-17 14:59:32 - [TEST_STEP][PASSED] - if (verifyTextPresent("Please enter a valid Decedent SSN with 9 digits", true)): null

2024-10-17 14:59:32 - [MESSAGE][PASSED] - Text 'Please enter a valid Decedent SSN with 9 digits' is present on page  using regular expression

2024-10-17 14:59:32 - [TEST_STEP][PASSED] - println("Please enter a valid SSN with 9 digits"): null

2024-10-17 14:59:32 - [TEST_STEP][PASSED] - out.println("Pass Record Number: " + row): null

2024-10-17 14:59:32 - [TEST_STEP][PASSED] - resText = "Pass": null

2024-10-17 14:59:32 - [TEST_STEP][PASSED] - pages.WriteExcel.demoKey(resText, datText, resColumn, datCloumn, fileLoc, nameSheet, row): pages.WriteExcel.demoKey is PASSED

2024-10-17 14:59:32 - [MESSAGE][PASSED] - pages.WriteExcel.demoKey is PASSED

2024-10-17 14:59:32 - [TEST_STEP][PASSED] - break: null

2024-10-17 14:59:32 - [TEST_STEP][PASSED] - ExecuteTC = findTestData(dataFile).getValue("Execute", row): null

2024-10-17 14:59:32 - [TEST_STEP][PASSED] - Taxtype = findTestData(dataFile).getValue("TaxType", row): null

2024-10-17 14:59:32 - [TEST_STEP][PASSED] - Paymenttype = findTestData(dataFile).getValue("PaymentType", row): null

2024-10-17 14:59:32 - [TEST_STEP][PASSED] - out.println("Value of Execute is : " + ExecuteTC): null

2024-10-17 14:59:32 - [TEST_STEP][PASSED] - if (ExecuteTC.equalsIgnoreCase("Y")): null

2024-10-17 14:59:32 - [TEST_STEP][PASSED] - out.println("Begin Record Number: " + row): null

2024-10-17 14:59:32 - [TEST_STEP][PASSED] - today = new java.util.Date(): null

2024-10-17 14:59:32 - [TEST_STEP][PASSED] - println(today): null

2024-10-17 14:59:32 - [TEST_STEP][PASSED] - datText = today: null

2024-10-17 14:59:32 - [TEST_STEP][PASSED] - Taxtype = findTestData(dataFile).getValue("TaxType", row): null

2024-10-17 14:59:32 - [TEST_STEP][PASSED] - out.println("Taxtype value is : " + Taxtype): null

2024-10-17 14:59:32 - [TEST_STEP][PASSED] - openBrowser(""): Browser is opened with url: ''

2024-10-17 14:59:32 - [MESSAGE][WARNING] - A browser is already opened. Closing browser and opening a new one

2024-10-17 14:59:34 - [MESSAGE][INFO] - Starting 'Chrome' driver

2024-10-17 14:59:34 - [MESSAGE][INFO] - User set preference: ['acceptInsecureCerts', 'true']

2024-10-17 14:59:34 - [MESSAGE][INFO] - Action delay is set to 0 milliseconds

2024-10-17 14:59:36 - [MESSAGE][PASSED] - Browser is opened with url: ''

2024-10-17 14:59:36 - [TEST_STEP][PASSED] - maximizeWindow(): Current window maximized

2024-10-17 14:59:36 - [MESSAGE][PASSED] - Current window maximized

2024-10-17 14:59:36 - [TEST_STEP][PASSED] - navigateToUrl(RADurl): Navigate to 'https://demo.velocitypayment.com/client/rad/index.html' successfully

2024-10-17 14:59:38 - [MESSAGE][PASSED] - Navigate to 'https://demo.velocitypayment.com/client/rad/index.html' successfully

2024-10-17 14:59:38 - [TEST_STEP][PASSED] - orPath_Landing = "Object Repository/RAD_Pages/Landing_Page": null

2024-10-17 14:59:38 - [TEST_STEP][PASSED] - orPath_TaxTypeFilingYear = "Object Repository/RAD_Pages/TaxTypeFilingYear_Page": null

2024-10-17 14:59:38 - [TEST_STEP][PASSED] - orPath_TaxPayer = "Object Repository/RAD_Pages/Taxpayer_Page": null

2024-10-17 14:59:38 - [TEST_STEP][PASSED] - orPath_AddressContact = "Object Repository/RAD_Pages/AddressAndContactInfo_Page": null

2024-10-17 14:59:38 - [TEST_STEP][PASSED] - orPath_FilingStatus = "Object Repository/RAD_Pages/FilingStatus_Page": null

2024-10-17 14:59:38 - [TEST_STEP][PASSED] - orPath_Amount = "Object Repository/RAD_Pages/PaymentAmount_Page": null

2024-10-17 14:59:38 - [TEST_STEP][PASSED] - orPath_TaxInfo = "Object Repository/RAD_Pages/TaxInfo_Page": null

2024-10-17 14:59:38 - [TEST_STEP][PASSED] - selectOptionByLabel(findTestObject(orPath_Landing + "/dd_TaxType"), Paymenttype, false): All options with label 'New Tax Return Amount Due' are selected in object 'Object Repository/RAD_Pages/Landing_Page/dd_TaxType' 

2024-10-17 14:59:38 - [MESSAGE][PASSED] - All options with label 'New Tax Return Amount Due' are selected in object 'Object Repository/RAD_Pages/Landing_Page/dd_TaxType' 

2024-10-17 14:59:38 - [TEST_STEP][PASSED] - delay(1): Delayed 1 second(s)

2024-10-17 14:59:39 - [MESSAGE][PASSED] - Delayed 1 second(s)

2024-10-17 14:59:39 - [TEST_STEP][PASSED] - switch (Paymenttype): null

2024-10-17 14:59:39 - [TEST_STEP][PASSED] - case "New Tax Return Amount Due":: null

2024-10-17 14:59:39 - [TEST_STEP][PASSED] - selectOptionByLabel(findTestObject("Object Repository/RAD_Pages/Landing_Page/select_NewTaxReturnAmountDue_TaxType"), Taxtype, false): All options with label 'Estate Tax' are selected in object 'Object Repository/RAD_Pages/Landing_Page/select_NewTaxReturnAmountDue_TaxType' 

2024-10-17 14:59:40 - [MESSAGE][PASSED] - All options with label 'Estate Tax' are selected in object 'Object Repository/RAD_Pages/Landing_Page/select_NewTaxReturnAmountDue_TaxType' 

2024-10-17 14:59:40 - [TEST_STEP][PASSED] - break: null

2024-10-17 14:59:40 - [TEST_STEP][PASSED] - delay(1): Delayed 1 second(s)

2024-10-17 14:59:41 - [MESSAGE][PASSED] - Delayed 1 second(s)

2024-10-17 14:59:41 - [TEST_STEP][PASSED] - scrollToElement(findTestObject(orPath_TaxPayer + "/input_firstName"), 3): Scroll to object 'Object Repository/RAD_Pages/Taxpayer_Page/input_firstName' successfully

2024-10-17 14:59:41 - [MESSAGE][PASSED] - Scroll to object 'Object Repository/RAD_Pages/Taxpayer_Page/input_firstName' successfully

2024-10-17 14:59:41 - [TEST_STEP][PASSED] - switch (Paymenttype): null

2024-10-17 14:59:41 - [TEST_STEP][PASSED] - case "New Tax Return Amount Due":: null

2024-10-17 14:59:41 - [TEST_STEP][PASSED] - if (Taxtype.equalsIgnoreCase("Estate Tax")): Text '' is set on object 'Object Repository/RAD_Pages/Taxpayer_Page/input_NewTax_ReTypeDecedentSSN'

2024-10-17 14:59:41 - [TEST_STEP][PASSED] - setText(findTestObject(orPath_TaxPayer + "/input_NewTax_DecedentSSN"), "1111111111"): Text '1111111111' is set on object 'Object Repository/RAD_Pages/Taxpayer_Page/input_NewTax_DecedentSSN'

2024-10-17 14:59:42 - [MESSAGE][PASSED] - Text '1111111111' is set on object 'Object Repository/RAD_Pages/Taxpayer_Page/input_NewTax_DecedentSSN'

2024-10-17 14:59:42 - [TEST_STEP][PASSED] - setText(findTestObject(orPath_TaxPayer + "/input_NewTax_ReTypeDecedentSSN"), ""): Text '' is set on object 'Object Repository/RAD_Pages/Taxpayer_Page/input_NewTax_ReTypeDecedentSSN'

2024-10-17 14:59:43 - [MESSAGE][PASSED] - Text '' is set on object 'Object Repository/RAD_Pages/Taxpayer_Page/input_NewTax_ReTypeDecedentSSN'

2024-10-17 14:59:43 - [TEST_STEP][PASSED] - break: null

2024-10-17 14:59:43 - [TEST_STEP][PASSED] - delay(2): Delayed 2 second(s)

2024-10-17 14:59:45 - [MESSAGE][PASSED] - Delayed 2 second(s)

2024-10-17 14:59:45 - [TEST_STEP][PASSED] - switch (Taxtype): null

2024-10-17 14:59:45 - [TEST_STEP][PASSED] - case "Estate Tax":: null

2024-10-17 14:59:45 - [TEST_STEP][PASSED] - if (verifyTextPresent("Please enter a valid Decedent SSN with 9 digits", true)): null

2024-10-17 14:59:45 - [MESSAGE][PASSED] - Text 'Please enter a valid Decedent SSN with 9 digits' is present on page  using regular expression

2024-10-17 14:59:45 - [TEST_STEP][PASSED] - println("Please enter a valid SSN with 9 digits"): null

2024-10-17 14:59:45 - [TEST_STEP][PASSED] - out.println("Pass Record Number: " + row): null

2024-10-17 14:59:45 - [TEST_STEP][PASSED] - resText = "Pass": null

2024-10-17 14:59:45 - [TEST_STEP][PASSED] - pages.WriteExcel.demoKey(resText, datText, resColumn, datCloumn, fileLoc, nameSheet, row): pages.WriteExcel.demoKey is PASSED

2024-10-17 14:59:45 - [MESSAGE][PASSED] - pages.WriteExcel.demoKey is PASSED

2024-10-17 14:59:45 - [TEST_STEP][PASSED] - break: null]]></system-out>
         <system-err><![CDATA[]]></system-err>
      </testcase>
      <testcase name="Test Cases/RAD_TestCases/Negative_TestCases/JointFilerSSNnoMatch-NEW" time="49.162" classname="Test Cases/RAD_TestCases/Negative_TestCases/JointFilerSSNnoMatch-NEW" status="PASSED">
         <system-out><![CDATA[2024-10-17 14:59:45 - [TEST_CASE][PASSED] - Test Cases/RAD_TestCases/Negative_TestCases/JointFilerSSNnoMatch-NEW: Test Cases/RAD_TestCases/Negative_TestCases/JointFilerSSNnoMatch-NEW

2024-10-17 14:59:46 - [TEST_STEP][PASSED] - resText = "Fail": null

2024-10-17 14:59:46 - [TEST_STEP][PASSED] - resColumn = "Result": null

2024-10-17 14:59:46 - [TEST_STEP][PASSED] - datCloumn = "Date": null

2024-10-17 14:59:46 - [TEST_STEP][PASSED] - fileLoc = "KatalonData/RADTestData/JointFilerSSNnoMatch.xlsx": null

2024-10-17 14:59:46 - [TEST_STEP][PASSED] - nameSheet = "Sheet1": null

2024-10-17 14:59:46 - [TEST_STEP][PASSED] - dataFile = "RADTestData/JointFilerSSNnoMatch": null

2024-10-17 14:59:46 - [TEST_STEP][PASSED] - ExecuteTC = <not implemented yet for class: org.codehaus.groovy.ast.expr.EmptyExpression>: null

2024-10-17 14:59:46 - [TEST_STEP][PASSED] - Taxtype = <not implemented yet for class: org.codehaus.groovy.ast.expr.EmptyExpression>: null

2024-10-17 14:59:46 - [TEST_STEP][PASSED] - numOfRows = findTestData(dataFile).getRowNumbers(): null

2024-10-17 14:59:46 - [TEST_STEP][PASSED] - println("Number of Records: " + numOfRows): null

2024-10-17 14:59:46 - [TEST_STEP][PASSED] - for ([row = 1, row <= numOfRows, (row++)]): null

2024-10-17 14:59:46 - [TEST_STEP][PASSED] - ExecuteTC = findTestData(dataFile).getValue("Execute", row): null

2024-10-17 14:59:46 - [TEST_STEP][PASSED] - Taxtype = findTestData(dataFile).getValue("TaxType", row): null

2024-10-17 14:59:46 - [TEST_STEP][PASSED] - Paymenttype = findTestData(dataFile).getValue("PaymentType", row): null

2024-10-17 14:59:46 - [TEST_STEP][PASSED] - out.println("Value of Execute is : " + ExecuteTC): null

2024-10-17 14:59:46 - [TEST_STEP][PASSED] - if (ExecuteTC.equalsIgnoreCase("Y")): null

2024-10-17 14:59:46 - [TEST_STEP][PASSED] - out.println("Begin Record Number: " + row): null

2024-10-17 14:59:46 - [TEST_STEP][PASSED] - today = new java.util.Date(): null

2024-10-17 14:59:46 - [TEST_STEP][PASSED] - println(today): null

2024-10-17 14:59:46 - [TEST_STEP][PASSED] - datText = today: null

2024-10-17 14:59:46 - [TEST_STEP][PASSED] - Taxtype = findTestData(dataFile).getValue("TaxType", row): null

2024-10-17 14:59:46 - [TEST_STEP][PASSED] - out.println("Taxtype value is : " + Taxtype): null

2024-10-17 14:59:46 - [TEST_STEP][PASSED] - openBrowser(""): Browser is opened with url: ''

2024-10-17 14:59:46 - [MESSAGE][WARNING] - A browser is already opened. Closing browser and opening a new one

2024-10-17 14:59:47 - [MESSAGE][INFO] - Starting 'Chrome' driver

2024-10-17 14:59:47 - [MESSAGE][INFO] - User set preference: ['acceptInsecureCerts', 'true']

2024-10-17 14:59:47 - [MESSAGE][INFO] - Action delay is set to 0 milliseconds

2024-10-17 14:59:49 - [MESSAGE][PASSED] - Browser is opened with url: ''

2024-10-17 14:59:49 - [TEST_STEP][PASSED] - maximizeWindow(): Current window maximized

2024-10-17 14:59:49 - [MESSAGE][PASSED] - Current window maximized

2024-10-17 14:59:49 - [TEST_STEP][PASSED] - navigateToUrl(RADurl): Navigate to 'https://demo.velocitypayment.com/client/rad/index.html' successfully

2024-10-17 14:59:51 - [MESSAGE][PASSED] - Navigate to 'https://demo.velocitypayment.com/client/rad/index.html' successfully

2024-10-17 14:59:51 - [TEST_STEP][PASSED] - orPath_Landing = "Object Repository/RAD_Pages/Landing_Page": null

2024-10-17 14:59:51 - [TEST_STEP][PASSED] - orPath_TaxTypeFilingYear = "Object Repository/RAD_Pages/TaxTypeFilingYear_Page": null

2024-10-17 14:59:51 - [TEST_STEP][PASSED] - orPath_TaxPayer = "Object Repository/RAD_Pages/Taxpayer_Page": null

2024-10-17 14:59:51 - [TEST_STEP][PASSED] - orPath_AddressContact = "Object Repository/RAD_Pages/AddressAndContactInfo_Page": null

2024-10-17 14:59:51 - [TEST_STEP][PASSED] - orPath_FilingStatus = "Object Repository/RAD_Pages/FilingStatus_Page": null

2024-10-17 14:59:51 - [TEST_STEP][PASSED] - orPath_Amount = "Object Repository/RAD_Pages/PaymentAmount_Page": null

2024-10-17 14:59:51 - [TEST_STEP][PASSED] - orPath_TaxInfo = "Object Repository/RAD_Pages/TaxInfo_Page": null

2024-10-17 14:59:51 - [TEST_STEP][PASSED] - selectOptionByLabel(findTestObject(orPath_Landing + "/dd_TaxType"), Paymenttype, false): All options with label 'Quarterly Estimated Tax' are selected in object 'Object Repository/RAD_Pages/Landing_Page/dd_TaxType' 

2024-10-17 14:59:52 - [MESSAGE][PASSED] - All options with label 'Quarterly Estimated Tax' are selected in object 'Object Repository/RAD_Pages/Landing_Page/dd_TaxType' 

2024-10-17 14:59:52 - [TEST_STEP][PASSED] - delay(1): Delayed 1 second(s)

2024-10-17 14:59:53 - [MESSAGE][PASSED] - Delayed 1 second(s)

2024-10-17 14:59:53 - [TEST_STEP][PASSED] - switch (Paymenttype): null

2024-10-17 14:59:53 - [TEST_STEP][PASSED] - case "Quarterly Estimated Tax":: null

2024-10-17 14:59:53 - [TEST_STEP][PASSED] - selectOptionByLabel(findTestObject(orPath_TaxTypeFilingYear + "/select_PaymentType"), Taxtype, false): All options with label 'Personal Income Tax' are selected in object 'Object Repository/RAD_Pages/TaxTypeFilingYear_Page/select_PaymentType' 

2024-10-17 14:59:53 - [MESSAGE][PASSED] - All options with label 'Personal Income Tax' are selected in object 'Object Repository/RAD_Pages/TaxTypeFilingYear_Page/select_PaymentType' 

2024-10-17 14:59:53 - [TEST_STEP][PASSED] - break: null

2024-10-17 14:59:53 - [TEST_STEP][PASSED] - delay(1): Delayed 1 second(s)

2024-10-17 14:59:54 - [MESSAGE][PASSED] - Delayed 1 second(s)

2024-10-17 14:59:54 - [TEST_STEP][PASSED] - scrollToElement(findTestObject(orPath_Amount + "/input__paymentAmount"), 2, CONTINUE_ON_FAILURE): Scroll to object 'Object Repository/RAD_Pages/PaymentAmount_Page/input__paymentAmount' successfully

2024-10-17 14:59:55 - [MESSAGE][PASSED] - Scroll to object 'Object Repository/RAD_Pages/PaymentAmount_Page/input__paymentAmount' successfully

2024-10-17 14:59:55 - [TEST_STEP][PASSED] - waitForElementClickable(findTestObject(orPath_FilingStatus + "/input_userType_Joint"), 5): Object 'Object Repository/RAD_Pages/FilingStatus_Page/input_userType_Joint' is clickable

2024-10-17 14:59:55 - [MESSAGE][PASSED] - Object 'Object Repository/RAD_Pages/FilingStatus_Page/input_userType_Joint' is clickable

2024-10-17 14:59:55 - [TEST_STEP][PASSED] - click(findTestObject(orPath_FilingStatus + "/input_userType_Joint")): Object: 'Object Repository/RAD_Pages/FilingStatus_Page/input_userType_Joint' is clicked on

2024-10-17 14:59:56 - [MESSAGE][PASSED] - Object: 'Object Repository/RAD_Pages/FilingStatus_Page/input_userType_Joint' is clicked on

2024-10-17 14:59:56 - [TEST_STEP][PASSED] - setText(findTestObject("Object Repository/RAD_RecordAndPlay/input_JointFilerSSN"), "111116523"): Text '111116523' is set on object 'Object Repository/RAD_RecordAndPlay/input_JointFilerSSN'

2024-10-17 14:59:56 - [MESSAGE][PASSED] - Text '111116523' is set on object 'Object Repository/RAD_RecordAndPlay/input_JointFilerSSN'

2024-10-17 14:59:56 - [TEST_STEP][PASSED] - setText(findTestObject("Object Repository/RAD_RecordAndPlay/input_reTypeJointFilerSSN"), "222226523"): Text '222226523' is set on object 'Object Repository/RAD_RecordAndPlay/input_reTypeJointFilerSSN'

2024-10-17 14:59:57 - [MESSAGE][PASSED] - Text '222226523' is set on object 'Object Repository/RAD_RecordAndPlay/input_reTypeJointFilerSSN'

2024-10-17 14:59:57 - [TEST_STEP][PASSED] - setText(findTestObject(orPath_Amount + "/input__paymentAmount"), ""): Text '' is set on object 'Object Repository/RAD_Pages/PaymentAmount_Page/input__paymentAmount'

2024-10-17 15:00:02 - [MESSAGE][PASSED] - Text '' is set on object 'Object Repository/RAD_Pages/PaymentAmount_Page/input__paymentAmount'

2024-10-17 15:00:02 - [TEST_STEP][PASSED] - delay(2): Delayed 2 second(s)

2024-10-17 15:00:04 - [MESSAGE][PASSED] - Delayed 2 second(s)

2024-10-17 15:00:04 - [TEST_STEP][PASSED] - if (verifyTextPresent("The SSN and Re-type SSN do not match", true)): null

2024-10-17 15:00:05 - [MESSAGE][PASSED] - Text 'The SSN and Re-type SSN do not match' is present on page  using regular expression

2024-10-17 15:00:05 - [TEST_STEP][PASSED] - println("Joint Filer SSN Dont match text is present"): null

2024-10-17 15:00:05 - [TEST_STEP][PASSED] - out.println("Pass Record Number: " + row): null

2024-10-17 15:00:05 - [TEST_STEP][PASSED] - resText = "Pass": null

2024-10-17 15:00:05 - [TEST_STEP][PASSED] - pages.WriteExcel.demoKey(resText, datText, resColumn, datCloumn, fileLoc, nameSheet, row): pages.WriteExcel.demoKey is PASSED

2024-10-17 15:00:05 - [MESSAGE][PASSED] - pages.WriteExcel.demoKey is PASSED

2024-10-17 15:00:05 - [TEST_STEP][PASSED] - ExecuteTC = findTestData(dataFile).getValue("Execute", row): null

2024-10-17 15:00:05 - [TEST_STEP][PASSED] - Taxtype = findTestData(dataFile).getValue("TaxType", row): null

2024-10-17 15:00:05 - [TEST_STEP][PASSED] - Paymenttype = findTestData(dataFile).getValue("PaymentType", row): null

2024-10-17 15:00:05 - [TEST_STEP][PASSED] - out.println("Value of Execute is : " + ExecuteTC): null

2024-10-17 15:00:05 - [TEST_STEP][PASSED] - if (ExecuteTC.equalsIgnoreCase("Y")): null

2024-10-17 15:00:05 - [TEST_STEP][PASSED] - out.println("Begin Record Number: " + row): null

2024-10-17 15:00:05 - [TEST_STEP][PASSED] - today = new java.util.Date(): null

2024-10-17 15:00:05 - [TEST_STEP][PASSED] - println(today): null

2024-10-17 15:00:05 - [TEST_STEP][PASSED] - datText = today: null

2024-10-17 15:00:05 - [TEST_STEP][PASSED] - Taxtype = findTestData(dataFile).getValue("TaxType", row): null

2024-10-17 15:00:05 - [TEST_STEP][PASSED] - out.println("Taxtype value is : " + Taxtype): null

2024-10-17 15:00:05 - [TEST_STEP][PASSED] - openBrowser(""): Browser is opened with url: ''

2024-10-17 15:00:05 - [MESSAGE][WARNING] - A browser is already opened. Closing browser and opening a new one

2024-10-17 15:00:06 - [MESSAGE][INFO] - Starting 'Chrome' driver

2024-10-17 15:00:06 - [MESSAGE][INFO] - User set preference: ['acceptInsecureCerts', 'true']

2024-10-17 15:00:06 - [MESSAGE][INFO] - Action delay is set to 0 milliseconds

2024-10-17 15:00:08 - [MESSAGE][PASSED] - Browser is opened with url: ''

2024-10-17 15:00:08 - [TEST_STEP][PASSED] - maximizeWindow(): Current window maximized

2024-10-17 15:00:08 - [MESSAGE][PASSED] - Current window maximized

2024-10-17 15:00:08 - [TEST_STEP][PASSED] - navigateToUrl(RADurl): Navigate to 'https://demo.velocitypayment.com/client/rad/index.html' successfully

2024-10-17 15:00:10 - [MESSAGE][PASSED] - Navigate to 'https://demo.velocitypayment.com/client/rad/index.html' successfully

2024-10-17 15:00:10 - [TEST_STEP][PASSED] - orPath_Landing = "Object Repository/RAD_Pages/Landing_Page": null

2024-10-17 15:00:10 - [TEST_STEP][PASSED] - orPath_TaxTypeFilingYear = "Object Repository/RAD_Pages/TaxTypeFilingYear_Page": null

2024-10-17 15:00:10 - [TEST_STEP][PASSED] - orPath_TaxPayer = "Object Repository/RAD_Pages/Taxpayer_Page": null

2024-10-17 15:00:10 - [TEST_STEP][PASSED] - orPath_AddressContact = "Object Repository/RAD_Pages/AddressAndContactInfo_Page": null

2024-10-17 15:00:10 - [TEST_STEP][PASSED] - orPath_FilingStatus = "Object Repository/RAD_Pages/FilingStatus_Page": null

2024-10-17 15:00:10 - [TEST_STEP][PASSED] - orPath_Amount = "Object Repository/RAD_Pages/PaymentAmount_Page": null

2024-10-17 15:00:10 - [TEST_STEP][PASSED] - orPath_TaxInfo = "Object Repository/RAD_Pages/TaxInfo_Page": null

2024-10-17 15:00:10 - [TEST_STEP][PASSED] - selectOptionByLabel(findTestObject(orPath_Landing + "/dd_TaxType"), Paymenttype, false): All options with label 'Extension Payments' are selected in object 'Object Repository/RAD_Pages/Landing_Page/dd_TaxType' 

2024-10-17 15:00:11 - [MESSAGE][PASSED] - All options with label 'Extension Payments' are selected in object 'Object Repository/RAD_Pages/Landing_Page/dd_TaxType' 

2024-10-17 15:00:11 - [TEST_STEP][PASSED] - delay(1): Delayed 1 second(s)

2024-10-17 15:00:12 - [MESSAGE][PASSED] - Delayed 1 second(s)

2024-10-17 15:00:12 - [TEST_STEP][PASSED] - switch (Paymenttype): null

2024-10-17 15:00:12 - [TEST_STEP][PASSED] - case "Extension Payments":: null

2024-10-17 15:00:12 - [TEST_STEP][PASSED] - selectOptionByLabel(findTestObject(orPath_TaxTypeFilingYear + "/select_PaymentType"), Taxtype, false): All options with label 'Personal Income Tax' are selected in object 'Object Repository/RAD_Pages/TaxTypeFilingYear_Page/select_PaymentType' 

2024-10-17 15:00:12 - [MESSAGE][PASSED] - All options with label 'Personal Income Tax' are selected in object 'Object Repository/RAD_Pages/TaxTypeFilingYear_Page/select_PaymentType' 

2024-10-17 15:00:12 - [TEST_STEP][PASSED] - break: null

2024-10-17 15:00:12 - [TEST_STEP][PASSED] - delay(1): Delayed 1 second(s)

2024-10-17 15:00:13 - [MESSAGE][PASSED] - Delayed 1 second(s)

2024-10-17 15:00:13 - [TEST_STEP][PASSED] - scrollToElement(findTestObject(orPath_Amount + "/input__paymentAmount"), 2, CONTINUE_ON_FAILURE): Scroll to object 'Object Repository/RAD_Pages/PaymentAmount_Page/input__paymentAmount' successfully

2024-10-17 15:00:14 - [MESSAGE][PASSED] - Scroll to object 'Object Repository/RAD_Pages/PaymentAmount_Page/input__paymentAmount' successfully

2024-10-17 15:00:14 - [TEST_STEP][PASSED] - waitForElementClickable(findTestObject(orPath_FilingStatus + "/input_userType_Joint"), 5): Object 'Object Repository/RAD_Pages/FilingStatus_Page/input_userType_Joint' is clickable

2024-10-17 15:00:14 - [MESSAGE][PASSED] - Object 'Object Repository/RAD_Pages/FilingStatus_Page/input_userType_Joint' is clickable

2024-10-17 15:00:14 - [TEST_STEP][PASSED] - click(findTestObject(orPath_FilingStatus + "/input_userType_Joint")): Object: 'Object Repository/RAD_Pages/FilingStatus_Page/input_userType_Joint' is clicked on

2024-10-17 15:00:15 - [MESSAGE][PASSED] - Object: 'Object Repository/RAD_Pages/FilingStatus_Page/input_userType_Joint' is clicked on

2024-10-17 15:00:15 - [TEST_STEP][PASSED] - setText(findTestObject("Object Repository/RAD_RecordAndPlay/input_JointFilerSSN"), "111116523"): Text '111116523' is set on object 'Object Repository/RAD_RecordAndPlay/input_JointFilerSSN'

2024-10-17 15:00:15 - [MESSAGE][PASSED] - Text '111116523' is set on object 'Object Repository/RAD_RecordAndPlay/input_JointFilerSSN'

2024-10-17 15:00:15 - [TEST_STEP][PASSED] - setText(findTestObject("Object Repository/RAD_RecordAndPlay/input_reTypeJointFilerSSN"), "222226523"): Text '222226523' is set on object 'Object Repository/RAD_RecordAndPlay/input_reTypeJointFilerSSN'

2024-10-17 15:00:16 - [MESSAGE][PASSED] - Text '222226523' is set on object 'Object Repository/RAD_RecordAndPlay/input_reTypeJointFilerSSN'

2024-10-17 15:00:16 - [TEST_STEP][PASSED] - setText(findTestObject(orPath_Amount + "/input__paymentAmount"), ""): Text '' is set on object 'Object Repository/RAD_Pages/PaymentAmount_Page/input__paymentAmount'

2024-10-17 15:00:17 - [MESSAGE][PASSED] - Text '' is set on object 'Object Repository/RAD_Pages/PaymentAmount_Page/input__paymentAmount'

2024-10-17 15:00:17 - [TEST_STEP][PASSED] - delay(2): Delayed 2 second(s)

2024-10-17 15:00:19 - [MESSAGE][PASSED] - Delayed 2 second(s)

2024-10-17 15:00:19 - [TEST_STEP][PASSED] - if (verifyTextPresent("The SSN and Re-type SSN do not match", true)): null

2024-10-17 15:00:19 - [MESSAGE][PASSED] - Text 'The SSN and Re-type SSN do not match' is present on page  using regular expression

2024-10-17 15:00:19 - [TEST_STEP][PASSED] - println("Joint Filer SSN Dont match text is present"): null

2024-10-17 15:00:19 - [TEST_STEP][PASSED] - out.println("Pass Record Number: " + row): null

2024-10-17 15:00:19 - [TEST_STEP][PASSED] - resText = "Pass": null

2024-10-17 15:00:19 - [TEST_STEP][PASSED] - pages.WriteExcel.demoKey(resText, datText, resColumn, datCloumn, fileLoc, nameSheet, row): pages.WriteExcel.demoKey is PASSED

2024-10-17 15:00:19 - [MESSAGE][PASSED] - pages.WriteExcel.demoKey is PASSED

2024-10-17 15:00:19 - [TEST_STEP][PASSED] - ExecuteTC = findTestData(dataFile).getValue("Execute", row): null

2024-10-17 15:00:20 - [TEST_STEP][PASSED] - Taxtype = findTestData(dataFile).getValue("TaxType", row): null

2024-10-17 15:00:20 - [TEST_STEP][PASSED] - Paymenttype = findTestData(dataFile).getValue("PaymentType", row): null

2024-10-17 15:00:20 - [TEST_STEP][PASSED] - out.println("Value of Execute is : " + ExecuteTC): null

2024-10-17 15:00:20 - [TEST_STEP][PASSED] - if (ExecuteTC.equalsIgnoreCase("Y")): null

2024-10-17 15:00:20 - [TEST_STEP][PASSED] - out.println("Begin Record Number: " + row): null

2024-10-17 15:00:20 - [TEST_STEP][PASSED] - today = new java.util.Date(): null

2024-10-17 15:00:20 - [TEST_STEP][PASSED] - println(today): null

2024-10-17 15:00:20 - [TEST_STEP][PASSED] - datText = today: null

2024-10-17 15:00:20 - [TEST_STEP][PASSED] - Taxtype = findTestData(dataFile).getValue("TaxType", row): null

2024-10-17 15:00:20 - [TEST_STEP][PASSED] - out.println("Taxtype value is : " + Taxtype): null

2024-10-17 15:00:20 - [TEST_STEP][PASSED] - openBrowser(""): Browser is opened with url: ''

2024-10-17 15:00:20 - [MESSAGE][WARNING] - A browser is already opened. Closing browser and opening a new one

2024-10-17 15:00:21 - [MESSAGE][INFO] - Starting 'Chrome' driver

2024-10-17 15:00:21 - [MESSAGE][INFO] - User set preference: ['acceptInsecureCerts', 'true']

2024-10-17 15:00:21 - [MESSAGE][INFO] - Action delay is set to 0 milliseconds

2024-10-17 15:00:23 - [MESSAGE][PASSED] - Browser is opened with url: ''

2024-10-17 15:00:23 - [TEST_STEP][PASSED] - maximizeWindow(): Current window maximized

2024-10-17 15:00:23 - [MESSAGE][PASSED] - Current window maximized

2024-10-17 15:00:23 - [TEST_STEP][PASSED] - navigateToUrl(RADurl): Navigate to 'https://demo.velocitypayment.com/client/rad/index.html' successfully

2024-10-17 15:00:23 - [MESSAGE][PASSED] - Navigate to 'https://demo.velocitypayment.com/client/rad/index.html' successfully

2024-10-17 15:00:23 - [TEST_STEP][PASSED] - orPath_Landing = "Object Repository/RAD_Pages/Landing_Page": null

2024-10-17 15:00:23 - [TEST_STEP][PASSED] - orPath_TaxTypeFilingYear = "Object Repository/RAD_Pages/TaxTypeFilingYear_Page": null

2024-10-17 15:00:23 - [TEST_STEP][PASSED] - orPath_TaxPayer = "Object Repository/RAD_Pages/Taxpayer_Page": null

2024-10-17 15:00:23 - [TEST_STEP][PASSED] - orPath_AddressContact = "Object Repository/RAD_Pages/AddressAndContactInfo_Page": null

2024-10-17 15:00:23 - [TEST_STEP][PASSED] - orPath_FilingStatus = "Object Repository/RAD_Pages/FilingStatus_Page": null

2024-10-17 15:00:23 - [TEST_STEP][PASSED] - orPath_Amount = "Object Repository/RAD_Pages/PaymentAmount_Page": null

2024-10-17 15:00:23 - [TEST_STEP][PASSED] - orPath_TaxInfo = "Object Repository/RAD_Pages/TaxInfo_Page": null

2024-10-17 15:00:23 - [TEST_STEP][PASSED] - selectOptionByLabel(findTestObject(orPath_Landing + "/dd_TaxType"), Paymenttype, false): All options with label 'New Tax Return Amount Due' are selected in object 'Object Repository/RAD_Pages/Landing_Page/dd_TaxType' 

2024-10-17 15:00:26 - [MESSAGE][PASSED] - All options with label 'New Tax Return Amount Due' are selected in object 'Object Repository/RAD_Pages/Landing_Page/dd_TaxType' 

2024-10-17 15:00:26 - [TEST_STEP][PASSED] - delay(1): Delayed 1 second(s)

2024-10-17 15:00:27 - [MESSAGE][PASSED] - Delayed 1 second(s)

2024-10-17 15:00:27 - [TEST_STEP][PASSED] - switch (Paymenttype): null

2024-10-17 15:00:27 - [TEST_STEP][PASSED] - case "New Tax Return Amount Due":: null

2024-10-17 15:00:27 - [TEST_STEP][PASSED] - selectOptionByLabel(findTestObject("Object Repository/RAD_Pages/Landing_Page/select_NewTaxReturnAmountDue_TaxType"), Taxtype, false): All options with label 'Personal Income Tax' are selected in object 'Object Repository/RAD_Pages/Landing_Page/select_NewTaxReturnAmountDue_TaxType' 

2024-10-17 15:00:27 - [MESSAGE][PASSED] - All options with label 'Personal Income Tax' are selected in object 'Object Repository/RAD_Pages/Landing_Page/select_NewTaxReturnAmountDue_TaxType' 

2024-10-17 15:00:27 - [TEST_STEP][PASSED] - break: null

2024-10-17 15:00:27 - [TEST_STEP][PASSED] - delay(1): Delayed 1 second(s)

2024-10-17 15:00:28 - [MESSAGE][PASSED] - Delayed 1 second(s)

2024-10-17 15:00:28 - [TEST_STEP][PASSED] - scrollToElement(findTestObject(orPath_Amount + "/input__paymentAmount"), 2, CONTINUE_ON_FAILURE): Scroll to object 'Object Repository/RAD_Pages/PaymentAmount_Page/input__paymentAmount' successfully

2024-10-17 15:00:28 - [MESSAGE][PASSED] - Scroll to object 'Object Repository/RAD_Pages/PaymentAmount_Page/input__paymentAmount' successfully

2024-10-17 15:00:28 - [TEST_STEP][PASSED] - waitForElementClickable(findTestObject(orPath_FilingStatus + "/input_userType_Joint"), 5): Object 'Object Repository/RAD_Pages/FilingStatus_Page/input_userType_Joint' is clickable

2024-10-17 15:00:29 - [MESSAGE][PASSED] - Object 'Object Repository/RAD_Pages/FilingStatus_Page/input_userType_Joint' is clickable

2024-10-17 15:00:29 - [TEST_STEP][PASSED] - click(findTestObject(orPath_FilingStatus + "/input_userType_Joint")): Object: 'Object Repository/RAD_Pages/FilingStatus_Page/input_userType_Joint' is clicked on

2024-10-17 15:00:29 - [MESSAGE][PASSED] - Object: 'Object Repository/RAD_Pages/FilingStatus_Page/input_userType_Joint' is clicked on

2024-10-17 15:00:29 - [TEST_STEP][PASSED] - setText(findTestObject("Object Repository/RAD_RecordAndPlay/input_JointFilerSSN"), "111116523"): Text '111116523' is set on object 'Object Repository/RAD_RecordAndPlay/input_JointFilerSSN'

2024-10-17 15:00:30 - [MESSAGE][PASSED] - Text '111116523' is set on object 'Object Repository/RAD_RecordAndPlay/input_JointFilerSSN'

2024-10-17 15:00:30 - [TEST_STEP][PASSED] - setText(findTestObject("Object Repository/RAD_RecordAndPlay/input_reTypeJointFilerSSN"), "222226523"): Text '222226523' is set on object 'Object Repository/RAD_RecordAndPlay/input_reTypeJointFilerSSN'

2024-10-17 15:00:30 - [MESSAGE][PASSED] - Text '222226523' is set on object 'Object Repository/RAD_RecordAndPlay/input_reTypeJointFilerSSN'

2024-10-17 15:00:30 - [TEST_STEP][PASSED] - setText(findTestObject(orPath_Amount + "/input__paymentAmount"), ""): Text '' is set on object 'Object Repository/RAD_Pages/PaymentAmount_Page/input__paymentAmount'

2024-10-17 15:00:32 - [MESSAGE][PASSED] - Text '' is set on object 'Object Repository/RAD_Pages/PaymentAmount_Page/input__paymentAmount'

2024-10-17 15:00:32 - [TEST_STEP][PASSED] - delay(2): Delayed 2 second(s)

2024-10-17 15:00:34 - [MESSAGE][PASSED] - Delayed 2 second(s)

2024-10-17 15:00:34 - [TEST_STEP][PASSED] - if (verifyTextPresent("The SSN and Re-type SSN do not match", true)): null

2024-10-17 15:00:34 - [MESSAGE][PASSED] - Text 'The SSN and Re-type SSN do not match' is present on page  using regular expression

2024-10-17 15:00:34 - [TEST_STEP][PASSED] - println("Joint Filer SSN Dont match text is present"): null

2024-10-17 15:00:34 - [TEST_STEP][PASSED] - out.println("Pass Record Number: " + row): null

2024-10-17 15:00:34 - [TEST_STEP][PASSED] - resText = "Pass": null

2024-10-17 15:00:34 - [TEST_STEP][PASSED] - pages.WriteExcel.demoKey(resText, datText, resColumn, datCloumn, fileLoc, nameSheet, row): pages.WriteExcel.demoKey is PASSED

2024-10-17 15:00:34 - [MESSAGE][PASSED] - pages.WriteExcel.demoKey is PASSED]]></system-out>
         <system-err><![CDATA[]]></system-err>
      </testcase>
      <testcase name="Test Cases/RAD_TestCases/Negative_TestCases/JointFilerSSNmoreThan9Error" time="42.126" classname="Test Cases/RAD_TestCases/Negative_TestCases/JointFilerSSNmoreThan9Error" status="PASSED">
         <system-out><![CDATA[2024-10-17 15:00:34 - [TEST_CASE][PASSED] - Test Cases/RAD_TestCases/Negative_TestCases/JointFilerSSNmoreThan9Error: Test Cases/RAD_TestCases/Negative_TestCases/JointFilerSSNmoreThan9Error

2024-10-17 15:00:35 - [TEST_STEP][PASSED] - resText = "Fail": null

2024-10-17 15:00:35 - [TEST_STEP][PASSED] - resColumn = "Result": null

2024-10-17 15:00:35 - [TEST_STEP][PASSED] - datCloumn = "Date": null

2024-10-17 15:00:35 - [TEST_STEP][PASSED] - fileLoc = "KatalonData/RADTestData/JointFilerSSNmoreThan9Error.xlsx": null

2024-10-17 15:00:35 - [TEST_STEP][PASSED] - nameSheet = "Sheet1": null

2024-10-17 15:00:35 - [TEST_STEP][PASSED] - dataFile = "RADTestData/JointFilerSSNmoreThan9Error": null

2024-10-17 15:00:35 - [TEST_STEP][PASSED] - ExecuteTC = <not implemented yet for class: org.codehaus.groovy.ast.expr.EmptyExpression>: null

2024-10-17 15:00:35 - [TEST_STEP][PASSED] - Taxtype = <not implemented yet for class: org.codehaus.groovy.ast.expr.EmptyExpression>: null

2024-10-17 15:00:35 - [TEST_STEP][PASSED] - numOfRows = findTestData(dataFile).getRowNumbers(): null

2024-10-17 15:00:35 - [TEST_STEP][PASSED] - println("Number of Records: " + numOfRows): null

2024-10-17 15:00:35 - [TEST_STEP][PASSED] - for ([row = 1, row <= numOfRows, (row++)]): null

2024-10-17 15:00:35 - [TEST_STEP][PASSED] - ExecuteTC = findTestData(dataFile).getValue("Execute", row): null

2024-10-17 15:00:35 - [TEST_STEP][PASSED] - Taxtype = findTestData(dataFile).getValue("TaxType", row): null

2024-10-17 15:00:35 - [TEST_STEP][PASSED] - Paymenttype = findTestData(dataFile).getValue("PaymentType", row): null

2024-10-17 15:00:35 - [TEST_STEP][PASSED] - out.println("Value of Execute is : " + ExecuteTC): null

2024-10-17 15:00:35 - [TEST_STEP][PASSED] - if (ExecuteTC.equalsIgnoreCase("Y")): null

2024-10-17 15:00:35 - [TEST_STEP][PASSED] - out.println("Begin Record Number: " + row): null

2024-10-17 15:00:35 - [TEST_STEP][PASSED] - today = new java.util.Date(): null

2024-10-17 15:00:35 - [TEST_STEP][PASSED] - println(today): null

2024-10-17 15:00:35 - [TEST_STEP][PASSED] - datText = today: null

2024-10-17 15:00:35 - [TEST_STEP][PASSED] - Taxtype = findTestData(dataFile).getValue("TaxType", row): null

2024-10-17 15:00:35 - [TEST_STEP][PASSED] - out.println("Taxtype value is : " + Taxtype): null

2024-10-17 15:00:35 - [TEST_STEP][PASSED] - openBrowser(""): Browser is opened with url: ''

2024-10-17 15:00:35 - [MESSAGE][WARNING] - A browser is already opened. Closing browser and opening a new one

2024-10-17 15:00:36 - [MESSAGE][INFO] - Starting 'Chrome' driver

2024-10-17 15:00:36 - [MESSAGE][INFO] - User set preference: ['acceptInsecureCerts', 'true']

2024-10-17 15:00:36 - [MESSAGE][INFO] - Action delay is set to 0 milliseconds

2024-10-17 15:00:38 - [MESSAGE][PASSED] - Browser is opened with url: ''

2024-10-17 15:00:38 - [TEST_STEP][PASSED] - maximizeWindow(): Current window maximized

2024-10-17 15:00:38 - [MESSAGE][PASSED] - Current window maximized

2024-10-17 15:00:38 - [TEST_STEP][PASSED] - navigateToUrl(RADurl): Navigate to 'https://demo.velocitypayment.com/client/rad/index.html' successfully

2024-10-17 15:00:38 - [MESSAGE][PASSED] - Navigate to 'https://demo.velocitypayment.com/client/rad/index.html' successfully

2024-10-17 15:00:38 - [TEST_STEP][PASSED] - orPath_Landing = "Object Repository/RAD_Pages/Landing_Page": null

2024-10-17 15:00:38 - [TEST_STEP][PASSED] - orPath_TaxTypeFilingYear = "Object Repository/RAD_Pages/TaxTypeFilingYear_Page": null

2024-10-17 15:00:38 - [TEST_STEP][PASSED] - orPath_TaxPayer = "Object Repository/RAD_Pages/Taxpayer_Page": null

2024-10-17 15:00:38 - [TEST_STEP][PASSED] - orPath_AddressContact = "Object Repository/RAD_Pages/AddressAndContactInfo_Page": null

2024-10-17 15:00:38 - [TEST_STEP][PASSED] - orPath_FilingStatus = "Object Repository/RAD_Pages/FilingStatus_Page": null

2024-10-17 15:00:38 - [TEST_STEP][PASSED] - orPath_Amount = "Object Repository/RAD_Pages/PaymentAmount_Page": null

2024-10-17 15:00:38 - [TEST_STEP][PASSED] - orPath_TaxInfo = "Object Repository/RAD_Pages/TaxInfo_Page": null

2024-10-17 15:00:38 - [TEST_STEP][PASSED] - selectOptionByLabel(findTestObject(orPath_Landing + "/dd_TaxType"), Paymenttype, false): All options with label 'Quarterly Estimated Tax' are selected in object 'Object Repository/RAD_Pages/Landing_Page/dd_TaxType' 

2024-10-17 15:00:41 - [MESSAGE][PASSED] - All options with label 'Quarterly Estimated Tax' are selected in object 'Object Repository/RAD_Pages/Landing_Page/dd_TaxType' 

2024-10-17 15:00:41 - [TEST_STEP][PASSED] - delay(1): Delayed 1 second(s)

2024-10-17 15:00:42 - [MESSAGE][PASSED] - Delayed 1 second(s)

2024-10-17 15:00:42 - [TEST_STEP][PASSED] - switch (Paymenttype): null

2024-10-17 15:00:42 - [TEST_STEP][PASSED] - case "Quarterly Estimated Tax":: null

2024-10-17 15:00:42 - [TEST_STEP][PASSED] - selectOptionByLabel(findTestObject(orPath_TaxTypeFilingYear + "/select_PaymentType"), Taxtype, false): All options with label 'Personal Income Tax' are selected in object 'Object Repository/RAD_Pages/TaxTypeFilingYear_Page/select_PaymentType' 

2024-10-17 15:00:42 - [MESSAGE][PASSED] - All options with label 'Personal Income Tax' are selected in object 'Object Repository/RAD_Pages/TaxTypeFilingYear_Page/select_PaymentType' 

2024-10-17 15:00:42 - [TEST_STEP][PASSED] - break: null

2024-10-17 15:00:42 - [TEST_STEP][PASSED] - delay(1): Delayed 1 second(s)

2024-10-17 15:00:43 - [MESSAGE][PASSED] - Delayed 1 second(s)

2024-10-17 15:00:43 - [TEST_STEP][PASSED] - scrollToElement(findTestObject(orPath_Amount + "/input__paymentAmount"), 2, CONTINUE_ON_FAILURE): Scroll to object 'Object Repository/RAD_Pages/PaymentAmount_Page/input__paymentAmount' successfully

2024-10-17 15:00:44 - [MESSAGE][PASSED] - Scroll to object 'Object Repository/RAD_Pages/PaymentAmount_Page/input__paymentAmount' successfully

2024-10-17 15:00:44 - [TEST_STEP][PASSED] - waitForElementClickable(findTestObject(orPath_FilingStatus + "/input_userType_Joint"), 5): Object 'Object Repository/RAD_Pages/FilingStatus_Page/input_userType_Joint' is clickable

2024-10-17 15:00:44 - [MESSAGE][PASSED] - Object 'Object Repository/RAD_Pages/FilingStatus_Page/input_userType_Joint' is clickable

2024-10-17 15:00:44 - [TEST_STEP][PASSED] - click(findTestObject(orPath_FilingStatus + "/input_userType_Joint")): Object: 'Object Repository/RAD_Pages/FilingStatus_Page/input_userType_Joint' is clicked on

2024-10-17 15:00:45 - [MESSAGE][PASSED] - Object: 'Object Repository/RAD_Pages/FilingStatus_Page/input_userType_Joint' is clicked on

2024-10-17 15:00:45 - [TEST_STEP][PASSED] - setText(findTestObject("Object Repository/RAD_RecordAndPlay/input_JointFilerSSN"), "1111165230"): Text '1111165230' is set on object 'Object Repository/RAD_RecordAndPlay/input_JointFilerSSN'

2024-10-17 15:00:45 - [MESSAGE][PASSED] - Text '1111165230' is set on object 'Object Repository/RAD_RecordAndPlay/input_JointFilerSSN'

2024-10-17 15:00:45 - [TEST_STEP][PASSED] - setText(findTestObject(orPath_Amount + "/input__paymentAmount"), ""): Text '' is set on object 'Object Repository/RAD_Pages/PaymentAmount_Page/input__paymentAmount'

2024-10-17 15:00:46 - [MESSAGE][PASSED] - Text '' is set on object 'Object Repository/RAD_Pages/PaymentAmount_Page/input__paymentAmount'

2024-10-17 15:00:46 - [TEST_STEP][PASSED] - delay(2): Delayed 2 second(s)

2024-10-17 15:00:48 - [MESSAGE][PASSED] - Delayed 2 second(s)

2024-10-17 15:00:48 - [TEST_STEP][PASSED] - if (verifyTextPresent("Please enter a valid SSN with 9 digits", true)): null

2024-10-17 15:00:48 - [MESSAGE][PASSED] - Text 'Please enter a valid SSN with 9 digits' is present on page  using regular expression

2024-10-17 15:00:48 - [TEST_STEP][PASSED] - println("Please enter a valid SSN with 9 digits"): null

2024-10-17 15:00:48 - [TEST_STEP][PASSED] - out.println("Pass Record Number: " + row): null

2024-10-17 15:00:48 - [TEST_STEP][PASSED] - resText = "Pass": null

2024-10-17 15:00:48 - [TEST_STEP][PASSED] - pages.WriteExcel.demoKey(resText, datText, resColumn, datCloumn, fileLoc, nameSheet, row): pages.WriteExcel.demoKey is PASSED

2024-10-17 15:00:48 - [MESSAGE][PASSED] - pages.WriteExcel.demoKey is PASSED

2024-10-17 15:00:48 - [TEST_STEP][PASSED] - ExecuteTC = findTestData(dataFile).getValue("Execute", row): null

2024-10-17 15:00:48 - [TEST_STEP][PASSED] - Taxtype = findTestData(dataFile).getValue("TaxType", row): null

2024-10-17 15:00:48 - [TEST_STEP][PASSED] - Paymenttype = findTestData(dataFile).getValue("PaymentType", row): null

2024-10-17 15:00:49 - [TEST_STEP][PASSED] - out.println("Value of Execute is : " + ExecuteTC): null

2024-10-17 15:00:49 - [TEST_STEP][PASSED] - if (ExecuteTC.equalsIgnoreCase("Y")): null

2024-10-17 15:00:49 - [TEST_STEP][PASSED] - out.println("Begin Record Number: " + row): null

2024-10-17 15:00:49 - [TEST_STEP][PASSED] - today = new java.util.Date(): null

2024-10-17 15:00:49 - [TEST_STEP][PASSED] - println(today): null

2024-10-17 15:00:49 - [TEST_STEP][PASSED] - datText = today: null

2024-10-17 15:00:49 - [TEST_STEP][PASSED] - Taxtype = findTestData(dataFile).getValue("TaxType", row): null

2024-10-17 15:00:49 - [TEST_STEP][PASSED] - out.println("Taxtype value is : " + Taxtype): null

2024-10-17 15:00:49 - [TEST_STEP][PASSED] - openBrowser(""): Browser is opened with url: ''

2024-10-17 15:00:49 - [MESSAGE][WARNING] - A browser is already opened. Closing browser and opening a new one

2024-10-17 15:00:50 - [MESSAGE][INFO] - Starting 'Chrome' driver

2024-10-17 15:00:50 - [MESSAGE][INFO] - User set preference: ['acceptInsecureCerts', 'true']

2024-10-17 15:00:50 - [MESSAGE][INFO] - Action delay is set to 0 milliseconds

2024-10-17 15:00:52 - [MESSAGE][PASSED] - Browser is opened with url: ''

2024-10-17 15:00:52 - [TEST_STEP][PASSED] - maximizeWindow(): Current window maximized

2024-10-17 15:00:52 - [MESSAGE][PASSED] - Current window maximized

2024-10-17 15:00:52 - [TEST_STEP][PASSED] - navigateToUrl(RADurl): Navigate to 'https://demo.velocitypayment.com/client/rad/index.html' successfully

2024-10-17 15:00:54 - [MESSAGE][PASSED] - Navigate to 'https://demo.velocitypayment.com/client/rad/index.html' successfully

2024-10-17 15:00:54 - [TEST_STEP][PASSED] - orPath_Landing = "Object Repository/RAD_Pages/Landing_Page": null

2024-10-17 15:00:54 - [TEST_STEP][PASSED] - orPath_TaxTypeFilingYear = "Object Repository/RAD_Pages/TaxTypeFilingYear_Page": null

2024-10-17 15:00:54 - [TEST_STEP][PASSED] - orPath_TaxPayer = "Object Repository/RAD_Pages/Taxpayer_Page": null

2024-10-17 15:00:54 - [TEST_STEP][PASSED] - orPath_AddressContact = "Object Repository/RAD_Pages/AddressAndContactInfo_Page": null

2024-10-17 15:00:54 - [TEST_STEP][PASSED] - orPath_FilingStatus = "Object Repository/RAD_Pages/FilingStatus_Page": null

2024-10-17 15:00:54 - [TEST_STEP][PASSED] - orPath_Amount = "Object Repository/RAD_Pages/PaymentAmount_Page": null

2024-10-17 15:00:54 - [TEST_STEP][PASSED] - orPath_TaxInfo = "Object Repository/RAD_Pages/TaxInfo_Page": null

2024-10-17 15:00:54 - [TEST_STEP][PASSED] - selectOptionByLabel(findTestObject(orPath_Landing + "/dd_TaxType"), Paymenttype, false): All options with label 'Extension Payments' are selected in object 'Object Repository/RAD_Pages/Landing_Page/dd_TaxType' 

2024-10-17 15:00:55 - [MESSAGE][PASSED] - All options with label 'Extension Payments' are selected in object 'Object Repository/RAD_Pages/Landing_Page/dd_TaxType' 

2024-10-17 15:00:55 - [TEST_STEP][PASSED] - delay(1): Delayed 1 second(s)

2024-10-17 15:00:56 - [MESSAGE][PASSED] - Delayed 1 second(s)

2024-10-17 15:00:56 - [TEST_STEP][PASSED] - switch (Paymenttype): null

2024-10-17 15:00:56 - [TEST_STEP][PASSED] - case "Extension Payments":: null

2024-10-17 15:00:56 - [TEST_STEP][PASSED] - selectOptionByLabel(findTestObject(orPath_TaxTypeFilingYear + "/select_PaymentType"), Taxtype, false): All options with label 'Personal Income Tax' are selected in object 'Object Repository/RAD_Pages/TaxTypeFilingYear_Page/select_PaymentType' 

2024-10-17 15:00:56 - [MESSAGE][PASSED] - All options with label 'Personal Income Tax' are selected in object 'Object Repository/RAD_Pages/TaxTypeFilingYear_Page/select_PaymentType' 

2024-10-17 15:00:56 - [TEST_STEP][PASSED] - break: null

2024-10-17 15:00:56 - [TEST_STEP][PASSED] - delay(1): Delayed 1 second(s)

2024-10-17 15:00:57 - [MESSAGE][PASSED] - Delayed 1 second(s)

2024-10-17 15:00:57 - [TEST_STEP][PASSED] - scrollToElement(findTestObject(orPath_Amount + "/input__paymentAmount"), 2, CONTINUE_ON_FAILURE): Scroll to object 'Object Repository/RAD_Pages/PaymentAmount_Page/input__paymentAmount' successfully

2024-10-17 15:00:58 - [MESSAGE][PASSED] - Scroll to object 'Object Repository/RAD_Pages/PaymentAmount_Page/input__paymentAmount' successfully

2024-10-17 15:00:58 - [TEST_STEP][PASSED] - waitForElementClickable(findTestObject(orPath_FilingStatus + "/input_userType_Joint"), 5): Object 'Object Repository/RAD_Pages/FilingStatus_Page/input_userType_Joint' is clickable

2024-10-17 15:00:58 - [MESSAGE][PASSED] - Object 'Object Repository/RAD_Pages/FilingStatus_Page/input_userType_Joint' is clickable

2024-10-17 15:00:58 - [TEST_STEP][PASSED] - click(findTestObject(orPath_FilingStatus + "/input_userType_Joint")): Object: 'Object Repository/RAD_Pages/FilingStatus_Page/input_userType_Joint' is clicked on

2024-10-17 15:00:58 - [MESSAGE][PASSED] - Object: 'Object Repository/RAD_Pages/FilingStatus_Page/input_userType_Joint' is clicked on

2024-10-17 15:00:58 - [TEST_STEP][PASSED] - setText(findTestObject("Object Repository/RAD_RecordAndPlay/input_JointFilerSSN"), "1111165230"): Text '1111165230' is set on object 'Object Repository/RAD_RecordAndPlay/input_JointFilerSSN'

2024-10-17 15:00:59 - [MESSAGE][PASSED] - Text '1111165230' is set on object 'Object Repository/RAD_RecordAndPlay/input_JointFilerSSN'

2024-10-17 15:00:59 - [TEST_STEP][PASSED] - setText(findTestObject(orPath_Amount + "/input__paymentAmount"), ""): Text '' is set on object 'Object Repository/RAD_Pages/PaymentAmount_Page/input__paymentAmount'

2024-10-17 15:01:00 - [MESSAGE][PASSED] - Text '' is set on object 'Object Repository/RAD_Pages/PaymentAmount_Page/input__paymentAmount'

2024-10-17 15:01:00 - [TEST_STEP][PASSED] - delay(2): Delayed 2 second(s)

2024-10-17 15:01:02 - [MESSAGE][PASSED] - Delayed 2 second(s)

2024-10-17 15:01:02 - [TEST_STEP][PASSED] - if (verifyTextPresent("Please enter a valid SSN with 9 digits", true)): null

2024-10-17 15:01:02 - [MESSAGE][PASSED] - Text 'Please enter a valid SSN with 9 digits' is present on page  using regular expression

2024-10-17 15:01:02 - [TEST_STEP][PASSED] - println("Please enter a valid SSN with 9 digits"): null

2024-10-17 15:01:02 - [TEST_STEP][PASSED] - out.println("Pass Record Number: " + row): null

2024-10-17 15:01:02 - [TEST_STEP][PASSED] - resText = "Pass": null

2024-10-17 15:01:02 - [TEST_STEP][PASSED] - pages.WriteExcel.demoKey(resText, datText, resColumn, datCloumn, fileLoc, nameSheet, row): pages.WriteExcel.demoKey is PASSED

2024-10-17 15:01:02 - [MESSAGE][PASSED] - pages.WriteExcel.demoKey is PASSED

2024-10-17 15:01:02 - [TEST_STEP][PASSED] - ExecuteTC = findTestData(dataFile).getValue("Execute", row): null

2024-10-17 15:01:02 - [TEST_STEP][PASSED] - Taxtype = findTestData(dataFile).getValue("TaxType", row): null

2024-10-17 15:01:02 - [TEST_STEP][PASSED] - Paymenttype = findTestData(dataFile).getValue("PaymentType", row): null

2024-10-17 15:01:02 - [TEST_STEP][PASSED] - out.println("Value of Execute is : " + ExecuteTC): null

2024-10-17 15:01:02 - [TEST_STEP][PASSED] - if (ExecuteTC.equalsIgnoreCase("Y")): null

2024-10-17 15:01:02 - [TEST_STEP][PASSED] - out.println("Begin Record Number: " + row): null

2024-10-17 15:01:02 - [TEST_STEP][PASSED] - today = new java.util.Date(): null

2024-10-17 15:01:02 - [TEST_STEP][PASSED] - println(today): null

2024-10-17 15:01:02 - [TEST_STEP][PASSED] - datText = today: null

2024-10-17 15:01:02 - [TEST_STEP][PASSED] - Taxtype = findTestData(dataFile).getValue("TaxType", row): null

2024-10-17 15:01:02 - [TEST_STEP][PASSED] - out.println("Taxtype value is : " + Taxtype): null

2024-10-17 15:01:02 - [TEST_STEP][PASSED] - openBrowser(""): Browser is opened with url: ''

2024-10-17 15:01:02 - [MESSAGE][WARNING] - A browser is already opened. Closing browser and opening a new one

2024-10-17 15:01:04 - [MESSAGE][INFO] - Starting 'Chrome' driver

2024-10-17 15:01:04 - [MESSAGE][INFO] - User set preference: ['acceptInsecureCerts', 'true']

2024-10-17 15:01:04 - [MESSAGE][INFO] - Action delay is set to 0 milliseconds

2024-10-17 15:01:06 - [MESSAGE][PASSED] - Browser is opened with url: ''

2024-10-17 15:01:06 - [TEST_STEP][PASSED] - maximizeWindow(): Current window maximized

2024-10-17 15:01:06 - [MESSAGE][PASSED] - Current window maximized

2024-10-17 15:01:06 - [TEST_STEP][PASSED] - navigateToUrl(RADurl): Navigate to 'https://demo.velocitypayment.com/client/rad/index.html' successfully

2024-10-17 15:01:08 - [MESSAGE][PASSED] - Navigate to 'https://demo.velocitypayment.com/client/rad/index.html' successfully

2024-10-17 15:01:08 - [TEST_STEP][PASSED] - orPath_Landing = "Object Repository/RAD_Pages/Landing_Page": null

2024-10-17 15:01:08 - [TEST_STEP][PASSED] - orPath_TaxTypeFilingYear = "Object Repository/RAD_Pages/TaxTypeFilingYear_Page": null

2024-10-17 15:01:08 - [TEST_STEP][PASSED] - orPath_TaxPayer = "Object Repository/RAD_Pages/Taxpayer_Page": null

2024-10-17 15:01:08 - [TEST_STEP][PASSED] - orPath_AddressContact = "Object Repository/RAD_Pages/AddressAndContactInfo_Page": null

2024-10-17 15:01:08 - [TEST_STEP][PASSED] - orPath_FilingStatus = "Object Repository/RAD_Pages/FilingStatus_Page": null

2024-10-17 15:01:08 - [TEST_STEP][PASSED] - orPath_Amount = "Object Repository/RAD_Pages/PaymentAmount_Page": null

2024-10-17 15:01:08 - [TEST_STEP][PASSED] - orPath_TaxInfo = "Object Repository/RAD_Pages/TaxInfo_Page": null

2024-10-17 15:01:08 - [TEST_STEP][PASSED] - selectOptionByLabel(findTestObject(orPath_Landing + "/dd_TaxType"), Paymenttype, false): All options with label 'New Tax Return Amount Due' are selected in object 'Object Repository/RAD_Pages/Landing_Page/dd_TaxType' 

2024-10-17 15:01:09 - [MESSAGE][PASSED] - All options with label 'New Tax Return Amount Due' are selected in object 'Object Repository/RAD_Pages/Landing_Page/dd_TaxType' 

2024-10-17 15:01:09 - [TEST_STEP][PASSED] - delay(1): Delayed 1 second(s)

2024-10-17 15:01:10 - [MESSAGE][PASSED] - Delayed 1 second(s)

2024-10-17 15:01:10 - [TEST_STEP][PASSED] - switch (Paymenttype): null

2024-10-17 15:01:10 - [TEST_STEP][PASSED] - case "New Tax Return Amount Due":: null

2024-10-17 15:01:10 - [TEST_STEP][PASSED] - selectOptionByLabel(findTestObject("Object Repository/RAD_Pages/Landing_Page/select_NewTaxReturnAmountDue_TaxType"), Taxtype, false): All options with label 'Personal Income Tax' are selected in object 'Object Repository/RAD_Pages/Landing_Page/select_NewTaxReturnAmountDue_TaxType' 

2024-10-17 15:01:10 - [MESSAGE][PASSED] - All options with label 'Personal Income Tax' are selected in object 'Object Repository/RAD_Pages/Landing_Page/select_NewTaxReturnAmountDue_TaxType' 

2024-10-17 15:01:10 - [TEST_STEP][PASSED] - break: null

2024-10-17 15:01:10 - [TEST_STEP][PASSED] - delay(1): Delayed 1 second(s)

2024-10-17 15:01:11 - [MESSAGE][PASSED] - Delayed 1 second(s)

2024-10-17 15:01:11 - [TEST_STEP][PASSED] - scrollToElement(findTestObject(orPath_Amount + "/input__paymentAmount"), 2, CONTINUE_ON_FAILURE): Scroll to object 'Object Repository/RAD_Pages/PaymentAmount_Page/input__paymentAmount' successfully

2024-10-17 15:01:12 - [MESSAGE][PASSED] - Scroll to object 'Object Repository/RAD_Pages/PaymentAmount_Page/input__paymentAmount' successfully

2024-10-17 15:01:12 - [TEST_STEP][PASSED] - waitForElementClickable(findTestObject(orPath_FilingStatus + "/input_userType_Joint"), 5): Object 'Object Repository/RAD_Pages/FilingStatus_Page/input_userType_Joint' is clickable

2024-10-17 15:01:12 - [MESSAGE][PASSED] - Object 'Object Repository/RAD_Pages/FilingStatus_Page/input_userType_Joint' is clickable

2024-10-17 15:01:12 - [TEST_STEP][PASSED] - click(findTestObject(orPath_FilingStatus + "/input_userType_Joint")): Object: 'Object Repository/RAD_Pages/FilingStatus_Page/input_userType_Joint' is clicked on

2024-10-17 15:01:13 - [MESSAGE][PASSED] - Object: 'Object Repository/RAD_Pages/FilingStatus_Page/input_userType_Joint' is clicked on

2024-10-17 15:01:13 - [TEST_STEP][PASSED] - setText(findTestObject("Object Repository/RAD_RecordAndPlay/input_JointFilerSSN"), "1111165230"): Text '1111165230' is set on object 'Object Repository/RAD_RecordAndPlay/input_JointFilerSSN'

2024-10-17 15:01:13 - [MESSAGE][PASSED] - Text '1111165230' is set on object 'Object Repository/RAD_RecordAndPlay/input_JointFilerSSN'

2024-10-17 15:01:13 - [TEST_STEP][PASSED] - setText(findTestObject(orPath_Amount + "/input__paymentAmount"), ""): Text '' is set on object 'Object Repository/RAD_Pages/PaymentAmount_Page/input__paymentAmount'

2024-10-17 15:01:14 - [MESSAGE][PASSED] - Text '' is set on object 'Object Repository/RAD_Pages/PaymentAmount_Page/input__paymentAmount'

2024-10-17 15:01:14 - [TEST_STEP][PASSED] - delay(2): Delayed 2 second(s)

2024-10-17 15:01:16 - [MESSAGE][PASSED] - Delayed 2 second(s)

2024-10-17 15:01:16 - [TEST_STEP][PASSED] - if (verifyTextPresent("Please enter a valid SSN with 9 digits", true)): null

2024-10-17 15:01:16 - [MESSAGE][PASSED] - Text 'Please enter a valid SSN with 9 digits' is present on page  using regular expression

2024-10-17 15:01:16 - [TEST_STEP][PASSED] - println("Please enter a valid SSN with 9 digits"): null

2024-10-17 15:01:16 - [TEST_STEP][PASSED] - out.println("Pass Record Number: " + row): null

2024-10-17 15:01:16 - [TEST_STEP][PASSED] - resText = "Pass": null

2024-10-17 15:01:16 - [TEST_STEP][PASSED] - pages.WriteExcel.demoKey(resText, datText, resColumn, datCloumn, fileLoc, nameSheet, row): pages.WriteExcel.demoKey is PASSED

2024-10-17 15:01:16 - [MESSAGE][PASSED] - pages.WriteExcel.demoKey is PASSED]]></system-out>
         <system-err><![CDATA[]]></system-err>
      </testcase>
      <system-out><![CDATA[2024-10-17 14:11:21 - [TEST_SUITE][PASSED] - RAD_UI_TestSuite: Test Cases/RAD_TestCases/Negative_TestCases/JointFilerSSNmoreThan9Error]]></system-out>
      <system-err><![CDATA[]]></system-err>
   </testsuite>
</testsuites>
