<?xml version="1.0" encoding="UTF-8"?>
<testsuites name="Temp" time="497.551" tests="1" failures="0" errors="0">
   <testsuite name="Temp" tests="1" failures="0" errors="0" time="497.551" skipped="0" timestamp="2023-09-12 09:56:06" hostname="imtiaz - DESKTOP-B2QI6NS.govolution.com" id="Test Suites/Temp">
      <properties>
         <property name="deviceName" value=""/>
         <property name="devicePlatform" value=""/>
         <property name="logFolder" value="E:\\Cloned-Project-Katalon\\VPS-Katalon\\Reports\\20230912_095600\\Temp\\20230912_095600"/>
         <property name="logFiles" value="E:\\Cloned-Project-Katalon\\VPS-Katalon\\Reports\\20230912_095600\\Temp\\20230912_095600\\execution0.log"/>
         <property name="attachments" value=""/>
         <property name="hostName" value="imtiaz - DESKTOP-B2QI6NS.govolution.com"/>
         <property name="os" value="Windows 10 64bit"/>
         <property name="katalonVersion" value="8.6.6.208"/>
         <property name="browser" value="Chrome 116.0.0.0"/>
         <property name="hostAddress" value="172.31.253.139"/>
         <property name="sessionId" value="7b1516891d64b22563f5a1c01ca2873f"/>
         <property name="seleniumVersion" value="3.141.59"/>
         <property name="proxyInformation" value="ProxyInformation { proxyOption=NO_PROXY, proxyServerType=HTTP, username=, password=********, proxyServerAddress=, proxyServerPort=0, executionList=&quot;&quot;, isApplyToDesiredCapabilities=true }"/>
         <property name="platform" value="Windows 10"/>
      </properties>
      <testcase name="Test Cases/RAD_TestCases/Payments_TestCases/Estimated_Payments/Estimated_Payments_TC" time="497.107" classname="Test Cases/RAD_TestCases/Payments_TestCases/Estimated_Payments/Estimated_Payments_TC" status="PASSED">
         <system-out><![CDATA[2023-09-12 09:56:06 - [TEST_CASE][PASSED] - Test Cases/RAD_TestCases/Payments_TestCases/Estimated_Payments/Estimated_Payments_TC: Test Cases/RAD_TestCases/Payments_TestCases/Estimated_Payments/Estimated_Payments_TC

2023-09-12 09:56:07 - [TEST_STEP][PASSED] - resText = "Fail": null

2023-09-12 09:56:07 - [TEST_STEP][PASSED] - resColumn = "Result": null

2023-09-12 09:56:07 - [TEST_STEP][PASSED] - datCloumn = "Date": null

2023-09-12 09:56:07 - [TEST_STEP][PASSED] - fileLoc = "KatalonData/RADTestData/Payments.xlsx": null

2023-09-12 09:56:07 - [TEST_STEP][PASSED] - nameSheet = "Estimated": null

2023-09-12 09:56:07 - [TEST_STEP][PASSED] - dataFile = "RADTestData/Payments_Estimated": null

2023-09-12 09:56:07 - [TEST_STEP][PASSED] - orPath_Landing = "Object Repository/RAD_Pages/Landing_Page": null

2023-09-12 09:56:07 - [TEST_STEP][PASSED] - orPath_TaxTypeFilingYear = "Object Repository/RAD_Pages/TaxTypeFilingYear_Page": null

2023-09-12 09:56:07 - [TEST_STEP][PASSED] - orPath_Amount = "Object Repository/RAD_Pages/PaymentAmount_Page": null

2023-09-12 09:56:07 - [TEST_STEP][PASSED] - orPath_AddressContact = "Object Repository/RAD_Pages/AddressAndContactInfo_Page": null

2023-09-12 09:56:07 - [TEST_STEP][PASSED] - orPath_Summary = "Object Repository/RAD_Pages/Summary_Page": null

2023-09-12 09:56:07 - [TEST_STEP][PASSED] - orPath_PaymentConfirmation = "Object Repository/RAD_Pages/PaymentConfirmation_Page": null

2023-09-12 09:56:07 - [TEST_STEP][PASSED] - orPath_ServiceFeesAccept = "Object Repository/RAD_Pages/ServiceFeeAccept_Page": null

2023-09-12 09:56:07 - [TEST_STEP][PASSED] - orPath_PaymentEntry = "Object Repository/RAD_Pages/PaymentEntry_Page": null

2023-09-12 09:56:07 - [TEST_STEP][PASSED] - ExecuteTC = <not implemented yet for class: org.codehaus.groovy.ast.expr.EmptyExpression>: null

2023-09-12 09:56:07 - [TEST_STEP][PASSED] - TaxType = <not implemented yet for class: org.codehaus.groovy.ast.expr.EmptyExpression>: null

2023-09-12 09:56:07 - [TEST_STEP][PASSED] - PaymentType = <not implemented yet for class: org.codehaus.groovy.ast.expr.EmptyExpression>: null

2023-09-12 09:56:07 - [TEST_STEP][PASSED] - FilingYear = <not implemented yet for class: org.codehaus.groovy.ast.expr.EmptyExpression>: null

2023-09-12 09:56:07 - [TEST_STEP][PASSED] - PeriodEndingMonth = <not implemented yet for class: org.codehaus.groovy.ast.expr.EmptyExpression>: null

2023-09-12 09:56:07 - [TEST_STEP][PASSED] - numOfRows = findTestData(dataFile).getRowNumbers(): null

2023-09-12 09:56:08 - [TEST_STEP][PASSED] - println("Number of Records: " + numOfRows): null

2023-09-12 09:56:08 - [TEST_STEP][PASSED] - for ([row = 1, row <= numOfRows, (row++)]): Object 'Object Repository/RAD_Pages/ServiceFeeAccept_Page/input_convFeeNotifyAction' is present

2023-09-12 09:56:08 - [TEST_STEP][PASSED] - ExecuteTC = findTestData(dataFile).getValue("Execute", row): null

2023-09-12 09:56:08 - [TEST_STEP][PASSED] - TaxType = findTestData(dataFile).getValue("TaxType", row): null

2023-09-12 09:56:08 - [TEST_STEP][PASSED] - PaymentType = findTestData(dataFile).getValue("PaymentType", row): null

2023-09-12 09:56:08 - [TEST_STEP][PASSED] - FilingYear = findTestData(dataFile).getValue("Year", row): null

2023-09-12 09:56:08 - [TEST_STEP][PASSED] - PeriodEndingMonth = findTestData(dataFile).getValue("Month", row): null

2023-09-12 09:56:09 - [TEST_STEP][PASSED] - if (ExecuteTC.equalsIgnoreCase("Y")): Object 'Object Repository/RAD_Pages/ServiceFeeAccept_Page/input_convFeeNotifyAction' is present

2023-09-12 09:56:09 - [TEST_STEP][PASSED] - out.println("Begin Record Number: " + row): null

2023-09-12 09:56:09 - [TEST_STEP][PASSED] - today = new java.util.Date(): null

2023-09-12 09:56:09 - [TEST_STEP][PASSED] - println(today): null

2023-09-12 09:56:09 - [TEST_STEP][PASSED] - datText = today: null

2023-09-12 09:56:09 - [TEST_STEP][PASSED] - logInfo("Payment Type: Quarterly Estimated Tax"): Payment Type: Quarterly Estimated Tax

2023-09-12 09:56:09 - [MESSAGE][INFO] - Payment Type: Quarterly Estimated Tax

2023-09-12 09:56:09 - [TEST_STEP][PASSED] - logInfo("Tax Type: " + TaxType): Tax Type: Corporate Income Tax

2023-09-12 09:56:09 - [MESSAGE][INFO] - Tax Type: Corporate Income Tax

2023-09-12 09:56:09 - [TEST_STEP][PASSED] - openBrowser(""): Browser is opened with url: ''

2023-09-12 09:56:09 - [MESSAGE][INFO] - Starting 'Chrome' driver

2023-09-12 09:56:09 - [MESSAGE][INFO] - User set preference: ['acceptInsecureCerts', 'true']

2023-09-12 09:56:09 - [MESSAGE][INFO] - Action delay is set to 0 milliseconds

2023-09-12 09:56:12 - [MESSAGE][PASSED] - Browser is opened with url: ''

2023-09-12 09:56:12 - [TEST_STEP][PASSED] - maximizeWindow(): Current window maximized

2023-09-12 09:56:12 - [MESSAGE][PASSED] - Current window maximized

2023-09-12 09:56:12 - [TEST_STEP][PASSED] - navigateToUrl(RADurl): Navigate to 'https://demo.velocitypayment.com/client/rad/index.html' successfully

2023-09-12 09:56:14 - [MESSAGE][PASSED] - Navigate to 'https://demo.velocitypayment.com/client/rad/index.html' successfully

2023-09-12 09:56:14 - [TEST_STEP][PASSED] - selectOptionByLabel(findTestObject(orPath_Landing + "/dd_TaxType"), "Quarterly Estimated Tax", false): All options with label 'Quarterly Estimated Tax' are selected in object 'Object Repository/RAD_Pages/Landing_Page/dd_TaxType' 

2023-09-12 09:56:15 - [MESSAGE][PASSED] - All options with label 'Quarterly Estimated Tax' are selected in object 'Object Repository/RAD_Pages/Landing_Page/dd_TaxType' 

2023-09-12 09:56:15 - [TEST_STEP][PASSED] - selectOptionByLabel(findTestObject(orPath_TaxTypeFilingYear + "/select_PaymentType"), TaxType, false): All options with label 'Corporate Income Tax' are selected in object 'Object Repository/RAD_Pages/TaxTypeFilingYear_Page/select_PaymentType' 

2023-09-12 09:56:16 - [MESSAGE][PASSED] - All options with label 'Corporate Income Tax' are selected in object 'Object Repository/RAD_Pages/TaxTypeFilingYear_Page/select_PaymentType' 

2023-09-12 09:56:16 - [TEST_STEP][PASSED] - selectOptionByLabel(findTestObject(orPath_TaxTypeFilingYear + "/select_FilingYear"), FilingYear, false): All options with label '2023' are selected in object 'Object Repository/RAD_Pages/TaxTypeFilingYear_Page/select_FilingYear' 

2023-09-12 09:56:17 - [MESSAGE][PASSED] - All options with label '2023' are selected in object 'Object Repository/RAD_Pages/TaxTypeFilingYear_Page/select_FilingYear' 

2023-09-12 09:56:17 - [TEST_STEP][PASSED] - selectOptionByLabel(findTestObject(orPath_TaxTypeFilingYear + "/select_PeriodEnding"), PeriodEndingMonth, false): All options with label 'March' are selected in object 'Object Repository/RAD_Pages/TaxTypeFilingYear_Page/select_PeriodEnding' 

2023-09-12 09:56:18 - [MESSAGE][PASSED] - All options with label 'March' are selected in object 'Object Repository/RAD_Pages/TaxTypeFilingYear_Page/select_PeriodEnding' 

2023-09-12 09:56:18 - [TEST_STEP][PASSED] - rad.getSetDataRAD.setDataRADBusinessName(): rad.getSetDataRAD.setDataRADBusinessName is PASSED

2023-09-12 09:56:19 - [MESSAGE][PASSED] - Text 'My Company' is set on object 'Object Repository/RAD_Pages/Taxpayer_Page/input_businessName'

2023-09-12 09:56:19 - [MESSAGE][PASSED] - rad.getSetDataRAD.setDataRADBusinessName is PASSED

2023-09-12 09:56:19 - [TEST_STEP][PASSED] - rad.getSetDataRAD.setDataRADAddress(): rad.getSetDataRAD.setDataRADAddress is PASSED

2023-09-12 09:56:20 - [MESSAGE][PASSED] - All options with label 'United States' are selected in object 'Object Repository/RAD_Pages/AddressAndContactInfo_Page/select_Country' 

2023-09-12 09:56:21 - [MESSAGE][PASSED] - Text '2508 Mandan Terrace' is set on object 'Object Repository/RAD_Pages/AddressAndContactInfo_Page/input_streetAddress1'

2023-09-12 09:56:22 - [MESSAGE][PASSED] - Text '' is set on object 'Object Repository/RAD_Pages/AddressAndContactInfo_Page/input_streetAddress2'

2023-09-12 09:56:22 - [MESSAGE][PASSED] - Text 'Gambrills' is set on object 'Object Repository/RAD_Pages/AddressAndContactInfo_Page/input_city'

2023-09-12 09:56:23 - [MESSAGE][PASSED] - All options with label 'Maryland' are selected in object 'Object Repository/RAD_Pages/AddressAndContactInfo_Page/select_State' 

2023-09-12 09:56:24 - [MESSAGE][PASSED] - Text '21054' is set on object 'Object Repository/RAD_Pages/AddressAndContactInfo_Page/input_zipCode'

2023-09-12 09:56:25 - [MESSAGE][PASSED] - Text '(703) 894-5000' is set on object 'Object Repository/RAD_Pages/AddressAndContactInfo_Page/input_phoneNumber'

2023-09-12 09:56:26 - [MESSAGE][PASSED] - Text 'iahmed@govolution.com' is set on object 'Object Repository/RAD_Pages/AddressAndContactInfo_Page/input_eMailAddress'

2023-09-12 09:56:27 - [MESSAGE][PASSED] - Text 'iahmed@govolution.com' is set on object 'Object Repository/RAD_Pages/AddressAndContactInfo_Page/input_reEnterEMailAddress'

2023-09-12 09:56:27 - [MESSAGE][PASSED] - rad.getSetDataRAD.setDataRADAddress is PASSED

2023-09-12 09:56:27 - [TEST_STEP][PASSED] - rad.getSetDataRAD.setDataRADFEIN(): rad.getSetDataRAD.setDataRADFEIN is PASSED

2023-09-12 09:56:28 - [MESSAGE][PASSED] - Text ****** has been set on object 'Object Repository/RAD_Pages/TaxInfo_Page/input_FederalEIN'

2023-09-12 09:56:29 - [MESSAGE][PASSED] - Text ****** has been set on object 'Object Repository/RAD_Pages/TaxInfo_Page/input_FederalEIN_ReEnter'

2023-09-12 09:56:29 - [MESSAGE][PASSED] - rad.getSetDataRAD.setDataRADFEIN is PASSED

2023-09-12 09:56:29 - [TEST_STEP][PASSED] - setText(findTestObject(orPath_Amount + "/input__paymentAmount"), "100.00"): Text '100.00' is set on object 'Object Repository/RAD_Pages/PaymentAmount_Page/input__paymentAmount'

2023-09-12 09:56:30 - [MESSAGE][PASSED] - Text '100.00' is set on object 'Object Repository/RAD_Pages/PaymentAmount_Page/input__paymentAmount'

2023-09-12 09:56:30 - [TEST_STEP][PASSED] - setText(findTestObject(orPath_AddressContact + "/input_streetAddress2"), ""): Text '' is set on object 'Object Repository/RAD_Pages/AddressAndContactInfo_Page/input_streetAddress2'

2023-09-12 09:56:31 - [MESSAGE][PASSED] - Text '' is set on object 'Object Repository/RAD_Pages/AddressAndContactInfo_Page/input_streetAddress2'

2023-09-12 09:56:31 - [TEST_STEP][PASSED] - scrollToElement(findTestObject(orPath_Landing + "/button_Continue"), 3): Scroll to object 'Object Repository/RAD_Pages/Landing_Page/button_Continue' successfully

2023-09-12 09:56:31 - [MESSAGE][PASSED] - Scroll to object 'Object Repository/RAD_Pages/Landing_Page/button_Continue' successfully

2023-09-12 09:56:31 - [TEST_STEP][PASSED] - waitForElementClickable(findTestObject(orPath_Landing + "/button_Continue"), 5): Object 'Object Repository/RAD_Pages/Landing_Page/button_Continue' is clickable

2023-09-12 09:56:31 - [MESSAGE][PASSED] - Object 'Object Repository/RAD_Pages/Landing_Page/button_Continue' is clickable

2023-09-12 09:56:32 - [TEST_STEP][PASSED] - click(findTestObject(orPath_Landing + "/button_Continue")): Object: 'Object Repository/RAD_Pages/Landing_Page/button_Continue' is clicked on

2023-09-12 09:56:32 - [MESSAGE][PASSED] - Object: 'Object Repository/RAD_Pages/Landing_Page/button_Continue' is clicked on

2023-09-12 09:56:32 - [TEST_STEP][PASSED] - delay(2): Delayed 2 second(s)

2023-09-12 09:56:34 - [MESSAGE][PASSED] - Delayed 2 second(s)

2023-09-12 09:56:34 - [TEST_STEP][PASSED] - verifyTextPresent("Summary", true): Text 'Summary' is present on page  using regular expression

2023-09-12 09:56:35 - [MESSAGE][PASSED] - Text 'Summary' is present on page  using regular expression

2023-09-12 09:56:35 - [TEST_STEP][PASSED] - verifyTextPresent("Review the information below and make any necessary corrections by clicking the", true): Text 'Review the information below and make any necessary corrections by clicking the' is present on page  using regular expression

2023-09-12 09:56:35 - [MESSAGE][PASSED] - Text 'Review the information below and make any necessary corrections by clicking the' is present on page  using regular expression

2023-09-12 09:56:35 - [TEST_STEP][PASSED] - verifyTextPresent("When you are confident that all the information is correct, click the", true): Text 'When you are confident that all the information is correct, click the' is present on page  using regular expression

2023-09-12 09:56:35 - [MESSAGE][PASSED] - Text 'When you are confident that all the information is correct, click the' is present on page  using regular expression

2023-09-12 09:56:35 - [TEST_STEP][PASSED] - verifyTextPresent("Payment Type/Filing Year", true): Text 'Payment Type/Filing Year' is present on page  using regular expression

2023-09-12 09:56:36 - [MESSAGE][PASSED] - Text 'Payment Type/Filing Year' is present on page  using regular expression

2023-09-12 09:56:36 - [TEST_STEP][PASSED] - verifyTextPresent("Payment Type:", true): Text 'Payment Type:' is present on page  using regular expression

2023-09-12 09:56:36 - [MESSAGE][PASSED] - Text 'Payment Type:' is present on page  using regular expression

2023-09-12 09:56:36 - [TEST_STEP][PASSED] - verifyTextPresent("Quarterly Estimated Tax", true): Text 'Quarterly Estimated Tax' is present on page  using regular expression

2023-09-12 09:56:36 - [MESSAGE][PASSED] - Text 'Quarterly Estimated Tax' is present on page  using regular expression

2023-09-12 09:56:36 - [TEST_STEP][PASSED] - verifyTextPresent("Filing Year:", true): Text 'Filing Year:' is present on page  using regular expression

2023-09-12 09:56:37 - [MESSAGE][PASSED] - Text 'Filing Year:' is present on page  using regular expression

2023-09-12 09:56:37 - [TEST_STEP][PASSED] - verifyTextPresent(FilingYear, true): Text '2023' is present on page  using regular expression

2023-09-12 09:56:37 - [MESSAGE][PASSED] - Text '2023' is present on page  using regular expression

2023-09-12 09:56:37 - [TEST_STEP][PASSED] - verifyTextPresent("Period Ending:", true): Text 'Period Ending:' is present on page  using regular expression

2023-09-12 09:56:38 - [MESSAGE][PASSED] - Text 'Period Ending:' is present on page  using regular expression

2023-09-12 09:56:38 - [TEST_STEP][PASSED] - verifyTextPresent(PeriodEndingMonth, true): Text 'March' is present on page  using regular expression

2023-09-12 09:56:38 - [MESSAGE][PASSED] - Text 'March' is present on page  using regular expression

2023-09-12 09:56:38 - [TEST_STEP][PASSED] - verifyTextPresent("Payer Information", true): Text 'Payer Information' is present on page  using regular expression

2023-09-12 09:56:38 - [MESSAGE][PASSED] - Text 'Payer Information' is present on page  using regular expression

2023-09-12 09:56:38 - [TEST_STEP][PASSED] - verifyTextPresent("Taxpayer Name:", true): Text 'Taxpayer Name:' is present on page  using regular expression

2023-09-12 09:56:39 - [MESSAGE][PASSED] - Text 'Taxpayer Name:' is present on page  using regular expression

2023-09-12 09:56:39 - [TEST_STEP][PASSED] - verifyTextPresent("My Company", true): Text 'My Company' is present on page  using regular expression

2023-09-12 09:56:39 - [MESSAGE][PASSED] - Text 'My Company' is present on page  using regular expression

2023-09-12 09:56:39 - [TEST_STEP][PASSED] - verifyTextPresent("Taxpayer Address:", true): Text 'Taxpayer Address:' is present on page  using regular expression

2023-09-12 09:56:40 - [MESSAGE][PASSED] - Text 'Taxpayer Address:' is present on page  using regular expression

2023-09-12 09:56:40 - [TEST_STEP][PASSED] - verifyTextPresent("2508 Mandan Terrace Gambrills Maryland 21054", true): Text '2508 Mandan Terrace Gambrills Maryland 21054' is present on page  using regular expression

2023-09-12 09:56:40 - [MESSAGE][PASSED] - Text '2508 Mandan Terrace Gambrills Maryland 21054' is present on page  using regular expression

2023-09-12 09:56:40 - [TEST_STEP][PASSED] - verifyTextPresent("Email:", true): Text 'Email:' is present on page  using regular expression

2023-09-12 09:56:40 - [MESSAGE][PASSED] - Text 'Email:' is present on page  using regular expression

2023-09-12 09:56:40 - [TEST_STEP][PASSED] - verifyTextPresent("iahmed@govolution.com", true): Text 'iahmed@govolution.com' is present on page  using regular expression

2023-09-12 09:56:41 - [MESSAGE][PASSED] - Text 'iahmed@govolution.com' is present on page  using regular expression

2023-09-12 09:56:41 - [TEST_STEP][PASSED] - verifyTextPresent("Phone:", true): Text 'Phone:' is present on page  using regular expression

2023-09-12 09:56:41 - [MESSAGE][PASSED] - Text 'Phone:' is present on page  using regular expression

2023-09-12 09:56:41 - [TEST_STEP][PASSED] - verifyTextPresent("(703) 894-5000", false): Text '(703) 894-5000' is present on page 

2023-09-12 09:56:41 - [MESSAGE][PASSED] - Text '(703) 894-5000' is present on page 

2023-09-12 09:56:41 - [TEST_STEP][PASSED] - verifyTextPresent("Tax Information", true): Text 'Tax Information' is present on page  using regular expression

2023-09-12 09:56:42 - [MESSAGE][PASSED] - Text 'Tax Information' is present on page  using regular expression

2023-09-12 09:56:42 - [TEST_STEP][PASSED] - verifyTextPresent("Federal EIN:", true): Text 'Federal EIN:' is present on page  using regular expression

2023-09-12 09:56:42 - [MESSAGE][PASSED] - Text 'Federal EIN:' is present on page  using regular expression

2023-09-12 09:56:42 - [TEST_STEP][PASSED] - verifyTextPresent("Payment Amount:", true): Text 'Payment Amount:' is present on page  using regular expression

2023-09-12 09:56:42 - [MESSAGE][PASSED] - Text 'Payment Amount:' is present on page  using regular expression

2023-09-12 09:56:42 - [TEST_STEP][PASSED] - verifyTextPresent("100.00", true): Text '100.00' is present on page  using regular expression

2023-09-12 09:56:43 - [MESSAGE][PASSED] - Text '100.00' is present on page  using regular expression

2023-09-12 09:56:43 - [TEST_STEP][PASSED] - click(findTestObject(orPath_Summary + "/button_Proceed to Payment")): Object: 'Object Repository/RAD_Pages/Summary_Page/button_Proceed to Payment' is clicked on

2023-09-12 09:57:14 - [MESSAGE][INFO] - Unable to find the element located by 'By.xpath: //*[(text() = 'Proceed to Payment' or . = 'Proceed to Payment')]'. Please recheck the objects properties to make sure the desired element is located. 

2023-09-12 09:57:14 - [MESSAGE][WARNING] - [SELF-HEALING] Failed to find element with id 'Object Repository/RAD_Pages/Summary_Page/button_Proceed to Payment'. Try using Self-healing.

2023-09-12 09:57:14 - [MESSAGE][WARNING] - [SELF-HEALING] The current locator of test object 'Object Repository/RAD_Pages/Summary_Page/button_Proceed to Payment' was broken. Propose an alternative one: '(.//*[normalize-space(text()) and normalize-space(.)='Payment Amount:'])[1]/following::button[1]'.

2023-09-12 09:57:15 - [MESSAGE][PASSED] - Object: 'Object Repository/RAD_Pages/Summary_Page/button_Proceed to Payment' is clicked on

2023-09-12 09:57:15 - [TEST_STEP][PASSED] - verifyTextPresent("Comptroller of Maryland", true): Text 'Comptroller of Maryland' is present on page  using regular expression

2023-09-12 09:57:16 - [MESSAGE][PASSED] - Text 'Comptroller of Maryland' is present on page  using regular expression

2023-09-12 09:57:16 - [TEST_STEP][PASSED] - verifyTextPresent("Revenue Administration Division", true): Text 'Revenue Administration Division' is present on page  using regular expression

2023-09-12 09:57:16 - [MESSAGE][PASSED] - Text 'Revenue Administration Division' is present on page  using regular expression

2023-09-12 09:57:16 - [TEST_STEP][PASSED] - verifyTextPresent("Payment Information", true): Text 'Payment Information' is present on page  using regular expression

2023-09-12 09:57:17 - [MESSAGE][PASSED] - Text 'Payment Information' is present on page  using regular expression

2023-09-12 09:57:17 - [TEST_STEP][PASSED] - card_Name = getAttribute(findTestObject("Object Repository/RAD_Pages/PaymentEntry_Page/input__billingName"), "value"): Attribute 'value' of object 'Object Repository/RAD_Pages/PaymentEntry_Page/input__billingName' is: ''

2023-09-12 09:57:17 - [MESSAGE][PASSED] - Attribute 'value' of object 'Object Repository/RAD_Pages/PaymentEntry_Page/input__billingName' is: ''

2023-09-12 09:57:17 - [TEST_STEP][PASSED] - verifyMatch("", card_Name, false): Actual text '' and expected text '' are matched 

2023-09-12 09:57:17 - [MESSAGE][PASSED] - Actual text '' and expected text '' are matched 

2023-09-12 09:57:17 - [TEST_STEP][PASSED] - AL1 = getAttribute(findTestObject("Object Repository/RAD_Pages/PaymentEntry_Page/input_billingAddress"), "value"): Attribute 'value' of object 'Object Repository/RAD_Pages/PaymentEntry_Page/input_billingAddress' is: '2508 Mandan Terrace'

2023-09-12 09:57:17 - [MESSAGE][PASSED] - Attribute 'value' of object 'Object Repository/RAD_Pages/PaymentEntry_Page/input_billingAddress' is: '2508 Mandan Terrace'

2023-09-12 09:57:17 - [TEST_STEP][PASSED] - verifyMatch("2508 Mandan Terrace", AL1, false): Actual text '2508 Mandan Terrace' and expected text '2508 Mandan Terrace' are matched 

2023-09-12 09:57:17 - [MESSAGE][PASSED] - Actual text '2508 Mandan Terrace' and expected text '2508 Mandan Terrace' are matched 

2023-09-12 09:57:17 - [TEST_STEP][PASSED] - AL2 = getAttribute(findTestObject("Object Repository/RAD_Pages/PaymentEntry_Page/input_billingAddress2"), "value"): Attribute 'value' of object 'Object Repository/RAD_Pages/PaymentEntry_Page/input_billingAddress2' is: ''

2023-09-12 09:57:18 - [MESSAGE][PASSED] - Attribute 'value' of object 'Object Repository/RAD_Pages/PaymentEntry_Page/input_billingAddress2' is: ''

2023-09-12 09:57:18 - [TEST_STEP][PASSED] - verifyMatch("", AL2, false): Actual text '' and expected text '' are matched 

2023-09-12 09:57:18 - [MESSAGE][PASSED] - Actual text '' and expected text '' are matched 

2023-09-12 09:57:18 - [TEST_STEP][PASSED] - zipCode = getAttribute(findTestObject("Object Repository/RAD_Pages/PaymentEntry_Page/input_billingZip"), "value"): Attribute 'value' of object 'Object Repository/RAD_Pages/PaymentEntry_Page/input_billingZip' is: '21054'

2023-09-12 09:57:18 - [MESSAGE][PASSED] - Attribute 'value' of object 'Object Repository/RAD_Pages/PaymentEntry_Page/input_billingZip' is: '21054'

2023-09-12 09:57:18 - [TEST_STEP][PASSED] - verifyMatch("21054", zipCode, false): Actual text '21054' and expected text '21054' are matched 

2023-09-12 09:57:18 - [MESSAGE][PASSED] - Actual text '21054' and expected text '21054' are matched 

2023-09-12 09:57:18 - [TEST_STEP][PASSED] - city = getAttribute(findTestObject("Object Repository/RAD_Pages/PaymentEntry_Page/input_billingCity"), "value"): Attribute 'value' of object 'Object Repository/RAD_Pages/PaymentEntry_Page/input_billingCity' is: 'GAMBRILLS'

2023-09-12 09:57:19 - [MESSAGE][PASSED] - Attribute 'value' of object 'Object Repository/RAD_Pages/PaymentEntry_Page/input_billingCity' is: 'GAMBRILLS'

2023-09-12 09:57:19 - [TEST_STEP][PASSED] - verifyMatch("GAMBRILLS", city, false): Actual text 'GAMBRILLS' and expected text 'GAMBRILLS' are matched 

2023-09-12 09:57:19 - [MESSAGE][PASSED] - Actual text 'GAMBRILLS' and expected text 'GAMBRILLS' are matched 

2023-09-12 09:57:19 - [TEST_STEP][PASSED] - email = getAttribute(findTestObject("Object Repository/RAD_Pages/PaymentEntry_Page/input_emailAddress"), "value"): Attribute 'value' of object 'Object Repository/RAD_Pages/PaymentEntry_Page/input_emailAddress' is: 'iahmed@govolution.com'

2023-09-12 09:57:19 - [MESSAGE][PASSED] - Attribute 'value' of object 'Object Repository/RAD_Pages/PaymentEntry_Page/input_emailAddress' is: 'iahmed@govolution.com'

2023-09-12 09:57:19 - [TEST_STEP][PASSED] - verifyMatch("iahmed@govolution.com", email, false): Actual text 'iahmed@govolution.com' and expected text 'iahmed@govolution.com' are matched 

2023-09-12 09:57:19 - [MESSAGE][PASSED] - Actual text 'iahmed@govolution.com' and expected text 'iahmed@govolution.com' are matched 

2023-09-12 09:57:19 - [TEST_STEP][PASSED] - amount = getAttribute(findTestObject("Object Repository/RAD_Pages/PaymentEntry_Page/input_amount"), "value"): Attribute 'value' of object 'Object Repository/RAD_Pages/PaymentEntry_Page/input_amount' is: '100.00'

2023-09-12 09:57:19 - [MESSAGE][PASSED] - Attribute 'value' of object 'Object Repository/RAD_Pages/PaymentEntry_Page/input_amount' is: '100.00'

2023-09-12 09:57:19 - [TEST_STEP][PASSED] - verifyMatch("100.00", amount, false): Actual text '100.00' and expected text '100.00' are matched 

2023-09-12 09:57:19 - [MESSAGE][PASSED] - Actual text '100.00' and expected text '100.00' are matched 

2023-09-12 09:57:19 - [TEST_STEP][PASSED] - amountReadOnly = getAttribute(findTestObject("Object Repository/RAD_Pages/PaymentEntry_Page/input_amount"), "readonly"): Attribute 'readonly' of object 'Object Repository/RAD_Pages/PaymentEntry_Page/input_amount' is: 'true'

2023-09-12 09:57:20 - [MESSAGE][PASSED] - Attribute 'readonly' of object 'Object Repository/RAD_Pages/PaymentEntry_Page/input_amount' is: 'true'

2023-09-12 09:57:20 - [TEST_STEP][PASSED] - verifyMatch("true", amountReadOnly, false): Actual text 'true' and expected text 'true' are matched 

2023-09-12 09:57:20 - [MESSAGE][PASSED] - Actual text 'true' and expected text 'true' are matched 

2023-09-12 09:57:20 - [TEST_STEP][PASSED] - verifyOptionSelectedByLabel(findTestObject("Object Repository/RAD_Pages/PaymentEntry_Page/select_Country"), "United States", false, 20): All options with label 'United States' are selected in object 'Object Repository/RAD_Pages/PaymentEntry_Page/select_Country' 

2023-09-12 09:57:21 - [MESSAGE][PASSED] - All options with label 'United States' are selected in object 'Object Repository/RAD_Pages/PaymentEntry_Page/select_Country' 

2023-09-12 09:57:21 - [TEST_STEP][PASSED] - verifyOptionSelectedByLabel(findTestObject("Object Repository/RAD_Pages/PaymentEntry_Page/select_State"), "Maryland", false, 20): All options with label 'Maryland' are selected in object 'Object Repository/RAD_Pages/PaymentEntry_Page/select_State' 

2023-09-12 09:57:24 - [MESSAGE][PASSED] - All options with label 'Maryland' are selected in object 'Object Repository/RAD_Pages/PaymentEntry_Page/select_State' 

2023-09-12 09:57:24 - [TEST_STEP][PASSED] - setText(findTestObject("Object Repository/RAD_Pages/PaymentEntry_Page/input__billingName"), "Anthony Gonzalez"): Text 'Anthony Gonzalez' is set on object 'Object Repository/RAD_Pages/PaymentEntry_Page/input__billingName'

2023-09-12 09:57:24 - [MESSAGE][PASSED] - Text 'Anthony Gonzalez' is set on object 'Object Repository/RAD_Pages/PaymentEntry_Page/input__billingName'

2023-09-12 09:57:24 - [TEST_STEP][PASSED] - setText(findTestObject(orPath_PaymentEntry + "/input__cardNumber"), "4111111111111111"): Text '4111111111111111' is set on object 'Object Repository/RAD_Pages/PaymentEntry_Page/input__cardNumber'

2023-09-12 09:57:25 - [MESSAGE][PASSED] - Text '4111111111111111' is set on object 'Object Repository/RAD_Pages/PaymentEntry_Page/input__cardNumber'

2023-09-12 09:57:25 - [TEST_STEP][PASSED] - setText(findTestObject(orPath_PaymentEntry + "/input__spc"), "123"): Text '123' is set on object 'Object Repository/RAD_Pages/PaymentEntry_Page/input__spc'

2023-09-12 09:57:26 - [MESSAGE][PASSED] - Text '123' is set on object 'Object Repository/RAD_Pages/PaymentEntry_Page/input__spc'

2023-09-12 09:57:26 - [TEST_STEP][PASSED] - selectOptionByLabel(findTestObject(orPath_PaymentEntry + "/select_MM"), "12", false): All options with label '12' are selected in object 'Object Repository/RAD_Pages/PaymentEntry_Page/select_MM' 

2023-09-12 09:57:27 - [MESSAGE][PASSED] - All options with label '12' are selected in object 'Object Repository/RAD_Pages/PaymentEntry_Page/select_MM' 

2023-09-12 09:57:27 - [TEST_STEP][PASSED] - selectOptionByLabel(findTestObject(orPath_PaymentEntry + "/select_YYYY"), "2028", false): All options with label '2028' are selected in object 'Object Repository/RAD_Pages/PaymentEntry_Page/select_YYYY' 

2023-09-12 09:57:27 - [MESSAGE][PASSED] - All options with label '2028' are selected in object 'Object Repository/RAD_Pages/PaymentEntry_Page/select_YYYY' 

2023-09-12 09:57:27 - [TEST_STEP][PASSED] - click(findTestObject(orPath_PaymentEntry + "/input_Field_ccSubmit")): Object: 'Object Repository/RAD_Pages/PaymentEntry_Page/input_Field_ccSubmit' is clicked on

2023-09-12 09:57:28 - [MESSAGE][PASSED] - Object: 'Object Repository/RAD_Pages/PaymentEntry_Page/input_Field_ccSubmit' is clicked on

2023-09-12 09:57:28 - [TEST_STEP][PASSED] - click(findTestObject(orPath_PaymentConfirmation + "/input_N_confirmNotifyAction")): Object: 'Object Repository/RAD_Pages/PaymentConfirmation_Page/input_N_confirmNotifyAction' is clicked on

2023-09-12 09:57:29 - [MESSAGE][PASSED] - Object: 'Object Repository/RAD_Pages/PaymentConfirmation_Page/input_N_confirmNotifyAction' is clicked on

2023-09-12 09:57:29 - [TEST_STEP][PASSED] - verifyTextPresent("Service Fee Acceptance", true): Text 'Service Fee Acceptance' is present on page  using regular expression

2023-09-12 09:57:30 - [MESSAGE][PASSED] - Text 'Service Fee Acceptance' is present on page  using regular expression

2023-09-12 09:57:30 - [TEST_STEP][PASSED] - verifyTextPresent("This transaction is subject to a Service Fee of ", true): Text 'This transaction is subject to a Service Fee of ' is present on page  using regular expression

2023-09-12 09:57:30 - [MESSAGE][PASSED] - Text 'This transaction is subject to a Service Fee of ' is present on page  using regular expression

2023-09-12 09:57:30 - [TEST_STEP][PASSED] - verifyTextPresent("Payment Amount:", true): Text 'Payment Amount:' is present on page  using regular expression

2023-09-12 09:57:30 - [MESSAGE][PASSED] - Text 'Payment Amount:' is present on page  using regular expression

2023-09-12 09:57:30 - [TEST_STEP][PASSED] - verifyTextPresent("100.00", true): Text '100.00' is present on page  using regular expression

2023-09-12 09:57:31 - [MESSAGE][PASSED] - Text '100.00' is present on page  using regular expression

2023-09-12 09:57:31 - [TEST_STEP][PASSED] - verifyTextPresent("Service Fee:", true): Text 'Service Fee:' is present on page  using regular expression

2023-09-12 09:57:31 - [MESSAGE][PASSED] - Text 'Service Fee:' is present on page  using regular expression

2023-09-12 09:57:31 - [TEST_STEP][PASSED] - verifyTextPresent("2.45", true): Text '2.45' is present on page  using regular expression

2023-09-12 09:57:31 - [MESSAGE][PASSED] - Text '2.45' is present on page  using regular expression

2023-09-12 09:57:31 - [TEST_STEP][PASSED] - verifyTextPresent("Total Amount:", true): Text 'Total Amount:' is present on page  using regular expression

2023-09-12 09:57:31 - [MESSAGE][PASSED] - Text 'Total Amount:' is present on page  using regular expression

2023-09-12 09:57:31 - [TEST_STEP][PASSED] - verifyTextPresent("102.45", true): Text '102.45' is present on page  using regular expression

2023-09-12 09:57:32 - [MESSAGE][PASSED] - Text '102.45' is present on page  using regular expression

2023-09-12 09:57:32 - [TEST_STEP][PASSED] - verifyTextPresent("Two transactions will appear on your bank statement, one in the amount of", true): Text 'Two transactions will appear on your bank statement, one in the amount of' is present on page  using regular expression

2023-09-12 09:57:32 - [MESSAGE][PASSED] - Text 'Two transactions will appear on your bank statement, one in the amount of' is present on page  using regular expression

2023-09-12 09:57:32 - [TEST_STEP][PASSED] - verifyElementPresent(findTestObject(orPath_ServiceFeesAccept + "/input_convFeeNotifyAction"), 30): Object 'Object Repository/RAD_Pages/ServiceFeeAccept_Page/input_convFeeNotifyAction' is present

2023-09-12 09:57:32 - [MESSAGE][PASSED] - Object 'Object Repository/RAD_Pages/ServiceFeeAccept_Page/input_convFeeNotifyAction' is present

2023-09-12 09:57:32 - [TEST_STEP][PASSED] - ExecuteTC = findTestData(dataFile).getValue("Execute", row): null

2023-09-12 09:57:32 - [TEST_STEP][PASSED] - TaxType = findTestData(dataFile).getValue("TaxType", row): null

2023-09-12 09:57:32 - [TEST_STEP][PASSED] - PaymentType = findTestData(dataFile).getValue("PaymentType", row): null

2023-09-12 09:57:33 - [TEST_STEP][PASSED] - FilingYear = findTestData(dataFile).getValue("Year", row): null

2023-09-12 09:57:33 - [TEST_STEP][PASSED] - PeriodEndingMonth = findTestData(dataFile).getValue("Month", row): null

2023-09-12 09:57:33 - [TEST_STEP][PASSED] - if (ExecuteTC.equalsIgnoreCase("Y")): Object 'Object Repository/RAD_Pages/ServiceFeeAccept_Page/input_convFeeNotifyAction' is present

2023-09-12 09:57:33 - [TEST_STEP][PASSED] - out.println("Begin Record Number: " + row): null

2023-09-12 09:57:33 - [TEST_STEP][PASSED] - today = new java.util.Date(): null

2023-09-12 09:57:33 - [TEST_STEP][PASSED] - println(today): null

2023-09-12 09:57:33 - [TEST_STEP][PASSED] - datText = today: null

2023-09-12 09:57:33 - [TEST_STEP][PASSED] - logInfo("Payment Type: Quarterly Estimated Tax"): Payment Type: Quarterly Estimated Tax

2023-09-12 09:57:33 - [MESSAGE][INFO] - Payment Type: Quarterly Estimated Tax

2023-09-12 09:57:33 - [TEST_STEP][PASSED] - logInfo("Tax Type: " + TaxType): Tax Type: Fiduciary Tax

2023-09-12 09:57:33 - [MESSAGE][INFO] - Tax Type: Fiduciary Tax

2023-09-12 09:57:33 - [TEST_STEP][PASSED] - openBrowser(""): Browser is opened with url: ''

2023-09-12 09:57:33 - [MESSAGE][WARNING] - A browser is already opened. Closing browser and opening a new one

2023-09-12 09:57:34 - [MESSAGE][INFO] - Starting 'Chrome' driver

2023-09-12 09:57:34 - [MESSAGE][INFO] - User set preference: ['acceptInsecureCerts', 'true']

2023-09-12 09:57:34 - [MESSAGE][INFO] - Action delay is set to 0 milliseconds

2023-09-12 09:57:36 - [MESSAGE][PASSED] - Browser is opened with url: ''

2023-09-12 09:57:36 - [TEST_STEP][PASSED] - maximizeWindow(): Current window maximized

2023-09-12 09:57:36 - [MESSAGE][PASSED] - Current window maximized

2023-09-12 09:57:36 - [TEST_STEP][PASSED] - navigateToUrl(RADurl): Navigate to 'https://demo.velocitypayment.com/client/rad/index.html' successfully

2023-09-12 09:57:37 - [MESSAGE][PASSED] - Navigate to 'https://demo.velocitypayment.com/client/rad/index.html' successfully

2023-09-12 09:57:37 - [TEST_STEP][PASSED] - selectOptionByLabel(findTestObject(orPath_Landing + "/dd_TaxType"), "Quarterly Estimated Tax", false): All options with label 'Quarterly Estimated Tax' are selected in object 'Object Repository/RAD_Pages/Landing_Page/dd_TaxType' 

2023-09-12 09:57:38 - [MESSAGE][PASSED] - All options with label 'Quarterly Estimated Tax' are selected in object 'Object Repository/RAD_Pages/Landing_Page/dd_TaxType' 

2023-09-12 09:57:38 - [TEST_STEP][PASSED] - selectOptionByLabel(findTestObject(orPath_TaxTypeFilingYear + "/select_PaymentType"), TaxType, false): All options with label 'Fiduciary Tax' are selected in object 'Object Repository/RAD_Pages/TaxTypeFilingYear_Page/select_PaymentType' 

2023-09-12 09:57:39 - [MESSAGE][PASSED] - All options with label 'Fiduciary Tax' are selected in object 'Object Repository/RAD_Pages/TaxTypeFilingYear_Page/select_PaymentType' 

2023-09-12 09:57:39 - [TEST_STEP][PASSED] - selectOptionByLabel(findTestObject(orPath_TaxTypeFilingYear + "/select_FilingYear"), FilingYear, false): All options with label '2023' are selected in object 'Object Repository/RAD_Pages/TaxTypeFilingYear_Page/select_FilingYear' 

2023-09-12 09:57:40 - [MESSAGE][PASSED] - All options with label '2023' are selected in object 'Object Repository/RAD_Pages/TaxTypeFilingYear_Page/select_FilingYear' 

2023-09-12 09:57:40 - [TEST_STEP][PASSED] - selectOptionByLabel(findTestObject(orPath_TaxTypeFilingYear + "/select_PeriodEnding"), PeriodEndingMonth, false): All options with label 'May' are selected in object 'Object Repository/RAD_Pages/TaxTypeFilingYear_Page/select_PeriodEnding' 

2023-09-12 09:57:40 - [MESSAGE][PASSED] - All options with label 'May' are selected in object 'Object Repository/RAD_Pages/TaxTypeFilingYear_Page/select_PeriodEnding' 

2023-09-12 09:57:40 - [TEST_STEP][PASSED] - rad.getSetDataRAD.setDataRADBusinessName(): rad.getSetDataRAD.setDataRADBusinessName is PASSED

2023-09-12 09:57:41 - [MESSAGE][PASSED] - Text 'My Company' is set on object 'Object Repository/RAD_Pages/Taxpayer_Page/input_businessName'

2023-09-12 09:57:41 - [MESSAGE][PASSED] - rad.getSetDataRAD.setDataRADBusinessName is PASSED

2023-09-12 09:57:41 - [TEST_STEP][PASSED] - rad.getSetDataRAD.setDataRADAddress(): rad.getSetDataRAD.setDataRADAddress is PASSED

2023-09-12 09:57:43 - [MESSAGE][PASSED] - All options with label 'United States' are selected in object 'Object Repository/RAD_Pages/AddressAndContactInfo_Page/select_Country' 

2023-09-12 09:57:44 - [MESSAGE][PASSED] - Text '2508 Mandan Terrace' is set on object 'Object Repository/RAD_Pages/AddressAndContactInfo_Page/input_streetAddress1'

2023-09-12 09:57:44 - [MESSAGE][PASSED] - Text '' is set on object 'Object Repository/RAD_Pages/AddressAndContactInfo_Page/input_streetAddress2'

2023-09-12 09:57:45 - [MESSAGE][PASSED] - Text 'Gambrills' is set on object 'Object Repository/RAD_Pages/AddressAndContactInfo_Page/input_city'

2023-09-12 09:57:46 - [MESSAGE][PASSED] - All options with label 'Maryland' are selected in object 'Object Repository/RAD_Pages/AddressAndContactInfo_Page/select_State' 

2023-09-12 09:57:47 - [MESSAGE][PASSED] - Text '21054' is set on object 'Object Repository/RAD_Pages/AddressAndContactInfo_Page/input_zipCode'

2023-09-12 09:57:48 - [MESSAGE][PASSED] - Text '(703) 894-5000' is set on object 'Object Repository/RAD_Pages/AddressAndContactInfo_Page/input_phoneNumber'

2023-09-12 09:57:49 - [MESSAGE][PASSED] - Text 'iahmed@govolution.com' is set on object 'Object Repository/RAD_Pages/AddressAndContactInfo_Page/input_eMailAddress'

2023-09-12 09:57:50 - [MESSAGE][PASSED] - Text 'iahmed@govolution.com' is set on object 'Object Repository/RAD_Pages/AddressAndContactInfo_Page/input_reEnterEMailAddress'

2023-09-12 09:57:50 - [MESSAGE][PASSED] - rad.getSetDataRAD.setDataRADAddress is PASSED

2023-09-12 09:57:50 - [TEST_STEP][PASSED] - rad.getSetDataRAD.setDataRADFEIN(): rad.getSetDataRAD.setDataRADFEIN is PASSED

2023-09-12 09:57:51 - [MESSAGE][PASSED] - Text ****** has been set on object 'Object Repository/RAD_Pages/TaxInfo_Page/input_FederalEIN'

2023-09-12 09:57:51 - [MESSAGE][PASSED] - Text ****** has been set on object 'Object Repository/RAD_Pages/TaxInfo_Page/input_FederalEIN_ReEnter'

2023-09-12 09:57:51 - [MESSAGE][PASSED] - rad.getSetDataRAD.setDataRADFEIN is PASSED

2023-09-12 09:57:51 - [TEST_STEP][PASSED] - setText(findTestObject(orPath_Amount + "/input__paymentAmount"), "100.00"): Text '100.00' is set on object 'Object Repository/RAD_Pages/PaymentAmount_Page/input__paymentAmount'

2023-09-12 09:57:52 - [MESSAGE][PASSED] - Text '100.00' is set on object 'Object Repository/RAD_Pages/PaymentAmount_Page/input__paymentAmount'

2023-09-12 09:57:52 - [TEST_STEP][PASSED] - setText(findTestObject(orPath_AddressContact + "/input_streetAddress2"), ""): Text '' is set on object 'Object Repository/RAD_Pages/AddressAndContactInfo_Page/input_streetAddress2'

2023-09-12 09:57:53 - [MESSAGE][PASSED] - Text '' is set on object 'Object Repository/RAD_Pages/AddressAndContactInfo_Page/input_streetAddress2'

2023-09-12 09:57:53 - [TEST_STEP][PASSED] - scrollToElement(findTestObject(orPath_Landing + "/button_Continue"), 3): Scroll to object 'Object Repository/RAD_Pages/Landing_Page/button_Continue' successfully

2023-09-12 09:57:53 - [MESSAGE][PASSED] - Scroll to object 'Object Repository/RAD_Pages/Landing_Page/button_Continue' successfully

2023-09-12 09:57:53 - [TEST_STEP][PASSED] - waitForElementClickable(findTestObject(orPath_Landing + "/button_Continue"), 5): Object 'Object Repository/RAD_Pages/Landing_Page/button_Continue' is clickable

2023-09-12 09:57:54 - [MESSAGE][PASSED] - Object 'Object Repository/RAD_Pages/Landing_Page/button_Continue' is clickable

2023-09-12 09:57:54 - [TEST_STEP][PASSED] - click(findTestObject(orPath_Landing + "/button_Continue")): Object: 'Object Repository/RAD_Pages/Landing_Page/button_Continue' is clicked on

2023-09-12 09:57:54 - [MESSAGE][PASSED] - Object: 'Object Repository/RAD_Pages/Landing_Page/button_Continue' is clicked on

2023-09-12 09:57:54 - [TEST_STEP][PASSED] - delay(2): Delayed 2 second(s)

2023-09-12 09:57:56 - [MESSAGE][PASSED] - Delayed 2 second(s)

2023-09-12 09:57:56 - [TEST_STEP][PASSED] - verifyTextPresent("Summary", true): Text 'Summary' is present on page  using regular expression

2023-09-12 09:57:57 - [MESSAGE][PASSED] - Text 'Summary' is present on page  using regular expression

2023-09-12 09:57:57 - [TEST_STEP][PASSED] - verifyTextPresent("Review the information below and make any necessary corrections by clicking the", true): Text 'Review the information below and make any necessary corrections by clicking the' is present on page  using regular expression

2023-09-12 09:57:57 - [MESSAGE][PASSED] - Text 'Review the information below and make any necessary corrections by clicking the' is present on page  using regular expression

2023-09-12 09:57:57 - [TEST_STEP][PASSED] - verifyTextPresent("When you are confident that all the information is correct, click the", true): Text 'When you are confident that all the information is correct, click the' is present on page  using regular expression

2023-09-12 09:57:57 - [MESSAGE][PASSED] - Text 'When you are confident that all the information is correct, click the' is present on page  using regular expression

2023-09-12 09:57:57 - [TEST_STEP][PASSED] - verifyTextPresent("Payment Type/Filing Year", true): Text 'Payment Type/Filing Year' is present on page  using regular expression

2023-09-12 09:57:58 - [MESSAGE][PASSED] - Text 'Payment Type/Filing Year' is present on page  using regular expression

2023-09-12 09:57:58 - [TEST_STEP][PASSED] - verifyTextPresent("Payment Type:", true): Text 'Payment Type:' is present on page  using regular expression

2023-09-12 09:57:58 - [MESSAGE][PASSED] - Text 'Payment Type:' is present on page  using regular expression

2023-09-12 09:57:58 - [TEST_STEP][PASSED] - verifyTextPresent("Quarterly Estimated Tax", true): Text 'Quarterly Estimated Tax' is present on page  using regular expression

2023-09-12 09:57:58 - [MESSAGE][PASSED] - Text 'Quarterly Estimated Tax' is present on page  using regular expression

2023-09-12 09:57:58 - [TEST_STEP][PASSED] - verifyTextPresent("Filing Year:", true): Text 'Filing Year:' is present on page  using regular expression

2023-09-12 09:57:59 - [MESSAGE][PASSED] - Text 'Filing Year:' is present on page  using regular expression

2023-09-12 09:57:59 - [TEST_STEP][PASSED] - verifyTextPresent(FilingYear, true): Text '2023' is present on page  using regular expression

2023-09-12 09:57:59 - [MESSAGE][PASSED] - Text '2023' is present on page  using regular expression

2023-09-12 09:57:59 - [TEST_STEP][PASSED] - verifyTextPresent("Period Ending:", true): Text 'Period Ending:' is present on page  using regular expression

2023-09-12 09:58:00 - [MESSAGE][PASSED] - Text 'Period Ending:' is present on page  using regular expression

2023-09-12 09:58:00 - [TEST_STEP][PASSED] - verifyTextPresent(PeriodEndingMonth, true): Text 'May' is present on page  using regular expression

2023-09-12 09:58:00 - [MESSAGE][PASSED] - Text 'May' is present on page  using regular expression

2023-09-12 09:58:00 - [TEST_STEP][PASSED] - verifyTextPresent("Payer Information", true): Text 'Payer Information' is present on page  using regular expression

2023-09-12 09:58:00 - [MESSAGE][PASSED] - Text 'Payer Information' is present on page  using regular expression

2023-09-12 09:58:00 - [TEST_STEP][PASSED] - verifyTextPresent("Taxpayer Name:", true): Text 'Taxpayer Name:' is present on page  using regular expression

2023-09-12 09:58:01 - [MESSAGE][PASSED] - Text 'Taxpayer Name:' is present on page  using regular expression

2023-09-12 09:58:01 - [TEST_STEP][PASSED] - verifyTextPresent("My Company", true): Text 'My Company' is present on page  using regular expression

2023-09-12 09:58:01 - [MESSAGE][PASSED] - Text 'My Company' is present on page  using regular expression

2023-09-12 09:58:01 - [TEST_STEP][PASSED] - verifyTextPresent("Taxpayer Address:", true): Text 'Taxpayer Address:' is present on page  using regular expression

2023-09-12 09:58:01 - [MESSAGE][PASSED] - Text 'Taxpayer Address:' is present on page  using regular expression

2023-09-12 09:58:01 - [TEST_STEP][PASSED] - verifyTextPresent("2508 Mandan Terrace Gambrills Maryland 21054", true): Text '2508 Mandan Terrace Gambrills Maryland 21054' is present on page  using regular expression

2023-09-12 09:58:02 - [MESSAGE][PASSED] - Text '2508 Mandan Terrace Gambrills Maryland 21054' is present on page  using regular expression

2023-09-12 09:58:02 - [TEST_STEP][PASSED] - verifyTextPresent("Email:", true): Text 'Email:' is present on page  using regular expression

2023-09-12 09:58:02 - [MESSAGE][PASSED] - Text 'Email:' is present on page  using regular expression

2023-09-12 09:58:02 - [TEST_STEP][PASSED] - verifyTextPresent("iahmed@govolution.com", true): Text 'iahmed@govolution.com' is present on page  using regular expression

2023-09-12 09:58:03 - [MESSAGE][PASSED] - Text 'iahmed@govolution.com' is present on page  using regular expression

2023-09-12 09:58:03 - [TEST_STEP][PASSED] - verifyTextPresent("Phone:", true): Text 'Phone:' is present on page  using regular expression

2023-09-12 09:58:03 - [MESSAGE][PASSED] - Text 'Phone:' is present on page  using regular expression

2023-09-12 09:58:03 - [TEST_STEP][PASSED] - verifyTextPresent("(703) 894-5000", false): Text '(703) 894-5000' is present on page 

2023-09-12 09:58:03 - [MESSAGE][PASSED] - Text '(703) 894-5000' is present on page 

2023-09-12 09:58:03 - [TEST_STEP][PASSED] - verifyTextPresent("Tax Information", true): Text 'Tax Information' is present on page  using regular expression

2023-09-12 09:58:04 - [MESSAGE][PASSED] - Text 'Tax Information' is present on page  using regular expression

2023-09-12 09:58:04 - [TEST_STEP][PASSED] - verifyTextPresent("Federal EIN:", true): Text 'Federal EIN:' is present on page  using regular expression

2023-09-12 09:58:04 - [MESSAGE][PASSED] - Text 'Federal EIN:' is present on page  using regular expression

2023-09-12 09:58:04 - [TEST_STEP][PASSED] - verifyTextPresent("Payment Amount:", true): Text 'Payment Amount:' is present on page  using regular expression

2023-09-12 09:58:04 - [MESSAGE][PASSED] - Text 'Payment Amount:' is present on page  using regular expression

2023-09-12 09:58:04 - [TEST_STEP][PASSED] - verifyTextPresent("100.00", true): Text '100.00' is present on page  using regular expression

2023-09-12 09:58:05 - [MESSAGE][PASSED] - Text '100.00' is present on page  using regular expression

2023-09-12 09:58:05 - [TEST_STEP][PASSED] - click(findTestObject(orPath_Summary + "/button_Proceed to Payment")): Object: 'Object Repository/RAD_Pages/Summary_Page/button_Proceed to Payment' is clicked on

2023-09-12 09:58:36 - [MESSAGE][INFO] - Unable to find the element located by 'By.xpath: //*[(text() = 'Proceed to Payment' or . = 'Proceed to Payment')]'. Please recheck the objects properties to make sure the desired element is located. 

2023-09-12 09:58:36 - [MESSAGE][WARNING] - [SELF-HEALING] Failed to find element with id 'Object Repository/RAD_Pages/Summary_Page/button_Proceed to Payment'. Try using Self-healing.

2023-09-12 09:58:36 - [MESSAGE][WARNING] - [SELF-HEALING] The current locator of test object 'Object Repository/RAD_Pages/Summary_Page/button_Proceed to Payment' was broken. Propose an alternative one: '(.//*[normalize-space(text()) and normalize-space(.)='Payment Amount:'])[1]/following::button[1]'.

2023-09-12 09:58:38 - [MESSAGE][PASSED] - Object: 'Object Repository/RAD_Pages/Summary_Page/button_Proceed to Payment' is clicked on

2023-09-12 09:58:38 - [TEST_STEP][PASSED] - verifyTextPresent("Comptroller of Maryland", true): Text 'Comptroller of Maryland' is present on page  using regular expression

2023-09-12 09:58:39 - [MESSAGE][PASSED] - Text 'Comptroller of Maryland' is present on page  using regular expression

2023-09-12 09:58:39 - [TEST_STEP][PASSED] - verifyTextPresent("Revenue Administration Division", true): Text 'Revenue Administration Division' is present on page  using regular expression

2023-09-12 09:58:39 - [MESSAGE][PASSED] - Text 'Revenue Administration Division' is present on page  using regular expression

2023-09-12 09:58:39 - [TEST_STEP][PASSED] - verifyTextPresent("Payment Information", true): Text 'Payment Information' is present on page  using regular expression

2023-09-12 09:58:40 - [MESSAGE][PASSED] - Text 'Payment Information' is present on page  using regular expression

2023-09-12 09:58:40 - [TEST_STEP][PASSED] - card_Name = getAttribute(findTestObject("Object Repository/RAD_Pages/PaymentEntry_Page/input__billingName"), "value"): Attribute 'value' of object 'Object Repository/RAD_Pages/PaymentEntry_Page/input__billingName' is: ''

2023-09-12 09:58:40 - [MESSAGE][PASSED] - Attribute 'value' of object 'Object Repository/RAD_Pages/PaymentEntry_Page/input__billingName' is: ''

2023-09-12 09:58:40 - [TEST_STEP][PASSED] - verifyMatch("", card_Name, false): Actual text '' and expected text '' are matched 

2023-09-12 09:58:40 - [MESSAGE][PASSED] - Actual text '' and expected text '' are matched 

2023-09-12 09:58:40 - [TEST_STEP][PASSED] - AL1 = getAttribute(findTestObject("Object Repository/RAD_Pages/PaymentEntry_Page/input_billingAddress"), "value"): Attribute 'value' of object 'Object Repository/RAD_Pages/PaymentEntry_Page/input_billingAddress' is: '2508 Mandan Terrace'

2023-09-12 09:58:40 - [MESSAGE][PASSED] - Attribute 'value' of object 'Object Repository/RAD_Pages/PaymentEntry_Page/input_billingAddress' is: '2508 Mandan Terrace'

2023-09-12 09:58:40 - [TEST_STEP][PASSED] - verifyMatch("2508 Mandan Terrace", AL1, false): Actual text '2508 Mandan Terrace' and expected text '2508 Mandan Terrace' are matched 

2023-09-12 09:58:40 - [MESSAGE][PASSED] - Actual text '2508 Mandan Terrace' and expected text '2508 Mandan Terrace' are matched 

2023-09-12 09:58:40 - [TEST_STEP][PASSED] - AL2 = getAttribute(findTestObject("Object Repository/RAD_Pages/PaymentEntry_Page/input_billingAddress2"), "value"): Attribute 'value' of object 'Object Repository/RAD_Pages/PaymentEntry_Page/input_billingAddress2' is: ''

2023-09-12 09:58:41 - [MESSAGE][PASSED] - Attribute 'value' of object 'Object Repository/RAD_Pages/PaymentEntry_Page/input_billingAddress2' is: ''

2023-09-12 09:58:41 - [TEST_STEP][PASSED] - verifyMatch("", AL2, false): Actual text '' and expected text '' are matched 

2023-09-12 09:58:41 - [MESSAGE][PASSED] - Actual text '' and expected text '' are matched 

2023-09-12 09:58:41 - [TEST_STEP][PASSED] - zipCode = getAttribute(findTestObject("Object Repository/RAD_Pages/PaymentEntry_Page/input_billingZip"), "value"): Attribute 'value' of object 'Object Repository/RAD_Pages/PaymentEntry_Page/input_billingZip' is: '21054'

2023-09-12 09:58:41 - [MESSAGE][PASSED] - Attribute 'value' of object 'Object Repository/RAD_Pages/PaymentEntry_Page/input_billingZip' is: '21054'

2023-09-12 09:58:41 - [TEST_STEP][PASSED] - verifyMatch("21054", zipCode, false): Actual text '21054' and expected text '21054' are matched 

2023-09-12 09:58:41 - [MESSAGE][PASSED] - Actual text '21054' and expected text '21054' are matched 

2023-09-12 09:58:41 - [TEST_STEP][PASSED] - city = getAttribute(findTestObject("Object Repository/RAD_Pages/PaymentEntry_Page/input_billingCity"), "value"): Attribute 'value' of object 'Object Repository/RAD_Pages/PaymentEntry_Page/input_billingCity' is: 'GAMBRILLS'

2023-09-12 09:58:41 - [MESSAGE][PASSED] - Attribute 'value' of object 'Object Repository/RAD_Pages/PaymentEntry_Page/input_billingCity' is: 'GAMBRILLS'

2023-09-12 09:58:41 - [TEST_STEP][PASSED] - verifyMatch("GAMBRILLS", city, false): Actual text 'GAMBRILLS' and expected text 'GAMBRILLS' are matched 

2023-09-12 09:58:41 - [MESSAGE][PASSED] - Actual text 'GAMBRILLS' and expected text 'GAMBRILLS' are matched 

2023-09-12 09:58:41 - [TEST_STEP][PASSED] - email = getAttribute(findTestObject("Object Repository/RAD_Pages/PaymentEntry_Page/input_emailAddress"), "value"): Attribute 'value' of object 'Object Repository/RAD_Pages/PaymentEntry_Page/input_emailAddress' is: 'iahmed@govolution.com'

2023-09-12 09:58:41 - [MESSAGE][PASSED] - Attribute 'value' of object 'Object Repository/RAD_Pages/PaymentEntry_Page/input_emailAddress' is: 'iahmed@govolution.com'

2023-09-12 09:58:41 - [TEST_STEP][PASSED] - verifyMatch("iahmed@govolution.com", email, false): Actual text 'iahmed@govolution.com' and expected text 'iahmed@govolution.com' are matched 

2023-09-12 09:58:41 - [MESSAGE][PASSED] - Actual text 'iahmed@govolution.com' and expected text 'iahmed@govolution.com' are matched 

2023-09-12 09:58:41 - [TEST_STEP][PASSED] - amount = getAttribute(findTestObject("Object Repository/RAD_Pages/PaymentEntry_Page/input_amount"), "value"): Attribute 'value' of object 'Object Repository/RAD_Pages/PaymentEntry_Page/input_amount' is: '100.00'

2023-09-12 09:58:42 - [MESSAGE][PASSED] - Attribute 'value' of object 'Object Repository/RAD_Pages/PaymentEntry_Page/input_amount' is: '100.00'

2023-09-12 09:58:42 - [TEST_STEP][PASSED] - verifyMatch("100.00", amount, false): Actual text '100.00' and expected text '100.00' are matched 

2023-09-12 09:58:42 - [MESSAGE][PASSED] - Actual text '100.00' and expected text '100.00' are matched 

2023-09-12 09:58:42 - [TEST_STEP][PASSED] - amountReadOnly = getAttribute(findTestObject("Object Repository/RAD_Pages/PaymentEntry_Page/input_amount"), "readonly"): Attribute 'readonly' of object 'Object Repository/RAD_Pages/PaymentEntry_Page/input_amount' is: 'true'

2023-09-12 09:58:42 - [MESSAGE][PASSED] - Attribute 'readonly' of object 'Object Repository/RAD_Pages/PaymentEntry_Page/input_amount' is: 'true'

2023-09-12 09:58:42 - [TEST_STEP][PASSED] - verifyMatch("true", amountReadOnly, false): Actual text 'true' and expected text 'true' are matched 

2023-09-12 09:58:42 - [MESSAGE][PASSED] - Actual text 'true' and expected text 'true' are matched 

2023-09-12 09:58:42 - [TEST_STEP][PASSED] - verifyOptionSelectedByLabel(findTestObject("Object Repository/RAD_Pages/PaymentEntry_Page/select_Country"), "United States", false, 20): All options with label 'United States' are selected in object 'Object Repository/RAD_Pages/PaymentEntry_Page/select_Country' 

2023-09-12 09:58:43 - [MESSAGE][PASSED] - All options with label 'United States' are selected in object 'Object Repository/RAD_Pages/PaymentEntry_Page/select_Country' 

2023-09-12 09:58:43 - [TEST_STEP][PASSED] - verifyOptionSelectedByLabel(findTestObject("Object Repository/RAD_Pages/PaymentEntry_Page/select_State"), "Maryland", false, 20): All options with label 'Maryland' are selected in object 'Object Repository/RAD_Pages/PaymentEntry_Page/select_State' 

2023-09-12 09:58:46 - [MESSAGE][PASSED] - All options with label 'Maryland' are selected in object 'Object Repository/RAD_Pages/PaymentEntry_Page/select_State' 

2023-09-12 09:58:46 - [TEST_STEP][PASSED] - setText(findTestObject("Object Repository/RAD_Pages/PaymentEntry_Page/input__billingName"), "Anthony Gonzalez"): Text 'Anthony Gonzalez' is set on object 'Object Repository/RAD_Pages/PaymentEntry_Page/input__billingName'

2023-09-12 09:58:47 - [MESSAGE][PASSED] - Text 'Anthony Gonzalez' is set on object 'Object Repository/RAD_Pages/PaymentEntry_Page/input__billingName'

2023-09-12 09:58:47 - [TEST_STEP][PASSED] - setText(findTestObject(orPath_PaymentEntry + "/input__cardNumber"), "4111111111111111"): Text '4111111111111111' is set on object 'Object Repository/RAD_Pages/PaymentEntry_Page/input__cardNumber'

2023-09-12 09:58:48 - [MESSAGE][PASSED] - Text '4111111111111111' is set on object 'Object Repository/RAD_Pages/PaymentEntry_Page/input__cardNumber'

2023-09-12 09:58:48 - [TEST_STEP][PASSED] - setText(findTestObject(orPath_PaymentEntry + "/input__spc"), "123"): Text '123' is set on object 'Object Repository/RAD_Pages/PaymentEntry_Page/input__spc'

2023-09-12 09:58:48 - [MESSAGE][PASSED] - Text '123' is set on object 'Object Repository/RAD_Pages/PaymentEntry_Page/input__spc'

2023-09-12 09:58:48 - [TEST_STEP][PASSED] - selectOptionByLabel(findTestObject(orPath_PaymentEntry + "/select_MM"), "12", false): All options with label '12' are selected in object 'Object Repository/RAD_Pages/PaymentEntry_Page/select_MM' 

2023-09-12 09:58:49 - [MESSAGE][PASSED] - All options with label '12' are selected in object 'Object Repository/RAD_Pages/PaymentEntry_Page/select_MM' 

2023-09-12 09:58:49 - [TEST_STEP][PASSED] - selectOptionByLabel(findTestObject(orPath_PaymentEntry + "/select_YYYY"), "2028", false): All options with label '2028' are selected in object 'Object Repository/RAD_Pages/PaymentEntry_Page/select_YYYY' 

2023-09-12 09:58:50 - [MESSAGE][PASSED] - All options with label '2028' are selected in object 'Object Repository/RAD_Pages/PaymentEntry_Page/select_YYYY' 

2023-09-12 09:58:50 - [TEST_STEP][PASSED] - click(findTestObject(orPath_PaymentEntry + "/input_Field_ccSubmit")): Object: 'Object Repository/RAD_Pages/PaymentEntry_Page/input_Field_ccSubmit' is clicked on

2023-09-12 09:58:53 - [MESSAGE][PASSED] - Object: 'Object Repository/RAD_Pages/PaymentEntry_Page/input_Field_ccSubmit' is clicked on

2023-09-12 09:58:53 - [TEST_STEP][PASSED] - click(findTestObject(orPath_PaymentConfirmation + "/input_N_confirmNotifyAction")): Object: 'Object Repository/RAD_Pages/PaymentConfirmation_Page/input_N_confirmNotifyAction' is clicked on

2023-09-12 09:58:53 - [MESSAGE][PASSED] - Object: 'Object Repository/RAD_Pages/PaymentConfirmation_Page/input_N_confirmNotifyAction' is clicked on

2023-09-12 09:58:53 - [TEST_STEP][PASSED] - verifyTextPresent("Service Fee Acceptance", true): Text 'Service Fee Acceptance' is present on page  using regular expression

2023-09-12 09:58:54 - [MESSAGE][PASSED] - Text 'Service Fee Acceptance' is present on page  using regular expression

2023-09-12 09:58:54 - [TEST_STEP][PASSED] - verifyTextPresent("This transaction is subject to a Service Fee of ", true): Text 'This transaction is subject to a Service Fee of ' is present on page  using regular expression

2023-09-12 09:58:54 - [MESSAGE][PASSED] - Text 'This transaction is subject to a Service Fee of ' is present on page  using regular expression

2023-09-12 09:58:54 - [TEST_STEP][PASSED] - verifyTextPresent("Payment Amount:", true): Text 'Payment Amount:' is present on page  using regular expression

2023-09-12 09:58:55 - [MESSAGE][PASSED] - Text 'Payment Amount:' is present on page  using regular expression

2023-09-12 09:58:55 - [TEST_STEP][PASSED] - verifyTextPresent("100.00", true): Text '100.00' is present on page  using regular expression

2023-09-12 09:58:55 - [MESSAGE][PASSED] - Text '100.00' is present on page  using regular expression

2023-09-12 09:58:55 - [TEST_STEP][PASSED] - verifyTextPresent("Service Fee:", true): Text 'Service Fee:' is present on page  using regular expression

2023-09-12 09:58:55 - [MESSAGE][PASSED] - Text 'Service Fee:' is present on page  using regular expression

2023-09-12 09:58:55 - [TEST_STEP][PASSED] - verifyTextPresent("2.45", true): Text '2.45' is present on page  using regular expression

2023-09-12 09:58:56 - [MESSAGE][PASSED] - Text '2.45' is present on page  using regular expression

2023-09-12 09:58:56 - [TEST_STEP][PASSED] - verifyTextPresent("Total Amount:", true): Text 'Total Amount:' is present on page  using regular expression

2023-09-12 09:58:56 - [MESSAGE][PASSED] - Text 'Total Amount:' is present on page  using regular expression

2023-09-12 09:58:56 - [TEST_STEP][PASSED] - verifyTextPresent("102.45", true): Text '102.45' is present on page  using regular expression

2023-09-12 09:58:56 - [MESSAGE][PASSED] - Text '102.45' is present on page  using regular expression

2023-09-12 09:58:56 - [TEST_STEP][PASSED] - verifyTextPresent("Two transactions will appear on your bank statement, one in the amount of", true): Text 'Two transactions will appear on your bank statement, one in the amount of' is present on page  using regular expression

2023-09-12 09:58:57 - [MESSAGE][PASSED] - Text 'Two transactions will appear on your bank statement, one in the amount of' is present on page  using regular expression

2023-09-12 09:58:57 - [TEST_STEP][PASSED] - verifyElementPresent(findTestObject(orPath_ServiceFeesAccept + "/input_convFeeNotifyAction"), 30): Object 'Object Repository/RAD_Pages/ServiceFeeAccept_Page/input_convFeeNotifyAction' is present

2023-09-12 09:58:57 - [MESSAGE][PASSED] - Object 'Object Repository/RAD_Pages/ServiceFeeAccept_Page/input_convFeeNotifyAction' is present

2023-09-12 09:58:57 - [TEST_STEP][PASSED] - ExecuteTC = findTestData(dataFile).getValue("Execute", row): null

2023-09-12 09:58:57 - [TEST_STEP][PASSED] - TaxType = findTestData(dataFile).getValue("TaxType", row): null

2023-09-12 09:58:57 - [TEST_STEP][PASSED] - PaymentType = findTestData(dataFile).getValue("PaymentType", row): null

2023-09-12 09:58:57 - [TEST_STEP][PASSED] - FilingYear = findTestData(dataFile).getValue("Year", row): null

2023-09-12 09:58:57 - [TEST_STEP][PASSED] - PeriodEndingMonth = findTestData(dataFile).getValue("Month", row): null

2023-09-12 09:58:57 - [TEST_STEP][PASSED] - if (ExecuteTC.equalsIgnoreCase("Y")): Object 'Object Repository/RAD_Pages/ServiceFeeAccept_Page/input_convFeeNotifyAction' is present

2023-09-12 09:58:57 - [TEST_STEP][PASSED] - out.println("Begin Record Number: " + row): null

2023-09-12 09:58:57 - [TEST_STEP][PASSED] - today = new java.util.Date(): null

2023-09-12 09:58:57 - [TEST_STEP][PASSED] - println(today): null

2023-09-12 09:58:57 - [TEST_STEP][PASSED] - datText = today: null

2023-09-12 09:58:57 - [TEST_STEP][PASSED] - logInfo("Payment Type: Quarterly Estimated Tax"): Payment Type: Quarterly Estimated Tax

2023-09-12 09:58:57 - [MESSAGE][INFO] - Payment Type: Quarterly Estimated Tax

2023-09-12 09:58:57 - [TEST_STEP][PASSED] - logInfo("Tax Type: " + TaxType): Tax Type: PTE Non-Electing Non-S Corp

2023-09-12 09:58:57 - [MESSAGE][INFO] - Tax Type: PTE Non-Electing Non-S Corp

2023-09-12 09:58:57 - [TEST_STEP][PASSED] - openBrowser(""): Browser is opened with url: ''

2023-09-12 09:58:57 - [MESSAGE][WARNING] - A browser is already opened. Closing browser and opening a new one

2023-09-12 09:58:58 - [MESSAGE][INFO] - Starting 'Chrome' driver

2023-09-12 09:58:58 - [MESSAGE][INFO] - User set preference: ['acceptInsecureCerts', 'true']

2023-09-12 09:58:58 - [MESSAGE][INFO] - Action delay is set to 0 milliseconds

2023-09-12 09:59:00 - [MESSAGE][PASSED] - Browser is opened with url: ''

2023-09-12 09:59:00 - [TEST_STEP][PASSED] - maximizeWindow(): Current window maximized

2023-09-12 09:59:00 - [MESSAGE][PASSED] - Current window maximized

2023-09-12 09:59:00 - [TEST_STEP][PASSED] - navigateToUrl(RADurl): Navigate to 'https://demo.velocitypayment.com/client/rad/index.html' successfully

2023-09-12 09:59:01 - [MESSAGE][PASSED] - Navigate to 'https://demo.velocitypayment.com/client/rad/index.html' successfully

2023-09-12 09:59:01 - [TEST_STEP][PASSED] - selectOptionByLabel(findTestObject(orPath_Landing + "/dd_TaxType"), "Quarterly Estimated Tax", false): All options with label 'Quarterly Estimated Tax' are selected in object 'Object Repository/RAD_Pages/Landing_Page/dd_TaxType' 

2023-09-12 09:59:02 - [MESSAGE][PASSED] - All options with label 'Quarterly Estimated Tax' are selected in object 'Object Repository/RAD_Pages/Landing_Page/dd_TaxType' 

2023-09-12 09:59:02 - [TEST_STEP][PASSED] - selectOptionByLabel(findTestObject(orPath_TaxTypeFilingYear + "/select_PaymentType"), TaxType, false): All options with label 'PTE Non-Electing Non-S Corp' are selected in object 'Object Repository/RAD_Pages/TaxTypeFilingYear_Page/select_PaymentType' 

2023-09-12 09:59:03 - [MESSAGE][PASSED] - All options with label 'PTE Non-Electing Non-S Corp' are selected in object 'Object Repository/RAD_Pages/TaxTypeFilingYear_Page/select_PaymentType' 

2023-09-12 09:59:03 - [TEST_STEP][PASSED] - selectOptionByLabel(findTestObject(orPath_TaxTypeFilingYear + "/select_FilingYear"), FilingYear, false): All options with label '2023' are selected in object 'Object Repository/RAD_Pages/TaxTypeFilingYear_Page/select_FilingYear' 

2023-09-12 09:59:04 - [MESSAGE][PASSED] - All options with label '2023' are selected in object 'Object Repository/RAD_Pages/TaxTypeFilingYear_Page/select_FilingYear' 

2023-09-12 09:59:04 - [TEST_STEP][PASSED] - selectOptionByLabel(findTestObject(orPath_TaxTypeFilingYear + "/select_PeriodEnding"), PeriodEndingMonth, false): All options with label 'August' are selected in object 'Object Repository/RAD_Pages/TaxTypeFilingYear_Page/select_PeriodEnding' 

2023-09-12 09:59:04 - [MESSAGE][PASSED] - All options with label 'August' are selected in object 'Object Repository/RAD_Pages/TaxTypeFilingYear_Page/select_PeriodEnding' 

2023-09-12 09:59:04 - [TEST_STEP][PASSED] - rad.getSetDataRAD.setDataRADBusinessName(): rad.getSetDataRAD.setDataRADBusinessName is PASSED

2023-09-12 09:59:05 - [MESSAGE][PASSED] - Text 'My Company' is set on object 'Object Repository/RAD_Pages/Taxpayer_Page/input_businessName'

2023-09-12 09:59:05 - [MESSAGE][PASSED] - rad.getSetDataRAD.setDataRADBusinessName is PASSED

2023-09-12 09:59:05 - [TEST_STEP][PASSED] - rad.getSetDataRAD.setDataRADAddress(): rad.getSetDataRAD.setDataRADAddress is PASSED

2023-09-12 09:59:07 - [MESSAGE][PASSED] - All options with label 'United States' are selected in object 'Object Repository/RAD_Pages/AddressAndContactInfo_Page/select_Country' 

2023-09-12 09:59:08 - [MESSAGE][PASSED] - Text '2508 Mandan Terrace' is set on object 'Object Repository/RAD_Pages/AddressAndContactInfo_Page/input_streetAddress1'

2023-09-12 09:59:08 - [MESSAGE][PASSED] - Text '' is set on object 'Object Repository/RAD_Pages/AddressAndContactInfo_Page/input_streetAddress2'

2023-09-12 09:59:09 - [MESSAGE][PASSED] - Text 'Gambrills' is set on object 'Object Repository/RAD_Pages/AddressAndContactInfo_Page/input_city'

2023-09-12 09:59:10 - [MESSAGE][PASSED] - All options with label 'Maryland' are selected in object 'Object Repository/RAD_Pages/AddressAndContactInfo_Page/select_State' 

2023-09-12 09:59:11 - [MESSAGE][PASSED] - Text '21054' is set on object 'Object Repository/RAD_Pages/AddressAndContactInfo_Page/input_zipCode'

2023-09-12 09:59:12 - [MESSAGE][PASSED] - Text '(703) 894-5000' is set on object 'Object Repository/RAD_Pages/AddressAndContactInfo_Page/input_phoneNumber'

2023-09-12 09:59:13 - [MESSAGE][PASSED] - Text 'iahmed@govolution.com' is set on object 'Object Repository/RAD_Pages/AddressAndContactInfo_Page/input_eMailAddress'

2023-09-12 09:59:14 - [MESSAGE][PASSED] - Text 'iahmed@govolution.com' is set on object 'Object Repository/RAD_Pages/AddressAndContactInfo_Page/input_reEnterEMailAddress'

2023-09-12 09:59:14 - [MESSAGE][PASSED] - rad.getSetDataRAD.setDataRADAddress is PASSED

2023-09-12 09:59:14 - [TEST_STEP][PASSED] - rad.getSetDataRAD.setDataRADFEIN(): rad.getSetDataRAD.setDataRADFEIN is PASSED

2023-09-12 09:59:15 - [MESSAGE][PASSED] - Text ****** has been set on object 'Object Repository/RAD_Pages/TaxInfo_Page/input_FederalEIN'

2023-09-12 09:59:15 - [MESSAGE][PASSED] - Text ****** has been set on object 'Object Repository/RAD_Pages/TaxInfo_Page/input_FederalEIN_ReEnter'

2023-09-12 09:59:15 - [MESSAGE][PASSED] - rad.getSetDataRAD.setDataRADFEIN is PASSED

2023-09-12 09:59:15 - [TEST_STEP][PASSED] - setText(findTestObject(orPath_Amount + "/input__paymentAmount"), "100.00"): Text '100.00' is set on object 'Object Repository/RAD_Pages/PaymentAmount_Page/input__paymentAmount'

2023-09-12 09:59:16 - [MESSAGE][PASSED] - Text '100.00' is set on object 'Object Repository/RAD_Pages/PaymentAmount_Page/input__paymentAmount'

2023-09-12 09:59:16 - [TEST_STEP][PASSED] - setText(findTestObject(orPath_AddressContact + "/input_streetAddress2"), ""): Text '' is set on object 'Object Repository/RAD_Pages/AddressAndContactInfo_Page/input_streetAddress2'

2023-09-12 09:59:17 - [MESSAGE][PASSED] - Text '' is set on object 'Object Repository/RAD_Pages/AddressAndContactInfo_Page/input_streetAddress2'

2023-09-12 09:59:17 - [TEST_STEP][PASSED] - scrollToElement(findTestObject(orPath_Landing + "/button_Continue"), 3): Scroll to object 'Object Repository/RAD_Pages/Landing_Page/button_Continue' successfully

2023-09-12 09:59:18 - [MESSAGE][PASSED] - Scroll to object 'Object Repository/RAD_Pages/Landing_Page/button_Continue' successfully

2023-09-12 09:59:18 - [TEST_STEP][PASSED] - waitForElementClickable(findTestObject(orPath_Landing + "/button_Continue"), 5): Object 'Object Repository/RAD_Pages/Landing_Page/button_Continue' is clickable

2023-09-12 09:59:18 - [MESSAGE][PASSED] - Object 'Object Repository/RAD_Pages/Landing_Page/button_Continue' is clickable

2023-09-12 09:59:18 - [TEST_STEP][PASSED] - click(findTestObject(orPath_Landing + "/button_Continue")): Object: 'Object Repository/RAD_Pages/Landing_Page/button_Continue' is clicked on

2023-09-12 09:59:18 - [MESSAGE][PASSED] - Object: 'Object Repository/RAD_Pages/Landing_Page/button_Continue' is clicked on

2023-09-12 09:59:18 - [TEST_STEP][PASSED] - delay(2): Delayed 2 second(s)

2023-09-12 09:59:20 - [MESSAGE][PASSED] - Delayed 2 second(s)

2023-09-12 09:59:20 - [TEST_STEP][PASSED] - verifyTextPresent("Summary", true): Text 'Summary' is present on page  using regular expression

2023-09-12 09:59:21 - [MESSAGE][PASSED] - Text 'Summary' is present on page  using regular expression

2023-09-12 09:59:21 - [TEST_STEP][PASSED] - verifyTextPresent("Review the information below and make any necessary corrections by clicking the", true): Text 'Review the information below and make any necessary corrections by clicking the' is present on page  using regular expression

2023-09-12 09:59:21 - [MESSAGE][PASSED] - Text 'Review the information below and make any necessary corrections by clicking the' is present on page  using regular expression

2023-09-12 09:59:21 - [TEST_STEP][PASSED] - verifyTextPresent("When you are confident that all the information is correct, click the", true): Text 'When you are confident that all the information is correct, click the' is present on page  using regular expression

2023-09-12 09:59:22 - [MESSAGE][PASSED] - Text 'When you are confident that all the information is correct, click the' is present on page  using regular expression

2023-09-12 09:59:22 - [TEST_STEP][PASSED] - verifyTextPresent("Payment Type/Filing Year", true): Text 'Payment Type/Filing Year' is present on page  using regular expression

2023-09-12 09:59:22 - [MESSAGE][PASSED] - Text 'Payment Type/Filing Year' is present on page  using regular expression

2023-09-12 09:59:22 - [TEST_STEP][PASSED] - verifyTextPresent("Payment Type:", true): Text 'Payment Type:' is present on page  using regular expression

2023-09-12 09:59:22 - [MESSAGE][PASSED] - Text 'Payment Type:' is present on page  using regular expression

2023-09-12 09:59:22 - [TEST_STEP][PASSED] - verifyTextPresent("Quarterly Estimated Tax", true): Text 'Quarterly Estimated Tax' is present on page  using regular expression

2023-09-12 09:59:23 - [MESSAGE][PASSED] - Text 'Quarterly Estimated Tax' is present on page  using regular expression

2023-09-12 09:59:23 - [TEST_STEP][PASSED] - verifyTextPresent("Filing Year:", true): Text 'Filing Year:' is present on page  using regular expression

2023-09-12 09:59:23 - [MESSAGE][PASSED] - Text 'Filing Year:' is present on page  using regular expression

2023-09-12 09:59:23 - [TEST_STEP][PASSED] - verifyTextPresent(FilingYear, true): Text '2023' is present on page  using regular expression

2023-09-12 09:59:23 - [MESSAGE][PASSED] - Text '2023' is present on page  using regular expression

2023-09-12 09:59:23 - [TEST_STEP][PASSED] - verifyTextPresent("Period Ending:", true): Text 'Period Ending:' is present on page  using regular expression

2023-09-12 09:59:24 - [MESSAGE][PASSED] - Text 'Period Ending:' is present on page  using regular expression

2023-09-12 09:59:24 - [TEST_STEP][PASSED] - verifyTextPresent(PeriodEndingMonth, true): Text 'August' is present on page  using regular expression

2023-09-12 09:59:24 - [MESSAGE][PASSED] - Text 'August' is present on page  using regular expression

2023-09-12 09:59:24 - [TEST_STEP][PASSED] - verifyTextPresent("Payer Information", true): Text 'Payer Information' is present on page  using regular expression

2023-09-12 09:59:25 - [MESSAGE][PASSED] - Text 'Payer Information' is present on page  using regular expression

2023-09-12 09:59:25 - [TEST_STEP][PASSED] - verifyTextPresent("Taxpayer Name:", true): Text 'Taxpayer Name:' is present on page  using regular expression

2023-09-12 09:59:25 - [MESSAGE][PASSED] - Text 'Taxpayer Name:' is present on page  using regular expression

2023-09-12 09:59:25 - [TEST_STEP][PASSED] - verifyTextPresent("My Company", true): Text 'My Company' is present on page  using regular expression

2023-09-12 09:59:25 - [MESSAGE][PASSED] - Text 'My Company' is present on page  using regular expression

2023-09-12 09:59:25 - [TEST_STEP][PASSED] - verifyTextPresent("Taxpayer Address:", true): Text 'Taxpayer Address:' is present on page  using regular expression

2023-09-12 09:59:26 - [MESSAGE][PASSED] - Text 'Taxpayer Address:' is present on page  using regular expression

2023-09-12 09:59:26 - [TEST_STEP][PASSED] - verifyTextPresent("2508 Mandan Terrace Gambrills Maryland 21054", true): Text '2508 Mandan Terrace Gambrills Maryland 21054' is present on page  using regular expression

2023-09-12 09:59:26 - [MESSAGE][PASSED] - Text '2508 Mandan Terrace Gambrills Maryland 21054' is present on page  using regular expression

2023-09-12 09:59:26 - [TEST_STEP][PASSED] - verifyTextPresent("Email:", true): Text 'Email:' is present on page  using regular expression

2023-09-12 09:59:26 - [MESSAGE][PASSED] - Text 'Email:' is present on page  using regular expression

2023-09-12 09:59:26 - [TEST_STEP][PASSED] - verifyTextPresent("iahmed@govolution.com", true): Text 'iahmed@govolution.com' is present on page  using regular expression

2023-09-12 09:59:27 - [MESSAGE][PASSED] - Text 'iahmed@govolution.com' is present on page  using regular expression

2023-09-12 09:59:27 - [TEST_STEP][PASSED] - verifyTextPresent("Phone:", true): Text 'Phone:' is present on page  using regular expression

2023-09-12 09:59:27 - [MESSAGE][PASSED] - Text 'Phone:' is present on page  using regular expression

2023-09-12 09:59:27 - [TEST_STEP][PASSED] - verifyTextPresent("(703) 894-5000", false): Text '(703) 894-5000' is present on page 

2023-09-12 09:59:27 - [MESSAGE][PASSED] - Text '(703) 894-5000' is present on page 

2023-09-12 09:59:27 - [TEST_STEP][PASSED] - verifyTextPresent("Tax Information", true): Text 'Tax Information' is present on page  using regular expression

2023-09-12 09:59:28 - [MESSAGE][PASSED] - Text 'Tax Information' is present on page  using regular expression

2023-09-12 09:59:28 - [TEST_STEP][PASSED] - verifyTextPresent("Federal EIN:", true): Text 'Federal EIN:' is present on page  using regular expression

2023-09-12 09:59:28 - [MESSAGE][PASSED] - Text 'Federal EIN:' is present on page  using regular expression

2023-09-12 09:59:28 - [TEST_STEP][PASSED] - verifyTextPresent("Payment Amount:", true): Text 'Payment Amount:' is present on page  using regular expression

2023-09-12 09:59:28 - [MESSAGE][PASSED] - Text 'Payment Amount:' is present on page  using regular expression

2023-09-12 09:59:28 - [TEST_STEP][PASSED] - verifyTextPresent("100.00", true): Text '100.00' is present on page  using regular expression

2023-09-12 09:59:29 - [MESSAGE][PASSED] - Text '100.00' is present on page  using regular expression

2023-09-12 09:59:29 - [TEST_STEP][PASSED] - click(findTestObject(orPath_Summary + "/button_Proceed to Payment")): Object: 'Object Repository/RAD_Pages/Summary_Page/button_Proceed to Payment' is clicked on

2023-09-12 10:00:00 - [MESSAGE][INFO] - Unable to find the element located by 'By.xpath: //*[(text() = 'Proceed to Payment' or . = 'Proceed to Payment')]'. Please recheck the objects properties to make sure the desired element is located. 

2023-09-12 10:00:00 - [MESSAGE][WARNING] - [SELF-HEALING] Failed to find element with id 'Object Repository/RAD_Pages/Summary_Page/button_Proceed to Payment'. Try using Self-healing.

2023-09-12 10:00:00 - [MESSAGE][WARNING] - [SELF-HEALING] The current locator of test object 'Object Repository/RAD_Pages/Summary_Page/button_Proceed to Payment' was broken. Propose an alternative one: '(.//*[normalize-space(text()) and normalize-space(.)='Payment Amount:'])[1]/following::button[1]'.

2023-09-12 10:00:01 - [MESSAGE][PASSED] - Object: 'Object Repository/RAD_Pages/Summary_Page/button_Proceed to Payment' is clicked on

2023-09-12 10:00:01 - [TEST_STEP][PASSED] - verifyTextPresent("Comptroller of Maryland", true): Text 'Comptroller of Maryland' is present on page  using regular expression

2023-09-12 10:00:02 - [MESSAGE][PASSED] - Text 'Comptroller of Maryland' is present on page  using regular expression

2023-09-12 10:00:02 - [TEST_STEP][PASSED] - verifyTextPresent("Revenue Administration Division", true): Text 'Revenue Administration Division' is present on page  using regular expression

2023-09-12 10:00:02 - [MESSAGE][PASSED] - Text 'Revenue Administration Division' is present on page  using regular expression

2023-09-12 10:00:02 - [TEST_STEP][PASSED] - verifyTextPresent("Payment Information", true): Text 'Payment Information' is present on page  using regular expression

2023-09-12 10:00:02 - [MESSAGE][PASSED] - Text 'Payment Information' is present on page  using regular expression

2023-09-12 10:00:02 - [TEST_STEP][PASSED] - card_Name = getAttribute(findTestObject("Object Repository/RAD_Pages/PaymentEntry_Page/input__billingName"), "value"): Attribute 'value' of object 'Object Repository/RAD_Pages/PaymentEntry_Page/input__billingName' is: ''

2023-09-12 10:00:03 - [MESSAGE][PASSED] - Attribute 'value' of object 'Object Repository/RAD_Pages/PaymentEntry_Page/input__billingName' is: ''

2023-09-12 10:00:03 - [TEST_STEP][PASSED] - verifyMatch("", card_Name, false): Actual text '' and expected text '' are matched 

2023-09-12 10:00:03 - [MESSAGE][PASSED] - Actual text '' and expected text '' are matched 

2023-09-12 10:00:03 - [TEST_STEP][PASSED] - AL1 = getAttribute(findTestObject("Object Repository/RAD_Pages/PaymentEntry_Page/input_billingAddress"), "value"): Attribute 'value' of object 'Object Repository/RAD_Pages/PaymentEntry_Page/input_billingAddress' is: '2508 Mandan Terrace'

2023-09-12 10:00:03 - [MESSAGE][PASSED] - Attribute 'value' of object 'Object Repository/RAD_Pages/PaymentEntry_Page/input_billingAddress' is: '2508 Mandan Terrace'

2023-09-12 10:00:03 - [TEST_STEP][PASSED] - verifyMatch("2508 Mandan Terrace", AL1, false): Actual text '2508 Mandan Terrace' and expected text '2508 Mandan Terrace' are matched 

2023-09-12 10:00:03 - [MESSAGE][PASSED] - Actual text '2508 Mandan Terrace' and expected text '2508 Mandan Terrace' are matched 

2023-09-12 10:00:03 - [TEST_STEP][PASSED] - AL2 = getAttribute(findTestObject("Object Repository/RAD_Pages/PaymentEntry_Page/input_billingAddress2"), "value"): Attribute 'value' of object 'Object Repository/RAD_Pages/PaymentEntry_Page/input_billingAddress2' is: ''

2023-09-12 10:00:03 - [MESSAGE][PASSED] - Attribute 'value' of object 'Object Repository/RAD_Pages/PaymentEntry_Page/input_billingAddress2' is: ''

2023-09-12 10:00:03 - [TEST_STEP][PASSED] - verifyMatch("", AL2, false): Actual text '' and expected text '' are matched 

2023-09-12 10:00:03 - [MESSAGE][PASSED] - Actual text '' and expected text '' are matched 

2023-09-12 10:00:03 - [TEST_STEP][PASSED] - zipCode = getAttribute(findTestObject("Object Repository/RAD_Pages/PaymentEntry_Page/input_billingZip"), "value"): Attribute 'value' of object 'Object Repository/RAD_Pages/PaymentEntry_Page/input_billingZip' is: '21054'

2023-09-12 10:00:04 - [MESSAGE][PASSED] - Attribute 'value' of object 'Object Repository/RAD_Pages/PaymentEntry_Page/input_billingZip' is: '21054'

2023-09-12 10:00:04 - [TEST_STEP][PASSED] - verifyMatch("21054", zipCode, false): Actual text '21054' and expected text '21054' are matched 

2023-09-12 10:00:04 - [MESSAGE][PASSED] - Actual text '21054' and expected text '21054' are matched 

2023-09-12 10:00:04 - [TEST_STEP][PASSED] - city = getAttribute(findTestObject("Object Repository/RAD_Pages/PaymentEntry_Page/input_billingCity"), "value"): Attribute 'value' of object 'Object Repository/RAD_Pages/PaymentEntry_Page/input_billingCity' is: 'GAMBRILLS'

2023-09-12 10:00:04 - [MESSAGE][PASSED] - Attribute 'value' of object 'Object Repository/RAD_Pages/PaymentEntry_Page/input_billingCity' is: 'GAMBRILLS'

2023-09-12 10:00:04 - [TEST_STEP][PASSED] - verifyMatch("GAMBRILLS", city, false): Actual text 'GAMBRILLS' and expected text 'GAMBRILLS' are matched 

2023-09-12 10:00:04 - [MESSAGE][PASSED] - Actual text 'GAMBRILLS' and expected text 'GAMBRILLS' are matched 

2023-09-12 10:00:04 - [TEST_STEP][PASSED] - email = getAttribute(findTestObject("Object Repository/RAD_Pages/PaymentEntry_Page/input_emailAddress"), "value"): Attribute 'value' of object 'Object Repository/RAD_Pages/PaymentEntry_Page/input_emailAddress' is: 'iahmed@govolution.com'

2023-09-12 10:00:05 - [MESSAGE][PASSED] - Attribute 'value' of object 'Object Repository/RAD_Pages/PaymentEntry_Page/input_emailAddress' is: 'iahmed@govolution.com'

2023-09-12 10:00:05 - [TEST_STEP][PASSED] - verifyMatch("iahmed@govolution.com", email, false): Actual text 'iahmed@govolution.com' and expected text 'iahmed@govolution.com' are matched 

2023-09-12 10:00:05 - [MESSAGE][PASSED] - Actual text 'iahmed@govolution.com' and expected text 'iahmed@govolution.com' are matched 

2023-09-12 10:00:05 - [TEST_STEP][PASSED] - amount = getAttribute(findTestObject("Object Repository/RAD_Pages/PaymentEntry_Page/input_amount"), "value"): Attribute 'value' of object 'Object Repository/RAD_Pages/PaymentEntry_Page/input_amount' is: '100.00'

2023-09-12 10:00:05 - [MESSAGE][PASSED] - Attribute 'value' of object 'Object Repository/RAD_Pages/PaymentEntry_Page/input_amount' is: '100.00'

2023-09-12 10:00:05 - [TEST_STEP][PASSED] - verifyMatch("100.00", amount, false): Actual text '100.00' and expected text '100.00' are matched 

2023-09-12 10:00:05 - [MESSAGE][PASSED] - Actual text '100.00' and expected text '100.00' are matched 

2023-09-12 10:00:05 - [TEST_STEP][PASSED] - amountReadOnly = getAttribute(findTestObject("Object Repository/RAD_Pages/PaymentEntry_Page/input_amount"), "readonly"): Attribute 'readonly' of object 'Object Repository/RAD_Pages/PaymentEntry_Page/input_amount' is: 'true'

2023-09-12 10:00:05 - [MESSAGE][PASSED] - Attribute 'readonly' of object 'Object Repository/RAD_Pages/PaymentEntry_Page/input_amount' is: 'true'

2023-09-12 10:00:05 - [TEST_STEP][PASSED] - verifyMatch("true", amountReadOnly, false): Actual text 'true' and expected text 'true' are matched 

2023-09-12 10:00:05 - [MESSAGE][PASSED] - Actual text 'true' and expected text 'true' are matched 

2023-09-12 10:00:05 - [TEST_STEP][PASSED] - verifyOptionSelectedByLabel(findTestObject("Object Repository/RAD_Pages/PaymentEntry_Page/select_Country"), "United States", false, 20): All options with label 'United States' are selected in object 'Object Repository/RAD_Pages/PaymentEntry_Page/select_Country' 

2023-09-12 10:00:06 - [MESSAGE][PASSED] - All options with label 'United States' are selected in object 'Object Repository/RAD_Pages/PaymentEntry_Page/select_Country' 

2023-09-12 10:00:06 - [TEST_STEP][PASSED] - verifyOptionSelectedByLabel(findTestObject("Object Repository/RAD_Pages/PaymentEntry_Page/select_State"), "Maryland", false, 20): All options with label 'Maryland' are selected in object 'Object Repository/RAD_Pages/PaymentEntry_Page/select_State' 

2023-09-12 10:00:09 - [MESSAGE][PASSED] - All options with label 'Maryland' are selected in object 'Object Repository/RAD_Pages/PaymentEntry_Page/select_State' 

2023-09-12 10:00:09 - [TEST_STEP][PASSED] - setText(findTestObject("Object Repository/RAD_Pages/PaymentEntry_Page/input__billingName"), "Anthony Gonzalez"): Text 'Anthony Gonzalez' is set on object 'Object Repository/RAD_Pages/PaymentEntry_Page/input__billingName'

2023-09-12 10:00:10 - [MESSAGE][PASSED] - Text 'Anthony Gonzalez' is set on object 'Object Repository/RAD_Pages/PaymentEntry_Page/input__billingName'

2023-09-12 10:00:10 - [TEST_STEP][PASSED] - setText(findTestObject(orPath_PaymentEntry + "/input__cardNumber"), "4111111111111111"): Text '4111111111111111' is set on object 'Object Repository/RAD_Pages/PaymentEntry_Page/input__cardNumber'

2023-09-12 10:00:11 - [MESSAGE][PASSED] - Text '4111111111111111' is set on object 'Object Repository/RAD_Pages/PaymentEntry_Page/input__cardNumber'

2023-09-12 10:00:11 - [TEST_STEP][PASSED] - setText(findTestObject(orPath_PaymentEntry + "/input__spc"), "123"): Text '123' is set on object 'Object Repository/RAD_Pages/PaymentEntry_Page/input__spc'

2023-09-12 10:00:11 - [MESSAGE][PASSED] - Text '123' is set on object 'Object Repository/RAD_Pages/PaymentEntry_Page/input__spc'

2023-09-12 10:00:11 - [TEST_STEP][PASSED] - selectOptionByLabel(findTestObject(orPath_PaymentEntry + "/select_MM"), "12", false): All options with label '12' are selected in object 'Object Repository/RAD_Pages/PaymentEntry_Page/select_MM' 

2023-09-12 10:00:12 - [MESSAGE][PASSED] - All options with label '12' are selected in object 'Object Repository/RAD_Pages/PaymentEntry_Page/select_MM' 

2023-09-12 10:00:12 - [TEST_STEP][PASSED] - selectOptionByLabel(findTestObject(orPath_PaymentEntry + "/select_YYYY"), "2028", false): All options with label '2028' are selected in object 'Object Repository/RAD_Pages/PaymentEntry_Page/select_YYYY' 

2023-09-12 10:00:13 - [MESSAGE][PASSED] - All options with label '2028' are selected in object 'Object Repository/RAD_Pages/PaymentEntry_Page/select_YYYY' 

2023-09-12 10:00:13 - [TEST_STEP][PASSED] - click(findTestObject(orPath_PaymentEntry + "/input_Field_ccSubmit")): Object: 'Object Repository/RAD_Pages/PaymentEntry_Page/input_Field_ccSubmit' is clicked on

2023-09-12 10:00:14 - [MESSAGE][PASSED] - Object: 'Object Repository/RAD_Pages/PaymentEntry_Page/input_Field_ccSubmit' is clicked on

2023-09-12 10:00:14 - [TEST_STEP][PASSED] - click(findTestObject(orPath_PaymentConfirmation + "/input_N_confirmNotifyAction")): Object: 'Object Repository/RAD_Pages/PaymentConfirmation_Page/input_N_confirmNotifyAction' is clicked on

2023-09-12 10:00:15 - [MESSAGE][PASSED] - Object: 'Object Repository/RAD_Pages/PaymentConfirmation_Page/input_N_confirmNotifyAction' is clicked on

2023-09-12 10:00:15 - [TEST_STEP][PASSED] - verifyTextPresent("Service Fee Acceptance", true): Text 'Service Fee Acceptance' is present on page  using regular expression

2023-09-12 10:00:15 - [MESSAGE][PASSED] - Text 'Service Fee Acceptance' is present on page  using regular expression

2023-09-12 10:00:15 - [TEST_STEP][PASSED] - verifyTextPresent("This transaction is subject to a Service Fee of ", true): Text 'This transaction is subject to a Service Fee of ' is present on page  using regular expression

2023-09-12 10:00:16 - [MESSAGE][PASSED] - Text 'This transaction is subject to a Service Fee of ' is present on page  using regular expression

2023-09-12 10:00:16 - [TEST_STEP][PASSED] - verifyTextPresent("Payment Amount:", true): Text 'Payment Amount:' is present on page  using regular expression

2023-09-12 10:00:16 - [MESSAGE][PASSED] - Text 'Payment Amount:' is present on page  using regular expression

2023-09-12 10:00:16 - [TEST_STEP][PASSED] - verifyTextPresent("100.00", true): Text '100.00' is present on page  using regular expression

2023-09-12 10:00:16 - [MESSAGE][PASSED] - Text '100.00' is present on page  using regular expression

2023-09-12 10:00:16 - [TEST_STEP][PASSED] - verifyTextPresent("Service Fee:", true): Text 'Service Fee:' is present on page  using regular expression

2023-09-12 10:00:17 - [MESSAGE][PASSED] - Text 'Service Fee:' is present on page  using regular expression

2023-09-12 10:00:17 - [TEST_STEP][PASSED] - verifyTextPresent("2.45", true): Text '2.45' is present on page  using regular expression

2023-09-12 10:00:17 - [MESSAGE][PASSED] - Text '2.45' is present on page  using regular expression

2023-09-12 10:00:17 - [TEST_STEP][PASSED] - verifyTextPresent("Total Amount:", true): Text 'Total Amount:' is present on page  using regular expression

2023-09-12 10:00:17 - [MESSAGE][PASSED] - Text 'Total Amount:' is present on page  using regular expression

2023-09-12 10:00:17 - [TEST_STEP][PASSED] - verifyTextPresent("102.45", true): Text '102.45' is present on page  using regular expression

2023-09-12 10:00:17 - [MESSAGE][PASSED] - Text '102.45' is present on page  using regular expression

2023-09-12 10:00:17 - [TEST_STEP][PASSED] - verifyTextPresent("Two transactions will appear on your bank statement, one in the amount of", true): Text 'Two transactions will appear on your bank statement, one in the amount of' is present on page  using regular expression

2023-09-12 10:00:18 - [MESSAGE][PASSED] - Text 'Two transactions will appear on your bank statement, one in the amount of' is present on page  using regular expression

2023-09-12 10:00:18 - [TEST_STEP][PASSED] - verifyElementPresent(findTestObject(orPath_ServiceFeesAccept + "/input_convFeeNotifyAction"), 30): Object 'Object Repository/RAD_Pages/ServiceFeeAccept_Page/input_convFeeNotifyAction' is present

2023-09-12 10:00:18 - [MESSAGE][PASSED] - Object 'Object Repository/RAD_Pages/ServiceFeeAccept_Page/input_convFeeNotifyAction' is present

2023-09-12 10:00:18 - [TEST_STEP][PASSED] - ExecuteTC = findTestData(dataFile).getValue("Execute", row): null

2023-09-12 10:00:18 - [TEST_STEP][PASSED] - TaxType = findTestData(dataFile).getValue("TaxType", row): null

2023-09-12 10:00:18 - [TEST_STEP][PASSED] - PaymentType = findTestData(dataFile).getValue("PaymentType", row): null

2023-09-12 10:00:18 - [TEST_STEP][PASSED] - FilingYear = findTestData(dataFile).getValue("Year", row): null

2023-09-12 10:00:18 - [TEST_STEP][PASSED] - PeriodEndingMonth = findTestData(dataFile).getValue("Month", row): null

2023-09-12 10:00:18 - [TEST_STEP][PASSED] - if (ExecuteTC.equalsIgnoreCase("Y")): Object 'Object Repository/RAD_Pages/ServiceFeeAccept_Page/input_convFeeNotifyAction' is present

2023-09-12 10:00:18 - [TEST_STEP][PASSED] - out.println("Begin Record Number: " + row): null

2023-09-12 10:00:18 - [TEST_STEP][PASSED] - today = new java.util.Date(): null

2023-09-12 10:00:18 - [TEST_STEP][PASSED] - println(today): null

2023-09-12 10:00:18 - [TEST_STEP][PASSED] - datText = today: null

2023-09-12 10:00:18 - [TEST_STEP][PASSED] - logInfo("Payment Type: Quarterly Estimated Tax"): Payment Type: Quarterly Estimated Tax

2023-09-12 10:00:18 - [MESSAGE][INFO] - Payment Type: Quarterly Estimated Tax

2023-09-12 10:00:18 - [TEST_STEP][PASSED] - logInfo("Tax Type: " + TaxType): Tax Type: PTE Non-Electing S Corp

2023-09-12 10:00:18 - [MESSAGE][INFO] - Tax Type: PTE Non-Electing S Corp

2023-09-12 10:00:18 - [TEST_STEP][PASSED] - openBrowser(""): Browser is opened with url: ''

2023-09-12 10:00:18 - [MESSAGE][WARNING] - A browser is already opened. Closing browser and opening a new one

2023-09-12 10:00:19 - [MESSAGE][INFO] - Starting 'Chrome' driver

2023-09-12 10:00:19 - [MESSAGE][INFO] - User set preference: ['acceptInsecureCerts', 'true']

2023-09-12 10:00:19 - [MESSAGE][INFO] - Action delay is set to 0 milliseconds

2023-09-12 10:00:21 - [MESSAGE][PASSED] - Browser is opened with url: ''

2023-09-12 10:00:21 - [TEST_STEP][PASSED] - maximizeWindow(): Current window maximized

2023-09-12 10:00:21 - [MESSAGE][PASSED] - Current window maximized

2023-09-12 10:00:21 - [TEST_STEP][PASSED] - navigateToUrl(RADurl): Navigate to 'https://demo.velocitypayment.com/client/rad/index.html' successfully

2023-09-12 10:00:22 - [MESSAGE][PASSED] - Navigate to 'https://demo.velocitypayment.com/client/rad/index.html' successfully

2023-09-12 10:00:22 - [TEST_STEP][PASSED] - selectOptionByLabel(findTestObject(orPath_Landing + "/dd_TaxType"), "Quarterly Estimated Tax", false): All options with label 'Quarterly Estimated Tax' are selected in object 'Object Repository/RAD_Pages/Landing_Page/dd_TaxType' 

2023-09-12 10:00:23 - [MESSAGE][PASSED] - All options with label 'Quarterly Estimated Tax' are selected in object 'Object Repository/RAD_Pages/Landing_Page/dd_TaxType' 

2023-09-12 10:00:23 - [TEST_STEP][PASSED] - selectOptionByLabel(findTestObject(orPath_TaxTypeFilingYear + "/select_PaymentType"), TaxType, false): All options with label 'PTE Non-Electing S Corp' are selected in object 'Object Repository/RAD_Pages/TaxTypeFilingYear_Page/select_PaymentType' 

2023-09-12 10:00:24 - [MESSAGE][PASSED] - All options with label 'PTE Non-Electing S Corp' are selected in object 'Object Repository/RAD_Pages/TaxTypeFilingYear_Page/select_PaymentType' 

2023-09-12 10:00:24 - [TEST_STEP][PASSED] - selectOptionByLabel(findTestObject(orPath_TaxTypeFilingYear + "/select_FilingYear"), FilingYear, false): All options with label '2023' are selected in object 'Object Repository/RAD_Pages/TaxTypeFilingYear_Page/select_FilingYear' 

2023-09-12 10:00:25 - [MESSAGE][PASSED] - All options with label '2023' are selected in object 'Object Repository/RAD_Pages/TaxTypeFilingYear_Page/select_FilingYear' 

2023-09-12 10:00:25 - [TEST_STEP][PASSED] - selectOptionByLabel(findTestObject(orPath_TaxTypeFilingYear + "/select_PeriodEnding"), PeriodEndingMonth, false): All options with label 'September' are selected in object 'Object Repository/RAD_Pages/TaxTypeFilingYear_Page/select_PeriodEnding' 

2023-09-12 10:00:26 - [MESSAGE][PASSED] - All options with label 'September' are selected in object 'Object Repository/RAD_Pages/TaxTypeFilingYear_Page/select_PeriodEnding' 

2023-09-12 10:00:26 - [TEST_STEP][PASSED] - rad.getSetDataRAD.setDataRADBusinessName(): rad.getSetDataRAD.setDataRADBusinessName is PASSED

2023-09-12 10:00:27 - [MESSAGE][PASSED] - Text 'My Company' is set on object 'Object Repository/RAD_Pages/Taxpayer_Page/input_businessName'

2023-09-12 10:00:27 - [MESSAGE][PASSED] - rad.getSetDataRAD.setDataRADBusinessName is PASSED

2023-09-12 10:00:27 - [TEST_STEP][PASSED] - rad.getSetDataRAD.setDataRADAddress(): rad.getSetDataRAD.setDataRADAddress is PASSED

2023-09-12 10:00:28 - [MESSAGE][PASSED] - All options with label 'United States' are selected in object 'Object Repository/RAD_Pages/AddressAndContactInfo_Page/select_Country' 

2023-09-12 10:00:29 - [MESSAGE][PASSED] - Text '2508 Mandan Terrace' is set on object 'Object Repository/RAD_Pages/AddressAndContactInfo_Page/input_streetAddress1'

2023-09-12 10:00:30 - [MESSAGE][PASSED] - Text '' is set on object 'Object Repository/RAD_Pages/AddressAndContactInfo_Page/input_streetAddress2'

2023-09-12 10:00:30 - [MESSAGE][PASSED] - Text 'Gambrills' is set on object 'Object Repository/RAD_Pages/AddressAndContactInfo_Page/input_city'

2023-09-12 10:00:31 - [MESSAGE][PASSED] - All options with label 'Maryland' are selected in object 'Object Repository/RAD_Pages/AddressAndContactInfo_Page/select_State' 

2023-09-12 10:00:32 - [MESSAGE][PASSED] - Text '21054' is set on object 'Object Repository/RAD_Pages/AddressAndContactInfo_Page/input_zipCode'

2023-09-12 10:00:33 - [MESSAGE][PASSED] - Text '(703) 894-5000' is set on object 'Object Repository/RAD_Pages/AddressAndContactInfo_Page/input_phoneNumber'

2023-09-12 10:00:34 - [MESSAGE][PASSED] - Text 'iahmed@govolution.com' is set on object 'Object Repository/RAD_Pages/AddressAndContactInfo_Page/input_eMailAddress'

2023-09-12 10:00:35 - [MESSAGE][PASSED] - Text 'iahmed@govolution.com' is set on object 'Object Repository/RAD_Pages/AddressAndContactInfo_Page/input_reEnterEMailAddress'

2023-09-12 10:00:35 - [MESSAGE][PASSED] - rad.getSetDataRAD.setDataRADAddress is PASSED

2023-09-12 10:00:35 - [TEST_STEP][PASSED] - rad.getSetDataRAD.setDataRADFEIN(): rad.getSetDataRAD.setDataRADFEIN is PASSED

2023-09-12 10:00:35 - [MESSAGE][PASSED] - Text ****** has been set on object 'Object Repository/RAD_Pages/TaxInfo_Page/input_FederalEIN'

2023-09-12 10:00:36 - [MESSAGE][PASSED] - Text ****** has been set on object 'Object Repository/RAD_Pages/TaxInfo_Page/input_FederalEIN_ReEnter'

2023-09-12 10:00:36 - [MESSAGE][PASSED] - rad.getSetDataRAD.setDataRADFEIN is PASSED

2023-09-12 10:00:36 - [TEST_STEP][PASSED] - setText(findTestObject(orPath_Amount + "/input__paymentAmount"), "100.00"): Text '100.00' is set on object 'Object Repository/RAD_Pages/PaymentAmount_Page/input__paymentAmount'

2023-09-12 10:00:37 - [MESSAGE][PASSED] - Text '100.00' is set on object 'Object Repository/RAD_Pages/PaymentAmount_Page/input__paymentAmount'

2023-09-12 10:00:37 - [TEST_STEP][PASSED] - setText(findTestObject(orPath_AddressContact + "/input_streetAddress2"), ""): Text '' is set on object 'Object Repository/RAD_Pages/AddressAndContactInfo_Page/input_streetAddress2'

2023-09-12 10:00:38 - [MESSAGE][PASSED] - Text '' is set on object 'Object Repository/RAD_Pages/AddressAndContactInfo_Page/input_streetAddress2'

2023-09-12 10:00:38 - [TEST_STEP][PASSED] - scrollToElement(findTestObject(orPath_Landing + "/button_Continue"), 3): Scroll to object 'Object Repository/RAD_Pages/Landing_Page/button_Continue' successfully

2023-09-12 10:00:38 - [MESSAGE][PASSED] - Scroll to object 'Object Repository/RAD_Pages/Landing_Page/button_Continue' successfully

2023-09-12 10:00:38 - [TEST_STEP][PASSED] - waitForElementClickable(findTestObject(orPath_Landing + "/button_Continue"), 5): Object 'Object Repository/RAD_Pages/Landing_Page/button_Continue' is clickable

2023-09-12 10:00:39 - [MESSAGE][PASSED] - Object 'Object Repository/RAD_Pages/Landing_Page/button_Continue' is clickable

2023-09-12 10:00:39 - [TEST_STEP][PASSED] - click(findTestObject(orPath_Landing + "/button_Continue")): Object: 'Object Repository/RAD_Pages/Landing_Page/button_Continue' is clicked on

2023-09-12 10:00:39 - [MESSAGE][PASSED] - Object: 'Object Repository/RAD_Pages/Landing_Page/button_Continue' is clicked on

2023-09-12 10:00:39 - [TEST_STEP][PASSED] - delay(2): Delayed 2 second(s)

2023-09-12 10:00:41 - [MESSAGE][PASSED] - Delayed 2 second(s)

2023-09-12 10:00:41 - [TEST_STEP][PASSED] - verifyTextPresent("Summary", true): Text 'Summary' is present on page  using regular expression

2023-09-12 10:00:42 - [MESSAGE][PASSED] - Text 'Summary' is present on page  using regular expression

2023-09-12 10:00:42 - [TEST_STEP][PASSED] - verifyTextPresent("Review the information below and make any necessary corrections by clicking the", true): Text 'Review the information below and make any necessary corrections by clicking the' is present on page  using regular expression

2023-09-12 10:00:42 - [MESSAGE][PASSED] - Text 'Review the information below and make any necessary corrections by clicking the' is present on page  using regular expression

2023-09-12 10:00:42 - [TEST_STEP][PASSED] - verifyTextPresent("When you are confident that all the information is correct, click the", true): Text 'When you are confident that all the information is correct, click the' is present on page  using regular expression

2023-09-12 10:00:42 - [MESSAGE][PASSED] - Text 'When you are confident that all the information is correct, click the' is present on page  using regular expression

2023-09-12 10:00:42 - [TEST_STEP][PASSED] - verifyTextPresent("Payment Type/Filing Year", true): Text 'Payment Type/Filing Year' is present on page  using regular expression

2023-09-12 10:00:43 - [MESSAGE][PASSED] - Text 'Payment Type/Filing Year' is present on page  using regular expression

2023-09-12 10:00:43 - [TEST_STEP][PASSED] - verifyTextPresent("Payment Type:", true): Text 'Payment Type:' is present on page  using regular expression

2023-09-12 10:00:43 - [MESSAGE][PASSED] - Text 'Payment Type:' is present on page  using regular expression

2023-09-12 10:00:43 - [TEST_STEP][PASSED] - verifyTextPresent("Quarterly Estimated Tax", true): Text 'Quarterly Estimated Tax' is present on page  using regular expression

2023-09-12 10:00:43 - [MESSAGE][PASSED] - Text 'Quarterly Estimated Tax' is present on page  using regular expression

2023-09-12 10:00:43 - [TEST_STEP][PASSED] - verifyTextPresent("Filing Year:", true): Text 'Filing Year:' is present on page  using regular expression

2023-09-12 10:00:44 - [MESSAGE][PASSED] - Text 'Filing Year:' is present on page  using regular expression

2023-09-12 10:00:44 - [TEST_STEP][PASSED] - verifyTextPresent(FilingYear, true): Text '2023' is present on page  using regular expression

2023-09-12 10:00:44 - [MESSAGE][PASSED] - Text '2023' is present on page  using regular expression

2023-09-12 10:00:44 - [TEST_STEP][PASSED] - verifyTextPresent("Period Ending:", true): Text 'Period Ending:' is present on page  using regular expression

2023-09-12 10:00:44 - [MESSAGE][PASSED] - Text 'Period Ending:' is present on page  using regular expression

2023-09-12 10:00:44 - [TEST_STEP][PASSED] - verifyTextPresent(PeriodEndingMonth, true): Text 'September' is present on page  using regular expression

2023-09-12 10:00:45 - [MESSAGE][PASSED] - Text 'September' is present on page  using regular expression

2023-09-12 10:00:45 - [TEST_STEP][PASSED] - verifyTextPresent("Payer Information", true): Text 'Payer Information' is present on page  using regular expression

2023-09-12 10:00:45 - [MESSAGE][PASSED] - Text 'Payer Information' is present on page  using regular expression

2023-09-12 10:00:45 - [TEST_STEP][PASSED] - verifyTextPresent("Taxpayer Name:", true): Text 'Taxpayer Name:' is present on page  using regular expression

2023-09-12 10:00:46 - [MESSAGE][PASSED] - Text 'Taxpayer Name:' is present on page  using regular expression

2023-09-12 10:00:46 - [TEST_STEP][PASSED] - verifyTextPresent("My Company", true): Text 'My Company' is present on page  using regular expression

2023-09-12 10:00:46 - [MESSAGE][PASSED] - Text 'My Company' is present on page  using regular expression

2023-09-12 10:00:46 - [TEST_STEP][PASSED] - verifyTextPresent("Taxpayer Address:", true): Text 'Taxpayer Address:' is present on page  using regular expression

2023-09-12 10:00:46 - [MESSAGE][PASSED] - Text 'Taxpayer Address:' is present on page  using regular expression

2023-09-12 10:00:46 - [TEST_STEP][PASSED] - verifyTextPresent("2508 Mandan Terrace Gambrills Maryland 21054", true): Text '2508 Mandan Terrace Gambrills Maryland 21054' is present on page  using regular expression

2023-09-12 10:00:47 - [MESSAGE][PASSED] - Text '2508 Mandan Terrace Gambrills Maryland 21054' is present on page  using regular expression

2023-09-12 10:00:47 - [TEST_STEP][PASSED] - verifyTextPresent("Email:", true): Text 'Email:' is present on page  using regular expression

2023-09-12 10:00:47 - [MESSAGE][PASSED] - Text 'Email:' is present on page  using regular expression

2023-09-12 10:00:47 - [TEST_STEP][PASSED] - verifyTextPresent("iahmed@govolution.com", true): Text 'iahmed@govolution.com' is present on page  using regular expression

2023-09-12 10:00:47 - [MESSAGE][PASSED] - Text 'iahmed@govolution.com' is present on page  using regular expression

2023-09-12 10:00:47 - [TEST_STEP][PASSED] - verifyTextPresent("Phone:", true): Text 'Phone:' is present on page  using regular expression

2023-09-12 10:00:48 - [MESSAGE][PASSED] - Text 'Phone:' is present on page  using regular expression

2023-09-12 10:00:48 - [TEST_STEP][PASSED] - verifyTextPresent("(703) 894-5000", false): Text '(703) 894-5000' is present on page 

2023-09-12 10:00:48 - [MESSAGE][PASSED] - Text '(703) 894-5000' is present on page 

2023-09-12 10:00:48 - [TEST_STEP][PASSED] - verifyTextPresent("Tax Information", true): Text 'Tax Information' is present on page  using regular expression

2023-09-12 10:00:49 - [MESSAGE][PASSED] - Text 'Tax Information' is present on page  using regular expression

2023-09-12 10:00:49 - [TEST_STEP][PASSED] - verifyTextPresent("Federal EIN:", true): Text 'Federal EIN:' is present on page  using regular expression

2023-09-12 10:00:49 - [MESSAGE][PASSED] - Text 'Federal EIN:' is present on page  using regular expression

2023-09-12 10:00:49 - [TEST_STEP][PASSED] - verifyTextPresent("Payment Amount:", true): Text 'Payment Amount:' is present on page  using regular expression

2023-09-12 10:00:49 - [MESSAGE][PASSED] - Text 'Payment Amount:' is present on page  using regular expression

2023-09-12 10:00:49 - [TEST_STEP][PASSED] - verifyTextPresent("100.00", true): Text '100.00' is present on page  using regular expression

2023-09-12 10:00:50 - [MESSAGE][PASSED] - Text '100.00' is present on page  using regular expression

2023-09-12 10:00:50 - [TEST_STEP][PASSED] - click(findTestObject(orPath_Summary + "/button_Proceed to Payment")): Object: 'Object Repository/RAD_Pages/Summary_Page/button_Proceed to Payment' is clicked on

2023-09-12 10:01:21 - [MESSAGE][INFO] - Unable to find the element located by 'By.xpath: //*[(text() = 'Proceed to Payment' or . = 'Proceed to Payment')]'. Please recheck the objects properties to make sure the desired element is located. 

2023-09-12 10:01:21 - [MESSAGE][WARNING] - [SELF-HEALING] Failed to find element with id 'Object Repository/RAD_Pages/Summary_Page/button_Proceed to Payment'. Try using Self-healing.

2023-09-12 10:01:21 - [MESSAGE][WARNING] - [SELF-HEALING] The current locator of test object 'Object Repository/RAD_Pages/Summary_Page/button_Proceed to Payment' was broken. Propose an alternative one: '(.//*[normalize-space(text()) and normalize-space(.)='Payment Amount:'])[1]/following::button[1]'.

2023-09-12 10:01:22 - [MESSAGE][PASSED] - Object: 'Object Repository/RAD_Pages/Summary_Page/button_Proceed to Payment' is clicked on

2023-09-12 10:01:22 - [TEST_STEP][PASSED] - verifyTextPresent("Comptroller of Maryland", true): Text 'Comptroller of Maryland' is present on page  using regular expression

2023-09-12 10:01:23 - [MESSAGE][PASSED] - Text 'Comptroller of Maryland' is present on page  using regular expression

2023-09-12 10:01:23 - [TEST_STEP][PASSED] - verifyTextPresent("Revenue Administration Division", true): Text 'Revenue Administration Division' is present on page  using regular expression

2023-09-12 10:01:23 - [MESSAGE][PASSED] - Text 'Revenue Administration Division' is present on page  using regular expression

2023-09-12 10:01:23 - [TEST_STEP][PASSED] - verifyTextPresent("Payment Information", true): Text 'Payment Information' is present on page  using regular expression

2023-09-12 10:01:24 - [MESSAGE][PASSED] - Text 'Payment Information' is present on page  using regular expression

2023-09-12 10:01:24 - [TEST_STEP][PASSED] - card_Name = getAttribute(findTestObject("Object Repository/RAD_Pages/PaymentEntry_Page/input__billingName"), "value"): Attribute 'value' of object 'Object Repository/RAD_Pages/PaymentEntry_Page/input__billingName' is: ''

2023-09-12 10:01:24 - [MESSAGE][PASSED] - Attribute 'value' of object 'Object Repository/RAD_Pages/PaymentEntry_Page/input__billingName' is: ''

2023-09-12 10:01:24 - [TEST_STEP][PASSED] - verifyMatch("", card_Name, false): Actual text '' and expected text '' are matched 

2023-09-12 10:01:24 - [MESSAGE][PASSED] - Actual text '' and expected text '' are matched 

2023-09-12 10:01:24 - [TEST_STEP][PASSED] - AL1 = getAttribute(findTestObject("Object Repository/RAD_Pages/PaymentEntry_Page/input_billingAddress"), "value"): Attribute 'value' of object 'Object Repository/RAD_Pages/PaymentEntry_Page/input_billingAddress' is: '2508 Mandan Terrace'

2023-09-12 10:01:24 - [MESSAGE][PASSED] - Attribute 'value' of object 'Object Repository/RAD_Pages/PaymentEntry_Page/input_billingAddress' is: '2508 Mandan Terrace'

2023-09-12 10:01:24 - [TEST_STEP][PASSED] - verifyMatch("2508 Mandan Terrace", AL1, false): Actual text '2508 Mandan Terrace' and expected text '2508 Mandan Terrace' are matched 

2023-09-12 10:01:24 - [MESSAGE][PASSED] - Actual text '2508 Mandan Terrace' and expected text '2508 Mandan Terrace' are matched 

2023-09-12 10:01:24 - [TEST_STEP][PASSED] - AL2 = getAttribute(findTestObject("Object Repository/RAD_Pages/PaymentEntry_Page/input_billingAddress2"), "value"): Attribute 'value' of object 'Object Repository/RAD_Pages/PaymentEntry_Page/input_billingAddress2' is: ''

2023-09-12 10:01:25 - [MESSAGE][PASSED] - Attribute 'value' of object 'Object Repository/RAD_Pages/PaymentEntry_Page/input_billingAddress2' is: ''

2023-09-12 10:01:25 - [TEST_STEP][PASSED] - verifyMatch("", AL2, false): Actual text '' and expected text '' are matched 

2023-09-12 10:01:25 - [MESSAGE][PASSED] - Actual text '' and expected text '' are matched 

2023-09-12 10:01:25 - [TEST_STEP][PASSED] - zipCode = getAttribute(findTestObject("Object Repository/RAD_Pages/PaymentEntry_Page/input_billingZip"), "value"): Attribute 'value' of object 'Object Repository/RAD_Pages/PaymentEntry_Page/input_billingZip' is: '21054'

2023-09-12 10:01:25 - [MESSAGE][PASSED] - Attribute 'value' of object 'Object Repository/RAD_Pages/PaymentEntry_Page/input_billingZip' is: '21054'

2023-09-12 10:01:25 - [TEST_STEP][PASSED] - verifyMatch("21054", zipCode, false): Actual text '21054' and expected text '21054' are matched 

2023-09-12 10:01:25 - [MESSAGE][PASSED] - Actual text '21054' and expected text '21054' are matched 

2023-09-12 10:01:25 - [TEST_STEP][PASSED] - city = getAttribute(findTestObject("Object Repository/RAD_Pages/PaymentEntry_Page/input_billingCity"), "value"): Attribute 'value' of object 'Object Repository/RAD_Pages/PaymentEntry_Page/input_billingCity' is: 'GAMBRILLS'

2023-09-12 10:01:25 - [MESSAGE][PASSED] - Attribute 'value' of object 'Object Repository/RAD_Pages/PaymentEntry_Page/input_billingCity' is: 'GAMBRILLS'

2023-09-12 10:01:25 - [TEST_STEP][PASSED] - verifyMatch("GAMBRILLS", city, false): Actual text 'GAMBRILLS' and expected text 'GAMBRILLS' are matched 

2023-09-12 10:01:25 - [MESSAGE][PASSED] - Actual text 'GAMBRILLS' and expected text 'GAMBRILLS' are matched 

2023-09-12 10:01:25 - [TEST_STEP][PASSED] - email = getAttribute(findTestObject("Object Repository/RAD_Pages/PaymentEntry_Page/input_emailAddress"), "value"): Attribute 'value' of object 'Object Repository/RAD_Pages/PaymentEntry_Page/input_emailAddress' is: 'iahmed@govolution.com'

2023-09-12 10:01:26 - [MESSAGE][PASSED] - Attribute 'value' of object 'Object Repository/RAD_Pages/PaymentEntry_Page/input_emailAddress' is: 'iahmed@govolution.com'

2023-09-12 10:01:26 - [TEST_STEP][PASSED] - verifyMatch("iahmed@govolution.com", email, false): Actual text 'iahmed@govolution.com' and expected text 'iahmed@govolution.com' are matched 

2023-09-12 10:01:26 - [MESSAGE][PASSED] - Actual text 'iahmed@govolution.com' and expected text 'iahmed@govolution.com' are matched 

2023-09-12 10:01:26 - [TEST_STEP][PASSED] - amount = getAttribute(findTestObject("Object Repository/RAD_Pages/PaymentEntry_Page/input_amount"), "value"): Attribute 'value' of object 'Object Repository/RAD_Pages/PaymentEntry_Page/input_amount' is: '100.00'

2023-09-12 10:01:26 - [MESSAGE][PASSED] - Attribute 'value' of object 'Object Repository/RAD_Pages/PaymentEntry_Page/input_amount' is: '100.00'

2023-09-12 10:01:26 - [TEST_STEP][PASSED] - verifyMatch("100.00", amount, false): Actual text '100.00' and expected text '100.00' are matched 

2023-09-12 10:01:26 - [MESSAGE][PASSED] - Actual text '100.00' and expected text '100.00' are matched 

2023-09-12 10:01:26 - [TEST_STEP][PASSED] - amountReadOnly = getAttribute(findTestObject("Object Repository/RAD_Pages/PaymentEntry_Page/input_amount"), "readonly"): Attribute 'readonly' of object 'Object Repository/RAD_Pages/PaymentEntry_Page/input_amount' is: 'true'

2023-09-12 10:01:26 - [MESSAGE][PASSED] - Attribute 'readonly' of object 'Object Repository/RAD_Pages/PaymentEntry_Page/input_amount' is: 'true'

2023-09-12 10:01:26 - [TEST_STEP][PASSED] - verifyMatch("true", amountReadOnly, false): Actual text 'true' and expected text 'true' are matched 

2023-09-12 10:01:26 - [MESSAGE][PASSED] - Actual text 'true' and expected text 'true' are matched 

2023-09-12 10:01:26 - [TEST_STEP][PASSED] - verifyOptionSelectedByLabel(findTestObject("Object Repository/RAD_Pages/PaymentEntry_Page/select_Country"), "United States", false, 20): All options with label 'United States' are selected in object 'Object Repository/RAD_Pages/PaymentEntry_Page/select_Country' 

2023-09-12 10:01:28 - [MESSAGE][PASSED] - All options with label 'United States' are selected in object 'Object Repository/RAD_Pages/PaymentEntry_Page/select_Country' 

2023-09-12 10:01:28 - [TEST_STEP][PASSED] - verifyOptionSelectedByLabel(findTestObject("Object Repository/RAD_Pages/PaymentEntry_Page/select_State"), "Maryland", false, 20): All options with label 'Maryland' are selected in object 'Object Repository/RAD_Pages/PaymentEntry_Page/select_State' 

2023-09-12 10:01:30 - [MESSAGE][PASSED] - All options with label 'Maryland' are selected in object 'Object Repository/RAD_Pages/PaymentEntry_Page/select_State' 

2023-09-12 10:01:30 - [TEST_STEP][PASSED] - setText(findTestObject("Object Repository/RAD_Pages/PaymentEntry_Page/input__billingName"), "Anthony Gonzalez"): Text 'Anthony Gonzalez' is set on object 'Object Repository/RAD_Pages/PaymentEntry_Page/input__billingName'

2023-09-12 10:01:31 - [MESSAGE][PASSED] - Text 'Anthony Gonzalez' is set on object 'Object Repository/RAD_Pages/PaymentEntry_Page/input__billingName'

2023-09-12 10:01:31 - [TEST_STEP][PASSED] - setText(findTestObject(orPath_PaymentEntry + "/input__cardNumber"), "4111111111111111"): Text '4111111111111111' is set on object 'Object Repository/RAD_Pages/PaymentEntry_Page/input__cardNumber'

2023-09-12 10:01:32 - [MESSAGE][PASSED] - Text '4111111111111111' is set on object 'Object Repository/RAD_Pages/PaymentEntry_Page/input__cardNumber'

2023-09-12 10:01:32 - [TEST_STEP][PASSED] - setText(findTestObject(orPath_PaymentEntry + "/input__spc"), "123"): Text '123' is set on object 'Object Repository/RAD_Pages/PaymentEntry_Page/input__spc'

2023-09-12 10:01:32 - [MESSAGE][PASSED] - Text '123' is set on object 'Object Repository/RAD_Pages/PaymentEntry_Page/input__spc'

2023-09-12 10:01:32 - [TEST_STEP][PASSED] - selectOptionByLabel(findTestObject(orPath_PaymentEntry + "/select_MM"), "12", false): All options with label '12' are selected in object 'Object Repository/RAD_Pages/PaymentEntry_Page/select_MM' 

2023-09-12 10:01:33 - [MESSAGE][PASSED] - All options with label '12' are selected in object 'Object Repository/RAD_Pages/PaymentEntry_Page/select_MM' 

2023-09-12 10:01:33 - [TEST_STEP][PASSED] - selectOptionByLabel(findTestObject(orPath_PaymentEntry + "/select_YYYY"), "2028", false): All options with label '2028' are selected in object 'Object Repository/RAD_Pages/PaymentEntry_Page/select_YYYY' 

2023-09-12 10:01:34 - [MESSAGE][PASSED] - All options with label '2028' are selected in object 'Object Repository/RAD_Pages/PaymentEntry_Page/select_YYYY' 

2023-09-12 10:01:34 - [TEST_STEP][PASSED] - click(findTestObject(orPath_PaymentEntry + "/input_Field_ccSubmit")): Object: 'Object Repository/RAD_Pages/PaymentEntry_Page/input_Field_ccSubmit' is clicked on

2023-09-12 10:01:37 - [MESSAGE][PASSED] - Object: 'Object Repository/RAD_Pages/PaymentEntry_Page/input_Field_ccSubmit' is clicked on

2023-09-12 10:01:37 - [TEST_STEP][PASSED] - click(findTestObject(orPath_PaymentConfirmation + "/input_N_confirmNotifyAction")): Object: 'Object Repository/RAD_Pages/PaymentConfirmation_Page/input_N_confirmNotifyAction' is clicked on

2023-09-12 10:01:38 - [MESSAGE][PASSED] - Object: 'Object Repository/RAD_Pages/PaymentConfirmation_Page/input_N_confirmNotifyAction' is clicked on

2023-09-12 10:01:38 - [TEST_STEP][PASSED] - verifyTextPresent("Service Fee Acceptance", true): Text 'Service Fee Acceptance' is present on page  using regular expression

2023-09-12 10:01:38 - [MESSAGE][PASSED] - Text 'Service Fee Acceptance' is present on page  using regular expression

2023-09-12 10:01:38 - [TEST_STEP][PASSED] - verifyTextPresent("This transaction is subject to a Service Fee of ", true): Text 'This transaction is subject to a Service Fee of ' is present on page  using regular expression

2023-09-12 10:01:39 - [MESSAGE][PASSED] - Text 'This transaction is subject to a Service Fee of ' is present on page  using regular expression

2023-09-12 10:01:39 - [TEST_STEP][PASSED] - verifyTextPresent("Payment Amount:", true): Text 'Payment Amount:' is present on page  using regular expression

2023-09-12 10:01:39 - [MESSAGE][PASSED] - Text 'Payment Amount:' is present on page  using regular expression

2023-09-12 10:01:39 - [TEST_STEP][PASSED] - verifyTextPresent("100.00", true): Text '100.00' is present on page  using regular expression

2023-09-12 10:01:39 - [MESSAGE][PASSED] - Text '100.00' is present on page  using regular expression

2023-09-12 10:01:39 - [TEST_STEP][PASSED] - verifyTextPresent("Service Fee:", true): Text 'Service Fee:' is present on page  using regular expression

2023-09-12 10:01:39 - [MESSAGE][PASSED] - Text 'Service Fee:' is present on page  using regular expression

2023-09-12 10:01:39 - [TEST_STEP][PASSED] - verifyTextPresent("2.45", true): Text '2.45' is present on page  using regular expression

2023-09-12 10:01:40 - [MESSAGE][PASSED] - Text '2.45' is present on page  using regular expression

2023-09-12 10:01:40 - [TEST_STEP][PASSED] - verifyTextPresent("Total Amount:", true): Text 'Total Amount:' is present on page  using regular expression

2023-09-12 10:01:40 - [MESSAGE][PASSED] - Text 'Total Amount:' is present on page  using regular expression

2023-09-12 10:01:40 - [TEST_STEP][PASSED] - verifyTextPresent("102.45", true): Text '102.45' is present on page  using regular expression

2023-09-12 10:01:40 - [MESSAGE][PASSED] - Text '102.45' is present on page  using regular expression

2023-09-12 10:01:40 - [TEST_STEP][PASSED] - verifyTextPresent("Two transactions will appear on your bank statement, one in the amount of", true): Text 'Two transactions will appear on your bank statement, one in the amount of' is present on page  using regular expression

2023-09-12 10:01:41 - [MESSAGE][PASSED] - Text 'Two transactions will appear on your bank statement, one in the amount of' is present on page  using regular expression

2023-09-12 10:01:41 - [TEST_STEP][PASSED] - verifyElementPresent(findTestObject(orPath_ServiceFeesAccept + "/input_convFeeNotifyAction"), 30): Object 'Object Repository/RAD_Pages/ServiceFeeAccept_Page/input_convFeeNotifyAction' is present

2023-09-12 10:01:41 - [MESSAGE][PASSED] - Object 'Object Repository/RAD_Pages/ServiceFeeAccept_Page/input_convFeeNotifyAction' is present

2023-09-12 10:01:41 - [TEST_STEP][PASSED] - ExecuteTC = findTestData(dataFile).getValue("Execute", row): null

2023-09-12 10:01:41 - [TEST_STEP][PASSED] - TaxType = findTestData(dataFile).getValue("TaxType", row): null

2023-09-12 10:01:41 - [TEST_STEP][PASSED] - PaymentType = findTestData(dataFile).getValue("PaymentType", row): null

2023-09-12 10:01:41 - [TEST_STEP][PASSED] - FilingYear = findTestData(dataFile).getValue("Year", row): null

2023-09-12 10:01:41 - [TEST_STEP][PASSED] - PeriodEndingMonth = findTestData(dataFile).getValue("Month", row): null

2023-09-12 10:01:41 - [TEST_STEP][PASSED] - if (ExecuteTC.equalsIgnoreCase("Y")): Object 'Object Repository/RAD_Pages/ServiceFeeAccept_Page/input_convFeeNotifyAction' is present

2023-09-12 10:01:41 - [TEST_STEP][PASSED] - out.println("Begin Record Number: " + row): null

2023-09-12 10:01:41 - [TEST_STEP][PASSED] - today = new java.util.Date(): null

2023-09-12 10:01:41 - [TEST_STEP][PASSED] - println(today): null

2023-09-12 10:01:41 - [TEST_STEP][PASSED] - datText = today: null

2023-09-12 10:01:41 - [TEST_STEP][PASSED] - logInfo("Payment Type: Quarterly Estimated Tax"): Payment Type: Quarterly Estimated Tax

2023-09-12 10:01:41 - [MESSAGE][INFO] - Payment Type: Quarterly Estimated Tax

2023-09-12 10:01:41 - [TEST_STEP][PASSED] - logInfo("Tax Type: " + TaxType): Tax Type: PTE Tax Electing Non-S Corp

2023-09-12 10:01:41 - [MESSAGE][INFO] - Tax Type: PTE Tax Electing Non-S Corp

2023-09-12 10:01:41 - [TEST_STEP][PASSED] - openBrowser(""): Browser is opened with url: ''

2023-09-12 10:01:41 - [MESSAGE][WARNING] - A browser is already opened. Closing browser and opening a new one

2023-09-12 10:01:42 - [MESSAGE][INFO] - Starting 'Chrome' driver

2023-09-12 10:01:42 - [MESSAGE][INFO] - User set preference: ['acceptInsecureCerts', 'true']

2023-09-12 10:01:42 - [MESSAGE][INFO] - Action delay is set to 0 milliseconds

2023-09-12 10:01:44 - [MESSAGE][PASSED] - Browser is opened with url: ''

2023-09-12 10:01:44 - [TEST_STEP][PASSED] - maximizeWindow(): Current window maximized

2023-09-12 10:01:44 - [MESSAGE][PASSED] - Current window maximized

2023-09-12 10:01:44 - [TEST_STEP][PASSED] - navigateToUrl(RADurl): Navigate to 'https://demo.velocitypayment.com/client/rad/index.html' successfully

2023-09-12 10:01:45 - [MESSAGE][PASSED] - Navigate to 'https://demo.velocitypayment.com/client/rad/index.html' successfully

2023-09-12 10:01:45 - [TEST_STEP][PASSED] - selectOptionByLabel(findTestObject(orPath_Landing + "/dd_TaxType"), "Quarterly Estimated Tax", false): All options with label 'Quarterly Estimated Tax' are selected in object 'Object Repository/RAD_Pages/Landing_Page/dd_TaxType' 

2023-09-12 10:01:46 - [MESSAGE][PASSED] - All options with label 'Quarterly Estimated Tax' are selected in object 'Object Repository/RAD_Pages/Landing_Page/dd_TaxType' 

2023-09-12 10:01:46 - [TEST_STEP][PASSED] - selectOptionByLabel(findTestObject(orPath_TaxTypeFilingYear + "/select_PaymentType"), TaxType, false): All options with label 'PTE Tax Electing Non-S Corp' are selected in object 'Object Repository/RAD_Pages/TaxTypeFilingYear_Page/select_PaymentType' 

2023-09-12 10:01:47 - [MESSAGE][PASSED] - All options with label 'PTE Tax Electing Non-S Corp' are selected in object 'Object Repository/RAD_Pages/TaxTypeFilingYear_Page/select_PaymentType' 

2023-09-12 10:01:47 - [TEST_STEP][PASSED] - selectOptionByLabel(findTestObject(orPath_TaxTypeFilingYear + "/select_FilingYear"), FilingYear, false): All options with label '2023' are selected in object 'Object Repository/RAD_Pages/TaxTypeFilingYear_Page/select_FilingYear' 

2023-09-12 10:01:48 - [MESSAGE][PASSED] - All options with label '2023' are selected in object 'Object Repository/RAD_Pages/TaxTypeFilingYear_Page/select_FilingYear' 

2023-09-12 10:01:48 - [TEST_STEP][PASSED] - selectOptionByLabel(findTestObject(orPath_TaxTypeFilingYear + "/select_PeriodEnding"), PeriodEndingMonth, false): All options with label 'January' are selected in object 'Object Repository/RAD_Pages/TaxTypeFilingYear_Page/select_PeriodEnding' 

2023-09-12 10:01:48 - [MESSAGE][PASSED] - All options with label 'January' are selected in object 'Object Repository/RAD_Pages/TaxTypeFilingYear_Page/select_PeriodEnding' 

2023-09-12 10:01:48 - [TEST_STEP][PASSED] - rad.getSetDataRAD.setDataRADBusinessName(): rad.getSetDataRAD.setDataRADBusinessName is PASSED

2023-09-12 10:01:49 - [MESSAGE][PASSED] - Text 'My Company' is set on object 'Object Repository/RAD_Pages/Taxpayer_Page/input_businessName'

2023-09-12 10:01:49 - [MESSAGE][PASSED] - rad.getSetDataRAD.setDataRADBusinessName is PASSED

2023-09-12 10:01:49 - [TEST_STEP][PASSED] - rad.getSetDataRAD.setDataRADAddress(): rad.getSetDataRAD.setDataRADAddress is PASSED

2023-09-12 10:01:51 - [MESSAGE][PASSED] - All options with label 'United States' are selected in object 'Object Repository/RAD_Pages/AddressAndContactInfo_Page/select_Country' 

2023-09-12 10:01:52 - [MESSAGE][PASSED] - Text '2508 Mandan Terrace' is set on object 'Object Repository/RAD_Pages/AddressAndContactInfo_Page/input_streetAddress1'

2023-09-12 10:01:53 - [MESSAGE][PASSED] - Text '' is set on object 'Object Repository/RAD_Pages/AddressAndContactInfo_Page/input_streetAddress2'

2023-09-12 10:01:53 - [MESSAGE][PASSED] - Text 'Gambrills' is set on object 'Object Repository/RAD_Pages/AddressAndContactInfo_Page/input_city'

2023-09-12 10:01:54 - [MESSAGE][PASSED] - All options with label 'Maryland' are selected in object 'Object Repository/RAD_Pages/AddressAndContactInfo_Page/select_State' 

2023-09-12 10:01:55 - [MESSAGE][PASSED] - Text '21054' is set on object 'Object Repository/RAD_Pages/AddressAndContactInfo_Page/input_zipCode'

2023-09-12 10:01:56 - [MESSAGE][PASSED] - Text '(703) 894-5000' is set on object 'Object Repository/RAD_Pages/AddressAndContactInfo_Page/input_phoneNumber'

2023-09-12 10:01:57 - [MESSAGE][PASSED] - Text 'iahmed@govolution.com' is set on object 'Object Repository/RAD_Pages/AddressAndContactInfo_Page/input_eMailAddress'

2023-09-12 10:01:58 - [MESSAGE][PASSED] - Text 'iahmed@govolution.com' is set on object 'Object Repository/RAD_Pages/AddressAndContactInfo_Page/input_reEnterEMailAddress'

2023-09-12 10:01:58 - [MESSAGE][PASSED] - rad.getSetDataRAD.setDataRADAddress is PASSED

2023-09-12 10:01:58 - [TEST_STEP][PASSED] - rad.getSetDataRAD.setDataRADFEIN(): rad.getSetDataRAD.setDataRADFEIN is PASSED

2023-09-12 10:01:59 - [MESSAGE][PASSED] - Text ****** has been set on object 'Object Repository/RAD_Pages/TaxInfo_Page/input_FederalEIN'

2023-09-12 10:01:59 - [MESSAGE][PASSED] - Text ****** has been set on object 'Object Repository/RAD_Pages/TaxInfo_Page/input_FederalEIN_ReEnter'

2023-09-12 10:01:59 - [MESSAGE][PASSED] - rad.getSetDataRAD.setDataRADFEIN is PASSED

2023-09-12 10:01:59 - [TEST_STEP][PASSED] - setText(findTestObject(orPath_Amount + "/input__paymentAmount"), "100.00"): Text '100.00' is set on object 'Object Repository/RAD_Pages/PaymentAmount_Page/input__paymentAmount'

2023-09-12 10:02:00 - [MESSAGE][PASSED] - Text '100.00' is set on object 'Object Repository/RAD_Pages/PaymentAmount_Page/input__paymentAmount'

2023-09-12 10:02:00 - [TEST_STEP][PASSED] - setText(findTestObject(orPath_AddressContact + "/input_streetAddress2"), ""): Text '' is set on object 'Object Repository/RAD_Pages/AddressAndContactInfo_Page/input_streetAddress2'

2023-09-12 10:02:01 - [MESSAGE][PASSED] - Text '' is set on object 'Object Repository/RAD_Pages/AddressAndContactInfo_Page/input_streetAddress2'

2023-09-12 10:02:01 - [TEST_STEP][PASSED] - scrollToElement(findTestObject(orPath_Landing + "/button_Continue"), 3): Scroll to object 'Object Repository/RAD_Pages/Landing_Page/button_Continue' successfully

2023-09-12 10:02:02 - [MESSAGE][PASSED] - Scroll to object 'Object Repository/RAD_Pages/Landing_Page/button_Continue' successfully

2023-09-12 10:02:02 - [TEST_STEP][PASSED] - waitForElementClickable(findTestObject(orPath_Landing + "/button_Continue"), 5): Object 'Object Repository/RAD_Pages/Landing_Page/button_Continue' is clickable

2023-09-12 10:02:02 - [MESSAGE][PASSED] - Object 'Object Repository/RAD_Pages/Landing_Page/button_Continue' is clickable

2023-09-12 10:02:02 - [TEST_STEP][PASSED] - click(findTestObject(orPath_Landing + "/button_Continue")): Object: 'Object Repository/RAD_Pages/Landing_Page/button_Continue' is clicked on

2023-09-12 10:02:02 - [MESSAGE][PASSED] - Object: 'Object Repository/RAD_Pages/Landing_Page/button_Continue' is clicked on

2023-09-12 10:02:02 - [TEST_STEP][PASSED] - delay(2): Delayed 2 second(s)

2023-09-12 10:02:04 - [MESSAGE][PASSED] - Delayed 2 second(s)

2023-09-12 10:02:04 - [TEST_STEP][PASSED] - verifyTextPresent("Summary", true): Text 'Summary' is present on page  using regular expression

2023-09-12 10:02:05 - [MESSAGE][PASSED] - Text 'Summary' is present on page  using regular expression

2023-09-12 10:02:05 - [TEST_STEP][PASSED] - verifyTextPresent("Review the information below and make any necessary corrections by clicking the", true): Text 'Review the information below and make any necessary corrections by clicking the' is present on page  using regular expression

2023-09-12 10:02:05 - [MESSAGE][PASSED] - Text 'Review the information below and make any necessary corrections by clicking the' is present on page  using regular expression

2023-09-12 10:02:05 - [TEST_STEP][PASSED] - verifyTextPresent("When you are confident that all the information is correct, click the", true): Text 'When you are confident that all the information is correct, click the' is present on page  using regular expression

2023-09-12 10:02:05 - [MESSAGE][PASSED] - Text 'When you are confident that all the information is correct, click the' is present on page  using regular expression

2023-09-12 10:02:05 - [TEST_STEP][PASSED] - verifyTextPresent("Payment Type/Filing Year", true): Text 'Payment Type/Filing Year' is present on page  using regular expression

2023-09-12 10:02:06 - [MESSAGE][PASSED] - Text 'Payment Type/Filing Year' is present on page  using regular expression

2023-09-12 10:02:06 - [TEST_STEP][PASSED] - verifyTextPresent("Payment Type:", true): Text 'Payment Type:' is present on page  using regular expression

2023-09-12 10:02:06 - [MESSAGE][PASSED] - Text 'Payment Type:' is present on page  using regular expression

2023-09-12 10:02:06 - [TEST_STEP][PASSED] - verifyTextPresent("Quarterly Estimated Tax", true): Text 'Quarterly Estimated Tax' is present on page  using regular expression

2023-09-12 10:02:07 - [MESSAGE][PASSED] - Text 'Quarterly Estimated Tax' is present on page  using regular expression

2023-09-12 10:02:07 - [TEST_STEP][PASSED] - verifyTextPresent("Filing Year:", true): Text 'Filing Year:' is present on page  using regular expression

2023-09-12 10:02:07 - [MESSAGE][PASSED] - Text 'Filing Year:' is present on page  using regular expression

2023-09-12 10:02:07 - [TEST_STEP][PASSED] - verifyTextPresent(FilingYear, true): Text '2023' is present on page  using regular expression

2023-09-12 10:02:07 - [MESSAGE][PASSED] - Text '2023' is present on page  using regular expression

2023-09-12 10:02:07 - [TEST_STEP][PASSED] - verifyTextPresent("Period Ending:", true): Text 'Period Ending:' is present on page  using regular expression

2023-09-12 10:02:08 - [MESSAGE][PASSED] - Text 'Period Ending:' is present on page  using regular expression

2023-09-12 10:02:08 - [TEST_STEP][PASSED] - verifyTextPresent(PeriodEndingMonth, true): Text 'January' is present on page  using regular expression

2023-09-12 10:02:08 - [MESSAGE][PASSED] - Text 'January' is present on page  using regular expression

2023-09-12 10:02:08 - [TEST_STEP][PASSED] - verifyTextPresent("Payer Information", true): Text 'Payer Information' is present on page  using regular expression

2023-09-12 10:02:08 - [MESSAGE][PASSED] - Text 'Payer Information' is present on page  using regular expression

2023-09-12 10:02:08 - [TEST_STEP][PASSED] - verifyTextPresent("Taxpayer Name:", true): Text 'Taxpayer Name:' is present on page  using regular expression

2023-09-12 10:02:09 - [MESSAGE][PASSED] - Text 'Taxpayer Name:' is present on page  using regular expression

2023-09-12 10:02:09 - [TEST_STEP][PASSED] - verifyTextPresent("My Company", true): Text 'My Company' is present on page  using regular expression

2023-09-12 10:02:09 - [MESSAGE][PASSED] - Text 'My Company' is present on page  using regular expression

2023-09-12 10:02:09 - [TEST_STEP][PASSED] - verifyTextPresent("Taxpayer Address:", true): Text 'Taxpayer Address:' is present on page  using regular expression

2023-09-12 10:02:10 - [MESSAGE][PASSED] - Text 'Taxpayer Address:' is present on page  using regular expression

2023-09-12 10:02:10 - [TEST_STEP][PASSED] - verifyTextPresent("2508 Mandan Terrace Gambrills Maryland 21054", true): Text '2508 Mandan Terrace Gambrills Maryland 21054' is present on page  using regular expression

2023-09-12 10:02:10 - [MESSAGE][PASSED] - Text '2508 Mandan Terrace Gambrills Maryland 21054' is present on page  using regular expression

2023-09-12 10:02:10 - [TEST_STEP][PASSED] - verifyTextPresent("Email:", true): Text 'Email:' is present on page  using regular expression

2023-09-12 10:02:10 - [MESSAGE][PASSED] - Text 'Email:' is present on page  using regular expression

2023-09-12 10:02:10 - [TEST_STEP][PASSED] - verifyTextPresent("iahmed@govolution.com", true): Text 'iahmed@govolution.com' is present on page  using regular expression

2023-09-12 10:02:11 - [MESSAGE][PASSED] - Text 'iahmed@govolution.com' is present on page  using regular expression

2023-09-12 10:02:11 - [TEST_STEP][PASSED] - verifyTextPresent("Phone:", true): Text 'Phone:' is present on page  using regular expression

2023-09-12 10:02:11 - [MESSAGE][PASSED] - Text 'Phone:' is present on page  using regular expression

2023-09-12 10:02:11 - [TEST_STEP][PASSED] - verifyTextPresent("(703) 894-5000", false): Text '(703) 894-5000' is present on page 

2023-09-12 10:02:11 - [MESSAGE][PASSED] - Text '(703) 894-5000' is present on page 

2023-09-12 10:02:11 - [TEST_STEP][PASSED] - verifyTextPresent("Tax Information", true): Text 'Tax Information' is present on page  using regular expression

2023-09-12 10:02:12 - [MESSAGE][PASSED] - Text 'Tax Information' is present on page  using regular expression

2023-09-12 10:02:12 - [TEST_STEP][PASSED] - verifyTextPresent("Federal EIN:", true): Text 'Federal EIN:' is present on page  using regular expression

2023-09-12 10:02:12 - [MESSAGE][PASSED] - Text 'Federal EIN:' is present on page  using regular expression

2023-09-12 10:02:12 - [TEST_STEP][PASSED] - verifyTextPresent("Payment Amount:", true): Text 'Payment Amount:' is present on page  using regular expression

2023-09-12 10:02:13 - [MESSAGE][PASSED] - Text 'Payment Amount:' is present on page  using regular expression

2023-09-12 10:02:13 - [TEST_STEP][PASSED] - verifyTextPresent("100.00", true): Text '100.00' is present on page  using regular expression

2023-09-12 10:02:13 - [MESSAGE][PASSED] - Text '100.00' is present on page  using regular expression

2023-09-12 10:02:13 - [TEST_STEP][PASSED] - click(findTestObject(orPath_Summary + "/button_Proceed to Payment")): Object: 'Object Repository/RAD_Pages/Summary_Page/button_Proceed to Payment' is clicked on

2023-09-12 10:02:44 - [MESSAGE][INFO] - Unable to find the element located by 'By.xpath: //*[(text() = 'Proceed to Payment' or . = 'Proceed to Payment')]'. Please recheck the objects properties to make sure the desired element is located. 

2023-09-12 10:02:44 - [MESSAGE][WARNING] - [SELF-HEALING] Failed to find element with id 'Object Repository/RAD_Pages/Summary_Page/button_Proceed to Payment'. Try using Self-healing.

2023-09-12 10:02:44 - [MESSAGE][WARNING] - [SELF-HEALING] The current locator of test object 'Object Repository/RAD_Pages/Summary_Page/button_Proceed to Payment' was broken. Propose an alternative one: '(.//*[normalize-space(text()) and normalize-space(.)='Payment Amount:'])[1]/following::button[1]'.

2023-09-12 10:02:46 - [MESSAGE][PASSED] - Object: 'Object Repository/RAD_Pages/Summary_Page/button_Proceed to Payment' is clicked on

2023-09-12 10:02:46 - [TEST_STEP][PASSED] - verifyTextPresent("Comptroller of Maryland", true): Text 'Comptroller of Maryland' is present on page  using regular expression

2023-09-12 10:02:47 - [MESSAGE][PASSED] - Text 'Comptroller of Maryland' is present on page  using regular expression

2023-09-12 10:02:47 - [TEST_STEP][PASSED] - verifyTextPresent("Revenue Administration Division", true): Text 'Revenue Administration Division' is present on page  using regular expression

2023-09-12 10:02:47 - [MESSAGE][PASSED] - Text 'Revenue Administration Division' is present on page  using regular expression

2023-09-12 10:02:47 - [TEST_STEP][PASSED] - verifyTextPresent("Payment Information", true): Text 'Payment Information' is present on page  using regular expression

2023-09-12 10:02:47 - [MESSAGE][PASSED] - Text 'Payment Information' is present on page  using regular expression

2023-09-12 10:02:47 - [TEST_STEP][PASSED] - card_Name = getAttribute(findTestObject("Object Repository/RAD_Pages/PaymentEntry_Page/input__billingName"), "value"): Attribute 'value' of object 'Object Repository/RAD_Pages/PaymentEntry_Page/input__billingName' is: ''

2023-09-12 10:02:48 - [MESSAGE][PASSED] - Attribute 'value' of object 'Object Repository/RAD_Pages/PaymentEntry_Page/input__billingName' is: ''

2023-09-12 10:02:48 - [TEST_STEP][PASSED] - verifyMatch("", card_Name, false): Actual text '' and expected text '' are matched 

2023-09-12 10:02:48 - [MESSAGE][PASSED] - Actual text '' and expected text '' are matched 

2023-09-12 10:02:48 - [TEST_STEP][PASSED] - AL1 = getAttribute(findTestObject("Object Repository/RAD_Pages/PaymentEntry_Page/input_billingAddress"), "value"): Attribute 'value' of object 'Object Repository/RAD_Pages/PaymentEntry_Page/input_billingAddress' is: '2508 Mandan Terrace'

2023-09-12 10:02:48 - [MESSAGE][PASSED] - Attribute 'value' of object 'Object Repository/RAD_Pages/PaymentEntry_Page/input_billingAddress' is: '2508 Mandan Terrace'

2023-09-12 10:02:48 - [TEST_STEP][PASSED] - verifyMatch("2508 Mandan Terrace", AL1, false): Actual text '2508 Mandan Terrace' and expected text '2508 Mandan Terrace' are matched 

2023-09-12 10:02:48 - [MESSAGE][PASSED] - Actual text '2508 Mandan Terrace' and expected text '2508 Mandan Terrace' are matched 

2023-09-12 10:02:48 - [TEST_STEP][PASSED] - AL2 = getAttribute(findTestObject("Object Repository/RAD_Pages/PaymentEntry_Page/input_billingAddress2"), "value"): Attribute 'value' of object 'Object Repository/RAD_Pages/PaymentEntry_Page/input_billingAddress2' is: ''

2023-09-12 10:02:48 - [MESSAGE][PASSED] - Attribute 'value' of object 'Object Repository/RAD_Pages/PaymentEntry_Page/input_billingAddress2' is: ''

2023-09-12 10:02:48 - [TEST_STEP][PASSED] - verifyMatch("", AL2, false): Actual text '' and expected text '' are matched 

2023-09-12 10:02:48 - [MESSAGE][PASSED] - Actual text '' and expected text '' are matched 

2023-09-12 10:02:48 - [TEST_STEP][PASSED] - zipCode = getAttribute(findTestObject("Object Repository/RAD_Pages/PaymentEntry_Page/input_billingZip"), "value"): Attribute 'value' of object 'Object Repository/RAD_Pages/PaymentEntry_Page/input_billingZip' is: '21054'

2023-09-12 10:02:49 - [MESSAGE][PASSED] - Attribute 'value' of object 'Object Repository/RAD_Pages/PaymentEntry_Page/input_billingZip' is: '21054'

2023-09-12 10:02:49 - [TEST_STEP][PASSED] - verifyMatch("21054", zipCode, false): Actual text '21054' and expected text '21054' are matched 

2023-09-12 10:02:49 - [MESSAGE][PASSED] - Actual text '21054' and expected text '21054' are matched 

2023-09-12 10:02:49 - [TEST_STEP][PASSED] - city = getAttribute(findTestObject("Object Repository/RAD_Pages/PaymentEntry_Page/input_billingCity"), "value"): Attribute 'value' of object 'Object Repository/RAD_Pages/PaymentEntry_Page/input_billingCity' is: 'GAMBRILLS'

2023-09-12 10:02:49 - [MESSAGE][PASSED] - Attribute 'value' of object 'Object Repository/RAD_Pages/PaymentEntry_Page/input_billingCity' is: 'GAMBRILLS'

2023-09-12 10:02:49 - [TEST_STEP][PASSED] - verifyMatch("GAMBRILLS", city, false): Actual text 'GAMBRILLS' and expected text 'GAMBRILLS' are matched 

2023-09-12 10:02:49 - [MESSAGE][PASSED] - Actual text 'GAMBRILLS' and expected text 'GAMBRILLS' are matched 

2023-09-12 10:02:49 - [TEST_STEP][PASSED] - email = getAttribute(findTestObject("Object Repository/RAD_Pages/PaymentEntry_Page/input_emailAddress"), "value"): Attribute 'value' of object 'Object Repository/RAD_Pages/PaymentEntry_Page/input_emailAddress' is: 'iahmed@govolution.com'

2023-09-12 10:02:49 - [MESSAGE][PASSED] - Attribute 'value' of object 'Object Repository/RAD_Pages/PaymentEntry_Page/input_emailAddress' is: 'iahmed@govolution.com'

2023-09-12 10:02:49 - [TEST_STEP][PASSED] - verifyMatch("iahmed@govolution.com", email, false): Actual text 'iahmed@govolution.com' and expected text 'iahmed@govolution.com' are matched 

2023-09-12 10:02:49 - [MESSAGE][PASSED] - Actual text 'iahmed@govolution.com' and expected text 'iahmed@govolution.com' are matched 

2023-09-12 10:02:49 - [TEST_STEP][PASSED] - amount = getAttribute(findTestObject("Object Repository/RAD_Pages/PaymentEntry_Page/input_amount"), "value"): Attribute 'value' of object 'Object Repository/RAD_Pages/PaymentEntry_Page/input_amount' is: '100.00'

2023-09-12 10:02:50 - [MESSAGE][PASSED] - Attribute 'value' of object 'Object Repository/RAD_Pages/PaymentEntry_Page/input_amount' is: '100.00'

2023-09-12 10:02:50 - [TEST_STEP][PASSED] - verifyMatch("100.00", amount, false): Actual text '100.00' and expected text '100.00' are matched 

2023-09-12 10:02:50 - [MESSAGE][PASSED] - Actual text '100.00' and expected text '100.00' are matched 

2023-09-12 10:02:50 - [TEST_STEP][PASSED] - amountReadOnly = getAttribute(findTestObject("Object Repository/RAD_Pages/PaymentEntry_Page/input_amount"), "readonly"): Attribute 'readonly' of object 'Object Repository/RAD_Pages/PaymentEntry_Page/input_amount' is: 'true'

2023-09-12 10:02:50 - [MESSAGE][PASSED] - Attribute 'readonly' of object 'Object Repository/RAD_Pages/PaymentEntry_Page/input_amount' is: 'true'

2023-09-12 10:02:50 - [TEST_STEP][PASSED] - verifyMatch("true", amountReadOnly, false): Actual text 'true' and expected text 'true' are matched 

2023-09-12 10:02:50 - [MESSAGE][PASSED] - Actual text 'true' and expected text 'true' are matched 

2023-09-12 10:02:50 - [TEST_STEP][PASSED] - verifyOptionSelectedByLabel(findTestObject("Object Repository/RAD_Pages/PaymentEntry_Page/select_Country"), "United States", false, 20): All options with label 'United States' are selected in object 'Object Repository/RAD_Pages/PaymentEntry_Page/select_Country' 

2023-09-12 10:02:51 - [MESSAGE][PASSED] - All options with label 'United States' are selected in object 'Object Repository/RAD_Pages/PaymentEntry_Page/select_Country' 

2023-09-12 10:02:51 - [TEST_STEP][PASSED] - verifyOptionSelectedByLabel(findTestObject("Object Repository/RAD_Pages/PaymentEntry_Page/select_State"), "Maryland", false, 20): All options with label 'Maryland' are selected in object 'Object Repository/RAD_Pages/PaymentEntry_Page/select_State' 

2023-09-12 10:02:54 - [MESSAGE][PASSED] - All options with label 'Maryland' are selected in object 'Object Repository/RAD_Pages/PaymentEntry_Page/select_State' 

2023-09-12 10:02:54 - [TEST_STEP][PASSED] - setText(findTestObject("Object Repository/RAD_Pages/PaymentEntry_Page/input__billingName"), "Anthony Gonzalez"): Text 'Anthony Gonzalez' is set on object 'Object Repository/RAD_Pages/PaymentEntry_Page/input__billingName'

2023-09-12 10:02:54 - [MESSAGE][PASSED] - Text 'Anthony Gonzalez' is set on object 'Object Repository/RAD_Pages/PaymentEntry_Page/input__billingName'

2023-09-12 10:02:54 - [TEST_STEP][PASSED] - setText(findTestObject(orPath_PaymentEntry + "/input__cardNumber"), "4111111111111111"): Text '4111111111111111' is set on object 'Object Repository/RAD_Pages/PaymentEntry_Page/input__cardNumber'

2023-09-12 10:02:55 - [MESSAGE][PASSED] - Text '4111111111111111' is set on object 'Object Repository/RAD_Pages/PaymentEntry_Page/input__cardNumber'

2023-09-12 10:02:55 - [TEST_STEP][PASSED] - setText(findTestObject(orPath_PaymentEntry + "/input__spc"), "123"): Text '123' is set on object 'Object Repository/RAD_Pages/PaymentEntry_Page/input__spc'

2023-09-12 10:02:56 - [MESSAGE][PASSED] - Text '123' is set on object 'Object Repository/RAD_Pages/PaymentEntry_Page/input__spc'

2023-09-12 10:02:56 - [TEST_STEP][PASSED] - selectOptionByLabel(findTestObject(orPath_PaymentEntry + "/select_MM"), "12", false): All options with label '12' are selected in object 'Object Repository/RAD_Pages/PaymentEntry_Page/select_MM' 

2023-09-12 10:02:57 - [MESSAGE][PASSED] - All options with label '12' are selected in object 'Object Repository/RAD_Pages/PaymentEntry_Page/select_MM' 

2023-09-12 10:02:57 - [TEST_STEP][PASSED] - selectOptionByLabel(findTestObject(orPath_PaymentEntry + "/select_YYYY"), "2028", false): All options with label '2028' are selected in object 'Object Repository/RAD_Pages/PaymentEntry_Page/select_YYYY' 

2023-09-12 10:02:57 - [MESSAGE][PASSED] - All options with label '2028' are selected in object 'Object Repository/RAD_Pages/PaymentEntry_Page/select_YYYY' 

2023-09-12 10:02:57 - [TEST_STEP][PASSED] - click(findTestObject(orPath_PaymentEntry + "/input_Field_ccSubmit")): Object: 'Object Repository/RAD_Pages/PaymentEntry_Page/input_Field_ccSubmit' is clicked on

2023-09-12 10:02:58 - [MESSAGE][PASSED] - Object: 'Object Repository/RAD_Pages/PaymentEntry_Page/input_Field_ccSubmit' is clicked on

2023-09-12 10:02:58 - [TEST_STEP][PASSED] - click(findTestObject(orPath_PaymentConfirmation + "/input_N_confirmNotifyAction")): Object: 'Object Repository/RAD_Pages/PaymentConfirmation_Page/input_N_confirmNotifyAction' is clicked on

2023-09-12 10:02:59 - [MESSAGE][PASSED] - Object: 'Object Repository/RAD_Pages/PaymentConfirmation_Page/input_N_confirmNotifyAction' is clicked on

2023-09-12 10:02:59 - [TEST_STEP][PASSED] - verifyTextPresent("Service Fee Acceptance", true): Text 'Service Fee Acceptance' is present on page  using regular expression

2023-09-12 10:03:00 - [MESSAGE][PASSED] - Text 'Service Fee Acceptance' is present on page  using regular expression

2023-09-12 10:03:00 - [TEST_STEP][PASSED] - verifyTextPresent("This transaction is subject to a Service Fee of ", true): Text 'This transaction is subject to a Service Fee of ' is present on page  using regular expression

2023-09-12 10:03:00 - [MESSAGE][PASSED] - Text 'This transaction is subject to a Service Fee of ' is present on page  using regular expression

2023-09-12 10:03:00 - [TEST_STEP][PASSED] - verifyTextPresent("Payment Amount:", true): Text 'Payment Amount:' is present on page  using regular expression

2023-09-12 10:03:01 - [MESSAGE][PASSED] - Text 'Payment Amount:' is present on page  using regular expression

2023-09-12 10:03:01 - [TEST_STEP][PASSED] - verifyTextPresent("100.00", true): Text '100.00' is present on page  using regular expression

2023-09-12 10:03:01 - [MESSAGE][PASSED] - Text '100.00' is present on page  using regular expression

2023-09-12 10:03:01 - [TEST_STEP][PASSED] - verifyTextPresent("Service Fee:", true): Text 'Service Fee:' is present on page  using regular expression

2023-09-12 10:03:01 - [MESSAGE][PASSED] - Text 'Service Fee:' is present on page  using regular expression

2023-09-12 10:03:01 - [TEST_STEP][PASSED] - verifyTextPresent("2.45", true): Text '2.45' is present on page  using regular expression

2023-09-12 10:03:01 - [MESSAGE][PASSED] - Text '2.45' is present on page  using regular expression

2023-09-12 10:03:01 - [TEST_STEP][PASSED] - verifyTextPresent("Total Amount:", true): Text 'Total Amount:' is present on page  using regular expression

2023-09-12 10:03:02 - [MESSAGE][PASSED] - Text 'Total Amount:' is present on page  using regular expression

2023-09-12 10:03:02 - [TEST_STEP][PASSED] - verifyTextPresent("102.45", true): Text '102.45' is present on page  using regular expression

2023-09-12 10:03:02 - [MESSAGE][PASSED] - Text '102.45' is present on page  using regular expression

2023-09-12 10:03:02 - [TEST_STEP][PASSED] - verifyTextPresent("Two transactions will appear on your bank statement, one in the amount of", true): Text 'Two transactions will appear on your bank statement, one in the amount of' is present on page  using regular expression

2023-09-12 10:03:02 - [MESSAGE][PASSED] - Text 'Two transactions will appear on your bank statement, one in the amount of' is present on page  using regular expression

2023-09-12 10:03:02 - [TEST_STEP][PASSED] - verifyElementPresent(findTestObject(orPath_ServiceFeesAccept + "/input_convFeeNotifyAction"), 30): Object 'Object Repository/RAD_Pages/ServiceFeeAccept_Page/input_convFeeNotifyAction' is present

2023-09-12 10:03:03 - [MESSAGE][PASSED] - Object 'Object Repository/RAD_Pages/ServiceFeeAccept_Page/input_convFeeNotifyAction' is present

2023-09-12 10:03:03 - [TEST_STEP][PASSED] - ExecuteTC = findTestData(dataFile).getValue("Execute", row): null

2023-09-12 10:03:03 - [TEST_STEP][PASSED] - TaxType = findTestData(dataFile).getValue("TaxType", row): null

2023-09-12 10:03:03 - [TEST_STEP][PASSED] - PaymentType = findTestData(dataFile).getValue("PaymentType", row): null

2023-09-12 10:03:03 - [TEST_STEP][PASSED] - FilingYear = findTestData(dataFile).getValue("Year", row): null

2023-09-12 10:03:03 - [TEST_STEP][PASSED] - PeriodEndingMonth = findTestData(dataFile).getValue("Month", row): null

2023-09-12 10:03:03 - [TEST_STEP][PASSED] - if (ExecuteTC.equalsIgnoreCase("Y")): Object 'Object Repository/RAD_Pages/ServiceFeeAccept_Page/input_convFeeNotifyAction' is present

2023-09-12 10:03:03 - [TEST_STEP][PASSED] - out.println("Begin Record Number: " + row): null

2023-09-12 10:03:03 - [TEST_STEP][PASSED] - today = new java.util.Date(): null

2023-09-12 10:03:03 - [TEST_STEP][PASSED] - println(today): null

2023-09-12 10:03:03 - [TEST_STEP][PASSED] - datText = today: null

2023-09-12 10:03:03 - [TEST_STEP][PASSED] - logInfo("Payment Type: Quarterly Estimated Tax"): Payment Type: Quarterly Estimated Tax

2023-09-12 10:03:03 - [MESSAGE][INFO] - Payment Type: Quarterly Estimated Tax

2023-09-12 10:03:03 - [TEST_STEP][PASSED] - logInfo("Tax Type: " + TaxType): Tax Type: PTE Tax Electing S Corp

2023-09-12 10:03:03 - [MESSAGE][INFO] - Tax Type: PTE Tax Electing S Corp

2023-09-12 10:03:03 - [TEST_STEP][PASSED] - openBrowser(""): Browser is opened with url: ''

2023-09-12 10:03:03 - [MESSAGE][WARNING] - A browser is already opened. Closing browser and opening a new one

2023-09-12 10:03:04 - [MESSAGE][INFO] - Starting 'Chrome' driver

2023-09-12 10:03:04 - [MESSAGE][INFO] - User set preference: ['acceptInsecureCerts', 'true']

2023-09-12 10:03:04 - [MESSAGE][INFO] - Action delay is set to 0 milliseconds

2023-09-12 10:03:05 - [MESSAGE][PASSED] - Browser is opened with url: ''

2023-09-12 10:03:05 - [TEST_STEP][PASSED] - maximizeWindow(): Current window maximized

2023-09-12 10:03:06 - [MESSAGE][PASSED] - Current window maximized

2023-09-12 10:03:06 - [TEST_STEP][PASSED] - navigateToUrl(RADurl): Navigate to 'https://demo.velocitypayment.com/client/rad/index.html' successfully

2023-09-12 10:03:07 - [MESSAGE][PASSED] - Navigate to 'https://demo.velocitypayment.com/client/rad/index.html' successfully

2023-09-12 10:03:07 - [TEST_STEP][PASSED] - selectOptionByLabel(findTestObject(orPath_Landing + "/dd_TaxType"), "Quarterly Estimated Tax", false): All options with label 'Quarterly Estimated Tax' are selected in object 'Object Repository/RAD_Pages/Landing_Page/dd_TaxType' 

2023-09-12 10:03:08 - [MESSAGE][PASSED] - All options with label 'Quarterly Estimated Tax' are selected in object 'Object Repository/RAD_Pages/Landing_Page/dd_TaxType' 

2023-09-12 10:03:08 - [TEST_STEP][PASSED] - selectOptionByLabel(findTestObject(orPath_TaxTypeFilingYear + "/select_PaymentType"), TaxType, false): All options with label 'PTE Tax Electing S Corp' are selected in object 'Object Repository/RAD_Pages/TaxTypeFilingYear_Page/select_PaymentType' 

2023-09-12 10:03:08 - [MESSAGE][PASSED] - All options with label 'PTE Tax Electing S Corp' are selected in object 'Object Repository/RAD_Pages/TaxTypeFilingYear_Page/select_PaymentType' 

2023-09-12 10:03:08 - [TEST_STEP][PASSED] - selectOptionByLabel(findTestObject(orPath_TaxTypeFilingYear + "/select_FilingYear"), FilingYear, false): All options with label '2023' are selected in object 'Object Repository/RAD_Pages/TaxTypeFilingYear_Page/select_FilingYear' 

2023-09-12 10:03:09 - [MESSAGE][PASSED] - All options with label '2023' are selected in object 'Object Repository/RAD_Pages/TaxTypeFilingYear_Page/select_FilingYear' 

2023-09-12 10:03:09 - [TEST_STEP][PASSED] - selectOptionByLabel(findTestObject(orPath_TaxTypeFilingYear + "/select_PeriodEnding"), PeriodEndingMonth, false): All options with label 'December' are selected in object 'Object Repository/RAD_Pages/TaxTypeFilingYear_Page/select_PeriodEnding' 

2023-09-12 10:03:10 - [MESSAGE][PASSED] - All options with label 'December' are selected in object 'Object Repository/RAD_Pages/TaxTypeFilingYear_Page/select_PeriodEnding' 

2023-09-12 10:03:10 - [TEST_STEP][PASSED] - rad.getSetDataRAD.setDataRADBusinessName(): rad.getSetDataRAD.setDataRADBusinessName is PASSED

2023-09-12 10:03:11 - [MESSAGE][PASSED] - Text 'My Company' is set on object 'Object Repository/RAD_Pages/Taxpayer_Page/input_businessName'

2023-09-12 10:03:11 - [MESSAGE][PASSED] - rad.getSetDataRAD.setDataRADBusinessName is PASSED

2023-09-12 10:03:11 - [TEST_STEP][PASSED] - rad.getSetDataRAD.setDataRADAddress(): rad.getSetDataRAD.setDataRADAddress is PASSED

2023-09-12 10:03:12 - [MESSAGE][PASSED] - All options with label 'United States' are selected in object 'Object Repository/RAD_Pages/AddressAndContactInfo_Page/select_Country' 

2023-09-12 10:03:13 - [MESSAGE][PASSED] - Text '2508 Mandan Terrace' is set on object 'Object Repository/RAD_Pages/AddressAndContactInfo_Page/input_streetAddress1'

2023-09-12 10:03:14 - [MESSAGE][PASSED] - Text '' is set on object 'Object Repository/RAD_Pages/AddressAndContactInfo_Page/input_streetAddress2'

2023-09-12 10:03:15 - [MESSAGE][PASSED] - Text 'Gambrills' is set on object 'Object Repository/RAD_Pages/AddressAndContactInfo_Page/input_city'

2023-09-12 10:03:16 - [MESSAGE][PASSED] - All options with label 'Maryland' are selected in object 'Object Repository/RAD_Pages/AddressAndContactInfo_Page/select_State' 

2023-09-12 10:03:16 - [MESSAGE][PASSED] - Text '21054' is set on object 'Object Repository/RAD_Pages/AddressAndContactInfo_Page/input_zipCode'

2023-09-12 10:03:17 - [MESSAGE][PASSED] - Text '(703) 894-5000' is set on object 'Object Repository/RAD_Pages/AddressAndContactInfo_Page/input_phoneNumber'

2023-09-12 10:03:18 - [MESSAGE][PASSED] - Text 'iahmed@govolution.com' is set on object 'Object Repository/RAD_Pages/AddressAndContactInfo_Page/input_eMailAddress'

2023-09-12 10:03:19 - [MESSAGE][PASSED] - Text 'iahmed@govolution.com' is set on object 'Object Repository/RAD_Pages/AddressAndContactInfo_Page/input_reEnterEMailAddress'

2023-09-12 10:03:19 - [MESSAGE][PASSED] - rad.getSetDataRAD.setDataRADAddress is PASSED

2023-09-12 10:03:19 - [TEST_STEP][PASSED] - rad.getSetDataRAD.setDataRADFEIN(): rad.getSetDataRAD.setDataRADFEIN is PASSED

2023-09-12 10:03:20 - [MESSAGE][PASSED] - Text ****** has been set on object 'Object Repository/RAD_Pages/TaxInfo_Page/input_FederalEIN'

2023-09-12 10:03:21 - [MESSAGE][PASSED] - Text ****** has been set on object 'Object Repository/RAD_Pages/TaxInfo_Page/input_FederalEIN_ReEnter'

2023-09-12 10:03:21 - [MESSAGE][PASSED] - rad.getSetDataRAD.setDataRADFEIN is PASSED

2023-09-12 10:03:21 - [TEST_STEP][PASSED] - setText(findTestObject(orPath_Amount + "/input__paymentAmount"), "100.00"): Text '100.00' is set on object 'Object Repository/RAD_Pages/PaymentAmount_Page/input__paymentAmount'

2023-09-12 10:03:22 - [MESSAGE][PASSED] - Text '100.00' is set on object 'Object Repository/RAD_Pages/PaymentAmount_Page/input__paymentAmount'

2023-09-12 10:03:22 - [TEST_STEP][PASSED] - setText(findTestObject(orPath_AddressContact + "/input_streetAddress2"), ""): Text '' is set on object 'Object Repository/RAD_Pages/AddressAndContactInfo_Page/input_streetAddress2'

2023-09-12 10:03:23 - [MESSAGE][PASSED] - Text '' is set on object 'Object Repository/RAD_Pages/AddressAndContactInfo_Page/input_streetAddress2'

2023-09-12 10:03:23 - [TEST_STEP][PASSED] - scrollToElement(findTestObject(orPath_Landing + "/button_Continue"), 3): Scroll to object 'Object Repository/RAD_Pages/Landing_Page/button_Continue' successfully

2023-09-12 10:03:23 - [MESSAGE][PASSED] - Scroll to object 'Object Repository/RAD_Pages/Landing_Page/button_Continue' successfully

2023-09-12 10:03:23 - [TEST_STEP][PASSED] - waitForElementClickable(findTestObject(orPath_Landing + "/button_Continue"), 5): Object 'Object Repository/RAD_Pages/Landing_Page/button_Continue' is clickable

2023-09-12 10:03:23 - [MESSAGE][PASSED] - Object 'Object Repository/RAD_Pages/Landing_Page/button_Continue' is clickable

2023-09-12 10:03:23 - [TEST_STEP][PASSED] - click(findTestObject(orPath_Landing + "/button_Continue")): Object: 'Object Repository/RAD_Pages/Landing_Page/button_Continue' is clicked on

2023-09-12 10:03:24 - [MESSAGE][PASSED] - Object: 'Object Repository/RAD_Pages/Landing_Page/button_Continue' is clicked on

2023-09-12 10:03:24 - [TEST_STEP][PASSED] - delay(2): Delayed 2 second(s)

2023-09-12 10:03:26 - [MESSAGE][PASSED] - Delayed 2 second(s)

2023-09-12 10:03:26 - [TEST_STEP][PASSED] - verifyTextPresent("Summary", true): Text 'Summary' is present on page  using regular expression

2023-09-12 10:03:26 - [MESSAGE][PASSED] - Text 'Summary' is present on page  using regular expression

2023-09-12 10:03:26 - [TEST_STEP][PASSED] - verifyTextPresent("Review the information below and make any necessary corrections by clicking the", true): Text 'Review the information below and make any necessary corrections by clicking the' is present on page  using regular expression

2023-09-12 10:03:27 - [MESSAGE][PASSED] - Text 'Review the information below and make any necessary corrections by clicking the' is present on page  using regular expression

2023-09-12 10:03:27 - [TEST_STEP][PASSED] - verifyTextPresent("When you are confident that all the information is correct, click the", true): Text 'When you are confident that all the information is correct, click the' is present on page  using regular expression

2023-09-12 10:03:27 - [MESSAGE][PASSED] - Text 'When you are confident that all the information is correct, click the' is present on page  using regular expression

2023-09-12 10:03:27 - [TEST_STEP][PASSED] - verifyTextPresent("Payment Type/Filing Year", true): Text 'Payment Type/Filing Year' is present on page  using regular expression

2023-09-12 10:03:27 - [MESSAGE][PASSED] - Text 'Payment Type/Filing Year' is present on page  using regular expression

2023-09-12 10:03:27 - [TEST_STEP][PASSED] - verifyTextPresent("Payment Type:", true): Text 'Payment Type:' is present on page  using regular expression

2023-09-12 10:03:28 - [MESSAGE][PASSED] - Text 'Payment Type:' is present on page  using regular expression

2023-09-12 10:03:28 - [TEST_STEP][PASSED] - verifyTextPresent("Quarterly Estimated Tax", true): Text 'Quarterly Estimated Tax' is present on page  using regular expression

2023-09-12 10:03:28 - [MESSAGE][PASSED] - Text 'Quarterly Estimated Tax' is present on page  using regular expression

2023-09-12 10:03:28 - [TEST_STEP][PASSED] - verifyTextPresent("Filing Year:", true): Text 'Filing Year:' is present on page  using regular expression

2023-09-12 10:03:28 - [MESSAGE][PASSED] - Text 'Filing Year:' is present on page  using regular expression

2023-09-12 10:03:28 - [TEST_STEP][PASSED] - verifyTextPresent(FilingYear, true): Text '2023' is present on page  using regular expression

2023-09-12 10:03:29 - [MESSAGE][PASSED] - Text '2023' is present on page  using regular expression

2023-09-12 10:03:29 - [TEST_STEP][PASSED] - verifyTextPresent("Period Ending:", true): Text 'Period Ending:' is present on page  using regular expression

2023-09-12 10:03:29 - [MESSAGE][PASSED] - Text 'Period Ending:' is present on page  using regular expression

2023-09-12 10:03:29 - [TEST_STEP][PASSED] - verifyTextPresent(PeriodEndingMonth, true): Text 'December' is present on page  using regular expression

2023-09-12 10:03:30 - [MESSAGE][PASSED] - Text 'December' is present on page  using regular expression

2023-09-12 10:03:30 - [TEST_STEP][PASSED] - verifyTextPresent("Payer Information", true): Text 'Payer Information' is present on page  using regular expression

2023-09-12 10:03:30 - [MESSAGE][PASSED] - Text 'Payer Information' is present on page  using regular expression

2023-09-12 10:03:30 - [TEST_STEP][PASSED] - verifyTextPresent("Taxpayer Name:", true): Text 'Taxpayer Name:' is present on page  using regular expression

2023-09-12 10:03:30 - [MESSAGE][PASSED] - Text 'Taxpayer Name:' is present on page  using regular expression

2023-09-12 10:03:30 - [TEST_STEP][PASSED] - verifyTextPresent("My Company", true): Text 'My Company' is present on page  using regular expression

2023-09-12 10:03:31 - [MESSAGE][PASSED] - Text 'My Company' is present on page  using regular expression

2023-09-12 10:03:31 - [TEST_STEP][PASSED] - verifyTextPresent("Taxpayer Address:", true): Text 'Taxpayer Address:' is present on page  using regular expression

2023-09-12 10:03:31 - [MESSAGE][PASSED] - Text 'Taxpayer Address:' is present on page  using regular expression

2023-09-12 10:03:31 - [TEST_STEP][PASSED] - verifyTextPresent("2508 Mandan Terrace Gambrills Maryland 21054", true): Text '2508 Mandan Terrace Gambrills Maryland 21054' is present on page  using regular expression

2023-09-12 10:03:32 - [MESSAGE][PASSED] - Text '2508 Mandan Terrace Gambrills Maryland 21054' is present on page  using regular expression

2023-09-12 10:03:32 - [TEST_STEP][PASSED] - verifyTextPresent("Email:", true): Text 'Email:' is present on page  using regular expression

2023-09-12 10:03:32 - [MESSAGE][PASSED] - Text 'Email:' is present on page  using regular expression

2023-09-12 10:03:32 - [TEST_STEP][PASSED] - verifyTextPresent("iahmed@govolution.com", true): Text 'iahmed@govolution.com' is present on page  using regular expression

2023-09-12 10:03:32 - [MESSAGE][PASSED] - Text 'iahmed@govolution.com' is present on page  using regular expression

2023-09-12 10:03:32 - [TEST_STEP][PASSED] - verifyTextPresent("Phone:", true): Text 'Phone:' is present on page  using regular expression

2023-09-12 10:03:33 - [MESSAGE][PASSED] - Text 'Phone:' is present on page  using regular expression

2023-09-12 10:03:33 - [TEST_STEP][PASSED] - verifyTextPresent("(703) 894-5000", false): Text '(703) 894-5000' is present on page 

2023-09-12 10:03:33 - [MESSAGE][PASSED] - Text '(703) 894-5000' is present on page 

2023-09-12 10:03:33 - [TEST_STEP][PASSED] - verifyTextPresent("Tax Information", true): Text 'Tax Information' is present on page  using regular expression

2023-09-12 10:03:33 - [MESSAGE][PASSED] - Text 'Tax Information' is present on page  using regular expression

2023-09-12 10:03:33 - [TEST_STEP][PASSED] - verifyTextPresent("Federal EIN:", true): Text 'Federal EIN:' is present on page  using regular expression

2023-09-12 10:03:34 - [MESSAGE][PASSED] - Text 'Federal EIN:' is present on page  using regular expression

2023-09-12 10:03:34 - [TEST_STEP][PASSED] - verifyTextPresent("Payment Amount:", true): Text 'Payment Amount:' is present on page  using regular expression

2023-09-12 10:03:34 - [MESSAGE][PASSED] - Text 'Payment Amount:' is present on page  using regular expression

2023-09-12 10:03:34 - [TEST_STEP][PASSED] - verifyTextPresent("100.00", true): Text '100.00' is present on page  using regular expression

2023-09-12 10:03:35 - [MESSAGE][PASSED] - Text '100.00' is present on page  using regular expression

2023-09-12 10:03:35 - [TEST_STEP][PASSED] - click(findTestObject(orPath_Summary + "/button_Proceed to Payment")): Object: 'Object Repository/RAD_Pages/Summary_Page/button_Proceed to Payment' is clicked on

2023-09-12 10:04:06 - [MESSAGE][INFO] - Unable to find the element located by 'By.xpath: //*[(text() = 'Proceed to Payment' or . = 'Proceed to Payment')]'. Please recheck the objects properties to make sure the desired element is located. 

2023-09-12 10:04:06 - [MESSAGE][WARNING] - [SELF-HEALING] Failed to find element with id 'Object Repository/RAD_Pages/Summary_Page/button_Proceed to Payment'. Try using Self-healing.

2023-09-12 10:04:06 - [MESSAGE][WARNING] - [SELF-HEALING] The current locator of test object 'Object Repository/RAD_Pages/Summary_Page/button_Proceed to Payment' was broken. Propose an alternative one: '(.//*[normalize-space(text()) and normalize-space(.)='Payment Amount:'])[1]/following::button[1]'.

2023-09-12 10:04:07 - [MESSAGE][PASSED] - Object: 'Object Repository/RAD_Pages/Summary_Page/button_Proceed to Payment' is clicked on

2023-09-12 10:04:07 - [TEST_STEP][PASSED] - verifyTextPresent("Comptroller of Maryland", true): Text 'Comptroller of Maryland' is present on page  using regular expression

2023-09-12 10:04:08 - [MESSAGE][PASSED] - Text 'Comptroller of Maryland' is present on page  using regular expression

2023-09-12 10:04:08 - [TEST_STEP][PASSED] - verifyTextPresent("Revenue Administration Division", true): Text 'Revenue Administration Division' is present on page  using regular expression

2023-09-12 10:04:08 - [MESSAGE][PASSED] - Text 'Revenue Administration Division' is present on page  using regular expression

2023-09-12 10:04:08 - [TEST_STEP][PASSED] - verifyTextPresent("Payment Information", true): Text 'Payment Information' is present on page  using regular expression

2023-09-12 10:04:08 - [MESSAGE][PASSED] - Text 'Payment Information' is present on page  using regular expression

2023-09-12 10:04:08 - [TEST_STEP][PASSED] - card_Name = getAttribute(findTestObject("Object Repository/RAD_Pages/PaymentEntry_Page/input__billingName"), "value"): Attribute 'value' of object 'Object Repository/RAD_Pages/PaymentEntry_Page/input__billingName' is: ''

2023-09-12 10:04:09 - [MESSAGE][PASSED] - Attribute 'value' of object 'Object Repository/RAD_Pages/PaymentEntry_Page/input__billingName' is: ''

2023-09-12 10:04:09 - [TEST_STEP][PASSED] - verifyMatch("", card_Name, false): Actual text '' and expected text '' are matched 

2023-09-12 10:04:09 - [MESSAGE][PASSED] - Actual text '' and expected text '' are matched 

2023-09-12 10:04:09 - [TEST_STEP][PASSED] - AL1 = getAttribute(findTestObject("Object Repository/RAD_Pages/PaymentEntry_Page/input_billingAddress"), "value"): Attribute 'value' of object 'Object Repository/RAD_Pages/PaymentEntry_Page/input_billingAddress' is: '2508 Mandan Terrace'

2023-09-12 10:04:09 - [MESSAGE][PASSED] - Attribute 'value' of object 'Object Repository/RAD_Pages/PaymentEntry_Page/input_billingAddress' is: '2508 Mandan Terrace'

2023-09-12 10:04:09 - [TEST_STEP][PASSED] - verifyMatch("2508 Mandan Terrace", AL1, false): Actual text '2508 Mandan Terrace' and expected text '2508 Mandan Terrace' are matched 

2023-09-12 10:04:09 - [MESSAGE][PASSED] - Actual text '2508 Mandan Terrace' and expected text '2508 Mandan Terrace' are matched 

2023-09-12 10:04:09 - [TEST_STEP][PASSED] - AL2 = getAttribute(findTestObject("Object Repository/RAD_Pages/PaymentEntry_Page/input_billingAddress2"), "value"): Attribute 'value' of object 'Object Repository/RAD_Pages/PaymentEntry_Page/input_billingAddress2' is: ''

2023-09-12 10:04:09 - [MESSAGE][PASSED] - Attribute 'value' of object 'Object Repository/RAD_Pages/PaymentEntry_Page/input_billingAddress2' is: ''

2023-09-12 10:04:09 - [TEST_STEP][PASSED] - verifyMatch("", AL2, false): Actual text '' and expected text '' are matched 

2023-09-12 10:04:09 - [MESSAGE][PASSED] - Actual text '' and expected text '' are matched 

2023-09-12 10:04:09 - [TEST_STEP][PASSED] - zipCode = getAttribute(findTestObject("Object Repository/RAD_Pages/PaymentEntry_Page/input_billingZip"), "value"): Attribute 'value' of object 'Object Repository/RAD_Pages/PaymentEntry_Page/input_billingZip' is: '21054'

2023-09-12 10:04:10 - [MESSAGE][PASSED] - Attribute 'value' of object 'Object Repository/RAD_Pages/PaymentEntry_Page/input_billingZip' is: '21054'

2023-09-12 10:04:10 - [TEST_STEP][PASSED] - verifyMatch("21054", zipCode, false): Actual text '21054' and expected text '21054' are matched 

2023-09-12 10:04:10 - [MESSAGE][PASSED] - Actual text '21054' and expected text '21054' are matched 

2023-09-12 10:04:10 - [TEST_STEP][PASSED] - city = getAttribute(findTestObject("Object Repository/RAD_Pages/PaymentEntry_Page/input_billingCity"), "value"): Attribute 'value' of object 'Object Repository/RAD_Pages/PaymentEntry_Page/input_billingCity' is: 'GAMBRILLS'

2023-09-12 10:04:10 - [MESSAGE][PASSED] - Attribute 'value' of object 'Object Repository/RAD_Pages/PaymentEntry_Page/input_billingCity' is: 'GAMBRILLS'

2023-09-12 10:04:10 - [TEST_STEP][PASSED] - verifyMatch("GAMBRILLS", city, false): Actual text 'GAMBRILLS' and expected text 'GAMBRILLS' are matched 

2023-09-12 10:04:10 - [MESSAGE][PASSED] - Actual text 'GAMBRILLS' and expected text 'GAMBRILLS' are matched 

2023-09-12 10:04:10 - [TEST_STEP][PASSED] - email = getAttribute(findTestObject("Object Repository/RAD_Pages/PaymentEntry_Page/input_emailAddress"), "value"): Attribute 'value' of object 'Object Repository/RAD_Pages/PaymentEntry_Page/input_emailAddress' is: 'iahmed@govolution.com'

2023-09-12 10:04:10 - [MESSAGE][PASSED] - Attribute 'value' of object 'Object Repository/RAD_Pages/PaymentEntry_Page/input_emailAddress' is: 'iahmed@govolution.com'

2023-09-12 10:04:10 - [TEST_STEP][PASSED] - verifyMatch("iahmed@govolution.com", email, false): Actual text 'iahmed@govolution.com' and expected text 'iahmed@govolution.com' are matched 

2023-09-12 10:04:10 - [MESSAGE][PASSED] - Actual text 'iahmed@govolution.com' and expected text 'iahmed@govolution.com' are matched 

2023-09-12 10:04:10 - [TEST_STEP][PASSED] - amount = getAttribute(findTestObject("Object Repository/RAD_Pages/PaymentEntry_Page/input_amount"), "value"): Attribute 'value' of object 'Object Repository/RAD_Pages/PaymentEntry_Page/input_amount' is: '100.00'

2023-09-12 10:04:11 - [MESSAGE][PASSED] - Attribute 'value' of object 'Object Repository/RAD_Pages/PaymentEntry_Page/input_amount' is: '100.00'

2023-09-12 10:04:11 - [TEST_STEP][PASSED] - verifyMatch("100.00", amount, false): Actual text '100.00' and expected text '100.00' are matched 

2023-09-12 10:04:11 - [MESSAGE][PASSED] - Actual text '100.00' and expected text '100.00' are matched 

2023-09-12 10:04:11 - [TEST_STEP][PASSED] - amountReadOnly = getAttribute(findTestObject("Object Repository/RAD_Pages/PaymentEntry_Page/input_amount"), "readonly"): Attribute 'readonly' of object 'Object Repository/RAD_Pages/PaymentEntry_Page/input_amount' is: 'true'

2023-09-12 10:04:11 - [MESSAGE][PASSED] - Attribute 'readonly' of object 'Object Repository/RAD_Pages/PaymentEntry_Page/input_amount' is: 'true'

2023-09-12 10:04:11 - [TEST_STEP][PASSED] - verifyMatch("true", amountReadOnly, false): Actual text 'true' and expected text 'true' are matched 

2023-09-12 10:04:11 - [MESSAGE][PASSED] - Actual text 'true' and expected text 'true' are matched 

2023-09-12 10:04:11 - [TEST_STEP][PASSED] - verifyOptionSelectedByLabel(findTestObject("Object Repository/RAD_Pages/PaymentEntry_Page/select_Country"), "United States", false, 20): All options with label 'United States' are selected in object 'Object Repository/RAD_Pages/PaymentEntry_Page/select_Country' 

2023-09-12 10:04:12 - [MESSAGE][PASSED] - All options with label 'United States' are selected in object 'Object Repository/RAD_Pages/PaymentEntry_Page/select_Country' 

2023-09-12 10:04:12 - [TEST_STEP][PASSED] - verifyOptionSelectedByLabel(findTestObject("Object Repository/RAD_Pages/PaymentEntry_Page/select_State"), "Maryland", false, 20): All options with label 'Maryland' are selected in object 'Object Repository/RAD_Pages/PaymentEntry_Page/select_State' 

2023-09-12 10:04:15 - [MESSAGE][PASSED] - All options with label 'Maryland' are selected in object 'Object Repository/RAD_Pages/PaymentEntry_Page/select_State' 

2023-09-12 10:04:15 - [TEST_STEP][PASSED] - setText(findTestObject("Object Repository/RAD_Pages/PaymentEntry_Page/input__billingName"), "Anthony Gonzalez"): Text 'Anthony Gonzalez' is set on object 'Object Repository/RAD_Pages/PaymentEntry_Page/input__billingName'

2023-09-12 10:04:16 - [MESSAGE][PASSED] - Text 'Anthony Gonzalez' is set on object 'Object Repository/RAD_Pages/PaymentEntry_Page/input__billingName'

2023-09-12 10:04:16 - [TEST_STEP][PASSED] - setText(findTestObject(orPath_PaymentEntry + "/input__cardNumber"), "4111111111111111"): Text '4111111111111111' is set on object 'Object Repository/RAD_Pages/PaymentEntry_Page/input__cardNumber'

2023-09-12 10:04:16 - [MESSAGE][PASSED] - Text '4111111111111111' is set on object 'Object Repository/RAD_Pages/PaymentEntry_Page/input__cardNumber'

2023-09-12 10:04:16 - [TEST_STEP][PASSED] - setText(findTestObject(orPath_PaymentEntry + "/input__spc"), "123"): Text '123' is set on object 'Object Repository/RAD_Pages/PaymentEntry_Page/input__spc'

2023-09-12 10:04:17 - [MESSAGE][PASSED] - Text '123' is set on object 'Object Repository/RAD_Pages/PaymentEntry_Page/input__spc'

2023-09-12 10:04:17 - [TEST_STEP][PASSED] - selectOptionByLabel(findTestObject(orPath_PaymentEntry + "/select_MM"), "12", false): All options with label '12' are selected in object 'Object Repository/RAD_Pages/PaymentEntry_Page/select_MM' 

2023-09-12 10:04:18 - [MESSAGE][PASSED] - All options with label '12' are selected in object 'Object Repository/RAD_Pages/PaymentEntry_Page/select_MM' 

2023-09-12 10:04:18 - [TEST_STEP][PASSED] - selectOptionByLabel(findTestObject(orPath_PaymentEntry + "/select_YYYY"), "2028", false): All options with label '2028' are selected in object 'Object Repository/RAD_Pages/PaymentEntry_Page/select_YYYY' 

2023-09-12 10:04:18 - [MESSAGE][PASSED] - All options with label '2028' are selected in object 'Object Repository/RAD_Pages/PaymentEntry_Page/select_YYYY' 

2023-09-12 10:04:18 - [TEST_STEP][PASSED] - click(findTestObject(orPath_PaymentEntry + "/input_Field_ccSubmit")): Object: 'Object Repository/RAD_Pages/PaymentEntry_Page/input_Field_ccSubmit' is clicked on

2023-09-12 10:04:19 - [MESSAGE][PASSED] - Object: 'Object Repository/RAD_Pages/PaymentEntry_Page/input_Field_ccSubmit' is clicked on

2023-09-12 10:04:19 - [TEST_STEP][PASSED] - click(findTestObject(orPath_PaymentConfirmation + "/input_N_confirmNotifyAction")): Object: 'Object Repository/RAD_Pages/PaymentConfirmation_Page/input_N_confirmNotifyAction' is clicked on

2023-09-12 10:04:20 - [MESSAGE][PASSED] - Object: 'Object Repository/RAD_Pages/PaymentConfirmation_Page/input_N_confirmNotifyAction' is clicked on

2023-09-12 10:04:20 - [TEST_STEP][PASSED] - verifyTextPresent("Service Fee Acceptance", true): Text 'Service Fee Acceptance' is present on page  using regular expression

2023-09-12 10:04:21 - [MESSAGE][PASSED] - Text 'Service Fee Acceptance' is present on page  using regular expression

2023-09-12 10:04:21 - [TEST_STEP][PASSED] - verifyTextPresent("This transaction is subject to a Service Fee of ", true): Text 'This transaction is subject to a Service Fee of ' is present on page  using regular expression

2023-09-12 10:04:21 - [MESSAGE][PASSED] - Text 'This transaction is subject to a Service Fee of ' is present on page  using regular expression

2023-09-12 10:04:21 - [TEST_STEP][PASSED] - verifyTextPresent("Payment Amount:", true): Text 'Payment Amount:' is present on page  using regular expression

2023-09-12 10:04:21 - [MESSAGE][PASSED] - Text 'Payment Amount:' is present on page  using regular expression

2023-09-12 10:04:21 - [TEST_STEP][PASSED] - verifyTextPresent("100.00", true): Text '100.00' is present on page  using regular expression

2023-09-12 10:04:22 - [MESSAGE][PASSED] - Text '100.00' is present on page  using regular expression

2023-09-12 10:04:22 - [TEST_STEP][PASSED] - verifyTextPresent("Service Fee:", true): Text 'Service Fee:' is present on page  using regular expression

2023-09-12 10:04:22 - [MESSAGE][PASSED] - Text 'Service Fee:' is present on page  using regular expression

2023-09-12 10:04:22 - [TEST_STEP][PASSED] - verifyTextPresent("2.45", true): Text '2.45' is present on page  using regular expression

2023-09-12 10:04:22 - [MESSAGE][PASSED] - Text '2.45' is present on page  using regular expression

2023-09-12 10:04:22 - [TEST_STEP][PASSED] - verifyTextPresent("Total Amount:", true): Text 'Total Amount:' is present on page  using regular expression

2023-09-12 10:04:23 - [MESSAGE][PASSED] - Text 'Total Amount:' is present on page  using regular expression

2023-09-12 10:04:23 - [TEST_STEP][PASSED] - verifyTextPresent("102.45", true): Text '102.45' is present on page  using regular expression

2023-09-12 10:04:23 - [MESSAGE][PASSED] - Text '102.45' is present on page  using regular expression

2023-09-12 10:04:23 - [TEST_STEP][PASSED] - verifyTextPresent("Two transactions will appear on your bank statement, one in the amount of", true): Text 'Two transactions will appear on your bank statement, one in the amount of' is present on page  using regular expression

2023-09-12 10:04:23 - [MESSAGE][PASSED] - Text 'Two transactions will appear on your bank statement, one in the amount of' is present on page  using regular expression

2023-09-12 10:04:23 - [TEST_STEP][PASSED] - verifyElementPresent(findTestObject(orPath_ServiceFeesAccept + "/input_convFeeNotifyAction"), 30): Object 'Object Repository/RAD_Pages/ServiceFeeAccept_Page/input_convFeeNotifyAction' is present

2023-09-12 10:04:23 - [MESSAGE][PASSED] - Object 'Object Repository/RAD_Pages/ServiceFeeAccept_Page/input_convFeeNotifyAction' is present]]></system-out>
         <system-err><![CDATA[]]></system-err>
      </testcase>
      <system-out><![CDATA[2023-09-12 09:56:06 - [TEST_SUITE][PASSED] - Temp: Test Cases/RAD_TestCases/Payments_TestCases/Estimated_Payments/Estimated_Payments_TC]]></system-out>
      <system-err><![CDATA[]]></system-err>
   </testsuite>
</testsuites>
