<?xml version="1.0" encoding="UTF-8"?>
<testsuites name="RAD_UI_TestSuite" time="7634.383" tests="33" failures="8" errors="0">
   <testsuite name="RAD_UI_TestSuite" tests="33" failures="8" errors="0" time="7634.383" skipped="0" timestamp="2021-11-19 10:28:11" hostname="iahmed - DESKTOP-B2QI6NS.govolution.com" id="Test Suites/RAD_TestSuite/RAD_UI_TestSuite">
      <properties>
         <property name="deviceName" value=""/>
         <property name="devicePlatform" value=""/>
         <property name="logFolder" value="E:\\Cloned-Project-Katalon\\VPS-Katalon\\Reports\\20211119_102807\\RAD_TestSuite\\RAD_UI_TestSuite\\20211119_102807"/>
         <property name="logFiles" value="E:\\Cloned-Project-Katalon\\VPS-Katalon\\Reports\\20211119_102807\\RAD_TestSuite\\RAD_UI_TestSuite\\20211119_102807\\execution0.log"/>
         <property name="attachments" value="E:\\Cloned-Project-Katalon\\VPS-Katalon\\Reports\\20211119_102807\\RAD_TestSuite\\RAD_UI_TestSuite\\20211119_102807\\1637335765481.png, E:\\Cloned-Project-Katalon\\VPS-Katalon\\Reports\\20211119_102807\\RAD_TestSuite\\RAD_UI_TestSuite\\20211119_102807\\1637335797213.png, E:\\Cloned-Project-Katalon\\VPS-Katalon\\Reports\\20211119_102807\\RAD_TestSuite\\RAD_UI_TestSuite\\20211119_102807\\1637335835532.png, E:\\Cloned-Project-Katalon\\VPS-Katalon\\Reports\\20211119_102807\\RAD_TestSuite\\RAD_UI_TestSuite\\20211119_102807\\1637335869432.png, E:\\Cloned-Project-Katalon\\VPS-Katalon\\Reports\\20211119_102807\\RAD_TestSuite\\RAD_UI_TestSuite\\20211119_102807\\1637336003787.png, E:\\Cloned-Project-Katalon\\VPS-Katalon\\Reports\\20211119_102807\\RAD_TestSuite\\RAD_UI_TestSuite\\20211119_102807\\1637336035482.png, E:\\Cloned-Project-Katalon\\VPS-Katalon\\Reports\\20211119_102807\\RAD_TestSuite\\RAD_UI_TestSuite\\20211119_102807\\1637336092440.png, E:\\Cloned-Project-Katalon\\VPS-Katalon\\Reports\\20211119_102807\\RAD_TestSuite\\RAD_UI_TestSuite\\20211119_102807\\1637336124097.png, E:\\Cloned-Project-Katalon\\VPS-Katalon\\Reports\\20211119_102807\\RAD_TestSuite\\RAD_UI_TestSuite\\20211119_102807\\1637336358692.png, E:\\Cloned-Project-Katalon\\VPS-Katalon\\Reports\\20211119_102807\\RAD_TestSuite\\RAD_UI_TestSuite\\20211119_102807\\1637336416775.png, E:\\Cloned-Project-Katalon\\VPS-Katalon\\Reports\\20211119_102807\\RAD_TestSuite\\RAD_UI_TestSuite\\20211119_102807\\1637336417350.png, E:\\Cloned-Project-Katalon\\VPS-Katalon\\Reports\\20211119_102807\\RAD_TestSuite\\RAD_UI_TestSuite\\20211119_102807\\1637336418181.png, E:\\Cloned-Project-Katalon\\VPS-Katalon\\Reports\\20211119_102807\\RAD_TestSuite\\RAD_UI_TestSuite\\20211119_102807\\1637336642192.png, E:\\Cloned-Project-Katalon\\VPS-Katalon\\Reports\\20211119_102807\\RAD_TestSuite\\RAD_UI_TestSuite\\20211119_102807\\1637336780454.png, E:\\Cloned-Project-Katalon\\VPS-Katalon\\Reports\\20211119_102807\\RAD_TestSuite\\RAD_UI_TestSuite\\20211119_102807\\1637336918876.png, E:\\Cloned-Project-Katalon\\VPS-Katalon\\Reports\\20211119_102807\\RAD_TestSuite\\RAD_UI_TestSuite\\20211119_102807\\1637338345009.png, E:\\Cloned-Project-Katalon\\VPS-Katalon\\Reports\\20211119_102807\\RAD_TestSuite\\RAD_UI_TestSuite\\20211119_102807\\1637338347403.png, E:\\Cloned-Project-Katalon\\VPS-Katalon\\Reports\\20211119_102807\\RAD_TestSuite\\RAD_UI_TestSuite\\20211119_102807\\1637338379159.png, E:\\Cloned-Project-Katalon\\VPS-Katalon\\Reports\\20211119_102807\\RAD_TestSuite\\RAD_UI_TestSuite\\20211119_102807\\1637338474387.png, E:\\Cloned-Project-Katalon\\VPS-Katalon\\Reports\\20211119_102807\\RAD_TestSuite\\RAD_UI_TestSuite\\20211119_102807\\1637338509229.png, E:\\Cloned-Project-Katalon\\VPS-Katalon\\Reports\\20211119_102807\\RAD_TestSuite\\RAD_UI_TestSuite\\20211119_102807\\1637338544248.png, E:\\Cloned-Project-Katalon\\VPS-Katalon\\Reports\\20211119_102807\\RAD_TestSuite\\RAD_UI_TestSuite\\20211119_102807\\1637338576937.png, E:\\Cloned-Project-Katalon\\VPS-Katalon\\Reports\\20211119_102807\\RAD_TestSuite\\RAD_UI_TestSuite\\20211119_102807\\1637338609786.png, E:\\Cloned-Project-Katalon\\VPS-Katalon\\Reports\\20211119_102807\\RAD_TestSuite\\RAD_UI_TestSuite\\20211119_102807\\1637338694531.png, E:\\Cloned-Project-Katalon\\VPS-Katalon\\Reports\\20211119_102807\\RAD_TestSuite\\RAD_UI_TestSuite\\20211119_102807\\1637338695125.png, E:\\Cloned-Project-Katalon\\VPS-Katalon\\Reports\\20211119_102807\\RAD_TestSuite\\RAD_UI_TestSuite\\20211119_102807\\1637338705804.png, E:\\Cloned-Project-Katalon\\VPS-Katalon\\Reports\\20211119_102807\\RAD_TestSuite\\RAD_UI_TestSuite\\20211119_102807\\1637338863795.png, E:\\Cloned-Project-Katalon\\VPS-Katalon\\Reports\\20211119_102807\\RAD_TestSuite\\RAD_UI_TestSuite\\20211119_102807\\1637338898643.png, E:\\Cloned-Project-Katalon\\VPS-Katalon\\Reports\\20211119_102807\\RAD_TestSuite\\RAD_UI_TestSuite\\20211119_102807\\1637338933709.png, E:\\Cloned-Project-Katalon\\VPS-Katalon\\Reports\\20211119_102807\\RAD_TestSuite\\RAD_UI_TestSuite\\20211119_102807\\1637338965590.png, E:\\Cloned-Project-Katalon\\VPS-Katalon\\Reports\\20211119_102807\\RAD_TestSuite\\RAD_UI_TestSuite\\20211119_102807\\1637338997343.png, E:\\Cloned-Project-Katalon\\VPS-Katalon\\Reports\\20211119_102807\\RAD_TestSuite\\RAD_UI_TestSuite\\20211119_102807\\1637339866311.png, E:\\Cloned-Project-Katalon\\VPS-Katalon\\Reports\\20211119_102807\\RAD_TestSuite\\RAD_UI_TestSuite\\20211119_102807\\1637339868747.png, E:\\Cloned-Project-Katalon\\VPS-Katalon\\Reports\\20211119_102807\\RAD_TestSuite\\RAD_UI_TestSuite\\20211119_102807\\1637339900600.png, E:\\Cloned-Project-Katalon\\VPS-Katalon\\Reports\\20211119_102807\\RAD_TestSuite\\RAD_UI_TestSuite\\20211119_102807\\1637339995887.png, E:\\Cloned-Project-Katalon\\VPS-Katalon\\Reports\\20211119_102807\\RAD_TestSuite\\RAD_UI_TestSuite\\20211119_102807\\1637340030770.png, E:\\Cloned-Project-Katalon\\VPS-Katalon\\Reports\\20211119_102807\\RAD_TestSuite\\RAD_UI_TestSuite\\20211119_102807\\1637340065846.png, E:\\Cloned-Project-Katalon\\VPS-Katalon\\Reports\\20211119_102807\\RAD_TestSuite\\RAD_UI_TestSuite\\20211119_102807\\1637340098695.png, E:\\Cloned-Project-Katalon\\VPS-Katalon\\Reports\\20211119_102807\\RAD_TestSuite\\RAD_UI_TestSuite\\20211119_102807\\1637340131445.png, E:\\Cloned-Project-Katalon\\VPS-Katalon\\Reports\\20211119_102807\\RAD_TestSuite\\RAD_UI_TestSuite\\20211119_102807\\1637340216581.png, E:\\Cloned-Project-Katalon\\VPS-Katalon\\Reports\\20211119_102807\\RAD_TestSuite\\RAD_UI_TestSuite\\20211119_102807\\1637340217185.png, E:\\Cloned-Project-Katalon\\VPS-Katalon\\Reports\\20211119_102807\\RAD_TestSuite\\RAD_UI_TestSuite\\20211119_102807\\1637340228118.png, E:\\Cloned-Project-Katalon\\VPS-Katalon\\Reports\\20211119_102807\\RAD_TestSuite\\RAD_UI_TestSuite\\20211119_102807\\1637340386274.png, E:\\Cloned-Project-Katalon\\VPS-Katalon\\Reports\\20211119_102807\\RAD_TestSuite\\RAD_UI_TestSuite\\20211119_102807\\1637340421211.png, E:\\Cloned-Project-Katalon\\VPS-Katalon\\Reports\\20211119_102807\\RAD_TestSuite\\RAD_UI_TestSuite\\20211119_102807\\1637340456424.png, E:\\Cloned-Project-Katalon\\VPS-Katalon\\Reports\\20211119_102807\\RAD_TestSuite\\RAD_UI_TestSuite\\20211119_102807\\1637340488095.png, E:\\Cloned-Project-Katalon\\VPS-Katalon\\Reports\\20211119_102807\\RAD_TestSuite\\RAD_UI_TestSuite\\20211119_102807\\1637340519928.png, E:\\Cloned-Project-Katalon\\VPS-Katalon\\Reports\\20211119_102807\\RAD_TestSuite\\RAD_UI_TestSuite\\20211119_102807\\1637340835537.png, E:\\Cloned-Project-Katalon\\VPS-Katalon\\Reports\\20211119_102807\\RAD_TestSuite\\RAD_UI_TestSuite\\20211119_102807\\1637340994122.png, E:\\Cloned-Project-Katalon\\VPS-Katalon\\Reports\\20211119_102807\\RAD_TestSuite\\RAD_UI_TestSuite\\20211119_102807\\1637341028882.png, E:\\Cloned-Project-Katalon\\VPS-Katalon\\Reports\\20211119_102807\\RAD_TestSuite\\RAD_UI_TestSuite\\20211119_102807\\1637341064302.png, E:\\Cloned-Project-Katalon\\VPS-Katalon\\Reports\\20211119_102807\\RAD_TestSuite\\RAD_UI_TestSuite\\20211119_102807\\1637341096988.png, E:\\Cloned-Project-Katalon\\VPS-Katalon\\Reports\\20211119_102807\\RAD_TestSuite\\RAD_UI_TestSuite\\20211119_102807\\1637341129894.png, E:\\Cloned-Project-Katalon\\VPS-Katalon\\Reports\\20211119_102807\\RAD_TestSuite\\RAD_UI_TestSuite\\20211119_102807\\1637341830577.png"/>
         <property name="hostName" value="iahmed - DESKTOP-B2QI6NS.govolution.com"/>
         <property name="os" value="Windows 10 64bit"/>
         <property name="katalonVersion" value="8.1.0.208"/>
         <property name="browser" value="Chrome 96.0.4664.45"/>
         <property name="hostAddress" value="172.30.2.167"/>
         <property name="sessionId" value="4dcf8fadad06521808afaacbb63fee9b"/>
         <property name="seleniumVersion" value="3.141.59"/>
         <property name="proxyInformation" value="ProxyInformation { proxyOption=NO_PROXY, proxyServerType=HTTP, username=, password=********, proxyServerAddress=, proxyServerPort=0, executionList=&quot;&quot;, isApplyToDesiredCapabilities=true }"/>
         <property name="platform" value="Windows 10"/>
      </properties>
      <testcase name="Test Cases/RAD_TestCases/UI_TestCases/LandingPage_UI_TC" time="15.819" classname="Test Cases/RAD_TestCases/UI_TestCases/LandingPage_UI_TC" status="PASSED">
         <system-out><![CDATA[2021-11-19 10:28:12 - [TEST_CASE][PASSED] - Test Cases/RAD_TestCases/UI_TestCases/LandingPage_UI_TC: Test Cases/RAD_TestCases/UI_TestCases/LandingPage_UI_TC

2021-11-19 10:28:12 - [TEST_STEP][PASSED] - openBrowser(""): Browser is opened with url: ''

2021-11-19 10:28:13 - [MESSAGE][INFO] - Starting 'Chrome' driver

2021-11-19 10:28:13 - [MESSAGE][INFO] - User set preference: ['acceptInsecureCerts', 'true']

2021-11-19 10:28:13 - [MESSAGE][INFO] - Action delay is set to 0 milliseconds

2021-11-19 10:28:16 - [MESSAGE][PASSED] - Browser is opened with url: ''

2021-11-19 10:28:16 - [TEST_STEP][PASSED] - maximizeWindow(): Current window maximized

2021-11-19 10:28:16 - [MESSAGE][PASSED] - Current window maximized

2021-11-19 10:28:16 - [TEST_STEP][PASSED] - navigateToUrl(RADurl): Navigate to 'https://qa.velocitypayment.com/client/rad/index.html' successfully

2021-11-19 10:28:18 - [MESSAGE][PASSED] - Navigate to 'https://qa.velocitypayment.com/client/rad/index.html' successfully

2021-11-19 10:28:18 - [TEST_STEP][PASSED] - orPath = "Object Repository/RAD_Pages/Landing_Page": null

2021-11-19 10:28:18 - [TEST_STEP][PASSED] - if (verifyElementPresent(findTestObject(orPath + "/dd_TaxType"), 30)): null

2021-11-19 10:28:19 - [MESSAGE][PASSED] - Object 'Object Repository/RAD_Pages/Landing_Page/dd_TaxType' is present

2021-11-19 10:28:19 - [TEST_STEP][PASSED] - out.println("Tax Type/Filing Year drop down was found on the Landing Page"): null

2021-11-19 10:28:19 - [TEST_STEP][PASSED] - if (verifyTextPresent("Your Progress", true)): null

2021-11-19 10:28:20 - [MESSAGE][PASSED] - Text 'Your Progress' is present on page  using regular expression

2021-11-19 10:28:20 - [TEST_STEP][PASSED] - out.println("Your Progress Static text was found on the Landing Page"): null

2021-11-19 10:28:20 - [TEST_STEP][PASSED] - if (verifyTextPresent("Tax Type/Taxpayer Information", true)): null

2021-11-19 10:28:20 - [MESSAGE][PASSED] - Text 'Tax Type/Taxpayer Information' is present on page  using regular expression

2021-11-19 10:28:20 - [TEST_STEP][PASSED] - out.println("Tax Type/Taxpayer Information text was found on the Landing Page"): null

2021-11-19 10:28:20 - [TEST_STEP][PASSED] - if (verifyTextPresent("Summary", true)): null

2021-11-19 10:28:20 - [MESSAGE][PASSED] - Text 'Summary' is present on page  using regular expression

2021-11-19 10:28:20 - [TEST_STEP][PASSED] - out.println("Summary Static text was found on the Landing Page"): null

2021-11-19 10:28:20 - [TEST_STEP][PASSED] - if (verifyTextPresent("Need Help?", true)): null

2021-11-19 10:28:21 - [MESSAGE][PASSED] - Text 'Need Help?' is present on page  using regular expression

2021-11-19 10:28:21 - [TEST_STEP][PASSED] - out.println("Need Help? Static text was found on the Landing Page"): null

2021-11-19 10:28:21 - [TEST_STEP][PASSED] - if (verifyTextPresent("FOR TAX RELATED QUESTIONS", true)): null

2021-11-19 10:28:21 - [MESSAGE][PASSED] - Text 'FOR TAX RELATED QUESTIONS' is present on page  using regular expression

2021-11-19 10:28:21 - [TEST_STEP][PASSED] - out.println("FOR TAX RELATED QUESTIONS Static text was found on the Landing Page"): null

2021-11-19 10:28:21 - [TEST_STEP][PASSED] - if (verifyElementPresent(findTestObject(orPath + "/button_Continue"), 30)): null

2021-11-19 10:28:21 - [MESSAGE][PASSED] - Object 'Object Repository/RAD_Pages/Landing_Page/button_Continue' is present

2021-11-19 10:28:21 - [TEST_STEP][PASSED] - out.println("Continue Button was found on the Landing Page"): null

2021-11-19 10:28:21 - [TEST_STEP][PASSED] - if (verifyElementPresent(findTestObject(orPath + "/a_taxhelpmarylandtaxes.gov"), 30)): null

2021-11-19 10:28:22 - [MESSAGE][PASSED] - Object 'Object Repository/RAD_Pages/Landing_Page/a_taxhelpmarylandtaxes.gov' is present

2021-11-19 10:28:22 - [TEST_STEP][PASSED] - out.println("Tax Help Maryland.gov link was found on the Landing Page"): null

2021-11-19 10:28:22 - [TEST_STEP][PASSED] - if (verifyElementPresent(findTestObject(orPath + "/a_For technical questions and support"), 30)): null

2021-11-19 10:28:22 - [MESSAGE][PASSED] - Object 'Object Repository/RAD_Pages/Landing_Page/a_For technical questions and support' is present

2021-11-19 10:28:22 - [TEST_STEP][PASSED] - out.println("For technical questions and support link was found on the Landing Page"): null

2021-11-19 10:28:22 - [TEST_STEP][PASSED] - if (verifyElementPresent(findTestObject(orPath + "/a_Comptroller of Maryland"), 30)): null

2021-11-19 10:28:22 - [MESSAGE][PASSED] - Object 'Object Repository/RAD_Pages/Landing_Page/a_Comptroller of Maryland' is present

2021-11-19 10:28:22 - [TEST_STEP][PASSED] - out.println("Comptroller of Maryland link was found on the Landing Page"): null

2021-11-19 10:28:22 - [TEST_STEP][PASSED] - if (verifyElementPresent(findTestObject(orPath + "/a_Department of Information Technology (DoIT)"), 30)): null

2021-11-19 10:28:23 - [MESSAGE][PASSED] - Object 'Object Repository/RAD_Pages/Landing_Page/a_Department of Information Technology (DoIT)' is present

2021-11-19 10:28:23 - [TEST_STEP][PASSED] - out.println("Department of Information Technology link was found on the Landing Page"): null

2021-11-19 10:28:23 - [TEST_STEP][PASSED] - if (verifyElementPresent(findTestObject(orPath + "/a_double_arrow Click for 247 Support"), 30)): null

2021-11-19 10:28:23 - [MESSAGE][PASSED] - Object 'Object Repository/RAD_Pages/Landing_Page/a_double_arrow Click for 247 Support' is present

2021-11-19 10:28:23 - [TEST_STEP][PASSED] - out.println("Click for 24/7 Support link was found on the Landing Page"): null

2021-11-19 10:28:23 - [TEST_STEP][PASSED] - if (verifyElementPresent(findTestObject(orPath + "/a_Maryland.gov"), 30)): null

2021-11-19 10:28:23 - [MESSAGE][PASSED] - Object 'Object Repository/RAD_Pages/Landing_Page/a_Maryland.gov' is present

2021-11-19 10:28:23 - [TEST_STEP][PASSED] - out.println("Mayrland.gov link was found on the Landing Page"): null

2021-11-19 10:28:23 - [TEST_STEP][PASSED] - totalOptions = getNumberOfTotalOption(findTestObject(orPath + "/dd_TaxType")): 7 options of object 'Object Repository/RAD_Pages/Landing_Page/dd_TaxType' counted

2021-11-19 10:28:24 - [MESSAGE][PASSED] - 7 options of object 'Object Repository/RAD_Pages/Landing_Page/dd_TaxType' counted

2021-11-19 10:28:24 - [TEST_STEP][PASSED] - if (totalOptions == 7): Total Options are correct

2021-11-19 10:28:24 - [TEST_STEP][PASSED] - out.println("Total Options are correct: " + totalOptions): null

2021-11-19 10:28:24 - [TEST_STEP][PASSED] - markPassed("Total Options are correct"): Total Options are correct

2021-11-19 10:28:24 - [MESSAGE][PASSED] - Total Options are correct

2021-11-19 10:28:24 - [TEST_STEP][PASSED] - if (verifyOptionPresentByLabel(findTestObject(orPath + "/dd_TaxType"), "Estimated Tax", false, 60)): null

2021-11-19 10:28:24 - [MESSAGE][PASSED] - 1 option(s) with label 'Estimated Tax' is/are present in object 'Object Repository/RAD_Pages/Landing_Page/dd_TaxType' 

2021-11-19 10:28:24 - [TEST_STEP][PASSED] - out.println("Estimated Tax Option is present in the Tax Type Drop Down"): null

2021-11-19 10:28:24 - [TEST_STEP][PASSED] - if (verifyOptionPresentByLabel(findTestObject(orPath + "/dd_TaxType"), "Personal Income Tax", false, 60)): null

2021-11-19 10:28:25 - [MESSAGE][PASSED] - 1 option(s) with label 'Personal Income Tax' is/are present in object 'Object Repository/RAD_Pages/Landing_Page/dd_TaxType' 

2021-11-19 10:28:25 - [TEST_STEP][PASSED] - out.println("Personal Income Tax Option is present in the Tax Type Drop Down"): null

2021-11-19 10:28:25 - [TEST_STEP][PASSED] - if (verifyOptionPresentByLabel(findTestObject(orPath + "/dd_TaxType"), "Extension Payments", false, 60)): null

2021-11-19 10:28:26 - [MESSAGE][PASSED] - 1 option(s) with label 'Extension Payments' is/are present in object 'Object Repository/RAD_Pages/Landing_Page/dd_TaxType' 

2021-11-19 10:28:26 - [TEST_STEP][PASSED] - out.println("Extension Payments Option is present in the Tax Type Drop Down"): null

2021-11-19 10:28:26 - [TEST_STEP][PASSED] - if (verifyOptionPresentByLabel(findTestObject(orPath + "/dd_TaxType"), "Existing Liability", false, 60)): null

2021-11-19 10:28:26 - [MESSAGE][PASSED] - 1 option(s) with label 'Existing Liability' is/are present in object 'Object Repository/RAD_Pages/Landing_Page/dd_TaxType' 

2021-11-19 10:28:26 - [TEST_STEP][PASSED] - out.println("Existing Liability Option is present in the Tax Type Drop Down"): null

2021-11-19 10:28:26 - [TEST_STEP][PASSED] - if (verifyOptionPresentByLabel(findTestObject(orPath + "/dd_TaxType"), "Sales and Use", false, 60)): null

2021-11-19 10:28:27 - [MESSAGE][PASSED] - 1 option(s) with label 'Sales and Use' is/are present in object 'Object Repository/RAD_Pages/Landing_Page/dd_TaxType' 

2021-11-19 10:28:27 - [TEST_STEP][PASSED] - out.println("Sales and Use Option is present in the Tax Type Drop Down"): null

2021-11-19 10:28:27 - [TEST_STEP][PASSED] - if (verifyOptionPresentByLabel(findTestObject(orPath + "/dd_TaxType"), "Withholding Tax", false, 60)): null

2021-11-19 10:28:27 - [MESSAGE][PASSED] - 1 option(s) with label 'Withholding Tax' is/are present in object 'Object Repository/RAD_Pages/Landing_Page/dd_TaxType' 

2021-11-19 10:28:27 - [TEST_STEP][PASSED] - out.println("Withholding Tax Option is present in the Tax Type Drop Down"): null]]></system-out>
         <system-err><![CDATA[]]></system-err>
      </testcase>
      <testcase name="Test Cases/RAD_TestCases/UI_TestCases/EstimatedTax_UI_TC" time="230.606" classname="Test Cases/RAD_TestCases/UI_TestCases/EstimatedTax_UI_TC" status="FAILED">
         <failure type="FAILED" message="Test Cases/RAD_TestCases/UI_TestCases/EstimatedTax_UI_TC FAILED.
Reason:
com.kms.katalon.core.exception.StepFailedException: com.kms.katalon.core.webui.exception.WebElementNotFoundException: Web element with id: 'Object Repository/RAD_RecordAndPlay/input_JointFilerSSN' located by '//*[@id = 'data' and @name = 'Data' and @type = 'password' and @placeholder = 'Social Security Number']' not found (Root cause: com.kms.katalon.core.exception.StepFailedException: com.kms.katalon.core.webui.exception.WebElementNotFoundException: Web element with id: 'Object Repository/RAD_RecordAndPlay/input_JointFilerSSN' located by '//*[@id = 'data' and @name = 'Data' and @type = 'password' and @placeholder = 'Social Security Number']' not found
	at com.kms.katalon.core.webui.keyword.internal.WebUIKeywordMain.stepFailed(WebUIKeywordMain.groovy:64)
	at com.kms.katalon.core.webui.keyword.builtin.VerifyElementPresentKeyword$_verifyElementPresent_closure1.doCall(VerifyElementPresentKeyword.groovy:85)
	at com.kms.katalon.core.webui.keyword.builtin.VerifyElementPresentKeyword$_verifyElementPresent_closure1.call(VerifyElementPresentKeyword.groovy)
	at com.kms.katalon.core.webui.keyword.internal.WebUIKeywordMain.runKeyword(WebUIKeywordMain.groovy:20)
	at com.kms.katalon.core.webui.keyword.builtin.VerifyElementPresentKeyword.verifyElementPresent(VerifyElementPresentKeyword.groovy:92)
	at com.kms.katalon.core.webui.keyword.builtin.VerifyElementPresentKeyword.execute(VerifyElementPresentKeyword.groovy:68)
	at com.kms.katalon.core.keyword.internal.KeywordExecutor.executeKeywordForPlatform(KeywordExecutor.groovy:74)
	at com.kms.katalon.core.webui.keyword.WebUiBuiltInKeywords.verifyElementPresent(WebUiBuiltInKeywords.groovy:1464)
	at com.kms.katalon.core.webui.keyword.WebUiBuiltInKeywords$verifyElementPresent$2.call(Unknown Source)
	at EstimatedTax_UI_TC.run(EstimatedTax_UI_TC:267)
	at com.kms.katalon.core.main.ScriptEngine.run(ScriptEngine.java:194)
	at com.kms.katalon.core.main.ScriptEngine.runScriptAsRawText(ScriptEngine.java:119)
	at com.kms.katalon.core.main.TestCaseExecutor.runScript(TestCaseExecutor.java:430)
	at com.kms.katalon.core.main.TestCaseExecutor.doExecute(TestCaseExecutor.java:421)
	at com.kms.katalon.core.main.TestCaseExecutor.processExecutionPhase(TestCaseExecutor.java:400)
	at com.kms.katalon.core.main.TestCaseExecutor.accessMainPhase(TestCaseExecutor.java:392)
	at com.kms.katalon.core.main.TestCaseExecutor.execute(TestCaseExecutor.java:273)
	at com.kms.katalon.core.main.TestSuiteExecutor.accessTestCaseMainPhase(TestSuiteExecutor.java:202)
	at com.kms.katalon.core.main.TestSuiteExecutor.accessTestSuiteMainPhase(TestSuiteExecutor.java:164)
	at com.kms.katalon.core.main.TestSuiteExecutor.execute(TestSuiteExecutor.java:105)
	at com.kms.katalon.core.main.TestCaseMain.startTestSuite(TestCaseMain.java:185)
	at com.kms.katalon.core.main.TestCaseMain$startTestSuite$0.call(Unknown Source)
	at TempTestSuite1637335687322.run(TempTestSuite1637335687322.groovy:36)
)
	at com.kms.katalon.core.keyword.internal.KeywordMain.stepFailed(KeywordMain.groovy:39)
	at com.kms.katalon.core.webui.keyword.internal.WebUIKeywordMain.stepFailed(WebUIKeywordMain.groovy:64)
	at com.kms.katalon.core.webui.keyword.builtin.VerifyElementPresentKeyword$_verifyElementPresent_closure1.doCall(VerifyElementPresentKeyword.groovy:85)
	at com.kms.katalon.core.webui.keyword.builtin.VerifyElementPresentKeyword$_verifyElementPresent_closure1.call(VerifyElementPresentKeyword.groovy)
	at com.kms.katalon.core.webui.keyword.internal.WebUIKeywordMain.runKeyword(WebUIKeywordMain.groovy:20)
	at com.kms.katalon.core.webui.keyword.builtin.VerifyElementPresentKeyword.verifyElementPresent(VerifyElementPresentKeyword.groovy:92)
	at com.kms.katalon.core.webui.keyword.builtin.VerifyElementPresentKeyword.execute(VerifyElementPresentKeyword.groovy:68)
	at com.kms.katalon.core.keyword.internal.KeywordExecutor.executeKeywordForPlatform(KeywordExecutor.groovy:74)
	at com.kms.katalon.core.webui.keyword.WebUiBuiltInKeywords.verifyElementPresent(WebUiBuiltInKeywords.groovy:1464)
	at com.kms.katalon.core.webui.keyword.WebUiBuiltInKeywords$verifyElementPresent$2.call(Unknown Source)
	at EstimatedTax_UI_TC.run(EstimatedTax_UI_TC:267)
	at com.kms.katalon.core.main.ScriptEngine.run(ScriptEngine.java:194)
	at com.kms.katalon.core.main.ScriptEngine.runScriptAsRawText(ScriptEngine.java:119)
	at com.kms.katalon.core.main.TestCaseExecutor.runScript(TestCaseExecutor.java:430)
	at com.kms.katalon.core.main.TestCaseExecutor.doExecute(TestCaseExecutor.java:421)
	at com.kms.katalon.core.main.TestCaseExecutor.processExecutionPhase(TestCaseExecutor.java:400)
	at com.kms.katalon.core.main.TestCaseExecutor.accessMainPhase(TestCaseExecutor.java:392)
	at com.kms.katalon.core.main.TestCaseExecutor.execute(TestCaseExecutor.java:273)
	at com.kms.katalon.core.main.TestSuiteExecutor.accessTestCaseMainPhase(TestSuiteExecutor.java:202)
	at com.kms.katalon.core.main.TestSuiteExecutor.accessTestSuiteMainPhase(TestSuiteExecutor.java:164)
	at com.kms.katalon.core.main.TestSuiteExecutor.execute(TestSuiteExecutor.java:105)
	at com.kms.katalon.core.main.TestCaseMain.startTestSuite(TestCaseMain.java:185)
	at com.kms.katalon.core.main.TestCaseMain$startTestSuite$0.call(Unknown Source)
	at TempTestSuite1637335687322.run(TempTestSuite1637335687322.groovy:36)
Caused by: com.kms.katalon.core.exception.StepFailedException: com.kms.katalon.core.webui.exception.WebElementNotFoundException: Web element with id: 'Object Repository/RAD_RecordAndPlay/input_JointFilerSSN' located by '//*[@id = 'data' and @name = 'Data' and @type = 'password' and @placeholder = 'Social Security Number']' not found
	... 23 more
"/>
         <system-out><![CDATA[2021-11-19 10:28:27 - [TEST_CASE][FAILED] - Test Cases/RAD_TestCases/UI_TestCases/EstimatedTax_UI_TC: Test Cases/RAD_TestCases/UI_TestCases/EstimatedTax_UI_TC FAILED.
Reason:
com.kms.katalon.core.exception.StepFailedException: com.kms.katalon.core.webui.exception.WebElementNotFoundException: Web element with id: 'Object Repository/RAD_RecordAndPlay/input_JointFilerSSN' located by '//*[@id = 'data' and @name = 'Data' and @type = 'password' and @placeholder = 'Social Security Number']' not found (Root cause: com.kms.katalon.core.exception.StepFailedException: com.kms.katalon.core.webui.exception.WebElementNotFoundException: Web element with id: 'Object Repository/RAD_RecordAndPlay/input_JointFilerSSN' located by '//*[@id = 'data' and @name = 'Data' and @type = 'password' and @placeholder = 'Social Security Number']' not found
	at com.kms.katalon.core.webui.keyword.internal.WebUIKeywordMain.stepFailed(WebUIKeywordMain.groovy:64)
	at com.kms.katalon.core.webui.keyword.builtin.VerifyElementPresentKeyword$_verifyElementPresent_closure1.doCall(VerifyElementPresentKeyword.groovy:85)
	at com.kms.katalon.core.webui.keyword.builtin.VerifyElementPresentKeyword$_verifyElementPresent_closure1.call(VerifyElementPresentKeyword.groovy)
	at com.kms.katalon.core.webui.keyword.internal.WebUIKeywordMain.runKeyword(WebUIKeywordMain.groovy:20)
	at com.kms.katalon.core.webui.keyword.builtin.VerifyElementPresentKeyword.verifyElementPresent(VerifyElementPresentKeyword.groovy:92)
	at com.kms.katalon.core.webui.keyword.builtin.VerifyElementPresentKeyword.execute(VerifyElementPresentKeyword.groovy:68)
	at com.kms.katalon.core.keyword.internal.KeywordExecutor.executeKeywordForPlatform(KeywordExecutor.groovy:74)
	at com.kms.katalon.core.webui.keyword.WebUiBuiltInKeywords.verifyElementPresent(WebUiBuiltInKeywords.groovy:1464)
	at com.kms.katalon.core.webui.keyword.WebUiBuiltInKeywords$verifyElementPresent$2.call(Unknown Source)
	at EstimatedTax_UI_TC.run(EstimatedTax_UI_TC:267)
	at com.kms.katalon.core.main.ScriptEngine.run(ScriptEngine.java:194)
	at com.kms.katalon.core.main.ScriptEngine.runScriptAsRawText(ScriptEngine.java:119)
	at com.kms.katalon.core.main.TestCaseExecutor.runScript(TestCaseExecutor.java:430)
	at com.kms.katalon.core.main.TestCaseExecutor.doExecute(TestCaseExecutor.java:421)
	at com.kms.katalon.core.main.TestCaseExecutor.processExecutionPhase(TestCaseExecutor.java:400)
	at com.kms.katalon.core.main.TestCaseExecutor.accessMainPhase(TestCaseExecutor.java:392)
	at com.kms.katalon.core.main.TestCaseExecutor.execute(TestCaseExecutor.java:273)
	at com.kms.katalon.core.main.TestSuiteExecutor.accessTestCaseMainPhase(TestSuiteExecutor.java:202)
	at com.kms.katalon.core.main.TestSuiteExecutor.accessTestSuiteMainPhase(TestSuiteExecutor.java:164)
	at com.kms.katalon.core.main.TestSuiteExecutor.execute(TestSuiteExecutor.java:105)
	at com.kms.katalon.core.main.TestCaseMain.startTestSuite(TestCaseMain.java:185)
	at com.kms.katalon.core.main.TestCaseMain$startTestSuite$0.call(Unknown Source)
	at TempTestSuite1637335687322.run(TempTestSuite1637335687322.groovy:36)
)
	at com.kms.katalon.core.keyword.internal.KeywordMain.stepFailed(KeywordMain.groovy:39)
	at com.kms.katalon.core.webui.keyword.internal.WebUIKeywordMain.stepFailed(WebUIKeywordMain.groovy:64)
	at com.kms.katalon.core.webui.keyword.builtin.VerifyElementPresentKeyword$_verifyElementPresent_closure1.doCall(VerifyElementPresentKeyword.groovy:85)
	at com.kms.katalon.core.webui.keyword.builtin.VerifyElementPresentKeyword$_verifyElementPresent_closure1.call(VerifyElementPresentKeyword.groovy)
	at com.kms.katalon.core.webui.keyword.internal.WebUIKeywordMain.runKeyword(WebUIKeywordMain.groovy:20)
	at com.kms.katalon.core.webui.keyword.builtin.VerifyElementPresentKeyword.verifyElementPresent(VerifyElementPresentKeyword.groovy:92)
	at com.kms.katalon.core.webui.keyword.builtin.VerifyElementPresentKeyword.execute(VerifyElementPresentKeyword.groovy:68)
	at com.kms.katalon.core.keyword.internal.KeywordExecutor.executeKeywordForPlatform(KeywordExecutor.groovy:74)
	at com.kms.katalon.core.webui.keyword.WebUiBuiltInKeywords.verifyElementPresent(WebUiBuiltInKeywords.groovy:1464)
	at com.kms.katalon.core.webui.keyword.WebUiBuiltInKeywords$verifyElementPresent$2.call(Unknown Source)
	at EstimatedTax_UI_TC.run(EstimatedTax_UI_TC:267)
	at com.kms.katalon.core.main.ScriptEngine.run(ScriptEngine.java:194)
	at com.kms.katalon.core.main.ScriptEngine.runScriptAsRawText(ScriptEngine.java:119)
	at com.kms.katalon.core.main.TestCaseExecutor.runScript(TestCaseExecutor.java:430)
	at com.kms.katalon.core.main.TestCaseExecutor.doExecute(TestCaseExecutor.java:421)
	at com.kms.katalon.core.main.TestCaseExecutor.processExecutionPhase(TestCaseExecutor.java:400)
	at com.kms.katalon.core.main.TestCaseExecutor.accessMainPhase(TestCaseExecutor.java:392)
	at com.kms.katalon.core.main.TestCaseExecutor.execute(TestCaseExecutor.java:273)
	at com.kms.katalon.core.main.TestSuiteExecutor.accessTestCaseMainPhase(TestSuiteExecutor.java:202)
	at com.kms.katalon.core.main.TestSuiteExecutor.accessTestSuiteMainPhase(TestSuiteExecutor.java:164)
	at com.kms.katalon.core.main.TestSuiteExecutor.execute(TestSuiteExecutor.java:105)
	at com.kms.katalon.core.main.TestCaseMain.startTestSuite(TestCaseMain.java:185)
	at com.kms.katalon.core.main.TestCaseMain$startTestSuite$0.call(Unknown Source)
	at TempTestSuite1637335687322.run(TempTestSuite1637335687322.groovy:36)
Caused by: com.kms.katalon.core.exception.StepFailedException: com.kms.katalon.core.webui.exception.WebElementNotFoundException: Web element with id: 'Object Repository/RAD_RecordAndPlay/input_JointFilerSSN' located by '//*[@id = 'data' and @name = 'Data' and @type = 'password' and @placeholder = 'Social Security Number']' not found
	... 23 more


2021-11-19 10:28:28 - [TEST_STEP][PASSED] - openBrowser(""): Browser is opened with url: ''

2021-11-19 10:28:28 - [MESSAGE][WARNING] - A browser is already opened. Closing browser and opening a new one

2021-11-19 10:28:29 - [MESSAGE][INFO] - Starting 'Chrome' driver

2021-11-19 10:28:29 - [MESSAGE][INFO] - User set preference: ['acceptInsecureCerts', 'true']

2021-11-19 10:28:29 - [MESSAGE][INFO] - Action delay is set to 0 milliseconds

2021-11-19 10:28:30 - [MESSAGE][PASSED] - Browser is opened with url: ''

2021-11-19 10:28:30 - [TEST_STEP][PASSED] - maximizeWindow(): Current window maximized

2021-11-19 10:28:30 - [MESSAGE][PASSED] - Current window maximized

2021-11-19 10:28:30 - [TEST_STEP][PASSED] - navigateToUrl(RADurl): Navigate to 'https://qa.velocitypayment.com/client/rad/index.html' successfully

2021-11-19 10:28:32 - [MESSAGE][PASSED] - Navigate to 'https://qa.velocitypayment.com/client/rad/index.html' successfully

2021-11-19 10:28:32 - [TEST_STEP][PASSED] - orPath_Landing = "Object Repository/RAD_Pages/Landing_Page": null

2021-11-19 10:28:32 - [TEST_STEP][PASSED] - orPath_TaxTypeFilingYear = "Object Repository/RAD_Pages/TaxTypeFilingYear_Page": null

2021-11-19 10:28:32 - [TEST_STEP][PASSED] - orPath_TaxPayer = "Object Repository/RAD_Pages/Taxpayer_Page": null

2021-11-19 10:28:32 - [TEST_STEP][PASSED] - orPath_AddressContact = "Object Repository/RAD_Pages/AddressAndContactInfo_Page": null

2021-11-19 10:28:32 - [TEST_STEP][PASSED] - orPath_FilingStatus = "Object Repository/RAD_Pages/FilingStatus_Page": null

2021-11-19 10:28:32 - [TEST_STEP][PASSED] - orPath_Amount = "Object Repository/RAD_Pages/PaymentAmount_Page": null

2021-11-19 10:28:32 - [TEST_STEP][PASSED] - orPath_TaxInfo = "Object Repository/RAD_Pages/TaxInfo_Page": null

2021-11-19 10:28:32 - [TEST_STEP][PASSED] - selectOptionByLabel(findTestObject(orPath_Landing + "/dd_TaxType"), "Estimated Tax", false): All options with label 'Estimated Tax' are selected in object 'Object Repository/RAD_Pages/Landing_Page/dd_TaxType' 

2021-11-19 10:28:33 - [MESSAGE][PASSED] - All options with label 'Estimated Tax' are selected in object 'Object Repository/RAD_Pages/Landing_Page/dd_TaxType' 

2021-11-19 10:28:33 - [TEST_STEP][PASSED] - if (verifyElementPresent(findTestObject(orPath_TaxTypeFilingYear + "/select_PaymentType"), 30)): null

2021-11-19 10:28:33 - [MESSAGE][PASSED] - Object 'Object Repository/RAD_Pages/TaxTypeFilingYear_Page/select_PaymentType' is present

2021-11-19 10:28:33 - [TEST_STEP][PASSED] - out.println("Payment Type drop down was found on the Estimated Tax Page"): null

2021-11-19 10:28:33 - [TEST_STEP][PASSED] - if (verifyElementPresent(findTestObject(orPath_TaxTypeFilingYear + "/select_FilingYear"), 30)): null

2021-11-19 10:28:34 - [MESSAGE][PASSED] - Object 'Object Repository/RAD_Pages/TaxTypeFilingYear_Page/select_FilingYear' is present

2021-11-19 10:28:34 - [TEST_STEP][PASSED] - out.println("Filing Year drop down was found on the Estimated Tax Page"): null

2021-11-19 10:28:34 - [TEST_STEP][PASSED] - totalOptionsPaymentType = getNumberOfTotalOption(findTestObject(orPath_TaxTypeFilingYear + "/select_PaymentType")): 3 options of object 'Object Repository/RAD_Pages/TaxTypeFilingYear_Page/select_PaymentType' counted

2021-11-19 10:28:34 - [MESSAGE][PASSED] - 3 options of object 'Object Repository/RAD_Pages/TaxTypeFilingYear_Page/select_PaymentType' counted

2021-11-19 10:28:34 - [TEST_STEP][PASSED] - if (verifyEqual(totalOptionsPaymentType, 3)): null

2021-11-19 10:28:34 - [MESSAGE][PASSED] - Actual object '3' and expected object '3' are equal

2021-11-19 10:28:34 - [TEST_STEP][PASSED] - out.println("Total Options for Payment Type are correct: " + totalOptionsPaymentType): null

2021-11-19 10:28:34 - [TEST_STEP][PASSED] - markPassed("Total Options are correct for Payment Type"): Total Options are correct for Payment Type

2021-11-19 10:28:34 - [MESSAGE][PASSED] - Total Options are correct for Payment Type

2021-11-19 10:28:34 - [TEST_STEP][PASSED] - totalOptionsFilingYear = getNumberOfTotalOption(findTestObject(orPath_TaxTypeFilingYear + "/select_FilingYear")): 1 options of object 'Object Repository/RAD_Pages/TaxTypeFilingYear_Page/select_FilingYear' counted

2021-11-19 10:28:35 - [MESSAGE][PASSED] - 1 options of object 'Object Repository/RAD_Pages/TaxTypeFilingYear_Page/select_FilingYear' counted

2021-11-19 10:28:35 - [TEST_STEP][PASSED] - if (verifyEqual(totalOptionsFilingYear, 1)): null

2021-11-19 10:28:35 - [MESSAGE][PASSED] - Actual object '1' and expected object '1' are equal

2021-11-19 10:28:35 - [TEST_STEP][PASSED] - out.println("Total Options for Filing Year are correct: " + totalOptionsFilingYear): null

2021-11-19 10:28:35 - [TEST_STEP][PASSED] - markPassed("Total Options are correct for Filing Year"): Total Options are correct for Filing Year

2021-11-19 10:28:35 - [MESSAGE][PASSED] - Total Options are correct for Filing Year

2021-11-19 10:28:35 - [TEST_STEP][PASSED] - verifyOptionsPresent(findTestObject(orPath_TaxTypeFilingYear + "/select_PaymentType"), ["Personal", "Corporate"]): Options [Personal, Corporate] present.

2021-11-19 10:28:35 - [MESSAGE][PASSED] - Options [Personal, Corporate] present.

2021-11-19 10:28:35 - [TEST_STEP][PASSED] - verifyOptionsPresent(findTestObject(orPath_TaxTypeFilingYear + "/select_FilingYear"), ["2021"]): Options [2021] present.

2021-11-19 10:28:36 - [MESSAGE][PASSED] - Options [2021] present.

2021-11-19 10:28:36 - [TEST_STEP][PASSED] - verifyTextPresent("Tax Type/Filing Year", true): Text 'Tax Type/Filing Year' is present on page  using regular expression

2021-11-19 10:28:36 - [MESSAGE][PASSED] - Text 'Tax Type/Filing Year' is present on page  using regular expression

2021-11-19 10:28:36 - [TEST_STEP][PASSED] - verifyTextPresent("Taxpayer", true): Text 'Taxpayer' is present on page  using regular expression

2021-11-19 10:28:37 - [MESSAGE][PASSED] - Text 'Taxpayer' is present on page  using regular expression

2021-11-19 10:28:37 - [TEST_STEP][PASSED] - verifyTextPresent("Provide the following taxpayer information", true): Text 'Provide the following taxpayer information' is present on page  using regular expression

2021-11-19 10:28:37 - [MESSAGE][PASSED] - Text 'Provide the following taxpayer information' is present on page  using regular expression

2021-11-19 10:28:37 - [TEST_STEP][PASSED] - verifyTextPresent("Note: If you are paying on behalf of the Taxpayer, enter Taxpayer", true): Text 'Note: If you are paying on behalf of the Taxpayer, enter Taxpayer' is present on page  using regular expression

2021-11-19 10:28:37 - [MESSAGE][PASSED] - Text 'Note: If you are paying on behalf of the Taxpayer, enter Taxpayer' is present on page  using regular expression

2021-11-19 10:28:37 - [TEST_STEP][PASSED] - verifyTextPresent("information here. If you are making a payment for the Taxpayer, you will be required later to enter your own credit card, billing address and other pertinent information", true): Text 'information here. If you are making a payment for the Taxpayer, you will be required later to enter your own credit card, billing address and other pertinent information' is present on page  using regular expression

2021-11-19 10:28:38 - [MESSAGE][PASSED] - Text 'information here. If you are making a payment for the Taxpayer, you will be required later to enter your own credit card, billing address and other pertinent information' is present on page  using regular expression

2021-11-19 10:28:38 - [TEST_STEP][PASSED] - verifyTextPresent("Address and Contact Information", true): Text 'Address and Contact Information' is present on page  using regular expression

2021-11-19 10:28:38 - [MESSAGE][PASSED] - Text 'Address and Contact Information' is present on page  using regular expression

2021-11-19 10:28:38 - [TEST_STEP][PASSED] - verifyTextPresent("Enter the taxpayer", true): Text 'Enter the taxpayer' is present on page  using regular expression

2021-11-19 10:28:38 - [MESSAGE][PASSED] - Text 'Enter the taxpayer' is present on page  using regular expression

2021-11-19 10:28:38 - [TEST_STEP][PASSED] - verifyTextPresent("address and contact information", true): Text 'address and contact information' is present on page  using regular expression

2021-11-19 10:28:39 - [MESSAGE][PASSED] - Text 'address and contact information' is present on page  using regular expression

2021-11-19 10:28:39 - [TEST_STEP][PASSED] - verifyTextPresent("Filing Status", true): Text 'Filing Status' is present on page  using regular expression

2021-11-19 10:28:39 - [MESSAGE][PASSED] - Text 'Filing Status' is present on page  using regular expression

2021-11-19 10:28:39 - [TEST_STEP][PASSED] - verifyTextPresent("Is this an Individual or Joint Filing?", true): Text 'Is this an Individual or Joint Filing?' is present on page  using regular expression

2021-11-19 10:28:40 - [MESSAGE][PASSED] - Text 'Is this an Individual or Joint Filing?' is present on page  using regular expression

2021-11-19 10:28:40 - [TEST_STEP][PASSED] - verifyTextPresent("Filing type", true): Text 'Filing type' is present on page  using regular expression

2021-11-19 10:28:40 - [MESSAGE][PASSED] - Text 'Filing type' is present on page  using regular expression

2021-11-19 10:28:40 - [TEST_STEP][PASSED] - verifyTextPresent("Individual Filing", true): Text 'Individual Filing' is present on page  using regular expression

2021-11-19 10:28:40 - [MESSAGE][PASSED] - Text 'Individual Filing' is present on page  using regular expression

2021-11-19 10:28:40 - [TEST_STEP][PASSED] - verifyTextPresent("Joint Filing", true): Text 'Joint Filing' is present on page  using regular expression

2021-11-19 10:28:41 - [MESSAGE][PASSED] - Text 'Joint Filing' is present on page  using regular expression

2021-11-19 10:28:41 - [TEST_STEP][PASSED] - verifyTextPresent("Payment Amount", true): Text 'Payment Amount' is present on page  using regular expression

2021-11-19 10:28:41 - [MESSAGE][PASSED] - Text 'Payment Amount' is present on page  using regular expression

2021-11-19 10:28:41 - [TEST_STEP][PASSED] - verifyTextPresent("Service Fee: This electronic government service includes a service/convenience fee. Click here for details", true): Text 'Service Fee: This electronic government service includes a service/convenience fee. Click here for details' is present on page  using regular expression

2021-11-19 10:28:41 - [MESSAGE][PASSED] - Text 'Service Fee: This electronic government service includes a service/convenience fee. Click here for details' is present on page  using regular expression

2021-11-19 10:28:41 - [TEST_STEP][PASSED] - verifyElementPresent(findTestObject(orPath_Amount + "/a_Click here for details"), 30): Object 'Object Repository/RAD_Pages/PaymentAmount_Page/a_Click here for details' is present

2021-11-19 10:28:42 - [MESSAGE][PASSED] - Object 'Object Repository/RAD_Pages/PaymentAmount_Page/a_Click here for details' is present

2021-11-19 10:28:42 - [TEST_STEP][PASSED] - verifyElementPresent(findTestObject(orPath_Landing + "/button_Continue"), 30): Object 'Object Repository/RAD_Pages/Landing_Page/button_Continue' is present

2021-11-19 10:28:42 - [MESSAGE][PASSED] - Object 'Object Repository/RAD_Pages/Landing_Page/button_Continue' is present

2021-11-19 10:28:42 - [TEST_STEP][PASSED] - verifyElementPresent(findTestObject(orPath_TaxPayer + "/input_firstName"), 30): Object 'Object Repository/RAD_Pages/Taxpayer_Page/input_firstName' is present

2021-11-19 10:28:42 - [MESSAGE][PASSED] - Object 'Object Repository/RAD_Pages/Taxpayer_Page/input_firstName' is present

2021-11-19 10:28:42 - [TEST_STEP][PASSED] - verifyElementPresent(findTestObject(orPath_TaxPayer + "/input_middleName"), 30): Object 'Object Repository/RAD_Pages/Taxpayer_Page/input_middleName' is present

2021-11-19 10:28:43 - [MESSAGE][PASSED] - Object 'Object Repository/RAD_Pages/Taxpayer_Page/input_middleName' is present

2021-11-19 10:28:43 - [TEST_STEP][PASSED] - verifyElementPresent(findTestObject(orPath_TaxPayer + "/input_lastName"), 30): Object 'Object Repository/RAD_Pages/Taxpayer_Page/input_lastName' is present

2021-11-19 10:28:43 - [MESSAGE][PASSED] - Object 'Object Repository/RAD_Pages/Taxpayer_Page/input_lastName' is present

2021-11-19 10:28:43 - [TEST_STEP][PASSED] - verifyElementPresent(findTestObject(orPath_TaxPayer + "/input_suffix"), 30): Object 'Object Repository/RAD_Pages/Taxpayer_Page/input_suffix' is present

2021-11-19 10:28:43 - [MESSAGE][PASSED] - Object 'Object Repository/RAD_Pages/Taxpayer_Page/input_suffix' is present

2021-11-19 10:28:43 - [TEST_STEP][PASSED] - verifyElementPresent(findTestObject("RAD_RecordAndPlay/input_concatSSN"), 30): Object 'Object Repository/RAD_RecordAndPlay/input_concatSSN' is present

2021-11-19 10:28:44 - [MESSAGE][PASSED] - Object 'Object Repository/RAD_RecordAndPlay/input_concatSSN' is present

2021-11-19 10:28:44 - [TEST_STEP][PASSED] - verifyElementPresent(findTestObject("RAD_RecordAndPlay/input_concatReSSN"), 30): Object 'Object Repository/RAD_RecordAndPlay/input_concatReSSN' is present

2021-11-19 10:28:44 - [MESSAGE][PASSED] - Object 'Object Repository/RAD_RecordAndPlay/input_concatReSSN' is present

2021-11-19 10:28:44 - [TEST_STEP][PASSED] - verifyElementPresent(findTestObject(orPath_AddressContact + "/select_Country"), 30): Object 'Object Repository/RAD_Pages/AddressAndContactInfo_Page/select_Country' is present

2021-11-19 10:28:44 - [MESSAGE][PASSED] - Object 'Object Repository/RAD_Pages/AddressAndContactInfo_Page/select_Country' is present

2021-11-19 10:28:44 - [TEST_STEP][PASSED] - verifyElementPresent(findTestObject(orPath_AddressContact + "/input_streetAddress1"), 30): Object 'Object Repository/RAD_Pages/AddressAndContactInfo_Page/input_streetAddress1' is present

2021-11-19 10:28:45 - [MESSAGE][PASSED] - Object 'Object Repository/RAD_Pages/AddressAndContactInfo_Page/input_streetAddress1' is present

2021-11-19 10:28:45 - [TEST_STEP][PASSED] - verifyElementPresent(findTestObject(orPath_AddressContact + "/input_streetAddress2"), 30): Object 'Object Repository/RAD_Pages/AddressAndContactInfo_Page/input_streetAddress2' is present

2021-11-19 10:28:45 - [MESSAGE][PASSED] - Object 'Object Repository/RAD_Pages/AddressAndContactInfo_Page/input_streetAddress2' is present

2021-11-19 10:28:45 - [TEST_STEP][PASSED] - verifyElementPresent(findTestObject(orPath_AddressContact + "/input_city"), 30): Object 'Object Repository/RAD_Pages/AddressAndContactInfo_Page/input_city' is present

2021-11-19 10:28:46 - [MESSAGE][PASSED] - Object 'Object Repository/RAD_Pages/AddressAndContactInfo_Page/input_city' is present

2021-11-19 10:28:46 - [TEST_STEP][PASSED] - verifyElementPresent(findTestObject(orPath_AddressContact + "/select_State"), 30): Object 'Object Repository/RAD_Pages/AddressAndContactInfo_Page/select_State' is present

2021-11-19 10:28:46 - [MESSAGE][PASSED] - Object 'Object Repository/RAD_Pages/AddressAndContactInfo_Page/select_State' is present

2021-11-19 10:28:46 - [TEST_STEP][PASSED] - verifyElementPresent(findTestObject(orPath_AddressContact + "/input_zipCode"), 30): Object 'Object Repository/RAD_Pages/AddressAndContactInfo_Page/input_zipCode' is present

2021-11-19 10:28:46 - [MESSAGE][PASSED] - Object 'Object Repository/RAD_Pages/AddressAndContactInfo_Page/input_zipCode' is present

2021-11-19 10:28:46 - [TEST_STEP][PASSED] - verifyElementPresent(findTestObject(orPath_AddressContact + "/input_phoneNumber"), 30): Object 'Object Repository/RAD_Pages/AddressAndContactInfo_Page/input_phoneNumber' is present

2021-11-19 10:28:47 - [MESSAGE][PASSED] - Object 'Object Repository/RAD_Pages/AddressAndContactInfo_Page/input_phoneNumber' is present

2021-11-19 10:28:47 - [TEST_STEP][PASSED] - verifyElementPresent(findTestObject(orPath_AddressContact + "/input_eMailAddress"), 30): Object 'Object Repository/RAD_Pages/AddressAndContactInfo_Page/input_eMailAddress' is present

2021-11-19 10:28:47 - [MESSAGE][PASSED] - Object 'Object Repository/RAD_Pages/AddressAndContactInfo_Page/input_eMailAddress' is present

2021-11-19 10:28:47 - [TEST_STEP][PASSED] - verifyElementPresent(findTestObject(orPath_AddressContact + "/input_reEnterEMailAddress"), 30): Object 'Object Repository/RAD_Pages/AddressAndContactInfo_Page/input_reEnterEMailAddress' is present

2021-11-19 10:28:47 - [MESSAGE][PASSED] - Object 'Object Repository/RAD_Pages/AddressAndContactInfo_Page/input_reEnterEMailAddress' is present

2021-11-19 10:28:47 - [TEST_STEP][PASSED] - verifyOptionsPresent(findTestObject(orPath_AddressContact + "/select_Country"), ["United States"]): Options [United States] present.

2021-11-19 10:28:48 - [MESSAGE][PASSED] - Options [United States] present.

2021-11-19 10:28:48 - [TEST_STEP][PASSED] - verifyOptionsPresent(findTestObject(orPath_AddressContact + "/select_State"), ["Alabama", "District of Columbia", "Maryland", "Virginia", "Wyoming"]): Options [Alabama, District of Columbia, Maryland, Virginia, Wyoming] present.

2021-11-19 10:28:49 - [MESSAGE][PASSED] - Options [Alabama, District of Columbia, Maryland, Virginia, Wyoming] present.

2021-11-19 10:28:49 - [TEST_STEP][PASSED] - totalOptionsState = getNumberOfTotalOption(findTestObject(orPath_AddressContact + "/select_State")): 52 options of object 'Object Repository/RAD_Pages/AddressAndContactInfo_Page/select_State' counted

2021-11-19 10:28:50 - [MESSAGE][PASSED] - 52 options of object 'Object Repository/RAD_Pages/AddressAndContactInfo_Page/select_State' counted

2021-11-19 10:28:50 - [TEST_STEP][PASSED] - verifyEqual(totalOptionsState, 52): Actual object '52' and expected object '52' are equal

2021-11-19 10:28:50 - [MESSAGE][PASSED] - Actual object '52' and expected object '52' are equal

2021-11-19 10:28:50 - [TEST_STEP][PASSED] - verifyElementPresent(findTestObject(orPath_FilingStatus + "/input_userType_Individual"), 30): Object 'Object Repository/RAD_Pages/FilingStatus_Page/input_userType_Individual' is present

2021-11-19 10:28:50 - [MESSAGE][PASSED] - Object 'Object Repository/RAD_Pages/FilingStatus_Page/input_userType_Individual' is present

2021-11-19 10:28:50 - [TEST_STEP][PASSED] - verifyElementPresent(findTestObject(orPath_FilingStatus + "/input_userType_Joint"), 30): Object 'Object Repository/RAD_Pages/FilingStatus_Page/input_userType_Joint' is present

2021-11-19 10:28:50 - [MESSAGE][PASSED] - Object 'Object Repository/RAD_Pages/FilingStatus_Page/input_userType_Joint' is present

2021-11-19 10:28:50 - [TEST_STEP][PASSED] - verifyElementPresent(findTestObject(orPath_Amount + "/input__paymentAmount"), 30): Object 'Object Repository/RAD_Pages/PaymentAmount_Page/input__paymentAmount' is present

2021-11-19 10:28:51 - [MESSAGE][PASSED] - Object 'Object Repository/RAD_Pages/PaymentAmount_Page/input__paymentAmount' is present

2021-11-19 10:28:51 - [TEST_STEP][PASSED] - scrollToElement(findTestObject(orPath_Amount + "/input__paymentAmount"), 3): Scroll to object 'Object Repository/RAD_Pages/PaymentAmount_Page/input__paymentAmount' successfully

2021-11-19 10:28:51 - [MESSAGE][PASSED] - Scroll to object 'Object Repository/RAD_Pages/PaymentAmount_Page/input__paymentAmount' successfully

2021-11-19 10:28:51 - [TEST_STEP][PASSED] - waitForElementClickable(findTestObject(orPath_FilingStatus + "/input_userType_Joint"), 5): Object 'Object Repository/RAD_Pages/FilingStatus_Page/input_userType_Joint' is clickable

2021-11-19 10:28:52 - [MESSAGE][PASSED] - Object 'Object Repository/RAD_Pages/FilingStatus_Page/input_userType_Joint' is clickable

2021-11-19 10:28:52 - [TEST_STEP][PASSED] - click(findTestObject(orPath_FilingStatus + "/input_userType_Joint")): Object: 'Object Repository/RAD_Pages/FilingStatus_Page/input_userType_Joint' is clicked on

2021-11-19 10:28:52 - [MESSAGE][PASSED] - Object: 'Object Repository/RAD_Pages/FilingStatus_Page/input_userType_Joint' is clicked on

2021-11-19 10:28:52 - [TEST_STEP][PASSED] - verifyTextPresent("Provide the following information for the joint filer", true): Text 'Provide the following information for the joint filer' is present on page  using regular expression

2021-11-19 10:28:52 - [MESSAGE][PASSED] - Text 'Provide the following information for the joint filer' is present on page  using regular expression

2021-11-19 10:28:52 - [TEST_STEP][PASSED] - verifyElementPresent(findTestObject(orPath_FilingStatus + "/input_jointFirstName"), 30): Object 'Object Repository/RAD_Pages/FilingStatus_Page/input_jointFirstName' is present

2021-11-19 10:28:53 - [MESSAGE][PASSED] - Object 'Object Repository/RAD_Pages/FilingStatus_Page/input_jointFirstName' is present

2021-11-19 10:28:53 - [TEST_STEP][PASSED] - verifyElementPresent(findTestObject(orPath_FilingStatus + "/input_jointMiddleName"), 30): Object 'Object Repository/RAD_Pages/FilingStatus_Page/input_jointMiddleName' is present

2021-11-19 10:28:53 - [MESSAGE][PASSED] - Object 'Object Repository/RAD_Pages/FilingStatus_Page/input_jointMiddleName' is present

2021-11-19 10:28:53 - [TEST_STEP][PASSED] - verifyElementPresent(findTestObject(orPath_FilingStatus + "/input_jointLastName"), 30): Object 'Object Repository/RAD_Pages/FilingStatus_Page/input_jointLastName' is present

2021-11-19 10:28:53 - [MESSAGE][PASSED] - Object 'Object Repository/RAD_Pages/FilingStatus_Page/input_jointLastName' is present

2021-11-19 10:28:53 - [TEST_STEP][PASSED] - verifyElementPresent(findTestObject(orPath_FilingStatus + "/input_jointSuffix"), 30): Object 'Object Repository/RAD_Pages/FilingStatus_Page/input_jointSuffix' is present

2021-11-19 10:28:54 - [MESSAGE][PASSED] - Object 'Object Repository/RAD_Pages/FilingStatus_Page/input_jointSuffix' is present

2021-11-19 10:28:54 - [TEST_STEP][FAILED] - verifyElementPresent(findTestObject("Object Repository/RAD_RecordAndPlay/input_JointFilerSSN"), 30): com.kms.katalon.core.webui.exception.WebElementNotFoundException: Web element with id: 'Object Repository/RAD_RecordAndPlay/input_JointFilerSSN' located by '//*[@id = 'data' and @name = 'Data' and @type = 'password' and @placeholder = 'Social Security Number']' not found (Root cause: com.kms.katalon.core.exception.StepFailedException: com.kms.katalon.core.webui.exception.WebElementNotFoundException: Web element with id: 'Object Repository/RAD_RecordAndPlay/input_JointFilerSSN' located by '//*[@id = 'data' and @name = 'Data' and @type = 'password' and @placeholder = 'Social Security Number']' not found
	at com.kms.katalon.core.webui.keyword.internal.WebUIKeywordMain.stepFailed(WebUIKeywordMain.groovy:64)
	at com.kms.katalon.core.webui.keyword.builtin.VerifyElementPresentKeyword$_verifyElementPresent_closure1.doCall(VerifyElementPresentKeyword.groovy:85)
	at com.kms.katalon.core.webui.keyword.builtin.VerifyElementPresentKeyword$_verifyElementPresent_closure1.call(VerifyElementPresentKeyword.groovy)
	at com.kms.katalon.core.webui.keyword.internal.WebUIKeywordMain.runKeyword(WebUIKeywordMain.groovy:20)
	at com.kms.katalon.core.webui.keyword.builtin.VerifyElementPresentKeyword.verifyElementPresent(VerifyElementPresentKeyword.groovy:92)
	at com.kms.katalon.core.webui.keyword.builtin.VerifyElementPresentKeyword.execute(VerifyElementPresentKeyword.groovy:68)
	at com.kms.katalon.core.keyword.internal.KeywordExecutor.executeKeywordForPlatform(KeywordExecutor.groovy:74)
	at com.kms.katalon.core.webui.keyword.WebUiBuiltInKeywords.verifyElementPresent(WebUiBuiltInKeywords.groovy:1464)
	at com.kms.katalon.core.webui.keyword.WebUiBuiltInKeywords$verifyElementPresent$2.call(Unknown Source)
	at EstimatedTax_UI_TC.run(EstimatedTax_UI_TC:267)
	at com.kms.katalon.core.main.ScriptEngine.run(ScriptEngine.java:194)
	at com.kms.katalon.core.main.ScriptEngine.runScriptAsRawText(ScriptEngine.java:119)
	at com.kms.katalon.core.main.TestCaseExecutor.runScript(TestCaseExecutor.java:430)
	at com.kms.katalon.core.main.TestCaseExecutor.doExecute(TestCaseExecutor.java:421)
	at com.kms.katalon.core.main.TestCaseExecutor.processExecutionPhase(TestCaseExecutor.java:400)
	at com.kms.katalon.core.main.TestCaseExecutor.accessMainPhase(TestCaseExecutor.java:392)
	at com.kms.katalon.core.main.TestCaseExecutor.execute(TestCaseExecutor.java:273)
	at com.kms.katalon.core.main.TestSuiteExecutor.accessTestCaseMainPhase(TestSuiteExecutor.java:202)
	at com.kms.katalon.core.main.TestSuiteExecutor.accessTestSuiteMainPhase(TestSuiteExecutor.java:164)
	at com.kms.katalon.core.main.TestSuiteExecutor.execute(TestSuiteExecutor.java:105)
	at com.kms.katalon.core.main.TestCaseMain.startTestSuite(TestCaseMain.java:185)
	at com.kms.katalon.core.main.TestCaseMain$startTestSuite$0.call(Unknown Source)
	at TempTestSuite1637335687322.run(TempTestSuite1637335687322.groovy:36)
)

2021-11-19 10:29:25 - [MESSAGE][INFO] - Unable to find the element located by 'By.xpath: //*[@id = 'data' and @name = 'Data' and @type = 'password' and @placeholder = 'Social Security Number']'. Please recheck the objects properties to make sure the desired element is located. 

2021-11-19 10:29:25 - [MESSAGE][FAILED] - com.kms.katalon.core.webui.exception.WebElementNotFoundException: Web element with id: 'Object Repository/RAD_RecordAndPlay/input_JointFilerSSN' located by '//*[@id = 'data' and @name = 'Data' and @type = 'password' and @placeholder = 'Social Security Number']' not found (Root cause: com.kms.katalon.core.exception.StepFailedException: com.kms.katalon.core.webui.exception.WebElementNotFoundException: Web element with id: 'Object Repository/RAD_RecordAndPlay/input_JointFilerSSN' located by '//*[@id = 'data' and @name = 'Data' and @type = 'password' and @placeholder = 'Social Security Number']' not found
	at com.kms.katalon.core.webui.keyword.internal.WebUIKeywordMain.stepFailed(WebUIKeywordMain.groovy:64)
	at com.kms.katalon.core.webui.keyword.builtin.VerifyElementPresentKeyword$_verifyElementPresent_closure1.doCall(VerifyElementPresentKeyword.groovy:85)
	at com.kms.katalon.core.webui.keyword.builtin.VerifyElementPresentKeyword$_verifyElementPresent_closure1.call(VerifyElementPresentKeyword.groovy)
	at com.kms.katalon.core.webui.keyword.internal.WebUIKeywordMain.runKeyword(WebUIKeywordMain.groovy:20)
	at com.kms.katalon.core.webui.keyword.builtin.VerifyElementPresentKeyword.verifyElementPresent(VerifyElementPresentKeyword.groovy:92)
	at com.kms.katalon.core.webui.keyword.builtin.VerifyElementPresentKeyword.execute(VerifyElementPresentKeyword.groovy:68)
	at com.kms.katalon.core.keyword.internal.KeywordExecutor.executeKeywordForPlatform(KeywordExecutor.groovy:74)
	at com.kms.katalon.core.webui.keyword.WebUiBuiltInKeywords.verifyElementPresent(WebUiBuiltInKeywords.groovy:1464)
	at com.kms.katalon.core.webui.keyword.WebUiBuiltInKeywords$verifyElementPresent$2.call(Unknown Source)
	at EstimatedTax_UI_TC.run(EstimatedTax_UI_TC:267)
	at com.kms.katalon.core.main.ScriptEngine.run(ScriptEngine.java:194)
	at com.kms.katalon.core.main.ScriptEngine.runScriptAsRawText(ScriptEngine.java:119)
	at com.kms.katalon.core.main.TestCaseExecutor.runScript(TestCaseExecutor.java:430)
	at com.kms.katalon.core.main.TestCaseExecutor.doExecute(TestCaseExecutor.java:421)
	at com.kms.katalon.core.main.TestCaseExecutor.processExecutionPhase(TestCaseExecutor.java:400)
	at com.kms.katalon.core.main.TestCaseExecutor.accessMainPhase(TestCaseExecutor.java:392)
	at com.kms.katalon.core.main.TestCaseExecutor.execute(TestCaseExecutor.java:273)
	at com.kms.katalon.core.main.TestSuiteExecutor.accessTestCaseMainPhase(TestSuiteExecutor.java:202)
	at com.kms.katalon.core.main.TestSuiteExecutor.accessTestSuiteMainPhase(TestSuiteExecutor.java:164)
	at com.kms.katalon.core.main.TestSuiteExecutor.execute(TestSuiteExecutor.java:105)
	at com.kms.katalon.core.main.TestCaseMain.startTestSuite(TestCaseMain.java:185)
	at com.kms.katalon.core.main.TestCaseMain$startTestSuite$0.call(Unknown Source)
	at TempTestSuite1637335687322.run(TempTestSuite1637335687322.groovy:36)
)
[[ATTACHMENT|E:\\Cloned-Project-Katalon\\VPS-Katalon\\Reports\\20211119_102807\\RAD_TestSuite\\RAD_UI_TestSuite\\20211119_102807\\1637335765481.png]]

2021-11-19 10:29:25 - [TEST_STEP][FAILED] - verifyElementPresent(findTestObject("Object Repository/RAD_RecordAndPlay/input_reTypeJointFilerSSN"), 30): com.kms.katalon.core.webui.exception.WebElementNotFoundException: Web element with id: 'Object Repository/RAD_RecordAndPlay/input_reTypeJointFilerSSN' located by '//*[@id = 'data' and @name = 'Data' and @type = 'password' and @placeholder = 'Re-Type SSN']' not found (Root cause: com.kms.katalon.core.exception.StepFailedException: com.kms.katalon.core.webui.exception.WebElementNotFoundException: Web element with id: 'Object Repository/RAD_RecordAndPlay/input_reTypeJointFilerSSN' located by '//*[@id = 'data' and @name = 'Data' and @type = 'password' and @placeholder = 'Re-Type SSN']' not found
	at com.kms.katalon.core.webui.keyword.internal.WebUIKeywordMain.stepFailed(WebUIKeywordMain.groovy:64)
	at com.kms.katalon.core.webui.keyword.builtin.VerifyElementPresentKeyword$_verifyElementPresent_closure1.doCall(VerifyElementPresentKeyword.groovy:85)
	at com.kms.katalon.core.webui.keyword.builtin.VerifyElementPresentKeyword$_verifyElementPresent_closure1.call(VerifyElementPresentKeyword.groovy)
	at com.kms.katalon.core.webui.keyword.internal.WebUIKeywordMain.runKeyword(WebUIKeywordMain.groovy:20)
	at com.kms.katalon.core.webui.keyword.builtin.VerifyElementPresentKeyword.verifyElementPresent(VerifyElementPresentKeyword.groovy:92)
	at com.kms.katalon.core.webui.keyword.builtin.VerifyElementPresentKeyword.execute(VerifyElementPresentKeyword.groovy:68)
	at com.kms.katalon.core.keyword.internal.KeywordExecutor.executeKeywordForPlatform(KeywordExecutor.groovy:74)
	at com.kms.katalon.core.webui.keyword.WebUiBuiltInKeywords.verifyElementPresent(WebUiBuiltInKeywords.groovy:1464)
	at com.kms.katalon.core.webui.keyword.WebUiBuiltInKeywords$verifyElementPresent$2.call(Unknown Source)
	at EstimatedTax_UI_TC.run(EstimatedTax_UI_TC:269)
	at com.kms.katalon.core.main.ScriptEngine.run(ScriptEngine.java:194)
	at com.kms.katalon.core.main.ScriptEngine.runScriptAsRawText(ScriptEngine.java:119)
	at com.kms.katalon.core.main.TestCaseExecutor.runScript(TestCaseExecutor.java:430)
	at com.kms.katalon.core.main.TestCaseExecutor.doExecute(TestCaseExecutor.java:421)
	at com.kms.katalon.core.main.TestCaseExecutor.processExecutionPhase(TestCaseExecutor.java:400)
	at com.kms.katalon.core.main.TestCaseExecutor.accessMainPhase(TestCaseExecutor.java:392)
	at com.kms.katalon.core.main.TestCaseExecutor.execute(TestCaseExecutor.java:273)
	at com.kms.katalon.core.main.TestSuiteExecutor.accessTestCaseMainPhase(TestSuiteExecutor.java:202)
	at com.kms.katalon.core.main.TestSuiteExecutor.accessTestSuiteMainPhase(TestSuiteExecutor.java:164)
	at com.kms.katalon.core.main.TestSuiteExecutor.execute(TestSuiteExecutor.java:105)
	at com.kms.katalon.core.main.TestCaseMain.startTestSuite(TestCaseMain.java:185)
	at com.kms.katalon.core.main.TestCaseMain$startTestSuite$0.call(Unknown Source)
	at TempTestSuite1637335687322.run(TempTestSuite1637335687322.groovy:36)
)

2021-11-19 10:29:57 - [MESSAGE][INFO] - Unable to find the element located by 'By.xpath: //*[@id = 'data' and @name = 'Data' and @type = 'password' and @placeholder = 'Re-Type SSN']'. Please recheck the objects properties to make sure the desired element is located. 

2021-11-19 10:29:57 - [MESSAGE][FAILED] - com.kms.katalon.core.webui.exception.WebElementNotFoundException: Web element with id: 'Object Repository/RAD_RecordAndPlay/input_reTypeJointFilerSSN' located by '//*[@id = 'data' and @name = 'Data' and @type = 'password' and @placeholder = 'Re-Type SSN']' not found (Root cause: com.kms.katalon.core.exception.StepFailedException: com.kms.katalon.core.webui.exception.WebElementNotFoundException: Web element with id: 'Object Repository/RAD_RecordAndPlay/input_reTypeJointFilerSSN' located by '//*[@id = 'data' and @name = 'Data' and @type = 'password' and @placeholder = 'Re-Type SSN']' not found
	at com.kms.katalon.core.webui.keyword.internal.WebUIKeywordMain.stepFailed(WebUIKeywordMain.groovy:64)
	at com.kms.katalon.core.webui.keyword.builtin.VerifyElementPresentKeyword$_verifyElementPresent_closure1.doCall(VerifyElementPresentKeyword.groovy:85)
	at com.kms.katalon.core.webui.keyword.builtin.VerifyElementPresentKeyword$_verifyElementPresent_closure1.call(VerifyElementPresentKeyword.groovy)
	at com.kms.katalon.core.webui.keyword.internal.WebUIKeywordMain.runKeyword(WebUIKeywordMain.groovy:20)
	at com.kms.katalon.core.webui.keyword.builtin.VerifyElementPresentKeyword.verifyElementPresent(VerifyElementPresentKeyword.groovy:92)
	at com.kms.katalon.core.webui.keyword.builtin.VerifyElementPresentKeyword.execute(VerifyElementPresentKeyword.groovy:68)
	at com.kms.katalon.core.keyword.internal.KeywordExecutor.executeKeywordForPlatform(KeywordExecutor.groovy:74)
	at com.kms.katalon.core.webui.keyword.WebUiBuiltInKeywords.verifyElementPresent(WebUiBuiltInKeywords.groovy:1464)
	at com.kms.katalon.core.webui.keyword.WebUiBuiltInKeywords$verifyElementPresent$2.call(Unknown Source)
	at EstimatedTax_UI_TC.run(EstimatedTax_UI_TC:269)
	at com.kms.katalon.core.main.ScriptEngine.run(ScriptEngine.java:194)
	at com.kms.katalon.core.main.ScriptEngine.runScriptAsRawText(ScriptEngine.java:119)
	at com.kms.katalon.core.main.TestCaseExecutor.runScript(TestCaseExecutor.java:430)
	at com.kms.katalon.core.main.TestCaseExecutor.doExecute(TestCaseExecutor.java:421)
	at com.kms.katalon.core.main.TestCaseExecutor.processExecutionPhase(TestCaseExecutor.java:400)
	at com.kms.katalon.core.main.TestCaseExecutor.accessMainPhase(TestCaseExecutor.java:392)
	at com.kms.katalon.core.main.TestCaseExecutor.execute(TestCaseExecutor.java:273)
	at com.kms.katalon.core.main.TestSuiteExecutor.accessTestCaseMainPhase(TestSuiteExecutor.java:202)
	at com.kms.katalon.core.main.TestSuiteExecutor.accessTestSuiteMainPhase(TestSuiteExecutor.java:164)
	at com.kms.katalon.core.main.TestSuiteExecutor.execute(TestSuiteExecutor.java:105)
	at com.kms.katalon.core.main.TestCaseMain.startTestSuite(TestCaseMain.java:185)
	at com.kms.katalon.core.main.TestCaseMain$startTestSuite$0.call(Unknown Source)
	at TempTestSuite1637335687322.run(TempTestSuite1637335687322.groovy:36)
)
[[ATTACHMENT|E:\\Cloned-Project-Katalon\\VPS-Katalon\\Reports\\20211119_102807\\RAD_TestSuite\\RAD_UI_TestSuite\\20211119_102807\\1637335797213.png]]

2021-11-19 10:29:57 - [TEST_STEP][PASSED] - selectOptionByLabel(findTestObject(orPath_TaxTypeFilingYear + "/select_PaymentType"), "Personal", false): All options with label 'Personal' are selected in object 'Object Repository/RAD_Pages/TaxTypeFilingYear_Page/select_PaymentType' 

2021-11-19 10:29:58 - [MESSAGE][PASSED] - All options with label 'Personal' are selected in object 'Object Repository/RAD_Pages/TaxTypeFilingYear_Page/select_PaymentType' 

2021-11-19 10:29:58 - [TEST_STEP][PASSED] - verifyElementVisible(findTestObject(orPath_TaxPayer + "/input_firstName")): Object 'Object Repository/RAD_Pages/Taxpayer_Page/input_firstName' is visible

2021-11-19 10:29:58 - [MESSAGE][PASSED] - Object 'Object Repository/RAD_Pages/Taxpayer_Page/input_firstName' is visible

2021-11-19 10:29:58 - [TEST_STEP][PASSED] - verifyElementVisible(findTestObject(orPath_TaxPayer + "/input_middleName")): Object 'Object Repository/RAD_Pages/Taxpayer_Page/input_middleName' is visible

2021-11-19 10:29:59 - [MESSAGE][PASSED] - Object 'Object Repository/RAD_Pages/Taxpayer_Page/input_middleName' is visible

2021-11-19 10:29:59 - [TEST_STEP][PASSED] - verifyElementVisible(findTestObject(orPath_TaxPayer + "/input_lastName")): Object 'Object Repository/RAD_Pages/Taxpayer_Page/input_lastName' is visible

2021-11-19 10:29:59 - [MESSAGE][PASSED] - Object 'Object Repository/RAD_Pages/Taxpayer_Page/input_lastName' is visible

2021-11-19 10:29:59 - [TEST_STEP][PASSED] - verifyElementVisible(findTestObject(orPath_TaxPayer + "/input_suffix")): Object 'Object Repository/RAD_Pages/Taxpayer_Page/input_suffix' is visible

2021-11-19 10:29:59 - [MESSAGE][PASSED] - Object 'Object Repository/RAD_Pages/Taxpayer_Page/input_suffix' is visible

2021-11-19 10:29:59 - [TEST_STEP][PASSED] - verifyElementVisible(findTestObject("RAD_RecordAndPlay/input_concatSSN")): Object 'Object Repository/RAD_RecordAndPlay/input_concatSSN' is visible

2021-11-19 10:30:00 - [MESSAGE][PASSED] - Object 'Object Repository/RAD_RecordAndPlay/input_concatSSN' is visible

2021-11-19 10:30:00 - [TEST_STEP][PASSED] - verifyElementVisible(findTestObject("RAD_RecordAndPlay/input_concatReSSN")): Object 'Object Repository/RAD_RecordAndPlay/input_concatReSSN' is visible

2021-11-19 10:30:00 - [MESSAGE][PASSED] - Object 'Object Repository/RAD_RecordAndPlay/input_concatReSSN' is visible

2021-11-19 10:30:00 - [TEST_STEP][PASSED] - verifyElementVisible(findTestObject(orPath_FilingStatus + "/input_userType_Individual")): Object 'Object Repository/RAD_Pages/FilingStatus_Page/input_userType_Individual' is visible

2021-11-19 10:30:01 - [MESSAGE][PASSED] - Object 'Object Repository/RAD_Pages/FilingStatus_Page/input_userType_Individual' is visible

2021-11-19 10:30:01 - [TEST_STEP][PASSED] - verifyElementVisible(findTestObject(orPath_FilingStatus + "/input_userType_Joint")): Object 'Object Repository/RAD_Pages/FilingStatus_Page/input_userType_Joint' is visible

2021-11-19 10:30:01 - [MESSAGE][PASSED] - Object 'Object Repository/RAD_Pages/FilingStatus_Page/input_userType_Joint' is visible

2021-11-19 10:30:01 - [TEST_STEP][PASSED] - verifyElementNotVisible(findTestObject(orPath_TaxPayer + "/input_Note_businessName")): Object 'Object Repository/RAD_Pages/Taxpayer_Page/input_Note_businessName' is NOT visible

2021-11-19 10:30:01 - [MESSAGE][PASSED] - Object 'Object Repository/RAD_Pages/Taxpayer_Page/input_Note_businessName' is NOT visible

2021-11-19 10:30:01 - [TEST_STEP][FAILED] - verifyElementNotVisible(findTestObject(orPath_TaxInfo + "/input_FederalEIN")): Web element with id: 'Object Repository/RAD_Pages/TaxInfo_Page/input_FederalEIN' located by '//*[@id = 'data' and @name = 'Data' and @type = 'password' and @placeholder = 'Federal EIN']' not found (Root cause: com.kms.katalon.core.exception.StepFailedException: Web element with id: 'Object Repository/RAD_Pages/TaxInfo_Page/input_FederalEIN' located by '//*[@id = 'data' and @name = 'Data' and @type = 'password' and @placeholder = 'Federal EIN']' not found
	at com.kms.katalon.core.webui.keyword.internal.WebUIKeywordMain.stepFailed(WebUIKeywordMain.groovy:64)
	at com.kms.katalon.core.webui.keyword.builtin.VerifyElementNotVisibleKeyword$_verifyElementNotVisible_closure1.doCall(VerifyElementNotVisibleKeyword.groovy:89)
	at com.kms.katalon.core.webui.keyword.builtin.VerifyElementNotVisibleKeyword$_verifyElementNotVisible_closure1.call(VerifyElementNotVisibleKeyword.groovy)
	at com.kms.katalon.core.webui.keyword.internal.WebUIKeywordMain.runKeyword(WebUIKeywordMain.groovy:20)
	at com.kms.katalon.core.webui.keyword.builtin.VerifyElementNotVisibleKeyword.verifyElementNotVisible(VerifyElementNotVisibleKeyword.groovy:97)
	at com.kms.katalon.core.webui.keyword.builtin.VerifyElementNotVisibleKeyword.execute(VerifyElementNotVisibleKeyword.groovy:67)
	at com.kms.katalon.core.keyword.internal.KeywordExecutor.executeKeywordForPlatform(KeywordExecutor.groovy:74)
	at com.kms.katalon.core.webui.keyword.WebUiBuiltInKeywords.verifyElementNotVisible(WebUiBuiltInKeywords.groovy:405)
	at com.kms.katalon.core.webui.keyword.WebUiBuiltInKeywords$verifyElementNotVisible$12.call(Unknown Source)
	at EstimatedTax_UI_TC.run(EstimatedTax_UI_TC:307)
	at com.kms.katalon.core.main.ScriptEngine.run(ScriptEngine.java:194)
	at com.kms.katalon.core.main.ScriptEngine.runScriptAsRawText(ScriptEngine.java:119)
	at com.kms.katalon.core.main.TestCaseExecutor.runScript(TestCaseExecutor.java:430)
	at com.kms.katalon.core.main.TestCaseExecutor.doExecute(TestCaseExecutor.java:421)
	at com.kms.katalon.core.main.TestCaseExecutor.processExecutionPhase(TestCaseExecutor.java:400)
	at com.kms.katalon.core.main.TestCaseExecutor.accessMainPhase(TestCaseExecutor.java:392)
	at com.kms.katalon.core.main.TestCaseExecutor.execute(TestCaseExecutor.java:273)
	at com.kms.katalon.core.main.TestSuiteExecutor.accessTestCaseMainPhase(TestSuiteExecutor.java:202)
	at com.kms.katalon.core.main.TestSuiteExecutor.accessTestSuiteMainPhase(TestSuiteExecutor.java:164)
	at com.kms.katalon.core.main.TestSuiteExecutor.execute(TestSuiteExecutor.java:105)
	at com.kms.katalon.core.main.TestCaseMain.startTestSuite(TestCaseMain.java:185)
	at com.kms.katalon.core.main.TestCaseMain$startTestSuite$0.call(Unknown Source)
	at TempTestSuite1637335687322.run(TempTestSuite1637335687322.groovy:36)
)

2021-11-19 10:30:33 - [MESSAGE][INFO] - Unable to find the element located by 'By.xpath: //*[@id = 'data' and @name = 'Data' and @type = 'password' and @placeholder = 'Federal EIN']'. Please recheck the objects properties to make sure the desired element is located. 

2021-11-19 10:30:33 - [MESSAGE][WARNING] - [SELF-HEALING] Failed to find element with id 'Object Repository/RAD_Pages/TaxInfo_Page/input_FederalEIN'. Try using Self-healing.

2021-11-19 10:30:34 - [MESSAGE][ERROR] - [SELF-HEALING] Cannot save screenshot to: E:\Cloned-Project-Katalon\VPS-Katalon\Reports\Self-healing, reason: element click intercepted: Element <iframe src="https://test-htp.tokenex.com/iframe/v3?AuthenticationKey=gJN%2FV83oGID9LAD%2BnljFmUY%2Bc%2Bslgwv0DiG%2FJ5UkBSc%3D&amp;Origin=https%3A%2F%2Fqa.velocitypayment.com&amp;TokenExID=3817434419954472&amp;Timestamp=20211119152832&amp;Container=FEINIFrame&amp;Mode=Data&amp;PCI=false&amp;TokenScheme=nTOKENfour1to1&amp;ExpiresInSeconds=1200" frameborder="0" width="100%" height="100%" id="tx_iframe_FEINIFrame" name="tx_iframe_FEINIFrame" cd_frame_id_="b1ce267c33dfb3a77c206cf3367f6890"></iframe> is not clickable at point (0, 0). Other element would receive the click: <nav class="navbar navbar-expand-lg navbar-expand-md navbar-dark bg-primary position-fixed w-100 top-0 left-0 shadow-sm">...</nav>
  (Session info: chrome=96.0.4664.45)
Build info: version: '3.141.59', revision: 'e82be7d358', time: '2018-11-14T08:25:53'
System info: host: 'DESKTOP-B2QI6NS', ip: '172.30.2.167', os.name: 'Windows 10', os.arch: 'amd64', os.version: '10.0', java.version: '1.8.0_181'
Driver info: com.kms.katalon.selenium.driver.CChromeDriver
Capabilities {acceptInsecureCerts: true, browserName: chrome, browserVersion: 96.0.4664.45, chrome: {chromedriverVersion: 95.0.4638.54 (d31a821ec901f..., userDataDir: C:\Users\iahmed\AppData\Loc...}, goog:chromeOptions: {debuggerAddress: localhost:59702}, javascriptEnabled: true, networkConnectionEnabled: false, pageLoadStrategy: normal, platform: WINDOWS, platformName: WINDOWS, proxy: Proxy(), setWindowRect: true, strictFileInteractability: false, timeouts: {implicit: 0, pageLoad: 300000, script: 30000}, unhandledPromptBehavior: dismiss and notify, webauthn:extension:credBlob: true, webauthn:extension:largeBlob: true, webauthn:virtualAuthenticators: true}
Session ID: f641841952290cf492836f2c7f6ea92b.

2021-11-19 10:30:34 - [MESSAGE][WARNING] - [SELF-HEALING] 'other' is different type of Path

2021-11-19 10:30:35 - [MESSAGE][ERROR] - [SELF-HEALING] Cannot save screenshot to: E:\Cloned-Project-Katalon\VPS-Katalon\Reports\Self-healing, reason: element click intercepted: Element <iframe src="https://test-htp.tokenex.com/iframe/v3?AuthenticationKey=gJN%2FV83oGID9LAD%2BnljFmUY%2Bc%2Bslgwv0DiG%2FJ5UkBSc%3D&amp;Origin=https%3A%2F%2Fqa.velocitypayment.com&amp;TokenExID=3817434419954472&amp;Timestamp=20211119152832&amp;Container=FEINIFrame&amp;Mode=Data&amp;PCI=false&amp;TokenScheme=nTOKENfour1to1&amp;ExpiresInSeconds=1200" frameborder="0" width="100%" height="100%" id="tx_iframe_FEINIFrame" name="tx_iframe_FEINIFrame" cd_frame_id_="b1ce267c33dfb3a77c206cf3367f6890"></iframe> is not clickable at point (0, 0). Other element would receive the click: <nav class="navbar navbar-expand-lg navbar-expand-md navbar-dark bg-primary position-fixed w-100 top-0 left-0 shadow-sm">...</nav>
  (Session info: chrome=96.0.4664.45)
Build info: version: '3.141.59', revision: 'e82be7d358', time: '2018-11-14T08:25:53'
System info: host: 'DESKTOP-B2QI6NS', ip: '172.30.2.167', os.name: 'Windows 10', os.arch: 'amd64', os.version: '10.0', java.version: '1.8.0_181'
Driver info: com.kms.katalon.selenium.driver.CChromeDriver
Capabilities {acceptInsecureCerts: true, browserName: chrome, browserVersion: 96.0.4664.45, chrome: {chromedriverVersion: 95.0.4638.54 (d31a821ec901f..., userDataDir: C:\Users\iahmed\AppData\Loc...}, goog:chromeOptions: {debuggerAddress: localhost:59702}, javascriptEnabled: true, networkConnectionEnabled: false, pageLoadStrategy: normal, platform: WINDOWS, platformName: WINDOWS, proxy: Proxy(), setWindowRect: true, strictFileInteractability: false, timeouts: {implicit: 0, pageLoad: 300000, script: 30000}, unhandledPromptBehavior: dismiss and notify, webauthn:extension:credBlob: true, webauthn:extension:largeBlob: true, webauthn:virtualAuthenticators: true}
Session ID: f641841952290cf492836f2c7f6ea92b.

2021-11-19 10:30:35 - [MESSAGE][WARNING] - [SELF-HEALING] 'other' is different type of Path

2021-11-19 10:30:35 - [MESSAGE][FAILED] - Web element with id: 'Object Repository/RAD_Pages/TaxInfo_Page/input_FederalEIN' located by '//*[@id = 'data' and @name = 'Data' and @type = 'password' and @placeholder = 'Federal EIN']' not found (Root cause: com.kms.katalon.core.exception.StepFailedException: Web element with id: 'Object Repository/RAD_Pages/TaxInfo_Page/input_FederalEIN' located by '//*[@id = 'data' and @name = 'Data' and @type = 'password' and @placeholder = 'Federal EIN']' not found
	at com.kms.katalon.core.webui.keyword.internal.WebUIKeywordMain.stepFailed(WebUIKeywordMain.groovy:64)
	at com.kms.katalon.core.webui.keyword.builtin.VerifyElementNotVisibleKeyword$_verifyElementNotVisible_closure1.doCall(VerifyElementNotVisibleKeyword.groovy:89)
	at com.kms.katalon.core.webui.keyword.builtin.VerifyElementNotVisibleKeyword$_verifyElementNotVisible_closure1.call(VerifyElementNotVisibleKeyword.groovy)
	at com.kms.katalon.core.webui.keyword.internal.WebUIKeywordMain.runKeyword(WebUIKeywordMain.groovy:20)
	at com.kms.katalon.core.webui.keyword.builtin.VerifyElementNotVisibleKeyword.verifyElementNotVisible(VerifyElementNotVisibleKeyword.groovy:97)
	at com.kms.katalon.core.webui.keyword.builtin.VerifyElementNotVisibleKeyword.execute(VerifyElementNotVisibleKeyword.groovy:67)
	at com.kms.katalon.core.keyword.internal.KeywordExecutor.executeKeywordForPlatform(KeywordExecutor.groovy:74)
	at com.kms.katalon.core.webui.keyword.WebUiBuiltInKeywords.verifyElementNotVisible(WebUiBuiltInKeywords.groovy:405)
	at com.kms.katalon.core.webui.keyword.WebUiBuiltInKeywords$verifyElementNotVisible$12.call(Unknown Source)
	at EstimatedTax_UI_TC.run(EstimatedTax_UI_TC:307)
	at com.kms.katalon.core.main.ScriptEngine.run(ScriptEngine.java:194)
	at com.kms.katalon.core.main.ScriptEngine.runScriptAsRawText(ScriptEngine.java:119)
	at com.kms.katalon.core.main.TestCaseExecutor.runScript(TestCaseExecutor.java:430)
	at com.kms.katalon.core.main.TestCaseExecutor.doExecute(TestCaseExecutor.java:421)
	at com.kms.katalon.core.main.TestCaseExecutor.processExecutionPhase(TestCaseExecutor.java:400)
	at com.kms.katalon.core.main.TestCaseExecutor.accessMainPhase(TestCaseExecutor.java:392)
	at com.kms.katalon.core.main.TestCaseExecutor.execute(TestCaseExecutor.java:273)
	at com.kms.katalon.core.main.TestSuiteExecutor.accessTestCaseMainPhase(TestSuiteExecutor.java:202)
	at com.kms.katalon.core.main.TestSuiteExecutor.accessTestSuiteMainPhase(TestSuiteExecutor.java:164)
	at com.kms.katalon.core.main.TestSuiteExecutor.execute(TestSuiteExecutor.java:105)
	at com.kms.katalon.core.main.TestCaseMain.startTestSuite(TestCaseMain.java:185)
	at com.kms.katalon.core.main.TestCaseMain$startTestSuite$0.call(Unknown Source)
	at TempTestSuite1637335687322.run(TempTestSuite1637335687322.groovy:36)
)
[[ATTACHMENT|E:\\Cloned-Project-Katalon\\VPS-Katalon\\Reports\\20211119_102807\\RAD_TestSuite\\RAD_UI_TestSuite\\20211119_102807\\1637335835532.png]]

2021-11-19 10:30:35 - [TEST_STEP][FAILED] - verifyElementNotVisible(findTestObject(orPath_TaxInfo + "/input_FederalEIN_ReEnter")): Web element with id: 'Object Repository/RAD_Pages/TaxInfo_Page/input_FederalEIN_ReEnter' located by '//*[@id = 'data' and @name = 'Data' and @type = 'password' and @placeholder = 'Re-Type Federal EIN']' not found (Root cause: com.kms.katalon.core.exception.StepFailedException: Web element with id: 'Object Repository/RAD_Pages/TaxInfo_Page/input_FederalEIN_ReEnter' located by '//*[@id = 'data' and @name = 'Data' and @type = 'password' and @placeholder = 'Re-Type Federal EIN']' not found
	at com.kms.katalon.core.webui.keyword.internal.WebUIKeywordMain.stepFailed(WebUIKeywordMain.groovy:64)
	at com.kms.katalon.core.webui.keyword.builtin.VerifyElementNotVisibleKeyword$_verifyElementNotVisible_closure1.doCall(VerifyElementNotVisibleKeyword.groovy:89)
	at com.kms.katalon.core.webui.keyword.builtin.VerifyElementNotVisibleKeyword$_verifyElementNotVisible_closure1.call(VerifyElementNotVisibleKeyword.groovy)
	at com.kms.katalon.core.webui.keyword.internal.WebUIKeywordMain.runKeyword(WebUIKeywordMain.groovy:20)
	at com.kms.katalon.core.webui.keyword.builtin.VerifyElementNotVisibleKeyword.verifyElementNotVisible(VerifyElementNotVisibleKeyword.groovy:97)
	at com.kms.katalon.core.webui.keyword.builtin.VerifyElementNotVisibleKeyword.execute(VerifyElementNotVisibleKeyword.groovy:67)
	at com.kms.katalon.core.keyword.internal.KeywordExecutor.executeKeywordForPlatform(KeywordExecutor.groovy:74)
	at com.kms.katalon.core.webui.keyword.WebUiBuiltInKeywords.verifyElementNotVisible(WebUiBuiltInKeywords.groovy:405)
	at com.kms.katalon.core.webui.keyword.WebUiBuiltInKeywords$verifyElementNotVisible$12.call(Unknown Source)
	at EstimatedTax_UI_TC.run(EstimatedTax_UI_TC:309)
	at com.kms.katalon.core.main.ScriptEngine.run(ScriptEngine.java:194)
	at com.kms.katalon.core.main.ScriptEngine.runScriptAsRawText(ScriptEngine.java:119)
	at com.kms.katalon.core.main.TestCaseExecutor.runScript(TestCaseExecutor.java:430)
	at com.kms.katalon.core.main.TestCaseExecutor.doExecute(TestCaseExecutor.java:421)
	at com.kms.katalon.core.main.TestCaseExecutor.processExecutionPhase(TestCaseExecutor.java:400)
	at com.kms.katalon.core.main.TestCaseExecutor.accessMainPhase(TestCaseExecutor.java:392)
	at com.kms.katalon.core.main.TestCaseExecutor.execute(TestCaseExecutor.java:273)
	at com.kms.katalon.core.main.TestSuiteExecutor.accessTestCaseMainPhase(TestSuiteExecutor.java:202)
	at com.kms.katalon.core.main.TestSuiteExecutor.accessTestSuiteMainPhase(TestSuiteExecutor.java:164)
	at com.kms.katalon.core.main.TestSuiteExecutor.execute(TestSuiteExecutor.java:105)
	at com.kms.katalon.core.main.TestCaseMain.startTestSuite(TestCaseMain.java:185)
	at com.kms.katalon.core.main.TestCaseMain$startTestSuite$0.call(Unknown Source)
	at TempTestSuite1637335687322.run(TempTestSuite1637335687322.groovy:36)
)

2021-11-19 10:31:07 - [MESSAGE][INFO] - Unable to find the element located by 'By.xpath: //*[@id = 'data' and @name = 'Data' and @type = 'password' and @placeholder = 'Re-Type Federal EIN']'. Please recheck the objects properties to make sure the desired element is located. 

2021-11-19 10:31:07 - [MESSAGE][WARNING] - [SELF-HEALING] Failed to find element with id 'Object Repository/RAD_Pages/TaxInfo_Page/input_FederalEIN_ReEnter'. Try using Self-healing.

2021-11-19 10:31:08 - [MESSAGE][ERROR] - [SELF-HEALING] Cannot save screenshot to: E:\Cloned-Project-Katalon\VPS-Katalon\Reports\Self-healing, reason: element click intercepted: Element <iframe src="https://test-htp.tokenex.com/iframe/v3?AuthenticationKey=gJN%2FV83oGID9LAD%2BnljFmUY%2Bc%2Bslgwv0DiG%2FJ5UkBSc%3D&amp;Origin=https%3A%2F%2Fqa.velocitypayment.com&amp;TokenExID=3817434419954472&amp;Timestamp=20211119152832&amp;Container=reEnterFEINIFrame&amp;Mode=Data&amp;PCI=false&amp;TokenScheme=nTOKENfour1to1&amp;ExpiresInSeconds=1200" frameborder="0" width="100%" height="100%" id="tx_iframe_reEnterFEINIFrame" name="tx_iframe_reEnterFEINIFrame" cd_frame_id_="3b07219aa887c54f521fb5e12d5820fd"></iframe> is not clickable at point (0, 0). Other element would receive the click: <nav class="navbar navbar-expand-lg navbar-expand-md navbar-dark bg-primary position-fixed w-100 top-0 left-0 shadow-sm">...</nav>
  (Session info: chrome=96.0.4664.45)
Build info: version: '3.141.59', revision: 'e82be7d358', time: '2018-11-14T08:25:53'
System info: host: 'DESKTOP-B2QI6NS', ip: '172.30.2.167', os.name: 'Windows 10', os.arch: 'amd64', os.version: '10.0', java.version: '1.8.0_181'
Driver info: com.kms.katalon.selenium.driver.CChromeDriver
Capabilities {acceptInsecureCerts: true, browserName: chrome, browserVersion: 96.0.4664.45, chrome: {chromedriverVersion: 95.0.4638.54 (d31a821ec901f..., userDataDir: C:\Users\iahmed\AppData\Loc...}, goog:chromeOptions: {debuggerAddress: localhost:59702}, javascriptEnabled: true, networkConnectionEnabled: false, pageLoadStrategy: normal, platform: WINDOWS, platformName: WINDOWS, proxy: Proxy(), setWindowRect: true, strictFileInteractability: false, timeouts: {implicit: 0, pageLoad: 300000, script: 30000}, unhandledPromptBehavior: dismiss and notify, webauthn:extension:credBlob: true, webauthn:extension:largeBlob: true, webauthn:virtualAuthenticators: true}
Session ID: f641841952290cf492836f2c7f6ea92b.

2021-11-19 10:31:08 - [MESSAGE][WARNING] - [SELF-HEALING] 'other' is different type of Path

2021-11-19 10:31:09 - [MESSAGE][ERROR] - [SELF-HEALING] Cannot save screenshot to: E:\Cloned-Project-Katalon\VPS-Katalon\Reports\Self-healing, reason: element click intercepted: Element <iframe src="https://test-htp.tokenex.com/iframe/v3?AuthenticationKey=gJN%2FV83oGID9LAD%2BnljFmUY%2Bc%2Bslgwv0DiG%2FJ5UkBSc%3D&amp;Origin=https%3A%2F%2Fqa.velocitypayment.com&amp;TokenExID=3817434419954472&amp;Timestamp=20211119152832&amp;Container=reEnterFEINIFrame&amp;Mode=Data&amp;PCI=false&amp;TokenScheme=nTOKENfour1to1&amp;ExpiresInSeconds=1200" frameborder="0" width="100%" height="100%" id="tx_iframe_reEnterFEINIFrame" name="tx_iframe_reEnterFEINIFrame" cd_frame_id_="3b07219aa887c54f521fb5e12d5820fd"></iframe> is not clickable at point (0, 0). Other element would receive the click: <nav class="navbar navbar-expand-lg navbar-expand-md navbar-dark bg-primary position-fixed w-100 top-0 left-0 shadow-sm">...</nav>
  (Session info: chrome=96.0.4664.45)
Build info: version: '3.141.59', revision: 'e82be7d358', time: '2018-11-14T08:25:53'
System info: host: 'DESKTOP-B2QI6NS', ip: '172.30.2.167', os.name: 'Windows 10', os.arch: 'amd64', os.version: '10.0', java.version: '1.8.0_181'
Driver info: com.kms.katalon.selenium.driver.CChromeDriver
Capabilities {acceptInsecureCerts: true, browserName: chrome, browserVersion: 96.0.4664.45, chrome: {chromedriverVersion: 95.0.4638.54 (d31a821ec901f..., userDataDir: C:\Users\iahmed\AppData\Loc...}, goog:chromeOptions: {debuggerAddress: localhost:59702}, javascriptEnabled: true, networkConnectionEnabled: false, pageLoadStrategy: normal, platform: WINDOWS, platformName: WINDOWS, proxy: Proxy(), setWindowRect: true, strictFileInteractability: false, timeouts: {implicit: 0, pageLoad: 300000, script: 30000}, unhandledPromptBehavior: dismiss and notify, webauthn:extension:credBlob: true, webauthn:extension:largeBlob: true, webauthn:virtualAuthenticators: true}
Session ID: f641841952290cf492836f2c7f6ea92b.

2021-11-19 10:31:09 - [MESSAGE][WARNING] - [SELF-HEALING] 'other' is different type of Path

2021-11-19 10:31:09 - [MESSAGE][FAILED] - Web element with id: 'Object Repository/RAD_Pages/TaxInfo_Page/input_FederalEIN_ReEnter' located by '//*[@id = 'data' and @name = 'Data' and @type = 'password' and @placeholder = 'Re-Type Federal EIN']' not found (Root cause: com.kms.katalon.core.exception.StepFailedException: Web element with id: 'Object Repository/RAD_Pages/TaxInfo_Page/input_FederalEIN_ReEnter' located by '//*[@id = 'data' and @name = 'Data' and @type = 'password' and @placeholder = 'Re-Type Federal EIN']' not found
	at com.kms.katalon.core.webui.keyword.internal.WebUIKeywordMain.stepFailed(WebUIKeywordMain.groovy:64)
	at com.kms.katalon.core.webui.keyword.builtin.VerifyElementNotVisibleKeyword$_verifyElementNotVisible_closure1.doCall(VerifyElementNotVisibleKeyword.groovy:89)
	at com.kms.katalon.core.webui.keyword.builtin.VerifyElementNotVisibleKeyword$_verifyElementNotVisible_closure1.call(VerifyElementNotVisibleKeyword.groovy)
	at com.kms.katalon.core.webui.keyword.internal.WebUIKeywordMain.runKeyword(WebUIKeywordMain.groovy:20)
	at com.kms.katalon.core.webui.keyword.builtin.VerifyElementNotVisibleKeyword.verifyElementNotVisible(VerifyElementNotVisibleKeyword.groovy:97)
	at com.kms.katalon.core.webui.keyword.builtin.VerifyElementNotVisibleKeyword.execute(VerifyElementNotVisibleKeyword.groovy:67)
	at com.kms.katalon.core.keyword.internal.KeywordExecutor.executeKeywordForPlatform(KeywordExecutor.groovy:74)
	at com.kms.katalon.core.webui.keyword.WebUiBuiltInKeywords.verifyElementNotVisible(WebUiBuiltInKeywords.groovy:405)
	at com.kms.katalon.core.webui.keyword.WebUiBuiltInKeywords$verifyElementNotVisible$12.call(Unknown Source)
	at EstimatedTax_UI_TC.run(EstimatedTax_UI_TC:309)
	at com.kms.katalon.core.main.ScriptEngine.run(ScriptEngine.java:194)
	at com.kms.katalon.core.main.ScriptEngine.runScriptAsRawText(ScriptEngine.java:119)
	at com.kms.katalon.core.main.TestCaseExecutor.runScript(TestCaseExecutor.java:430)
	at com.kms.katalon.core.main.TestCaseExecutor.doExecute(TestCaseExecutor.java:421)
	at com.kms.katalon.core.main.TestCaseExecutor.processExecutionPhase(TestCaseExecutor.java:400)
	at com.kms.katalon.core.main.TestCaseExecutor.accessMainPhase(TestCaseExecutor.java:392)
	at com.kms.katalon.core.main.TestCaseExecutor.execute(TestCaseExecutor.java:273)
	at com.kms.katalon.core.main.TestSuiteExecutor.accessTestCaseMainPhase(TestSuiteExecutor.java:202)
	at com.kms.katalon.core.main.TestSuiteExecutor.accessTestSuiteMainPhase(TestSuiteExecutor.java:164)
	at com.kms.katalon.core.main.TestSuiteExecutor.execute(TestSuiteExecutor.java:105)
	at com.kms.katalon.core.main.TestCaseMain.startTestSuite(TestCaseMain.java:185)
	at com.kms.katalon.core.main.TestCaseMain$startTestSuite$0.call(Unknown Source)
	at TempTestSuite1637335687322.run(TempTestSuite1637335687322.groovy:36)
)
[[ATTACHMENT|E:\\Cloned-Project-Katalon\\VPS-Katalon\\Reports\\20211119_102807\\RAD_TestSuite\\RAD_UI_TestSuite\\20211119_102807\\1637335869432.png]]

2021-11-19 10:31:09 - [TEST_STEP][PASSED] - selectOptionByLabel(findTestObject(orPath_TaxTypeFilingYear + "/select_PaymentType"), "Corporate", false): All options with label 'Corporate' are selected in object 'Object Repository/RAD_Pages/TaxTypeFilingYear_Page/select_PaymentType' 

2021-11-19 10:31:10 - [MESSAGE][PASSED] - All options with label 'Corporate' are selected in object 'Object Repository/RAD_Pages/TaxTypeFilingYear_Page/select_PaymentType' 

2021-11-19 10:31:10 - [TEST_STEP][PASSED] - verifyElementVisible(findTestObject(orPath_TaxPayer + "/input_Note_businessName")): Object 'Object Repository/RAD_Pages/Taxpayer_Page/input_Note_businessName' is visible

2021-11-19 10:31:10 - [MESSAGE][PASSED] - Object 'Object Repository/RAD_Pages/Taxpayer_Page/input_Note_businessName' is visible

2021-11-19 10:31:10 - [TEST_STEP][PASSED] - verifyElementVisible(findTestObject(orPath_TaxInfo + "/input_FederalEIN")): Object 'Object Repository/RAD_Pages/TaxInfo_Page/input_FederalEIN' is visible

2021-11-19 10:31:42 - [MESSAGE][INFO] - Unable to find the element located by 'By.xpath: //*[@id = 'data' and @name = 'Data' and @type = 'password' and @placeholder = 'Federal EIN']'. Please recheck the objects properties to make sure the desired element is located. 

2021-11-19 10:31:42 - [MESSAGE][WARNING] - [SELF-HEALING] Failed to find element with id 'Object Repository/RAD_Pages/TaxInfo_Page/input_FederalEIN'. Try using Self-healing.

2021-11-19 10:31:43 - [MESSAGE][ERROR] - [SELF-HEALING] Cannot save screenshot to: E:\Cloned-Project-Katalon\VPS-Katalon\Reports\Self-healing, reason: element click intercepted: Element is not clickable at point (489, 1182)
  (Session info: chrome=96.0.4664.45)
Build info: version: '3.141.59', revision: 'e82be7d358', time: '2018-11-14T08:25:53'
System info: host: 'DESKTOP-B2QI6NS', ip: '172.30.2.167', os.name: 'Windows 10', os.arch: 'amd64', os.version: '10.0', java.version: '1.8.0_181'
Driver info: com.kms.katalon.selenium.driver.CChromeDriver
Capabilities {acceptInsecureCerts: true, browserName: chrome, browserVersion: 96.0.4664.45, chrome: {chromedriverVersion: 95.0.4638.54 (d31a821ec901f..., userDataDir: C:\Users\iahmed\AppData\Loc...}, goog:chromeOptions: {debuggerAddress: localhost:59702}, javascriptEnabled: true, networkConnectionEnabled: false, pageLoadStrategy: normal, platform: WINDOWS, platformName: WINDOWS, proxy: Proxy(), setWindowRect: true, strictFileInteractability: false, timeouts: {implicit: 0, pageLoad: 300000, script: 30000}, unhandledPromptBehavior: dismiss and notify, webauthn:extension:credBlob: true, webauthn:extension:largeBlob: true, webauthn:virtualAuthenticators: true}
Session ID: f641841952290cf492836f2c7f6ea92b.

2021-11-19 10:31:43 - [MESSAGE][WARNING] - [SELF-HEALING] 'other' is different type of Path

2021-11-19 10:31:43 - [MESSAGE][INFO] - [SELF-HEALING] Screenshot: E:/Cloned-Project-Katalon/VPS-Katalon/Reports/Self-healing/Object Repository/RAD_Pages/TaxInfo_Page/input_FederalEIN_CSS.png

2021-11-19 10:31:43 - [MESSAGE][WARNING] - [SELF-HEALING] The current locator of test object 'Object Repository/RAD_Pages/TaxInfo_Page/input_FederalEIN' was broken. Propose an alternative one: '#data'.

2021-11-19 10:31:43 - [MESSAGE][PASSED] - Object 'Object Repository/RAD_Pages/TaxInfo_Page/input_FederalEIN' is visible

2021-11-19 10:31:43 - [TEST_STEP][PASSED] - verifyElementVisible(findTestObject(orPath_TaxInfo + "/input_FederalEIN_ReEnter")): Object 'Object Repository/RAD_Pages/TaxInfo_Page/input_FederalEIN_ReEnter' is visible

2021-11-19 10:32:15 - [MESSAGE][INFO] - Unable to find the element located by 'By.xpath: //*[@id = 'data' and @name = 'Data' and @type = 'password' and @placeholder = 'Re-Type Federal EIN']'. Please recheck the objects properties to make sure the desired element is located. 

2021-11-19 10:32:15 - [MESSAGE][WARNING] - [SELF-HEALING] Failed to find element with id 'Object Repository/RAD_Pages/TaxInfo_Page/input_FederalEIN_ReEnter'. Try using Self-healing.

2021-11-19 10:32:15 - [MESSAGE][INFO] - [SELF-HEALING] Screenshot: E:/Cloned-Project-Katalon/VPS-Katalon/Reports/Self-healing/Object Repository/RAD_Pages/TaxInfo_Page/input_FederalEIN_ReEnter_XPATH.png

2021-11-19 10:32:15 - [MESSAGE][WARNING] - [SELF-HEALING] The current locator of test object 'Object Repository/RAD_Pages/TaxInfo_Page/input_FederalEIN_ReEnter' was broken. Propose an alternative one: '//input[@id='data']'.

2021-11-19 10:32:15 - [MESSAGE][PASSED] - Object 'Object Repository/RAD_Pages/TaxInfo_Page/input_FederalEIN_ReEnter' is visible

2021-11-19 10:32:15 - [TEST_STEP][PASSED] - verifyElementNotVisible(findTestObject(orPath_TaxPayer + "/input_firstName")): Object 'Object Repository/RAD_Pages/Taxpayer_Page/input_firstName' is NOT visible

2021-11-19 10:32:15 - [MESSAGE][PASSED] - Object 'Object Repository/RAD_Pages/Taxpayer_Page/input_firstName' is NOT visible

2021-11-19 10:32:15 - [TEST_STEP][PASSED] - verifyElementNotVisible(findTestObject(orPath_TaxPayer + "/input_middleName")): Object 'Object Repository/RAD_Pages/Taxpayer_Page/input_middleName' is NOT visible

2021-11-19 10:32:16 - [MESSAGE][PASSED] - Object 'Object Repository/RAD_Pages/Taxpayer_Page/input_middleName' is NOT visible

2021-11-19 10:32:16 - [TEST_STEP][PASSED] - verifyElementNotVisible(findTestObject(orPath_TaxPayer + "/input_lastName")): Object 'Object Repository/RAD_Pages/Taxpayer_Page/input_lastName' is NOT visible

2021-11-19 10:32:16 - [MESSAGE][PASSED] - Object 'Object Repository/RAD_Pages/Taxpayer_Page/input_lastName' is NOT visible

2021-11-19 10:32:16 - [TEST_STEP][PASSED] - verifyElementNotVisible(findTestObject(orPath_TaxPayer + "/input_suffix")): Object 'Object Repository/RAD_Pages/Taxpayer_Page/input_suffix' is NOT visible

2021-11-19 10:32:16 - [MESSAGE][PASSED] - Object 'Object Repository/RAD_Pages/Taxpayer_Page/input_suffix' is NOT visible

2021-11-19 10:32:16 - [TEST_STEP][PASSED] - verifyElementNotVisible(findTestObject("RAD_RecordAndPlay/input_concatSSN")): Object 'Object Repository/RAD_RecordAndPlay/input_concatSSN' is NOT visible

2021-11-19 10:32:17 - [MESSAGE][PASSED] - Object 'Object Repository/RAD_RecordAndPlay/input_concatSSN' is NOT visible

2021-11-19 10:32:17 - [TEST_STEP][PASSED] - verifyElementNotVisible(findTestObject("RAD_RecordAndPlay/input_concatReSSN")): Object 'Object Repository/RAD_RecordAndPlay/input_concatReSSN' is NOT visible

2021-11-19 10:32:17 - [MESSAGE][PASSED] - Object 'Object Repository/RAD_RecordAndPlay/input_concatReSSN' is NOT visible

2021-11-19 10:32:17 - [TEST_STEP][PASSED] - verifyElementNotVisible(findTestObject(orPath_FilingStatus + "/input_userType_Individual")): Object 'Object Repository/RAD_Pages/FilingStatus_Page/input_userType_Individual' is NOT visible

2021-11-19 10:32:18 - [MESSAGE][PASSED] - Object 'Object Repository/RAD_Pages/FilingStatus_Page/input_userType_Individual' is NOT visible

2021-11-19 10:32:18 - [TEST_STEP][PASSED] - verifyElementNotVisible(findTestObject(orPath_FilingStatus + "/input_userType_Joint")): Object 'Object Repository/RAD_Pages/FilingStatus_Page/input_userType_Joint' is NOT visible

2021-11-19 10:32:18 - [MESSAGE][PASSED] - Object 'Object Repository/RAD_Pages/FilingStatus_Page/input_userType_Joint' is NOT visible]]></system-out>
         <system-err><![CDATA[2021-11-19 10:28:27 - [TEST_CASE][FAILED] - Test Cases/RAD_TestCases/UI_TestCases/EstimatedTax_UI_TC: Test Cases/RAD_TestCases/UI_TestCases/EstimatedTax_UI_TC FAILED.
Reason:
com.kms.katalon.core.exception.StepFailedException: com.kms.katalon.core.webui.exception.WebElementNotFoundException: Web element with id: 'Object Repository/RAD_RecordAndPlay/input_JointFilerSSN' located by '//*[@id = 'data' and @name = 'Data' and @type = 'password' and @placeholder = 'Social Security Number']' not found (Root cause: com.kms.katalon.core.exception.StepFailedException: com.kms.katalon.core.webui.exception.WebElementNotFoundException: Web element with id: 'Object Repository/RAD_RecordAndPlay/input_JointFilerSSN' located by '//*[@id = 'data' and @name = 'Data' and @type = 'password' and @placeholder = 'Social Security Number']' not found
	at com.kms.katalon.core.webui.keyword.internal.WebUIKeywordMain.stepFailed(WebUIKeywordMain.groovy:64)
	at com.kms.katalon.core.webui.keyword.builtin.VerifyElementPresentKeyword$_verifyElementPresent_closure1.doCall(VerifyElementPresentKeyword.groovy:85)
	at com.kms.katalon.core.webui.keyword.builtin.VerifyElementPresentKeyword$_verifyElementPresent_closure1.call(VerifyElementPresentKeyword.groovy)
	at com.kms.katalon.core.webui.keyword.internal.WebUIKeywordMain.runKeyword(WebUIKeywordMain.groovy:20)
	at com.kms.katalon.core.webui.keyword.builtin.VerifyElementPresentKeyword.verifyElementPresent(VerifyElementPresentKeyword.groovy:92)
	at com.kms.katalon.core.webui.keyword.builtin.VerifyElementPresentKeyword.execute(VerifyElementPresentKeyword.groovy:68)
	at com.kms.katalon.core.keyword.internal.KeywordExecutor.executeKeywordForPlatform(KeywordExecutor.groovy:74)
	at com.kms.katalon.core.webui.keyword.WebUiBuiltInKeywords.verifyElementPresent(WebUiBuiltInKeywords.groovy:1464)
	at com.kms.katalon.core.webui.keyword.WebUiBuiltInKeywords$verifyElementPresent$2.call(Unknown Source)
	at EstimatedTax_UI_TC.run(EstimatedTax_UI_TC:267)
	at com.kms.katalon.core.main.ScriptEngine.run(ScriptEngine.java:194)
	at com.kms.katalon.core.main.ScriptEngine.runScriptAsRawText(ScriptEngine.java:119)
	at com.kms.katalon.core.main.TestCaseExecutor.runScript(TestCaseExecutor.java:430)
	at com.kms.katalon.core.main.TestCaseExecutor.doExecute(TestCaseExecutor.java:421)
	at com.kms.katalon.core.main.TestCaseExecutor.processExecutionPhase(TestCaseExecutor.java:400)
	at com.kms.katalon.core.main.TestCaseExecutor.accessMainPhase(TestCaseExecutor.java:392)
	at com.kms.katalon.core.main.TestCaseExecutor.execute(TestCaseExecutor.java:273)
	at com.kms.katalon.core.main.TestSuiteExecutor.accessTestCaseMainPhase(TestSuiteExecutor.java:202)
	at com.kms.katalon.core.main.TestSuiteExecutor.accessTestSuiteMainPhase(TestSuiteExecutor.java:164)
	at com.kms.katalon.core.main.TestSuiteExecutor.execute(TestSuiteExecutor.java:105)
	at com.kms.katalon.core.main.TestCaseMain.startTestSuite(TestCaseMain.java:185)
	at com.kms.katalon.core.main.TestCaseMain$startTestSuite$0.call(Unknown Source)
	at TempTestSuite1637335687322.run(TempTestSuite1637335687322.groovy:36)
)
	at com.kms.katalon.core.keyword.internal.KeywordMain.stepFailed(KeywordMain.groovy:39)
	at com.kms.katalon.core.webui.keyword.internal.WebUIKeywordMain.stepFailed(WebUIKeywordMain.groovy:64)
	at com.kms.katalon.core.webui.keyword.builtin.VerifyElementPresentKeyword$_verifyElementPresent_closure1.doCall(VerifyElementPresentKeyword.groovy:85)
	at com.kms.katalon.core.webui.keyword.builtin.VerifyElementPresentKeyword$_verifyElementPresent_closure1.call(VerifyElementPresentKeyword.groovy)
	at com.kms.katalon.core.webui.keyword.internal.WebUIKeywordMain.runKeyword(WebUIKeywordMain.groovy:20)
	at com.kms.katalon.core.webui.keyword.builtin.VerifyElementPresentKeyword.verifyElementPresent(VerifyElementPresentKeyword.groovy:92)
	at com.kms.katalon.core.webui.keyword.builtin.VerifyElementPresentKeyword.execute(VerifyElementPresentKeyword.groovy:68)
	at com.kms.katalon.core.keyword.internal.KeywordExecutor.executeKeywordForPlatform(KeywordExecutor.groovy:74)
	at com.kms.katalon.core.webui.keyword.WebUiBuiltInKeywords.verifyElementPresent(WebUiBuiltInKeywords.groovy:1464)
	at com.kms.katalon.core.webui.keyword.WebUiBuiltInKeywords$verifyElementPresent$2.call(Unknown Source)
	at EstimatedTax_UI_TC.run(EstimatedTax_UI_TC:267)
	at com.kms.katalon.core.main.ScriptEngine.run(ScriptEngine.java:194)
	at com.kms.katalon.core.main.ScriptEngine.runScriptAsRawText(ScriptEngine.java:119)
	at com.kms.katalon.core.main.TestCaseExecutor.runScript(TestCaseExecutor.java:430)
	at com.kms.katalon.core.main.TestCaseExecutor.doExecute(TestCaseExecutor.java:421)
	at com.kms.katalon.core.main.TestCaseExecutor.processExecutionPhase(TestCaseExecutor.java:400)
	at com.kms.katalon.core.main.TestCaseExecutor.accessMainPhase(TestCaseExecutor.java:392)
	at com.kms.katalon.core.main.TestCaseExecutor.execute(TestCaseExecutor.java:273)
	at com.kms.katalon.core.main.TestSuiteExecutor.accessTestCaseMainPhase(TestSuiteExecutor.java:202)
	at com.kms.katalon.core.main.TestSuiteExecutor.accessTestSuiteMainPhase(TestSuiteExecutor.java:164)
	at com.kms.katalon.core.main.TestSuiteExecutor.execute(TestSuiteExecutor.java:105)
	at com.kms.katalon.core.main.TestCaseMain.startTestSuite(TestCaseMain.java:185)
	at com.kms.katalon.core.main.TestCaseMain$startTestSuite$0.call(Unknown Source)
	at TempTestSuite1637335687322.run(TempTestSuite1637335687322.groovy:36)
Caused by: com.kms.katalon.core.exception.StepFailedException: com.kms.katalon.core.webui.exception.WebElementNotFoundException: Web element with id: 'Object Repository/RAD_RecordAndPlay/input_JointFilerSSN' located by '//*[@id = 'data' and @name = 'Data' and @type = 'password' and @placeholder = 'Social Security Number']' not found
	... 23 more]]></system-err>
      </testcase>
      <testcase name="Test Cases/RAD_TestCases/UI_TestCases/PersonalIncomeTax_UI_TC" time="97.214" classname="Test Cases/RAD_TestCases/UI_TestCases/PersonalIncomeTax_UI_TC" status="FAILED">
         <failure type="FAILED" message="Test Cases/RAD_TestCases/UI_TestCases/PersonalIncomeTax_UI_TC FAILED.
Reason:
com.kms.katalon.core.exception.StepFailedException: com.kms.katalon.core.webui.exception.WebElementNotFoundException: Web element with id: 'Object Repository/RAD_RecordAndPlay/input_JointFilerSSN' located by '//*[@id = 'data' and @name = 'Data' and @type = 'password' and @placeholder = 'Social Security Number']' not found (Root cause: com.kms.katalon.core.exception.StepFailedException: com.kms.katalon.core.webui.exception.WebElementNotFoundException: Web element with id: 'Object Repository/RAD_RecordAndPlay/input_JointFilerSSN' located by '//*[@id = 'data' and @name = 'Data' and @type = 'password' and @placeholder = 'Social Security Number']' not found
	at com.kms.katalon.core.webui.keyword.internal.WebUIKeywordMain.stepFailed(WebUIKeywordMain.groovy:64)
	at com.kms.katalon.core.webui.keyword.builtin.VerifyElementPresentKeyword$_verifyElementPresent_closure1.doCall(VerifyElementPresentKeyword.groovy:85)
	at com.kms.katalon.core.webui.keyword.builtin.VerifyElementPresentKeyword$_verifyElementPresent_closure1.call(VerifyElementPresentKeyword.groovy)
	at com.kms.katalon.core.webui.keyword.internal.WebUIKeywordMain.runKeyword(WebUIKeywordMain.groovy:20)
	at com.kms.katalon.core.webui.keyword.builtin.VerifyElementPresentKeyword.verifyElementPresent(VerifyElementPresentKeyword.groovy:92)
	at com.kms.katalon.core.webui.keyword.builtin.VerifyElementPresentKeyword.execute(VerifyElementPresentKeyword.groovy:68)
	at com.kms.katalon.core.keyword.internal.KeywordExecutor.executeKeywordForPlatform(KeywordExecutor.groovy:74)
	at com.kms.katalon.core.webui.keyword.WebUiBuiltInKeywords.verifyElementPresent(WebUiBuiltInKeywords.groovy:1464)
	at com.kms.katalon.core.webui.keyword.WebUiBuiltInKeywords$verifyElementPresent$2.call(Unknown Source)
	at PersonalIncomeTax_UI_TC.run(PersonalIncomeTax_UI_TC:221)
	at com.kms.katalon.core.main.ScriptEngine.run(ScriptEngine.java:194)
	at com.kms.katalon.core.main.ScriptEngine.runScriptAsRawText(ScriptEngine.java:119)
	at com.kms.katalon.core.main.TestCaseExecutor.runScript(TestCaseExecutor.java:430)
	at com.kms.katalon.core.main.TestCaseExecutor.doExecute(TestCaseExecutor.java:421)
	at com.kms.katalon.core.main.TestCaseExecutor.processExecutionPhase(TestCaseExecutor.java:400)
	at com.kms.katalon.core.main.TestCaseExecutor.accessMainPhase(TestCaseExecutor.java:392)
	at com.kms.katalon.core.main.TestCaseExecutor.execute(TestCaseExecutor.java:273)
	at com.kms.katalon.core.main.TestSuiteExecutor.accessTestCaseMainPhase(TestSuiteExecutor.java:202)
	at com.kms.katalon.core.main.TestSuiteExecutor.accessTestSuiteMainPhase(TestSuiteExecutor.java:164)
	at com.kms.katalon.core.main.TestSuiteExecutor.execute(TestSuiteExecutor.java:105)
	at com.kms.katalon.core.main.TestCaseMain.startTestSuite(TestCaseMain.java:185)
	at com.kms.katalon.core.main.TestCaseMain$startTestSuite$0.call(Unknown Source)
	at TempTestSuite1637335687322.run(TempTestSuite1637335687322.groovy:36)
)
	at com.kms.katalon.core.keyword.internal.KeywordMain.stepFailed(KeywordMain.groovy:39)
	at com.kms.katalon.core.webui.keyword.internal.WebUIKeywordMain.stepFailed(WebUIKeywordMain.groovy:64)
	at com.kms.katalon.core.webui.keyword.builtin.VerifyElementPresentKeyword$_verifyElementPresent_closure1.doCall(VerifyElementPresentKeyword.groovy:85)
	at com.kms.katalon.core.webui.keyword.builtin.VerifyElementPresentKeyword$_verifyElementPresent_closure1.call(VerifyElementPresentKeyword.groovy)
	at com.kms.katalon.core.webui.keyword.internal.WebUIKeywordMain.runKeyword(WebUIKeywordMain.groovy:20)
	at com.kms.katalon.core.webui.keyword.builtin.VerifyElementPresentKeyword.verifyElementPresent(VerifyElementPresentKeyword.groovy:92)
	at com.kms.katalon.core.webui.keyword.builtin.VerifyElementPresentKeyword.execute(VerifyElementPresentKeyword.groovy:68)
	at com.kms.katalon.core.keyword.internal.KeywordExecutor.executeKeywordForPlatform(KeywordExecutor.groovy:74)
	at com.kms.katalon.core.webui.keyword.WebUiBuiltInKeywords.verifyElementPresent(WebUiBuiltInKeywords.groovy:1464)
	at com.kms.katalon.core.webui.keyword.WebUiBuiltInKeywords$verifyElementPresent$2.call(Unknown Source)
	at PersonalIncomeTax_UI_TC.run(PersonalIncomeTax_UI_TC:221)
	at com.kms.katalon.core.main.ScriptEngine.run(ScriptEngine.java:194)
	at com.kms.katalon.core.main.ScriptEngine.runScriptAsRawText(ScriptEngine.java:119)
	at com.kms.katalon.core.main.TestCaseExecutor.runScript(TestCaseExecutor.java:430)
	at com.kms.katalon.core.main.TestCaseExecutor.doExecute(TestCaseExecutor.java:421)
	at com.kms.katalon.core.main.TestCaseExecutor.processExecutionPhase(TestCaseExecutor.java:400)
	at com.kms.katalon.core.main.TestCaseExecutor.accessMainPhase(TestCaseExecutor.java:392)
	at com.kms.katalon.core.main.TestCaseExecutor.execute(TestCaseExecutor.java:273)
	at com.kms.katalon.core.main.TestSuiteExecutor.accessTestCaseMainPhase(TestSuiteExecutor.java:202)
	at com.kms.katalon.core.main.TestSuiteExecutor.accessTestSuiteMainPhase(TestSuiteExecutor.java:164)
	at com.kms.katalon.core.main.TestSuiteExecutor.execute(TestSuiteExecutor.java:105)
	at com.kms.katalon.core.main.TestCaseMain.startTestSuite(TestCaseMain.java:185)
	at com.kms.katalon.core.main.TestCaseMain$startTestSuite$0.call(Unknown Source)
	at TempTestSuite1637335687322.run(TempTestSuite1637335687322.groovy:36)
Caused by: com.kms.katalon.core.exception.StepFailedException: com.kms.katalon.core.webui.exception.WebElementNotFoundException: Web element with id: 'Object Repository/RAD_RecordAndPlay/input_JointFilerSSN' located by '//*[@id = 'data' and @name = 'Data' and @type = 'password' and @placeholder = 'Social Security Number']' not found
	... 23 more
"/>
         <system-out><![CDATA[2021-11-19 10:32:18 - [TEST_CASE][FAILED] - Test Cases/RAD_TestCases/UI_TestCases/PersonalIncomeTax_UI_TC: Test Cases/RAD_TestCases/UI_TestCases/PersonalIncomeTax_UI_TC FAILED.
Reason:
com.kms.katalon.core.exception.StepFailedException: com.kms.katalon.core.webui.exception.WebElementNotFoundException: Web element with id: 'Object Repository/RAD_RecordAndPlay/input_JointFilerSSN' located by '//*[@id = 'data' and @name = 'Data' and @type = 'password' and @placeholder = 'Social Security Number']' not found (Root cause: com.kms.katalon.core.exception.StepFailedException: com.kms.katalon.core.webui.exception.WebElementNotFoundException: Web element with id: 'Object Repository/RAD_RecordAndPlay/input_JointFilerSSN' located by '//*[@id = 'data' and @name = 'Data' and @type = 'password' and @placeholder = 'Social Security Number']' not found
	at com.kms.katalon.core.webui.keyword.internal.WebUIKeywordMain.stepFailed(WebUIKeywordMain.groovy:64)
	at com.kms.katalon.core.webui.keyword.builtin.VerifyElementPresentKeyword$_verifyElementPresent_closure1.doCall(VerifyElementPresentKeyword.groovy:85)
	at com.kms.katalon.core.webui.keyword.builtin.VerifyElementPresentKeyword$_verifyElementPresent_closure1.call(VerifyElementPresentKeyword.groovy)
	at com.kms.katalon.core.webui.keyword.internal.WebUIKeywordMain.runKeyword(WebUIKeywordMain.groovy:20)
	at com.kms.katalon.core.webui.keyword.builtin.VerifyElementPresentKeyword.verifyElementPresent(VerifyElementPresentKeyword.groovy:92)
	at com.kms.katalon.core.webui.keyword.builtin.VerifyElementPresentKeyword.execute(VerifyElementPresentKeyword.groovy:68)
	at com.kms.katalon.core.keyword.internal.KeywordExecutor.executeKeywordForPlatform(KeywordExecutor.groovy:74)
	at com.kms.katalon.core.webui.keyword.WebUiBuiltInKeywords.verifyElementPresent(WebUiBuiltInKeywords.groovy:1464)
	at com.kms.katalon.core.webui.keyword.WebUiBuiltInKeywords$verifyElementPresent$2.call(Unknown Source)
	at PersonalIncomeTax_UI_TC.run(PersonalIncomeTax_UI_TC:221)
	at com.kms.katalon.core.main.ScriptEngine.run(ScriptEngine.java:194)
	at com.kms.katalon.core.main.ScriptEngine.runScriptAsRawText(ScriptEngine.java:119)
	at com.kms.katalon.core.main.TestCaseExecutor.runScript(TestCaseExecutor.java:430)
	at com.kms.katalon.core.main.TestCaseExecutor.doExecute(TestCaseExecutor.java:421)
	at com.kms.katalon.core.main.TestCaseExecutor.processExecutionPhase(TestCaseExecutor.java:400)
	at com.kms.katalon.core.main.TestCaseExecutor.accessMainPhase(TestCaseExecutor.java:392)
	at com.kms.katalon.core.main.TestCaseExecutor.execute(TestCaseExecutor.java:273)
	at com.kms.katalon.core.main.TestSuiteExecutor.accessTestCaseMainPhase(TestSuiteExecutor.java:202)
	at com.kms.katalon.core.main.TestSuiteExecutor.accessTestSuiteMainPhase(TestSuiteExecutor.java:164)
	at com.kms.katalon.core.main.TestSuiteExecutor.execute(TestSuiteExecutor.java:105)
	at com.kms.katalon.core.main.TestCaseMain.startTestSuite(TestCaseMain.java:185)
	at com.kms.katalon.core.main.TestCaseMain$startTestSuite$0.call(Unknown Source)
	at TempTestSuite1637335687322.run(TempTestSuite1637335687322.groovy:36)
)
	at com.kms.katalon.core.keyword.internal.KeywordMain.stepFailed(KeywordMain.groovy:39)
	at com.kms.katalon.core.webui.keyword.internal.WebUIKeywordMain.stepFailed(WebUIKeywordMain.groovy:64)
	at com.kms.katalon.core.webui.keyword.builtin.VerifyElementPresentKeyword$_verifyElementPresent_closure1.doCall(VerifyElementPresentKeyword.groovy:85)
	at com.kms.katalon.core.webui.keyword.builtin.VerifyElementPresentKeyword$_verifyElementPresent_closure1.call(VerifyElementPresentKeyword.groovy)
	at com.kms.katalon.core.webui.keyword.internal.WebUIKeywordMain.runKeyword(WebUIKeywordMain.groovy:20)
	at com.kms.katalon.core.webui.keyword.builtin.VerifyElementPresentKeyword.verifyElementPresent(VerifyElementPresentKeyword.groovy:92)
	at com.kms.katalon.core.webui.keyword.builtin.VerifyElementPresentKeyword.execute(VerifyElementPresentKeyword.groovy:68)
	at com.kms.katalon.core.keyword.internal.KeywordExecutor.executeKeywordForPlatform(KeywordExecutor.groovy:74)
	at com.kms.katalon.core.webui.keyword.WebUiBuiltInKeywords.verifyElementPresent(WebUiBuiltInKeywords.groovy:1464)
	at com.kms.katalon.core.webui.keyword.WebUiBuiltInKeywords$verifyElementPresent$2.call(Unknown Source)
	at PersonalIncomeTax_UI_TC.run(PersonalIncomeTax_UI_TC:221)
	at com.kms.katalon.core.main.ScriptEngine.run(ScriptEngine.java:194)
	at com.kms.katalon.core.main.ScriptEngine.runScriptAsRawText(ScriptEngine.java:119)
	at com.kms.katalon.core.main.TestCaseExecutor.runScript(TestCaseExecutor.java:430)
	at com.kms.katalon.core.main.TestCaseExecutor.doExecute(TestCaseExecutor.java:421)
	at com.kms.katalon.core.main.TestCaseExecutor.processExecutionPhase(TestCaseExecutor.java:400)
	at com.kms.katalon.core.main.TestCaseExecutor.accessMainPhase(TestCaseExecutor.java:392)
	at com.kms.katalon.core.main.TestCaseExecutor.execute(TestCaseExecutor.java:273)
	at com.kms.katalon.core.main.TestSuiteExecutor.accessTestCaseMainPhase(TestSuiteExecutor.java:202)
	at com.kms.katalon.core.main.TestSuiteExecutor.accessTestSuiteMainPhase(TestSuiteExecutor.java:164)
	at com.kms.katalon.core.main.TestSuiteExecutor.execute(TestSuiteExecutor.java:105)
	at com.kms.katalon.core.main.TestCaseMain.startTestSuite(TestCaseMain.java:185)
	at com.kms.katalon.core.main.TestCaseMain$startTestSuite$0.call(Unknown Source)
	at TempTestSuite1637335687322.run(TempTestSuite1637335687322.groovy:36)
Caused by: com.kms.katalon.core.exception.StepFailedException: com.kms.katalon.core.webui.exception.WebElementNotFoundException: Web element with id: 'Object Repository/RAD_RecordAndPlay/input_JointFilerSSN' located by '//*[@id = 'data' and @name = 'Data' and @type = 'password' and @placeholder = 'Social Security Number']' not found
	... 23 more


2021-11-19 10:32:18 - [TEST_STEP][PASSED] - openBrowser(""): Browser is opened with url: ''

2021-11-19 10:32:18 - [MESSAGE][WARNING] - A browser is already opened. Closing browser and opening a new one

2021-11-19 10:32:19 - [MESSAGE][INFO] - Starting 'Chrome' driver

2021-11-19 10:32:19 - [MESSAGE][INFO] - User set preference: ['acceptInsecureCerts', 'true']

2021-11-19 10:32:19 - [MESSAGE][INFO] - Action delay is set to 0 milliseconds

2021-11-19 10:32:21 - [MESSAGE][PASSED] - Browser is opened with url: ''

2021-11-19 10:32:21 - [TEST_STEP][PASSED] - maximizeWindow(): Current window maximized

2021-11-19 10:32:21 - [MESSAGE][PASSED] - Current window maximized

2021-11-19 10:32:21 - [TEST_STEP][PASSED] - navigateToUrl(RADurl): Navigate to 'https://qa.velocitypayment.com/client/rad/index.html' successfully

2021-11-19 10:32:23 - [MESSAGE][PASSED] - Navigate to 'https://qa.velocitypayment.com/client/rad/index.html' successfully

2021-11-19 10:32:23 - [TEST_STEP][PASSED] - orPath_Landing = "Object Repository/RAD_Pages/Landing_Page": null

2021-11-19 10:32:23 - [TEST_STEP][PASSED] - orPath_TaxTypeFilingYear = "Object Repository/RAD_Pages/TaxTypeFilingYear_Page": null

2021-11-19 10:32:23 - [TEST_STEP][PASSED] - orPath_TaxPayer = "Object Repository/RAD_Pages/Taxpayer_Page": null

2021-11-19 10:32:23 - [TEST_STEP][PASSED] - orPath_AddressContact = "Object Repository/RAD_Pages/AddressAndContactInfo_Page": null

2021-11-19 10:32:23 - [TEST_STEP][PASSED] - orPath_FilingStatus = "Object Repository/RAD_Pages/FilingStatus_Page": null

2021-11-19 10:32:23 - [TEST_STEP][PASSED] - orPath_Amount = "Object Repository/RAD_Pages/PaymentAmount_Page": null

2021-11-19 10:32:23 - [TEST_STEP][PASSED] - selectOptionByLabel(findTestObject(orPath_Landing + "/dd_TaxType"), "Personal Income Tax", false): All options with label 'Personal Income Tax' are selected in object 'Object Repository/RAD_Pages/Landing_Page/dd_TaxType' 

2021-11-19 10:32:24 - [MESSAGE][PASSED] - All options with label 'Personal Income Tax' are selected in object 'Object Repository/RAD_Pages/Landing_Page/dd_TaxType' 

2021-11-19 10:32:24 - [TEST_STEP][PASSED] - verifyElementPresent(findTestObject(orPath_TaxTypeFilingYear + "/select_FilingYear"), 30): Object 'Object Repository/RAD_Pages/TaxTypeFilingYear_Page/select_FilingYear' is present

2021-11-19 10:32:24 - [MESSAGE][PASSED] - Object 'Object Repository/RAD_Pages/TaxTypeFilingYear_Page/select_FilingYear' is present

2021-11-19 10:32:24 - [TEST_STEP][PASSED] - totalOptionsFilingYear = getNumberOfTotalOption(findTestObject(orPath_TaxTypeFilingYear + "/select_FilingYear")): 4 options of object 'Object Repository/RAD_Pages/TaxTypeFilingYear_Page/select_FilingYear' counted

2021-11-19 10:32:25 - [MESSAGE][PASSED] - 4 options of object 'Object Repository/RAD_Pages/TaxTypeFilingYear_Page/select_FilingYear' counted

2021-11-19 10:32:25 - [TEST_STEP][PASSED] - verifyEqual(totalOptionsFilingYear, 4): Actual object '4' and expected object '4' are equal

2021-11-19 10:32:25 - [MESSAGE][PASSED] - Actual object '4' and expected object '4' are equal

2021-11-19 10:32:25 - [TEST_STEP][PASSED] - verifyOptionsPresent(findTestObject(orPath_TaxTypeFilingYear + "/select_FilingYear"), ["2018", "2019", "2020"]): Options [2018, 2019, 2020] present.

2021-11-19 10:32:25 - [MESSAGE][PASSED] - Options [2018, 2019, 2020] present.

2021-11-19 10:32:25 - [TEST_STEP][PASSED] - verifyTextPresent("Tax Type/Filing Year", true): Text 'Tax Type/Filing Year' is present on page  using regular expression

2021-11-19 10:32:26 - [MESSAGE][PASSED] - Text 'Tax Type/Filing Year' is present on page  using regular expression

2021-11-19 10:32:26 - [TEST_STEP][PASSED] - verifyTextPresent("Taxpayer", true): Text 'Taxpayer' is present on page  using regular expression

2021-11-19 10:32:26 - [MESSAGE][PASSED] - Text 'Taxpayer' is present on page  using regular expression

2021-11-19 10:32:26 - [TEST_STEP][PASSED] - verifyTextPresent("Provide the following taxpayer information", true): Text 'Provide the following taxpayer information' is present on page  using regular expression

2021-11-19 10:32:26 - [MESSAGE][PASSED] - Text 'Provide the following taxpayer information' is present on page  using regular expression

2021-11-19 10:32:26 - [TEST_STEP][PASSED] - verifyTextPresent("Note: If you are paying on behalf of the Taxpayer, enter Taxpayer", true): Text 'Note: If you are paying on behalf of the Taxpayer, enter Taxpayer' is present on page  using regular expression

2021-11-19 10:32:27 - [MESSAGE][PASSED] - Text 'Note: If you are paying on behalf of the Taxpayer, enter Taxpayer' is present on page  using regular expression

2021-11-19 10:32:27 - [TEST_STEP][PASSED] - verifyTextPresent("information here. If you are making a payment for the Taxpayer, you will be required later to enter your own credit card, billing address and other pertinent information", true): Text 'information here. If you are making a payment for the Taxpayer, you will be required later to enter your own credit card, billing address and other pertinent information' is present on page  using regular expression

2021-11-19 10:32:27 - [MESSAGE][PASSED] - Text 'information here. If you are making a payment for the Taxpayer, you will be required later to enter your own credit card, billing address and other pertinent information' is present on page  using regular expression

2021-11-19 10:32:27 - [TEST_STEP][PASSED] - verifyTextPresent("Address and Contact Information", true): Text 'Address and Contact Information' is present on page  using regular expression

2021-11-19 10:32:27 - [MESSAGE][PASSED] - Text 'Address and Contact Information' is present on page  using regular expression

2021-11-19 10:32:27 - [TEST_STEP][PASSED] - verifyTextPresent("Enter the taxpayer", true): Text 'Enter the taxpayer' is present on page  using regular expression

2021-11-19 10:32:28 - [MESSAGE][PASSED] - Text 'Enter the taxpayer' is present on page  using regular expression

2021-11-19 10:32:28 - [TEST_STEP][PASSED] - verifyTextPresent("address and contact information", true): Text 'address and contact information' is present on page  using regular expression

2021-11-19 10:32:28 - [MESSAGE][PASSED] - Text 'address and contact information' is present on page  using regular expression

2021-11-19 10:32:28 - [TEST_STEP][PASSED] - verifyTextPresent("Filing Status", true): Text 'Filing Status' is present on page  using regular expression

2021-11-19 10:32:29 - [MESSAGE][PASSED] - Text 'Filing Status' is present on page  using regular expression

2021-11-19 10:32:29 - [TEST_STEP][PASSED] - verifyTextPresent("Is this an Individual or Joint Filing?", true): Text 'Is this an Individual or Joint Filing?' is present on page  using regular expression

2021-11-19 10:32:29 - [MESSAGE][PASSED] - Text 'Is this an Individual or Joint Filing?' is present on page  using regular expression

2021-11-19 10:32:29 - [TEST_STEP][PASSED] - verifyTextPresent("Filing type", true): Text 'Filing type' is present on page  using regular expression

2021-11-19 10:32:29 - [MESSAGE][PASSED] - Text 'Filing type' is present on page  using regular expression

2021-11-19 10:32:29 - [TEST_STEP][PASSED] - verifyTextPresent("Individual Filing", true): Text 'Individual Filing' is present on page  using regular expression

2021-11-19 10:32:30 - [MESSAGE][PASSED] - Text 'Individual Filing' is present on page  using regular expression

2021-11-19 10:32:30 - [TEST_STEP][PASSED] - verifyTextPresent("Joint Filing", true): Text 'Joint Filing' is present on page  using regular expression

2021-11-19 10:32:30 - [MESSAGE][PASSED] - Text 'Joint Filing' is present on page  using regular expression

2021-11-19 10:32:30 - [TEST_STEP][PASSED] - verifyTextPresent("Payment Amount", true): Text 'Payment Amount' is present on page  using regular expression

2021-11-19 10:32:30 - [MESSAGE][PASSED] - Text 'Payment Amount' is present on page  using regular expression

2021-11-19 10:32:30 - [TEST_STEP][PASSED] - verifyTextPresent("Service Fee: This electronic government service includes a service/convenience fee. Click here for details", true): Text 'Service Fee: This electronic government service includes a service/convenience fee. Click here for details' is present on page  using regular expression

2021-11-19 10:32:31 - [MESSAGE][PASSED] - Text 'Service Fee: This electronic government service includes a service/convenience fee. Click here for details' is present on page  using regular expression

2021-11-19 10:32:31 - [TEST_STEP][PASSED] - verifyElementPresent(findTestObject(orPath_Amount + "/a_Click here for details"), 30): Object 'Object Repository/RAD_Pages/PaymentAmount_Page/a_Click here for details' is present

2021-11-19 10:32:31 - [MESSAGE][PASSED] - Object 'Object Repository/RAD_Pages/PaymentAmount_Page/a_Click here for details' is present

2021-11-19 10:32:31 - [TEST_STEP][PASSED] - verifyElementPresent(findTestObject(orPath_Landing + "/button_Continue"), 30): Object 'Object Repository/RAD_Pages/Landing_Page/button_Continue' is present

2021-11-19 10:32:31 - [MESSAGE][PASSED] - Object 'Object Repository/RAD_Pages/Landing_Page/button_Continue' is present

2021-11-19 10:32:31 - [TEST_STEP][PASSED] - verifyElementPresent(findTestObject(orPath_TaxPayer + "/input_firstName"), 30): Object 'Object Repository/RAD_Pages/Taxpayer_Page/input_firstName' is present

2021-11-19 10:32:31 - [MESSAGE][PASSED] - Object 'Object Repository/RAD_Pages/Taxpayer_Page/input_firstName' is present

2021-11-19 10:32:31 - [TEST_STEP][PASSED] - verifyElementPresent(findTestObject(orPath_TaxPayer + "/input_middleName"), 30): Object 'Object Repository/RAD_Pages/Taxpayer_Page/input_middleName' is present

2021-11-19 10:32:32 - [MESSAGE][PASSED] - Object 'Object Repository/RAD_Pages/Taxpayer_Page/input_middleName' is present

2021-11-19 10:32:32 - [TEST_STEP][PASSED] - verifyElementPresent(findTestObject(orPath_TaxPayer + "/input_lastName"), 30): Object 'Object Repository/RAD_Pages/Taxpayer_Page/input_lastName' is present

2021-11-19 10:32:32 - [MESSAGE][PASSED] - Object 'Object Repository/RAD_Pages/Taxpayer_Page/input_lastName' is present

2021-11-19 10:32:32 - [TEST_STEP][PASSED] - verifyElementPresent(findTestObject(orPath_TaxPayer + "/input_suffix"), 30): Object 'Object Repository/RAD_Pages/Taxpayer_Page/input_suffix' is present

2021-11-19 10:32:32 - [MESSAGE][PASSED] - Object 'Object Repository/RAD_Pages/Taxpayer_Page/input_suffix' is present

2021-11-19 10:32:32 - [TEST_STEP][PASSED] - verifyElementPresent(findTestObject("RAD_RecordAndPlay/input_concatSSN"), 30): Object 'Object Repository/RAD_RecordAndPlay/input_concatSSN' is present

2021-11-19 10:32:33 - [MESSAGE][PASSED] - Object 'Object Repository/RAD_RecordAndPlay/input_concatSSN' is present

2021-11-19 10:32:33 - [TEST_STEP][PASSED] - verifyElementPresent(findTestObject("RAD_RecordAndPlay/input_concatReSSN"), 30): Object 'Object Repository/RAD_RecordAndPlay/input_concatReSSN' is present

2021-11-19 10:32:33 - [MESSAGE][PASSED] - Object 'Object Repository/RAD_RecordAndPlay/input_concatReSSN' is present

2021-11-19 10:32:33 - [TEST_STEP][PASSED] - verifyElementPresent(findTestObject(orPath_AddressContact + "/select_Country"), 30): Object 'Object Repository/RAD_Pages/AddressAndContactInfo_Page/select_Country' is present

2021-11-19 10:32:34 - [MESSAGE][PASSED] - Object 'Object Repository/RAD_Pages/AddressAndContactInfo_Page/select_Country' is present

2021-11-19 10:32:34 - [TEST_STEP][PASSED] - verifyElementPresent(findTestObject(orPath_AddressContact + "/input_streetAddress1"), 30): Object 'Object Repository/RAD_Pages/AddressAndContactInfo_Page/input_streetAddress1' is present

2021-11-19 10:32:34 - [MESSAGE][PASSED] - Object 'Object Repository/RAD_Pages/AddressAndContactInfo_Page/input_streetAddress1' is present

2021-11-19 10:32:34 - [TEST_STEP][PASSED] - verifyElementPresent(findTestObject(orPath_AddressContact + "/input_streetAddress2"), 30): Object 'Object Repository/RAD_Pages/AddressAndContactInfo_Page/input_streetAddress2' is present

2021-11-19 10:32:34 - [MESSAGE][PASSED] - Object 'Object Repository/RAD_Pages/AddressAndContactInfo_Page/input_streetAddress2' is present

2021-11-19 10:32:34 - [TEST_STEP][PASSED] - verifyElementPresent(findTestObject(orPath_AddressContact + "/input_city"), 30): Object 'Object Repository/RAD_Pages/AddressAndContactInfo_Page/input_city' is present

2021-11-19 10:32:34 - [MESSAGE][PASSED] - Object 'Object Repository/RAD_Pages/AddressAndContactInfo_Page/input_city' is present

2021-11-19 10:32:34 - [TEST_STEP][PASSED] - verifyElementPresent(findTestObject(orPath_AddressContact + "/select_State"), 30): Object 'Object Repository/RAD_Pages/AddressAndContactInfo_Page/select_State' is present

2021-11-19 10:32:35 - [MESSAGE][PASSED] - Object 'Object Repository/RAD_Pages/AddressAndContactInfo_Page/select_State' is present

2021-11-19 10:32:35 - [TEST_STEP][PASSED] - verifyElementPresent(findTestObject(orPath_AddressContact + "/input_zipCode"), 30): Object 'Object Repository/RAD_Pages/AddressAndContactInfo_Page/input_zipCode' is present

2021-11-19 10:32:35 - [MESSAGE][PASSED] - Object 'Object Repository/RAD_Pages/AddressAndContactInfo_Page/input_zipCode' is present

2021-11-19 10:32:35 - [TEST_STEP][PASSED] - verifyElementPresent(findTestObject(orPath_AddressContact + "/input_phoneNumber"), 30): Object 'Object Repository/RAD_Pages/AddressAndContactInfo_Page/input_phoneNumber' is present

2021-11-19 10:32:35 - [MESSAGE][PASSED] - Object 'Object Repository/RAD_Pages/AddressAndContactInfo_Page/input_phoneNumber' is present

2021-11-19 10:32:35 - [TEST_STEP][PASSED] - verifyElementPresent(findTestObject(orPath_AddressContact + "/input_eMailAddress"), 30): Object 'Object Repository/RAD_Pages/AddressAndContactInfo_Page/input_eMailAddress' is present

2021-11-19 10:32:36 - [MESSAGE][PASSED] - Object 'Object Repository/RAD_Pages/AddressAndContactInfo_Page/input_eMailAddress' is present

2021-11-19 10:32:36 - [TEST_STEP][PASSED] - verifyElementPresent(findTestObject(orPath_AddressContact + "/input_reEnterEMailAddress"), 30): Object 'Object Repository/RAD_Pages/AddressAndContactInfo_Page/input_reEnterEMailAddress' is present

2021-11-19 10:32:36 - [MESSAGE][PASSED] - Object 'Object Repository/RAD_Pages/AddressAndContactInfo_Page/input_reEnterEMailAddress' is present

2021-11-19 10:32:36 - [TEST_STEP][PASSED] - verifyOptionsPresent(findTestObject(orPath_AddressContact + "/select_Country"), ["United States"]): Options [United States] present.

2021-11-19 10:32:37 - [MESSAGE][PASSED] - Options [United States] present.

2021-11-19 10:32:37 - [TEST_STEP][PASSED] - verifyOptionsPresent(findTestObject(orPath_AddressContact + "/select_State"), ["Alabama", "District of Columbia", "Maryland", "Virginia", "Wyoming"]): Options [Alabama, District of Columbia, Maryland, Virginia, Wyoming] present.

2021-11-19 10:32:38 - [MESSAGE][PASSED] - Options [Alabama, District of Columbia, Maryland, Virginia, Wyoming] present.

2021-11-19 10:32:38 - [TEST_STEP][PASSED] - totalOptionsState = getNumberOfTotalOption(findTestObject(orPath_AddressContact + "/select_State")): 52 options of object 'Object Repository/RAD_Pages/AddressAndContactInfo_Page/select_State' counted

2021-11-19 10:32:38 - [MESSAGE][PASSED] - 52 options of object 'Object Repository/RAD_Pages/AddressAndContactInfo_Page/select_State' counted

2021-11-19 10:32:38 - [TEST_STEP][PASSED] - verifyEqual(totalOptionsState, 52): Actual object '52' and expected object '52' are equal

2021-11-19 10:32:38 - [MESSAGE][PASSED] - Actual object '52' and expected object '52' are equal

2021-11-19 10:32:38 - [TEST_STEP][PASSED] - verifyElementPresent(findTestObject(orPath_FilingStatus + "/input_userType_Individual"), 30): Object 'Object Repository/RAD_Pages/FilingStatus_Page/input_userType_Individual' is present

2021-11-19 10:32:39 - [MESSAGE][PASSED] - Object 'Object Repository/RAD_Pages/FilingStatus_Page/input_userType_Individual' is present

2021-11-19 10:32:39 - [TEST_STEP][PASSED] - verifyElementPresent(findTestObject(orPath_FilingStatus + "/input_userType_Joint"), 30): Object 'Object Repository/RAD_Pages/FilingStatus_Page/input_userType_Joint' is present

2021-11-19 10:32:39 - [MESSAGE][PASSED] - Object 'Object Repository/RAD_Pages/FilingStatus_Page/input_userType_Joint' is present

2021-11-19 10:32:39 - [TEST_STEP][PASSED] - verifyElementPresent(findTestObject(orPath_Amount + "/input__paymentAmount"), 30): Object 'Object Repository/RAD_Pages/PaymentAmount_Page/input__paymentAmount' is present

2021-11-19 10:32:39 - [MESSAGE][PASSED] - Object 'Object Repository/RAD_Pages/PaymentAmount_Page/input__paymentAmount' is present

2021-11-19 10:32:39 - [TEST_STEP][PASSED] - delay(10): Delayed 10 second(s)

2021-11-19 10:32:49 - [MESSAGE][PASSED] - Delayed 10 second(s)

2021-11-19 10:32:49 - [TEST_STEP][PASSED] - scrollToElement(findTestObject(orPath_Amount + "/input__paymentAmount"), 3): Scroll to object 'Object Repository/RAD_Pages/PaymentAmount_Page/input__paymentAmount' successfully

2021-11-19 10:32:50 - [MESSAGE][PASSED] - Scroll to object 'Object Repository/RAD_Pages/PaymentAmount_Page/input__paymentAmount' successfully

2021-11-19 10:32:50 - [TEST_STEP][PASSED] - waitForElementClickable(findTestObject(orPath_FilingStatus + "/input_userType_Joint"), 5): Object 'Object Repository/RAD_Pages/FilingStatus_Page/input_userType_Joint' is clickable

2021-11-19 10:32:50 - [MESSAGE][PASSED] - Object 'Object Repository/RAD_Pages/FilingStatus_Page/input_userType_Joint' is clickable

2021-11-19 10:32:50 - [TEST_STEP][PASSED] - click(findTestObject(orPath_FilingStatus + "/input_userType_Joint")): Object: 'Object Repository/RAD_Pages/FilingStatus_Page/input_userType_Joint' is clicked on

2021-11-19 10:32:50 - [MESSAGE][PASSED] - Object: 'Object Repository/RAD_Pages/FilingStatus_Page/input_userType_Joint' is clicked on

2021-11-19 10:32:50 - [TEST_STEP][PASSED] - verifyTextPresent("Provide the following information for the joint filer", true): Text 'Provide the following information for the joint filer' is present on page  using regular expression

2021-11-19 10:32:51 - [MESSAGE][PASSED] - Text 'Provide the following information for the joint filer' is present on page  using regular expression

2021-11-19 10:32:51 - [TEST_STEP][PASSED] - verifyElementPresent(findTestObject(orPath_FilingStatus + "/input_jointFirstName"), 30): Object 'Object Repository/RAD_Pages/FilingStatus_Page/input_jointFirstName' is present

2021-11-19 10:32:51 - [MESSAGE][PASSED] - Object 'Object Repository/RAD_Pages/FilingStatus_Page/input_jointFirstName' is present

2021-11-19 10:32:51 - [TEST_STEP][PASSED] - verifyElementPresent(findTestObject(orPath_FilingStatus + "/input_jointMiddleName"), 30): Object 'Object Repository/RAD_Pages/FilingStatus_Page/input_jointMiddleName' is present

2021-11-19 10:32:51 - [MESSAGE][PASSED] - Object 'Object Repository/RAD_Pages/FilingStatus_Page/input_jointMiddleName' is present

2021-11-19 10:32:51 - [TEST_STEP][PASSED] - verifyElementPresent(findTestObject(orPath_FilingStatus + "/input_jointLastName"), 30): Object 'Object Repository/RAD_Pages/FilingStatus_Page/input_jointLastName' is present

2021-11-19 10:32:52 - [MESSAGE][PASSED] - Object 'Object Repository/RAD_Pages/FilingStatus_Page/input_jointLastName' is present

2021-11-19 10:32:52 - [TEST_STEP][PASSED] - verifyElementPresent(findTestObject(orPath_FilingStatus + "/input_jointSuffix"), 30): Object 'Object Repository/RAD_Pages/FilingStatus_Page/input_jointSuffix' is present

2021-11-19 10:32:52 - [MESSAGE][PASSED] - Object 'Object Repository/RAD_Pages/FilingStatus_Page/input_jointSuffix' is present

2021-11-19 10:32:52 - [TEST_STEP][FAILED] - verifyElementPresent(findTestObject("Object Repository/RAD_RecordAndPlay/input_JointFilerSSN"), 30): com.kms.katalon.core.webui.exception.WebElementNotFoundException: Web element with id: 'Object Repository/RAD_RecordAndPlay/input_JointFilerSSN' located by '//*[@id = 'data' and @name = 'Data' and @type = 'password' and @placeholder = 'Social Security Number']' not found (Root cause: com.kms.katalon.core.exception.StepFailedException: com.kms.katalon.core.webui.exception.WebElementNotFoundException: Web element with id: 'Object Repository/RAD_RecordAndPlay/input_JointFilerSSN' located by '//*[@id = 'data' and @name = 'Data' and @type = 'password' and @placeholder = 'Social Security Number']' not found
	at com.kms.katalon.core.webui.keyword.internal.WebUIKeywordMain.stepFailed(WebUIKeywordMain.groovy:64)
	at com.kms.katalon.core.webui.keyword.builtin.VerifyElementPresentKeyword$_verifyElementPresent_closure1.doCall(VerifyElementPresentKeyword.groovy:85)
	at com.kms.katalon.core.webui.keyword.builtin.VerifyElementPresentKeyword$_verifyElementPresent_closure1.call(VerifyElementPresentKeyword.groovy)
	at com.kms.katalon.core.webui.keyword.internal.WebUIKeywordMain.runKeyword(WebUIKeywordMain.groovy:20)
	at com.kms.katalon.core.webui.keyword.builtin.VerifyElementPresentKeyword.verifyElementPresent(VerifyElementPresentKeyword.groovy:92)
	at com.kms.katalon.core.webui.keyword.builtin.VerifyElementPresentKeyword.execute(VerifyElementPresentKeyword.groovy:68)
	at com.kms.katalon.core.keyword.internal.KeywordExecutor.executeKeywordForPlatform(KeywordExecutor.groovy:74)
	at com.kms.katalon.core.webui.keyword.WebUiBuiltInKeywords.verifyElementPresent(WebUiBuiltInKeywords.groovy:1464)
	at com.kms.katalon.core.webui.keyword.WebUiBuiltInKeywords$verifyElementPresent$2.call(Unknown Source)
	at PersonalIncomeTax_UI_TC.run(PersonalIncomeTax_UI_TC:221)
	at com.kms.katalon.core.main.ScriptEngine.run(ScriptEngine.java:194)
	at com.kms.katalon.core.main.ScriptEngine.runScriptAsRawText(ScriptEngine.java:119)
	at com.kms.katalon.core.main.TestCaseExecutor.runScript(TestCaseExecutor.java:430)
	at com.kms.katalon.core.main.TestCaseExecutor.doExecute(TestCaseExecutor.java:421)
	at com.kms.katalon.core.main.TestCaseExecutor.processExecutionPhase(TestCaseExecutor.java:400)
	at com.kms.katalon.core.main.TestCaseExecutor.accessMainPhase(TestCaseExecutor.java:392)
	at com.kms.katalon.core.main.TestCaseExecutor.execute(TestCaseExecutor.java:273)
	at com.kms.katalon.core.main.TestSuiteExecutor.accessTestCaseMainPhase(TestSuiteExecutor.java:202)
	at com.kms.katalon.core.main.TestSuiteExecutor.accessTestSuiteMainPhase(TestSuiteExecutor.java:164)
	at com.kms.katalon.core.main.TestSuiteExecutor.execute(TestSuiteExecutor.java:105)
	at com.kms.katalon.core.main.TestCaseMain.startTestSuite(TestCaseMain.java:185)
	at com.kms.katalon.core.main.TestCaseMain$startTestSuite$0.call(Unknown Source)
	at TempTestSuite1637335687322.run(TempTestSuite1637335687322.groovy:36)
)

2021-11-19 10:33:23 - [MESSAGE][INFO] - Unable to find the element located by 'By.xpath: //*[@id = 'data' and @name = 'Data' and @type = 'password' and @placeholder = 'Social Security Number']'. Please recheck the objects properties to make sure the desired element is located. 

2021-11-19 10:33:24 - [MESSAGE][FAILED] - com.kms.katalon.core.webui.exception.WebElementNotFoundException: Web element with id: 'Object Repository/RAD_RecordAndPlay/input_JointFilerSSN' located by '//*[@id = 'data' and @name = 'Data' and @type = 'password' and @placeholder = 'Social Security Number']' not found (Root cause: com.kms.katalon.core.exception.StepFailedException: com.kms.katalon.core.webui.exception.WebElementNotFoundException: Web element with id: 'Object Repository/RAD_RecordAndPlay/input_JointFilerSSN' located by '//*[@id = 'data' and @name = 'Data' and @type = 'password' and @placeholder = 'Social Security Number']' not found
	at com.kms.katalon.core.webui.keyword.internal.WebUIKeywordMain.stepFailed(WebUIKeywordMain.groovy:64)
	at com.kms.katalon.core.webui.keyword.builtin.VerifyElementPresentKeyword$_verifyElementPresent_closure1.doCall(VerifyElementPresentKeyword.groovy:85)
	at com.kms.katalon.core.webui.keyword.builtin.VerifyElementPresentKeyword$_verifyElementPresent_closure1.call(VerifyElementPresentKeyword.groovy)
	at com.kms.katalon.core.webui.keyword.internal.WebUIKeywordMain.runKeyword(WebUIKeywordMain.groovy:20)
	at com.kms.katalon.core.webui.keyword.builtin.VerifyElementPresentKeyword.verifyElementPresent(VerifyElementPresentKeyword.groovy:92)
	at com.kms.katalon.core.webui.keyword.builtin.VerifyElementPresentKeyword.execute(VerifyElementPresentKeyword.groovy:68)
	at com.kms.katalon.core.keyword.internal.KeywordExecutor.executeKeywordForPlatform(KeywordExecutor.groovy:74)
	at com.kms.katalon.core.webui.keyword.WebUiBuiltInKeywords.verifyElementPresent(WebUiBuiltInKeywords.groovy:1464)
	at com.kms.katalon.core.webui.keyword.WebUiBuiltInKeywords$verifyElementPresent$2.call(Unknown Source)
	at PersonalIncomeTax_UI_TC.run(PersonalIncomeTax_UI_TC:221)
	at com.kms.katalon.core.main.ScriptEngine.run(ScriptEngine.java:194)
	at com.kms.katalon.core.main.ScriptEngine.runScriptAsRawText(ScriptEngine.java:119)
	at com.kms.katalon.core.main.TestCaseExecutor.runScript(TestCaseExecutor.java:430)
	at com.kms.katalon.core.main.TestCaseExecutor.doExecute(TestCaseExecutor.java:421)
	at com.kms.katalon.core.main.TestCaseExecutor.processExecutionPhase(TestCaseExecutor.java:400)
	at com.kms.katalon.core.main.TestCaseExecutor.accessMainPhase(TestCaseExecutor.java:392)
	at com.kms.katalon.core.main.TestCaseExecutor.execute(TestCaseExecutor.java:273)
	at com.kms.katalon.core.main.TestSuiteExecutor.accessTestCaseMainPhase(TestSuiteExecutor.java:202)
	at com.kms.katalon.core.main.TestSuiteExecutor.accessTestSuiteMainPhase(TestSuiteExecutor.java:164)
	at com.kms.katalon.core.main.TestSuiteExecutor.execute(TestSuiteExecutor.java:105)
	at com.kms.katalon.core.main.TestCaseMain.startTestSuite(TestCaseMain.java:185)
	at com.kms.katalon.core.main.TestCaseMain$startTestSuite$0.call(Unknown Source)
	at TempTestSuite1637335687322.run(TempTestSuite1637335687322.groovy:36)
)
[[ATTACHMENT|E:\\Cloned-Project-Katalon\\VPS-Katalon\\Reports\\20211119_102807\\RAD_TestSuite\\RAD_UI_TestSuite\\20211119_102807\\1637336003787.png]]

2021-11-19 10:33:24 - [TEST_STEP][FAILED] - verifyElementPresent(findTestObject("Object Repository/RAD_RecordAndPlay/input_reTypeJointFilerSSN"), 30): com.kms.katalon.core.webui.exception.WebElementNotFoundException: Web element with id: 'Object Repository/RAD_RecordAndPlay/input_reTypeJointFilerSSN' located by '//*[@id = 'data' and @name = 'Data' and @type = 'password' and @placeholder = 'Re-Type SSN']' not found (Root cause: com.kms.katalon.core.exception.StepFailedException: com.kms.katalon.core.webui.exception.WebElementNotFoundException: Web element with id: 'Object Repository/RAD_RecordAndPlay/input_reTypeJointFilerSSN' located by '//*[@id = 'data' and @name = 'Data' and @type = 'password' and @placeholder = 'Re-Type SSN']' not found
	at com.kms.katalon.core.webui.keyword.internal.WebUIKeywordMain.stepFailed(WebUIKeywordMain.groovy:64)
	at com.kms.katalon.core.webui.keyword.builtin.VerifyElementPresentKeyword$_verifyElementPresent_closure1.doCall(VerifyElementPresentKeyword.groovy:85)
	at com.kms.katalon.core.webui.keyword.builtin.VerifyElementPresentKeyword$_verifyElementPresent_closure1.call(VerifyElementPresentKeyword.groovy)
	at com.kms.katalon.core.webui.keyword.internal.WebUIKeywordMain.runKeyword(WebUIKeywordMain.groovy:20)
	at com.kms.katalon.core.webui.keyword.builtin.VerifyElementPresentKeyword.verifyElementPresent(VerifyElementPresentKeyword.groovy:92)
	at com.kms.katalon.core.webui.keyword.builtin.VerifyElementPresentKeyword.execute(VerifyElementPresentKeyword.groovy:68)
	at com.kms.katalon.core.keyword.internal.KeywordExecutor.executeKeywordForPlatform(KeywordExecutor.groovy:74)
	at com.kms.katalon.core.webui.keyword.WebUiBuiltInKeywords.verifyElementPresent(WebUiBuiltInKeywords.groovy:1464)
	at com.kms.katalon.core.webui.keyword.WebUiBuiltInKeywords$verifyElementPresent$2.call(Unknown Source)
	at PersonalIncomeTax_UI_TC.run(PersonalIncomeTax_UI_TC:223)
	at com.kms.katalon.core.main.ScriptEngine.run(ScriptEngine.java:194)
	at com.kms.katalon.core.main.ScriptEngine.runScriptAsRawText(ScriptEngine.java:119)
	at com.kms.katalon.core.main.TestCaseExecutor.runScript(TestCaseExecutor.java:430)
	at com.kms.katalon.core.main.TestCaseExecutor.doExecute(TestCaseExecutor.java:421)
	at com.kms.katalon.core.main.TestCaseExecutor.processExecutionPhase(TestCaseExecutor.java:400)
	at com.kms.katalon.core.main.TestCaseExecutor.accessMainPhase(TestCaseExecutor.java:392)
	at com.kms.katalon.core.main.TestCaseExecutor.execute(TestCaseExecutor.java:273)
	at com.kms.katalon.core.main.TestSuiteExecutor.accessTestCaseMainPhase(TestSuiteExecutor.java:202)
	at com.kms.katalon.core.main.TestSuiteExecutor.accessTestSuiteMainPhase(TestSuiteExecutor.java:164)
	at com.kms.katalon.core.main.TestSuiteExecutor.execute(TestSuiteExecutor.java:105)
	at com.kms.katalon.core.main.TestCaseMain.startTestSuite(TestCaseMain.java:185)
	at com.kms.katalon.core.main.TestCaseMain$startTestSuite$0.call(Unknown Source)
	at TempTestSuite1637335687322.run(TempTestSuite1637335687322.groovy:36)
)

2021-11-19 10:33:55 - [MESSAGE][INFO] - Unable to find the element located by 'By.xpath: //*[@id = 'data' and @name = 'Data' and @type = 'password' and @placeholder = 'Re-Type SSN']'. Please recheck the objects properties to make sure the desired element is located. 

2021-11-19 10:33:55 - [MESSAGE][FAILED] - com.kms.katalon.core.webui.exception.WebElementNotFoundException: Web element with id: 'Object Repository/RAD_RecordAndPlay/input_reTypeJointFilerSSN' located by '//*[@id = 'data' and @name = 'Data' and @type = 'password' and @placeholder = 'Re-Type SSN']' not found (Root cause: com.kms.katalon.core.exception.StepFailedException: com.kms.katalon.core.webui.exception.WebElementNotFoundException: Web element with id: 'Object Repository/RAD_RecordAndPlay/input_reTypeJointFilerSSN' located by '//*[@id = 'data' and @name = 'Data' and @type = 'password' and @placeholder = 'Re-Type SSN']' not found
	at com.kms.katalon.core.webui.keyword.internal.WebUIKeywordMain.stepFailed(WebUIKeywordMain.groovy:64)
	at com.kms.katalon.core.webui.keyword.builtin.VerifyElementPresentKeyword$_verifyElementPresent_closure1.doCall(VerifyElementPresentKeyword.groovy:85)
	at com.kms.katalon.core.webui.keyword.builtin.VerifyElementPresentKeyword$_verifyElementPresent_closure1.call(VerifyElementPresentKeyword.groovy)
	at com.kms.katalon.core.webui.keyword.internal.WebUIKeywordMain.runKeyword(WebUIKeywordMain.groovy:20)
	at com.kms.katalon.core.webui.keyword.builtin.VerifyElementPresentKeyword.verifyElementPresent(VerifyElementPresentKeyword.groovy:92)
	at com.kms.katalon.core.webui.keyword.builtin.VerifyElementPresentKeyword.execute(VerifyElementPresentKeyword.groovy:68)
	at com.kms.katalon.core.keyword.internal.KeywordExecutor.executeKeywordForPlatform(KeywordExecutor.groovy:74)
	at com.kms.katalon.core.webui.keyword.WebUiBuiltInKeywords.verifyElementPresent(WebUiBuiltInKeywords.groovy:1464)
	at com.kms.katalon.core.webui.keyword.WebUiBuiltInKeywords$verifyElementPresent$2.call(Unknown Source)
	at PersonalIncomeTax_UI_TC.run(PersonalIncomeTax_UI_TC:223)
	at com.kms.katalon.core.main.ScriptEngine.run(ScriptEngine.java:194)
	at com.kms.katalon.core.main.ScriptEngine.runScriptAsRawText(ScriptEngine.java:119)
	at com.kms.katalon.core.main.TestCaseExecutor.runScript(TestCaseExecutor.java:430)
	at com.kms.katalon.core.main.TestCaseExecutor.doExecute(TestCaseExecutor.java:421)
	at com.kms.katalon.core.main.TestCaseExecutor.processExecutionPhase(TestCaseExecutor.java:400)
	at com.kms.katalon.core.main.TestCaseExecutor.accessMainPhase(TestCaseExecutor.java:392)
	at com.kms.katalon.core.main.TestCaseExecutor.execute(TestCaseExecutor.java:273)
	at com.kms.katalon.core.main.TestSuiteExecutor.accessTestCaseMainPhase(TestSuiteExecutor.java:202)
	at com.kms.katalon.core.main.TestSuiteExecutor.accessTestSuiteMainPhase(TestSuiteExecutor.java:164)
	at com.kms.katalon.core.main.TestSuiteExecutor.execute(TestSuiteExecutor.java:105)
	at com.kms.katalon.core.main.TestCaseMain.startTestSuite(TestCaseMain.java:185)
	at com.kms.katalon.core.main.TestCaseMain$startTestSuite$0.call(Unknown Source)
	at TempTestSuite1637335687322.run(TempTestSuite1637335687322.groovy:36)
)
[[ATTACHMENT|E:\\Cloned-Project-Katalon\\VPS-Katalon\\Reports\\20211119_102807\\RAD_TestSuite\\RAD_UI_TestSuite\\20211119_102807\\1637336035482.png]]]]></system-out>
         <system-err><![CDATA[2021-11-19 10:32:18 - [TEST_CASE][FAILED] - Test Cases/RAD_TestCases/UI_TestCases/PersonalIncomeTax_UI_TC: Test Cases/RAD_TestCases/UI_TestCases/PersonalIncomeTax_UI_TC FAILED.
Reason:
com.kms.katalon.core.exception.StepFailedException: com.kms.katalon.core.webui.exception.WebElementNotFoundException: Web element with id: 'Object Repository/RAD_RecordAndPlay/input_JointFilerSSN' located by '//*[@id = 'data' and @name = 'Data' and @type = 'password' and @placeholder = 'Social Security Number']' not found (Root cause: com.kms.katalon.core.exception.StepFailedException: com.kms.katalon.core.webui.exception.WebElementNotFoundException: Web element with id: 'Object Repository/RAD_RecordAndPlay/input_JointFilerSSN' located by '//*[@id = 'data' and @name = 'Data' and @type = 'password' and @placeholder = 'Social Security Number']' not found
	at com.kms.katalon.core.webui.keyword.internal.WebUIKeywordMain.stepFailed(WebUIKeywordMain.groovy:64)
	at com.kms.katalon.core.webui.keyword.builtin.VerifyElementPresentKeyword$_verifyElementPresent_closure1.doCall(VerifyElementPresentKeyword.groovy:85)
	at com.kms.katalon.core.webui.keyword.builtin.VerifyElementPresentKeyword$_verifyElementPresent_closure1.call(VerifyElementPresentKeyword.groovy)
	at com.kms.katalon.core.webui.keyword.internal.WebUIKeywordMain.runKeyword(WebUIKeywordMain.groovy:20)
	at com.kms.katalon.core.webui.keyword.builtin.VerifyElementPresentKeyword.verifyElementPresent(VerifyElementPresentKeyword.groovy:92)
	at com.kms.katalon.core.webui.keyword.builtin.VerifyElementPresentKeyword.execute(VerifyElementPresentKeyword.groovy:68)
	at com.kms.katalon.core.keyword.internal.KeywordExecutor.executeKeywordForPlatform(KeywordExecutor.groovy:74)
	at com.kms.katalon.core.webui.keyword.WebUiBuiltInKeywords.verifyElementPresent(WebUiBuiltInKeywords.groovy:1464)
	at com.kms.katalon.core.webui.keyword.WebUiBuiltInKeywords$verifyElementPresent$2.call(Unknown Source)
	at PersonalIncomeTax_UI_TC.run(PersonalIncomeTax_UI_TC:221)
	at com.kms.katalon.core.main.ScriptEngine.run(ScriptEngine.java:194)
	at com.kms.katalon.core.main.ScriptEngine.runScriptAsRawText(ScriptEngine.java:119)
	at com.kms.katalon.core.main.TestCaseExecutor.runScript(TestCaseExecutor.java:430)
	at com.kms.katalon.core.main.TestCaseExecutor.doExecute(TestCaseExecutor.java:421)
	at com.kms.katalon.core.main.TestCaseExecutor.processExecutionPhase(TestCaseExecutor.java:400)
	at com.kms.katalon.core.main.TestCaseExecutor.accessMainPhase(TestCaseExecutor.java:392)
	at com.kms.katalon.core.main.TestCaseExecutor.execute(TestCaseExecutor.java:273)
	at com.kms.katalon.core.main.TestSuiteExecutor.accessTestCaseMainPhase(TestSuiteExecutor.java:202)
	at com.kms.katalon.core.main.TestSuiteExecutor.accessTestSuiteMainPhase(TestSuiteExecutor.java:164)
	at com.kms.katalon.core.main.TestSuiteExecutor.execute(TestSuiteExecutor.java:105)
	at com.kms.katalon.core.main.TestCaseMain.startTestSuite(TestCaseMain.java:185)
	at com.kms.katalon.core.main.TestCaseMain$startTestSuite$0.call(Unknown Source)
	at TempTestSuite1637335687322.run(TempTestSuite1637335687322.groovy:36)
)
	at com.kms.katalon.core.keyword.internal.KeywordMain.stepFailed(KeywordMain.groovy:39)
	at com.kms.katalon.core.webui.keyword.internal.WebUIKeywordMain.stepFailed(WebUIKeywordMain.groovy:64)
	at com.kms.katalon.core.webui.keyword.builtin.VerifyElementPresentKeyword$_verifyElementPresent_closure1.doCall(VerifyElementPresentKeyword.groovy:85)
	at com.kms.katalon.core.webui.keyword.builtin.VerifyElementPresentKeyword$_verifyElementPresent_closure1.call(VerifyElementPresentKeyword.groovy)
	at com.kms.katalon.core.webui.keyword.internal.WebUIKeywordMain.runKeyword(WebUIKeywordMain.groovy:20)
	at com.kms.katalon.core.webui.keyword.builtin.VerifyElementPresentKeyword.verifyElementPresent(VerifyElementPresentKeyword.groovy:92)
	at com.kms.katalon.core.webui.keyword.builtin.VerifyElementPresentKeyword.execute(VerifyElementPresentKeyword.groovy:68)
	at com.kms.katalon.core.keyword.internal.KeywordExecutor.executeKeywordForPlatform(KeywordExecutor.groovy:74)
	at com.kms.katalon.core.webui.keyword.WebUiBuiltInKeywords.verifyElementPresent(WebUiBuiltInKeywords.groovy:1464)
	at com.kms.katalon.core.webui.keyword.WebUiBuiltInKeywords$verifyElementPresent$2.call(Unknown Source)
	at PersonalIncomeTax_UI_TC.run(PersonalIncomeTax_UI_TC:221)
	at com.kms.katalon.core.main.ScriptEngine.run(ScriptEngine.java:194)
	at com.kms.katalon.core.main.ScriptEngine.runScriptAsRawText(ScriptEngine.java:119)
	at com.kms.katalon.core.main.TestCaseExecutor.runScript(TestCaseExecutor.java:430)
	at com.kms.katalon.core.main.TestCaseExecutor.doExecute(TestCaseExecutor.java:421)
	at com.kms.katalon.core.main.TestCaseExecutor.processExecutionPhase(TestCaseExecutor.java:400)
	at com.kms.katalon.core.main.TestCaseExecutor.accessMainPhase(TestCaseExecutor.java:392)
	at com.kms.katalon.core.main.TestCaseExecutor.execute(TestCaseExecutor.java:273)
	at com.kms.katalon.core.main.TestSuiteExecutor.accessTestCaseMainPhase(TestSuiteExecutor.java:202)
	at com.kms.katalon.core.main.TestSuiteExecutor.accessTestSuiteMainPhase(TestSuiteExecutor.java:164)
	at com.kms.katalon.core.main.TestSuiteExecutor.execute(TestSuiteExecutor.java:105)
	at com.kms.katalon.core.main.TestCaseMain.startTestSuite(TestCaseMain.java:185)
	at com.kms.katalon.core.main.TestCaseMain$startTestSuite$0.call(Unknown Source)
	at TempTestSuite1637335687322.run(TempTestSuite1637335687322.groovy:36)
Caused by: com.kms.katalon.core.exception.StepFailedException: com.kms.katalon.core.webui.exception.WebElementNotFoundException: Web element with id: 'Object Repository/RAD_RecordAndPlay/input_JointFilerSSN' located by '//*[@id = 'data' and @name = 'Data' and @type = 'password' and @placeholder = 'Social Security Number']' not found
	... 23 more]]></system-err>
      </testcase>
      <testcase name="Test Cases/RAD_TestCases/UI_TestCases/ExtensionPayments_UI_TC" time="222.284" classname="Test Cases/RAD_TestCases/UI_TestCases/ExtensionPayments_UI_TC" status="FAILED">
         <failure type="FAILED" message="Test Cases/RAD_TestCases/UI_TestCases/ExtensionPayments_UI_TC FAILED.
Reason:
com.kms.katalon.core.exception.StepFailedException: com.kms.katalon.core.webui.exception.WebElementNotFoundException: Web element with id: 'Object Repository/RAD_RecordAndPlay/input_JointFilerSSN' located by '//*[@id = 'data' and @name = 'Data' and @type = 'password' and @placeholder = 'Social Security Number']' not found (Root cause: com.kms.katalon.core.exception.StepFailedException: com.kms.katalon.core.webui.exception.WebElementNotFoundException: Web element with id: 'Object Repository/RAD_RecordAndPlay/input_JointFilerSSN' located by '//*[@id = 'data' and @name = 'Data' and @type = 'password' and @placeholder = 'Social Security Number']' not found
	at com.kms.katalon.core.webui.keyword.internal.WebUIKeywordMain.stepFailed(WebUIKeywordMain.groovy:64)
	at com.kms.katalon.core.webui.keyword.builtin.VerifyElementPresentKeyword$_verifyElementPresent_closure1.doCall(VerifyElementPresentKeyword.groovy:85)
	at com.kms.katalon.core.webui.keyword.builtin.VerifyElementPresentKeyword$_verifyElementPresent_closure1.call(VerifyElementPresentKeyword.groovy)
	at com.kms.katalon.core.webui.keyword.internal.WebUIKeywordMain.runKeyword(WebUIKeywordMain.groovy:20)
	at com.kms.katalon.core.webui.keyword.builtin.VerifyElementPresentKeyword.verifyElementPresent(VerifyElementPresentKeyword.groovy:92)
	at com.kms.katalon.core.webui.keyword.builtin.VerifyElementPresentKeyword.execute(VerifyElementPresentKeyword.groovy:68)
	at com.kms.katalon.core.keyword.internal.KeywordExecutor.executeKeywordForPlatform(KeywordExecutor.groovy:74)
	at com.kms.katalon.core.webui.keyword.WebUiBuiltInKeywords.verifyElementPresent(WebUiBuiltInKeywords.groovy:1464)
	at com.kms.katalon.core.webui.keyword.WebUiBuiltInKeywords$verifyElementPresent$2.call(Unknown Source)
	at ExtensionPayments_UI_TC.run(ExtensionPayments_UI_TC:230)
	at com.kms.katalon.core.main.ScriptEngine.run(ScriptEngine.java:194)
	at com.kms.katalon.core.main.ScriptEngine.runScriptAsRawText(ScriptEngine.java:119)
	at com.kms.katalon.core.main.TestCaseExecutor.runScript(TestCaseExecutor.java:430)
	at com.kms.katalon.core.main.TestCaseExecutor.doExecute(TestCaseExecutor.java:421)
	at com.kms.katalon.core.main.TestCaseExecutor.processExecutionPhase(TestCaseExecutor.java:400)
	at com.kms.katalon.core.main.TestCaseExecutor.accessMainPhase(TestCaseExecutor.java:392)
	at com.kms.katalon.core.main.TestCaseExecutor.execute(TestCaseExecutor.java:273)
	at com.kms.katalon.core.main.TestSuiteExecutor.accessTestCaseMainPhase(TestSuiteExecutor.java:202)
	at com.kms.katalon.core.main.TestSuiteExecutor.accessTestSuiteMainPhase(TestSuiteExecutor.java:164)
	at com.kms.katalon.core.main.TestSuiteExecutor.execute(TestSuiteExecutor.java:105)
	at com.kms.katalon.core.main.TestCaseMain.startTestSuite(TestCaseMain.java:185)
	at com.kms.katalon.core.main.TestCaseMain$startTestSuite$0.call(Unknown Source)
	at TempTestSuite1637335687322.run(TempTestSuite1637335687322.groovy:36)
)
	at com.kms.katalon.core.keyword.internal.KeywordMain.stepFailed(KeywordMain.groovy:39)
	at com.kms.katalon.core.webui.keyword.internal.WebUIKeywordMain.stepFailed(WebUIKeywordMain.groovy:64)
	at com.kms.katalon.core.webui.keyword.builtin.VerifyElementPresentKeyword$_verifyElementPresent_closure1.doCall(VerifyElementPresentKeyword.groovy:85)
	at com.kms.katalon.core.webui.keyword.builtin.VerifyElementPresentKeyword$_verifyElementPresent_closure1.call(VerifyElementPresentKeyword.groovy)
	at com.kms.katalon.core.webui.keyword.internal.WebUIKeywordMain.runKeyword(WebUIKeywordMain.groovy:20)
	at com.kms.katalon.core.webui.keyword.builtin.VerifyElementPresentKeyword.verifyElementPresent(VerifyElementPresentKeyword.groovy:92)
	at com.kms.katalon.core.webui.keyword.builtin.VerifyElementPresentKeyword.execute(VerifyElementPresentKeyword.groovy:68)
	at com.kms.katalon.core.keyword.internal.KeywordExecutor.executeKeywordForPlatform(KeywordExecutor.groovy:74)
	at com.kms.katalon.core.webui.keyword.WebUiBuiltInKeywords.verifyElementPresent(WebUiBuiltInKeywords.groovy:1464)
	at com.kms.katalon.core.webui.keyword.WebUiBuiltInKeywords$verifyElementPresent$2.call(Unknown Source)
	at ExtensionPayments_UI_TC.run(ExtensionPayments_UI_TC:230)
	at com.kms.katalon.core.main.ScriptEngine.run(ScriptEngine.java:194)
	at com.kms.katalon.core.main.ScriptEngine.runScriptAsRawText(ScriptEngine.java:119)
	at com.kms.katalon.core.main.TestCaseExecutor.runScript(TestCaseExecutor.java:430)
	at com.kms.katalon.core.main.TestCaseExecutor.doExecute(TestCaseExecutor.java:421)
	at com.kms.katalon.core.main.TestCaseExecutor.processExecutionPhase(TestCaseExecutor.java:400)
	at com.kms.katalon.core.main.TestCaseExecutor.accessMainPhase(TestCaseExecutor.java:392)
	at com.kms.katalon.core.main.TestCaseExecutor.execute(TestCaseExecutor.java:273)
	at com.kms.katalon.core.main.TestSuiteExecutor.accessTestCaseMainPhase(TestSuiteExecutor.java:202)
	at com.kms.katalon.core.main.TestSuiteExecutor.accessTestSuiteMainPhase(TestSuiteExecutor.java:164)
	at com.kms.katalon.core.main.TestSuiteExecutor.execute(TestSuiteExecutor.java:105)
	at com.kms.katalon.core.main.TestCaseMain.startTestSuite(TestCaseMain.java:185)
	at com.kms.katalon.core.main.TestCaseMain$startTestSuite$0.call(Unknown Source)
	at TempTestSuite1637335687322.run(TempTestSuite1637335687322.groovy:36)
Caused by: com.kms.katalon.core.exception.StepFailedException: com.kms.katalon.core.webui.exception.WebElementNotFoundException: Web element with id: 'Object Repository/RAD_RecordAndPlay/input_JointFilerSSN' located by '//*[@id = 'data' and @name = 'Data' and @type = 'password' and @placeholder = 'Social Security Number']' not found
	... 23 more
"/>
         <system-out><![CDATA[2021-11-19 10:33:55 - [TEST_CASE][FAILED] - Test Cases/RAD_TestCases/UI_TestCases/ExtensionPayments_UI_TC: Test Cases/RAD_TestCases/UI_TestCases/ExtensionPayments_UI_TC FAILED.
Reason:
com.kms.katalon.core.exception.StepFailedException: com.kms.katalon.core.webui.exception.WebElementNotFoundException: Web element with id: 'Object Repository/RAD_RecordAndPlay/input_JointFilerSSN' located by '//*[@id = 'data' and @name = 'Data' and @type = 'password' and @placeholder = 'Social Security Number']' not found (Root cause: com.kms.katalon.core.exception.StepFailedException: com.kms.katalon.core.webui.exception.WebElementNotFoundException: Web element with id: 'Object Repository/RAD_RecordAndPlay/input_JointFilerSSN' located by '//*[@id = 'data' and @name = 'Data' and @type = 'password' and @placeholder = 'Social Security Number']' not found
	at com.kms.katalon.core.webui.keyword.internal.WebUIKeywordMain.stepFailed(WebUIKeywordMain.groovy:64)
	at com.kms.katalon.core.webui.keyword.builtin.VerifyElementPresentKeyword$_verifyElementPresent_closure1.doCall(VerifyElementPresentKeyword.groovy:85)
	at com.kms.katalon.core.webui.keyword.builtin.VerifyElementPresentKeyword$_verifyElementPresent_closure1.call(VerifyElementPresentKeyword.groovy)
	at com.kms.katalon.core.webui.keyword.internal.WebUIKeywordMain.runKeyword(WebUIKeywordMain.groovy:20)
	at com.kms.katalon.core.webui.keyword.builtin.VerifyElementPresentKeyword.verifyElementPresent(VerifyElementPresentKeyword.groovy:92)
	at com.kms.katalon.core.webui.keyword.builtin.VerifyElementPresentKeyword.execute(VerifyElementPresentKeyword.groovy:68)
	at com.kms.katalon.core.keyword.internal.KeywordExecutor.executeKeywordForPlatform(KeywordExecutor.groovy:74)
	at com.kms.katalon.core.webui.keyword.WebUiBuiltInKeywords.verifyElementPresent(WebUiBuiltInKeywords.groovy:1464)
	at com.kms.katalon.core.webui.keyword.WebUiBuiltInKeywords$verifyElementPresent$2.call(Unknown Source)
	at ExtensionPayments_UI_TC.run(ExtensionPayments_UI_TC:230)
	at com.kms.katalon.core.main.ScriptEngine.run(ScriptEngine.java:194)
	at com.kms.katalon.core.main.ScriptEngine.runScriptAsRawText(ScriptEngine.java:119)
	at com.kms.katalon.core.main.TestCaseExecutor.runScript(TestCaseExecutor.java:430)
	at com.kms.katalon.core.main.TestCaseExecutor.doExecute(TestCaseExecutor.java:421)
	at com.kms.katalon.core.main.TestCaseExecutor.processExecutionPhase(TestCaseExecutor.java:400)
	at com.kms.katalon.core.main.TestCaseExecutor.accessMainPhase(TestCaseExecutor.java:392)
	at com.kms.katalon.core.main.TestCaseExecutor.execute(TestCaseExecutor.java:273)
	at com.kms.katalon.core.main.TestSuiteExecutor.accessTestCaseMainPhase(TestSuiteExecutor.java:202)
	at com.kms.katalon.core.main.TestSuiteExecutor.accessTestSuiteMainPhase(TestSuiteExecutor.java:164)
	at com.kms.katalon.core.main.TestSuiteExecutor.execute(TestSuiteExecutor.java:105)
	at com.kms.katalon.core.main.TestCaseMain.startTestSuite(TestCaseMain.java:185)
	at com.kms.katalon.core.main.TestCaseMain$startTestSuite$0.call(Unknown Source)
	at TempTestSuite1637335687322.run(TempTestSuite1637335687322.groovy:36)
)
	at com.kms.katalon.core.keyword.internal.KeywordMain.stepFailed(KeywordMain.groovy:39)
	at com.kms.katalon.core.webui.keyword.internal.WebUIKeywordMain.stepFailed(WebUIKeywordMain.groovy:64)
	at com.kms.katalon.core.webui.keyword.builtin.VerifyElementPresentKeyword$_verifyElementPresent_closure1.doCall(VerifyElementPresentKeyword.groovy:85)
	at com.kms.katalon.core.webui.keyword.builtin.VerifyElementPresentKeyword$_verifyElementPresent_closure1.call(VerifyElementPresentKeyword.groovy)
	at com.kms.katalon.core.webui.keyword.internal.WebUIKeywordMain.runKeyword(WebUIKeywordMain.groovy:20)
	at com.kms.katalon.core.webui.keyword.builtin.VerifyElementPresentKeyword.verifyElementPresent(VerifyElementPresentKeyword.groovy:92)
	at com.kms.katalon.core.webui.keyword.builtin.VerifyElementPresentKeyword.execute(VerifyElementPresentKeyword.groovy:68)
	at com.kms.katalon.core.keyword.internal.KeywordExecutor.executeKeywordForPlatform(KeywordExecutor.groovy:74)
	at com.kms.katalon.core.webui.keyword.WebUiBuiltInKeywords.verifyElementPresent(WebUiBuiltInKeywords.groovy:1464)
	at com.kms.katalon.core.webui.keyword.WebUiBuiltInKeywords$verifyElementPresent$2.call(Unknown Source)
	at ExtensionPayments_UI_TC.run(ExtensionPayments_UI_TC:230)
	at com.kms.katalon.core.main.ScriptEngine.run(ScriptEngine.java:194)
	at com.kms.katalon.core.main.ScriptEngine.runScriptAsRawText(ScriptEngine.java:119)
	at com.kms.katalon.core.main.TestCaseExecutor.runScript(TestCaseExecutor.java:430)
	at com.kms.katalon.core.main.TestCaseExecutor.doExecute(TestCaseExecutor.java:421)
	at com.kms.katalon.core.main.TestCaseExecutor.processExecutionPhase(TestCaseExecutor.java:400)
	at com.kms.katalon.core.main.TestCaseExecutor.accessMainPhase(TestCaseExecutor.java:392)
	at com.kms.katalon.core.main.TestCaseExecutor.execute(TestCaseExecutor.java:273)
	at com.kms.katalon.core.main.TestSuiteExecutor.accessTestCaseMainPhase(TestSuiteExecutor.java:202)
	at com.kms.katalon.core.main.TestSuiteExecutor.accessTestSuiteMainPhase(TestSuiteExecutor.java:164)
	at com.kms.katalon.core.main.TestSuiteExecutor.execute(TestSuiteExecutor.java:105)
	at com.kms.katalon.core.main.TestCaseMain.startTestSuite(TestCaseMain.java:185)
	at com.kms.katalon.core.main.TestCaseMain$startTestSuite$0.call(Unknown Source)
	at TempTestSuite1637335687322.run(TempTestSuite1637335687322.groovy:36)
Caused by: com.kms.katalon.core.exception.StepFailedException: com.kms.katalon.core.webui.exception.WebElementNotFoundException: Web element with id: 'Object Repository/RAD_RecordAndPlay/input_JointFilerSSN' located by '//*[@id = 'data' and @name = 'Data' and @type = 'password' and @placeholder = 'Social Security Number']' not found
	... 23 more


2021-11-19 10:33:56 - [TEST_STEP][PASSED] - openBrowser(""): Browser is opened with url: ''

2021-11-19 10:33:56 - [MESSAGE][WARNING] - A browser is already opened. Closing browser and opening a new one

2021-11-19 10:33:56 - [MESSAGE][INFO] - Starting 'Chrome' driver

2021-11-19 10:33:56 - [MESSAGE][INFO] - User set preference: ['acceptInsecureCerts', 'true']

2021-11-19 10:33:56 - [MESSAGE][INFO] - Action delay is set to 0 milliseconds

2021-11-19 10:33:58 - [MESSAGE][PASSED] - Browser is opened with url: ''

2021-11-19 10:33:58 - [TEST_STEP][PASSED] - maximizeWindow(): Current window maximized

2021-11-19 10:33:58 - [MESSAGE][PASSED] - Current window maximized

2021-11-19 10:33:58 - [TEST_STEP][PASSED] - navigateToUrl(RADurl): Navigate to 'https://qa.velocitypayment.com/client/rad/index.html' successfully

2021-11-19 10:34:00 - [MESSAGE][PASSED] - Navigate to 'https://qa.velocitypayment.com/client/rad/index.html' successfully

2021-11-19 10:34:00 - [TEST_STEP][PASSED] - orPath_Landing = "Object Repository/RAD_Pages/Landing_Page": null

2021-11-19 10:34:00 - [TEST_STEP][PASSED] - orPath_TaxTypeFilingYear = "Object Repository/RAD_Pages/TaxTypeFilingYear_Page": null

2021-11-19 10:34:00 - [TEST_STEP][PASSED] - orPath_TaxPayer = "Object Repository/RAD_Pages/Taxpayer_Page": null

2021-11-19 10:34:00 - [TEST_STEP][PASSED] - orPath_AddressContact = "Object Repository/RAD_Pages/AddressAndContactInfo_Page": null

2021-11-19 10:34:00 - [TEST_STEP][PASSED] - orPath_FilingStatus = "Object Repository/RAD_Pages/FilingStatus_Page": null

2021-11-19 10:34:00 - [TEST_STEP][PASSED] - orPath_Amount = "Object Repository/RAD_Pages/PaymentAmount_Page": null

2021-11-19 10:34:00 - [TEST_STEP][PASSED] - orPath_TaxInfo = "Object Repository/RAD_Pages/TaxInfo_Page": null

2021-11-19 10:34:00 - [TEST_STEP][PASSED] - selectOptionByLabel(findTestObject(orPath_Landing + "/dd_TaxType"), "Extension Payments", false): All options with label 'Extension Payments' are selected in object 'Object Repository/RAD_Pages/Landing_Page/dd_TaxType' 

2021-11-19 10:34:01 - [MESSAGE][PASSED] - All options with label 'Extension Payments' are selected in object 'Object Repository/RAD_Pages/Landing_Page/dd_TaxType' 

2021-11-19 10:34:01 - [TEST_STEP][PASSED] - verifyElementPresent(findTestObject(orPath_TaxTypeFilingYear + "/select_PaymentType"), 30): Object 'Object Repository/RAD_Pages/TaxTypeFilingYear_Page/select_PaymentType' is present

2021-11-19 10:34:01 - [MESSAGE][PASSED] - Object 'Object Repository/RAD_Pages/TaxTypeFilingYear_Page/select_PaymentType' is present

2021-11-19 10:34:01 - [TEST_STEP][PASSED] - totalOptionsPaymentType = getNumberOfTotalOption(findTestObject(orPath_TaxTypeFilingYear + "/select_PaymentType")): 3 options of object 'Object Repository/RAD_Pages/TaxTypeFilingYear_Page/select_PaymentType' counted

2021-11-19 10:34:02 - [MESSAGE][PASSED] - 3 options of object 'Object Repository/RAD_Pages/TaxTypeFilingYear_Page/select_PaymentType' counted

2021-11-19 10:34:02 - [TEST_STEP][PASSED] - verifyEqual(totalOptionsPaymentType, 3): Actual object '3' and expected object '3' are equal

2021-11-19 10:34:02 - [MESSAGE][PASSED] - Actual object '3' and expected object '3' are equal

2021-11-19 10:34:02 - [TEST_STEP][PASSED] - verifyOptionsPresent(findTestObject(orPath_TaxTypeFilingYear + "/select_PaymentType"), ["Personal", "Corporate"]): Options [Personal, Corporate] present.

2021-11-19 10:34:02 - [MESSAGE][PASSED] - Options [Personal, Corporate] present.

2021-11-19 10:34:02 - [TEST_STEP][PASSED] - verifyElementPresent(findTestObject(orPath_TaxTypeFilingYear + "/select_FilingYear"), 30): Object 'Object Repository/RAD_Pages/TaxTypeFilingYear_Page/select_FilingYear' is present

2021-11-19 10:34:03 - [MESSAGE][PASSED] - Object 'Object Repository/RAD_Pages/TaxTypeFilingYear_Page/select_FilingYear' is present

2021-11-19 10:34:03 - [TEST_STEP][PASSED] - totalOptionsFilingYear = getNumberOfTotalOption(findTestObject(orPath_TaxTypeFilingYear + "/select_FilingYear")): 1 options of object 'Object Repository/RAD_Pages/TaxTypeFilingYear_Page/select_FilingYear' counted

2021-11-19 10:34:03 - [MESSAGE][PASSED] - 1 options of object 'Object Repository/RAD_Pages/TaxTypeFilingYear_Page/select_FilingYear' counted

2021-11-19 10:34:03 - [TEST_STEP][PASSED] - verifyEqual(totalOptionsFilingYear, 1): Actual object '1' and expected object '1' are equal

2021-11-19 10:34:03 - [MESSAGE][PASSED] - Actual object '1' and expected object '1' are equal

2021-11-19 10:34:03 - [TEST_STEP][PASSED] - verifyOptionsPresent(findTestObject(orPath_TaxTypeFilingYear + "/select_FilingYear"), ["2020"]): Options [2020] present.

2021-11-19 10:34:04 - [MESSAGE][PASSED] - Options [2020] present.

2021-11-19 10:34:04 - [TEST_STEP][PASSED] - verifyTextPresent("Tax Type/Filing Year", true): Text 'Tax Type/Filing Year' is present on page  using regular expression

2021-11-19 10:34:04 - [MESSAGE][PASSED] - Text 'Tax Type/Filing Year' is present on page  using regular expression

2021-11-19 10:34:04 - [TEST_STEP][PASSED] - verifyTextPresent("Taxpayer", true): Text 'Taxpayer' is present on page  using regular expression

2021-11-19 10:34:05 - [MESSAGE][PASSED] - Text 'Taxpayer' is present on page  using regular expression

2021-11-19 10:34:05 - [TEST_STEP][PASSED] - verifyTextPresent("Provide the following taxpayer information", true): Text 'Provide the following taxpayer information' is present on page  using regular expression

2021-11-19 10:34:05 - [MESSAGE][PASSED] - Text 'Provide the following taxpayer information' is present on page  using regular expression

2021-11-19 10:34:05 - [TEST_STEP][PASSED] - verifyTextPresent("Note: If you are paying on behalf of the Taxpayer, enter Taxpayer", true): Text 'Note: If you are paying on behalf of the Taxpayer, enter Taxpayer' is present on page  using regular expression

2021-11-19 10:34:05 - [MESSAGE][PASSED] - Text 'Note: If you are paying on behalf of the Taxpayer, enter Taxpayer' is present on page  using regular expression

2021-11-19 10:34:05 - [TEST_STEP][PASSED] - verifyTextPresent("information here. If you are making a payment for the Taxpayer, you will be required later to enter your own credit card, billing address and other pertinent information", true): Text 'information here. If you are making a payment for the Taxpayer, you will be required later to enter your own credit card, billing address and other pertinent information' is present on page  using regular expression

2021-11-19 10:34:06 - [MESSAGE][PASSED] - Text 'information here. If you are making a payment for the Taxpayer, you will be required later to enter your own credit card, billing address and other pertinent information' is present on page  using regular expression

2021-11-19 10:34:06 - [TEST_STEP][PASSED] - verifyTextPresent("Address and Contact Information", true): Text 'Address and Contact Information' is present on page  using regular expression

2021-11-19 10:34:06 - [MESSAGE][PASSED] - Text 'Address and Contact Information' is present on page  using regular expression

2021-11-19 10:34:06 - [TEST_STEP][PASSED] - verifyTextPresent("Enter the taxpayer", true): Text 'Enter the taxpayer' is present on page  using regular expression

2021-11-19 10:34:06 - [MESSAGE][PASSED] - Text 'Enter the taxpayer' is present on page  using regular expression

2021-11-19 10:34:06 - [TEST_STEP][PASSED] - verifyTextPresent("address and contact information", true): Text 'address and contact information' is present on page  using regular expression

2021-11-19 10:34:07 - [MESSAGE][PASSED] - Text 'address and contact information' is present on page  using regular expression

2021-11-19 10:34:07 - [TEST_STEP][PASSED] - verifyTextPresent("Filing Status", true): Text 'Filing Status' is present on page  using regular expression

2021-11-19 10:34:07 - [MESSAGE][PASSED] - Text 'Filing Status' is present on page  using regular expression

2021-11-19 10:34:07 - [TEST_STEP][PASSED] - verifyTextPresent("Is this an Individual or Joint Filing?", true): Text 'Is this an Individual or Joint Filing?' is present on page  using regular expression

2021-11-19 10:34:07 - [MESSAGE][PASSED] - Text 'Is this an Individual or Joint Filing?' is present on page  using regular expression

2021-11-19 10:34:07 - [TEST_STEP][PASSED] - verifyTextPresent("Filing type", true): Text 'Filing type' is present on page  using regular expression

2021-11-19 10:34:08 - [MESSAGE][PASSED] - Text 'Filing type' is present on page  using regular expression

2021-11-19 10:34:08 - [TEST_STEP][PASSED] - verifyTextPresent("Individual Filing", true): Text 'Individual Filing' is present on page  using regular expression

2021-11-19 10:34:08 - [MESSAGE][PASSED] - Text 'Individual Filing' is present on page  using regular expression

2021-11-19 10:34:08 - [TEST_STEP][PASSED] - verifyTextPresent("Joint Filing", true): Text 'Joint Filing' is present on page  using regular expression

2021-11-19 10:34:08 - [MESSAGE][PASSED] - Text 'Joint Filing' is present on page  using regular expression

2021-11-19 10:34:08 - [TEST_STEP][PASSED] - verifyTextPresent("Payment Amount", true): Text 'Payment Amount' is present on page  using regular expression

2021-11-19 10:34:09 - [MESSAGE][PASSED] - Text 'Payment Amount' is present on page  using regular expression

2021-11-19 10:34:09 - [TEST_STEP][PASSED] - verifyTextPresent("Service Fee: This electronic government service includes a service/convenience fee. Click here for details", true): Text 'Service Fee: This electronic government service includes a service/convenience fee. Click here for details' is present on page  using regular expression

2021-11-19 10:34:09 - [MESSAGE][PASSED] - Text 'Service Fee: This electronic government service includes a service/convenience fee. Click here for details' is present on page  using regular expression

2021-11-19 10:34:09 - [TEST_STEP][PASSED] - verifyElementPresent(findTestObject(orPath_Amount + "/a_Click here for details"), 30): Object 'Object Repository/RAD_Pages/PaymentAmount_Page/a_Click here for details' is present

2021-11-19 10:34:09 - [MESSAGE][PASSED] - Object 'Object Repository/RAD_Pages/PaymentAmount_Page/a_Click here for details' is present

2021-11-19 10:34:09 - [TEST_STEP][PASSED] - verifyElementPresent(findTestObject(orPath_Landing + "/button_Continue"), 30): Object 'Object Repository/RAD_Pages/Landing_Page/button_Continue' is present

2021-11-19 10:34:10 - [MESSAGE][PASSED] - Object 'Object Repository/RAD_Pages/Landing_Page/button_Continue' is present

2021-11-19 10:34:10 - [TEST_STEP][PASSED] - verifyElementPresent(findTestObject(orPath_TaxPayer + "/input_firstName"), 30): Object 'Object Repository/RAD_Pages/Taxpayer_Page/input_firstName' is present

2021-11-19 10:34:10 - [MESSAGE][PASSED] - Object 'Object Repository/RAD_Pages/Taxpayer_Page/input_firstName' is present

2021-11-19 10:34:10 - [TEST_STEP][PASSED] - verifyElementPresent(findTestObject(orPath_TaxPayer + "/input_middleName"), 30): Object 'Object Repository/RAD_Pages/Taxpayer_Page/input_middleName' is present

2021-11-19 10:34:10 - [MESSAGE][PASSED] - Object 'Object Repository/RAD_Pages/Taxpayer_Page/input_middleName' is present

2021-11-19 10:34:10 - [TEST_STEP][PASSED] - verifyElementPresent(findTestObject(orPath_TaxPayer + "/input_lastName"), 30): Object 'Object Repository/RAD_Pages/Taxpayer_Page/input_lastName' is present

2021-11-19 10:34:10 - [MESSAGE][PASSED] - Object 'Object Repository/RAD_Pages/Taxpayer_Page/input_lastName' is present

2021-11-19 10:34:10 - [TEST_STEP][PASSED] - verifyElementPresent(findTestObject(orPath_TaxPayer + "/input_suffix"), 30): Object 'Object Repository/RAD_Pages/Taxpayer_Page/input_suffix' is present

2021-11-19 10:34:11 - [MESSAGE][PASSED] - Object 'Object Repository/RAD_Pages/Taxpayer_Page/input_suffix' is present

2021-11-19 10:34:11 - [TEST_STEP][PASSED] - verifyElementPresent(findTestObject("RAD_RecordAndPlay/input_concatSSN"), 30): Object 'Object Repository/RAD_RecordAndPlay/input_concatSSN' is present

2021-11-19 10:34:11 - [MESSAGE][PASSED] - Object 'Object Repository/RAD_RecordAndPlay/input_concatSSN' is present

2021-11-19 10:34:11 - [TEST_STEP][PASSED] - verifyElementPresent(findTestObject("RAD_RecordAndPlay/input_concatReSSN"), 30): Object 'Object Repository/RAD_RecordAndPlay/input_concatReSSN' is present

2021-11-19 10:34:12 - [MESSAGE][PASSED] - Object 'Object Repository/RAD_RecordAndPlay/input_concatReSSN' is present

2021-11-19 10:34:12 - [TEST_STEP][PASSED] - verifyElementPresent(findTestObject(orPath_AddressContact + "/select_Country"), 30): Object 'Object Repository/RAD_Pages/AddressAndContactInfo_Page/select_Country' is present

2021-11-19 10:34:12 - [MESSAGE][PASSED] - Object 'Object Repository/RAD_Pages/AddressAndContactInfo_Page/select_Country' is present

2021-11-19 10:34:12 - [TEST_STEP][PASSED] - verifyElementPresent(findTestObject(orPath_AddressContact + "/input_streetAddress1"), 30): Object 'Object Repository/RAD_Pages/AddressAndContactInfo_Page/input_streetAddress1' is present

2021-11-19 10:34:12 - [MESSAGE][PASSED] - Object 'Object Repository/RAD_Pages/AddressAndContactInfo_Page/input_streetAddress1' is present

2021-11-19 10:34:12 - [TEST_STEP][PASSED] - verifyElementPresent(findTestObject(orPath_AddressContact + "/input_streetAddress2"), 30): Object 'Object Repository/RAD_Pages/AddressAndContactInfo_Page/input_streetAddress2' is present

2021-11-19 10:34:13 - [MESSAGE][PASSED] - Object 'Object Repository/RAD_Pages/AddressAndContactInfo_Page/input_streetAddress2' is present

2021-11-19 10:34:13 - [TEST_STEP][PASSED] - verifyElementPresent(findTestObject(orPath_AddressContact + "/input_city"), 30): Object 'Object Repository/RAD_Pages/AddressAndContactInfo_Page/input_city' is present

2021-11-19 10:34:13 - [MESSAGE][PASSED] - Object 'Object Repository/RAD_Pages/AddressAndContactInfo_Page/input_city' is present

2021-11-19 10:34:13 - [TEST_STEP][PASSED] - verifyElementPresent(findTestObject(orPath_AddressContact + "/select_State"), 30): Object 'Object Repository/RAD_Pages/AddressAndContactInfo_Page/select_State' is present

2021-11-19 10:34:13 - [MESSAGE][PASSED] - Object 'Object Repository/RAD_Pages/AddressAndContactInfo_Page/select_State' is present

2021-11-19 10:34:13 - [TEST_STEP][PASSED] - verifyElementPresent(findTestObject(orPath_AddressContact + "/input_zipCode"), 30): Object 'Object Repository/RAD_Pages/AddressAndContactInfo_Page/input_zipCode' is present

2021-11-19 10:34:14 - [MESSAGE][PASSED] - Object 'Object Repository/RAD_Pages/AddressAndContactInfo_Page/input_zipCode' is present

2021-11-19 10:34:14 - [TEST_STEP][PASSED] - verifyElementPresent(findTestObject(orPath_AddressContact + "/input_phoneNumber"), 30): Object 'Object Repository/RAD_Pages/AddressAndContactInfo_Page/input_phoneNumber' is present

2021-11-19 10:34:14 - [MESSAGE][PASSED] - Object 'Object Repository/RAD_Pages/AddressAndContactInfo_Page/input_phoneNumber' is present

2021-11-19 10:34:14 - [TEST_STEP][PASSED] - verifyElementPresent(findTestObject(orPath_AddressContact + "/input_eMailAddress"), 30): Object 'Object Repository/RAD_Pages/AddressAndContactInfo_Page/input_eMailAddress' is present

2021-11-19 10:34:14 - [MESSAGE][PASSED] - Object 'Object Repository/RAD_Pages/AddressAndContactInfo_Page/input_eMailAddress' is present

2021-11-19 10:34:14 - [TEST_STEP][PASSED] - verifyElementPresent(findTestObject(orPath_AddressContact + "/input_reEnterEMailAddress"), 30): Object 'Object Repository/RAD_Pages/AddressAndContactInfo_Page/input_reEnterEMailAddress' is present

2021-11-19 10:34:15 - [MESSAGE][PASSED] - Object 'Object Repository/RAD_Pages/AddressAndContactInfo_Page/input_reEnterEMailAddress' is present

2021-11-19 10:34:15 - [TEST_STEP][PASSED] - verifyOptionsPresent(findTestObject(orPath_AddressContact + "/select_Country"), ["United States"]): Options [United States] present.

2021-11-19 10:34:15 - [MESSAGE][PASSED] - Options [United States] present.

2021-11-19 10:34:15 - [TEST_STEP][PASSED] - verifyOptionsPresent(findTestObject(orPath_AddressContact + "/select_State"), ["Alabama", "District of Columbia", "Maryland", "Virginia", "Wyoming"]): Options [Alabama, District of Columbia, Maryland, Virginia, Wyoming] present.

2021-11-19 10:34:16 - [MESSAGE][PASSED] - Options [Alabama, District of Columbia, Maryland, Virginia, Wyoming] present.

2021-11-19 10:34:16 - [TEST_STEP][PASSED] - totalOptionsState = getNumberOfTotalOption(findTestObject(orPath_AddressContact + "/select_State")): 52 options of object 'Object Repository/RAD_Pages/AddressAndContactInfo_Page/select_State' counted

2021-11-19 10:34:17 - [MESSAGE][PASSED] - 52 options of object 'Object Repository/RAD_Pages/AddressAndContactInfo_Page/select_State' counted

2021-11-19 10:34:17 - [TEST_STEP][PASSED] - verifyEqual(totalOptionsState, 52): Actual object '52' and expected object '52' are equal

2021-11-19 10:34:17 - [MESSAGE][PASSED] - Actual object '52' and expected object '52' are equal

2021-11-19 10:34:17 - [TEST_STEP][PASSED] - verifyElementPresent(findTestObject(orPath_FilingStatus + "/input_userType_Individual"), 30): Object 'Object Repository/RAD_Pages/FilingStatus_Page/input_userType_Individual' is present

2021-11-19 10:34:17 - [MESSAGE][PASSED] - Object 'Object Repository/RAD_Pages/FilingStatus_Page/input_userType_Individual' is present

2021-11-19 10:34:17 - [TEST_STEP][PASSED] - verifyElementPresent(findTestObject(orPath_FilingStatus + "/input_userType_Joint"), 30): Object 'Object Repository/RAD_Pages/FilingStatus_Page/input_userType_Joint' is present

2021-11-19 10:34:18 - [MESSAGE][PASSED] - Object 'Object Repository/RAD_Pages/FilingStatus_Page/input_userType_Joint' is present

2021-11-19 10:34:18 - [TEST_STEP][PASSED] - verifyElementPresent(findTestObject(orPath_Amount + "/input__paymentAmount"), 30): Object 'Object Repository/RAD_Pages/PaymentAmount_Page/input__paymentAmount' is present

2021-11-19 10:34:18 - [MESSAGE][PASSED] - Object 'Object Repository/RAD_Pages/PaymentAmount_Page/input__paymentAmount' is present

2021-11-19 10:34:18 - [TEST_STEP][PASSED] - scrollToElement(findTestObject(orPath_Amount + "/input__paymentAmount"), 3): Scroll to object 'Object Repository/RAD_Pages/PaymentAmount_Page/input__paymentAmount' successfully

2021-11-19 10:34:18 - [MESSAGE][PASSED] - Scroll to object 'Object Repository/RAD_Pages/PaymentAmount_Page/input__paymentAmount' successfully

2021-11-19 10:34:18 - [TEST_STEP][PASSED] - waitForElementClickable(findTestObject(orPath_FilingStatus + "/input_userType_Joint"), 5): Object 'Object Repository/RAD_Pages/FilingStatus_Page/input_userType_Joint' is clickable

2021-11-19 10:34:18 - [MESSAGE][PASSED] - Object 'Object Repository/RAD_Pages/FilingStatus_Page/input_userType_Joint' is clickable

2021-11-19 10:34:18 - [TEST_STEP][PASSED] - click(findTestObject(orPath_FilingStatus + "/input_userType_Joint")): Object: 'Object Repository/RAD_Pages/FilingStatus_Page/input_userType_Joint' is clicked on

2021-11-19 10:34:19 - [MESSAGE][PASSED] - Object: 'Object Repository/RAD_Pages/FilingStatus_Page/input_userType_Joint' is clicked on

2021-11-19 10:34:19 - [TEST_STEP][PASSED] - verifyTextPresent("Provide the following information for the joint filer", true): Text 'Provide the following information for the joint filer' is present on page  using regular expression

2021-11-19 10:34:19 - [MESSAGE][PASSED] - Text 'Provide the following information for the joint filer' is present on page  using regular expression

2021-11-19 10:34:19 - [TEST_STEP][PASSED] - verifyElementPresent(findTestObject(orPath_FilingStatus + "/input_jointFirstName"), 30): Object 'Object Repository/RAD_Pages/FilingStatus_Page/input_jointFirstName' is present

2021-11-19 10:34:20 - [MESSAGE][PASSED] - Object 'Object Repository/RAD_Pages/FilingStatus_Page/input_jointFirstName' is present

2021-11-19 10:34:20 - [TEST_STEP][PASSED] - verifyElementPresent(findTestObject(orPath_FilingStatus + "/input_jointMiddleName"), 30): Object 'Object Repository/RAD_Pages/FilingStatus_Page/input_jointMiddleName' is present

2021-11-19 10:34:20 - [MESSAGE][PASSED] - Object 'Object Repository/RAD_Pages/FilingStatus_Page/input_jointMiddleName' is present

2021-11-19 10:34:20 - [TEST_STEP][PASSED] - verifyElementPresent(findTestObject(orPath_FilingStatus + "/input_jointLastName"), 30): Object 'Object Repository/RAD_Pages/FilingStatus_Page/input_jointLastName' is present

2021-11-19 10:34:20 - [MESSAGE][PASSED] - Object 'Object Repository/RAD_Pages/FilingStatus_Page/input_jointLastName' is present

2021-11-19 10:34:20 - [TEST_STEP][PASSED] - verifyElementPresent(findTestObject(orPath_FilingStatus + "/input_jointSuffix"), 30): Object 'Object Repository/RAD_Pages/FilingStatus_Page/input_jointSuffix' is present

2021-11-19 10:34:21 - [MESSAGE][PASSED] - Object 'Object Repository/RAD_Pages/FilingStatus_Page/input_jointSuffix' is present

2021-11-19 10:34:21 - [TEST_STEP][FAILED] - verifyElementPresent(findTestObject("Object Repository/RAD_RecordAndPlay/input_JointFilerSSN"), 30): com.kms.katalon.core.webui.exception.WebElementNotFoundException: Web element with id: 'Object Repository/RAD_RecordAndPlay/input_JointFilerSSN' located by '//*[@id = 'data' and @name = 'Data' and @type = 'password' and @placeholder = 'Social Security Number']' not found (Root cause: com.kms.katalon.core.exception.StepFailedException: com.kms.katalon.core.webui.exception.WebElementNotFoundException: Web element with id: 'Object Repository/RAD_RecordAndPlay/input_JointFilerSSN' located by '//*[@id = 'data' and @name = 'Data' and @type = 'password' and @placeholder = 'Social Security Number']' not found
	at com.kms.katalon.core.webui.keyword.internal.WebUIKeywordMain.stepFailed(WebUIKeywordMain.groovy:64)
	at com.kms.katalon.core.webui.keyword.builtin.VerifyElementPresentKeyword$_verifyElementPresent_closure1.doCall(VerifyElementPresentKeyword.groovy:85)
	at com.kms.katalon.core.webui.keyword.builtin.VerifyElementPresentKeyword$_verifyElementPresent_closure1.call(VerifyElementPresentKeyword.groovy)
	at com.kms.katalon.core.webui.keyword.internal.WebUIKeywordMain.runKeyword(WebUIKeywordMain.groovy:20)
	at com.kms.katalon.core.webui.keyword.builtin.VerifyElementPresentKeyword.verifyElementPresent(VerifyElementPresentKeyword.groovy:92)
	at com.kms.katalon.core.webui.keyword.builtin.VerifyElementPresentKeyword.execute(VerifyElementPresentKeyword.groovy:68)
	at com.kms.katalon.core.keyword.internal.KeywordExecutor.executeKeywordForPlatform(KeywordExecutor.groovy:74)
	at com.kms.katalon.core.webui.keyword.WebUiBuiltInKeywords.verifyElementPresent(WebUiBuiltInKeywords.groovy:1464)
	at com.kms.katalon.core.webui.keyword.WebUiBuiltInKeywords$verifyElementPresent$2.call(Unknown Source)
	at ExtensionPayments_UI_TC.run(ExtensionPayments_UI_TC:230)
	at com.kms.katalon.core.main.ScriptEngine.run(ScriptEngine.java:194)
	at com.kms.katalon.core.main.ScriptEngine.runScriptAsRawText(ScriptEngine.java:119)
	at com.kms.katalon.core.main.TestCaseExecutor.runScript(TestCaseExecutor.java:430)
	at com.kms.katalon.core.main.TestCaseExecutor.doExecute(TestCaseExecutor.java:421)
	at com.kms.katalon.core.main.TestCaseExecutor.processExecutionPhase(TestCaseExecutor.java:400)
	at com.kms.katalon.core.main.TestCaseExecutor.accessMainPhase(TestCaseExecutor.java:392)
	at com.kms.katalon.core.main.TestCaseExecutor.execute(TestCaseExecutor.java:273)
	at com.kms.katalon.core.main.TestSuiteExecutor.accessTestCaseMainPhase(TestSuiteExecutor.java:202)
	at com.kms.katalon.core.main.TestSuiteExecutor.accessTestSuiteMainPhase(TestSuiteExecutor.java:164)
	at com.kms.katalon.core.main.TestSuiteExecutor.execute(TestSuiteExecutor.java:105)
	at com.kms.katalon.core.main.TestCaseMain.startTestSuite(TestCaseMain.java:185)
	at com.kms.katalon.core.main.TestCaseMain$startTestSuite$0.call(Unknown Source)
	at TempTestSuite1637335687322.run(TempTestSuite1637335687322.groovy:36)
)

2021-11-19 10:34:52 - [MESSAGE][INFO] - Unable to find the element located by 'By.xpath: //*[@id = 'data' and @name = 'Data' and @type = 'password' and @placeholder = 'Social Security Number']'. Please recheck the objects properties to make sure the desired element is located. 

2021-11-19 10:34:52 - [MESSAGE][FAILED] - com.kms.katalon.core.webui.exception.WebElementNotFoundException: Web element with id: 'Object Repository/RAD_RecordAndPlay/input_JointFilerSSN' located by '//*[@id = 'data' and @name = 'Data' and @type = 'password' and @placeholder = 'Social Security Number']' not found (Root cause: com.kms.katalon.core.exception.StepFailedException: com.kms.katalon.core.webui.exception.WebElementNotFoundException: Web element with id: 'Object Repository/RAD_RecordAndPlay/input_JointFilerSSN' located by '//*[@id = 'data' and @name = 'Data' and @type = 'password' and @placeholder = 'Social Security Number']' not found
	at com.kms.katalon.core.webui.keyword.internal.WebUIKeywordMain.stepFailed(WebUIKeywordMain.groovy:64)
	at com.kms.katalon.core.webui.keyword.builtin.VerifyElementPresentKeyword$_verifyElementPresent_closure1.doCall(VerifyElementPresentKeyword.groovy:85)
	at com.kms.katalon.core.webui.keyword.builtin.VerifyElementPresentKeyword$_verifyElementPresent_closure1.call(VerifyElementPresentKeyword.groovy)
	at com.kms.katalon.core.webui.keyword.internal.WebUIKeywordMain.runKeyword(WebUIKeywordMain.groovy:20)
	at com.kms.katalon.core.webui.keyword.builtin.VerifyElementPresentKeyword.verifyElementPresent(VerifyElementPresentKeyword.groovy:92)
	at com.kms.katalon.core.webui.keyword.builtin.VerifyElementPresentKeyword.execute(VerifyElementPresentKeyword.groovy:68)
	at com.kms.katalon.core.keyword.internal.KeywordExecutor.executeKeywordForPlatform(KeywordExecutor.groovy:74)
	at com.kms.katalon.core.webui.keyword.WebUiBuiltInKeywords.verifyElementPresent(WebUiBuiltInKeywords.groovy:1464)
	at com.kms.katalon.core.webui.keyword.WebUiBuiltInKeywords$verifyElementPresent$2.call(Unknown Source)
	at ExtensionPayments_UI_TC.run(ExtensionPayments_UI_TC:230)
	at com.kms.katalon.core.main.ScriptEngine.run(ScriptEngine.java:194)
	at com.kms.katalon.core.main.ScriptEngine.runScriptAsRawText(ScriptEngine.java:119)
	at com.kms.katalon.core.main.TestCaseExecutor.runScript(TestCaseExecutor.java:430)
	at com.kms.katalon.core.main.TestCaseExecutor.doExecute(TestCaseExecutor.java:421)
	at com.kms.katalon.core.main.TestCaseExecutor.processExecutionPhase(TestCaseExecutor.java:400)
	at com.kms.katalon.core.main.TestCaseExecutor.accessMainPhase(TestCaseExecutor.java:392)
	at com.kms.katalon.core.main.TestCaseExecutor.execute(TestCaseExecutor.java:273)
	at com.kms.katalon.core.main.TestSuiteExecutor.accessTestCaseMainPhase(TestSuiteExecutor.java:202)
	at com.kms.katalon.core.main.TestSuiteExecutor.accessTestSuiteMainPhase(TestSuiteExecutor.java:164)
	at com.kms.katalon.core.main.TestSuiteExecutor.execute(TestSuiteExecutor.java:105)
	at com.kms.katalon.core.main.TestCaseMain.startTestSuite(TestCaseMain.java:185)
	at com.kms.katalon.core.main.TestCaseMain$startTestSuite$0.call(Unknown Source)
	at TempTestSuite1637335687322.run(TempTestSuite1637335687322.groovy:36)
)
[[ATTACHMENT|E:\\Cloned-Project-Katalon\\VPS-Katalon\\Reports\\20211119_102807\\RAD_TestSuite\\RAD_UI_TestSuite\\20211119_102807\\1637336092440.png]]

2021-11-19 10:34:52 - [TEST_STEP][FAILED] - verifyElementPresent(findTestObject("Object Repository/RAD_RecordAndPlay/input_reTypeJointFilerSSN"), 30): com.kms.katalon.core.webui.exception.WebElementNotFoundException: Web element with id: 'Object Repository/RAD_RecordAndPlay/input_reTypeJointFilerSSN' located by '//*[@id = 'data' and @name = 'Data' and @type = 'password' and @placeholder = 'Re-Type SSN']' not found (Root cause: com.kms.katalon.core.exception.StepFailedException: com.kms.katalon.core.webui.exception.WebElementNotFoundException: Web element with id: 'Object Repository/RAD_RecordAndPlay/input_reTypeJointFilerSSN' located by '//*[@id = 'data' and @name = 'Data' and @type = 'password' and @placeholder = 'Re-Type SSN']' not found
	at com.kms.katalon.core.webui.keyword.internal.WebUIKeywordMain.stepFailed(WebUIKeywordMain.groovy:64)
	at com.kms.katalon.core.webui.keyword.builtin.VerifyElementPresentKeyword$_verifyElementPresent_closure1.doCall(VerifyElementPresentKeyword.groovy:85)
	at com.kms.katalon.core.webui.keyword.builtin.VerifyElementPresentKeyword$_verifyElementPresent_closure1.call(VerifyElementPresentKeyword.groovy)
	at com.kms.katalon.core.webui.keyword.internal.WebUIKeywordMain.runKeyword(WebUIKeywordMain.groovy:20)
	at com.kms.katalon.core.webui.keyword.builtin.VerifyElementPresentKeyword.verifyElementPresent(VerifyElementPresentKeyword.groovy:92)
	at com.kms.katalon.core.webui.keyword.builtin.VerifyElementPresentKeyword.execute(VerifyElementPresentKeyword.groovy:68)
	at com.kms.katalon.core.keyword.internal.KeywordExecutor.executeKeywordForPlatform(KeywordExecutor.groovy:74)
	at com.kms.katalon.core.webui.keyword.WebUiBuiltInKeywords.verifyElementPresent(WebUiBuiltInKeywords.groovy:1464)
	at com.kms.katalon.core.webui.keyword.WebUiBuiltInKeywords$verifyElementPresent$2.call(Unknown Source)
	at ExtensionPayments_UI_TC.run(ExtensionPayments_UI_TC:232)
	at com.kms.katalon.core.main.ScriptEngine.run(ScriptEngine.java:194)
	at com.kms.katalon.core.main.ScriptEngine.runScriptAsRawText(ScriptEngine.java:119)
	at com.kms.katalon.core.main.TestCaseExecutor.runScript(TestCaseExecutor.java:430)
	at com.kms.katalon.core.main.TestCaseExecutor.doExecute(TestCaseExecutor.java:421)
	at com.kms.katalon.core.main.TestCaseExecutor.processExecutionPhase(TestCaseExecutor.java:400)
	at com.kms.katalon.core.main.TestCaseExecutor.accessMainPhase(TestCaseExecutor.java:392)
	at com.kms.katalon.core.main.TestCaseExecutor.execute(TestCaseExecutor.java:273)
	at com.kms.katalon.core.main.TestSuiteExecutor.accessTestCaseMainPhase(TestSuiteExecutor.java:202)
	at com.kms.katalon.core.main.TestSuiteExecutor.accessTestSuiteMainPhase(TestSuiteExecutor.java:164)
	at com.kms.katalon.core.main.TestSuiteExecutor.execute(TestSuiteExecutor.java:105)
	at com.kms.katalon.core.main.TestCaseMain.startTestSuite(TestCaseMain.java:185)
	at com.kms.katalon.core.main.TestCaseMain$startTestSuite$0.call(Unknown Source)
	at TempTestSuite1637335687322.run(TempTestSuite1637335687322.groovy:36)
)

2021-11-19 10:35:24 - [MESSAGE][INFO] - Unable to find the element located by 'By.xpath: //*[@id = 'data' and @name = 'Data' and @type = 'password' and @placeholder = 'Re-Type SSN']'. Please recheck the objects properties to make sure the desired element is located. 

2021-11-19 10:35:24 - [MESSAGE][FAILED] - com.kms.katalon.core.webui.exception.WebElementNotFoundException: Web element with id: 'Object Repository/RAD_RecordAndPlay/input_reTypeJointFilerSSN' located by '//*[@id = 'data' and @name = 'Data' and @type = 'password' and @placeholder = 'Re-Type SSN']' not found (Root cause: com.kms.katalon.core.exception.StepFailedException: com.kms.katalon.core.webui.exception.WebElementNotFoundException: Web element with id: 'Object Repository/RAD_RecordAndPlay/input_reTypeJointFilerSSN' located by '//*[@id = 'data' and @name = 'Data' and @type = 'password' and @placeholder = 'Re-Type SSN']' not found
	at com.kms.katalon.core.webui.keyword.internal.WebUIKeywordMain.stepFailed(WebUIKeywordMain.groovy:64)
	at com.kms.katalon.core.webui.keyword.builtin.VerifyElementPresentKeyword$_verifyElementPresent_closure1.doCall(VerifyElementPresentKeyword.groovy:85)
	at com.kms.katalon.core.webui.keyword.builtin.VerifyElementPresentKeyword$_verifyElementPresent_closure1.call(VerifyElementPresentKeyword.groovy)
	at com.kms.katalon.core.webui.keyword.internal.WebUIKeywordMain.runKeyword(WebUIKeywordMain.groovy:20)
	at com.kms.katalon.core.webui.keyword.builtin.VerifyElementPresentKeyword.verifyElementPresent(VerifyElementPresentKeyword.groovy:92)
	at com.kms.katalon.core.webui.keyword.builtin.VerifyElementPresentKeyword.execute(VerifyElementPresentKeyword.groovy:68)
	at com.kms.katalon.core.keyword.internal.KeywordExecutor.executeKeywordForPlatform(KeywordExecutor.groovy:74)
	at com.kms.katalon.core.webui.keyword.WebUiBuiltInKeywords.verifyElementPresent(WebUiBuiltInKeywords.groovy:1464)
	at com.kms.katalon.core.webui.keyword.WebUiBuiltInKeywords$verifyElementPresent$2.call(Unknown Source)
	at ExtensionPayments_UI_TC.run(ExtensionPayments_UI_TC:232)
	at com.kms.katalon.core.main.ScriptEngine.run(ScriptEngine.java:194)
	at com.kms.katalon.core.main.ScriptEngine.runScriptAsRawText(ScriptEngine.java:119)
	at com.kms.katalon.core.main.TestCaseExecutor.runScript(TestCaseExecutor.java:430)
	at com.kms.katalon.core.main.TestCaseExecutor.doExecute(TestCaseExecutor.java:421)
	at com.kms.katalon.core.main.TestCaseExecutor.processExecutionPhase(TestCaseExecutor.java:400)
	at com.kms.katalon.core.main.TestCaseExecutor.accessMainPhase(TestCaseExecutor.java:392)
	at com.kms.katalon.core.main.TestCaseExecutor.execute(TestCaseExecutor.java:273)
	at com.kms.katalon.core.main.TestSuiteExecutor.accessTestCaseMainPhase(TestSuiteExecutor.java:202)
	at com.kms.katalon.core.main.TestSuiteExecutor.accessTestSuiteMainPhase(TestSuiteExecutor.java:164)
	at com.kms.katalon.core.main.TestSuiteExecutor.execute(TestSuiteExecutor.java:105)
	at com.kms.katalon.core.main.TestCaseMain.startTestSuite(TestCaseMain.java:185)
	at com.kms.katalon.core.main.TestCaseMain$startTestSuite$0.call(Unknown Source)
	at TempTestSuite1637335687322.run(TempTestSuite1637335687322.groovy:36)
)
[[ATTACHMENT|E:\\Cloned-Project-Katalon\\VPS-Katalon\\Reports\\20211119_102807\\RAD_TestSuite\\RAD_UI_TestSuite\\20211119_102807\\1637336124097.png]]

2021-11-19 10:35:24 - [TEST_STEP][PASSED] - selectOptionByLabel(findTestObject(orPath_TaxTypeFilingYear + "/select_PaymentType"), "Personal", false): All options with label 'Personal' are selected in object 'Object Repository/RAD_Pages/TaxTypeFilingYear_Page/select_PaymentType' 

2021-11-19 10:35:24 - [MESSAGE][PASSED] - All options with label 'Personal' are selected in object 'Object Repository/RAD_Pages/TaxTypeFilingYear_Page/select_PaymentType' 

2021-11-19 10:35:24 - [TEST_STEP][PASSED] - verifyElementVisible(findTestObject(orPath_TaxPayer + "/input_firstName")): Object 'Object Repository/RAD_Pages/Taxpayer_Page/input_firstName' is visible

2021-11-19 10:35:25 - [MESSAGE][PASSED] - Object 'Object Repository/RAD_Pages/Taxpayer_Page/input_firstName' is visible

2021-11-19 10:35:25 - [TEST_STEP][PASSED] - verifyElementVisible(findTestObject(orPath_TaxPayer + "/input_middleName")): Object 'Object Repository/RAD_Pages/Taxpayer_Page/input_middleName' is visible

2021-11-19 10:35:25 - [MESSAGE][PASSED] - Object 'Object Repository/RAD_Pages/Taxpayer_Page/input_middleName' is visible

2021-11-19 10:35:25 - [TEST_STEP][PASSED] - verifyElementVisible(findTestObject(orPath_TaxPayer + "/input_lastName")): Object 'Object Repository/RAD_Pages/Taxpayer_Page/input_lastName' is visible

2021-11-19 10:35:26 - [MESSAGE][PASSED] - Object 'Object Repository/RAD_Pages/Taxpayer_Page/input_lastName' is visible

2021-11-19 10:35:26 - [TEST_STEP][PASSED] - verifyElementVisible(findTestObject(orPath_TaxPayer + "/input_suffix")): Object 'Object Repository/RAD_Pages/Taxpayer_Page/input_suffix' is visible

2021-11-19 10:35:26 - [MESSAGE][PASSED] - Object 'Object Repository/RAD_Pages/Taxpayer_Page/input_suffix' is visible

2021-11-19 10:35:26 - [TEST_STEP][PASSED] - verifyElementVisible(findTestObject("RAD_RecordAndPlay/input_concatSSN")): Object 'Object Repository/RAD_RecordAndPlay/input_concatSSN' is visible

2021-11-19 10:35:26 - [MESSAGE][PASSED] - Object 'Object Repository/RAD_RecordAndPlay/input_concatSSN' is visible

2021-11-19 10:35:26 - [TEST_STEP][PASSED] - verifyElementVisible(findTestObject("RAD_RecordAndPlay/input_concatReSSN")): Object 'Object Repository/RAD_RecordAndPlay/input_concatReSSN' is visible

2021-11-19 10:35:27 - [MESSAGE][PASSED] - Object 'Object Repository/RAD_RecordAndPlay/input_concatReSSN' is visible

2021-11-19 10:35:27 - [TEST_STEP][PASSED] - verifyElementVisible(findTestObject(orPath_FilingStatus + "/input_userType_Individual")): Object 'Object Repository/RAD_Pages/FilingStatus_Page/input_userType_Individual' is visible

2021-11-19 10:35:27 - [MESSAGE][PASSED] - Object 'Object Repository/RAD_Pages/FilingStatus_Page/input_userType_Individual' is visible

2021-11-19 10:35:27 - [TEST_STEP][PASSED] - verifyElementVisible(findTestObject(orPath_FilingStatus + "/input_userType_Joint")): Object 'Object Repository/RAD_Pages/FilingStatus_Page/input_userType_Joint' is visible

2021-11-19 10:35:27 - [MESSAGE][PASSED] - Object 'Object Repository/RAD_Pages/FilingStatus_Page/input_userType_Joint' is visible

2021-11-19 10:35:27 - [TEST_STEP][PASSED] - verifyElementNotVisible(findTestObject(orPath_TaxPayer + "/input_Note_businessName")): Object 'Object Repository/RAD_Pages/Taxpayer_Page/input_Note_businessName' is NOT visible

2021-11-19 10:35:28 - [MESSAGE][PASSED] - Object 'Object Repository/RAD_Pages/Taxpayer_Page/input_Note_businessName' is NOT visible

2021-11-19 10:35:28 - [TEST_STEP][PASSED] - verifyElementNotVisible(findTestObject(orPath_TaxInfo + "/input_FederalEIN")): Object 'Object Repository/RAD_Pages/TaxInfo_Page/input_FederalEIN' is NOT visible

2021-11-19 10:35:59 - [MESSAGE][INFO] - Unable to find the element located by 'By.xpath: //*[@id = 'data' and @name = 'Data' and @type = 'password' and @placeholder = 'Federal EIN']'. Please recheck the objects properties to make sure the desired element is located. 

2021-11-19 10:35:59 - [MESSAGE][WARNING] - [SELF-HEALING] Failed to find element with id 'Object Repository/RAD_Pages/TaxInfo_Page/input_FederalEIN'. Try using Self-healing.

2021-11-19 10:35:59 - [MESSAGE][WARNING] - [SELF-HEALING] The current locator of test object 'Object Repository/RAD_Pages/TaxInfo_Page/input_FederalEIN' was broken. Propose an alternative one: '#data'.

2021-11-19 10:35:59 - [MESSAGE][PASSED] - Object 'Object Repository/RAD_Pages/TaxInfo_Page/input_FederalEIN' is NOT visible

2021-11-19 10:35:59 - [TEST_STEP][PASSED] - verifyElementNotVisible(findTestObject(orPath_TaxInfo + "/input_FederalEIN_ReEnter")): Object 'Object Repository/RAD_Pages/TaxInfo_Page/input_FederalEIN_ReEnter' is NOT visible

2021-11-19 10:36:31 - [MESSAGE][INFO] - Unable to find the element located by 'By.xpath: //*[@id = 'data' and @name = 'Data' and @type = 'password' and @placeholder = 'Re-Type Federal EIN']'. Please recheck the objects properties to make sure the desired element is located. 

2021-11-19 10:36:31 - [MESSAGE][WARNING] - [SELF-HEALING] Failed to find element with id 'Object Repository/RAD_Pages/TaxInfo_Page/input_FederalEIN_ReEnter'. Try using Self-healing.

2021-11-19 10:36:31 - [MESSAGE][WARNING] - [SELF-HEALING] The current locator of test object 'Object Repository/RAD_Pages/TaxInfo_Page/input_FederalEIN_ReEnter' was broken. Propose an alternative one: '//input[@id='data']'.

2021-11-19 10:36:31 - [MESSAGE][PASSED] - Object 'Object Repository/RAD_Pages/TaxInfo_Page/input_FederalEIN_ReEnter' is NOT visible

2021-11-19 10:36:31 - [TEST_STEP][PASSED] - selectOptionByLabel(findTestObject(orPath_TaxTypeFilingYear + "/select_PaymentType"), "Corporate", false): All options with label 'Corporate' are selected in object 'Object Repository/RAD_Pages/TaxTypeFilingYear_Page/select_PaymentType' 

2021-11-19 10:36:31 - [MESSAGE][PASSED] - All options with label 'Corporate' are selected in object 'Object Repository/RAD_Pages/TaxTypeFilingYear_Page/select_PaymentType' 

2021-11-19 10:36:31 - [TEST_STEP][PASSED] - verifyElementVisible(findTestObject(orPath_TaxPayer + "/input_Note_businessName")): Object 'Object Repository/RAD_Pages/Taxpayer_Page/input_Note_businessName' is visible

2021-11-19 10:36:32 - [MESSAGE][PASSED] - Object 'Object Repository/RAD_Pages/Taxpayer_Page/input_Note_businessName' is visible

2021-11-19 10:36:32 - [TEST_STEP][PASSED] - verifyElementVisible(findTestObject(orPath_TaxInfo + "/input_FederalEIN")): Object 'Object Repository/RAD_Pages/TaxInfo_Page/input_FederalEIN' is visible

2021-11-19 10:37:03 - [MESSAGE][INFO] - Unable to find the element located by 'By.xpath: //*[@id = 'data' and @name = 'Data' and @type = 'password' and @placeholder = 'Federal EIN']'. Please recheck the objects properties to make sure the desired element is located. 

2021-11-19 10:37:03 - [MESSAGE][WARNING] - [SELF-HEALING] Failed to find element with id 'Object Repository/RAD_Pages/TaxInfo_Page/input_FederalEIN'. Try using Self-healing.

2021-11-19 10:37:03 - [MESSAGE][WARNING] - [SELF-HEALING] The current locator of test object 'Object Repository/RAD_Pages/TaxInfo_Page/input_FederalEIN' was broken. Propose an alternative one: '#data'.

2021-11-19 10:37:03 - [MESSAGE][PASSED] - Object 'Object Repository/RAD_Pages/TaxInfo_Page/input_FederalEIN' is visible

2021-11-19 10:37:03 - [TEST_STEP][PASSED] - verifyElementVisible(findTestObject(orPath_TaxInfo + "/input_FederalEIN_ReEnter")): Object 'Object Repository/RAD_Pages/TaxInfo_Page/input_FederalEIN_ReEnter' is visible

2021-11-19 10:37:35 - [MESSAGE][INFO] - Unable to find the element located by 'By.xpath: //*[@id = 'data' and @name = 'Data' and @type = 'password' and @placeholder = 'Re-Type Federal EIN']'. Please recheck the objects properties to make sure the desired element is located. 

2021-11-19 10:37:35 - [MESSAGE][WARNING] - [SELF-HEALING] Failed to find element with id 'Object Repository/RAD_Pages/TaxInfo_Page/input_FederalEIN_ReEnter'. Try using Self-healing.

2021-11-19 10:37:35 - [MESSAGE][WARNING] - [SELF-HEALING] The current locator of test object 'Object Repository/RAD_Pages/TaxInfo_Page/input_FederalEIN_ReEnter' was broken. Propose an alternative one: '//input[@id='data']'.

2021-11-19 10:37:35 - [MESSAGE][PASSED] - Object 'Object Repository/RAD_Pages/TaxInfo_Page/input_FederalEIN_ReEnter' is visible

2021-11-19 10:37:35 - [TEST_STEP][PASSED] - verifyElementNotVisible(findTestObject(orPath_TaxPayer + "/input_firstName")): Object 'Object Repository/RAD_Pages/Taxpayer_Page/input_firstName' is NOT visible

2021-11-19 10:37:35 - [MESSAGE][PASSED] - Object 'Object Repository/RAD_Pages/Taxpayer_Page/input_firstName' is NOT visible

2021-11-19 10:37:35 - [TEST_STEP][PASSED] - verifyElementNotVisible(findTestObject(orPath_TaxPayer + "/input_middleName")): Object 'Object Repository/RAD_Pages/Taxpayer_Page/input_middleName' is NOT visible

2021-11-19 10:37:35 - [MESSAGE][PASSED] - Object 'Object Repository/RAD_Pages/Taxpayer_Page/input_middleName' is NOT visible

2021-11-19 10:37:35 - [TEST_STEP][PASSED] - verifyElementNotVisible(findTestObject(orPath_TaxPayer + "/input_lastName")): Object 'Object Repository/RAD_Pages/Taxpayer_Page/input_lastName' is NOT visible

2021-11-19 10:37:36 - [MESSAGE][PASSED] - Object 'Object Repository/RAD_Pages/Taxpayer_Page/input_lastName' is NOT visible

2021-11-19 10:37:36 - [TEST_STEP][PASSED] - verifyElementNotVisible(findTestObject(orPath_TaxPayer + "/input_suffix")): Object 'Object Repository/RAD_Pages/Taxpayer_Page/input_suffix' is NOT visible

2021-11-19 10:37:36 - [MESSAGE][PASSED] - Object 'Object Repository/RAD_Pages/Taxpayer_Page/input_suffix' is NOT visible

2021-11-19 10:37:36 - [TEST_STEP][PASSED] - verifyElementNotVisible(findTestObject("RAD_RecordAndPlay/input_concatSSN")): Object 'Object Repository/RAD_RecordAndPlay/input_concatSSN' is NOT visible

2021-11-19 10:37:36 - [MESSAGE][PASSED] - Object 'Object Repository/RAD_RecordAndPlay/input_concatSSN' is NOT visible

2021-11-19 10:37:36 - [TEST_STEP][PASSED] - verifyElementNotVisible(findTestObject("RAD_RecordAndPlay/input_concatReSSN")): Object 'Object Repository/RAD_RecordAndPlay/input_concatReSSN' is NOT visible

2021-11-19 10:37:37 - [MESSAGE][PASSED] - Object 'Object Repository/RAD_RecordAndPlay/input_concatReSSN' is NOT visible

2021-11-19 10:37:37 - [TEST_STEP][PASSED] - verifyElementNotVisible(findTestObject(orPath_FilingStatus + "/input_userType_Individual")): Object 'Object Repository/RAD_Pages/FilingStatus_Page/input_userType_Individual' is NOT visible

2021-11-19 10:37:37 - [MESSAGE][PASSED] - Object 'Object Repository/RAD_Pages/FilingStatus_Page/input_userType_Individual' is NOT visible

2021-11-19 10:37:37 - [TEST_STEP][PASSED] - verifyElementNotVisible(findTestObject(orPath_FilingStatus + "/input_userType_Joint")): Object 'Object Repository/RAD_Pages/FilingStatus_Page/input_userType_Joint' is NOT visible

2021-11-19 10:37:38 - [MESSAGE][PASSED] - Object 'Object Repository/RAD_Pages/FilingStatus_Page/input_userType_Joint' is NOT visible]]></system-out>
         <system-err><![CDATA[2021-11-19 10:33:55 - [TEST_CASE][FAILED] - Test Cases/RAD_TestCases/UI_TestCases/ExtensionPayments_UI_TC: Test Cases/RAD_TestCases/UI_TestCases/ExtensionPayments_UI_TC FAILED.
Reason:
com.kms.katalon.core.exception.StepFailedException: com.kms.katalon.core.webui.exception.WebElementNotFoundException: Web element with id: 'Object Repository/RAD_RecordAndPlay/input_JointFilerSSN' located by '//*[@id = 'data' and @name = 'Data' and @type = 'password' and @placeholder = 'Social Security Number']' not found (Root cause: com.kms.katalon.core.exception.StepFailedException: com.kms.katalon.core.webui.exception.WebElementNotFoundException: Web element with id: 'Object Repository/RAD_RecordAndPlay/input_JointFilerSSN' located by '//*[@id = 'data' and @name = 'Data' and @type = 'password' and @placeholder = 'Social Security Number']' not found
	at com.kms.katalon.core.webui.keyword.internal.WebUIKeywordMain.stepFailed(WebUIKeywordMain.groovy:64)
	at com.kms.katalon.core.webui.keyword.builtin.VerifyElementPresentKeyword$_verifyElementPresent_closure1.doCall(VerifyElementPresentKeyword.groovy:85)
	at com.kms.katalon.core.webui.keyword.builtin.VerifyElementPresentKeyword$_verifyElementPresent_closure1.call(VerifyElementPresentKeyword.groovy)
	at com.kms.katalon.core.webui.keyword.internal.WebUIKeywordMain.runKeyword(WebUIKeywordMain.groovy:20)
	at com.kms.katalon.core.webui.keyword.builtin.VerifyElementPresentKeyword.verifyElementPresent(VerifyElementPresentKeyword.groovy:92)
	at com.kms.katalon.core.webui.keyword.builtin.VerifyElementPresentKeyword.execute(VerifyElementPresentKeyword.groovy:68)
	at com.kms.katalon.core.keyword.internal.KeywordExecutor.executeKeywordForPlatform(KeywordExecutor.groovy:74)
	at com.kms.katalon.core.webui.keyword.WebUiBuiltInKeywords.verifyElementPresent(WebUiBuiltInKeywords.groovy:1464)
	at com.kms.katalon.core.webui.keyword.WebUiBuiltInKeywords$verifyElementPresent$2.call(Unknown Source)
	at ExtensionPayments_UI_TC.run(ExtensionPayments_UI_TC:230)
	at com.kms.katalon.core.main.ScriptEngine.run(ScriptEngine.java:194)
	at com.kms.katalon.core.main.ScriptEngine.runScriptAsRawText(ScriptEngine.java:119)
	at com.kms.katalon.core.main.TestCaseExecutor.runScript(TestCaseExecutor.java:430)
	at com.kms.katalon.core.main.TestCaseExecutor.doExecute(TestCaseExecutor.java:421)
	at com.kms.katalon.core.main.TestCaseExecutor.processExecutionPhase(TestCaseExecutor.java:400)
	at com.kms.katalon.core.main.TestCaseExecutor.accessMainPhase(TestCaseExecutor.java:392)
	at com.kms.katalon.core.main.TestCaseExecutor.execute(TestCaseExecutor.java:273)
	at com.kms.katalon.core.main.TestSuiteExecutor.accessTestCaseMainPhase(TestSuiteExecutor.java:202)
	at com.kms.katalon.core.main.TestSuiteExecutor.accessTestSuiteMainPhase(TestSuiteExecutor.java:164)
	at com.kms.katalon.core.main.TestSuiteExecutor.execute(TestSuiteExecutor.java:105)
	at com.kms.katalon.core.main.TestCaseMain.startTestSuite(TestCaseMain.java:185)
	at com.kms.katalon.core.main.TestCaseMain$startTestSuite$0.call(Unknown Source)
	at TempTestSuite1637335687322.run(TempTestSuite1637335687322.groovy:36)
)
	at com.kms.katalon.core.keyword.internal.KeywordMain.stepFailed(KeywordMain.groovy:39)
	at com.kms.katalon.core.webui.keyword.internal.WebUIKeywordMain.stepFailed(WebUIKeywordMain.groovy:64)
	at com.kms.katalon.core.webui.keyword.builtin.VerifyElementPresentKeyword$_verifyElementPresent_closure1.doCall(VerifyElementPresentKeyword.groovy:85)
	at com.kms.katalon.core.webui.keyword.builtin.VerifyElementPresentKeyword$_verifyElementPresent_closure1.call(VerifyElementPresentKeyword.groovy)
	at com.kms.katalon.core.webui.keyword.internal.WebUIKeywordMain.runKeyword(WebUIKeywordMain.groovy:20)
	at com.kms.katalon.core.webui.keyword.builtin.VerifyElementPresentKeyword.verifyElementPresent(VerifyElementPresentKeyword.groovy:92)
	at com.kms.katalon.core.webui.keyword.builtin.VerifyElementPresentKeyword.execute(VerifyElementPresentKeyword.groovy:68)
	at com.kms.katalon.core.keyword.internal.KeywordExecutor.executeKeywordForPlatform(KeywordExecutor.groovy:74)
	at com.kms.katalon.core.webui.keyword.WebUiBuiltInKeywords.verifyElementPresent(WebUiBuiltInKeywords.groovy:1464)
	at com.kms.katalon.core.webui.keyword.WebUiBuiltInKeywords$verifyElementPresent$2.call(Unknown Source)
	at ExtensionPayments_UI_TC.run(ExtensionPayments_UI_TC:230)
	at com.kms.katalon.core.main.ScriptEngine.run(ScriptEngine.java:194)
	at com.kms.katalon.core.main.ScriptEngine.runScriptAsRawText(ScriptEngine.java:119)
	at com.kms.katalon.core.main.TestCaseExecutor.runScript(TestCaseExecutor.java:430)
	at com.kms.katalon.core.main.TestCaseExecutor.doExecute(TestCaseExecutor.java:421)
	at com.kms.katalon.core.main.TestCaseExecutor.processExecutionPhase(TestCaseExecutor.java:400)
	at com.kms.katalon.core.main.TestCaseExecutor.accessMainPhase(TestCaseExecutor.java:392)
	at com.kms.katalon.core.main.TestCaseExecutor.execute(TestCaseExecutor.java:273)
	at com.kms.katalon.core.main.TestSuiteExecutor.accessTestCaseMainPhase(TestSuiteExecutor.java:202)
	at com.kms.katalon.core.main.TestSuiteExecutor.accessTestSuiteMainPhase(TestSuiteExecutor.java:164)
	at com.kms.katalon.core.main.TestSuiteExecutor.execute(TestSuiteExecutor.java:105)
	at com.kms.katalon.core.main.TestCaseMain.startTestSuite(TestCaseMain.java:185)
	at com.kms.katalon.core.main.TestCaseMain$startTestSuite$0.call(Unknown Source)
	at TempTestSuite1637335687322.run(TempTestSuite1637335687322.groovy:36)
Caused by: com.kms.katalon.core.exception.StepFailedException: com.kms.katalon.core.webui.exception.WebElementNotFoundException: Web element with id: 'Object Repository/RAD_RecordAndPlay/input_JointFilerSSN' located by '//*[@id = 'data' and @name = 'Data' and @type = 'password' and @placeholder = 'Social Security Number']' not found
	... 23 more]]></system-err>
      </testcase>
      <testcase name="Test Cases/RAD_TestCases/UI_TestCases/WithholdingTax_UI_TC" time="27.182" classname="Test Cases/RAD_TestCases/UI_TestCases/WithholdingTax_UI_TC" status="PASSED">
         <system-out><![CDATA[2021-11-19 10:37:38 - [TEST_CASE][PASSED] - Test Cases/RAD_TestCases/UI_TestCases/WithholdingTax_UI_TC: Test Cases/RAD_TestCases/UI_TestCases/WithholdingTax_UI_TC

2021-11-19 10:37:38 - [TEST_STEP][PASSED] - openBrowser(""): Browser is opened with url: ''

2021-11-19 10:37:38 - [MESSAGE][WARNING] - A browser is already opened. Closing browser and opening a new one

2021-11-19 10:37:39 - [MESSAGE][INFO] - Starting 'Chrome' driver

2021-11-19 10:37:39 - [MESSAGE][INFO] - User set preference: ['acceptInsecureCerts', 'true']

2021-11-19 10:37:39 - [MESSAGE][INFO] - Action delay is set to 0 milliseconds

2021-11-19 10:37:41 - [MESSAGE][PASSED] - Browser is opened with url: ''

2021-11-19 10:37:41 - [TEST_STEP][PASSED] - maximizeWindow(): Current window maximized

2021-11-19 10:37:41 - [MESSAGE][PASSED] - Current window maximized

2021-11-19 10:37:41 - [TEST_STEP][PASSED] - navigateToUrl(RADurl): Navigate to 'https://qa.velocitypayment.com/client/rad/index.html' successfully

2021-11-19 10:37:43 - [MESSAGE][PASSED] - Navigate to 'https://qa.velocitypayment.com/client/rad/index.html' successfully

2021-11-19 10:37:43 - [TEST_STEP][PASSED] - orPath_Landing = "Object Repository/RAD_Pages/Landing_Page": null

2021-11-19 10:37:43 - [TEST_STEP][PASSED] - orPath_TaxTypeFilingYear = "Object Repository/RAD_Pages/TaxTypeFilingYear_Page": null

2021-11-19 10:37:43 - [TEST_STEP][PASSED] - orPath_TaxPayer = "Object Repository/RAD_Pages/Taxpayer_Page": null

2021-11-19 10:37:43 - [TEST_STEP][PASSED] - orPath_AddressContact = "Object Repository/RAD_Pages/AddressAndContactInfo_Page": null

2021-11-19 10:37:43 - [TEST_STEP][PASSED] - orPath_TaxInfo = "Object Repository/RAD_Pages/TaxInfo_Page": null

2021-11-19 10:37:43 - [TEST_STEP][PASSED] - orPath_Withholding = "Object Repository/RAD_Pages/Withholding_Page": null

2021-11-19 10:37:43 - [TEST_STEP][PASSED] - orPath_FilingStatus = "Object Repository/RAD_Pages/FilingStatus_Page": null

2021-11-19 10:37:43 - [TEST_STEP][PASSED] - orPath_Amount = "Object Repository/RAD_Pages/PaymentAmount_Page": null

2021-11-19 10:37:43 - [TEST_STEP][PASSED] - selectOptionByLabel(findTestObject(orPath_Landing + "/dd_TaxType"), "Withholding Tax", false): All options with label 'Withholding Tax' are selected in object 'Object Repository/RAD_Pages/Landing_Page/dd_TaxType' 

2021-11-19 10:37:44 - [MESSAGE][PASSED] - All options with label 'Withholding Tax' are selected in object 'Object Repository/RAD_Pages/Landing_Page/dd_TaxType' 

2021-11-19 10:37:44 - [TEST_STEP][PASSED] - verifyElementPresent(findTestObject(orPath_TaxTypeFilingYear + "/select_FilingYear"), 30): Object 'Object Repository/RAD_Pages/TaxTypeFilingYear_Page/select_FilingYear' is present

2021-11-19 10:37:44 - [MESSAGE][PASSED] - Object 'Object Repository/RAD_Pages/TaxTypeFilingYear_Page/select_FilingYear' is present

2021-11-19 10:37:44 - [TEST_STEP][PASSED] - totalOptionsFilingYear = getNumberOfTotalOption(findTestObject(orPath_TaxTypeFilingYear + "/select_FilingYear")): 4 options of object 'Object Repository/RAD_Pages/TaxTypeFilingYear_Page/select_FilingYear' counted

2021-11-19 10:37:45 - [MESSAGE][PASSED] - 4 options of object 'Object Repository/RAD_Pages/TaxTypeFilingYear_Page/select_FilingYear' counted

2021-11-19 10:37:45 - [TEST_STEP][PASSED] - verifyEqual(totalOptionsFilingYear, 4): Actual object '4' and expected object '4' are equal

2021-11-19 10:37:45 - [MESSAGE][PASSED] - Actual object '4' and expected object '4' are equal

2021-11-19 10:37:45 - [TEST_STEP][PASSED] - verifyOptionsPresent(findTestObject(orPath_TaxTypeFilingYear + "/select_FilingYear"), ["2021", "2020", "2019"]): Options [2021, 2020, 2019] present.

2021-11-19 10:37:46 - [MESSAGE][PASSED] - Options [2021, 2020, 2019] present.

2021-11-19 10:37:46 - [TEST_STEP][PASSED] - verifyTextPresent("Tax Type/Filing Year", true): Text 'Tax Type/Filing Year' is present on page  using regular expression

2021-11-19 10:37:46 - [MESSAGE][PASSED] - Text 'Tax Type/Filing Year' is present on page  using regular expression

2021-11-19 10:37:46 - [TEST_STEP][PASSED] - verifyTextPresent("Taxpayer", true): Text 'Taxpayer' is present on page  using regular expression

2021-11-19 10:37:46 - [MESSAGE][PASSED] - Text 'Taxpayer' is present on page  using regular expression

2021-11-19 10:37:46 - [TEST_STEP][PASSED] - verifyTextPresent("Provide the following taxpayer information", true): Text 'Provide the following taxpayer information' is present on page  using regular expression

2021-11-19 10:37:47 - [MESSAGE][PASSED] - Text 'Provide the following taxpayer information' is present on page  using regular expression

2021-11-19 10:37:47 - [TEST_STEP][PASSED] - verifyTextPresent("Note: If you are paying on behalf of the Taxpayer, enter Taxpayer", true): Text 'Note: If you are paying on behalf of the Taxpayer, enter Taxpayer' is present on page  using regular expression

2021-11-19 10:37:47 - [MESSAGE][PASSED] - Text 'Note: If you are paying on behalf of the Taxpayer, enter Taxpayer' is present on page  using regular expression

2021-11-19 10:37:47 - [TEST_STEP][PASSED] - verifyTextPresent("information here. If you are making a payment for the Taxpayer, you will be required later to enter your own credit card, billing address and other pertinent information", true): Text 'information here. If you are making a payment for the Taxpayer, you will be required later to enter your own credit card, billing address and other pertinent information' is present on page  using regular expression

2021-11-19 10:37:47 - [MESSAGE][PASSED] - Text 'information here. If you are making a payment for the Taxpayer, you will be required later to enter your own credit card, billing address and other pertinent information' is present on page  using regular expression

2021-11-19 10:37:47 - [TEST_STEP][PASSED] - verifyTextPresent("Address and Contact Information", true): Text 'Address and Contact Information' is present on page  using regular expression

2021-11-19 10:37:48 - [MESSAGE][PASSED] - Text 'Address and Contact Information' is present on page  using regular expression

2021-11-19 10:37:48 - [TEST_STEP][PASSED] - verifyTextPresent("Enter the taxpayer", true): Text 'Enter the taxpayer' is present on page  using regular expression

2021-11-19 10:37:48 - [MESSAGE][PASSED] - Text 'Enter the taxpayer' is present on page  using regular expression

2021-11-19 10:37:48 - [TEST_STEP][PASSED] - verifyTextPresent("address and contact information", true): Text 'address and contact information' is present on page  using regular expression

2021-11-19 10:37:49 - [MESSAGE][PASSED] - Text 'address and contact information' is present on page  using regular expression

2021-11-19 10:37:49 - [TEST_STEP][PASSED] - verifyTextPresent("Tax Information", true): Text 'Tax Information' is present on page  using regular expression

2021-11-19 10:37:49 - [MESSAGE][PASSED] - Text 'Tax Information' is present on page  using regular expression

2021-11-19 10:37:49 - [TEST_STEP][PASSED] - verifyTextPresent("Withholding", true): Text 'Withholding' is present on page  using regular expression

2021-11-19 10:37:49 - [MESSAGE][PASSED] - Text 'Withholding' is present on page  using regular expression

2021-11-19 10:37:49 - [TEST_STEP][PASSED] - verifyTextPresent("Are you filing on an accelerated basis?", true): Text 'Are you filing on an accelerated basis?' is present on page  using regular expression

2021-11-19 10:37:50 - [MESSAGE][PASSED] - Text 'Are you filing on an accelerated basis?' is present on page  using regular expression

2021-11-19 10:37:50 - [TEST_STEP][PASSED] - verifyTextPresent("Yes", true): Text 'Yes' is present on page  using regular expression

2021-11-19 10:37:50 - [MESSAGE][PASSED] - Text 'Yes' is present on page  using regular expression

2021-11-19 10:37:50 - [TEST_STEP][PASSED] - verifyTextPresent("No", true): Text 'No' is present on page  using regular expression

2021-11-19 10:37:50 - [MESSAGE][PASSED] - Text 'No' is present on page  using regular expression

2021-11-19 10:37:50 - [TEST_STEP][PASSED] - verifyTextPresent("Payment Amount", true): Text 'Payment Amount' is present on page  using regular expression

2021-11-19 10:37:51 - [MESSAGE][PASSED] - Text 'Payment Amount' is present on page  using regular expression

2021-11-19 10:37:51 - [TEST_STEP][PASSED] - verifyTextPresent("Service Fee: This electronic government service includes a service/convenience fee. Click here for details", true): Text 'Service Fee: This electronic government service includes a service/convenience fee. Click here for details' is present on page  using regular expression

2021-11-19 10:37:51 - [MESSAGE][PASSED] - Text 'Service Fee: This electronic government service includes a service/convenience fee. Click here for details' is present on page  using regular expression

2021-11-19 10:37:51 - [TEST_STEP][PASSED] - verifyElementPresent(findTestObject(orPath_Amount + "/a_Click here for details"), 30): Object 'Object Repository/RAD_Pages/PaymentAmount_Page/a_Click here for details' is present

2021-11-19 10:37:51 - [MESSAGE][PASSED] - Object 'Object Repository/RAD_Pages/PaymentAmount_Page/a_Click here for details' is present

2021-11-19 10:37:51 - [TEST_STEP][PASSED] - verifyElementPresent(findTestObject(orPath_Landing + "/button_Continue"), 30): Object 'Object Repository/RAD_Pages/Landing_Page/button_Continue' is present

2021-11-19 10:37:52 - [MESSAGE][PASSED] - Object 'Object Repository/RAD_Pages/Landing_Page/button_Continue' is present

2021-11-19 10:37:52 - [TEST_STEP][PASSED] - verifyElementPresent(findTestObject(orPath_TaxPayer + "/input_businessName"), 30): Object 'Object Repository/RAD_Pages/Taxpayer_Page/input_businessName' is present

2021-11-19 10:37:52 - [MESSAGE][PASSED] - Object 'Object Repository/RAD_Pages/Taxpayer_Page/input_businessName' is present

2021-11-19 10:37:52 - [TEST_STEP][PASSED] - verifyElementPresent(findTestObject(orPath_TaxPayer + "/input_firstName"), 30): Object 'Object Repository/RAD_Pages/Taxpayer_Page/input_firstName' is present

2021-11-19 10:37:52 - [MESSAGE][PASSED] - Object 'Object Repository/RAD_Pages/Taxpayer_Page/input_firstName' is present

2021-11-19 10:37:52 - [TEST_STEP][PASSED] - verifyElementPresent(findTestObject(orPath_TaxPayer + "/input_middleName"), 30): Object 'Object Repository/RAD_Pages/Taxpayer_Page/input_middleName' is present

2021-11-19 10:37:52 - [MESSAGE][PASSED] - Object 'Object Repository/RAD_Pages/Taxpayer_Page/input_middleName' is present

2021-11-19 10:37:52 - [TEST_STEP][PASSED] - verifyElementPresent(findTestObject(orPath_TaxPayer + "/input_lastName"), 30): Object 'Object Repository/RAD_Pages/Taxpayer_Page/input_lastName' is present

2021-11-19 10:37:53 - [MESSAGE][PASSED] - Object 'Object Repository/RAD_Pages/Taxpayer_Page/input_lastName' is present

2021-11-19 10:37:53 - [TEST_STEP][PASSED] - verifyElementPresent(findTestObject(orPath_TaxPayer + "/input_suffix"), 30): Object 'Object Repository/RAD_Pages/Taxpayer_Page/input_suffix' is present

2021-11-19 10:37:53 - [MESSAGE][PASSED] - Object 'Object Repository/RAD_Pages/Taxpayer_Page/input_suffix' is present

2021-11-19 10:37:53 - [TEST_STEP][PASSED] - verifyElementPresent(findTestObject(orPath_AddressContact + "/select_Country"), 30): Object 'Object Repository/RAD_Pages/AddressAndContactInfo_Page/select_Country' is present

2021-11-19 10:37:53 - [MESSAGE][PASSED] - Object 'Object Repository/RAD_Pages/AddressAndContactInfo_Page/select_Country' is present

2021-11-19 10:37:53 - [TEST_STEP][PASSED] - verifyElementPresent(findTestObject(orPath_AddressContact + "/input_streetAddress1"), 30): Object 'Object Repository/RAD_Pages/AddressAndContactInfo_Page/input_streetAddress1' is present

2021-11-19 10:37:54 - [MESSAGE][PASSED] - Object 'Object Repository/RAD_Pages/AddressAndContactInfo_Page/input_streetAddress1' is present

2021-11-19 10:37:54 - [TEST_STEP][PASSED] - verifyElementPresent(findTestObject(orPath_AddressContact + "/input_streetAddress2"), 30): Object 'Object Repository/RAD_Pages/AddressAndContactInfo_Page/input_streetAddress2' is present

2021-11-19 10:37:54 - [MESSAGE][PASSED] - Object 'Object Repository/RAD_Pages/AddressAndContactInfo_Page/input_streetAddress2' is present

2021-11-19 10:37:54 - [TEST_STEP][PASSED] - verifyElementPresent(findTestObject(orPath_AddressContact + "/input_city"), 30): Object 'Object Repository/RAD_Pages/AddressAndContactInfo_Page/input_city' is present

2021-11-19 10:37:54 - [MESSAGE][PASSED] - Object 'Object Repository/RAD_Pages/AddressAndContactInfo_Page/input_city' is present

2021-11-19 10:37:54 - [TEST_STEP][PASSED] - verifyElementPresent(findTestObject(orPath_AddressContact + "/select_State"), 30): Object 'Object Repository/RAD_Pages/AddressAndContactInfo_Page/select_State' is present

2021-11-19 10:37:54 - [MESSAGE][PASSED] - Object 'Object Repository/RAD_Pages/AddressAndContactInfo_Page/select_State' is present

2021-11-19 10:37:54 - [TEST_STEP][PASSED] - verifyElementPresent(findTestObject(orPath_AddressContact + "/input_zipCode"), 30): Object 'Object Repository/RAD_Pages/AddressAndContactInfo_Page/input_zipCode' is present

2021-11-19 10:37:55 - [MESSAGE][PASSED] - Object 'Object Repository/RAD_Pages/AddressAndContactInfo_Page/input_zipCode' is present

2021-11-19 10:37:55 - [TEST_STEP][PASSED] - verifyElementPresent(findTestObject(orPath_AddressContact + "/input_phoneNumber"), 30): Object 'Object Repository/RAD_Pages/AddressAndContactInfo_Page/input_phoneNumber' is present

2021-11-19 10:37:55 - [MESSAGE][PASSED] - Object 'Object Repository/RAD_Pages/AddressAndContactInfo_Page/input_phoneNumber' is present

2021-11-19 10:37:55 - [TEST_STEP][PASSED] - verifyElementPresent(findTestObject(orPath_AddressContact + "/input_eMailAddress"), 30): Object 'Object Repository/RAD_Pages/AddressAndContactInfo_Page/input_eMailAddress' is present

2021-11-19 10:37:55 - [MESSAGE][PASSED] - Object 'Object Repository/RAD_Pages/AddressAndContactInfo_Page/input_eMailAddress' is present

2021-11-19 10:37:55 - [TEST_STEP][PASSED] - verifyElementPresent(findTestObject(orPath_AddressContact + "/input_reEnterEMailAddress"), 30): Object 'Object Repository/RAD_Pages/AddressAndContactInfo_Page/input_reEnterEMailAddress' is present

2021-11-19 10:37:56 - [MESSAGE][PASSED] - Object 'Object Repository/RAD_Pages/AddressAndContactInfo_Page/input_reEnterEMailAddress' is present

2021-11-19 10:37:56 - [TEST_STEP][PASSED] - verifyOptionsPresent(findTestObject(orPath_AddressContact + "/select_Country"), ["United States"]): Options [United States] present.

2021-11-19 10:37:56 - [MESSAGE][PASSED] - Options [United States] present.

2021-11-19 10:37:56 - [TEST_STEP][PASSED] - verifyOptionsPresent(findTestObject(orPath_AddressContact + "/select_State"), ["Alabama", "District of Columbia", "Maryland", "Virginia", "Wyoming"]): Options [Alabama, District of Columbia, Maryland, Virginia, Wyoming] present.

2021-11-19 10:37:58 - [MESSAGE][PASSED] - Options [Alabama, District of Columbia, Maryland, Virginia, Wyoming] present.

2021-11-19 10:37:58 - [TEST_STEP][PASSED] - totalOptionsState = getNumberOfTotalOption(findTestObject(orPath_AddressContact + "/select_State")): 52 options of object 'Object Repository/RAD_Pages/AddressAndContactInfo_Page/select_State' counted

2021-11-19 10:37:58 - [MESSAGE][PASSED] - 52 options of object 'Object Repository/RAD_Pages/AddressAndContactInfo_Page/select_State' counted

2021-11-19 10:37:58 - [TEST_STEP][PASSED] - verifyEqual(totalOptionsState, 52): Actual object '52' and expected object '52' are equal

2021-11-19 10:37:58 - [MESSAGE][PASSED] - Actual object '52' and expected object '52' are equal

2021-11-19 10:37:58 - [TEST_STEP][PASSED] - verifyElementPresent(findTestObject(orPath_TaxInfo + "/input_FEIN"), 30): Object 'Object Repository/RAD_Pages/TaxInfo_Page/input_FEIN' is present

2021-11-19 10:37:59 - [MESSAGE][PASSED] - Object 'Object Repository/RAD_Pages/TaxInfo_Page/input_FEIN' is present

2021-11-19 10:37:59 - [TEST_STEP][PASSED] - verifyElementPresent(findTestObject(orPath_TaxInfo + "/input_ReTypeFEIN"), 30): Object 'Object Repository/RAD_Pages/TaxInfo_Page/input_ReTypeFEIN' is present

2021-11-19 10:37:59 - [MESSAGE][PASSED] - Object 'Object Repository/RAD_Pages/TaxInfo_Page/input_ReTypeFEIN' is present

2021-11-19 10:37:59 - [TEST_STEP][PASSED] - verifyElementPresent(findTestObject(orPath_TaxInfo + "/input_MDCRegistration"), 30): Object 'Object Repository/RAD_Pages/TaxInfo_Page/input_MDCRegistration' is present

2021-11-19 10:37:59 - [MESSAGE][PASSED] - Object 'Object Repository/RAD_Pages/TaxInfo_Page/input_MDCRegistration' is present

2021-11-19 10:37:59 - [TEST_STEP][PASSED] - scrollToElement(findTestObject(orPath_Withholding + "/input_acceleratedBasis_Yes"), 3): Scroll to object 'Object Repository/RAD_Pages/Withholding_Page/input_acceleratedBasis_Yes' successfully

2021-11-19 10:38:00 - [MESSAGE][PASSED] - Scroll to object 'Object Repository/RAD_Pages/Withholding_Page/input_acceleratedBasis_Yes' successfully

2021-11-19 10:38:00 - [TEST_STEP][PASSED] - verifyElementPresent(findTestObject(orPath_Withholding + "/input_acceleratedBasis_Yes"), 30): Object 'Object Repository/RAD_Pages/Withholding_Page/input_acceleratedBasis_Yes' is present

2021-11-19 10:38:00 - [MESSAGE][PASSED] - Object 'Object Repository/RAD_Pages/Withholding_Page/input_acceleratedBasis_Yes' is present

2021-11-19 10:38:00 - [TEST_STEP][PASSED] - verifyElementPresent(findTestObject(orPath_Withholding + "/input_acceleratedBasis_No"), 30): Object 'Object Repository/RAD_Pages/Withholding_Page/input_acceleratedBasis_No' is present

2021-11-19 10:38:00 - [MESSAGE][PASSED] - Object 'Object Repository/RAD_Pages/Withholding_Page/input_acceleratedBasis_No' is present

2021-11-19 10:38:00 - [TEST_STEP][PASSED] - verifyElementPresent(findTestObject(orPath_Withholding + "/input_PayDate"), 30): Object 'Object Repository/RAD_Pages/Withholding_Page/input_PayDate' is present

2021-11-19 10:38:01 - [MESSAGE][PASSED] - Object 'Object Repository/RAD_Pages/Withholding_Page/input_PayDate' is present

2021-11-19 10:38:01 - [TEST_STEP][PASSED] - verifyElementPresent(findTestObject(orPath_Withholding + "/input__WithholdingTaxReported"), 30): Object 'Object Repository/RAD_Pages/Withholding_Page/input__WithholdingTaxReported' is present

2021-11-19 10:38:01 - [MESSAGE][PASSED] - Object 'Object Repository/RAD_Pages/Withholding_Page/input__WithholdingTaxReported' is present

2021-11-19 10:38:01 - [TEST_STEP][PASSED] - scrollToElement(findTestObject(orPath_Withholding + "/input_acceleratedBasis_No"), 3): Scroll to object 'Object Repository/RAD_Pages/Withholding_Page/input_acceleratedBasis_No' successfully

2021-11-19 10:38:01 - [MESSAGE][PASSED] - Scroll to object 'Object Repository/RAD_Pages/Withholding_Page/input_acceleratedBasis_No' successfully

2021-11-19 10:38:01 - [TEST_STEP][PASSED] - click(findTestObject(orPath_Withholding + "/input_acceleratedBasis_No")): Object: 'Object Repository/RAD_Pages/Withholding_Page/input_acceleratedBasis_No' is clicked on

2021-11-19 10:38:02 - [MESSAGE][PASSED] - Object: 'Object Repository/RAD_Pages/Withholding_Page/input_acceleratedBasis_No' is clicked on

2021-11-19 10:38:02 - [TEST_STEP][PASSED] - verifyElementPresent(findTestObject(orPath_Withholding + "/select_Month"), 30): Object 'Object Repository/RAD_Pages/Withholding_Page/select_Month' is present

2021-11-19 10:38:02 - [MESSAGE][PASSED] - Object 'Object Repository/RAD_Pages/Withholding_Page/select_Month' is present

2021-11-19 10:38:02 - [TEST_STEP][PASSED] - verifyElementPresent(findTestObject(orPath_Withholding + "/input__WithholdingTaxReported"), 30): Object 'Object Repository/RAD_Pages/Withholding_Page/input__WithholdingTaxReported' is present

2021-11-19 10:38:02 - [MESSAGE][PASSED] - Object 'Object Repository/RAD_Pages/Withholding_Page/input__WithholdingTaxReported' is present

2021-11-19 10:38:02 - [TEST_STEP][PASSED] - totalOptionsPeriodEnding = getNumberOfTotalOption(findTestObject(orPath_Withholding + "/select_Month")): 13 options of object 'Object Repository/RAD_Pages/Withholding_Page/select_Month' counted

2021-11-19 10:38:03 - [MESSAGE][PASSED] - 13 options of object 'Object Repository/RAD_Pages/Withholding_Page/select_Month' counted

2021-11-19 10:38:03 - [TEST_STEP][PASSED] - verifyEqual(totalOptionsPeriodEnding, 13): Actual object '13' and expected object '13' are equal

2021-11-19 10:38:03 - [MESSAGE][PASSED] - Actual object '13' and expected object '13' are equal

2021-11-19 10:38:03 - [TEST_STEP][PASSED] - verifyOptionsPresent(findTestObject(orPath_Withholding + "/select_Month"), ["January", "February", "March", "April", "May", "June"]): Options [January, February, March, April, May, June] present.

2021-11-19 10:38:04 - [MESSAGE][PASSED] - Options [January, February, March, April, May, June] present.

2021-11-19 10:38:04 - [TEST_STEP][PASSED] - verifyOptionsPresent(findTestObject(orPath_Withholding + "/select_Month"), ["July", "August", "September", "October", "November", "December"]): Options [July, August, September, October, November, December] present.

2021-11-19 10:38:04 - [MESSAGE][PASSED] - Options [July, August, September, October, November, December] present.

2021-11-19 10:38:04 - [TEST_STEP][PASSED] - verifyElementPresent(findTestObject(orPath_Amount + "/input__paymentAmount"), 30): Object 'Object Repository/RAD_Pages/PaymentAmount_Page/input__paymentAmount' is present

2021-11-19 10:38:05 - [MESSAGE][PASSED] - Object 'Object Repository/RAD_Pages/PaymentAmount_Page/input__paymentAmount' is present]]></system-out>
         <system-err><![CDATA[]]></system-err>
      </testcase>
      <testcase name="Test Cases/RAD_TestCases/UI_TestCases/SalesAndUse_UI_TC" time="44.684" classname="Test Cases/RAD_TestCases/UI_TestCases/SalesAndUse_UI_TC" status="PASSED">
         <system-out><![CDATA[2021-11-19 10:38:05 - [TEST_CASE][PASSED] - Test Cases/RAD_TestCases/UI_TestCases/SalesAndUse_UI_TC: Test Cases/RAD_TestCases/UI_TestCases/SalesAndUse_UI_TC

2021-11-19 10:38:05 - [TEST_STEP][PASSED] - openBrowser(""): Browser is opened with url: ''

2021-11-19 10:38:05 - [MESSAGE][WARNING] - A browser is already opened. Closing browser and opening a new one

2021-11-19 10:38:06 - [MESSAGE][INFO] - Starting 'Chrome' driver

2021-11-19 10:38:06 - [MESSAGE][INFO] - User set preference: ['acceptInsecureCerts', 'true']

2021-11-19 10:38:06 - [MESSAGE][INFO] - Action delay is set to 0 milliseconds

2021-11-19 10:38:07 - [MESSAGE][PASSED] - Browser is opened with url: ''

2021-11-19 10:38:07 - [TEST_STEP][PASSED] - maximizeWindow(): Current window maximized

2021-11-19 10:38:07 - [MESSAGE][PASSED] - Current window maximized

2021-11-19 10:38:07 - [TEST_STEP][PASSED] - navigateToUrl(RADurl): Navigate to 'https://qa.velocitypayment.com/client/rad/index.html' successfully

2021-11-19 10:38:09 - [MESSAGE][PASSED] - Navigate to 'https://qa.velocitypayment.com/client/rad/index.html' successfully

2021-11-19 10:38:09 - [TEST_STEP][PASSED] - orPath_Landing = "Object Repository/RAD_Pages/Landing_Page": null

2021-11-19 10:38:09 - [TEST_STEP][PASSED] - orPath_TaxTypeFilingYear = "Object Repository/RAD_Pages/TaxTypeFilingYear_Page": null

2021-11-19 10:38:09 - [TEST_STEP][PASSED] - orPath_TaxPayer = "Object Repository/RAD_Pages/Taxpayer_Page": null

2021-11-19 10:38:09 - [TEST_STEP][PASSED] - orPath_AddressContact = "Object Repository/RAD_Pages/AddressAndContactInfo_Page": null

2021-11-19 10:38:09 - [TEST_STEP][PASSED] - orPath_TaxInfo = "Object Repository/RAD_Pages/TaxInfo_Page": null

2021-11-19 10:38:09 - [TEST_STEP][PASSED] - orPath_Withholding = "Object Repository/RAD_Pages/Withholding_Page": null

2021-11-19 10:38:09 - [TEST_STEP][PASSED] - orPath_FilingStatus = "Object Repository/RAD_Pages/FilingStatus_Page": null

2021-11-19 10:38:09 - [TEST_STEP][PASSED] - orPath_Amount = "Object Repository/RAD_Pages/PaymentAmount_Page": null

2021-11-19 10:38:09 - [TEST_STEP][PASSED] - orPath_SalesTaxReturnInfo = "Object Repository/RAD_Pages/SalesTaxReturnInfo_Page": null

2021-11-19 10:38:09 - [TEST_STEP][PASSED] - selectOptionByLabel(findTestObject(orPath_Landing + "/dd_TaxType"), "Sales and Use", false): All options with label 'Sales and Use' are selected in object 'Object Repository/RAD_Pages/Landing_Page/dd_TaxType' 

2021-11-19 10:38:10 - [MESSAGE][PASSED] - All options with label 'Sales and Use' are selected in object 'Object Repository/RAD_Pages/Landing_Page/dd_TaxType' 

2021-11-19 10:38:10 - [TEST_STEP][PASSED] - verifyElementPresent(findTestObject(orPath_TaxTypeFilingYear + "/select_FilingYear"), 30): Object 'Object Repository/RAD_Pages/TaxTypeFilingYear_Page/select_FilingYear' is present

2021-11-19 10:38:10 - [MESSAGE][PASSED] - Object 'Object Repository/RAD_Pages/TaxTypeFilingYear_Page/select_FilingYear' is present

2021-11-19 10:38:10 - [TEST_STEP][PASSED] - totalOptionsFilingYear = getNumberOfTotalOption(findTestObject(orPath_TaxTypeFilingYear + "/select_FilingYear")): 5 options of object 'Object Repository/RAD_Pages/TaxTypeFilingYear_Page/select_FilingYear' counted

2021-11-19 10:38:11 - [MESSAGE][PASSED] - 5 options of object 'Object Repository/RAD_Pages/TaxTypeFilingYear_Page/select_FilingYear' counted

2021-11-19 10:38:11 - [TEST_STEP][PASSED] - verifyEqual(totalOptionsFilingYear, 5): Actual object '5' and expected object '5' are equal

2021-11-19 10:38:11 - [MESSAGE][PASSED] - Actual object '5' and expected object '5' are equal

2021-11-19 10:38:11 - [TEST_STEP][PASSED] - verifyOptionsPresent(findTestObject(orPath_TaxTypeFilingYear + "/select_FilingYear"), ["2022", "2021", "2020", "2019"]): Options [2022, 2021, 2020, 2019] present.

2021-11-19 10:38:12 - [MESSAGE][PASSED] - Options [2022, 2021, 2020, 2019] present.

2021-11-19 10:38:12 - [TEST_STEP][PASSED] - verifyElementPresent(findTestObject(orPath_TaxTypeFilingYear + "/select_PeriodEnding"), 30): Object 'Object Repository/RAD_Pages/TaxTypeFilingYear_Page/select_PeriodEnding' is present

2021-11-19 10:38:12 - [MESSAGE][PASSED] - Object 'Object Repository/RAD_Pages/TaxTypeFilingYear_Page/select_PeriodEnding' is present

2021-11-19 10:38:12 - [TEST_STEP][PASSED] - totalOptionsPeriodEnding = getNumberOfTotalOption(findTestObject(orPath_TaxTypeFilingYear + "/select_PeriodEnding")): 13 options of object 'Object Repository/RAD_Pages/TaxTypeFilingYear_Page/select_PeriodEnding' counted

2021-11-19 10:38:13 - [MESSAGE][PASSED] - 13 options of object 'Object Repository/RAD_Pages/TaxTypeFilingYear_Page/select_PeriodEnding' counted

2021-11-19 10:38:13 - [TEST_STEP][PASSED] - verifyEqual(totalOptionsPeriodEnding, 13): Actual object '13' and expected object '13' are equal

2021-11-19 10:38:13 - [MESSAGE][PASSED] - Actual object '13' and expected object '13' are equal

2021-11-19 10:38:13 - [TEST_STEP][PASSED] - verifyOptionsPresent(findTestObject(orPath_TaxTypeFilingYear + "/select_PeriodEnding"), ["January", "February", "March", "April", "May", "June"]): Options [January, February, March, April, May, June] present.

2021-11-19 10:38:13 - [MESSAGE][PASSED] - Options [January, February, March, April, May, June] present.

2021-11-19 10:38:13 - [TEST_STEP][PASSED] - verifyOptionsPresent(findTestObject(orPath_TaxTypeFilingYear + "/select_PeriodEnding"), ["July", "August", "September", "October", "November", "December"]): Options [July, August, September, October, November, December] present.

2021-11-19 10:38:14 - [MESSAGE][PASSED] - Options [July, August, September, October, November, December] present.

2021-11-19 10:38:14 - [TEST_STEP][PASSED] - verifyTextPresent("Tax Type/Filing Year", true): Text 'Tax Type/Filing Year' is present on page  using regular expression

2021-11-19 10:38:14 - [MESSAGE][PASSED] - Text 'Tax Type/Filing Year' is present on page  using regular expression

2021-11-19 10:38:14 - [TEST_STEP][PASSED] - verifyTextPresent("Taxpayer", true): Text 'Taxpayer' is present on page  using regular expression

2021-11-19 10:38:15 - [MESSAGE][PASSED] - Text 'Taxpayer' is present on page  using regular expression

2021-11-19 10:38:15 - [TEST_STEP][PASSED] - verifyTextPresent("Provide the following taxpayer information", true): Text 'Provide the following taxpayer information' is present on page  using regular expression

2021-11-19 10:38:15 - [MESSAGE][PASSED] - Text 'Provide the following taxpayer information' is present on page  using regular expression

2021-11-19 10:38:15 - [TEST_STEP][PASSED] - verifyTextPresent("Note: If you are paying on behalf of the Taxpayer, enter Taxpayer", true): Text 'Note: If you are paying on behalf of the Taxpayer, enter Taxpayer' is present on page  using regular expression

2021-11-19 10:38:16 - [MESSAGE][PASSED] - Text 'Note: If you are paying on behalf of the Taxpayer, enter Taxpayer' is present on page  using regular expression

2021-11-19 10:38:16 - [TEST_STEP][PASSED] - verifyTextPresent("information here. If you are making a payment for the Taxpayer, you will be required later to enter your own credit card, billing address and other pertinent information", true): Text 'information here. If you are making a payment for the Taxpayer, you will be required later to enter your own credit card, billing address and other pertinent information' is present on page  using regular expression

2021-11-19 10:38:16 - [MESSAGE][PASSED] - Text 'information here. If you are making a payment for the Taxpayer, you will be required later to enter your own credit card, billing address and other pertinent information' is present on page  using regular expression

2021-11-19 10:38:16 - [TEST_STEP][PASSED] - verifyTextPresent("Address and Contact Information", true): Text 'Address and Contact Information' is present on page  using regular expression

2021-11-19 10:38:16 - [MESSAGE][PASSED] - Text 'Address and Contact Information' is present on page  using regular expression

2021-11-19 10:38:16 - [TEST_STEP][PASSED] - verifyTextPresent("Enter the taxpayer", true): Text 'Enter the taxpayer' is present on page  using regular expression

2021-11-19 10:38:17 - [MESSAGE][PASSED] - Text 'Enter the taxpayer' is present on page  using regular expression

2021-11-19 10:38:17 - [TEST_STEP][PASSED] - verifyTextPresent("address and contact information", true): Text 'address and contact information' is present on page  using regular expression

2021-11-19 10:38:17 - [MESSAGE][PASSED] - Text 'address and contact information' is present on page  using regular expression

2021-11-19 10:38:17 - [TEST_STEP][PASSED] - verifyTextPresent("Tax Information", true): Text 'Tax Information' is present on page  using regular expression

2021-11-19 10:38:18 - [MESSAGE][PASSED] - Text 'Tax Information' is present on page  using regular expression

2021-11-19 10:38:18 - [TEST_STEP][PASSED] - verifyTextPresent("Sales Tax Return Information", true): Text 'Sales Tax Return Information' is present on page  using regular expression

2021-11-19 10:38:18 - [MESSAGE][PASSED] - Text 'Sales Tax Return Information' is present on page  using regular expression

2021-11-19 10:38:18 - [TEST_STEP][PASSED] - verifyTextPresent("Check here if you are a marketplace facilitator", true): Text 'Check here if you are a marketplace facilitator' is present on page  using regular expression

2021-11-19 10:38:18 - [MESSAGE][PASSED] - Text 'Check here if you are a marketplace facilitator' is present on page  using regular expression

2021-11-19 10:38:18 - [TEST_STEP][PASSED] - verifyTextPresent("Check here if you are a person that engages in the business of an out-of-state vendor and in the previous calendar year you either", true): Text 'Check here if you are a person that engages in the business of an out-of-state vendor and in the previous calendar year you either' is present on page  using regular expression

2021-11-19 10:38:19 - [MESSAGE][PASSED] - Text 'Check here if you are a person that engages in the business of an out-of-state vendor and in the previous calendar year you either' is present on page  using regular expression

2021-11-19 10:38:19 - [TEST_STEP][PASSED] - verifyTextPresent("in gross revenue from the sale of tangible personal property or taxable services delivered in the State", true): Text 'in gross revenue from the sale of tangible personal property or taxable services delivered in the State' is present on page  using regular expression

2021-11-19 10:38:19 - [MESSAGE][PASSED] - Text 'in gross revenue from the sale of tangible personal property or taxable services delivered in the State' is present on page  using regular expression

2021-11-19 10:38:19 - [TEST_STEP][PASSED] - verifyTextPresent("sold tangible personal property or taxable services for delivery into the State in 200 or more separate transactions", true): Text 'sold tangible personal property or taxable services for delivery into the State in 200 or more separate transactions' is present on page  using regular expression

2021-11-19 10:38:20 - [MESSAGE][PASSED] - Text 'sold tangible personal property or taxable services for delivery into the State in 200 or more separate transactions' is present on page  using regular expression

2021-11-19 10:38:20 - [TEST_STEP][PASSED] - verifyTextPresent("Maryland Form 202", true): Text 'Maryland Form 202' is present on page  using regular expression

2021-11-19 10:38:20 - [MESSAGE][PASSED] - Text 'Maryland Form 202' is present on page  using regular expression

2021-11-19 10:38:20 - [TEST_STEP][PASSED] - verifyTextPresent("Refer to your Maryland Sales Tax Instructions to complete the following", true): Text 'Refer to your Maryland Sales Tax Instructions to complete the following' is present on page  using regular expression

2021-11-19 10:38:20 - [MESSAGE][PASSED] - Text 'Refer to your Maryland Sales Tax Instructions to complete the following' is present on page  using regular expression

2021-11-19 10:38:20 - [TEST_STEP][PASSED] - verifyTextPresent("Lines 19.a. through 19.c. are for returns with period end dates later than 7-1-2013", true): Text 'Lines 19.a. through 19.c. are for returns with period end dates later than 7-1-2013' is present on page  using regular expression

2021-11-19 10:38:21 - [MESSAGE][PASSED] - Text 'Lines 19.a. through 19.c. are for returns with period end dates later than 7-1-2013' is present on page  using regular expression

2021-11-19 10:38:21 - [TEST_STEP][PASSED] - verifyTextPresent("Payment Amount", true): Text 'Payment Amount' is present on page  using regular expression

2021-11-19 10:38:21 - [MESSAGE][PASSED] - Text 'Payment Amount' is present on page  using regular expression

2021-11-19 10:38:21 - [TEST_STEP][PASSED] - verifyTextPresent("Service Fee: This electronic government service includes a service/convenience fee. Click here for details", true): Text 'Service Fee: This electronic government service includes a service/convenience fee. Click here for details' is present on page  using regular expression

2021-11-19 10:38:22 - [MESSAGE][PASSED] - Text 'Service Fee: This electronic government service includes a service/convenience fee. Click here for details' is present on page  using regular expression

2021-11-19 10:38:22 - [TEST_STEP][PASSED] - verifyElementPresent(findTestObject(orPath_Amount + "/a_Click here for details"), 30): Object 'Object Repository/RAD_Pages/PaymentAmount_Page/a_Click here for details' is present

2021-11-19 10:38:22 - [MESSAGE][PASSED] - Object 'Object Repository/RAD_Pages/PaymentAmount_Page/a_Click here for details' is present

2021-11-19 10:38:22 - [TEST_STEP][PASSED] - verifyElementPresent(findTestObject(orPath_Landing + "/button_Continue"), 30): Object 'Object Repository/RAD_Pages/Landing_Page/button_Continue' is present

2021-11-19 10:38:22 - [MESSAGE][PASSED] - Object 'Object Repository/RAD_Pages/Landing_Page/button_Continue' is present

2021-11-19 10:38:22 - [TEST_STEP][PASSED] - verifyElementPresent(findTestObject(orPath_TaxPayer + "/input_businessName"), 30): Object 'Object Repository/RAD_Pages/Taxpayer_Page/input_businessName' is present

2021-11-19 10:38:23 - [MESSAGE][PASSED] - Object 'Object Repository/RAD_Pages/Taxpayer_Page/input_businessName' is present

2021-11-19 10:38:23 - [TEST_STEP][PASSED] - verifyElementPresent(findTestObject(orPath_TaxPayer + "/input_firstName"), 30): Object 'Object Repository/RAD_Pages/Taxpayer_Page/input_firstName' is present

2021-11-19 10:38:23 - [MESSAGE][PASSED] - Object 'Object Repository/RAD_Pages/Taxpayer_Page/input_firstName' is present

2021-11-19 10:38:23 - [TEST_STEP][PASSED] - verifyElementPresent(findTestObject(orPath_TaxPayer + "/input_middleName"), 30): Object 'Object Repository/RAD_Pages/Taxpayer_Page/input_middleName' is present

2021-11-19 10:38:23 - [MESSAGE][PASSED] - Object 'Object Repository/RAD_Pages/Taxpayer_Page/input_middleName' is present

2021-11-19 10:38:23 - [TEST_STEP][PASSED] - verifyElementPresent(findTestObject(orPath_TaxPayer + "/input_lastName"), 30): Object 'Object Repository/RAD_Pages/Taxpayer_Page/input_lastName' is present

2021-11-19 10:38:24 - [MESSAGE][PASSED] - Object 'Object Repository/RAD_Pages/Taxpayer_Page/input_lastName' is present

2021-11-19 10:38:24 - [TEST_STEP][PASSED] - verifyElementPresent(findTestObject(orPath_TaxPayer + "/input_suffix"), 30): Object 'Object Repository/RAD_Pages/Taxpayer_Page/input_suffix' is present

2021-11-19 10:38:24 - [MESSAGE][PASSED] - Object 'Object Repository/RAD_Pages/Taxpayer_Page/input_suffix' is present

2021-11-19 10:38:24 - [TEST_STEP][PASSED] - verifyElementPresent(findTestObject(orPath_AddressContact + "/select_Country"), 30): Object 'Object Repository/RAD_Pages/AddressAndContactInfo_Page/select_Country' is present

2021-11-19 10:38:24 - [MESSAGE][PASSED] - Object 'Object Repository/RAD_Pages/AddressAndContactInfo_Page/select_Country' is present

2021-11-19 10:38:24 - [TEST_STEP][PASSED] - verifyElementPresent(findTestObject(orPath_AddressContact + "/input_streetAddress1"), 30): Object 'Object Repository/RAD_Pages/AddressAndContactInfo_Page/input_streetAddress1' is present

2021-11-19 10:38:25 - [MESSAGE][PASSED] - Object 'Object Repository/RAD_Pages/AddressAndContactInfo_Page/input_streetAddress1' is present

2021-11-19 10:38:25 - [TEST_STEP][PASSED] - verifyElementPresent(findTestObject(orPath_AddressContact + "/input_streetAddress2"), 30): Object 'Object Repository/RAD_Pages/AddressAndContactInfo_Page/input_streetAddress2' is present

2021-11-19 10:38:25 - [MESSAGE][PASSED] - Object 'Object Repository/RAD_Pages/AddressAndContactInfo_Page/input_streetAddress2' is present

2021-11-19 10:38:25 - [TEST_STEP][PASSED] - verifyElementPresent(findTestObject(orPath_AddressContact + "/input_city"), 30): Object 'Object Repository/RAD_Pages/AddressAndContactInfo_Page/input_city' is present

2021-11-19 10:38:25 - [MESSAGE][PASSED] - Object 'Object Repository/RAD_Pages/AddressAndContactInfo_Page/input_city' is present

2021-11-19 10:38:25 - [TEST_STEP][PASSED] - verifyElementPresent(findTestObject(orPath_AddressContact + "/select_State"), 30): Object 'Object Repository/RAD_Pages/AddressAndContactInfo_Page/select_State' is present

2021-11-19 10:38:26 - [MESSAGE][PASSED] - Object 'Object Repository/RAD_Pages/AddressAndContactInfo_Page/select_State' is present

2021-11-19 10:38:26 - [TEST_STEP][PASSED] - verifyElementPresent(findTestObject(orPath_AddressContact + "/input_zipCode"), 30): Object 'Object Repository/RAD_Pages/AddressAndContactInfo_Page/input_zipCode' is present

2021-11-19 10:38:26 - [MESSAGE][PASSED] - Object 'Object Repository/RAD_Pages/AddressAndContactInfo_Page/input_zipCode' is present

2021-11-19 10:38:26 - [TEST_STEP][PASSED] - verifyElementPresent(findTestObject(orPath_AddressContact + "/input_phoneNumber"), 30): Object 'Object Repository/RAD_Pages/AddressAndContactInfo_Page/input_phoneNumber' is present

2021-11-19 10:38:26 - [MESSAGE][PASSED] - Object 'Object Repository/RAD_Pages/AddressAndContactInfo_Page/input_phoneNumber' is present

2021-11-19 10:38:26 - [TEST_STEP][PASSED] - verifyElementPresent(findTestObject(orPath_AddressContact + "/input_eMailAddress"), 30): Object 'Object Repository/RAD_Pages/AddressAndContactInfo_Page/input_eMailAddress' is present

2021-11-19 10:38:26 - [MESSAGE][PASSED] - Object 'Object Repository/RAD_Pages/AddressAndContactInfo_Page/input_eMailAddress' is present

2021-11-19 10:38:26 - [TEST_STEP][PASSED] - verifyElementPresent(findTestObject(orPath_AddressContact + "/input_reEnterEMailAddress"), 30): Object 'Object Repository/RAD_Pages/AddressAndContactInfo_Page/input_reEnterEMailAddress' is present

2021-11-19 10:38:27 - [MESSAGE][PASSED] - Object 'Object Repository/RAD_Pages/AddressAndContactInfo_Page/input_reEnterEMailAddress' is present

2021-11-19 10:38:27 - [TEST_STEP][PASSED] - verifyOptionsPresent(findTestObject(orPath_AddressContact + "/select_Country"), ["United States"]): Options [United States] present.

2021-11-19 10:38:27 - [MESSAGE][PASSED] - Options [United States] present.

2021-11-19 10:38:27 - [TEST_STEP][PASSED] - verifyOptionsPresent(findTestObject(orPath_AddressContact + "/select_State"), ["Alabama", "District of Columbia", "Maryland", "Virginia", "Wyoming"]): Options [Alabama, District of Columbia, Maryland, Virginia, Wyoming] present.

2021-11-19 10:38:29 - [MESSAGE][PASSED] - Options [Alabama, District of Columbia, Maryland, Virginia, Wyoming] present.

2021-11-19 10:38:29 - [TEST_STEP][PASSED] - totalOptionsState = getNumberOfTotalOption(findTestObject(orPath_AddressContact + "/select_State")): 52 options of object 'Object Repository/RAD_Pages/AddressAndContactInfo_Page/select_State' counted

2021-11-19 10:38:29 - [MESSAGE][PASSED] - 52 options of object 'Object Repository/RAD_Pages/AddressAndContactInfo_Page/select_State' counted

2021-11-19 10:38:29 - [TEST_STEP][PASSED] - verifyEqual(totalOptionsState, 52): Actual object '52' and expected object '52' are equal

2021-11-19 10:38:29 - [MESSAGE][PASSED] - Actual object '52' and expected object '52' are equal

2021-11-19 10:38:29 - [TEST_STEP][PASSED] - verifyElementPresent(findTestObject(orPath_TaxInfo + "/input_FEIN"), 30): Object 'Object Repository/RAD_Pages/TaxInfo_Page/input_FEIN' is present

2021-11-19 10:38:30 - [MESSAGE][PASSED] - Object 'Object Repository/RAD_Pages/TaxInfo_Page/input_FEIN' is present

2021-11-19 10:38:30 - [TEST_STEP][PASSED] - verifyElementPresent(findTestObject(orPath_TaxInfo + "/input_ReTypeFEIN"), 30): Object 'Object Repository/RAD_Pages/TaxInfo_Page/input_ReTypeFEIN' is present

2021-11-19 10:38:30 - [MESSAGE][PASSED] - Object 'Object Repository/RAD_Pages/TaxInfo_Page/input_ReTypeFEIN' is present

2021-11-19 10:38:30 - [TEST_STEP][PASSED] - verifyElementPresent(findTestObject(orPath_TaxInfo + "/input_MDCRegistration"), 30): Object 'Object Repository/RAD_Pages/TaxInfo_Page/input_MDCRegistration' is present

2021-11-19 10:38:30 - [MESSAGE][PASSED] - Object 'Object Repository/RAD_Pages/TaxInfo_Page/input_MDCRegistration' is present

2021-11-19 10:38:30 - [TEST_STEP][PASSED] - verifyElementPresent(findTestObject(orPath_SalesTaxReturnInfo + "/input_MarketplaceFacilitator"), 30): Object 'Object Repository/RAD_Pages/SalesTaxReturnInfo_Page/input_MarketplaceFacilitator' is present

2021-11-19 10:38:31 - [MESSAGE][PASSED] - Object 'Object Repository/RAD_Pages/SalesTaxReturnInfo_Page/input_MarketplaceFacilitator' is present

2021-11-19 10:38:31 - [TEST_STEP][PASSED] - verifyElementPresent(findTestObject(orPath_SalesTaxReturnInfo + "/input_OutOfStateVendor"), 30): Object 'Object Repository/RAD_Pages/SalesTaxReturnInfo_Page/input_OutOfStateVendor' is present

2021-11-19 10:38:31 - [MESSAGE][PASSED] - Object 'Object Repository/RAD_Pages/SalesTaxReturnInfo_Page/input_OutOfStateVendor' is present

2021-11-19 10:38:31 - [TEST_STEP][PASSED] - verifyElementPresent(findTestObject(orPath_Amount + "/input__paymentAmount"), 30): Object 'Object Repository/RAD_Pages/PaymentAmount_Page/input__paymentAmount' is present

2021-11-19 10:38:31 - [MESSAGE][PASSED] - Object 'Object Repository/RAD_Pages/PaymentAmount_Page/input__paymentAmount' is present

2021-11-19 10:38:31 - [TEST_STEP][PASSED] - verifyElementPresent(findTestObject(orPath_Amount + "/input__PaymentDue1"), 30): Object 'Object Repository/RAD_Pages/PaymentAmount_Page/input__PaymentDue1' is present

2021-11-19 10:38:32 - [MESSAGE][PASSED] - Object 'Object Repository/RAD_Pages/PaymentAmount_Page/input__PaymentDue1' is present

2021-11-19 10:38:32 - [TEST_STEP][PASSED] - selectOptionByLabel(findTestObject(orPath_TaxTypeFilingYear + "/select_FilingYear"), "2019", false): All options with label '2019' are selected in object 'Object Repository/RAD_Pages/TaxTypeFilingYear_Page/select_FilingYear' 

2021-11-19 10:38:32 - [MESSAGE][PASSED] - All options with label '2019' are selected in object 'Object Repository/RAD_Pages/TaxTypeFilingYear_Page/select_FilingYear' 

2021-11-19 10:38:32 - [TEST_STEP][PASSED] - totalOptionsPeriodEnding2 = getNumberOfTotalOption(findTestObject(orPath_TaxTypeFilingYear + "/select_PeriodEnding")): 7 options of object 'Object Repository/RAD_Pages/TaxTypeFilingYear_Page/select_PeriodEnding' counted

2021-11-19 10:38:33 - [MESSAGE][PASSED] - 7 options of object 'Object Repository/RAD_Pages/TaxTypeFilingYear_Page/select_PeriodEnding' counted

2021-11-19 10:38:33 - [TEST_STEP][PASSED] - verifyEqual(totalOptionsPeriodEnding2, 7): Actual object '7' and expected object '7' are equal

2021-11-19 10:38:33 - [MESSAGE][PASSED] - Actual object '7' and expected object '7' are equal

2021-11-19 10:38:33 - [TEST_STEP][PASSED] - verifyOptionNotPresentByValue(findTestObject(orPath_TaxTypeFilingYear + "/select_PeriodEnding"), "January", false, 30): There is no option with value 'January' present in object 'Object Repository/RAD_Pages/TaxTypeFilingYear_Page/select_PeriodEnding' 

2021-11-19 10:38:34 - [MESSAGE][PASSED] - There is no option with value 'January' present in object 'Object Repository/RAD_Pages/TaxTypeFilingYear_Page/select_PeriodEnding' 

2021-11-19 10:38:34 - [TEST_STEP][PASSED] - verifyOptionNotPresentByValue(findTestObject(orPath_TaxTypeFilingYear + "/select_PeriodEnding"), "February", false, 30): There is no option with value 'February' present in object 'Object Repository/RAD_Pages/TaxTypeFilingYear_Page/select_PeriodEnding' 

2021-11-19 10:38:34 - [MESSAGE][PASSED] - There is no option with value 'February' present in object 'Object Repository/RAD_Pages/TaxTypeFilingYear_Page/select_PeriodEnding' 

2021-11-19 10:38:34 - [TEST_STEP][PASSED] - verifyOptionNotPresentByValue(findTestObject(orPath_TaxTypeFilingYear + "/select_PeriodEnding"), "March", false, 30): There is no option with value 'March' present in object 'Object Repository/RAD_Pages/TaxTypeFilingYear_Page/select_PeriodEnding' 

2021-11-19 10:38:35 - [MESSAGE][PASSED] - There is no option with value 'March' present in object 'Object Repository/RAD_Pages/TaxTypeFilingYear_Page/select_PeriodEnding' 

2021-11-19 10:38:35 - [TEST_STEP][PASSED] - verifyOptionNotPresentByValue(findTestObject(orPath_TaxTypeFilingYear + "/select_PeriodEnding"), "April", false, 30): There is no option with value 'April' present in object 'Object Repository/RAD_Pages/TaxTypeFilingYear_Page/select_PeriodEnding' 

2021-11-19 10:38:36 - [MESSAGE][PASSED] - There is no option with value 'April' present in object 'Object Repository/RAD_Pages/TaxTypeFilingYear_Page/select_PeriodEnding' 

2021-11-19 10:38:36 - [TEST_STEP][PASSED] - verifyOptionNotPresentByValue(findTestObject(orPath_TaxTypeFilingYear + "/select_PeriodEnding"), "May", false, 30): There is no option with value 'May' present in object 'Object Repository/RAD_Pages/TaxTypeFilingYear_Page/select_PeriodEnding' 

2021-11-19 10:38:36 - [MESSAGE][PASSED] - There is no option with value 'May' present in object 'Object Repository/RAD_Pages/TaxTypeFilingYear_Page/select_PeriodEnding' 

2021-11-19 10:38:36 - [TEST_STEP][PASSED] - verifyOptionNotPresentByValue(findTestObject(orPath_TaxTypeFilingYear + "/select_PeriodEnding"), "June", false, 30): There is no option with value 'June' present in object 'Object Repository/RAD_Pages/TaxTypeFilingYear_Page/select_PeriodEnding' 

2021-11-19 10:38:37 - [MESSAGE][PASSED] - There is no option with value 'June' present in object 'Object Repository/RAD_Pages/TaxTypeFilingYear_Page/select_PeriodEnding' 

2021-11-19 10:38:37 - [TEST_STEP][PASSED] - verifyOptionsPresent(findTestObject(orPath_TaxTypeFilingYear + "/select_PeriodEnding"), ["July", "August", "September", "October", "November", "December"]): Options [July, August, September, October, November, December] present.

2021-11-19 10:38:38 - [MESSAGE][PASSED] - Options [July, August, September, October, November, December] present.

2021-11-19 10:38:38 - [TEST_STEP][PASSED] - selectOptionByLabel(findTestObject(orPath_TaxTypeFilingYear + "/select_FilingYear"), "2020", false): All options with label '2020' are selected in object 'Object Repository/RAD_Pages/TaxTypeFilingYear_Page/select_FilingYear' 

2021-11-19 10:38:38 - [MESSAGE][PASSED] - All options with label '2020' are selected in object 'Object Repository/RAD_Pages/TaxTypeFilingYear_Page/select_FilingYear' 

2021-11-19 10:38:38 - [TEST_STEP][PASSED] - totalOptionsPeriodEnding3 = getNumberOfTotalOption(findTestObject(orPath_TaxTypeFilingYear + "/select_PeriodEnding")): 13 options of object 'Object Repository/RAD_Pages/TaxTypeFilingYear_Page/select_PeriodEnding' counted

2021-11-19 10:38:39 - [MESSAGE][PASSED] - 13 options of object 'Object Repository/RAD_Pages/TaxTypeFilingYear_Page/select_PeriodEnding' counted

2021-11-19 10:38:39 - [TEST_STEP][PASSED] - verifyEqual(totalOptionsPeriodEnding3, 13): Actual object '13' and expected object '13' are equal

2021-11-19 10:38:39 - [MESSAGE][PASSED] - Actual object '13' and expected object '13' are equal

2021-11-19 10:38:39 - [TEST_STEP][PASSED] - verifyOptionsPresent(findTestObject(orPath_TaxTypeFilingYear + "/select_PeriodEnding"), ["January", "February", "March", "April", "May", "June"]): Options [January, February, March, April, May, June] present.

2021-11-19 10:38:40 - [MESSAGE][PASSED] - Options [January, February, March, April, May, June] present.

2021-11-19 10:38:40 - [TEST_STEP][PASSED] - verifyOptionsPresent(findTestObject(orPath_TaxTypeFilingYear + "/select_PeriodEnding"), ["July", "August", "September", "October", "November", "December"]): Options [July, August, September, October, November, December] present.

2021-11-19 10:38:40 - [MESSAGE][PASSED] - Options [July, August, September, October, November, December] present.

2021-11-19 10:38:40 - [TEST_STEP][PASSED] - selectOptionByLabel(findTestObject(orPath_TaxTypeFilingYear + "/select_FilingYear"), "2021", false): All options with label '2021' are selected in object 'Object Repository/RAD_Pages/TaxTypeFilingYear_Page/select_FilingYear' 

2021-11-19 10:38:41 - [MESSAGE][PASSED] - All options with label '2021' are selected in object 'Object Repository/RAD_Pages/TaxTypeFilingYear_Page/select_FilingYear' 

2021-11-19 10:38:41 - [TEST_STEP][PASSED] - totalOptionsPeriodEnding4 = getNumberOfTotalOption(findTestObject(orPath_TaxTypeFilingYear + "/select_PeriodEnding")): 13 options of object 'Object Repository/RAD_Pages/TaxTypeFilingYear_Page/select_PeriodEnding' counted

2021-11-19 10:38:42 - [MESSAGE][PASSED] - 13 options of object 'Object Repository/RAD_Pages/TaxTypeFilingYear_Page/select_PeriodEnding' counted

2021-11-19 10:38:42 - [TEST_STEP][PASSED] - verifyEqual(totalOptionsPeriodEnding4, 13): Actual object '13' and expected object '13' are equal

2021-11-19 10:38:42 - [MESSAGE][PASSED] - Actual object '13' and expected object '13' are equal

2021-11-19 10:38:42 - [TEST_STEP][PASSED] - verifyOptionsPresent(findTestObject(orPath_TaxTypeFilingYear + "/select_PeriodEnding"), ["January", "February", "March", "April", "May", "June"]): Options [January, February, March, April, May, June] present.

2021-11-19 10:38:43 - [MESSAGE][PASSED] - Options [January, February, March, April, May, June] present.

2021-11-19 10:38:43 - [TEST_STEP][PASSED] - verifyOptionsPresent(findTestObject(orPath_TaxTypeFilingYear + "/select_PeriodEnding"), ["July", "August", "September", "October", "November", "December"]): Options [July, August, September, October, November, December] present.

2021-11-19 10:38:43 - [MESSAGE][PASSED] - Options [July, August, September, October, November, December] present.

2021-11-19 10:38:43 - [TEST_STEP][PASSED] - selectOptionByLabel(findTestObject(orPath_TaxTypeFilingYear + "/select_FilingYear"), "2022", false): All options with label '2022' are selected in object 'Object Repository/RAD_Pages/TaxTypeFilingYear_Page/select_FilingYear' 

2021-11-19 10:38:44 - [MESSAGE][PASSED] - All options with label '2022' are selected in object 'Object Repository/RAD_Pages/TaxTypeFilingYear_Page/select_FilingYear' 

2021-11-19 10:38:44 - [TEST_STEP][PASSED] - totalOptionsPeriodEnding5 = getNumberOfTotalOption(findTestObject(orPath_TaxTypeFilingYear + "/select_PeriodEnding")): 7 options of object 'Object Repository/RAD_Pages/TaxTypeFilingYear_Page/select_PeriodEnding' counted

2021-11-19 10:38:45 - [MESSAGE][PASSED] - 7 options of object 'Object Repository/RAD_Pages/TaxTypeFilingYear_Page/select_PeriodEnding' counted

2021-11-19 10:38:45 - [TEST_STEP][PASSED] - verifyEqual(totalOptionsPeriodEnding5, 7): Actual object '7' and expected object '7' are equal

2021-11-19 10:38:45 - [MESSAGE][PASSED] - Actual object '7' and expected object '7' are equal

2021-11-19 10:38:45 - [TEST_STEP][PASSED] - verifyOptionNotPresentByValue(findTestObject(orPath_TaxTypeFilingYear + "/select_PeriodEnding"), "July", false, 30): There is no option with value 'July' present in object 'Object Repository/RAD_Pages/TaxTypeFilingYear_Page/select_PeriodEnding' 

2021-11-19 10:38:45 - [MESSAGE][PASSED] - There is no option with value 'July' present in object 'Object Repository/RAD_Pages/TaxTypeFilingYear_Page/select_PeriodEnding' 

2021-11-19 10:38:45 - [TEST_STEP][PASSED] - verifyOptionNotPresentByValue(findTestObject(orPath_TaxTypeFilingYear + "/select_PeriodEnding"), "August", false, 30): There is no option with value 'August' present in object 'Object Repository/RAD_Pages/TaxTypeFilingYear_Page/select_PeriodEnding' 

2021-11-19 10:38:46 - [MESSAGE][PASSED] - There is no option with value 'August' present in object 'Object Repository/RAD_Pages/TaxTypeFilingYear_Page/select_PeriodEnding' 

2021-11-19 10:38:46 - [TEST_STEP][PASSED] - verifyOptionNotPresentByValue(findTestObject(orPath_TaxTypeFilingYear + "/select_PeriodEnding"), "September", false, 30): There is no option with value 'September' present in object 'Object Repository/RAD_Pages/TaxTypeFilingYear_Page/select_PeriodEnding' 

2021-11-19 10:38:47 - [MESSAGE][PASSED] - There is no option with value 'September' present in object 'Object Repository/RAD_Pages/TaxTypeFilingYear_Page/select_PeriodEnding' 

2021-11-19 10:38:47 - [TEST_STEP][PASSED] - verifyOptionNotPresentByValue(findTestObject(orPath_TaxTypeFilingYear + "/select_PeriodEnding"), "October", false, 30): There is no option with value 'October' present in object 'Object Repository/RAD_Pages/TaxTypeFilingYear_Page/select_PeriodEnding' 

2021-11-19 10:38:47 - [MESSAGE][PASSED] - There is no option with value 'October' present in object 'Object Repository/RAD_Pages/TaxTypeFilingYear_Page/select_PeriodEnding' 

2021-11-19 10:38:47 - [TEST_STEP][PASSED] - verifyOptionNotPresentByValue(findTestObject(orPath_TaxTypeFilingYear + "/select_PeriodEnding"), "November", false, 30): There is no option with value 'November' present in object 'Object Repository/RAD_Pages/TaxTypeFilingYear_Page/select_PeriodEnding' 

2021-11-19 10:38:48 - [MESSAGE][PASSED] - There is no option with value 'November' present in object 'Object Repository/RAD_Pages/TaxTypeFilingYear_Page/select_PeriodEnding' 

2021-11-19 10:38:48 - [TEST_STEP][PASSED] - verifyOptionNotPresentByValue(findTestObject(orPath_TaxTypeFilingYear + "/select_PeriodEnding"), "December", false, 30): There is no option with value 'December' present in object 'Object Repository/RAD_Pages/TaxTypeFilingYear_Page/select_PeriodEnding' 

2021-11-19 10:38:49 - [MESSAGE][PASSED] - There is no option with value 'December' present in object 'Object Repository/RAD_Pages/TaxTypeFilingYear_Page/select_PeriodEnding' 

2021-11-19 10:38:49 - [TEST_STEP][PASSED] - verifyOptionsPresent(findTestObject(orPath_TaxTypeFilingYear + "/select_PeriodEnding"), ["January", "February", "March", "April", "May", "June"]): Options [January, February, March, April, May, June] present.

2021-11-19 10:38:49 - [MESSAGE][PASSED] - Options [January, February, March, April, May, June] present.]]></system-out>
         <system-err><![CDATA[]]></system-err>
      </testcase>
      <testcase name="Test Cases/RAD_TestCases/UI_TestCases/SaleAndUseMarketplaceFacilitator_UI_TC" time="9.044" classname="Test Cases/RAD_TestCases/UI_TestCases/SaleAndUseMarketplaceFacilitator_UI_TC" status="PASSED">
         <system-out><![CDATA[2021-11-19 10:38:49 - [TEST_CASE][PASSED] - Test Cases/RAD_TestCases/UI_TestCases/SaleAndUseMarketplaceFacilitator_UI_TC: Test Cases/RAD_TestCases/UI_TestCases/SaleAndUseMarketplaceFacilitator_UI_TC

2021-11-19 10:38:50 - [TEST_STEP][PASSED] - openBrowser(""): Browser is opened with url: ''

2021-11-19 10:38:50 - [MESSAGE][WARNING] - A browser is already opened. Closing browser and opening a new one

2021-11-19 10:38:50 - [MESSAGE][INFO] - Starting 'Chrome' driver

2021-11-19 10:38:51 - [MESSAGE][INFO] - User set preference: ['acceptInsecureCerts', 'true']

2021-11-19 10:38:51 - [MESSAGE][INFO] - Action delay is set to 0 milliseconds

2021-11-19 10:38:52 - [MESSAGE][PASSED] - Browser is opened with url: ''

2021-11-19 10:38:52 - [TEST_STEP][PASSED] - maximizeWindow(): Current window maximized

2021-11-19 10:38:52 - [MESSAGE][PASSED] - Current window maximized

2021-11-19 10:38:52 - [TEST_STEP][PASSED] - navigateToUrl(RADurl): Navigate to 'https://qa.velocitypayment.com/client/rad/index.html' successfully

2021-11-19 10:38:54 - [MESSAGE][PASSED] - Navigate to 'https://qa.velocitypayment.com/client/rad/index.html' successfully

2021-11-19 10:38:54 - [TEST_STEP][PASSED] - orPath_Landing = "Object Repository/RAD_Pages/Landing_Page": null

2021-11-19 10:38:54 - [TEST_STEP][PASSED] - orPath_TaxTypeFilingYear = "Object Repository/RAD_Pages/TaxTypeFilingYear_Page": null

2021-11-19 10:38:54 - [TEST_STEP][PASSED] - orPath_TaxPayer = "Object Repository/RAD_Pages/Taxpayer_Page": null

2021-11-19 10:38:54 - [TEST_STEP][PASSED] - orPath_AddressContact = "Object Repository/RAD_Pages/AddressAndContactInfo_Page": null

2021-11-19 10:38:54 - [TEST_STEP][PASSED] - orPath_TaxInfo = "Object Repository/RAD_Pages/TaxInfo_Page": null

2021-11-19 10:38:54 - [TEST_STEP][PASSED] - orPath_Withholding = "Object Repository/RAD_Pages/Withholding_Page": null

2021-11-19 10:38:54 - [TEST_STEP][PASSED] - orPath_FilingStatus = "Object Repository/RAD_Pages/FilingStatus_Page": null

2021-11-19 10:38:54 - [TEST_STEP][PASSED] - orPath_Amount = "Object Repository/RAD_Pages/PaymentAmount_Page": null

2021-11-19 10:38:54 - [TEST_STEP][PASSED] - orPath_SalesTaxReturnInfo = "Object Repository/RAD_Pages/SalesTaxReturnInfo_Page": null

2021-11-19 10:38:54 - [TEST_STEP][PASSED] - selectOptionByLabel(findTestObject(orPath_Landing + "/dd_TaxType"), "Sales and Use", false): All options with label 'Sales and Use' are selected in object 'Object Repository/RAD_Pages/Landing_Page/dd_TaxType' 

2021-11-19 10:38:55 - [MESSAGE][PASSED] - All options with label 'Sales and Use' are selected in object 'Object Repository/RAD_Pages/Landing_Page/dd_TaxType' 

2021-11-19 10:38:55 - [TEST_STEP][PASSED] - scrollToElement(findTestObject(orPath_SalesTaxReturnInfo + "/input_OutOfStateVendor"), 3): Scroll to object 'Object Repository/RAD_Pages/SalesTaxReturnInfo_Page/input_OutOfStateVendor' successfully

2021-11-19 10:38:55 - [MESSAGE][PASSED] - Scroll to object 'Object Repository/RAD_Pages/SalesTaxReturnInfo_Page/input_OutOfStateVendor' successfully

2021-11-19 10:38:55 - [TEST_STEP][PASSED] - click(findTestObject(orPath_SalesTaxReturnInfo + "/input_MarketplaceFacilitator")): Object: 'Object Repository/RAD_Pages/SalesTaxReturnInfo_Page/input_MarketplaceFacilitator' is clicked on

2021-11-19 10:38:56 - [MESSAGE][PASSED] - Object: 'Object Repository/RAD_Pages/SalesTaxReturnInfo_Page/input_MarketplaceFacilitator' is clicked on

2021-11-19 10:38:56 - [TEST_STEP][PASSED] - verifyTextPresent("Maryland Form 202F", true): Text 'Maryland Form 202F' is present on page  using regular expression

2021-11-19 10:38:56 - [MESSAGE][PASSED] - Text 'Maryland Form 202F' is present on page  using regular expression

2021-11-19 10:38:56 - [TEST_STEP][PASSED] - verifyTextPresent("To be completed by marketplace facilitator. Refer to your Maryland Sales Tax Instructions to complete the following.", true): Text 'To be completed by marketplace facilitator. Refer to your Maryland Sales Tax Instructions to complete the following.' is present on page  using regular expression

2021-11-19 10:38:57 - [MESSAGE][PASSED] - Text 'To be completed by marketplace facilitator. Refer to your Maryland Sales Tax Instructions to complete the following.' is present on page  using regular expression

2021-11-19 10:38:57 - [TEST_STEP][PASSED] - verifyTextPresent("Maryland Form 202", true): Text 'Maryland Form 202' is present on page  using regular expression

2021-11-19 10:38:57 - [MESSAGE][PASSED] - Text 'Maryland Form 202' is present on page  using regular expression

2021-11-19 10:38:57 - [TEST_STEP][PASSED] - verifyTextPresent("Refer to your Maryland Sales Tax Instructions to complete the following", true): Text 'Refer to your Maryland Sales Tax Instructions to complete the following' is present on page  using regular expression

2021-11-19 10:38:58 - [MESSAGE][PASSED] - Text 'Refer to your Maryland Sales Tax Instructions to complete the following' is present on page  using regular expression

2021-11-19 10:38:58 - [TEST_STEP][PASSED] - verifyTextPresent("Maryland Form 202", true): Text 'Maryland Form 202' is present on page  using regular expression

2021-11-19 10:38:58 - [MESSAGE][PASSED] - Text 'Maryland Form 202' is present on page  using regular expression

2021-11-19 10:38:58 - [TEST_STEP][PASSED] - verifyTextPresent("Refer to your Maryland Sales Tax Instructions to complete the following", true): Text 'Refer to your Maryland Sales Tax Instructions to complete the following' is present on page  using regular expression

2021-11-19 10:38:58 - [MESSAGE][PASSED] - Text 'Refer to your Maryland Sales Tax Instructions to complete the following' is present on page  using regular expression]]></system-out>
         <system-err><![CDATA[]]></system-err>
      </testcase>
      <testcase name="Test Cases/RAD_TestCases/UI_TestCases/SaleAndUseMDForm202_UI_TC" time="9.091" classname="Test Cases/RAD_TestCases/UI_TestCases/SaleAndUseMDForm202_UI_TC" status="PASSED">
         <system-out><![CDATA[2021-11-19 10:38:58 - [TEST_CASE][PASSED] - Test Cases/RAD_TestCases/UI_TestCases/SaleAndUseMDForm202_UI_TC: Test Cases/RAD_TestCases/UI_TestCases/SaleAndUseMDForm202_UI_TC

2021-11-19 10:38:59 - [TEST_STEP][PASSED] - openBrowser(""): Browser is opened with url: ''

2021-11-19 10:38:59 - [MESSAGE][WARNING] - A browser is already opened. Closing browser and opening a new one

2021-11-19 10:39:00 - [MESSAGE][INFO] - Starting 'Chrome' driver

2021-11-19 10:39:00 - [MESSAGE][INFO] - User set preference: ['acceptInsecureCerts', 'true']

2021-11-19 10:39:00 - [MESSAGE][INFO] - Action delay is set to 0 milliseconds

2021-11-19 10:39:01 - [MESSAGE][PASSED] - Browser is opened with url: ''

2021-11-19 10:39:01 - [TEST_STEP][PASSED] - maximizeWindow(): Current window maximized

2021-11-19 10:39:01 - [MESSAGE][PASSED] - Current window maximized

2021-11-19 10:39:01 - [TEST_STEP][PASSED] - navigateToUrl(RADurl): Navigate to 'https://qa.velocitypayment.com/client/rad/index.html' successfully

2021-11-19 10:39:03 - [MESSAGE][PASSED] - Navigate to 'https://qa.velocitypayment.com/client/rad/index.html' successfully

2021-11-19 10:39:03 - [TEST_STEP][PASSED] - orPath_Landing = "Object Repository/RAD_Pages/Landing_Page": null

2021-11-19 10:39:03 - [TEST_STEP][PASSED] - orPath_TaxTypeFilingYear = "Object Repository/RAD_Pages/TaxTypeFilingYear_Page": null

2021-11-19 10:39:03 - [TEST_STEP][PASSED] - orPath_TaxPayer = "Object Repository/RAD_Pages/Taxpayer_Page": null

2021-11-19 10:39:03 - [TEST_STEP][PASSED] - orPath_AddressContact = "Object Repository/RAD_Pages/AddressAndContactInfo_Page": null

2021-11-19 10:39:03 - [TEST_STEP][PASSED] - orPath_TaxInfo = "Object Repository/RAD_Pages/TaxInfo_Page": null

2021-11-19 10:39:03 - [TEST_STEP][PASSED] - orPath_Withholding = "Object Repository/RAD_Pages/Withholding_Page": null

2021-11-19 10:39:03 - [TEST_STEP][PASSED] - orPath_FilingStatus = "Object Repository/RAD_Pages/FilingStatus_Page": null

2021-11-19 10:39:03 - [TEST_STEP][PASSED] - orPath_Amount = "Object Repository/RAD_Pages/PaymentAmount_Page": null

2021-11-19 10:39:03 - [TEST_STEP][PASSED] - orPath_SalesTaxReturnInfo = "Object Repository/RAD_Pages/SalesTaxReturnInfo_Page": null

2021-11-19 10:39:03 - [TEST_STEP][PASSED] - orPath_MDForm202 = "Object Repository/RAD_Pages/MarylandForm202_Page": null

2021-11-19 10:39:03 - [TEST_STEP][PASSED] - selectOptionByLabel(findTestObject(orPath_Landing + "/dd_TaxType"), "Sales and Use", false): All options with label 'Sales and Use' are selected in object 'Object Repository/RAD_Pages/Landing_Page/dd_TaxType' 

2021-11-19 10:39:04 - [MESSAGE][PASSED] - All options with label 'Sales and Use' are selected in object 'Object Repository/RAD_Pages/Landing_Page/dd_TaxType' 

2021-11-19 10:39:04 - [TEST_STEP][PASSED] - verifyElementPresent(findTestObject(orPath_MDForm202 + "/input__Line3"), 30): Object 'Object Repository/RAD_Pages/MarylandForm202_Page/input__Line3' is present

2021-11-19 10:39:04 - [MESSAGE][PASSED] - Object 'Object Repository/RAD_Pages/MarylandForm202_Page/input__Line3' is present

2021-11-19 10:39:04 - [TEST_STEP][PASSED] - verifyElementPresent(findTestObject(orPath_MDForm202 + "/input__Line4a"), 30): Object 'Object Repository/RAD_Pages/MarylandForm202_Page/input__Line4a' is present

2021-11-19 10:39:05 - [MESSAGE][PASSED] - Object 'Object Repository/RAD_Pages/MarylandForm202_Page/input__Line4a' is present

2021-11-19 10:39:05 - [TEST_STEP][PASSED] - verifyElementPresent(findTestObject(orPath_MDForm202 + "/input__Line5a"), 30): Object 'Object Repository/RAD_Pages/MarylandForm202_Page/input__Line5a' is present

2021-11-19 10:39:05 - [MESSAGE][PASSED] - Object 'Object Repository/RAD_Pages/MarylandForm202_Page/input__Line5a' is present

2021-11-19 10:39:05 - [TEST_STEP][PASSED] - verifyElementPresent(findTestObject(orPath_MDForm202 + "/input__Line6a"), 30): Object 'Object Repository/RAD_Pages/MarylandForm202_Page/input__Line6a' is present

2021-11-19 10:39:05 - [MESSAGE][PASSED] - Object 'Object Repository/RAD_Pages/MarylandForm202_Page/input__Line6a' is present

2021-11-19 10:39:05 - [TEST_STEP][PASSED] - verifyElementPresent(findTestObject(orPath_MDForm202 + "/input__Line8a"), 30): Object 'Object Repository/RAD_Pages/MarylandForm202_Page/input__Line8a' is present

2021-11-19 10:39:06 - [MESSAGE][PASSED] - Object 'Object Repository/RAD_Pages/MarylandForm202_Page/input__Line8a' is present

2021-11-19 10:39:06 - [TEST_STEP][PASSED] - verifyElementPresent(findTestObject(orPath_MDForm202 + "/input__Line12a"), 30): Object 'Object Repository/RAD_Pages/MarylandForm202_Page/input__Line12a' is present

2021-11-19 10:39:06 - [MESSAGE][PASSED] - Object 'Object Repository/RAD_Pages/MarylandForm202_Page/input__Line12a' is present

2021-11-19 10:39:06 - [TEST_STEP][PASSED] - verifyElementPresent(findTestObject(orPath_MDForm202 + "/input__Line13a"), 30): Object 'Object Repository/RAD_Pages/MarylandForm202_Page/input__Line13a' is present

2021-11-19 10:39:06 - [MESSAGE][PASSED] - Object 'Object Repository/RAD_Pages/MarylandForm202_Page/input__Line13a' is present

2021-11-19 10:39:06 - [TEST_STEP][PASSED] - verifyElementPresent(findTestObject(orPath_MDForm202 + "/input__Line15"), 30): Object 'Object Repository/RAD_Pages/MarylandForm202_Page/input__Line15' is present

2021-11-19 10:39:06 - [MESSAGE][PASSED] - Object 'Object Repository/RAD_Pages/MarylandForm202_Page/input__Line15' is present

2021-11-19 10:39:06 - [TEST_STEP][PASSED] - verifyElementPresent(findTestObject(orPath_MDForm202 + "/input__Line17a"), 30): Object 'Object Repository/RAD_Pages/MarylandForm202_Page/input__Line17a' is present

2021-11-19 10:39:07 - [MESSAGE][PASSED] - Object 'Object Repository/RAD_Pages/MarylandForm202_Page/input__Line17a' is present

2021-11-19 10:39:07 - [TEST_STEP][PASSED] - verifyElementPresent(findTestObject(orPath_MDForm202 + "/input__Line17b"), 30): Object 'Object Repository/RAD_Pages/MarylandForm202_Page/input__Line17b' is present

2021-11-19 10:39:07 - [MESSAGE][PASSED] - Object 'Object Repository/RAD_Pages/MarylandForm202_Page/input__Line17b' is present

2021-11-19 10:39:07 - [TEST_STEP][PASSED] - verifyElementPresent(findTestObject(orPath_MDForm202 + "/input__Line19a"), 30): Object 'Object Repository/RAD_Pages/MarylandForm202_Page/input__Line19a' is present

2021-11-19 10:39:07 - [MESSAGE][PASSED] - Object 'Object Repository/RAD_Pages/MarylandForm202_Page/input__Line19a' is present

2021-11-19 10:39:07 - [TEST_STEP][PASSED] - verifyElementPresent(findTestObject(orPath_MDForm202 + "/input__Line19b"), 30): Object 'Object Repository/RAD_Pages/MarylandForm202_Page/input__Line19b' is present

2021-11-19 10:39:08 - [MESSAGE][PASSED] - Object 'Object Repository/RAD_Pages/MarylandForm202_Page/input__Line19b' is present]]></system-out>
         <system-err><![CDATA[]]></system-err>
      </testcase>
      <testcase name="Test Cases/RAD_TestCases/UI_TestCases/ExistingLiability_UI_TC" time="25.144" classname="Test Cases/RAD_TestCases/UI_TestCases/ExistingLiability_UI_TC" status="FAILED">
         <failure type="FAILED" message="Test Cases/RAD_TestCases/UI_TestCases/ExistingLiability_UI_TC FAILED.
Reason:
com.kms.katalon.core.exception.StepFailedException: Unable to verify equal between actual object '1' and expected object '4' (Root cause: com.kms.katalon.core.exception.StepFailedException: Actual object '1' and expected object '4' are not equal
	at com.kms.katalon.core.keyword.builtin.VerifyEqualKeyword$_verifyEqual_closure1.doCall(VerifyEqualKeyword.groovy:58)
	at com.kms.katalon.core.keyword.builtin.VerifyEqualKeyword$_verifyEqual_closure1.call(VerifyEqualKeyword.groovy)
	at com.kms.katalon.core.keyword.internal.KeywordMain.runKeyword(KeywordMain.groovy:74)
	at com.kms.katalon.core.keyword.builtin.VerifyEqualKeyword.verifyEqual(VerifyEqualKeyword.groovy:63)
	at com.kms.katalon.core.keyword.builtin.VerifyEqualKeyword.execute(VerifyEqualKeyword.groovy:44)
	at com.kms.katalon.core.keyword.internal.KeywordExecutor.executeKeywordForPlatform(KeywordExecutor.groovy:74)
	at com.kms.katalon.core.keyword.BuiltinKeywords.verifyEqual(BuiltinKeywords.groovy:141)
	at ExistingLiability_UI_TC.run(ExistingLiability_UI_TC:70)
	at com.kms.katalon.core.main.ScriptEngine.run(ScriptEngine.java:194)
	at com.kms.katalon.core.main.ScriptEngine.runScriptAsRawText(ScriptEngine.java:119)
	at com.kms.katalon.core.main.TestCaseExecutor.runScript(TestCaseExecutor.java:430)
	at com.kms.katalon.core.main.TestCaseExecutor.doExecute(TestCaseExecutor.java:421)
	at com.kms.katalon.core.main.TestCaseExecutor.processExecutionPhase(TestCaseExecutor.java:400)
	at com.kms.katalon.core.main.TestCaseExecutor.accessMainPhase(TestCaseExecutor.java:392)
	at com.kms.katalon.core.main.TestCaseExecutor.execute(TestCaseExecutor.java:273)
	at com.kms.katalon.core.main.TestSuiteExecutor.accessTestCaseMainPhase(TestSuiteExecutor.java:202)
	at com.kms.katalon.core.main.TestSuiteExecutor.accessTestSuiteMainPhase(TestSuiteExecutor.java:164)
	at com.kms.katalon.core.main.TestSuiteExecutor.execute(TestSuiteExecutor.java:105)
	at com.kms.katalon.core.main.TestCaseMain.startTestSuite(TestCaseMain.java:185)
	at com.kms.katalon.core.main.TestCaseMain$startTestSuite$0.call(Unknown Source)
	at TempTestSuite1637335687322.run(TempTestSuite1637335687322.groovy:36)
)
	at com.kms.katalon.core.keyword.internal.KeywordMain.stepFailed(KeywordMain.groovy:39)
	at com.kms.katalon.core.keyword.internal.KeywordMain.stepFailed(KeywordMain.groovy)
	at com.kms.katalon.core.keyword.internal.KeywordMain.runKeyword(KeywordMain.groovy:76)
	at com.kms.katalon.core.keyword.builtin.VerifyEqualKeyword.verifyEqual(VerifyEqualKeyword.groovy:63)
	at com.kms.katalon.core.keyword.builtin.VerifyEqualKeyword.execute(VerifyEqualKeyword.groovy:44)
	at com.kms.katalon.core.keyword.internal.KeywordExecutor.executeKeywordForPlatform(KeywordExecutor.groovy:74)
	at com.kms.katalon.core.keyword.BuiltinKeywords.verifyEqual(BuiltinKeywords.groovy:141)
	at ExistingLiability_UI_TC.run(ExistingLiability_UI_TC:70)
	at com.kms.katalon.core.main.ScriptEngine.run(ScriptEngine.java:194)
	at com.kms.katalon.core.main.ScriptEngine.runScriptAsRawText(ScriptEngine.java:119)
	at com.kms.katalon.core.main.TestCaseExecutor.runScript(TestCaseExecutor.java:430)
	at com.kms.katalon.core.main.TestCaseExecutor.doExecute(TestCaseExecutor.java:421)
	at com.kms.katalon.core.main.TestCaseExecutor.processExecutionPhase(TestCaseExecutor.java:400)
	at com.kms.katalon.core.main.TestCaseExecutor.accessMainPhase(TestCaseExecutor.java:392)
	at com.kms.katalon.core.main.TestCaseExecutor.execute(TestCaseExecutor.java:273)
	at com.kms.katalon.core.main.TestSuiteExecutor.accessTestCaseMainPhase(TestSuiteExecutor.java:202)
	at com.kms.katalon.core.main.TestSuiteExecutor.accessTestSuiteMainPhase(TestSuiteExecutor.java:164)
	at com.kms.katalon.core.main.TestSuiteExecutor.execute(TestSuiteExecutor.java:105)
	at com.kms.katalon.core.main.TestCaseMain.startTestSuite(TestCaseMain.java:185)
	at com.kms.katalon.core.main.TestCaseMain$startTestSuite$0.call(Unknown Source)
	at TempTestSuite1637335687322.run(TempTestSuite1637335687322.groovy:36)
Caused by: com.kms.katalon.core.exception.StepFailedException: Actual object '1' and expected object '4' are not equal
	at com.kms.katalon.core.keyword.builtin.VerifyEqualKeyword$_verifyEqual_closure1.doCall(VerifyEqualKeyword.groovy:58)
	at com.kms.katalon.core.keyword.builtin.VerifyEqualKeyword$_verifyEqual_closure1.call(VerifyEqualKeyword.groovy)
	at com.kms.katalon.core.keyword.internal.KeywordMain.runKeyword(KeywordMain.groovy:74)
	... 18 more
"/>
         <system-out><![CDATA[2021-11-19 10:39:08 - [TEST_CASE][FAILED] - Test Cases/RAD_TestCases/UI_TestCases/ExistingLiability_UI_TC: Test Cases/RAD_TestCases/UI_TestCases/ExistingLiability_UI_TC FAILED.
Reason:
com.kms.katalon.core.exception.StepFailedException: Unable to verify equal between actual object '1' and expected object '4' (Root cause: com.kms.katalon.core.exception.StepFailedException: Actual object '1' and expected object '4' are not equal
	at com.kms.katalon.core.keyword.builtin.VerifyEqualKeyword$_verifyEqual_closure1.doCall(VerifyEqualKeyword.groovy:58)
	at com.kms.katalon.core.keyword.builtin.VerifyEqualKeyword$_verifyEqual_closure1.call(VerifyEqualKeyword.groovy)
	at com.kms.katalon.core.keyword.internal.KeywordMain.runKeyword(KeywordMain.groovy:74)
	at com.kms.katalon.core.keyword.builtin.VerifyEqualKeyword.verifyEqual(VerifyEqualKeyword.groovy:63)
	at com.kms.katalon.core.keyword.builtin.VerifyEqualKeyword.execute(VerifyEqualKeyword.groovy:44)
	at com.kms.katalon.core.keyword.internal.KeywordExecutor.executeKeywordForPlatform(KeywordExecutor.groovy:74)
	at com.kms.katalon.core.keyword.BuiltinKeywords.verifyEqual(BuiltinKeywords.groovy:141)
	at ExistingLiability_UI_TC.run(ExistingLiability_UI_TC:70)
	at com.kms.katalon.core.main.ScriptEngine.run(ScriptEngine.java:194)
	at com.kms.katalon.core.main.ScriptEngine.runScriptAsRawText(ScriptEngine.java:119)
	at com.kms.katalon.core.main.TestCaseExecutor.runScript(TestCaseExecutor.java:430)
	at com.kms.katalon.core.main.TestCaseExecutor.doExecute(TestCaseExecutor.java:421)
	at com.kms.katalon.core.main.TestCaseExecutor.processExecutionPhase(TestCaseExecutor.java:400)
	at com.kms.katalon.core.main.TestCaseExecutor.accessMainPhase(TestCaseExecutor.java:392)
	at com.kms.katalon.core.main.TestCaseExecutor.execute(TestCaseExecutor.java:273)
	at com.kms.katalon.core.main.TestSuiteExecutor.accessTestCaseMainPhase(TestSuiteExecutor.java:202)
	at com.kms.katalon.core.main.TestSuiteExecutor.accessTestSuiteMainPhase(TestSuiteExecutor.java:164)
	at com.kms.katalon.core.main.TestSuiteExecutor.execute(TestSuiteExecutor.java:105)
	at com.kms.katalon.core.main.TestCaseMain.startTestSuite(TestCaseMain.java:185)
	at com.kms.katalon.core.main.TestCaseMain$startTestSuite$0.call(Unknown Source)
	at TempTestSuite1637335687322.run(TempTestSuite1637335687322.groovy:36)
)
	at com.kms.katalon.core.keyword.internal.KeywordMain.stepFailed(KeywordMain.groovy:39)
	at com.kms.katalon.core.keyword.internal.KeywordMain.stepFailed(KeywordMain.groovy)
	at com.kms.katalon.core.keyword.internal.KeywordMain.runKeyword(KeywordMain.groovy:76)
	at com.kms.katalon.core.keyword.builtin.VerifyEqualKeyword.verifyEqual(VerifyEqualKeyword.groovy:63)
	at com.kms.katalon.core.keyword.builtin.VerifyEqualKeyword.execute(VerifyEqualKeyword.groovy:44)
	at com.kms.katalon.core.keyword.internal.KeywordExecutor.executeKeywordForPlatform(KeywordExecutor.groovy:74)
	at com.kms.katalon.core.keyword.BuiltinKeywords.verifyEqual(BuiltinKeywords.groovy:141)
	at ExistingLiability_UI_TC.run(ExistingLiability_UI_TC:70)
	at com.kms.katalon.core.main.ScriptEngine.run(ScriptEngine.java:194)
	at com.kms.katalon.core.main.ScriptEngine.runScriptAsRawText(ScriptEngine.java:119)
	at com.kms.katalon.core.main.TestCaseExecutor.runScript(TestCaseExecutor.java:430)
	at com.kms.katalon.core.main.TestCaseExecutor.doExecute(TestCaseExecutor.java:421)
	at com.kms.katalon.core.main.TestCaseExecutor.processExecutionPhase(TestCaseExecutor.java:400)
	at com.kms.katalon.core.main.TestCaseExecutor.accessMainPhase(TestCaseExecutor.java:392)
	at com.kms.katalon.core.main.TestCaseExecutor.execute(TestCaseExecutor.java:273)
	at com.kms.katalon.core.main.TestSuiteExecutor.accessTestCaseMainPhase(TestSuiteExecutor.java:202)
	at com.kms.katalon.core.main.TestSuiteExecutor.accessTestSuiteMainPhase(TestSuiteExecutor.java:164)
	at com.kms.katalon.core.main.TestSuiteExecutor.execute(TestSuiteExecutor.java:105)
	at com.kms.katalon.core.main.TestCaseMain.startTestSuite(TestCaseMain.java:185)
	at com.kms.katalon.core.main.TestCaseMain$startTestSuite$0.call(Unknown Source)
	at TempTestSuite1637335687322.run(TempTestSuite1637335687322.groovy:36)
Caused by: com.kms.katalon.core.exception.StepFailedException: Actual object '1' and expected object '4' are not equal
	at com.kms.katalon.core.keyword.builtin.VerifyEqualKeyword$_verifyEqual_closure1.doCall(VerifyEqualKeyword.groovy:58)
	at com.kms.katalon.core.keyword.builtin.VerifyEqualKeyword$_verifyEqual_closure1.call(VerifyEqualKeyword.groovy)
	at com.kms.katalon.core.keyword.internal.KeywordMain.runKeyword(KeywordMain.groovy:74)
	... 18 more


2021-11-19 10:39:08 - [TEST_STEP][PASSED] - openBrowser(""): Browser is opened with url: ''

2021-11-19 10:39:08 - [MESSAGE][WARNING] - A browser is already opened. Closing browser and opening a new one

2021-11-19 10:39:09 - [MESSAGE][INFO] - Starting 'Chrome' driver

2021-11-19 10:39:09 - [MESSAGE][INFO] - User set preference: ['acceptInsecureCerts', 'true']

2021-11-19 10:39:09 - [MESSAGE][INFO] - Action delay is set to 0 milliseconds

2021-11-19 10:39:10 - [MESSAGE][PASSED] - Browser is opened with url: ''

2021-11-19 10:39:10 - [TEST_STEP][PASSED] - maximizeWindow(): Current window maximized

2021-11-19 10:39:10 - [MESSAGE][PASSED] - Current window maximized

2021-11-19 10:39:10 - [TEST_STEP][PASSED] - navigateToUrl(RADurl): Navigate to 'https://qa.velocitypayment.com/client/rad/index.html' successfully

2021-11-19 10:39:12 - [MESSAGE][PASSED] - Navigate to 'https://qa.velocitypayment.com/client/rad/index.html' successfully

2021-11-19 10:39:12 - [TEST_STEP][PASSED] - orPath_Landing = "Object Repository/RAD_Pages/Landing_Page": null

2021-11-19 10:39:12 - [TEST_STEP][PASSED] - orPath_TaxTypeFilingYear = "Object Repository/RAD_Pages/TaxTypeFilingYear_Page": null

2021-11-19 10:39:12 - [TEST_STEP][PASSED] - orPath_TaxPayer = "Object Repository/RAD_Pages/Taxpayer_Page": null

2021-11-19 10:39:12 - [TEST_STEP][PASSED] - orPath_AddressContact = "Object Repository/RAD_Pages/AddressAndContactInfo_Page": null

2021-11-19 10:39:12 - [TEST_STEP][PASSED] - orPath_TaxInfo = "Object Repository/RAD_Pages/TaxInfo_Page": null

2021-11-19 10:39:12 - [TEST_STEP][PASSED] - orPath_Withholding = "Object Repository/RAD_Pages/Withholding_Page": null

2021-11-19 10:39:12 - [TEST_STEP][PASSED] - orPath_FilingStatus = "Object Repository/RAD_Pages/FilingStatus_Page": null

2021-11-19 10:39:12 - [TEST_STEP][PASSED] - orPath_Amount = "Object Repository/RAD_Pages/PaymentAmount_Page": null

2021-11-19 10:39:12 - [TEST_STEP][PASSED] - orPath_SalesTaxReturnInfo = "Object Repository/RAD_Pages/SalesTaxReturnInfo_Page": null

2021-11-19 10:39:12 - [TEST_STEP][PASSED] - selectOptionByLabel(findTestObject(orPath_Landing + "/dd_TaxType"), "Existing Liability", false): All options with label 'Existing Liability' are selected in object 'Object Repository/RAD_Pages/Landing_Page/dd_TaxType' 

2021-11-19 10:39:13 - [MESSAGE][PASSED] - All options with label 'Existing Liability' are selected in object 'Object Repository/RAD_Pages/Landing_Page/dd_TaxType' 

2021-11-19 10:39:13 - [TEST_STEP][PASSED] - verifyElementPresent(findTestObject(orPath_TaxTypeFilingYear + "/select_TaxType_ExistingLiability"), 30): Object 'Object Repository/RAD_Pages/TaxTypeFilingYear_Page/select_TaxType_ExistingLiability' is present

2021-11-19 10:39:14 - [MESSAGE][PASSED] - Object 'Object Repository/RAD_Pages/TaxTypeFilingYear_Page/select_TaxType_ExistingLiability' is present

2021-11-19 10:39:14 - [TEST_STEP][PASSED] - totalOptionsExistingLiability = getNumberOfTotalOption(findTestObject(orPath_TaxTypeFilingYear + "/select_TaxType_ExistingLiability")): 12 options of object 'Object Repository/RAD_Pages/TaxTypeFilingYear_Page/select_TaxType_ExistingLiability' counted

2021-11-19 10:39:14 - [MESSAGE][PASSED] - 12 options of object 'Object Repository/RAD_Pages/TaxTypeFilingYear_Page/select_TaxType_ExistingLiability' counted

2021-11-19 10:39:14 - [TEST_STEP][PASSED] - verifyEqual(totalOptionsExistingLiability, 12): Actual object '12' and expected object '12' are equal

2021-11-19 10:39:14 - [MESSAGE][PASSED] - Actual object '12' and expected object '12' are equal

2021-11-19 10:39:14 - [TEST_STEP][PASSED] - verifyOptionsPresent(findTestObject(orPath_TaxTypeFilingYear + "/select_TaxType_ExistingLiability"), ["Bay Restoration Fund Tax", "CORP Tax", "Fiduciary Tax"]): Options [Bay Restoration Fund Tax, CORP Tax, Fiduciary Tax] present.

2021-11-19 10:39:15 - [MESSAGE][PASSED] - Options [Bay Restoration Fund Tax, CORP Tax, Fiduciary Tax] present.

2021-11-19 10:39:15 - [TEST_STEP][PASSED] - verifyOptionsPresent(findTestObject(orPath_TaxTypeFilingYear + "/select_TaxType_ExistingLiability"), ["Personal Tax", "PTE Tax (Partnership)", "PTE Tax (LLC)"]): Options [Personal Tax, PTE Tax (Partnership), PTE Tax (LLC)] present.

2021-11-19 10:39:16 - [MESSAGE][PASSED] - Options [Personal Tax, PTE Tax (Partnership), PTE Tax (LLC)] present.

2021-11-19 10:39:16 - [TEST_STEP][PASSED] - verifyOptionsPresent(findTestObject(orPath_TaxTypeFilingYear + "/select_TaxType_ExistingLiability"), ["PTE Tax (SCorp)", "Sales & Use Tax"]): Options [PTE Tax (SCorp), Sales & Use Tax] present.

2021-11-19 10:39:16 - [MESSAGE][PASSED] - Options [PTE Tax (SCorp), Sales & Use Tax] present.

2021-11-19 10:39:16 - [TEST_STEP][PASSED] - verifyOptionsPresent(findTestObject(orPath_TaxTypeFilingYear + "/select_TaxType_ExistingLiability"), ["Withholding Tax", "Alcohol Tax"]): Options [Withholding Tax, Alcohol Tax] present.

2021-11-19 10:39:17 - [MESSAGE][PASSED] - Options [Withholding Tax, Alcohol Tax] present.

2021-11-19 10:39:17 - [TEST_STEP][PASSED] - verifyElementPresent(findTestObject(orPath_TaxTypeFilingYear + "/select_FilingYear"), 30): Object 'Object Repository/RAD_Pages/TaxTypeFilingYear_Page/select_FilingYear' is present

2021-11-19 10:39:17 - [MESSAGE][PASSED] - Object 'Object Repository/RAD_Pages/TaxTypeFilingYear_Page/select_FilingYear' is present

2021-11-19 10:39:17 - [TEST_STEP][PASSED] - totalOptionsFilingYear = getNumberOfTotalOption(findTestObject(orPath_TaxTypeFilingYear + "/select_FilingYear")): 1 options of object 'Object Repository/RAD_Pages/TaxTypeFilingYear_Page/select_FilingYear' counted

2021-11-19 10:39:18 - [MESSAGE][PASSED] - 1 options of object 'Object Repository/RAD_Pages/TaxTypeFilingYear_Page/select_FilingYear' counted

2021-11-19 10:39:18 - [TEST_STEP][FAILED] - if (verifyEqual(totalOptionsFilingYear, 4)): Unable to verify equal between actual object '1' and expected object '4' (Root cause: com.kms.katalon.core.exception.StepFailedException: Actual object '1' and expected object '4' are not equal
	at com.kms.katalon.core.keyword.builtin.VerifyEqualKeyword$_verifyEqual_closure1.doCall(VerifyEqualKeyword.groovy:58)
	at com.kms.katalon.core.keyword.builtin.VerifyEqualKeyword$_verifyEqual_closure1.call(VerifyEqualKeyword.groovy)
	at com.kms.katalon.core.keyword.internal.KeywordMain.runKeyword(KeywordMain.groovy:74)
	at com.kms.katalon.core.keyword.builtin.VerifyEqualKeyword.verifyEqual(VerifyEqualKeyword.groovy:63)
	at com.kms.katalon.core.keyword.builtin.VerifyEqualKeyword.execute(VerifyEqualKeyword.groovy:44)
	at com.kms.katalon.core.keyword.internal.KeywordExecutor.executeKeywordForPlatform(KeywordExecutor.groovy:74)
	at com.kms.katalon.core.keyword.BuiltinKeywords.verifyEqual(BuiltinKeywords.groovy:141)
	at ExistingLiability_UI_TC.run(ExistingLiability_UI_TC:70)
	at com.kms.katalon.core.main.ScriptEngine.run(ScriptEngine.java:194)
	at com.kms.katalon.core.main.ScriptEngine.runScriptAsRawText(ScriptEngine.java:119)
	at com.kms.katalon.core.main.TestCaseExecutor.runScript(TestCaseExecutor.java:430)
	at com.kms.katalon.core.main.TestCaseExecutor.doExecute(TestCaseExecutor.java:421)
	at com.kms.katalon.core.main.TestCaseExecutor.processExecutionPhase(TestCaseExecutor.java:400)
	at com.kms.katalon.core.main.TestCaseExecutor.accessMainPhase(TestCaseExecutor.java:392)
	at com.kms.katalon.core.main.TestCaseExecutor.execute(TestCaseExecutor.java:273)
	at com.kms.katalon.core.main.TestSuiteExecutor.accessTestCaseMainPhase(TestSuiteExecutor.java:202)
	at com.kms.katalon.core.main.TestSuiteExecutor.accessTestSuiteMainPhase(TestSuiteExecutor.java:164)
	at com.kms.katalon.core.main.TestSuiteExecutor.execute(TestSuiteExecutor.java:105)
	at com.kms.katalon.core.main.TestCaseMain.startTestSuite(TestCaseMain.java:185)
	at com.kms.katalon.core.main.TestCaseMain$startTestSuite$0.call(Unknown Source)
	at TempTestSuite1637335687322.run(TempTestSuite1637335687322.groovy:36)
)

2021-11-19 10:39:18 - [MESSAGE][FAILED] - Unable to verify equal between actual object '1' and expected object '4' (Root cause: com.kms.katalon.core.exception.StepFailedException: Actual object '1' and expected object '4' are not equal
	at com.kms.katalon.core.keyword.builtin.VerifyEqualKeyword$_verifyEqual_closure1.doCall(VerifyEqualKeyword.groovy:58)
	at com.kms.katalon.core.keyword.builtin.VerifyEqualKeyword$_verifyEqual_closure1.call(VerifyEqualKeyword.groovy)
	at com.kms.katalon.core.keyword.internal.KeywordMain.runKeyword(KeywordMain.groovy:74)
	at com.kms.katalon.core.keyword.builtin.VerifyEqualKeyword.verifyEqual(VerifyEqualKeyword.groovy:63)
	at com.kms.katalon.core.keyword.builtin.VerifyEqualKeyword.execute(VerifyEqualKeyword.groovy:44)
	at com.kms.katalon.core.keyword.internal.KeywordExecutor.executeKeywordForPlatform(KeywordExecutor.groovy:74)
	at com.kms.katalon.core.keyword.BuiltinKeywords.verifyEqual(BuiltinKeywords.groovy:141)
	at ExistingLiability_UI_TC.run(ExistingLiability_UI_TC:70)
	at com.kms.katalon.core.main.ScriptEngine.run(ScriptEngine.java:194)
	at com.kms.katalon.core.main.ScriptEngine.runScriptAsRawText(ScriptEngine.java:119)
	at com.kms.katalon.core.main.TestCaseExecutor.runScript(TestCaseExecutor.java:430)
	at com.kms.katalon.core.main.TestCaseExecutor.doExecute(TestCaseExecutor.java:421)
	at com.kms.katalon.core.main.TestCaseExecutor.processExecutionPhase(TestCaseExecutor.java:400)
	at com.kms.katalon.core.main.TestCaseExecutor.accessMainPhase(TestCaseExecutor.java:392)
	at com.kms.katalon.core.main.TestCaseExecutor.execute(TestCaseExecutor.java:273)
	at com.kms.katalon.core.main.TestSuiteExecutor.accessTestCaseMainPhase(TestSuiteExecutor.java:202)
	at com.kms.katalon.core.main.TestSuiteExecutor.accessTestSuiteMainPhase(TestSuiteExecutor.java:164)
	at com.kms.katalon.core.main.TestSuiteExecutor.execute(TestSuiteExecutor.java:105)
	at com.kms.katalon.core.main.TestCaseMain.startTestSuite(TestCaseMain.java:185)
	at com.kms.katalon.core.main.TestCaseMain$startTestSuite$0.call(Unknown Source)
	at TempTestSuite1637335687322.run(TempTestSuite1637335687322.groovy:36)
)

2021-11-19 10:39:18 - [TEST_STEP][FAILED] - else: Total Options for Filing Year are NOT correct

2021-11-19 10:39:18 - [TEST_STEP][PASSED] - out.println("Total Options for Filing Year are NOT correct: " + totalOptionsFilingYear): null

2021-11-19 10:39:18 - [TEST_STEP][FAILED] - markFailed("Total Options for Filing Year are NOT correct"): Total Options for Filing Year are NOT correct

2021-11-19 10:39:18 - [MESSAGE][FAILED] - Total Options for Filing Year are NOT correct

2021-11-19 10:39:18 - [TEST_STEP][FAILED] - verifyOptionsPresent(findTestObject(orPath_TaxTypeFilingYear + "/select_FilingYear"), ["2021", "2020", "2019"]): Options [2021, 2020, 2019] do NOT present. (Root cause: com.kms.katalon.core.exception.StepFailedException: Options [2021, 2020, 2019] do NOT present.. Reason: Your expected options are [2021, 2020, 2019] but the actual are [2021].
	at com.kms.katalon.core.webui.keyword.internal.WebUIKeywordMain.stepFailedWithReason(WebUIKeywordMain.groovy:70)
	at com.kms.katalon.core.webui.keyword.builtin.VerifyOptionsPresentKeyword$_verifyOptionsPresent_closure1.doCall(VerifyOptionsPresentKeyword.groovy:64)
	at com.kms.katalon.core.webui.keyword.builtin.VerifyOptionsPresentKeyword$_verifyOptionsPresent_closure1.call(VerifyOptionsPresentKeyword.groovy)
	at com.kms.katalon.core.webui.keyword.internal.WebUIKeywordMain.runKeyword(WebUIKeywordMain.groovy:20)
	at com.kms.katalon.core.webui.keyword.builtin.VerifyOptionsPresentKeyword.verifyOptionsPresent(VerifyOptionsPresentKeyword.groovy:72)
	at com.kms.katalon.core.webui.keyword.builtin.VerifyOptionsPresentKeyword.execute(VerifyOptionsPresentKeyword.groovy:38)
	at com.kms.katalon.core.keyword.internal.KeywordExecutor.executeKeywordForPlatform(KeywordExecutor.groovy:74)
	at com.kms.katalon.core.webui.keyword.WebUiBuiltInKeywords.verifyOptionsPresent(WebUiBuiltInKeywords.groovy:4716)
	at com.kms.katalon.core.webui.keyword.WebUiBuiltInKeywords$verifyOptionsPresent$7.call(Unknown Source)
	at ExistingLiability_UI_TC.run(ExistingLiability_UI_TC:84)
	at com.kms.katalon.core.main.ScriptEngine.run(ScriptEngine.java:194)
	at com.kms.katalon.core.main.ScriptEngine.runScriptAsRawText(ScriptEngine.java:119)
	at com.kms.katalon.core.main.TestCaseExecutor.runScript(TestCaseExecutor.java:430)
	at com.kms.katalon.core.main.TestCaseExecutor.doExecute(TestCaseExecutor.java:421)
	at com.kms.katalon.core.main.TestCaseExecutor.processExecutionPhase(TestCaseExecutor.java:400)
	at com.kms.katalon.core.main.TestCaseExecutor.accessMainPhase(TestCaseExecutor.java:392)
	at com.kms.katalon.core.main.TestCaseExecutor.execute(TestCaseExecutor.java:273)
	at com.kms.katalon.core.main.TestSuiteExecutor.accessTestCaseMainPhase(TestSuiteExecutor.java:202)
	at com.kms.katalon.core.main.TestSuiteExecutor.accessTestSuiteMainPhase(TestSuiteExecutor.java:164)
	at com.kms.katalon.core.main.TestSuiteExecutor.execute(TestSuiteExecutor.java:105)
	at com.kms.katalon.core.main.TestCaseMain.startTestSuite(TestCaseMain.java:185)
	at com.kms.katalon.core.main.TestCaseMain$startTestSuite$0.call(Unknown Source)
	at TempTestSuite1637335687322.run(TempTestSuite1637335687322.groovy:36)
)

2021-11-19 10:39:18 - [MESSAGE][FAILED] - Options [2021, 2020, 2019] do NOT present. (Root cause: com.kms.katalon.core.exception.StepFailedException: Options [2021, 2020, 2019] do NOT present.. Reason: Your expected options are [2021, 2020, 2019] but the actual are [2021].
	at com.kms.katalon.core.webui.keyword.internal.WebUIKeywordMain.stepFailedWithReason(WebUIKeywordMain.groovy:70)
	at com.kms.katalon.core.webui.keyword.builtin.VerifyOptionsPresentKeyword$_verifyOptionsPresent_closure1.doCall(VerifyOptionsPresentKeyword.groovy:64)
	at com.kms.katalon.core.webui.keyword.builtin.VerifyOptionsPresentKeyword$_verifyOptionsPresent_closure1.call(VerifyOptionsPresentKeyword.groovy)
	at com.kms.katalon.core.webui.keyword.internal.WebUIKeywordMain.runKeyword(WebUIKeywordMain.groovy:20)
	at com.kms.katalon.core.webui.keyword.builtin.VerifyOptionsPresentKeyword.verifyOptionsPresent(VerifyOptionsPresentKeyword.groovy:72)
	at com.kms.katalon.core.webui.keyword.builtin.VerifyOptionsPresentKeyword.execute(VerifyOptionsPresentKeyword.groovy:38)
	at com.kms.katalon.core.keyword.internal.KeywordExecutor.executeKeywordForPlatform(KeywordExecutor.groovy:74)
	at com.kms.katalon.core.webui.keyword.WebUiBuiltInKeywords.verifyOptionsPresent(WebUiBuiltInKeywords.groovy:4716)
	at com.kms.katalon.core.webui.keyword.WebUiBuiltInKeywords$verifyOptionsPresent$7.call(Unknown Source)
	at ExistingLiability_UI_TC.run(ExistingLiability_UI_TC:84)
	at com.kms.katalon.core.main.ScriptEngine.run(ScriptEngine.java:194)
	at com.kms.katalon.core.main.ScriptEngine.runScriptAsRawText(ScriptEngine.java:119)
	at com.kms.katalon.core.main.TestCaseExecutor.runScript(TestCaseExecutor.java:430)
	at com.kms.katalon.core.main.TestCaseExecutor.doExecute(TestCaseExecutor.java:421)
	at com.kms.katalon.core.main.TestCaseExecutor.processExecutionPhase(TestCaseExecutor.java:400)
	at com.kms.katalon.core.main.TestCaseExecutor.accessMainPhase(TestCaseExecutor.java:392)
	at com.kms.katalon.core.main.TestCaseExecutor.execute(TestCaseExecutor.java:273)
	at com.kms.katalon.core.main.TestSuiteExecutor.accessTestCaseMainPhase(TestSuiteExecutor.java:202)
	at com.kms.katalon.core.main.TestSuiteExecutor.accessTestSuiteMainPhase(TestSuiteExecutor.java:164)
	at com.kms.katalon.core.main.TestSuiteExecutor.execute(TestSuiteExecutor.java:105)
	at com.kms.katalon.core.main.TestCaseMain.startTestSuite(TestCaseMain.java:185)
	at com.kms.katalon.core.main.TestCaseMain$startTestSuite$0.call(Unknown Source)
	at TempTestSuite1637335687322.run(TempTestSuite1637335687322.groovy:36)
)
[[ATTACHMENT|E:\\Cloned-Project-Katalon\\VPS-Katalon\\Reports\\20211119_102807\\RAD_TestSuite\\RAD_UI_TestSuite\\20211119_102807\\1637336358692.png]]

2021-11-19 10:39:18 - [TEST_STEP][PASSED] - verifyTextPresent("Tax Type/Filing Year", true): Text 'Tax Type/Filing Year' is present on page  using regular expression

2021-11-19 10:39:19 - [MESSAGE][PASSED] - Text 'Tax Type/Filing Year' is present on page  using regular expression

2021-11-19 10:39:19 - [TEST_STEP][PASSED] - verifyTextPresent("Taxpayer", true): Text 'Taxpayer' is present on page  using regular expression

2021-11-19 10:39:19 - [MESSAGE][PASSED] - Text 'Taxpayer' is present on page  using regular expression

2021-11-19 10:39:19 - [TEST_STEP][PASSED] - verifyTextPresent("Provide the following taxpayer information", true): Text 'Provide the following taxpayer information' is present on page  using regular expression

2021-11-19 10:39:20 - [MESSAGE][PASSED] - Text 'Provide the following taxpayer information' is present on page  using regular expression

2021-11-19 10:39:20 - [TEST_STEP][PASSED] - verifyTextPresent("Note: If you are paying on behalf of the Taxpayer, enter Taxpayer", true): Text 'Note: If you are paying on behalf of the Taxpayer, enter Taxpayer' is present on page  using regular expression

2021-11-19 10:39:20 - [MESSAGE][PASSED] - Text 'Note: If you are paying on behalf of the Taxpayer, enter Taxpayer' is present on page  using regular expression

2021-11-19 10:39:20 - [TEST_STEP][PASSED] - verifyTextPresent("information here. If you are making a payment for the Taxpayer, you will be required later to enter your own credit card, billing address and other pertinent information", true): Text 'information here. If you are making a payment for the Taxpayer, you will be required later to enter your own credit card, billing address and other pertinent information' is present on page  using regular expression

2021-11-19 10:39:20 - [MESSAGE][PASSED] - Text 'information here. If you are making a payment for the Taxpayer, you will be required later to enter your own credit card, billing address and other pertinent information' is present on page  using regular expression

2021-11-19 10:39:20 - [TEST_STEP][PASSED] - verifyTextPresent("Address and Contact Information", true): Text 'Address and Contact Information' is present on page  using regular expression

2021-11-19 10:39:21 - [MESSAGE][PASSED] - Text 'Address and Contact Information' is present on page  using regular expression

2021-11-19 10:39:21 - [TEST_STEP][PASSED] - verifyTextPresent("Enter the taxpayer", true): Text 'Enter the taxpayer' is present on page  using regular expression

2021-11-19 10:39:21 - [MESSAGE][PASSED] - Text 'Enter the taxpayer' is present on page  using regular expression

2021-11-19 10:39:21 - [TEST_STEP][PASSED] - verifyTextPresent("address and contact information", true): Text 'address and contact information' is present on page  using regular expression

2021-11-19 10:39:21 - [MESSAGE][PASSED] - Text 'address and contact information' is present on page  using regular expression

2021-11-19 10:39:21 - [TEST_STEP][PASSED] - verifyTextPresent("Tax Information", true): Text 'Tax Information' is present on page  using regular expression

2021-11-19 10:39:22 - [MESSAGE][PASSED] - Text 'Tax Information' is present on page  using regular expression

2021-11-19 10:39:22 - [TEST_STEP][PASSED] - verifyTextPresent("Either provide your Social Security Number OR Federal EIN", true): Text 'Either provide your Social Security Number OR Federal EIN' is present on page  using regular expression

2021-11-19 10:39:22 - [MESSAGE][PASSED] - Text 'Either provide your Social Security Number OR Federal EIN' is present on page  using regular expression

2021-11-19 10:39:22 - [TEST_STEP][PASSED] - verifyTextPresent("Payment Amount", true): Text 'Payment Amount' is present on page  using regular expression

2021-11-19 10:39:22 - [MESSAGE][PASSED] - Text 'Payment Amount' is present on page  using regular expression

2021-11-19 10:39:22 - [TEST_STEP][PASSED] - verifyTextPresent("Service Fee: This electronic government service includes a service/convenience fee. Click here for details", true): Text 'Service Fee: This electronic government service includes a service/convenience fee. Click here for details' is present on page  using regular expression

2021-11-19 10:39:23 - [MESSAGE][PASSED] - Text 'Service Fee: This electronic government service includes a service/convenience fee. Click here for details' is present on page  using regular expression

2021-11-19 10:39:23 - [TEST_STEP][PASSED] - verifyElementPresent(findTestObject(orPath_Amount + "/a_Click here for details"), 30): Object 'Object Repository/RAD_Pages/PaymentAmount_Page/a_Click here for details' is present

2021-11-19 10:39:23 - [MESSAGE][PASSED] - Object 'Object Repository/RAD_Pages/PaymentAmount_Page/a_Click here for details' is present

2021-11-19 10:39:23 - [TEST_STEP][PASSED] - verifyElementPresent(findTestObject(orPath_Landing + "/button_Continue"), 30): Object 'Object Repository/RAD_Pages/Landing_Page/button_Continue' is present

2021-11-19 10:39:23 - [MESSAGE][PASSED] - Object 'Object Repository/RAD_Pages/Landing_Page/button_Continue' is present

2021-11-19 10:39:23 - [TEST_STEP][PASSED] - verifyElementPresent(findTestObject(orPath_TaxPayer + "/input_firstName"), 30): Object 'Object Repository/RAD_Pages/Taxpayer_Page/input_firstName' is present

2021-11-19 10:39:24 - [MESSAGE][PASSED] - Object 'Object Repository/RAD_Pages/Taxpayer_Page/input_firstName' is present

2021-11-19 10:39:24 - [TEST_STEP][PASSED] - verifyElementPresent(findTestObject(orPath_TaxPayer + "/input_middleName"), 30): Object 'Object Repository/RAD_Pages/Taxpayer_Page/input_middleName' is present

2021-11-19 10:39:24 - [MESSAGE][PASSED] - Object 'Object Repository/RAD_Pages/Taxpayer_Page/input_middleName' is present

2021-11-19 10:39:24 - [TEST_STEP][PASSED] - verifyElementPresent(findTestObject(orPath_TaxPayer + "/input_lastName"), 30): Object 'Object Repository/RAD_Pages/Taxpayer_Page/input_lastName' is present

2021-11-19 10:39:24 - [MESSAGE][PASSED] - Object 'Object Repository/RAD_Pages/Taxpayer_Page/input_lastName' is present

2021-11-19 10:39:24 - [TEST_STEP][PASSED] - verifyElementPresent(findTestObject(orPath_TaxPayer + "/input_suffix"), 30): Object 'Object Repository/RAD_Pages/Taxpayer_Page/input_suffix' is present

2021-11-19 10:39:24 - [MESSAGE][PASSED] - Object 'Object Repository/RAD_Pages/Taxpayer_Page/input_suffix' is present

2021-11-19 10:39:24 - [TEST_STEP][PASSED] - verifyElementPresent(findTestObject(orPath_AddressContact + "/select_Country"), 30): Object 'Object Repository/RAD_Pages/AddressAndContactInfo_Page/select_Country' is present

2021-11-19 10:39:25 - [MESSAGE][PASSED] - Object 'Object Repository/RAD_Pages/AddressAndContactInfo_Page/select_Country' is present

2021-11-19 10:39:25 - [TEST_STEP][PASSED] - verifyElementPresent(findTestObject(orPath_AddressContact + "/input_streetAddress1"), 30): Object 'Object Repository/RAD_Pages/AddressAndContactInfo_Page/input_streetAddress1' is present

2021-11-19 10:39:25 - [MESSAGE][PASSED] - Object 'Object Repository/RAD_Pages/AddressAndContactInfo_Page/input_streetAddress1' is present

2021-11-19 10:39:25 - [TEST_STEP][PASSED] - verifyElementPresent(findTestObject(orPath_AddressContact + "/input_streetAddress2"), 30): Object 'Object Repository/RAD_Pages/AddressAndContactInfo_Page/input_streetAddress2' is present

2021-11-19 10:39:25 - [MESSAGE][PASSED] - Object 'Object Repository/RAD_Pages/AddressAndContactInfo_Page/input_streetAddress2' is present

2021-11-19 10:39:25 - [TEST_STEP][PASSED] - verifyElementPresent(findTestObject(orPath_AddressContact + "/input_city"), 30): Object 'Object Repository/RAD_Pages/AddressAndContactInfo_Page/input_city' is present

2021-11-19 10:39:26 - [MESSAGE][PASSED] - Object 'Object Repository/RAD_Pages/AddressAndContactInfo_Page/input_city' is present

2021-11-19 10:39:26 - [TEST_STEP][PASSED] - verifyElementPresent(findTestObject(orPath_AddressContact + "/select_State"), 30): Object 'Object Repository/RAD_Pages/AddressAndContactInfo_Page/select_State' is present

2021-11-19 10:39:26 - [MESSAGE][PASSED] - Object 'Object Repository/RAD_Pages/AddressAndContactInfo_Page/select_State' is present

2021-11-19 10:39:26 - [TEST_STEP][PASSED] - verifyElementPresent(findTestObject(orPath_AddressContact + "/input_zipCode"), 30): Object 'Object Repository/RAD_Pages/AddressAndContactInfo_Page/input_zipCode' is present

2021-11-19 10:39:26 - [MESSAGE][PASSED] - Object 'Object Repository/RAD_Pages/AddressAndContactInfo_Page/input_zipCode' is present

2021-11-19 10:39:26 - [TEST_STEP][PASSED] - verifyElementPresent(findTestObject(orPath_AddressContact + "/input_phoneNumber"), 30): Object 'Object Repository/RAD_Pages/AddressAndContactInfo_Page/input_phoneNumber' is present

2021-11-19 10:39:27 - [MESSAGE][PASSED] - Object 'Object Repository/RAD_Pages/AddressAndContactInfo_Page/input_phoneNumber' is present

2021-11-19 10:39:27 - [TEST_STEP][PASSED] - verifyElementPresent(findTestObject(orPath_AddressContact + "/input_eMailAddress"), 30): Object 'Object Repository/RAD_Pages/AddressAndContactInfo_Page/input_eMailAddress' is present

2021-11-19 10:39:27 - [MESSAGE][PASSED] - Object 'Object Repository/RAD_Pages/AddressAndContactInfo_Page/input_eMailAddress' is present

2021-11-19 10:39:27 - [TEST_STEP][PASSED] - verifyElementPresent(findTestObject(orPath_AddressContact + "/input_reEnterEMailAddress"), 30): Object 'Object Repository/RAD_Pages/AddressAndContactInfo_Page/input_reEnterEMailAddress' is present

2021-11-19 10:39:27 - [MESSAGE][PASSED] - Object 'Object Repository/RAD_Pages/AddressAndContactInfo_Page/input_reEnterEMailAddress' is present

2021-11-19 10:39:27 - [TEST_STEP][PASSED] - verifyOptionsPresent(findTestObject(orPath_AddressContact + "/select_Country"), ["United States"]): Options [United States] present.

2021-11-19 10:39:28 - [MESSAGE][PASSED] - Options [United States] present.

2021-11-19 10:39:28 - [TEST_STEP][PASSED] - verifyOptionsPresent(findTestObject(orPath_AddressContact + "/select_State"), ["Alabama", "District of Columbia", "Maryland", "Virginia", "Wyoming"]): Options [Alabama, District of Columbia, Maryland, Virginia, Wyoming] present.

2021-11-19 10:39:29 - [MESSAGE][PASSED] - Options [Alabama, District of Columbia, Maryland, Virginia, Wyoming] present.

2021-11-19 10:39:29 - [TEST_STEP][PASSED] - totalOptionsState = getNumberOfTotalOption(findTestObject(orPath_AddressContact + "/select_State")): 52 options of object 'Object Repository/RAD_Pages/AddressAndContactInfo_Page/select_State' counted

2021-11-19 10:39:30 - [MESSAGE][PASSED] - 52 options of object 'Object Repository/RAD_Pages/AddressAndContactInfo_Page/select_State' counted

2021-11-19 10:39:30 - [TEST_STEP][PASSED] - verifyEqual(totalOptionsState, 52): Actual object '52' and expected object '52' are equal

2021-11-19 10:39:30 - [MESSAGE][PASSED] - Actual object '52' and expected object '52' are equal

2021-11-19 10:39:30 - [TEST_STEP][PASSED] - verifyElementPresent(findTestObject(orPath_TaxInfo + "/input_TaxInfo_ExisitingSSN"), 30): Object 'Object Repository/RAD_Pages/TaxInfo_Page/input_TaxInfo_ExisitingSSN' is present

2021-11-19 10:39:30 - [MESSAGE][PASSED] - Object 'Object Repository/RAD_Pages/TaxInfo_Page/input_TaxInfo_ExisitingSSN' is present

2021-11-19 10:39:30 - [TEST_STEP][PASSED] - verifyElementPresent(findTestObject(orPath_TaxInfo + "/input_TaxInfo_reTaxTypeExisitingSSN"), 30): Object 'Object Repository/RAD_Pages/TaxInfo_Page/input_TaxInfo_reTaxTypeExisitingSSN' is present

2021-11-19 10:39:31 - [MESSAGE][PASSED] - Object 'Object Repository/RAD_Pages/TaxInfo_Page/input_TaxInfo_reTaxTypeExisitingSSN' is present

2021-11-19 10:39:31 - [TEST_STEP][PASSED] - verifyElementPresent(findTestObject(orPath_TaxInfo + "/input_FEIN"), 30): Object 'Object Repository/RAD_Pages/TaxInfo_Page/input_FEIN' is present

2021-11-19 10:39:31 - [MESSAGE][PASSED] - Object 'Object Repository/RAD_Pages/TaxInfo_Page/input_FEIN' is present

2021-11-19 10:39:31 - [TEST_STEP][PASSED] - verifyElementPresent(findTestObject(orPath_TaxInfo + "/input_ReTypeFEIN"), 30): Object 'Object Repository/RAD_Pages/TaxInfo_Page/input_ReTypeFEIN' is present

2021-11-19 10:39:32 - [MESSAGE][PASSED] - Object 'Object Repository/RAD_Pages/TaxInfo_Page/input_ReTypeFEIN' is present

2021-11-19 10:39:32 - [TEST_STEP][PASSED] - verifyElementPresent(findTestObject(orPath_TaxInfo + "/input_NoticeInvoiceNumber"), 30): Object 'Object Repository/RAD_Pages/TaxInfo_Page/input_NoticeInvoiceNumber' is present

2021-11-19 10:39:32 - [MESSAGE][PASSED] - Object 'Object Repository/RAD_Pages/TaxInfo_Page/input_NoticeInvoiceNumber' is present

2021-11-19 10:39:32 - [TEST_STEP][PASSED] - verifyElementPresent(findTestObject(orPath_TaxInfo + "/input_reTypeNoticeInvoiceNumber"), 30): Object 'Object Repository/RAD_Pages/TaxInfo_Page/input_reTypeNoticeInvoiceNumber' is present

2021-11-19 10:39:32 - [MESSAGE][PASSED] - Object 'Object Repository/RAD_Pages/TaxInfo_Page/input_reTypeNoticeInvoiceNumber' is present

2021-11-19 10:39:32 - [TEST_STEP][PASSED] - verifyElementPresent(findTestObject(orPath_Amount + "/input__paymentAmount"), 30): Object 'Object Repository/RAD_Pages/PaymentAmount_Page/input__paymentAmount' is present

2021-11-19 10:39:33 - [MESSAGE][PASSED] - Object 'Object Repository/RAD_Pages/PaymentAmount_Page/input__paymentAmount' is present]]></system-out>
         <system-err><![CDATA[2021-11-19 10:39:08 - [TEST_CASE][FAILED] - Test Cases/RAD_TestCases/UI_TestCases/ExistingLiability_UI_TC: Test Cases/RAD_TestCases/UI_TestCases/ExistingLiability_UI_TC FAILED.
Reason:
com.kms.katalon.core.exception.StepFailedException: Unable to verify equal between actual object '1' and expected object '4' (Root cause: com.kms.katalon.core.exception.StepFailedException: Actual object '1' and expected object '4' are not equal
	at com.kms.katalon.core.keyword.builtin.VerifyEqualKeyword$_verifyEqual_closure1.doCall(VerifyEqualKeyword.groovy:58)
	at com.kms.katalon.core.keyword.builtin.VerifyEqualKeyword$_verifyEqual_closure1.call(VerifyEqualKeyword.groovy)
	at com.kms.katalon.core.keyword.internal.KeywordMain.runKeyword(KeywordMain.groovy:74)
	at com.kms.katalon.core.keyword.builtin.VerifyEqualKeyword.verifyEqual(VerifyEqualKeyword.groovy:63)
	at com.kms.katalon.core.keyword.builtin.VerifyEqualKeyword.execute(VerifyEqualKeyword.groovy:44)
	at com.kms.katalon.core.keyword.internal.KeywordExecutor.executeKeywordForPlatform(KeywordExecutor.groovy:74)
	at com.kms.katalon.core.keyword.BuiltinKeywords.verifyEqual(BuiltinKeywords.groovy:141)
	at ExistingLiability_UI_TC.run(ExistingLiability_UI_TC:70)
	at com.kms.katalon.core.main.ScriptEngine.run(ScriptEngine.java:194)
	at com.kms.katalon.core.main.ScriptEngine.runScriptAsRawText(ScriptEngine.java:119)
	at com.kms.katalon.core.main.TestCaseExecutor.runScript(TestCaseExecutor.java:430)
	at com.kms.katalon.core.main.TestCaseExecutor.doExecute(TestCaseExecutor.java:421)
	at com.kms.katalon.core.main.TestCaseExecutor.processExecutionPhase(TestCaseExecutor.java:400)
	at com.kms.katalon.core.main.TestCaseExecutor.accessMainPhase(TestCaseExecutor.java:392)
	at com.kms.katalon.core.main.TestCaseExecutor.execute(TestCaseExecutor.java:273)
	at com.kms.katalon.core.main.TestSuiteExecutor.accessTestCaseMainPhase(TestSuiteExecutor.java:202)
	at com.kms.katalon.core.main.TestSuiteExecutor.accessTestSuiteMainPhase(TestSuiteExecutor.java:164)
	at com.kms.katalon.core.main.TestSuiteExecutor.execute(TestSuiteExecutor.java:105)
	at com.kms.katalon.core.main.TestCaseMain.startTestSuite(TestCaseMain.java:185)
	at com.kms.katalon.core.main.TestCaseMain$startTestSuite$0.call(Unknown Source)
	at TempTestSuite1637335687322.run(TempTestSuite1637335687322.groovy:36)
)
	at com.kms.katalon.core.keyword.internal.KeywordMain.stepFailed(KeywordMain.groovy:39)
	at com.kms.katalon.core.keyword.internal.KeywordMain.stepFailed(KeywordMain.groovy)
	at com.kms.katalon.core.keyword.internal.KeywordMain.runKeyword(KeywordMain.groovy:76)
	at com.kms.katalon.core.keyword.builtin.VerifyEqualKeyword.verifyEqual(VerifyEqualKeyword.groovy:63)
	at com.kms.katalon.core.keyword.builtin.VerifyEqualKeyword.execute(VerifyEqualKeyword.groovy:44)
	at com.kms.katalon.core.keyword.internal.KeywordExecutor.executeKeywordForPlatform(KeywordExecutor.groovy:74)
	at com.kms.katalon.core.keyword.BuiltinKeywords.verifyEqual(BuiltinKeywords.groovy:141)
	at ExistingLiability_UI_TC.run(ExistingLiability_UI_TC:70)
	at com.kms.katalon.core.main.ScriptEngine.run(ScriptEngine.java:194)
	at com.kms.katalon.core.main.ScriptEngine.runScriptAsRawText(ScriptEngine.java:119)
	at com.kms.katalon.core.main.TestCaseExecutor.runScript(TestCaseExecutor.java:430)
	at com.kms.katalon.core.main.TestCaseExecutor.doExecute(TestCaseExecutor.java:421)
	at com.kms.katalon.core.main.TestCaseExecutor.processExecutionPhase(TestCaseExecutor.java:400)
	at com.kms.katalon.core.main.TestCaseExecutor.accessMainPhase(TestCaseExecutor.java:392)
	at com.kms.katalon.core.main.TestCaseExecutor.execute(TestCaseExecutor.java:273)
	at com.kms.katalon.core.main.TestSuiteExecutor.accessTestCaseMainPhase(TestSuiteExecutor.java:202)
	at com.kms.katalon.core.main.TestSuiteExecutor.accessTestSuiteMainPhase(TestSuiteExecutor.java:164)
	at com.kms.katalon.core.main.TestSuiteExecutor.execute(TestSuiteExecutor.java:105)
	at com.kms.katalon.core.main.TestCaseMain.startTestSuite(TestCaseMain.java:185)
	at com.kms.katalon.core.main.TestCaseMain$startTestSuite$0.call(Unknown Source)
	at TempTestSuite1637335687322.run(TempTestSuite1637335687322.groovy:36)
Caused by: com.kms.katalon.core.exception.StepFailedException: Actual object '1' and expected object '4' are not equal
	at com.kms.katalon.core.keyword.builtin.VerifyEqualKeyword$_verifyEqual_closure1.doCall(VerifyEqualKeyword.groovy:58)
	at com.kms.katalon.core.keyword.builtin.VerifyEqualKeyword$_verifyEqual_closure1.call(VerifyEqualKeyword.groovy)
	at com.kms.katalon.core.keyword.internal.KeywordMain.runKeyword(KeywordMain.groovy:74)
	... 18 more]]></system-err>
      </testcase>
      <testcase name="Test Cases/RAD_TestCases/UI_TestCases/VerifyServiceFeeVerbiage_UI_TC" time="53.118" classname="Test Cases/RAD_TestCases/UI_TestCases/VerifyServiceFeeVerbiage_UI_TC" status="FAILED">
         <failure type="FAILED" message="Test Cases/RAD_TestCases/UI_TestCases/VerifyServiceFeeVerbiage_UI_TC FAILED.
Reason:
com.kms.katalon.core.exception.StepFailedException: Unable to click on object 'Object Repository/RAD_Pages/Landing_Page/a_Click here for details' (Root cause: com.kms.katalon.core.exception.StepFailedException: Unable to click on object 'Object Repository/RAD_Pages/Landing_Page/a_Click here for details'
	at com.kms.katalon.core.webui.keyword.internal.WebUIKeywordMain.stepFailed(WebUIKeywordMain.groovy:64)
	at com.kms.katalon.core.webui.keyword.internal.WebUIKeywordMain.runKeyword(WebUIKeywordMain.groovy:26)
	at com.kms.katalon.core.webui.keyword.builtin.ClickKeyword.click(ClickKeyword.groovy:75)
	at com.kms.katalon.core.webui.keyword.builtin.ClickKeyword.execute(ClickKeyword.groovy:42)
	at com.kms.katalon.core.keyword.internal.KeywordExecutor.executeKeywordForPlatform(KeywordExecutor.groovy:74)
	at com.kms.katalon.core.webui.keyword.WebUiBuiltInKeywords.click(WebUiBuiltInKeywords.groovy:620)
	at com.kms.katalon.core.webui.keyword.WebUiBuiltInKeywords$click$10.call(Unknown Source)
	at VerifyServiceFeeVerbiage_UI_TC.run(VerifyServiceFeeVerbiage_UI_TC:46)
	at com.kms.katalon.core.main.ScriptEngine.run(ScriptEngine.java:194)
	at com.kms.katalon.core.main.ScriptEngine.runScriptAsRawText(ScriptEngine.java:119)
	at com.kms.katalon.core.main.TestCaseExecutor.runScript(TestCaseExecutor.java:430)
	at com.kms.katalon.core.main.TestCaseExecutor.doExecute(TestCaseExecutor.java:421)
	at com.kms.katalon.core.main.TestCaseExecutor.processExecutionPhase(TestCaseExecutor.java:400)
	at com.kms.katalon.core.main.TestCaseExecutor.accessMainPhase(TestCaseExecutor.java:392)
	at com.kms.katalon.core.main.TestCaseExecutor.execute(TestCaseExecutor.java:273)
	at com.kms.katalon.core.main.TestSuiteExecutor.accessTestCaseMainPhase(TestSuiteExecutor.java:202)
	at com.kms.katalon.core.main.TestSuiteExecutor.accessTestSuiteMainPhase(TestSuiteExecutor.java:164)
	at com.kms.katalon.core.main.TestSuiteExecutor.execute(TestSuiteExecutor.java:105)
	at com.kms.katalon.core.main.TestCaseMain.startTestSuite(TestCaseMain.java:185)
	at com.kms.katalon.core.main.TestCaseMain$startTestSuite$0.call(Unknown Source)
	at TempTestSuite1637335687322.run(TempTestSuite1637335687322.groovy:36)
Caused by: org.openqa.selenium.ElementClickInterceptedException: element click intercepted: Element is not clickable at point (1050, 2410)
  (Session info: chrome=96.0.4664.45)
Build info: version: '3.141.59', revision: 'e82be7d358', time: '2018-11-14T08:25:53'
System info: host: 'DESKTOP-B2QI6NS', ip: '172.30.2.167', os.name: 'Windows 10', os.arch: 'amd64', os.version: '10.0', java.version: '1.8.0_181'
Driver info: com.kms.katalon.selenium.driver.CChromeDriver
Capabilities {acceptInsecureCerts: true, browserName: chrome, browserVersion: 96.0.4664.45, chrome: {chromedriverVersion: 95.0.4638.54 (d31a821ec901f..., userDataDir: C:\Users\iahmed\AppData\Loc...}, goog:chromeOptions: {debuggerAddress: localhost:61563}, javascriptEnabled: true, networkConnectionEnabled: false, pageLoadStrategy: normal, platform: WINDOWS, platformName: WINDOWS, proxy: Proxy(), setWindowRect: true, strictFileInteractability: false, timeouts: {implicit: 0, pageLoad: 300000, script: 30000}, unhandledPromptBehavior: dismiss and notify, webauthn:extension:credBlob: true, webauthn:extension:largeBlob: true, webauthn:virtualAuthenticators: true}
Session ID: 9c624e81208846d023009c2b096d8faf
	at org.openqa.selenium.remote.http.W3CHttpResponseCodec.createException(W3CHttpResponseCodec.java:187)
	at org.openqa.selenium.remote.http.W3CHttpResponseCodec.decode(W3CHttpResponseCodec.java:122)
	at org.openqa.selenium.remote.http.W3CHttpResponseCodec.decode(W3CHttpResponseCodec.java:49)
	at org.openqa.selenium.remote.HttpCommandExecutor.execute(HttpCommandExecutor.java:158)
	at org.openqa.selenium.remote.service.DriverCommandExecutor.execute(DriverCommandExecutor.java:83)
	at org.openqa.selenium.remote.RemoteWebDriver.execute(RemoteWebDriver.java:552)
	at com.kms.katalon.selenium.driver.CChromeDriver.execute(CChromeDriver.java:19)
	at org.openqa.selenium.remote.RemoteWebElement.execute(RemoteWebElement.java:285)
	at org.openqa.selenium.remote.RemoteWebElement.click(RemoteWebElement.java:84)
	at org.openqa.selenium.support.events.EventFiringWebDriver$EventFiringWebElement.lambda$new$0(EventFiringWebDriver.java:404)
	at com.sun.proxy.$Proxy11.click(Unknown Source)
	at org.openqa.selenium.support.events.EventFiringWebDriver$EventFiringWebElement.click(EventFiringWebDriver.java:417)
	at com.kms.katalon.core.webui.keyword.builtin.ClickKeyword$_click_closure1.doCall(ClickKeyword.groovy:68)
	at com.kms.katalon.core.webui.keyword.builtin.ClickKeyword$_click_closure1.call(ClickKeyword.groovy)
	at com.kms.katalon.core.webui.keyword.internal.WebUIKeywordMain.runKeyword(WebUIKeywordMain.groovy:20)
	at com.kms.katalon.core.webui.keyword.builtin.ClickKeyword.click(ClickKeyword.groovy:75)
	at com.kms.katalon.core.webui.keyword.builtin.ClickKeyword.execute(ClickKeyword.groovy:42)
	at com.kms.katalon.core.keyword.internal.KeywordExecutor.executeKeywordForPlatform(KeywordExecutor.groovy:74)
	at com.kms.katalon.core.webui.keyword.WebUiBuiltInKeywords.click(WebUiBuiltInKeywords.groovy:620)
	at com.kms.katalon.core.webui.keyword.WebUiBuiltInKeywords$click$10.call(Unknown Source)
	at Script1635887204249.run(Script1635887204249.groovy:46)
	... 13 more
)
	at com.kms.katalon.core.keyword.internal.KeywordMain.stepFailed(KeywordMain.groovy:39)
	at com.kms.katalon.core.webui.keyword.internal.WebUIKeywordMain.stepFailed(WebUIKeywordMain.groovy:64)
	at com.kms.katalon.core.webui.keyword.internal.WebUIKeywordMain.runKeyword(WebUIKeywordMain.groovy:26)
	at com.kms.katalon.core.webui.keyword.builtin.ClickKeyword.click(ClickKeyword.groovy:75)
	at com.kms.katalon.core.webui.keyword.builtin.ClickKeyword.execute(ClickKeyword.groovy:42)
	at com.kms.katalon.core.keyword.internal.KeywordExecutor.executeKeywordForPlatform(KeywordExecutor.groovy:74)
	at com.kms.katalon.core.webui.keyword.WebUiBuiltInKeywords.click(WebUiBuiltInKeywords.groovy:620)
	at com.kms.katalon.core.webui.keyword.WebUiBuiltInKeywords$click$10.call(Unknown Source)
	at VerifyServiceFeeVerbiage_UI_TC.run(VerifyServiceFeeVerbiage_UI_TC:46)
	at com.kms.katalon.core.main.ScriptEngine.run(ScriptEngine.java:194)
	at com.kms.katalon.core.main.ScriptEngine.runScriptAsRawText(ScriptEngine.java:119)
	at com.kms.katalon.core.main.TestCaseExecutor.runScript(TestCaseExecutor.java:430)
	at com.kms.katalon.core.main.TestCaseExecutor.doExecute(TestCaseExecutor.java:421)
	at com.kms.katalon.core.main.TestCaseExecutor.processExecutionPhase(TestCaseExecutor.java:400)
	at com.kms.katalon.core.main.TestCaseExecutor.accessMainPhase(TestCaseExecutor.java:392)
	at com.kms.katalon.core.main.TestCaseExecutor.execute(TestCaseExecutor.java:273)
	at com.kms.katalon.core.main.TestSuiteExecutor.accessTestCaseMainPhase(TestSuiteExecutor.java:202)
	at com.kms.katalon.core.main.TestSuiteExecutor.accessTestSuiteMainPhase(TestSuiteExecutor.java:164)
	at com.kms.katalon.core.main.TestSuiteExecutor.execute(TestSuiteExecutor.java:105)
	at com.kms.katalon.core.main.TestCaseMain.startTestSuite(TestCaseMain.java:185)
	at com.kms.katalon.core.main.TestCaseMain$startTestSuite$0.call(Unknown Source)
	at TempTestSuite1637335687322.run(TempTestSuite1637335687322.groovy:36)
Caused by: com.kms.katalon.core.exception.StepFailedException: Unable to click on object 'Object Repository/RAD_Pages/Landing_Page/a_Click here for details'
	... 21 more
Caused by: org.openqa.selenium.ElementClickInterceptedException: element click intercepted: Element is not clickable at point (1050, 2410)
  (Session info: chrome=96.0.4664.45)
Build info: version: '3.141.59', revision: 'e82be7d358', time: '2018-11-14T08:25:53'
System info: host: 'DESKTOP-B2QI6NS', ip: '172.30.2.167', os.name: 'Windows 10', os.arch: 'amd64', os.version: '10.0', java.version: '1.8.0_181'
Driver info: com.kms.katalon.selenium.driver.CChromeDriver
Capabilities {acceptInsecureCerts: true, browserName: chrome, browserVersion: 96.0.4664.45, chrome: {chromedriverVersion: 95.0.4638.54 (d31a821ec901f..., userDataDir: C:\Users\iahmed\AppData\Loc...}, goog:chromeOptions: {debuggerAddress: localhost:61563}, javascriptEnabled: true, networkConnectionEnabled: false, pageLoadStrategy: normal, platform: WINDOWS, platformName: WINDOWS, proxy: Proxy(), setWindowRect: true, strictFileInteractability: false, timeouts: {implicit: 0, pageLoad: 300000, script: 30000}, unhandledPromptBehavior: dismiss and notify, webauthn:extension:credBlob: true, webauthn:extension:largeBlob: true, webauthn:virtualAuthenticators: true}
Session ID: 9c624e81208846d023009c2b096d8faf
	at org.openqa.selenium.remote.http.W3CHttpResponseCodec.createException(W3CHttpResponseCodec.java:187)
	at org.openqa.selenium.remote.http.W3CHttpResponseCodec.decode(W3CHttpResponseCodec.java:122)
	at org.openqa.selenium.remote.http.W3CHttpResponseCodec.decode(W3CHttpResponseCodec.java:49)
	at org.openqa.selenium.remote.HttpCommandExecutor.execute(HttpCommandExecutor.java:158)
	at org.openqa.selenium.remote.service.DriverCommandExecutor.execute(DriverCommandExecutor.java:83)
	at org.openqa.selenium.remote.RemoteWebDriver.execute(RemoteWebDriver.java:552)
	at com.kms.katalon.selenium.driver.CChromeDriver.execute(CChromeDriver.java:19)
	at org.openqa.selenium.remote.RemoteWebElement.execute(RemoteWebElement.java:285)
	at org.openqa.selenium.remote.RemoteWebElement.click(RemoteWebElement.java:84)
	at org.openqa.selenium.support.events.EventFiringWebDriver$EventFiringWebElement.lambda$new$0(EventFiringWebDriver.java:404)
	at com.sun.proxy.$Proxy11.click(Unknown Source)
	at org.openqa.selenium.support.events.EventFiringWebDriver$EventFiringWebElement.click(EventFiringWebDriver.java:417)
	at com.kms.katalon.core.webui.keyword.builtin.ClickKeyword$_click_closure1.doCall(ClickKeyword.groovy:68)
	at com.kms.katalon.core.webui.keyword.builtin.ClickKeyword$_click_closure1.call(ClickKeyword.groovy)
	at com.kms.katalon.core.webui.keyword.internal.WebUIKeywordMain.runKeyword(WebUIKeywordMain.groovy:20)
	... 19 more
"/>
         <system-out><![CDATA[2021-11-19 10:39:33 - [TEST_CASE][FAILED] - Test Cases/RAD_TestCases/UI_TestCases/VerifyServiceFeeVerbiage_UI_TC: Test Cases/RAD_TestCases/UI_TestCases/VerifyServiceFeeVerbiage_UI_TC FAILED.
Reason:
com.kms.katalon.core.exception.StepFailedException: Unable to click on object 'Object Repository/RAD_Pages/Landing_Page/a_Click here for details' (Root cause: com.kms.katalon.core.exception.StepFailedException: Unable to click on object 'Object Repository/RAD_Pages/Landing_Page/a_Click here for details'
	at com.kms.katalon.core.webui.keyword.internal.WebUIKeywordMain.stepFailed(WebUIKeywordMain.groovy:64)
	at com.kms.katalon.core.webui.keyword.internal.WebUIKeywordMain.runKeyword(WebUIKeywordMain.groovy:26)
	at com.kms.katalon.core.webui.keyword.builtin.ClickKeyword.click(ClickKeyword.groovy:75)
	at com.kms.katalon.core.webui.keyword.builtin.ClickKeyword.execute(ClickKeyword.groovy:42)
	at com.kms.katalon.core.keyword.internal.KeywordExecutor.executeKeywordForPlatform(KeywordExecutor.groovy:74)
	at com.kms.katalon.core.webui.keyword.WebUiBuiltInKeywords.click(WebUiBuiltInKeywords.groovy:620)
	at com.kms.katalon.core.webui.keyword.WebUiBuiltInKeywords$click$10.call(Unknown Source)
	at VerifyServiceFeeVerbiage_UI_TC.run(VerifyServiceFeeVerbiage_UI_TC:46)
	at com.kms.katalon.core.main.ScriptEngine.run(ScriptEngine.java:194)
	at com.kms.katalon.core.main.ScriptEngine.runScriptAsRawText(ScriptEngine.java:119)
	at com.kms.katalon.core.main.TestCaseExecutor.runScript(TestCaseExecutor.java:430)
	at com.kms.katalon.core.main.TestCaseExecutor.doExecute(TestCaseExecutor.java:421)
	at com.kms.katalon.core.main.TestCaseExecutor.processExecutionPhase(TestCaseExecutor.java:400)
	at com.kms.katalon.core.main.TestCaseExecutor.accessMainPhase(TestCaseExecutor.java:392)
	at com.kms.katalon.core.main.TestCaseExecutor.execute(TestCaseExecutor.java:273)
	at com.kms.katalon.core.main.TestSuiteExecutor.accessTestCaseMainPhase(TestSuiteExecutor.java:202)
	at com.kms.katalon.core.main.TestSuiteExecutor.accessTestSuiteMainPhase(TestSuiteExecutor.java:164)
	at com.kms.katalon.core.main.TestSuiteExecutor.execute(TestSuiteExecutor.java:105)
	at com.kms.katalon.core.main.TestCaseMain.startTestSuite(TestCaseMain.java:185)
	at com.kms.katalon.core.main.TestCaseMain$startTestSuite$0.call(Unknown Source)
	at TempTestSuite1637335687322.run(TempTestSuite1637335687322.groovy:36)
Caused by: org.openqa.selenium.ElementClickInterceptedException: element click intercepted: Element is not clickable at point (1050, 2410)
  (Session info: chrome=96.0.4664.45)
Build info: version: '3.141.59', revision: 'e82be7d358', time: '2018-11-14T08:25:53'
System info: host: 'DESKTOP-B2QI6NS', ip: '172.30.2.167', os.name: 'Windows 10', os.arch: 'amd64', os.version: '10.0', java.version: '1.8.0_181'
Driver info: com.kms.katalon.selenium.driver.CChromeDriver
Capabilities {acceptInsecureCerts: true, browserName: chrome, browserVersion: 96.0.4664.45, chrome: {chromedriverVersion: 95.0.4638.54 (d31a821ec901f..., userDataDir: C:\Users\iahmed\AppData\Loc...}, goog:chromeOptions: {debuggerAddress: localhost:61563}, javascriptEnabled: true, networkConnectionEnabled: false, pageLoadStrategy: normal, platform: WINDOWS, platformName: WINDOWS, proxy: Proxy(), setWindowRect: true, strictFileInteractability: false, timeouts: {implicit: 0, pageLoad: 300000, script: 30000}, unhandledPromptBehavior: dismiss and notify, webauthn:extension:credBlob: true, webauthn:extension:largeBlob: true, webauthn:virtualAuthenticators: true}
Session ID: 9c624e81208846d023009c2b096d8faf
	at org.openqa.selenium.remote.http.W3CHttpResponseCodec.createException(W3CHttpResponseCodec.java:187)
	at org.openqa.selenium.remote.http.W3CHttpResponseCodec.decode(W3CHttpResponseCodec.java:122)
	at org.openqa.selenium.remote.http.W3CHttpResponseCodec.decode(W3CHttpResponseCodec.java:49)
	at org.openqa.selenium.remote.HttpCommandExecutor.execute(HttpCommandExecutor.java:158)
	at org.openqa.selenium.remote.service.DriverCommandExecutor.execute(DriverCommandExecutor.java:83)
	at org.openqa.selenium.remote.RemoteWebDriver.execute(RemoteWebDriver.java:552)
	at com.kms.katalon.selenium.driver.CChromeDriver.execute(CChromeDriver.java:19)
	at org.openqa.selenium.remote.RemoteWebElement.execute(RemoteWebElement.java:285)
	at org.openqa.selenium.remote.RemoteWebElement.click(RemoteWebElement.java:84)
	at org.openqa.selenium.support.events.EventFiringWebDriver$EventFiringWebElement.lambda$new$0(EventFiringWebDriver.java:404)
	at com.sun.proxy.$Proxy11.click(Unknown Source)
	at org.openqa.selenium.support.events.EventFiringWebDriver$EventFiringWebElement.click(EventFiringWebDriver.java:417)
	at com.kms.katalon.core.webui.keyword.builtin.ClickKeyword$_click_closure1.doCall(ClickKeyword.groovy:68)
	at com.kms.katalon.core.webui.keyword.builtin.ClickKeyword$_click_closure1.call(ClickKeyword.groovy)
	at com.kms.katalon.core.webui.keyword.internal.WebUIKeywordMain.runKeyword(WebUIKeywordMain.groovy:20)
	at com.kms.katalon.core.webui.keyword.builtin.ClickKeyword.click(ClickKeyword.groovy:75)
	at com.kms.katalon.core.webui.keyword.builtin.ClickKeyword.execute(ClickKeyword.groovy:42)
	at com.kms.katalon.core.keyword.internal.KeywordExecutor.executeKeywordForPlatform(KeywordExecutor.groovy:74)
	at com.kms.katalon.core.webui.keyword.WebUiBuiltInKeywords.click(WebUiBuiltInKeywords.groovy:620)
	at com.kms.katalon.core.webui.keyword.WebUiBuiltInKeywords$click$10.call(Unknown Source)
	at Script1635887204249.run(Script1635887204249.groovy:46)
	... 13 more
)
	at com.kms.katalon.core.keyword.internal.KeywordMain.stepFailed(KeywordMain.groovy:39)
	at com.kms.katalon.core.webui.keyword.internal.WebUIKeywordMain.stepFailed(WebUIKeywordMain.groovy:64)
	at com.kms.katalon.core.webui.keyword.internal.WebUIKeywordMain.runKeyword(WebUIKeywordMain.groovy:26)
	at com.kms.katalon.core.webui.keyword.builtin.ClickKeyword.click(ClickKeyword.groovy:75)
	at com.kms.katalon.core.webui.keyword.builtin.ClickKeyword.execute(ClickKeyword.groovy:42)
	at com.kms.katalon.core.keyword.internal.KeywordExecutor.executeKeywordForPlatform(KeywordExecutor.groovy:74)
	at com.kms.katalon.core.webui.keyword.WebUiBuiltInKeywords.click(WebUiBuiltInKeywords.groovy:620)
	at com.kms.katalon.core.webui.keyword.WebUiBuiltInKeywords$click$10.call(Unknown Source)
	at VerifyServiceFeeVerbiage_UI_TC.run(VerifyServiceFeeVerbiage_UI_TC:46)
	at com.kms.katalon.core.main.ScriptEngine.run(ScriptEngine.java:194)
	at com.kms.katalon.core.main.ScriptEngine.runScriptAsRawText(ScriptEngine.java:119)
	at com.kms.katalon.core.main.TestCaseExecutor.runScript(TestCaseExecutor.java:430)
	at com.kms.katalon.core.main.TestCaseExecutor.doExecute(TestCaseExecutor.java:421)
	at com.kms.katalon.core.main.TestCaseExecutor.processExecutionPhase(TestCaseExecutor.java:400)
	at com.kms.katalon.core.main.TestCaseExecutor.accessMainPhase(TestCaseExecutor.java:392)
	at com.kms.katalon.core.main.TestCaseExecutor.execute(TestCaseExecutor.java:273)
	at com.kms.katalon.core.main.TestSuiteExecutor.accessTestCaseMainPhase(TestSuiteExecutor.java:202)
	at com.kms.katalon.core.main.TestSuiteExecutor.accessTestSuiteMainPhase(TestSuiteExecutor.java:164)
	at com.kms.katalon.core.main.TestSuiteExecutor.execute(TestSuiteExecutor.java:105)
	at com.kms.katalon.core.main.TestCaseMain.startTestSuite(TestCaseMain.java:185)
	at com.kms.katalon.core.main.TestCaseMain$startTestSuite$0.call(Unknown Source)
	at TempTestSuite1637335687322.run(TempTestSuite1637335687322.groovy:36)
Caused by: com.kms.katalon.core.exception.StepFailedException: Unable to click on object 'Object Repository/RAD_Pages/Landing_Page/a_Click here for details'
	... 21 more
Caused by: org.openqa.selenium.ElementClickInterceptedException: element click intercepted: Element is not clickable at point (1050, 2410)
  (Session info: chrome=96.0.4664.45)
Build info: version: '3.141.59', revision: 'e82be7d358', time: '2018-11-14T08:25:53'
System info: host: 'DESKTOP-B2QI6NS', ip: '172.30.2.167', os.name: 'Windows 10', os.arch: 'amd64', os.version: '10.0', java.version: '1.8.0_181'
Driver info: com.kms.katalon.selenium.driver.CChromeDriver
Capabilities {acceptInsecureCerts: true, browserName: chrome, browserVersion: 96.0.4664.45, chrome: {chromedriverVersion: 95.0.4638.54 (d31a821ec901f..., userDataDir: C:\Users\iahmed\AppData\Loc...}, goog:chromeOptions: {debuggerAddress: localhost:61563}, javascriptEnabled: true, networkConnectionEnabled: false, pageLoadStrategy: normal, platform: WINDOWS, platformName: WINDOWS, proxy: Proxy(), setWindowRect: true, strictFileInteractability: false, timeouts: {implicit: 0, pageLoad: 300000, script: 30000}, unhandledPromptBehavior: dismiss and notify, webauthn:extension:credBlob: true, webauthn:extension:largeBlob: true, webauthn:virtualAuthenticators: true}
Session ID: 9c624e81208846d023009c2b096d8faf
	at org.openqa.selenium.remote.http.W3CHttpResponseCodec.createException(W3CHttpResponseCodec.java:187)
	at org.openqa.selenium.remote.http.W3CHttpResponseCodec.decode(W3CHttpResponseCodec.java:122)
	at org.openqa.selenium.remote.http.W3CHttpResponseCodec.decode(W3CHttpResponseCodec.java:49)
	at org.openqa.selenium.remote.HttpCommandExecutor.execute(HttpCommandExecutor.java:158)
	at org.openqa.selenium.remote.service.DriverCommandExecutor.execute(DriverCommandExecutor.java:83)
	at org.openqa.selenium.remote.RemoteWebDriver.execute(RemoteWebDriver.java:552)
	at com.kms.katalon.selenium.driver.CChromeDriver.execute(CChromeDriver.java:19)
	at org.openqa.selenium.remote.RemoteWebElement.execute(RemoteWebElement.java:285)
	at org.openqa.selenium.remote.RemoteWebElement.click(RemoteWebElement.java:84)
	at org.openqa.selenium.support.events.EventFiringWebDriver$EventFiringWebElement.lambda$new$0(EventFiringWebDriver.java:404)
	at com.sun.proxy.$Proxy11.click(Unknown Source)
	at org.openqa.selenium.support.events.EventFiringWebDriver$EventFiringWebElement.click(EventFiringWebDriver.java:417)
	at com.kms.katalon.core.webui.keyword.builtin.ClickKeyword$_click_closure1.doCall(ClickKeyword.groovy:68)
	at com.kms.katalon.core.webui.keyword.builtin.ClickKeyword$_click_closure1.call(ClickKeyword.groovy)
	at com.kms.katalon.core.webui.keyword.internal.WebUIKeywordMain.runKeyword(WebUIKeywordMain.groovy:20)
	... 19 more


2021-11-19 10:39:33 - [TEST_STEP][PASSED] - taxTypeDropList = ["Estimated Tax", "Personal Income Tax", "Extension Payments", "Existing Liability", "Sales and Use", "Withholding Tax"]: null

2021-11-19 10:39:33 - [TEST_STEP][PASSED] - listSize = taxTypeDropList.size(): null

2021-11-19 10:39:33 - [TEST_STEP][PASSED] - println(listSize): null

2021-11-19 10:39:33 - [TEST_STEP][FAILED] - for ([i = 0, i < listSize, (i++)]): null

2021-11-19 10:39:33 - [TEST_STEP][PASSED] - openBrowser(""): Browser is opened with url: ''

2021-11-19 10:39:33 - [MESSAGE][WARNING] - A browser is already opened. Closing browser and opening a new one

2021-11-19 10:39:34 - [MESSAGE][INFO] - Starting 'Chrome' driver

2021-11-19 10:39:34 - [MESSAGE][INFO] - User set preference: ['acceptInsecureCerts', 'true']

2021-11-19 10:39:34 - [MESSAGE][INFO] - Action delay is set to 0 milliseconds

2021-11-19 10:39:35 - [MESSAGE][PASSED] - Browser is opened with url: ''

2021-11-19 10:39:35 - [TEST_STEP][PASSED] - maximizeWindow(): Current window maximized

2021-11-19 10:39:35 - [MESSAGE][PASSED] - Current window maximized

2021-11-19 10:39:35 - [TEST_STEP][PASSED] - navigateToUrl(RADurl): Navigate to 'https://qa.velocitypayment.com/client/rad/index.html' successfully

2021-11-19 10:39:37 - [MESSAGE][PASSED] - Navigate to 'https://qa.velocitypayment.com/client/rad/index.html' successfully

2021-11-19 10:39:37 - [TEST_STEP][PASSED] - orPath_Landing = "Object Repository/RAD_Pages/Landing_Page": null

2021-11-19 10:39:37 - [TEST_STEP][PASSED] - orPath = "Object Repository/RAD_Pages/Landing_Page": null

2021-11-19 10:39:37 - [TEST_STEP][PASSED] - orPath_Amount = "Object Repository/RAD_Pages/PaymentAmount_Page": null

2021-11-19 10:39:37 - [TEST_STEP][PASSED] - selectOptionByLabel(findTestObject(orPath_Landing + "/dd_TaxType"), taxTypeDropList[i], false): All options with label 'Estimated Tax' are selected in object 'Object Repository/RAD_Pages/Landing_Page/dd_TaxType' 

2021-11-19 10:39:38 - [MESSAGE][PASSED] - All options with label 'Estimated Tax' are selected in object 'Object Repository/RAD_Pages/Landing_Page/dd_TaxType' 

2021-11-19 10:39:38 - [TEST_STEP][PASSED] - delay(1): Delayed 1 second(s)

2021-11-19 10:39:39 - [MESSAGE][PASSED] - Delayed 1 second(s)

2021-11-19 10:39:39 - [TEST_STEP][PASSED] - setText(findTestObject(orPath_Amount + "/input__paymentAmount"), ""): Text '' is set on object 'Object Repository/RAD_Pages/PaymentAmount_Page/input__paymentAmount'

2021-11-19 10:39:40 - [MESSAGE][PASSED] - Text '' is set on object 'Object Repository/RAD_Pages/PaymentAmount_Page/input__paymentAmount'

2021-11-19 10:39:40 - [TEST_STEP][PASSED] - click(findTestObject(orPath_Landing + "/a_Click here for details")): Object: 'Object Repository/RAD_Pages/Landing_Page/a_Click here for details' is clicked on

2021-11-19 10:39:40 - [MESSAGE][PASSED] - Object: 'Object Repository/RAD_Pages/Landing_Page/a_Click here for details' is clicked on

2021-11-19 10:39:40 - [TEST_STEP][PASSED] - cfVerbiage = "This electronic government service includes a 2.45% service/convenience fee for payments processed through this application. This fee is assessed by Govolution LLC, Maryland's eGovernment service provider, a third party working under a contract administered by the Maryland Department of Information Technology (DoIT). The service fee is used to develop, maintain, and expand the online service offerings of the state and is non-refundable. Accepted credit cards include Visa, MasterCard, Discover and American Express.": null

2021-11-19 10:39:40 - [TEST_STEP][PASSED] - verifyElementText(findTestObject(orPath_Landing + "/div_ServiceFeesVerbiage"), cfVerbiage): Actual text and expected text of test object 'Object Repository/RAD_Pages/Landing_Page/div_ServiceFeesVerbiage' are matched.

2021-11-19 10:39:41 - [MESSAGE][PASSED] - Actual text and expected text of test object 'Object Repository/RAD_Pages/Landing_Page/div_ServiceFeesVerbiage' are matched.

2021-11-19 10:39:41 - [TEST_STEP][PASSED] - verifyElementPresent(findTestObject(orPath_Landing + "/button_Close"), 30): Object 'Object Repository/RAD_Pages/Landing_Page/button_Close' is present

2021-11-19 10:39:41 - [MESSAGE][PASSED] - Object 'Object Repository/RAD_Pages/Landing_Page/button_Close' is present

2021-11-19 10:39:41 - [TEST_STEP][PASSED] - click(findTestObject(orPath_Landing + "/button_Close")): Object: 'Object Repository/RAD_Pages/Landing_Page/button_Close' is clicked on

2021-11-19 10:39:42 - [MESSAGE][PASSED] - Object: 'Object Repository/RAD_Pages/Landing_Page/button_Close' is clicked on

2021-11-19 10:39:42 - [TEST_STEP][PASSED] - openBrowser(""): Browser is opened with url: ''

2021-11-19 10:39:42 - [MESSAGE][WARNING] - A browser is already opened. Closing browser and opening a new one

2021-11-19 10:39:42 - [MESSAGE][INFO] - Starting 'Chrome' driver

2021-11-19 10:39:42 - [MESSAGE][INFO] - User set preference: ['acceptInsecureCerts', 'true']

2021-11-19 10:39:42 - [MESSAGE][INFO] - Action delay is set to 0 milliseconds

2021-11-19 10:39:44 - [MESSAGE][PASSED] - Browser is opened with url: ''

2021-11-19 10:39:44 - [TEST_STEP][PASSED] - maximizeWindow(): Current window maximized

2021-11-19 10:39:44 - [MESSAGE][PASSED] - Current window maximized

2021-11-19 10:39:44 - [TEST_STEP][PASSED] - navigateToUrl(RADurl): Navigate to 'https://qa.velocitypayment.com/client/rad/index.html' successfully

2021-11-19 10:39:46 - [MESSAGE][PASSED] - Navigate to 'https://qa.velocitypayment.com/client/rad/index.html' successfully

2021-11-19 10:39:46 - [TEST_STEP][PASSED] - orPath_Landing = "Object Repository/RAD_Pages/Landing_Page": null

2021-11-19 10:39:46 - [TEST_STEP][PASSED] - orPath = "Object Repository/RAD_Pages/Landing_Page": null

2021-11-19 10:39:46 - [TEST_STEP][PASSED] - orPath_Amount = "Object Repository/RAD_Pages/PaymentAmount_Page": null

2021-11-19 10:39:46 - [TEST_STEP][PASSED] - selectOptionByLabel(findTestObject(orPath_Landing + "/dd_TaxType"), taxTypeDropList[i], false): All options with label 'Personal Income Tax' are selected in object 'Object Repository/RAD_Pages/Landing_Page/dd_TaxType' 

2021-11-19 10:39:47 - [MESSAGE][PASSED] - All options with label 'Personal Income Tax' are selected in object 'Object Repository/RAD_Pages/Landing_Page/dd_TaxType' 

2021-11-19 10:39:47 - [TEST_STEP][PASSED] - delay(1): Delayed 1 second(s)

2021-11-19 10:39:48 - [MESSAGE][PASSED] - Delayed 1 second(s)

2021-11-19 10:39:48 - [TEST_STEP][PASSED] - setText(findTestObject(orPath_Amount + "/input__paymentAmount"), ""): Text '' is set on object 'Object Repository/RAD_Pages/PaymentAmount_Page/input__paymentAmount'

2021-11-19 10:39:48 - [MESSAGE][PASSED] - Text '' is set on object 'Object Repository/RAD_Pages/PaymentAmount_Page/input__paymentAmount'

2021-11-19 10:39:48 - [TEST_STEP][PASSED] - click(findTestObject(orPath_Landing + "/a_Click here for details")): Object: 'Object Repository/RAD_Pages/Landing_Page/a_Click here for details' is clicked on

2021-11-19 10:39:49 - [MESSAGE][PASSED] - Object: 'Object Repository/RAD_Pages/Landing_Page/a_Click here for details' is clicked on

2021-11-19 10:39:49 - [TEST_STEP][PASSED] - cfVerbiage = "This electronic government service includes a 2.45% service/convenience fee for payments processed through this application. This fee is assessed by Govolution LLC, Maryland's eGovernment service provider, a third party working under a contract administered by the Maryland Department of Information Technology (DoIT). The service fee is used to develop, maintain, and expand the online service offerings of the state and is non-refundable. Accepted credit cards include Visa, MasterCard, Discover and American Express.": null

2021-11-19 10:39:49 - [TEST_STEP][PASSED] - verifyElementText(findTestObject(orPath_Landing + "/div_ServiceFeesVerbiage"), cfVerbiage): Actual text and expected text of test object 'Object Repository/RAD_Pages/Landing_Page/div_ServiceFeesVerbiage' are matched.

2021-11-19 10:39:49 - [MESSAGE][PASSED] - Actual text and expected text of test object 'Object Repository/RAD_Pages/Landing_Page/div_ServiceFeesVerbiage' are matched.

2021-11-19 10:39:49 - [TEST_STEP][PASSED] - verifyElementPresent(findTestObject(orPath_Landing + "/button_Close"), 30): Object 'Object Repository/RAD_Pages/Landing_Page/button_Close' is present

2021-11-19 10:39:50 - [MESSAGE][PASSED] - Object 'Object Repository/RAD_Pages/Landing_Page/button_Close' is present

2021-11-19 10:39:50 - [TEST_STEP][PASSED] - click(findTestObject(orPath_Landing + "/button_Close")): Object: 'Object Repository/RAD_Pages/Landing_Page/button_Close' is clicked on

2021-11-19 10:39:50 - [MESSAGE][PASSED] - Object: 'Object Repository/RAD_Pages/Landing_Page/button_Close' is clicked on

2021-11-19 10:39:50 - [TEST_STEP][PASSED] - openBrowser(""): Browser is opened with url: ''

2021-11-19 10:39:50 - [MESSAGE][WARNING] - A browser is already opened. Closing browser and opening a new one

2021-11-19 10:39:51 - [MESSAGE][INFO] - Starting 'Chrome' driver

2021-11-19 10:39:51 - [MESSAGE][INFO] - User set preference: ['acceptInsecureCerts', 'true']

2021-11-19 10:39:51 - [MESSAGE][INFO] - Action delay is set to 0 milliseconds

2021-11-19 10:39:52 - [MESSAGE][PASSED] - Browser is opened with url: ''

2021-11-19 10:39:52 - [TEST_STEP][PASSED] - maximizeWindow(): Current window maximized

2021-11-19 10:39:52 - [MESSAGE][PASSED] - Current window maximized

2021-11-19 10:39:52 - [TEST_STEP][PASSED] - navigateToUrl(RADurl): Navigate to 'https://qa.velocitypayment.com/client/rad/index.html' successfully

2021-11-19 10:39:54 - [MESSAGE][PASSED] - Navigate to 'https://qa.velocitypayment.com/client/rad/index.html' successfully

2021-11-19 10:39:54 - [TEST_STEP][PASSED] - orPath_Landing = "Object Repository/RAD_Pages/Landing_Page": null

2021-11-19 10:39:54 - [TEST_STEP][PASSED] - orPath = "Object Repository/RAD_Pages/Landing_Page": null

2021-11-19 10:39:54 - [TEST_STEP][PASSED] - orPath_Amount = "Object Repository/RAD_Pages/PaymentAmount_Page": null

2021-11-19 10:39:54 - [TEST_STEP][PASSED] - selectOptionByLabel(findTestObject(orPath_Landing + "/dd_TaxType"), taxTypeDropList[i], false): All options with label 'Extension Payments' are selected in object 'Object Repository/RAD_Pages/Landing_Page/dd_TaxType' 

2021-11-19 10:39:55 - [MESSAGE][PASSED] - All options with label 'Extension Payments' are selected in object 'Object Repository/RAD_Pages/Landing_Page/dd_TaxType' 

2021-11-19 10:39:55 - [TEST_STEP][PASSED] - delay(1): Delayed 1 second(s)

2021-11-19 10:39:56 - [MESSAGE][PASSED] - Delayed 1 second(s)

2021-11-19 10:39:56 - [TEST_STEP][PASSED] - setText(findTestObject(orPath_Amount + "/input__paymentAmount"), ""): Text '' is set on object 'Object Repository/RAD_Pages/PaymentAmount_Page/input__paymentAmount'

2021-11-19 10:39:57 - [MESSAGE][PASSED] - Text '' is set on object 'Object Repository/RAD_Pages/PaymentAmount_Page/input__paymentAmount'

2021-11-19 10:39:57 - [TEST_STEP][PASSED] - click(findTestObject(orPath_Landing + "/a_Click here for details")): Object: 'Object Repository/RAD_Pages/Landing_Page/a_Click here for details' is clicked on

2021-11-19 10:39:57 - [MESSAGE][PASSED] - Object: 'Object Repository/RAD_Pages/Landing_Page/a_Click here for details' is clicked on

2021-11-19 10:39:57 - [TEST_STEP][PASSED] - cfVerbiage = "This electronic government service includes a 2.45% service/convenience fee for payments processed through this application. This fee is assessed by Govolution LLC, Maryland's eGovernment service provider, a third party working under a contract administered by the Maryland Department of Information Technology (DoIT). The service fee is used to develop, maintain, and expand the online service offerings of the state and is non-refundable. Accepted credit cards include Visa, MasterCard, Discover and American Express.": null

2021-11-19 10:39:57 - [TEST_STEP][PASSED] - verifyElementText(findTestObject(orPath_Landing + "/div_ServiceFeesVerbiage"), cfVerbiage): Actual text and expected text of test object 'Object Repository/RAD_Pages/Landing_Page/div_ServiceFeesVerbiage' are matched.

2021-11-19 10:39:58 - [MESSAGE][PASSED] - Actual text and expected text of test object 'Object Repository/RAD_Pages/Landing_Page/div_ServiceFeesVerbiage' are matched.

2021-11-19 10:39:58 - [TEST_STEP][PASSED] - verifyElementPresent(findTestObject(orPath_Landing + "/button_Close"), 30): Object 'Object Repository/RAD_Pages/Landing_Page/button_Close' is present

2021-11-19 10:39:58 - [MESSAGE][PASSED] - Object 'Object Repository/RAD_Pages/Landing_Page/button_Close' is present

2021-11-19 10:39:58 - [TEST_STEP][PASSED] - click(findTestObject(orPath_Landing + "/button_Close")): Object: 'Object Repository/RAD_Pages/Landing_Page/button_Close' is clicked on

2021-11-19 10:39:59 - [MESSAGE][PASSED] - Object: 'Object Repository/RAD_Pages/Landing_Page/button_Close' is clicked on

2021-11-19 10:39:59 - [TEST_STEP][PASSED] - openBrowser(""): Browser is opened with url: ''

2021-11-19 10:39:59 - [MESSAGE][WARNING] - A browser is already opened. Closing browser and opening a new one

2021-11-19 10:39:59 - [MESSAGE][INFO] - Starting 'Chrome' driver

2021-11-19 10:39:59 - [MESSAGE][INFO] - User set preference: ['acceptInsecureCerts', 'true']

2021-11-19 10:39:59 - [MESSAGE][INFO] - Action delay is set to 0 milliseconds

2021-11-19 10:40:01 - [MESSAGE][PASSED] - Browser is opened with url: ''

2021-11-19 10:40:01 - [TEST_STEP][PASSED] - maximizeWindow(): Current window maximized

2021-11-19 10:40:01 - [MESSAGE][PASSED] - Current window maximized

2021-11-19 10:40:01 - [TEST_STEP][PASSED] - navigateToUrl(RADurl): Navigate to 'https://qa.velocitypayment.com/client/rad/index.html' successfully

2021-11-19 10:40:03 - [MESSAGE][PASSED] - Navigate to 'https://qa.velocitypayment.com/client/rad/index.html' successfully

2021-11-19 10:40:03 - [TEST_STEP][PASSED] - orPath_Landing = "Object Repository/RAD_Pages/Landing_Page": null

2021-11-19 10:40:03 - [TEST_STEP][PASSED] - orPath = "Object Repository/RAD_Pages/Landing_Page": null

2021-11-19 10:40:03 - [TEST_STEP][PASSED] - orPath_Amount = "Object Repository/RAD_Pages/PaymentAmount_Page": null

2021-11-19 10:40:03 - [TEST_STEP][PASSED] - selectOptionByLabel(findTestObject(orPath_Landing + "/dd_TaxType"), taxTypeDropList[i], false): All options with label 'Existing Liability' are selected in object 'Object Repository/RAD_Pages/Landing_Page/dd_TaxType' 

2021-11-19 10:40:04 - [MESSAGE][PASSED] - All options with label 'Existing Liability' are selected in object 'Object Repository/RAD_Pages/Landing_Page/dd_TaxType' 

2021-11-19 10:40:04 - [TEST_STEP][PASSED] - delay(1): Delayed 1 second(s)

2021-11-19 10:40:05 - [MESSAGE][PASSED] - Delayed 1 second(s)

2021-11-19 10:40:05 - [TEST_STEP][PASSED] - setText(findTestObject(orPath_Amount + "/input__paymentAmount"), ""): Text '' is set on object 'Object Repository/RAD_Pages/PaymentAmount_Page/input__paymentAmount'

2021-11-19 10:40:05 - [MESSAGE][PASSED] - Text '' is set on object 'Object Repository/RAD_Pages/PaymentAmount_Page/input__paymentAmount'

2021-11-19 10:40:05 - [TEST_STEP][PASSED] - click(findTestObject(orPath_Landing + "/a_Click here for details")): Object: 'Object Repository/RAD_Pages/Landing_Page/a_Click here for details' is clicked on

2021-11-19 10:40:06 - [MESSAGE][PASSED] - Object: 'Object Repository/RAD_Pages/Landing_Page/a_Click here for details' is clicked on

2021-11-19 10:40:06 - [TEST_STEP][PASSED] - cfVerbiage = "This electronic government service includes a 2.45% service/convenience fee for payments processed through this application. This fee is assessed by Govolution LLC, Maryland's eGovernment service provider, a third party working under a contract administered by the Maryland Department of Information Technology (DoIT). The service fee is used to develop, maintain, and expand the online service offerings of the state and is non-refundable. Accepted credit cards include Visa, MasterCard, Discover and American Express.": null

2021-11-19 10:40:06 - [TEST_STEP][PASSED] - verifyElementText(findTestObject(orPath_Landing + "/div_ServiceFeesVerbiage"), cfVerbiage): Actual text and expected text of test object 'Object Repository/RAD_Pages/Landing_Page/div_ServiceFeesVerbiage' are matched.

2021-11-19 10:40:07 - [MESSAGE][PASSED] - Actual text and expected text of test object 'Object Repository/RAD_Pages/Landing_Page/div_ServiceFeesVerbiage' are matched.

2021-11-19 10:40:07 - [TEST_STEP][PASSED] - verifyElementPresent(findTestObject(orPath_Landing + "/button_Close"), 30): Object 'Object Repository/RAD_Pages/Landing_Page/button_Close' is present

2021-11-19 10:40:07 - [MESSAGE][PASSED] - Object 'Object Repository/RAD_Pages/Landing_Page/button_Close' is present

2021-11-19 10:40:07 - [TEST_STEP][PASSED] - click(findTestObject(orPath_Landing + "/button_Close")): Object: 'Object Repository/RAD_Pages/Landing_Page/button_Close' is clicked on

2021-11-19 10:40:07 - [MESSAGE][PASSED] - Object: 'Object Repository/RAD_Pages/Landing_Page/button_Close' is clicked on

2021-11-19 10:40:07 - [TEST_STEP][PASSED] - openBrowser(""): Browser is opened with url: ''

2021-11-19 10:40:07 - [MESSAGE][WARNING] - A browser is already opened. Closing browser and opening a new one

2021-11-19 10:40:08 - [MESSAGE][INFO] - Starting 'Chrome' driver

2021-11-19 10:40:08 - [MESSAGE][INFO] - User set preference: ['acceptInsecureCerts', 'true']

2021-11-19 10:40:08 - [MESSAGE][INFO] - Action delay is set to 0 milliseconds

2021-11-19 10:40:09 - [MESSAGE][PASSED] - Browser is opened with url: ''

2021-11-19 10:40:09 - [TEST_STEP][PASSED] - maximizeWindow(): Current window maximized

2021-11-19 10:40:09 - [MESSAGE][PASSED] - Current window maximized

2021-11-19 10:40:09 - [TEST_STEP][PASSED] - navigateToUrl(RADurl): Navigate to 'https://qa.velocitypayment.com/client/rad/index.html' successfully

2021-11-19 10:40:12 - [MESSAGE][PASSED] - Navigate to 'https://qa.velocitypayment.com/client/rad/index.html' successfully

2021-11-19 10:40:12 - [TEST_STEP][PASSED] - orPath_Landing = "Object Repository/RAD_Pages/Landing_Page": null

2021-11-19 10:40:12 - [TEST_STEP][PASSED] - orPath = "Object Repository/RAD_Pages/Landing_Page": null

2021-11-19 10:40:12 - [TEST_STEP][PASSED] - orPath_Amount = "Object Repository/RAD_Pages/PaymentAmount_Page": null

2021-11-19 10:40:12 - [TEST_STEP][PASSED] - selectOptionByLabel(findTestObject(orPath_Landing + "/dd_TaxType"), taxTypeDropList[i], false): All options with label 'Sales and Use' are selected in object 'Object Repository/RAD_Pages/Landing_Page/dd_TaxType' 

2021-11-19 10:40:13 - [MESSAGE][PASSED] - All options with label 'Sales and Use' are selected in object 'Object Repository/RAD_Pages/Landing_Page/dd_TaxType' 

2021-11-19 10:40:13 - [TEST_STEP][PASSED] - delay(1): Delayed 1 second(s)

2021-11-19 10:40:14 - [MESSAGE][PASSED] - Delayed 1 second(s)

2021-11-19 10:40:14 - [TEST_STEP][PASSED] - setText(findTestObject(orPath_Amount + "/input__paymentAmount"), ""): Text '' is set on object 'Object Repository/RAD_Pages/PaymentAmount_Page/input__paymentAmount'

2021-11-19 10:40:15 - [MESSAGE][PASSED] - Text '' is set on object 'Object Repository/RAD_Pages/PaymentAmount_Page/input__paymentAmount'

2021-11-19 10:40:15 - [TEST_STEP][FAILED] - click(findTestObject(orPath_Landing + "/a_Click here for details")): Unable to click on object 'Object Repository/RAD_Pages/Landing_Page/a_Click here for details' (Root cause: com.kms.katalon.core.exception.StepFailedException: Unable to click on object 'Object Repository/RAD_Pages/Landing_Page/a_Click here for details'
	at com.kms.katalon.core.webui.keyword.internal.WebUIKeywordMain.stepFailed(WebUIKeywordMain.groovy:64)
	at com.kms.katalon.core.webui.keyword.internal.WebUIKeywordMain.runKeyword(WebUIKeywordMain.groovy:26)
	at com.kms.katalon.core.webui.keyword.builtin.ClickKeyword.click(ClickKeyword.groovy:75)
	at com.kms.katalon.core.webui.keyword.builtin.ClickKeyword.execute(ClickKeyword.groovy:42)
	at com.kms.katalon.core.keyword.internal.KeywordExecutor.executeKeywordForPlatform(KeywordExecutor.groovy:74)
	at com.kms.katalon.core.webui.keyword.WebUiBuiltInKeywords.click(WebUiBuiltInKeywords.groovy:620)
	at com.kms.katalon.core.webui.keyword.WebUiBuiltInKeywords$click$10.call(Unknown Source)
	at VerifyServiceFeeVerbiage_UI_TC.run(VerifyServiceFeeVerbiage_UI_TC:46)
	at com.kms.katalon.core.main.ScriptEngine.run(ScriptEngine.java:194)
	at com.kms.katalon.core.main.ScriptEngine.runScriptAsRawText(ScriptEngine.java:119)
	at com.kms.katalon.core.main.TestCaseExecutor.runScript(TestCaseExecutor.java:430)
	at com.kms.katalon.core.main.TestCaseExecutor.doExecute(TestCaseExecutor.java:421)
	at com.kms.katalon.core.main.TestCaseExecutor.processExecutionPhase(TestCaseExecutor.java:400)
	at com.kms.katalon.core.main.TestCaseExecutor.accessMainPhase(TestCaseExecutor.java:392)
	at com.kms.katalon.core.main.TestCaseExecutor.execute(TestCaseExecutor.java:273)
	at com.kms.katalon.core.main.TestSuiteExecutor.accessTestCaseMainPhase(TestSuiteExecutor.java:202)
	at com.kms.katalon.core.main.TestSuiteExecutor.accessTestSuiteMainPhase(TestSuiteExecutor.java:164)
	at com.kms.katalon.core.main.TestSuiteExecutor.execute(TestSuiteExecutor.java:105)
	at com.kms.katalon.core.main.TestCaseMain.startTestSuite(TestCaseMain.java:185)
	at com.kms.katalon.core.main.TestCaseMain$startTestSuite$0.call(Unknown Source)
	at TempTestSuite1637335687322.run(TempTestSuite1637335687322.groovy:36)
Caused by: org.openqa.selenium.ElementClickInterceptedException: element click intercepted: Element is not clickable at point (1050, 2410)
  (Session info: chrome=96.0.4664.45)
Build info: version: '3.141.59', revision: 'e82be7d358', time: '2018-11-14T08:25:53'
System info: host: 'DESKTOP-B2QI6NS', ip: '172.30.2.167', os.name: 'Windows 10', os.arch: 'amd64', os.version: '10.0', java.version: '1.8.0_181'
Driver info: com.kms.katalon.selenium.driver.CChromeDriver
Capabilities {acceptInsecureCerts: true, browserName: chrome, browserVersion: 96.0.4664.45, chrome: {chromedriverVersion: 95.0.4638.54 (d31a821ec901f..., userDataDir: C:\Users\iahmed\AppData\Loc...}, goog:chromeOptions: {debuggerAddress: localhost:61563}, javascriptEnabled: true, networkConnectionEnabled: false, pageLoadStrategy: normal, platform: WINDOWS, platformName: WINDOWS, proxy: Proxy(), setWindowRect: true, strictFileInteractability: false, timeouts: {implicit: 0, pageLoad: 300000, script: 30000}, unhandledPromptBehavior: dismiss and notify, webauthn:extension:credBlob: true, webauthn:extension:largeBlob: true, webauthn:virtualAuthenticators: true}
Session ID: 9c624e81208846d023009c2b096d8faf
	at org.openqa.selenium.remote.http.W3CHttpResponseCodec.createException(W3CHttpResponseCodec.java:187)
	at org.openqa.selenium.remote.http.W3CHttpResponseCodec.decode(W3CHttpResponseCodec.java:122)
	at org.openqa.selenium.remote.http.W3CHttpResponseCodec.decode(W3CHttpResponseCodec.java:49)
	at org.openqa.selenium.remote.HttpCommandExecutor.execute(HttpCommandExecutor.java:158)
	at org.openqa.selenium.remote.service.DriverCommandExecutor.execute(DriverCommandExecutor.java:83)
	at org.openqa.selenium.remote.RemoteWebDriver.execute(RemoteWebDriver.java:552)
	at com.kms.katalon.selenium.driver.CChromeDriver.execute(CChromeDriver.java:19)
	at org.openqa.selenium.remote.RemoteWebElement.execute(RemoteWebElement.java:285)
	at org.openqa.selenium.remote.RemoteWebElement.click(RemoteWebElement.java:84)
	at org.openqa.selenium.support.events.EventFiringWebDriver$EventFiringWebElement.lambda$new$0(EventFiringWebDriver.java:404)
	at com.sun.proxy.$Proxy11.click(Unknown Source)
	at org.openqa.selenium.support.events.EventFiringWebDriver$EventFiringWebElement.click(EventFiringWebDriver.java:417)
	at com.kms.katalon.core.webui.keyword.builtin.ClickKeyword$_click_closure1.doCall(ClickKeyword.groovy:68)
	at com.kms.katalon.core.webui.keyword.builtin.ClickKeyword$_click_closure1.call(ClickKeyword.groovy)
	at com.kms.katalon.core.webui.keyword.internal.WebUIKeywordMain.runKeyword(WebUIKeywordMain.groovy:20)
	at com.kms.katalon.core.webui.keyword.builtin.ClickKeyword.click(ClickKeyword.groovy:75)
	at com.kms.katalon.core.webui.keyword.builtin.ClickKeyword.execute(ClickKeyword.groovy:42)
	at com.kms.katalon.core.keyword.internal.KeywordExecutor.executeKeywordForPlatform(KeywordExecutor.groovy:74)
	at com.kms.katalon.core.webui.keyword.WebUiBuiltInKeywords.click(WebUiBuiltInKeywords.groovy:620)
	at com.kms.katalon.core.webui.keyword.WebUiBuiltInKeywords$click$10.call(Unknown Source)
	at Script1635887204249.run(Script1635887204249.groovy:46)
	... 13 more
)

2021-11-19 10:40:17 - [MESSAGE][FAILED] - Unable to click on object 'Object Repository/RAD_Pages/Landing_Page/a_Click here for details' (Root cause: com.kms.katalon.core.exception.StepFailedException: Unable to click on object 'Object Repository/RAD_Pages/Landing_Page/a_Click here for details'
	at com.kms.katalon.core.webui.keyword.internal.WebUIKeywordMain.stepFailed(WebUIKeywordMain.groovy:64)
	at com.kms.katalon.core.webui.keyword.internal.WebUIKeywordMain.runKeyword(WebUIKeywordMain.groovy:26)
	at com.kms.katalon.core.webui.keyword.builtin.ClickKeyword.click(ClickKeyword.groovy:75)
	at com.kms.katalon.core.webui.keyword.builtin.ClickKeyword.execute(ClickKeyword.groovy:42)
	at com.kms.katalon.core.keyword.internal.KeywordExecutor.executeKeywordForPlatform(KeywordExecutor.groovy:74)
	at com.kms.katalon.core.webui.keyword.WebUiBuiltInKeywords.click(WebUiBuiltInKeywords.groovy:620)
	at com.kms.katalon.core.webui.keyword.WebUiBuiltInKeywords$click$10.call(Unknown Source)
	at VerifyServiceFeeVerbiage_UI_TC.run(VerifyServiceFeeVerbiage_UI_TC:46)
	at com.kms.katalon.core.main.ScriptEngine.run(ScriptEngine.java:194)
	at com.kms.katalon.core.main.ScriptEngine.runScriptAsRawText(ScriptEngine.java:119)
	at com.kms.katalon.core.main.TestCaseExecutor.runScript(TestCaseExecutor.java:430)
	at com.kms.katalon.core.main.TestCaseExecutor.doExecute(TestCaseExecutor.java:421)
	at com.kms.katalon.core.main.TestCaseExecutor.processExecutionPhase(TestCaseExecutor.java:400)
	at com.kms.katalon.core.main.TestCaseExecutor.accessMainPhase(TestCaseExecutor.java:392)
	at com.kms.katalon.core.main.TestCaseExecutor.execute(TestCaseExecutor.java:273)
	at com.kms.katalon.core.main.TestSuiteExecutor.accessTestCaseMainPhase(TestSuiteExecutor.java:202)
	at com.kms.katalon.core.main.TestSuiteExecutor.accessTestSuiteMainPhase(TestSuiteExecutor.java:164)
	at com.kms.katalon.core.main.TestSuiteExecutor.execute(TestSuiteExecutor.java:105)
	at com.kms.katalon.core.main.TestCaseMain.startTestSuite(TestCaseMain.java:185)
	at com.kms.katalon.core.main.TestCaseMain$startTestSuite$0.call(Unknown Source)
	at TempTestSuite1637335687322.run(TempTestSuite1637335687322.groovy:36)
Caused by: org.openqa.selenium.ElementClickInterceptedException: element click intercepted: Element is not clickable at point (1050, 2410)
  (Session info: chrome=96.0.4664.45)
Build info: version: '3.141.59', revision: 'e82be7d358', time: '2018-11-14T08:25:53'
System info: host: 'DESKTOP-B2QI6NS', ip: '172.30.2.167', os.name: 'Windows 10', os.arch: 'amd64', os.version: '10.0', java.version: '1.8.0_181'
Driver info: com.kms.katalon.selenium.driver.CChromeDriver
Capabilities {acceptInsecureCerts: true, browserName: chrome, browserVersion: 96.0.4664.45, chrome: {chromedriverVersion: 95.0.4638.54 (d31a821ec901f..., userDataDir: C:\Users\iahmed\AppData\Loc...}, goog:chromeOptions: {debuggerAddress: localhost:61563}, javascriptEnabled: true, networkConnectionEnabled: false, pageLoadStrategy: normal, platform: WINDOWS, platformName: WINDOWS, proxy: Proxy(), setWindowRect: true, strictFileInteractability: false, timeouts: {implicit: 0, pageLoad: 300000, script: 30000}, unhandledPromptBehavior: dismiss and notify, webauthn:extension:credBlob: true, webauthn:extension:largeBlob: true, webauthn:virtualAuthenticators: true}
Session ID: 9c624e81208846d023009c2b096d8faf
	at org.openqa.selenium.remote.http.W3CHttpResponseCodec.createException(W3CHttpResponseCodec.java:187)
	at org.openqa.selenium.remote.http.W3CHttpResponseCodec.decode(W3CHttpResponseCodec.java:122)
	at org.openqa.selenium.remote.http.W3CHttpResponseCodec.decode(W3CHttpResponseCodec.java:49)
	at org.openqa.selenium.remote.HttpCommandExecutor.execute(HttpCommandExecutor.java:158)
	at org.openqa.selenium.remote.service.DriverCommandExecutor.execute(DriverCommandExecutor.java:83)
	at org.openqa.selenium.remote.RemoteWebDriver.execute(RemoteWebDriver.java:552)
	at com.kms.katalon.selenium.driver.CChromeDriver.execute(CChromeDriver.java:19)
	at org.openqa.selenium.remote.RemoteWebElement.execute(RemoteWebElement.java:285)
	at org.openqa.selenium.remote.RemoteWebElement.click(RemoteWebElement.java:84)
	at org.openqa.selenium.support.events.EventFiringWebDriver$EventFiringWebElement.lambda$new$0(EventFiringWebDriver.java:404)
	at com.sun.proxy.$Proxy11.click(Unknown Source)
	at org.openqa.selenium.support.events.EventFiringWebDriver$EventFiringWebElement.click(EventFiringWebDriver.java:417)
	at com.kms.katalon.core.webui.keyword.builtin.ClickKeyword$_click_closure1.doCall(ClickKeyword.groovy:68)
	at com.kms.katalon.core.webui.keyword.builtin.ClickKeyword$_click_closure1.call(ClickKeyword.groovy)
	at com.kms.katalon.core.webui.keyword.internal.WebUIKeywordMain.runKeyword(WebUIKeywordMain.groovy:20)
	at com.kms.katalon.core.webui.keyword.builtin.ClickKeyword.click(ClickKeyword.groovy:75)
	at com.kms.katalon.core.webui.keyword.builtin.ClickKeyword.execute(ClickKeyword.groovy:42)
	at com.kms.katalon.core.keyword.internal.KeywordExecutor.executeKeywordForPlatform(KeywordExecutor.groovy:74)
	at com.kms.katalon.core.webui.keyword.WebUiBuiltInKeywords.click(WebUiBuiltInKeywords.groovy:620)
	at com.kms.katalon.core.webui.keyword.WebUiBuiltInKeywords$click$10.call(Unknown Source)
	at Script1635887204249.run(Script1635887204249.groovy:46)
	... 13 more
)
[[ATTACHMENT|E:\\Cloned-Project-Katalon\\VPS-Katalon\\Reports\\20211119_102807\\RAD_TestSuite\\RAD_UI_TestSuite\\20211119_102807\\1637336416775.png]]

2021-11-19 10:40:17 - [TEST_STEP][PASSED] - cfVerbiage = "This electronic government service includes a 2.45% service/convenience fee for payments processed through this application. This fee is assessed by Govolution LLC, Maryland's eGovernment service provider, a third party working under a contract administered by the Maryland Department of Information Technology (DoIT). The service fee is used to develop, maintain, and expand the online service offerings of the state and is non-refundable. Accepted credit cards include Visa, MasterCard, Discover and American Express.": null

2021-11-19 10:40:17 - [TEST_STEP][FAILED] - verifyElementText(findTestObject(orPath_Landing + "/div_ServiceFeesVerbiage"), cfVerbiage): Actual text '' and expected text 'This electronic government service includes a 2.45% service/convenience fee for payments processed through this application. This fee is assessed by Govolution LLC, Maryland's eGovernment service provider, a third party working under a contract administered by the Maryland Department of Information Technology (DoIT). The service fee is used to develop, maintain, and expand the online service offerings of the state and is non-refundable. Accepted credit cards include Visa, MasterCard, Discover and American Express.' of test object 'Object Repository/RAD_Pages/Landing_Page/div_ServiceFeesVerbiage' are NOT matched. (Root cause: com.kms.katalon.core.exception.StepFailedException: Actual text '' and expected text 'This electronic government service includes a 2.45% service/convenience fee for payments processed through this application. This fee is assessed by Govolution LLC, Maryland's eGovernment service provider, a third party working under a contract administered by the Maryland Department of Information Technology (DoIT). The service fee is used to develop, maintain, and expand the online service offerings of the state and is non-refundable. Accepted credit cards include Visa, MasterCard, Discover and American Express.' of test object 'Object Repository/RAD_Pages/Landing_Page/div_ServiceFeesVerbiage' are NOT matched.
	at com.kms.katalon.core.webui.keyword.internal.WebUIKeywordMain.stepFailed(WebUIKeywordMain.groovy:64)
	at com.kms.katalon.core.webui.keyword.builtin.VerifyElementTextKeyword$_verifyElementText_closure1.doCall(VerifyElementTextKeyword.groovy:57)
	at com.kms.katalon.core.webui.keyword.builtin.VerifyElementTextKeyword$_verifyElementText_closure1.call(VerifyElementTextKeyword.groovy)
	at com.kms.katalon.core.webui.keyword.internal.WebUIKeywordMain.runKeyword(WebUIKeywordMain.groovy:20)
	at com.kms.katalon.core.webui.keyword.builtin.VerifyElementTextKeyword.verifyElementText(VerifyElementTextKeyword.groovy:72)
	at com.kms.katalon.core.webui.keyword.builtin.VerifyElementTextKeyword.execute(VerifyElementTextKeyword.groovy:40)
	at com.kms.katalon.core.keyword.internal.KeywordExecutor.executeKeywordForPlatform(KeywordExecutor.groovy:74)
	at com.kms.katalon.core.webui.keyword.WebUiBuiltInKeywords.verifyElementText(WebUiBuiltInKeywords.groovy:4749)
	at com.kms.katalon.core.webui.keyword.WebUiBuiltInKeywords$verifyElementText$15.call(Unknown Source)
	at VerifyServiceFeeVerbiage_UI_TC.run(VerifyServiceFeeVerbiage_UI_TC:52)
	at com.kms.katalon.core.main.ScriptEngine.run(ScriptEngine.java:194)
	at com.kms.katalon.core.main.ScriptEngine.runScriptAsRawText(ScriptEngine.java:119)
	at com.kms.katalon.core.main.TestCaseExecutor.runScript(TestCaseExecutor.java:430)
	at com.kms.katalon.core.main.TestCaseExecutor.doExecute(TestCaseExecutor.java:421)
	at com.kms.katalon.core.main.TestCaseExecutor.processExecutionPhase(TestCaseExecutor.java:400)
	at com.kms.katalon.core.main.TestCaseExecutor.accessMainPhase(TestCaseExecutor.java:392)
	at com.kms.katalon.core.main.TestCaseExecutor.execute(TestCaseExecutor.java:273)
	at com.kms.katalon.core.main.TestSuiteExecutor.accessTestCaseMainPhase(TestSuiteExecutor.java:202)
	at com.kms.katalon.core.main.TestSuiteExecutor.accessTestSuiteMainPhase(TestSuiteExecutor.java:164)
	at com.kms.katalon.core.main.TestSuiteExecutor.execute(TestSuiteExecutor.java:105)
	at com.kms.katalon.core.main.TestCaseMain.startTestSuite(TestCaseMain.java:185)
	at com.kms.katalon.core.main.TestCaseMain$startTestSuite$0.call(Unknown Source)
	at TempTestSuite1637335687322.run(TempTestSuite1637335687322.groovy:36)
)

2021-11-19 10:40:17 - [MESSAGE][FAILED] - Actual text '' and expected text 'This electronic government service includes a 2.45% service/convenience fee for payments processed through this application. This fee is assessed by Govolution LLC, Maryland's eGovernment service provider, a third party working under a contract administered by the Maryland Department of Information Technology (DoIT). The service fee is used to develop, maintain, and expand the online service offerings of the state and is non-refundable. Accepted credit cards include Visa, MasterCard, Discover and American Express.' of test object 'Object Repository/RAD_Pages/Landing_Page/div_ServiceFeesVerbiage' are NOT matched. (Root cause: com.kms.katalon.core.exception.StepFailedException: Actual text '' and expected text 'This electronic government service includes a 2.45% service/convenience fee for payments processed through this application. This fee is assessed by Govolution LLC, Maryland's eGovernment service provider, a third party working under a contract administered by the Maryland Department of Information Technology (DoIT). The service fee is used to develop, maintain, and expand the online service offerings of the state and is non-refundable. Accepted credit cards include Visa, MasterCard, Discover and American Express.' of test object 'Object Repository/RAD_Pages/Landing_Page/div_ServiceFeesVerbiage' are NOT matched.
	at com.kms.katalon.core.webui.keyword.internal.WebUIKeywordMain.stepFailed(WebUIKeywordMain.groovy:64)
	at com.kms.katalon.core.webui.keyword.builtin.VerifyElementTextKeyword$_verifyElementText_closure1.doCall(VerifyElementTextKeyword.groovy:57)
	at com.kms.katalon.core.webui.keyword.builtin.VerifyElementTextKeyword$_verifyElementText_closure1.call(VerifyElementTextKeyword.groovy)
	at com.kms.katalon.core.webui.keyword.internal.WebUIKeywordMain.runKeyword(WebUIKeywordMain.groovy:20)
	at com.kms.katalon.core.webui.keyword.builtin.VerifyElementTextKeyword.verifyElementText(VerifyElementTextKeyword.groovy:72)
	at com.kms.katalon.core.webui.keyword.builtin.VerifyElementTextKeyword.execute(VerifyElementTextKeyword.groovy:40)
	at com.kms.katalon.core.keyword.internal.KeywordExecutor.executeKeywordForPlatform(KeywordExecutor.groovy:74)
	at com.kms.katalon.core.webui.keyword.WebUiBuiltInKeywords.verifyElementText(WebUiBuiltInKeywords.groovy:4749)
	at com.kms.katalon.core.webui.keyword.WebUiBuiltInKeywords$verifyElementText$15.call(Unknown Source)
	at VerifyServiceFeeVerbiage_UI_TC.run(VerifyServiceFeeVerbiage_UI_TC:52)
	at com.kms.katalon.core.main.ScriptEngine.run(ScriptEngine.java:194)
	at com.kms.katalon.core.main.ScriptEngine.runScriptAsRawText(ScriptEngine.java:119)
	at com.kms.katalon.core.main.TestCaseExecutor.runScript(TestCaseExecutor.java:430)
	at com.kms.katalon.core.main.TestCaseExecutor.doExecute(TestCaseExecutor.java:421)
	at com.kms.katalon.core.main.TestCaseExecutor.processExecutionPhase(TestCaseExecutor.java:400)
	at com.kms.katalon.core.main.TestCaseExecutor.accessMainPhase(TestCaseExecutor.java:392)
	at com.kms.katalon.core.main.TestCaseExecutor.execute(TestCaseExecutor.java:273)
	at com.kms.katalon.core.main.TestSuiteExecutor.accessTestCaseMainPhase(TestSuiteExecutor.java:202)
	at com.kms.katalon.core.main.TestSuiteExecutor.accessTestSuiteMainPhase(TestSuiteExecutor.java:164)
	at com.kms.katalon.core.main.TestSuiteExecutor.execute(TestSuiteExecutor.java:105)
	at com.kms.katalon.core.main.TestCaseMain.startTestSuite(TestCaseMain.java:185)
	at com.kms.katalon.core.main.TestCaseMain$startTestSuite$0.call(Unknown Source)
	at TempTestSuite1637335687322.run(TempTestSuite1637335687322.groovy:36)
)
[[ATTACHMENT|E:\\Cloned-Project-Katalon\\VPS-Katalon\\Reports\\20211119_102807\\RAD_TestSuite\\RAD_UI_TestSuite\\20211119_102807\\1637336417350.png]]

2021-11-19 10:40:17 - [TEST_STEP][PASSED] - verifyElementPresent(findTestObject(orPath_Landing + "/button_Close"), 30): Object 'Object Repository/RAD_Pages/Landing_Page/button_Close' is present

2021-11-19 10:40:17 - [MESSAGE][PASSED] - Object 'Object Repository/RAD_Pages/Landing_Page/button_Close' is present

2021-11-19 10:40:17 - [TEST_STEP][FAILED] - click(findTestObject(orPath_Landing + "/button_Close")): Unable to click on object 'Object Repository/RAD_Pages/Landing_Page/button_Close' (Root cause: com.kms.katalon.core.exception.StepFailedException: Unable to click on object 'Object Repository/RAD_Pages/Landing_Page/button_Close'
	at com.kms.katalon.core.webui.keyword.internal.WebUIKeywordMain.stepFailed(WebUIKeywordMain.groovy:64)
	at com.kms.katalon.core.webui.keyword.internal.WebUIKeywordMain.runKeyword(WebUIKeywordMain.groovy:26)
	at com.kms.katalon.core.webui.keyword.builtin.ClickKeyword.click(ClickKeyword.groovy:75)
	at com.kms.katalon.core.webui.keyword.builtin.ClickKeyword.execute(ClickKeyword.groovy:42)
	at com.kms.katalon.core.keyword.internal.KeywordExecutor.executeKeywordForPlatform(KeywordExecutor.groovy:74)
	at com.kms.katalon.core.webui.keyword.WebUiBuiltInKeywords.click(WebUiBuiltInKeywords.groovy:620)
	at com.kms.katalon.core.webui.keyword.WebUiBuiltInKeywords$click$10.call(Unknown Source)
	at VerifyServiceFeeVerbiage_UI_TC.run(VerifyServiceFeeVerbiage_UI_TC:56)
	at com.kms.katalon.core.main.ScriptEngine.run(ScriptEngine.java:194)
	at com.kms.katalon.core.main.ScriptEngine.runScriptAsRawText(ScriptEngine.java:119)
	at com.kms.katalon.core.main.TestCaseExecutor.runScript(TestCaseExecutor.java:430)
	at com.kms.katalon.core.main.TestCaseExecutor.doExecute(TestCaseExecutor.java:421)
	at com.kms.katalon.core.main.TestCaseExecutor.processExecutionPhase(TestCaseExecutor.java:400)
	at com.kms.katalon.core.main.TestCaseExecutor.accessMainPhase(TestCaseExecutor.java:392)
	at com.kms.katalon.core.main.TestCaseExecutor.execute(TestCaseExecutor.java:273)
	at com.kms.katalon.core.main.TestSuiteExecutor.accessTestCaseMainPhase(TestSuiteExecutor.java:202)
	at com.kms.katalon.core.main.TestSuiteExecutor.accessTestSuiteMainPhase(TestSuiteExecutor.java:164)
	at com.kms.katalon.core.main.TestSuiteExecutor.execute(TestSuiteExecutor.java:105)
	at com.kms.katalon.core.main.TestCaseMain.startTestSuite(TestCaseMain.java:185)
	at com.kms.katalon.core.main.TestCaseMain$startTestSuite$0.call(Unknown Source)
	at TempTestSuite1637335687322.run(TempTestSuite1637335687322.groovy:36)
Caused by: org.openqa.selenium.ElementNotInteractableException: element not interactable
  (Session info: chrome=96.0.4664.45)
Build info: version: '3.141.59', revision: 'e82be7d358', time: '2018-11-14T08:25:53'
System info: host: 'DESKTOP-B2QI6NS', ip: '172.30.2.167', os.name: 'Windows 10', os.arch: 'amd64', os.version: '10.0', java.version: '1.8.0_181'
Driver info: com.kms.katalon.selenium.driver.CChromeDriver
Capabilities {acceptInsecureCerts: true, browserName: chrome, browserVersion: 96.0.4664.45, chrome: {chromedriverVersion: 95.0.4638.54 (d31a821ec901f..., userDataDir: C:\Users\iahmed\AppData\Loc...}, goog:chromeOptions: {debuggerAddress: localhost:61563}, javascriptEnabled: true, networkConnectionEnabled: false, pageLoadStrategy: normal, platform: WINDOWS, platformName: WINDOWS, proxy: Proxy(), setWindowRect: true, strictFileInteractability: false, timeouts: {implicit: 0, pageLoad: 300000, script: 30000}, unhandledPromptBehavior: dismiss and notify, webauthn:extension:credBlob: true, webauthn:extension:largeBlob: true, webauthn:virtualAuthenticators: true}
Session ID: 9c624e81208846d023009c2b096d8faf
	at org.openqa.selenium.remote.http.W3CHttpResponseCodec.createException(W3CHttpResponseCodec.java:187)
	at org.openqa.selenium.remote.http.W3CHttpResponseCodec.decode(W3CHttpResponseCodec.java:122)
	at org.openqa.selenium.remote.http.W3CHttpResponseCodec.decode(W3CHttpResponseCodec.java:49)
	at org.openqa.selenium.remote.HttpCommandExecutor.execute(HttpCommandExecutor.java:158)
	at org.openqa.selenium.remote.service.DriverCommandExecutor.execute(DriverCommandExecutor.java:83)
	at org.openqa.selenium.remote.RemoteWebDriver.execute(RemoteWebDriver.java:552)
	at com.kms.katalon.selenium.driver.CChromeDriver.execute(CChromeDriver.java:19)
	at org.openqa.selenium.remote.RemoteWebElement.execute(RemoteWebElement.java:285)
	at org.openqa.selenium.remote.RemoteWebElement.click(RemoteWebElement.java:84)
	at org.openqa.selenium.support.events.EventFiringWebDriver$EventFiringWebElement.lambda$new$0(EventFiringWebDriver.java:404)
	at com.sun.proxy.$Proxy11.click(Unknown Source)
	at org.openqa.selenium.support.events.EventFiringWebDriver$EventFiringWebElement.click(EventFiringWebDriver.java:417)
	at com.kms.katalon.core.webui.keyword.builtin.ClickKeyword$_click_closure1.doCall(ClickKeyword.groovy:68)
	at com.kms.katalon.core.webui.keyword.builtin.ClickKeyword$_click_closure1.call(ClickKeyword.groovy)
	at com.kms.katalon.core.webui.keyword.internal.WebUIKeywordMain.runKeyword(WebUIKeywordMain.groovy:20)
	at com.kms.katalon.core.webui.keyword.builtin.ClickKeyword.click(ClickKeyword.groovy:75)
	at com.kms.katalon.core.webui.keyword.builtin.ClickKeyword.execute(ClickKeyword.groovy:42)
	at com.kms.katalon.core.keyword.internal.KeywordExecutor.executeKeywordForPlatform(KeywordExecutor.groovy:74)
	at com.kms.katalon.core.webui.keyword.WebUiBuiltInKeywords.click(WebUiBuiltInKeywords.groovy:620)
	at com.kms.katalon.core.webui.keyword.WebUiBuiltInKeywords$click$10.call(Unknown Source)
	at Script1635887204249.run(Script1635887204249.groovy:56)
	... 13 more
)

2021-11-19 10:40:18 - [MESSAGE][FAILED] - Unable to click on object 'Object Repository/RAD_Pages/Landing_Page/button_Close' (Root cause: com.kms.katalon.core.exception.StepFailedException: Unable to click on object 'Object Repository/RAD_Pages/Landing_Page/button_Close'
	at com.kms.katalon.core.webui.keyword.internal.WebUIKeywordMain.stepFailed(WebUIKeywordMain.groovy:64)
	at com.kms.katalon.core.webui.keyword.internal.WebUIKeywordMain.runKeyword(WebUIKeywordMain.groovy:26)
	at com.kms.katalon.core.webui.keyword.builtin.ClickKeyword.click(ClickKeyword.groovy:75)
	at com.kms.katalon.core.webui.keyword.builtin.ClickKeyword.execute(ClickKeyword.groovy:42)
	at com.kms.katalon.core.keyword.internal.KeywordExecutor.executeKeywordForPlatform(KeywordExecutor.groovy:74)
	at com.kms.katalon.core.webui.keyword.WebUiBuiltInKeywords.click(WebUiBuiltInKeywords.groovy:620)
	at com.kms.katalon.core.webui.keyword.WebUiBuiltInKeywords$click$10.call(Unknown Source)
	at VerifyServiceFeeVerbiage_UI_TC.run(VerifyServiceFeeVerbiage_UI_TC:56)
	at com.kms.katalon.core.main.ScriptEngine.run(ScriptEngine.java:194)
	at com.kms.katalon.core.main.ScriptEngine.runScriptAsRawText(ScriptEngine.java:119)
	at com.kms.katalon.core.main.TestCaseExecutor.runScript(TestCaseExecutor.java:430)
	at com.kms.katalon.core.main.TestCaseExecutor.doExecute(TestCaseExecutor.java:421)
	at com.kms.katalon.core.main.TestCaseExecutor.processExecutionPhase(TestCaseExecutor.java:400)
	at com.kms.katalon.core.main.TestCaseExecutor.accessMainPhase(TestCaseExecutor.java:392)
	at com.kms.katalon.core.main.TestCaseExecutor.execute(TestCaseExecutor.java:273)
	at com.kms.katalon.core.main.TestSuiteExecutor.accessTestCaseMainPhase(TestSuiteExecutor.java:202)
	at com.kms.katalon.core.main.TestSuiteExecutor.accessTestSuiteMainPhase(TestSuiteExecutor.java:164)
	at com.kms.katalon.core.main.TestSuiteExecutor.execute(TestSuiteExecutor.java:105)
	at com.kms.katalon.core.main.TestCaseMain.startTestSuite(TestCaseMain.java:185)
	at com.kms.katalon.core.main.TestCaseMain$startTestSuite$0.call(Unknown Source)
	at TempTestSuite1637335687322.run(TempTestSuite1637335687322.groovy:36)
Caused by: org.openqa.selenium.ElementNotInteractableException: element not interactable
  (Session info: chrome=96.0.4664.45)
Build info: version: '3.141.59', revision: 'e82be7d358', time: '2018-11-14T08:25:53'
System info: host: 'DESKTOP-B2QI6NS', ip: '172.30.2.167', os.name: 'Windows 10', os.arch: 'amd64', os.version: '10.0', java.version: '1.8.0_181'
Driver info: com.kms.katalon.selenium.driver.CChromeDriver
Capabilities {acceptInsecureCerts: true, browserName: chrome, browserVersion: 96.0.4664.45, chrome: {chromedriverVersion: 95.0.4638.54 (d31a821ec901f..., userDataDir: C:\Users\iahmed\AppData\Loc...}, goog:chromeOptions: {debuggerAddress: localhost:61563}, javascriptEnabled: true, networkConnectionEnabled: false, pageLoadStrategy: normal, platform: WINDOWS, platformName: WINDOWS, proxy: Proxy(), setWindowRect: true, strictFileInteractability: false, timeouts: {implicit: 0, pageLoad: 300000, script: 30000}, unhandledPromptBehavior: dismiss and notify, webauthn:extension:credBlob: true, webauthn:extension:largeBlob: true, webauthn:virtualAuthenticators: true}
Session ID: 9c624e81208846d023009c2b096d8faf
	at org.openqa.selenium.remote.http.W3CHttpResponseCodec.createException(W3CHttpResponseCodec.java:187)
	at org.openqa.selenium.remote.http.W3CHttpResponseCodec.decode(W3CHttpResponseCodec.java:122)
	at org.openqa.selenium.remote.http.W3CHttpResponseCodec.decode(W3CHttpResponseCodec.java:49)
	at org.openqa.selenium.remote.HttpCommandExecutor.execute(HttpCommandExecutor.java:158)
	at org.openqa.selenium.remote.service.DriverCommandExecutor.execute(DriverCommandExecutor.java:83)
	at org.openqa.selenium.remote.RemoteWebDriver.execute(RemoteWebDriver.java:552)
	at com.kms.katalon.selenium.driver.CChromeDriver.execute(CChromeDriver.java:19)
	at org.openqa.selenium.remote.RemoteWebElement.execute(RemoteWebElement.java:285)
	at org.openqa.selenium.remote.RemoteWebElement.click(RemoteWebElement.java:84)
	at org.openqa.selenium.support.events.EventFiringWebDriver$EventFiringWebElement.lambda$new$0(EventFiringWebDriver.java:404)
	at com.sun.proxy.$Proxy11.click(Unknown Source)
	at org.openqa.selenium.support.events.EventFiringWebDriver$EventFiringWebElement.click(EventFiringWebDriver.java:417)
	at com.kms.katalon.core.webui.keyword.builtin.ClickKeyword$_click_closure1.doCall(ClickKeyword.groovy:68)
	at com.kms.katalon.core.webui.keyword.builtin.ClickKeyword$_click_closure1.call(ClickKeyword.groovy)
	at com.kms.katalon.core.webui.keyword.internal.WebUIKeywordMain.runKeyword(WebUIKeywordMain.groovy:20)
	at com.kms.katalon.core.webui.keyword.builtin.ClickKeyword.click(ClickKeyword.groovy:75)
	at com.kms.katalon.core.webui.keyword.builtin.ClickKeyword.execute(ClickKeyword.groovy:42)
	at com.kms.katalon.core.keyword.internal.KeywordExecutor.executeKeywordForPlatform(KeywordExecutor.groovy:74)
	at com.kms.katalon.core.webui.keyword.WebUiBuiltInKeywords.click(WebUiBuiltInKeywords.groovy:620)
	at com.kms.katalon.core.webui.keyword.WebUiBuiltInKeywords$click$10.call(Unknown Source)
	at Script1635887204249.run(Script1635887204249.groovy:56)
	... 13 more
)
[[ATTACHMENT|E:\\Cloned-Project-Katalon\\VPS-Katalon\\Reports\\20211119_102807\\RAD_TestSuite\\RAD_UI_TestSuite\\20211119_102807\\1637336418181.png]]

2021-11-19 10:40:18 - [TEST_STEP][PASSED] - openBrowser(""): Browser is opened with url: ''

2021-11-19 10:40:18 - [MESSAGE][WARNING] - A browser is already opened. Closing browser and opening a new one

2021-11-19 10:40:19 - [MESSAGE][INFO] - Starting 'Chrome' driver

2021-11-19 10:40:19 - [MESSAGE][INFO] - User set preference: ['acceptInsecureCerts', 'true']

2021-11-19 10:40:19 - [MESSAGE][INFO] - Action delay is set to 0 milliseconds

2021-11-19 10:40:20 - [MESSAGE][PASSED] - Browser is opened with url: ''

2021-11-19 10:40:20 - [TEST_STEP][PASSED] - maximizeWindow(): Current window maximized

2021-11-19 10:40:20 - [MESSAGE][PASSED] - Current window maximized

2021-11-19 10:40:20 - [TEST_STEP][PASSED] - navigateToUrl(RADurl): Navigate to 'https://qa.velocitypayment.com/client/rad/index.html' successfully

2021-11-19 10:40:22 - [MESSAGE][PASSED] - Navigate to 'https://qa.velocitypayment.com/client/rad/index.html' successfully

2021-11-19 10:40:22 - [TEST_STEP][PASSED] - orPath_Landing = "Object Repository/RAD_Pages/Landing_Page": null

2021-11-19 10:40:22 - [TEST_STEP][PASSED] - orPath = "Object Repository/RAD_Pages/Landing_Page": null

2021-11-19 10:40:22 - [TEST_STEP][PASSED] - orPath_Amount = "Object Repository/RAD_Pages/PaymentAmount_Page": null

2021-11-19 10:40:22 - [TEST_STEP][PASSED] - selectOptionByLabel(findTestObject(orPath_Landing + "/dd_TaxType"), taxTypeDropList[i], false): All options with label 'Withholding Tax' are selected in object 'Object Repository/RAD_Pages/Landing_Page/dd_TaxType' 

2021-11-19 10:40:23 - [MESSAGE][PASSED] - All options with label 'Withholding Tax' are selected in object 'Object Repository/RAD_Pages/Landing_Page/dd_TaxType' 

2021-11-19 10:40:23 - [TEST_STEP][PASSED] - delay(1): Delayed 1 second(s)

2021-11-19 10:40:24 - [MESSAGE][PASSED] - Delayed 1 second(s)

2021-11-19 10:40:24 - [TEST_STEP][PASSED] - setText(findTestObject(orPath_Amount + "/input__paymentAmount"), ""): Text '' is set on object 'Object Repository/RAD_Pages/PaymentAmount_Page/input__paymentAmount'

2021-11-19 10:40:24 - [MESSAGE][PASSED] - Text '' is set on object 'Object Repository/RAD_Pages/PaymentAmount_Page/input__paymentAmount'

2021-11-19 10:40:24 - [TEST_STEP][PASSED] - click(findTestObject(orPath_Landing + "/a_Click here for details")): Object: 'Object Repository/RAD_Pages/Landing_Page/a_Click here for details' is clicked on

2021-11-19 10:40:25 - [MESSAGE][PASSED] - Object: 'Object Repository/RAD_Pages/Landing_Page/a_Click here for details' is clicked on

2021-11-19 10:40:25 - [TEST_STEP][PASSED] - cfVerbiage = "This electronic government service includes a 2.45% service/convenience fee for payments processed through this application. This fee is assessed by Govolution LLC, Maryland's eGovernment service provider, a third party working under a contract administered by the Maryland Department of Information Technology (DoIT). The service fee is used to develop, maintain, and expand the online service offerings of the state and is non-refundable. Accepted credit cards include Visa, MasterCard, Discover and American Express.": null

2021-11-19 10:40:25 - [TEST_STEP][PASSED] - verifyElementText(findTestObject(orPath_Landing + "/div_ServiceFeesVerbiage"), cfVerbiage): Actual text and expected text of test object 'Object Repository/RAD_Pages/Landing_Page/div_ServiceFeesVerbiage' are matched.

2021-11-19 10:40:25 - [MESSAGE][PASSED] - Actual text and expected text of test object 'Object Repository/RAD_Pages/Landing_Page/div_ServiceFeesVerbiage' are matched.

2021-11-19 10:40:25 - [TEST_STEP][PASSED] - verifyElementPresent(findTestObject(orPath_Landing + "/button_Close"), 30): Object 'Object Repository/RAD_Pages/Landing_Page/button_Close' is present

2021-11-19 10:40:25 - [MESSAGE][PASSED] - Object 'Object Repository/RAD_Pages/Landing_Page/button_Close' is present

2021-11-19 10:40:25 - [TEST_STEP][PASSED] - click(findTestObject(orPath_Landing + "/button_Close")): Object: 'Object Repository/RAD_Pages/Landing_Page/button_Close' is clicked on

2021-11-19 10:40:26 - [MESSAGE][PASSED] - Object: 'Object Repository/RAD_Pages/Landing_Page/button_Close' is clicked on]]></system-out>
         <system-err><![CDATA[2021-11-19 10:39:33 - [TEST_CASE][FAILED] - Test Cases/RAD_TestCases/UI_TestCases/VerifyServiceFeeVerbiage_UI_TC: Test Cases/RAD_TestCases/UI_TestCases/VerifyServiceFeeVerbiage_UI_TC FAILED.
Reason:
com.kms.katalon.core.exception.StepFailedException: Unable to click on object 'Object Repository/RAD_Pages/Landing_Page/a_Click here for details' (Root cause: com.kms.katalon.core.exception.StepFailedException: Unable to click on object 'Object Repository/RAD_Pages/Landing_Page/a_Click here for details'
	at com.kms.katalon.core.webui.keyword.internal.WebUIKeywordMain.stepFailed(WebUIKeywordMain.groovy:64)
	at com.kms.katalon.core.webui.keyword.internal.WebUIKeywordMain.runKeyword(WebUIKeywordMain.groovy:26)
	at com.kms.katalon.core.webui.keyword.builtin.ClickKeyword.click(ClickKeyword.groovy:75)
	at com.kms.katalon.core.webui.keyword.builtin.ClickKeyword.execute(ClickKeyword.groovy:42)
	at com.kms.katalon.core.keyword.internal.KeywordExecutor.executeKeywordForPlatform(KeywordExecutor.groovy:74)
	at com.kms.katalon.core.webui.keyword.WebUiBuiltInKeywords.click(WebUiBuiltInKeywords.groovy:620)
	at com.kms.katalon.core.webui.keyword.WebUiBuiltInKeywords$click$10.call(Unknown Source)
	at VerifyServiceFeeVerbiage_UI_TC.run(VerifyServiceFeeVerbiage_UI_TC:46)
	at com.kms.katalon.core.main.ScriptEngine.run(ScriptEngine.java:194)
	at com.kms.katalon.core.main.ScriptEngine.runScriptAsRawText(ScriptEngine.java:119)
	at com.kms.katalon.core.main.TestCaseExecutor.runScript(TestCaseExecutor.java:430)
	at com.kms.katalon.core.main.TestCaseExecutor.doExecute(TestCaseExecutor.java:421)
	at com.kms.katalon.core.main.TestCaseExecutor.processExecutionPhase(TestCaseExecutor.java:400)
	at com.kms.katalon.core.main.TestCaseExecutor.accessMainPhase(TestCaseExecutor.java:392)
	at com.kms.katalon.core.main.TestCaseExecutor.execute(TestCaseExecutor.java:273)
	at com.kms.katalon.core.main.TestSuiteExecutor.accessTestCaseMainPhase(TestSuiteExecutor.java:202)
	at com.kms.katalon.core.main.TestSuiteExecutor.accessTestSuiteMainPhase(TestSuiteExecutor.java:164)
	at com.kms.katalon.core.main.TestSuiteExecutor.execute(TestSuiteExecutor.java:105)
	at com.kms.katalon.core.main.TestCaseMain.startTestSuite(TestCaseMain.java:185)
	at com.kms.katalon.core.main.TestCaseMain$startTestSuite$0.call(Unknown Source)
	at TempTestSuite1637335687322.run(TempTestSuite1637335687322.groovy:36)
Caused by: org.openqa.selenium.ElementClickInterceptedException: element click intercepted: Element is not clickable at point (1050, 2410)
  (Session info: chrome=96.0.4664.45)
Build info: version: '3.141.59', revision: 'e82be7d358', time: '2018-11-14T08:25:53'
System info: host: 'DESKTOP-B2QI6NS', ip: '172.30.2.167', os.name: 'Windows 10', os.arch: 'amd64', os.version: '10.0', java.version: '1.8.0_181'
Driver info: com.kms.katalon.selenium.driver.CChromeDriver
Capabilities {acceptInsecureCerts: true, browserName: chrome, browserVersion: 96.0.4664.45, chrome: {chromedriverVersion: 95.0.4638.54 (d31a821ec901f..., userDataDir: C:\Users\iahmed\AppData\Loc...}, goog:chromeOptions: {debuggerAddress: localhost:61563}, javascriptEnabled: true, networkConnectionEnabled: false, pageLoadStrategy: normal, platform: WINDOWS, platformName: WINDOWS, proxy: Proxy(), setWindowRect: true, strictFileInteractability: false, timeouts: {implicit: 0, pageLoad: 300000, script: 30000}, unhandledPromptBehavior: dismiss and notify, webauthn:extension:credBlob: true, webauthn:extension:largeBlob: true, webauthn:virtualAuthenticators: true}
Session ID: 9c624e81208846d023009c2b096d8faf
	at org.openqa.selenium.remote.http.W3CHttpResponseCodec.createException(W3CHttpResponseCodec.java:187)
	at org.openqa.selenium.remote.http.W3CHttpResponseCodec.decode(W3CHttpResponseCodec.java:122)
	at org.openqa.selenium.remote.http.W3CHttpResponseCodec.decode(W3CHttpResponseCodec.java:49)
	at org.openqa.selenium.remote.HttpCommandExecutor.execute(HttpCommandExecutor.java:158)
	at org.openqa.selenium.remote.service.DriverCommandExecutor.execute(DriverCommandExecutor.java:83)
	at org.openqa.selenium.remote.RemoteWebDriver.execute(RemoteWebDriver.java:552)
	at com.kms.katalon.selenium.driver.CChromeDriver.execute(CChromeDriver.java:19)
	at org.openqa.selenium.remote.RemoteWebElement.execute(RemoteWebElement.java:285)
	at org.openqa.selenium.remote.RemoteWebElement.click(RemoteWebElement.java:84)
	at org.openqa.selenium.support.events.EventFiringWebDriver$EventFiringWebElement.lambda$new$0(EventFiringWebDriver.java:404)
	at com.sun.proxy.$Proxy11.click(Unknown Source)
	at org.openqa.selenium.support.events.EventFiringWebDriver$EventFiringWebElement.click(EventFiringWebDriver.java:417)
	at com.kms.katalon.core.webui.keyword.builtin.ClickKeyword$_click_closure1.doCall(ClickKeyword.groovy:68)
	at com.kms.katalon.core.webui.keyword.builtin.ClickKeyword$_click_closure1.call(ClickKeyword.groovy)
	at com.kms.katalon.core.webui.keyword.internal.WebUIKeywordMain.runKeyword(WebUIKeywordMain.groovy:20)
	at com.kms.katalon.core.webui.keyword.builtin.ClickKeyword.click(ClickKeyword.groovy:75)
	at com.kms.katalon.core.webui.keyword.builtin.ClickKeyword.execute(ClickKeyword.groovy:42)
	at com.kms.katalon.core.keyword.internal.KeywordExecutor.executeKeywordForPlatform(KeywordExecutor.groovy:74)
	at com.kms.katalon.core.webui.keyword.WebUiBuiltInKeywords.click(WebUiBuiltInKeywords.groovy:620)
	at com.kms.katalon.core.webui.keyword.WebUiBuiltInKeywords$click$10.call(Unknown Source)
	at Script1635887204249.run(Script1635887204249.groovy:46)
	... 13 more
)
	at com.kms.katalon.core.keyword.internal.KeywordMain.stepFailed(KeywordMain.groovy:39)
	at com.kms.katalon.core.webui.keyword.internal.WebUIKeywordMain.stepFailed(WebUIKeywordMain.groovy:64)
	at com.kms.katalon.core.webui.keyword.internal.WebUIKeywordMain.runKeyword(WebUIKeywordMain.groovy:26)
	at com.kms.katalon.core.webui.keyword.builtin.ClickKeyword.click(ClickKeyword.groovy:75)
	at com.kms.katalon.core.webui.keyword.builtin.ClickKeyword.execute(ClickKeyword.groovy:42)
	at com.kms.katalon.core.keyword.internal.KeywordExecutor.executeKeywordForPlatform(KeywordExecutor.groovy:74)
	at com.kms.katalon.core.webui.keyword.WebUiBuiltInKeywords.click(WebUiBuiltInKeywords.groovy:620)
	at com.kms.katalon.core.webui.keyword.WebUiBuiltInKeywords$click$10.call(Unknown Source)
	at VerifyServiceFeeVerbiage_UI_TC.run(VerifyServiceFeeVerbiage_UI_TC:46)
	at com.kms.katalon.core.main.ScriptEngine.run(ScriptEngine.java:194)
	at com.kms.katalon.core.main.ScriptEngine.runScriptAsRawText(ScriptEngine.java:119)
	at com.kms.katalon.core.main.TestCaseExecutor.runScript(TestCaseExecutor.java:430)
	at com.kms.katalon.core.main.TestCaseExecutor.doExecute(TestCaseExecutor.java:421)
	at com.kms.katalon.core.main.TestCaseExecutor.processExecutionPhase(TestCaseExecutor.java:400)
	at com.kms.katalon.core.main.TestCaseExecutor.accessMainPhase(TestCaseExecutor.java:392)
	at com.kms.katalon.core.main.TestCaseExecutor.execute(TestCaseExecutor.java:273)
	at com.kms.katalon.core.main.TestSuiteExecutor.accessTestCaseMainPhase(TestSuiteExecutor.java:202)
	at com.kms.katalon.core.main.TestSuiteExecutor.accessTestSuiteMainPhase(TestSuiteExecutor.java:164)
	at com.kms.katalon.core.main.TestSuiteExecutor.execute(TestSuiteExecutor.java:105)
	at com.kms.katalon.core.main.TestCaseMain.startTestSuite(TestCaseMain.java:185)
	at com.kms.katalon.core.main.TestCaseMain$startTestSuite$0.call(Unknown Source)
	at TempTestSuite1637335687322.run(TempTestSuite1637335687322.groovy:36)
Caused by: com.kms.katalon.core.exception.StepFailedException: Unable to click on object 'Object Repository/RAD_Pages/Landing_Page/a_Click here for details'
	... 21 more
Caused by: org.openqa.selenium.ElementClickInterceptedException: element click intercepted: Element is not clickable at point (1050, 2410)
  (Session info: chrome=96.0.4664.45)
Build info: version: '3.141.59', revision: 'e82be7d358', time: '2018-11-14T08:25:53'
System info: host: 'DESKTOP-B2QI6NS', ip: '172.30.2.167', os.name: 'Windows 10', os.arch: 'amd64', os.version: '10.0', java.version: '1.8.0_181'
Driver info: com.kms.katalon.selenium.driver.CChromeDriver
Capabilities {acceptInsecureCerts: true, browserName: chrome, browserVersion: 96.0.4664.45, chrome: {chromedriverVersion: 95.0.4638.54 (d31a821ec901f..., userDataDir: C:\Users\iahmed\AppData\Loc...}, goog:chromeOptions: {debuggerAddress: localhost:61563}, javascriptEnabled: true, networkConnectionEnabled: false, pageLoadStrategy: normal, platform: WINDOWS, platformName: WINDOWS, proxy: Proxy(), setWindowRect: true, strictFileInteractability: false, timeouts: {implicit: 0, pageLoad: 300000, script: 30000}, unhandledPromptBehavior: dismiss and notify, webauthn:extension:credBlob: true, webauthn:extension:largeBlob: true, webauthn:virtualAuthenticators: true}
Session ID: 9c624e81208846d023009c2b096d8faf
	at org.openqa.selenium.remote.http.W3CHttpResponseCodec.createException(W3CHttpResponseCodec.java:187)
	at org.openqa.selenium.remote.http.W3CHttpResponseCodec.decode(W3CHttpResponseCodec.java:122)
	at org.openqa.selenium.remote.http.W3CHttpResponseCodec.decode(W3CHttpResponseCodec.java:49)
	at org.openqa.selenium.remote.HttpCommandExecutor.execute(HttpCommandExecutor.java:158)
	at org.openqa.selenium.remote.service.DriverCommandExecutor.execute(DriverCommandExecutor.java:83)
	at org.openqa.selenium.remote.RemoteWebDriver.execute(RemoteWebDriver.java:552)
	at com.kms.katalon.selenium.driver.CChromeDriver.execute(CChromeDriver.java:19)
	at org.openqa.selenium.remote.RemoteWebElement.execute(RemoteWebElement.java:285)
	at org.openqa.selenium.remote.RemoteWebElement.click(RemoteWebElement.java:84)
	at org.openqa.selenium.support.events.EventFiringWebDriver$EventFiringWebElement.lambda$new$0(EventFiringWebDriver.java:404)
	at com.sun.proxy.$Proxy11.click(Unknown Source)
	at org.openqa.selenium.support.events.EventFiringWebDriver$EventFiringWebElement.click(EventFiringWebDriver.java:417)
	at com.kms.katalon.core.webui.keyword.builtin.ClickKeyword$_click_closure1.doCall(ClickKeyword.groovy:68)
	at com.kms.katalon.core.webui.keyword.builtin.ClickKeyword$_click_closure1.call(ClickKeyword.groovy)
	at com.kms.katalon.core.webui.keyword.internal.WebUIKeywordMain.runKeyword(WebUIKeywordMain.groovy:20)
	... 19 more]]></system-err>
      </testcase>
      <testcase name="Test Cases/RAD_TestCases/MRF_TestCases/EstimatedTax_MRF_TC" time="13.323" classname="Test Cases/RAD_TestCases/MRF_TestCases/EstimatedTax_MRF_TC" status="PASSED">
         <system-out><![CDATA[2021-11-19 10:40:26 - [TEST_CASE][PASSED] - Test Cases/RAD_TestCases/MRF_TestCases/EstimatedTax_MRF_TC: Test Cases/RAD_TestCases/MRF_TestCases/EstimatedTax_MRF_TC

2021-11-19 10:40:26 - [TEST_STEP][PASSED] - openBrowser(""): Browser is opened with url: ''

2021-11-19 10:40:26 - [MESSAGE][WARNING] - A browser is already opened. Closing browser and opening a new one

2021-11-19 10:40:27 - [MESSAGE][INFO] - Starting 'Chrome' driver

2021-11-19 10:40:27 - [MESSAGE][INFO] - User set preference: ['acceptInsecureCerts', 'true']

2021-11-19 10:40:27 - [MESSAGE][INFO] - Action delay is set to 0 milliseconds

2021-11-19 10:40:29 - [MESSAGE][PASSED] - Browser is opened with url: ''

2021-11-19 10:40:29 - [TEST_STEP][PASSED] - maximizeWindow(): Current window maximized

2021-11-19 10:40:29 - [MESSAGE][PASSED] - Current window maximized

2021-11-19 10:40:29 - [TEST_STEP][PASSED] - navigateToUrl(RADurl): Navigate to 'https://qa.velocitypayment.com/client/rad/index.html' successfully

2021-11-19 10:40:31 - [MESSAGE][PASSED] - Navigate to 'https://qa.velocitypayment.com/client/rad/index.html' successfully

2021-11-19 10:40:31 - [TEST_STEP][PASSED] - orPath_Landing = "Object Repository/RAD_Pages/Landing_Page": null

2021-11-19 10:40:31 - [TEST_STEP][PASSED] - orPath_Amount = "Object Repository/RAD_Pages/PaymentAmount_Page": null

2021-11-19 10:40:31 - [TEST_STEP][PASSED] - orPath_FilingStatus = "Object Repository/RAD_Pages/FilingStatus_Page": null

2021-11-19 10:40:31 - [TEST_STEP][PASSED] - orPath_TaxPayer = "Object Repository/RAD_Pages/Taxpayer_Page": null

2021-11-19 10:40:31 - [TEST_STEP][PASSED] - selectOptionByLabel(findTestObject(orPath_Landing + "/dd_TaxType"), "Estimated Tax", false): All options with label 'Estimated Tax' are selected in object 'Object Repository/RAD_Pages/Landing_Page/dd_TaxType' 

2021-11-19 10:40:32 - [MESSAGE][PASSED] - All options with label 'Estimated Tax' are selected in object 'Object Repository/RAD_Pages/Landing_Page/dd_TaxType' 

2021-11-19 10:40:32 - [TEST_STEP][PASSED] - setText(findTestObject(orPath_TaxPayer + "/input_lastName"), "Anderson"): Text 'Anderson' is set on object 'Object Repository/RAD_Pages/Taxpayer_Page/input_lastName'

2021-11-19 10:40:32 - [MESSAGE][PASSED] - Text 'Anderson' is set on object 'Object Repository/RAD_Pages/Taxpayer_Page/input_lastName'

2021-11-19 10:40:32 - [TEST_STEP][PASSED] - setText(findTestObject("RAD_RecordAndPlay/input_concatSSN"), "123451234"): Text '123451234' is set on object 'Object Repository/RAD_RecordAndPlay/input_concatSSN'

2021-11-19 10:40:33 - [MESSAGE][PASSED] - Text '123451234' is set on object 'Object Repository/RAD_RecordAndPlay/input_concatSSN'

2021-11-19 10:40:33 - [TEST_STEP][PASSED] - setText(findTestObject("RAD_RecordAndPlay/input_concatReSSN"), "123451234"): Text '123451234' is set on object 'Object Repository/RAD_RecordAndPlay/input_concatReSSN'

2021-11-19 10:40:34 - [MESSAGE][PASSED] - Text '123451234' is set on object 'Object Repository/RAD_RecordAndPlay/input_concatReSSN'

2021-11-19 10:40:34 - [TEST_STEP][PASSED] - setText(findTestObject(orPath_TaxPayer + "/input_firstName"), ""): Text '' is set on object 'Object Repository/RAD_Pages/Taxpayer_Page/input_firstName'

2021-11-19 10:40:34 - [MESSAGE][PASSED] - Text '' is set on object 'Object Repository/RAD_Pages/Taxpayer_Page/input_firstName'

2021-11-19 10:40:34 - [TEST_STEP][PASSED] - scrollToElement(findTestObject(orPath_Landing + "/button_Continue"), 3): Scroll to object 'Object Repository/RAD_Pages/Landing_Page/button_Continue' successfully

2021-11-19 10:40:35 - [MESSAGE][PASSED] - Scroll to object 'Object Repository/RAD_Pages/Landing_Page/button_Continue' successfully

2021-11-19 10:40:35 - [TEST_STEP][PASSED] - waitForElementClickable(findTestObject(orPath_Landing + "/button_Continue"), 5): Object 'Object Repository/RAD_Pages/Landing_Page/button_Continue' is clickable

2021-11-19 10:40:35 - [MESSAGE][PASSED] - Object 'Object Repository/RAD_Pages/Landing_Page/button_Continue' is clickable

2021-11-19 10:40:35 - [TEST_STEP][PASSED] - click(findTestObject(orPath_Landing + "/button_Continue")): Object: 'Object Repository/RAD_Pages/Landing_Page/button_Continue' is clicked on

2021-11-19 10:40:36 - [MESSAGE][PASSED] - Object: 'Object Repository/RAD_Pages/Landing_Page/button_Continue' is clicked on

2021-11-19 10:40:36 - [TEST_STEP][PASSED] - verifyTextPresent("Select a payment type", true): Text 'Select a payment type' is present on page  using regular expression

2021-11-19 10:40:36 - [MESSAGE][PASSED] - Text 'Select a payment type' is present on page  using regular expression

2021-11-19 10:40:36 - [TEST_STEP][PASSED] - verifyTextPresent("Enter first name", true): Text 'Enter first name' is present on page  using regular expression

2021-11-19 10:40:36 - [MESSAGE][PASSED] - Text 'Enter first name' is present on page  using regular expression

2021-11-19 10:40:36 - [TEST_STEP][PASSED] - verifyTextPresent("Enter address", true): Text 'Enter address' is present on page  using regular expression

2021-11-19 10:40:37 - [MESSAGE][PASSED] - Text 'Enter address' is present on page  using regular expression

2021-11-19 10:40:37 - [TEST_STEP][PASSED] - verifyTextPresent("Enter city", true): Text 'Enter city' is present on page  using regular expression

2021-11-19 10:40:37 - [MESSAGE][PASSED] - Text 'Enter city' is present on page  using regular expression

2021-11-19 10:40:37 - [TEST_STEP][PASSED] - verifyTextPresent("Select a state", true): Text 'Select a state' is present on page  using regular expression

2021-11-19 10:40:37 - [MESSAGE][PASSED] - Text 'Select a state' is present on page  using regular expression

2021-11-19 10:40:37 - [TEST_STEP][PASSED] - verifyTextPresent("Enter ZIP code", true): Text 'Enter ZIP code' is present on page  using regular expression

2021-11-19 10:40:38 - [MESSAGE][PASSED] - Text 'Enter ZIP code' is present on page  using regular expression

2021-11-19 10:40:38 - [TEST_STEP][PASSED] - verifyTextPresent("Enter a phone number", true): Text 'Enter a phone number' is present on page  using regular expression

2021-11-19 10:40:38 - [MESSAGE][PASSED] - Text 'Enter a phone number' is present on page  using regular expression

2021-11-19 10:40:38 - [TEST_STEP][PASSED] - verifyTextPresent("Enter Email", true): Text 'Enter Email' is present on page  using regular expression

2021-11-19 10:40:38 - [MESSAGE][PASSED] - Text 'Enter Email' is present on page  using regular expression

2021-11-19 10:40:38 - [TEST_STEP][PASSED] - verifyTextPresent("The Email and Re-enter email do not match", true): Text 'The Email and Re-enter email do not match' is present on page  using regular expression

2021-11-19 10:40:39 - [MESSAGE][PASSED] - Text 'The Email and Re-enter email do not match' is present on page  using regular expression

2021-11-19 10:40:39 - [TEST_STEP][PASSED] - verifyTextPresent("Payment amount must be greater than zero and less than 10,000,000", true): Text 'Payment amount must be greater than zero and less than 10,000,000' is present on page  using regular expression

2021-11-19 10:40:39 - [MESSAGE][PASSED] - Text 'Payment amount must be greater than zero and less than 10,000,000' is present on page  using regular expression]]></system-out>
         <system-err><![CDATA[]]></system-err>
      </testcase>
      <testcase name="Test Cases/RAD_TestCases/MRF_TestCases/PersonalIncomeTax_MRF_TC" time="12.154" classname="Test Cases/RAD_TestCases/MRF_TestCases/PersonalIncomeTax_MRF_TC" status="PASSED">
         <system-out><![CDATA[2021-11-19 10:40:39 - [TEST_CASE][PASSED] - Test Cases/RAD_TestCases/MRF_TestCases/PersonalIncomeTax_MRF_TC: Test Cases/RAD_TestCases/MRF_TestCases/PersonalIncomeTax_MRF_TC

2021-11-19 10:40:40 - [TEST_STEP][PASSED] - openBrowser(""): Browser is opened with url: ''

2021-11-19 10:40:40 - [MESSAGE][WARNING] - A browser is already opened. Closing browser and opening a new one

2021-11-19 10:40:40 - [MESSAGE][INFO] - Starting 'Chrome' driver

2021-11-19 10:40:40 - [MESSAGE][INFO] - User set preference: ['acceptInsecureCerts', 'true']

2021-11-19 10:40:40 - [MESSAGE][INFO] - Action delay is set to 0 milliseconds

2021-11-19 10:40:42 - [MESSAGE][PASSED] - Browser is opened with url: ''

2021-11-19 10:40:42 - [TEST_STEP][PASSED] - maximizeWindow(): Current window maximized

2021-11-19 10:40:42 - [MESSAGE][PASSED] - Current window maximized

2021-11-19 10:40:42 - [TEST_STEP][PASSED] - navigateToUrl(RADurl): Navigate to 'https://qa.velocitypayment.com/client/rad/index.html' successfully

2021-11-19 10:40:43 - [MESSAGE][PASSED] - Navigate to 'https://qa.velocitypayment.com/client/rad/index.html' successfully

2021-11-19 10:40:43 - [TEST_STEP][PASSED] - orPath_Landing = "Object Repository/RAD_Pages/Landing_Page": null

2021-11-19 10:40:43 - [TEST_STEP][PASSED] - orPath_Amount = "Object Repository/RAD_Pages/PaymentAmount_Page": null

2021-11-19 10:40:43 - [TEST_STEP][PASSED] - orPath_FilingStatus = "Object Repository/RAD_Pages/FilingStatus_Page": null

2021-11-19 10:40:43 - [TEST_STEP][PASSED] - orPath_TaxPayer = "Object Repository/RAD_Pages/Taxpayer_Page": null

2021-11-19 10:40:43 - [TEST_STEP][PASSED] - selectOptionByLabel(findTestObject(orPath_Landing + "/dd_TaxType"), "Personal Income Tax", false): All options with label 'Personal Income Tax' are selected in object 'Object Repository/RAD_Pages/Landing_Page/dd_TaxType' 

2021-11-19 10:40:44 - [MESSAGE][PASSED] - All options with label 'Personal Income Tax' are selected in object 'Object Repository/RAD_Pages/Landing_Page/dd_TaxType' 

2021-11-19 10:40:44 - [TEST_STEP][PASSED] - setText(findTestObject("RAD_RecordAndPlay/input_concatSSN"), "123451234"): Text '123451234' is set on object 'Object Repository/RAD_RecordAndPlay/input_concatSSN'

2021-11-19 10:40:45 - [MESSAGE][PASSED] - Text '123451234' is set on object 'Object Repository/RAD_RecordAndPlay/input_concatSSN'

2021-11-19 10:40:45 - [TEST_STEP][PASSED] - setText(findTestObject("RAD_RecordAndPlay/input_concatReSSN"), "123451234"): Text '123451234' is set on object 'Object Repository/RAD_RecordAndPlay/input_concatReSSN'

2021-11-19 10:40:45 - [MESSAGE][PASSED] - Text '123451234' is set on object 'Object Repository/RAD_RecordAndPlay/input_concatReSSN'

2021-11-19 10:40:45 - [TEST_STEP][PASSED] - setText(findTestObject(orPath_TaxPayer + "/input_lastName"), "Anderson"): Text 'Anderson' is set on object 'Object Repository/RAD_Pages/Taxpayer_Page/input_lastName'

2021-11-19 10:40:46 - [MESSAGE][PASSED] - Text 'Anderson' is set on object 'Object Repository/RAD_Pages/Taxpayer_Page/input_lastName'

2021-11-19 10:40:46 - [TEST_STEP][PASSED] - scrollToElement(findTestObject(orPath_Landing + "/button_Continue"), 3): Scroll to object 'Object Repository/RAD_Pages/Landing_Page/button_Continue' successfully

2021-11-19 10:40:47 - [MESSAGE][PASSED] - Scroll to object 'Object Repository/RAD_Pages/Landing_Page/button_Continue' successfully

2021-11-19 10:40:47 - [TEST_STEP][PASSED] - waitForElementClickable(findTestObject(orPath_Landing + "/button_Continue"), 5): Object 'Object Repository/RAD_Pages/Landing_Page/button_Continue' is clickable

2021-11-19 10:40:47 - [MESSAGE][PASSED] - Object 'Object Repository/RAD_Pages/Landing_Page/button_Continue' is clickable

2021-11-19 10:40:47 - [TEST_STEP][PASSED] - click(findTestObject(orPath_Landing + "/button_Continue")): Object: 'Object Repository/RAD_Pages/Landing_Page/button_Continue' is clicked on

2021-11-19 10:40:48 - [MESSAGE][PASSED] - Object: 'Object Repository/RAD_Pages/Landing_Page/button_Continue' is clicked on

2021-11-19 10:40:48 - [TEST_STEP][PASSED] - verifyTextPresent("Select a filing year", true): Text 'Select a filing year' is present on page  using regular expression

2021-11-19 10:40:48 - [MESSAGE][PASSED] - Text 'Select a filing year' is present on page  using regular expression

2021-11-19 10:40:48 - [TEST_STEP][PASSED] - verifyTextPresent("Enter first name", true): Text 'Enter first name' is present on page  using regular expression

2021-11-19 10:40:49 - [MESSAGE][PASSED] - Text 'Enter first name' is present on page  using regular expression

2021-11-19 10:40:49 - [TEST_STEP][PASSED] - verifyTextPresent("Enter address", true): Text 'Enter address' is present on page  using regular expression

2021-11-19 10:40:49 - [MESSAGE][PASSED] - Text 'Enter address' is present on page  using regular expression

2021-11-19 10:40:49 - [TEST_STEP][PASSED] - verifyTextPresent("Enter city", true): Text 'Enter city' is present on page  using regular expression

2021-11-19 10:40:49 - [MESSAGE][PASSED] - Text 'Enter city' is present on page  using regular expression

2021-11-19 10:40:49 - [TEST_STEP][PASSED] - verifyTextPresent("Select a state", true): Text 'Select a state' is present on page  using regular expression

2021-11-19 10:40:50 - [MESSAGE][PASSED] - Text 'Select a state' is present on page  using regular expression

2021-11-19 10:40:50 - [TEST_STEP][PASSED] - verifyTextPresent("Enter ZIP code", true): Text 'Enter ZIP code' is present on page  using regular expression

2021-11-19 10:40:50 - [MESSAGE][PASSED] - Text 'Enter ZIP code' is present on page  using regular expression

2021-11-19 10:40:50 - [TEST_STEP][PASSED] - verifyTextPresent("Enter a phone number", true): Text 'Enter a phone number' is present on page  using regular expression

2021-11-19 10:40:50 - [MESSAGE][PASSED] - Text 'Enter a phone number' is present on page  using regular expression

2021-11-19 10:40:50 - [TEST_STEP][PASSED] - verifyTextPresent("Enter Email", true): Text 'Enter Email' is present on page  using regular expression

2021-11-19 10:40:51 - [MESSAGE][PASSED] - Text 'Enter Email' is present on page  using regular expression

2021-11-19 10:40:51 - [TEST_STEP][PASSED] - verifyTextPresent("The Email and Re-enter email do not match", true): Text 'The Email and Re-enter email do not match' is present on page  using regular expression

2021-11-19 10:40:51 - [MESSAGE][PASSED] - Text 'The Email and Re-enter email do not match' is present on page  using regular expression

2021-11-19 10:40:51 - [TEST_STEP][PASSED] - verifyTextPresent("Payment amount must be greater than zero and less than 10,000,000", true): Text 'Payment amount must be greater than zero and less than 10,000,000' is present on page  using regular expression

2021-11-19 10:40:51 - [MESSAGE][PASSED] - Text 'Payment amount must be greater than zero and less than 10,000,000' is present on page  using regular expression]]></system-out>
         <system-err><![CDATA[]]></system-err>
      </testcase>
      <testcase name="Test Cases/RAD_TestCases/MRF_TestCases/ExtensionPayments_MRF_TC" time="12.639" classname="Test Cases/RAD_TestCases/MRF_TestCases/ExtensionPayments_MRF_TC" status="PASSED">
         <system-out><![CDATA[2021-11-19 10:40:51 - [TEST_CASE][PASSED] - Test Cases/RAD_TestCases/MRF_TestCases/ExtensionPayments_MRF_TC: Test Cases/RAD_TestCases/MRF_TestCases/ExtensionPayments_MRF_TC

2021-11-19 10:40:52 - [TEST_STEP][PASSED] - openBrowser(""): Browser is opened with url: ''

2021-11-19 10:40:52 - [MESSAGE][WARNING] - A browser is already opened. Closing browser and opening a new one

2021-11-19 10:40:52 - [MESSAGE][INFO] - Starting 'Chrome' driver

2021-11-19 10:40:52 - [MESSAGE][INFO] - User set preference: ['acceptInsecureCerts', 'true']

2021-11-19 10:40:52 - [MESSAGE][INFO] - Action delay is set to 0 milliseconds

2021-11-19 10:40:54 - [MESSAGE][PASSED] - Browser is opened with url: ''

2021-11-19 10:40:54 - [TEST_STEP][PASSED] - maximizeWindow(): Current window maximized

2021-11-19 10:40:54 - [MESSAGE][PASSED] - Current window maximized

2021-11-19 10:40:54 - [TEST_STEP][PASSED] - navigateToUrl(RADurl): Navigate to 'https://qa.velocitypayment.com/client/rad/index.html' successfully

2021-11-19 10:40:56 - [MESSAGE][PASSED] - Navigate to 'https://qa.velocitypayment.com/client/rad/index.html' successfully

2021-11-19 10:40:56 - [TEST_STEP][PASSED] - orPath_Landing = "Object Repository/RAD_Pages/Landing_Page": null

2021-11-19 10:40:56 - [TEST_STEP][PASSED] - orPath_Amount = "Object Repository/RAD_Pages/PaymentAmount_Page": null

2021-11-19 10:40:56 - [TEST_STEP][PASSED] - orPath_FilingStatus = "Object Repository/RAD_Pages/FilingStatus_Page": null

2021-11-19 10:40:56 - [TEST_STEP][PASSED] - orPath_TaxPayer = "Object Repository/RAD_Pages/Taxpayer_Page": null

2021-11-19 10:40:56 - [TEST_STEP][PASSED] - selectOptionByLabel(findTestObject(orPath_Landing + "/dd_TaxType"), "Extension Payments", false): All options with label 'Extension Payments' are selected in object 'Object Repository/RAD_Pages/Landing_Page/dd_TaxType' 

2021-11-19 10:40:57 - [MESSAGE][PASSED] - All options with label 'Extension Payments' are selected in object 'Object Repository/RAD_Pages/Landing_Page/dd_TaxType' 

2021-11-19 10:40:57 - [TEST_STEP][PASSED] - setText(findTestObject("RAD_RecordAndPlay/input_concatSSN"), "123451234"): Text '123451234' is set on object 'Object Repository/RAD_RecordAndPlay/input_concatSSN'

2021-11-19 10:40:57 - [MESSAGE][PASSED] - Text '123451234' is set on object 'Object Repository/RAD_RecordAndPlay/input_concatSSN'

2021-11-19 10:40:57 - [TEST_STEP][PASSED] - setText(findTestObject("RAD_RecordAndPlay/input_concatReSSN"), "123451234"): Text '123451234' is set on object 'Object Repository/RAD_RecordAndPlay/input_concatReSSN'

2021-11-19 10:40:58 - [MESSAGE][PASSED] - Text '123451234' is set on object 'Object Repository/RAD_RecordAndPlay/input_concatReSSN'

2021-11-19 10:40:58 - [TEST_STEP][PASSED] - setText(findTestObject(orPath_TaxPayer + "/input_lastName"), "Anderson"): Text 'Anderson' is set on object 'Object Repository/RAD_Pages/Taxpayer_Page/input_lastName'

2021-11-19 10:40:59 - [MESSAGE][PASSED] - Text 'Anderson' is set on object 'Object Repository/RAD_Pages/Taxpayer_Page/input_lastName'

2021-11-19 10:40:59 - [TEST_STEP][PASSED] - scrollToElement(findTestObject(orPath_Landing + "/button_Continue"), 3): Scroll to object 'Object Repository/RAD_Pages/Landing_Page/button_Continue' successfully

2021-11-19 10:40:59 - [MESSAGE][PASSED] - Scroll to object 'Object Repository/RAD_Pages/Landing_Page/button_Continue' successfully

2021-11-19 10:40:59 - [TEST_STEP][PASSED] - waitForElementClickable(findTestObject(orPath_Landing + "/button_Continue"), 5): Object 'Object Repository/RAD_Pages/Landing_Page/button_Continue' is clickable

2021-11-19 10:41:00 - [MESSAGE][PASSED] - Object 'Object Repository/RAD_Pages/Landing_Page/button_Continue' is clickable

2021-11-19 10:41:00 - [TEST_STEP][PASSED] - click(findTestObject(orPath_Landing + "/button_Continue")): Object: 'Object Repository/RAD_Pages/Landing_Page/button_Continue' is clicked on

2021-11-19 10:41:00 - [MESSAGE][PASSED] - Object: 'Object Repository/RAD_Pages/Landing_Page/button_Continue' is clicked on

2021-11-19 10:41:00 - [TEST_STEP][PASSED] - verifyTextPresent("Select a payment type", true): Text 'Select a payment type' is present on page  using regular expression

2021-11-19 10:41:01 - [MESSAGE][PASSED] - Text 'Select a payment type' is present on page  using regular expression

2021-11-19 10:41:01 - [TEST_STEP][PASSED] - verifyTextPresent("Enter first name", true): Text 'Enter first name' is present on page  using regular expression

2021-11-19 10:41:01 - [MESSAGE][PASSED] - Text 'Enter first name' is present on page  using regular expression

2021-11-19 10:41:01 - [TEST_STEP][PASSED] - verifyTextPresent("Enter address", true): Text 'Enter address' is present on page  using regular expression

2021-11-19 10:41:02 - [MESSAGE][PASSED] - Text 'Enter address' is present on page  using regular expression

2021-11-19 10:41:02 - [TEST_STEP][PASSED] - verifyTextPresent("Enter city", true): Text 'Enter city' is present on page  using regular expression

2021-11-19 10:41:02 - [MESSAGE][PASSED] - Text 'Enter city' is present on page  using regular expression

2021-11-19 10:41:02 - [TEST_STEP][PASSED] - verifyTextPresent("Select a state", true): Text 'Select a state' is present on page  using regular expression

2021-11-19 10:41:02 - [MESSAGE][PASSED] - Text 'Select a state' is present on page  using regular expression

2021-11-19 10:41:02 - [TEST_STEP][PASSED] - verifyTextPresent("Enter ZIP code", true): Text 'Enter ZIP code' is present on page  using regular expression

2021-11-19 10:41:03 - [MESSAGE][PASSED] - Text 'Enter ZIP code' is present on page  using regular expression

2021-11-19 10:41:03 - [TEST_STEP][PASSED] - verifyTextPresent("Enter a phone number", true): Text 'Enter a phone number' is present on page  using regular expression

2021-11-19 10:41:03 - [MESSAGE][PASSED] - Text 'Enter a phone number' is present on page  using regular expression

2021-11-19 10:41:03 - [TEST_STEP][PASSED] - verifyTextPresent("Enter Email", true): Text 'Enter Email' is present on page  using regular expression

2021-11-19 10:41:03 - [MESSAGE][PASSED] - Text 'Enter Email' is present on page  using regular expression

2021-11-19 10:41:03 - [TEST_STEP][PASSED] - verifyTextPresent("The Email and Re-enter email do not match", true): Text 'The Email and Re-enter email do not match' is present on page  using regular expression

2021-11-19 10:41:04 - [MESSAGE][PASSED] - Text 'The Email and Re-enter email do not match' is present on page  using regular expression

2021-11-19 10:41:04 - [TEST_STEP][PASSED] - verifyTextPresent("Payment amount must be greater than zero and less than 10,000,000", true): Text 'Payment amount must be greater than zero and less than 10,000,000' is present on page  using regular expression

2021-11-19 10:41:04 - [MESSAGE][PASSED] - Text 'Payment amount must be greater than zero and less than 10,000,000' is present on page  using regular expression]]></system-out>
         <system-err><![CDATA[]]></system-err>
      </testcase>
      <testcase name="Test Cases/RAD_TestCases/MRF_TestCases/SaleAndUse_MRF_TC" time="13.135" classname="Test Cases/RAD_TestCases/MRF_TestCases/SaleAndUse_MRF_TC" status="PASSED">
         <system-out><![CDATA[2021-11-19 10:41:04 - [TEST_CASE][PASSED] - Test Cases/RAD_TestCases/MRF_TestCases/SaleAndUse_MRF_TC: Test Cases/RAD_TestCases/MRF_TestCases/SaleAndUse_MRF_TC

2021-11-19 10:41:04 - [TEST_STEP][PASSED] - openBrowser(""): Browser is opened with url: ''

2021-11-19 10:41:04 - [MESSAGE][WARNING] - A browser is already opened. Closing browser and opening a new one

2021-11-19 10:41:05 - [MESSAGE][INFO] - Starting 'Chrome' driver

2021-11-19 10:41:05 - [MESSAGE][INFO] - User set preference: ['acceptInsecureCerts', 'true']

2021-11-19 10:41:05 - [MESSAGE][INFO] - Action delay is set to 0 milliseconds

2021-11-19 10:41:07 - [MESSAGE][PASSED] - Browser is opened with url: ''

2021-11-19 10:41:07 - [TEST_STEP][PASSED] - maximizeWindow(): Current window maximized

2021-11-19 10:41:07 - [MESSAGE][PASSED] - Current window maximized

2021-11-19 10:41:07 - [TEST_STEP][PASSED] - navigateToUrl(RADurl): Navigate to 'https://qa.velocitypayment.com/client/rad/index.html' successfully

2021-11-19 10:41:09 - [MESSAGE][PASSED] - Navigate to 'https://qa.velocitypayment.com/client/rad/index.html' successfully

2021-11-19 10:41:09 - [TEST_STEP][PASSED] - orPath_Landing = "Object Repository/RAD_Pages/Landing_Page": null

2021-11-19 10:41:09 - [TEST_STEP][PASSED] - orPath_Amount = "Object Repository/RAD_Pages/PaymentAmount_Page": null

2021-11-19 10:41:09 - [TEST_STEP][PASSED] - orPath_FilingStatus = "Object Repository/RAD_Pages/FilingStatus_Page": null

2021-11-19 10:41:09 - [TEST_STEP][PASSED] - selectOptionByLabel(findTestObject(orPath_Landing + "/dd_TaxType"), "Sales and Use", false): All options with label 'Sales and Use' are selected in object 'Object Repository/RAD_Pages/Landing_Page/dd_TaxType' 

2021-11-19 10:41:10 - [MESSAGE][PASSED] - All options with label 'Sales and Use' are selected in object 'Object Repository/RAD_Pages/Landing_Page/dd_TaxType' 

2021-11-19 10:41:10 - [TEST_STEP][PASSED] - scrollToElement(findTestObject(orPath_Landing + "/button_Continue"), 3): Scroll to object 'Object Repository/RAD_Pages/Landing_Page/button_Continue' successfully

2021-11-19 10:41:10 - [MESSAGE][PASSED] - Scroll to object 'Object Repository/RAD_Pages/Landing_Page/button_Continue' successfully

2021-11-19 10:41:10 - [TEST_STEP][PASSED] - waitForElementClickable(findTestObject(orPath_Landing + "/button_Continue"), 5): Object 'Object Repository/RAD_Pages/Landing_Page/button_Continue' is clickable

2021-11-19 10:41:11 - [MESSAGE][PASSED] - Object 'Object Repository/RAD_Pages/Landing_Page/button_Continue' is clickable

2021-11-19 10:41:11 - [TEST_STEP][PASSED] - click(findTestObject(orPath_Landing + "/button_Continue")): Object: 'Object Repository/RAD_Pages/Landing_Page/button_Continue' is clicked on

2021-11-19 10:41:11 - [MESSAGE][PASSED] - Object: 'Object Repository/RAD_Pages/Landing_Page/button_Continue' is clicked on

2021-11-19 10:41:11 - [TEST_STEP][PASSED] - verifyTextPresent("Select a filing year", true): Text 'Select a filing year' is present on page  using regular expression

2021-11-19 10:41:12 - [MESSAGE][PASSED] - Text 'Select a filing year' is present on page  using regular expression

2021-11-19 10:41:12 - [TEST_STEP][PASSED] - verifyTextPresent("Select a reporting period", true): Text 'Select a reporting period' is present on page  using regular expression

2021-11-19 10:41:12 - [MESSAGE][PASSED] - Text 'Select a reporting period' is present on page  using regular expression

2021-11-19 10:41:12 - [TEST_STEP][PASSED] - verifyTextPresent("Enter business name", true): Text 'Enter business name' is present on page  using regular expression

2021-11-19 10:41:13 - [MESSAGE][PASSED] - Text 'Enter business name' is present on page  using regular expression

2021-11-19 10:41:13 - [TEST_STEP][PASSED] - verifyTextPresent("Enter first name", true): Text 'Enter first name' is present on page  using regular expression

2021-11-19 10:41:13 - [MESSAGE][PASSED] - Text 'Enter first name' is present on page  using regular expression

2021-11-19 10:41:13 - [TEST_STEP][PASSED] - verifyTextPresent("Enter last name", true): Text 'Enter last name' is present on page  using regular expression

2021-11-19 10:41:13 - [MESSAGE][PASSED] - Text 'Enter last name' is present on page  using regular expression

2021-11-19 10:41:13 - [TEST_STEP][PASSED] - verifyTextPresent("Enter address", true): Text 'Enter address' is present on page  using regular expression

2021-11-19 10:41:14 - [MESSAGE][PASSED] - Text 'Enter address' is present on page  using regular expression

2021-11-19 10:41:14 - [TEST_STEP][PASSED] - verifyTextPresent("Enter city", true): Text 'Enter city' is present on page  using regular expression

2021-11-19 10:41:14 - [MESSAGE][PASSED] - Text 'Enter city' is present on page  using regular expression

2021-11-19 10:41:14 - [TEST_STEP][PASSED] - verifyTextPresent("Select a state", true): Text 'Select a state' is present on page  using regular expression

2021-11-19 10:41:15 - [MESSAGE][PASSED] - Text 'Select a state' is present on page  using regular expression

2021-11-19 10:41:15 - [TEST_STEP][PASSED] - verifyTextPresent("Enter ZIP code", true): Text 'Enter ZIP code' is present on page  using regular expression

2021-11-19 10:41:15 - [MESSAGE][PASSED] - Text 'Enter ZIP code' is present on page  using regular expression

2021-11-19 10:41:15 - [TEST_STEP][PASSED] - verifyTextPresent("Enter a phone number", true): Text 'Enter a phone number' is present on page  using regular expression

2021-11-19 10:41:15 - [MESSAGE][PASSED] - Text 'Enter a phone number' is present on page  using regular expression

2021-11-19 10:41:15 - [TEST_STEP][PASSED] - verifyTextPresent("Enter Email", true): Text 'Enter Email' is present on page  using regular expression

2021-11-19 10:41:16 - [MESSAGE][PASSED] - Text 'Enter Email' is present on page  using regular expression

2021-11-19 10:41:16 - [TEST_STEP][PASSED] - verifyTextPresent("The Email and Re-enter email do not match", true): Text 'The Email and Re-enter email do not match' is present on page  using regular expression

2021-11-19 10:41:16 - [MESSAGE][PASSED] - Text 'The Email and Re-enter email do not match' is present on page  using regular expression

2021-11-19 10:41:16 - [TEST_STEP][PASSED] - verifyTextPresent("Enter valid MD Central Registration.", true): Text 'Enter valid MD Central Registration.' is present on page  using regular expression

2021-11-19 10:41:17 - [MESSAGE][PASSED] - Text 'Enter valid MD Central Registration.' is present on page  using regular expression

2021-11-19 10:41:17 - [TEST_STEP][PASSED] - verifyTextPresent("Payment amount must be greater than zero and less than 10,000,000", true): Text 'Payment amount must be greater than zero and less than 10,000,000' is present on page  using regular expression

2021-11-19 10:41:17 - [MESSAGE][PASSED] - Text 'Payment amount must be greater than zero and less than 10,000,000' is present on page  using regular expression]]></system-out>
         <system-err><![CDATA[]]></system-err>
      </testcase>
      <testcase name="Test Cases/RAD_TestCases/MRF_TestCases/WithholdingTax_MRF_TC" time="12.177" classname="Test Cases/RAD_TestCases/MRF_TestCases/WithholdingTax_MRF_TC" status="PASSED">
         <system-out><![CDATA[2021-11-19 10:41:17 - [TEST_CASE][PASSED] - Test Cases/RAD_TestCases/MRF_TestCases/WithholdingTax_MRF_TC: Test Cases/RAD_TestCases/MRF_TestCases/WithholdingTax_MRF_TC

2021-11-19 10:41:17 - [TEST_STEP][PASSED] - openBrowser(""): Browser is opened with url: ''

2021-11-19 10:41:17 - [MESSAGE][WARNING] - A browser is already opened. Closing browser and opening a new one

2021-11-19 10:41:18 - [MESSAGE][INFO] - Starting 'Chrome' driver

2021-11-19 10:41:18 - [MESSAGE][INFO] - User set preference: ['acceptInsecureCerts', 'true']

2021-11-19 10:41:18 - [MESSAGE][INFO] - Action delay is set to 0 milliseconds

2021-11-19 10:41:20 - [MESSAGE][PASSED] - Browser is opened with url: ''

2021-11-19 10:41:20 - [TEST_STEP][PASSED] - maximizeWindow(): Current window maximized

2021-11-19 10:41:20 - [MESSAGE][PASSED] - Current window maximized

2021-11-19 10:41:20 - [TEST_STEP][PASSED] - navigateToUrl(RADurl): Navigate to 'https://qa.velocitypayment.com/client/rad/index.html' successfully

2021-11-19 10:41:22 - [MESSAGE][PASSED] - Navigate to 'https://qa.velocitypayment.com/client/rad/index.html' successfully

2021-11-19 10:41:22 - [TEST_STEP][PASSED] - orPath_Landing = "Object Repository/RAD_Pages/Landing_Page": null

2021-11-19 10:41:22 - [TEST_STEP][PASSED] - orPath_Amount = "Object Repository/RAD_Pages/PaymentAmount_Page": null

2021-11-19 10:41:22 - [TEST_STEP][PASSED] - orPath_FilingStatus = "Object Repository/RAD_Pages/FilingStatus_Page": null

2021-11-19 10:41:22 - [TEST_STEP][PASSED] - selectOptionByLabel(findTestObject(orPath_Landing + "/dd_TaxType"), "Withholding Tax", false): All options with label 'Withholding Tax' are selected in object 'Object Repository/RAD_Pages/Landing_Page/dd_TaxType' 

2021-11-19 10:41:22 - [MESSAGE][PASSED] - All options with label 'Withholding Tax' are selected in object 'Object Repository/RAD_Pages/Landing_Page/dd_TaxType' 

2021-11-19 10:41:22 - [TEST_STEP][PASSED] - scrollToElement(findTestObject(orPath_Landing + "/button_Continue"), 3): Scroll to object 'Object Repository/RAD_Pages/Landing_Page/button_Continue' successfully

2021-11-19 10:41:23 - [MESSAGE][PASSED] - Scroll to object 'Object Repository/RAD_Pages/Landing_Page/button_Continue' successfully

2021-11-19 10:41:23 - [TEST_STEP][PASSED] - waitForElementClickable(findTestObject(orPath_Landing + "/button_Continue"), 5): Object 'Object Repository/RAD_Pages/Landing_Page/button_Continue' is clickable

2021-11-19 10:41:23 - [MESSAGE][PASSED] - Object 'Object Repository/RAD_Pages/Landing_Page/button_Continue' is clickable

2021-11-19 10:41:23 - [TEST_STEP][PASSED] - click(findTestObject(orPath_Landing + "/button_Continue")): Object: 'Object Repository/RAD_Pages/Landing_Page/button_Continue' is clicked on

2021-11-19 10:41:24 - [MESSAGE][PASSED] - Object: 'Object Repository/RAD_Pages/Landing_Page/button_Continue' is clicked on

2021-11-19 10:41:24 - [TEST_STEP][PASSED] - verifyTextPresent("Select a filing year", true): Text 'Select a filing year' is present on page  using regular expression

2021-11-19 10:41:24 - [MESSAGE][PASSED] - Text 'Select a filing year' is present on page  using regular expression

2021-11-19 10:41:24 - [TEST_STEP][PASSED] - verifyTextPresent("Enter business name", true): Text 'Enter business name' is present on page  using regular expression

2021-11-19 10:41:25 - [MESSAGE][PASSED] - Text 'Enter business name' is present on page  using regular expression

2021-11-19 10:41:25 - [TEST_STEP][PASSED] - verifyTextPresent("Enter first name", true): Text 'Enter first name' is present on page  using regular expression

2021-11-19 10:41:25 - [MESSAGE][PASSED] - Text 'Enter first name' is present on page  using regular expression

2021-11-19 10:41:25 - [TEST_STEP][PASSED] - verifyTextPresent("Enter last name", true): Text 'Enter last name' is present on page  using regular expression

2021-11-19 10:41:25 - [MESSAGE][PASSED] - Text 'Enter last name' is present on page  using regular expression

2021-11-19 10:41:25 - [TEST_STEP][PASSED] - verifyTextPresent("Enter address", true): Text 'Enter address' is present on page  using regular expression

2021-11-19 10:41:26 - [MESSAGE][PASSED] - Text 'Enter address' is present on page  using regular expression

2021-11-19 10:41:26 - [TEST_STEP][PASSED] - verifyTextPresent("Enter city", true): Text 'Enter city' is present on page  using regular expression

2021-11-19 10:41:26 - [MESSAGE][PASSED] - Text 'Enter city' is present on page  using regular expression

2021-11-19 10:41:26 - [TEST_STEP][PASSED] - verifyTextPresent("Select a state", true): Text 'Select a state' is present on page  using regular expression

2021-11-19 10:41:26 - [MESSAGE][PASSED] - Text 'Select a state' is present on page  using regular expression

2021-11-19 10:41:26 - [TEST_STEP][PASSED] - verifyTextPresent("Enter ZIP code", true): Text 'Enter ZIP code' is present on page  using regular expression

2021-11-19 10:41:27 - [MESSAGE][PASSED] - Text 'Enter ZIP code' is present on page  using regular expression

2021-11-19 10:41:27 - [TEST_STEP][PASSED] - verifyTextPresent("Enter a phone number", true): Text 'Enter a phone number' is present on page  using regular expression

2021-11-19 10:41:27 - [MESSAGE][PASSED] - Text 'Enter a phone number' is present on page  using regular expression

2021-11-19 10:41:27 - [TEST_STEP][PASSED] - verifyTextPresent("Enter Email", true): Text 'Enter Email' is present on page  using regular expression

2021-11-19 10:41:27 - [MESSAGE][PASSED] - Text 'Enter Email' is present on page  using regular expression

2021-11-19 10:41:27 - [TEST_STEP][PASSED] - verifyTextPresent("The Email and Re-enter email do not match", true): Text 'The Email and Re-enter email do not match' is present on page  using regular expression

2021-11-19 10:41:28 - [MESSAGE][PASSED] - Text 'The Email and Re-enter email do not match' is present on page  using regular expression

2021-11-19 10:41:28 - [TEST_STEP][PASSED] - verifyTextPresent("Enter valid MD Central Registration.", true): Text 'Enter valid MD Central Registration.' is present on page  using regular expression

2021-11-19 10:41:28 - [MESSAGE][PASSED] - Text 'Enter valid MD Central Registration.' is present on page  using regular expression

2021-11-19 10:41:28 - [TEST_STEP][PASSED] - verifyTextPresent("Select reporting period", true): Text 'Select reporting period' is present on page  using regular expression

2021-11-19 10:41:29 - [MESSAGE][PASSED] - Text 'Select reporting period' is present on page  using regular expression

2021-11-19 10:41:29 - [TEST_STEP][PASSED] - verifyTextPresent("Withholding amount must be greater than zero and less than 10,000,000", true): Text 'Withholding amount must be greater than zero and less than 10,000,000' is present on page  using regular expression

2021-11-19 10:41:29 - [MESSAGE][PASSED] - Text 'Withholding amount must be greater than zero and less than 10,000,000' is present on page  using regular expression

2021-11-19 10:41:29 - [TEST_STEP][PASSED] - verifyTextPresent("Payment amount must be greater than zero and less than 10,000,000", true): Text 'Payment amount must be greater than zero and less than 10,000,000' is present on page  using regular expression

2021-11-19 10:41:29 - [MESSAGE][PASSED] - Text 'Payment amount must be greater than zero and less than 10,000,000' is present on page  using regular expression]]></system-out>
         <system-err><![CDATA[]]></system-err>
      </testcase>
      <testcase name="Test Cases/RAD_TestCases/MRF_TestCases/ExistingLiability_MRF_TC" time="13.977" classname="Test Cases/RAD_TestCases/MRF_TestCases/ExistingLiability_MRF_TC" status="PASSED">
         <system-out><![CDATA[2021-11-19 10:41:29 - [TEST_CASE][PASSED] - Test Cases/RAD_TestCases/MRF_TestCases/ExistingLiability_MRF_TC: Test Cases/RAD_TestCases/MRF_TestCases/ExistingLiability_MRF_TC

2021-11-19 10:41:30 - [TEST_STEP][PASSED] - openBrowser(""): Browser is opened with url: ''

2021-11-19 10:41:30 - [MESSAGE][WARNING] - A browser is already opened. Closing browser and opening a new one

2021-11-19 10:41:30 - [MESSAGE][INFO] - Starting 'Chrome' driver

2021-11-19 10:41:30 - [MESSAGE][INFO] - User set preference: ['acceptInsecureCerts', 'true']

2021-11-19 10:41:30 - [MESSAGE][INFO] - Action delay is set to 0 milliseconds

2021-11-19 10:41:32 - [MESSAGE][PASSED] - Browser is opened with url: ''

2021-11-19 10:41:32 - [TEST_STEP][PASSED] - maximizeWindow(): Current window maximized

2021-11-19 10:41:32 - [MESSAGE][PASSED] - Current window maximized

2021-11-19 10:41:32 - [TEST_STEP][PASSED] - navigateToUrl(RADurl): Navigate to 'https://qa.velocitypayment.com/client/rad/index.html' successfully

2021-11-19 10:41:34 - [MESSAGE][PASSED] - Navigate to 'https://qa.velocitypayment.com/client/rad/index.html' successfully

2021-11-19 10:41:34 - [TEST_STEP][PASSED] - orPath_Landing = "Object Repository/RAD_Pages/Landing_Page": null

2021-11-19 10:41:34 - [TEST_STEP][PASSED] - orPath_Amount = "Object Repository/RAD_Pages/PaymentAmount_Page": null

2021-11-19 10:41:34 - [TEST_STEP][PASSED] - orPath_FilingStatus = "Object Repository/RAD_Pages/FilingStatus_Page": null

2021-11-19 10:41:34 - [TEST_STEP][PASSED] - orPath_TaxPayer = "Object Repository/RAD_Pages/Taxpayer_Page": null

2021-11-19 10:41:34 - [TEST_STEP][PASSED] - orPath_TaxInfo = "Object Repository/RAD_Pages/TaxInfo_Page": null

2021-11-19 10:41:34 - [TEST_STEP][PASSED] - selectOptionByLabel(findTestObject(orPath_Landing + "/dd_TaxType"), "Existing Liability", false): All options with label 'Existing Liability' are selected in object 'Object Repository/RAD_Pages/Landing_Page/dd_TaxType' 

2021-11-19 10:41:35 - [MESSAGE][PASSED] - All options with label 'Existing Liability' are selected in object 'Object Repository/RAD_Pages/Landing_Page/dd_TaxType' 

2021-11-19 10:41:35 - [TEST_STEP][PASSED] - setText(findTestObject(orPath_TaxInfo + "/input_TaxInfo_ExisitingSSN"), "123451234"): Text '123451234' is set on object 'Object Repository/RAD_Pages/TaxInfo_Page/input_TaxInfo_ExisitingSSN'

2021-11-19 10:41:35 - [MESSAGE][PASSED] - Text '123451234' is set on object 'Object Repository/RAD_Pages/TaxInfo_Page/input_TaxInfo_ExisitingSSN'

2021-11-19 10:41:35 - [TEST_STEP][PASSED] - setText(findTestObject(orPath_TaxInfo + "/input_TaxInfo_reTaxTypeExisitingSSN"), "123451234"): Text '123451234' is set on object 'Object Repository/RAD_Pages/TaxInfo_Page/input_TaxInfo_reTaxTypeExisitingSSN'

2021-11-19 10:41:36 - [MESSAGE][PASSED] - Text '123451234' is set on object 'Object Repository/RAD_Pages/TaxInfo_Page/input_TaxInfo_reTaxTypeExisitingSSN'

2021-11-19 10:41:36 - [TEST_STEP][PASSED] - setText(findTestObject(orPath_TaxPayer + "/input_lastName"), "Anderson"): Text 'Anderson' is set on object 'Object Repository/RAD_Pages/Taxpayer_Page/input_lastName'

2021-11-19 10:41:37 - [MESSAGE][PASSED] - Text 'Anderson' is set on object 'Object Repository/RAD_Pages/Taxpayer_Page/input_lastName'

2021-11-19 10:41:37 - [TEST_STEP][PASSED] - setText(findTestObject(orPath_TaxPayer + "/input_middleName"), ""): Text '' is set on object 'Object Repository/RAD_Pages/Taxpayer_Page/input_middleName'

2021-11-19 10:41:38 - [MESSAGE][PASSED] - Text '' is set on object 'Object Repository/RAD_Pages/Taxpayer_Page/input_middleName'

2021-11-19 10:41:38 - [TEST_STEP][PASSED] - scrollToElement(findTestObject(orPath_Landing + "/button_Continue"), 3): Scroll to object 'Object Repository/RAD_Pages/Landing_Page/button_Continue' successfully

2021-11-19 10:41:38 - [MESSAGE][PASSED] - Scroll to object 'Object Repository/RAD_Pages/Landing_Page/button_Continue' successfully

2021-11-19 10:41:38 - [TEST_STEP][PASSED] - waitForElementClickable(findTestObject(orPath_Landing + "/button_Continue"), 5): Object 'Object Repository/RAD_Pages/Landing_Page/button_Continue' is clickable

2021-11-19 10:41:38 - [MESSAGE][PASSED] - Object 'Object Repository/RAD_Pages/Landing_Page/button_Continue' is clickable

2021-11-19 10:41:38 - [TEST_STEP][PASSED] - click(findTestObject(orPath_Landing + "/button_Continue")): Object: 'Object Repository/RAD_Pages/Landing_Page/button_Continue' is clicked on

2021-11-19 10:41:39 - [MESSAGE][PASSED] - Object: 'Object Repository/RAD_Pages/Landing_Page/button_Continue' is clicked on

2021-11-19 10:41:39 - [TEST_STEP][PASSED] - verifyTextPresent("Select a tax type", true): Text 'Select a tax type' is present on page  using regular expression

2021-11-19 10:41:39 - [MESSAGE][PASSED] - Text 'Select a tax type' is present on page  using regular expression

2021-11-19 10:41:39 - [TEST_STEP][PASSED] - verifyTextPresent("Enter first name", true): Text 'Enter first name' is present on page  using regular expression

2021-11-19 10:41:40 - [MESSAGE][PASSED] - Text 'Enter first name' is present on page  using regular expression

2021-11-19 10:41:40 - [TEST_STEP][PASSED] - verifyTextPresent("Enter address", true): Text 'Enter address' is present on page  using regular expression

2021-11-19 10:41:40 - [MESSAGE][PASSED] - Text 'Enter address' is present on page  using regular expression

2021-11-19 10:41:40 - [TEST_STEP][PASSED] - verifyTextPresent("Enter city", true): Text 'Enter city' is present on page  using regular expression

2021-11-19 10:41:40 - [MESSAGE][PASSED] - Text 'Enter city' is present on page  using regular expression

2021-11-19 10:41:40 - [TEST_STEP][PASSED] - verifyTextPresent("Select a state", true): Text 'Select a state' is present on page  using regular expression

2021-11-19 10:41:41 - [MESSAGE][PASSED] - Text 'Select a state' is present on page  using regular expression

2021-11-19 10:41:41 - [TEST_STEP][PASSED] - verifyTextPresent("Enter ZIP code", true): Text 'Enter ZIP code' is present on page  using regular expression

2021-11-19 10:41:41 - [MESSAGE][PASSED] - Text 'Enter ZIP code' is present on page  using regular expression

2021-11-19 10:41:41 - [TEST_STEP][PASSED] - verifyTextPresent("Enter a phone number", true): Text 'Enter a phone number' is present on page  using regular expression

2021-11-19 10:41:41 - [MESSAGE][PASSED] - Text 'Enter a phone number' is present on page  using regular expression

2021-11-19 10:41:41 - [TEST_STEP][PASSED] - verifyTextPresent("Enter Email", true): Text 'Enter Email' is present on page  using regular expression

2021-11-19 10:41:42 - [MESSAGE][PASSED] - Text 'Enter Email' is present on page  using regular expression

2021-11-19 10:41:42 - [TEST_STEP][PASSED] - verifyTextPresent("The Email and Re-enter email do not match", true): Text 'The Email and Re-enter email do not match' is present on page  using regular expression

2021-11-19 10:41:42 - [MESSAGE][PASSED] - Text 'The Email and Re-enter email do not match' is present on page  using regular expression

2021-11-19 10:41:42 - [TEST_STEP][PASSED] - verifyTextPresent("Enter notice number", true): Text 'Enter notice number' is present on page  using regular expression

2021-11-19 10:41:43 - [MESSAGE][PASSED] - Text 'Enter notice number' is present on page  using regular expression

2021-11-19 10:41:43 - [TEST_STEP][PASSED] - verifyTextPresent("The notice number and Re-Type notice number do not match", true): Text 'The notice number and Re-Type notice number do not match' is present on page  using regular expression

2021-11-19 10:41:43 - [MESSAGE][PASSED] - Text 'The notice number and Re-Type notice number do not match' is present on page  using regular expression

2021-11-19 10:41:43 - [TEST_STEP][PASSED] - verifyTextPresent("Payment amount must be greater than zero and less than 10,000,000", true): Text 'Payment amount must be greater than zero and less than 10,000,000' is present on page  using regular expression

2021-11-19 10:41:43 - [MESSAGE][PASSED] - Text 'Payment amount must be greater than zero and less than 10,000,000' is present on page  using regular expression]]></system-out>
         <system-err><![CDATA[]]></system-err>
      </testcase>
      <testcase name="Test Cases/RAD_TestCases/MRF_TestCases/EstimatedTax_Joint_MRF_TC" time="415.835" classname="Test Cases/RAD_TestCases/MRF_TestCases/EstimatedTax_Joint_MRF_TC" status="FAILED">
         <failure type="FAILED" message="Test Cases/RAD_TestCases/MRF_TestCases/EstimatedTax_Joint_MRF_TC FAILED.
Reason:
com.kms.katalon.core.exception.StepFailedException: Unable to click on object 'Object Repository/RAD_Pages/Landing_Page/button_Continue' (Root cause: com.kms.katalon.core.exception.StepFailedException: Unable to click on object 'Object Repository/RAD_Pages/Landing_Page/button_Continue'
	at com.kms.katalon.core.webui.keyword.internal.WebUIKeywordMain.stepFailed(WebUIKeywordMain.groovy:64)
	at com.kms.katalon.core.webui.keyword.internal.WebUIKeywordMain.runKeyword(WebUIKeywordMain.groovy:26)
	at com.kms.katalon.core.webui.keyword.builtin.ClickKeyword.click(ClickKeyword.groovy:75)
	at com.kms.katalon.core.webui.keyword.builtin.ClickKeyword.execute(ClickKeyword.groovy:42)
	at com.kms.katalon.core.keyword.internal.KeywordExecutor.executeKeywordForPlatform(KeywordExecutor.groovy:74)
	at com.kms.katalon.core.webui.keyword.WebUiBuiltInKeywords.click(WebUiBuiltInKeywords.groovy:620)
	at com.kms.katalon.core.webui.keyword.WebUiBuiltInKeywords$click$10.call(Unknown Source)
	at EstimatedTax_Joint_MRF_TC.run(EstimatedTax_Joint_MRF_TC:71)
	at com.kms.katalon.core.main.ScriptEngine.run(ScriptEngine.java:194)
	at com.kms.katalon.core.main.ScriptEngine.runScriptAsRawText(ScriptEngine.java:119)
	at com.kms.katalon.core.main.TestCaseExecutor.runScript(TestCaseExecutor.java:430)
	at com.kms.katalon.core.main.TestCaseExecutor.doExecute(TestCaseExecutor.java:421)
	at com.kms.katalon.core.main.TestCaseExecutor.processExecutionPhase(TestCaseExecutor.java:400)
	at com.kms.katalon.core.main.TestCaseExecutor.accessMainPhase(TestCaseExecutor.java:392)
	at com.kms.katalon.core.main.TestCaseExecutor.execute(TestCaseExecutor.java:273)
	at com.kms.katalon.core.main.TestSuiteExecutor.accessTestCaseMainPhase(TestSuiteExecutor.java:202)
	at com.kms.katalon.core.main.TestSuiteExecutor.accessTestSuiteMainPhase(TestSuiteExecutor.java:164)
	at com.kms.katalon.core.main.TestSuiteExecutor.execute(TestSuiteExecutor.java:105)
	at com.kms.katalon.core.main.TestCaseMain.startTestSuite(TestCaseMain.java:185)
	at com.kms.katalon.core.main.TestCaseMain$startTestSuite$0.call(Unknown Source)
	at TempTestSuite1637335687322.run(TempTestSuite1637335687322.groovy:36)
Caused by: org.openqa.selenium.ElementClickInterceptedException: element click intercepted: Element &lt;button class=&quot;btn btn-primary float-end w-auto disablecontinue&quot; disabled=&quot;&quot;>...&lt;/button> is not clickable at point (1046, 1076). Other element would receive the click: &lt;div class=&quot;w-100 mt-auto pt-3&quot;>...&lt;/div>
  (Session info: chrome=96.0.4664.45)
Build info: version: '3.141.59', revision: 'e82be7d358', time: '2018-11-14T08:25:53'
System info: host: 'DESKTOP-B2QI6NS', ip: '172.30.2.167', os.name: 'Windows 10', os.arch: 'amd64', os.version: '10.0', java.version: '1.8.0_181'
Driver info: com.kms.katalon.selenium.driver.CChromeDriver
Capabilities {acceptInsecureCerts: true, browserName: chrome, browserVersion: 96.0.4664.45, chrome: {chromedriverVersion: 95.0.4638.54 (d31a821ec901f..., userDataDir: C:\Users\iahmed\AppData\Loc...}, goog:chromeOptions: {debuggerAddress: localhost:62049}, javascriptEnabled: true, networkConnectionEnabled: false, pageLoadStrategy: normal, platform: WINDOWS, platformName: WINDOWS, proxy: Proxy(), setWindowRect: true, strictFileInteractability: false, timeouts: {implicit: 0, pageLoad: 300000, script: 30000}, unhandledPromptBehavior: dismiss and notify, webauthn:extension:credBlob: true, webauthn:extension:largeBlob: true, webauthn:virtualAuthenticators: true}
Session ID: ba91e25f6345561b475a5eacfd017736
	at org.openqa.selenium.remote.http.W3CHttpResponseCodec.createException(W3CHttpResponseCodec.java:187)
	at org.openqa.selenium.remote.http.W3CHttpResponseCodec.decode(W3CHttpResponseCodec.java:122)
	at org.openqa.selenium.remote.http.W3CHttpResponseCodec.decode(W3CHttpResponseCodec.java:49)
	at org.openqa.selenium.remote.HttpCommandExecutor.execute(HttpCommandExecutor.java:158)
	at org.openqa.selenium.remote.service.DriverCommandExecutor.execute(DriverCommandExecutor.java:83)
	at org.openqa.selenium.remote.RemoteWebDriver.execute(RemoteWebDriver.java:552)
	at com.kms.katalon.selenium.driver.CChromeDriver.execute(CChromeDriver.java:19)
	at org.openqa.selenium.remote.RemoteWebElement.execute(RemoteWebElement.java:285)
	at org.openqa.selenium.remote.RemoteWebElement.click(RemoteWebElement.java:84)
	at org.openqa.selenium.support.events.EventFiringWebDriver$EventFiringWebElement.lambda$new$0(EventFiringWebDriver.java:404)
	at com.sun.proxy.$Proxy11.click(Unknown Source)
	at org.openqa.selenium.support.events.EventFiringWebDriver$EventFiringWebElement.click(EventFiringWebDriver.java:417)
	at com.kms.katalon.core.webui.keyword.builtin.ClickKeyword$_click_closure1.doCall(ClickKeyword.groovy:68)
	at com.kms.katalon.core.webui.keyword.builtin.ClickKeyword$_click_closure1.call(ClickKeyword.groovy)
	at com.kms.katalon.core.webui.keyword.internal.WebUIKeywordMain.runKeyword(WebUIKeywordMain.groovy:20)
	at com.kms.katalon.core.webui.keyword.builtin.ClickKeyword.click(ClickKeyword.groovy:75)
	at com.kms.katalon.core.webui.keyword.builtin.ClickKeyword.execute(ClickKeyword.groovy:42)
	at com.kms.katalon.core.keyword.internal.KeywordExecutor.executeKeywordForPlatform(KeywordExecutor.groovy:74)
	at com.kms.katalon.core.webui.keyword.WebUiBuiltInKeywords.click(WebUiBuiltInKeywords.groovy:620)
	at com.kms.katalon.core.webui.keyword.WebUiBuiltInKeywords$click$10.call(Unknown Source)
	at Script1634932010040.run(Script1634932010040.groovy:71)
	... 13 more
)
	at com.kms.katalon.core.keyword.internal.KeywordMain.stepFailed(KeywordMain.groovy:39)
	at com.kms.katalon.core.webui.keyword.internal.WebUIKeywordMain.stepFailed(WebUIKeywordMain.groovy:64)
	at com.kms.katalon.core.webui.keyword.internal.WebUIKeywordMain.runKeyword(WebUIKeywordMain.groovy:26)
	at com.kms.katalon.core.webui.keyword.builtin.ClickKeyword.click(ClickKeyword.groovy:75)
	at com.kms.katalon.core.webui.keyword.builtin.ClickKeyword.execute(ClickKeyword.groovy:42)
	at com.kms.katalon.core.keyword.internal.KeywordExecutor.executeKeywordForPlatform(KeywordExecutor.groovy:74)
	at com.kms.katalon.core.webui.keyword.WebUiBuiltInKeywords.click(WebUiBuiltInKeywords.groovy:620)
	at com.kms.katalon.core.webui.keyword.WebUiBuiltInKeywords$click$10.call(Unknown Source)
	at EstimatedTax_Joint_MRF_TC.run(EstimatedTax_Joint_MRF_TC:71)
	at com.kms.katalon.core.main.ScriptEngine.run(ScriptEngine.java:194)
	at com.kms.katalon.core.main.ScriptEngine.runScriptAsRawText(ScriptEngine.java:119)
	at com.kms.katalon.core.main.TestCaseExecutor.runScript(TestCaseExecutor.java:430)
	at com.kms.katalon.core.main.TestCaseExecutor.doExecute(TestCaseExecutor.java:421)
	at com.kms.katalon.core.main.TestCaseExecutor.processExecutionPhase(TestCaseExecutor.java:400)
	at com.kms.katalon.core.main.TestCaseExecutor.accessMainPhase(TestCaseExecutor.java:392)
	at com.kms.katalon.core.main.TestCaseExecutor.execute(TestCaseExecutor.java:273)
	at com.kms.katalon.core.main.TestSuiteExecutor.accessTestCaseMainPhase(TestSuiteExecutor.java:202)
	at com.kms.katalon.core.main.TestSuiteExecutor.accessTestSuiteMainPhase(TestSuiteExecutor.java:164)
	at com.kms.katalon.core.main.TestSuiteExecutor.execute(TestSuiteExecutor.java:105)
	at com.kms.katalon.core.main.TestCaseMain.startTestSuite(TestCaseMain.java:185)
	at com.kms.katalon.core.main.TestCaseMain$startTestSuite$0.call(Unknown Source)
	at TempTestSuite1637335687322.run(TempTestSuite1637335687322.groovy:36)
Caused by: com.kms.katalon.core.exception.StepFailedException: Unable to click on object 'Object Repository/RAD_Pages/Landing_Page/button_Continue'
	... 21 more
Caused by: org.openqa.selenium.ElementClickInterceptedException: element click intercepted: Element &lt;button class=&quot;btn btn-primary float-end w-auto disablecontinue&quot; disabled=&quot;&quot;>...&lt;/button> is not clickable at point (1046, 1076). Other element would receive the click: &lt;div class=&quot;w-100 mt-auto pt-3&quot;>...&lt;/div>
  (Session info: chrome=96.0.4664.45)
Build info: version: '3.141.59', revision: 'e82be7d358', time: '2018-11-14T08:25:53'
System info: host: 'DESKTOP-B2QI6NS', ip: '172.30.2.167', os.name: 'Windows 10', os.arch: 'amd64', os.version: '10.0', java.version: '1.8.0_181'
Driver info: com.kms.katalon.selenium.driver.CChromeDriver
Capabilities {acceptInsecureCerts: true, browserName: chrome, browserVersion: 96.0.4664.45, chrome: {chromedriverVersion: 95.0.4638.54 (d31a821ec901f..., userDataDir: C:\Users\iahmed\AppData\Loc...}, goog:chromeOptions: {debuggerAddress: localhost:62049}, javascriptEnabled: true, networkConnectionEnabled: false, pageLoadStrategy: normal, platform: WINDOWS, platformName: WINDOWS, proxy: Proxy(), setWindowRect: true, strictFileInteractability: false, timeouts: {implicit: 0, pageLoad: 300000, script: 30000}, unhandledPromptBehavior: dismiss and notify, webauthn:extension:credBlob: true, webauthn:extension:largeBlob: true, webauthn:virtualAuthenticators: true}
Session ID: ba91e25f6345561b475a5eacfd017736
	at org.openqa.selenium.remote.http.W3CHttpResponseCodec.createException(W3CHttpResponseCodec.java:187)
	at org.openqa.selenium.remote.http.W3CHttpResponseCodec.decode(W3CHttpResponseCodec.java:122)
	at org.openqa.selenium.remote.http.W3CHttpResponseCodec.decode(W3CHttpResponseCodec.java:49)
	at org.openqa.selenium.remote.HttpCommandExecutor.execute(HttpCommandExecutor.java:158)
	at org.openqa.selenium.remote.service.DriverCommandExecutor.execute(DriverCommandExecutor.java:83)
	at org.openqa.selenium.remote.RemoteWebDriver.execute(RemoteWebDriver.java:552)
	at com.kms.katalon.selenium.driver.CChromeDriver.execute(CChromeDriver.java:19)
	at org.openqa.selenium.remote.RemoteWebElement.execute(RemoteWebElement.java:285)
	at org.openqa.selenium.remote.RemoteWebElement.click(RemoteWebElement.java:84)
	at org.openqa.selenium.support.events.EventFiringWebDriver$EventFiringWebElement.lambda$new$0(EventFiringWebDriver.java:404)
	at com.sun.proxy.$Proxy11.click(Unknown Source)
	at org.openqa.selenium.support.events.EventFiringWebDriver$EventFiringWebElement.click(EventFiringWebDriver.java:417)
	at com.kms.katalon.core.webui.keyword.builtin.ClickKeyword$_click_closure1.doCall(ClickKeyword.groovy:68)
	at com.kms.katalon.core.webui.keyword.builtin.ClickKeyword$_click_closure1.call(ClickKeyword.groovy)
	at com.kms.katalon.core.webui.keyword.internal.WebUIKeywordMain.runKeyword(WebUIKeywordMain.groovy:20)
	... 19 more
"/>
         <system-out><![CDATA[2021-11-19 10:41:43 - [TEST_CASE][FAILED] - Test Cases/RAD_TestCases/MRF_TestCases/EstimatedTax_Joint_MRF_TC: Test Cases/RAD_TestCases/MRF_TestCases/EstimatedTax_Joint_MRF_TC FAILED.
Reason:
com.kms.katalon.core.exception.StepFailedException: Unable to click on object 'Object Repository/RAD_Pages/Landing_Page/button_Continue' (Root cause: com.kms.katalon.core.exception.StepFailedException: Unable to click on object 'Object Repository/RAD_Pages/Landing_Page/button_Continue'
	at com.kms.katalon.core.webui.keyword.internal.WebUIKeywordMain.stepFailed(WebUIKeywordMain.groovy:64)
	at com.kms.katalon.core.webui.keyword.internal.WebUIKeywordMain.runKeyword(WebUIKeywordMain.groovy:26)
	at com.kms.katalon.core.webui.keyword.builtin.ClickKeyword.click(ClickKeyword.groovy:75)
	at com.kms.katalon.core.webui.keyword.builtin.ClickKeyword.execute(ClickKeyword.groovy:42)
	at com.kms.katalon.core.keyword.internal.KeywordExecutor.executeKeywordForPlatform(KeywordExecutor.groovy:74)
	at com.kms.katalon.core.webui.keyword.WebUiBuiltInKeywords.click(WebUiBuiltInKeywords.groovy:620)
	at com.kms.katalon.core.webui.keyword.WebUiBuiltInKeywords$click$10.call(Unknown Source)
	at EstimatedTax_Joint_MRF_TC.run(EstimatedTax_Joint_MRF_TC:71)
	at com.kms.katalon.core.main.ScriptEngine.run(ScriptEngine.java:194)
	at com.kms.katalon.core.main.ScriptEngine.runScriptAsRawText(ScriptEngine.java:119)
	at com.kms.katalon.core.main.TestCaseExecutor.runScript(TestCaseExecutor.java:430)
	at com.kms.katalon.core.main.TestCaseExecutor.doExecute(TestCaseExecutor.java:421)
	at com.kms.katalon.core.main.TestCaseExecutor.processExecutionPhase(TestCaseExecutor.java:400)
	at com.kms.katalon.core.main.TestCaseExecutor.accessMainPhase(TestCaseExecutor.java:392)
	at com.kms.katalon.core.main.TestCaseExecutor.execute(TestCaseExecutor.java:273)
	at com.kms.katalon.core.main.TestSuiteExecutor.accessTestCaseMainPhase(TestSuiteExecutor.java:202)
	at com.kms.katalon.core.main.TestSuiteExecutor.accessTestSuiteMainPhase(TestSuiteExecutor.java:164)
	at com.kms.katalon.core.main.TestSuiteExecutor.execute(TestSuiteExecutor.java:105)
	at com.kms.katalon.core.main.TestCaseMain.startTestSuite(TestCaseMain.java:185)
	at com.kms.katalon.core.main.TestCaseMain$startTestSuite$0.call(Unknown Source)
	at TempTestSuite1637335687322.run(TempTestSuite1637335687322.groovy:36)
Caused by: org.openqa.selenium.ElementClickInterceptedException: element click intercepted: Element <button class="btn btn-primary float-end w-auto disablecontinue" disabled="">...</button> is not clickable at point (1046, 1076). Other element would receive the click: <div class="w-100 mt-auto pt-3">...</div>
  (Session info: chrome=96.0.4664.45)
Build info: version: '3.141.59', revision: 'e82be7d358', time: '2018-11-14T08:25:53'
System info: host: 'DESKTOP-B2QI6NS', ip: '172.30.2.167', os.name: 'Windows 10', os.arch: 'amd64', os.version: '10.0', java.version: '1.8.0_181'
Driver info: com.kms.katalon.selenium.driver.CChromeDriver
Capabilities {acceptInsecureCerts: true, browserName: chrome, browserVersion: 96.0.4664.45, chrome: {chromedriverVersion: 95.0.4638.54 (d31a821ec901f..., userDataDir: C:\Users\iahmed\AppData\Loc...}, goog:chromeOptions: {debuggerAddress: localhost:62049}, javascriptEnabled: true, networkConnectionEnabled: false, pageLoadStrategy: normal, platform: WINDOWS, platformName: WINDOWS, proxy: Proxy(), setWindowRect: true, strictFileInteractability: false, timeouts: {implicit: 0, pageLoad: 300000, script: 30000}, unhandledPromptBehavior: dismiss and notify, webauthn:extension:credBlob: true, webauthn:extension:largeBlob: true, webauthn:virtualAuthenticators: true}
Session ID: ba91e25f6345561b475a5eacfd017736
	at org.openqa.selenium.remote.http.W3CHttpResponseCodec.createException(W3CHttpResponseCodec.java:187)
	at org.openqa.selenium.remote.http.W3CHttpResponseCodec.decode(W3CHttpResponseCodec.java:122)
	at org.openqa.selenium.remote.http.W3CHttpResponseCodec.decode(W3CHttpResponseCodec.java:49)
	at org.openqa.selenium.remote.HttpCommandExecutor.execute(HttpCommandExecutor.java:158)
	at org.openqa.selenium.remote.service.DriverCommandExecutor.execute(DriverCommandExecutor.java:83)
	at org.openqa.selenium.remote.RemoteWebDriver.execute(RemoteWebDriver.java:552)
	at com.kms.katalon.selenium.driver.CChromeDriver.execute(CChromeDriver.java:19)
	at org.openqa.selenium.remote.RemoteWebElement.execute(RemoteWebElement.java:285)
	at org.openqa.selenium.remote.RemoteWebElement.click(RemoteWebElement.java:84)
	at org.openqa.selenium.support.events.EventFiringWebDriver$EventFiringWebElement.lambda$new$0(EventFiringWebDriver.java:404)
	at com.sun.proxy.$Proxy11.click(Unknown Source)
	at org.openqa.selenium.support.events.EventFiringWebDriver$EventFiringWebElement.click(EventFiringWebDriver.java:417)
	at com.kms.katalon.core.webui.keyword.builtin.ClickKeyword$_click_closure1.doCall(ClickKeyword.groovy:68)
	at com.kms.katalon.core.webui.keyword.builtin.ClickKeyword$_click_closure1.call(ClickKeyword.groovy)
	at com.kms.katalon.core.webui.keyword.internal.WebUIKeywordMain.runKeyword(WebUIKeywordMain.groovy:20)
	at com.kms.katalon.core.webui.keyword.builtin.ClickKeyword.click(ClickKeyword.groovy:75)
	at com.kms.katalon.core.webui.keyword.builtin.ClickKeyword.execute(ClickKeyword.groovy:42)
	at com.kms.katalon.core.keyword.internal.KeywordExecutor.executeKeywordForPlatform(KeywordExecutor.groovy:74)
	at com.kms.katalon.core.webui.keyword.WebUiBuiltInKeywords.click(WebUiBuiltInKeywords.groovy:620)
	at com.kms.katalon.core.webui.keyword.WebUiBuiltInKeywords$click$10.call(Unknown Source)
	at Script1634932010040.run(Script1634932010040.groovy:71)
	... 13 more
)
	at com.kms.katalon.core.keyword.internal.KeywordMain.stepFailed(KeywordMain.groovy:39)
	at com.kms.katalon.core.webui.keyword.internal.WebUIKeywordMain.stepFailed(WebUIKeywordMain.groovy:64)
	at com.kms.katalon.core.webui.keyword.internal.WebUIKeywordMain.runKeyword(WebUIKeywordMain.groovy:26)
	at com.kms.katalon.core.webui.keyword.builtin.ClickKeyword.click(ClickKeyword.groovy:75)
	at com.kms.katalon.core.webui.keyword.builtin.ClickKeyword.execute(ClickKeyword.groovy:42)
	at com.kms.katalon.core.keyword.internal.KeywordExecutor.executeKeywordForPlatform(KeywordExecutor.groovy:74)
	at com.kms.katalon.core.webui.keyword.WebUiBuiltInKeywords.click(WebUiBuiltInKeywords.groovy:620)
	at com.kms.katalon.core.webui.keyword.WebUiBuiltInKeywords$click$10.call(Unknown Source)
	at EstimatedTax_Joint_MRF_TC.run(EstimatedTax_Joint_MRF_TC:71)
	at com.kms.katalon.core.main.ScriptEngine.run(ScriptEngine.java:194)
	at com.kms.katalon.core.main.ScriptEngine.runScriptAsRawText(ScriptEngine.java:119)
	at com.kms.katalon.core.main.TestCaseExecutor.runScript(TestCaseExecutor.java:430)
	at com.kms.katalon.core.main.TestCaseExecutor.doExecute(TestCaseExecutor.java:421)
	at com.kms.katalon.core.main.TestCaseExecutor.processExecutionPhase(TestCaseExecutor.java:400)
	at com.kms.katalon.core.main.TestCaseExecutor.accessMainPhase(TestCaseExecutor.java:392)
	at com.kms.katalon.core.main.TestCaseExecutor.execute(TestCaseExecutor.java:273)
	at com.kms.katalon.core.main.TestSuiteExecutor.accessTestCaseMainPhase(TestSuiteExecutor.java:202)
	at com.kms.katalon.core.main.TestSuiteExecutor.accessTestSuiteMainPhase(TestSuiteExecutor.java:164)
	at com.kms.katalon.core.main.TestSuiteExecutor.execute(TestSuiteExecutor.java:105)
	at com.kms.katalon.core.main.TestCaseMain.startTestSuite(TestCaseMain.java:185)
	at com.kms.katalon.core.main.TestCaseMain$startTestSuite$0.call(Unknown Source)
	at TempTestSuite1637335687322.run(TempTestSuite1637335687322.groovy:36)
Caused by: com.kms.katalon.core.exception.StepFailedException: Unable to click on object 'Object Repository/RAD_Pages/Landing_Page/button_Continue'
	... 21 more
Caused by: org.openqa.selenium.ElementClickInterceptedException: element click intercepted: Element <button class="btn btn-primary float-end w-auto disablecontinue" disabled="">...</button> is not clickable at point (1046, 1076). Other element would receive the click: <div class="w-100 mt-auto pt-3">...</div>
  (Session info: chrome=96.0.4664.45)
Build info: version: '3.141.59', revision: 'e82be7d358', time: '2018-11-14T08:25:53'
System info: host: 'DESKTOP-B2QI6NS', ip: '172.30.2.167', os.name: 'Windows 10', os.arch: 'amd64', os.version: '10.0', java.version: '1.8.0_181'
Driver info: com.kms.katalon.selenium.driver.CChromeDriver
Capabilities {acceptInsecureCerts: true, browserName: chrome, browserVersion: 96.0.4664.45, chrome: {chromedriverVersion: 95.0.4638.54 (d31a821ec901f..., userDataDir: C:\Users\iahmed\AppData\Loc...}, goog:chromeOptions: {debuggerAddress: localhost:62049}, javascriptEnabled: true, networkConnectionEnabled: false, pageLoadStrategy: normal, platform: WINDOWS, platformName: WINDOWS, proxy: Proxy(), setWindowRect: true, strictFileInteractability: false, timeouts: {implicit: 0, pageLoad: 300000, script: 30000}, unhandledPromptBehavior: dismiss and notify, webauthn:extension:credBlob: true, webauthn:extension:largeBlob: true, webauthn:virtualAuthenticators: true}
Session ID: ba91e25f6345561b475a5eacfd017736
	at org.openqa.selenium.remote.http.W3CHttpResponseCodec.createException(W3CHttpResponseCodec.java:187)
	at org.openqa.selenium.remote.http.W3CHttpResponseCodec.decode(W3CHttpResponseCodec.java:122)
	at org.openqa.selenium.remote.http.W3CHttpResponseCodec.decode(W3CHttpResponseCodec.java:49)
	at org.openqa.selenium.remote.HttpCommandExecutor.execute(HttpCommandExecutor.java:158)
	at org.openqa.selenium.remote.service.DriverCommandExecutor.execute(DriverCommandExecutor.java:83)
	at org.openqa.selenium.remote.RemoteWebDriver.execute(RemoteWebDriver.java:552)
	at com.kms.katalon.selenium.driver.CChromeDriver.execute(CChromeDriver.java:19)
	at org.openqa.selenium.remote.RemoteWebElement.execute(RemoteWebElement.java:285)
	at org.openqa.selenium.remote.RemoteWebElement.click(RemoteWebElement.java:84)
	at org.openqa.selenium.support.events.EventFiringWebDriver$EventFiringWebElement.lambda$new$0(EventFiringWebDriver.java:404)
	at com.sun.proxy.$Proxy11.click(Unknown Source)
	at org.openqa.selenium.support.events.EventFiringWebDriver$EventFiringWebElement.click(EventFiringWebDriver.java:417)
	at com.kms.katalon.core.webui.keyword.builtin.ClickKeyword$_click_closure1.doCall(ClickKeyword.groovy:68)
	at com.kms.katalon.core.webui.keyword.builtin.ClickKeyword$_click_closure1.call(ClickKeyword.groovy)
	at com.kms.katalon.core.webui.keyword.internal.WebUIKeywordMain.runKeyword(WebUIKeywordMain.groovy:20)
	... 19 more


2021-11-19 10:41:44 - [TEST_STEP][PASSED] - orPath_Landing = "Object Repository/RAD_Pages/Landing_Page": null

2021-11-19 10:41:44 - [TEST_STEP][PASSED] - orPath_Amount = "Object Repository/RAD_Pages/PaymentAmount_Page": null

2021-11-19 10:41:44 - [TEST_STEP][PASSED] - orPath_FilingStatus = "Object Repository/RAD_Pages/FilingStatus_Page": null

2021-11-19 10:41:44 - [TEST_STEP][PASSED] - orPath_TaxPayer = "Object Repository/RAD_Pages/Taxpayer_Page": null

2021-11-19 10:41:44 - [TEST_STEP][PASSED] - taxTypeDropList = ["Estimated Tax", "Personal Income Tax", "Extension Payments"]: null

2021-11-19 10:41:44 - [TEST_STEP][PASSED] - listSize = taxTypeDropList.size(): null

2021-11-19 10:41:44 - [TEST_STEP][PASSED] - println(listSize): null

2021-11-19 10:41:44 - [TEST_STEP][FAILED] - for ([i = 0, i < listSize, (i++)]): null

2021-11-19 10:41:44 - [TEST_STEP][PASSED] - openBrowser(""): Browser is opened with url: ''

2021-11-19 10:41:44 - [MESSAGE][WARNING] - A browser is already opened. Closing browser and opening a new one

2021-11-19 10:41:44 - [MESSAGE][INFO] - Starting 'Chrome' driver

2021-11-19 10:41:44 - [MESSAGE][INFO] - User set preference: ['acceptInsecureCerts', 'true']

2021-11-19 10:41:44 - [MESSAGE][INFO] - Action delay is set to 0 milliseconds

2021-11-19 10:41:46 - [MESSAGE][PASSED] - Browser is opened with url: ''

2021-11-19 10:41:46 - [TEST_STEP][PASSED] - maximizeWindow(): Current window maximized

2021-11-19 10:41:46 - [MESSAGE][PASSED] - Current window maximized

2021-11-19 10:41:46 - [TEST_STEP][PASSED] - navigateToUrl(RADurl): Navigate to 'https://qa.velocitypayment.com/client/rad/index.html' successfully

2021-11-19 10:41:48 - [MESSAGE][PASSED] - Navigate to 'https://qa.velocitypayment.com/client/rad/index.html' successfully

2021-11-19 10:41:48 - [TEST_STEP][PASSED] - out.println("Value of taxTypeDropList : " + taxTypeDropList[i]): null

2021-11-19 10:41:48 - [TEST_STEP][PASSED] - selectOptionByLabel(findTestObject(orPath_Landing + "/dd_TaxType"), taxTypeDropList[i], false): All options with label 'Estimated Tax' are selected in object 'Object Repository/RAD_Pages/Landing_Page/dd_TaxType' 

2021-11-19 10:41:49 - [MESSAGE][PASSED] - All options with label 'Estimated Tax' are selected in object 'Object Repository/RAD_Pages/Landing_Page/dd_TaxType' 

2021-11-19 10:41:49 - [TEST_STEP][PASSED] - setText(findTestObject(orPath_TaxPayer + "/input_lastName"), "Anderson"): Text 'Anderson' is set on object 'Object Repository/RAD_Pages/Taxpayer_Page/input_lastName'

2021-11-19 10:41:50 - [MESSAGE][PASSED] - Text 'Anderson' is set on object 'Object Repository/RAD_Pages/Taxpayer_Page/input_lastName'

2021-11-19 10:41:50 - [TEST_STEP][PASSED] - setText(findTestObject("RAD_RecordAndPlay/input_concatSSN"), "123441234"): Text '123441234' is set on object 'Object Repository/RAD_RecordAndPlay/input_concatSSN'

2021-11-19 10:41:50 - [MESSAGE][PASSED] - Text '123441234' is set on object 'Object Repository/RAD_RecordAndPlay/input_concatSSN'

2021-11-19 10:41:50 - [TEST_STEP][PASSED] - setText(findTestObject("RAD_RecordAndPlay/input_concatReSSN"), "123441234"): Text '123441234' is set on object 'Object Repository/RAD_RecordAndPlay/input_concatReSSN'

2021-11-19 10:41:51 - [MESSAGE][PASSED] - Text '123441234' is set on object 'Object Repository/RAD_RecordAndPlay/input_concatReSSN'

2021-11-19 10:41:51 - [TEST_STEP][PASSED] - scrollToElement(findTestObject(orPath_Amount + "/input__paymentAmount"), 3): Scroll to object 'Object Repository/RAD_Pages/PaymentAmount_Page/input__paymentAmount' successfully

2021-11-19 10:41:51 - [MESSAGE][PASSED] - Scroll to object 'Object Repository/RAD_Pages/PaymentAmount_Page/input__paymentAmount' successfully

2021-11-19 10:41:51 - [TEST_STEP][PASSED] - waitForElementClickable(findTestObject(orPath_FilingStatus + "/input_userType_Joint"), 5): Object 'Object Repository/RAD_Pages/FilingStatus_Page/input_userType_Joint' is clickable

2021-11-19 10:41:52 - [MESSAGE][PASSED] - Object 'Object Repository/RAD_Pages/FilingStatus_Page/input_userType_Joint' is clickable

2021-11-19 10:41:52 - [TEST_STEP][PASSED] - click(findTestObject(orPath_FilingStatus + "/input_userType_Joint")): Object: 'Object Repository/RAD_Pages/FilingStatus_Page/input_userType_Joint' is clicked on

2021-11-19 10:41:52 - [MESSAGE][PASSED] - Object: 'Object Repository/RAD_Pages/FilingStatus_Page/input_userType_Joint' is clicked on

2021-11-19 10:41:52 - [TEST_STEP][PASSED] - setText(findTestObject(orPath_FilingStatus + "/input_jointLastName"), "Stokes"): Text 'Stokes' is set on object 'Object Repository/RAD_Pages/FilingStatus_Page/input_jointLastName'

2021-11-19 10:41:53 - [MESSAGE][PASSED] - Text 'Stokes' is set on object 'Object Repository/RAD_Pages/FilingStatus_Page/input_jointLastName'

2021-11-19 10:41:53 - [TEST_STEP][PASSED] - setText(findTestObject("Object Repository/RAD_RecordAndPlay/input_JointFilerSSN"), "123443210"): Text '123443210' is set on object 'Object Repository/RAD_RecordAndPlay/input_JointFilerSSN'

2021-11-19 10:42:24 - [MESSAGE][INFO] - Unable to find the element located by 'By.xpath: //*[@id = 'data' and @name = 'Data' and @type = 'password' and @placeholder = 'Social Security Number']'. Please recheck the objects properties to make sure the desired element is located. 

2021-11-19 10:42:24 - [MESSAGE][WARNING] - [SELF-HEALING] Failed to find element with id 'Object Repository/RAD_RecordAndPlay/input_JointFilerSSN'. Try using Self-healing.

2021-11-19 10:42:24 - [MESSAGE][INFO] - [SELF-HEALING] Screenshot: E:/Cloned-Project-Katalon/VPS-Katalon/Reports/Self-healing/Object Repository/RAD_RecordAndPlay/input_JointFilerSSN_XPATH.png

2021-11-19 10:42:24 - [MESSAGE][WARNING] - [SELF-HEALING] The current locator of test object 'Object Repository/RAD_RecordAndPlay/input_JointFilerSSN' was broken. Propose an alternative one: '//input[@id='data']'.

2021-11-19 10:42:55 - [MESSAGE][INFO] - Unable to find the element located by 'By.xpath: //*[@id = 'data' and @name = 'Data' and @type = 'password' and @placeholder = 'Social Security Number']'. Please recheck the objects properties to make sure the desired element is located. 

2021-11-19 10:42:55 - [MESSAGE][WARNING] - [SELF-HEALING] Failed to find element with id 'Object Repository/RAD_RecordAndPlay/input_JointFilerSSN'. Try using Self-healing.

2021-11-19 10:42:55 - [MESSAGE][WARNING] - [SELF-HEALING] The current locator of test object 'Object Repository/RAD_RecordAndPlay/input_JointFilerSSN' was broken. Propose an alternative one: '//input[@id='data']'.

2021-11-19 10:42:55 - [MESSAGE][PASSED] - Text '123443210' is set on object 'Object Repository/RAD_RecordAndPlay/input_JointFilerSSN'

2021-11-19 10:42:55 - [TEST_STEP][PASSED] - setText(findTestObject("Object Repository/RAD_RecordAndPlay/input_reTypeJointFilerSSN"), "123443210"): Text '123443210' is set on object 'Object Repository/RAD_RecordAndPlay/input_reTypeJointFilerSSN'

2021-11-19 10:43:27 - [MESSAGE][INFO] - Unable to find the element located by 'By.xpath: //*[@id = 'data' and @name = 'Data' and @type = 'password' and @placeholder = 'Re-Type SSN']'. Please recheck the objects properties to make sure the desired element is located. 

2021-11-19 10:43:27 - [MESSAGE][WARNING] - [SELF-HEALING] Failed to find element with id 'Object Repository/RAD_RecordAndPlay/input_reTypeJointFilerSSN'. Try using Self-healing.

2021-11-19 10:43:27 - [MESSAGE][INFO] - [SELF-HEALING] Screenshot: E:/Cloned-Project-Katalon/VPS-Katalon/Reports/Self-healing/Object Repository/RAD_RecordAndPlay/input_reTypeJointFilerSSN_XPATH.png

2021-11-19 10:43:27 - [MESSAGE][WARNING] - [SELF-HEALING] The current locator of test object 'Object Repository/RAD_RecordAndPlay/input_reTypeJointFilerSSN' was broken. Propose an alternative one: '//input[@id='data']'.

2021-11-19 10:43:58 - [MESSAGE][INFO] - Unable to find the element located by 'By.xpath: //*[@id = 'data' and @name = 'Data' and @type = 'password' and @placeholder = 'Re-Type SSN']'. Please recheck the objects properties to make sure the desired element is located. 

2021-11-19 10:43:58 - [MESSAGE][WARNING] - [SELF-HEALING] Failed to find element with id 'Object Repository/RAD_RecordAndPlay/input_reTypeJointFilerSSN'. Try using Self-healing.

2021-11-19 10:43:58 - [MESSAGE][WARNING] - [SELF-HEALING] The current locator of test object 'Object Repository/RAD_RecordAndPlay/input_reTypeJointFilerSSN' was broken. Propose an alternative one: '//input[@id='data']'.

2021-11-19 10:43:58 - [MESSAGE][PASSED] - Text '123443210' is set on object 'Object Repository/RAD_RecordAndPlay/input_reTypeJointFilerSSN'

2021-11-19 10:43:58 - [TEST_STEP][PASSED] - delay(2): Delayed 2 second(s)

2021-11-19 10:44:00 - [MESSAGE][PASSED] - Delayed 2 second(s)

2021-11-19 10:44:00 - [TEST_STEP][FAILED] - click(findTestObject(orPath_Landing + "/button_Continue")): Unable to click on object 'Object Repository/RAD_Pages/Landing_Page/button_Continue' (Root cause: com.kms.katalon.core.exception.StepFailedException: Unable to click on object 'Object Repository/RAD_Pages/Landing_Page/button_Continue'
	at com.kms.katalon.core.webui.keyword.internal.WebUIKeywordMain.stepFailed(WebUIKeywordMain.groovy:64)
	at com.kms.katalon.core.webui.keyword.internal.WebUIKeywordMain.runKeyword(WebUIKeywordMain.groovy:26)
	at com.kms.katalon.core.webui.keyword.builtin.ClickKeyword.click(ClickKeyword.groovy:75)
	at com.kms.katalon.core.webui.keyword.builtin.ClickKeyword.execute(ClickKeyword.groovy:42)
	at com.kms.katalon.core.keyword.internal.KeywordExecutor.executeKeywordForPlatform(KeywordExecutor.groovy:74)
	at com.kms.katalon.core.webui.keyword.WebUiBuiltInKeywords.click(WebUiBuiltInKeywords.groovy:620)
	at com.kms.katalon.core.webui.keyword.WebUiBuiltInKeywords$click$10.call(Unknown Source)
	at EstimatedTax_Joint_MRF_TC.run(EstimatedTax_Joint_MRF_TC:71)
	at com.kms.katalon.core.main.ScriptEngine.run(ScriptEngine.java:194)
	at com.kms.katalon.core.main.ScriptEngine.runScriptAsRawText(ScriptEngine.java:119)
	at com.kms.katalon.core.main.TestCaseExecutor.runScript(TestCaseExecutor.java:430)
	at com.kms.katalon.core.main.TestCaseExecutor.doExecute(TestCaseExecutor.java:421)
	at com.kms.katalon.core.main.TestCaseExecutor.processExecutionPhase(TestCaseExecutor.java:400)
	at com.kms.katalon.core.main.TestCaseExecutor.accessMainPhase(TestCaseExecutor.java:392)
	at com.kms.katalon.core.main.TestCaseExecutor.execute(TestCaseExecutor.java:273)
	at com.kms.katalon.core.main.TestSuiteExecutor.accessTestCaseMainPhase(TestSuiteExecutor.java:202)
	at com.kms.katalon.core.main.TestSuiteExecutor.accessTestSuiteMainPhase(TestSuiteExecutor.java:164)
	at com.kms.katalon.core.main.TestSuiteExecutor.execute(TestSuiteExecutor.java:105)
	at com.kms.katalon.core.main.TestCaseMain.startTestSuite(TestCaseMain.java:185)
	at com.kms.katalon.core.main.TestCaseMain$startTestSuite$0.call(Unknown Source)
	at TempTestSuite1637335687322.run(TempTestSuite1637335687322.groovy:36)
Caused by: org.openqa.selenium.ElementClickInterceptedException: element click intercepted: Element <button class="btn btn-primary float-end w-auto disablecontinue" disabled="">...</button> is not clickable at point (1046, 1076). Other element would receive the click: <div class="w-100 mt-auto pt-3">...</div>
  (Session info: chrome=96.0.4664.45)
Build info: version: '3.141.59', revision: 'e82be7d358', time: '2018-11-14T08:25:53'
System info: host: 'DESKTOP-B2QI6NS', ip: '172.30.2.167', os.name: 'Windows 10', os.arch: 'amd64', os.version: '10.0', java.version: '1.8.0_181'
Driver info: com.kms.katalon.selenium.driver.CChromeDriver
Capabilities {acceptInsecureCerts: true, browserName: chrome, browserVersion: 96.0.4664.45, chrome: {chromedriverVersion: 95.0.4638.54 (d31a821ec901f..., userDataDir: C:\Users\iahmed\AppData\Loc...}, goog:chromeOptions: {debuggerAddress: localhost:62049}, javascriptEnabled: true, networkConnectionEnabled: false, pageLoadStrategy: normal, platform: WINDOWS, platformName: WINDOWS, proxy: Proxy(), setWindowRect: true, strictFileInteractability: false, timeouts: {implicit: 0, pageLoad: 300000, script: 30000}, unhandledPromptBehavior: dismiss and notify, webauthn:extension:credBlob: true, webauthn:extension:largeBlob: true, webauthn:virtualAuthenticators: true}
Session ID: ba91e25f6345561b475a5eacfd017736
	at org.openqa.selenium.remote.http.W3CHttpResponseCodec.createException(W3CHttpResponseCodec.java:187)
	at org.openqa.selenium.remote.http.W3CHttpResponseCodec.decode(W3CHttpResponseCodec.java:122)
	at org.openqa.selenium.remote.http.W3CHttpResponseCodec.decode(W3CHttpResponseCodec.java:49)
	at org.openqa.selenium.remote.HttpCommandExecutor.execute(HttpCommandExecutor.java:158)
	at org.openqa.selenium.remote.service.DriverCommandExecutor.execute(DriverCommandExecutor.java:83)
	at org.openqa.selenium.remote.RemoteWebDriver.execute(RemoteWebDriver.java:552)
	at com.kms.katalon.selenium.driver.CChromeDriver.execute(CChromeDriver.java:19)
	at org.openqa.selenium.remote.RemoteWebElement.execute(RemoteWebElement.java:285)
	at org.openqa.selenium.remote.RemoteWebElement.click(RemoteWebElement.java:84)
	at org.openqa.selenium.support.events.EventFiringWebDriver$EventFiringWebElement.lambda$new$0(EventFiringWebDriver.java:404)
	at com.sun.proxy.$Proxy11.click(Unknown Source)
	at org.openqa.selenium.support.events.EventFiringWebDriver$EventFiringWebElement.click(EventFiringWebDriver.java:417)
	at com.kms.katalon.core.webui.keyword.builtin.ClickKeyword$_click_closure1.doCall(ClickKeyword.groovy:68)
	at com.kms.katalon.core.webui.keyword.builtin.ClickKeyword$_click_closure1.call(ClickKeyword.groovy)
	at com.kms.katalon.core.webui.keyword.internal.WebUIKeywordMain.runKeyword(WebUIKeywordMain.groovy:20)
	at com.kms.katalon.core.webui.keyword.builtin.ClickKeyword.click(ClickKeyword.groovy:75)
	at com.kms.katalon.core.webui.keyword.builtin.ClickKeyword.execute(ClickKeyword.groovy:42)
	at com.kms.katalon.core.keyword.internal.KeywordExecutor.executeKeywordForPlatform(KeywordExecutor.groovy:74)
	at com.kms.katalon.core.webui.keyword.WebUiBuiltInKeywords.click(WebUiBuiltInKeywords.groovy:620)
	at com.kms.katalon.core.webui.keyword.WebUiBuiltInKeywords$click$10.call(Unknown Source)
	at Script1634932010040.run(Script1634932010040.groovy:71)
	... 13 more
)

2021-11-19 10:44:02 - [MESSAGE][FAILED] - Unable to click on object 'Object Repository/RAD_Pages/Landing_Page/button_Continue' (Root cause: com.kms.katalon.core.exception.StepFailedException: Unable to click on object 'Object Repository/RAD_Pages/Landing_Page/button_Continue'
	at com.kms.katalon.core.webui.keyword.internal.WebUIKeywordMain.stepFailed(WebUIKeywordMain.groovy:64)
	at com.kms.katalon.core.webui.keyword.internal.WebUIKeywordMain.runKeyword(WebUIKeywordMain.groovy:26)
	at com.kms.katalon.core.webui.keyword.builtin.ClickKeyword.click(ClickKeyword.groovy:75)
	at com.kms.katalon.core.webui.keyword.builtin.ClickKeyword.execute(ClickKeyword.groovy:42)
	at com.kms.katalon.core.keyword.internal.KeywordExecutor.executeKeywordForPlatform(KeywordExecutor.groovy:74)
	at com.kms.katalon.core.webui.keyword.WebUiBuiltInKeywords.click(WebUiBuiltInKeywords.groovy:620)
	at com.kms.katalon.core.webui.keyword.WebUiBuiltInKeywords$click$10.call(Unknown Source)
	at EstimatedTax_Joint_MRF_TC.run(EstimatedTax_Joint_MRF_TC:71)
	at com.kms.katalon.core.main.ScriptEngine.run(ScriptEngine.java:194)
	at com.kms.katalon.core.main.ScriptEngine.runScriptAsRawText(ScriptEngine.java:119)
	at com.kms.katalon.core.main.TestCaseExecutor.runScript(TestCaseExecutor.java:430)
	at com.kms.katalon.core.main.TestCaseExecutor.doExecute(TestCaseExecutor.java:421)
	at com.kms.katalon.core.main.TestCaseExecutor.processExecutionPhase(TestCaseExecutor.java:400)
	at com.kms.katalon.core.main.TestCaseExecutor.accessMainPhase(TestCaseExecutor.java:392)
	at com.kms.katalon.core.main.TestCaseExecutor.execute(TestCaseExecutor.java:273)
	at com.kms.katalon.core.main.TestSuiteExecutor.accessTestCaseMainPhase(TestSuiteExecutor.java:202)
	at com.kms.katalon.core.main.TestSuiteExecutor.accessTestSuiteMainPhase(TestSuiteExecutor.java:164)
	at com.kms.katalon.core.main.TestSuiteExecutor.execute(TestSuiteExecutor.java:105)
	at com.kms.katalon.core.main.TestCaseMain.startTestSuite(TestCaseMain.java:185)
	at com.kms.katalon.core.main.TestCaseMain$startTestSuite$0.call(Unknown Source)
	at TempTestSuite1637335687322.run(TempTestSuite1637335687322.groovy:36)
Caused by: org.openqa.selenium.ElementClickInterceptedException: element click intercepted: Element <button class="btn btn-primary float-end w-auto disablecontinue" disabled="">...</button> is not clickable at point (1046, 1076). Other element would receive the click: <div class="w-100 mt-auto pt-3">...</div>
  (Session info: chrome=96.0.4664.45)
Build info: version: '3.141.59', revision: 'e82be7d358', time: '2018-11-14T08:25:53'
System info: host: 'DESKTOP-B2QI6NS', ip: '172.30.2.167', os.name: 'Windows 10', os.arch: 'amd64', os.version: '10.0', java.version: '1.8.0_181'
Driver info: com.kms.katalon.selenium.driver.CChromeDriver
Capabilities {acceptInsecureCerts: true, browserName: chrome, browserVersion: 96.0.4664.45, chrome: {chromedriverVersion: 95.0.4638.54 (d31a821ec901f..., userDataDir: C:\Users\iahmed\AppData\Loc...}, goog:chromeOptions: {debuggerAddress: localhost:62049}, javascriptEnabled: true, networkConnectionEnabled: false, pageLoadStrategy: normal, platform: WINDOWS, platformName: WINDOWS, proxy: Proxy(), setWindowRect: true, strictFileInteractability: false, timeouts: {implicit: 0, pageLoad: 300000, script: 30000}, unhandledPromptBehavior: dismiss and notify, webauthn:extension:credBlob: true, webauthn:extension:largeBlob: true, webauthn:virtualAuthenticators: true}
Session ID: ba91e25f6345561b475a5eacfd017736
	at org.openqa.selenium.remote.http.W3CHttpResponseCodec.createException(W3CHttpResponseCodec.java:187)
	at org.openqa.selenium.remote.http.W3CHttpResponseCodec.decode(W3CHttpResponseCodec.java:122)
	at org.openqa.selenium.remote.http.W3CHttpResponseCodec.decode(W3CHttpResponseCodec.java:49)
	at org.openqa.selenium.remote.HttpCommandExecutor.execute(HttpCommandExecutor.java:158)
	at org.openqa.selenium.remote.service.DriverCommandExecutor.execute(DriverCommandExecutor.java:83)
	at org.openqa.selenium.remote.RemoteWebDriver.execute(RemoteWebDriver.java:552)
	at com.kms.katalon.selenium.driver.CChromeDriver.execute(CChromeDriver.java:19)
	at org.openqa.selenium.remote.RemoteWebElement.execute(RemoteWebElement.java:285)
	at org.openqa.selenium.remote.RemoteWebElement.click(RemoteWebElement.java:84)
	at org.openqa.selenium.support.events.EventFiringWebDriver$EventFiringWebElement.lambda$new$0(EventFiringWebDriver.java:404)
	at com.sun.proxy.$Proxy11.click(Unknown Source)
	at org.openqa.selenium.support.events.EventFiringWebDriver$EventFiringWebElement.click(EventFiringWebDriver.java:417)
	at com.kms.katalon.core.webui.keyword.builtin.ClickKeyword$_click_closure1.doCall(ClickKeyword.groovy:68)
	at com.kms.katalon.core.webui.keyword.builtin.ClickKeyword$_click_closure1.call(ClickKeyword.groovy)
	at com.kms.katalon.core.webui.keyword.internal.WebUIKeywordMain.runKeyword(WebUIKeywordMain.groovy:20)
	at com.kms.katalon.core.webui.keyword.builtin.ClickKeyword.click(ClickKeyword.groovy:75)
	at com.kms.katalon.core.webui.keyword.builtin.ClickKeyword.execute(ClickKeyword.groovy:42)
	at com.kms.katalon.core.keyword.internal.KeywordExecutor.executeKeywordForPlatform(KeywordExecutor.groovy:74)
	at com.kms.katalon.core.webui.keyword.WebUiBuiltInKeywords.click(WebUiBuiltInKeywords.groovy:620)
	at com.kms.katalon.core.webui.keyword.WebUiBuiltInKeywords$click$10.call(Unknown Source)
	at Script1634932010040.run(Script1634932010040.groovy:71)
	... 13 more
)
[[ATTACHMENT|E:\\Cloned-Project-Katalon\\VPS-Katalon\\Reports\\20211119_102807\\RAD_TestSuite\\RAD_UI_TestSuite\\20211119_102807\\1637336642192.png]]

2021-11-19 10:44:02 - [TEST_STEP][FAILED] - verifyTextPresent("Enter joint payer first name", true): Text 'Enter joint payer first name' is not present on page  using regular expression (Root cause: com.kms.katalon.core.exception.StepFailedException: Text 'Enter joint payer first name' is not present on page  using regular expression
	at com.kms.katalon.core.webui.keyword.internal.WebUIKeywordMain.stepFailed(WebUIKeywordMain.groovy:64)
	at com.kms.katalon.core.webui.keyword.builtin.VerifyTextPresentKeyword$_verifyTextPresent_closure1.doCall(VerifyTextPresentKeyword.groovy:79)
	at com.kms.katalon.core.webui.keyword.builtin.VerifyTextPresentKeyword$_verifyTextPresent_closure1.call(VerifyTextPresentKeyword.groovy)
	at com.kms.katalon.core.webui.keyword.internal.WebUIKeywordMain.runKeyword(WebUIKeywordMain.groovy:20)
	at com.kms.katalon.core.webui.keyword.builtin.VerifyTextPresentKeyword.verifyTextPresent(VerifyTextPresentKeyword.groovy:83)
	at com.kms.katalon.core.webui.keyword.builtin.VerifyTextPresentKeyword.execute(VerifyTextPresentKeyword.groovy:68)
	at com.kms.katalon.core.keyword.internal.KeywordExecutor.executeKeywordForPlatform(KeywordExecutor.groovy:74)
	at com.kms.katalon.core.webui.keyword.WebUiBuiltInKeywords.verifyTextPresent(WebUiBuiltInKeywords.groovy:1723)
	at com.kms.katalon.core.webui.keyword.WebUiBuiltInKeywords$verifyTextPresent$3.call(Unknown Source)
	at EstimatedTax_Joint_MRF_TC.run(EstimatedTax_Joint_MRF_TC:73)
	at com.kms.katalon.core.main.ScriptEngine.run(ScriptEngine.java:194)
	at com.kms.katalon.core.main.ScriptEngine.runScriptAsRawText(ScriptEngine.java:119)
	at com.kms.katalon.core.main.TestCaseExecutor.runScript(TestCaseExecutor.java:430)
	at com.kms.katalon.core.main.TestCaseExecutor.doExecute(TestCaseExecutor.java:421)
	at com.kms.katalon.core.main.TestCaseExecutor.processExecutionPhase(TestCaseExecutor.java:400)
	at com.kms.katalon.core.main.TestCaseExecutor.accessMainPhase(TestCaseExecutor.java:392)
	at com.kms.katalon.core.main.TestCaseExecutor.execute(TestCaseExecutor.java:273)
	at com.kms.katalon.core.main.TestSuiteExecutor.accessTestCaseMainPhase(TestSuiteExecutor.java:202)
	at com.kms.katalon.core.main.TestSuiteExecutor.accessTestSuiteMainPhase(TestSuiteExecutor.java:164)
	at com.kms.katalon.core.main.TestSuiteExecutor.execute(TestSuiteExecutor.java:105)
	at com.kms.katalon.core.main.TestCaseMain.startTestSuite(TestCaseMain.java:185)
	at com.kms.katalon.core.main.TestCaseMain$startTestSuite$0.call(Unknown Source)
	at TempTestSuite1637335687322.run(TempTestSuite1637335687322.groovy:36)
)

2021-11-19 10:44:02 - [MESSAGE][FAILED] - Text 'Enter joint payer first name' is not present on page  using regular expression (Root cause: com.kms.katalon.core.exception.StepFailedException: Text 'Enter joint payer first name' is not present on page  using regular expression
	at com.kms.katalon.core.webui.keyword.internal.WebUIKeywordMain.stepFailed(WebUIKeywordMain.groovy:64)
	at com.kms.katalon.core.webui.keyword.builtin.VerifyTextPresentKeyword$_verifyTextPresent_closure1.doCall(VerifyTextPresentKeyword.groovy:79)
	at com.kms.katalon.core.webui.keyword.builtin.VerifyTextPresentKeyword$_verifyTextPresent_closure1.call(VerifyTextPresentKeyword.groovy)
	at com.kms.katalon.core.webui.keyword.internal.WebUIKeywordMain.runKeyword(WebUIKeywordMain.groovy:20)
	at com.kms.katalon.core.webui.keyword.builtin.VerifyTextPresentKeyword.verifyTextPresent(VerifyTextPresentKeyword.groovy:83)
	at com.kms.katalon.core.webui.keyword.builtin.VerifyTextPresentKeyword.execute(VerifyTextPresentKeyword.groovy:68)
	at com.kms.katalon.core.keyword.internal.KeywordExecutor.executeKeywordForPlatform(KeywordExecutor.groovy:74)
	at com.kms.katalon.core.webui.keyword.WebUiBuiltInKeywords.verifyTextPresent(WebUiBuiltInKeywords.groovy:1723)
	at com.kms.katalon.core.webui.keyword.WebUiBuiltInKeywords$verifyTextPresent$3.call(Unknown Source)
	at EstimatedTax_Joint_MRF_TC.run(EstimatedTax_Joint_MRF_TC:73)
	at com.kms.katalon.core.main.ScriptEngine.run(ScriptEngine.java:194)
	at com.kms.katalon.core.main.ScriptEngine.runScriptAsRawText(ScriptEngine.java:119)
	at com.kms.katalon.core.main.TestCaseExecutor.runScript(TestCaseExecutor.java:430)
	at com.kms.katalon.core.main.TestCaseExecutor.doExecute(TestCaseExecutor.java:421)
	at com.kms.katalon.core.main.TestCaseExecutor.processExecutionPhase(TestCaseExecutor.java:400)
	at com.kms.katalon.core.main.TestCaseExecutor.accessMainPhase(TestCaseExecutor.java:392)
	at com.kms.katalon.core.main.TestCaseExecutor.execute(TestCaseExecutor.java:273)
	at com.kms.katalon.core.main.TestSuiteExecutor.accessTestCaseMainPhase(TestSuiteExecutor.java:202)
	at com.kms.katalon.core.main.TestSuiteExecutor.accessTestSuiteMainPhase(TestSuiteExecutor.java:164)
	at com.kms.katalon.core.main.TestSuiteExecutor.execute(TestSuiteExecutor.java:105)
	at com.kms.katalon.core.main.TestCaseMain.startTestSuite(TestCaseMain.java:185)
	at com.kms.katalon.core.main.TestCaseMain$startTestSuite$0.call(Unknown Source)
	at TempTestSuite1637335687322.run(TempTestSuite1637335687322.groovy:36)
)

2021-11-19 10:44:02 - [TEST_STEP][PASSED] - openBrowser(""): Browser is opened with url: ''

2021-11-19 10:44:02 - [MESSAGE][WARNING] - A browser is already opened. Closing browser and opening a new one

2021-11-19 10:44:03 - [MESSAGE][INFO] - Starting 'Chrome' driver

2021-11-19 10:44:03 - [MESSAGE][INFO] - User set preference: ['acceptInsecureCerts', 'true']

2021-11-19 10:44:03 - [MESSAGE][INFO] - Action delay is set to 0 milliseconds

2021-11-19 10:44:05 - [MESSAGE][PASSED] - Browser is opened with url: ''

2021-11-19 10:44:05 - [TEST_STEP][PASSED] - maximizeWindow(): Current window maximized

2021-11-19 10:44:05 - [MESSAGE][PASSED] - Current window maximized

2021-11-19 10:44:05 - [TEST_STEP][PASSED] - navigateToUrl(RADurl): Navigate to 'https://qa.velocitypayment.com/client/rad/index.html' successfully

2021-11-19 10:44:07 - [MESSAGE][PASSED] - Navigate to 'https://qa.velocitypayment.com/client/rad/index.html' successfully

2021-11-19 10:44:07 - [TEST_STEP][PASSED] - out.println("Value of taxTypeDropList : " + taxTypeDropList[i]): null

2021-11-19 10:44:07 - [TEST_STEP][PASSED] - selectOptionByLabel(findTestObject(orPath_Landing + "/dd_TaxType"), taxTypeDropList[i], false): All options with label 'Personal Income Tax' are selected in object 'Object Repository/RAD_Pages/Landing_Page/dd_TaxType' 

2021-11-19 10:44:08 - [MESSAGE][PASSED] - All options with label 'Personal Income Tax' are selected in object 'Object Repository/RAD_Pages/Landing_Page/dd_TaxType' 

2021-11-19 10:44:08 - [TEST_STEP][PASSED] - setText(findTestObject(orPath_TaxPayer + "/input_lastName"), "Anderson"): Text 'Anderson' is set on object 'Object Repository/RAD_Pages/Taxpayer_Page/input_lastName'

2021-11-19 10:44:08 - [MESSAGE][PASSED] - Text 'Anderson' is set on object 'Object Repository/RAD_Pages/Taxpayer_Page/input_lastName'

2021-11-19 10:44:08 - [TEST_STEP][PASSED] - setText(findTestObject("RAD_RecordAndPlay/input_concatSSN"), "123441234"): Text '123441234' is set on object 'Object Repository/RAD_RecordAndPlay/input_concatSSN'

2021-11-19 10:44:09 - [MESSAGE][PASSED] - Text '123441234' is set on object 'Object Repository/RAD_RecordAndPlay/input_concatSSN'

2021-11-19 10:44:09 - [TEST_STEP][PASSED] - setText(findTestObject("RAD_RecordAndPlay/input_concatReSSN"), "123441234"): Text '123441234' is set on object 'Object Repository/RAD_RecordAndPlay/input_concatReSSN'

2021-11-19 10:44:10 - [MESSAGE][PASSED] - Text '123441234' is set on object 'Object Repository/RAD_RecordAndPlay/input_concatReSSN'

2021-11-19 10:44:10 - [TEST_STEP][PASSED] - scrollToElement(findTestObject(orPath_Amount + "/input__paymentAmount"), 3): Scroll to object 'Object Repository/RAD_Pages/PaymentAmount_Page/input__paymentAmount' successfully

2021-11-19 10:44:10 - [MESSAGE][PASSED] - Scroll to object 'Object Repository/RAD_Pages/PaymentAmount_Page/input__paymentAmount' successfully

2021-11-19 10:44:10 - [TEST_STEP][PASSED] - waitForElementClickable(findTestObject(orPath_FilingStatus + "/input_userType_Joint"), 5): Object 'Object Repository/RAD_Pages/FilingStatus_Page/input_userType_Joint' is clickable

2021-11-19 10:44:10 - [MESSAGE][PASSED] - Object 'Object Repository/RAD_Pages/FilingStatus_Page/input_userType_Joint' is clickable

2021-11-19 10:44:10 - [TEST_STEP][PASSED] - click(findTestObject(orPath_FilingStatus + "/input_userType_Joint")): Object: 'Object Repository/RAD_Pages/FilingStatus_Page/input_userType_Joint' is clicked on

2021-11-19 10:44:11 - [MESSAGE][PASSED] - Object: 'Object Repository/RAD_Pages/FilingStatus_Page/input_userType_Joint' is clicked on

2021-11-19 10:44:11 - [TEST_STEP][PASSED] - setText(findTestObject(orPath_FilingStatus + "/input_jointLastName"), "Stokes"): Text 'Stokes' is set on object 'Object Repository/RAD_Pages/FilingStatus_Page/input_jointLastName'

2021-11-19 10:44:11 - [MESSAGE][PASSED] - Text 'Stokes' is set on object 'Object Repository/RAD_Pages/FilingStatus_Page/input_jointLastName'

2021-11-19 10:44:11 - [TEST_STEP][PASSED] - setText(findTestObject("Object Repository/RAD_RecordAndPlay/input_JointFilerSSN"), "123443210"): Text '123443210' is set on object 'Object Repository/RAD_RecordAndPlay/input_JointFilerSSN'

2021-11-19 10:44:43 - [MESSAGE][INFO] - Unable to find the element located by 'By.xpath: //*[@id = 'data' and @name = 'Data' and @type = 'password' and @placeholder = 'Social Security Number']'. Please recheck the objects properties to make sure the desired element is located. 

2021-11-19 10:44:43 - [MESSAGE][WARNING] - [SELF-HEALING] Failed to find element with id 'Object Repository/RAD_RecordAndPlay/input_JointFilerSSN'. Try using Self-healing.

2021-11-19 10:44:43 - [MESSAGE][WARNING] - [SELF-HEALING] The current locator of test object 'Object Repository/RAD_RecordAndPlay/input_JointFilerSSN' was broken. Propose an alternative one: '//input[@id='data']'.

2021-11-19 10:45:14 - [MESSAGE][INFO] - Unable to find the element located by 'By.xpath: //*[@id = 'data' and @name = 'Data' and @type = 'password' and @placeholder = 'Social Security Number']'. Please recheck the objects properties to make sure the desired element is located. 

2021-11-19 10:45:14 - [MESSAGE][WARNING] - [SELF-HEALING] Failed to find element with id 'Object Repository/RAD_RecordAndPlay/input_JointFilerSSN'. Try using Self-healing.

2021-11-19 10:45:14 - [MESSAGE][WARNING] - [SELF-HEALING] The current locator of test object 'Object Repository/RAD_RecordAndPlay/input_JointFilerSSN' was broken. Propose an alternative one: '//input[@id='data']'.

2021-11-19 10:45:14 - [MESSAGE][PASSED] - Text '123443210' is set on object 'Object Repository/RAD_RecordAndPlay/input_JointFilerSSN'

2021-11-19 10:45:14 - [TEST_STEP][PASSED] - setText(findTestObject("Object Repository/RAD_RecordAndPlay/input_reTypeJointFilerSSN"), "123443210"): Text '123443210' is set on object 'Object Repository/RAD_RecordAndPlay/input_reTypeJointFilerSSN'

2021-11-19 10:45:45 - [MESSAGE][INFO] - Unable to find the element located by 'By.xpath: //*[@id = 'data' and @name = 'Data' and @type = 'password' and @placeholder = 'Re-Type SSN']'. Please recheck the objects properties to make sure the desired element is located. 

2021-11-19 10:45:45 - [MESSAGE][WARNING] - [SELF-HEALING] Failed to find element with id 'Object Repository/RAD_RecordAndPlay/input_reTypeJointFilerSSN'. Try using Self-healing.

2021-11-19 10:45:45 - [MESSAGE][WARNING] - [SELF-HEALING] The current locator of test object 'Object Repository/RAD_RecordAndPlay/input_reTypeJointFilerSSN' was broken. Propose an alternative one: '//input[@id='data']'.

2021-11-19 10:46:16 - [MESSAGE][INFO] - Unable to find the element located by 'By.xpath: //*[@id = 'data' and @name = 'Data' and @type = 'password' and @placeholder = 'Re-Type SSN']'. Please recheck the objects properties to make sure the desired element is located. 

2021-11-19 10:46:16 - [MESSAGE][WARNING] - [SELF-HEALING] Failed to find element with id 'Object Repository/RAD_RecordAndPlay/input_reTypeJointFilerSSN'. Try using Self-healing.

2021-11-19 10:46:16 - [MESSAGE][WARNING] - [SELF-HEALING] The current locator of test object 'Object Repository/RAD_RecordAndPlay/input_reTypeJointFilerSSN' was broken. Propose an alternative one: '//input[@id='data']'.

2021-11-19 10:46:17 - [MESSAGE][PASSED] - Text '123443210' is set on object 'Object Repository/RAD_RecordAndPlay/input_reTypeJointFilerSSN'

2021-11-19 10:46:17 - [TEST_STEP][PASSED] - delay(2): Delayed 2 second(s)

2021-11-19 10:46:19 - [MESSAGE][PASSED] - Delayed 2 second(s)

2021-11-19 10:46:19 - [TEST_STEP][FAILED] - click(findTestObject(orPath_Landing + "/button_Continue")): Unable to click on object 'Object Repository/RAD_Pages/Landing_Page/button_Continue' (Root cause: com.kms.katalon.core.exception.StepFailedException: Unable to click on object 'Object Repository/RAD_Pages/Landing_Page/button_Continue'
	at com.kms.katalon.core.webui.keyword.internal.WebUIKeywordMain.stepFailed(WebUIKeywordMain.groovy:64)
	at com.kms.katalon.core.webui.keyword.internal.WebUIKeywordMain.runKeyword(WebUIKeywordMain.groovy:26)
	at com.kms.katalon.core.webui.keyword.builtin.ClickKeyword.click(ClickKeyword.groovy:75)
	at com.kms.katalon.core.webui.keyword.builtin.ClickKeyword.execute(ClickKeyword.groovy:42)
	at com.kms.katalon.core.keyword.internal.KeywordExecutor.executeKeywordForPlatform(KeywordExecutor.groovy:74)
	at com.kms.katalon.core.webui.keyword.WebUiBuiltInKeywords.click(WebUiBuiltInKeywords.groovy:620)
	at com.kms.katalon.core.webui.keyword.WebUiBuiltInKeywords$click$10.call(Unknown Source)
	at EstimatedTax_Joint_MRF_TC.run(EstimatedTax_Joint_MRF_TC:71)
	at com.kms.katalon.core.main.ScriptEngine.run(ScriptEngine.java:194)
	at com.kms.katalon.core.main.ScriptEngine.runScriptAsRawText(ScriptEngine.java:119)
	at com.kms.katalon.core.main.TestCaseExecutor.runScript(TestCaseExecutor.java:430)
	at com.kms.katalon.core.main.TestCaseExecutor.doExecute(TestCaseExecutor.java:421)
	at com.kms.katalon.core.main.TestCaseExecutor.processExecutionPhase(TestCaseExecutor.java:400)
	at com.kms.katalon.core.main.TestCaseExecutor.accessMainPhase(TestCaseExecutor.java:392)
	at com.kms.katalon.core.main.TestCaseExecutor.execute(TestCaseExecutor.java:273)
	at com.kms.katalon.core.main.TestSuiteExecutor.accessTestCaseMainPhase(TestSuiteExecutor.java:202)
	at com.kms.katalon.core.main.TestSuiteExecutor.accessTestSuiteMainPhase(TestSuiteExecutor.java:164)
	at com.kms.katalon.core.main.TestSuiteExecutor.execute(TestSuiteExecutor.java:105)
	at com.kms.katalon.core.main.TestCaseMain.startTestSuite(TestCaseMain.java:185)
	at com.kms.katalon.core.main.TestCaseMain$startTestSuite$0.call(Unknown Source)
	at TempTestSuite1637335687322.run(TempTestSuite1637335687322.groovy:36)
Caused by: org.openqa.selenium.ElementClickInterceptedException: element click intercepted: Element <button class="btn btn-primary float-end w-auto disablecontinue" disabled="">...</button> is not clickable at point (1046, 1076). Other element would receive the click: <div class="w-100 mt-auto pt-3">...</div>
  (Session info: chrome=96.0.4664.45)
Build info: version: '3.141.59', revision: 'e82be7d358', time: '2018-11-14T08:25:53'
System info: host: 'DESKTOP-B2QI6NS', ip: '172.30.2.167', os.name: 'Windows 10', os.arch: 'amd64', os.version: '10.0', java.version: '1.8.0_181'
Driver info: com.kms.katalon.selenium.driver.CChromeDriver
Capabilities {acceptInsecureCerts: true, browserName: chrome, browserVersion: 96.0.4664.45, chrome: {chromedriverVersion: 95.0.4638.54 (d31a821ec901f..., userDataDir: C:\Users\iahmed\AppData\Loc...}, goog:chromeOptions: {debuggerAddress: localhost:62418}, javascriptEnabled: true, networkConnectionEnabled: false, pageLoadStrategy: normal, platform: WINDOWS, platformName: WINDOWS, proxy: Proxy(), setWindowRect: true, strictFileInteractability: false, timeouts: {implicit: 0, pageLoad: 300000, script: 30000}, unhandledPromptBehavior: dismiss and notify, webauthn:extension:credBlob: true, webauthn:extension:largeBlob: true, webauthn:virtualAuthenticators: true}
Session ID: 0f423a7a186913e21c84c5182cbf51ae
	at org.openqa.selenium.remote.http.W3CHttpResponseCodec.createException(W3CHttpResponseCodec.java:187)
	at org.openqa.selenium.remote.http.W3CHttpResponseCodec.decode(W3CHttpResponseCodec.java:122)
	at org.openqa.selenium.remote.http.W3CHttpResponseCodec.decode(W3CHttpResponseCodec.java:49)
	at org.openqa.selenium.remote.HttpCommandExecutor.execute(HttpCommandExecutor.java:158)
	at org.openqa.selenium.remote.service.DriverCommandExecutor.execute(DriverCommandExecutor.java:83)
	at org.openqa.selenium.remote.RemoteWebDriver.execute(RemoteWebDriver.java:552)
	at com.kms.katalon.selenium.driver.CChromeDriver.execute(CChromeDriver.java:19)
	at org.openqa.selenium.remote.RemoteWebElement.execute(RemoteWebElement.java:285)
	at org.openqa.selenium.remote.RemoteWebElement.click(RemoteWebElement.java:84)
	at org.openqa.selenium.support.events.EventFiringWebDriver$EventFiringWebElement.lambda$new$0(EventFiringWebDriver.java:404)
	at com.sun.proxy.$Proxy11.click(Unknown Source)
	at org.openqa.selenium.support.events.EventFiringWebDriver$EventFiringWebElement.click(EventFiringWebDriver.java:417)
	at com.kms.katalon.core.webui.keyword.builtin.ClickKeyword$_click_closure1.doCall(ClickKeyword.groovy:68)
	at com.kms.katalon.core.webui.keyword.builtin.ClickKeyword$_click_closure1.call(ClickKeyword.groovy)
	at com.kms.katalon.core.webui.keyword.internal.WebUIKeywordMain.runKeyword(WebUIKeywordMain.groovy:20)
	at com.kms.katalon.core.webui.keyword.builtin.ClickKeyword.click(ClickKeyword.groovy:75)
	at com.kms.katalon.core.webui.keyword.builtin.ClickKeyword.execute(ClickKeyword.groovy:42)
	at com.kms.katalon.core.keyword.internal.KeywordExecutor.executeKeywordForPlatform(KeywordExecutor.groovy:74)
	at com.kms.katalon.core.webui.keyword.WebUiBuiltInKeywords.click(WebUiBuiltInKeywords.groovy:620)
	at com.kms.katalon.core.webui.keyword.WebUiBuiltInKeywords$click$10.call(Unknown Source)
	at Script1634932010040.run(Script1634932010040.groovy:71)
	... 13 more
)

2021-11-19 10:46:20 - [MESSAGE][FAILED] - Unable to click on object 'Object Repository/RAD_Pages/Landing_Page/button_Continue' (Root cause: com.kms.katalon.core.exception.StepFailedException: Unable to click on object 'Object Repository/RAD_Pages/Landing_Page/button_Continue'
	at com.kms.katalon.core.webui.keyword.internal.WebUIKeywordMain.stepFailed(WebUIKeywordMain.groovy:64)
	at com.kms.katalon.core.webui.keyword.internal.WebUIKeywordMain.runKeyword(WebUIKeywordMain.groovy:26)
	at com.kms.katalon.core.webui.keyword.builtin.ClickKeyword.click(ClickKeyword.groovy:75)
	at com.kms.katalon.core.webui.keyword.builtin.ClickKeyword.execute(ClickKeyword.groovy:42)
	at com.kms.katalon.core.keyword.internal.KeywordExecutor.executeKeywordForPlatform(KeywordExecutor.groovy:74)
	at com.kms.katalon.core.webui.keyword.WebUiBuiltInKeywords.click(WebUiBuiltInKeywords.groovy:620)
	at com.kms.katalon.core.webui.keyword.WebUiBuiltInKeywords$click$10.call(Unknown Source)
	at EstimatedTax_Joint_MRF_TC.run(EstimatedTax_Joint_MRF_TC:71)
	at com.kms.katalon.core.main.ScriptEngine.run(ScriptEngine.java:194)
	at com.kms.katalon.core.main.ScriptEngine.runScriptAsRawText(ScriptEngine.java:119)
	at com.kms.katalon.core.main.TestCaseExecutor.runScript(TestCaseExecutor.java:430)
	at com.kms.katalon.core.main.TestCaseExecutor.doExecute(TestCaseExecutor.java:421)
	at com.kms.katalon.core.main.TestCaseExecutor.processExecutionPhase(TestCaseExecutor.java:400)
	at com.kms.katalon.core.main.TestCaseExecutor.accessMainPhase(TestCaseExecutor.java:392)
	at com.kms.katalon.core.main.TestCaseExecutor.execute(TestCaseExecutor.java:273)
	at com.kms.katalon.core.main.TestSuiteExecutor.accessTestCaseMainPhase(TestSuiteExecutor.java:202)
	at com.kms.katalon.core.main.TestSuiteExecutor.accessTestSuiteMainPhase(TestSuiteExecutor.java:164)
	at com.kms.katalon.core.main.TestSuiteExecutor.execute(TestSuiteExecutor.java:105)
	at com.kms.katalon.core.main.TestCaseMain.startTestSuite(TestCaseMain.java:185)
	at com.kms.katalon.core.main.TestCaseMain$startTestSuite$0.call(Unknown Source)
	at TempTestSuite1637335687322.run(TempTestSuite1637335687322.groovy:36)
Caused by: org.openqa.selenium.ElementClickInterceptedException: element click intercepted: Element <button class="btn btn-primary float-end w-auto disablecontinue" disabled="">...</button> is not clickable at point (1046, 1076). Other element would receive the click: <div class="w-100 mt-auto pt-3">...</div>
  (Session info: chrome=96.0.4664.45)
Build info: version: '3.141.59', revision: 'e82be7d358', time: '2018-11-14T08:25:53'
System info: host: 'DESKTOP-B2QI6NS', ip: '172.30.2.167', os.name: 'Windows 10', os.arch: 'amd64', os.version: '10.0', java.version: '1.8.0_181'
Driver info: com.kms.katalon.selenium.driver.CChromeDriver
Capabilities {acceptInsecureCerts: true, browserName: chrome, browserVersion: 96.0.4664.45, chrome: {chromedriverVersion: 95.0.4638.54 (d31a821ec901f..., userDataDir: C:\Users\iahmed\AppData\Loc...}, goog:chromeOptions: {debuggerAddress: localhost:62418}, javascriptEnabled: true, networkConnectionEnabled: false, pageLoadStrategy: normal, platform: WINDOWS, platformName: WINDOWS, proxy: Proxy(), setWindowRect: true, strictFileInteractability: false, timeouts: {implicit: 0, pageLoad: 300000, script: 30000}, unhandledPromptBehavior: dismiss and notify, webauthn:extension:credBlob: true, webauthn:extension:largeBlob: true, webauthn:virtualAuthenticators: true}
Session ID: 0f423a7a186913e21c84c5182cbf51ae
	at org.openqa.selenium.remote.http.W3CHttpResponseCodec.createException(W3CHttpResponseCodec.java:187)
	at org.openqa.selenium.remote.http.W3CHttpResponseCodec.decode(W3CHttpResponseCodec.java:122)
	at org.openqa.selenium.remote.http.W3CHttpResponseCodec.decode(W3CHttpResponseCodec.java:49)
	at org.openqa.selenium.remote.HttpCommandExecutor.execute(HttpCommandExecutor.java:158)
	at org.openqa.selenium.remote.service.DriverCommandExecutor.execute(DriverCommandExecutor.java:83)
	at org.openqa.selenium.remote.RemoteWebDriver.execute(RemoteWebDriver.java:552)
	at com.kms.katalon.selenium.driver.CChromeDriver.execute(CChromeDriver.java:19)
	at org.openqa.selenium.remote.RemoteWebElement.execute(RemoteWebElement.java:285)
	at org.openqa.selenium.remote.RemoteWebElement.click(RemoteWebElement.java:84)
	at org.openqa.selenium.support.events.EventFiringWebDriver$EventFiringWebElement.lambda$new$0(EventFiringWebDriver.java:404)
	at com.sun.proxy.$Proxy11.click(Unknown Source)
	at org.openqa.selenium.support.events.EventFiringWebDriver$EventFiringWebElement.click(EventFiringWebDriver.java:417)
	at com.kms.katalon.core.webui.keyword.builtin.ClickKeyword$_click_closure1.doCall(ClickKeyword.groovy:68)
	at com.kms.katalon.core.webui.keyword.builtin.ClickKeyword$_click_closure1.call(ClickKeyword.groovy)
	at com.kms.katalon.core.webui.keyword.internal.WebUIKeywordMain.runKeyword(WebUIKeywordMain.groovy:20)
	at com.kms.katalon.core.webui.keyword.builtin.ClickKeyword.click(ClickKeyword.groovy:75)
	at com.kms.katalon.core.webui.keyword.builtin.ClickKeyword.execute(ClickKeyword.groovy:42)
	at com.kms.katalon.core.keyword.internal.KeywordExecutor.executeKeywordForPlatform(KeywordExecutor.groovy:74)
	at com.kms.katalon.core.webui.keyword.WebUiBuiltInKeywords.click(WebUiBuiltInKeywords.groovy:620)
	at com.kms.katalon.core.webui.keyword.WebUiBuiltInKeywords$click$10.call(Unknown Source)
	at Script1634932010040.run(Script1634932010040.groovy:71)
	... 13 more
)
[[ATTACHMENT|E:\\Cloned-Project-Katalon\\VPS-Katalon\\Reports\\20211119_102807\\RAD_TestSuite\\RAD_UI_TestSuite\\20211119_102807\\1637336780454.png]]

2021-11-19 10:46:20 - [TEST_STEP][FAILED] - verifyTextPresent("Enter joint payer first name", true): Text 'Enter joint payer first name' is not present on page  using regular expression (Root cause: com.kms.katalon.core.exception.StepFailedException: Text 'Enter joint payer first name' is not present on page  using regular expression
	at com.kms.katalon.core.webui.keyword.internal.WebUIKeywordMain.stepFailed(WebUIKeywordMain.groovy:64)
	at com.kms.katalon.core.webui.keyword.builtin.VerifyTextPresentKeyword$_verifyTextPresent_closure1.doCall(VerifyTextPresentKeyword.groovy:79)
	at com.kms.katalon.core.webui.keyword.builtin.VerifyTextPresentKeyword$_verifyTextPresent_closure1.call(VerifyTextPresentKeyword.groovy)
	at com.kms.katalon.core.webui.keyword.internal.WebUIKeywordMain.runKeyword(WebUIKeywordMain.groovy:20)
	at com.kms.katalon.core.webui.keyword.builtin.VerifyTextPresentKeyword.verifyTextPresent(VerifyTextPresentKeyword.groovy:83)
	at com.kms.katalon.core.webui.keyword.builtin.VerifyTextPresentKeyword.execute(VerifyTextPresentKeyword.groovy:68)
	at com.kms.katalon.core.keyword.internal.KeywordExecutor.executeKeywordForPlatform(KeywordExecutor.groovy:74)
	at com.kms.katalon.core.webui.keyword.WebUiBuiltInKeywords.verifyTextPresent(WebUiBuiltInKeywords.groovy:1723)
	at com.kms.katalon.core.webui.keyword.WebUiBuiltInKeywords$verifyTextPresent$3.call(Unknown Source)
	at EstimatedTax_Joint_MRF_TC.run(EstimatedTax_Joint_MRF_TC:73)
	at com.kms.katalon.core.main.ScriptEngine.run(ScriptEngine.java:194)
	at com.kms.katalon.core.main.ScriptEngine.runScriptAsRawText(ScriptEngine.java:119)
	at com.kms.katalon.core.main.TestCaseExecutor.runScript(TestCaseExecutor.java:430)
	at com.kms.katalon.core.main.TestCaseExecutor.doExecute(TestCaseExecutor.java:421)
	at com.kms.katalon.core.main.TestCaseExecutor.processExecutionPhase(TestCaseExecutor.java:400)
	at com.kms.katalon.core.main.TestCaseExecutor.accessMainPhase(TestCaseExecutor.java:392)
	at com.kms.katalon.core.main.TestCaseExecutor.execute(TestCaseExecutor.java:273)
	at com.kms.katalon.core.main.TestSuiteExecutor.accessTestCaseMainPhase(TestSuiteExecutor.java:202)
	at com.kms.katalon.core.main.TestSuiteExecutor.accessTestSuiteMainPhase(TestSuiteExecutor.java:164)
	at com.kms.katalon.core.main.TestSuiteExecutor.execute(TestSuiteExecutor.java:105)
	at com.kms.katalon.core.main.TestCaseMain.startTestSuite(TestCaseMain.java:185)
	at com.kms.katalon.core.main.TestCaseMain$startTestSuite$0.call(Unknown Source)
	at TempTestSuite1637335687322.run(TempTestSuite1637335687322.groovy:36)
)

2021-11-19 10:46:21 - [MESSAGE][FAILED] - Text 'Enter joint payer first name' is not present on page  using regular expression (Root cause: com.kms.katalon.core.exception.StepFailedException: Text 'Enter joint payer first name' is not present on page  using regular expression
	at com.kms.katalon.core.webui.keyword.internal.WebUIKeywordMain.stepFailed(WebUIKeywordMain.groovy:64)
	at com.kms.katalon.core.webui.keyword.builtin.VerifyTextPresentKeyword$_verifyTextPresent_closure1.doCall(VerifyTextPresentKeyword.groovy:79)
	at com.kms.katalon.core.webui.keyword.builtin.VerifyTextPresentKeyword$_verifyTextPresent_closure1.call(VerifyTextPresentKeyword.groovy)
	at com.kms.katalon.core.webui.keyword.internal.WebUIKeywordMain.runKeyword(WebUIKeywordMain.groovy:20)
	at com.kms.katalon.core.webui.keyword.builtin.VerifyTextPresentKeyword.verifyTextPresent(VerifyTextPresentKeyword.groovy:83)
	at com.kms.katalon.core.webui.keyword.builtin.VerifyTextPresentKeyword.execute(VerifyTextPresentKeyword.groovy:68)
	at com.kms.katalon.core.keyword.internal.KeywordExecutor.executeKeywordForPlatform(KeywordExecutor.groovy:74)
	at com.kms.katalon.core.webui.keyword.WebUiBuiltInKeywords.verifyTextPresent(WebUiBuiltInKeywords.groovy:1723)
	at com.kms.katalon.core.webui.keyword.WebUiBuiltInKeywords$verifyTextPresent$3.call(Unknown Source)
	at EstimatedTax_Joint_MRF_TC.run(EstimatedTax_Joint_MRF_TC:73)
	at com.kms.katalon.core.main.ScriptEngine.run(ScriptEngine.java:194)
	at com.kms.katalon.core.main.ScriptEngine.runScriptAsRawText(ScriptEngine.java:119)
	at com.kms.katalon.core.main.TestCaseExecutor.runScript(TestCaseExecutor.java:430)
	at com.kms.katalon.core.main.TestCaseExecutor.doExecute(TestCaseExecutor.java:421)
	at com.kms.katalon.core.main.TestCaseExecutor.processExecutionPhase(TestCaseExecutor.java:400)
	at com.kms.katalon.core.main.TestCaseExecutor.accessMainPhase(TestCaseExecutor.java:392)
	at com.kms.katalon.core.main.TestCaseExecutor.execute(TestCaseExecutor.java:273)
	at com.kms.katalon.core.main.TestSuiteExecutor.accessTestCaseMainPhase(TestSuiteExecutor.java:202)
	at com.kms.katalon.core.main.TestSuiteExecutor.accessTestSuiteMainPhase(TestSuiteExecutor.java:164)
	at com.kms.katalon.core.main.TestSuiteExecutor.execute(TestSuiteExecutor.java:105)
	at com.kms.katalon.core.main.TestCaseMain.startTestSuite(TestCaseMain.java:185)
	at com.kms.katalon.core.main.TestCaseMain$startTestSuite$0.call(Unknown Source)
	at TempTestSuite1637335687322.run(TempTestSuite1637335687322.groovy:36)
)

2021-11-19 10:46:21 - [TEST_STEP][PASSED] - openBrowser(""): Browser is opened with url: ''

2021-11-19 10:46:21 - [MESSAGE][WARNING] - A browser is already opened. Closing browser and opening a new one

2021-11-19 10:46:22 - [MESSAGE][INFO] - Starting 'Chrome' driver

2021-11-19 10:46:22 - [MESSAGE][INFO] - User set preference: ['acceptInsecureCerts', 'true']

2021-11-19 10:46:22 - [MESSAGE][INFO] - Action delay is set to 0 milliseconds

2021-11-19 10:46:23 - [MESSAGE][PASSED] - Browser is opened with url: ''

2021-11-19 10:46:23 - [TEST_STEP][PASSED] - maximizeWindow(): Current window maximized

2021-11-19 10:46:23 - [MESSAGE][PASSED] - Current window maximized

2021-11-19 10:46:23 - [TEST_STEP][PASSED] - navigateToUrl(RADurl): Navigate to 'https://qa.velocitypayment.com/client/rad/index.html' successfully

2021-11-19 10:46:25 - [MESSAGE][PASSED] - Navigate to 'https://qa.velocitypayment.com/client/rad/index.html' successfully

2021-11-19 10:46:25 - [TEST_STEP][PASSED] - out.println("Value of taxTypeDropList : " + taxTypeDropList[i]): null

2021-11-19 10:46:25 - [TEST_STEP][PASSED] - selectOptionByLabel(findTestObject(orPath_Landing + "/dd_TaxType"), taxTypeDropList[i], false): All options with label 'Extension Payments' are selected in object 'Object Repository/RAD_Pages/Landing_Page/dd_TaxType' 

2021-11-19 10:46:26 - [MESSAGE][PASSED] - All options with label 'Extension Payments' are selected in object 'Object Repository/RAD_Pages/Landing_Page/dd_TaxType' 

2021-11-19 10:46:26 - [TEST_STEP][PASSED] - setText(findTestObject(orPath_TaxPayer + "/input_lastName"), "Anderson"): Text 'Anderson' is set on object 'Object Repository/RAD_Pages/Taxpayer_Page/input_lastName'

2021-11-19 10:46:27 - [MESSAGE][PASSED] - Text 'Anderson' is set on object 'Object Repository/RAD_Pages/Taxpayer_Page/input_lastName'

2021-11-19 10:46:27 - [TEST_STEP][PASSED] - setText(findTestObject("RAD_RecordAndPlay/input_concatSSN"), "123441234"): Text '123441234' is set on object 'Object Repository/RAD_RecordAndPlay/input_concatSSN'

2021-11-19 10:46:27 - [MESSAGE][PASSED] - Text '123441234' is set on object 'Object Repository/RAD_RecordAndPlay/input_concatSSN'

2021-11-19 10:46:27 - [TEST_STEP][PASSED] - setText(findTestObject("RAD_RecordAndPlay/input_concatReSSN"), "123441234"): Text '123441234' is set on object 'Object Repository/RAD_RecordAndPlay/input_concatReSSN'

2021-11-19 10:46:28 - [MESSAGE][PASSED] - Text '123441234' is set on object 'Object Repository/RAD_RecordAndPlay/input_concatReSSN'

2021-11-19 10:46:28 - [TEST_STEP][PASSED] - scrollToElement(findTestObject(orPath_Amount + "/input__paymentAmount"), 3): Scroll to object 'Object Repository/RAD_Pages/PaymentAmount_Page/input__paymentAmount' successfully

2021-11-19 10:46:28 - [MESSAGE][PASSED] - Scroll to object 'Object Repository/RAD_Pages/PaymentAmount_Page/input__paymentAmount' successfully

2021-11-19 10:46:28 - [TEST_STEP][PASSED] - waitForElementClickable(findTestObject(orPath_FilingStatus + "/input_userType_Joint"), 5): Object 'Object Repository/RAD_Pages/FilingStatus_Page/input_userType_Joint' is clickable

2021-11-19 10:46:29 - [MESSAGE][PASSED] - Object 'Object Repository/RAD_Pages/FilingStatus_Page/input_userType_Joint' is clickable

2021-11-19 10:46:29 - [TEST_STEP][PASSED] - click(findTestObject(orPath_FilingStatus + "/input_userType_Joint")): Object: 'Object Repository/RAD_Pages/FilingStatus_Page/input_userType_Joint' is clicked on

2021-11-19 10:46:29 - [MESSAGE][PASSED] - Object: 'Object Repository/RAD_Pages/FilingStatus_Page/input_userType_Joint' is clicked on

2021-11-19 10:46:29 - [TEST_STEP][PASSED] - setText(findTestObject(orPath_FilingStatus + "/input_jointLastName"), "Stokes"): Text 'Stokes' is set on object 'Object Repository/RAD_Pages/FilingStatus_Page/input_jointLastName'

2021-11-19 10:46:30 - [MESSAGE][PASSED] - Text 'Stokes' is set on object 'Object Repository/RAD_Pages/FilingStatus_Page/input_jointLastName'

2021-11-19 10:46:30 - [TEST_STEP][PASSED] - setText(findTestObject("Object Repository/RAD_RecordAndPlay/input_JointFilerSSN"), "123443210"): Text '123443210' is set on object 'Object Repository/RAD_RecordAndPlay/input_JointFilerSSN'

2021-11-19 10:47:01 - [MESSAGE][INFO] - Unable to find the element located by 'By.xpath: //*[@id = 'data' and @name = 'Data' and @type = 'password' and @placeholder = 'Social Security Number']'. Please recheck the objects properties to make sure the desired element is located. 

2021-11-19 10:47:01 - [MESSAGE][WARNING] - [SELF-HEALING] Failed to find element with id 'Object Repository/RAD_RecordAndPlay/input_JointFilerSSN'. Try using Self-healing.

2021-11-19 10:47:01 - [MESSAGE][WARNING] - [SELF-HEALING] The current locator of test object 'Object Repository/RAD_RecordAndPlay/input_JointFilerSSN' was broken. Propose an alternative one: '//input[@id='data']'.

2021-11-19 10:47:32 - [MESSAGE][INFO] - Unable to find the element located by 'By.xpath: //*[@id = 'data' and @name = 'Data' and @type = 'password' and @placeholder = 'Social Security Number']'. Please recheck the objects properties to make sure the desired element is located. 

2021-11-19 10:47:32 - [MESSAGE][WARNING] - [SELF-HEALING] Failed to find element with id 'Object Repository/RAD_RecordAndPlay/input_JointFilerSSN'. Try using Self-healing.

2021-11-19 10:47:32 - [MESSAGE][WARNING] - [SELF-HEALING] The current locator of test object 'Object Repository/RAD_RecordAndPlay/input_JointFilerSSN' was broken. Propose an alternative one: '//input[@id='data']'.

2021-11-19 10:47:32 - [MESSAGE][PASSED] - Text '123443210' is set on object 'Object Repository/RAD_RecordAndPlay/input_JointFilerSSN'

2021-11-19 10:47:32 - [TEST_STEP][PASSED] - setText(findTestObject("Object Repository/RAD_RecordAndPlay/input_reTypeJointFilerSSN"), "123443210"): Text '123443210' is set on object 'Object Repository/RAD_RecordAndPlay/input_reTypeJointFilerSSN'

2021-11-19 10:48:04 - [MESSAGE][INFO] - Unable to find the element located by 'By.xpath: //*[@id = 'data' and @name = 'Data' and @type = 'password' and @placeholder = 'Re-Type SSN']'. Please recheck the objects properties to make sure the desired element is located. 

2021-11-19 10:48:04 - [MESSAGE][WARNING] - [SELF-HEALING] Failed to find element with id 'Object Repository/RAD_RecordAndPlay/input_reTypeJointFilerSSN'. Try using Self-healing.

2021-11-19 10:48:04 - [MESSAGE][WARNING] - [SELF-HEALING] The current locator of test object 'Object Repository/RAD_RecordAndPlay/input_reTypeJointFilerSSN' was broken. Propose an alternative one: '//input[@id='data']'.

2021-11-19 10:48:35 - [MESSAGE][INFO] - Unable to find the element located by 'By.xpath: //*[@id = 'data' and @name = 'Data' and @type = 'password' and @placeholder = 'Re-Type SSN']'. Please recheck the objects properties to make sure the desired element is located. 

2021-11-19 10:48:35 - [MESSAGE][WARNING] - [SELF-HEALING] Failed to find element with id 'Object Repository/RAD_RecordAndPlay/input_reTypeJointFilerSSN'. Try using Self-healing.

2021-11-19 10:48:35 - [MESSAGE][WARNING] - [SELF-HEALING] The current locator of test object 'Object Repository/RAD_RecordAndPlay/input_reTypeJointFilerSSN' was broken. Propose an alternative one: '//input[@id='data']'.

2021-11-19 10:48:35 - [MESSAGE][PASSED] - Text '123443210' is set on object 'Object Repository/RAD_RecordAndPlay/input_reTypeJointFilerSSN'

2021-11-19 10:48:35 - [TEST_STEP][PASSED] - delay(2): Delayed 2 second(s)

2021-11-19 10:48:37 - [MESSAGE][PASSED] - Delayed 2 second(s)

2021-11-19 10:48:37 - [TEST_STEP][FAILED] - click(findTestObject(orPath_Landing + "/button_Continue")): Unable to click on object 'Object Repository/RAD_Pages/Landing_Page/button_Continue' (Root cause: com.kms.katalon.core.exception.StepFailedException: Unable to click on object 'Object Repository/RAD_Pages/Landing_Page/button_Continue'
	at com.kms.katalon.core.webui.keyword.internal.WebUIKeywordMain.stepFailed(WebUIKeywordMain.groovy:64)
	at com.kms.katalon.core.webui.keyword.internal.WebUIKeywordMain.runKeyword(WebUIKeywordMain.groovy:26)
	at com.kms.katalon.core.webui.keyword.builtin.ClickKeyword.click(ClickKeyword.groovy:75)
	at com.kms.katalon.core.webui.keyword.builtin.ClickKeyword.execute(ClickKeyword.groovy:42)
	at com.kms.katalon.core.keyword.internal.KeywordExecutor.executeKeywordForPlatform(KeywordExecutor.groovy:74)
	at com.kms.katalon.core.webui.keyword.WebUiBuiltInKeywords.click(WebUiBuiltInKeywords.groovy:620)
	at com.kms.katalon.core.webui.keyword.WebUiBuiltInKeywords$click$10.call(Unknown Source)
	at EstimatedTax_Joint_MRF_TC.run(EstimatedTax_Joint_MRF_TC:71)
	at com.kms.katalon.core.main.ScriptEngine.run(ScriptEngine.java:194)
	at com.kms.katalon.core.main.ScriptEngine.runScriptAsRawText(ScriptEngine.java:119)
	at com.kms.katalon.core.main.TestCaseExecutor.runScript(TestCaseExecutor.java:430)
	at com.kms.katalon.core.main.TestCaseExecutor.doExecute(TestCaseExecutor.java:421)
	at com.kms.katalon.core.main.TestCaseExecutor.processExecutionPhase(TestCaseExecutor.java:400)
	at com.kms.katalon.core.main.TestCaseExecutor.accessMainPhase(TestCaseExecutor.java:392)
	at com.kms.katalon.core.main.TestCaseExecutor.execute(TestCaseExecutor.java:273)
	at com.kms.katalon.core.main.TestSuiteExecutor.accessTestCaseMainPhase(TestSuiteExecutor.java:202)
	at com.kms.katalon.core.main.TestSuiteExecutor.accessTestSuiteMainPhase(TestSuiteExecutor.java:164)
	at com.kms.katalon.core.main.TestSuiteExecutor.execute(TestSuiteExecutor.java:105)
	at com.kms.katalon.core.main.TestCaseMain.startTestSuite(TestCaseMain.java:185)
	at com.kms.katalon.core.main.TestCaseMain$startTestSuite$0.call(Unknown Source)
	at TempTestSuite1637335687322.run(TempTestSuite1637335687322.groovy:36)
Caused by: org.openqa.selenium.ElementClickInterceptedException: element click intercepted: Element <button class="btn btn-primary float-end w-auto disablecontinue" disabled="">...</button> is not clickable at point (1046, 1076). Other element would receive the click: <div class="w-100 mt-auto pt-3">...</div>
  (Session info: chrome=96.0.4664.45)
Build info: version: '3.141.59', revision: 'e82be7d358', time: '2018-11-14T08:25:53'
System info: host: 'DESKTOP-B2QI6NS', ip: '172.30.2.167', os.name: 'Windows 10', os.arch: 'amd64', os.version: '10.0', java.version: '1.8.0_181'
Driver info: com.kms.katalon.selenium.driver.CChromeDriver
Capabilities {acceptInsecureCerts: true, browserName: chrome, browserVersion: 96.0.4664.45, chrome: {chromedriverVersion: 95.0.4638.54 (d31a821ec901f..., userDataDir: C:\Users\iahmed\AppData\Loc...}, goog:chromeOptions: {debuggerAddress: localhost:62776}, javascriptEnabled: true, networkConnectionEnabled: false, pageLoadStrategy: normal, platform: WINDOWS, platformName: WINDOWS, proxy: Proxy(), setWindowRect: true, strictFileInteractability: false, timeouts: {implicit: 0, pageLoad: 300000, script: 30000}, unhandledPromptBehavior: dismiss and notify, webauthn:extension:credBlob: true, webauthn:extension:largeBlob: true, webauthn:virtualAuthenticators: true}
Session ID: 1e70482ce56326cb3cecaca6fdd854cc
	at org.openqa.selenium.remote.http.W3CHttpResponseCodec.createException(W3CHttpResponseCodec.java:187)
	at org.openqa.selenium.remote.http.W3CHttpResponseCodec.decode(W3CHttpResponseCodec.java:122)
	at org.openqa.selenium.remote.http.W3CHttpResponseCodec.decode(W3CHttpResponseCodec.java:49)
	at org.openqa.selenium.remote.HttpCommandExecutor.execute(HttpCommandExecutor.java:158)
	at org.openqa.selenium.remote.service.DriverCommandExecutor.execute(DriverCommandExecutor.java:83)
	at org.openqa.selenium.remote.RemoteWebDriver.execute(RemoteWebDriver.java:552)
	at com.kms.katalon.selenium.driver.CChromeDriver.execute(CChromeDriver.java:19)
	at org.openqa.selenium.remote.RemoteWebElement.execute(RemoteWebElement.java:285)
	at org.openqa.selenium.remote.RemoteWebElement.click(RemoteWebElement.java:84)
	at org.openqa.selenium.support.events.EventFiringWebDriver$EventFiringWebElement.lambda$new$0(EventFiringWebDriver.java:404)
	at com.sun.proxy.$Proxy11.click(Unknown Source)
	at org.openqa.selenium.support.events.EventFiringWebDriver$EventFiringWebElement.click(EventFiringWebDriver.java:417)
	at com.kms.katalon.core.webui.keyword.builtin.ClickKeyword$_click_closure1.doCall(ClickKeyword.groovy:68)
	at com.kms.katalon.core.webui.keyword.builtin.ClickKeyword$_click_closure1.call(ClickKeyword.groovy)
	at com.kms.katalon.core.webui.keyword.internal.WebUIKeywordMain.runKeyword(WebUIKeywordMain.groovy:20)
	at com.kms.katalon.core.webui.keyword.builtin.ClickKeyword.click(ClickKeyword.groovy:75)
	at com.kms.katalon.core.webui.keyword.builtin.ClickKeyword.execute(ClickKeyword.groovy:42)
	at com.kms.katalon.core.keyword.internal.KeywordExecutor.executeKeywordForPlatform(KeywordExecutor.groovy:74)
	at com.kms.katalon.core.webui.keyword.WebUiBuiltInKeywords.click(WebUiBuiltInKeywords.groovy:620)
	at com.kms.katalon.core.webui.keyword.WebUiBuiltInKeywords$click$10.call(Unknown Source)
	at Script1634932010040.run(Script1634932010040.groovy:71)
	... 13 more
)

2021-11-19 10:48:39 - [MESSAGE][FAILED] - Unable to click on object 'Object Repository/RAD_Pages/Landing_Page/button_Continue' (Root cause: com.kms.katalon.core.exception.StepFailedException: Unable to click on object 'Object Repository/RAD_Pages/Landing_Page/button_Continue'
	at com.kms.katalon.core.webui.keyword.internal.WebUIKeywordMain.stepFailed(WebUIKeywordMain.groovy:64)
	at com.kms.katalon.core.webui.keyword.internal.WebUIKeywordMain.runKeyword(WebUIKeywordMain.groovy:26)
	at com.kms.katalon.core.webui.keyword.builtin.ClickKeyword.click(ClickKeyword.groovy:75)
	at com.kms.katalon.core.webui.keyword.builtin.ClickKeyword.execute(ClickKeyword.groovy:42)
	at com.kms.katalon.core.keyword.internal.KeywordExecutor.executeKeywordForPlatform(KeywordExecutor.groovy:74)
	at com.kms.katalon.core.webui.keyword.WebUiBuiltInKeywords.click(WebUiBuiltInKeywords.groovy:620)
	at com.kms.katalon.core.webui.keyword.WebUiBuiltInKeywords$click$10.call(Unknown Source)
	at EstimatedTax_Joint_MRF_TC.run(EstimatedTax_Joint_MRF_TC:71)
	at com.kms.katalon.core.main.ScriptEngine.run(ScriptEngine.java:194)
	at com.kms.katalon.core.main.ScriptEngine.runScriptAsRawText(ScriptEngine.java:119)
	at com.kms.katalon.core.main.TestCaseExecutor.runScript(TestCaseExecutor.java:430)
	at com.kms.katalon.core.main.TestCaseExecutor.doExecute(TestCaseExecutor.java:421)
	at com.kms.katalon.core.main.TestCaseExecutor.processExecutionPhase(TestCaseExecutor.java:400)
	at com.kms.katalon.core.main.TestCaseExecutor.accessMainPhase(TestCaseExecutor.java:392)
	at com.kms.katalon.core.main.TestCaseExecutor.execute(TestCaseExecutor.java:273)
	at com.kms.katalon.core.main.TestSuiteExecutor.accessTestCaseMainPhase(TestSuiteExecutor.java:202)
	at com.kms.katalon.core.main.TestSuiteExecutor.accessTestSuiteMainPhase(TestSuiteExecutor.java:164)
	at com.kms.katalon.core.main.TestSuiteExecutor.execute(TestSuiteExecutor.java:105)
	at com.kms.katalon.core.main.TestCaseMain.startTestSuite(TestCaseMain.java:185)
	at com.kms.katalon.core.main.TestCaseMain$startTestSuite$0.call(Unknown Source)
	at TempTestSuite1637335687322.run(TempTestSuite1637335687322.groovy:36)
Caused by: org.openqa.selenium.ElementClickInterceptedException: element click intercepted: Element <button class="btn btn-primary float-end w-auto disablecontinue" disabled="">...</button> is not clickable at point (1046, 1076). Other element would receive the click: <div class="w-100 mt-auto pt-3">...</div>
  (Session info: chrome=96.0.4664.45)
Build info: version: '3.141.59', revision: 'e82be7d358', time: '2018-11-14T08:25:53'
System info: host: 'DESKTOP-B2QI6NS', ip: '172.30.2.167', os.name: 'Windows 10', os.arch: 'amd64', os.version: '10.0', java.version: '1.8.0_181'
Driver info: com.kms.katalon.selenium.driver.CChromeDriver
Capabilities {acceptInsecureCerts: true, browserName: chrome, browserVersion: 96.0.4664.45, chrome: {chromedriverVersion: 95.0.4638.54 (d31a821ec901f..., userDataDir: C:\Users\iahmed\AppData\Loc...}, goog:chromeOptions: {debuggerAddress: localhost:62776}, javascriptEnabled: true, networkConnectionEnabled: false, pageLoadStrategy: normal, platform: WINDOWS, platformName: WINDOWS, proxy: Proxy(), setWindowRect: true, strictFileInteractability: false, timeouts: {implicit: 0, pageLoad: 300000, script: 30000}, unhandledPromptBehavior: dismiss and notify, webauthn:extension:credBlob: true, webauthn:extension:largeBlob: true, webauthn:virtualAuthenticators: true}
Session ID: 1e70482ce56326cb3cecaca6fdd854cc
	at org.openqa.selenium.remote.http.W3CHttpResponseCodec.createException(W3CHttpResponseCodec.java:187)
	at org.openqa.selenium.remote.http.W3CHttpResponseCodec.decode(W3CHttpResponseCodec.java:122)
	at org.openqa.selenium.remote.http.W3CHttpResponseCodec.decode(W3CHttpResponseCodec.java:49)
	at org.openqa.selenium.remote.HttpCommandExecutor.execute(HttpCommandExecutor.java:158)
	at org.openqa.selenium.remote.service.DriverCommandExecutor.execute(DriverCommandExecutor.java:83)
	at org.openqa.selenium.remote.RemoteWebDriver.execute(RemoteWebDriver.java:552)
	at com.kms.katalon.selenium.driver.CChromeDriver.execute(CChromeDriver.java:19)
	at org.openqa.selenium.remote.RemoteWebElement.execute(RemoteWebElement.java:285)
	at org.openqa.selenium.remote.RemoteWebElement.click(RemoteWebElement.java:84)
	at org.openqa.selenium.support.events.EventFiringWebDriver$EventFiringWebElement.lambda$new$0(EventFiringWebDriver.java:404)
	at com.sun.proxy.$Proxy11.click(Unknown Source)
	at org.openqa.selenium.support.events.EventFiringWebDriver$EventFiringWebElement.click(EventFiringWebDriver.java:417)
	at com.kms.katalon.core.webui.keyword.builtin.ClickKeyword$_click_closure1.doCall(ClickKeyword.groovy:68)
	at com.kms.katalon.core.webui.keyword.builtin.ClickKeyword$_click_closure1.call(ClickKeyword.groovy)
	at com.kms.katalon.core.webui.keyword.internal.WebUIKeywordMain.runKeyword(WebUIKeywordMain.groovy:20)
	at com.kms.katalon.core.webui.keyword.builtin.ClickKeyword.click(ClickKeyword.groovy:75)
	at com.kms.katalon.core.webui.keyword.builtin.ClickKeyword.execute(ClickKeyword.groovy:42)
	at com.kms.katalon.core.keyword.internal.KeywordExecutor.executeKeywordForPlatform(KeywordExecutor.groovy:74)
	at com.kms.katalon.core.webui.keyword.WebUiBuiltInKeywords.click(WebUiBuiltInKeywords.groovy:620)
	at com.kms.katalon.core.webui.keyword.WebUiBuiltInKeywords$click$10.call(Unknown Source)
	at Script1634932010040.run(Script1634932010040.groovy:71)
	... 13 more
)
[[ATTACHMENT|E:\\Cloned-Project-Katalon\\VPS-Katalon\\Reports\\20211119_102807\\RAD_TestSuite\\RAD_UI_TestSuite\\20211119_102807\\1637336918876.png]]

2021-11-19 10:48:39 - [TEST_STEP][FAILED] - verifyTextPresent("Enter joint payer first name", true): Text 'Enter joint payer first name' is not present on page  using regular expression (Root cause: com.kms.katalon.core.exception.StepFailedException: Text 'Enter joint payer first name' is not present on page  using regular expression
	at com.kms.katalon.core.webui.keyword.internal.WebUIKeywordMain.stepFailed(WebUIKeywordMain.groovy:64)
	at com.kms.katalon.core.webui.keyword.builtin.VerifyTextPresentKeyword$_verifyTextPresent_closure1.doCall(VerifyTextPresentKeyword.groovy:79)
	at com.kms.katalon.core.webui.keyword.builtin.VerifyTextPresentKeyword$_verifyTextPresent_closure1.call(VerifyTextPresentKeyword.groovy)
	at com.kms.katalon.core.webui.keyword.internal.WebUIKeywordMain.runKeyword(WebUIKeywordMain.groovy:20)
	at com.kms.katalon.core.webui.keyword.builtin.VerifyTextPresentKeyword.verifyTextPresent(VerifyTextPresentKeyword.groovy:83)
	at com.kms.katalon.core.webui.keyword.builtin.VerifyTextPresentKeyword.execute(VerifyTextPresentKeyword.groovy:68)
	at com.kms.katalon.core.keyword.internal.KeywordExecutor.executeKeywordForPlatform(KeywordExecutor.groovy:74)
	at com.kms.katalon.core.webui.keyword.WebUiBuiltInKeywords.verifyTextPresent(WebUiBuiltInKeywords.groovy:1723)
	at com.kms.katalon.core.webui.keyword.WebUiBuiltInKeywords$verifyTextPresent$3.call(Unknown Source)
	at EstimatedTax_Joint_MRF_TC.run(EstimatedTax_Joint_MRF_TC:73)
	at com.kms.katalon.core.main.ScriptEngine.run(ScriptEngine.java:194)
	at com.kms.katalon.core.main.ScriptEngine.runScriptAsRawText(ScriptEngine.java:119)
	at com.kms.katalon.core.main.TestCaseExecutor.runScript(TestCaseExecutor.java:430)
	at com.kms.katalon.core.main.TestCaseExecutor.doExecute(TestCaseExecutor.java:421)
	at com.kms.katalon.core.main.TestCaseExecutor.processExecutionPhase(TestCaseExecutor.java:400)
	at com.kms.katalon.core.main.TestCaseExecutor.accessMainPhase(TestCaseExecutor.java:392)
	at com.kms.katalon.core.main.TestCaseExecutor.execute(TestCaseExecutor.java:273)
	at com.kms.katalon.core.main.TestSuiteExecutor.accessTestCaseMainPhase(TestSuiteExecutor.java:202)
	at com.kms.katalon.core.main.TestSuiteExecutor.accessTestSuiteMainPhase(TestSuiteExecutor.java:164)
	at com.kms.katalon.core.main.TestSuiteExecutor.execute(TestSuiteExecutor.java:105)
	at com.kms.katalon.core.main.TestCaseMain.startTestSuite(TestCaseMain.java:185)
	at com.kms.katalon.core.main.TestCaseMain$startTestSuite$0.call(Unknown Source)
	at TempTestSuite1637335687322.run(TempTestSuite1637335687322.groovy:36)
)

2021-11-19 10:48:39 - [MESSAGE][FAILED] - Text 'Enter joint payer first name' is not present on page  using regular expression (Root cause: com.kms.katalon.core.exception.StepFailedException: Text 'Enter joint payer first name' is not present on page  using regular expression
	at com.kms.katalon.core.webui.keyword.internal.WebUIKeywordMain.stepFailed(WebUIKeywordMain.groovy:64)
	at com.kms.katalon.core.webui.keyword.builtin.VerifyTextPresentKeyword$_verifyTextPresent_closure1.doCall(VerifyTextPresentKeyword.groovy:79)
	at com.kms.katalon.core.webui.keyword.builtin.VerifyTextPresentKeyword$_verifyTextPresent_closure1.call(VerifyTextPresentKeyword.groovy)
	at com.kms.katalon.core.webui.keyword.internal.WebUIKeywordMain.runKeyword(WebUIKeywordMain.groovy:20)
	at com.kms.katalon.core.webui.keyword.builtin.VerifyTextPresentKeyword.verifyTextPresent(VerifyTextPresentKeyword.groovy:83)
	at com.kms.katalon.core.webui.keyword.builtin.VerifyTextPresentKeyword.execute(VerifyTextPresentKeyword.groovy:68)
	at com.kms.katalon.core.keyword.internal.KeywordExecutor.executeKeywordForPlatform(KeywordExecutor.groovy:74)
	at com.kms.katalon.core.webui.keyword.WebUiBuiltInKeywords.verifyTextPresent(WebUiBuiltInKeywords.groovy:1723)
	at com.kms.katalon.core.webui.keyword.WebUiBuiltInKeywords$verifyTextPresent$3.call(Unknown Source)
	at EstimatedTax_Joint_MRF_TC.run(EstimatedTax_Joint_MRF_TC:73)
	at com.kms.katalon.core.main.ScriptEngine.run(ScriptEngine.java:194)
	at com.kms.katalon.core.main.ScriptEngine.runScriptAsRawText(ScriptEngine.java:119)
	at com.kms.katalon.core.main.TestCaseExecutor.runScript(TestCaseExecutor.java:430)
	at com.kms.katalon.core.main.TestCaseExecutor.doExecute(TestCaseExecutor.java:421)
	at com.kms.katalon.core.main.TestCaseExecutor.processExecutionPhase(TestCaseExecutor.java:400)
	at com.kms.katalon.core.main.TestCaseExecutor.accessMainPhase(TestCaseExecutor.java:392)
	at com.kms.katalon.core.main.TestCaseExecutor.execute(TestCaseExecutor.java:273)
	at com.kms.katalon.core.main.TestSuiteExecutor.accessTestCaseMainPhase(TestSuiteExecutor.java:202)
	at com.kms.katalon.core.main.TestSuiteExecutor.accessTestSuiteMainPhase(TestSuiteExecutor.java:164)
	at com.kms.katalon.core.main.TestSuiteExecutor.execute(TestSuiteExecutor.java:105)
	at com.kms.katalon.core.main.TestCaseMain.startTestSuite(TestCaseMain.java:185)
	at com.kms.katalon.core.main.TestCaseMain$startTestSuite$0.call(Unknown Source)
	at TempTestSuite1637335687322.run(TempTestSuite1637335687322.groovy:36)
)]]></system-out>
         <system-err><![CDATA[2021-11-19 10:41:43 - [TEST_CASE][FAILED] - Test Cases/RAD_TestCases/MRF_TestCases/EstimatedTax_Joint_MRF_TC: Test Cases/RAD_TestCases/MRF_TestCases/EstimatedTax_Joint_MRF_TC FAILED.
Reason:
com.kms.katalon.core.exception.StepFailedException: Unable to click on object 'Object Repository/RAD_Pages/Landing_Page/button_Continue' (Root cause: com.kms.katalon.core.exception.StepFailedException: Unable to click on object 'Object Repository/RAD_Pages/Landing_Page/button_Continue'
	at com.kms.katalon.core.webui.keyword.internal.WebUIKeywordMain.stepFailed(WebUIKeywordMain.groovy:64)
	at com.kms.katalon.core.webui.keyword.internal.WebUIKeywordMain.runKeyword(WebUIKeywordMain.groovy:26)
	at com.kms.katalon.core.webui.keyword.builtin.ClickKeyword.click(ClickKeyword.groovy:75)
	at com.kms.katalon.core.webui.keyword.builtin.ClickKeyword.execute(ClickKeyword.groovy:42)
	at com.kms.katalon.core.keyword.internal.KeywordExecutor.executeKeywordForPlatform(KeywordExecutor.groovy:74)
	at com.kms.katalon.core.webui.keyword.WebUiBuiltInKeywords.click(WebUiBuiltInKeywords.groovy:620)
	at com.kms.katalon.core.webui.keyword.WebUiBuiltInKeywords$click$10.call(Unknown Source)
	at EstimatedTax_Joint_MRF_TC.run(EstimatedTax_Joint_MRF_TC:71)
	at com.kms.katalon.core.main.ScriptEngine.run(ScriptEngine.java:194)
	at com.kms.katalon.core.main.ScriptEngine.runScriptAsRawText(ScriptEngine.java:119)
	at com.kms.katalon.core.main.TestCaseExecutor.runScript(TestCaseExecutor.java:430)
	at com.kms.katalon.core.main.TestCaseExecutor.doExecute(TestCaseExecutor.java:421)
	at com.kms.katalon.core.main.TestCaseExecutor.processExecutionPhase(TestCaseExecutor.java:400)
	at com.kms.katalon.core.main.TestCaseExecutor.accessMainPhase(TestCaseExecutor.java:392)
	at com.kms.katalon.core.main.TestCaseExecutor.execute(TestCaseExecutor.java:273)
	at com.kms.katalon.core.main.TestSuiteExecutor.accessTestCaseMainPhase(TestSuiteExecutor.java:202)
	at com.kms.katalon.core.main.TestSuiteExecutor.accessTestSuiteMainPhase(TestSuiteExecutor.java:164)
	at com.kms.katalon.core.main.TestSuiteExecutor.execute(TestSuiteExecutor.java:105)
	at com.kms.katalon.core.main.TestCaseMain.startTestSuite(TestCaseMain.java:185)
	at com.kms.katalon.core.main.TestCaseMain$startTestSuite$0.call(Unknown Source)
	at TempTestSuite1637335687322.run(TempTestSuite1637335687322.groovy:36)
Caused by: org.openqa.selenium.ElementClickInterceptedException: element click intercepted: Element <button class="btn btn-primary float-end w-auto disablecontinue" disabled="">...</button> is not clickable at point (1046, 1076). Other element would receive the click: <div class="w-100 mt-auto pt-3">...</div>
  (Session info: chrome=96.0.4664.45)
Build info: version: '3.141.59', revision: 'e82be7d358', time: '2018-11-14T08:25:53'
System info: host: 'DESKTOP-B2QI6NS', ip: '172.30.2.167', os.name: 'Windows 10', os.arch: 'amd64', os.version: '10.0', java.version: '1.8.0_181'
Driver info: com.kms.katalon.selenium.driver.CChromeDriver
Capabilities {acceptInsecureCerts: true, browserName: chrome, browserVersion: 96.0.4664.45, chrome: {chromedriverVersion: 95.0.4638.54 (d31a821ec901f..., userDataDir: C:\Users\iahmed\AppData\Loc...}, goog:chromeOptions: {debuggerAddress: localhost:62049}, javascriptEnabled: true, networkConnectionEnabled: false, pageLoadStrategy: normal, platform: WINDOWS, platformName: WINDOWS, proxy: Proxy(), setWindowRect: true, strictFileInteractability: false, timeouts: {implicit: 0, pageLoad: 300000, script: 30000}, unhandledPromptBehavior: dismiss and notify, webauthn:extension:credBlob: true, webauthn:extension:largeBlob: true, webauthn:virtualAuthenticators: true}
Session ID: ba91e25f6345561b475a5eacfd017736
	at org.openqa.selenium.remote.http.W3CHttpResponseCodec.createException(W3CHttpResponseCodec.java:187)
	at org.openqa.selenium.remote.http.W3CHttpResponseCodec.decode(W3CHttpResponseCodec.java:122)
	at org.openqa.selenium.remote.http.W3CHttpResponseCodec.decode(W3CHttpResponseCodec.java:49)
	at org.openqa.selenium.remote.HttpCommandExecutor.execute(HttpCommandExecutor.java:158)
	at org.openqa.selenium.remote.service.DriverCommandExecutor.execute(DriverCommandExecutor.java:83)
	at org.openqa.selenium.remote.RemoteWebDriver.execute(RemoteWebDriver.java:552)
	at com.kms.katalon.selenium.driver.CChromeDriver.execute(CChromeDriver.java:19)
	at org.openqa.selenium.remote.RemoteWebElement.execute(RemoteWebElement.java:285)
	at org.openqa.selenium.remote.RemoteWebElement.click(RemoteWebElement.java:84)
	at org.openqa.selenium.support.events.EventFiringWebDriver$EventFiringWebElement.lambda$new$0(EventFiringWebDriver.java:404)
	at com.sun.proxy.$Proxy11.click(Unknown Source)
	at org.openqa.selenium.support.events.EventFiringWebDriver$EventFiringWebElement.click(EventFiringWebDriver.java:417)
	at com.kms.katalon.core.webui.keyword.builtin.ClickKeyword$_click_closure1.doCall(ClickKeyword.groovy:68)
	at com.kms.katalon.core.webui.keyword.builtin.ClickKeyword$_click_closure1.call(ClickKeyword.groovy)
	at com.kms.katalon.core.webui.keyword.internal.WebUIKeywordMain.runKeyword(WebUIKeywordMain.groovy:20)
	at com.kms.katalon.core.webui.keyword.builtin.ClickKeyword.click(ClickKeyword.groovy:75)
	at com.kms.katalon.core.webui.keyword.builtin.ClickKeyword.execute(ClickKeyword.groovy:42)
	at com.kms.katalon.core.keyword.internal.KeywordExecutor.executeKeywordForPlatform(KeywordExecutor.groovy:74)
	at com.kms.katalon.core.webui.keyword.WebUiBuiltInKeywords.click(WebUiBuiltInKeywords.groovy:620)
	at com.kms.katalon.core.webui.keyword.WebUiBuiltInKeywords$click$10.call(Unknown Source)
	at Script1634932010040.run(Script1634932010040.groovy:71)
	... 13 more
)
	at com.kms.katalon.core.keyword.internal.KeywordMain.stepFailed(KeywordMain.groovy:39)
	at com.kms.katalon.core.webui.keyword.internal.WebUIKeywordMain.stepFailed(WebUIKeywordMain.groovy:64)
	at com.kms.katalon.core.webui.keyword.internal.WebUIKeywordMain.runKeyword(WebUIKeywordMain.groovy:26)
	at com.kms.katalon.core.webui.keyword.builtin.ClickKeyword.click(ClickKeyword.groovy:75)
	at com.kms.katalon.core.webui.keyword.builtin.ClickKeyword.execute(ClickKeyword.groovy:42)
	at com.kms.katalon.core.keyword.internal.KeywordExecutor.executeKeywordForPlatform(KeywordExecutor.groovy:74)
	at com.kms.katalon.core.webui.keyword.WebUiBuiltInKeywords.click(WebUiBuiltInKeywords.groovy:620)
	at com.kms.katalon.core.webui.keyword.WebUiBuiltInKeywords$click$10.call(Unknown Source)
	at EstimatedTax_Joint_MRF_TC.run(EstimatedTax_Joint_MRF_TC:71)
	at com.kms.katalon.core.main.ScriptEngine.run(ScriptEngine.java:194)
	at com.kms.katalon.core.main.ScriptEngine.runScriptAsRawText(ScriptEngine.java:119)
	at com.kms.katalon.core.main.TestCaseExecutor.runScript(TestCaseExecutor.java:430)
	at com.kms.katalon.core.main.TestCaseExecutor.doExecute(TestCaseExecutor.java:421)
	at com.kms.katalon.core.main.TestCaseExecutor.processExecutionPhase(TestCaseExecutor.java:400)
	at com.kms.katalon.core.main.TestCaseExecutor.accessMainPhase(TestCaseExecutor.java:392)
	at com.kms.katalon.core.main.TestCaseExecutor.execute(TestCaseExecutor.java:273)
	at com.kms.katalon.core.main.TestSuiteExecutor.accessTestCaseMainPhase(TestSuiteExecutor.java:202)
	at com.kms.katalon.core.main.TestSuiteExecutor.accessTestSuiteMainPhase(TestSuiteExecutor.java:164)
	at com.kms.katalon.core.main.TestSuiteExecutor.execute(TestSuiteExecutor.java:105)
	at com.kms.katalon.core.main.TestCaseMain.startTestSuite(TestCaseMain.java:185)
	at com.kms.katalon.core.main.TestCaseMain$startTestSuite$0.call(Unknown Source)
	at TempTestSuite1637335687322.run(TempTestSuite1637335687322.groovy:36)
Caused by: com.kms.katalon.core.exception.StepFailedException: Unable to click on object 'Object Repository/RAD_Pages/Landing_Page/button_Continue'
	... 21 more
Caused by: org.openqa.selenium.ElementClickInterceptedException: element click intercepted: Element <button class="btn btn-primary float-end w-auto disablecontinue" disabled="">...</button> is not clickable at point (1046, 1076). Other element would receive the click: <div class="w-100 mt-auto pt-3">...</div>
  (Session info: chrome=96.0.4664.45)
Build info: version: '3.141.59', revision: 'e82be7d358', time: '2018-11-14T08:25:53'
System info: host: 'DESKTOP-B2QI6NS', ip: '172.30.2.167', os.name: 'Windows 10', os.arch: 'amd64', os.version: '10.0', java.version: '1.8.0_181'
Driver info: com.kms.katalon.selenium.driver.CChromeDriver
Capabilities {acceptInsecureCerts: true, browserName: chrome, browserVersion: 96.0.4664.45, chrome: {chromedriverVersion: 95.0.4638.54 (d31a821ec901f..., userDataDir: C:\Users\iahmed\AppData\Loc...}, goog:chromeOptions: {debuggerAddress: localhost:62049}, javascriptEnabled: true, networkConnectionEnabled: false, pageLoadStrategy: normal, platform: WINDOWS, platformName: WINDOWS, proxy: Proxy(), setWindowRect: true, strictFileInteractability: false, timeouts: {implicit: 0, pageLoad: 300000, script: 30000}, unhandledPromptBehavior: dismiss and notify, webauthn:extension:credBlob: true, webauthn:extension:largeBlob: true, webauthn:virtualAuthenticators: true}
Session ID: ba91e25f6345561b475a5eacfd017736
	at org.openqa.selenium.remote.http.W3CHttpResponseCodec.createException(W3CHttpResponseCodec.java:187)
	at org.openqa.selenium.remote.http.W3CHttpResponseCodec.decode(W3CHttpResponseCodec.java:122)
	at org.openqa.selenium.remote.http.W3CHttpResponseCodec.decode(W3CHttpResponseCodec.java:49)
	at org.openqa.selenium.remote.HttpCommandExecutor.execute(HttpCommandExecutor.java:158)
	at org.openqa.selenium.remote.service.DriverCommandExecutor.execute(DriverCommandExecutor.java:83)
	at org.openqa.selenium.remote.RemoteWebDriver.execute(RemoteWebDriver.java:552)
	at com.kms.katalon.selenium.driver.CChromeDriver.execute(CChromeDriver.java:19)
	at org.openqa.selenium.remote.RemoteWebElement.execute(RemoteWebElement.java:285)
	at org.openqa.selenium.remote.RemoteWebElement.click(RemoteWebElement.java:84)
	at org.openqa.selenium.support.events.EventFiringWebDriver$EventFiringWebElement.lambda$new$0(EventFiringWebDriver.java:404)
	at com.sun.proxy.$Proxy11.click(Unknown Source)
	at org.openqa.selenium.support.events.EventFiringWebDriver$EventFiringWebElement.click(EventFiringWebDriver.java:417)
	at com.kms.katalon.core.webui.keyword.builtin.ClickKeyword$_click_closure1.doCall(ClickKeyword.groovy:68)
	at com.kms.katalon.core.webui.keyword.builtin.ClickKeyword$_click_closure1.call(ClickKeyword.groovy)
	at com.kms.katalon.core.webui.keyword.internal.WebUIKeywordMain.runKeyword(WebUIKeywordMain.groovy:20)
	... 19 more]]></system-err>
      </testcase>
      <testcase name="Test Cases/RAD_TestCases/Negative_TestCases/EMailNoMatch" time="60.749" classname="Test Cases/RAD_TestCases/Negative_TestCases/EMailNoMatch" status="PASSED">
         <system-out><![CDATA[2021-11-19 10:48:39 - [TEST_CASE][PASSED] - Test Cases/RAD_TestCases/Negative_TestCases/EMailNoMatch: Test Cases/RAD_TestCases/Negative_TestCases/EMailNoMatch

2021-11-19 10:48:39 - [TEST_STEP][PASSED] - resText = "Fail": null

2021-11-19 10:48:39 - [TEST_STEP][PASSED] - resColumn = "Result": null

2021-11-19 10:48:39 - [TEST_STEP][PASSED] - datCloumn = "Date": null

2021-11-19 10:48:39 - [TEST_STEP][PASSED] - fileLoc = "C:\KatalonData\RADTestData\EmailNoMatch.xlsx": null

2021-11-19 10:48:39 - [TEST_STEP][PASSED] - nameSheet = "Sheet1": null

2021-11-19 10:48:39 - [TEST_STEP][PASSED] - dataFile = "RADTestData/EmailNoMatch": null

2021-11-19 10:48:39 - [TEST_STEP][PASSED] - ExecuteTC = <not implemented yet for class: org.codehaus.groovy.ast.expr.EmptyExpression>: null

2021-11-19 10:48:39 - [TEST_STEP][PASSED] - Taxtype = <not implemented yet for class: org.codehaus.groovy.ast.expr.EmptyExpression>: null

2021-11-19 10:48:39 - [TEST_STEP][PASSED] - numOfRows = findTestData(dataFile).getRowNumbers(): null

2021-11-19 10:48:40 - [TEST_STEP][PASSED] - println("Number of Records: " + numOfRows): null

2021-11-19 10:48:40 - [TEST_STEP][PASSED] - for ([row = 1, row <= numOfRows, (row++)]): null

2021-11-19 10:48:40 - [TEST_STEP][PASSED] - ExecuteTC = findTestData(dataFile).getValue("Execute", row): null

2021-11-19 10:48:40 - [TEST_STEP][PASSED] - out.println("Value of Execute is : " + ExecuteTC): null

2021-11-19 10:48:40 - [TEST_STEP][PASSED] - if (ExecuteTC.equalsIgnoreCase("Y")): null

2021-11-19 10:48:40 - [TEST_STEP][PASSED] - out.println("Begin Record Number: " + row): null

2021-11-19 10:48:40 - [TEST_STEP][PASSED] - today = new java.util.Date(): null

2021-11-19 10:48:40 - [TEST_STEP][PASSED] - println(today): null

2021-11-19 10:48:40 - [TEST_STEP][PASSED] - datText = today: null

2021-11-19 10:48:40 - [TEST_STEP][PASSED] - Taxtype = findTestData(dataFile).getValue("TaxType", row): null

2021-11-19 10:48:40 - [TEST_STEP][PASSED] - out.println("Taxtype value is : " + Taxtype): null

2021-11-19 10:48:40 - [TEST_STEP][PASSED] - openBrowser(""): Browser is opened with url: ''

2021-11-19 10:48:40 - [MESSAGE][WARNING] - A browser is already opened. Closing browser and opening a new one

2021-11-19 10:48:41 - [MESSAGE][INFO] - Starting 'Chrome' driver

2021-11-19 10:48:41 - [MESSAGE][INFO] - User set preference: ['acceptInsecureCerts', 'true']

2021-11-19 10:48:41 - [MESSAGE][INFO] - Action delay is set to 0 milliseconds

2021-11-19 10:48:42 - [MESSAGE][PASSED] - Browser is opened with url: ''

2021-11-19 10:48:42 - [TEST_STEP][PASSED] - maximizeWindow(): Current window maximized

2021-11-19 10:48:43 - [MESSAGE][PASSED] - Current window maximized

2021-11-19 10:48:43 - [TEST_STEP][PASSED] - navigateToUrl(RADurl): Navigate to 'https://qa.velocitypayment.com/client/rad/index.html' successfully

2021-11-19 10:48:45 - [MESSAGE][PASSED] - Navigate to 'https://qa.velocitypayment.com/client/rad/index.html' successfully

2021-11-19 10:48:45 - [TEST_STEP][PASSED] - orPath_Landing = "Object Repository/RAD_Pages/Landing_Page": null

2021-11-19 10:48:45 - [TEST_STEP][PASSED] - orPath_TaxTypeFilingYear = "Object Repository/RAD_Pages/TaxTypeFilingYear_Page": null

2021-11-19 10:48:45 - [TEST_STEP][PASSED] - orPath_TaxPayer = "Object Repository/RAD_Pages/Taxpayer_Page": null

2021-11-19 10:48:45 - [TEST_STEP][PASSED] - orPath_AddressContact = "Object Repository/RAD_Pages/AddressAndContactInfo_Page": null

2021-11-19 10:48:45 - [TEST_STEP][PASSED] - orPath_FilingStatus = "Object Repository/RAD_Pages/FilingStatus_Page": null

2021-11-19 10:48:45 - [TEST_STEP][PASSED] - orPath_Amount = "Object Repository/RAD_Pages/PaymentAmount_Page": null

2021-11-19 10:48:45 - [TEST_STEP][PASSED] - selectOptionByLabel(findTestObject(orPath_Landing + "/dd_TaxType"), Taxtype, false): All options with label 'Estimated Tax' are selected in object 'Object Repository/RAD_Pages/Landing_Page/dd_TaxType' 

2021-11-19 10:48:45 - [MESSAGE][PASSED] - All options with label 'Estimated Tax' are selected in object 'Object Repository/RAD_Pages/Landing_Page/dd_TaxType' 

2021-11-19 10:48:45 - [TEST_STEP][PASSED] - scrollToElement(findTestObject(orPath_Amount + "/input__paymentAmount"), 3): Scroll to object 'Object Repository/RAD_Pages/PaymentAmount_Page/input__paymentAmount' successfully

2021-11-19 10:48:46 - [MESSAGE][PASSED] - Scroll to object 'Object Repository/RAD_Pages/PaymentAmount_Page/input__paymentAmount' successfully

2021-11-19 10:48:46 - [TEST_STEP][PASSED] - setText(findTestObject(orPath_AddressContact + "/input_eMailAddress"), "imtiazster@gmail.com"): Text 'imtiazster@gmail.com' is set on object 'Object Repository/RAD_Pages/AddressAndContactInfo_Page/input_eMailAddress'

2021-11-19 10:48:47 - [MESSAGE][PASSED] - Text 'imtiazster@gmail.com' is set on object 'Object Repository/RAD_Pages/AddressAndContactInfo_Page/input_eMailAddress'

2021-11-19 10:48:47 - [TEST_STEP][PASSED] - setText(findTestObject(orPath_AddressContact + "/input_reEnterEMailAddress"), "iahmed@govolution.com"): Text 'iahmed@govolution.com' is set on object 'Object Repository/RAD_Pages/AddressAndContactInfo_Page/input_reEnterEMailAddress'

2021-11-19 10:48:48 - [MESSAGE][PASSED] - Text 'iahmed@govolution.com' is set on object 'Object Repository/RAD_Pages/AddressAndContactInfo_Page/input_reEnterEMailAddress'

2021-11-19 10:48:48 - [TEST_STEP][PASSED] - delay(2): Delayed 2 second(s)

2021-11-19 10:48:50 - [MESSAGE][PASSED] - Delayed 2 second(s)

2021-11-19 10:48:50 - [TEST_STEP][PASSED] - if (verifyTextPresent("The Email and Re-enter email do not match", true)): null

2021-11-19 10:48:50 - [MESSAGE][PASSED] - Text 'The Email and Re-enter email do not match' is present on page  using regular expression

2021-11-19 10:48:50 - [TEST_STEP][PASSED] - println("Emails Dont match text is present"): null

2021-11-19 10:48:50 - [TEST_STEP][PASSED] - out.println("Pass Record Number: " + row): null

2021-11-19 10:48:50 - [TEST_STEP][PASSED] - resText = "Pass": null

2021-11-19 10:48:50 - [TEST_STEP][PASSED] - pages.WriteExcel.demoKey(resText, datText, resColumn, datCloumn, fileLoc, nameSheet, row): pages.WriteExcel.demoKey is PASSED

2021-11-19 10:48:50 - [MESSAGE][PASSED] - pages.WriteExcel.demoKey is PASSED

2021-11-19 10:48:50 - [TEST_STEP][PASSED] - ExecuteTC = findTestData(dataFile).getValue("Execute", row): null

2021-11-19 10:48:50 - [TEST_STEP][PASSED] - out.println("Value of Execute is : " + ExecuteTC): null

2021-11-19 10:48:50 - [TEST_STEP][PASSED] - if (ExecuteTC.equalsIgnoreCase("Y")): null

2021-11-19 10:48:50 - [TEST_STEP][PASSED] - out.println("Begin Record Number: " + row): null

2021-11-19 10:48:50 - [TEST_STEP][PASSED] - today = new java.util.Date(): null

2021-11-19 10:48:50 - [TEST_STEP][PASSED] - println(today): null

2021-11-19 10:48:50 - [TEST_STEP][PASSED] - datText = today: null

2021-11-19 10:48:50 - [TEST_STEP][PASSED] - Taxtype = findTestData(dataFile).getValue("TaxType", row): null

2021-11-19 10:48:50 - [TEST_STEP][PASSED] - out.println("Taxtype value is : " + Taxtype): null

2021-11-19 10:48:50 - [TEST_STEP][PASSED] - openBrowser(""): Browser is opened with url: ''

2021-11-19 10:48:51 - [MESSAGE][WARNING] - A browser is already opened. Closing browser and opening a new one

2021-11-19 10:48:51 - [MESSAGE][INFO] - Starting 'Chrome' driver

2021-11-19 10:48:51 - [MESSAGE][INFO] - User set preference: ['acceptInsecureCerts', 'true']

2021-11-19 10:48:51 - [MESSAGE][INFO] - Action delay is set to 0 milliseconds

2021-11-19 10:48:53 - [MESSAGE][PASSED] - Browser is opened with url: ''

2021-11-19 10:48:53 - [TEST_STEP][PASSED] - maximizeWindow(): Current window maximized

2021-11-19 10:48:53 - [MESSAGE][PASSED] - Current window maximized

2021-11-19 10:48:53 - [TEST_STEP][PASSED] - navigateToUrl(RADurl): Navigate to 'https://qa.velocitypayment.com/client/rad/index.html' successfully

2021-11-19 10:48:55 - [MESSAGE][PASSED] - Navigate to 'https://qa.velocitypayment.com/client/rad/index.html' successfully

2021-11-19 10:48:55 - [TEST_STEP][PASSED] - orPath_Landing = "Object Repository/RAD_Pages/Landing_Page": null

2021-11-19 10:48:55 - [TEST_STEP][PASSED] - orPath_TaxTypeFilingYear = "Object Repository/RAD_Pages/TaxTypeFilingYear_Page": null

2021-11-19 10:48:55 - [TEST_STEP][PASSED] - orPath_TaxPayer = "Object Repository/RAD_Pages/Taxpayer_Page": null

2021-11-19 10:48:55 - [TEST_STEP][PASSED] - orPath_AddressContact = "Object Repository/RAD_Pages/AddressAndContactInfo_Page": null

2021-11-19 10:48:55 - [TEST_STEP][PASSED] - orPath_FilingStatus = "Object Repository/RAD_Pages/FilingStatus_Page": null

2021-11-19 10:48:55 - [TEST_STEP][PASSED] - orPath_Amount = "Object Repository/RAD_Pages/PaymentAmount_Page": null

2021-11-19 10:48:55 - [TEST_STEP][PASSED] - selectOptionByLabel(findTestObject(orPath_Landing + "/dd_TaxType"), Taxtype, false): All options with label 'Personal Income Tax' are selected in object 'Object Repository/RAD_Pages/Landing_Page/dd_TaxType' 

2021-11-19 10:48:56 - [MESSAGE][PASSED] - All options with label 'Personal Income Tax' are selected in object 'Object Repository/RAD_Pages/Landing_Page/dd_TaxType' 

2021-11-19 10:48:56 - [TEST_STEP][PASSED] - scrollToElement(findTestObject(orPath_Amount + "/input__paymentAmount"), 3): Scroll to object 'Object Repository/RAD_Pages/PaymentAmount_Page/input__paymentAmount' successfully

2021-11-19 10:48:56 - [MESSAGE][PASSED] - Scroll to object 'Object Repository/RAD_Pages/PaymentAmount_Page/input__paymentAmount' successfully

2021-11-19 10:48:56 - [TEST_STEP][PASSED] - setText(findTestObject(orPath_AddressContact + "/input_eMailAddress"), "imtiazster@gmail.com"): Text 'imtiazster@gmail.com' is set on object 'Object Repository/RAD_Pages/AddressAndContactInfo_Page/input_eMailAddress'

2021-11-19 10:48:57 - [MESSAGE][PASSED] - Text 'imtiazster@gmail.com' is set on object 'Object Repository/RAD_Pages/AddressAndContactInfo_Page/input_eMailAddress'

2021-11-19 10:48:57 - [TEST_STEP][PASSED] - setText(findTestObject(orPath_AddressContact + "/input_reEnterEMailAddress"), "iahmed@govolution.com"): Text 'iahmed@govolution.com' is set on object 'Object Repository/RAD_Pages/AddressAndContactInfo_Page/input_reEnterEMailAddress'

2021-11-19 10:48:58 - [MESSAGE][PASSED] - Text 'iahmed@govolution.com' is set on object 'Object Repository/RAD_Pages/AddressAndContactInfo_Page/input_reEnterEMailAddress'

2021-11-19 10:48:58 - [TEST_STEP][PASSED] - delay(2): Delayed 2 second(s)

2021-11-19 10:49:00 - [MESSAGE][PASSED] - Delayed 2 second(s)

2021-11-19 10:49:00 - [TEST_STEP][PASSED] - if (verifyTextPresent("The Email and Re-enter email do not match", true)): null

2021-11-19 10:49:00 - [MESSAGE][PASSED] - Text 'The Email and Re-enter email do not match' is present on page  using regular expression

2021-11-19 10:49:00 - [TEST_STEP][PASSED] - println("Emails Dont match text is present"): null

2021-11-19 10:49:00 - [TEST_STEP][PASSED] - out.println("Pass Record Number: " + row): null

2021-11-19 10:49:00 - [TEST_STEP][PASSED] - resText = "Pass": null

2021-11-19 10:49:00 - [TEST_STEP][PASSED] - pages.WriteExcel.demoKey(resText, datText, resColumn, datCloumn, fileLoc, nameSheet, row): pages.WriteExcel.demoKey is PASSED

2021-11-19 10:49:00 - [MESSAGE][PASSED] - pages.WriteExcel.demoKey is PASSED

2021-11-19 10:49:00 - [TEST_STEP][PASSED] - ExecuteTC = findTestData(dataFile).getValue("Execute", row): null

2021-11-19 10:49:00 - [TEST_STEP][PASSED] - out.println("Value of Execute is : " + ExecuteTC): null

2021-11-19 10:49:00 - [TEST_STEP][PASSED] - if (ExecuteTC.equalsIgnoreCase("Y")): null

2021-11-19 10:49:00 - [TEST_STEP][PASSED] - out.println("Begin Record Number: " + row): null

2021-11-19 10:49:00 - [TEST_STEP][PASSED] - today = new java.util.Date(): null

2021-11-19 10:49:00 - [TEST_STEP][PASSED] - println(today): null

2021-11-19 10:49:00 - [TEST_STEP][PASSED] - datText = today: null

2021-11-19 10:49:00 - [TEST_STEP][PASSED] - Taxtype = findTestData(dataFile).getValue("TaxType", row): null

2021-11-19 10:49:00 - [TEST_STEP][PASSED] - out.println("Taxtype value is : " + Taxtype): null

2021-11-19 10:49:00 - [TEST_STEP][PASSED] - openBrowser(""): Browser is opened with url: ''

2021-11-19 10:49:00 - [MESSAGE][WARNING] - A browser is already opened. Closing browser and opening a new one

2021-11-19 10:49:01 - [MESSAGE][INFO] - Starting 'Chrome' driver

2021-11-19 10:49:01 - [MESSAGE][INFO] - User set preference: ['acceptInsecureCerts', 'true']

2021-11-19 10:49:01 - [MESSAGE][INFO] - Action delay is set to 0 milliseconds

2021-11-19 10:49:02 - [MESSAGE][PASSED] - Browser is opened with url: ''

2021-11-19 10:49:02 - [TEST_STEP][PASSED] - maximizeWindow(): Current window maximized

2021-11-19 10:49:03 - [MESSAGE][PASSED] - Current window maximized

2021-11-19 10:49:03 - [TEST_STEP][PASSED] - navigateToUrl(RADurl): Navigate to 'https://qa.velocitypayment.com/client/rad/index.html' successfully

2021-11-19 10:49:05 - [MESSAGE][PASSED] - Navigate to 'https://qa.velocitypayment.com/client/rad/index.html' successfully

2021-11-19 10:49:05 - [TEST_STEP][PASSED] - orPath_Landing = "Object Repository/RAD_Pages/Landing_Page": null

2021-11-19 10:49:05 - [TEST_STEP][PASSED] - orPath_TaxTypeFilingYear = "Object Repository/RAD_Pages/TaxTypeFilingYear_Page": null

2021-11-19 10:49:05 - [TEST_STEP][PASSED] - orPath_TaxPayer = "Object Repository/RAD_Pages/Taxpayer_Page": null

2021-11-19 10:49:05 - [TEST_STEP][PASSED] - orPath_AddressContact = "Object Repository/RAD_Pages/AddressAndContactInfo_Page": null

2021-11-19 10:49:05 - [TEST_STEP][PASSED] - orPath_FilingStatus = "Object Repository/RAD_Pages/FilingStatus_Page": null

2021-11-19 10:49:05 - [TEST_STEP][PASSED] - orPath_Amount = "Object Repository/RAD_Pages/PaymentAmount_Page": null

2021-11-19 10:49:05 - [TEST_STEP][PASSED] - selectOptionByLabel(findTestObject(orPath_Landing + "/dd_TaxType"), Taxtype, false): All options with label 'Extension Payments' are selected in object 'Object Repository/RAD_Pages/Landing_Page/dd_TaxType' 

2021-11-19 10:49:05 - [MESSAGE][PASSED] - All options with label 'Extension Payments' are selected in object 'Object Repository/RAD_Pages/Landing_Page/dd_TaxType' 

2021-11-19 10:49:05 - [TEST_STEP][PASSED] - scrollToElement(findTestObject(orPath_Amount + "/input__paymentAmount"), 3): Scroll to object 'Object Repository/RAD_Pages/PaymentAmount_Page/input__paymentAmount' successfully

2021-11-19 10:49:06 - [MESSAGE][PASSED] - Scroll to object 'Object Repository/RAD_Pages/PaymentAmount_Page/input__paymentAmount' successfully

2021-11-19 10:49:06 - [TEST_STEP][PASSED] - setText(findTestObject(orPath_AddressContact + "/input_eMailAddress"), "imtiazster@gmail.com"): Text 'imtiazster@gmail.com' is set on object 'Object Repository/RAD_Pages/AddressAndContactInfo_Page/input_eMailAddress'

2021-11-19 10:49:07 - [MESSAGE][PASSED] - Text 'imtiazster@gmail.com' is set on object 'Object Repository/RAD_Pages/AddressAndContactInfo_Page/input_eMailAddress'

2021-11-19 10:49:07 - [TEST_STEP][PASSED] - setText(findTestObject(orPath_AddressContact + "/input_reEnterEMailAddress"), "iahmed@govolution.com"): Text 'iahmed@govolution.com' is set on object 'Object Repository/RAD_Pages/AddressAndContactInfo_Page/input_reEnterEMailAddress'

2021-11-19 10:49:07 - [MESSAGE][PASSED] - Text 'iahmed@govolution.com' is set on object 'Object Repository/RAD_Pages/AddressAndContactInfo_Page/input_reEnterEMailAddress'

2021-11-19 10:49:07 - [TEST_STEP][PASSED] - delay(2): Delayed 2 second(s)

2021-11-19 10:49:09 - [MESSAGE][PASSED] - Delayed 2 second(s)

2021-11-19 10:49:09 - [TEST_STEP][PASSED] - if (verifyTextPresent("The Email and Re-enter email do not match", true)): null

2021-11-19 10:49:10 - [MESSAGE][PASSED] - Text 'The Email and Re-enter email do not match' is present on page  using regular expression

2021-11-19 10:49:10 - [TEST_STEP][PASSED] - println("Emails Dont match text is present"): null

2021-11-19 10:49:10 - [TEST_STEP][PASSED] - out.println("Pass Record Number: " + row): null

2021-11-19 10:49:10 - [TEST_STEP][PASSED] - resText = "Pass": null

2021-11-19 10:49:10 - [TEST_STEP][PASSED] - pages.WriteExcel.demoKey(resText, datText, resColumn, datCloumn, fileLoc, nameSheet, row): pages.WriteExcel.demoKey is PASSED

2021-11-19 10:49:10 - [MESSAGE][PASSED] - pages.WriteExcel.demoKey is PASSED

2021-11-19 10:49:10 - [TEST_STEP][PASSED] - ExecuteTC = findTestData(dataFile).getValue("Execute", row): null

2021-11-19 10:49:10 - [TEST_STEP][PASSED] - out.println("Value of Execute is : " + ExecuteTC): null

2021-11-19 10:49:10 - [TEST_STEP][PASSED] - if (ExecuteTC.equalsIgnoreCase("Y")): null

2021-11-19 10:49:10 - [TEST_STEP][PASSED] - out.println("Begin Record Number: " + row): null

2021-11-19 10:49:10 - [TEST_STEP][PASSED] - today = new java.util.Date(): null

2021-11-19 10:49:10 - [TEST_STEP][PASSED] - println(today): null

2021-11-19 10:49:10 - [TEST_STEP][PASSED] - datText = today: null

2021-11-19 10:49:10 - [TEST_STEP][PASSED] - Taxtype = findTestData(dataFile).getValue("TaxType", row): null

2021-11-19 10:49:10 - [TEST_STEP][PASSED] - out.println("Taxtype value is : " + Taxtype): null

2021-11-19 10:49:10 - [TEST_STEP][PASSED] - openBrowser(""): Browser is opened with url: ''

2021-11-19 10:49:10 - [MESSAGE][WARNING] - A browser is already opened. Closing browser and opening a new one

2021-11-19 10:49:11 - [MESSAGE][INFO] - Starting 'Chrome' driver

2021-11-19 10:49:11 - [MESSAGE][INFO] - User set preference: ['acceptInsecureCerts', 'true']

2021-11-19 10:49:11 - [MESSAGE][INFO] - Action delay is set to 0 milliseconds

2021-11-19 10:49:12 - [MESSAGE][PASSED] - Browser is opened with url: ''

2021-11-19 10:49:12 - [TEST_STEP][PASSED] - maximizeWindow(): Current window maximized

2021-11-19 10:49:12 - [MESSAGE][PASSED] - Current window maximized

2021-11-19 10:49:12 - [TEST_STEP][PASSED] - navigateToUrl(RADurl): Navigate to 'https://qa.velocitypayment.com/client/rad/index.html' successfully

2021-11-19 10:49:14 - [MESSAGE][PASSED] - Navigate to 'https://qa.velocitypayment.com/client/rad/index.html' successfully

2021-11-19 10:49:14 - [TEST_STEP][PASSED] - orPath_Landing = "Object Repository/RAD_Pages/Landing_Page": null

2021-11-19 10:49:14 - [TEST_STEP][PASSED] - orPath_TaxTypeFilingYear = "Object Repository/RAD_Pages/TaxTypeFilingYear_Page": null

2021-11-19 10:49:14 - [TEST_STEP][PASSED] - orPath_TaxPayer = "Object Repository/RAD_Pages/Taxpayer_Page": null

2021-11-19 10:49:14 - [TEST_STEP][PASSED] - orPath_AddressContact = "Object Repository/RAD_Pages/AddressAndContactInfo_Page": null

2021-11-19 10:49:14 - [TEST_STEP][PASSED] - orPath_FilingStatus = "Object Repository/RAD_Pages/FilingStatus_Page": null

2021-11-19 10:49:14 - [TEST_STEP][PASSED] - orPath_Amount = "Object Repository/RAD_Pages/PaymentAmount_Page": null

2021-11-19 10:49:14 - [TEST_STEP][PASSED] - selectOptionByLabel(findTestObject(orPath_Landing + "/dd_TaxType"), Taxtype, false): All options with label 'Existing Liability' are selected in object 'Object Repository/RAD_Pages/Landing_Page/dd_TaxType' 

2021-11-19 10:49:15 - [MESSAGE][PASSED] - All options with label 'Existing Liability' are selected in object 'Object Repository/RAD_Pages/Landing_Page/dd_TaxType' 

2021-11-19 10:49:15 - [TEST_STEP][PASSED] - scrollToElement(findTestObject(orPath_Amount + "/input__paymentAmount"), 3): Scroll to object 'Object Repository/RAD_Pages/PaymentAmount_Page/input__paymentAmount' successfully

2021-11-19 10:49:16 - [MESSAGE][PASSED] - Scroll to object 'Object Repository/RAD_Pages/PaymentAmount_Page/input__paymentAmount' successfully

2021-11-19 10:49:16 - [TEST_STEP][PASSED] - setText(findTestObject(orPath_AddressContact + "/input_eMailAddress"), "imtiazster@gmail.com"): Text 'imtiazster@gmail.com' is set on object 'Object Repository/RAD_Pages/AddressAndContactInfo_Page/input_eMailAddress'

2021-11-19 10:49:17 - [MESSAGE][PASSED] - Text 'imtiazster@gmail.com' is set on object 'Object Repository/RAD_Pages/AddressAndContactInfo_Page/input_eMailAddress'

2021-11-19 10:49:17 - [TEST_STEP][PASSED] - setText(findTestObject(orPath_AddressContact + "/input_reEnterEMailAddress"), "iahmed@govolution.com"): Text 'iahmed@govolution.com' is set on object 'Object Repository/RAD_Pages/AddressAndContactInfo_Page/input_reEnterEMailAddress'

2021-11-19 10:49:17 - [MESSAGE][PASSED] - Text 'iahmed@govolution.com' is set on object 'Object Repository/RAD_Pages/AddressAndContactInfo_Page/input_reEnterEMailAddress'

2021-11-19 10:49:17 - [TEST_STEP][PASSED] - delay(2): Delayed 2 second(s)

2021-11-19 10:49:19 - [MESSAGE][PASSED] - Delayed 2 second(s)

2021-11-19 10:49:19 - [TEST_STEP][PASSED] - if (verifyTextPresent("The Email and Re-enter email do not match", true)): null

2021-11-19 10:49:20 - [MESSAGE][PASSED] - Text 'The Email and Re-enter email do not match' is present on page  using regular expression

2021-11-19 10:49:20 - [TEST_STEP][PASSED] - println("Emails Dont match text is present"): null

2021-11-19 10:49:20 - [TEST_STEP][PASSED] - out.println("Pass Record Number: " + row): null

2021-11-19 10:49:20 - [TEST_STEP][PASSED] - resText = "Pass": null

2021-11-19 10:49:20 - [TEST_STEP][PASSED] - pages.WriteExcel.demoKey(resText, datText, resColumn, datCloumn, fileLoc, nameSheet, row): pages.WriteExcel.demoKey is PASSED

2021-11-19 10:49:20 - [MESSAGE][PASSED] - pages.WriteExcel.demoKey is PASSED

2021-11-19 10:49:20 - [TEST_STEP][PASSED] - ExecuteTC = findTestData(dataFile).getValue("Execute", row): null

2021-11-19 10:49:20 - [TEST_STEP][PASSED] - out.println("Value of Execute is : " + ExecuteTC): null

2021-11-19 10:49:20 - [TEST_STEP][PASSED] - if (ExecuteTC.equalsIgnoreCase("Y")): null

2021-11-19 10:49:20 - [TEST_STEP][PASSED] - out.println("Begin Record Number: " + row): null

2021-11-19 10:49:20 - [TEST_STEP][PASSED] - today = new java.util.Date(): null

2021-11-19 10:49:20 - [TEST_STEP][PASSED] - println(today): null

2021-11-19 10:49:20 - [TEST_STEP][PASSED] - datText = today: null

2021-11-19 10:49:20 - [TEST_STEP][PASSED] - Taxtype = findTestData(dataFile).getValue("TaxType", row): null

2021-11-19 10:49:20 - [TEST_STEP][PASSED] - out.println("Taxtype value is : " + Taxtype): null

2021-11-19 10:49:20 - [TEST_STEP][PASSED] - openBrowser(""): Browser is opened with url: ''

2021-11-19 10:49:20 - [MESSAGE][WARNING] - A browser is already opened. Closing browser and opening a new one

2021-11-19 10:49:21 - [MESSAGE][INFO] - Starting 'Chrome' driver

2021-11-19 10:49:21 - [MESSAGE][INFO] - User set preference: ['acceptInsecureCerts', 'true']

2021-11-19 10:49:21 - [MESSAGE][INFO] - Action delay is set to 0 milliseconds

2021-11-19 10:49:22 - [MESSAGE][PASSED] - Browser is opened with url: ''

2021-11-19 10:49:22 - [TEST_STEP][PASSED] - maximizeWindow(): Current window maximized

2021-11-19 10:49:22 - [MESSAGE][PASSED] - Current window maximized

2021-11-19 10:49:22 - [TEST_STEP][PASSED] - navigateToUrl(RADurl): Navigate to 'https://qa.velocitypayment.com/client/rad/index.html' successfully

2021-11-19 10:49:24 - [MESSAGE][PASSED] - Navigate to 'https://qa.velocitypayment.com/client/rad/index.html' successfully

2021-11-19 10:49:24 - [TEST_STEP][PASSED] - orPath_Landing = "Object Repository/RAD_Pages/Landing_Page": null

2021-11-19 10:49:24 - [TEST_STEP][PASSED] - orPath_TaxTypeFilingYear = "Object Repository/RAD_Pages/TaxTypeFilingYear_Page": null

2021-11-19 10:49:24 - [TEST_STEP][PASSED] - orPath_TaxPayer = "Object Repository/RAD_Pages/Taxpayer_Page": null

2021-11-19 10:49:24 - [TEST_STEP][PASSED] - orPath_AddressContact = "Object Repository/RAD_Pages/AddressAndContactInfo_Page": null

2021-11-19 10:49:24 - [TEST_STEP][PASSED] - orPath_FilingStatus = "Object Repository/RAD_Pages/FilingStatus_Page": null

2021-11-19 10:49:24 - [TEST_STEP][PASSED] - orPath_Amount = "Object Repository/RAD_Pages/PaymentAmount_Page": null

2021-11-19 10:49:24 - [TEST_STEP][PASSED] - selectOptionByLabel(findTestObject(orPath_Landing + "/dd_TaxType"), Taxtype, false): All options with label 'Sales and Use' are selected in object 'Object Repository/RAD_Pages/Landing_Page/dd_TaxType' 

2021-11-19 10:49:25 - [MESSAGE][PASSED] - All options with label 'Sales and Use' are selected in object 'Object Repository/RAD_Pages/Landing_Page/dd_TaxType' 

2021-11-19 10:49:25 - [TEST_STEP][PASSED] - scrollToElement(findTestObject(orPath_Amount + "/input__paymentAmount"), 3): Scroll to object 'Object Repository/RAD_Pages/PaymentAmount_Page/input__paymentAmount' successfully

2021-11-19 10:49:26 - [MESSAGE][PASSED] - Scroll to object 'Object Repository/RAD_Pages/PaymentAmount_Page/input__paymentAmount' successfully

2021-11-19 10:49:26 - [TEST_STEP][PASSED] - setText(findTestObject(orPath_AddressContact + "/input_eMailAddress"), "imtiazster@gmail.com"): Text 'imtiazster@gmail.com' is set on object 'Object Repository/RAD_Pages/AddressAndContactInfo_Page/input_eMailAddress'

2021-11-19 10:49:27 - [MESSAGE][PASSED] - Text 'imtiazster@gmail.com' is set on object 'Object Repository/RAD_Pages/AddressAndContactInfo_Page/input_eMailAddress'

2021-11-19 10:49:27 - [TEST_STEP][PASSED] - setText(findTestObject(orPath_AddressContact + "/input_reEnterEMailAddress"), "iahmed@govolution.com"): Text 'iahmed@govolution.com' is set on object 'Object Repository/RAD_Pages/AddressAndContactInfo_Page/input_reEnterEMailAddress'

2021-11-19 10:49:27 - [MESSAGE][PASSED] - Text 'iahmed@govolution.com' is set on object 'Object Repository/RAD_Pages/AddressAndContactInfo_Page/input_reEnterEMailAddress'

2021-11-19 10:49:27 - [TEST_STEP][PASSED] - delay(2): Delayed 2 second(s)

2021-11-19 10:49:29 - [MESSAGE][PASSED] - Delayed 2 second(s)

2021-11-19 10:49:29 - [TEST_STEP][PASSED] - if (verifyTextPresent("The Email and Re-enter email do not match", true)): null

2021-11-19 10:49:30 - [MESSAGE][PASSED] - Text 'The Email and Re-enter email do not match' is present on page  using regular expression

2021-11-19 10:49:30 - [TEST_STEP][PASSED] - println("Emails Dont match text is present"): null

2021-11-19 10:49:30 - [TEST_STEP][PASSED] - out.println("Pass Record Number: " + row): null

2021-11-19 10:49:30 - [TEST_STEP][PASSED] - resText = "Pass": null

2021-11-19 10:49:30 - [TEST_STEP][PASSED] - pages.WriteExcel.demoKey(resText, datText, resColumn, datCloumn, fileLoc, nameSheet, row): pages.WriteExcel.demoKey is PASSED

2021-11-19 10:49:30 - [MESSAGE][PASSED] - pages.WriteExcel.demoKey is PASSED

2021-11-19 10:49:30 - [TEST_STEP][PASSED] - ExecuteTC = findTestData(dataFile).getValue("Execute", row): null

2021-11-19 10:49:30 - [TEST_STEP][PASSED] - out.println("Value of Execute is : " + ExecuteTC): null

2021-11-19 10:49:30 - [TEST_STEP][PASSED] - if (ExecuteTC.equalsIgnoreCase("Y")): null

2021-11-19 10:49:30 - [TEST_STEP][PASSED] - out.println("Begin Record Number: " + row): null

2021-11-19 10:49:30 - [TEST_STEP][PASSED] - today = new java.util.Date(): null

2021-11-19 10:49:30 - [TEST_STEP][PASSED] - println(today): null

2021-11-19 10:49:30 - [TEST_STEP][PASSED] - datText = today: null

2021-11-19 10:49:30 - [TEST_STEP][PASSED] - Taxtype = findTestData(dataFile).getValue("TaxType", row): null

2021-11-19 10:49:30 - [TEST_STEP][PASSED] - out.println("Taxtype value is : " + Taxtype): null

2021-11-19 10:49:30 - [TEST_STEP][PASSED] - openBrowser(""): Browser is opened with url: ''

2021-11-19 10:49:30 - [MESSAGE][WARNING] - A browser is already opened. Closing browser and opening a new one

2021-11-19 10:49:31 - [MESSAGE][INFO] - Starting 'Chrome' driver

2021-11-19 10:49:31 - [MESSAGE][INFO] - User set preference: ['acceptInsecureCerts', 'true']

2021-11-19 10:49:31 - [MESSAGE][INFO] - Action delay is set to 0 milliseconds

2021-11-19 10:49:32 - [MESSAGE][PASSED] - Browser is opened with url: ''

2021-11-19 10:49:32 - [TEST_STEP][PASSED] - maximizeWindow(): Current window maximized

2021-11-19 10:49:32 - [MESSAGE][PASSED] - Current window maximized

2021-11-19 10:49:32 - [TEST_STEP][PASSED] - navigateToUrl(RADurl): Navigate to 'https://qa.velocitypayment.com/client/rad/index.html' successfully

2021-11-19 10:49:35 - [MESSAGE][PASSED] - Navigate to 'https://qa.velocitypayment.com/client/rad/index.html' successfully

2021-11-19 10:49:35 - [TEST_STEP][PASSED] - orPath_Landing = "Object Repository/RAD_Pages/Landing_Page": null

2021-11-19 10:49:35 - [TEST_STEP][PASSED] - orPath_TaxTypeFilingYear = "Object Repository/RAD_Pages/TaxTypeFilingYear_Page": null

2021-11-19 10:49:35 - [TEST_STEP][PASSED] - orPath_TaxPayer = "Object Repository/RAD_Pages/Taxpayer_Page": null

2021-11-19 10:49:35 - [TEST_STEP][PASSED] - orPath_AddressContact = "Object Repository/RAD_Pages/AddressAndContactInfo_Page": null

2021-11-19 10:49:35 - [TEST_STEP][PASSED] - orPath_FilingStatus = "Object Repository/RAD_Pages/FilingStatus_Page": null

2021-11-19 10:49:35 - [TEST_STEP][PASSED] - orPath_Amount = "Object Repository/RAD_Pages/PaymentAmount_Page": null

2021-11-19 10:49:35 - [TEST_STEP][PASSED] - selectOptionByLabel(findTestObject(orPath_Landing + "/dd_TaxType"), Taxtype, false): All options with label 'Withholding Tax' are selected in object 'Object Repository/RAD_Pages/Landing_Page/dd_TaxType' 

2021-11-19 10:49:35 - [MESSAGE][PASSED] - All options with label 'Withholding Tax' are selected in object 'Object Repository/RAD_Pages/Landing_Page/dd_TaxType' 

2021-11-19 10:49:35 - [TEST_STEP][PASSED] - scrollToElement(findTestObject(orPath_Amount + "/input__paymentAmount"), 3): Scroll to object 'Object Repository/RAD_Pages/PaymentAmount_Page/input__paymentAmount' successfully

2021-11-19 10:49:36 - [MESSAGE][PASSED] - Scroll to object 'Object Repository/RAD_Pages/PaymentAmount_Page/input__paymentAmount' successfully

2021-11-19 10:49:36 - [TEST_STEP][PASSED] - setText(findTestObject(orPath_AddressContact + "/input_eMailAddress"), "imtiazster@gmail.com"): Text 'imtiazster@gmail.com' is set on object 'Object Repository/RAD_Pages/AddressAndContactInfo_Page/input_eMailAddress'

2021-11-19 10:49:37 - [MESSAGE][PASSED] - Text 'imtiazster@gmail.com' is set on object 'Object Repository/RAD_Pages/AddressAndContactInfo_Page/input_eMailAddress'

2021-11-19 10:49:37 - [TEST_STEP][PASSED] - setText(findTestObject(orPath_AddressContact + "/input_reEnterEMailAddress"), "iahmed@govolution.com"): Text 'iahmed@govolution.com' is set on object 'Object Repository/RAD_Pages/AddressAndContactInfo_Page/input_reEnterEMailAddress'

2021-11-19 10:49:37 - [MESSAGE][PASSED] - Text 'iahmed@govolution.com' is set on object 'Object Repository/RAD_Pages/AddressAndContactInfo_Page/input_reEnterEMailAddress'

2021-11-19 10:49:37 - [TEST_STEP][PASSED] - delay(2): Delayed 2 second(s)

2021-11-19 10:49:39 - [MESSAGE][PASSED] - Delayed 2 second(s)

2021-11-19 10:49:39 - [TEST_STEP][PASSED] - if (verifyTextPresent("The Email and Re-enter email do not match", true)): null

2021-11-19 10:49:40 - [MESSAGE][PASSED] - Text 'The Email and Re-enter email do not match' is present on page  using regular expression

2021-11-19 10:49:40 - [TEST_STEP][PASSED] - println("Emails Dont match text is present"): null

2021-11-19 10:49:40 - [TEST_STEP][PASSED] - out.println("Pass Record Number: " + row): null

2021-11-19 10:49:40 - [TEST_STEP][PASSED] - resText = "Pass": null

2021-11-19 10:49:40 - [TEST_STEP][PASSED] - pages.WriteExcel.demoKey(resText, datText, resColumn, datCloumn, fileLoc, nameSheet, row): pages.WriteExcel.demoKey is PASSED

2021-11-19 10:49:40 - [MESSAGE][PASSED] - pages.WriteExcel.demoKey is PASSED]]></system-out>
         <system-err><![CDATA[]]></system-err>
      </testcase>
      <testcase name="Test Cases/RAD_TestCases/Negative_TestCases/TaxPayerSSNNoMatch" time="31.057" classname="Test Cases/RAD_TestCases/Negative_TestCases/TaxPayerSSNNoMatch" status="PASSED">
         <system-out><![CDATA[2021-11-19 10:49:40 - [TEST_CASE][PASSED] - Test Cases/RAD_TestCases/Negative_TestCases/TaxPayerSSNNoMatch: Test Cases/RAD_TestCases/Negative_TestCases/TaxPayerSSNNoMatch

2021-11-19 10:49:40 - [TEST_STEP][PASSED] - resText = "Fail": null

2021-11-19 10:49:40 - [TEST_STEP][PASSED] - resColumn = "Result": null

2021-11-19 10:49:40 - [TEST_STEP][PASSED] - datCloumn = "Date": null

2021-11-19 10:49:40 - [TEST_STEP][PASSED] - fileLoc = "C:\KatalonData\RADTestData\TaxPayerSSNNoMatch.xlsx": null

2021-11-19 10:49:40 - [TEST_STEP][PASSED] - nameSheet = "Sheet1": null

2021-11-19 10:49:40 - [TEST_STEP][PASSED] - dataFile = "RADTestData/TaxPayerSSNNoMatch": null

2021-11-19 10:49:40 - [TEST_STEP][PASSED] - ExecuteTC = <not implemented yet for class: org.codehaus.groovy.ast.expr.EmptyExpression>: null

2021-11-19 10:49:40 - [TEST_STEP][PASSED] - Taxtype = <not implemented yet for class: org.codehaus.groovy.ast.expr.EmptyExpression>: null

2021-11-19 10:49:40 - [TEST_STEP][PASSED] - numOfRows = findTestData(dataFile).getRowNumbers(): null

2021-11-19 10:49:40 - [TEST_STEP][PASSED] - println("Number of Records: " + numOfRows): null

2021-11-19 10:49:40 - [TEST_STEP][PASSED] - for ([row = 1, row <= numOfRows, (row++)]): null

2021-11-19 10:49:40 - [TEST_STEP][PASSED] - ExecuteTC = findTestData(dataFile).getValue("Execute", row): null

2021-11-19 10:49:40 - [TEST_STEP][PASSED] - out.println("Value of Execute is : " + ExecuteTC): null

2021-11-19 10:49:40 - [TEST_STEP][PASSED] - if (ExecuteTC.equalsIgnoreCase("Y")): null

2021-11-19 10:49:40 - [TEST_STEP][PASSED] - out.println("Begin Record Number: " + row): null

2021-11-19 10:49:40 - [TEST_STEP][PASSED] - today = new java.util.Date(): null

2021-11-19 10:49:40 - [TEST_STEP][PASSED] - println(today): null

2021-11-19 10:49:40 - [TEST_STEP][PASSED] - datText = today: null

2021-11-19 10:49:40 - [TEST_STEP][PASSED] - Taxtype = findTestData(dataFile).getValue("TaxType", row): null

2021-11-19 10:49:40 - [TEST_STEP][PASSED] - out.println("Taxtype value is : " + Taxtype): null

2021-11-19 10:49:40 - [TEST_STEP][PASSED] - openBrowser(""): Browser is opened with url: ''

2021-11-19 10:49:40 - [MESSAGE][WARNING] - A browser is already opened. Closing browser and opening a new one

2021-11-19 10:49:41 - [MESSAGE][INFO] - Starting 'Chrome' driver

2021-11-19 10:49:41 - [MESSAGE][INFO] - User set preference: ['acceptInsecureCerts', 'true']

2021-11-19 10:49:41 - [MESSAGE][INFO] - Action delay is set to 0 milliseconds

2021-11-19 10:49:43 - [MESSAGE][PASSED] - Browser is opened with url: ''

2021-11-19 10:49:43 - [TEST_STEP][PASSED] - maximizeWindow(): Current window maximized

2021-11-19 10:49:43 - [MESSAGE][PASSED] - Current window maximized

2021-11-19 10:49:43 - [TEST_STEP][PASSED] - navigateToUrl(RADurl): Navigate to 'https://qa.velocitypayment.com/client/rad/index.html' successfully

2021-11-19 10:49:45 - [MESSAGE][PASSED] - Navigate to 'https://qa.velocitypayment.com/client/rad/index.html' successfully

2021-11-19 10:49:45 - [TEST_STEP][PASSED] - orPath_Landing = "Object Repository/RAD_Pages/Landing_Page": null

2021-11-19 10:49:45 - [TEST_STEP][PASSED] - orPath_TaxTypeFilingYear = "Object Repository/RAD_Pages/TaxTypeFilingYear_Page": null

2021-11-19 10:49:45 - [TEST_STEP][PASSED] - orPath_TaxPayer = "Object Repository/RAD_Pages/Taxpayer_Page": null

2021-11-19 10:49:45 - [TEST_STEP][PASSED] - orPath_AddressContact = "Object Repository/RAD_Pages/AddressAndContactInfo_Page": null

2021-11-19 10:49:45 - [TEST_STEP][PASSED] - orPath_FilingStatus = "Object Repository/RAD_Pages/FilingStatus_Page": null

2021-11-19 10:49:45 - [TEST_STEP][PASSED] - orPath_Amount = "Object Repository/RAD_Pages/PaymentAmount_Page": null

2021-11-19 10:49:45 - [TEST_STEP][PASSED] - selectOptionByLabel(findTestObject(orPath_Landing + "/dd_TaxType"), Taxtype, false): All options with label 'Estimated Tax' are selected in object 'Object Repository/RAD_Pages/Landing_Page/dd_TaxType' 

2021-11-19 10:49:45 - [MESSAGE][PASSED] - All options with label 'Estimated Tax' are selected in object 'Object Repository/RAD_Pages/Landing_Page/dd_TaxType' 

2021-11-19 10:49:45 - [TEST_STEP][PASSED] - scrollToElement(findTestObject(orPath_TaxPayer + "/input_firstName"), 3): Scroll to object 'Object Repository/RAD_Pages/Taxpayer_Page/input_firstName' successfully

2021-11-19 10:49:46 - [MESSAGE][PASSED] - Scroll to object 'Object Repository/RAD_Pages/Taxpayer_Page/input_firstName' successfully

2021-11-19 10:49:46 - [TEST_STEP][PASSED] - setText(findTestObject("RAD_RecordAndPlay/input_concatSSN"), "111111111"): Text '111111111' is set on object 'Object Repository/RAD_RecordAndPlay/input_concatSSN'

2021-11-19 10:49:46 - [MESSAGE][PASSED] - Text '111111111' is set on object 'Object Repository/RAD_RecordAndPlay/input_concatSSN'

2021-11-19 10:49:47 - [TEST_STEP][PASSED] - setText(findTestObject("RAD_RecordAndPlay/input_concatReSSN"), "222222222"): Text '222222222' is set on object 'Object Repository/RAD_RecordAndPlay/input_concatReSSN'

2021-11-19 10:49:47 - [MESSAGE][PASSED] - Text '222222222' is set on object 'Object Repository/RAD_RecordAndPlay/input_concatReSSN'

2021-11-19 10:49:47 - [TEST_STEP][PASSED] - setText(findTestObject(orPath_TaxPayer + "/input_lastName"), "Anderson"): Text 'Anderson' is set on object 'Object Repository/RAD_Pages/Taxpayer_Page/input_lastName'

2021-11-19 10:49:48 - [MESSAGE][PASSED] - Text 'Anderson' is set on object 'Object Repository/RAD_Pages/Taxpayer_Page/input_lastName'

2021-11-19 10:49:48 - [TEST_STEP][PASSED] - delay(2): Delayed 2 second(s)

2021-11-19 10:49:50 - [MESSAGE][PASSED] - Delayed 2 second(s)

2021-11-19 10:49:50 - [TEST_STEP][PASSED] - if (verifyTextPresent("The SSN and Re-type SSN do not match", true)): null

2021-11-19 10:49:51 - [MESSAGE][PASSED] - Text 'The SSN and Re-type SSN do not match' is present on page  using regular expression

2021-11-19 10:49:51 - [TEST_STEP][PASSED] - println("Taxpayer SSN Dont match text is present"): null

2021-11-19 10:49:51 - [TEST_STEP][PASSED] - out.println("Pass Record Number: " + row): null

2021-11-19 10:49:51 - [TEST_STEP][PASSED] - resText = "Pass": null

2021-11-19 10:49:51 - [TEST_STEP][PASSED] - pages.WriteExcel.demoKey(resText, datText, resColumn, datCloumn, fileLoc, nameSheet, row): pages.WriteExcel.demoKey is PASSED

2021-11-19 10:49:51 - [MESSAGE][PASSED] - pages.WriteExcel.demoKey is PASSED

2021-11-19 10:49:51 - [TEST_STEP][PASSED] - ExecuteTC = findTestData(dataFile).getValue("Execute", row): null

2021-11-19 10:49:51 - [TEST_STEP][PASSED] - out.println("Value of Execute is : " + ExecuteTC): null

2021-11-19 10:49:51 - [TEST_STEP][PASSED] - if (ExecuteTC.equalsIgnoreCase("Y")): null

2021-11-19 10:49:51 - [TEST_STEP][PASSED] - out.println("Begin Record Number: " + row): null

2021-11-19 10:49:51 - [TEST_STEP][PASSED] - today = new java.util.Date(): null

2021-11-19 10:49:51 - [TEST_STEP][PASSED] - println(today): null

2021-11-19 10:49:51 - [TEST_STEP][PASSED] - datText = today: null

2021-11-19 10:49:51 - [TEST_STEP][PASSED] - Taxtype = findTestData(dataFile).getValue("TaxType", row): null

2021-11-19 10:49:51 - [TEST_STEP][PASSED] - out.println("Taxtype value is : " + Taxtype): null

2021-11-19 10:49:51 - [TEST_STEP][PASSED] - openBrowser(""): Browser is opened with url: ''

2021-11-19 10:49:51 - [MESSAGE][WARNING] - A browser is already opened. Closing browser and opening a new one

2021-11-19 10:49:51 - [MESSAGE][INFO] - Starting 'Chrome' driver

2021-11-19 10:49:51 - [MESSAGE][INFO] - User set preference: ['acceptInsecureCerts', 'true']

2021-11-19 10:49:51 - [MESSAGE][INFO] - Action delay is set to 0 milliseconds

2021-11-19 10:49:53 - [MESSAGE][PASSED] - Browser is opened with url: ''

2021-11-19 10:49:53 - [TEST_STEP][PASSED] - maximizeWindow(): Current window maximized

2021-11-19 10:49:53 - [MESSAGE][PASSED] - Current window maximized

2021-11-19 10:49:53 - [TEST_STEP][PASSED] - navigateToUrl(RADurl): Navigate to 'https://qa.velocitypayment.com/client/rad/index.html' successfully

2021-11-19 10:49:55 - [MESSAGE][PASSED] - Navigate to 'https://qa.velocitypayment.com/client/rad/index.html' successfully

2021-11-19 10:49:55 - [TEST_STEP][PASSED] - orPath_Landing = "Object Repository/RAD_Pages/Landing_Page": null

2021-11-19 10:49:55 - [TEST_STEP][PASSED] - orPath_TaxTypeFilingYear = "Object Repository/RAD_Pages/TaxTypeFilingYear_Page": null

2021-11-19 10:49:55 - [TEST_STEP][PASSED] - orPath_TaxPayer = "Object Repository/RAD_Pages/Taxpayer_Page": null

2021-11-19 10:49:55 - [TEST_STEP][PASSED] - orPath_AddressContact = "Object Repository/RAD_Pages/AddressAndContactInfo_Page": null

2021-11-19 10:49:55 - [TEST_STEP][PASSED] - orPath_FilingStatus = "Object Repository/RAD_Pages/FilingStatus_Page": null

2021-11-19 10:49:55 - [TEST_STEP][PASSED] - orPath_Amount = "Object Repository/RAD_Pages/PaymentAmount_Page": null

2021-11-19 10:49:55 - [TEST_STEP][PASSED] - selectOptionByLabel(findTestObject(orPath_Landing + "/dd_TaxType"), Taxtype, false): All options with label 'Personal Income Tax' are selected in object 'Object Repository/RAD_Pages/Landing_Page/dd_TaxType' 

2021-11-19 10:49:56 - [MESSAGE][PASSED] - All options with label 'Personal Income Tax' are selected in object 'Object Repository/RAD_Pages/Landing_Page/dd_TaxType' 

2021-11-19 10:49:56 - [TEST_STEP][PASSED] - scrollToElement(findTestObject(orPath_TaxPayer + "/input_firstName"), 3): Scroll to object 'Object Repository/RAD_Pages/Taxpayer_Page/input_firstName' successfully

2021-11-19 10:49:56 - [MESSAGE][PASSED] - Scroll to object 'Object Repository/RAD_Pages/Taxpayer_Page/input_firstName' successfully

2021-11-19 10:49:56 - [TEST_STEP][PASSED] - setText(findTestObject("RAD_RecordAndPlay/input_concatSSN"), "111111111"): Text '111111111' is set on object 'Object Repository/RAD_RecordAndPlay/input_concatSSN'

2021-11-19 10:49:57 - [MESSAGE][PASSED] - Text '111111111' is set on object 'Object Repository/RAD_RecordAndPlay/input_concatSSN'

2021-11-19 10:49:57 - [TEST_STEP][PASSED] - setText(findTestObject("RAD_RecordAndPlay/input_concatReSSN"), "222222222"): Text '222222222' is set on object 'Object Repository/RAD_RecordAndPlay/input_concatReSSN'

2021-11-19 10:49:58 - [MESSAGE][PASSED] - Text '222222222' is set on object 'Object Repository/RAD_RecordAndPlay/input_concatReSSN'

2021-11-19 10:49:58 - [TEST_STEP][PASSED] - setText(findTestObject(orPath_TaxPayer + "/input_lastName"), "Anderson"): Text 'Anderson' is set on object 'Object Repository/RAD_Pages/Taxpayer_Page/input_lastName'

2021-11-19 10:49:59 - [MESSAGE][PASSED] - Text 'Anderson' is set on object 'Object Repository/RAD_Pages/Taxpayer_Page/input_lastName'

2021-11-19 10:49:59 - [TEST_STEP][PASSED] - delay(2): Delayed 2 second(s)

2021-11-19 10:50:01 - [MESSAGE][PASSED] - Delayed 2 second(s)

2021-11-19 10:50:01 - [TEST_STEP][PASSED] - if (verifyTextPresent("The SSN and Re-type SSN do not match", true)): null

2021-11-19 10:50:01 - [MESSAGE][PASSED] - Text 'The SSN and Re-type SSN do not match' is present on page  using regular expression

2021-11-19 10:50:01 - [TEST_STEP][PASSED] - println("Taxpayer SSN Dont match text is present"): null

2021-11-19 10:50:01 - [TEST_STEP][PASSED] - out.println("Pass Record Number: " + row): null

2021-11-19 10:50:01 - [TEST_STEP][PASSED] - resText = "Pass": null

2021-11-19 10:50:01 - [TEST_STEP][PASSED] - pages.WriteExcel.demoKey(resText, datText, resColumn, datCloumn, fileLoc, nameSheet, row): pages.WriteExcel.demoKey is PASSED

2021-11-19 10:50:01 - [MESSAGE][PASSED] - pages.WriteExcel.demoKey is PASSED

2021-11-19 10:50:01 - [TEST_STEP][PASSED] - ExecuteTC = findTestData(dataFile).getValue("Execute", row): null

2021-11-19 10:50:01 - [TEST_STEP][PASSED] - out.println("Value of Execute is : " + ExecuteTC): null

2021-11-19 10:50:01 - [TEST_STEP][PASSED] - if (ExecuteTC.equalsIgnoreCase("Y")): null

2021-11-19 10:50:01 - [TEST_STEP][PASSED] - out.println("Begin Record Number: " + row): null

2021-11-19 10:50:01 - [TEST_STEP][PASSED] - today = new java.util.Date(): null

2021-11-19 10:50:01 - [TEST_STEP][PASSED] - println(today): null

2021-11-19 10:50:01 - [TEST_STEP][PASSED] - datText = today: null

2021-11-19 10:50:01 - [TEST_STEP][PASSED] - Taxtype = findTestData(dataFile).getValue("TaxType", row): null

2021-11-19 10:50:01 - [TEST_STEP][PASSED] - out.println("Taxtype value is : " + Taxtype): null

2021-11-19 10:50:01 - [TEST_STEP][PASSED] - openBrowser(""): Browser is opened with url: ''

2021-11-19 10:50:01 - [MESSAGE][WARNING] - A browser is already opened. Closing browser and opening a new one

2021-11-19 10:50:02 - [MESSAGE][INFO] - Starting 'Chrome' driver

2021-11-19 10:50:02 - [MESSAGE][INFO] - User set preference: ['acceptInsecureCerts', 'true']

2021-11-19 10:50:02 - [MESSAGE][INFO] - Action delay is set to 0 milliseconds

2021-11-19 10:50:03 - [MESSAGE][PASSED] - Browser is opened with url: ''

2021-11-19 10:50:03 - [TEST_STEP][PASSED] - maximizeWindow(): Current window maximized

2021-11-19 10:50:04 - [MESSAGE][PASSED] - Current window maximized

2021-11-19 10:50:04 - [TEST_STEP][PASSED] - navigateToUrl(RADurl): Navigate to 'https://qa.velocitypayment.com/client/rad/index.html' successfully

2021-11-19 10:50:05 - [MESSAGE][PASSED] - Navigate to 'https://qa.velocitypayment.com/client/rad/index.html' successfully

2021-11-19 10:50:05 - [TEST_STEP][PASSED] - orPath_Landing = "Object Repository/RAD_Pages/Landing_Page": null

2021-11-19 10:50:05 - [TEST_STEP][PASSED] - orPath_TaxTypeFilingYear = "Object Repository/RAD_Pages/TaxTypeFilingYear_Page": null

2021-11-19 10:50:05 - [TEST_STEP][PASSED] - orPath_TaxPayer = "Object Repository/RAD_Pages/Taxpayer_Page": null

2021-11-19 10:50:05 - [TEST_STEP][PASSED] - orPath_AddressContact = "Object Repository/RAD_Pages/AddressAndContactInfo_Page": null

2021-11-19 10:50:05 - [TEST_STEP][PASSED] - orPath_FilingStatus = "Object Repository/RAD_Pages/FilingStatus_Page": null

2021-11-19 10:50:05 - [TEST_STEP][PASSED] - orPath_Amount = "Object Repository/RAD_Pages/PaymentAmount_Page": null

2021-11-19 10:50:05 - [TEST_STEP][PASSED] - selectOptionByLabel(findTestObject(orPath_Landing + "/dd_TaxType"), Taxtype, false): All options with label 'Extension Payments' are selected in object 'Object Repository/RAD_Pages/Landing_Page/dd_TaxType' 

2021-11-19 10:50:06 - [MESSAGE][PASSED] - All options with label 'Extension Payments' are selected in object 'Object Repository/RAD_Pages/Landing_Page/dd_TaxType' 

2021-11-19 10:50:06 - [TEST_STEP][PASSED] - scrollToElement(findTestObject(orPath_TaxPayer + "/input_firstName"), 3): Scroll to object 'Object Repository/RAD_Pages/Taxpayer_Page/input_firstName' successfully

2021-11-19 10:50:06 - [MESSAGE][PASSED] - Scroll to object 'Object Repository/RAD_Pages/Taxpayer_Page/input_firstName' successfully

2021-11-19 10:50:06 - [TEST_STEP][PASSED] - setText(findTestObject("RAD_RecordAndPlay/input_concatSSN"), "111111111"): Text '111111111' is set on object 'Object Repository/RAD_RecordAndPlay/input_concatSSN'

2021-11-19 10:50:07 - [MESSAGE][PASSED] - Text '111111111' is set on object 'Object Repository/RAD_RecordAndPlay/input_concatSSN'

2021-11-19 10:50:07 - [TEST_STEP][PASSED] - setText(findTestObject("RAD_RecordAndPlay/input_concatReSSN"), "222222222"): Text '222222222' is set on object 'Object Repository/RAD_RecordAndPlay/input_concatReSSN'

2021-11-19 10:50:07 - [MESSAGE][PASSED] - Text '222222222' is set on object 'Object Repository/RAD_RecordAndPlay/input_concatReSSN'

2021-11-19 10:50:07 - [TEST_STEP][PASSED] - setText(findTestObject(orPath_TaxPayer + "/input_lastName"), "Anderson"): Text 'Anderson' is set on object 'Object Repository/RAD_Pages/Taxpayer_Page/input_lastName'

2021-11-19 10:50:08 - [MESSAGE][PASSED] - Text 'Anderson' is set on object 'Object Repository/RAD_Pages/Taxpayer_Page/input_lastName'

2021-11-19 10:50:08 - [TEST_STEP][PASSED] - delay(2): Delayed 2 second(s)

2021-11-19 10:50:10 - [MESSAGE][PASSED] - Delayed 2 second(s)

2021-11-19 10:50:10 - [TEST_STEP][PASSED] - if (verifyTextPresent("The SSN and Re-type SSN do not match", true)): null

2021-11-19 10:50:11 - [MESSAGE][PASSED] - Text 'The SSN and Re-type SSN do not match' is present on page  using regular expression

2021-11-19 10:50:11 - [TEST_STEP][PASSED] - println("Taxpayer SSN Dont match text is present"): null

2021-11-19 10:50:11 - [TEST_STEP][PASSED] - out.println("Pass Record Number: " + row): null

2021-11-19 10:50:11 - [TEST_STEP][PASSED] - resText = "Pass": null

2021-11-19 10:50:11 - [TEST_STEP][PASSED] - pages.WriteExcel.demoKey(resText, datText, resColumn, datCloumn, fileLoc, nameSheet, row): pages.WriteExcel.demoKey is PASSED

2021-11-19 10:50:11 - [MESSAGE][PASSED] - pages.WriteExcel.demoKey is PASSED]]></system-out>
         <system-err><![CDATA[]]></system-err>
      </testcase>
      <testcase name="Test Cases/RAD_TestCases/Negative_TestCases/JointFilerSSNNoMatch" time="412.039" classname="Test Cases/RAD_TestCases/Negative_TestCases/JointFilerSSNNoMatch" status="PASSED">
         <system-out><![CDATA[2021-11-19 10:50:11 - [TEST_CASE][PASSED] - Test Cases/RAD_TestCases/Negative_TestCases/JointFilerSSNNoMatch: Test Cases/RAD_TestCases/Negative_TestCases/JointFilerSSNNoMatch

2021-11-19 10:50:11 - [TEST_STEP][PASSED] - orPath_Landing = "Object Repository/RAD_Pages/Landing_Page": null

2021-11-19 10:50:11 - [TEST_STEP][PASSED] - orPath_Amount = "Object Repository/RAD_Pages/PaymentAmount_Page": null

2021-11-19 10:50:11 - [TEST_STEP][PASSED] - orPath_FilingStatus = "Object Repository/RAD_Pages/FilingStatus_Page": null

2021-11-19 10:50:11 - [TEST_STEP][PASSED] - orPath_TaxPayer = "Object Repository/RAD_Pages/Taxpayer_Page": null

2021-11-19 10:50:11 - [TEST_STEP][PASSED] - taxTypeDropList = ["Estimated Tax", "Personal Income Tax", "Extension Payments"]: null

2021-11-19 10:50:11 - [TEST_STEP][PASSED] - listSize = taxTypeDropList.size(): null

2021-11-19 10:50:11 - [TEST_STEP][PASSED] - println(listSize): null

2021-11-19 10:50:11 - [TEST_STEP][PASSED] - for ([i = 0, i < listSize, (i++)]): Text 'The SSN and Re-type SSN do not match.' is present on page  using regular expression

2021-11-19 10:50:11 - [TEST_STEP][PASSED] - openBrowser(""): Browser is opened with url: ''

2021-11-19 10:50:11 - [MESSAGE][WARNING] - A browser is already opened. Closing browser and opening a new one

2021-11-19 10:50:12 - [MESSAGE][INFO] - Starting 'Chrome' driver

2021-11-19 10:50:12 - [MESSAGE][INFO] - User set preference: ['acceptInsecureCerts', 'true']

2021-11-19 10:50:12 - [MESSAGE][INFO] - Action delay is set to 0 milliseconds

2021-11-19 10:50:13 - [MESSAGE][PASSED] - Browser is opened with url: ''

2021-11-19 10:50:13 - [TEST_STEP][PASSED] - maximizeWindow(): Current window maximized

2021-11-19 10:50:14 - [MESSAGE][PASSED] - Current window maximized

2021-11-19 10:50:14 - [TEST_STEP][PASSED] - navigateToUrl(RADurl): Navigate to 'https://qa.velocitypayment.com/client/rad/index.html' successfully

2021-11-19 10:50:16 - [MESSAGE][PASSED] - Navigate to 'https://qa.velocitypayment.com/client/rad/index.html' successfully

2021-11-19 10:50:16 - [TEST_STEP][PASSED] - out.println("Value of taxTypeDropList : " + taxTypeDropList[i]): null

2021-11-19 10:50:16 - [TEST_STEP][PASSED] - selectOptionByLabel(findTestObject(orPath_Landing + "/dd_TaxType"), taxTypeDropList[i], false): All options with label 'Estimated Tax' are selected in object 'Object Repository/RAD_Pages/Landing_Page/dd_TaxType' 

2021-11-19 10:50:16 - [MESSAGE][PASSED] - All options with label 'Estimated Tax' are selected in object 'Object Repository/RAD_Pages/Landing_Page/dd_TaxType' 

2021-11-19 10:50:16 - [TEST_STEP][PASSED] - setText(findTestObject(orPath_TaxPayer + "/input_lastName"), "Anderson"): Text 'Anderson' is set on object 'Object Repository/RAD_Pages/Taxpayer_Page/input_lastName'

2021-11-19 10:50:17 - [MESSAGE][PASSED] - Text 'Anderson' is set on object 'Object Repository/RAD_Pages/Taxpayer_Page/input_lastName'

2021-11-19 10:50:17 - [TEST_STEP][PASSED] - setText(findTestObject("RAD_RecordAndPlay/input_concatSSN"), "123441234"): Text '123441234' is set on object 'Object Repository/RAD_RecordAndPlay/input_concatSSN'

2021-11-19 10:50:18 - [MESSAGE][PASSED] - Text '123441234' is set on object 'Object Repository/RAD_RecordAndPlay/input_concatSSN'

2021-11-19 10:50:18 - [TEST_STEP][PASSED] - setText(findTestObject("RAD_RecordAndPlay/input_concatReSSN"), "123441234"): Text '123441234' is set on object 'Object Repository/RAD_RecordAndPlay/input_concatReSSN'

2021-11-19 10:50:18 - [MESSAGE][PASSED] - Text '123441234' is set on object 'Object Repository/RAD_RecordAndPlay/input_concatReSSN'

2021-11-19 10:50:18 - [TEST_STEP][PASSED] - scrollToElement(findTestObject(orPath_Amount + "/input__paymentAmount"), 3): Scroll to object 'Object Repository/RAD_Pages/PaymentAmount_Page/input__paymentAmount' successfully

2021-11-19 10:50:19 - [MESSAGE][PASSED] - Scroll to object 'Object Repository/RAD_Pages/PaymentAmount_Page/input__paymentAmount' successfully

2021-11-19 10:50:19 - [TEST_STEP][PASSED] - waitForElementClickable(findTestObject(orPath_FilingStatus + "/input_userType_Joint"), 5): Object 'Object Repository/RAD_Pages/FilingStatus_Page/input_userType_Joint' is clickable

2021-11-19 10:50:19 - [MESSAGE][PASSED] - Object 'Object Repository/RAD_Pages/FilingStatus_Page/input_userType_Joint' is clickable

2021-11-19 10:50:19 - [TEST_STEP][PASSED] - click(findTestObject(orPath_FilingStatus + "/input_userType_Joint")): Object: 'Object Repository/RAD_Pages/FilingStatus_Page/input_userType_Joint' is clicked on

2021-11-19 10:50:20 - [MESSAGE][PASSED] - Object: 'Object Repository/RAD_Pages/FilingStatus_Page/input_userType_Joint' is clicked on

2021-11-19 10:50:20 - [TEST_STEP][PASSED] - setText(findTestObject(orPath_FilingStatus + "/input_jointLastName"), "Broad"): Text 'Broad' is set on object 'Object Repository/RAD_Pages/FilingStatus_Page/input_jointLastName'

2021-11-19 10:50:20 - [MESSAGE][PASSED] - Text 'Broad' is set on object 'Object Repository/RAD_Pages/FilingStatus_Page/input_jointLastName'

2021-11-19 10:50:20 - [TEST_STEP][PASSED] - setText(findTestObject("Object Repository/RAD_RecordAndPlay/input_JointFilerSSN"), "111116523"): Text '111116523' is set on object 'Object Repository/RAD_RecordAndPlay/input_JointFilerSSN'

2021-11-19 10:50:52 - [MESSAGE][INFO] - Unable to find the element located by 'By.xpath: //*[@id = 'data' and @name = 'Data' and @type = 'password' and @placeholder = 'Social Security Number']'. Please recheck the objects properties to make sure the desired element is located. 

2021-11-19 10:50:52 - [MESSAGE][WARNING] - [SELF-HEALING] Failed to find element with id 'Object Repository/RAD_RecordAndPlay/input_JointFilerSSN'. Try using Self-healing.

2021-11-19 10:50:52 - [MESSAGE][WARNING] - [SELF-HEALING] The current locator of test object 'Object Repository/RAD_RecordAndPlay/input_JointFilerSSN' was broken. Propose an alternative one: '//input[@id='data']'.

2021-11-19 10:51:23 - [MESSAGE][INFO] - Unable to find the element located by 'By.xpath: //*[@id = 'data' and @name = 'Data' and @type = 'password' and @placeholder = 'Social Security Number']'. Please recheck the objects properties to make sure the desired element is located. 

2021-11-19 10:51:23 - [MESSAGE][WARNING] - [SELF-HEALING] Failed to find element with id 'Object Repository/RAD_RecordAndPlay/input_JointFilerSSN'. Try using Self-healing.

2021-11-19 10:51:23 - [MESSAGE][WARNING] - [SELF-HEALING] The current locator of test object 'Object Repository/RAD_RecordAndPlay/input_JointFilerSSN' was broken. Propose an alternative one: '//input[@id='data']'.

2021-11-19 10:51:23 - [MESSAGE][PASSED] - Text '111116523' is set on object 'Object Repository/RAD_RecordAndPlay/input_JointFilerSSN'

2021-11-19 10:51:23 - [TEST_STEP][PASSED] - setText(findTestObject("Object Repository/RAD_RecordAndPlay/input_reTypeJointFilerSSN"), "222226523"): Text '222226523' is set on object 'Object Repository/RAD_RecordAndPlay/input_reTypeJointFilerSSN'

2021-11-19 10:51:54 - [MESSAGE][INFO] - Unable to find the element located by 'By.xpath: //*[@id = 'data' and @name = 'Data' and @type = 'password' and @placeholder = 'Re-Type SSN']'. Please recheck the objects properties to make sure the desired element is located. 

2021-11-19 10:51:54 - [MESSAGE][WARNING] - [SELF-HEALING] Failed to find element with id 'Object Repository/RAD_RecordAndPlay/input_reTypeJointFilerSSN'. Try using Self-healing.

2021-11-19 10:51:54 - [MESSAGE][WARNING] - [SELF-HEALING] The current locator of test object 'Object Repository/RAD_RecordAndPlay/input_reTypeJointFilerSSN' was broken. Propose an alternative one: '//input[@id='data']'.

2021-11-19 10:52:25 - [MESSAGE][INFO] - Unable to find the element located by 'By.xpath: //*[@id = 'data' and @name = 'Data' and @type = 'password' and @placeholder = 'Re-Type SSN']'. Please recheck the objects properties to make sure the desired element is located. 

2021-11-19 10:52:25 - [MESSAGE][WARNING] - [SELF-HEALING] Failed to find element with id 'Object Repository/RAD_RecordAndPlay/input_reTypeJointFilerSSN'. Try using Self-healing.

2021-11-19 10:52:25 - [MESSAGE][WARNING] - [SELF-HEALING] The current locator of test object 'Object Repository/RAD_RecordAndPlay/input_reTypeJointFilerSSN' was broken. Propose an alternative one: '//input[@id='data']'.

2021-11-19 10:52:25 - [MESSAGE][PASSED] - Text '222226523' is set on object 'Object Repository/RAD_RecordAndPlay/input_reTypeJointFilerSSN'

2021-11-19 10:52:25 - [TEST_STEP][PASSED] - setText(findTestObject(orPath_FilingStatus + "/input_jointSuffix"), ""): Text '' is set on object 'Object Repository/RAD_Pages/FilingStatus_Page/input_jointSuffix'

2021-11-19 10:52:26 - [MESSAGE][PASSED] - Text '' is set on object 'Object Repository/RAD_Pages/FilingStatus_Page/input_jointSuffix'

2021-11-19 10:52:26 - [TEST_STEP][PASSED] - delay(2): Delayed 2 second(s)

2021-11-19 10:52:28 - [MESSAGE][PASSED] - Delayed 2 second(s)

2021-11-19 10:52:28 - [TEST_STEP][PASSED] - verifyTextPresent("The SSN and Re-type SSN do not match.", true): Text 'The SSN and Re-type SSN do not match.' is present on page  using regular expression

2021-11-19 10:52:29 - [MESSAGE][PASSED] - Text 'The SSN and Re-type SSN do not match.' is present on page  using regular expression

2021-11-19 10:52:29 - [TEST_STEP][PASSED] - openBrowser(""): Browser is opened with url: ''

2021-11-19 10:52:29 - [MESSAGE][WARNING] - A browser is already opened. Closing browser and opening a new one

2021-11-19 10:52:29 - [MESSAGE][INFO] - Starting 'Chrome' driver

2021-11-19 10:52:29 - [MESSAGE][INFO] - User set preference: ['acceptInsecureCerts', 'true']

2021-11-19 10:52:29 - [MESSAGE][INFO] - Action delay is set to 0 milliseconds

2021-11-19 10:52:31 - [MESSAGE][PASSED] - Browser is opened with url: ''

2021-11-19 10:52:31 - [TEST_STEP][PASSED] - maximizeWindow(): Current window maximized

2021-11-19 10:52:31 - [MESSAGE][PASSED] - Current window maximized

2021-11-19 10:52:31 - [TEST_STEP][PASSED] - navigateToUrl(RADurl): Navigate to 'https://qa.velocitypayment.com/client/rad/index.html' successfully

2021-11-19 10:52:33 - [MESSAGE][PASSED] - Navigate to 'https://qa.velocitypayment.com/client/rad/index.html' successfully

2021-11-19 10:52:33 - [TEST_STEP][PASSED] - out.println("Value of taxTypeDropList : " + taxTypeDropList[i]): null

2021-11-19 10:52:33 - [TEST_STEP][PASSED] - selectOptionByLabel(findTestObject(orPath_Landing + "/dd_TaxType"), taxTypeDropList[i], false): All options with label 'Personal Income Tax' are selected in object 'Object Repository/RAD_Pages/Landing_Page/dd_TaxType' 

2021-11-19 10:52:34 - [MESSAGE][PASSED] - All options with label 'Personal Income Tax' are selected in object 'Object Repository/RAD_Pages/Landing_Page/dd_TaxType' 

2021-11-19 10:52:34 - [TEST_STEP][PASSED] - setText(findTestObject(orPath_TaxPayer + "/input_lastName"), "Anderson"): Text 'Anderson' is set on object 'Object Repository/RAD_Pages/Taxpayer_Page/input_lastName'

2021-11-19 10:52:34 - [MESSAGE][PASSED] - Text 'Anderson' is set on object 'Object Repository/RAD_Pages/Taxpayer_Page/input_lastName'

2021-11-19 10:52:34 - [TEST_STEP][PASSED] - setText(findTestObject("RAD_RecordAndPlay/input_concatSSN"), "123441234"): Text '123441234' is set on object 'Object Repository/RAD_RecordAndPlay/input_concatSSN'

2021-11-19 10:52:35 - [MESSAGE][PASSED] - Text '123441234' is set on object 'Object Repository/RAD_RecordAndPlay/input_concatSSN'

2021-11-19 10:52:35 - [TEST_STEP][PASSED] - setText(findTestObject("RAD_RecordAndPlay/input_concatReSSN"), "123441234"): Text '123441234' is set on object 'Object Repository/RAD_RecordAndPlay/input_concatReSSN'

2021-11-19 10:52:36 - [MESSAGE][PASSED] - Text '123441234' is set on object 'Object Repository/RAD_RecordAndPlay/input_concatReSSN'

2021-11-19 10:52:36 - [TEST_STEP][PASSED] - scrollToElement(findTestObject(orPath_Amount + "/input__paymentAmount"), 3): Scroll to object 'Object Repository/RAD_Pages/PaymentAmount_Page/input__paymentAmount' successfully

2021-11-19 10:52:36 - [MESSAGE][PASSED] - Scroll to object 'Object Repository/RAD_Pages/PaymentAmount_Page/input__paymentAmount' successfully

2021-11-19 10:52:36 - [TEST_STEP][PASSED] - waitForElementClickable(findTestObject(orPath_FilingStatus + "/input_userType_Joint"), 5): Object 'Object Repository/RAD_Pages/FilingStatus_Page/input_userType_Joint' is clickable

2021-11-19 10:52:36 - [MESSAGE][PASSED] - Object 'Object Repository/RAD_Pages/FilingStatus_Page/input_userType_Joint' is clickable

2021-11-19 10:52:36 - [TEST_STEP][PASSED] - click(findTestObject(orPath_FilingStatus + "/input_userType_Joint")): Object: 'Object Repository/RAD_Pages/FilingStatus_Page/input_userType_Joint' is clicked on

2021-11-19 10:52:37 - [MESSAGE][PASSED] - Object: 'Object Repository/RAD_Pages/FilingStatus_Page/input_userType_Joint' is clicked on

2021-11-19 10:52:37 - [TEST_STEP][PASSED] - setText(findTestObject(orPath_FilingStatus + "/input_jointLastName"), "Broad"): Text 'Broad' is set on object 'Object Repository/RAD_Pages/FilingStatus_Page/input_jointLastName'

2021-11-19 10:52:37 - [MESSAGE][PASSED] - Text 'Broad' is set on object 'Object Repository/RAD_Pages/FilingStatus_Page/input_jointLastName'

2021-11-19 10:52:37 - [TEST_STEP][PASSED] - setText(findTestObject("Object Repository/RAD_RecordAndPlay/input_JointFilerSSN"), "111116523"): Text '111116523' is set on object 'Object Repository/RAD_RecordAndPlay/input_JointFilerSSN'

2021-11-19 10:53:09 - [MESSAGE][INFO] - Unable to find the element located by 'By.xpath: //*[@id = 'data' and @name = 'Data' and @type = 'password' and @placeholder = 'Social Security Number']'. Please recheck the objects properties to make sure the desired element is located. 

2021-11-19 10:53:09 - [MESSAGE][WARNING] - [SELF-HEALING] Failed to find element with id 'Object Repository/RAD_RecordAndPlay/input_JointFilerSSN'. Try using Self-healing.

2021-11-19 10:53:09 - [MESSAGE][WARNING] - [SELF-HEALING] The current locator of test object 'Object Repository/RAD_RecordAndPlay/input_JointFilerSSN' was broken. Propose an alternative one: '//input[@id='data']'.

2021-11-19 10:53:40 - [MESSAGE][INFO] - Unable to find the element located by 'By.xpath: //*[@id = 'data' and @name = 'Data' and @type = 'password' and @placeholder = 'Social Security Number']'. Please recheck the objects properties to make sure the desired element is located. 

2021-11-19 10:53:40 - [MESSAGE][WARNING] - [SELF-HEALING] Failed to find element with id 'Object Repository/RAD_RecordAndPlay/input_JointFilerSSN'. Try using Self-healing.

2021-11-19 10:53:40 - [MESSAGE][WARNING] - [SELF-HEALING] The current locator of test object 'Object Repository/RAD_RecordAndPlay/input_JointFilerSSN' was broken. Propose an alternative one: '//input[@id='data']'.

2021-11-19 10:53:40 - [MESSAGE][PASSED] - Text '111116523' is set on object 'Object Repository/RAD_RecordAndPlay/input_JointFilerSSN'

2021-11-19 10:53:40 - [TEST_STEP][PASSED] - setText(findTestObject("Object Repository/RAD_RecordAndPlay/input_reTypeJointFilerSSN"), "222226523"): Text '222226523' is set on object 'Object Repository/RAD_RecordAndPlay/input_reTypeJointFilerSSN'

2021-11-19 10:54:11 - [MESSAGE][INFO] - Unable to find the element located by 'By.xpath: //*[@id = 'data' and @name = 'Data' and @type = 'password' and @placeholder = 'Re-Type SSN']'. Please recheck the objects properties to make sure the desired element is located. 

2021-11-19 10:54:11 - [MESSAGE][WARNING] - [SELF-HEALING] Failed to find element with id 'Object Repository/RAD_RecordAndPlay/input_reTypeJointFilerSSN'. Try using Self-healing.

2021-11-19 10:54:11 - [MESSAGE][WARNING] - [SELF-HEALING] The current locator of test object 'Object Repository/RAD_RecordAndPlay/input_reTypeJointFilerSSN' was broken. Propose an alternative one: '//input[@id='data']'.

2021-11-19 10:54:42 - [MESSAGE][INFO] - Unable to find the element located by 'By.xpath: //*[@id = 'data' and @name = 'Data' and @type = 'password' and @placeholder = 'Re-Type SSN']'. Please recheck the objects properties to make sure the desired element is located. 

2021-11-19 10:54:42 - [MESSAGE][WARNING] - [SELF-HEALING] Failed to find element with id 'Object Repository/RAD_RecordAndPlay/input_reTypeJointFilerSSN'. Try using Self-healing.

2021-11-19 10:54:43 - [MESSAGE][WARNING] - [SELF-HEALING] The current locator of test object 'Object Repository/RAD_RecordAndPlay/input_reTypeJointFilerSSN' was broken. Propose an alternative one: '//input[@id='data']'.

2021-11-19 10:54:43 - [MESSAGE][PASSED] - Text '222226523' is set on object 'Object Repository/RAD_RecordAndPlay/input_reTypeJointFilerSSN'

2021-11-19 10:54:43 - [TEST_STEP][PASSED] - setText(findTestObject(orPath_FilingStatus + "/input_jointSuffix"), ""): Text '' is set on object 'Object Repository/RAD_Pages/FilingStatus_Page/input_jointSuffix'

2021-11-19 10:54:43 - [MESSAGE][PASSED] - Text '' is set on object 'Object Repository/RAD_Pages/FilingStatus_Page/input_jointSuffix'

2021-11-19 10:54:43 - [TEST_STEP][PASSED] - delay(2): Delayed 2 second(s)

2021-11-19 10:54:45 - [MESSAGE][PASSED] - Delayed 2 second(s)

2021-11-19 10:54:45 - [TEST_STEP][PASSED] - verifyTextPresent("The SSN and Re-type SSN do not match.", true): Text 'The SSN and Re-type SSN do not match.' is present on page  using regular expression

2021-11-19 10:54:46 - [MESSAGE][PASSED] - Text 'The SSN and Re-type SSN do not match.' is present on page  using regular expression

2021-11-19 10:54:46 - [TEST_STEP][PASSED] - openBrowser(""): Browser is opened with url: ''

2021-11-19 10:54:46 - [MESSAGE][WARNING] - A browser is already opened. Closing browser and opening a new one

2021-11-19 10:54:47 - [MESSAGE][INFO] - Starting 'Chrome' driver

2021-11-19 10:54:47 - [MESSAGE][INFO] - User set preference: ['acceptInsecureCerts', 'true']

2021-11-19 10:54:47 - [MESSAGE][INFO] - Action delay is set to 0 milliseconds

2021-11-19 10:54:48 - [MESSAGE][PASSED] - Browser is opened with url: ''

2021-11-19 10:54:48 - [TEST_STEP][PASSED] - maximizeWindow(): Current window maximized

2021-11-19 10:54:48 - [MESSAGE][PASSED] - Current window maximized

2021-11-19 10:54:48 - [TEST_STEP][PASSED] - navigateToUrl(RADurl): Navigate to 'https://qa.velocitypayment.com/client/rad/index.html' successfully

2021-11-19 10:54:50 - [MESSAGE][PASSED] - Navigate to 'https://qa.velocitypayment.com/client/rad/index.html' successfully

2021-11-19 10:54:50 - [TEST_STEP][PASSED] - out.println("Value of taxTypeDropList : " + taxTypeDropList[i]): null

2021-11-19 10:54:50 - [TEST_STEP][PASSED] - selectOptionByLabel(findTestObject(orPath_Landing + "/dd_TaxType"), taxTypeDropList[i], false): All options with label 'Extension Payments' are selected in object 'Object Repository/RAD_Pages/Landing_Page/dd_TaxType' 

2021-11-19 10:54:51 - [MESSAGE][PASSED] - All options with label 'Extension Payments' are selected in object 'Object Repository/RAD_Pages/Landing_Page/dd_TaxType' 

2021-11-19 10:54:51 - [TEST_STEP][PASSED] - setText(findTestObject(orPath_TaxPayer + "/input_lastName"), "Anderson"): Text 'Anderson' is set on object 'Object Repository/RAD_Pages/Taxpayer_Page/input_lastName'

2021-11-19 10:54:52 - [MESSAGE][PASSED] - Text 'Anderson' is set on object 'Object Repository/RAD_Pages/Taxpayer_Page/input_lastName'

2021-11-19 10:54:52 - [TEST_STEP][PASSED] - setText(findTestObject("RAD_RecordAndPlay/input_concatSSN"), "123441234"): Text '123441234' is set on object 'Object Repository/RAD_RecordAndPlay/input_concatSSN'

2021-11-19 10:54:52 - [MESSAGE][PASSED] - Text '123441234' is set on object 'Object Repository/RAD_RecordAndPlay/input_concatSSN'

2021-11-19 10:54:52 - [TEST_STEP][PASSED] - setText(findTestObject("RAD_RecordAndPlay/input_concatReSSN"), "123441234"): Text '123441234' is set on object 'Object Repository/RAD_RecordAndPlay/input_concatReSSN'

2021-11-19 10:54:53 - [MESSAGE][PASSED] - Text '123441234' is set on object 'Object Repository/RAD_RecordAndPlay/input_concatReSSN'

2021-11-19 10:54:53 - [TEST_STEP][PASSED] - scrollToElement(findTestObject(orPath_Amount + "/input__paymentAmount"), 3): Scroll to object 'Object Repository/RAD_Pages/PaymentAmount_Page/input__paymentAmount' successfully

2021-11-19 10:54:53 - [MESSAGE][PASSED] - Scroll to object 'Object Repository/RAD_Pages/PaymentAmount_Page/input__paymentAmount' successfully

2021-11-19 10:54:53 - [TEST_STEP][PASSED] - waitForElementClickable(findTestObject(orPath_FilingStatus + "/input_userType_Joint"), 5): Object 'Object Repository/RAD_Pages/FilingStatus_Page/input_userType_Joint' is clickable

2021-11-19 10:54:54 - [MESSAGE][PASSED] - Object 'Object Repository/RAD_Pages/FilingStatus_Page/input_userType_Joint' is clickable

2021-11-19 10:54:54 - [TEST_STEP][PASSED] - click(findTestObject(orPath_FilingStatus + "/input_userType_Joint")): Object: 'Object Repository/RAD_Pages/FilingStatus_Page/input_userType_Joint' is clicked on

2021-11-19 10:54:54 - [MESSAGE][PASSED] - Object: 'Object Repository/RAD_Pages/FilingStatus_Page/input_userType_Joint' is clicked on

2021-11-19 10:54:54 - [TEST_STEP][PASSED] - setText(findTestObject(orPath_FilingStatus + "/input_jointLastName"), "Broad"): Text 'Broad' is set on object 'Object Repository/RAD_Pages/FilingStatus_Page/input_jointLastName'

2021-11-19 10:54:55 - [MESSAGE][PASSED] - Text 'Broad' is set on object 'Object Repository/RAD_Pages/FilingStatus_Page/input_jointLastName'

2021-11-19 10:54:55 - [TEST_STEP][PASSED] - setText(findTestObject("Object Repository/RAD_RecordAndPlay/input_JointFilerSSN"), "111116523"): Text '111116523' is set on object 'Object Repository/RAD_RecordAndPlay/input_JointFilerSSN'

2021-11-19 10:55:26 - [MESSAGE][INFO] - Unable to find the element located by 'By.xpath: //*[@id = 'data' and @name = 'Data' and @type = 'password' and @placeholder = 'Social Security Number']'. Please recheck the objects properties to make sure the desired element is located. 

2021-11-19 10:55:26 - [MESSAGE][WARNING] - [SELF-HEALING] Failed to find element with id 'Object Repository/RAD_RecordAndPlay/input_JointFilerSSN'. Try using Self-healing.

2021-11-19 10:55:26 - [MESSAGE][WARNING] - [SELF-HEALING] The current locator of test object 'Object Repository/RAD_RecordAndPlay/input_JointFilerSSN' was broken. Propose an alternative one: '//input[@id='data']'.

2021-11-19 10:55:57 - [MESSAGE][INFO] - Unable to find the element located by 'By.xpath: //*[@id = 'data' and @name = 'Data' and @type = 'password' and @placeholder = 'Social Security Number']'. Please recheck the objects properties to make sure the desired element is located. 

2021-11-19 10:55:57 - [MESSAGE][WARNING] - [SELF-HEALING] Failed to find element with id 'Object Repository/RAD_RecordAndPlay/input_JointFilerSSN'. Try using Self-healing.

2021-11-19 10:55:57 - [MESSAGE][WARNING] - [SELF-HEALING] The current locator of test object 'Object Repository/RAD_RecordAndPlay/input_JointFilerSSN' was broken. Propose an alternative one: '//input[@id='data']'.

2021-11-19 10:55:57 - [MESSAGE][PASSED] - Text '111116523' is set on object 'Object Repository/RAD_RecordAndPlay/input_JointFilerSSN'

2021-11-19 10:55:57 - [TEST_STEP][PASSED] - setText(findTestObject("Object Repository/RAD_RecordAndPlay/input_reTypeJointFilerSSN"), "222226523"): Text '222226523' is set on object 'Object Repository/RAD_RecordAndPlay/input_reTypeJointFilerSSN'

2021-11-19 10:56:29 - [MESSAGE][INFO] - Unable to find the element located by 'By.xpath: //*[@id = 'data' and @name = 'Data' and @type = 'password' and @placeholder = 'Re-Type SSN']'. Please recheck the objects properties to make sure the desired element is located. 

2021-11-19 10:56:29 - [MESSAGE][WARNING] - [SELF-HEALING] Failed to find element with id 'Object Repository/RAD_RecordAndPlay/input_reTypeJointFilerSSN'. Try using Self-healing.

2021-11-19 10:56:29 - [MESSAGE][WARNING] - [SELF-HEALING] The current locator of test object 'Object Repository/RAD_RecordAndPlay/input_reTypeJointFilerSSN' was broken. Propose an alternative one: '//input[@id='data']'.

2021-11-19 10:57:00 - [MESSAGE][INFO] - Unable to find the element located by 'By.xpath: //*[@id = 'data' and @name = 'Data' and @type = 'password' and @placeholder = 'Re-Type SSN']'. Please recheck the objects properties to make sure the desired element is located. 

2021-11-19 10:57:00 - [MESSAGE][WARNING] - [SELF-HEALING] Failed to find element with id 'Object Repository/RAD_RecordAndPlay/input_reTypeJointFilerSSN'. Try using Self-healing.

2021-11-19 10:57:00 - [MESSAGE][WARNING] - [SELF-HEALING] The current locator of test object 'Object Repository/RAD_RecordAndPlay/input_reTypeJointFilerSSN' was broken. Propose an alternative one: '//input[@id='data']'.

2021-11-19 10:57:00 - [MESSAGE][PASSED] - Text '222226523' is set on object 'Object Repository/RAD_RecordAndPlay/input_reTypeJointFilerSSN'

2021-11-19 10:57:00 - [TEST_STEP][PASSED] - setText(findTestObject(orPath_FilingStatus + "/input_jointSuffix"), ""): Text '' is set on object 'Object Repository/RAD_Pages/FilingStatus_Page/input_jointSuffix'

2021-11-19 10:57:01 - [MESSAGE][PASSED] - Text '' is set on object 'Object Repository/RAD_Pages/FilingStatus_Page/input_jointSuffix'

2021-11-19 10:57:01 - [TEST_STEP][PASSED] - delay(2): Delayed 2 second(s)

2021-11-19 10:57:03 - [MESSAGE][PASSED] - Delayed 2 second(s)

2021-11-19 10:57:03 - [TEST_STEP][PASSED] - verifyTextPresent("The SSN and Re-type SSN do not match.", true): Text 'The SSN and Re-type SSN do not match.' is present on page  using regular expression

2021-11-19 10:57:03 - [MESSAGE][PASSED] - Text 'The SSN and Re-type SSN do not match.' is present on page  using regular expression]]></system-out>
         <system-err><![CDATA[]]></system-err>
      </testcase>
      <testcase name="Test Cases/RAD_TestCases/Negative_TestCases/SSNjointFilerMoreThan9Error" time="400.751" classname="Test Cases/RAD_TestCases/Negative_TestCases/SSNjointFilerMoreThan9Error" status="PASSED">
         <system-out><![CDATA[2021-11-19 10:57:03 - [TEST_CASE][PASSED] - Test Cases/RAD_TestCases/Negative_TestCases/SSNjointFilerMoreThan9Error: Test Cases/RAD_TestCases/Negative_TestCases/SSNjointFilerMoreThan9Error

2021-11-19 10:57:03 - [TEST_STEP][PASSED] - orPath_Landing = "Object Repository/RAD_Pages/Landing_Page": null

2021-11-19 10:57:03 - [TEST_STEP][PASSED] - orPath_Amount = "Object Repository/RAD_Pages/PaymentAmount_Page": null

2021-11-19 10:57:03 - [TEST_STEP][PASSED] - orPath_FilingStatus = "Object Repository/RAD_Pages/FilingStatus_Page": null

2021-11-19 10:57:03 - [TEST_STEP][PASSED] - orPath_TaxPayer = "Object Repository/RAD_Pages/Taxpayer_Page": null

2021-11-19 10:57:03 - [TEST_STEP][PASSED] - orPath_TaxInfo = "Object Repository/RAD_Pages/TaxInfo_Page": null

2021-11-19 10:57:03 - [TEST_STEP][PASSED] - taxTypeDropList = ["Estimated Tax", "Personal Income Tax", "Extension Payments"]: null

2021-11-19 10:57:03 - [TEST_STEP][PASSED] - listSize = taxTypeDropList.size(): null

2021-11-19 10:57:03 - [TEST_STEP][PASSED] - println(listSize): null

2021-11-19 10:57:03 - [TEST_STEP][PASSED] - for ([i = 0, i < listSize, (i++)]): Browser is closed

2021-11-19 10:57:03 - [TEST_STEP][PASSED] - openBrowser(""): Browser is opened with url: ''

2021-11-19 10:57:03 - [MESSAGE][WARNING] - A browser is already opened. Closing browser and opening a new one

2021-11-19 10:57:04 - [MESSAGE][INFO] - Starting 'Chrome' driver

2021-11-19 10:57:04 - [MESSAGE][INFO] - User set preference: ['acceptInsecureCerts', 'true']

2021-11-19 10:57:04 - [MESSAGE][INFO] - Action delay is set to 0 milliseconds

2021-11-19 10:57:06 - [MESSAGE][PASSED] - Browser is opened with url: ''

2021-11-19 10:57:06 - [TEST_STEP][PASSED] - maximizeWindow(): Current window maximized

2021-11-19 10:57:06 - [MESSAGE][PASSED] - Current window maximized

2021-11-19 10:57:06 - [TEST_STEP][PASSED] - navigateToUrl(RADurl): Navigate to 'https://qa.velocitypayment.com/client/rad/index.html' successfully

2021-11-19 10:57:08 - [MESSAGE][PASSED] - Navigate to 'https://qa.velocitypayment.com/client/rad/index.html' successfully

2021-11-19 10:57:08 - [TEST_STEP][PASSED] - out.println("Value of taxTypeDropList : " + taxTypeDropList[i]): null

2021-11-19 10:57:08 - [TEST_STEP][PASSED] - selectOptionByLabel(findTestObject(orPath_Landing + "/dd_TaxType"), taxTypeDropList[i], false): All options with label 'Estimated Tax' are selected in object 'Object Repository/RAD_Pages/Landing_Page/dd_TaxType' 

2021-11-19 10:57:09 - [MESSAGE][PASSED] - All options with label 'Estimated Tax' are selected in object 'Object Repository/RAD_Pages/Landing_Page/dd_TaxType' 

2021-11-19 10:57:09 - [TEST_STEP][PASSED] - scrollToElement(findTestObject(orPath_Amount + "/input__paymentAmount"), 3): Scroll to object 'Object Repository/RAD_Pages/PaymentAmount_Page/input__paymentAmount' successfully

2021-11-19 10:57:09 - [MESSAGE][PASSED] - Scroll to object 'Object Repository/RAD_Pages/PaymentAmount_Page/input__paymentAmount' successfully

2021-11-19 10:57:09 - [TEST_STEP][PASSED] - waitForElementClickable(findTestObject(orPath_FilingStatus + "/input_userType_Joint"), 5): Object 'Object Repository/RAD_Pages/FilingStatus_Page/input_userType_Joint' is clickable

2021-11-19 10:57:09 - [MESSAGE][PASSED] - Object 'Object Repository/RAD_Pages/FilingStatus_Page/input_userType_Joint' is clickable

2021-11-19 10:57:09 - [TEST_STEP][PASSED] - click(findTestObject(orPath_FilingStatus + "/input_userType_Joint")): Object: 'Object Repository/RAD_Pages/FilingStatus_Page/input_userType_Joint' is clicked on

2021-11-19 10:57:10 - [MESSAGE][PASSED] - Object: 'Object Repository/RAD_Pages/FilingStatus_Page/input_userType_Joint' is clicked on

2021-11-19 10:57:10 - [TEST_STEP][PASSED] - setText(findTestObject(orPath_FilingStatus + "/input_jointLastName"), "Stokes"): Text 'Stokes' is set on object 'Object Repository/RAD_Pages/FilingStatus_Page/input_jointLastName'

2021-11-19 10:57:11 - [MESSAGE][PASSED] - Text 'Stokes' is set on object 'Object Repository/RAD_Pages/FilingStatus_Page/input_jointLastName'

2021-11-19 10:57:11 - [TEST_STEP][PASSED] - setText(findTestObject("Object Repository/RAD_RecordAndPlay/input_JointFilerSSN"), "1234532100"): Text '1234532100' is set on object 'Object Repository/RAD_RecordAndPlay/input_JointFilerSSN'

2021-11-19 10:57:42 - [MESSAGE][INFO] - Unable to find the element located by 'By.xpath: //*[@id = 'data' and @name = 'Data' and @type = 'password' and @placeholder = 'Social Security Number']'. Please recheck the objects properties to make sure the desired element is located. 

2021-11-19 10:57:42 - [MESSAGE][WARNING] - [SELF-HEALING] Failed to find element with id 'Object Repository/RAD_RecordAndPlay/input_JointFilerSSN'. Try using Self-healing.

2021-11-19 10:57:42 - [MESSAGE][WARNING] - [SELF-HEALING] The current locator of test object 'Object Repository/RAD_RecordAndPlay/input_JointFilerSSN' was broken. Propose an alternative one: '//input[@id='data']'.

2021-11-19 10:58:13 - [MESSAGE][INFO] - Unable to find the element located by 'By.xpath: //*[@id = 'data' and @name = 'Data' and @type = 'password' and @placeholder = 'Social Security Number']'. Please recheck the objects properties to make sure the desired element is located. 

2021-11-19 10:58:13 - [MESSAGE][WARNING] - [SELF-HEALING] Failed to find element with id 'Object Repository/RAD_RecordAndPlay/input_JointFilerSSN'. Try using Self-healing.

2021-11-19 10:58:13 - [MESSAGE][WARNING] - [SELF-HEALING] The current locator of test object 'Object Repository/RAD_RecordAndPlay/input_JointFilerSSN' was broken. Propose an alternative one: '//input[@id='data']'.

2021-11-19 10:58:13 - [MESSAGE][PASSED] - Text '1234532100' is set on object 'Object Repository/RAD_RecordAndPlay/input_JointFilerSSN'

2021-11-19 10:58:13 - [TEST_STEP][PASSED] - setText(findTestObject("Object Repository/RAD_RecordAndPlay/input_reTypeJointFilerSSN"), ""): Text '' is set on object 'Object Repository/RAD_RecordAndPlay/input_reTypeJointFilerSSN'

2021-11-19 10:58:45 - [MESSAGE][INFO] - Unable to find the element located by 'By.xpath: //*[@id = 'data' and @name = 'Data' and @type = 'password' and @placeholder = 'Re-Type SSN']'. Please recheck the objects properties to make sure the desired element is located. 

2021-11-19 10:58:45 - [MESSAGE][WARNING] - [SELF-HEALING] Failed to find element with id 'Object Repository/RAD_RecordAndPlay/input_reTypeJointFilerSSN'. Try using Self-healing.

2021-11-19 10:58:45 - [MESSAGE][WARNING] - [SELF-HEALING] The current locator of test object 'Object Repository/RAD_RecordAndPlay/input_reTypeJointFilerSSN' was broken. Propose an alternative one: '//input[@id='data']'.

2021-11-19 10:59:16 - [MESSAGE][INFO] - Unable to find the element located by 'By.xpath: //*[@id = 'data' and @name = 'Data' and @type = 'password' and @placeholder = 'Re-Type SSN']'. Please recheck the objects properties to make sure the desired element is located. 

2021-11-19 10:59:16 - [MESSAGE][WARNING] - [SELF-HEALING] Failed to find element with id 'Object Repository/RAD_RecordAndPlay/input_reTypeJointFilerSSN'. Try using Self-healing.

2021-11-19 10:59:16 - [MESSAGE][WARNING] - [SELF-HEALING] The current locator of test object 'Object Repository/RAD_RecordAndPlay/input_reTypeJointFilerSSN' was broken. Propose an alternative one: '//input[@id='data']'.

2021-11-19 10:59:16 - [MESSAGE][PASSED] - Text '' is set on object 'Object Repository/RAD_RecordAndPlay/input_reTypeJointFilerSSN'

2021-11-19 10:59:16 - [TEST_STEP][PASSED] - verifyTextPresent("Please enter a valid SSN with 9 digits.", true): Text 'Please enter a valid SSN with 9 digits.' is present on page  using regular expression

2021-11-19 10:59:16 - [MESSAGE][PASSED] - Text 'Please enter a valid SSN with 9 digits.' is present on page  using regular expression

2021-11-19 10:59:16 - [TEST_STEP][PASSED] - closeBrowser(): Browser is closed

2021-11-19 10:59:17 - [MESSAGE][PASSED] - Browser is closed

2021-11-19 10:59:17 - [TEST_STEP][PASSED] - openBrowser(""): Browser is opened with url: ''

2021-11-19 10:59:17 - [MESSAGE][INFO] - Starting 'Chrome' driver

2021-11-19 10:59:17 - [MESSAGE][INFO] - User set preference: ['acceptInsecureCerts', 'true']

2021-11-19 10:59:17 - [MESSAGE][INFO] - Action delay is set to 0 milliseconds

2021-11-19 10:59:19 - [MESSAGE][PASSED] - Browser is opened with url: ''

2021-11-19 10:59:19 - [TEST_STEP][PASSED] - maximizeWindow(): Current window maximized

2021-11-19 10:59:19 - [MESSAGE][PASSED] - Current window maximized

2021-11-19 10:59:19 - [TEST_STEP][PASSED] - navigateToUrl(RADurl): Navigate to 'https://qa.velocitypayment.com/client/rad/index.html' successfully

2021-11-19 10:59:21 - [MESSAGE][PASSED] - Navigate to 'https://qa.velocitypayment.com/client/rad/index.html' successfully

2021-11-19 10:59:21 - [TEST_STEP][PASSED] - out.println("Value of taxTypeDropList : " + taxTypeDropList[i]): null

2021-11-19 10:59:21 - [TEST_STEP][PASSED] - selectOptionByLabel(findTestObject(orPath_Landing + "/dd_TaxType"), taxTypeDropList[i], false): All options with label 'Personal Income Tax' are selected in object 'Object Repository/RAD_Pages/Landing_Page/dd_TaxType' 

2021-11-19 10:59:22 - [MESSAGE][PASSED] - All options with label 'Personal Income Tax' are selected in object 'Object Repository/RAD_Pages/Landing_Page/dd_TaxType' 

2021-11-19 10:59:22 - [TEST_STEP][PASSED] - scrollToElement(findTestObject(orPath_Amount + "/input__paymentAmount"), 3): Scroll to object 'Object Repository/RAD_Pages/PaymentAmount_Page/input__paymentAmount' successfully

2021-11-19 10:59:22 - [MESSAGE][PASSED] - Scroll to object 'Object Repository/RAD_Pages/PaymentAmount_Page/input__paymentAmount' successfully

2021-11-19 10:59:22 - [TEST_STEP][PASSED] - waitForElementClickable(findTestObject(orPath_FilingStatus + "/input_userType_Joint"), 5): Object 'Object Repository/RAD_Pages/FilingStatus_Page/input_userType_Joint' is clickable

2021-11-19 10:59:22 - [MESSAGE][PASSED] - Object 'Object Repository/RAD_Pages/FilingStatus_Page/input_userType_Joint' is clickable

2021-11-19 10:59:22 - [TEST_STEP][PASSED] - click(findTestObject(orPath_FilingStatus + "/input_userType_Joint")): Object: 'Object Repository/RAD_Pages/FilingStatus_Page/input_userType_Joint' is clicked on

2021-11-19 10:59:23 - [MESSAGE][PASSED] - Object: 'Object Repository/RAD_Pages/FilingStatus_Page/input_userType_Joint' is clicked on

2021-11-19 10:59:23 - [TEST_STEP][PASSED] - setText(findTestObject(orPath_FilingStatus + "/input_jointLastName"), "Stokes"): Text 'Stokes' is set on object 'Object Repository/RAD_Pages/FilingStatus_Page/input_jointLastName'

2021-11-19 10:59:24 - [MESSAGE][PASSED] - Text 'Stokes' is set on object 'Object Repository/RAD_Pages/FilingStatus_Page/input_jointLastName'

2021-11-19 10:59:24 - [TEST_STEP][PASSED] - setText(findTestObject("Object Repository/RAD_RecordAndPlay/input_JointFilerSSN"), "1234532100"): Text '1234532100' is set on object 'Object Repository/RAD_RecordAndPlay/input_JointFilerSSN'

2021-11-19 10:59:55 - [MESSAGE][INFO] - Unable to find the element located by 'By.xpath: //*[@id = 'data' and @name = 'Data' and @type = 'password' and @placeholder = 'Social Security Number']'. Please recheck the objects properties to make sure the desired element is located. 

2021-11-19 10:59:55 - [MESSAGE][WARNING] - [SELF-HEALING] Failed to find element with id 'Object Repository/RAD_RecordAndPlay/input_JointFilerSSN'. Try using Self-healing.

2021-11-19 10:59:55 - [MESSAGE][WARNING] - [SELF-HEALING] The current locator of test object 'Object Repository/RAD_RecordAndPlay/input_JointFilerSSN' was broken. Propose an alternative one: '//input[@id='data']'.

2021-11-19 11:00:26 - [MESSAGE][INFO] - Unable to find the element located by 'By.xpath: //*[@id = 'data' and @name = 'Data' and @type = 'password' and @placeholder = 'Social Security Number']'. Please recheck the objects properties to make sure the desired element is located. 

2021-11-19 11:00:26 - [MESSAGE][WARNING] - [SELF-HEALING] Failed to find element with id 'Object Repository/RAD_RecordAndPlay/input_JointFilerSSN'. Try using Self-healing.

2021-11-19 11:00:26 - [MESSAGE][WARNING] - [SELF-HEALING] The current locator of test object 'Object Repository/RAD_RecordAndPlay/input_JointFilerSSN' was broken. Propose an alternative one: '//input[@id='data']'.

2021-11-19 11:00:26 - [MESSAGE][PASSED] - Text '1234532100' is set on object 'Object Repository/RAD_RecordAndPlay/input_JointFilerSSN'

2021-11-19 11:00:26 - [TEST_STEP][PASSED] - setText(findTestObject("Object Repository/RAD_RecordAndPlay/input_reTypeJointFilerSSN"), ""): Text '' is set on object 'Object Repository/RAD_RecordAndPlay/input_reTypeJointFilerSSN'

2021-11-19 11:00:58 - [MESSAGE][INFO] - Unable to find the element located by 'By.xpath: //*[@id = 'data' and @name = 'Data' and @type = 'password' and @placeholder = 'Re-Type SSN']'. Please recheck the objects properties to make sure the desired element is located. 

2021-11-19 11:00:58 - [MESSAGE][WARNING] - [SELF-HEALING] Failed to find element with id 'Object Repository/RAD_RecordAndPlay/input_reTypeJointFilerSSN'. Try using Self-healing.

2021-11-19 11:00:58 - [MESSAGE][WARNING] - [SELF-HEALING] The current locator of test object 'Object Repository/RAD_RecordAndPlay/input_reTypeJointFilerSSN' was broken. Propose an alternative one: '//input[@id='data']'.

2021-11-19 11:01:29 - [MESSAGE][INFO] - Unable to find the element located by 'By.xpath: //*[@id = 'data' and @name = 'Data' and @type = 'password' and @placeholder = 'Re-Type SSN']'. Please recheck the objects properties to make sure the desired element is located. 

2021-11-19 11:01:29 - [MESSAGE][WARNING] - [SELF-HEALING] Failed to find element with id 'Object Repository/RAD_RecordAndPlay/input_reTypeJointFilerSSN'. Try using Self-healing.

2021-11-19 11:01:29 - [MESSAGE][WARNING] - [SELF-HEALING] The current locator of test object 'Object Repository/RAD_RecordAndPlay/input_reTypeJointFilerSSN' was broken. Propose an alternative one: '//input[@id='data']'.

2021-11-19 11:01:29 - [MESSAGE][PASSED] - Text '' is set on object 'Object Repository/RAD_RecordAndPlay/input_reTypeJointFilerSSN'

2021-11-19 11:01:29 - [TEST_STEP][PASSED] - verifyTextPresent("Please enter a valid SSN with 9 digits.", true): Text 'Please enter a valid SSN with 9 digits.' is present on page  using regular expression

2021-11-19 11:01:30 - [MESSAGE][PASSED] - Text 'Please enter a valid SSN with 9 digits.' is present on page  using regular expression

2021-11-19 11:01:30 - [TEST_STEP][PASSED] - closeBrowser(): Browser is closed

2021-11-19 11:01:30 - [MESSAGE][PASSED] - Browser is closed

2021-11-19 11:01:30 - [TEST_STEP][PASSED] - openBrowser(""): Browser is opened with url: ''

2021-11-19 11:01:30 - [MESSAGE][INFO] - Starting 'Chrome' driver

2021-11-19 11:01:30 - [MESSAGE][INFO] - User set preference: ['acceptInsecureCerts', 'true']

2021-11-19 11:01:30 - [MESSAGE][INFO] - Action delay is set to 0 milliseconds

2021-11-19 11:01:32 - [MESSAGE][PASSED] - Browser is opened with url: ''

2021-11-19 11:01:32 - [TEST_STEP][PASSED] - maximizeWindow(): Current window maximized

2021-11-19 11:01:32 - [MESSAGE][PASSED] - Current window maximized

2021-11-19 11:01:32 - [TEST_STEP][PASSED] - navigateToUrl(RADurl): Navigate to 'https://qa.velocitypayment.com/client/rad/index.html' successfully

2021-11-19 11:01:34 - [MESSAGE][PASSED] - Navigate to 'https://qa.velocitypayment.com/client/rad/index.html' successfully

2021-11-19 11:01:34 - [TEST_STEP][PASSED] - out.println("Value of taxTypeDropList : " + taxTypeDropList[i]): null

2021-11-19 11:01:34 - [TEST_STEP][PASSED] - selectOptionByLabel(findTestObject(orPath_Landing + "/dd_TaxType"), taxTypeDropList[i], false): All options with label 'Extension Payments' are selected in object 'Object Repository/RAD_Pages/Landing_Page/dd_TaxType' 

2021-11-19 11:01:35 - [MESSAGE][PASSED] - All options with label 'Extension Payments' are selected in object 'Object Repository/RAD_Pages/Landing_Page/dd_TaxType' 

2021-11-19 11:01:35 - [TEST_STEP][PASSED] - scrollToElement(findTestObject(orPath_Amount + "/input__paymentAmount"), 3): Scroll to object 'Object Repository/RAD_Pages/PaymentAmount_Page/input__paymentAmount' successfully

2021-11-19 11:01:35 - [MESSAGE][PASSED] - Scroll to object 'Object Repository/RAD_Pages/PaymentAmount_Page/input__paymentAmount' successfully

2021-11-19 11:01:35 - [TEST_STEP][PASSED] - waitForElementClickable(findTestObject(orPath_FilingStatus + "/input_userType_Joint"), 5): Object 'Object Repository/RAD_Pages/FilingStatus_Page/input_userType_Joint' is clickable

2021-11-19 11:01:36 - [MESSAGE][PASSED] - Object 'Object Repository/RAD_Pages/FilingStatus_Page/input_userType_Joint' is clickable

2021-11-19 11:01:36 - [TEST_STEP][PASSED] - click(findTestObject(orPath_FilingStatus + "/input_userType_Joint")): Object: 'Object Repository/RAD_Pages/FilingStatus_Page/input_userType_Joint' is clicked on

2021-11-19 11:01:36 - [MESSAGE][PASSED] - Object: 'Object Repository/RAD_Pages/FilingStatus_Page/input_userType_Joint' is clicked on

2021-11-19 11:01:36 - [TEST_STEP][PASSED] - setText(findTestObject(orPath_FilingStatus + "/input_jointLastName"), "Stokes"): Text 'Stokes' is set on object 'Object Repository/RAD_Pages/FilingStatus_Page/input_jointLastName'

2021-11-19 11:01:37 - [MESSAGE][PASSED] - Text 'Stokes' is set on object 'Object Repository/RAD_Pages/FilingStatus_Page/input_jointLastName'

2021-11-19 11:01:37 - [TEST_STEP][PASSED] - setText(findTestObject("Object Repository/RAD_RecordAndPlay/input_JointFilerSSN"), "1234532100"): Text '1234532100' is set on object 'Object Repository/RAD_RecordAndPlay/input_JointFilerSSN'

2021-11-19 11:02:08 - [MESSAGE][INFO] - Unable to find the element located by 'By.xpath: //*[@id = 'data' and @name = 'Data' and @type = 'password' and @placeholder = 'Social Security Number']'. Please recheck the objects properties to make sure the desired element is located. 

2021-11-19 11:02:08 - [MESSAGE][WARNING] - [SELF-HEALING] Failed to find element with id 'Object Repository/RAD_RecordAndPlay/input_JointFilerSSN'. Try using Self-healing.

2021-11-19 11:02:08 - [MESSAGE][WARNING] - [SELF-HEALING] The current locator of test object 'Object Repository/RAD_RecordAndPlay/input_JointFilerSSN' was broken. Propose an alternative one: '//input[@id='data']'.

2021-11-19 11:02:39 - [MESSAGE][INFO] - Unable to find the element located by 'By.xpath: //*[@id = 'data' and @name = 'Data' and @type = 'password' and @placeholder = 'Social Security Number']'. Please recheck the objects properties to make sure the desired element is located. 

2021-11-19 11:02:39 - [MESSAGE][WARNING] - [SELF-HEALING] Failed to find element with id 'Object Repository/RAD_RecordAndPlay/input_JointFilerSSN'. Try using Self-healing.

2021-11-19 11:02:40 - [MESSAGE][WARNING] - [SELF-HEALING] The current locator of test object 'Object Repository/RAD_RecordAndPlay/input_JointFilerSSN' was broken. Propose an alternative one: '//input[@id='data']'.

2021-11-19 11:02:40 - [MESSAGE][PASSED] - Text '1234532100' is set on object 'Object Repository/RAD_RecordAndPlay/input_JointFilerSSN'

2021-11-19 11:02:40 - [TEST_STEP][PASSED] - setText(findTestObject("Object Repository/RAD_RecordAndPlay/input_reTypeJointFilerSSN"), ""): Text '' is set on object 'Object Repository/RAD_RecordAndPlay/input_reTypeJointFilerSSN'

2021-11-19 11:03:11 - [MESSAGE][INFO] - Unable to find the element located by 'By.xpath: //*[@id = 'data' and @name = 'Data' and @type = 'password' and @placeholder = 'Re-Type SSN']'. Please recheck the objects properties to make sure the desired element is located. 

2021-11-19 11:03:11 - [MESSAGE][WARNING] - [SELF-HEALING] Failed to find element with id 'Object Repository/RAD_RecordAndPlay/input_reTypeJointFilerSSN'. Try using Self-healing.

2021-11-19 11:03:11 - [MESSAGE][WARNING] - [SELF-HEALING] The current locator of test object 'Object Repository/RAD_RecordAndPlay/input_reTypeJointFilerSSN' was broken. Propose an alternative one: '//input[@id='data']'.

2021-11-19 11:03:42 - [MESSAGE][INFO] - Unable to find the element located by 'By.xpath: //*[@id = 'data' and @name = 'Data' and @type = 'password' and @placeholder = 'Re-Type SSN']'. Please recheck the objects properties to make sure the desired element is located. 

2021-11-19 11:03:42 - [MESSAGE][WARNING] - [SELF-HEALING] Failed to find element with id 'Object Repository/RAD_RecordAndPlay/input_reTypeJointFilerSSN'. Try using Self-healing.

2021-11-19 11:03:42 - [MESSAGE][WARNING] - [SELF-HEALING] The current locator of test object 'Object Repository/RAD_RecordAndPlay/input_reTypeJointFilerSSN' was broken. Propose an alternative one: '//input[@id='data']'.

2021-11-19 11:03:42 - [MESSAGE][PASSED] - Text '' is set on object 'Object Repository/RAD_RecordAndPlay/input_reTypeJointFilerSSN'

2021-11-19 11:03:42 - [TEST_STEP][PASSED] - verifyTextPresent("Please enter a valid SSN with 9 digits.", true): Text 'Please enter a valid SSN with 9 digits.' is present on page  using regular expression

2021-11-19 11:03:43 - [MESSAGE][PASSED] - Text 'Please enter a valid SSN with 9 digits.' is present on page  using regular expression

2021-11-19 11:03:43 - [TEST_STEP][PASSED] - closeBrowser(): Browser is closed

2021-11-19 11:03:44 - [MESSAGE][PASSED] - Browser is closed]]></system-out>
         <system-err><![CDATA[]]></system-err>
      </testcase>
      <testcase name="Test Cases/RAD_TestCases/Negative_TestCases/SSNmoreThan9Error" time="32.946" classname="Test Cases/RAD_TestCases/Negative_TestCases/SSNmoreThan9Error" status="PASSED">
         <system-out><![CDATA[2021-11-19 11:03:44 - [TEST_CASE][PASSED] - Test Cases/RAD_TestCases/Negative_TestCases/SSNmoreThan9Error: Test Cases/RAD_TestCases/Negative_TestCases/SSNmoreThan9Error

2021-11-19 11:03:44 - [TEST_STEP][PASSED] - orPath_Landing = "Object Repository/RAD_Pages/Landing_Page": null

2021-11-19 11:03:44 - [TEST_STEP][PASSED] - orPath_Amount = "Object Repository/RAD_Pages/PaymentAmount_Page": null

2021-11-19 11:03:44 - [TEST_STEP][PASSED] - orPath_FilingStatus = "Object Repository/RAD_Pages/FilingStatus_Page": null

2021-11-19 11:03:44 - [TEST_STEP][PASSED] - orPath_TaxPayer = "Object Repository/RAD_Pages/Taxpayer_Page": null

2021-11-19 11:03:44 - [TEST_STEP][PASSED] - orPath_TaxInfo = "Object Repository/RAD_Pages/TaxInfo_Page": null

2021-11-19 11:03:44 - [TEST_STEP][PASSED] - taxTypeDropList = ["Estimated Tax", "Personal Income Tax", "Extension Payments", "Existing Liability"]: null

2021-11-19 11:03:44 - [TEST_STEP][PASSED] - listSize = taxTypeDropList.size(): null

2021-11-19 11:03:44 - [TEST_STEP][PASSED] - println(listSize): null

2021-11-19 11:03:44 - [TEST_STEP][PASSED] - for ([i = 0, i < listSize, (i++)]): Browser is closed

2021-11-19 11:03:44 - [TEST_STEP][PASSED] - openBrowser(""): Browser is opened with url: ''

2021-11-19 11:03:44 - [MESSAGE][INFO] - Starting 'Chrome' driver

2021-11-19 11:03:44 - [MESSAGE][INFO] - User set preference: ['acceptInsecureCerts', 'true']

2021-11-19 11:03:44 - [MESSAGE][INFO] - Action delay is set to 0 milliseconds

2021-11-19 11:03:45 - [MESSAGE][PASSED] - Browser is opened with url: ''

2021-11-19 11:03:45 - [TEST_STEP][PASSED] - maximizeWindow(): Current window maximized

2021-11-19 11:03:46 - [MESSAGE][PASSED] - Current window maximized

2021-11-19 11:03:46 - [TEST_STEP][PASSED] - navigateToUrl(RADurl): Navigate to 'https://qa.velocitypayment.com/client/rad/index.html' successfully

2021-11-19 11:03:48 - [MESSAGE][PASSED] - Navigate to 'https://qa.velocitypayment.com/client/rad/index.html' successfully

2021-11-19 11:03:48 - [TEST_STEP][PASSED] - out.println("Value of taxTypeDropList : " + taxTypeDropList[i]): null

2021-11-19 11:03:48 - [TEST_STEP][PASSED] - selectOptionByLabel(findTestObject(orPath_Landing + "/dd_TaxType"), taxTypeDropList[i], false): All options with label 'Estimated Tax' are selected in object 'Object Repository/RAD_Pages/Landing_Page/dd_TaxType' 

2021-11-19 11:03:49 - [MESSAGE][PASSED] - All options with label 'Estimated Tax' are selected in object 'Object Repository/RAD_Pages/Landing_Page/dd_TaxType' 

2021-11-19 11:03:49 - [TEST_STEP][PASSED] - if (taxTypeDropList[i].equalsIgnoreCase("Existing Liability")): null

2021-11-19 11:03:49 - [TEST_STEP][PASSED] - else: Text '' is set on object 'Object Repository/RAD_RecordAndPlay/input_concatReSSN'

2021-11-19 11:03:49 - [TEST_STEP][PASSED] - setText(findTestObject(orPath_TaxPayer + "/input_lastName"), "Anderson"): Text 'Anderson' is set on object 'Object Repository/RAD_Pages/Taxpayer_Page/input_lastName'

2021-11-19 11:03:49 - [MESSAGE][PASSED] - Text 'Anderson' is set on object 'Object Repository/RAD_Pages/Taxpayer_Page/input_lastName'

2021-11-19 11:03:49 - [TEST_STEP][PASSED] - setText(findTestObject("RAD_RecordAndPlay/input_concatSSN"), "12345123400"): Text '12345123400' is set on object 'Object Repository/RAD_RecordAndPlay/input_concatSSN'

2021-11-19 11:03:50 - [MESSAGE][PASSED] - Text '12345123400' is set on object 'Object Repository/RAD_RecordAndPlay/input_concatSSN'

2021-11-19 11:03:50 - [TEST_STEP][PASSED] - setText(findTestObject("RAD_RecordAndPlay/input_concatReSSN"), ""): Text '' is set on object 'Object Repository/RAD_RecordAndPlay/input_concatReSSN'

2021-11-19 11:03:51 - [MESSAGE][PASSED] - Text '' is set on object 'Object Repository/RAD_RecordAndPlay/input_concatReSSN'

2021-11-19 11:03:51 - [TEST_STEP][PASSED] - verifyTextPresent("Please enter a valid SSN with 9 digits.", true): Text 'Please enter a valid SSN with 9 digits.' is present on page  using regular expression

2021-11-19 11:03:51 - [MESSAGE][PASSED] - Text 'Please enter a valid SSN with 9 digits.' is present on page  using regular expression

2021-11-19 11:03:51 - [TEST_STEP][PASSED] - closeBrowser(): Browser is closed

2021-11-19 11:03:52 - [MESSAGE][PASSED] - Browser is closed

2021-11-19 11:03:52 - [TEST_STEP][PASSED] - openBrowser(""): Browser is opened with url: ''

2021-11-19 11:03:52 - [MESSAGE][INFO] - Starting 'Chrome' driver

2021-11-19 11:03:52 - [MESSAGE][INFO] - User set preference: ['acceptInsecureCerts', 'true']

2021-11-19 11:03:52 - [MESSAGE][INFO] - Action delay is set to 0 milliseconds

2021-11-19 11:03:54 - [MESSAGE][PASSED] - Browser is opened with url: ''

2021-11-19 11:03:54 - [TEST_STEP][PASSED] - maximizeWindow(): Current window maximized

2021-11-19 11:03:54 - [MESSAGE][PASSED] - Current window maximized

2021-11-19 11:03:54 - [TEST_STEP][PASSED] - navigateToUrl(RADurl): Navigate to 'https://qa.velocitypayment.com/client/rad/index.html' successfully

2021-11-19 11:03:56 - [MESSAGE][PASSED] - Navigate to 'https://qa.velocitypayment.com/client/rad/index.html' successfully

2021-11-19 11:03:56 - [TEST_STEP][PASSED] - out.println("Value of taxTypeDropList : " + taxTypeDropList[i]): null

2021-11-19 11:03:56 - [TEST_STEP][PASSED] - selectOptionByLabel(findTestObject(orPath_Landing + "/dd_TaxType"), taxTypeDropList[i], false): All options with label 'Personal Income Tax' are selected in object 'Object Repository/RAD_Pages/Landing_Page/dd_TaxType' 

2021-11-19 11:03:56 - [MESSAGE][PASSED] - All options with label 'Personal Income Tax' are selected in object 'Object Repository/RAD_Pages/Landing_Page/dd_TaxType' 

2021-11-19 11:03:56 - [TEST_STEP][PASSED] - if (taxTypeDropList[i].equalsIgnoreCase("Existing Liability")): null

2021-11-19 11:03:56 - [TEST_STEP][PASSED] - else: Text '' is set on object 'Object Repository/RAD_RecordAndPlay/input_concatReSSN'

2021-11-19 11:03:56 - [TEST_STEP][PASSED] - setText(findTestObject(orPath_TaxPayer + "/input_lastName"), "Anderson"): Text 'Anderson' is set on object 'Object Repository/RAD_Pages/Taxpayer_Page/input_lastName'

2021-11-19 11:03:57 - [MESSAGE][PASSED] - Text 'Anderson' is set on object 'Object Repository/RAD_Pages/Taxpayer_Page/input_lastName'

2021-11-19 11:03:57 - [TEST_STEP][PASSED] - setText(findTestObject("RAD_RecordAndPlay/input_concatSSN"), "12345123400"): Text '12345123400' is set on object 'Object Repository/RAD_RecordAndPlay/input_concatSSN'

2021-11-19 11:03:58 - [MESSAGE][PASSED] - Text '12345123400' is set on object 'Object Repository/RAD_RecordAndPlay/input_concatSSN'

2021-11-19 11:03:58 - [TEST_STEP][PASSED] - setText(findTestObject("RAD_RecordAndPlay/input_concatReSSN"), ""): Text '' is set on object 'Object Repository/RAD_RecordAndPlay/input_concatReSSN'

2021-11-19 11:03:59 - [MESSAGE][PASSED] - Text '' is set on object 'Object Repository/RAD_RecordAndPlay/input_concatReSSN'

2021-11-19 11:03:59 - [TEST_STEP][PASSED] - verifyTextPresent("Please enter a valid SSN with 9 digits.", true): Text 'Please enter a valid SSN with 9 digits.' is present on page  using regular expression

2021-11-19 11:03:59 - [MESSAGE][PASSED] - Text 'Please enter a valid SSN with 9 digits.' is present on page  using regular expression

2021-11-19 11:03:59 - [TEST_STEP][PASSED] - closeBrowser(): Browser is closed

2021-11-19 11:04:00 - [MESSAGE][PASSED] - Browser is closed

2021-11-19 11:04:00 - [TEST_STEP][PASSED] - openBrowser(""): Browser is opened with url: ''

2021-11-19 11:04:01 - [MESSAGE][INFO] - Starting 'Chrome' driver

2021-11-19 11:04:01 - [MESSAGE][INFO] - User set preference: ['acceptInsecureCerts', 'true']

2021-11-19 11:04:01 - [MESSAGE][INFO] - Action delay is set to 0 milliseconds

2021-11-19 11:04:02 - [MESSAGE][PASSED] - Browser is opened with url: ''

2021-11-19 11:04:02 - [TEST_STEP][PASSED] - maximizeWindow(): Current window maximized

2021-11-19 11:04:02 - [MESSAGE][PASSED] - Current window maximized

2021-11-19 11:04:02 - [TEST_STEP][PASSED] - navigateToUrl(RADurl): Navigate to 'https://qa.velocitypayment.com/client/rad/index.html' successfully

2021-11-19 11:04:04 - [MESSAGE][PASSED] - Navigate to 'https://qa.velocitypayment.com/client/rad/index.html' successfully

2021-11-19 11:04:04 - [TEST_STEP][PASSED] - out.println("Value of taxTypeDropList : " + taxTypeDropList[i]): null

2021-11-19 11:04:04 - [TEST_STEP][PASSED] - selectOptionByLabel(findTestObject(orPath_Landing + "/dd_TaxType"), taxTypeDropList[i], false): All options with label 'Extension Payments' are selected in object 'Object Repository/RAD_Pages/Landing_Page/dd_TaxType' 

2021-11-19 11:04:05 - [MESSAGE][PASSED] - All options with label 'Extension Payments' are selected in object 'Object Repository/RAD_Pages/Landing_Page/dd_TaxType' 

2021-11-19 11:04:05 - [TEST_STEP][PASSED] - if (taxTypeDropList[i].equalsIgnoreCase("Existing Liability")): null

2021-11-19 11:04:05 - [TEST_STEP][PASSED] - else: Text '' is set on object 'Object Repository/RAD_RecordAndPlay/input_concatReSSN'

2021-11-19 11:04:05 - [TEST_STEP][PASSED] - setText(findTestObject(orPath_TaxPayer + "/input_lastName"), "Anderson"): Text 'Anderson' is set on object 'Object Repository/RAD_Pages/Taxpayer_Page/input_lastName'

2021-11-19 11:04:06 - [MESSAGE][PASSED] - Text 'Anderson' is set on object 'Object Repository/RAD_Pages/Taxpayer_Page/input_lastName'

2021-11-19 11:04:06 - [TEST_STEP][PASSED] - setText(findTestObject("RAD_RecordAndPlay/input_concatSSN"), "12345123400"): Text '12345123400' is set on object 'Object Repository/RAD_RecordAndPlay/input_concatSSN'

2021-11-19 11:04:07 - [MESSAGE][PASSED] - Text '12345123400' is set on object 'Object Repository/RAD_RecordAndPlay/input_concatSSN'

2021-11-19 11:04:07 - [TEST_STEP][PASSED] - setText(findTestObject("RAD_RecordAndPlay/input_concatReSSN"), ""): Text '' is set on object 'Object Repository/RAD_RecordAndPlay/input_concatReSSN'

2021-11-19 11:04:07 - [MESSAGE][PASSED] - Text '' is set on object 'Object Repository/RAD_RecordAndPlay/input_concatReSSN'

2021-11-19 11:04:07 - [TEST_STEP][PASSED] - verifyTextPresent("Please enter a valid SSN with 9 digits.", true): Text 'Please enter a valid SSN with 9 digits.' is present on page  using regular expression

2021-11-19 11:04:08 - [MESSAGE][PASSED] - Text 'Please enter a valid SSN with 9 digits.' is present on page  using regular expression

2021-11-19 11:04:08 - [TEST_STEP][PASSED] - closeBrowser(): Browser is closed

2021-11-19 11:04:09 - [MESSAGE][PASSED] - Browser is closed

2021-11-19 11:04:09 - [TEST_STEP][PASSED] - openBrowser(""): Browser is opened with url: ''

2021-11-19 11:04:09 - [MESSAGE][INFO] - Starting 'Chrome' driver

2021-11-19 11:04:09 - [MESSAGE][INFO] - User set preference: ['acceptInsecureCerts', 'true']

2021-11-19 11:04:09 - [MESSAGE][INFO] - Action delay is set to 0 milliseconds

2021-11-19 11:04:10 - [MESSAGE][PASSED] - Browser is opened with url: ''

2021-11-19 11:04:10 - [TEST_STEP][PASSED] - maximizeWindow(): Current window maximized

2021-11-19 11:04:10 - [MESSAGE][PASSED] - Current window maximized

2021-11-19 11:04:10 - [TEST_STEP][PASSED] - navigateToUrl(RADurl): Navigate to 'https://qa.velocitypayment.com/client/rad/index.html' successfully

2021-11-19 11:04:12 - [MESSAGE][PASSED] - Navigate to 'https://qa.velocitypayment.com/client/rad/index.html' successfully

2021-11-19 11:04:12 - [TEST_STEP][PASSED] - out.println("Value of taxTypeDropList : " + taxTypeDropList[i]): null

2021-11-19 11:04:12 - [TEST_STEP][PASSED] - selectOptionByLabel(findTestObject(orPath_Landing + "/dd_TaxType"), taxTypeDropList[i], false): All options with label 'Existing Liability' are selected in object 'Object Repository/RAD_Pages/Landing_Page/dd_TaxType' 

2021-11-19 11:04:13 - [MESSAGE][PASSED] - All options with label 'Existing Liability' are selected in object 'Object Repository/RAD_Pages/Landing_Page/dd_TaxType' 

2021-11-19 11:04:13 - [TEST_STEP][PASSED] - if (taxTypeDropList[i].equalsIgnoreCase("Existing Liability")): Text '' is set on object 'Object Repository/RAD_Pages/TaxInfo_Page/input_TaxInfo_reTaxTypeExisitingSSN'

2021-11-19 11:04:13 - [TEST_STEP][PASSED] - setText(findTestObject(orPath_TaxPayer + "/input_lastName"), "Anderson"): Text 'Anderson' is set on object 'Object Repository/RAD_Pages/Taxpayer_Page/input_lastName'

2021-11-19 11:04:14 - [MESSAGE][PASSED] - Text 'Anderson' is set on object 'Object Repository/RAD_Pages/Taxpayer_Page/input_lastName'

2021-11-19 11:04:14 - [TEST_STEP][PASSED] - setText(findTestObject(orPath_TaxInfo + "/input_TaxInfo_ExisitingSSN"), "12345123400"): Text '12345123400' is set on object 'Object Repository/RAD_Pages/TaxInfo_Page/input_TaxInfo_ExisitingSSN'

2021-11-19 11:04:14 - [MESSAGE][PASSED] - Text '12345123400' is set on object 'Object Repository/RAD_Pages/TaxInfo_Page/input_TaxInfo_ExisitingSSN'

2021-11-19 11:04:14 - [TEST_STEP][PASSED] - setText(findTestObject(orPath_TaxInfo + "/input_TaxInfo_reTaxTypeExisitingSSN"), ""): Text '' is set on object 'Object Repository/RAD_Pages/TaxInfo_Page/input_TaxInfo_reTaxTypeExisitingSSN'

2021-11-19 11:04:15 - [MESSAGE][PASSED] - Text '' is set on object 'Object Repository/RAD_Pages/TaxInfo_Page/input_TaxInfo_reTaxTypeExisitingSSN'

2021-11-19 11:04:15 - [TEST_STEP][PASSED] - verifyTextPresent("Please enter a valid SSN with 9 digits.", true): Text 'Please enter a valid SSN with 9 digits.' is present on page  using regular expression

2021-11-19 11:04:16 - [MESSAGE][PASSED] - Text 'Please enter a valid SSN with 9 digits.' is present on page  using regular expression

2021-11-19 11:04:16 - [TEST_STEP][PASSED] - closeBrowser(): Browser is closed

2021-11-19 11:04:17 - [MESSAGE][PASSED] - Browser is closed]]></system-out>
         <system-err><![CDATA[]]></system-err>
      </testcase>
      <testcase name="Test Cases/RAD_TestCases/Negative_TestCases/FEINmoreThan9Error" time="286.398" classname="Test Cases/RAD_TestCases/Negative_TestCases/FEINmoreThan9Error" status="PASSED">
         <system-out><![CDATA[2021-11-19 11:04:17 - [TEST_CASE][PASSED] - Test Cases/RAD_TestCases/Negative_TestCases/FEINmoreThan9Error: Test Cases/RAD_TestCases/Negative_TestCases/FEINmoreThan9Error

2021-11-19 11:04:17 - [TEST_STEP][PASSED] - orPath_Landing = "Object Repository/RAD_Pages/Landing_Page": null

2021-11-19 11:04:17 - [TEST_STEP][PASSED] - orPath_Amount = "Object Repository/RAD_Pages/PaymentAmount_Page": null

2021-11-19 11:04:17 - [TEST_STEP][PASSED] - orPath_FilingStatus = "Object Repository/RAD_Pages/FilingStatus_Page": null

2021-11-19 11:04:17 - [TEST_STEP][PASSED] - orPath_TaxPayer = "Object Repository/RAD_Pages/Taxpayer_Page": null

2021-11-19 11:04:17 - [TEST_STEP][PASSED] - orPath_TaxInfo = "Object Repository/RAD_Pages/TaxInfo_Page": null

2021-11-19 11:04:17 - [TEST_STEP][PASSED] - orPath_TaxTypeFilingYear = "Object Repository/RAD_Pages/TaxTypeFilingYear_Page": null

2021-11-19 11:04:17 - [TEST_STEP][PASSED] - taxTypeDropList = ["Estimated Tax", "Extension Payments", "Existing Liability", "Sales and Use", "Withholding Tax"]: null

2021-11-19 11:04:17 - [TEST_STEP][PASSED] - listSize = taxTypeDropList.size(): null

2021-11-19 11:04:17 - [TEST_STEP][PASSED] - println(listSize): null

2021-11-19 11:04:17 - [TEST_STEP][PASSED] - for ([i = 0, i < listSize, (i++)]): null

2021-11-19 11:04:17 - [TEST_STEP][PASSED] - openBrowser(""): Browser is opened with url: ''

2021-11-19 11:04:17 - [MESSAGE][INFO] - Starting 'Chrome' driver

2021-11-19 11:04:17 - [MESSAGE][INFO] - User set preference: ['acceptInsecureCerts', 'true']

2021-11-19 11:04:17 - [MESSAGE][INFO] - Action delay is set to 0 milliseconds

2021-11-19 11:04:19 - [MESSAGE][PASSED] - Browser is opened with url: ''

2021-11-19 11:04:19 - [TEST_STEP][PASSED] - maximizeWindow(): Current window maximized

2021-11-19 11:04:19 - [MESSAGE][PASSED] - Current window maximized

2021-11-19 11:04:19 - [TEST_STEP][PASSED] - navigateToUrl(RADurl): Navigate to 'https://qa.velocitypayment.com/client/rad/index.html' successfully

2021-11-19 11:04:21 - [MESSAGE][PASSED] - Navigate to 'https://qa.velocitypayment.com/client/rad/index.html' successfully

2021-11-19 11:04:21 - [TEST_STEP][PASSED] - out.println("Value of taxTypeDropList : " + taxTypeDropList[i]): null

2021-11-19 11:04:21 - [TEST_STEP][PASSED] - selectOptionByLabel(findTestObject(orPath_Landing + "/dd_TaxType"), taxTypeDropList[i], false): All options with label 'Estimated Tax' are selected in object 'Object Repository/RAD_Pages/Landing_Page/dd_TaxType' 

2021-11-19 11:04:22 - [MESSAGE][PASSED] - All options with label 'Estimated Tax' are selected in object 'Object Repository/RAD_Pages/Landing_Page/dd_TaxType' 

2021-11-19 11:04:22 - [TEST_STEP][PASSED] - switch (taxTypeDropList[i]): null

2021-11-19 11:04:22 - [TEST_STEP][PASSED] - case "Estimated Tax":: null

2021-11-19 11:04:22 - [TEST_STEP][PASSED] - selectOptionByLabel(findTestObject(orPath_TaxTypeFilingYear + "/select_PaymentType"), "Corporate", false): All options with label 'Corporate' are selected in object 'Object Repository/RAD_Pages/TaxTypeFilingYear_Page/select_PaymentType' 

2021-11-19 11:04:23 - [MESSAGE][PASSED] - All options with label 'Corporate' are selected in object 'Object Repository/RAD_Pages/TaxTypeFilingYear_Page/select_PaymentType' 

2021-11-19 11:04:23 - [TEST_STEP][PASSED] - setEncryptedText(findTestObject(orPath_TaxInfo + "/input_FederalEIN"), "RigbBhfdqOBDK95asqKeHw=="): Text ****** has been set on object 'Object Repository/RAD_Pages/TaxInfo_Page/input_FederalEIN'

2021-11-19 11:04:54 - [MESSAGE][INFO] - Unable to find the element located by 'By.xpath: //*[@id = 'data' and @name = 'Data' and @type = 'password' and @placeholder = 'Federal EIN']'. Please recheck the objects properties to make sure the desired element is located. 

2021-11-19 11:04:54 - [MESSAGE][WARNING] - [SELF-HEALING] Failed to find element with id 'Object Repository/RAD_Pages/TaxInfo_Page/input_FederalEIN'. Try using Self-healing.

2021-11-19 11:04:54 - [MESSAGE][WARNING] - [SELF-HEALING] The current locator of test object 'Object Repository/RAD_Pages/TaxInfo_Page/input_FederalEIN' was broken. Propose an alternative one: '#data'.

2021-11-19 11:04:54 - [MESSAGE][PASSED] - Text ****** has been set on object 'Object Repository/RAD_Pages/TaxInfo_Page/input_FederalEIN'

2021-11-19 11:04:54 - [TEST_STEP][PASSED] - setEncryptedText(findTestObject(orPath_TaxInfo + "/input_FederalEIN_ReEnter"), ""): Text ****** has been set on object 'Object Repository/RAD_Pages/TaxInfo_Page/input_FederalEIN_ReEnter'

2021-11-19 11:05:26 - [MESSAGE][INFO] - Unable to find the element located by 'By.xpath: //*[@id = 'data' and @name = 'Data' and @type = 'password' and @placeholder = 'Re-Type Federal EIN']'. Please recheck the objects properties to make sure the desired element is located. 

2021-11-19 11:05:26 - [MESSAGE][WARNING] - [SELF-HEALING] Failed to find element with id 'Object Repository/RAD_Pages/TaxInfo_Page/input_FederalEIN_ReEnter'. Try using Self-healing.

2021-11-19 11:05:26 - [MESSAGE][WARNING] - [SELF-HEALING] The current locator of test object 'Object Repository/RAD_Pages/TaxInfo_Page/input_FederalEIN_ReEnter' was broken. Propose an alternative one: '//input[@id='data']'.

2021-11-19 11:05:26 - [MESSAGE][PASSED] - Text ****** has been set on object 'Object Repository/RAD_Pages/TaxInfo_Page/input_FederalEIN_ReEnter'

2021-11-19 11:05:26 - [TEST_STEP][PASSED] - verifyTextPresent("Please enter a valid FEIN with 9 digits.", true): Text 'Please enter a valid FEIN with 9 digits.' is present on page  using regular expression

2021-11-19 11:05:27 - [MESSAGE][PASSED] - Text 'Please enter a valid FEIN with 9 digits.' is present on page  using regular expression

2021-11-19 11:05:27 - [TEST_STEP][PASSED] - closeBrowser(): Browser is closed

2021-11-19 11:05:27 - [MESSAGE][PASSED] - Browser is closed

2021-11-19 11:05:27 - [TEST_STEP][PASSED] - break: null

2021-11-19 11:05:27 - [TEST_STEP][PASSED] - openBrowser(""): Browser is opened with url: ''

2021-11-19 11:05:27 - [MESSAGE][INFO] - Starting 'Chrome' driver

2021-11-19 11:05:27 - [MESSAGE][INFO] - User set preference: ['acceptInsecureCerts', 'true']

2021-11-19 11:05:27 - [MESSAGE][INFO] - Action delay is set to 0 milliseconds

2021-11-19 11:05:29 - [MESSAGE][PASSED] - Browser is opened with url: ''

2021-11-19 11:05:29 - [TEST_STEP][PASSED] - maximizeWindow(): Current window maximized

2021-11-19 11:05:29 - [MESSAGE][PASSED] - Current window maximized

2021-11-19 11:05:29 - [TEST_STEP][PASSED] - navigateToUrl(RADurl): Navigate to 'https://qa.velocitypayment.com/client/rad/index.html' successfully

2021-11-19 11:05:31 - [MESSAGE][PASSED] - Navigate to 'https://qa.velocitypayment.com/client/rad/index.html' successfully

2021-11-19 11:05:31 - [TEST_STEP][PASSED] - out.println("Value of taxTypeDropList : " + taxTypeDropList[i]): null

2021-11-19 11:05:31 - [TEST_STEP][PASSED] - selectOptionByLabel(findTestObject(orPath_Landing + "/dd_TaxType"), taxTypeDropList[i], false): All options with label 'Extension Payments' are selected in object 'Object Repository/RAD_Pages/Landing_Page/dd_TaxType' 

2021-11-19 11:05:32 - [MESSAGE][PASSED] - All options with label 'Extension Payments' are selected in object 'Object Repository/RAD_Pages/Landing_Page/dd_TaxType' 

2021-11-19 11:05:32 - [TEST_STEP][PASSED] - switch (taxTypeDropList[i]): null

2021-11-19 11:05:32 - [TEST_STEP][PASSED] - case "Extension Payments":: null

2021-11-19 11:05:32 - [TEST_STEP][PASSED] - selectOptionByLabel(findTestObject(orPath_TaxTypeFilingYear + "/select_PaymentType"), "Corporate", false): All options with label 'Corporate' are selected in object 'Object Repository/RAD_Pages/TaxTypeFilingYear_Page/select_PaymentType' 

2021-11-19 11:05:33 - [MESSAGE][PASSED] - All options with label 'Corporate' are selected in object 'Object Repository/RAD_Pages/TaxTypeFilingYear_Page/select_PaymentType' 

2021-11-19 11:05:33 - [TEST_STEP][PASSED] - setEncryptedText(findTestObject(orPath_TaxInfo + "/input_FederalEIN"), "RigbBhfdqOBDK95asqKeHw=="): Text ****** has been set on object 'Object Repository/RAD_Pages/TaxInfo_Page/input_FederalEIN'

2021-11-19 11:06:04 - [MESSAGE][INFO] - Unable to find the element located by 'By.xpath: //*[@id = 'data' and @name = 'Data' and @type = 'password' and @placeholder = 'Federal EIN']'. Please recheck the objects properties to make sure the desired element is located. 

2021-11-19 11:06:04 - [MESSAGE][WARNING] - [SELF-HEALING] Failed to find element with id 'Object Repository/RAD_Pages/TaxInfo_Page/input_FederalEIN'. Try using Self-healing.

2021-11-19 11:06:04 - [MESSAGE][WARNING] - [SELF-HEALING] The current locator of test object 'Object Repository/RAD_Pages/TaxInfo_Page/input_FederalEIN' was broken. Propose an alternative one: '#data'.

2021-11-19 11:06:04 - [MESSAGE][PASSED] - Text ****** has been set on object 'Object Repository/RAD_Pages/TaxInfo_Page/input_FederalEIN'

2021-11-19 11:06:04 - [TEST_STEP][PASSED] - setEncryptedText(findTestObject(orPath_TaxInfo + "/input_FederalEIN_ReEnter"), ""): Text ****** has been set on object 'Object Repository/RAD_Pages/TaxInfo_Page/input_FederalEIN_ReEnter'

2021-11-19 11:06:36 - [MESSAGE][INFO] - Unable to find the element located by 'By.xpath: //*[@id = 'data' and @name = 'Data' and @type = 'password' and @placeholder = 'Re-Type Federal EIN']'. Please recheck the objects properties to make sure the desired element is located. 

2021-11-19 11:06:36 - [MESSAGE][WARNING] - [SELF-HEALING] Failed to find element with id 'Object Repository/RAD_Pages/TaxInfo_Page/input_FederalEIN_ReEnter'. Try using Self-healing.

2021-11-19 11:06:36 - [MESSAGE][WARNING] - [SELF-HEALING] The current locator of test object 'Object Repository/RAD_Pages/TaxInfo_Page/input_FederalEIN_ReEnter' was broken. Propose an alternative one: '//input[@id='data']'.

2021-11-19 11:06:36 - [MESSAGE][PASSED] - Text ****** has been set on object 'Object Repository/RAD_Pages/TaxInfo_Page/input_FederalEIN_ReEnter'

2021-11-19 11:06:36 - [TEST_STEP][PASSED] - verifyTextPresent("Please enter a valid FEIN with 9 digits.", true): Text 'Please enter a valid FEIN with 9 digits.' is present on page  using regular expression

2021-11-19 11:06:36 - [MESSAGE][PASSED] - Text 'Please enter a valid FEIN with 9 digits.' is present on page  using regular expression

2021-11-19 11:06:36 - [TEST_STEP][PASSED] - closeBrowser(): Browser is closed

2021-11-19 11:06:37 - [MESSAGE][PASSED] - Browser is closed

2021-11-19 11:06:37 - [TEST_STEP][PASSED] - break: null

2021-11-19 11:06:37 - [TEST_STEP][PASSED] - openBrowser(""): Browser is opened with url: ''

2021-11-19 11:06:37 - [MESSAGE][INFO] - Starting 'Chrome' driver

2021-11-19 11:06:37 - [MESSAGE][INFO] - User set preference: ['acceptInsecureCerts', 'true']

2021-11-19 11:06:37 - [MESSAGE][INFO] - Action delay is set to 0 milliseconds

2021-11-19 11:06:39 - [MESSAGE][PASSED] - Browser is opened with url: ''

2021-11-19 11:06:39 - [TEST_STEP][PASSED] - maximizeWindow(): Current window maximized

2021-11-19 11:06:39 - [MESSAGE][PASSED] - Current window maximized

2021-11-19 11:06:39 - [TEST_STEP][PASSED] - navigateToUrl(RADurl): Navigate to 'https://qa.velocitypayment.com/client/rad/index.html' successfully

2021-11-19 11:06:41 - [MESSAGE][PASSED] - Navigate to 'https://qa.velocitypayment.com/client/rad/index.html' successfully

2021-11-19 11:06:41 - [TEST_STEP][PASSED] - out.println("Value of taxTypeDropList : " + taxTypeDropList[i]): null

2021-11-19 11:06:41 - [TEST_STEP][PASSED] - selectOptionByLabel(findTestObject(orPath_Landing + "/dd_TaxType"), taxTypeDropList[i], false): All options with label 'Existing Liability' are selected in object 'Object Repository/RAD_Pages/Landing_Page/dd_TaxType' 

2021-11-19 11:06:42 - [MESSAGE][PASSED] - All options with label 'Existing Liability' are selected in object 'Object Repository/RAD_Pages/Landing_Page/dd_TaxType' 

2021-11-19 11:06:42 - [TEST_STEP][PASSED] - switch (taxTypeDropList[i]): null

2021-11-19 11:06:42 - [TEST_STEP][PASSED] - case "Existing Liability":: null

2021-11-19 11:06:42 - [TEST_STEP][PASSED] - setText(findTestObject(orPath_TaxInfo + "/input_FEIN"), "1234567890"): Text '1234567890' is set on object 'Object Repository/RAD_Pages/TaxInfo_Page/input_FEIN'

2021-11-19 11:06:43 - [MESSAGE][PASSED] - Text '1234567890' is set on object 'Object Repository/RAD_Pages/TaxInfo_Page/input_FEIN'

2021-11-19 11:06:43 - [TEST_STEP][PASSED] - setText(findTestObject(orPath_TaxInfo + "/input_ReTypeFEIN"), ""): Text '' is set on object 'Object Repository/RAD_Pages/TaxInfo_Page/input_ReTypeFEIN'

2021-11-19 11:06:43 - [MESSAGE][PASSED] - Text '' is set on object 'Object Repository/RAD_Pages/TaxInfo_Page/input_ReTypeFEIN'

2021-11-19 11:06:43 - [TEST_STEP][PASSED] - verifyTextPresent("Please enter a valid FEIN with 9 digits.", true): Text 'Please enter a valid FEIN with 9 digits.' is present on page  using regular expression

2021-11-19 11:06:44 - [MESSAGE][PASSED] - Text 'Please enter a valid FEIN with 9 digits.' is present on page  using regular expression

2021-11-19 11:06:44 - [TEST_STEP][PASSED] - closeBrowser(): Browser is closed

2021-11-19 11:06:45 - [MESSAGE][PASSED] - Browser is closed

2021-11-19 11:06:45 - [TEST_STEP][PASSED] - break: null

2021-11-19 11:06:45 - [TEST_STEP][PASSED] - openBrowser(""): Browser is opened with url: ''

2021-11-19 11:06:45 - [MESSAGE][INFO] - Starting 'Chrome' driver

2021-11-19 11:06:45 - [MESSAGE][INFO] - User set preference: ['acceptInsecureCerts', 'true']

2021-11-19 11:06:45 - [MESSAGE][INFO] - Action delay is set to 0 milliseconds

2021-11-19 11:06:46 - [MESSAGE][PASSED] - Browser is opened with url: ''

2021-11-19 11:06:46 - [TEST_STEP][PASSED] - maximizeWindow(): Current window maximized

2021-11-19 11:06:46 - [MESSAGE][PASSED] - Current window maximized

2021-11-19 11:06:46 - [TEST_STEP][PASSED] - navigateToUrl(RADurl): Navigate to 'https://qa.velocitypayment.com/client/rad/index.html' successfully

2021-11-19 11:06:48 - [MESSAGE][PASSED] - Navigate to 'https://qa.velocitypayment.com/client/rad/index.html' successfully

2021-11-19 11:06:48 - [TEST_STEP][PASSED] - out.println("Value of taxTypeDropList : " + taxTypeDropList[i]): null

2021-11-19 11:06:48 - [TEST_STEP][PASSED] - selectOptionByLabel(findTestObject(orPath_Landing + "/dd_TaxType"), taxTypeDropList[i], false): All options with label 'Sales and Use' are selected in object 'Object Repository/RAD_Pages/Landing_Page/dd_TaxType' 

2021-11-19 11:06:49 - [MESSAGE][PASSED] - All options with label 'Sales and Use' are selected in object 'Object Repository/RAD_Pages/Landing_Page/dd_TaxType' 

2021-11-19 11:06:49 - [TEST_STEP][PASSED] - switch (taxTypeDropList[i]): null

2021-11-19 11:06:49 - [TEST_STEP][PASSED] - case "Sales and Use":: null

2021-11-19 11:06:49 - [TEST_STEP][PASSED] - setEncryptedText(findTestObject(orPath_TaxInfo + "/input_FederalEIN"), "RigbBhfdqOBDK95asqKeHw=="): Text ****** has been set on object 'Object Repository/RAD_Pages/TaxInfo_Page/input_FederalEIN'

2021-11-19 11:07:21 - [MESSAGE][INFO] - Unable to find the element located by 'By.xpath: //*[@id = 'data' and @name = 'Data' and @type = 'password' and @placeholder = 'Federal EIN']'. Please recheck the objects properties to make sure the desired element is located. 

2021-11-19 11:07:21 - [MESSAGE][WARNING] - [SELF-HEALING] Failed to find element with id 'Object Repository/RAD_Pages/TaxInfo_Page/input_FederalEIN'. Try using Self-healing.

2021-11-19 11:07:21 - [MESSAGE][WARNING] - [SELF-HEALING] The current locator of test object 'Object Repository/RAD_Pages/TaxInfo_Page/input_FederalEIN' was broken. Propose an alternative one: '#data'.

2021-11-19 11:07:21 - [MESSAGE][PASSED] - Text ****** has been set on object 'Object Repository/RAD_Pages/TaxInfo_Page/input_FederalEIN'

2021-11-19 11:07:21 - [TEST_STEP][PASSED] - setEncryptedText(findTestObject(orPath_TaxInfo + "/input_FederalEIN_ReEnter"), ""): Text ****** has been set on object 'Object Repository/RAD_Pages/TaxInfo_Page/input_FederalEIN_ReEnter'

2021-11-19 11:07:52 - [MESSAGE][INFO] - Unable to find the element located by 'By.xpath: //*[@id = 'data' and @name = 'Data' and @type = 'password' and @placeholder = 'Re-Type Federal EIN']'. Please recheck the objects properties to make sure the desired element is located. 

2021-11-19 11:07:52 - [MESSAGE][WARNING] - [SELF-HEALING] Failed to find element with id 'Object Repository/RAD_Pages/TaxInfo_Page/input_FederalEIN_ReEnter'. Try using Self-healing.

2021-11-19 11:07:52 - [MESSAGE][WARNING] - [SELF-HEALING] The current locator of test object 'Object Repository/RAD_Pages/TaxInfo_Page/input_FederalEIN_ReEnter' was broken. Propose an alternative one: '//input[@id='data']'.

2021-11-19 11:07:52 - [MESSAGE][PASSED] - Text ****** has been set on object 'Object Repository/RAD_Pages/TaxInfo_Page/input_FederalEIN_ReEnter'

2021-11-19 11:07:52 - [TEST_STEP][PASSED] - verifyTextPresent("Please enter a valid FEIN with 9 digits.", true): Text 'Please enter a valid FEIN with 9 digits.' is present on page  using regular expression

2021-11-19 11:07:53 - [MESSAGE][PASSED] - Text 'Please enter a valid FEIN with 9 digits.' is present on page  using regular expression

2021-11-19 11:07:53 - [TEST_STEP][PASSED] - closeBrowser(): Browser is closed

2021-11-19 11:07:54 - [MESSAGE][PASSED] - Browser is closed

2021-11-19 11:07:54 - [TEST_STEP][PASSED] - break: null

2021-11-19 11:07:54 - [TEST_STEP][PASSED] - openBrowser(""): Browser is opened with url: ''

2021-11-19 11:07:54 - [MESSAGE][INFO] - Starting 'Chrome' driver

2021-11-19 11:07:54 - [MESSAGE][INFO] - User set preference: ['acceptInsecureCerts', 'true']

2021-11-19 11:07:54 - [MESSAGE][INFO] - Action delay is set to 0 milliseconds

2021-11-19 11:07:55 - [MESSAGE][PASSED] - Browser is opened with url: ''

2021-11-19 11:07:55 - [TEST_STEP][PASSED] - maximizeWindow(): Current window maximized

2021-11-19 11:07:56 - [MESSAGE][PASSED] - Current window maximized

2021-11-19 11:07:56 - [TEST_STEP][PASSED] - navigateToUrl(RADurl): Navigate to 'https://qa.velocitypayment.com/client/rad/index.html' successfully

2021-11-19 11:07:58 - [MESSAGE][PASSED] - Navigate to 'https://qa.velocitypayment.com/client/rad/index.html' successfully

2021-11-19 11:07:58 - [TEST_STEP][PASSED] - out.println("Value of taxTypeDropList : " + taxTypeDropList[i]): null

2021-11-19 11:07:58 - [TEST_STEP][PASSED] - selectOptionByLabel(findTestObject(orPath_Landing + "/dd_TaxType"), taxTypeDropList[i], false): All options with label 'Withholding Tax' are selected in object 'Object Repository/RAD_Pages/Landing_Page/dd_TaxType' 

2021-11-19 11:07:58 - [MESSAGE][PASSED] - All options with label 'Withholding Tax' are selected in object 'Object Repository/RAD_Pages/Landing_Page/dd_TaxType' 

2021-11-19 11:07:58 - [TEST_STEP][PASSED] - switch (taxTypeDropList[i]): null

2021-11-19 11:07:58 - [TEST_STEP][PASSED] - case "Withholding Tax":: null

2021-11-19 11:07:58 - [TEST_STEP][PASSED] - setEncryptedText(findTestObject(orPath_TaxInfo + "/input_FederalEIN"), "RigbBhfdqOBDK95asqKeHw=="): Text ****** has been set on object 'Object Repository/RAD_Pages/TaxInfo_Page/input_FederalEIN'

2021-11-19 11:08:30 - [MESSAGE][INFO] - Unable to find the element located by 'By.xpath: //*[@id = 'data' and @name = 'Data' and @type = 'password' and @placeholder = 'Federal EIN']'. Please recheck the objects properties to make sure the desired element is located. 

2021-11-19 11:08:30 - [MESSAGE][WARNING] - [SELF-HEALING] Failed to find element with id 'Object Repository/RAD_Pages/TaxInfo_Page/input_FederalEIN'. Try using Self-healing.

2021-11-19 11:08:30 - [MESSAGE][WARNING] - [SELF-HEALING] The current locator of test object 'Object Repository/RAD_Pages/TaxInfo_Page/input_FederalEIN' was broken. Propose an alternative one: '#data'.

2021-11-19 11:08:30 - [MESSAGE][PASSED] - Text ****** has been set on object 'Object Repository/RAD_Pages/TaxInfo_Page/input_FederalEIN'

2021-11-19 11:08:30 - [TEST_STEP][PASSED] - setEncryptedText(findTestObject(orPath_TaxInfo + "/input_FederalEIN_ReEnter"), ""): Text ****** has been set on object 'Object Repository/RAD_Pages/TaxInfo_Page/input_FederalEIN_ReEnter'

2021-11-19 11:09:01 - [MESSAGE][INFO] - Unable to find the element located by 'By.xpath: //*[@id = 'data' and @name = 'Data' and @type = 'password' and @placeholder = 'Re-Type Federal EIN']'. Please recheck the objects properties to make sure the desired element is located. 

2021-11-19 11:09:01 - [MESSAGE][WARNING] - [SELF-HEALING] Failed to find element with id 'Object Repository/RAD_Pages/TaxInfo_Page/input_FederalEIN_ReEnter'. Try using Self-healing.

2021-11-19 11:09:01 - [MESSAGE][WARNING] - [SELF-HEALING] The current locator of test object 'Object Repository/RAD_Pages/TaxInfo_Page/input_FederalEIN_ReEnter' was broken. Propose an alternative one: '//input[@id='data']'.

2021-11-19 11:09:02 - [MESSAGE][PASSED] - Text ****** has been set on object 'Object Repository/RAD_Pages/TaxInfo_Page/input_FederalEIN_ReEnter'

2021-11-19 11:09:02 - [TEST_STEP][PASSED] - verifyTextPresent("Please enter a valid FEIN with 9 digits.", true): Text 'Please enter a valid FEIN with 9 digits.' is present on page  using regular expression

2021-11-19 11:09:02 - [MESSAGE][PASSED] - Text 'Please enter a valid FEIN with 9 digits.' is present on page  using regular expression

2021-11-19 11:09:02 - [TEST_STEP][PASSED] - closeBrowser(): Browser is closed

2021-11-19 11:09:03 - [MESSAGE][PASSED] - Browser is closed

2021-11-19 11:09:03 - [TEST_STEP][PASSED] - break: null]]></system-out>
         <system-err><![CDATA[]]></system-err>
      </testcase>
      <testcase name="Test Cases/RAD_TestCases/PaymentsHardCoded/Payments_HC_TC" time="3664.13" classname="Test Cases/RAD_TestCases/PaymentsHardCoded/Payments_HC_TC" status="FAILED">
         <failure type="FAILED" message="Test Cases/RAD_TestCases/PaymentsHardCoded/Payments_HC_TC FAILED.
Reason:
com.kms.katalon.core.exception.StepFailedException: Unable to click on object 'Object Repository/RAD_Pages/Landing_Page/button_Continue' (Root cause: com.kms.katalon.core.exception.StepFailedException: Unable to click on object 'Object Repository/RAD_Pages/Landing_Page/button_Continue'
	at com.kms.katalon.core.webui.keyword.internal.WebUIKeywordMain.stepFailed(WebUIKeywordMain.groovy:64)
	at com.kms.katalon.core.webui.keyword.internal.WebUIKeywordMain.runKeyword(WebUIKeywordMain.groovy:26)
	at com.kms.katalon.core.webui.keyword.builtin.ClickKeyword.click(ClickKeyword.groovy:75)
	at com.kms.katalon.core.webui.keyword.builtin.ClickKeyword.execute(ClickKeyword.groovy:42)
	at com.kms.katalon.core.keyword.internal.KeywordExecutor.executeKeywordForPlatform(KeywordExecutor.groovy:74)
	at com.kms.katalon.core.webui.keyword.WebUiBuiltInKeywords.click(WebUiBuiltInKeywords.groovy:620)
	at com.kms.katalon.core.webui.keyword.WebUiBuiltInKeywords$click$10.call(Unknown Source)
	at Payments_HC_TC.run(Payments_HC_TC:292)
	at com.kms.katalon.core.main.ScriptEngine.run(ScriptEngine.java:194)
	at com.kms.katalon.core.main.ScriptEngine.runScriptAsRawText(ScriptEngine.java:119)
	at com.kms.katalon.core.main.TestCaseExecutor.runScript(TestCaseExecutor.java:430)
	at com.kms.katalon.core.main.TestCaseExecutor.doExecute(TestCaseExecutor.java:421)
	at com.kms.katalon.core.main.TestCaseExecutor.processExecutionPhase(TestCaseExecutor.java:400)
	at com.kms.katalon.core.main.TestCaseExecutor.accessMainPhase(TestCaseExecutor.java:392)
	at com.kms.katalon.core.main.TestCaseExecutor.execute(TestCaseExecutor.java:273)
	at com.kms.katalon.core.main.TestSuiteExecutor.accessTestCaseMainPhase(TestSuiteExecutor.java:202)
	at com.kms.katalon.core.main.TestSuiteExecutor.accessTestSuiteMainPhase(TestSuiteExecutor.java:164)
	at com.kms.katalon.core.main.TestSuiteExecutor.execute(TestSuiteExecutor.java:105)
	at com.kms.katalon.core.main.TestCaseMain.startTestSuite(TestCaseMain.java:185)
	at com.kms.katalon.core.main.TestCaseMain$startTestSuite$0.call(Unknown Source)
	at TempTestSuite1637335687322.run(TempTestSuite1637335687322.groovy:36)
Caused by: org.openqa.selenium.ElementClickInterceptedException: element click intercepted: Element &lt;button class=&quot;btn btn-primary float-end w-auto disablecontinue&quot; disabled=&quot;&quot;>...&lt;/button> is not clickable at point (1046, 801). Other element would receive the click: &lt;div class=&quot;w-100 mt-auto pt-3&quot;>...&lt;/div>
  (Session info: chrome=96.0.4664.45)
Build info: version: '3.141.59', revision: 'e82be7d358', time: '2018-11-14T08:25:53'
System info: host: 'DESKTOP-B2QI6NS', ip: '172.30.2.167', os.name: 'Windows 10', os.arch: 'amd64', os.version: '10.0', java.version: '1.8.0_181'
Driver info: com.kms.katalon.selenium.driver.CChromeDriver
Capabilities {acceptInsecureCerts: true, browserName: chrome, browserVersion: 96.0.4664.45, chrome: {chromedriverVersion: 95.0.4638.54 (d31a821ec901f..., userDataDir: C:\Users\iahmed\AppData\Loc...}, goog:chromeOptions: {debuggerAddress: localhost:50217}, javascriptEnabled: true, networkConnectionEnabled: false, pageLoadStrategy: normal, platform: WINDOWS, platformName: WINDOWS, proxy: Proxy(), setWindowRect: true, strictFileInteractability: false, timeouts: {implicit: 0, pageLoad: 300000, script: 30000}, unhandledPromptBehavior: dismiss and notify, webauthn:extension:credBlob: true, webauthn:extension:largeBlob: true, webauthn:virtualAuthenticators: true}
Session ID: ab4229e845027eaf8b917732b78f9d49
	at org.openqa.selenium.remote.http.W3CHttpResponseCodec.createException(W3CHttpResponseCodec.java:187)
	at org.openqa.selenium.remote.http.W3CHttpResponseCodec.decode(W3CHttpResponseCodec.java:122)
	at org.openqa.selenium.remote.http.W3CHttpResponseCodec.decode(W3CHttpResponseCodec.java:49)
	at org.openqa.selenium.remote.HttpCommandExecutor.execute(HttpCommandExecutor.java:158)
	at org.openqa.selenium.remote.service.DriverCommandExecutor.execute(DriverCommandExecutor.java:83)
	at org.openqa.selenium.remote.RemoteWebDriver.execute(RemoteWebDriver.java:552)
	at com.kms.katalon.selenium.driver.CChromeDriver.execute(CChromeDriver.java:19)
	at org.openqa.selenium.remote.RemoteWebElement.execute(RemoteWebElement.java:285)
	at org.openqa.selenium.remote.RemoteWebElement.click(RemoteWebElement.java:84)
	at org.openqa.selenium.support.events.EventFiringWebDriver$EventFiringWebElement.lambda$new$0(EventFiringWebDriver.java:404)
	at com.sun.proxy.$Proxy11.click(Unknown Source)
	at org.openqa.selenium.support.events.EventFiringWebDriver$EventFiringWebElement.click(EventFiringWebDriver.java:417)
	at com.kms.katalon.core.webui.keyword.builtin.ClickKeyword$_click_closure1.doCall(ClickKeyword.groovy:68)
	at com.kms.katalon.core.webui.keyword.builtin.ClickKeyword$_click_closure1.call(ClickKeyword.groovy)
	at com.kms.katalon.core.webui.keyword.internal.WebUIKeywordMain.runKeyword(WebUIKeywordMain.groovy:20)
	at com.kms.katalon.core.webui.keyword.builtin.ClickKeyword.click(ClickKeyword.groovy:75)
	at com.kms.katalon.core.webui.keyword.builtin.ClickKeyword.execute(ClickKeyword.groovy:42)
	at com.kms.katalon.core.keyword.internal.KeywordExecutor.executeKeywordForPlatform(KeywordExecutor.groovy:74)
	at com.kms.katalon.core.webui.keyword.WebUiBuiltInKeywords.click(WebUiBuiltInKeywords.groovy:620)
	at com.kms.katalon.core.webui.keyword.WebUiBuiltInKeywords$click$10.call(Unknown Source)
	at Script1634674829687.run(Script1634674829687.groovy:292)
	... 13 more
)
	at com.kms.katalon.core.keyword.internal.KeywordMain.stepFailed(KeywordMain.groovy:39)
	at com.kms.katalon.core.webui.keyword.internal.WebUIKeywordMain.stepFailed(WebUIKeywordMain.groovy:64)
	at com.kms.katalon.core.webui.keyword.internal.WebUIKeywordMain.runKeyword(WebUIKeywordMain.groovy:26)
	at com.kms.katalon.core.webui.keyword.builtin.ClickKeyword.click(ClickKeyword.groovy:75)
	at com.kms.katalon.core.webui.keyword.builtin.ClickKeyword.execute(ClickKeyword.groovy:42)
	at com.kms.katalon.core.keyword.internal.KeywordExecutor.executeKeywordForPlatform(KeywordExecutor.groovy:74)
	at com.kms.katalon.core.webui.keyword.WebUiBuiltInKeywords.click(WebUiBuiltInKeywords.groovy:620)
	at com.kms.katalon.core.webui.keyword.WebUiBuiltInKeywords$click$10.call(Unknown Source)
	at Payments_HC_TC.run(Payments_HC_TC:292)
	at com.kms.katalon.core.main.ScriptEngine.run(ScriptEngine.java:194)
	at com.kms.katalon.core.main.ScriptEngine.runScriptAsRawText(ScriptEngine.java:119)
	at com.kms.katalon.core.main.TestCaseExecutor.runScript(TestCaseExecutor.java:430)
	at com.kms.katalon.core.main.TestCaseExecutor.doExecute(TestCaseExecutor.java:421)
	at com.kms.katalon.core.main.TestCaseExecutor.processExecutionPhase(TestCaseExecutor.java:400)
	at com.kms.katalon.core.main.TestCaseExecutor.accessMainPhase(TestCaseExecutor.java:392)
	at com.kms.katalon.core.main.TestCaseExecutor.execute(TestCaseExecutor.java:273)
	at com.kms.katalon.core.main.TestSuiteExecutor.accessTestCaseMainPhase(TestSuiteExecutor.java:202)
	at com.kms.katalon.core.main.TestSuiteExecutor.accessTestSuiteMainPhase(TestSuiteExecutor.java:164)
	at com.kms.katalon.core.main.TestSuiteExecutor.execute(TestSuiteExecutor.java:105)
	at com.kms.katalon.core.main.TestCaseMain.startTestSuite(TestCaseMain.java:185)
	at com.kms.katalon.core.main.TestCaseMain$startTestSuite$0.call(Unknown Source)
	at TempTestSuite1637335687322.run(TempTestSuite1637335687322.groovy:36)
Caused by: com.kms.katalon.core.exception.StepFailedException: Unable to click on object 'Object Repository/RAD_Pages/Landing_Page/button_Continue'
	... 21 more
Caused by: org.openqa.selenium.ElementClickInterceptedException: element click intercepted: Element &lt;button class=&quot;btn btn-primary float-end w-auto disablecontinue&quot; disabled=&quot;&quot;>...&lt;/button> is not clickable at point (1046, 801). Other element would receive the click: &lt;div class=&quot;w-100 mt-auto pt-3&quot;>...&lt;/div>
  (Session info: chrome=96.0.4664.45)
Build info: version: '3.141.59', revision: 'e82be7d358', time: '2018-11-14T08:25:53'
System info: host: 'DESKTOP-B2QI6NS', ip: '172.30.2.167', os.name: 'Windows 10', os.arch: 'amd64', os.version: '10.0', java.version: '1.8.0_181'
Driver info: com.kms.katalon.selenium.driver.CChromeDriver
Capabilities {acceptInsecureCerts: true, browserName: chrome, browserVersion: 96.0.4664.45, chrome: {chromedriverVersion: 95.0.4638.54 (d31a821ec901f..., userDataDir: C:\Users\iahmed\AppData\Loc...}, goog:chromeOptions: {debuggerAddress: localhost:50217}, javascriptEnabled: true, networkConnectionEnabled: false, pageLoadStrategy: normal, platform: WINDOWS, platformName: WINDOWS, proxy: Proxy(), setWindowRect: true, strictFileInteractability: false, timeouts: {implicit: 0, pageLoad: 300000, script: 30000}, unhandledPromptBehavior: dismiss and notify, webauthn:extension:credBlob: true, webauthn:extension:largeBlob: true, webauthn:virtualAuthenticators: true}
Session ID: ab4229e845027eaf8b917732b78f9d49
	at org.openqa.selenium.remote.http.W3CHttpResponseCodec.createException(W3CHttpResponseCodec.java:187)
	at org.openqa.selenium.remote.http.W3CHttpResponseCodec.decode(W3CHttpResponseCodec.java:122)
	at org.openqa.selenium.remote.http.W3CHttpResponseCodec.decode(W3CHttpResponseCodec.java:49)
	at org.openqa.selenium.remote.HttpCommandExecutor.execute(HttpCommandExecutor.java:158)
	at org.openqa.selenium.remote.service.DriverCommandExecutor.execute(DriverCommandExecutor.java:83)
	at org.openqa.selenium.remote.RemoteWebDriver.execute(RemoteWebDriver.java:552)
	at com.kms.katalon.selenium.driver.CChromeDriver.execute(CChromeDriver.java:19)
	at org.openqa.selenium.remote.RemoteWebElement.execute(RemoteWebElement.java:285)
	at org.openqa.selenium.remote.RemoteWebElement.click(RemoteWebElement.java:84)
	at org.openqa.selenium.support.events.EventFiringWebDriver$EventFiringWebElement.lambda$new$0(EventFiringWebDriver.java:404)
	at com.sun.proxy.$Proxy11.click(Unknown Source)
	at org.openqa.selenium.support.events.EventFiringWebDriver$EventFiringWebElement.click(EventFiringWebDriver.java:417)
	at com.kms.katalon.core.webui.keyword.builtin.ClickKeyword$_click_closure1.doCall(ClickKeyword.groovy:68)
	at com.kms.katalon.core.webui.keyword.builtin.ClickKeyword$_click_closure1.call(ClickKeyword.groovy)
	at com.kms.katalon.core.webui.keyword.internal.WebUIKeywordMain.runKeyword(WebUIKeywordMain.groovy:20)
	... 19 more
"/>
         <system-out><![CDATA[2021-11-19 11:09:03 - [TEST_CASE][FAILED] - Test Cases/RAD_TestCases/PaymentsHardCoded/Payments_HC_TC: Test Cases/RAD_TestCases/PaymentsHardCoded/Payments_HC_TC FAILED.
Reason:
com.kms.katalon.core.exception.StepFailedException: Unable to click on object 'Object Repository/RAD_Pages/Landing_Page/button_Continue' (Root cause: com.kms.katalon.core.exception.StepFailedException: Unable to click on object 'Object Repository/RAD_Pages/Landing_Page/button_Continue'
	at com.kms.katalon.core.webui.keyword.internal.WebUIKeywordMain.stepFailed(WebUIKeywordMain.groovy:64)
	at com.kms.katalon.core.webui.keyword.internal.WebUIKeywordMain.runKeyword(WebUIKeywordMain.groovy:26)
	at com.kms.katalon.core.webui.keyword.builtin.ClickKeyword.click(ClickKeyword.groovy:75)
	at com.kms.katalon.core.webui.keyword.builtin.ClickKeyword.execute(ClickKeyword.groovy:42)
	at com.kms.katalon.core.keyword.internal.KeywordExecutor.executeKeywordForPlatform(KeywordExecutor.groovy:74)
	at com.kms.katalon.core.webui.keyword.WebUiBuiltInKeywords.click(WebUiBuiltInKeywords.groovy:620)
	at com.kms.katalon.core.webui.keyword.WebUiBuiltInKeywords$click$10.call(Unknown Source)
	at Payments_HC_TC.run(Payments_HC_TC:292)
	at com.kms.katalon.core.main.ScriptEngine.run(ScriptEngine.java:194)
	at com.kms.katalon.core.main.ScriptEngine.runScriptAsRawText(ScriptEngine.java:119)
	at com.kms.katalon.core.main.TestCaseExecutor.runScript(TestCaseExecutor.java:430)
	at com.kms.katalon.core.main.TestCaseExecutor.doExecute(TestCaseExecutor.java:421)
	at com.kms.katalon.core.main.TestCaseExecutor.processExecutionPhase(TestCaseExecutor.java:400)
	at com.kms.katalon.core.main.TestCaseExecutor.accessMainPhase(TestCaseExecutor.java:392)
	at com.kms.katalon.core.main.TestCaseExecutor.execute(TestCaseExecutor.java:273)
	at com.kms.katalon.core.main.TestSuiteExecutor.accessTestCaseMainPhase(TestSuiteExecutor.java:202)
	at com.kms.katalon.core.main.TestSuiteExecutor.accessTestSuiteMainPhase(TestSuiteExecutor.java:164)
	at com.kms.katalon.core.main.TestSuiteExecutor.execute(TestSuiteExecutor.java:105)
	at com.kms.katalon.core.main.TestCaseMain.startTestSuite(TestCaseMain.java:185)
	at com.kms.katalon.core.main.TestCaseMain$startTestSuite$0.call(Unknown Source)
	at TempTestSuite1637335687322.run(TempTestSuite1637335687322.groovy:36)
Caused by: org.openqa.selenium.ElementClickInterceptedException: element click intercepted: Element <button class="btn btn-primary float-end w-auto disablecontinue" disabled="">...</button> is not clickable at point (1046, 801). Other element would receive the click: <div class="w-100 mt-auto pt-3">...</div>
  (Session info: chrome=96.0.4664.45)
Build info: version: '3.141.59', revision: 'e82be7d358', time: '2018-11-14T08:25:53'
System info: host: 'DESKTOP-B2QI6NS', ip: '172.30.2.167', os.name: 'Windows 10', os.arch: 'amd64', os.version: '10.0', java.version: '1.8.0_181'
Driver info: com.kms.katalon.selenium.driver.CChromeDriver
Capabilities {acceptInsecureCerts: true, browserName: chrome, browserVersion: 96.0.4664.45, chrome: {chromedriverVersion: 95.0.4638.54 (d31a821ec901f..., userDataDir: C:\Users\iahmed\AppData\Loc...}, goog:chromeOptions: {debuggerAddress: localhost:50217}, javascriptEnabled: true, networkConnectionEnabled: false, pageLoadStrategy: normal, platform: WINDOWS, platformName: WINDOWS, proxy: Proxy(), setWindowRect: true, strictFileInteractability: false, timeouts: {implicit: 0, pageLoad: 300000, script: 30000}, unhandledPromptBehavior: dismiss and notify, webauthn:extension:credBlob: true, webauthn:extension:largeBlob: true, webauthn:virtualAuthenticators: true}
Session ID: ab4229e845027eaf8b917732b78f9d49
	at org.openqa.selenium.remote.http.W3CHttpResponseCodec.createException(W3CHttpResponseCodec.java:187)
	at org.openqa.selenium.remote.http.W3CHttpResponseCodec.decode(W3CHttpResponseCodec.java:122)
	at org.openqa.selenium.remote.http.W3CHttpResponseCodec.decode(W3CHttpResponseCodec.java:49)
	at org.openqa.selenium.remote.HttpCommandExecutor.execute(HttpCommandExecutor.java:158)
	at org.openqa.selenium.remote.service.DriverCommandExecutor.execute(DriverCommandExecutor.java:83)
	at org.openqa.selenium.remote.RemoteWebDriver.execute(RemoteWebDriver.java:552)
	at com.kms.katalon.selenium.driver.CChromeDriver.execute(CChromeDriver.java:19)
	at org.openqa.selenium.remote.RemoteWebElement.execute(RemoteWebElement.java:285)
	at org.openqa.selenium.remote.RemoteWebElement.click(RemoteWebElement.java:84)
	at org.openqa.selenium.support.events.EventFiringWebDriver$EventFiringWebElement.lambda$new$0(EventFiringWebDriver.java:404)
	at com.sun.proxy.$Proxy11.click(Unknown Source)
	at org.openqa.selenium.support.events.EventFiringWebDriver$EventFiringWebElement.click(EventFiringWebDriver.java:417)
	at com.kms.katalon.core.webui.keyword.builtin.ClickKeyword$_click_closure1.doCall(ClickKeyword.groovy:68)
	at com.kms.katalon.core.webui.keyword.builtin.ClickKeyword$_click_closure1.call(ClickKeyword.groovy)
	at com.kms.katalon.core.webui.keyword.internal.WebUIKeywordMain.runKeyword(WebUIKeywordMain.groovy:20)
	at com.kms.katalon.core.webui.keyword.builtin.ClickKeyword.click(ClickKeyword.groovy:75)
	at com.kms.katalon.core.webui.keyword.builtin.ClickKeyword.execute(ClickKeyword.groovy:42)
	at com.kms.katalon.core.keyword.internal.KeywordExecutor.executeKeywordForPlatform(KeywordExecutor.groovy:74)
	at com.kms.katalon.core.webui.keyword.WebUiBuiltInKeywords.click(WebUiBuiltInKeywords.groovy:620)
	at com.kms.katalon.core.webui.keyword.WebUiBuiltInKeywords$click$10.call(Unknown Source)
	at Script1634674829687.run(Script1634674829687.groovy:292)
	... 13 more
)
	at com.kms.katalon.core.keyword.internal.KeywordMain.stepFailed(KeywordMain.groovy:39)
	at com.kms.katalon.core.webui.keyword.internal.WebUIKeywordMain.stepFailed(WebUIKeywordMain.groovy:64)
	at com.kms.katalon.core.webui.keyword.internal.WebUIKeywordMain.runKeyword(WebUIKeywordMain.groovy:26)
	at com.kms.katalon.core.webui.keyword.builtin.ClickKeyword.click(ClickKeyword.groovy:75)
	at com.kms.katalon.core.webui.keyword.builtin.ClickKeyword.execute(ClickKeyword.groovy:42)
	at com.kms.katalon.core.keyword.internal.KeywordExecutor.executeKeywordForPlatform(KeywordExecutor.groovy:74)
	at com.kms.katalon.core.webui.keyword.WebUiBuiltInKeywords.click(WebUiBuiltInKeywords.groovy:620)
	at com.kms.katalon.core.webui.keyword.WebUiBuiltInKeywords$click$10.call(Unknown Source)
	at Payments_HC_TC.run(Payments_HC_TC:292)
	at com.kms.katalon.core.main.ScriptEngine.run(ScriptEngine.java:194)
	at com.kms.katalon.core.main.ScriptEngine.runScriptAsRawText(ScriptEngine.java:119)
	at com.kms.katalon.core.main.TestCaseExecutor.runScript(TestCaseExecutor.java:430)
	at com.kms.katalon.core.main.TestCaseExecutor.doExecute(TestCaseExecutor.java:421)
	at com.kms.katalon.core.main.TestCaseExecutor.processExecutionPhase(TestCaseExecutor.java:400)
	at com.kms.katalon.core.main.TestCaseExecutor.accessMainPhase(TestCaseExecutor.java:392)
	at com.kms.katalon.core.main.TestCaseExecutor.execute(TestCaseExecutor.java:273)
	at com.kms.katalon.core.main.TestSuiteExecutor.accessTestCaseMainPhase(TestSuiteExecutor.java:202)
	at com.kms.katalon.core.main.TestSuiteExecutor.accessTestSuiteMainPhase(TestSuiteExecutor.java:164)
	at com.kms.katalon.core.main.TestSuiteExecutor.execute(TestSuiteExecutor.java:105)
	at com.kms.katalon.core.main.TestCaseMain.startTestSuite(TestCaseMain.java:185)
	at com.kms.katalon.core.main.TestCaseMain$startTestSuite$0.call(Unknown Source)
	at TempTestSuite1637335687322.run(TempTestSuite1637335687322.groovy:36)
Caused by: com.kms.katalon.core.exception.StepFailedException: Unable to click on object 'Object Repository/RAD_Pages/Landing_Page/button_Continue'
	... 21 more
Caused by: org.openqa.selenium.ElementClickInterceptedException: element click intercepted: Element <button class="btn btn-primary float-end w-auto disablecontinue" disabled="">...</button> is not clickable at point (1046, 801). Other element would receive the click: <div class="w-100 mt-auto pt-3">...</div>
  (Session info: chrome=96.0.4664.45)
Build info: version: '3.141.59', revision: 'e82be7d358', time: '2018-11-14T08:25:53'
System info: host: 'DESKTOP-B2QI6NS', ip: '172.30.2.167', os.name: 'Windows 10', os.arch: 'amd64', os.version: '10.0', java.version: '1.8.0_181'
Driver info: com.kms.katalon.selenium.driver.CChromeDriver
Capabilities {acceptInsecureCerts: true, browserName: chrome, browserVersion: 96.0.4664.45, chrome: {chromedriverVersion: 95.0.4638.54 (d31a821ec901f..., userDataDir: C:\Users\iahmed\AppData\Loc...}, goog:chromeOptions: {debuggerAddress: localhost:50217}, javascriptEnabled: true, networkConnectionEnabled: false, pageLoadStrategy: normal, platform: WINDOWS, platformName: WINDOWS, proxy: Proxy(), setWindowRect: true, strictFileInteractability: false, timeouts: {implicit: 0, pageLoad: 300000, script: 30000}, unhandledPromptBehavior: dismiss and notify, webauthn:extension:credBlob: true, webauthn:extension:largeBlob: true, webauthn:virtualAuthenticators: true}
Session ID: ab4229e845027eaf8b917732b78f9d49
	at org.openqa.selenium.remote.http.W3CHttpResponseCodec.createException(W3CHttpResponseCodec.java:187)
	at org.openqa.selenium.remote.http.W3CHttpResponseCodec.decode(W3CHttpResponseCodec.java:122)
	at org.openqa.selenium.remote.http.W3CHttpResponseCodec.decode(W3CHttpResponseCodec.java:49)
	at org.openqa.selenium.remote.HttpCommandExecutor.execute(HttpCommandExecutor.java:158)
	at org.openqa.selenium.remote.service.DriverCommandExecutor.execute(DriverCommandExecutor.java:83)
	at org.openqa.selenium.remote.RemoteWebDriver.execute(RemoteWebDriver.java:552)
	at com.kms.katalon.selenium.driver.CChromeDriver.execute(CChromeDriver.java:19)
	at org.openqa.selenium.remote.RemoteWebElement.execute(RemoteWebElement.java:285)
	at org.openqa.selenium.remote.RemoteWebElement.click(RemoteWebElement.java:84)
	at org.openqa.selenium.support.events.EventFiringWebDriver$EventFiringWebElement.lambda$new$0(EventFiringWebDriver.java:404)
	at com.sun.proxy.$Proxy11.click(Unknown Source)
	at org.openqa.selenium.support.events.EventFiringWebDriver$EventFiringWebElement.click(EventFiringWebDriver.java:417)
	at com.kms.katalon.core.webui.keyword.builtin.ClickKeyword$_click_closure1.doCall(ClickKeyword.groovy:68)
	at com.kms.katalon.core.webui.keyword.builtin.ClickKeyword$_click_closure1.call(ClickKeyword.groovy)
	at com.kms.katalon.core.webui.keyword.internal.WebUIKeywordMain.runKeyword(WebUIKeywordMain.groovy:20)
	... 19 more


2021-11-19 11:09:04 - [TEST_STEP][PASSED] - resText = "Fail": null

2021-11-19 11:09:04 - [TEST_STEP][PASSED] - resColumn = "Result": null

2021-11-19 11:09:04 - [TEST_STEP][PASSED] - datCloumn = "Date": null

2021-11-19 11:09:04 - [TEST_STEP][PASSED] - fileLoc = "C:\KatalonData\RADTestData\PaymentsHardCoded.xlsx": null

2021-11-19 11:09:04 - [TEST_STEP][PASSED] - nameSheet = "Sheet1": null

2021-11-19 11:09:04 - [TEST_STEP][PASSED] - dataFile = "RADTestData/PaymentsHardCoded": null

2021-11-19 11:09:04 - [TEST_STEP][PASSED] - ExecuteTC = <not implemented yet for class: org.codehaus.groovy.ast.expr.EmptyExpression>: null

2021-11-19 11:09:04 - [TEST_STEP][PASSED] - Taxtype = <not implemented yet for class: org.codehaus.groovy.ast.expr.EmptyExpression>: null

2021-11-19 11:09:04 - [TEST_STEP][PASSED] - PaymentType = <not implemented yet for class: org.codehaus.groovy.ast.expr.EmptyExpression>: null

2021-11-19 11:09:04 - [TEST_STEP][PASSED] - FilingYear = <not implemented yet for class: org.codehaus.groovy.ast.expr.EmptyExpression>: null

2021-11-19 11:09:04 - [TEST_STEP][PASSED] - PeriodEnding = <not implemented yet for class: org.codehaus.groovy.ast.expr.EmptyExpression>: null

2021-11-19 11:09:04 - [TEST_STEP][PASSED] - FName = <not implemented yet for class: org.codehaus.groovy.ast.expr.EmptyExpression>: null

2021-11-19 11:09:04 - [TEST_STEP][PASSED] - LName = <not implemented yet for class: org.codehaus.groovy.ast.expr.EmptyExpression>: null

2021-11-19 11:09:04 - [TEST_STEP][PASSED] - SSN = <not implemented yet for class: org.codehaus.groovy.ast.expr.EmptyExpression>: null

2021-11-19 11:09:04 - [TEST_STEP][PASSED] - AL1 = <not implemented yet for class: org.codehaus.groovy.ast.expr.EmptyExpression>: null

2021-11-19 11:09:04 - [TEST_STEP][PASSED] - City = <not implemented yet for class: org.codehaus.groovy.ast.expr.EmptyExpression>: null

2021-11-19 11:09:04 - [TEST_STEP][PASSED] - ZIP = <not implemented yet for class: org.codehaus.groovy.ast.expr.EmptyExpression>: null

2021-11-19 11:09:04 - [TEST_STEP][PASSED] - FilingType = <not implemented yet for class: org.codehaus.groovy.ast.expr.EmptyExpression>: null

2021-11-19 11:09:04 - [TEST_STEP][PASSED] - Withholding = <not implemented yet for class: org.codehaus.groovy.ast.expr.EmptyExpression>: null

2021-11-19 11:09:04 - [TEST_STEP][PASSED] - Amount = <not implemented yet for class: org.codehaus.groovy.ast.expr.EmptyExpression>: null

2021-11-19 11:09:04 - [TEST_STEP][PASSED] - CCNumber = <not implemented yet for class: org.codehaus.groovy.ast.expr.EmptyExpression>: null

2021-11-19 11:09:04 - [TEST_STEP][PASSED] - CVV = <not implemented yet for class: org.codehaus.groovy.ast.expr.EmptyExpression>: null

2021-11-19 11:09:04 - [TEST_STEP][PASSED] - numOfRows = findTestData(dataFile).getRowNumbers(): null

2021-11-19 11:09:04 - [TEST_STEP][PASSED] - println("Number of Records: " + numOfRows): null

2021-11-19 11:09:04 - [TEST_STEP][FAILED] - for ([row = 1, row <= numOfRows, (row++)]): null

2021-11-19 11:09:04 - [TEST_STEP][PASSED] - ExecuteTC = findTestData(dataFile).getValue("Execute", row): null

2021-11-19 11:09:04 - [TEST_STEP][PASSED] - PaymentType = findTestData(dataFile).getValue("PaymentType", row): null

2021-11-19 11:09:04 - [TEST_STEP][PASSED] - FilingYear = findTestData(dataFile).getValue("FilingYear", row): null

2021-11-19 11:09:04 - [TEST_STEP][PASSED] - PeriodEnding = findTestData(dataFile).getValue("PeriodEnding", row): null

2021-11-19 11:09:04 - [TEST_STEP][PASSED] - FName = findTestData(dataFile).getValue("Fname", row): null

2021-11-19 11:09:04 - [TEST_STEP][PASSED] - LName = findTestData(dataFile).getValue("Lname", row): null

2021-11-19 11:09:04 - [TEST_STEP][PASSED] - SSN = findTestData(dataFile).getValue("SSN", row): null

2021-11-19 11:09:04 - [TEST_STEP][PASSED] - BusName = findTestData(dataFile).getValue("BusName", row): null

2021-11-19 11:09:04 - [TEST_STEP][PASSED] - AL1 = findTestData(dataFile).getValue("AL1", row): null

2021-11-19 11:09:04 - [TEST_STEP][PASSED] - City = findTestData(dataFile).getValue("City", row): null

2021-11-19 11:09:04 - [TEST_STEP][PASSED] - ZIP = findTestData(dataFile).getValue("ZIP", row): null

2021-11-19 11:09:04 - [TEST_STEP][PASSED] - FilingType = findTestData(dataFile).getValue("FilingType", row): null

2021-11-19 11:09:04 - [TEST_STEP][PASSED] - Withholding = findTestData(dataFile).getValue("Withholding", row): null

2021-11-19 11:09:04 - [TEST_STEP][PASSED] - Amount = findTestData(dataFile).getValue("Amount", row): null

2021-11-19 11:09:04 - [TEST_STEP][PASSED] - CCNumber = findTestData(dataFile).getValue("CCNumber", row): null

2021-11-19 11:09:04 - [TEST_STEP][PASSED] - CVV = findTestData(dataFile).getValue("CVV", row): null

2021-11-19 11:09:04 - [TEST_STEP][PASSED] - out.println("Value of Execute is : " + ExecuteTC): null

2021-11-19 11:09:04 - [TEST_STEP][PASSED] - if (ExecuteTC.equalsIgnoreCase("Y")): null

2021-11-19 11:09:04 - [TEST_STEP][PASSED] - out.println("Begin Record Number: " + row): null

2021-11-19 11:09:04 - [TEST_STEP][PASSED] - today = new java.util.Date(): null

2021-11-19 11:09:04 - [TEST_STEP][PASSED] - println(today): null

2021-11-19 11:09:04 - [TEST_STEP][PASSED] - datText = today: null

2021-11-19 11:09:04 - [TEST_STEP][PASSED] - Taxtype = findTestData(dataFile).getValue("TaxType", row): null

2021-11-19 11:09:04 - [TEST_STEP][PASSED] - out.println("Taxtype value is : " + Taxtype): null

2021-11-19 11:09:04 - [TEST_STEP][PASSED] - openBrowser(""): Browser is opened with url: ''

2021-11-19 11:09:04 - [MESSAGE][INFO] - Starting 'Chrome' driver

2021-11-19 11:09:04 - [MESSAGE][INFO] - User set preference: ['acceptInsecureCerts', 'true']

2021-11-19 11:09:04 - [MESSAGE][INFO] - Action delay is set to 0 milliseconds

2021-11-19 11:09:06 - [MESSAGE][PASSED] - Browser is opened with url: ''

2021-11-19 11:09:06 - [TEST_STEP][PASSED] - maximizeWindow(): Current window maximized

2021-11-19 11:09:06 - [MESSAGE][PASSED] - Current window maximized

2021-11-19 11:09:06 - [TEST_STEP][PASSED] - navigateToUrl(RADurl): Navigate to 'https://qa.velocitypayment.com/client/rad/index.html' successfully

2021-11-19 11:09:08 - [MESSAGE][PASSED] - Navigate to 'https://qa.velocitypayment.com/client/rad/index.html' successfully

2021-11-19 11:09:08 - [TEST_STEP][PASSED] - orPath_Landing = "Object Repository/RAD_Pages/Landing_Page": null

2021-11-19 11:09:08 - [TEST_STEP][PASSED] - orPath_TaxTypeFilingYear = "Object Repository/RAD_Pages/TaxTypeFilingYear_Page": null

2021-11-19 11:09:08 - [TEST_STEP][PASSED] - orPath_TaxPayer = "Object Repository/RAD_Pages/Taxpayer_Page": null

2021-11-19 11:09:08 - [TEST_STEP][PASSED] - orPath_AddressContact = "Object Repository/RAD_Pages/AddressAndContactInfo_Page": null

2021-11-19 11:09:08 - [TEST_STEP][PASSED] - orPath_FilingStatus = "Object Repository/RAD_Pages/FilingStatus_Page": null

2021-11-19 11:09:08 - [TEST_STEP][PASSED] - orPath_Amount = "Object Repository/RAD_Pages/PaymentAmount_Page": null

2021-11-19 11:09:08 - [TEST_STEP][PASSED] - orPath_TaxInfo = "Object Repository/RAD_Pages/TaxInfo_Page": null

2021-11-19 11:09:08 - [TEST_STEP][PASSED] - orPath_Withholding = "Object Repository/RAD_Pages/Withholding_Page": null

2021-11-19 11:09:08 - [TEST_STEP][PASSED] - orPath_Summary = "Object Repository/RAD_Pages/Summary_Page": null

2021-11-19 11:09:08 - [TEST_STEP][PASSED] - orPath_PaymentReady = "Object Repository/RAD_Pages/PaymentReady_Page": null

2021-11-19 11:09:08 - [TEST_STEP][PASSED] - orPath_PaymentEntry = "Object Repository/RAD_Pages/PaymentEntry_Page": null

2021-11-19 11:09:08 - [TEST_STEP][PASSED] - orPath_PaymentConfirmation = "Object Repository/RAD_Pages/PaymentConfirmation_Page": null

2021-11-19 11:09:08 - [TEST_STEP][PASSED] - orPath_ServiceFeesAccept = "Object Repository/RAD_Pages/ServiceFeeAccept_Page": null

2021-11-19 11:09:08 - [TEST_STEP][PASSED] - selectOptionByLabel(findTestObject(orPath_Landing + "/dd_TaxType"), Taxtype, false): All options with label 'Estimated Tax' are selected in object 'Object Repository/RAD_Pages/Landing_Page/dd_TaxType' 

2021-11-19 11:09:08 - [MESSAGE][PASSED] - All options with label 'Estimated Tax' are selected in object 'Object Repository/RAD_Pages/Landing_Page/dd_TaxType' 

2021-11-19 11:09:08 - [TEST_STEP][PASSED] - delay(3): Delayed 3 second(s)

2021-11-19 11:09:11 - [MESSAGE][PASSED] - Delayed 3 second(s)

2021-11-19 11:09:11 - [TEST_STEP][PASSED] - switch (Taxtype): null

2021-11-19 11:09:11 - [TEST_STEP][PASSED] - case "Estimated Tax":: null

2021-11-19 11:09:11 - [TEST_STEP][PASSED] - selectOptionByLabel(findTestObject(orPath_TaxTypeFilingYear + "/select_PaymentType"), PaymentType, false): All options with label 'Personal' are selected in object 'Object Repository/RAD_Pages/TaxTypeFilingYear_Page/select_PaymentType' 

2021-11-19 11:09:12 - [MESSAGE][PASSED] - All options with label 'Personal' are selected in object 'Object Repository/RAD_Pages/TaxTypeFilingYear_Page/select_PaymentType' 

2021-11-19 11:09:12 - [TEST_STEP][PASSED] - selectOptionByLabel(findTestObject(orPath_TaxTypeFilingYear + "/select_FilingYear"), FilingYear, false): All options with label '2021' are selected in object 'Object Repository/RAD_Pages/TaxTypeFilingYear_Page/select_FilingYear' 

2021-11-19 11:09:13 - [MESSAGE][PASSED] - All options with label '2021' are selected in object 'Object Repository/RAD_Pages/TaxTypeFilingYear_Page/select_FilingYear' 

2021-11-19 11:09:13 - [TEST_STEP][PASSED] - if (PaymentType.equalsIgnoreCase("Personal")): Object 'Object Repository/RAD_Pages/FilingStatus_Page/input_userType_Individual' is checked

2021-11-19 11:09:13 - [TEST_STEP][PASSED] - if (FilingType.equalsIgnoreCase("Y")): Object 'Object Repository/RAD_Pages/FilingStatus_Page/input_userType_Individual' is checked

2021-11-19 11:09:13 - [TEST_STEP][PASSED] - setText(findTestObject(orPath_TaxPayer + "/input_lastName"), LName): Text 'Anderson' is set on object 'Object Repository/RAD_Pages/Taxpayer_Page/input_lastName'

2021-11-19 11:09:13 - [MESSAGE][PASSED] - Text 'Anderson' is set on object 'Object Repository/RAD_Pages/Taxpayer_Page/input_lastName'

2021-11-19 11:09:13 - [TEST_STEP][PASSED] - setText(findTestObject("RAD_RecordAndPlay/input_concatSSN"), SSN): Text '123451234' is set on object 'Object Repository/RAD_RecordAndPlay/input_concatSSN'

2021-11-19 11:09:14 - [MESSAGE][PASSED] - Text '123451234' is set on object 'Object Repository/RAD_RecordAndPlay/input_concatSSN'

2021-11-19 11:09:14 - [TEST_STEP][PASSED] - setText(findTestObject("RAD_RecordAndPlay/input_concatReSSN"), SSN): Text '123451234' is set on object 'Object Repository/RAD_RecordAndPlay/input_concatReSSN'

2021-11-19 11:09:15 - [MESSAGE][PASSED] - Text '123451234' is set on object 'Object Repository/RAD_RecordAndPlay/input_concatReSSN'

2021-11-19 11:09:15 - [TEST_STEP][PASSED] - check(findTestObject(orPath_FilingStatus + "/input_userType_Individual")): Object 'Object Repository/RAD_Pages/FilingStatus_Page/input_userType_Individual' is checked

2021-11-19 11:09:15 - [MESSAGE][PASSED] - Object 'Object Repository/RAD_Pages/FilingStatus_Page/input_userType_Individual' is checked

2021-11-19 11:09:15 - [TEST_STEP][PASSED] - break: null

2021-11-19 11:09:15 - [TEST_STEP][PASSED] - setText(findTestObject(orPath_TaxPayer + "/input_firstName"), FName): Text 'Jimmie' is set on object 'Object Repository/RAD_Pages/Taxpayer_Page/input_firstName'

2021-11-19 11:09:16 - [MESSAGE][PASSED] - Text 'Jimmie' is set on object 'Object Repository/RAD_Pages/Taxpayer_Page/input_firstName'

2021-11-19 11:09:16 - [TEST_STEP][PASSED] - setText(findTestObject(orPath_TaxPayer + "/input_lastName"), LName): Text 'Anderson' is set on object 'Object Repository/RAD_Pages/Taxpayer_Page/input_lastName'

2021-11-19 11:09:17 - [MESSAGE][PASSED] - Text 'Anderson' is set on object 'Object Repository/RAD_Pages/Taxpayer_Page/input_lastName'

2021-11-19 11:09:17 - [TEST_STEP][PASSED] - selectOptionByLabel(findTestObject(orPath_AddressContact + "/select_Country"), "United States", false): All options with label 'United States' are selected in object 'Object Repository/RAD_Pages/AddressAndContactInfo_Page/select_Country' 

2021-11-19 11:09:18 - [MESSAGE][PASSED] - All options with label 'United States' are selected in object 'Object Repository/RAD_Pages/AddressAndContactInfo_Page/select_Country' 

2021-11-19 11:09:18 - [TEST_STEP][PASSED] - setText(findTestObject(orPath_AddressContact + "/input_streetAddress1"), AL1): Text '15 Main Street' is set on object 'Object Repository/RAD_Pages/AddressAndContactInfo_Page/input_streetAddress1'

2021-11-19 11:09:18 - [MESSAGE][PASSED] - Text '15 Main Street' is set on object 'Object Repository/RAD_Pages/AddressAndContactInfo_Page/input_streetAddress1'

2021-11-19 11:09:18 - [TEST_STEP][PASSED] - setText(findTestObject(orPath_AddressContact + "/input_streetAddress2"), ""): Text '' is set on object 'Object Repository/RAD_Pages/AddressAndContactInfo_Page/input_streetAddress2'

2021-11-19 11:09:19 - [MESSAGE][PASSED] - Text '' is set on object 'Object Repository/RAD_Pages/AddressAndContactInfo_Page/input_streetAddress2'

2021-11-19 11:09:19 - [TEST_STEP][PASSED] - setText(findTestObject(orPath_AddressContact + "/input_city"), City): Text 'Gambrills' is set on object 'Object Repository/RAD_Pages/AddressAndContactInfo_Page/input_city'

2021-11-19 11:09:20 - [MESSAGE][PASSED] - Text 'Gambrills' is set on object 'Object Repository/RAD_Pages/AddressAndContactInfo_Page/input_city'

2021-11-19 11:09:20 - [TEST_STEP][PASSED] - selectOptionByLabel(findTestObject(orPath_AddressContact + "/select_State"), "Maryland", false): All options with label 'Maryland' are selected in object 'Object Repository/RAD_Pages/AddressAndContactInfo_Page/select_State' 

2021-11-19 11:09:20 - [MESSAGE][PASSED] - All options with label 'Maryland' are selected in object 'Object Repository/RAD_Pages/AddressAndContactInfo_Page/select_State' 

2021-11-19 11:09:20 - [TEST_STEP][PASSED] - setText(findTestObject(orPath_AddressContact + "/input_zipCode"), ZIP): Text '21054' is set on object 'Object Repository/RAD_Pages/AddressAndContactInfo_Page/input_zipCode'

2021-11-19 11:09:21 - [MESSAGE][PASSED] - Text '21054' is set on object 'Object Repository/RAD_Pages/AddressAndContactInfo_Page/input_zipCode'

2021-11-19 11:09:21 - [TEST_STEP][PASSED] - setText(findTestObject(orPath_AddressContact + "/input_phoneNumber"), "(703) 894-5000"): Text '(703) 894-5000' is set on object 'Object Repository/RAD_Pages/AddressAndContactInfo_Page/input_phoneNumber'

2021-11-19 11:09:22 - [MESSAGE][PASSED] - Text '(703) 894-5000' is set on object 'Object Repository/RAD_Pages/AddressAndContactInfo_Page/input_phoneNumber'

2021-11-19 11:09:22 - [TEST_STEP][PASSED] - setText(findTestObject(orPath_AddressContact + "/input_eMailAddress"), "iahmed@govolution.com"): Text 'iahmed@govolution.com' is set on object 'Object Repository/RAD_Pages/AddressAndContactInfo_Page/input_eMailAddress'

2021-11-19 11:09:23 - [MESSAGE][PASSED] - Text 'iahmed@govolution.com' is set on object 'Object Repository/RAD_Pages/AddressAndContactInfo_Page/input_eMailAddress'

2021-11-19 11:09:23 - [TEST_STEP][PASSED] - setText(findTestObject(orPath_AddressContact + "/input_reEnterEMailAddress"), "iahmed@govolution.com"): Text 'iahmed@govolution.com' is set on object 'Object Repository/RAD_Pages/AddressAndContactInfo_Page/input_reEnterEMailAddress'

2021-11-19 11:09:24 - [MESSAGE][PASSED] - Text 'iahmed@govolution.com' is set on object 'Object Repository/RAD_Pages/AddressAndContactInfo_Page/input_reEnterEMailAddress'

2021-11-19 11:09:24 - [TEST_STEP][PASSED] - setText(findTestObject(orPath_Amount + "/input__paymentAmount"), Amount): Text '100.00' is set on object 'Object Repository/RAD_Pages/PaymentAmount_Page/input__paymentAmount'

2021-11-19 11:09:24 - [MESSAGE][PASSED] - Text '100.00' is set on object 'Object Repository/RAD_Pages/PaymentAmount_Page/input__paymentAmount'

2021-11-19 11:09:24 - [TEST_STEP][PASSED] - scrollToElement(findTestObject(orPath_Landing + "/button_Continue"), 3): Scroll to object 'Object Repository/RAD_Pages/Landing_Page/button_Continue' successfully

2021-11-19 11:09:25 - [MESSAGE][PASSED] - Scroll to object 'Object Repository/RAD_Pages/Landing_Page/button_Continue' successfully

2021-11-19 11:09:25 - [TEST_STEP][PASSED] - waitForElementClickable(findTestObject(orPath_Landing + "/button_Continue"), 5): Object 'Object Repository/RAD_Pages/Landing_Page/button_Continue' is clickable

2021-11-19 11:09:25 - [MESSAGE][PASSED] - Object 'Object Repository/RAD_Pages/Landing_Page/button_Continue' is clickable

2021-11-19 11:09:25 - [TEST_STEP][PASSED] - click(findTestObject(orPath_Landing + "/button_Continue")): Object: 'Object Repository/RAD_Pages/Landing_Page/button_Continue' is clicked on

2021-11-19 11:09:25 - [MESSAGE][PASSED] - Object: 'Object Repository/RAD_Pages/Landing_Page/button_Continue' is clicked on

2021-11-19 11:09:25 - [TEST_STEP][PASSED] - verifyTextPresent("Review the information below and make any necessary corrections by clicking the", true): Text 'Review the information below and make any necessary corrections by clicking the' is present on page  using regular expression

2021-11-19 11:09:26 - [MESSAGE][PASSED] - Text 'Review the information below and make any necessary corrections by clicking the' is present on page  using regular expression

2021-11-19 11:09:26 - [TEST_STEP][PASSED] - verifyTextPresent("When you are confident that all the information is correct", true): Text 'When you are confident that all the information is correct' is present on page  using regular expression

2021-11-19 11:09:26 - [MESSAGE][PASSED] - Text 'When you are confident that all the information is correct' is present on page  using regular expression

2021-11-19 11:09:26 - [TEST_STEP][PASSED] - delay(1): Delayed 1 second(s)

2021-11-19 11:09:27 - [MESSAGE][PASSED] - Delayed 1 second(s)

2021-11-19 11:09:27 - [TEST_STEP][PASSED] - click(findTestObject(orPath_Summary + "/button_Proceed to Payment")): Object: 'Object Repository/RAD_Pages/Summary_Page/button_Proceed to Payment' is clicked on

2021-11-19 11:09:29 - [MESSAGE][PASSED] - Object: 'Object Repository/RAD_Pages/Summary_Page/button_Proceed to Payment' is clicked on

2021-11-19 11:09:29 - [TEST_STEP][PASSED] - setText(findTestObject(orPath_PaymentEntry + "/input__cardNumber"), CCNumber): Text '4012000098765439' is set on object 'Object Repository/RAD_Pages/PaymentEntry_Page/input__cardNumber'

2021-11-19 11:09:30 - [MESSAGE][PASSED] - Text '4012000098765439' is set on object 'Object Repository/RAD_Pages/PaymentEntry_Page/input__cardNumber'

2021-11-19 11:09:30 - [TEST_STEP][PASSED] - setText(findTestObject(orPath_PaymentEntry + "/input__spc"), CVV): Text '123' is set on object 'Object Repository/RAD_Pages/PaymentEntry_Page/input__spc'

2021-11-19 11:09:31 - [MESSAGE][PASSED] - Text '123' is set on object 'Object Repository/RAD_Pages/PaymentEntry_Page/input__spc'

2021-11-19 11:09:31 - [TEST_STEP][PASSED] - selectOptionByLabel(findTestObject(orPath_PaymentEntry + "/select_MM"), "12", false): All options with label '12' are selected in object 'Object Repository/RAD_Pages/PaymentEntry_Page/select_MM' 

2021-11-19 11:09:31 - [MESSAGE][PASSED] - All options with label '12' are selected in object 'Object Repository/RAD_Pages/PaymentEntry_Page/select_MM' 

2021-11-19 11:09:31 - [TEST_STEP][PASSED] - selectOptionByLabel(findTestObject(orPath_PaymentEntry + "/select_YYYY"), "2023", false): All options with label '2023' are selected in object 'Object Repository/RAD_Pages/PaymentEntry_Page/select_YYYY' 

2021-11-19 11:09:32 - [MESSAGE][PASSED] - All options with label '2023' are selected in object 'Object Repository/RAD_Pages/PaymentEntry_Page/select_YYYY' 

2021-11-19 11:09:32 - [TEST_STEP][PASSED] - click(findTestObject(orPath_PaymentEntry + "/input_Field_ccSubmit")): Object: 'Object Repository/RAD_Pages/PaymentEntry_Page/input_Field_ccSubmit' is clicked on

2021-11-19 11:09:33 - [MESSAGE][PASSED] - Object: 'Object Repository/RAD_Pages/PaymentEntry_Page/input_Field_ccSubmit' is clicked on

2021-11-19 11:09:33 - [TEST_STEP][PASSED] - click(findTestObject(orPath_PaymentConfirmation + "/input_N_confirmNotifyAction")): Object: 'Object Repository/RAD_Pages/PaymentConfirmation_Page/input_N_confirmNotifyAction' is clicked on

2021-11-19 11:09:35 - [MESSAGE][PASSED] - Object: 'Object Repository/RAD_Pages/PaymentConfirmation_Page/input_N_confirmNotifyAction' is clicked on

2021-11-19 11:09:35 - [TEST_STEP][PASSED] - click(findTestObject(orPath_ServiceFeesAccept + "/input_convFeeNotifyAction")): Object: 'Object Repository/RAD_Pages/ServiceFeeAccept_Page/input_convFeeNotifyAction' is clicked on

2021-11-19 11:09:37 - [MESSAGE][PASSED] - Object: 'Object Repository/RAD_Pages/ServiceFeeAccept_Page/input_convFeeNotifyAction' is clicked on

2021-11-19 11:09:37 - [TEST_STEP][PASSED] - delay(10): Delayed 10 second(s)

2021-11-19 11:09:47 - [MESSAGE][PASSED] - Delayed 10 second(s)

2021-11-19 11:09:47 - [TEST_STEP][PASSED] - verifyTextPresent("Successful Payment Receipt", true): Text 'Successful Payment Receipt' is present on page  using regular expression

2021-11-19 11:09:47 - [MESSAGE][PASSED] - Text 'Successful Payment Receipt' is present on page  using regular expression

2021-11-19 11:09:47 - [TEST_STEP][PASSED] - if (verifyTextPresent("Successful Payment Receipt", true)): null

2021-11-19 11:09:48 - [MESSAGE][PASSED] - Text 'Successful Payment Receipt' is present on page  using regular expression

2021-11-19 11:09:48 - [TEST_STEP][PASSED] - println("Transaction was Successful"): null

2021-11-19 11:09:48 - [TEST_STEP][PASSED] - out.println("Pass Record Number: " + row): null

2021-11-19 11:09:48 - [TEST_STEP][PASSED] - resText = "Pass": null

2021-11-19 11:09:48 - [TEST_STEP][PASSED] - pages.WriteExcel.demoKey(resText, datText, resColumn, datCloumn, fileLoc, nameSheet, row): pages.WriteExcel.demoKey is PASSED

2021-11-19 11:09:48 - [MESSAGE][PASSED] - pages.WriteExcel.demoKey is PASSED

2021-11-19 11:09:48 - [TEST_STEP][PASSED] - ExecuteTC = findTestData(dataFile).getValue("Execute", row): null

2021-11-19 11:09:48 - [TEST_STEP][PASSED] - PaymentType = findTestData(dataFile).getValue("PaymentType", row): null

2021-11-19 11:09:48 - [TEST_STEP][PASSED] - FilingYear = findTestData(dataFile).getValue("FilingYear", row): null

2021-11-19 11:09:48 - [TEST_STEP][PASSED] - PeriodEnding = findTestData(dataFile).getValue("PeriodEnding", row): null

2021-11-19 11:09:48 - [TEST_STEP][PASSED] - FName = findTestData(dataFile).getValue("Fname", row): null

2021-11-19 11:09:48 - [TEST_STEP][PASSED] - LName = findTestData(dataFile).getValue("Lname", row): null

2021-11-19 11:09:48 - [TEST_STEP][PASSED] - SSN = findTestData(dataFile).getValue("SSN", row): null

2021-11-19 11:09:48 - [TEST_STEP][PASSED] - BusName = findTestData(dataFile).getValue("BusName", row): null

2021-11-19 11:09:48 - [TEST_STEP][PASSED] - AL1 = findTestData(dataFile).getValue("AL1", row): null

2021-11-19 11:09:48 - [TEST_STEP][PASSED] - City = findTestData(dataFile).getValue("City", row): null

2021-11-19 11:09:48 - [TEST_STEP][PASSED] - ZIP = findTestData(dataFile).getValue("ZIP", row): null

2021-11-19 11:09:48 - [TEST_STEP][PASSED] - FilingType = findTestData(dataFile).getValue("FilingType", row): null

2021-11-19 11:09:48 - [TEST_STEP][PASSED] - Withholding = findTestData(dataFile).getValue("Withholding", row): null

2021-11-19 11:09:48 - [TEST_STEP][PASSED] - Amount = findTestData(dataFile).getValue("Amount", row): null

2021-11-19 11:09:48 - [TEST_STEP][PASSED] - CCNumber = findTestData(dataFile).getValue("CCNumber", row): null

2021-11-19 11:09:48 - [TEST_STEP][PASSED] - CVV = findTestData(dataFile).getValue("CVV", row): null

2021-11-19 11:09:48 - [TEST_STEP][PASSED] - out.println("Value of Execute is : " + ExecuteTC): null

2021-11-19 11:09:48 - [TEST_STEP][FAILED] - if (ExecuteTC.equalsIgnoreCase("Y")): null

2021-11-19 11:09:48 - [TEST_STEP][PASSED] - out.println("Begin Record Number: " + row): null

2021-11-19 11:09:48 - [TEST_STEP][PASSED] - today = new java.util.Date(): null

2021-11-19 11:09:48 - [TEST_STEP][PASSED] - println(today): null

2021-11-19 11:09:48 - [TEST_STEP][PASSED] - datText = today: null

2021-11-19 11:09:48 - [TEST_STEP][PASSED] - Taxtype = findTestData(dataFile).getValue("TaxType", row): null

2021-11-19 11:09:48 - [TEST_STEP][PASSED] - out.println("Taxtype value is : " + Taxtype): null

2021-11-19 11:09:48 - [TEST_STEP][PASSED] - openBrowser(""): Browser is opened with url: ''

2021-11-19 11:09:48 - [MESSAGE][WARNING] - A browser is already opened. Closing browser and opening a new one

2021-11-19 11:09:49 - [MESSAGE][INFO] - Starting 'Chrome' driver

2021-11-19 11:09:49 - [MESSAGE][INFO] - User set preference: ['acceptInsecureCerts', 'true']

2021-11-19 11:09:49 - [MESSAGE][INFO] - Action delay is set to 0 milliseconds

2021-11-19 11:09:51 - [MESSAGE][PASSED] - Browser is opened with url: ''

2021-11-19 11:09:51 - [TEST_STEP][PASSED] - maximizeWindow(): Current window maximized

2021-11-19 11:09:51 - [MESSAGE][PASSED] - Current window maximized

2021-11-19 11:09:51 - [TEST_STEP][PASSED] - navigateToUrl(RADurl): Navigate to 'https://qa.velocitypayment.com/client/rad/index.html' successfully

2021-11-19 11:09:53 - [MESSAGE][PASSED] - Navigate to 'https://qa.velocitypayment.com/client/rad/index.html' successfully

2021-11-19 11:09:53 - [TEST_STEP][PASSED] - orPath_Landing = "Object Repository/RAD_Pages/Landing_Page": null

2021-11-19 11:09:53 - [TEST_STEP][PASSED] - orPath_TaxTypeFilingYear = "Object Repository/RAD_Pages/TaxTypeFilingYear_Page": null

2021-11-19 11:09:53 - [TEST_STEP][PASSED] - orPath_TaxPayer = "Object Repository/RAD_Pages/Taxpayer_Page": null

2021-11-19 11:09:53 - [TEST_STEP][PASSED] - orPath_AddressContact = "Object Repository/RAD_Pages/AddressAndContactInfo_Page": null

2021-11-19 11:09:53 - [TEST_STEP][PASSED] - orPath_FilingStatus = "Object Repository/RAD_Pages/FilingStatus_Page": null

2021-11-19 11:09:53 - [TEST_STEP][PASSED] - orPath_Amount = "Object Repository/RAD_Pages/PaymentAmount_Page": null

2021-11-19 11:09:53 - [TEST_STEP][PASSED] - orPath_TaxInfo = "Object Repository/RAD_Pages/TaxInfo_Page": null

2021-11-19 11:09:53 - [TEST_STEP][PASSED] - orPath_Withholding = "Object Repository/RAD_Pages/Withholding_Page": null

2021-11-19 11:09:53 - [TEST_STEP][PASSED] - orPath_Summary = "Object Repository/RAD_Pages/Summary_Page": null

2021-11-19 11:09:53 - [TEST_STEP][PASSED] - orPath_PaymentReady = "Object Repository/RAD_Pages/PaymentReady_Page": null

2021-11-19 11:09:53 - [TEST_STEP][PASSED] - orPath_PaymentEntry = "Object Repository/RAD_Pages/PaymentEntry_Page": null

2021-11-19 11:09:53 - [TEST_STEP][PASSED] - orPath_PaymentConfirmation = "Object Repository/RAD_Pages/PaymentConfirmation_Page": null

2021-11-19 11:09:53 - [TEST_STEP][PASSED] - orPath_ServiceFeesAccept = "Object Repository/RAD_Pages/ServiceFeeAccept_Page": null

2021-11-19 11:09:53 - [TEST_STEP][PASSED] - selectOptionByLabel(findTestObject(orPath_Landing + "/dd_TaxType"), Taxtype, false): All options with label 'Estimated Tax' are selected in object 'Object Repository/RAD_Pages/Landing_Page/dd_TaxType' 

2021-11-19 11:09:53 - [MESSAGE][PASSED] - All options with label 'Estimated Tax' are selected in object 'Object Repository/RAD_Pages/Landing_Page/dd_TaxType' 

2021-11-19 11:09:53 - [TEST_STEP][PASSED] - delay(3): Delayed 3 second(s)

2021-11-19 11:09:56 - [MESSAGE][PASSED] - Delayed 3 second(s)

2021-11-19 11:09:56 - [TEST_STEP][PASSED] - switch (Taxtype): null

2021-11-19 11:09:56 - [TEST_STEP][PASSED] - case "Estimated Tax":: null

2021-11-19 11:09:56 - [TEST_STEP][PASSED] - selectOptionByLabel(findTestObject(orPath_TaxTypeFilingYear + "/select_PaymentType"), PaymentType, false): All options with label 'Personal' are selected in object 'Object Repository/RAD_Pages/TaxTypeFilingYear_Page/select_PaymentType' 

2021-11-19 11:09:57 - [MESSAGE][PASSED] - All options with label 'Personal' are selected in object 'Object Repository/RAD_Pages/TaxTypeFilingYear_Page/select_PaymentType' 

2021-11-19 11:09:57 - [TEST_STEP][PASSED] - selectOptionByLabel(findTestObject(orPath_TaxTypeFilingYear + "/select_FilingYear"), FilingYear, false): All options with label '2021' are selected in object 'Object Repository/RAD_Pages/TaxTypeFilingYear_Page/select_FilingYear' 

2021-11-19 11:09:58 - [MESSAGE][PASSED] - All options with label '2021' are selected in object 'Object Repository/RAD_Pages/TaxTypeFilingYear_Page/select_FilingYear' 

2021-11-19 11:09:58 - [TEST_STEP][PASSED] - if (PaymentType.equalsIgnoreCase("Personal")): Text '123443210' is set on object 'Object Repository/RAD_RecordAndPlay/input_reTypeJointFilerSSN'

2021-11-19 11:09:58 - [TEST_STEP][PASSED] - if (FilingType.equalsIgnoreCase("Y")): null

2021-11-19 11:09:58 - [TEST_STEP][PASSED] - else: Text '123443210' is set on object 'Object Repository/RAD_RecordAndPlay/input_reTypeJointFilerSSN'

2021-11-19 11:09:58 - [TEST_STEP][PASSED] - scrollToElement(findTestObject(orPath_Amount + "/input__paymentAmount"), 3): Scroll to object 'Object Repository/RAD_Pages/PaymentAmount_Page/input__paymentAmount' successfully

2021-11-19 11:09:58 - [MESSAGE][PASSED] - Scroll to object 'Object Repository/RAD_Pages/PaymentAmount_Page/input__paymentAmount' successfully

2021-11-19 11:09:58 - [TEST_STEP][PASSED] - waitForElementClickable(findTestObject(orPath_FilingStatus + "/input_userType_Joint"), 5): Object 'Object Repository/RAD_Pages/FilingStatus_Page/input_userType_Joint' is clickable

2021-11-19 11:09:58 - [MESSAGE][PASSED] - Object 'Object Repository/RAD_Pages/FilingStatus_Page/input_userType_Joint' is clickable

2021-11-19 11:09:58 - [TEST_STEP][PASSED] - check(findTestObject(orPath_FilingStatus + "/input_userType_Joint")): Object 'Object Repository/RAD_Pages/FilingStatus_Page/input_userType_Joint' is checked

2021-11-19 11:09:59 - [MESSAGE][PASSED] - Object 'Object Repository/RAD_Pages/FilingStatus_Page/input_userType_Joint' is checked

2021-11-19 11:09:59 - [TEST_STEP][PASSED] - delay(3): Delayed 3 second(s)

2021-11-19 11:10:02 - [MESSAGE][PASSED] - Delayed 3 second(s)

2021-11-19 11:10:02 - [TEST_STEP][PASSED] - setText(findTestObject(orPath_FilingStatus + "/input_jointFirstName"), "Katrina"): Text 'Katrina' is set on object 'Object Repository/RAD_Pages/FilingStatus_Page/input_jointFirstName'

2021-11-19 11:10:02 - [MESSAGE][PASSED] - Text 'Katrina' is set on object 'Object Repository/RAD_Pages/FilingStatus_Page/input_jointFirstName'

2021-11-19 11:10:02 - [TEST_STEP][PASSED] - setText(findTestObject(orPath_FilingStatus + "/input_jointLastName"), "Stokes"): Text 'Stokes' is set on object 'Object Repository/RAD_Pages/FilingStatus_Page/input_jointLastName'

2021-11-19 11:10:03 - [MESSAGE][PASSED] - Text 'Stokes' is set on object 'Object Repository/RAD_Pages/FilingStatus_Page/input_jointLastName'

2021-11-19 11:10:03 - [TEST_STEP][PASSED] - setText(findTestObject("Object Repository/RAD_RecordAndPlay/input_JointFilerSSN"), "123443210"): Text '123443210' is set on object 'Object Repository/RAD_RecordAndPlay/input_JointFilerSSN'

2021-11-19 11:10:34 - [MESSAGE][INFO] - Unable to find the element located by 'By.xpath: //*[@id = 'data' and @name = 'Data' and @type = 'password' and @placeholder = 'Social Security Number']'. Please recheck the objects properties to make sure the desired element is located. 

2021-11-19 11:10:34 - [MESSAGE][WARNING] - [SELF-HEALING] Failed to find element with id 'Object Repository/RAD_RecordAndPlay/input_JointFilerSSN'. Try using Self-healing.

2021-11-19 11:10:35 - [MESSAGE][WARNING] - [SELF-HEALING] The current locator of test object 'Object Repository/RAD_RecordAndPlay/input_JointFilerSSN' was broken. Propose an alternative one: '//input[@id='data']'.

2021-11-19 11:11:06 - [MESSAGE][INFO] - Unable to find the element located by 'By.xpath: //*[@id = 'data' and @name = 'Data' and @type = 'password' and @placeholder = 'Social Security Number']'. Please recheck the objects properties to make sure the desired element is located. 

2021-11-19 11:11:06 - [MESSAGE][WARNING] - [SELF-HEALING] Failed to find element with id 'Object Repository/RAD_RecordAndPlay/input_JointFilerSSN'. Try using Self-healing.

2021-11-19 11:11:06 - [MESSAGE][WARNING] - [SELF-HEALING] The current locator of test object 'Object Repository/RAD_RecordAndPlay/input_JointFilerSSN' was broken. Propose an alternative one: '//input[@id='data']'.

2021-11-19 11:11:06 - [MESSAGE][PASSED] - Text '123443210' is set on object 'Object Repository/RAD_RecordAndPlay/input_JointFilerSSN'

2021-11-19 11:11:06 - [TEST_STEP][PASSED] - setText(findTestObject("Object Repository/RAD_RecordAndPlay/input_reTypeJointFilerSSN"), "123443210"): Text '123443210' is set on object 'Object Repository/RAD_RecordAndPlay/input_reTypeJointFilerSSN'

2021-11-19 11:11:37 - [MESSAGE][INFO] - Unable to find the element located by 'By.xpath: //*[@id = 'data' and @name = 'Data' and @type = 'password' and @placeholder = 'Re-Type SSN']'. Please recheck the objects properties to make sure the desired element is located. 

2021-11-19 11:11:37 - [MESSAGE][WARNING] - [SELF-HEALING] Failed to find element with id 'Object Repository/RAD_RecordAndPlay/input_reTypeJointFilerSSN'. Try using Self-healing.

2021-11-19 11:11:37 - [MESSAGE][WARNING] - [SELF-HEALING] The current locator of test object 'Object Repository/RAD_RecordAndPlay/input_reTypeJointFilerSSN' was broken. Propose an alternative one: '//input[@id='data']'.

2021-11-19 11:12:08 - [MESSAGE][INFO] - Unable to find the element located by 'By.xpath: //*[@id = 'data' and @name = 'Data' and @type = 'password' and @placeholder = 'Re-Type SSN']'. Please recheck the objects properties to make sure the desired element is located. 

2021-11-19 11:12:08 - [MESSAGE][WARNING] - [SELF-HEALING] Failed to find element with id 'Object Repository/RAD_RecordAndPlay/input_reTypeJointFilerSSN'. Try using Self-healing.

2021-11-19 11:12:08 - [MESSAGE][WARNING] - [SELF-HEALING] The current locator of test object 'Object Repository/RAD_RecordAndPlay/input_reTypeJointFilerSSN' was broken. Propose an alternative one: '//input[@id='data']'.

2021-11-19 11:12:08 - [MESSAGE][PASSED] - Text '123443210' is set on object 'Object Repository/RAD_RecordAndPlay/input_reTypeJointFilerSSN'

2021-11-19 11:12:08 - [TEST_STEP][PASSED] - break: null

2021-11-19 11:12:08 - [TEST_STEP][PASSED] - setText(findTestObject(orPath_TaxPayer + "/input_firstName"), FName): Text 'Stuart' is set on object 'Object Repository/RAD_Pages/Taxpayer_Page/input_firstName'

2021-11-19 11:12:09 - [MESSAGE][PASSED] - Text 'Stuart' is set on object 'Object Repository/RAD_Pages/Taxpayer_Page/input_firstName'

2021-11-19 11:12:09 - [TEST_STEP][PASSED] - setText(findTestObject(orPath_TaxPayer + "/input_lastName"), LName): Text 'Broad' is set on object 'Object Repository/RAD_Pages/Taxpayer_Page/input_lastName'

2021-11-19 11:12:10 - [MESSAGE][PASSED] - Text 'Broad' is set on object 'Object Repository/RAD_Pages/Taxpayer_Page/input_lastName'

2021-11-19 11:12:10 - [TEST_STEP][PASSED] - selectOptionByLabel(findTestObject(orPath_AddressContact + "/select_Country"), "United States", false): All options with label 'United States' are selected in object 'Object Repository/RAD_Pages/AddressAndContactInfo_Page/select_Country' 

2021-11-19 11:12:11 - [MESSAGE][PASSED] - All options with label 'United States' are selected in object 'Object Repository/RAD_Pages/AddressAndContactInfo_Page/select_Country' 

2021-11-19 11:12:11 - [TEST_STEP][PASSED] - setText(findTestObject(orPath_AddressContact + "/input_streetAddress1"), AL1): Text '15 Main Street' is set on object 'Object Repository/RAD_Pages/AddressAndContactInfo_Page/input_streetAddress1'

2021-11-19 11:12:11 - [MESSAGE][PASSED] - Text '15 Main Street' is set on object 'Object Repository/RAD_Pages/AddressAndContactInfo_Page/input_streetAddress1'

2021-11-19 11:12:11 - [TEST_STEP][PASSED] - setText(findTestObject(orPath_AddressContact + "/input_streetAddress2"), ""): Text '' is set on object 'Object Repository/RAD_Pages/AddressAndContactInfo_Page/input_streetAddress2'

2021-11-19 11:12:12 - [MESSAGE][PASSED] - Text '' is set on object 'Object Repository/RAD_Pages/AddressAndContactInfo_Page/input_streetAddress2'

2021-11-19 11:12:12 - [TEST_STEP][PASSED] - setText(findTestObject(orPath_AddressContact + "/input_city"), City): Text 'Gambrills' is set on object 'Object Repository/RAD_Pages/AddressAndContactInfo_Page/input_city'

2021-11-19 11:12:13 - [MESSAGE][PASSED] - Text 'Gambrills' is set on object 'Object Repository/RAD_Pages/AddressAndContactInfo_Page/input_city'

2021-11-19 11:12:13 - [TEST_STEP][PASSED] - selectOptionByLabel(findTestObject(orPath_AddressContact + "/select_State"), "Maryland", false): All options with label 'Maryland' are selected in object 'Object Repository/RAD_Pages/AddressAndContactInfo_Page/select_State' 

2021-11-19 11:12:13 - [MESSAGE][PASSED] - All options with label 'Maryland' are selected in object 'Object Repository/RAD_Pages/AddressAndContactInfo_Page/select_State' 

2021-11-19 11:12:13 - [TEST_STEP][PASSED] - setText(findTestObject(orPath_AddressContact + "/input_zipCode"), ZIP): Text '21054' is set on object 'Object Repository/RAD_Pages/AddressAndContactInfo_Page/input_zipCode'

2021-11-19 11:12:14 - [MESSAGE][PASSED] - Text '21054' is set on object 'Object Repository/RAD_Pages/AddressAndContactInfo_Page/input_zipCode'

2021-11-19 11:12:14 - [TEST_STEP][PASSED] - setText(findTestObject(orPath_AddressContact + "/input_phoneNumber"), "(703) 894-5000"): Text '(703) 894-5000' is set on object 'Object Repository/RAD_Pages/AddressAndContactInfo_Page/input_phoneNumber'

2021-11-19 11:12:15 - [MESSAGE][PASSED] - Text '(703) 894-5000' is set on object 'Object Repository/RAD_Pages/AddressAndContactInfo_Page/input_phoneNumber'

2021-11-19 11:12:15 - [TEST_STEP][PASSED] - setText(findTestObject(orPath_AddressContact + "/input_eMailAddress"), "iahmed@govolution.com"): Text 'iahmed@govolution.com' is set on object 'Object Repository/RAD_Pages/AddressAndContactInfo_Page/input_eMailAddress'

2021-11-19 11:12:16 - [MESSAGE][PASSED] - Text 'iahmed@govolution.com' is set on object 'Object Repository/RAD_Pages/AddressAndContactInfo_Page/input_eMailAddress'

2021-11-19 11:12:16 - [TEST_STEP][PASSED] - setText(findTestObject(orPath_AddressContact + "/input_reEnterEMailAddress"), "iahmed@govolution.com"): Text 'iahmed@govolution.com' is set on object 'Object Repository/RAD_Pages/AddressAndContactInfo_Page/input_reEnterEMailAddress'

2021-11-19 11:12:16 - [MESSAGE][PASSED] - Text 'iahmed@govolution.com' is set on object 'Object Repository/RAD_Pages/AddressAndContactInfo_Page/input_reEnterEMailAddress'

2021-11-19 11:12:16 - [TEST_STEP][PASSED] - setText(findTestObject(orPath_Amount + "/input__paymentAmount"), Amount): Text '100.00' is set on object 'Object Repository/RAD_Pages/PaymentAmount_Page/input__paymentAmount'

2021-11-19 11:12:17 - [MESSAGE][PASSED] - Text '100.00' is set on object 'Object Repository/RAD_Pages/PaymentAmount_Page/input__paymentAmount'

2021-11-19 11:12:17 - [TEST_STEP][PASSED] - scrollToElement(findTestObject(orPath_Landing + "/button_Continue"), 3): Scroll to object 'Object Repository/RAD_Pages/Landing_Page/button_Continue' successfully

2021-11-19 11:12:18 - [MESSAGE][PASSED] - Scroll to object 'Object Repository/RAD_Pages/Landing_Page/button_Continue' successfully

2021-11-19 11:12:18 - [TEST_STEP][PASSED] - waitForElementClickable(findTestObject(orPath_Landing + "/button_Continue"), 5): Object 'Object Repository/RAD_Pages/Landing_Page/button_Continue' is not clickable after 5 second(s)

2021-11-19 11:12:23 - [MESSAGE][WARNING] - Object 'Object Repository/RAD_Pages/Landing_Page/button_Continue' is not clickable after 5 second(s)

2021-11-19 11:12:23 - [TEST_STEP][FAILED] - click(findTestObject(orPath_Landing + "/button_Continue")): Unable to click on object 'Object Repository/RAD_Pages/Landing_Page/button_Continue' (Root cause: com.kms.katalon.core.exception.StepFailedException: Unable to click on object 'Object Repository/RAD_Pages/Landing_Page/button_Continue'
	at com.kms.katalon.core.webui.keyword.internal.WebUIKeywordMain.stepFailed(WebUIKeywordMain.groovy:64)
	at com.kms.katalon.core.webui.keyword.internal.WebUIKeywordMain.runKeyword(WebUIKeywordMain.groovy:26)
	at com.kms.katalon.core.webui.keyword.builtin.ClickKeyword.click(ClickKeyword.groovy:75)
	at com.kms.katalon.core.webui.keyword.builtin.ClickKeyword.execute(ClickKeyword.groovy:42)
	at com.kms.katalon.core.keyword.internal.KeywordExecutor.executeKeywordForPlatform(KeywordExecutor.groovy:74)
	at com.kms.katalon.core.webui.keyword.WebUiBuiltInKeywords.click(WebUiBuiltInKeywords.groovy:620)
	at com.kms.katalon.core.webui.keyword.WebUiBuiltInKeywords$click$10.call(Unknown Source)
	at Payments_HC_TC.run(Payments_HC_TC:292)
	at com.kms.katalon.core.main.ScriptEngine.run(ScriptEngine.java:194)
	at com.kms.katalon.core.main.ScriptEngine.runScriptAsRawText(ScriptEngine.java:119)
	at com.kms.katalon.core.main.TestCaseExecutor.runScript(TestCaseExecutor.java:430)
	at com.kms.katalon.core.main.TestCaseExecutor.doExecute(TestCaseExecutor.java:421)
	at com.kms.katalon.core.main.TestCaseExecutor.processExecutionPhase(TestCaseExecutor.java:400)
	at com.kms.katalon.core.main.TestCaseExecutor.accessMainPhase(TestCaseExecutor.java:392)
	at com.kms.katalon.core.main.TestCaseExecutor.execute(TestCaseExecutor.java:273)
	at com.kms.katalon.core.main.TestSuiteExecutor.accessTestCaseMainPhase(TestSuiteExecutor.java:202)
	at com.kms.katalon.core.main.TestSuiteExecutor.accessTestSuiteMainPhase(TestSuiteExecutor.java:164)
	at com.kms.katalon.core.main.TestSuiteExecutor.execute(TestSuiteExecutor.java:105)
	at com.kms.katalon.core.main.TestCaseMain.startTestSuite(TestCaseMain.java:185)
	at com.kms.katalon.core.main.TestCaseMain$startTestSuite$0.call(Unknown Source)
	at TempTestSuite1637335687322.run(TempTestSuite1637335687322.groovy:36)
Caused by: org.openqa.selenium.ElementClickInterceptedException: element click intercepted: Element <button class="btn btn-primary float-end w-auto disablecontinue" disabled="">...</button> is not clickable at point (1046, 801). Other element would receive the click: <div class="w-100 mt-auto pt-3">...</div>
  (Session info: chrome=96.0.4664.45)
Build info: version: '3.141.59', revision: 'e82be7d358', time: '2018-11-14T08:25:53'
System info: host: 'DESKTOP-B2QI6NS', ip: '172.30.2.167', os.name: 'Windows 10', os.arch: 'amd64', os.version: '10.0', java.version: '1.8.0_181'
Driver info: com.kms.katalon.selenium.driver.CChromeDriver
Capabilities {acceptInsecureCerts: true, browserName: chrome, browserVersion: 96.0.4664.45, chrome: {chromedriverVersion: 95.0.4638.54 (d31a821ec901f..., userDataDir: C:\Users\iahmed\AppData\Loc...}, goog:chromeOptions: {debuggerAddress: localhost:50217}, javascriptEnabled: true, networkConnectionEnabled: false, pageLoadStrategy: normal, platform: WINDOWS, platformName: WINDOWS, proxy: Proxy(), setWindowRect: true, strictFileInteractability: false, timeouts: {implicit: 0, pageLoad: 300000, script: 30000}, unhandledPromptBehavior: dismiss and notify, webauthn:extension:credBlob: true, webauthn:extension:largeBlob: true, webauthn:virtualAuthenticators: true}
Session ID: ab4229e845027eaf8b917732b78f9d49
	at org.openqa.selenium.remote.http.W3CHttpResponseCodec.createException(W3CHttpResponseCodec.java:187)
	at org.openqa.selenium.remote.http.W3CHttpResponseCodec.decode(W3CHttpResponseCodec.java:122)
	at org.openqa.selenium.remote.http.W3CHttpResponseCodec.decode(W3CHttpResponseCodec.java:49)
	at org.openqa.selenium.remote.HttpCommandExecutor.execute(HttpCommandExecutor.java:158)
	at org.openqa.selenium.remote.service.DriverCommandExecutor.execute(DriverCommandExecutor.java:83)
	at org.openqa.selenium.remote.RemoteWebDriver.execute(RemoteWebDriver.java:552)
	at com.kms.katalon.selenium.driver.CChromeDriver.execute(CChromeDriver.java:19)
	at org.openqa.selenium.remote.RemoteWebElement.execute(RemoteWebElement.java:285)
	at org.openqa.selenium.remote.RemoteWebElement.click(RemoteWebElement.java:84)
	at org.openqa.selenium.support.events.EventFiringWebDriver$EventFiringWebElement.lambda$new$0(EventFiringWebDriver.java:404)
	at com.sun.proxy.$Proxy11.click(Unknown Source)
	at org.openqa.selenium.support.events.EventFiringWebDriver$EventFiringWebElement.click(EventFiringWebDriver.java:417)
	at com.kms.katalon.core.webui.keyword.builtin.ClickKeyword$_click_closure1.doCall(ClickKeyword.groovy:68)
	at com.kms.katalon.core.webui.keyword.builtin.ClickKeyword$_click_closure1.call(ClickKeyword.groovy)
	at com.kms.katalon.core.webui.keyword.internal.WebUIKeywordMain.runKeyword(WebUIKeywordMain.groovy:20)
	at com.kms.katalon.core.webui.keyword.builtin.ClickKeyword.click(ClickKeyword.groovy:75)
	at com.kms.katalon.core.webui.keyword.builtin.ClickKeyword.execute(ClickKeyword.groovy:42)
	at com.kms.katalon.core.keyword.internal.KeywordExecutor.executeKeywordForPlatform(KeywordExecutor.groovy:74)
	at com.kms.katalon.core.webui.keyword.WebUiBuiltInKeywords.click(WebUiBuiltInKeywords.groovy:620)
	at com.kms.katalon.core.webui.keyword.WebUiBuiltInKeywords$click$10.call(Unknown Source)
	at Script1634674829687.run(Script1634674829687.groovy:292)
	... 13 more
)

2021-11-19 11:12:25 - [MESSAGE][FAILED] - Unable to click on object 'Object Repository/RAD_Pages/Landing_Page/button_Continue' (Root cause: com.kms.katalon.core.exception.StepFailedException: Unable to click on object 'Object Repository/RAD_Pages/Landing_Page/button_Continue'
	at com.kms.katalon.core.webui.keyword.internal.WebUIKeywordMain.stepFailed(WebUIKeywordMain.groovy:64)
	at com.kms.katalon.core.webui.keyword.internal.WebUIKeywordMain.runKeyword(WebUIKeywordMain.groovy:26)
	at com.kms.katalon.core.webui.keyword.builtin.ClickKeyword.click(ClickKeyword.groovy:75)
	at com.kms.katalon.core.webui.keyword.builtin.ClickKeyword.execute(ClickKeyword.groovy:42)
	at com.kms.katalon.core.keyword.internal.KeywordExecutor.executeKeywordForPlatform(KeywordExecutor.groovy:74)
	at com.kms.katalon.core.webui.keyword.WebUiBuiltInKeywords.click(WebUiBuiltInKeywords.groovy:620)
	at com.kms.katalon.core.webui.keyword.WebUiBuiltInKeywords$click$10.call(Unknown Source)
	at Payments_HC_TC.run(Payments_HC_TC:292)
	at com.kms.katalon.core.main.ScriptEngine.run(ScriptEngine.java:194)
	at com.kms.katalon.core.main.ScriptEngine.runScriptAsRawText(ScriptEngine.java:119)
	at com.kms.katalon.core.main.TestCaseExecutor.runScript(TestCaseExecutor.java:430)
	at com.kms.katalon.core.main.TestCaseExecutor.doExecute(TestCaseExecutor.java:421)
	at com.kms.katalon.core.main.TestCaseExecutor.processExecutionPhase(TestCaseExecutor.java:400)
	at com.kms.katalon.core.main.TestCaseExecutor.accessMainPhase(TestCaseExecutor.java:392)
	at com.kms.katalon.core.main.TestCaseExecutor.execute(TestCaseExecutor.java:273)
	at com.kms.katalon.core.main.TestSuiteExecutor.accessTestCaseMainPhase(TestSuiteExecutor.java:202)
	at com.kms.katalon.core.main.TestSuiteExecutor.accessTestSuiteMainPhase(TestSuiteExecutor.java:164)
	at com.kms.katalon.core.main.TestSuiteExecutor.execute(TestSuiteExecutor.java:105)
	at com.kms.katalon.core.main.TestCaseMain.startTestSuite(TestCaseMain.java:185)
	at com.kms.katalon.core.main.TestCaseMain$startTestSuite$0.call(Unknown Source)
	at TempTestSuite1637335687322.run(TempTestSuite1637335687322.groovy:36)
Caused by: org.openqa.selenium.ElementClickInterceptedException: element click intercepted: Element <button class="btn btn-primary float-end w-auto disablecontinue" disabled="">...</button> is not clickable at point (1046, 801). Other element would receive the click: <div class="w-100 mt-auto pt-3">...</div>
  (Session info: chrome=96.0.4664.45)
Build info: version: '3.141.59', revision: 'e82be7d358', time: '2018-11-14T08:25:53'
System info: host: 'DESKTOP-B2QI6NS', ip: '172.30.2.167', os.name: 'Windows 10', os.arch: 'amd64', os.version: '10.0', java.version: '1.8.0_181'
Driver info: com.kms.katalon.selenium.driver.CChromeDriver
Capabilities {acceptInsecureCerts: true, browserName: chrome, browserVersion: 96.0.4664.45, chrome: {chromedriverVersion: 95.0.4638.54 (d31a821ec901f..., userDataDir: C:\Users\iahmed\AppData\Loc...}, goog:chromeOptions: {debuggerAddress: localhost:50217}, javascriptEnabled: true, networkConnectionEnabled: false, pageLoadStrategy: normal, platform: WINDOWS, platformName: WINDOWS, proxy: Proxy(), setWindowRect: true, strictFileInteractability: false, timeouts: {implicit: 0, pageLoad: 300000, script: 30000}, unhandledPromptBehavior: dismiss and notify, webauthn:extension:credBlob: true, webauthn:extension:largeBlob: true, webauthn:virtualAuthenticators: true}
Session ID: ab4229e845027eaf8b917732b78f9d49
	at org.openqa.selenium.remote.http.W3CHttpResponseCodec.createException(W3CHttpResponseCodec.java:187)
	at org.openqa.selenium.remote.http.W3CHttpResponseCodec.decode(W3CHttpResponseCodec.java:122)
	at org.openqa.selenium.remote.http.W3CHttpResponseCodec.decode(W3CHttpResponseCodec.java:49)
	at org.openqa.selenium.remote.HttpCommandExecutor.execute(HttpCommandExecutor.java:158)
	at org.openqa.selenium.remote.service.DriverCommandExecutor.execute(DriverCommandExecutor.java:83)
	at org.openqa.selenium.remote.RemoteWebDriver.execute(RemoteWebDriver.java:552)
	at com.kms.katalon.selenium.driver.CChromeDriver.execute(CChromeDriver.java:19)
	at org.openqa.selenium.remote.RemoteWebElement.execute(RemoteWebElement.java:285)
	at org.openqa.selenium.remote.RemoteWebElement.click(RemoteWebElement.java:84)
	at org.openqa.selenium.support.events.EventFiringWebDriver$EventFiringWebElement.lambda$new$0(EventFiringWebDriver.java:404)
	at com.sun.proxy.$Proxy11.click(Unknown Source)
	at org.openqa.selenium.support.events.EventFiringWebDriver$EventFiringWebElement.click(EventFiringWebDriver.java:417)
	at com.kms.katalon.core.webui.keyword.builtin.ClickKeyword$_click_closure1.doCall(ClickKeyword.groovy:68)
	at com.kms.katalon.core.webui.keyword.builtin.ClickKeyword$_click_closure1.call(ClickKeyword.groovy)
	at com.kms.katalon.core.webui.keyword.internal.WebUIKeywordMain.runKeyword(WebUIKeywordMain.groovy:20)
	at com.kms.katalon.core.webui.keyword.builtin.ClickKeyword.click(ClickKeyword.groovy:75)
	at com.kms.katalon.core.webui.keyword.builtin.ClickKeyword.execute(ClickKeyword.groovy:42)
	at com.kms.katalon.core.keyword.internal.KeywordExecutor.executeKeywordForPlatform(KeywordExecutor.groovy:74)
	at com.kms.katalon.core.webui.keyword.WebUiBuiltInKeywords.click(WebUiBuiltInKeywords.groovy:620)
	at com.kms.katalon.core.webui.keyword.WebUiBuiltInKeywords$click$10.call(Unknown Source)
	at Script1634674829687.run(Script1634674829687.groovy:292)
	... 13 more
)
[[ATTACHMENT|E:\\Cloned-Project-Katalon\\VPS-Katalon\\Reports\\20211119_102807\\RAD_TestSuite\\RAD_UI_TestSuite\\20211119_102807\\1637338345009.png]]

2021-11-19 11:12:25 - [TEST_STEP][FAILED] - verifyTextPresent("Review the information below and make any necessary corrections by clicking the", true): Text 'Review the information below and make any necessary corrections by clicking the' is not present on page  using regular expression (Root cause: com.kms.katalon.core.exception.StepFailedException: Text 'Review the information below and make any necessary corrections by clicking the' is not present on page  using regular expression
	at com.kms.katalon.core.webui.keyword.internal.WebUIKeywordMain.stepFailed(WebUIKeywordMain.groovy:64)
	at com.kms.katalon.core.webui.keyword.builtin.VerifyTextPresentKeyword$_verifyTextPresent_closure1.doCall(VerifyTextPresentKeyword.groovy:79)
	at com.kms.katalon.core.webui.keyword.builtin.VerifyTextPresentKeyword$_verifyTextPresent_closure1.call(VerifyTextPresentKeyword.groovy)
	at com.kms.katalon.core.webui.keyword.internal.WebUIKeywordMain.runKeyword(WebUIKeywordMain.groovy:20)
	at com.kms.katalon.core.webui.keyword.builtin.VerifyTextPresentKeyword.verifyTextPresent(VerifyTextPresentKeyword.groovy:83)
	at com.kms.katalon.core.webui.keyword.builtin.VerifyTextPresentKeyword.execute(VerifyTextPresentKeyword.groovy:68)
	at com.kms.katalon.core.keyword.internal.KeywordExecutor.executeKeywordForPlatform(KeywordExecutor.groovy:74)
	at com.kms.katalon.core.webui.keyword.WebUiBuiltInKeywords.verifyTextPresent(WebUiBuiltInKeywords.groovy:1723)
	at com.kms.katalon.core.webui.keyword.WebUiBuiltInKeywords$verifyTextPresent$3.call(Unknown Source)
	at Payments_HC_TC.run(Payments_HC_TC:296)
	at com.kms.katalon.core.main.ScriptEngine.run(ScriptEngine.java:194)
	at com.kms.katalon.core.main.ScriptEngine.runScriptAsRawText(ScriptEngine.java:119)
	at com.kms.katalon.core.main.TestCaseExecutor.runScript(TestCaseExecutor.java:430)
	at com.kms.katalon.core.main.TestCaseExecutor.doExecute(TestCaseExecutor.java:421)
	at com.kms.katalon.core.main.TestCaseExecutor.processExecutionPhase(TestCaseExecutor.java:400)
	at com.kms.katalon.core.main.TestCaseExecutor.accessMainPhase(TestCaseExecutor.java:392)
	at com.kms.katalon.core.main.TestCaseExecutor.execute(TestCaseExecutor.java:273)
	at com.kms.katalon.core.main.TestSuiteExecutor.accessTestCaseMainPhase(TestSuiteExecutor.java:202)
	at com.kms.katalon.core.main.TestSuiteExecutor.accessTestSuiteMainPhase(TestSuiteExecutor.java:164)
	at com.kms.katalon.core.main.TestSuiteExecutor.execute(TestSuiteExecutor.java:105)
	at com.kms.katalon.core.main.TestCaseMain.startTestSuite(TestCaseMain.java:185)
	at com.kms.katalon.core.main.TestCaseMain$startTestSuite$0.call(Unknown Source)
	at TempTestSuite1637335687322.run(TempTestSuite1637335687322.groovy:36)
)

2021-11-19 11:12:25 - [MESSAGE][FAILED] - Text 'Review the information below and make any necessary corrections by clicking the' is not present on page  using regular expression (Root cause: com.kms.katalon.core.exception.StepFailedException: Text 'Review the information below and make any necessary corrections by clicking the' is not present on page  using regular expression
	at com.kms.katalon.core.webui.keyword.internal.WebUIKeywordMain.stepFailed(WebUIKeywordMain.groovy:64)
	at com.kms.katalon.core.webui.keyword.builtin.VerifyTextPresentKeyword$_verifyTextPresent_closure1.doCall(VerifyTextPresentKeyword.groovy:79)
	at com.kms.katalon.core.webui.keyword.builtin.VerifyTextPresentKeyword$_verifyTextPresent_closure1.call(VerifyTextPresentKeyword.groovy)
	at com.kms.katalon.core.webui.keyword.internal.WebUIKeywordMain.runKeyword(WebUIKeywordMain.groovy:20)
	at com.kms.katalon.core.webui.keyword.builtin.VerifyTextPresentKeyword.verifyTextPresent(VerifyTextPresentKeyword.groovy:83)
	at com.kms.katalon.core.webui.keyword.builtin.VerifyTextPresentKeyword.execute(VerifyTextPresentKeyword.groovy:68)
	at com.kms.katalon.core.keyword.internal.KeywordExecutor.executeKeywordForPlatform(KeywordExecutor.groovy:74)
	at com.kms.katalon.core.webui.keyword.WebUiBuiltInKeywords.verifyTextPresent(WebUiBuiltInKeywords.groovy:1723)
	at com.kms.katalon.core.webui.keyword.WebUiBuiltInKeywords$verifyTextPresent$3.call(Unknown Source)
	at Payments_HC_TC.run(Payments_HC_TC:296)
	at com.kms.katalon.core.main.ScriptEngine.run(ScriptEngine.java:194)
	at com.kms.katalon.core.main.ScriptEngine.runScriptAsRawText(ScriptEngine.java:119)
	at com.kms.katalon.core.main.TestCaseExecutor.runScript(TestCaseExecutor.java:430)
	at com.kms.katalon.core.main.TestCaseExecutor.doExecute(TestCaseExecutor.java:421)
	at com.kms.katalon.core.main.TestCaseExecutor.processExecutionPhase(TestCaseExecutor.java:400)
	at com.kms.katalon.core.main.TestCaseExecutor.accessMainPhase(TestCaseExecutor.java:392)
	at com.kms.katalon.core.main.TestCaseExecutor.execute(TestCaseExecutor.java:273)
	at com.kms.katalon.core.main.TestSuiteExecutor.accessTestCaseMainPhase(TestSuiteExecutor.java:202)
	at com.kms.katalon.core.main.TestSuiteExecutor.accessTestSuiteMainPhase(TestSuiteExecutor.java:164)
	at com.kms.katalon.core.main.TestSuiteExecutor.execute(TestSuiteExecutor.java:105)
	at com.kms.katalon.core.main.TestCaseMain.startTestSuite(TestCaseMain.java:185)
	at com.kms.katalon.core.main.TestCaseMain$startTestSuite$0.call(Unknown Source)
	at TempTestSuite1637335687322.run(TempTestSuite1637335687322.groovy:36)
)

2021-11-19 11:12:25 - [TEST_STEP][FAILED] - verifyTextPresent("When you are confident that all the information is correct", true): Text 'When you are confident that all the information is correct' is not present on page  using regular expression (Root cause: com.kms.katalon.core.exception.StepFailedException: Text 'When you are confident that all the information is correct' is not present on page  using regular expression
	at com.kms.katalon.core.webui.keyword.internal.WebUIKeywordMain.stepFailed(WebUIKeywordMain.groovy:64)
	at com.kms.katalon.core.webui.keyword.builtin.VerifyTextPresentKeyword$_verifyTextPresent_closure1.doCall(VerifyTextPresentKeyword.groovy:79)
	at com.kms.katalon.core.webui.keyword.builtin.VerifyTextPresentKeyword$_verifyTextPresent_closure1.call(VerifyTextPresentKeyword.groovy)
	at com.kms.katalon.core.webui.keyword.internal.WebUIKeywordMain.runKeyword(WebUIKeywordMain.groovy:20)
	at com.kms.katalon.core.webui.keyword.builtin.VerifyTextPresentKeyword.verifyTextPresent(VerifyTextPresentKeyword.groovy:83)
	at com.kms.katalon.core.webui.keyword.builtin.VerifyTextPresentKeyword.execute(VerifyTextPresentKeyword.groovy:68)
	at com.kms.katalon.core.keyword.internal.KeywordExecutor.executeKeywordForPlatform(KeywordExecutor.groovy:74)
	at com.kms.katalon.core.webui.keyword.WebUiBuiltInKeywords.verifyTextPresent(WebUiBuiltInKeywords.groovy:1723)
	at com.kms.katalon.core.webui.keyword.WebUiBuiltInKeywords$verifyTextPresent$3.call(Unknown Source)
	at Payments_HC_TC.run(Payments_HC_TC:297)
	at com.kms.katalon.core.main.ScriptEngine.run(ScriptEngine.java:194)
	at com.kms.katalon.core.main.ScriptEngine.runScriptAsRawText(ScriptEngine.java:119)
	at com.kms.katalon.core.main.TestCaseExecutor.runScript(TestCaseExecutor.java:430)
	at com.kms.katalon.core.main.TestCaseExecutor.doExecute(TestCaseExecutor.java:421)
	at com.kms.katalon.core.main.TestCaseExecutor.processExecutionPhase(TestCaseExecutor.java:400)
	at com.kms.katalon.core.main.TestCaseExecutor.accessMainPhase(TestCaseExecutor.java:392)
	at com.kms.katalon.core.main.TestCaseExecutor.execute(TestCaseExecutor.java:273)
	at com.kms.katalon.core.main.TestSuiteExecutor.accessTestCaseMainPhase(TestSuiteExecutor.java:202)
	at com.kms.katalon.core.main.TestSuiteExecutor.accessTestSuiteMainPhase(TestSuiteExecutor.java:164)
	at com.kms.katalon.core.main.TestSuiteExecutor.execute(TestSuiteExecutor.java:105)
	at com.kms.katalon.core.main.TestCaseMain.startTestSuite(TestCaseMain.java:185)
	at com.kms.katalon.core.main.TestCaseMain$startTestSuite$0.call(Unknown Source)
	at TempTestSuite1637335687322.run(TempTestSuite1637335687322.groovy:36)
)

2021-11-19 11:12:26 - [MESSAGE][FAILED] - Text 'When you are confident that all the information is correct' is not present on page  using regular expression (Root cause: com.kms.katalon.core.exception.StepFailedException: Text 'When you are confident that all the information is correct' is not present on page  using regular expression
	at com.kms.katalon.core.webui.keyword.internal.WebUIKeywordMain.stepFailed(WebUIKeywordMain.groovy:64)
	at com.kms.katalon.core.webui.keyword.builtin.VerifyTextPresentKeyword$_verifyTextPresent_closure1.doCall(VerifyTextPresentKeyword.groovy:79)
	at com.kms.katalon.core.webui.keyword.builtin.VerifyTextPresentKeyword$_verifyTextPresent_closure1.call(VerifyTextPresentKeyword.groovy)
	at com.kms.katalon.core.webui.keyword.internal.WebUIKeywordMain.runKeyword(WebUIKeywordMain.groovy:20)
	at com.kms.katalon.core.webui.keyword.builtin.VerifyTextPresentKeyword.verifyTextPresent(VerifyTextPresentKeyword.groovy:83)
	at com.kms.katalon.core.webui.keyword.builtin.VerifyTextPresentKeyword.execute(VerifyTextPresentKeyword.groovy:68)
	at com.kms.katalon.core.keyword.internal.KeywordExecutor.executeKeywordForPlatform(KeywordExecutor.groovy:74)
	at com.kms.katalon.core.webui.keyword.WebUiBuiltInKeywords.verifyTextPresent(WebUiBuiltInKeywords.groovy:1723)
	at com.kms.katalon.core.webui.keyword.WebUiBuiltInKeywords$verifyTextPresent$3.call(Unknown Source)
	at Payments_HC_TC.run(Payments_HC_TC:297)
	at com.kms.katalon.core.main.ScriptEngine.run(ScriptEngine.java:194)
	at com.kms.katalon.core.main.ScriptEngine.runScriptAsRawText(ScriptEngine.java:119)
	at com.kms.katalon.core.main.TestCaseExecutor.runScript(TestCaseExecutor.java:430)
	at com.kms.katalon.core.main.TestCaseExecutor.doExecute(TestCaseExecutor.java:421)
	at com.kms.katalon.core.main.TestCaseExecutor.processExecutionPhase(TestCaseExecutor.java:400)
	at com.kms.katalon.core.main.TestCaseExecutor.accessMainPhase(TestCaseExecutor.java:392)
	at com.kms.katalon.core.main.TestCaseExecutor.execute(TestCaseExecutor.java:273)
	at com.kms.katalon.core.main.TestSuiteExecutor.accessTestCaseMainPhase(TestSuiteExecutor.java:202)
	at com.kms.katalon.core.main.TestSuiteExecutor.accessTestSuiteMainPhase(TestSuiteExecutor.java:164)
	at com.kms.katalon.core.main.TestSuiteExecutor.execute(TestSuiteExecutor.java:105)
	at com.kms.katalon.core.main.TestCaseMain.startTestSuite(TestCaseMain.java:185)
	at com.kms.katalon.core.main.TestCaseMain$startTestSuite$0.call(Unknown Source)
	at TempTestSuite1637335687322.run(TempTestSuite1637335687322.groovy:36)
)

2021-11-19 11:12:26 - [TEST_STEP][PASSED] - delay(1): Delayed 1 second(s)

2021-11-19 11:12:27 - [MESSAGE][PASSED] - Delayed 1 second(s)

2021-11-19 11:12:27 - [TEST_STEP][FAILED] - click(findTestObject(orPath_Summary + "/button_Proceed to Payment")): Unable to click on object 'Object Repository/RAD_Pages/Summary_Page/button_Proceed to Payment' (Root cause: com.kms.katalon.core.exception.StepFailedException: Unable to click on object 'Object Repository/RAD_Pages/Summary_Page/button_Proceed to Payment'
	at com.kms.katalon.core.webui.keyword.internal.WebUIKeywordMain.stepFailed(WebUIKeywordMain.groovy:64)
	at com.kms.katalon.core.webui.keyword.internal.WebUIKeywordMain.runKeyword(WebUIKeywordMain.groovy:26)
	at com.kms.katalon.core.webui.keyword.builtin.ClickKeyword.click(ClickKeyword.groovy:75)
	at com.kms.katalon.core.webui.keyword.builtin.ClickKeyword.execute(ClickKeyword.groovy:42)
	at com.kms.katalon.core.keyword.internal.KeywordExecutor.executeKeywordForPlatform(KeywordExecutor.groovy:74)
	at com.kms.katalon.core.webui.keyword.WebUiBuiltInKeywords.click(WebUiBuiltInKeywords.groovy:620)
	at com.kms.katalon.core.webui.keyword.WebUiBuiltInKeywords$click$10.call(Unknown Source)
	at Payments_HC_TC.run(Payments_HC_TC:303)
	at com.kms.katalon.core.main.ScriptEngine.run(ScriptEngine.java:194)
	at com.kms.katalon.core.main.ScriptEngine.runScriptAsRawText(ScriptEngine.java:119)
	at com.kms.katalon.core.main.TestCaseExecutor.runScript(TestCaseExecutor.java:430)
	at com.kms.katalon.core.main.TestCaseExecutor.doExecute(TestCaseExecutor.java:421)
	at com.kms.katalon.core.main.TestCaseExecutor.processExecutionPhase(TestCaseExecutor.java:400)
	at com.kms.katalon.core.main.TestCaseExecutor.accessMainPhase(TestCaseExecutor.java:392)
	at com.kms.katalon.core.main.TestCaseExecutor.execute(TestCaseExecutor.java:273)
	at com.kms.katalon.core.main.TestSuiteExecutor.accessTestCaseMainPhase(TestSuiteExecutor.java:202)
	at com.kms.katalon.core.main.TestSuiteExecutor.accessTestSuiteMainPhase(TestSuiteExecutor.java:164)
	at com.kms.katalon.core.main.TestSuiteExecutor.execute(TestSuiteExecutor.java:105)
	at com.kms.katalon.core.main.TestCaseMain.startTestSuite(TestCaseMain.java:185)
	at com.kms.katalon.core.main.TestCaseMain$startTestSuite$0.call(Unknown Source)
	at TempTestSuite1637335687322.run(TempTestSuite1637335687322.groovy:36)
Caused by: org.openqa.selenium.ElementNotInteractableException: element not interactable
  (Session info: chrome=96.0.4664.45)
Build info: version: '3.141.59', revision: 'e82be7d358', time: '2018-11-14T08:25:53'
System info: host: 'DESKTOP-B2QI6NS', ip: '172.30.2.167', os.name: 'Windows 10', os.arch: 'amd64', os.version: '10.0', java.version: '1.8.0_181'
Driver info: com.kms.katalon.selenium.driver.CChromeDriver
Capabilities {acceptInsecureCerts: true, browserName: chrome, browserVersion: 96.0.4664.45, chrome: {chromedriverVersion: 95.0.4638.54 (d31a821ec901f..., userDataDir: C:\Users\iahmed\AppData\Loc...}, goog:chromeOptions: {debuggerAddress: localhost:50217}, javascriptEnabled: true, networkConnectionEnabled: false, pageLoadStrategy: normal, platform: WINDOWS, platformName: WINDOWS, proxy: Proxy(), setWindowRect: true, strictFileInteractability: false, timeouts: {implicit: 0, pageLoad: 300000, script: 30000}, unhandledPromptBehavior: dismiss and notify, webauthn:extension:credBlob: true, webauthn:extension:largeBlob: true, webauthn:virtualAuthenticators: true}
Session ID: ab4229e845027eaf8b917732b78f9d49
	at org.openqa.selenium.remote.http.W3CHttpResponseCodec.createException(W3CHttpResponseCodec.java:187)
	at org.openqa.selenium.remote.http.W3CHttpResponseCodec.decode(W3CHttpResponseCodec.java:122)
	at org.openqa.selenium.remote.http.W3CHttpResponseCodec.decode(W3CHttpResponseCodec.java:49)
	at org.openqa.selenium.remote.HttpCommandExecutor.execute(HttpCommandExecutor.java:158)
	at org.openqa.selenium.remote.service.DriverCommandExecutor.execute(DriverCommandExecutor.java:83)
	at org.openqa.selenium.remote.RemoteWebDriver.execute(RemoteWebDriver.java:552)
	at com.kms.katalon.selenium.driver.CChromeDriver.execute(CChromeDriver.java:19)
	at org.openqa.selenium.remote.RemoteWebElement.execute(RemoteWebElement.java:285)
	at org.openqa.selenium.remote.RemoteWebElement.click(RemoteWebElement.java:84)
	at org.openqa.selenium.support.events.EventFiringWebDriver$EventFiringWebElement.lambda$new$0(EventFiringWebDriver.java:404)
	at com.sun.proxy.$Proxy11.click(Unknown Source)
	at org.openqa.selenium.support.events.EventFiringWebDriver$EventFiringWebElement.click(EventFiringWebDriver.java:417)
	at com.kms.katalon.core.webui.keyword.builtin.ClickKeyword$_click_closure1.doCall(ClickKeyword.groovy:68)
	at com.kms.katalon.core.webui.keyword.builtin.ClickKeyword$_click_closure1.call(ClickKeyword.groovy)
	at com.kms.katalon.core.webui.keyword.internal.WebUIKeywordMain.runKeyword(WebUIKeywordMain.groovy:20)
	at com.kms.katalon.core.webui.keyword.builtin.ClickKeyword.click(ClickKeyword.groovy:75)
	at com.kms.katalon.core.webui.keyword.builtin.ClickKeyword.execute(ClickKeyword.groovy:42)
	at com.kms.katalon.core.keyword.internal.KeywordExecutor.executeKeywordForPlatform(KeywordExecutor.groovy:74)
	at com.kms.katalon.core.webui.keyword.WebUiBuiltInKeywords.click(WebUiBuiltInKeywords.groovy:620)
	at com.kms.katalon.core.webui.keyword.WebUiBuiltInKeywords$click$10.call(Unknown Source)
	at Script1634674829687.run(Script1634674829687.groovy:303)
	... 13 more
)

2021-11-19 11:12:27 - [MESSAGE][FAILED] - Unable to click on object 'Object Repository/RAD_Pages/Summary_Page/button_Proceed to Payment' (Root cause: com.kms.katalon.core.exception.StepFailedException: Unable to click on object 'Object Repository/RAD_Pages/Summary_Page/button_Proceed to Payment'
	at com.kms.katalon.core.webui.keyword.internal.WebUIKeywordMain.stepFailed(WebUIKeywordMain.groovy:64)
	at com.kms.katalon.core.webui.keyword.internal.WebUIKeywordMain.runKeyword(WebUIKeywordMain.groovy:26)
	at com.kms.katalon.core.webui.keyword.builtin.ClickKeyword.click(ClickKeyword.groovy:75)
	at com.kms.katalon.core.webui.keyword.builtin.ClickKeyword.execute(ClickKeyword.groovy:42)
	at com.kms.katalon.core.keyword.internal.KeywordExecutor.executeKeywordForPlatform(KeywordExecutor.groovy:74)
	at com.kms.katalon.core.webui.keyword.WebUiBuiltInKeywords.click(WebUiBuiltInKeywords.groovy:620)
	at com.kms.katalon.core.webui.keyword.WebUiBuiltInKeywords$click$10.call(Unknown Source)
	at Payments_HC_TC.run(Payments_HC_TC:303)
	at com.kms.katalon.core.main.ScriptEngine.run(ScriptEngine.java:194)
	at com.kms.katalon.core.main.ScriptEngine.runScriptAsRawText(ScriptEngine.java:119)
	at com.kms.katalon.core.main.TestCaseExecutor.runScript(TestCaseExecutor.java:430)
	at com.kms.katalon.core.main.TestCaseExecutor.doExecute(TestCaseExecutor.java:421)
	at com.kms.katalon.core.main.TestCaseExecutor.processExecutionPhase(TestCaseExecutor.java:400)
	at com.kms.katalon.core.main.TestCaseExecutor.accessMainPhase(TestCaseExecutor.java:392)
	at com.kms.katalon.core.main.TestCaseExecutor.execute(TestCaseExecutor.java:273)
	at com.kms.katalon.core.main.TestSuiteExecutor.accessTestCaseMainPhase(TestSuiteExecutor.java:202)
	at com.kms.katalon.core.main.TestSuiteExecutor.accessTestSuiteMainPhase(TestSuiteExecutor.java:164)
	at com.kms.katalon.core.main.TestSuiteExecutor.execute(TestSuiteExecutor.java:105)
	at com.kms.katalon.core.main.TestCaseMain.startTestSuite(TestCaseMain.java:185)
	at com.kms.katalon.core.main.TestCaseMain$startTestSuite$0.call(Unknown Source)
	at TempTestSuite1637335687322.run(TempTestSuite1637335687322.groovy:36)
Caused by: org.openqa.selenium.ElementNotInteractableException: element not interactable
  (Session info: chrome=96.0.4664.45)
Build info: version: '3.141.59', revision: 'e82be7d358', time: '2018-11-14T08:25:53'
System info: host: 'DESKTOP-B2QI6NS', ip: '172.30.2.167', os.name: 'Windows 10', os.arch: 'amd64', os.version: '10.0', java.version: '1.8.0_181'
Driver info: com.kms.katalon.selenium.driver.CChromeDriver
Capabilities {acceptInsecureCerts: true, browserName: chrome, browserVersion: 96.0.4664.45, chrome: {chromedriverVersion: 95.0.4638.54 (d31a821ec901f..., userDataDir: C:\Users\iahmed\AppData\Loc...}, goog:chromeOptions: {debuggerAddress: localhost:50217}, javascriptEnabled: true, networkConnectionEnabled: false, pageLoadStrategy: normal, platform: WINDOWS, platformName: WINDOWS, proxy: Proxy(), setWindowRect: true, strictFileInteractability: false, timeouts: {implicit: 0, pageLoad: 300000, script: 30000}, unhandledPromptBehavior: dismiss and notify, webauthn:extension:credBlob: true, webauthn:extension:largeBlob: true, webauthn:virtualAuthenticators: true}
Session ID: ab4229e845027eaf8b917732b78f9d49
	at org.openqa.selenium.remote.http.W3CHttpResponseCodec.createException(W3CHttpResponseCodec.java:187)
	at org.openqa.selenium.remote.http.W3CHttpResponseCodec.decode(W3CHttpResponseCodec.java:122)
	at org.openqa.selenium.remote.http.W3CHttpResponseCodec.decode(W3CHttpResponseCodec.java:49)
	at org.openqa.selenium.remote.HttpCommandExecutor.execute(HttpCommandExecutor.java:158)
	at org.openqa.selenium.remote.service.DriverCommandExecutor.execute(DriverCommandExecutor.java:83)
	at org.openqa.selenium.remote.RemoteWebDriver.execute(RemoteWebDriver.java:552)
	at com.kms.katalon.selenium.driver.CChromeDriver.execute(CChromeDriver.java:19)
	at org.openqa.selenium.remote.RemoteWebElement.execute(RemoteWebElement.java:285)
	at org.openqa.selenium.remote.RemoteWebElement.click(RemoteWebElement.java:84)
	at org.openqa.selenium.support.events.EventFiringWebDriver$EventFiringWebElement.lambda$new$0(EventFiringWebDriver.java:404)
	at com.sun.proxy.$Proxy11.click(Unknown Source)
	at org.openqa.selenium.support.events.EventFiringWebDriver$EventFiringWebElement.click(EventFiringWebDriver.java:417)
	at com.kms.katalon.core.webui.keyword.builtin.ClickKeyword$_click_closure1.doCall(ClickKeyword.groovy:68)
	at com.kms.katalon.core.webui.keyword.builtin.ClickKeyword$_click_closure1.call(ClickKeyword.groovy)
	at com.kms.katalon.core.webui.keyword.internal.WebUIKeywordMain.runKeyword(WebUIKeywordMain.groovy:20)
	at com.kms.katalon.core.webui.keyword.builtin.ClickKeyword.click(ClickKeyword.groovy:75)
	at com.kms.katalon.core.webui.keyword.builtin.ClickKeyword.execute(ClickKeyword.groovy:42)
	at com.kms.katalon.core.keyword.internal.KeywordExecutor.executeKeywordForPlatform(KeywordExecutor.groovy:74)
	at com.kms.katalon.core.webui.keyword.WebUiBuiltInKeywords.click(WebUiBuiltInKeywords.groovy:620)
	at com.kms.katalon.core.webui.keyword.WebUiBuiltInKeywords$click$10.call(Unknown Source)
	at Script1634674829687.run(Script1634674829687.groovy:303)
	... 13 more
)
[[ATTACHMENT|E:\\Cloned-Project-Katalon\\VPS-Katalon\\Reports\\20211119_102807\\RAD_TestSuite\\RAD_UI_TestSuite\\20211119_102807\\1637338347403.png]]

2021-11-19 11:12:27 - [TEST_STEP][FAILED] - setText(findTestObject(orPath_PaymentEntry + "/input__cardNumber"), CCNumber): Unable to set text '5146312200000035' of object 'Object Repository/RAD_Pages/PaymentEntry_Page/input__cardNumber' (Root cause: com.kms.katalon.core.exception.StepFailedException: Unable to set text '5146312200000035' of object 'Object Repository/RAD_Pages/PaymentEntry_Page/input__cardNumber'
	at com.kms.katalon.core.webui.keyword.internal.WebUIKeywordMain.stepFailed(WebUIKeywordMain.groovy:64)
	at com.kms.katalon.core.webui.keyword.internal.WebUIKeywordMain.runKeyword(WebUIKeywordMain.groovy:26)
	at com.kms.katalon.core.webui.keyword.builtin.SetTextKeyword.setText(SetTextKeyword.groovy:66)
	at com.kms.katalon.core.webui.keyword.builtin.SetTextKeyword.execute(SetTextKeyword.groovy:37)
	at com.kms.katalon.core.keyword.internal.KeywordExecutor.executeKeywordForPlatform(KeywordExecutor.groovy:74)
	at com.kms.katalon.core.webui.keyword.WebUiBuiltInKeywords.setText(WebUiBuiltInKeywords.groovy:980)
	at com.kms.katalon.core.webui.keyword.WebUiBuiltInKeywords$setText$14.call(Unknown Source)
	at Payments_HC_TC.run(Payments_HC_TC:315)
	at com.kms.katalon.core.main.ScriptEngine.run(ScriptEngine.java:194)
	at com.kms.katalon.core.main.ScriptEngine.runScriptAsRawText(ScriptEngine.java:119)
	at com.kms.katalon.core.main.TestCaseExecutor.runScript(TestCaseExecutor.java:430)
	at com.kms.katalon.core.main.TestCaseExecutor.doExecute(TestCaseExecutor.java:421)
	at com.kms.katalon.core.main.TestCaseExecutor.processExecutionPhase(TestCaseExecutor.java:400)
	at com.kms.katalon.core.main.TestCaseExecutor.accessMainPhase(TestCaseExecutor.java:392)
	at com.kms.katalon.core.main.TestCaseExecutor.execute(TestCaseExecutor.java:273)
	at com.kms.katalon.core.main.TestSuiteExecutor.accessTestCaseMainPhase(TestSuiteExecutor.java:202)
	at com.kms.katalon.core.main.TestSuiteExecutor.accessTestSuiteMainPhase(TestSuiteExecutor.java:164)
	at com.kms.katalon.core.main.TestSuiteExecutor.execute(TestSuiteExecutor.java:105)
	at com.kms.katalon.core.main.TestCaseMain.startTestSuite(TestCaseMain.java:185)
	at com.kms.katalon.core.main.TestCaseMain$startTestSuite$0.call(Unknown Source)
	at TempTestSuite1637335687322.run(TempTestSuite1637335687322.groovy:36)
Caused by: org.openqa.selenium.ElementNotInteractableException: element not interactable
  (Session info: chrome=96.0.4664.45)
Build info: version: '3.141.59', revision: 'e82be7d358', time: '2018-11-14T08:25:53'
System info: host: 'DESKTOP-B2QI6NS', ip: '172.30.2.167', os.name: 'Windows 10', os.arch: 'amd64', os.version: '10.0', java.version: '1.8.0_181'
Driver info: com.kms.katalon.selenium.driver.CChromeDriver
Capabilities {acceptInsecureCerts: true, browserName: chrome, browserVersion: 96.0.4664.45, chrome: {chromedriverVersion: 95.0.4638.54 (d31a821ec901f..., userDataDir: C:\Users\iahmed\AppData\Loc...}, goog:chromeOptions: {debuggerAddress: localhost:50217}, javascriptEnabled: true, networkConnectionEnabled: false, pageLoadStrategy: normal, platform: WINDOWS, platformName: WINDOWS, proxy: Proxy(), setWindowRect: true, strictFileInteractability: false, timeouts: {implicit: 0, pageLoad: 300000, script: 30000}, unhandledPromptBehavior: dismiss and notify, webauthn:extension:credBlob: true, webauthn:extension:largeBlob: true, webauthn:virtualAuthenticators: true}
Session ID: ab4229e845027eaf8b917732b78f9d49
	at org.openqa.selenium.remote.http.W3CHttpResponseCodec.createException(W3CHttpResponseCodec.java:187)
	at org.openqa.selenium.remote.http.W3CHttpResponseCodec.decode(W3CHttpResponseCodec.java:122)
	at org.openqa.selenium.remote.http.W3CHttpResponseCodec.decode(W3CHttpResponseCodec.java:49)
	at org.openqa.selenium.remote.HttpCommandExecutor.execute(HttpCommandExecutor.java:158)
	at org.openqa.selenium.remote.service.DriverCommandExecutor.execute(DriverCommandExecutor.java:83)
	at org.openqa.selenium.remote.RemoteWebDriver.execute(RemoteWebDriver.java:552)
	at com.kms.katalon.selenium.driver.CChromeDriver.execute(CChromeDriver.java:19)
	at org.openqa.selenium.remote.RemoteWebElement.execute(RemoteWebElement.java:285)
	at org.openqa.selenium.remote.RemoteWebElement.clear(RemoteWebElement.java:124)
	at org.openqa.selenium.support.events.EventFiringWebDriver$EventFiringWebElement.lambda$new$0(EventFiringWebDriver.java:404)
	at com.sun.proxy.$Proxy11.clear(Unknown Source)
	at org.openqa.selenium.support.events.EventFiringWebDriver$EventFiringWebElement.clear(EventFiringWebDriver.java:436)
	at com.kms.katalon.core.webui.keyword.builtin.SetTextKeyword$_setText_closure1.doCall(SetTextKeyword.groovy:53)
	at com.kms.katalon.core.webui.keyword.builtin.SetTextKeyword$_setText_closure1.call(SetTextKeyword.groovy)
	at com.kms.katalon.core.webui.keyword.internal.WebUIKeywordMain.runKeyword(WebUIKeywordMain.groovy:20)
	at com.kms.katalon.core.webui.keyword.builtin.SetTextKeyword.setText(SetTextKeyword.groovy:66)
	at com.kms.katalon.core.webui.keyword.builtin.SetTextKeyword.execute(SetTextKeyword.groovy:37)
	at com.kms.katalon.core.keyword.internal.KeywordExecutor.executeKeywordForPlatform(KeywordExecutor.groovy:74)
	at com.kms.katalon.core.webui.keyword.WebUiBuiltInKeywords.setText(WebUiBuiltInKeywords.groovy:980)
	at com.kms.katalon.core.webui.keyword.WebUiBuiltInKeywords$setText$14.call(Unknown Source)
	at Script1634674829687.run(Script1634674829687.groovy:315)
	... 13 more
)

2021-11-19 11:12:58 - [MESSAGE][INFO] - Unable to find the element located by 'By.xpath: //*[@type = 'text' and @id = 'cardNumber' and @name = 'cardNumber' and @alt = 'Card Number']'. Please recheck the objects properties to make sure the desired element is located. 

2021-11-19 11:12:58 - [MESSAGE][WARNING] - [SELF-HEALING] Failed to find element with id 'Object Repository/RAD_Pages/PaymentEntry_Page/input__cardNumber'. Try using Self-healing.

2021-11-19 11:12:59 - [MESSAGE][WARNING] - [SELF-HEALING] The current locator of test object 'Object Repository/RAD_Pages/PaymentEntry_Page/input__cardNumber' was broken. Propose an alternative one: '//div[3]/div/div/input'.

2021-11-19 11:12:59 - [MESSAGE][FAILED] - Unable to set text '5146312200000035' of object 'Object Repository/RAD_Pages/PaymentEntry_Page/input__cardNumber' (Root cause: com.kms.katalon.core.exception.StepFailedException: Unable to set text '5146312200000035' of object 'Object Repository/RAD_Pages/PaymentEntry_Page/input__cardNumber'
	at com.kms.katalon.core.webui.keyword.internal.WebUIKeywordMain.stepFailed(WebUIKeywordMain.groovy:64)
	at com.kms.katalon.core.webui.keyword.internal.WebUIKeywordMain.runKeyword(WebUIKeywordMain.groovy:26)
	at com.kms.katalon.core.webui.keyword.builtin.SetTextKeyword.setText(SetTextKeyword.groovy:66)
	at com.kms.katalon.core.webui.keyword.builtin.SetTextKeyword.execute(SetTextKeyword.groovy:37)
	at com.kms.katalon.core.keyword.internal.KeywordExecutor.executeKeywordForPlatform(KeywordExecutor.groovy:74)
	at com.kms.katalon.core.webui.keyword.WebUiBuiltInKeywords.setText(WebUiBuiltInKeywords.groovy:980)
	at com.kms.katalon.core.webui.keyword.WebUiBuiltInKeywords$setText$14.call(Unknown Source)
	at Payments_HC_TC.run(Payments_HC_TC:315)
	at com.kms.katalon.core.main.ScriptEngine.run(ScriptEngine.java:194)
	at com.kms.katalon.core.main.ScriptEngine.runScriptAsRawText(ScriptEngine.java:119)
	at com.kms.katalon.core.main.TestCaseExecutor.runScript(TestCaseExecutor.java:430)
	at com.kms.katalon.core.main.TestCaseExecutor.doExecute(TestCaseExecutor.java:421)
	at com.kms.katalon.core.main.TestCaseExecutor.processExecutionPhase(TestCaseExecutor.java:400)
	at com.kms.katalon.core.main.TestCaseExecutor.accessMainPhase(TestCaseExecutor.java:392)
	at com.kms.katalon.core.main.TestCaseExecutor.execute(TestCaseExecutor.java:273)
	at com.kms.katalon.core.main.TestSuiteExecutor.accessTestCaseMainPhase(TestSuiteExecutor.java:202)
	at com.kms.katalon.core.main.TestSuiteExecutor.accessTestSuiteMainPhase(TestSuiteExecutor.java:164)
	at com.kms.katalon.core.main.TestSuiteExecutor.execute(TestSuiteExecutor.java:105)
	at com.kms.katalon.core.main.TestCaseMain.startTestSuite(TestCaseMain.java:185)
	at com.kms.katalon.core.main.TestCaseMain$startTestSuite$0.call(Unknown Source)
	at TempTestSuite1637335687322.run(TempTestSuite1637335687322.groovy:36)
Caused by: org.openqa.selenium.ElementNotInteractableException: element not interactable
  (Session info: chrome=96.0.4664.45)
Build info: version: '3.141.59', revision: 'e82be7d358', time: '2018-11-14T08:25:53'
System info: host: 'DESKTOP-B2QI6NS', ip: '172.30.2.167', os.name: 'Windows 10', os.arch: 'amd64', os.version: '10.0', java.version: '1.8.0_181'
Driver info: com.kms.katalon.selenium.driver.CChromeDriver
Capabilities {acceptInsecureCerts: true, browserName: chrome, browserVersion: 96.0.4664.45, chrome: {chromedriverVersion: 95.0.4638.54 (d31a821ec901f..., userDataDir: C:\Users\iahmed\AppData\Loc...}, goog:chromeOptions: {debuggerAddress: localhost:50217}, javascriptEnabled: true, networkConnectionEnabled: false, pageLoadStrategy: normal, platform: WINDOWS, platformName: WINDOWS, proxy: Proxy(), setWindowRect: true, strictFileInteractability: false, timeouts: {implicit: 0, pageLoad: 300000, script: 30000}, unhandledPromptBehavior: dismiss and notify, webauthn:extension:credBlob: true, webauthn:extension:largeBlob: true, webauthn:virtualAuthenticators: true}
Session ID: ab4229e845027eaf8b917732b78f9d49
	at org.openqa.selenium.remote.http.W3CHttpResponseCodec.createException(W3CHttpResponseCodec.java:187)
	at org.openqa.selenium.remote.http.W3CHttpResponseCodec.decode(W3CHttpResponseCodec.java:122)
	at org.openqa.selenium.remote.http.W3CHttpResponseCodec.decode(W3CHttpResponseCodec.java:49)
	at org.openqa.selenium.remote.HttpCommandExecutor.execute(HttpCommandExecutor.java:158)
	at org.openqa.selenium.remote.service.DriverCommandExecutor.execute(DriverCommandExecutor.java:83)
	at org.openqa.selenium.remote.RemoteWebDriver.execute(RemoteWebDriver.java:552)
	at com.kms.katalon.selenium.driver.CChromeDriver.execute(CChromeDriver.java:19)
	at org.openqa.selenium.remote.RemoteWebElement.execute(RemoteWebElement.java:285)
	at org.openqa.selenium.remote.RemoteWebElement.clear(RemoteWebElement.java:124)
	at org.openqa.selenium.support.events.EventFiringWebDriver$EventFiringWebElement.lambda$new$0(EventFiringWebDriver.java:404)
	at com.sun.proxy.$Proxy11.clear(Unknown Source)
	at org.openqa.selenium.support.events.EventFiringWebDriver$EventFiringWebElement.clear(EventFiringWebDriver.java:436)
	at com.kms.katalon.core.webui.keyword.builtin.SetTextKeyword$_setText_closure1.doCall(SetTextKeyword.groovy:53)
	at com.kms.katalon.core.webui.keyword.builtin.SetTextKeyword$_setText_closure1.call(SetTextKeyword.groovy)
	at com.kms.katalon.core.webui.keyword.internal.WebUIKeywordMain.runKeyword(WebUIKeywordMain.groovy:20)
	at com.kms.katalon.core.webui.keyword.builtin.SetTextKeyword.setText(SetTextKeyword.groovy:66)
	at com.kms.katalon.core.webui.keyword.builtin.SetTextKeyword.execute(SetTextKeyword.groovy:37)
	at com.kms.katalon.core.keyword.internal.KeywordExecutor.executeKeywordForPlatform(KeywordExecutor.groovy:74)
	at com.kms.katalon.core.webui.keyword.WebUiBuiltInKeywords.setText(WebUiBuiltInKeywords.groovy:980)
	at com.kms.katalon.core.webui.keyword.WebUiBuiltInKeywords$setText$14.call(Unknown Source)
	at Script1634674829687.run(Script1634674829687.groovy:315)
	... 13 more
)
[[ATTACHMENT|E:\\Cloned-Project-Katalon\\VPS-Katalon\\Reports\\20211119_102807\\RAD_TestSuite\\RAD_UI_TestSuite\\20211119_102807\\1637338379159.png]]

2021-11-19 11:12:59 - [TEST_STEP][PASSED] - setText(findTestObject(orPath_PaymentEntry + "/input__spc"), CVV): Text '123' is set on object 'Object Repository/RAD_Pages/PaymentEntry_Page/input__spc'

2021-11-19 11:13:30 - [MESSAGE][INFO] - Unable to find the element located by 'By.xpath: //*[@type = 'text' and @class = 'form-control' and @name = 'spc' and @id = 'spc']'. Please recheck the objects properties to make sure the desired element is located. 

2021-11-19 11:13:30 - [MESSAGE][WARNING] - [SELF-HEALING] Failed to find element with id 'Object Repository/RAD_Pages/PaymentEntry_Page/input__spc'. Try using Self-healing.

2021-11-19 11:13:30 - [MESSAGE][WARNING] - [SELF-HEALING] The current locator of test object 'Object Repository/RAD_Pages/PaymentEntry_Page/input__spc' was broken. Propose an alternative one: '//div[4]/div/div/input'.

2021-11-19 11:14:02 - [MESSAGE][INFO] - Unable to find the element located by 'By.xpath: //*[@type = 'text' and @class = 'form-control' and @name = 'spc' and @id = 'spc']'. Please recheck the objects properties to make sure the desired element is located. 

2021-11-19 11:14:02 - [MESSAGE][WARNING] - [SELF-HEALING] Failed to find element with id 'Object Repository/RAD_Pages/PaymentEntry_Page/input__spc'. Try using Self-healing.

2021-11-19 11:14:02 - [MESSAGE][WARNING] - [SELF-HEALING] The current locator of test object 'Object Repository/RAD_Pages/PaymentEntry_Page/input__spc' was broken. Propose an alternative one: '//div[4]/div/div/input'.

2021-11-19 11:14:02 - [MESSAGE][PASSED] - Text '123' is set on object 'Object Repository/RAD_Pages/PaymentEntry_Page/input__spc'

2021-11-19 11:14:02 - [TEST_STEP][FAILED] - selectOptionByLabel(findTestObject(orPath_PaymentEntry + "/select_MM"), "12", false): Unable to select option by label '12' of object 'Object Repository/RAD_Pages/PaymentEntry_Page/select_MM'  (Root cause: com.kms.katalon.core.exception.StepFailedException: Unable to select option by label '12' of object 'Object Repository/RAD_Pages/PaymentEntry_Page/select_MM' 
	at com.kms.katalon.core.webui.keyword.internal.WebUIKeywordMain.stepFailed(WebUIKeywordMain.groovy:64)
	at com.kms.katalon.core.webui.keyword.internal.WebUIKeywordMain.runKeyword(WebUIKeywordMain.groovy:26)
	at com.kms.katalon.core.webui.keyword.builtin.SelectOptionByLabelKeyword.selectOptionByLabel(SelectOptionByLabelKeyword.groovy:98)
	at com.kms.katalon.core.webui.keyword.builtin.SelectOptionByLabelKeyword.execute(SelectOptionByLabelKeyword.groovy:71)
	at com.kms.katalon.core.keyword.internal.KeywordExecutor.executeKeywordForPlatform(KeywordExecutor.groovy:74)
	at com.kms.katalon.core.webui.keyword.WebUiBuiltInKeywords.selectOptionByLabel(WebUiBuiltInKeywords.groovy:1230)
	at com.kms.katalon.core.webui.keyword.WebUiBuiltInKeywords$selectOptionByLabel$6.call(Unknown Source)
	at Payments_HC_TC.run(Payments_HC_TC:317)
	at com.kms.katalon.core.main.ScriptEngine.run(ScriptEngine.java:194)
	at com.kms.katalon.core.main.ScriptEngine.runScriptAsRawText(ScriptEngine.java:119)
	at com.kms.katalon.core.main.TestCaseExecutor.runScript(TestCaseExecutor.java:430)
	at com.kms.katalon.core.main.TestCaseExecutor.doExecute(TestCaseExecutor.java:421)
	at com.kms.katalon.core.main.TestCaseExecutor.processExecutionPhase(TestCaseExecutor.java:400)
	at com.kms.katalon.core.main.TestCaseExecutor.accessMainPhase(TestCaseExecutor.java:392)
	at com.kms.katalon.core.main.TestCaseExecutor.execute(TestCaseExecutor.java:273)
	at com.kms.katalon.core.main.TestSuiteExecutor.accessTestCaseMainPhase(TestSuiteExecutor.java:202)
	at com.kms.katalon.core.main.TestSuiteExecutor.accessTestSuiteMainPhase(TestSuiteExecutor.java:164)
	at com.kms.katalon.core.main.TestSuiteExecutor.execute(TestSuiteExecutor.java:105)
	at com.kms.katalon.core.main.TestCaseMain.startTestSuite(TestCaseMain.java:185)
	at com.kms.katalon.core.main.TestCaseMain$startTestSuite$0.call(Unknown Source)
	at TempTestSuite1637335687322.run(TempTestSuite1637335687322.groovy:36)
Caused by: org.openqa.selenium.NoSuchElementException: Cannot locate element with text: 12
For documentation on this error, please visit: https://www.seleniumhq.org/exceptions/no_such_element.html
Build info: version: '3.141.59', revision: 'e82be7d358', time: '2018-11-14T08:25:53'
System info: host: 'DESKTOP-B2QI6NS', ip: '172.30.2.167', os.name: 'Windows 10', os.arch: 'amd64', os.version: '10.0', java.version: '1.8.0_181'
Driver info: driver.version: unknown
	at org.openqa.selenium.support.ui.Select.selectByVisibleText(Select.java:147)
	at com.kms.katalon.core.webui.common.WebUiCommonHelper.selectOrDeselectOptionsByLabel(WebUiCommonHelper.java:310)
	at com.kms.katalon.core.webui.keyword.builtin.SelectOptionByLabelKeyword$_selectOptionByLabel_closure1.doCall(SelectOptionByLabelKeyword.groovy:87)
	at com.kms.katalon.core.webui.keyword.builtin.SelectOptionByLabelKeyword$_selectOptionByLabel_closure1.call(SelectOptionByLabelKeyword.groovy)
	at com.kms.katalon.core.webui.keyword.internal.WebUIKeywordMain.runKeyword(WebUIKeywordMain.groovy:20)
	at com.kms.katalon.core.webui.keyword.builtin.SelectOptionByLabelKeyword.selectOptionByLabel(SelectOptionByLabelKeyword.groovy:98)
	at com.kms.katalon.core.webui.keyword.builtin.SelectOptionByLabelKeyword.execute(SelectOptionByLabelKeyword.groovy:71)
	at com.kms.katalon.core.keyword.internal.KeywordExecutor.executeKeywordForPlatform(KeywordExecutor.groovy:74)
	at com.kms.katalon.core.webui.keyword.WebUiBuiltInKeywords.selectOptionByLabel(WebUiBuiltInKeywords.groovy:1230)
	at com.kms.katalon.core.webui.keyword.WebUiBuiltInKeywords$selectOptionByLabel$6.call(Unknown Source)
	at Script1634674829687.run(Script1634674829687.groovy:317)
	... 13 more
)

2021-11-19 11:14:33 - [MESSAGE][INFO] - Unable to find the element located by 'By.xpath: //*[@name = 'cardExpMonth' and @alt = 'Expiration Date' and (text() = '
									MM
										
									01
						
									02
						
									03
						
									04
						
									05
						
									06
						
									07
						
									08
						
									09
						
									10
						
									11
						
									12
						
								' or . = '
									MM
										
									01
						
									02
						
									03
						
									04
						
									05
						
									06
						
									07
						
									08
						
									09
						
									10
						
									11
						
									12
						
								')]'. Please recheck the objects properties to make sure the desired element is located. 

2021-11-19 11:14:33 - [MESSAGE][WARNING] - [SELF-HEALING] Failed to find element with id 'Object Repository/RAD_Pages/PaymentEntry_Page/select_MM'. Try using Self-healing.

2021-11-19 11:14:34 - [MESSAGE][WARNING] - [SELF-HEALING] The current locator of test object 'Object Repository/RAD_Pages/PaymentEntry_Page/select_MM' was broken. Propose an alternative one: '//select'.

2021-11-19 11:14:34 - [MESSAGE][FAILED] - Unable to select option by label '12' of object 'Object Repository/RAD_Pages/PaymentEntry_Page/select_MM'  (Root cause: com.kms.katalon.core.exception.StepFailedException: Unable to select option by label '12' of object 'Object Repository/RAD_Pages/PaymentEntry_Page/select_MM' 
	at com.kms.katalon.core.webui.keyword.internal.WebUIKeywordMain.stepFailed(WebUIKeywordMain.groovy:64)
	at com.kms.katalon.core.webui.keyword.internal.WebUIKeywordMain.runKeyword(WebUIKeywordMain.groovy:26)
	at com.kms.katalon.core.webui.keyword.builtin.SelectOptionByLabelKeyword.selectOptionByLabel(SelectOptionByLabelKeyword.groovy:98)
	at com.kms.katalon.core.webui.keyword.builtin.SelectOptionByLabelKeyword.execute(SelectOptionByLabelKeyword.groovy:71)
	at com.kms.katalon.core.keyword.internal.KeywordExecutor.executeKeywordForPlatform(KeywordExecutor.groovy:74)
	at com.kms.katalon.core.webui.keyword.WebUiBuiltInKeywords.selectOptionByLabel(WebUiBuiltInKeywords.groovy:1230)
	at com.kms.katalon.core.webui.keyword.WebUiBuiltInKeywords$selectOptionByLabel$6.call(Unknown Source)
	at Payments_HC_TC.run(Payments_HC_TC:317)
	at com.kms.katalon.core.main.ScriptEngine.run(ScriptEngine.java:194)
	at com.kms.katalon.core.main.ScriptEngine.runScriptAsRawText(ScriptEngine.java:119)
	at com.kms.katalon.core.main.TestCaseExecutor.runScript(TestCaseExecutor.java:430)
	at com.kms.katalon.core.main.TestCaseExecutor.doExecute(TestCaseExecutor.java:421)
	at com.kms.katalon.core.main.TestCaseExecutor.processExecutionPhase(TestCaseExecutor.java:400)
	at com.kms.katalon.core.main.TestCaseExecutor.accessMainPhase(TestCaseExecutor.java:392)
	at com.kms.katalon.core.main.TestCaseExecutor.execute(TestCaseExecutor.java:273)
	at com.kms.katalon.core.main.TestSuiteExecutor.accessTestCaseMainPhase(TestSuiteExecutor.java:202)
	at com.kms.katalon.core.main.TestSuiteExecutor.accessTestSuiteMainPhase(TestSuiteExecutor.java:164)
	at com.kms.katalon.core.main.TestSuiteExecutor.execute(TestSuiteExecutor.java:105)
	at com.kms.katalon.core.main.TestCaseMain.startTestSuite(TestCaseMain.java:185)
	at com.kms.katalon.core.main.TestCaseMain$startTestSuite$0.call(Unknown Source)
	at TempTestSuite1637335687322.run(TempTestSuite1637335687322.groovy:36)
Caused by: org.openqa.selenium.NoSuchElementException: Cannot locate element with text: 12
For documentation on this error, please visit: https://www.seleniumhq.org/exceptions/no_such_element.html
Build info: version: '3.141.59', revision: 'e82be7d358', time: '2018-11-14T08:25:53'
System info: host: 'DESKTOP-B2QI6NS', ip: '172.30.2.167', os.name: 'Windows 10', os.arch: 'amd64', os.version: '10.0', java.version: '1.8.0_181'
Driver info: driver.version: unknown
	at org.openqa.selenium.support.ui.Select.selectByVisibleText(Select.java:147)
	at com.kms.katalon.core.webui.common.WebUiCommonHelper.selectOrDeselectOptionsByLabel(WebUiCommonHelper.java:310)
	at com.kms.katalon.core.webui.keyword.builtin.SelectOptionByLabelKeyword$_selectOptionByLabel_closure1.doCall(SelectOptionByLabelKeyword.groovy:87)
	at com.kms.katalon.core.webui.keyword.builtin.SelectOptionByLabelKeyword$_selectOptionByLabel_closure1.call(SelectOptionByLabelKeyword.groovy)
	at com.kms.katalon.core.webui.keyword.internal.WebUIKeywordMain.runKeyword(WebUIKeywordMain.groovy:20)
	at com.kms.katalon.core.webui.keyword.builtin.SelectOptionByLabelKeyword.selectOptionByLabel(SelectOptionByLabelKeyword.groovy:98)
	at com.kms.katalon.core.webui.keyword.builtin.SelectOptionByLabelKeyword.execute(SelectOptionByLabelKeyword.groovy:71)
	at com.kms.katalon.core.keyword.internal.KeywordExecutor.executeKeywordForPlatform(KeywordExecutor.groovy:74)
	at com.kms.katalon.core.webui.keyword.WebUiBuiltInKeywords.selectOptionByLabel(WebUiBuiltInKeywords.groovy:1230)
	at com.kms.katalon.core.webui.keyword.WebUiBuiltInKeywords$selectOptionByLabel$6.call(Unknown Source)
	at Script1634674829687.run(Script1634674829687.groovy:317)
	... 13 more
)
[[ATTACHMENT|E:\\Cloned-Project-Katalon\\VPS-Katalon\\Reports\\20211119_102807\\RAD_TestSuite\\RAD_UI_TestSuite\\20211119_102807\\1637338474387.png]]

2021-11-19 11:14:34 - [TEST_STEP][FAILED] - selectOptionByLabel(findTestObject(orPath_PaymentEntry + "/select_YYYY"), "2023", false): Unable to select option by label '2023' of object 'Object Repository/RAD_Pages/PaymentEntry_Page/select_YYYY'  (Root cause: com.kms.katalon.core.exception.StepFailedException: Unable to select option by label '2023' of object 'Object Repository/RAD_Pages/PaymentEntry_Page/select_YYYY' 
	at com.kms.katalon.core.webui.keyword.internal.WebUIKeywordMain.stepFailed(WebUIKeywordMain.groovy:64)
	at com.kms.katalon.core.webui.keyword.internal.WebUIKeywordMain.runKeyword(WebUIKeywordMain.groovy:26)
	at com.kms.katalon.core.webui.keyword.builtin.SelectOptionByLabelKeyword.selectOptionByLabel(SelectOptionByLabelKeyword.groovy:98)
	at com.kms.katalon.core.webui.keyword.builtin.SelectOptionByLabelKeyword.execute(SelectOptionByLabelKeyword.groovy:71)
	at com.kms.katalon.core.keyword.internal.KeywordExecutor.executeKeywordForPlatform(KeywordExecutor.groovy:74)
	at com.kms.katalon.core.webui.keyword.WebUiBuiltInKeywords.selectOptionByLabel(WebUiBuiltInKeywords.groovy:1230)
	at com.kms.katalon.core.webui.keyword.WebUiBuiltInKeywords$selectOptionByLabel$6.call(Unknown Source)
	at Payments_HC_TC.run(Payments_HC_TC:318)
	at com.kms.katalon.core.main.ScriptEngine.run(ScriptEngine.java:194)
	at com.kms.katalon.core.main.ScriptEngine.runScriptAsRawText(ScriptEngine.java:119)
	at com.kms.katalon.core.main.TestCaseExecutor.runScript(TestCaseExecutor.java:430)
	at com.kms.katalon.core.main.TestCaseExecutor.doExecute(TestCaseExecutor.java:421)
	at com.kms.katalon.core.main.TestCaseExecutor.processExecutionPhase(TestCaseExecutor.java:400)
	at com.kms.katalon.core.main.TestCaseExecutor.accessMainPhase(TestCaseExecutor.java:392)
	at com.kms.katalon.core.main.TestCaseExecutor.execute(TestCaseExecutor.java:273)
	at com.kms.katalon.core.main.TestSuiteExecutor.accessTestCaseMainPhase(TestSuiteExecutor.java:202)
	at com.kms.katalon.core.main.TestSuiteExecutor.accessTestSuiteMainPhase(TestSuiteExecutor.java:164)
	at com.kms.katalon.core.main.TestSuiteExecutor.execute(TestSuiteExecutor.java:105)
	at com.kms.katalon.core.main.TestCaseMain.startTestSuite(TestCaseMain.java:185)
	at com.kms.katalon.core.main.TestCaseMain$startTestSuite$0.call(Unknown Source)
	at TempTestSuite1637335687322.run(TempTestSuite1637335687322.groovy:36)
Caused by: com.kms.katalon.core.webui.exception.WebElementNotFoundException: Web element with id: 'Object Repository/RAD_Pages/PaymentEntry_Page/select_YYYY' located by '//*[@name = 'cardExpYear' and @alt = 'Expiration Date' and (text() = '
									YYYY
						
									2021
						
									2022
						
									2023
						
									2024
						
									2025
						
									2026
						
									2027
						
									2028
						
									2029
						
									2030
						
									2031
						
									2032
						
									2033
						
									2034
						
									2035
						
									2036
						
								' or . = '
									YYYY
						
									2021
						
									2022
						
									2023
						
									2024
						
									2025
						
									2026
						
									2027
						
									2028
						
									2029
						
									2030
						
									2031
						
									2032
						
									2033
						
									2034
						
									2035
						
									2036
						
								')]' not found
	at com.kms.katalon.core.webui.common.WebUiCommonHelper.findWebElement(WebUiCommonHelper.java:1368)
	at com.kms.katalon.core.webui.keyword.internal.WebUIAbstractKeyword.findWebElement(WebUIAbstractKeyword.groovy:27)
	at com.kms.katalon.core.webui.keyword.internal.WebUIAbstractKeyword.findWebElement(WebUIAbstractKeyword.groovy:26)
	at com.kms.katalon.core.webui.keyword.builtin.SelectOptionByLabelKeyword$_selectOptionByLabel_closure1.doCall(SelectOptionByLabelKeyword.groovy:86)
	at com.kms.katalon.core.webui.keyword.builtin.SelectOptionByLabelKeyword$_selectOptionByLabel_closure1.call(SelectOptionByLabelKeyword.groovy)
	at com.kms.katalon.core.webui.keyword.internal.WebUIKeywordMain.runKeyword(WebUIKeywordMain.groovy:20)
	at com.kms.katalon.core.webui.keyword.builtin.SelectOptionByLabelKeyword.selectOptionByLabel(SelectOptionByLabelKeyword.groovy:98)
	at com.kms.katalon.core.webui.keyword.builtin.SelectOptionByLabelKeyword.execute(SelectOptionByLabelKeyword.groovy:71)
	at com.kms.katalon.core.keyword.internal.KeywordExecutor.executeKeywordForPlatform(KeywordExecutor.groovy:74)
	at com.kms.katalon.core.webui.keyword.WebUiBuiltInKeywords.selectOptionByLabel(WebUiBuiltInKeywords.groovy:1230)
	at com.kms.katalon.core.webui.keyword.WebUiBuiltInKeywords$selectOptionByLabel$6.call(Unknown Source)
	at Script1634674829687.run(Script1634674829687.groovy:318)
	... 13 more
)

2021-11-19 11:15:05 - [MESSAGE][INFO] - Unable to find the element located by 'By.xpath: //*[@name = 'cardExpYear' and @alt = 'Expiration Date' and (text() = '
									YYYY
						
									2021
						
									2022
						
									2023
						
									2024
						
									2025
						
									2026
						
									2027
						
									2028
						
									2029
						
									2030
						
									2031
						
									2032
						
									2033
						
									2034
						
									2035
						
									2036
						
								' or . = '
									YYYY
						
									2021
						
									2022
						
									2023
						
									2024
						
									2025
						
									2026
						
									2027
						
									2028
						
									2029
						
									2030
						
									2031
						
									2032
						
									2033
						
									2034
						
									2035
						
									2036
						
								')]'. Please recheck the objects properties to make sure the desired element is located. 

2021-11-19 11:15:05 - [MESSAGE][WARNING] - [SELF-HEALING] Failed to find element with id 'Object Repository/RAD_Pages/PaymentEntry_Page/select_YYYY'. Try using Self-healing.

2021-11-19 11:15:06 - [MESSAGE][INFO] - Unable to find the element located by 'By.xpath: //select[@name='cardExpYear']'. Please recheck the objects properties to make sure the desired element is located. 

2021-11-19 11:15:07 - [MESSAGE][INFO] - [SELF-HEALING] Failed Locator: '//select[@name='cardExpYear']'.

2021-11-19 11:15:07 - [MESSAGE][INFO] - [SELF-HEALING] Failed Locator: '//div[@id='expDate']/div[2]/select'.

2021-11-19 11:15:07 - [MESSAGE][INFO] - [SELF-HEALING] Failed Locator: '(.//*[normalize-space(text()) and normalize-space(.)='*'])[4]/following::select[2]'.

2021-11-19 11:15:07 - [MESSAGE][INFO] - [SELF-HEALING] Failed Locator: '(.//*[normalize-space(text()) and normalize-space(.)='*'])[5]/preceding::select[1]'.

2021-11-19 11:15:08 - [MESSAGE][INFO] - [SELF-HEALING] Failed Locator: '//div[2]/select'.

2021-11-19 11:15:09 - [MESSAGE][INFO] - Unable to find the element located by 'By.cssSelector: select[name="cardExpYear"]'. Please recheck the objects properties to make sure the desired element is located. 

2021-11-19 11:15:09 - [MESSAGE][FAILED] - Unable to select option by label '2023' of object 'Object Repository/RAD_Pages/PaymentEntry_Page/select_YYYY'  (Root cause: com.kms.katalon.core.exception.StepFailedException: Unable to select option by label '2023' of object 'Object Repository/RAD_Pages/PaymentEntry_Page/select_YYYY' 
	at com.kms.katalon.core.webui.keyword.internal.WebUIKeywordMain.stepFailed(WebUIKeywordMain.groovy:64)
	at com.kms.katalon.core.webui.keyword.internal.WebUIKeywordMain.runKeyword(WebUIKeywordMain.groovy:26)
	at com.kms.katalon.core.webui.keyword.builtin.SelectOptionByLabelKeyword.selectOptionByLabel(SelectOptionByLabelKeyword.groovy:98)
	at com.kms.katalon.core.webui.keyword.builtin.SelectOptionByLabelKeyword.execute(SelectOptionByLabelKeyword.groovy:71)
	at com.kms.katalon.core.keyword.internal.KeywordExecutor.executeKeywordForPlatform(KeywordExecutor.groovy:74)
	at com.kms.katalon.core.webui.keyword.WebUiBuiltInKeywords.selectOptionByLabel(WebUiBuiltInKeywords.groovy:1230)
	at com.kms.katalon.core.webui.keyword.WebUiBuiltInKeywords$selectOptionByLabel$6.call(Unknown Source)
	at Payments_HC_TC.run(Payments_HC_TC:318)
	at com.kms.katalon.core.main.ScriptEngine.run(ScriptEngine.java:194)
	at com.kms.katalon.core.main.ScriptEngine.runScriptAsRawText(ScriptEngine.java:119)
	at com.kms.katalon.core.main.TestCaseExecutor.runScript(TestCaseExecutor.java:430)
	at com.kms.katalon.core.main.TestCaseExecutor.doExecute(TestCaseExecutor.java:421)
	at com.kms.katalon.core.main.TestCaseExecutor.processExecutionPhase(TestCaseExecutor.java:400)
	at com.kms.katalon.core.main.TestCaseExecutor.accessMainPhase(TestCaseExecutor.java:392)
	at com.kms.katalon.core.main.TestCaseExecutor.execute(TestCaseExecutor.java:273)
	at com.kms.katalon.core.main.TestSuiteExecutor.accessTestCaseMainPhase(TestSuiteExecutor.java:202)
	at com.kms.katalon.core.main.TestSuiteExecutor.accessTestSuiteMainPhase(TestSuiteExecutor.java:164)
	at com.kms.katalon.core.main.TestSuiteExecutor.execute(TestSuiteExecutor.java:105)
	at com.kms.katalon.core.main.TestCaseMain.startTestSuite(TestCaseMain.java:185)
	at com.kms.katalon.core.main.TestCaseMain$startTestSuite$0.call(Unknown Source)
	at TempTestSuite1637335687322.run(TempTestSuite1637335687322.groovy:36)
Caused by: com.kms.katalon.core.webui.exception.WebElementNotFoundException: Web element with id: 'Object Repository/RAD_Pages/PaymentEntry_Page/select_YYYY' located by '//*[@name = 'cardExpYear' and @alt = 'Expiration Date' and (text() = '
									YYYY
						
									2021
						
									2022
						
									2023
						
									2024
						
									2025
						
									2026
						
									2027
						
									2028
						
									2029
						
									2030
						
									2031
						
									2032
						
									2033
						
									2034
						
									2035
						
									2036
						
								' or . = '
									YYYY
						
									2021
						
									2022
						
									2023
						
									2024
						
									2025
						
									2026
						
									2027
						
									2028
						
									2029
						
									2030
						
									2031
						
									2032
						
									2033
						
									2034
						
									2035
						
									2036
						
								')]' not found
	at com.kms.katalon.core.webui.common.WebUiCommonHelper.findWebElement(WebUiCommonHelper.java:1368)
	at com.kms.katalon.core.webui.keyword.internal.WebUIAbstractKeyword.findWebElement(WebUIAbstractKeyword.groovy:27)
	at com.kms.katalon.core.webui.keyword.internal.WebUIAbstractKeyword.findWebElement(WebUIAbstractKeyword.groovy:26)
	at com.kms.katalon.core.webui.keyword.builtin.SelectOptionByLabelKeyword$_selectOptionByLabel_closure1.doCall(SelectOptionByLabelKeyword.groovy:86)
	at com.kms.katalon.core.webui.keyword.builtin.SelectOptionByLabelKeyword$_selectOptionByLabel_closure1.call(SelectOptionByLabelKeyword.groovy)
	at com.kms.katalon.core.webui.keyword.internal.WebUIKeywordMain.runKeyword(WebUIKeywordMain.groovy:20)
	at com.kms.katalon.core.webui.keyword.builtin.SelectOptionByLabelKeyword.selectOptionByLabel(SelectOptionByLabelKeyword.groovy:98)
	at com.kms.katalon.core.webui.keyword.builtin.SelectOptionByLabelKeyword.execute(SelectOptionByLabelKeyword.groovy:71)
	at com.kms.katalon.core.keyword.internal.KeywordExecutor.executeKeywordForPlatform(KeywordExecutor.groovy:74)
	at com.kms.katalon.core.webui.keyword.WebUiBuiltInKeywords.selectOptionByLabel(WebUiBuiltInKeywords.groovy:1230)
	at com.kms.katalon.core.webui.keyword.WebUiBuiltInKeywords$selectOptionByLabel$6.call(Unknown Source)
	at Script1634674829687.run(Script1634674829687.groovy:318)
	... 13 more
)
[[ATTACHMENT|E:\\Cloned-Project-Katalon\\VPS-Katalon\\Reports\\20211119_102807\\RAD_TestSuite\\RAD_UI_TestSuite\\20211119_102807\\1637338509229.png]]

2021-11-19 11:15:09 - [TEST_STEP][FAILED] - click(findTestObject(orPath_PaymentEntry + "/input_Field_ccSubmit")): Unable to click on object 'Object Repository/RAD_Pages/PaymentEntry_Page/input_Field_ccSubmit' (Root cause: com.kms.katalon.core.exception.StepFailedException: Unable to click on object 'Object Repository/RAD_Pages/PaymentEntry_Page/input_Field_ccSubmit'
	at com.kms.katalon.core.webui.keyword.internal.WebUIKeywordMain.stepFailed(WebUIKeywordMain.groovy:64)
	at com.kms.katalon.core.webui.keyword.internal.WebUIKeywordMain.runKeyword(WebUIKeywordMain.groovy:26)
	at com.kms.katalon.core.webui.keyword.builtin.ClickKeyword.click(ClickKeyword.groovy:75)
	at com.kms.katalon.core.webui.keyword.builtin.ClickKeyword.execute(ClickKeyword.groovy:42)
	at com.kms.katalon.core.keyword.internal.KeywordExecutor.executeKeywordForPlatform(KeywordExecutor.groovy:74)
	at com.kms.katalon.core.webui.keyword.WebUiBuiltInKeywords.click(WebUiBuiltInKeywords.groovy:620)
	at com.kms.katalon.core.webui.keyword.WebUiBuiltInKeywords$click$10.call(Unknown Source)
	at Payments_HC_TC.run(Payments_HC_TC:319)
	at com.kms.katalon.core.main.ScriptEngine.run(ScriptEngine.java:194)
	at com.kms.katalon.core.main.ScriptEngine.runScriptAsRawText(ScriptEngine.java:119)
	at com.kms.katalon.core.main.TestCaseExecutor.runScript(TestCaseExecutor.java:430)
	at com.kms.katalon.core.main.TestCaseExecutor.doExecute(TestCaseExecutor.java:421)
	at com.kms.katalon.core.main.TestCaseExecutor.processExecutionPhase(TestCaseExecutor.java:400)
	at com.kms.katalon.core.main.TestCaseExecutor.accessMainPhase(TestCaseExecutor.java:392)
	at com.kms.katalon.core.main.TestCaseExecutor.execute(TestCaseExecutor.java:273)
	at com.kms.katalon.core.main.TestSuiteExecutor.accessTestCaseMainPhase(TestSuiteExecutor.java:202)
	at com.kms.katalon.core.main.TestSuiteExecutor.accessTestSuiteMainPhase(TestSuiteExecutor.java:164)
	at com.kms.katalon.core.main.TestSuiteExecutor.execute(TestSuiteExecutor.java:105)
	at com.kms.katalon.core.main.TestCaseMain.startTestSuite(TestCaseMain.java:185)
	at com.kms.katalon.core.main.TestCaseMain$startTestSuite$0.call(Unknown Source)
	at TempTestSuite1637335687322.run(TempTestSuite1637335687322.groovy:36)
Caused by: com.kms.katalon.core.webui.exception.WebElementNotFoundException: Web element with id: 'Object Repository/RAD_Pages/PaymentEntry_Page/input_Field_ccSubmit' located by '//*[@type = 'submit' and @name = 'ccSubmit']' not found
	at com.kms.katalon.core.webui.common.WebUiCommonHelper.findWebElement(WebUiCommonHelper.java:1368)
	at com.kms.katalon.core.webui.keyword.internal.WebUIAbstractKeyword.findWebElement(WebUIAbstractKeyword.groovy:27)
	at com.kms.katalon.core.webui.keyword.internal.WebUIAbstractKeyword.findWebElement(WebUIAbstractKeyword.groovy:26)
	at com.kms.katalon.core.webui.keyword.builtin.ClickKeyword$_click_closure1.doCall(ClickKeyword.groovy:66)
	at com.kms.katalon.core.webui.keyword.builtin.ClickKeyword$_click_closure1.call(ClickKeyword.groovy)
	at com.kms.katalon.core.webui.keyword.internal.WebUIKeywordMain.runKeyword(WebUIKeywordMain.groovy:20)
	at com.kms.katalon.core.webui.keyword.builtin.ClickKeyword.click(ClickKeyword.groovy:75)
	at com.kms.katalon.core.webui.keyword.builtin.ClickKeyword.execute(ClickKeyword.groovy:42)
	at com.kms.katalon.core.keyword.internal.KeywordExecutor.executeKeywordForPlatform(KeywordExecutor.groovy:74)
	at com.kms.katalon.core.webui.keyword.WebUiBuiltInKeywords.click(WebUiBuiltInKeywords.groovy:620)
	at com.kms.katalon.core.webui.keyword.WebUiBuiltInKeywords$click$10.call(Unknown Source)
	at Script1634674829687.run(Script1634674829687.groovy:319)
	... 13 more
)

2021-11-19 11:15:40 - [MESSAGE][INFO] - Unable to find the element located by 'By.xpath: //*[@type = 'submit' and @name = 'ccSubmit']'. Please recheck the objects properties to make sure the desired element is located. 

2021-11-19 11:15:40 - [MESSAGE][WARNING] - [SELF-HEALING] Failed to find element with id 'Object Repository/RAD_Pages/PaymentEntry_Page/input_Field_ccSubmit'. Try using Self-healing.

2021-11-19 11:15:41 - [MESSAGE][INFO] - Unable to find the element located by 'By.xpath: //input[@name='ccSubmit']'. Please recheck the objects properties to make sure the desired element is located. 

2021-11-19 11:15:41 - [MESSAGE][INFO] - [SELF-HEALING] Failed Locator: '//input[@name='ccSubmit']'.

2021-11-19 11:15:42 - [MESSAGE][INFO] - [SELF-HEALING] Failed Locator: '//form[@id='process']/table/tbody/tr/td[2]/div/div/input'.

2021-11-19 11:15:42 - [MESSAGE][INFO] - [SELF-HEALING] Failed Locator: '//td[2]/div/div/input'.

2021-11-19 11:15:42 - [MESSAGE][INFO] - [SELF-HEALING] Failed Locator: '//input[@name='ccSubmit']'.

2021-11-19 11:15:42 - [MESSAGE][INFO] - [SELF-HEALING] Failed Locator: '//form[@id='process']/table/tbody/tr/td[2]/div/div/input'.

2021-11-19 11:15:43 - [MESSAGE][INFO] - [SELF-HEALING] Failed Locator: '//td[2]/div/div/input'.

2021-11-19 11:15:44 - [MESSAGE][INFO] - Unable to find the element located by 'By.cssSelector: input[name="ccSubmit"]'. Please recheck the objects properties to make sure the desired element is located. 

2021-11-19 11:15:44 - [MESSAGE][FAILED] - Unable to click on object 'Object Repository/RAD_Pages/PaymentEntry_Page/input_Field_ccSubmit' (Root cause: com.kms.katalon.core.exception.StepFailedException: Unable to click on object 'Object Repository/RAD_Pages/PaymentEntry_Page/input_Field_ccSubmit'
	at com.kms.katalon.core.webui.keyword.internal.WebUIKeywordMain.stepFailed(WebUIKeywordMain.groovy:64)
	at com.kms.katalon.core.webui.keyword.internal.WebUIKeywordMain.runKeyword(WebUIKeywordMain.groovy:26)
	at com.kms.katalon.core.webui.keyword.builtin.ClickKeyword.click(ClickKeyword.groovy:75)
	at com.kms.katalon.core.webui.keyword.builtin.ClickKeyword.execute(ClickKeyword.groovy:42)
	at com.kms.katalon.core.keyword.internal.KeywordExecutor.executeKeywordForPlatform(KeywordExecutor.groovy:74)
	at com.kms.katalon.core.webui.keyword.WebUiBuiltInKeywords.click(WebUiBuiltInKeywords.groovy:620)
	at com.kms.katalon.core.webui.keyword.WebUiBuiltInKeywords$click$10.call(Unknown Source)
	at Payments_HC_TC.run(Payments_HC_TC:319)
	at com.kms.katalon.core.main.ScriptEngine.run(ScriptEngine.java:194)
	at com.kms.katalon.core.main.ScriptEngine.runScriptAsRawText(ScriptEngine.java:119)
	at com.kms.katalon.core.main.TestCaseExecutor.runScript(TestCaseExecutor.java:430)
	at com.kms.katalon.core.main.TestCaseExecutor.doExecute(TestCaseExecutor.java:421)
	at com.kms.katalon.core.main.TestCaseExecutor.processExecutionPhase(TestCaseExecutor.java:400)
	at com.kms.katalon.core.main.TestCaseExecutor.accessMainPhase(TestCaseExecutor.java:392)
	at com.kms.katalon.core.main.TestCaseExecutor.execute(TestCaseExecutor.java:273)
	at com.kms.katalon.core.main.TestSuiteExecutor.accessTestCaseMainPhase(TestSuiteExecutor.java:202)
	at com.kms.katalon.core.main.TestSuiteExecutor.accessTestSuiteMainPhase(TestSuiteExecutor.java:164)
	at com.kms.katalon.core.main.TestSuiteExecutor.execute(TestSuiteExecutor.java:105)
	at com.kms.katalon.core.main.TestCaseMain.startTestSuite(TestCaseMain.java:185)
	at com.kms.katalon.core.main.TestCaseMain$startTestSuite$0.call(Unknown Source)
	at TempTestSuite1637335687322.run(TempTestSuite1637335687322.groovy:36)
Caused by: com.kms.katalon.core.webui.exception.WebElementNotFoundException: Web element with id: 'Object Repository/RAD_Pages/PaymentEntry_Page/input_Field_ccSubmit' located by '//*[@type = 'submit' and @name = 'ccSubmit']' not found
	at com.kms.katalon.core.webui.common.WebUiCommonHelper.findWebElement(WebUiCommonHelper.java:1368)
	at com.kms.katalon.core.webui.keyword.internal.WebUIAbstractKeyword.findWebElement(WebUIAbstractKeyword.groovy:27)
	at com.kms.katalon.core.webui.keyword.internal.WebUIAbstractKeyword.findWebElement(WebUIAbstractKeyword.groovy:26)
	at com.kms.katalon.core.webui.keyword.builtin.ClickKeyword$_click_closure1.doCall(ClickKeyword.groovy:66)
	at com.kms.katalon.core.webui.keyword.builtin.ClickKeyword$_click_closure1.call(ClickKeyword.groovy)
	at com.kms.katalon.core.webui.keyword.internal.WebUIKeywordMain.runKeyword(WebUIKeywordMain.groovy:20)
	at com.kms.katalon.core.webui.keyword.builtin.ClickKeyword.click(ClickKeyword.groovy:75)
	at com.kms.katalon.core.webui.keyword.builtin.ClickKeyword.execute(ClickKeyword.groovy:42)
	at com.kms.katalon.core.keyword.internal.KeywordExecutor.executeKeywordForPlatform(KeywordExecutor.groovy:74)
	at com.kms.katalon.core.webui.keyword.WebUiBuiltInKeywords.click(WebUiBuiltInKeywords.groovy:620)
	at com.kms.katalon.core.webui.keyword.WebUiBuiltInKeywords$click$10.call(Unknown Source)
	at Script1634674829687.run(Script1634674829687.groovy:319)
	... 13 more
)
[[ATTACHMENT|E:\\Cloned-Project-Katalon\\VPS-Katalon\\Reports\\20211119_102807\\RAD_TestSuite\\RAD_UI_TestSuite\\20211119_102807\\1637338544248.png]]

2021-11-19 11:15:44 - [TEST_STEP][FAILED] - click(findTestObject(orPath_PaymentConfirmation + "/input_N_confirmNotifyAction")): Unable to click on object 'Object Repository/RAD_Pages/PaymentConfirmation_Page/input_N_confirmNotifyAction' (Root cause: com.kms.katalon.core.exception.StepFailedException: Unable to click on object 'Object Repository/RAD_Pages/PaymentConfirmation_Page/input_N_confirmNotifyAction'
	at com.kms.katalon.core.webui.keyword.internal.WebUIKeywordMain.stepFailed(WebUIKeywordMain.groovy:64)
	at com.kms.katalon.core.webui.keyword.internal.WebUIKeywordMain.runKeyword(WebUIKeywordMain.groovy:26)
	at com.kms.katalon.core.webui.keyword.builtin.ClickKeyword.click(ClickKeyword.groovy:75)
	at com.kms.katalon.core.webui.keyword.builtin.ClickKeyword.execute(ClickKeyword.groovy:42)
	at com.kms.katalon.core.keyword.internal.KeywordExecutor.executeKeywordForPlatform(KeywordExecutor.groovy:74)
	at com.kms.katalon.core.webui.keyword.WebUiBuiltInKeywords.click(WebUiBuiltInKeywords.groovy:620)
	at com.kms.katalon.core.webui.keyword.WebUiBuiltInKeywords$click$10.call(Unknown Source)
	at Payments_HC_TC.run(Payments_HC_TC:324)
	at com.kms.katalon.core.main.ScriptEngine.run(ScriptEngine.java:194)
	at com.kms.katalon.core.main.ScriptEngine.runScriptAsRawText(ScriptEngine.java:119)
	at com.kms.katalon.core.main.TestCaseExecutor.runScript(TestCaseExecutor.java:430)
	at com.kms.katalon.core.main.TestCaseExecutor.doExecute(TestCaseExecutor.java:421)
	at com.kms.katalon.core.main.TestCaseExecutor.processExecutionPhase(TestCaseExecutor.java:400)
	at com.kms.katalon.core.main.TestCaseExecutor.accessMainPhase(TestCaseExecutor.java:392)
	at com.kms.katalon.core.main.TestCaseExecutor.execute(TestCaseExecutor.java:273)
	at com.kms.katalon.core.main.TestSuiteExecutor.accessTestCaseMainPhase(TestSuiteExecutor.java:202)
	at com.kms.katalon.core.main.TestSuiteExecutor.accessTestSuiteMainPhase(TestSuiteExecutor.java:164)
	at com.kms.katalon.core.main.TestSuiteExecutor.execute(TestSuiteExecutor.java:105)
	at com.kms.katalon.core.main.TestCaseMain.startTestSuite(TestCaseMain.java:185)
	at com.kms.katalon.core.main.TestCaseMain$startTestSuite$0.call(Unknown Source)
	at TempTestSuite1637335687322.run(TempTestSuite1637335687322.groovy:36)
Caused by: org.openqa.selenium.ElementClickInterceptedException: element click intercepted: Element is not clickable at point (490, -333)
  (Session info: chrome=96.0.4664.45)
Build info: version: '3.141.59', revision: 'e82be7d358', time: '2018-11-14T08:25:53'
System info: host: 'DESKTOP-B2QI6NS', ip: '172.30.2.167', os.name: 'Windows 10', os.arch: 'amd64', os.version: '10.0', java.version: '1.8.0_181'
Driver info: com.kms.katalon.selenium.driver.CChromeDriver
Capabilities {acceptInsecureCerts: true, browserName: chrome, browserVersion: 96.0.4664.45, chrome: {chromedriverVersion: 95.0.4638.54 (d31a821ec901f..., userDataDir: C:\Users\iahmed\AppData\Loc...}, goog:chromeOptions: {debuggerAddress: localhost:50217}, javascriptEnabled: true, networkConnectionEnabled: false, pageLoadStrategy: normal, platform: WINDOWS, platformName: WINDOWS, proxy: Proxy(), setWindowRect: true, strictFileInteractability: false, timeouts: {implicit: 0, pageLoad: 300000, script: 30000}, unhandledPromptBehavior: dismiss and notify, webauthn:extension:credBlob: true, webauthn:extension:largeBlob: true, webauthn:virtualAuthenticators: true}
Session ID: ab4229e845027eaf8b917732b78f9d49
	at org.openqa.selenium.remote.http.W3CHttpResponseCodec.createException(W3CHttpResponseCodec.java:187)
	at org.openqa.selenium.remote.http.W3CHttpResponseCodec.decode(W3CHttpResponseCodec.java:122)
	at org.openqa.selenium.remote.http.W3CHttpResponseCodec.decode(W3CHttpResponseCodec.java:49)
	at org.openqa.selenium.remote.HttpCommandExecutor.execute(HttpCommandExecutor.java:158)
	at org.openqa.selenium.remote.service.DriverCommandExecutor.execute(DriverCommandExecutor.java:83)
	at org.openqa.selenium.remote.RemoteWebDriver.execute(RemoteWebDriver.java:552)
	at com.kms.katalon.selenium.driver.CChromeDriver.execute(CChromeDriver.java:19)
	at org.openqa.selenium.remote.RemoteWebElement.execute(RemoteWebElement.java:285)
	at org.openqa.selenium.remote.RemoteWebElement.click(RemoteWebElement.java:84)
	at org.openqa.selenium.support.events.EventFiringWebDriver$EventFiringWebElement.lambda$new$0(EventFiringWebDriver.java:404)
	at com.sun.proxy.$Proxy11.click(Unknown Source)
	at org.openqa.selenium.support.events.EventFiringWebDriver$EventFiringWebElement.click(EventFiringWebDriver.java:417)
	at com.kms.katalon.core.webui.keyword.builtin.ClickKeyword$_click_closure1.doCall(ClickKeyword.groovy:68)
	at com.kms.katalon.core.webui.keyword.builtin.ClickKeyword$_click_closure1.call(ClickKeyword.groovy)
	at com.kms.katalon.core.webui.keyword.internal.WebUIKeywordMain.runKeyword(WebUIKeywordMain.groovy:20)
	at com.kms.katalon.core.webui.keyword.builtin.ClickKeyword.click(ClickKeyword.groovy:75)
	at com.kms.katalon.core.webui.keyword.builtin.ClickKeyword.execute(ClickKeyword.groovy:42)
	at com.kms.katalon.core.keyword.internal.KeywordExecutor.executeKeywordForPlatform(KeywordExecutor.groovy:74)
	at com.kms.katalon.core.webui.keyword.WebUiBuiltInKeywords.click(WebUiBuiltInKeywords.groovy:620)
	at com.kms.katalon.core.webui.keyword.WebUiBuiltInKeywords$click$10.call(Unknown Source)
	at Script1634674829687.run(Script1634674829687.groovy:324)
	... 13 more
)

2021-11-19 11:16:15 - [MESSAGE][INFO] - Unable to find the element located by 'By.xpath: //*[@type = 'submit' and @name = 'confirmNotifyAction']'. Please recheck the objects properties to make sure the desired element is located. 

2021-11-19 11:16:15 - [MESSAGE][WARNING] - [SELF-HEALING] Failed to find element with id 'Object Repository/RAD_Pages/PaymentConfirmation_Page/input_N_confirmNotifyAction'. Try using Self-healing.

2021-11-19 11:16:15 - [MESSAGE][WARNING] - [SELF-HEALING] The current locator of test object 'Object Repository/RAD_Pages/PaymentConfirmation_Page/input_N_confirmNotifyAction' was broken. Propose an alternative one: '//div[4]/div/input'.

2021-11-19 11:16:17 - [MESSAGE][FAILED] - Unable to click on object 'Object Repository/RAD_Pages/PaymentConfirmation_Page/input_N_confirmNotifyAction' (Root cause: com.kms.katalon.core.exception.StepFailedException: Unable to click on object 'Object Repository/RAD_Pages/PaymentConfirmation_Page/input_N_confirmNotifyAction'
	at com.kms.katalon.core.webui.keyword.internal.WebUIKeywordMain.stepFailed(WebUIKeywordMain.groovy:64)
	at com.kms.katalon.core.webui.keyword.internal.WebUIKeywordMain.runKeyword(WebUIKeywordMain.groovy:26)
	at com.kms.katalon.core.webui.keyword.builtin.ClickKeyword.click(ClickKeyword.groovy:75)
	at com.kms.katalon.core.webui.keyword.builtin.ClickKeyword.execute(ClickKeyword.groovy:42)
	at com.kms.katalon.core.keyword.internal.KeywordExecutor.executeKeywordForPlatform(KeywordExecutor.groovy:74)
	at com.kms.katalon.core.webui.keyword.WebUiBuiltInKeywords.click(WebUiBuiltInKeywords.groovy:620)
	at com.kms.katalon.core.webui.keyword.WebUiBuiltInKeywords$click$10.call(Unknown Source)
	at Payments_HC_TC.run(Payments_HC_TC:324)
	at com.kms.katalon.core.main.ScriptEngine.run(ScriptEngine.java:194)
	at com.kms.katalon.core.main.ScriptEngine.runScriptAsRawText(ScriptEngine.java:119)
	at com.kms.katalon.core.main.TestCaseExecutor.runScript(TestCaseExecutor.java:430)
	at com.kms.katalon.core.main.TestCaseExecutor.doExecute(TestCaseExecutor.java:421)
	at com.kms.katalon.core.main.TestCaseExecutor.processExecutionPhase(TestCaseExecutor.java:400)
	at com.kms.katalon.core.main.TestCaseExecutor.accessMainPhase(TestCaseExecutor.java:392)
	at com.kms.katalon.core.main.TestCaseExecutor.execute(TestCaseExecutor.java:273)
	at com.kms.katalon.core.main.TestSuiteExecutor.accessTestCaseMainPhase(TestSuiteExecutor.java:202)
	at com.kms.katalon.core.main.TestSuiteExecutor.accessTestSuiteMainPhase(TestSuiteExecutor.java:164)
	at com.kms.katalon.core.main.TestSuiteExecutor.execute(TestSuiteExecutor.java:105)
	at com.kms.katalon.core.main.TestCaseMain.startTestSuite(TestCaseMain.java:185)
	at com.kms.katalon.core.main.TestCaseMain$startTestSuite$0.call(Unknown Source)
	at TempTestSuite1637335687322.run(TempTestSuite1637335687322.groovy:36)
Caused by: org.openqa.selenium.ElementClickInterceptedException: element click intercepted: Element is not clickable at point (490, -333)
  (Session info: chrome=96.0.4664.45)
Build info: version: '3.141.59', revision: 'e82be7d358', time: '2018-11-14T08:25:53'
System info: host: 'DESKTOP-B2QI6NS', ip: '172.30.2.167', os.name: 'Windows 10', os.arch: 'amd64', os.version: '10.0', java.version: '1.8.0_181'
Driver info: com.kms.katalon.selenium.driver.CChromeDriver
Capabilities {acceptInsecureCerts: true, browserName: chrome, browserVersion: 96.0.4664.45, chrome: {chromedriverVersion: 95.0.4638.54 (d31a821ec901f..., userDataDir: C:\Users\iahmed\AppData\Loc...}, goog:chromeOptions: {debuggerAddress: localhost:50217}, javascriptEnabled: true, networkConnectionEnabled: false, pageLoadStrategy: normal, platform: WINDOWS, platformName: WINDOWS, proxy: Proxy(), setWindowRect: true, strictFileInteractability: false, timeouts: {implicit: 0, pageLoad: 300000, script: 30000}, unhandledPromptBehavior: dismiss and notify, webauthn:extension:credBlob: true, webauthn:extension:largeBlob: true, webauthn:virtualAuthenticators: true}
Session ID: ab4229e845027eaf8b917732b78f9d49
	at org.openqa.selenium.remote.http.W3CHttpResponseCodec.createException(W3CHttpResponseCodec.java:187)
	at org.openqa.selenium.remote.http.W3CHttpResponseCodec.decode(W3CHttpResponseCodec.java:122)
	at org.openqa.selenium.remote.http.W3CHttpResponseCodec.decode(W3CHttpResponseCodec.java:49)
	at org.openqa.selenium.remote.HttpCommandExecutor.execute(HttpCommandExecutor.java:158)
	at org.openqa.selenium.remote.service.DriverCommandExecutor.execute(DriverCommandExecutor.java:83)
	at org.openqa.selenium.remote.RemoteWebDriver.execute(RemoteWebDriver.java:552)
	at com.kms.katalon.selenium.driver.CChromeDriver.execute(CChromeDriver.java:19)
	at org.openqa.selenium.remote.RemoteWebElement.execute(RemoteWebElement.java:285)
	at org.openqa.selenium.remote.RemoteWebElement.click(RemoteWebElement.java:84)
	at org.openqa.selenium.support.events.EventFiringWebDriver$EventFiringWebElement.lambda$new$0(EventFiringWebDriver.java:404)
	at com.sun.proxy.$Proxy11.click(Unknown Source)
	at org.openqa.selenium.support.events.EventFiringWebDriver$EventFiringWebElement.click(EventFiringWebDriver.java:417)
	at com.kms.katalon.core.webui.keyword.builtin.ClickKeyword$_click_closure1.doCall(ClickKeyword.groovy:68)
	at com.kms.katalon.core.webui.keyword.builtin.ClickKeyword$_click_closure1.call(ClickKeyword.groovy)
	at com.kms.katalon.core.webui.keyword.internal.WebUIKeywordMain.runKeyword(WebUIKeywordMain.groovy:20)
	at com.kms.katalon.core.webui.keyword.builtin.ClickKeyword.click(ClickKeyword.groovy:75)
	at com.kms.katalon.core.webui.keyword.builtin.ClickKeyword.execute(ClickKeyword.groovy:42)
	at com.kms.katalon.core.keyword.internal.KeywordExecutor.executeKeywordForPlatform(KeywordExecutor.groovy:74)
	at com.kms.katalon.core.webui.keyword.WebUiBuiltInKeywords.click(WebUiBuiltInKeywords.groovy:620)
	at com.kms.katalon.core.webui.keyword.WebUiBuiltInKeywords$click$10.call(Unknown Source)
	at Script1634674829687.run(Script1634674829687.groovy:324)
	... 13 more
)
[[ATTACHMENT|E:\\Cloned-Project-Katalon\\VPS-Katalon\\Reports\\20211119_102807\\RAD_TestSuite\\RAD_UI_TestSuite\\20211119_102807\\1637338576937.png]]

2021-11-19 11:16:17 - [TEST_STEP][FAILED] - click(findTestObject(orPath_ServiceFeesAccept + "/input_convFeeNotifyAction")): Unable to click on object 'Object Repository/RAD_Pages/ServiceFeeAccept_Page/input_convFeeNotifyAction' (Root cause: com.kms.katalon.core.exception.StepFailedException: Unable to click on object 'Object Repository/RAD_Pages/ServiceFeeAccept_Page/input_convFeeNotifyAction'
	at com.kms.katalon.core.webui.keyword.internal.WebUIKeywordMain.stepFailed(WebUIKeywordMain.groovy:64)
	at com.kms.katalon.core.webui.keyword.internal.WebUIKeywordMain.runKeyword(WebUIKeywordMain.groovy:26)
	at com.kms.katalon.core.webui.keyword.builtin.ClickKeyword.click(ClickKeyword.groovy:75)
	at com.kms.katalon.core.webui.keyword.builtin.ClickKeyword.execute(ClickKeyword.groovy:42)
	at com.kms.katalon.core.keyword.internal.KeywordExecutor.executeKeywordForPlatform(KeywordExecutor.groovy:74)
	at com.kms.katalon.core.webui.keyword.WebUiBuiltInKeywords.click(WebUiBuiltInKeywords.groovy:620)
	at com.kms.katalon.core.webui.keyword.WebUiBuiltInKeywords$click$10.call(Unknown Source)
	at Payments_HC_TC.run(Payments_HC_TC:328)
	at com.kms.katalon.core.main.ScriptEngine.run(ScriptEngine.java:194)
	at com.kms.katalon.core.main.ScriptEngine.runScriptAsRawText(ScriptEngine.java:119)
	at com.kms.katalon.core.main.TestCaseExecutor.runScript(TestCaseExecutor.java:430)
	at com.kms.katalon.core.main.TestCaseExecutor.doExecute(TestCaseExecutor.java:421)
	at com.kms.katalon.core.main.TestCaseExecutor.processExecutionPhase(TestCaseExecutor.java:400)
	at com.kms.katalon.core.main.TestCaseExecutor.accessMainPhase(TestCaseExecutor.java:392)
	at com.kms.katalon.core.main.TestCaseExecutor.execute(TestCaseExecutor.java:273)
	at com.kms.katalon.core.main.TestSuiteExecutor.accessTestCaseMainPhase(TestSuiteExecutor.java:202)
	at com.kms.katalon.core.main.TestSuiteExecutor.accessTestSuiteMainPhase(TestSuiteExecutor.java:164)
	at com.kms.katalon.core.main.TestSuiteExecutor.execute(TestSuiteExecutor.java:105)
	at com.kms.katalon.core.main.TestCaseMain.startTestSuite(TestCaseMain.java:185)
	at com.kms.katalon.core.main.TestCaseMain$startTestSuite$0.call(Unknown Source)
	at TempTestSuite1637335687322.run(TempTestSuite1637335687322.groovy:36)
Caused by: org.openqa.selenium.ElementClickInterceptedException: element click intercepted: Element <input type="text" name="middleName" class="form-control" id="middleName" maxlength="20" placeholder="Middle Name"> is not clickable at point (902, 29). Other element would receive the click: <div class="container-fluid">...</div>
  (Session info: chrome=96.0.4664.45)
Build info: version: '3.141.59', revision: 'e82be7d358', time: '2018-11-14T08:25:53'
System info: host: 'DESKTOP-B2QI6NS', ip: '172.30.2.167', os.name: 'Windows 10', os.arch: 'amd64', os.version: '10.0', java.version: '1.8.0_181'
Driver info: com.kms.katalon.selenium.driver.CChromeDriver
Capabilities {acceptInsecureCerts: true, browserName: chrome, browserVersion: 96.0.4664.45, chrome: {chromedriverVersion: 95.0.4638.54 (d31a821ec901f..., userDataDir: C:\Users\iahmed\AppData\Loc...}, goog:chromeOptions: {debuggerAddress: localhost:50217}, javascriptEnabled: true, networkConnectionEnabled: false, pageLoadStrategy: normal, platform: WINDOWS, platformName: WINDOWS, proxy: Proxy(), setWindowRect: true, strictFileInteractability: false, timeouts: {implicit: 0, pageLoad: 300000, script: 30000}, unhandledPromptBehavior: dismiss and notify, webauthn:extension:credBlob: true, webauthn:extension:largeBlob: true, webauthn:virtualAuthenticators: true}
Session ID: ab4229e845027eaf8b917732b78f9d49
	at org.openqa.selenium.remote.http.W3CHttpResponseCodec.createException(W3CHttpResponseCodec.java:187)
	at org.openqa.selenium.remote.http.W3CHttpResponseCodec.decode(W3CHttpResponseCodec.java:122)
	at org.openqa.selenium.remote.http.W3CHttpResponseCodec.decode(W3CHttpResponseCodec.java:49)
	at org.openqa.selenium.remote.HttpCommandExecutor.execute(HttpCommandExecutor.java:158)
	at org.openqa.selenium.remote.service.DriverCommandExecutor.execute(DriverCommandExecutor.java:83)
	at org.openqa.selenium.remote.RemoteWebDriver.execute(RemoteWebDriver.java:552)
	at com.kms.katalon.selenium.driver.CChromeDriver.execute(CChromeDriver.java:19)
	at org.openqa.selenium.remote.RemoteWebElement.execute(RemoteWebElement.java:285)
	at org.openqa.selenium.remote.RemoteWebElement.click(RemoteWebElement.java:84)
	at org.openqa.selenium.support.events.EventFiringWebDriver$EventFiringWebElement.lambda$new$0(EventFiringWebDriver.java:404)
	at com.sun.proxy.$Proxy11.click(Unknown Source)
	at org.openqa.selenium.support.events.EventFiringWebDriver$EventFiringWebElement.click(EventFiringWebDriver.java:417)
	at com.kms.katalon.core.webui.keyword.builtin.ClickKeyword$_click_closure1.doCall(ClickKeyword.groovy:68)
	at com.kms.katalon.core.webui.keyword.builtin.ClickKeyword$_click_closure1.call(ClickKeyword.groovy)
	at com.kms.katalon.core.webui.keyword.internal.WebUIKeywordMain.runKeyword(WebUIKeywordMain.groovy:20)
	at com.kms.katalon.core.webui.keyword.builtin.ClickKeyword.click(ClickKeyword.groovy:75)
	at com.kms.katalon.core.webui.keyword.builtin.ClickKeyword.execute(ClickKeyword.groovy:42)
	at com.kms.katalon.core.keyword.internal.KeywordExecutor.executeKeywordForPlatform(KeywordExecutor.groovy:74)
	at com.kms.katalon.core.webui.keyword.WebUiBuiltInKeywords.click(WebUiBuiltInKeywords.groovy:620)
	at com.kms.katalon.core.webui.keyword.WebUiBuiltInKeywords$click$10.call(Unknown Source)
	at Script1634674829687.run(Script1634674829687.groovy:328)
	... 13 more
)

2021-11-19 11:16:48 - [MESSAGE][INFO] - Unable to find the element located by 'By.xpath: //*[@type = 'submit' and @name = 'convFeeNotifyAction']'. Please recheck the objects properties to make sure the desired element is located. 

2021-11-19 11:16:48 - [MESSAGE][WARNING] - [SELF-HEALING] Failed to find element with id 'Object Repository/RAD_Pages/ServiceFeeAccept_Page/input_convFeeNotifyAction'. Try using Self-healing.

2021-11-19 11:16:48 - [MESSAGE][WARNING] - [SELF-HEALING] The current locator of test object 'Object Repository/RAD_Pages/ServiceFeeAccept_Page/input_convFeeNotifyAction' was broken. Propose an alternative one: '//div[5]/div/input'.

2021-11-19 11:16:50 - [MESSAGE][FAILED] - Unable to click on object 'Object Repository/RAD_Pages/ServiceFeeAccept_Page/input_convFeeNotifyAction' (Root cause: com.kms.katalon.core.exception.StepFailedException: Unable to click on object 'Object Repository/RAD_Pages/ServiceFeeAccept_Page/input_convFeeNotifyAction'
	at com.kms.katalon.core.webui.keyword.internal.WebUIKeywordMain.stepFailed(WebUIKeywordMain.groovy:64)
	at com.kms.katalon.core.webui.keyword.internal.WebUIKeywordMain.runKeyword(WebUIKeywordMain.groovy:26)
	at com.kms.katalon.core.webui.keyword.builtin.ClickKeyword.click(ClickKeyword.groovy:75)
	at com.kms.katalon.core.webui.keyword.builtin.ClickKeyword.execute(ClickKeyword.groovy:42)
	at com.kms.katalon.core.keyword.internal.KeywordExecutor.executeKeywordForPlatform(KeywordExecutor.groovy:74)
	at com.kms.katalon.core.webui.keyword.WebUiBuiltInKeywords.click(WebUiBuiltInKeywords.groovy:620)
	at com.kms.katalon.core.webui.keyword.WebUiBuiltInKeywords$click$10.call(Unknown Source)
	at Payments_HC_TC.run(Payments_HC_TC:328)
	at com.kms.katalon.core.main.ScriptEngine.run(ScriptEngine.java:194)
	at com.kms.katalon.core.main.ScriptEngine.runScriptAsRawText(ScriptEngine.java:119)
	at com.kms.katalon.core.main.TestCaseExecutor.runScript(TestCaseExecutor.java:430)
	at com.kms.katalon.core.main.TestCaseExecutor.doExecute(TestCaseExecutor.java:421)
	at com.kms.katalon.core.main.TestCaseExecutor.processExecutionPhase(TestCaseExecutor.java:400)
	at com.kms.katalon.core.main.TestCaseExecutor.accessMainPhase(TestCaseExecutor.java:392)
	at com.kms.katalon.core.main.TestCaseExecutor.execute(TestCaseExecutor.java:273)
	at com.kms.katalon.core.main.TestSuiteExecutor.accessTestCaseMainPhase(TestSuiteExecutor.java:202)
	at com.kms.katalon.core.main.TestSuiteExecutor.accessTestSuiteMainPhase(TestSuiteExecutor.java:164)
	at com.kms.katalon.core.main.TestSuiteExecutor.execute(TestSuiteExecutor.java:105)
	at com.kms.katalon.core.main.TestCaseMain.startTestSuite(TestCaseMain.java:185)
	at com.kms.katalon.core.main.TestCaseMain$startTestSuite$0.call(Unknown Source)
	at TempTestSuite1637335687322.run(TempTestSuite1637335687322.groovy:36)
Caused by: org.openqa.selenium.ElementClickInterceptedException: element click intercepted: Element <input type="text" name="middleName" class="form-control" id="middleName" maxlength="20" placeholder="Middle Name"> is not clickable at point (902, 29). Other element would receive the click: <div class="container-fluid">...</div>
  (Session info: chrome=96.0.4664.45)
Build info: version: '3.141.59', revision: 'e82be7d358', time: '2018-11-14T08:25:53'
System info: host: 'DESKTOP-B2QI6NS', ip: '172.30.2.167', os.name: 'Windows 10', os.arch: 'amd64', os.version: '10.0', java.version: '1.8.0_181'
Driver info: com.kms.katalon.selenium.driver.CChromeDriver
Capabilities {acceptInsecureCerts: true, browserName: chrome, browserVersion: 96.0.4664.45, chrome: {chromedriverVersion: 95.0.4638.54 (d31a821ec901f..., userDataDir: C:\Users\iahmed\AppData\Loc...}, goog:chromeOptions: {debuggerAddress: localhost:50217}, javascriptEnabled: true, networkConnectionEnabled: false, pageLoadStrategy: normal, platform: WINDOWS, platformName: WINDOWS, proxy: Proxy(), setWindowRect: true, strictFileInteractability: false, timeouts: {implicit: 0, pageLoad: 300000, script: 30000}, unhandledPromptBehavior: dismiss and notify, webauthn:extension:credBlob: true, webauthn:extension:largeBlob: true, webauthn:virtualAuthenticators: true}
Session ID: ab4229e845027eaf8b917732b78f9d49
	at org.openqa.selenium.remote.http.W3CHttpResponseCodec.createException(W3CHttpResponseCodec.java:187)
	at org.openqa.selenium.remote.http.W3CHttpResponseCodec.decode(W3CHttpResponseCodec.java:122)
	at org.openqa.selenium.remote.http.W3CHttpResponseCodec.decode(W3CHttpResponseCodec.java:49)
	at org.openqa.selenium.remote.HttpCommandExecutor.execute(HttpCommandExecutor.java:158)
	at org.openqa.selenium.remote.service.DriverCommandExecutor.execute(DriverCommandExecutor.java:83)
	at org.openqa.selenium.remote.RemoteWebDriver.execute(RemoteWebDriver.java:552)
	at com.kms.katalon.selenium.driver.CChromeDriver.execute(CChromeDriver.java:19)
	at org.openqa.selenium.remote.RemoteWebElement.execute(RemoteWebElement.java:285)
	at org.openqa.selenium.remote.RemoteWebElement.click(RemoteWebElement.java:84)
	at org.openqa.selenium.support.events.EventFiringWebDriver$EventFiringWebElement.lambda$new$0(EventFiringWebDriver.java:404)
	at com.sun.proxy.$Proxy11.click(Unknown Source)
	at org.openqa.selenium.support.events.EventFiringWebDriver$EventFiringWebElement.click(EventFiringWebDriver.java:417)
	at com.kms.katalon.core.webui.keyword.builtin.ClickKeyword$_click_closure1.doCall(ClickKeyword.groovy:68)
	at com.kms.katalon.core.webui.keyword.builtin.ClickKeyword$_click_closure1.call(ClickKeyword.groovy)
	at com.kms.katalon.core.webui.keyword.internal.WebUIKeywordMain.runKeyword(WebUIKeywordMain.groovy:20)
	at com.kms.katalon.core.webui.keyword.builtin.ClickKeyword.click(ClickKeyword.groovy:75)
	at com.kms.katalon.core.webui.keyword.builtin.ClickKeyword.execute(ClickKeyword.groovy:42)
	at com.kms.katalon.core.keyword.internal.KeywordExecutor.executeKeywordForPlatform(KeywordExecutor.groovy:74)
	at com.kms.katalon.core.webui.keyword.WebUiBuiltInKeywords.click(WebUiBuiltInKeywords.groovy:620)
	at com.kms.katalon.core.webui.keyword.WebUiBuiltInKeywords$click$10.call(Unknown Source)
	at Script1634674829687.run(Script1634674829687.groovy:328)
	... 13 more
)
[[ATTACHMENT|E:\\Cloned-Project-Katalon\\VPS-Katalon\\Reports\\20211119_102807\\RAD_TestSuite\\RAD_UI_TestSuite\\20211119_102807\\1637338609786.png]]

2021-11-19 11:16:50 - [TEST_STEP][PASSED] - delay(10): Delayed 10 second(s)

2021-11-19 11:17:00 - [MESSAGE][PASSED] - Delayed 10 second(s)

2021-11-19 11:17:00 - [TEST_STEP][FAILED] - verifyTextPresent("Successful Payment Receipt", true): Text 'Successful Payment Receipt' is not present on page  using regular expression (Root cause: com.kms.katalon.core.exception.StepFailedException: Text 'Successful Payment Receipt' is not present on page  using regular expression
	at com.kms.katalon.core.webui.keyword.internal.WebUIKeywordMain.stepFailed(WebUIKeywordMain.groovy:64)
	at com.kms.katalon.core.webui.keyword.builtin.VerifyTextPresentKeyword$_verifyTextPresent_closure1.doCall(VerifyTextPresentKeyword.groovy:79)
	at com.kms.katalon.core.webui.keyword.builtin.VerifyTextPresentKeyword$_verifyTextPresent_closure1.call(VerifyTextPresentKeyword.groovy)
	at com.kms.katalon.core.webui.keyword.internal.WebUIKeywordMain.runKeyword(WebUIKeywordMain.groovy:20)
	at com.kms.katalon.core.webui.keyword.builtin.VerifyTextPresentKeyword.verifyTextPresent(VerifyTextPresentKeyword.groovy:83)
	at com.kms.katalon.core.webui.keyword.builtin.VerifyTextPresentKeyword.execute(VerifyTextPresentKeyword.groovy:68)
	at com.kms.katalon.core.keyword.internal.KeywordExecutor.executeKeywordForPlatform(KeywordExecutor.groovy:74)
	at com.kms.katalon.core.webui.keyword.WebUiBuiltInKeywords.verifyTextPresent(WebUiBuiltInKeywords.groovy:1723)
	at com.kms.katalon.core.webui.keyword.WebUiBuiltInKeywords$verifyTextPresent$3.call(Unknown Source)
	at Payments_HC_TC.run(Payments_HC_TC:335)
	at com.kms.katalon.core.main.ScriptEngine.run(ScriptEngine.java:194)
	at com.kms.katalon.core.main.ScriptEngine.runScriptAsRawText(ScriptEngine.java:119)
	at com.kms.katalon.core.main.TestCaseExecutor.runScript(TestCaseExecutor.java:430)
	at com.kms.katalon.core.main.TestCaseExecutor.doExecute(TestCaseExecutor.java:421)
	at com.kms.katalon.core.main.TestCaseExecutor.processExecutionPhase(TestCaseExecutor.java:400)
	at com.kms.katalon.core.main.TestCaseExecutor.accessMainPhase(TestCaseExecutor.java:392)
	at com.kms.katalon.core.main.TestCaseExecutor.execute(TestCaseExecutor.java:273)
	at com.kms.katalon.core.main.TestSuiteExecutor.accessTestCaseMainPhase(TestSuiteExecutor.java:202)
	at com.kms.katalon.core.main.TestSuiteExecutor.accessTestSuiteMainPhase(TestSuiteExecutor.java:164)
	at com.kms.katalon.core.main.TestSuiteExecutor.execute(TestSuiteExecutor.java:105)
	at com.kms.katalon.core.main.TestCaseMain.startTestSuite(TestCaseMain.java:185)
	at com.kms.katalon.core.main.TestCaseMain$startTestSuite$0.call(Unknown Source)
	at TempTestSuite1637335687322.run(TempTestSuite1637335687322.groovy:36)
)

2021-11-19 11:17:00 - [MESSAGE][FAILED] - Text 'Successful Payment Receipt' is not present on page  using regular expression (Root cause: com.kms.katalon.core.exception.StepFailedException: Text 'Successful Payment Receipt' is not present on page  using regular expression
	at com.kms.katalon.core.webui.keyword.internal.WebUIKeywordMain.stepFailed(WebUIKeywordMain.groovy:64)
	at com.kms.katalon.core.webui.keyword.builtin.VerifyTextPresentKeyword$_verifyTextPresent_closure1.doCall(VerifyTextPresentKeyword.groovy:79)
	at com.kms.katalon.core.webui.keyword.builtin.VerifyTextPresentKeyword$_verifyTextPresent_closure1.call(VerifyTextPresentKeyword.groovy)
	at com.kms.katalon.core.webui.keyword.internal.WebUIKeywordMain.runKeyword(WebUIKeywordMain.groovy:20)
	at com.kms.katalon.core.webui.keyword.builtin.VerifyTextPresentKeyword.verifyTextPresent(VerifyTextPresentKeyword.groovy:83)
	at com.kms.katalon.core.webui.keyword.builtin.VerifyTextPresentKeyword.execute(VerifyTextPresentKeyword.groovy:68)
	at com.kms.katalon.core.keyword.internal.KeywordExecutor.executeKeywordForPlatform(KeywordExecutor.groovy:74)
	at com.kms.katalon.core.webui.keyword.WebUiBuiltInKeywords.verifyTextPresent(WebUiBuiltInKeywords.groovy:1723)
	at com.kms.katalon.core.webui.keyword.WebUiBuiltInKeywords$verifyTextPresent$3.call(Unknown Source)
	at Payments_HC_TC.run(Payments_HC_TC:335)
	at com.kms.katalon.core.main.ScriptEngine.run(ScriptEngine.java:194)
	at com.kms.katalon.core.main.ScriptEngine.runScriptAsRawText(ScriptEngine.java:119)
	at com.kms.katalon.core.main.TestCaseExecutor.runScript(TestCaseExecutor.java:430)
	at com.kms.katalon.core.main.TestCaseExecutor.doExecute(TestCaseExecutor.java:421)
	at com.kms.katalon.core.main.TestCaseExecutor.processExecutionPhase(TestCaseExecutor.java:400)
	at com.kms.katalon.core.main.TestCaseExecutor.accessMainPhase(TestCaseExecutor.java:392)
	at com.kms.katalon.core.main.TestCaseExecutor.execute(TestCaseExecutor.java:273)
	at com.kms.katalon.core.main.TestSuiteExecutor.accessTestCaseMainPhase(TestSuiteExecutor.java:202)
	at com.kms.katalon.core.main.TestSuiteExecutor.accessTestSuiteMainPhase(TestSuiteExecutor.java:164)
	at com.kms.katalon.core.main.TestSuiteExecutor.execute(TestSuiteExecutor.java:105)
	at com.kms.katalon.core.main.TestCaseMain.startTestSuite(TestCaseMain.java:185)
	at com.kms.katalon.core.main.TestCaseMain$startTestSuite$0.call(Unknown Source)
	at TempTestSuite1637335687322.run(TempTestSuite1637335687322.groovy:36)
)

2021-11-19 11:17:00 - [TEST_STEP][FAILED] - if (verifyTextPresent("Successful Payment Receipt", true)): Text 'Successful Payment Receipt' is not present on page  using regular expression (Root cause: com.kms.katalon.core.exception.StepFailedException: Text 'Successful Payment Receipt' is not present on page  using regular expression
	at com.kms.katalon.core.webui.keyword.internal.WebUIKeywordMain.stepFailed(WebUIKeywordMain.groovy:64)
	at com.kms.katalon.core.webui.keyword.builtin.VerifyTextPresentKeyword$_verifyTextPresent_closure1.doCall(VerifyTextPresentKeyword.groovy:79)
	at com.kms.katalon.core.webui.keyword.builtin.VerifyTextPresentKeyword$_verifyTextPresent_closure1.call(VerifyTextPresentKeyword.groovy)
	at com.kms.katalon.core.webui.keyword.internal.WebUIKeywordMain.runKeyword(WebUIKeywordMain.groovy:20)
	at com.kms.katalon.core.webui.keyword.builtin.VerifyTextPresentKeyword.verifyTextPresent(VerifyTextPresentKeyword.groovy:83)
	at com.kms.katalon.core.webui.keyword.builtin.VerifyTextPresentKeyword.execute(VerifyTextPresentKeyword.groovy:68)
	at com.kms.katalon.core.keyword.internal.KeywordExecutor.executeKeywordForPlatform(KeywordExecutor.groovy:74)
	at com.kms.katalon.core.webui.keyword.WebUiBuiltInKeywords.verifyTextPresent(WebUiBuiltInKeywords.groovy:1723)
	at com.kms.katalon.core.webui.keyword.WebUiBuiltInKeywords$verifyTextPresent$3.call(Unknown Source)
	at Payments_HC_TC.run(Payments_HC_TC:337)
	at com.kms.katalon.core.main.ScriptEngine.run(ScriptEngine.java:194)
	at com.kms.katalon.core.main.ScriptEngine.runScriptAsRawText(ScriptEngine.java:119)
	at com.kms.katalon.core.main.TestCaseExecutor.runScript(TestCaseExecutor.java:430)
	at com.kms.katalon.core.main.TestCaseExecutor.doExecute(TestCaseExecutor.java:421)
	at com.kms.katalon.core.main.TestCaseExecutor.processExecutionPhase(TestCaseExecutor.java:400)
	at com.kms.katalon.core.main.TestCaseExecutor.accessMainPhase(TestCaseExecutor.java:392)
	at com.kms.katalon.core.main.TestCaseExecutor.execute(TestCaseExecutor.java:273)
	at com.kms.katalon.core.main.TestSuiteExecutor.accessTestCaseMainPhase(TestSuiteExecutor.java:202)
	at com.kms.katalon.core.main.TestSuiteExecutor.accessTestSuiteMainPhase(TestSuiteExecutor.java:164)
	at com.kms.katalon.core.main.TestSuiteExecutor.execute(TestSuiteExecutor.java:105)
	at com.kms.katalon.core.main.TestCaseMain.startTestSuite(TestCaseMain.java:185)
	at com.kms.katalon.core.main.TestCaseMain$startTestSuite$0.call(Unknown Source)
	at TempTestSuite1637335687322.run(TempTestSuite1637335687322.groovy:36)
)

2021-11-19 11:17:00 - [MESSAGE][FAILED] - Text 'Successful Payment Receipt' is not present on page  using regular expression (Root cause: com.kms.katalon.core.exception.StepFailedException: Text 'Successful Payment Receipt' is not present on page  using regular expression
	at com.kms.katalon.core.webui.keyword.internal.WebUIKeywordMain.stepFailed(WebUIKeywordMain.groovy:64)
	at com.kms.katalon.core.webui.keyword.builtin.VerifyTextPresentKeyword$_verifyTextPresent_closure1.doCall(VerifyTextPresentKeyword.groovy:79)
	at com.kms.katalon.core.webui.keyword.builtin.VerifyTextPresentKeyword$_verifyTextPresent_closure1.call(VerifyTextPresentKeyword.groovy)
	at com.kms.katalon.core.webui.keyword.internal.WebUIKeywordMain.runKeyword(WebUIKeywordMain.groovy:20)
	at com.kms.katalon.core.webui.keyword.builtin.VerifyTextPresentKeyword.verifyTextPresent(VerifyTextPresentKeyword.groovy:83)
	at com.kms.katalon.core.webui.keyword.builtin.VerifyTextPresentKeyword.execute(VerifyTextPresentKeyword.groovy:68)
	at com.kms.katalon.core.keyword.internal.KeywordExecutor.executeKeywordForPlatform(KeywordExecutor.groovy:74)
	at com.kms.katalon.core.webui.keyword.WebUiBuiltInKeywords.verifyTextPresent(WebUiBuiltInKeywords.groovy:1723)
	at com.kms.katalon.core.webui.keyword.WebUiBuiltInKeywords$verifyTextPresent$3.call(Unknown Source)
	at Payments_HC_TC.run(Payments_HC_TC:337)
	at com.kms.katalon.core.main.ScriptEngine.run(ScriptEngine.java:194)
	at com.kms.katalon.core.main.ScriptEngine.runScriptAsRawText(ScriptEngine.java:119)
	at com.kms.katalon.core.main.TestCaseExecutor.runScript(TestCaseExecutor.java:430)
	at com.kms.katalon.core.main.TestCaseExecutor.doExecute(TestCaseExecutor.java:421)
	at com.kms.katalon.core.main.TestCaseExecutor.processExecutionPhase(TestCaseExecutor.java:400)
	at com.kms.katalon.core.main.TestCaseExecutor.accessMainPhase(TestCaseExecutor.java:392)
	at com.kms.katalon.core.main.TestCaseExecutor.execute(TestCaseExecutor.java:273)
	at com.kms.katalon.core.main.TestSuiteExecutor.accessTestCaseMainPhase(TestSuiteExecutor.java:202)
	at com.kms.katalon.core.main.TestSuiteExecutor.accessTestSuiteMainPhase(TestSuiteExecutor.java:164)
	at com.kms.katalon.core.main.TestSuiteExecutor.execute(TestSuiteExecutor.java:105)
	at com.kms.katalon.core.main.TestCaseMain.startTestSuite(TestCaseMain.java:185)
	at com.kms.katalon.core.main.TestCaseMain$startTestSuite$0.call(Unknown Source)
	at TempTestSuite1637335687322.run(TempTestSuite1637335687322.groovy:36)
)

2021-11-19 11:17:00 - [TEST_STEP][PASSED] - else: pages.WriteExcel.demoKey is PASSED

2021-11-19 11:17:00 - [TEST_STEP][PASSED] - println("Transaction was NOT Successful"): null

2021-11-19 11:17:00 - [TEST_STEP][PASSED] - out.println("Fail Record Number: " + row): null

2021-11-19 11:17:00 - [TEST_STEP][PASSED] - resText = "Fail": null

2021-11-19 11:17:00 - [TEST_STEP][PASSED] - pages.WriteExcel.demoKey(resText, datText, resColumn, datCloumn, fileLoc, nameSheet, row): pages.WriteExcel.demoKey is PASSED

2021-11-19 11:17:00 - [MESSAGE][PASSED] - pages.WriteExcel.demoKey is PASSED

2021-11-19 11:17:00 - [TEST_STEP][PASSED] - ExecuteTC = findTestData(dataFile).getValue("Execute", row): null

2021-11-19 11:17:00 - [TEST_STEP][PASSED] - PaymentType = findTestData(dataFile).getValue("PaymentType", row): null

2021-11-19 11:17:00 - [TEST_STEP][PASSED] - FilingYear = findTestData(dataFile).getValue("FilingYear", row): null

2021-11-19 11:17:00 - [TEST_STEP][PASSED] - PeriodEnding = findTestData(dataFile).getValue("PeriodEnding", row): null

2021-11-19 11:17:01 - [TEST_STEP][PASSED] - FName = findTestData(dataFile).getValue("Fname", row): null

2021-11-19 11:17:01 - [TEST_STEP][PASSED] - LName = findTestData(dataFile).getValue("Lname", row): null

2021-11-19 11:17:01 - [TEST_STEP][PASSED] - SSN = findTestData(dataFile).getValue("SSN", row): null

2021-11-19 11:17:01 - [TEST_STEP][PASSED] - BusName = findTestData(dataFile).getValue("BusName", row): null

2021-11-19 11:17:01 - [TEST_STEP][PASSED] - AL1 = findTestData(dataFile).getValue("AL1", row): null

2021-11-19 11:17:01 - [TEST_STEP][PASSED] - City = findTestData(dataFile).getValue("City", row): null

2021-11-19 11:17:01 - [TEST_STEP][PASSED] - ZIP = findTestData(dataFile).getValue("ZIP", row): null

2021-11-19 11:17:01 - [TEST_STEP][PASSED] - FilingType = findTestData(dataFile).getValue("FilingType", row): null

2021-11-19 11:17:01 - [TEST_STEP][PASSED] - Withholding = findTestData(dataFile).getValue("Withholding", row): null

2021-11-19 11:17:01 - [TEST_STEP][PASSED] - Amount = findTestData(dataFile).getValue("Amount", row): null

2021-11-19 11:17:01 - [TEST_STEP][PASSED] - CCNumber = findTestData(dataFile).getValue("CCNumber", row): null

2021-11-19 11:17:01 - [TEST_STEP][PASSED] - CVV = findTestData(dataFile).getValue("CVV", row): null

2021-11-19 11:17:01 - [TEST_STEP][PASSED] - out.println("Value of Execute is : " + ExecuteTC): null

2021-11-19 11:17:01 - [TEST_STEP][FAILED] - if (ExecuteTC.equalsIgnoreCase("Y")): null

2021-11-19 11:17:01 - [TEST_STEP][PASSED] - out.println("Begin Record Number: " + row): null

2021-11-19 11:17:01 - [TEST_STEP][PASSED] - today = new java.util.Date(): null

2021-11-19 11:17:01 - [TEST_STEP][PASSED] - println(today): null

2021-11-19 11:17:01 - [TEST_STEP][PASSED] - datText = today: null

2021-11-19 11:17:01 - [TEST_STEP][PASSED] - Taxtype = findTestData(dataFile).getValue("TaxType", row): null

2021-11-19 11:17:01 - [TEST_STEP][PASSED] - out.println("Taxtype value is : " + Taxtype): null

2021-11-19 11:17:01 - [TEST_STEP][PASSED] - openBrowser(""): Browser is opened with url: ''

2021-11-19 11:17:01 - [MESSAGE][WARNING] - A browser is already opened. Closing browser and opening a new one

2021-11-19 11:17:02 - [MESSAGE][INFO] - Starting 'Chrome' driver

2021-11-19 11:17:02 - [MESSAGE][INFO] - User set preference: ['acceptInsecureCerts', 'true']

2021-11-19 11:17:02 - [MESSAGE][INFO] - Action delay is set to 0 milliseconds

2021-11-19 11:17:03 - [MESSAGE][PASSED] - Browser is opened with url: ''

2021-11-19 11:17:03 - [TEST_STEP][PASSED] - maximizeWindow(): Current window maximized

2021-11-19 11:17:03 - [MESSAGE][PASSED] - Current window maximized

2021-11-19 11:17:03 - [TEST_STEP][PASSED] - navigateToUrl(RADurl): Navigate to 'https://qa.velocitypayment.com/client/rad/index.html' successfully

2021-11-19 11:17:05 - [MESSAGE][PASSED] - Navigate to 'https://qa.velocitypayment.com/client/rad/index.html' successfully

2021-11-19 11:17:05 - [TEST_STEP][PASSED] - orPath_Landing = "Object Repository/RAD_Pages/Landing_Page": null

2021-11-19 11:17:05 - [TEST_STEP][PASSED] - orPath_TaxTypeFilingYear = "Object Repository/RAD_Pages/TaxTypeFilingYear_Page": null

2021-11-19 11:17:05 - [TEST_STEP][PASSED] - orPath_TaxPayer = "Object Repository/RAD_Pages/Taxpayer_Page": null

2021-11-19 11:17:05 - [TEST_STEP][PASSED] - orPath_AddressContact = "Object Repository/RAD_Pages/AddressAndContactInfo_Page": null

2021-11-19 11:17:05 - [TEST_STEP][PASSED] - orPath_FilingStatus = "Object Repository/RAD_Pages/FilingStatus_Page": null

2021-11-19 11:17:05 - [TEST_STEP][PASSED] - orPath_Amount = "Object Repository/RAD_Pages/PaymentAmount_Page": null

2021-11-19 11:17:05 - [TEST_STEP][PASSED] - orPath_TaxInfo = "Object Repository/RAD_Pages/TaxInfo_Page": null

2021-11-19 11:17:05 - [TEST_STEP][PASSED] - orPath_Withholding = "Object Repository/RAD_Pages/Withholding_Page": null

2021-11-19 11:17:05 - [TEST_STEP][PASSED] - orPath_Summary = "Object Repository/RAD_Pages/Summary_Page": null

2021-11-19 11:17:05 - [TEST_STEP][PASSED] - orPath_PaymentReady = "Object Repository/RAD_Pages/PaymentReady_Page": null

2021-11-19 11:17:05 - [TEST_STEP][PASSED] - orPath_PaymentEntry = "Object Repository/RAD_Pages/PaymentEntry_Page": null

2021-11-19 11:17:05 - [TEST_STEP][PASSED] - orPath_PaymentConfirmation = "Object Repository/RAD_Pages/PaymentConfirmation_Page": null

2021-11-19 11:17:05 - [TEST_STEP][PASSED] - orPath_ServiceFeesAccept = "Object Repository/RAD_Pages/ServiceFeeAccept_Page": null

2021-11-19 11:17:05 - [TEST_STEP][PASSED] - selectOptionByLabel(findTestObject(orPath_Landing + "/dd_TaxType"), Taxtype, false): All options with label 'Estimated Tax' are selected in object 'Object Repository/RAD_Pages/Landing_Page/dd_TaxType' 

2021-11-19 11:17:06 - [MESSAGE][PASSED] - All options with label 'Estimated Tax' are selected in object 'Object Repository/RAD_Pages/Landing_Page/dd_TaxType' 

2021-11-19 11:17:06 - [TEST_STEP][PASSED] - delay(3): Delayed 3 second(s)

2021-11-19 11:17:09 - [MESSAGE][PASSED] - Delayed 3 second(s)

2021-11-19 11:17:09 - [TEST_STEP][PASSED] - switch (Taxtype): null

2021-11-19 11:17:09 - [TEST_STEP][PASSED] - case "Estimated Tax":: null

2021-11-19 11:17:09 - [TEST_STEP][PASSED] - selectOptionByLabel(findTestObject(orPath_TaxTypeFilingYear + "/select_PaymentType"), PaymentType, false): All options with label 'Corporate' are selected in object 'Object Repository/RAD_Pages/TaxTypeFilingYear_Page/select_PaymentType' 

2021-11-19 11:17:10 - [MESSAGE][PASSED] - All options with label 'Corporate' are selected in object 'Object Repository/RAD_Pages/TaxTypeFilingYear_Page/select_PaymentType' 

2021-11-19 11:17:10 - [TEST_STEP][PASSED] - selectOptionByLabel(findTestObject(orPath_TaxTypeFilingYear + "/select_FilingYear"), FilingYear, false): All options with label '2021' are selected in object 'Object Repository/RAD_Pages/TaxTypeFilingYear_Page/select_FilingYear' 

2021-11-19 11:17:10 - [MESSAGE][PASSED] - All options with label '2021' are selected in object 'Object Repository/RAD_Pages/TaxTypeFilingYear_Page/select_FilingYear' 

2021-11-19 11:17:10 - [TEST_STEP][PASSED] - if (PaymentType.equalsIgnoreCase("Personal")): null

2021-11-19 11:17:10 - [TEST_STEP][PASSED] - else if (PaymentType.equalsIgnoreCase("Corporate")): Text ****** has been set on object 'Object Repository/RAD_Pages/TaxInfo_Page/input_FederalEIN_ReEnter'

2021-11-19 11:17:10 - [TEST_STEP][PASSED] - setEncryptedText(findTestObject(orPath_TaxInfo + "/input_FederalEIN"), "0fDtEjy4ijeV75Gl5M+mSg=="): Text ****** has been set on object 'Object Repository/RAD_Pages/TaxInfo_Page/input_FederalEIN'

2021-11-19 11:17:42 - [MESSAGE][INFO] - Unable to find the element located by 'By.xpath: //*[@id = 'data' and @name = 'Data' and @type = 'password' and @placeholder = 'Federal EIN']'. Please recheck the objects properties to make sure the desired element is located. 

2021-11-19 11:17:42 - [MESSAGE][WARNING] - [SELF-HEALING] Failed to find element with id 'Object Repository/RAD_Pages/TaxInfo_Page/input_FederalEIN'. Try using Self-healing.

2021-11-19 11:17:42 - [MESSAGE][WARNING] - [SELF-HEALING] The current locator of test object 'Object Repository/RAD_Pages/TaxInfo_Page/input_FederalEIN' was broken. Propose an alternative one: '#data'.

2021-11-19 11:17:42 - [MESSAGE][PASSED] - Text ****** has been set on object 'Object Repository/RAD_Pages/TaxInfo_Page/input_FederalEIN'

2021-11-19 11:17:42 - [TEST_STEP][PASSED] - setEncryptedText(findTestObject(orPath_TaxInfo + "/input_FederalEIN_ReEnter"), "0fDtEjy4ijeV75Gl5M+mSg=="): Text ****** has been set on object 'Object Repository/RAD_Pages/TaxInfo_Page/input_FederalEIN_ReEnter'

2021-11-19 11:18:14 - [MESSAGE][INFO] - Unable to find the element located by 'By.xpath: //*[@id = 'data' and @name = 'Data' and @type = 'password' and @placeholder = 'Re-Type Federal EIN']'. Please recheck the objects properties to make sure the desired element is located. 

2021-11-19 11:18:14 - [MESSAGE][WARNING] - [SELF-HEALING] Failed to find element with id 'Object Repository/RAD_Pages/TaxInfo_Page/input_FederalEIN_ReEnter'. Try using Self-healing.

2021-11-19 11:18:14 - [MESSAGE][WARNING] - [SELF-HEALING] The current locator of test object 'Object Repository/RAD_Pages/TaxInfo_Page/input_FederalEIN_ReEnter' was broken. Propose an alternative one: '//input[@id='data']'.

2021-11-19 11:18:14 - [MESSAGE][PASSED] - Text ****** has been set on object 'Object Repository/RAD_Pages/TaxInfo_Page/input_FederalEIN_ReEnter'

2021-11-19 11:18:14 - [TEST_STEP][PASSED] - break: null

2021-11-19 11:18:14 - [TEST_STEP][FAILED] - setText(findTestObject(orPath_TaxPayer + "/input_firstName"), FName): Unable to set text 'Jimmie' of object 'Object Repository/RAD_Pages/Taxpayer_Page/input_firstName' (Root cause: com.kms.katalon.core.exception.StepFailedException: Unable to set text 'Jimmie' of object 'Object Repository/RAD_Pages/Taxpayer_Page/input_firstName'
	at com.kms.katalon.core.webui.keyword.internal.WebUIKeywordMain.stepFailed(WebUIKeywordMain.groovy:64)
	at com.kms.katalon.core.webui.keyword.internal.WebUIKeywordMain.runKeyword(WebUIKeywordMain.groovy:26)
	at com.kms.katalon.core.webui.keyword.builtin.SetTextKeyword.setText(SetTextKeyword.groovy:66)
	at com.kms.katalon.core.webui.keyword.builtin.SetTextKeyword.execute(SetTextKeyword.groovy:37)
	at com.kms.katalon.core.keyword.internal.KeywordExecutor.executeKeywordForPlatform(KeywordExecutor.groovy:74)
	at com.kms.katalon.core.webui.keyword.WebUiBuiltInKeywords.setText(WebUiBuiltInKeywords.groovy:980)
	at com.kms.katalon.core.webui.keyword.WebUiBuiltInKeywords$setText$14.call(Unknown Source)
	at Payments_HC_TC.run(Payments_HC_TC:266)
	at com.kms.katalon.core.main.ScriptEngine.run(ScriptEngine.java:194)
	at com.kms.katalon.core.main.ScriptEngine.runScriptAsRawText(ScriptEngine.java:119)
	at com.kms.katalon.core.main.TestCaseExecutor.runScript(TestCaseExecutor.java:430)
	at com.kms.katalon.core.main.TestCaseExecutor.doExecute(TestCaseExecutor.java:421)
	at com.kms.katalon.core.main.TestCaseExecutor.processExecutionPhase(TestCaseExecutor.java:400)
	at com.kms.katalon.core.main.TestCaseExecutor.accessMainPhase(TestCaseExecutor.java:392)
	at com.kms.katalon.core.main.TestCaseExecutor.execute(TestCaseExecutor.java:273)
	at com.kms.katalon.core.main.TestSuiteExecutor.accessTestCaseMainPhase(TestSuiteExecutor.java:202)
	at com.kms.katalon.core.main.TestSuiteExecutor.accessTestSuiteMainPhase(TestSuiteExecutor.java:164)
	at com.kms.katalon.core.main.TestSuiteExecutor.execute(TestSuiteExecutor.java:105)
	at com.kms.katalon.core.main.TestCaseMain.startTestSuite(TestCaseMain.java:185)
	at com.kms.katalon.core.main.TestCaseMain$startTestSuite$0.call(Unknown Source)
	at TempTestSuite1637335687322.run(TempTestSuite1637335687322.groovy:36)
Caused by: org.openqa.selenium.ElementNotInteractableException: element not interactable
  (Session info: chrome=96.0.4664.45)
Build info: version: '3.141.59', revision: 'e82be7d358', time: '2018-11-14T08:25:53'
System info: host: 'DESKTOP-B2QI6NS', ip: '172.30.2.167', os.name: 'Windows 10', os.arch: 'amd64', os.version: '10.0', java.version: '1.8.0_181'
Driver info: com.kms.katalon.selenium.driver.CChromeDriver
Capabilities {acceptInsecureCerts: true, browserName: chrome, browserVersion: 96.0.4664.45, chrome: {chromedriverVersion: 95.0.4638.54 (d31a821ec901f..., userDataDir: C:\Users\iahmed\AppData\Loc...}, goog:chromeOptions: {debuggerAddress: localhost:51149}, javascriptEnabled: true, networkConnectionEnabled: false, pageLoadStrategy: normal, platform: WINDOWS, platformName: WINDOWS, proxy: Proxy(), setWindowRect: true, strictFileInteractability: false, timeouts: {implicit: 0, pageLoad: 300000, script: 30000}, unhandledPromptBehavior: dismiss and notify, webauthn:extension:credBlob: true, webauthn:extension:largeBlob: true, webauthn:virtualAuthenticators: true}
Session ID: b4ed974bb2c27e97ec4bf17dc0c3030d
	at org.openqa.selenium.remote.http.W3CHttpResponseCodec.createException(W3CHttpResponseCodec.java:187)
	at org.openqa.selenium.remote.http.W3CHttpResponseCodec.decode(W3CHttpResponseCodec.java:122)
	at org.openqa.selenium.remote.http.W3CHttpResponseCodec.decode(W3CHttpResponseCodec.java:49)
	at org.openqa.selenium.remote.HttpCommandExecutor.execute(HttpCommandExecutor.java:158)
	at org.openqa.selenium.remote.service.DriverCommandExecutor.execute(DriverCommandExecutor.java:83)
	at org.openqa.selenium.remote.RemoteWebDriver.execute(RemoteWebDriver.java:552)
	at com.kms.katalon.selenium.driver.CChromeDriver.execute(CChromeDriver.java:19)
	at org.openqa.selenium.remote.RemoteWebElement.execute(RemoteWebElement.java:285)
	at org.openqa.selenium.remote.RemoteWebElement.clear(RemoteWebElement.java:124)
	at org.openqa.selenium.support.events.EventFiringWebDriver$EventFiringWebElement.lambda$new$0(EventFiringWebDriver.java:404)
	at com.sun.proxy.$Proxy11.clear(Unknown Source)
	at org.openqa.selenium.support.events.EventFiringWebDriver$EventFiringWebElement.clear(EventFiringWebDriver.java:436)
	at com.kms.katalon.core.webui.keyword.builtin.SetTextKeyword$_setText_closure1.doCall(SetTextKeyword.groovy:53)
	at com.kms.katalon.core.webui.keyword.builtin.SetTextKeyword$_setText_closure1.call(SetTextKeyword.groovy)
	at com.kms.katalon.core.webui.keyword.internal.WebUIKeywordMain.runKeyword(WebUIKeywordMain.groovy:20)
	at com.kms.katalon.core.webui.keyword.builtin.SetTextKeyword.setText(SetTextKeyword.groovy:66)
	at com.kms.katalon.core.webui.keyword.builtin.SetTextKeyword.execute(SetTextKeyword.groovy:37)
	at com.kms.katalon.core.keyword.internal.KeywordExecutor.executeKeywordForPlatform(KeywordExecutor.groovy:74)
	at com.kms.katalon.core.webui.keyword.WebUiBuiltInKeywords.setText(WebUiBuiltInKeywords.groovy:980)
	at com.kms.katalon.core.webui.keyword.WebUiBuiltInKeywords$setText$14.call(Unknown Source)
	at Script1634674829687.run(Script1634674829687.groovy:266)
	... 13 more
)

2021-11-19 11:18:14 - [MESSAGE][FAILED] - Unable to set text 'Jimmie' of object 'Object Repository/RAD_Pages/Taxpayer_Page/input_firstName' (Root cause: com.kms.katalon.core.exception.StepFailedException: Unable to set text 'Jimmie' of object 'Object Repository/RAD_Pages/Taxpayer_Page/input_firstName'
	at com.kms.katalon.core.webui.keyword.internal.WebUIKeywordMain.stepFailed(WebUIKeywordMain.groovy:64)
	at com.kms.katalon.core.webui.keyword.internal.WebUIKeywordMain.runKeyword(WebUIKeywordMain.groovy:26)
	at com.kms.katalon.core.webui.keyword.builtin.SetTextKeyword.setText(SetTextKeyword.groovy:66)
	at com.kms.katalon.core.webui.keyword.builtin.SetTextKeyword.execute(SetTextKeyword.groovy:37)
	at com.kms.katalon.core.keyword.internal.KeywordExecutor.executeKeywordForPlatform(KeywordExecutor.groovy:74)
	at com.kms.katalon.core.webui.keyword.WebUiBuiltInKeywords.setText(WebUiBuiltInKeywords.groovy:980)
	at com.kms.katalon.core.webui.keyword.WebUiBuiltInKeywords$setText$14.call(Unknown Source)
	at Payments_HC_TC.run(Payments_HC_TC:266)
	at com.kms.katalon.core.main.ScriptEngine.run(ScriptEngine.java:194)
	at com.kms.katalon.core.main.ScriptEngine.runScriptAsRawText(ScriptEngine.java:119)
	at com.kms.katalon.core.main.TestCaseExecutor.runScript(TestCaseExecutor.java:430)
	at com.kms.katalon.core.main.TestCaseExecutor.doExecute(TestCaseExecutor.java:421)
	at com.kms.katalon.core.main.TestCaseExecutor.processExecutionPhase(TestCaseExecutor.java:400)
	at com.kms.katalon.core.main.TestCaseExecutor.accessMainPhase(TestCaseExecutor.java:392)
	at com.kms.katalon.core.main.TestCaseExecutor.execute(TestCaseExecutor.java:273)
	at com.kms.katalon.core.main.TestSuiteExecutor.accessTestCaseMainPhase(TestSuiteExecutor.java:202)
	at com.kms.katalon.core.main.TestSuiteExecutor.accessTestSuiteMainPhase(TestSuiteExecutor.java:164)
	at com.kms.katalon.core.main.TestSuiteExecutor.execute(TestSuiteExecutor.java:105)
	at com.kms.katalon.core.main.TestCaseMain.startTestSuite(TestCaseMain.java:185)
	at com.kms.katalon.core.main.TestCaseMain$startTestSuite$0.call(Unknown Source)
	at TempTestSuite1637335687322.run(TempTestSuite1637335687322.groovy:36)
Caused by: org.openqa.selenium.ElementNotInteractableException: element not interactable
  (Session info: chrome=96.0.4664.45)
Build info: version: '3.141.59', revision: 'e82be7d358', time: '2018-11-14T08:25:53'
System info: host: 'DESKTOP-B2QI6NS', ip: '172.30.2.167', os.name: 'Windows 10', os.arch: 'amd64', os.version: '10.0', java.version: '1.8.0_181'
Driver info: com.kms.katalon.selenium.driver.CChromeDriver
Capabilities {acceptInsecureCerts: true, browserName: chrome, browserVersion: 96.0.4664.45, chrome: {chromedriverVersion: 95.0.4638.54 (d31a821ec901f..., userDataDir: C:\Users\iahmed\AppData\Loc...}, goog:chromeOptions: {debuggerAddress: localhost:51149}, javascriptEnabled: true, networkConnectionEnabled: false, pageLoadStrategy: normal, platform: WINDOWS, platformName: WINDOWS, proxy: Proxy(), setWindowRect: true, strictFileInteractability: false, timeouts: {implicit: 0, pageLoad: 300000, script: 30000}, unhandledPromptBehavior: dismiss and notify, webauthn:extension:credBlob: true, webauthn:extension:largeBlob: true, webauthn:virtualAuthenticators: true}
Session ID: b4ed974bb2c27e97ec4bf17dc0c3030d
	at org.openqa.selenium.remote.http.W3CHttpResponseCodec.createException(W3CHttpResponseCodec.java:187)
	at org.openqa.selenium.remote.http.W3CHttpResponseCodec.decode(W3CHttpResponseCodec.java:122)
	at org.openqa.selenium.remote.http.W3CHttpResponseCodec.decode(W3CHttpResponseCodec.java:49)
	at org.openqa.selenium.remote.HttpCommandExecutor.execute(HttpCommandExecutor.java:158)
	at org.openqa.selenium.remote.service.DriverCommandExecutor.execute(DriverCommandExecutor.java:83)
	at org.openqa.selenium.remote.RemoteWebDriver.execute(RemoteWebDriver.java:552)
	at com.kms.katalon.selenium.driver.CChromeDriver.execute(CChromeDriver.java:19)
	at org.openqa.selenium.remote.RemoteWebElement.execute(RemoteWebElement.java:285)
	at org.openqa.selenium.remote.RemoteWebElement.clear(RemoteWebElement.java:124)
	at org.openqa.selenium.support.events.EventFiringWebDriver$EventFiringWebElement.lambda$new$0(EventFiringWebDriver.java:404)
	at com.sun.proxy.$Proxy11.clear(Unknown Source)
	at org.openqa.selenium.support.events.EventFiringWebDriver$EventFiringWebElement.clear(EventFiringWebDriver.java:436)
	at com.kms.katalon.core.webui.keyword.builtin.SetTextKeyword$_setText_closure1.doCall(SetTextKeyword.groovy:53)
	at com.kms.katalon.core.webui.keyword.builtin.SetTextKeyword$_setText_closure1.call(SetTextKeyword.groovy)
	at com.kms.katalon.core.webui.keyword.internal.WebUIKeywordMain.runKeyword(WebUIKeywordMain.groovy:20)
	at com.kms.katalon.core.webui.keyword.builtin.SetTextKeyword.setText(SetTextKeyword.groovy:66)
	at com.kms.katalon.core.webui.keyword.builtin.SetTextKeyword.execute(SetTextKeyword.groovy:37)
	at com.kms.katalon.core.keyword.internal.KeywordExecutor.executeKeywordForPlatform(KeywordExecutor.groovy:74)
	at com.kms.katalon.core.webui.keyword.WebUiBuiltInKeywords.setText(WebUiBuiltInKeywords.groovy:980)
	at com.kms.katalon.core.webui.keyword.WebUiBuiltInKeywords$setText$14.call(Unknown Source)
	at Script1634674829687.run(Script1634674829687.groovy:266)
	... 13 more
)
[[ATTACHMENT|E:\\Cloned-Project-Katalon\\VPS-Katalon\\Reports\\20211119_102807\\RAD_TestSuite\\RAD_UI_TestSuite\\20211119_102807\\1637338694531.png]]

2021-11-19 11:18:14 - [TEST_STEP][FAILED] - setText(findTestObject(orPath_TaxPayer + "/input_lastName"), LName): Unable to set text 'Anderson' of object 'Object Repository/RAD_Pages/Taxpayer_Page/input_lastName' (Root cause: com.kms.katalon.core.exception.StepFailedException: Unable to set text 'Anderson' of object 'Object Repository/RAD_Pages/Taxpayer_Page/input_lastName'
	at com.kms.katalon.core.webui.keyword.internal.WebUIKeywordMain.stepFailed(WebUIKeywordMain.groovy:64)
	at com.kms.katalon.core.webui.keyword.internal.WebUIKeywordMain.runKeyword(WebUIKeywordMain.groovy:26)
	at com.kms.katalon.core.webui.keyword.builtin.SetTextKeyword.setText(SetTextKeyword.groovy:66)
	at com.kms.katalon.core.webui.keyword.builtin.SetTextKeyword.execute(SetTextKeyword.groovy:37)
	at com.kms.katalon.core.keyword.internal.KeywordExecutor.executeKeywordForPlatform(KeywordExecutor.groovy:74)
	at com.kms.katalon.core.webui.keyword.WebUiBuiltInKeywords.setText(WebUiBuiltInKeywords.groovy:980)
	at com.kms.katalon.core.webui.keyword.WebUiBuiltInKeywords$setText$14.call(Unknown Source)
	at Payments_HC_TC.run(Payments_HC_TC:268)
	at com.kms.katalon.core.main.ScriptEngine.run(ScriptEngine.java:194)
	at com.kms.katalon.core.main.ScriptEngine.runScriptAsRawText(ScriptEngine.java:119)
	at com.kms.katalon.core.main.TestCaseExecutor.runScript(TestCaseExecutor.java:430)
	at com.kms.katalon.core.main.TestCaseExecutor.doExecute(TestCaseExecutor.java:421)
	at com.kms.katalon.core.main.TestCaseExecutor.processExecutionPhase(TestCaseExecutor.java:400)
	at com.kms.katalon.core.main.TestCaseExecutor.accessMainPhase(TestCaseExecutor.java:392)
	at com.kms.katalon.core.main.TestCaseExecutor.execute(TestCaseExecutor.java:273)
	at com.kms.katalon.core.main.TestSuiteExecutor.accessTestCaseMainPhase(TestSuiteExecutor.java:202)
	at com.kms.katalon.core.main.TestSuiteExecutor.accessTestSuiteMainPhase(TestSuiteExecutor.java:164)
	at com.kms.katalon.core.main.TestSuiteExecutor.execute(TestSuiteExecutor.java:105)
	at com.kms.katalon.core.main.TestCaseMain.startTestSuite(TestCaseMain.java:185)
	at com.kms.katalon.core.main.TestCaseMain$startTestSuite$0.call(Unknown Source)
	at TempTestSuite1637335687322.run(TempTestSuite1637335687322.groovy:36)
Caused by: org.openqa.selenium.ElementNotInteractableException: element not interactable
  (Session info: chrome=96.0.4664.45)
Build info: version: '3.141.59', revision: 'e82be7d358', time: '2018-11-14T08:25:53'
System info: host: 'DESKTOP-B2QI6NS', ip: '172.30.2.167', os.name: 'Windows 10', os.arch: 'amd64', os.version: '10.0', java.version: '1.8.0_181'
Driver info: com.kms.katalon.selenium.driver.CChromeDriver
Capabilities {acceptInsecureCerts: true, browserName: chrome, browserVersion: 96.0.4664.45, chrome: {chromedriverVersion: 95.0.4638.54 (d31a821ec901f..., userDataDir: C:\Users\iahmed\AppData\Loc...}, goog:chromeOptions: {debuggerAddress: localhost:51149}, javascriptEnabled: true, networkConnectionEnabled: false, pageLoadStrategy: normal, platform: WINDOWS, platformName: WINDOWS, proxy: Proxy(), setWindowRect: true, strictFileInteractability: false, timeouts: {implicit: 0, pageLoad: 300000, script: 30000}, unhandledPromptBehavior: dismiss and notify, webauthn:extension:credBlob: true, webauthn:extension:largeBlob: true, webauthn:virtualAuthenticators: true}
Session ID: b4ed974bb2c27e97ec4bf17dc0c3030d
	at org.openqa.selenium.remote.http.W3CHttpResponseCodec.createException(W3CHttpResponseCodec.java:187)
	at org.openqa.selenium.remote.http.W3CHttpResponseCodec.decode(W3CHttpResponseCodec.java:122)
	at org.openqa.selenium.remote.http.W3CHttpResponseCodec.decode(W3CHttpResponseCodec.java:49)
	at org.openqa.selenium.remote.HttpCommandExecutor.execute(HttpCommandExecutor.java:158)
	at org.openqa.selenium.remote.service.DriverCommandExecutor.execute(DriverCommandExecutor.java:83)
	at org.openqa.selenium.remote.RemoteWebDriver.execute(RemoteWebDriver.java:552)
	at com.kms.katalon.selenium.driver.CChromeDriver.execute(CChromeDriver.java:19)
	at org.openqa.selenium.remote.RemoteWebElement.execute(RemoteWebElement.java:285)
	at org.openqa.selenium.remote.RemoteWebElement.clear(RemoteWebElement.java:124)
	at org.openqa.selenium.support.events.EventFiringWebDriver$EventFiringWebElement.lambda$new$0(EventFiringWebDriver.java:404)
	at com.sun.proxy.$Proxy11.clear(Unknown Source)
	at org.openqa.selenium.support.events.EventFiringWebDriver$EventFiringWebElement.clear(EventFiringWebDriver.java:436)
	at com.kms.katalon.core.webui.keyword.builtin.SetTextKeyword$_setText_closure1.doCall(SetTextKeyword.groovy:53)
	at com.kms.katalon.core.webui.keyword.builtin.SetTextKeyword$_setText_closure1.call(SetTextKeyword.groovy)
	at com.kms.katalon.core.webui.keyword.internal.WebUIKeywordMain.runKeyword(WebUIKeywordMain.groovy:20)
	at com.kms.katalon.core.webui.keyword.builtin.SetTextKeyword.setText(SetTextKeyword.groovy:66)
	at com.kms.katalon.core.webui.keyword.builtin.SetTextKeyword.execute(SetTextKeyword.groovy:37)
	at com.kms.katalon.core.keyword.internal.KeywordExecutor.executeKeywordForPlatform(KeywordExecutor.groovy:74)
	at com.kms.katalon.core.webui.keyword.WebUiBuiltInKeywords.setText(WebUiBuiltInKeywords.groovy:980)
	at com.kms.katalon.core.webui.keyword.WebUiBuiltInKeywords$setText$14.call(Unknown Source)
	at Script1634674829687.run(Script1634674829687.groovy:268)
	... 13 more
)

2021-11-19 11:18:15 - [MESSAGE][FAILED] - Unable to set text 'Anderson' of object 'Object Repository/RAD_Pages/Taxpayer_Page/input_lastName' (Root cause: com.kms.katalon.core.exception.StepFailedException: Unable to set text 'Anderson' of object 'Object Repository/RAD_Pages/Taxpayer_Page/input_lastName'
	at com.kms.katalon.core.webui.keyword.internal.WebUIKeywordMain.stepFailed(WebUIKeywordMain.groovy:64)
	at com.kms.katalon.core.webui.keyword.internal.WebUIKeywordMain.runKeyword(WebUIKeywordMain.groovy:26)
	at com.kms.katalon.core.webui.keyword.builtin.SetTextKeyword.setText(SetTextKeyword.groovy:66)
	at com.kms.katalon.core.webui.keyword.builtin.SetTextKeyword.execute(SetTextKeyword.groovy:37)
	at com.kms.katalon.core.keyword.internal.KeywordExecutor.executeKeywordForPlatform(KeywordExecutor.groovy:74)
	at com.kms.katalon.core.webui.keyword.WebUiBuiltInKeywords.setText(WebUiBuiltInKeywords.groovy:980)
	at com.kms.katalon.core.webui.keyword.WebUiBuiltInKeywords$setText$14.call(Unknown Source)
	at Payments_HC_TC.run(Payments_HC_TC:268)
	at com.kms.katalon.core.main.ScriptEngine.run(ScriptEngine.java:194)
	at com.kms.katalon.core.main.ScriptEngine.runScriptAsRawText(ScriptEngine.java:119)
	at com.kms.katalon.core.main.TestCaseExecutor.runScript(TestCaseExecutor.java:430)
	at com.kms.katalon.core.main.TestCaseExecutor.doExecute(TestCaseExecutor.java:421)
	at com.kms.katalon.core.main.TestCaseExecutor.processExecutionPhase(TestCaseExecutor.java:400)
	at com.kms.katalon.core.main.TestCaseExecutor.accessMainPhase(TestCaseExecutor.java:392)
	at com.kms.katalon.core.main.TestCaseExecutor.execute(TestCaseExecutor.java:273)
	at com.kms.katalon.core.main.TestSuiteExecutor.accessTestCaseMainPhase(TestSuiteExecutor.java:202)
	at com.kms.katalon.core.main.TestSuiteExecutor.accessTestSuiteMainPhase(TestSuiteExecutor.java:164)
	at com.kms.katalon.core.main.TestSuiteExecutor.execute(TestSuiteExecutor.java:105)
	at com.kms.katalon.core.main.TestCaseMain.startTestSuite(TestCaseMain.java:185)
	at com.kms.katalon.core.main.TestCaseMain$startTestSuite$0.call(Unknown Source)
	at TempTestSuite1637335687322.run(TempTestSuite1637335687322.groovy:36)
Caused by: org.openqa.selenium.ElementNotInteractableException: element not interactable
  (Session info: chrome=96.0.4664.45)
Build info: version: '3.141.59', revision: 'e82be7d358', time: '2018-11-14T08:25:53'
System info: host: 'DESKTOP-B2QI6NS', ip: '172.30.2.167', os.name: 'Windows 10', os.arch: 'amd64', os.version: '10.0', java.version: '1.8.0_181'
Driver info: com.kms.katalon.selenium.driver.CChromeDriver
Capabilities {acceptInsecureCerts: true, browserName: chrome, browserVersion: 96.0.4664.45, chrome: {chromedriverVersion: 95.0.4638.54 (d31a821ec901f..., userDataDir: C:\Users\iahmed\AppData\Loc...}, goog:chromeOptions: {debuggerAddress: localhost:51149}, javascriptEnabled: true, networkConnectionEnabled: false, pageLoadStrategy: normal, platform: WINDOWS, platformName: WINDOWS, proxy: Proxy(), setWindowRect: true, strictFileInteractability: false, timeouts: {implicit: 0, pageLoad: 300000, script: 30000}, unhandledPromptBehavior: dismiss and notify, webauthn:extension:credBlob: true, webauthn:extension:largeBlob: true, webauthn:virtualAuthenticators: true}
Session ID: b4ed974bb2c27e97ec4bf17dc0c3030d
	at org.openqa.selenium.remote.http.W3CHttpResponseCodec.createException(W3CHttpResponseCodec.java:187)
	at org.openqa.selenium.remote.http.W3CHttpResponseCodec.decode(W3CHttpResponseCodec.java:122)
	at org.openqa.selenium.remote.http.W3CHttpResponseCodec.decode(W3CHttpResponseCodec.java:49)
	at org.openqa.selenium.remote.HttpCommandExecutor.execute(HttpCommandExecutor.java:158)
	at org.openqa.selenium.remote.service.DriverCommandExecutor.execute(DriverCommandExecutor.java:83)
	at org.openqa.selenium.remote.RemoteWebDriver.execute(RemoteWebDriver.java:552)
	at com.kms.katalon.selenium.driver.CChromeDriver.execute(CChromeDriver.java:19)
	at org.openqa.selenium.remote.RemoteWebElement.execute(RemoteWebElement.java:285)
	at org.openqa.selenium.remote.RemoteWebElement.clear(RemoteWebElement.java:124)
	at org.openqa.selenium.support.events.EventFiringWebDriver$EventFiringWebElement.lambda$new$0(EventFiringWebDriver.java:404)
	at com.sun.proxy.$Proxy11.clear(Unknown Source)
	at org.openqa.selenium.support.events.EventFiringWebDriver$EventFiringWebElement.clear(EventFiringWebDriver.java:436)
	at com.kms.katalon.core.webui.keyword.builtin.SetTextKeyword$_setText_closure1.doCall(SetTextKeyword.groovy:53)
	at com.kms.katalon.core.webui.keyword.builtin.SetTextKeyword$_setText_closure1.call(SetTextKeyword.groovy)
	at com.kms.katalon.core.webui.keyword.internal.WebUIKeywordMain.runKeyword(WebUIKeywordMain.groovy:20)
	at com.kms.katalon.core.webui.keyword.builtin.SetTextKeyword.setText(SetTextKeyword.groovy:66)
	at com.kms.katalon.core.webui.keyword.builtin.SetTextKeyword.execute(SetTextKeyword.groovy:37)
	at com.kms.katalon.core.keyword.internal.KeywordExecutor.executeKeywordForPlatform(KeywordExecutor.groovy:74)
	at com.kms.katalon.core.webui.keyword.WebUiBuiltInKeywords.setText(WebUiBuiltInKeywords.groovy:980)
	at com.kms.katalon.core.webui.keyword.WebUiBuiltInKeywords$setText$14.call(Unknown Source)
	at Script1634674829687.run(Script1634674829687.groovy:268)
	... 13 more
)
[[ATTACHMENT|E:\\Cloned-Project-Katalon\\VPS-Katalon\\Reports\\20211119_102807\\RAD_TestSuite\\RAD_UI_TestSuite\\20211119_102807\\1637338695125.png]]

2021-11-19 11:18:15 - [TEST_STEP][PASSED] - selectOptionByLabel(findTestObject(orPath_AddressContact + "/select_Country"), "United States", false): All options with label 'United States' are selected in object 'Object Repository/RAD_Pages/AddressAndContactInfo_Page/select_Country' 

2021-11-19 11:18:15 - [MESSAGE][PASSED] - All options with label 'United States' are selected in object 'Object Repository/RAD_Pages/AddressAndContactInfo_Page/select_Country' 

2021-11-19 11:18:15 - [TEST_STEP][PASSED] - setText(findTestObject(orPath_AddressContact + "/input_streetAddress1"), AL1): Text '15 Main Street' is set on object 'Object Repository/RAD_Pages/AddressAndContactInfo_Page/input_streetAddress1'

2021-11-19 11:18:16 - [MESSAGE][PASSED] - Text '15 Main Street' is set on object 'Object Repository/RAD_Pages/AddressAndContactInfo_Page/input_streetAddress1'

2021-11-19 11:18:16 - [TEST_STEP][PASSED] - setText(findTestObject(orPath_AddressContact + "/input_streetAddress2"), ""): Text '' is set on object 'Object Repository/RAD_Pages/AddressAndContactInfo_Page/input_streetAddress2'

2021-11-19 11:18:17 - [MESSAGE][PASSED] - Text '' is set on object 'Object Repository/RAD_Pages/AddressAndContactInfo_Page/input_streetAddress2'

2021-11-19 11:18:17 - [TEST_STEP][PASSED] - setText(findTestObject(orPath_AddressContact + "/input_city"), City): Text 'Gambrills' is set on object 'Object Repository/RAD_Pages/AddressAndContactInfo_Page/input_city'

2021-11-19 11:18:18 - [MESSAGE][PASSED] - Text 'Gambrills' is set on object 'Object Repository/RAD_Pages/AddressAndContactInfo_Page/input_city'

2021-11-19 11:18:18 - [TEST_STEP][PASSED] - selectOptionByLabel(findTestObject(orPath_AddressContact + "/select_State"), "Maryland", false): All options with label 'Maryland' are selected in object 'Object Repository/RAD_Pages/AddressAndContactInfo_Page/select_State' 

2021-11-19 11:18:18 - [MESSAGE][PASSED] - All options with label 'Maryland' are selected in object 'Object Repository/RAD_Pages/AddressAndContactInfo_Page/select_State' 

2021-11-19 11:18:18 - [TEST_STEP][PASSED] - setText(findTestObject(orPath_AddressContact + "/input_zipCode"), ZIP): Text '21054' is set on object 'Object Repository/RAD_Pages/AddressAndContactInfo_Page/input_zipCode'

2021-11-19 11:18:19 - [MESSAGE][PASSED] - Text '21054' is set on object 'Object Repository/RAD_Pages/AddressAndContactInfo_Page/input_zipCode'

2021-11-19 11:18:19 - [TEST_STEP][PASSED] - setText(findTestObject(orPath_AddressContact + "/input_phoneNumber"), "(703) 894-5000"): Text '(703) 894-5000' is set on object 'Object Repository/RAD_Pages/AddressAndContactInfo_Page/input_phoneNumber'

2021-11-19 11:18:20 - [MESSAGE][PASSED] - Text '(703) 894-5000' is set on object 'Object Repository/RAD_Pages/AddressAndContactInfo_Page/input_phoneNumber'

2021-11-19 11:18:20 - [TEST_STEP][PASSED] - setText(findTestObject(orPath_AddressContact + "/input_eMailAddress"), "iahmed@govolution.com"): Text 'iahmed@govolution.com' is set on object 'Object Repository/RAD_Pages/AddressAndContactInfo_Page/input_eMailAddress'

2021-11-19 11:18:21 - [MESSAGE][PASSED] - Text 'iahmed@govolution.com' is set on object 'Object Repository/RAD_Pages/AddressAndContactInfo_Page/input_eMailAddress'

2021-11-19 11:18:21 - [TEST_STEP][PASSED] - setText(findTestObject(orPath_AddressContact + "/input_reEnterEMailAddress"), "iahmed@govolution.com"): Text 'iahmed@govolution.com' is set on object 'Object Repository/RAD_Pages/AddressAndContactInfo_Page/input_reEnterEMailAddress'

2021-11-19 11:18:21 - [MESSAGE][PASSED] - Text 'iahmed@govolution.com' is set on object 'Object Repository/RAD_Pages/AddressAndContactInfo_Page/input_reEnterEMailAddress'

2021-11-19 11:18:21 - [TEST_STEP][PASSED] - setText(findTestObject(orPath_Amount + "/input__paymentAmount"), Amount): Text '100.00' is set on object 'Object Repository/RAD_Pages/PaymentAmount_Page/input__paymentAmount'

2021-11-19 11:18:22 - [MESSAGE][PASSED] - Text '100.00' is set on object 'Object Repository/RAD_Pages/PaymentAmount_Page/input__paymentAmount'

2021-11-19 11:18:22 - [TEST_STEP][PASSED] - scrollToElement(findTestObject(orPath_Landing + "/button_Continue"), 3): Scroll to object 'Object Repository/RAD_Pages/Landing_Page/button_Continue' successfully

2021-11-19 11:18:22 - [MESSAGE][PASSED] - Scroll to object 'Object Repository/RAD_Pages/Landing_Page/button_Continue' successfully

2021-11-19 11:18:22 - [TEST_STEP][PASSED] - waitForElementClickable(findTestObject(orPath_Landing + "/button_Continue"), 5): Object 'Object Repository/RAD_Pages/Landing_Page/button_Continue' is clickable

2021-11-19 11:18:23 - [MESSAGE][PASSED] - Object 'Object Repository/RAD_Pages/Landing_Page/button_Continue' is clickable

2021-11-19 11:18:23 - [TEST_STEP][PASSED] - click(findTestObject(orPath_Landing + "/button_Continue")): Object: 'Object Repository/RAD_Pages/Landing_Page/button_Continue' is clicked on

2021-11-19 11:18:23 - [MESSAGE][PASSED] - Object: 'Object Repository/RAD_Pages/Landing_Page/button_Continue' is clicked on

2021-11-19 11:18:23 - [TEST_STEP][FAILED] - verifyTextPresent("Review the information below and make any necessary corrections by clicking the", true): Text 'Review the information below and make any necessary corrections by clicking the' is not present on page  using regular expression (Root cause: com.kms.katalon.core.exception.StepFailedException: Text 'Review the information below and make any necessary corrections by clicking the' is not present on page  using regular expression
	at com.kms.katalon.core.webui.keyword.internal.WebUIKeywordMain.stepFailed(WebUIKeywordMain.groovy:64)
	at com.kms.katalon.core.webui.keyword.builtin.VerifyTextPresentKeyword$_verifyTextPresent_closure1.doCall(VerifyTextPresentKeyword.groovy:79)
	at com.kms.katalon.core.webui.keyword.builtin.VerifyTextPresentKeyword$_verifyTextPresent_closure1.call(VerifyTextPresentKeyword.groovy)
	at com.kms.katalon.core.webui.keyword.internal.WebUIKeywordMain.runKeyword(WebUIKeywordMain.groovy:20)
	at com.kms.katalon.core.webui.keyword.builtin.VerifyTextPresentKeyword.verifyTextPresent(VerifyTextPresentKeyword.groovy:83)
	at com.kms.katalon.core.webui.keyword.builtin.VerifyTextPresentKeyword.execute(VerifyTextPresentKeyword.groovy:68)
	at com.kms.katalon.core.keyword.internal.KeywordExecutor.executeKeywordForPlatform(KeywordExecutor.groovy:74)
	at com.kms.katalon.core.webui.keyword.WebUiBuiltInKeywords.verifyTextPresent(WebUiBuiltInKeywords.groovy:1723)
	at com.kms.katalon.core.webui.keyword.WebUiBuiltInKeywords$verifyTextPresent$3.call(Unknown Source)
	at Payments_HC_TC.run(Payments_HC_TC:296)
	at com.kms.katalon.core.main.ScriptEngine.run(ScriptEngine.java:194)
	at com.kms.katalon.core.main.ScriptEngine.runScriptAsRawText(ScriptEngine.java:119)
	at com.kms.katalon.core.main.TestCaseExecutor.runScript(TestCaseExecutor.java:430)
	at com.kms.katalon.core.main.TestCaseExecutor.doExecute(TestCaseExecutor.java:421)
	at com.kms.katalon.core.main.TestCaseExecutor.processExecutionPhase(TestCaseExecutor.java:400)
	at com.kms.katalon.core.main.TestCaseExecutor.accessMainPhase(TestCaseExecutor.java:392)
	at com.kms.katalon.core.main.TestCaseExecutor.execute(TestCaseExecutor.java:273)
	at com.kms.katalon.core.main.TestSuiteExecutor.accessTestCaseMainPhase(TestSuiteExecutor.java:202)
	at com.kms.katalon.core.main.TestSuiteExecutor.accessTestSuiteMainPhase(TestSuiteExecutor.java:164)
	at com.kms.katalon.core.main.TestSuiteExecutor.execute(TestSuiteExecutor.java:105)
	at com.kms.katalon.core.main.TestCaseMain.startTestSuite(TestCaseMain.java:185)
	at com.kms.katalon.core.main.TestCaseMain$startTestSuite$0.call(Unknown Source)
	at TempTestSuite1637335687322.run(TempTestSuite1637335687322.groovy:36)
)

2021-11-19 11:18:24 - [MESSAGE][FAILED] - Text 'Review the information below and make any necessary corrections by clicking the' is not present on page  using regular expression (Root cause: com.kms.katalon.core.exception.StepFailedException: Text 'Review the information below and make any necessary corrections by clicking the' is not present on page  using regular expression
	at com.kms.katalon.core.webui.keyword.internal.WebUIKeywordMain.stepFailed(WebUIKeywordMain.groovy:64)
	at com.kms.katalon.core.webui.keyword.builtin.VerifyTextPresentKeyword$_verifyTextPresent_closure1.doCall(VerifyTextPresentKeyword.groovy:79)
	at com.kms.katalon.core.webui.keyword.builtin.VerifyTextPresentKeyword$_verifyTextPresent_closure1.call(VerifyTextPresentKeyword.groovy)
	at com.kms.katalon.core.webui.keyword.internal.WebUIKeywordMain.runKeyword(WebUIKeywordMain.groovy:20)
	at com.kms.katalon.core.webui.keyword.builtin.VerifyTextPresentKeyword.verifyTextPresent(VerifyTextPresentKeyword.groovy:83)
	at com.kms.katalon.core.webui.keyword.builtin.VerifyTextPresentKeyword.execute(VerifyTextPresentKeyword.groovy:68)
	at com.kms.katalon.core.keyword.internal.KeywordExecutor.executeKeywordForPlatform(KeywordExecutor.groovy:74)
	at com.kms.katalon.core.webui.keyword.WebUiBuiltInKeywords.verifyTextPresent(WebUiBuiltInKeywords.groovy:1723)
	at com.kms.katalon.core.webui.keyword.WebUiBuiltInKeywords$verifyTextPresent$3.call(Unknown Source)
	at Payments_HC_TC.run(Payments_HC_TC:296)
	at com.kms.katalon.core.main.ScriptEngine.run(ScriptEngine.java:194)
	at com.kms.katalon.core.main.ScriptEngine.runScriptAsRawText(ScriptEngine.java:119)
	at com.kms.katalon.core.main.TestCaseExecutor.runScript(TestCaseExecutor.java:430)
	at com.kms.katalon.core.main.TestCaseExecutor.doExecute(TestCaseExecutor.java:421)
	at com.kms.katalon.core.main.TestCaseExecutor.processExecutionPhase(TestCaseExecutor.java:400)
	at com.kms.katalon.core.main.TestCaseExecutor.accessMainPhase(TestCaseExecutor.java:392)
	at com.kms.katalon.core.main.TestCaseExecutor.execute(TestCaseExecutor.java:273)
	at com.kms.katalon.core.main.TestSuiteExecutor.accessTestCaseMainPhase(TestSuiteExecutor.java:202)
	at com.kms.katalon.core.main.TestSuiteExecutor.accessTestSuiteMainPhase(TestSuiteExecutor.java:164)
	at com.kms.katalon.core.main.TestSuiteExecutor.execute(TestSuiteExecutor.java:105)
	at com.kms.katalon.core.main.TestCaseMain.startTestSuite(TestCaseMain.java:185)
	at com.kms.katalon.core.main.TestCaseMain$startTestSuite$0.call(Unknown Source)
	at TempTestSuite1637335687322.run(TempTestSuite1637335687322.groovy:36)
)

2021-11-19 11:18:24 - [TEST_STEP][FAILED] - verifyTextPresent("When you are confident that all the information is correct", true): Text 'When you are confident that all the information is correct' is not present on page  using regular expression (Root cause: com.kms.katalon.core.exception.StepFailedException: Text 'When you are confident that all the information is correct' is not present on page  using regular expression
	at com.kms.katalon.core.webui.keyword.internal.WebUIKeywordMain.stepFailed(WebUIKeywordMain.groovy:64)
	at com.kms.katalon.core.webui.keyword.builtin.VerifyTextPresentKeyword$_verifyTextPresent_closure1.doCall(VerifyTextPresentKeyword.groovy:79)
	at com.kms.katalon.core.webui.keyword.builtin.VerifyTextPresentKeyword$_verifyTextPresent_closure1.call(VerifyTextPresentKeyword.groovy)
	at com.kms.katalon.core.webui.keyword.internal.WebUIKeywordMain.runKeyword(WebUIKeywordMain.groovy:20)
	at com.kms.katalon.core.webui.keyword.builtin.VerifyTextPresentKeyword.verifyTextPresent(VerifyTextPresentKeyword.groovy:83)
	at com.kms.katalon.core.webui.keyword.builtin.VerifyTextPresentKeyword.execute(VerifyTextPresentKeyword.groovy:68)
	at com.kms.katalon.core.keyword.internal.KeywordExecutor.executeKeywordForPlatform(KeywordExecutor.groovy:74)
	at com.kms.katalon.core.webui.keyword.WebUiBuiltInKeywords.verifyTextPresent(WebUiBuiltInKeywords.groovy:1723)
	at com.kms.katalon.core.webui.keyword.WebUiBuiltInKeywords$verifyTextPresent$3.call(Unknown Source)
	at Payments_HC_TC.run(Payments_HC_TC:297)
	at com.kms.katalon.core.main.ScriptEngine.run(ScriptEngine.java:194)
	at com.kms.katalon.core.main.ScriptEngine.runScriptAsRawText(ScriptEngine.java:119)
	at com.kms.katalon.core.main.TestCaseExecutor.runScript(TestCaseExecutor.java:430)
	at com.kms.katalon.core.main.TestCaseExecutor.doExecute(TestCaseExecutor.java:421)
	at com.kms.katalon.core.main.TestCaseExecutor.processExecutionPhase(TestCaseExecutor.java:400)
	at com.kms.katalon.core.main.TestCaseExecutor.accessMainPhase(TestCaseExecutor.java:392)
	at com.kms.katalon.core.main.TestCaseExecutor.execute(TestCaseExecutor.java:273)
	at com.kms.katalon.core.main.TestSuiteExecutor.accessTestCaseMainPhase(TestSuiteExecutor.java:202)
	at com.kms.katalon.core.main.TestSuiteExecutor.accessTestSuiteMainPhase(TestSuiteExecutor.java:164)
	at com.kms.katalon.core.main.TestSuiteExecutor.execute(TestSuiteExecutor.java:105)
	at com.kms.katalon.core.main.TestCaseMain.startTestSuite(TestCaseMain.java:185)
	at com.kms.katalon.core.main.TestCaseMain$startTestSuite$0.call(Unknown Source)
	at TempTestSuite1637335687322.run(TempTestSuite1637335687322.groovy:36)
)

2021-11-19 11:18:24 - [MESSAGE][FAILED] - Text 'When you are confident that all the information is correct' is not present on page  using regular expression (Root cause: com.kms.katalon.core.exception.StepFailedException: Text 'When you are confident that all the information is correct' is not present on page  using regular expression
	at com.kms.katalon.core.webui.keyword.internal.WebUIKeywordMain.stepFailed(WebUIKeywordMain.groovy:64)
	at com.kms.katalon.core.webui.keyword.builtin.VerifyTextPresentKeyword$_verifyTextPresent_closure1.doCall(VerifyTextPresentKeyword.groovy:79)
	at com.kms.katalon.core.webui.keyword.builtin.VerifyTextPresentKeyword$_verifyTextPresent_closure1.call(VerifyTextPresentKeyword.groovy)
	at com.kms.katalon.core.webui.keyword.internal.WebUIKeywordMain.runKeyword(WebUIKeywordMain.groovy:20)
	at com.kms.katalon.core.webui.keyword.builtin.VerifyTextPresentKeyword.verifyTextPresent(VerifyTextPresentKeyword.groovy:83)
	at com.kms.katalon.core.webui.keyword.builtin.VerifyTextPresentKeyword.execute(VerifyTextPresentKeyword.groovy:68)
	at com.kms.katalon.core.keyword.internal.KeywordExecutor.executeKeywordForPlatform(KeywordExecutor.groovy:74)
	at com.kms.katalon.core.webui.keyword.WebUiBuiltInKeywords.verifyTextPresent(WebUiBuiltInKeywords.groovy:1723)
	at com.kms.katalon.core.webui.keyword.WebUiBuiltInKeywords$verifyTextPresent$3.call(Unknown Source)
	at Payments_HC_TC.run(Payments_HC_TC:297)
	at com.kms.katalon.core.main.ScriptEngine.run(ScriptEngine.java:194)
	at com.kms.katalon.core.main.ScriptEngine.runScriptAsRawText(ScriptEngine.java:119)
	at com.kms.katalon.core.main.TestCaseExecutor.runScript(TestCaseExecutor.java:430)
	at com.kms.katalon.core.main.TestCaseExecutor.doExecute(TestCaseExecutor.java:421)
	at com.kms.katalon.core.main.TestCaseExecutor.processExecutionPhase(TestCaseExecutor.java:400)
	at com.kms.katalon.core.main.TestCaseExecutor.accessMainPhase(TestCaseExecutor.java:392)
	at com.kms.katalon.core.main.TestCaseExecutor.execute(TestCaseExecutor.java:273)
	at com.kms.katalon.core.main.TestSuiteExecutor.accessTestCaseMainPhase(TestSuiteExecutor.java:202)
	at com.kms.katalon.core.main.TestSuiteExecutor.accessTestSuiteMainPhase(TestSuiteExecutor.java:164)
	at com.kms.katalon.core.main.TestSuiteExecutor.execute(TestSuiteExecutor.java:105)
	at com.kms.katalon.core.main.TestCaseMain.startTestSuite(TestCaseMain.java:185)
	at com.kms.katalon.core.main.TestCaseMain$startTestSuite$0.call(Unknown Source)
	at TempTestSuite1637335687322.run(TempTestSuite1637335687322.groovy:36)
)

2021-11-19 11:18:24 - [TEST_STEP][PASSED] - delay(1): Delayed 1 second(s)

2021-11-19 11:18:25 - [MESSAGE][PASSED] - Delayed 1 second(s)

2021-11-19 11:18:25 - [TEST_STEP][FAILED] - click(findTestObject(orPath_Summary + "/button_Proceed to Payment")): Unable to click on object 'Object Repository/RAD_Pages/Summary_Page/button_Proceed to Payment' (Root cause: com.kms.katalon.core.exception.StepFailedException: Unable to click on object 'Object Repository/RAD_Pages/Summary_Page/button_Proceed to Payment'
	at com.kms.katalon.core.webui.keyword.internal.WebUIKeywordMain.stepFailed(WebUIKeywordMain.groovy:64)
	at com.kms.katalon.core.webui.keyword.internal.WebUIKeywordMain.runKeyword(WebUIKeywordMain.groovy:26)
	at com.kms.katalon.core.webui.keyword.builtin.ClickKeyword.click(ClickKeyword.groovy:75)
	at com.kms.katalon.core.webui.keyword.builtin.ClickKeyword.execute(ClickKeyword.groovy:42)
	at com.kms.katalon.core.keyword.internal.KeywordExecutor.executeKeywordForPlatform(KeywordExecutor.groovy:74)
	at com.kms.katalon.core.webui.keyword.WebUiBuiltInKeywords.click(WebUiBuiltInKeywords.groovy:620)
	at com.kms.katalon.core.webui.keyword.WebUiBuiltInKeywords$click$10.call(Unknown Source)
	at Payments_HC_TC.run(Payments_HC_TC:303)
	at com.kms.katalon.core.main.ScriptEngine.run(ScriptEngine.java:194)
	at com.kms.katalon.core.main.ScriptEngine.runScriptAsRawText(ScriptEngine.java:119)
	at com.kms.katalon.core.main.TestCaseExecutor.runScript(TestCaseExecutor.java:430)
	at com.kms.katalon.core.main.TestCaseExecutor.doExecute(TestCaseExecutor.java:421)
	at com.kms.katalon.core.main.TestCaseExecutor.processExecutionPhase(TestCaseExecutor.java:400)
	at com.kms.katalon.core.main.TestCaseExecutor.accessMainPhase(TestCaseExecutor.java:392)
	at com.kms.katalon.core.main.TestCaseExecutor.execute(TestCaseExecutor.java:273)
	at com.kms.katalon.core.main.TestSuiteExecutor.accessTestCaseMainPhase(TestSuiteExecutor.java:202)
	at com.kms.katalon.core.main.TestSuiteExecutor.accessTestSuiteMainPhase(TestSuiteExecutor.java:164)
	at com.kms.katalon.core.main.TestSuiteExecutor.execute(TestSuiteExecutor.java:105)
	at com.kms.katalon.core.main.TestCaseMain.startTestSuite(TestCaseMain.java:185)
	at com.kms.katalon.core.main.TestCaseMain$startTestSuite$0.call(Unknown Source)
	at TempTestSuite1637335687322.run(TempTestSuite1637335687322.groovy:36)
Caused by: org.openqa.selenium.ElementNotInteractableException: element not interactable
  (Session info: chrome=96.0.4664.45)
Build info: version: '3.141.59', revision: 'e82be7d358', time: '2018-11-14T08:25:53'
System info: host: 'DESKTOP-B2QI6NS', ip: '172.30.2.167', os.name: 'Windows 10', os.arch: 'amd64', os.version: '10.0', java.version: '1.8.0_181'
Driver info: com.kms.katalon.selenium.driver.CChromeDriver
Capabilities {acceptInsecureCerts: true, browserName: chrome, browserVersion: 96.0.4664.45, chrome: {chromedriverVersion: 95.0.4638.54 (d31a821ec901f..., userDataDir: C:\Users\iahmed\AppData\Loc...}, goog:chromeOptions: {debuggerAddress: localhost:51149}, javascriptEnabled: true, networkConnectionEnabled: false, pageLoadStrategy: normal, platform: WINDOWS, platformName: WINDOWS, proxy: Proxy(), setWindowRect: true, strictFileInteractability: false, timeouts: {implicit: 0, pageLoad: 300000, script: 30000}, unhandledPromptBehavior: dismiss and notify, webauthn:extension:credBlob: true, webauthn:extension:largeBlob: true, webauthn:virtualAuthenticators: true}
Session ID: b4ed974bb2c27e97ec4bf17dc0c3030d
	at org.openqa.selenium.remote.http.W3CHttpResponseCodec.createException(W3CHttpResponseCodec.java:187)
	at org.openqa.selenium.remote.http.W3CHttpResponseCodec.decode(W3CHttpResponseCodec.java:122)
	at org.openqa.selenium.remote.http.W3CHttpResponseCodec.decode(W3CHttpResponseCodec.java:49)
	at org.openqa.selenium.remote.HttpCommandExecutor.execute(HttpCommandExecutor.java:158)
	at org.openqa.selenium.remote.service.DriverCommandExecutor.execute(DriverCommandExecutor.java:83)
	at org.openqa.selenium.remote.RemoteWebDriver.execute(RemoteWebDriver.java:552)
	at com.kms.katalon.selenium.driver.CChromeDriver.execute(CChromeDriver.java:19)
	at org.openqa.selenium.remote.RemoteWebElement.execute(RemoteWebElement.java:285)
	at org.openqa.selenium.remote.RemoteWebElement.click(RemoteWebElement.java:84)
	at org.openqa.selenium.support.events.EventFiringWebDriver$EventFiringWebElement.lambda$new$0(EventFiringWebDriver.java:404)
	at com.sun.proxy.$Proxy11.click(Unknown Source)
	at org.openqa.selenium.support.events.EventFiringWebDriver$EventFiringWebElement.click(EventFiringWebDriver.java:417)
	at com.kms.katalon.core.webui.keyword.builtin.ClickKeyword$_click_closure1.doCall(ClickKeyword.groovy:68)
	at com.kms.katalon.core.webui.keyword.builtin.ClickKeyword$_click_closure1.call(ClickKeyword.groovy)
	at com.kms.katalon.core.webui.keyword.internal.WebUIKeywordMain.runKeyword(WebUIKeywordMain.groovy:20)
	at com.kms.katalon.core.webui.keyword.builtin.ClickKeyword.click(ClickKeyword.groovy:75)
	at com.kms.katalon.core.webui.keyword.builtin.ClickKeyword.execute(ClickKeyword.groovy:42)
	at com.kms.katalon.core.keyword.internal.KeywordExecutor.executeKeywordForPlatform(KeywordExecutor.groovy:74)
	at com.kms.katalon.core.webui.keyword.WebUiBuiltInKeywords.click(WebUiBuiltInKeywords.groovy:620)
	at com.kms.katalon.core.webui.keyword.WebUiBuiltInKeywords$click$10.call(Unknown Source)
	at Script1634674829687.run(Script1634674829687.groovy:303)
	... 13 more
)

2021-11-19 11:18:26 - [MESSAGE][FAILED] - Unable to click on object 'Object Repository/RAD_Pages/Summary_Page/button_Proceed to Payment' (Root cause: com.kms.katalon.core.exception.StepFailedException: Unable to click on object 'Object Repository/RAD_Pages/Summary_Page/button_Proceed to Payment'
	at com.kms.katalon.core.webui.keyword.internal.WebUIKeywordMain.stepFailed(WebUIKeywordMain.groovy:64)
	at com.kms.katalon.core.webui.keyword.internal.WebUIKeywordMain.runKeyword(WebUIKeywordMain.groovy:26)
	at com.kms.katalon.core.webui.keyword.builtin.ClickKeyword.click(ClickKeyword.groovy:75)
	at com.kms.katalon.core.webui.keyword.builtin.ClickKeyword.execute(ClickKeyword.groovy:42)
	at com.kms.katalon.core.keyword.internal.KeywordExecutor.executeKeywordForPlatform(KeywordExecutor.groovy:74)
	at com.kms.katalon.core.webui.keyword.WebUiBuiltInKeywords.click(WebUiBuiltInKeywords.groovy:620)
	at com.kms.katalon.core.webui.keyword.WebUiBuiltInKeywords$click$10.call(Unknown Source)
	at Payments_HC_TC.run(Payments_HC_TC:303)
	at com.kms.katalon.core.main.ScriptEngine.run(ScriptEngine.java:194)
	at com.kms.katalon.core.main.ScriptEngine.runScriptAsRawText(ScriptEngine.java:119)
	at com.kms.katalon.core.main.TestCaseExecutor.runScript(TestCaseExecutor.java:430)
	at com.kms.katalon.core.main.TestCaseExecutor.doExecute(TestCaseExecutor.java:421)
	at com.kms.katalon.core.main.TestCaseExecutor.processExecutionPhase(TestCaseExecutor.java:400)
	at com.kms.katalon.core.main.TestCaseExecutor.accessMainPhase(TestCaseExecutor.java:392)
	at com.kms.katalon.core.main.TestCaseExecutor.execute(TestCaseExecutor.java:273)
	at com.kms.katalon.core.main.TestSuiteExecutor.accessTestCaseMainPhase(TestSuiteExecutor.java:202)
	at com.kms.katalon.core.main.TestSuiteExecutor.accessTestSuiteMainPhase(TestSuiteExecutor.java:164)
	at com.kms.katalon.core.main.TestSuiteExecutor.execute(TestSuiteExecutor.java:105)
	at com.kms.katalon.core.main.TestCaseMain.startTestSuite(TestCaseMain.java:185)
	at com.kms.katalon.core.main.TestCaseMain$startTestSuite$0.call(Unknown Source)
	at TempTestSuite1637335687322.run(TempTestSuite1637335687322.groovy:36)
Caused by: org.openqa.selenium.ElementNotInteractableException: element not interactable
  (Session info: chrome=96.0.4664.45)
Build info: version: '3.141.59', revision: 'e82be7d358', time: '2018-11-14T08:25:53'
System info: host: 'DESKTOP-B2QI6NS', ip: '172.30.2.167', os.name: 'Windows 10', os.arch: 'amd64', os.version: '10.0', java.version: '1.8.0_181'
Driver info: com.kms.katalon.selenium.driver.CChromeDriver
Capabilities {acceptInsecureCerts: true, browserName: chrome, browserVersion: 96.0.4664.45, chrome: {chromedriverVersion: 95.0.4638.54 (d31a821ec901f..., userDataDir: C:\Users\iahmed\AppData\Loc...}, goog:chromeOptions: {debuggerAddress: localhost:51149}, javascriptEnabled: true, networkConnectionEnabled: false, pageLoadStrategy: normal, platform: WINDOWS, platformName: WINDOWS, proxy: Proxy(), setWindowRect: true, strictFileInteractability: false, timeouts: {implicit: 0, pageLoad: 300000, script: 30000}, unhandledPromptBehavior: dismiss and notify, webauthn:extension:credBlob: true, webauthn:extension:largeBlob: true, webauthn:virtualAuthenticators: true}
Session ID: b4ed974bb2c27e97ec4bf17dc0c3030d
	at org.openqa.selenium.remote.http.W3CHttpResponseCodec.createException(W3CHttpResponseCodec.java:187)
	at org.openqa.selenium.remote.http.W3CHttpResponseCodec.decode(W3CHttpResponseCodec.java:122)
	at org.openqa.selenium.remote.http.W3CHttpResponseCodec.decode(W3CHttpResponseCodec.java:49)
	at org.openqa.selenium.remote.HttpCommandExecutor.execute(HttpCommandExecutor.java:158)
	at org.openqa.selenium.remote.service.DriverCommandExecutor.execute(DriverCommandExecutor.java:83)
	at org.openqa.selenium.remote.RemoteWebDriver.execute(RemoteWebDriver.java:552)
	at com.kms.katalon.selenium.driver.CChromeDriver.execute(CChromeDriver.java:19)
	at org.openqa.selenium.remote.RemoteWebElement.execute(RemoteWebElement.java:285)
	at org.openqa.selenium.remote.RemoteWebElement.click(RemoteWebElement.java:84)
	at org.openqa.selenium.support.events.EventFiringWebDriver$EventFiringWebElement.lambda$new$0(EventFiringWebDriver.java:404)
	at com.sun.proxy.$Proxy11.click(Unknown Source)
	at org.openqa.selenium.support.events.EventFiringWebDriver$EventFiringWebElement.click(EventFiringWebDriver.java:417)
	at com.kms.katalon.core.webui.keyword.builtin.ClickKeyword$_click_closure1.doCall(ClickKeyword.groovy:68)
	at com.kms.katalon.core.webui.keyword.builtin.ClickKeyword$_click_closure1.call(ClickKeyword.groovy)
	at com.kms.katalon.core.webui.keyword.internal.WebUIKeywordMain.runKeyword(WebUIKeywordMain.groovy:20)
	at com.kms.katalon.core.webui.keyword.builtin.ClickKeyword.click(ClickKeyword.groovy:75)
	at com.kms.katalon.core.webui.keyword.builtin.ClickKeyword.execute(ClickKeyword.groovy:42)
	at com.kms.katalon.core.keyword.internal.KeywordExecutor.executeKeywordForPlatform(KeywordExecutor.groovy:74)
	at com.kms.katalon.core.webui.keyword.WebUiBuiltInKeywords.click(WebUiBuiltInKeywords.groovy:620)
	at com.kms.katalon.core.webui.keyword.WebUiBuiltInKeywords$click$10.call(Unknown Source)
	at Script1634674829687.run(Script1634674829687.groovy:303)
	... 13 more
)
[[ATTACHMENT|E:\\Cloned-Project-Katalon\\VPS-Katalon\\Reports\\20211119_102807\\RAD_TestSuite\\RAD_UI_TestSuite\\20211119_102807\\1637338705804.png]]

2021-11-19 11:18:26 - [TEST_STEP][PASSED] - setText(findTestObject(orPath_PaymentEntry + "/input__cardNumber"), CCNumber): Text '6011000993026909' is set on object 'Object Repository/RAD_Pages/PaymentEntry_Page/input__cardNumber'

2021-11-19 11:18:57 - [MESSAGE][INFO] - Unable to find the element located by 'By.xpath: //*[@type = 'text' and @id = 'cardNumber' and @name = 'cardNumber' and @alt = 'Card Number']'. Please recheck the objects properties to make sure the desired element is located. 

2021-11-19 11:18:57 - [MESSAGE][WARNING] - [SELF-HEALING] Failed to find element with id 'Object Repository/RAD_Pages/PaymentEntry_Page/input__cardNumber'. Try using Self-healing.

2021-11-19 11:18:57 - [MESSAGE][WARNING] - [SELF-HEALING] The current locator of test object 'Object Repository/RAD_Pages/PaymentEntry_Page/input__cardNumber' was broken. Propose an alternative one: '//div[3]/div/div/input'.

2021-11-19 11:19:28 - [MESSAGE][INFO] - Unable to find the element located by 'By.xpath: //*[@type = 'text' and @id = 'cardNumber' and @name = 'cardNumber' and @alt = 'Card Number']'. Please recheck the objects properties to make sure the desired element is located. 

2021-11-19 11:19:28 - [MESSAGE][WARNING] - [SELF-HEALING] Failed to find element with id 'Object Repository/RAD_Pages/PaymentEntry_Page/input__cardNumber'. Try using Self-healing.

2021-11-19 11:19:29 - [MESSAGE][WARNING] - [SELF-HEALING] The current locator of test object 'Object Repository/RAD_Pages/PaymentEntry_Page/input__cardNumber' was broken. Propose an alternative one: '//div[3]/div/div/input'.

2021-11-19 11:19:29 - [MESSAGE][PASSED] - Text '6011000993026909' is set on object 'Object Repository/RAD_Pages/PaymentEntry_Page/input__cardNumber'

2021-11-19 11:19:29 - [TEST_STEP][PASSED] - setText(findTestObject(orPath_PaymentEntry + "/input__spc"), CVV): Text '123' is set on object 'Object Repository/RAD_Pages/PaymentEntry_Page/input__spc'

2021-11-19 11:20:00 - [MESSAGE][INFO] - Unable to find the element located by 'By.xpath: //*[@type = 'text' and @class = 'form-control' and @name = 'spc' and @id = 'spc']'. Please recheck the objects properties to make sure the desired element is located. 

2021-11-19 11:20:00 - [MESSAGE][WARNING] - [SELF-HEALING] Failed to find element with id 'Object Repository/RAD_Pages/PaymentEntry_Page/input__spc'. Try using Self-healing.

2021-11-19 11:20:00 - [MESSAGE][WARNING] - [SELF-HEALING] The current locator of test object 'Object Repository/RAD_Pages/PaymentEntry_Page/input__spc' was broken. Propose an alternative one: '//div[4]/div/div/input'.

2021-11-19 11:20:31 - [MESSAGE][INFO] - Unable to find the element located by 'By.xpath: //*[@type = 'text' and @class = 'form-control' and @name = 'spc' and @id = 'spc']'. Please recheck the objects properties to make sure the desired element is located. 

2021-11-19 11:20:31 - [MESSAGE][WARNING] - [SELF-HEALING] Failed to find element with id 'Object Repository/RAD_Pages/PaymentEntry_Page/input__spc'. Try using Self-healing.

2021-11-19 11:20:31 - [MESSAGE][WARNING] - [SELF-HEALING] The current locator of test object 'Object Repository/RAD_Pages/PaymentEntry_Page/input__spc' was broken. Propose an alternative one: '//div[4]/div/div/input'.

2021-11-19 11:20:32 - [MESSAGE][PASSED] - Text '123' is set on object 'Object Repository/RAD_Pages/PaymentEntry_Page/input__spc'

2021-11-19 11:20:32 - [TEST_STEP][FAILED] - selectOptionByLabel(findTestObject(orPath_PaymentEntry + "/select_MM"), "12", false): Unable to select option by label '12' of object 'Object Repository/RAD_Pages/PaymentEntry_Page/select_MM'  (Root cause: com.kms.katalon.core.exception.StepFailedException: Unable to select option by label '12' of object 'Object Repository/RAD_Pages/PaymentEntry_Page/select_MM' 
	at com.kms.katalon.core.webui.keyword.internal.WebUIKeywordMain.stepFailed(WebUIKeywordMain.groovy:64)
	at com.kms.katalon.core.webui.keyword.internal.WebUIKeywordMain.runKeyword(WebUIKeywordMain.groovy:26)
	at com.kms.katalon.core.webui.keyword.builtin.SelectOptionByLabelKeyword.selectOptionByLabel(SelectOptionByLabelKeyword.groovy:98)
	at com.kms.katalon.core.webui.keyword.builtin.SelectOptionByLabelKeyword.execute(SelectOptionByLabelKeyword.groovy:71)
	at com.kms.katalon.core.keyword.internal.KeywordExecutor.executeKeywordForPlatform(KeywordExecutor.groovy:74)
	at com.kms.katalon.core.webui.keyword.WebUiBuiltInKeywords.selectOptionByLabel(WebUiBuiltInKeywords.groovy:1230)
	at com.kms.katalon.core.webui.keyword.WebUiBuiltInKeywords$selectOptionByLabel$6.call(Unknown Source)
	at Payments_HC_TC.run(Payments_HC_TC:317)
	at com.kms.katalon.core.main.ScriptEngine.run(ScriptEngine.java:194)
	at com.kms.katalon.core.main.ScriptEngine.runScriptAsRawText(ScriptEngine.java:119)
	at com.kms.katalon.core.main.TestCaseExecutor.runScript(TestCaseExecutor.java:430)
	at com.kms.katalon.core.main.TestCaseExecutor.doExecute(TestCaseExecutor.java:421)
	at com.kms.katalon.core.main.TestCaseExecutor.processExecutionPhase(TestCaseExecutor.java:400)
	at com.kms.katalon.core.main.TestCaseExecutor.accessMainPhase(TestCaseExecutor.java:392)
	at com.kms.katalon.core.main.TestCaseExecutor.execute(TestCaseExecutor.java:273)
	at com.kms.katalon.core.main.TestSuiteExecutor.accessTestCaseMainPhase(TestSuiteExecutor.java:202)
	at com.kms.katalon.core.main.TestSuiteExecutor.accessTestSuiteMainPhase(TestSuiteExecutor.java:164)
	at com.kms.katalon.core.main.TestSuiteExecutor.execute(TestSuiteExecutor.java:105)
	at com.kms.katalon.core.main.TestCaseMain.startTestSuite(TestCaseMain.java:185)
	at com.kms.katalon.core.main.TestCaseMain$startTestSuite$0.call(Unknown Source)
	at TempTestSuite1637335687322.run(TempTestSuite1637335687322.groovy:36)
Caused by: org.openqa.selenium.NoSuchElementException: Cannot locate element with text: 12
For documentation on this error, please visit: https://www.seleniumhq.org/exceptions/no_such_element.html
Build info: version: '3.141.59', revision: 'e82be7d358', time: '2018-11-14T08:25:53'
System info: host: 'DESKTOP-B2QI6NS', ip: '172.30.2.167', os.name: 'Windows 10', os.arch: 'amd64', os.version: '10.0', java.version: '1.8.0_181'
Driver info: driver.version: unknown
	at org.openqa.selenium.support.ui.Select.selectByVisibleText(Select.java:147)
	at com.kms.katalon.core.webui.common.WebUiCommonHelper.selectOrDeselectOptionsByLabel(WebUiCommonHelper.java:310)
	at com.kms.katalon.core.webui.keyword.builtin.SelectOptionByLabelKeyword$_selectOptionByLabel_closure1.doCall(SelectOptionByLabelKeyword.groovy:87)
	at com.kms.katalon.core.webui.keyword.builtin.SelectOptionByLabelKeyword$_selectOptionByLabel_closure1.call(SelectOptionByLabelKeyword.groovy)
	at com.kms.katalon.core.webui.keyword.internal.WebUIKeywordMain.runKeyword(WebUIKeywordMain.groovy:20)
	at com.kms.katalon.core.webui.keyword.builtin.SelectOptionByLabelKeyword.selectOptionByLabel(SelectOptionByLabelKeyword.groovy:98)
	at com.kms.katalon.core.webui.keyword.builtin.SelectOptionByLabelKeyword.execute(SelectOptionByLabelKeyword.groovy:71)
	at com.kms.katalon.core.keyword.internal.KeywordExecutor.executeKeywordForPlatform(KeywordExecutor.groovy:74)
	at com.kms.katalon.core.webui.keyword.WebUiBuiltInKeywords.selectOptionByLabel(WebUiBuiltInKeywords.groovy:1230)
	at com.kms.katalon.core.webui.keyword.WebUiBuiltInKeywords$selectOptionByLabel$6.call(Unknown Source)
	at Script1634674829687.run(Script1634674829687.groovy:317)
	... 13 more
)

2021-11-19 11:21:03 - [MESSAGE][INFO] - Unable to find the element located by 'By.xpath: //*[@name = 'cardExpMonth' and @alt = 'Expiration Date' and (text() = '
									MM
										
									01
						
									02
						
									03
						
									04
						
									05
						
									06
						
									07
						
									08
						
									09
						
									10
						
									11
						
									12
						
								' or . = '
									MM
										
									01
						
									02
						
									03
						
									04
						
									05
						
									06
						
									07
						
									08
						
									09
						
									10
						
									11
						
									12
						
								')]'. Please recheck the objects properties to make sure the desired element is located. 

2021-11-19 11:21:03 - [MESSAGE][WARNING] - [SELF-HEALING] Failed to find element with id 'Object Repository/RAD_Pages/PaymentEntry_Page/select_MM'. Try using Self-healing.

2021-11-19 11:21:03 - [MESSAGE][WARNING] - [SELF-HEALING] The current locator of test object 'Object Repository/RAD_Pages/PaymentEntry_Page/select_MM' was broken. Propose an alternative one: '//select'.

2021-11-19 11:21:04 - [MESSAGE][FAILED] - Unable to select option by label '12' of object 'Object Repository/RAD_Pages/PaymentEntry_Page/select_MM'  (Root cause: com.kms.katalon.core.exception.StepFailedException: Unable to select option by label '12' of object 'Object Repository/RAD_Pages/PaymentEntry_Page/select_MM' 
	at com.kms.katalon.core.webui.keyword.internal.WebUIKeywordMain.stepFailed(WebUIKeywordMain.groovy:64)
	at com.kms.katalon.core.webui.keyword.internal.WebUIKeywordMain.runKeyword(WebUIKeywordMain.groovy:26)
	at com.kms.katalon.core.webui.keyword.builtin.SelectOptionByLabelKeyword.selectOptionByLabel(SelectOptionByLabelKeyword.groovy:98)
	at com.kms.katalon.core.webui.keyword.builtin.SelectOptionByLabelKeyword.execute(SelectOptionByLabelKeyword.groovy:71)
	at com.kms.katalon.core.keyword.internal.KeywordExecutor.executeKeywordForPlatform(KeywordExecutor.groovy:74)
	at com.kms.katalon.core.webui.keyword.WebUiBuiltInKeywords.selectOptionByLabel(WebUiBuiltInKeywords.groovy:1230)
	at com.kms.katalon.core.webui.keyword.WebUiBuiltInKeywords$selectOptionByLabel$6.call(Unknown Source)
	at Payments_HC_TC.run(Payments_HC_TC:317)
	at com.kms.katalon.core.main.ScriptEngine.run(ScriptEngine.java:194)
	at com.kms.katalon.core.main.ScriptEngine.runScriptAsRawText(ScriptEngine.java:119)
	at com.kms.katalon.core.main.TestCaseExecutor.runScript(TestCaseExecutor.java:430)
	at com.kms.katalon.core.main.TestCaseExecutor.doExecute(TestCaseExecutor.java:421)
	at com.kms.katalon.core.main.TestCaseExecutor.processExecutionPhase(TestCaseExecutor.java:400)
	at com.kms.katalon.core.main.TestCaseExecutor.accessMainPhase(TestCaseExecutor.java:392)
	at com.kms.katalon.core.main.TestCaseExecutor.execute(TestCaseExecutor.java:273)
	at com.kms.katalon.core.main.TestSuiteExecutor.accessTestCaseMainPhase(TestSuiteExecutor.java:202)
	at com.kms.katalon.core.main.TestSuiteExecutor.accessTestSuiteMainPhase(TestSuiteExecutor.java:164)
	at com.kms.katalon.core.main.TestSuiteExecutor.execute(TestSuiteExecutor.java:105)
	at com.kms.katalon.core.main.TestCaseMain.startTestSuite(TestCaseMain.java:185)
	at com.kms.katalon.core.main.TestCaseMain$startTestSuite$0.call(Unknown Source)
	at TempTestSuite1637335687322.run(TempTestSuite1637335687322.groovy:36)
Caused by: org.openqa.selenium.NoSuchElementException: Cannot locate element with text: 12
For documentation on this error, please visit: https://www.seleniumhq.org/exceptions/no_such_element.html
Build info: version: '3.141.59', revision: 'e82be7d358', time: '2018-11-14T08:25:53'
System info: host: 'DESKTOP-B2QI6NS', ip: '172.30.2.167', os.name: 'Windows 10', os.arch: 'amd64', os.version: '10.0', java.version: '1.8.0_181'
Driver info: driver.version: unknown
	at org.openqa.selenium.support.ui.Select.selectByVisibleText(Select.java:147)
	at com.kms.katalon.core.webui.common.WebUiCommonHelper.selectOrDeselectOptionsByLabel(WebUiCommonHelper.java:310)
	at com.kms.katalon.core.webui.keyword.builtin.SelectOptionByLabelKeyword$_selectOptionByLabel_closure1.doCall(SelectOptionByLabelKeyword.groovy:87)
	at com.kms.katalon.core.webui.keyword.builtin.SelectOptionByLabelKeyword$_selectOptionByLabel_closure1.call(SelectOptionByLabelKeyword.groovy)
	at com.kms.katalon.core.webui.keyword.internal.WebUIKeywordMain.runKeyword(WebUIKeywordMain.groovy:20)
	at com.kms.katalon.core.webui.keyword.builtin.SelectOptionByLabelKeyword.selectOptionByLabel(SelectOptionByLabelKeyword.groovy:98)
	at com.kms.katalon.core.webui.keyword.builtin.SelectOptionByLabelKeyword.execute(SelectOptionByLabelKeyword.groovy:71)
	at com.kms.katalon.core.keyword.internal.KeywordExecutor.executeKeywordForPlatform(KeywordExecutor.groovy:74)
	at com.kms.katalon.core.webui.keyword.WebUiBuiltInKeywords.selectOptionByLabel(WebUiBuiltInKeywords.groovy:1230)
	at com.kms.katalon.core.webui.keyword.WebUiBuiltInKeywords$selectOptionByLabel$6.call(Unknown Source)
	at Script1634674829687.run(Script1634674829687.groovy:317)
	... 13 more
)
[[ATTACHMENT|E:\\Cloned-Project-Katalon\\VPS-Katalon\\Reports\\20211119_102807\\RAD_TestSuite\\RAD_UI_TestSuite\\20211119_102807\\1637338863795.png]]

2021-11-19 11:21:04 - [TEST_STEP][FAILED] - selectOptionByLabel(findTestObject(orPath_PaymentEntry + "/select_YYYY"), "2023", false): Unable to select option by label '2023' of object 'Object Repository/RAD_Pages/PaymentEntry_Page/select_YYYY'  (Root cause: com.kms.katalon.core.exception.StepFailedException: Unable to select option by label '2023' of object 'Object Repository/RAD_Pages/PaymentEntry_Page/select_YYYY' 
	at com.kms.katalon.core.webui.keyword.internal.WebUIKeywordMain.stepFailed(WebUIKeywordMain.groovy:64)
	at com.kms.katalon.core.webui.keyword.internal.WebUIKeywordMain.runKeyword(WebUIKeywordMain.groovy:26)
	at com.kms.katalon.core.webui.keyword.builtin.SelectOptionByLabelKeyword.selectOptionByLabel(SelectOptionByLabelKeyword.groovy:98)
	at com.kms.katalon.core.webui.keyword.builtin.SelectOptionByLabelKeyword.execute(SelectOptionByLabelKeyword.groovy:71)
	at com.kms.katalon.core.keyword.internal.KeywordExecutor.executeKeywordForPlatform(KeywordExecutor.groovy:74)
	at com.kms.katalon.core.webui.keyword.WebUiBuiltInKeywords.selectOptionByLabel(WebUiBuiltInKeywords.groovy:1230)
	at com.kms.katalon.core.webui.keyword.WebUiBuiltInKeywords$selectOptionByLabel$6.call(Unknown Source)
	at Payments_HC_TC.run(Payments_HC_TC:318)
	at com.kms.katalon.core.main.ScriptEngine.run(ScriptEngine.java:194)
	at com.kms.katalon.core.main.ScriptEngine.runScriptAsRawText(ScriptEngine.java:119)
	at com.kms.katalon.core.main.TestCaseExecutor.runScript(TestCaseExecutor.java:430)
	at com.kms.katalon.core.main.TestCaseExecutor.doExecute(TestCaseExecutor.java:421)
	at com.kms.katalon.core.main.TestCaseExecutor.processExecutionPhase(TestCaseExecutor.java:400)
	at com.kms.katalon.core.main.TestCaseExecutor.accessMainPhase(TestCaseExecutor.java:392)
	at com.kms.katalon.core.main.TestCaseExecutor.execute(TestCaseExecutor.java:273)
	at com.kms.katalon.core.main.TestSuiteExecutor.accessTestCaseMainPhase(TestSuiteExecutor.java:202)
	at com.kms.katalon.core.main.TestSuiteExecutor.accessTestSuiteMainPhase(TestSuiteExecutor.java:164)
	at com.kms.katalon.core.main.TestSuiteExecutor.execute(TestSuiteExecutor.java:105)
	at com.kms.katalon.core.main.TestCaseMain.startTestSuite(TestCaseMain.java:185)
	at com.kms.katalon.core.main.TestCaseMain$startTestSuite$0.call(Unknown Source)
	at TempTestSuite1637335687322.run(TempTestSuite1637335687322.groovy:36)
Caused by: com.kms.katalon.core.webui.exception.WebElementNotFoundException: Web element with id: 'Object Repository/RAD_Pages/PaymentEntry_Page/select_YYYY' located by '//*[@name = 'cardExpYear' and @alt = 'Expiration Date' and (text() = '
									YYYY
						
									2021
						
									2022
						
									2023
						
									2024
						
									2025
						
									2026
						
									2027
						
									2028
						
									2029
						
									2030
						
									2031
						
									2032
						
									2033
						
									2034
						
									2035
						
									2036
						
								' or . = '
									YYYY
						
									2021
						
									2022
						
									2023
						
									2024
						
									2025
						
									2026
						
									2027
						
									2028
						
									2029
						
									2030
						
									2031
						
									2032
						
									2033
						
									2034
						
									2035
						
									2036
						
								')]' not found
	at com.kms.katalon.core.webui.common.WebUiCommonHelper.findWebElement(WebUiCommonHelper.java:1368)
	at com.kms.katalon.core.webui.keyword.internal.WebUIAbstractKeyword.findWebElement(WebUIAbstractKeyword.groovy:27)
	at com.kms.katalon.core.webui.keyword.internal.WebUIAbstractKeyword.findWebElement(WebUIAbstractKeyword.groovy:26)
	at com.kms.katalon.core.webui.keyword.builtin.SelectOptionByLabelKeyword$_selectOptionByLabel_closure1.doCall(SelectOptionByLabelKeyword.groovy:86)
	at com.kms.katalon.core.webui.keyword.builtin.SelectOptionByLabelKeyword$_selectOptionByLabel_closure1.call(SelectOptionByLabelKeyword.groovy)
	at com.kms.katalon.core.webui.keyword.internal.WebUIKeywordMain.runKeyword(WebUIKeywordMain.groovy:20)
	at com.kms.katalon.core.webui.keyword.builtin.SelectOptionByLabelKeyword.selectOptionByLabel(SelectOptionByLabelKeyword.groovy:98)
	at com.kms.katalon.core.webui.keyword.builtin.SelectOptionByLabelKeyword.execute(SelectOptionByLabelKeyword.groovy:71)
	at com.kms.katalon.core.keyword.internal.KeywordExecutor.executeKeywordForPlatform(KeywordExecutor.groovy:74)
	at com.kms.katalon.core.webui.keyword.WebUiBuiltInKeywords.selectOptionByLabel(WebUiBuiltInKeywords.groovy:1230)
	at com.kms.katalon.core.webui.keyword.WebUiBuiltInKeywords$selectOptionByLabel$6.call(Unknown Source)
	at Script1634674829687.run(Script1634674829687.groovy:318)
	... 13 more
)

2021-11-19 11:21:35 - [MESSAGE][INFO] - Unable to find the element located by 'By.xpath: //*[@name = 'cardExpYear' and @alt = 'Expiration Date' and (text() = '
									YYYY
						
									2021
						
									2022
						
									2023
						
									2024
						
									2025
						
									2026
						
									2027
						
									2028
						
									2029
						
									2030
						
									2031
						
									2032
						
									2033
						
									2034
						
									2035
						
									2036
						
								' or . = '
									YYYY
						
									2021
						
									2022
						
									2023
						
									2024
						
									2025
						
									2026
						
									2027
						
									2028
						
									2029
						
									2030
						
									2031
						
									2032
						
									2033
						
									2034
						
									2035
						
									2036
						
								')]'. Please recheck the objects properties to make sure the desired element is located. 

2021-11-19 11:21:35 - [MESSAGE][WARNING] - [SELF-HEALING] Failed to find element with id 'Object Repository/RAD_Pages/PaymentEntry_Page/select_YYYY'. Try using Self-healing.

2021-11-19 11:21:36 - [MESSAGE][INFO] - Unable to find the element located by 'By.xpath: //select[@name='cardExpYear']'. Please recheck the objects properties to make sure the desired element is located. 

2021-11-19 11:21:36 - [MESSAGE][INFO] - [SELF-HEALING] Failed Locator: '//select[@name='cardExpYear']'.

2021-11-19 11:21:36 - [MESSAGE][INFO] - [SELF-HEALING] Failed Locator: '//div[@id='expDate']/div[2]/select'.

2021-11-19 11:21:37 - [MESSAGE][INFO] - [SELF-HEALING] Failed Locator: '(.//*[normalize-space(text()) and normalize-space(.)='*'])[4]/following::select[2]'.

2021-11-19 11:21:37 - [MESSAGE][INFO] - [SELF-HEALING] Failed Locator: '(.//*[normalize-space(text()) and normalize-space(.)='*'])[5]/preceding::select[1]'.

2021-11-19 11:21:37 - [MESSAGE][INFO] - [SELF-HEALING] Failed Locator: '//div[2]/select'.

2021-11-19 11:21:38 - [MESSAGE][INFO] - Unable to find the element located by 'By.cssSelector: select[name="cardExpYear"]'. Please recheck the objects properties to make sure the desired element is located. 

2021-11-19 11:21:38 - [MESSAGE][FAILED] - Unable to select option by label '2023' of object 'Object Repository/RAD_Pages/PaymentEntry_Page/select_YYYY'  (Root cause: com.kms.katalon.core.exception.StepFailedException: Unable to select option by label '2023' of object 'Object Repository/RAD_Pages/PaymentEntry_Page/select_YYYY' 
	at com.kms.katalon.core.webui.keyword.internal.WebUIKeywordMain.stepFailed(WebUIKeywordMain.groovy:64)
	at com.kms.katalon.core.webui.keyword.internal.WebUIKeywordMain.runKeyword(WebUIKeywordMain.groovy:26)
	at com.kms.katalon.core.webui.keyword.builtin.SelectOptionByLabelKeyword.selectOptionByLabel(SelectOptionByLabelKeyword.groovy:98)
	at com.kms.katalon.core.webui.keyword.builtin.SelectOptionByLabelKeyword.execute(SelectOptionByLabelKeyword.groovy:71)
	at com.kms.katalon.core.keyword.internal.KeywordExecutor.executeKeywordForPlatform(KeywordExecutor.groovy:74)
	at com.kms.katalon.core.webui.keyword.WebUiBuiltInKeywords.selectOptionByLabel(WebUiBuiltInKeywords.groovy:1230)
	at com.kms.katalon.core.webui.keyword.WebUiBuiltInKeywords$selectOptionByLabel$6.call(Unknown Source)
	at Payments_HC_TC.run(Payments_HC_TC:318)
	at com.kms.katalon.core.main.ScriptEngine.run(ScriptEngine.java:194)
	at com.kms.katalon.core.main.ScriptEngine.runScriptAsRawText(ScriptEngine.java:119)
	at com.kms.katalon.core.main.TestCaseExecutor.runScript(TestCaseExecutor.java:430)
	at com.kms.katalon.core.main.TestCaseExecutor.doExecute(TestCaseExecutor.java:421)
	at com.kms.katalon.core.main.TestCaseExecutor.processExecutionPhase(TestCaseExecutor.java:400)
	at com.kms.katalon.core.main.TestCaseExecutor.accessMainPhase(TestCaseExecutor.java:392)
	at com.kms.katalon.core.main.TestCaseExecutor.execute(TestCaseExecutor.java:273)
	at com.kms.katalon.core.main.TestSuiteExecutor.accessTestCaseMainPhase(TestSuiteExecutor.java:202)
	at com.kms.katalon.core.main.TestSuiteExecutor.accessTestSuiteMainPhase(TestSuiteExecutor.java:164)
	at com.kms.katalon.core.main.TestSuiteExecutor.execute(TestSuiteExecutor.java:105)
	at com.kms.katalon.core.main.TestCaseMain.startTestSuite(TestCaseMain.java:185)
	at com.kms.katalon.core.main.TestCaseMain$startTestSuite$0.call(Unknown Source)
	at TempTestSuite1637335687322.run(TempTestSuite1637335687322.groovy:36)
Caused by: com.kms.katalon.core.webui.exception.WebElementNotFoundException: Web element with id: 'Object Repository/RAD_Pages/PaymentEntry_Page/select_YYYY' located by '//*[@name = 'cardExpYear' and @alt = 'Expiration Date' and (text() = '
									YYYY
						
									2021
						
									2022
						
									2023
						
									2024
						
									2025
						
									2026
						
									2027
						
									2028
						
									2029
						
									2030
						
									2031
						
									2032
						
									2033
						
									2034
						
									2035
						
									2036
						
								' or . = '
									YYYY
						
									2021
						
									2022
						
									2023
						
									2024
						
									2025
						
									2026
						
									2027
						
									2028
						
									2029
						
									2030
						
									2031
						
									2032
						
									2033
						
									2034
						
									2035
						
									2036
						
								')]' not found
	at com.kms.katalon.core.webui.common.WebUiCommonHelper.findWebElement(WebUiCommonHelper.java:1368)
	at com.kms.katalon.core.webui.keyword.internal.WebUIAbstractKeyword.findWebElement(WebUIAbstractKeyword.groovy:27)
	at com.kms.katalon.core.webui.keyword.internal.WebUIAbstractKeyword.findWebElement(WebUIAbstractKeyword.groovy:26)
	at com.kms.katalon.core.webui.keyword.builtin.SelectOptionByLabelKeyword$_selectOptionByLabel_closure1.doCall(SelectOptionByLabelKeyword.groovy:86)
	at com.kms.katalon.core.webui.keyword.builtin.SelectOptionByLabelKeyword$_selectOptionByLabel_closure1.call(SelectOptionByLabelKeyword.groovy)
	at com.kms.katalon.core.webui.keyword.internal.WebUIKeywordMain.runKeyword(WebUIKeywordMain.groovy:20)
	at com.kms.katalon.core.webui.keyword.builtin.SelectOptionByLabelKeyword.selectOptionByLabel(SelectOptionByLabelKeyword.groovy:98)
	at com.kms.katalon.core.webui.keyword.builtin.SelectOptionByLabelKeyword.execute(SelectOptionByLabelKeyword.groovy:71)
	at com.kms.katalon.core.keyword.internal.KeywordExecutor.executeKeywordForPlatform(KeywordExecutor.groovy:74)
	at com.kms.katalon.core.webui.keyword.WebUiBuiltInKeywords.selectOptionByLabel(WebUiBuiltInKeywords.groovy:1230)
	at com.kms.katalon.core.webui.keyword.WebUiBuiltInKeywords$selectOptionByLabel$6.call(Unknown Source)
	at Script1634674829687.run(Script1634674829687.groovy:318)
	... 13 more
)
[[ATTACHMENT|E:\\Cloned-Project-Katalon\\VPS-Katalon\\Reports\\20211119_102807\\RAD_TestSuite\\RAD_UI_TestSuite\\20211119_102807\\1637338898643.png]]

2021-11-19 11:21:38 - [TEST_STEP][FAILED] - click(findTestObject(orPath_PaymentEntry + "/input_Field_ccSubmit")): Unable to click on object 'Object Repository/RAD_Pages/PaymentEntry_Page/input_Field_ccSubmit' (Root cause: com.kms.katalon.core.exception.StepFailedException: Unable to click on object 'Object Repository/RAD_Pages/PaymentEntry_Page/input_Field_ccSubmit'
	at com.kms.katalon.core.webui.keyword.internal.WebUIKeywordMain.stepFailed(WebUIKeywordMain.groovy:64)
	at com.kms.katalon.core.webui.keyword.internal.WebUIKeywordMain.runKeyword(WebUIKeywordMain.groovy:26)
	at com.kms.katalon.core.webui.keyword.builtin.ClickKeyword.click(ClickKeyword.groovy:75)
	at com.kms.katalon.core.webui.keyword.builtin.ClickKeyword.execute(ClickKeyword.groovy:42)
	at com.kms.katalon.core.keyword.internal.KeywordExecutor.executeKeywordForPlatform(KeywordExecutor.groovy:74)
	at com.kms.katalon.core.webui.keyword.WebUiBuiltInKeywords.click(WebUiBuiltInKeywords.groovy:620)
	at com.kms.katalon.core.webui.keyword.WebUiBuiltInKeywords$click$10.call(Unknown Source)
	at Payments_HC_TC.run(Payments_HC_TC:319)
	at com.kms.katalon.core.main.ScriptEngine.run(ScriptEngine.java:194)
	at com.kms.katalon.core.main.ScriptEngine.runScriptAsRawText(ScriptEngine.java:119)
	at com.kms.katalon.core.main.TestCaseExecutor.runScript(TestCaseExecutor.java:430)
	at com.kms.katalon.core.main.TestCaseExecutor.doExecute(TestCaseExecutor.java:421)
	at com.kms.katalon.core.main.TestCaseExecutor.processExecutionPhase(TestCaseExecutor.java:400)
	at com.kms.katalon.core.main.TestCaseExecutor.accessMainPhase(TestCaseExecutor.java:392)
	at com.kms.katalon.core.main.TestCaseExecutor.execute(TestCaseExecutor.java:273)
	at com.kms.katalon.core.main.TestSuiteExecutor.accessTestCaseMainPhase(TestSuiteExecutor.java:202)
	at com.kms.katalon.core.main.TestSuiteExecutor.accessTestSuiteMainPhase(TestSuiteExecutor.java:164)
	at com.kms.katalon.core.main.TestSuiteExecutor.execute(TestSuiteExecutor.java:105)
	at com.kms.katalon.core.main.TestCaseMain.startTestSuite(TestCaseMain.java:185)
	at com.kms.katalon.core.main.TestCaseMain$startTestSuite$0.call(Unknown Source)
	at TempTestSuite1637335687322.run(TempTestSuite1637335687322.groovy:36)
Caused by: com.kms.katalon.core.webui.exception.WebElementNotFoundException: Web element with id: 'Object Repository/RAD_Pages/PaymentEntry_Page/input_Field_ccSubmit' located by '//*[@type = 'submit' and @name = 'ccSubmit']' not found
	at com.kms.katalon.core.webui.common.WebUiCommonHelper.findWebElement(WebUiCommonHelper.java:1368)
	at com.kms.katalon.core.webui.keyword.internal.WebUIAbstractKeyword.findWebElement(WebUIAbstractKeyword.groovy:27)
	at com.kms.katalon.core.webui.keyword.internal.WebUIAbstractKeyword.findWebElement(WebUIAbstractKeyword.groovy:26)
	at com.kms.katalon.core.webui.keyword.builtin.ClickKeyword$_click_closure1.doCall(ClickKeyword.groovy:66)
	at com.kms.katalon.core.webui.keyword.builtin.ClickKeyword$_click_closure1.call(ClickKeyword.groovy)
	at com.kms.katalon.core.webui.keyword.internal.WebUIKeywordMain.runKeyword(WebUIKeywordMain.groovy:20)
	at com.kms.katalon.core.webui.keyword.builtin.ClickKeyword.click(ClickKeyword.groovy:75)
	at com.kms.katalon.core.webui.keyword.builtin.ClickKeyword.execute(ClickKeyword.groovy:42)
	at com.kms.katalon.core.keyword.internal.KeywordExecutor.executeKeywordForPlatform(KeywordExecutor.groovy:74)
	at com.kms.katalon.core.webui.keyword.WebUiBuiltInKeywords.click(WebUiBuiltInKeywords.groovy:620)
	at com.kms.katalon.core.webui.keyword.WebUiBuiltInKeywords$click$10.call(Unknown Source)
	at Script1634674829687.run(Script1634674829687.groovy:319)
	... 13 more
)

2021-11-19 11:22:10 - [MESSAGE][INFO] - Unable to find the element located by 'By.xpath: //*[@type = 'submit' and @name = 'ccSubmit']'. Please recheck the objects properties to make sure the desired element is located. 

2021-11-19 11:22:10 - [MESSAGE][WARNING] - [SELF-HEALING] Failed to find element with id 'Object Repository/RAD_Pages/PaymentEntry_Page/input_Field_ccSubmit'. Try using Self-healing.

2021-11-19 11:22:11 - [MESSAGE][INFO] - Unable to find the element located by 'By.xpath: //input[@name='ccSubmit']'. Please recheck the objects properties to make sure the desired element is located. 

2021-11-19 11:22:11 - [MESSAGE][INFO] - [SELF-HEALING] Failed Locator: '//input[@name='ccSubmit']'.

2021-11-19 11:22:11 - [MESSAGE][INFO] - [SELF-HEALING] Failed Locator: '//form[@id='process']/table/tbody/tr/td[2]/div/div/input'.

2021-11-19 11:22:11 - [MESSAGE][INFO] - [SELF-HEALING] Failed Locator: '//td[2]/div/div/input'.

2021-11-19 11:22:12 - [MESSAGE][INFO] - [SELF-HEALING] Failed Locator: '//input[@name='ccSubmit']'.

2021-11-19 11:22:12 - [MESSAGE][INFO] - [SELF-HEALING] Failed Locator: '//form[@id='process']/table/tbody/tr/td[2]/div/div/input'.

2021-11-19 11:22:12 - [MESSAGE][INFO] - [SELF-HEALING] Failed Locator: '//td[2]/div/div/input'.

2021-11-19 11:22:13 - [MESSAGE][INFO] - Unable to find the element located by 'By.cssSelector: input[name="ccSubmit"]'. Please recheck the objects properties to make sure the desired element is located. 

2021-11-19 11:22:13 - [MESSAGE][FAILED] - Unable to click on object 'Object Repository/RAD_Pages/PaymentEntry_Page/input_Field_ccSubmit' (Root cause: com.kms.katalon.core.exception.StepFailedException: Unable to click on object 'Object Repository/RAD_Pages/PaymentEntry_Page/input_Field_ccSubmit'
	at com.kms.katalon.core.webui.keyword.internal.WebUIKeywordMain.stepFailed(WebUIKeywordMain.groovy:64)
	at com.kms.katalon.core.webui.keyword.internal.WebUIKeywordMain.runKeyword(WebUIKeywordMain.groovy:26)
	at com.kms.katalon.core.webui.keyword.builtin.ClickKeyword.click(ClickKeyword.groovy:75)
	at com.kms.katalon.core.webui.keyword.builtin.ClickKeyword.execute(ClickKeyword.groovy:42)
	at com.kms.katalon.core.keyword.internal.KeywordExecutor.executeKeywordForPlatform(KeywordExecutor.groovy:74)
	at com.kms.katalon.core.webui.keyword.WebUiBuiltInKeywords.click(WebUiBuiltInKeywords.groovy:620)
	at com.kms.katalon.core.webui.keyword.WebUiBuiltInKeywords$click$10.call(Unknown Source)
	at Payments_HC_TC.run(Payments_HC_TC:319)
	at com.kms.katalon.core.main.ScriptEngine.run(ScriptEngine.java:194)
	at com.kms.katalon.core.main.ScriptEngine.runScriptAsRawText(ScriptEngine.java:119)
	at com.kms.katalon.core.main.TestCaseExecutor.runScript(TestCaseExecutor.java:430)
	at com.kms.katalon.core.main.TestCaseExecutor.doExecute(TestCaseExecutor.java:421)
	at com.kms.katalon.core.main.TestCaseExecutor.processExecutionPhase(TestCaseExecutor.java:400)
	at com.kms.katalon.core.main.TestCaseExecutor.accessMainPhase(TestCaseExecutor.java:392)
	at com.kms.katalon.core.main.TestCaseExecutor.execute(TestCaseExecutor.java:273)
	at com.kms.katalon.core.main.TestSuiteExecutor.accessTestCaseMainPhase(TestSuiteExecutor.java:202)
	at com.kms.katalon.core.main.TestSuiteExecutor.accessTestSuiteMainPhase(TestSuiteExecutor.java:164)
	at com.kms.katalon.core.main.TestSuiteExecutor.execute(TestSuiteExecutor.java:105)
	at com.kms.katalon.core.main.TestCaseMain.startTestSuite(TestCaseMain.java:185)
	at com.kms.katalon.core.main.TestCaseMain$startTestSuite$0.call(Unknown Source)
	at TempTestSuite1637335687322.run(TempTestSuite1637335687322.groovy:36)
Caused by: com.kms.katalon.core.webui.exception.WebElementNotFoundException: Web element with id: 'Object Repository/RAD_Pages/PaymentEntry_Page/input_Field_ccSubmit' located by '//*[@type = 'submit' and @name = 'ccSubmit']' not found
	at com.kms.katalon.core.webui.common.WebUiCommonHelper.findWebElement(WebUiCommonHelper.java:1368)
	at com.kms.katalon.core.webui.keyword.internal.WebUIAbstractKeyword.findWebElement(WebUIAbstractKeyword.groovy:27)
	at com.kms.katalon.core.webui.keyword.internal.WebUIAbstractKeyword.findWebElement(WebUIAbstractKeyword.groovy:26)
	at com.kms.katalon.core.webui.keyword.builtin.ClickKeyword$_click_closure1.doCall(ClickKeyword.groovy:66)
	at com.kms.katalon.core.webui.keyword.builtin.ClickKeyword$_click_closure1.call(ClickKeyword.groovy)
	at com.kms.katalon.core.webui.keyword.internal.WebUIKeywordMain.runKeyword(WebUIKeywordMain.groovy:20)
	at com.kms.katalon.core.webui.keyword.builtin.ClickKeyword.click(ClickKeyword.groovy:75)
	at com.kms.katalon.core.webui.keyword.builtin.ClickKeyword.execute(ClickKeyword.groovy:42)
	at com.kms.katalon.core.keyword.internal.KeywordExecutor.executeKeywordForPlatform(KeywordExecutor.groovy:74)
	at com.kms.katalon.core.webui.keyword.WebUiBuiltInKeywords.click(WebUiBuiltInKeywords.groovy:620)
	at com.kms.katalon.core.webui.keyword.WebUiBuiltInKeywords$click$10.call(Unknown Source)
	at Script1634674829687.run(Script1634674829687.groovy:319)
	... 13 more
)
[[ATTACHMENT|E:\\Cloned-Project-Katalon\\VPS-Katalon\\Reports\\20211119_102807\\RAD_TestSuite\\RAD_UI_TestSuite\\20211119_102807\\1637338933709.png]]

2021-11-19 11:22:13 - [TEST_STEP][FAILED] - click(findTestObject(orPath_PaymentConfirmation + "/input_N_confirmNotifyAction")): Unable to click on object 'Object Repository/RAD_Pages/PaymentConfirmation_Page/input_N_confirmNotifyAction' (Root cause: com.kms.katalon.core.exception.StepFailedException: Unable to click on object 'Object Repository/RAD_Pages/PaymentConfirmation_Page/input_N_confirmNotifyAction'
	at com.kms.katalon.core.webui.keyword.internal.WebUIKeywordMain.stepFailed(WebUIKeywordMain.groovy:64)
	at com.kms.katalon.core.webui.keyword.internal.WebUIKeywordMain.runKeyword(WebUIKeywordMain.groovy:26)
	at com.kms.katalon.core.webui.keyword.builtin.ClickKeyword.click(ClickKeyword.groovy:75)
	at com.kms.katalon.core.webui.keyword.builtin.ClickKeyword.execute(ClickKeyword.groovy:42)
	at com.kms.katalon.core.keyword.internal.KeywordExecutor.executeKeywordForPlatform(KeywordExecutor.groovy:74)
	at com.kms.katalon.core.webui.keyword.WebUiBuiltInKeywords.click(WebUiBuiltInKeywords.groovy:620)
	at com.kms.katalon.core.webui.keyword.WebUiBuiltInKeywords$click$10.call(Unknown Source)
	at Payments_HC_TC.run(Payments_HC_TC:324)
	at com.kms.katalon.core.main.ScriptEngine.run(ScriptEngine.java:194)
	at com.kms.katalon.core.main.ScriptEngine.runScriptAsRawText(ScriptEngine.java:119)
	at com.kms.katalon.core.main.TestCaseExecutor.runScript(TestCaseExecutor.java:430)
	at com.kms.katalon.core.main.TestCaseExecutor.doExecute(TestCaseExecutor.java:421)
	at com.kms.katalon.core.main.TestCaseExecutor.processExecutionPhase(TestCaseExecutor.java:400)
	at com.kms.katalon.core.main.TestCaseExecutor.accessMainPhase(TestCaseExecutor.java:392)
	at com.kms.katalon.core.main.TestCaseExecutor.execute(TestCaseExecutor.java:273)
	at com.kms.katalon.core.main.TestSuiteExecutor.accessTestCaseMainPhase(TestSuiteExecutor.java:202)
	at com.kms.katalon.core.main.TestSuiteExecutor.accessTestSuiteMainPhase(TestSuiteExecutor.java:164)
	at com.kms.katalon.core.main.TestSuiteExecutor.execute(TestSuiteExecutor.java:105)
	at com.kms.katalon.core.main.TestCaseMain.startTestSuite(TestCaseMain.java:185)
	at com.kms.katalon.core.main.TestCaseMain$startTestSuite$0.call(Unknown Source)
	at TempTestSuite1637335687322.run(TempTestSuite1637335687322.groovy:36)
Caused by: org.openqa.selenium.ElementNotInteractableException: element not interactable
  (Session info: chrome=96.0.4664.45)
Build info: version: '3.141.59', revision: 'e82be7d358', time: '2018-11-14T08:25:53'
System info: host: 'DESKTOP-B2QI6NS', ip: '172.30.2.167', os.name: 'Windows 10', os.arch: 'amd64', os.version: '10.0', java.version: '1.8.0_181'
Driver info: com.kms.katalon.selenium.driver.CChromeDriver
Capabilities {acceptInsecureCerts: true, browserName: chrome, browserVersion: 96.0.4664.45, chrome: {chromedriverVersion: 95.0.4638.54 (d31a821ec901f..., userDataDir: C:\Users\iahmed\AppData\Loc...}, goog:chromeOptions: {debuggerAddress: localhost:51149}, javascriptEnabled: true, networkConnectionEnabled: false, pageLoadStrategy: normal, platform: WINDOWS, platformName: WINDOWS, proxy: Proxy(), setWindowRect: true, strictFileInteractability: false, timeouts: {implicit: 0, pageLoad: 300000, script: 30000}, unhandledPromptBehavior: dismiss and notify, webauthn:extension:credBlob: true, webauthn:extension:largeBlob: true, webauthn:virtualAuthenticators: true}
Session ID: b4ed974bb2c27e97ec4bf17dc0c3030d
	at org.openqa.selenium.remote.http.W3CHttpResponseCodec.createException(W3CHttpResponseCodec.java:187)
	at org.openqa.selenium.remote.http.W3CHttpResponseCodec.decode(W3CHttpResponseCodec.java:122)
	at org.openqa.selenium.remote.http.W3CHttpResponseCodec.decode(W3CHttpResponseCodec.java:49)
	at org.openqa.selenium.remote.HttpCommandExecutor.execute(HttpCommandExecutor.java:158)
	at org.openqa.selenium.remote.service.DriverCommandExecutor.execute(DriverCommandExecutor.java:83)
	at org.openqa.selenium.remote.RemoteWebDriver.execute(RemoteWebDriver.java:552)
	at com.kms.katalon.selenium.driver.CChromeDriver.execute(CChromeDriver.java:19)
	at org.openqa.selenium.remote.RemoteWebElement.execute(RemoteWebElement.java:285)
	at org.openqa.selenium.remote.RemoteWebElement.click(RemoteWebElement.java:84)
	at org.openqa.selenium.support.events.EventFiringWebDriver$EventFiringWebElement.lambda$new$0(EventFiringWebDriver.java:404)
	at com.sun.proxy.$Proxy11.click(Unknown Source)
	at org.openqa.selenium.support.events.EventFiringWebDriver$EventFiringWebElement.click(EventFiringWebDriver.java:417)
	at com.kms.katalon.core.webui.keyword.builtin.ClickKeyword$_click_closure1.doCall(ClickKeyword.groovy:68)
	at com.kms.katalon.core.webui.keyword.builtin.ClickKeyword$_click_closure1.call(ClickKeyword.groovy)
	at com.kms.katalon.core.webui.keyword.internal.WebUIKeywordMain.runKeyword(WebUIKeywordMain.groovy:20)
	at com.kms.katalon.core.webui.keyword.builtin.ClickKeyword.click(ClickKeyword.groovy:75)
	at com.kms.katalon.core.webui.keyword.builtin.ClickKeyword.execute(ClickKeyword.groovy:42)
	at com.kms.katalon.core.keyword.internal.KeywordExecutor.executeKeywordForPlatform(KeywordExecutor.groovy:74)
	at com.kms.katalon.core.webui.keyword.WebUiBuiltInKeywords.click(WebUiBuiltInKeywords.groovy:620)
	at com.kms.katalon.core.webui.keyword.WebUiBuiltInKeywords$click$10.call(Unknown Source)
	at Script1634674829687.run(Script1634674829687.groovy:324)
	... 13 more
)

2021-11-19 11:22:45 - [MESSAGE][INFO] - Unable to find the element located by 'By.xpath: //*[@type = 'submit' and @name = 'confirmNotifyAction']'. Please recheck the objects properties to make sure the desired element is located. 

2021-11-19 11:22:45 - [MESSAGE][WARNING] - [SELF-HEALING] Failed to find element with id 'Object Repository/RAD_Pages/PaymentConfirmation_Page/input_N_confirmNotifyAction'. Try using Self-healing.

2021-11-19 11:22:45 - [MESSAGE][WARNING] - [SELF-HEALING] The current locator of test object 'Object Repository/RAD_Pages/PaymentConfirmation_Page/input_N_confirmNotifyAction' was broken. Propose an alternative one: '//div[4]/div/input'.

2021-11-19 11:22:45 - [MESSAGE][FAILED] - Unable to click on object 'Object Repository/RAD_Pages/PaymentConfirmation_Page/input_N_confirmNotifyAction' (Root cause: com.kms.katalon.core.exception.StepFailedException: Unable to click on object 'Object Repository/RAD_Pages/PaymentConfirmation_Page/input_N_confirmNotifyAction'
	at com.kms.katalon.core.webui.keyword.internal.WebUIKeywordMain.stepFailed(WebUIKeywordMain.groovy:64)
	at com.kms.katalon.core.webui.keyword.internal.WebUIKeywordMain.runKeyword(WebUIKeywordMain.groovy:26)
	at com.kms.katalon.core.webui.keyword.builtin.ClickKeyword.click(ClickKeyword.groovy:75)
	at com.kms.katalon.core.webui.keyword.builtin.ClickKeyword.execute(ClickKeyword.groovy:42)
	at com.kms.katalon.core.keyword.internal.KeywordExecutor.executeKeywordForPlatform(KeywordExecutor.groovy:74)
	at com.kms.katalon.core.webui.keyword.WebUiBuiltInKeywords.click(WebUiBuiltInKeywords.groovy:620)
	at com.kms.katalon.core.webui.keyword.WebUiBuiltInKeywords$click$10.call(Unknown Source)
	at Payments_HC_TC.run(Payments_HC_TC:324)
	at com.kms.katalon.core.main.ScriptEngine.run(ScriptEngine.java:194)
	at com.kms.katalon.core.main.ScriptEngine.runScriptAsRawText(ScriptEngine.java:119)
	at com.kms.katalon.core.main.TestCaseExecutor.runScript(TestCaseExecutor.java:430)
	at com.kms.katalon.core.main.TestCaseExecutor.doExecute(TestCaseExecutor.java:421)
	at com.kms.katalon.core.main.TestCaseExecutor.processExecutionPhase(TestCaseExecutor.java:400)
	at com.kms.katalon.core.main.TestCaseExecutor.accessMainPhase(TestCaseExecutor.java:392)
	at com.kms.katalon.core.main.TestCaseExecutor.execute(TestCaseExecutor.java:273)
	at com.kms.katalon.core.main.TestSuiteExecutor.accessTestCaseMainPhase(TestSuiteExecutor.java:202)
	at com.kms.katalon.core.main.TestSuiteExecutor.accessTestSuiteMainPhase(TestSuiteExecutor.java:164)
	at com.kms.katalon.core.main.TestSuiteExecutor.execute(TestSuiteExecutor.java:105)
	at com.kms.katalon.core.main.TestCaseMain.startTestSuite(TestCaseMain.java:185)
	at com.kms.katalon.core.main.TestCaseMain$startTestSuite$0.call(Unknown Source)
	at TempTestSuite1637335687322.run(TempTestSuite1637335687322.groovy:36)
Caused by: org.openqa.selenium.ElementNotInteractableException: element not interactable
  (Session info: chrome=96.0.4664.45)
Build info: version: '3.141.59', revision: 'e82be7d358', time: '2018-11-14T08:25:53'
System info: host: 'DESKTOP-B2QI6NS', ip: '172.30.2.167', os.name: 'Windows 10', os.arch: 'amd64', os.version: '10.0', java.version: '1.8.0_181'
Driver info: com.kms.katalon.selenium.driver.CChromeDriver
Capabilities {acceptInsecureCerts: true, browserName: chrome, browserVersion: 96.0.4664.45, chrome: {chromedriverVersion: 95.0.4638.54 (d31a821ec901f..., userDataDir: C:\Users\iahmed\AppData\Loc...}, goog:chromeOptions: {debuggerAddress: localhost:51149}, javascriptEnabled: true, networkConnectionEnabled: false, pageLoadStrategy: normal, platform: WINDOWS, platformName: WINDOWS, proxy: Proxy(), setWindowRect: true, strictFileInteractability: false, timeouts: {implicit: 0, pageLoad: 300000, script: 30000}, unhandledPromptBehavior: dismiss and notify, webauthn:extension:credBlob: true, webauthn:extension:largeBlob: true, webauthn:virtualAuthenticators: true}
Session ID: b4ed974bb2c27e97ec4bf17dc0c3030d
	at org.openqa.selenium.remote.http.W3CHttpResponseCodec.createException(W3CHttpResponseCodec.java:187)
	at org.openqa.selenium.remote.http.W3CHttpResponseCodec.decode(W3CHttpResponseCodec.java:122)
	at org.openqa.selenium.remote.http.W3CHttpResponseCodec.decode(W3CHttpResponseCodec.java:49)
	at org.openqa.selenium.remote.HttpCommandExecutor.execute(HttpCommandExecutor.java:158)
	at org.openqa.selenium.remote.service.DriverCommandExecutor.execute(DriverCommandExecutor.java:83)
	at org.openqa.selenium.remote.RemoteWebDriver.execute(RemoteWebDriver.java:552)
	at com.kms.katalon.selenium.driver.CChromeDriver.execute(CChromeDriver.java:19)
	at org.openqa.selenium.remote.RemoteWebElement.execute(RemoteWebElement.java:285)
	at org.openqa.selenium.remote.RemoteWebElement.click(RemoteWebElement.java:84)
	at org.openqa.selenium.support.events.EventFiringWebDriver$EventFiringWebElement.lambda$new$0(EventFiringWebDriver.java:404)
	at com.sun.proxy.$Proxy11.click(Unknown Source)
	at org.openqa.selenium.support.events.EventFiringWebDriver$EventFiringWebElement.click(EventFiringWebDriver.java:417)
	at com.kms.katalon.core.webui.keyword.builtin.ClickKeyword$_click_closure1.doCall(ClickKeyword.groovy:68)
	at com.kms.katalon.core.webui.keyword.builtin.ClickKeyword$_click_closure1.call(ClickKeyword.groovy)
	at com.kms.katalon.core.webui.keyword.internal.WebUIKeywordMain.runKeyword(WebUIKeywordMain.groovy:20)
	at com.kms.katalon.core.webui.keyword.builtin.ClickKeyword.click(ClickKeyword.groovy:75)
	at com.kms.katalon.core.webui.keyword.builtin.ClickKeyword.execute(ClickKeyword.groovy:42)
	at com.kms.katalon.core.keyword.internal.KeywordExecutor.executeKeywordForPlatform(KeywordExecutor.groovy:74)
	at com.kms.katalon.core.webui.keyword.WebUiBuiltInKeywords.click(WebUiBuiltInKeywords.groovy:620)
	at com.kms.katalon.core.webui.keyword.WebUiBuiltInKeywords$click$10.call(Unknown Source)
	at Script1634674829687.run(Script1634674829687.groovy:324)
	... 13 more
)
[[ATTACHMENT|E:\\Cloned-Project-Katalon\\VPS-Katalon\\Reports\\20211119_102807\\RAD_TestSuite\\RAD_UI_TestSuite\\20211119_102807\\1637338965590.png]]

2021-11-19 11:22:45 - [TEST_STEP][FAILED] - click(findTestObject(orPath_ServiceFeesAccept + "/input_convFeeNotifyAction")): Unable to click on object 'Object Repository/RAD_Pages/ServiceFeeAccept_Page/input_convFeeNotifyAction' (Root cause: com.kms.katalon.core.exception.StepFailedException: Unable to click on object 'Object Repository/RAD_Pages/ServiceFeeAccept_Page/input_convFeeNotifyAction'
	at com.kms.katalon.core.webui.keyword.internal.WebUIKeywordMain.stepFailed(WebUIKeywordMain.groovy:64)
	at com.kms.katalon.core.webui.keyword.internal.WebUIKeywordMain.runKeyword(WebUIKeywordMain.groovy:26)
	at com.kms.katalon.core.webui.keyword.builtin.ClickKeyword.click(ClickKeyword.groovy:75)
	at com.kms.katalon.core.webui.keyword.builtin.ClickKeyword.execute(ClickKeyword.groovy:42)
	at com.kms.katalon.core.keyword.internal.KeywordExecutor.executeKeywordForPlatform(KeywordExecutor.groovy:74)
	at com.kms.katalon.core.webui.keyword.WebUiBuiltInKeywords.click(WebUiBuiltInKeywords.groovy:620)
	at com.kms.katalon.core.webui.keyword.WebUiBuiltInKeywords$click$10.call(Unknown Source)
	at Payments_HC_TC.run(Payments_HC_TC:328)
	at com.kms.katalon.core.main.ScriptEngine.run(ScriptEngine.java:194)
	at com.kms.katalon.core.main.ScriptEngine.runScriptAsRawText(ScriptEngine.java:119)
	at com.kms.katalon.core.main.TestCaseExecutor.runScript(TestCaseExecutor.java:430)
	at com.kms.katalon.core.main.TestCaseExecutor.doExecute(TestCaseExecutor.java:421)
	at com.kms.katalon.core.main.TestCaseExecutor.processExecutionPhase(TestCaseExecutor.java:400)
	at com.kms.katalon.core.main.TestCaseExecutor.accessMainPhase(TestCaseExecutor.java:392)
	at com.kms.katalon.core.main.TestCaseExecutor.execute(TestCaseExecutor.java:273)
	at com.kms.katalon.core.main.TestSuiteExecutor.accessTestCaseMainPhase(TestSuiteExecutor.java:202)
	at com.kms.katalon.core.main.TestSuiteExecutor.accessTestSuiteMainPhase(TestSuiteExecutor.java:164)
	at com.kms.katalon.core.main.TestSuiteExecutor.execute(TestSuiteExecutor.java:105)
	at com.kms.katalon.core.main.TestCaseMain.startTestSuite(TestCaseMain.java:185)
	at com.kms.katalon.core.main.TestCaseMain$startTestSuite$0.call(Unknown Source)
	at TempTestSuite1637335687322.run(TempTestSuite1637335687322.groovy:36)
Caused by: org.openqa.selenium.ElementNotInteractableException: element not interactable
  (Session info: chrome=96.0.4664.45)
Build info: version: '3.141.59', revision: 'e82be7d358', time: '2018-11-14T08:25:53'
System info: host: 'DESKTOP-B2QI6NS', ip: '172.30.2.167', os.name: 'Windows 10', os.arch: 'amd64', os.version: '10.0', java.version: '1.8.0_181'
Driver info: com.kms.katalon.selenium.driver.CChromeDriver
Capabilities {acceptInsecureCerts: true, browserName: chrome, browserVersion: 96.0.4664.45, chrome: {chromedriverVersion: 95.0.4638.54 (d31a821ec901f..., userDataDir: C:\Users\iahmed\AppData\Loc...}, goog:chromeOptions: {debuggerAddress: localhost:51149}, javascriptEnabled: true, networkConnectionEnabled: false, pageLoadStrategy: normal, platform: WINDOWS, platformName: WINDOWS, proxy: Proxy(), setWindowRect: true, strictFileInteractability: false, timeouts: {implicit: 0, pageLoad: 300000, script: 30000}, unhandledPromptBehavior: dismiss and notify, webauthn:extension:credBlob: true, webauthn:extension:largeBlob: true, webauthn:virtualAuthenticators: true}
Session ID: b4ed974bb2c27e97ec4bf17dc0c3030d
	at org.openqa.selenium.remote.http.W3CHttpResponseCodec.createException(W3CHttpResponseCodec.java:187)
	at org.openqa.selenium.remote.http.W3CHttpResponseCodec.decode(W3CHttpResponseCodec.java:122)
	at org.openqa.selenium.remote.http.W3CHttpResponseCodec.decode(W3CHttpResponseCodec.java:49)
	at org.openqa.selenium.remote.HttpCommandExecutor.execute(HttpCommandExecutor.java:158)
	at org.openqa.selenium.remote.service.DriverCommandExecutor.execute(DriverCommandExecutor.java:83)
	at org.openqa.selenium.remote.RemoteWebDriver.execute(RemoteWebDriver.java:552)
	at com.kms.katalon.selenium.driver.CChromeDriver.execute(CChromeDriver.java:19)
	at org.openqa.selenium.remote.RemoteWebElement.execute(RemoteWebElement.java:285)
	at org.openqa.selenium.remote.RemoteWebElement.click(RemoteWebElement.java:84)
	at org.openqa.selenium.support.events.EventFiringWebDriver$EventFiringWebElement.lambda$new$0(EventFiringWebDriver.java:404)
	at com.sun.proxy.$Proxy11.click(Unknown Source)
	at org.openqa.selenium.support.events.EventFiringWebDriver$EventFiringWebElement.click(EventFiringWebDriver.java:417)
	at com.kms.katalon.core.webui.keyword.builtin.ClickKeyword$_click_closure1.doCall(ClickKeyword.groovy:68)
	at com.kms.katalon.core.webui.keyword.builtin.ClickKeyword$_click_closure1.call(ClickKeyword.groovy)
	at com.kms.katalon.core.webui.keyword.internal.WebUIKeywordMain.runKeyword(WebUIKeywordMain.groovy:20)
	at com.kms.katalon.core.webui.keyword.builtin.ClickKeyword.click(ClickKeyword.groovy:75)
	at com.kms.katalon.core.webui.keyword.builtin.ClickKeyword.execute(ClickKeyword.groovy:42)
	at com.kms.katalon.core.keyword.internal.KeywordExecutor.executeKeywordForPlatform(KeywordExecutor.groovy:74)
	at com.kms.katalon.core.webui.keyword.WebUiBuiltInKeywords.click(WebUiBuiltInKeywords.groovy:620)
	at com.kms.katalon.core.webui.keyword.WebUiBuiltInKeywords$click$10.call(Unknown Source)
	at Script1634674829687.run(Script1634674829687.groovy:328)
	... 13 more
)

2021-11-19 11:23:17 - [MESSAGE][INFO] - Unable to find the element located by 'By.xpath: //*[@type = 'submit' and @name = 'convFeeNotifyAction']'. Please recheck the objects properties to make sure the desired element is located. 

2021-11-19 11:23:17 - [MESSAGE][WARNING] - [SELF-HEALING] Failed to find element with id 'Object Repository/RAD_Pages/ServiceFeeAccept_Page/input_convFeeNotifyAction'. Try using Self-healing.

2021-11-19 11:23:17 - [MESSAGE][WARNING] - [SELF-HEALING] The current locator of test object 'Object Repository/RAD_Pages/ServiceFeeAccept_Page/input_convFeeNotifyAction' was broken. Propose an alternative one: '//div[5]/div/input'.

2021-11-19 11:23:17 - [MESSAGE][FAILED] - Unable to click on object 'Object Repository/RAD_Pages/ServiceFeeAccept_Page/input_convFeeNotifyAction' (Root cause: com.kms.katalon.core.exception.StepFailedException: Unable to click on object 'Object Repository/RAD_Pages/ServiceFeeAccept_Page/input_convFeeNotifyAction'
	at com.kms.katalon.core.webui.keyword.internal.WebUIKeywordMain.stepFailed(WebUIKeywordMain.groovy:64)
	at com.kms.katalon.core.webui.keyword.internal.WebUIKeywordMain.runKeyword(WebUIKeywordMain.groovy:26)
	at com.kms.katalon.core.webui.keyword.builtin.ClickKeyword.click(ClickKeyword.groovy:75)
	at com.kms.katalon.core.webui.keyword.builtin.ClickKeyword.execute(ClickKeyword.groovy:42)
	at com.kms.katalon.core.keyword.internal.KeywordExecutor.executeKeywordForPlatform(KeywordExecutor.groovy:74)
	at com.kms.katalon.core.webui.keyword.WebUiBuiltInKeywords.click(WebUiBuiltInKeywords.groovy:620)
	at com.kms.katalon.core.webui.keyword.WebUiBuiltInKeywords$click$10.call(Unknown Source)
	at Payments_HC_TC.run(Payments_HC_TC:328)
	at com.kms.katalon.core.main.ScriptEngine.run(ScriptEngine.java:194)
	at com.kms.katalon.core.main.ScriptEngine.runScriptAsRawText(ScriptEngine.java:119)
	at com.kms.katalon.core.main.TestCaseExecutor.runScript(TestCaseExecutor.java:430)
	at com.kms.katalon.core.main.TestCaseExecutor.doExecute(TestCaseExecutor.java:421)
	at com.kms.katalon.core.main.TestCaseExecutor.processExecutionPhase(TestCaseExecutor.java:400)
	at com.kms.katalon.core.main.TestCaseExecutor.accessMainPhase(TestCaseExecutor.java:392)
	at com.kms.katalon.core.main.TestCaseExecutor.execute(TestCaseExecutor.java:273)
	at com.kms.katalon.core.main.TestSuiteExecutor.accessTestCaseMainPhase(TestSuiteExecutor.java:202)
	at com.kms.katalon.core.main.TestSuiteExecutor.accessTestSuiteMainPhase(TestSuiteExecutor.java:164)
	at com.kms.katalon.core.main.TestSuiteExecutor.execute(TestSuiteExecutor.java:105)
	at com.kms.katalon.core.main.TestCaseMain.startTestSuite(TestCaseMain.java:185)
	at com.kms.katalon.core.main.TestCaseMain$startTestSuite$0.call(Unknown Source)
	at TempTestSuite1637335687322.run(TempTestSuite1637335687322.groovy:36)
Caused by: org.openqa.selenium.ElementNotInteractableException: element not interactable
  (Session info: chrome=96.0.4664.45)
Build info: version: '3.141.59', revision: 'e82be7d358', time: '2018-11-14T08:25:53'
System info: host: 'DESKTOP-B2QI6NS', ip: '172.30.2.167', os.name: 'Windows 10', os.arch: 'amd64', os.version: '10.0', java.version: '1.8.0_181'
Driver info: com.kms.katalon.selenium.driver.CChromeDriver
Capabilities {acceptInsecureCerts: true, browserName: chrome, browserVersion: 96.0.4664.45, chrome: {chromedriverVersion: 95.0.4638.54 (d31a821ec901f..., userDataDir: C:\Users\iahmed\AppData\Loc...}, goog:chromeOptions: {debuggerAddress: localhost:51149}, javascriptEnabled: true, networkConnectionEnabled: false, pageLoadStrategy: normal, platform: WINDOWS, platformName: WINDOWS, proxy: Proxy(), setWindowRect: true, strictFileInteractability: false, timeouts: {implicit: 0, pageLoad: 300000, script: 30000}, unhandledPromptBehavior: dismiss and notify, webauthn:extension:credBlob: true, webauthn:extension:largeBlob: true, webauthn:virtualAuthenticators: true}
Session ID: b4ed974bb2c27e97ec4bf17dc0c3030d
	at org.openqa.selenium.remote.http.W3CHttpResponseCodec.createException(W3CHttpResponseCodec.java:187)
	at org.openqa.selenium.remote.http.W3CHttpResponseCodec.decode(W3CHttpResponseCodec.java:122)
	at org.openqa.selenium.remote.http.W3CHttpResponseCodec.decode(W3CHttpResponseCodec.java:49)
	at org.openqa.selenium.remote.HttpCommandExecutor.execute(HttpCommandExecutor.java:158)
	at org.openqa.selenium.remote.service.DriverCommandExecutor.execute(DriverCommandExecutor.java:83)
	at org.openqa.selenium.remote.RemoteWebDriver.execute(RemoteWebDriver.java:552)
	at com.kms.katalon.selenium.driver.CChromeDriver.execute(CChromeDriver.java:19)
	at org.openqa.selenium.remote.RemoteWebElement.execute(RemoteWebElement.java:285)
	at org.openqa.selenium.remote.RemoteWebElement.click(RemoteWebElement.java:84)
	at org.openqa.selenium.support.events.EventFiringWebDriver$EventFiringWebElement.lambda$new$0(EventFiringWebDriver.java:404)
	at com.sun.proxy.$Proxy11.click(Unknown Source)
	at org.openqa.selenium.support.events.EventFiringWebDriver$EventFiringWebElement.click(EventFiringWebDriver.java:417)
	at com.kms.katalon.core.webui.keyword.builtin.ClickKeyword$_click_closure1.doCall(ClickKeyword.groovy:68)
	at com.kms.katalon.core.webui.keyword.builtin.ClickKeyword$_click_closure1.call(ClickKeyword.groovy)
	at com.kms.katalon.core.webui.keyword.internal.WebUIKeywordMain.runKeyword(WebUIKeywordMain.groovy:20)
	at com.kms.katalon.core.webui.keyword.builtin.ClickKeyword.click(ClickKeyword.groovy:75)
	at com.kms.katalon.core.webui.keyword.builtin.ClickKeyword.execute(ClickKeyword.groovy:42)
	at com.kms.katalon.core.keyword.internal.KeywordExecutor.executeKeywordForPlatform(KeywordExecutor.groovy:74)
	at com.kms.katalon.core.webui.keyword.WebUiBuiltInKeywords.click(WebUiBuiltInKeywords.groovy:620)
	at com.kms.katalon.core.webui.keyword.WebUiBuiltInKeywords$click$10.call(Unknown Source)
	at Script1634674829687.run(Script1634674829687.groovy:328)
	... 13 more
)
[[ATTACHMENT|E:\\Cloned-Project-Katalon\\VPS-Katalon\\Reports\\20211119_102807\\RAD_TestSuite\\RAD_UI_TestSuite\\20211119_102807\\1637338997343.png]]

2021-11-19 11:23:17 - [TEST_STEP][PASSED] - delay(10): Delayed 10 second(s)

2021-11-19 11:23:27 - [MESSAGE][PASSED] - Delayed 10 second(s)

2021-11-19 11:23:27 - [TEST_STEP][FAILED] - verifyTextPresent("Successful Payment Receipt", true): Text 'Successful Payment Receipt' is not present on page  using regular expression (Root cause: com.kms.katalon.core.exception.StepFailedException: Text 'Successful Payment Receipt' is not present on page  using regular expression
	at com.kms.katalon.core.webui.keyword.internal.WebUIKeywordMain.stepFailed(WebUIKeywordMain.groovy:64)
	at com.kms.katalon.core.webui.keyword.builtin.VerifyTextPresentKeyword$_verifyTextPresent_closure1.doCall(VerifyTextPresentKeyword.groovy:79)
	at com.kms.katalon.core.webui.keyword.builtin.VerifyTextPresentKeyword$_verifyTextPresent_closure1.call(VerifyTextPresentKeyword.groovy)
	at com.kms.katalon.core.webui.keyword.internal.WebUIKeywordMain.runKeyword(WebUIKeywordMain.groovy:20)
	at com.kms.katalon.core.webui.keyword.builtin.VerifyTextPresentKeyword.verifyTextPresent(VerifyTextPresentKeyword.groovy:83)
	at com.kms.katalon.core.webui.keyword.builtin.VerifyTextPresentKeyword.execute(VerifyTextPresentKeyword.groovy:68)
	at com.kms.katalon.core.keyword.internal.KeywordExecutor.executeKeywordForPlatform(KeywordExecutor.groovy:74)
	at com.kms.katalon.core.webui.keyword.WebUiBuiltInKeywords.verifyTextPresent(WebUiBuiltInKeywords.groovy:1723)
	at com.kms.katalon.core.webui.keyword.WebUiBuiltInKeywords$verifyTextPresent$3.call(Unknown Source)
	at Payments_HC_TC.run(Payments_HC_TC:335)
	at com.kms.katalon.core.main.ScriptEngine.run(ScriptEngine.java:194)
	at com.kms.katalon.core.main.ScriptEngine.runScriptAsRawText(ScriptEngine.java:119)
	at com.kms.katalon.core.main.TestCaseExecutor.runScript(TestCaseExecutor.java:430)
	at com.kms.katalon.core.main.TestCaseExecutor.doExecute(TestCaseExecutor.java:421)
	at com.kms.katalon.core.main.TestCaseExecutor.processExecutionPhase(TestCaseExecutor.java:400)
	at com.kms.katalon.core.main.TestCaseExecutor.accessMainPhase(TestCaseExecutor.java:392)
	at com.kms.katalon.core.main.TestCaseExecutor.execute(TestCaseExecutor.java:273)
	at com.kms.katalon.core.main.TestSuiteExecutor.accessTestCaseMainPhase(TestSuiteExecutor.java:202)
	at com.kms.katalon.core.main.TestSuiteExecutor.accessTestSuiteMainPhase(TestSuiteExecutor.java:164)
	at com.kms.katalon.core.main.TestSuiteExecutor.execute(TestSuiteExecutor.java:105)
	at com.kms.katalon.core.main.TestCaseMain.startTestSuite(TestCaseMain.java:185)
	at com.kms.katalon.core.main.TestCaseMain$startTestSuite$0.call(Unknown Source)
	at TempTestSuite1637335687322.run(TempTestSuite1637335687322.groovy:36)
)

2021-11-19 11:23:27 - [MESSAGE][FAILED] - Text 'Successful Payment Receipt' is not present on page  using regular expression (Root cause: com.kms.katalon.core.exception.StepFailedException: Text 'Successful Payment Receipt' is not present on page  using regular expression
	at com.kms.katalon.core.webui.keyword.internal.WebUIKeywordMain.stepFailed(WebUIKeywordMain.groovy:64)
	at com.kms.katalon.core.webui.keyword.builtin.VerifyTextPresentKeyword$_verifyTextPresent_closure1.doCall(VerifyTextPresentKeyword.groovy:79)
	at com.kms.katalon.core.webui.keyword.builtin.VerifyTextPresentKeyword$_verifyTextPresent_closure1.call(VerifyTextPresentKeyword.groovy)
	at com.kms.katalon.core.webui.keyword.internal.WebUIKeywordMain.runKeyword(WebUIKeywordMain.groovy:20)
	at com.kms.katalon.core.webui.keyword.builtin.VerifyTextPresentKeyword.verifyTextPresent(VerifyTextPresentKeyword.groovy:83)
	at com.kms.katalon.core.webui.keyword.builtin.VerifyTextPresentKeyword.execute(VerifyTextPresentKeyword.groovy:68)
	at com.kms.katalon.core.keyword.internal.KeywordExecutor.executeKeywordForPlatform(KeywordExecutor.groovy:74)
	at com.kms.katalon.core.webui.keyword.WebUiBuiltInKeywords.verifyTextPresent(WebUiBuiltInKeywords.groovy:1723)
	at com.kms.katalon.core.webui.keyword.WebUiBuiltInKeywords$verifyTextPresent$3.call(Unknown Source)
	at Payments_HC_TC.run(Payments_HC_TC:335)
	at com.kms.katalon.core.main.ScriptEngine.run(ScriptEngine.java:194)
	at com.kms.katalon.core.main.ScriptEngine.runScriptAsRawText(ScriptEngine.java:119)
	at com.kms.katalon.core.main.TestCaseExecutor.runScript(TestCaseExecutor.java:430)
	at com.kms.katalon.core.main.TestCaseExecutor.doExecute(TestCaseExecutor.java:421)
	at com.kms.katalon.core.main.TestCaseExecutor.processExecutionPhase(TestCaseExecutor.java:400)
	at com.kms.katalon.core.main.TestCaseExecutor.accessMainPhase(TestCaseExecutor.java:392)
	at com.kms.katalon.core.main.TestCaseExecutor.execute(TestCaseExecutor.java:273)
	at com.kms.katalon.core.main.TestSuiteExecutor.accessTestCaseMainPhase(TestSuiteExecutor.java:202)
	at com.kms.katalon.core.main.TestSuiteExecutor.accessTestSuiteMainPhase(TestSuiteExecutor.java:164)
	at com.kms.katalon.core.main.TestSuiteExecutor.execute(TestSuiteExecutor.java:105)
	at com.kms.katalon.core.main.TestCaseMain.startTestSuite(TestCaseMain.java:185)
	at com.kms.katalon.core.main.TestCaseMain$startTestSuite$0.call(Unknown Source)
	at TempTestSuite1637335687322.run(TempTestSuite1637335687322.groovy:36)
)

2021-11-19 11:23:27 - [TEST_STEP][FAILED] - if (verifyTextPresent("Successful Payment Receipt", true)): Text 'Successful Payment Receipt' is not present on page  using regular expression (Root cause: com.kms.katalon.core.exception.StepFailedException: Text 'Successful Payment Receipt' is not present on page  using regular expression
	at com.kms.katalon.core.webui.keyword.internal.WebUIKeywordMain.stepFailed(WebUIKeywordMain.groovy:64)
	at com.kms.katalon.core.webui.keyword.builtin.VerifyTextPresentKeyword$_verifyTextPresent_closure1.doCall(VerifyTextPresentKeyword.groovy:79)
	at com.kms.katalon.core.webui.keyword.builtin.VerifyTextPresentKeyword$_verifyTextPresent_closure1.call(VerifyTextPresentKeyword.groovy)
	at com.kms.katalon.core.webui.keyword.internal.WebUIKeywordMain.runKeyword(WebUIKeywordMain.groovy:20)
	at com.kms.katalon.core.webui.keyword.builtin.VerifyTextPresentKeyword.verifyTextPresent(VerifyTextPresentKeyword.groovy:83)
	at com.kms.katalon.core.webui.keyword.builtin.VerifyTextPresentKeyword.execute(VerifyTextPresentKeyword.groovy:68)
	at com.kms.katalon.core.keyword.internal.KeywordExecutor.executeKeywordForPlatform(KeywordExecutor.groovy:74)
	at com.kms.katalon.core.webui.keyword.WebUiBuiltInKeywords.verifyTextPresent(WebUiBuiltInKeywords.groovy:1723)
	at com.kms.katalon.core.webui.keyword.WebUiBuiltInKeywords$verifyTextPresent$3.call(Unknown Source)
	at Payments_HC_TC.run(Payments_HC_TC:337)
	at com.kms.katalon.core.main.ScriptEngine.run(ScriptEngine.java:194)
	at com.kms.katalon.core.main.ScriptEngine.runScriptAsRawText(ScriptEngine.java:119)
	at com.kms.katalon.core.main.TestCaseExecutor.runScript(TestCaseExecutor.java:430)
	at com.kms.katalon.core.main.TestCaseExecutor.doExecute(TestCaseExecutor.java:421)
	at com.kms.katalon.core.main.TestCaseExecutor.processExecutionPhase(TestCaseExecutor.java:400)
	at com.kms.katalon.core.main.TestCaseExecutor.accessMainPhase(TestCaseExecutor.java:392)
	at com.kms.katalon.core.main.TestCaseExecutor.execute(TestCaseExecutor.java:273)
	at com.kms.katalon.core.main.TestSuiteExecutor.accessTestCaseMainPhase(TestSuiteExecutor.java:202)
	at com.kms.katalon.core.main.TestSuiteExecutor.accessTestSuiteMainPhase(TestSuiteExecutor.java:164)
	at com.kms.katalon.core.main.TestSuiteExecutor.execute(TestSuiteExecutor.java:105)
	at com.kms.katalon.core.main.TestCaseMain.startTestSuite(TestCaseMain.java:185)
	at com.kms.katalon.core.main.TestCaseMain$startTestSuite$0.call(Unknown Source)
	at TempTestSuite1637335687322.run(TempTestSuite1637335687322.groovy:36)
)

2021-11-19 11:23:28 - [MESSAGE][FAILED] - Text 'Successful Payment Receipt' is not present on page  using regular expression (Root cause: com.kms.katalon.core.exception.StepFailedException: Text 'Successful Payment Receipt' is not present on page  using regular expression
	at com.kms.katalon.core.webui.keyword.internal.WebUIKeywordMain.stepFailed(WebUIKeywordMain.groovy:64)
	at com.kms.katalon.core.webui.keyword.builtin.VerifyTextPresentKeyword$_verifyTextPresent_closure1.doCall(VerifyTextPresentKeyword.groovy:79)
	at com.kms.katalon.core.webui.keyword.builtin.VerifyTextPresentKeyword$_verifyTextPresent_closure1.call(VerifyTextPresentKeyword.groovy)
	at com.kms.katalon.core.webui.keyword.internal.WebUIKeywordMain.runKeyword(WebUIKeywordMain.groovy:20)
	at com.kms.katalon.core.webui.keyword.builtin.VerifyTextPresentKeyword.verifyTextPresent(VerifyTextPresentKeyword.groovy:83)
	at com.kms.katalon.core.webui.keyword.builtin.VerifyTextPresentKeyword.execute(VerifyTextPresentKeyword.groovy:68)
	at com.kms.katalon.core.keyword.internal.KeywordExecutor.executeKeywordForPlatform(KeywordExecutor.groovy:74)
	at com.kms.katalon.core.webui.keyword.WebUiBuiltInKeywords.verifyTextPresent(WebUiBuiltInKeywords.groovy:1723)
	at com.kms.katalon.core.webui.keyword.WebUiBuiltInKeywords$verifyTextPresent$3.call(Unknown Source)
	at Payments_HC_TC.run(Payments_HC_TC:337)
	at com.kms.katalon.core.main.ScriptEngine.run(ScriptEngine.java:194)
	at com.kms.katalon.core.main.ScriptEngine.runScriptAsRawText(ScriptEngine.java:119)
	at com.kms.katalon.core.main.TestCaseExecutor.runScript(TestCaseExecutor.java:430)
	at com.kms.katalon.core.main.TestCaseExecutor.doExecute(TestCaseExecutor.java:421)
	at com.kms.katalon.core.main.TestCaseExecutor.processExecutionPhase(TestCaseExecutor.java:400)
	at com.kms.katalon.core.main.TestCaseExecutor.accessMainPhase(TestCaseExecutor.java:392)
	at com.kms.katalon.core.main.TestCaseExecutor.execute(TestCaseExecutor.java:273)
	at com.kms.katalon.core.main.TestSuiteExecutor.accessTestCaseMainPhase(TestSuiteExecutor.java:202)
	at com.kms.katalon.core.main.TestSuiteExecutor.accessTestSuiteMainPhase(TestSuiteExecutor.java:164)
	at com.kms.katalon.core.main.TestSuiteExecutor.execute(TestSuiteExecutor.java:105)
	at com.kms.katalon.core.main.TestCaseMain.startTestSuite(TestCaseMain.java:185)
	at com.kms.katalon.core.main.TestCaseMain$startTestSuite$0.call(Unknown Source)
	at TempTestSuite1637335687322.run(TempTestSuite1637335687322.groovy:36)
)

2021-11-19 11:23:28 - [TEST_STEP][PASSED] - else: pages.WriteExcel.demoKey is PASSED

2021-11-19 11:23:28 - [TEST_STEP][PASSED] - println("Transaction was NOT Successful"): null

2021-11-19 11:23:28 - [TEST_STEP][PASSED] - out.println("Fail Record Number: " + row): null

2021-11-19 11:23:28 - [TEST_STEP][PASSED] - resText = "Fail": null

2021-11-19 11:23:28 - [TEST_STEP][PASSED] - pages.WriteExcel.demoKey(resText, datText, resColumn, datCloumn, fileLoc, nameSheet, row): pages.WriteExcel.demoKey is PASSED

2021-11-19 11:23:28 - [MESSAGE][PASSED] - pages.WriteExcel.demoKey is PASSED

2021-11-19 11:23:28 - [TEST_STEP][PASSED] - ExecuteTC = findTestData(dataFile).getValue("Execute", row): null

2021-11-19 11:23:28 - [TEST_STEP][PASSED] - PaymentType = findTestData(dataFile).getValue("PaymentType", row): null

2021-11-19 11:23:28 - [TEST_STEP][PASSED] - FilingYear = findTestData(dataFile).getValue("FilingYear", row): null

2021-11-19 11:23:28 - [TEST_STEP][PASSED] - PeriodEnding = findTestData(dataFile).getValue("PeriodEnding", row): null

2021-11-19 11:23:28 - [TEST_STEP][PASSED] - FName = findTestData(dataFile).getValue("Fname", row): null

2021-11-19 11:23:28 - [TEST_STEP][PASSED] - LName = findTestData(dataFile).getValue("Lname", row): null

2021-11-19 11:23:28 - [TEST_STEP][PASSED] - SSN = findTestData(dataFile).getValue("SSN", row): null

2021-11-19 11:23:28 - [TEST_STEP][PASSED] - BusName = findTestData(dataFile).getValue("BusName", row): null

2021-11-19 11:23:28 - [TEST_STEP][PASSED] - AL1 = findTestData(dataFile).getValue("AL1", row): null

2021-11-19 11:23:28 - [TEST_STEP][PASSED] - City = findTestData(dataFile).getValue("City", row): null

2021-11-19 11:23:28 - [TEST_STEP][PASSED] - ZIP = findTestData(dataFile).getValue("ZIP", row): null

2021-11-19 11:23:28 - [TEST_STEP][PASSED] - FilingType = findTestData(dataFile).getValue("FilingType", row): null

2021-11-19 11:23:28 - [TEST_STEP][PASSED] - Withholding = findTestData(dataFile).getValue("Withholding", row): null

2021-11-19 11:23:28 - [TEST_STEP][PASSED] - Amount = findTestData(dataFile).getValue("Amount", row): null

2021-11-19 11:23:28 - [TEST_STEP][PASSED] - CCNumber = findTestData(dataFile).getValue("CCNumber", row): null

2021-11-19 11:23:28 - [TEST_STEP][PASSED] - CVV = findTestData(dataFile).getValue("CVV", row): null

2021-11-19 11:23:28 - [TEST_STEP][PASSED] - out.println("Value of Execute is : " + ExecuteTC): null

2021-11-19 11:23:28 - [TEST_STEP][PASSED] - if (ExecuteTC.equalsIgnoreCase("Y")): null

2021-11-19 11:23:28 - [TEST_STEP][PASSED] - out.println("Begin Record Number: " + row): null

2021-11-19 11:23:28 - [TEST_STEP][PASSED] - today = new java.util.Date(): null

2021-11-19 11:23:28 - [TEST_STEP][PASSED] - println(today): null

2021-11-19 11:23:28 - [TEST_STEP][PASSED] - datText = today: null

2021-11-19 11:23:28 - [TEST_STEP][PASSED] - Taxtype = findTestData(dataFile).getValue("TaxType", row): null

2021-11-19 11:23:28 - [TEST_STEP][PASSED] - out.println("Taxtype value is : " + Taxtype): null

2021-11-19 11:23:28 - [TEST_STEP][PASSED] - openBrowser(""): Browser is opened with url: ''

2021-11-19 11:23:28 - [MESSAGE][WARNING] - A browser is already opened. Closing browser and opening a new one

2021-11-19 11:23:29 - [MESSAGE][INFO] - Starting 'Chrome' driver

2021-11-19 11:23:29 - [MESSAGE][INFO] - User set preference: ['acceptInsecureCerts', 'true']

2021-11-19 11:23:29 - [MESSAGE][INFO] - Action delay is set to 0 milliseconds

2021-11-19 11:23:31 - [MESSAGE][PASSED] - Browser is opened with url: ''

2021-11-19 11:23:31 - [TEST_STEP][PASSED] - maximizeWindow(): Current window maximized

2021-11-19 11:23:31 - [MESSAGE][PASSED] - Current window maximized

2021-11-19 11:23:31 - [TEST_STEP][PASSED] - navigateToUrl(RADurl): Navigate to 'https://qa.velocitypayment.com/client/rad/index.html' successfully

2021-11-19 11:23:33 - [MESSAGE][PASSED] - Navigate to 'https://qa.velocitypayment.com/client/rad/index.html' successfully

2021-11-19 11:23:33 - [TEST_STEP][PASSED] - orPath_Landing = "Object Repository/RAD_Pages/Landing_Page": null

2021-11-19 11:23:33 - [TEST_STEP][PASSED] - orPath_TaxTypeFilingYear = "Object Repository/RAD_Pages/TaxTypeFilingYear_Page": null

2021-11-19 11:23:33 - [TEST_STEP][PASSED] - orPath_TaxPayer = "Object Repository/RAD_Pages/Taxpayer_Page": null

2021-11-19 11:23:33 - [TEST_STEP][PASSED] - orPath_AddressContact = "Object Repository/RAD_Pages/AddressAndContactInfo_Page": null

2021-11-19 11:23:33 - [TEST_STEP][PASSED] - orPath_FilingStatus = "Object Repository/RAD_Pages/FilingStatus_Page": null

2021-11-19 11:23:33 - [TEST_STEP][PASSED] - orPath_Amount = "Object Repository/RAD_Pages/PaymentAmount_Page": null

2021-11-19 11:23:33 - [TEST_STEP][PASSED] - orPath_TaxInfo = "Object Repository/RAD_Pages/TaxInfo_Page": null

2021-11-19 11:23:33 - [TEST_STEP][PASSED] - orPath_Withholding = "Object Repository/RAD_Pages/Withholding_Page": null

2021-11-19 11:23:33 - [TEST_STEP][PASSED] - orPath_Summary = "Object Repository/RAD_Pages/Summary_Page": null

2021-11-19 11:23:33 - [TEST_STEP][PASSED] - orPath_PaymentReady = "Object Repository/RAD_Pages/PaymentReady_Page": null

2021-11-19 11:23:33 - [TEST_STEP][PASSED] - orPath_PaymentEntry = "Object Repository/RAD_Pages/PaymentEntry_Page": null

2021-11-19 11:23:33 - [TEST_STEP][PASSED] - orPath_PaymentConfirmation = "Object Repository/RAD_Pages/PaymentConfirmation_Page": null

2021-11-19 11:23:33 - [TEST_STEP][PASSED] - orPath_ServiceFeesAccept = "Object Repository/RAD_Pages/ServiceFeeAccept_Page": null

2021-11-19 11:23:33 - [TEST_STEP][PASSED] - selectOptionByLabel(findTestObject(orPath_Landing + "/dd_TaxType"), Taxtype, false): All options with label 'Personal Income Tax' are selected in object 'Object Repository/RAD_Pages/Landing_Page/dd_TaxType' 

2021-11-19 11:23:34 - [MESSAGE][PASSED] - All options with label 'Personal Income Tax' are selected in object 'Object Repository/RAD_Pages/Landing_Page/dd_TaxType' 

2021-11-19 11:23:34 - [TEST_STEP][PASSED] - delay(3): Delayed 3 second(s)

2021-11-19 11:23:37 - [MESSAGE][PASSED] - Delayed 3 second(s)

2021-11-19 11:23:37 - [TEST_STEP][PASSED] - switch (Taxtype): null

2021-11-19 11:23:37 - [TEST_STEP][PASSED] - case "Personal Income Tax":: null

2021-11-19 11:23:37 - [TEST_STEP][PASSED] - selectOptionByLabel(findTestObject(orPath_TaxTypeFilingYear + "/select_FilingYear"), FilingYear, false): All options with label '2020' are selected in object 'Object Repository/RAD_Pages/TaxTypeFilingYear_Page/select_FilingYear' 

2021-11-19 11:23:38 - [MESSAGE][PASSED] - All options with label '2020' are selected in object 'Object Repository/RAD_Pages/TaxTypeFilingYear_Page/select_FilingYear' 

2021-11-19 11:23:38 - [TEST_STEP][PASSED] - setText(findTestObject(orPath_TaxPayer + "/input_lastName"), LName): Text 'Cook' is set on object 'Object Repository/RAD_Pages/Taxpayer_Page/input_lastName'

2021-11-19 11:23:38 - [MESSAGE][PASSED] - Text 'Cook' is set on object 'Object Repository/RAD_Pages/Taxpayer_Page/input_lastName'

2021-11-19 11:23:38 - [TEST_STEP][PASSED] - setText(findTestObject("RAD_RecordAndPlay/input_concatSSN"), SSN): Text '123450145' is set on object 'Object Repository/RAD_RecordAndPlay/input_concatSSN'

2021-11-19 11:23:39 - [MESSAGE][PASSED] - Text '123450145' is set on object 'Object Repository/RAD_RecordAndPlay/input_concatSSN'

2021-11-19 11:23:39 - [TEST_STEP][PASSED] - setText(findTestObject("RAD_RecordAndPlay/input_concatReSSN"), SSN): Text '123450145' is set on object 'Object Repository/RAD_RecordAndPlay/input_concatReSSN'

2021-11-19 11:23:40 - [MESSAGE][PASSED] - Text '123450145' is set on object 'Object Repository/RAD_RecordAndPlay/input_concatReSSN'

2021-11-19 11:23:40 - [TEST_STEP][PASSED] - if (FilingType.equalsIgnoreCase("Y")): Object 'Object Repository/RAD_Pages/FilingStatus_Page/input_userType_Individual' is checked

2021-11-19 11:23:40 - [TEST_STEP][PASSED] - check(findTestObject(orPath_FilingStatus + "/input_userType_Individual")): Object 'Object Repository/RAD_Pages/FilingStatus_Page/input_userType_Individual' is checked

2021-11-19 11:23:40 - [MESSAGE][PASSED] - Object 'Object Repository/RAD_Pages/FilingStatus_Page/input_userType_Individual' is checked

2021-11-19 11:23:40 - [TEST_STEP][PASSED] - break: null

2021-11-19 11:23:40 - [TEST_STEP][PASSED] - setText(findTestObject(orPath_TaxPayer + "/input_firstName"), FName): Text 'Andrew' is set on object 'Object Repository/RAD_Pages/Taxpayer_Page/input_firstName'

2021-11-19 11:23:41 - [MESSAGE][PASSED] - Text 'Andrew' is set on object 'Object Repository/RAD_Pages/Taxpayer_Page/input_firstName'

2021-11-19 11:23:41 - [TEST_STEP][PASSED] - setText(findTestObject(orPath_TaxPayer + "/input_lastName"), LName): Text 'Cook' is set on object 'Object Repository/RAD_Pages/Taxpayer_Page/input_lastName'

2021-11-19 11:23:42 - [MESSAGE][PASSED] - Text 'Cook' is set on object 'Object Repository/RAD_Pages/Taxpayer_Page/input_lastName'

2021-11-19 11:23:42 - [TEST_STEP][PASSED] - selectOptionByLabel(findTestObject(orPath_AddressContact + "/select_Country"), "United States", false): All options with label 'United States' are selected in object 'Object Repository/RAD_Pages/AddressAndContactInfo_Page/select_Country' 

2021-11-19 11:23:42 - [MESSAGE][PASSED] - All options with label 'United States' are selected in object 'Object Repository/RAD_Pages/AddressAndContactInfo_Page/select_Country' 

2021-11-19 11:23:42 - [TEST_STEP][PASSED] - setText(findTestObject(orPath_AddressContact + "/input_streetAddress1"), AL1): Text '3652 Mandan road' is set on object 'Object Repository/RAD_Pages/AddressAndContactInfo_Page/input_streetAddress1'

2021-11-19 11:23:43 - [MESSAGE][PASSED] - Text '3652 Mandan road' is set on object 'Object Repository/RAD_Pages/AddressAndContactInfo_Page/input_streetAddress1'

2021-11-19 11:23:43 - [TEST_STEP][PASSED] - setText(findTestObject(orPath_AddressContact + "/input_streetAddress2"), ""): Text '' is set on object 'Object Repository/RAD_Pages/AddressAndContactInfo_Page/input_streetAddress2'

2021-11-19 11:23:44 - [MESSAGE][PASSED] - Text '' is set on object 'Object Repository/RAD_Pages/AddressAndContactInfo_Page/input_streetAddress2'

2021-11-19 11:23:44 - [TEST_STEP][PASSED] - setText(findTestObject(orPath_AddressContact + "/input_city"), City): Text 'Crofton' is set on object 'Object Repository/RAD_Pages/AddressAndContactInfo_Page/input_city'

2021-11-19 11:23:45 - [MESSAGE][PASSED] - Text 'Crofton' is set on object 'Object Repository/RAD_Pages/AddressAndContactInfo_Page/input_city'

2021-11-19 11:23:45 - [TEST_STEP][PASSED] - selectOptionByLabel(findTestObject(orPath_AddressContact + "/select_State"), "Maryland", false): All options with label 'Maryland' are selected in object 'Object Repository/RAD_Pages/AddressAndContactInfo_Page/select_State' 

2021-11-19 11:23:45 - [MESSAGE][PASSED] - All options with label 'Maryland' are selected in object 'Object Repository/RAD_Pages/AddressAndContactInfo_Page/select_State' 

2021-11-19 11:23:45 - [TEST_STEP][PASSED] - setText(findTestObject(orPath_AddressContact + "/input_zipCode"), ZIP): Text '21114' is set on object 'Object Repository/RAD_Pages/AddressAndContactInfo_Page/input_zipCode'

2021-11-19 11:23:46 - [MESSAGE][PASSED] - Text '21114' is set on object 'Object Repository/RAD_Pages/AddressAndContactInfo_Page/input_zipCode'

2021-11-19 11:23:46 - [TEST_STEP][PASSED] - setText(findTestObject(orPath_AddressContact + "/input_phoneNumber"), "(703) 894-5000"): Text '(703) 894-5000' is set on object 'Object Repository/RAD_Pages/AddressAndContactInfo_Page/input_phoneNumber'

2021-11-19 11:23:47 - [MESSAGE][PASSED] - Text '(703) 894-5000' is set on object 'Object Repository/RAD_Pages/AddressAndContactInfo_Page/input_phoneNumber'

2021-11-19 11:23:47 - [TEST_STEP][PASSED] - setText(findTestObject(orPath_AddressContact + "/input_eMailAddress"), "iahmed@govolution.com"): Text 'iahmed@govolution.com' is set on object 'Object Repository/RAD_Pages/AddressAndContactInfo_Page/input_eMailAddress'

2021-11-19 11:23:48 - [MESSAGE][PASSED] - Text 'iahmed@govolution.com' is set on object 'Object Repository/RAD_Pages/AddressAndContactInfo_Page/input_eMailAddress'

2021-11-19 11:23:48 - [TEST_STEP][PASSED] - setText(findTestObject(orPath_AddressContact + "/input_reEnterEMailAddress"), "iahmed@govolution.com"): Text 'iahmed@govolution.com' is set on object 'Object Repository/RAD_Pages/AddressAndContactInfo_Page/input_reEnterEMailAddress'

2021-11-19 11:23:48 - [MESSAGE][PASSED] - Text 'iahmed@govolution.com' is set on object 'Object Repository/RAD_Pages/AddressAndContactInfo_Page/input_reEnterEMailAddress'

2021-11-19 11:23:48 - [TEST_STEP][PASSED] - setText(findTestObject(orPath_Amount + "/input__paymentAmount"), Amount): Text '100.00' is set on object 'Object Repository/RAD_Pages/PaymentAmount_Page/input__paymentAmount'

2021-11-19 11:23:49 - [MESSAGE][PASSED] - Text '100.00' is set on object 'Object Repository/RAD_Pages/PaymentAmount_Page/input__paymentAmount'

2021-11-19 11:23:49 - [TEST_STEP][PASSED] - scrollToElement(findTestObject(orPath_Landing + "/button_Continue"), 3): Scroll to object 'Object Repository/RAD_Pages/Landing_Page/button_Continue' successfully

2021-11-19 11:23:50 - [MESSAGE][PASSED] - Scroll to object 'Object Repository/RAD_Pages/Landing_Page/button_Continue' successfully

2021-11-19 11:23:50 - [TEST_STEP][PASSED] - waitForElementClickable(findTestObject(orPath_Landing + "/button_Continue"), 5): Object 'Object Repository/RAD_Pages/Landing_Page/button_Continue' is clickable

2021-11-19 11:23:50 - [MESSAGE][PASSED] - Object 'Object Repository/RAD_Pages/Landing_Page/button_Continue' is clickable

2021-11-19 11:23:50 - [TEST_STEP][PASSED] - click(findTestObject(orPath_Landing + "/button_Continue")): Object: 'Object Repository/RAD_Pages/Landing_Page/button_Continue' is clicked on

2021-11-19 11:23:50 - [MESSAGE][PASSED] - Object: 'Object Repository/RAD_Pages/Landing_Page/button_Continue' is clicked on

2021-11-19 11:23:50 - [TEST_STEP][PASSED] - verifyTextPresent("Review the information below and make any necessary corrections by clicking the", true): Text 'Review the information below and make any necessary corrections by clicking the' is present on page  using regular expression

2021-11-19 11:23:51 - [MESSAGE][PASSED] - Text 'Review the information below and make any necessary corrections by clicking the' is present on page  using regular expression

2021-11-19 11:23:51 - [TEST_STEP][PASSED] - verifyTextPresent("When you are confident that all the information is correct", true): Text 'When you are confident that all the information is correct' is present on page  using regular expression

2021-11-19 11:23:51 - [MESSAGE][PASSED] - Text 'When you are confident that all the information is correct' is present on page  using regular expression

2021-11-19 11:23:51 - [TEST_STEP][PASSED] - delay(1): Delayed 1 second(s)

2021-11-19 11:23:52 - [MESSAGE][PASSED] - Delayed 1 second(s)

2021-11-19 11:23:52 - [TEST_STEP][PASSED] - click(findTestObject(orPath_Summary + "/button_Proceed to Payment")): Object: 'Object Repository/RAD_Pages/Summary_Page/button_Proceed to Payment' is clicked on

2021-11-19 11:23:54 - [MESSAGE][PASSED] - Object: 'Object Repository/RAD_Pages/Summary_Page/button_Proceed to Payment' is clicked on

2021-11-19 11:23:54 - [TEST_STEP][PASSED] - setText(findTestObject(orPath_PaymentEntry + "/input__cardNumber"), CCNumber): Text '4012000098765439' is set on object 'Object Repository/RAD_Pages/PaymentEntry_Page/input__cardNumber'

2021-11-19 11:23:55 - [MESSAGE][PASSED] - Text '4012000098765439' is set on object 'Object Repository/RAD_Pages/PaymentEntry_Page/input__cardNumber'

2021-11-19 11:23:55 - [TEST_STEP][PASSED] - setText(findTestObject(orPath_PaymentEntry + "/input__spc"), CVV): Text '123' is set on object 'Object Repository/RAD_Pages/PaymentEntry_Page/input__spc'

2021-11-19 11:23:56 - [MESSAGE][PASSED] - Text '123' is set on object 'Object Repository/RAD_Pages/PaymentEntry_Page/input__spc'

2021-11-19 11:23:56 - [TEST_STEP][PASSED] - selectOptionByLabel(findTestObject(orPath_PaymentEntry + "/select_MM"), "12", false): All options with label '12' are selected in object 'Object Repository/RAD_Pages/PaymentEntry_Page/select_MM' 

2021-11-19 11:23:56 - [MESSAGE][PASSED] - All options with label '12' are selected in object 'Object Repository/RAD_Pages/PaymentEntry_Page/select_MM' 

2021-11-19 11:23:56 - [TEST_STEP][PASSED] - selectOptionByLabel(findTestObject(orPath_PaymentEntry + "/select_YYYY"), "2023", false): All options with label '2023' are selected in object 'Object Repository/RAD_Pages/PaymentEntry_Page/select_YYYY' 

2021-11-19 11:23:57 - [MESSAGE][PASSED] - All options with label '2023' are selected in object 'Object Repository/RAD_Pages/PaymentEntry_Page/select_YYYY' 

2021-11-19 11:23:57 - [TEST_STEP][PASSED] - click(findTestObject(orPath_PaymentEntry + "/input_Field_ccSubmit")): Object: 'Object Repository/RAD_Pages/PaymentEntry_Page/input_Field_ccSubmit' is clicked on

2021-11-19 11:23:58 - [MESSAGE][PASSED] - Object: 'Object Repository/RAD_Pages/PaymentEntry_Page/input_Field_ccSubmit' is clicked on

2021-11-19 11:23:58 - [TEST_STEP][PASSED] - click(findTestObject(orPath_PaymentConfirmation + "/input_N_confirmNotifyAction")): Object: 'Object Repository/RAD_Pages/PaymentConfirmation_Page/input_N_confirmNotifyAction' is clicked on

2021-11-19 11:24:00 - [MESSAGE][PASSED] - Object: 'Object Repository/RAD_Pages/PaymentConfirmation_Page/input_N_confirmNotifyAction' is clicked on

2021-11-19 11:24:00 - [TEST_STEP][PASSED] - click(findTestObject(orPath_ServiceFeesAccept + "/input_convFeeNotifyAction")): Object: 'Object Repository/RAD_Pages/ServiceFeeAccept_Page/input_convFeeNotifyAction' is clicked on

2021-11-19 11:24:01 - [MESSAGE][PASSED] - Object: 'Object Repository/RAD_Pages/ServiceFeeAccept_Page/input_convFeeNotifyAction' is clicked on

2021-11-19 11:24:01 - [TEST_STEP][PASSED] - delay(10): Delayed 10 second(s)

2021-11-19 11:24:11 - [MESSAGE][PASSED] - Delayed 10 second(s)

2021-11-19 11:24:11 - [TEST_STEP][PASSED] - verifyTextPresent("Successful Payment Receipt", true): Text 'Successful Payment Receipt' is present on page  using regular expression

2021-11-19 11:24:12 - [MESSAGE][PASSED] - Text 'Successful Payment Receipt' is present on page  using regular expression

2021-11-19 11:24:12 - [TEST_STEP][PASSED] - if (verifyTextPresent("Successful Payment Receipt", true)): null

2021-11-19 11:24:12 - [MESSAGE][PASSED] - Text 'Successful Payment Receipt' is present on page  using regular expression

2021-11-19 11:24:12 - [TEST_STEP][PASSED] - println("Transaction was Successful"): null

2021-11-19 11:24:12 - [TEST_STEP][PASSED] - out.println("Pass Record Number: " + row): null

2021-11-19 11:24:12 - [TEST_STEP][PASSED] - resText = "Pass": null

2021-11-19 11:24:12 - [TEST_STEP][PASSED] - pages.WriteExcel.demoKey(resText, datText, resColumn, datCloumn, fileLoc, nameSheet, row): pages.WriteExcel.demoKey is PASSED

2021-11-19 11:24:12 - [MESSAGE][PASSED] - pages.WriteExcel.demoKey is PASSED

2021-11-19 11:24:12 - [TEST_STEP][PASSED] - ExecuteTC = findTestData(dataFile).getValue("Execute", row): null

2021-11-19 11:24:12 - [TEST_STEP][PASSED] - PaymentType = findTestData(dataFile).getValue("PaymentType", row): null

2021-11-19 11:24:12 - [TEST_STEP][PASSED] - FilingYear = findTestData(dataFile).getValue("FilingYear", row): null

2021-11-19 11:24:12 - [TEST_STEP][PASSED] - PeriodEnding = findTestData(dataFile).getValue("PeriodEnding", row): null

2021-11-19 11:24:12 - [TEST_STEP][PASSED] - FName = findTestData(dataFile).getValue("Fname", row): null

2021-11-19 11:24:12 - [TEST_STEP][PASSED] - LName = findTestData(dataFile).getValue("Lname", row): null

2021-11-19 11:24:12 - [TEST_STEP][PASSED] - SSN = findTestData(dataFile).getValue("SSN", row): null

2021-11-19 11:24:12 - [TEST_STEP][PASSED] - BusName = findTestData(dataFile).getValue("BusName", row): null

2021-11-19 11:24:12 - [TEST_STEP][PASSED] - AL1 = findTestData(dataFile).getValue("AL1", row): null

2021-11-19 11:24:12 - [TEST_STEP][PASSED] - City = findTestData(dataFile).getValue("City", row): null

2021-11-19 11:24:12 - [TEST_STEP][PASSED] - ZIP = findTestData(dataFile).getValue("ZIP", row): null

2021-11-19 11:24:12 - [TEST_STEP][PASSED] - FilingType = findTestData(dataFile).getValue("FilingType", row): null

2021-11-19 11:24:12 - [TEST_STEP][PASSED] - Withholding = findTestData(dataFile).getValue("Withholding", row): null

2021-11-19 11:24:12 - [TEST_STEP][PASSED] - Amount = findTestData(dataFile).getValue("Amount", row): null

2021-11-19 11:24:12 - [TEST_STEP][PASSED] - CCNumber = findTestData(dataFile).getValue("CCNumber", row): null

2021-11-19 11:24:12 - [TEST_STEP][PASSED] - CVV = findTestData(dataFile).getValue("CVV", row): null

2021-11-19 11:24:13 - [TEST_STEP][PASSED] - out.println("Value of Execute is : " + ExecuteTC): null

2021-11-19 11:24:13 - [TEST_STEP][PASSED] - if (ExecuteTC.equalsIgnoreCase("Y")): null

2021-11-19 11:24:13 - [TEST_STEP][PASSED] - out.println("Begin Record Number: " + row): null

2021-11-19 11:24:13 - [TEST_STEP][PASSED] - today = new java.util.Date(): null

2021-11-19 11:24:13 - [TEST_STEP][PASSED] - println(today): null

2021-11-19 11:24:13 - [TEST_STEP][PASSED] - datText = today: null

2021-11-19 11:24:13 - [TEST_STEP][PASSED] - Taxtype = findTestData(dataFile).getValue("TaxType", row): null

2021-11-19 11:24:13 - [TEST_STEP][PASSED] - out.println("Taxtype value is : " + Taxtype): null

2021-11-19 11:24:13 - [TEST_STEP][PASSED] - openBrowser(""): Browser is opened with url: ''

2021-11-19 11:24:13 - [MESSAGE][WARNING] - A browser is already opened. Closing browser and opening a new one

2021-11-19 11:24:13 - [MESSAGE][INFO] - Starting 'Chrome' driver

2021-11-19 11:24:13 - [MESSAGE][INFO] - User set preference: ['acceptInsecureCerts', 'true']

2021-11-19 11:24:13 - [MESSAGE][INFO] - Action delay is set to 0 milliseconds

2021-11-19 11:24:15 - [MESSAGE][PASSED] - Browser is opened with url: ''

2021-11-19 11:24:15 - [TEST_STEP][PASSED] - maximizeWindow(): Current window maximized

2021-11-19 11:24:15 - [MESSAGE][PASSED] - Current window maximized

2021-11-19 11:24:15 - [TEST_STEP][PASSED] - navigateToUrl(RADurl): Navigate to 'https://qa.velocitypayment.com/client/rad/index.html' successfully

2021-11-19 11:24:17 - [MESSAGE][PASSED] - Navigate to 'https://qa.velocitypayment.com/client/rad/index.html' successfully

2021-11-19 11:24:17 - [TEST_STEP][PASSED] - orPath_Landing = "Object Repository/RAD_Pages/Landing_Page": null

2021-11-19 11:24:17 - [TEST_STEP][PASSED] - orPath_TaxTypeFilingYear = "Object Repository/RAD_Pages/TaxTypeFilingYear_Page": null

2021-11-19 11:24:17 - [TEST_STEP][PASSED] - orPath_TaxPayer = "Object Repository/RAD_Pages/Taxpayer_Page": null

2021-11-19 11:24:17 - [TEST_STEP][PASSED] - orPath_AddressContact = "Object Repository/RAD_Pages/AddressAndContactInfo_Page": null

2021-11-19 11:24:17 - [TEST_STEP][PASSED] - orPath_FilingStatus = "Object Repository/RAD_Pages/FilingStatus_Page": null

2021-11-19 11:24:17 - [TEST_STEP][PASSED] - orPath_Amount = "Object Repository/RAD_Pages/PaymentAmount_Page": null

2021-11-19 11:24:17 - [TEST_STEP][PASSED] - orPath_TaxInfo = "Object Repository/RAD_Pages/TaxInfo_Page": null

2021-11-19 11:24:17 - [TEST_STEP][PASSED] - orPath_Withholding = "Object Repository/RAD_Pages/Withholding_Page": null

2021-11-19 11:24:17 - [TEST_STEP][PASSED] - orPath_Summary = "Object Repository/RAD_Pages/Summary_Page": null

2021-11-19 11:24:17 - [TEST_STEP][PASSED] - orPath_PaymentReady = "Object Repository/RAD_Pages/PaymentReady_Page": null

2021-11-19 11:24:17 - [TEST_STEP][PASSED] - orPath_PaymentEntry = "Object Repository/RAD_Pages/PaymentEntry_Page": null

2021-11-19 11:24:17 - [TEST_STEP][PASSED] - orPath_PaymentConfirmation = "Object Repository/RAD_Pages/PaymentConfirmation_Page": null

2021-11-19 11:24:17 - [TEST_STEP][PASSED] - orPath_ServiceFeesAccept = "Object Repository/RAD_Pages/ServiceFeeAccept_Page": null

2021-11-19 11:24:17 - [TEST_STEP][PASSED] - selectOptionByLabel(findTestObject(orPath_Landing + "/dd_TaxType"), Taxtype, false): All options with label 'Personal Income Tax' are selected in object 'Object Repository/RAD_Pages/Landing_Page/dd_TaxType' 

2021-11-19 11:24:18 - [MESSAGE][PASSED] - All options with label 'Personal Income Tax' are selected in object 'Object Repository/RAD_Pages/Landing_Page/dd_TaxType' 

2021-11-19 11:24:18 - [TEST_STEP][PASSED] - delay(3): Delayed 3 second(s)

2021-11-19 11:24:21 - [MESSAGE][PASSED] - Delayed 3 second(s)

2021-11-19 11:24:21 - [TEST_STEP][PASSED] - switch (Taxtype): null

2021-11-19 11:24:21 - [TEST_STEP][PASSED] - case "Personal Income Tax":: null

2021-11-19 11:24:21 - [TEST_STEP][PASSED] - selectOptionByLabel(findTestObject(orPath_TaxTypeFilingYear + "/select_FilingYear"), FilingYear, false): All options with label '2019' are selected in object 'Object Repository/RAD_Pages/TaxTypeFilingYear_Page/select_FilingYear' 

2021-11-19 11:24:21 - [MESSAGE][PASSED] - All options with label '2019' are selected in object 'Object Repository/RAD_Pages/TaxTypeFilingYear_Page/select_FilingYear' 

2021-11-19 11:24:21 - [TEST_STEP][PASSED] - setText(findTestObject(orPath_TaxPayer + "/input_lastName"), LName): Text 'Bell' is set on object 'Object Repository/RAD_Pages/Taxpayer_Page/input_lastName'

2021-11-19 11:24:22 - [MESSAGE][PASSED] - Text 'Bell' is set on object 'Object Repository/RAD_Pages/Taxpayer_Page/input_lastName'

2021-11-19 11:24:22 - [TEST_STEP][PASSED] - setText(findTestObject("RAD_RecordAndPlay/input_concatSSN"), SSN): Text '123459630' is set on object 'Object Repository/RAD_RecordAndPlay/input_concatSSN'

2021-11-19 11:24:23 - [MESSAGE][PASSED] - Text '123459630' is set on object 'Object Repository/RAD_RecordAndPlay/input_concatSSN'

2021-11-19 11:24:23 - [TEST_STEP][PASSED] - setText(findTestObject("RAD_RecordAndPlay/input_concatReSSN"), SSN): Text '123459630' is set on object 'Object Repository/RAD_RecordAndPlay/input_concatReSSN'

2021-11-19 11:24:23 - [MESSAGE][PASSED] - Text '123459630' is set on object 'Object Repository/RAD_RecordAndPlay/input_concatReSSN'

2021-11-19 11:24:23 - [TEST_STEP][PASSED] - if (FilingType.equalsIgnoreCase("Y")): Object 'Object Repository/RAD_Pages/FilingStatus_Page/input_userType_Individual' is checked

2021-11-19 11:24:23 - [TEST_STEP][PASSED] - check(findTestObject(orPath_FilingStatus + "/input_userType_Individual")): Object 'Object Repository/RAD_Pages/FilingStatus_Page/input_userType_Individual' is checked

2021-11-19 11:24:23 - [MESSAGE][PASSED] - Object 'Object Repository/RAD_Pages/FilingStatus_Page/input_userType_Individual' is checked

2021-11-19 11:24:23 - [TEST_STEP][PASSED] - break: null

2021-11-19 11:24:23 - [TEST_STEP][PASSED] - setText(findTestObject(orPath_TaxPayer + "/input_firstName"), FName): Text 'Larsons' is set on object 'Object Repository/RAD_Pages/Taxpayer_Page/input_firstName'

2021-11-19 11:24:24 - [MESSAGE][PASSED] - Text 'Larsons' is set on object 'Object Repository/RAD_Pages/Taxpayer_Page/input_firstName'

2021-11-19 11:24:24 - [TEST_STEP][PASSED] - setText(findTestObject(orPath_TaxPayer + "/input_lastName"), LName): Text 'Bell' is set on object 'Object Repository/RAD_Pages/Taxpayer_Page/input_lastName'

2021-11-19 11:24:25 - [MESSAGE][PASSED] - Text 'Bell' is set on object 'Object Repository/RAD_Pages/Taxpayer_Page/input_lastName'

2021-11-19 11:24:25 - [TEST_STEP][PASSED] - selectOptionByLabel(findTestObject(orPath_AddressContact + "/select_Country"), "United States", false): All options with label 'United States' are selected in object 'Object Repository/RAD_Pages/AddressAndContactInfo_Page/select_Country' 

2021-11-19 11:24:26 - [MESSAGE][PASSED] - All options with label 'United States' are selected in object 'Object Repository/RAD_Pages/AddressAndContactInfo_Page/select_Country' 

2021-11-19 11:24:26 - [TEST_STEP][PASSED] - setText(findTestObject(orPath_AddressContact + "/input_streetAddress1"), AL1): Text '114 Clark Ave' is set on object 'Object Repository/RAD_Pages/AddressAndContactInfo_Page/input_streetAddress1'

2021-11-19 11:24:27 - [MESSAGE][PASSED] - Text '114 Clark Ave' is set on object 'Object Repository/RAD_Pages/AddressAndContactInfo_Page/input_streetAddress1'

2021-11-19 11:24:27 - [TEST_STEP][PASSED] - setText(findTestObject(orPath_AddressContact + "/input_streetAddress2"), ""): Text '' is set on object 'Object Repository/RAD_Pages/AddressAndContactInfo_Page/input_streetAddress2'

2021-11-19 11:24:27 - [MESSAGE][PASSED] - Text '' is set on object 'Object Repository/RAD_Pages/AddressAndContactInfo_Page/input_streetAddress2'

2021-11-19 11:24:27 - [TEST_STEP][PASSED] - setText(findTestObject(orPath_AddressContact + "/input_city"), City): Text 'Severn' is set on object 'Object Repository/RAD_Pages/AddressAndContactInfo_Page/input_city'

2021-11-19 11:24:28 - [MESSAGE][PASSED] - Text 'Severn' is set on object 'Object Repository/RAD_Pages/AddressAndContactInfo_Page/input_city'

2021-11-19 11:24:28 - [TEST_STEP][PASSED] - selectOptionByLabel(findTestObject(orPath_AddressContact + "/select_State"), "Maryland", false): All options with label 'Maryland' are selected in object 'Object Repository/RAD_Pages/AddressAndContactInfo_Page/select_State' 

2021-11-19 11:24:29 - [MESSAGE][PASSED] - All options with label 'Maryland' are selected in object 'Object Repository/RAD_Pages/AddressAndContactInfo_Page/select_State' 

2021-11-19 11:24:29 - [TEST_STEP][PASSED] - setText(findTestObject(orPath_AddressContact + "/input_zipCode"), ZIP): Text '21144' is set on object 'Object Repository/RAD_Pages/AddressAndContactInfo_Page/input_zipCode'

2021-11-19 11:24:29 - [MESSAGE][PASSED] - Text '21144' is set on object 'Object Repository/RAD_Pages/AddressAndContactInfo_Page/input_zipCode'

2021-11-19 11:24:29 - [TEST_STEP][PASSED] - setText(findTestObject(orPath_AddressContact + "/input_phoneNumber"), "(703) 894-5000"): Text '(703) 894-5000' is set on object 'Object Repository/RAD_Pages/AddressAndContactInfo_Page/input_phoneNumber'

2021-11-19 11:24:30 - [MESSAGE][PASSED] - Text '(703) 894-5000' is set on object 'Object Repository/RAD_Pages/AddressAndContactInfo_Page/input_phoneNumber'

2021-11-19 11:24:30 - [TEST_STEP][PASSED] - setText(findTestObject(orPath_AddressContact + "/input_eMailAddress"), "iahmed@govolution.com"): Text 'iahmed@govolution.com' is set on object 'Object Repository/RAD_Pages/AddressAndContactInfo_Page/input_eMailAddress'

2021-11-19 11:24:31 - [MESSAGE][PASSED] - Text 'iahmed@govolution.com' is set on object 'Object Repository/RAD_Pages/AddressAndContactInfo_Page/input_eMailAddress'

2021-11-19 11:24:31 - [TEST_STEP][PASSED] - setText(findTestObject(orPath_AddressContact + "/input_reEnterEMailAddress"), "iahmed@govolution.com"): Text 'iahmed@govolution.com' is set on object 'Object Repository/RAD_Pages/AddressAndContactInfo_Page/input_reEnterEMailAddress'

2021-11-19 11:24:32 - [MESSAGE][PASSED] - Text 'iahmed@govolution.com' is set on object 'Object Repository/RAD_Pages/AddressAndContactInfo_Page/input_reEnterEMailAddress'

2021-11-19 11:24:32 - [TEST_STEP][PASSED] - setText(findTestObject(orPath_Amount + "/input__paymentAmount"), Amount): Text '100.00' is set on object 'Object Repository/RAD_Pages/PaymentAmount_Page/input__paymentAmount'

2021-11-19 11:24:33 - [MESSAGE][PASSED] - Text '100.00' is set on object 'Object Repository/RAD_Pages/PaymentAmount_Page/input__paymentAmount'

2021-11-19 11:24:33 - [TEST_STEP][PASSED] - scrollToElement(findTestObject(orPath_Landing + "/button_Continue"), 3): Scroll to object 'Object Repository/RAD_Pages/Landing_Page/button_Continue' successfully

2021-11-19 11:24:33 - [MESSAGE][PASSED] - Scroll to object 'Object Repository/RAD_Pages/Landing_Page/button_Continue' successfully

2021-11-19 11:24:33 - [TEST_STEP][PASSED] - waitForElementClickable(findTestObject(orPath_Landing + "/button_Continue"), 5): Object 'Object Repository/RAD_Pages/Landing_Page/button_Continue' is clickable

2021-11-19 11:24:33 - [MESSAGE][PASSED] - Object 'Object Repository/RAD_Pages/Landing_Page/button_Continue' is clickable

2021-11-19 11:24:33 - [TEST_STEP][PASSED] - click(findTestObject(orPath_Landing + "/button_Continue")): Object: 'Object Repository/RAD_Pages/Landing_Page/button_Continue' is clicked on

2021-11-19 11:24:34 - [MESSAGE][PASSED] - Object: 'Object Repository/RAD_Pages/Landing_Page/button_Continue' is clicked on

2021-11-19 11:24:34 - [TEST_STEP][PASSED] - verifyTextPresent("Review the information below and make any necessary corrections by clicking the", true): Text 'Review the information below and make any necessary corrections by clicking the' is present on page  using regular expression

2021-11-19 11:24:34 - [MESSAGE][PASSED] - Text 'Review the information below and make any necessary corrections by clicking the' is present on page  using regular expression

2021-11-19 11:24:34 - [TEST_STEP][PASSED] - verifyTextPresent("When you are confident that all the information is correct", true): Text 'When you are confident that all the information is correct' is present on page  using regular expression

2021-11-19 11:24:35 - [MESSAGE][PASSED] - Text 'When you are confident that all the information is correct' is present on page  using regular expression

2021-11-19 11:24:35 - [TEST_STEP][PASSED] - delay(1): Delayed 1 second(s)

2021-11-19 11:24:36 - [MESSAGE][PASSED] - Delayed 1 second(s)

2021-11-19 11:24:36 - [TEST_STEP][PASSED] - click(findTestObject(orPath_Summary + "/button_Proceed to Payment")): Object: 'Object Repository/RAD_Pages/Summary_Page/button_Proceed to Payment' is clicked on

2021-11-19 11:24:38 - [MESSAGE][PASSED] - Object: 'Object Repository/RAD_Pages/Summary_Page/button_Proceed to Payment' is clicked on

2021-11-19 11:24:38 - [TEST_STEP][PASSED] - setText(findTestObject(orPath_PaymentEntry + "/input__cardNumber"), CCNumber): Text '5146312200000035' is set on object 'Object Repository/RAD_Pages/PaymentEntry_Page/input__cardNumber'

2021-11-19 11:24:39 - [MESSAGE][PASSED] - Text '5146312200000035' is set on object 'Object Repository/RAD_Pages/PaymentEntry_Page/input__cardNumber'

2021-11-19 11:24:39 - [TEST_STEP][PASSED] - setText(findTestObject(orPath_PaymentEntry + "/input__spc"), CVV): Text '123' is set on object 'Object Repository/RAD_Pages/PaymentEntry_Page/input__spc'

2021-11-19 11:24:39 - [MESSAGE][PASSED] - Text '123' is set on object 'Object Repository/RAD_Pages/PaymentEntry_Page/input__spc'

2021-11-19 11:24:39 - [TEST_STEP][PASSED] - selectOptionByLabel(findTestObject(orPath_PaymentEntry + "/select_MM"), "12", false): All options with label '12' are selected in object 'Object Repository/RAD_Pages/PaymentEntry_Page/select_MM' 

2021-11-19 11:24:40 - [MESSAGE][PASSED] - All options with label '12' are selected in object 'Object Repository/RAD_Pages/PaymentEntry_Page/select_MM' 

2021-11-19 11:24:40 - [TEST_STEP][PASSED] - selectOptionByLabel(findTestObject(orPath_PaymentEntry + "/select_YYYY"), "2023", false): All options with label '2023' are selected in object 'Object Repository/RAD_Pages/PaymentEntry_Page/select_YYYY' 

2021-11-19 11:24:41 - [MESSAGE][PASSED] - All options with label '2023' are selected in object 'Object Repository/RAD_Pages/PaymentEntry_Page/select_YYYY' 

2021-11-19 11:24:41 - [TEST_STEP][PASSED] - click(findTestObject(orPath_PaymentEntry + "/input_Field_ccSubmit")): Object: 'Object Repository/RAD_Pages/PaymentEntry_Page/input_Field_ccSubmit' is clicked on

2021-11-19 11:24:42 - [MESSAGE][PASSED] - Object: 'Object Repository/RAD_Pages/PaymentEntry_Page/input_Field_ccSubmit' is clicked on

2021-11-19 11:24:42 - [TEST_STEP][PASSED] - click(findTestObject(orPath_PaymentConfirmation + "/input_N_confirmNotifyAction")): Object: 'Object Repository/RAD_Pages/PaymentConfirmation_Page/input_N_confirmNotifyAction' is clicked on

2021-11-19 11:24:43 - [MESSAGE][PASSED] - Object: 'Object Repository/RAD_Pages/PaymentConfirmation_Page/input_N_confirmNotifyAction' is clicked on

2021-11-19 11:24:43 - [TEST_STEP][PASSED] - click(findTestObject(orPath_ServiceFeesAccept + "/input_convFeeNotifyAction")): Object: 'Object Repository/RAD_Pages/ServiceFeeAccept_Page/input_convFeeNotifyAction' is clicked on

2021-11-19 11:24:45 - [MESSAGE][PASSED] - Object: 'Object Repository/RAD_Pages/ServiceFeeAccept_Page/input_convFeeNotifyAction' is clicked on

2021-11-19 11:24:45 - [TEST_STEP][PASSED] - delay(10): Delayed 10 second(s)

2021-11-19 11:24:55 - [MESSAGE][PASSED] - Delayed 10 second(s)

2021-11-19 11:24:55 - [TEST_STEP][PASSED] - verifyTextPresent("Successful Payment Receipt", true): Text 'Successful Payment Receipt' is present on page  using regular expression

2021-11-19 11:24:56 - [MESSAGE][PASSED] - Text 'Successful Payment Receipt' is present on page  using regular expression

2021-11-19 11:24:56 - [TEST_STEP][PASSED] - if (verifyTextPresent("Successful Payment Receipt", true)): null

2021-11-19 11:24:56 - [MESSAGE][PASSED] - Text 'Successful Payment Receipt' is present on page  using regular expression

2021-11-19 11:24:56 - [TEST_STEP][PASSED] - println("Transaction was Successful"): null

2021-11-19 11:24:56 - [TEST_STEP][PASSED] - out.println("Pass Record Number: " + row): null

2021-11-19 11:24:56 - [TEST_STEP][PASSED] - resText = "Pass": null

2021-11-19 11:24:56 - [TEST_STEP][PASSED] - pages.WriteExcel.demoKey(resText, datText, resColumn, datCloumn, fileLoc, nameSheet, row): pages.WriteExcel.demoKey is PASSED

2021-11-19 11:24:56 - [MESSAGE][PASSED] - pages.WriteExcel.demoKey is PASSED

2021-11-19 11:24:56 - [TEST_STEP][PASSED] - ExecuteTC = findTestData(dataFile).getValue("Execute", row): null

2021-11-19 11:24:56 - [TEST_STEP][PASSED] - PaymentType = findTestData(dataFile).getValue("PaymentType", row): null

2021-11-19 11:24:56 - [TEST_STEP][PASSED] - FilingYear = findTestData(dataFile).getValue("FilingYear", row): null

2021-11-19 11:24:56 - [TEST_STEP][PASSED] - PeriodEnding = findTestData(dataFile).getValue("PeriodEnding", row): null

2021-11-19 11:24:56 - [TEST_STEP][PASSED] - FName = findTestData(dataFile).getValue("Fname", row): null

2021-11-19 11:24:56 - [TEST_STEP][PASSED] - LName = findTestData(dataFile).getValue("Lname", row): null

2021-11-19 11:24:56 - [TEST_STEP][PASSED] - SSN = findTestData(dataFile).getValue("SSN", row): null

2021-11-19 11:24:56 - [TEST_STEP][PASSED] - BusName = findTestData(dataFile).getValue("BusName", row): null

2021-11-19 11:24:56 - [TEST_STEP][PASSED] - AL1 = findTestData(dataFile).getValue("AL1", row): null

2021-11-19 11:24:56 - [TEST_STEP][PASSED] - City = findTestData(dataFile).getValue("City", row): null

2021-11-19 11:24:56 - [TEST_STEP][PASSED] - ZIP = findTestData(dataFile).getValue("ZIP", row): null

2021-11-19 11:24:56 - [TEST_STEP][PASSED] - FilingType = findTestData(dataFile).getValue("FilingType", row): null

2021-11-19 11:24:56 - [TEST_STEP][PASSED] - Withholding = findTestData(dataFile).getValue("Withholding", row): null

2021-11-19 11:24:56 - [TEST_STEP][PASSED] - Amount = findTestData(dataFile).getValue("Amount", row): null

2021-11-19 11:24:56 - [TEST_STEP][PASSED] - CCNumber = findTestData(dataFile).getValue("CCNumber", row): null

2021-11-19 11:24:56 - [TEST_STEP][PASSED] - CVV = findTestData(dataFile).getValue("CVV", row): null

2021-11-19 11:24:56 - [TEST_STEP][PASSED] - out.println("Value of Execute is : " + ExecuteTC): null

2021-11-19 11:24:56 - [TEST_STEP][PASSED] - if (ExecuteTC.equalsIgnoreCase("Y")): null

2021-11-19 11:24:56 - [TEST_STEP][PASSED] - out.println("Begin Record Number: " + row): null

2021-11-19 11:24:56 - [TEST_STEP][PASSED] - today = new java.util.Date(): null

2021-11-19 11:24:56 - [TEST_STEP][PASSED] - println(today): null

2021-11-19 11:24:56 - [TEST_STEP][PASSED] - datText = today: null

2021-11-19 11:24:56 - [TEST_STEP][PASSED] - Taxtype = findTestData(dataFile).getValue("TaxType", row): null

2021-11-19 11:24:56 - [TEST_STEP][PASSED] - out.println("Taxtype value is : " + Taxtype): null

2021-11-19 11:24:56 - [TEST_STEP][PASSED] - openBrowser(""): Browser is opened with url: ''

2021-11-19 11:24:56 - [MESSAGE][WARNING] - A browser is already opened. Closing browser and opening a new one

2021-11-19 11:24:57 - [MESSAGE][INFO] - Starting 'Chrome' driver

2021-11-19 11:24:57 - [MESSAGE][INFO] - User set preference: ['acceptInsecureCerts', 'true']

2021-11-19 11:24:57 - [MESSAGE][INFO] - Action delay is set to 0 milliseconds

2021-11-19 11:24:59 - [MESSAGE][PASSED] - Browser is opened with url: ''

2021-11-19 11:24:59 - [TEST_STEP][PASSED] - maximizeWindow(): Current window maximized

2021-11-19 11:24:59 - [MESSAGE][PASSED] - Current window maximized

2021-11-19 11:24:59 - [TEST_STEP][PASSED] - navigateToUrl(RADurl): Navigate to 'https://qa.velocitypayment.com/client/rad/index.html' successfully

2021-11-19 11:25:01 - [MESSAGE][PASSED] - Navigate to 'https://qa.velocitypayment.com/client/rad/index.html' successfully

2021-11-19 11:25:01 - [TEST_STEP][PASSED] - orPath_Landing = "Object Repository/RAD_Pages/Landing_Page": null

2021-11-19 11:25:01 - [TEST_STEP][PASSED] - orPath_TaxTypeFilingYear = "Object Repository/RAD_Pages/TaxTypeFilingYear_Page": null

2021-11-19 11:25:01 - [TEST_STEP][PASSED] - orPath_TaxPayer = "Object Repository/RAD_Pages/Taxpayer_Page": null

2021-11-19 11:25:01 - [TEST_STEP][PASSED] - orPath_AddressContact = "Object Repository/RAD_Pages/AddressAndContactInfo_Page": null

2021-11-19 11:25:01 - [TEST_STEP][PASSED] - orPath_FilingStatus = "Object Repository/RAD_Pages/FilingStatus_Page": null

2021-11-19 11:25:01 - [TEST_STEP][PASSED] - orPath_Amount = "Object Repository/RAD_Pages/PaymentAmount_Page": null

2021-11-19 11:25:01 - [TEST_STEP][PASSED] - orPath_TaxInfo = "Object Repository/RAD_Pages/TaxInfo_Page": null

2021-11-19 11:25:01 - [TEST_STEP][PASSED] - orPath_Withholding = "Object Repository/RAD_Pages/Withholding_Page": null

2021-11-19 11:25:01 - [TEST_STEP][PASSED] - orPath_Summary = "Object Repository/RAD_Pages/Summary_Page": null

2021-11-19 11:25:01 - [TEST_STEP][PASSED] - orPath_PaymentReady = "Object Repository/RAD_Pages/PaymentReady_Page": null

2021-11-19 11:25:01 - [TEST_STEP][PASSED] - orPath_PaymentEntry = "Object Repository/RAD_Pages/PaymentEntry_Page": null

2021-11-19 11:25:01 - [TEST_STEP][PASSED] - orPath_PaymentConfirmation = "Object Repository/RAD_Pages/PaymentConfirmation_Page": null

2021-11-19 11:25:01 - [TEST_STEP][PASSED] - orPath_ServiceFeesAccept = "Object Repository/RAD_Pages/ServiceFeeAccept_Page": null

2021-11-19 11:25:01 - [TEST_STEP][PASSED] - selectOptionByLabel(findTestObject(orPath_Landing + "/dd_TaxType"), Taxtype, false): All options with label 'Personal Income Tax' are selected in object 'Object Repository/RAD_Pages/Landing_Page/dd_TaxType' 

2021-11-19 11:25:02 - [MESSAGE][PASSED] - All options with label 'Personal Income Tax' are selected in object 'Object Repository/RAD_Pages/Landing_Page/dd_TaxType' 

2021-11-19 11:25:02 - [TEST_STEP][PASSED] - delay(3): Delayed 3 second(s)

2021-11-19 11:25:05 - [MESSAGE][PASSED] - Delayed 3 second(s)

2021-11-19 11:25:05 - [TEST_STEP][PASSED] - switch (Taxtype): null

2021-11-19 11:25:05 - [TEST_STEP][PASSED] - case "Personal Income Tax":: null

2021-11-19 11:25:05 - [TEST_STEP][PASSED] - selectOptionByLabel(findTestObject(orPath_TaxTypeFilingYear + "/select_FilingYear"), FilingYear, false): All options with label '2018' are selected in object 'Object Repository/RAD_Pages/TaxTypeFilingYear_Page/select_FilingYear' 

2021-11-19 11:25:05 - [MESSAGE][PASSED] - All options with label '2018' are selected in object 'Object Repository/RAD_Pages/TaxTypeFilingYear_Page/select_FilingYear' 

2021-11-19 11:25:05 - [TEST_STEP][PASSED] - setText(findTestObject(orPath_TaxPayer + "/input_lastName"), LName): Text 'Vaughn' is set on object 'Object Repository/RAD_Pages/Taxpayer_Page/input_lastName'

2021-11-19 11:25:06 - [MESSAGE][PASSED] - Text 'Vaughn' is set on object 'Object Repository/RAD_Pages/Taxpayer_Page/input_lastName'

2021-11-19 11:25:06 - [TEST_STEP][PASSED] - setText(findTestObject("RAD_RecordAndPlay/input_concatSSN"), SSN): Text '123452514' is set on object 'Object Repository/RAD_RecordAndPlay/input_concatSSN'

2021-11-19 11:25:07 - [MESSAGE][PASSED] - Text '123452514' is set on object 'Object Repository/RAD_RecordAndPlay/input_concatSSN'

2021-11-19 11:25:07 - [TEST_STEP][PASSED] - setText(findTestObject("RAD_RecordAndPlay/input_concatReSSN"), SSN): Text '123452514' is set on object 'Object Repository/RAD_RecordAndPlay/input_concatReSSN'

2021-11-19 11:25:07 - [MESSAGE][PASSED] - Text '123452514' is set on object 'Object Repository/RAD_RecordAndPlay/input_concatReSSN'

2021-11-19 11:25:07 - [TEST_STEP][PASSED] - if (FilingType.equalsIgnoreCase("Y")): Object 'Object Repository/RAD_Pages/FilingStatus_Page/input_userType_Individual' is checked

2021-11-19 11:25:07 - [TEST_STEP][PASSED] - check(findTestObject(orPath_FilingStatus + "/input_userType_Individual")): Object 'Object Repository/RAD_Pages/FilingStatus_Page/input_userType_Individual' is checked

2021-11-19 11:25:07 - [MESSAGE][PASSED] - Object 'Object Repository/RAD_Pages/FilingStatus_Page/input_userType_Individual' is checked

2021-11-19 11:25:07 - [TEST_STEP][PASSED] - break: null

2021-11-19 11:25:07 - [TEST_STEP][PASSED] - setText(findTestObject(orPath_TaxPayer + "/input_firstName"), FName): Text 'Michael' is set on object 'Object Repository/RAD_Pages/Taxpayer_Page/input_firstName'

2021-11-19 11:25:08 - [MESSAGE][PASSED] - Text 'Michael' is set on object 'Object Repository/RAD_Pages/Taxpayer_Page/input_firstName'

2021-11-19 11:25:08 - [TEST_STEP][PASSED] - setText(findTestObject(orPath_TaxPayer + "/input_lastName"), LName): Text 'Vaughn' is set on object 'Object Repository/RAD_Pages/Taxpayer_Page/input_lastName'

2021-11-19 11:25:09 - [MESSAGE][PASSED] - Text 'Vaughn' is set on object 'Object Repository/RAD_Pages/Taxpayer_Page/input_lastName'

2021-11-19 11:25:09 - [TEST_STEP][PASSED] - selectOptionByLabel(findTestObject(orPath_AddressContact + "/select_Country"), "United States", false): All options with label 'United States' are selected in object 'Object Repository/RAD_Pages/AddressAndContactInfo_Page/select_Country' 

2021-11-19 11:25:10 - [MESSAGE][PASSED] - All options with label 'United States' are selected in object 'Object Repository/RAD_Pages/AddressAndContactInfo_Page/select_Country' 

2021-11-19 11:25:10 - [TEST_STEP][PASSED] - setText(findTestObject(orPath_AddressContact + "/input_streetAddress1"), AL1): Text '2000 14th street' is set on object 'Object Repository/RAD_Pages/AddressAndContactInfo_Page/input_streetAddress1'

2021-11-19 11:25:11 - [MESSAGE][PASSED] - Text '2000 14th street' is set on object 'Object Repository/RAD_Pages/AddressAndContactInfo_Page/input_streetAddress1'

2021-11-19 11:25:11 - [TEST_STEP][PASSED] - setText(findTestObject(orPath_AddressContact + "/input_streetAddress2"), ""): Text '' is set on object 'Object Repository/RAD_Pages/AddressAndContactInfo_Page/input_streetAddress2'

2021-11-19 11:25:11 - [MESSAGE][PASSED] - Text '' is set on object 'Object Repository/RAD_Pages/AddressAndContactInfo_Page/input_streetAddress2'

2021-11-19 11:25:11 - [TEST_STEP][PASSED] - setText(findTestObject(orPath_AddressContact + "/input_city"), City): Text 'Columbia' is set on object 'Object Repository/RAD_Pages/AddressAndContactInfo_Page/input_city'

2021-11-19 11:25:12 - [MESSAGE][PASSED] - Text 'Columbia' is set on object 'Object Repository/RAD_Pages/AddressAndContactInfo_Page/input_city'

2021-11-19 11:25:12 - [TEST_STEP][PASSED] - selectOptionByLabel(findTestObject(orPath_AddressContact + "/select_State"), "Maryland", false): All options with label 'Maryland' are selected in object 'Object Repository/RAD_Pages/AddressAndContactInfo_Page/select_State' 

2021-11-19 11:25:13 - [MESSAGE][PASSED] - All options with label 'Maryland' are selected in object 'Object Repository/RAD_Pages/AddressAndContactInfo_Page/select_State' 

2021-11-19 11:25:13 - [TEST_STEP][PASSED] - setText(findTestObject(orPath_AddressContact + "/input_zipCode"), ZIP): Text '21093' is set on object 'Object Repository/RAD_Pages/AddressAndContactInfo_Page/input_zipCode'

2021-11-19 11:25:13 - [MESSAGE][PASSED] - Text '21093' is set on object 'Object Repository/RAD_Pages/AddressAndContactInfo_Page/input_zipCode'

2021-11-19 11:25:13 - [TEST_STEP][PASSED] - setText(findTestObject(orPath_AddressContact + "/input_phoneNumber"), "(703) 894-5000"): Text '(703) 894-5000' is set on object 'Object Repository/RAD_Pages/AddressAndContactInfo_Page/input_phoneNumber'

2021-11-19 11:25:14 - [MESSAGE][PASSED] - Text '(703) 894-5000' is set on object 'Object Repository/RAD_Pages/AddressAndContactInfo_Page/input_phoneNumber'

2021-11-19 11:25:14 - [TEST_STEP][PASSED] - setText(findTestObject(orPath_AddressContact + "/input_eMailAddress"), "iahmed@govolution.com"): Text 'iahmed@govolution.com' is set on object 'Object Repository/RAD_Pages/AddressAndContactInfo_Page/input_eMailAddress'

2021-11-19 11:25:15 - [MESSAGE][PASSED] - Text 'iahmed@govolution.com' is set on object 'Object Repository/RAD_Pages/AddressAndContactInfo_Page/input_eMailAddress'

2021-11-19 11:25:15 - [TEST_STEP][PASSED] - setText(findTestObject(orPath_AddressContact + "/input_reEnterEMailAddress"), "iahmed@govolution.com"): Text 'iahmed@govolution.com' is set on object 'Object Repository/RAD_Pages/AddressAndContactInfo_Page/input_reEnterEMailAddress'

2021-11-19 11:25:16 - [MESSAGE][PASSED] - Text 'iahmed@govolution.com' is set on object 'Object Repository/RAD_Pages/AddressAndContactInfo_Page/input_reEnterEMailAddress'

2021-11-19 11:25:16 - [TEST_STEP][PASSED] - setText(findTestObject(orPath_Amount + "/input__paymentAmount"), Amount): Text '100.00' is set on object 'Object Repository/RAD_Pages/PaymentAmount_Page/input__paymentAmount'

2021-11-19 11:25:16 - [MESSAGE][PASSED] - Text '100.00' is set on object 'Object Repository/RAD_Pages/PaymentAmount_Page/input__paymentAmount'

2021-11-19 11:25:16 - [TEST_STEP][PASSED] - scrollToElement(findTestObject(orPath_Landing + "/button_Continue"), 3): Scroll to object 'Object Repository/RAD_Pages/Landing_Page/button_Continue' successfully

2021-11-19 11:25:17 - [MESSAGE][PASSED] - Scroll to object 'Object Repository/RAD_Pages/Landing_Page/button_Continue' successfully

2021-11-19 11:25:17 - [TEST_STEP][PASSED] - waitForElementClickable(findTestObject(orPath_Landing + "/button_Continue"), 5): Object 'Object Repository/RAD_Pages/Landing_Page/button_Continue' is clickable

2021-11-19 11:25:17 - [MESSAGE][PASSED] - Object 'Object Repository/RAD_Pages/Landing_Page/button_Continue' is clickable

2021-11-19 11:25:17 - [TEST_STEP][PASSED] - click(findTestObject(orPath_Landing + "/button_Continue")): Object: 'Object Repository/RAD_Pages/Landing_Page/button_Continue' is clicked on

2021-11-19 11:25:18 - [MESSAGE][PASSED] - Object: 'Object Repository/RAD_Pages/Landing_Page/button_Continue' is clicked on

2021-11-19 11:25:18 - [TEST_STEP][PASSED] - verifyTextPresent("Review the information below and make any necessary corrections by clicking the", true): Text 'Review the information below and make any necessary corrections by clicking the' is present on page  using regular expression

2021-11-19 11:25:18 - [MESSAGE][PASSED] - Text 'Review the information below and make any necessary corrections by clicking the' is present on page  using regular expression

2021-11-19 11:25:18 - [TEST_STEP][PASSED] - verifyTextPresent("When you are confident that all the information is correct", true): Text 'When you are confident that all the information is correct' is present on page  using regular expression

2021-11-19 11:25:19 - [MESSAGE][PASSED] - Text 'When you are confident that all the information is correct' is present on page  using regular expression

2021-11-19 11:25:19 - [TEST_STEP][PASSED] - delay(1): Delayed 1 second(s)

2021-11-19 11:25:20 - [MESSAGE][PASSED] - Delayed 1 second(s)

2021-11-19 11:25:20 - [TEST_STEP][PASSED] - click(findTestObject(orPath_Summary + "/button_Proceed to Payment")): Object: 'Object Repository/RAD_Pages/Summary_Page/button_Proceed to Payment' is clicked on

2021-11-19 11:25:22 - [MESSAGE][PASSED] - Object: 'Object Repository/RAD_Pages/Summary_Page/button_Proceed to Payment' is clicked on

2021-11-19 11:25:22 - [TEST_STEP][PASSED] - setText(findTestObject(orPath_PaymentEntry + "/input__cardNumber"), CCNumber): Text '6011000993026909' is set on object 'Object Repository/RAD_Pages/PaymentEntry_Page/input__cardNumber'

2021-11-19 11:25:22 - [MESSAGE][PASSED] - Text '6011000993026909' is set on object 'Object Repository/RAD_Pages/PaymentEntry_Page/input__cardNumber'

2021-11-19 11:25:22 - [TEST_STEP][PASSED] - setText(findTestObject(orPath_PaymentEntry + "/input__spc"), CVV): Text '123' is set on object 'Object Repository/RAD_Pages/PaymentEntry_Page/input__spc'

2021-11-19 11:25:23 - [MESSAGE][PASSED] - Text '123' is set on object 'Object Repository/RAD_Pages/PaymentEntry_Page/input__spc'

2021-11-19 11:25:23 - [TEST_STEP][PASSED] - selectOptionByLabel(findTestObject(orPath_PaymentEntry + "/select_MM"), "12", false): All options with label '12' are selected in object 'Object Repository/RAD_Pages/PaymentEntry_Page/select_MM' 

2021-11-19 11:25:24 - [MESSAGE][PASSED] - All options with label '12' are selected in object 'Object Repository/RAD_Pages/PaymentEntry_Page/select_MM' 

2021-11-19 11:25:24 - [TEST_STEP][PASSED] - selectOptionByLabel(findTestObject(orPath_PaymentEntry + "/select_YYYY"), "2023", false): All options with label '2023' are selected in object 'Object Repository/RAD_Pages/PaymentEntry_Page/select_YYYY' 

2021-11-19 11:25:24 - [MESSAGE][PASSED] - All options with label '2023' are selected in object 'Object Repository/RAD_Pages/PaymentEntry_Page/select_YYYY' 

2021-11-19 11:25:24 - [TEST_STEP][PASSED] - click(findTestObject(orPath_PaymentEntry + "/input_Field_ccSubmit")): Object: 'Object Repository/RAD_Pages/PaymentEntry_Page/input_Field_ccSubmit' is clicked on

2021-11-19 11:25:25 - [MESSAGE][PASSED] - Object: 'Object Repository/RAD_Pages/PaymentEntry_Page/input_Field_ccSubmit' is clicked on

2021-11-19 11:25:25 - [TEST_STEP][PASSED] - click(findTestObject(orPath_PaymentConfirmation + "/input_N_confirmNotifyAction")): Object: 'Object Repository/RAD_Pages/PaymentConfirmation_Page/input_N_confirmNotifyAction' is clicked on

2021-11-19 11:25:27 - [MESSAGE][PASSED] - Object: 'Object Repository/RAD_Pages/PaymentConfirmation_Page/input_N_confirmNotifyAction' is clicked on

2021-11-19 11:25:27 - [TEST_STEP][PASSED] - click(findTestObject(orPath_ServiceFeesAccept + "/input_convFeeNotifyAction")): Object: 'Object Repository/RAD_Pages/ServiceFeeAccept_Page/input_convFeeNotifyAction' is clicked on

2021-11-19 11:25:28 - [MESSAGE][PASSED] - Object: 'Object Repository/RAD_Pages/ServiceFeeAccept_Page/input_convFeeNotifyAction' is clicked on

2021-11-19 11:25:28 - [TEST_STEP][PASSED] - delay(10): Delayed 10 second(s)

2021-11-19 11:25:38 - [MESSAGE][PASSED] - Delayed 10 second(s)

2021-11-19 11:25:38 - [TEST_STEP][PASSED] - verifyTextPresent("Successful Payment Receipt", true): Text 'Successful Payment Receipt' is present on page  using regular expression

2021-11-19 11:25:39 - [MESSAGE][PASSED] - Text 'Successful Payment Receipt' is present on page  using regular expression

2021-11-19 11:25:39 - [TEST_STEP][PASSED] - if (verifyTextPresent("Successful Payment Receipt", true)): null

2021-11-19 11:25:39 - [MESSAGE][PASSED] - Text 'Successful Payment Receipt' is present on page  using regular expression

2021-11-19 11:25:39 - [TEST_STEP][PASSED] - println("Transaction was Successful"): null

2021-11-19 11:25:39 - [TEST_STEP][PASSED] - out.println("Pass Record Number: " + row): null

2021-11-19 11:25:39 - [TEST_STEP][PASSED] - resText = "Pass": null

2021-11-19 11:25:39 - [TEST_STEP][PASSED] - pages.WriteExcel.demoKey(resText, datText, resColumn, datCloumn, fileLoc, nameSheet, row): pages.WriteExcel.demoKey is PASSED

2021-11-19 11:25:39 - [MESSAGE][PASSED] - pages.WriteExcel.demoKey is PASSED

2021-11-19 11:25:39 - [TEST_STEP][PASSED] - ExecuteTC = findTestData(dataFile).getValue("Execute", row): null

2021-11-19 11:25:39 - [TEST_STEP][PASSED] - PaymentType = findTestData(dataFile).getValue("PaymentType", row): null

2021-11-19 11:25:39 - [TEST_STEP][PASSED] - FilingYear = findTestData(dataFile).getValue("FilingYear", row): null

2021-11-19 11:25:39 - [TEST_STEP][PASSED] - PeriodEnding = findTestData(dataFile).getValue("PeriodEnding", row): null

2021-11-19 11:25:39 - [TEST_STEP][PASSED] - FName = findTestData(dataFile).getValue("Fname", row): null

2021-11-19 11:25:39 - [TEST_STEP][PASSED] - LName = findTestData(dataFile).getValue("Lname", row): null

2021-11-19 11:25:39 - [TEST_STEP][PASSED] - SSN = findTestData(dataFile).getValue("SSN", row): null

2021-11-19 11:25:39 - [TEST_STEP][PASSED] - BusName = findTestData(dataFile).getValue("BusName", row): null

2021-11-19 11:25:39 - [TEST_STEP][PASSED] - AL1 = findTestData(dataFile).getValue("AL1", row): null

2021-11-19 11:25:40 - [TEST_STEP][PASSED] - City = findTestData(dataFile).getValue("City", row): null

2021-11-19 11:25:40 - [TEST_STEP][PASSED] - ZIP = findTestData(dataFile).getValue("ZIP", row): null

2021-11-19 11:25:40 - [TEST_STEP][PASSED] - FilingType = findTestData(dataFile).getValue("FilingType", row): null

2021-11-19 11:25:40 - [TEST_STEP][PASSED] - Withholding = findTestData(dataFile).getValue("Withholding", row): null

2021-11-19 11:25:40 - [TEST_STEP][PASSED] - Amount = findTestData(dataFile).getValue("Amount", row): null

2021-11-19 11:25:40 - [TEST_STEP][PASSED] - CCNumber = findTestData(dataFile).getValue("CCNumber", row): null

2021-11-19 11:25:40 - [TEST_STEP][PASSED] - CVV = findTestData(dataFile).getValue("CVV", row): null

2021-11-19 11:25:40 - [TEST_STEP][PASSED] - out.println("Value of Execute is : " + ExecuteTC): null

2021-11-19 11:25:40 - [TEST_STEP][PASSED] - if (ExecuteTC.equalsIgnoreCase("Y")): null

2021-11-19 11:25:40 - [TEST_STEP][PASSED] - out.println("Begin Record Number: " + row): null

2021-11-19 11:25:40 - [TEST_STEP][PASSED] - today = new java.util.Date(): null

2021-11-19 11:25:40 - [TEST_STEP][PASSED] - println(today): null

2021-11-19 11:25:40 - [TEST_STEP][PASSED] - datText = today: null

2021-11-19 11:25:40 - [TEST_STEP][PASSED] - Taxtype = findTestData(dataFile).getValue("TaxType", row): null

2021-11-19 11:25:40 - [TEST_STEP][PASSED] - out.println("Taxtype value is : " + Taxtype): null

2021-11-19 11:25:40 - [TEST_STEP][PASSED] - openBrowser(""): Browser is opened with url: ''

2021-11-19 11:25:40 - [MESSAGE][WARNING] - A browser is already opened. Closing browser and opening a new one

2021-11-19 11:25:41 - [MESSAGE][INFO] - Starting 'Chrome' driver

2021-11-19 11:25:41 - [MESSAGE][INFO] - User set preference: ['acceptInsecureCerts', 'true']

2021-11-19 11:25:41 - [MESSAGE][INFO] - Action delay is set to 0 milliseconds

2021-11-19 11:25:42 - [MESSAGE][PASSED] - Browser is opened with url: ''

2021-11-19 11:25:42 - [TEST_STEP][PASSED] - maximizeWindow(): Current window maximized

2021-11-19 11:25:42 - [MESSAGE][PASSED] - Current window maximized

2021-11-19 11:25:42 - [TEST_STEP][PASSED] - navigateToUrl(RADurl): Navigate to 'https://qa.velocitypayment.com/client/rad/index.html' successfully

2021-11-19 11:25:44 - [MESSAGE][PASSED] - Navigate to 'https://qa.velocitypayment.com/client/rad/index.html' successfully

2021-11-19 11:25:44 - [TEST_STEP][PASSED] - orPath_Landing = "Object Repository/RAD_Pages/Landing_Page": null

2021-11-19 11:25:44 - [TEST_STEP][PASSED] - orPath_TaxTypeFilingYear = "Object Repository/RAD_Pages/TaxTypeFilingYear_Page": null

2021-11-19 11:25:44 - [TEST_STEP][PASSED] - orPath_TaxPayer = "Object Repository/RAD_Pages/Taxpayer_Page": null

2021-11-19 11:25:44 - [TEST_STEP][PASSED] - orPath_AddressContact = "Object Repository/RAD_Pages/AddressAndContactInfo_Page": null

2021-11-19 11:25:44 - [TEST_STEP][PASSED] - orPath_FilingStatus = "Object Repository/RAD_Pages/FilingStatus_Page": null

2021-11-19 11:25:44 - [TEST_STEP][PASSED] - orPath_Amount = "Object Repository/RAD_Pages/PaymentAmount_Page": null

2021-11-19 11:25:44 - [TEST_STEP][PASSED] - orPath_TaxInfo = "Object Repository/RAD_Pages/TaxInfo_Page": null

2021-11-19 11:25:44 - [TEST_STEP][PASSED] - orPath_Withholding = "Object Repository/RAD_Pages/Withholding_Page": null

2021-11-19 11:25:44 - [TEST_STEP][PASSED] - orPath_Summary = "Object Repository/RAD_Pages/Summary_Page": null

2021-11-19 11:25:44 - [TEST_STEP][PASSED] - orPath_PaymentReady = "Object Repository/RAD_Pages/PaymentReady_Page": null

2021-11-19 11:25:44 - [TEST_STEP][PASSED] - orPath_PaymentEntry = "Object Repository/RAD_Pages/PaymentEntry_Page": null

2021-11-19 11:25:44 - [TEST_STEP][PASSED] - orPath_PaymentConfirmation = "Object Repository/RAD_Pages/PaymentConfirmation_Page": null

2021-11-19 11:25:44 - [TEST_STEP][PASSED] - orPath_ServiceFeesAccept = "Object Repository/RAD_Pages/ServiceFeeAccept_Page": null

2021-11-19 11:25:44 - [TEST_STEP][PASSED] - selectOptionByLabel(findTestObject(orPath_Landing + "/dd_TaxType"), Taxtype, false): All options with label 'Personal Income Tax' are selected in object 'Object Repository/RAD_Pages/Landing_Page/dd_TaxType' 

2021-11-19 11:25:45 - [MESSAGE][PASSED] - All options with label 'Personal Income Tax' are selected in object 'Object Repository/RAD_Pages/Landing_Page/dd_TaxType' 

2021-11-19 11:25:45 - [TEST_STEP][PASSED] - delay(3): Delayed 3 second(s)

2021-11-19 11:25:48 - [MESSAGE][PASSED] - Delayed 3 second(s)

2021-11-19 11:25:48 - [TEST_STEP][PASSED] - switch (Taxtype): null

2021-11-19 11:25:48 - [TEST_STEP][PASSED] - case "Personal Income Tax":: null

2021-11-19 11:25:48 - [TEST_STEP][PASSED] - selectOptionByLabel(findTestObject(orPath_TaxTypeFilingYear + "/select_FilingYear"), FilingYear, false): All options with label '2020' are selected in object 'Object Repository/RAD_Pages/TaxTypeFilingYear_Page/select_FilingYear' 

2021-11-19 11:25:49 - [MESSAGE][PASSED] - All options with label '2020' are selected in object 'Object Repository/RAD_Pages/TaxTypeFilingYear_Page/select_FilingYear' 

2021-11-19 11:25:49 - [TEST_STEP][PASSED] - setText(findTestObject(orPath_TaxPayer + "/input_lastName"), LName): Text 'Cook' is set on object 'Object Repository/RAD_Pages/Taxpayer_Page/input_lastName'

2021-11-19 11:25:49 - [MESSAGE][PASSED] - Text 'Cook' is set on object 'Object Repository/RAD_Pages/Taxpayer_Page/input_lastName'

2021-11-19 11:25:49 - [TEST_STEP][PASSED] - setText(findTestObject("RAD_RecordAndPlay/input_concatSSN"), SSN): Text '123450145' is set on object 'Object Repository/RAD_RecordAndPlay/input_concatSSN'

2021-11-19 11:25:50 - [MESSAGE][PASSED] - Text '123450145' is set on object 'Object Repository/RAD_RecordAndPlay/input_concatSSN'

2021-11-19 11:25:50 - [TEST_STEP][PASSED] - setText(findTestObject("RAD_RecordAndPlay/input_concatReSSN"), SSN): Text '123450145' is set on object 'Object Repository/RAD_RecordAndPlay/input_concatReSSN'

2021-11-19 11:25:50 - [MESSAGE][PASSED] - Text '123450145' is set on object 'Object Repository/RAD_RecordAndPlay/input_concatReSSN'

2021-11-19 11:25:50 - [TEST_STEP][PASSED] - if (FilingType.equalsIgnoreCase("Y")): null

2021-11-19 11:25:50 - [TEST_STEP][PASSED] - else: Text '123453210' is set on object 'Object Repository/RAD_RecordAndPlay/input_reTypeJointFilerSSN'

2021-11-19 11:25:50 - [TEST_STEP][PASSED] - scrollToElement(findTestObject(orPath_Amount + "/input__paymentAmount"), 3): Scroll to object 'Object Repository/RAD_Pages/PaymentAmount_Page/input__paymentAmount' successfully

2021-11-19 11:25:51 - [MESSAGE][PASSED] - Scroll to object 'Object Repository/RAD_Pages/PaymentAmount_Page/input__paymentAmount' successfully

2021-11-19 11:25:51 - [TEST_STEP][PASSED] - waitForElementClickable(findTestObject(orPath_FilingStatus + "/input_userType_Joint"), 5): Object 'Object Repository/RAD_Pages/FilingStatus_Page/input_userType_Joint' is clickable

2021-11-19 11:25:51 - [MESSAGE][PASSED] - Object 'Object Repository/RAD_Pages/FilingStatus_Page/input_userType_Joint' is clickable

2021-11-19 11:25:51 - [TEST_STEP][PASSED] - check(findTestObject(orPath_FilingStatus + "/input_userType_Joint")): Object 'Object Repository/RAD_Pages/FilingStatus_Page/input_userType_Joint' is checked

2021-11-19 11:25:52 - [MESSAGE][PASSED] - Object 'Object Repository/RAD_Pages/FilingStatus_Page/input_userType_Joint' is checked

2021-11-19 11:25:52 - [TEST_STEP][PASSED] - delay(3): Delayed 3 second(s)

2021-11-19 11:25:55 - [MESSAGE][PASSED] - Delayed 3 second(s)

2021-11-19 11:25:55 - [TEST_STEP][PASSED] - setText(findTestObject(orPath_FilingStatus + "/input_jointFirstName"), "Sam"): Text 'Sam' is set on object 'Object Repository/RAD_Pages/FilingStatus_Page/input_jointFirstName'

2021-11-19 11:25:55 - [MESSAGE][PASSED] - Text 'Sam' is set on object 'Object Repository/RAD_Pages/FilingStatus_Page/input_jointFirstName'

2021-11-19 11:25:55 - [TEST_STEP][PASSED] - setText(findTestObject(orPath_FilingStatus + "/input_jointLastName"), "Stokes"): Text 'Stokes' is set on object 'Object Repository/RAD_Pages/FilingStatus_Page/input_jointLastName'

2021-11-19 11:25:56 - [MESSAGE][PASSED] - Text 'Stokes' is set on object 'Object Repository/RAD_Pages/FilingStatus_Page/input_jointLastName'

2021-11-19 11:25:56 - [TEST_STEP][PASSED] - setText(findTestObject("Object Repository/RAD_RecordAndPlay/input_JointFilerSSN"), "123453210"): Text '123453210' is set on object 'Object Repository/RAD_RecordAndPlay/input_JointFilerSSN'

2021-11-19 11:26:28 - [MESSAGE][INFO] - Unable to find the element located by 'By.xpath: //*[@id = 'data' and @name = 'Data' and @type = 'password' and @placeholder = 'Social Security Number']'. Please recheck the objects properties to make sure the desired element is located. 

2021-11-19 11:26:28 - [MESSAGE][WARNING] - [SELF-HEALING] Failed to find element with id 'Object Repository/RAD_RecordAndPlay/input_JointFilerSSN'. Try using Self-healing.

2021-11-19 11:26:28 - [MESSAGE][WARNING] - [SELF-HEALING] The current locator of test object 'Object Repository/RAD_RecordAndPlay/input_JointFilerSSN' was broken. Propose an alternative one: '//input[@id='data']'.

2021-11-19 11:26:59 - [MESSAGE][INFO] - Unable to find the element located by 'By.xpath: //*[@id = 'data' and @name = 'Data' and @type = 'password' and @placeholder = 'Social Security Number']'. Please recheck the objects properties to make sure the desired element is located. 

2021-11-19 11:26:59 - [MESSAGE][WARNING] - [SELF-HEALING] Failed to find element with id 'Object Repository/RAD_RecordAndPlay/input_JointFilerSSN'. Try using Self-healing.

2021-11-19 11:26:59 - [MESSAGE][WARNING] - [SELF-HEALING] The current locator of test object 'Object Repository/RAD_RecordAndPlay/input_JointFilerSSN' was broken. Propose an alternative one: '//input[@id='data']'.

2021-11-19 11:26:59 - [MESSAGE][PASSED] - Text '123453210' is set on object 'Object Repository/RAD_RecordAndPlay/input_JointFilerSSN'

2021-11-19 11:26:59 - [TEST_STEP][PASSED] - setText(findTestObject("Object Repository/RAD_RecordAndPlay/input_reTypeJointFilerSSN"), "123453210"): Text '123453210' is set on object 'Object Repository/RAD_RecordAndPlay/input_reTypeJointFilerSSN'

2021-11-19 11:27:30 - [MESSAGE][INFO] - Unable to find the element located by 'By.xpath: //*[@id = 'data' and @name = 'Data' and @type = 'password' and @placeholder = 'Re-Type SSN']'. Please recheck the objects properties to make sure the desired element is located. 

2021-11-19 11:27:30 - [MESSAGE][WARNING] - [SELF-HEALING] Failed to find element with id 'Object Repository/RAD_RecordAndPlay/input_reTypeJointFilerSSN'. Try using Self-healing.

2021-11-19 11:27:30 - [MESSAGE][WARNING] - [SELF-HEALING] The current locator of test object 'Object Repository/RAD_RecordAndPlay/input_reTypeJointFilerSSN' was broken. Propose an alternative one: '//input[@id='data']'.

2021-11-19 11:28:01 - [MESSAGE][INFO] - Unable to find the element located by 'By.xpath: //*[@id = 'data' and @name = 'Data' and @type = 'password' and @placeholder = 'Re-Type SSN']'. Please recheck the objects properties to make sure the desired element is located. 

2021-11-19 11:28:01 - [MESSAGE][WARNING] - [SELF-HEALING] Failed to find element with id 'Object Repository/RAD_RecordAndPlay/input_reTypeJointFilerSSN'. Try using Self-healing.

2021-11-19 11:28:01 - [MESSAGE][WARNING] - [SELF-HEALING] The current locator of test object 'Object Repository/RAD_RecordAndPlay/input_reTypeJointFilerSSN' was broken. Propose an alternative one: '//input[@id='data']'.

2021-11-19 11:28:01 - [MESSAGE][PASSED] - Text '123453210' is set on object 'Object Repository/RAD_RecordAndPlay/input_reTypeJointFilerSSN'

2021-11-19 11:28:01 - [TEST_STEP][PASSED] - break: null

2021-11-19 11:28:01 - [TEST_STEP][PASSED] - setText(findTestObject(orPath_TaxPayer + "/input_firstName"), FName): Text 'Andrew' is set on object 'Object Repository/RAD_Pages/Taxpayer_Page/input_firstName'

2021-11-19 11:28:02 - [MESSAGE][PASSED] - Text 'Andrew' is set on object 'Object Repository/RAD_Pages/Taxpayer_Page/input_firstName'

2021-11-19 11:28:02 - [TEST_STEP][PASSED] - setText(findTestObject(orPath_TaxPayer + "/input_lastName"), LName): Text 'Cook' is set on object 'Object Repository/RAD_Pages/Taxpayer_Page/input_lastName'

2021-11-19 11:28:03 - [MESSAGE][PASSED] - Text 'Cook' is set on object 'Object Repository/RAD_Pages/Taxpayer_Page/input_lastName'

2021-11-19 11:28:03 - [TEST_STEP][PASSED] - selectOptionByLabel(findTestObject(orPath_AddressContact + "/select_Country"), "United States", false): All options with label 'United States' are selected in object 'Object Repository/RAD_Pages/AddressAndContactInfo_Page/select_Country' 

2021-11-19 11:28:04 - [MESSAGE][PASSED] - All options with label 'United States' are selected in object 'Object Repository/RAD_Pages/AddressAndContactInfo_Page/select_Country' 

2021-11-19 11:28:04 - [TEST_STEP][PASSED] - setText(findTestObject(orPath_AddressContact + "/input_streetAddress1"), AL1): Text '3652 Mandan road' is set on object 'Object Repository/RAD_Pages/AddressAndContactInfo_Page/input_streetAddress1'

2021-11-19 11:28:05 - [MESSAGE][PASSED] - Text '3652 Mandan road' is set on object 'Object Repository/RAD_Pages/AddressAndContactInfo_Page/input_streetAddress1'

2021-11-19 11:28:05 - [TEST_STEP][PASSED] - setText(findTestObject(orPath_AddressContact + "/input_streetAddress2"), ""): Text '' is set on object 'Object Repository/RAD_Pages/AddressAndContactInfo_Page/input_streetAddress2'

2021-11-19 11:28:06 - [MESSAGE][PASSED] - Text '' is set on object 'Object Repository/RAD_Pages/AddressAndContactInfo_Page/input_streetAddress2'

2021-11-19 11:28:06 - [TEST_STEP][PASSED] - setText(findTestObject(orPath_AddressContact + "/input_city"), City): Text 'Crofton' is set on object 'Object Repository/RAD_Pages/AddressAndContactInfo_Page/input_city'

2021-11-19 11:28:06 - [MESSAGE][PASSED] - Text 'Crofton' is set on object 'Object Repository/RAD_Pages/AddressAndContactInfo_Page/input_city'

2021-11-19 11:28:06 - [TEST_STEP][PASSED] - selectOptionByLabel(findTestObject(orPath_AddressContact + "/select_State"), "Maryland", false): All options with label 'Maryland' are selected in object 'Object Repository/RAD_Pages/AddressAndContactInfo_Page/select_State' 

2021-11-19 11:28:07 - [MESSAGE][PASSED] - All options with label 'Maryland' are selected in object 'Object Repository/RAD_Pages/AddressAndContactInfo_Page/select_State' 

2021-11-19 11:28:07 - [TEST_STEP][PASSED] - setText(findTestObject(orPath_AddressContact + "/input_zipCode"), ZIP): Text '21114' is set on object 'Object Repository/RAD_Pages/AddressAndContactInfo_Page/input_zipCode'

2021-11-19 11:28:08 - [MESSAGE][PASSED] - Text '21114' is set on object 'Object Repository/RAD_Pages/AddressAndContactInfo_Page/input_zipCode'

2021-11-19 11:28:08 - [TEST_STEP][PASSED] - setText(findTestObject(orPath_AddressContact + "/input_phoneNumber"), "(703) 894-5000"): Text '(703) 894-5000' is set on object 'Object Repository/RAD_Pages/AddressAndContactInfo_Page/input_phoneNumber'

2021-11-19 11:28:08 - [MESSAGE][PASSED] - Text '(703) 894-5000' is set on object 'Object Repository/RAD_Pages/AddressAndContactInfo_Page/input_phoneNumber'

2021-11-19 11:28:08 - [TEST_STEP][PASSED] - setText(findTestObject(orPath_AddressContact + "/input_eMailAddress"), "iahmed@govolution.com"): Text 'iahmed@govolution.com' is set on object 'Object Repository/RAD_Pages/AddressAndContactInfo_Page/input_eMailAddress'

2021-11-19 11:28:09 - [MESSAGE][PASSED] - Text 'iahmed@govolution.com' is set on object 'Object Repository/RAD_Pages/AddressAndContactInfo_Page/input_eMailAddress'

2021-11-19 11:28:09 - [TEST_STEP][PASSED] - setText(findTestObject(orPath_AddressContact + "/input_reEnterEMailAddress"), "iahmed@govolution.com"): Text 'iahmed@govolution.com' is set on object 'Object Repository/RAD_Pages/AddressAndContactInfo_Page/input_reEnterEMailAddress'

2021-11-19 11:28:10 - [MESSAGE][PASSED] - Text 'iahmed@govolution.com' is set on object 'Object Repository/RAD_Pages/AddressAndContactInfo_Page/input_reEnterEMailAddress'

2021-11-19 11:28:10 - [TEST_STEP][PASSED] - setText(findTestObject(orPath_Amount + "/input__paymentAmount"), Amount): Text '100.00' is set on object 'Object Repository/RAD_Pages/PaymentAmount_Page/input__paymentAmount'

2021-11-19 11:28:11 - [MESSAGE][PASSED] - Text '100.00' is set on object 'Object Repository/RAD_Pages/PaymentAmount_Page/input__paymentAmount'

2021-11-19 11:28:11 - [TEST_STEP][PASSED] - scrollToElement(findTestObject(orPath_Landing + "/button_Continue"), 3): Scroll to object 'Object Repository/RAD_Pages/Landing_Page/button_Continue' successfully

2021-11-19 11:28:11 - [MESSAGE][PASSED] - Scroll to object 'Object Repository/RAD_Pages/Landing_Page/button_Continue' successfully

2021-11-19 11:28:11 - [TEST_STEP][PASSED] - waitForElementClickable(findTestObject(orPath_Landing + "/button_Continue"), 5): Object 'Object Repository/RAD_Pages/Landing_Page/button_Continue' is clickable

2021-11-19 11:28:12 - [MESSAGE][PASSED] - Object 'Object Repository/RAD_Pages/Landing_Page/button_Continue' is clickable

2021-11-19 11:28:12 - [TEST_STEP][PASSED] - click(findTestObject(orPath_Landing + "/button_Continue")): Object: 'Object Repository/RAD_Pages/Landing_Page/button_Continue' is clicked on

2021-11-19 11:28:12 - [MESSAGE][PASSED] - Object: 'Object Repository/RAD_Pages/Landing_Page/button_Continue' is clicked on

2021-11-19 11:28:12 - [TEST_STEP][PASSED] - verifyTextPresent("Review the information below and make any necessary corrections by clicking the", true): Text 'Review the information below and make any necessary corrections by clicking the' is present on page  using regular expression

2021-11-19 11:28:13 - [MESSAGE][PASSED] - Text 'Review the information below and make any necessary corrections by clicking the' is present on page  using regular expression

2021-11-19 11:28:13 - [TEST_STEP][PASSED] - verifyTextPresent("When you are confident that all the information is correct", true): Text 'When you are confident that all the information is correct' is present on page  using regular expression

2021-11-19 11:28:13 - [MESSAGE][PASSED] - Text 'When you are confident that all the information is correct' is present on page  using regular expression

2021-11-19 11:28:13 - [TEST_STEP][PASSED] - delay(1): Delayed 1 second(s)

2021-11-19 11:28:14 - [MESSAGE][PASSED] - Delayed 1 second(s)

2021-11-19 11:28:14 - [TEST_STEP][PASSED] - click(findTestObject(orPath_Summary + "/button_Proceed to Payment")): Object: 'Object Repository/RAD_Pages/Summary_Page/button_Proceed to Payment' is clicked on

2021-11-19 11:28:16 - [MESSAGE][PASSED] - Object: 'Object Repository/RAD_Pages/Summary_Page/button_Proceed to Payment' is clicked on

2021-11-19 11:28:16 - [TEST_STEP][PASSED] - setText(findTestObject(orPath_PaymentEntry + "/input__cardNumber"), CCNumber): Text '4012000098765439' is set on object 'Object Repository/RAD_Pages/PaymentEntry_Page/input__cardNumber'

2021-11-19 11:28:17 - [MESSAGE][PASSED] - Text '4012000098765439' is set on object 'Object Repository/RAD_Pages/PaymentEntry_Page/input__cardNumber'

2021-11-19 11:28:17 - [TEST_STEP][PASSED] - setText(findTestObject(orPath_PaymentEntry + "/input__spc"), CVV): Text '123' is set on object 'Object Repository/RAD_Pages/PaymentEntry_Page/input__spc'

2021-11-19 11:28:17 - [MESSAGE][PASSED] - Text '123' is set on object 'Object Repository/RAD_Pages/PaymentEntry_Page/input__spc'

2021-11-19 11:28:17 - [TEST_STEP][PASSED] - selectOptionByLabel(findTestObject(orPath_PaymentEntry + "/select_MM"), "12", false): All options with label '12' are selected in object 'Object Repository/RAD_Pages/PaymentEntry_Page/select_MM' 

2021-11-19 11:28:18 - [MESSAGE][PASSED] - All options with label '12' are selected in object 'Object Repository/RAD_Pages/PaymentEntry_Page/select_MM' 

2021-11-19 11:28:18 - [TEST_STEP][PASSED] - selectOptionByLabel(findTestObject(orPath_PaymentEntry + "/select_YYYY"), "2023", false): All options with label '2023' are selected in object 'Object Repository/RAD_Pages/PaymentEntry_Page/select_YYYY' 

2021-11-19 11:28:19 - [MESSAGE][PASSED] - All options with label '2023' are selected in object 'Object Repository/RAD_Pages/PaymentEntry_Page/select_YYYY' 

2021-11-19 11:28:19 - [TEST_STEP][PASSED] - click(findTestObject(orPath_PaymentEntry + "/input_Field_ccSubmit")): Object: 'Object Repository/RAD_Pages/PaymentEntry_Page/input_Field_ccSubmit' is clicked on

2021-11-19 11:28:20 - [MESSAGE][PASSED] - Object: 'Object Repository/RAD_Pages/PaymentEntry_Page/input_Field_ccSubmit' is clicked on

2021-11-19 11:28:20 - [TEST_STEP][PASSED] - click(findTestObject(orPath_PaymentConfirmation + "/input_N_confirmNotifyAction")): Object: 'Object Repository/RAD_Pages/PaymentConfirmation_Page/input_N_confirmNotifyAction' is clicked on

2021-11-19 11:28:21 - [MESSAGE][PASSED] - Object: 'Object Repository/RAD_Pages/PaymentConfirmation_Page/input_N_confirmNotifyAction' is clicked on

2021-11-19 11:28:21 - [TEST_STEP][PASSED] - click(findTestObject(orPath_ServiceFeesAccept + "/input_convFeeNotifyAction")): Object: 'Object Repository/RAD_Pages/ServiceFeeAccept_Page/input_convFeeNotifyAction' is clicked on

2021-11-19 11:28:23 - [MESSAGE][PASSED] - Object: 'Object Repository/RAD_Pages/ServiceFeeAccept_Page/input_convFeeNotifyAction' is clicked on

2021-11-19 11:28:23 - [TEST_STEP][PASSED] - delay(10): Delayed 10 second(s)

2021-11-19 11:28:33 - [MESSAGE][PASSED] - Delayed 10 second(s)

2021-11-19 11:28:33 - [TEST_STEP][PASSED] - verifyTextPresent("Successful Payment Receipt", true): Text 'Successful Payment Receipt' is present on page  using regular expression

2021-11-19 11:28:33 - [MESSAGE][PASSED] - Text 'Successful Payment Receipt' is present on page  using regular expression

2021-11-19 11:28:33 - [TEST_STEP][PASSED] - if (verifyTextPresent("Successful Payment Receipt", true)): null

2021-11-19 11:28:34 - [MESSAGE][PASSED] - Text 'Successful Payment Receipt' is present on page  using regular expression

2021-11-19 11:28:34 - [TEST_STEP][PASSED] - println("Transaction was Successful"): null

2021-11-19 11:28:34 - [TEST_STEP][PASSED] - out.println("Pass Record Number: " + row): null

2021-11-19 11:28:34 - [TEST_STEP][PASSED] - resText = "Pass": null

2021-11-19 11:28:34 - [TEST_STEP][PASSED] - pages.WriteExcel.demoKey(resText, datText, resColumn, datCloumn, fileLoc, nameSheet, row): pages.WriteExcel.demoKey is PASSED

2021-11-19 11:28:34 - [MESSAGE][PASSED] - pages.WriteExcel.demoKey is PASSED

2021-11-19 11:28:34 - [TEST_STEP][PASSED] - ExecuteTC = findTestData(dataFile).getValue("Execute", row): null

2021-11-19 11:28:34 - [TEST_STEP][PASSED] - PaymentType = findTestData(dataFile).getValue("PaymentType", row): null

2021-11-19 11:28:34 - [TEST_STEP][PASSED] - FilingYear = findTestData(dataFile).getValue("FilingYear", row): null

2021-11-19 11:28:34 - [TEST_STEP][PASSED] - PeriodEnding = findTestData(dataFile).getValue("PeriodEnding", row): null

2021-11-19 11:28:34 - [TEST_STEP][PASSED] - FName = findTestData(dataFile).getValue("Fname", row): null

2021-11-19 11:28:34 - [TEST_STEP][PASSED] - LName = findTestData(dataFile).getValue("Lname", row): null

2021-11-19 11:28:34 - [TEST_STEP][PASSED] - SSN = findTestData(dataFile).getValue("SSN", row): null

2021-11-19 11:28:34 - [TEST_STEP][PASSED] - BusName = findTestData(dataFile).getValue("BusName", row): null

2021-11-19 11:28:34 - [TEST_STEP][PASSED] - AL1 = findTestData(dataFile).getValue("AL1", row): null

2021-11-19 11:28:34 - [TEST_STEP][PASSED] - City = findTestData(dataFile).getValue("City", row): null

2021-11-19 11:28:34 - [TEST_STEP][PASSED] - ZIP = findTestData(dataFile).getValue("ZIP", row): null

2021-11-19 11:28:34 - [TEST_STEP][PASSED] - FilingType = findTestData(dataFile).getValue("FilingType", row): null

2021-11-19 11:28:34 - [TEST_STEP][PASSED] - Withholding = findTestData(dataFile).getValue("Withholding", row): null

2021-11-19 11:28:34 - [TEST_STEP][PASSED] - Amount = findTestData(dataFile).getValue("Amount", row): null

2021-11-19 11:28:34 - [TEST_STEP][PASSED] - CCNumber = findTestData(dataFile).getValue("CCNumber", row): null

2021-11-19 11:28:34 - [TEST_STEP][PASSED] - CVV = findTestData(dataFile).getValue("CVV", row): null

2021-11-19 11:28:34 - [TEST_STEP][PASSED] - out.println("Value of Execute is : " + ExecuteTC): null

2021-11-19 11:28:34 - [TEST_STEP][PASSED] - if (ExecuteTC.equalsIgnoreCase("Y")): null

2021-11-19 11:28:34 - [TEST_STEP][PASSED] - out.println("Begin Record Number: " + row): null

2021-11-19 11:28:34 - [TEST_STEP][PASSED] - today = new java.util.Date(): null

2021-11-19 11:28:34 - [TEST_STEP][PASSED] - println(today): null

2021-11-19 11:28:34 - [TEST_STEP][PASSED] - datText = today: null

2021-11-19 11:28:34 - [TEST_STEP][PASSED] - Taxtype = findTestData(dataFile).getValue("TaxType", row): null

2021-11-19 11:28:34 - [TEST_STEP][PASSED] - out.println("Taxtype value is : " + Taxtype): null

2021-11-19 11:28:34 - [TEST_STEP][PASSED] - openBrowser(""): Browser is opened with url: ''

2021-11-19 11:28:34 - [MESSAGE][WARNING] - A browser is already opened. Closing browser and opening a new one

2021-11-19 11:28:35 - [MESSAGE][INFO] - Starting 'Chrome' driver

2021-11-19 11:28:35 - [MESSAGE][INFO] - User set preference: ['acceptInsecureCerts', 'true']

2021-11-19 11:28:35 - [MESSAGE][INFO] - Action delay is set to 0 milliseconds

2021-11-19 11:28:37 - [MESSAGE][PASSED] - Browser is opened with url: ''

2021-11-19 11:28:37 - [TEST_STEP][PASSED] - maximizeWindow(): Current window maximized

2021-11-19 11:28:37 - [MESSAGE][PASSED] - Current window maximized

2021-11-19 11:28:37 - [TEST_STEP][PASSED] - navigateToUrl(RADurl): Navigate to 'https://qa.velocitypayment.com/client/rad/index.html' successfully

2021-11-19 11:28:39 - [MESSAGE][PASSED] - Navigate to 'https://qa.velocitypayment.com/client/rad/index.html' successfully

2021-11-19 11:28:39 - [TEST_STEP][PASSED] - orPath_Landing = "Object Repository/RAD_Pages/Landing_Page": null

2021-11-19 11:28:39 - [TEST_STEP][PASSED] - orPath_TaxTypeFilingYear = "Object Repository/RAD_Pages/TaxTypeFilingYear_Page": null

2021-11-19 11:28:39 - [TEST_STEP][PASSED] - orPath_TaxPayer = "Object Repository/RAD_Pages/Taxpayer_Page": null

2021-11-19 11:28:39 - [TEST_STEP][PASSED] - orPath_AddressContact = "Object Repository/RAD_Pages/AddressAndContactInfo_Page": null

2021-11-19 11:28:39 - [TEST_STEP][PASSED] - orPath_FilingStatus = "Object Repository/RAD_Pages/FilingStatus_Page": null

2021-11-19 11:28:39 - [TEST_STEP][PASSED] - orPath_Amount = "Object Repository/RAD_Pages/PaymentAmount_Page": null

2021-11-19 11:28:39 - [TEST_STEP][PASSED] - orPath_TaxInfo = "Object Repository/RAD_Pages/TaxInfo_Page": null

2021-11-19 11:28:39 - [TEST_STEP][PASSED] - orPath_Withholding = "Object Repository/RAD_Pages/Withholding_Page": null

2021-11-19 11:28:39 - [TEST_STEP][PASSED] - orPath_Summary = "Object Repository/RAD_Pages/Summary_Page": null

2021-11-19 11:28:39 - [TEST_STEP][PASSED] - orPath_PaymentReady = "Object Repository/RAD_Pages/PaymentReady_Page": null

2021-11-19 11:28:39 - [TEST_STEP][PASSED] - orPath_PaymentEntry = "Object Repository/RAD_Pages/PaymentEntry_Page": null

2021-11-19 11:28:39 - [TEST_STEP][PASSED] - orPath_PaymentConfirmation = "Object Repository/RAD_Pages/PaymentConfirmation_Page": null

2021-11-19 11:28:39 - [TEST_STEP][PASSED] - orPath_ServiceFeesAccept = "Object Repository/RAD_Pages/ServiceFeeAccept_Page": null

2021-11-19 11:28:39 - [TEST_STEP][PASSED] - selectOptionByLabel(findTestObject(orPath_Landing + "/dd_TaxType"), Taxtype, false): All options with label 'Personal Income Tax' are selected in object 'Object Repository/RAD_Pages/Landing_Page/dd_TaxType' 

2021-11-19 11:28:40 - [MESSAGE][PASSED] - All options with label 'Personal Income Tax' are selected in object 'Object Repository/RAD_Pages/Landing_Page/dd_TaxType' 

2021-11-19 11:28:40 - [TEST_STEP][PASSED] - delay(3): Delayed 3 second(s)

2021-11-19 11:28:43 - [MESSAGE][PASSED] - Delayed 3 second(s)

2021-11-19 11:28:43 - [TEST_STEP][PASSED] - switch (Taxtype): null

2021-11-19 11:28:43 - [TEST_STEP][PASSED] - case "Personal Income Tax":: null

2021-11-19 11:28:43 - [TEST_STEP][PASSED] - selectOptionByLabel(findTestObject(orPath_TaxTypeFilingYear + "/select_FilingYear"), FilingYear, false): All options with label '2019' are selected in object 'Object Repository/RAD_Pages/TaxTypeFilingYear_Page/select_FilingYear' 

2021-11-19 11:28:43 - [MESSAGE][PASSED] - All options with label '2019' are selected in object 'Object Repository/RAD_Pages/TaxTypeFilingYear_Page/select_FilingYear' 

2021-11-19 11:28:43 - [TEST_STEP][PASSED] - setText(findTestObject(orPath_TaxPayer + "/input_lastName"), LName): Text 'Bell' is set on object 'Object Repository/RAD_Pages/Taxpayer_Page/input_lastName'

2021-11-19 11:28:44 - [MESSAGE][PASSED] - Text 'Bell' is set on object 'Object Repository/RAD_Pages/Taxpayer_Page/input_lastName'

2021-11-19 11:28:44 - [TEST_STEP][PASSED] - setText(findTestObject("RAD_RecordAndPlay/input_concatSSN"), SSN): Text '123459630' is set on object 'Object Repository/RAD_RecordAndPlay/input_concatSSN'

2021-11-19 11:28:45 - [MESSAGE][PASSED] - Text '123459630' is set on object 'Object Repository/RAD_RecordAndPlay/input_concatSSN'

2021-11-19 11:28:45 - [TEST_STEP][PASSED] - setText(findTestObject("RAD_RecordAndPlay/input_concatReSSN"), SSN): Text '123459630' is set on object 'Object Repository/RAD_RecordAndPlay/input_concatReSSN'

2021-11-19 11:28:45 - [MESSAGE][PASSED] - Text '123459630' is set on object 'Object Repository/RAD_RecordAndPlay/input_concatReSSN'

2021-11-19 11:28:45 - [TEST_STEP][PASSED] - if (FilingType.equalsIgnoreCase("Y")): null

2021-11-19 11:28:45 - [TEST_STEP][PASSED] - else: Text '123453210' is set on object 'Object Repository/RAD_RecordAndPlay/input_reTypeJointFilerSSN'

2021-11-19 11:28:45 - [TEST_STEP][PASSED] - scrollToElement(findTestObject(orPath_Amount + "/input__paymentAmount"), 3): Scroll to object 'Object Repository/RAD_Pages/PaymentAmount_Page/input__paymentAmount' successfully

2021-11-19 11:28:45 - [MESSAGE][PASSED] - Scroll to object 'Object Repository/RAD_Pages/PaymentAmount_Page/input__paymentAmount' successfully

2021-11-19 11:28:45 - [TEST_STEP][PASSED] - waitForElementClickable(findTestObject(orPath_FilingStatus + "/input_userType_Joint"), 5): Object 'Object Repository/RAD_Pages/FilingStatus_Page/input_userType_Joint' is clickable

2021-11-19 11:28:46 - [MESSAGE][PASSED] - Object 'Object Repository/RAD_Pages/FilingStatus_Page/input_userType_Joint' is clickable

2021-11-19 11:28:46 - [TEST_STEP][PASSED] - check(findTestObject(orPath_FilingStatus + "/input_userType_Joint")): Object 'Object Repository/RAD_Pages/FilingStatus_Page/input_userType_Joint' is checked

2021-11-19 11:28:46 - [MESSAGE][PASSED] - Object 'Object Repository/RAD_Pages/FilingStatus_Page/input_userType_Joint' is checked

2021-11-19 11:28:46 - [TEST_STEP][PASSED] - delay(3): Delayed 3 second(s)

2021-11-19 11:28:49 - [MESSAGE][PASSED] - Delayed 3 second(s)

2021-11-19 11:28:49 - [TEST_STEP][PASSED] - setText(findTestObject(orPath_FilingStatus + "/input_jointFirstName"), "Sam"): Text 'Sam' is set on object 'Object Repository/RAD_Pages/FilingStatus_Page/input_jointFirstName'

2021-11-19 11:28:50 - [MESSAGE][PASSED] - Text 'Sam' is set on object 'Object Repository/RAD_Pages/FilingStatus_Page/input_jointFirstName'

2021-11-19 11:28:50 - [TEST_STEP][PASSED] - setText(findTestObject(orPath_FilingStatus + "/input_jointLastName"), "Stokes"): Text 'Stokes' is set on object 'Object Repository/RAD_Pages/FilingStatus_Page/input_jointLastName'

2021-11-19 11:28:51 - [MESSAGE][PASSED] - Text 'Stokes' is set on object 'Object Repository/RAD_Pages/FilingStatus_Page/input_jointLastName'

2021-11-19 11:28:51 - [TEST_STEP][PASSED] - setText(findTestObject("Object Repository/RAD_RecordAndPlay/input_JointFilerSSN"), "123453210"): Text '123453210' is set on object 'Object Repository/RAD_RecordAndPlay/input_JointFilerSSN'

2021-11-19 11:29:22 - [MESSAGE][INFO] - Unable to find the element located by 'By.xpath: //*[@id = 'data' and @name = 'Data' and @type = 'password' and @placeholder = 'Social Security Number']'. Please recheck the objects properties to make sure the desired element is located. 

2021-11-19 11:29:22 - [MESSAGE][WARNING] - [SELF-HEALING] Failed to find element with id 'Object Repository/RAD_RecordAndPlay/input_JointFilerSSN'. Try using Self-healing.

2021-11-19 11:29:22 - [MESSAGE][WARNING] - [SELF-HEALING] The current locator of test object 'Object Repository/RAD_RecordAndPlay/input_JointFilerSSN' was broken. Propose an alternative one: '//input[@id='data']'.

2021-11-19 11:29:53 - [MESSAGE][INFO] - Unable to find the element located by 'By.xpath: //*[@id = 'data' and @name = 'Data' and @type = 'password' and @placeholder = 'Social Security Number']'. Please recheck the objects properties to make sure the desired element is located. 

2021-11-19 11:29:53 - [MESSAGE][WARNING] - [SELF-HEALING] Failed to find element with id 'Object Repository/RAD_RecordAndPlay/input_JointFilerSSN'. Try using Self-healing.

2021-11-19 11:29:53 - [MESSAGE][WARNING] - [SELF-HEALING] The current locator of test object 'Object Repository/RAD_RecordAndPlay/input_JointFilerSSN' was broken. Propose an alternative one: '//input[@id='data']'.

2021-11-19 11:29:53 - [MESSAGE][PASSED] - Text '123453210' is set on object 'Object Repository/RAD_RecordAndPlay/input_JointFilerSSN'

2021-11-19 11:29:53 - [TEST_STEP][PASSED] - setText(findTestObject("Object Repository/RAD_RecordAndPlay/input_reTypeJointFilerSSN"), "123453210"): Text '123453210' is set on object 'Object Repository/RAD_RecordAndPlay/input_reTypeJointFilerSSN'

2021-11-19 11:30:25 - [MESSAGE][INFO] - Unable to find the element located by 'By.xpath: //*[@id = 'data' and @name = 'Data' and @type = 'password' and @placeholder = 'Re-Type SSN']'. Please recheck the objects properties to make sure the desired element is located. 

2021-11-19 11:30:25 - [MESSAGE][WARNING] - [SELF-HEALING] Failed to find element with id 'Object Repository/RAD_RecordAndPlay/input_reTypeJointFilerSSN'. Try using Self-healing.

2021-11-19 11:30:25 - [MESSAGE][WARNING] - [SELF-HEALING] The current locator of test object 'Object Repository/RAD_RecordAndPlay/input_reTypeJointFilerSSN' was broken. Propose an alternative one: '//input[@id='data']'.

2021-11-19 11:30:56 - [MESSAGE][INFO] - Unable to find the element located by 'By.xpath: //*[@id = 'data' and @name = 'Data' and @type = 'password' and @placeholder = 'Re-Type SSN']'. Please recheck the objects properties to make sure the desired element is located. 

2021-11-19 11:30:56 - [MESSAGE][WARNING] - [SELF-HEALING] Failed to find element with id 'Object Repository/RAD_RecordAndPlay/input_reTypeJointFilerSSN'. Try using Self-healing.

2021-11-19 11:30:56 - [MESSAGE][WARNING] - [SELF-HEALING] The current locator of test object 'Object Repository/RAD_RecordAndPlay/input_reTypeJointFilerSSN' was broken. Propose an alternative one: '//input[@id='data']'.

2021-11-19 11:30:56 - [MESSAGE][PASSED] - Text '123453210' is set on object 'Object Repository/RAD_RecordAndPlay/input_reTypeJointFilerSSN'

2021-11-19 11:30:56 - [TEST_STEP][PASSED] - break: null

2021-11-19 11:30:56 - [TEST_STEP][PASSED] - setText(findTestObject(orPath_TaxPayer + "/input_firstName"), FName): Text 'Larsons' is set on object 'Object Repository/RAD_Pages/Taxpayer_Page/input_firstName'

2021-11-19 11:30:57 - [MESSAGE][PASSED] - Text 'Larsons' is set on object 'Object Repository/RAD_Pages/Taxpayer_Page/input_firstName'

2021-11-19 11:30:57 - [TEST_STEP][PASSED] - setText(findTestObject(orPath_TaxPayer + "/input_lastName"), LName): Text 'Bell' is set on object 'Object Repository/RAD_Pages/Taxpayer_Page/input_lastName'

2021-11-19 11:30:58 - [MESSAGE][PASSED] - Text 'Bell' is set on object 'Object Repository/RAD_Pages/Taxpayer_Page/input_lastName'

2021-11-19 11:30:58 - [TEST_STEP][PASSED] - selectOptionByLabel(findTestObject(orPath_AddressContact + "/select_Country"), "United States", false): All options with label 'United States' are selected in object 'Object Repository/RAD_Pages/AddressAndContactInfo_Page/select_Country' 

2021-11-19 11:30:59 - [MESSAGE][PASSED] - All options with label 'United States' are selected in object 'Object Repository/RAD_Pages/AddressAndContactInfo_Page/select_Country' 

2021-11-19 11:30:59 - [TEST_STEP][PASSED] - setText(findTestObject(orPath_AddressContact + "/input_streetAddress1"), AL1): Text '114 Clark Ave' is set on object 'Object Repository/RAD_Pages/AddressAndContactInfo_Page/input_streetAddress1'

2021-11-19 11:30:59 - [MESSAGE][PASSED] - Text '114 Clark Ave' is set on object 'Object Repository/RAD_Pages/AddressAndContactInfo_Page/input_streetAddress1'

2021-11-19 11:30:59 - [TEST_STEP][PASSED] - setText(findTestObject(orPath_AddressContact + "/input_streetAddress2"), ""): Text '' is set on object 'Object Repository/RAD_Pages/AddressAndContactInfo_Page/input_streetAddress2'

2021-11-19 11:31:00 - [MESSAGE][PASSED] - Text '' is set on object 'Object Repository/RAD_Pages/AddressAndContactInfo_Page/input_streetAddress2'

2021-11-19 11:31:00 - [TEST_STEP][PASSED] - setText(findTestObject(orPath_AddressContact + "/input_city"), City): Text 'Severn' is set on object 'Object Repository/RAD_Pages/AddressAndContactInfo_Page/input_city'

2021-11-19 11:31:01 - [MESSAGE][PASSED] - Text 'Severn' is set on object 'Object Repository/RAD_Pages/AddressAndContactInfo_Page/input_city'

2021-11-19 11:31:01 - [TEST_STEP][PASSED] - selectOptionByLabel(findTestObject(orPath_AddressContact + "/select_State"), "Maryland", false): All options with label 'Maryland' are selected in object 'Object Repository/RAD_Pages/AddressAndContactInfo_Page/select_State' 

2021-11-19 11:31:02 - [MESSAGE][PASSED] - All options with label 'Maryland' are selected in object 'Object Repository/RAD_Pages/AddressAndContactInfo_Page/select_State' 

2021-11-19 11:31:02 - [TEST_STEP][PASSED] - setText(findTestObject(orPath_AddressContact + "/input_zipCode"), ZIP): Text '21144' is set on object 'Object Repository/RAD_Pages/AddressAndContactInfo_Page/input_zipCode'

2021-11-19 11:31:02 - [MESSAGE][PASSED] - Text '21144' is set on object 'Object Repository/RAD_Pages/AddressAndContactInfo_Page/input_zipCode'

2021-11-19 11:31:02 - [TEST_STEP][PASSED] - setText(findTestObject(orPath_AddressContact + "/input_phoneNumber"), "(703) 894-5000"): Text '(703) 894-5000' is set on object 'Object Repository/RAD_Pages/AddressAndContactInfo_Page/input_phoneNumber'

2021-11-19 11:31:03 - [MESSAGE][PASSED] - Text '(703) 894-5000' is set on object 'Object Repository/RAD_Pages/AddressAndContactInfo_Page/input_phoneNumber'

2021-11-19 11:31:03 - [TEST_STEP][PASSED] - setText(findTestObject(orPath_AddressContact + "/input_eMailAddress"), "iahmed@govolution.com"): Text 'iahmed@govolution.com' is set on object 'Object Repository/RAD_Pages/AddressAndContactInfo_Page/input_eMailAddress'

2021-11-19 11:31:04 - [MESSAGE][PASSED] - Text 'iahmed@govolution.com' is set on object 'Object Repository/RAD_Pages/AddressAndContactInfo_Page/input_eMailAddress'

2021-11-19 11:31:04 - [TEST_STEP][PASSED] - setText(findTestObject(orPath_AddressContact + "/input_reEnterEMailAddress"), "iahmed@govolution.com"): Text 'iahmed@govolution.com' is set on object 'Object Repository/RAD_Pages/AddressAndContactInfo_Page/input_reEnterEMailAddress'

2021-11-19 11:31:05 - [MESSAGE][PASSED] - Text 'iahmed@govolution.com' is set on object 'Object Repository/RAD_Pages/AddressAndContactInfo_Page/input_reEnterEMailAddress'

2021-11-19 11:31:05 - [TEST_STEP][PASSED] - setText(findTestObject(orPath_Amount + "/input__paymentAmount"), Amount): Text '100.00' is set on object 'Object Repository/RAD_Pages/PaymentAmount_Page/input__paymentAmount'

2021-11-19 11:31:05 - [MESSAGE][PASSED] - Text '100.00' is set on object 'Object Repository/RAD_Pages/PaymentAmount_Page/input__paymentAmount'

2021-11-19 11:31:05 - [TEST_STEP][PASSED] - scrollToElement(findTestObject(orPath_Landing + "/button_Continue"), 3): Scroll to object 'Object Repository/RAD_Pages/Landing_Page/button_Continue' successfully

2021-11-19 11:31:06 - [MESSAGE][PASSED] - Scroll to object 'Object Repository/RAD_Pages/Landing_Page/button_Continue' successfully

2021-11-19 11:31:06 - [TEST_STEP][PASSED] - waitForElementClickable(findTestObject(orPath_Landing + "/button_Continue"), 5): Object 'Object Repository/RAD_Pages/Landing_Page/button_Continue' is clickable

2021-11-19 11:31:06 - [MESSAGE][PASSED] - Object 'Object Repository/RAD_Pages/Landing_Page/button_Continue' is clickable

2021-11-19 11:31:06 - [TEST_STEP][PASSED] - click(findTestObject(orPath_Landing + "/button_Continue")): Object: 'Object Repository/RAD_Pages/Landing_Page/button_Continue' is clicked on

2021-11-19 11:31:07 - [MESSAGE][PASSED] - Object: 'Object Repository/RAD_Pages/Landing_Page/button_Continue' is clicked on

2021-11-19 11:31:07 - [TEST_STEP][PASSED] - verifyTextPresent("Review the information below and make any necessary corrections by clicking the", true): Text 'Review the information below and make any necessary corrections by clicking the' is present on page  using regular expression

2021-11-19 11:31:07 - [MESSAGE][PASSED] - Text 'Review the information below and make any necessary corrections by clicking the' is present on page  using regular expression

2021-11-19 11:31:07 - [TEST_STEP][PASSED] - verifyTextPresent("When you are confident that all the information is correct", true): Text 'When you are confident that all the information is correct' is present on page  using regular expression

2021-11-19 11:31:08 - [MESSAGE][PASSED] - Text 'When you are confident that all the information is correct' is present on page  using regular expression

2021-11-19 11:31:08 - [TEST_STEP][PASSED] - delay(1): Delayed 1 second(s)

2021-11-19 11:31:09 - [MESSAGE][PASSED] - Delayed 1 second(s)

2021-11-19 11:31:09 - [TEST_STEP][PASSED] - click(findTestObject(orPath_Summary + "/button_Proceed to Payment")): Object: 'Object Repository/RAD_Pages/Summary_Page/button_Proceed to Payment' is clicked on

2021-11-19 11:31:12 - [MESSAGE][PASSED] - Object: 'Object Repository/RAD_Pages/Summary_Page/button_Proceed to Payment' is clicked on

2021-11-19 11:31:12 - [TEST_STEP][PASSED] - setText(findTestObject(orPath_PaymentEntry + "/input__cardNumber"), CCNumber): Text '5146312200000035' is set on object 'Object Repository/RAD_Pages/PaymentEntry_Page/input__cardNumber'

2021-11-19 11:31:12 - [MESSAGE][PASSED] - Text '5146312200000035' is set on object 'Object Repository/RAD_Pages/PaymentEntry_Page/input__cardNumber'

2021-11-19 11:31:12 - [TEST_STEP][PASSED] - setText(findTestObject(orPath_PaymentEntry + "/input__spc"), CVV): Text '123' is set on object 'Object Repository/RAD_Pages/PaymentEntry_Page/input__spc'

2021-11-19 11:31:13 - [MESSAGE][PASSED] - Text '123' is set on object 'Object Repository/RAD_Pages/PaymentEntry_Page/input__spc'

2021-11-19 11:31:13 - [TEST_STEP][PASSED] - selectOptionByLabel(findTestObject(orPath_PaymentEntry + "/select_MM"), "12", false): All options with label '12' are selected in object 'Object Repository/RAD_Pages/PaymentEntry_Page/select_MM' 

2021-11-19 11:31:14 - [MESSAGE][PASSED] - All options with label '12' are selected in object 'Object Repository/RAD_Pages/PaymentEntry_Page/select_MM' 

2021-11-19 11:31:14 - [TEST_STEP][PASSED] - selectOptionByLabel(findTestObject(orPath_PaymentEntry + "/select_YYYY"), "2023", false): All options with label '2023' are selected in object 'Object Repository/RAD_Pages/PaymentEntry_Page/select_YYYY' 

2021-11-19 11:31:15 - [MESSAGE][PASSED] - All options with label '2023' are selected in object 'Object Repository/RAD_Pages/PaymentEntry_Page/select_YYYY' 

2021-11-19 11:31:15 - [TEST_STEP][PASSED] - click(findTestObject(orPath_PaymentEntry + "/input_Field_ccSubmit")): Object: 'Object Repository/RAD_Pages/PaymentEntry_Page/input_Field_ccSubmit' is clicked on

2021-11-19 11:31:16 - [MESSAGE][PASSED] - Object: 'Object Repository/RAD_Pages/PaymentEntry_Page/input_Field_ccSubmit' is clicked on

2021-11-19 11:31:16 - [TEST_STEP][PASSED] - click(findTestObject(orPath_PaymentConfirmation + "/input_N_confirmNotifyAction")): Object: 'Object Repository/RAD_Pages/PaymentConfirmation_Page/input_N_confirmNotifyAction' is clicked on

2021-11-19 11:31:18 - [MESSAGE][PASSED] - Object: 'Object Repository/RAD_Pages/PaymentConfirmation_Page/input_N_confirmNotifyAction' is clicked on

2021-11-19 11:31:18 - [TEST_STEP][PASSED] - click(findTestObject(orPath_ServiceFeesAccept + "/input_convFeeNotifyAction")): Object: 'Object Repository/RAD_Pages/ServiceFeeAccept_Page/input_convFeeNotifyAction' is clicked on

2021-11-19 11:31:20 - [MESSAGE][PASSED] - Object: 'Object Repository/RAD_Pages/ServiceFeeAccept_Page/input_convFeeNotifyAction' is clicked on

2021-11-19 11:31:20 - [TEST_STEP][PASSED] - delay(10): Delayed 10 second(s)

2021-11-19 11:31:30 - [MESSAGE][PASSED] - Delayed 10 second(s)

2021-11-19 11:31:30 - [TEST_STEP][PASSED] - verifyTextPresent("Successful Payment Receipt", true): Text 'Successful Payment Receipt' is present on page  using regular expression

2021-11-19 11:31:30 - [MESSAGE][PASSED] - Text 'Successful Payment Receipt' is present on page  using regular expression

2021-11-19 11:31:30 - [TEST_STEP][PASSED] - if (verifyTextPresent("Successful Payment Receipt", true)): null

2021-11-19 11:31:30 - [MESSAGE][PASSED] - Text 'Successful Payment Receipt' is present on page  using regular expression

2021-11-19 11:31:30 - [TEST_STEP][PASSED] - println("Transaction was Successful"): null

2021-11-19 11:31:30 - [TEST_STEP][PASSED] - out.println("Pass Record Number: " + row): null

2021-11-19 11:31:30 - [TEST_STEP][PASSED] - resText = "Pass": null

2021-11-19 11:31:30 - [TEST_STEP][PASSED] - pages.WriteExcel.demoKey(resText, datText, resColumn, datCloumn, fileLoc, nameSheet, row): pages.WriteExcel.demoKey is PASSED

2021-11-19 11:31:30 - [MESSAGE][PASSED] - pages.WriteExcel.demoKey is PASSED

2021-11-19 11:31:30 - [TEST_STEP][PASSED] - ExecuteTC = findTestData(dataFile).getValue("Execute", row): null

2021-11-19 11:31:30 - [TEST_STEP][PASSED] - PaymentType = findTestData(dataFile).getValue("PaymentType", row): null

2021-11-19 11:31:30 - [TEST_STEP][PASSED] - FilingYear = findTestData(dataFile).getValue("FilingYear", row): null

2021-11-19 11:31:30 - [TEST_STEP][PASSED] - PeriodEnding = findTestData(dataFile).getValue("PeriodEnding", row): null

2021-11-19 11:31:30 - [TEST_STEP][PASSED] - FName = findTestData(dataFile).getValue("Fname", row): null

2021-11-19 11:31:30 - [TEST_STEP][PASSED] - LName = findTestData(dataFile).getValue("Lname", row): null

2021-11-19 11:31:30 - [TEST_STEP][PASSED] - SSN = findTestData(dataFile).getValue("SSN", row): null

2021-11-19 11:31:31 - [TEST_STEP][PASSED] - BusName = findTestData(dataFile).getValue("BusName", row): null

2021-11-19 11:31:31 - [TEST_STEP][PASSED] - AL1 = findTestData(dataFile).getValue("AL1", row): null

2021-11-19 11:31:31 - [TEST_STEP][PASSED] - City = findTestData(dataFile).getValue("City", row): null

2021-11-19 11:31:31 - [TEST_STEP][PASSED] - ZIP = findTestData(dataFile).getValue("ZIP", row): null

2021-11-19 11:31:31 - [TEST_STEP][PASSED] - FilingType = findTestData(dataFile).getValue("FilingType", row): null

2021-11-19 11:31:31 - [TEST_STEP][PASSED] - Withholding = findTestData(dataFile).getValue("Withholding", row): null

2021-11-19 11:31:31 - [TEST_STEP][PASSED] - Amount = findTestData(dataFile).getValue("Amount", row): null

2021-11-19 11:31:31 - [TEST_STEP][PASSED] - CCNumber = findTestData(dataFile).getValue("CCNumber", row): null

2021-11-19 11:31:31 - [TEST_STEP][PASSED] - CVV = findTestData(dataFile).getValue("CVV", row): null

2021-11-19 11:31:31 - [TEST_STEP][PASSED] - out.println("Value of Execute is : " + ExecuteTC): null

2021-11-19 11:31:31 - [TEST_STEP][PASSED] - if (ExecuteTC.equalsIgnoreCase("Y")): null

2021-11-19 11:31:31 - [TEST_STEP][PASSED] - out.println("Begin Record Number: " + row): null

2021-11-19 11:31:31 - [TEST_STEP][PASSED] - today = new java.util.Date(): null

2021-11-19 11:31:31 - [TEST_STEP][PASSED] - println(today): null

2021-11-19 11:31:31 - [TEST_STEP][PASSED] - datText = today: null

2021-11-19 11:31:31 - [TEST_STEP][PASSED] - Taxtype = findTestData(dataFile).getValue("TaxType", row): null

2021-11-19 11:31:31 - [TEST_STEP][PASSED] - out.println("Taxtype value is : " + Taxtype): null

2021-11-19 11:31:31 - [TEST_STEP][PASSED] - openBrowser(""): Browser is opened with url: ''

2021-11-19 11:31:31 - [MESSAGE][WARNING] - A browser is already opened. Closing browser and opening a new one

2021-11-19 11:31:32 - [MESSAGE][INFO] - Starting 'Chrome' driver

2021-11-19 11:31:32 - [MESSAGE][INFO] - User set preference: ['acceptInsecureCerts', 'true']

2021-11-19 11:31:32 - [MESSAGE][INFO] - Action delay is set to 0 milliseconds

2021-11-19 11:31:33 - [MESSAGE][PASSED] - Browser is opened with url: ''

2021-11-19 11:31:33 - [TEST_STEP][PASSED] - maximizeWindow(): Current window maximized

2021-11-19 11:31:33 - [MESSAGE][PASSED] - Current window maximized

2021-11-19 11:31:33 - [TEST_STEP][PASSED] - navigateToUrl(RADurl): Navigate to 'https://qa.velocitypayment.com/client/rad/index.html' successfully

2021-11-19 11:31:35 - [MESSAGE][PASSED] - Navigate to 'https://qa.velocitypayment.com/client/rad/index.html' successfully

2021-11-19 11:31:35 - [TEST_STEP][PASSED] - orPath_Landing = "Object Repository/RAD_Pages/Landing_Page": null

2021-11-19 11:31:35 - [TEST_STEP][PASSED] - orPath_TaxTypeFilingYear = "Object Repository/RAD_Pages/TaxTypeFilingYear_Page": null

2021-11-19 11:31:35 - [TEST_STEP][PASSED] - orPath_TaxPayer = "Object Repository/RAD_Pages/Taxpayer_Page": null

2021-11-19 11:31:35 - [TEST_STEP][PASSED] - orPath_AddressContact = "Object Repository/RAD_Pages/AddressAndContactInfo_Page": null

2021-11-19 11:31:35 - [TEST_STEP][PASSED] - orPath_FilingStatus = "Object Repository/RAD_Pages/FilingStatus_Page": null

2021-11-19 11:31:35 - [TEST_STEP][PASSED] - orPath_Amount = "Object Repository/RAD_Pages/PaymentAmount_Page": null

2021-11-19 11:31:35 - [TEST_STEP][PASSED] - orPath_TaxInfo = "Object Repository/RAD_Pages/TaxInfo_Page": null

2021-11-19 11:31:35 - [TEST_STEP][PASSED] - orPath_Withholding = "Object Repository/RAD_Pages/Withholding_Page": null

2021-11-19 11:31:35 - [TEST_STEP][PASSED] - orPath_Summary = "Object Repository/RAD_Pages/Summary_Page": null

2021-11-19 11:31:35 - [TEST_STEP][PASSED] - orPath_PaymentReady = "Object Repository/RAD_Pages/PaymentReady_Page": null

2021-11-19 11:31:35 - [TEST_STEP][PASSED] - orPath_PaymentEntry = "Object Repository/RAD_Pages/PaymentEntry_Page": null

2021-11-19 11:31:35 - [TEST_STEP][PASSED] - orPath_PaymentConfirmation = "Object Repository/RAD_Pages/PaymentConfirmation_Page": null

2021-11-19 11:31:35 - [TEST_STEP][PASSED] - orPath_ServiceFeesAccept = "Object Repository/RAD_Pages/ServiceFeeAccept_Page": null

2021-11-19 11:31:35 - [TEST_STEP][PASSED] - selectOptionByLabel(findTestObject(orPath_Landing + "/dd_TaxType"), Taxtype, false): All options with label 'Personal Income Tax' are selected in object 'Object Repository/RAD_Pages/Landing_Page/dd_TaxType' 

2021-11-19 11:31:36 - [MESSAGE][PASSED] - All options with label 'Personal Income Tax' are selected in object 'Object Repository/RAD_Pages/Landing_Page/dd_TaxType' 

2021-11-19 11:31:36 - [TEST_STEP][PASSED] - delay(3): Delayed 3 second(s)

2021-11-19 11:31:39 - [MESSAGE][PASSED] - Delayed 3 second(s)

2021-11-19 11:31:39 - [TEST_STEP][PASSED] - switch (Taxtype): null

2021-11-19 11:31:39 - [TEST_STEP][PASSED] - case "Personal Income Tax":: null

2021-11-19 11:31:39 - [TEST_STEP][PASSED] - selectOptionByLabel(findTestObject(orPath_TaxTypeFilingYear + "/select_FilingYear"), FilingYear, false): All options with label '2018' are selected in object 'Object Repository/RAD_Pages/TaxTypeFilingYear_Page/select_FilingYear' 

2021-11-19 11:31:40 - [MESSAGE][PASSED] - All options with label '2018' are selected in object 'Object Repository/RAD_Pages/TaxTypeFilingYear_Page/select_FilingYear' 

2021-11-19 11:31:40 - [TEST_STEP][PASSED] - setText(findTestObject(orPath_TaxPayer + "/input_lastName"), LName): Text 'Vaughn' is set on object 'Object Repository/RAD_Pages/Taxpayer_Page/input_lastName'

2021-11-19 11:31:40 - [MESSAGE][PASSED] - Text 'Vaughn' is set on object 'Object Repository/RAD_Pages/Taxpayer_Page/input_lastName'

2021-11-19 11:31:40 - [TEST_STEP][PASSED] - setText(findTestObject("RAD_RecordAndPlay/input_concatSSN"), SSN): Text '123452514' is set on object 'Object Repository/RAD_RecordAndPlay/input_concatSSN'

2021-11-19 11:31:41 - [MESSAGE][PASSED] - Text '123452514' is set on object 'Object Repository/RAD_RecordAndPlay/input_concatSSN'

2021-11-19 11:31:41 - [TEST_STEP][PASSED] - setText(findTestObject("RAD_RecordAndPlay/input_concatReSSN"), SSN): Text '123452514' is set on object 'Object Repository/RAD_RecordAndPlay/input_concatReSSN'

2021-11-19 11:31:41 - [MESSAGE][PASSED] - Text '123452514' is set on object 'Object Repository/RAD_RecordAndPlay/input_concatReSSN'

2021-11-19 11:31:41 - [TEST_STEP][PASSED] - if (FilingType.equalsIgnoreCase("Y")): null

2021-11-19 11:31:41 - [TEST_STEP][PASSED] - else: Text '123453210' is set on object 'Object Repository/RAD_RecordAndPlay/input_reTypeJointFilerSSN'

2021-11-19 11:31:41 - [TEST_STEP][PASSED] - scrollToElement(findTestObject(orPath_Amount + "/input__paymentAmount"), 3): Scroll to object 'Object Repository/RAD_Pages/PaymentAmount_Page/input__paymentAmount' successfully

2021-11-19 11:31:42 - [MESSAGE][PASSED] - Scroll to object 'Object Repository/RAD_Pages/PaymentAmount_Page/input__paymentAmount' successfully

2021-11-19 11:31:42 - [TEST_STEP][PASSED] - waitForElementClickable(findTestObject(orPath_FilingStatus + "/input_userType_Joint"), 5): Object 'Object Repository/RAD_Pages/FilingStatus_Page/input_userType_Joint' is clickable

2021-11-19 11:31:42 - [MESSAGE][PASSED] - Object 'Object Repository/RAD_Pages/FilingStatus_Page/input_userType_Joint' is clickable

2021-11-19 11:31:42 - [TEST_STEP][PASSED] - check(findTestObject(orPath_FilingStatus + "/input_userType_Joint")): Object 'Object Repository/RAD_Pages/FilingStatus_Page/input_userType_Joint' is checked

2021-11-19 11:31:43 - [MESSAGE][PASSED] - Object 'Object Repository/RAD_Pages/FilingStatus_Page/input_userType_Joint' is checked

2021-11-19 11:31:43 - [TEST_STEP][PASSED] - delay(3): Delayed 3 second(s)

2021-11-19 11:31:46 - [MESSAGE][PASSED] - Delayed 3 second(s)

2021-11-19 11:31:46 - [TEST_STEP][PASSED] - setText(findTestObject(orPath_FilingStatus + "/input_jointFirstName"), "Sam"): Text 'Sam' is set on object 'Object Repository/RAD_Pages/FilingStatus_Page/input_jointFirstName'

2021-11-19 11:31:46 - [MESSAGE][PASSED] - Text 'Sam' is set on object 'Object Repository/RAD_Pages/FilingStatus_Page/input_jointFirstName'

2021-11-19 11:31:46 - [TEST_STEP][PASSED] - setText(findTestObject(orPath_FilingStatus + "/input_jointLastName"), "Stokes"): Text 'Stokes' is set on object 'Object Repository/RAD_Pages/FilingStatus_Page/input_jointLastName'

2021-11-19 11:31:47 - [MESSAGE][PASSED] - Text 'Stokes' is set on object 'Object Repository/RAD_Pages/FilingStatus_Page/input_jointLastName'

2021-11-19 11:31:47 - [TEST_STEP][PASSED] - setText(findTestObject("Object Repository/RAD_RecordAndPlay/input_JointFilerSSN"), "123453210"): Text '123453210' is set on object 'Object Repository/RAD_RecordAndPlay/input_JointFilerSSN'

2021-11-19 11:32:18 - [MESSAGE][INFO] - Unable to find the element located by 'By.xpath: //*[@id = 'data' and @name = 'Data' and @type = 'password' and @placeholder = 'Social Security Number']'. Please recheck the objects properties to make sure the desired element is located. 

2021-11-19 11:32:18 - [MESSAGE][WARNING] - [SELF-HEALING] Failed to find element with id 'Object Repository/RAD_RecordAndPlay/input_JointFilerSSN'. Try using Self-healing.

2021-11-19 11:32:18 - [MESSAGE][WARNING] - [SELF-HEALING] The current locator of test object 'Object Repository/RAD_RecordAndPlay/input_JointFilerSSN' was broken. Propose an alternative one: '//input[@id='data']'.

2021-11-19 11:32:49 - [MESSAGE][INFO] - Unable to find the element located by 'By.xpath: //*[@id = 'data' and @name = 'Data' and @type = 'password' and @placeholder = 'Social Security Number']'. Please recheck the objects properties to make sure the desired element is located. 

2021-11-19 11:32:49 - [MESSAGE][WARNING] - [SELF-HEALING] Failed to find element with id 'Object Repository/RAD_RecordAndPlay/input_JointFilerSSN'. Try using Self-healing.

2021-11-19 11:32:49 - [MESSAGE][WARNING] - [SELF-HEALING] The current locator of test object 'Object Repository/RAD_RecordAndPlay/input_JointFilerSSN' was broken. Propose an alternative one: '//input[@id='data']'.

2021-11-19 11:32:49 - [MESSAGE][PASSED] - Text '123453210' is set on object 'Object Repository/RAD_RecordAndPlay/input_JointFilerSSN'

2021-11-19 11:32:49 - [TEST_STEP][PASSED] - setText(findTestObject("Object Repository/RAD_RecordAndPlay/input_reTypeJointFilerSSN"), "123453210"): Text '123453210' is set on object 'Object Repository/RAD_RecordAndPlay/input_reTypeJointFilerSSN'

2021-11-19 11:33:21 - [MESSAGE][INFO] - Unable to find the element located by 'By.xpath: //*[@id = 'data' and @name = 'Data' and @type = 'password' and @placeholder = 'Re-Type SSN']'. Please recheck the objects properties to make sure the desired element is located. 

2021-11-19 11:33:21 - [MESSAGE][WARNING] - [SELF-HEALING] Failed to find element with id 'Object Repository/RAD_RecordAndPlay/input_reTypeJointFilerSSN'. Try using Self-healing.

2021-11-19 11:33:21 - [MESSAGE][WARNING] - [SELF-HEALING] The current locator of test object 'Object Repository/RAD_RecordAndPlay/input_reTypeJointFilerSSN' was broken. Propose an alternative one: '//input[@id='data']'.

2021-11-19 11:33:52 - [MESSAGE][INFO] - Unable to find the element located by 'By.xpath: //*[@id = 'data' and @name = 'Data' and @type = 'password' and @placeholder = 'Re-Type SSN']'. Please recheck the objects properties to make sure the desired element is located. 

2021-11-19 11:33:52 - [MESSAGE][WARNING] - [SELF-HEALING] Failed to find element with id 'Object Repository/RAD_RecordAndPlay/input_reTypeJointFilerSSN'. Try using Self-healing.

2021-11-19 11:33:52 - [MESSAGE][WARNING] - [SELF-HEALING] The current locator of test object 'Object Repository/RAD_RecordAndPlay/input_reTypeJointFilerSSN' was broken. Propose an alternative one: '//input[@id='data']'.

2021-11-19 11:33:52 - [MESSAGE][PASSED] - Text '123453210' is set on object 'Object Repository/RAD_RecordAndPlay/input_reTypeJointFilerSSN'

2021-11-19 11:33:52 - [TEST_STEP][PASSED] - break: null

2021-11-19 11:33:52 - [TEST_STEP][PASSED] - setText(findTestObject(orPath_TaxPayer + "/input_firstName"), FName): Text 'Michael' is set on object 'Object Repository/RAD_Pages/Taxpayer_Page/input_firstName'

2021-11-19 11:33:53 - [MESSAGE][PASSED] - Text 'Michael' is set on object 'Object Repository/RAD_Pages/Taxpayer_Page/input_firstName'

2021-11-19 11:33:53 - [TEST_STEP][PASSED] - setText(findTestObject(orPath_TaxPayer + "/input_lastName"), LName): Text 'Vaughn' is set on object 'Object Repository/RAD_Pages/Taxpayer_Page/input_lastName'

2021-11-19 11:33:54 - [MESSAGE][PASSED] - Text 'Vaughn' is set on object 'Object Repository/RAD_Pages/Taxpayer_Page/input_lastName'

2021-11-19 11:33:54 - [TEST_STEP][PASSED] - selectOptionByLabel(findTestObject(orPath_AddressContact + "/select_Country"), "United States", false): All options with label 'United States' are selected in object 'Object Repository/RAD_Pages/AddressAndContactInfo_Page/select_Country' 

2021-11-19 11:33:55 - [MESSAGE][PASSED] - All options with label 'United States' are selected in object 'Object Repository/RAD_Pages/AddressAndContactInfo_Page/select_Country' 

2021-11-19 11:33:55 - [TEST_STEP][PASSED] - setText(findTestObject(orPath_AddressContact + "/input_streetAddress1"), AL1): Text '2000 14th street' is set on object 'Object Repository/RAD_Pages/AddressAndContactInfo_Page/input_streetAddress1'

2021-11-19 11:33:56 - [MESSAGE][PASSED] - Text '2000 14th street' is set on object 'Object Repository/RAD_Pages/AddressAndContactInfo_Page/input_streetAddress1'

2021-11-19 11:33:56 - [TEST_STEP][PASSED] - setText(findTestObject(orPath_AddressContact + "/input_streetAddress2"), ""): Text '' is set on object 'Object Repository/RAD_Pages/AddressAndContactInfo_Page/input_streetAddress2'

2021-11-19 11:33:56 - [MESSAGE][PASSED] - Text '' is set on object 'Object Repository/RAD_Pages/AddressAndContactInfo_Page/input_streetAddress2'

2021-11-19 11:33:56 - [TEST_STEP][PASSED] - setText(findTestObject(orPath_AddressContact + "/input_city"), City): Text 'Columbia' is set on object 'Object Repository/RAD_Pages/AddressAndContactInfo_Page/input_city'

2021-11-19 11:33:57 - [MESSAGE][PASSED] - Text 'Columbia' is set on object 'Object Repository/RAD_Pages/AddressAndContactInfo_Page/input_city'

2021-11-19 11:33:57 - [TEST_STEP][PASSED] - selectOptionByLabel(findTestObject(orPath_AddressContact + "/select_State"), "Maryland", false): All options with label 'Maryland' are selected in object 'Object Repository/RAD_Pages/AddressAndContactInfo_Page/select_State' 

2021-11-19 11:33:58 - [MESSAGE][PASSED] - All options with label 'Maryland' are selected in object 'Object Repository/RAD_Pages/AddressAndContactInfo_Page/select_State' 

2021-11-19 11:33:58 - [TEST_STEP][PASSED] - setText(findTestObject(orPath_AddressContact + "/input_zipCode"), ZIP): Text '21093' is set on object 'Object Repository/RAD_Pages/AddressAndContactInfo_Page/input_zipCode'

2021-11-19 11:33:58 - [MESSAGE][PASSED] - Text '21093' is set on object 'Object Repository/RAD_Pages/AddressAndContactInfo_Page/input_zipCode'

2021-11-19 11:33:58 - [TEST_STEP][PASSED] - setText(findTestObject(orPath_AddressContact + "/input_phoneNumber"), "(703) 894-5000"): Text '(703) 894-5000' is set on object 'Object Repository/RAD_Pages/AddressAndContactInfo_Page/input_phoneNumber'

2021-11-19 11:33:59 - [MESSAGE][PASSED] - Text '(703) 894-5000' is set on object 'Object Repository/RAD_Pages/AddressAndContactInfo_Page/input_phoneNumber'

2021-11-19 11:33:59 - [TEST_STEP][PASSED] - setText(findTestObject(orPath_AddressContact + "/input_eMailAddress"), "iahmed@govolution.com"): Text 'iahmed@govolution.com' is set on object 'Object Repository/RAD_Pages/AddressAndContactInfo_Page/input_eMailAddress'

2021-11-19 11:34:00 - [MESSAGE][PASSED] - Text 'iahmed@govolution.com' is set on object 'Object Repository/RAD_Pages/AddressAndContactInfo_Page/input_eMailAddress'

2021-11-19 11:34:00 - [TEST_STEP][PASSED] - setText(findTestObject(orPath_AddressContact + "/input_reEnterEMailAddress"), "iahmed@govolution.com"): Text 'iahmed@govolution.com' is set on object 'Object Repository/RAD_Pages/AddressAndContactInfo_Page/input_reEnterEMailAddress'

2021-11-19 11:34:01 - [MESSAGE][PASSED] - Text 'iahmed@govolution.com' is set on object 'Object Repository/RAD_Pages/AddressAndContactInfo_Page/input_reEnterEMailAddress'

2021-11-19 11:34:01 - [TEST_STEP][PASSED] - setText(findTestObject(orPath_Amount + "/input__paymentAmount"), Amount): Text '100.00' is set on object 'Object Repository/RAD_Pages/PaymentAmount_Page/input__paymentAmount'

2021-11-19 11:34:02 - [MESSAGE][PASSED] - Text '100.00' is set on object 'Object Repository/RAD_Pages/PaymentAmount_Page/input__paymentAmount'

2021-11-19 11:34:02 - [TEST_STEP][PASSED] - scrollToElement(findTestObject(orPath_Landing + "/button_Continue"), 3): Scroll to object 'Object Repository/RAD_Pages/Landing_Page/button_Continue' successfully

2021-11-19 11:34:02 - [MESSAGE][PASSED] - Scroll to object 'Object Repository/RAD_Pages/Landing_Page/button_Continue' successfully

2021-11-19 11:34:02 - [TEST_STEP][PASSED] - waitForElementClickable(findTestObject(orPath_Landing + "/button_Continue"), 5): Object 'Object Repository/RAD_Pages/Landing_Page/button_Continue' is clickable

2021-11-19 11:34:03 - [MESSAGE][PASSED] - Object 'Object Repository/RAD_Pages/Landing_Page/button_Continue' is clickable

2021-11-19 11:34:03 - [TEST_STEP][PASSED] - click(findTestObject(orPath_Landing + "/button_Continue")): Object: 'Object Repository/RAD_Pages/Landing_Page/button_Continue' is clicked on

2021-11-19 11:34:03 - [MESSAGE][PASSED] - Object: 'Object Repository/RAD_Pages/Landing_Page/button_Continue' is clicked on

2021-11-19 11:34:03 - [TEST_STEP][PASSED] - verifyTextPresent("Review the information below and make any necessary corrections by clicking the", true): Text 'Review the information below and make any necessary corrections by clicking the' is present on page  using regular expression

2021-11-19 11:34:03 - [MESSAGE][PASSED] - Text 'Review the information below and make any necessary corrections by clicking the' is present on page  using regular expression

2021-11-19 11:34:03 - [TEST_STEP][PASSED] - verifyTextPresent("When you are confident that all the information is correct", true): Text 'When you are confident that all the information is correct' is present on page  using regular expression

2021-11-19 11:34:04 - [MESSAGE][PASSED] - Text 'When you are confident that all the information is correct' is present on page  using regular expression

2021-11-19 11:34:04 - [TEST_STEP][PASSED] - delay(1): Delayed 1 second(s)

2021-11-19 11:34:05 - [MESSAGE][PASSED] - Delayed 1 second(s)

2021-11-19 11:34:05 - [TEST_STEP][PASSED] - click(findTestObject(orPath_Summary + "/button_Proceed to Payment")): Object: 'Object Repository/RAD_Pages/Summary_Page/button_Proceed to Payment' is clicked on

2021-11-19 11:34:07 - [MESSAGE][PASSED] - Object: 'Object Repository/RAD_Pages/Summary_Page/button_Proceed to Payment' is clicked on

2021-11-19 11:34:07 - [TEST_STEP][PASSED] - setText(findTestObject(orPath_PaymentEntry + "/input__cardNumber"), CCNumber): Text '6011000993026909' is set on object 'Object Repository/RAD_Pages/PaymentEntry_Page/input__cardNumber'

2021-11-19 11:34:08 - [MESSAGE][PASSED] - Text '6011000993026909' is set on object 'Object Repository/RAD_Pages/PaymentEntry_Page/input__cardNumber'

2021-11-19 11:34:08 - [TEST_STEP][PASSED] - setText(findTestObject(orPath_PaymentEntry + "/input__spc"), CVV): Text '123' is set on object 'Object Repository/RAD_Pages/PaymentEntry_Page/input__spc'

2021-11-19 11:34:09 - [MESSAGE][PASSED] - Text '123' is set on object 'Object Repository/RAD_Pages/PaymentEntry_Page/input__spc'

2021-11-19 11:34:09 - [TEST_STEP][PASSED] - selectOptionByLabel(findTestObject(orPath_PaymentEntry + "/select_MM"), "12", false): All options with label '12' are selected in object 'Object Repository/RAD_Pages/PaymentEntry_Page/select_MM' 

2021-11-19 11:34:09 - [MESSAGE][PASSED] - All options with label '12' are selected in object 'Object Repository/RAD_Pages/PaymentEntry_Page/select_MM' 

2021-11-19 11:34:09 - [TEST_STEP][PASSED] - selectOptionByLabel(findTestObject(orPath_PaymentEntry + "/select_YYYY"), "2023", false): All options with label '2023' are selected in object 'Object Repository/RAD_Pages/PaymentEntry_Page/select_YYYY' 

2021-11-19 11:34:10 - [MESSAGE][PASSED] - All options with label '2023' are selected in object 'Object Repository/RAD_Pages/PaymentEntry_Page/select_YYYY' 

2021-11-19 11:34:10 - [TEST_STEP][PASSED] - click(findTestObject(orPath_PaymentEntry + "/input_Field_ccSubmit")): Object: 'Object Repository/RAD_Pages/PaymentEntry_Page/input_Field_ccSubmit' is clicked on

2021-11-19 11:34:11 - [MESSAGE][PASSED] - Object: 'Object Repository/RAD_Pages/PaymentEntry_Page/input_Field_ccSubmit' is clicked on

2021-11-19 11:34:11 - [TEST_STEP][PASSED] - click(findTestObject(orPath_PaymentConfirmation + "/input_N_confirmNotifyAction")): Object: 'Object Repository/RAD_Pages/PaymentConfirmation_Page/input_N_confirmNotifyAction' is clicked on

2021-11-19 11:34:12 - [MESSAGE][PASSED] - Object: 'Object Repository/RAD_Pages/PaymentConfirmation_Page/input_N_confirmNotifyAction' is clicked on

2021-11-19 11:34:12 - [TEST_STEP][PASSED] - click(findTestObject(orPath_ServiceFeesAccept + "/input_convFeeNotifyAction")): Object: 'Object Repository/RAD_Pages/ServiceFeeAccept_Page/input_convFeeNotifyAction' is clicked on

2021-11-19 11:34:14 - [MESSAGE][PASSED] - Object: 'Object Repository/RAD_Pages/ServiceFeeAccept_Page/input_convFeeNotifyAction' is clicked on

2021-11-19 11:34:14 - [TEST_STEP][PASSED] - delay(10): Delayed 10 second(s)

2021-11-19 11:34:24 - [MESSAGE][PASSED] - Delayed 10 second(s)

2021-11-19 11:34:24 - [TEST_STEP][PASSED] - verifyTextPresent("Successful Payment Receipt", true): Text 'Successful Payment Receipt' is present on page  using regular expression

2021-11-19 11:34:24 - [MESSAGE][PASSED] - Text 'Successful Payment Receipt' is present on page  using regular expression

2021-11-19 11:34:24 - [TEST_STEP][PASSED] - if (verifyTextPresent("Successful Payment Receipt", true)): null

2021-11-19 11:34:25 - [MESSAGE][PASSED] - Text 'Successful Payment Receipt' is present on page  using regular expression

2021-11-19 11:34:25 - [TEST_STEP][PASSED] - println("Transaction was Successful"): null

2021-11-19 11:34:25 - [TEST_STEP][PASSED] - out.println("Pass Record Number: " + row): null

2021-11-19 11:34:25 - [TEST_STEP][PASSED] - resText = "Pass": null

2021-11-19 11:34:25 - [TEST_STEP][PASSED] - pages.WriteExcel.demoKey(resText, datText, resColumn, datCloumn, fileLoc, nameSheet, row): pages.WriteExcel.demoKey is PASSED

2021-11-19 11:34:25 - [MESSAGE][PASSED] - pages.WriteExcel.demoKey is PASSED

2021-11-19 11:34:25 - [TEST_STEP][PASSED] - ExecuteTC = findTestData(dataFile).getValue("Execute", row): null

2021-11-19 11:34:25 - [TEST_STEP][PASSED] - PaymentType = findTestData(dataFile).getValue("PaymentType", row): null

2021-11-19 11:34:25 - [TEST_STEP][PASSED] - FilingYear = findTestData(dataFile).getValue("FilingYear", row): null

2021-11-19 11:34:25 - [TEST_STEP][PASSED] - PeriodEnding = findTestData(dataFile).getValue("PeriodEnding", row): null

2021-11-19 11:34:25 - [TEST_STEP][PASSED] - FName = findTestData(dataFile).getValue("Fname", row): null

2021-11-19 11:34:25 - [TEST_STEP][PASSED] - LName = findTestData(dataFile).getValue("Lname", row): null

2021-11-19 11:34:25 - [TEST_STEP][PASSED] - SSN = findTestData(dataFile).getValue("SSN", row): null

2021-11-19 11:34:25 - [TEST_STEP][PASSED] - BusName = findTestData(dataFile).getValue("BusName", row): null

2021-11-19 11:34:25 - [TEST_STEP][PASSED] - AL1 = findTestData(dataFile).getValue("AL1", row): null

2021-11-19 11:34:25 - [TEST_STEP][PASSED] - City = findTestData(dataFile).getValue("City", row): null

2021-11-19 11:34:25 - [TEST_STEP][PASSED] - ZIP = findTestData(dataFile).getValue("ZIP", row): null

2021-11-19 11:34:25 - [TEST_STEP][PASSED] - FilingType = findTestData(dataFile).getValue("FilingType", row): null

2021-11-19 11:34:25 - [TEST_STEP][PASSED] - Withholding = findTestData(dataFile).getValue("Withholding", row): null

2021-11-19 11:34:25 - [TEST_STEP][PASSED] - Amount = findTestData(dataFile).getValue("Amount", row): null

2021-11-19 11:34:25 - [TEST_STEP][PASSED] - CCNumber = findTestData(dataFile).getValue("CCNumber", row): null

2021-11-19 11:34:25 - [TEST_STEP][PASSED] - CVV = findTestData(dataFile).getValue("CVV", row): null

2021-11-19 11:34:25 - [TEST_STEP][PASSED] - out.println("Value of Execute is : " + ExecuteTC): null

2021-11-19 11:34:25 - [TEST_STEP][PASSED] - if (ExecuteTC.equalsIgnoreCase("Y")): null

2021-11-19 11:34:25 - [TEST_STEP][PASSED] - out.println("Begin Record Number: " + row): null

2021-11-19 11:34:25 - [TEST_STEP][PASSED] - today = new java.util.Date(): null

2021-11-19 11:34:25 - [TEST_STEP][PASSED] - println(today): null

2021-11-19 11:34:25 - [TEST_STEP][PASSED] - datText = today: null

2021-11-19 11:34:25 - [TEST_STEP][PASSED] - Taxtype = findTestData(dataFile).getValue("TaxType", row): null

2021-11-19 11:34:25 - [TEST_STEP][PASSED] - out.println("Taxtype value is : " + Taxtype): null

2021-11-19 11:34:25 - [TEST_STEP][PASSED] - openBrowser(""): Browser is opened with url: ''

2021-11-19 11:34:25 - [MESSAGE][WARNING] - A browser is already opened. Closing browser and opening a new one

2021-11-19 11:34:26 - [MESSAGE][INFO] - Starting 'Chrome' driver

2021-11-19 11:34:26 - [MESSAGE][INFO] - User set preference: ['acceptInsecureCerts', 'true']

2021-11-19 11:34:26 - [MESSAGE][INFO] - Action delay is set to 0 milliseconds

2021-11-19 11:34:28 - [MESSAGE][PASSED] - Browser is opened with url: ''

2021-11-19 11:34:28 - [TEST_STEP][PASSED] - maximizeWindow(): Current window maximized

2021-11-19 11:34:28 - [MESSAGE][PASSED] - Current window maximized

2021-11-19 11:34:28 - [TEST_STEP][PASSED] - navigateToUrl(RADurl): Navigate to 'https://qa.velocitypayment.com/client/rad/index.html' successfully

2021-11-19 11:34:30 - [MESSAGE][PASSED] - Navigate to 'https://qa.velocitypayment.com/client/rad/index.html' successfully

2021-11-19 11:34:30 - [TEST_STEP][PASSED] - orPath_Landing = "Object Repository/RAD_Pages/Landing_Page": null

2021-11-19 11:34:30 - [TEST_STEP][PASSED] - orPath_TaxTypeFilingYear = "Object Repository/RAD_Pages/TaxTypeFilingYear_Page": null

2021-11-19 11:34:30 - [TEST_STEP][PASSED] - orPath_TaxPayer = "Object Repository/RAD_Pages/Taxpayer_Page": null

2021-11-19 11:34:30 - [TEST_STEP][PASSED] - orPath_AddressContact = "Object Repository/RAD_Pages/AddressAndContactInfo_Page": null

2021-11-19 11:34:30 - [TEST_STEP][PASSED] - orPath_FilingStatus = "Object Repository/RAD_Pages/FilingStatus_Page": null

2021-11-19 11:34:30 - [TEST_STEP][PASSED] - orPath_Amount = "Object Repository/RAD_Pages/PaymentAmount_Page": null

2021-11-19 11:34:30 - [TEST_STEP][PASSED] - orPath_TaxInfo = "Object Repository/RAD_Pages/TaxInfo_Page": null

2021-11-19 11:34:30 - [TEST_STEP][PASSED] - orPath_Withholding = "Object Repository/RAD_Pages/Withholding_Page": null

2021-11-19 11:34:30 - [TEST_STEP][PASSED] - orPath_Summary = "Object Repository/RAD_Pages/Summary_Page": null

2021-11-19 11:34:30 - [TEST_STEP][PASSED] - orPath_PaymentReady = "Object Repository/RAD_Pages/PaymentReady_Page": null

2021-11-19 11:34:30 - [TEST_STEP][PASSED] - orPath_PaymentEntry = "Object Repository/RAD_Pages/PaymentEntry_Page": null

2021-11-19 11:34:30 - [TEST_STEP][PASSED] - orPath_PaymentConfirmation = "Object Repository/RAD_Pages/PaymentConfirmation_Page": null

2021-11-19 11:34:30 - [TEST_STEP][PASSED] - orPath_ServiceFeesAccept = "Object Repository/RAD_Pages/ServiceFeeAccept_Page": null

2021-11-19 11:34:30 - [TEST_STEP][PASSED] - selectOptionByLabel(findTestObject(orPath_Landing + "/dd_TaxType"), Taxtype, false): All options with label 'Extension Payments' are selected in object 'Object Repository/RAD_Pages/Landing_Page/dd_TaxType' 

2021-11-19 11:34:31 - [MESSAGE][PASSED] - All options with label 'Extension Payments' are selected in object 'Object Repository/RAD_Pages/Landing_Page/dd_TaxType' 

2021-11-19 11:34:31 - [TEST_STEP][PASSED] - delay(3): Delayed 3 second(s)

2021-11-19 11:34:34 - [MESSAGE][PASSED] - Delayed 3 second(s)

2021-11-19 11:34:34 - [TEST_STEP][PASSED] - switch (Taxtype): null

2021-11-19 11:34:34 - [TEST_STEP][PASSED] - case "Extension Payments":: null

2021-11-19 11:34:34 - [TEST_STEP][PASSED] - selectOptionByLabel(findTestObject(orPath_TaxTypeFilingYear + "/select_PaymentType"), PaymentType, false): All options with label 'Personal' are selected in object 'Object Repository/RAD_Pages/TaxTypeFilingYear_Page/select_PaymentType' 

2021-11-19 11:34:34 - [MESSAGE][PASSED] - All options with label 'Personal' are selected in object 'Object Repository/RAD_Pages/TaxTypeFilingYear_Page/select_PaymentType' 

2021-11-19 11:34:34 - [TEST_STEP][PASSED] - selectOptionByLabel(findTestObject(orPath_TaxTypeFilingYear + "/select_FilingYear"), FilingYear, false): All options with label '2020' are selected in object 'Object Repository/RAD_Pages/TaxTypeFilingYear_Page/select_FilingYear' 

2021-11-19 11:34:35 - [MESSAGE][PASSED] - All options with label '2020' are selected in object 'Object Repository/RAD_Pages/TaxTypeFilingYear_Page/select_FilingYear' 

2021-11-19 11:34:35 - [TEST_STEP][PASSED] - if (PaymentType.equalsIgnoreCase("Personal")): Object 'Object Repository/RAD_Pages/FilingStatus_Page/input_userType_Individual' is checked

2021-11-19 11:34:35 - [TEST_STEP][PASSED] - if (FilingType.equalsIgnoreCase("Y")): Object 'Object Repository/RAD_Pages/FilingStatus_Page/input_userType_Individual' is checked

2021-11-19 11:34:35 - [TEST_STEP][PASSED] - setText(findTestObject(orPath_TaxPayer + "/input_lastName"), LName): Text 'Anderson' is set on object 'Object Repository/RAD_Pages/Taxpayer_Page/input_lastName'

2021-11-19 11:34:36 - [MESSAGE][PASSED] - Text 'Anderson' is set on object 'Object Repository/RAD_Pages/Taxpayer_Page/input_lastName'

2021-11-19 11:34:36 - [TEST_STEP][PASSED] - setText(findTestObject("RAD_RecordAndPlay/input_concatSSN"), SSN): Text '123451234' is set on object 'Object Repository/RAD_RecordAndPlay/input_concatSSN'

2021-11-19 11:34:36 - [MESSAGE][PASSED] - Text '123451234' is set on object 'Object Repository/RAD_RecordAndPlay/input_concatSSN'

2021-11-19 11:34:36 - [TEST_STEP][PASSED] - setText(findTestObject("RAD_RecordAndPlay/input_concatReSSN"), SSN): Text '123451234' is set on object 'Object Repository/RAD_RecordAndPlay/input_concatReSSN'

2021-11-19 11:34:37 - [MESSAGE][PASSED] - Text '123451234' is set on object 'Object Repository/RAD_RecordAndPlay/input_concatReSSN'

2021-11-19 11:34:37 - [TEST_STEP][PASSED] - check(findTestObject(orPath_FilingStatus + "/input_userType_Individual")): Object 'Object Repository/RAD_Pages/FilingStatus_Page/input_userType_Individual' is checked

2021-11-19 11:34:37 - [MESSAGE][PASSED] - Object 'Object Repository/RAD_Pages/FilingStatus_Page/input_userType_Individual' is checked

2021-11-19 11:34:37 - [TEST_STEP][PASSED] - break: null

2021-11-19 11:34:37 - [TEST_STEP][PASSED] - setText(findTestObject(orPath_TaxPayer + "/input_firstName"), FName): Text 'Jimmie' is set on object 'Object Repository/RAD_Pages/Taxpayer_Page/input_firstName'

2021-11-19 11:34:38 - [MESSAGE][PASSED] - Text 'Jimmie' is set on object 'Object Repository/RAD_Pages/Taxpayer_Page/input_firstName'

2021-11-19 11:34:38 - [TEST_STEP][PASSED] - setText(findTestObject(orPath_TaxPayer + "/input_lastName"), LName): Text 'Anderson' is set on object 'Object Repository/RAD_Pages/Taxpayer_Page/input_lastName'

2021-11-19 11:34:39 - [MESSAGE][PASSED] - Text 'Anderson' is set on object 'Object Repository/RAD_Pages/Taxpayer_Page/input_lastName'

2021-11-19 11:34:39 - [TEST_STEP][PASSED] - selectOptionByLabel(findTestObject(orPath_AddressContact + "/select_Country"), "United States", false): All options with label 'United States' are selected in object 'Object Repository/RAD_Pages/AddressAndContactInfo_Page/select_Country' 

2021-11-19 11:34:40 - [MESSAGE][PASSED] - All options with label 'United States' are selected in object 'Object Repository/RAD_Pages/AddressAndContactInfo_Page/select_Country' 

2021-11-19 11:34:40 - [TEST_STEP][PASSED] - setText(findTestObject(orPath_AddressContact + "/input_streetAddress1"), AL1): Text '15 Main Street' is set on object 'Object Repository/RAD_Pages/AddressAndContactInfo_Page/input_streetAddress1'

2021-11-19 11:34:40 - [MESSAGE][PASSED] - Text '15 Main Street' is set on object 'Object Repository/RAD_Pages/AddressAndContactInfo_Page/input_streetAddress1'

2021-11-19 11:34:40 - [TEST_STEP][PASSED] - setText(findTestObject(orPath_AddressContact + "/input_streetAddress2"), ""): Text '' is set on object 'Object Repository/RAD_Pages/AddressAndContactInfo_Page/input_streetAddress2'

2021-11-19 11:34:41 - [MESSAGE][PASSED] - Text '' is set on object 'Object Repository/RAD_Pages/AddressAndContactInfo_Page/input_streetAddress2'

2021-11-19 11:34:41 - [TEST_STEP][PASSED] - setText(findTestObject(orPath_AddressContact + "/input_city"), City): Text 'Gambrills' is set on object 'Object Repository/RAD_Pages/AddressAndContactInfo_Page/input_city'

2021-11-19 11:34:42 - [MESSAGE][PASSED] - Text 'Gambrills' is set on object 'Object Repository/RAD_Pages/AddressAndContactInfo_Page/input_city'

2021-11-19 11:34:42 - [TEST_STEP][PASSED] - selectOptionByLabel(findTestObject(orPath_AddressContact + "/select_State"), "Maryland", false): All options with label 'Maryland' are selected in object 'Object Repository/RAD_Pages/AddressAndContactInfo_Page/select_State' 

2021-11-19 11:34:42 - [MESSAGE][PASSED] - All options with label 'Maryland' are selected in object 'Object Repository/RAD_Pages/AddressAndContactInfo_Page/select_State' 

2021-11-19 11:34:42 - [TEST_STEP][PASSED] - setText(findTestObject(orPath_AddressContact + "/input_zipCode"), ZIP): Text '21054' is set on object 'Object Repository/RAD_Pages/AddressAndContactInfo_Page/input_zipCode'

2021-11-19 11:34:43 - [MESSAGE][PASSED] - Text '21054' is set on object 'Object Repository/RAD_Pages/AddressAndContactInfo_Page/input_zipCode'

2021-11-19 11:34:43 - [TEST_STEP][PASSED] - setText(findTestObject(orPath_AddressContact + "/input_phoneNumber"), "(703) 894-5000"): Text '(703) 894-5000' is set on object 'Object Repository/RAD_Pages/AddressAndContactInfo_Page/input_phoneNumber'

2021-11-19 11:34:44 - [MESSAGE][PASSED] - Text '(703) 894-5000' is set on object 'Object Repository/RAD_Pages/AddressAndContactInfo_Page/input_phoneNumber'

2021-11-19 11:34:44 - [TEST_STEP][PASSED] - setText(findTestObject(orPath_AddressContact + "/input_eMailAddress"), "iahmed@govolution.com"): Text 'iahmed@govolution.com' is set on object 'Object Repository/RAD_Pages/AddressAndContactInfo_Page/input_eMailAddress'

2021-11-19 11:34:45 - [MESSAGE][PASSED] - Text 'iahmed@govolution.com' is set on object 'Object Repository/RAD_Pages/AddressAndContactInfo_Page/input_eMailAddress'

2021-11-19 11:34:45 - [TEST_STEP][PASSED] - setText(findTestObject(orPath_AddressContact + "/input_reEnterEMailAddress"), "iahmed@govolution.com"): Text 'iahmed@govolution.com' is set on object 'Object Repository/RAD_Pages/AddressAndContactInfo_Page/input_reEnterEMailAddress'

2021-11-19 11:34:45 - [MESSAGE][PASSED] - Text 'iahmed@govolution.com' is set on object 'Object Repository/RAD_Pages/AddressAndContactInfo_Page/input_reEnterEMailAddress'

2021-11-19 11:34:45 - [TEST_STEP][PASSED] - setText(findTestObject(orPath_Amount + "/input__paymentAmount"), Amount): Text '100.00' is set on object 'Object Repository/RAD_Pages/PaymentAmount_Page/input__paymentAmount'

2021-11-19 11:34:46 - [MESSAGE][PASSED] - Text '100.00' is set on object 'Object Repository/RAD_Pages/PaymentAmount_Page/input__paymentAmount'

2021-11-19 11:34:46 - [TEST_STEP][PASSED] - scrollToElement(findTestObject(orPath_Landing + "/button_Continue"), 3): Scroll to object 'Object Repository/RAD_Pages/Landing_Page/button_Continue' successfully

2021-11-19 11:34:47 - [MESSAGE][PASSED] - Scroll to object 'Object Repository/RAD_Pages/Landing_Page/button_Continue' successfully

2021-11-19 11:34:47 - [TEST_STEP][PASSED] - waitForElementClickable(findTestObject(orPath_Landing + "/button_Continue"), 5): Object 'Object Repository/RAD_Pages/Landing_Page/button_Continue' is clickable

2021-11-19 11:34:47 - [MESSAGE][PASSED] - Object 'Object Repository/RAD_Pages/Landing_Page/button_Continue' is clickable

2021-11-19 11:34:47 - [TEST_STEP][PASSED] - click(findTestObject(orPath_Landing + "/button_Continue")): Object: 'Object Repository/RAD_Pages/Landing_Page/button_Continue' is clicked on

2021-11-19 11:34:47 - [MESSAGE][PASSED] - Object: 'Object Repository/RAD_Pages/Landing_Page/button_Continue' is clicked on

2021-11-19 11:34:47 - [TEST_STEP][PASSED] - verifyTextPresent("Review the information below and make any necessary corrections by clicking the", true): Text 'Review the information below and make any necessary corrections by clicking the' is present on page  using regular expression

2021-11-19 11:34:48 - [MESSAGE][PASSED] - Text 'Review the information below and make any necessary corrections by clicking the' is present on page  using regular expression

2021-11-19 11:34:48 - [TEST_STEP][PASSED] - verifyTextPresent("When you are confident that all the information is correct", true): Text 'When you are confident that all the information is correct' is present on page  using regular expression

2021-11-19 11:34:48 - [MESSAGE][PASSED] - Text 'When you are confident that all the information is correct' is present on page  using regular expression

2021-11-19 11:34:48 - [TEST_STEP][PASSED] - delay(1): Delayed 1 second(s)

2021-11-19 11:34:49 - [MESSAGE][PASSED] - Delayed 1 second(s)

2021-11-19 11:34:49 - [TEST_STEP][PASSED] - click(findTestObject(orPath_Summary + "/button_Proceed to Payment")): Object: 'Object Repository/RAD_Pages/Summary_Page/button_Proceed to Payment' is clicked on

2021-11-19 11:34:51 - [MESSAGE][PASSED] - Object: 'Object Repository/RAD_Pages/Summary_Page/button_Proceed to Payment' is clicked on

2021-11-19 11:34:51 - [TEST_STEP][PASSED] - setText(findTestObject(orPath_PaymentEntry + "/input__cardNumber"), CCNumber): Text '4012000098765439' is set on object 'Object Repository/RAD_Pages/PaymentEntry_Page/input__cardNumber'

2021-11-19 11:34:52 - [MESSAGE][PASSED] - Text '4012000098765439' is set on object 'Object Repository/RAD_Pages/PaymentEntry_Page/input__cardNumber'

2021-11-19 11:34:52 - [TEST_STEP][PASSED] - setText(findTestObject(orPath_PaymentEntry + "/input__spc"), CVV): Text '123' is set on object 'Object Repository/RAD_Pages/PaymentEntry_Page/input__spc'

2021-11-19 11:34:53 - [MESSAGE][PASSED] - Text '123' is set on object 'Object Repository/RAD_Pages/PaymentEntry_Page/input__spc'

2021-11-19 11:34:53 - [TEST_STEP][PASSED] - selectOptionByLabel(findTestObject(orPath_PaymentEntry + "/select_MM"), "12", false): All options with label '12' are selected in object 'Object Repository/RAD_Pages/PaymentEntry_Page/select_MM' 

2021-11-19 11:34:53 - [MESSAGE][PASSED] - All options with label '12' are selected in object 'Object Repository/RAD_Pages/PaymentEntry_Page/select_MM' 

2021-11-19 11:34:53 - [TEST_STEP][PASSED] - selectOptionByLabel(findTestObject(orPath_PaymentEntry + "/select_YYYY"), "2023", false): All options with label '2023' are selected in object 'Object Repository/RAD_Pages/PaymentEntry_Page/select_YYYY' 

2021-11-19 11:34:54 - [MESSAGE][PASSED] - All options with label '2023' are selected in object 'Object Repository/RAD_Pages/PaymentEntry_Page/select_YYYY' 

2021-11-19 11:34:54 - [TEST_STEP][PASSED] - click(findTestObject(orPath_PaymentEntry + "/input_Field_ccSubmit")): Object: 'Object Repository/RAD_Pages/PaymentEntry_Page/input_Field_ccSubmit' is clicked on

2021-11-19 11:34:55 - [MESSAGE][PASSED] - Object: 'Object Repository/RAD_Pages/PaymentEntry_Page/input_Field_ccSubmit' is clicked on

2021-11-19 11:34:55 - [TEST_STEP][PASSED] - click(findTestObject(orPath_PaymentConfirmation + "/input_N_confirmNotifyAction")): Object: 'Object Repository/RAD_Pages/PaymentConfirmation_Page/input_N_confirmNotifyAction' is clicked on

2021-11-19 11:34:57 - [MESSAGE][PASSED] - Object: 'Object Repository/RAD_Pages/PaymentConfirmation_Page/input_N_confirmNotifyAction' is clicked on

2021-11-19 11:34:57 - [TEST_STEP][PASSED] - click(findTestObject(orPath_ServiceFeesAccept + "/input_convFeeNotifyAction")): Object: 'Object Repository/RAD_Pages/ServiceFeeAccept_Page/input_convFeeNotifyAction' is clicked on

2021-11-19 11:34:58 - [MESSAGE][PASSED] - Object: 'Object Repository/RAD_Pages/ServiceFeeAccept_Page/input_convFeeNotifyAction' is clicked on

2021-11-19 11:34:58 - [TEST_STEP][PASSED] - delay(10): Delayed 10 second(s)

2021-11-19 11:35:08 - [MESSAGE][PASSED] - Delayed 10 second(s)

2021-11-19 11:35:08 - [TEST_STEP][PASSED] - verifyTextPresent("Successful Payment Receipt", true): Text 'Successful Payment Receipt' is present on page  using regular expression

2021-11-19 11:35:09 - [MESSAGE][PASSED] - Text 'Successful Payment Receipt' is present on page  using regular expression

2021-11-19 11:35:09 - [TEST_STEP][PASSED] - if (verifyTextPresent("Successful Payment Receipt", true)): null

2021-11-19 11:35:09 - [MESSAGE][PASSED] - Text 'Successful Payment Receipt' is present on page  using regular expression

2021-11-19 11:35:09 - [TEST_STEP][PASSED] - println("Transaction was Successful"): null

2021-11-19 11:35:09 - [TEST_STEP][PASSED] - out.println("Pass Record Number: " + row): null

2021-11-19 11:35:09 - [TEST_STEP][PASSED] - resText = "Pass": null

2021-11-19 11:35:09 - [TEST_STEP][PASSED] - pages.WriteExcel.demoKey(resText, datText, resColumn, datCloumn, fileLoc, nameSheet, row): pages.WriteExcel.demoKey is PASSED

2021-11-19 11:35:09 - [MESSAGE][PASSED] - pages.WriteExcel.demoKey is PASSED

2021-11-19 11:35:09 - [TEST_STEP][PASSED] - ExecuteTC = findTestData(dataFile).getValue("Execute", row): null

2021-11-19 11:35:09 - [TEST_STEP][PASSED] - PaymentType = findTestData(dataFile).getValue("PaymentType", row): null

2021-11-19 11:35:09 - [TEST_STEP][PASSED] - FilingYear = findTestData(dataFile).getValue("FilingYear", row): null

2021-11-19 11:35:09 - [TEST_STEP][PASSED] - PeriodEnding = findTestData(dataFile).getValue("PeriodEnding", row): null

2021-11-19 11:35:09 - [TEST_STEP][PASSED] - FName = findTestData(dataFile).getValue("Fname", row): null

2021-11-19 11:35:09 - [TEST_STEP][PASSED] - LName = findTestData(dataFile).getValue("Lname", row): null

2021-11-19 11:35:09 - [TEST_STEP][PASSED] - SSN = findTestData(dataFile).getValue("SSN", row): null

2021-11-19 11:35:09 - [TEST_STEP][PASSED] - BusName = findTestData(dataFile).getValue("BusName", row): null

2021-11-19 11:35:09 - [TEST_STEP][PASSED] - AL1 = findTestData(dataFile).getValue("AL1", row): null

2021-11-19 11:35:09 - [TEST_STEP][PASSED] - City = findTestData(dataFile).getValue("City", row): null

2021-11-19 11:35:09 - [TEST_STEP][PASSED] - ZIP = findTestData(dataFile).getValue("ZIP", row): null

2021-11-19 11:35:09 - [TEST_STEP][PASSED] - FilingType = findTestData(dataFile).getValue("FilingType", row): null

2021-11-19 11:35:09 - [TEST_STEP][PASSED] - Withholding = findTestData(dataFile).getValue("Withholding", row): null

2021-11-19 11:35:09 - [TEST_STEP][PASSED] - Amount = findTestData(dataFile).getValue("Amount", row): null

2021-11-19 11:35:09 - [TEST_STEP][PASSED] - CCNumber = findTestData(dataFile).getValue("CCNumber", row): null

2021-11-19 11:35:09 - [TEST_STEP][PASSED] - CVV = findTestData(dataFile).getValue("CVV", row): null

2021-11-19 11:35:09 - [TEST_STEP][PASSED] - out.println("Value of Execute is : " + ExecuteTC): null

2021-11-19 11:35:09 - [TEST_STEP][FAILED] - if (ExecuteTC.equalsIgnoreCase("Y")): null

2021-11-19 11:35:09 - [TEST_STEP][PASSED] - out.println("Begin Record Number: " + row): null

2021-11-19 11:35:09 - [TEST_STEP][PASSED] - today = new java.util.Date(): null

2021-11-19 11:35:09 - [TEST_STEP][PASSED] - println(today): null

2021-11-19 11:35:09 - [TEST_STEP][PASSED] - datText = today: null

2021-11-19 11:35:09 - [TEST_STEP][PASSED] - Taxtype = findTestData(dataFile).getValue("TaxType", row): null

2021-11-19 11:35:10 - [TEST_STEP][PASSED] - out.println("Taxtype value is : " + Taxtype): null

2021-11-19 11:35:10 - [TEST_STEP][PASSED] - openBrowser(""): Browser is opened with url: ''

2021-11-19 11:35:10 - [MESSAGE][WARNING] - A browser is already opened. Closing browser and opening a new one

2021-11-19 11:35:10 - [MESSAGE][INFO] - Starting 'Chrome' driver

2021-11-19 11:35:10 - [MESSAGE][INFO] - User set preference: ['acceptInsecureCerts', 'true']

2021-11-19 11:35:10 - [MESSAGE][INFO] - Action delay is set to 0 milliseconds

2021-11-19 11:35:12 - [MESSAGE][PASSED] - Browser is opened with url: ''

2021-11-19 11:35:12 - [TEST_STEP][PASSED] - maximizeWindow(): Current window maximized

2021-11-19 11:35:12 - [MESSAGE][PASSED] - Current window maximized

2021-11-19 11:35:12 - [TEST_STEP][PASSED] - navigateToUrl(RADurl): Navigate to 'https://qa.velocitypayment.com/client/rad/index.html' successfully

2021-11-19 11:35:14 - [MESSAGE][PASSED] - Navigate to 'https://qa.velocitypayment.com/client/rad/index.html' successfully

2021-11-19 11:35:14 - [TEST_STEP][PASSED] - orPath_Landing = "Object Repository/RAD_Pages/Landing_Page": null

2021-11-19 11:35:14 - [TEST_STEP][PASSED] - orPath_TaxTypeFilingYear = "Object Repository/RAD_Pages/TaxTypeFilingYear_Page": null

2021-11-19 11:35:14 - [TEST_STEP][PASSED] - orPath_TaxPayer = "Object Repository/RAD_Pages/Taxpayer_Page": null

2021-11-19 11:35:14 - [TEST_STEP][PASSED] - orPath_AddressContact = "Object Repository/RAD_Pages/AddressAndContactInfo_Page": null

2021-11-19 11:35:14 - [TEST_STEP][PASSED] - orPath_FilingStatus = "Object Repository/RAD_Pages/FilingStatus_Page": null

2021-11-19 11:35:14 - [TEST_STEP][PASSED] - orPath_Amount = "Object Repository/RAD_Pages/PaymentAmount_Page": null

2021-11-19 11:35:14 - [TEST_STEP][PASSED] - orPath_TaxInfo = "Object Repository/RAD_Pages/TaxInfo_Page": null

2021-11-19 11:35:14 - [TEST_STEP][PASSED] - orPath_Withholding = "Object Repository/RAD_Pages/Withholding_Page": null

2021-11-19 11:35:14 - [TEST_STEP][PASSED] - orPath_Summary = "Object Repository/RAD_Pages/Summary_Page": null

2021-11-19 11:35:14 - [TEST_STEP][PASSED] - orPath_PaymentReady = "Object Repository/RAD_Pages/PaymentReady_Page": null

2021-11-19 11:35:14 - [TEST_STEP][PASSED] - orPath_PaymentEntry = "Object Repository/RAD_Pages/PaymentEntry_Page": null

2021-11-19 11:35:14 - [TEST_STEP][PASSED] - orPath_PaymentConfirmation = "Object Repository/RAD_Pages/PaymentConfirmation_Page": null

2021-11-19 11:35:14 - [TEST_STEP][PASSED] - orPath_ServiceFeesAccept = "Object Repository/RAD_Pages/ServiceFeeAccept_Page": null

2021-11-19 11:35:14 - [TEST_STEP][PASSED] - selectOptionByLabel(findTestObject(orPath_Landing + "/dd_TaxType"), Taxtype, false): All options with label 'Extension Payments' are selected in object 'Object Repository/RAD_Pages/Landing_Page/dd_TaxType' 

2021-11-19 11:35:15 - [MESSAGE][PASSED] - All options with label 'Extension Payments' are selected in object 'Object Repository/RAD_Pages/Landing_Page/dd_TaxType' 

2021-11-19 11:35:15 - [TEST_STEP][PASSED] - delay(3): Delayed 3 second(s)

2021-11-19 11:35:18 - [MESSAGE][PASSED] - Delayed 3 second(s)

2021-11-19 11:35:18 - [TEST_STEP][PASSED] - switch (Taxtype): null

2021-11-19 11:35:18 - [TEST_STEP][PASSED] - case "Extension Payments":: null

2021-11-19 11:35:18 - [TEST_STEP][PASSED] - selectOptionByLabel(findTestObject(orPath_TaxTypeFilingYear + "/select_PaymentType"), PaymentType, false): All options with label 'Personal' are selected in object 'Object Repository/RAD_Pages/TaxTypeFilingYear_Page/select_PaymentType' 

2021-11-19 11:35:18 - [MESSAGE][PASSED] - All options with label 'Personal' are selected in object 'Object Repository/RAD_Pages/TaxTypeFilingYear_Page/select_PaymentType' 

2021-11-19 11:35:18 - [TEST_STEP][PASSED] - selectOptionByLabel(findTestObject(orPath_TaxTypeFilingYear + "/select_FilingYear"), FilingYear, false): All options with label '2020' are selected in object 'Object Repository/RAD_Pages/TaxTypeFilingYear_Page/select_FilingYear' 

2021-11-19 11:35:19 - [MESSAGE][PASSED] - All options with label '2020' are selected in object 'Object Repository/RAD_Pages/TaxTypeFilingYear_Page/select_FilingYear' 

2021-11-19 11:35:19 - [TEST_STEP][PASSED] - if (PaymentType.equalsIgnoreCase("Personal")): Text '123443210' is set on object 'Object Repository/RAD_RecordAndPlay/input_reTypeJointFilerSSN'

2021-11-19 11:35:19 - [TEST_STEP][PASSED] - if (FilingType.equalsIgnoreCase("Y")): null

2021-11-19 11:35:19 - [TEST_STEP][PASSED] - else: Text '123443210' is set on object 'Object Repository/RAD_RecordAndPlay/input_reTypeJointFilerSSN'

2021-11-19 11:35:19 - [TEST_STEP][PASSED] - scrollToElement(findTestObject(orPath_Amount + "/input__paymentAmount"), 3): Scroll to object 'Object Repository/RAD_Pages/PaymentAmount_Page/input__paymentAmount' successfully

2021-11-19 11:35:19 - [MESSAGE][PASSED] - Scroll to object 'Object Repository/RAD_Pages/PaymentAmount_Page/input__paymentAmount' successfully

2021-11-19 11:35:19 - [TEST_STEP][PASSED] - waitForElementClickable(findTestObject(orPath_FilingStatus + "/input_userType_Joint"), 5): Object 'Object Repository/RAD_Pages/FilingStatus_Page/input_userType_Joint' is clickable

2021-11-19 11:35:20 - [MESSAGE][PASSED] - Object 'Object Repository/RAD_Pages/FilingStatus_Page/input_userType_Joint' is clickable

2021-11-19 11:35:20 - [TEST_STEP][PASSED] - check(findTestObject(orPath_FilingStatus + "/input_userType_Joint")): Object 'Object Repository/RAD_Pages/FilingStatus_Page/input_userType_Joint' is checked

2021-11-19 11:35:20 - [MESSAGE][PASSED] - Object 'Object Repository/RAD_Pages/FilingStatus_Page/input_userType_Joint' is checked

2021-11-19 11:35:20 - [TEST_STEP][PASSED] - delay(3): Delayed 3 second(s)

2021-11-19 11:35:23 - [MESSAGE][PASSED] - Delayed 3 second(s)

2021-11-19 11:35:23 - [TEST_STEP][PASSED] - setText(findTestObject(orPath_FilingStatus + "/input_jointFirstName"), "Sam"): Text 'Sam' is set on object 'Object Repository/RAD_Pages/FilingStatus_Page/input_jointFirstName'

2021-11-19 11:35:24 - [MESSAGE][PASSED] - Text 'Sam' is set on object 'Object Repository/RAD_Pages/FilingStatus_Page/input_jointFirstName'

2021-11-19 11:35:24 - [TEST_STEP][PASSED] - setText(findTestObject(orPath_FilingStatus + "/input_jointLastName"), "Stokes"): Text 'Stokes' is set on object 'Object Repository/RAD_Pages/FilingStatus_Page/input_jointLastName'

2021-11-19 11:35:25 - [MESSAGE][PASSED] - Text 'Stokes' is set on object 'Object Repository/RAD_Pages/FilingStatus_Page/input_jointLastName'

2021-11-19 11:35:25 - [TEST_STEP][PASSED] - setText(findTestObject("Object Repository/RAD_RecordAndPlay/input_JointFilerSSN"), "123443210"): Text '123443210' is set on object 'Object Repository/RAD_RecordAndPlay/input_JointFilerSSN'

2021-11-19 11:35:56 - [MESSAGE][INFO] - Unable to find the element located by 'By.xpath: //*[@id = 'data' and @name = 'Data' and @type = 'password' and @placeholder = 'Social Security Number']'. Please recheck the objects properties to make sure the desired element is located. 

2021-11-19 11:35:56 - [MESSAGE][WARNING] - [SELF-HEALING] Failed to find element with id 'Object Repository/RAD_RecordAndPlay/input_JointFilerSSN'. Try using Self-healing.

2021-11-19 11:35:56 - [MESSAGE][WARNING] - [SELF-HEALING] The current locator of test object 'Object Repository/RAD_RecordAndPlay/input_JointFilerSSN' was broken. Propose an alternative one: '//input[@id='data']'.

2021-11-19 11:36:27 - [MESSAGE][INFO] - Unable to find the element located by 'By.xpath: //*[@id = 'data' and @name = 'Data' and @type = 'password' and @placeholder = 'Social Security Number']'. Please recheck the objects properties to make sure the desired element is located. 

2021-11-19 11:36:27 - [MESSAGE][WARNING] - [SELF-HEALING] Failed to find element with id 'Object Repository/RAD_RecordAndPlay/input_JointFilerSSN'. Try using Self-healing.

2021-11-19 11:36:27 - [MESSAGE][WARNING] - [SELF-HEALING] The current locator of test object 'Object Repository/RAD_RecordAndPlay/input_JointFilerSSN' was broken. Propose an alternative one: '//input[@id='data']'.

2021-11-19 11:36:27 - [MESSAGE][PASSED] - Text '123443210' is set on object 'Object Repository/RAD_RecordAndPlay/input_JointFilerSSN'

2021-11-19 11:36:27 - [TEST_STEP][PASSED] - setText(findTestObject("Object Repository/RAD_RecordAndPlay/input_reTypeJointFilerSSN"), "123443210"): Text '123443210' is set on object 'Object Repository/RAD_RecordAndPlay/input_reTypeJointFilerSSN'

2021-11-19 11:36:59 - [MESSAGE][INFO] - Unable to find the element located by 'By.xpath: //*[@id = 'data' and @name = 'Data' and @type = 'password' and @placeholder = 'Re-Type SSN']'. Please recheck the objects properties to make sure the desired element is located. 

2021-11-19 11:36:59 - [MESSAGE][WARNING] - [SELF-HEALING] Failed to find element with id 'Object Repository/RAD_RecordAndPlay/input_reTypeJointFilerSSN'. Try using Self-healing.

2021-11-19 11:36:59 - [MESSAGE][WARNING] - [SELF-HEALING] The current locator of test object 'Object Repository/RAD_RecordAndPlay/input_reTypeJointFilerSSN' was broken. Propose an alternative one: '//input[@id='data']'.

2021-11-19 11:37:30 - [MESSAGE][INFO] - Unable to find the element located by 'By.xpath: //*[@id = 'data' and @name = 'Data' and @type = 'password' and @placeholder = 'Re-Type SSN']'. Please recheck the objects properties to make sure the desired element is located. 

2021-11-19 11:37:30 - [MESSAGE][WARNING] - [SELF-HEALING] Failed to find element with id 'Object Repository/RAD_RecordAndPlay/input_reTypeJointFilerSSN'. Try using Self-healing.

2021-11-19 11:37:30 - [MESSAGE][WARNING] - [SELF-HEALING] The current locator of test object 'Object Repository/RAD_RecordAndPlay/input_reTypeJointFilerSSN' was broken. Propose an alternative one: '//input[@id='data']'.

2021-11-19 11:37:30 - [MESSAGE][PASSED] - Text '123443210' is set on object 'Object Repository/RAD_RecordAndPlay/input_reTypeJointFilerSSN'

2021-11-19 11:37:30 - [TEST_STEP][PASSED] - break: null

2021-11-19 11:37:30 - [TEST_STEP][PASSED] - setText(findTestObject(orPath_TaxPayer + "/input_firstName"), FName): Text 'Stuart' is set on object 'Object Repository/RAD_Pages/Taxpayer_Page/input_firstName'

2021-11-19 11:37:31 - [MESSAGE][PASSED] - Text 'Stuart' is set on object 'Object Repository/RAD_Pages/Taxpayer_Page/input_firstName'

2021-11-19 11:37:31 - [TEST_STEP][PASSED] - setText(findTestObject(orPath_TaxPayer + "/input_lastName"), LName): Text 'Broad' is set on object 'Object Repository/RAD_Pages/Taxpayer_Page/input_lastName'

2021-11-19 11:37:32 - [MESSAGE][PASSED] - Text 'Broad' is set on object 'Object Repository/RAD_Pages/Taxpayer_Page/input_lastName'

2021-11-19 11:37:32 - [TEST_STEP][PASSED] - selectOptionByLabel(findTestObject(orPath_AddressContact + "/select_Country"), "United States", false): All options with label 'United States' are selected in object 'Object Repository/RAD_Pages/AddressAndContactInfo_Page/select_Country' 

2021-11-19 11:37:32 - [MESSAGE][PASSED] - All options with label 'United States' are selected in object 'Object Repository/RAD_Pages/AddressAndContactInfo_Page/select_Country' 

2021-11-19 11:37:32 - [TEST_STEP][PASSED] - setText(findTestObject(orPath_AddressContact + "/input_streetAddress1"), AL1): Text '15 Main Street' is set on object 'Object Repository/RAD_Pages/AddressAndContactInfo_Page/input_streetAddress1'

2021-11-19 11:37:33 - [MESSAGE][PASSED] - Text '15 Main Street' is set on object 'Object Repository/RAD_Pages/AddressAndContactInfo_Page/input_streetAddress1'

2021-11-19 11:37:33 - [TEST_STEP][PASSED] - setText(findTestObject(orPath_AddressContact + "/input_streetAddress2"), ""): Text '' is set on object 'Object Repository/RAD_Pages/AddressAndContactInfo_Page/input_streetAddress2'

2021-11-19 11:37:34 - [MESSAGE][PASSED] - Text '' is set on object 'Object Repository/RAD_Pages/AddressAndContactInfo_Page/input_streetAddress2'

2021-11-19 11:37:34 - [TEST_STEP][PASSED] - setText(findTestObject(orPath_AddressContact + "/input_city"), City): Text 'Gambrills' is set on object 'Object Repository/RAD_Pages/AddressAndContactInfo_Page/input_city'

2021-11-19 11:37:34 - [MESSAGE][PASSED] - Text 'Gambrills' is set on object 'Object Repository/RAD_Pages/AddressAndContactInfo_Page/input_city'

2021-11-19 11:37:34 - [TEST_STEP][PASSED] - selectOptionByLabel(findTestObject(orPath_AddressContact + "/select_State"), "Maryland", false): All options with label 'Maryland' are selected in object 'Object Repository/RAD_Pages/AddressAndContactInfo_Page/select_State' 

2021-11-19 11:37:35 - [MESSAGE][PASSED] - All options with label 'Maryland' are selected in object 'Object Repository/RAD_Pages/AddressAndContactInfo_Page/select_State' 

2021-11-19 11:37:35 - [TEST_STEP][PASSED] - setText(findTestObject(orPath_AddressContact + "/input_zipCode"), ZIP): Text '21054' is set on object 'Object Repository/RAD_Pages/AddressAndContactInfo_Page/input_zipCode'

2021-11-19 11:37:36 - [MESSAGE][PASSED] - Text '21054' is set on object 'Object Repository/RAD_Pages/AddressAndContactInfo_Page/input_zipCode'

2021-11-19 11:37:36 - [TEST_STEP][PASSED] - setText(findTestObject(orPath_AddressContact + "/input_phoneNumber"), "(703) 894-5000"): Text '(703) 894-5000' is set on object 'Object Repository/RAD_Pages/AddressAndContactInfo_Page/input_phoneNumber'

2021-11-19 11:37:36 - [MESSAGE][PASSED] - Text '(703) 894-5000' is set on object 'Object Repository/RAD_Pages/AddressAndContactInfo_Page/input_phoneNumber'

2021-11-19 11:37:36 - [TEST_STEP][PASSED] - setText(findTestObject(orPath_AddressContact + "/input_eMailAddress"), "iahmed@govolution.com"): Text 'iahmed@govolution.com' is set on object 'Object Repository/RAD_Pages/AddressAndContactInfo_Page/input_eMailAddress'

2021-11-19 11:37:37 - [MESSAGE][PASSED] - Text 'iahmed@govolution.com' is set on object 'Object Repository/RAD_Pages/AddressAndContactInfo_Page/input_eMailAddress'

2021-11-19 11:37:37 - [TEST_STEP][PASSED] - setText(findTestObject(orPath_AddressContact + "/input_reEnterEMailAddress"), "iahmed@govolution.com"): Text 'iahmed@govolution.com' is set on object 'Object Repository/RAD_Pages/AddressAndContactInfo_Page/input_reEnterEMailAddress'

2021-11-19 11:37:38 - [MESSAGE][PASSED] - Text 'iahmed@govolution.com' is set on object 'Object Repository/RAD_Pages/AddressAndContactInfo_Page/input_reEnterEMailAddress'

2021-11-19 11:37:38 - [TEST_STEP][PASSED] - setText(findTestObject(orPath_Amount + "/input__paymentAmount"), Amount): Text '100.00' is set on object 'Object Repository/RAD_Pages/PaymentAmount_Page/input__paymentAmount'

2021-11-19 11:37:39 - [MESSAGE][PASSED] - Text '100.00' is set on object 'Object Repository/RAD_Pages/PaymentAmount_Page/input__paymentAmount'

2021-11-19 11:37:39 - [TEST_STEP][PASSED] - scrollToElement(findTestObject(orPath_Landing + "/button_Continue"), 3): Scroll to object 'Object Repository/RAD_Pages/Landing_Page/button_Continue' successfully

2021-11-19 11:37:39 - [MESSAGE][PASSED] - Scroll to object 'Object Repository/RAD_Pages/Landing_Page/button_Continue' successfully

2021-11-19 11:37:39 - [TEST_STEP][PASSED] - waitForElementClickable(findTestObject(orPath_Landing + "/button_Continue"), 5): Object 'Object Repository/RAD_Pages/Landing_Page/button_Continue' is not clickable after 5 second(s)

2021-11-19 11:37:44 - [MESSAGE][WARNING] - Object 'Object Repository/RAD_Pages/Landing_Page/button_Continue' is not clickable after 5 second(s)

2021-11-19 11:37:44 - [TEST_STEP][FAILED] - click(findTestObject(orPath_Landing + "/button_Continue")): Unable to click on object 'Object Repository/RAD_Pages/Landing_Page/button_Continue' (Root cause: com.kms.katalon.core.exception.StepFailedException: Unable to click on object 'Object Repository/RAD_Pages/Landing_Page/button_Continue'
	at com.kms.katalon.core.webui.keyword.internal.WebUIKeywordMain.stepFailed(WebUIKeywordMain.groovy:64)
	at com.kms.katalon.core.webui.keyword.internal.WebUIKeywordMain.runKeyword(WebUIKeywordMain.groovy:26)
	at com.kms.katalon.core.webui.keyword.builtin.ClickKeyword.click(ClickKeyword.groovy:75)
	at com.kms.katalon.core.webui.keyword.builtin.ClickKeyword.execute(ClickKeyword.groovy:42)
	at com.kms.katalon.core.keyword.internal.KeywordExecutor.executeKeywordForPlatform(KeywordExecutor.groovy:74)
	at com.kms.katalon.core.webui.keyword.WebUiBuiltInKeywords.click(WebUiBuiltInKeywords.groovy:620)
	at com.kms.katalon.core.webui.keyword.WebUiBuiltInKeywords$click$10.call(Unknown Source)
	at Payments_HC_TC.run(Payments_HC_TC:292)
	at com.kms.katalon.core.main.ScriptEngine.run(ScriptEngine.java:194)
	at com.kms.katalon.core.main.ScriptEngine.runScriptAsRawText(ScriptEngine.java:119)
	at com.kms.katalon.core.main.TestCaseExecutor.runScript(TestCaseExecutor.java:430)
	at com.kms.katalon.core.main.TestCaseExecutor.doExecute(TestCaseExecutor.java:421)
	at com.kms.katalon.core.main.TestCaseExecutor.processExecutionPhase(TestCaseExecutor.java:400)
	at com.kms.katalon.core.main.TestCaseExecutor.accessMainPhase(TestCaseExecutor.java:392)
	at com.kms.katalon.core.main.TestCaseExecutor.execute(TestCaseExecutor.java:273)
	at com.kms.katalon.core.main.TestSuiteExecutor.accessTestCaseMainPhase(TestSuiteExecutor.java:202)
	at com.kms.katalon.core.main.TestSuiteExecutor.accessTestSuiteMainPhase(TestSuiteExecutor.java:164)
	at com.kms.katalon.core.main.TestSuiteExecutor.execute(TestSuiteExecutor.java:105)
	at com.kms.katalon.core.main.TestCaseMain.startTestSuite(TestCaseMain.java:185)
	at com.kms.katalon.core.main.TestCaseMain$startTestSuite$0.call(Unknown Source)
	at TempTestSuite1637335687322.run(TempTestSuite1637335687322.groovy:36)
Caused by: org.openqa.selenium.ElementClickInterceptedException: element click intercepted: Element <button class="btn btn-primary float-end w-auto disablecontinue" disabled="">...</button> is not clickable at point (1046, 801). Other element would receive the click: <div class="w-100 mt-auto pt-3">...</div>
  (Session info: chrome=96.0.4664.45)
Build info: version: '3.141.59', revision: 'e82be7d358', time: '2018-11-14T08:25:53'
System info: host: 'DESKTOP-B2QI6NS', ip: '172.30.2.167', os.name: 'Windows 10', os.arch: 'amd64', os.version: '10.0', java.version: '1.8.0_181'
Driver info: com.kms.katalon.selenium.driver.CChromeDriver
Capabilities {acceptInsecureCerts: true, browserName: chrome, browserVersion: 96.0.4664.45, chrome: {chromedriverVersion: 95.0.4638.54 (d31a821ec901f..., userDataDir: C:\Users\iahmed\AppData\Loc...}, goog:chromeOptions: {debuggerAddress: localhost:53753}, javascriptEnabled: true, networkConnectionEnabled: false, pageLoadStrategy: normal, platform: WINDOWS, platformName: WINDOWS, proxy: Proxy(), setWindowRect: true, strictFileInteractability: false, timeouts: {implicit: 0, pageLoad: 300000, script: 30000}, unhandledPromptBehavior: dismiss and notify, webauthn:extension:credBlob: true, webauthn:extension:largeBlob: true, webauthn:virtualAuthenticators: true}
Session ID: 25091f606533f5c591e447754a106fbe
	at org.openqa.selenium.remote.http.W3CHttpResponseCodec.createException(W3CHttpResponseCodec.java:187)
	at org.openqa.selenium.remote.http.W3CHttpResponseCodec.decode(W3CHttpResponseCodec.java:122)
	at org.openqa.selenium.remote.http.W3CHttpResponseCodec.decode(W3CHttpResponseCodec.java:49)
	at org.openqa.selenium.remote.HttpCommandExecutor.execute(HttpCommandExecutor.java:158)
	at org.openqa.selenium.remote.service.DriverCommandExecutor.execute(DriverCommandExecutor.java:83)
	at org.openqa.selenium.remote.RemoteWebDriver.execute(RemoteWebDriver.java:552)
	at com.kms.katalon.selenium.driver.CChromeDriver.execute(CChromeDriver.java:19)
	at org.openqa.selenium.remote.RemoteWebElement.execute(RemoteWebElement.java:285)
	at org.openqa.selenium.remote.RemoteWebElement.click(RemoteWebElement.java:84)
	at org.openqa.selenium.support.events.EventFiringWebDriver$EventFiringWebElement.lambda$new$0(EventFiringWebDriver.java:404)
	at com.sun.proxy.$Proxy11.click(Unknown Source)
	at org.openqa.selenium.support.events.EventFiringWebDriver$EventFiringWebElement.click(EventFiringWebDriver.java:417)
	at com.kms.katalon.core.webui.keyword.builtin.ClickKeyword$_click_closure1.doCall(ClickKeyword.groovy:68)
	at com.kms.katalon.core.webui.keyword.builtin.ClickKeyword$_click_closure1.call(ClickKeyword.groovy)
	at com.kms.katalon.core.webui.keyword.internal.WebUIKeywordMain.runKeyword(WebUIKeywordMain.groovy:20)
	at com.kms.katalon.core.webui.keyword.builtin.ClickKeyword.click(ClickKeyword.groovy:75)
	at com.kms.katalon.core.webui.keyword.builtin.ClickKeyword.execute(ClickKeyword.groovy:42)
	at com.kms.katalon.core.keyword.internal.KeywordExecutor.executeKeywordForPlatform(KeywordExecutor.groovy:74)
	at com.kms.katalon.core.webui.keyword.WebUiBuiltInKeywords.click(WebUiBuiltInKeywords.groovy:620)
	at com.kms.katalon.core.webui.keyword.WebUiBuiltInKeywords$click$10.call(Unknown Source)
	at Script1634674829687.run(Script1634674829687.groovy:292)
	... 13 more
)

2021-11-19 11:37:46 - [MESSAGE][FAILED] - Unable to click on object 'Object Repository/RAD_Pages/Landing_Page/button_Continue' (Root cause: com.kms.katalon.core.exception.StepFailedException: Unable to click on object 'Object Repository/RAD_Pages/Landing_Page/button_Continue'
	at com.kms.katalon.core.webui.keyword.internal.WebUIKeywordMain.stepFailed(WebUIKeywordMain.groovy:64)
	at com.kms.katalon.core.webui.keyword.internal.WebUIKeywordMain.runKeyword(WebUIKeywordMain.groovy:26)
	at com.kms.katalon.core.webui.keyword.builtin.ClickKeyword.click(ClickKeyword.groovy:75)
	at com.kms.katalon.core.webui.keyword.builtin.ClickKeyword.execute(ClickKeyword.groovy:42)
	at com.kms.katalon.core.keyword.internal.KeywordExecutor.executeKeywordForPlatform(KeywordExecutor.groovy:74)
	at com.kms.katalon.core.webui.keyword.WebUiBuiltInKeywords.click(WebUiBuiltInKeywords.groovy:620)
	at com.kms.katalon.core.webui.keyword.WebUiBuiltInKeywords$click$10.call(Unknown Source)
	at Payments_HC_TC.run(Payments_HC_TC:292)
	at com.kms.katalon.core.main.ScriptEngine.run(ScriptEngine.java:194)
	at com.kms.katalon.core.main.ScriptEngine.runScriptAsRawText(ScriptEngine.java:119)
	at com.kms.katalon.core.main.TestCaseExecutor.runScript(TestCaseExecutor.java:430)
	at com.kms.katalon.core.main.TestCaseExecutor.doExecute(TestCaseExecutor.java:421)
	at com.kms.katalon.core.main.TestCaseExecutor.processExecutionPhase(TestCaseExecutor.java:400)
	at com.kms.katalon.core.main.TestCaseExecutor.accessMainPhase(TestCaseExecutor.java:392)
	at com.kms.katalon.core.main.TestCaseExecutor.execute(TestCaseExecutor.java:273)
	at com.kms.katalon.core.main.TestSuiteExecutor.accessTestCaseMainPhase(TestSuiteExecutor.java:202)
	at com.kms.katalon.core.main.TestSuiteExecutor.accessTestSuiteMainPhase(TestSuiteExecutor.java:164)
	at com.kms.katalon.core.main.TestSuiteExecutor.execute(TestSuiteExecutor.java:105)
	at com.kms.katalon.core.main.TestCaseMain.startTestSuite(TestCaseMain.java:185)
	at com.kms.katalon.core.main.TestCaseMain$startTestSuite$0.call(Unknown Source)
	at TempTestSuite1637335687322.run(TempTestSuite1637335687322.groovy:36)
Caused by: org.openqa.selenium.ElementClickInterceptedException: element click intercepted: Element <button class="btn btn-primary float-end w-auto disablecontinue" disabled="">...</button> is not clickable at point (1046, 801). Other element would receive the click: <div class="w-100 mt-auto pt-3">...</div>
  (Session info: chrome=96.0.4664.45)
Build info: version: '3.141.59', revision: 'e82be7d358', time: '2018-11-14T08:25:53'
System info: host: 'DESKTOP-B2QI6NS', ip: '172.30.2.167', os.name: 'Windows 10', os.arch: 'amd64', os.version: '10.0', java.version: '1.8.0_181'
Driver info: com.kms.katalon.selenium.driver.CChromeDriver
Capabilities {acceptInsecureCerts: true, browserName: chrome, browserVersion: 96.0.4664.45, chrome: {chromedriverVersion: 95.0.4638.54 (d31a821ec901f..., userDataDir: C:\Users\iahmed\AppData\Loc...}, goog:chromeOptions: {debuggerAddress: localhost:53753}, javascriptEnabled: true, networkConnectionEnabled: false, pageLoadStrategy: normal, platform: WINDOWS, platformName: WINDOWS, proxy: Proxy(), setWindowRect: true, strictFileInteractability: false, timeouts: {implicit: 0, pageLoad: 300000, script: 30000}, unhandledPromptBehavior: dismiss and notify, webauthn:extension:credBlob: true, webauthn:extension:largeBlob: true, webauthn:virtualAuthenticators: true}
Session ID: 25091f606533f5c591e447754a106fbe
	at org.openqa.selenium.remote.http.W3CHttpResponseCodec.createException(W3CHttpResponseCodec.java:187)
	at org.openqa.selenium.remote.http.W3CHttpResponseCodec.decode(W3CHttpResponseCodec.java:122)
	at org.openqa.selenium.remote.http.W3CHttpResponseCodec.decode(W3CHttpResponseCodec.java:49)
	at org.openqa.selenium.remote.HttpCommandExecutor.execute(HttpCommandExecutor.java:158)
	at org.openqa.selenium.remote.service.DriverCommandExecutor.execute(DriverCommandExecutor.java:83)
	at org.openqa.selenium.remote.RemoteWebDriver.execute(RemoteWebDriver.java:552)
	at com.kms.katalon.selenium.driver.CChromeDriver.execute(CChromeDriver.java:19)
	at org.openqa.selenium.remote.RemoteWebElement.execute(RemoteWebElement.java:285)
	at org.openqa.selenium.remote.RemoteWebElement.click(RemoteWebElement.java:84)
	at org.openqa.selenium.support.events.EventFiringWebDriver$EventFiringWebElement.lambda$new$0(EventFiringWebDriver.java:404)
	at com.sun.proxy.$Proxy11.click(Unknown Source)
	at org.openqa.selenium.support.events.EventFiringWebDriver$EventFiringWebElement.click(EventFiringWebDriver.java:417)
	at com.kms.katalon.core.webui.keyword.builtin.ClickKeyword$_click_closure1.doCall(ClickKeyword.groovy:68)
	at com.kms.katalon.core.webui.keyword.builtin.ClickKeyword$_click_closure1.call(ClickKeyword.groovy)
	at com.kms.katalon.core.webui.keyword.internal.WebUIKeywordMain.runKeyword(WebUIKeywordMain.groovy:20)
	at com.kms.katalon.core.webui.keyword.builtin.ClickKeyword.click(ClickKeyword.groovy:75)
	at com.kms.katalon.core.webui.keyword.builtin.ClickKeyword.execute(ClickKeyword.groovy:42)
	at com.kms.katalon.core.keyword.internal.KeywordExecutor.executeKeywordForPlatform(KeywordExecutor.groovy:74)
	at com.kms.katalon.core.webui.keyword.WebUiBuiltInKeywords.click(WebUiBuiltInKeywords.groovy:620)
	at com.kms.katalon.core.webui.keyword.WebUiBuiltInKeywords$click$10.call(Unknown Source)
	at Script1634674829687.run(Script1634674829687.groovy:292)
	... 13 more
)
[[ATTACHMENT|E:\\Cloned-Project-Katalon\\VPS-Katalon\\Reports\\20211119_102807\\RAD_TestSuite\\RAD_UI_TestSuite\\20211119_102807\\1637339866311.png]]

2021-11-19 11:37:46 - [TEST_STEP][FAILED] - verifyTextPresent("Review the information below and make any necessary corrections by clicking the", true): Text 'Review the information below and make any necessary corrections by clicking the' is not present on page  using regular expression (Root cause: com.kms.katalon.core.exception.StepFailedException: Text 'Review the information below and make any necessary corrections by clicking the' is not present on page  using regular expression
	at com.kms.katalon.core.webui.keyword.internal.WebUIKeywordMain.stepFailed(WebUIKeywordMain.groovy:64)
	at com.kms.katalon.core.webui.keyword.builtin.VerifyTextPresentKeyword$_verifyTextPresent_closure1.doCall(VerifyTextPresentKeyword.groovy:79)
	at com.kms.katalon.core.webui.keyword.builtin.VerifyTextPresentKeyword$_verifyTextPresent_closure1.call(VerifyTextPresentKeyword.groovy)
	at com.kms.katalon.core.webui.keyword.internal.WebUIKeywordMain.runKeyword(WebUIKeywordMain.groovy:20)
	at com.kms.katalon.core.webui.keyword.builtin.VerifyTextPresentKeyword.verifyTextPresent(VerifyTextPresentKeyword.groovy:83)
	at com.kms.katalon.core.webui.keyword.builtin.VerifyTextPresentKeyword.execute(VerifyTextPresentKeyword.groovy:68)
	at com.kms.katalon.core.keyword.internal.KeywordExecutor.executeKeywordForPlatform(KeywordExecutor.groovy:74)
	at com.kms.katalon.core.webui.keyword.WebUiBuiltInKeywords.verifyTextPresent(WebUiBuiltInKeywords.groovy:1723)
	at com.kms.katalon.core.webui.keyword.WebUiBuiltInKeywords$verifyTextPresent$3.call(Unknown Source)
	at Payments_HC_TC.run(Payments_HC_TC:296)
	at com.kms.katalon.core.main.ScriptEngine.run(ScriptEngine.java:194)
	at com.kms.katalon.core.main.ScriptEngine.runScriptAsRawText(ScriptEngine.java:119)
	at com.kms.katalon.core.main.TestCaseExecutor.runScript(TestCaseExecutor.java:430)
	at com.kms.katalon.core.main.TestCaseExecutor.doExecute(TestCaseExecutor.java:421)
	at com.kms.katalon.core.main.TestCaseExecutor.processExecutionPhase(TestCaseExecutor.java:400)
	at com.kms.katalon.core.main.TestCaseExecutor.accessMainPhase(TestCaseExecutor.java:392)
	at com.kms.katalon.core.main.TestCaseExecutor.execute(TestCaseExecutor.java:273)
	at com.kms.katalon.core.main.TestSuiteExecutor.accessTestCaseMainPhase(TestSuiteExecutor.java:202)
	at com.kms.katalon.core.main.TestSuiteExecutor.accessTestSuiteMainPhase(TestSuiteExecutor.java:164)
	at com.kms.katalon.core.main.TestSuiteExecutor.execute(TestSuiteExecutor.java:105)
	at com.kms.katalon.core.main.TestCaseMain.startTestSuite(TestCaseMain.java:185)
	at com.kms.katalon.core.main.TestCaseMain$startTestSuite$0.call(Unknown Source)
	at TempTestSuite1637335687322.run(TempTestSuite1637335687322.groovy:36)
)

2021-11-19 11:37:47 - [MESSAGE][FAILED] - Text 'Review the information below and make any necessary corrections by clicking the' is not present on page  using regular expression (Root cause: com.kms.katalon.core.exception.StepFailedException: Text 'Review the information below and make any necessary corrections by clicking the' is not present on page  using regular expression
	at com.kms.katalon.core.webui.keyword.internal.WebUIKeywordMain.stepFailed(WebUIKeywordMain.groovy:64)
	at com.kms.katalon.core.webui.keyword.builtin.VerifyTextPresentKeyword$_verifyTextPresent_closure1.doCall(VerifyTextPresentKeyword.groovy:79)
	at com.kms.katalon.core.webui.keyword.builtin.VerifyTextPresentKeyword$_verifyTextPresent_closure1.call(VerifyTextPresentKeyword.groovy)
	at com.kms.katalon.core.webui.keyword.internal.WebUIKeywordMain.runKeyword(WebUIKeywordMain.groovy:20)
	at com.kms.katalon.core.webui.keyword.builtin.VerifyTextPresentKeyword.verifyTextPresent(VerifyTextPresentKeyword.groovy:83)
	at com.kms.katalon.core.webui.keyword.builtin.VerifyTextPresentKeyword.execute(VerifyTextPresentKeyword.groovy:68)
	at com.kms.katalon.core.keyword.internal.KeywordExecutor.executeKeywordForPlatform(KeywordExecutor.groovy:74)
	at com.kms.katalon.core.webui.keyword.WebUiBuiltInKeywords.verifyTextPresent(WebUiBuiltInKeywords.groovy:1723)
	at com.kms.katalon.core.webui.keyword.WebUiBuiltInKeywords$verifyTextPresent$3.call(Unknown Source)
	at Payments_HC_TC.run(Payments_HC_TC:296)
	at com.kms.katalon.core.main.ScriptEngine.run(ScriptEngine.java:194)
	at com.kms.katalon.core.main.ScriptEngine.runScriptAsRawText(ScriptEngine.java:119)
	at com.kms.katalon.core.main.TestCaseExecutor.runScript(TestCaseExecutor.java:430)
	at com.kms.katalon.core.main.TestCaseExecutor.doExecute(TestCaseExecutor.java:421)
	at com.kms.katalon.core.main.TestCaseExecutor.processExecutionPhase(TestCaseExecutor.java:400)
	at com.kms.katalon.core.main.TestCaseExecutor.accessMainPhase(TestCaseExecutor.java:392)
	at com.kms.katalon.core.main.TestCaseExecutor.execute(TestCaseExecutor.java:273)
	at com.kms.katalon.core.main.TestSuiteExecutor.accessTestCaseMainPhase(TestSuiteExecutor.java:202)
	at com.kms.katalon.core.main.TestSuiteExecutor.accessTestSuiteMainPhase(TestSuiteExecutor.java:164)
	at com.kms.katalon.core.main.TestSuiteExecutor.execute(TestSuiteExecutor.java:105)
	at com.kms.katalon.core.main.TestCaseMain.startTestSuite(TestCaseMain.java:185)
	at com.kms.katalon.core.main.TestCaseMain$startTestSuite$0.call(Unknown Source)
	at TempTestSuite1637335687322.run(TempTestSuite1637335687322.groovy:36)
)

2021-11-19 11:37:47 - [TEST_STEP][FAILED] - verifyTextPresent("When you are confident that all the information is correct", true): Text 'When you are confident that all the information is correct' is not present on page  using regular expression (Root cause: com.kms.katalon.core.exception.StepFailedException: Text 'When you are confident that all the information is correct' is not present on page  using regular expression
	at com.kms.katalon.core.webui.keyword.internal.WebUIKeywordMain.stepFailed(WebUIKeywordMain.groovy:64)
	at com.kms.katalon.core.webui.keyword.builtin.VerifyTextPresentKeyword$_verifyTextPresent_closure1.doCall(VerifyTextPresentKeyword.groovy:79)
	at com.kms.katalon.core.webui.keyword.builtin.VerifyTextPresentKeyword$_verifyTextPresent_closure1.call(VerifyTextPresentKeyword.groovy)
	at com.kms.katalon.core.webui.keyword.internal.WebUIKeywordMain.runKeyword(WebUIKeywordMain.groovy:20)
	at com.kms.katalon.core.webui.keyword.builtin.VerifyTextPresentKeyword.verifyTextPresent(VerifyTextPresentKeyword.groovy:83)
	at com.kms.katalon.core.webui.keyword.builtin.VerifyTextPresentKeyword.execute(VerifyTextPresentKeyword.groovy:68)
	at com.kms.katalon.core.keyword.internal.KeywordExecutor.executeKeywordForPlatform(KeywordExecutor.groovy:74)
	at com.kms.katalon.core.webui.keyword.WebUiBuiltInKeywords.verifyTextPresent(WebUiBuiltInKeywords.groovy:1723)
	at com.kms.katalon.core.webui.keyword.WebUiBuiltInKeywords$verifyTextPresent$3.call(Unknown Source)
	at Payments_HC_TC.run(Payments_HC_TC:297)
	at com.kms.katalon.core.main.ScriptEngine.run(ScriptEngine.java:194)
	at com.kms.katalon.core.main.ScriptEngine.runScriptAsRawText(ScriptEngine.java:119)
	at com.kms.katalon.core.main.TestCaseExecutor.runScript(TestCaseExecutor.java:430)
	at com.kms.katalon.core.main.TestCaseExecutor.doExecute(TestCaseExecutor.java:421)
	at com.kms.katalon.core.main.TestCaseExecutor.processExecutionPhase(TestCaseExecutor.java:400)
	at com.kms.katalon.core.main.TestCaseExecutor.accessMainPhase(TestCaseExecutor.java:392)
	at com.kms.katalon.core.main.TestCaseExecutor.execute(TestCaseExecutor.java:273)
	at com.kms.katalon.core.main.TestSuiteExecutor.accessTestCaseMainPhase(TestSuiteExecutor.java:202)
	at com.kms.katalon.core.main.TestSuiteExecutor.accessTestSuiteMainPhase(TestSuiteExecutor.java:164)
	at com.kms.katalon.core.main.TestSuiteExecutor.execute(TestSuiteExecutor.java:105)
	at com.kms.katalon.core.main.TestCaseMain.startTestSuite(TestCaseMain.java:185)
	at com.kms.katalon.core.main.TestCaseMain$startTestSuite$0.call(Unknown Source)
	at TempTestSuite1637335687322.run(TempTestSuite1637335687322.groovy:36)
)

2021-11-19 11:37:47 - [MESSAGE][FAILED] - Text 'When you are confident that all the information is correct' is not present on page  using regular expression (Root cause: com.kms.katalon.core.exception.StepFailedException: Text 'When you are confident that all the information is correct' is not present on page  using regular expression
	at com.kms.katalon.core.webui.keyword.internal.WebUIKeywordMain.stepFailed(WebUIKeywordMain.groovy:64)
	at com.kms.katalon.core.webui.keyword.builtin.VerifyTextPresentKeyword$_verifyTextPresent_closure1.doCall(VerifyTextPresentKeyword.groovy:79)
	at com.kms.katalon.core.webui.keyword.builtin.VerifyTextPresentKeyword$_verifyTextPresent_closure1.call(VerifyTextPresentKeyword.groovy)
	at com.kms.katalon.core.webui.keyword.internal.WebUIKeywordMain.runKeyword(WebUIKeywordMain.groovy:20)
	at com.kms.katalon.core.webui.keyword.builtin.VerifyTextPresentKeyword.verifyTextPresent(VerifyTextPresentKeyword.groovy:83)
	at com.kms.katalon.core.webui.keyword.builtin.VerifyTextPresentKeyword.execute(VerifyTextPresentKeyword.groovy:68)
	at com.kms.katalon.core.keyword.internal.KeywordExecutor.executeKeywordForPlatform(KeywordExecutor.groovy:74)
	at com.kms.katalon.core.webui.keyword.WebUiBuiltInKeywords.verifyTextPresent(WebUiBuiltInKeywords.groovy:1723)
	at com.kms.katalon.core.webui.keyword.WebUiBuiltInKeywords$verifyTextPresent$3.call(Unknown Source)
	at Payments_HC_TC.run(Payments_HC_TC:297)
	at com.kms.katalon.core.main.ScriptEngine.run(ScriptEngine.java:194)
	at com.kms.katalon.core.main.ScriptEngine.runScriptAsRawText(ScriptEngine.java:119)
	at com.kms.katalon.core.main.TestCaseExecutor.runScript(TestCaseExecutor.java:430)
	at com.kms.katalon.core.main.TestCaseExecutor.doExecute(TestCaseExecutor.java:421)
	at com.kms.katalon.core.main.TestCaseExecutor.processExecutionPhase(TestCaseExecutor.java:400)
	at com.kms.katalon.core.main.TestCaseExecutor.accessMainPhase(TestCaseExecutor.java:392)
	at com.kms.katalon.core.main.TestCaseExecutor.execute(TestCaseExecutor.java:273)
	at com.kms.katalon.core.main.TestSuiteExecutor.accessTestCaseMainPhase(TestSuiteExecutor.java:202)
	at com.kms.katalon.core.main.TestSuiteExecutor.accessTestSuiteMainPhase(TestSuiteExecutor.java:164)
	at com.kms.katalon.core.main.TestSuiteExecutor.execute(TestSuiteExecutor.java:105)
	at com.kms.katalon.core.main.TestCaseMain.startTestSuite(TestCaseMain.java:185)
	at com.kms.katalon.core.main.TestCaseMain$startTestSuite$0.call(Unknown Source)
	at TempTestSuite1637335687322.run(TempTestSuite1637335687322.groovy:36)
)

2021-11-19 11:37:47 - [TEST_STEP][PASSED] - delay(1): Delayed 1 second(s)

2021-11-19 11:37:48 - [MESSAGE][PASSED] - Delayed 1 second(s)

2021-11-19 11:37:48 - [TEST_STEP][FAILED] - click(findTestObject(orPath_Summary + "/button_Proceed to Payment")): Unable to click on object 'Object Repository/RAD_Pages/Summary_Page/button_Proceed to Payment' (Root cause: com.kms.katalon.core.exception.StepFailedException: Unable to click on object 'Object Repository/RAD_Pages/Summary_Page/button_Proceed to Payment'
	at com.kms.katalon.core.webui.keyword.internal.WebUIKeywordMain.stepFailed(WebUIKeywordMain.groovy:64)
	at com.kms.katalon.core.webui.keyword.internal.WebUIKeywordMain.runKeyword(WebUIKeywordMain.groovy:26)
	at com.kms.katalon.core.webui.keyword.builtin.ClickKeyword.click(ClickKeyword.groovy:75)
	at com.kms.katalon.core.webui.keyword.builtin.ClickKeyword.execute(ClickKeyword.groovy:42)
	at com.kms.katalon.core.keyword.internal.KeywordExecutor.executeKeywordForPlatform(KeywordExecutor.groovy:74)
	at com.kms.katalon.core.webui.keyword.WebUiBuiltInKeywords.click(WebUiBuiltInKeywords.groovy:620)
	at com.kms.katalon.core.webui.keyword.WebUiBuiltInKeywords$click$10.call(Unknown Source)
	at Payments_HC_TC.run(Payments_HC_TC:303)
	at com.kms.katalon.core.main.ScriptEngine.run(ScriptEngine.java:194)
	at com.kms.katalon.core.main.ScriptEngine.runScriptAsRawText(ScriptEngine.java:119)
	at com.kms.katalon.core.main.TestCaseExecutor.runScript(TestCaseExecutor.java:430)
	at com.kms.katalon.core.main.TestCaseExecutor.doExecute(TestCaseExecutor.java:421)
	at com.kms.katalon.core.main.TestCaseExecutor.processExecutionPhase(TestCaseExecutor.java:400)
	at com.kms.katalon.core.main.TestCaseExecutor.accessMainPhase(TestCaseExecutor.java:392)
	at com.kms.katalon.core.main.TestCaseExecutor.execute(TestCaseExecutor.java:273)
	at com.kms.katalon.core.main.TestSuiteExecutor.accessTestCaseMainPhase(TestSuiteExecutor.java:202)
	at com.kms.katalon.core.main.TestSuiteExecutor.accessTestSuiteMainPhase(TestSuiteExecutor.java:164)
	at com.kms.katalon.core.main.TestSuiteExecutor.execute(TestSuiteExecutor.java:105)
	at com.kms.katalon.core.main.TestCaseMain.startTestSuite(TestCaseMain.java:185)
	at com.kms.katalon.core.main.TestCaseMain$startTestSuite$0.call(Unknown Source)
	at TempTestSuite1637335687322.run(TempTestSuite1637335687322.groovy:36)
Caused by: org.openqa.selenium.ElementNotInteractableException: element not interactable
  (Session info: chrome=96.0.4664.45)
Build info: version: '3.141.59', revision: 'e82be7d358', time: '2018-11-14T08:25:53'
System info: host: 'DESKTOP-B2QI6NS', ip: '172.30.2.167', os.name: 'Windows 10', os.arch: 'amd64', os.version: '10.0', java.version: '1.8.0_181'
Driver info: com.kms.katalon.selenium.driver.CChromeDriver
Capabilities {acceptInsecureCerts: true, browserName: chrome, browserVersion: 96.0.4664.45, chrome: {chromedriverVersion: 95.0.4638.54 (d31a821ec901f..., userDataDir: C:\Users\iahmed\AppData\Loc...}, goog:chromeOptions: {debuggerAddress: localhost:53753}, javascriptEnabled: true, networkConnectionEnabled: false, pageLoadStrategy: normal, platform: WINDOWS, platformName: WINDOWS, proxy: Proxy(), setWindowRect: true, strictFileInteractability: false, timeouts: {implicit: 0, pageLoad: 300000, script: 30000}, unhandledPromptBehavior: dismiss and notify, webauthn:extension:credBlob: true, webauthn:extension:largeBlob: true, webauthn:virtualAuthenticators: true}
Session ID: 25091f606533f5c591e447754a106fbe
	at org.openqa.selenium.remote.http.W3CHttpResponseCodec.createException(W3CHttpResponseCodec.java:187)
	at org.openqa.selenium.remote.http.W3CHttpResponseCodec.decode(W3CHttpResponseCodec.java:122)
	at org.openqa.selenium.remote.http.W3CHttpResponseCodec.decode(W3CHttpResponseCodec.java:49)
	at org.openqa.selenium.remote.HttpCommandExecutor.execute(HttpCommandExecutor.java:158)
	at org.openqa.selenium.remote.service.DriverCommandExecutor.execute(DriverCommandExecutor.java:83)
	at org.openqa.selenium.remote.RemoteWebDriver.execute(RemoteWebDriver.java:552)
	at com.kms.katalon.selenium.driver.CChromeDriver.execute(CChromeDriver.java:19)
	at org.openqa.selenium.remote.RemoteWebElement.execute(RemoteWebElement.java:285)
	at org.openqa.selenium.remote.RemoteWebElement.click(RemoteWebElement.java:84)
	at org.openqa.selenium.support.events.EventFiringWebDriver$EventFiringWebElement.lambda$new$0(EventFiringWebDriver.java:404)
	at com.sun.proxy.$Proxy11.click(Unknown Source)
	at org.openqa.selenium.support.events.EventFiringWebDriver$EventFiringWebElement.click(EventFiringWebDriver.java:417)
	at com.kms.katalon.core.webui.keyword.builtin.ClickKeyword$_click_closure1.doCall(ClickKeyword.groovy:68)
	at com.kms.katalon.core.webui.keyword.builtin.ClickKeyword$_click_closure1.call(ClickKeyword.groovy)
	at com.kms.katalon.core.webui.keyword.internal.WebUIKeywordMain.runKeyword(WebUIKeywordMain.groovy:20)
	at com.kms.katalon.core.webui.keyword.builtin.ClickKeyword.click(ClickKeyword.groovy:75)
	at com.kms.katalon.core.webui.keyword.builtin.ClickKeyword.execute(ClickKeyword.groovy:42)
	at com.kms.katalon.core.keyword.internal.KeywordExecutor.executeKeywordForPlatform(KeywordExecutor.groovy:74)
	at com.kms.katalon.core.webui.keyword.WebUiBuiltInKeywords.click(WebUiBuiltInKeywords.groovy:620)
	at com.kms.katalon.core.webui.keyword.WebUiBuiltInKeywords$click$10.call(Unknown Source)
	at Script1634674829687.run(Script1634674829687.groovy:303)
	... 13 more
)

2021-11-19 11:37:48 - [MESSAGE][FAILED] - Unable to click on object 'Object Repository/RAD_Pages/Summary_Page/button_Proceed to Payment' (Root cause: com.kms.katalon.core.exception.StepFailedException: Unable to click on object 'Object Repository/RAD_Pages/Summary_Page/button_Proceed to Payment'
	at com.kms.katalon.core.webui.keyword.internal.WebUIKeywordMain.stepFailed(WebUIKeywordMain.groovy:64)
	at com.kms.katalon.core.webui.keyword.internal.WebUIKeywordMain.runKeyword(WebUIKeywordMain.groovy:26)
	at com.kms.katalon.core.webui.keyword.builtin.ClickKeyword.click(ClickKeyword.groovy:75)
	at com.kms.katalon.core.webui.keyword.builtin.ClickKeyword.execute(ClickKeyword.groovy:42)
	at com.kms.katalon.core.keyword.internal.KeywordExecutor.executeKeywordForPlatform(KeywordExecutor.groovy:74)
	at com.kms.katalon.core.webui.keyword.WebUiBuiltInKeywords.click(WebUiBuiltInKeywords.groovy:620)
	at com.kms.katalon.core.webui.keyword.WebUiBuiltInKeywords$click$10.call(Unknown Source)
	at Payments_HC_TC.run(Payments_HC_TC:303)
	at com.kms.katalon.core.main.ScriptEngine.run(ScriptEngine.java:194)
	at com.kms.katalon.core.main.ScriptEngine.runScriptAsRawText(ScriptEngine.java:119)
	at com.kms.katalon.core.main.TestCaseExecutor.runScript(TestCaseExecutor.java:430)
	at com.kms.katalon.core.main.TestCaseExecutor.doExecute(TestCaseExecutor.java:421)
	at com.kms.katalon.core.main.TestCaseExecutor.processExecutionPhase(TestCaseExecutor.java:400)
	at com.kms.katalon.core.main.TestCaseExecutor.accessMainPhase(TestCaseExecutor.java:392)
	at com.kms.katalon.core.main.TestCaseExecutor.execute(TestCaseExecutor.java:273)
	at com.kms.katalon.core.main.TestSuiteExecutor.accessTestCaseMainPhase(TestSuiteExecutor.java:202)
	at com.kms.katalon.core.main.TestSuiteExecutor.accessTestSuiteMainPhase(TestSuiteExecutor.java:164)
	at com.kms.katalon.core.main.TestSuiteExecutor.execute(TestSuiteExecutor.java:105)
	at com.kms.katalon.core.main.TestCaseMain.startTestSuite(TestCaseMain.java:185)
	at com.kms.katalon.core.main.TestCaseMain$startTestSuite$0.call(Unknown Source)
	at TempTestSuite1637335687322.run(TempTestSuite1637335687322.groovy:36)
Caused by: org.openqa.selenium.ElementNotInteractableException: element not interactable
  (Session info: chrome=96.0.4664.45)
Build info: version: '3.141.59', revision: 'e82be7d358', time: '2018-11-14T08:25:53'
System info: host: 'DESKTOP-B2QI6NS', ip: '172.30.2.167', os.name: 'Windows 10', os.arch: 'amd64', os.version: '10.0', java.version: '1.8.0_181'
Driver info: com.kms.katalon.selenium.driver.CChromeDriver
Capabilities {acceptInsecureCerts: true, browserName: chrome, browserVersion: 96.0.4664.45, chrome: {chromedriverVersion: 95.0.4638.54 (d31a821ec901f..., userDataDir: C:\Users\iahmed\AppData\Loc...}, goog:chromeOptions: {debuggerAddress: localhost:53753}, javascriptEnabled: true, networkConnectionEnabled: false, pageLoadStrategy: normal, platform: WINDOWS, platformName: WINDOWS, proxy: Proxy(), setWindowRect: true, strictFileInteractability: false, timeouts: {implicit: 0, pageLoad: 300000, script: 30000}, unhandledPromptBehavior: dismiss and notify, webauthn:extension:credBlob: true, webauthn:extension:largeBlob: true, webauthn:virtualAuthenticators: true}
Session ID: 25091f606533f5c591e447754a106fbe
	at org.openqa.selenium.remote.http.W3CHttpResponseCodec.createException(W3CHttpResponseCodec.java:187)
	at org.openqa.selenium.remote.http.W3CHttpResponseCodec.decode(W3CHttpResponseCodec.java:122)
	at org.openqa.selenium.remote.http.W3CHttpResponseCodec.decode(W3CHttpResponseCodec.java:49)
	at org.openqa.selenium.remote.HttpCommandExecutor.execute(HttpCommandExecutor.java:158)
	at org.openqa.selenium.remote.service.DriverCommandExecutor.execute(DriverCommandExecutor.java:83)
	at org.openqa.selenium.remote.RemoteWebDriver.execute(RemoteWebDriver.java:552)
	at com.kms.katalon.selenium.driver.CChromeDriver.execute(CChromeDriver.java:19)
	at org.openqa.selenium.remote.RemoteWebElement.execute(RemoteWebElement.java:285)
	at org.openqa.selenium.remote.RemoteWebElement.click(RemoteWebElement.java:84)
	at org.openqa.selenium.support.events.EventFiringWebDriver$EventFiringWebElement.lambda$new$0(EventFiringWebDriver.java:404)
	at com.sun.proxy.$Proxy11.click(Unknown Source)
	at org.openqa.selenium.support.events.EventFiringWebDriver$EventFiringWebElement.click(EventFiringWebDriver.java:417)
	at com.kms.katalon.core.webui.keyword.builtin.ClickKeyword$_click_closure1.doCall(ClickKeyword.groovy:68)
	at com.kms.katalon.core.webui.keyword.builtin.ClickKeyword$_click_closure1.call(ClickKeyword.groovy)
	at com.kms.katalon.core.webui.keyword.internal.WebUIKeywordMain.runKeyword(WebUIKeywordMain.groovy:20)
	at com.kms.katalon.core.webui.keyword.builtin.ClickKeyword.click(ClickKeyword.groovy:75)
	at com.kms.katalon.core.webui.keyword.builtin.ClickKeyword.execute(ClickKeyword.groovy:42)
	at com.kms.katalon.core.keyword.internal.KeywordExecutor.executeKeywordForPlatform(KeywordExecutor.groovy:74)
	at com.kms.katalon.core.webui.keyword.WebUiBuiltInKeywords.click(WebUiBuiltInKeywords.groovy:620)
	at com.kms.katalon.core.webui.keyword.WebUiBuiltInKeywords$click$10.call(Unknown Source)
	at Script1634674829687.run(Script1634674829687.groovy:303)
	... 13 more
)
[[ATTACHMENT|E:\\Cloned-Project-Katalon\\VPS-Katalon\\Reports\\20211119_102807\\RAD_TestSuite\\RAD_UI_TestSuite\\20211119_102807\\1637339868747.png]]

2021-11-19 11:37:48 - [TEST_STEP][FAILED] - setText(findTestObject(orPath_PaymentEntry + "/input__cardNumber"), CCNumber): Unable to set text '5146312200000035' of object 'Object Repository/RAD_Pages/PaymentEntry_Page/input__cardNumber' (Root cause: com.kms.katalon.core.exception.StepFailedException: Unable to set text '5146312200000035' of object 'Object Repository/RAD_Pages/PaymentEntry_Page/input__cardNumber'
	at com.kms.katalon.core.webui.keyword.internal.WebUIKeywordMain.stepFailed(WebUIKeywordMain.groovy:64)
	at com.kms.katalon.core.webui.keyword.internal.WebUIKeywordMain.runKeyword(WebUIKeywordMain.groovy:26)
	at com.kms.katalon.core.webui.keyword.builtin.SetTextKeyword.setText(SetTextKeyword.groovy:66)
	at com.kms.katalon.core.webui.keyword.builtin.SetTextKeyword.execute(SetTextKeyword.groovy:37)
	at com.kms.katalon.core.keyword.internal.KeywordExecutor.executeKeywordForPlatform(KeywordExecutor.groovy:74)
	at com.kms.katalon.core.webui.keyword.WebUiBuiltInKeywords.setText(WebUiBuiltInKeywords.groovy:980)
	at com.kms.katalon.core.webui.keyword.WebUiBuiltInKeywords$setText$14.call(Unknown Source)
	at Payments_HC_TC.run(Payments_HC_TC:315)
	at com.kms.katalon.core.main.ScriptEngine.run(ScriptEngine.java:194)
	at com.kms.katalon.core.main.ScriptEngine.runScriptAsRawText(ScriptEngine.java:119)
	at com.kms.katalon.core.main.TestCaseExecutor.runScript(TestCaseExecutor.java:430)
	at com.kms.katalon.core.main.TestCaseExecutor.doExecute(TestCaseExecutor.java:421)
	at com.kms.katalon.core.main.TestCaseExecutor.processExecutionPhase(TestCaseExecutor.java:400)
	at com.kms.katalon.core.main.TestCaseExecutor.accessMainPhase(TestCaseExecutor.java:392)
	at com.kms.katalon.core.main.TestCaseExecutor.execute(TestCaseExecutor.java:273)
	at com.kms.katalon.core.main.TestSuiteExecutor.accessTestCaseMainPhase(TestSuiteExecutor.java:202)
	at com.kms.katalon.core.main.TestSuiteExecutor.accessTestSuiteMainPhase(TestSuiteExecutor.java:164)
	at com.kms.katalon.core.main.TestSuiteExecutor.execute(TestSuiteExecutor.java:105)
	at com.kms.katalon.core.main.TestCaseMain.startTestSuite(TestCaseMain.java:185)
	at com.kms.katalon.core.main.TestCaseMain$startTestSuite$0.call(Unknown Source)
	at TempTestSuite1637335687322.run(TempTestSuite1637335687322.groovy:36)
Caused by: org.openqa.selenium.ElementNotInteractableException: element not interactable
  (Session info: chrome=96.0.4664.45)
Build info: version: '3.141.59', revision: 'e82be7d358', time: '2018-11-14T08:25:53'
System info: host: 'DESKTOP-B2QI6NS', ip: '172.30.2.167', os.name: 'Windows 10', os.arch: 'amd64', os.version: '10.0', java.version: '1.8.0_181'
Driver info: com.kms.katalon.selenium.driver.CChromeDriver
Capabilities {acceptInsecureCerts: true, browserName: chrome, browserVersion: 96.0.4664.45, chrome: {chromedriverVersion: 95.0.4638.54 (d31a821ec901f..., userDataDir: C:\Users\iahmed\AppData\Loc...}, goog:chromeOptions: {debuggerAddress: localhost:53753}, javascriptEnabled: true, networkConnectionEnabled: false, pageLoadStrategy: normal, platform: WINDOWS, platformName: WINDOWS, proxy: Proxy(), setWindowRect: true, strictFileInteractability: false, timeouts: {implicit: 0, pageLoad: 300000, script: 30000}, unhandledPromptBehavior: dismiss and notify, webauthn:extension:credBlob: true, webauthn:extension:largeBlob: true, webauthn:virtualAuthenticators: true}
Session ID: 25091f606533f5c591e447754a106fbe
	at org.openqa.selenium.remote.http.W3CHttpResponseCodec.createException(W3CHttpResponseCodec.java:187)
	at org.openqa.selenium.remote.http.W3CHttpResponseCodec.decode(W3CHttpResponseCodec.java:122)
	at org.openqa.selenium.remote.http.W3CHttpResponseCodec.decode(W3CHttpResponseCodec.java:49)
	at org.openqa.selenium.remote.HttpCommandExecutor.execute(HttpCommandExecutor.java:158)
	at org.openqa.selenium.remote.service.DriverCommandExecutor.execute(DriverCommandExecutor.java:83)
	at org.openqa.selenium.remote.RemoteWebDriver.execute(RemoteWebDriver.java:552)
	at com.kms.katalon.selenium.driver.CChromeDriver.execute(CChromeDriver.java:19)
	at org.openqa.selenium.remote.RemoteWebElement.execute(RemoteWebElement.java:285)
	at org.openqa.selenium.remote.RemoteWebElement.clear(RemoteWebElement.java:124)
	at org.openqa.selenium.support.events.EventFiringWebDriver$EventFiringWebElement.lambda$new$0(EventFiringWebDriver.java:404)
	at com.sun.proxy.$Proxy11.clear(Unknown Source)
	at org.openqa.selenium.support.events.EventFiringWebDriver$EventFiringWebElement.clear(EventFiringWebDriver.java:436)
	at com.kms.katalon.core.webui.keyword.builtin.SetTextKeyword$_setText_closure1.doCall(SetTextKeyword.groovy:53)
	at com.kms.katalon.core.webui.keyword.builtin.SetTextKeyword$_setText_closure1.call(SetTextKeyword.groovy)
	at com.kms.katalon.core.webui.keyword.internal.WebUIKeywordMain.runKeyword(WebUIKeywordMain.groovy:20)
	at com.kms.katalon.core.webui.keyword.builtin.SetTextKeyword.setText(SetTextKeyword.groovy:66)
	at com.kms.katalon.core.webui.keyword.builtin.SetTextKeyword.execute(SetTextKeyword.groovy:37)
	at com.kms.katalon.core.keyword.internal.KeywordExecutor.executeKeywordForPlatform(KeywordExecutor.groovy:74)
	at com.kms.katalon.core.webui.keyword.WebUiBuiltInKeywords.setText(WebUiBuiltInKeywords.groovy:980)
	at com.kms.katalon.core.webui.keyword.WebUiBuiltInKeywords$setText$14.call(Unknown Source)
	at Script1634674829687.run(Script1634674829687.groovy:315)
	... 13 more
)

2021-11-19 11:38:20 - [MESSAGE][INFO] - Unable to find the element located by 'By.xpath: //*[@type = 'text' and @id = 'cardNumber' and @name = 'cardNumber' and @alt = 'Card Number']'. Please recheck the objects properties to make sure the desired element is located. 

2021-11-19 11:38:20 - [MESSAGE][WARNING] - [SELF-HEALING] Failed to find element with id 'Object Repository/RAD_Pages/PaymentEntry_Page/input__cardNumber'. Try using Self-healing.

2021-11-19 11:38:20 - [MESSAGE][WARNING] - [SELF-HEALING] The current locator of test object 'Object Repository/RAD_Pages/PaymentEntry_Page/input__cardNumber' was broken. Propose an alternative one: '//div[3]/div/div/input'.

2021-11-19 11:38:20 - [MESSAGE][FAILED] - Unable to set text '5146312200000035' of object 'Object Repository/RAD_Pages/PaymentEntry_Page/input__cardNumber' (Root cause: com.kms.katalon.core.exception.StepFailedException: Unable to set text '5146312200000035' of object 'Object Repository/RAD_Pages/PaymentEntry_Page/input__cardNumber'
	at com.kms.katalon.core.webui.keyword.internal.WebUIKeywordMain.stepFailed(WebUIKeywordMain.groovy:64)
	at com.kms.katalon.core.webui.keyword.internal.WebUIKeywordMain.runKeyword(WebUIKeywordMain.groovy:26)
	at com.kms.katalon.core.webui.keyword.builtin.SetTextKeyword.setText(SetTextKeyword.groovy:66)
	at com.kms.katalon.core.webui.keyword.builtin.SetTextKeyword.execute(SetTextKeyword.groovy:37)
	at com.kms.katalon.core.keyword.internal.KeywordExecutor.executeKeywordForPlatform(KeywordExecutor.groovy:74)
	at com.kms.katalon.core.webui.keyword.WebUiBuiltInKeywords.setText(WebUiBuiltInKeywords.groovy:980)
	at com.kms.katalon.core.webui.keyword.WebUiBuiltInKeywords$setText$14.call(Unknown Source)
	at Payments_HC_TC.run(Payments_HC_TC:315)
	at com.kms.katalon.core.main.ScriptEngine.run(ScriptEngine.java:194)
	at com.kms.katalon.core.main.ScriptEngine.runScriptAsRawText(ScriptEngine.java:119)
	at com.kms.katalon.core.main.TestCaseExecutor.runScript(TestCaseExecutor.java:430)
	at com.kms.katalon.core.main.TestCaseExecutor.doExecute(TestCaseExecutor.java:421)
	at com.kms.katalon.core.main.TestCaseExecutor.processExecutionPhase(TestCaseExecutor.java:400)
	at com.kms.katalon.core.main.TestCaseExecutor.accessMainPhase(TestCaseExecutor.java:392)
	at com.kms.katalon.core.main.TestCaseExecutor.execute(TestCaseExecutor.java:273)
	at com.kms.katalon.core.main.TestSuiteExecutor.accessTestCaseMainPhase(TestSuiteExecutor.java:202)
	at com.kms.katalon.core.main.TestSuiteExecutor.accessTestSuiteMainPhase(TestSuiteExecutor.java:164)
	at com.kms.katalon.core.main.TestSuiteExecutor.execute(TestSuiteExecutor.java:105)
	at com.kms.katalon.core.main.TestCaseMain.startTestSuite(TestCaseMain.java:185)
	at com.kms.katalon.core.main.TestCaseMain$startTestSuite$0.call(Unknown Source)
	at TempTestSuite1637335687322.run(TempTestSuite1637335687322.groovy:36)
Caused by: org.openqa.selenium.ElementNotInteractableException: element not interactable
  (Session info: chrome=96.0.4664.45)
Build info: version: '3.141.59', revision: 'e82be7d358', time: '2018-11-14T08:25:53'
System info: host: 'DESKTOP-B2QI6NS', ip: '172.30.2.167', os.name: 'Windows 10', os.arch: 'amd64', os.version: '10.0', java.version: '1.8.0_181'
Driver info: com.kms.katalon.selenium.driver.CChromeDriver
Capabilities {acceptInsecureCerts: true, browserName: chrome, browserVersion: 96.0.4664.45, chrome: {chromedriverVersion: 95.0.4638.54 (d31a821ec901f..., userDataDir: C:\Users\iahmed\AppData\Loc...}, goog:chromeOptions: {debuggerAddress: localhost:53753}, javascriptEnabled: true, networkConnectionEnabled: false, pageLoadStrategy: normal, platform: WINDOWS, platformName: WINDOWS, proxy: Proxy(), setWindowRect: true, strictFileInteractability: false, timeouts: {implicit: 0, pageLoad: 300000, script: 30000}, unhandledPromptBehavior: dismiss and notify, webauthn:extension:credBlob: true, webauthn:extension:largeBlob: true, webauthn:virtualAuthenticators: true}
Session ID: 25091f606533f5c591e447754a106fbe
	at org.openqa.selenium.remote.http.W3CHttpResponseCodec.createException(W3CHttpResponseCodec.java:187)
	at org.openqa.selenium.remote.http.W3CHttpResponseCodec.decode(W3CHttpResponseCodec.java:122)
	at org.openqa.selenium.remote.http.W3CHttpResponseCodec.decode(W3CHttpResponseCodec.java:49)
	at org.openqa.selenium.remote.HttpCommandExecutor.execute(HttpCommandExecutor.java:158)
	at org.openqa.selenium.remote.service.DriverCommandExecutor.execute(DriverCommandExecutor.java:83)
	at org.openqa.selenium.remote.RemoteWebDriver.execute(RemoteWebDriver.java:552)
	at com.kms.katalon.selenium.driver.CChromeDriver.execute(CChromeDriver.java:19)
	at org.openqa.selenium.remote.RemoteWebElement.execute(RemoteWebElement.java:285)
	at org.openqa.selenium.remote.RemoteWebElement.clear(RemoteWebElement.java:124)
	at org.openqa.selenium.support.events.EventFiringWebDriver$EventFiringWebElement.lambda$new$0(EventFiringWebDriver.java:404)
	at com.sun.proxy.$Proxy11.clear(Unknown Source)
	at org.openqa.selenium.support.events.EventFiringWebDriver$EventFiringWebElement.clear(EventFiringWebDriver.java:436)
	at com.kms.katalon.core.webui.keyword.builtin.SetTextKeyword$_setText_closure1.doCall(SetTextKeyword.groovy:53)
	at com.kms.katalon.core.webui.keyword.builtin.SetTextKeyword$_setText_closure1.call(SetTextKeyword.groovy)
	at com.kms.katalon.core.webui.keyword.internal.WebUIKeywordMain.runKeyword(WebUIKeywordMain.groovy:20)
	at com.kms.katalon.core.webui.keyword.builtin.SetTextKeyword.setText(SetTextKeyword.groovy:66)
	at com.kms.katalon.core.webui.keyword.builtin.SetTextKeyword.execute(SetTextKeyword.groovy:37)
	at com.kms.katalon.core.keyword.internal.KeywordExecutor.executeKeywordForPlatform(KeywordExecutor.groovy:74)
	at com.kms.katalon.core.webui.keyword.WebUiBuiltInKeywords.setText(WebUiBuiltInKeywords.groovy:980)
	at com.kms.katalon.core.webui.keyword.WebUiBuiltInKeywords$setText$14.call(Unknown Source)
	at Script1634674829687.run(Script1634674829687.groovy:315)
	... 13 more
)
[[ATTACHMENT|E:\\Cloned-Project-Katalon\\VPS-Katalon\\Reports\\20211119_102807\\RAD_TestSuite\\RAD_UI_TestSuite\\20211119_102807\\1637339900600.png]]

2021-11-19 11:38:20 - [TEST_STEP][PASSED] - setText(findTestObject(orPath_PaymentEntry + "/input__spc"), CVV): Text '123' is set on object 'Object Repository/RAD_Pages/PaymentEntry_Page/input__spc'

2021-11-19 11:38:52 - [MESSAGE][INFO] - Unable to find the element located by 'By.xpath: //*[@type = 'text' and @class = 'form-control' and @name = 'spc' and @id = 'spc']'. Please recheck the objects properties to make sure the desired element is located. 

2021-11-19 11:38:52 - [MESSAGE][WARNING] - [SELF-HEALING] Failed to find element with id 'Object Repository/RAD_Pages/PaymentEntry_Page/input__spc'. Try using Self-healing.

2021-11-19 11:38:52 - [MESSAGE][WARNING] - [SELF-HEALING] The current locator of test object 'Object Repository/RAD_Pages/PaymentEntry_Page/input__spc' was broken. Propose an alternative one: '//div[4]/div/div/input'.

2021-11-19 11:39:23 - [MESSAGE][INFO] - Unable to find the element located by 'By.xpath: //*[@type = 'text' and @class = 'form-control' and @name = 'spc' and @id = 'spc']'. Please recheck the objects properties to make sure the desired element is located. 

2021-11-19 11:39:23 - [MESSAGE][WARNING] - [SELF-HEALING] Failed to find element with id 'Object Repository/RAD_Pages/PaymentEntry_Page/input__spc'. Try using Self-healing.

2021-11-19 11:39:23 - [MESSAGE][WARNING] - [SELF-HEALING] The current locator of test object 'Object Repository/RAD_Pages/PaymentEntry_Page/input__spc' was broken. Propose an alternative one: '//div[4]/div/div/input'.

2021-11-19 11:39:24 - [MESSAGE][PASSED] - Text '123' is set on object 'Object Repository/RAD_Pages/PaymentEntry_Page/input__spc'

2021-11-19 11:39:24 - [TEST_STEP][FAILED] - selectOptionByLabel(findTestObject(orPath_PaymentEntry + "/select_MM"), "12", false): Unable to select option by label '12' of object 'Object Repository/RAD_Pages/PaymentEntry_Page/select_MM'  (Root cause: com.kms.katalon.core.exception.StepFailedException: Unable to select option by label '12' of object 'Object Repository/RAD_Pages/PaymentEntry_Page/select_MM' 
	at com.kms.katalon.core.webui.keyword.internal.WebUIKeywordMain.stepFailed(WebUIKeywordMain.groovy:64)
	at com.kms.katalon.core.webui.keyword.internal.WebUIKeywordMain.runKeyword(WebUIKeywordMain.groovy:26)
	at com.kms.katalon.core.webui.keyword.builtin.SelectOptionByLabelKeyword.selectOptionByLabel(SelectOptionByLabelKeyword.groovy:98)
	at com.kms.katalon.core.webui.keyword.builtin.SelectOptionByLabelKeyword.execute(SelectOptionByLabelKeyword.groovy:71)
	at com.kms.katalon.core.keyword.internal.KeywordExecutor.executeKeywordForPlatform(KeywordExecutor.groovy:74)
	at com.kms.katalon.core.webui.keyword.WebUiBuiltInKeywords.selectOptionByLabel(WebUiBuiltInKeywords.groovy:1230)
	at com.kms.katalon.core.webui.keyword.WebUiBuiltInKeywords$selectOptionByLabel$6.call(Unknown Source)
	at Payments_HC_TC.run(Payments_HC_TC:317)
	at com.kms.katalon.core.main.ScriptEngine.run(ScriptEngine.java:194)
	at com.kms.katalon.core.main.ScriptEngine.runScriptAsRawText(ScriptEngine.java:119)
	at com.kms.katalon.core.main.TestCaseExecutor.runScript(TestCaseExecutor.java:430)
	at com.kms.katalon.core.main.TestCaseExecutor.doExecute(TestCaseExecutor.java:421)
	at com.kms.katalon.core.main.TestCaseExecutor.processExecutionPhase(TestCaseExecutor.java:400)
	at com.kms.katalon.core.main.TestCaseExecutor.accessMainPhase(TestCaseExecutor.java:392)
	at com.kms.katalon.core.main.TestCaseExecutor.execute(TestCaseExecutor.java:273)
	at com.kms.katalon.core.main.TestSuiteExecutor.accessTestCaseMainPhase(TestSuiteExecutor.java:202)
	at com.kms.katalon.core.main.TestSuiteExecutor.accessTestSuiteMainPhase(TestSuiteExecutor.java:164)
	at com.kms.katalon.core.main.TestSuiteExecutor.execute(TestSuiteExecutor.java:105)
	at com.kms.katalon.core.main.TestCaseMain.startTestSuite(TestCaseMain.java:185)
	at com.kms.katalon.core.main.TestCaseMain$startTestSuite$0.call(Unknown Source)
	at TempTestSuite1637335687322.run(TempTestSuite1637335687322.groovy:36)
Caused by: org.openqa.selenium.NoSuchElementException: Cannot locate element with text: 12
For documentation on this error, please visit: https://www.seleniumhq.org/exceptions/no_such_element.html
Build info: version: '3.141.59', revision: 'e82be7d358', time: '2018-11-14T08:25:53'
System info: host: 'DESKTOP-B2QI6NS', ip: '172.30.2.167', os.name: 'Windows 10', os.arch: 'amd64', os.version: '10.0', java.version: '1.8.0_181'
Driver info: driver.version: unknown
	at org.openqa.selenium.support.ui.Select.selectByVisibleText(Select.java:147)
	at com.kms.katalon.core.webui.common.WebUiCommonHelper.selectOrDeselectOptionsByLabel(WebUiCommonHelper.java:310)
	at com.kms.katalon.core.webui.keyword.builtin.SelectOptionByLabelKeyword$_selectOptionByLabel_closure1.doCall(SelectOptionByLabelKeyword.groovy:87)
	at com.kms.katalon.core.webui.keyword.builtin.SelectOptionByLabelKeyword$_selectOptionByLabel_closure1.call(SelectOptionByLabelKeyword.groovy)
	at com.kms.katalon.core.webui.keyword.internal.WebUIKeywordMain.runKeyword(WebUIKeywordMain.groovy:20)
	at com.kms.katalon.core.webui.keyword.builtin.SelectOptionByLabelKeyword.selectOptionByLabel(SelectOptionByLabelKeyword.groovy:98)
	at com.kms.katalon.core.webui.keyword.builtin.SelectOptionByLabelKeyword.execute(SelectOptionByLabelKeyword.groovy:71)
	at com.kms.katalon.core.keyword.internal.KeywordExecutor.executeKeywordForPlatform(KeywordExecutor.groovy:74)
	at com.kms.katalon.core.webui.keyword.WebUiBuiltInKeywords.selectOptionByLabel(WebUiBuiltInKeywords.groovy:1230)
	at com.kms.katalon.core.webui.keyword.WebUiBuiltInKeywords$selectOptionByLabel$6.call(Unknown Source)
	at Script1634674829687.run(Script1634674829687.groovy:317)
	... 13 more
)

2021-11-19 11:39:55 - [MESSAGE][INFO] - Unable to find the element located by 'By.xpath: //*[@name = 'cardExpMonth' and @alt = 'Expiration Date' and (text() = '
									MM
										
									01
						
									02
						
									03
						
									04
						
									05
						
									06
						
									07
						
									08
						
									09
						
									10
						
									11
						
									12
						
								' or . = '
									MM
										
									01
						
									02
						
									03
						
									04
						
									05
						
									06
						
									07
						
									08
						
									09
						
									10
						
									11
						
									12
						
								')]'. Please recheck the objects properties to make sure the desired element is located. 

2021-11-19 11:39:55 - [MESSAGE][WARNING] - [SELF-HEALING] Failed to find element with id 'Object Repository/RAD_Pages/PaymentEntry_Page/select_MM'. Try using Self-healing.

2021-11-19 11:39:55 - [MESSAGE][WARNING] - [SELF-HEALING] The current locator of test object 'Object Repository/RAD_Pages/PaymentEntry_Page/select_MM' was broken. Propose an alternative one: '//select'.

2021-11-19 11:39:56 - [MESSAGE][FAILED] - Unable to select option by label '12' of object 'Object Repository/RAD_Pages/PaymentEntry_Page/select_MM'  (Root cause: com.kms.katalon.core.exception.StepFailedException: Unable to select option by label '12' of object 'Object Repository/RAD_Pages/PaymentEntry_Page/select_MM' 
	at com.kms.katalon.core.webui.keyword.internal.WebUIKeywordMain.stepFailed(WebUIKeywordMain.groovy:64)
	at com.kms.katalon.core.webui.keyword.internal.WebUIKeywordMain.runKeyword(WebUIKeywordMain.groovy:26)
	at com.kms.katalon.core.webui.keyword.builtin.SelectOptionByLabelKeyword.selectOptionByLabel(SelectOptionByLabelKeyword.groovy:98)
	at com.kms.katalon.core.webui.keyword.builtin.SelectOptionByLabelKeyword.execute(SelectOptionByLabelKeyword.groovy:71)
	at com.kms.katalon.core.keyword.internal.KeywordExecutor.executeKeywordForPlatform(KeywordExecutor.groovy:74)
	at com.kms.katalon.core.webui.keyword.WebUiBuiltInKeywords.selectOptionByLabel(WebUiBuiltInKeywords.groovy:1230)
	at com.kms.katalon.core.webui.keyword.WebUiBuiltInKeywords$selectOptionByLabel$6.call(Unknown Source)
	at Payments_HC_TC.run(Payments_HC_TC:317)
	at com.kms.katalon.core.main.ScriptEngine.run(ScriptEngine.java:194)
	at com.kms.katalon.core.main.ScriptEngine.runScriptAsRawText(ScriptEngine.java:119)
	at com.kms.katalon.core.main.TestCaseExecutor.runScript(TestCaseExecutor.java:430)
	at com.kms.katalon.core.main.TestCaseExecutor.doExecute(TestCaseExecutor.java:421)
	at com.kms.katalon.core.main.TestCaseExecutor.processExecutionPhase(TestCaseExecutor.java:400)
	at com.kms.katalon.core.main.TestCaseExecutor.accessMainPhase(TestCaseExecutor.java:392)
	at com.kms.katalon.core.main.TestCaseExecutor.execute(TestCaseExecutor.java:273)
	at com.kms.katalon.core.main.TestSuiteExecutor.accessTestCaseMainPhase(TestSuiteExecutor.java:202)
	at com.kms.katalon.core.main.TestSuiteExecutor.accessTestSuiteMainPhase(TestSuiteExecutor.java:164)
	at com.kms.katalon.core.main.TestSuiteExecutor.execute(TestSuiteExecutor.java:105)
	at com.kms.katalon.core.main.TestCaseMain.startTestSuite(TestCaseMain.java:185)
	at com.kms.katalon.core.main.TestCaseMain$startTestSuite$0.call(Unknown Source)
	at TempTestSuite1637335687322.run(TempTestSuite1637335687322.groovy:36)
Caused by: org.openqa.selenium.NoSuchElementException: Cannot locate element with text: 12
For documentation on this error, please visit: https://www.seleniumhq.org/exceptions/no_such_element.html
Build info: version: '3.141.59', revision: 'e82be7d358', time: '2018-11-14T08:25:53'
System info: host: 'DESKTOP-B2QI6NS', ip: '172.30.2.167', os.name: 'Windows 10', os.arch: 'amd64', os.version: '10.0', java.version: '1.8.0_181'
Driver info: driver.version: unknown
	at org.openqa.selenium.support.ui.Select.selectByVisibleText(Select.java:147)
	at com.kms.katalon.core.webui.common.WebUiCommonHelper.selectOrDeselectOptionsByLabel(WebUiCommonHelper.java:310)
	at com.kms.katalon.core.webui.keyword.builtin.SelectOptionByLabelKeyword$_selectOptionByLabel_closure1.doCall(SelectOptionByLabelKeyword.groovy:87)
	at com.kms.katalon.core.webui.keyword.builtin.SelectOptionByLabelKeyword$_selectOptionByLabel_closure1.call(SelectOptionByLabelKeyword.groovy)
	at com.kms.katalon.core.webui.keyword.internal.WebUIKeywordMain.runKeyword(WebUIKeywordMain.groovy:20)
	at com.kms.katalon.core.webui.keyword.builtin.SelectOptionByLabelKeyword.selectOptionByLabel(SelectOptionByLabelKeyword.groovy:98)
	at com.kms.katalon.core.webui.keyword.builtin.SelectOptionByLabelKeyword.execute(SelectOptionByLabelKeyword.groovy:71)
	at com.kms.katalon.core.keyword.internal.KeywordExecutor.executeKeywordForPlatform(KeywordExecutor.groovy:74)
	at com.kms.katalon.core.webui.keyword.WebUiBuiltInKeywords.selectOptionByLabel(WebUiBuiltInKeywords.groovy:1230)
	at com.kms.katalon.core.webui.keyword.WebUiBuiltInKeywords$selectOptionByLabel$6.call(Unknown Source)
	at Script1634674829687.run(Script1634674829687.groovy:317)
	... 13 more
)
[[ATTACHMENT|E:\\Cloned-Project-Katalon\\VPS-Katalon\\Reports\\20211119_102807\\RAD_TestSuite\\RAD_UI_TestSuite\\20211119_102807\\1637339995887.png]]

2021-11-19 11:39:56 - [TEST_STEP][FAILED] - selectOptionByLabel(findTestObject(orPath_PaymentEntry + "/select_YYYY"), "2023", false): Unable to select option by label '2023' of object 'Object Repository/RAD_Pages/PaymentEntry_Page/select_YYYY'  (Root cause: com.kms.katalon.core.exception.StepFailedException: Unable to select option by label '2023' of object 'Object Repository/RAD_Pages/PaymentEntry_Page/select_YYYY' 
	at com.kms.katalon.core.webui.keyword.internal.WebUIKeywordMain.stepFailed(WebUIKeywordMain.groovy:64)
	at com.kms.katalon.core.webui.keyword.internal.WebUIKeywordMain.runKeyword(WebUIKeywordMain.groovy:26)
	at com.kms.katalon.core.webui.keyword.builtin.SelectOptionByLabelKeyword.selectOptionByLabel(SelectOptionByLabelKeyword.groovy:98)
	at com.kms.katalon.core.webui.keyword.builtin.SelectOptionByLabelKeyword.execute(SelectOptionByLabelKeyword.groovy:71)
	at com.kms.katalon.core.keyword.internal.KeywordExecutor.executeKeywordForPlatform(KeywordExecutor.groovy:74)
	at com.kms.katalon.core.webui.keyword.WebUiBuiltInKeywords.selectOptionByLabel(WebUiBuiltInKeywords.groovy:1230)
	at com.kms.katalon.core.webui.keyword.WebUiBuiltInKeywords$selectOptionByLabel$6.call(Unknown Source)
	at Payments_HC_TC.run(Payments_HC_TC:318)
	at com.kms.katalon.core.main.ScriptEngine.run(ScriptEngine.java:194)
	at com.kms.katalon.core.main.ScriptEngine.runScriptAsRawText(ScriptEngine.java:119)
	at com.kms.katalon.core.main.TestCaseExecutor.runScript(TestCaseExecutor.java:430)
	at com.kms.katalon.core.main.TestCaseExecutor.doExecute(TestCaseExecutor.java:421)
	at com.kms.katalon.core.main.TestCaseExecutor.processExecutionPhase(TestCaseExecutor.java:400)
	at com.kms.katalon.core.main.TestCaseExecutor.accessMainPhase(TestCaseExecutor.java:392)
	at com.kms.katalon.core.main.TestCaseExecutor.execute(TestCaseExecutor.java:273)
	at com.kms.katalon.core.main.TestSuiteExecutor.accessTestCaseMainPhase(TestSuiteExecutor.java:202)
	at com.kms.katalon.core.main.TestSuiteExecutor.accessTestSuiteMainPhase(TestSuiteExecutor.java:164)
	at com.kms.katalon.core.main.TestSuiteExecutor.execute(TestSuiteExecutor.java:105)
	at com.kms.katalon.core.main.TestCaseMain.startTestSuite(TestCaseMain.java:185)
	at com.kms.katalon.core.main.TestCaseMain$startTestSuite$0.call(Unknown Source)
	at TempTestSuite1637335687322.run(TempTestSuite1637335687322.groovy:36)
Caused by: com.kms.katalon.core.webui.exception.WebElementNotFoundException: Web element with id: 'Object Repository/RAD_Pages/PaymentEntry_Page/select_YYYY' located by '//*[@name = 'cardExpYear' and @alt = 'Expiration Date' and (text() = '
									YYYY
						
									2021
						
									2022
						
									2023
						
									2024
						
									2025
						
									2026
						
									2027
						
									2028
						
									2029
						
									2030
						
									2031
						
									2032
						
									2033
						
									2034
						
									2035
						
									2036
						
								' or . = '
									YYYY
						
									2021
						
									2022
						
									2023
						
									2024
						
									2025
						
									2026
						
									2027
						
									2028
						
									2029
						
									2030
						
									2031
						
									2032
						
									2033
						
									2034
						
									2035
						
									2036
						
								')]' not found
	at com.kms.katalon.core.webui.common.WebUiCommonHelper.findWebElement(WebUiCommonHelper.java:1368)
	at com.kms.katalon.core.webui.keyword.internal.WebUIAbstractKeyword.findWebElement(WebUIAbstractKeyword.groovy:27)
	at com.kms.katalon.core.webui.keyword.internal.WebUIAbstractKeyword.findWebElement(WebUIAbstractKeyword.groovy:26)
	at com.kms.katalon.core.webui.keyword.builtin.SelectOptionByLabelKeyword$_selectOptionByLabel_closure1.doCall(SelectOptionByLabelKeyword.groovy:86)
	at com.kms.katalon.core.webui.keyword.builtin.SelectOptionByLabelKeyword$_selectOptionByLabel_closure1.call(SelectOptionByLabelKeyword.groovy)
	at com.kms.katalon.core.webui.keyword.internal.WebUIKeywordMain.runKeyword(WebUIKeywordMain.groovy:20)
	at com.kms.katalon.core.webui.keyword.builtin.SelectOptionByLabelKeyword.selectOptionByLabel(SelectOptionByLabelKeyword.groovy:98)
	at com.kms.katalon.core.webui.keyword.builtin.SelectOptionByLabelKeyword.execute(SelectOptionByLabelKeyword.groovy:71)
	at com.kms.katalon.core.keyword.internal.KeywordExecutor.executeKeywordForPlatform(KeywordExecutor.groovy:74)
	at com.kms.katalon.core.webui.keyword.WebUiBuiltInKeywords.selectOptionByLabel(WebUiBuiltInKeywords.groovy:1230)
	at com.kms.katalon.core.webui.keyword.WebUiBuiltInKeywords$selectOptionByLabel$6.call(Unknown Source)
	at Script1634674829687.run(Script1634674829687.groovy:318)
	... 13 more
)

2021-11-19 11:40:27 - [MESSAGE][INFO] - Unable to find the element located by 'By.xpath: //*[@name = 'cardExpYear' and @alt = 'Expiration Date' and (text() = '
									YYYY
						
									2021
						
									2022
						
									2023
						
									2024
						
									2025
						
									2026
						
									2027
						
									2028
						
									2029
						
									2030
						
									2031
						
									2032
						
									2033
						
									2034
						
									2035
						
									2036
						
								' or . = '
									YYYY
						
									2021
						
									2022
						
									2023
						
									2024
						
									2025
						
									2026
						
									2027
						
									2028
						
									2029
						
									2030
						
									2031
						
									2032
						
									2033
						
									2034
						
									2035
						
									2036
						
								')]'. Please recheck the objects properties to make sure the desired element is located. 

2021-11-19 11:40:27 - [MESSAGE][WARNING] - [SELF-HEALING] Failed to find element with id 'Object Repository/RAD_Pages/PaymentEntry_Page/select_YYYY'. Try using Self-healing.

2021-11-19 11:40:28 - [MESSAGE][INFO] - Unable to find the element located by 'By.xpath: //select[@name='cardExpYear']'. Please recheck the objects properties to make sure the desired element is located. 

2021-11-19 11:40:28 - [MESSAGE][INFO] - [SELF-HEALING] Failed Locator: '//select[@name='cardExpYear']'.

2021-11-19 11:40:28 - [MESSAGE][INFO] - [SELF-HEALING] Failed Locator: '//div[@id='expDate']/div[2]/select'.

2021-11-19 11:40:29 - [MESSAGE][INFO] - [SELF-HEALING] Failed Locator: '(.//*[normalize-space(text()) and normalize-space(.)='*'])[4]/following::select[2]'.

2021-11-19 11:40:29 - [MESSAGE][INFO] - [SELF-HEALING] Failed Locator: '(.//*[normalize-space(text()) and normalize-space(.)='*'])[5]/preceding::select[1]'.

2021-11-19 11:40:29 - [MESSAGE][INFO] - [SELF-HEALING] Failed Locator: '//div[2]/select'.

2021-11-19 11:40:30 - [MESSAGE][INFO] - Unable to find the element located by 'By.cssSelector: select[name="cardExpYear"]'. Please recheck the objects properties to make sure the desired element is located. 

2021-11-19 11:40:31 - [MESSAGE][FAILED] - Unable to select option by label '2023' of object 'Object Repository/RAD_Pages/PaymentEntry_Page/select_YYYY'  (Root cause: com.kms.katalon.core.exception.StepFailedException: Unable to select option by label '2023' of object 'Object Repository/RAD_Pages/PaymentEntry_Page/select_YYYY' 
	at com.kms.katalon.core.webui.keyword.internal.WebUIKeywordMain.stepFailed(WebUIKeywordMain.groovy:64)
	at com.kms.katalon.core.webui.keyword.internal.WebUIKeywordMain.runKeyword(WebUIKeywordMain.groovy:26)
	at com.kms.katalon.core.webui.keyword.builtin.SelectOptionByLabelKeyword.selectOptionByLabel(SelectOptionByLabelKeyword.groovy:98)
	at com.kms.katalon.core.webui.keyword.builtin.SelectOptionByLabelKeyword.execute(SelectOptionByLabelKeyword.groovy:71)
	at com.kms.katalon.core.keyword.internal.KeywordExecutor.executeKeywordForPlatform(KeywordExecutor.groovy:74)
	at com.kms.katalon.core.webui.keyword.WebUiBuiltInKeywords.selectOptionByLabel(WebUiBuiltInKeywords.groovy:1230)
	at com.kms.katalon.core.webui.keyword.WebUiBuiltInKeywords$selectOptionByLabel$6.call(Unknown Source)
	at Payments_HC_TC.run(Payments_HC_TC:318)
	at com.kms.katalon.core.main.ScriptEngine.run(ScriptEngine.java:194)
	at com.kms.katalon.core.main.ScriptEngine.runScriptAsRawText(ScriptEngine.java:119)
	at com.kms.katalon.core.main.TestCaseExecutor.runScript(TestCaseExecutor.java:430)
	at com.kms.katalon.core.main.TestCaseExecutor.doExecute(TestCaseExecutor.java:421)
	at com.kms.katalon.core.main.TestCaseExecutor.processExecutionPhase(TestCaseExecutor.java:400)
	at com.kms.katalon.core.main.TestCaseExecutor.accessMainPhase(TestCaseExecutor.java:392)
	at com.kms.katalon.core.main.TestCaseExecutor.execute(TestCaseExecutor.java:273)
	at com.kms.katalon.core.main.TestSuiteExecutor.accessTestCaseMainPhase(TestSuiteExecutor.java:202)
	at com.kms.katalon.core.main.TestSuiteExecutor.accessTestSuiteMainPhase(TestSuiteExecutor.java:164)
	at com.kms.katalon.core.main.TestSuiteExecutor.execute(TestSuiteExecutor.java:105)
	at com.kms.katalon.core.main.TestCaseMain.startTestSuite(TestCaseMain.java:185)
	at com.kms.katalon.core.main.TestCaseMain$startTestSuite$0.call(Unknown Source)
	at TempTestSuite1637335687322.run(TempTestSuite1637335687322.groovy:36)
Caused by: com.kms.katalon.core.webui.exception.WebElementNotFoundException: Web element with id: 'Object Repository/RAD_Pages/PaymentEntry_Page/select_YYYY' located by '//*[@name = 'cardExpYear' and @alt = 'Expiration Date' and (text() = '
									YYYY
						
									2021
						
									2022
						
									2023
						
									2024
						
									2025
						
									2026
						
									2027
						
									2028
						
									2029
						
									2030
						
									2031
						
									2032
						
									2033
						
									2034
						
									2035
						
									2036
						
								' or . = '
									YYYY
						
									2021
						
									2022
						
									2023
						
									2024
						
									2025
						
									2026
						
									2027
						
									2028
						
									2029
						
									2030
						
									2031
						
									2032
						
									2033
						
									2034
						
									2035
						
									2036
						
								')]' not found
	at com.kms.katalon.core.webui.common.WebUiCommonHelper.findWebElement(WebUiCommonHelper.java:1368)
	at com.kms.katalon.core.webui.keyword.internal.WebUIAbstractKeyword.findWebElement(WebUIAbstractKeyword.groovy:27)
	at com.kms.katalon.core.webui.keyword.internal.WebUIAbstractKeyword.findWebElement(WebUIAbstractKeyword.groovy:26)
	at com.kms.katalon.core.webui.keyword.builtin.SelectOptionByLabelKeyword$_selectOptionByLabel_closure1.doCall(SelectOptionByLabelKeyword.groovy:86)
	at com.kms.katalon.core.webui.keyword.builtin.SelectOptionByLabelKeyword$_selectOptionByLabel_closure1.call(SelectOptionByLabelKeyword.groovy)
	at com.kms.katalon.core.webui.keyword.internal.WebUIKeywordMain.runKeyword(WebUIKeywordMain.groovy:20)
	at com.kms.katalon.core.webui.keyword.builtin.SelectOptionByLabelKeyword.selectOptionByLabel(SelectOptionByLabelKeyword.groovy:98)
	at com.kms.katalon.core.webui.keyword.builtin.SelectOptionByLabelKeyword.execute(SelectOptionByLabelKeyword.groovy:71)
	at com.kms.katalon.core.keyword.internal.KeywordExecutor.executeKeywordForPlatform(KeywordExecutor.groovy:74)
	at com.kms.katalon.core.webui.keyword.WebUiBuiltInKeywords.selectOptionByLabel(WebUiBuiltInKeywords.groovy:1230)
	at com.kms.katalon.core.webui.keyword.WebUiBuiltInKeywords$selectOptionByLabel$6.call(Unknown Source)
	at Script1634674829687.run(Script1634674829687.groovy:318)
	... 13 more
)
[[ATTACHMENT|E:\\Cloned-Project-Katalon\\VPS-Katalon\\Reports\\20211119_102807\\RAD_TestSuite\\RAD_UI_TestSuite\\20211119_102807\\1637340030770.png]]

2021-11-19 11:40:31 - [TEST_STEP][FAILED] - click(findTestObject(orPath_PaymentEntry + "/input_Field_ccSubmit")): Unable to click on object 'Object Repository/RAD_Pages/PaymentEntry_Page/input_Field_ccSubmit' (Root cause: com.kms.katalon.core.exception.StepFailedException: Unable to click on object 'Object Repository/RAD_Pages/PaymentEntry_Page/input_Field_ccSubmit'
	at com.kms.katalon.core.webui.keyword.internal.WebUIKeywordMain.stepFailed(WebUIKeywordMain.groovy:64)
	at com.kms.katalon.core.webui.keyword.internal.WebUIKeywordMain.runKeyword(WebUIKeywordMain.groovy:26)
	at com.kms.katalon.core.webui.keyword.builtin.ClickKeyword.click(ClickKeyword.groovy:75)
	at com.kms.katalon.core.webui.keyword.builtin.ClickKeyword.execute(ClickKeyword.groovy:42)
	at com.kms.katalon.core.keyword.internal.KeywordExecutor.executeKeywordForPlatform(KeywordExecutor.groovy:74)
	at com.kms.katalon.core.webui.keyword.WebUiBuiltInKeywords.click(WebUiBuiltInKeywords.groovy:620)
	at com.kms.katalon.core.webui.keyword.WebUiBuiltInKeywords$click$10.call(Unknown Source)
	at Payments_HC_TC.run(Payments_HC_TC:319)
	at com.kms.katalon.core.main.ScriptEngine.run(ScriptEngine.java:194)
	at com.kms.katalon.core.main.ScriptEngine.runScriptAsRawText(ScriptEngine.java:119)
	at com.kms.katalon.core.main.TestCaseExecutor.runScript(TestCaseExecutor.java:430)
	at com.kms.katalon.core.main.TestCaseExecutor.doExecute(TestCaseExecutor.java:421)
	at com.kms.katalon.core.main.TestCaseExecutor.processExecutionPhase(TestCaseExecutor.java:400)
	at com.kms.katalon.core.main.TestCaseExecutor.accessMainPhase(TestCaseExecutor.java:392)
	at com.kms.katalon.core.main.TestCaseExecutor.execute(TestCaseExecutor.java:273)
	at com.kms.katalon.core.main.TestSuiteExecutor.accessTestCaseMainPhase(TestSuiteExecutor.java:202)
	at com.kms.katalon.core.main.TestSuiteExecutor.accessTestSuiteMainPhase(TestSuiteExecutor.java:164)
	at com.kms.katalon.core.main.TestSuiteExecutor.execute(TestSuiteExecutor.java:105)
	at com.kms.katalon.core.main.TestCaseMain.startTestSuite(TestCaseMain.java:185)
	at com.kms.katalon.core.main.TestCaseMain$startTestSuite$0.call(Unknown Source)
	at TempTestSuite1637335687322.run(TempTestSuite1637335687322.groovy:36)
Caused by: com.kms.katalon.core.webui.exception.WebElementNotFoundException: Web element with id: 'Object Repository/RAD_Pages/PaymentEntry_Page/input_Field_ccSubmit' located by '//*[@type = 'submit' and @name = 'ccSubmit']' not found
	at com.kms.katalon.core.webui.common.WebUiCommonHelper.findWebElement(WebUiCommonHelper.java:1368)
	at com.kms.katalon.core.webui.keyword.internal.WebUIAbstractKeyword.findWebElement(WebUIAbstractKeyword.groovy:27)
	at com.kms.katalon.core.webui.keyword.internal.WebUIAbstractKeyword.findWebElement(WebUIAbstractKeyword.groovy:26)
	at com.kms.katalon.core.webui.keyword.builtin.ClickKeyword$_click_closure1.doCall(ClickKeyword.groovy:66)
	at com.kms.katalon.core.webui.keyword.builtin.ClickKeyword$_click_closure1.call(ClickKeyword.groovy)
	at com.kms.katalon.core.webui.keyword.internal.WebUIKeywordMain.runKeyword(WebUIKeywordMain.groovy:20)
	at com.kms.katalon.core.webui.keyword.builtin.ClickKeyword.click(ClickKeyword.groovy:75)
	at com.kms.katalon.core.webui.keyword.builtin.ClickKeyword.execute(ClickKeyword.groovy:42)
	at com.kms.katalon.core.keyword.internal.KeywordExecutor.executeKeywordForPlatform(KeywordExecutor.groovy:74)
	at com.kms.katalon.core.webui.keyword.WebUiBuiltInKeywords.click(WebUiBuiltInKeywords.groovy:620)
	at com.kms.katalon.core.webui.keyword.WebUiBuiltInKeywords$click$10.call(Unknown Source)
	at Script1634674829687.run(Script1634674829687.groovy:319)
	... 13 more
)

2021-11-19 11:41:02 - [MESSAGE][INFO] - Unable to find the element located by 'By.xpath: //*[@type = 'submit' and @name = 'ccSubmit']'. Please recheck the objects properties to make sure the desired element is located. 

2021-11-19 11:41:02 - [MESSAGE][WARNING] - [SELF-HEALING] Failed to find element with id 'Object Repository/RAD_Pages/PaymentEntry_Page/input_Field_ccSubmit'. Try using Self-healing.

2021-11-19 11:41:03 - [MESSAGE][INFO] - Unable to find the element located by 'By.xpath: //input[@name='ccSubmit']'. Please recheck the objects properties to make sure the desired element is located. 

2021-11-19 11:41:03 - [MESSAGE][INFO] - [SELF-HEALING] Failed Locator: '//input[@name='ccSubmit']'.

2021-11-19 11:41:03 - [MESSAGE][INFO] - [SELF-HEALING] Failed Locator: '//form[@id='process']/table/tbody/tr/td[2]/div/div/input'.

2021-11-19 11:41:04 - [MESSAGE][INFO] - [SELF-HEALING] Failed Locator: '//td[2]/div/div/input'.

2021-11-19 11:41:04 - [MESSAGE][INFO] - [SELF-HEALING] Failed Locator: '//input[@name='ccSubmit']'.

2021-11-19 11:41:04 - [MESSAGE][INFO] - [SELF-HEALING] Failed Locator: '//form[@id='process']/table/tbody/tr/td[2]/div/div/input'.

2021-11-19 11:41:04 - [MESSAGE][INFO] - [SELF-HEALING] Failed Locator: '//td[2]/div/div/input'.

2021-11-19 11:41:05 - [MESSAGE][INFO] - Unable to find the element located by 'By.cssSelector: input[name="ccSubmit"]'. Please recheck the objects properties to make sure the desired element is located. 

2021-11-19 11:41:06 - [MESSAGE][FAILED] - Unable to click on object 'Object Repository/RAD_Pages/PaymentEntry_Page/input_Field_ccSubmit' (Root cause: com.kms.katalon.core.exception.StepFailedException: Unable to click on object 'Object Repository/RAD_Pages/PaymentEntry_Page/input_Field_ccSubmit'
	at com.kms.katalon.core.webui.keyword.internal.WebUIKeywordMain.stepFailed(WebUIKeywordMain.groovy:64)
	at com.kms.katalon.core.webui.keyword.internal.WebUIKeywordMain.runKeyword(WebUIKeywordMain.groovy:26)
	at com.kms.katalon.core.webui.keyword.builtin.ClickKeyword.click(ClickKeyword.groovy:75)
	at com.kms.katalon.core.webui.keyword.builtin.ClickKeyword.execute(ClickKeyword.groovy:42)
	at com.kms.katalon.core.keyword.internal.KeywordExecutor.executeKeywordForPlatform(KeywordExecutor.groovy:74)
	at com.kms.katalon.core.webui.keyword.WebUiBuiltInKeywords.click(WebUiBuiltInKeywords.groovy:620)
	at com.kms.katalon.core.webui.keyword.WebUiBuiltInKeywords$click$10.call(Unknown Source)
	at Payments_HC_TC.run(Payments_HC_TC:319)
	at com.kms.katalon.core.main.ScriptEngine.run(ScriptEngine.java:194)
	at com.kms.katalon.core.main.ScriptEngine.runScriptAsRawText(ScriptEngine.java:119)
	at com.kms.katalon.core.main.TestCaseExecutor.runScript(TestCaseExecutor.java:430)
	at com.kms.katalon.core.main.TestCaseExecutor.doExecute(TestCaseExecutor.java:421)
	at com.kms.katalon.core.main.TestCaseExecutor.processExecutionPhase(TestCaseExecutor.java:400)
	at com.kms.katalon.core.main.TestCaseExecutor.accessMainPhase(TestCaseExecutor.java:392)
	at com.kms.katalon.core.main.TestCaseExecutor.execute(TestCaseExecutor.java:273)
	at com.kms.katalon.core.main.TestSuiteExecutor.accessTestCaseMainPhase(TestSuiteExecutor.java:202)
	at com.kms.katalon.core.main.TestSuiteExecutor.accessTestSuiteMainPhase(TestSuiteExecutor.java:164)
	at com.kms.katalon.core.main.TestSuiteExecutor.execute(TestSuiteExecutor.java:105)
	at com.kms.katalon.core.main.TestCaseMain.startTestSuite(TestCaseMain.java:185)
	at com.kms.katalon.core.main.TestCaseMain$startTestSuite$0.call(Unknown Source)
	at TempTestSuite1637335687322.run(TempTestSuite1637335687322.groovy:36)
Caused by: com.kms.katalon.core.webui.exception.WebElementNotFoundException: Web element with id: 'Object Repository/RAD_Pages/PaymentEntry_Page/input_Field_ccSubmit' located by '//*[@type = 'submit' and @name = 'ccSubmit']' not found
	at com.kms.katalon.core.webui.common.WebUiCommonHelper.findWebElement(WebUiCommonHelper.java:1368)
	at com.kms.katalon.core.webui.keyword.internal.WebUIAbstractKeyword.findWebElement(WebUIAbstractKeyword.groovy:27)
	at com.kms.katalon.core.webui.keyword.internal.WebUIAbstractKeyword.findWebElement(WebUIAbstractKeyword.groovy:26)
	at com.kms.katalon.core.webui.keyword.builtin.ClickKeyword$_click_closure1.doCall(ClickKeyword.groovy:66)
	at com.kms.katalon.core.webui.keyword.builtin.ClickKeyword$_click_closure1.call(ClickKeyword.groovy)
	at com.kms.katalon.core.webui.keyword.internal.WebUIKeywordMain.runKeyword(WebUIKeywordMain.groovy:20)
	at com.kms.katalon.core.webui.keyword.builtin.ClickKeyword.click(ClickKeyword.groovy:75)
	at com.kms.katalon.core.webui.keyword.builtin.ClickKeyword.execute(ClickKeyword.groovy:42)
	at com.kms.katalon.core.keyword.internal.KeywordExecutor.executeKeywordForPlatform(KeywordExecutor.groovy:74)
	at com.kms.katalon.core.webui.keyword.WebUiBuiltInKeywords.click(WebUiBuiltInKeywords.groovy:620)
	at com.kms.katalon.core.webui.keyword.WebUiBuiltInKeywords$click$10.call(Unknown Source)
	at Script1634674829687.run(Script1634674829687.groovy:319)
	... 13 more
)
[[ATTACHMENT|E:\\Cloned-Project-Katalon\\VPS-Katalon\\Reports\\20211119_102807\\RAD_TestSuite\\RAD_UI_TestSuite\\20211119_102807\\1637340065846.png]]

2021-11-19 11:41:06 - [TEST_STEP][FAILED] - click(findTestObject(orPath_PaymentConfirmation + "/input_N_confirmNotifyAction")): Unable to click on object 'Object Repository/RAD_Pages/PaymentConfirmation_Page/input_N_confirmNotifyAction' (Root cause: com.kms.katalon.core.exception.StepFailedException: Unable to click on object 'Object Repository/RAD_Pages/PaymentConfirmation_Page/input_N_confirmNotifyAction'
	at com.kms.katalon.core.webui.keyword.internal.WebUIKeywordMain.stepFailed(WebUIKeywordMain.groovy:64)
	at com.kms.katalon.core.webui.keyword.internal.WebUIKeywordMain.runKeyword(WebUIKeywordMain.groovy:26)
	at com.kms.katalon.core.webui.keyword.builtin.ClickKeyword.click(ClickKeyword.groovy:75)
	at com.kms.katalon.core.webui.keyword.builtin.ClickKeyword.execute(ClickKeyword.groovy:42)
	at com.kms.katalon.core.keyword.internal.KeywordExecutor.executeKeywordForPlatform(KeywordExecutor.groovy:74)
	at com.kms.katalon.core.webui.keyword.WebUiBuiltInKeywords.click(WebUiBuiltInKeywords.groovy:620)
	at com.kms.katalon.core.webui.keyword.WebUiBuiltInKeywords$click$10.call(Unknown Source)
	at Payments_HC_TC.run(Payments_HC_TC:324)
	at com.kms.katalon.core.main.ScriptEngine.run(ScriptEngine.java:194)
	at com.kms.katalon.core.main.ScriptEngine.runScriptAsRawText(ScriptEngine.java:119)
	at com.kms.katalon.core.main.TestCaseExecutor.runScript(TestCaseExecutor.java:430)
	at com.kms.katalon.core.main.TestCaseExecutor.doExecute(TestCaseExecutor.java:421)
	at com.kms.katalon.core.main.TestCaseExecutor.processExecutionPhase(TestCaseExecutor.java:400)
	at com.kms.katalon.core.main.TestCaseExecutor.accessMainPhase(TestCaseExecutor.java:392)
	at com.kms.katalon.core.main.TestCaseExecutor.execute(TestCaseExecutor.java:273)
	at com.kms.katalon.core.main.TestSuiteExecutor.accessTestCaseMainPhase(TestSuiteExecutor.java:202)
	at com.kms.katalon.core.main.TestSuiteExecutor.accessTestSuiteMainPhase(TestSuiteExecutor.java:164)
	at com.kms.katalon.core.main.TestSuiteExecutor.execute(TestSuiteExecutor.java:105)
	at com.kms.katalon.core.main.TestCaseMain.startTestSuite(TestCaseMain.java:185)
	at com.kms.katalon.core.main.TestCaseMain$startTestSuite$0.call(Unknown Source)
	at TempTestSuite1637335687322.run(TempTestSuite1637335687322.groovy:36)
Caused by: org.openqa.selenium.ElementClickInterceptedException: element click intercepted: Element is not clickable at point (490, -333)
  (Session info: chrome=96.0.4664.45)
Build info: version: '3.141.59', revision: 'e82be7d358', time: '2018-11-14T08:25:53'
System info: host: 'DESKTOP-B2QI6NS', ip: '172.30.2.167', os.name: 'Windows 10', os.arch: 'amd64', os.version: '10.0', java.version: '1.8.0_181'
Driver info: com.kms.katalon.selenium.driver.CChromeDriver
Capabilities {acceptInsecureCerts: true, browserName: chrome, browserVersion: 96.0.4664.45, chrome: {chromedriverVersion: 95.0.4638.54 (d31a821ec901f..., userDataDir: C:\Users\iahmed\AppData\Loc...}, goog:chromeOptions: {debuggerAddress: localhost:53753}, javascriptEnabled: true, networkConnectionEnabled: false, pageLoadStrategy: normal, platform: WINDOWS, platformName: WINDOWS, proxy: Proxy(), setWindowRect: true, strictFileInteractability: false, timeouts: {implicit: 0, pageLoad: 300000, script: 30000}, unhandledPromptBehavior: dismiss and notify, webauthn:extension:credBlob: true, webauthn:extension:largeBlob: true, webauthn:virtualAuthenticators: true}
Session ID: 25091f606533f5c591e447754a106fbe
	at org.openqa.selenium.remote.http.W3CHttpResponseCodec.createException(W3CHttpResponseCodec.java:187)
	at org.openqa.selenium.remote.http.W3CHttpResponseCodec.decode(W3CHttpResponseCodec.java:122)
	at org.openqa.selenium.remote.http.W3CHttpResponseCodec.decode(W3CHttpResponseCodec.java:49)
	at org.openqa.selenium.remote.HttpCommandExecutor.execute(HttpCommandExecutor.java:158)
	at org.openqa.selenium.remote.service.DriverCommandExecutor.execute(DriverCommandExecutor.java:83)
	at org.openqa.selenium.remote.RemoteWebDriver.execute(RemoteWebDriver.java:552)
	at com.kms.katalon.selenium.driver.CChromeDriver.execute(CChromeDriver.java:19)
	at org.openqa.selenium.remote.RemoteWebElement.execute(RemoteWebElement.java:285)
	at org.openqa.selenium.remote.RemoteWebElement.click(RemoteWebElement.java:84)
	at org.openqa.selenium.support.events.EventFiringWebDriver$EventFiringWebElement.lambda$new$0(EventFiringWebDriver.java:404)
	at com.sun.proxy.$Proxy11.click(Unknown Source)
	at org.openqa.selenium.support.events.EventFiringWebDriver$EventFiringWebElement.click(EventFiringWebDriver.java:417)
	at com.kms.katalon.core.webui.keyword.builtin.ClickKeyword$_click_closure1.doCall(ClickKeyword.groovy:68)
	at com.kms.katalon.core.webui.keyword.builtin.ClickKeyword$_click_closure1.call(ClickKeyword.groovy)
	at com.kms.katalon.core.webui.keyword.internal.WebUIKeywordMain.runKeyword(WebUIKeywordMain.groovy:20)
	at com.kms.katalon.core.webui.keyword.builtin.ClickKeyword.click(ClickKeyword.groovy:75)
	at com.kms.katalon.core.webui.keyword.builtin.ClickKeyword.execute(ClickKeyword.groovy:42)
	at com.kms.katalon.core.keyword.internal.KeywordExecutor.executeKeywordForPlatform(KeywordExecutor.groovy:74)
	at com.kms.katalon.core.webui.keyword.WebUiBuiltInKeywords.click(WebUiBuiltInKeywords.groovy:620)
	at com.kms.katalon.core.webui.keyword.WebUiBuiltInKeywords$click$10.call(Unknown Source)
	at Script1634674829687.run(Script1634674829687.groovy:324)
	... 13 more
)

2021-11-19 11:41:37 - [MESSAGE][INFO] - Unable to find the element located by 'By.xpath: //*[@type = 'submit' and @name = 'confirmNotifyAction']'. Please recheck the objects properties to make sure the desired element is located. 

2021-11-19 11:41:37 - [MESSAGE][WARNING] - [SELF-HEALING] Failed to find element with id 'Object Repository/RAD_Pages/PaymentConfirmation_Page/input_N_confirmNotifyAction'. Try using Self-healing.

2021-11-19 11:41:37 - [MESSAGE][WARNING] - [SELF-HEALING] The current locator of test object 'Object Repository/RAD_Pages/PaymentConfirmation_Page/input_N_confirmNotifyAction' was broken. Propose an alternative one: '//div[4]/div/input'.

2021-11-19 11:41:38 - [MESSAGE][FAILED] - Unable to click on object 'Object Repository/RAD_Pages/PaymentConfirmation_Page/input_N_confirmNotifyAction' (Root cause: com.kms.katalon.core.exception.StepFailedException: Unable to click on object 'Object Repository/RAD_Pages/PaymentConfirmation_Page/input_N_confirmNotifyAction'
	at com.kms.katalon.core.webui.keyword.internal.WebUIKeywordMain.stepFailed(WebUIKeywordMain.groovy:64)
	at com.kms.katalon.core.webui.keyword.internal.WebUIKeywordMain.runKeyword(WebUIKeywordMain.groovy:26)
	at com.kms.katalon.core.webui.keyword.builtin.ClickKeyword.click(ClickKeyword.groovy:75)
	at com.kms.katalon.core.webui.keyword.builtin.ClickKeyword.execute(ClickKeyword.groovy:42)
	at com.kms.katalon.core.keyword.internal.KeywordExecutor.executeKeywordForPlatform(KeywordExecutor.groovy:74)
	at com.kms.katalon.core.webui.keyword.WebUiBuiltInKeywords.click(WebUiBuiltInKeywords.groovy:620)
	at com.kms.katalon.core.webui.keyword.WebUiBuiltInKeywords$click$10.call(Unknown Source)
	at Payments_HC_TC.run(Payments_HC_TC:324)
	at com.kms.katalon.core.main.ScriptEngine.run(ScriptEngine.java:194)
	at com.kms.katalon.core.main.ScriptEngine.runScriptAsRawText(ScriptEngine.java:119)
	at com.kms.katalon.core.main.TestCaseExecutor.runScript(TestCaseExecutor.java:430)
	at com.kms.katalon.core.main.TestCaseExecutor.doExecute(TestCaseExecutor.java:421)
	at com.kms.katalon.core.main.TestCaseExecutor.processExecutionPhase(TestCaseExecutor.java:400)
	at com.kms.katalon.core.main.TestCaseExecutor.accessMainPhase(TestCaseExecutor.java:392)
	at com.kms.katalon.core.main.TestCaseExecutor.execute(TestCaseExecutor.java:273)
	at com.kms.katalon.core.main.TestSuiteExecutor.accessTestCaseMainPhase(TestSuiteExecutor.java:202)
	at com.kms.katalon.core.main.TestSuiteExecutor.accessTestSuiteMainPhase(TestSuiteExecutor.java:164)
	at com.kms.katalon.core.main.TestSuiteExecutor.execute(TestSuiteExecutor.java:105)
	at com.kms.katalon.core.main.TestCaseMain.startTestSuite(TestCaseMain.java:185)
	at com.kms.katalon.core.main.TestCaseMain$startTestSuite$0.call(Unknown Source)
	at TempTestSuite1637335687322.run(TempTestSuite1637335687322.groovy:36)
Caused by: org.openqa.selenium.ElementClickInterceptedException: element click intercepted: Element is not clickable at point (490, -333)
  (Session info: chrome=96.0.4664.45)
Build info: version: '3.141.59', revision: 'e82be7d358', time: '2018-11-14T08:25:53'
System info: host: 'DESKTOP-B2QI6NS', ip: '172.30.2.167', os.name: 'Windows 10', os.arch: 'amd64', os.version: '10.0', java.version: '1.8.0_181'
Driver info: com.kms.katalon.selenium.driver.CChromeDriver
Capabilities {acceptInsecureCerts: true, browserName: chrome, browserVersion: 96.0.4664.45, chrome: {chromedriverVersion: 95.0.4638.54 (d31a821ec901f..., userDataDir: C:\Users\iahmed\AppData\Loc...}, goog:chromeOptions: {debuggerAddress: localhost:53753}, javascriptEnabled: true, networkConnectionEnabled: false, pageLoadStrategy: normal, platform: WINDOWS, platformName: WINDOWS, proxy: Proxy(), setWindowRect: true, strictFileInteractability: false, timeouts: {implicit: 0, pageLoad: 300000, script: 30000}, unhandledPromptBehavior: dismiss and notify, webauthn:extension:credBlob: true, webauthn:extension:largeBlob: true, webauthn:virtualAuthenticators: true}
Session ID: 25091f606533f5c591e447754a106fbe
	at org.openqa.selenium.remote.http.W3CHttpResponseCodec.createException(W3CHttpResponseCodec.java:187)
	at org.openqa.selenium.remote.http.W3CHttpResponseCodec.decode(W3CHttpResponseCodec.java:122)
	at org.openqa.selenium.remote.http.W3CHttpResponseCodec.decode(W3CHttpResponseCodec.java:49)
	at org.openqa.selenium.remote.HttpCommandExecutor.execute(HttpCommandExecutor.java:158)
	at org.openqa.selenium.remote.service.DriverCommandExecutor.execute(DriverCommandExecutor.java:83)
	at org.openqa.selenium.remote.RemoteWebDriver.execute(RemoteWebDriver.java:552)
	at com.kms.katalon.selenium.driver.CChromeDriver.execute(CChromeDriver.java:19)
	at org.openqa.selenium.remote.RemoteWebElement.execute(RemoteWebElement.java:285)
	at org.openqa.selenium.remote.RemoteWebElement.click(RemoteWebElement.java:84)
	at org.openqa.selenium.support.events.EventFiringWebDriver$EventFiringWebElement.lambda$new$0(EventFiringWebDriver.java:404)
	at com.sun.proxy.$Proxy11.click(Unknown Source)
	at org.openqa.selenium.support.events.EventFiringWebDriver$EventFiringWebElement.click(EventFiringWebDriver.java:417)
	at com.kms.katalon.core.webui.keyword.builtin.ClickKeyword$_click_closure1.doCall(ClickKeyword.groovy:68)
	at com.kms.katalon.core.webui.keyword.builtin.ClickKeyword$_click_closure1.call(ClickKeyword.groovy)
	at com.kms.katalon.core.webui.keyword.internal.WebUIKeywordMain.runKeyword(WebUIKeywordMain.groovy:20)
	at com.kms.katalon.core.webui.keyword.builtin.ClickKeyword.click(ClickKeyword.groovy:75)
	at com.kms.katalon.core.webui.keyword.builtin.ClickKeyword.execute(ClickKeyword.groovy:42)
	at com.kms.katalon.core.keyword.internal.KeywordExecutor.executeKeywordForPlatform(KeywordExecutor.groovy:74)
	at com.kms.katalon.core.webui.keyword.WebUiBuiltInKeywords.click(WebUiBuiltInKeywords.groovy:620)
	at com.kms.katalon.core.webui.keyword.WebUiBuiltInKeywords$click$10.call(Unknown Source)
	at Script1634674829687.run(Script1634674829687.groovy:324)
	... 13 more
)
[[ATTACHMENT|E:\\Cloned-Project-Katalon\\VPS-Katalon\\Reports\\20211119_102807\\RAD_TestSuite\\RAD_UI_TestSuite\\20211119_102807\\1637340098695.png]]

2021-11-19 11:41:38 - [TEST_STEP][FAILED] - click(findTestObject(orPath_ServiceFeesAccept + "/input_convFeeNotifyAction")): Unable to click on object 'Object Repository/RAD_Pages/ServiceFeeAccept_Page/input_convFeeNotifyAction' (Root cause: com.kms.katalon.core.exception.StepFailedException: Unable to click on object 'Object Repository/RAD_Pages/ServiceFeeAccept_Page/input_convFeeNotifyAction'
	at com.kms.katalon.core.webui.keyword.internal.WebUIKeywordMain.stepFailed(WebUIKeywordMain.groovy:64)
	at com.kms.katalon.core.webui.keyword.internal.WebUIKeywordMain.runKeyword(WebUIKeywordMain.groovy:26)
	at com.kms.katalon.core.webui.keyword.builtin.ClickKeyword.click(ClickKeyword.groovy:75)
	at com.kms.katalon.core.webui.keyword.builtin.ClickKeyword.execute(ClickKeyword.groovy:42)
	at com.kms.katalon.core.keyword.internal.KeywordExecutor.executeKeywordForPlatform(KeywordExecutor.groovy:74)
	at com.kms.katalon.core.webui.keyword.WebUiBuiltInKeywords.click(WebUiBuiltInKeywords.groovy:620)
	at com.kms.katalon.core.webui.keyword.WebUiBuiltInKeywords$click$10.call(Unknown Source)
	at Payments_HC_TC.run(Payments_HC_TC:328)
	at com.kms.katalon.core.main.ScriptEngine.run(ScriptEngine.java:194)
	at com.kms.katalon.core.main.ScriptEngine.runScriptAsRawText(ScriptEngine.java:119)
	at com.kms.katalon.core.main.TestCaseExecutor.runScript(TestCaseExecutor.java:430)
	at com.kms.katalon.core.main.TestCaseExecutor.doExecute(TestCaseExecutor.java:421)
	at com.kms.katalon.core.main.TestCaseExecutor.processExecutionPhase(TestCaseExecutor.java:400)
	at com.kms.katalon.core.main.TestCaseExecutor.accessMainPhase(TestCaseExecutor.java:392)
	at com.kms.katalon.core.main.TestCaseExecutor.execute(TestCaseExecutor.java:273)
	at com.kms.katalon.core.main.TestSuiteExecutor.accessTestCaseMainPhase(TestSuiteExecutor.java:202)
	at com.kms.katalon.core.main.TestSuiteExecutor.accessTestSuiteMainPhase(TestSuiteExecutor.java:164)
	at com.kms.katalon.core.main.TestSuiteExecutor.execute(TestSuiteExecutor.java:105)
	at com.kms.katalon.core.main.TestCaseMain.startTestSuite(TestCaseMain.java:185)
	at com.kms.katalon.core.main.TestCaseMain$startTestSuite$0.call(Unknown Source)
	at TempTestSuite1637335687322.run(TempTestSuite1637335687322.groovy:36)
Caused by: org.openqa.selenium.ElementClickInterceptedException: element click intercepted: Element <input type="text" name="middleName" class="form-control" id="middleName" maxlength="20" placeholder="Middle Name"> is not clickable at point (902, 29). Other element would receive the click: <div class="container-fluid">...</div>
  (Session info: chrome=96.0.4664.45)
Build info: version: '3.141.59', revision: 'e82be7d358', time: '2018-11-14T08:25:53'
System info: host: 'DESKTOP-B2QI6NS', ip: '172.30.2.167', os.name: 'Windows 10', os.arch: 'amd64', os.version: '10.0', java.version: '1.8.0_181'
Driver info: com.kms.katalon.selenium.driver.CChromeDriver
Capabilities {acceptInsecureCerts: true, browserName: chrome, browserVersion: 96.0.4664.45, chrome: {chromedriverVersion: 95.0.4638.54 (d31a821ec901f..., userDataDir: C:\Users\iahmed\AppData\Loc...}, goog:chromeOptions: {debuggerAddress: localhost:53753}, javascriptEnabled: true, networkConnectionEnabled: false, pageLoadStrategy: normal, platform: WINDOWS, platformName: WINDOWS, proxy: Proxy(), setWindowRect: true, strictFileInteractability: false, timeouts: {implicit: 0, pageLoad: 300000, script: 30000}, unhandledPromptBehavior: dismiss and notify, webauthn:extension:credBlob: true, webauthn:extension:largeBlob: true, webauthn:virtualAuthenticators: true}
Session ID: 25091f606533f5c591e447754a106fbe
	at org.openqa.selenium.remote.http.W3CHttpResponseCodec.createException(W3CHttpResponseCodec.java:187)
	at org.openqa.selenium.remote.http.W3CHttpResponseCodec.decode(W3CHttpResponseCodec.java:122)
	at org.openqa.selenium.remote.http.W3CHttpResponseCodec.decode(W3CHttpResponseCodec.java:49)
	at org.openqa.selenium.remote.HttpCommandExecutor.execute(HttpCommandExecutor.java:158)
	at org.openqa.selenium.remote.service.DriverCommandExecutor.execute(DriverCommandExecutor.java:83)
	at org.openqa.selenium.remote.RemoteWebDriver.execute(RemoteWebDriver.java:552)
	at com.kms.katalon.selenium.driver.CChromeDriver.execute(CChromeDriver.java:19)
	at org.openqa.selenium.remote.RemoteWebElement.execute(RemoteWebElement.java:285)
	at org.openqa.selenium.remote.RemoteWebElement.click(RemoteWebElement.java:84)
	at org.openqa.selenium.support.events.EventFiringWebDriver$EventFiringWebElement.lambda$new$0(EventFiringWebDriver.java:404)
	at com.sun.proxy.$Proxy11.click(Unknown Source)
	at org.openqa.selenium.support.events.EventFiringWebDriver$EventFiringWebElement.click(EventFiringWebDriver.java:417)
	at com.kms.katalon.core.webui.keyword.builtin.ClickKeyword$_click_closure1.doCall(ClickKeyword.groovy:68)
	at com.kms.katalon.core.webui.keyword.builtin.ClickKeyword$_click_closure1.call(ClickKeyword.groovy)
	at com.kms.katalon.core.webui.keyword.internal.WebUIKeywordMain.runKeyword(WebUIKeywordMain.groovy:20)
	at com.kms.katalon.core.webui.keyword.builtin.ClickKeyword.click(ClickKeyword.groovy:75)
	at com.kms.katalon.core.webui.keyword.builtin.ClickKeyword.execute(ClickKeyword.groovy:42)
	at com.kms.katalon.core.keyword.internal.KeywordExecutor.executeKeywordForPlatform(KeywordExecutor.groovy:74)
	at com.kms.katalon.core.webui.keyword.WebUiBuiltInKeywords.click(WebUiBuiltInKeywords.groovy:620)
	at com.kms.katalon.core.webui.keyword.WebUiBuiltInKeywords$click$10.call(Unknown Source)
	at Script1634674829687.run(Script1634674829687.groovy:328)
	... 13 more
)

2021-11-19 11:42:10 - [MESSAGE][INFO] - Unable to find the element located by 'By.xpath: //*[@type = 'submit' and @name = 'convFeeNotifyAction']'. Please recheck the objects properties to make sure the desired element is located. 

2021-11-19 11:42:10 - [MESSAGE][WARNING] - [SELF-HEALING] Failed to find element with id 'Object Repository/RAD_Pages/ServiceFeeAccept_Page/input_convFeeNotifyAction'. Try using Self-healing.

2021-11-19 11:42:10 - [MESSAGE][WARNING] - [SELF-HEALING] The current locator of test object 'Object Repository/RAD_Pages/ServiceFeeAccept_Page/input_convFeeNotifyAction' was broken. Propose an alternative one: '//div[5]/div/input'.

2021-11-19 11:42:11 - [MESSAGE][FAILED] - Unable to click on object 'Object Repository/RAD_Pages/ServiceFeeAccept_Page/input_convFeeNotifyAction' (Root cause: com.kms.katalon.core.exception.StepFailedException: Unable to click on object 'Object Repository/RAD_Pages/ServiceFeeAccept_Page/input_convFeeNotifyAction'
	at com.kms.katalon.core.webui.keyword.internal.WebUIKeywordMain.stepFailed(WebUIKeywordMain.groovy:64)
	at com.kms.katalon.core.webui.keyword.internal.WebUIKeywordMain.runKeyword(WebUIKeywordMain.groovy:26)
	at com.kms.katalon.core.webui.keyword.builtin.ClickKeyword.click(ClickKeyword.groovy:75)
	at com.kms.katalon.core.webui.keyword.builtin.ClickKeyword.execute(ClickKeyword.groovy:42)
	at com.kms.katalon.core.keyword.internal.KeywordExecutor.executeKeywordForPlatform(KeywordExecutor.groovy:74)
	at com.kms.katalon.core.webui.keyword.WebUiBuiltInKeywords.click(WebUiBuiltInKeywords.groovy:620)
	at com.kms.katalon.core.webui.keyword.WebUiBuiltInKeywords$click$10.call(Unknown Source)
	at Payments_HC_TC.run(Payments_HC_TC:328)
	at com.kms.katalon.core.main.ScriptEngine.run(ScriptEngine.java:194)
	at com.kms.katalon.core.main.ScriptEngine.runScriptAsRawText(ScriptEngine.java:119)
	at com.kms.katalon.core.main.TestCaseExecutor.runScript(TestCaseExecutor.java:430)
	at com.kms.katalon.core.main.TestCaseExecutor.doExecute(TestCaseExecutor.java:421)
	at com.kms.katalon.core.main.TestCaseExecutor.processExecutionPhase(TestCaseExecutor.java:400)
	at com.kms.katalon.core.main.TestCaseExecutor.accessMainPhase(TestCaseExecutor.java:392)
	at com.kms.katalon.core.main.TestCaseExecutor.execute(TestCaseExecutor.java:273)
	at com.kms.katalon.core.main.TestSuiteExecutor.accessTestCaseMainPhase(TestSuiteExecutor.java:202)
	at com.kms.katalon.core.main.TestSuiteExecutor.accessTestSuiteMainPhase(TestSuiteExecutor.java:164)
	at com.kms.katalon.core.main.TestSuiteExecutor.execute(TestSuiteExecutor.java:105)
	at com.kms.katalon.core.main.TestCaseMain.startTestSuite(TestCaseMain.java:185)
	at com.kms.katalon.core.main.TestCaseMain$startTestSuite$0.call(Unknown Source)
	at TempTestSuite1637335687322.run(TempTestSuite1637335687322.groovy:36)
Caused by: org.openqa.selenium.ElementClickInterceptedException: element click intercepted: Element <input type="text" name="middleName" class="form-control" id="middleName" maxlength="20" placeholder="Middle Name"> is not clickable at point (902, 29). Other element would receive the click: <div class="container-fluid">...</div>
  (Session info: chrome=96.0.4664.45)
Build info: version: '3.141.59', revision: 'e82be7d358', time: '2018-11-14T08:25:53'
System info: host: 'DESKTOP-B2QI6NS', ip: '172.30.2.167', os.name: 'Windows 10', os.arch: 'amd64', os.version: '10.0', java.version: '1.8.0_181'
Driver info: com.kms.katalon.selenium.driver.CChromeDriver
Capabilities {acceptInsecureCerts: true, browserName: chrome, browserVersion: 96.0.4664.45, chrome: {chromedriverVersion: 95.0.4638.54 (d31a821ec901f..., userDataDir: C:\Users\iahmed\AppData\Loc...}, goog:chromeOptions: {debuggerAddress: localhost:53753}, javascriptEnabled: true, networkConnectionEnabled: false, pageLoadStrategy: normal, platform: WINDOWS, platformName: WINDOWS, proxy: Proxy(), setWindowRect: true, strictFileInteractability: false, timeouts: {implicit: 0, pageLoad: 300000, script: 30000}, unhandledPromptBehavior: dismiss and notify, webauthn:extension:credBlob: true, webauthn:extension:largeBlob: true, webauthn:virtualAuthenticators: true}
Session ID: 25091f606533f5c591e447754a106fbe
	at org.openqa.selenium.remote.http.W3CHttpResponseCodec.createException(W3CHttpResponseCodec.java:187)
	at org.openqa.selenium.remote.http.W3CHttpResponseCodec.decode(W3CHttpResponseCodec.java:122)
	at org.openqa.selenium.remote.http.W3CHttpResponseCodec.decode(W3CHttpResponseCodec.java:49)
	at org.openqa.selenium.remote.HttpCommandExecutor.execute(HttpCommandExecutor.java:158)
	at org.openqa.selenium.remote.service.DriverCommandExecutor.execute(DriverCommandExecutor.java:83)
	at org.openqa.selenium.remote.RemoteWebDriver.execute(RemoteWebDriver.java:552)
	at com.kms.katalon.selenium.driver.CChromeDriver.execute(CChromeDriver.java:19)
	at org.openqa.selenium.remote.RemoteWebElement.execute(RemoteWebElement.java:285)
	at org.openqa.selenium.remote.RemoteWebElement.click(RemoteWebElement.java:84)
	at org.openqa.selenium.support.events.EventFiringWebDriver$EventFiringWebElement.lambda$new$0(EventFiringWebDriver.java:404)
	at com.sun.proxy.$Proxy11.click(Unknown Source)
	at org.openqa.selenium.support.events.EventFiringWebDriver$EventFiringWebElement.click(EventFiringWebDriver.java:417)
	at com.kms.katalon.core.webui.keyword.builtin.ClickKeyword$_click_closure1.doCall(ClickKeyword.groovy:68)
	at com.kms.katalon.core.webui.keyword.builtin.ClickKeyword$_click_closure1.call(ClickKeyword.groovy)
	at com.kms.katalon.core.webui.keyword.internal.WebUIKeywordMain.runKeyword(WebUIKeywordMain.groovy:20)
	at com.kms.katalon.core.webui.keyword.builtin.ClickKeyword.click(ClickKeyword.groovy:75)
	at com.kms.katalon.core.webui.keyword.builtin.ClickKeyword.execute(ClickKeyword.groovy:42)
	at com.kms.katalon.core.keyword.internal.KeywordExecutor.executeKeywordForPlatform(KeywordExecutor.groovy:74)
	at com.kms.katalon.core.webui.keyword.WebUiBuiltInKeywords.click(WebUiBuiltInKeywords.groovy:620)
	at com.kms.katalon.core.webui.keyword.WebUiBuiltInKeywords$click$10.call(Unknown Source)
	at Script1634674829687.run(Script1634674829687.groovy:328)
	... 13 more
)
[[ATTACHMENT|E:\\Cloned-Project-Katalon\\VPS-Katalon\\Reports\\20211119_102807\\RAD_TestSuite\\RAD_UI_TestSuite\\20211119_102807\\1637340131445.png]]

2021-11-19 11:42:11 - [TEST_STEP][PASSED] - delay(10): Delayed 10 second(s)

2021-11-19 11:42:21 - [MESSAGE][PASSED] - Delayed 10 second(s)

2021-11-19 11:42:21 - [TEST_STEP][FAILED] - verifyTextPresent("Successful Payment Receipt", true): Text 'Successful Payment Receipt' is not present on page  using regular expression (Root cause: com.kms.katalon.core.exception.StepFailedException: Text 'Successful Payment Receipt' is not present on page  using regular expression
	at com.kms.katalon.core.webui.keyword.internal.WebUIKeywordMain.stepFailed(WebUIKeywordMain.groovy:64)
	at com.kms.katalon.core.webui.keyword.builtin.VerifyTextPresentKeyword$_verifyTextPresent_closure1.doCall(VerifyTextPresentKeyword.groovy:79)
	at com.kms.katalon.core.webui.keyword.builtin.VerifyTextPresentKeyword$_verifyTextPresent_closure1.call(VerifyTextPresentKeyword.groovy)
	at com.kms.katalon.core.webui.keyword.internal.WebUIKeywordMain.runKeyword(WebUIKeywordMain.groovy:20)
	at com.kms.katalon.core.webui.keyword.builtin.VerifyTextPresentKeyword.verifyTextPresent(VerifyTextPresentKeyword.groovy:83)
	at com.kms.katalon.core.webui.keyword.builtin.VerifyTextPresentKeyword.execute(VerifyTextPresentKeyword.groovy:68)
	at com.kms.katalon.core.keyword.internal.KeywordExecutor.executeKeywordForPlatform(KeywordExecutor.groovy:74)
	at com.kms.katalon.core.webui.keyword.WebUiBuiltInKeywords.verifyTextPresent(WebUiBuiltInKeywords.groovy:1723)
	at com.kms.katalon.core.webui.keyword.WebUiBuiltInKeywords$verifyTextPresent$3.call(Unknown Source)
	at Payments_HC_TC.run(Payments_HC_TC:335)
	at com.kms.katalon.core.main.ScriptEngine.run(ScriptEngine.java:194)
	at com.kms.katalon.core.main.ScriptEngine.runScriptAsRawText(ScriptEngine.java:119)
	at com.kms.katalon.core.main.TestCaseExecutor.runScript(TestCaseExecutor.java:430)
	at com.kms.katalon.core.main.TestCaseExecutor.doExecute(TestCaseExecutor.java:421)
	at com.kms.katalon.core.main.TestCaseExecutor.processExecutionPhase(TestCaseExecutor.java:400)
	at com.kms.katalon.core.main.TestCaseExecutor.accessMainPhase(TestCaseExecutor.java:392)
	at com.kms.katalon.core.main.TestCaseExecutor.execute(TestCaseExecutor.java:273)
	at com.kms.katalon.core.main.TestSuiteExecutor.accessTestCaseMainPhase(TestSuiteExecutor.java:202)
	at com.kms.katalon.core.main.TestSuiteExecutor.accessTestSuiteMainPhase(TestSuiteExecutor.java:164)
	at com.kms.katalon.core.main.TestSuiteExecutor.execute(TestSuiteExecutor.java:105)
	at com.kms.katalon.core.main.TestCaseMain.startTestSuite(TestCaseMain.java:185)
	at com.kms.katalon.core.main.TestCaseMain$startTestSuite$0.call(Unknown Source)
	at TempTestSuite1637335687322.run(TempTestSuite1637335687322.groovy:36)
)

2021-11-19 11:42:22 - [MESSAGE][FAILED] - Text 'Successful Payment Receipt' is not present on page  using regular expression (Root cause: com.kms.katalon.core.exception.StepFailedException: Text 'Successful Payment Receipt' is not present on page  using regular expression
	at com.kms.katalon.core.webui.keyword.internal.WebUIKeywordMain.stepFailed(WebUIKeywordMain.groovy:64)
	at com.kms.katalon.core.webui.keyword.builtin.VerifyTextPresentKeyword$_verifyTextPresent_closure1.doCall(VerifyTextPresentKeyword.groovy:79)
	at com.kms.katalon.core.webui.keyword.builtin.VerifyTextPresentKeyword$_verifyTextPresent_closure1.call(VerifyTextPresentKeyword.groovy)
	at com.kms.katalon.core.webui.keyword.internal.WebUIKeywordMain.runKeyword(WebUIKeywordMain.groovy:20)
	at com.kms.katalon.core.webui.keyword.builtin.VerifyTextPresentKeyword.verifyTextPresent(VerifyTextPresentKeyword.groovy:83)
	at com.kms.katalon.core.webui.keyword.builtin.VerifyTextPresentKeyword.execute(VerifyTextPresentKeyword.groovy:68)
	at com.kms.katalon.core.keyword.internal.KeywordExecutor.executeKeywordForPlatform(KeywordExecutor.groovy:74)
	at com.kms.katalon.core.webui.keyword.WebUiBuiltInKeywords.verifyTextPresent(WebUiBuiltInKeywords.groovy:1723)
	at com.kms.katalon.core.webui.keyword.WebUiBuiltInKeywords$verifyTextPresent$3.call(Unknown Source)
	at Payments_HC_TC.run(Payments_HC_TC:335)
	at com.kms.katalon.core.main.ScriptEngine.run(ScriptEngine.java:194)
	at com.kms.katalon.core.main.ScriptEngine.runScriptAsRawText(ScriptEngine.java:119)
	at com.kms.katalon.core.main.TestCaseExecutor.runScript(TestCaseExecutor.java:430)
	at com.kms.katalon.core.main.TestCaseExecutor.doExecute(TestCaseExecutor.java:421)
	at com.kms.katalon.core.main.TestCaseExecutor.processExecutionPhase(TestCaseExecutor.java:400)
	at com.kms.katalon.core.main.TestCaseExecutor.accessMainPhase(TestCaseExecutor.java:392)
	at com.kms.katalon.core.main.TestCaseExecutor.execute(TestCaseExecutor.java:273)
	at com.kms.katalon.core.main.TestSuiteExecutor.accessTestCaseMainPhase(TestSuiteExecutor.java:202)
	at com.kms.katalon.core.main.TestSuiteExecutor.accessTestSuiteMainPhase(TestSuiteExecutor.java:164)
	at com.kms.katalon.core.main.TestSuiteExecutor.execute(TestSuiteExecutor.java:105)
	at com.kms.katalon.core.main.TestCaseMain.startTestSuite(TestCaseMain.java:185)
	at com.kms.katalon.core.main.TestCaseMain$startTestSuite$0.call(Unknown Source)
	at TempTestSuite1637335687322.run(TempTestSuite1637335687322.groovy:36)
)

2021-11-19 11:42:22 - [TEST_STEP][FAILED] - if (verifyTextPresent("Successful Payment Receipt", true)): Text 'Successful Payment Receipt' is not present on page  using regular expression (Root cause: com.kms.katalon.core.exception.StepFailedException: Text 'Successful Payment Receipt' is not present on page  using regular expression
	at com.kms.katalon.core.webui.keyword.internal.WebUIKeywordMain.stepFailed(WebUIKeywordMain.groovy:64)
	at com.kms.katalon.core.webui.keyword.builtin.VerifyTextPresentKeyword$_verifyTextPresent_closure1.doCall(VerifyTextPresentKeyword.groovy:79)
	at com.kms.katalon.core.webui.keyword.builtin.VerifyTextPresentKeyword$_verifyTextPresent_closure1.call(VerifyTextPresentKeyword.groovy)
	at com.kms.katalon.core.webui.keyword.internal.WebUIKeywordMain.runKeyword(WebUIKeywordMain.groovy:20)
	at com.kms.katalon.core.webui.keyword.builtin.VerifyTextPresentKeyword.verifyTextPresent(VerifyTextPresentKeyword.groovy:83)
	at com.kms.katalon.core.webui.keyword.builtin.VerifyTextPresentKeyword.execute(VerifyTextPresentKeyword.groovy:68)
	at com.kms.katalon.core.keyword.internal.KeywordExecutor.executeKeywordForPlatform(KeywordExecutor.groovy:74)
	at com.kms.katalon.core.webui.keyword.WebUiBuiltInKeywords.verifyTextPresent(WebUiBuiltInKeywords.groovy:1723)
	at com.kms.katalon.core.webui.keyword.WebUiBuiltInKeywords$verifyTextPresent$3.call(Unknown Source)
	at Payments_HC_TC.run(Payments_HC_TC:337)
	at com.kms.katalon.core.main.ScriptEngine.run(ScriptEngine.java:194)
	at com.kms.katalon.core.main.ScriptEngine.runScriptAsRawText(ScriptEngine.java:119)
	at com.kms.katalon.core.main.TestCaseExecutor.runScript(TestCaseExecutor.java:430)
	at com.kms.katalon.core.main.TestCaseExecutor.doExecute(TestCaseExecutor.java:421)
	at com.kms.katalon.core.main.TestCaseExecutor.processExecutionPhase(TestCaseExecutor.java:400)
	at com.kms.katalon.core.main.TestCaseExecutor.accessMainPhase(TestCaseExecutor.java:392)
	at com.kms.katalon.core.main.TestCaseExecutor.execute(TestCaseExecutor.java:273)
	at com.kms.katalon.core.main.TestSuiteExecutor.accessTestCaseMainPhase(TestSuiteExecutor.java:202)
	at com.kms.katalon.core.main.TestSuiteExecutor.accessTestSuiteMainPhase(TestSuiteExecutor.java:164)
	at com.kms.katalon.core.main.TestSuiteExecutor.execute(TestSuiteExecutor.java:105)
	at com.kms.katalon.core.main.TestCaseMain.startTestSuite(TestCaseMain.java:185)
	at com.kms.katalon.core.main.TestCaseMain$startTestSuite$0.call(Unknown Source)
	at TempTestSuite1637335687322.run(TempTestSuite1637335687322.groovy:36)
)

2021-11-19 11:42:22 - [MESSAGE][FAILED] - Text 'Successful Payment Receipt' is not present on page  using regular expression (Root cause: com.kms.katalon.core.exception.StepFailedException: Text 'Successful Payment Receipt' is not present on page  using regular expression
	at com.kms.katalon.core.webui.keyword.internal.WebUIKeywordMain.stepFailed(WebUIKeywordMain.groovy:64)
	at com.kms.katalon.core.webui.keyword.builtin.VerifyTextPresentKeyword$_verifyTextPresent_closure1.doCall(VerifyTextPresentKeyword.groovy:79)
	at com.kms.katalon.core.webui.keyword.builtin.VerifyTextPresentKeyword$_verifyTextPresent_closure1.call(VerifyTextPresentKeyword.groovy)
	at com.kms.katalon.core.webui.keyword.internal.WebUIKeywordMain.runKeyword(WebUIKeywordMain.groovy:20)
	at com.kms.katalon.core.webui.keyword.builtin.VerifyTextPresentKeyword.verifyTextPresent(VerifyTextPresentKeyword.groovy:83)
	at com.kms.katalon.core.webui.keyword.builtin.VerifyTextPresentKeyword.execute(VerifyTextPresentKeyword.groovy:68)
	at com.kms.katalon.core.keyword.internal.KeywordExecutor.executeKeywordForPlatform(KeywordExecutor.groovy:74)
	at com.kms.katalon.core.webui.keyword.WebUiBuiltInKeywords.verifyTextPresent(WebUiBuiltInKeywords.groovy:1723)
	at com.kms.katalon.core.webui.keyword.WebUiBuiltInKeywords$verifyTextPresent$3.call(Unknown Source)
	at Payments_HC_TC.run(Payments_HC_TC:337)
	at com.kms.katalon.core.main.ScriptEngine.run(ScriptEngine.java:194)
	at com.kms.katalon.core.main.ScriptEngine.runScriptAsRawText(ScriptEngine.java:119)
	at com.kms.katalon.core.main.TestCaseExecutor.runScript(TestCaseExecutor.java:430)
	at com.kms.katalon.core.main.TestCaseExecutor.doExecute(TestCaseExecutor.java:421)
	at com.kms.katalon.core.main.TestCaseExecutor.processExecutionPhase(TestCaseExecutor.java:400)
	at com.kms.katalon.core.main.TestCaseExecutor.accessMainPhase(TestCaseExecutor.java:392)
	at com.kms.katalon.core.main.TestCaseExecutor.execute(TestCaseExecutor.java:273)
	at com.kms.katalon.core.main.TestSuiteExecutor.accessTestCaseMainPhase(TestSuiteExecutor.java:202)
	at com.kms.katalon.core.main.TestSuiteExecutor.accessTestSuiteMainPhase(TestSuiteExecutor.java:164)
	at com.kms.katalon.core.main.TestSuiteExecutor.execute(TestSuiteExecutor.java:105)
	at com.kms.katalon.core.main.TestCaseMain.startTestSuite(TestCaseMain.java:185)
	at com.kms.katalon.core.main.TestCaseMain$startTestSuite$0.call(Unknown Source)
	at TempTestSuite1637335687322.run(TempTestSuite1637335687322.groovy:36)
)

2021-11-19 11:42:22 - [TEST_STEP][PASSED] - else: pages.WriteExcel.demoKey is PASSED

2021-11-19 11:42:22 - [TEST_STEP][PASSED] - println("Transaction was NOT Successful"): null

2021-11-19 11:42:22 - [TEST_STEP][PASSED] - out.println("Fail Record Number: " + row): null

2021-11-19 11:42:22 - [TEST_STEP][PASSED] - resText = "Fail": null

2021-11-19 11:42:22 - [TEST_STEP][PASSED] - pages.WriteExcel.demoKey(resText, datText, resColumn, datCloumn, fileLoc, nameSheet, row): pages.WriteExcel.demoKey is PASSED

2021-11-19 11:42:22 - [MESSAGE][PASSED] - pages.WriteExcel.demoKey is PASSED

2021-11-19 11:42:22 - [TEST_STEP][PASSED] - ExecuteTC = findTestData(dataFile).getValue("Execute", row): null

2021-11-19 11:42:22 - [TEST_STEP][PASSED] - PaymentType = findTestData(dataFile).getValue("PaymentType", row): null

2021-11-19 11:42:22 - [TEST_STEP][PASSED] - FilingYear = findTestData(dataFile).getValue("FilingYear", row): null

2021-11-19 11:42:22 - [TEST_STEP][PASSED] - PeriodEnding = findTestData(dataFile).getValue("PeriodEnding", row): null

2021-11-19 11:42:22 - [TEST_STEP][PASSED] - FName = findTestData(dataFile).getValue("Fname", row): null

2021-11-19 11:42:22 - [TEST_STEP][PASSED] - LName = findTestData(dataFile).getValue("Lname", row): null

2021-11-19 11:42:22 - [TEST_STEP][PASSED] - SSN = findTestData(dataFile).getValue("SSN", row): null

2021-11-19 11:42:22 - [TEST_STEP][PASSED] - BusName = findTestData(dataFile).getValue("BusName", row): null

2021-11-19 11:42:22 - [TEST_STEP][PASSED] - AL1 = findTestData(dataFile).getValue("AL1", row): null

2021-11-19 11:42:22 - [TEST_STEP][PASSED] - City = findTestData(dataFile).getValue("City", row): null

2021-11-19 11:42:22 - [TEST_STEP][PASSED] - ZIP = findTestData(dataFile).getValue("ZIP", row): null

2021-11-19 11:42:22 - [TEST_STEP][PASSED] - FilingType = findTestData(dataFile).getValue("FilingType", row): null

2021-11-19 11:42:22 - [TEST_STEP][PASSED] - Withholding = findTestData(dataFile).getValue("Withholding", row): null

2021-11-19 11:42:22 - [TEST_STEP][PASSED] - Amount = findTestData(dataFile).getValue("Amount", row): null

2021-11-19 11:42:22 - [TEST_STEP][PASSED] - CCNumber = findTestData(dataFile).getValue("CCNumber", row): null

2021-11-19 11:42:23 - [TEST_STEP][PASSED] - CVV = findTestData(dataFile).getValue("CVV", row): null

2021-11-19 11:42:23 - [TEST_STEP][PASSED] - out.println("Value of Execute is : " + ExecuteTC): null

2021-11-19 11:42:23 - [TEST_STEP][FAILED] - if (ExecuteTC.equalsIgnoreCase("Y")): null

2021-11-19 11:42:23 - [TEST_STEP][PASSED] - out.println("Begin Record Number: " + row): null

2021-11-19 11:42:23 - [TEST_STEP][PASSED] - today = new java.util.Date(): null

2021-11-19 11:42:23 - [TEST_STEP][PASSED] - println(today): null

2021-11-19 11:42:23 - [TEST_STEP][PASSED] - datText = today: null

2021-11-19 11:42:23 - [TEST_STEP][PASSED] - Taxtype = findTestData(dataFile).getValue("TaxType", row): null

2021-11-19 11:42:23 - [TEST_STEP][PASSED] - out.println("Taxtype value is : " + Taxtype): null

2021-11-19 11:42:23 - [TEST_STEP][PASSED] - openBrowser(""): Browser is opened with url: ''

2021-11-19 11:42:23 - [MESSAGE][WARNING] - A browser is already opened. Closing browser and opening a new one

2021-11-19 11:42:24 - [MESSAGE][INFO] - Starting 'Chrome' driver

2021-11-19 11:42:24 - [MESSAGE][INFO] - User set preference: ['acceptInsecureCerts', 'true']

2021-11-19 11:42:24 - [MESSAGE][INFO] - Action delay is set to 0 milliseconds

2021-11-19 11:42:25 - [MESSAGE][PASSED] - Browser is opened with url: ''

2021-11-19 11:42:25 - [TEST_STEP][PASSED] - maximizeWindow(): Current window maximized

2021-11-19 11:42:25 - [MESSAGE][PASSED] - Current window maximized

2021-11-19 11:42:25 - [TEST_STEP][PASSED] - navigateToUrl(RADurl): Navigate to 'https://qa.velocitypayment.com/client/rad/index.html' successfully

2021-11-19 11:42:28 - [MESSAGE][PASSED] - Navigate to 'https://qa.velocitypayment.com/client/rad/index.html' successfully

2021-11-19 11:42:28 - [TEST_STEP][PASSED] - orPath_Landing = "Object Repository/RAD_Pages/Landing_Page": null

2021-11-19 11:42:28 - [TEST_STEP][PASSED] - orPath_TaxTypeFilingYear = "Object Repository/RAD_Pages/TaxTypeFilingYear_Page": null

2021-11-19 11:42:28 - [TEST_STEP][PASSED] - orPath_TaxPayer = "Object Repository/RAD_Pages/Taxpayer_Page": null

2021-11-19 11:42:28 - [TEST_STEP][PASSED] - orPath_AddressContact = "Object Repository/RAD_Pages/AddressAndContactInfo_Page": null

2021-11-19 11:42:28 - [TEST_STEP][PASSED] - orPath_FilingStatus = "Object Repository/RAD_Pages/FilingStatus_Page": null

2021-11-19 11:42:28 - [TEST_STEP][PASSED] - orPath_Amount = "Object Repository/RAD_Pages/PaymentAmount_Page": null

2021-11-19 11:42:28 - [TEST_STEP][PASSED] - orPath_TaxInfo = "Object Repository/RAD_Pages/TaxInfo_Page": null

2021-11-19 11:42:28 - [TEST_STEP][PASSED] - orPath_Withholding = "Object Repository/RAD_Pages/Withholding_Page": null

2021-11-19 11:42:28 - [TEST_STEP][PASSED] - orPath_Summary = "Object Repository/RAD_Pages/Summary_Page": null

2021-11-19 11:42:28 - [TEST_STEP][PASSED] - orPath_PaymentReady = "Object Repository/RAD_Pages/PaymentReady_Page": null

2021-11-19 11:42:28 - [TEST_STEP][PASSED] - orPath_PaymentEntry = "Object Repository/RAD_Pages/PaymentEntry_Page": null

2021-11-19 11:42:28 - [TEST_STEP][PASSED] - orPath_PaymentConfirmation = "Object Repository/RAD_Pages/PaymentConfirmation_Page": null

2021-11-19 11:42:28 - [TEST_STEP][PASSED] - orPath_ServiceFeesAccept = "Object Repository/RAD_Pages/ServiceFeeAccept_Page": null

2021-11-19 11:42:28 - [TEST_STEP][PASSED] - selectOptionByLabel(findTestObject(orPath_Landing + "/dd_TaxType"), Taxtype, false): All options with label 'Extension Payments' are selected in object 'Object Repository/RAD_Pages/Landing_Page/dd_TaxType' 

2021-11-19 11:42:28 - [MESSAGE][PASSED] - All options with label 'Extension Payments' are selected in object 'Object Repository/RAD_Pages/Landing_Page/dd_TaxType' 

2021-11-19 11:42:28 - [TEST_STEP][PASSED] - delay(3): Delayed 3 second(s)

2021-11-19 11:42:31 - [MESSAGE][PASSED] - Delayed 3 second(s)

2021-11-19 11:42:31 - [TEST_STEP][PASSED] - switch (Taxtype): null

2021-11-19 11:42:31 - [TEST_STEP][PASSED] - case "Extension Payments":: null

2021-11-19 11:42:31 - [TEST_STEP][PASSED] - selectOptionByLabel(findTestObject(orPath_TaxTypeFilingYear + "/select_PaymentType"), PaymentType, false): All options with label 'Corporate' are selected in object 'Object Repository/RAD_Pages/TaxTypeFilingYear_Page/select_PaymentType' 

2021-11-19 11:42:32 - [MESSAGE][PASSED] - All options with label 'Corporate' are selected in object 'Object Repository/RAD_Pages/TaxTypeFilingYear_Page/select_PaymentType' 

2021-11-19 11:42:32 - [TEST_STEP][PASSED] - selectOptionByLabel(findTestObject(orPath_TaxTypeFilingYear + "/select_FilingYear"), FilingYear, false): All options with label '2020' are selected in object 'Object Repository/RAD_Pages/TaxTypeFilingYear_Page/select_FilingYear' 

2021-11-19 11:42:33 - [MESSAGE][PASSED] - All options with label '2020' are selected in object 'Object Repository/RAD_Pages/TaxTypeFilingYear_Page/select_FilingYear' 

2021-11-19 11:42:33 - [TEST_STEP][PASSED] - if (PaymentType.equalsIgnoreCase("Personal")): null

2021-11-19 11:42:33 - [TEST_STEP][PASSED] - else if (PaymentType.equalsIgnoreCase("Corporate")): Text ****** has been set on object 'Object Repository/RAD_Pages/TaxInfo_Page/input_FederalEIN_ReEnter'

2021-11-19 11:42:33 - [TEST_STEP][PASSED] - setEncryptedText(findTestObject(orPath_TaxInfo + "/input_FederalEIN"), "0fDtEjy4ijeV75Gl5M+mSg=="): Text ****** has been set on object 'Object Repository/RAD_Pages/TaxInfo_Page/input_FederalEIN'

2021-11-19 11:43:04 - [MESSAGE][INFO] - Unable to find the element located by 'By.xpath: //*[@id = 'data' and @name = 'Data' and @type = 'password' and @placeholder = 'Federal EIN']'. Please recheck the objects properties to make sure the desired element is located. 

2021-11-19 11:43:04 - [MESSAGE][WARNING] - [SELF-HEALING] Failed to find element with id 'Object Repository/RAD_Pages/TaxInfo_Page/input_FederalEIN'. Try using Self-healing.

2021-11-19 11:43:04 - [MESSAGE][WARNING] - [SELF-HEALING] The current locator of test object 'Object Repository/RAD_Pages/TaxInfo_Page/input_FederalEIN' was broken. Propose an alternative one: '#data'.

2021-11-19 11:43:04 - [MESSAGE][PASSED] - Text ****** has been set on object 'Object Repository/RAD_Pages/TaxInfo_Page/input_FederalEIN'

2021-11-19 11:43:04 - [TEST_STEP][PASSED] - setEncryptedText(findTestObject(orPath_TaxInfo + "/input_FederalEIN_ReEnter"), "0fDtEjy4ijeV75Gl5M+mSg=="): Text ****** has been set on object 'Object Repository/RAD_Pages/TaxInfo_Page/input_FederalEIN_ReEnter'

2021-11-19 11:43:36 - [MESSAGE][INFO] - Unable to find the element located by 'By.xpath: //*[@id = 'data' and @name = 'Data' and @type = 'password' and @placeholder = 'Re-Type Federal EIN']'. Please recheck the objects properties to make sure the desired element is located. 

2021-11-19 11:43:36 - [MESSAGE][WARNING] - [SELF-HEALING] Failed to find element with id 'Object Repository/RAD_Pages/TaxInfo_Page/input_FederalEIN_ReEnter'. Try using Self-healing.

2021-11-19 11:43:36 - [MESSAGE][WARNING] - [SELF-HEALING] The current locator of test object 'Object Repository/RAD_Pages/TaxInfo_Page/input_FederalEIN_ReEnter' was broken. Propose an alternative one: '//input[@id='data']'.

2021-11-19 11:43:36 - [MESSAGE][PASSED] - Text ****** has been set on object 'Object Repository/RAD_Pages/TaxInfo_Page/input_FederalEIN_ReEnter'

2021-11-19 11:43:36 - [TEST_STEP][PASSED] - break: null

2021-11-19 11:43:36 - [TEST_STEP][FAILED] - setText(findTestObject(orPath_TaxPayer + "/input_firstName"), FName): Unable to set text 'Andrew' of object 'Object Repository/RAD_Pages/Taxpayer_Page/input_firstName' (Root cause: com.kms.katalon.core.exception.StepFailedException: Unable to set text 'Andrew' of object 'Object Repository/RAD_Pages/Taxpayer_Page/input_firstName'
	at com.kms.katalon.core.webui.keyword.internal.WebUIKeywordMain.stepFailed(WebUIKeywordMain.groovy:64)
	at com.kms.katalon.core.webui.keyword.internal.WebUIKeywordMain.runKeyword(WebUIKeywordMain.groovy:26)
	at com.kms.katalon.core.webui.keyword.builtin.SetTextKeyword.setText(SetTextKeyword.groovy:66)
	at com.kms.katalon.core.webui.keyword.builtin.SetTextKeyword.execute(SetTextKeyword.groovy:37)
	at com.kms.katalon.core.keyword.internal.KeywordExecutor.executeKeywordForPlatform(KeywordExecutor.groovy:74)
	at com.kms.katalon.core.webui.keyword.WebUiBuiltInKeywords.setText(WebUiBuiltInKeywords.groovy:980)
	at com.kms.katalon.core.webui.keyword.WebUiBuiltInKeywords$setText$14.call(Unknown Source)
	at Payments_HC_TC.run(Payments_HC_TC:266)
	at com.kms.katalon.core.main.ScriptEngine.run(ScriptEngine.java:194)
	at com.kms.katalon.core.main.ScriptEngine.runScriptAsRawText(ScriptEngine.java:119)
	at com.kms.katalon.core.main.TestCaseExecutor.runScript(TestCaseExecutor.java:430)
	at com.kms.katalon.core.main.TestCaseExecutor.doExecute(TestCaseExecutor.java:421)
	at com.kms.katalon.core.main.TestCaseExecutor.processExecutionPhase(TestCaseExecutor.java:400)
	at com.kms.katalon.core.main.TestCaseExecutor.accessMainPhase(TestCaseExecutor.java:392)
	at com.kms.katalon.core.main.TestCaseExecutor.execute(TestCaseExecutor.java:273)
	at com.kms.katalon.core.main.TestSuiteExecutor.accessTestCaseMainPhase(TestSuiteExecutor.java:202)
	at com.kms.katalon.core.main.TestSuiteExecutor.accessTestSuiteMainPhase(TestSuiteExecutor.java:164)
	at com.kms.katalon.core.main.TestSuiteExecutor.execute(TestSuiteExecutor.java:105)
	at com.kms.katalon.core.main.TestCaseMain.startTestSuite(TestCaseMain.java:185)
	at com.kms.katalon.core.main.TestCaseMain$startTestSuite$0.call(Unknown Source)
	at TempTestSuite1637335687322.run(TempTestSuite1637335687322.groovy:36)
Caused by: org.openqa.selenium.ElementNotInteractableException: element not interactable
  (Session info: chrome=96.0.4664.45)
Build info: version: '3.141.59', revision: 'e82be7d358', time: '2018-11-14T08:25:53'
System info: host: 'DESKTOP-B2QI6NS', ip: '172.30.2.167', os.name: 'Windows 10', os.arch: 'amd64', os.version: '10.0', java.version: '1.8.0_181'
Driver info: com.kms.katalon.selenium.driver.CChromeDriver
Capabilities {acceptInsecureCerts: true, browserName: chrome, browserVersion: 96.0.4664.45, chrome: {chromedriverVersion: 95.0.4638.54 (d31a821ec901f..., userDataDir: C:\Users\iahmed\AppData\Loc...}, goog:chromeOptions: {debuggerAddress: localhost:54716}, javascriptEnabled: true, networkConnectionEnabled: false, pageLoadStrategy: normal, platform: WINDOWS, platformName: WINDOWS, proxy: Proxy(), setWindowRect: true, strictFileInteractability: false, timeouts: {implicit: 0, pageLoad: 300000, script: 30000}, unhandledPromptBehavior: dismiss and notify, webauthn:extension:credBlob: true, webauthn:extension:largeBlob: true, webauthn:virtualAuthenticators: true}
Session ID: d26dd06069f7091b3c701e1aa6e098c3
	at org.openqa.selenium.remote.http.W3CHttpResponseCodec.createException(W3CHttpResponseCodec.java:187)
	at org.openqa.selenium.remote.http.W3CHttpResponseCodec.decode(W3CHttpResponseCodec.java:122)
	at org.openqa.selenium.remote.http.W3CHttpResponseCodec.decode(W3CHttpResponseCodec.java:49)
	at org.openqa.selenium.remote.HttpCommandExecutor.execute(HttpCommandExecutor.java:158)
	at org.openqa.selenium.remote.service.DriverCommandExecutor.execute(DriverCommandExecutor.java:83)
	at org.openqa.selenium.remote.RemoteWebDriver.execute(RemoteWebDriver.java:552)
	at com.kms.katalon.selenium.driver.CChromeDriver.execute(CChromeDriver.java:19)
	at org.openqa.selenium.remote.RemoteWebElement.execute(RemoteWebElement.java:285)
	at org.openqa.selenium.remote.RemoteWebElement.clear(RemoteWebElement.java:124)
	at org.openqa.selenium.support.events.EventFiringWebDriver$EventFiringWebElement.lambda$new$0(EventFiringWebDriver.java:404)
	at com.sun.proxy.$Proxy11.clear(Unknown Source)
	at org.openqa.selenium.support.events.EventFiringWebDriver$EventFiringWebElement.clear(EventFiringWebDriver.java:436)
	at com.kms.katalon.core.webui.keyword.builtin.SetTextKeyword$_setText_closure1.doCall(SetTextKeyword.groovy:53)
	at com.kms.katalon.core.webui.keyword.builtin.SetTextKeyword$_setText_closure1.call(SetTextKeyword.groovy)
	at com.kms.katalon.core.webui.keyword.internal.WebUIKeywordMain.runKeyword(WebUIKeywordMain.groovy:20)
	at com.kms.katalon.core.webui.keyword.builtin.SetTextKeyword.setText(SetTextKeyword.groovy:66)
	at com.kms.katalon.core.webui.keyword.builtin.SetTextKeyword.execute(SetTextKeyword.groovy:37)
	at com.kms.katalon.core.keyword.internal.KeywordExecutor.executeKeywordForPlatform(KeywordExecutor.groovy:74)
	at com.kms.katalon.core.webui.keyword.WebUiBuiltInKeywords.setText(WebUiBuiltInKeywords.groovy:980)
	at com.kms.katalon.core.webui.keyword.WebUiBuiltInKeywords$setText$14.call(Unknown Source)
	at Script1634674829687.run(Script1634674829687.groovy:266)
	... 13 more
)

2021-11-19 11:43:36 - [MESSAGE][FAILED] - Unable to set text 'Andrew' of object 'Object Repository/RAD_Pages/Taxpayer_Page/input_firstName' (Root cause: com.kms.katalon.core.exception.StepFailedException: Unable to set text 'Andrew' of object 'Object Repository/RAD_Pages/Taxpayer_Page/input_firstName'
	at com.kms.katalon.core.webui.keyword.internal.WebUIKeywordMain.stepFailed(WebUIKeywordMain.groovy:64)
	at com.kms.katalon.core.webui.keyword.internal.WebUIKeywordMain.runKeyword(WebUIKeywordMain.groovy:26)
	at com.kms.katalon.core.webui.keyword.builtin.SetTextKeyword.setText(SetTextKeyword.groovy:66)
	at com.kms.katalon.core.webui.keyword.builtin.SetTextKeyword.execute(SetTextKeyword.groovy:37)
	at com.kms.katalon.core.keyword.internal.KeywordExecutor.executeKeywordForPlatform(KeywordExecutor.groovy:74)
	at com.kms.katalon.core.webui.keyword.WebUiBuiltInKeywords.setText(WebUiBuiltInKeywords.groovy:980)
	at com.kms.katalon.core.webui.keyword.WebUiBuiltInKeywords$setText$14.call(Unknown Source)
	at Payments_HC_TC.run(Payments_HC_TC:266)
	at com.kms.katalon.core.main.ScriptEngine.run(ScriptEngine.java:194)
	at com.kms.katalon.core.main.ScriptEngine.runScriptAsRawText(ScriptEngine.java:119)
	at com.kms.katalon.core.main.TestCaseExecutor.runScript(TestCaseExecutor.java:430)
	at com.kms.katalon.core.main.TestCaseExecutor.doExecute(TestCaseExecutor.java:421)
	at com.kms.katalon.core.main.TestCaseExecutor.processExecutionPhase(TestCaseExecutor.java:400)
	at com.kms.katalon.core.main.TestCaseExecutor.accessMainPhase(TestCaseExecutor.java:392)
	at com.kms.katalon.core.main.TestCaseExecutor.execute(TestCaseExecutor.java:273)
	at com.kms.katalon.core.main.TestSuiteExecutor.accessTestCaseMainPhase(TestSuiteExecutor.java:202)
	at com.kms.katalon.core.main.TestSuiteExecutor.accessTestSuiteMainPhase(TestSuiteExecutor.java:164)
	at com.kms.katalon.core.main.TestSuiteExecutor.execute(TestSuiteExecutor.java:105)
	at com.kms.katalon.core.main.TestCaseMain.startTestSuite(TestCaseMain.java:185)
	at com.kms.katalon.core.main.TestCaseMain$startTestSuite$0.call(Unknown Source)
	at TempTestSuite1637335687322.run(TempTestSuite1637335687322.groovy:36)
Caused by: org.openqa.selenium.ElementNotInteractableException: element not interactable
  (Session info: chrome=96.0.4664.45)
Build info: version: '3.141.59', revision: 'e82be7d358', time: '2018-11-14T08:25:53'
System info: host: 'DESKTOP-B2QI6NS', ip: '172.30.2.167', os.name: 'Windows 10', os.arch: 'amd64', os.version: '10.0', java.version: '1.8.0_181'
Driver info: com.kms.katalon.selenium.driver.CChromeDriver
Capabilities {acceptInsecureCerts: true, browserName: chrome, browserVersion: 96.0.4664.45, chrome: {chromedriverVersion: 95.0.4638.54 (d31a821ec901f..., userDataDir: C:\Users\iahmed\AppData\Loc...}, goog:chromeOptions: {debuggerAddress: localhost:54716}, javascriptEnabled: true, networkConnectionEnabled: false, pageLoadStrategy: normal, platform: WINDOWS, platformName: WINDOWS, proxy: Proxy(), setWindowRect: true, strictFileInteractability: false, timeouts: {implicit: 0, pageLoad: 300000, script: 30000}, unhandledPromptBehavior: dismiss and notify, webauthn:extension:credBlob: true, webauthn:extension:largeBlob: true, webauthn:virtualAuthenticators: true}
Session ID: d26dd06069f7091b3c701e1aa6e098c3
	at org.openqa.selenium.remote.http.W3CHttpResponseCodec.createException(W3CHttpResponseCodec.java:187)
	at org.openqa.selenium.remote.http.W3CHttpResponseCodec.decode(W3CHttpResponseCodec.java:122)
	at org.openqa.selenium.remote.http.W3CHttpResponseCodec.decode(W3CHttpResponseCodec.java:49)
	at org.openqa.selenium.remote.HttpCommandExecutor.execute(HttpCommandExecutor.java:158)
	at org.openqa.selenium.remote.service.DriverCommandExecutor.execute(DriverCommandExecutor.java:83)
	at org.openqa.selenium.remote.RemoteWebDriver.execute(RemoteWebDriver.java:552)
	at com.kms.katalon.selenium.driver.CChromeDriver.execute(CChromeDriver.java:19)
	at org.openqa.selenium.remote.RemoteWebElement.execute(RemoteWebElement.java:285)
	at org.openqa.selenium.remote.RemoteWebElement.clear(RemoteWebElement.java:124)
	at org.openqa.selenium.support.events.EventFiringWebDriver$EventFiringWebElement.lambda$new$0(EventFiringWebDriver.java:404)
	at com.sun.proxy.$Proxy11.clear(Unknown Source)
	at org.openqa.selenium.support.events.EventFiringWebDriver$EventFiringWebElement.clear(EventFiringWebDriver.java:436)
	at com.kms.katalon.core.webui.keyword.builtin.SetTextKeyword$_setText_closure1.doCall(SetTextKeyword.groovy:53)
	at com.kms.katalon.core.webui.keyword.builtin.SetTextKeyword$_setText_closure1.call(SetTextKeyword.groovy)
	at com.kms.katalon.core.webui.keyword.internal.WebUIKeywordMain.runKeyword(WebUIKeywordMain.groovy:20)
	at com.kms.katalon.core.webui.keyword.builtin.SetTextKeyword.setText(SetTextKeyword.groovy:66)
	at com.kms.katalon.core.webui.keyword.builtin.SetTextKeyword.execute(SetTextKeyword.groovy:37)
	at com.kms.katalon.core.keyword.internal.KeywordExecutor.executeKeywordForPlatform(KeywordExecutor.groovy:74)
	at com.kms.katalon.core.webui.keyword.WebUiBuiltInKeywords.setText(WebUiBuiltInKeywords.groovy:980)
	at com.kms.katalon.core.webui.keyword.WebUiBuiltInKeywords$setText$14.call(Unknown Source)
	at Script1634674829687.run(Script1634674829687.groovy:266)
	... 13 more
)
[[ATTACHMENT|E:\\Cloned-Project-Katalon\\VPS-Katalon\\Reports\\20211119_102807\\RAD_TestSuite\\RAD_UI_TestSuite\\20211119_102807\\1637340216581.png]]

2021-11-19 11:43:36 - [TEST_STEP][FAILED] - setText(findTestObject(orPath_TaxPayer + "/input_lastName"), LName): Unable to set text 'Cook' of object 'Object Repository/RAD_Pages/Taxpayer_Page/input_lastName' (Root cause: com.kms.katalon.core.exception.StepFailedException: Unable to set text 'Cook' of object 'Object Repository/RAD_Pages/Taxpayer_Page/input_lastName'
	at com.kms.katalon.core.webui.keyword.internal.WebUIKeywordMain.stepFailed(WebUIKeywordMain.groovy:64)
	at com.kms.katalon.core.webui.keyword.internal.WebUIKeywordMain.runKeyword(WebUIKeywordMain.groovy:26)
	at com.kms.katalon.core.webui.keyword.builtin.SetTextKeyword.setText(SetTextKeyword.groovy:66)
	at com.kms.katalon.core.webui.keyword.builtin.SetTextKeyword.execute(SetTextKeyword.groovy:37)
	at com.kms.katalon.core.keyword.internal.KeywordExecutor.executeKeywordForPlatform(KeywordExecutor.groovy:74)
	at com.kms.katalon.core.webui.keyword.WebUiBuiltInKeywords.setText(WebUiBuiltInKeywords.groovy:980)
	at com.kms.katalon.core.webui.keyword.WebUiBuiltInKeywords$setText$14.call(Unknown Source)
	at Payments_HC_TC.run(Payments_HC_TC:268)
	at com.kms.katalon.core.main.ScriptEngine.run(ScriptEngine.java:194)
	at com.kms.katalon.core.main.ScriptEngine.runScriptAsRawText(ScriptEngine.java:119)
	at com.kms.katalon.core.main.TestCaseExecutor.runScript(TestCaseExecutor.java:430)
	at com.kms.katalon.core.main.TestCaseExecutor.doExecute(TestCaseExecutor.java:421)
	at com.kms.katalon.core.main.TestCaseExecutor.processExecutionPhase(TestCaseExecutor.java:400)
	at com.kms.katalon.core.main.TestCaseExecutor.accessMainPhase(TestCaseExecutor.java:392)
	at com.kms.katalon.core.main.TestCaseExecutor.execute(TestCaseExecutor.java:273)
	at com.kms.katalon.core.main.TestSuiteExecutor.accessTestCaseMainPhase(TestSuiteExecutor.java:202)
	at com.kms.katalon.core.main.TestSuiteExecutor.accessTestSuiteMainPhase(TestSuiteExecutor.java:164)
	at com.kms.katalon.core.main.TestSuiteExecutor.execute(TestSuiteExecutor.java:105)
	at com.kms.katalon.core.main.TestCaseMain.startTestSuite(TestCaseMain.java:185)
	at com.kms.katalon.core.main.TestCaseMain$startTestSuite$0.call(Unknown Source)
	at TempTestSuite1637335687322.run(TempTestSuite1637335687322.groovy:36)
Caused by: org.openqa.selenium.ElementNotInteractableException: element not interactable
  (Session info: chrome=96.0.4664.45)
Build info: version: '3.141.59', revision: 'e82be7d358', time: '2018-11-14T08:25:53'
System info: host: 'DESKTOP-B2QI6NS', ip: '172.30.2.167', os.name: 'Windows 10', os.arch: 'amd64', os.version: '10.0', java.version: '1.8.0_181'
Driver info: com.kms.katalon.selenium.driver.CChromeDriver
Capabilities {acceptInsecureCerts: true, browserName: chrome, browserVersion: 96.0.4664.45, chrome: {chromedriverVersion: 95.0.4638.54 (d31a821ec901f..., userDataDir: C:\Users\iahmed\AppData\Loc...}, goog:chromeOptions: {debuggerAddress: localhost:54716}, javascriptEnabled: true, networkConnectionEnabled: false, pageLoadStrategy: normal, platform: WINDOWS, platformName: WINDOWS, proxy: Proxy(), setWindowRect: true, strictFileInteractability: false, timeouts: {implicit: 0, pageLoad: 300000, script: 30000}, unhandledPromptBehavior: dismiss and notify, webauthn:extension:credBlob: true, webauthn:extension:largeBlob: true, webauthn:virtualAuthenticators: true}
Session ID: d26dd06069f7091b3c701e1aa6e098c3
	at org.openqa.selenium.remote.http.W3CHttpResponseCodec.createException(W3CHttpResponseCodec.java:187)
	at org.openqa.selenium.remote.http.W3CHttpResponseCodec.decode(W3CHttpResponseCodec.java:122)
	at org.openqa.selenium.remote.http.W3CHttpResponseCodec.decode(W3CHttpResponseCodec.java:49)
	at org.openqa.selenium.remote.HttpCommandExecutor.execute(HttpCommandExecutor.java:158)
	at org.openqa.selenium.remote.service.DriverCommandExecutor.execute(DriverCommandExecutor.java:83)
	at org.openqa.selenium.remote.RemoteWebDriver.execute(RemoteWebDriver.java:552)
	at com.kms.katalon.selenium.driver.CChromeDriver.execute(CChromeDriver.java:19)
	at org.openqa.selenium.remote.RemoteWebElement.execute(RemoteWebElement.java:285)
	at org.openqa.selenium.remote.RemoteWebElement.clear(RemoteWebElement.java:124)
	at org.openqa.selenium.support.events.EventFiringWebDriver$EventFiringWebElement.lambda$new$0(EventFiringWebDriver.java:404)
	at com.sun.proxy.$Proxy11.clear(Unknown Source)
	at org.openqa.selenium.support.events.EventFiringWebDriver$EventFiringWebElement.clear(EventFiringWebDriver.java:436)
	at com.kms.katalon.core.webui.keyword.builtin.SetTextKeyword$_setText_closure1.doCall(SetTextKeyword.groovy:53)
	at com.kms.katalon.core.webui.keyword.builtin.SetTextKeyword$_setText_closure1.call(SetTextKeyword.groovy)
	at com.kms.katalon.core.webui.keyword.internal.WebUIKeywordMain.runKeyword(WebUIKeywordMain.groovy:20)
	at com.kms.katalon.core.webui.keyword.builtin.SetTextKeyword.setText(SetTextKeyword.groovy:66)
	at com.kms.katalon.core.webui.keyword.builtin.SetTextKeyword.execute(SetTextKeyword.groovy:37)
	at com.kms.katalon.core.keyword.internal.KeywordExecutor.executeKeywordForPlatform(KeywordExecutor.groovy:74)
	at com.kms.katalon.core.webui.keyword.WebUiBuiltInKeywords.setText(WebUiBuiltInKeywords.groovy:980)
	at com.kms.katalon.core.webui.keyword.WebUiBuiltInKeywords$setText$14.call(Unknown Source)
	at Script1634674829687.run(Script1634674829687.groovy:268)
	... 13 more
)

2021-11-19 11:43:37 - [MESSAGE][FAILED] - Unable to set text 'Cook' of object 'Object Repository/RAD_Pages/Taxpayer_Page/input_lastName' (Root cause: com.kms.katalon.core.exception.StepFailedException: Unable to set text 'Cook' of object 'Object Repository/RAD_Pages/Taxpayer_Page/input_lastName'
	at com.kms.katalon.core.webui.keyword.internal.WebUIKeywordMain.stepFailed(WebUIKeywordMain.groovy:64)
	at com.kms.katalon.core.webui.keyword.internal.WebUIKeywordMain.runKeyword(WebUIKeywordMain.groovy:26)
	at com.kms.katalon.core.webui.keyword.builtin.SetTextKeyword.setText(SetTextKeyword.groovy:66)
	at com.kms.katalon.core.webui.keyword.builtin.SetTextKeyword.execute(SetTextKeyword.groovy:37)
	at com.kms.katalon.core.keyword.internal.KeywordExecutor.executeKeywordForPlatform(KeywordExecutor.groovy:74)
	at com.kms.katalon.core.webui.keyword.WebUiBuiltInKeywords.setText(WebUiBuiltInKeywords.groovy:980)
	at com.kms.katalon.core.webui.keyword.WebUiBuiltInKeywords$setText$14.call(Unknown Source)
	at Payments_HC_TC.run(Payments_HC_TC:268)
	at com.kms.katalon.core.main.ScriptEngine.run(ScriptEngine.java:194)
	at com.kms.katalon.core.main.ScriptEngine.runScriptAsRawText(ScriptEngine.java:119)
	at com.kms.katalon.core.main.TestCaseExecutor.runScript(TestCaseExecutor.java:430)
	at com.kms.katalon.core.main.TestCaseExecutor.doExecute(TestCaseExecutor.java:421)
	at com.kms.katalon.core.main.TestCaseExecutor.processExecutionPhase(TestCaseExecutor.java:400)
	at com.kms.katalon.core.main.TestCaseExecutor.accessMainPhase(TestCaseExecutor.java:392)
	at com.kms.katalon.core.main.TestCaseExecutor.execute(TestCaseExecutor.java:273)
	at com.kms.katalon.core.main.TestSuiteExecutor.accessTestCaseMainPhase(TestSuiteExecutor.java:202)
	at com.kms.katalon.core.main.TestSuiteExecutor.accessTestSuiteMainPhase(TestSuiteExecutor.java:164)
	at com.kms.katalon.core.main.TestSuiteExecutor.execute(TestSuiteExecutor.java:105)
	at com.kms.katalon.core.main.TestCaseMain.startTestSuite(TestCaseMain.java:185)
	at com.kms.katalon.core.main.TestCaseMain$startTestSuite$0.call(Unknown Source)
	at TempTestSuite1637335687322.run(TempTestSuite1637335687322.groovy:36)
Caused by: org.openqa.selenium.ElementNotInteractableException: element not interactable
  (Session info: chrome=96.0.4664.45)
Build info: version: '3.141.59', revision: 'e82be7d358', time: '2018-11-14T08:25:53'
System info: host: 'DESKTOP-B2QI6NS', ip: '172.30.2.167', os.name: 'Windows 10', os.arch: 'amd64', os.version: '10.0', java.version: '1.8.0_181'
Driver info: com.kms.katalon.selenium.driver.CChromeDriver
Capabilities {acceptInsecureCerts: true, browserName: chrome, browserVersion: 96.0.4664.45, chrome: {chromedriverVersion: 95.0.4638.54 (d31a821ec901f..., userDataDir: C:\Users\iahmed\AppData\Loc...}, goog:chromeOptions: {debuggerAddress: localhost:54716}, javascriptEnabled: true, networkConnectionEnabled: false, pageLoadStrategy: normal, platform: WINDOWS, platformName: WINDOWS, proxy: Proxy(), setWindowRect: true, strictFileInteractability: false, timeouts: {implicit: 0, pageLoad: 300000, script: 30000}, unhandledPromptBehavior: dismiss and notify, webauthn:extension:credBlob: true, webauthn:extension:largeBlob: true, webauthn:virtualAuthenticators: true}
Session ID: d26dd06069f7091b3c701e1aa6e098c3
	at org.openqa.selenium.remote.http.W3CHttpResponseCodec.createException(W3CHttpResponseCodec.java:187)
	at org.openqa.selenium.remote.http.W3CHttpResponseCodec.decode(W3CHttpResponseCodec.java:122)
	at org.openqa.selenium.remote.http.W3CHttpResponseCodec.decode(W3CHttpResponseCodec.java:49)
	at org.openqa.selenium.remote.HttpCommandExecutor.execute(HttpCommandExecutor.java:158)
	at org.openqa.selenium.remote.service.DriverCommandExecutor.execute(DriverCommandExecutor.java:83)
	at org.openqa.selenium.remote.RemoteWebDriver.execute(RemoteWebDriver.java:552)
	at com.kms.katalon.selenium.driver.CChromeDriver.execute(CChromeDriver.java:19)
	at org.openqa.selenium.remote.RemoteWebElement.execute(RemoteWebElement.java:285)
	at org.openqa.selenium.remote.RemoteWebElement.clear(RemoteWebElement.java:124)
	at org.openqa.selenium.support.events.EventFiringWebDriver$EventFiringWebElement.lambda$new$0(EventFiringWebDriver.java:404)
	at com.sun.proxy.$Proxy11.clear(Unknown Source)
	at org.openqa.selenium.support.events.EventFiringWebDriver$EventFiringWebElement.clear(EventFiringWebDriver.java:436)
	at com.kms.katalon.core.webui.keyword.builtin.SetTextKeyword$_setText_closure1.doCall(SetTextKeyword.groovy:53)
	at com.kms.katalon.core.webui.keyword.builtin.SetTextKeyword$_setText_closure1.call(SetTextKeyword.groovy)
	at com.kms.katalon.core.webui.keyword.internal.WebUIKeywordMain.runKeyword(WebUIKeywordMain.groovy:20)
	at com.kms.katalon.core.webui.keyword.builtin.SetTextKeyword.setText(SetTextKeyword.groovy:66)
	at com.kms.katalon.core.webui.keyword.builtin.SetTextKeyword.execute(SetTextKeyword.groovy:37)
	at com.kms.katalon.core.keyword.internal.KeywordExecutor.executeKeywordForPlatform(KeywordExecutor.groovy:74)
	at com.kms.katalon.core.webui.keyword.WebUiBuiltInKeywords.setText(WebUiBuiltInKeywords.groovy:980)
	at com.kms.katalon.core.webui.keyword.WebUiBuiltInKeywords$setText$14.call(Unknown Source)
	at Script1634674829687.run(Script1634674829687.groovy:268)
	... 13 more
)
[[ATTACHMENT|E:\\Cloned-Project-Katalon\\VPS-Katalon\\Reports\\20211119_102807\\RAD_TestSuite\\RAD_UI_TestSuite\\20211119_102807\\1637340217185.png]]

2021-11-19 11:43:37 - [TEST_STEP][PASSED] - selectOptionByLabel(findTestObject(orPath_AddressContact + "/select_Country"), "United States", false): All options with label 'United States' are selected in object 'Object Repository/RAD_Pages/AddressAndContactInfo_Page/select_Country' 

2021-11-19 11:43:38 - [MESSAGE][PASSED] - All options with label 'United States' are selected in object 'Object Repository/RAD_Pages/AddressAndContactInfo_Page/select_Country' 

2021-11-19 11:43:38 - [TEST_STEP][PASSED] - setText(findTestObject(orPath_AddressContact + "/input_streetAddress1"), AL1): Text '3652 Mandan road' is set on object 'Object Repository/RAD_Pages/AddressAndContactInfo_Page/input_streetAddress1'

2021-11-19 11:43:38 - [MESSAGE][PASSED] - Text '3652 Mandan road' is set on object 'Object Repository/RAD_Pages/AddressAndContactInfo_Page/input_streetAddress1'

2021-11-19 11:43:38 - [TEST_STEP][PASSED] - setText(findTestObject(orPath_AddressContact + "/input_streetAddress2"), ""): Text '' is set on object 'Object Repository/RAD_Pages/AddressAndContactInfo_Page/input_streetAddress2'

2021-11-19 11:43:39 - [MESSAGE][PASSED] - Text '' is set on object 'Object Repository/RAD_Pages/AddressAndContactInfo_Page/input_streetAddress2'

2021-11-19 11:43:39 - [TEST_STEP][PASSED] - setText(findTestObject(orPath_AddressContact + "/input_city"), City): Text 'Crofton' is set on object 'Object Repository/RAD_Pages/AddressAndContactInfo_Page/input_city'

2021-11-19 11:43:40 - [MESSAGE][PASSED] - Text 'Crofton' is set on object 'Object Repository/RAD_Pages/AddressAndContactInfo_Page/input_city'

2021-11-19 11:43:40 - [TEST_STEP][PASSED] - selectOptionByLabel(findTestObject(orPath_AddressContact + "/select_State"), "Maryland", false): All options with label 'Maryland' are selected in object 'Object Repository/RAD_Pages/AddressAndContactInfo_Page/select_State' 

2021-11-19 11:43:41 - [MESSAGE][PASSED] - All options with label 'Maryland' are selected in object 'Object Repository/RAD_Pages/AddressAndContactInfo_Page/select_State' 

2021-11-19 11:43:41 - [TEST_STEP][PASSED] - setText(findTestObject(orPath_AddressContact + "/input_zipCode"), ZIP): Text '21114' is set on object 'Object Repository/RAD_Pages/AddressAndContactInfo_Page/input_zipCode'

2021-11-19 11:43:41 - [MESSAGE][PASSED] - Text '21114' is set on object 'Object Repository/RAD_Pages/AddressAndContactInfo_Page/input_zipCode'

2021-11-19 11:43:41 - [TEST_STEP][PASSED] - setText(findTestObject(orPath_AddressContact + "/input_phoneNumber"), "(703) 894-5000"): Text '(703) 894-5000' is set on object 'Object Repository/RAD_Pages/AddressAndContactInfo_Page/input_phoneNumber'

2021-11-19 11:43:42 - [MESSAGE][PASSED] - Text '(703) 894-5000' is set on object 'Object Repository/RAD_Pages/AddressAndContactInfo_Page/input_phoneNumber'

2021-11-19 11:43:42 - [TEST_STEP][PASSED] - setText(findTestObject(orPath_AddressContact + "/input_eMailAddress"), "iahmed@govolution.com"): Text 'iahmed@govolution.com' is set on object 'Object Repository/RAD_Pages/AddressAndContactInfo_Page/input_eMailAddress'

2021-11-19 11:43:43 - [MESSAGE][PASSED] - Text 'iahmed@govolution.com' is set on object 'Object Repository/RAD_Pages/AddressAndContactInfo_Page/input_eMailAddress'

2021-11-19 11:43:43 - [TEST_STEP][PASSED] - setText(findTestObject(orPath_AddressContact + "/input_reEnterEMailAddress"), "iahmed@govolution.com"): Text 'iahmed@govolution.com' is set on object 'Object Repository/RAD_Pages/AddressAndContactInfo_Page/input_reEnterEMailAddress'

2021-11-19 11:43:44 - [MESSAGE][PASSED] - Text 'iahmed@govolution.com' is set on object 'Object Repository/RAD_Pages/AddressAndContactInfo_Page/input_reEnterEMailAddress'

2021-11-19 11:43:44 - [TEST_STEP][PASSED] - setText(findTestObject(orPath_Amount + "/input__paymentAmount"), Amount): Text '100.00' is set on object 'Object Repository/RAD_Pages/PaymentAmount_Page/input__paymentAmount'

2021-11-19 11:43:44 - [MESSAGE][PASSED] - Text '100.00' is set on object 'Object Repository/RAD_Pages/PaymentAmount_Page/input__paymentAmount'

2021-11-19 11:43:44 - [TEST_STEP][PASSED] - scrollToElement(findTestObject(orPath_Landing + "/button_Continue"), 3): Scroll to object 'Object Repository/RAD_Pages/Landing_Page/button_Continue' successfully

2021-11-19 11:43:45 - [MESSAGE][PASSED] - Scroll to object 'Object Repository/RAD_Pages/Landing_Page/button_Continue' successfully

2021-11-19 11:43:45 - [TEST_STEP][PASSED] - waitForElementClickable(findTestObject(orPath_Landing + "/button_Continue"), 5): Object 'Object Repository/RAD_Pages/Landing_Page/button_Continue' is clickable

2021-11-19 11:43:45 - [MESSAGE][PASSED] - Object 'Object Repository/RAD_Pages/Landing_Page/button_Continue' is clickable

2021-11-19 11:43:45 - [TEST_STEP][PASSED] - click(findTestObject(orPath_Landing + "/button_Continue")): Object: 'Object Repository/RAD_Pages/Landing_Page/button_Continue' is clicked on

2021-11-19 11:43:46 - [MESSAGE][PASSED] - Object: 'Object Repository/RAD_Pages/Landing_Page/button_Continue' is clicked on

2021-11-19 11:43:46 - [TEST_STEP][FAILED] - verifyTextPresent("Review the information below and make any necessary corrections by clicking the", true): Text 'Review the information below and make any necessary corrections by clicking the' is not present on page  using regular expression (Root cause: com.kms.katalon.core.exception.StepFailedException: Text 'Review the information below and make any necessary corrections by clicking the' is not present on page  using regular expression
	at com.kms.katalon.core.webui.keyword.internal.WebUIKeywordMain.stepFailed(WebUIKeywordMain.groovy:64)
	at com.kms.katalon.core.webui.keyword.builtin.VerifyTextPresentKeyword$_verifyTextPresent_closure1.doCall(VerifyTextPresentKeyword.groovy:79)
	at com.kms.katalon.core.webui.keyword.builtin.VerifyTextPresentKeyword$_verifyTextPresent_closure1.call(VerifyTextPresentKeyword.groovy)
	at com.kms.katalon.core.webui.keyword.internal.WebUIKeywordMain.runKeyword(WebUIKeywordMain.groovy:20)
	at com.kms.katalon.core.webui.keyword.builtin.VerifyTextPresentKeyword.verifyTextPresent(VerifyTextPresentKeyword.groovy:83)
	at com.kms.katalon.core.webui.keyword.builtin.VerifyTextPresentKeyword.execute(VerifyTextPresentKeyword.groovy:68)
	at com.kms.katalon.core.keyword.internal.KeywordExecutor.executeKeywordForPlatform(KeywordExecutor.groovy:74)
	at com.kms.katalon.core.webui.keyword.WebUiBuiltInKeywords.verifyTextPresent(WebUiBuiltInKeywords.groovy:1723)
	at com.kms.katalon.core.webui.keyword.WebUiBuiltInKeywords$verifyTextPresent$3.call(Unknown Source)
	at Payments_HC_TC.run(Payments_HC_TC:296)
	at com.kms.katalon.core.main.ScriptEngine.run(ScriptEngine.java:194)
	at com.kms.katalon.core.main.ScriptEngine.runScriptAsRawText(ScriptEngine.java:119)
	at com.kms.katalon.core.main.TestCaseExecutor.runScript(TestCaseExecutor.java:430)
	at com.kms.katalon.core.main.TestCaseExecutor.doExecute(TestCaseExecutor.java:421)
	at com.kms.katalon.core.main.TestCaseExecutor.processExecutionPhase(TestCaseExecutor.java:400)
	at com.kms.katalon.core.main.TestCaseExecutor.accessMainPhase(TestCaseExecutor.java:392)
	at com.kms.katalon.core.main.TestCaseExecutor.execute(TestCaseExecutor.java:273)
	at com.kms.katalon.core.main.TestSuiteExecutor.accessTestCaseMainPhase(TestSuiteExecutor.java:202)
	at com.kms.katalon.core.main.TestSuiteExecutor.accessTestSuiteMainPhase(TestSuiteExecutor.java:164)
	at com.kms.katalon.core.main.TestSuiteExecutor.execute(TestSuiteExecutor.java:105)
	at com.kms.katalon.core.main.TestCaseMain.startTestSuite(TestCaseMain.java:185)
	at com.kms.katalon.core.main.TestCaseMain$startTestSuite$0.call(Unknown Source)
	at TempTestSuite1637335687322.run(TempTestSuite1637335687322.groovy:36)
)

2021-11-19 11:43:46 - [MESSAGE][FAILED] - Text 'Review the information below and make any necessary corrections by clicking the' is not present on page  using regular expression (Root cause: com.kms.katalon.core.exception.StepFailedException: Text 'Review the information below and make any necessary corrections by clicking the' is not present on page  using regular expression
	at com.kms.katalon.core.webui.keyword.internal.WebUIKeywordMain.stepFailed(WebUIKeywordMain.groovy:64)
	at com.kms.katalon.core.webui.keyword.builtin.VerifyTextPresentKeyword$_verifyTextPresent_closure1.doCall(VerifyTextPresentKeyword.groovy:79)
	at com.kms.katalon.core.webui.keyword.builtin.VerifyTextPresentKeyword$_verifyTextPresent_closure1.call(VerifyTextPresentKeyword.groovy)
	at com.kms.katalon.core.webui.keyword.internal.WebUIKeywordMain.runKeyword(WebUIKeywordMain.groovy:20)
	at com.kms.katalon.core.webui.keyword.builtin.VerifyTextPresentKeyword.verifyTextPresent(VerifyTextPresentKeyword.groovy:83)
	at com.kms.katalon.core.webui.keyword.builtin.VerifyTextPresentKeyword.execute(VerifyTextPresentKeyword.groovy:68)
	at com.kms.katalon.core.keyword.internal.KeywordExecutor.executeKeywordForPlatform(KeywordExecutor.groovy:74)
	at com.kms.katalon.core.webui.keyword.WebUiBuiltInKeywords.verifyTextPresent(WebUiBuiltInKeywords.groovy:1723)
	at com.kms.katalon.core.webui.keyword.WebUiBuiltInKeywords$verifyTextPresent$3.call(Unknown Source)
	at Payments_HC_TC.run(Payments_HC_TC:296)
	at com.kms.katalon.core.main.ScriptEngine.run(ScriptEngine.java:194)
	at com.kms.katalon.core.main.ScriptEngine.runScriptAsRawText(ScriptEngine.java:119)
	at com.kms.katalon.core.main.TestCaseExecutor.runScript(TestCaseExecutor.java:430)
	at com.kms.katalon.core.main.TestCaseExecutor.doExecute(TestCaseExecutor.java:421)
	at com.kms.katalon.core.main.TestCaseExecutor.processExecutionPhase(TestCaseExecutor.java:400)
	at com.kms.katalon.core.main.TestCaseExecutor.accessMainPhase(TestCaseExecutor.java:392)
	at com.kms.katalon.core.main.TestCaseExecutor.execute(TestCaseExecutor.java:273)
	at com.kms.katalon.core.main.TestSuiteExecutor.accessTestCaseMainPhase(TestSuiteExecutor.java:202)
	at com.kms.katalon.core.main.TestSuiteExecutor.accessTestSuiteMainPhase(TestSuiteExecutor.java:164)
	at com.kms.katalon.core.main.TestSuiteExecutor.execute(TestSuiteExecutor.java:105)
	at com.kms.katalon.core.main.TestCaseMain.startTestSuite(TestCaseMain.java:185)
	at com.kms.katalon.core.main.TestCaseMain$startTestSuite$0.call(Unknown Source)
	at TempTestSuite1637335687322.run(TempTestSuite1637335687322.groovy:36)
)

2021-11-19 11:43:46 - [TEST_STEP][FAILED] - verifyTextPresent("When you are confident that all the information is correct", true): Text 'When you are confident that all the information is correct' is not present on page  using regular expression (Root cause: com.kms.katalon.core.exception.StepFailedException: Text 'When you are confident that all the information is correct' is not present on page  using regular expression
	at com.kms.katalon.core.webui.keyword.internal.WebUIKeywordMain.stepFailed(WebUIKeywordMain.groovy:64)
	at com.kms.katalon.core.webui.keyword.builtin.VerifyTextPresentKeyword$_verifyTextPresent_closure1.doCall(VerifyTextPresentKeyword.groovy:79)
	at com.kms.katalon.core.webui.keyword.builtin.VerifyTextPresentKeyword$_verifyTextPresent_closure1.call(VerifyTextPresentKeyword.groovy)
	at com.kms.katalon.core.webui.keyword.internal.WebUIKeywordMain.runKeyword(WebUIKeywordMain.groovy:20)
	at com.kms.katalon.core.webui.keyword.builtin.VerifyTextPresentKeyword.verifyTextPresent(VerifyTextPresentKeyword.groovy:83)
	at com.kms.katalon.core.webui.keyword.builtin.VerifyTextPresentKeyword.execute(VerifyTextPresentKeyword.groovy:68)
	at com.kms.katalon.core.keyword.internal.KeywordExecutor.executeKeywordForPlatform(KeywordExecutor.groovy:74)
	at com.kms.katalon.core.webui.keyword.WebUiBuiltInKeywords.verifyTextPresent(WebUiBuiltInKeywords.groovy:1723)
	at com.kms.katalon.core.webui.keyword.WebUiBuiltInKeywords$verifyTextPresent$3.call(Unknown Source)
	at Payments_HC_TC.run(Payments_HC_TC:297)
	at com.kms.katalon.core.main.ScriptEngine.run(ScriptEngine.java:194)
	at com.kms.katalon.core.main.ScriptEngine.runScriptAsRawText(ScriptEngine.java:119)
	at com.kms.katalon.core.main.TestCaseExecutor.runScript(TestCaseExecutor.java:430)
	at com.kms.katalon.core.main.TestCaseExecutor.doExecute(TestCaseExecutor.java:421)
	at com.kms.katalon.core.main.TestCaseExecutor.processExecutionPhase(TestCaseExecutor.java:400)
	at com.kms.katalon.core.main.TestCaseExecutor.accessMainPhase(TestCaseExecutor.java:392)
	at com.kms.katalon.core.main.TestCaseExecutor.execute(TestCaseExecutor.java:273)
	at com.kms.katalon.core.main.TestSuiteExecutor.accessTestCaseMainPhase(TestSuiteExecutor.java:202)
	at com.kms.katalon.core.main.TestSuiteExecutor.accessTestSuiteMainPhase(TestSuiteExecutor.java:164)
	at com.kms.katalon.core.main.TestSuiteExecutor.execute(TestSuiteExecutor.java:105)
	at com.kms.katalon.core.main.TestCaseMain.startTestSuite(TestCaseMain.java:185)
	at com.kms.katalon.core.main.TestCaseMain$startTestSuite$0.call(Unknown Source)
	at TempTestSuite1637335687322.run(TempTestSuite1637335687322.groovy:36)
)

2021-11-19 11:43:46 - [MESSAGE][FAILED] - Text 'When you are confident that all the information is correct' is not present on page  using regular expression (Root cause: com.kms.katalon.core.exception.StepFailedException: Text 'When you are confident that all the information is correct' is not present on page  using regular expression
	at com.kms.katalon.core.webui.keyword.internal.WebUIKeywordMain.stepFailed(WebUIKeywordMain.groovy:64)
	at com.kms.katalon.core.webui.keyword.builtin.VerifyTextPresentKeyword$_verifyTextPresent_closure1.doCall(VerifyTextPresentKeyword.groovy:79)
	at com.kms.katalon.core.webui.keyword.builtin.VerifyTextPresentKeyword$_verifyTextPresent_closure1.call(VerifyTextPresentKeyword.groovy)
	at com.kms.katalon.core.webui.keyword.internal.WebUIKeywordMain.runKeyword(WebUIKeywordMain.groovy:20)
	at com.kms.katalon.core.webui.keyword.builtin.VerifyTextPresentKeyword.verifyTextPresent(VerifyTextPresentKeyword.groovy:83)
	at com.kms.katalon.core.webui.keyword.builtin.VerifyTextPresentKeyword.execute(VerifyTextPresentKeyword.groovy:68)
	at com.kms.katalon.core.keyword.internal.KeywordExecutor.executeKeywordForPlatform(KeywordExecutor.groovy:74)
	at com.kms.katalon.core.webui.keyword.WebUiBuiltInKeywords.verifyTextPresent(WebUiBuiltInKeywords.groovy:1723)
	at com.kms.katalon.core.webui.keyword.WebUiBuiltInKeywords$verifyTextPresent$3.call(Unknown Source)
	at Payments_HC_TC.run(Payments_HC_TC:297)
	at com.kms.katalon.core.main.ScriptEngine.run(ScriptEngine.java:194)
	at com.kms.katalon.core.main.ScriptEngine.runScriptAsRawText(ScriptEngine.java:119)
	at com.kms.katalon.core.main.TestCaseExecutor.runScript(TestCaseExecutor.java:430)
	at com.kms.katalon.core.main.TestCaseExecutor.doExecute(TestCaseExecutor.java:421)
	at com.kms.katalon.core.main.TestCaseExecutor.processExecutionPhase(TestCaseExecutor.java:400)
	at com.kms.katalon.core.main.TestCaseExecutor.accessMainPhase(TestCaseExecutor.java:392)
	at com.kms.katalon.core.main.TestCaseExecutor.execute(TestCaseExecutor.java:273)
	at com.kms.katalon.core.main.TestSuiteExecutor.accessTestCaseMainPhase(TestSuiteExecutor.java:202)
	at com.kms.katalon.core.main.TestSuiteExecutor.accessTestSuiteMainPhase(TestSuiteExecutor.java:164)
	at com.kms.katalon.core.main.TestSuiteExecutor.execute(TestSuiteExecutor.java:105)
	at com.kms.katalon.core.main.TestCaseMain.startTestSuite(TestCaseMain.java:185)
	at com.kms.katalon.core.main.TestCaseMain$startTestSuite$0.call(Unknown Source)
	at TempTestSuite1637335687322.run(TempTestSuite1637335687322.groovy:36)
)

2021-11-19 11:43:46 - [TEST_STEP][PASSED] - delay(1): Delayed 1 second(s)

2021-11-19 11:43:47 - [MESSAGE][PASSED] - Delayed 1 second(s)

2021-11-19 11:43:47 - [TEST_STEP][FAILED] - click(findTestObject(orPath_Summary + "/button_Proceed to Payment")): Unable to click on object 'Object Repository/RAD_Pages/Summary_Page/button_Proceed to Payment' (Root cause: com.kms.katalon.core.exception.StepFailedException: Unable to click on object 'Object Repository/RAD_Pages/Summary_Page/button_Proceed to Payment'
	at com.kms.katalon.core.webui.keyword.internal.WebUIKeywordMain.stepFailed(WebUIKeywordMain.groovy:64)
	at com.kms.katalon.core.webui.keyword.internal.WebUIKeywordMain.runKeyword(WebUIKeywordMain.groovy:26)
	at com.kms.katalon.core.webui.keyword.builtin.ClickKeyword.click(ClickKeyword.groovy:75)
	at com.kms.katalon.core.webui.keyword.builtin.ClickKeyword.execute(ClickKeyword.groovy:42)
	at com.kms.katalon.core.keyword.internal.KeywordExecutor.executeKeywordForPlatform(KeywordExecutor.groovy:74)
	at com.kms.katalon.core.webui.keyword.WebUiBuiltInKeywords.click(WebUiBuiltInKeywords.groovy:620)
	at com.kms.katalon.core.webui.keyword.WebUiBuiltInKeywords$click$10.call(Unknown Source)
	at Payments_HC_TC.run(Payments_HC_TC:303)
	at com.kms.katalon.core.main.ScriptEngine.run(ScriptEngine.java:194)
	at com.kms.katalon.core.main.ScriptEngine.runScriptAsRawText(ScriptEngine.java:119)
	at com.kms.katalon.core.main.TestCaseExecutor.runScript(TestCaseExecutor.java:430)
	at com.kms.katalon.core.main.TestCaseExecutor.doExecute(TestCaseExecutor.java:421)
	at com.kms.katalon.core.main.TestCaseExecutor.processExecutionPhase(TestCaseExecutor.java:400)
	at com.kms.katalon.core.main.TestCaseExecutor.accessMainPhase(TestCaseExecutor.java:392)
	at com.kms.katalon.core.main.TestCaseExecutor.execute(TestCaseExecutor.java:273)
	at com.kms.katalon.core.main.TestSuiteExecutor.accessTestCaseMainPhase(TestSuiteExecutor.java:202)
	at com.kms.katalon.core.main.TestSuiteExecutor.accessTestSuiteMainPhase(TestSuiteExecutor.java:164)
	at com.kms.katalon.core.main.TestSuiteExecutor.execute(TestSuiteExecutor.java:105)
	at com.kms.katalon.core.main.TestCaseMain.startTestSuite(TestCaseMain.java:185)
	at com.kms.katalon.core.main.TestCaseMain$startTestSuite$0.call(Unknown Source)
	at TempTestSuite1637335687322.run(TempTestSuite1637335687322.groovy:36)
Caused by: org.openqa.selenium.ElementNotInteractableException: element not interactable
  (Session info: chrome=96.0.4664.45)
Build info: version: '3.141.59', revision: 'e82be7d358', time: '2018-11-14T08:25:53'
System info: host: 'DESKTOP-B2QI6NS', ip: '172.30.2.167', os.name: 'Windows 10', os.arch: 'amd64', os.version: '10.0', java.version: '1.8.0_181'
Driver info: com.kms.katalon.selenium.driver.CChromeDriver
Capabilities {acceptInsecureCerts: true, browserName: chrome, browserVersion: 96.0.4664.45, chrome: {chromedriverVersion: 95.0.4638.54 (d31a821ec901f..., userDataDir: C:\Users\iahmed\AppData\Loc...}, goog:chromeOptions: {debuggerAddress: localhost:54716}, javascriptEnabled: true, networkConnectionEnabled: false, pageLoadStrategy: normal, platform: WINDOWS, platformName: WINDOWS, proxy: Proxy(), setWindowRect: true, strictFileInteractability: false, timeouts: {implicit: 0, pageLoad: 300000, script: 30000}, unhandledPromptBehavior: dismiss and notify, webauthn:extension:credBlob: true, webauthn:extension:largeBlob: true, webauthn:virtualAuthenticators: true}
Session ID: d26dd06069f7091b3c701e1aa6e098c3
	at org.openqa.selenium.remote.http.W3CHttpResponseCodec.createException(W3CHttpResponseCodec.java:187)
	at org.openqa.selenium.remote.http.W3CHttpResponseCodec.decode(W3CHttpResponseCodec.java:122)
	at org.openqa.selenium.remote.http.W3CHttpResponseCodec.decode(W3CHttpResponseCodec.java:49)
	at org.openqa.selenium.remote.HttpCommandExecutor.execute(HttpCommandExecutor.java:158)
	at org.openqa.selenium.remote.service.DriverCommandExecutor.execute(DriverCommandExecutor.java:83)
	at org.openqa.selenium.remote.RemoteWebDriver.execute(RemoteWebDriver.java:552)
	at com.kms.katalon.selenium.driver.CChromeDriver.execute(CChromeDriver.java:19)
	at org.openqa.selenium.remote.RemoteWebElement.execute(RemoteWebElement.java:285)
	at org.openqa.selenium.remote.RemoteWebElement.click(RemoteWebElement.java:84)
	at org.openqa.selenium.support.events.EventFiringWebDriver$EventFiringWebElement.lambda$new$0(EventFiringWebDriver.java:404)
	at com.sun.proxy.$Proxy11.click(Unknown Source)
	at org.openqa.selenium.support.events.EventFiringWebDriver$EventFiringWebElement.click(EventFiringWebDriver.java:417)
	at com.kms.katalon.core.webui.keyword.builtin.ClickKeyword$_click_closure1.doCall(ClickKeyword.groovy:68)
	at com.kms.katalon.core.webui.keyword.builtin.ClickKeyword$_click_closure1.call(ClickKeyword.groovy)
	at com.kms.katalon.core.webui.keyword.internal.WebUIKeywordMain.runKeyword(WebUIKeywordMain.groovy:20)
	at com.kms.katalon.core.webui.keyword.builtin.ClickKeyword.click(ClickKeyword.groovy:75)
	at com.kms.katalon.core.webui.keyword.builtin.ClickKeyword.execute(ClickKeyword.groovy:42)
	at com.kms.katalon.core.keyword.internal.KeywordExecutor.executeKeywordForPlatform(KeywordExecutor.groovy:74)
	at com.kms.katalon.core.webui.keyword.WebUiBuiltInKeywords.click(WebUiBuiltInKeywords.groovy:620)
	at com.kms.katalon.core.webui.keyword.WebUiBuiltInKeywords$click$10.call(Unknown Source)
	at Script1634674829687.run(Script1634674829687.groovy:303)
	... 13 more
)

2021-11-19 11:43:48 - [MESSAGE][FAILED] - Unable to click on object 'Object Repository/RAD_Pages/Summary_Page/button_Proceed to Payment' (Root cause: com.kms.katalon.core.exception.StepFailedException: Unable to click on object 'Object Repository/RAD_Pages/Summary_Page/button_Proceed to Payment'
	at com.kms.katalon.core.webui.keyword.internal.WebUIKeywordMain.stepFailed(WebUIKeywordMain.groovy:64)
	at com.kms.katalon.core.webui.keyword.internal.WebUIKeywordMain.runKeyword(WebUIKeywordMain.groovy:26)
	at com.kms.katalon.core.webui.keyword.builtin.ClickKeyword.click(ClickKeyword.groovy:75)
	at com.kms.katalon.core.webui.keyword.builtin.ClickKeyword.execute(ClickKeyword.groovy:42)
	at com.kms.katalon.core.keyword.internal.KeywordExecutor.executeKeywordForPlatform(KeywordExecutor.groovy:74)
	at com.kms.katalon.core.webui.keyword.WebUiBuiltInKeywords.click(WebUiBuiltInKeywords.groovy:620)
	at com.kms.katalon.core.webui.keyword.WebUiBuiltInKeywords$click$10.call(Unknown Source)
	at Payments_HC_TC.run(Payments_HC_TC:303)
	at com.kms.katalon.core.main.ScriptEngine.run(ScriptEngine.java:194)
	at com.kms.katalon.core.main.ScriptEngine.runScriptAsRawText(ScriptEngine.java:119)
	at com.kms.katalon.core.main.TestCaseExecutor.runScript(TestCaseExecutor.java:430)
	at com.kms.katalon.core.main.TestCaseExecutor.doExecute(TestCaseExecutor.java:421)
	at com.kms.katalon.core.main.TestCaseExecutor.processExecutionPhase(TestCaseExecutor.java:400)
	at com.kms.katalon.core.main.TestCaseExecutor.accessMainPhase(TestCaseExecutor.java:392)
	at com.kms.katalon.core.main.TestCaseExecutor.execute(TestCaseExecutor.java:273)
	at com.kms.katalon.core.main.TestSuiteExecutor.accessTestCaseMainPhase(TestSuiteExecutor.java:202)
	at com.kms.katalon.core.main.TestSuiteExecutor.accessTestSuiteMainPhase(TestSuiteExecutor.java:164)
	at com.kms.katalon.core.main.TestSuiteExecutor.execute(TestSuiteExecutor.java:105)
	at com.kms.katalon.core.main.TestCaseMain.startTestSuite(TestCaseMain.java:185)
	at com.kms.katalon.core.main.TestCaseMain$startTestSuite$0.call(Unknown Source)
	at TempTestSuite1637335687322.run(TempTestSuite1637335687322.groovy:36)
Caused by: org.openqa.selenium.ElementNotInteractableException: element not interactable
  (Session info: chrome=96.0.4664.45)
Build info: version: '3.141.59', revision: 'e82be7d358', time: '2018-11-14T08:25:53'
System info: host: 'DESKTOP-B2QI6NS', ip: '172.30.2.167', os.name: 'Windows 10', os.arch: 'amd64', os.version: '10.0', java.version: '1.8.0_181'
Driver info: com.kms.katalon.selenium.driver.CChromeDriver
Capabilities {acceptInsecureCerts: true, browserName: chrome, browserVersion: 96.0.4664.45, chrome: {chromedriverVersion: 95.0.4638.54 (d31a821ec901f..., userDataDir: C:\Users\iahmed\AppData\Loc...}, goog:chromeOptions: {debuggerAddress: localhost:54716}, javascriptEnabled: true, networkConnectionEnabled: false, pageLoadStrategy: normal, platform: WINDOWS, platformName: WINDOWS, proxy: Proxy(), setWindowRect: true, strictFileInteractability: false, timeouts: {implicit: 0, pageLoad: 300000, script: 30000}, unhandledPromptBehavior: dismiss and notify, webauthn:extension:credBlob: true, webauthn:extension:largeBlob: true, webauthn:virtualAuthenticators: true}
Session ID: d26dd06069f7091b3c701e1aa6e098c3
	at org.openqa.selenium.remote.http.W3CHttpResponseCodec.createException(W3CHttpResponseCodec.java:187)
	at org.openqa.selenium.remote.http.W3CHttpResponseCodec.decode(W3CHttpResponseCodec.java:122)
	at org.openqa.selenium.remote.http.W3CHttpResponseCodec.decode(W3CHttpResponseCodec.java:49)
	at org.openqa.selenium.remote.HttpCommandExecutor.execute(HttpCommandExecutor.java:158)
	at org.openqa.selenium.remote.service.DriverCommandExecutor.execute(DriverCommandExecutor.java:83)
	at org.openqa.selenium.remote.RemoteWebDriver.execute(RemoteWebDriver.java:552)
	at com.kms.katalon.selenium.driver.CChromeDriver.execute(CChromeDriver.java:19)
	at org.openqa.selenium.remote.RemoteWebElement.execute(RemoteWebElement.java:285)
	at org.openqa.selenium.remote.RemoteWebElement.click(RemoteWebElement.java:84)
	at org.openqa.selenium.support.events.EventFiringWebDriver$EventFiringWebElement.lambda$new$0(EventFiringWebDriver.java:404)
	at com.sun.proxy.$Proxy11.click(Unknown Source)
	at org.openqa.selenium.support.events.EventFiringWebDriver$EventFiringWebElement.click(EventFiringWebDriver.java:417)
	at com.kms.katalon.core.webui.keyword.builtin.ClickKeyword$_click_closure1.doCall(ClickKeyword.groovy:68)
	at com.kms.katalon.core.webui.keyword.builtin.ClickKeyword$_click_closure1.call(ClickKeyword.groovy)
	at com.kms.katalon.core.webui.keyword.internal.WebUIKeywordMain.runKeyword(WebUIKeywordMain.groovy:20)
	at com.kms.katalon.core.webui.keyword.builtin.ClickKeyword.click(ClickKeyword.groovy:75)
	at com.kms.katalon.core.webui.keyword.builtin.ClickKeyword.execute(ClickKeyword.groovy:42)
	at com.kms.katalon.core.keyword.internal.KeywordExecutor.executeKeywordForPlatform(KeywordExecutor.groovy:74)
	at com.kms.katalon.core.webui.keyword.WebUiBuiltInKeywords.click(WebUiBuiltInKeywords.groovy:620)
	at com.kms.katalon.core.webui.keyword.WebUiBuiltInKeywords$click$10.call(Unknown Source)
	at Script1634674829687.run(Script1634674829687.groovy:303)
	... 13 more
)
[[ATTACHMENT|E:\\Cloned-Project-Katalon\\VPS-Katalon\\Reports\\20211119_102807\\RAD_TestSuite\\RAD_UI_TestSuite\\20211119_102807\\1637340228118.png]]

2021-11-19 11:43:48 - [TEST_STEP][PASSED] - setText(findTestObject(orPath_PaymentEntry + "/input__cardNumber"), CCNumber): Text '4012000098765439' is set on object 'Object Repository/RAD_Pages/PaymentEntry_Page/input__cardNumber'

2021-11-19 11:44:19 - [MESSAGE][INFO] - Unable to find the element located by 'By.xpath: //*[@type = 'text' and @id = 'cardNumber' and @name = 'cardNumber' and @alt = 'Card Number']'. Please recheck the objects properties to make sure the desired element is located. 

2021-11-19 11:44:19 - [MESSAGE][WARNING] - [SELF-HEALING] Failed to find element with id 'Object Repository/RAD_Pages/PaymentEntry_Page/input__cardNumber'. Try using Self-healing.

2021-11-19 11:44:19 - [MESSAGE][WARNING] - [SELF-HEALING] The current locator of test object 'Object Repository/RAD_Pages/PaymentEntry_Page/input__cardNumber' was broken. Propose an alternative one: '//div[3]/div/div/input'.

2021-11-19 11:44:50 - [MESSAGE][INFO] - Unable to find the element located by 'By.xpath: //*[@type = 'text' and @id = 'cardNumber' and @name = 'cardNumber' and @alt = 'Card Number']'. Please recheck the objects properties to make sure the desired element is located. 

2021-11-19 11:44:50 - [MESSAGE][WARNING] - [SELF-HEALING] Failed to find element with id 'Object Repository/RAD_Pages/PaymentEntry_Page/input__cardNumber'. Try using Self-healing.

2021-11-19 11:44:51 - [MESSAGE][WARNING] - [SELF-HEALING] The current locator of test object 'Object Repository/RAD_Pages/PaymentEntry_Page/input__cardNumber' was broken. Propose an alternative one: '//div[3]/div/div/input'.

2021-11-19 11:44:51 - [MESSAGE][PASSED] - Text '4012000098765439' is set on object 'Object Repository/RAD_Pages/PaymentEntry_Page/input__cardNumber'

2021-11-19 11:44:51 - [TEST_STEP][PASSED] - setText(findTestObject(orPath_PaymentEntry + "/input__spc"), CVV): Text '123' is set on object 'Object Repository/RAD_Pages/PaymentEntry_Page/input__spc'

2021-11-19 11:45:22 - [MESSAGE][INFO] - Unable to find the element located by 'By.xpath: //*[@type = 'text' and @class = 'form-control' and @name = 'spc' and @id = 'spc']'. Please recheck the objects properties to make sure the desired element is located. 

2021-11-19 11:45:22 - [MESSAGE][WARNING] - [SELF-HEALING] Failed to find element with id 'Object Repository/RAD_Pages/PaymentEntry_Page/input__spc'. Try using Self-healing.

2021-11-19 11:45:22 - [MESSAGE][WARNING] - [SELF-HEALING] The current locator of test object 'Object Repository/RAD_Pages/PaymentEntry_Page/input__spc' was broken. Propose an alternative one: '//div[4]/div/div/input'.

2021-11-19 11:45:54 - [MESSAGE][INFO] - Unable to find the element located by 'By.xpath: //*[@type = 'text' and @class = 'form-control' and @name = 'spc' and @id = 'spc']'. Please recheck the objects properties to make sure the desired element is located. 

2021-11-19 11:45:54 - [MESSAGE][WARNING] - [SELF-HEALING] Failed to find element with id 'Object Repository/RAD_Pages/PaymentEntry_Page/input__spc'. Try using Self-healing.

2021-11-19 11:45:54 - [MESSAGE][WARNING] - [SELF-HEALING] The current locator of test object 'Object Repository/RAD_Pages/PaymentEntry_Page/input__spc' was broken. Propose an alternative one: '//div[4]/div/div/input'.

2021-11-19 11:45:54 - [MESSAGE][PASSED] - Text '123' is set on object 'Object Repository/RAD_Pages/PaymentEntry_Page/input__spc'

2021-11-19 11:45:54 - [TEST_STEP][FAILED] - selectOptionByLabel(findTestObject(orPath_PaymentEntry + "/select_MM"), "12", false): Unable to select option by label '12' of object 'Object Repository/RAD_Pages/PaymentEntry_Page/select_MM'  (Root cause: com.kms.katalon.core.exception.StepFailedException: Unable to select option by label '12' of object 'Object Repository/RAD_Pages/PaymentEntry_Page/select_MM' 
	at com.kms.katalon.core.webui.keyword.internal.WebUIKeywordMain.stepFailed(WebUIKeywordMain.groovy:64)
	at com.kms.katalon.core.webui.keyword.internal.WebUIKeywordMain.runKeyword(WebUIKeywordMain.groovy:26)
	at com.kms.katalon.core.webui.keyword.builtin.SelectOptionByLabelKeyword.selectOptionByLabel(SelectOptionByLabelKeyword.groovy:98)
	at com.kms.katalon.core.webui.keyword.builtin.SelectOptionByLabelKeyword.execute(SelectOptionByLabelKeyword.groovy:71)
	at com.kms.katalon.core.keyword.internal.KeywordExecutor.executeKeywordForPlatform(KeywordExecutor.groovy:74)
	at com.kms.katalon.core.webui.keyword.WebUiBuiltInKeywords.selectOptionByLabel(WebUiBuiltInKeywords.groovy:1230)
	at com.kms.katalon.core.webui.keyword.WebUiBuiltInKeywords$selectOptionByLabel$6.call(Unknown Source)
	at Payments_HC_TC.run(Payments_HC_TC:317)
	at com.kms.katalon.core.main.ScriptEngine.run(ScriptEngine.java:194)
	at com.kms.katalon.core.main.ScriptEngine.runScriptAsRawText(ScriptEngine.java:119)
	at com.kms.katalon.core.main.TestCaseExecutor.runScript(TestCaseExecutor.java:430)
	at com.kms.katalon.core.main.TestCaseExecutor.doExecute(TestCaseExecutor.java:421)
	at com.kms.katalon.core.main.TestCaseExecutor.processExecutionPhase(TestCaseExecutor.java:400)
	at com.kms.katalon.core.main.TestCaseExecutor.accessMainPhase(TestCaseExecutor.java:392)
	at com.kms.katalon.core.main.TestCaseExecutor.execute(TestCaseExecutor.java:273)
	at com.kms.katalon.core.main.TestSuiteExecutor.accessTestCaseMainPhase(TestSuiteExecutor.java:202)
	at com.kms.katalon.core.main.TestSuiteExecutor.accessTestSuiteMainPhase(TestSuiteExecutor.java:164)
	at com.kms.katalon.core.main.TestSuiteExecutor.execute(TestSuiteExecutor.java:105)
	at com.kms.katalon.core.main.TestCaseMain.startTestSuite(TestCaseMain.java:185)
	at com.kms.katalon.core.main.TestCaseMain$startTestSuite$0.call(Unknown Source)
	at TempTestSuite1637335687322.run(TempTestSuite1637335687322.groovy:36)
Caused by: org.openqa.selenium.NoSuchElementException: Cannot locate element with text: 12
For documentation on this error, please visit: https://www.seleniumhq.org/exceptions/no_such_element.html
Build info: version: '3.141.59', revision: 'e82be7d358', time: '2018-11-14T08:25:53'
System info: host: 'DESKTOP-B2QI6NS', ip: '172.30.2.167', os.name: 'Windows 10', os.arch: 'amd64', os.version: '10.0', java.version: '1.8.0_181'
Driver info: driver.version: unknown
	at org.openqa.selenium.support.ui.Select.selectByVisibleText(Select.java:147)
	at com.kms.katalon.core.webui.common.WebUiCommonHelper.selectOrDeselectOptionsByLabel(WebUiCommonHelper.java:310)
	at com.kms.katalon.core.webui.keyword.builtin.SelectOptionByLabelKeyword$_selectOptionByLabel_closure1.doCall(SelectOptionByLabelKeyword.groovy:87)
	at com.kms.katalon.core.webui.keyword.builtin.SelectOptionByLabelKeyword$_selectOptionByLabel_closure1.call(SelectOptionByLabelKeyword.groovy)
	at com.kms.katalon.core.webui.keyword.internal.WebUIKeywordMain.runKeyword(WebUIKeywordMain.groovy:20)
	at com.kms.katalon.core.webui.keyword.builtin.SelectOptionByLabelKeyword.selectOptionByLabel(SelectOptionByLabelKeyword.groovy:98)
	at com.kms.katalon.core.webui.keyword.builtin.SelectOptionByLabelKeyword.execute(SelectOptionByLabelKeyword.groovy:71)
	at com.kms.katalon.core.keyword.internal.KeywordExecutor.executeKeywordForPlatform(KeywordExecutor.groovy:74)
	at com.kms.katalon.core.webui.keyword.WebUiBuiltInKeywords.selectOptionByLabel(WebUiBuiltInKeywords.groovy:1230)
	at com.kms.katalon.core.webui.keyword.WebUiBuiltInKeywords$selectOptionByLabel$6.call(Unknown Source)
	at Script1634674829687.run(Script1634674829687.groovy:317)
	... 13 more
)

2021-11-19 11:46:25 - [MESSAGE][INFO] - Unable to find the element located by 'By.xpath: //*[@name = 'cardExpMonth' and @alt = 'Expiration Date' and (text() = '
									MM
										
									01
						
									02
						
									03
						
									04
						
									05
						
									06
						
									07
						
									08
						
									09
						
									10
						
									11
						
									12
						
								' or . = '
									MM
										
									01
						
									02
						
									03
						
									04
						
									05
						
									06
						
									07
						
									08
						
									09
						
									10
						
									11
						
									12
						
								')]'. Please recheck the objects properties to make sure the desired element is located. 

2021-11-19 11:46:25 - [MESSAGE][WARNING] - [SELF-HEALING] Failed to find element with id 'Object Repository/RAD_Pages/PaymentEntry_Page/select_MM'. Try using Self-healing.

2021-11-19 11:46:25 - [MESSAGE][WARNING] - [SELF-HEALING] The current locator of test object 'Object Repository/RAD_Pages/PaymentEntry_Page/select_MM' was broken. Propose an alternative one: '//select'.

2021-11-19 11:46:26 - [MESSAGE][FAILED] - Unable to select option by label '12' of object 'Object Repository/RAD_Pages/PaymentEntry_Page/select_MM'  (Root cause: com.kms.katalon.core.exception.StepFailedException: Unable to select option by label '12' of object 'Object Repository/RAD_Pages/PaymentEntry_Page/select_MM' 
	at com.kms.katalon.core.webui.keyword.internal.WebUIKeywordMain.stepFailed(WebUIKeywordMain.groovy:64)
	at com.kms.katalon.core.webui.keyword.internal.WebUIKeywordMain.runKeyword(WebUIKeywordMain.groovy:26)
	at com.kms.katalon.core.webui.keyword.builtin.SelectOptionByLabelKeyword.selectOptionByLabel(SelectOptionByLabelKeyword.groovy:98)
	at com.kms.katalon.core.webui.keyword.builtin.SelectOptionByLabelKeyword.execute(SelectOptionByLabelKeyword.groovy:71)
	at com.kms.katalon.core.keyword.internal.KeywordExecutor.executeKeywordForPlatform(KeywordExecutor.groovy:74)
	at com.kms.katalon.core.webui.keyword.WebUiBuiltInKeywords.selectOptionByLabel(WebUiBuiltInKeywords.groovy:1230)
	at com.kms.katalon.core.webui.keyword.WebUiBuiltInKeywords$selectOptionByLabel$6.call(Unknown Source)
	at Payments_HC_TC.run(Payments_HC_TC:317)
	at com.kms.katalon.core.main.ScriptEngine.run(ScriptEngine.java:194)
	at com.kms.katalon.core.main.ScriptEngine.runScriptAsRawText(ScriptEngine.java:119)
	at com.kms.katalon.core.main.TestCaseExecutor.runScript(TestCaseExecutor.java:430)
	at com.kms.katalon.core.main.TestCaseExecutor.doExecute(TestCaseExecutor.java:421)
	at com.kms.katalon.core.main.TestCaseExecutor.processExecutionPhase(TestCaseExecutor.java:400)
	at com.kms.katalon.core.main.TestCaseExecutor.accessMainPhase(TestCaseExecutor.java:392)
	at com.kms.katalon.core.main.TestCaseExecutor.execute(TestCaseExecutor.java:273)
	at com.kms.katalon.core.main.TestSuiteExecutor.accessTestCaseMainPhase(TestSuiteExecutor.java:202)
	at com.kms.katalon.core.main.TestSuiteExecutor.accessTestSuiteMainPhase(TestSuiteExecutor.java:164)
	at com.kms.katalon.core.main.TestSuiteExecutor.execute(TestSuiteExecutor.java:105)
	at com.kms.katalon.core.main.TestCaseMain.startTestSuite(TestCaseMain.java:185)
	at com.kms.katalon.core.main.TestCaseMain$startTestSuite$0.call(Unknown Source)
	at TempTestSuite1637335687322.run(TempTestSuite1637335687322.groovy:36)
Caused by: org.openqa.selenium.NoSuchElementException: Cannot locate element with text: 12
For documentation on this error, please visit: https://www.seleniumhq.org/exceptions/no_such_element.html
Build info: version: '3.141.59', revision: 'e82be7d358', time: '2018-11-14T08:25:53'
System info: host: 'DESKTOP-B2QI6NS', ip: '172.30.2.167', os.name: 'Windows 10', os.arch: 'amd64', os.version: '10.0', java.version: '1.8.0_181'
Driver info: driver.version: unknown
	at org.openqa.selenium.support.ui.Select.selectByVisibleText(Select.java:147)
	at com.kms.katalon.core.webui.common.WebUiCommonHelper.selectOrDeselectOptionsByLabel(WebUiCommonHelper.java:310)
	at com.kms.katalon.core.webui.keyword.builtin.SelectOptionByLabelKeyword$_selectOptionByLabel_closure1.doCall(SelectOptionByLabelKeyword.groovy:87)
	at com.kms.katalon.core.webui.keyword.builtin.SelectOptionByLabelKeyword$_selectOptionByLabel_closure1.call(SelectOptionByLabelKeyword.groovy)
	at com.kms.katalon.core.webui.keyword.internal.WebUIKeywordMain.runKeyword(WebUIKeywordMain.groovy:20)
	at com.kms.katalon.core.webui.keyword.builtin.SelectOptionByLabelKeyword.selectOptionByLabel(SelectOptionByLabelKeyword.groovy:98)
	at com.kms.katalon.core.webui.keyword.builtin.SelectOptionByLabelKeyword.execute(SelectOptionByLabelKeyword.groovy:71)
	at com.kms.katalon.core.keyword.internal.KeywordExecutor.executeKeywordForPlatform(KeywordExecutor.groovy:74)
	at com.kms.katalon.core.webui.keyword.WebUiBuiltInKeywords.selectOptionByLabel(WebUiBuiltInKeywords.groovy:1230)
	at com.kms.katalon.core.webui.keyword.WebUiBuiltInKeywords$selectOptionByLabel$6.call(Unknown Source)
	at Script1634674829687.run(Script1634674829687.groovy:317)
	... 13 more
)
[[ATTACHMENT|E:\\Cloned-Project-Katalon\\VPS-Katalon\\Reports\\20211119_102807\\RAD_TestSuite\\RAD_UI_TestSuite\\20211119_102807\\1637340386274.png]]

2021-11-19 11:46:26 - [TEST_STEP][FAILED] - selectOptionByLabel(findTestObject(orPath_PaymentEntry + "/select_YYYY"), "2023", false): Unable to select option by label '2023' of object 'Object Repository/RAD_Pages/PaymentEntry_Page/select_YYYY'  (Root cause: com.kms.katalon.core.exception.StepFailedException: Unable to select option by label '2023' of object 'Object Repository/RAD_Pages/PaymentEntry_Page/select_YYYY' 
	at com.kms.katalon.core.webui.keyword.internal.WebUIKeywordMain.stepFailed(WebUIKeywordMain.groovy:64)
	at com.kms.katalon.core.webui.keyword.internal.WebUIKeywordMain.runKeyword(WebUIKeywordMain.groovy:26)
	at com.kms.katalon.core.webui.keyword.builtin.SelectOptionByLabelKeyword.selectOptionByLabel(SelectOptionByLabelKeyword.groovy:98)
	at com.kms.katalon.core.webui.keyword.builtin.SelectOptionByLabelKeyword.execute(SelectOptionByLabelKeyword.groovy:71)
	at com.kms.katalon.core.keyword.internal.KeywordExecutor.executeKeywordForPlatform(KeywordExecutor.groovy:74)
	at com.kms.katalon.core.webui.keyword.WebUiBuiltInKeywords.selectOptionByLabel(WebUiBuiltInKeywords.groovy:1230)
	at com.kms.katalon.core.webui.keyword.WebUiBuiltInKeywords$selectOptionByLabel$6.call(Unknown Source)
	at Payments_HC_TC.run(Payments_HC_TC:318)
	at com.kms.katalon.core.main.ScriptEngine.run(ScriptEngine.java:194)
	at com.kms.katalon.core.main.ScriptEngine.runScriptAsRawText(ScriptEngine.java:119)
	at com.kms.katalon.core.main.TestCaseExecutor.runScript(TestCaseExecutor.java:430)
	at com.kms.katalon.core.main.TestCaseExecutor.doExecute(TestCaseExecutor.java:421)
	at com.kms.katalon.core.main.TestCaseExecutor.processExecutionPhase(TestCaseExecutor.java:400)
	at com.kms.katalon.core.main.TestCaseExecutor.accessMainPhase(TestCaseExecutor.java:392)
	at com.kms.katalon.core.main.TestCaseExecutor.execute(TestCaseExecutor.java:273)
	at com.kms.katalon.core.main.TestSuiteExecutor.accessTestCaseMainPhase(TestSuiteExecutor.java:202)
	at com.kms.katalon.core.main.TestSuiteExecutor.accessTestSuiteMainPhase(TestSuiteExecutor.java:164)
	at com.kms.katalon.core.main.TestSuiteExecutor.execute(TestSuiteExecutor.java:105)
	at com.kms.katalon.core.main.TestCaseMain.startTestSuite(TestCaseMain.java:185)
	at com.kms.katalon.core.main.TestCaseMain$startTestSuite$0.call(Unknown Source)
	at TempTestSuite1637335687322.run(TempTestSuite1637335687322.groovy:36)
Caused by: com.kms.katalon.core.webui.exception.WebElementNotFoundException: Web element with id: 'Object Repository/RAD_Pages/PaymentEntry_Page/select_YYYY' located by '//*[@name = 'cardExpYear' and @alt = 'Expiration Date' and (text() = '
									YYYY
						
									2021
						
									2022
						
									2023
						
									2024
						
									2025
						
									2026
						
									2027
						
									2028
						
									2029
						
									2030
						
									2031
						
									2032
						
									2033
						
									2034
						
									2035
						
									2036
						
								' or . = '
									YYYY
						
									2021
						
									2022
						
									2023
						
									2024
						
									2025
						
									2026
						
									2027
						
									2028
						
									2029
						
									2030
						
									2031
						
									2032
						
									2033
						
									2034
						
									2035
						
									2036
						
								')]' not found
	at com.kms.katalon.core.webui.common.WebUiCommonHelper.findWebElement(WebUiCommonHelper.java:1368)
	at com.kms.katalon.core.webui.keyword.internal.WebUIAbstractKeyword.findWebElement(WebUIAbstractKeyword.groovy:27)
	at com.kms.katalon.core.webui.keyword.internal.WebUIAbstractKeyword.findWebElement(WebUIAbstractKeyword.groovy:26)
	at com.kms.katalon.core.webui.keyword.builtin.SelectOptionByLabelKeyword$_selectOptionByLabel_closure1.doCall(SelectOptionByLabelKeyword.groovy:86)
	at com.kms.katalon.core.webui.keyword.builtin.SelectOptionByLabelKeyword$_selectOptionByLabel_closure1.call(SelectOptionByLabelKeyword.groovy)
	at com.kms.katalon.core.webui.keyword.internal.WebUIKeywordMain.runKeyword(WebUIKeywordMain.groovy:20)
	at com.kms.katalon.core.webui.keyword.builtin.SelectOptionByLabelKeyword.selectOptionByLabel(SelectOptionByLabelKeyword.groovy:98)
	at com.kms.katalon.core.webui.keyword.builtin.SelectOptionByLabelKeyword.execute(SelectOptionByLabelKeyword.groovy:71)
	at com.kms.katalon.core.keyword.internal.KeywordExecutor.executeKeywordForPlatform(KeywordExecutor.groovy:74)
	at com.kms.katalon.core.webui.keyword.WebUiBuiltInKeywords.selectOptionByLabel(WebUiBuiltInKeywords.groovy:1230)
	at com.kms.katalon.core.webui.keyword.WebUiBuiltInKeywords$selectOptionByLabel$6.call(Unknown Source)
	at Script1634674829687.run(Script1634674829687.groovy:318)
	... 13 more
)

2021-11-19 11:46:57 - [MESSAGE][INFO] - Unable to find the element located by 'By.xpath: //*[@name = 'cardExpYear' and @alt = 'Expiration Date' and (text() = '
									YYYY
						
									2021
						
									2022
						
									2023
						
									2024
						
									2025
						
									2026
						
									2027
						
									2028
						
									2029
						
									2030
						
									2031
						
									2032
						
									2033
						
									2034
						
									2035
						
									2036
						
								' or . = '
									YYYY
						
									2021
						
									2022
						
									2023
						
									2024
						
									2025
						
									2026
						
									2027
						
									2028
						
									2029
						
									2030
						
									2031
						
									2032
						
									2033
						
									2034
						
									2035
						
									2036
						
								')]'. Please recheck the objects properties to make sure the desired element is located. 

2021-11-19 11:46:57 - [MESSAGE][WARNING] - [SELF-HEALING] Failed to find element with id 'Object Repository/RAD_Pages/PaymentEntry_Page/select_YYYY'. Try using Self-healing.

2021-11-19 11:46:58 - [MESSAGE][INFO] - Unable to find the element located by 'By.xpath: //select[@name='cardExpYear']'. Please recheck the objects properties to make sure the desired element is located. 

2021-11-19 11:46:59 - [MESSAGE][INFO] - [SELF-HEALING] Failed Locator: '//select[@name='cardExpYear']'.

2021-11-19 11:46:59 - [MESSAGE][INFO] - [SELF-HEALING] Failed Locator: '//div[@id='expDate']/div[2]/select'.

2021-11-19 11:46:59 - [MESSAGE][INFO] - [SELF-HEALING] Failed Locator: '(.//*[normalize-space(text()) and normalize-space(.)='*'])[4]/following::select[2]'.

2021-11-19 11:46:59 - [MESSAGE][INFO] - [SELF-HEALING] Failed Locator: '(.//*[normalize-space(text()) and normalize-space(.)='*'])[5]/preceding::select[1]'.

2021-11-19 11:47:00 - [MESSAGE][INFO] - [SELF-HEALING] Failed Locator: '//div[2]/select'.

2021-11-19 11:47:01 - [MESSAGE][INFO] - Unable to find the element located by 'By.cssSelector: select[name="cardExpYear"]'. Please recheck the objects properties to make sure the desired element is located. 

2021-11-19 11:47:01 - [MESSAGE][FAILED] - Unable to select option by label '2023' of object 'Object Repository/RAD_Pages/PaymentEntry_Page/select_YYYY'  (Root cause: com.kms.katalon.core.exception.StepFailedException: Unable to select option by label '2023' of object 'Object Repository/RAD_Pages/PaymentEntry_Page/select_YYYY' 
	at com.kms.katalon.core.webui.keyword.internal.WebUIKeywordMain.stepFailed(WebUIKeywordMain.groovy:64)
	at com.kms.katalon.core.webui.keyword.internal.WebUIKeywordMain.runKeyword(WebUIKeywordMain.groovy:26)
	at com.kms.katalon.core.webui.keyword.builtin.SelectOptionByLabelKeyword.selectOptionByLabel(SelectOptionByLabelKeyword.groovy:98)
	at com.kms.katalon.core.webui.keyword.builtin.SelectOptionByLabelKeyword.execute(SelectOptionByLabelKeyword.groovy:71)
	at com.kms.katalon.core.keyword.internal.KeywordExecutor.executeKeywordForPlatform(KeywordExecutor.groovy:74)
	at com.kms.katalon.core.webui.keyword.WebUiBuiltInKeywords.selectOptionByLabel(WebUiBuiltInKeywords.groovy:1230)
	at com.kms.katalon.core.webui.keyword.WebUiBuiltInKeywords$selectOptionByLabel$6.call(Unknown Source)
	at Payments_HC_TC.run(Payments_HC_TC:318)
	at com.kms.katalon.core.main.ScriptEngine.run(ScriptEngine.java:194)
	at com.kms.katalon.core.main.ScriptEngine.runScriptAsRawText(ScriptEngine.java:119)
	at com.kms.katalon.core.main.TestCaseExecutor.runScript(TestCaseExecutor.java:430)
	at com.kms.katalon.core.main.TestCaseExecutor.doExecute(TestCaseExecutor.java:421)
	at com.kms.katalon.core.main.TestCaseExecutor.processExecutionPhase(TestCaseExecutor.java:400)
	at com.kms.katalon.core.main.TestCaseExecutor.accessMainPhase(TestCaseExecutor.java:392)
	at com.kms.katalon.core.main.TestCaseExecutor.execute(TestCaseExecutor.java:273)
	at com.kms.katalon.core.main.TestSuiteExecutor.accessTestCaseMainPhase(TestSuiteExecutor.java:202)
	at com.kms.katalon.core.main.TestSuiteExecutor.accessTestSuiteMainPhase(TestSuiteExecutor.java:164)
	at com.kms.katalon.core.main.TestSuiteExecutor.execute(TestSuiteExecutor.java:105)
	at com.kms.katalon.core.main.TestCaseMain.startTestSuite(TestCaseMain.java:185)
	at com.kms.katalon.core.main.TestCaseMain$startTestSuite$0.call(Unknown Source)
	at TempTestSuite1637335687322.run(TempTestSuite1637335687322.groovy:36)
Caused by: com.kms.katalon.core.webui.exception.WebElementNotFoundException: Web element with id: 'Object Repository/RAD_Pages/PaymentEntry_Page/select_YYYY' located by '//*[@name = 'cardExpYear' and @alt = 'Expiration Date' and (text() = '
									YYYY
						
									2021
						
									2022
						
									2023
						
									2024
						
									2025
						
									2026
						
									2027
						
									2028
						
									2029
						
									2030
						
									2031
						
									2032
						
									2033
						
									2034
						
									2035
						
									2036
						
								' or . = '
									YYYY
						
									2021
						
									2022
						
									2023
						
									2024
						
									2025
						
									2026
						
									2027
						
									2028
						
									2029
						
									2030
						
									2031
						
									2032
						
									2033
						
									2034
						
									2035
						
									2036
						
								')]' not found
	at com.kms.katalon.core.webui.common.WebUiCommonHelper.findWebElement(WebUiCommonHelper.java:1368)
	at com.kms.katalon.core.webui.keyword.internal.WebUIAbstractKeyword.findWebElement(WebUIAbstractKeyword.groovy:27)
	at com.kms.katalon.core.webui.keyword.internal.WebUIAbstractKeyword.findWebElement(WebUIAbstractKeyword.groovy:26)
	at com.kms.katalon.core.webui.keyword.builtin.SelectOptionByLabelKeyword$_selectOptionByLabel_closure1.doCall(SelectOptionByLabelKeyword.groovy:86)
	at com.kms.katalon.core.webui.keyword.builtin.SelectOptionByLabelKeyword$_selectOptionByLabel_closure1.call(SelectOptionByLabelKeyword.groovy)
	at com.kms.katalon.core.webui.keyword.internal.WebUIKeywordMain.runKeyword(WebUIKeywordMain.groovy:20)
	at com.kms.katalon.core.webui.keyword.builtin.SelectOptionByLabelKeyword.selectOptionByLabel(SelectOptionByLabelKeyword.groovy:98)
	at com.kms.katalon.core.webui.keyword.builtin.SelectOptionByLabelKeyword.execute(SelectOptionByLabelKeyword.groovy:71)
	at com.kms.katalon.core.keyword.internal.KeywordExecutor.executeKeywordForPlatform(KeywordExecutor.groovy:74)
	at com.kms.katalon.core.webui.keyword.WebUiBuiltInKeywords.selectOptionByLabel(WebUiBuiltInKeywords.groovy:1230)
	at com.kms.katalon.core.webui.keyword.WebUiBuiltInKeywords$selectOptionByLabel$6.call(Unknown Source)
	at Script1634674829687.run(Script1634674829687.groovy:318)
	... 13 more
)
[[ATTACHMENT|E:\\Cloned-Project-Katalon\\VPS-Katalon\\Reports\\20211119_102807\\RAD_TestSuite\\RAD_UI_TestSuite\\20211119_102807\\1637340421211.png]]

2021-11-19 11:47:01 - [TEST_STEP][FAILED] - click(findTestObject(orPath_PaymentEntry + "/input_Field_ccSubmit")): Unable to click on object 'Object Repository/RAD_Pages/PaymentEntry_Page/input_Field_ccSubmit' (Root cause: com.kms.katalon.core.exception.StepFailedException: Unable to click on object 'Object Repository/RAD_Pages/PaymentEntry_Page/input_Field_ccSubmit'
	at com.kms.katalon.core.webui.keyword.internal.WebUIKeywordMain.stepFailed(WebUIKeywordMain.groovy:64)
	at com.kms.katalon.core.webui.keyword.internal.WebUIKeywordMain.runKeyword(WebUIKeywordMain.groovy:26)
	at com.kms.katalon.core.webui.keyword.builtin.ClickKeyword.click(ClickKeyword.groovy:75)
	at com.kms.katalon.core.webui.keyword.builtin.ClickKeyword.execute(ClickKeyword.groovy:42)
	at com.kms.katalon.core.keyword.internal.KeywordExecutor.executeKeywordForPlatform(KeywordExecutor.groovy:74)
	at com.kms.katalon.core.webui.keyword.WebUiBuiltInKeywords.click(WebUiBuiltInKeywords.groovy:620)
	at com.kms.katalon.core.webui.keyword.WebUiBuiltInKeywords$click$10.call(Unknown Source)
	at Payments_HC_TC.run(Payments_HC_TC:319)
	at com.kms.katalon.core.main.ScriptEngine.run(ScriptEngine.java:194)
	at com.kms.katalon.core.main.ScriptEngine.runScriptAsRawText(ScriptEngine.java:119)
	at com.kms.katalon.core.main.TestCaseExecutor.runScript(TestCaseExecutor.java:430)
	at com.kms.katalon.core.main.TestCaseExecutor.doExecute(TestCaseExecutor.java:421)
	at com.kms.katalon.core.main.TestCaseExecutor.processExecutionPhase(TestCaseExecutor.java:400)
	at com.kms.katalon.core.main.TestCaseExecutor.accessMainPhase(TestCaseExecutor.java:392)
	at com.kms.katalon.core.main.TestCaseExecutor.execute(TestCaseExecutor.java:273)
	at com.kms.katalon.core.main.TestSuiteExecutor.accessTestCaseMainPhase(TestSuiteExecutor.java:202)
	at com.kms.katalon.core.main.TestSuiteExecutor.accessTestSuiteMainPhase(TestSuiteExecutor.java:164)
	at com.kms.katalon.core.main.TestSuiteExecutor.execute(TestSuiteExecutor.java:105)
	at com.kms.katalon.core.main.TestCaseMain.startTestSuite(TestCaseMain.java:185)
	at com.kms.katalon.core.main.TestCaseMain$startTestSuite$0.call(Unknown Source)
	at TempTestSuite1637335687322.run(TempTestSuite1637335687322.groovy:36)
Caused by: com.kms.katalon.core.webui.exception.WebElementNotFoundException: Web element with id: 'Object Repository/RAD_Pages/PaymentEntry_Page/input_Field_ccSubmit' located by '//*[@type = 'submit' and @name = 'ccSubmit']' not found
	at com.kms.katalon.core.webui.common.WebUiCommonHelper.findWebElement(WebUiCommonHelper.java:1368)
	at com.kms.katalon.core.webui.keyword.internal.WebUIAbstractKeyword.findWebElement(WebUIAbstractKeyword.groovy:27)
	at com.kms.katalon.core.webui.keyword.internal.WebUIAbstractKeyword.findWebElement(WebUIAbstractKeyword.groovy:26)
	at com.kms.katalon.core.webui.keyword.builtin.ClickKeyword$_click_closure1.doCall(ClickKeyword.groovy:66)
	at com.kms.katalon.core.webui.keyword.builtin.ClickKeyword$_click_closure1.call(ClickKeyword.groovy)
	at com.kms.katalon.core.webui.keyword.internal.WebUIKeywordMain.runKeyword(WebUIKeywordMain.groovy:20)
	at com.kms.katalon.core.webui.keyword.builtin.ClickKeyword.click(ClickKeyword.groovy:75)
	at com.kms.katalon.core.webui.keyword.builtin.ClickKeyword.execute(ClickKeyword.groovy:42)
	at com.kms.katalon.core.keyword.internal.KeywordExecutor.executeKeywordForPlatform(KeywordExecutor.groovy:74)
	at com.kms.katalon.core.webui.keyword.WebUiBuiltInKeywords.click(WebUiBuiltInKeywords.groovy:620)
	at com.kms.katalon.core.webui.keyword.WebUiBuiltInKeywords$click$10.call(Unknown Source)
	at Script1634674829687.run(Script1634674829687.groovy:319)
	... 13 more
)

2021-11-19 11:47:32 - [MESSAGE][INFO] - Unable to find the element located by 'By.xpath: //*[@type = 'submit' and @name = 'ccSubmit']'. Please recheck the objects properties to make sure the desired element is located. 

2021-11-19 11:47:32 - [MESSAGE][WARNING] - [SELF-HEALING] Failed to find element with id 'Object Repository/RAD_Pages/PaymentEntry_Page/input_Field_ccSubmit'. Try using Self-healing.

2021-11-19 11:47:33 - [MESSAGE][INFO] - Unable to find the element located by 'By.xpath: //input[@name='ccSubmit']'. Please recheck the objects properties to make sure the desired element is located. 

2021-11-19 11:47:34 - [MESSAGE][INFO] - [SELF-HEALING] Failed Locator: '//input[@name='ccSubmit']'.

2021-11-19 11:47:34 - [MESSAGE][INFO] - [SELF-HEALING] Failed Locator: '//form[@id='process']/table/tbody/tr/td[2]/div/div/input'.

2021-11-19 11:47:34 - [MESSAGE][INFO] - [SELF-HEALING] Failed Locator: '//td[2]/div/div/input'.

2021-11-19 11:47:34 - [MESSAGE][INFO] - [SELF-HEALING] Failed Locator: '//input[@name='ccSubmit']'.

2021-11-19 11:47:35 - [MESSAGE][INFO] - [SELF-HEALING] Failed Locator: '//form[@id='process']/table/tbody/tr/td[2]/div/div/input'.

2021-11-19 11:47:35 - [MESSAGE][INFO] - [SELF-HEALING] Failed Locator: '//td[2]/div/div/input'.

2021-11-19 11:47:36 - [MESSAGE][INFO] - Unable to find the element located by 'By.cssSelector: input[name="ccSubmit"]'. Please recheck the objects properties to make sure the desired element is located. 

2021-11-19 11:47:36 - [MESSAGE][FAILED] - Unable to click on object 'Object Repository/RAD_Pages/PaymentEntry_Page/input_Field_ccSubmit' (Root cause: com.kms.katalon.core.exception.StepFailedException: Unable to click on object 'Object Repository/RAD_Pages/PaymentEntry_Page/input_Field_ccSubmit'
	at com.kms.katalon.core.webui.keyword.internal.WebUIKeywordMain.stepFailed(WebUIKeywordMain.groovy:64)
	at com.kms.katalon.core.webui.keyword.internal.WebUIKeywordMain.runKeyword(WebUIKeywordMain.groovy:26)
	at com.kms.katalon.core.webui.keyword.builtin.ClickKeyword.click(ClickKeyword.groovy:75)
	at com.kms.katalon.core.webui.keyword.builtin.ClickKeyword.execute(ClickKeyword.groovy:42)
	at com.kms.katalon.core.keyword.internal.KeywordExecutor.executeKeywordForPlatform(KeywordExecutor.groovy:74)
	at com.kms.katalon.core.webui.keyword.WebUiBuiltInKeywords.click(WebUiBuiltInKeywords.groovy:620)
	at com.kms.katalon.core.webui.keyword.WebUiBuiltInKeywords$click$10.call(Unknown Source)
	at Payments_HC_TC.run(Payments_HC_TC:319)
	at com.kms.katalon.core.main.ScriptEngine.run(ScriptEngine.java:194)
	at com.kms.katalon.core.main.ScriptEngine.runScriptAsRawText(ScriptEngine.java:119)
	at com.kms.katalon.core.main.TestCaseExecutor.runScript(TestCaseExecutor.java:430)
	at com.kms.katalon.core.main.TestCaseExecutor.doExecute(TestCaseExecutor.java:421)
	at com.kms.katalon.core.main.TestCaseExecutor.processExecutionPhase(TestCaseExecutor.java:400)
	at com.kms.katalon.core.main.TestCaseExecutor.accessMainPhase(TestCaseExecutor.java:392)
	at com.kms.katalon.core.main.TestCaseExecutor.execute(TestCaseExecutor.java:273)
	at com.kms.katalon.core.main.TestSuiteExecutor.accessTestCaseMainPhase(TestSuiteExecutor.java:202)
	at com.kms.katalon.core.main.TestSuiteExecutor.accessTestSuiteMainPhase(TestSuiteExecutor.java:164)
	at com.kms.katalon.core.main.TestSuiteExecutor.execute(TestSuiteExecutor.java:105)
	at com.kms.katalon.core.main.TestCaseMain.startTestSuite(TestCaseMain.java:185)
	at com.kms.katalon.core.main.TestCaseMain$startTestSuite$0.call(Unknown Source)
	at TempTestSuite1637335687322.run(TempTestSuite1637335687322.groovy:36)
Caused by: com.kms.katalon.core.webui.exception.WebElementNotFoundException: Web element with id: 'Object Repository/RAD_Pages/PaymentEntry_Page/input_Field_ccSubmit' located by '//*[@type = 'submit' and @name = 'ccSubmit']' not found
	at com.kms.katalon.core.webui.common.WebUiCommonHelper.findWebElement(WebUiCommonHelper.java:1368)
	at com.kms.katalon.core.webui.keyword.internal.WebUIAbstractKeyword.findWebElement(WebUIAbstractKeyword.groovy:27)
	at com.kms.katalon.core.webui.keyword.internal.WebUIAbstractKeyword.findWebElement(WebUIAbstractKeyword.groovy:26)
	at com.kms.katalon.core.webui.keyword.builtin.ClickKeyword$_click_closure1.doCall(ClickKeyword.groovy:66)
	at com.kms.katalon.core.webui.keyword.builtin.ClickKeyword$_click_closure1.call(ClickKeyword.groovy)
	at com.kms.katalon.core.webui.keyword.internal.WebUIKeywordMain.runKeyword(WebUIKeywordMain.groovy:20)
	at com.kms.katalon.core.webui.keyword.builtin.ClickKeyword.click(ClickKeyword.groovy:75)
	at com.kms.katalon.core.webui.keyword.builtin.ClickKeyword.execute(ClickKeyword.groovy:42)
	at com.kms.katalon.core.keyword.internal.KeywordExecutor.executeKeywordForPlatform(KeywordExecutor.groovy:74)
	at com.kms.katalon.core.webui.keyword.WebUiBuiltInKeywords.click(WebUiBuiltInKeywords.groovy:620)
	at com.kms.katalon.core.webui.keyword.WebUiBuiltInKeywords$click$10.call(Unknown Source)
	at Script1634674829687.run(Script1634674829687.groovy:319)
	... 13 more
)
[[ATTACHMENT|E:\\Cloned-Project-Katalon\\VPS-Katalon\\Reports\\20211119_102807\\RAD_TestSuite\\RAD_UI_TestSuite\\20211119_102807\\1637340456424.png]]

2021-11-19 11:47:36 - [TEST_STEP][FAILED] - click(findTestObject(orPath_PaymentConfirmation + "/input_N_confirmNotifyAction")): Unable to click on object 'Object Repository/RAD_Pages/PaymentConfirmation_Page/input_N_confirmNotifyAction' (Root cause: com.kms.katalon.core.exception.StepFailedException: Unable to click on object 'Object Repository/RAD_Pages/PaymentConfirmation_Page/input_N_confirmNotifyAction'
	at com.kms.katalon.core.webui.keyword.internal.WebUIKeywordMain.stepFailed(WebUIKeywordMain.groovy:64)
	at com.kms.katalon.core.webui.keyword.internal.WebUIKeywordMain.runKeyword(WebUIKeywordMain.groovy:26)
	at com.kms.katalon.core.webui.keyword.builtin.ClickKeyword.click(ClickKeyword.groovy:75)
	at com.kms.katalon.core.webui.keyword.builtin.ClickKeyword.execute(ClickKeyword.groovy:42)
	at com.kms.katalon.core.keyword.internal.KeywordExecutor.executeKeywordForPlatform(KeywordExecutor.groovy:74)
	at com.kms.katalon.core.webui.keyword.WebUiBuiltInKeywords.click(WebUiBuiltInKeywords.groovy:620)
	at com.kms.katalon.core.webui.keyword.WebUiBuiltInKeywords$click$10.call(Unknown Source)
	at Payments_HC_TC.run(Payments_HC_TC:324)
	at com.kms.katalon.core.main.ScriptEngine.run(ScriptEngine.java:194)
	at com.kms.katalon.core.main.ScriptEngine.runScriptAsRawText(ScriptEngine.java:119)
	at com.kms.katalon.core.main.TestCaseExecutor.runScript(TestCaseExecutor.java:430)
	at com.kms.katalon.core.main.TestCaseExecutor.doExecute(TestCaseExecutor.java:421)
	at com.kms.katalon.core.main.TestCaseExecutor.processExecutionPhase(TestCaseExecutor.java:400)
	at com.kms.katalon.core.main.TestCaseExecutor.accessMainPhase(TestCaseExecutor.java:392)
	at com.kms.katalon.core.main.TestCaseExecutor.execute(TestCaseExecutor.java:273)
	at com.kms.katalon.core.main.TestSuiteExecutor.accessTestCaseMainPhase(TestSuiteExecutor.java:202)
	at com.kms.katalon.core.main.TestSuiteExecutor.accessTestSuiteMainPhase(TestSuiteExecutor.java:164)
	at com.kms.katalon.core.main.TestSuiteExecutor.execute(TestSuiteExecutor.java:105)
	at com.kms.katalon.core.main.TestCaseMain.startTestSuite(TestCaseMain.java:185)
	at com.kms.katalon.core.main.TestCaseMain$startTestSuite$0.call(Unknown Source)
	at TempTestSuite1637335687322.run(TempTestSuite1637335687322.groovy:36)
Caused by: org.openqa.selenium.ElementNotInteractableException: element not interactable
  (Session info: chrome=96.0.4664.45)
Build info: version: '3.141.59', revision: 'e82be7d358', time: '2018-11-14T08:25:53'
System info: host: 'DESKTOP-B2QI6NS', ip: '172.30.2.167', os.name: 'Windows 10', os.arch: 'amd64', os.version: '10.0', java.version: '1.8.0_181'
Driver info: com.kms.katalon.selenium.driver.CChromeDriver
Capabilities {acceptInsecureCerts: true, browserName: chrome, browserVersion: 96.0.4664.45, chrome: {chromedriverVersion: 95.0.4638.54 (d31a821ec901f..., userDataDir: C:\Users\iahmed\AppData\Loc...}, goog:chromeOptions: {debuggerAddress: localhost:54716}, javascriptEnabled: true, networkConnectionEnabled: false, pageLoadStrategy: normal, platform: WINDOWS, platformName: WINDOWS, proxy: Proxy(), setWindowRect: true, strictFileInteractability: false, timeouts: {implicit: 0, pageLoad: 300000, script: 30000}, unhandledPromptBehavior: dismiss and notify, webauthn:extension:credBlob: true, webauthn:extension:largeBlob: true, webauthn:virtualAuthenticators: true}
Session ID: d26dd06069f7091b3c701e1aa6e098c3
	at org.openqa.selenium.remote.http.W3CHttpResponseCodec.createException(W3CHttpResponseCodec.java:187)
	at org.openqa.selenium.remote.http.W3CHttpResponseCodec.decode(W3CHttpResponseCodec.java:122)
	at org.openqa.selenium.remote.http.W3CHttpResponseCodec.decode(W3CHttpResponseCodec.java:49)
	at org.openqa.selenium.remote.HttpCommandExecutor.execute(HttpCommandExecutor.java:158)
	at org.openqa.selenium.remote.service.DriverCommandExecutor.execute(DriverCommandExecutor.java:83)
	at org.openqa.selenium.remote.RemoteWebDriver.execute(RemoteWebDriver.java:552)
	at com.kms.katalon.selenium.driver.CChromeDriver.execute(CChromeDriver.java:19)
	at org.openqa.selenium.remote.RemoteWebElement.execute(RemoteWebElement.java:285)
	at org.openqa.selenium.remote.RemoteWebElement.click(RemoteWebElement.java:84)
	at org.openqa.selenium.support.events.EventFiringWebDriver$EventFiringWebElement.lambda$new$0(EventFiringWebDriver.java:404)
	at com.sun.proxy.$Proxy11.click(Unknown Source)
	at org.openqa.selenium.support.events.EventFiringWebDriver$EventFiringWebElement.click(EventFiringWebDriver.java:417)
	at com.kms.katalon.core.webui.keyword.builtin.ClickKeyword$_click_closure1.doCall(ClickKeyword.groovy:68)
	at com.kms.katalon.core.webui.keyword.builtin.ClickKeyword$_click_closure1.call(ClickKeyword.groovy)
	at com.kms.katalon.core.webui.keyword.internal.WebUIKeywordMain.runKeyword(WebUIKeywordMain.groovy:20)
	at com.kms.katalon.core.webui.keyword.builtin.ClickKeyword.click(ClickKeyword.groovy:75)
	at com.kms.katalon.core.webui.keyword.builtin.ClickKeyword.execute(ClickKeyword.groovy:42)
	at com.kms.katalon.core.keyword.internal.KeywordExecutor.executeKeywordForPlatform(KeywordExecutor.groovy:74)
	at com.kms.katalon.core.webui.keyword.WebUiBuiltInKeywords.click(WebUiBuiltInKeywords.groovy:620)
	at com.kms.katalon.core.webui.keyword.WebUiBuiltInKeywords$click$10.call(Unknown Source)
	at Script1634674829687.run(Script1634674829687.groovy:324)
	... 13 more
)

2021-11-19 11:48:07 - [MESSAGE][INFO] - Unable to find the element located by 'By.xpath: //*[@type = 'submit' and @name = 'confirmNotifyAction']'. Please recheck the objects properties to make sure the desired element is located. 

2021-11-19 11:48:07 - [MESSAGE][WARNING] - [SELF-HEALING] Failed to find element with id 'Object Repository/RAD_Pages/PaymentConfirmation_Page/input_N_confirmNotifyAction'. Try using Self-healing.

2021-11-19 11:48:08 - [MESSAGE][WARNING] - [SELF-HEALING] The current locator of test object 'Object Repository/RAD_Pages/PaymentConfirmation_Page/input_N_confirmNotifyAction' was broken. Propose an alternative one: '//div[4]/div/input'.

2021-11-19 11:48:08 - [MESSAGE][FAILED] - Unable to click on object 'Object Repository/RAD_Pages/PaymentConfirmation_Page/input_N_confirmNotifyAction' (Root cause: com.kms.katalon.core.exception.StepFailedException: Unable to click on object 'Object Repository/RAD_Pages/PaymentConfirmation_Page/input_N_confirmNotifyAction'
	at com.kms.katalon.core.webui.keyword.internal.WebUIKeywordMain.stepFailed(WebUIKeywordMain.groovy:64)
	at com.kms.katalon.core.webui.keyword.internal.WebUIKeywordMain.runKeyword(WebUIKeywordMain.groovy:26)
	at com.kms.katalon.core.webui.keyword.builtin.ClickKeyword.click(ClickKeyword.groovy:75)
	at com.kms.katalon.core.webui.keyword.builtin.ClickKeyword.execute(ClickKeyword.groovy:42)
	at com.kms.katalon.core.keyword.internal.KeywordExecutor.executeKeywordForPlatform(KeywordExecutor.groovy:74)
	at com.kms.katalon.core.webui.keyword.WebUiBuiltInKeywords.click(WebUiBuiltInKeywords.groovy:620)
	at com.kms.katalon.core.webui.keyword.WebUiBuiltInKeywords$click$10.call(Unknown Source)
	at Payments_HC_TC.run(Payments_HC_TC:324)
	at com.kms.katalon.core.main.ScriptEngine.run(ScriptEngine.java:194)
	at com.kms.katalon.core.main.ScriptEngine.runScriptAsRawText(ScriptEngine.java:119)
	at com.kms.katalon.core.main.TestCaseExecutor.runScript(TestCaseExecutor.java:430)
	at com.kms.katalon.core.main.TestCaseExecutor.doExecute(TestCaseExecutor.java:421)
	at com.kms.katalon.core.main.TestCaseExecutor.processExecutionPhase(TestCaseExecutor.java:400)
	at com.kms.katalon.core.main.TestCaseExecutor.accessMainPhase(TestCaseExecutor.java:392)
	at com.kms.katalon.core.main.TestCaseExecutor.execute(TestCaseExecutor.java:273)
	at com.kms.katalon.core.main.TestSuiteExecutor.accessTestCaseMainPhase(TestSuiteExecutor.java:202)
	at com.kms.katalon.core.main.TestSuiteExecutor.accessTestSuiteMainPhase(TestSuiteExecutor.java:164)
	at com.kms.katalon.core.main.TestSuiteExecutor.execute(TestSuiteExecutor.java:105)
	at com.kms.katalon.core.main.TestCaseMain.startTestSuite(TestCaseMain.java:185)
	at com.kms.katalon.core.main.TestCaseMain$startTestSuite$0.call(Unknown Source)
	at TempTestSuite1637335687322.run(TempTestSuite1637335687322.groovy:36)
Caused by: org.openqa.selenium.ElementNotInteractableException: element not interactable
  (Session info: chrome=96.0.4664.45)
Build info: version: '3.141.59', revision: 'e82be7d358', time: '2018-11-14T08:25:53'
System info: host: 'DESKTOP-B2QI6NS', ip: '172.30.2.167', os.name: 'Windows 10', os.arch: 'amd64', os.version: '10.0', java.version: '1.8.0_181'
Driver info: com.kms.katalon.selenium.driver.CChromeDriver
Capabilities {acceptInsecureCerts: true, browserName: chrome, browserVersion: 96.0.4664.45, chrome: {chromedriverVersion: 95.0.4638.54 (d31a821ec901f..., userDataDir: C:\Users\iahmed\AppData\Loc...}, goog:chromeOptions: {debuggerAddress: localhost:54716}, javascriptEnabled: true, networkConnectionEnabled: false, pageLoadStrategy: normal, platform: WINDOWS, platformName: WINDOWS, proxy: Proxy(), setWindowRect: true, strictFileInteractability: false, timeouts: {implicit: 0, pageLoad: 300000, script: 30000}, unhandledPromptBehavior: dismiss and notify, webauthn:extension:credBlob: true, webauthn:extension:largeBlob: true, webauthn:virtualAuthenticators: true}
Session ID: d26dd06069f7091b3c701e1aa6e098c3
	at org.openqa.selenium.remote.http.W3CHttpResponseCodec.createException(W3CHttpResponseCodec.java:187)
	at org.openqa.selenium.remote.http.W3CHttpResponseCodec.decode(W3CHttpResponseCodec.java:122)
	at org.openqa.selenium.remote.http.W3CHttpResponseCodec.decode(W3CHttpResponseCodec.java:49)
	at org.openqa.selenium.remote.HttpCommandExecutor.execute(HttpCommandExecutor.java:158)
	at org.openqa.selenium.remote.service.DriverCommandExecutor.execute(DriverCommandExecutor.java:83)
	at org.openqa.selenium.remote.RemoteWebDriver.execute(RemoteWebDriver.java:552)
	at com.kms.katalon.selenium.driver.CChromeDriver.execute(CChromeDriver.java:19)
	at org.openqa.selenium.remote.RemoteWebElement.execute(RemoteWebElement.java:285)
	at org.openqa.selenium.remote.RemoteWebElement.click(RemoteWebElement.java:84)
	at org.openqa.selenium.support.events.EventFiringWebDriver$EventFiringWebElement.lambda$new$0(EventFiringWebDriver.java:404)
	at com.sun.proxy.$Proxy11.click(Unknown Source)
	at org.openqa.selenium.support.events.EventFiringWebDriver$EventFiringWebElement.click(EventFiringWebDriver.java:417)
	at com.kms.katalon.core.webui.keyword.builtin.ClickKeyword$_click_closure1.doCall(ClickKeyword.groovy:68)
	at com.kms.katalon.core.webui.keyword.builtin.ClickKeyword$_click_closure1.call(ClickKeyword.groovy)
	at com.kms.katalon.core.webui.keyword.internal.WebUIKeywordMain.runKeyword(WebUIKeywordMain.groovy:20)
	at com.kms.katalon.core.webui.keyword.builtin.ClickKeyword.click(ClickKeyword.groovy:75)
	at com.kms.katalon.core.webui.keyword.builtin.ClickKeyword.execute(ClickKeyword.groovy:42)
	at com.kms.katalon.core.keyword.internal.KeywordExecutor.executeKeywordForPlatform(KeywordExecutor.groovy:74)
	at com.kms.katalon.core.webui.keyword.WebUiBuiltInKeywords.click(WebUiBuiltInKeywords.groovy:620)
	at com.kms.katalon.core.webui.keyword.WebUiBuiltInKeywords$click$10.call(Unknown Source)
	at Script1634674829687.run(Script1634674829687.groovy:324)
	... 13 more
)
[[ATTACHMENT|E:\\Cloned-Project-Katalon\\VPS-Katalon\\Reports\\20211119_102807\\RAD_TestSuite\\RAD_UI_TestSuite\\20211119_102807\\1637340488095.png]]

2021-11-19 11:48:08 - [TEST_STEP][FAILED] - click(findTestObject(orPath_ServiceFeesAccept + "/input_convFeeNotifyAction")): Unable to click on object 'Object Repository/RAD_Pages/ServiceFeeAccept_Page/input_convFeeNotifyAction' (Root cause: com.kms.katalon.core.exception.StepFailedException: Unable to click on object 'Object Repository/RAD_Pages/ServiceFeeAccept_Page/input_convFeeNotifyAction'
	at com.kms.katalon.core.webui.keyword.internal.WebUIKeywordMain.stepFailed(WebUIKeywordMain.groovy:64)
	at com.kms.katalon.core.webui.keyword.internal.WebUIKeywordMain.runKeyword(WebUIKeywordMain.groovy:26)
	at com.kms.katalon.core.webui.keyword.builtin.ClickKeyword.click(ClickKeyword.groovy:75)
	at com.kms.katalon.core.webui.keyword.builtin.ClickKeyword.execute(ClickKeyword.groovy:42)
	at com.kms.katalon.core.keyword.internal.KeywordExecutor.executeKeywordForPlatform(KeywordExecutor.groovy:74)
	at com.kms.katalon.core.webui.keyword.WebUiBuiltInKeywords.click(WebUiBuiltInKeywords.groovy:620)
	at com.kms.katalon.core.webui.keyword.WebUiBuiltInKeywords$click$10.call(Unknown Source)
	at Payments_HC_TC.run(Payments_HC_TC:328)
	at com.kms.katalon.core.main.ScriptEngine.run(ScriptEngine.java:194)
	at com.kms.katalon.core.main.ScriptEngine.runScriptAsRawText(ScriptEngine.java:119)
	at com.kms.katalon.core.main.TestCaseExecutor.runScript(TestCaseExecutor.java:430)
	at com.kms.katalon.core.main.TestCaseExecutor.doExecute(TestCaseExecutor.java:421)
	at com.kms.katalon.core.main.TestCaseExecutor.processExecutionPhase(TestCaseExecutor.java:400)
	at com.kms.katalon.core.main.TestCaseExecutor.accessMainPhase(TestCaseExecutor.java:392)
	at com.kms.katalon.core.main.TestCaseExecutor.execute(TestCaseExecutor.java:273)
	at com.kms.katalon.core.main.TestSuiteExecutor.accessTestCaseMainPhase(TestSuiteExecutor.java:202)
	at com.kms.katalon.core.main.TestSuiteExecutor.accessTestSuiteMainPhase(TestSuiteExecutor.java:164)
	at com.kms.katalon.core.main.TestSuiteExecutor.execute(TestSuiteExecutor.java:105)
	at com.kms.katalon.core.main.TestCaseMain.startTestSuite(TestCaseMain.java:185)
	at com.kms.katalon.core.main.TestCaseMain$startTestSuite$0.call(Unknown Source)
	at TempTestSuite1637335687322.run(TempTestSuite1637335687322.groovy:36)
Caused by: org.openqa.selenium.ElementNotInteractableException: element not interactable
  (Session info: chrome=96.0.4664.45)
Build info: version: '3.141.59', revision: 'e82be7d358', time: '2018-11-14T08:25:53'
System info: host: 'DESKTOP-B2QI6NS', ip: '172.30.2.167', os.name: 'Windows 10', os.arch: 'amd64', os.version: '10.0', java.version: '1.8.0_181'
Driver info: com.kms.katalon.selenium.driver.CChromeDriver
Capabilities {acceptInsecureCerts: true, browserName: chrome, browserVersion: 96.0.4664.45, chrome: {chromedriverVersion: 95.0.4638.54 (d31a821ec901f..., userDataDir: C:\Users\iahmed\AppData\Loc...}, goog:chromeOptions: {debuggerAddress: localhost:54716}, javascriptEnabled: true, networkConnectionEnabled: false, pageLoadStrategy: normal, platform: WINDOWS, platformName: WINDOWS, proxy: Proxy(), setWindowRect: true, strictFileInteractability: false, timeouts: {implicit: 0, pageLoad: 300000, script: 30000}, unhandledPromptBehavior: dismiss and notify, webauthn:extension:credBlob: true, webauthn:extension:largeBlob: true, webauthn:virtualAuthenticators: true}
Session ID: d26dd06069f7091b3c701e1aa6e098c3
	at org.openqa.selenium.remote.http.W3CHttpResponseCodec.createException(W3CHttpResponseCodec.java:187)
	at org.openqa.selenium.remote.http.W3CHttpResponseCodec.decode(W3CHttpResponseCodec.java:122)
	at org.openqa.selenium.remote.http.W3CHttpResponseCodec.decode(W3CHttpResponseCodec.java:49)
	at org.openqa.selenium.remote.HttpCommandExecutor.execute(HttpCommandExecutor.java:158)
	at org.openqa.selenium.remote.service.DriverCommandExecutor.execute(DriverCommandExecutor.java:83)
	at org.openqa.selenium.remote.RemoteWebDriver.execute(RemoteWebDriver.java:552)
	at com.kms.katalon.selenium.driver.CChromeDriver.execute(CChromeDriver.java:19)
	at org.openqa.selenium.remote.RemoteWebElement.execute(RemoteWebElement.java:285)
	at org.openqa.selenium.remote.RemoteWebElement.click(RemoteWebElement.java:84)
	at org.openqa.selenium.support.events.EventFiringWebDriver$EventFiringWebElement.lambda$new$0(EventFiringWebDriver.java:404)
	at com.sun.proxy.$Proxy11.click(Unknown Source)
	at org.openqa.selenium.support.events.EventFiringWebDriver$EventFiringWebElement.click(EventFiringWebDriver.java:417)
	at com.kms.katalon.core.webui.keyword.builtin.ClickKeyword$_click_closure1.doCall(ClickKeyword.groovy:68)
	at com.kms.katalon.core.webui.keyword.builtin.ClickKeyword$_click_closure1.call(ClickKeyword.groovy)
	at com.kms.katalon.core.webui.keyword.internal.WebUIKeywordMain.runKeyword(WebUIKeywordMain.groovy:20)
	at com.kms.katalon.core.webui.keyword.builtin.ClickKeyword.click(ClickKeyword.groovy:75)
	at com.kms.katalon.core.webui.keyword.builtin.ClickKeyword.execute(ClickKeyword.groovy:42)
	at com.kms.katalon.core.keyword.internal.KeywordExecutor.executeKeywordForPlatform(KeywordExecutor.groovy:74)
	at com.kms.katalon.core.webui.keyword.WebUiBuiltInKeywords.click(WebUiBuiltInKeywords.groovy:620)
	at com.kms.katalon.core.webui.keyword.WebUiBuiltInKeywords$click$10.call(Unknown Source)
	at Script1634674829687.run(Script1634674829687.groovy:328)
	... 13 more
)

2021-11-19 11:48:39 - [MESSAGE][INFO] - Unable to find the element located by 'By.xpath: //*[@type = 'submit' and @name = 'convFeeNotifyAction']'. Please recheck the objects properties to make sure the desired element is located. 

2021-11-19 11:48:39 - [MESSAGE][WARNING] - [SELF-HEALING] Failed to find element with id 'Object Repository/RAD_Pages/ServiceFeeAccept_Page/input_convFeeNotifyAction'. Try using Self-healing.

2021-11-19 11:48:39 - [MESSAGE][WARNING] - [SELF-HEALING] The current locator of test object 'Object Repository/RAD_Pages/ServiceFeeAccept_Page/input_convFeeNotifyAction' was broken. Propose an alternative one: '//div[5]/div/input'.

2021-11-19 11:48:40 - [MESSAGE][FAILED] - Unable to click on object 'Object Repository/RAD_Pages/ServiceFeeAccept_Page/input_convFeeNotifyAction' (Root cause: com.kms.katalon.core.exception.StepFailedException: Unable to click on object 'Object Repository/RAD_Pages/ServiceFeeAccept_Page/input_convFeeNotifyAction'
	at com.kms.katalon.core.webui.keyword.internal.WebUIKeywordMain.stepFailed(WebUIKeywordMain.groovy:64)
	at com.kms.katalon.core.webui.keyword.internal.WebUIKeywordMain.runKeyword(WebUIKeywordMain.groovy:26)
	at com.kms.katalon.core.webui.keyword.builtin.ClickKeyword.click(ClickKeyword.groovy:75)
	at com.kms.katalon.core.webui.keyword.builtin.ClickKeyword.execute(ClickKeyword.groovy:42)
	at com.kms.katalon.core.keyword.internal.KeywordExecutor.executeKeywordForPlatform(KeywordExecutor.groovy:74)
	at com.kms.katalon.core.webui.keyword.WebUiBuiltInKeywords.click(WebUiBuiltInKeywords.groovy:620)
	at com.kms.katalon.core.webui.keyword.WebUiBuiltInKeywords$click$10.call(Unknown Source)
	at Payments_HC_TC.run(Payments_HC_TC:328)
	at com.kms.katalon.core.main.ScriptEngine.run(ScriptEngine.java:194)
	at com.kms.katalon.core.main.ScriptEngine.runScriptAsRawText(ScriptEngine.java:119)
	at com.kms.katalon.core.main.TestCaseExecutor.runScript(TestCaseExecutor.java:430)
	at com.kms.katalon.core.main.TestCaseExecutor.doExecute(TestCaseExecutor.java:421)
	at com.kms.katalon.core.main.TestCaseExecutor.processExecutionPhase(TestCaseExecutor.java:400)
	at com.kms.katalon.core.main.TestCaseExecutor.accessMainPhase(TestCaseExecutor.java:392)
	at com.kms.katalon.core.main.TestCaseExecutor.execute(TestCaseExecutor.java:273)
	at com.kms.katalon.core.main.TestSuiteExecutor.accessTestCaseMainPhase(TestSuiteExecutor.java:202)
	at com.kms.katalon.core.main.TestSuiteExecutor.accessTestSuiteMainPhase(TestSuiteExecutor.java:164)
	at com.kms.katalon.core.main.TestSuiteExecutor.execute(TestSuiteExecutor.java:105)
	at com.kms.katalon.core.main.TestCaseMain.startTestSuite(TestCaseMain.java:185)
	at com.kms.katalon.core.main.TestCaseMain$startTestSuite$0.call(Unknown Source)
	at TempTestSuite1637335687322.run(TempTestSuite1637335687322.groovy:36)
Caused by: org.openqa.selenium.ElementNotInteractableException: element not interactable
  (Session info: chrome=96.0.4664.45)
Build info: version: '3.141.59', revision: 'e82be7d358', time: '2018-11-14T08:25:53'
System info: host: 'DESKTOP-B2QI6NS', ip: '172.30.2.167', os.name: 'Windows 10', os.arch: 'amd64', os.version: '10.0', java.version: '1.8.0_181'
Driver info: com.kms.katalon.selenium.driver.CChromeDriver
Capabilities {acceptInsecureCerts: true, browserName: chrome, browserVersion: 96.0.4664.45, chrome: {chromedriverVersion: 95.0.4638.54 (d31a821ec901f..., userDataDir: C:\Users\iahmed\AppData\Loc...}, goog:chromeOptions: {debuggerAddress: localhost:54716}, javascriptEnabled: true, networkConnectionEnabled: false, pageLoadStrategy: normal, platform: WINDOWS, platformName: WINDOWS, proxy: Proxy(), setWindowRect: true, strictFileInteractability: false, timeouts: {implicit: 0, pageLoad: 300000, script: 30000}, unhandledPromptBehavior: dismiss and notify, webauthn:extension:credBlob: true, webauthn:extension:largeBlob: true, webauthn:virtualAuthenticators: true}
Session ID: d26dd06069f7091b3c701e1aa6e098c3
	at org.openqa.selenium.remote.http.W3CHttpResponseCodec.createException(W3CHttpResponseCodec.java:187)
	at org.openqa.selenium.remote.http.W3CHttpResponseCodec.decode(W3CHttpResponseCodec.java:122)
	at org.openqa.selenium.remote.http.W3CHttpResponseCodec.decode(W3CHttpResponseCodec.java:49)
	at org.openqa.selenium.remote.HttpCommandExecutor.execute(HttpCommandExecutor.java:158)
	at org.openqa.selenium.remote.service.DriverCommandExecutor.execute(DriverCommandExecutor.java:83)
	at org.openqa.selenium.remote.RemoteWebDriver.execute(RemoteWebDriver.java:552)
	at com.kms.katalon.selenium.driver.CChromeDriver.execute(CChromeDriver.java:19)
	at org.openqa.selenium.remote.RemoteWebElement.execute(RemoteWebElement.java:285)
	at org.openqa.selenium.remote.RemoteWebElement.click(RemoteWebElement.java:84)
	at org.openqa.selenium.support.events.EventFiringWebDriver$EventFiringWebElement.lambda$new$0(EventFiringWebDriver.java:404)
	at com.sun.proxy.$Proxy11.click(Unknown Source)
	at org.openqa.selenium.support.events.EventFiringWebDriver$EventFiringWebElement.click(EventFiringWebDriver.java:417)
	at com.kms.katalon.core.webui.keyword.builtin.ClickKeyword$_click_closure1.doCall(ClickKeyword.groovy:68)
	at com.kms.katalon.core.webui.keyword.builtin.ClickKeyword$_click_closure1.call(ClickKeyword.groovy)
	at com.kms.katalon.core.webui.keyword.internal.WebUIKeywordMain.runKeyword(WebUIKeywordMain.groovy:20)
	at com.kms.katalon.core.webui.keyword.builtin.ClickKeyword.click(ClickKeyword.groovy:75)
	at com.kms.katalon.core.webui.keyword.builtin.ClickKeyword.execute(ClickKeyword.groovy:42)
	at com.kms.katalon.core.keyword.internal.KeywordExecutor.executeKeywordForPlatform(KeywordExecutor.groovy:74)
	at com.kms.katalon.core.webui.keyword.WebUiBuiltInKeywords.click(WebUiBuiltInKeywords.groovy:620)
	at com.kms.katalon.core.webui.keyword.WebUiBuiltInKeywords$click$10.call(Unknown Source)
	at Script1634674829687.run(Script1634674829687.groovy:328)
	... 13 more
)
[[ATTACHMENT|E:\\Cloned-Project-Katalon\\VPS-Katalon\\Reports\\20211119_102807\\RAD_TestSuite\\RAD_UI_TestSuite\\20211119_102807\\1637340519928.png]]

2021-11-19 11:48:40 - [TEST_STEP][PASSED] - delay(10): Delayed 10 second(s)

2021-11-19 11:48:50 - [MESSAGE][PASSED] - Delayed 10 second(s)

2021-11-19 11:48:50 - [TEST_STEP][FAILED] - verifyTextPresent("Successful Payment Receipt", true): Text 'Successful Payment Receipt' is not present on page  using regular expression (Root cause: com.kms.katalon.core.exception.StepFailedException: Text 'Successful Payment Receipt' is not present on page  using regular expression
	at com.kms.katalon.core.webui.keyword.internal.WebUIKeywordMain.stepFailed(WebUIKeywordMain.groovy:64)
	at com.kms.katalon.core.webui.keyword.builtin.VerifyTextPresentKeyword$_verifyTextPresent_closure1.doCall(VerifyTextPresentKeyword.groovy:79)
	at com.kms.katalon.core.webui.keyword.builtin.VerifyTextPresentKeyword$_verifyTextPresent_closure1.call(VerifyTextPresentKeyword.groovy)
	at com.kms.katalon.core.webui.keyword.internal.WebUIKeywordMain.runKeyword(WebUIKeywordMain.groovy:20)
	at com.kms.katalon.core.webui.keyword.builtin.VerifyTextPresentKeyword.verifyTextPresent(VerifyTextPresentKeyword.groovy:83)
	at com.kms.katalon.core.webui.keyword.builtin.VerifyTextPresentKeyword.execute(VerifyTextPresentKeyword.groovy:68)
	at com.kms.katalon.core.keyword.internal.KeywordExecutor.executeKeywordForPlatform(KeywordExecutor.groovy:74)
	at com.kms.katalon.core.webui.keyword.WebUiBuiltInKeywords.verifyTextPresent(WebUiBuiltInKeywords.groovy:1723)
	at com.kms.katalon.core.webui.keyword.WebUiBuiltInKeywords$verifyTextPresent$3.call(Unknown Source)
	at Payments_HC_TC.run(Payments_HC_TC:335)
	at com.kms.katalon.core.main.ScriptEngine.run(ScriptEngine.java:194)
	at com.kms.katalon.core.main.ScriptEngine.runScriptAsRawText(ScriptEngine.java:119)
	at com.kms.katalon.core.main.TestCaseExecutor.runScript(TestCaseExecutor.java:430)
	at com.kms.katalon.core.main.TestCaseExecutor.doExecute(TestCaseExecutor.java:421)
	at com.kms.katalon.core.main.TestCaseExecutor.processExecutionPhase(TestCaseExecutor.java:400)
	at com.kms.katalon.core.main.TestCaseExecutor.accessMainPhase(TestCaseExecutor.java:392)
	at com.kms.katalon.core.main.TestCaseExecutor.execute(TestCaseExecutor.java:273)
	at com.kms.katalon.core.main.TestSuiteExecutor.accessTestCaseMainPhase(TestSuiteExecutor.java:202)
	at com.kms.katalon.core.main.TestSuiteExecutor.accessTestSuiteMainPhase(TestSuiteExecutor.java:164)
	at com.kms.katalon.core.main.TestSuiteExecutor.execute(TestSuiteExecutor.java:105)
	at com.kms.katalon.core.main.TestCaseMain.startTestSuite(TestCaseMain.java:185)
	at com.kms.katalon.core.main.TestCaseMain$startTestSuite$0.call(Unknown Source)
	at TempTestSuite1637335687322.run(TempTestSuite1637335687322.groovy:36)
)

2021-11-19 11:48:50 - [MESSAGE][FAILED] - Text 'Successful Payment Receipt' is not present on page  using regular expression (Root cause: com.kms.katalon.core.exception.StepFailedException: Text 'Successful Payment Receipt' is not present on page  using regular expression
	at com.kms.katalon.core.webui.keyword.internal.WebUIKeywordMain.stepFailed(WebUIKeywordMain.groovy:64)
	at com.kms.katalon.core.webui.keyword.builtin.VerifyTextPresentKeyword$_verifyTextPresent_closure1.doCall(VerifyTextPresentKeyword.groovy:79)
	at com.kms.katalon.core.webui.keyword.builtin.VerifyTextPresentKeyword$_verifyTextPresent_closure1.call(VerifyTextPresentKeyword.groovy)
	at com.kms.katalon.core.webui.keyword.internal.WebUIKeywordMain.runKeyword(WebUIKeywordMain.groovy:20)
	at com.kms.katalon.core.webui.keyword.builtin.VerifyTextPresentKeyword.verifyTextPresent(VerifyTextPresentKeyword.groovy:83)
	at com.kms.katalon.core.webui.keyword.builtin.VerifyTextPresentKeyword.execute(VerifyTextPresentKeyword.groovy:68)
	at com.kms.katalon.core.keyword.internal.KeywordExecutor.executeKeywordForPlatform(KeywordExecutor.groovy:74)
	at com.kms.katalon.core.webui.keyword.WebUiBuiltInKeywords.verifyTextPresent(WebUiBuiltInKeywords.groovy:1723)
	at com.kms.katalon.core.webui.keyword.WebUiBuiltInKeywords$verifyTextPresent$3.call(Unknown Source)
	at Payments_HC_TC.run(Payments_HC_TC:335)
	at com.kms.katalon.core.main.ScriptEngine.run(ScriptEngine.java:194)
	at com.kms.katalon.core.main.ScriptEngine.runScriptAsRawText(ScriptEngine.java:119)
	at com.kms.katalon.core.main.TestCaseExecutor.runScript(TestCaseExecutor.java:430)
	at com.kms.katalon.core.main.TestCaseExecutor.doExecute(TestCaseExecutor.java:421)
	at com.kms.katalon.core.main.TestCaseExecutor.processExecutionPhase(TestCaseExecutor.java:400)
	at com.kms.katalon.core.main.TestCaseExecutor.accessMainPhase(TestCaseExecutor.java:392)
	at com.kms.katalon.core.main.TestCaseExecutor.execute(TestCaseExecutor.java:273)
	at com.kms.katalon.core.main.TestSuiteExecutor.accessTestCaseMainPhase(TestSuiteExecutor.java:202)
	at com.kms.katalon.core.main.TestSuiteExecutor.accessTestSuiteMainPhase(TestSuiteExecutor.java:164)
	at com.kms.katalon.core.main.TestSuiteExecutor.execute(TestSuiteExecutor.java:105)
	at com.kms.katalon.core.main.TestCaseMain.startTestSuite(TestCaseMain.java:185)
	at com.kms.katalon.core.main.TestCaseMain$startTestSuite$0.call(Unknown Source)
	at TempTestSuite1637335687322.run(TempTestSuite1637335687322.groovy:36)
)

2021-11-19 11:48:50 - [TEST_STEP][FAILED] - if (verifyTextPresent("Successful Payment Receipt", true)): Text 'Successful Payment Receipt' is not present on page  using regular expression (Root cause: com.kms.katalon.core.exception.StepFailedException: Text 'Successful Payment Receipt' is not present on page  using regular expression
	at com.kms.katalon.core.webui.keyword.internal.WebUIKeywordMain.stepFailed(WebUIKeywordMain.groovy:64)
	at com.kms.katalon.core.webui.keyword.builtin.VerifyTextPresentKeyword$_verifyTextPresent_closure1.doCall(VerifyTextPresentKeyword.groovy:79)
	at com.kms.katalon.core.webui.keyword.builtin.VerifyTextPresentKeyword$_verifyTextPresent_closure1.call(VerifyTextPresentKeyword.groovy)
	at com.kms.katalon.core.webui.keyword.internal.WebUIKeywordMain.runKeyword(WebUIKeywordMain.groovy:20)
	at com.kms.katalon.core.webui.keyword.builtin.VerifyTextPresentKeyword.verifyTextPresent(VerifyTextPresentKeyword.groovy:83)
	at com.kms.katalon.core.webui.keyword.builtin.VerifyTextPresentKeyword.execute(VerifyTextPresentKeyword.groovy:68)
	at com.kms.katalon.core.keyword.internal.KeywordExecutor.executeKeywordForPlatform(KeywordExecutor.groovy:74)
	at com.kms.katalon.core.webui.keyword.WebUiBuiltInKeywords.verifyTextPresent(WebUiBuiltInKeywords.groovy:1723)
	at com.kms.katalon.core.webui.keyword.WebUiBuiltInKeywords$verifyTextPresent$3.call(Unknown Source)
	at Payments_HC_TC.run(Payments_HC_TC:337)
	at com.kms.katalon.core.main.ScriptEngine.run(ScriptEngine.java:194)
	at com.kms.katalon.core.main.ScriptEngine.runScriptAsRawText(ScriptEngine.java:119)
	at com.kms.katalon.core.main.TestCaseExecutor.runScript(TestCaseExecutor.java:430)
	at com.kms.katalon.core.main.TestCaseExecutor.doExecute(TestCaseExecutor.java:421)
	at com.kms.katalon.core.main.TestCaseExecutor.processExecutionPhase(TestCaseExecutor.java:400)
	at com.kms.katalon.core.main.TestCaseExecutor.accessMainPhase(TestCaseExecutor.java:392)
	at com.kms.katalon.core.main.TestCaseExecutor.execute(TestCaseExecutor.java:273)
	at com.kms.katalon.core.main.TestSuiteExecutor.accessTestCaseMainPhase(TestSuiteExecutor.java:202)
	at com.kms.katalon.core.main.TestSuiteExecutor.accessTestSuiteMainPhase(TestSuiteExecutor.java:164)
	at com.kms.katalon.core.main.TestSuiteExecutor.execute(TestSuiteExecutor.java:105)
	at com.kms.katalon.core.main.TestCaseMain.startTestSuite(TestCaseMain.java:185)
	at com.kms.katalon.core.main.TestCaseMain$startTestSuite$0.call(Unknown Source)
	at TempTestSuite1637335687322.run(TempTestSuite1637335687322.groovy:36)
)

2021-11-19 11:48:50 - [MESSAGE][FAILED] - Text 'Successful Payment Receipt' is not present on page  using regular expression (Root cause: com.kms.katalon.core.exception.StepFailedException: Text 'Successful Payment Receipt' is not present on page  using regular expression
	at com.kms.katalon.core.webui.keyword.internal.WebUIKeywordMain.stepFailed(WebUIKeywordMain.groovy:64)
	at com.kms.katalon.core.webui.keyword.builtin.VerifyTextPresentKeyword$_verifyTextPresent_closure1.doCall(VerifyTextPresentKeyword.groovy:79)
	at com.kms.katalon.core.webui.keyword.builtin.VerifyTextPresentKeyword$_verifyTextPresent_closure1.call(VerifyTextPresentKeyword.groovy)
	at com.kms.katalon.core.webui.keyword.internal.WebUIKeywordMain.runKeyword(WebUIKeywordMain.groovy:20)
	at com.kms.katalon.core.webui.keyword.builtin.VerifyTextPresentKeyword.verifyTextPresent(VerifyTextPresentKeyword.groovy:83)
	at com.kms.katalon.core.webui.keyword.builtin.VerifyTextPresentKeyword.execute(VerifyTextPresentKeyword.groovy:68)
	at com.kms.katalon.core.keyword.internal.KeywordExecutor.executeKeywordForPlatform(KeywordExecutor.groovy:74)
	at com.kms.katalon.core.webui.keyword.WebUiBuiltInKeywords.verifyTextPresent(WebUiBuiltInKeywords.groovy:1723)
	at com.kms.katalon.core.webui.keyword.WebUiBuiltInKeywords$verifyTextPresent$3.call(Unknown Source)
	at Payments_HC_TC.run(Payments_HC_TC:337)
	at com.kms.katalon.core.main.ScriptEngine.run(ScriptEngine.java:194)
	at com.kms.katalon.core.main.ScriptEngine.runScriptAsRawText(ScriptEngine.java:119)
	at com.kms.katalon.core.main.TestCaseExecutor.runScript(TestCaseExecutor.java:430)
	at com.kms.katalon.core.main.TestCaseExecutor.doExecute(TestCaseExecutor.java:421)
	at com.kms.katalon.core.main.TestCaseExecutor.processExecutionPhase(TestCaseExecutor.java:400)
	at com.kms.katalon.core.main.TestCaseExecutor.accessMainPhase(TestCaseExecutor.java:392)
	at com.kms.katalon.core.main.TestCaseExecutor.execute(TestCaseExecutor.java:273)
	at com.kms.katalon.core.main.TestSuiteExecutor.accessTestCaseMainPhase(TestSuiteExecutor.java:202)
	at com.kms.katalon.core.main.TestSuiteExecutor.accessTestSuiteMainPhase(TestSuiteExecutor.java:164)
	at com.kms.katalon.core.main.TestSuiteExecutor.execute(TestSuiteExecutor.java:105)
	at com.kms.katalon.core.main.TestCaseMain.startTestSuite(TestCaseMain.java:185)
	at com.kms.katalon.core.main.TestCaseMain$startTestSuite$0.call(Unknown Source)
	at TempTestSuite1637335687322.run(TempTestSuite1637335687322.groovy:36)
)

2021-11-19 11:48:50 - [TEST_STEP][PASSED] - else: pages.WriteExcel.demoKey is PASSED

2021-11-19 11:48:50 - [TEST_STEP][PASSED] - println("Transaction was NOT Successful"): null

2021-11-19 11:48:50 - [TEST_STEP][PASSED] - out.println("Fail Record Number: " + row): null

2021-11-19 11:48:50 - [TEST_STEP][PASSED] - resText = "Fail": null

2021-11-19 11:48:50 - [TEST_STEP][PASSED] - pages.WriteExcel.demoKey(resText, datText, resColumn, datCloumn, fileLoc, nameSheet, row): pages.WriteExcel.demoKey is PASSED

2021-11-19 11:48:51 - [MESSAGE][PASSED] - pages.WriteExcel.demoKey is PASSED

2021-11-19 11:48:51 - [TEST_STEP][PASSED] - ExecuteTC = findTestData(dataFile).getValue("Execute", row): null

2021-11-19 11:48:51 - [TEST_STEP][PASSED] - PaymentType = findTestData(dataFile).getValue("PaymentType", row): null

2021-11-19 11:48:51 - [TEST_STEP][PASSED] - FilingYear = findTestData(dataFile).getValue("FilingYear", row): null

2021-11-19 11:48:51 - [TEST_STEP][PASSED] - PeriodEnding = findTestData(dataFile).getValue("PeriodEnding", row): null

2021-11-19 11:48:51 - [TEST_STEP][PASSED] - FName = findTestData(dataFile).getValue("Fname", row): null

2021-11-19 11:48:51 - [TEST_STEP][PASSED] - LName = findTestData(dataFile).getValue("Lname", row): null

2021-11-19 11:48:51 - [TEST_STEP][PASSED] - SSN = findTestData(dataFile).getValue("SSN", row): null

2021-11-19 11:48:51 - [TEST_STEP][PASSED] - BusName = findTestData(dataFile).getValue("BusName", row): null

2021-11-19 11:48:51 - [TEST_STEP][PASSED] - AL1 = findTestData(dataFile).getValue("AL1", row): null

2021-11-19 11:48:51 - [TEST_STEP][PASSED] - City = findTestData(dataFile).getValue("City", row): null

2021-11-19 11:48:51 - [TEST_STEP][PASSED] - ZIP = findTestData(dataFile).getValue("ZIP", row): null

2021-11-19 11:48:51 - [TEST_STEP][PASSED] - FilingType = findTestData(dataFile).getValue("FilingType", row): null

2021-11-19 11:48:51 - [TEST_STEP][PASSED] - Withholding = findTestData(dataFile).getValue("Withholding", row): null

2021-11-19 11:48:51 - [TEST_STEP][PASSED] - Amount = findTestData(dataFile).getValue("Amount", row): null

2021-11-19 11:48:51 - [TEST_STEP][PASSED] - CCNumber = findTestData(dataFile).getValue("CCNumber", row): null

2021-11-19 11:48:51 - [TEST_STEP][PASSED] - CVV = findTestData(dataFile).getValue("CVV", row): null

2021-11-19 11:48:51 - [TEST_STEP][PASSED] - out.println("Value of Execute is : " + ExecuteTC): null

2021-11-19 11:48:51 - [TEST_STEP][PASSED] - if (ExecuteTC.equalsIgnoreCase("Y")): null

2021-11-19 11:48:51 - [TEST_STEP][PASSED] - out.println("Begin Record Number: " + row): null

2021-11-19 11:48:51 - [TEST_STEP][PASSED] - today = new java.util.Date(): null

2021-11-19 11:48:51 - [TEST_STEP][PASSED] - println(today): null

2021-11-19 11:48:51 - [TEST_STEP][PASSED] - datText = today: null

2021-11-19 11:48:51 - [TEST_STEP][PASSED] - Taxtype = findTestData(dataFile).getValue("TaxType", row): null

2021-11-19 11:48:51 - [TEST_STEP][PASSED] - out.println("Taxtype value is : " + Taxtype): null

2021-11-19 11:48:51 - [TEST_STEP][PASSED] - openBrowser(""): Browser is opened with url: ''

2021-11-19 11:48:51 - [MESSAGE][WARNING] - A browser is already opened. Closing browser and opening a new one

2021-11-19 11:48:52 - [MESSAGE][INFO] - Starting 'Chrome' driver

2021-11-19 11:48:52 - [MESSAGE][INFO] - User set preference: ['acceptInsecureCerts', 'true']

2021-11-19 11:48:52 - [MESSAGE][INFO] - Action delay is set to 0 milliseconds

2021-11-19 11:48:53 - [MESSAGE][PASSED] - Browser is opened with url: ''

2021-11-19 11:48:53 - [TEST_STEP][PASSED] - maximizeWindow(): Current window maximized

2021-11-19 11:48:53 - [MESSAGE][PASSED] - Current window maximized

2021-11-19 11:48:53 - [TEST_STEP][PASSED] - navigateToUrl(RADurl): Navigate to 'https://qa.velocitypayment.com/client/rad/index.html' successfully

2021-11-19 11:48:56 - [MESSAGE][PASSED] - Navigate to 'https://qa.velocitypayment.com/client/rad/index.html' successfully

2021-11-19 11:48:56 - [TEST_STEP][PASSED] - orPath_Landing = "Object Repository/RAD_Pages/Landing_Page": null

2021-11-19 11:48:56 - [TEST_STEP][PASSED] - orPath_TaxTypeFilingYear = "Object Repository/RAD_Pages/TaxTypeFilingYear_Page": null

2021-11-19 11:48:56 - [TEST_STEP][PASSED] - orPath_TaxPayer = "Object Repository/RAD_Pages/Taxpayer_Page": null

2021-11-19 11:48:56 - [TEST_STEP][PASSED] - orPath_AddressContact = "Object Repository/RAD_Pages/AddressAndContactInfo_Page": null

2021-11-19 11:48:56 - [TEST_STEP][PASSED] - orPath_FilingStatus = "Object Repository/RAD_Pages/FilingStatus_Page": null

2021-11-19 11:48:56 - [TEST_STEP][PASSED] - orPath_Amount = "Object Repository/RAD_Pages/PaymentAmount_Page": null

2021-11-19 11:48:56 - [TEST_STEP][PASSED] - orPath_TaxInfo = "Object Repository/RAD_Pages/TaxInfo_Page": null

2021-11-19 11:48:56 - [TEST_STEP][PASSED] - orPath_Withholding = "Object Repository/RAD_Pages/Withholding_Page": null

2021-11-19 11:48:56 - [TEST_STEP][PASSED] - orPath_Summary = "Object Repository/RAD_Pages/Summary_Page": null

2021-11-19 11:48:56 - [TEST_STEP][PASSED] - orPath_PaymentReady = "Object Repository/RAD_Pages/PaymentReady_Page": null

2021-11-19 11:48:56 - [TEST_STEP][PASSED] - orPath_PaymentEntry = "Object Repository/RAD_Pages/PaymentEntry_Page": null

2021-11-19 11:48:56 - [TEST_STEP][PASSED] - orPath_PaymentConfirmation = "Object Repository/RAD_Pages/PaymentConfirmation_Page": null

2021-11-19 11:48:56 - [TEST_STEP][PASSED] - orPath_ServiceFeesAccept = "Object Repository/RAD_Pages/ServiceFeeAccept_Page": null

2021-11-19 11:48:56 - [TEST_STEP][PASSED] - selectOptionByLabel(findTestObject(orPath_Landing + "/dd_TaxType"), Taxtype, false): All options with label 'Sales and Use' are selected in object 'Object Repository/RAD_Pages/Landing_Page/dd_TaxType' 

2021-11-19 11:48:57 - [MESSAGE][PASSED] - All options with label 'Sales and Use' are selected in object 'Object Repository/RAD_Pages/Landing_Page/dd_TaxType' 

2021-11-19 11:48:57 - [TEST_STEP][PASSED] - delay(3): Delayed 3 second(s)

2021-11-19 11:49:00 - [MESSAGE][PASSED] - Delayed 3 second(s)

2021-11-19 11:49:00 - [TEST_STEP][PASSED] - switch (Taxtype): null

2021-11-19 11:49:00 - [TEST_STEP][PASSED] - case "Sales and Use":: null

2021-11-19 11:49:00 - [TEST_STEP][PASSED] - selectOptionByLabel(findTestObject(orPath_TaxTypeFilingYear + "/select_FilingYear"), FilingYear, false): All options with label '2022' are selected in object 'Object Repository/RAD_Pages/TaxTypeFilingYear_Page/select_FilingYear' 

2021-11-19 11:49:01 - [MESSAGE][PASSED] - All options with label '2022' are selected in object 'Object Repository/RAD_Pages/TaxTypeFilingYear_Page/select_FilingYear' 

2021-11-19 11:49:01 - [TEST_STEP][PASSED] - selectOptionByLabel(findTestObject(orPath_TaxTypeFilingYear + "/select_PeriodEnding"), PeriodEnding, false): All options with label 'January' are selected in object 'Object Repository/RAD_Pages/TaxTypeFilingYear_Page/select_PeriodEnding' 

2021-11-19 11:49:02 - [MESSAGE][PASSED] - All options with label 'January' are selected in object 'Object Repository/RAD_Pages/TaxTypeFilingYear_Page/select_PeriodEnding' 

2021-11-19 11:49:02 - [TEST_STEP][PASSED] - setText(findTestObject(orPath_TaxPayer + "/input_businessName"), BusName): Text 'My Glass Company' is set on object 'Object Repository/RAD_Pages/Taxpayer_Page/input_businessName'

2021-11-19 11:49:02 - [MESSAGE][PASSED] - Text 'My Glass Company' is set on object 'Object Repository/RAD_Pages/Taxpayer_Page/input_businessName'

2021-11-19 11:49:02 - [TEST_STEP][PASSED] - setEncryptedText(findTestObject(orPath_TaxInfo + "/input_FederalEIN"), "0fDtEjy4ijeV75Gl5M+mSg=="): Text ****** has been set on object 'Object Repository/RAD_Pages/TaxInfo_Page/input_FederalEIN'

2021-11-19 11:49:34 - [MESSAGE][INFO] - Unable to find the element located by 'By.xpath: //*[@id = 'data' and @name = 'Data' and @type = 'password' and @placeholder = 'Federal EIN']'. Please recheck the objects properties to make sure the desired element is located. 

2021-11-19 11:49:34 - [MESSAGE][WARNING] - [SELF-HEALING] Failed to find element with id 'Object Repository/RAD_Pages/TaxInfo_Page/input_FederalEIN'. Try using Self-healing.

2021-11-19 11:49:34 - [MESSAGE][WARNING] - [SELF-HEALING] The current locator of test object 'Object Repository/RAD_Pages/TaxInfo_Page/input_FederalEIN' was broken. Propose an alternative one: '#data'.

2021-11-19 11:49:34 - [MESSAGE][PASSED] - Text ****** has been set on object 'Object Repository/RAD_Pages/TaxInfo_Page/input_FederalEIN'

2021-11-19 11:49:34 - [TEST_STEP][PASSED] - setEncryptedText(findTestObject(orPath_TaxInfo + "/input_FederalEIN_ReEnter"), "0fDtEjy4ijeV75Gl5M+mSg=="): Text ****** has been set on object 'Object Repository/RAD_Pages/TaxInfo_Page/input_FederalEIN_ReEnter'

2021-11-19 11:50:05 - [MESSAGE][INFO] - Unable to find the element located by 'By.xpath: //*[@id = 'data' and @name = 'Data' and @type = 'password' and @placeholder = 'Re-Type Federal EIN']'. Please recheck the objects properties to make sure the desired element is located. 

2021-11-19 11:50:05 - [MESSAGE][WARNING] - [SELF-HEALING] Failed to find element with id 'Object Repository/RAD_Pages/TaxInfo_Page/input_FederalEIN_ReEnter'. Try using Self-healing.

2021-11-19 11:50:05 - [MESSAGE][WARNING] - [SELF-HEALING] The current locator of test object 'Object Repository/RAD_Pages/TaxInfo_Page/input_FederalEIN_ReEnter' was broken. Propose an alternative one: '//input[@id='data']'.

2021-11-19 11:50:06 - [MESSAGE][PASSED] - Text ****** has been set on object 'Object Repository/RAD_Pages/TaxInfo_Page/input_FederalEIN_ReEnter'

2021-11-19 11:50:06 - [TEST_STEP][PASSED] - setText(findTestObject(orPath_TaxInfo + "/input_MDCRegistration"), "07640126"): Text '07640126' is set on object 'Object Repository/RAD_Pages/TaxInfo_Page/input_MDCRegistration'

2021-11-19 11:50:06 - [MESSAGE][PASSED] - Text '07640126' is set on object 'Object Repository/RAD_Pages/TaxInfo_Page/input_MDCRegistration'

2021-11-19 11:50:06 - [TEST_STEP][PASSED] - break: null

2021-11-19 11:50:06 - [TEST_STEP][PASSED] - setText(findTestObject(orPath_TaxPayer + "/input_firstName"), FName): Text 'Michael' is set on object 'Object Repository/RAD_Pages/Taxpayer_Page/input_firstName'

2021-11-19 11:50:07 - [MESSAGE][PASSED] - Text 'Michael' is set on object 'Object Repository/RAD_Pages/Taxpayer_Page/input_firstName'

2021-11-19 11:50:07 - [TEST_STEP][PASSED] - setText(findTestObject(orPath_TaxPayer + "/input_lastName"), LName): Text 'Vaughn' is set on object 'Object Repository/RAD_Pages/Taxpayer_Page/input_lastName'

2021-11-19 11:50:08 - [MESSAGE][PASSED] - Text 'Vaughn' is set on object 'Object Repository/RAD_Pages/Taxpayer_Page/input_lastName'

2021-11-19 11:50:08 - [TEST_STEP][PASSED] - selectOptionByLabel(findTestObject(orPath_AddressContact + "/select_Country"), "United States", false): All options with label 'United States' are selected in object 'Object Repository/RAD_Pages/AddressAndContactInfo_Page/select_Country' 

2021-11-19 11:50:09 - [MESSAGE][PASSED] - All options with label 'United States' are selected in object 'Object Repository/RAD_Pages/AddressAndContactInfo_Page/select_Country' 

2021-11-19 11:50:09 - [TEST_STEP][PASSED] - setText(findTestObject(orPath_AddressContact + "/input_streetAddress1"), AL1): Text '2000 14th street' is set on object 'Object Repository/RAD_Pages/AddressAndContactInfo_Page/input_streetAddress1'

2021-11-19 11:50:09 - [MESSAGE][PASSED] - Text '2000 14th street' is set on object 'Object Repository/RAD_Pages/AddressAndContactInfo_Page/input_streetAddress1'

2021-11-19 11:50:09 - [TEST_STEP][PASSED] - setText(findTestObject(orPath_AddressContact + "/input_streetAddress2"), ""): Text '' is set on object 'Object Repository/RAD_Pages/AddressAndContactInfo_Page/input_streetAddress2'

2021-11-19 11:50:10 - [MESSAGE][PASSED] - Text '' is set on object 'Object Repository/RAD_Pages/AddressAndContactInfo_Page/input_streetAddress2'

2021-11-19 11:50:10 - [TEST_STEP][PASSED] - setText(findTestObject(orPath_AddressContact + "/input_city"), City): Text 'Columbia' is set on object 'Object Repository/RAD_Pages/AddressAndContactInfo_Page/input_city'

2021-11-19 11:50:11 - [MESSAGE][PASSED] - Text 'Columbia' is set on object 'Object Repository/RAD_Pages/AddressAndContactInfo_Page/input_city'

2021-11-19 11:50:11 - [TEST_STEP][PASSED] - selectOptionByLabel(findTestObject(orPath_AddressContact + "/select_State"), "Maryland", false): All options with label 'Maryland' are selected in object 'Object Repository/RAD_Pages/AddressAndContactInfo_Page/select_State' 

2021-11-19 11:50:11 - [MESSAGE][PASSED] - All options with label 'Maryland' are selected in object 'Object Repository/RAD_Pages/AddressAndContactInfo_Page/select_State' 

2021-11-19 11:50:11 - [TEST_STEP][PASSED] - setText(findTestObject(orPath_AddressContact + "/input_zipCode"), ZIP): Text '21093' is set on object 'Object Repository/RAD_Pages/AddressAndContactInfo_Page/input_zipCode'

2021-11-19 11:50:12 - [MESSAGE][PASSED] - Text '21093' is set on object 'Object Repository/RAD_Pages/AddressAndContactInfo_Page/input_zipCode'

2021-11-19 11:50:12 - [TEST_STEP][PASSED] - setText(findTestObject(orPath_AddressContact + "/input_phoneNumber"), "(703) 894-5000"): Text '(703) 894-5000' is set on object 'Object Repository/RAD_Pages/AddressAndContactInfo_Page/input_phoneNumber'

2021-11-19 11:50:13 - [MESSAGE][PASSED] - Text '(703) 894-5000' is set on object 'Object Repository/RAD_Pages/AddressAndContactInfo_Page/input_phoneNumber'

2021-11-19 11:50:13 - [TEST_STEP][PASSED] - setText(findTestObject(orPath_AddressContact + "/input_eMailAddress"), "iahmed@govolution.com"): Text 'iahmed@govolution.com' is set on object 'Object Repository/RAD_Pages/AddressAndContactInfo_Page/input_eMailAddress'

2021-11-19 11:50:14 - [MESSAGE][PASSED] - Text 'iahmed@govolution.com' is set on object 'Object Repository/RAD_Pages/AddressAndContactInfo_Page/input_eMailAddress'

2021-11-19 11:50:14 - [TEST_STEP][PASSED] - setText(findTestObject(orPath_AddressContact + "/input_reEnterEMailAddress"), "iahmed@govolution.com"): Text 'iahmed@govolution.com' is set on object 'Object Repository/RAD_Pages/AddressAndContactInfo_Page/input_reEnterEMailAddress'

2021-11-19 11:50:14 - [MESSAGE][PASSED] - Text 'iahmed@govolution.com' is set on object 'Object Repository/RAD_Pages/AddressAndContactInfo_Page/input_reEnterEMailAddress'

2021-11-19 11:50:14 - [TEST_STEP][PASSED] - setText(findTestObject(orPath_Amount + "/input__paymentAmount"), Amount): Text '100.00' is set on object 'Object Repository/RAD_Pages/PaymentAmount_Page/input__paymentAmount'

2021-11-19 11:50:15 - [MESSAGE][PASSED] - Text '100.00' is set on object 'Object Repository/RAD_Pages/PaymentAmount_Page/input__paymentAmount'

2021-11-19 11:50:15 - [TEST_STEP][PASSED] - scrollToElement(findTestObject(orPath_Landing + "/button_Continue"), 3): Scroll to object 'Object Repository/RAD_Pages/Landing_Page/button_Continue' successfully

2021-11-19 11:50:16 - [MESSAGE][PASSED] - Scroll to object 'Object Repository/RAD_Pages/Landing_Page/button_Continue' successfully

2021-11-19 11:50:16 - [TEST_STEP][PASSED] - waitForElementClickable(findTestObject(orPath_Landing + "/button_Continue"), 5): Object 'Object Repository/RAD_Pages/Landing_Page/button_Continue' is clickable

2021-11-19 11:50:16 - [MESSAGE][PASSED] - Object 'Object Repository/RAD_Pages/Landing_Page/button_Continue' is clickable

2021-11-19 11:50:16 - [TEST_STEP][PASSED] - click(findTestObject(orPath_Landing + "/button_Continue")): Object: 'Object Repository/RAD_Pages/Landing_Page/button_Continue' is clicked on

2021-11-19 11:50:17 - [MESSAGE][PASSED] - Object: 'Object Repository/RAD_Pages/Landing_Page/button_Continue' is clicked on

2021-11-19 11:50:17 - [TEST_STEP][PASSED] - verifyTextPresent("Review the information below and make any necessary corrections by clicking the", true): Text 'Review the information below and make any necessary corrections by clicking the' is present on page  using regular expression

2021-11-19 11:50:17 - [MESSAGE][PASSED] - Text 'Review the information below and make any necessary corrections by clicking the' is present on page  using regular expression

2021-11-19 11:50:17 - [TEST_STEP][PASSED] - verifyTextPresent("When you are confident that all the information is correct", true): Text 'When you are confident that all the information is correct' is present on page  using regular expression

2021-11-19 11:50:18 - [MESSAGE][PASSED] - Text 'When you are confident that all the information is correct' is present on page  using regular expression

2021-11-19 11:50:18 - [TEST_STEP][PASSED] - delay(1): Delayed 1 second(s)

2021-11-19 11:50:19 - [MESSAGE][PASSED] - Delayed 1 second(s)

2021-11-19 11:50:19 - [TEST_STEP][PASSED] - click(findTestObject(orPath_Summary + "/button_Proceed to Payment")): Object: 'Object Repository/RAD_Pages/Summary_Page/button_Proceed to Payment' is clicked on

2021-11-19 11:50:21 - [MESSAGE][PASSED] - Object: 'Object Repository/RAD_Pages/Summary_Page/button_Proceed to Payment' is clicked on

2021-11-19 11:50:21 - [TEST_STEP][PASSED] - setText(findTestObject(orPath_PaymentEntry + "/input__cardNumber"), CCNumber): Text '6011000993026909' is set on object 'Object Repository/RAD_Pages/PaymentEntry_Page/input__cardNumber'

2021-11-19 11:50:22 - [MESSAGE][PASSED] - Text '6011000993026909' is set on object 'Object Repository/RAD_Pages/PaymentEntry_Page/input__cardNumber'

2021-11-19 11:50:22 - [TEST_STEP][PASSED] - setText(findTestObject(orPath_PaymentEntry + "/input__spc"), CVV): Text '123' is set on object 'Object Repository/RAD_Pages/PaymentEntry_Page/input__spc'

2021-11-19 11:50:23 - [MESSAGE][PASSED] - Text '123' is set on object 'Object Repository/RAD_Pages/PaymentEntry_Page/input__spc'

2021-11-19 11:50:23 - [TEST_STEP][PASSED] - selectOptionByLabel(findTestObject(orPath_PaymentEntry + "/select_MM"), "12", false): All options with label '12' are selected in object 'Object Repository/RAD_Pages/PaymentEntry_Page/select_MM' 

2021-11-19 11:50:24 - [MESSAGE][PASSED] - All options with label '12' are selected in object 'Object Repository/RAD_Pages/PaymentEntry_Page/select_MM' 

2021-11-19 11:50:24 - [TEST_STEP][PASSED] - selectOptionByLabel(findTestObject(orPath_PaymentEntry + "/select_YYYY"), "2023", false): All options with label '2023' are selected in object 'Object Repository/RAD_Pages/PaymentEntry_Page/select_YYYY' 

2021-11-19 11:50:24 - [MESSAGE][PASSED] - All options with label '2023' are selected in object 'Object Repository/RAD_Pages/PaymentEntry_Page/select_YYYY' 

2021-11-19 11:50:24 - [TEST_STEP][PASSED] - click(findTestObject(orPath_PaymentEntry + "/input_Field_ccSubmit")): Object: 'Object Repository/RAD_Pages/PaymentEntry_Page/input_Field_ccSubmit' is clicked on

2021-11-19 11:50:26 - [MESSAGE][PASSED] - Object: 'Object Repository/RAD_Pages/PaymentEntry_Page/input_Field_ccSubmit' is clicked on

2021-11-19 11:50:26 - [TEST_STEP][PASSED] - click(findTestObject(orPath_PaymentConfirmation + "/input_N_confirmNotifyAction")): Object: 'Object Repository/RAD_Pages/PaymentConfirmation_Page/input_N_confirmNotifyAction' is clicked on

2021-11-19 11:50:28 - [MESSAGE][PASSED] - Object: 'Object Repository/RAD_Pages/PaymentConfirmation_Page/input_N_confirmNotifyAction' is clicked on

2021-11-19 11:50:28 - [TEST_STEP][PASSED] - click(findTestObject(orPath_ServiceFeesAccept + "/input_convFeeNotifyAction")): Object: 'Object Repository/RAD_Pages/ServiceFeeAccept_Page/input_convFeeNotifyAction' is clicked on

2021-11-19 11:50:30 - [MESSAGE][PASSED] - Object: 'Object Repository/RAD_Pages/ServiceFeeAccept_Page/input_convFeeNotifyAction' is clicked on

2021-11-19 11:50:30 - [TEST_STEP][PASSED] - delay(10): Delayed 10 second(s)

2021-11-19 11:50:40 - [MESSAGE][PASSED] - Delayed 10 second(s)

2021-11-19 11:50:40 - [TEST_STEP][PASSED] - verifyTextPresent("Successful Payment Receipt", true): Text 'Successful Payment Receipt' is present on page  using regular expression

2021-11-19 11:50:40 - [MESSAGE][PASSED] - Text 'Successful Payment Receipt' is present on page  using regular expression

2021-11-19 11:50:40 - [TEST_STEP][PASSED] - if (verifyTextPresent("Successful Payment Receipt", true)): null

2021-11-19 11:50:41 - [MESSAGE][PASSED] - Text 'Successful Payment Receipt' is present on page  using regular expression

2021-11-19 11:50:41 - [TEST_STEP][PASSED] - println("Transaction was Successful"): null

2021-11-19 11:50:41 - [TEST_STEP][PASSED] - out.println("Pass Record Number: " + row): null

2021-11-19 11:50:41 - [TEST_STEP][PASSED] - resText = "Pass": null

2021-11-19 11:50:41 - [TEST_STEP][PASSED] - pages.WriteExcel.demoKey(resText, datText, resColumn, datCloumn, fileLoc, nameSheet, row): pages.WriteExcel.demoKey is PASSED

2021-11-19 11:50:41 - [MESSAGE][PASSED] - pages.WriteExcel.demoKey is PASSED

2021-11-19 11:50:41 - [TEST_STEP][PASSED] - ExecuteTC = findTestData(dataFile).getValue("Execute", row): null

2021-11-19 11:50:41 - [TEST_STEP][PASSED] - PaymentType = findTestData(dataFile).getValue("PaymentType", row): null

2021-11-19 11:50:41 - [TEST_STEP][PASSED] - FilingYear = findTestData(dataFile).getValue("FilingYear", row): null

2021-11-19 11:50:41 - [TEST_STEP][PASSED] - PeriodEnding = findTestData(dataFile).getValue("PeriodEnding", row): null

2021-11-19 11:50:41 - [TEST_STEP][PASSED] - FName = findTestData(dataFile).getValue("Fname", row): null

2021-11-19 11:50:41 - [TEST_STEP][PASSED] - LName = findTestData(dataFile).getValue("Lname", row): null

2021-11-19 11:50:41 - [TEST_STEP][PASSED] - SSN = findTestData(dataFile).getValue("SSN", row): null

2021-11-19 11:50:41 - [TEST_STEP][PASSED] - BusName = findTestData(dataFile).getValue("BusName", row): null

2021-11-19 11:50:41 - [TEST_STEP][PASSED] - AL1 = findTestData(dataFile).getValue("AL1", row): null

2021-11-19 11:50:41 - [TEST_STEP][PASSED] - City = findTestData(dataFile).getValue("City", row): null

2021-11-19 11:50:41 - [TEST_STEP][PASSED] - ZIP = findTestData(dataFile).getValue("ZIP", row): null

2021-11-19 11:50:41 - [TEST_STEP][PASSED] - FilingType = findTestData(dataFile).getValue("FilingType", row): null

2021-11-19 11:50:41 - [TEST_STEP][PASSED] - Withholding = findTestData(dataFile).getValue("Withholding", row): null

2021-11-19 11:50:41 - [TEST_STEP][PASSED] - Amount = findTestData(dataFile).getValue("Amount", row): null

2021-11-19 11:50:41 - [TEST_STEP][PASSED] - CCNumber = findTestData(dataFile).getValue("CCNumber", row): null

2021-11-19 11:50:41 - [TEST_STEP][PASSED] - CVV = findTestData(dataFile).getValue("CVV", row): null

2021-11-19 11:50:41 - [TEST_STEP][PASSED] - out.println("Value of Execute is : " + ExecuteTC): null

2021-11-19 11:50:41 - [TEST_STEP][PASSED] - if (ExecuteTC.equalsIgnoreCase("Y")): null

2021-11-19 11:50:41 - [TEST_STEP][PASSED] - out.println("Begin Record Number: " + row): null

2021-11-19 11:50:41 - [TEST_STEP][PASSED] - today = new java.util.Date(): null

2021-11-19 11:50:41 - [TEST_STEP][PASSED] - println(today): null

2021-11-19 11:50:41 - [TEST_STEP][PASSED] - datText = today: null

2021-11-19 11:50:41 - [TEST_STEP][PASSED] - Taxtype = findTestData(dataFile).getValue("TaxType", row): null

2021-11-19 11:50:41 - [TEST_STEP][PASSED] - out.println("Taxtype value is : " + Taxtype): null

2021-11-19 11:50:41 - [TEST_STEP][PASSED] - openBrowser(""): Browser is opened with url: ''

2021-11-19 11:50:41 - [MESSAGE][WARNING] - A browser is already opened. Closing browser and opening a new one

2021-11-19 11:50:42 - [MESSAGE][INFO] - Starting 'Chrome' driver

2021-11-19 11:50:42 - [MESSAGE][INFO] - User set preference: ['acceptInsecureCerts', 'true']

2021-11-19 11:50:42 - [MESSAGE][INFO] - Action delay is set to 0 milliseconds

2021-11-19 11:50:44 - [MESSAGE][PASSED] - Browser is opened with url: ''

2021-11-19 11:50:44 - [TEST_STEP][PASSED] - maximizeWindow(): Current window maximized

2021-11-19 11:50:44 - [MESSAGE][PASSED] - Current window maximized

2021-11-19 11:50:44 - [TEST_STEP][PASSED] - navigateToUrl(RADurl): Navigate to 'https://qa.velocitypayment.com/client/rad/index.html' successfully

2021-11-19 11:50:46 - [MESSAGE][PASSED] - Navigate to 'https://qa.velocitypayment.com/client/rad/index.html' successfully

2021-11-19 11:50:46 - [TEST_STEP][PASSED] - orPath_Landing = "Object Repository/RAD_Pages/Landing_Page": null

2021-11-19 11:50:46 - [TEST_STEP][PASSED] - orPath_TaxTypeFilingYear = "Object Repository/RAD_Pages/TaxTypeFilingYear_Page": null

2021-11-19 11:50:46 - [TEST_STEP][PASSED] - orPath_TaxPayer = "Object Repository/RAD_Pages/Taxpayer_Page": null

2021-11-19 11:50:46 - [TEST_STEP][PASSED] - orPath_AddressContact = "Object Repository/RAD_Pages/AddressAndContactInfo_Page": null

2021-11-19 11:50:46 - [TEST_STEP][PASSED] - orPath_FilingStatus = "Object Repository/RAD_Pages/FilingStatus_Page": null

2021-11-19 11:50:46 - [TEST_STEP][PASSED] - orPath_Amount = "Object Repository/RAD_Pages/PaymentAmount_Page": null

2021-11-19 11:50:46 - [TEST_STEP][PASSED] - orPath_TaxInfo = "Object Repository/RAD_Pages/TaxInfo_Page": null

2021-11-19 11:50:46 - [TEST_STEP][PASSED] - orPath_Withholding = "Object Repository/RAD_Pages/Withholding_Page": null

2021-11-19 11:50:46 - [TEST_STEP][PASSED] - orPath_Summary = "Object Repository/RAD_Pages/Summary_Page": null

2021-11-19 11:50:46 - [TEST_STEP][PASSED] - orPath_PaymentReady = "Object Repository/RAD_Pages/PaymentReady_Page": null

2021-11-19 11:50:46 - [TEST_STEP][PASSED] - orPath_PaymentEntry = "Object Repository/RAD_Pages/PaymentEntry_Page": null

2021-11-19 11:50:46 - [TEST_STEP][PASSED] - orPath_PaymentConfirmation = "Object Repository/RAD_Pages/PaymentConfirmation_Page": null

2021-11-19 11:50:46 - [TEST_STEP][PASSED] - orPath_ServiceFeesAccept = "Object Repository/RAD_Pages/ServiceFeeAccept_Page": null

2021-11-19 11:50:46 - [TEST_STEP][PASSED] - selectOptionByLabel(findTestObject(orPath_Landing + "/dd_TaxType"), Taxtype, false): All options with label 'Sales and Use' are selected in object 'Object Repository/RAD_Pages/Landing_Page/dd_TaxType' 

2021-11-19 11:50:46 - [MESSAGE][PASSED] - All options with label 'Sales and Use' are selected in object 'Object Repository/RAD_Pages/Landing_Page/dd_TaxType' 

2021-11-19 11:50:46 - [TEST_STEP][PASSED] - delay(3): Delayed 3 second(s)

2021-11-19 11:50:49 - [MESSAGE][PASSED] - Delayed 3 second(s)

2021-11-19 11:50:49 - [TEST_STEP][PASSED] - switch (Taxtype): null

2021-11-19 11:50:49 - [TEST_STEP][PASSED] - case "Sales and Use":: null

2021-11-19 11:50:49 - [TEST_STEP][PASSED] - selectOptionByLabel(findTestObject(orPath_TaxTypeFilingYear + "/select_FilingYear"), FilingYear, false): All options with label '2021' are selected in object 'Object Repository/RAD_Pages/TaxTypeFilingYear_Page/select_FilingYear' 

2021-11-19 11:50:50 - [MESSAGE][PASSED] - All options with label '2021' are selected in object 'Object Repository/RAD_Pages/TaxTypeFilingYear_Page/select_FilingYear' 

2021-11-19 11:50:50 - [TEST_STEP][PASSED] - selectOptionByLabel(findTestObject(orPath_TaxTypeFilingYear + "/select_PeriodEnding"), PeriodEnding, false): All options with label 'July' are selected in object 'Object Repository/RAD_Pages/TaxTypeFilingYear_Page/select_PeriodEnding' 

2021-11-19 11:50:51 - [MESSAGE][PASSED] - All options with label 'July' are selected in object 'Object Repository/RAD_Pages/TaxTypeFilingYear_Page/select_PeriodEnding' 

2021-11-19 11:50:51 - [TEST_STEP][PASSED] - setText(findTestObject(orPath_TaxPayer + "/input_businessName"), BusName): Text 'Superior, Painters' is set on object 'Object Repository/RAD_Pages/Taxpayer_Page/input_businessName'

2021-11-19 11:50:52 - [MESSAGE][PASSED] - Text 'Superior, Painters' is set on object 'Object Repository/RAD_Pages/Taxpayer_Page/input_businessName'

2021-11-19 11:50:52 - [TEST_STEP][PASSED] - setEncryptedText(findTestObject(orPath_TaxInfo + "/input_FederalEIN"), "0fDtEjy4ijeV75Gl5M+mSg=="): Text ****** has been set on object 'Object Repository/RAD_Pages/TaxInfo_Page/input_FederalEIN'

2021-11-19 11:51:23 - [MESSAGE][INFO] - Unable to find the element located by 'By.xpath: //*[@id = 'data' and @name = 'Data' and @type = 'password' and @placeholder = 'Federal EIN']'. Please recheck the objects properties to make sure the desired element is located. 

2021-11-19 11:51:23 - [MESSAGE][WARNING] - [SELF-HEALING] Failed to find element with id 'Object Repository/RAD_Pages/TaxInfo_Page/input_FederalEIN'. Try using Self-healing.

2021-11-19 11:51:23 - [MESSAGE][WARNING] - [SELF-HEALING] The current locator of test object 'Object Repository/RAD_Pages/TaxInfo_Page/input_FederalEIN' was broken. Propose an alternative one: '#data'.

2021-11-19 11:51:23 - [MESSAGE][PASSED] - Text ****** has been set on object 'Object Repository/RAD_Pages/TaxInfo_Page/input_FederalEIN'

2021-11-19 11:51:23 - [TEST_STEP][PASSED] - setEncryptedText(findTestObject(orPath_TaxInfo + "/input_FederalEIN_ReEnter"), "0fDtEjy4ijeV75Gl5M+mSg=="): Text ****** has been set on object 'Object Repository/RAD_Pages/TaxInfo_Page/input_FederalEIN_ReEnter'

2021-11-19 11:51:55 - [MESSAGE][INFO] - Unable to find the element located by 'By.xpath: //*[@id = 'data' and @name = 'Data' and @type = 'password' and @placeholder = 'Re-Type Federal EIN']'. Please recheck the objects properties to make sure the desired element is located. 

2021-11-19 11:51:55 - [MESSAGE][WARNING] - [SELF-HEALING] Failed to find element with id 'Object Repository/RAD_Pages/TaxInfo_Page/input_FederalEIN_ReEnter'. Try using Self-healing.

2021-11-19 11:51:55 - [MESSAGE][WARNING] - [SELF-HEALING] The current locator of test object 'Object Repository/RAD_Pages/TaxInfo_Page/input_FederalEIN_ReEnter' was broken. Propose an alternative one: '//input[@id='data']'.

2021-11-19 11:51:55 - [MESSAGE][PASSED] - Text ****** has been set on object 'Object Repository/RAD_Pages/TaxInfo_Page/input_FederalEIN_ReEnter'

2021-11-19 11:51:55 - [TEST_STEP][PASSED] - setText(findTestObject(orPath_TaxInfo + "/input_MDCRegistration"), "07640126"): Text '07640126' is set on object 'Object Repository/RAD_Pages/TaxInfo_Page/input_MDCRegistration'

2021-11-19 11:51:56 - [MESSAGE][PASSED] - Text '07640126' is set on object 'Object Repository/RAD_Pages/TaxInfo_Page/input_MDCRegistration'

2021-11-19 11:51:56 - [TEST_STEP][PASSED] - break: null

2021-11-19 11:51:56 - [TEST_STEP][PASSED] - setText(findTestObject(orPath_TaxPayer + "/input_firstName"), FName): Text 'Andrew' is set on object 'Object Repository/RAD_Pages/Taxpayer_Page/input_firstName'

2021-11-19 11:51:56 - [MESSAGE][PASSED] - Text 'Andrew' is set on object 'Object Repository/RAD_Pages/Taxpayer_Page/input_firstName'

2021-11-19 11:51:56 - [TEST_STEP][PASSED] - setText(findTestObject(orPath_TaxPayer + "/input_lastName"), LName): Text 'Cook' is set on object 'Object Repository/RAD_Pages/Taxpayer_Page/input_lastName'

2021-11-19 11:51:57 - [MESSAGE][PASSED] - Text 'Cook' is set on object 'Object Repository/RAD_Pages/Taxpayer_Page/input_lastName'

2021-11-19 11:51:57 - [TEST_STEP][PASSED] - selectOptionByLabel(findTestObject(orPath_AddressContact + "/select_Country"), "United States", false): All options with label 'United States' are selected in object 'Object Repository/RAD_Pages/AddressAndContactInfo_Page/select_Country' 

2021-11-19 11:51:58 - [MESSAGE][PASSED] - All options with label 'United States' are selected in object 'Object Repository/RAD_Pages/AddressAndContactInfo_Page/select_Country' 

2021-11-19 11:51:58 - [TEST_STEP][PASSED] - setText(findTestObject(orPath_AddressContact + "/input_streetAddress1"), AL1): Text '3652 Mandan road' is set on object 'Object Repository/RAD_Pages/AddressAndContactInfo_Page/input_streetAddress1'

2021-11-19 11:51:58 - [MESSAGE][PASSED] - Text '3652 Mandan road' is set on object 'Object Repository/RAD_Pages/AddressAndContactInfo_Page/input_streetAddress1'

2021-11-19 11:51:58 - [TEST_STEP][PASSED] - setText(findTestObject(orPath_AddressContact + "/input_streetAddress2"), ""): Text '' is set on object 'Object Repository/RAD_Pages/AddressAndContactInfo_Page/input_streetAddress2'

2021-11-19 11:51:59 - [MESSAGE][PASSED] - Text '' is set on object 'Object Repository/RAD_Pages/AddressAndContactInfo_Page/input_streetAddress2'

2021-11-19 11:51:59 - [TEST_STEP][PASSED] - setText(findTestObject(orPath_AddressContact + "/input_city"), City): Text 'Crofton' is set on object 'Object Repository/RAD_Pages/AddressAndContactInfo_Page/input_city'

2021-11-19 11:52:00 - [MESSAGE][PASSED] - Text 'Crofton' is set on object 'Object Repository/RAD_Pages/AddressAndContactInfo_Page/input_city'

2021-11-19 11:52:00 - [TEST_STEP][PASSED] - selectOptionByLabel(findTestObject(orPath_AddressContact + "/select_State"), "Maryland", false): All options with label 'Maryland' are selected in object 'Object Repository/RAD_Pages/AddressAndContactInfo_Page/select_State' 

2021-11-19 11:52:01 - [MESSAGE][PASSED] - All options with label 'Maryland' are selected in object 'Object Repository/RAD_Pages/AddressAndContactInfo_Page/select_State' 

2021-11-19 11:52:01 - [TEST_STEP][PASSED] - setText(findTestObject(orPath_AddressContact + "/input_zipCode"), ZIP): Text '21114' is set on object 'Object Repository/RAD_Pages/AddressAndContactInfo_Page/input_zipCode'

2021-11-19 11:52:01 - [MESSAGE][PASSED] - Text '21114' is set on object 'Object Repository/RAD_Pages/AddressAndContactInfo_Page/input_zipCode'

2021-11-19 11:52:01 - [TEST_STEP][PASSED] - setText(findTestObject(orPath_AddressContact + "/input_phoneNumber"), "(703) 894-5000"): Text '(703) 894-5000' is set on object 'Object Repository/RAD_Pages/AddressAndContactInfo_Page/input_phoneNumber'

2021-11-19 11:52:02 - [MESSAGE][PASSED] - Text '(703) 894-5000' is set on object 'Object Repository/RAD_Pages/AddressAndContactInfo_Page/input_phoneNumber'

2021-11-19 11:52:02 - [TEST_STEP][PASSED] - setText(findTestObject(orPath_AddressContact + "/input_eMailAddress"), "iahmed@govolution.com"): Text 'iahmed@govolution.com' is set on object 'Object Repository/RAD_Pages/AddressAndContactInfo_Page/input_eMailAddress'

2021-11-19 11:52:03 - [MESSAGE][PASSED] - Text 'iahmed@govolution.com' is set on object 'Object Repository/RAD_Pages/AddressAndContactInfo_Page/input_eMailAddress'

2021-11-19 11:52:03 - [TEST_STEP][PASSED] - setText(findTestObject(orPath_AddressContact + "/input_reEnterEMailAddress"), "iahmed@govolution.com"): Text 'iahmed@govolution.com' is set on object 'Object Repository/RAD_Pages/AddressAndContactInfo_Page/input_reEnterEMailAddress'

2021-11-19 11:52:04 - [MESSAGE][PASSED] - Text 'iahmed@govolution.com' is set on object 'Object Repository/RAD_Pages/AddressAndContactInfo_Page/input_reEnterEMailAddress'

2021-11-19 11:52:04 - [TEST_STEP][PASSED] - setText(findTestObject(orPath_Amount + "/input__paymentAmount"), Amount): Text '100.00' is set on object 'Object Repository/RAD_Pages/PaymentAmount_Page/input__paymentAmount'

2021-11-19 11:52:04 - [MESSAGE][PASSED] - Text '100.00' is set on object 'Object Repository/RAD_Pages/PaymentAmount_Page/input__paymentAmount'

2021-11-19 11:52:04 - [TEST_STEP][PASSED] - scrollToElement(findTestObject(orPath_Landing + "/button_Continue"), 3): Scroll to object 'Object Repository/RAD_Pages/Landing_Page/button_Continue' successfully

2021-11-19 11:52:05 - [MESSAGE][PASSED] - Scroll to object 'Object Repository/RAD_Pages/Landing_Page/button_Continue' successfully

2021-11-19 11:52:05 - [TEST_STEP][PASSED] - waitForElementClickable(findTestObject(orPath_Landing + "/button_Continue"), 5): Object 'Object Repository/RAD_Pages/Landing_Page/button_Continue' is clickable

2021-11-19 11:52:05 - [MESSAGE][PASSED] - Object 'Object Repository/RAD_Pages/Landing_Page/button_Continue' is clickable

2021-11-19 11:52:05 - [TEST_STEP][PASSED] - click(findTestObject(orPath_Landing + "/button_Continue")): Object: 'Object Repository/RAD_Pages/Landing_Page/button_Continue' is clicked on

2021-11-19 11:52:06 - [MESSAGE][PASSED] - Object: 'Object Repository/RAD_Pages/Landing_Page/button_Continue' is clicked on

2021-11-19 11:52:06 - [TEST_STEP][PASSED] - verifyTextPresent("Review the information below and make any necessary corrections by clicking the", true): Text 'Review the information below and make any necessary corrections by clicking the' is present on page  using regular expression

2021-11-19 11:52:06 - [MESSAGE][PASSED] - Text 'Review the information below and make any necessary corrections by clicking the' is present on page  using regular expression

2021-11-19 11:52:06 - [TEST_STEP][PASSED] - verifyTextPresent("When you are confident that all the information is correct", true): Text 'When you are confident that all the information is correct' is present on page  using regular expression

2021-11-19 11:52:07 - [MESSAGE][PASSED] - Text 'When you are confident that all the information is correct' is present on page  using regular expression

2021-11-19 11:52:07 - [TEST_STEP][PASSED] - delay(1): Delayed 1 second(s)

2021-11-19 11:52:08 - [MESSAGE][PASSED] - Delayed 1 second(s)

2021-11-19 11:52:08 - [TEST_STEP][PASSED] - click(findTestObject(orPath_Summary + "/button_Proceed to Payment")): Object: 'Object Repository/RAD_Pages/Summary_Page/button_Proceed to Payment' is clicked on

2021-11-19 11:52:10 - [MESSAGE][PASSED] - Object: 'Object Repository/RAD_Pages/Summary_Page/button_Proceed to Payment' is clicked on

2021-11-19 11:52:10 - [TEST_STEP][PASSED] - setText(findTestObject(orPath_PaymentEntry + "/input__cardNumber"), CCNumber): Text '4012000098765439' is set on object 'Object Repository/RAD_Pages/PaymentEntry_Page/input__cardNumber'

2021-11-19 11:52:11 - [MESSAGE][PASSED] - Text '4012000098765439' is set on object 'Object Repository/RAD_Pages/PaymentEntry_Page/input__cardNumber'

2021-11-19 11:52:11 - [TEST_STEP][PASSED] - setText(findTestObject(orPath_PaymentEntry + "/input__spc"), CVV): Text '123' is set on object 'Object Repository/RAD_Pages/PaymentEntry_Page/input__spc'

2021-11-19 11:52:11 - [MESSAGE][PASSED] - Text '123' is set on object 'Object Repository/RAD_Pages/PaymentEntry_Page/input__spc'

2021-11-19 11:52:11 - [TEST_STEP][PASSED] - selectOptionByLabel(findTestObject(orPath_PaymentEntry + "/select_MM"), "12", false): All options with label '12' are selected in object 'Object Repository/RAD_Pages/PaymentEntry_Page/select_MM' 

2021-11-19 11:52:12 - [MESSAGE][PASSED] - All options with label '12' are selected in object 'Object Repository/RAD_Pages/PaymentEntry_Page/select_MM' 

2021-11-19 11:52:12 - [TEST_STEP][PASSED] - selectOptionByLabel(findTestObject(orPath_PaymentEntry + "/select_YYYY"), "2023", false): All options with label '2023' are selected in object 'Object Repository/RAD_Pages/PaymentEntry_Page/select_YYYY' 

2021-11-19 11:52:13 - [MESSAGE][PASSED] - All options with label '2023' are selected in object 'Object Repository/RAD_Pages/PaymentEntry_Page/select_YYYY' 

2021-11-19 11:52:13 - [TEST_STEP][PASSED] - click(findTestObject(orPath_PaymentEntry + "/input_Field_ccSubmit")): Object: 'Object Repository/RAD_Pages/PaymentEntry_Page/input_Field_ccSubmit' is clicked on

2021-11-19 11:52:14 - [MESSAGE][PASSED] - Object: 'Object Repository/RAD_Pages/PaymentEntry_Page/input_Field_ccSubmit' is clicked on

2021-11-19 11:52:14 - [TEST_STEP][PASSED] - click(findTestObject(orPath_PaymentConfirmation + "/input_N_confirmNotifyAction")): Object: 'Object Repository/RAD_Pages/PaymentConfirmation_Page/input_N_confirmNotifyAction' is clicked on

2021-11-19 11:52:15 - [MESSAGE][PASSED] - Object: 'Object Repository/RAD_Pages/PaymentConfirmation_Page/input_N_confirmNotifyAction' is clicked on

2021-11-19 11:52:15 - [TEST_STEP][PASSED] - click(findTestObject(orPath_ServiceFeesAccept + "/input_convFeeNotifyAction")): Object: 'Object Repository/RAD_Pages/ServiceFeeAccept_Page/input_convFeeNotifyAction' is clicked on

2021-11-19 11:52:17 - [MESSAGE][PASSED] - Object: 'Object Repository/RAD_Pages/ServiceFeeAccept_Page/input_convFeeNotifyAction' is clicked on

2021-11-19 11:52:17 - [TEST_STEP][PASSED] - delay(10): Delayed 10 second(s)

2021-11-19 11:52:27 - [MESSAGE][PASSED] - Delayed 10 second(s)

2021-11-19 11:52:27 - [TEST_STEP][PASSED] - verifyTextPresent("Successful Payment Receipt", true): Text 'Successful Payment Receipt' is present on page  using regular expression

2021-11-19 11:52:27 - [MESSAGE][PASSED] - Text 'Successful Payment Receipt' is present on page  using regular expression

2021-11-19 11:52:27 - [TEST_STEP][PASSED] - if (verifyTextPresent("Successful Payment Receipt", true)): null

2021-11-19 11:52:28 - [MESSAGE][PASSED] - Text 'Successful Payment Receipt' is present on page  using regular expression

2021-11-19 11:52:28 - [TEST_STEP][PASSED] - println("Transaction was Successful"): null

2021-11-19 11:52:28 - [TEST_STEP][PASSED] - out.println("Pass Record Number: " + row): null

2021-11-19 11:52:28 - [TEST_STEP][PASSED] - resText = "Pass": null

2021-11-19 11:52:28 - [TEST_STEP][PASSED] - pages.WriteExcel.demoKey(resText, datText, resColumn, datCloumn, fileLoc, nameSheet, row): pages.WriteExcel.demoKey is PASSED

2021-11-19 11:52:28 - [MESSAGE][PASSED] - pages.WriteExcel.demoKey is PASSED

2021-11-19 11:52:28 - [TEST_STEP][PASSED] - ExecuteTC = findTestData(dataFile).getValue("Execute", row): null

2021-11-19 11:52:28 - [TEST_STEP][PASSED] - PaymentType = findTestData(dataFile).getValue("PaymentType", row): null

2021-11-19 11:52:28 - [TEST_STEP][PASSED] - FilingYear = findTestData(dataFile).getValue("FilingYear", row): null

2021-11-19 11:52:28 - [TEST_STEP][PASSED] - PeriodEnding = findTestData(dataFile).getValue("PeriodEnding", row): null

2021-11-19 11:52:28 - [TEST_STEP][PASSED] - FName = findTestData(dataFile).getValue("Fname", row): null

2021-11-19 11:52:28 - [TEST_STEP][PASSED] - LName = findTestData(dataFile).getValue("Lname", row): null

2021-11-19 11:52:28 - [TEST_STEP][PASSED] - SSN = findTestData(dataFile).getValue("SSN", row): null

2021-11-19 11:52:28 - [TEST_STEP][PASSED] - BusName = findTestData(dataFile).getValue("BusName", row): null

2021-11-19 11:52:28 - [TEST_STEP][PASSED] - AL1 = findTestData(dataFile).getValue("AL1", row): null

2021-11-19 11:52:28 - [TEST_STEP][PASSED] - City = findTestData(dataFile).getValue("City", row): null

2021-11-19 11:52:28 - [TEST_STEP][PASSED] - ZIP = findTestData(dataFile).getValue("ZIP", row): null

2021-11-19 11:52:28 - [TEST_STEP][PASSED] - FilingType = findTestData(dataFile).getValue("FilingType", row): null

2021-11-19 11:52:28 - [TEST_STEP][PASSED] - Withholding = findTestData(dataFile).getValue("Withholding", row): null

2021-11-19 11:52:28 - [TEST_STEP][PASSED] - Amount = findTestData(dataFile).getValue("Amount", row): null

2021-11-19 11:52:28 - [TEST_STEP][PASSED] - CCNumber = findTestData(dataFile).getValue("CCNumber", row): null

2021-11-19 11:52:28 - [TEST_STEP][PASSED] - CVV = findTestData(dataFile).getValue("CVV", row): null

2021-11-19 11:52:28 - [TEST_STEP][PASSED] - out.println("Value of Execute is : " + ExecuteTC): null

2021-11-19 11:52:28 - [TEST_STEP][FAILED] - if (ExecuteTC.equalsIgnoreCase("Y")): null

2021-11-19 11:52:28 - [TEST_STEP][PASSED] - out.println("Begin Record Number: " + row): null

2021-11-19 11:52:28 - [TEST_STEP][PASSED] - today = new java.util.Date(): null

2021-11-19 11:52:28 - [TEST_STEP][PASSED] - println(today): null

2021-11-19 11:52:28 - [TEST_STEP][PASSED] - datText = today: null

2021-11-19 11:52:28 - [TEST_STEP][PASSED] - Taxtype = findTestData(dataFile).getValue("TaxType", row): null

2021-11-19 11:52:28 - [TEST_STEP][PASSED] - out.println("Taxtype value is : " + Taxtype): null

2021-11-19 11:52:28 - [TEST_STEP][PASSED] - openBrowser(""): Browser is opened with url: ''

2021-11-19 11:52:28 - [MESSAGE][WARNING] - A browser is already opened. Closing browser and opening a new one

2021-11-19 11:52:29 - [MESSAGE][INFO] - Starting 'Chrome' driver

2021-11-19 11:52:29 - [MESSAGE][INFO] - User set preference: ['acceptInsecureCerts', 'true']

2021-11-19 11:52:29 - [MESSAGE][INFO] - Action delay is set to 0 milliseconds

2021-11-19 11:52:31 - [MESSAGE][PASSED] - Browser is opened with url: ''

2021-11-19 11:52:31 - [TEST_STEP][PASSED] - maximizeWindow(): Current window maximized

2021-11-19 11:52:31 - [MESSAGE][PASSED] - Current window maximized

2021-11-19 11:52:31 - [TEST_STEP][PASSED] - navigateToUrl(RADurl): Navigate to 'https://qa.velocitypayment.com/client/rad/index.html' successfully

2021-11-19 11:52:33 - [MESSAGE][PASSED] - Navigate to 'https://qa.velocitypayment.com/client/rad/index.html' successfully

2021-11-19 11:52:33 - [TEST_STEP][PASSED] - orPath_Landing = "Object Repository/RAD_Pages/Landing_Page": null

2021-11-19 11:52:33 - [TEST_STEP][PASSED] - orPath_TaxTypeFilingYear = "Object Repository/RAD_Pages/TaxTypeFilingYear_Page": null

2021-11-19 11:52:33 - [TEST_STEP][PASSED] - orPath_TaxPayer = "Object Repository/RAD_Pages/Taxpayer_Page": null

2021-11-19 11:52:33 - [TEST_STEP][PASSED] - orPath_AddressContact = "Object Repository/RAD_Pages/AddressAndContactInfo_Page": null

2021-11-19 11:52:33 - [TEST_STEP][PASSED] - orPath_FilingStatus = "Object Repository/RAD_Pages/FilingStatus_Page": null

2021-11-19 11:52:33 - [TEST_STEP][PASSED] - orPath_Amount = "Object Repository/RAD_Pages/PaymentAmount_Page": null

2021-11-19 11:52:33 - [TEST_STEP][PASSED] - orPath_TaxInfo = "Object Repository/RAD_Pages/TaxInfo_Page": null

2021-11-19 11:52:33 - [TEST_STEP][PASSED] - orPath_Withholding = "Object Repository/RAD_Pages/Withholding_Page": null

2021-11-19 11:52:33 - [TEST_STEP][PASSED] - orPath_Summary = "Object Repository/RAD_Pages/Summary_Page": null

2021-11-19 11:52:33 - [TEST_STEP][PASSED] - orPath_PaymentReady = "Object Repository/RAD_Pages/PaymentReady_Page": null

2021-11-19 11:52:33 - [TEST_STEP][PASSED] - orPath_PaymentEntry = "Object Repository/RAD_Pages/PaymentEntry_Page": null

2021-11-19 11:52:33 - [TEST_STEP][PASSED] - orPath_PaymentConfirmation = "Object Repository/RAD_Pages/PaymentConfirmation_Page": null

2021-11-19 11:52:33 - [TEST_STEP][PASSED] - orPath_ServiceFeesAccept = "Object Repository/RAD_Pages/ServiceFeeAccept_Page": null

2021-11-19 11:52:33 - [TEST_STEP][PASSED] - selectOptionByLabel(findTestObject(orPath_Landing + "/dd_TaxType"), Taxtype, false): All options with label 'Sales and Use' are selected in object 'Object Repository/RAD_Pages/Landing_Page/dd_TaxType' 

2021-11-19 11:52:34 - [MESSAGE][PASSED] - All options with label 'Sales and Use' are selected in object 'Object Repository/RAD_Pages/Landing_Page/dd_TaxType' 

2021-11-19 11:52:34 - [TEST_STEP][PASSED] - delay(3): Delayed 3 second(s)

2021-11-19 11:52:37 - [MESSAGE][PASSED] - Delayed 3 second(s)

2021-11-19 11:52:37 - [TEST_STEP][PASSED] - switch (Taxtype): null

2021-11-19 11:52:37 - [TEST_STEP][PASSED] - case "Sales and Use":: null

2021-11-19 11:52:37 - [TEST_STEP][PASSED] - selectOptionByLabel(findTestObject(orPath_TaxTypeFilingYear + "/select_FilingYear"), FilingYear, false): All options with label '2020' are selected in object 'Object Repository/RAD_Pages/TaxTypeFilingYear_Page/select_FilingYear' 

2021-11-19 11:52:37 - [MESSAGE][PASSED] - All options with label '2020' are selected in object 'Object Repository/RAD_Pages/TaxTypeFilingYear_Page/select_FilingYear' 

2021-11-19 11:52:37 - [TEST_STEP][PASSED] - selectOptionByLabel(findTestObject(orPath_TaxTypeFilingYear + "/select_PeriodEnding"), PeriodEnding, false): All options with label 'December' are selected in object 'Object Repository/RAD_Pages/TaxTypeFilingYear_Page/select_PeriodEnding' 

2021-11-19 11:52:38 - [MESSAGE][PASSED] - All options with label 'December' are selected in object 'Object Repository/RAD_Pages/TaxTypeFilingYear_Page/select_PeriodEnding' 

2021-11-19 11:52:38 - [TEST_STEP][PASSED] - setText(findTestObject(orPath_TaxPayer + "/input_businessName"), BusName): Text 'Light Car Wash' is set on object 'Object Repository/RAD_Pages/Taxpayer_Page/input_businessName'

2021-11-19 11:52:39 - [MESSAGE][PASSED] - Text 'Light Car Wash' is set on object 'Object Repository/RAD_Pages/Taxpayer_Page/input_businessName'

2021-11-19 11:52:39 - [TEST_STEP][PASSED] - setEncryptedText(findTestObject(orPath_TaxInfo + "/input_FederalEIN"), "0fDtEjy4ijeV75Gl5M+mSg=="): Text ****** has been set on object 'Object Repository/RAD_Pages/TaxInfo_Page/input_FederalEIN'

2021-11-19 11:53:10 - [MESSAGE][INFO] - Unable to find the element located by 'By.xpath: //*[@id = 'data' and @name = 'Data' and @type = 'password' and @placeholder = 'Federal EIN']'. Please recheck the objects properties to make sure the desired element is located. 

2021-11-19 11:53:10 - [MESSAGE][WARNING] - [SELF-HEALING] Failed to find element with id 'Object Repository/RAD_Pages/TaxInfo_Page/input_FederalEIN'. Try using Self-healing.

2021-11-19 11:53:10 - [MESSAGE][WARNING] - [SELF-HEALING] The current locator of test object 'Object Repository/RAD_Pages/TaxInfo_Page/input_FederalEIN' was broken. Propose an alternative one: '#data'.

2021-11-19 11:53:10 - [MESSAGE][PASSED] - Text ****** has been set on object 'Object Repository/RAD_Pages/TaxInfo_Page/input_FederalEIN'

2021-11-19 11:53:10 - [TEST_STEP][PASSED] - setEncryptedText(findTestObject(orPath_TaxInfo + "/input_FederalEIN_ReEnter"), "0fDtEjy4ijeV75Gl5M+mSg=="): Text ****** has been set on object 'Object Repository/RAD_Pages/TaxInfo_Page/input_FederalEIN_ReEnter'

2021-11-19 11:53:42 - [MESSAGE][INFO] - Unable to find the element located by 'By.xpath: //*[@id = 'data' and @name = 'Data' and @type = 'password' and @placeholder = 'Re-Type Federal EIN']'. Please recheck the objects properties to make sure the desired element is located. 

2021-11-19 11:53:42 - [MESSAGE][WARNING] - [SELF-HEALING] Failed to find element with id 'Object Repository/RAD_Pages/TaxInfo_Page/input_FederalEIN_ReEnter'. Try using Self-healing.

2021-11-19 11:53:42 - [MESSAGE][WARNING] - [SELF-HEALING] The current locator of test object 'Object Repository/RAD_Pages/TaxInfo_Page/input_FederalEIN_ReEnter' was broken. Propose an alternative one: '//input[@id='data']'.

2021-11-19 11:53:42 - [MESSAGE][PASSED] - Text ****** has been set on object 'Object Repository/RAD_Pages/TaxInfo_Page/input_FederalEIN_ReEnter'

2021-11-19 11:53:42 - [TEST_STEP][PASSED] - setText(findTestObject(orPath_TaxInfo + "/input_MDCRegistration"), "07640126"): Text '07640126' is set on object 'Object Repository/RAD_Pages/TaxInfo_Page/input_MDCRegistration'

2021-11-19 11:53:43 - [MESSAGE][PASSED] - Text '07640126' is set on object 'Object Repository/RAD_Pages/TaxInfo_Page/input_MDCRegistration'

2021-11-19 11:53:43 - [TEST_STEP][PASSED] - break: null

2021-11-19 11:53:43 - [TEST_STEP][PASSED] - setText(findTestObject(orPath_TaxPayer + "/input_firstName"), FName): Text 'Larsons' is set on object 'Object Repository/RAD_Pages/Taxpayer_Page/input_firstName'

2021-11-19 11:53:43 - [MESSAGE][PASSED] - Text 'Larsons' is set on object 'Object Repository/RAD_Pages/Taxpayer_Page/input_firstName'

2021-11-19 11:53:43 - [TEST_STEP][PASSED] - setText(findTestObject(orPath_TaxPayer + "/input_lastName"), LName): Text 'Bell' is set on object 'Object Repository/RAD_Pages/Taxpayer_Page/input_lastName'

2021-11-19 11:53:44 - [MESSAGE][PASSED] - Text 'Bell' is set on object 'Object Repository/RAD_Pages/Taxpayer_Page/input_lastName'

2021-11-19 11:53:44 - [TEST_STEP][PASSED] - selectOptionByLabel(findTestObject(orPath_AddressContact + "/select_Country"), "United States", false): All options with label 'United States' are selected in object 'Object Repository/RAD_Pages/AddressAndContactInfo_Page/select_Country' 

2021-11-19 11:53:45 - [MESSAGE][PASSED] - All options with label 'United States' are selected in object 'Object Repository/RAD_Pages/AddressAndContactInfo_Page/select_Country' 

2021-11-19 11:53:45 - [TEST_STEP][PASSED] - setText(findTestObject(orPath_AddressContact + "/input_streetAddress1"), AL1): Text '114 Clark Ave' is set on object 'Object Repository/RAD_Pages/AddressAndContactInfo_Page/input_streetAddress1'

2021-11-19 11:53:46 - [MESSAGE][PASSED] - Text '114 Clark Ave' is set on object 'Object Repository/RAD_Pages/AddressAndContactInfo_Page/input_streetAddress1'

2021-11-19 11:53:46 - [TEST_STEP][PASSED] - setText(findTestObject(orPath_AddressContact + "/input_streetAddress2"), ""): Text '' is set on object 'Object Repository/RAD_Pages/AddressAndContactInfo_Page/input_streetAddress2'

2021-11-19 11:53:46 - [MESSAGE][PASSED] - Text '' is set on object 'Object Repository/RAD_Pages/AddressAndContactInfo_Page/input_streetAddress2'

2021-11-19 11:53:46 - [TEST_STEP][PASSED] - setText(findTestObject(orPath_AddressContact + "/input_city"), City): Text 'Severn' is set on object 'Object Repository/RAD_Pages/AddressAndContactInfo_Page/input_city'

2021-11-19 11:53:47 - [MESSAGE][PASSED] - Text 'Severn' is set on object 'Object Repository/RAD_Pages/AddressAndContactInfo_Page/input_city'

2021-11-19 11:53:47 - [TEST_STEP][PASSED] - selectOptionByLabel(findTestObject(orPath_AddressContact + "/select_State"), "Maryland", false): All options with label 'Maryland' are selected in object 'Object Repository/RAD_Pages/AddressAndContactInfo_Page/select_State' 

2021-11-19 11:53:48 - [MESSAGE][PASSED] - All options with label 'Maryland' are selected in object 'Object Repository/RAD_Pages/AddressAndContactInfo_Page/select_State' 

2021-11-19 11:53:48 - [TEST_STEP][PASSED] - setText(findTestObject(orPath_AddressContact + "/input_zipCode"), ZIP): Text '21144' is set on object 'Object Repository/RAD_Pages/AddressAndContactInfo_Page/input_zipCode'

2021-11-19 11:53:48 - [MESSAGE][PASSED] - Text '21144' is set on object 'Object Repository/RAD_Pages/AddressAndContactInfo_Page/input_zipCode'

2021-11-19 11:53:48 - [TEST_STEP][PASSED] - setText(findTestObject(orPath_AddressContact + "/input_phoneNumber"), "(703) 894-5000"): Text '(703) 894-5000' is set on object 'Object Repository/RAD_Pages/AddressAndContactInfo_Page/input_phoneNumber'

2021-11-19 11:53:49 - [MESSAGE][PASSED] - Text '(703) 894-5000' is set on object 'Object Repository/RAD_Pages/AddressAndContactInfo_Page/input_phoneNumber'

2021-11-19 11:53:49 - [TEST_STEP][PASSED] - setText(findTestObject(orPath_AddressContact + "/input_eMailAddress"), "iahmed@govolution.com"): Text 'iahmed@govolution.com' is set on object 'Object Repository/RAD_Pages/AddressAndContactInfo_Page/input_eMailAddress'

2021-11-19 11:53:50 - [MESSAGE][PASSED] - Text 'iahmed@govolution.com' is set on object 'Object Repository/RAD_Pages/AddressAndContactInfo_Page/input_eMailAddress'

2021-11-19 11:53:50 - [TEST_STEP][PASSED] - setText(findTestObject(orPath_AddressContact + "/input_reEnterEMailAddress"), "iahmed@govolution.com"): Text 'iahmed@govolution.com' is set on object 'Object Repository/RAD_Pages/AddressAndContactInfo_Page/input_reEnterEMailAddress'

2021-11-19 11:53:51 - [MESSAGE][PASSED] - Text 'iahmed@govolution.com' is set on object 'Object Repository/RAD_Pages/AddressAndContactInfo_Page/input_reEnterEMailAddress'

2021-11-19 11:53:51 - [TEST_STEP][PASSED] - setText(findTestObject(orPath_Amount + "/input__paymentAmount"), Amount): Text '100.00' is set on object 'Object Repository/RAD_Pages/PaymentAmount_Page/input__paymentAmount'

2021-11-19 11:53:51 - [MESSAGE][PASSED] - Text '100.00' is set on object 'Object Repository/RAD_Pages/PaymentAmount_Page/input__paymentAmount'

2021-11-19 11:53:51 - [TEST_STEP][PASSED] - scrollToElement(findTestObject(orPath_Landing + "/button_Continue"), 3): Scroll to object 'Object Repository/RAD_Pages/Landing_Page/button_Continue' successfully

2021-11-19 11:53:52 - [MESSAGE][PASSED] - Scroll to object 'Object Repository/RAD_Pages/Landing_Page/button_Continue' successfully

2021-11-19 11:53:52 - [TEST_STEP][PASSED] - waitForElementClickable(findTestObject(orPath_Landing + "/button_Continue"), 5): Object 'Object Repository/RAD_Pages/Landing_Page/button_Continue' is clickable

2021-11-19 11:53:52 - [MESSAGE][PASSED] - Object 'Object Repository/RAD_Pages/Landing_Page/button_Continue' is clickable

2021-11-19 11:53:52 - [TEST_STEP][PASSED] - click(findTestObject(orPath_Landing + "/button_Continue")): Object: 'Object Repository/RAD_Pages/Landing_Page/button_Continue' is clicked on

2021-11-19 11:53:53 - [MESSAGE][PASSED] - Object: 'Object Repository/RAD_Pages/Landing_Page/button_Continue' is clicked on

2021-11-19 11:53:53 - [TEST_STEP][FAILED] - verifyTextPresent("Review the information below and make any necessary corrections by clicking the", true): Text 'Review the information below and make any necessary corrections by clicking the' is not present on page  using regular expression (Root cause: com.kms.katalon.core.exception.StepFailedException: Text 'Review the information below and make any necessary corrections by clicking the' is not present on page  using regular expression
	at com.kms.katalon.core.webui.keyword.internal.WebUIKeywordMain.stepFailed(WebUIKeywordMain.groovy:64)
	at com.kms.katalon.core.webui.keyword.builtin.VerifyTextPresentKeyword$_verifyTextPresent_closure1.doCall(VerifyTextPresentKeyword.groovy:79)
	at com.kms.katalon.core.webui.keyword.builtin.VerifyTextPresentKeyword$_verifyTextPresent_closure1.call(VerifyTextPresentKeyword.groovy)
	at com.kms.katalon.core.webui.keyword.internal.WebUIKeywordMain.runKeyword(WebUIKeywordMain.groovy:20)
	at com.kms.katalon.core.webui.keyword.builtin.VerifyTextPresentKeyword.verifyTextPresent(VerifyTextPresentKeyword.groovy:83)
	at com.kms.katalon.core.webui.keyword.builtin.VerifyTextPresentKeyword.execute(VerifyTextPresentKeyword.groovy:68)
	at com.kms.katalon.core.keyword.internal.KeywordExecutor.executeKeywordForPlatform(KeywordExecutor.groovy:74)
	at com.kms.katalon.core.webui.keyword.WebUiBuiltInKeywords.verifyTextPresent(WebUiBuiltInKeywords.groovy:1723)
	at com.kms.katalon.core.webui.keyword.WebUiBuiltInKeywords$verifyTextPresent$3.call(Unknown Source)
	at Payments_HC_TC.run(Payments_HC_TC:296)
	at com.kms.katalon.core.main.ScriptEngine.run(ScriptEngine.java:194)
	at com.kms.katalon.core.main.ScriptEngine.runScriptAsRawText(ScriptEngine.java:119)
	at com.kms.katalon.core.main.TestCaseExecutor.runScript(TestCaseExecutor.java:430)
	at com.kms.katalon.core.main.TestCaseExecutor.doExecute(TestCaseExecutor.java:421)
	at com.kms.katalon.core.main.TestCaseExecutor.processExecutionPhase(TestCaseExecutor.java:400)
	at com.kms.katalon.core.main.TestCaseExecutor.accessMainPhase(TestCaseExecutor.java:392)
	at com.kms.katalon.core.main.TestCaseExecutor.execute(TestCaseExecutor.java:273)
	at com.kms.katalon.core.main.TestSuiteExecutor.accessTestCaseMainPhase(TestSuiteExecutor.java:202)
	at com.kms.katalon.core.main.TestSuiteExecutor.accessTestSuiteMainPhase(TestSuiteExecutor.java:164)
	at com.kms.katalon.core.main.TestSuiteExecutor.execute(TestSuiteExecutor.java:105)
	at com.kms.katalon.core.main.TestCaseMain.startTestSuite(TestCaseMain.java:185)
	at com.kms.katalon.core.main.TestCaseMain$startTestSuite$0.call(Unknown Source)
	at TempTestSuite1637335687322.run(TempTestSuite1637335687322.groovy:36)
)

2021-11-19 11:53:53 - [MESSAGE][FAILED] - Text 'Review the information below and make any necessary corrections by clicking the' is not present on page  using regular expression (Root cause: com.kms.katalon.core.exception.StepFailedException: Text 'Review the information below and make any necessary corrections by clicking the' is not present on page  using regular expression
	at com.kms.katalon.core.webui.keyword.internal.WebUIKeywordMain.stepFailed(WebUIKeywordMain.groovy:64)
	at com.kms.katalon.core.webui.keyword.builtin.VerifyTextPresentKeyword$_verifyTextPresent_closure1.doCall(VerifyTextPresentKeyword.groovy:79)
	at com.kms.katalon.core.webui.keyword.builtin.VerifyTextPresentKeyword$_verifyTextPresent_closure1.call(VerifyTextPresentKeyword.groovy)
	at com.kms.katalon.core.webui.keyword.internal.WebUIKeywordMain.runKeyword(WebUIKeywordMain.groovy:20)
	at com.kms.katalon.core.webui.keyword.builtin.VerifyTextPresentKeyword.verifyTextPresent(VerifyTextPresentKeyword.groovy:83)
	at com.kms.katalon.core.webui.keyword.builtin.VerifyTextPresentKeyword.execute(VerifyTextPresentKeyword.groovy:68)
	at com.kms.katalon.core.keyword.internal.KeywordExecutor.executeKeywordForPlatform(KeywordExecutor.groovy:74)
	at com.kms.katalon.core.webui.keyword.WebUiBuiltInKeywords.verifyTextPresent(WebUiBuiltInKeywords.groovy:1723)
	at com.kms.katalon.core.webui.keyword.WebUiBuiltInKeywords$verifyTextPresent$3.call(Unknown Source)
	at Payments_HC_TC.run(Payments_HC_TC:296)
	at com.kms.katalon.core.main.ScriptEngine.run(ScriptEngine.java:194)
	at com.kms.katalon.core.main.ScriptEngine.runScriptAsRawText(ScriptEngine.java:119)
	at com.kms.katalon.core.main.TestCaseExecutor.runScript(TestCaseExecutor.java:430)
	at com.kms.katalon.core.main.TestCaseExecutor.doExecute(TestCaseExecutor.java:421)
	at com.kms.katalon.core.main.TestCaseExecutor.processExecutionPhase(TestCaseExecutor.java:400)
	at com.kms.katalon.core.main.TestCaseExecutor.accessMainPhase(TestCaseExecutor.java:392)
	at com.kms.katalon.core.main.TestCaseExecutor.execute(TestCaseExecutor.java:273)
	at com.kms.katalon.core.main.TestSuiteExecutor.accessTestCaseMainPhase(TestSuiteExecutor.java:202)
	at com.kms.katalon.core.main.TestSuiteExecutor.accessTestSuiteMainPhase(TestSuiteExecutor.java:164)
	at com.kms.katalon.core.main.TestSuiteExecutor.execute(TestSuiteExecutor.java:105)
	at com.kms.katalon.core.main.TestCaseMain.startTestSuite(TestCaseMain.java:185)
	at com.kms.katalon.core.main.TestCaseMain$startTestSuite$0.call(Unknown Source)
	at TempTestSuite1637335687322.run(TempTestSuite1637335687322.groovy:36)
)

2021-11-19 11:53:53 - [TEST_STEP][FAILED] - verifyTextPresent("When you are confident that all the information is correct", true): Text 'When you are confident that all the information is correct' is not present on page  using regular expression (Root cause: com.kms.katalon.core.exception.StepFailedException: Text 'When you are confident that all the information is correct' is not present on page  using regular expression
	at com.kms.katalon.core.webui.keyword.internal.WebUIKeywordMain.stepFailed(WebUIKeywordMain.groovy:64)
	at com.kms.katalon.core.webui.keyword.builtin.VerifyTextPresentKeyword$_verifyTextPresent_closure1.doCall(VerifyTextPresentKeyword.groovy:79)
	at com.kms.katalon.core.webui.keyword.builtin.VerifyTextPresentKeyword$_verifyTextPresent_closure1.call(VerifyTextPresentKeyword.groovy)
	at com.kms.katalon.core.webui.keyword.internal.WebUIKeywordMain.runKeyword(WebUIKeywordMain.groovy:20)
	at com.kms.katalon.core.webui.keyword.builtin.VerifyTextPresentKeyword.verifyTextPresent(VerifyTextPresentKeyword.groovy:83)
	at com.kms.katalon.core.webui.keyword.builtin.VerifyTextPresentKeyword.execute(VerifyTextPresentKeyword.groovy:68)
	at com.kms.katalon.core.keyword.internal.KeywordExecutor.executeKeywordForPlatform(KeywordExecutor.groovy:74)
	at com.kms.katalon.core.webui.keyword.WebUiBuiltInKeywords.verifyTextPresent(WebUiBuiltInKeywords.groovy:1723)
	at com.kms.katalon.core.webui.keyword.WebUiBuiltInKeywords$verifyTextPresent$3.call(Unknown Source)
	at Payments_HC_TC.run(Payments_HC_TC:297)
	at com.kms.katalon.core.main.ScriptEngine.run(ScriptEngine.java:194)
	at com.kms.katalon.core.main.ScriptEngine.runScriptAsRawText(ScriptEngine.java:119)
	at com.kms.katalon.core.main.TestCaseExecutor.runScript(TestCaseExecutor.java:430)
	at com.kms.katalon.core.main.TestCaseExecutor.doExecute(TestCaseExecutor.java:421)
	at com.kms.katalon.core.main.TestCaseExecutor.processExecutionPhase(TestCaseExecutor.java:400)
	at com.kms.katalon.core.main.TestCaseExecutor.accessMainPhase(TestCaseExecutor.java:392)
	at com.kms.katalon.core.main.TestCaseExecutor.execute(TestCaseExecutor.java:273)
	at com.kms.katalon.core.main.TestSuiteExecutor.accessTestCaseMainPhase(TestSuiteExecutor.java:202)
	at com.kms.katalon.core.main.TestSuiteExecutor.accessTestSuiteMainPhase(TestSuiteExecutor.java:164)
	at com.kms.katalon.core.main.TestSuiteExecutor.execute(TestSuiteExecutor.java:105)
	at com.kms.katalon.core.main.TestCaseMain.startTestSuite(TestCaseMain.java:185)
	at com.kms.katalon.core.main.TestCaseMain$startTestSuite$0.call(Unknown Source)
	at TempTestSuite1637335687322.run(TempTestSuite1637335687322.groovy:36)
)

2021-11-19 11:53:54 - [MESSAGE][FAILED] - Text 'When you are confident that all the information is correct' is not present on page  using regular expression (Root cause: com.kms.katalon.core.exception.StepFailedException: Text 'When you are confident that all the information is correct' is not present on page  using regular expression
	at com.kms.katalon.core.webui.keyword.internal.WebUIKeywordMain.stepFailed(WebUIKeywordMain.groovy:64)
	at com.kms.katalon.core.webui.keyword.builtin.VerifyTextPresentKeyword$_verifyTextPresent_closure1.doCall(VerifyTextPresentKeyword.groovy:79)
	at com.kms.katalon.core.webui.keyword.builtin.VerifyTextPresentKeyword$_verifyTextPresent_closure1.call(VerifyTextPresentKeyword.groovy)
	at com.kms.katalon.core.webui.keyword.internal.WebUIKeywordMain.runKeyword(WebUIKeywordMain.groovy:20)
	at com.kms.katalon.core.webui.keyword.builtin.VerifyTextPresentKeyword.verifyTextPresent(VerifyTextPresentKeyword.groovy:83)
	at com.kms.katalon.core.webui.keyword.builtin.VerifyTextPresentKeyword.execute(VerifyTextPresentKeyword.groovy:68)
	at com.kms.katalon.core.keyword.internal.KeywordExecutor.executeKeywordForPlatform(KeywordExecutor.groovy:74)
	at com.kms.katalon.core.webui.keyword.WebUiBuiltInKeywords.verifyTextPresent(WebUiBuiltInKeywords.groovy:1723)
	at com.kms.katalon.core.webui.keyword.WebUiBuiltInKeywords$verifyTextPresent$3.call(Unknown Source)
	at Payments_HC_TC.run(Payments_HC_TC:297)
	at com.kms.katalon.core.main.ScriptEngine.run(ScriptEngine.java:194)
	at com.kms.katalon.core.main.ScriptEngine.runScriptAsRawText(ScriptEngine.java:119)
	at com.kms.katalon.core.main.TestCaseExecutor.runScript(TestCaseExecutor.java:430)
	at com.kms.katalon.core.main.TestCaseExecutor.doExecute(TestCaseExecutor.java:421)
	at com.kms.katalon.core.main.TestCaseExecutor.processExecutionPhase(TestCaseExecutor.java:400)
	at com.kms.katalon.core.main.TestCaseExecutor.accessMainPhase(TestCaseExecutor.java:392)
	at com.kms.katalon.core.main.TestCaseExecutor.execute(TestCaseExecutor.java:273)
	at com.kms.katalon.core.main.TestSuiteExecutor.accessTestCaseMainPhase(TestSuiteExecutor.java:202)
	at com.kms.katalon.core.main.TestSuiteExecutor.accessTestSuiteMainPhase(TestSuiteExecutor.java:164)
	at com.kms.katalon.core.main.TestSuiteExecutor.execute(TestSuiteExecutor.java:105)
	at com.kms.katalon.core.main.TestCaseMain.startTestSuite(TestCaseMain.java:185)
	at com.kms.katalon.core.main.TestCaseMain$startTestSuite$0.call(Unknown Source)
	at TempTestSuite1637335687322.run(TempTestSuite1637335687322.groovy:36)
)

2021-11-19 11:53:54 - [TEST_STEP][PASSED] - delay(1): Delayed 1 second(s)

2021-11-19 11:53:55 - [MESSAGE][PASSED] - Delayed 1 second(s)

2021-11-19 11:53:55 - [TEST_STEP][FAILED] - click(findTestObject(orPath_Summary + "/button_Proceed to Payment")): Unable to click on object 'Object Repository/RAD_Pages/Summary_Page/button_Proceed to Payment' (Root cause: com.kms.katalon.core.exception.StepFailedException: Unable to click on object 'Object Repository/RAD_Pages/Summary_Page/button_Proceed to Payment'
	at com.kms.katalon.core.webui.keyword.internal.WebUIKeywordMain.stepFailed(WebUIKeywordMain.groovy:64)
	at com.kms.katalon.core.webui.keyword.internal.WebUIKeywordMain.runKeyword(WebUIKeywordMain.groovy:26)
	at com.kms.katalon.core.webui.keyword.builtin.ClickKeyword.click(ClickKeyword.groovy:75)
	at com.kms.katalon.core.webui.keyword.builtin.ClickKeyword.execute(ClickKeyword.groovy:42)
	at com.kms.katalon.core.keyword.internal.KeywordExecutor.executeKeywordForPlatform(KeywordExecutor.groovy:74)
	at com.kms.katalon.core.webui.keyword.WebUiBuiltInKeywords.click(WebUiBuiltInKeywords.groovy:620)
	at com.kms.katalon.core.webui.keyword.WebUiBuiltInKeywords$click$10.call(Unknown Source)
	at Payments_HC_TC.run(Payments_HC_TC:303)
	at com.kms.katalon.core.main.ScriptEngine.run(ScriptEngine.java:194)
	at com.kms.katalon.core.main.ScriptEngine.runScriptAsRawText(ScriptEngine.java:119)
	at com.kms.katalon.core.main.TestCaseExecutor.runScript(TestCaseExecutor.java:430)
	at com.kms.katalon.core.main.TestCaseExecutor.doExecute(TestCaseExecutor.java:421)
	at com.kms.katalon.core.main.TestCaseExecutor.processExecutionPhase(TestCaseExecutor.java:400)
	at com.kms.katalon.core.main.TestCaseExecutor.accessMainPhase(TestCaseExecutor.java:392)
	at com.kms.katalon.core.main.TestCaseExecutor.execute(TestCaseExecutor.java:273)
	at com.kms.katalon.core.main.TestSuiteExecutor.accessTestCaseMainPhase(TestSuiteExecutor.java:202)
	at com.kms.katalon.core.main.TestSuiteExecutor.accessTestSuiteMainPhase(TestSuiteExecutor.java:164)
	at com.kms.katalon.core.main.TestSuiteExecutor.execute(TestSuiteExecutor.java:105)
	at com.kms.katalon.core.main.TestCaseMain.startTestSuite(TestCaseMain.java:185)
	at com.kms.katalon.core.main.TestCaseMain$startTestSuite$0.call(Unknown Source)
	at TempTestSuite1637335687322.run(TempTestSuite1637335687322.groovy:36)
Caused by: org.openqa.selenium.ElementNotInteractableException: element not interactable
  (Session info: chrome=96.0.4664.45)
Build info: version: '3.141.59', revision: 'e82be7d358', time: '2018-11-14T08:25:53'
System info: host: 'DESKTOP-B2QI6NS', ip: '172.30.2.167', os.name: 'Windows 10', os.arch: 'amd64', os.version: '10.0', java.version: '1.8.0_181'
Driver info: com.kms.katalon.selenium.driver.CChromeDriver
Capabilities {acceptInsecureCerts: true, browserName: chrome, browserVersion: 96.0.4664.45, chrome: {chromedriverVersion: 95.0.4638.54 (d31a821ec901f..., userDataDir: C:\Users\iahmed\AppData\Loc...}, goog:chromeOptions: {debuggerAddress: localhost:56062}, javascriptEnabled: true, networkConnectionEnabled: false, pageLoadStrategy: normal, platform: WINDOWS, platformName: WINDOWS, proxy: Proxy(), setWindowRect: true, strictFileInteractability: false, timeouts: {implicit: 0, pageLoad: 300000, script: 30000}, unhandledPromptBehavior: dismiss and notify, webauthn:extension:credBlob: true, webauthn:extension:largeBlob: true, webauthn:virtualAuthenticators: true}
Session ID: 0413d2aaf10ed14e923efadfd1cf02cf
	at org.openqa.selenium.remote.http.W3CHttpResponseCodec.createException(W3CHttpResponseCodec.java:187)
	at org.openqa.selenium.remote.http.W3CHttpResponseCodec.decode(W3CHttpResponseCodec.java:122)
	at org.openqa.selenium.remote.http.W3CHttpResponseCodec.decode(W3CHttpResponseCodec.java:49)
	at org.openqa.selenium.remote.HttpCommandExecutor.execute(HttpCommandExecutor.java:158)
	at org.openqa.selenium.remote.service.DriverCommandExecutor.execute(DriverCommandExecutor.java:83)
	at org.openqa.selenium.remote.RemoteWebDriver.execute(RemoteWebDriver.java:552)
	at com.kms.katalon.selenium.driver.CChromeDriver.execute(CChromeDriver.java:19)
	at org.openqa.selenium.remote.RemoteWebElement.execute(RemoteWebElement.java:285)
	at org.openqa.selenium.remote.RemoteWebElement.click(RemoteWebElement.java:84)
	at org.openqa.selenium.support.events.EventFiringWebDriver$EventFiringWebElement.lambda$new$0(EventFiringWebDriver.java:404)
	at com.sun.proxy.$Proxy11.click(Unknown Source)
	at org.openqa.selenium.support.events.EventFiringWebDriver$EventFiringWebElement.click(EventFiringWebDriver.java:417)
	at com.kms.katalon.core.webui.keyword.builtin.ClickKeyword$_click_closure1.doCall(ClickKeyword.groovy:68)
	at com.kms.katalon.core.webui.keyword.builtin.ClickKeyword$_click_closure1.call(ClickKeyword.groovy)
	at com.kms.katalon.core.webui.keyword.internal.WebUIKeywordMain.runKeyword(WebUIKeywordMain.groovy:20)
	at com.kms.katalon.core.webui.keyword.builtin.ClickKeyword.click(ClickKeyword.groovy:75)
	at com.kms.katalon.core.webui.keyword.builtin.ClickKeyword.execute(ClickKeyword.groovy:42)
	at com.kms.katalon.core.keyword.internal.KeywordExecutor.executeKeywordForPlatform(KeywordExecutor.groovy:74)
	at com.kms.katalon.core.webui.keyword.WebUiBuiltInKeywords.click(WebUiBuiltInKeywords.groovy:620)
	at com.kms.katalon.core.webui.keyword.WebUiBuiltInKeywords$click$10.call(Unknown Source)
	at Script1634674829687.run(Script1634674829687.groovy:303)
	... 13 more
)

2021-11-19 11:53:55 - [MESSAGE][FAILED] - Unable to click on object 'Object Repository/RAD_Pages/Summary_Page/button_Proceed to Payment' (Root cause: com.kms.katalon.core.exception.StepFailedException: Unable to click on object 'Object Repository/RAD_Pages/Summary_Page/button_Proceed to Payment'
	at com.kms.katalon.core.webui.keyword.internal.WebUIKeywordMain.stepFailed(WebUIKeywordMain.groovy:64)
	at com.kms.katalon.core.webui.keyword.internal.WebUIKeywordMain.runKeyword(WebUIKeywordMain.groovy:26)
	at com.kms.katalon.core.webui.keyword.builtin.ClickKeyword.click(ClickKeyword.groovy:75)
	at com.kms.katalon.core.webui.keyword.builtin.ClickKeyword.execute(ClickKeyword.groovy:42)
	at com.kms.katalon.core.keyword.internal.KeywordExecutor.executeKeywordForPlatform(KeywordExecutor.groovy:74)
	at com.kms.katalon.core.webui.keyword.WebUiBuiltInKeywords.click(WebUiBuiltInKeywords.groovy:620)
	at com.kms.katalon.core.webui.keyword.WebUiBuiltInKeywords$click$10.call(Unknown Source)
	at Payments_HC_TC.run(Payments_HC_TC:303)
	at com.kms.katalon.core.main.ScriptEngine.run(ScriptEngine.java:194)
	at com.kms.katalon.core.main.ScriptEngine.runScriptAsRawText(ScriptEngine.java:119)
	at com.kms.katalon.core.main.TestCaseExecutor.runScript(TestCaseExecutor.java:430)
	at com.kms.katalon.core.main.TestCaseExecutor.doExecute(TestCaseExecutor.java:421)
	at com.kms.katalon.core.main.TestCaseExecutor.processExecutionPhase(TestCaseExecutor.java:400)
	at com.kms.katalon.core.main.TestCaseExecutor.accessMainPhase(TestCaseExecutor.java:392)
	at com.kms.katalon.core.main.TestCaseExecutor.execute(TestCaseExecutor.java:273)
	at com.kms.katalon.core.main.TestSuiteExecutor.accessTestCaseMainPhase(TestSuiteExecutor.java:202)
	at com.kms.katalon.core.main.TestSuiteExecutor.accessTestSuiteMainPhase(TestSuiteExecutor.java:164)
	at com.kms.katalon.core.main.TestSuiteExecutor.execute(TestSuiteExecutor.java:105)
	at com.kms.katalon.core.main.TestCaseMain.startTestSuite(TestCaseMain.java:185)
	at com.kms.katalon.core.main.TestCaseMain$startTestSuite$0.call(Unknown Source)
	at TempTestSuite1637335687322.run(TempTestSuite1637335687322.groovy:36)
Caused by: org.openqa.selenium.ElementNotInteractableException: element not interactable
  (Session info: chrome=96.0.4664.45)
Build info: version: '3.141.59', revision: 'e82be7d358', time: '2018-11-14T08:25:53'
System info: host: 'DESKTOP-B2QI6NS', ip: '172.30.2.167', os.name: 'Windows 10', os.arch: 'amd64', os.version: '10.0', java.version: '1.8.0_181'
Driver info: com.kms.katalon.selenium.driver.CChromeDriver
Capabilities {acceptInsecureCerts: true, browserName: chrome, browserVersion: 96.0.4664.45, chrome: {chromedriverVersion: 95.0.4638.54 (d31a821ec901f..., userDataDir: C:\Users\iahmed\AppData\Loc...}, goog:chromeOptions: {debuggerAddress: localhost:56062}, javascriptEnabled: true, networkConnectionEnabled: false, pageLoadStrategy: normal, platform: WINDOWS, platformName: WINDOWS, proxy: Proxy(), setWindowRect: true, strictFileInteractability: false, timeouts: {implicit: 0, pageLoad: 300000, script: 30000}, unhandledPromptBehavior: dismiss and notify, webauthn:extension:credBlob: true, webauthn:extension:largeBlob: true, webauthn:virtualAuthenticators: true}
Session ID: 0413d2aaf10ed14e923efadfd1cf02cf
	at org.openqa.selenium.remote.http.W3CHttpResponseCodec.createException(W3CHttpResponseCodec.java:187)
	at org.openqa.selenium.remote.http.W3CHttpResponseCodec.decode(W3CHttpResponseCodec.java:122)
	at org.openqa.selenium.remote.http.W3CHttpResponseCodec.decode(W3CHttpResponseCodec.java:49)
	at org.openqa.selenium.remote.HttpCommandExecutor.execute(HttpCommandExecutor.java:158)
	at org.openqa.selenium.remote.service.DriverCommandExecutor.execute(DriverCommandExecutor.java:83)
	at org.openqa.selenium.remote.RemoteWebDriver.execute(RemoteWebDriver.java:552)
	at com.kms.katalon.selenium.driver.CChromeDriver.execute(CChromeDriver.java:19)
	at org.openqa.selenium.remote.RemoteWebElement.execute(RemoteWebElement.java:285)
	at org.openqa.selenium.remote.RemoteWebElement.click(RemoteWebElement.java:84)
	at org.openqa.selenium.support.events.EventFiringWebDriver$EventFiringWebElement.lambda$new$0(EventFiringWebDriver.java:404)
	at com.sun.proxy.$Proxy11.click(Unknown Source)
	at org.openqa.selenium.support.events.EventFiringWebDriver$EventFiringWebElement.click(EventFiringWebDriver.java:417)
	at com.kms.katalon.core.webui.keyword.builtin.ClickKeyword$_click_closure1.doCall(ClickKeyword.groovy:68)
	at com.kms.katalon.core.webui.keyword.builtin.ClickKeyword$_click_closure1.call(ClickKeyword.groovy)
	at com.kms.katalon.core.webui.keyword.internal.WebUIKeywordMain.runKeyword(WebUIKeywordMain.groovy:20)
	at com.kms.katalon.core.webui.keyword.builtin.ClickKeyword.click(ClickKeyword.groovy:75)
	at com.kms.katalon.core.webui.keyword.builtin.ClickKeyword.execute(ClickKeyword.groovy:42)
	at com.kms.katalon.core.keyword.internal.KeywordExecutor.executeKeywordForPlatform(KeywordExecutor.groovy:74)
	at com.kms.katalon.core.webui.keyword.WebUiBuiltInKeywords.click(WebUiBuiltInKeywords.groovy:620)
	at com.kms.katalon.core.webui.keyword.WebUiBuiltInKeywords$click$10.call(Unknown Source)
	at Script1634674829687.run(Script1634674829687.groovy:303)
	... 13 more
)
[[ATTACHMENT|E:\\Cloned-Project-Katalon\\VPS-Katalon\\Reports\\20211119_102807\\RAD_TestSuite\\RAD_UI_TestSuite\\20211119_102807\\1637340835537.png]]

2021-11-19 11:53:55 - [TEST_STEP][PASSED] - setText(findTestObject(orPath_PaymentEntry + "/input__cardNumber"), CCNumber): Text '5146312200000035' is set on object 'Object Repository/RAD_Pages/PaymentEntry_Page/input__cardNumber'

2021-11-19 11:54:27 - [MESSAGE][INFO] - Unable to find the element located by 'By.xpath: //*[@type = 'text' and @id = 'cardNumber' and @name = 'cardNumber' and @alt = 'Card Number']'. Please recheck the objects properties to make sure the desired element is located. 

2021-11-19 11:54:27 - [MESSAGE][WARNING] - [SELF-HEALING] Failed to find element with id 'Object Repository/RAD_Pages/PaymentEntry_Page/input__cardNumber'. Try using Self-healing.

2021-11-19 11:54:27 - [MESSAGE][WARNING] - [SELF-HEALING] The current locator of test object 'Object Repository/RAD_Pages/PaymentEntry_Page/input__cardNumber' was broken. Propose an alternative one: '//div[3]/div/div/input'.

2021-11-19 11:54:58 - [MESSAGE][INFO] - Unable to find the element located by 'By.xpath: //*[@type = 'text' and @id = 'cardNumber' and @name = 'cardNumber' and @alt = 'Card Number']'. Please recheck the objects properties to make sure the desired element is located. 

2021-11-19 11:54:58 - [MESSAGE][WARNING] - [SELF-HEALING] Failed to find element with id 'Object Repository/RAD_Pages/PaymentEntry_Page/input__cardNumber'. Try using Self-healing.

2021-11-19 11:54:58 - [MESSAGE][WARNING] - [SELF-HEALING] The current locator of test object 'Object Repository/RAD_Pages/PaymentEntry_Page/input__cardNumber' was broken. Propose an alternative one: '//div[3]/div/div/input'.

2021-11-19 11:54:59 - [MESSAGE][PASSED] - Text '5146312200000035' is set on object 'Object Repository/RAD_Pages/PaymentEntry_Page/input__cardNumber'

2021-11-19 11:54:59 - [TEST_STEP][PASSED] - setText(findTestObject(orPath_PaymentEntry + "/input__spc"), CVV): Text '123' is set on object 'Object Repository/RAD_Pages/PaymentEntry_Page/input__spc'

2021-11-19 11:55:30 - [MESSAGE][INFO] - Unable to find the element located by 'By.xpath: //*[@type = 'text' and @class = 'form-control' and @name = 'spc' and @id = 'spc']'. Please recheck the objects properties to make sure the desired element is located. 

2021-11-19 11:55:30 - [MESSAGE][WARNING] - [SELF-HEALING] Failed to find element with id 'Object Repository/RAD_Pages/PaymentEntry_Page/input__spc'. Try using Self-healing.

2021-11-19 11:55:30 - [MESSAGE][WARNING] - [SELF-HEALING] The current locator of test object 'Object Repository/RAD_Pages/PaymentEntry_Page/input__spc' was broken. Propose an alternative one: '//div[4]/div/div/input'.

2021-11-19 11:56:02 - [MESSAGE][INFO] - Unable to find the element located by 'By.xpath: //*[@type = 'text' and @class = 'form-control' and @name = 'spc' and @id = 'spc']'. Please recheck the objects properties to make sure the desired element is located. 

2021-11-19 11:56:02 - [MESSAGE][WARNING] - [SELF-HEALING] Failed to find element with id 'Object Repository/RAD_Pages/PaymentEntry_Page/input__spc'. Try using Self-healing.

2021-11-19 11:56:02 - [MESSAGE][WARNING] - [SELF-HEALING] The current locator of test object 'Object Repository/RAD_Pages/PaymentEntry_Page/input__spc' was broken. Propose an alternative one: '//div[4]/div/div/input'.

2021-11-19 11:56:02 - [MESSAGE][PASSED] - Text '123' is set on object 'Object Repository/RAD_Pages/PaymentEntry_Page/input__spc'

2021-11-19 11:56:02 - [TEST_STEP][FAILED] - selectOptionByLabel(findTestObject(orPath_PaymentEntry + "/select_MM"), "12", false): Unable to select option by label '12' of object 'Object Repository/RAD_Pages/PaymentEntry_Page/select_MM'  (Root cause: com.kms.katalon.core.exception.StepFailedException: Unable to select option by label '12' of object 'Object Repository/RAD_Pages/PaymentEntry_Page/select_MM' 
	at com.kms.katalon.core.webui.keyword.internal.WebUIKeywordMain.stepFailed(WebUIKeywordMain.groovy:64)
	at com.kms.katalon.core.webui.keyword.internal.WebUIKeywordMain.runKeyword(WebUIKeywordMain.groovy:26)
	at com.kms.katalon.core.webui.keyword.builtin.SelectOptionByLabelKeyword.selectOptionByLabel(SelectOptionByLabelKeyword.groovy:98)
	at com.kms.katalon.core.webui.keyword.builtin.SelectOptionByLabelKeyword.execute(SelectOptionByLabelKeyword.groovy:71)
	at com.kms.katalon.core.keyword.internal.KeywordExecutor.executeKeywordForPlatform(KeywordExecutor.groovy:74)
	at com.kms.katalon.core.webui.keyword.WebUiBuiltInKeywords.selectOptionByLabel(WebUiBuiltInKeywords.groovy:1230)
	at com.kms.katalon.core.webui.keyword.WebUiBuiltInKeywords$selectOptionByLabel$6.call(Unknown Source)
	at Payments_HC_TC.run(Payments_HC_TC:317)
	at com.kms.katalon.core.main.ScriptEngine.run(ScriptEngine.java:194)
	at com.kms.katalon.core.main.ScriptEngine.runScriptAsRawText(ScriptEngine.java:119)
	at com.kms.katalon.core.main.TestCaseExecutor.runScript(TestCaseExecutor.java:430)
	at com.kms.katalon.core.main.TestCaseExecutor.doExecute(TestCaseExecutor.java:421)
	at com.kms.katalon.core.main.TestCaseExecutor.processExecutionPhase(TestCaseExecutor.java:400)
	at com.kms.katalon.core.main.TestCaseExecutor.accessMainPhase(TestCaseExecutor.java:392)
	at com.kms.katalon.core.main.TestCaseExecutor.execute(TestCaseExecutor.java:273)
	at com.kms.katalon.core.main.TestSuiteExecutor.accessTestCaseMainPhase(TestSuiteExecutor.java:202)
	at com.kms.katalon.core.main.TestSuiteExecutor.accessTestSuiteMainPhase(TestSuiteExecutor.java:164)
	at com.kms.katalon.core.main.TestSuiteExecutor.execute(TestSuiteExecutor.java:105)
	at com.kms.katalon.core.main.TestCaseMain.startTestSuite(TestCaseMain.java:185)
	at com.kms.katalon.core.main.TestCaseMain$startTestSuite$0.call(Unknown Source)
	at TempTestSuite1637335687322.run(TempTestSuite1637335687322.groovy:36)
Caused by: org.openqa.selenium.NoSuchElementException: Cannot locate element with text: 12
For documentation on this error, please visit: https://www.seleniumhq.org/exceptions/no_such_element.html
Build info: version: '3.141.59', revision: 'e82be7d358', time: '2018-11-14T08:25:53'
System info: host: 'DESKTOP-B2QI6NS', ip: '172.30.2.167', os.name: 'Windows 10', os.arch: 'amd64', os.version: '10.0', java.version: '1.8.0_181'
Driver info: driver.version: unknown
	at org.openqa.selenium.support.ui.Select.selectByVisibleText(Select.java:147)
	at com.kms.katalon.core.webui.common.WebUiCommonHelper.selectOrDeselectOptionsByLabel(WebUiCommonHelper.java:310)
	at com.kms.katalon.core.webui.keyword.builtin.SelectOptionByLabelKeyword$_selectOptionByLabel_closure1.doCall(SelectOptionByLabelKeyword.groovy:87)
	at com.kms.katalon.core.webui.keyword.builtin.SelectOptionByLabelKeyword$_selectOptionByLabel_closure1.call(SelectOptionByLabelKeyword.groovy)
	at com.kms.katalon.core.webui.keyword.internal.WebUIKeywordMain.runKeyword(WebUIKeywordMain.groovy:20)
	at com.kms.katalon.core.webui.keyword.builtin.SelectOptionByLabelKeyword.selectOptionByLabel(SelectOptionByLabelKeyword.groovy:98)
	at com.kms.katalon.core.webui.keyword.builtin.SelectOptionByLabelKeyword.execute(SelectOptionByLabelKeyword.groovy:71)
	at com.kms.katalon.core.keyword.internal.KeywordExecutor.executeKeywordForPlatform(KeywordExecutor.groovy:74)
	at com.kms.katalon.core.webui.keyword.WebUiBuiltInKeywords.selectOptionByLabel(WebUiBuiltInKeywords.groovy:1230)
	at com.kms.katalon.core.webui.keyword.WebUiBuiltInKeywords$selectOptionByLabel$6.call(Unknown Source)
	at Script1634674829687.run(Script1634674829687.groovy:317)
	... 13 more
)

2021-11-19 11:56:33 - [MESSAGE][INFO] - Unable to find the element located by 'By.xpath: //*[@name = 'cardExpMonth' and @alt = 'Expiration Date' and (text() = '
									MM
										
									01
						
									02
						
									03
						
									04
						
									05
						
									06
						
									07
						
									08
						
									09
						
									10
						
									11
						
									12
						
								' or . = '
									MM
										
									01
						
									02
						
									03
						
									04
						
									05
						
									06
						
									07
						
									08
						
									09
						
									10
						
									11
						
									12
						
								')]'. Please recheck the objects properties to make sure the desired element is located. 

2021-11-19 11:56:33 - [MESSAGE][WARNING] - [SELF-HEALING] Failed to find element with id 'Object Repository/RAD_Pages/PaymentEntry_Page/select_MM'. Try using Self-healing.

2021-11-19 11:56:33 - [MESSAGE][WARNING] - [SELF-HEALING] The current locator of test object 'Object Repository/RAD_Pages/PaymentEntry_Page/select_MM' was broken. Propose an alternative one: '//select'.

2021-11-19 11:56:34 - [MESSAGE][FAILED] - Unable to select option by label '12' of object 'Object Repository/RAD_Pages/PaymentEntry_Page/select_MM'  (Root cause: com.kms.katalon.core.exception.StepFailedException: Unable to select option by label '12' of object 'Object Repository/RAD_Pages/PaymentEntry_Page/select_MM' 
	at com.kms.katalon.core.webui.keyword.internal.WebUIKeywordMain.stepFailed(WebUIKeywordMain.groovy:64)
	at com.kms.katalon.core.webui.keyword.internal.WebUIKeywordMain.runKeyword(WebUIKeywordMain.groovy:26)
	at com.kms.katalon.core.webui.keyword.builtin.SelectOptionByLabelKeyword.selectOptionByLabel(SelectOptionByLabelKeyword.groovy:98)
	at com.kms.katalon.core.webui.keyword.builtin.SelectOptionByLabelKeyword.execute(SelectOptionByLabelKeyword.groovy:71)
	at com.kms.katalon.core.keyword.internal.KeywordExecutor.executeKeywordForPlatform(KeywordExecutor.groovy:74)
	at com.kms.katalon.core.webui.keyword.WebUiBuiltInKeywords.selectOptionByLabel(WebUiBuiltInKeywords.groovy:1230)
	at com.kms.katalon.core.webui.keyword.WebUiBuiltInKeywords$selectOptionByLabel$6.call(Unknown Source)
	at Payments_HC_TC.run(Payments_HC_TC:317)
	at com.kms.katalon.core.main.ScriptEngine.run(ScriptEngine.java:194)
	at com.kms.katalon.core.main.ScriptEngine.runScriptAsRawText(ScriptEngine.java:119)
	at com.kms.katalon.core.main.TestCaseExecutor.runScript(TestCaseExecutor.java:430)
	at com.kms.katalon.core.main.TestCaseExecutor.doExecute(TestCaseExecutor.java:421)
	at com.kms.katalon.core.main.TestCaseExecutor.processExecutionPhase(TestCaseExecutor.java:400)
	at com.kms.katalon.core.main.TestCaseExecutor.accessMainPhase(TestCaseExecutor.java:392)
	at com.kms.katalon.core.main.TestCaseExecutor.execute(TestCaseExecutor.java:273)
	at com.kms.katalon.core.main.TestSuiteExecutor.accessTestCaseMainPhase(TestSuiteExecutor.java:202)
	at com.kms.katalon.core.main.TestSuiteExecutor.accessTestSuiteMainPhase(TestSuiteExecutor.java:164)
	at com.kms.katalon.core.main.TestSuiteExecutor.execute(TestSuiteExecutor.java:105)
	at com.kms.katalon.core.main.TestCaseMain.startTestSuite(TestCaseMain.java:185)
	at com.kms.katalon.core.main.TestCaseMain$startTestSuite$0.call(Unknown Source)
	at TempTestSuite1637335687322.run(TempTestSuite1637335687322.groovy:36)
Caused by: org.openqa.selenium.NoSuchElementException: Cannot locate element with text: 12
For documentation on this error, please visit: https://www.seleniumhq.org/exceptions/no_such_element.html
Build info: version: '3.141.59', revision: 'e82be7d358', time: '2018-11-14T08:25:53'
System info: host: 'DESKTOP-B2QI6NS', ip: '172.30.2.167', os.name: 'Windows 10', os.arch: 'amd64', os.version: '10.0', java.version: '1.8.0_181'
Driver info: driver.version: unknown
	at org.openqa.selenium.support.ui.Select.selectByVisibleText(Select.java:147)
	at com.kms.katalon.core.webui.common.WebUiCommonHelper.selectOrDeselectOptionsByLabel(WebUiCommonHelper.java:310)
	at com.kms.katalon.core.webui.keyword.builtin.SelectOptionByLabelKeyword$_selectOptionByLabel_closure1.doCall(SelectOptionByLabelKeyword.groovy:87)
	at com.kms.katalon.core.webui.keyword.builtin.SelectOptionByLabelKeyword$_selectOptionByLabel_closure1.call(SelectOptionByLabelKeyword.groovy)
	at com.kms.katalon.core.webui.keyword.internal.WebUIKeywordMain.runKeyword(WebUIKeywordMain.groovy:20)
	at com.kms.katalon.core.webui.keyword.builtin.SelectOptionByLabelKeyword.selectOptionByLabel(SelectOptionByLabelKeyword.groovy:98)
	at com.kms.katalon.core.webui.keyword.builtin.SelectOptionByLabelKeyword.execute(SelectOptionByLabelKeyword.groovy:71)
	at com.kms.katalon.core.keyword.internal.KeywordExecutor.executeKeywordForPlatform(KeywordExecutor.groovy:74)
	at com.kms.katalon.core.webui.keyword.WebUiBuiltInKeywords.selectOptionByLabel(WebUiBuiltInKeywords.groovy:1230)
	at com.kms.katalon.core.webui.keyword.WebUiBuiltInKeywords$selectOptionByLabel$6.call(Unknown Source)
	at Script1634674829687.run(Script1634674829687.groovy:317)
	... 13 more
)
[[ATTACHMENT|E:\\Cloned-Project-Katalon\\VPS-Katalon\\Reports\\20211119_102807\\RAD_TestSuite\\RAD_UI_TestSuite\\20211119_102807\\1637340994122.png]]

2021-11-19 11:56:34 - [TEST_STEP][FAILED] - selectOptionByLabel(findTestObject(orPath_PaymentEntry + "/select_YYYY"), "2023", false): Unable to select option by label '2023' of object 'Object Repository/RAD_Pages/PaymentEntry_Page/select_YYYY'  (Root cause: com.kms.katalon.core.exception.StepFailedException: Unable to select option by label '2023' of object 'Object Repository/RAD_Pages/PaymentEntry_Page/select_YYYY' 
	at com.kms.katalon.core.webui.keyword.internal.WebUIKeywordMain.stepFailed(WebUIKeywordMain.groovy:64)
	at com.kms.katalon.core.webui.keyword.internal.WebUIKeywordMain.runKeyword(WebUIKeywordMain.groovy:26)
	at com.kms.katalon.core.webui.keyword.builtin.SelectOptionByLabelKeyword.selectOptionByLabel(SelectOptionByLabelKeyword.groovy:98)
	at com.kms.katalon.core.webui.keyword.builtin.SelectOptionByLabelKeyword.execute(SelectOptionByLabelKeyword.groovy:71)
	at com.kms.katalon.core.keyword.internal.KeywordExecutor.executeKeywordForPlatform(KeywordExecutor.groovy:74)
	at com.kms.katalon.core.webui.keyword.WebUiBuiltInKeywords.selectOptionByLabel(WebUiBuiltInKeywords.groovy:1230)
	at com.kms.katalon.core.webui.keyword.WebUiBuiltInKeywords$selectOptionByLabel$6.call(Unknown Source)
	at Payments_HC_TC.run(Payments_HC_TC:318)
	at com.kms.katalon.core.main.ScriptEngine.run(ScriptEngine.java:194)
	at com.kms.katalon.core.main.ScriptEngine.runScriptAsRawText(ScriptEngine.java:119)
	at com.kms.katalon.core.main.TestCaseExecutor.runScript(TestCaseExecutor.java:430)
	at com.kms.katalon.core.main.TestCaseExecutor.doExecute(TestCaseExecutor.java:421)
	at com.kms.katalon.core.main.TestCaseExecutor.processExecutionPhase(TestCaseExecutor.java:400)
	at com.kms.katalon.core.main.TestCaseExecutor.accessMainPhase(TestCaseExecutor.java:392)
	at com.kms.katalon.core.main.TestCaseExecutor.execute(TestCaseExecutor.java:273)
	at com.kms.katalon.core.main.TestSuiteExecutor.accessTestCaseMainPhase(TestSuiteExecutor.java:202)
	at com.kms.katalon.core.main.TestSuiteExecutor.accessTestSuiteMainPhase(TestSuiteExecutor.java:164)
	at com.kms.katalon.core.main.TestSuiteExecutor.execute(TestSuiteExecutor.java:105)
	at com.kms.katalon.core.main.TestCaseMain.startTestSuite(TestCaseMain.java:185)
	at com.kms.katalon.core.main.TestCaseMain$startTestSuite$0.call(Unknown Source)
	at TempTestSuite1637335687322.run(TempTestSuite1637335687322.groovy:36)
Caused by: com.kms.katalon.core.webui.exception.WebElementNotFoundException: Web element with id: 'Object Repository/RAD_Pages/PaymentEntry_Page/select_YYYY' located by '//*[@name = 'cardExpYear' and @alt = 'Expiration Date' and (text() = '
									YYYY
						
									2021
						
									2022
						
									2023
						
									2024
						
									2025
						
									2026
						
									2027
						
									2028
						
									2029
						
									2030
						
									2031
						
									2032
						
									2033
						
									2034
						
									2035
						
									2036
						
								' or . = '
									YYYY
						
									2021
						
									2022
						
									2023
						
									2024
						
									2025
						
									2026
						
									2027
						
									2028
						
									2029
						
									2030
						
									2031
						
									2032
						
									2033
						
									2034
						
									2035
						
									2036
						
								')]' not found
	at com.kms.katalon.core.webui.common.WebUiCommonHelper.findWebElement(WebUiCommonHelper.java:1368)
	at com.kms.katalon.core.webui.keyword.internal.WebUIAbstractKeyword.findWebElement(WebUIAbstractKeyword.groovy:27)
	at com.kms.katalon.core.webui.keyword.internal.WebUIAbstractKeyword.findWebElement(WebUIAbstractKeyword.groovy:26)
	at com.kms.katalon.core.webui.keyword.builtin.SelectOptionByLabelKeyword$_selectOptionByLabel_closure1.doCall(SelectOptionByLabelKeyword.groovy:86)
	at com.kms.katalon.core.webui.keyword.builtin.SelectOptionByLabelKeyword$_selectOptionByLabel_closure1.call(SelectOptionByLabelKeyword.groovy)
	at com.kms.katalon.core.webui.keyword.internal.WebUIKeywordMain.runKeyword(WebUIKeywordMain.groovy:20)
	at com.kms.katalon.core.webui.keyword.builtin.SelectOptionByLabelKeyword.selectOptionByLabel(SelectOptionByLabelKeyword.groovy:98)
	at com.kms.katalon.core.webui.keyword.builtin.SelectOptionByLabelKeyword.execute(SelectOptionByLabelKeyword.groovy:71)
	at com.kms.katalon.core.keyword.internal.KeywordExecutor.executeKeywordForPlatform(KeywordExecutor.groovy:74)
	at com.kms.katalon.core.webui.keyword.WebUiBuiltInKeywords.selectOptionByLabel(WebUiBuiltInKeywords.groovy:1230)
	at com.kms.katalon.core.webui.keyword.WebUiBuiltInKeywords$selectOptionByLabel$6.call(Unknown Source)
	at Script1634674829687.run(Script1634674829687.groovy:318)
	... 13 more
)

2021-11-19 11:57:05 - [MESSAGE][INFO] - Unable to find the element located by 'By.xpath: //*[@name = 'cardExpYear' and @alt = 'Expiration Date' and (text() = '
									YYYY
						
									2021
						
									2022
						
									2023
						
									2024
						
									2025
						
									2026
						
									2027
						
									2028
						
									2029
						
									2030
						
									2031
						
									2032
						
									2033
						
									2034
						
									2035
						
									2036
						
								' or . = '
									YYYY
						
									2021
						
									2022
						
									2023
						
									2024
						
									2025
						
									2026
						
									2027
						
									2028
						
									2029
						
									2030
						
									2031
						
									2032
						
									2033
						
									2034
						
									2035
						
									2036
						
								')]'. Please recheck the objects properties to make sure the desired element is located. 

2021-11-19 11:57:05 - [MESSAGE][WARNING] - [SELF-HEALING] Failed to find element with id 'Object Repository/RAD_Pages/PaymentEntry_Page/select_YYYY'. Try using Self-healing.

2021-11-19 11:57:06 - [MESSAGE][INFO] - Unable to find the element located by 'By.xpath: //select[@name='cardExpYear']'. Please recheck the objects properties to make sure the desired element is located. 

2021-11-19 11:57:06 - [MESSAGE][INFO] - [SELF-HEALING] Failed Locator: '//select[@name='cardExpYear']'.

2021-11-19 11:57:07 - [MESSAGE][INFO] - [SELF-HEALING] Failed Locator: '//div[@id='expDate']/div[2]/select'.

2021-11-19 11:57:07 - [MESSAGE][INFO] - [SELF-HEALING] Failed Locator: '(.//*[normalize-space(text()) and normalize-space(.)='*'])[4]/following::select[2]'.

2021-11-19 11:57:07 - [MESSAGE][INFO] - [SELF-HEALING] Failed Locator: '(.//*[normalize-space(text()) and normalize-space(.)='*'])[5]/preceding::select[1]'.

2021-11-19 11:57:07 - [MESSAGE][INFO] - [SELF-HEALING] Failed Locator: '//div[2]/select'.

2021-11-19 11:57:08 - [MESSAGE][INFO] - Unable to find the element located by 'By.cssSelector: select[name="cardExpYear"]'. Please recheck the objects properties to make sure the desired element is located. 

2021-11-19 11:57:09 - [MESSAGE][FAILED] - Unable to select option by label '2023' of object 'Object Repository/RAD_Pages/PaymentEntry_Page/select_YYYY'  (Root cause: com.kms.katalon.core.exception.StepFailedException: Unable to select option by label '2023' of object 'Object Repository/RAD_Pages/PaymentEntry_Page/select_YYYY' 
	at com.kms.katalon.core.webui.keyword.internal.WebUIKeywordMain.stepFailed(WebUIKeywordMain.groovy:64)
	at com.kms.katalon.core.webui.keyword.internal.WebUIKeywordMain.runKeyword(WebUIKeywordMain.groovy:26)
	at com.kms.katalon.core.webui.keyword.builtin.SelectOptionByLabelKeyword.selectOptionByLabel(SelectOptionByLabelKeyword.groovy:98)
	at com.kms.katalon.core.webui.keyword.builtin.SelectOptionByLabelKeyword.execute(SelectOptionByLabelKeyword.groovy:71)
	at com.kms.katalon.core.keyword.internal.KeywordExecutor.executeKeywordForPlatform(KeywordExecutor.groovy:74)
	at com.kms.katalon.core.webui.keyword.WebUiBuiltInKeywords.selectOptionByLabel(WebUiBuiltInKeywords.groovy:1230)
	at com.kms.katalon.core.webui.keyword.WebUiBuiltInKeywords$selectOptionByLabel$6.call(Unknown Source)
	at Payments_HC_TC.run(Payments_HC_TC:318)
	at com.kms.katalon.core.main.ScriptEngine.run(ScriptEngine.java:194)
	at com.kms.katalon.core.main.ScriptEngine.runScriptAsRawText(ScriptEngine.java:119)
	at com.kms.katalon.core.main.TestCaseExecutor.runScript(TestCaseExecutor.java:430)
	at com.kms.katalon.core.main.TestCaseExecutor.doExecute(TestCaseExecutor.java:421)
	at com.kms.katalon.core.main.TestCaseExecutor.processExecutionPhase(TestCaseExecutor.java:400)
	at com.kms.katalon.core.main.TestCaseExecutor.accessMainPhase(TestCaseExecutor.java:392)
	at com.kms.katalon.core.main.TestCaseExecutor.execute(TestCaseExecutor.java:273)
	at com.kms.katalon.core.main.TestSuiteExecutor.accessTestCaseMainPhase(TestSuiteExecutor.java:202)
	at com.kms.katalon.core.main.TestSuiteExecutor.accessTestSuiteMainPhase(TestSuiteExecutor.java:164)
	at com.kms.katalon.core.main.TestSuiteExecutor.execute(TestSuiteExecutor.java:105)
	at com.kms.katalon.core.main.TestCaseMain.startTestSuite(TestCaseMain.java:185)
	at com.kms.katalon.core.main.TestCaseMain$startTestSuite$0.call(Unknown Source)
	at TempTestSuite1637335687322.run(TempTestSuite1637335687322.groovy:36)
Caused by: com.kms.katalon.core.webui.exception.WebElementNotFoundException: Web element with id: 'Object Repository/RAD_Pages/PaymentEntry_Page/select_YYYY' located by '//*[@name = 'cardExpYear' and @alt = 'Expiration Date' and (text() = '
									YYYY
						
									2021
						
									2022
						
									2023
						
									2024
						
									2025
						
									2026
						
									2027
						
									2028
						
									2029
						
									2030
						
									2031
						
									2032
						
									2033
						
									2034
						
									2035
						
									2036
						
								' or . = '
									YYYY
						
									2021
						
									2022
						
									2023
						
									2024
						
									2025
						
									2026
						
									2027
						
									2028
						
									2029
						
									2030
						
									2031
						
									2032
						
									2033
						
									2034
						
									2035
						
									2036
						
								')]' not found
	at com.kms.katalon.core.webui.common.WebUiCommonHelper.findWebElement(WebUiCommonHelper.java:1368)
	at com.kms.katalon.core.webui.keyword.internal.WebUIAbstractKeyword.findWebElement(WebUIAbstractKeyword.groovy:27)
	at com.kms.katalon.core.webui.keyword.internal.WebUIAbstractKeyword.findWebElement(WebUIAbstractKeyword.groovy:26)
	at com.kms.katalon.core.webui.keyword.builtin.SelectOptionByLabelKeyword$_selectOptionByLabel_closure1.doCall(SelectOptionByLabelKeyword.groovy:86)
	at com.kms.katalon.core.webui.keyword.builtin.SelectOptionByLabelKeyword$_selectOptionByLabel_closure1.call(SelectOptionByLabelKeyword.groovy)
	at com.kms.katalon.core.webui.keyword.internal.WebUIKeywordMain.runKeyword(WebUIKeywordMain.groovy:20)
	at com.kms.katalon.core.webui.keyword.builtin.SelectOptionByLabelKeyword.selectOptionByLabel(SelectOptionByLabelKeyword.groovy:98)
	at com.kms.katalon.core.webui.keyword.builtin.SelectOptionByLabelKeyword.execute(SelectOptionByLabelKeyword.groovy:71)
	at com.kms.katalon.core.keyword.internal.KeywordExecutor.executeKeywordForPlatform(KeywordExecutor.groovy:74)
	at com.kms.katalon.core.webui.keyword.WebUiBuiltInKeywords.selectOptionByLabel(WebUiBuiltInKeywords.groovy:1230)
	at com.kms.katalon.core.webui.keyword.WebUiBuiltInKeywords$selectOptionByLabel$6.call(Unknown Source)
	at Script1634674829687.run(Script1634674829687.groovy:318)
	... 13 more
)
[[ATTACHMENT|E:\\Cloned-Project-Katalon\\VPS-Katalon\\Reports\\20211119_102807\\RAD_TestSuite\\RAD_UI_TestSuite\\20211119_102807\\1637341028882.png]]

2021-11-19 11:57:09 - [TEST_STEP][FAILED] - click(findTestObject(orPath_PaymentEntry + "/input_Field_ccSubmit")): Unable to click on object 'Object Repository/RAD_Pages/PaymentEntry_Page/input_Field_ccSubmit' (Root cause: com.kms.katalon.core.exception.StepFailedException: Unable to click on object 'Object Repository/RAD_Pages/PaymentEntry_Page/input_Field_ccSubmit'
	at com.kms.katalon.core.webui.keyword.internal.WebUIKeywordMain.stepFailed(WebUIKeywordMain.groovy:64)
	at com.kms.katalon.core.webui.keyword.internal.WebUIKeywordMain.runKeyword(WebUIKeywordMain.groovy:26)
	at com.kms.katalon.core.webui.keyword.builtin.ClickKeyword.click(ClickKeyword.groovy:75)
	at com.kms.katalon.core.webui.keyword.builtin.ClickKeyword.execute(ClickKeyword.groovy:42)
	at com.kms.katalon.core.keyword.internal.KeywordExecutor.executeKeywordForPlatform(KeywordExecutor.groovy:74)
	at com.kms.katalon.core.webui.keyword.WebUiBuiltInKeywords.click(WebUiBuiltInKeywords.groovy:620)
	at com.kms.katalon.core.webui.keyword.WebUiBuiltInKeywords$click$10.call(Unknown Source)
	at Payments_HC_TC.run(Payments_HC_TC:319)
	at com.kms.katalon.core.main.ScriptEngine.run(ScriptEngine.java:194)
	at com.kms.katalon.core.main.ScriptEngine.runScriptAsRawText(ScriptEngine.java:119)
	at com.kms.katalon.core.main.TestCaseExecutor.runScript(TestCaseExecutor.java:430)
	at com.kms.katalon.core.main.TestCaseExecutor.doExecute(TestCaseExecutor.java:421)
	at com.kms.katalon.core.main.TestCaseExecutor.processExecutionPhase(TestCaseExecutor.java:400)
	at com.kms.katalon.core.main.TestCaseExecutor.accessMainPhase(TestCaseExecutor.java:392)
	at com.kms.katalon.core.main.TestCaseExecutor.execute(TestCaseExecutor.java:273)
	at com.kms.katalon.core.main.TestSuiteExecutor.accessTestCaseMainPhase(TestSuiteExecutor.java:202)
	at com.kms.katalon.core.main.TestSuiteExecutor.accessTestSuiteMainPhase(TestSuiteExecutor.java:164)
	at com.kms.katalon.core.main.TestSuiteExecutor.execute(TestSuiteExecutor.java:105)
	at com.kms.katalon.core.main.TestCaseMain.startTestSuite(TestCaseMain.java:185)
	at com.kms.katalon.core.main.TestCaseMain$startTestSuite$0.call(Unknown Source)
	at TempTestSuite1637335687322.run(TempTestSuite1637335687322.groovy:36)
Caused by: com.kms.katalon.core.webui.exception.WebElementNotFoundException: Web element with id: 'Object Repository/RAD_Pages/PaymentEntry_Page/input_Field_ccSubmit' located by '//*[@type = 'submit' and @name = 'ccSubmit']' not found
	at com.kms.katalon.core.webui.common.WebUiCommonHelper.findWebElement(WebUiCommonHelper.java:1368)
	at com.kms.katalon.core.webui.keyword.internal.WebUIAbstractKeyword.findWebElement(WebUIAbstractKeyword.groovy:27)
	at com.kms.katalon.core.webui.keyword.internal.WebUIAbstractKeyword.findWebElement(WebUIAbstractKeyword.groovy:26)
	at com.kms.katalon.core.webui.keyword.builtin.ClickKeyword$_click_closure1.doCall(ClickKeyword.groovy:66)
	at com.kms.katalon.core.webui.keyword.builtin.ClickKeyword$_click_closure1.call(ClickKeyword.groovy)
	at com.kms.katalon.core.webui.keyword.internal.WebUIKeywordMain.runKeyword(WebUIKeywordMain.groovy:20)
	at com.kms.katalon.core.webui.keyword.builtin.ClickKeyword.click(ClickKeyword.groovy:75)
	at com.kms.katalon.core.webui.keyword.builtin.ClickKeyword.execute(ClickKeyword.groovy:42)
	at com.kms.katalon.core.keyword.internal.KeywordExecutor.executeKeywordForPlatform(KeywordExecutor.groovy:74)
	at com.kms.katalon.core.webui.keyword.WebUiBuiltInKeywords.click(WebUiBuiltInKeywords.groovy:620)
	at com.kms.katalon.core.webui.keyword.WebUiBuiltInKeywords$click$10.call(Unknown Source)
	at Script1634674829687.run(Script1634674829687.groovy:319)
	... 13 more
)

2021-11-19 11:57:40 - [MESSAGE][INFO] - Unable to find the element located by 'By.xpath: //*[@type = 'submit' and @name = 'ccSubmit']'. Please recheck the objects properties to make sure the desired element is located. 

2021-11-19 11:57:40 - [MESSAGE][WARNING] - [SELF-HEALING] Failed to find element with id 'Object Repository/RAD_Pages/PaymentEntry_Page/input_Field_ccSubmit'. Try using Self-healing.

2021-11-19 11:57:41 - [MESSAGE][INFO] - Unable to find the element located by 'By.xpath: //input[@name='ccSubmit']'. Please recheck the objects properties to make sure the desired element is located. 

2021-11-19 11:57:41 - [MESSAGE][INFO] - [SELF-HEALING] Failed Locator: '//input[@name='ccSubmit']'.

2021-11-19 11:57:42 - [MESSAGE][INFO] - [SELF-HEALING] Failed Locator: '//form[@id='process']/table/tbody/tr/td[2]/div/div/input'.

2021-11-19 11:57:42 - [MESSAGE][INFO] - [SELF-HEALING] Failed Locator: '//td[2]/div/div/input'.

2021-11-19 11:57:42 - [MESSAGE][INFO] - [SELF-HEALING] Failed Locator: '//input[@name='ccSubmit']'.

2021-11-19 11:57:42 - [MESSAGE][INFO] - [SELF-HEALING] Failed Locator: '//form[@id='process']/table/tbody/tr/td[2]/div/div/input'.

2021-11-19 11:57:43 - [MESSAGE][INFO] - [SELF-HEALING] Failed Locator: '//td[2]/div/div/input'.

2021-11-19 11:57:44 - [MESSAGE][INFO] - Unable to find the element located by 'By.cssSelector: input[name="ccSubmit"]'. Please recheck the objects properties to make sure the desired element is located. 

2021-11-19 11:57:44 - [MESSAGE][FAILED] - Unable to click on object 'Object Repository/RAD_Pages/PaymentEntry_Page/input_Field_ccSubmit' (Root cause: com.kms.katalon.core.exception.StepFailedException: Unable to click on object 'Object Repository/RAD_Pages/PaymentEntry_Page/input_Field_ccSubmit'
	at com.kms.katalon.core.webui.keyword.internal.WebUIKeywordMain.stepFailed(WebUIKeywordMain.groovy:64)
	at com.kms.katalon.core.webui.keyword.internal.WebUIKeywordMain.runKeyword(WebUIKeywordMain.groovy:26)
	at com.kms.katalon.core.webui.keyword.builtin.ClickKeyword.click(ClickKeyword.groovy:75)
	at com.kms.katalon.core.webui.keyword.builtin.ClickKeyword.execute(ClickKeyword.groovy:42)
	at com.kms.katalon.core.keyword.internal.KeywordExecutor.executeKeywordForPlatform(KeywordExecutor.groovy:74)
	at com.kms.katalon.core.webui.keyword.WebUiBuiltInKeywords.click(WebUiBuiltInKeywords.groovy:620)
	at com.kms.katalon.core.webui.keyword.WebUiBuiltInKeywords$click$10.call(Unknown Source)
	at Payments_HC_TC.run(Payments_HC_TC:319)
	at com.kms.katalon.core.main.ScriptEngine.run(ScriptEngine.java:194)
	at com.kms.katalon.core.main.ScriptEngine.runScriptAsRawText(ScriptEngine.java:119)
	at com.kms.katalon.core.main.TestCaseExecutor.runScript(TestCaseExecutor.java:430)
	at com.kms.katalon.core.main.TestCaseExecutor.doExecute(TestCaseExecutor.java:421)
	at com.kms.katalon.core.main.TestCaseExecutor.processExecutionPhase(TestCaseExecutor.java:400)
	at com.kms.katalon.core.main.TestCaseExecutor.accessMainPhase(TestCaseExecutor.java:392)
	at com.kms.katalon.core.main.TestCaseExecutor.execute(TestCaseExecutor.java:273)
	at com.kms.katalon.core.main.TestSuiteExecutor.accessTestCaseMainPhase(TestSuiteExecutor.java:202)
	at com.kms.katalon.core.main.TestSuiteExecutor.accessTestSuiteMainPhase(TestSuiteExecutor.java:164)
	at com.kms.katalon.core.main.TestSuiteExecutor.execute(TestSuiteExecutor.java:105)
	at com.kms.katalon.core.main.TestCaseMain.startTestSuite(TestCaseMain.java:185)
	at com.kms.katalon.core.main.TestCaseMain$startTestSuite$0.call(Unknown Source)
	at TempTestSuite1637335687322.run(TempTestSuite1637335687322.groovy:36)
Caused by: com.kms.katalon.core.webui.exception.WebElementNotFoundException: Web element with id: 'Object Repository/RAD_Pages/PaymentEntry_Page/input_Field_ccSubmit' located by '//*[@type = 'submit' and @name = 'ccSubmit']' not found
	at com.kms.katalon.core.webui.common.WebUiCommonHelper.findWebElement(WebUiCommonHelper.java:1368)
	at com.kms.katalon.core.webui.keyword.internal.WebUIAbstractKeyword.findWebElement(WebUIAbstractKeyword.groovy:27)
	at com.kms.katalon.core.webui.keyword.internal.WebUIAbstractKeyword.findWebElement(WebUIAbstractKeyword.groovy:26)
	at com.kms.katalon.core.webui.keyword.builtin.ClickKeyword$_click_closure1.doCall(ClickKeyword.groovy:66)
	at com.kms.katalon.core.webui.keyword.builtin.ClickKeyword$_click_closure1.call(ClickKeyword.groovy)
	at com.kms.katalon.core.webui.keyword.internal.WebUIKeywordMain.runKeyword(WebUIKeywordMain.groovy:20)
	at com.kms.katalon.core.webui.keyword.builtin.ClickKeyword.click(ClickKeyword.groovy:75)
	at com.kms.katalon.core.webui.keyword.builtin.ClickKeyword.execute(ClickKeyword.groovy:42)
	at com.kms.katalon.core.keyword.internal.KeywordExecutor.executeKeywordForPlatform(KeywordExecutor.groovy:74)
	at com.kms.katalon.core.webui.keyword.WebUiBuiltInKeywords.click(WebUiBuiltInKeywords.groovy:620)
	at com.kms.katalon.core.webui.keyword.WebUiBuiltInKeywords$click$10.call(Unknown Source)
	at Script1634674829687.run(Script1634674829687.groovy:319)
	... 13 more
)
[[ATTACHMENT|E:\\Cloned-Project-Katalon\\VPS-Katalon\\Reports\\20211119_102807\\RAD_TestSuite\\RAD_UI_TestSuite\\20211119_102807\\1637341064302.png]]

2021-11-19 11:57:44 - [TEST_STEP][FAILED] - click(findTestObject(orPath_PaymentConfirmation + "/input_N_confirmNotifyAction")): Unable to click on object 'Object Repository/RAD_Pages/PaymentConfirmation_Page/input_N_confirmNotifyAction' (Root cause: com.kms.katalon.core.exception.StepFailedException: Unable to click on object 'Object Repository/RAD_Pages/PaymentConfirmation_Page/input_N_confirmNotifyAction'
	at com.kms.katalon.core.webui.keyword.internal.WebUIKeywordMain.stepFailed(WebUIKeywordMain.groovy:64)
	at com.kms.katalon.core.webui.keyword.internal.WebUIKeywordMain.runKeyword(WebUIKeywordMain.groovy:26)
	at com.kms.katalon.core.webui.keyword.builtin.ClickKeyword.click(ClickKeyword.groovy:75)
	at com.kms.katalon.core.webui.keyword.builtin.ClickKeyword.execute(ClickKeyword.groovy:42)
	at com.kms.katalon.core.keyword.internal.KeywordExecutor.executeKeywordForPlatform(KeywordExecutor.groovy:74)
	at com.kms.katalon.core.webui.keyword.WebUiBuiltInKeywords.click(WebUiBuiltInKeywords.groovy:620)
	at com.kms.katalon.core.webui.keyword.WebUiBuiltInKeywords$click$10.call(Unknown Source)
	at Payments_HC_TC.run(Payments_HC_TC:324)
	at com.kms.katalon.core.main.ScriptEngine.run(ScriptEngine.java:194)
	at com.kms.katalon.core.main.ScriptEngine.runScriptAsRawText(ScriptEngine.java:119)
	at com.kms.katalon.core.main.TestCaseExecutor.runScript(TestCaseExecutor.java:430)
	at com.kms.katalon.core.main.TestCaseExecutor.doExecute(TestCaseExecutor.java:421)
	at com.kms.katalon.core.main.TestCaseExecutor.processExecutionPhase(TestCaseExecutor.java:400)
	at com.kms.katalon.core.main.TestCaseExecutor.accessMainPhase(TestCaseExecutor.java:392)
	at com.kms.katalon.core.main.TestCaseExecutor.execute(TestCaseExecutor.java:273)
	at com.kms.katalon.core.main.TestSuiteExecutor.accessTestCaseMainPhase(TestSuiteExecutor.java:202)
	at com.kms.katalon.core.main.TestSuiteExecutor.accessTestSuiteMainPhase(TestSuiteExecutor.java:164)
	at com.kms.katalon.core.main.TestSuiteExecutor.execute(TestSuiteExecutor.java:105)
	at com.kms.katalon.core.main.TestCaseMain.startTestSuite(TestCaseMain.java:185)
	at com.kms.katalon.core.main.TestCaseMain$startTestSuite$0.call(Unknown Source)
	at TempTestSuite1637335687322.run(TempTestSuite1637335687322.groovy:36)
Caused by: org.openqa.selenium.ElementClickInterceptedException: element click intercepted: Element <input type="text" name="firstName" class="form-control" id="firstName" maxlength="20" placeholder="First Name" required=""> is not clickable at point (490, 76). Other element would receive the click: <div class="container-fluid">...</div>
  (Session info: chrome=96.0.4664.45)
Build info: version: '3.141.59', revision: 'e82be7d358', time: '2018-11-14T08:25:53'
System info: host: 'DESKTOP-B2QI6NS', ip: '172.30.2.167', os.name: 'Windows 10', os.arch: 'amd64', os.version: '10.0', java.version: '1.8.0_181'
Driver info: com.kms.katalon.selenium.driver.CChromeDriver
Capabilities {acceptInsecureCerts: true, browserName: chrome, browserVersion: 96.0.4664.45, chrome: {chromedriverVersion: 95.0.4638.54 (d31a821ec901f..., userDataDir: C:\Users\iahmed\AppData\Loc...}, goog:chromeOptions: {debuggerAddress: localhost:56062}, javascriptEnabled: true, networkConnectionEnabled: false, pageLoadStrategy: normal, platform: WINDOWS, platformName: WINDOWS, proxy: Proxy(), setWindowRect: true, strictFileInteractability: false, timeouts: {implicit: 0, pageLoad: 300000, script: 30000}, unhandledPromptBehavior: dismiss and notify, webauthn:extension:credBlob: true, webauthn:extension:largeBlob: true, webauthn:virtualAuthenticators: true}
Session ID: 0413d2aaf10ed14e923efadfd1cf02cf
	at org.openqa.selenium.remote.http.W3CHttpResponseCodec.createException(W3CHttpResponseCodec.java:187)
	at org.openqa.selenium.remote.http.W3CHttpResponseCodec.decode(W3CHttpResponseCodec.java:122)
	at org.openqa.selenium.remote.http.W3CHttpResponseCodec.decode(W3CHttpResponseCodec.java:49)
	at org.openqa.selenium.remote.HttpCommandExecutor.execute(HttpCommandExecutor.java:158)
	at org.openqa.selenium.remote.service.DriverCommandExecutor.execute(DriverCommandExecutor.java:83)
	at org.openqa.selenium.remote.RemoteWebDriver.execute(RemoteWebDriver.java:552)
	at com.kms.katalon.selenium.driver.CChromeDriver.execute(CChromeDriver.java:19)
	at org.openqa.selenium.remote.RemoteWebElement.execute(RemoteWebElement.java:285)
	at org.openqa.selenium.remote.RemoteWebElement.click(RemoteWebElement.java:84)
	at org.openqa.selenium.support.events.EventFiringWebDriver$EventFiringWebElement.lambda$new$0(EventFiringWebDriver.java:404)
	at com.sun.proxy.$Proxy11.click(Unknown Source)
	at org.openqa.selenium.support.events.EventFiringWebDriver$EventFiringWebElement.click(EventFiringWebDriver.java:417)
	at com.kms.katalon.core.webui.keyword.builtin.ClickKeyword$_click_closure1.doCall(ClickKeyword.groovy:68)
	at com.kms.katalon.core.webui.keyword.builtin.ClickKeyword$_click_closure1.call(ClickKeyword.groovy)
	at com.kms.katalon.core.webui.keyword.internal.WebUIKeywordMain.runKeyword(WebUIKeywordMain.groovy:20)
	at com.kms.katalon.core.webui.keyword.builtin.ClickKeyword.click(ClickKeyword.groovy:75)
	at com.kms.katalon.core.webui.keyword.builtin.ClickKeyword.execute(ClickKeyword.groovy:42)
	at com.kms.katalon.core.keyword.internal.KeywordExecutor.executeKeywordForPlatform(KeywordExecutor.groovy:74)
	at com.kms.katalon.core.webui.keyword.WebUiBuiltInKeywords.click(WebUiBuiltInKeywords.groovy:620)
	at com.kms.katalon.core.webui.keyword.WebUiBuiltInKeywords$click$10.call(Unknown Source)
	at Script1634674829687.run(Script1634674829687.groovy:324)
	... 13 more
)

2021-11-19 11:58:15 - [MESSAGE][INFO] - Unable to find the element located by 'By.xpath: //*[@type = 'submit' and @name = 'confirmNotifyAction']'. Please recheck the objects properties to make sure the desired element is located. 

2021-11-19 11:58:15 - [MESSAGE][WARNING] - [SELF-HEALING] Failed to find element with id 'Object Repository/RAD_Pages/PaymentConfirmation_Page/input_N_confirmNotifyAction'. Try using Self-healing.

2021-11-19 11:58:15 - [MESSAGE][WARNING] - [SELF-HEALING] The current locator of test object 'Object Repository/RAD_Pages/PaymentConfirmation_Page/input_N_confirmNotifyAction' was broken. Propose an alternative one: '//div[4]/div/input'.

2021-11-19 11:58:17 - [MESSAGE][FAILED] - Unable to click on object 'Object Repository/RAD_Pages/PaymentConfirmation_Page/input_N_confirmNotifyAction' (Root cause: com.kms.katalon.core.exception.StepFailedException: Unable to click on object 'Object Repository/RAD_Pages/PaymentConfirmation_Page/input_N_confirmNotifyAction'
	at com.kms.katalon.core.webui.keyword.internal.WebUIKeywordMain.stepFailed(WebUIKeywordMain.groovy:64)
	at com.kms.katalon.core.webui.keyword.internal.WebUIKeywordMain.runKeyword(WebUIKeywordMain.groovy:26)
	at com.kms.katalon.core.webui.keyword.builtin.ClickKeyword.click(ClickKeyword.groovy:75)
	at com.kms.katalon.core.webui.keyword.builtin.ClickKeyword.execute(ClickKeyword.groovy:42)
	at com.kms.katalon.core.keyword.internal.KeywordExecutor.executeKeywordForPlatform(KeywordExecutor.groovy:74)
	at com.kms.katalon.core.webui.keyword.WebUiBuiltInKeywords.click(WebUiBuiltInKeywords.groovy:620)
	at com.kms.katalon.core.webui.keyword.WebUiBuiltInKeywords$click$10.call(Unknown Source)
	at Payments_HC_TC.run(Payments_HC_TC:324)
	at com.kms.katalon.core.main.ScriptEngine.run(ScriptEngine.java:194)
	at com.kms.katalon.core.main.ScriptEngine.runScriptAsRawText(ScriptEngine.java:119)
	at com.kms.katalon.core.main.TestCaseExecutor.runScript(TestCaseExecutor.java:430)
	at com.kms.katalon.core.main.TestCaseExecutor.doExecute(TestCaseExecutor.java:421)
	at com.kms.katalon.core.main.TestCaseExecutor.processExecutionPhase(TestCaseExecutor.java:400)
	at com.kms.katalon.core.main.TestCaseExecutor.accessMainPhase(TestCaseExecutor.java:392)
	at com.kms.katalon.core.main.TestCaseExecutor.execute(TestCaseExecutor.java:273)
	at com.kms.katalon.core.main.TestSuiteExecutor.accessTestCaseMainPhase(TestSuiteExecutor.java:202)
	at com.kms.katalon.core.main.TestSuiteExecutor.accessTestSuiteMainPhase(TestSuiteExecutor.java:164)
	at com.kms.katalon.core.main.TestSuiteExecutor.execute(TestSuiteExecutor.java:105)
	at com.kms.katalon.core.main.TestCaseMain.startTestSuite(TestCaseMain.java:185)
	at com.kms.katalon.core.main.TestCaseMain$startTestSuite$0.call(Unknown Source)
	at TempTestSuite1637335687322.run(TempTestSuite1637335687322.groovy:36)
Caused by: org.openqa.selenium.ElementClickInterceptedException: element click intercepted: Element <input type="text" name="firstName" class="form-control" id="firstName" maxlength="20" placeholder="First Name" required=""> is not clickable at point (490, 76). Other element would receive the click: <div class="container-fluid">...</div>
  (Session info: chrome=96.0.4664.45)
Build info: version: '3.141.59', revision: 'e82be7d358', time: '2018-11-14T08:25:53'
System info: host: 'DESKTOP-B2QI6NS', ip: '172.30.2.167', os.name: 'Windows 10', os.arch: 'amd64', os.version: '10.0', java.version: '1.8.0_181'
Driver info: com.kms.katalon.selenium.driver.CChromeDriver
Capabilities {acceptInsecureCerts: true, browserName: chrome, browserVersion: 96.0.4664.45, chrome: {chromedriverVersion: 95.0.4638.54 (d31a821ec901f..., userDataDir: C:\Users\iahmed\AppData\Loc...}, goog:chromeOptions: {debuggerAddress: localhost:56062}, javascriptEnabled: true, networkConnectionEnabled: false, pageLoadStrategy: normal, platform: WINDOWS, platformName: WINDOWS, proxy: Proxy(), setWindowRect: true, strictFileInteractability: false, timeouts: {implicit: 0, pageLoad: 300000, script: 30000}, unhandledPromptBehavior: dismiss and notify, webauthn:extension:credBlob: true, webauthn:extension:largeBlob: true, webauthn:virtualAuthenticators: true}
Session ID: 0413d2aaf10ed14e923efadfd1cf02cf
	at org.openqa.selenium.remote.http.W3CHttpResponseCodec.createException(W3CHttpResponseCodec.java:187)
	at org.openqa.selenium.remote.http.W3CHttpResponseCodec.decode(W3CHttpResponseCodec.java:122)
	at org.openqa.selenium.remote.http.W3CHttpResponseCodec.decode(W3CHttpResponseCodec.java:49)
	at org.openqa.selenium.remote.HttpCommandExecutor.execute(HttpCommandExecutor.java:158)
	at org.openqa.selenium.remote.service.DriverCommandExecutor.execute(DriverCommandExecutor.java:83)
	at org.openqa.selenium.remote.RemoteWebDriver.execute(RemoteWebDriver.java:552)
	at com.kms.katalon.selenium.driver.CChromeDriver.execute(CChromeDriver.java:19)
	at org.openqa.selenium.remote.RemoteWebElement.execute(RemoteWebElement.java:285)
	at org.openqa.selenium.remote.RemoteWebElement.click(RemoteWebElement.java:84)
	at org.openqa.selenium.support.events.EventFiringWebDriver$EventFiringWebElement.lambda$new$0(EventFiringWebDriver.java:404)
	at com.sun.proxy.$Proxy11.click(Unknown Source)
	at org.openqa.selenium.support.events.EventFiringWebDriver$EventFiringWebElement.click(EventFiringWebDriver.java:417)
	at com.kms.katalon.core.webui.keyword.builtin.ClickKeyword$_click_closure1.doCall(ClickKeyword.groovy:68)
	at com.kms.katalon.core.webui.keyword.builtin.ClickKeyword$_click_closure1.call(ClickKeyword.groovy)
	at com.kms.katalon.core.webui.keyword.internal.WebUIKeywordMain.runKeyword(WebUIKeywordMain.groovy:20)
	at com.kms.katalon.core.webui.keyword.builtin.ClickKeyword.click(ClickKeyword.groovy:75)
	at com.kms.katalon.core.webui.keyword.builtin.ClickKeyword.execute(ClickKeyword.groovy:42)
	at com.kms.katalon.core.keyword.internal.KeywordExecutor.executeKeywordForPlatform(KeywordExecutor.groovy:74)
	at com.kms.katalon.core.webui.keyword.WebUiBuiltInKeywords.click(WebUiBuiltInKeywords.groovy:620)
	at com.kms.katalon.core.webui.keyword.WebUiBuiltInKeywords$click$10.call(Unknown Source)
	at Script1634674829687.run(Script1634674829687.groovy:324)
	... 13 more
)
[[ATTACHMENT|E:\\Cloned-Project-Katalon\\VPS-Katalon\\Reports\\20211119_102807\\RAD_TestSuite\\RAD_UI_TestSuite\\20211119_102807\\1637341096988.png]]

2021-11-19 11:58:17 - [TEST_STEP][FAILED] - click(findTestObject(orPath_ServiceFeesAccept + "/input_convFeeNotifyAction")): Unable to click on object 'Object Repository/RAD_Pages/ServiceFeeAccept_Page/input_convFeeNotifyAction' (Root cause: com.kms.katalon.core.exception.StepFailedException: Unable to click on object 'Object Repository/RAD_Pages/ServiceFeeAccept_Page/input_convFeeNotifyAction'
	at com.kms.katalon.core.webui.keyword.internal.WebUIKeywordMain.stepFailed(WebUIKeywordMain.groovy:64)
	at com.kms.katalon.core.webui.keyword.internal.WebUIKeywordMain.runKeyword(WebUIKeywordMain.groovy:26)
	at com.kms.katalon.core.webui.keyword.builtin.ClickKeyword.click(ClickKeyword.groovy:75)
	at com.kms.katalon.core.webui.keyword.builtin.ClickKeyword.execute(ClickKeyword.groovy:42)
	at com.kms.katalon.core.keyword.internal.KeywordExecutor.executeKeywordForPlatform(KeywordExecutor.groovy:74)
	at com.kms.katalon.core.webui.keyword.WebUiBuiltInKeywords.click(WebUiBuiltInKeywords.groovy:620)
	at com.kms.katalon.core.webui.keyword.WebUiBuiltInKeywords$click$10.call(Unknown Source)
	at Payments_HC_TC.run(Payments_HC_TC:328)
	at com.kms.katalon.core.main.ScriptEngine.run(ScriptEngine.java:194)
	at com.kms.katalon.core.main.ScriptEngine.runScriptAsRawText(ScriptEngine.java:119)
	at com.kms.katalon.core.main.TestCaseExecutor.runScript(TestCaseExecutor.java:430)
	at com.kms.katalon.core.main.TestCaseExecutor.doExecute(TestCaseExecutor.java:421)
	at com.kms.katalon.core.main.TestCaseExecutor.processExecutionPhase(TestCaseExecutor.java:400)
	at com.kms.katalon.core.main.TestCaseExecutor.accessMainPhase(TestCaseExecutor.java:392)
	at com.kms.katalon.core.main.TestCaseExecutor.execute(TestCaseExecutor.java:273)
	at com.kms.katalon.core.main.TestSuiteExecutor.accessTestCaseMainPhase(TestSuiteExecutor.java:202)
	at com.kms.katalon.core.main.TestSuiteExecutor.accessTestSuiteMainPhase(TestSuiteExecutor.java:164)
	at com.kms.katalon.core.main.TestSuiteExecutor.execute(TestSuiteExecutor.java:105)
	at com.kms.katalon.core.main.TestCaseMain.startTestSuite(TestCaseMain.java:185)
	at com.kms.katalon.core.main.TestCaseMain$startTestSuite$0.call(Unknown Source)
	at TempTestSuite1637335687322.run(TempTestSuite1637335687322.groovy:36)
Caused by: org.openqa.selenium.ElementClickInterceptedException: element click intercepted: Element <input type="text" name="middleName" class="form-control" id="middleName" maxlength="20" placeholder="Middle Name"> is not clickable at point (902, 76). Other element would receive the click: <div class="container-fluid">...</div>
  (Session info: chrome=96.0.4664.45)
Build info: version: '3.141.59', revision: 'e82be7d358', time: '2018-11-14T08:25:53'
System info: host: 'DESKTOP-B2QI6NS', ip: '172.30.2.167', os.name: 'Windows 10', os.arch: 'amd64', os.version: '10.0', java.version: '1.8.0_181'
Driver info: com.kms.katalon.selenium.driver.CChromeDriver
Capabilities {acceptInsecureCerts: true, browserName: chrome, browserVersion: 96.0.4664.45, chrome: {chromedriverVersion: 95.0.4638.54 (d31a821ec901f..., userDataDir: C:\Users\iahmed\AppData\Loc...}, goog:chromeOptions: {debuggerAddress: localhost:56062}, javascriptEnabled: true, networkConnectionEnabled: false, pageLoadStrategy: normal, platform: WINDOWS, platformName: WINDOWS, proxy: Proxy(), setWindowRect: true, strictFileInteractability: false, timeouts: {implicit: 0, pageLoad: 300000, script: 30000}, unhandledPromptBehavior: dismiss and notify, webauthn:extension:credBlob: true, webauthn:extension:largeBlob: true, webauthn:virtualAuthenticators: true}
Session ID: 0413d2aaf10ed14e923efadfd1cf02cf
	at org.openqa.selenium.remote.http.W3CHttpResponseCodec.createException(W3CHttpResponseCodec.java:187)
	at org.openqa.selenium.remote.http.W3CHttpResponseCodec.decode(W3CHttpResponseCodec.java:122)
	at org.openqa.selenium.remote.http.W3CHttpResponseCodec.decode(W3CHttpResponseCodec.java:49)
	at org.openqa.selenium.remote.HttpCommandExecutor.execute(HttpCommandExecutor.java:158)
	at org.openqa.selenium.remote.service.DriverCommandExecutor.execute(DriverCommandExecutor.java:83)
	at org.openqa.selenium.remote.RemoteWebDriver.execute(RemoteWebDriver.java:552)
	at com.kms.katalon.selenium.driver.CChromeDriver.execute(CChromeDriver.java:19)
	at org.openqa.selenium.remote.RemoteWebElement.execute(RemoteWebElement.java:285)
	at org.openqa.selenium.remote.RemoteWebElement.click(RemoteWebElement.java:84)
	at org.openqa.selenium.support.events.EventFiringWebDriver$EventFiringWebElement.lambda$new$0(EventFiringWebDriver.java:404)
	at com.sun.proxy.$Proxy11.click(Unknown Source)
	at org.openqa.selenium.support.events.EventFiringWebDriver$EventFiringWebElement.click(EventFiringWebDriver.java:417)
	at com.kms.katalon.core.webui.keyword.builtin.ClickKeyword$_click_closure1.doCall(ClickKeyword.groovy:68)
	at com.kms.katalon.core.webui.keyword.builtin.ClickKeyword$_click_closure1.call(ClickKeyword.groovy)
	at com.kms.katalon.core.webui.keyword.internal.WebUIKeywordMain.runKeyword(WebUIKeywordMain.groovy:20)
	at com.kms.katalon.core.webui.keyword.builtin.ClickKeyword.click(ClickKeyword.groovy:75)
	at com.kms.katalon.core.webui.keyword.builtin.ClickKeyword.execute(ClickKeyword.groovy:42)
	at com.kms.katalon.core.keyword.internal.KeywordExecutor.executeKeywordForPlatform(KeywordExecutor.groovy:74)
	at com.kms.katalon.core.webui.keyword.WebUiBuiltInKeywords.click(WebUiBuiltInKeywords.groovy:620)
	at com.kms.katalon.core.webui.keyword.WebUiBuiltInKeywords$click$10.call(Unknown Source)
	at Script1634674829687.run(Script1634674829687.groovy:328)
	... 13 more
)

2021-11-19 11:58:48 - [MESSAGE][INFO] - Unable to find the element located by 'By.xpath: //*[@type = 'submit' and @name = 'convFeeNotifyAction']'. Please recheck the objects properties to make sure the desired element is located. 

2021-11-19 11:58:48 - [MESSAGE][WARNING] - [SELF-HEALING] Failed to find element with id 'Object Repository/RAD_Pages/ServiceFeeAccept_Page/input_convFeeNotifyAction'. Try using Self-healing.

2021-11-19 11:58:48 - [MESSAGE][WARNING] - [SELF-HEALING] The current locator of test object 'Object Repository/RAD_Pages/ServiceFeeAccept_Page/input_convFeeNotifyAction' was broken. Propose an alternative one: '//div[5]/div/input'.

2021-11-19 11:58:50 - [MESSAGE][FAILED] - Unable to click on object 'Object Repository/RAD_Pages/ServiceFeeAccept_Page/input_convFeeNotifyAction' (Root cause: com.kms.katalon.core.exception.StepFailedException: Unable to click on object 'Object Repository/RAD_Pages/ServiceFeeAccept_Page/input_convFeeNotifyAction'
	at com.kms.katalon.core.webui.keyword.internal.WebUIKeywordMain.stepFailed(WebUIKeywordMain.groovy:64)
	at com.kms.katalon.core.webui.keyword.internal.WebUIKeywordMain.runKeyword(WebUIKeywordMain.groovy:26)
	at com.kms.katalon.core.webui.keyword.builtin.ClickKeyword.click(ClickKeyword.groovy:75)
	at com.kms.katalon.core.webui.keyword.builtin.ClickKeyword.execute(ClickKeyword.groovy:42)
	at com.kms.katalon.core.keyword.internal.KeywordExecutor.executeKeywordForPlatform(KeywordExecutor.groovy:74)
	at com.kms.katalon.core.webui.keyword.WebUiBuiltInKeywords.click(WebUiBuiltInKeywords.groovy:620)
	at com.kms.katalon.core.webui.keyword.WebUiBuiltInKeywords$click$10.call(Unknown Source)
	at Payments_HC_TC.run(Payments_HC_TC:328)
	at com.kms.katalon.core.main.ScriptEngine.run(ScriptEngine.java:194)
	at com.kms.katalon.core.main.ScriptEngine.runScriptAsRawText(ScriptEngine.java:119)
	at com.kms.katalon.core.main.TestCaseExecutor.runScript(TestCaseExecutor.java:430)
	at com.kms.katalon.core.main.TestCaseExecutor.doExecute(TestCaseExecutor.java:421)
	at com.kms.katalon.core.main.TestCaseExecutor.processExecutionPhase(TestCaseExecutor.java:400)
	at com.kms.katalon.core.main.TestCaseExecutor.accessMainPhase(TestCaseExecutor.java:392)
	at com.kms.katalon.core.main.TestCaseExecutor.execute(TestCaseExecutor.java:273)
	at com.kms.katalon.core.main.TestSuiteExecutor.accessTestCaseMainPhase(TestSuiteExecutor.java:202)
	at com.kms.katalon.core.main.TestSuiteExecutor.accessTestSuiteMainPhase(TestSuiteExecutor.java:164)
	at com.kms.katalon.core.main.TestSuiteExecutor.execute(TestSuiteExecutor.java:105)
	at com.kms.katalon.core.main.TestCaseMain.startTestSuite(TestCaseMain.java:185)
	at com.kms.katalon.core.main.TestCaseMain$startTestSuite$0.call(Unknown Source)
	at TempTestSuite1637335687322.run(TempTestSuite1637335687322.groovy:36)
Caused by: org.openqa.selenium.ElementClickInterceptedException: element click intercepted: Element <input type="text" name="middleName" class="form-control" id="middleName" maxlength="20" placeholder="Middle Name"> is not clickable at point (902, 76). Other element would receive the click: <div class="container-fluid">...</div>
  (Session info: chrome=96.0.4664.45)
Build info: version: '3.141.59', revision: 'e82be7d358', time: '2018-11-14T08:25:53'
System info: host: 'DESKTOP-B2QI6NS', ip: '172.30.2.167', os.name: 'Windows 10', os.arch: 'amd64', os.version: '10.0', java.version: '1.8.0_181'
Driver info: com.kms.katalon.selenium.driver.CChromeDriver
Capabilities {acceptInsecureCerts: true, browserName: chrome, browserVersion: 96.0.4664.45, chrome: {chromedriverVersion: 95.0.4638.54 (d31a821ec901f..., userDataDir: C:\Users\iahmed\AppData\Loc...}, goog:chromeOptions: {debuggerAddress: localhost:56062}, javascriptEnabled: true, networkConnectionEnabled: false, pageLoadStrategy: normal, platform: WINDOWS, platformName: WINDOWS, proxy: Proxy(), setWindowRect: true, strictFileInteractability: false, timeouts: {implicit: 0, pageLoad: 300000, script: 30000}, unhandledPromptBehavior: dismiss and notify, webauthn:extension:credBlob: true, webauthn:extension:largeBlob: true, webauthn:virtualAuthenticators: true}
Session ID: 0413d2aaf10ed14e923efadfd1cf02cf
	at org.openqa.selenium.remote.http.W3CHttpResponseCodec.createException(W3CHttpResponseCodec.java:187)
	at org.openqa.selenium.remote.http.W3CHttpResponseCodec.decode(W3CHttpResponseCodec.java:122)
	at org.openqa.selenium.remote.http.W3CHttpResponseCodec.decode(W3CHttpResponseCodec.java:49)
	at org.openqa.selenium.remote.HttpCommandExecutor.execute(HttpCommandExecutor.java:158)
	at org.openqa.selenium.remote.service.DriverCommandExecutor.execute(DriverCommandExecutor.java:83)
	at org.openqa.selenium.remote.RemoteWebDriver.execute(RemoteWebDriver.java:552)
	at com.kms.katalon.selenium.driver.CChromeDriver.execute(CChromeDriver.java:19)
	at org.openqa.selenium.remote.RemoteWebElement.execute(RemoteWebElement.java:285)
	at org.openqa.selenium.remote.RemoteWebElement.click(RemoteWebElement.java:84)
	at org.openqa.selenium.support.events.EventFiringWebDriver$EventFiringWebElement.lambda$new$0(EventFiringWebDriver.java:404)
	at com.sun.proxy.$Proxy11.click(Unknown Source)
	at org.openqa.selenium.support.events.EventFiringWebDriver$EventFiringWebElement.click(EventFiringWebDriver.java:417)
	at com.kms.katalon.core.webui.keyword.builtin.ClickKeyword$_click_closure1.doCall(ClickKeyword.groovy:68)
	at com.kms.katalon.core.webui.keyword.builtin.ClickKeyword$_click_closure1.call(ClickKeyword.groovy)
	at com.kms.katalon.core.webui.keyword.internal.WebUIKeywordMain.runKeyword(WebUIKeywordMain.groovy:20)
	at com.kms.katalon.core.webui.keyword.builtin.ClickKeyword.click(ClickKeyword.groovy:75)
	at com.kms.katalon.core.webui.keyword.builtin.ClickKeyword.execute(ClickKeyword.groovy:42)
	at com.kms.katalon.core.keyword.internal.KeywordExecutor.executeKeywordForPlatform(KeywordExecutor.groovy:74)
	at com.kms.katalon.core.webui.keyword.WebUiBuiltInKeywords.click(WebUiBuiltInKeywords.groovy:620)
	at com.kms.katalon.core.webui.keyword.WebUiBuiltInKeywords$click$10.call(Unknown Source)
	at Script1634674829687.run(Script1634674829687.groovy:328)
	... 13 more
)
[[ATTACHMENT|E:\\Cloned-Project-Katalon\\VPS-Katalon\\Reports\\20211119_102807\\RAD_TestSuite\\RAD_UI_TestSuite\\20211119_102807\\1637341129894.png]]

2021-11-19 11:58:50 - [TEST_STEP][PASSED] - delay(10): Delayed 10 second(s)

2021-11-19 11:59:00 - [MESSAGE][PASSED] - Delayed 10 second(s)

2021-11-19 11:59:00 - [TEST_STEP][FAILED] - verifyTextPresent("Successful Payment Receipt", true): Text 'Successful Payment Receipt' is not present on page  using regular expression (Root cause: com.kms.katalon.core.exception.StepFailedException: Text 'Successful Payment Receipt' is not present on page  using regular expression
	at com.kms.katalon.core.webui.keyword.internal.WebUIKeywordMain.stepFailed(WebUIKeywordMain.groovy:64)
	at com.kms.katalon.core.webui.keyword.builtin.VerifyTextPresentKeyword$_verifyTextPresent_closure1.doCall(VerifyTextPresentKeyword.groovy:79)
	at com.kms.katalon.core.webui.keyword.builtin.VerifyTextPresentKeyword$_verifyTextPresent_closure1.call(VerifyTextPresentKeyword.groovy)
	at com.kms.katalon.core.webui.keyword.internal.WebUIKeywordMain.runKeyword(WebUIKeywordMain.groovy:20)
	at com.kms.katalon.core.webui.keyword.builtin.VerifyTextPresentKeyword.verifyTextPresent(VerifyTextPresentKeyword.groovy:83)
	at com.kms.katalon.core.webui.keyword.builtin.VerifyTextPresentKeyword.execute(VerifyTextPresentKeyword.groovy:68)
	at com.kms.katalon.core.keyword.internal.KeywordExecutor.executeKeywordForPlatform(KeywordExecutor.groovy:74)
	at com.kms.katalon.core.webui.keyword.WebUiBuiltInKeywords.verifyTextPresent(WebUiBuiltInKeywords.groovy:1723)
	at com.kms.katalon.core.webui.keyword.WebUiBuiltInKeywords$verifyTextPresent$3.call(Unknown Source)
	at Payments_HC_TC.run(Payments_HC_TC:335)
	at com.kms.katalon.core.main.ScriptEngine.run(ScriptEngine.java:194)
	at com.kms.katalon.core.main.ScriptEngine.runScriptAsRawText(ScriptEngine.java:119)
	at com.kms.katalon.core.main.TestCaseExecutor.runScript(TestCaseExecutor.java:430)
	at com.kms.katalon.core.main.TestCaseExecutor.doExecute(TestCaseExecutor.java:421)
	at com.kms.katalon.core.main.TestCaseExecutor.processExecutionPhase(TestCaseExecutor.java:400)
	at com.kms.katalon.core.main.TestCaseExecutor.accessMainPhase(TestCaseExecutor.java:392)
	at com.kms.katalon.core.main.TestCaseExecutor.execute(TestCaseExecutor.java:273)
	at com.kms.katalon.core.main.TestSuiteExecutor.accessTestCaseMainPhase(TestSuiteExecutor.java:202)
	at com.kms.katalon.core.main.TestSuiteExecutor.accessTestSuiteMainPhase(TestSuiteExecutor.java:164)
	at com.kms.katalon.core.main.TestSuiteExecutor.execute(TestSuiteExecutor.java:105)
	at com.kms.katalon.core.main.TestCaseMain.startTestSuite(TestCaseMain.java:185)
	at com.kms.katalon.core.main.TestCaseMain$startTestSuite$0.call(Unknown Source)
	at TempTestSuite1637335687322.run(TempTestSuite1637335687322.groovy:36)
)

2021-11-19 11:59:00 - [MESSAGE][FAILED] - Text 'Successful Payment Receipt' is not present on page  using regular expression (Root cause: com.kms.katalon.core.exception.StepFailedException: Text 'Successful Payment Receipt' is not present on page  using regular expression
	at com.kms.katalon.core.webui.keyword.internal.WebUIKeywordMain.stepFailed(WebUIKeywordMain.groovy:64)
	at com.kms.katalon.core.webui.keyword.builtin.VerifyTextPresentKeyword$_verifyTextPresent_closure1.doCall(VerifyTextPresentKeyword.groovy:79)
	at com.kms.katalon.core.webui.keyword.builtin.VerifyTextPresentKeyword$_verifyTextPresent_closure1.call(VerifyTextPresentKeyword.groovy)
	at com.kms.katalon.core.webui.keyword.internal.WebUIKeywordMain.runKeyword(WebUIKeywordMain.groovy:20)
	at com.kms.katalon.core.webui.keyword.builtin.VerifyTextPresentKeyword.verifyTextPresent(VerifyTextPresentKeyword.groovy:83)
	at com.kms.katalon.core.webui.keyword.builtin.VerifyTextPresentKeyword.execute(VerifyTextPresentKeyword.groovy:68)
	at com.kms.katalon.core.keyword.internal.KeywordExecutor.executeKeywordForPlatform(KeywordExecutor.groovy:74)
	at com.kms.katalon.core.webui.keyword.WebUiBuiltInKeywords.verifyTextPresent(WebUiBuiltInKeywords.groovy:1723)
	at com.kms.katalon.core.webui.keyword.WebUiBuiltInKeywords$verifyTextPresent$3.call(Unknown Source)
	at Payments_HC_TC.run(Payments_HC_TC:335)
	at com.kms.katalon.core.main.ScriptEngine.run(ScriptEngine.java:194)
	at com.kms.katalon.core.main.ScriptEngine.runScriptAsRawText(ScriptEngine.java:119)
	at com.kms.katalon.core.main.TestCaseExecutor.runScript(TestCaseExecutor.java:430)
	at com.kms.katalon.core.main.TestCaseExecutor.doExecute(TestCaseExecutor.java:421)
	at com.kms.katalon.core.main.TestCaseExecutor.processExecutionPhase(TestCaseExecutor.java:400)
	at com.kms.katalon.core.main.TestCaseExecutor.accessMainPhase(TestCaseExecutor.java:392)
	at com.kms.katalon.core.main.TestCaseExecutor.execute(TestCaseExecutor.java:273)
	at com.kms.katalon.core.main.TestSuiteExecutor.accessTestCaseMainPhase(TestSuiteExecutor.java:202)
	at com.kms.katalon.core.main.TestSuiteExecutor.accessTestSuiteMainPhase(TestSuiteExecutor.java:164)
	at com.kms.katalon.core.main.TestSuiteExecutor.execute(TestSuiteExecutor.java:105)
	at com.kms.katalon.core.main.TestCaseMain.startTestSuite(TestCaseMain.java:185)
	at com.kms.katalon.core.main.TestCaseMain$startTestSuite$0.call(Unknown Source)
	at TempTestSuite1637335687322.run(TempTestSuite1637335687322.groovy:36)
)

2021-11-19 11:59:00 - [TEST_STEP][FAILED] - if (verifyTextPresent("Successful Payment Receipt", true)): Text 'Successful Payment Receipt' is not present on page  using regular expression (Root cause: com.kms.katalon.core.exception.StepFailedException: Text 'Successful Payment Receipt' is not present on page  using regular expression
	at com.kms.katalon.core.webui.keyword.internal.WebUIKeywordMain.stepFailed(WebUIKeywordMain.groovy:64)
	at com.kms.katalon.core.webui.keyword.builtin.VerifyTextPresentKeyword$_verifyTextPresent_closure1.doCall(VerifyTextPresentKeyword.groovy:79)
	at com.kms.katalon.core.webui.keyword.builtin.VerifyTextPresentKeyword$_verifyTextPresent_closure1.call(VerifyTextPresentKeyword.groovy)
	at com.kms.katalon.core.webui.keyword.internal.WebUIKeywordMain.runKeyword(WebUIKeywordMain.groovy:20)
	at com.kms.katalon.core.webui.keyword.builtin.VerifyTextPresentKeyword.verifyTextPresent(VerifyTextPresentKeyword.groovy:83)
	at com.kms.katalon.core.webui.keyword.builtin.VerifyTextPresentKeyword.execute(VerifyTextPresentKeyword.groovy:68)
	at com.kms.katalon.core.keyword.internal.KeywordExecutor.executeKeywordForPlatform(KeywordExecutor.groovy:74)
	at com.kms.katalon.core.webui.keyword.WebUiBuiltInKeywords.verifyTextPresent(WebUiBuiltInKeywords.groovy:1723)
	at com.kms.katalon.core.webui.keyword.WebUiBuiltInKeywords$verifyTextPresent$3.call(Unknown Source)
	at Payments_HC_TC.run(Payments_HC_TC:337)
	at com.kms.katalon.core.main.ScriptEngine.run(ScriptEngine.java:194)
	at com.kms.katalon.core.main.ScriptEngine.runScriptAsRawText(ScriptEngine.java:119)
	at com.kms.katalon.core.main.TestCaseExecutor.runScript(TestCaseExecutor.java:430)
	at com.kms.katalon.core.main.TestCaseExecutor.doExecute(TestCaseExecutor.java:421)
	at com.kms.katalon.core.main.TestCaseExecutor.processExecutionPhase(TestCaseExecutor.java:400)
	at com.kms.katalon.core.main.TestCaseExecutor.accessMainPhase(TestCaseExecutor.java:392)
	at com.kms.katalon.core.main.TestCaseExecutor.execute(TestCaseExecutor.java:273)
	at com.kms.katalon.core.main.TestSuiteExecutor.accessTestCaseMainPhase(TestSuiteExecutor.java:202)
	at com.kms.katalon.core.main.TestSuiteExecutor.accessTestSuiteMainPhase(TestSuiteExecutor.java:164)
	at com.kms.katalon.core.main.TestSuiteExecutor.execute(TestSuiteExecutor.java:105)
	at com.kms.katalon.core.main.TestCaseMain.startTestSuite(TestCaseMain.java:185)
	at com.kms.katalon.core.main.TestCaseMain$startTestSuite$0.call(Unknown Source)
	at TempTestSuite1637335687322.run(TempTestSuite1637335687322.groovy:36)
)

2021-11-19 11:59:01 - [MESSAGE][FAILED] - Text 'Successful Payment Receipt' is not present on page  using regular expression (Root cause: com.kms.katalon.core.exception.StepFailedException: Text 'Successful Payment Receipt' is not present on page  using regular expression
	at com.kms.katalon.core.webui.keyword.internal.WebUIKeywordMain.stepFailed(WebUIKeywordMain.groovy:64)
	at com.kms.katalon.core.webui.keyword.builtin.VerifyTextPresentKeyword$_verifyTextPresent_closure1.doCall(VerifyTextPresentKeyword.groovy:79)
	at com.kms.katalon.core.webui.keyword.builtin.VerifyTextPresentKeyword$_verifyTextPresent_closure1.call(VerifyTextPresentKeyword.groovy)
	at com.kms.katalon.core.webui.keyword.internal.WebUIKeywordMain.runKeyword(WebUIKeywordMain.groovy:20)
	at com.kms.katalon.core.webui.keyword.builtin.VerifyTextPresentKeyword.verifyTextPresent(VerifyTextPresentKeyword.groovy:83)
	at com.kms.katalon.core.webui.keyword.builtin.VerifyTextPresentKeyword.execute(VerifyTextPresentKeyword.groovy:68)
	at com.kms.katalon.core.keyword.internal.KeywordExecutor.executeKeywordForPlatform(KeywordExecutor.groovy:74)
	at com.kms.katalon.core.webui.keyword.WebUiBuiltInKeywords.verifyTextPresent(WebUiBuiltInKeywords.groovy:1723)
	at com.kms.katalon.core.webui.keyword.WebUiBuiltInKeywords$verifyTextPresent$3.call(Unknown Source)
	at Payments_HC_TC.run(Payments_HC_TC:337)
	at com.kms.katalon.core.main.ScriptEngine.run(ScriptEngine.java:194)
	at com.kms.katalon.core.main.ScriptEngine.runScriptAsRawText(ScriptEngine.java:119)
	at com.kms.katalon.core.main.TestCaseExecutor.runScript(TestCaseExecutor.java:430)
	at com.kms.katalon.core.main.TestCaseExecutor.doExecute(TestCaseExecutor.java:421)
	at com.kms.katalon.core.main.TestCaseExecutor.processExecutionPhase(TestCaseExecutor.java:400)
	at com.kms.katalon.core.main.TestCaseExecutor.accessMainPhase(TestCaseExecutor.java:392)
	at com.kms.katalon.core.main.TestCaseExecutor.execute(TestCaseExecutor.java:273)
	at com.kms.katalon.core.main.TestSuiteExecutor.accessTestCaseMainPhase(TestSuiteExecutor.java:202)
	at com.kms.katalon.core.main.TestSuiteExecutor.accessTestSuiteMainPhase(TestSuiteExecutor.java:164)
	at com.kms.katalon.core.main.TestSuiteExecutor.execute(TestSuiteExecutor.java:105)
	at com.kms.katalon.core.main.TestCaseMain.startTestSuite(TestCaseMain.java:185)
	at com.kms.katalon.core.main.TestCaseMain$startTestSuite$0.call(Unknown Source)
	at TempTestSuite1637335687322.run(TempTestSuite1637335687322.groovy:36)
)

2021-11-19 11:59:01 - [TEST_STEP][PASSED] - else: pages.WriteExcel.demoKey is PASSED

2021-11-19 11:59:01 - [TEST_STEP][PASSED] - println("Transaction was NOT Successful"): null

2021-11-19 11:59:01 - [TEST_STEP][PASSED] - out.println("Fail Record Number: " + row): null

2021-11-19 11:59:01 - [TEST_STEP][PASSED] - resText = "Fail": null

2021-11-19 11:59:01 - [TEST_STEP][PASSED] - pages.WriteExcel.demoKey(resText, datText, resColumn, datCloumn, fileLoc, nameSheet, row): pages.WriteExcel.demoKey is PASSED

2021-11-19 11:59:01 - [MESSAGE][PASSED] - pages.WriteExcel.demoKey is PASSED

2021-11-19 11:59:01 - [TEST_STEP][PASSED] - ExecuteTC = findTestData(dataFile).getValue("Execute", row): null

2021-11-19 11:59:01 - [TEST_STEP][PASSED] - PaymentType = findTestData(dataFile).getValue("PaymentType", row): null

2021-11-19 11:59:01 - [TEST_STEP][PASSED] - FilingYear = findTestData(dataFile).getValue("FilingYear", row): null

2021-11-19 11:59:01 - [TEST_STEP][PASSED] - PeriodEnding = findTestData(dataFile).getValue("PeriodEnding", row): null

2021-11-19 11:59:01 - [TEST_STEP][PASSED] - FName = findTestData(dataFile).getValue("Fname", row): null

2021-11-19 11:59:01 - [TEST_STEP][PASSED] - LName = findTestData(dataFile).getValue("Lname", row): null

2021-11-19 11:59:01 - [TEST_STEP][PASSED] - SSN = findTestData(dataFile).getValue("SSN", row): null

2021-11-19 11:59:01 - [TEST_STEP][PASSED] - BusName = findTestData(dataFile).getValue("BusName", row): null

2021-11-19 11:59:01 - [TEST_STEP][PASSED] - AL1 = findTestData(dataFile).getValue("AL1", row): null

2021-11-19 11:59:01 - [TEST_STEP][PASSED] - City = findTestData(dataFile).getValue("City", row): null

2021-11-19 11:59:01 - [TEST_STEP][PASSED] - ZIP = findTestData(dataFile).getValue("ZIP", row): null

2021-11-19 11:59:01 - [TEST_STEP][PASSED] - FilingType = findTestData(dataFile).getValue("FilingType", row): null

2021-11-19 11:59:01 - [TEST_STEP][PASSED] - Withholding = findTestData(dataFile).getValue("Withholding", row): null

2021-11-19 11:59:01 - [TEST_STEP][PASSED] - Amount = findTestData(dataFile).getValue("Amount", row): null

2021-11-19 11:59:01 - [TEST_STEP][PASSED] - CCNumber = findTestData(dataFile).getValue("CCNumber", row): null

2021-11-19 11:59:01 - [TEST_STEP][PASSED] - CVV = findTestData(dataFile).getValue("CVV", row): null

2021-11-19 11:59:01 - [TEST_STEP][PASSED] - out.println("Value of Execute is : " + ExecuteTC): null

2021-11-19 11:59:01 - [TEST_STEP][PASSED] - if (ExecuteTC.equalsIgnoreCase("Y")): null

2021-11-19 11:59:01 - [TEST_STEP][PASSED] - out.println("Begin Record Number: " + row): null

2021-11-19 11:59:01 - [TEST_STEP][PASSED] - today = new java.util.Date(): null

2021-11-19 11:59:01 - [TEST_STEP][PASSED] - println(today): null

2021-11-19 11:59:01 - [TEST_STEP][PASSED] - datText = today: null

2021-11-19 11:59:01 - [TEST_STEP][PASSED] - Taxtype = findTestData(dataFile).getValue("TaxType", row): null

2021-11-19 11:59:01 - [TEST_STEP][PASSED] - out.println("Taxtype value is : " + Taxtype): null

2021-11-19 11:59:01 - [TEST_STEP][PASSED] - openBrowser(""): Browser is opened with url: ''

2021-11-19 11:59:01 - [MESSAGE][WARNING] - A browser is already opened. Closing browser and opening a new one

2021-11-19 11:59:02 - [MESSAGE][INFO] - Starting 'Chrome' driver

2021-11-19 11:59:02 - [MESSAGE][INFO] - User set preference: ['acceptInsecureCerts', 'true']

2021-11-19 11:59:02 - [MESSAGE][INFO] - Action delay is set to 0 milliseconds

2021-11-19 11:59:04 - [MESSAGE][PASSED] - Browser is opened with url: ''

2021-11-19 11:59:04 - [TEST_STEP][PASSED] - maximizeWindow(): Current window maximized

2021-11-19 11:59:04 - [MESSAGE][PASSED] - Current window maximized

2021-11-19 11:59:04 - [TEST_STEP][PASSED] - navigateToUrl(RADurl): Navigate to 'https://qa.velocitypayment.com/client/rad/index.html' successfully

2021-11-19 11:59:06 - [MESSAGE][PASSED] - Navigate to 'https://qa.velocitypayment.com/client/rad/index.html' successfully

2021-11-19 11:59:06 - [TEST_STEP][PASSED] - orPath_Landing = "Object Repository/RAD_Pages/Landing_Page": null

2021-11-19 11:59:06 - [TEST_STEP][PASSED] - orPath_TaxTypeFilingYear = "Object Repository/RAD_Pages/TaxTypeFilingYear_Page": null

2021-11-19 11:59:06 - [TEST_STEP][PASSED] - orPath_TaxPayer = "Object Repository/RAD_Pages/Taxpayer_Page": null

2021-11-19 11:59:06 - [TEST_STEP][PASSED] - orPath_AddressContact = "Object Repository/RAD_Pages/AddressAndContactInfo_Page": null

2021-11-19 11:59:06 - [TEST_STEP][PASSED] - orPath_FilingStatus = "Object Repository/RAD_Pages/FilingStatus_Page": null

2021-11-19 11:59:06 - [TEST_STEP][PASSED] - orPath_Amount = "Object Repository/RAD_Pages/PaymentAmount_Page": null

2021-11-19 11:59:06 - [TEST_STEP][PASSED] - orPath_TaxInfo = "Object Repository/RAD_Pages/TaxInfo_Page": null

2021-11-19 11:59:06 - [TEST_STEP][PASSED] - orPath_Withholding = "Object Repository/RAD_Pages/Withholding_Page": null

2021-11-19 11:59:06 - [TEST_STEP][PASSED] - orPath_Summary = "Object Repository/RAD_Pages/Summary_Page": null

2021-11-19 11:59:06 - [TEST_STEP][PASSED] - orPath_PaymentReady = "Object Repository/RAD_Pages/PaymentReady_Page": null

2021-11-19 11:59:06 - [TEST_STEP][PASSED] - orPath_PaymentEntry = "Object Repository/RAD_Pages/PaymentEntry_Page": null

2021-11-19 11:59:06 - [TEST_STEP][PASSED] - orPath_PaymentConfirmation = "Object Repository/RAD_Pages/PaymentConfirmation_Page": null

2021-11-19 11:59:06 - [TEST_STEP][PASSED] - orPath_ServiceFeesAccept = "Object Repository/RAD_Pages/ServiceFeeAccept_Page": null

2021-11-19 11:59:06 - [TEST_STEP][PASSED] - selectOptionByLabel(findTestObject(orPath_Landing + "/dd_TaxType"), Taxtype, false): All options with label 'Withholding Tax' are selected in object 'Object Repository/RAD_Pages/Landing_Page/dd_TaxType' 

2021-11-19 11:59:07 - [MESSAGE][PASSED] - All options with label 'Withholding Tax' are selected in object 'Object Repository/RAD_Pages/Landing_Page/dd_TaxType' 

2021-11-19 11:59:07 - [TEST_STEP][PASSED] - delay(3): Delayed 3 second(s)

2021-11-19 11:59:10 - [MESSAGE][PASSED] - Delayed 3 second(s)

2021-11-19 11:59:10 - [TEST_STEP][PASSED] - switch (Taxtype): null

2021-11-19 11:59:10 - [TEST_STEP][PASSED] - case "Withholding Tax":: null

2021-11-19 11:59:10 - [TEST_STEP][PASSED] - selectOptionByLabel(findTestObject(orPath_TaxTypeFilingYear + "/select_FilingYear"), FilingYear, false): All options with label '2021' are selected in object 'Object Repository/RAD_Pages/TaxTypeFilingYear_Page/select_FilingYear' 

2021-11-19 11:59:10 - [MESSAGE][PASSED] - All options with label '2021' are selected in object 'Object Repository/RAD_Pages/TaxTypeFilingYear_Page/select_FilingYear' 

2021-11-19 11:59:10 - [TEST_STEP][PASSED] - setText(findTestObject(orPath_TaxPayer + "/input_businessName"), BusName): Text 'Lux & Sons Corporation' is set on object 'Object Repository/RAD_Pages/Taxpayer_Page/input_businessName'

2021-11-19 11:59:11 - [MESSAGE][PASSED] - Text 'Lux & Sons Corporation' is set on object 'Object Repository/RAD_Pages/Taxpayer_Page/input_businessName'

2021-11-19 11:59:11 - [TEST_STEP][PASSED] - setEncryptedText(findTestObject(orPath_TaxInfo + "/input_FederalEIN"), "xLVb905G4/sGR8qgNWNzNQ=="): Text ****** has been set on object 'Object Repository/RAD_Pages/TaxInfo_Page/input_FederalEIN'

2021-11-19 11:59:42 - [MESSAGE][INFO] - Unable to find the element located by 'By.xpath: //*[@id = 'data' and @name = 'Data' and @type = 'password' and @placeholder = 'Federal EIN']'. Please recheck the objects properties to make sure the desired element is located. 

2021-11-19 11:59:42 - [MESSAGE][WARNING] - [SELF-HEALING] Failed to find element with id 'Object Repository/RAD_Pages/TaxInfo_Page/input_FederalEIN'. Try using Self-healing.

2021-11-19 11:59:42 - [MESSAGE][WARNING] - [SELF-HEALING] The current locator of test object 'Object Repository/RAD_Pages/TaxInfo_Page/input_FederalEIN' was broken. Propose an alternative one: '#data'.

2021-11-19 11:59:42 - [MESSAGE][PASSED] - Text ****** has been set on object 'Object Repository/RAD_Pages/TaxInfo_Page/input_FederalEIN'

2021-11-19 11:59:42 - [TEST_STEP][PASSED] - setEncryptedText(findTestObject(orPath_TaxInfo + "/input_FederalEIN_ReEnter"), "xLVb905G4/sGR8qgNWNzNQ=="): Text ****** has been set on object 'Object Repository/RAD_Pages/TaxInfo_Page/input_FederalEIN_ReEnter'

2021-11-19 12:00:14 - [MESSAGE][INFO] - Unable to find the element located by 'By.xpath: //*[@id = 'data' and @name = 'Data' and @type = 'password' and @placeholder = 'Re-Type Federal EIN']'. Please recheck the objects properties to make sure the desired element is located. 

2021-11-19 12:00:14 - [MESSAGE][WARNING] - [SELF-HEALING] Failed to find element with id 'Object Repository/RAD_Pages/TaxInfo_Page/input_FederalEIN_ReEnter'. Try using Self-healing.

2021-11-19 12:00:14 - [MESSAGE][WARNING] - [SELF-HEALING] The current locator of test object 'Object Repository/RAD_Pages/TaxInfo_Page/input_FederalEIN_ReEnter' was broken. Propose an alternative one: '//input[@id='data']'.

2021-11-19 12:00:14 - [MESSAGE][PASSED] - Text ****** has been set on object 'Object Repository/RAD_Pages/TaxInfo_Page/input_FederalEIN_ReEnter'

2021-11-19 12:00:14 - [TEST_STEP][PASSED] - setText(findTestObject(orPath_TaxInfo + "/input_MDCRegistration"), "07640126"): Text '07640126' is set on object 'Object Repository/RAD_Pages/TaxInfo_Page/input_MDCRegistration'

2021-11-19 12:00:15 - [MESSAGE][PASSED] - Text '07640126' is set on object 'Object Repository/RAD_Pages/TaxInfo_Page/input_MDCRegistration'

2021-11-19 12:00:15 - [TEST_STEP][PASSED] - if (Withholding.equalsIgnoreCase("Y")): Text '10.50' is set on object 'Object Repository/RAD_Pages/Withholding_Page/input__WithholdingTaxReported'

2021-11-19 12:00:15 - [TEST_STEP][PASSED] - scrollToElement(findTestObject(orPath_Landing + "/button_Continue"), 3): Scroll to object 'Object Repository/RAD_Pages/Landing_Page/button_Continue' successfully

2021-11-19 12:00:15 - [MESSAGE][PASSED] - Scroll to object 'Object Repository/RAD_Pages/Landing_Page/button_Continue' successfully

2021-11-19 12:00:15 - [TEST_STEP][PASSED] - check(findTestObject(orPath_Withholding + "/input_acceleratedBasis_Yes")): Object 'Object Repository/RAD_Pages/Withholding_Page/input_acceleratedBasis_Yes' is checked

2021-11-19 12:00:16 - [MESSAGE][PASSED] - Object 'Object Repository/RAD_Pages/Withholding_Page/input_acceleratedBasis_Yes' is checked

2021-11-19 12:00:16 - [TEST_STEP][PASSED] - delay(3): Delayed 3 second(s)

2021-11-19 12:00:19 - [MESSAGE][PASSED] - Delayed 3 second(s)

2021-11-19 12:00:19 - [TEST_STEP][PASSED] - nowDate = Date().format("MM/dd/yyyy"): null

2021-11-19 12:00:19 - [TEST_STEP][PASSED] - executeJavaScript("document.getElementById('payDate').removeAttribute('readonly')", null): Execute JavaScript 'document.getElementById('payDate').removeAttribute('readonly')' successfully

2021-11-19 12:00:19 - [MESSAGE][PASSED] - Execute JavaScript 'document.getElementById('payDate').removeAttribute('readonly')' successfully

2021-11-19 12:00:19 - [TEST_STEP][PASSED] - setText(findTestObject(orPath_Withholding + "/input_PayDate"), nowDate): Text '11/19/2021' is set on object 'Object Repository/RAD_Pages/Withholding_Page/input_PayDate'

2021-11-19 12:00:20 - [MESSAGE][PASSED] - Text '11/19/2021' is set on object 'Object Repository/RAD_Pages/Withholding_Page/input_PayDate'

2021-11-19 12:00:20 - [TEST_STEP][PASSED] - setText(findTestObject(orPath_Withholding + "/input__WithholdingTaxReported"), "10.50"): Text '10.50' is set on object 'Object Repository/RAD_Pages/Withholding_Page/input__WithholdingTaxReported'

2021-11-19 12:00:20 - [MESSAGE][PASSED] - Text '10.50' is set on object 'Object Repository/RAD_Pages/Withholding_Page/input__WithholdingTaxReported'

2021-11-19 12:00:20 - [TEST_STEP][PASSED] - break: null

2021-11-19 12:00:20 - [TEST_STEP][PASSED] - setText(findTestObject(orPath_TaxPayer + "/input_firstName"), FName): Text 'Jimmie' is set on object 'Object Repository/RAD_Pages/Taxpayer_Page/input_firstName'

2021-11-19 12:00:21 - [MESSAGE][PASSED] - Text 'Jimmie' is set on object 'Object Repository/RAD_Pages/Taxpayer_Page/input_firstName'

2021-11-19 12:00:21 - [TEST_STEP][PASSED] - setText(findTestObject(orPath_TaxPayer + "/input_lastName"), LName): Text 'Anderson' is set on object 'Object Repository/RAD_Pages/Taxpayer_Page/input_lastName'

2021-11-19 12:00:22 - [MESSAGE][PASSED] - Text 'Anderson' is set on object 'Object Repository/RAD_Pages/Taxpayer_Page/input_lastName'

2021-11-19 12:00:22 - [TEST_STEP][PASSED] - selectOptionByLabel(findTestObject(orPath_AddressContact + "/select_Country"), "United States", false): All options with label 'United States' are selected in object 'Object Repository/RAD_Pages/AddressAndContactInfo_Page/select_Country' 

2021-11-19 12:00:23 - [MESSAGE][PASSED] - All options with label 'United States' are selected in object 'Object Repository/RAD_Pages/AddressAndContactInfo_Page/select_Country' 

2021-11-19 12:00:23 - [TEST_STEP][PASSED] - setText(findTestObject(orPath_AddressContact + "/input_streetAddress1"), AL1): Text '15 Main Street' is set on object 'Object Repository/RAD_Pages/AddressAndContactInfo_Page/input_streetAddress1'

2021-11-19 12:00:23 - [MESSAGE][PASSED] - Text '15 Main Street' is set on object 'Object Repository/RAD_Pages/AddressAndContactInfo_Page/input_streetAddress1'

2021-11-19 12:00:23 - [TEST_STEP][PASSED] - setText(findTestObject(orPath_AddressContact + "/input_streetAddress2"), ""): Text '' is set on object 'Object Repository/RAD_Pages/AddressAndContactInfo_Page/input_streetAddress2'

2021-11-19 12:00:24 - [MESSAGE][PASSED] - Text '' is set on object 'Object Repository/RAD_Pages/AddressAndContactInfo_Page/input_streetAddress2'

2021-11-19 12:00:24 - [TEST_STEP][PASSED] - setText(findTestObject(orPath_AddressContact + "/input_city"), City): Text 'Gambrills' is set on object 'Object Repository/RAD_Pages/AddressAndContactInfo_Page/input_city'

2021-11-19 12:00:25 - [MESSAGE][PASSED] - Text 'Gambrills' is set on object 'Object Repository/RAD_Pages/AddressAndContactInfo_Page/input_city'

2021-11-19 12:00:25 - [TEST_STEP][PASSED] - selectOptionByLabel(findTestObject(orPath_AddressContact + "/select_State"), "Maryland", false): All options with label 'Maryland' are selected in object 'Object Repository/RAD_Pages/AddressAndContactInfo_Page/select_State' 

2021-11-19 12:00:26 - [MESSAGE][PASSED] - All options with label 'Maryland' are selected in object 'Object Repository/RAD_Pages/AddressAndContactInfo_Page/select_State' 

2021-11-19 12:00:26 - [TEST_STEP][PASSED] - setText(findTestObject(orPath_AddressContact + "/input_zipCode"), ZIP): Text '21054' is set on object 'Object Repository/RAD_Pages/AddressAndContactInfo_Page/input_zipCode'

2021-11-19 12:00:26 - [MESSAGE][PASSED] - Text '21054' is set on object 'Object Repository/RAD_Pages/AddressAndContactInfo_Page/input_zipCode'

2021-11-19 12:00:26 - [TEST_STEP][PASSED] - setText(findTestObject(orPath_AddressContact + "/input_phoneNumber"), "(703) 894-5000"): Text '(703) 894-5000' is set on object 'Object Repository/RAD_Pages/AddressAndContactInfo_Page/input_phoneNumber'

2021-11-19 12:00:27 - [MESSAGE][PASSED] - Text '(703) 894-5000' is set on object 'Object Repository/RAD_Pages/AddressAndContactInfo_Page/input_phoneNumber'

2021-11-19 12:00:27 - [TEST_STEP][PASSED] - setText(findTestObject(orPath_AddressContact + "/input_eMailAddress"), "iahmed@govolution.com"): Text 'iahmed@govolution.com' is set on object 'Object Repository/RAD_Pages/AddressAndContactInfo_Page/input_eMailAddress'

2021-11-19 12:00:28 - [MESSAGE][PASSED] - Text 'iahmed@govolution.com' is set on object 'Object Repository/RAD_Pages/AddressAndContactInfo_Page/input_eMailAddress'

2021-11-19 12:00:28 - [TEST_STEP][PASSED] - setText(findTestObject(orPath_AddressContact + "/input_reEnterEMailAddress"), "iahmed@govolution.com"): Text 'iahmed@govolution.com' is set on object 'Object Repository/RAD_Pages/AddressAndContactInfo_Page/input_reEnterEMailAddress'

2021-11-19 12:00:29 - [MESSAGE][PASSED] - Text 'iahmed@govolution.com' is set on object 'Object Repository/RAD_Pages/AddressAndContactInfo_Page/input_reEnterEMailAddress'

2021-11-19 12:00:29 - [TEST_STEP][PASSED] - setText(findTestObject(orPath_Amount + "/input__paymentAmount"), Amount): Text '100.00' is set on object 'Object Repository/RAD_Pages/PaymentAmount_Page/input__paymentAmount'

2021-11-19 12:00:29 - [MESSAGE][PASSED] - Text '100.00' is set on object 'Object Repository/RAD_Pages/PaymentAmount_Page/input__paymentAmount'

2021-11-19 12:00:29 - [TEST_STEP][PASSED] - scrollToElement(findTestObject(orPath_Landing + "/button_Continue"), 3): Scroll to object 'Object Repository/RAD_Pages/Landing_Page/button_Continue' successfully

2021-11-19 12:00:30 - [MESSAGE][PASSED] - Scroll to object 'Object Repository/RAD_Pages/Landing_Page/button_Continue' successfully

2021-11-19 12:00:30 - [TEST_STEP][PASSED] - waitForElementClickable(findTestObject(orPath_Landing + "/button_Continue"), 5): Object 'Object Repository/RAD_Pages/Landing_Page/button_Continue' is clickable

2021-11-19 12:00:30 - [MESSAGE][PASSED] - Object 'Object Repository/RAD_Pages/Landing_Page/button_Continue' is clickable

2021-11-19 12:00:30 - [TEST_STEP][PASSED] - click(findTestObject(orPath_Landing + "/button_Continue")): Object: 'Object Repository/RAD_Pages/Landing_Page/button_Continue' is clicked on

2021-11-19 12:00:30 - [MESSAGE][PASSED] - Object: 'Object Repository/RAD_Pages/Landing_Page/button_Continue' is clicked on

2021-11-19 12:00:30 - [TEST_STEP][PASSED] - verifyTextPresent("Review the information below and make any necessary corrections by clicking the", true): Text 'Review the information below and make any necessary corrections by clicking the' is present on page  using regular expression

2021-11-19 12:00:31 - [MESSAGE][PASSED] - Text 'Review the information below and make any necessary corrections by clicking the' is present on page  using regular expression

2021-11-19 12:00:31 - [TEST_STEP][PASSED] - verifyTextPresent("When you are confident that all the information is correct", true): Text 'When you are confident that all the information is correct' is present on page  using regular expression

2021-11-19 12:00:31 - [MESSAGE][PASSED] - Text 'When you are confident that all the information is correct' is present on page  using regular expression

2021-11-19 12:00:31 - [TEST_STEP][PASSED] - delay(1): Delayed 1 second(s)

2021-11-19 12:00:32 - [MESSAGE][PASSED] - Delayed 1 second(s)

2021-11-19 12:00:32 - [TEST_STEP][PASSED] - click(findTestObject(orPath_Summary + "/button_Proceed to Payment")): Object: 'Object Repository/RAD_Pages/Summary_Page/button_Proceed to Payment' is clicked on

2021-11-19 12:00:35 - [MESSAGE][PASSED] - Object: 'Object Repository/RAD_Pages/Summary_Page/button_Proceed to Payment' is clicked on

2021-11-19 12:00:35 - [TEST_STEP][PASSED] - setText(findTestObject(orPath_PaymentEntry + "/input__cardNumber"), CCNumber): Text '6011000993026909' is set on object 'Object Repository/RAD_Pages/PaymentEntry_Page/input__cardNumber'

2021-11-19 12:00:36 - [MESSAGE][PASSED] - Text '6011000993026909' is set on object 'Object Repository/RAD_Pages/PaymentEntry_Page/input__cardNumber'

2021-11-19 12:00:36 - [TEST_STEP][PASSED] - setText(findTestObject(orPath_PaymentEntry + "/input__spc"), CVV): Text '123' is set on object 'Object Repository/RAD_Pages/PaymentEntry_Page/input__spc'

2021-11-19 12:00:36 - [MESSAGE][PASSED] - Text '123' is set on object 'Object Repository/RAD_Pages/PaymentEntry_Page/input__spc'

2021-11-19 12:00:36 - [TEST_STEP][PASSED] - selectOptionByLabel(findTestObject(orPath_PaymentEntry + "/select_MM"), "12", false): All options with label '12' are selected in object 'Object Repository/RAD_Pages/PaymentEntry_Page/select_MM' 

2021-11-19 12:00:37 - [MESSAGE][PASSED] - All options with label '12' are selected in object 'Object Repository/RAD_Pages/PaymentEntry_Page/select_MM' 

2021-11-19 12:00:37 - [TEST_STEP][PASSED] - selectOptionByLabel(findTestObject(orPath_PaymentEntry + "/select_YYYY"), "2023", false): All options with label '2023' are selected in object 'Object Repository/RAD_Pages/PaymentEntry_Page/select_YYYY' 

2021-11-19 12:00:37 - [MESSAGE][PASSED] - All options with label '2023' are selected in object 'Object Repository/RAD_Pages/PaymentEntry_Page/select_YYYY' 

2021-11-19 12:00:37 - [TEST_STEP][PASSED] - click(findTestObject(orPath_PaymentEntry + "/input_Field_ccSubmit")): Object: 'Object Repository/RAD_Pages/PaymentEntry_Page/input_Field_ccSubmit' is clicked on

2021-11-19 12:00:39 - [MESSAGE][PASSED] - Object: 'Object Repository/RAD_Pages/PaymentEntry_Page/input_Field_ccSubmit' is clicked on

2021-11-19 12:00:39 - [TEST_STEP][PASSED] - click(findTestObject(orPath_PaymentConfirmation + "/input_N_confirmNotifyAction")): Object: 'Object Repository/RAD_Pages/PaymentConfirmation_Page/input_N_confirmNotifyAction' is clicked on

2021-11-19 12:00:40 - [MESSAGE][PASSED] - Object: 'Object Repository/RAD_Pages/PaymentConfirmation_Page/input_N_confirmNotifyAction' is clicked on

2021-11-19 12:00:40 - [TEST_STEP][PASSED] - click(findTestObject(orPath_ServiceFeesAccept + "/input_convFeeNotifyAction")): Object: 'Object Repository/RAD_Pages/ServiceFeeAccept_Page/input_convFeeNotifyAction' is clicked on

2021-11-19 12:00:42 - [MESSAGE][PASSED] - Object: 'Object Repository/RAD_Pages/ServiceFeeAccept_Page/input_convFeeNotifyAction' is clicked on

2021-11-19 12:00:42 - [TEST_STEP][PASSED] - delay(10): Delayed 10 second(s)

2021-11-19 12:00:52 - [MESSAGE][PASSED] - Delayed 10 second(s)

2021-11-19 12:00:52 - [TEST_STEP][PASSED] - verifyTextPresent("Successful Payment Receipt", true): Text 'Successful Payment Receipt' is present on page  using regular expression

2021-11-19 12:00:52 - [MESSAGE][PASSED] - Text 'Successful Payment Receipt' is present on page  using regular expression

2021-11-19 12:00:52 - [TEST_STEP][PASSED] - if (verifyTextPresent("Successful Payment Receipt", true)): null

2021-11-19 12:00:52 - [MESSAGE][PASSED] - Text 'Successful Payment Receipt' is present on page  using regular expression

2021-11-19 12:00:52 - [TEST_STEP][PASSED] - println("Transaction was Successful"): null

2021-11-19 12:00:52 - [TEST_STEP][PASSED] - out.println("Pass Record Number: " + row): null

2021-11-19 12:00:52 - [TEST_STEP][PASSED] - resText = "Pass": null

2021-11-19 12:00:52 - [TEST_STEP][PASSED] - pages.WriteExcel.demoKey(resText, datText, resColumn, datCloumn, fileLoc, nameSheet, row): pages.WriteExcel.demoKey is PASSED

2021-11-19 12:00:52 - [MESSAGE][PASSED] - pages.WriteExcel.demoKey is PASSED

2021-11-19 12:00:52 - [TEST_STEP][PASSED] - ExecuteTC = findTestData(dataFile).getValue("Execute", row): null

2021-11-19 12:00:53 - [TEST_STEP][PASSED] - PaymentType = findTestData(dataFile).getValue("PaymentType", row): null

2021-11-19 12:00:53 - [TEST_STEP][PASSED] - FilingYear = findTestData(dataFile).getValue("FilingYear", row): null

2021-11-19 12:00:53 - [TEST_STEP][PASSED] - PeriodEnding = findTestData(dataFile).getValue("PeriodEnding", row): null

2021-11-19 12:00:53 - [TEST_STEP][PASSED] - FName = findTestData(dataFile).getValue("Fname", row): null

2021-11-19 12:00:53 - [TEST_STEP][PASSED] - LName = findTestData(dataFile).getValue("Lname", row): null

2021-11-19 12:00:53 - [TEST_STEP][PASSED] - SSN = findTestData(dataFile).getValue("SSN", row): null

2021-11-19 12:00:53 - [TEST_STEP][PASSED] - BusName = findTestData(dataFile).getValue("BusName", row): null

2021-11-19 12:00:53 - [TEST_STEP][PASSED] - AL1 = findTestData(dataFile).getValue("AL1", row): null

2021-11-19 12:00:53 - [TEST_STEP][PASSED] - City = findTestData(dataFile).getValue("City", row): null

2021-11-19 12:00:53 - [TEST_STEP][PASSED] - ZIP = findTestData(dataFile).getValue("ZIP", row): null

2021-11-19 12:00:53 - [TEST_STEP][PASSED] - FilingType = findTestData(dataFile).getValue("FilingType", row): null

2021-11-19 12:00:53 - [TEST_STEP][PASSED] - Withholding = findTestData(dataFile).getValue("Withholding", row): null

2021-11-19 12:00:53 - [TEST_STEP][PASSED] - Amount = findTestData(dataFile).getValue("Amount", row): null

2021-11-19 12:00:53 - [TEST_STEP][PASSED] - CCNumber = findTestData(dataFile).getValue("CCNumber", row): null

2021-11-19 12:00:53 - [TEST_STEP][PASSED] - CVV = findTestData(dataFile).getValue("CVV", row): null

2021-11-19 12:00:53 - [TEST_STEP][PASSED] - out.println("Value of Execute is : " + ExecuteTC): null

2021-11-19 12:00:53 - [TEST_STEP][PASSED] - if (ExecuteTC.equalsIgnoreCase("Y")): null

2021-11-19 12:00:53 - [TEST_STEP][PASSED] - out.println("Begin Record Number: " + row): null

2021-11-19 12:00:53 - [TEST_STEP][PASSED] - today = new java.util.Date(): null

2021-11-19 12:00:53 - [TEST_STEP][PASSED] - println(today): null

2021-11-19 12:00:53 - [TEST_STEP][PASSED] - datText = today: null

2021-11-19 12:00:53 - [TEST_STEP][PASSED] - Taxtype = findTestData(dataFile).getValue("TaxType", row): null

2021-11-19 12:00:53 - [TEST_STEP][PASSED] - out.println("Taxtype value is : " + Taxtype): null

2021-11-19 12:00:53 - [TEST_STEP][PASSED] - openBrowser(""): Browser is opened with url: ''

2021-11-19 12:00:53 - [MESSAGE][WARNING] - A browser is already opened. Closing browser and opening a new one

2021-11-19 12:00:54 - [MESSAGE][INFO] - Starting 'Chrome' driver

2021-11-19 12:00:54 - [MESSAGE][INFO] - User set preference: ['acceptInsecureCerts', 'true']

2021-11-19 12:00:54 - [MESSAGE][INFO] - Action delay is set to 0 milliseconds

2021-11-19 12:00:55 - [MESSAGE][PASSED] - Browser is opened with url: ''

2021-11-19 12:00:55 - [TEST_STEP][PASSED] - maximizeWindow(): Current window maximized

2021-11-19 12:00:55 - [MESSAGE][PASSED] - Current window maximized

2021-11-19 12:00:55 - [TEST_STEP][PASSED] - navigateToUrl(RADurl): Navigate to 'https://qa.velocitypayment.com/client/rad/index.html' successfully

2021-11-19 12:00:58 - [MESSAGE][PASSED] - Navigate to 'https://qa.velocitypayment.com/client/rad/index.html' successfully

2021-11-19 12:00:58 - [TEST_STEP][PASSED] - orPath_Landing = "Object Repository/RAD_Pages/Landing_Page": null

2021-11-19 12:00:58 - [TEST_STEP][PASSED] - orPath_TaxTypeFilingYear = "Object Repository/RAD_Pages/TaxTypeFilingYear_Page": null

2021-11-19 12:00:58 - [TEST_STEP][PASSED] - orPath_TaxPayer = "Object Repository/RAD_Pages/Taxpayer_Page": null

2021-11-19 12:00:58 - [TEST_STEP][PASSED] - orPath_AddressContact = "Object Repository/RAD_Pages/AddressAndContactInfo_Page": null

2021-11-19 12:00:58 - [TEST_STEP][PASSED] - orPath_FilingStatus = "Object Repository/RAD_Pages/FilingStatus_Page": null

2021-11-19 12:00:58 - [TEST_STEP][PASSED] - orPath_Amount = "Object Repository/RAD_Pages/PaymentAmount_Page": null

2021-11-19 12:00:58 - [TEST_STEP][PASSED] - orPath_TaxInfo = "Object Repository/RAD_Pages/TaxInfo_Page": null

2021-11-19 12:00:58 - [TEST_STEP][PASSED] - orPath_Withholding = "Object Repository/RAD_Pages/Withholding_Page": null

2021-11-19 12:00:58 - [TEST_STEP][PASSED] - orPath_Summary = "Object Repository/RAD_Pages/Summary_Page": null

2021-11-19 12:00:58 - [TEST_STEP][PASSED] - orPath_PaymentReady = "Object Repository/RAD_Pages/PaymentReady_Page": null

2021-11-19 12:00:58 - [TEST_STEP][PASSED] - orPath_PaymentEntry = "Object Repository/RAD_Pages/PaymentEntry_Page": null

2021-11-19 12:00:58 - [TEST_STEP][PASSED] - orPath_PaymentConfirmation = "Object Repository/RAD_Pages/PaymentConfirmation_Page": null

2021-11-19 12:00:58 - [TEST_STEP][PASSED] - orPath_ServiceFeesAccept = "Object Repository/RAD_Pages/ServiceFeeAccept_Page": null

2021-11-19 12:00:58 - [TEST_STEP][PASSED] - selectOptionByLabel(findTestObject(orPath_Landing + "/dd_TaxType"), Taxtype, false): All options with label 'Withholding Tax' are selected in object 'Object Repository/RAD_Pages/Landing_Page/dd_TaxType' 

2021-11-19 12:00:58 - [MESSAGE][PASSED] - All options with label 'Withholding Tax' are selected in object 'Object Repository/RAD_Pages/Landing_Page/dd_TaxType' 

2021-11-19 12:00:58 - [TEST_STEP][PASSED] - delay(3): Delayed 3 second(s)

2021-11-19 12:01:01 - [MESSAGE][PASSED] - Delayed 3 second(s)

2021-11-19 12:01:01 - [TEST_STEP][PASSED] - switch (Taxtype): null

2021-11-19 12:01:01 - [TEST_STEP][PASSED] - case "Withholding Tax":: null

2021-11-19 12:01:01 - [TEST_STEP][PASSED] - selectOptionByLabel(findTestObject(orPath_TaxTypeFilingYear + "/select_FilingYear"), FilingYear, false): All options with label '2020' are selected in object 'Object Repository/RAD_Pages/TaxTypeFilingYear_Page/select_FilingYear' 

2021-11-19 12:01:02 - [MESSAGE][PASSED] - All options with label '2020' are selected in object 'Object Repository/RAD_Pages/TaxTypeFilingYear_Page/select_FilingYear' 

2021-11-19 12:01:02 - [TEST_STEP][PASSED] - setText(findTestObject(orPath_TaxPayer + "/input_businessName"), BusName): Text 'O'Briens Garage' is set on object 'Object Repository/RAD_Pages/Taxpayer_Page/input_businessName'

2021-11-19 12:01:03 - [MESSAGE][PASSED] - Text 'O'Briens Garage' is set on object 'Object Repository/RAD_Pages/Taxpayer_Page/input_businessName'

2021-11-19 12:01:03 - [TEST_STEP][PASSED] - setEncryptedText(findTestObject(orPath_TaxInfo + "/input_FederalEIN"), "xLVb905G4/sGR8qgNWNzNQ=="): Text ****** has been set on object 'Object Repository/RAD_Pages/TaxInfo_Page/input_FederalEIN'

2021-11-19 12:01:34 - [MESSAGE][INFO] - Unable to find the element located by 'By.xpath: //*[@id = 'data' and @name = 'Data' and @type = 'password' and @placeholder = 'Federal EIN']'. Please recheck the objects properties to make sure the desired element is located. 

2021-11-19 12:01:34 - [MESSAGE][WARNING] - [SELF-HEALING] Failed to find element with id 'Object Repository/RAD_Pages/TaxInfo_Page/input_FederalEIN'. Try using Self-healing.

2021-11-19 12:01:34 - [MESSAGE][WARNING] - [SELF-HEALING] The current locator of test object 'Object Repository/RAD_Pages/TaxInfo_Page/input_FederalEIN' was broken. Propose an alternative one: '#data'.

2021-11-19 12:01:34 - [MESSAGE][PASSED] - Text ****** has been set on object 'Object Repository/RAD_Pages/TaxInfo_Page/input_FederalEIN'

2021-11-19 12:01:34 - [TEST_STEP][PASSED] - setEncryptedText(findTestObject(orPath_TaxInfo + "/input_FederalEIN_ReEnter"), "xLVb905G4/sGR8qgNWNzNQ=="): Text ****** has been set on object 'Object Repository/RAD_Pages/TaxInfo_Page/input_FederalEIN_ReEnter'

2021-11-19 12:02:06 - [MESSAGE][INFO] - Unable to find the element located by 'By.xpath: //*[@id = 'data' and @name = 'Data' and @type = 'password' and @placeholder = 'Re-Type Federal EIN']'. Please recheck the objects properties to make sure the desired element is located. 

2021-11-19 12:02:06 - [MESSAGE][WARNING] - [SELF-HEALING] Failed to find element with id 'Object Repository/RAD_Pages/TaxInfo_Page/input_FederalEIN_ReEnter'. Try using Self-healing.

2021-11-19 12:02:06 - [MESSAGE][WARNING] - [SELF-HEALING] The current locator of test object 'Object Repository/RAD_Pages/TaxInfo_Page/input_FederalEIN_ReEnter' was broken. Propose an alternative one: '//input[@id='data']'.

2021-11-19 12:02:06 - [MESSAGE][PASSED] - Text ****** has been set on object 'Object Repository/RAD_Pages/TaxInfo_Page/input_FederalEIN_ReEnter'

2021-11-19 12:02:06 - [TEST_STEP][PASSED] - setText(findTestObject(orPath_TaxInfo + "/input_MDCRegistration"), "07640126"): Text '07640126' is set on object 'Object Repository/RAD_Pages/TaxInfo_Page/input_MDCRegistration'

2021-11-19 12:02:07 - [MESSAGE][PASSED] - Text '07640126' is set on object 'Object Repository/RAD_Pages/TaxInfo_Page/input_MDCRegistration'

2021-11-19 12:02:07 - [TEST_STEP][PASSED] - if (Withholding.equalsIgnoreCase("Y")): Text '10.50' is set on object 'Object Repository/RAD_Pages/Withholding_Page/input__WithholdingTaxReported'

2021-11-19 12:02:07 - [TEST_STEP][PASSED] - scrollToElement(findTestObject(orPath_Landing + "/button_Continue"), 3): Scroll to object 'Object Repository/RAD_Pages/Landing_Page/button_Continue' successfully

2021-11-19 12:02:07 - [MESSAGE][PASSED] - Scroll to object 'Object Repository/RAD_Pages/Landing_Page/button_Continue' successfully

2021-11-19 12:02:07 - [TEST_STEP][PASSED] - check(findTestObject(orPath_Withholding + "/input_acceleratedBasis_Yes")): Object 'Object Repository/RAD_Pages/Withholding_Page/input_acceleratedBasis_Yes' is checked

2021-11-19 12:02:08 - [MESSAGE][PASSED] - Object 'Object Repository/RAD_Pages/Withholding_Page/input_acceleratedBasis_Yes' is checked

2021-11-19 12:02:08 - [TEST_STEP][PASSED] - delay(3): Delayed 3 second(s)

2021-11-19 12:02:11 - [MESSAGE][PASSED] - Delayed 3 second(s)

2021-11-19 12:02:11 - [TEST_STEP][PASSED] - nowDate = Date().format("MM/dd/yyyy"): null

2021-11-19 12:02:11 - [TEST_STEP][PASSED] - executeJavaScript("document.getElementById('payDate').removeAttribute('readonly')", null): Execute JavaScript 'document.getElementById('payDate').removeAttribute('readonly')' successfully

2021-11-19 12:02:11 - [MESSAGE][PASSED] - Execute JavaScript 'document.getElementById('payDate').removeAttribute('readonly')' successfully

2021-11-19 12:02:11 - [TEST_STEP][PASSED] - setText(findTestObject(orPath_Withholding + "/input_PayDate"), nowDate): Text '11/19/2021' is set on object 'Object Repository/RAD_Pages/Withholding_Page/input_PayDate'

2021-11-19 12:02:11 - [MESSAGE][PASSED] - Text '11/19/2021' is set on object 'Object Repository/RAD_Pages/Withholding_Page/input_PayDate'

2021-11-19 12:02:11 - [TEST_STEP][PASSED] - setText(findTestObject(orPath_Withholding + "/input__WithholdingTaxReported"), "10.50"): Text '10.50' is set on object 'Object Repository/RAD_Pages/Withholding_Page/input__WithholdingTaxReported'

2021-11-19 12:02:12 - [MESSAGE][PASSED] - Text '10.50' is set on object 'Object Repository/RAD_Pages/Withholding_Page/input__WithholdingTaxReported'

2021-11-19 12:02:12 - [TEST_STEP][PASSED] - break: null

2021-11-19 12:02:12 - [TEST_STEP][PASSED] - setText(findTestObject(orPath_TaxPayer + "/input_firstName"), FName): Text 'O'Briens' is set on object 'Object Repository/RAD_Pages/Taxpayer_Page/input_firstName'

2021-11-19 12:02:13 - [MESSAGE][PASSED] - Text 'O'Briens' is set on object 'Object Repository/RAD_Pages/Taxpayer_Page/input_firstName'

2021-11-19 12:02:13 - [TEST_STEP][PASSED] - setText(findTestObject(orPath_TaxPayer + "/input_lastName"), LName): Text 'Cook' is set on object 'Object Repository/RAD_Pages/Taxpayer_Page/input_lastName'

2021-11-19 12:02:14 - [MESSAGE][PASSED] - Text 'Cook' is set on object 'Object Repository/RAD_Pages/Taxpayer_Page/input_lastName'

2021-11-19 12:02:14 - [TEST_STEP][PASSED] - selectOptionByLabel(findTestObject(orPath_AddressContact + "/select_Country"), "United States", false): All options with label 'United States' are selected in object 'Object Repository/RAD_Pages/AddressAndContactInfo_Page/select_Country' 

2021-11-19 12:02:14 - [MESSAGE][PASSED] - All options with label 'United States' are selected in object 'Object Repository/RAD_Pages/AddressAndContactInfo_Page/select_Country' 

2021-11-19 12:02:14 - [TEST_STEP][PASSED] - setText(findTestObject(orPath_AddressContact + "/input_streetAddress1"), AL1): Text '3652 Mandan road' is set on object 'Object Repository/RAD_Pages/AddressAndContactInfo_Page/input_streetAddress1'

2021-11-19 12:02:15 - [MESSAGE][PASSED] - Text '3652 Mandan road' is set on object 'Object Repository/RAD_Pages/AddressAndContactInfo_Page/input_streetAddress1'

2021-11-19 12:02:15 - [TEST_STEP][PASSED] - setText(findTestObject(orPath_AddressContact + "/input_streetAddress2"), ""): Text '' is set on object 'Object Repository/RAD_Pages/AddressAndContactInfo_Page/input_streetAddress2'

2021-11-19 12:02:16 - [MESSAGE][PASSED] - Text '' is set on object 'Object Repository/RAD_Pages/AddressAndContactInfo_Page/input_streetAddress2'

2021-11-19 12:02:16 - [TEST_STEP][PASSED] - setText(findTestObject(orPath_AddressContact + "/input_city"), City): Text 'Crofton' is set on object 'Object Repository/RAD_Pages/AddressAndContactInfo_Page/input_city'

2021-11-19 12:02:16 - [MESSAGE][PASSED] - Text 'Crofton' is set on object 'Object Repository/RAD_Pages/AddressAndContactInfo_Page/input_city'

2021-11-19 12:02:16 - [TEST_STEP][PASSED] - selectOptionByLabel(findTestObject(orPath_AddressContact + "/select_State"), "Maryland", false): All options with label 'Maryland' are selected in object 'Object Repository/RAD_Pages/AddressAndContactInfo_Page/select_State' 

2021-11-19 12:02:17 - [MESSAGE][PASSED] - All options with label 'Maryland' are selected in object 'Object Repository/RAD_Pages/AddressAndContactInfo_Page/select_State' 

2021-11-19 12:02:17 - [TEST_STEP][PASSED] - setText(findTestObject(orPath_AddressContact + "/input_zipCode"), ZIP): Text '21114' is set on object 'Object Repository/RAD_Pages/AddressAndContactInfo_Page/input_zipCode'

2021-11-19 12:02:18 - [MESSAGE][PASSED] - Text '21114' is set on object 'Object Repository/RAD_Pages/AddressAndContactInfo_Page/input_zipCode'

2021-11-19 12:02:18 - [TEST_STEP][PASSED] - setText(findTestObject(orPath_AddressContact + "/input_phoneNumber"), "(703) 894-5000"): Text '(703) 894-5000' is set on object 'Object Repository/RAD_Pages/AddressAndContactInfo_Page/input_phoneNumber'

2021-11-19 12:02:18 - [MESSAGE][PASSED] - Text '(703) 894-5000' is set on object 'Object Repository/RAD_Pages/AddressAndContactInfo_Page/input_phoneNumber'

2021-11-19 12:02:18 - [TEST_STEP][PASSED] - setText(findTestObject(orPath_AddressContact + "/input_eMailAddress"), "iahmed@govolution.com"): Text 'iahmed@govolution.com' is set on object 'Object Repository/RAD_Pages/AddressAndContactInfo_Page/input_eMailAddress'

2021-11-19 12:02:19 - [MESSAGE][PASSED] - Text 'iahmed@govolution.com' is set on object 'Object Repository/RAD_Pages/AddressAndContactInfo_Page/input_eMailAddress'

2021-11-19 12:02:19 - [TEST_STEP][PASSED] - setText(findTestObject(orPath_AddressContact + "/input_reEnterEMailAddress"), "iahmed@govolution.com"): Text 'iahmed@govolution.com' is set on object 'Object Repository/RAD_Pages/AddressAndContactInfo_Page/input_reEnterEMailAddress'

2021-11-19 12:02:20 - [MESSAGE][PASSED] - Text 'iahmed@govolution.com' is set on object 'Object Repository/RAD_Pages/AddressAndContactInfo_Page/input_reEnterEMailAddress'

2021-11-19 12:02:20 - [TEST_STEP][PASSED] - setText(findTestObject(orPath_Amount + "/input__paymentAmount"), Amount): Text '100.00' is set on object 'Object Repository/RAD_Pages/PaymentAmount_Page/input__paymentAmount'

2021-11-19 12:02:21 - [MESSAGE][PASSED] - Text '100.00' is set on object 'Object Repository/RAD_Pages/PaymentAmount_Page/input__paymentAmount'

2021-11-19 12:02:21 - [TEST_STEP][PASSED] - scrollToElement(findTestObject(orPath_Landing + "/button_Continue"), 3): Scroll to object 'Object Repository/RAD_Pages/Landing_Page/button_Continue' successfully

2021-11-19 12:02:21 - [MESSAGE][PASSED] - Scroll to object 'Object Repository/RAD_Pages/Landing_Page/button_Continue' successfully

2021-11-19 12:02:21 - [TEST_STEP][PASSED] - waitForElementClickable(findTestObject(orPath_Landing + "/button_Continue"), 5): Object 'Object Repository/RAD_Pages/Landing_Page/button_Continue' is clickable

2021-11-19 12:02:21 - [MESSAGE][PASSED] - Object 'Object Repository/RAD_Pages/Landing_Page/button_Continue' is clickable

2021-11-19 12:02:21 - [TEST_STEP][PASSED] - click(findTestObject(orPath_Landing + "/button_Continue")): Object: 'Object Repository/RAD_Pages/Landing_Page/button_Continue' is clicked on

2021-11-19 12:02:22 - [MESSAGE][PASSED] - Object: 'Object Repository/RAD_Pages/Landing_Page/button_Continue' is clicked on

2021-11-19 12:02:22 - [TEST_STEP][PASSED] - verifyTextPresent("Review the information below and make any necessary corrections by clicking the", true): Text 'Review the information below and make any necessary corrections by clicking the' is present on page  using regular expression

2021-11-19 12:02:22 - [MESSAGE][PASSED] - Text 'Review the information below and make any necessary corrections by clicking the' is present on page  using regular expression

2021-11-19 12:02:22 - [TEST_STEP][PASSED] - verifyTextPresent("When you are confident that all the information is correct", true): Text 'When you are confident that all the information is correct' is present on page  using regular expression

2021-11-19 12:02:23 - [MESSAGE][PASSED] - Text 'When you are confident that all the information is correct' is present on page  using regular expression

2021-11-19 12:02:23 - [TEST_STEP][PASSED] - delay(1): Delayed 1 second(s)

2021-11-19 12:02:24 - [MESSAGE][PASSED] - Delayed 1 second(s)

2021-11-19 12:02:24 - [TEST_STEP][PASSED] - click(findTestObject(orPath_Summary + "/button_Proceed to Payment")): Object: 'Object Repository/RAD_Pages/Summary_Page/button_Proceed to Payment' is clicked on

2021-11-19 12:02:26 - [MESSAGE][PASSED] - Object: 'Object Repository/RAD_Pages/Summary_Page/button_Proceed to Payment' is clicked on

2021-11-19 12:02:26 - [TEST_STEP][PASSED] - setText(findTestObject(orPath_PaymentEntry + "/input__cardNumber"), CCNumber): Text '4012000098765439' is set on object 'Object Repository/RAD_Pages/PaymentEntry_Page/input__cardNumber'

2021-11-19 12:02:27 - [MESSAGE][PASSED] - Text '4012000098765439' is set on object 'Object Repository/RAD_Pages/PaymentEntry_Page/input__cardNumber'

2021-11-19 12:02:27 - [TEST_STEP][PASSED] - setText(findTestObject(orPath_PaymentEntry + "/input__spc"), CVV): Text '123' is set on object 'Object Repository/RAD_Pages/PaymentEntry_Page/input__spc'

2021-11-19 12:02:27 - [MESSAGE][PASSED] - Text '123' is set on object 'Object Repository/RAD_Pages/PaymentEntry_Page/input__spc'

2021-11-19 12:02:27 - [TEST_STEP][PASSED] - selectOptionByLabel(findTestObject(orPath_PaymentEntry + "/select_MM"), "12", false): All options with label '12' are selected in object 'Object Repository/RAD_Pages/PaymentEntry_Page/select_MM' 

2021-11-19 12:02:28 - [MESSAGE][PASSED] - All options with label '12' are selected in object 'Object Repository/RAD_Pages/PaymentEntry_Page/select_MM' 

2021-11-19 12:02:28 - [TEST_STEP][PASSED] - selectOptionByLabel(findTestObject(orPath_PaymentEntry + "/select_YYYY"), "2023", false): All options with label '2023' are selected in object 'Object Repository/RAD_Pages/PaymentEntry_Page/select_YYYY' 

2021-11-19 12:02:29 - [MESSAGE][PASSED] - All options with label '2023' are selected in object 'Object Repository/RAD_Pages/PaymentEntry_Page/select_YYYY' 

2021-11-19 12:02:29 - [TEST_STEP][PASSED] - click(findTestObject(orPath_PaymentEntry + "/input_Field_ccSubmit")): Object: 'Object Repository/RAD_Pages/PaymentEntry_Page/input_Field_ccSubmit' is clicked on

2021-11-19 12:02:30 - [MESSAGE][PASSED] - Object: 'Object Repository/RAD_Pages/PaymentEntry_Page/input_Field_ccSubmit' is clicked on

2021-11-19 12:02:30 - [TEST_STEP][PASSED] - click(findTestObject(orPath_PaymentConfirmation + "/input_N_confirmNotifyAction")): Object: 'Object Repository/RAD_Pages/PaymentConfirmation_Page/input_N_confirmNotifyAction' is clicked on

2021-11-19 12:02:31 - [MESSAGE][PASSED] - Object: 'Object Repository/RAD_Pages/PaymentConfirmation_Page/input_N_confirmNotifyAction' is clicked on

2021-11-19 12:02:31 - [TEST_STEP][PASSED] - click(findTestObject(orPath_ServiceFeesAccept + "/input_convFeeNotifyAction")): Object: 'Object Repository/RAD_Pages/ServiceFeeAccept_Page/input_convFeeNotifyAction' is clicked on

2021-11-19 12:02:33 - [MESSAGE][PASSED] - Object: 'Object Repository/RAD_Pages/ServiceFeeAccept_Page/input_convFeeNotifyAction' is clicked on

2021-11-19 12:02:33 - [TEST_STEP][PASSED] - delay(10): Delayed 10 second(s)

2021-11-19 12:02:43 - [MESSAGE][PASSED] - Delayed 10 second(s)

2021-11-19 12:02:43 - [TEST_STEP][PASSED] - verifyTextPresent("Successful Payment Receipt", true): Text 'Successful Payment Receipt' is present on page  using regular expression

2021-11-19 12:02:44 - [MESSAGE][PASSED] - Text 'Successful Payment Receipt' is present on page  using regular expression

2021-11-19 12:02:44 - [TEST_STEP][PASSED] - if (verifyTextPresent("Successful Payment Receipt", true)): null

2021-11-19 12:02:44 - [MESSAGE][PASSED] - Text 'Successful Payment Receipt' is present on page  using regular expression

2021-11-19 12:02:44 - [TEST_STEP][PASSED] - println("Transaction was Successful"): null

2021-11-19 12:02:44 - [TEST_STEP][PASSED] - out.println("Pass Record Number: " + row): null

2021-11-19 12:02:44 - [TEST_STEP][PASSED] - resText = "Pass": null

2021-11-19 12:02:44 - [TEST_STEP][PASSED] - pages.WriteExcel.demoKey(resText, datText, resColumn, datCloumn, fileLoc, nameSheet, row): pages.WriteExcel.demoKey is PASSED

2021-11-19 12:02:44 - [MESSAGE][PASSED] - pages.WriteExcel.demoKey is PASSED

2021-11-19 12:02:44 - [TEST_STEP][PASSED] - ExecuteTC = findTestData(dataFile).getValue("Execute", row): null

2021-11-19 12:02:44 - [TEST_STEP][PASSED] - PaymentType = findTestData(dataFile).getValue("PaymentType", row): null

2021-11-19 12:02:44 - [TEST_STEP][PASSED] - FilingYear = findTestData(dataFile).getValue("FilingYear", row): null

2021-11-19 12:02:44 - [TEST_STEP][PASSED] - PeriodEnding = findTestData(dataFile).getValue("PeriodEnding", row): null

2021-11-19 12:02:44 - [TEST_STEP][PASSED] - FName = findTestData(dataFile).getValue("Fname", row): null

2021-11-19 12:02:44 - [TEST_STEP][PASSED] - LName = findTestData(dataFile).getValue("Lname", row): null

2021-11-19 12:02:44 - [TEST_STEP][PASSED] - SSN = findTestData(dataFile).getValue("SSN", row): null

2021-11-19 12:02:44 - [TEST_STEP][PASSED] - BusName = findTestData(dataFile).getValue("BusName", row): null

2021-11-19 12:02:44 - [TEST_STEP][PASSED] - AL1 = findTestData(dataFile).getValue("AL1", row): null

2021-11-19 12:02:44 - [TEST_STEP][PASSED] - City = findTestData(dataFile).getValue("City", row): null

2021-11-19 12:02:44 - [TEST_STEP][PASSED] - ZIP = findTestData(dataFile).getValue("ZIP", row): null

2021-11-19 12:02:44 - [TEST_STEP][PASSED] - FilingType = findTestData(dataFile).getValue("FilingType", row): null

2021-11-19 12:02:44 - [TEST_STEP][PASSED] - Withholding = findTestData(dataFile).getValue("Withholding", row): null

2021-11-19 12:02:44 - [TEST_STEP][PASSED] - Amount = findTestData(dataFile).getValue("Amount", row): null

2021-11-19 12:02:44 - [TEST_STEP][PASSED] - CCNumber = findTestData(dataFile).getValue("CCNumber", row): null

2021-11-19 12:02:44 - [TEST_STEP][PASSED] - CVV = findTestData(dataFile).getValue("CVV", row): null

2021-11-19 12:02:44 - [TEST_STEP][PASSED] - out.println("Value of Execute is : " + ExecuteTC): null

2021-11-19 12:02:44 - [TEST_STEP][PASSED] - if (ExecuteTC.equalsIgnoreCase("Y")): null

2021-11-19 12:02:44 - [TEST_STEP][PASSED] - out.println("Begin Record Number: " + row): null

2021-11-19 12:02:44 - [TEST_STEP][PASSED] - today = new java.util.Date(): null

2021-11-19 12:02:44 - [TEST_STEP][PASSED] - println(today): null

2021-11-19 12:02:44 - [TEST_STEP][PASSED] - datText = today: null

2021-11-19 12:02:44 - [TEST_STEP][PASSED] - Taxtype = findTestData(dataFile).getValue("TaxType", row): null

2021-11-19 12:02:45 - [TEST_STEP][PASSED] - out.println("Taxtype value is : " + Taxtype): null

2021-11-19 12:02:45 - [TEST_STEP][PASSED] - openBrowser(""): Browser is opened with url: ''

2021-11-19 12:02:45 - [MESSAGE][WARNING] - A browser is already opened. Closing browser and opening a new one

2021-11-19 12:02:45 - [MESSAGE][INFO] - Starting 'Chrome' driver

2021-11-19 12:02:45 - [MESSAGE][INFO] - User set preference: ['acceptInsecureCerts', 'true']

2021-11-19 12:02:45 - [MESSAGE][INFO] - Action delay is set to 0 milliseconds

2021-11-19 12:02:47 - [MESSAGE][PASSED] - Browser is opened with url: ''

2021-11-19 12:02:47 - [TEST_STEP][PASSED] - maximizeWindow(): Current window maximized

2021-11-19 12:02:47 - [MESSAGE][PASSED] - Current window maximized

2021-11-19 12:02:47 - [TEST_STEP][PASSED] - navigateToUrl(RADurl): Navigate to 'https://qa.velocitypayment.com/client/rad/index.html' successfully

2021-11-19 12:02:49 - [MESSAGE][PASSED] - Navigate to 'https://qa.velocitypayment.com/client/rad/index.html' successfully

2021-11-19 12:02:49 - [TEST_STEP][PASSED] - orPath_Landing = "Object Repository/RAD_Pages/Landing_Page": null

2021-11-19 12:02:49 - [TEST_STEP][PASSED] - orPath_TaxTypeFilingYear = "Object Repository/RAD_Pages/TaxTypeFilingYear_Page": null

2021-11-19 12:02:49 - [TEST_STEP][PASSED] - orPath_TaxPayer = "Object Repository/RAD_Pages/Taxpayer_Page": null

2021-11-19 12:02:49 - [TEST_STEP][PASSED] - orPath_AddressContact = "Object Repository/RAD_Pages/AddressAndContactInfo_Page": null

2021-11-19 12:02:49 - [TEST_STEP][PASSED] - orPath_FilingStatus = "Object Repository/RAD_Pages/FilingStatus_Page": null

2021-11-19 12:02:49 - [TEST_STEP][PASSED] - orPath_Amount = "Object Repository/RAD_Pages/PaymentAmount_Page": null

2021-11-19 12:02:49 - [TEST_STEP][PASSED] - orPath_TaxInfo = "Object Repository/RAD_Pages/TaxInfo_Page": null

2021-11-19 12:02:49 - [TEST_STEP][PASSED] - orPath_Withholding = "Object Repository/RAD_Pages/Withholding_Page": null

2021-11-19 12:02:49 - [TEST_STEP][PASSED] - orPath_Summary = "Object Repository/RAD_Pages/Summary_Page": null

2021-11-19 12:02:49 - [TEST_STEP][PASSED] - orPath_PaymentReady = "Object Repository/RAD_Pages/PaymentReady_Page": null

2021-11-19 12:02:49 - [TEST_STEP][PASSED] - orPath_PaymentEntry = "Object Repository/RAD_Pages/PaymentEntry_Page": null

2021-11-19 12:02:49 - [TEST_STEP][PASSED] - orPath_PaymentConfirmation = "Object Repository/RAD_Pages/PaymentConfirmation_Page": null

2021-11-19 12:02:49 - [TEST_STEP][PASSED] - orPath_ServiceFeesAccept = "Object Repository/RAD_Pages/ServiceFeeAccept_Page": null

2021-11-19 12:02:49 - [TEST_STEP][PASSED] - selectOptionByLabel(findTestObject(orPath_Landing + "/dd_TaxType"), Taxtype, false): All options with label 'Withholding Tax' are selected in object 'Object Repository/RAD_Pages/Landing_Page/dd_TaxType' 

2021-11-19 12:02:50 - [MESSAGE][PASSED] - All options with label 'Withholding Tax' are selected in object 'Object Repository/RAD_Pages/Landing_Page/dd_TaxType' 

2021-11-19 12:02:50 - [TEST_STEP][PASSED] - delay(3): Delayed 3 second(s)

2021-11-19 12:02:53 - [MESSAGE][PASSED] - Delayed 3 second(s)

2021-11-19 12:02:53 - [TEST_STEP][PASSED] - switch (Taxtype): null

2021-11-19 12:02:53 - [TEST_STEP][PASSED] - case "Withholding Tax":: null

2021-11-19 12:02:53 - [TEST_STEP][PASSED] - selectOptionByLabel(findTestObject(orPath_TaxTypeFilingYear + "/select_FilingYear"), FilingYear, false): All options with label '2019' are selected in object 'Object Repository/RAD_Pages/TaxTypeFilingYear_Page/select_FilingYear' 

2021-11-19 12:02:54 - [MESSAGE][PASSED] - All options with label '2019' are selected in object 'Object Repository/RAD_Pages/TaxTypeFilingYear_Page/select_FilingYear' 

2021-11-19 12:02:54 - [TEST_STEP][PASSED] - setText(findTestObject(orPath_TaxPayer + "/input_businessName"), BusName): Text 'A1 Tree Trimming' is set on object 'Object Repository/RAD_Pages/Taxpayer_Page/input_businessName'

2021-11-19 12:02:54 - [MESSAGE][PASSED] - Text 'A1 Tree Trimming' is set on object 'Object Repository/RAD_Pages/Taxpayer_Page/input_businessName'

2021-11-19 12:02:54 - [TEST_STEP][PASSED] - setEncryptedText(findTestObject(orPath_TaxInfo + "/input_FederalEIN"), "xLVb905G4/sGR8qgNWNzNQ=="): Text ****** has been set on object 'Object Repository/RAD_Pages/TaxInfo_Page/input_FederalEIN'

2021-11-19 12:03:26 - [MESSAGE][INFO] - Unable to find the element located by 'By.xpath: //*[@id = 'data' and @name = 'Data' and @type = 'password' and @placeholder = 'Federal EIN']'. Please recheck the objects properties to make sure the desired element is located. 

2021-11-19 12:03:26 - [MESSAGE][WARNING] - [SELF-HEALING] Failed to find element with id 'Object Repository/RAD_Pages/TaxInfo_Page/input_FederalEIN'. Try using Self-healing.

2021-11-19 12:03:26 - [MESSAGE][WARNING] - [SELF-HEALING] The current locator of test object 'Object Repository/RAD_Pages/TaxInfo_Page/input_FederalEIN' was broken. Propose an alternative one: '#data'.

2021-11-19 12:03:26 - [MESSAGE][PASSED] - Text ****** has been set on object 'Object Repository/RAD_Pages/TaxInfo_Page/input_FederalEIN'

2021-11-19 12:03:26 - [TEST_STEP][PASSED] - setEncryptedText(findTestObject(orPath_TaxInfo + "/input_FederalEIN_ReEnter"), "xLVb905G4/sGR8qgNWNzNQ=="): Text ****** has been set on object 'Object Repository/RAD_Pages/TaxInfo_Page/input_FederalEIN_ReEnter'

2021-11-19 12:03:57 - [MESSAGE][INFO] - Unable to find the element located by 'By.xpath: //*[@id = 'data' and @name = 'Data' and @type = 'password' and @placeholder = 'Re-Type Federal EIN']'. Please recheck the objects properties to make sure the desired element is located. 

2021-11-19 12:03:57 - [MESSAGE][WARNING] - [SELF-HEALING] Failed to find element with id 'Object Repository/RAD_Pages/TaxInfo_Page/input_FederalEIN_ReEnter'. Try using Self-healing.

2021-11-19 12:03:57 - [MESSAGE][WARNING] - [SELF-HEALING] The current locator of test object 'Object Repository/RAD_Pages/TaxInfo_Page/input_FederalEIN_ReEnter' was broken. Propose an alternative one: '//input[@id='data']'.

2021-11-19 12:03:57 - [MESSAGE][PASSED] - Text ****** has been set on object 'Object Repository/RAD_Pages/TaxInfo_Page/input_FederalEIN_ReEnter'

2021-11-19 12:03:57 - [TEST_STEP][PASSED] - setText(findTestObject(orPath_TaxInfo + "/input_MDCRegistration"), "07640126"): Text '07640126' is set on object 'Object Repository/RAD_Pages/TaxInfo_Page/input_MDCRegistration'

2021-11-19 12:03:58 - [MESSAGE][PASSED] - Text '07640126' is set on object 'Object Repository/RAD_Pages/TaxInfo_Page/input_MDCRegistration'

2021-11-19 12:03:58 - [TEST_STEP][PASSED] - if (Withholding.equalsIgnoreCase("Y")): Text '10.50' is set on object 'Object Repository/RAD_Pages/Withholding_Page/input__WithholdingTaxReported'

2021-11-19 12:03:58 - [TEST_STEP][PASSED] - scrollToElement(findTestObject(orPath_Landing + "/button_Continue"), 3): Scroll to object 'Object Repository/RAD_Pages/Landing_Page/button_Continue' successfully

2021-11-19 12:03:59 - [MESSAGE][PASSED] - Scroll to object 'Object Repository/RAD_Pages/Landing_Page/button_Continue' successfully

2021-11-19 12:03:59 - [TEST_STEP][PASSED] - check(findTestObject(orPath_Withholding + "/input_acceleratedBasis_Yes")): Object 'Object Repository/RAD_Pages/Withholding_Page/input_acceleratedBasis_Yes' is checked

2021-11-19 12:03:59 - [MESSAGE][PASSED] - Object 'Object Repository/RAD_Pages/Withholding_Page/input_acceleratedBasis_Yes' is checked

2021-11-19 12:03:59 - [TEST_STEP][PASSED] - delay(3): Delayed 3 second(s)

2021-11-19 12:04:02 - [MESSAGE][PASSED] - Delayed 3 second(s)

2021-11-19 12:04:02 - [TEST_STEP][PASSED] - nowDate = Date().format("MM/dd/yyyy"): null

2021-11-19 12:04:02 - [TEST_STEP][PASSED] - executeJavaScript("document.getElementById('payDate').removeAttribute('readonly')", null): Execute JavaScript 'document.getElementById('payDate').removeAttribute('readonly')' successfully

2021-11-19 12:04:02 - [MESSAGE][PASSED] - Execute JavaScript 'document.getElementById('payDate').removeAttribute('readonly')' successfully

2021-11-19 12:04:02 - [TEST_STEP][PASSED] - setText(findTestObject(orPath_Withholding + "/input_PayDate"), nowDate): Text '11/19/2021' is set on object 'Object Repository/RAD_Pages/Withholding_Page/input_PayDate'

2021-11-19 12:04:03 - [MESSAGE][PASSED] - Text '11/19/2021' is set on object 'Object Repository/RAD_Pages/Withholding_Page/input_PayDate'

2021-11-19 12:04:03 - [TEST_STEP][PASSED] - setText(findTestObject(orPath_Withholding + "/input__WithholdingTaxReported"), "10.50"): Text '10.50' is set on object 'Object Repository/RAD_Pages/Withholding_Page/input__WithholdingTaxReported'

2021-11-19 12:04:04 - [MESSAGE][PASSED] - Text '10.50' is set on object 'Object Repository/RAD_Pages/Withholding_Page/input__WithholdingTaxReported'

2021-11-19 12:04:04 - [TEST_STEP][PASSED] - break: null

2021-11-19 12:04:04 - [TEST_STEP][PASSED] - setText(findTestObject(orPath_TaxPayer + "/input_firstName"), FName): Text 'Larsons' is set on object 'Object Repository/RAD_Pages/Taxpayer_Page/input_firstName'

2021-11-19 12:04:04 - [MESSAGE][PASSED] - Text 'Larsons' is set on object 'Object Repository/RAD_Pages/Taxpayer_Page/input_firstName'

2021-11-19 12:04:04 - [TEST_STEP][PASSED] - setText(findTestObject(orPath_TaxPayer + "/input_lastName"), LName): Text 'Bell' is set on object 'Object Repository/RAD_Pages/Taxpayer_Page/input_lastName'

2021-11-19 12:04:05 - [MESSAGE][PASSED] - Text 'Bell' is set on object 'Object Repository/RAD_Pages/Taxpayer_Page/input_lastName'

2021-11-19 12:04:05 - [TEST_STEP][PASSED] - selectOptionByLabel(findTestObject(orPath_AddressContact + "/select_Country"), "United States", false): All options with label 'United States' are selected in object 'Object Repository/RAD_Pages/AddressAndContactInfo_Page/select_Country' 

2021-11-19 12:04:06 - [MESSAGE][PASSED] - All options with label 'United States' are selected in object 'Object Repository/RAD_Pages/AddressAndContactInfo_Page/select_Country' 

2021-11-19 12:04:06 - [TEST_STEP][PASSED] - setText(findTestObject(orPath_AddressContact + "/input_streetAddress1"), AL1): Text '114 Clark Ave' is set on object 'Object Repository/RAD_Pages/AddressAndContactInfo_Page/input_streetAddress1'

2021-11-19 12:04:07 - [MESSAGE][PASSED] - Text '114 Clark Ave' is set on object 'Object Repository/RAD_Pages/AddressAndContactInfo_Page/input_streetAddress1'

2021-11-19 12:04:07 - [TEST_STEP][PASSED] - setText(findTestObject(orPath_AddressContact + "/input_streetAddress2"), ""): Text '' is set on object 'Object Repository/RAD_Pages/AddressAndContactInfo_Page/input_streetAddress2'

2021-11-19 12:04:07 - [MESSAGE][PASSED] - Text '' is set on object 'Object Repository/RAD_Pages/AddressAndContactInfo_Page/input_streetAddress2'

2021-11-19 12:04:07 - [TEST_STEP][PASSED] - setText(findTestObject(orPath_AddressContact + "/input_city"), City): Text 'Severn' is set on object 'Object Repository/RAD_Pages/AddressAndContactInfo_Page/input_city'

2021-11-19 12:04:08 - [MESSAGE][PASSED] - Text 'Severn' is set on object 'Object Repository/RAD_Pages/AddressAndContactInfo_Page/input_city'

2021-11-19 12:04:08 - [TEST_STEP][PASSED] - selectOptionByLabel(findTestObject(orPath_AddressContact + "/select_State"), "Maryland", false): All options with label 'Maryland' are selected in object 'Object Repository/RAD_Pages/AddressAndContactInfo_Page/select_State' 

2021-11-19 12:04:09 - [MESSAGE][PASSED] - All options with label 'Maryland' are selected in object 'Object Repository/RAD_Pages/AddressAndContactInfo_Page/select_State' 

2021-11-19 12:04:09 - [TEST_STEP][PASSED] - setText(findTestObject(orPath_AddressContact + "/input_zipCode"), ZIP): Text '21144' is set on object 'Object Repository/RAD_Pages/AddressAndContactInfo_Page/input_zipCode'

2021-11-19 12:04:09 - [MESSAGE][PASSED] - Text '21144' is set on object 'Object Repository/RAD_Pages/AddressAndContactInfo_Page/input_zipCode'

2021-11-19 12:04:09 - [TEST_STEP][PASSED] - setText(findTestObject(orPath_AddressContact + "/input_phoneNumber"), "(703) 894-5000"): Text '(703) 894-5000' is set on object 'Object Repository/RAD_Pages/AddressAndContactInfo_Page/input_phoneNumber'

2021-11-19 12:04:10 - [MESSAGE][PASSED] - Text '(703) 894-5000' is set on object 'Object Repository/RAD_Pages/AddressAndContactInfo_Page/input_phoneNumber'

2021-11-19 12:04:10 - [TEST_STEP][PASSED] - setText(findTestObject(orPath_AddressContact + "/input_eMailAddress"), "iahmed@govolution.com"): Text 'iahmed@govolution.com' is set on object 'Object Repository/RAD_Pages/AddressAndContactInfo_Page/input_eMailAddress'

2021-11-19 12:04:11 - [MESSAGE][PASSED] - Text 'iahmed@govolution.com' is set on object 'Object Repository/RAD_Pages/AddressAndContactInfo_Page/input_eMailAddress'

2021-11-19 12:04:11 - [TEST_STEP][PASSED] - setText(findTestObject(orPath_AddressContact + "/input_reEnterEMailAddress"), "iahmed@govolution.com"): Text 'iahmed@govolution.com' is set on object 'Object Repository/RAD_Pages/AddressAndContactInfo_Page/input_reEnterEMailAddress'

2021-11-19 12:04:12 - [MESSAGE][PASSED] - Text 'iahmed@govolution.com' is set on object 'Object Repository/RAD_Pages/AddressAndContactInfo_Page/input_reEnterEMailAddress'

2021-11-19 12:04:12 - [TEST_STEP][PASSED] - setText(findTestObject(orPath_Amount + "/input__paymentAmount"), Amount): Text '100.00' is set on object 'Object Repository/RAD_Pages/PaymentAmount_Page/input__paymentAmount'

2021-11-19 12:04:12 - [MESSAGE][PASSED] - Text '100.00' is set on object 'Object Repository/RAD_Pages/PaymentAmount_Page/input__paymentAmount'

2021-11-19 12:04:12 - [TEST_STEP][PASSED] - scrollToElement(findTestObject(orPath_Landing + "/button_Continue"), 3): Scroll to object 'Object Repository/RAD_Pages/Landing_Page/button_Continue' successfully

2021-11-19 12:04:13 - [MESSAGE][PASSED] - Scroll to object 'Object Repository/RAD_Pages/Landing_Page/button_Continue' successfully

2021-11-19 12:04:13 - [TEST_STEP][PASSED] - waitForElementClickable(findTestObject(orPath_Landing + "/button_Continue"), 5): Object 'Object Repository/RAD_Pages/Landing_Page/button_Continue' is clickable

2021-11-19 12:04:13 - [MESSAGE][PASSED] - Object 'Object Repository/RAD_Pages/Landing_Page/button_Continue' is clickable

2021-11-19 12:04:13 - [TEST_STEP][PASSED] - click(findTestObject(orPath_Landing + "/button_Continue")): Object: 'Object Repository/RAD_Pages/Landing_Page/button_Continue' is clicked on

2021-11-19 12:04:14 - [MESSAGE][PASSED] - Object: 'Object Repository/RAD_Pages/Landing_Page/button_Continue' is clicked on

2021-11-19 12:04:14 - [TEST_STEP][PASSED] - verifyTextPresent("Review the information below and make any necessary corrections by clicking the", true): Text 'Review the information below and make any necessary corrections by clicking the' is present on page  using regular expression

2021-11-19 12:04:14 - [MESSAGE][PASSED] - Text 'Review the information below and make any necessary corrections by clicking the' is present on page  using regular expression

2021-11-19 12:04:14 - [TEST_STEP][PASSED] - verifyTextPresent("When you are confident that all the information is correct", true): Text 'When you are confident that all the information is correct' is present on page  using regular expression

2021-11-19 12:04:15 - [MESSAGE][PASSED] - Text 'When you are confident that all the information is correct' is present on page  using regular expression

2021-11-19 12:04:15 - [TEST_STEP][PASSED] - delay(1): Delayed 1 second(s)

2021-11-19 12:04:16 - [MESSAGE][PASSED] - Delayed 1 second(s)

2021-11-19 12:04:16 - [TEST_STEP][PASSED] - click(findTestObject(orPath_Summary + "/button_Proceed to Payment")): Object: 'Object Repository/RAD_Pages/Summary_Page/button_Proceed to Payment' is clicked on

2021-11-19 12:04:17 - [MESSAGE][PASSED] - Object: 'Object Repository/RAD_Pages/Summary_Page/button_Proceed to Payment' is clicked on

2021-11-19 12:04:17 - [TEST_STEP][PASSED] - setText(findTestObject(orPath_PaymentEntry + "/input__cardNumber"), CCNumber): Text '5146312200000035' is set on object 'Object Repository/RAD_Pages/PaymentEntry_Page/input__cardNumber'

2021-11-19 12:04:18 - [MESSAGE][PASSED] - Text '5146312200000035' is set on object 'Object Repository/RAD_Pages/PaymentEntry_Page/input__cardNumber'

2021-11-19 12:04:18 - [TEST_STEP][PASSED] - setText(findTestObject(orPath_PaymentEntry + "/input__spc"), CVV): Text '123' is set on object 'Object Repository/RAD_Pages/PaymentEntry_Page/input__spc'

2021-11-19 12:04:19 - [MESSAGE][PASSED] - Text '123' is set on object 'Object Repository/RAD_Pages/PaymentEntry_Page/input__spc'

2021-11-19 12:04:19 - [TEST_STEP][PASSED] - selectOptionByLabel(findTestObject(orPath_PaymentEntry + "/select_MM"), "12", false): All options with label '12' are selected in object 'Object Repository/RAD_Pages/PaymentEntry_Page/select_MM' 

2021-11-19 12:04:20 - [MESSAGE][PASSED] - All options with label '12' are selected in object 'Object Repository/RAD_Pages/PaymentEntry_Page/select_MM' 

2021-11-19 12:04:20 - [TEST_STEP][PASSED] - selectOptionByLabel(findTestObject(orPath_PaymentEntry + "/select_YYYY"), "2023", false): All options with label '2023' are selected in object 'Object Repository/RAD_Pages/PaymentEntry_Page/select_YYYY' 

2021-11-19 12:04:20 - [MESSAGE][PASSED] - All options with label '2023' are selected in object 'Object Repository/RAD_Pages/PaymentEntry_Page/select_YYYY' 

2021-11-19 12:04:20 - [TEST_STEP][PASSED] - click(findTestObject(orPath_PaymentEntry + "/input_Field_ccSubmit")): Object: 'Object Repository/RAD_Pages/PaymentEntry_Page/input_Field_ccSubmit' is clicked on

2021-11-19 12:04:21 - [MESSAGE][PASSED] - Object: 'Object Repository/RAD_Pages/PaymentEntry_Page/input_Field_ccSubmit' is clicked on

2021-11-19 12:04:21 - [TEST_STEP][PASSED] - click(findTestObject(orPath_PaymentConfirmation + "/input_N_confirmNotifyAction")): Object: 'Object Repository/RAD_Pages/PaymentConfirmation_Page/input_N_confirmNotifyAction' is clicked on

2021-11-19 12:04:23 - [MESSAGE][PASSED] - Object: 'Object Repository/RAD_Pages/PaymentConfirmation_Page/input_N_confirmNotifyAction' is clicked on

2021-11-19 12:04:23 - [TEST_STEP][PASSED] - click(findTestObject(orPath_ServiceFeesAccept + "/input_convFeeNotifyAction")): Object: 'Object Repository/RAD_Pages/ServiceFeeAccept_Page/input_convFeeNotifyAction' is clicked on

2021-11-19 12:04:24 - [MESSAGE][PASSED] - Object: 'Object Repository/RAD_Pages/ServiceFeeAccept_Page/input_convFeeNotifyAction' is clicked on

2021-11-19 12:04:24 - [TEST_STEP][PASSED] - delay(10): Delayed 10 second(s)

2021-11-19 12:04:34 - [MESSAGE][PASSED] - Delayed 10 second(s)

2021-11-19 12:04:34 - [TEST_STEP][PASSED] - verifyTextPresent("Successful Payment Receipt", true): Text 'Successful Payment Receipt' is present on page  using regular expression

2021-11-19 12:04:35 - [MESSAGE][PASSED] - Text 'Successful Payment Receipt' is present on page  using regular expression

2021-11-19 12:04:35 - [TEST_STEP][PASSED] - if (verifyTextPresent("Successful Payment Receipt", true)): null

2021-11-19 12:04:35 - [MESSAGE][PASSED] - Text 'Successful Payment Receipt' is present on page  using regular expression

2021-11-19 12:04:35 - [TEST_STEP][PASSED] - println("Transaction was Successful"): null

2021-11-19 12:04:35 - [TEST_STEP][PASSED] - out.println("Pass Record Number: " + row): null

2021-11-19 12:04:35 - [TEST_STEP][PASSED] - resText = "Pass": null

2021-11-19 12:04:35 - [TEST_STEP][PASSED] - pages.WriteExcel.demoKey(resText, datText, resColumn, datCloumn, fileLoc, nameSheet, row): pages.WriteExcel.demoKey is PASSED

2021-11-19 12:04:35 - [MESSAGE][PASSED] - pages.WriteExcel.demoKey is PASSED

2021-11-19 12:04:35 - [TEST_STEP][PASSED] - ExecuteTC = findTestData(dataFile).getValue("Execute", row): null

2021-11-19 12:04:35 - [TEST_STEP][PASSED] - PaymentType = findTestData(dataFile).getValue("PaymentType", row): null

2021-11-19 12:04:35 - [TEST_STEP][PASSED] - FilingYear = findTestData(dataFile).getValue("FilingYear", row): null

2021-11-19 12:04:35 - [TEST_STEP][PASSED] - PeriodEnding = findTestData(dataFile).getValue("PeriodEnding", row): null

2021-11-19 12:04:35 - [TEST_STEP][PASSED] - FName = findTestData(dataFile).getValue("Fname", row): null

2021-11-19 12:04:35 - [TEST_STEP][PASSED] - LName = findTestData(dataFile).getValue("Lname", row): null

2021-11-19 12:04:35 - [TEST_STEP][PASSED] - SSN = findTestData(dataFile).getValue("SSN", row): null

2021-11-19 12:04:35 - [TEST_STEP][PASSED] - BusName = findTestData(dataFile).getValue("BusName", row): null

2021-11-19 12:04:35 - [TEST_STEP][PASSED] - AL1 = findTestData(dataFile).getValue("AL1", row): null

2021-11-19 12:04:35 - [TEST_STEP][PASSED] - City = findTestData(dataFile).getValue("City", row): null

2021-11-19 12:04:35 - [TEST_STEP][PASSED] - ZIP = findTestData(dataFile).getValue("ZIP", row): null

2021-11-19 12:04:35 - [TEST_STEP][PASSED] - FilingType = findTestData(dataFile).getValue("FilingType", row): null

2021-11-19 12:04:35 - [TEST_STEP][PASSED] - Withholding = findTestData(dataFile).getValue("Withholding", row): null

2021-11-19 12:04:35 - [TEST_STEP][PASSED] - Amount = findTestData(dataFile).getValue("Amount", row): null

2021-11-19 12:04:36 - [TEST_STEP][PASSED] - CCNumber = findTestData(dataFile).getValue("CCNumber", row): null

2021-11-19 12:04:36 - [TEST_STEP][PASSED] - CVV = findTestData(dataFile).getValue("CVV", row): null

2021-11-19 12:04:36 - [TEST_STEP][PASSED] - out.println("Value of Execute is : " + ExecuteTC): null

2021-11-19 12:04:36 - [TEST_STEP][PASSED] - if (ExecuteTC.equalsIgnoreCase("Y")): null

2021-11-19 12:04:36 - [TEST_STEP][PASSED] - out.println("Begin Record Number: " + row): null

2021-11-19 12:04:36 - [TEST_STEP][PASSED] - today = new java.util.Date(): null

2021-11-19 12:04:36 - [TEST_STEP][PASSED] - println(today): null

2021-11-19 12:04:36 - [TEST_STEP][PASSED] - datText = today: null

2021-11-19 12:04:36 - [TEST_STEP][PASSED] - Taxtype = findTestData(dataFile).getValue("TaxType", row): null

2021-11-19 12:04:36 - [TEST_STEP][PASSED] - out.println("Taxtype value is : " + Taxtype): null

2021-11-19 12:04:36 - [TEST_STEP][PASSED] - openBrowser(""): Browser is opened with url: ''

2021-11-19 12:04:36 - [MESSAGE][WARNING] - A browser is already opened. Closing browser and opening a new one

2021-11-19 12:04:36 - [MESSAGE][INFO] - Starting 'Chrome' driver

2021-11-19 12:04:36 - [MESSAGE][INFO] - User set preference: ['acceptInsecureCerts', 'true']

2021-11-19 12:04:36 - [MESSAGE][INFO] - Action delay is set to 0 milliseconds

2021-11-19 12:04:38 - [MESSAGE][PASSED] - Browser is opened with url: ''

2021-11-19 12:04:38 - [TEST_STEP][PASSED] - maximizeWindow(): Current window maximized

2021-11-19 12:04:38 - [MESSAGE][PASSED] - Current window maximized

2021-11-19 12:04:38 - [TEST_STEP][PASSED] - navigateToUrl(RADurl): Navigate to 'https://qa.velocitypayment.com/client/rad/index.html' successfully

2021-11-19 12:04:40 - [MESSAGE][PASSED] - Navigate to 'https://qa.velocitypayment.com/client/rad/index.html' successfully

2021-11-19 12:04:40 - [TEST_STEP][PASSED] - orPath_Landing = "Object Repository/RAD_Pages/Landing_Page": null

2021-11-19 12:04:40 - [TEST_STEP][PASSED] - orPath_TaxTypeFilingYear = "Object Repository/RAD_Pages/TaxTypeFilingYear_Page": null

2021-11-19 12:04:40 - [TEST_STEP][PASSED] - orPath_TaxPayer = "Object Repository/RAD_Pages/Taxpayer_Page": null

2021-11-19 12:04:40 - [TEST_STEP][PASSED] - orPath_AddressContact = "Object Repository/RAD_Pages/AddressAndContactInfo_Page": null

2021-11-19 12:04:40 - [TEST_STEP][PASSED] - orPath_FilingStatus = "Object Repository/RAD_Pages/FilingStatus_Page": null

2021-11-19 12:04:40 - [TEST_STEP][PASSED] - orPath_Amount = "Object Repository/RAD_Pages/PaymentAmount_Page": null

2021-11-19 12:04:40 - [TEST_STEP][PASSED] - orPath_TaxInfo = "Object Repository/RAD_Pages/TaxInfo_Page": null

2021-11-19 12:04:40 - [TEST_STEP][PASSED] - orPath_Withholding = "Object Repository/RAD_Pages/Withholding_Page": null

2021-11-19 12:04:40 - [TEST_STEP][PASSED] - orPath_Summary = "Object Repository/RAD_Pages/Summary_Page": null

2021-11-19 12:04:40 - [TEST_STEP][PASSED] - orPath_PaymentReady = "Object Repository/RAD_Pages/PaymentReady_Page": null

2021-11-19 12:04:40 - [TEST_STEP][PASSED] - orPath_PaymentEntry = "Object Repository/RAD_Pages/PaymentEntry_Page": null

2021-11-19 12:04:40 - [TEST_STEP][PASSED] - orPath_PaymentConfirmation = "Object Repository/RAD_Pages/PaymentConfirmation_Page": null

2021-11-19 12:04:40 - [TEST_STEP][PASSED] - orPath_ServiceFeesAccept = "Object Repository/RAD_Pages/ServiceFeeAccept_Page": null

2021-11-19 12:04:40 - [TEST_STEP][PASSED] - selectOptionByLabel(findTestObject(orPath_Landing + "/dd_TaxType"), Taxtype, false): All options with label 'Withholding Tax' are selected in object 'Object Repository/RAD_Pages/Landing_Page/dd_TaxType' 

2021-11-19 12:04:41 - [MESSAGE][PASSED] - All options with label 'Withholding Tax' are selected in object 'Object Repository/RAD_Pages/Landing_Page/dd_TaxType' 

2021-11-19 12:04:41 - [TEST_STEP][PASSED] - delay(3): Delayed 3 second(s)

2021-11-19 12:04:44 - [MESSAGE][PASSED] - Delayed 3 second(s)

2021-11-19 12:04:44 - [TEST_STEP][PASSED] - switch (Taxtype): null

2021-11-19 12:04:44 - [TEST_STEP][PASSED] - case "Withholding Tax":: null

2021-11-19 12:04:44 - [TEST_STEP][PASSED] - selectOptionByLabel(findTestObject(orPath_TaxTypeFilingYear + "/select_FilingYear"), FilingYear, false): All options with label '2021' are selected in object 'Object Repository/RAD_Pages/TaxTypeFilingYear_Page/select_FilingYear' 

2021-11-19 12:04:44 - [MESSAGE][PASSED] - All options with label '2021' are selected in object 'Object Repository/RAD_Pages/TaxTypeFilingYear_Page/select_FilingYear' 

2021-11-19 12:04:44 - [TEST_STEP][PASSED] - setText(findTestObject(orPath_TaxPayer + "/input_businessName"), BusName): Text 'Lux & Sons Corporation' is set on object 'Object Repository/RAD_Pages/Taxpayer_Page/input_businessName'

2021-11-19 12:04:45 - [MESSAGE][PASSED] - Text 'Lux & Sons Corporation' is set on object 'Object Repository/RAD_Pages/Taxpayer_Page/input_businessName'

2021-11-19 12:04:45 - [TEST_STEP][PASSED] - setEncryptedText(findTestObject(orPath_TaxInfo + "/input_FederalEIN"), "xLVb905G4/sGR8qgNWNzNQ=="): Text ****** has been set on object 'Object Repository/RAD_Pages/TaxInfo_Page/input_FederalEIN'

2021-11-19 12:05:17 - [MESSAGE][INFO] - Unable to find the element located by 'By.xpath: //*[@id = 'data' and @name = 'Data' and @type = 'password' and @placeholder = 'Federal EIN']'. Please recheck the objects properties to make sure the desired element is located. 

2021-11-19 12:05:17 - [MESSAGE][WARNING] - [SELF-HEALING] Failed to find element with id 'Object Repository/RAD_Pages/TaxInfo_Page/input_FederalEIN'. Try using Self-healing.

2021-11-19 12:05:17 - [MESSAGE][WARNING] - [SELF-HEALING] The current locator of test object 'Object Repository/RAD_Pages/TaxInfo_Page/input_FederalEIN' was broken. Propose an alternative one: '#data'.

2021-11-19 12:05:17 - [MESSAGE][PASSED] - Text ****** has been set on object 'Object Repository/RAD_Pages/TaxInfo_Page/input_FederalEIN'

2021-11-19 12:05:17 - [TEST_STEP][PASSED] - setEncryptedText(findTestObject(orPath_TaxInfo + "/input_FederalEIN_ReEnter"), "xLVb905G4/sGR8qgNWNzNQ=="): Text ****** has been set on object 'Object Repository/RAD_Pages/TaxInfo_Page/input_FederalEIN_ReEnter'

2021-11-19 12:05:48 - [MESSAGE][INFO] - Unable to find the element located by 'By.xpath: //*[@id = 'data' and @name = 'Data' and @type = 'password' and @placeholder = 'Re-Type Federal EIN']'. Please recheck the objects properties to make sure the desired element is located. 

2021-11-19 12:05:48 - [MESSAGE][WARNING] - [SELF-HEALING] Failed to find element with id 'Object Repository/RAD_Pages/TaxInfo_Page/input_FederalEIN_ReEnter'. Try using Self-healing.

2021-11-19 12:05:48 - [MESSAGE][WARNING] - [SELF-HEALING] The current locator of test object 'Object Repository/RAD_Pages/TaxInfo_Page/input_FederalEIN_ReEnter' was broken. Propose an alternative one: '//input[@id='data']'.

2021-11-19 12:05:48 - [MESSAGE][PASSED] - Text ****** has been set on object 'Object Repository/RAD_Pages/TaxInfo_Page/input_FederalEIN_ReEnter'

2021-11-19 12:05:48 - [TEST_STEP][PASSED] - setText(findTestObject(orPath_TaxInfo + "/input_MDCRegistration"), "07640126"): Text '07640126' is set on object 'Object Repository/RAD_Pages/TaxInfo_Page/input_MDCRegistration'

2021-11-19 12:05:49 - [MESSAGE][PASSED] - Text '07640126' is set on object 'Object Repository/RAD_Pages/TaxInfo_Page/input_MDCRegistration'

2021-11-19 12:05:49 - [TEST_STEP][PASSED] - if (Withholding.equalsIgnoreCase("Y")): null

2021-11-19 12:05:49 - [TEST_STEP][PASSED] - else: Text '10.50' is set on object 'Object Repository/RAD_Pages/Withholding_Page/input__WithholdingTaxReported'

2021-11-19 12:05:49 - [TEST_STEP][PASSED] - check(findTestObject(orPath_Withholding + "/input_acceleratedBasis_No")): Object 'Object Repository/RAD_Pages/Withholding_Page/input_acceleratedBasis_No' is checked

2021-11-19 12:05:49 - [MESSAGE][PASSED] - Object 'Object Repository/RAD_Pages/Withholding_Page/input_acceleratedBasis_No' is checked

2021-11-19 12:05:49 - [TEST_STEP][PASSED] - delay(3): Delayed 3 second(s)

2021-11-19 12:05:52 - [MESSAGE][PASSED] - Delayed 3 second(s)

2021-11-19 12:05:52 - [TEST_STEP][PASSED] - selectOptionByLabel(findTestObject(orPath_Withholding + "/select_Month"), "January", false): All options with label 'January' are selected in object 'Object Repository/RAD_Pages/Withholding_Page/select_Month' 

2021-11-19 12:05:53 - [MESSAGE][PASSED] - All options with label 'January' are selected in object 'Object Repository/RAD_Pages/Withholding_Page/select_Month' 

2021-11-19 12:05:53 - [TEST_STEP][PASSED] - setText(findTestObject(orPath_Withholding + "/input__WithholdingTaxReported"), "10.50"): Text '10.50' is set on object 'Object Repository/RAD_Pages/Withholding_Page/input__WithholdingTaxReported'

2021-11-19 12:05:54 - [MESSAGE][PASSED] - Text '10.50' is set on object 'Object Repository/RAD_Pages/Withholding_Page/input__WithholdingTaxReported'

2021-11-19 12:05:54 - [TEST_STEP][PASSED] - break: null

2021-11-19 12:05:54 - [TEST_STEP][PASSED] - setText(findTestObject(orPath_TaxPayer + "/input_firstName"), FName): Text 'Jimmie' is set on object 'Object Repository/RAD_Pages/Taxpayer_Page/input_firstName'

2021-11-19 12:05:55 - [MESSAGE][PASSED] - Text 'Jimmie' is set on object 'Object Repository/RAD_Pages/Taxpayer_Page/input_firstName'

2021-11-19 12:05:55 - [TEST_STEP][PASSED] - setText(findTestObject(orPath_TaxPayer + "/input_lastName"), LName): Text 'Anderson' is set on object 'Object Repository/RAD_Pages/Taxpayer_Page/input_lastName'

2021-11-19 12:05:55 - [MESSAGE][PASSED] - Text 'Anderson' is set on object 'Object Repository/RAD_Pages/Taxpayer_Page/input_lastName'

2021-11-19 12:05:55 - [TEST_STEP][PASSED] - selectOptionByLabel(findTestObject(orPath_AddressContact + "/select_Country"), "United States", false): All options with label 'United States' are selected in object 'Object Repository/RAD_Pages/AddressAndContactInfo_Page/select_Country' 

2021-11-19 12:05:56 - [MESSAGE][PASSED] - All options with label 'United States' are selected in object 'Object Repository/RAD_Pages/AddressAndContactInfo_Page/select_Country' 

2021-11-19 12:05:56 - [TEST_STEP][PASSED] - setText(findTestObject(orPath_AddressContact + "/input_streetAddress1"), AL1): Text '15 Main Street' is set on object 'Object Repository/RAD_Pages/AddressAndContactInfo_Page/input_streetAddress1'

2021-11-19 12:05:57 - [MESSAGE][PASSED] - Text '15 Main Street' is set on object 'Object Repository/RAD_Pages/AddressAndContactInfo_Page/input_streetAddress1'

2021-11-19 12:05:57 - [TEST_STEP][PASSED] - setText(findTestObject(orPath_AddressContact + "/input_streetAddress2"), ""): Text '' is set on object 'Object Repository/RAD_Pages/AddressAndContactInfo_Page/input_streetAddress2'

2021-11-19 12:05:57 - [MESSAGE][PASSED] - Text '' is set on object 'Object Repository/RAD_Pages/AddressAndContactInfo_Page/input_streetAddress2'

2021-11-19 12:05:57 - [TEST_STEP][PASSED] - setText(findTestObject(orPath_AddressContact + "/input_city"), City): Text 'Gambrills' is set on object 'Object Repository/RAD_Pages/AddressAndContactInfo_Page/input_city'

2021-11-19 12:05:58 - [MESSAGE][PASSED] - Text 'Gambrills' is set on object 'Object Repository/RAD_Pages/AddressAndContactInfo_Page/input_city'

2021-11-19 12:05:58 - [TEST_STEP][PASSED] - selectOptionByLabel(findTestObject(orPath_AddressContact + "/select_State"), "Maryland", false): All options with label 'Maryland' are selected in object 'Object Repository/RAD_Pages/AddressAndContactInfo_Page/select_State' 

2021-11-19 12:05:59 - [MESSAGE][PASSED] - All options with label 'Maryland' are selected in object 'Object Repository/RAD_Pages/AddressAndContactInfo_Page/select_State' 

2021-11-19 12:05:59 - [TEST_STEP][PASSED] - setText(findTestObject(orPath_AddressContact + "/input_zipCode"), ZIP): Text '21054' is set on object 'Object Repository/RAD_Pages/AddressAndContactInfo_Page/input_zipCode'

2021-11-19 12:05:59 - [MESSAGE][PASSED] - Text '21054' is set on object 'Object Repository/RAD_Pages/AddressAndContactInfo_Page/input_zipCode'

2021-11-19 12:05:59 - [TEST_STEP][PASSED] - setText(findTestObject(orPath_AddressContact + "/input_phoneNumber"), "(703) 894-5000"): Text '(703) 894-5000' is set on object 'Object Repository/RAD_Pages/AddressAndContactInfo_Page/input_phoneNumber'

2021-11-19 12:06:00 - [MESSAGE][PASSED] - Text '(703) 894-5000' is set on object 'Object Repository/RAD_Pages/AddressAndContactInfo_Page/input_phoneNumber'

2021-11-19 12:06:00 - [TEST_STEP][PASSED] - setText(findTestObject(orPath_AddressContact + "/input_eMailAddress"), "iahmed@govolution.com"): Text 'iahmed@govolution.com' is set on object 'Object Repository/RAD_Pages/AddressAndContactInfo_Page/input_eMailAddress'

2021-11-19 12:06:01 - [MESSAGE][PASSED] - Text 'iahmed@govolution.com' is set on object 'Object Repository/RAD_Pages/AddressAndContactInfo_Page/input_eMailAddress'

2021-11-19 12:06:01 - [TEST_STEP][PASSED] - setText(findTestObject(orPath_AddressContact + "/input_reEnterEMailAddress"), "iahmed@govolution.com"): Text 'iahmed@govolution.com' is set on object 'Object Repository/RAD_Pages/AddressAndContactInfo_Page/input_reEnterEMailAddress'

2021-11-19 12:06:02 - [MESSAGE][PASSED] - Text 'iahmed@govolution.com' is set on object 'Object Repository/RAD_Pages/AddressAndContactInfo_Page/input_reEnterEMailAddress'

2021-11-19 12:06:02 - [TEST_STEP][PASSED] - setText(findTestObject(orPath_Amount + "/input__paymentAmount"), Amount): Text '100.00' is set on object 'Object Repository/RAD_Pages/PaymentAmount_Page/input__paymentAmount'

2021-11-19 12:06:02 - [MESSAGE][PASSED] - Text '100.00' is set on object 'Object Repository/RAD_Pages/PaymentAmount_Page/input__paymentAmount'

2021-11-19 12:06:02 - [TEST_STEP][PASSED] - scrollToElement(findTestObject(orPath_Landing + "/button_Continue"), 3): Scroll to object 'Object Repository/RAD_Pages/Landing_Page/button_Continue' successfully

2021-11-19 12:06:03 - [MESSAGE][PASSED] - Scroll to object 'Object Repository/RAD_Pages/Landing_Page/button_Continue' successfully

2021-11-19 12:06:03 - [TEST_STEP][PASSED] - waitForElementClickable(findTestObject(orPath_Landing + "/button_Continue"), 5): Object 'Object Repository/RAD_Pages/Landing_Page/button_Continue' is clickable

2021-11-19 12:06:03 - [MESSAGE][PASSED] - Object 'Object Repository/RAD_Pages/Landing_Page/button_Continue' is clickable

2021-11-19 12:06:03 - [TEST_STEP][PASSED] - click(findTestObject(orPath_Landing + "/button_Continue")): Object: 'Object Repository/RAD_Pages/Landing_Page/button_Continue' is clicked on

2021-11-19 12:06:04 - [MESSAGE][PASSED] - Object: 'Object Repository/RAD_Pages/Landing_Page/button_Continue' is clicked on

2021-11-19 12:06:04 - [TEST_STEP][PASSED] - verifyTextPresent("Review the information below and make any necessary corrections by clicking the", true): Text 'Review the information below and make any necessary corrections by clicking the' is present on page  using regular expression

2021-11-19 12:06:04 - [MESSAGE][PASSED] - Text 'Review the information below and make any necessary corrections by clicking the' is present on page  using regular expression

2021-11-19 12:06:04 - [TEST_STEP][PASSED] - verifyTextPresent("When you are confident that all the information is correct", true): Text 'When you are confident that all the information is correct' is present on page  using regular expression

2021-11-19 12:06:05 - [MESSAGE][PASSED] - Text 'When you are confident that all the information is correct' is present on page  using regular expression

2021-11-19 12:06:05 - [TEST_STEP][PASSED] - delay(1): Delayed 1 second(s)

2021-11-19 12:06:06 - [MESSAGE][PASSED] - Delayed 1 second(s)

2021-11-19 12:06:06 - [TEST_STEP][PASSED] - click(findTestObject(orPath_Summary + "/button_Proceed to Payment")): Object: 'Object Repository/RAD_Pages/Summary_Page/button_Proceed to Payment' is clicked on

2021-11-19 12:06:09 - [MESSAGE][PASSED] - Object: 'Object Repository/RAD_Pages/Summary_Page/button_Proceed to Payment' is clicked on

2021-11-19 12:06:09 - [TEST_STEP][PASSED] - setText(findTestObject(orPath_PaymentEntry + "/input__cardNumber"), CCNumber): Text '6011000993026909' is set on object 'Object Repository/RAD_Pages/PaymentEntry_Page/input__cardNumber'

2021-11-19 12:06:10 - [MESSAGE][PASSED] - Text '6011000993026909' is set on object 'Object Repository/RAD_Pages/PaymentEntry_Page/input__cardNumber'

2021-11-19 12:06:10 - [TEST_STEP][PASSED] - setText(findTestObject(orPath_PaymentEntry + "/input__spc"), CVV): Text '123' is set on object 'Object Repository/RAD_Pages/PaymentEntry_Page/input__spc'

2021-11-19 12:06:11 - [MESSAGE][PASSED] - Text '123' is set on object 'Object Repository/RAD_Pages/PaymentEntry_Page/input__spc'

2021-11-19 12:06:11 - [TEST_STEP][PASSED] - selectOptionByLabel(findTestObject(orPath_PaymentEntry + "/select_MM"), "12", false): All options with label '12' are selected in object 'Object Repository/RAD_Pages/PaymentEntry_Page/select_MM' 

2021-11-19 12:06:11 - [MESSAGE][PASSED] - All options with label '12' are selected in object 'Object Repository/RAD_Pages/PaymentEntry_Page/select_MM' 

2021-11-19 12:06:11 - [TEST_STEP][PASSED] - selectOptionByLabel(findTestObject(orPath_PaymentEntry + "/select_YYYY"), "2023", false): All options with label '2023' are selected in object 'Object Repository/RAD_Pages/PaymentEntry_Page/select_YYYY' 

2021-11-19 12:06:12 - [MESSAGE][PASSED] - All options with label '2023' are selected in object 'Object Repository/RAD_Pages/PaymentEntry_Page/select_YYYY' 

2021-11-19 12:06:12 - [TEST_STEP][PASSED] - click(findTestObject(orPath_PaymentEntry + "/input_Field_ccSubmit")): Object: 'Object Repository/RAD_Pages/PaymentEntry_Page/input_Field_ccSubmit' is clicked on

2021-11-19 12:06:13 - [MESSAGE][PASSED] - Object: 'Object Repository/RAD_Pages/PaymentEntry_Page/input_Field_ccSubmit' is clicked on

2021-11-19 12:06:13 - [TEST_STEP][PASSED] - click(findTestObject(orPath_PaymentConfirmation + "/input_N_confirmNotifyAction")): Object: 'Object Repository/RAD_Pages/PaymentConfirmation_Page/input_N_confirmNotifyAction' is clicked on

2021-11-19 12:06:14 - [MESSAGE][PASSED] - Object: 'Object Repository/RAD_Pages/PaymentConfirmation_Page/input_N_confirmNotifyAction' is clicked on

2021-11-19 12:06:14 - [TEST_STEP][PASSED] - click(findTestObject(orPath_ServiceFeesAccept + "/input_convFeeNotifyAction")): Object: 'Object Repository/RAD_Pages/ServiceFeeAccept_Page/input_convFeeNotifyAction' is clicked on

2021-11-19 12:06:16 - [MESSAGE][PASSED] - Object: 'Object Repository/RAD_Pages/ServiceFeeAccept_Page/input_convFeeNotifyAction' is clicked on

2021-11-19 12:06:16 - [TEST_STEP][PASSED] - delay(10): Delayed 10 second(s)

2021-11-19 12:06:26 - [MESSAGE][PASSED] - Delayed 10 second(s)

2021-11-19 12:06:26 - [TEST_STEP][PASSED] - verifyTextPresent("Successful Payment Receipt", true): Text 'Successful Payment Receipt' is present on page  using regular expression

2021-11-19 12:06:26 - [MESSAGE][PASSED] - Text 'Successful Payment Receipt' is present on page  using regular expression

2021-11-19 12:06:26 - [TEST_STEP][PASSED] - if (verifyTextPresent("Successful Payment Receipt", true)): null

2021-11-19 12:06:27 - [MESSAGE][PASSED] - Text 'Successful Payment Receipt' is present on page  using regular expression

2021-11-19 12:06:27 - [TEST_STEP][PASSED] - println("Transaction was Successful"): null

2021-11-19 12:06:27 - [TEST_STEP][PASSED] - out.println("Pass Record Number: " + row): null

2021-11-19 12:06:27 - [TEST_STEP][PASSED] - resText = "Pass": null

2021-11-19 12:06:27 - [TEST_STEP][PASSED] - pages.WriteExcel.demoKey(resText, datText, resColumn, datCloumn, fileLoc, nameSheet, row): pages.WriteExcel.demoKey is PASSED

2021-11-19 12:06:27 - [MESSAGE][PASSED] - pages.WriteExcel.demoKey is PASSED

2021-11-19 12:06:27 - [TEST_STEP][PASSED] - ExecuteTC = findTestData(dataFile).getValue("Execute", row): null

2021-11-19 12:06:27 - [TEST_STEP][PASSED] - PaymentType = findTestData(dataFile).getValue("PaymentType", row): null

2021-11-19 12:06:27 - [TEST_STEP][PASSED] - FilingYear = findTestData(dataFile).getValue("FilingYear", row): null

2021-11-19 12:06:27 - [TEST_STEP][PASSED] - PeriodEnding = findTestData(dataFile).getValue("PeriodEnding", row): null

2021-11-19 12:06:27 - [TEST_STEP][PASSED] - FName = findTestData(dataFile).getValue("Fname", row): null

2021-11-19 12:06:27 - [TEST_STEP][PASSED] - LName = findTestData(dataFile).getValue("Lname", row): null

2021-11-19 12:06:27 - [TEST_STEP][PASSED] - SSN = findTestData(dataFile).getValue("SSN", row): null

2021-11-19 12:06:27 - [TEST_STEP][PASSED] - BusName = findTestData(dataFile).getValue("BusName", row): null

2021-11-19 12:06:27 - [TEST_STEP][PASSED] - AL1 = findTestData(dataFile).getValue("AL1", row): null

2021-11-19 12:06:27 - [TEST_STEP][PASSED] - City = findTestData(dataFile).getValue("City", row): null

2021-11-19 12:06:27 - [TEST_STEP][PASSED] - ZIP = findTestData(dataFile).getValue("ZIP", row): null

2021-11-19 12:06:27 - [TEST_STEP][PASSED] - FilingType = findTestData(dataFile).getValue("FilingType", row): null

2021-11-19 12:06:27 - [TEST_STEP][PASSED] - Withholding = findTestData(dataFile).getValue("Withholding", row): null

2021-11-19 12:06:27 - [TEST_STEP][PASSED] - Amount = findTestData(dataFile).getValue("Amount", row): null

2021-11-19 12:06:27 - [TEST_STEP][PASSED] - CCNumber = findTestData(dataFile).getValue("CCNumber", row): null

2021-11-19 12:06:27 - [TEST_STEP][PASSED] - CVV = findTestData(dataFile).getValue("CVV", row): null

2021-11-19 12:06:27 - [TEST_STEP][PASSED] - out.println("Value of Execute is : " + ExecuteTC): null

2021-11-19 12:06:27 - [TEST_STEP][PASSED] - if (ExecuteTC.equalsIgnoreCase("Y")): null

2021-11-19 12:06:27 - [TEST_STEP][PASSED] - out.println("Begin Record Number: " + row): null

2021-11-19 12:06:27 - [TEST_STEP][PASSED] - today = new java.util.Date(): null

2021-11-19 12:06:27 - [TEST_STEP][PASSED] - println(today): null

2021-11-19 12:06:27 - [TEST_STEP][PASSED] - datText = today: null

2021-11-19 12:06:27 - [TEST_STEP][PASSED] - Taxtype = findTestData(dataFile).getValue("TaxType", row): null

2021-11-19 12:06:27 - [TEST_STEP][PASSED] - out.println("Taxtype value is : " + Taxtype): null

2021-11-19 12:06:27 - [TEST_STEP][PASSED] - openBrowser(""): Browser is opened with url: ''

2021-11-19 12:06:27 - [MESSAGE][WARNING] - A browser is already opened. Closing browser and opening a new one

2021-11-19 12:06:28 - [MESSAGE][INFO] - Starting 'Chrome' driver

2021-11-19 12:06:28 - [MESSAGE][INFO] - User set preference: ['acceptInsecureCerts', 'true']

2021-11-19 12:06:28 - [MESSAGE][INFO] - Action delay is set to 0 milliseconds

2021-11-19 12:06:30 - [MESSAGE][PASSED] - Browser is opened with url: ''

2021-11-19 12:06:30 - [TEST_STEP][PASSED] - maximizeWindow(): Current window maximized

2021-11-19 12:06:30 - [MESSAGE][PASSED] - Current window maximized

2021-11-19 12:06:30 - [TEST_STEP][PASSED] - navigateToUrl(RADurl): Navigate to 'https://qa.velocitypayment.com/client/rad/index.html' successfully

2021-11-19 12:06:32 - [MESSAGE][PASSED] - Navigate to 'https://qa.velocitypayment.com/client/rad/index.html' successfully

2021-11-19 12:06:32 - [TEST_STEP][PASSED] - orPath_Landing = "Object Repository/RAD_Pages/Landing_Page": null

2021-11-19 12:06:32 - [TEST_STEP][PASSED] - orPath_TaxTypeFilingYear = "Object Repository/RAD_Pages/TaxTypeFilingYear_Page": null

2021-11-19 12:06:32 - [TEST_STEP][PASSED] - orPath_TaxPayer = "Object Repository/RAD_Pages/Taxpayer_Page": null

2021-11-19 12:06:32 - [TEST_STEP][PASSED] - orPath_AddressContact = "Object Repository/RAD_Pages/AddressAndContactInfo_Page": null

2021-11-19 12:06:32 - [TEST_STEP][PASSED] - orPath_FilingStatus = "Object Repository/RAD_Pages/FilingStatus_Page": null

2021-11-19 12:06:32 - [TEST_STEP][PASSED] - orPath_Amount = "Object Repository/RAD_Pages/PaymentAmount_Page": null

2021-11-19 12:06:32 - [TEST_STEP][PASSED] - orPath_TaxInfo = "Object Repository/RAD_Pages/TaxInfo_Page": null

2021-11-19 12:06:32 - [TEST_STEP][PASSED] - orPath_Withholding = "Object Repository/RAD_Pages/Withholding_Page": null

2021-11-19 12:06:32 - [TEST_STEP][PASSED] - orPath_Summary = "Object Repository/RAD_Pages/Summary_Page": null

2021-11-19 12:06:32 - [TEST_STEP][PASSED] - orPath_PaymentReady = "Object Repository/RAD_Pages/PaymentReady_Page": null

2021-11-19 12:06:32 - [TEST_STEP][PASSED] - orPath_PaymentEntry = "Object Repository/RAD_Pages/PaymentEntry_Page": null

2021-11-19 12:06:32 - [TEST_STEP][PASSED] - orPath_PaymentConfirmation = "Object Repository/RAD_Pages/PaymentConfirmation_Page": null

2021-11-19 12:06:32 - [TEST_STEP][PASSED] - orPath_ServiceFeesAccept = "Object Repository/RAD_Pages/ServiceFeeAccept_Page": null

2021-11-19 12:06:32 - [TEST_STEP][PASSED] - selectOptionByLabel(findTestObject(orPath_Landing + "/dd_TaxType"), Taxtype, false): All options with label 'Withholding Tax' are selected in object 'Object Repository/RAD_Pages/Landing_Page/dd_TaxType' 

2021-11-19 12:06:33 - [MESSAGE][PASSED] - All options with label 'Withholding Tax' are selected in object 'Object Repository/RAD_Pages/Landing_Page/dd_TaxType' 

2021-11-19 12:06:33 - [TEST_STEP][PASSED] - delay(3): Delayed 3 second(s)

2021-11-19 12:06:36 - [MESSAGE][PASSED] - Delayed 3 second(s)

2021-11-19 12:06:36 - [TEST_STEP][PASSED] - switch (Taxtype): null

2021-11-19 12:06:36 - [TEST_STEP][PASSED] - case "Withholding Tax":: null

2021-11-19 12:06:36 - [TEST_STEP][PASSED] - selectOptionByLabel(findTestObject(orPath_TaxTypeFilingYear + "/select_FilingYear"), FilingYear, false): All options with label '2020' are selected in object 'Object Repository/RAD_Pages/TaxTypeFilingYear_Page/select_FilingYear' 

2021-11-19 12:06:36 - [MESSAGE][PASSED] - All options with label '2020' are selected in object 'Object Repository/RAD_Pages/TaxTypeFilingYear_Page/select_FilingYear' 

2021-11-19 12:06:36 - [TEST_STEP][PASSED] - setText(findTestObject(orPath_TaxPayer + "/input_businessName"), BusName): Text 'O'Briens Garage' is set on object 'Object Repository/RAD_Pages/Taxpayer_Page/input_businessName'

2021-11-19 12:06:37 - [MESSAGE][PASSED] - Text 'O'Briens Garage' is set on object 'Object Repository/RAD_Pages/Taxpayer_Page/input_businessName'

2021-11-19 12:06:37 - [TEST_STEP][PASSED] - setEncryptedText(findTestObject(orPath_TaxInfo + "/input_FederalEIN"), "xLVb905G4/sGR8qgNWNzNQ=="): Text ****** has been set on object 'Object Repository/RAD_Pages/TaxInfo_Page/input_FederalEIN'

2021-11-19 12:07:08 - [MESSAGE][INFO] - Unable to find the element located by 'By.xpath: //*[@id = 'data' and @name = 'Data' and @type = 'password' and @placeholder = 'Federal EIN']'. Please recheck the objects properties to make sure the desired element is located. 

2021-11-19 12:07:08 - [MESSAGE][WARNING] - [SELF-HEALING] Failed to find element with id 'Object Repository/RAD_Pages/TaxInfo_Page/input_FederalEIN'. Try using Self-healing.

2021-11-19 12:07:08 - [MESSAGE][WARNING] - [SELF-HEALING] The current locator of test object 'Object Repository/RAD_Pages/TaxInfo_Page/input_FederalEIN' was broken. Propose an alternative one: '#data'.

2021-11-19 12:07:08 - [MESSAGE][PASSED] - Text ****** has been set on object 'Object Repository/RAD_Pages/TaxInfo_Page/input_FederalEIN'

2021-11-19 12:07:08 - [TEST_STEP][PASSED] - setEncryptedText(findTestObject(orPath_TaxInfo + "/input_FederalEIN_ReEnter"), "xLVb905G4/sGR8qgNWNzNQ=="): Text ****** has been set on object 'Object Repository/RAD_Pages/TaxInfo_Page/input_FederalEIN_ReEnter'

2021-11-19 12:07:40 - [MESSAGE][INFO] - Unable to find the element located by 'By.xpath: //*[@id = 'data' and @name = 'Data' and @type = 'password' and @placeholder = 'Re-Type Federal EIN']'. Please recheck the objects properties to make sure the desired element is located. 

2021-11-19 12:07:40 - [MESSAGE][WARNING] - [SELF-HEALING] Failed to find element with id 'Object Repository/RAD_Pages/TaxInfo_Page/input_FederalEIN_ReEnter'. Try using Self-healing.

2021-11-19 12:07:40 - [MESSAGE][WARNING] - [SELF-HEALING] The current locator of test object 'Object Repository/RAD_Pages/TaxInfo_Page/input_FederalEIN_ReEnter' was broken. Propose an alternative one: '//input[@id='data']'.

2021-11-19 12:07:40 - [MESSAGE][PASSED] - Text ****** has been set on object 'Object Repository/RAD_Pages/TaxInfo_Page/input_FederalEIN_ReEnter'

2021-11-19 12:07:40 - [TEST_STEP][PASSED] - setText(findTestObject(orPath_TaxInfo + "/input_MDCRegistration"), "07640126"): Text '07640126' is set on object 'Object Repository/RAD_Pages/TaxInfo_Page/input_MDCRegistration'

2021-11-19 12:07:41 - [MESSAGE][PASSED] - Text '07640126' is set on object 'Object Repository/RAD_Pages/TaxInfo_Page/input_MDCRegistration'

2021-11-19 12:07:41 - [TEST_STEP][PASSED] - if (Withholding.equalsIgnoreCase("Y")): null

2021-11-19 12:07:41 - [TEST_STEP][PASSED] - else: Text '10.50' is set on object 'Object Repository/RAD_Pages/Withholding_Page/input__WithholdingTaxReported'

2021-11-19 12:07:41 - [TEST_STEP][PASSED] - check(findTestObject(orPath_Withholding + "/input_acceleratedBasis_No")): Object 'Object Repository/RAD_Pages/Withholding_Page/input_acceleratedBasis_No' is checked

2021-11-19 12:07:41 - [MESSAGE][PASSED] - Object 'Object Repository/RAD_Pages/Withholding_Page/input_acceleratedBasis_No' is checked

2021-11-19 12:07:41 - [TEST_STEP][PASSED] - delay(3): Delayed 3 second(s)

2021-11-19 12:07:44 - [MESSAGE][PASSED] - Delayed 3 second(s)

2021-11-19 12:07:44 - [TEST_STEP][PASSED] - selectOptionByLabel(findTestObject(orPath_Withholding + "/select_Month"), "January", false): All options with label 'January' are selected in object 'Object Repository/RAD_Pages/Withholding_Page/select_Month' 

2021-11-19 12:07:45 - [MESSAGE][PASSED] - All options with label 'January' are selected in object 'Object Repository/RAD_Pages/Withholding_Page/select_Month' 

2021-11-19 12:07:45 - [TEST_STEP][PASSED] - setText(findTestObject(orPath_Withholding + "/input__WithholdingTaxReported"), "10.50"): Text '10.50' is set on object 'Object Repository/RAD_Pages/Withholding_Page/input__WithholdingTaxReported'

2021-11-19 12:07:46 - [MESSAGE][PASSED] - Text '10.50' is set on object 'Object Repository/RAD_Pages/Withholding_Page/input__WithholdingTaxReported'

2021-11-19 12:07:46 - [TEST_STEP][PASSED] - break: null

2021-11-19 12:07:46 - [TEST_STEP][PASSED] - setText(findTestObject(orPath_TaxPayer + "/input_firstName"), FName): Text 'O'Briens' is set on object 'Object Repository/RAD_Pages/Taxpayer_Page/input_firstName'

2021-11-19 12:07:46 - [MESSAGE][PASSED] - Text 'O'Briens' is set on object 'Object Repository/RAD_Pages/Taxpayer_Page/input_firstName'

2021-11-19 12:07:46 - [TEST_STEP][PASSED] - setText(findTestObject(orPath_TaxPayer + "/input_lastName"), LName): Text 'Cook' is set on object 'Object Repository/RAD_Pages/Taxpayer_Page/input_lastName'

2021-11-19 12:07:47 - [MESSAGE][PASSED] - Text 'Cook' is set on object 'Object Repository/RAD_Pages/Taxpayer_Page/input_lastName'

2021-11-19 12:07:47 - [TEST_STEP][PASSED] - selectOptionByLabel(findTestObject(orPath_AddressContact + "/select_Country"), "United States", false): All options with label 'United States' are selected in object 'Object Repository/RAD_Pages/AddressAndContactInfo_Page/select_Country' 

2021-11-19 12:07:48 - [MESSAGE][PASSED] - All options with label 'United States' are selected in object 'Object Repository/RAD_Pages/AddressAndContactInfo_Page/select_Country' 

2021-11-19 12:07:48 - [TEST_STEP][PASSED] - setText(findTestObject(orPath_AddressContact + "/input_streetAddress1"), AL1): Text '3652 Mandan road' is set on object 'Object Repository/RAD_Pages/AddressAndContactInfo_Page/input_streetAddress1'

2021-11-19 12:07:48 - [MESSAGE][PASSED] - Text '3652 Mandan road' is set on object 'Object Repository/RAD_Pages/AddressAndContactInfo_Page/input_streetAddress1'

2021-11-19 12:07:48 - [TEST_STEP][PASSED] - setText(findTestObject(orPath_AddressContact + "/input_streetAddress2"), ""): Text '' is set on object 'Object Repository/RAD_Pages/AddressAndContactInfo_Page/input_streetAddress2'

2021-11-19 12:07:49 - [MESSAGE][PASSED] - Text '' is set on object 'Object Repository/RAD_Pages/AddressAndContactInfo_Page/input_streetAddress2'

2021-11-19 12:07:49 - [TEST_STEP][PASSED] - setText(findTestObject(orPath_AddressContact + "/input_city"), City): Text 'Crofton' is set on object 'Object Repository/RAD_Pages/AddressAndContactInfo_Page/input_city'

2021-11-19 12:07:50 - [MESSAGE][PASSED] - Text 'Crofton' is set on object 'Object Repository/RAD_Pages/AddressAndContactInfo_Page/input_city'

2021-11-19 12:07:50 - [TEST_STEP][PASSED] - selectOptionByLabel(findTestObject(orPath_AddressContact + "/select_State"), "Maryland", false): All options with label 'Maryland' are selected in object 'Object Repository/RAD_Pages/AddressAndContactInfo_Page/select_State' 

2021-11-19 12:07:51 - [MESSAGE][PASSED] - All options with label 'Maryland' are selected in object 'Object Repository/RAD_Pages/AddressAndContactInfo_Page/select_State' 

2021-11-19 12:07:51 - [TEST_STEP][PASSED] - setText(findTestObject(orPath_AddressContact + "/input_zipCode"), ZIP): Text '21114' is set on object 'Object Repository/RAD_Pages/AddressAndContactInfo_Page/input_zipCode'

2021-11-19 12:07:51 - [MESSAGE][PASSED] - Text '21114' is set on object 'Object Repository/RAD_Pages/AddressAndContactInfo_Page/input_zipCode'

2021-11-19 12:07:51 - [TEST_STEP][PASSED] - setText(findTestObject(orPath_AddressContact + "/input_phoneNumber"), "(703) 894-5000"): Text '(703) 894-5000' is set on object 'Object Repository/RAD_Pages/AddressAndContactInfo_Page/input_phoneNumber'

2021-11-19 12:07:52 - [MESSAGE][PASSED] - Text '(703) 894-5000' is set on object 'Object Repository/RAD_Pages/AddressAndContactInfo_Page/input_phoneNumber'

2021-11-19 12:07:52 - [TEST_STEP][PASSED] - setText(findTestObject(orPath_AddressContact + "/input_eMailAddress"), "iahmed@govolution.com"): Text 'iahmed@govolution.com' is set on object 'Object Repository/RAD_Pages/AddressAndContactInfo_Page/input_eMailAddress'

2021-11-19 12:07:53 - [MESSAGE][PASSED] - Text 'iahmed@govolution.com' is set on object 'Object Repository/RAD_Pages/AddressAndContactInfo_Page/input_eMailAddress'

2021-11-19 12:07:53 - [TEST_STEP][PASSED] - setText(findTestObject(orPath_AddressContact + "/input_reEnterEMailAddress"), "iahmed@govolution.com"): Text 'iahmed@govolution.com' is set on object 'Object Repository/RAD_Pages/AddressAndContactInfo_Page/input_reEnterEMailAddress'

2021-11-19 12:07:54 - [MESSAGE][PASSED] - Text 'iahmed@govolution.com' is set on object 'Object Repository/RAD_Pages/AddressAndContactInfo_Page/input_reEnterEMailAddress'

2021-11-19 12:07:54 - [TEST_STEP][PASSED] - setText(findTestObject(orPath_Amount + "/input__paymentAmount"), Amount): Text '100.00' is set on object 'Object Repository/RAD_Pages/PaymentAmount_Page/input__paymentAmount'

2021-11-19 12:07:54 - [MESSAGE][PASSED] - Text '100.00' is set on object 'Object Repository/RAD_Pages/PaymentAmount_Page/input__paymentAmount'

2021-11-19 12:07:54 - [TEST_STEP][PASSED] - scrollToElement(findTestObject(orPath_Landing + "/button_Continue"), 3): Scroll to object 'Object Repository/RAD_Pages/Landing_Page/button_Continue' successfully

2021-11-19 12:07:55 - [MESSAGE][PASSED] - Scroll to object 'Object Repository/RAD_Pages/Landing_Page/button_Continue' successfully

2021-11-19 12:07:55 - [TEST_STEP][PASSED] - waitForElementClickable(findTestObject(orPath_Landing + "/button_Continue"), 5): Object 'Object Repository/RAD_Pages/Landing_Page/button_Continue' is clickable

2021-11-19 12:07:55 - [MESSAGE][PASSED] - Object 'Object Repository/RAD_Pages/Landing_Page/button_Continue' is clickable

2021-11-19 12:07:55 - [TEST_STEP][PASSED] - click(findTestObject(orPath_Landing + "/button_Continue")): Object: 'Object Repository/RAD_Pages/Landing_Page/button_Continue' is clicked on

2021-11-19 12:07:55 - [MESSAGE][PASSED] - Object: 'Object Repository/RAD_Pages/Landing_Page/button_Continue' is clicked on

2021-11-19 12:07:55 - [TEST_STEP][PASSED] - verifyTextPresent("Review the information below and make any necessary corrections by clicking the", true): Text 'Review the information below and make any necessary corrections by clicking the' is present on page  using regular expression

2021-11-19 12:07:56 - [MESSAGE][PASSED] - Text 'Review the information below and make any necessary corrections by clicking the' is present on page  using regular expression

2021-11-19 12:07:56 - [TEST_STEP][PASSED] - verifyTextPresent("When you are confident that all the information is correct", true): Text 'When you are confident that all the information is correct' is present on page  using regular expression

2021-11-19 12:07:56 - [MESSAGE][PASSED] - Text 'When you are confident that all the information is correct' is present on page  using regular expression

2021-11-19 12:07:56 - [TEST_STEP][PASSED] - delay(1): Delayed 1 second(s)

2021-11-19 12:07:57 - [MESSAGE][PASSED] - Delayed 1 second(s)

2021-11-19 12:07:57 - [TEST_STEP][PASSED] - click(findTestObject(orPath_Summary + "/button_Proceed to Payment")): Object: 'Object Repository/RAD_Pages/Summary_Page/button_Proceed to Payment' is clicked on

2021-11-19 12:07:59 - [MESSAGE][PASSED] - Object: 'Object Repository/RAD_Pages/Summary_Page/button_Proceed to Payment' is clicked on

2021-11-19 12:07:59 - [TEST_STEP][PASSED] - setText(findTestObject(orPath_PaymentEntry + "/input__cardNumber"), CCNumber): Text '4012000098765439' is set on object 'Object Repository/RAD_Pages/PaymentEntry_Page/input__cardNumber'

2021-11-19 12:08:00 - [MESSAGE][PASSED] - Text '4012000098765439' is set on object 'Object Repository/RAD_Pages/PaymentEntry_Page/input__cardNumber'

2021-11-19 12:08:00 - [TEST_STEP][PASSED] - setText(findTestObject(orPath_PaymentEntry + "/input__spc"), CVV): Text '123' is set on object 'Object Repository/RAD_Pages/PaymentEntry_Page/input__spc'

2021-11-19 12:08:01 - [MESSAGE][PASSED] - Text '123' is set on object 'Object Repository/RAD_Pages/PaymentEntry_Page/input__spc'

2021-11-19 12:08:01 - [TEST_STEP][PASSED] - selectOptionByLabel(findTestObject(orPath_PaymentEntry + "/select_MM"), "12", false): All options with label '12' are selected in object 'Object Repository/RAD_Pages/PaymentEntry_Page/select_MM' 

2021-11-19 12:08:02 - [MESSAGE][PASSED] - All options with label '12' are selected in object 'Object Repository/RAD_Pages/PaymentEntry_Page/select_MM' 

2021-11-19 12:08:02 - [TEST_STEP][PASSED] - selectOptionByLabel(findTestObject(orPath_PaymentEntry + "/select_YYYY"), "2023", false): All options with label '2023' are selected in object 'Object Repository/RAD_Pages/PaymentEntry_Page/select_YYYY' 

2021-11-19 12:08:02 - [MESSAGE][PASSED] - All options with label '2023' are selected in object 'Object Repository/RAD_Pages/PaymentEntry_Page/select_YYYY' 

2021-11-19 12:08:02 - [TEST_STEP][PASSED] - click(findTestObject(orPath_PaymentEntry + "/input_Field_ccSubmit")): Object: 'Object Repository/RAD_Pages/PaymentEntry_Page/input_Field_ccSubmit' is clicked on

2021-11-19 12:08:03 - [MESSAGE][PASSED] - Object: 'Object Repository/RAD_Pages/PaymentEntry_Page/input_Field_ccSubmit' is clicked on

2021-11-19 12:08:03 - [TEST_STEP][PASSED] - click(findTestObject(orPath_PaymentConfirmation + "/input_N_confirmNotifyAction")): Object: 'Object Repository/RAD_Pages/PaymentConfirmation_Page/input_N_confirmNotifyAction' is clicked on

2021-11-19 12:08:05 - [MESSAGE][PASSED] - Object: 'Object Repository/RAD_Pages/PaymentConfirmation_Page/input_N_confirmNotifyAction' is clicked on

2021-11-19 12:08:05 - [TEST_STEP][PASSED] - click(findTestObject(orPath_ServiceFeesAccept + "/input_convFeeNotifyAction")): Object: 'Object Repository/RAD_Pages/ServiceFeeAccept_Page/input_convFeeNotifyAction' is clicked on

2021-11-19 12:08:07 - [MESSAGE][PASSED] - Object: 'Object Repository/RAD_Pages/ServiceFeeAccept_Page/input_convFeeNotifyAction' is clicked on

2021-11-19 12:08:07 - [TEST_STEP][PASSED] - delay(10): Delayed 10 second(s)

2021-11-19 12:08:17 - [MESSAGE][PASSED] - Delayed 10 second(s)

2021-11-19 12:08:17 - [TEST_STEP][PASSED] - verifyTextPresent("Successful Payment Receipt", true): Text 'Successful Payment Receipt' is present on page  using regular expression

2021-11-19 12:08:17 - [MESSAGE][PASSED] - Text 'Successful Payment Receipt' is present on page  using regular expression

2021-11-19 12:08:17 - [TEST_STEP][PASSED] - if (verifyTextPresent("Successful Payment Receipt", true)): null

2021-11-19 12:08:17 - [MESSAGE][PASSED] - Text 'Successful Payment Receipt' is present on page  using regular expression

2021-11-19 12:08:17 - [TEST_STEP][PASSED] - println("Transaction was Successful"): null

2021-11-19 12:08:17 - [TEST_STEP][PASSED] - out.println("Pass Record Number: " + row): null

2021-11-19 12:08:17 - [TEST_STEP][PASSED] - resText = "Pass": null

2021-11-19 12:08:17 - [TEST_STEP][PASSED] - pages.WriteExcel.demoKey(resText, datText, resColumn, datCloumn, fileLoc, nameSheet, row): pages.WriteExcel.demoKey is PASSED

2021-11-19 12:08:17 - [MESSAGE][PASSED] - pages.WriteExcel.demoKey is PASSED

2021-11-19 12:08:17 - [TEST_STEP][PASSED] - ExecuteTC = findTestData(dataFile).getValue("Execute", row): null

2021-11-19 12:08:17 - [TEST_STEP][PASSED] - PaymentType = findTestData(dataFile).getValue("PaymentType", row): null

2021-11-19 12:08:17 - [TEST_STEP][PASSED] - FilingYear = findTestData(dataFile).getValue("FilingYear", row): null

2021-11-19 12:08:17 - [TEST_STEP][PASSED] - PeriodEnding = findTestData(dataFile).getValue("PeriodEnding", row): null

2021-11-19 12:08:17 - [TEST_STEP][PASSED] - FName = findTestData(dataFile).getValue("Fname", row): null

2021-11-19 12:08:17 - [TEST_STEP][PASSED] - LName = findTestData(dataFile).getValue("Lname", row): null

2021-11-19 12:08:17 - [TEST_STEP][PASSED] - SSN = findTestData(dataFile).getValue("SSN", row): null

2021-11-19 12:08:17 - [TEST_STEP][PASSED] - BusName = findTestData(dataFile).getValue("BusName", row): null

2021-11-19 12:08:17 - [TEST_STEP][PASSED] - AL1 = findTestData(dataFile).getValue("AL1", row): null

2021-11-19 12:08:17 - [TEST_STEP][PASSED] - City = findTestData(dataFile).getValue("City", row): null

2021-11-19 12:08:17 - [TEST_STEP][PASSED] - ZIP = findTestData(dataFile).getValue("ZIP", row): null

2021-11-19 12:08:18 - [TEST_STEP][PASSED] - FilingType = findTestData(dataFile).getValue("FilingType", row): null

2021-11-19 12:08:18 - [TEST_STEP][PASSED] - Withholding = findTestData(dataFile).getValue("Withholding", row): null

2021-11-19 12:08:18 - [TEST_STEP][PASSED] - Amount = findTestData(dataFile).getValue("Amount", row): null

2021-11-19 12:08:18 - [TEST_STEP][PASSED] - CCNumber = findTestData(dataFile).getValue("CCNumber", row): null

2021-11-19 12:08:18 - [TEST_STEP][PASSED] - CVV = findTestData(dataFile).getValue("CVV", row): null

2021-11-19 12:08:18 - [TEST_STEP][PASSED] - out.println("Value of Execute is : " + ExecuteTC): null

2021-11-19 12:08:18 - [TEST_STEP][PASSED] - if (ExecuteTC.equalsIgnoreCase("Y")): null

2021-11-19 12:08:18 - [TEST_STEP][PASSED] - out.println("Begin Record Number: " + row): null

2021-11-19 12:08:18 - [TEST_STEP][PASSED] - today = new java.util.Date(): null

2021-11-19 12:08:18 - [TEST_STEP][PASSED] - println(today): null

2021-11-19 12:08:18 - [TEST_STEP][PASSED] - datText = today: null

2021-11-19 12:08:18 - [TEST_STEP][PASSED] - Taxtype = findTestData(dataFile).getValue("TaxType", row): null

2021-11-19 12:08:18 - [TEST_STEP][PASSED] - out.println("Taxtype value is : " + Taxtype): null

2021-11-19 12:08:18 - [TEST_STEP][PASSED] - openBrowser(""): Browser is opened with url: ''

2021-11-19 12:08:18 - [MESSAGE][WARNING] - A browser is already opened. Closing browser and opening a new one

2021-11-19 12:08:19 - [MESSAGE][INFO] - Starting 'Chrome' driver

2021-11-19 12:08:19 - [MESSAGE][INFO] - User set preference: ['acceptInsecureCerts', 'true']

2021-11-19 12:08:19 - [MESSAGE][INFO] - Action delay is set to 0 milliseconds

2021-11-19 12:08:20 - [MESSAGE][PASSED] - Browser is opened with url: ''

2021-11-19 12:08:20 - [TEST_STEP][PASSED] - maximizeWindow(): Current window maximized

2021-11-19 12:08:20 - [MESSAGE][PASSED] - Current window maximized

2021-11-19 12:08:20 - [TEST_STEP][PASSED] - navigateToUrl(RADurl): Navigate to 'https://qa.velocitypayment.com/client/rad/index.html' successfully

2021-11-19 12:08:22 - [MESSAGE][PASSED] - Navigate to 'https://qa.velocitypayment.com/client/rad/index.html' successfully

2021-11-19 12:08:22 - [TEST_STEP][PASSED] - orPath_Landing = "Object Repository/RAD_Pages/Landing_Page": null

2021-11-19 12:08:22 - [TEST_STEP][PASSED] - orPath_TaxTypeFilingYear = "Object Repository/RAD_Pages/TaxTypeFilingYear_Page": null

2021-11-19 12:08:22 - [TEST_STEP][PASSED] - orPath_TaxPayer = "Object Repository/RAD_Pages/Taxpayer_Page": null

2021-11-19 12:08:22 - [TEST_STEP][PASSED] - orPath_AddressContact = "Object Repository/RAD_Pages/AddressAndContactInfo_Page": null

2021-11-19 12:08:22 - [TEST_STEP][PASSED] - orPath_FilingStatus = "Object Repository/RAD_Pages/FilingStatus_Page": null

2021-11-19 12:08:22 - [TEST_STEP][PASSED] - orPath_Amount = "Object Repository/RAD_Pages/PaymentAmount_Page": null

2021-11-19 12:08:22 - [TEST_STEP][PASSED] - orPath_TaxInfo = "Object Repository/RAD_Pages/TaxInfo_Page": null

2021-11-19 12:08:22 - [TEST_STEP][PASSED] - orPath_Withholding = "Object Repository/RAD_Pages/Withholding_Page": null

2021-11-19 12:08:22 - [TEST_STEP][PASSED] - orPath_Summary = "Object Repository/RAD_Pages/Summary_Page": null

2021-11-19 12:08:22 - [TEST_STEP][PASSED] - orPath_PaymentReady = "Object Repository/RAD_Pages/PaymentReady_Page": null

2021-11-19 12:08:22 - [TEST_STEP][PASSED] - orPath_PaymentEntry = "Object Repository/RAD_Pages/PaymentEntry_Page": null

2021-11-19 12:08:22 - [TEST_STEP][PASSED] - orPath_PaymentConfirmation = "Object Repository/RAD_Pages/PaymentConfirmation_Page": null

2021-11-19 12:08:22 - [TEST_STEP][PASSED] - orPath_ServiceFeesAccept = "Object Repository/RAD_Pages/ServiceFeeAccept_Page": null

2021-11-19 12:08:22 - [TEST_STEP][PASSED] - selectOptionByLabel(findTestObject(orPath_Landing + "/dd_TaxType"), Taxtype, false): All options with label 'Withholding Tax' are selected in object 'Object Repository/RAD_Pages/Landing_Page/dd_TaxType' 

2021-11-19 12:08:23 - [MESSAGE][PASSED] - All options with label 'Withholding Tax' are selected in object 'Object Repository/RAD_Pages/Landing_Page/dd_TaxType' 

2021-11-19 12:08:23 - [TEST_STEP][PASSED] - delay(3): Delayed 3 second(s)

2021-11-19 12:08:26 - [MESSAGE][PASSED] - Delayed 3 second(s)

2021-11-19 12:08:26 - [TEST_STEP][PASSED] - switch (Taxtype): null

2021-11-19 12:08:26 - [TEST_STEP][PASSED] - case "Withholding Tax":: null

2021-11-19 12:08:26 - [TEST_STEP][PASSED] - selectOptionByLabel(findTestObject(orPath_TaxTypeFilingYear + "/select_FilingYear"), FilingYear, false): All options with label '2019' are selected in object 'Object Repository/RAD_Pages/TaxTypeFilingYear_Page/select_FilingYear' 

2021-11-19 12:08:27 - [MESSAGE][PASSED] - All options with label '2019' are selected in object 'Object Repository/RAD_Pages/TaxTypeFilingYear_Page/select_FilingYear' 

2021-11-19 12:08:27 - [TEST_STEP][PASSED] - setText(findTestObject(orPath_TaxPayer + "/input_businessName"), BusName): Text 'A1 Tree Trimming' is set on object 'Object Repository/RAD_Pages/Taxpayer_Page/input_businessName'

2021-11-19 12:08:27 - [MESSAGE][PASSED] - Text 'A1 Tree Trimming' is set on object 'Object Repository/RAD_Pages/Taxpayer_Page/input_businessName'

2021-11-19 12:08:27 - [TEST_STEP][PASSED] - setEncryptedText(findTestObject(orPath_TaxInfo + "/input_FederalEIN"), "xLVb905G4/sGR8qgNWNzNQ=="): Text ****** has been set on object 'Object Repository/RAD_Pages/TaxInfo_Page/input_FederalEIN'

2021-11-19 12:08:59 - [MESSAGE][INFO] - Unable to find the element located by 'By.xpath: //*[@id = 'data' and @name = 'Data' and @type = 'password' and @placeholder = 'Federal EIN']'. Please recheck the objects properties to make sure the desired element is located. 

2021-11-19 12:08:59 - [MESSAGE][WARNING] - [SELF-HEALING] Failed to find element with id 'Object Repository/RAD_Pages/TaxInfo_Page/input_FederalEIN'. Try using Self-healing.

2021-11-19 12:08:59 - [MESSAGE][WARNING] - [SELF-HEALING] The current locator of test object 'Object Repository/RAD_Pages/TaxInfo_Page/input_FederalEIN' was broken. Propose an alternative one: '#data'.

2021-11-19 12:08:59 - [MESSAGE][PASSED] - Text ****** has been set on object 'Object Repository/RAD_Pages/TaxInfo_Page/input_FederalEIN'

2021-11-19 12:08:59 - [TEST_STEP][PASSED] - setEncryptedText(findTestObject(orPath_TaxInfo + "/input_FederalEIN_ReEnter"), "xLVb905G4/sGR8qgNWNzNQ=="): Text ****** has been set on object 'Object Repository/RAD_Pages/TaxInfo_Page/input_FederalEIN_ReEnter'

2021-11-19 12:09:30 - [MESSAGE][INFO] - Unable to find the element located by 'By.xpath: //*[@id = 'data' and @name = 'Data' and @type = 'password' and @placeholder = 'Re-Type Federal EIN']'. Please recheck the objects properties to make sure the desired element is located. 

2021-11-19 12:09:30 - [MESSAGE][WARNING] - [SELF-HEALING] Failed to find element with id 'Object Repository/RAD_Pages/TaxInfo_Page/input_FederalEIN_ReEnter'. Try using Self-healing.

2021-11-19 12:09:30 - [MESSAGE][WARNING] - [SELF-HEALING] The current locator of test object 'Object Repository/RAD_Pages/TaxInfo_Page/input_FederalEIN_ReEnter' was broken. Propose an alternative one: '//input[@id='data']'.

2021-11-19 12:09:31 - [MESSAGE][PASSED] - Text ****** has been set on object 'Object Repository/RAD_Pages/TaxInfo_Page/input_FederalEIN_ReEnter'

2021-11-19 12:09:31 - [TEST_STEP][PASSED] - setText(findTestObject(orPath_TaxInfo + "/input_MDCRegistration"), "07640126"): Text '07640126' is set on object 'Object Repository/RAD_Pages/TaxInfo_Page/input_MDCRegistration'

2021-11-19 12:09:31 - [MESSAGE][PASSED] - Text '07640126' is set on object 'Object Repository/RAD_Pages/TaxInfo_Page/input_MDCRegistration'

2021-11-19 12:09:31 - [TEST_STEP][PASSED] - if (Withholding.equalsIgnoreCase("Y")): null

2021-11-19 12:09:31 - [TEST_STEP][PASSED] - else: Text '10.50' is set on object 'Object Repository/RAD_Pages/Withholding_Page/input__WithholdingTaxReported'

2021-11-19 12:09:31 - [TEST_STEP][PASSED] - check(findTestObject(orPath_Withholding + "/input_acceleratedBasis_No")): Object 'Object Repository/RAD_Pages/Withholding_Page/input_acceleratedBasis_No' is checked

2021-11-19 12:09:32 - [MESSAGE][PASSED] - Object 'Object Repository/RAD_Pages/Withholding_Page/input_acceleratedBasis_No' is checked

2021-11-19 12:09:32 - [TEST_STEP][PASSED] - delay(3): Delayed 3 second(s)

2021-11-19 12:09:35 - [MESSAGE][PASSED] - Delayed 3 second(s)

2021-11-19 12:09:35 - [TEST_STEP][PASSED] - selectOptionByLabel(findTestObject(orPath_Withholding + "/select_Month"), "January", false): All options with label 'January' are selected in object 'Object Repository/RAD_Pages/Withholding_Page/select_Month' 

2021-11-19 12:09:35 - [MESSAGE][PASSED] - All options with label 'January' are selected in object 'Object Repository/RAD_Pages/Withholding_Page/select_Month' 

2021-11-19 12:09:35 - [TEST_STEP][PASSED] - setText(findTestObject(orPath_Withholding + "/input__WithholdingTaxReported"), "10.50"): Text '10.50' is set on object 'Object Repository/RAD_Pages/Withholding_Page/input__WithholdingTaxReported'

2021-11-19 12:09:36 - [MESSAGE][PASSED] - Text '10.50' is set on object 'Object Repository/RAD_Pages/Withholding_Page/input__WithholdingTaxReported'

2021-11-19 12:09:36 - [TEST_STEP][PASSED] - break: null

2021-11-19 12:09:36 - [TEST_STEP][PASSED] - setText(findTestObject(orPath_TaxPayer + "/input_firstName"), FName): Text 'Larsons' is set on object 'Object Repository/RAD_Pages/Taxpayer_Page/input_firstName'

2021-11-19 12:09:37 - [MESSAGE][PASSED] - Text 'Larsons' is set on object 'Object Repository/RAD_Pages/Taxpayer_Page/input_firstName'

2021-11-19 12:09:37 - [TEST_STEP][PASSED] - setText(findTestObject(orPath_TaxPayer + "/input_lastName"), LName): Text 'Bell' is set on object 'Object Repository/RAD_Pages/Taxpayer_Page/input_lastName'

2021-11-19 12:09:38 - [MESSAGE][PASSED] - Text 'Bell' is set on object 'Object Repository/RAD_Pages/Taxpayer_Page/input_lastName'

2021-11-19 12:09:38 - [TEST_STEP][PASSED] - selectOptionByLabel(findTestObject(orPath_AddressContact + "/select_Country"), "United States", false): All options with label 'United States' are selected in object 'Object Repository/RAD_Pages/AddressAndContactInfo_Page/select_Country' 

2021-11-19 12:09:38 - [MESSAGE][PASSED] - All options with label 'United States' are selected in object 'Object Repository/RAD_Pages/AddressAndContactInfo_Page/select_Country' 

2021-11-19 12:09:38 - [TEST_STEP][PASSED] - setText(findTestObject(orPath_AddressContact + "/input_streetAddress1"), AL1): Text '114 Clark Ave' is set on object 'Object Repository/RAD_Pages/AddressAndContactInfo_Page/input_streetAddress1'

2021-11-19 12:09:39 - [MESSAGE][PASSED] - Text '114 Clark Ave' is set on object 'Object Repository/RAD_Pages/AddressAndContactInfo_Page/input_streetAddress1'

2021-11-19 12:09:39 - [TEST_STEP][PASSED] - setText(findTestObject(orPath_AddressContact + "/input_streetAddress2"), ""): Text '' is set on object 'Object Repository/RAD_Pages/AddressAndContactInfo_Page/input_streetAddress2'

2021-11-19 12:09:40 - [MESSAGE][PASSED] - Text '' is set on object 'Object Repository/RAD_Pages/AddressAndContactInfo_Page/input_streetAddress2'

2021-11-19 12:09:40 - [TEST_STEP][PASSED] - setText(findTestObject(orPath_AddressContact + "/input_city"), City): Text 'Severn' is set on object 'Object Repository/RAD_Pages/AddressAndContactInfo_Page/input_city'

2021-11-19 12:09:40 - [MESSAGE][PASSED] - Text 'Severn' is set on object 'Object Repository/RAD_Pages/AddressAndContactInfo_Page/input_city'

2021-11-19 12:09:40 - [TEST_STEP][PASSED] - selectOptionByLabel(findTestObject(orPath_AddressContact + "/select_State"), "Maryland", false): All options with label 'Maryland' are selected in object 'Object Repository/RAD_Pages/AddressAndContactInfo_Page/select_State' 

2021-11-19 12:09:41 - [MESSAGE][PASSED] - All options with label 'Maryland' are selected in object 'Object Repository/RAD_Pages/AddressAndContactInfo_Page/select_State' 

2021-11-19 12:09:41 - [TEST_STEP][PASSED] - setText(findTestObject(orPath_AddressContact + "/input_zipCode"), ZIP): Text '21144' is set on object 'Object Repository/RAD_Pages/AddressAndContactInfo_Page/input_zipCode'

2021-11-19 12:09:42 - [MESSAGE][PASSED] - Text '21144' is set on object 'Object Repository/RAD_Pages/AddressAndContactInfo_Page/input_zipCode'

2021-11-19 12:09:42 - [TEST_STEP][PASSED] - setText(findTestObject(orPath_AddressContact + "/input_phoneNumber"), "(703) 894-5000"): Text '(703) 894-5000' is set on object 'Object Repository/RAD_Pages/AddressAndContactInfo_Page/input_phoneNumber'

2021-11-19 12:09:42 - [MESSAGE][PASSED] - Text '(703) 894-5000' is set on object 'Object Repository/RAD_Pages/AddressAndContactInfo_Page/input_phoneNumber'

2021-11-19 12:09:42 - [TEST_STEP][PASSED] - setText(findTestObject(orPath_AddressContact + "/input_eMailAddress"), "iahmed@govolution.com"): Text 'iahmed@govolution.com' is set on object 'Object Repository/RAD_Pages/AddressAndContactInfo_Page/input_eMailAddress'

2021-11-19 12:09:43 - [MESSAGE][PASSED] - Text 'iahmed@govolution.com' is set on object 'Object Repository/RAD_Pages/AddressAndContactInfo_Page/input_eMailAddress'

2021-11-19 12:09:43 - [TEST_STEP][PASSED] - setText(findTestObject(orPath_AddressContact + "/input_reEnterEMailAddress"), "iahmed@govolution.com"): Text 'iahmed@govolution.com' is set on object 'Object Repository/RAD_Pages/AddressAndContactInfo_Page/input_reEnterEMailAddress'

2021-11-19 12:09:44 - [MESSAGE][PASSED] - Text 'iahmed@govolution.com' is set on object 'Object Repository/RAD_Pages/AddressAndContactInfo_Page/input_reEnterEMailAddress'

2021-11-19 12:09:44 - [TEST_STEP][PASSED] - setText(findTestObject(orPath_Amount + "/input__paymentAmount"), Amount): Text '100.00' is set on object 'Object Repository/RAD_Pages/PaymentAmount_Page/input__paymentAmount'

2021-11-19 12:09:45 - [MESSAGE][PASSED] - Text '100.00' is set on object 'Object Repository/RAD_Pages/PaymentAmount_Page/input__paymentAmount'

2021-11-19 12:09:45 - [TEST_STEP][PASSED] - scrollToElement(findTestObject(orPath_Landing + "/button_Continue"), 3): Scroll to object 'Object Repository/RAD_Pages/Landing_Page/button_Continue' successfully

2021-11-19 12:09:45 - [MESSAGE][PASSED] - Scroll to object 'Object Repository/RAD_Pages/Landing_Page/button_Continue' successfully

2021-11-19 12:09:45 - [TEST_STEP][PASSED] - waitForElementClickable(findTestObject(orPath_Landing + "/button_Continue"), 5): Object 'Object Repository/RAD_Pages/Landing_Page/button_Continue' is clickable

2021-11-19 12:09:45 - [MESSAGE][PASSED] - Object 'Object Repository/RAD_Pages/Landing_Page/button_Continue' is clickable

2021-11-19 12:09:45 - [TEST_STEP][PASSED] - click(findTestObject(orPath_Landing + "/button_Continue")): Object: 'Object Repository/RAD_Pages/Landing_Page/button_Continue' is clicked on

2021-11-19 12:09:46 - [MESSAGE][PASSED] - Object: 'Object Repository/RAD_Pages/Landing_Page/button_Continue' is clicked on

2021-11-19 12:09:46 - [TEST_STEP][PASSED] - verifyTextPresent("Review the information below and make any necessary corrections by clicking the", true): Text 'Review the information below and make any necessary corrections by clicking the' is present on page  using regular expression

2021-11-19 12:09:46 - [MESSAGE][PASSED] - Text 'Review the information below and make any necessary corrections by clicking the' is present on page  using regular expression

2021-11-19 12:09:46 - [TEST_STEP][PASSED] - verifyTextPresent("When you are confident that all the information is correct", true): Text 'When you are confident that all the information is correct' is present on page  using regular expression

2021-11-19 12:09:47 - [MESSAGE][PASSED] - Text 'When you are confident that all the information is correct' is present on page  using regular expression

2021-11-19 12:09:47 - [TEST_STEP][PASSED] - delay(1): Delayed 1 second(s)

2021-11-19 12:09:48 - [MESSAGE][PASSED] - Delayed 1 second(s)

2021-11-19 12:09:48 - [TEST_STEP][PASSED] - click(findTestObject(orPath_Summary + "/button_Proceed to Payment")): Object: 'Object Repository/RAD_Pages/Summary_Page/button_Proceed to Payment' is clicked on

2021-11-19 12:09:50 - [MESSAGE][PASSED] - Object: 'Object Repository/RAD_Pages/Summary_Page/button_Proceed to Payment' is clicked on

2021-11-19 12:09:50 - [TEST_STEP][PASSED] - setText(findTestObject(orPath_PaymentEntry + "/input__cardNumber"), CCNumber): Text '5146312200000035' is set on object 'Object Repository/RAD_Pages/PaymentEntry_Page/input__cardNumber'

2021-11-19 12:09:50 - [MESSAGE][PASSED] - Text '5146312200000035' is set on object 'Object Repository/RAD_Pages/PaymentEntry_Page/input__cardNumber'

2021-11-19 12:09:50 - [TEST_STEP][PASSED] - setText(findTestObject(orPath_PaymentEntry + "/input__spc"), CVV): Text '123' is set on object 'Object Repository/RAD_Pages/PaymentEntry_Page/input__spc'

2021-11-19 12:09:51 - [MESSAGE][PASSED] - Text '123' is set on object 'Object Repository/RAD_Pages/PaymentEntry_Page/input__spc'

2021-11-19 12:09:51 - [TEST_STEP][PASSED] - selectOptionByLabel(findTestObject(orPath_PaymentEntry + "/select_MM"), "12", false): All options with label '12' are selected in object 'Object Repository/RAD_Pages/PaymentEntry_Page/select_MM' 

2021-11-19 12:09:52 - [MESSAGE][PASSED] - All options with label '12' are selected in object 'Object Repository/RAD_Pages/PaymentEntry_Page/select_MM' 

2021-11-19 12:09:52 - [TEST_STEP][PASSED] - selectOptionByLabel(findTestObject(orPath_PaymentEntry + "/select_YYYY"), "2023", false): All options with label '2023' are selected in object 'Object Repository/RAD_Pages/PaymentEntry_Page/select_YYYY' 

2021-11-19 12:09:52 - [MESSAGE][PASSED] - All options with label '2023' are selected in object 'Object Repository/RAD_Pages/PaymentEntry_Page/select_YYYY' 

2021-11-19 12:09:52 - [TEST_STEP][PASSED] - click(findTestObject(orPath_PaymentEntry + "/input_Field_ccSubmit")): Object: 'Object Repository/RAD_Pages/PaymentEntry_Page/input_Field_ccSubmit' is clicked on

2021-11-19 12:09:54 - [MESSAGE][PASSED] - Object: 'Object Repository/RAD_Pages/PaymentEntry_Page/input_Field_ccSubmit' is clicked on

2021-11-19 12:09:54 - [TEST_STEP][PASSED] - click(findTestObject(orPath_PaymentConfirmation + "/input_N_confirmNotifyAction")): Object: 'Object Repository/RAD_Pages/PaymentConfirmation_Page/input_N_confirmNotifyAction' is clicked on

2021-11-19 12:09:55 - [MESSAGE][PASSED] - Object: 'Object Repository/RAD_Pages/PaymentConfirmation_Page/input_N_confirmNotifyAction' is clicked on

2021-11-19 12:09:55 - [TEST_STEP][PASSED] - click(findTestObject(orPath_ServiceFeesAccept + "/input_convFeeNotifyAction")): Object: 'Object Repository/RAD_Pages/ServiceFeeAccept_Page/input_convFeeNotifyAction' is clicked on

2021-11-19 12:09:57 - [MESSAGE][PASSED] - Object: 'Object Repository/RAD_Pages/ServiceFeeAccept_Page/input_convFeeNotifyAction' is clicked on

2021-11-19 12:09:57 - [TEST_STEP][PASSED] - delay(10): Delayed 10 second(s)

2021-11-19 12:10:07 - [MESSAGE][PASSED] - Delayed 10 second(s)

2021-11-19 12:10:07 - [TEST_STEP][PASSED] - verifyTextPresent("Successful Payment Receipt", true): Text 'Successful Payment Receipt' is present on page  using regular expression

2021-11-19 12:10:07 - [MESSAGE][PASSED] - Text 'Successful Payment Receipt' is present on page  using regular expression

2021-11-19 12:10:07 - [TEST_STEP][PASSED] - if (verifyTextPresent("Successful Payment Receipt", true)): null

2021-11-19 12:10:07 - [MESSAGE][PASSED] - Text 'Successful Payment Receipt' is present on page  using regular expression

2021-11-19 12:10:07 - [TEST_STEP][PASSED] - println("Transaction was Successful"): null

2021-11-19 12:10:07 - [TEST_STEP][PASSED] - out.println("Pass Record Number: " + row): null

2021-11-19 12:10:07 - [TEST_STEP][PASSED] - resText = "Pass": null

2021-11-19 12:10:07 - [TEST_STEP][PASSED] - pages.WriteExcel.demoKey(resText, datText, resColumn, datCloumn, fileLoc, nameSheet, row): pages.WriteExcel.demoKey is PASSED

2021-11-19 12:10:07 - [MESSAGE][PASSED] - pages.WriteExcel.demoKey is PASSED]]></system-out>
         <system-err><![CDATA[2021-11-19 11:09:03 - [TEST_CASE][FAILED] - Test Cases/RAD_TestCases/PaymentsHardCoded/Payments_HC_TC: Test Cases/RAD_TestCases/PaymentsHardCoded/Payments_HC_TC FAILED.
Reason:
com.kms.katalon.core.exception.StepFailedException: Unable to click on object 'Object Repository/RAD_Pages/Landing_Page/button_Continue' (Root cause: com.kms.katalon.core.exception.StepFailedException: Unable to click on object 'Object Repository/RAD_Pages/Landing_Page/button_Continue'
	at com.kms.katalon.core.webui.keyword.internal.WebUIKeywordMain.stepFailed(WebUIKeywordMain.groovy:64)
	at com.kms.katalon.core.webui.keyword.internal.WebUIKeywordMain.runKeyword(WebUIKeywordMain.groovy:26)
	at com.kms.katalon.core.webui.keyword.builtin.ClickKeyword.click(ClickKeyword.groovy:75)
	at com.kms.katalon.core.webui.keyword.builtin.ClickKeyword.execute(ClickKeyword.groovy:42)
	at com.kms.katalon.core.keyword.internal.KeywordExecutor.executeKeywordForPlatform(KeywordExecutor.groovy:74)
	at com.kms.katalon.core.webui.keyword.WebUiBuiltInKeywords.click(WebUiBuiltInKeywords.groovy:620)
	at com.kms.katalon.core.webui.keyword.WebUiBuiltInKeywords$click$10.call(Unknown Source)
	at Payments_HC_TC.run(Payments_HC_TC:292)
	at com.kms.katalon.core.main.ScriptEngine.run(ScriptEngine.java:194)
	at com.kms.katalon.core.main.ScriptEngine.runScriptAsRawText(ScriptEngine.java:119)
	at com.kms.katalon.core.main.TestCaseExecutor.runScript(TestCaseExecutor.java:430)
	at com.kms.katalon.core.main.TestCaseExecutor.doExecute(TestCaseExecutor.java:421)
	at com.kms.katalon.core.main.TestCaseExecutor.processExecutionPhase(TestCaseExecutor.java:400)
	at com.kms.katalon.core.main.TestCaseExecutor.accessMainPhase(TestCaseExecutor.java:392)
	at com.kms.katalon.core.main.TestCaseExecutor.execute(TestCaseExecutor.java:273)
	at com.kms.katalon.core.main.TestSuiteExecutor.accessTestCaseMainPhase(TestSuiteExecutor.java:202)
	at com.kms.katalon.core.main.TestSuiteExecutor.accessTestSuiteMainPhase(TestSuiteExecutor.java:164)
	at com.kms.katalon.core.main.TestSuiteExecutor.execute(TestSuiteExecutor.java:105)
	at com.kms.katalon.core.main.TestCaseMain.startTestSuite(TestCaseMain.java:185)
	at com.kms.katalon.core.main.TestCaseMain$startTestSuite$0.call(Unknown Source)
	at TempTestSuite1637335687322.run(TempTestSuite1637335687322.groovy:36)
Caused by: org.openqa.selenium.ElementClickInterceptedException: element click intercepted: Element <button class="btn btn-primary float-end w-auto disablecontinue" disabled="">...</button> is not clickable at point (1046, 801). Other element would receive the click: <div class="w-100 mt-auto pt-3">...</div>
  (Session info: chrome=96.0.4664.45)
Build info: version: '3.141.59', revision: 'e82be7d358', time: '2018-11-14T08:25:53'
System info: host: 'DESKTOP-B2QI6NS', ip: '172.30.2.167', os.name: 'Windows 10', os.arch: 'amd64', os.version: '10.0', java.version: '1.8.0_181'
Driver info: com.kms.katalon.selenium.driver.CChromeDriver
Capabilities {acceptInsecureCerts: true, browserName: chrome, browserVersion: 96.0.4664.45, chrome: {chromedriverVersion: 95.0.4638.54 (d31a821ec901f..., userDataDir: C:\Users\iahmed\AppData\Loc...}, goog:chromeOptions: {debuggerAddress: localhost:50217}, javascriptEnabled: true, networkConnectionEnabled: false, pageLoadStrategy: normal, platform: WINDOWS, platformName: WINDOWS, proxy: Proxy(), setWindowRect: true, strictFileInteractability: false, timeouts: {implicit: 0, pageLoad: 300000, script: 30000}, unhandledPromptBehavior: dismiss and notify, webauthn:extension:credBlob: true, webauthn:extension:largeBlob: true, webauthn:virtualAuthenticators: true}
Session ID: ab4229e845027eaf8b917732b78f9d49
	at org.openqa.selenium.remote.http.W3CHttpResponseCodec.createException(W3CHttpResponseCodec.java:187)
	at org.openqa.selenium.remote.http.W3CHttpResponseCodec.decode(W3CHttpResponseCodec.java:122)
	at org.openqa.selenium.remote.http.W3CHttpResponseCodec.decode(W3CHttpResponseCodec.java:49)
	at org.openqa.selenium.remote.HttpCommandExecutor.execute(HttpCommandExecutor.java:158)
	at org.openqa.selenium.remote.service.DriverCommandExecutor.execute(DriverCommandExecutor.java:83)
	at org.openqa.selenium.remote.RemoteWebDriver.execute(RemoteWebDriver.java:552)
	at com.kms.katalon.selenium.driver.CChromeDriver.execute(CChromeDriver.java:19)
	at org.openqa.selenium.remote.RemoteWebElement.execute(RemoteWebElement.java:285)
	at org.openqa.selenium.remote.RemoteWebElement.click(RemoteWebElement.java:84)
	at org.openqa.selenium.support.events.EventFiringWebDriver$EventFiringWebElement.lambda$new$0(EventFiringWebDriver.java:404)
	at com.sun.proxy.$Proxy11.click(Unknown Source)
	at org.openqa.selenium.support.events.EventFiringWebDriver$EventFiringWebElement.click(EventFiringWebDriver.java:417)
	at com.kms.katalon.core.webui.keyword.builtin.ClickKeyword$_click_closure1.doCall(ClickKeyword.groovy:68)
	at com.kms.katalon.core.webui.keyword.builtin.ClickKeyword$_click_closure1.call(ClickKeyword.groovy)
	at com.kms.katalon.core.webui.keyword.internal.WebUIKeywordMain.runKeyword(WebUIKeywordMain.groovy:20)
	at com.kms.katalon.core.webui.keyword.builtin.ClickKeyword.click(ClickKeyword.groovy:75)
	at com.kms.katalon.core.webui.keyword.builtin.ClickKeyword.execute(ClickKeyword.groovy:42)
	at com.kms.katalon.core.keyword.internal.KeywordExecutor.executeKeywordForPlatform(KeywordExecutor.groovy:74)
	at com.kms.katalon.core.webui.keyword.WebUiBuiltInKeywords.click(WebUiBuiltInKeywords.groovy:620)
	at com.kms.katalon.core.webui.keyword.WebUiBuiltInKeywords$click$10.call(Unknown Source)
	at Script1634674829687.run(Script1634674829687.groovy:292)
	... 13 more
)
	at com.kms.katalon.core.keyword.internal.KeywordMain.stepFailed(KeywordMain.groovy:39)
	at com.kms.katalon.core.webui.keyword.internal.WebUIKeywordMain.stepFailed(WebUIKeywordMain.groovy:64)
	at com.kms.katalon.core.webui.keyword.internal.WebUIKeywordMain.runKeyword(WebUIKeywordMain.groovy:26)
	at com.kms.katalon.core.webui.keyword.builtin.ClickKeyword.click(ClickKeyword.groovy:75)
	at com.kms.katalon.core.webui.keyword.builtin.ClickKeyword.execute(ClickKeyword.groovy:42)
	at com.kms.katalon.core.keyword.internal.KeywordExecutor.executeKeywordForPlatform(KeywordExecutor.groovy:74)
	at com.kms.katalon.core.webui.keyword.WebUiBuiltInKeywords.click(WebUiBuiltInKeywords.groovy:620)
	at com.kms.katalon.core.webui.keyword.WebUiBuiltInKeywords$click$10.call(Unknown Source)
	at Payments_HC_TC.run(Payments_HC_TC:292)
	at com.kms.katalon.core.main.ScriptEngine.run(ScriptEngine.java:194)
	at com.kms.katalon.core.main.ScriptEngine.runScriptAsRawText(ScriptEngine.java:119)
	at com.kms.katalon.core.main.TestCaseExecutor.runScript(TestCaseExecutor.java:430)
	at com.kms.katalon.core.main.TestCaseExecutor.doExecute(TestCaseExecutor.java:421)
	at com.kms.katalon.core.main.TestCaseExecutor.processExecutionPhase(TestCaseExecutor.java:400)
	at com.kms.katalon.core.main.TestCaseExecutor.accessMainPhase(TestCaseExecutor.java:392)
	at com.kms.katalon.core.main.TestCaseExecutor.execute(TestCaseExecutor.java:273)
	at com.kms.katalon.core.main.TestSuiteExecutor.accessTestCaseMainPhase(TestSuiteExecutor.java:202)
	at com.kms.katalon.core.main.TestSuiteExecutor.accessTestSuiteMainPhase(TestSuiteExecutor.java:164)
	at com.kms.katalon.core.main.TestSuiteExecutor.execute(TestSuiteExecutor.java:105)
	at com.kms.katalon.core.main.TestCaseMain.startTestSuite(TestCaseMain.java:185)
	at com.kms.katalon.core.main.TestCaseMain$startTestSuite$0.call(Unknown Source)
	at TempTestSuite1637335687322.run(TempTestSuite1637335687322.groovy:36)
Caused by: com.kms.katalon.core.exception.StepFailedException: Unable to click on object 'Object Repository/RAD_Pages/Landing_Page/button_Continue'
	... 21 more
Caused by: org.openqa.selenium.ElementClickInterceptedException: element click intercepted: Element <button class="btn btn-primary float-end w-auto disablecontinue" disabled="">...</button> is not clickable at point (1046, 801). Other element would receive the click: <div class="w-100 mt-auto pt-3">...</div>
  (Session info: chrome=96.0.4664.45)
Build info: version: '3.141.59', revision: 'e82be7d358', time: '2018-11-14T08:25:53'
System info: host: 'DESKTOP-B2QI6NS', ip: '172.30.2.167', os.name: 'Windows 10', os.arch: 'amd64', os.version: '10.0', java.version: '1.8.0_181'
Driver info: com.kms.katalon.selenium.driver.CChromeDriver
Capabilities {acceptInsecureCerts: true, browserName: chrome, browserVersion: 96.0.4664.45, chrome: {chromedriverVersion: 95.0.4638.54 (d31a821ec901f..., userDataDir: C:\Users\iahmed\AppData\Loc...}, goog:chromeOptions: {debuggerAddress: localhost:50217}, javascriptEnabled: true, networkConnectionEnabled: false, pageLoadStrategy: normal, platform: WINDOWS, platformName: WINDOWS, proxy: Proxy(), setWindowRect: true, strictFileInteractability: false, timeouts: {implicit: 0, pageLoad: 300000, script: 30000}, unhandledPromptBehavior: dismiss and notify, webauthn:extension:credBlob: true, webauthn:extension:largeBlob: true, webauthn:virtualAuthenticators: true}
Session ID: ab4229e845027eaf8b917732b78f9d49
	at org.openqa.selenium.remote.http.W3CHttpResponseCodec.createException(W3CHttpResponseCodec.java:187)
	at org.openqa.selenium.remote.http.W3CHttpResponseCodec.decode(W3CHttpResponseCodec.java:122)
	at org.openqa.selenium.remote.http.W3CHttpResponseCodec.decode(W3CHttpResponseCodec.java:49)
	at org.openqa.selenium.remote.HttpCommandExecutor.execute(HttpCommandExecutor.java:158)
	at org.openqa.selenium.remote.service.DriverCommandExecutor.execute(DriverCommandExecutor.java:83)
	at org.openqa.selenium.remote.RemoteWebDriver.execute(RemoteWebDriver.java:552)
	at com.kms.katalon.selenium.driver.CChromeDriver.execute(CChromeDriver.java:19)
	at org.openqa.selenium.remote.RemoteWebElement.execute(RemoteWebElement.java:285)
	at org.openqa.selenium.remote.RemoteWebElement.click(RemoteWebElement.java:84)
	at org.openqa.selenium.support.events.EventFiringWebDriver$EventFiringWebElement.lambda$new$0(EventFiringWebDriver.java:404)
	at com.sun.proxy.$Proxy11.click(Unknown Source)
	at org.openqa.selenium.support.events.EventFiringWebDriver$EventFiringWebElement.click(EventFiringWebDriver.java:417)
	at com.kms.katalon.core.webui.keyword.builtin.ClickKeyword$_click_closure1.doCall(ClickKeyword.groovy:68)
	at com.kms.katalon.core.webui.keyword.builtin.ClickKeyword$_click_closure1.call(ClickKeyword.groovy)
	at com.kms.katalon.core.webui.keyword.internal.WebUIKeywordMain.runKeyword(WebUIKeywordMain.groovy:20)
	... 19 more]]></system-err>
      </testcase>
      <testcase name="Test Cases/RAD_TestCases/PaymentsHardCoded/Payments_ExistingLiability_HC_TC" time="72.561" classname="Test Cases/RAD_TestCases/PaymentsHardCoded/Payments_ExistingLiability_HC_TC" status="FAILED">
         <failure type="FAILED" message="Test Cases/RAD_TestCases/PaymentsHardCoded/Payments_ExistingLiability_HC_TC FAILED.
Reason:
com.kms.katalon.core.exception.StepFailedException: Unable to select option by label '2020' of object 'Object Repository/RAD_Pages/TaxTypeFilingYear_Page/select_FilingYear'  (Root cause: com.kms.katalon.core.exception.StepFailedException: Unable to select option by label '2020' of object 'Object Repository/RAD_Pages/TaxTypeFilingYear_Page/select_FilingYear' 
	at com.kms.katalon.core.webui.keyword.internal.WebUIKeywordMain.stepFailed(WebUIKeywordMain.groovy:64)
	at com.kms.katalon.core.webui.keyword.internal.WebUIKeywordMain.runKeyword(WebUIKeywordMain.groovy:26)
	at com.kms.katalon.core.webui.keyword.builtin.SelectOptionByLabelKeyword.selectOptionByLabel(SelectOptionByLabelKeyword.groovy:98)
	at com.kms.katalon.core.webui.keyword.builtin.SelectOptionByLabelKeyword.execute(SelectOptionByLabelKeyword.groovy:71)
	at com.kms.katalon.core.keyword.internal.KeywordExecutor.executeKeywordForPlatform(KeywordExecutor.groovy:74)
	at com.kms.katalon.core.webui.keyword.WebUiBuiltInKeywords.selectOptionByLabel(WebUiBuiltInKeywords.groovy:1230)
	at com.kms.katalon.core.webui.keyword.WebUiBuiltInKeywords$selectOptionByLabel$6.call(Unknown Source)
	at Payments_ExistingLiability_HC_TC.run(Payments_ExistingLiability_HC_TC:112)
	at com.kms.katalon.core.main.ScriptEngine.run(ScriptEngine.java:194)
	at com.kms.katalon.core.main.ScriptEngine.runScriptAsRawText(ScriptEngine.java:119)
	at com.kms.katalon.core.main.TestCaseExecutor.runScript(TestCaseExecutor.java:430)
	at com.kms.katalon.core.main.TestCaseExecutor.doExecute(TestCaseExecutor.java:421)
	at com.kms.katalon.core.main.TestCaseExecutor.processExecutionPhase(TestCaseExecutor.java:400)
	at com.kms.katalon.core.main.TestCaseExecutor.accessMainPhase(TestCaseExecutor.java:392)
	at com.kms.katalon.core.main.TestCaseExecutor.execute(TestCaseExecutor.java:273)
	at com.kms.katalon.core.main.TestSuiteExecutor.accessTestCaseMainPhase(TestSuiteExecutor.java:202)
	at com.kms.katalon.core.main.TestSuiteExecutor.accessTestSuiteMainPhase(TestSuiteExecutor.java:164)
	at com.kms.katalon.core.main.TestSuiteExecutor.execute(TestSuiteExecutor.java:105)
	at com.kms.katalon.core.main.TestCaseMain.startTestSuite(TestCaseMain.java:185)
	at com.kms.katalon.core.main.TestCaseMain$startTestSuite$0.call(Unknown Source)
	at TempTestSuite1637335687322.run(TempTestSuite1637335687322.groovy:36)
Caused by: org.openqa.selenium.NoSuchElementException: Cannot locate element with text: 2020
For documentation on this error, please visit: https://www.seleniumhq.org/exceptions/no_such_element.html
Build info: version: '3.141.59', revision: 'e82be7d358', time: '2018-11-14T08:25:53'
System info: host: 'DESKTOP-B2QI6NS', ip: '172.30.2.167', os.name: 'Windows 10', os.arch: 'amd64', os.version: '10.0', java.version: '1.8.0_181'
Driver info: driver.version: unknown
	at org.openqa.selenium.support.ui.Select.selectByVisibleText(Select.java:147)
	at com.kms.katalon.core.webui.common.WebUiCommonHelper.selectOrDeselectOptionsByLabel(WebUiCommonHelper.java:310)
	at com.kms.katalon.core.webui.keyword.builtin.SelectOptionByLabelKeyword$_selectOptionByLabel_closure1.doCall(SelectOptionByLabelKeyword.groovy:87)
	at com.kms.katalon.core.webui.keyword.builtin.SelectOptionByLabelKeyword$_selectOptionByLabel_closure1.call(SelectOptionByLabelKeyword.groovy)
	at com.kms.katalon.core.webui.keyword.internal.WebUIKeywordMain.runKeyword(WebUIKeywordMain.groovy:20)
	at com.kms.katalon.core.webui.keyword.builtin.SelectOptionByLabelKeyword.selectOptionByLabel(SelectOptionByLabelKeyword.groovy:98)
	at com.kms.katalon.core.webui.keyword.builtin.SelectOptionByLabelKeyword.execute(SelectOptionByLabelKeyword.groovy:71)
	at com.kms.katalon.core.keyword.internal.KeywordExecutor.executeKeywordForPlatform(KeywordExecutor.groovy:74)
	at com.kms.katalon.core.webui.keyword.WebUiBuiltInKeywords.selectOptionByLabel(WebUiBuiltInKeywords.groovy:1230)
	at com.kms.katalon.core.webui.keyword.WebUiBuiltInKeywords$selectOptionByLabel$6.call(Unknown Source)
	at Script1634702981988.run(Script1634702981988.groovy:112)
	... 13 more
)
	at com.kms.katalon.core.keyword.internal.KeywordMain.stepFailed(KeywordMain.groovy:39)
	at com.kms.katalon.core.webui.keyword.internal.WebUIKeywordMain.stepFailed(WebUIKeywordMain.groovy:64)
	at com.kms.katalon.core.webui.keyword.internal.WebUIKeywordMain.runKeyword(WebUIKeywordMain.groovy:26)
	at com.kms.katalon.core.webui.keyword.builtin.SelectOptionByLabelKeyword.selectOptionByLabel(SelectOptionByLabelKeyword.groovy:98)
	at com.kms.katalon.core.webui.keyword.builtin.SelectOptionByLabelKeyword.execute(SelectOptionByLabelKeyword.groovy:71)
	at com.kms.katalon.core.keyword.internal.KeywordExecutor.executeKeywordForPlatform(KeywordExecutor.groovy:74)
	at com.kms.katalon.core.webui.keyword.WebUiBuiltInKeywords.selectOptionByLabel(WebUiBuiltInKeywords.groovy:1230)
	at com.kms.katalon.core.webui.keyword.WebUiBuiltInKeywords$selectOptionByLabel$6.call(Unknown Source)
	at Payments_ExistingLiability_HC_TC.run(Payments_ExistingLiability_HC_TC:112)
	at com.kms.katalon.core.main.ScriptEngine.run(ScriptEngine.java:194)
	at com.kms.katalon.core.main.ScriptEngine.runScriptAsRawText(ScriptEngine.java:119)
	at com.kms.katalon.core.main.TestCaseExecutor.runScript(TestCaseExecutor.java:430)
	at com.kms.katalon.core.main.TestCaseExecutor.doExecute(TestCaseExecutor.java:421)
	at com.kms.katalon.core.main.TestCaseExecutor.processExecutionPhase(TestCaseExecutor.java:400)
	at com.kms.katalon.core.main.TestCaseExecutor.accessMainPhase(TestCaseExecutor.java:392)
	at com.kms.katalon.core.main.TestCaseExecutor.execute(TestCaseExecutor.java:273)
	at com.kms.katalon.core.main.TestSuiteExecutor.accessTestCaseMainPhase(TestSuiteExecutor.java:202)
	at com.kms.katalon.core.main.TestSuiteExecutor.accessTestSuiteMainPhase(TestSuiteExecutor.java:164)
	at com.kms.katalon.core.main.TestSuiteExecutor.execute(TestSuiteExecutor.java:105)
	at com.kms.katalon.core.main.TestCaseMain.startTestSuite(TestCaseMain.java:185)
	at com.kms.katalon.core.main.TestCaseMain$startTestSuite$0.call(Unknown Source)
	at TempTestSuite1637335687322.run(TempTestSuite1637335687322.groovy:36)
Caused by: com.kms.katalon.core.exception.StepFailedException: Unable to select option by label '2020' of object 'Object Repository/RAD_Pages/TaxTypeFilingYear_Page/select_FilingYear' 
	... 21 more
Caused by: org.openqa.selenium.NoSuchElementException: Cannot locate element with text: 2020
For documentation on this error, please visit: https://www.seleniumhq.org/exceptions/no_such_element.html
Build info: version: '3.141.59', revision: 'e82be7d358', time: '2018-11-14T08:25:53'
System info: host: 'DESKTOP-B2QI6NS', ip: '172.30.2.167', os.name: 'Windows 10', os.arch: 'amd64', os.version: '10.0', java.version: '1.8.0_181'
Driver info: driver.version: unknown
	at org.openqa.selenium.support.ui.Select.selectByVisibleText(Select.java:147)
	at com.kms.katalon.core.webui.common.WebUiCommonHelper.selectOrDeselectOptionsByLabel(WebUiCommonHelper.java:310)
	at com.kms.katalon.core.webui.keyword.builtin.SelectOptionByLabelKeyword$_selectOptionByLabel_closure1.doCall(SelectOptionByLabelKeyword.groovy:87)
	at com.kms.katalon.core.webui.keyword.builtin.SelectOptionByLabelKeyword$_selectOptionByLabel_closure1.call(SelectOptionByLabelKeyword.groovy)
	at com.kms.katalon.core.webui.keyword.internal.WebUIKeywordMain.runKeyword(WebUIKeywordMain.groovy:20)
	... 19 more
"/>
         <system-out><![CDATA[2021-11-19 12:10:07 - [TEST_CASE][FAILED] - Test Cases/RAD_TestCases/PaymentsHardCoded/Payments_ExistingLiability_HC_TC: Test Cases/RAD_TestCases/PaymentsHardCoded/Payments_ExistingLiability_HC_TC FAILED.
Reason:
com.kms.katalon.core.exception.StepFailedException: Unable to select option by label '2020' of object 'Object Repository/RAD_Pages/TaxTypeFilingYear_Page/select_FilingYear'  (Root cause: com.kms.katalon.core.exception.StepFailedException: Unable to select option by label '2020' of object 'Object Repository/RAD_Pages/TaxTypeFilingYear_Page/select_FilingYear' 
	at com.kms.katalon.core.webui.keyword.internal.WebUIKeywordMain.stepFailed(WebUIKeywordMain.groovy:64)
	at com.kms.katalon.core.webui.keyword.internal.WebUIKeywordMain.runKeyword(WebUIKeywordMain.groovy:26)
	at com.kms.katalon.core.webui.keyword.builtin.SelectOptionByLabelKeyword.selectOptionByLabel(SelectOptionByLabelKeyword.groovy:98)
	at com.kms.katalon.core.webui.keyword.builtin.SelectOptionByLabelKeyword.execute(SelectOptionByLabelKeyword.groovy:71)
	at com.kms.katalon.core.keyword.internal.KeywordExecutor.executeKeywordForPlatform(KeywordExecutor.groovy:74)
	at com.kms.katalon.core.webui.keyword.WebUiBuiltInKeywords.selectOptionByLabel(WebUiBuiltInKeywords.groovy:1230)
	at com.kms.katalon.core.webui.keyword.WebUiBuiltInKeywords$selectOptionByLabel$6.call(Unknown Source)
	at Payments_ExistingLiability_HC_TC.run(Payments_ExistingLiability_HC_TC:112)
	at com.kms.katalon.core.main.ScriptEngine.run(ScriptEngine.java:194)
	at com.kms.katalon.core.main.ScriptEngine.runScriptAsRawText(ScriptEngine.java:119)
	at com.kms.katalon.core.main.TestCaseExecutor.runScript(TestCaseExecutor.java:430)
	at com.kms.katalon.core.main.TestCaseExecutor.doExecute(TestCaseExecutor.java:421)
	at com.kms.katalon.core.main.TestCaseExecutor.processExecutionPhase(TestCaseExecutor.java:400)
	at com.kms.katalon.core.main.TestCaseExecutor.accessMainPhase(TestCaseExecutor.java:392)
	at com.kms.katalon.core.main.TestCaseExecutor.execute(TestCaseExecutor.java:273)
	at com.kms.katalon.core.main.TestSuiteExecutor.accessTestCaseMainPhase(TestSuiteExecutor.java:202)
	at com.kms.katalon.core.main.TestSuiteExecutor.accessTestSuiteMainPhase(TestSuiteExecutor.java:164)
	at com.kms.katalon.core.main.TestSuiteExecutor.execute(TestSuiteExecutor.java:105)
	at com.kms.katalon.core.main.TestCaseMain.startTestSuite(TestCaseMain.java:185)
	at com.kms.katalon.core.main.TestCaseMain$startTestSuite$0.call(Unknown Source)
	at TempTestSuite1637335687322.run(TempTestSuite1637335687322.groovy:36)
Caused by: org.openqa.selenium.NoSuchElementException: Cannot locate element with text: 2020
For documentation on this error, please visit: https://www.seleniumhq.org/exceptions/no_such_element.html
Build info: version: '3.141.59', revision: 'e82be7d358', time: '2018-11-14T08:25:53'
System info: host: 'DESKTOP-B2QI6NS', ip: '172.30.2.167', os.name: 'Windows 10', os.arch: 'amd64', os.version: '10.0', java.version: '1.8.0_181'
Driver info: driver.version: unknown
	at org.openqa.selenium.support.ui.Select.selectByVisibleText(Select.java:147)
	at com.kms.katalon.core.webui.common.WebUiCommonHelper.selectOrDeselectOptionsByLabel(WebUiCommonHelper.java:310)
	at com.kms.katalon.core.webui.keyword.builtin.SelectOptionByLabelKeyword$_selectOptionByLabel_closure1.doCall(SelectOptionByLabelKeyword.groovy:87)
	at com.kms.katalon.core.webui.keyword.builtin.SelectOptionByLabelKeyword$_selectOptionByLabel_closure1.call(SelectOptionByLabelKeyword.groovy)
	at com.kms.katalon.core.webui.keyword.internal.WebUIKeywordMain.runKeyword(WebUIKeywordMain.groovy:20)
	at com.kms.katalon.core.webui.keyword.builtin.SelectOptionByLabelKeyword.selectOptionByLabel(SelectOptionByLabelKeyword.groovy:98)
	at com.kms.katalon.core.webui.keyword.builtin.SelectOptionByLabelKeyword.execute(SelectOptionByLabelKeyword.groovy:71)
	at com.kms.katalon.core.keyword.internal.KeywordExecutor.executeKeywordForPlatform(KeywordExecutor.groovy:74)
	at com.kms.katalon.core.webui.keyword.WebUiBuiltInKeywords.selectOptionByLabel(WebUiBuiltInKeywords.groovy:1230)
	at com.kms.katalon.core.webui.keyword.WebUiBuiltInKeywords$selectOptionByLabel$6.call(Unknown Source)
	at Script1634702981988.run(Script1634702981988.groovy:112)
	... 13 more
)
	at com.kms.katalon.core.keyword.internal.KeywordMain.stepFailed(KeywordMain.groovy:39)
	at com.kms.katalon.core.webui.keyword.internal.WebUIKeywordMain.stepFailed(WebUIKeywordMain.groovy:64)
	at com.kms.katalon.core.webui.keyword.internal.WebUIKeywordMain.runKeyword(WebUIKeywordMain.groovy:26)
	at com.kms.katalon.core.webui.keyword.builtin.SelectOptionByLabelKeyword.selectOptionByLabel(SelectOptionByLabelKeyword.groovy:98)
	at com.kms.katalon.core.webui.keyword.builtin.SelectOptionByLabelKeyword.execute(SelectOptionByLabelKeyword.groovy:71)
	at com.kms.katalon.core.keyword.internal.KeywordExecutor.executeKeywordForPlatform(KeywordExecutor.groovy:74)
	at com.kms.katalon.core.webui.keyword.WebUiBuiltInKeywords.selectOptionByLabel(WebUiBuiltInKeywords.groovy:1230)
	at com.kms.katalon.core.webui.keyword.WebUiBuiltInKeywords$selectOptionByLabel$6.call(Unknown Source)
	at Payments_ExistingLiability_HC_TC.run(Payments_ExistingLiability_HC_TC:112)
	at com.kms.katalon.core.main.ScriptEngine.run(ScriptEngine.java:194)
	at com.kms.katalon.core.main.ScriptEngine.runScriptAsRawText(ScriptEngine.java:119)
	at com.kms.katalon.core.main.TestCaseExecutor.runScript(TestCaseExecutor.java:430)
	at com.kms.katalon.core.main.TestCaseExecutor.doExecute(TestCaseExecutor.java:421)
	at com.kms.katalon.core.main.TestCaseExecutor.processExecutionPhase(TestCaseExecutor.java:400)
	at com.kms.katalon.core.main.TestCaseExecutor.accessMainPhase(TestCaseExecutor.java:392)
	at com.kms.katalon.core.main.TestCaseExecutor.execute(TestCaseExecutor.java:273)
	at com.kms.katalon.core.main.TestSuiteExecutor.accessTestCaseMainPhase(TestSuiteExecutor.java:202)
	at com.kms.katalon.core.main.TestSuiteExecutor.accessTestSuiteMainPhase(TestSuiteExecutor.java:164)
	at com.kms.katalon.core.main.TestSuiteExecutor.execute(TestSuiteExecutor.java:105)
	at com.kms.katalon.core.main.TestCaseMain.startTestSuite(TestCaseMain.java:185)
	at com.kms.katalon.core.main.TestCaseMain$startTestSuite$0.call(Unknown Source)
	at TempTestSuite1637335687322.run(TempTestSuite1637335687322.groovy:36)
Caused by: com.kms.katalon.core.exception.StepFailedException: Unable to select option by label '2020' of object 'Object Repository/RAD_Pages/TaxTypeFilingYear_Page/select_FilingYear' 
	... 21 more
Caused by: org.openqa.selenium.NoSuchElementException: Cannot locate element with text: 2020
For documentation on this error, please visit: https://www.seleniumhq.org/exceptions/no_such_element.html
Build info: version: '3.141.59', revision: 'e82be7d358', time: '2018-11-14T08:25:53'
System info: host: 'DESKTOP-B2QI6NS', ip: '172.30.2.167', os.name: 'Windows 10', os.arch: 'amd64', os.version: '10.0', java.version: '1.8.0_181'
Driver info: driver.version: unknown
	at org.openqa.selenium.support.ui.Select.selectByVisibleText(Select.java:147)
	at com.kms.katalon.core.webui.common.WebUiCommonHelper.selectOrDeselectOptionsByLabel(WebUiCommonHelper.java:310)
	at com.kms.katalon.core.webui.keyword.builtin.SelectOptionByLabelKeyword$_selectOptionByLabel_closure1.doCall(SelectOptionByLabelKeyword.groovy:87)
	at com.kms.katalon.core.webui.keyword.builtin.SelectOptionByLabelKeyword$_selectOptionByLabel_closure1.call(SelectOptionByLabelKeyword.groovy)
	at com.kms.katalon.core.webui.keyword.internal.WebUIKeywordMain.runKeyword(WebUIKeywordMain.groovy:20)
	... 19 more


2021-11-19 12:10:08 - [TEST_STEP][PASSED] - resText = "Fail": null

2021-11-19 12:10:08 - [TEST_STEP][PASSED] - resColumn = "Result": null

2021-11-19 12:10:08 - [TEST_STEP][PASSED] - datCloumn = "Date": null

2021-11-19 12:10:08 - [TEST_STEP][PASSED] - fileLoc = "C:\KatalonData\RADTestData\PaymentsELHardCoded.xlsx": null

2021-11-19 12:10:08 - [TEST_STEP][PASSED] - nameSheet = "Sheet1": null

2021-11-19 12:10:08 - [TEST_STEP][PASSED] - dataFile = "RADTestData/PaymentsELHardCoded": null

2021-11-19 12:10:08 - [TEST_STEP][PASSED] - ExecuteTC = <not implemented yet for class: org.codehaus.groovy.ast.expr.EmptyExpression>: null

2021-11-19 12:10:08 - [TEST_STEP][PASSED] - Taxtype = <not implemented yet for class: org.codehaus.groovy.ast.expr.EmptyExpression>: null

2021-11-19 12:10:08 - [TEST_STEP][PASSED] - TaxTypeEL = <not implemented yet for class: org.codehaus.groovy.ast.expr.EmptyExpression>: null

2021-11-19 12:10:08 - [TEST_STEP][PASSED] - FName = <not implemented yet for class: org.codehaus.groovy.ast.expr.EmptyExpression>: null

2021-11-19 12:10:08 - [TEST_STEP][PASSED] - LName = <not implemented yet for class: org.codehaus.groovy.ast.expr.EmptyExpression>: null

2021-11-19 12:10:08 - [TEST_STEP][PASSED] - AL1 = <not implemented yet for class: org.codehaus.groovy.ast.expr.EmptyExpression>: null

2021-11-19 12:10:08 - [TEST_STEP][PASSED] - City = <not implemented yet for class: org.codehaus.groovy.ast.expr.EmptyExpression>: null

2021-11-19 12:10:08 - [TEST_STEP][PASSED] - ZIP = <not implemented yet for class: org.codehaus.groovy.ast.expr.EmptyExpression>: null

2021-11-19 12:10:08 - [TEST_STEP][PASSED] - Amount = <not implemented yet for class: org.codehaus.groovy.ast.expr.EmptyExpression>: null

2021-11-19 12:10:08 - [TEST_STEP][PASSED] - CCNumber = <not implemented yet for class: org.codehaus.groovy.ast.expr.EmptyExpression>: null

2021-11-19 12:10:08 - [TEST_STEP][PASSED] - CVV = <not implemented yet for class: org.codehaus.groovy.ast.expr.EmptyExpression>: null

2021-11-19 12:10:08 - [TEST_STEP][PASSED] - SSN = <not implemented yet for class: org.codehaus.groovy.ast.expr.EmptyExpression>: null

2021-11-19 12:10:08 - [TEST_STEP][PASSED] - FilingYear = <not implemented yet for class: org.codehaus.groovy.ast.expr.EmptyExpression>: null

2021-11-19 12:10:08 - [TEST_STEP][PASSED] - FEIN = <not implemented yet for class: org.codehaus.groovy.ast.expr.EmptyExpression>: null

2021-11-19 12:10:08 - [TEST_STEP][PASSED] - rand = new java.util.Random(): null

2021-11-19 12:10:08 - [TEST_STEP][PASSED] - numOfRows = findTestData(dataFile).getRowNumbers(): null

2021-11-19 12:10:08 - [TEST_STEP][PASSED] - println("Number of Records: " + numOfRows): null

2021-11-19 12:10:08 - [TEST_STEP][FAILED] - for ([row = 1, row <= numOfRows, (row++)]): null

2021-11-19 12:10:08 - [TEST_STEP][PASSED] - ExecuteTC = findTestData(dataFile).getValue("Execute", row): null

2021-11-19 12:10:08 - [TEST_STEP][PASSED] - Taxtype = findTestData(dataFile).getValue("TaxType", row): null

2021-11-19 12:10:08 - [TEST_STEP][PASSED] - TaxTypeEL = findTestData(dataFile).getValue("TaxTypeEL", row): null

2021-11-19 12:10:08 - [TEST_STEP][PASSED] - FilingYear = findTestData(dataFile).getValue("FilingYear", row): null

2021-11-19 12:10:08 - [TEST_STEP][PASSED] - FName = findTestData(dataFile).getValue("Fname", row): null

2021-11-19 12:10:08 - [TEST_STEP][PASSED] - LName = findTestData(dataFile).getValue("Lname", row): null

2021-11-19 12:10:08 - [TEST_STEP][PASSED] - AL1 = findTestData(dataFile).getValue("AL1", row): null

2021-11-19 12:10:08 - [TEST_STEP][PASSED] - City = findTestData(dataFile).getValue("City", row): null

2021-11-19 12:10:08 - [TEST_STEP][PASSED] - ZIP = findTestData(dataFile).getValue("ZIP", row): null

2021-11-19 12:10:08 - [TEST_STEP][PASSED] - Amount = findTestData(dataFile).getValue("Amount", row): null

2021-11-19 12:10:08 - [TEST_STEP][PASSED] - CCNumber = findTestData(dataFile).getValue("CCNumber", row): null

2021-11-19 12:10:08 - [TEST_STEP][PASSED] - CVV = findTestData(dataFile).getValue("CVV", row): null

2021-11-19 12:10:08 - [TEST_STEP][PASSED] - SSN = findTestData(dataFile).getValue("SSN", row): null

2021-11-19 12:10:08 - [TEST_STEP][PASSED] - FEIN = findTestData(dataFile).getValue("FEIN", row): null

2021-11-19 12:10:08 - [TEST_STEP][PASSED] - out.println("Value of Execute is : " + ExecuteTC): null

2021-11-19 12:10:08 - [TEST_STEP][PASSED] - if (ExecuteTC.equalsIgnoreCase("Y")): null

2021-11-19 12:10:08 - [TEST_STEP][PASSED] - ExecuteTC = findTestData(dataFile).getValue("Execute", row): null

2021-11-19 12:10:08 - [TEST_STEP][PASSED] - Taxtype = findTestData(dataFile).getValue("TaxType", row): null

2021-11-19 12:10:08 - [TEST_STEP][PASSED] - TaxTypeEL = findTestData(dataFile).getValue("TaxTypeEL", row): null

2021-11-19 12:10:08 - [TEST_STEP][PASSED] - FilingYear = findTestData(dataFile).getValue("FilingYear", row): null

2021-11-19 12:10:08 - [TEST_STEP][PASSED] - FName = findTestData(dataFile).getValue("Fname", row): null

2021-11-19 12:10:08 - [TEST_STEP][PASSED] - LName = findTestData(dataFile).getValue("Lname", row): null

2021-11-19 12:10:08 - [TEST_STEP][PASSED] - AL1 = findTestData(dataFile).getValue("AL1", row): null

2021-11-19 12:10:08 - [TEST_STEP][PASSED] - City = findTestData(dataFile).getValue("City", row): null

2021-11-19 12:10:08 - [TEST_STEP][PASSED] - ZIP = findTestData(dataFile).getValue("ZIP", row): null

2021-11-19 12:10:08 - [TEST_STEP][PASSED] - Amount = findTestData(dataFile).getValue("Amount", row): null

2021-11-19 12:10:09 - [TEST_STEP][PASSED] - CCNumber = findTestData(dataFile).getValue("CCNumber", row): null

2021-11-19 12:10:09 - [TEST_STEP][PASSED] - CVV = findTestData(dataFile).getValue("CVV", row): null

2021-11-19 12:10:09 - [TEST_STEP][PASSED] - SSN = findTestData(dataFile).getValue("SSN", row): null

2021-11-19 12:10:09 - [TEST_STEP][PASSED] - FEIN = findTestData(dataFile).getValue("FEIN", row): null

2021-11-19 12:10:09 - [TEST_STEP][PASSED] - out.println("Value of Execute is : " + ExecuteTC): null

2021-11-19 12:10:09 - [TEST_STEP][PASSED] - if (ExecuteTC.equalsIgnoreCase("Y")): null

2021-11-19 12:10:09 - [TEST_STEP][PASSED] - ExecuteTC = findTestData(dataFile).getValue("Execute", row): null

2021-11-19 12:10:09 - [TEST_STEP][PASSED] - Taxtype = findTestData(dataFile).getValue("TaxType", row): null

2021-11-19 12:10:09 - [TEST_STEP][PASSED] - TaxTypeEL = findTestData(dataFile).getValue("TaxTypeEL", row): null

2021-11-19 12:10:09 - [TEST_STEP][PASSED] - FilingYear = findTestData(dataFile).getValue("FilingYear", row): null

2021-11-19 12:10:09 - [TEST_STEP][PASSED] - FName = findTestData(dataFile).getValue("Fname", row): null

2021-11-19 12:10:09 - [TEST_STEP][PASSED] - LName = findTestData(dataFile).getValue("Lname", row): null

2021-11-19 12:10:09 - [TEST_STEP][PASSED] - AL1 = findTestData(dataFile).getValue("AL1", row): null

2021-11-19 12:10:09 - [TEST_STEP][PASSED] - City = findTestData(dataFile).getValue("City", row): null

2021-11-19 12:10:09 - [TEST_STEP][PASSED] - ZIP = findTestData(dataFile).getValue("ZIP", row): null

2021-11-19 12:10:09 - [TEST_STEP][PASSED] - Amount = findTestData(dataFile).getValue("Amount", row): null

2021-11-19 12:10:09 - [TEST_STEP][PASSED] - CCNumber = findTestData(dataFile).getValue("CCNumber", row): null

2021-11-19 12:10:09 - [TEST_STEP][PASSED] - CVV = findTestData(dataFile).getValue("CVV", row): null

2021-11-19 12:10:09 - [TEST_STEP][PASSED] - SSN = findTestData(dataFile).getValue("SSN", row): null

2021-11-19 12:10:09 - [TEST_STEP][PASSED] - FEIN = findTestData(dataFile).getValue("FEIN", row): null

2021-11-19 12:10:09 - [TEST_STEP][PASSED] - out.println("Value of Execute is : " + ExecuteTC): null

2021-11-19 12:10:09 - [TEST_STEP][PASSED] - if (ExecuteTC.equalsIgnoreCase("Y")): null

2021-11-19 12:10:09 - [TEST_STEP][PASSED] - ExecuteTC = findTestData(dataFile).getValue("Execute", row): null

2021-11-19 12:10:09 - [TEST_STEP][PASSED] - Taxtype = findTestData(dataFile).getValue("TaxType", row): null

2021-11-19 12:10:09 - [TEST_STEP][PASSED] - TaxTypeEL = findTestData(dataFile).getValue("TaxTypeEL", row): null

2021-11-19 12:10:09 - [TEST_STEP][PASSED] - FilingYear = findTestData(dataFile).getValue("FilingYear", row): null

2021-11-19 12:10:09 - [TEST_STEP][PASSED] - FName = findTestData(dataFile).getValue("Fname", row): null

2021-11-19 12:10:09 - [TEST_STEP][PASSED] - LName = findTestData(dataFile).getValue("Lname", row): null

2021-11-19 12:10:09 - [TEST_STEP][PASSED] - AL1 = findTestData(dataFile).getValue("AL1", row): null

2021-11-19 12:10:09 - [TEST_STEP][PASSED] - City = findTestData(dataFile).getValue("City", row): null

2021-11-19 12:10:09 - [TEST_STEP][PASSED] - ZIP = findTestData(dataFile).getValue("ZIP", row): null

2021-11-19 12:10:09 - [TEST_STEP][PASSED] - Amount = findTestData(dataFile).getValue("Amount", row): null

2021-11-19 12:10:09 - [TEST_STEP][PASSED] - CCNumber = findTestData(dataFile).getValue("CCNumber", row): null

2021-11-19 12:10:09 - [TEST_STEP][PASSED] - CVV = findTestData(dataFile).getValue("CVV", row): null

2021-11-19 12:10:09 - [TEST_STEP][PASSED] - SSN = findTestData(dataFile).getValue("SSN", row): null

2021-11-19 12:10:09 - [TEST_STEP][PASSED] - FEIN = findTestData(dataFile).getValue("FEIN", row): null

2021-11-19 12:10:09 - [TEST_STEP][PASSED] - out.println("Value of Execute is : " + ExecuteTC): null

2021-11-19 12:10:09 - [TEST_STEP][PASSED] - if (ExecuteTC.equalsIgnoreCase("Y")): null

2021-11-19 12:10:09 - [TEST_STEP][PASSED] - ExecuteTC = findTestData(dataFile).getValue("Execute", row): null

2021-11-19 12:10:10 - [TEST_STEP][PASSED] - Taxtype = findTestData(dataFile).getValue("TaxType", row): null

2021-11-19 12:10:10 - [TEST_STEP][PASSED] - TaxTypeEL = findTestData(dataFile).getValue("TaxTypeEL", row): null

2021-11-19 12:10:10 - [TEST_STEP][PASSED] - FilingYear = findTestData(dataFile).getValue("FilingYear", row): null

2021-11-19 12:10:10 - [TEST_STEP][PASSED] - FName = findTestData(dataFile).getValue("Fname", row): null

2021-11-19 12:10:10 - [TEST_STEP][PASSED] - LName = findTestData(dataFile).getValue("Lname", row): null

2021-11-19 12:10:10 - [TEST_STEP][PASSED] - AL1 = findTestData(dataFile).getValue("AL1", row): null

2021-11-19 12:10:10 - [TEST_STEP][PASSED] - City = findTestData(dataFile).getValue("City", row): null

2021-11-19 12:10:10 - [TEST_STEP][PASSED] - ZIP = findTestData(dataFile).getValue("ZIP", row): null

2021-11-19 12:10:10 - [TEST_STEP][PASSED] - Amount = findTestData(dataFile).getValue("Amount", row): null

2021-11-19 12:10:10 - [TEST_STEP][PASSED] - CCNumber = findTestData(dataFile).getValue("CCNumber", row): null

2021-11-19 12:10:10 - [TEST_STEP][PASSED] - CVV = findTestData(dataFile).getValue("CVV", row): null

2021-11-19 12:10:10 - [TEST_STEP][PASSED] - SSN = findTestData(dataFile).getValue("SSN", row): null

2021-11-19 12:10:10 - [TEST_STEP][PASSED] - FEIN = findTestData(dataFile).getValue("FEIN", row): null

2021-11-19 12:10:10 - [TEST_STEP][PASSED] - out.println("Value of Execute is : " + ExecuteTC): null

2021-11-19 12:10:10 - [TEST_STEP][PASSED] - if (ExecuteTC.equalsIgnoreCase("Y")): null

2021-11-19 12:10:10 - [TEST_STEP][PASSED] - ExecuteTC = findTestData(dataFile).getValue("Execute", row): null

2021-11-19 12:10:10 - [TEST_STEP][PASSED] - Taxtype = findTestData(dataFile).getValue("TaxType", row): null

2021-11-19 12:10:10 - [TEST_STEP][PASSED] - TaxTypeEL = findTestData(dataFile).getValue("TaxTypeEL", row): null

2021-11-19 12:10:10 - [TEST_STEP][PASSED] - FilingYear = findTestData(dataFile).getValue("FilingYear", row): null

2021-11-19 12:10:10 - [TEST_STEP][PASSED] - FName = findTestData(dataFile).getValue("Fname", row): null

2021-11-19 12:10:10 - [TEST_STEP][PASSED] - LName = findTestData(dataFile).getValue("Lname", row): null

2021-11-19 12:10:10 - [TEST_STEP][PASSED] - AL1 = findTestData(dataFile).getValue("AL1", row): null

2021-11-19 12:10:10 - [TEST_STEP][PASSED] - City = findTestData(dataFile).getValue("City", row): null

2021-11-19 12:10:10 - [TEST_STEP][PASSED] - ZIP = findTestData(dataFile).getValue("ZIP", row): null

2021-11-19 12:10:10 - [TEST_STEP][PASSED] - Amount = findTestData(dataFile).getValue("Amount", row): null

2021-11-19 12:10:10 - [TEST_STEP][PASSED] - CCNumber = findTestData(dataFile).getValue("CCNumber", row): null

2021-11-19 12:10:10 - [TEST_STEP][PASSED] - CVV = findTestData(dataFile).getValue("CVV", row): null

2021-11-19 12:10:10 - [TEST_STEP][PASSED] - SSN = findTestData(dataFile).getValue("SSN", row): null

2021-11-19 12:10:10 - [TEST_STEP][PASSED] - FEIN = findTestData(dataFile).getValue("FEIN", row): null

2021-11-19 12:10:10 - [TEST_STEP][PASSED] - out.println("Value of Execute is : " + ExecuteTC): null

2021-11-19 12:10:10 - [TEST_STEP][PASSED] - if (ExecuteTC.equalsIgnoreCase("Y")): null

2021-11-19 12:10:10 - [TEST_STEP][PASSED] - ExecuteTC = findTestData(dataFile).getValue("Execute", row): null

2021-11-19 12:10:10 - [TEST_STEP][PASSED] - Taxtype = findTestData(dataFile).getValue("TaxType", row): null

2021-11-19 12:10:10 - [TEST_STEP][PASSED] - TaxTypeEL = findTestData(dataFile).getValue("TaxTypeEL", row): null

2021-11-19 12:10:10 - [TEST_STEP][PASSED] - FilingYear = findTestData(dataFile).getValue("FilingYear", row): null

2021-11-19 12:10:10 - [TEST_STEP][PASSED] - FName = findTestData(dataFile).getValue("Fname", row): null

2021-11-19 12:10:10 - [TEST_STEP][PASSED] - LName = findTestData(dataFile).getValue("Lname", row): null

2021-11-19 12:10:11 - [TEST_STEP][PASSED] - AL1 = findTestData(dataFile).getValue("AL1", row): null

2021-11-19 12:10:11 - [TEST_STEP][PASSED] - City = findTestData(dataFile).getValue("City", row): null

2021-11-19 12:10:11 - [TEST_STEP][PASSED] - ZIP = findTestData(dataFile).getValue("ZIP", row): null

2021-11-19 12:10:11 - [TEST_STEP][PASSED] - Amount = findTestData(dataFile).getValue("Amount", row): null

2021-11-19 12:10:11 - [TEST_STEP][PASSED] - CCNumber = findTestData(dataFile).getValue("CCNumber", row): null

2021-11-19 12:10:11 - [TEST_STEP][PASSED] - CVV = findTestData(dataFile).getValue("CVV", row): null

2021-11-19 12:10:11 - [TEST_STEP][PASSED] - SSN = findTestData(dataFile).getValue("SSN", row): null

2021-11-19 12:10:11 - [TEST_STEP][PASSED] - FEIN = findTestData(dataFile).getValue("FEIN", row): null

2021-11-19 12:10:11 - [TEST_STEP][PASSED] - out.println("Value of Execute is : " + ExecuteTC): null

2021-11-19 12:10:11 - [TEST_STEP][PASSED] - if (ExecuteTC.equalsIgnoreCase("Y")): null

2021-11-19 12:10:11 - [TEST_STEP][PASSED] - ExecuteTC = findTestData(dataFile).getValue("Execute", row): null

2021-11-19 12:10:11 - [TEST_STEP][PASSED] - Taxtype = findTestData(dataFile).getValue("TaxType", row): null

2021-11-19 12:10:11 - [TEST_STEP][PASSED] - TaxTypeEL = findTestData(dataFile).getValue("TaxTypeEL", row): null

2021-11-19 12:10:11 - [TEST_STEP][PASSED] - FilingYear = findTestData(dataFile).getValue("FilingYear", row): null

2021-11-19 12:10:11 - [TEST_STEP][PASSED] - FName = findTestData(dataFile).getValue("Fname", row): null

2021-11-19 12:10:11 - [TEST_STEP][PASSED] - LName = findTestData(dataFile).getValue("Lname", row): null

2021-11-19 12:10:11 - [TEST_STEP][PASSED] - AL1 = findTestData(dataFile).getValue("AL1", row): null

2021-11-19 12:10:11 - [TEST_STEP][PASSED] - City = findTestData(dataFile).getValue("City", row): null

2021-11-19 12:10:11 - [TEST_STEP][PASSED] - ZIP = findTestData(dataFile).getValue("ZIP", row): null

2021-11-19 12:10:11 - [TEST_STEP][PASSED] - Amount = findTestData(dataFile).getValue("Amount", row): null

2021-11-19 12:10:11 - [TEST_STEP][PASSED] - CCNumber = findTestData(dataFile).getValue("CCNumber", row): null

2021-11-19 12:10:11 - [TEST_STEP][PASSED] - CVV = findTestData(dataFile).getValue("CVV", row): null

2021-11-19 12:10:11 - [TEST_STEP][PASSED] - SSN = findTestData(dataFile).getValue("SSN", row): null

2021-11-19 12:10:11 - [TEST_STEP][PASSED] - FEIN = findTestData(dataFile).getValue("FEIN", row): null

2021-11-19 12:10:11 - [TEST_STEP][PASSED] - out.println("Value of Execute is : " + ExecuteTC): null

2021-11-19 12:10:11 - [TEST_STEP][PASSED] - if (ExecuteTC.equalsIgnoreCase("Y")): null

2021-11-19 12:10:11 - [TEST_STEP][PASSED] - ExecuteTC = findTestData(dataFile).getValue("Execute", row): null

2021-11-19 12:10:11 - [TEST_STEP][PASSED] - Taxtype = findTestData(dataFile).getValue("TaxType", row): null

2021-11-19 12:10:11 - [TEST_STEP][PASSED] - TaxTypeEL = findTestData(dataFile).getValue("TaxTypeEL", row): null

2021-11-19 12:10:11 - [TEST_STEP][PASSED] - FilingYear = findTestData(dataFile).getValue("FilingYear", row): null

2021-11-19 12:10:11 - [TEST_STEP][PASSED] - FName = findTestData(dataFile).getValue("Fname", row): null

2021-11-19 12:10:11 - [TEST_STEP][PASSED] - LName = findTestData(dataFile).getValue("Lname", row): null

2021-11-19 12:10:11 - [TEST_STEP][PASSED] - AL1 = findTestData(dataFile).getValue("AL1", row): null

2021-11-19 12:10:11 - [TEST_STEP][PASSED] - City = findTestData(dataFile).getValue("City", row): null

2021-11-19 12:10:11 - [TEST_STEP][PASSED] - ZIP = findTestData(dataFile).getValue("ZIP", row): null

2021-11-19 12:10:11 - [TEST_STEP][PASSED] - Amount = findTestData(dataFile).getValue("Amount", row): null

2021-11-19 12:10:12 - [TEST_STEP][PASSED] - CCNumber = findTestData(dataFile).getValue("CCNumber", row): null

2021-11-19 12:10:12 - [TEST_STEP][PASSED] - CVV = findTestData(dataFile).getValue("CVV", row): null

2021-11-19 12:10:12 - [TEST_STEP][PASSED] - SSN = findTestData(dataFile).getValue("SSN", row): null

2021-11-19 12:10:12 - [TEST_STEP][PASSED] - FEIN = findTestData(dataFile).getValue("FEIN", row): null

2021-11-19 12:10:12 - [TEST_STEP][PASSED] - out.println("Value of Execute is : " + ExecuteTC): null

2021-11-19 12:10:12 - [TEST_STEP][PASSED] - if (ExecuteTC.equalsIgnoreCase("Y")): null

2021-11-19 12:10:12 - [TEST_STEP][PASSED] - ExecuteTC = findTestData(dataFile).getValue("Execute", row): null

2021-11-19 12:10:12 - [TEST_STEP][PASSED] - Taxtype = findTestData(dataFile).getValue("TaxType", row): null

2021-11-19 12:10:12 - [TEST_STEP][PASSED] - TaxTypeEL = findTestData(dataFile).getValue("TaxTypeEL", row): null

2021-11-19 12:10:12 - [TEST_STEP][PASSED] - FilingYear = findTestData(dataFile).getValue("FilingYear", row): null

2021-11-19 12:10:12 - [TEST_STEP][PASSED] - FName = findTestData(dataFile).getValue("Fname", row): null

2021-11-19 12:10:12 - [TEST_STEP][PASSED] - LName = findTestData(dataFile).getValue("Lname", row): null

2021-11-19 12:10:12 - [TEST_STEP][PASSED] - AL1 = findTestData(dataFile).getValue("AL1", row): null

2021-11-19 12:10:12 - [TEST_STEP][PASSED] - City = findTestData(dataFile).getValue("City", row): null

2021-11-19 12:10:12 - [TEST_STEP][PASSED] - ZIP = findTestData(dataFile).getValue("ZIP", row): null

2021-11-19 12:10:12 - [TEST_STEP][PASSED] - Amount = findTestData(dataFile).getValue("Amount", row): null

2021-11-19 12:10:12 - [TEST_STEP][PASSED] - CCNumber = findTestData(dataFile).getValue("CCNumber", row): null

2021-11-19 12:10:12 - [TEST_STEP][PASSED] - CVV = findTestData(dataFile).getValue("CVV", row): null

2021-11-19 12:10:12 - [TEST_STEP][PASSED] - SSN = findTestData(dataFile).getValue("SSN", row): null

2021-11-19 12:10:12 - [TEST_STEP][PASSED] - FEIN = findTestData(dataFile).getValue("FEIN", row): null

2021-11-19 12:10:12 - [TEST_STEP][PASSED] - out.println("Value of Execute is : " + ExecuteTC): null

2021-11-19 12:10:12 - [TEST_STEP][PASSED] - if (ExecuteTC.equalsIgnoreCase("Y")): null

2021-11-19 12:10:12 - [TEST_STEP][PASSED] - ExecuteTC = findTestData(dataFile).getValue("Execute", row): null

2021-11-19 12:10:12 - [TEST_STEP][PASSED] - Taxtype = findTestData(dataFile).getValue("TaxType", row): null

2021-11-19 12:10:12 - [TEST_STEP][PASSED] - TaxTypeEL = findTestData(dataFile).getValue("TaxTypeEL", row): null

2021-11-19 12:10:12 - [TEST_STEP][PASSED] - FilingYear = findTestData(dataFile).getValue("FilingYear", row): null

2021-11-19 12:10:12 - [TEST_STEP][PASSED] - FName = findTestData(dataFile).getValue("Fname", row): null

2021-11-19 12:10:12 - [TEST_STEP][PASSED] - LName = findTestData(dataFile).getValue("Lname", row): null

2021-11-19 12:10:12 - [TEST_STEP][PASSED] - AL1 = findTestData(dataFile).getValue("AL1", row): null

2021-11-19 12:10:12 - [TEST_STEP][PASSED] - City = findTestData(dataFile).getValue("City", row): null

2021-11-19 12:10:12 - [TEST_STEP][PASSED] - ZIP = findTestData(dataFile).getValue("ZIP", row): null

2021-11-19 12:10:12 - [TEST_STEP][PASSED] - Amount = findTestData(dataFile).getValue("Amount", row): null

2021-11-19 12:10:12 - [TEST_STEP][PASSED] - CCNumber = findTestData(dataFile).getValue("CCNumber", row): null

2021-11-19 12:10:12 - [TEST_STEP][PASSED] - CVV = findTestData(dataFile).getValue("CVV", row): null

2021-11-19 12:10:13 - [TEST_STEP][PASSED] - SSN = findTestData(dataFile).getValue("SSN", row): null

2021-11-19 12:10:13 - [TEST_STEP][PASSED] - FEIN = findTestData(dataFile).getValue("FEIN", row): null

2021-11-19 12:10:13 - [TEST_STEP][PASSED] - out.println("Value of Execute is : " + ExecuteTC): null

2021-11-19 12:10:13 - [TEST_STEP][PASSED] - if (ExecuteTC.equalsIgnoreCase("Y")): null

2021-11-19 12:10:13 - [TEST_STEP][PASSED] - ExecuteTC = findTestData(dataFile).getValue("Execute", row): null

2021-11-19 12:10:13 - [TEST_STEP][PASSED] - Taxtype = findTestData(dataFile).getValue("TaxType", row): null

2021-11-19 12:10:13 - [TEST_STEP][PASSED] - TaxTypeEL = findTestData(dataFile).getValue("TaxTypeEL", row): null

2021-11-19 12:10:13 - [TEST_STEP][PASSED] - FilingYear = findTestData(dataFile).getValue("FilingYear", row): null

2021-11-19 12:10:13 - [TEST_STEP][PASSED] - FName = findTestData(dataFile).getValue("Fname", row): null

2021-11-19 12:10:13 - [TEST_STEP][PASSED] - LName = findTestData(dataFile).getValue("Lname", row): null

2021-11-19 12:10:13 - [TEST_STEP][PASSED] - AL1 = findTestData(dataFile).getValue("AL1", row): null

2021-11-19 12:10:13 - [TEST_STEP][PASSED] - City = findTestData(dataFile).getValue("City", row): null

2021-11-19 12:10:13 - [TEST_STEP][PASSED] - ZIP = findTestData(dataFile).getValue("ZIP", row): null

2021-11-19 12:10:13 - [TEST_STEP][PASSED] - Amount = findTestData(dataFile).getValue("Amount", row): null

2021-11-19 12:10:13 - [TEST_STEP][PASSED] - CCNumber = findTestData(dataFile).getValue("CCNumber", row): null

2021-11-19 12:10:13 - [TEST_STEP][PASSED] - CVV = findTestData(dataFile).getValue("CVV", row): null

2021-11-19 12:10:13 - [TEST_STEP][PASSED] - SSN = findTestData(dataFile).getValue("SSN", row): null

2021-11-19 12:10:13 - [TEST_STEP][PASSED] - FEIN = findTestData(dataFile).getValue("FEIN", row): null

2021-11-19 12:10:13 - [TEST_STEP][PASSED] - out.println("Value of Execute is : " + ExecuteTC): null

2021-11-19 12:10:13 - [TEST_STEP][PASSED] - if (ExecuteTC.equalsIgnoreCase("Y")): null

2021-11-19 12:10:13 - [TEST_STEP][PASSED] - ExecuteTC = findTestData(dataFile).getValue("Execute", row): null

2021-11-19 12:10:13 - [TEST_STEP][PASSED] - Taxtype = findTestData(dataFile).getValue("TaxType", row): null

2021-11-19 12:10:13 - [TEST_STEP][PASSED] - TaxTypeEL = findTestData(dataFile).getValue("TaxTypeEL", row): null

2021-11-19 12:10:13 - [TEST_STEP][PASSED] - FilingYear = findTestData(dataFile).getValue("FilingYear", row): null

2021-11-19 12:10:13 - [TEST_STEP][PASSED] - FName = findTestData(dataFile).getValue("Fname", row): null

2021-11-19 12:10:13 - [TEST_STEP][PASSED] - LName = findTestData(dataFile).getValue("Lname", row): null

2021-11-19 12:10:13 - [TEST_STEP][PASSED] - AL1 = findTestData(dataFile).getValue("AL1", row): null

2021-11-19 12:10:13 - [TEST_STEP][PASSED] - City = findTestData(dataFile).getValue("City", row): null

2021-11-19 12:10:13 - [TEST_STEP][PASSED] - ZIP = findTestData(dataFile).getValue("ZIP", row): null

2021-11-19 12:10:13 - [TEST_STEP][PASSED] - Amount = findTestData(dataFile).getValue("Amount", row): null

2021-11-19 12:10:13 - [TEST_STEP][PASSED] - CCNumber = findTestData(dataFile).getValue("CCNumber", row): null

2021-11-19 12:10:13 - [TEST_STEP][PASSED] - CVV = findTestData(dataFile).getValue("CVV", row): null

2021-11-19 12:10:13 - [TEST_STEP][PASSED] - SSN = findTestData(dataFile).getValue("SSN", row): null

2021-11-19 12:10:13 - [TEST_STEP][PASSED] - FEIN = findTestData(dataFile).getValue("FEIN", row): null

2021-11-19 12:10:13 - [TEST_STEP][PASSED] - out.println("Value of Execute is : " + ExecuteTC): null

2021-11-19 12:10:13 - [TEST_STEP][PASSED] - if (ExecuteTC.equalsIgnoreCase("Y")): null

2021-11-19 12:10:13 - [TEST_STEP][PASSED] - ExecuteTC = findTestData(dataFile).getValue("Execute", row): null

2021-11-19 12:10:13 - [TEST_STEP][PASSED] - Taxtype = findTestData(dataFile).getValue("TaxType", row): null

2021-11-19 12:10:14 - [TEST_STEP][PASSED] - TaxTypeEL = findTestData(dataFile).getValue("TaxTypeEL", row): null

2021-11-19 12:10:14 - [TEST_STEP][PASSED] - FilingYear = findTestData(dataFile).getValue("FilingYear", row): null

2021-11-19 12:10:14 - [TEST_STEP][PASSED] - FName = findTestData(dataFile).getValue("Fname", row): null

2021-11-19 12:10:14 - [TEST_STEP][PASSED] - LName = findTestData(dataFile).getValue("Lname", row): null

2021-11-19 12:10:14 - [TEST_STEP][PASSED] - AL1 = findTestData(dataFile).getValue("AL1", row): null

2021-11-19 12:10:14 - [TEST_STEP][PASSED] - City = findTestData(dataFile).getValue("City", row): null

2021-11-19 12:10:14 - [TEST_STEP][PASSED] - ZIP = findTestData(dataFile).getValue("ZIP", row): null

2021-11-19 12:10:14 - [TEST_STEP][PASSED] - Amount = findTestData(dataFile).getValue("Amount", row): null

2021-11-19 12:10:14 - [TEST_STEP][PASSED] - CCNumber = findTestData(dataFile).getValue("CCNumber", row): null

2021-11-19 12:10:14 - [TEST_STEP][PASSED] - CVV = findTestData(dataFile).getValue("CVV", row): null

2021-11-19 12:10:14 - [TEST_STEP][PASSED] - SSN = findTestData(dataFile).getValue("SSN", row): null

2021-11-19 12:10:14 - [TEST_STEP][PASSED] - FEIN = findTestData(dataFile).getValue("FEIN", row): null

2021-11-19 12:10:14 - [TEST_STEP][PASSED] - out.println("Value of Execute is : " + ExecuteTC): null

2021-11-19 12:10:14 - [TEST_STEP][PASSED] - if (ExecuteTC.equalsIgnoreCase("Y")): null

2021-11-19 12:10:14 - [TEST_STEP][PASSED] - ExecuteTC = findTestData(dataFile).getValue("Execute", row): null

2021-11-19 12:10:14 - [TEST_STEP][PASSED] - Taxtype = findTestData(dataFile).getValue("TaxType", row): null

2021-11-19 12:10:14 - [TEST_STEP][PASSED] - TaxTypeEL = findTestData(dataFile).getValue("TaxTypeEL", row): null

2021-11-19 12:10:14 - [TEST_STEP][PASSED] - FilingYear = findTestData(dataFile).getValue("FilingYear", row): null

2021-11-19 12:10:14 - [TEST_STEP][PASSED] - FName = findTestData(dataFile).getValue("Fname", row): null

2021-11-19 12:10:14 - [TEST_STEP][PASSED] - LName = findTestData(dataFile).getValue("Lname", row): null

2021-11-19 12:10:14 - [TEST_STEP][PASSED] - AL1 = findTestData(dataFile).getValue("AL1", row): null

2021-11-19 12:10:14 - [TEST_STEP][PASSED] - City = findTestData(dataFile).getValue("City", row): null

2021-11-19 12:10:14 - [TEST_STEP][PASSED] - ZIP = findTestData(dataFile).getValue("ZIP", row): null

2021-11-19 12:10:14 - [TEST_STEP][PASSED] - Amount = findTestData(dataFile).getValue("Amount", row): null

2021-11-19 12:10:14 - [TEST_STEP][PASSED] - CCNumber = findTestData(dataFile).getValue("CCNumber", row): null

2021-11-19 12:10:14 - [TEST_STEP][PASSED] - CVV = findTestData(dataFile).getValue("CVV", row): null

2021-11-19 12:10:14 - [TEST_STEP][PASSED] - SSN = findTestData(dataFile).getValue("SSN", row): null

2021-11-19 12:10:14 - [TEST_STEP][PASSED] - FEIN = findTestData(dataFile).getValue("FEIN", row): null

2021-11-19 12:10:14 - [TEST_STEP][PASSED] - out.println("Value of Execute is : " + ExecuteTC): null

2021-11-19 12:10:14 - [TEST_STEP][PASSED] - if (ExecuteTC.equalsIgnoreCase("Y")): null

2021-11-19 12:10:14 - [TEST_STEP][PASSED] - ExecuteTC = findTestData(dataFile).getValue("Execute", row): null

2021-11-19 12:10:14 - [TEST_STEP][PASSED] - Taxtype = findTestData(dataFile).getValue("TaxType", row): null

2021-11-19 12:10:14 - [TEST_STEP][PASSED] - TaxTypeEL = findTestData(dataFile).getValue("TaxTypeEL", row): null

2021-11-19 12:10:14 - [TEST_STEP][PASSED] - FilingYear = findTestData(dataFile).getValue("FilingYear", row): null

2021-11-19 12:10:14 - [TEST_STEP][PASSED] - FName = findTestData(dataFile).getValue("Fname", row): null

2021-11-19 12:10:15 - [TEST_STEP][PASSED] - LName = findTestData(dataFile).getValue("Lname", row): null

2021-11-19 12:10:15 - [TEST_STEP][PASSED] - AL1 = findTestData(dataFile).getValue("AL1", row): null

2021-11-19 12:10:15 - [TEST_STEP][PASSED] - City = findTestData(dataFile).getValue("City", row): null

2021-11-19 12:10:15 - [TEST_STEP][PASSED] - ZIP = findTestData(dataFile).getValue("ZIP", row): null

2021-11-19 12:10:15 - [TEST_STEP][PASSED] - Amount = findTestData(dataFile).getValue("Amount", row): null

2021-11-19 12:10:15 - [TEST_STEP][PASSED] - CCNumber = findTestData(dataFile).getValue("CCNumber", row): null

2021-11-19 12:10:15 - [TEST_STEP][PASSED] - CVV = findTestData(dataFile).getValue("CVV", row): null

2021-11-19 12:10:15 - [TEST_STEP][PASSED] - SSN = findTestData(dataFile).getValue("SSN", row): null

2021-11-19 12:10:15 - [TEST_STEP][PASSED] - FEIN = findTestData(dataFile).getValue("FEIN", row): null

2021-11-19 12:10:15 - [TEST_STEP][PASSED] - out.println("Value of Execute is : " + ExecuteTC): null

2021-11-19 12:10:15 - [TEST_STEP][PASSED] - if (ExecuteTC.equalsIgnoreCase("Y")): null

2021-11-19 12:10:15 - [TEST_STEP][PASSED] - ExecuteTC = findTestData(dataFile).getValue("Execute", row): null

2021-11-19 12:10:15 - [TEST_STEP][PASSED] - Taxtype = findTestData(dataFile).getValue("TaxType", row): null

2021-11-19 12:10:15 - [TEST_STEP][PASSED] - TaxTypeEL = findTestData(dataFile).getValue("TaxTypeEL", row): null

2021-11-19 12:10:15 - [TEST_STEP][PASSED] - FilingYear = findTestData(dataFile).getValue("FilingYear", row): null

2021-11-19 12:10:15 - [TEST_STEP][PASSED] - FName = findTestData(dataFile).getValue("Fname", row): null

2021-11-19 12:10:15 - [TEST_STEP][PASSED] - LName = findTestData(dataFile).getValue("Lname", row): null

2021-11-19 12:10:15 - [TEST_STEP][PASSED] - AL1 = findTestData(dataFile).getValue("AL1", row): null

2021-11-19 12:10:15 - [TEST_STEP][PASSED] - City = findTestData(dataFile).getValue("City", row): null

2021-11-19 12:10:15 - [TEST_STEP][PASSED] - ZIP = findTestData(dataFile).getValue("ZIP", row): null

2021-11-19 12:10:15 - [TEST_STEP][PASSED] - Amount = findTestData(dataFile).getValue("Amount", row): null

2021-11-19 12:10:15 - [TEST_STEP][PASSED] - CCNumber = findTestData(dataFile).getValue("CCNumber", row): null

2021-11-19 12:10:15 - [TEST_STEP][PASSED] - CVV = findTestData(dataFile).getValue("CVV", row): null

2021-11-19 12:10:15 - [TEST_STEP][PASSED] - SSN = findTestData(dataFile).getValue("SSN", row): null

2021-11-19 12:10:15 - [TEST_STEP][PASSED] - FEIN = findTestData(dataFile).getValue("FEIN", row): null

2021-11-19 12:10:15 - [TEST_STEP][PASSED] - out.println("Value of Execute is : " + ExecuteTC): null

2021-11-19 12:10:15 - [TEST_STEP][PASSED] - if (ExecuteTC.equalsIgnoreCase("Y")): null

2021-11-19 12:10:15 - [TEST_STEP][PASSED] - ExecuteTC = findTestData(dataFile).getValue("Execute", row): null

2021-11-19 12:10:15 - [TEST_STEP][PASSED] - Taxtype = findTestData(dataFile).getValue("TaxType", row): null

2021-11-19 12:10:15 - [TEST_STEP][PASSED] - TaxTypeEL = findTestData(dataFile).getValue("TaxTypeEL", row): null

2021-11-19 12:10:15 - [TEST_STEP][PASSED] - FilingYear = findTestData(dataFile).getValue("FilingYear", row): null

2021-11-19 12:10:15 - [TEST_STEP][PASSED] - FName = findTestData(dataFile).getValue("Fname", row): null

2021-11-19 12:10:15 - [TEST_STEP][PASSED] - LName = findTestData(dataFile).getValue("Lname", row): null

2021-11-19 12:10:15 - [TEST_STEP][PASSED] - AL1 = findTestData(dataFile).getValue("AL1", row): null

2021-11-19 12:10:16 - [TEST_STEP][PASSED] - City = findTestData(dataFile).getValue("City", row): null

2021-11-19 12:10:16 - [TEST_STEP][PASSED] - ZIP = findTestData(dataFile).getValue("ZIP", row): null

2021-11-19 12:10:16 - [TEST_STEP][PASSED] - Amount = findTestData(dataFile).getValue("Amount", row): null

2021-11-19 12:10:16 - [TEST_STEP][PASSED] - CCNumber = findTestData(dataFile).getValue("CCNumber", row): null

2021-11-19 12:10:16 - [TEST_STEP][PASSED] - CVV = findTestData(dataFile).getValue("CVV", row): null

2021-11-19 12:10:16 - [TEST_STEP][PASSED] - SSN = findTestData(dataFile).getValue("SSN", row): null

2021-11-19 12:10:16 - [TEST_STEP][PASSED] - FEIN = findTestData(dataFile).getValue("FEIN", row): null

2021-11-19 12:10:16 - [TEST_STEP][PASSED] - out.println("Value of Execute is : " + ExecuteTC): null

2021-11-19 12:10:16 - [TEST_STEP][PASSED] - if (ExecuteTC.equalsIgnoreCase("Y")): null

2021-11-19 12:10:16 - [TEST_STEP][PASSED] - ExecuteTC = findTestData(dataFile).getValue("Execute", row): null

2021-11-19 12:10:16 - [TEST_STEP][PASSED] - Taxtype = findTestData(dataFile).getValue("TaxType", row): null

2021-11-19 12:10:16 - [TEST_STEP][PASSED] - TaxTypeEL = findTestData(dataFile).getValue("TaxTypeEL", row): null

2021-11-19 12:10:16 - [TEST_STEP][PASSED] - FilingYear = findTestData(dataFile).getValue("FilingYear", row): null

2021-11-19 12:10:16 - [TEST_STEP][PASSED] - FName = findTestData(dataFile).getValue("Fname", row): null

2021-11-19 12:10:16 - [TEST_STEP][PASSED] - LName = findTestData(dataFile).getValue("Lname", row): null

2021-11-19 12:10:16 - [TEST_STEP][PASSED] - AL1 = findTestData(dataFile).getValue("AL1", row): null

2021-11-19 12:10:16 - [TEST_STEP][PASSED] - City = findTestData(dataFile).getValue("City", row): null

2021-11-19 12:10:16 - [TEST_STEP][PASSED] - ZIP = findTestData(dataFile).getValue("ZIP", row): null

2021-11-19 12:10:16 - [TEST_STEP][PASSED] - Amount = findTestData(dataFile).getValue("Amount", row): null

2021-11-19 12:10:16 - [TEST_STEP][PASSED] - CCNumber = findTestData(dataFile).getValue("CCNumber", row): null

2021-11-19 12:10:16 - [TEST_STEP][PASSED] - CVV = findTestData(dataFile).getValue("CVV", row): null

2021-11-19 12:10:16 - [TEST_STEP][PASSED] - SSN = findTestData(dataFile).getValue("SSN", row): null

2021-11-19 12:10:16 - [TEST_STEP][PASSED] - FEIN = findTestData(dataFile).getValue("FEIN", row): null

2021-11-19 12:10:16 - [TEST_STEP][PASSED] - out.println("Value of Execute is : " + ExecuteTC): null

2021-11-19 12:10:16 - [TEST_STEP][PASSED] - if (ExecuteTC.equalsIgnoreCase("Y")): null

2021-11-19 12:10:16 - [TEST_STEP][PASSED] - ExecuteTC = findTestData(dataFile).getValue("Execute", row): null

2021-11-19 12:10:16 - [TEST_STEP][PASSED] - Taxtype = findTestData(dataFile).getValue("TaxType", row): null

2021-11-19 12:10:16 - [TEST_STEP][PASSED] - TaxTypeEL = findTestData(dataFile).getValue("TaxTypeEL", row): null

2021-11-19 12:10:16 - [TEST_STEP][PASSED] - FilingYear = findTestData(dataFile).getValue("FilingYear", row): null

2021-11-19 12:10:16 - [TEST_STEP][PASSED] - FName = findTestData(dataFile).getValue("Fname", row): null

2021-11-19 12:10:16 - [TEST_STEP][PASSED] - LName = findTestData(dataFile).getValue("Lname", row): null

2021-11-19 12:10:16 - [TEST_STEP][PASSED] - AL1 = findTestData(dataFile).getValue("AL1", row): null

2021-11-19 12:10:16 - [TEST_STEP][PASSED] - City = findTestData(dataFile).getValue("City", row): null

2021-11-19 12:10:16 - [TEST_STEP][PASSED] - ZIP = findTestData(dataFile).getValue("ZIP", row): null

2021-11-19 12:10:16 - [TEST_STEP][PASSED] - Amount = findTestData(dataFile).getValue("Amount", row): null

2021-11-19 12:10:16 - [TEST_STEP][PASSED] - CCNumber = findTestData(dataFile).getValue("CCNumber", row): null

2021-11-19 12:10:17 - [TEST_STEP][PASSED] - CVV = findTestData(dataFile).getValue("CVV", row): null

2021-11-19 12:10:17 - [TEST_STEP][PASSED] - SSN = findTestData(dataFile).getValue("SSN", row): null

2021-11-19 12:10:17 - [TEST_STEP][PASSED] - FEIN = findTestData(dataFile).getValue("FEIN", row): null

2021-11-19 12:10:17 - [TEST_STEP][PASSED] - out.println("Value of Execute is : " + ExecuteTC): null

2021-11-19 12:10:17 - [TEST_STEP][PASSED] - if (ExecuteTC.equalsIgnoreCase("Y")): null

2021-11-19 12:10:17 - [TEST_STEP][PASSED] - ExecuteTC = findTestData(dataFile).getValue("Execute", row): null

2021-11-19 12:10:17 - [TEST_STEP][PASSED] - Taxtype = findTestData(dataFile).getValue("TaxType", row): null

2021-11-19 12:10:17 - [TEST_STEP][PASSED] - TaxTypeEL = findTestData(dataFile).getValue("TaxTypeEL", row): null

2021-11-19 12:10:17 - [TEST_STEP][PASSED] - FilingYear = findTestData(dataFile).getValue("FilingYear", row): null

2021-11-19 12:10:17 - [TEST_STEP][PASSED] - FName = findTestData(dataFile).getValue("Fname", row): null

2021-11-19 12:10:17 - [TEST_STEP][PASSED] - LName = findTestData(dataFile).getValue("Lname", row): null

2021-11-19 12:10:17 - [TEST_STEP][PASSED] - AL1 = findTestData(dataFile).getValue("AL1", row): null

2021-11-19 12:10:17 - [TEST_STEP][PASSED] - City = findTestData(dataFile).getValue("City", row): null

2021-11-19 12:10:17 - [TEST_STEP][PASSED] - ZIP = findTestData(dataFile).getValue("ZIP", row): null

2021-11-19 12:10:17 - [TEST_STEP][PASSED] - Amount = findTestData(dataFile).getValue("Amount", row): null

2021-11-19 12:10:17 - [TEST_STEP][PASSED] - CCNumber = findTestData(dataFile).getValue("CCNumber", row): null

2021-11-19 12:10:17 - [TEST_STEP][PASSED] - CVV = findTestData(dataFile).getValue("CVV", row): null

2021-11-19 12:10:17 - [TEST_STEP][PASSED] - SSN = findTestData(dataFile).getValue("SSN", row): null

2021-11-19 12:10:17 - [TEST_STEP][PASSED] - FEIN = findTestData(dataFile).getValue("FEIN", row): null

2021-11-19 12:10:17 - [TEST_STEP][PASSED] - out.println("Value of Execute is : " + ExecuteTC): null

2021-11-19 12:10:17 - [TEST_STEP][PASSED] - if (ExecuteTC.equalsIgnoreCase("Y")): null

2021-11-19 12:10:17 - [TEST_STEP][PASSED] - ExecuteTC = findTestData(dataFile).getValue("Execute", row): null

2021-11-19 12:10:17 - [TEST_STEP][PASSED] - Taxtype = findTestData(dataFile).getValue("TaxType", row): null

2021-11-19 12:10:17 - [TEST_STEP][PASSED] - TaxTypeEL = findTestData(dataFile).getValue("TaxTypeEL", row): null

2021-11-19 12:10:17 - [TEST_STEP][PASSED] - FilingYear = findTestData(dataFile).getValue("FilingYear", row): null

2021-11-19 12:10:17 - [TEST_STEP][PASSED] - FName = findTestData(dataFile).getValue("Fname", row): null

2021-11-19 12:10:17 - [TEST_STEP][PASSED] - LName = findTestData(dataFile).getValue("Lname", row): null

2021-11-19 12:10:17 - [TEST_STEP][PASSED] - AL1 = findTestData(dataFile).getValue("AL1", row): null

2021-11-19 12:10:17 - [TEST_STEP][PASSED] - City = findTestData(dataFile).getValue("City", row): null

2021-11-19 12:10:17 - [TEST_STEP][PASSED] - ZIP = findTestData(dataFile).getValue("ZIP", row): null

2021-11-19 12:10:17 - [TEST_STEP][PASSED] - Amount = findTestData(dataFile).getValue("Amount", row): null

2021-11-19 12:10:17 - [TEST_STEP][PASSED] - CCNumber = findTestData(dataFile).getValue("CCNumber", row): null

2021-11-19 12:10:17 - [TEST_STEP][PASSED] - CVV = findTestData(dataFile).getValue("CVV", row): null

2021-11-19 12:10:17 - [TEST_STEP][PASSED] - SSN = findTestData(dataFile).getValue("SSN", row): null

2021-11-19 12:10:17 - [TEST_STEP][PASSED] - FEIN = findTestData(dataFile).getValue("FEIN", row): null

2021-11-19 12:10:17 - [TEST_STEP][PASSED] - out.println("Value of Execute is : " + ExecuteTC): null

2021-11-19 12:10:17 - [TEST_STEP][PASSED] - if (ExecuteTC.equalsIgnoreCase("Y")): null

2021-11-19 12:10:17 - [TEST_STEP][PASSED] - ExecuteTC = findTestData(dataFile).getValue("Execute", row): null

2021-11-19 12:10:18 - [TEST_STEP][PASSED] - Taxtype = findTestData(dataFile).getValue("TaxType", row): null

2021-11-19 12:10:18 - [TEST_STEP][PASSED] - TaxTypeEL = findTestData(dataFile).getValue("TaxTypeEL", row): null

2021-11-19 12:10:18 - [TEST_STEP][PASSED] - FilingYear = findTestData(dataFile).getValue("FilingYear", row): null

2021-11-19 12:10:18 - [TEST_STEP][PASSED] - FName = findTestData(dataFile).getValue("Fname", row): null

2021-11-19 12:10:18 - [TEST_STEP][PASSED] - LName = findTestData(dataFile).getValue("Lname", row): null

2021-11-19 12:10:18 - [TEST_STEP][PASSED] - AL1 = findTestData(dataFile).getValue("AL1", row): null

2021-11-19 12:10:18 - [TEST_STEP][PASSED] - City = findTestData(dataFile).getValue("City", row): null

2021-11-19 12:10:18 - [TEST_STEP][PASSED] - ZIP = findTestData(dataFile).getValue("ZIP", row): null

2021-11-19 12:10:18 - [TEST_STEP][PASSED] - Amount = findTestData(dataFile).getValue("Amount", row): null

2021-11-19 12:10:18 - [TEST_STEP][PASSED] - CCNumber = findTestData(dataFile).getValue("CCNumber", row): null

2021-11-19 12:10:18 - [TEST_STEP][PASSED] - CVV = findTestData(dataFile).getValue("CVV", row): null

2021-11-19 12:10:18 - [TEST_STEP][PASSED] - SSN = findTestData(dataFile).getValue("SSN", row): null

2021-11-19 12:10:18 - [TEST_STEP][PASSED] - FEIN = findTestData(dataFile).getValue("FEIN", row): null

2021-11-19 12:10:18 - [TEST_STEP][PASSED] - out.println("Value of Execute is : " + ExecuteTC): null

2021-11-19 12:10:18 - [TEST_STEP][PASSED] - if (ExecuteTC.equalsIgnoreCase("Y")): null

2021-11-19 12:10:18 - [TEST_STEP][PASSED] - ExecuteTC = findTestData(dataFile).getValue("Execute", row): null

2021-11-19 12:10:18 - [TEST_STEP][PASSED] - Taxtype = findTestData(dataFile).getValue("TaxType", row): null

2021-11-19 12:10:18 - [TEST_STEP][PASSED] - TaxTypeEL = findTestData(dataFile).getValue("TaxTypeEL", row): null

2021-11-19 12:10:18 - [TEST_STEP][PASSED] - FilingYear = findTestData(dataFile).getValue("FilingYear", row): null

2021-11-19 12:10:18 - [TEST_STEP][PASSED] - FName = findTestData(dataFile).getValue("Fname", row): null

2021-11-19 12:10:18 - [TEST_STEP][PASSED] - LName = findTestData(dataFile).getValue("Lname", row): null

2021-11-19 12:10:18 - [TEST_STEP][PASSED] - AL1 = findTestData(dataFile).getValue("AL1", row): null

2021-11-19 12:10:18 - [TEST_STEP][PASSED] - City = findTestData(dataFile).getValue("City", row): null

2021-11-19 12:10:18 - [TEST_STEP][PASSED] - ZIP = findTestData(dataFile).getValue("ZIP", row): null

2021-11-19 12:10:18 - [TEST_STEP][PASSED] - Amount = findTestData(dataFile).getValue("Amount", row): null

2021-11-19 12:10:18 - [TEST_STEP][PASSED] - CCNumber = findTestData(dataFile).getValue("CCNumber", row): null

2021-11-19 12:10:18 - [TEST_STEP][PASSED] - CVV = findTestData(dataFile).getValue("CVV", row): null

2021-11-19 12:10:18 - [TEST_STEP][PASSED] - SSN = findTestData(dataFile).getValue("SSN", row): null

2021-11-19 12:10:18 - [TEST_STEP][PASSED] - FEIN = findTestData(dataFile).getValue("FEIN", row): null

2021-11-19 12:10:18 - [TEST_STEP][PASSED] - out.println("Value of Execute is : " + ExecuteTC): null

2021-11-19 12:10:18 - [TEST_STEP][PASSED] - if (ExecuteTC.equalsIgnoreCase("Y")): null

2021-11-19 12:10:18 - [TEST_STEP][PASSED] - ExecuteTC = findTestData(dataFile).getValue("Execute", row): null

2021-11-19 12:10:18 - [TEST_STEP][PASSED] - Taxtype = findTestData(dataFile).getValue("TaxType", row): null

2021-11-19 12:10:19 - [TEST_STEP][PASSED] - TaxTypeEL = findTestData(dataFile).getValue("TaxTypeEL", row): null

2021-11-19 12:10:19 - [TEST_STEP][PASSED] - FilingYear = findTestData(dataFile).getValue("FilingYear", row): null

2021-11-19 12:10:19 - [TEST_STEP][PASSED] - FName = findTestData(dataFile).getValue("Fname", row): null

2021-11-19 12:10:19 - [TEST_STEP][PASSED] - LName = findTestData(dataFile).getValue("Lname", row): null

2021-11-19 12:10:19 - [TEST_STEP][PASSED] - AL1 = findTestData(dataFile).getValue("AL1", row): null

2021-11-19 12:10:19 - [TEST_STEP][PASSED] - City = findTestData(dataFile).getValue("City", row): null

2021-11-19 12:10:19 - [TEST_STEP][PASSED] - ZIP = findTestData(dataFile).getValue("ZIP", row): null

2021-11-19 12:10:19 - [TEST_STEP][PASSED] - Amount = findTestData(dataFile).getValue("Amount", row): null

2021-11-19 12:10:19 - [TEST_STEP][PASSED] - CCNumber = findTestData(dataFile).getValue("CCNumber", row): null

2021-11-19 12:10:19 - [TEST_STEP][PASSED] - CVV = findTestData(dataFile).getValue("CVV", row): null

2021-11-19 12:10:19 - [TEST_STEP][PASSED] - SSN = findTestData(dataFile).getValue("SSN", row): null

2021-11-19 12:10:19 - [TEST_STEP][PASSED] - FEIN = findTestData(dataFile).getValue("FEIN", row): null

2021-11-19 12:10:19 - [TEST_STEP][PASSED] - out.println("Value of Execute is : " + ExecuteTC): null

2021-11-19 12:10:19 - [TEST_STEP][PASSED] - if (ExecuteTC.equalsIgnoreCase("Y")): null

2021-11-19 12:10:19 - [TEST_STEP][PASSED] - ExecuteTC = findTestData(dataFile).getValue("Execute", row): null

2021-11-19 12:10:19 - [TEST_STEP][PASSED] - Taxtype = findTestData(dataFile).getValue("TaxType", row): null

2021-11-19 12:10:19 - [TEST_STEP][PASSED] - TaxTypeEL = findTestData(dataFile).getValue("TaxTypeEL", row): null

2021-11-19 12:10:19 - [TEST_STEP][PASSED] - FilingYear = findTestData(dataFile).getValue("FilingYear", row): null

2021-11-19 12:10:19 - [TEST_STEP][PASSED] - FName = findTestData(dataFile).getValue("Fname", row): null

2021-11-19 12:10:19 - [TEST_STEP][PASSED] - LName = findTestData(dataFile).getValue("Lname", row): null

2021-11-19 12:10:19 - [TEST_STEP][PASSED] - AL1 = findTestData(dataFile).getValue("AL1", row): null

2021-11-19 12:10:19 - [TEST_STEP][PASSED] - City = findTestData(dataFile).getValue("City", row): null

2021-11-19 12:10:19 - [TEST_STEP][PASSED] - ZIP = findTestData(dataFile).getValue("ZIP", row): null

2021-11-19 12:10:19 - [TEST_STEP][PASSED] - Amount = findTestData(dataFile).getValue("Amount", row): null

2021-11-19 12:10:19 - [TEST_STEP][PASSED] - CCNumber = findTestData(dataFile).getValue("CCNumber", row): null

2021-11-19 12:10:19 - [TEST_STEP][PASSED] - CVV = findTestData(dataFile).getValue("CVV", row): null

2021-11-19 12:10:19 - [TEST_STEP][PASSED] - SSN = findTestData(dataFile).getValue("SSN", row): null

2021-11-19 12:10:19 - [TEST_STEP][PASSED] - FEIN = findTestData(dataFile).getValue("FEIN", row): null

2021-11-19 12:10:19 - [TEST_STEP][PASSED] - out.println("Value of Execute is : " + ExecuteTC): null

2021-11-19 12:10:19 - [TEST_STEP][PASSED] - if (ExecuteTC.equalsIgnoreCase("Y")): null

2021-11-19 12:10:19 - [TEST_STEP][PASSED] - ExecuteTC = findTestData(dataFile).getValue("Execute", row): null

2021-11-19 12:10:19 - [TEST_STEP][PASSED] - Taxtype = findTestData(dataFile).getValue("TaxType", row): null

2021-11-19 12:10:19 - [TEST_STEP][PASSED] - TaxTypeEL = findTestData(dataFile).getValue("TaxTypeEL", row): null

2021-11-19 12:10:19 - [TEST_STEP][PASSED] - FilingYear = findTestData(dataFile).getValue("FilingYear", row): null

2021-11-19 12:10:19 - [TEST_STEP][PASSED] - FName = findTestData(dataFile).getValue("Fname", row): null

2021-11-19 12:10:20 - [TEST_STEP][PASSED] - LName = findTestData(dataFile).getValue("Lname", row): null

2021-11-19 12:10:20 - [TEST_STEP][PASSED] - AL1 = findTestData(dataFile).getValue("AL1", row): null

2021-11-19 12:10:20 - [TEST_STEP][PASSED] - City = findTestData(dataFile).getValue("City", row): null

2021-11-19 12:10:20 - [TEST_STEP][PASSED] - ZIP = findTestData(dataFile).getValue("ZIP", row): null

2021-11-19 12:10:20 - [TEST_STEP][PASSED] - Amount = findTestData(dataFile).getValue("Amount", row): null

2021-11-19 12:10:20 - [TEST_STEP][PASSED] - CCNumber = findTestData(dataFile).getValue("CCNumber", row): null

2021-11-19 12:10:20 - [TEST_STEP][PASSED] - CVV = findTestData(dataFile).getValue("CVV", row): null

2021-11-19 12:10:20 - [TEST_STEP][PASSED] - SSN = findTestData(dataFile).getValue("SSN", row): null

2021-11-19 12:10:20 - [TEST_STEP][PASSED] - FEIN = findTestData(dataFile).getValue("FEIN", row): null

2021-11-19 12:10:20 - [TEST_STEP][PASSED] - out.println("Value of Execute is : " + ExecuteTC): null

2021-11-19 12:10:20 - [TEST_STEP][PASSED] - if (ExecuteTC.equalsIgnoreCase("Y")): null

2021-11-19 12:10:20 - [TEST_STEP][PASSED] - ExecuteTC = findTestData(dataFile).getValue("Execute", row): null

2021-11-19 12:10:20 - [TEST_STEP][PASSED] - Taxtype = findTestData(dataFile).getValue("TaxType", row): null

2021-11-19 12:10:20 - [TEST_STEP][PASSED] - TaxTypeEL = findTestData(dataFile).getValue("TaxTypeEL", row): null

2021-11-19 12:10:20 - [TEST_STEP][PASSED] - FilingYear = findTestData(dataFile).getValue("FilingYear", row): null

2021-11-19 12:10:20 - [TEST_STEP][PASSED] - FName = findTestData(dataFile).getValue("Fname", row): null

2021-11-19 12:10:20 - [TEST_STEP][PASSED] - LName = findTestData(dataFile).getValue("Lname", row): null

2021-11-19 12:10:20 - [TEST_STEP][PASSED] - AL1 = findTestData(dataFile).getValue("AL1", row): null

2021-11-19 12:10:20 - [TEST_STEP][PASSED] - City = findTestData(dataFile).getValue("City", row): null

2021-11-19 12:10:20 - [TEST_STEP][PASSED] - ZIP = findTestData(dataFile).getValue("ZIP", row): null

2021-11-19 12:10:20 - [TEST_STEP][PASSED] - Amount = findTestData(dataFile).getValue("Amount", row): null

2021-11-19 12:10:20 - [TEST_STEP][PASSED] - CCNumber = findTestData(dataFile).getValue("CCNumber", row): null

2021-11-19 12:10:20 - [TEST_STEP][PASSED] - CVV = findTestData(dataFile).getValue("CVV", row): null

2021-11-19 12:10:20 - [TEST_STEP][PASSED] - SSN = findTestData(dataFile).getValue("SSN", row): null

2021-11-19 12:10:20 - [TEST_STEP][PASSED] - FEIN = findTestData(dataFile).getValue("FEIN", row): null

2021-11-19 12:10:20 - [TEST_STEP][PASSED] - out.println("Value of Execute is : " + ExecuteTC): null

2021-11-19 12:10:20 - [TEST_STEP][PASSED] - if (ExecuteTC.equalsIgnoreCase("Y")): null

2021-11-19 12:10:20 - [TEST_STEP][PASSED] - ExecuteTC = findTestData(dataFile).getValue("Execute", row): null

2021-11-19 12:10:20 - [TEST_STEP][PASSED] - Taxtype = findTestData(dataFile).getValue("TaxType", row): null

2021-11-19 12:10:20 - [TEST_STEP][PASSED] - TaxTypeEL = findTestData(dataFile).getValue("TaxTypeEL", row): null

2021-11-19 12:10:20 - [TEST_STEP][PASSED] - FilingYear = findTestData(dataFile).getValue("FilingYear", row): null

2021-11-19 12:10:20 - [TEST_STEP][PASSED] - FName = findTestData(dataFile).getValue("Fname", row): null

2021-11-19 12:10:20 - [TEST_STEP][PASSED] - LName = findTestData(dataFile).getValue("Lname", row): null

2021-11-19 12:10:20 - [TEST_STEP][PASSED] - AL1 = findTestData(dataFile).getValue("AL1", row): null

2021-11-19 12:10:20 - [TEST_STEP][PASSED] - City = findTestData(dataFile).getValue("City", row): null

2021-11-19 12:10:20 - [TEST_STEP][PASSED] - ZIP = findTestData(dataFile).getValue("ZIP", row): null

2021-11-19 12:10:20 - [TEST_STEP][PASSED] - Amount = findTestData(dataFile).getValue("Amount", row): null

2021-11-19 12:10:20 - [TEST_STEP][PASSED] - CCNumber = findTestData(dataFile).getValue("CCNumber", row): null

2021-11-19 12:10:21 - [TEST_STEP][PASSED] - CVV = findTestData(dataFile).getValue("CVV", row): null

2021-11-19 12:10:21 - [TEST_STEP][PASSED] - SSN = findTestData(dataFile).getValue("SSN", row): null

2021-11-19 12:10:21 - [TEST_STEP][PASSED] - FEIN = findTestData(dataFile).getValue("FEIN", row): null

2021-11-19 12:10:21 - [TEST_STEP][PASSED] - out.println("Value of Execute is : " + ExecuteTC): null

2021-11-19 12:10:21 - [TEST_STEP][PASSED] - if (ExecuteTC.equalsIgnoreCase("Y")): null

2021-11-19 12:10:21 - [TEST_STEP][PASSED] - ExecuteTC = findTestData(dataFile).getValue("Execute", row): null

2021-11-19 12:10:21 - [TEST_STEP][PASSED] - Taxtype = findTestData(dataFile).getValue("TaxType", row): null

2021-11-19 12:10:21 - [TEST_STEP][PASSED] - TaxTypeEL = findTestData(dataFile).getValue("TaxTypeEL", row): null

2021-11-19 12:10:21 - [TEST_STEP][PASSED] - FilingYear = findTestData(dataFile).getValue("FilingYear", row): null

2021-11-19 12:10:21 - [TEST_STEP][PASSED] - FName = findTestData(dataFile).getValue("Fname", row): null

2021-11-19 12:10:21 - [TEST_STEP][PASSED] - LName = findTestData(dataFile).getValue("Lname", row): null

2021-11-19 12:10:21 - [TEST_STEP][PASSED] - AL1 = findTestData(dataFile).getValue("AL1", row): null

2021-11-19 12:10:21 - [TEST_STEP][PASSED] - City = findTestData(dataFile).getValue("City", row): null

2021-11-19 12:10:21 - [TEST_STEP][PASSED] - ZIP = findTestData(dataFile).getValue("ZIP", row): null

2021-11-19 12:10:21 - [TEST_STEP][PASSED] - Amount = findTestData(dataFile).getValue("Amount", row): null

2021-11-19 12:10:21 - [TEST_STEP][PASSED] - CCNumber = findTestData(dataFile).getValue("CCNumber", row): null

2021-11-19 12:10:21 - [TEST_STEP][PASSED] - CVV = findTestData(dataFile).getValue("CVV", row): null

2021-11-19 12:10:21 - [TEST_STEP][PASSED] - SSN = findTestData(dataFile).getValue("SSN", row): null

2021-11-19 12:10:21 - [TEST_STEP][PASSED] - FEIN = findTestData(dataFile).getValue("FEIN", row): null

2021-11-19 12:10:21 - [TEST_STEP][PASSED] - out.println("Value of Execute is : " + ExecuteTC): null

2021-11-19 12:10:21 - [TEST_STEP][PASSED] - if (ExecuteTC.equalsIgnoreCase("Y")): null

2021-11-19 12:10:21 - [TEST_STEP][PASSED] - ExecuteTC = findTestData(dataFile).getValue("Execute", row): null

2021-11-19 12:10:21 - [TEST_STEP][PASSED] - Taxtype = findTestData(dataFile).getValue("TaxType", row): null

2021-11-19 12:10:21 - [TEST_STEP][PASSED] - TaxTypeEL = findTestData(dataFile).getValue("TaxTypeEL", row): null

2021-11-19 12:10:21 - [TEST_STEP][PASSED] - FilingYear = findTestData(dataFile).getValue("FilingYear", row): null

2021-11-19 12:10:21 - [TEST_STEP][PASSED] - FName = findTestData(dataFile).getValue("Fname", row): null

2021-11-19 12:10:21 - [TEST_STEP][PASSED] - LName = findTestData(dataFile).getValue("Lname", row): null

2021-11-19 12:10:21 - [TEST_STEP][PASSED] - AL1 = findTestData(dataFile).getValue("AL1", row): null

2021-11-19 12:10:21 - [TEST_STEP][PASSED] - City = findTestData(dataFile).getValue("City", row): null

2021-11-19 12:10:21 - [TEST_STEP][PASSED] - ZIP = findTestData(dataFile).getValue("ZIP", row): null

2021-11-19 12:10:21 - [TEST_STEP][PASSED] - Amount = findTestData(dataFile).getValue("Amount", row): null

2021-11-19 12:10:21 - [TEST_STEP][PASSED] - CCNumber = findTestData(dataFile).getValue("CCNumber", row): null

2021-11-19 12:10:21 - [TEST_STEP][PASSED] - CVV = findTestData(dataFile).getValue("CVV", row): null

2021-11-19 12:10:21 - [TEST_STEP][PASSED] - SSN = findTestData(dataFile).getValue("SSN", row): null

2021-11-19 12:10:21 - [TEST_STEP][PASSED] - FEIN = findTestData(dataFile).getValue("FEIN", row): null

2021-11-19 12:10:21 - [TEST_STEP][PASSED] - out.println("Value of Execute is : " + ExecuteTC): null

2021-11-19 12:10:21 - [TEST_STEP][PASSED] - if (ExecuteTC.equalsIgnoreCase("Y")): null

2021-11-19 12:10:21 - [TEST_STEP][PASSED] - ExecuteTC = findTestData(dataFile).getValue("Execute", row): null

2021-11-19 12:10:21 - [TEST_STEP][PASSED] - Taxtype = findTestData(dataFile).getValue("TaxType", row): null

2021-11-19 12:10:21 - [TEST_STEP][PASSED] - TaxTypeEL = findTestData(dataFile).getValue("TaxTypeEL", row): null

2021-11-19 12:10:22 - [TEST_STEP][PASSED] - FilingYear = findTestData(dataFile).getValue("FilingYear", row): null

2021-11-19 12:10:22 - [TEST_STEP][PASSED] - FName = findTestData(dataFile).getValue("Fname", row): null

2021-11-19 12:10:22 - [TEST_STEP][PASSED] - LName = findTestData(dataFile).getValue("Lname", row): null

2021-11-19 12:10:22 - [TEST_STEP][PASSED] - AL1 = findTestData(dataFile).getValue("AL1", row): null

2021-11-19 12:10:22 - [TEST_STEP][PASSED] - City = findTestData(dataFile).getValue("City", row): null

2021-11-19 12:10:22 - [TEST_STEP][PASSED] - ZIP = findTestData(dataFile).getValue("ZIP", row): null

2021-11-19 12:10:22 - [TEST_STEP][PASSED] - Amount = findTestData(dataFile).getValue("Amount", row): null

2021-11-19 12:10:22 - [TEST_STEP][PASSED] - CCNumber = findTestData(dataFile).getValue("CCNumber", row): null

2021-11-19 12:10:22 - [TEST_STEP][PASSED] - CVV = findTestData(dataFile).getValue("CVV", row): null

2021-11-19 12:10:22 - [TEST_STEP][PASSED] - SSN = findTestData(dataFile).getValue("SSN", row): null

2021-11-19 12:10:22 - [TEST_STEP][PASSED] - FEIN = findTestData(dataFile).getValue("FEIN", row): null

2021-11-19 12:10:22 - [TEST_STEP][PASSED] - out.println("Value of Execute is : " + ExecuteTC): null

2021-11-19 12:10:22 - [TEST_STEP][PASSED] - if (ExecuteTC.equalsIgnoreCase("Y")): null

2021-11-19 12:10:22 - [TEST_STEP][PASSED] - ExecuteTC = findTestData(dataFile).getValue("Execute", row): null

2021-11-19 12:10:22 - [TEST_STEP][PASSED] - Taxtype = findTestData(dataFile).getValue("TaxType", row): null

2021-11-19 12:10:22 - [TEST_STEP][PASSED] - TaxTypeEL = findTestData(dataFile).getValue("TaxTypeEL", row): null

2021-11-19 12:10:22 - [TEST_STEP][PASSED] - FilingYear = findTestData(dataFile).getValue("FilingYear", row): null

2021-11-19 12:10:22 - [TEST_STEP][PASSED] - FName = findTestData(dataFile).getValue("Fname", row): null

2021-11-19 12:10:22 - [TEST_STEP][PASSED] - LName = findTestData(dataFile).getValue("Lname", row): null

2021-11-19 12:10:22 - [TEST_STEP][PASSED] - AL1 = findTestData(dataFile).getValue("AL1", row): null

2021-11-19 12:10:22 - [TEST_STEP][PASSED] - City = findTestData(dataFile).getValue("City", row): null

2021-11-19 12:10:22 - [TEST_STEP][PASSED] - ZIP = findTestData(dataFile).getValue("ZIP", row): null

2021-11-19 12:10:22 - [TEST_STEP][PASSED] - Amount = findTestData(dataFile).getValue("Amount", row): null

2021-11-19 12:10:22 - [TEST_STEP][PASSED] - CCNumber = findTestData(dataFile).getValue("CCNumber", row): null

2021-11-19 12:10:22 - [TEST_STEP][PASSED] - CVV = findTestData(dataFile).getValue("CVV", row): null

2021-11-19 12:10:22 - [TEST_STEP][PASSED] - SSN = findTestData(dataFile).getValue("SSN", row): null

2021-11-19 12:10:22 - [TEST_STEP][PASSED] - FEIN = findTestData(dataFile).getValue("FEIN", row): null

2021-11-19 12:10:22 - [TEST_STEP][PASSED] - out.println("Value of Execute is : " + ExecuteTC): null

2021-11-19 12:10:22 - [TEST_STEP][PASSED] - if (ExecuteTC.equalsIgnoreCase("Y")): null

2021-11-19 12:10:22 - [TEST_STEP][PASSED] - ExecuteTC = findTestData(dataFile).getValue("Execute", row): null

2021-11-19 12:10:22 - [TEST_STEP][PASSED] - Taxtype = findTestData(dataFile).getValue("TaxType", row): null

2021-11-19 12:10:22 - [TEST_STEP][PASSED] - TaxTypeEL = findTestData(dataFile).getValue("TaxTypeEL", row): null

2021-11-19 12:10:22 - [TEST_STEP][PASSED] - FilingYear = findTestData(dataFile).getValue("FilingYear", row): null

2021-11-19 12:10:22 - [TEST_STEP][PASSED] - FName = findTestData(dataFile).getValue("Fname", row): null

2021-11-19 12:10:22 - [TEST_STEP][PASSED] - LName = findTestData(dataFile).getValue("Lname", row): null

2021-11-19 12:10:23 - [TEST_STEP][PASSED] - AL1 = findTestData(dataFile).getValue("AL1", row): null

2021-11-19 12:10:23 - [TEST_STEP][PASSED] - City = findTestData(dataFile).getValue("City", row): null

2021-11-19 12:10:23 - [TEST_STEP][PASSED] - ZIP = findTestData(dataFile).getValue("ZIP", row): null

2021-11-19 12:10:23 - [TEST_STEP][PASSED] - Amount = findTestData(dataFile).getValue("Amount", row): null

2021-11-19 12:10:23 - [TEST_STEP][PASSED] - CCNumber = findTestData(dataFile).getValue("CCNumber", row): null

2021-11-19 12:10:23 - [TEST_STEP][PASSED] - CVV = findTestData(dataFile).getValue("CVV", row): null

2021-11-19 12:10:23 - [TEST_STEP][PASSED] - SSN = findTestData(dataFile).getValue("SSN", row): null

2021-11-19 12:10:23 - [TEST_STEP][PASSED] - FEIN = findTestData(dataFile).getValue("FEIN", row): null

2021-11-19 12:10:23 - [TEST_STEP][PASSED] - out.println("Value of Execute is : " + ExecuteTC): null

2021-11-19 12:10:23 - [TEST_STEP][FAILED] - if (ExecuteTC.equalsIgnoreCase("Y")): null

2021-11-19 12:10:23 - [TEST_STEP][PASSED] - out.println("Begin Record Number: " + row): null

2021-11-19 12:10:23 - [TEST_STEP][PASSED] - today = new java.util.Date(): null

2021-11-19 12:10:23 - [TEST_STEP][PASSED] - println(today): null

2021-11-19 12:10:23 - [TEST_STEP][PASSED] - datText = today: null

2021-11-19 12:10:23 - [TEST_STEP][PASSED] - Taxtype = findTestData(dataFile).getValue("TaxType", row): null

2021-11-19 12:10:23 - [TEST_STEP][PASSED] - out.println("Taxtype value is : " + Taxtype): null

2021-11-19 12:10:23 - [TEST_STEP][PASSED] - openBrowser(""): Browser is opened with url: ''

2021-11-19 12:10:23 - [MESSAGE][WARNING] - A browser is already opened. Closing browser and opening a new one

2021-11-19 12:10:24 - [MESSAGE][INFO] - Starting 'Chrome' driver

2021-11-19 12:10:24 - [MESSAGE][INFO] - User set preference: ['acceptInsecureCerts', 'true']

2021-11-19 12:10:24 - [MESSAGE][INFO] - Action delay is set to 0 milliseconds

2021-11-19 12:10:25 - [MESSAGE][PASSED] - Browser is opened with url: ''

2021-11-19 12:10:25 - [TEST_STEP][PASSED] - maximizeWindow(): Current window maximized

2021-11-19 12:10:25 - [MESSAGE][PASSED] - Current window maximized

2021-11-19 12:10:25 - [TEST_STEP][PASSED] - navigateToUrl(RADurl): Navigate to 'https://qa.velocitypayment.com/client/rad/index.html' successfully

2021-11-19 12:10:27 - [MESSAGE][PASSED] - Navigate to 'https://qa.velocitypayment.com/client/rad/index.html' successfully

2021-11-19 12:10:27 - [TEST_STEP][PASSED] - orPath_Landing = "Object Repository/RAD_Pages/Landing_Page": null

2021-11-19 12:10:27 - [TEST_STEP][PASSED] - orPath_TaxTypeFilingYear = "Object Repository/RAD_Pages/TaxTypeFilingYear_Page": null

2021-11-19 12:10:27 - [TEST_STEP][PASSED] - orPath_TaxPayer = "Object Repository/RAD_Pages/Taxpayer_Page": null

2021-11-19 12:10:27 - [TEST_STEP][PASSED] - orPath_AddressContact = "Object Repository/RAD_Pages/AddressAndContactInfo_Page": null

2021-11-19 12:10:27 - [TEST_STEP][PASSED] - orPath_FilingStatus = "Object Repository/RAD_Pages/FilingStatus_Page": null

2021-11-19 12:10:27 - [TEST_STEP][PASSED] - orPath_Amount = "Object Repository/RAD_Pages/PaymentAmount_Page": null

2021-11-19 12:10:27 - [TEST_STEP][PASSED] - orPath_TaxInfo = "Object Repository/RAD_Pages/TaxInfo_Page": null

2021-11-19 12:10:27 - [TEST_STEP][PASSED] - orPath_Withholding = "Object Repository/RAD_Pages/Withholding_Page": null

2021-11-19 12:10:27 - [TEST_STEP][PASSED] - orPath_Summary = "Object Repository/RAD_Pages/Summary_Page": null

2021-11-19 12:10:27 - [TEST_STEP][PASSED] - orPath_PaymentReady = "Object Repository/RAD_Pages/PaymentReady_Page": null

2021-11-19 12:10:27 - [TEST_STEP][PASSED] - orPath_PaymentEntry = "Object Repository/RAD_Pages/PaymentEntry_Page": null

2021-11-19 12:10:27 - [TEST_STEP][PASSED] - orPath_PaymentConfirmation = "Object Repository/RAD_Pages/PaymentConfirmation_Page": null

2021-11-19 12:10:27 - [TEST_STEP][PASSED] - orPath_ServiceFeesAccept = "Object Repository/RAD_Pages/ServiceFeeAccept_Page": null

2021-11-19 12:10:27 - [TEST_STEP][PASSED] - selectOptionByLabel(findTestObject(orPath_Landing + "/dd_TaxType"), Taxtype, false): All options with label 'Existing Liability' are selected in object 'Object Repository/RAD_Pages/Landing_Page/dd_TaxType' 

2021-11-19 12:10:28 - [MESSAGE][PASSED] - All options with label 'Existing Liability' are selected in object 'Object Repository/RAD_Pages/Landing_Page/dd_TaxType' 

2021-11-19 12:10:28 - [TEST_STEP][PASSED] - delay(1): Delayed 1 second(s)

2021-11-19 12:10:29 - [MESSAGE][PASSED] - Delayed 1 second(s)

2021-11-19 12:10:29 - [TEST_STEP][PASSED] - selectOptionByLabel(findTestObject(orPath_TaxTypeFilingYear + "/select_TaxType_ExistingLiability"), TaxTypeEL, false): All options with label 'PTE Tax (LLC)' are selected in object 'Object Repository/RAD_Pages/TaxTypeFilingYear_Page/select_TaxType_ExistingLiability' 

2021-11-19 12:10:30 - [MESSAGE][PASSED] - All options with label 'PTE Tax (LLC)' are selected in object 'Object Repository/RAD_Pages/TaxTypeFilingYear_Page/select_TaxType_ExistingLiability' 

2021-11-19 12:10:30 - [TEST_STEP][FAILED] - selectOptionByLabel(findTestObject(orPath_TaxTypeFilingYear + "/select_FilingYear"), FilingYear, false): Unable to select option by label '2020' of object 'Object Repository/RAD_Pages/TaxTypeFilingYear_Page/select_FilingYear'  (Root cause: com.kms.katalon.core.exception.StepFailedException: Unable to select option by label '2020' of object 'Object Repository/RAD_Pages/TaxTypeFilingYear_Page/select_FilingYear' 
	at com.kms.katalon.core.webui.keyword.internal.WebUIKeywordMain.stepFailed(WebUIKeywordMain.groovy:64)
	at com.kms.katalon.core.webui.keyword.internal.WebUIKeywordMain.runKeyword(WebUIKeywordMain.groovy:26)
	at com.kms.katalon.core.webui.keyword.builtin.SelectOptionByLabelKeyword.selectOptionByLabel(SelectOptionByLabelKeyword.groovy:98)
	at com.kms.katalon.core.webui.keyword.builtin.SelectOptionByLabelKeyword.execute(SelectOptionByLabelKeyword.groovy:71)
	at com.kms.katalon.core.keyword.internal.KeywordExecutor.executeKeywordForPlatform(KeywordExecutor.groovy:74)
	at com.kms.katalon.core.webui.keyword.WebUiBuiltInKeywords.selectOptionByLabel(WebUiBuiltInKeywords.groovy:1230)
	at com.kms.katalon.core.webui.keyword.WebUiBuiltInKeywords$selectOptionByLabel$6.call(Unknown Source)
	at Payments_ExistingLiability_HC_TC.run(Payments_ExistingLiability_HC_TC:112)
	at com.kms.katalon.core.main.ScriptEngine.run(ScriptEngine.java:194)
	at com.kms.katalon.core.main.ScriptEngine.runScriptAsRawText(ScriptEngine.java:119)
	at com.kms.katalon.core.main.TestCaseExecutor.runScript(TestCaseExecutor.java:430)
	at com.kms.katalon.core.main.TestCaseExecutor.doExecute(TestCaseExecutor.java:421)
	at com.kms.katalon.core.main.TestCaseExecutor.processExecutionPhase(TestCaseExecutor.java:400)
	at com.kms.katalon.core.main.TestCaseExecutor.accessMainPhase(TestCaseExecutor.java:392)
	at com.kms.katalon.core.main.TestCaseExecutor.execute(TestCaseExecutor.java:273)
	at com.kms.katalon.core.main.TestSuiteExecutor.accessTestCaseMainPhase(TestSuiteExecutor.java:202)
	at com.kms.katalon.core.main.TestSuiteExecutor.accessTestSuiteMainPhase(TestSuiteExecutor.java:164)
	at com.kms.katalon.core.main.TestSuiteExecutor.execute(TestSuiteExecutor.java:105)
	at com.kms.katalon.core.main.TestCaseMain.startTestSuite(TestCaseMain.java:185)
	at com.kms.katalon.core.main.TestCaseMain$startTestSuite$0.call(Unknown Source)
	at TempTestSuite1637335687322.run(TempTestSuite1637335687322.groovy:36)
Caused by: org.openqa.selenium.NoSuchElementException: Cannot locate element with text: 2020
For documentation on this error, please visit: https://www.seleniumhq.org/exceptions/no_such_element.html
Build info: version: '3.141.59', revision: 'e82be7d358', time: '2018-11-14T08:25:53'
System info: host: 'DESKTOP-B2QI6NS', ip: '172.30.2.167', os.name: 'Windows 10', os.arch: 'amd64', os.version: '10.0', java.version: '1.8.0_181'
Driver info: driver.version: unknown
	at org.openqa.selenium.support.ui.Select.selectByVisibleText(Select.java:147)
	at com.kms.katalon.core.webui.common.WebUiCommonHelper.selectOrDeselectOptionsByLabel(WebUiCommonHelper.java:310)
	at com.kms.katalon.core.webui.keyword.builtin.SelectOptionByLabelKeyword$_selectOptionByLabel_closure1.doCall(SelectOptionByLabelKeyword.groovy:87)
	at com.kms.katalon.core.webui.keyword.builtin.SelectOptionByLabelKeyword$_selectOptionByLabel_closure1.call(SelectOptionByLabelKeyword.groovy)
	at com.kms.katalon.core.webui.keyword.internal.WebUIKeywordMain.runKeyword(WebUIKeywordMain.groovy:20)
	at com.kms.katalon.core.webui.keyword.builtin.SelectOptionByLabelKeyword.selectOptionByLabel(SelectOptionByLabelKeyword.groovy:98)
	at com.kms.katalon.core.webui.keyword.builtin.SelectOptionByLabelKeyword.execute(SelectOptionByLabelKeyword.groovy:71)
	at com.kms.katalon.core.keyword.internal.KeywordExecutor.executeKeywordForPlatform(KeywordExecutor.groovy:74)
	at com.kms.katalon.core.webui.keyword.WebUiBuiltInKeywords.selectOptionByLabel(WebUiBuiltInKeywords.groovy:1230)
	at com.kms.katalon.core.webui.keyword.WebUiBuiltInKeywords$selectOptionByLabel$6.call(Unknown Source)
	at Script1634702981988.run(Script1634702981988.groovy:112)
	... 13 more
)

2021-11-19 12:10:30 - [MESSAGE][FAILED] - Unable to select option by label '2020' of object 'Object Repository/RAD_Pages/TaxTypeFilingYear_Page/select_FilingYear'  (Root cause: com.kms.katalon.core.exception.StepFailedException: Unable to select option by label '2020' of object 'Object Repository/RAD_Pages/TaxTypeFilingYear_Page/select_FilingYear' 
	at com.kms.katalon.core.webui.keyword.internal.WebUIKeywordMain.stepFailed(WebUIKeywordMain.groovy:64)
	at com.kms.katalon.core.webui.keyword.internal.WebUIKeywordMain.runKeyword(WebUIKeywordMain.groovy:26)
	at com.kms.katalon.core.webui.keyword.builtin.SelectOptionByLabelKeyword.selectOptionByLabel(SelectOptionByLabelKeyword.groovy:98)
	at com.kms.katalon.core.webui.keyword.builtin.SelectOptionByLabelKeyword.execute(SelectOptionByLabelKeyword.groovy:71)
	at com.kms.katalon.core.keyword.internal.KeywordExecutor.executeKeywordForPlatform(KeywordExecutor.groovy:74)
	at com.kms.katalon.core.webui.keyword.WebUiBuiltInKeywords.selectOptionByLabel(WebUiBuiltInKeywords.groovy:1230)
	at com.kms.katalon.core.webui.keyword.WebUiBuiltInKeywords$selectOptionByLabel$6.call(Unknown Source)
	at Payments_ExistingLiability_HC_TC.run(Payments_ExistingLiability_HC_TC:112)
	at com.kms.katalon.core.main.ScriptEngine.run(ScriptEngine.java:194)
	at com.kms.katalon.core.main.ScriptEngine.runScriptAsRawText(ScriptEngine.java:119)
	at com.kms.katalon.core.main.TestCaseExecutor.runScript(TestCaseExecutor.java:430)
	at com.kms.katalon.core.main.TestCaseExecutor.doExecute(TestCaseExecutor.java:421)
	at com.kms.katalon.core.main.TestCaseExecutor.processExecutionPhase(TestCaseExecutor.java:400)
	at com.kms.katalon.core.main.TestCaseExecutor.accessMainPhase(TestCaseExecutor.java:392)
	at com.kms.katalon.core.main.TestCaseExecutor.execute(TestCaseExecutor.java:273)
	at com.kms.katalon.core.main.TestSuiteExecutor.accessTestCaseMainPhase(TestSuiteExecutor.java:202)
	at com.kms.katalon.core.main.TestSuiteExecutor.accessTestSuiteMainPhase(TestSuiteExecutor.java:164)
	at com.kms.katalon.core.main.TestSuiteExecutor.execute(TestSuiteExecutor.java:105)
	at com.kms.katalon.core.main.TestCaseMain.startTestSuite(TestCaseMain.java:185)
	at com.kms.katalon.core.main.TestCaseMain$startTestSuite$0.call(Unknown Source)
	at TempTestSuite1637335687322.run(TempTestSuite1637335687322.groovy:36)
Caused by: org.openqa.selenium.NoSuchElementException: Cannot locate element with text: 2020
For documentation on this error, please visit: https://www.seleniumhq.org/exceptions/no_such_element.html
Build info: version: '3.141.59', revision: 'e82be7d358', time: '2018-11-14T08:25:53'
System info: host: 'DESKTOP-B2QI6NS', ip: '172.30.2.167', os.name: 'Windows 10', os.arch: 'amd64', os.version: '10.0', java.version: '1.8.0_181'
Driver info: driver.version: unknown
	at org.openqa.selenium.support.ui.Select.selectByVisibleText(Select.java:147)
	at com.kms.katalon.core.webui.common.WebUiCommonHelper.selectOrDeselectOptionsByLabel(WebUiCommonHelper.java:310)
	at com.kms.katalon.core.webui.keyword.builtin.SelectOptionByLabelKeyword$_selectOptionByLabel_closure1.doCall(SelectOptionByLabelKeyword.groovy:87)
	at com.kms.katalon.core.webui.keyword.builtin.SelectOptionByLabelKeyword$_selectOptionByLabel_closure1.call(SelectOptionByLabelKeyword.groovy)
	at com.kms.katalon.core.webui.keyword.internal.WebUIKeywordMain.runKeyword(WebUIKeywordMain.groovy:20)
	at com.kms.katalon.core.webui.keyword.builtin.SelectOptionByLabelKeyword.selectOptionByLabel(SelectOptionByLabelKeyword.groovy:98)
	at com.kms.katalon.core.webui.keyword.builtin.SelectOptionByLabelKeyword.execute(SelectOptionByLabelKeyword.groovy:71)
	at com.kms.katalon.core.keyword.internal.KeywordExecutor.executeKeywordForPlatform(KeywordExecutor.groovy:74)
	at com.kms.katalon.core.webui.keyword.WebUiBuiltInKeywords.selectOptionByLabel(WebUiBuiltInKeywords.groovy:1230)
	at com.kms.katalon.core.webui.keyword.WebUiBuiltInKeywords$selectOptionByLabel$6.call(Unknown Source)
	at Script1634702981988.run(Script1634702981988.groovy:112)
	... 13 more
)
[[ATTACHMENT|E:\\Cloned-Project-Katalon\\VPS-Katalon\\Reports\\20211119_102807\\RAD_TestSuite\\RAD_UI_TestSuite\\20211119_102807\\1637341830577.png]]

2021-11-19 12:10:30 - [TEST_STEP][PASSED] - setText(findTestObject(orPath_TaxPayer + "/input_firstName"), FName): Text 'Joshua' is set on object 'Object Repository/RAD_Pages/Taxpayer_Page/input_firstName'

2021-11-19 12:10:31 - [MESSAGE][PASSED] - Text 'Joshua' is set on object 'Object Repository/RAD_Pages/Taxpayer_Page/input_firstName'

2021-11-19 12:10:31 - [TEST_STEP][PASSED] - setText(findTestObject(orPath_TaxPayer + "/input_lastName"), LName): Text 'Cook' is set on object 'Object Repository/RAD_Pages/Taxpayer_Page/input_lastName'

2021-11-19 12:10:32 - [MESSAGE][PASSED] - Text 'Cook' is set on object 'Object Repository/RAD_Pages/Taxpayer_Page/input_lastName'

2021-11-19 12:10:32 - [TEST_STEP][PASSED] - setText(findTestObject(orPath_TaxPayer + "/input_middleName"), "Johns"): Text 'Johns' is set on object 'Object Repository/RAD_Pages/Taxpayer_Page/input_middleName'

2021-11-19 12:10:32 - [MESSAGE][PASSED] - Text 'Johns' is set on object 'Object Repository/RAD_Pages/Taxpayer_Page/input_middleName'

2021-11-19 12:10:32 - [TEST_STEP][PASSED] - setText(findTestObject(orPath_TaxPayer + "/input_suffix"), "Sr"): Text 'Sr' is set on object 'Object Repository/RAD_Pages/Taxpayer_Page/input_suffix'

2021-11-19 12:10:33 - [MESSAGE][PASSED] - Text 'Sr' is set on object 'Object Repository/RAD_Pages/Taxpayer_Page/input_suffix'

2021-11-19 12:10:33 - [TEST_STEP][PASSED] - selectOptionByLabel(findTestObject(orPath_AddressContact + "/select_Country"), "United States", false): All options with label 'United States' are selected in object 'Object Repository/RAD_Pages/AddressAndContactInfo_Page/select_Country' 

2021-11-19 12:10:34 - [MESSAGE][PASSED] - All options with label 'United States' are selected in object 'Object Repository/RAD_Pages/AddressAndContactInfo_Page/select_Country' 

2021-11-19 12:10:34 - [TEST_STEP][PASSED] - setText(findTestObject(orPath_AddressContact + "/input_streetAddress1"), AL1): Text '2311 York road' is set on object 'Object Repository/RAD_Pages/AddressAndContactInfo_Page/input_streetAddress1'

2021-11-19 12:10:34 - [MESSAGE][PASSED] - Text '2311 York road' is set on object 'Object Repository/RAD_Pages/AddressAndContactInfo_Page/input_streetAddress1'

2021-11-19 12:10:34 - [TEST_STEP][PASSED] - setText(findTestObject(orPath_AddressContact + "/input_streetAddress2"), ""): Text '' is set on object 'Object Repository/RAD_Pages/AddressAndContactInfo_Page/input_streetAddress2'

2021-11-19 12:10:35 - [MESSAGE][PASSED] - Text '' is set on object 'Object Repository/RAD_Pages/AddressAndContactInfo_Page/input_streetAddress2'

2021-11-19 12:10:35 - [TEST_STEP][PASSED] - setText(findTestObject(orPath_AddressContact + "/input_city"), City): Text 'Gambrills' is set on object 'Object Repository/RAD_Pages/AddressAndContactInfo_Page/input_city'

2021-11-19 12:10:35 - [MESSAGE][PASSED] - Text 'Gambrills' is set on object 'Object Repository/RAD_Pages/AddressAndContactInfo_Page/input_city'

2021-11-19 12:10:35 - [TEST_STEP][PASSED] - selectOptionByLabel(findTestObject(orPath_AddressContact + "/select_State"), "Maryland", false): All options with label 'Maryland' are selected in object 'Object Repository/RAD_Pages/AddressAndContactInfo_Page/select_State' 

2021-11-19 12:10:36 - [MESSAGE][PASSED] - All options with label 'Maryland' are selected in object 'Object Repository/RAD_Pages/AddressAndContactInfo_Page/select_State' 

2021-11-19 12:10:36 - [TEST_STEP][PASSED] - setText(findTestObject(orPath_AddressContact + "/input_zipCode"), ZIP): Text '21054' is set on object 'Object Repository/RAD_Pages/AddressAndContactInfo_Page/input_zipCode'

2021-11-19 12:10:37 - [MESSAGE][PASSED] - Text '21054' is set on object 'Object Repository/RAD_Pages/AddressAndContactInfo_Page/input_zipCode'

2021-11-19 12:10:37 - [TEST_STEP][PASSED] - setText(findTestObject(orPath_AddressContact + "/input_phoneNumber"), "(703) 894-5000"): Text '(703) 894-5000' is set on object 'Object Repository/RAD_Pages/AddressAndContactInfo_Page/input_phoneNumber'

2021-11-19 12:10:37 - [MESSAGE][PASSED] - Text '(703) 894-5000' is set on object 'Object Repository/RAD_Pages/AddressAndContactInfo_Page/input_phoneNumber'

2021-11-19 12:10:37 - [TEST_STEP][PASSED] - setText(findTestObject(orPath_AddressContact + "/input_eMailAddress"), "iahmed@govolution.com"): Text 'iahmed@govolution.com' is set on object 'Object Repository/RAD_Pages/AddressAndContactInfo_Page/input_eMailAddress'

2021-11-19 12:10:38 - [MESSAGE][PASSED] - Text 'iahmed@govolution.com' is set on object 'Object Repository/RAD_Pages/AddressAndContactInfo_Page/input_eMailAddress'

2021-11-19 12:10:38 - [TEST_STEP][PASSED] - setText(findTestObject(orPath_AddressContact + "/input_reEnterEMailAddress"), "iahmed@govolution.com"): Text 'iahmed@govolution.com' is set on object 'Object Repository/RAD_Pages/AddressAndContactInfo_Page/input_reEnterEMailAddress'

2021-11-19 12:10:39 - [MESSAGE][PASSED] - Text 'iahmed@govolution.com' is set on object 'Object Repository/RAD_Pages/AddressAndContactInfo_Page/input_reEnterEMailAddress'

2021-11-19 12:10:39 - [TEST_STEP][PASSED] - if (!(SSN.isEmpty())): null

2021-11-19 12:10:39 - [TEST_STEP][PASSED] - scrollToElement(findTestObject(orPath_Amount + "/input__paymentAmount"), 3): Scroll to object 'Object Repository/RAD_Pages/PaymentAmount_Page/input__paymentAmount' successfully

2021-11-19 12:10:39 - [MESSAGE][PASSED] - Scroll to object 'Object Repository/RAD_Pages/PaymentAmount_Page/input__paymentAmount' successfully

2021-11-19 12:10:39 - [TEST_STEP][PASSED] - if (!(FEIN.isEmpty())): Text '258369263' is set on object 'Object Repository/RAD_Pages/TaxInfo_Page/input_ReTypeFEIN'

2021-11-19 12:10:39 - [TEST_STEP][PASSED] - setText(findTestObject(orPath_TaxInfo + "/input_FEIN"), FEIN): Text '258369263' is set on object 'Object Repository/RAD_Pages/TaxInfo_Page/input_FEIN'

2021-11-19 12:10:40 - [MESSAGE][PASSED] - Text '258369263' is set on object 'Object Repository/RAD_Pages/TaxInfo_Page/input_FEIN'

2021-11-19 12:10:40 - [TEST_STEP][PASSED] - setText(findTestObject(orPath_TaxInfo + "/input_ReTypeFEIN"), FEIN): Text '258369263' is set on object 'Object Repository/RAD_Pages/TaxInfo_Page/input_ReTypeFEIN'

2021-11-19 12:10:41 - [MESSAGE][PASSED] - Text '258369263' is set on object 'Object Repository/RAD_Pages/TaxInfo_Page/input_ReTypeFEIN'

2021-11-19 12:10:41 - [TEST_STEP][PASSED] - delay(1): Delayed 1 second(s)

2021-11-19 12:10:42 - [MESSAGE][PASSED] - Delayed 1 second(s)

2021-11-19 12:10:42 - [TEST_STEP][PASSED] - setText(findTestObject(orPath_TaxInfo + "/input_NoticeInvoiceNumber"), "258147147"): Text '258147147' is set on object 'Object Repository/RAD_Pages/TaxInfo_Page/input_NoticeInvoiceNumber'

2021-11-19 12:10:42 - [MESSAGE][PASSED] - Text '258147147' is set on object 'Object Repository/RAD_Pages/TaxInfo_Page/input_NoticeInvoiceNumber'

2021-11-19 12:10:42 - [TEST_STEP][PASSED] - setText(findTestObject(orPath_TaxInfo + "/input_reTypeNoticeInvoiceNumber"), "258147147"): Text '258147147' is set on object 'Object Repository/RAD_Pages/TaxInfo_Page/input_reTypeNoticeInvoiceNumber'

2021-11-19 12:10:43 - [MESSAGE][PASSED] - Text '258147147' is set on object 'Object Repository/RAD_Pages/TaxInfo_Page/input_reTypeNoticeInvoiceNumber'

2021-11-19 12:10:43 - [TEST_STEP][PASSED] - if (TaxTypeEL.equalsIgnoreCase("Sales & Use Tax")): null

2021-11-19 12:10:43 - [TEST_STEP][PASSED] - setText(findTestObject(orPath_Amount + "/input__paymentAmount"), Amount): Text '30.50' is set on object 'Object Repository/RAD_Pages/PaymentAmount_Page/input__paymentAmount'

2021-11-19 12:10:44 - [MESSAGE][PASSED] - Text '30.50' is set on object 'Object Repository/RAD_Pages/PaymentAmount_Page/input__paymentAmount'

2021-11-19 12:10:44 - [TEST_STEP][PASSED] - scrollToElement(findTestObject(orPath_Landing + "/button_Continue"), 3): Scroll to object 'Object Repository/RAD_Pages/Landing_Page/button_Continue' successfully

2021-11-19 12:10:44 - [MESSAGE][PASSED] - Scroll to object 'Object Repository/RAD_Pages/Landing_Page/button_Continue' successfully

2021-11-19 12:10:44 - [TEST_STEP][PASSED] - waitForElementClickable(findTestObject(orPath_Landing + "/button_Continue"), 5): Object 'Object Repository/RAD_Pages/Landing_Page/button_Continue' is clickable

2021-11-19 12:10:45 - [MESSAGE][PASSED] - Object 'Object Repository/RAD_Pages/Landing_Page/button_Continue' is clickable

2021-11-19 12:10:45 - [TEST_STEP][PASSED] - click(findTestObject(orPath_Landing + "/button_Continue")): Object: 'Object Repository/RAD_Pages/Landing_Page/button_Continue' is clicked on

2021-11-19 12:10:45 - [MESSAGE][PASSED] - Object: 'Object Repository/RAD_Pages/Landing_Page/button_Continue' is clicked on

2021-11-19 12:10:45 - [TEST_STEP][PASSED] - verifyTextPresent("Review the information below and make any necessary corrections by clicking the", true): Text 'Review the information below and make any necessary corrections by clicking the' is present on page  using regular expression

2021-11-19 12:10:46 - [MESSAGE][PASSED] - Text 'Review the information below and make any necessary corrections by clicking the' is present on page  using regular expression

2021-11-19 12:10:46 - [TEST_STEP][PASSED] - verifyTextPresent("When you are confident that all the information is correct", true): Text 'When you are confident that all the information is correct' is present on page  using regular expression

2021-11-19 12:10:46 - [MESSAGE][PASSED] - Text 'When you are confident that all the information is correct' is present on page  using regular expression

2021-11-19 12:10:46 - [TEST_STEP][PASSED] - delay(1): Delayed 1 second(s)

2021-11-19 12:10:47 - [MESSAGE][PASSED] - Delayed 1 second(s)

2021-11-19 12:10:47 - [TEST_STEP][PASSED] - click(findTestObject(orPath_PaymentReady + "/button_ProceedtoPayment")): Object: 'Object Repository/RAD_Pages/PaymentReady_Page/button_ProceedtoPayment' is clicked on

2021-11-19 12:10:49 - [MESSAGE][PASSED] - Object: 'Object Repository/RAD_Pages/PaymentReady_Page/button_ProceedtoPayment' is clicked on

2021-11-19 12:10:49 - [TEST_STEP][PASSED] - setText(findTestObject(orPath_PaymentEntry + "/input__cardNumber"), CCNumber): Text '5146312200000035' is set on object 'Object Repository/RAD_Pages/PaymentEntry_Page/input__cardNumber'

2021-11-19 12:10:50 - [MESSAGE][PASSED] - Text '5146312200000035' is set on object 'Object Repository/RAD_Pages/PaymentEntry_Page/input__cardNumber'

2021-11-19 12:10:50 - [TEST_STEP][PASSED] - setText(findTestObject(orPath_PaymentEntry + "/input__spc"), CVV): Text '123' is set on object 'Object Repository/RAD_Pages/PaymentEntry_Page/input__spc'

2021-11-19 12:10:50 - [MESSAGE][PASSED] - Text '123' is set on object 'Object Repository/RAD_Pages/PaymentEntry_Page/input__spc'

2021-11-19 12:10:50 - [TEST_STEP][PASSED] - selectOptionByLabel(findTestObject(orPath_PaymentEntry + "/select_MM"), "12", false): All options with label '12' are selected in object 'Object Repository/RAD_Pages/PaymentEntry_Page/select_MM' 

2021-11-19 12:10:51 - [MESSAGE][PASSED] - All options with label '12' are selected in object 'Object Repository/RAD_Pages/PaymentEntry_Page/select_MM' 

2021-11-19 12:10:51 - [TEST_STEP][PASSED] - selectOptionByLabel(findTestObject(orPath_PaymentEntry + "/select_YYYY"), "2023", false): All options with label '2023' are selected in object 'Object Repository/RAD_Pages/PaymentEntry_Page/select_YYYY' 

2021-11-19 12:10:52 - [MESSAGE][PASSED] - All options with label '2023' are selected in object 'Object Repository/RAD_Pages/PaymentEntry_Page/select_YYYY' 

2021-11-19 12:10:52 - [TEST_STEP][PASSED] - click(findTestObject(orPath_PaymentEntry + "/input_Field_ccSubmit")): Object: 'Object Repository/RAD_Pages/PaymentEntry_Page/input_Field_ccSubmit' is clicked on

2021-11-19 12:10:53 - [MESSAGE][PASSED] - Object: 'Object Repository/RAD_Pages/PaymentEntry_Page/input_Field_ccSubmit' is clicked on

2021-11-19 12:10:53 - [TEST_STEP][PASSED] - click(findTestObject(orPath_PaymentConfirmation + "/input_N_confirmNotifyAction")): Object: 'Object Repository/RAD_Pages/PaymentConfirmation_Page/input_N_confirmNotifyAction' is clicked on

2021-11-19 12:10:54 - [MESSAGE][PASSED] - Object: 'Object Repository/RAD_Pages/PaymentConfirmation_Page/input_N_confirmNotifyAction' is clicked on

2021-11-19 12:10:54 - [TEST_STEP][PASSED] - click(findTestObject(orPath_ServiceFeesAccept + "/input_convFeeNotifyAction")): Object: 'Object Repository/RAD_Pages/ServiceFeeAccept_Page/input_convFeeNotifyAction' is clicked on

2021-11-19 12:10:56 - [MESSAGE][PASSED] - Object: 'Object Repository/RAD_Pages/ServiceFeeAccept_Page/input_convFeeNotifyAction' is clicked on

2021-11-19 12:10:56 - [TEST_STEP][PASSED] - delay(10): Delayed 10 second(s)

2021-11-19 12:11:06 - [MESSAGE][PASSED] - Delayed 10 second(s)

2021-11-19 12:11:06 - [TEST_STEP][PASSED] - verifyTextPresent("Successful Payment Receipt", true): Text 'Successful Payment Receipt' is present on page  using regular expression

2021-11-19 12:11:06 - [MESSAGE][PASSED] - Text 'Successful Payment Receipt' is present on page  using regular expression

2021-11-19 12:11:06 - [TEST_STEP][PASSED] - if (verifyTextPresent("Successful Payment Receipt", true)): null

2021-11-19 12:11:07 - [MESSAGE][PASSED] - Text 'Successful Payment Receipt' is present on page  using regular expression

2021-11-19 12:11:07 - [TEST_STEP][PASSED] - println("Transaction was Successful"): null

2021-11-19 12:11:07 - [TEST_STEP][PASSED] - out.println("Pass Record Number: " + row): null

2021-11-19 12:11:07 - [TEST_STEP][PASSED] - resText = "Pass": null

2021-11-19 12:11:07 - [TEST_STEP][PASSED] - pages.WriteExcel.demoKey(resText, datText, resColumn, datCloumn, fileLoc, nameSheet, row): pages.WriteExcel.demoKey is PASSED

2021-11-19 12:11:07 - [MESSAGE][PASSED] - pages.WriteExcel.demoKey is PASSED

2021-11-19 12:11:07 - [TEST_STEP][PASSED] - ExecuteTC = findTestData(dataFile).getValue("Execute", row): null

2021-11-19 12:11:07 - [TEST_STEP][PASSED] - Taxtype = findTestData(dataFile).getValue("TaxType", row): null

2021-11-19 12:11:07 - [TEST_STEP][PASSED] - TaxTypeEL = findTestData(dataFile).getValue("TaxTypeEL", row): null

2021-11-19 12:11:07 - [TEST_STEP][PASSED] - FilingYear = findTestData(dataFile).getValue("FilingYear", row): null

2021-11-19 12:11:07 - [TEST_STEP][PASSED] - FName = findTestData(dataFile).getValue("Fname", row): null

2021-11-19 12:11:07 - [TEST_STEP][PASSED] - LName = findTestData(dataFile).getValue("Lname", row): null

2021-11-19 12:11:07 - [TEST_STEP][PASSED] - AL1 = findTestData(dataFile).getValue("AL1", row): null

2021-11-19 12:11:07 - [TEST_STEP][PASSED] - City = findTestData(dataFile).getValue("City", row): null

2021-11-19 12:11:07 - [TEST_STEP][PASSED] - ZIP = findTestData(dataFile).getValue("ZIP", row): null

2021-11-19 12:11:07 - [TEST_STEP][PASSED] - Amount = findTestData(dataFile).getValue("Amount", row): null

2021-11-19 12:11:07 - [TEST_STEP][PASSED] - CCNumber = findTestData(dataFile).getValue("CCNumber", row): null

2021-11-19 12:11:07 - [TEST_STEP][PASSED] - CVV = findTestData(dataFile).getValue("CVV", row): null

2021-11-19 12:11:07 - [TEST_STEP][PASSED] - SSN = findTestData(dataFile).getValue("SSN", row): null

2021-11-19 12:11:07 - [TEST_STEP][PASSED] - FEIN = findTestData(dataFile).getValue("FEIN", row): null

2021-11-19 12:11:07 - [TEST_STEP][PASSED] - out.println("Value of Execute is : " + ExecuteTC): null

2021-11-19 12:11:07 - [TEST_STEP][PASSED] - if (ExecuteTC.equalsIgnoreCase("Y")): null

2021-11-19 12:11:07 - [TEST_STEP][PASSED] - ExecuteTC = findTestData(dataFile).getValue("Execute", row): null

2021-11-19 12:11:07 - [TEST_STEP][PASSED] - Taxtype = findTestData(dataFile).getValue("TaxType", row): null

2021-11-19 12:11:07 - [TEST_STEP][PASSED] - TaxTypeEL = findTestData(dataFile).getValue("TaxTypeEL", row): null

2021-11-19 12:11:07 - [TEST_STEP][PASSED] - FilingYear = findTestData(dataFile).getValue("FilingYear", row): null

2021-11-19 12:11:07 - [TEST_STEP][PASSED] - FName = findTestData(dataFile).getValue("Fname", row): null

2021-11-19 12:11:07 - [TEST_STEP][PASSED] - LName = findTestData(dataFile).getValue("Lname", row): null

2021-11-19 12:11:07 - [TEST_STEP][PASSED] - AL1 = findTestData(dataFile).getValue("AL1", row): null

2021-11-19 12:11:07 - [TEST_STEP][PASSED] - City = findTestData(dataFile).getValue("City", row): null

2021-11-19 12:11:07 - [TEST_STEP][PASSED] - ZIP = findTestData(dataFile).getValue("ZIP", row): null

2021-11-19 12:11:07 - [TEST_STEP][PASSED] - Amount = findTestData(dataFile).getValue("Amount", row): null

2021-11-19 12:11:07 - [TEST_STEP][PASSED] - CCNumber = findTestData(dataFile).getValue("CCNumber", row): null

2021-11-19 12:11:07 - [TEST_STEP][PASSED] - CVV = findTestData(dataFile).getValue("CVV", row): null

2021-11-19 12:11:07 - [TEST_STEP][PASSED] - SSN = findTestData(dataFile).getValue("SSN", row): null

2021-11-19 12:11:07 - [TEST_STEP][PASSED] - FEIN = findTestData(dataFile).getValue("FEIN", row): null

2021-11-19 12:11:07 - [TEST_STEP][PASSED] - out.println("Value of Execute is : " + ExecuteTC): null

2021-11-19 12:11:07 - [TEST_STEP][PASSED] - if (ExecuteTC.equalsIgnoreCase("Y")): null

2021-11-19 12:11:07 - [TEST_STEP][PASSED] - ExecuteTC = findTestData(dataFile).getValue("Execute", row): null

2021-11-19 12:11:07 - [TEST_STEP][PASSED] - Taxtype = findTestData(dataFile).getValue("TaxType", row): null

2021-11-19 12:11:08 - [TEST_STEP][PASSED] - TaxTypeEL = findTestData(dataFile).getValue("TaxTypeEL", row): null

2021-11-19 12:11:08 - [TEST_STEP][PASSED] - FilingYear = findTestData(dataFile).getValue("FilingYear", row): null

2021-11-19 12:11:08 - [TEST_STEP][PASSED] - FName = findTestData(dataFile).getValue("Fname", row): null

2021-11-19 12:11:08 - [TEST_STEP][PASSED] - LName = findTestData(dataFile).getValue("Lname", row): null

2021-11-19 12:11:08 - [TEST_STEP][PASSED] - AL1 = findTestData(dataFile).getValue("AL1", row): null

2021-11-19 12:11:08 - [TEST_STEP][PASSED] - City = findTestData(dataFile).getValue("City", row): null

2021-11-19 12:11:08 - [TEST_STEP][PASSED] - ZIP = findTestData(dataFile).getValue("ZIP", row): null

2021-11-19 12:11:08 - [TEST_STEP][PASSED] - Amount = findTestData(dataFile).getValue("Amount", row): null

2021-11-19 12:11:08 - [TEST_STEP][PASSED] - CCNumber = findTestData(dataFile).getValue("CCNumber", row): null

2021-11-19 12:11:08 - [TEST_STEP][PASSED] - CVV = findTestData(dataFile).getValue("CVV", row): null

2021-11-19 12:11:08 - [TEST_STEP][PASSED] - SSN = findTestData(dataFile).getValue("SSN", row): null

2021-11-19 12:11:08 - [TEST_STEP][PASSED] - FEIN = findTestData(dataFile).getValue("FEIN", row): null

2021-11-19 12:11:08 - [TEST_STEP][PASSED] - out.println("Value of Execute is : " + ExecuteTC): null

2021-11-19 12:11:08 - [TEST_STEP][PASSED] - if (ExecuteTC.equalsIgnoreCase("Y")): null

2021-11-19 12:11:08 - [TEST_STEP][PASSED] - ExecuteTC = findTestData(dataFile).getValue("Execute", row): null

2021-11-19 12:11:08 - [TEST_STEP][PASSED] - Taxtype = findTestData(dataFile).getValue("TaxType", row): null

2021-11-19 12:11:08 - [TEST_STEP][PASSED] - TaxTypeEL = findTestData(dataFile).getValue("TaxTypeEL", row): null

2021-11-19 12:11:08 - [TEST_STEP][PASSED] - FilingYear = findTestData(dataFile).getValue("FilingYear", row): null

2021-11-19 12:11:08 - [TEST_STEP][PASSED] - FName = findTestData(dataFile).getValue("Fname", row): null

2021-11-19 12:11:08 - [TEST_STEP][PASSED] - LName = findTestData(dataFile).getValue("Lname", row): null

2021-11-19 12:11:08 - [TEST_STEP][PASSED] - AL1 = findTestData(dataFile).getValue("AL1", row): null

2021-11-19 12:11:08 - [TEST_STEP][PASSED] - City = findTestData(dataFile).getValue("City", row): null

2021-11-19 12:11:08 - [TEST_STEP][PASSED] - ZIP = findTestData(dataFile).getValue("ZIP", row): null

2021-11-19 12:11:08 - [TEST_STEP][PASSED] - Amount = findTestData(dataFile).getValue("Amount", row): null

2021-11-19 12:11:08 - [TEST_STEP][PASSED] - CCNumber = findTestData(dataFile).getValue("CCNumber", row): null

2021-11-19 12:11:08 - [TEST_STEP][PASSED] - CVV = findTestData(dataFile).getValue("CVV", row): null

2021-11-19 12:11:08 - [TEST_STEP][PASSED] - SSN = findTestData(dataFile).getValue("SSN", row): null

2021-11-19 12:11:08 - [TEST_STEP][PASSED] - FEIN = findTestData(dataFile).getValue("FEIN", row): null

2021-11-19 12:11:08 - [TEST_STEP][PASSED] - out.println("Value of Execute is : " + ExecuteTC): null

2021-11-19 12:11:08 - [TEST_STEP][PASSED] - if (ExecuteTC.equalsIgnoreCase("Y")): null

2021-11-19 12:11:08 - [TEST_STEP][PASSED] - ExecuteTC = findTestData(dataFile).getValue("Execute", row): null

2021-11-19 12:11:08 - [TEST_STEP][PASSED] - Taxtype = findTestData(dataFile).getValue("TaxType", row): null

2021-11-19 12:11:08 - [TEST_STEP][PASSED] - TaxTypeEL = findTestData(dataFile).getValue("TaxTypeEL", row): null

2021-11-19 12:11:08 - [TEST_STEP][PASSED] - FilingYear = findTestData(dataFile).getValue("FilingYear", row): null

2021-11-19 12:11:08 - [TEST_STEP][PASSED] - FName = findTestData(dataFile).getValue("Fname", row): null

2021-11-19 12:11:08 - [TEST_STEP][PASSED] - LName = findTestData(dataFile).getValue("Lname", row): null

2021-11-19 12:11:08 - [TEST_STEP][PASSED] - AL1 = findTestData(dataFile).getValue("AL1", row): null

2021-11-19 12:11:08 - [TEST_STEP][PASSED] - City = findTestData(dataFile).getValue("City", row): null

2021-11-19 12:11:09 - [TEST_STEP][PASSED] - ZIP = findTestData(dataFile).getValue("ZIP", row): null

2021-11-19 12:11:09 - [TEST_STEP][PASSED] - Amount = findTestData(dataFile).getValue("Amount", row): null

2021-11-19 12:11:09 - [TEST_STEP][PASSED] - CCNumber = findTestData(dataFile).getValue("CCNumber", row): null

2021-11-19 12:11:09 - [TEST_STEP][PASSED] - CVV = findTestData(dataFile).getValue("CVV", row): null

2021-11-19 12:11:09 - [TEST_STEP][PASSED] - SSN = findTestData(dataFile).getValue("SSN", row): null

2021-11-19 12:11:09 - [TEST_STEP][PASSED] - FEIN = findTestData(dataFile).getValue("FEIN", row): null

2021-11-19 12:11:09 - [TEST_STEP][PASSED] - out.println("Value of Execute is : " + ExecuteTC): null

2021-11-19 12:11:09 - [TEST_STEP][PASSED] - if (ExecuteTC.equalsIgnoreCase("Y")): null

2021-11-19 12:11:09 - [TEST_STEP][PASSED] - ExecuteTC = findTestData(dataFile).getValue("Execute", row): null

2021-11-19 12:11:09 - [TEST_STEP][PASSED] - Taxtype = findTestData(dataFile).getValue("TaxType", row): null

2021-11-19 12:11:09 - [TEST_STEP][PASSED] - TaxTypeEL = findTestData(dataFile).getValue("TaxTypeEL", row): null

2021-11-19 12:11:09 - [TEST_STEP][PASSED] - FilingYear = findTestData(dataFile).getValue("FilingYear", row): null

2021-11-19 12:11:09 - [TEST_STEP][PASSED] - FName = findTestData(dataFile).getValue("Fname", row): null

2021-11-19 12:11:09 - [TEST_STEP][PASSED] - LName = findTestData(dataFile).getValue("Lname", row): null

2021-11-19 12:11:09 - [TEST_STEP][PASSED] - AL1 = findTestData(dataFile).getValue("AL1", row): null

2021-11-19 12:11:09 - [TEST_STEP][PASSED] - City = findTestData(dataFile).getValue("City", row): null

2021-11-19 12:11:09 - [TEST_STEP][PASSED] - ZIP = findTestData(dataFile).getValue("ZIP", row): null

2021-11-19 12:11:09 - [TEST_STEP][PASSED] - Amount = findTestData(dataFile).getValue("Amount", row): null

2021-11-19 12:11:09 - [TEST_STEP][PASSED] - CCNumber = findTestData(dataFile).getValue("CCNumber", row): null

2021-11-19 12:11:09 - [TEST_STEP][PASSED] - CVV = findTestData(dataFile).getValue("CVV", row): null

2021-11-19 12:11:09 - [TEST_STEP][PASSED] - SSN = findTestData(dataFile).getValue("SSN", row): null

2021-11-19 12:11:09 - [TEST_STEP][PASSED] - FEIN = findTestData(dataFile).getValue("FEIN", row): null

2021-11-19 12:11:09 - [TEST_STEP][PASSED] - out.println("Value of Execute is : " + ExecuteTC): null

2021-11-19 12:11:09 - [TEST_STEP][PASSED] - if (ExecuteTC.equalsIgnoreCase("Y")): null

2021-11-19 12:11:09 - [TEST_STEP][PASSED] - ExecuteTC = findTestData(dataFile).getValue("Execute", row): null

2021-11-19 12:11:09 - [TEST_STEP][PASSED] - Taxtype = findTestData(dataFile).getValue("TaxType", row): null

2021-11-19 12:11:09 - [TEST_STEP][PASSED] - TaxTypeEL = findTestData(dataFile).getValue("TaxTypeEL", row): null

2021-11-19 12:11:09 - [TEST_STEP][PASSED] - FilingYear = findTestData(dataFile).getValue("FilingYear", row): null

2021-11-19 12:11:09 - [TEST_STEP][PASSED] - FName = findTestData(dataFile).getValue("Fname", row): null

2021-11-19 12:11:09 - [TEST_STEP][PASSED] - LName = findTestData(dataFile).getValue("Lname", row): null

2021-11-19 12:11:09 - [TEST_STEP][PASSED] - AL1 = findTestData(dataFile).getValue("AL1", row): null

2021-11-19 12:11:09 - [TEST_STEP][PASSED] - City = findTestData(dataFile).getValue("City", row): null

2021-11-19 12:11:09 - [TEST_STEP][PASSED] - ZIP = findTestData(dataFile).getValue("ZIP", row): null

2021-11-19 12:11:09 - [TEST_STEP][PASSED] - Amount = findTestData(dataFile).getValue("Amount", row): null

2021-11-19 12:11:09 - [TEST_STEP][PASSED] - CCNumber = findTestData(dataFile).getValue("CCNumber", row): null

2021-11-19 12:11:09 - [TEST_STEP][PASSED] - CVV = findTestData(dataFile).getValue("CVV", row): null

2021-11-19 12:11:09 - [TEST_STEP][PASSED] - SSN = findTestData(dataFile).getValue("SSN", row): null

2021-11-19 12:11:09 - [TEST_STEP][PASSED] - FEIN = findTestData(dataFile).getValue("FEIN", row): null

2021-11-19 12:11:09 - [TEST_STEP][PASSED] - out.println("Value of Execute is : " + ExecuteTC): null

2021-11-19 12:11:09 - [TEST_STEP][PASSED] - if (ExecuteTC.equalsIgnoreCase("Y")): null

2021-11-19 12:11:09 - [TEST_STEP][PASSED] - ExecuteTC = findTestData(dataFile).getValue("Execute", row): null

2021-11-19 12:11:10 - [TEST_STEP][PASSED] - Taxtype = findTestData(dataFile).getValue("TaxType", row): null

2021-11-19 12:11:10 - [TEST_STEP][PASSED] - TaxTypeEL = findTestData(dataFile).getValue("TaxTypeEL", row): null

2021-11-19 12:11:10 - [TEST_STEP][PASSED] - FilingYear = findTestData(dataFile).getValue("FilingYear", row): null

2021-11-19 12:11:10 - [TEST_STEP][PASSED] - FName = findTestData(dataFile).getValue("Fname", row): null

2021-11-19 12:11:10 - [TEST_STEP][PASSED] - LName = findTestData(dataFile).getValue("Lname", row): null

2021-11-19 12:11:10 - [TEST_STEP][PASSED] - AL1 = findTestData(dataFile).getValue("AL1", row): null

2021-11-19 12:11:10 - [TEST_STEP][PASSED] - City = findTestData(dataFile).getValue("City", row): null

2021-11-19 12:11:10 - [TEST_STEP][PASSED] - ZIP = findTestData(dataFile).getValue("ZIP", row): null

2021-11-19 12:11:10 - [TEST_STEP][PASSED] - Amount = findTestData(dataFile).getValue("Amount", row): null

2021-11-19 12:11:10 - [TEST_STEP][PASSED] - CCNumber = findTestData(dataFile).getValue("CCNumber", row): null

2021-11-19 12:11:10 - [TEST_STEP][PASSED] - CVV = findTestData(dataFile).getValue("CVV", row): null

2021-11-19 12:11:10 - [TEST_STEP][PASSED] - SSN = findTestData(dataFile).getValue("SSN", row): null

2021-11-19 12:11:10 - [TEST_STEP][PASSED] - FEIN = findTestData(dataFile).getValue("FEIN", row): null

2021-11-19 12:11:10 - [TEST_STEP][PASSED] - out.println("Value of Execute is : " + ExecuteTC): null

2021-11-19 12:11:10 - [TEST_STEP][PASSED] - if (ExecuteTC.equalsIgnoreCase("Y")): null

2021-11-19 12:11:10 - [TEST_STEP][PASSED] - ExecuteTC = findTestData(dataFile).getValue("Execute", row): null

2021-11-19 12:11:10 - [TEST_STEP][PASSED] - Taxtype = findTestData(dataFile).getValue("TaxType", row): null

2021-11-19 12:11:10 - [TEST_STEP][PASSED] - TaxTypeEL = findTestData(dataFile).getValue("TaxTypeEL", row): null

2021-11-19 12:11:10 - [TEST_STEP][PASSED] - FilingYear = findTestData(dataFile).getValue("FilingYear", row): null

2021-11-19 12:11:10 - [TEST_STEP][PASSED] - FName = findTestData(dataFile).getValue("Fname", row): null

2021-11-19 12:11:10 - [TEST_STEP][PASSED] - LName = findTestData(dataFile).getValue("Lname", row): null

2021-11-19 12:11:10 - [TEST_STEP][PASSED] - AL1 = findTestData(dataFile).getValue("AL1", row): null

2021-11-19 12:11:10 - [TEST_STEP][PASSED] - City = findTestData(dataFile).getValue("City", row): null

2021-11-19 12:11:10 - [TEST_STEP][PASSED] - ZIP = findTestData(dataFile).getValue("ZIP", row): null

2021-11-19 12:11:10 - [TEST_STEP][PASSED] - Amount = findTestData(dataFile).getValue("Amount", row): null

2021-11-19 12:11:10 - [TEST_STEP][PASSED] - CCNumber = findTestData(dataFile).getValue("CCNumber", row): null

2021-11-19 12:11:10 - [TEST_STEP][PASSED] - CVV = findTestData(dataFile).getValue("CVV", row): null

2021-11-19 12:11:10 - [TEST_STEP][PASSED] - SSN = findTestData(dataFile).getValue("SSN", row): null

2021-11-19 12:11:10 - [TEST_STEP][PASSED] - FEIN = findTestData(dataFile).getValue("FEIN", row): null

2021-11-19 12:11:10 - [TEST_STEP][PASSED] - out.println("Value of Execute is : " + ExecuteTC): null

2021-11-19 12:11:10 - [TEST_STEP][PASSED] - if (ExecuteTC.equalsIgnoreCase("Y")): null

2021-11-19 12:11:10 - [TEST_STEP][PASSED] - ExecuteTC = findTestData(dataFile).getValue("Execute", row): null

2021-11-19 12:11:10 - [TEST_STEP][PASSED] - Taxtype = findTestData(dataFile).getValue("TaxType", row): null

2021-11-19 12:11:10 - [TEST_STEP][PASSED] - TaxTypeEL = findTestData(dataFile).getValue("TaxTypeEL", row): null

2021-11-19 12:11:10 - [TEST_STEP][PASSED] - FilingYear = findTestData(dataFile).getValue("FilingYear", row): null

2021-11-19 12:11:10 - [TEST_STEP][PASSED] - FName = findTestData(dataFile).getValue("Fname", row): null

2021-11-19 12:11:10 - [TEST_STEP][PASSED] - LName = findTestData(dataFile).getValue("Lname", row): null

2021-11-19 12:11:10 - [TEST_STEP][PASSED] - AL1 = findTestData(dataFile).getValue("AL1", row): null

2021-11-19 12:11:11 - [TEST_STEP][PASSED] - City = findTestData(dataFile).getValue("City", row): null

2021-11-19 12:11:11 - [TEST_STEP][PASSED] - ZIP = findTestData(dataFile).getValue("ZIP", row): null

2021-11-19 12:11:11 - [TEST_STEP][PASSED] - Amount = findTestData(dataFile).getValue("Amount", row): null

2021-11-19 12:11:11 - [TEST_STEP][PASSED] - CCNumber = findTestData(dataFile).getValue("CCNumber", row): null

2021-11-19 12:11:11 - [TEST_STEP][PASSED] - CVV = findTestData(dataFile).getValue("CVV", row): null

2021-11-19 12:11:11 - [TEST_STEP][PASSED] - SSN = findTestData(dataFile).getValue("SSN", row): null

2021-11-19 12:11:11 - [TEST_STEP][PASSED] - FEIN = findTestData(dataFile).getValue("FEIN", row): null

2021-11-19 12:11:11 - [TEST_STEP][PASSED] - out.println("Value of Execute is : " + ExecuteTC): null

2021-11-19 12:11:11 - [TEST_STEP][PASSED] - if (ExecuteTC.equalsIgnoreCase("Y")): null

2021-11-19 12:11:11 - [TEST_STEP][PASSED] - ExecuteTC = findTestData(dataFile).getValue("Execute", row): null

2021-11-19 12:11:11 - [TEST_STEP][PASSED] - Taxtype = findTestData(dataFile).getValue("TaxType", row): null

2021-11-19 12:11:11 - [TEST_STEP][PASSED] - TaxTypeEL = findTestData(dataFile).getValue("TaxTypeEL", row): null

2021-11-19 12:11:11 - [TEST_STEP][PASSED] - FilingYear = findTestData(dataFile).getValue("FilingYear", row): null

2021-11-19 12:11:11 - [TEST_STEP][PASSED] - FName = findTestData(dataFile).getValue("Fname", row): null

2021-11-19 12:11:11 - [TEST_STEP][PASSED] - LName = findTestData(dataFile).getValue("Lname", row): null

2021-11-19 12:11:11 - [TEST_STEP][PASSED] - AL1 = findTestData(dataFile).getValue("AL1", row): null

2021-11-19 12:11:11 - [TEST_STEP][PASSED] - City = findTestData(dataFile).getValue("City", row): null

2021-11-19 12:11:11 - [TEST_STEP][PASSED] - ZIP = findTestData(dataFile).getValue("ZIP", row): null

2021-11-19 12:11:11 - [TEST_STEP][PASSED] - Amount = findTestData(dataFile).getValue("Amount", row): null

2021-11-19 12:11:11 - [TEST_STEP][PASSED] - CCNumber = findTestData(dataFile).getValue("CCNumber", row): null

2021-11-19 12:11:11 - [TEST_STEP][PASSED] - CVV = findTestData(dataFile).getValue("CVV", row): null

2021-11-19 12:11:11 - [TEST_STEP][PASSED] - SSN = findTestData(dataFile).getValue("SSN", row): null

2021-11-19 12:11:11 - [TEST_STEP][PASSED] - FEIN = findTestData(dataFile).getValue("FEIN", row): null

2021-11-19 12:11:11 - [TEST_STEP][PASSED] - out.println("Value of Execute is : " + ExecuteTC): null

2021-11-19 12:11:11 - [TEST_STEP][PASSED] - if (ExecuteTC.equalsIgnoreCase("Y")): null

2021-11-19 12:11:11 - [TEST_STEP][PASSED] - ExecuteTC = findTestData(dataFile).getValue("Execute", row): null

2021-11-19 12:11:11 - [TEST_STEP][PASSED] - Taxtype = findTestData(dataFile).getValue("TaxType", row): null

2021-11-19 12:11:11 - [TEST_STEP][PASSED] - TaxTypeEL = findTestData(dataFile).getValue("TaxTypeEL", row): null

2021-11-19 12:11:11 - [TEST_STEP][PASSED] - FilingYear = findTestData(dataFile).getValue("FilingYear", row): null

2021-11-19 12:11:11 - [TEST_STEP][PASSED] - FName = findTestData(dataFile).getValue("Fname", row): null

2021-11-19 12:11:11 - [TEST_STEP][PASSED] - LName = findTestData(dataFile).getValue("Lname", row): null

2021-11-19 12:11:11 - [TEST_STEP][PASSED] - AL1 = findTestData(dataFile).getValue("AL1", row): null

2021-11-19 12:11:11 - [TEST_STEP][PASSED] - City = findTestData(dataFile).getValue("City", row): null

2021-11-19 12:11:11 - [TEST_STEP][PASSED] - ZIP = findTestData(dataFile).getValue("ZIP", row): null

2021-11-19 12:11:11 - [TEST_STEP][PASSED] - Amount = findTestData(dataFile).getValue("Amount", row): null

2021-11-19 12:11:11 - [TEST_STEP][PASSED] - CCNumber = findTestData(dataFile).getValue("CCNumber", row): null

2021-11-19 12:11:11 - [TEST_STEP][PASSED] - CVV = findTestData(dataFile).getValue("CVV", row): null

2021-11-19 12:11:11 - [TEST_STEP][PASSED] - SSN = findTestData(dataFile).getValue("SSN", row): null

2021-11-19 12:11:12 - [TEST_STEP][PASSED] - FEIN = findTestData(dataFile).getValue("FEIN", row): null

2021-11-19 12:11:12 - [TEST_STEP][PASSED] - out.println("Value of Execute is : " + ExecuteTC): null

2021-11-19 12:11:12 - [TEST_STEP][PASSED] - if (ExecuteTC.equalsIgnoreCase("Y")): null

2021-11-19 12:11:12 - [TEST_STEP][PASSED] - ExecuteTC = findTestData(dataFile).getValue("Execute", row): null

2021-11-19 12:11:12 - [TEST_STEP][PASSED] - Taxtype = findTestData(dataFile).getValue("TaxType", row): null

2021-11-19 12:11:12 - [TEST_STEP][PASSED] - TaxTypeEL = findTestData(dataFile).getValue("TaxTypeEL", row): null

2021-11-19 12:11:12 - [TEST_STEP][PASSED] - FilingYear = findTestData(dataFile).getValue("FilingYear", row): null

2021-11-19 12:11:12 - [TEST_STEP][PASSED] - FName = findTestData(dataFile).getValue("Fname", row): null

2021-11-19 12:11:12 - [TEST_STEP][PASSED] - LName = findTestData(dataFile).getValue("Lname", row): null

2021-11-19 12:11:12 - [TEST_STEP][PASSED] - AL1 = findTestData(dataFile).getValue("AL1", row): null

2021-11-19 12:11:12 - [TEST_STEP][PASSED] - City = findTestData(dataFile).getValue("City", row): null

2021-11-19 12:11:12 - [TEST_STEP][PASSED] - ZIP = findTestData(dataFile).getValue("ZIP", row): null

2021-11-19 12:11:12 - [TEST_STEP][PASSED] - Amount = findTestData(dataFile).getValue("Amount", row): null

2021-11-19 12:11:12 - [TEST_STEP][PASSED] - CCNumber = findTestData(dataFile).getValue("CCNumber", row): null

2021-11-19 12:11:12 - [TEST_STEP][PASSED] - CVV = findTestData(dataFile).getValue("CVV", row): null

2021-11-19 12:11:12 - [TEST_STEP][PASSED] - SSN = findTestData(dataFile).getValue("SSN", row): null

2021-11-19 12:11:12 - [TEST_STEP][PASSED] - FEIN = findTestData(dataFile).getValue("FEIN", row): null

2021-11-19 12:11:12 - [TEST_STEP][PASSED] - out.println("Value of Execute is : " + ExecuteTC): null

2021-11-19 12:11:12 - [TEST_STEP][PASSED] - if (ExecuteTC.equalsIgnoreCase("Y")): null

2021-11-19 12:11:12 - [TEST_STEP][PASSED] - ExecuteTC = findTestData(dataFile).getValue("Execute", row): null

2021-11-19 12:11:12 - [TEST_STEP][PASSED] - Taxtype = findTestData(dataFile).getValue("TaxType", row): null

2021-11-19 12:11:12 - [TEST_STEP][PASSED] - TaxTypeEL = findTestData(dataFile).getValue("TaxTypeEL", row): null

2021-11-19 12:11:12 - [TEST_STEP][PASSED] - FilingYear = findTestData(dataFile).getValue("FilingYear", row): null

2021-11-19 12:11:12 - [TEST_STEP][PASSED] - FName = findTestData(dataFile).getValue("Fname", row): null

2021-11-19 12:11:12 - [TEST_STEP][PASSED] - LName = findTestData(dataFile).getValue("Lname", row): null

2021-11-19 12:11:12 - [TEST_STEP][PASSED] - AL1 = findTestData(dataFile).getValue("AL1", row): null

2021-11-19 12:11:12 - [TEST_STEP][PASSED] - City = findTestData(dataFile).getValue("City", row): null

2021-11-19 12:11:12 - [TEST_STEP][PASSED] - ZIP = findTestData(dataFile).getValue("ZIP", row): null

2021-11-19 12:11:12 - [TEST_STEP][PASSED] - Amount = findTestData(dataFile).getValue("Amount", row): null

2021-11-19 12:11:12 - [TEST_STEP][PASSED] - CCNumber = findTestData(dataFile).getValue("CCNumber", row): null

2021-11-19 12:11:12 - [TEST_STEP][PASSED] - CVV = findTestData(dataFile).getValue("CVV", row): null

2021-11-19 12:11:12 - [TEST_STEP][PASSED] - SSN = findTestData(dataFile).getValue("SSN", row): null

2021-11-19 12:11:12 - [TEST_STEP][PASSED] - FEIN = findTestData(dataFile).getValue("FEIN", row): null

2021-11-19 12:11:12 - [TEST_STEP][PASSED] - out.println("Value of Execute is : " + ExecuteTC): null

2021-11-19 12:11:12 - [TEST_STEP][PASSED] - if (ExecuteTC.equalsIgnoreCase("Y")): null

2021-11-19 12:11:12 - [TEST_STEP][PASSED] - ExecuteTC = findTestData(dataFile).getValue("Execute", row): null

2021-11-19 12:11:12 - [TEST_STEP][PASSED] - Taxtype = findTestData(dataFile).getValue("TaxType", row): null

2021-11-19 12:11:12 - [TEST_STEP][PASSED] - TaxTypeEL = findTestData(dataFile).getValue("TaxTypeEL", row): null

2021-11-19 12:11:12 - [TEST_STEP][PASSED] - FilingYear = findTestData(dataFile).getValue("FilingYear", row): null

2021-11-19 12:11:13 - [TEST_STEP][PASSED] - FName = findTestData(dataFile).getValue("Fname", row): null

2021-11-19 12:11:13 - [TEST_STEP][PASSED] - LName = findTestData(dataFile).getValue("Lname", row): null

2021-11-19 12:11:13 - [TEST_STEP][PASSED] - AL1 = findTestData(dataFile).getValue("AL1", row): null

2021-11-19 12:11:13 - [TEST_STEP][PASSED] - City = findTestData(dataFile).getValue("City", row): null

2021-11-19 12:11:13 - [TEST_STEP][PASSED] - ZIP = findTestData(dataFile).getValue("ZIP", row): null

2021-11-19 12:11:13 - [TEST_STEP][PASSED] - Amount = findTestData(dataFile).getValue("Amount", row): null

2021-11-19 12:11:13 - [TEST_STEP][PASSED] - CCNumber = findTestData(dataFile).getValue("CCNumber", row): null

2021-11-19 12:11:13 - [TEST_STEP][PASSED] - CVV = findTestData(dataFile).getValue("CVV", row): null

2021-11-19 12:11:13 - [TEST_STEP][PASSED] - SSN = findTestData(dataFile).getValue("SSN", row): null

2021-11-19 12:11:13 - [TEST_STEP][PASSED] - FEIN = findTestData(dataFile).getValue("FEIN", row): null

2021-11-19 12:11:13 - [TEST_STEP][PASSED] - out.println("Value of Execute is : " + ExecuteTC): null

2021-11-19 12:11:13 - [TEST_STEP][PASSED] - if (ExecuteTC.equalsIgnoreCase("Y")): null

2021-11-19 12:11:13 - [TEST_STEP][PASSED] - ExecuteTC = findTestData(dataFile).getValue("Execute", row): null

2021-11-19 12:11:13 - [TEST_STEP][PASSED] - Taxtype = findTestData(dataFile).getValue("TaxType", row): null

2021-11-19 12:11:13 - [TEST_STEP][PASSED] - TaxTypeEL = findTestData(dataFile).getValue("TaxTypeEL", row): null

2021-11-19 12:11:13 - [TEST_STEP][PASSED] - FilingYear = findTestData(dataFile).getValue("FilingYear", row): null

2021-11-19 12:11:13 - [TEST_STEP][PASSED] - FName = findTestData(dataFile).getValue("Fname", row): null

2021-11-19 12:11:13 - [TEST_STEP][PASSED] - LName = findTestData(dataFile).getValue("Lname", row): null

2021-11-19 12:11:13 - [TEST_STEP][PASSED] - AL1 = findTestData(dataFile).getValue("AL1", row): null

2021-11-19 12:11:13 - [TEST_STEP][PASSED] - City = findTestData(dataFile).getValue("City", row): null

2021-11-19 12:11:13 - [TEST_STEP][PASSED] - ZIP = findTestData(dataFile).getValue("ZIP", row): null

2021-11-19 12:11:13 - [TEST_STEP][PASSED] - Amount = findTestData(dataFile).getValue("Amount", row): null

2021-11-19 12:11:13 - [TEST_STEP][PASSED] - CCNumber = findTestData(dataFile).getValue("CCNumber", row): null

2021-11-19 12:11:13 - [TEST_STEP][PASSED] - CVV = findTestData(dataFile).getValue("CVV", row): null

2021-11-19 12:11:13 - [TEST_STEP][PASSED] - SSN = findTestData(dataFile).getValue("SSN", row): null

2021-11-19 12:11:13 - [TEST_STEP][PASSED] - FEIN = findTestData(dataFile).getValue("FEIN", row): null

2021-11-19 12:11:13 - [TEST_STEP][PASSED] - out.println("Value of Execute is : " + ExecuteTC): null

2021-11-19 12:11:13 - [TEST_STEP][PASSED] - if (ExecuteTC.equalsIgnoreCase("Y")): null

2021-11-19 12:11:13 - [TEST_STEP][PASSED] - ExecuteTC = findTestData(dataFile).getValue("Execute", row): null

2021-11-19 12:11:13 - [TEST_STEP][PASSED] - Taxtype = findTestData(dataFile).getValue("TaxType", row): null

2021-11-19 12:11:13 - [TEST_STEP][PASSED] - TaxTypeEL = findTestData(dataFile).getValue("TaxTypeEL", row): null

2021-11-19 12:11:13 - [TEST_STEP][PASSED] - FilingYear = findTestData(dataFile).getValue("FilingYear", row): null

2021-11-19 12:11:13 - [TEST_STEP][PASSED] - FName = findTestData(dataFile).getValue("Fname", row): null

2021-11-19 12:11:13 - [TEST_STEP][PASSED] - LName = findTestData(dataFile).getValue("Lname", row): null

2021-11-19 12:11:13 - [TEST_STEP][PASSED] - AL1 = findTestData(dataFile).getValue("AL1", row): null

2021-11-19 12:11:13 - [TEST_STEP][PASSED] - City = findTestData(dataFile).getValue("City", row): null

2021-11-19 12:11:13 - [TEST_STEP][PASSED] - ZIP = findTestData(dataFile).getValue("ZIP", row): null

2021-11-19 12:11:13 - [TEST_STEP][PASSED] - Amount = findTestData(dataFile).getValue("Amount", row): null

2021-11-19 12:11:13 - [TEST_STEP][PASSED] - CCNumber = findTestData(dataFile).getValue("CCNumber", row): null

2021-11-19 12:11:14 - [TEST_STEP][PASSED] - CVV = findTestData(dataFile).getValue("CVV", row): null

2021-11-19 12:11:14 - [TEST_STEP][PASSED] - SSN = findTestData(dataFile).getValue("SSN", row): null

2021-11-19 12:11:14 - [TEST_STEP][PASSED] - FEIN = findTestData(dataFile).getValue("FEIN", row): null

2021-11-19 12:11:14 - [TEST_STEP][PASSED] - out.println("Value of Execute is : " + ExecuteTC): null

2021-11-19 12:11:14 - [TEST_STEP][PASSED] - if (ExecuteTC.equalsIgnoreCase("Y")): null

2021-11-19 12:11:14 - [TEST_STEP][PASSED] - ExecuteTC = findTestData(dataFile).getValue("Execute", row): null

2021-11-19 12:11:14 - [TEST_STEP][PASSED] - Taxtype = findTestData(dataFile).getValue("TaxType", row): null

2021-11-19 12:11:14 - [TEST_STEP][PASSED] - TaxTypeEL = findTestData(dataFile).getValue("TaxTypeEL", row): null

2021-11-19 12:11:14 - [TEST_STEP][PASSED] - FilingYear = findTestData(dataFile).getValue("FilingYear", row): null

2021-11-19 12:11:14 - [TEST_STEP][PASSED] - FName = findTestData(dataFile).getValue("Fname", row): null

2021-11-19 12:11:14 - [TEST_STEP][PASSED] - LName = findTestData(dataFile).getValue("Lname", row): null

2021-11-19 12:11:14 - [TEST_STEP][PASSED] - AL1 = findTestData(dataFile).getValue("AL1", row): null

2021-11-19 12:11:14 - [TEST_STEP][PASSED] - City = findTestData(dataFile).getValue("City", row): null

2021-11-19 12:11:14 - [TEST_STEP][PASSED] - ZIP = findTestData(dataFile).getValue("ZIP", row): null

2021-11-19 12:11:14 - [TEST_STEP][PASSED] - Amount = findTestData(dataFile).getValue("Amount", row): null

2021-11-19 12:11:14 - [TEST_STEP][PASSED] - CCNumber = findTestData(dataFile).getValue("CCNumber", row): null

2021-11-19 12:11:14 - [TEST_STEP][PASSED] - CVV = findTestData(dataFile).getValue("CVV", row): null

2021-11-19 12:11:14 - [TEST_STEP][PASSED] - SSN = findTestData(dataFile).getValue("SSN", row): null

2021-11-19 12:11:14 - [TEST_STEP][PASSED] - FEIN = findTestData(dataFile).getValue("FEIN", row): null

2021-11-19 12:11:14 - [TEST_STEP][PASSED] - out.println("Value of Execute is : " + ExecuteTC): null

2021-11-19 12:11:14 - [TEST_STEP][PASSED] - if (ExecuteTC.equalsIgnoreCase("Y")): null

2021-11-19 12:11:14 - [TEST_STEP][PASSED] - ExecuteTC = findTestData(dataFile).getValue("Execute", row): null

2021-11-19 12:11:14 - [TEST_STEP][PASSED] - Taxtype = findTestData(dataFile).getValue("TaxType", row): null

2021-11-19 12:11:14 - [TEST_STEP][PASSED] - TaxTypeEL = findTestData(dataFile).getValue("TaxTypeEL", row): null

2021-11-19 12:11:14 - [TEST_STEP][PASSED] - FilingYear = findTestData(dataFile).getValue("FilingYear", row): null

2021-11-19 12:11:14 - [TEST_STEP][PASSED] - FName = findTestData(dataFile).getValue("Fname", row): null

2021-11-19 12:11:14 - [TEST_STEP][PASSED] - LName = findTestData(dataFile).getValue("Lname", row): null

2021-11-19 12:11:14 - [TEST_STEP][PASSED] - AL1 = findTestData(dataFile).getValue("AL1", row): null

2021-11-19 12:11:14 - [TEST_STEP][PASSED] - City = findTestData(dataFile).getValue("City", row): null

2021-11-19 12:11:14 - [TEST_STEP][PASSED] - ZIP = findTestData(dataFile).getValue("ZIP", row): null

2021-11-19 12:11:14 - [TEST_STEP][PASSED] - Amount = findTestData(dataFile).getValue("Amount", row): null

2021-11-19 12:11:14 - [TEST_STEP][PASSED] - CCNumber = findTestData(dataFile).getValue("CCNumber", row): null

2021-11-19 12:11:14 - [TEST_STEP][PASSED] - CVV = findTestData(dataFile).getValue("CVV", row): null

2021-11-19 12:11:14 - [TEST_STEP][PASSED] - SSN = findTestData(dataFile).getValue("SSN", row): null

2021-11-19 12:11:14 - [TEST_STEP][PASSED] - FEIN = findTestData(dataFile).getValue("FEIN", row): null

2021-11-19 12:11:14 - [TEST_STEP][PASSED] - out.println("Value of Execute is : " + ExecuteTC): null

2021-11-19 12:11:14 - [TEST_STEP][PASSED] - if (ExecuteTC.equalsIgnoreCase("Y")): null

2021-11-19 12:11:14 - [TEST_STEP][PASSED] - ExecuteTC = findTestData(dataFile).getValue("Execute", row): null

2021-11-19 12:11:14 - [TEST_STEP][PASSED] - Taxtype = findTestData(dataFile).getValue("TaxType", row): null

2021-11-19 12:11:14 - [TEST_STEP][PASSED] - TaxTypeEL = findTestData(dataFile).getValue("TaxTypeEL", row): null

2021-11-19 12:11:15 - [TEST_STEP][PASSED] - FilingYear = findTestData(dataFile).getValue("FilingYear", row): null

2021-11-19 12:11:15 - [TEST_STEP][PASSED] - FName = findTestData(dataFile).getValue("Fname", row): null

2021-11-19 12:11:15 - [TEST_STEP][PASSED] - LName = findTestData(dataFile).getValue("Lname", row): null

2021-11-19 12:11:15 - [TEST_STEP][PASSED] - AL1 = findTestData(dataFile).getValue("AL1", row): null

2021-11-19 12:11:15 - [TEST_STEP][PASSED] - City = findTestData(dataFile).getValue("City", row): null

2021-11-19 12:11:15 - [TEST_STEP][PASSED] - ZIP = findTestData(dataFile).getValue("ZIP", row): null

2021-11-19 12:11:15 - [TEST_STEP][PASSED] - Amount = findTestData(dataFile).getValue("Amount", row): null

2021-11-19 12:11:15 - [TEST_STEP][PASSED] - CCNumber = findTestData(dataFile).getValue("CCNumber", row): null

2021-11-19 12:11:15 - [TEST_STEP][PASSED] - CVV = findTestData(dataFile).getValue("CVV", row): null

2021-11-19 12:11:15 - [TEST_STEP][PASSED] - SSN = findTestData(dataFile).getValue("SSN", row): null

2021-11-19 12:11:15 - [TEST_STEP][PASSED] - FEIN = findTestData(dataFile).getValue("FEIN", row): null

2021-11-19 12:11:15 - [TEST_STEP][PASSED] - out.println("Value of Execute is : " + ExecuteTC): null

2021-11-19 12:11:15 - [TEST_STEP][PASSED] - if (ExecuteTC.equalsIgnoreCase("Y")): null

2021-11-19 12:11:15 - [TEST_STEP][PASSED] - ExecuteTC = findTestData(dataFile).getValue("Execute", row): null

2021-11-19 12:11:15 - [TEST_STEP][PASSED] - Taxtype = findTestData(dataFile).getValue("TaxType", row): null

2021-11-19 12:11:15 - [TEST_STEP][PASSED] - TaxTypeEL = findTestData(dataFile).getValue("TaxTypeEL", row): null

2021-11-19 12:11:15 - [TEST_STEP][PASSED] - FilingYear = findTestData(dataFile).getValue("FilingYear", row): null

2021-11-19 12:11:15 - [TEST_STEP][PASSED] - FName = findTestData(dataFile).getValue("Fname", row): null

2021-11-19 12:11:15 - [TEST_STEP][PASSED] - LName = findTestData(dataFile).getValue("Lname", row): null

2021-11-19 12:11:15 - [TEST_STEP][PASSED] - AL1 = findTestData(dataFile).getValue("AL1", row): null

2021-11-19 12:11:15 - [TEST_STEP][PASSED] - City = findTestData(dataFile).getValue("City", row): null

2021-11-19 12:11:15 - [TEST_STEP][PASSED] - ZIP = findTestData(dataFile).getValue("ZIP", row): null

2021-11-19 12:11:15 - [TEST_STEP][PASSED] - Amount = findTestData(dataFile).getValue("Amount", row): null

2021-11-19 12:11:15 - [TEST_STEP][PASSED] - CCNumber = findTestData(dataFile).getValue("CCNumber", row): null

2021-11-19 12:11:15 - [TEST_STEP][PASSED] - CVV = findTestData(dataFile).getValue("CVV", row): null

2021-11-19 12:11:15 - [TEST_STEP][PASSED] - SSN = findTestData(dataFile).getValue("SSN", row): null

2021-11-19 12:11:15 - [TEST_STEP][PASSED] - FEIN = findTestData(dataFile).getValue("FEIN", row): null

2021-11-19 12:11:15 - [TEST_STEP][PASSED] - out.println("Value of Execute is : " + ExecuteTC): null

2021-11-19 12:11:15 - [TEST_STEP][PASSED] - if (ExecuteTC.equalsIgnoreCase("Y")): null

2021-11-19 12:11:15 - [TEST_STEP][PASSED] - ExecuteTC = findTestData(dataFile).getValue("Execute", row): null

2021-11-19 12:11:15 - [TEST_STEP][PASSED] - Taxtype = findTestData(dataFile).getValue("TaxType", row): null

2021-11-19 12:11:15 - [TEST_STEP][PASSED] - TaxTypeEL = findTestData(dataFile).getValue("TaxTypeEL", row): null

2021-11-19 12:11:15 - [TEST_STEP][PASSED] - FilingYear = findTestData(dataFile).getValue("FilingYear", row): null

2021-11-19 12:11:15 - [TEST_STEP][PASSED] - FName = findTestData(dataFile).getValue("Fname", row): null

2021-11-19 12:11:15 - [TEST_STEP][PASSED] - LName = findTestData(dataFile).getValue("Lname", row): null

2021-11-19 12:11:15 - [TEST_STEP][PASSED] - AL1 = findTestData(dataFile).getValue("AL1", row): null

2021-11-19 12:11:15 - [TEST_STEP][PASSED] - City = findTestData(dataFile).getValue("City", row): null

2021-11-19 12:11:15 - [TEST_STEP][PASSED] - ZIP = findTestData(dataFile).getValue("ZIP", row): null

2021-11-19 12:11:16 - [TEST_STEP][PASSED] - Amount = findTestData(dataFile).getValue("Amount", row): null

2021-11-19 12:11:16 - [TEST_STEP][PASSED] - CCNumber = findTestData(dataFile).getValue("CCNumber", row): null

2021-11-19 12:11:16 - [TEST_STEP][PASSED] - CVV = findTestData(dataFile).getValue("CVV", row): null

2021-11-19 12:11:16 - [TEST_STEP][PASSED] - SSN = findTestData(dataFile).getValue("SSN", row): null

2021-11-19 12:11:16 - [TEST_STEP][PASSED] - FEIN = findTestData(dataFile).getValue("FEIN", row): null

2021-11-19 12:11:16 - [TEST_STEP][PASSED] - out.println("Value of Execute is : " + ExecuteTC): null

2021-11-19 12:11:16 - [TEST_STEP][PASSED] - if (ExecuteTC.equalsIgnoreCase("Y")): null

2021-11-19 12:11:16 - [TEST_STEP][PASSED] - ExecuteTC = findTestData(dataFile).getValue("Execute", row): null

2021-11-19 12:11:16 - [TEST_STEP][PASSED] - Taxtype = findTestData(dataFile).getValue("TaxType", row): null

2021-11-19 12:11:16 - [TEST_STEP][PASSED] - TaxTypeEL = findTestData(dataFile).getValue("TaxTypeEL", row): null

2021-11-19 12:11:16 - [TEST_STEP][PASSED] - FilingYear = findTestData(dataFile).getValue("FilingYear", row): null

2021-11-19 12:11:16 - [TEST_STEP][PASSED] - FName = findTestData(dataFile).getValue("Fname", row): null

2021-11-19 12:11:16 - [TEST_STEP][PASSED] - LName = findTestData(dataFile).getValue("Lname", row): null

2021-11-19 12:11:16 - [TEST_STEP][PASSED] - AL1 = findTestData(dataFile).getValue("AL1", row): null

2021-11-19 12:11:16 - [TEST_STEP][PASSED] - City = findTestData(dataFile).getValue("City", row): null

2021-11-19 12:11:16 - [TEST_STEP][PASSED] - ZIP = findTestData(dataFile).getValue("ZIP", row): null

2021-11-19 12:11:16 - [TEST_STEP][PASSED] - Amount = findTestData(dataFile).getValue("Amount", row): null

2021-11-19 12:11:16 - [TEST_STEP][PASSED] - CCNumber = findTestData(dataFile).getValue("CCNumber", row): null

2021-11-19 12:11:16 - [TEST_STEP][PASSED] - CVV = findTestData(dataFile).getValue("CVV", row): null

2021-11-19 12:11:16 - [TEST_STEP][PASSED] - SSN = findTestData(dataFile).getValue("SSN", row): null

2021-11-19 12:11:16 - [TEST_STEP][PASSED] - FEIN = findTestData(dataFile).getValue("FEIN", row): null

2021-11-19 12:11:16 - [TEST_STEP][PASSED] - out.println("Value of Execute is : " + ExecuteTC): null

2021-11-19 12:11:16 - [TEST_STEP][PASSED] - if (ExecuteTC.equalsIgnoreCase("Y")): null

2021-11-19 12:11:16 - [TEST_STEP][PASSED] - ExecuteTC = findTestData(dataFile).getValue("Execute", row): null

2021-11-19 12:11:16 - [TEST_STEP][PASSED] - Taxtype = findTestData(dataFile).getValue("TaxType", row): null

2021-11-19 12:11:16 - [TEST_STEP][PASSED] - TaxTypeEL = findTestData(dataFile).getValue("TaxTypeEL", row): null

2021-11-19 12:11:16 - [TEST_STEP][PASSED] - FilingYear = findTestData(dataFile).getValue("FilingYear", row): null

2021-11-19 12:11:16 - [TEST_STEP][PASSED] - FName = findTestData(dataFile).getValue("Fname", row): null

2021-11-19 12:11:16 - [TEST_STEP][PASSED] - LName = findTestData(dataFile).getValue("Lname", row): null

2021-11-19 12:11:16 - [TEST_STEP][PASSED] - AL1 = findTestData(dataFile).getValue("AL1", row): null

2021-11-19 12:11:16 - [TEST_STEP][PASSED] - City = findTestData(dataFile).getValue("City", row): null

2021-11-19 12:11:16 - [TEST_STEP][PASSED] - ZIP = findTestData(dataFile).getValue("ZIP", row): null

2021-11-19 12:11:16 - [TEST_STEP][PASSED] - Amount = findTestData(dataFile).getValue("Amount", row): null

2021-11-19 12:11:16 - [TEST_STEP][PASSED] - CCNumber = findTestData(dataFile).getValue("CCNumber", row): null

2021-11-19 12:11:16 - [TEST_STEP][PASSED] - CVV = findTestData(dataFile).getValue("CVV", row): null

2021-11-19 12:11:16 - [TEST_STEP][PASSED] - SSN = findTestData(dataFile).getValue("SSN", row): null

2021-11-19 12:11:16 - [TEST_STEP][PASSED] - FEIN = findTestData(dataFile).getValue("FEIN", row): null

2021-11-19 12:11:16 - [TEST_STEP][PASSED] - out.println("Value of Execute is : " + ExecuteTC): null

2021-11-19 12:11:16 - [TEST_STEP][PASSED] - if (ExecuteTC.equalsIgnoreCase("Y")): null

2021-11-19 12:11:16 - [TEST_STEP][PASSED] - ExecuteTC = findTestData(dataFile).getValue("Execute", row): null

2021-11-19 12:11:17 - [TEST_STEP][PASSED] - Taxtype = findTestData(dataFile).getValue("TaxType", row): null

2021-11-19 12:11:17 - [TEST_STEP][PASSED] - TaxTypeEL = findTestData(dataFile).getValue("TaxTypeEL", row): null

2021-11-19 12:11:17 - [TEST_STEP][PASSED] - FilingYear = findTestData(dataFile).getValue("FilingYear", row): null

2021-11-19 12:11:17 - [TEST_STEP][PASSED] - FName = findTestData(dataFile).getValue("Fname", row): null

2021-11-19 12:11:17 - [TEST_STEP][PASSED] - LName = findTestData(dataFile).getValue("Lname", row): null

2021-11-19 12:11:17 - [TEST_STEP][PASSED] - AL1 = findTestData(dataFile).getValue("AL1", row): null

2021-11-19 12:11:17 - [TEST_STEP][PASSED] - City = findTestData(dataFile).getValue("City", row): null

2021-11-19 12:11:17 - [TEST_STEP][PASSED] - ZIP = findTestData(dataFile).getValue("ZIP", row): null

2021-11-19 12:11:17 - [TEST_STEP][PASSED] - Amount = findTestData(dataFile).getValue("Amount", row): null

2021-11-19 12:11:17 - [TEST_STEP][PASSED] - CCNumber = findTestData(dataFile).getValue("CCNumber", row): null

2021-11-19 12:11:17 - [TEST_STEP][PASSED] - CVV = findTestData(dataFile).getValue("CVV", row): null

2021-11-19 12:11:17 - [TEST_STEP][PASSED] - SSN = findTestData(dataFile).getValue("SSN", row): null

2021-11-19 12:11:17 - [TEST_STEP][PASSED] - FEIN = findTestData(dataFile).getValue("FEIN", row): null

2021-11-19 12:11:17 - [TEST_STEP][PASSED] - out.println("Value of Execute is : " + ExecuteTC): null

2021-11-19 12:11:17 - [TEST_STEP][PASSED] - if (ExecuteTC.equalsIgnoreCase("Y")): null

2021-11-19 12:11:17 - [TEST_STEP][PASSED] - ExecuteTC = findTestData(dataFile).getValue("Execute", row): null

2021-11-19 12:11:17 - [TEST_STEP][PASSED] - Taxtype = findTestData(dataFile).getValue("TaxType", row): null

2021-11-19 12:11:17 - [TEST_STEP][PASSED] - TaxTypeEL = findTestData(dataFile).getValue("TaxTypeEL", row): null

2021-11-19 12:11:17 - [TEST_STEP][PASSED] - FilingYear = findTestData(dataFile).getValue("FilingYear", row): null

2021-11-19 12:11:17 - [TEST_STEP][PASSED] - FName = findTestData(dataFile).getValue("Fname", row): null

2021-11-19 12:11:17 - [TEST_STEP][PASSED] - LName = findTestData(dataFile).getValue("Lname", row): null

2021-11-19 12:11:17 - [TEST_STEP][PASSED] - AL1 = findTestData(dataFile).getValue("AL1", row): null

2021-11-19 12:11:17 - [TEST_STEP][PASSED] - City = findTestData(dataFile).getValue("City", row): null

2021-11-19 12:11:17 - [TEST_STEP][PASSED] - ZIP = findTestData(dataFile).getValue("ZIP", row): null

2021-11-19 12:11:17 - [TEST_STEP][PASSED] - Amount = findTestData(dataFile).getValue("Amount", row): null

2021-11-19 12:11:17 - [TEST_STEP][PASSED] - CCNumber = findTestData(dataFile).getValue("CCNumber", row): null

2021-11-19 12:11:17 - [TEST_STEP][PASSED] - CVV = findTestData(dataFile).getValue("CVV", row): null

2021-11-19 12:11:17 - [TEST_STEP][PASSED] - SSN = findTestData(dataFile).getValue("SSN", row): null

2021-11-19 12:11:17 - [TEST_STEP][PASSED] - FEIN = findTestData(dataFile).getValue("FEIN", row): null

2021-11-19 12:11:17 - [TEST_STEP][PASSED] - out.println("Value of Execute is : " + ExecuteTC): null

2021-11-19 12:11:17 - [TEST_STEP][PASSED] - if (ExecuteTC.equalsIgnoreCase("Y")): null

2021-11-19 12:11:17 - [TEST_STEP][PASSED] - ExecuteTC = findTestData(dataFile).getValue("Execute", row): null

2021-11-19 12:11:17 - [TEST_STEP][PASSED] - Taxtype = findTestData(dataFile).getValue("TaxType", row): null

2021-11-19 12:11:17 - [TEST_STEP][PASSED] - TaxTypeEL = findTestData(dataFile).getValue("TaxTypeEL", row): null

2021-11-19 12:11:17 - [TEST_STEP][PASSED] - FilingYear = findTestData(dataFile).getValue("FilingYear", row): null

2021-11-19 12:11:17 - [TEST_STEP][PASSED] - FName = findTestData(dataFile).getValue("Fname", row): null

2021-11-19 12:11:17 - [TEST_STEP][PASSED] - LName = findTestData(dataFile).getValue("Lname", row): null

2021-11-19 12:11:17 - [TEST_STEP][PASSED] - AL1 = findTestData(dataFile).getValue("AL1", row): null

2021-11-19 12:11:18 - [TEST_STEP][PASSED] - City = findTestData(dataFile).getValue("City", row): null

2021-11-19 12:11:18 - [TEST_STEP][PASSED] - ZIP = findTestData(dataFile).getValue("ZIP", row): null

2021-11-19 12:11:18 - [TEST_STEP][PASSED] - Amount = findTestData(dataFile).getValue("Amount", row): null

2021-11-19 12:11:18 - [TEST_STEP][PASSED] - CCNumber = findTestData(dataFile).getValue("CCNumber", row): null

2021-11-19 12:11:18 - [TEST_STEP][PASSED] - CVV = findTestData(dataFile).getValue("CVV", row): null

2021-11-19 12:11:18 - [TEST_STEP][PASSED] - SSN = findTestData(dataFile).getValue("SSN", row): null

2021-11-19 12:11:18 - [TEST_STEP][PASSED] - FEIN = findTestData(dataFile).getValue("FEIN", row): null

2021-11-19 12:11:18 - [TEST_STEP][PASSED] - out.println("Value of Execute is : " + ExecuteTC): null

2021-11-19 12:11:18 - [TEST_STEP][PASSED] - if (ExecuteTC.equalsIgnoreCase("Y")): null

2021-11-19 12:11:18 - [TEST_STEP][PASSED] - ExecuteTC = findTestData(dataFile).getValue("Execute", row): null

2021-11-19 12:11:18 - [TEST_STEP][PASSED] - Taxtype = findTestData(dataFile).getValue("TaxType", row): null

2021-11-19 12:11:18 - [TEST_STEP][PASSED] - TaxTypeEL = findTestData(dataFile).getValue("TaxTypeEL", row): null

2021-11-19 12:11:18 - [TEST_STEP][PASSED] - FilingYear = findTestData(dataFile).getValue("FilingYear", row): null

2021-11-19 12:11:18 - [TEST_STEP][PASSED] - FName = findTestData(dataFile).getValue("Fname", row): null

2021-11-19 12:11:18 - [TEST_STEP][PASSED] - LName = findTestData(dataFile).getValue("Lname", row): null

2021-11-19 12:11:18 - [TEST_STEP][PASSED] - AL1 = findTestData(dataFile).getValue("AL1", row): null

2021-11-19 12:11:18 - [TEST_STEP][PASSED] - City = findTestData(dataFile).getValue("City", row): null

2021-11-19 12:11:18 - [TEST_STEP][PASSED] - ZIP = findTestData(dataFile).getValue("ZIP", row): null

2021-11-19 12:11:18 - [TEST_STEP][PASSED] - Amount = findTestData(dataFile).getValue("Amount", row): null

2021-11-19 12:11:18 - [TEST_STEP][PASSED] - CCNumber = findTestData(dataFile).getValue("CCNumber", row): null

2021-11-19 12:11:18 - [TEST_STEP][PASSED] - CVV = findTestData(dataFile).getValue("CVV", row): null

2021-11-19 12:11:18 - [TEST_STEP][PASSED] - SSN = findTestData(dataFile).getValue("SSN", row): null

2021-11-19 12:11:18 - [TEST_STEP][PASSED] - FEIN = findTestData(dataFile).getValue("FEIN", row): null

2021-11-19 12:11:18 - [TEST_STEP][PASSED] - out.println("Value of Execute is : " + ExecuteTC): null

2021-11-19 12:11:18 - [TEST_STEP][PASSED] - if (ExecuteTC.equalsIgnoreCase("Y")): null

2021-11-19 12:11:18 - [TEST_STEP][PASSED] - ExecuteTC = findTestData(dataFile).getValue("Execute", row): null

2021-11-19 12:11:18 - [TEST_STEP][PASSED] - Taxtype = findTestData(dataFile).getValue("TaxType", row): null

2021-11-19 12:11:18 - [TEST_STEP][PASSED] - TaxTypeEL = findTestData(dataFile).getValue("TaxTypeEL", row): null

2021-11-19 12:11:18 - [TEST_STEP][PASSED] - FilingYear = findTestData(dataFile).getValue("FilingYear", row): null

2021-11-19 12:11:18 - [TEST_STEP][PASSED] - FName = findTestData(dataFile).getValue("Fname", row): null

2021-11-19 12:11:18 - [TEST_STEP][PASSED] - LName = findTestData(dataFile).getValue("Lname", row): null

2021-11-19 12:11:18 - [TEST_STEP][PASSED] - AL1 = findTestData(dataFile).getValue("AL1", row): null

2021-11-19 12:11:18 - [TEST_STEP][PASSED] - City = findTestData(dataFile).getValue("City", row): null

2021-11-19 12:11:18 - [TEST_STEP][PASSED] - ZIP = findTestData(dataFile).getValue("ZIP", row): null

2021-11-19 12:11:18 - [TEST_STEP][PASSED] - Amount = findTestData(dataFile).getValue("Amount", row): null

2021-11-19 12:11:18 - [TEST_STEP][PASSED] - CCNumber = findTestData(dataFile).getValue("CCNumber", row): null

2021-11-19 12:11:18 - [TEST_STEP][PASSED] - CVV = findTestData(dataFile).getValue("CVV", row): null

2021-11-19 12:11:18 - [TEST_STEP][PASSED] - SSN = findTestData(dataFile).getValue("SSN", row): null

2021-11-19 12:11:18 - [TEST_STEP][PASSED] - FEIN = findTestData(dataFile).getValue("FEIN", row): null

2021-11-19 12:11:19 - [TEST_STEP][PASSED] - out.println("Value of Execute is : " + ExecuteTC): null

2021-11-19 12:11:19 - [TEST_STEP][PASSED] - if (ExecuteTC.equalsIgnoreCase("Y")): null

2021-11-19 12:11:19 - [TEST_STEP][PASSED] - ExecuteTC = findTestData(dataFile).getValue("Execute", row): null

2021-11-19 12:11:19 - [TEST_STEP][PASSED] - Taxtype = findTestData(dataFile).getValue("TaxType", row): null

2021-11-19 12:11:19 - [TEST_STEP][PASSED] - TaxTypeEL = findTestData(dataFile).getValue("TaxTypeEL", row): null

2021-11-19 12:11:19 - [TEST_STEP][PASSED] - FilingYear = findTestData(dataFile).getValue("FilingYear", row): null

2021-11-19 12:11:19 - [TEST_STEP][PASSED] - FName = findTestData(dataFile).getValue("Fname", row): null

2021-11-19 12:11:19 - [TEST_STEP][PASSED] - LName = findTestData(dataFile).getValue("Lname", row): null

2021-11-19 12:11:19 - [TEST_STEP][PASSED] - AL1 = findTestData(dataFile).getValue("AL1", row): null

2021-11-19 12:11:19 - [TEST_STEP][PASSED] - City = findTestData(dataFile).getValue("City", row): null

2021-11-19 12:11:19 - [TEST_STEP][PASSED] - ZIP = findTestData(dataFile).getValue("ZIP", row): null

2021-11-19 12:11:19 - [TEST_STEP][PASSED] - Amount = findTestData(dataFile).getValue("Amount", row): null

2021-11-19 12:11:19 - [TEST_STEP][PASSED] - CCNumber = findTestData(dataFile).getValue("CCNumber", row): null

2021-11-19 12:11:19 - [TEST_STEP][PASSED] - CVV = findTestData(dataFile).getValue("CVV", row): null

2021-11-19 12:11:19 - [TEST_STEP][PASSED] - SSN = findTestData(dataFile).getValue("SSN", row): null

2021-11-19 12:11:19 - [TEST_STEP][PASSED] - FEIN = findTestData(dataFile).getValue("FEIN", row): null

2021-11-19 12:11:19 - [TEST_STEP][PASSED] - out.println("Value of Execute is : " + ExecuteTC): null

2021-11-19 12:11:19 - [TEST_STEP][PASSED] - if (ExecuteTC.equalsIgnoreCase("Y")): null

2021-11-19 12:11:19 - [TEST_STEP][PASSED] - ExecuteTC = findTestData(dataFile).getValue("Execute", row): null

2021-11-19 12:11:19 - [TEST_STEP][PASSED] - Taxtype = findTestData(dataFile).getValue("TaxType", row): null

2021-11-19 12:11:19 - [TEST_STEP][PASSED] - TaxTypeEL = findTestData(dataFile).getValue("TaxTypeEL", row): null

2021-11-19 12:11:19 - [TEST_STEP][PASSED] - FilingYear = findTestData(dataFile).getValue("FilingYear", row): null

2021-11-19 12:11:19 - [TEST_STEP][PASSED] - FName = findTestData(dataFile).getValue("Fname", row): null

2021-11-19 12:11:19 - [TEST_STEP][PASSED] - LName = findTestData(dataFile).getValue("Lname", row): null

2021-11-19 12:11:19 - [TEST_STEP][PASSED] - AL1 = findTestData(dataFile).getValue("AL1", row): null

2021-11-19 12:11:19 - [TEST_STEP][PASSED] - City = findTestData(dataFile).getValue("City", row): null

2021-11-19 12:11:19 - [TEST_STEP][PASSED] - ZIP = findTestData(dataFile).getValue("ZIP", row): null

2021-11-19 12:11:19 - [TEST_STEP][PASSED] - Amount = findTestData(dataFile).getValue("Amount", row): null

2021-11-19 12:11:19 - [TEST_STEP][PASSED] - CCNumber = findTestData(dataFile).getValue("CCNumber", row): null

2021-11-19 12:11:19 - [TEST_STEP][PASSED] - CVV = findTestData(dataFile).getValue("CVV", row): null

2021-11-19 12:11:19 - [TEST_STEP][PASSED] - SSN = findTestData(dataFile).getValue("SSN", row): null

2021-11-19 12:11:19 - [TEST_STEP][PASSED] - FEIN = findTestData(dataFile).getValue("FEIN", row): null

2021-11-19 12:11:19 - [TEST_STEP][PASSED] - out.println("Value of Execute is : " + ExecuteTC): null

2021-11-19 12:11:19 - [TEST_STEP][PASSED] - if (ExecuteTC.equalsIgnoreCase("Y")): null

2021-11-19 12:11:19 - [TEST_STEP][PASSED] - ExecuteTC = findTestData(dataFile).getValue("Execute", row): null

2021-11-19 12:11:19 - [TEST_STEP][PASSED] - Taxtype = findTestData(dataFile).getValue("TaxType", row): null

2021-11-19 12:11:19 - [TEST_STEP][PASSED] - TaxTypeEL = findTestData(dataFile).getValue("TaxTypeEL", row): null

2021-11-19 12:11:19 - [TEST_STEP][PASSED] - FilingYear = findTestData(dataFile).getValue("FilingYear", row): null

2021-11-19 12:11:19 - [TEST_STEP][PASSED] - FName = findTestData(dataFile).getValue("Fname", row): null

2021-11-19 12:11:19 - [TEST_STEP][PASSED] - LName = findTestData(dataFile).getValue("Lname", row): null

2021-11-19 12:11:20 - [TEST_STEP][PASSED] - AL1 = findTestData(dataFile).getValue("AL1", row): null

2021-11-19 12:11:20 - [TEST_STEP][PASSED] - City = findTestData(dataFile).getValue("City", row): null

2021-11-19 12:11:20 - [TEST_STEP][PASSED] - ZIP = findTestData(dataFile).getValue("ZIP", row): null

2021-11-19 12:11:20 - [TEST_STEP][PASSED] - Amount = findTestData(dataFile).getValue("Amount", row): null

2021-11-19 12:11:20 - [TEST_STEP][PASSED] - CCNumber = findTestData(dataFile).getValue("CCNumber", row): null

2021-11-19 12:11:20 - [TEST_STEP][PASSED] - CVV = findTestData(dataFile).getValue("CVV", row): null

2021-11-19 12:11:20 - [TEST_STEP][PASSED] - SSN = findTestData(dataFile).getValue("SSN", row): null

2021-11-19 12:11:20 - [TEST_STEP][PASSED] - FEIN = findTestData(dataFile).getValue("FEIN", row): null

2021-11-19 12:11:20 - [TEST_STEP][PASSED] - out.println("Value of Execute is : " + ExecuteTC): null

2021-11-19 12:11:20 - [TEST_STEP][PASSED] - if (ExecuteTC.equalsIgnoreCase("Y")): null]]></system-out>
         <system-err><![CDATA[2021-11-19 12:10:07 - [TEST_CASE][FAILED] - Test Cases/RAD_TestCases/PaymentsHardCoded/Payments_ExistingLiability_HC_TC: Test Cases/RAD_TestCases/PaymentsHardCoded/Payments_ExistingLiability_HC_TC FAILED.
Reason:
com.kms.katalon.core.exception.StepFailedException: Unable to select option by label '2020' of object 'Object Repository/RAD_Pages/TaxTypeFilingYear_Page/select_FilingYear'  (Root cause: com.kms.katalon.core.exception.StepFailedException: Unable to select option by label '2020' of object 'Object Repository/RAD_Pages/TaxTypeFilingYear_Page/select_FilingYear' 
	at com.kms.katalon.core.webui.keyword.internal.WebUIKeywordMain.stepFailed(WebUIKeywordMain.groovy:64)
	at com.kms.katalon.core.webui.keyword.internal.WebUIKeywordMain.runKeyword(WebUIKeywordMain.groovy:26)
	at com.kms.katalon.core.webui.keyword.builtin.SelectOptionByLabelKeyword.selectOptionByLabel(SelectOptionByLabelKeyword.groovy:98)
	at com.kms.katalon.core.webui.keyword.builtin.SelectOptionByLabelKeyword.execute(SelectOptionByLabelKeyword.groovy:71)
	at com.kms.katalon.core.keyword.internal.KeywordExecutor.executeKeywordForPlatform(KeywordExecutor.groovy:74)
	at com.kms.katalon.core.webui.keyword.WebUiBuiltInKeywords.selectOptionByLabel(WebUiBuiltInKeywords.groovy:1230)
	at com.kms.katalon.core.webui.keyword.WebUiBuiltInKeywords$selectOptionByLabel$6.call(Unknown Source)
	at Payments_ExistingLiability_HC_TC.run(Payments_ExistingLiability_HC_TC:112)
	at com.kms.katalon.core.main.ScriptEngine.run(ScriptEngine.java:194)
	at com.kms.katalon.core.main.ScriptEngine.runScriptAsRawText(ScriptEngine.java:119)
	at com.kms.katalon.core.main.TestCaseExecutor.runScript(TestCaseExecutor.java:430)
	at com.kms.katalon.core.main.TestCaseExecutor.doExecute(TestCaseExecutor.java:421)
	at com.kms.katalon.core.main.TestCaseExecutor.processExecutionPhase(TestCaseExecutor.java:400)
	at com.kms.katalon.core.main.TestCaseExecutor.accessMainPhase(TestCaseExecutor.java:392)
	at com.kms.katalon.core.main.TestCaseExecutor.execute(TestCaseExecutor.java:273)
	at com.kms.katalon.core.main.TestSuiteExecutor.accessTestCaseMainPhase(TestSuiteExecutor.java:202)
	at com.kms.katalon.core.main.TestSuiteExecutor.accessTestSuiteMainPhase(TestSuiteExecutor.java:164)
	at com.kms.katalon.core.main.TestSuiteExecutor.execute(TestSuiteExecutor.java:105)
	at com.kms.katalon.core.main.TestCaseMain.startTestSuite(TestCaseMain.java:185)
	at com.kms.katalon.core.main.TestCaseMain$startTestSuite$0.call(Unknown Source)
	at TempTestSuite1637335687322.run(TempTestSuite1637335687322.groovy:36)
Caused by: org.openqa.selenium.NoSuchElementException: Cannot locate element with text: 2020
For documentation on this error, please visit: https://www.seleniumhq.org/exceptions/no_such_element.html
Build info: version: '3.141.59', revision: 'e82be7d358', time: '2018-11-14T08:25:53'
System info: host: 'DESKTOP-B2QI6NS', ip: '172.30.2.167', os.name: 'Windows 10', os.arch: 'amd64', os.version: '10.0', java.version: '1.8.0_181'
Driver info: driver.version: unknown
	at org.openqa.selenium.support.ui.Select.selectByVisibleText(Select.java:147)
	at com.kms.katalon.core.webui.common.WebUiCommonHelper.selectOrDeselectOptionsByLabel(WebUiCommonHelper.java:310)
	at com.kms.katalon.core.webui.keyword.builtin.SelectOptionByLabelKeyword$_selectOptionByLabel_closure1.doCall(SelectOptionByLabelKeyword.groovy:87)
	at com.kms.katalon.core.webui.keyword.builtin.SelectOptionByLabelKeyword$_selectOptionByLabel_closure1.call(SelectOptionByLabelKeyword.groovy)
	at com.kms.katalon.core.webui.keyword.internal.WebUIKeywordMain.runKeyword(WebUIKeywordMain.groovy:20)
	at com.kms.katalon.core.webui.keyword.builtin.SelectOptionByLabelKeyword.selectOptionByLabel(SelectOptionByLabelKeyword.groovy:98)
	at com.kms.katalon.core.webui.keyword.builtin.SelectOptionByLabelKeyword.execute(SelectOptionByLabelKeyword.groovy:71)
	at com.kms.katalon.core.keyword.internal.KeywordExecutor.executeKeywordForPlatform(KeywordExecutor.groovy:74)
	at com.kms.katalon.core.webui.keyword.WebUiBuiltInKeywords.selectOptionByLabel(WebUiBuiltInKeywords.groovy:1230)
	at com.kms.katalon.core.webui.keyword.WebUiBuiltInKeywords$selectOptionByLabel$6.call(Unknown Source)
	at Script1634702981988.run(Script1634702981988.groovy:112)
	... 13 more
)
	at com.kms.katalon.core.keyword.internal.KeywordMain.stepFailed(KeywordMain.groovy:39)
	at com.kms.katalon.core.webui.keyword.internal.WebUIKeywordMain.stepFailed(WebUIKeywordMain.groovy:64)
	at com.kms.katalon.core.webui.keyword.internal.WebUIKeywordMain.runKeyword(WebUIKeywordMain.groovy:26)
	at com.kms.katalon.core.webui.keyword.builtin.SelectOptionByLabelKeyword.selectOptionByLabel(SelectOptionByLabelKeyword.groovy:98)
	at com.kms.katalon.core.webui.keyword.builtin.SelectOptionByLabelKeyword.execute(SelectOptionByLabelKeyword.groovy:71)
	at com.kms.katalon.core.keyword.internal.KeywordExecutor.executeKeywordForPlatform(KeywordExecutor.groovy:74)
	at com.kms.katalon.core.webui.keyword.WebUiBuiltInKeywords.selectOptionByLabel(WebUiBuiltInKeywords.groovy:1230)
	at com.kms.katalon.core.webui.keyword.WebUiBuiltInKeywords$selectOptionByLabel$6.call(Unknown Source)
	at Payments_ExistingLiability_HC_TC.run(Payments_ExistingLiability_HC_TC:112)
	at com.kms.katalon.core.main.ScriptEngine.run(ScriptEngine.java:194)
	at com.kms.katalon.core.main.ScriptEngine.runScriptAsRawText(ScriptEngine.java:119)
	at com.kms.katalon.core.main.TestCaseExecutor.runScript(TestCaseExecutor.java:430)
	at com.kms.katalon.core.main.TestCaseExecutor.doExecute(TestCaseExecutor.java:421)
	at com.kms.katalon.core.main.TestCaseExecutor.processExecutionPhase(TestCaseExecutor.java:400)
	at com.kms.katalon.core.main.TestCaseExecutor.accessMainPhase(TestCaseExecutor.java:392)
	at com.kms.katalon.core.main.TestCaseExecutor.execute(TestCaseExecutor.java:273)
	at com.kms.katalon.core.main.TestSuiteExecutor.accessTestCaseMainPhase(TestSuiteExecutor.java:202)
	at com.kms.katalon.core.main.TestSuiteExecutor.accessTestSuiteMainPhase(TestSuiteExecutor.java:164)
	at com.kms.katalon.core.main.TestSuiteExecutor.execute(TestSuiteExecutor.java:105)
	at com.kms.katalon.core.main.TestCaseMain.startTestSuite(TestCaseMain.java:185)
	at com.kms.katalon.core.main.TestCaseMain$startTestSuite$0.call(Unknown Source)
	at TempTestSuite1637335687322.run(TempTestSuite1637335687322.groovy:36)
Caused by: com.kms.katalon.core.exception.StepFailedException: Unable to select option by label '2020' of object 'Object Repository/RAD_Pages/TaxTypeFilingYear_Page/select_FilingYear' 
	... 21 more
Caused by: org.openqa.selenium.NoSuchElementException: Cannot locate element with text: 2020
For documentation on this error, please visit: https://www.seleniumhq.org/exceptions/no_such_element.html
Build info: version: '3.141.59', revision: 'e82be7d358', time: '2018-11-14T08:25:53'
System info: host: 'DESKTOP-B2QI6NS', ip: '172.30.2.167', os.name: 'Windows 10', os.arch: 'amd64', os.version: '10.0', java.version: '1.8.0_181'
Driver info: driver.version: unknown
	at org.openqa.selenium.support.ui.Select.selectByVisibleText(Select.java:147)
	at com.kms.katalon.core.webui.common.WebUiCommonHelper.selectOrDeselectOptionsByLabel(WebUiCommonHelper.java:310)
	at com.kms.katalon.core.webui.keyword.builtin.SelectOptionByLabelKeyword$_selectOptionByLabel_closure1.doCall(SelectOptionByLabelKeyword.groovy:87)
	at com.kms.katalon.core.webui.keyword.builtin.SelectOptionByLabelKeyword$_selectOptionByLabel_closure1.call(SelectOptionByLabelKeyword.groovy)
	at com.kms.katalon.core.webui.keyword.internal.WebUIKeywordMain.runKeyword(WebUIKeywordMain.groovy:20)
	... 19 more]]></system-err>
      </testcase>
      <testcase name="Test Cases/RAD_TestCases/PaymentsHardCoded/SAU_MDForm202_AfterJuly2021_HC_TC" time="180.693" classname="Test Cases/RAD_TestCases/PaymentsHardCoded/SAU_MDForm202_AfterJuly2021_HC_TC" status="PASSED">
         <system-out><![CDATA[2021-11-19 12:11:20 - [TEST_CASE][PASSED] - Test Cases/RAD_TestCases/PaymentsHardCoded/SAU_MDForm202_AfterJuly2021_HC_TC: Test Cases/RAD_TestCases/PaymentsHardCoded/SAU_MDForm202_AfterJuly2021_HC_TC

2021-11-19 12:11:20 - [TEST_STEP][PASSED] - openBrowser(""): Browser is opened with url: ''

2021-11-19 12:11:20 - [MESSAGE][WARNING] - A browser is already opened. Closing browser and opening a new one

2021-11-19 12:11:21 - [MESSAGE][INFO] - Starting 'Chrome' driver

2021-11-19 12:11:21 - [MESSAGE][INFO] - User set preference: ['acceptInsecureCerts', 'true']

2021-11-19 12:11:21 - [MESSAGE][INFO] - Action delay is set to 0 milliseconds

2021-11-19 12:11:22 - [MESSAGE][PASSED] - Browser is opened with url: ''

2021-11-19 12:11:22 - [TEST_STEP][PASSED] - navigateToUrl("https://qa.velocitypayment.com/client/rad/index.html"): Navigate to 'https://qa.velocitypayment.com/client/rad/index.html' successfully

2021-11-19 12:11:25 - [MESSAGE][PASSED] - Navigate to 'https://qa.velocitypayment.com/client/rad/index.html' successfully

2021-11-19 12:11:25 - [TEST_STEP][PASSED] - selectOptionByValue(findTestObject("Object Repository/RAD_Pages/SAU_MDForm202_Page/select_Select    Estimated Tax    Personal _7587a1"), "5", true): All options with value '5' are selected in object 'Object Repository/RAD_Pages/SAU_MDForm202_Page/select_Select    Estimated Tax    Personal _7587a1'  using regular expression

2021-11-19 12:11:26 - [MESSAGE][PASSED] - All options with value '5' are selected in object 'Object Repository/RAD_Pages/SAU_MDForm202_Page/select_Select    Estimated Tax    Personal _7587a1'  using regular expression

2021-11-19 12:11:26 - [TEST_STEP][PASSED] - selectOptionByValue(findTestObject("Object Repository/RAD_Pages/SAU_MDForm202_Page/select_Select202220212020"), "2021", true): All options with value '2021' are selected in object 'Object Repository/RAD_Pages/SAU_MDForm202_Page/select_Select202220212020'  using regular expression

2021-11-19 12:11:57 - [MESSAGE][INFO] - Unable to find the element located by 'By.xpath: //*[@id = 'taxYear' and @name = 'taxYear' and (text() = 'Select202220212020' or . = 'Select202220212020')]'. Please recheck the objects properties to make sure the desired element is located. 

2021-11-19 12:11:57 - [MESSAGE][WARNING] - [SELF-HEALING] Failed to find element with id 'Object Repository/RAD_Pages/SAU_MDForm202_Page/select_Select202220212020'. Try using Self-healing.

2021-11-19 12:11:57 - [MESSAGE][WARNING] - [SELF-HEALING] The current locator of test object 'Object Repository/RAD_Pages/SAU_MDForm202_Page/select_Select202220212020' was broken. Propose an alternative one: '//select[@id='taxYear']'.

2021-11-19 12:11:58 - [MESSAGE][PASSED] - All options with value '2021' are selected in object 'Object Repository/RAD_Pages/SAU_MDForm202_Page/select_Select202220212020'  using regular expression

2021-11-19 12:11:58 - [TEST_STEP][PASSED] - selectOptionByValue(findTestObject("Object Repository/RAD_Pages/SAU_MDForm202_Page/select_MonthJanuaryFebruaryMarchAprilMayJun_aa9ebb"), "07", true): All options with value '07' are selected in object 'Object Repository/RAD_Pages/SAU_MDForm202_Page/select_MonthJanuaryFebruaryMarchAprilMayJun_aa9ebb'  using regular expression

2021-11-19 12:12:29 - [MESSAGE][INFO] - Unable to find the element located by 'By.xpath: //*[@id = 'salesUseMonth' and @name = 'salesUseMonth' and (text() = '
										    Month
											January
											February
											March
											April
											May
											June
											July
											August
											September
											October
											November
											December
										  ' or . = '
										    Month
											January
											February
											March
											April
											May
											June
											July
											August
											September
											October
											November
											December
										  ')]'. Please recheck the objects properties to make sure the desired element is located. 

2021-11-19 12:12:29 - [MESSAGE][WARNING] - [SELF-HEALING] Failed to find element with id 'Object Repository/RAD_Pages/SAU_MDForm202_Page/select_MonthJanuaryFebruaryMarchAprilMayJun_aa9ebb'. Try using Self-healing.

2021-11-19 12:12:30 - [MESSAGE][WARNING] - [SELF-HEALING] The current locator of test object 'Object Repository/RAD_Pages/SAU_MDForm202_Page/select_MonthJanuaryFebruaryMarchAprilMayJun_aa9ebb' was broken. Propose an alternative one: '//select[@id='salesUseMonth']'.

2021-11-19 12:12:30 - [MESSAGE][PASSED] - All options with value '07' are selected in object 'Object Repository/RAD_Pages/SAU_MDForm202_Page/select_MonthJanuaryFebruaryMarchAprilMayJun_aa9ebb'  using regular expression

2021-11-19 12:12:30 - [TEST_STEP][PASSED] - setText(findTestObject("Object Repository/RAD_Pages/SAU_MDForm202_Page/input_Note_businessName"), "My Business"): Text 'My Business' is set on object 'Object Repository/RAD_Pages/SAU_MDForm202_Page/input_Note_businessName'

2021-11-19 12:12:31 - [MESSAGE][PASSED] - Text 'My Business' is set on object 'Object Repository/RAD_Pages/SAU_MDForm202_Page/input_Note_businessName'

2021-11-19 12:12:31 - [TEST_STEP][PASSED] - setText(findTestObject("Object Repository/RAD_Pages/SAU_MDForm202_Page/input_Enter business name_firstName"), "Imtiaz"): Text 'Imtiaz' is set on object 'Object Repository/RAD_Pages/SAU_MDForm202_Page/input_Enter business name_firstName'

2021-11-19 12:12:32 - [MESSAGE][PASSED] - Text 'Imtiaz' is set on object 'Object Repository/RAD_Pages/SAU_MDForm202_Page/input_Enter business name_firstName'

2021-11-19 12:12:32 - [TEST_STEP][PASSED] - setText(findTestObject("Object Repository/RAD_Pages/SAU_MDForm202_Page/input_Enter first name_middleName"), "John"): Text 'John' is set on object 'Object Repository/RAD_Pages/SAU_MDForm202_Page/input_Enter first name_middleName'

2021-11-19 12:12:33 - [MESSAGE][PASSED] - Text 'John' is set on object 'Object Repository/RAD_Pages/SAU_MDForm202_Page/input_Enter first name_middleName'

2021-11-19 12:12:33 - [TEST_STEP][PASSED] - setText(findTestObject("Object Repository/RAD_Pages/SAU_MDForm202_Page/input_Middle Name_lastName"), "Ahmed"): Text 'Ahmed' is set on object 'Object Repository/RAD_Pages/SAU_MDForm202_Page/input_Middle Name_lastName'

2021-11-19 12:12:33 - [MESSAGE][PASSED] - Text 'Ahmed' is set on object 'Object Repository/RAD_Pages/SAU_MDForm202_Page/input_Middle Name_lastName'

2021-11-19 12:12:33 - [TEST_STEP][PASSED] - setText(findTestObject("Object Repository/RAD_Pages/SAU_MDForm202_Page/input_Enter last name_suffix"), "Mr"): Text 'Mr' is set on object 'Object Repository/RAD_Pages/SAU_MDForm202_Page/input_Enter last name_suffix'

2021-11-19 12:12:34 - [MESSAGE][PASSED] - Text 'Mr' is set on object 'Object Repository/RAD_Pages/SAU_MDForm202_Page/input_Enter last name_suffix'

2021-11-19 12:12:34 - [TEST_STEP][PASSED] - setText(findTestObject("Object Repository/RAD_Pages/SAU_MDForm202_Page/input_Select a country_streetAddress1"), "2311 york road"): Text '2311 york road' is set on object 'Object Repository/RAD_Pages/SAU_MDForm202_Page/input_Select a country_streetAddress1'

2021-11-19 12:12:35 - [MESSAGE][PASSED] - Text '2311 york road' is set on object 'Object Repository/RAD_Pages/SAU_MDForm202_Page/input_Select a country_streetAddress1'

2021-11-19 12:12:35 - [TEST_STEP][PASSED] - setText(findTestObject("Object Repository/RAD_Pages/SAU_MDForm202_Page/input_Enter address_streetAddress2"), "Suite 600"): Text 'Suite 600' is set on object 'Object Repository/RAD_Pages/SAU_MDForm202_Page/input_Enter address_streetAddress2'

2021-11-19 12:12:35 - [MESSAGE][PASSED] - Text 'Suite 600' is set on object 'Object Repository/RAD_Pages/SAU_MDForm202_Page/input_Enter address_streetAddress2'

2021-11-19 12:12:35 - [TEST_STEP][PASSED] - setText(findTestObject("Object Repository/RAD_Pages/SAU_MDForm202_Page/input_Street Address 2_city"), "Gambrills"): Text 'Gambrills' is set on object 'Object Repository/RAD_Pages/SAU_MDForm202_Page/input_Street Address 2_city'

2021-11-19 12:12:36 - [MESSAGE][PASSED] - Text 'Gambrills' is set on object 'Object Repository/RAD_Pages/SAU_MDForm202_Page/input_Street Address 2_city'

2021-11-19 12:12:36 - [TEST_STEP][PASSED] - selectOptionByValue(findTestObject("Object Repository/RAD_Pages/SAU_MDForm202_Page/select_SelectAlabamaAlaskaArizonaArkansasCa_90914a"), "MD", true): All options with value 'MD' are selected in object 'Object Repository/RAD_Pages/SAU_MDForm202_Page/select_SelectAlabamaAlaskaArizonaArkansasCa_90914a'  using regular expression

2021-11-19 12:12:38 - [MESSAGE][PASSED] - All options with value 'MD' are selected in object 'Object Repository/RAD_Pages/SAU_MDForm202_Page/select_SelectAlabamaAlaskaArizonaArkansasCa_90914a'  using regular expression

2021-11-19 12:12:38 - [TEST_STEP][PASSED] - setText(findTestObject("Object Repository/RAD_Pages/SAU_MDForm202_Page/input_Select a state_zipCode"), "21054"): Text '21054' is set on object 'Object Repository/RAD_Pages/SAU_MDForm202_Page/input_Select a state_zipCode'

2021-11-19 12:12:38 - [MESSAGE][PASSED] - Text '21054' is set on object 'Object Repository/RAD_Pages/SAU_MDForm202_Page/input_Select a state_zipCode'

2021-11-19 12:12:38 - [TEST_STEP][PASSED] - setText(findTestObject("Object Repository/RAD_Pages/SAU_MDForm202_Page/input_Enter ZIP code_phoneNumber"), "(703) 894-5000"): Text '(703) 894-5000' is set on object 'Object Repository/RAD_Pages/SAU_MDForm202_Page/input_Enter ZIP code_phoneNumber'

2021-11-19 12:12:39 - [MESSAGE][PASSED] - Text '(703) 894-5000' is set on object 'Object Repository/RAD_Pages/SAU_MDForm202_Page/input_Enter ZIP code_phoneNumber'

2021-11-19 12:12:39 - [TEST_STEP][PASSED] - setText(findTestObject("Object Repository/RAD_Pages/SAU_MDForm202_Page/input_Enter a phone number_eMailAddress"), "iahmed@govolution.com"): Text 'iahmed@govolution.com' is set on object 'Object Repository/RAD_Pages/SAU_MDForm202_Page/input_Enter a phone number_eMailAddress'

2021-11-19 12:12:40 - [MESSAGE][PASSED] - Text 'iahmed@govolution.com' is set on object 'Object Repository/RAD_Pages/SAU_MDForm202_Page/input_Enter a phone number_eMailAddress'

2021-11-19 12:12:40 - [TEST_STEP][PASSED] - setText(findTestObject("Object Repository/RAD_Pages/SAU_MDForm202_Page/input_Enter Email_reEnterEMailAddress"), "iahmed@govolution.com"): Text 'iahmed@govolution.com' is set on object 'Object Repository/RAD_Pages/SAU_MDForm202_Page/input_Enter Email_reEnterEMailAddress'

2021-11-19 12:12:41 - [MESSAGE][PASSED] - Text 'iahmed@govolution.com' is set on object 'Object Repository/RAD_Pages/SAU_MDForm202_Page/input_Enter Email_reEnterEMailAddress'

2021-11-19 12:12:41 - [TEST_STEP][PASSED] - setEncryptedText(findTestObject("Object Repository/RAD_Pages/TaxInfo_Page/input_FederalEIN"), "0fDtEjy4ijeV75Gl5M+mSg=="): Text ****** has been set on object 'Object Repository/RAD_Pages/TaxInfo_Page/input_FederalEIN'

2021-11-19 12:13:12 - [MESSAGE][INFO] - Unable to find the element located by 'By.xpath: //*[@id = 'data' and @name = 'Data' and @type = 'password' and @placeholder = 'Federal EIN']'. Please recheck the objects properties to make sure the desired element is located. 

2021-11-19 12:13:12 - [MESSAGE][WARNING] - [SELF-HEALING] Failed to find element with id 'Object Repository/RAD_Pages/TaxInfo_Page/input_FederalEIN'. Try using Self-healing.

2021-11-19 12:13:12 - [MESSAGE][WARNING] - [SELF-HEALING] The current locator of test object 'Object Repository/RAD_Pages/TaxInfo_Page/input_FederalEIN' was broken. Propose an alternative one: '#data'.

2021-11-19 12:13:12 - [MESSAGE][PASSED] - Text ****** has been set on object 'Object Repository/RAD_Pages/TaxInfo_Page/input_FederalEIN'

2021-11-19 12:13:12 - [TEST_STEP][PASSED] - setEncryptedText(findTestObject("Object Repository/RAD_Pages/TaxInfo_Page/input_FederalEIN_ReEnter"), "0fDtEjy4ijeV75Gl5M+mSg=="): Text ****** has been set on object 'Object Repository/RAD_Pages/TaxInfo_Page/input_FederalEIN_ReEnter'

2021-11-19 12:13:44 - [MESSAGE][INFO] - Unable to find the element located by 'By.xpath: //*[@id = 'data' and @name = 'Data' and @type = 'password' and @placeholder = 'Re-Type Federal EIN']'. Please recheck the objects properties to make sure the desired element is located. 

2021-11-19 12:13:44 - [MESSAGE][WARNING] - [SELF-HEALING] Failed to find element with id 'Object Repository/RAD_Pages/TaxInfo_Page/input_FederalEIN_ReEnter'. Try using Self-healing.

2021-11-19 12:13:44 - [MESSAGE][WARNING] - [SELF-HEALING] The current locator of test object 'Object Repository/RAD_Pages/TaxInfo_Page/input_FederalEIN_ReEnter' was broken. Propose an alternative one: '//input[@id='data']'.

2021-11-19 12:13:44 - [MESSAGE][PASSED] - Text ****** has been set on object 'Object Repository/RAD_Pages/TaxInfo_Page/input_FederalEIN_ReEnter'

2021-11-19 12:13:44 - [TEST_STEP][PASSED] - setText(findTestObject("Object Repository/RAD_Pages/TaxInfo_Page/input_MDCRegistration"), "07640126"): Text '07640126' is set on object 'Object Repository/RAD_Pages/TaxInfo_Page/input_MDCRegistration'

2021-11-19 12:13:45 - [MESSAGE][PASSED] - Text '07640126' is set on object 'Object Repository/RAD_Pages/TaxInfo_Page/input_MDCRegistration'

2021-11-19 12:13:45 - [TEST_STEP][PASSED] - setText(findTestObject("Object Repository/RAD_Pages/SAU_MDForm202_Page/input__GrossSales2"), "2000.00"): Text '2000.00' is set on object 'Object Repository/RAD_Pages/SAU_MDForm202_Page/input__GrossSales2'

2021-11-19 12:13:46 - [MESSAGE][PASSED] - Text '2000.00' is set on object 'Object Repository/RAD_Pages/SAU_MDForm202_Page/input__GrossSales2'

2021-11-19 12:13:46 - [TEST_STEP][PASSED] - setText(findTestObject("Object Repository/RAD_Pages/SAU_MDForm202_Page/input__TaxableSales2"), "100.00"): Text '100.00' is set on object 'Object Repository/RAD_Pages/SAU_MDForm202_Page/input__TaxableSales2'

2021-11-19 12:13:46 - [MESSAGE][PASSED] - Text '100.00' is set on object 'Object Repository/RAD_Pages/SAU_MDForm202_Page/input__TaxableSales2'

2021-11-19 12:13:46 - [TEST_STEP][PASSED] - setText(findTestObject("Object Repository/RAD_Pages/SAU_MDForm202_Page/input__TaxableSalesESD2"), "100.00"): Text '100.00' is set on object 'Object Repository/RAD_Pages/SAU_MDForm202_Page/input__TaxableSalesESD2'

2021-11-19 12:13:47 - [MESSAGE][PASSED] - Text '100.00' is set on object 'Object Repository/RAD_Pages/SAU_MDForm202_Page/input__TaxableSalesESD2'

2021-11-19 12:13:47 - [TEST_STEP][PASSED] - setText(findTestObject("Object Repository/RAD_Pages/SAU_MDForm202_Page/input__TaxableSalesVapingLiquid2"), "100.00"): Text '100.00' is set on object 'Object Repository/RAD_Pages/SAU_MDForm202_Page/input__TaxableSalesVapingLiquid2'

2021-11-19 12:13:48 - [MESSAGE][PASSED] - Text '100.00' is set on object 'Object Repository/RAD_Pages/SAU_MDForm202_Page/input__TaxableSalesVapingLiquid2'

2021-11-19 12:13:48 - [TEST_STEP][PASSED] - setText(findTestObject("Object Repository/RAD_Pages/SAU_MDForm202_Page/input__CarRental2"), "100.00"): Text '100.00' is set on object 'Object Repository/RAD_Pages/SAU_MDForm202_Page/input__CarRental2'

2021-11-19 12:13:49 - [MESSAGE][PASSED] - Text '100.00' is set on object 'Object Repository/RAD_Pages/SAU_MDForm202_Page/input__CarRental2'

2021-11-19 12:13:49 - [TEST_STEP][PASSED] - setText(findTestObject("Object Repository/RAD_Pages/SAU_MDForm202_Page/input__TruckRental2"), "100.00"): Text '100.00' is set on object 'Object Repository/RAD_Pages/SAU_MDForm202_Page/input__TruckRental2'

2021-11-19 12:13:50 - [MESSAGE][PASSED] - Text '100.00' is set on object 'Object Repository/RAD_Pages/SAU_MDForm202_Page/input__TruckRental2'

2021-11-19 12:13:50 - [TEST_STEP][PASSED] - setText(findTestObject("Object Repository/RAD_Pages/SAU_MDForm202_Page/input__AlcoholSales2"), "100.00"): Text '100.00' is set on object 'Object Repository/RAD_Pages/SAU_MDForm202_Page/input__AlcoholSales2'

2021-11-19 12:13:50 - [MESSAGE][PASSED] - Text '100.00' is set on object 'Object Repository/RAD_Pages/SAU_MDForm202_Page/input__AlcoholSales2'

2021-11-19 12:13:50 - [TEST_STEP][PASSED] - setText(findTestObject("Object Repository/RAD_Pages/SAU_MDForm202_Page/input__Purchases2"), "100.00"): Text '100.00' is set on object 'Object Repository/RAD_Pages/SAU_MDForm202_Page/input__Purchases2'

2021-11-19 12:13:51 - [MESSAGE][PASSED] - Text '100.00' is set on object 'Object Repository/RAD_Pages/SAU_MDForm202_Page/input__Purchases2'

2021-11-19 12:13:51 - [TEST_STEP][PASSED] - setText(findTestObject("Object Repository/RAD_Pages/SAU_MDForm202_Page/input__TruckRentalPurchases2"), "100.00"): Text '100.00' is set on object 'Object Repository/RAD_Pages/SAU_MDForm202_Page/input__TruckRentalPurchases2'

2021-11-19 12:13:52 - [MESSAGE][PASSED] - Text '100.00' is set on object 'Object Repository/RAD_Pages/SAU_MDForm202_Page/input__TruckRentalPurchases2'

2021-11-19 12:13:52 - [TEST_STEP][PASSED] - setText(findTestObject("Object Repository/RAD_Pages/SAU_MDForm202_Page/input__AlcoholPurchases2"), "100.00"): Text '100.00' is set on object 'Object Repository/RAD_Pages/SAU_MDForm202_Page/input__AlcoholPurchases2'

2021-11-19 12:13:53 - [MESSAGE][PASSED] - Text '100.00' is set on object 'Object Repository/RAD_Pages/SAU_MDForm202_Page/input__AlcoholPurchases2'

2021-11-19 12:13:53 - [TEST_STEP][PASSED] - setText(findTestObject("Object Repository/RAD_Pages/SAU_MDForm202_Page/input__CarRentalPurchases2"), "100.00"): Text '100.00' is set on object 'Object Repository/RAD_Pages/SAU_MDForm202_Page/input__CarRentalPurchases2'

2021-11-19 12:13:54 - [MESSAGE][PASSED] - Text '100.00' is set on object 'Object Repository/RAD_Pages/SAU_MDForm202_Page/input__CarRentalPurchases2'

2021-11-19 12:13:54 - [TEST_STEP][PASSED] - setText(findTestObject("Object Repository/RAD_Pages/SAU_MDForm202_Page/input__ESDPurchases2"), "100.00"): Text '100.00' is set on object 'Object Repository/RAD_Pages/SAU_MDForm202_Page/input__ESDPurchases2'

2021-11-19 12:13:54 - [MESSAGE][PASSED] - Text '100.00' is set on object 'Object Repository/RAD_Pages/SAU_MDForm202_Page/input__ESDPurchases2'

2021-11-19 12:13:54 - [TEST_STEP][PASSED] - setText(findTestObject("Object Repository/RAD_Pages/SAU_MDForm202_Page/input__VapingLiquidPurchases2"), "100.00"): Text '100.00' is set on object 'Object Repository/RAD_Pages/SAU_MDForm202_Page/input__VapingLiquidPurchases2'

2021-11-19 12:13:55 - [MESSAGE][PASSED] - Text '100.00' is set on object 'Object Repository/RAD_Pages/SAU_MDForm202_Page/input__VapingLiquidPurchases2'

2021-11-19 12:13:55 - [TEST_STEP][PASSED] - setText(findTestObject("Object Repository/RAD_Pages/SAU_MDForm202_Page/input__Refund2"), "100.00"): Text '100.00' is set on object 'Object Repository/RAD_Pages/SAU_MDForm202_Page/input__Refund2'

2021-11-19 12:13:56 - [MESSAGE][PASSED] - Text '100.00' is set on object 'Object Repository/RAD_Pages/SAU_MDForm202_Page/input__Refund2'

2021-11-19 12:13:56 - [TEST_STEP][PASSED] - setText(findTestObject("Object Repository/RAD_Pages/SAU_MDForm202_Page/input__PenaltyInterest2"), "100.00"): Text '100.00' is set on object 'Object Repository/RAD_Pages/SAU_MDForm202_Page/input__PenaltyInterest2'

2021-11-19 12:13:56 - [MESSAGE][PASSED] - Text '100.00' is set on object 'Object Repository/RAD_Pages/SAU_MDForm202_Page/input__PenaltyInterest2'

2021-11-19 12:13:56 - [TEST_STEP][PASSED] - setText(findTestObject("Object Repository/RAD_Pages/SAU_MDForm202_Page/input__E911Fee2"), "95.00"): Text '95.00' is set on object 'Object Repository/RAD_Pages/SAU_MDForm202_Page/input__E911Fee2'

2021-11-19 12:13:57 - [MESSAGE][PASSED] - Text '95.00' is set on object 'Object Repository/RAD_Pages/SAU_MDForm202_Page/input__E911Fee2'

2021-11-19 12:13:57 - [TEST_STEP][PASSED] - scrollToElement(findTestObject("Object Repository/RAD_Pages/SAU_MDForm202_Page/button_Continue"), 3): Scroll to object 'Object Repository/RAD_Pages/SAU_MDForm202_Page/button_Continue' successfully

2021-11-19 12:13:58 - [MESSAGE][PASSED] - Scroll to object 'Object Repository/RAD_Pages/SAU_MDForm202_Page/button_Continue' successfully

2021-11-19 12:13:58 - [TEST_STEP][PASSED] - waitForElementClickable(findTestObject("Object Repository/RAD_Pages/SAU_MDForm202_Page/button_Continue"), 5): Object 'Object Repository/RAD_Pages/SAU_MDForm202_Page/button_Continue' is clickable

2021-11-19 12:13:58 - [MESSAGE][PASSED] - Object 'Object Repository/RAD_Pages/SAU_MDForm202_Page/button_Continue' is clickable

2021-11-19 12:13:58 - [TEST_STEP][PASSED] - click(findTestObject("Object Repository/RAD_Pages/SAU_MDForm202_Page/button_Continue")): Object: 'Object Repository/RAD_Pages/SAU_MDForm202_Page/button_Continue' is clicked on

2021-11-19 12:13:58 - [MESSAGE][PASSED] - Object: 'Object Repository/RAD_Pages/SAU_MDForm202_Page/button_Continue' is clicked on

2021-11-19 12:13:58 - [TEST_STEP][PASSED] - click(findTestObject("Object Repository/RAD_Pages/SAU_MDForm202_Page/button_Proceed to Payment")): Object: 'Object Repository/RAD_Pages/SAU_MDForm202_Page/button_Proceed to Payment' is clicked on

2021-11-19 12:14:01 - [MESSAGE][PASSED] - Object: 'Object Repository/RAD_Pages/SAU_MDForm202_Page/button_Proceed to Payment' is clicked on

2021-11-19 12:14:01 - [TEST_STEP][PASSED] - setText(findTestObject("Object Repository/RAD_Pages/SAU_MDForm202_Page/input__cardNumber"), "4111111111111111"): Text '4111111111111111' is set on object 'Object Repository/RAD_Pages/SAU_MDForm202_Page/input__cardNumber'

2021-11-19 12:14:02 - [MESSAGE][PASSED] - Text '4111111111111111' is set on object 'Object Repository/RAD_Pages/SAU_MDForm202_Page/input__cardNumber'

2021-11-19 12:14:02 - [TEST_STEP][PASSED] - setText(findTestObject("Object Repository/RAD_Pages/SAU_MDForm202_Page/input__spc"), "123"): Text '123' is set on object 'Object Repository/RAD_Pages/SAU_MDForm202_Page/input__spc'

2021-11-19 12:14:03 - [MESSAGE][PASSED] - Text '123' is set on object 'Object Repository/RAD_Pages/SAU_MDForm202_Page/input__spc'

2021-11-19 12:14:03 - [TEST_STEP][PASSED] - selectOptionByValue(findTestObject("Object Repository/RAD_Pages/SAU_MDForm202_Page/select_MM010203040506070809101112"), "12", true): All options with value '12' are selected in object 'Object Repository/RAD_Pages/SAU_MDForm202_Page/select_MM010203040506070809101112'  using regular expression

2021-11-19 12:14:04 - [MESSAGE][PASSED] - All options with value '12' are selected in object 'Object Repository/RAD_Pages/SAU_MDForm202_Page/select_MM010203040506070809101112'  using regular expression

2021-11-19 12:14:04 - [TEST_STEP][PASSED] - selectOptionByValue(findTestObject("Object Repository/RAD_Pages/SAU_MDForm202_Page/select_YYYY20212022202320242025202620272028_8c4dd4"), "2025", true): All options with value '2025' are selected in object 'Object Repository/RAD_Pages/SAU_MDForm202_Page/select_YYYY20212022202320242025202620272028_8c4dd4'  using regular expression

2021-11-19 12:14:05 - [MESSAGE][PASSED] - All options with value '2025' are selected in object 'Object Repository/RAD_Pages/SAU_MDForm202_Page/select_YYYY20212022202320242025202620272028_8c4dd4'  using regular expression

2021-11-19 12:14:05 - [TEST_STEP][PASSED] - click(findTestObject("Object Repository/RAD_Pages/SAU_MDForm202_Page/input_BillInvoice Details_ccSubmit")): Object: 'Object Repository/RAD_Pages/SAU_MDForm202_Page/input_BillInvoice Details_ccSubmit' is clicked on

2021-11-19 12:14:06 - [MESSAGE][PASSED] - Object: 'Object Repository/RAD_Pages/SAU_MDForm202_Page/input_BillInvoice Details_ccSubmit' is clicked on

2021-11-19 12:14:06 - [TEST_STEP][PASSED] - click(findTestObject("Object Repository/RAD_Pages/SAU_MDForm202_Page/input_233.40_confirmNotifyAction")): Object: 'Object Repository/RAD_Pages/SAU_MDForm202_Page/input_233.40_confirmNotifyAction' is clicked on

2021-11-19 12:14:07 - [MESSAGE][PASSED] - Object: 'Object Repository/RAD_Pages/SAU_MDForm202_Page/input_233.40_confirmNotifyAction' is clicked on

2021-11-19 12:14:07 - [TEST_STEP][PASSED] - click(findTestObject("Object Repository/RAD_Pages/SAU_MDForm202_Page/input_239.12_convFeeNotifyAction")): Object: 'Object Repository/RAD_Pages/SAU_MDForm202_Page/input_239.12_convFeeNotifyAction' is clicked on

2021-11-19 12:14:09 - [MESSAGE][PASSED] - Object: 'Object Repository/RAD_Pages/SAU_MDForm202_Page/input_239.12_convFeeNotifyAction' is clicked on

2021-11-19 12:14:09 - [TEST_STEP][PASSED] - delay(10): Delayed 10 second(s)

2021-11-19 12:14:19 - [MESSAGE][PASSED] - Delayed 10 second(s)

2021-11-19 12:14:19 - [TEST_STEP][PASSED] - verifyTextPresent("Successful Payment Receipt", true): Text 'Successful Payment Receipt' is present on page  using regular expression

2021-11-19 12:14:20 - [MESSAGE][PASSED] - Text 'Successful Payment Receipt' is present on page  using regular expression

2021-11-19 12:14:20 - [TEST_STEP][PASSED] - closeBrowser(): Browser is closed

2021-11-19 12:14:20 - [MESSAGE][PASSED] - Browser is closed]]></system-out>
         <system-err><![CDATA[]]></system-err>
      </testcase>
      <testcase name="Test Cases/RAD_TestCases/PaymentsHardCoded/SAU_MDForm202_BeforeJuly2021_HC_TC" time="172.543" classname="Test Cases/RAD_TestCases/PaymentsHardCoded/SAU_MDForm202_BeforeJuly2021_HC_TC" status="PASSED">
         <system-out><![CDATA[2021-11-19 12:14:20 - [TEST_CASE][PASSED] - Test Cases/RAD_TestCases/PaymentsHardCoded/SAU_MDForm202_BeforeJuly2021_HC_TC: Test Cases/RAD_TestCases/PaymentsHardCoded/SAU_MDForm202_BeforeJuly2021_HC_TC

2021-11-19 12:14:21 - [TEST_STEP][PASSED] - openBrowser(""): Browser is opened with url: ''

2021-11-19 12:14:21 - [MESSAGE][INFO] - Starting 'Chrome' driver

2021-11-19 12:14:21 - [MESSAGE][INFO] - User set preference: ['acceptInsecureCerts', 'true']

2021-11-19 12:14:21 - [MESSAGE][INFO] - Action delay is set to 0 milliseconds

2021-11-19 12:14:22 - [MESSAGE][PASSED] - Browser is opened with url: ''

2021-11-19 12:14:22 - [TEST_STEP][PASSED] - navigateToUrl("https://qa.velocitypayment.com/client/rad/index.html"): Navigate to 'https://qa.velocitypayment.com/client/rad/index.html' successfully

2021-11-19 12:14:24 - [MESSAGE][PASSED] - Navigate to 'https://qa.velocitypayment.com/client/rad/index.html' successfully

2021-11-19 12:14:24 - [TEST_STEP][PASSED] - selectOptionByValue(findTestObject("Object Repository/RAD_Pages/SAU_MDForm202_BeforeJuly2021_Page/select_Select    Estimated Tax    Personal _7587a1"), "5", true): All options with value '5' are selected in object 'Object Repository/RAD_Pages/SAU_MDForm202_BeforeJuly2021_Page/select_Select    Estimated Tax    Personal _7587a1'  using regular expression

2021-11-19 12:14:26 - [MESSAGE][PASSED] - All options with value '5' are selected in object 'Object Repository/RAD_Pages/SAU_MDForm202_BeforeJuly2021_Page/select_Select    Estimated Tax    Personal _7587a1'  using regular expression

2021-11-19 12:14:26 - [TEST_STEP][PASSED] - selectOptionByValue(findTestObject("Object Repository/RAD_Pages/SAU_MDForm202_BeforeJuly2021_Page/select_Select202220212020"), "2021", true): All options with value '2021' are selected in object 'Object Repository/RAD_Pages/SAU_MDForm202_BeforeJuly2021_Page/select_Select202220212020'  using regular expression

2021-11-19 12:14:57 - [MESSAGE][INFO] - Unable to find the element located by 'By.xpath: //*[@id = 'taxYear' and @name = 'taxYear' and (text() = 'Select202220212020' or . = 'Select202220212020')]'. Please recheck the objects properties to make sure the desired element is located. 

2021-11-19 12:14:57 - [MESSAGE][WARNING] - [SELF-HEALING] Failed to find element with id 'Object Repository/RAD_Pages/SAU_MDForm202_BeforeJuly2021_Page/select_Select202220212020'. Try using Self-healing.

2021-11-19 12:14:57 - [MESSAGE][WARNING] - [SELF-HEALING] The current locator of test object 'Object Repository/RAD_Pages/SAU_MDForm202_BeforeJuly2021_Page/select_Select202220212020' was broken. Propose an alternative one: '//select[@id='taxYear']'.

2021-11-19 12:14:58 - [MESSAGE][PASSED] - All options with value '2021' are selected in object 'Object Repository/RAD_Pages/SAU_MDForm202_BeforeJuly2021_Page/select_Select202220212020'  using regular expression

2021-11-19 12:14:58 - [TEST_STEP][PASSED] - selectOptionByValue(findTestObject("Object Repository/RAD_Pages/SAU_MDForm202_BeforeJuly2021_Page/select_MonthJanuaryFebruaryMarchAprilMayJun_aa9ebb"), "01", true): All options with value '01' are selected in object 'Object Repository/RAD_Pages/SAU_MDForm202_BeforeJuly2021_Page/select_MonthJanuaryFebruaryMarchAprilMayJun_aa9ebb'  using regular expression

2021-11-19 12:15:29 - [MESSAGE][INFO] - Unable to find the element located by 'By.xpath: //*[@id = 'salesUseMonth' and @name = 'salesUseMonth' and (text() = '
										    Month
											January
											February
											March
											April
											May
											June
											July
											August
											September
											October
											November
											December
										  ' or . = '
										    Month
											January
											February
											March
											April
											May
											June
											July
											August
											September
											October
											November
											December
										  ')]'. Please recheck the objects properties to make sure the desired element is located. 

2021-11-19 12:15:29 - [MESSAGE][WARNING] - [SELF-HEALING] Failed to find element with id 'Object Repository/RAD_Pages/SAU_MDForm202_BeforeJuly2021_Page/select_MonthJanuaryFebruaryMarchAprilMayJun_aa9ebb'. Try using Self-healing.

2021-11-19 12:15:29 - [MESSAGE][WARNING] - [SELF-HEALING] The current locator of test object 'Object Repository/RAD_Pages/SAU_MDForm202_BeforeJuly2021_Page/select_MonthJanuaryFebruaryMarchAprilMayJun_aa9ebb' was broken. Propose an alternative one: '//select[@id='salesUseMonth']'.

2021-11-19 12:15:30 - [MESSAGE][PASSED] - All options with value '01' are selected in object 'Object Repository/RAD_Pages/SAU_MDForm202_BeforeJuly2021_Page/select_MonthJanuaryFebruaryMarchAprilMayJun_aa9ebb'  using regular expression

2021-11-19 12:15:30 - [TEST_STEP][PASSED] - setText(findTestObject("Object Repository/RAD_Pages/SAU_MDForm202_BeforeJuly2021_Page/input_Note_businessName"), "Some Business"): Text 'Some Business' is set on object 'Object Repository/RAD_Pages/SAU_MDForm202_BeforeJuly2021_Page/input_Note_businessName'

2021-11-19 12:15:31 - [MESSAGE][PASSED] - Text 'Some Business' is set on object 'Object Repository/RAD_Pages/SAU_MDForm202_BeforeJuly2021_Page/input_Note_businessName'

2021-11-19 12:15:31 - [TEST_STEP][PASSED] - setText(findTestObject("Object Repository/RAD_Pages/SAU_MDForm202_BeforeJuly2021_Page/input_Enter business name_firstName"), "Lokhandwala"): Text 'Lokhandwala' is set on object 'Object Repository/RAD_Pages/SAU_MDForm202_BeforeJuly2021_Page/input_Enter business name_firstName'

2021-11-19 12:15:31 - [MESSAGE][PASSED] - Text 'Lokhandwala' is set on object 'Object Repository/RAD_Pages/SAU_MDForm202_BeforeJuly2021_Page/input_Enter business name_firstName'

2021-11-19 12:15:31 - [TEST_STEP][PASSED] - setText(findTestObject("Object Repository/RAD_Pages/SAU_MDForm202_BeforeJuly2021_Page/input_Enter first name_middleName"), "K"): Text 'K' is set on object 'Object Repository/RAD_Pages/SAU_MDForm202_BeforeJuly2021_Page/input_Enter first name_middleName'

2021-11-19 12:15:32 - [MESSAGE][PASSED] - Text 'K' is set on object 'Object Repository/RAD_Pages/SAU_MDForm202_BeforeJuly2021_Page/input_Enter first name_middleName'

2021-11-19 12:15:32 - [TEST_STEP][PASSED] - setText(findTestObject("Object Repository/RAD_Pages/SAU_MDForm202_BeforeJuly2021_Page/input_Middle Name_lastName"), "Express"): Text 'Express' is set on object 'Object Repository/RAD_Pages/SAU_MDForm202_BeforeJuly2021_Page/input_Middle Name_lastName'

2021-11-19 12:15:33 - [MESSAGE][PASSED] - Text 'Express' is set on object 'Object Repository/RAD_Pages/SAU_MDForm202_BeforeJuly2021_Page/input_Middle Name_lastName'

2021-11-19 12:15:33 - [TEST_STEP][PASSED] - setText(findTestObject("Object Repository/RAD_Pages/SAU_MDForm202_BeforeJuly2021_Page/input_Enter last name_suffix"), "Sr"): Text 'Sr' is set on object 'Object Repository/RAD_Pages/SAU_MDForm202_BeforeJuly2021_Page/input_Enter last name_suffix'

2021-11-19 12:15:33 - [MESSAGE][PASSED] - Text 'Sr' is set on object 'Object Repository/RAD_Pages/SAU_MDForm202_BeforeJuly2021_Page/input_Enter last name_suffix'

2021-11-19 12:15:33 - [TEST_STEP][PASSED] - setText(findTestObject("Object Repository/RAD_Pages/SAU_MDForm202_BeforeJuly2021_Page/input_Select a country_streetAddress1"), "458 Beltsville rd"): Text '458 Beltsville rd' is set on object 'Object Repository/RAD_Pages/SAU_MDForm202_BeforeJuly2021_Page/input_Select a country_streetAddress1'

2021-11-19 12:15:34 - [MESSAGE][PASSED] - Text '458 Beltsville rd' is set on object 'Object Repository/RAD_Pages/SAU_MDForm202_BeforeJuly2021_Page/input_Select a country_streetAddress1'

2021-11-19 12:15:34 - [TEST_STEP][PASSED] - setText(findTestObject("Object Repository/RAD_Pages/SAU_MDForm202_BeforeJuly2021_Page/input_Enter address_streetAddress2"), "suite 100"): Text 'suite 100' is set on object 'Object Repository/RAD_Pages/SAU_MDForm202_BeforeJuly2021_Page/input_Enter address_streetAddress2'

2021-11-19 12:15:35 - [MESSAGE][PASSED] - Text 'suite 100' is set on object 'Object Repository/RAD_Pages/SAU_MDForm202_BeforeJuly2021_Page/input_Enter address_streetAddress2'

2021-11-19 12:15:35 - [TEST_STEP][PASSED] - setText(findTestObject("Object Repository/RAD_Pages/SAU_MDForm202_BeforeJuly2021_Page/input_Street Address 2_city"), "Timonium"): Text 'Timonium' is set on object 'Object Repository/RAD_Pages/SAU_MDForm202_BeforeJuly2021_Page/input_Street Address 2_city'

2021-11-19 12:15:35 - [MESSAGE][PASSED] - Text 'Timonium' is set on object 'Object Repository/RAD_Pages/SAU_MDForm202_BeforeJuly2021_Page/input_Street Address 2_city'

2021-11-19 12:15:35 - [TEST_STEP][PASSED] - selectOptionByValue(findTestObject("Object Repository/RAD_Pages/SAU_MDForm202_BeforeJuly2021_Page/select_SelectAlabamaAlaskaArizonaArkansasCa_90914a"), "MD", true): All options with value 'MD' are selected in object 'Object Repository/RAD_Pages/SAU_MDForm202_BeforeJuly2021_Page/select_SelectAlabamaAlaskaArizonaArkansasCa_90914a'  using regular expression

2021-11-19 12:15:37 - [MESSAGE][PASSED] - All options with value 'MD' are selected in object 'Object Repository/RAD_Pages/SAU_MDForm202_BeforeJuly2021_Page/select_SelectAlabamaAlaskaArizonaArkansasCa_90914a'  using regular expression

2021-11-19 12:15:37 - [TEST_STEP][PASSED] - setText(findTestObject("Object Repository/RAD_Pages/SAU_MDForm202_BeforeJuly2021_Page/input_Select a state_zipCode"), "21093"): Text '21093' is set on object 'Object Repository/RAD_Pages/SAU_MDForm202_BeforeJuly2021_Page/input_Select a state_zipCode'

2021-11-19 12:15:37 - [MESSAGE][PASSED] - Text '21093' is set on object 'Object Repository/RAD_Pages/SAU_MDForm202_BeforeJuly2021_Page/input_Select a state_zipCode'

2021-11-19 12:15:37 - [TEST_STEP][PASSED] - setText(findTestObject("Object Repository/RAD_Pages/SAU_MDForm202_BeforeJuly2021_Page/input_Enter ZIP code_phoneNumber"), "(703) 894-5000"): Text '(703) 894-5000' is set on object 'Object Repository/RAD_Pages/SAU_MDForm202_BeforeJuly2021_Page/input_Enter ZIP code_phoneNumber'

2021-11-19 12:15:38 - [MESSAGE][PASSED] - Text '(703) 894-5000' is set on object 'Object Repository/RAD_Pages/SAU_MDForm202_BeforeJuly2021_Page/input_Enter ZIP code_phoneNumber'

2021-11-19 12:15:38 - [TEST_STEP][PASSED] - setText(findTestObject("Object Repository/RAD_Pages/SAU_MDForm202_BeforeJuly2021_Page/input_Enter a phone number_eMailAddress"), "iahmed@govolution.com"): Text 'iahmed@govolution.com' is set on object 'Object Repository/RAD_Pages/SAU_MDForm202_BeforeJuly2021_Page/input_Enter a phone number_eMailAddress'

2021-11-19 12:15:39 - [MESSAGE][PASSED] - Text 'iahmed@govolution.com' is set on object 'Object Repository/RAD_Pages/SAU_MDForm202_BeforeJuly2021_Page/input_Enter a phone number_eMailAddress'

2021-11-19 12:15:39 - [TEST_STEP][PASSED] - setText(findTestObject("Object Repository/RAD_Pages/SAU_MDForm202_BeforeJuly2021_Page/input_Enter Email_reEnterEMailAddress"), "iahmed@govolution.com"): Text 'iahmed@govolution.com' is set on object 'Object Repository/RAD_Pages/SAU_MDForm202_BeforeJuly2021_Page/input_Enter Email_reEnterEMailAddress'

2021-11-19 12:15:40 - [MESSAGE][PASSED] - Text 'iahmed@govolution.com' is set on object 'Object Repository/RAD_Pages/SAU_MDForm202_BeforeJuly2021_Page/input_Enter Email_reEnterEMailAddress'

2021-11-19 12:15:40 - [TEST_STEP][PASSED] - setEncryptedText(findTestObject("Object Repository/RAD_Pages/TaxInfo_Page/input_FederalEIN"), "0fDtEjy4ijeV75Gl5M+mSg=="): Text ****** has been set on object 'Object Repository/RAD_Pages/TaxInfo_Page/input_FederalEIN'

2021-11-19 12:16:11 - [MESSAGE][INFO] - Unable to find the element located by 'By.xpath: //*[@id = 'data' and @name = 'Data' and @type = 'password' and @placeholder = 'Federal EIN']'. Please recheck the objects properties to make sure the desired element is located. 

2021-11-19 12:16:11 - [MESSAGE][WARNING] - [SELF-HEALING] Failed to find element with id 'Object Repository/RAD_Pages/TaxInfo_Page/input_FederalEIN'. Try using Self-healing.

2021-11-19 12:16:11 - [MESSAGE][WARNING] - [SELF-HEALING] The current locator of test object 'Object Repository/RAD_Pages/TaxInfo_Page/input_FederalEIN' was broken. Propose an alternative one: '#data'.

2021-11-19 12:16:11 - [MESSAGE][PASSED] - Text ****** has been set on object 'Object Repository/RAD_Pages/TaxInfo_Page/input_FederalEIN'

2021-11-19 12:16:11 - [TEST_STEP][PASSED] - setEncryptedText(findTestObject("Object Repository/RAD_Pages/TaxInfo_Page/input_FederalEIN_ReEnter"), "0fDtEjy4ijeV75Gl5M+mSg=="): Text ****** has been set on object 'Object Repository/RAD_Pages/TaxInfo_Page/input_FederalEIN_ReEnter'

2021-11-19 12:16:43 - [MESSAGE][INFO] - Unable to find the element located by 'By.xpath: //*[@id = 'data' and @name = 'Data' and @type = 'password' and @placeholder = 'Re-Type Federal EIN']'. Please recheck the objects properties to make sure the desired element is located. 

2021-11-19 12:16:43 - [MESSAGE][WARNING] - [SELF-HEALING] Failed to find element with id 'Object Repository/RAD_Pages/TaxInfo_Page/input_FederalEIN_ReEnter'. Try using Self-healing.

2021-11-19 12:16:43 - [MESSAGE][WARNING] - [SELF-HEALING] The current locator of test object 'Object Repository/RAD_Pages/TaxInfo_Page/input_FederalEIN_ReEnter' was broken. Propose an alternative one: '//input[@id='data']'.

2021-11-19 12:16:43 - [MESSAGE][PASSED] - Text ****** has been set on object 'Object Repository/RAD_Pages/TaxInfo_Page/input_FederalEIN_ReEnter'

2021-11-19 12:16:43 - [TEST_STEP][PASSED] - setText(findTestObject("Object Repository/RAD_Pages/TaxInfo_Page/input_MDCRegistration"), "07640126"): Text '07640126' is set on object 'Object Repository/RAD_Pages/TaxInfo_Page/input_MDCRegistration'

2021-11-19 12:16:44 - [MESSAGE][PASSED] - Text '07640126' is set on object 'Object Repository/RAD_Pages/TaxInfo_Page/input_MDCRegistration'

2021-11-19 12:16:44 - [TEST_STEP][PASSED] - setText(findTestObject("Object Repository/RAD_Pages/SAU_MDForm202_BeforeJuly2021_Page/input__GrossSales1"), "3000.00"): Text '3000.00' is set on object 'Object Repository/RAD_Pages/SAU_MDForm202_BeforeJuly2021_Page/input__GrossSales1'

2021-11-19 12:16:44 - [MESSAGE][PASSED] - Text '3000.00' is set on object 'Object Repository/RAD_Pages/SAU_MDForm202_BeforeJuly2021_Page/input__GrossSales1'

2021-11-19 12:16:44 - [TEST_STEP][PASSED] - setText(findTestObject("Object Repository/RAD_Pages/SAU_MDForm202_BeforeJuly2021_Page/input__TaxableSales1"), "100.00"): Text '100.00' is set on object 'Object Repository/RAD_Pages/SAU_MDForm202_BeforeJuly2021_Page/input__TaxableSales1'

2021-11-19 12:16:45 - [MESSAGE][PASSED] - Text '100.00' is set on object 'Object Repository/RAD_Pages/SAU_MDForm202_BeforeJuly2021_Page/input__TaxableSales1'

2021-11-19 12:16:45 - [TEST_STEP][PASSED] - setText(findTestObject("Object Repository/RAD_Pages/SAU_MDForm202_BeforeJuly2021_Page/input__CarRental1"), "100.00"): Text '100.00' is set on object 'Object Repository/RAD_Pages/SAU_MDForm202_BeforeJuly2021_Page/input__CarRental1'

2021-11-19 12:16:46 - [MESSAGE][PASSED] - Text '100.00' is set on object 'Object Repository/RAD_Pages/SAU_MDForm202_BeforeJuly2021_Page/input__CarRental1'

2021-11-19 12:16:46 - [TEST_STEP][PASSED] - setText(findTestObject("Object Repository/RAD_Pages/SAU_MDForm202_BeforeJuly2021_Page/input__TruckRental1"), "100.00"): Text '100.00' is set on object 'Object Repository/RAD_Pages/SAU_MDForm202_BeforeJuly2021_Page/input__TruckRental1'

2021-11-19 12:16:47 - [MESSAGE][PASSED] - Text '100.00' is set on object 'Object Repository/RAD_Pages/SAU_MDForm202_BeforeJuly2021_Page/input__TruckRental1'

2021-11-19 12:16:47 - [TEST_STEP][PASSED] - setText(findTestObject("Object Repository/RAD_Pages/SAU_MDForm202_BeforeJuly2021_Page/input__AlcoholSales1"), "100.00"): Text '100.00' is set on object 'Object Repository/RAD_Pages/SAU_MDForm202_BeforeJuly2021_Page/input__AlcoholSales1'

2021-11-19 12:16:47 - [MESSAGE][PASSED] - Text '100.00' is set on object 'Object Repository/RAD_Pages/SAU_MDForm202_BeforeJuly2021_Page/input__AlcoholSales1'

2021-11-19 12:16:47 - [TEST_STEP][PASSED] - setText(findTestObject("Object Repository/RAD_Pages/SAU_MDForm202_BeforeJuly2021_Page/input__Purchases1"), "100.00"): Text '100.00' is set on object 'Object Repository/RAD_Pages/SAU_MDForm202_BeforeJuly2021_Page/input__Purchases1'

2021-11-19 12:16:48 - [MESSAGE][PASSED] - Text '100.00' is set on object 'Object Repository/RAD_Pages/SAU_MDForm202_BeforeJuly2021_Page/input__Purchases1'

2021-11-19 12:16:48 - [TEST_STEP][PASSED] - setText(findTestObject("Object Repository/RAD_Pages/SAU_MDForm202_BeforeJuly2021_Page/input__AlcoholPurchases1"), "100.00"): Text '100.00' is set on object 'Object Repository/RAD_Pages/SAU_MDForm202_BeforeJuly2021_Page/input__AlcoholPurchases1'

2021-11-19 12:16:49 - [MESSAGE][PASSED] - Text '100.00' is set on object 'Object Repository/RAD_Pages/SAU_MDForm202_BeforeJuly2021_Page/input__AlcoholPurchases1'

2021-11-19 12:16:49 - [TEST_STEP][PASSED] - setText(findTestObject("Object Repository/RAD_Pages/SAU_MDForm202_BeforeJuly2021_Page/input__Refund1"), "100.00"): Text '100.00' is set on object 'Object Repository/RAD_Pages/SAU_MDForm202_BeforeJuly2021_Page/input__Refund1'

2021-11-19 12:16:49 - [MESSAGE][PASSED] - Text '100.00' is set on object 'Object Repository/RAD_Pages/SAU_MDForm202_BeforeJuly2021_Page/input__Refund1'

2021-11-19 12:16:49 - [TEST_STEP][PASSED] - setText(findTestObject("Object Repository/RAD_Pages/SAU_MDForm202_BeforeJuly2021_Page/input__PenaltyInterest1"), "100.00"): Text '100.00' is set on object 'Object Repository/RAD_Pages/SAU_MDForm202_BeforeJuly2021_Page/input__PenaltyInterest1'

2021-11-19 12:16:50 - [MESSAGE][PASSED] - Text '100.00' is set on object 'Object Repository/RAD_Pages/SAU_MDForm202_BeforeJuly2021_Page/input__PenaltyInterest1'

2021-11-19 12:16:50 - [TEST_STEP][PASSED] - setText(findTestObject("Object Repository/RAD_Pages/SAU_MDForm202_BeforeJuly2021_Page/input__E911Fee1"), "25.00"): Text '25.00' is set on object 'Object Repository/RAD_Pages/SAU_MDForm202_BeforeJuly2021_Page/input__E911Fee1'

2021-11-19 12:16:51 - [MESSAGE][PASSED] - Text '25.00' is set on object 'Object Repository/RAD_Pages/SAU_MDForm202_BeforeJuly2021_Page/input__E911Fee1'

2021-11-19 12:16:51 - [TEST_STEP][PASSED] - scrollToElement(findTestObject("Object Repository/RAD_Pages/SAU_MDForm202_Page/button_Continue"), 3): Scroll to object 'Object Repository/RAD_Pages/SAU_MDForm202_Page/button_Continue' successfully

2021-11-19 12:16:51 - [MESSAGE][PASSED] - Scroll to object 'Object Repository/RAD_Pages/SAU_MDForm202_Page/button_Continue' successfully

2021-11-19 12:16:51 - [TEST_STEP][PASSED] - waitForElementClickable(findTestObject("Object Repository/RAD_Pages/SAU_MDForm202_Page/button_Continue"), 5): Object 'Object Repository/RAD_Pages/SAU_MDForm202_Page/button_Continue' is clickable

2021-11-19 12:16:52 - [MESSAGE][PASSED] - Object 'Object Repository/RAD_Pages/SAU_MDForm202_Page/button_Continue' is clickable

2021-11-19 12:16:52 - [TEST_STEP][PASSED] - click(findTestObject("Object Repository/RAD_Pages/SAU_MDForm202_Page/button_Continue")): Object: 'Object Repository/RAD_Pages/SAU_MDForm202_Page/button_Continue' is clicked on

2021-11-19 12:16:52 - [MESSAGE][PASSED] - Object: 'Object Repository/RAD_Pages/SAU_MDForm202_Page/button_Continue' is clicked on

2021-11-19 12:16:52 - [TEST_STEP][PASSED] - click(findTestObject("Object Repository/RAD_Pages/SAU_MDForm202_Page/button_Proceed to Payment")): Object: 'Object Repository/RAD_Pages/SAU_MDForm202_Page/button_Proceed to Payment' is clicked on

2021-11-19 12:16:54 - [MESSAGE][PASSED] - Object: 'Object Repository/RAD_Pages/SAU_MDForm202_Page/button_Proceed to Payment' is clicked on

2021-11-19 12:16:54 - [TEST_STEP][PASSED] - setText(findTestObject("Object Repository/RAD_Pages/SAU_MDForm202_BeforeJuly2021_Page/input__cardNumber"), "4111111111111111"): Text '4111111111111111' is set on object 'Object Repository/RAD_Pages/SAU_MDForm202_BeforeJuly2021_Page/input__cardNumber'

2021-11-19 12:16:55 - [MESSAGE][PASSED] - Text '4111111111111111' is set on object 'Object Repository/RAD_Pages/SAU_MDForm202_BeforeJuly2021_Page/input__cardNumber'

2021-11-19 12:16:55 - [TEST_STEP][PASSED] - setText(findTestObject("Object Repository/RAD_Pages/SAU_MDForm202_BeforeJuly2021_Page/input__spc"), "123"): Text '123' is set on object 'Object Repository/RAD_Pages/SAU_MDForm202_BeforeJuly2021_Page/input__spc'

2021-11-19 12:16:56 - [MESSAGE][PASSED] - Text '123' is set on object 'Object Repository/RAD_Pages/SAU_MDForm202_BeforeJuly2021_Page/input__spc'

2021-11-19 12:16:56 - [TEST_STEP][PASSED] - selectOptionByValue(findTestObject("Object Repository/RAD_Pages/SAU_MDForm202_BeforeJuly2021_Page/select_MM010203040506070809101112"), "3", true): All options with value '3' are selected in object 'Object Repository/RAD_Pages/SAU_MDForm202_BeforeJuly2021_Page/select_MM010203040506070809101112'  using regular expression

2021-11-19 12:16:57 - [MESSAGE][PASSED] - All options with value '3' are selected in object 'Object Repository/RAD_Pages/SAU_MDForm202_BeforeJuly2021_Page/select_MM010203040506070809101112'  using regular expression

2021-11-19 12:16:57 - [TEST_STEP][PASSED] - selectOptionByValue(findTestObject("Object Repository/RAD_Pages/SAU_MDForm202_BeforeJuly2021_Page/select_YYYY20212022202320242025202620272028_8c4dd4"), "2026", true): All options with value '2026' are selected in object 'Object Repository/RAD_Pages/SAU_MDForm202_BeforeJuly2021_Page/select_YYYY20212022202320242025202620272028_8c4dd4'  using regular expression

2021-11-19 12:16:58 - [MESSAGE][PASSED] - All options with value '2026' are selected in object 'Object Repository/RAD_Pages/SAU_MDForm202_BeforeJuly2021_Page/select_YYYY20212022202320242025202620272028_8c4dd4'  using regular expression

2021-11-19 12:16:58 - [TEST_STEP][PASSED] - click(findTestObject("Object Repository/RAD_Pages/SAU_MDForm202_BeforeJuly2021_Page/input_BillInvoice Details_ccSubmit")): Object: 'Object Repository/RAD_Pages/SAU_MDForm202_BeforeJuly2021_Page/input_BillInvoice Details_ccSubmit' is clicked on

2021-11-19 12:16:59 - [MESSAGE][PASSED] - Object: 'Object Repository/RAD_Pages/SAU_MDForm202_BeforeJuly2021_Page/input_BillInvoice Details_ccSubmit' is clicked on

2021-11-19 12:16:59 - [TEST_STEP][PASSED] - click(findTestObject("Object Repository/RAD_Pages/SAU_MDForm202_BeforeJuly2021_Page/input_163.50_confirmNotifyAction")): Object: 'Object Repository/RAD_Pages/SAU_MDForm202_BeforeJuly2021_Page/input_163.50_confirmNotifyAction' is clicked on

2021-11-19 12:17:00 - [MESSAGE][PASSED] - Object: 'Object Repository/RAD_Pages/SAU_MDForm202_BeforeJuly2021_Page/input_163.50_confirmNotifyAction' is clicked on

2021-11-19 12:17:00 - [TEST_STEP][PASSED] - click(findTestObject("Object Repository/RAD_Pages/SAU_MDForm202_BeforeJuly2021_Page/input_167.51_convFeeNotifyAction")): Object: 'Object Repository/RAD_Pages/SAU_MDForm202_BeforeJuly2021_Page/input_167.51_convFeeNotifyAction' is clicked on

2021-11-19 12:17:02 - [MESSAGE][PASSED] - Object: 'Object Repository/RAD_Pages/SAU_MDForm202_BeforeJuly2021_Page/input_167.51_convFeeNotifyAction' is clicked on

2021-11-19 12:17:02 - [TEST_STEP][PASSED] - delay(10): Delayed 10 second(s)

2021-11-19 12:17:12 - [MESSAGE][PASSED] - Delayed 10 second(s)

2021-11-19 12:17:12 - [TEST_STEP][PASSED] - verifyTextPresent("Successful Payment Receipt", true): Text 'Successful Payment Receipt' is present on page  using regular expression

2021-11-19 12:17:12 - [MESSAGE][PASSED] - Text 'Successful Payment Receipt' is present on page  using regular expression

2021-11-19 12:17:12 - [TEST_STEP][PASSED] - closeBrowser(): Browser is closed

2021-11-19 12:17:13 - [MESSAGE][PASSED] - Browser is closed]]></system-out>
         <system-err><![CDATA[]]></system-err>
      </testcase>
      <testcase name="Test Cases/RAD_TestCases/PaymentsHardCoded/SAU_MDForm202F_AfterJuly2021_MarketplaceFacilitator_HC_TC" time="187.635" classname="Test Cases/RAD_TestCases/PaymentsHardCoded/SAU_MDForm202F_AfterJuly2021_MarketplaceFacilitator_HC_TC" status="PASSED">
         <system-out><![CDATA[2021-11-19 12:17:13 - [TEST_CASE][PASSED] - Test Cases/RAD_TestCases/PaymentsHardCoded/SAU_MDForm202F_AfterJuly2021_MarketplaceFacilitator_HC_TC: Test Cases/RAD_TestCases/PaymentsHardCoded/SAU_MDForm202F_AfterJuly2021_MarketplaceFacilitator_HC_TC

2021-11-19 12:17:13 - [TEST_STEP][PASSED] - openBrowser(""): Browser is opened with url: ''

2021-11-19 12:17:13 - [MESSAGE][INFO] - Starting 'Chrome' driver

2021-11-19 12:17:13 - [MESSAGE][INFO] - User set preference: ['acceptInsecureCerts', 'true']

2021-11-19 12:17:13 - [MESSAGE][INFO] - Action delay is set to 0 milliseconds

2021-11-19 12:17:15 - [MESSAGE][PASSED] - Browser is opened with url: ''

2021-11-19 12:17:15 - [TEST_STEP][PASSED] - navigateToUrl("https://qa.velocitypayment.com/client/rad/index.html"): Navigate to 'https://qa.velocitypayment.com/client/rad/index.html' successfully

2021-11-19 12:17:18 - [MESSAGE][PASSED] - Navigate to 'https://qa.velocitypayment.com/client/rad/index.html' successfully

2021-11-19 12:17:18 - [TEST_STEP][PASSED] - selectOptionByValue(findTestObject("Object Repository/RAD_Pages/SAU_MDForm202F_MF_AfterJuly2021_Page/select_Select    Estimated Tax    Personal _7587a1"), "5", true): All options with value '5' are selected in object 'Object Repository/RAD_Pages/SAU_MDForm202F_MF_AfterJuly2021_Page/select_Select    Estimated Tax    Personal _7587a1'  using regular expression

2021-11-19 12:17:19 - [MESSAGE][PASSED] - All options with value '5' are selected in object 'Object Repository/RAD_Pages/SAU_MDForm202F_MF_AfterJuly2021_Page/select_Select    Estimated Tax    Personal _7587a1'  using regular expression

2021-11-19 12:17:19 - [TEST_STEP][PASSED] - selectOptionByValue(findTestObject("Object Repository/RAD_Pages/SAU_MDForm202F_MF_AfterJuly2021_Page/select_Select202220212020"), "2021", true): All options with value '2021' are selected in object 'Object Repository/RAD_Pages/SAU_MDForm202F_MF_AfterJuly2021_Page/select_Select202220212020'  using regular expression

2021-11-19 12:17:50 - [MESSAGE][INFO] - Unable to find the element located by 'By.xpath: //*[@id = 'taxYear' and @name = 'taxYear' and (text() = 'Select202220212020' or . = 'Select202220212020')]'. Please recheck the objects properties to make sure the desired element is located. 

2021-11-19 12:17:50 - [MESSAGE][WARNING] - [SELF-HEALING] Failed to find element with id 'Object Repository/RAD_Pages/SAU_MDForm202F_MF_AfterJuly2021_Page/select_Select202220212020'. Try using Self-healing.

2021-11-19 12:17:50 - [MESSAGE][WARNING] - [SELF-HEALING] The current locator of test object 'Object Repository/RAD_Pages/SAU_MDForm202F_MF_AfterJuly2021_Page/select_Select202220212020' was broken. Propose an alternative one: '//select[@id='taxYear']'.

2021-11-19 12:17:51 - [MESSAGE][PASSED] - All options with value '2021' are selected in object 'Object Repository/RAD_Pages/SAU_MDForm202F_MF_AfterJuly2021_Page/select_Select202220212020'  using regular expression

2021-11-19 12:17:51 - [TEST_STEP][PASSED] - selectOptionByValue(findTestObject("Object Repository/RAD_Pages/SAU_MDForm202F_MF_AfterJuly2021_Page/select_MonthJanuaryFebruaryMarchAprilMayJun_aa9ebb"), "08", true): All options with value '08' are selected in object 'Object Repository/RAD_Pages/SAU_MDForm202F_MF_AfterJuly2021_Page/select_MonthJanuaryFebruaryMarchAprilMayJun_aa9ebb'  using regular expression

2021-11-19 12:18:22 - [MESSAGE][INFO] - Unable to find the element located by 'By.xpath: //*[@id = 'salesUseMonth' and @name = 'salesUseMonth' and (text() = '
										    Month
											January
											February
											March
											April
											May
											June
											July
											August
											September
											October
											November
											December
										  ' or . = '
										    Month
											January
											February
											March
											April
											May
											June
											July
											August
											September
											October
											November
											December
										  ')]'. Please recheck the objects properties to make sure the desired element is located. 

2021-11-19 12:18:22 - [MESSAGE][WARNING] - [SELF-HEALING] Failed to find element with id 'Object Repository/RAD_Pages/SAU_MDForm202F_MF_AfterJuly2021_Page/select_MonthJanuaryFebruaryMarchAprilMayJun_aa9ebb'. Try using Self-healing.

2021-11-19 12:18:23 - [MESSAGE][WARNING] - [SELF-HEALING] The current locator of test object 'Object Repository/RAD_Pages/SAU_MDForm202F_MF_AfterJuly2021_Page/select_MonthJanuaryFebruaryMarchAprilMayJun_aa9ebb' was broken. Propose an alternative one: '//select[@id='salesUseMonth']'.

2021-11-19 12:18:23 - [MESSAGE][PASSED] - All options with value '08' are selected in object 'Object Repository/RAD_Pages/SAU_MDForm202F_MF_AfterJuly2021_Page/select_MonthJanuaryFebruaryMarchAprilMayJun_aa9ebb'  using regular expression

2021-11-19 12:18:23 - [TEST_STEP][PASSED] - setText(findTestObject("Object Repository/RAD_Pages/SAU_MDForm202F_MF_AfterJuly2021_Page/input_Note_businessName"), "Broken Glass, LLC"): Text 'Broken Glass, LLC' is set on object 'Object Repository/RAD_Pages/SAU_MDForm202F_MF_AfterJuly2021_Page/input_Note_businessName'

2021-11-19 12:18:24 - [MESSAGE][PASSED] - Text 'Broken Glass, LLC' is set on object 'Object Repository/RAD_Pages/SAU_MDForm202F_MF_AfterJuly2021_Page/input_Note_businessName'

2021-11-19 12:18:24 - [TEST_STEP][PASSED] - setText(findTestObject("Object Repository/RAD_Pages/SAU_MDForm202F_MF_AfterJuly2021_Page/input_Enter business name_firstName"), "Andy"): Text 'Andy' is set on object 'Object Repository/RAD_Pages/SAU_MDForm202F_MF_AfterJuly2021_Page/input_Enter business name_firstName'

2021-11-19 12:18:25 - [MESSAGE][PASSED] - Text 'Andy' is set on object 'Object Repository/RAD_Pages/SAU_MDForm202F_MF_AfterJuly2021_Page/input_Enter business name_firstName'

2021-11-19 12:18:25 - [TEST_STEP][PASSED] - setText(findTestObject("Object Repository/RAD_Pages/SAU_MDForm202F_MF_AfterJuly2021_Page/input_Enter first name_middleName"), "Lament"): Text 'Lament' is set on object 'Object Repository/RAD_Pages/SAU_MDForm202F_MF_AfterJuly2021_Page/input_Enter first name_middleName'

2021-11-19 12:18:26 - [MESSAGE][PASSED] - Text 'Lament' is set on object 'Object Repository/RAD_Pages/SAU_MDForm202F_MF_AfterJuly2021_Page/input_Enter first name_middleName'

2021-11-19 12:18:26 - [TEST_STEP][PASSED] - setText(findTestObject("Object Repository/RAD_Pages/SAU_MDForm202F_MF_AfterJuly2021_Page/input_Middle Name_lastName"), "Mohl"): Text 'Mohl' is set on object 'Object Repository/RAD_Pages/SAU_MDForm202F_MF_AfterJuly2021_Page/input_Middle Name_lastName'

2021-11-19 12:18:26 - [MESSAGE][PASSED] - Text 'Mohl' is set on object 'Object Repository/RAD_Pages/SAU_MDForm202F_MF_AfterJuly2021_Page/input_Middle Name_lastName'

2021-11-19 12:18:26 - [TEST_STEP][PASSED] - setText(findTestObject("Object Repository/RAD_Pages/SAU_MDForm202F_MF_AfterJuly2021_Page/input_Enter last name_suffix"), "Jr"): Text 'Jr' is set on object 'Object Repository/RAD_Pages/SAU_MDForm202F_MF_AfterJuly2021_Page/input_Enter last name_suffix'

2021-11-19 12:18:27 - [MESSAGE][PASSED] - Text 'Jr' is set on object 'Object Repository/RAD_Pages/SAU_MDForm202F_MF_AfterJuly2021_Page/input_Enter last name_suffix'

2021-11-19 12:18:27 - [TEST_STEP][PASSED] - setText(findTestObject("Object Repository/RAD_Pages/SAU_MDForm202F_MF_AfterJuly2021_Page/input_Select a country_streetAddress1"), "147 Elm St"): Text '147 Elm St' is set on object 'Object Repository/RAD_Pages/SAU_MDForm202F_MF_AfterJuly2021_Page/input_Select a country_streetAddress1'

2021-11-19 12:18:28 - [MESSAGE][PASSED] - Text '147 Elm St' is set on object 'Object Repository/RAD_Pages/SAU_MDForm202F_MF_AfterJuly2021_Page/input_Select a country_streetAddress1'

2021-11-19 12:18:28 - [TEST_STEP][PASSED] - setText(findTestObject("Object Repository/RAD_Pages/SAU_MDForm202F_MF_AfterJuly2021_Page/input_Enter address_streetAddress2"), "Room 147"): Text 'Room 147' is set on object 'Object Repository/RAD_Pages/SAU_MDForm202F_MF_AfterJuly2021_Page/input_Enter address_streetAddress2'

2021-11-19 12:18:28 - [MESSAGE][PASSED] - Text 'Room 147' is set on object 'Object Repository/RAD_Pages/SAU_MDForm202F_MF_AfterJuly2021_Page/input_Enter address_streetAddress2'

2021-11-19 12:18:28 - [TEST_STEP][PASSED] - setText(findTestObject("Object Repository/RAD_Pages/SAU_MDForm202F_MF_AfterJuly2021_Page/input_Street Address 2_city"), "Lutherville Timonium"): Text 'Lutherville Timonium' is set on object 'Object Repository/RAD_Pages/SAU_MDForm202F_MF_AfterJuly2021_Page/input_Street Address 2_city'

2021-11-19 12:18:29 - [MESSAGE][PASSED] - Text 'Lutherville Timonium' is set on object 'Object Repository/RAD_Pages/SAU_MDForm202F_MF_AfterJuly2021_Page/input_Street Address 2_city'

2021-11-19 12:18:29 - [TEST_STEP][PASSED] - selectOptionByValue(findTestObject("Object Repository/RAD_Pages/SAU_MDForm202F_MF_AfterJuly2021_Page/select_SelectAlabamaAlaskaArizonaArkansasCa_90914a"), "MD", true): All options with value 'MD' are selected in object 'Object Repository/RAD_Pages/SAU_MDForm202F_MF_AfterJuly2021_Page/select_SelectAlabamaAlaskaArizonaArkansasCa_90914a'  using regular expression

2021-11-19 12:18:31 - [MESSAGE][PASSED] - All options with value 'MD' are selected in object 'Object Repository/RAD_Pages/SAU_MDForm202F_MF_AfterJuly2021_Page/select_SelectAlabamaAlaskaArizonaArkansasCa_90914a'  using regular expression

2021-11-19 12:18:31 - [TEST_STEP][PASSED] - setText(findTestObject("Object Repository/RAD_Pages/SAU_MDForm202F_MF_AfterJuly2021_Page/input_Select a state_zipCode"), "21030"): Text '21030' is set on object 'Object Repository/RAD_Pages/SAU_MDForm202F_MF_AfterJuly2021_Page/input_Select a state_zipCode'

2021-11-19 12:18:32 - [MESSAGE][PASSED] - Text '21030' is set on object 'Object Repository/RAD_Pages/SAU_MDForm202F_MF_AfterJuly2021_Page/input_Select a state_zipCode'

2021-11-19 12:18:32 - [TEST_STEP][PASSED] - setText(findTestObject("Object Repository/RAD_Pages/SAU_MDForm202F_MF_AfterJuly2021_Page/input_Enter ZIP code_phoneNumber"), "(703) 894-5000"): Text '(703) 894-5000' is set on object 'Object Repository/RAD_Pages/SAU_MDForm202F_MF_AfterJuly2021_Page/input_Enter ZIP code_phoneNumber'

2021-11-19 12:18:32 - [MESSAGE][PASSED] - Text '(703) 894-5000' is set on object 'Object Repository/RAD_Pages/SAU_MDForm202F_MF_AfterJuly2021_Page/input_Enter ZIP code_phoneNumber'

2021-11-19 12:18:32 - [TEST_STEP][PASSED] - setText(findTestObject("Object Repository/RAD_Pages/SAU_MDForm202F_MF_AfterJuly2021_Page/input_Enter a phone number_eMailAddress"), "iahmed@govolution.com"): Text 'iahmed@govolution.com' is set on object 'Object Repository/RAD_Pages/SAU_MDForm202F_MF_AfterJuly2021_Page/input_Enter a phone number_eMailAddress'

2021-11-19 12:18:33 - [MESSAGE][PASSED] - Text 'iahmed@govolution.com' is set on object 'Object Repository/RAD_Pages/SAU_MDForm202F_MF_AfterJuly2021_Page/input_Enter a phone number_eMailAddress'

2021-11-19 12:18:33 - [TEST_STEP][PASSED] - setText(findTestObject("Object Repository/RAD_Pages/SAU_MDForm202F_MF_AfterJuly2021_Page/input_Enter Email_reEnterEMailAddress"), "iahmed@govolution.com"): Text 'iahmed@govolution.com' is set on object 'Object Repository/RAD_Pages/SAU_MDForm202F_MF_AfterJuly2021_Page/input_Enter Email_reEnterEMailAddress'

2021-11-19 12:18:34 - [MESSAGE][PASSED] - Text 'iahmed@govolution.com' is set on object 'Object Repository/RAD_Pages/SAU_MDForm202F_MF_AfterJuly2021_Page/input_Enter Email_reEnterEMailAddress'

2021-11-19 12:18:34 - [TEST_STEP][PASSED] - setEncryptedText(findTestObject("Object Repository/RAD_Pages/TaxInfo_Page/input_FederalEIN"), "0fDtEjy4ijeV75Gl5M+mSg=="): Text ****** has been set on object 'Object Repository/RAD_Pages/TaxInfo_Page/input_FederalEIN'

2021-11-19 12:19:05 - [MESSAGE][INFO] - Unable to find the element located by 'By.xpath: //*[@id = 'data' and @name = 'Data' and @type = 'password' and @placeholder = 'Federal EIN']'. Please recheck the objects properties to make sure the desired element is located. 

2021-11-19 12:19:05 - [MESSAGE][WARNING] - [SELF-HEALING] Failed to find element with id 'Object Repository/RAD_Pages/TaxInfo_Page/input_FederalEIN'. Try using Self-healing.

2021-11-19 12:19:05 - [MESSAGE][WARNING] - [SELF-HEALING] The current locator of test object 'Object Repository/RAD_Pages/TaxInfo_Page/input_FederalEIN' was broken. Propose an alternative one: '#data'.

2021-11-19 12:19:06 - [MESSAGE][PASSED] - Text ****** has been set on object 'Object Repository/RAD_Pages/TaxInfo_Page/input_FederalEIN'

2021-11-19 12:19:06 - [TEST_STEP][PASSED] - setEncryptedText(findTestObject("Object Repository/RAD_Pages/TaxInfo_Page/input_FederalEIN_ReEnter"), "0fDtEjy4ijeV75Gl5M+mSg=="): Text ****** has been set on object 'Object Repository/RAD_Pages/TaxInfo_Page/input_FederalEIN_ReEnter'

2021-11-19 12:19:37 - [MESSAGE][INFO] - Unable to find the element located by 'By.xpath: //*[@id = 'data' and @name = 'Data' and @type = 'password' and @placeholder = 'Re-Type Federal EIN']'. Please recheck the objects properties to make sure the desired element is located. 

2021-11-19 12:19:37 - [MESSAGE][WARNING] - [SELF-HEALING] Failed to find element with id 'Object Repository/RAD_Pages/TaxInfo_Page/input_FederalEIN_ReEnter'. Try using Self-healing.

2021-11-19 12:19:37 - [MESSAGE][WARNING] - [SELF-HEALING] The current locator of test object 'Object Repository/RAD_Pages/TaxInfo_Page/input_FederalEIN_ReEnter' was broken. Propose an alternative one: '//input[@id='data']'.

2021-11-19 12:19:37 - [MESSAGE][PASSED] - Text ****** has been set on object 'Object Repository/RAD_Pages/TaxInfo_Page/input_FederalEIN_ReEnter'

2021-11-19 12:19:37 - [TEST_STEP][PASSED] - setText(findTestObject("Object Repository/RAD_Pages/TaxInfo_Page/input_MDCRegistration"), "07640126"): Text '07640126' is set on object 'Object Repository/RAD_Pages/TaxInfo_Page/input_MDCRegistration'

2021-11-19 12:19:38 - [MESSAGE][PASSED] - Text '07640126' is set on object 'Object Repository/RAD_Pages/TaxInfo_Page/input_MDCRegistration'

2021-11-19 12:19:38 - [TEST_STEP][PASSED] - setText(findTestObject("Object Repository/RAD_Pages/SAU_MDForm202F_MF_AfterJuly2021_Page/input__GrossSales2"), "3000.00"): Text '3000.00' is set on object 'Object Repository/RAD_Pages/SAU_MDForm202F_MF_AfterJuly2021_Page/input__GrossSales2'

2021-11-19 12:19:39 - [MESSAGE][PASSED] - Text '3000.00' is set on object 'Object Repository/RAD_Pages/SAU_MDForm202F_MF_AfterJuly2021_Page/input__GrossSales2'

2021-11-19 12:19:39 - [TEST_STEP][PASSED] - click(findTestObject("Object Repository/RAD_Pages/SAU_MDForm202F_MF_AfterJuly2021_Page/input_Sales Tax Return Information_Marketpl_2444a2")): Object: 'Object Repository/RAD_Pages/SAU_MDForm202F_MF_AfterJuly2021_Page/input_Sales Tax Return Information_Marketpl_2444a2' is clicked on

2021-11-19 12:19:39 - [MESSAGE][PASSED] - Object: 'Object Repository/RAD_Pages/SAU_MDForm202F_MF_AfterJuly2021_Page/input_Sales Tax Return Information_Marketpl_2444a2' is clicked on

2021-11-19 12:19:39 - [TEST_STEP][PASSED] - setText(findTestObject("Object Repository/RAD_Pages/SAU_MDForm202F_MF_AfterJuly2021_Page/input__FacGrossSales2"), "3000.00"): Text '3000.00' is set on object 'Object Repository/RAD_Pages/SAU_MDForm202F_MF_AfterJuly2021_Page/input__FacGrossSales2'

2021-11-19 12:19:40 - [MESSAGE][PASSED] - Text '3000.00' is set on object 'Object Repository/RAD_Pages/SAU_MDForm202F_MF_AfterJuly2021_Page/input__FacGrossSales2'

2021-11-19 12:19:40 - [TEST_STEP][PASSED] - setText(findTestObject("Object Repository/RAD_Pages/SAU_MDForm202F_MF_AfterJuly2021_Page/input__FacTaxableSales2"), "100.00"): Text '100.00' is set on object 'Object Repository/RAD_Pages/SAU_MDForm202F_MF_AfterJuly2021_Page/input__FacTaxableSales2'

2021-11-19 12:19:41 - [MESSAGE][PASSED] - Text '100.00' is set on object 'Object Repository/RAD_Pages/SAU_MDForm202F_MF_AfterJuly2021_Page/input__FacTaxableSales2'

2021-11-19 12:19:41 - [TEST_STEP][PASSED] - setText(findTestObject("Object Repository/RAD_Pages/SAU_MDForm202F_MF_AfterJuly2021_Page/input__FacSalesDigitalProduct2"), "100.00"): Text '100.00' is set on object 'Object Repository/RAD_Pages/SAU_MDForm202F_MF_AfterJuly2021_Page/input__FacSalesDigitalProduct2'

2021-11-19 12:19:41 - [MESSAGE][PASSED] - Text '100.00' is set on object 'Object Repository/RAD_Pages/SAU_MDForm202F_MF_AfterJuly2021_Page/input__FacSalesDigitalProduct2'

2021-11-19 12:19:41 - [TEST_STEP][PASSED] - setText(findTestObject("Object Repository/RAD_Pages/SAU_MDForm202F_MF_AfterJuly2021_Page/input__FacTaxableSalesESD2"), "100.00"): Text '100.00' is set on object 'Object Repository/RAD_Pages/SAU_MDForm202F_MF_AfterJuly2021_Page/input__FacTaxableSalesESD2'

2021-11-19 12:19:42 - [MESSAGE][PASSED] - Text '100.00' is set on object 'Object Repository/RAD_Pages/SAU_MDForm202F_MF_AfterJuly2021_Page/input__FacTaxableSalesESD2'

2021-11-19 12:19:42 - [TEST_STEP][PASSED] - setText(findTestObject("Object Repository/RAD_Pages/SAU_MDForm202F_MF_AfterJuly2021_Page/input__FacTaxableSalesVapingLiquid2"), "100.00"): Text '100.00' is set on object 'Object Repository/RAD_Pages/SAU_MDForm202F_MF_AfterJuly2021_Page/input__FacTaxableSalesVapingLiquid2'

2021-11-19 12:19:43 - [MESSAGE][PASSED] - Text '100.00' is set on object 'Object Repository/RAD_Pages/SAU_MDForm202F_MF_AfterJuly2021_Page/input__FacTaxableSalesVapingLiquid2'

2021-11-19 12:19:43 - [TEST_STEP][PASSED] - setText(findTestObject("Object Repository/RAD_Pages/SAU_MDForm202F_MF_AfterJuly2021_Page/input__FacCarRental2"), "100.00"): Text '100.00' is set on object 'Object Repository/RAD_Pages/SAU_MDForm202F_MF_AfterJuly2021_Page/input__FacCarRental2'

2021-11-19 12:19:44 - [MESSAGE][PASSED] - Text '100.00' is set on object 'Object Repository/RAD_Pages/SAU_MDForm202F_MF_AfterJuly2021_Page/input__FacCarRental2'

2021-11-19 12:19:44 - [TEST_STEP][PASSED] - setText(findTestObject("Object Repository/RAD_Pages/SAU_MDForm202F_MF_AfterJuly2021_Page/input__FacTruckRental2"), "100.00"): Text '100.00' is set on object 'Object Repository/RAD_Pages/SAU_MDForm202F_MF_AfterJuly2021_Page/input__FacTruckRental2'

2021-11-19 12:19:44 - [MESSAGE][PASSED] - Text '100.00' is set on object 'Object Repository/RAD_Pages/SAU_MDForm202F_MF_AfterJuly2021_Page/input__FacTruckRental2'

2021-11-19 12:19:44 - [TEST_STEP][PASSED] - setText(findTestObject("Object Repository/RAD_Pages/SAU_MDForm202F_MF_AfterJuly2021_Page/input__FacAlcoholSales2"), "100.00"): Text '100.00' is set on object 'Object Repository/RAD_Pages/SAU_MDForm202F_MF_AfterJuly2021_Page/input__FacAlcoholSales2'

2021-11-19 12:19:45 - [MESSAGE][PASSED] - Text '100.00' is set on object 'Object Repository/RAD_Pages/SAU_MDForm202F_MF_AfterJuly2021_Page/input__FacAlcoholSales2'

2021-11-19 12:19:45 - [TEST_STEP][PASSED] - setText(findTestObject("Object Repository/RAD_Pages/SAU_MDForm202F_MF_AfterJuly2021_Page/input__GrossSales2"), "3000.00"): Text '3000.00' is set on object 'Object Repository/RAD_Pages/SAU_MDForm202F_MF_AfterJuly2021_Page/input__GrossSales2'

2021-11-19 12:19:46 - [MESSAGE][PASSED] - Text '3000.00' is set on object 'Object Repository/RAD_Pages/SAU_MDForm202F_MF_AfterJuly2021_Page/input__GrossSales2'

2021-11-19 12:19:46 - [TEST_STEP][PASSED] - setText(findTestObject("Object Repository/RAD_Pages/SAU_MDForm202F_MF_AfterJuly2021_Page/input__TaxableSales2"), "100.00"): Text '100.00' is set on object 'Object Repository/RAD_Pages/SAU_MDForm202F_MF_AfterJuly2021_Page/input__TaxableSales2'

2021-11-19 12:19:47 - [MESSAGE][PASSED] - Text '100.00' is set on object 'Object Repository/RAD_Pages/SAU_MDForm202F_MF_AfterJuly2021_Page/input__TaxableSales2'

2021-11-19 12:19:47 - [TEST_STEP][PASSED] - setText(findTestObject("Object Repository/RAD_Pages/SAU_MDForm202F_MF_AfterJuly2021_Page/input__TaxableSalesDigitalProduct2"), "100.00"): Text '100.00' is set on object 'Object Repository/RAD_Pages/SAU_MDForm202F_MF_AfterJuly2021_Page/input__TaxableSalesDigitalProduct2'

2021-11-19 12:19:47 - [MESSAGE][PASSED] - Text '100.00' is set on object 'Object Repository/RAD_Pages/SAU_MDForm202F_MF_AfterJuly2021_Page/input__TaxableSalesDigitalProduct2'

2021-11-19 12:19:47 - [TEST_STEP][PASSED] - setText(findTestObject("Object Repository/RAD_Pages/SAU_MDForm202F_MF_AfterJuly2021_Page/input__TaxableSalesESD2"), "100.00"): Text '100.00' is set on object 'Object Repository/RAD_Pages/SAU_MDForm202F_MF_AfterJuly2021_Page/input__TaxableSalesESD2'

2021-11-19 12:19:48 - [MESSAGE][PASSED] - Text '100.00' is set on object 'Object Repository/RAD_Pages/SAU_MDForm202F_MF_AfterJuly2021_Page/input__TaxableSalesESD2'

2021-11-19 12:19:48 - [TEST_STEP][PASSED] - setText(findTestObject("Object Repository/RAD_Pages/SAU_MDForm202F_MF_AfterJuly2021_Page/input__TaxableSalesVapingLiquid2"), "100.00"): Text '100.00' is set on object 'Object Repository/RAD_Pages/SAU_MDForm202F_MF_AfterJuly2021_Page/input__TaxableSalesVapingLiquid2'

2021-11-19 12:19:49 - [MESSAGE][PASSED] - Text '100.00' is set on object 'Object Repository/RAD_Pages/SAU_MDForm202F_MF_AfterJuly2021_Page/input__TaxableSalesVapingLiquid2'

2021-11-19 12:19:49 - [TEST_STEP][PASSED] - setText(findTestObject("Object Repository/RAD_Pages/SAU_MDForm202F_MF_AfterJuly2021_Page/input__CarRental2"), "100.00"): Text '100.00' is set on object 'Object Repository/RAD_Pages/SAU_MDForm202F_MF_AfterJuly2021_Page/input__CarRental2'

2021-11-19 12:19:50 - [MESSAGE][PASSED] - Text '100.00' is set on object 'Object Repository/RAD_Pages/SAU_MDForm202F_MF_AfterJuly2021_Page/input__CarRental2'

2021-11-19 12:19:50 - [TEST_STEP][PASSED] - setText(findTestObject("Object Repository/RAD_Pages/SAU_MDForm202F_MF_AfterJuly2021_Page/input__TruckRental2"), "100.00"): Text '100.00' is set on object 'Object Repository/RAD_Pages/SAU_MDForm202F_MF_AfterJuly2021_Page/input__TruckRental2'

2021-11-19 12:19:50 - [MESSAGE][PASSED] - Text '100.00' is set on object 'Object Repository/RAD_Pages/SAU_MDForm202F_MF_AfterJuly2021_Page/input__TruckRental2'

2021-11-19 12:19:50 - [TEST_STEP][PASSED] - setText(findTestObject("Object Repository/RAD_Pages/SAU_MDForm202F_MF_AfterJuly2021_Page/input__AlcoholSales2"), "100.00"): Text '100.00' is set on object 'Object Repository/RAD_Pages/SAU_MDForm202F_MF_AfterJuly2021_Page/input__AlcoholSales2'

2021-11-19 12:19:51 - [MESSAGE][PASSED] - Text '100.00' is set on object 'Object Repository/RAD_Pages/SAU_MDForm202F_MF_AfterJuly2021_Page/input__AlcoholSales2'

2021-11-19 12:19:51 - [TEST_STEP][PASSED] - setText(findTestObject("Object Repository/RAD_Pages/SAU_MDForm202F_MF_AfterJuly2021_Page/input__Purchases2"), "100.00"): Text '100.00' is set on object 'Object Repository/RAD_Pages/SAU_MDForm202F_MF_AfterJuly2021_Page/input__Purchases2'

2021-11-19 12:19:52 - [MESSAGE][PASSED] - Text '100.00' is set on object 'Object Repository/RAD_Pages/SAU_MDForm202F_MF_AfterJuly2021_Page/input__Purchases2'

2021-11-19 12:19:52 - [TEST_STEP][PASSED] - setText(findTestObject("Object Repository/RAD_Pages/SAU_MDForm202F_MF_AfterJuly2021_Page/input__TruckRentalPurchases2"), "100.00"): Text '100.00' is set on object 'Object Repository/RAD_Pages/SAU_MDForm202F_MF_AfterJuly2021_Page/input__TruckRentalPurchases2'

2021-11-19 12:19:53 - [MESSAGE][PASSED] - Text '100.00' is set on object 'Object Repository/RAD_Pages/SAU_MDForm202F_MF_AfterJuly2021_Page/input__TruckRentalPurchases2'

2021-11-19 12:19:53 - [TEST_STEP][PASSED] - setText(findTestObject("Object Repository/RAD_Pages/SAU_MDForm202F_MF_AfterJuly2021_Page/input__AlcoholPurchases2"), "100.00"): Text '100.00' is set on object 'Object Repository/RAD_Pages/SAU_MDForm202F_MF_AfterJuly2021_Page/input__AlcoholPurchases2'

2021-11-19 12:19:53 - [MESSAGE][PASSED] - Text '100.00' is set on object 'Object Repository/RAD_Pages/SAU_MDForm202F_MF_AfterJuly2021_Page/input__AlcoholPurchases2'

2021-11-19 12:19:53 - [TEST_STEP][PASSED] - setText(findTestObject("Object Repository/RAD_Pages/SAU_MDForm202F_MF_AfterJuly2021_Page/input__CarRentalPurchases2"), "100.00"): Text '100.00' is set on object 'Object Repository/RAD_Pages/SAU_MDForm202F_MF_AfterJuly2021_Page/input__CarRentalPurchases2'

2021-11-19 12:19:54 - [MESSAGE][PASSED] - Text '100.00' is set on object 'Object Repository/RAD_Pages/SAU_MDForm202F_MF_AfterJuly2021_Page/input__CarRentalPurchases2'

2021-11-19 12:19:54 - [TEST_STEP][PASSED] - setText(findTestObject("Object Repository/RAD_Pages/SAU_MDForm202F_MF_AfterJuly2021_Page/input__ESDPurchases2"), "100.00"): Text '100.00' is set on object 'Object Repository/RAD_Pages/SAU_MDForm202F_MF_AfterJuly2021_Page/input__ESDPurchases2'

2021-11-19 12:19:55 - [MESSAGE][PASSED] - Text '100.00' is set on object 'Object Repository/RAD_Pages/SAU_MDForm202F_MF_AfterJuly2021_Page/input__ESDPurchases2'

2021-11-19 12:19:55 - [TEST_STEP][PASSED] - setText(findTestObject("Object Repository/RAD_Pages/SAU_MDForm202F_MF_AfterJuly2021_Page/input__VapingLiquidPurchases2"), "100.00"): Text '100.00' is set on object 'Object Repository/RAD_Pages/SAU_MDForm202F_MF_AfterJuly2021_Page/input__VapingLiquidPurchases2'

2021-11-19 12:19:56 - [MESSAGE][PASSED] - Text '100.00' is set on object 'Object Repository/RAD_Pages/SAU_MDForm202F_MF_AfterJuly2021_Page/input__VapingLiquidPurchases2'

2021-11-19 12:19:56 - [TEST_STEP][PASSED] - setText(findTestObject("Object Repository/RAD_Pages/SAU_MDForm202F_MF_AfterJuly2021_Page/input__Refund2"), "100.00"): Text '100.00' is set on object 'Object Repository/RAD_Pages/SAU_MDForm202F_MF_AfterJuly2021_Page/input__Refund2'

2021-11-19 12:19:56 - [MESSAGE][PASSED] - Text '100.00' is set on object 'Object Repository/RAD_Pages/SAU_MDForm202F_MF_AfterJuly2021_Page/input__Refund2'

2021-11-19 12:19:56 - [TEST_STEP][PASSED] - setText(findTestObject("Object Repository/RAD_Pages/SAU_MDForm202F_MF_AfterJuly2021_Page/input__E911Fee2"), "95.00"): Text '95.00' is set on object 'Object Repository/RAD_Pages/SAU_MDForm202F_MF_AfterJuly2021_Page/input__E911Fee2'

2021-11-19 12:19:57 - [MESSAGE][PASSED] - Text '95.00' is set on object 'Object Repository/RAD_Pages/SAU_MDForm202F_MF_AfterJuly2021_Page/input__E911Fee2'

2021-11-19 12:19:57 - [TEST_STEP][PASSED] - scrollToElement(findTestObject("Object Repository/RAD_Pages/SAU_MDForm202_Page/button_Continue"), 3): Scroll to object 'Object Repository/RAD_Pages/SAU_MDForm202_Page/button_Continue' successfully

2021-11-19 12:19:58 - [MESSAGE][PASSED] - Scroll to object 'Object Repository/RAD_Pages/SAU_MDForm202_Page/button_Continue' successfully

2021-11-19 12:19:58 - [TEST_STEP][PASSED] - waitForElementClickable(findTestObject("Object Repository/RAD_Pages/SAU_MDForm202_Page/button_Continue"), 5): Object 'Object Repository/RAD_Pages/SAU_MDForm202_Page/button_Continue' is clickable

2021-11-19 12:19:58 - [MESSAGE][PASSED] - Object 'Object Repository/RAD_Pages/SAU_MDForm202_Page/button_Continue' is clickable

2021-11-19 12:19:58 - [TEST_STEP][PASSED] - click(findTestObject("Object Repository/RAD_Pages/SAU_MDForm202_Page/button_Continue")): Object: 'Object Repository/RAD_Pages/SAU_MDForm202_Page/button_Continue' is clicked on

2021-11-19 12:19:58 - [MESSAGE][PASSED] - Object: 'Object Repository/RAD_Pages/SAU_MDForm202_Page/button_Continue' is clicked on

2021-11-19 12:19:58 - [TEST_STEP][PASSED] - click(findTestObject("Object Repository/RAD_Pages/SAU_MDForm202_Page/button_Proceed to Payment")): Object: 'Object Repository/RAD_Pages/SAU_MDForm202_Page/button_Proceed to Payment' is clicked on

2021-11-19 12:20:01 - [MESSAGE][PASSED] - Object: 'Object Repository/RAD_Pages/SAU_MDForm202_Page/button_Proceed to Payment' is clicked on

2021-11-19 12:20:01 - [TEST_STEP][PASSED] - setText(findTestObject("Object Repository/RAD_Pages/SAU_MDForm202F_MF_AfterJuly2021_Page/input__cardNumber"), "4111111111111111"): Text '4111111111111111' is set on object 'Object Repository/RAD_Pages/SAU_MDForm202F_MF_AfterJuly2021_Page/input__cardNumber'

2021-11-19 12:20:02 - [MESSAGE][PASSED] - Text '4111111111111111' is set on object 'Object Repository/RAD_Pages/SAU_MDForm202F_MF_AfterJuly2021_Page/input__cardNumber'

2021-11-19 12:20:02 - [TEST_STEP][PASSED] - setText(findTestObject("Object Repository/RAD_Pages/SAU_MDForm202F_MF_AfterJuly2021_Page/input__spc"), "123"): Text '123' is set on object 'Object Repository/RAD_Pages/SAU_MDForm202F_MF_AfterJuly2021_Page/input__spc'

2021-11-19 12:20:03 - [MESSAGE][PASSED] - Text '123' is set on object 'Object Repository/RAD_Pages/SAU_MDForm202F_MF_AfterJuly2021_Page/input__spc'

2021-11-19 12:20:03 - [TEST_STEP][PASSED] - selectOptionByValue(findTestObject("Object Repository/RAD_Pages/SAU_MDForm202F_MF_AfterJuly2021_Page/select_MM010203040506070809101112"), "4", true): All options with value '4' are selected in object 'Object Repository/RAD_Pages/SAU_MDForm202F_MF_AfterJuly2021_Page/select_MM010203040506070809101112'  using regular expression

2021-11-19 12:20:04 - [MESSAGE][PASSED] - All options with value '4' are selected in object 'Object Repository/RAD_Pages/SAU_MDForm202F_MF_AfterJuly2021_Page/select_MM010203040506070809101112'  using regular expression

2021-11-19 12:20:04 - [TEST_STEP][PASSED] - selectOptionByValue(findTestObject("Object Repository/RAD_Pages/SAU_MDForm202F_MF_AfterJuly2021_Page/select_YYYY20212022202320242025202620272028_8c4dd4"), "2027", true): All options with value '2027' are selected in object 'Object Repository/RAD_Pages/SAU_MDForm202F_MF_AfterJuly2021_Page/select_YYYY20212022202320242025202620272028_8c4dd4'  using regular expression

2021-11-19 12:20:05 - [MESSAGE][PASSED] - All options with value '2027' are selected in object 'Object Repository/RAD_Pages/SAU_MDForm202F_MF_AfterJuly2021_Page/select_YYYY20212022202320242025202620272028_8c4dd4'  using regular expression

2021-11-19 12:20:05 - [TEST_STEP][PASSED] - click(findTestObject("Object Repository/RAD_Pages/SAU_MDForm202F_MF_AfterJuly2021_Page/input_BillInvoice Details_ccSubmit")): Object: 'Object Repository/RAD_Pages/SAU_MDForm202F_MF_AfterJuly2021_Page/input_BillInvoice Details_ccSubmit' is clicked on

2021-11-19 12:20:06 - [MESSAGE][PASSED] - Object: 'Object Repository/RAD_Pages/SAU_MDForm202F_MF_AfterJuly2021_Page/input_BillInvoice Details_ccSubmit' is clicked on

2021-11-19 12:20:06 - [TEST_STEP][PASSED] - click(findTestObject("Object Repository/RAD_Pages/SAU_MDForm202F_MF_AfterJuly2021_Page/input_275.75_confirmNotifyAction")): Object: 'Object Repository/RAD_Pages/SAU_MDForm202F_MF_AfterJuly2021_Page/input_275.75_confirmNotifyAction' is clicked on

2021-11-19 12:20:08 - [MESSAGE][PASSED] - Object: 'Object Repository/RAD_Pages/SAU_MDForm202F_MF_AfterJuly2021_Page/input_275.75_confirmNotifyAction' is clicked on

2021-11-19 12:20:08 - [TEST_STEP][PASSED] - click(findTestObject("Object Repository/RAD_Pages/SAU_MDForm202F_MF_AfterJuly2021_Page/input_282.51_convFeeNotifyAction")): Object: 'Object Repository/RAD_Pages/SAU_MDForm202F_MF_AfterJuly2021_Page/input_282.51_convFeeNotifyAction' is clicked on

2021-11-19 12:20:09 - [MESSAGE][PASSED] - Object: 'Object Repository/RAD_Pages/SAU_MDForm202F_MF_AfterJuly2021_Page/input_282.51_convFeeNotifyAction' is clicked on

2021-11-19 12:20:09 - [TEST_STEP][PASSED] - delay(10): Delayed 10 second(s)

2021-11-19 12:20:19 - [MESSAGE][PASSED] - Delayed 10 second(s)

2021-11-19 12:20:19 - [TEST_STEP][PASSED] - verifyTextPresent("Successful Payment Receipt", true): Text 'Successful Payment Receipt' is present on page  using regular expression

2021-11-19 12:20:20 - [MESSAGE][PASSED] - Text 'Successful Payment Receipt' is present on page  using regular expression

2021-11-19 12:20:20 - [TEST_STEP][PASSED] - closeBrowser(): Browser is closed

2021-11-19 12:20:21 - [MESSAGE][PASSED] - Browser is closed]]></system-out>
         <system-err><![CDATA[]]></system-err>
      </testcase>
      <testcase name="Test Cases/RAD_TestCases/PaymentsHardCoded/SAU_MDForm202F_BeforeJuly2021_MarketplaceFacilitator_HC_TC" time="178.238" classname="Test Cases/RAD_TestCases/PaymentsHardCoded/SAU_MDForm202F_BeforeJuly2021_MarketplaceFacilitator_HC_TC" status="PASSED">
         <system-out><![CDATA[2021-11-19 12:20:21 - [TEST_CASE][PASSED] - Test Cases/RAD_TestCases/PaymentsHardCoded/SAU_MDForm202F_BeforeJuly2021_MarketplaceFacilitator_HC_TC: Test Cases/RAD_TestCases/PaymentsHardCoded/SAU_MDForm202F_BeforeJuly2021_MarketplaceFacilitator_HC_TC

2021-11-19 12:20:21 - [TEST_STEP][PASSED] - openBrowser(""): Browser is opened with url: ''

2021-11-19 12:20:21 - [MESSAGE][INFO] - Starting 'Chrome' driver

2021-11-19 12:20:21 - [MESSAGE][INFO] - User set preference: ['acceptInsecureCerts', 'true']

2021-11-19 12:20:21 - [MESSAGE][INFO] - Action delay is set to 0 milliseconds

2021-11-19 12:20:23 - [MESSAGE][PASSED] - Browser is opened with url: ''

2021-11-19 12:20:23 - [TEST_STEP][PASSED] - navigateToUrl("https://qa.velocitypayment.com/client/rad/index.html"): Navigate to 'https://qa.velocitypayment.com/client/rad/index.html' successfully

2021-11-19 12:20:25 - [MESSAGE][PASSED] - Navigate to 'https://qa.velocitypayment.com/client/rad/index.html' successfully

2021-11-19 12:20:25 - [TEST_STEP][PASSED] - selectOptionByValue(findTestObject("Object Repository/RAD_Pages/SAU_MDForm202F_MF_BeforeJuly2021_Page/select_Select    Estimated Tax    Personal _7587a1"), "5", true): All options with value '5' are selected in object 'Object Repository/RAD_Pages/SAU_MDForm202F_MF_BeforeJuly2021_Page/select_Select    Estimated Tax    Personal _7587a1'  using regular expression

2021-11-19 12:20:26 - [MESSAGE][PASSED] - All options with value '5' are selected in object 'Object Repository/RAD_Pages/SAU_MDForm202F_MF_BeforeJuly2021_Page/select_Select    Estimated Tax    Personal _7587a1'  using regular expression

2021-11-19 12:20:26 - [TEST_STEP][PASSED] - selectOptionByValue(findTestObject("Object Repository/RAD_Pages/SAU_MDForm202F_MF_BeforeJuly2021_Page/select_Select202220212020"), "2021", true): All options with value '2021' are selected in object 'Object Repository/RAD_Pages/SAU_MDForm202F_MF_BeforeJuly2021_Page/select_Select202220212020'  using regular expression

2021-11-19 12:20:57 - [MESSAGE][INFO] - Unable to find the element located by 'By.xpath: //*[@id = 'taxYear' and @name = 'taxYear' and (text() = 'Select202220212020' or . = 'Select202220212020')]'. Please recheck the objects properties to make sure the desired element is located. 

2021-11-19 12:20:57 - [MESSAGE][WARNING] - [SELF-HEALING] Failed to find element with id 'Object Repository/RAD_Pages/SAU_MDForm202F_MF_BeforeJuly2021_Page/select_Select202220212020'. Try using Self-healing.

2021-11-19 12:20:57 - [MESSAGE][WARNING] - [SELF-HEALING] The current locator of test object 'Object Repository/RAD_Pages/SAU_MDForm202F_MF_BeforeJuly2021_Page/select_Select202220212020' was broken. Propose an alternative one: '//select[@id='taxYear']'.

2021-11-19 12:20:58 - [MESSAGE][PASSED] - All options with value '2021' are selected in object 'Object Repository/RAD_Pages/SAU_MDForm202F_MF_BeforeJuly2021_Page/select_Select202220212020'  using regular expression

2021-11-19 12:20:58 - [TEST_STEP][PASSED] - selectOptionByValue(findTestObject("Object Repository/RAD_Pages/SAU_MDForm202F_MF_BeforeJuly2021_Page/select_MonthJanuaryFebruaryMarchAprilMayJun_aa9ebb"), "01", true): All options with value '01' are selected in object 'Object Repository/RAD_Pages/SAU_MDForm202F_MF_BeforeJuly2021_Page/select_MonthJanuaryFebruaryMarchAprilMayJun_aa9ebb'  using regular expression

2021-11-19 12:21:29 - [MESSAGE][INFO] - Unable to find the element located by 'By.xpath: //*[@id = 'salesUseMonth' and @name = 'salesUseMonth' and (text() = '
										    Month
											January
											February
											March
											April
											May
											June
											July
											August
											September
											October
											November
											December
										  ' or . = '
										    Month
											January
											February
											March
											April
											May
											June
											July
											August
											September
											October
											November
											December
										  ')]'. Please recheck the objects properties to make sure the desired element is located. 

2021-11-19 12:21:29 - [MESSAGE][WARNING] - [SELF-HEALING] Failed to find element with id 'Object Repository/RAD_Pages/SAU_MDForm202F_MF_BeforeJuly2021_Page/select_MonthJanuaryFebruaryMarchAprilMayJun_aa9ebb'. Try using Self-healing.

2021-11-19 12:21:29 - [MESSAGE][WARNING] - [SELF-HEALING] The current locator of test object 'Object Repository/RAD_Pages/SAU_MDForm202F_MF_BeforeJuly2021_Page/select_MonthJanuaryFebruaryMarchAprilMayJun_aa9ebb' was broken. Propose an alternative one: '//select[@id='salesUseMonth']'.

2021-11-19 12:21:30 - [MESSAGE][PASSED] - All options with value '01' are selected in object 'Object Repository/RAD_Pages/SAU_MDForm202F_MF_BeforeJuly2021_Page/select_MonthJanuaryFebruaryMarchAprilMayJun_aa9ebb'  using regular expression

2021-11-19 12:21:30 - [TEST_STEP][PASSED] - setText(findTestObject("Object Repository/RAD_Pages/SAU_MDForm202F_MF_BeforeJuly2021_Page/input_Note_businessName"), "Barista Foundry"): Text 'Barista Foundry' is set on object 'Object Repository/RAD_Pages/SAU_MDForm202F_MF_BeforeJuly2021_Page/input_Note_businessName'

2021-11-19 12:21:31 - [MESSAGE][PASSED] - Text 'Barista Foundry' is set on object 'Object Repository/RAD_Pages/SAU_MDForm202F_MF_BeforeJuly2021_Page/input_Note_businessName'

2021-11-19 12:21:31 - [TEST_STEP][PASSED] - setText(findTestObject("Object Repository/RAD_Pages/SAU_MDForm202F_MF_BeforeJuly2021_Page/input_Enter business name_firstName"), "Eoin"): Text 'Eoin' is set on object 'Object Repository/RAD_Pages/SAU_MDForm202F_MF_BeforeJuly2021_Page/input_Enter business name_firstName'

2021-11-19 12:21:32 - [MESSAGE][PASSED] - Text 'Eoin' is set on object 'Object Repository/RAD_Pages/SAU_MDForm202F_MF_BeforeJuly2021_Page/input_Enter business name_firstName'

2021-11-19 12:21:32 - [TEST_STEP][PASSED] - setText(findTestObject("Object Repository/RAD_Pages/SAU_MDForm202F_MF_BeforeJuly2021_Page/input_Middle Name_lastName"), "Morgan"): Text 'Morgan' is set on object 'Object Repository/RAD_Pages/SAU_MDForm202F_MF_BeforeJuly2021_Page/input_Middle Name_lastName'

2021-11-19 12:21:32 - [MESSAGE][PASSED] - Text 'Morgan' is set on object 'Object Repository/RAD_Pages/SAU_MDForm202F_MF_BeforeJuly2021_Page/input_Middle Name_lastName'

2021-11-19 12:21:32 - [TEST_STEP][PASSED] - setText(findTestObject("Object Repository/RAD_Pages/SAU_MDForm202F_MF_BeforeJuly2021_Page/input_Select a country_streetAddress1"), "145 King street"): Text '145 King street' is set on object 'Object Repository/RAD_Pages/SAU_MDForm202F_MF_BeforeJuly2021_Page/input_Select a country_streetAddress1'

2021-11-19 12:21:33 - [MESSAGE][PASSED] - Text '145 King street' is set on object 'Object Repository/RAD_Pages/SAU_MDForm202F_MF_BeforeJuly2021_Page/input_Select a country_streetAddress1'

2021-11-19 12:21:33 - [TEST_STEP][PASSED] - setText(findTestObject("Object Repository/RAD_Pages/SAU_MDForm202F_MF_BeforeJuly2021_Page/input_Street Address 2_city"), "severn"): Text 'severn' is set on object 'Object Repository/RAD_Pages/SAU_MDForm202F_MF_BeforeJuly2021_Page/input_Street Address 2_city'

2021-11-19 12:21:34 - [MESSAGE][PASSED] - Text 'severn' is set on object 'Object Repository/RAD_Pages/SAU_MDForm202F_MF_BeforeJuly2021_Page/input_Street Address 2_city'

2021-11-19 12:21:34 - [TEST_STEP][PASSED] - selectOptionByValue(findTestObject("Object Repository/RAD_Pages/SAU_MDForm202F_MF_BeforeJuly2021_Page/select_SelectAlabamaAlaskaArizonaArkansasCa_90914a"), "MD", true): All options with value 'MD' are selected in object 'Object Repository/RAD_Pages/SAU_MDForm202F_MF_BeforeJuly2021_Page/select_SelectAlabamaAlaskaArizonaArkansasCa_90914a'  using regular expression

2021-11-19 12:21:35 - [MESSAGE][PASSED] - All options with value 'MD' are selected in object 'Object Repository/RAD_Pages/SAU_MDForm202F_MF_BeforeJuly2021_Page/select_SelectAlabamaAlaskaArizonaArkansasCa_90914a'  using regular expression

2021-11-19 12:21:35 - [TEST_STEP][PASSED] - setText(findTestObject("Object Repository/RAD_Pages/SAU_MDForm202F_MF_BeforeJuly2021_Page/input_Select a state_zipCode"), "21114"): Text '21114' is set on object 'Object Repository/RAD_Pages/SAU_MDForm202F_MF_BeforeJuly2021_Page/input_Select a state_zipCode'

2021-11-19 12:21:36 - [MESSAGE][PASSED] - Text '21114' is set on object 'Object Repository/RAD_Pages/SAU_MDForm202F_MF_BeforeJuly2021_Page/input_Select a state_zipCode'

2021-11-19 12:21:36 - [TEST_STEP][PASSED] - setText(findTestObject("Object Repository/RAD_Pages/SAU_MDForm202F_MF_BeforeJuly2021_Page/input_Select a state_zipCode"), "20720"): Text '20720' is set on object 'Object Repository/RAD_Pages/SAU_MDForm202F_MF_BeforeJuly2021_Page/input_Select a state_zipCode'

2021-11-19 12:21:37 - [MESSAGE][PASSED] - Text '20720' is set on object 'Object Repository/RAD_Pages/SAU_MDForm202F_MF_BeforeJuly2021_Page/input_Select a state_zipCode'

2021-11-19 12:21:37 - [TEST_STEP][PASSED] - setText(findTestObject("Object Repository/RAD_Pages/SAU_MDForm202F_MF_BeforeJuly2021_Page/input_Enter ZIP code_phoneNumber"), "(703) 894-5000"): Text '(703) 894-5000' is set on object 'Object Repository/RAD_Pages/SAU_MDForm202F_MF_BeforeJuly2021_Page/input_Enter ZIP code_phoneNumber'

2021-11-19 12:21:38 - [MESSAGE][PASSED] - Text '(703) 894-5000' is set on object 'Object Repository/RAD_Pages/SAU_MDForm202F_MF_BeforeJuly2021_Page/input_Enter ZIP code_phoneNumber'

2021-11-19 12:21:38 - [TEST_STEP][PASSED] - setText(findTestObject("Object Repository/RAD_Pages/SAU_MDForm202F_MF_BeforeJuly2021_Page/input_Enter a phone number_eMailAddress"), "iahmed@govolution.com"): Text 'iahmed@govolution.com' is set on object 'Object Repository/RAD_Pages/SAU_MDForm202F_MF_BeforeJuly2021_Page/input_Enter a phone number_eMailAddress'

2021-11-19 12:21:39 - [MESSAGE][PASSED] - Text 'iahmed@govolution.com' is set on object 'Object Repository/RAD_Pages/SAU_MDForm202F_MF_BeforeJuly2021_Page/input_Enter a phone number_eMailAddress'

2021-11-19 12:21:39 - [TEST_STEP][PASSED] - setText(findTestObject("Object Repository/RAD_Pages/SAU_MDForm202F_MF_BeforeJuly2021_Page/input_Enter Email_reEnterEMailAddress"), "iahmed@govolution.com"): Text 'iahmed@govolution.com' is set on object 'Object Repository/RAD_Pages/SAU_MDForm202F_MF_BeforeJuly2021_Page/input_Enter Email_reEnterEMailAddress'

2021-11-19 12:21:39 - [MESSAGE][PASSED] - Text 'iahmed@govolution.com' is set on object 'Object Repository/RAD_Pages/SAU_MDForm202F_MF_BeforeJuly2021_Page/input_Enter Email_reEnterEMailAddress'

2021-11-19 12:21:39 - [TEST_STEP][PASSED] - setEncryptedText(findTestObject("Object Repository/RAD_Pages/TaxInfo_Page/input_FederalEIN"), "0fDtEjy4ijeV75Gl5M+mSg=="): Text ****** has been set on object 'Object Repository/RAD_Pages/TaxInfo_Page/input_FederalEIN'

2021-11-19 12:22:11 - [MESSAGE][INFO] - Unable to find the element located by 'By.xpath: //*[@id = 'data' and @name = 'Data' and @type = 'password' and @placeholder = 'Federal EIN']'. Please recheck the objects properties to make sure the desired element is located. 

2021-11-19 12:22:11 - [MESSAGE][WARNING] - [SELF-HEALING] Failed to find element with id 'Object Repository/RAD_Pages/TaxInfo_Page/input_FederalEIN'. Try using Self-healing.

2021-11-19 12:22:11 - [MESSAGE][WARNING] - [SELF-HEALING] The current locator of test object 'Object Repository/RAD_Pages/TaxInfo_Page/input_FederalEIN' was broken. Propose an alternative one: '#data'.

2021-11-19 12:22:11 - [MESSAGE][PASSED] - Text ****** has been set on object 'Object Repository/RAD_Pages/TaxInfo_Page/input_FederalEIN'

2021-11-19 12:22:11 - [TEST_STEP][PASSED] - setEncryptedText(findTestObject("Object Repository/RAD_Pages/TaxInfo_Page/input_FederalEIN_ReEnter"), "0fDtEjy4ijeV75Gl5M+mSg=="): Text ****** has been set on object 'Object Repository/RAD_Pages/TaxInfo_Page/input_FederalEIN_ReEnter'

2021-11-19 12:22:42 - [MESSAGE][INFO] - Unable to find the element located by 'By.xpath: //*[@id = 'data' and @name = 'Data' and @type = 'password' and @placeholder = 'Re-Type Federal EIN']'. Please recheck the objects properties to make sure the desired element is located. 

2021-11-19 12:22:42 - [MESSAGE][WARNING] - [SELF-HEALING] Failed to find element with id 'Object Repository/RAD_Pages/TaxInfo_Page/input_FederalEIN_ReEnter'. Try using Self-healing.

2021-11-19 12:22:42 - [MESSAGE][WARNING] - [SELF-HEALING] The current locator of test object 'Object Repository/RAD_Pages/TaxInfo_Page/input_FederalEIN_ReEnter' was broken. Propose an alternative one: '//input[@id='data']'.

2021-11-19 12:22:42 - [MESSAGE][PASSED] - Text ****** has been set on object 'Object Repository/RAD_Pages/TaxInfo_Page/input_FederalEIN_ReEnter'

2021-11-19 12:22:42 - [TEST_STEP][PASSED] - setText(findTestObject("Object Repository/RAD_Pages/TaxInfo_Page/input_MDCRegistration"), "07640126"): Text '07640126' is set on object 'Object Repository/RAD_Pages/TaxInfo_Page/input_MDCRegistration'

2021-11-19 12:22:43 - [MESSAGE][PASSED] - Text '07640126' is set on object 'Object Repository/RAD_Pages/TaxInfo_Page/input_MDCRegistration'

2021-11-19 12:22:43 - [TEST_STEP][PASSED] - setText(findTestObject("Object Repository/RAD_Pages/SAU_MDForm202F_MF_BeforeJuly2021_Page/input__GrossSales1"), "1000.00"): Text '1000.00' is set on object 'Object Repository/RAD_Pages/SAU_MDForm202F_MF_BeforeJuly2021_Page/input__GrossSales1'

2021-11-19 12:22:44 - [MESSAGE][PASSED] - Text '1000.00' is set on object 'Object Repository/RAD_Pages/SAU_MDForm202F_MF_BeforeJuly2021_Page/input__GrossSales1'

2021-11-19 12:22:44 - [TEST_STEP][PASSED] - click(findTestObject("Object Repository/RAD_Pages/SAU_MDForm202F_MF_BeforeJuly2021_Page/input_MarketplaceFacilitator_ChkBox")): Object: 'Object Repository/RAD_Pages/SAU_MDForm202F_MF_BeforeJuly2021_Page/input_MarketplaceFacilitator_ChkBox' is clicked on

2021-11-19 12:22:45 - [MESSAGE][PASSED] - Object: 'Object Repository/RAD_Pages/SAU_MDForm202F_MF_BeforeJuly2021_Page/input_MarketplaceFacilitator_ChkBox' is clicked on

2021-11-19 12:22:45 - [TEST_STEP][PASSED] - setText(findTestObject("Object Repository/RAD_Pages/SAU_MDForm202F_MF_BeforeJuly2021_Page/input__FacGrossSales1"), "3000.00"): Text '3000.00' is set on object 'Object Repository/RAD_Pages/SAU_MDForm202F_MF_BeforeJuly2021_Page/input__FacGrossSales1'

2021-11-19 12:22:45 - [MESSAGE][PASSED] - Text '3000.00' is set on object 'Object Repository/RAD_Pages/SAU_MDForm202F_MF_BeforeJuly2021_Page/input__FacGrossSales1'

2021-11-19 12:22:45 - [TEST_STEP][PASSED] - setText(findTestObject("Object Repository/RAD_Pages/SAU_MDForm202F_MF_BeforeJuly2021_Page/input__FacTaxableSales1"), "100.00"): Text '100.00' is set on object 'Object Repository/RAD_Pages/SAU_MDForm202F_MF_BeforeJuly2021_Page/input__FacTaxableSales1'

2021-11-19 12:22:46 - [MESSAGE][PASSED] - Text '100.00' is set on object 'Object Repository/RAD_Pages/SAU_MDForm202F_MF_BeforeJuly2021_Page/input__FacTaxableSales1'

2021-11-19 12:22:46 - [TEST_STEP][PASSED] - setText(findTestObject("Object Repository/RAD_Pages/SAU_MDForm202F_MF_BeforeJuly2021_Page/input__FacCarRental1"), "100.00"): Text '100.00' is set on object 'Object Repository/RAD_Pages/SAU_MDForm202F_MF_BeforeJuly2021_Page/input__FacCarRental1'

2021-11-19 12:22:47 - [MESSAGE][PASSED] - Text '100.00' is set on object 'Object Repository/RAD_Pages/SAU_MDForm202F_MF_BeforeJuly2021_Page/input__FacCarRental1'

2021-11-19 12:22:47 - [TEST_STEP][PASSED] - setText(findTestObject("Object Repository/RAD_Pages/SAU_MDForm202F_MF_BeforeJuly2021_Page/input__FacTruckRental1"), "100.00"): Text '100.00' is set on object 'Object Repository/RAD_Pages/SAU_MDForm202F_MF_BeforeJuly2021_Page/input__FacTruckRental1'

2021-11-19 12:22:48 - [MESSAGE][PASSED] - Text '100.00' is set on object 'Object Repository/RAD_Pages/SAU_MDForm202F_MF_BeforeJuly2021_Page/input__FacTruckRental1'

2021-11-19 12:22:48 - [TEST_STEP][PASSED] - setText(findTestObject("Object Repository/RAD_Pages/SAU_MDForm202F_MF_BeforeJuly2021_Page/input__FacAlcoholSales1"), "100.00"): Text '100.00' is set on object 'Object Repository/RAD_Pages/SAU_MDForm202F_MF_BeforeJuly2021_Page/input__FacAlcoholSales1'

2021-11-19 12:22:48 - [MESSAGE][PASSED] - Text '100.00' is set on object 'Object Repository/RAD_Pages/SAU_MDForm202F_MF_BeforeJuly2021_Page/input__FacAlcoholSales1'

2021-11-19 12:22:48 - [TEST_STEP][PASSED] - setText(findTestObject("Object Repository/RAD_Pages/SAU_MDForm202F_MF_BeforeJuly2021_Page/input__GrossSales1"), "1000.00"): Text '1000.00' is set on object 'Object Repository/RAD_Pages/SAU_MDForm202F_MF_BeforeJuly2021_Page/input__GrossSales1'

2021-11-19 12:22:49 - [MESSAGE][PASSED] - Text '1000.00' is set on object 'Object Repository/RAD_Pages/SAU_MDForm202F_MF_BeforeJuly2021_Page/input__GrossSales1'

2021-11-19 12:22:49 - [TEST_STEP][PASSED] - setText(findTestObject("Object Repository/RAD_Pages/SAU_MDForm202F_MF_BeforeJuly2021_Page/input__TaxableSales1"), "100.00"): Text '100.00' is set on object 'Object Repository/RAD_Pages/SAU_MDForm202F_MF_BeforeJuly2021_Page/input__TaxableSales1'

2021-11-19 12:22:50 - [MESSAGE][PASSED] - Text '100.00' is set on object 'Object Repository/RAD_Pages/SAU_MDForm202F_MF_BeforeJuly2021_Page/input__TaxableSales1'

2021-11-19 12:22:50 - [TEST_STEP][PASSED] - setText(findTestObject("Object Repository/RAD_Pages/SAU_MDForm202F_MF_BeforeJuly2021_Page/input__CarRental1"), "100.00"): Text '100.00' is set on object 'Object Repository/RAD_Pages/SAU_MDForm202F_MF_BeforeJuly2021_Page/input__CarRental1'

2021-11-19 12:22:51 - [MESSAGE][PASSED] - Text '100.00' is set on object 'Object Repository/RAD_Pages/SAU_MDForm202F_MF_BeforeJuly2021_Page/input__CarRental1'

2021-11-19 12:22:51 - [TEST_STEP][PASSED] - setText(findTestObject("Object Repository/RAD_Pages/SAU_MDForm202F_MF_BeforeJuly2021_Page/input__TruckRental1"), "100.00"): Text '100.00' is set on object 'Object Repository/RAD_Pages/SAU_MDForm202F_MF_BeforeJuly2021_Page/input__TruckRental1'

2021-11-19 12:22:51 - [MESSAGE][PASSED] - Text '100.00' is set on object 'Object Repository/RAD_Pages/SAU_MDForm202F_MF_BeforeJuly2021_Page/input__TruckRental1'

2021-11-19 12:22:51 - [TEST_STEP][PASSED] - setText(findTestObject("Object Repository/RAD_Pages/SAU_MDForm202F_MF_BeforeJuly2021_Page/input__AlcoholSales1"), "100.00"): Text '100.00' is set on object 'Object Repository/RAD_Pages/SAU_MDForm202F_MF_BeforeJuly2021_Page/input__AlcoholSales1'

2021-11-19 12:22:52 - [MESSAGE][PASSED] - Text '100.00' is set on object 'Object Repository/RAD_Pages/SAU_MDForm202F_MF_BeforeJuly2021_Page/input__AlcoholSales1'

2021-11-19 12:22:52 - [TEST_STEP][PASSED] - setText(findTestObject("Object Repository/RAD_Pages/SAU_MDForm202F_MF_BeforeJuly2021_Page/input__Purchases1"), "100.00"): Text '100.00' is set on object 'Object Repository/RAD_Pages/SAU_MDForm202F_MF_BeforeJuly2021_Page/input__Purchases1'

2021-11-19 12:22:53 - [MESSAGE][PASSED] - Text '100.00' is set on object 'Object Repository/RAD_Pages/SAU_MDForm202F_MF_BeforeJuly2021_Page/input__Purchases1'

2021-11-19 12:22:53 - [TEST_STEP][PASSED] - setText(findTestObject("Object Repository/RAD_Pages/SAU_MDForm202F_MF_BeforeJuly2021_Page/input__AlcoholPurchases1"), "100.00"): Text '100.00' is set on object 'Object Repository/RAD_Pages/SAU_MDForm202F_MF_BeforeJuly2021_Page/input__AlcoholPurchases1'

2021-11-19 12:22:54 - [MESSAGE][PASSED] - Text '100.00' is set on object 'Object Repository/RAD_Pages/SAU_MDForm202F_MF_BeforeJuly2021_Page/input__AlcoholPurchases1'

2021-11-19 12:22:54 - [TEST_STEP][PASSED] - setText(findTestObject("Object Repository/RAD_Pages/SAU_MDForm202F_MF_BeforeJuly2021_Page/input__Refund1"), "100.00"): Text '100.00' is set on object 'Object Repository/RAD_Pages/SAU_MDForm202F_MF_BeforeJuly2021_Page/input__Refund1'

2021-11-19 12:22:54 - [MESSAGE][PASSED] - Text '100.00' is set on object 'Object Repository/RAD_Pages/SAU_MDForm202F_MF_BeforeJuly2021_Page/input__Refund1'

2021-11-19 12:22:54 - [TEST_STEP][PASSED] - setText(findTestObject("Object Repository/RAD_Pages/SAU_MDForm202F_MF_BeforeJuly2021_Page/input__PenaltyInterest1"), "100.00"): Text '100.00' is set on object 'Object Repository/RAD_Pages/SAU_MDForm202F_MF_BeforeJuly2021_Page/input__PenaltyInterest1'

2021-11-19 12:22:55 - [MESSAGE][PASSED] - Text '100.00' is set on object 'Object Repository/RAD_Pages/SAU_MDForm202F_MF_BeforeJuly2021_Page/input__PenaltyInterest1'

2021-11-19 12:22:55 - [TEST_STEP][PASSED] - setText(findTestObject("Object Repository/RAD_Pages/SAU_MDForm202F_MF_BeforeJuly2021_Page/input__E911Fee1"), "95.00"): Text '95.00' is set on object 'Object Repository/RAD_Pages/SAU_MDForm202F_MF_BeforeJuly2021_Page/input__E911Fee1'

2021-11-19 12:22:56 - [MESSAGE][PASSED] - Text '95.00' is set on object 'Object Repository/RAD_Pages/SAU_MDForm202F_MF_BeforeJuly2021_Page/input__E911Fee1'

2021-11-19 12:22:56 - [TEST_STEP][PASSED] - scrollToElement(findTestObject("Object Repository/RAD_Pages/SAU_MDForm202_Page/button_Continue"), 3): Scroll to object 'Object Repository/RAD_Pages/SAU_MDForm202_Page/button_Continue' successfully

2021-11-19 12:22:56 - [MESSAGE][PASSED] - Scroll to object 'Object Repository/RAD_Pages/SAU_MDForm202_Page/button_Continue' successfully

2021-11-19 12:22:56 - [TEST_STEP][PASSED] - waitForElementClickable(findTestObject("Object Repository/RAD_Pages/SAU_MDForm202_Page/button_Continue"), 5): Object 'Object Repository/RAD_Pages/SAU_MDForm202_Page/button_Continue' is clickable

2021-11-19 12:22:57 - [MESSAGE][PASSED] - Object 'Object Repository/RAD_Pages/SAU_MDForm202_Page/button_Continue' is clickable

2021-11-19 12:22:57 - [TEST_STEP][PASSED] - click(findTestObject("Object Repository/RAD_Pages/SAU_MDForm202_Page/button_Continue")): Object: 'Object Repository/RAD_Pages/SAU_MDForm202_Page/button_Continue' is clicked on

2021-11-19 12:22:57 - [MESSAGE][PASSED] - Object: 'Object Repository/RAD_Pages/SAU_MDForm202_Page/button_Continue' is clicked on

2021-11-19 12:22:57 - [TEST_STEP][PASSED] - click(findTestObject("Object Repository/RAD_Pages/SAU_MDForm202_Page/button_Proceed to Payment")): Object: 'Object Repository/RAD_Pages/SAU_MDForm202_Page/button_Proceed to Payment' is clicked on

2021-11-19 12:22:59 - [MESSAGE][PASSED] - Object: 'Object Repository/RAD_Pages/SAU_MDForm202_Page/button_Proceed to Payment' is clicked on

2021-11-19 12:22:59 - [TEST_STEP][PASSED] - setText(findTestObject("Object Repository/RAD_Pages/SAU_MDForm202F_MF_BeforeJuly2021_Page/input__cardNumber"), "4111111111111111"): Text '4111111111111111' is set on object 'Object Repository/RAD_Pages/SAU_MDForm202F_MF_BeforeJuly2021_Page/input__cardNumber'

2021-11-19 12:23:00 - [MESSAGE][PASSED] - Text '4111111111111111' is set on object 'Object Repository/RAD_Pages/SAU_MDForm202F_MF_BeforeJuly2021_Page/input__cardNumber'

2021-11-19 12:23:00 - [TEST_STEP][PASSED] - setText(findTestObject("Object Repository/RAD_Pages/SAU_MDForm202F_MF_BeforeJuly2021_Page/input__spc"), "123"): Text '123' is set on object 'Object Repository/RAD_Pages/SAU_MDForm202F_MF_BeforeJuly2021_Page/input__spc'

2021-11-19 12:23:01 - [MESSAGE][PASSED] - Text '123' is set on object 'Object Repository/RAD_Pages/SAU_MDForm202F_MF_BeforeJuly2021_Page/input__spc'

2021-11-19 12:23:01 - [TEST_STEP][PASSED] - selectOptionByValue(findTestObject("Object Repository/RAD_Pages/SAU_MDForm202F_MF_BeforeJuly2021_Page/select_MM010203040506070809101112"), "4", true): All options with value '4' are selected in object 'Object Repository/RAD_Pages/SAU_MDForm202F_MF_BeforeJuly2021_Page/select_MM010203040506070809101112'  using regular expression

2021-11-19 12:23:02 - [MESSAGE][PASSED] - All options with value '4' are selected in object 'Object Repository/RAD_Pages/SAU_MDForm202F_MF_BeforeJuly2021_Page/select_MM010203040506070809101112'  using regular expression

2021-11-19 12:23:02 - [TEST_STEP][PASSED] - selectOptionByValue(findTestObject("Object Repository/RAD_Pages/SAU_MDForm202F_MF_BeforeJuly2021_Page/select_YYYY20212022202320242025202620272028_8c4dd4"), "2027", true): All options with value '2027' are selected in object 'Object Repository/RAD_Pages/SAU_MDForm202F_MF_BeforeJuly2021_Page/select_YYYY20212022202320242025202620272028_8c4dd4'  using regular expression

2021-11-19 12:23:03 - [MESSAGE][PASSED] - All options with value '2027' are selected in object 'Object Repository/RAD_Pages/SAU_MDForm202F_MF_BeforeJuly2021_Page/select_YYYY20212022202320242025202620272028_8c4dd4'  using regular expression

2021-11-19 12:23:03 - [TEST_STEP][PASSED] - click(findTestObject("Object Repository/RAD_Pages/SAU_MDForm202F_MF_BeforeJuly2021_Page/input_BillInvoice Details_ccSubmit")): Object: 'Object Repository/RAD_Pages/SAU_MDForm202F_MF_BeforeJuly2021_Page/input_BillInvoice Details_ccSubmit' is clicked on

2021-11-19 12:23:04 - [MESSAGE][PASSED] - Object: 'Object Repository/RAD_Pages/SAU_MDForm202F_MF_BeforeJuly2021_Page/input_BillInvoice Details_ccSubmit' is clicked on

2021-11-19 12:23:04 - [TEST_STEP][PASSED] - click(findTestObject("Object Repository/RAD_Pages/SAU_MDForm202F_MF_BeforeJuly2021_Page/input_90.00_confirmNotifyAction")): Object: 'Object Repository/RAD_Pages/SAU_MDForm202F_MF_BeforeJuly2021_Page/input_90.00_confirmNotifyAction' is clicked on

2021-11-19 12:23:06 - [MESSAGE][PASSED] - Object: 'Object Repository/RAD_Pages/SAU_MDForm202F_MF_BeforeJuly2021_Page/input_90.00_confirmNotifyAction' is clicked on

2021-11-19 12:23:06 - [TEST_STEP][PASSED] - click(findTestObject("Object Repository/RAD_Pages/SAU_MDForm202F_MF_BeforeJuly2021_Page/input_92.21_convFeeNotifyAction")): Object: 'Object Repository/RAD_Pages/SAU_MDForm202F_MF_BeforeJuly2021_Page/input_92.21_convFeeNotifyAction' is clicked on

2021-11-19 12:23:08 - [MESSAGE][PASSED] - Object: 'Object Repository/RAD_Pages/SAU_MDForm202F_MF_BeforeJuly2021_Page/input_92.21_convFeeNotifyAction' is clicked on

2021-11-19 12:23:08 - [TEST_STEP][PASSED] - delay(10): Delayed 10 second(s)

2021-11-19 12:23:18 - [MESSAGE][PASSED] - Delayed 10 second(s)

2021-11-19 12:23:18 - [TEST_STEP][PASSED] - verifyTextPresent("Successful Payment Receipt", true): Text 'Successful Payment Receipt' is present on page  using regular expression

2021-11-19 12:23:18 - [MESSAGE][PASSED] - Text 'Successful Payment Receipt' is present on page  using regular expression

2021-11-19 12:23:18 - [TEST_STEP][PASSED] - closeBrowser(): Browser is closed

2021-11-19 12:23:19 - [MESSAGE][PASSED] - Browser is closed]]></system-out>
         <system-err><![CDATA[]]></system-err>
      </testcase>
      <testcase name="Test Cases/RAD_TestCases/PaymentsHardCoded/SAU_MDForm202_BeforeJuly2021_OutOfStateVendor_HC_TC" time="176.966" classname="Test Cases/RAD_TestCases/PaymentsHardCoded/SAU_MDForm202_BeforeJuly2021_OutOfStateVendor_HC_TC" status="PASSED">
         <system-out><![CDATA[2021-11-19 12:23:19 - [TEST_CASE][PASSED] - Test Cases/RAD_TestCases/PaymentsHardCoded/SAU_MDForm202_BeforeJuly2021_OutOfStateVendor_HC_TC: Test Cases/RAD_TestCases/PaymentsHardCoded/SAU_MDForm202_BeforeJuly2021_OutOfStateVendor_HC_TC

2021-11-19 12:23:19 - [TEST_STEP][PASSED] - openBrowser(""): Browser is opened with url: ''

2021-11-19 12:23:19 - [MESSAGE][INFO] - Starting 'Chrome' driver

2021-11-19 12:23:19 - [MESSAGE][INFO] - User set preference: ['acceptInsecureCerts', 'true']

2021-11-19 12:23:19 - [MESSAGE][INFO] - Action delay is set to 0 milliseconds

2021-11-19 12:23:21 - [MESSAGE][PASSED] - Browser is opened with url: ''

2021-11-19 12:23:21 - [TEST_STEP][PASSED] - navigateToUrl("https://qa.velocitypayment.com/client/rad/index.html"): Navigate to 'https://qa.velocitypayment.com/client/rad/index.html' successfully

2021-11-19 12:23:23 - [MESSAGE][PASSED] - Navigate to 'https://qa.velocitypayment.com/client/rad/index.html' successfully

2021-11-19 12:23:23 - [TEST_STEP][PASSED] - selectOptionByValue(findTestObject("Object Repository/RAD_Pages/SAU_MDForm202_BeforeJuly2021_Page/select_Select    Estimated Tax    Personal _7587a1"), "5", true): All options with value '5' are selected in object 'Object Repository/RAD_Pages/SAU_MDForm202_BeforeJuly2021_Page/select_Select    Estimated Tax    Personal _7587a1'  using regular expression

2021-11-19 12:23:24 - [MESSAGE][PASSED] - All options with value '5' are selected in object 'Object Repository/RAD_Pages/SAU_MDForm202_BeforeJuly2021_Page/select_Select    Estimated Tax    Personal _7587a1'  using regular expression

2021-11-19 12:23:24 - [TEST_STEP][PASSED] - selectOptionByValue(findTestObject("Object Repository/RAD_Pages/SAU_MDForm202_BeforeJuly2021_Page/select_Select202220212020"), "2021", true): All options with value '2021' are selected in object 'Object Repository/RAD_Pages/SAU_MDForm202_BeforeJuly2021_Page/select_Select202220212020'  using regular expression

2021-11-19 12:23:56 - [MESSAGE][INFO] - Unable to find the element located by 'By.xpath: //*[@id = 'taxYear' and @name = 'taxYear' and (text() = 'Select202220212020' or . = 'Select202220212020')]'. Please recheck the objects properties to make sure the desired element is located. 

2021-11-19 12:23:56 - [MESSAGE][WARNING] - [SELF-HEALING] Failed to find element with id 'Object Repository/RAD_Pages/SAU_MDForm202_BeforeJuly2021_Page/select_Select202220212020'. Try using Self-healing.

2021-11-19 12:23:56 - [MESSAGE][WARNING] - [SELF-HEALING] The current locator of test object 'Object Repository/RAD_Pages/SAU_MDForm202_BeforeJuly2021_Page/select_Select202220212020' was broken. Propose an alternative one: '//select[@id='taxYear']'.

2021-11-19 12:23:56 - [MESSAGE][PASSED] - All options with value '2021' are selected in object 'Object Repository/RAD_Pages/SAU_MDForm202_BeforeJuly2021_Page/select_Select202220212020'  using regular expression

2021-11-19 12:23:57 - [TEST_STEP][PASSED] - selectOptionByValue(findTestObject("Object Repository/RAD_Pages/SAU_MDForm202_BeforeJuly2021_Page/select_MonthJanuaryFebruaryMarchAprilMayJun_aa9ebb"), "01", true): All options with value '01' are selected in object 'Object Repository/RAD_Pages/SAU_MDForm202_BeforeJuly2021_Page/select_MonthJanuaryFebruaryMarchAprilMayJun_aa9ebb'  using regular expression

2021-11-19 12:24:28 - [MESSAGE][INFO] - Unable to find the element located by 'By.xpath: //*[@id = 'salesUseMonth' and @name = 'salesUseMonth' and (text() = '
										    Month
											January
											February
											March
											April
											May
											June
											July
											August
											September
											October
											November
											December
										  ' or . = '
										    Month
											January
											February
											March
											April
											May
											June
											July
											August
											September
											October
											November
											December
										  ')]'. Please recheck the objects properties to make sure the desired element is located. 

2021-11-19 12:24:28 - [MESSAGE][WARNING] - [SELF-HEALING] Failed to find element with id 'Object Repository/RAD_Pages/SAU_MDForm202_BeforeJuly2021_Page/select_MonthJanuaryFebruaryMarchAprilMayJun_aa9ebb'. Try using Self-healing.

2021-11-19 12:24:28 - [MESSAGE][WARNING] - [SELF-HEALING] The current locator of test object 'Object Repository/RAD_Pages/SAU_MDForm202_BeforeJuly2021_Page/select_MonthJanuaryFebruaryMarchAprilMayJun_aa9ebb' was broken. Propose an alternative one: '//select[@id='salesUseMonth']'.

2021-11-19 12:24:29 - [MESSAGE][PASSED] - All options with value '01' are selected in object 'Object Repository/RAD_Pages/SAU_MDForm202_BeforeJuly2021_Page/select_MonthJanuaryFebruaryMarchAprilMayJun_aa9ebb'  using regular expression

2021-11-19 12:24:29 - [TEST_STEP][PASSED] - setText(findTestObject("Object Repository/RAD_Pages/SAU_MDForm202_BeforeJuly2021_Page/input_Note_businessName"), "Some Business"): Text 'Some Business' is set on object 'Object Repository/RAD_Pages/SAU_MDForm202_BeforeJuly2021_Page/input_Note_businessName'

2021-11-19 12:24:30 - [MESSAGE][PASSED] - Text 'Some Business' is set on object 'Object Repository/RAD_Pages/SAU_MDForm202_BeforeJuly2021_Page/input_Note_businessName'

2021-11-19 12:24:30 - [TEST_STEP][PASSED] - setText(findTestObject("Object Repository/RAD_Pages/SAU_MDForm202_BeforeJuly2021_Page/input_Enter business name_firstName"), "Lokhandwala"): Text 'Lokhandwala' is set on object 'Object Repository/RAD_Pages/SAU_MDForm202_BeforeJuly2021_Page/input_Enter business name_firstName'

2021-11-19 12:24:30 - [MESSAGE][PASSED] - Text 'Lokhandwala' is set on object 'Object Repository/RAD_Pages/SAU_MDForm202_BeforeJuly2021_Page/input_Enter business name_firstName'

2021-11-19 12:24:30 - [TEST_STEP][PASSED] - setText(findTestObject("Object Repository/RAD_Pages/SAU_MDForm202_BeforeJuly2021_Page/input_Enter first name_middleName"), "K"): Text 'K' is set on object 'Object Repository/RAD_Pages/SAU_MDForm202_BeforeJuly2021_Page/input_Enter first name_middleName'

2021-11-19 12:24:31 - [MESSAGE][PASSED] - Text 'K' is set on object 'Object Repository/RAD_Pages/SAU_MDForm202_BeforeJuly2021_Page/input_Enter first name_middleName'

2021-11-19 12:24:31 - [TEST_STEP][PASSED] - setText(findTestObject("Object Repository/RAD_Pages/SAU_MDForm202_BeforeJuly2021_Page/input_Middle Name_lastName"), "Express"): Text 'Express' is set on object 'Object Repository/RAD_Pages/SAU_MDForm202_BeforeJuly2021_Page/input_Middle Name_lastName'

2021-11-19 12:24:32 - [MESSAGE][PASSED] - Text 'Express' is set on object 'Object Repository/RAD_Pages/SAU_MDForm202_BeforeJuly2021_Page/input_Middle Name_lastName'

2021-11-19 12:24:32 - [TEST_STEP][PASSED] - setText(findTestObject("Object Repository/RAD_Pages/SAU_MDForm202_BeforeJuly2021_Page/input_Enter last name_suffix"), "Sr"): Text 'Sr' is set on object 'Object Repository/RAD_Pages/SAU_MDForm202_BeforeJuly2021_Page/input_Enter last name_suffix'

2021-11-19 12:24:32 - [MESSAGE][PASSED] - Text 'Sr' is set on object 'Object Repository/RAD_Pages/SAU_MDForm202_BeforeJuly2021_Page/input_Enter last name_suffix'

2021-11-19 12:24:32 - [TEST_STEP][PASSED] - setText(findTestObject("Object Repository/RAD_Pages/SAU_MDForm202_BeforeJuly2021_Page/input_Select a country_streetAddress1"), "458 Beltsville rd"): Text '458 Beltsville rd' is set on object 'Object Repository/RAD_Pages/SAU_MDForm202_BeforeJuly2021_Page/input_Select a country_streetAddress1'

2021-11-19 12:24:33 - [MESSAGE][PASSED] - Text '458 Beltsville rd' is set on object 'Object Repository/RAD_Pages/SAU_MDForm202_BeforeJuly2021_Page/input_Select a country_streetAddress1'

2021-11-19 12:24:33 - [TEST_STEP][PASSED] - setText(findTestObject("Object Repository/RAD_Pages/SAU_MDForm202_BeforeJuly2021_Page/input_Enter address_streetAddress2"), "suite 100"): Text 'suite 100' is set on object 'Object Repository/RAD_Pages/SAU_MDForm202_BeforeJuly2021_Page/input_Enter address_streetAddress2'

2021-11-19 12:24:34 - [MESSAGE][PASSED] - Text 'suite 100' is set on object 'Object Repository/RAD_Pages/SAU_MDForm202_BeforeJuly2021_Page/input_Enter address_streetAddress2'

2021-11-19 12:24:34 - [TEST_STEP][PASSED] - setText(findTestObject("Object Repository/RAD_Pages/SAU_MDForm202_BeforeJuly2021_Page/input_Street Address 2_city"), "Timonium"): Text 'Timonium' is set on object 'Object Repository/RAD_Pages/SAU_MDForm202_BeforeJuly2021_Page/input_Street Address 2_city'

2021-11-19 12:24:35 - [MESSAGE][PASSED] - Text 'Timonium' is set on object 'Object Repository/RAD_Pages/SAU_MDForm202_BeforeJuly2021_Page/input_Street Address 2_city'

2021-11-19 12:24:35 - [TEST_STEP][PASSED] - selectOptionByValue(findTestObject("Object Repository/RAD_Pages/SAU_MDForm202_BeforeJuly2021_Page/select_SelectAlabamaAlaskaArizonaArkansasCa_90914a"), "MD", true): All options with value 'MD' are selected in object 'Object Repository/RAD_Pages/SAU_MDForm202_BeforeJuly2021_Page/select_SelectAlabamaAlaskaArizonaArkansasCa_90914a'  using regular expression

2021-11-19 12:24:36 - [MESSAGE][PASSED] - All options with value 'MD' are selected in object 'Object Repository/RAD_Pages/SAU_MDForm202_BeforeJuly2021_Page/select_SelectAlabamaAlaskaArizonaArkansasCa_90914a'  using regular expression

2021-11-19 12:24:36 - [TEST_STEP][PASSED] - setText(findTestObject("Object Repository/RAD_Pages/SAU_MDForm202_BeforeJuly2021_Page/input_Select a state_zipCode"), "21093"): Text '21093' is set on object 'Object Repository/RAD_Pages/SAU_MDForm202_BeforeJuly2021_Page/input_Select a state_zipCode'

2021-11-19 12:24:37 - [MESSAGE][PASSED] - Text '21093' is set on object 'Object Repository/RAD_Pages/SAU_MDForm202_BeforeJuly2021_Page/input_Select a state_zipCode'

2021-11-19 12:24:37 - [TEST_STEP][PASSED] - setText(findTestObject("Object Repository/RAD_Pages/SAU_MDForm202_BeforeJuly2021_Page/input_Enter ZIP code_phoneNumber"), "(703) 894-5000"): Text '(703) 894-5000' is set on object 'Object Repository/RAD_Pages/SAU_MDForm202_BeforeJuly2021_Page/input_Enter ZIP code_phoneNumber'

2021-11-19 12:24:38 - [MESSAGE][PASSED] - Text '(703) 894-5000' is set on object 'Object Repository/RAD_Pages/SAU_MDForm202_BeforeJuly2021_Page/input_Enter ZIP code_phoneNumber'

2021-11-19 12:24:38 - [TEST_STEP][PASSED] - setText(findTestObject("Object Repository/RAD_Pages/SAU_MDForm202_BeforeJuly2021_Page/input_Enter a phone number_eMailAddress"), "iahmed@govolution.com"): Text 'iahmed@govolution.com' is set on object 'Object Repository/RAD_Pages/SAU_MDForm202_BeforeJuly2021_Page/input_Enter a phone number_eMailAddress'

2021-11-19 12:24:39 - [MESSAGE][PASSED] - Text 'iahmed@govolution.com' is set on object 'Object Repository/RAD_Pages/SAU_MDForm202_BeforeJuly2021_Page/input_Enter a phone number_eMailAddress'

2021-11-19 12:24:39 - [TEST_STEP][PASSED] - setText(findTestObject("Object Repository/RAD_Pages/SAU_MDForm202_BeforeJuly2021_Page/input_Enter Email_reEnterEMailAddress"), "iahmed@govolution.com"): Text 'iahmed@govolution.com' is set on object 'Object Repository/RAD_Pages/SAU_MDForm202_BeforeJuly2021_Page/input_Enter Email_reEnterEMailAddress'

2021-11-19 12:24:39 - [MESSAGE][PASSED] - Text 'iahmed@govolution.com' is set on object 'Object Repository/RAD_Pages/SAU_MDForm202_BeforeJuly2021_Page/input_Enter Email_reEnterEMailAddress'

2021-11-19 12:24:39 - [TEST_STEP][PASSED] - setEncryptedText(findTestObject("Object Repository/RAD_Pages/TaxInfo_Page/input_FederalEIN"), "0fDtEjy4ijeV75Gl5M+mSg=="): Text ****** has been set on object 'Object Repository/RAD_Pages/TaxInfo_Page/input_FederalEIN'

2021-11-19 12:25:11 - [MESSAGE][INFO] - Unable to find the element located by 'By.xpath: //*[@id = 'data' and @name = 'Data' and @type = 'password' and @placeholder = 'Federal EIN']'. Please recheck the objects properties to make sure the desired element is located. 

2021-11-19 12:25:11 - [MESSAGE][WARNING] - [SELF-HEALING] Failed to find element with id 'Object Repository/RAD_Pages/TaxInfo_Page/input_FederalEIN'. Try using Self-healing.

2021-11-19 12:25:11 - [MESSAGE][WARNING] - [SELF-HEALING] The current locator of test object 'Object Repository/RAD_Pages/TaxInfo_Page/input_FederalEIN' was broken. Propose an alternative one: '#data'.

2021-11-19 12:25:11 - [MESSAGE][PASSED] - Text ****** has been set on object 'Object Repository/RAD_Pages/TaxInfo_Page/input_FederalEIN'

2021-11-19 12:25:11 - [TEST_STEP][PASSED] - setEncryptedText(findTestObject("Object Repository/RAD_Pages/TaxInfo_Page/input_FederalEIN_ReEnter"), "0fDtEjy4ijeV75Gl5M+mSg=="): Text ****** has been set on object 'Object Repository/RAD_Pages/TaxInfo_Page/input_FederalEIN_ReEnter'

2021-11-19 12:25:42 - [MESSAGE][INFO] - Unable to find the element located by 'By.xpath: //*[@id = 'data' and @name = 'Data' and @type = 'password' and @placeholder = 'Re-Type Federal EIN']'. Please recheck the objects properties to make sure the desired element is located. 

2021-11-19 12:25:42 - [MESSAGE][WARNING] - [SELF-HEALING] Failed to find element with id 'Object Repository/RAD_Pages/TaxInfo_Page/input_FederalEIN_ReEnter'. Try using Self-healing.

2021-11-19 12:25:42 - [MESSAGE][WARNING] - [SELF-HEALING] The current locator of test object 'Object Repository/RAD_Pages/TaxInfo_Page/input_FederalEIN_ReEnter' was broken. Propose an alternative one: '//input[@id='data']'.

2021-11-19 12:25:43 - [MESSAGE][PASSED] - Text ****** has been set on object 'Object Repository/RAD_Pages/TaxInfo_Page/input_FederalEIN_ReEnter'

2021-11-19 12:25:43 - [TEST_STEP][PASSED] - setText(findTestObject("Object Repository/RAD_Pages/TaxInfo_Page/input_MDCRegistration"), "07640126"): Text '07640126' is set on object 'Object Repository/RAD_Pages/TaxInfo_Page/input_MDCRegistration'

2021-11-19 12:25:43 - [MESSAGE][PASSED] - Text '07640126' is set on object 'Object Repository/RAD_Pages/TaxInfo_Page/input_MDCRegistration'

2021-11-19 12:25:43 - [TEST_STEP][PASSED] - setText(findTestObject("Object Repository/RAD_Pages/SAU_MDForm202_BeforeJuly2021_Page/input__GrossSales1"), "3000.00"): Text '3000.00' is set on object 'Object Repository/RAD_Pages/SAU_MDForm202_BeforeJuly2021_Page/input__GrossSales1'

2021-11-19 12:25:44 - [MESSAGE][PASSED] - Text '3000.00' is set on object 'Object Repository/RAD_Pages/SAU_MDForm202_BeforeJuly2021_Page/input__GrossSales1'

2021-11-19 12:25:44 - [TEST_STEP][PASSED] - click(findTestObject("Object Repository/RAD_Pages/SalesTaxReturnInfo_Page/input_OutOfStateVendor")): Object: 'Object Repository/RAD_Pages/SalesTaxReturnInfo_Page/input_OutOfStateVendor' is clicked on

2021-11-19 12:25:45 - [MESSAGE][PASSED] - Object: 'Object Repository/RAD_Pages/SalesTaxReturnInfo_Page/input_OutOfStateVendor' is clicked on

2021-11-19 12:25:45 - [TEST_STEP][PASSED] - setText(findTestObject("Object Repository/RAD_Pages/SAU_MDForm202_BeforeJuly2021_Page/input__GrossSales1"), "3000.00"): Text '3000.00' is set on object 'Object Repository/RAD_Pages/SAU_MDForm202_BeforeJuly2021_Page/input__GrossSales1'

2021-11-19 12:25:45 - [MESSAGE][PASSED] - Text '3000.00' is set on object 'Object Repository/RAD_Pages/SAU_MDForm202_BeforeJuly2021_Page/input__GrossSales1'

2021-11-19 12:25:45 - [TEST_STEP][PASSED] - setText(findTestObject("Object Repository/RAD_Pages/SAU_MDForm202_BeforeJuly2021_Page/input__TaxableSales1"), "100.00"): Text '100.00' is set on object 'Object Repository/RAD_Pages/SAU_MDForm202_BeforeJuly2021_Page/input__TaxableSales1'

2021-11-19 12:25:46 - [MESSAGE][PASSED] - Text '100.00' is set on object 'Object Repository/RAD_Pages/SAU_MDForm202_BeforeJuly2021_Page/input__TaxableSales1'

2021-11-19 12:25:46 - [TEST_STEP][PASSED] - setText(findTestObject("Object Repository/RAD_Pages/SAU_MDForm202_BeforeJuly2021_Page/input__CarRental1"), "100.00"): Text '100.00' is set on object 'Object Repository/RAD_Pages/SAU_MDForm202_BeforeJuly2021_Page/input__CarRental1'

2021-11-19 12:25:47 - [MESSAGE][PASSED] - Text '100.00' is set on object 'Object Repository/RAD_Pages/SAU_MDForm202_BeforeJuly2021_Page/input__CarRental1'

2021-11-19 12:25:47 - [TEST_STEP][PASSED] - setText(findTestObject("Object Repository/RAD_Pages/SAU_MDForm202_BeforeJuly2021_Page/input__TruckRental1"), "100.00"): Text '100.00' is set on object 'Object Repository/RAD_Pages/SAU_MDForm202_BeforeJuly2021_Page/input__TruckRental1'

2021-11-19 12:25:47 - [MESSAGE][PASSED] - Text '100.00' is set on object 'Object Repository/RAD_Pages/SAU_MDForm202_BeforeJuly2021_Page/input__TruckRental1'

2021-11-19 12:25:47 - [TEST_STEP][PASSED] - setText(findTestObject("Object Repository/RAD_Pages/SAU_MDForm202_BeforeJuly2021_Page/input__AlcoholSales1"), "100.00"): Text '100.00' is set on object 'Object Repository/RAD_Pages/SAU_MDForm202_BeforeJuly2021_Page/input__AlcoholSales1'

2021-11-19 12:25:48 - [MESSAGE][PASSED] - Text '100.00' is set on object 'Object Repository/RAD_Pages/SAU_MDForm202_BeforeJuly2021_Page/input__AlcoholSales1'

2021-11-19 12:25:48 - [TEST_STEP][PASSED] - setText(findTestObject("Object Repository/RAD_Pages/SAU_MDForm202_BeforeJuly2021_Page/input__Purchases1"), "100.00"): Text '100.00' is set on object 'Object Repository/RAD_Pages/SAU_MDForm202_BeforeJuly2021_Page/input__Purchases1'

2021-11-19 12:25:49 - [MESSAGE][PASSED] - Text '100.00' is set on object 'Object Repository/RAD_Pages/SAU_MDForm202_BeforeJuly2021_Page/input__Purchases1'

2021-11-19 12:25:49 - [TEST_STEP][PASSED] - setText(findTestObject("Object Repository/RAD_Pages/SAU_MDForm202_BeforeJuly2021_Page/input__AlcoholPurchases1"), "100.00"): Text '100.00' is set on object 'Object Repository/RAD_Pages/SAU_MDForm202_BeforeJuly2021_Page/input__AlcoholPurchases1'

2021-11-19 12:25:50 - [MESSAGE][PASSED] - Text '100.00' is set on object 'Object Repository/RAD_Pages/SAU_MDForm202_BeforeJuly2021_Page/input__AlcoholPurchases1'

2021-11-19 12:25:50 - [TEST_STEP][PASSED] - setText(findTestObject("Object Repository/RAD_Pages/SAU_MDForm202_BeforeJuly2021_Page/input__Refund1"), "100.00"): Text '100.00' is set on object 'Object Repository/RAD_Pages/SAU_MDForm202_BeforeJuly2021_Page/input__Refund1'

2021-11-19 12:25:50 - [MESSAGE][PASSED] - Text '100.00' is set on object 'Object Repository/RAD_Pages/SAU_MDForm202_BeforeJuly2021_Page/input__Refund1'

2021-11-19 12:25:50 - [TEST_STEP][PASSED] - setText(findTestObject("Object Repository/RAD_Pages/SAU_MDForm202_BeforeJuly2021_Page/input__PenaltyInterest1"), "100.00"): Text '100.00' is set on object 'Object Repository/RAD_Pages/SAU_MDForm202_BeforeJuly2021_Page/input__PenaltyInterest1'

2021-11-19 12:25:51 - [MESSAGE][PASSED] - Text '100.00' is set on object 'Object Repository/RAD_Pages/SAU_MDForm202_BeforeJuly2021_Page/input__PenaltyInterest1'

2021-11-19 12:25:51 - [TEST_STEP][PASSED] - setText(findTestObject("Object Repository/RAD_Pages/SAU_MDForm202_BeforeJuly2021_Page/input__E911Fee1"), "25.00"): Text '25.00' is set on object 'Object Repository/RAD_Pages/SAU_MDForm202_BeforeJuly2021_Page/input__E911Fee1'

2021-11-19 12:25:52 - [MESSAGE][PASSED] - Text '25.00' is set on object 'Object Repository/RAD_Pages/SAU_MDForm202_BeforeJuly2021_Page/input__E911Fee1'

2021-11-19 12:25:52 - [TEST_STEP][PASSED] - scrollToElement(findTestObject("Object Repository/RAD_Pages/SAU_MDForm202_Page/button_Continue"), 3): Scroll to object 'Object Repository/RAD_Pages/SAU_MDForm202_Page/button_Continue' successfully

2021-11-19 12:25:52 - [MESSAGE][PASSED] - Scroll to object 'Object Repository/RAD_Pages/SAU_MDForm202_Page/button_Continue' successfully

2021-11-19 12:25:52 - [TEST_STEP][PASSED] - waitForElementClickable(findTestObject("Object Repository/RAD_Pages/SAU_MDForm202_Page/button_Continue"), 5): Object 'Object Repository/RAD_Pages/SAU_MDForm202_Page/button_Continue' is clickable

2021-11-19 12:25:53 - [MESSAGE][PASSED] - Object 'Object Repository/RAD_Pages/SAU_MDForm202_Page/button_Continue' is clickable

2021-11-19 12:25:53 - [TEST_STEP][PASSED] - click(findTestObject("Object Repository/RAD_Pages/SAU_MDForm202_Page/button_Continue")): Object: 'Object Repository/RAD_Pages/SAU_MDForm202_Page/button_Continue' is clicked on

2021-11-19 12:25:53 - [MESSAGE][PASSED] - Object: 'Object Repository/RAD_Pages/SAU_MDForm202_Page/button_Continue' is clicked on

2021-11-19 12:25:53 - [TEST_STEP][PASSED] - click(findTestObject("Object Repository/RAD_Pages/SAU_MDForm202_Page/button_Proceed to Payment")): Object: 'Object Repository/RAD_Pages/SAU_MDForm202_Page/button_Proceed to Payment' is clicked on

2021-11-19 12:25:57 - [MESSAGE][PASSED] - Object: 'Object Repository/RAD_Pages/SAU_MDForm202_Page/button_Proceed to Payment' is clicked on

2021-11-19 12:25:57 - [TEST_STEP][PASSED] - setText(findTestObject("Object Repository/RAD_Pages/SAU_MDForm202_BeforeJuly2021_Page/input__cardNumber"), "4111111111111111"): Text '4111111111111111' is set on object 'Object Repository/RAD_Pages/SAU_MDForm202_BeforeJuly2021_Page/input__cardNumber'

2021-11-19 12:25:58 - [MESSAGE][PASSED] - Text '4111111111111111' is set on object 'Object Repository/RAD_Pages/SAU_MDForm202_BeforeJuly2021_Page/input__cardNumber'

2021-11-19 12:25:58 - [TEST_STEP][PASSED] - setText(findTestObject("Object Repository/RAD_Pages/SAU_MDForm202_BeforeJuly2021_Page/input__spc"), "123"): Text '123' is set on object 'Object Repository/RAD_Pages/SAU_MDForm202_BeforeJuly2021_Page/input__spc'

2021-11-19 12:25:58 - [MESSAGE][PASSED] - Text '123' is set on object 'Object Repository/RAD_Pages/SAU_MDForm202_BeforeJuly2021_Page/input__spc'

2021-11-19 12:25:58 - [TEST_STEP][PASSED] - selectOptionByValue(findTestObject("Object Repository/RAD_Pages/SAU_MDForm202_BeforeJuly2021_Page/select_MM010203040506070809101112"), "3", true): All options with value '3' are selected in object 'Object Repository/RAD_Pages/SAU_MDForm202_BeforeJuly2021_Page/select_MM010203040506070809101112'  using regular expression

2021-11-19 12:25:59 - [MESSAGE][PASSED] - All options with value '3' are selected in object 'Object Repository/RAD_Pages/SAU_MDForm202_BeforeJuly2021_Page/select_MM010203040506070809101112'  using regular expression

2021-11-19 12:25:59 - [TEST_STEP][PASSED] - selectOptionByValue(findTestObject("Object Repository/RAD_Pages/SAU_MDForm202_BeforeJuly2021_Page/select_YYYY20212022202320242025202620272028_8c4dd4"), "2026", true): All options with value '2026' are selected in object 'Object Repository/RAD_Pages/SAU_MDForm202_BeforeJuly2021_Page/select_YYYY20212022202320242025202620272028_8c4dd4'  using regular expression

2021-11-19 12:26:00 - [MESSAGE][PASSED] - All options with value '2026' are selected in object 'Object Repository/RAD_Pages/SAU_MDForm202_BeforeJuly2021_Page/select_YYYY20212022202320242025202620272028_8c4dd4'  using regular expression

2021-11-19 12:26:00 - [TEST_STEP][PASSED] - click(findTestObject("Object Repository/RAD_Pages/SAU_MDForm202_BeforeJuly2021_Page/input_BillInvoice Details_ccSubmit")): Object: 'Object Repository/RAD_Pages/SAU_MDForm202_BeforeJuly2021_Page/input_BillInvoice Details_ccSubmit' is clicked on

2021-11-19 12:26:02 - [MESSAGE][PASSED] - Object: 'Object Repository/RAD_Pages/SAU_MDForm202_BeforeJuly2021_Page/input_BillInvoice Details_ccSubmit' is clicked on

2021-11-19 12:26:02 - [TEST_STEP][PASSED] - click(findTestObject("Object Repository/RAD_Pages/SAU_MDForm202_BeforeJuly2021_Page/input_163.50_confirmNotifyAction")): Object: 'Object Repository/RAD_Pages/SAU_MDForm202_BeforeJuly2021_Page/input_163.50_confirmNotifyAction' is clicked on

2021-11-19 12:26:03 - [MESSAGE][PASSED] - Object: 'Object Repository/RAD_Pages/SAU_MDForm202_BeforeJuly2021_Page/input_163.50_confirmNotifyAction' is clicked on

2021-11-19 12:26:03 - [TEST_STEP][PASSED] - click(findTestObject("Object Repository/RAD_Pages/SAU_MDForm202_BeforeJuly2021_Page/input_167.51_convFeeNotifyAction")): Object: 'Object Repository/RAD_Pages/SAU_MDForm202_BeforeJuly2021_Page/input_167.51_convFeeNotifyAction' is clicked on

2021-11-19 12:26:05 - [MESSAGE][PASSED] - Object: 'Object Repository/RAD_Pages/SAU_MDForm202_BeforeJuly2021_Page/input_167.51_convFeeNotifyAction' is clicked on

2021-11-19 12:26:05 - [TEST_STEP][PASSED] - delay(10): Delayed 10 second(s)

2021-11-19 12:26:15 - [MESSAGE][PASSED] - Delayed 10 second(s)

2021-11-19 12:26:15 - [TEST_STEP][PASSED] - verifyTextPresent("Successful Payment Receipt", true): Text 'Successful Payment Receipt' is present on page  using regular expression

2021-11-19 12:26:15 - [MESSAGE][PASSED] - Text 'Successful Payment Receipt' is present on page  using regular expression

2021-11-19 12:26:15 - [TEST_STEP][PASSED] - closeBrowser(): Browser is closed

2021-11-19 12:26:16 - [MESSAGE][PASSED] - Browser is closed]]></system-out>
         <system-err><![CDATA[]]></system-err>
      </testcase>
      <testcase name="Test Cases/RAD_TestCases/PaymentsHardCoded/SAU_MDForm202_AfterJuly2021_OutOfStateVendor_HC_TC" time="180.064" classname="Test Cases/RAD_TestCases/PaymentsHardCoded/SAU_MDForm202_AfterJuly2021_OutOfStateVendor_HC_TC" status="PASSED">
         <system-out><![CDATA[2021-11-19 12:26:16 - [TEST_CASE][PASSED] - Test Cases/RAD_TestCases/PaymentsHardCoded/SAU_MDForm202_AfterJuly2021_OutOfStateVendor_HC_TC: Test Cases/RAD_TestCases/PaymentsHardCoded/SAU_MDForm202_AfterJuly2021_OutOfStateVendor_HC_TC

2021-11-19 12:26:16 - [TEST_STEP][PASSED] - openBrowser(""): Browser is opened with url: ''

2021-11-19 12:26:16 - [MESSAGE][INFO] - Starting 'Chrome' driver

2021-11-19 12:26:16 - [MESSAGE][INFO] - User set preference: ['acceptInsecureCerts', 'true']

2021-11-19 12:26:16 - [MESSAGE][INFO] - Action delay is set to 0 milliseconds

2021-11-19 12:26:18 - [MESSAGE][PASSED] - Browser is opened with url: ''

2021-11-19 12:26:18 - [TEST_STEP][PASSED] - navigateToUrl("https://qa.velocitypayment.com/client/rad/index.html"): Navigate to 'https://qa.velocitypayment.com/client/rad/index.html' successfully

2021-11-19 12:26:20 - [MESSAGE][PASSED] - Navigate to 'https://qa.velocitypayment.com/client/rad/index.html' successfully

2021-11-19 12:26:20 - [TEST_STEP][PASSED] - selectOptionByValue(findTestObject("Object Repository/RAD_Pages/SAU_MDForm202_Page/select_Select    Estimated Tax    Personal _7587a1"), "5", true): All options with value '5' are selected in object 'Object Repository/RAD_Pages/SAU_MDForm202_Page/select_Select    Estimated Tax    Personal _7587a1'  using regular expression

2021-11-19 12:26:21 - [MESSAGE][PASSED] - All options with value '5' are selected in object 'Object Repository/RAD_Pages/SAU_MDForm202_Page/select_Select    Estimated Tax    Personal _7587a1'  using regular expression

2021-11-19 12:26:21 - [TEST_STEP][PASSED] - selectOptionByValue(findTestObject("Object Repository/RAD_Pages/SAU_MDForm202_Page/select_Select202220212020"), "2021", true): All options with value '2021' are selected in object 'Object Repository/RAD_Pages/SAU_MDForm202_Page/select_Select202220212020'  using regular expression

2021-11-19 12:26:52 - [MESSAGE][INFO] - Unable to find the element located by 'By.xpath: //*[@id = 'taxYear' and @name = 'taxYear' and (text() = 'Select202220212020' or . = 'Select202220212020')]'. Please recheck the objects properties to make sure the desired element is located. 

2021-11-19 12:26:52 - [MESSAGE][WARNING] - [SELF-HEALING] Failed to find element with id 'Object Repository/RAD_Pages/SAU_MDForm202_Page/select_Select202220212020'. Try using Self-healing.

2021-11-19 12:26:52 - [MESSAGE][WARNING] - [SELF-HEALING] The current locator of test object 'Object Repository/RAD_Pages/SAU_MDForm202_Page/select_Select202220212020' was broken. Propose an alternative one: '//select[@id='taxYear']'.

2021-11-19 12:26:53 - [MESSAGE][PASSED] - All options with value '2021' are selected in object 'Object Repository/RAD_Pages/SAU_MDForm202_Page/select_Select202220212020'  using regular expression

2021-11-19 12:26:53 - [TEST_STEP][PASSED] - selectOptionByValue(findTestObject("Object Repository/RAD_Pages/SAU_MDForm202_Page/select_MonthJanuaryFebruaryMarchAprilMayJun_aa9ebb"), "07", true): All options with value '07' are selected in object 'Object Repository/RAD_Pages/SAU_MDForm202_Page/select_MonthJanuaryFebruaryMarchAprilMayJun_aa9ebb'  using regular expression

2021-11-19 12:27:24 - [MESSAGE][INFO] - Unable to find the element located by 'By.xpath: //*[@id = 'salesUseMonth' and @name = 'salesUseMonth' and (text() = '
										    Month
											January
											February
											March
											April
											May
											June
											July
											August
											September
											October
											November
											December
										  ' or . = '
										    Month
											January
											February
											March
											April
											May
											June
											July
											August
											September
											October
											November
											December
										  ')]'. Please recheck the objects properties to make sure the desired element is located. 

2021-11-19 12:27:24 - [MESSAGE][WARNING] - [SELF-HEALING] Failed to find element with id 'Object Repository/RAD_Pages/SAU_MDForm202_Page/select_MonthJanuaryFebruaryMarchAprilMayJun_aa9ebb'. Try using Self-healing.

2021-11-19 12:27:25 - [MESSAGE][WARNING] - [SELF-HEALING] The current locator of test object 'Object Repository/RAD_Pages/SAU_MDForm202_Page/select_MonthJanuaryFebruaryMarchAprilMayJun_aa9ebb' was broken. Propose an alternative one: '//select[@id='salesUseMonth']'.

2021-11-19 12:27:25 - [MESSAGE][PASSED] - All options with value '07' are selected in object 'Object Repository/RAD_Pages/SAU_MDForm202_Page/select_MonthJanuaryFebruaryMarchAprilMayJun_aa9ebb'  using regular expression

2021-11-19 12:27:25 - [TEST_STEP][PASSED] - setText(findTestObject("Object Repository/RAD_Pages/SAU_MDForm202_Page/input_Note_businessName"), "My Business"): Text 'My Business' is set on object 'Object Repository/RAD_Pages/SAU_MDForm202_Page/input_Note_businessName'

2021-11-19 12:27:26 - [MESSAGE][PASSED] - Text 'My Business' is set on object 'Object Repository/RAD_Pages/SAU_MDForm202_Page/input_Note_businessName'

2021-11-19 12:27:26 - [TEST_STEP][PASSED] - setText(findTestObject("Object Repository/RAD_Pages/SAU_MDForm202_Page/input_Enter business name_firstName"), "Imtiaz"): Text 'Imtiaz' is set on object 'Object Repository/RAD_Pages/SAU_MDForm202_Page/input_Enter business name_firstName'

2021-11-19 12:27:27 - [MESSAGE][PASSED] - Text 'Imtiaz' is set on object 'Object Repository/RAD_Pages/SAU_MDForm202_Page/input_Enter business name_firstName'

2021-11-19 12:27:27 - [TEST_STEP][PASSED] - setText(findTestObject("Object Repository/RAD_Pages/SAU_MDForm202_Page/input_Enter first name_middleName"), "John"): Text 'John' is set on object 'Object Repository/RAD_Pages/SAU_MDForm202_Page/input_Enter first name_middleName'

2021-11-19 12:27:28 - [MESSAGE][PASSED] - Text 'John' is set on object 'Object Repository/RAD_Pages/SAU_MDForm202_Page/input_Enter first name_middleName'

2021-11-19 12:27:28 - [TEST_STEP][PASSED] - setText(findTestObject("Object Repository/RAD_Pages/SAU_MDForm202_Page/input_Middle Name_lastName"), "Ahmed"): Text 'Ahmed' is set on object 'Object Repository/RAD_Pages/SAU_MDForm202_Page/input_Middle Name_lastName'

2021-11-19 12:27:28 - [MESSAGE][PASSED] - Text 'Ahmed' is set on object 'Object Repository/RAD_Pages/SAU_MDForm202_Page/input_Middle Name_lastName'

2021-11-19 12:27:28 - [TEST_STEP][PASSED] - setText(findTestObject("Object Repository/RAD_Pages/SAU_MDForm202_Page/input_Enter last name_suffix"), "Mr"): Text 'Mr' is set on object 'Object Repository/RAD_Pages/SAU_MDForm202_Page/input_Enter last name_suffix'

2021-11-19 12:27:29 - [MESSAGE][PASSED] - Text 'Mr' is set on object 'Object Repository/RAD_Pages/SAU_MDForm202_Page/input_Enter last name_suffix'

2021-11-19 12:27:29 - [TEST_STEP][PASSED] - setText(findTestObject("Object Repository/RAD_Pages/SAU_MDForm202_Page/input_Select a country_streetAddress1"), "2311 york road"): Text '2311 york road' is set on object 'Object Repository/RAD_Pages/SAU_MDForm202_Page/input_Select a country_streetAddress1'

2021-11-19 12:27:30 - [MESSAGE][PASSED] - Text '2311 york road' is set on object 'Object Repository/RAD_Pages/SAU_MDForm202_Page/input_Select a country_streetAddress1'

2021-11-19 12:27:30 - [TEST_STEP][PASSED] - setText(findTestObject("Object Repository/RAD_Pages/SAU_MDForm202_Page/input_Enter address_streetAddress2"), "Suite 600"): Text 'Suite 600' is set on object 'Object Repository/RAD_Pages/SAU_MDForm202_Page/input_Enter address_streetAddress2'

2021-11-19 12:27:31 - [MESSAGE][PASSED] - Text 'Suite 600' is set on object 'Object Repository/RAD_Pages/SAU_MDForm202_Page/input_Enter address_streetAddress2'

2021-11-19 12:27:31 - [TEST_STEP][PASSED] - setText(findTestObject("Object Repository/RAD_Pages/SAU_MDForm202_Page/input_Street Address 2_city"), "Gambrills"): Text 'Gambrills' is set on object 'Object Repository/RAD_Pages/SAU_MDForm202_Page/input_Street Address 2_city'

2021-11-19 12:27:31 - [MESSAGE][PASSED] - Text 'Gambrills' is set on object 'Object Repository/RAD_Pages/SAU_MDForm202_Page/input_Street Address 2_city'

2021-11-19 12:27:31 - [TEST_STEP][PASSED] - selectOptionByValue(findTestObject("Object Repository/RAD_Pages/SAU_MDForm202_Page/select_SelectAlabamaAlaskaArizonaArkansasCa_90914a"), "MD", true): All options with value 'MD' are selected in object 'Object Repository/RAD_Pages/SAU_MDForm202_Page/select_SelectAlabamaAlaskaArizonaArkansasCa_90914a'  using regular expression

2021-11-19 12:27:33 - [MESSAGE][PASSED] - All options with value 'MD' are selected in object 'Object Repository/RAD_Pages/SAU_MDForm202_Page/select_SelectAlabamaAlaskaArizonaArkansasCa_90914a'  using regular expression

2021-11-19 12:27:33 - [TEST_STEP][PASSED] - setText(findTestObject("Object Repository/RAD_Pages/SAU_MDForm202_Page/input_Select a state_zipCode"), "21054"): Text '21054' is set on object 'Object Repository/RAD_Pages/SAU_MDForm202_Page/input_Select a state_zipCode'

2021-11-19 12:27:34 - [MESSAGE][PASSED] - Text '21054' is set on object 'Object Repository/RAD_Pages/SAU_MDForm202_Page/input_Select a state_zipCode'

2021-11-19 12:27:34 - [TEST_STEP][PASSED] - setText(findTestObject("Object Repository/RAD_Pages/SAU_MDForm202_Page/input_Enter ZIP code_phoneNumber"), "(703) 894-5000"): Text '(703) 894-5000' is set on object 'Object Repository/RAD_Pages/SAU_MDForm202_Page/input_Enter ZIP code_phoneNumber'

2021-11-19 12:27:34 - [MESSAGE][PASSED] - Text '(703) 894-5000' is set on object 'Object Repository/RAD_Pages/SAU_MDForm202_Page/input_Enter ZIP code_phoneNumber'

2021-11-19 12:27:34 - [TEST_STEP][PASSED] - setText(findTestObject("Object Repository/RAD_Pages/SAU_MDForm202_Page/input_Enter a phone number_eMailAddress"), "iahmed@govolution.com"): Text 'iahmed@govolution.com' is set on object 'Object Repository/RAD_Pages/SAU_MDForm202_Page/input_Enter a phone number_eMailAddress'

2021-11-19 12:27:35 - [MESSAGE][PASSED] - Text 'iahmed@govolution.com' is set on object 'Object Repository/RAD_Pages/SAU_MDForm202_Page/input_Enter a phone number_eMailAddress'

2021-11-19 12:27:35 - [TEST_STEP][PASSED] - setText(findTestObject("Object Repository/RAD_Pages/SAU_MDForm202_Page/input_Enter Email_reEnterEMailAddress"), "iahmed@govolution.com"): Text 'iahmed@govolution.com' is set on object 'Object Repository/RAD_Pages/SAU_MDForm202_Page/input_Enter Email_reEnterEMailAddress'

2021-11-19 12:27:36 - [MESSAGE][PASSED] - Text 'iahmed@govolution.com' is set on object 'Object Repository/RAD_Pages/SAU_MDForm202_Page/input_Enter Email_reEnterEMailAddress'

2021-11-19 12:27:36 - [TEST_STEP][PASSED] - setEncryptedText(findTestObject("Object Repository/RAD_Pages/TaxInfo_Page/input_FederalEIN"), "0fDtEjy4ijeV75Gl5M+mSg=="): Text ****** has been set on object 'Object Repository/RAD_Pages/TaxInfo_Page/input_FederalEIN'

2021-11-19 12:28:08 - [MESSAGE][INFO] - Unable to find the element located by 'By.xpath: //*[@id = 'data' and @name = 'Data' and @type = 'password' and @placeholder = 'Federal EIN']'. Please recheck the objects properties to make sure the desired element is located. 

2021-11-19 12:28:08 - [MESSAGE][WARNING] - [SELF-HEALING] Failed to find element with id 'Object Repository/RAD_Pages/TaxInfo_Page/input_FederalEIN'. Try using Self-healing.

2021-11-19 12:28:08 - [MESSAGE][WARNING] - [SELF-HEALING] The current locator of test object 'Object Repository/RAD_Pages/TaxInfo_Page/input_FederalEIN' was broken. Propose an alternative one: '#data'.

2021-11-19 12:28:08 - [MESSAGE][PASSED] - Text ****** has been set on object 'Object Repository/RAD_Pages/TaxInfo_Page/input_FederalEIN'

2021-11-19 12:28:08 - [TEST_STEP][PASSED] - setEncryptedText(findTestObject("Object Repository/RAD_Pages/TaxInfo_Page/input_FederalEIN_ReEnter"), "0fDtEjy4ijeV75Gl5M+mSg=="): Text ****** has been set on object 'Object Repository/RAD_Pages/TaxInfo_Page/input_FederalEIN_ReEnter'

2021-11-19 12:28:39 - [MESSAGE][INFO] - Unable to find the element located by 'By.xpath: //*[@id = 'data' and @name = 'Data' and @type = 'password' and @placeholder = 'Re-Type Federal EIN']'. Please recheck the objects properties to make sure the desired element is located. 

2021-11-19 12:28:39 - [MESSAGE][WARNING] - [SELF-HEALING] Failed to find element with id 'Object Repository/RAD_Pages/TaxInfo_Page/input_FederalEIN_ReEnter'. Try using Self-healing.

2021-11-19 12:28:39 - [MESSAGE][WARNING] - [SELF-HEALING] The current locator of test object 'Object Repository/RAD_Pages/TaxInfo_Page/input_FederalEIN_ReEnter' was broken. Propose an alternative one: '//input[@id='data']'.

2021-11-19 12:28:39 - [MESSAGE][PASSED] - Text ****** has been set on object 'Object Repository/RAD_Pages/TaxInfo_Page/input_FederalEIN_ReEnter'

2021-11-19 12:28:39 - [TEST_STEP][PASSED] - setText(findTestObject("Object Repository/RAD_Pages/TaxInfo_Page/input_MDCRegistration"), "07640126"): Text '07640126' is set on object 'Object Repository/RAD_Pages/TaxInfo_Page/input_MDCRegistration'

2021-11-19 12:28:40 - [MESSAGE][PASSED] - Text '07640126' is set on object 'Object Repository/RAD_Pages/TaxInfo_Page/input_MDCRegistration'

2021-11-19 12:28:40 - [TEST_STEP][PASSED] - setText(findTestObject("Object Repository/RAD_Pages/SAU_MDForm202_Page/input__GrossSales2"), "2000.00"): Text '2000.00' is set on object 'Object Repository/RAD_Pages/SAU_MDForm202_Page/input__GrossSales2'

2021-11-19 12:28:41 - [MESSAGE][PASSED] - Text '2000.00' is set on object 'Object Repository/RAD_Pages/SAU_MDForm202_Page/input__GrossSales2'

2021-11-19 12:28:41 - [TEST_STEP][PASSED] - click(findTestObject("Object Repository/RAD_Pages/SalesTaxReturnInfo_Page/input_OutOfStateVendor")): Object: 'Object Repository/RAD_Pages/SalesTaxReturnInfo_Page/input_OutOfStateVendor' is clicked on

2021-11-19 12:28:41 - [MESSAGE][PASSED] - Object: 'Object Repository/RAD_Pages/SalesTaxReturnInfo_Page/input_OutOfStateVendor' is clicked on

2021-11-19 12:28:41 - [TEST_STEP][PASSED] - setText(findTestObject("Object Repository/RAD_Pages/SAU_MDForm202_Page/input__GrossSales2"), "2000.00"): Text '2000.00' is set on object 'Object Repository/RAD_Pages/SAU_MDForm202_Page/input__GrossSales2'

2021-11-19 12:28:42 - [MESSAGE][PASSED] - Text '2000.00' is set on object 'Object Repository/RAD_Pages/SAU_MDForm202_Page/input__GrossSales2'

2021-11-19 12:28:42 - [TEST_STEP][PASSED] - setText(findTestObject("Object Repository/RAD_Pages/SAU_MDForm202_Page/input__TaxableSales2"), "100.00"): Text '100.00' is set on object 'Object Repository/RAD_Pages/SAU_MDForm202_Page/input__TaxableSales2'

2021-11-19 12:28:43 - [MESSAGE][PASSED] - Text '100.00' is set on object 'Object Repository/RAD_Pages/SAU_MDForm202_Page/input__TaxableSales2'

2021-11-19 12:28:43 - [TEST_STEP][PASSED] - setText(findTestObject("Object Repository/RAD_Pages/SAU_MDForm202_Page/input__TaxableSalesESD2"), "100.00"): Text '100.00' is set on object 'Object Repository/RAD_Pages/SAU_MDForm202_Page/input__TaxableSalesESD2'

2021-11-19 12:28:44 - [MESSAGE][PASSED] - Text '100.00' is set on object 'Object Repository/RAD_Pages/SAU_MDForm202_Page/input__TaxableSalesESD2'

2021-11-19 12:28:44 - [TEST_STEP][PASSED] - setText(findTestObject("Object Repository/RAD_Pages/SAU_MDForm202_Page/input__TaxableSalesVapingLiquid2"), "100.00"): Text '100.00' is set on object 'Object Repository/RAD_Pages/SAU_MDForm202_Page/input__TaxableSalesVapingLiquid2'

2021-11-19 12:28:44 - [MESSAGE][PASSED] - Text '100.00' is set on object 'Object Repository/RAD_Pages/SAU_MDForm202_Page/input__TaxableSalesVapingLiquid2'

2021-11-19 12:28:44 - [TEST_STEP][PASSED] - setText(findTestObject("Object Repository/RAD_Pages/SAU_MDForm202_Page/input__CarRental2"), "100.00"): Text '100.00' is set on object 'Object Repository/RAD_Pages/SAU_MDForm202_Page/input__CarRental2'

2021-11-19 12:28:45 - [MESSAGE][PASSED] - Text '100.00' is set on object 'Object Repository/RAD_Pages/SAU_MDForm202_Page/input__CarRental2'

2021-11-19 12:28:45 - [TEST_STEP][PASSED] - setText(findTestObject("Object Repository/RAD_Pages/SAU_MDForm202_Page/input__TruckRental2"), "100.00"): Text '100.00' is set on object 'Object Repository/RAD_Pages/SAU_MDForm202_Page/input__TruckRental2'

2021-11-19 12:28:46 - [MESSAGE][PASSED] - Text '100.00' is set on object 'Object Repository/RAD_Pages/SAU_MDForm202_Page/input__TruckRental2'

2021-11-19 12:28:46 - [TEST_STEP][PASSED] - setText(findTestObject("Object Repository/RAD_Pages/SAU_MDForm202_Page/input__AlcoholSales2"), "100.00"): Text '100.00' is set on object 'Object Repository/RAD_Pages/SAU_MDForm202_Page/input__AlcoholSales2'

2021-11-19 12:28:47 - [MESSAGE][PASSED] - Text '100.00' is set on object 'Object Repository/RAD_Pages/SAU_MDForm202_Page/input__AlcoholSales2'

2021-11-19 12:28:47 - [TEST_STEP][PASSED] - setText(findTestObject("Object Repository/RAD_Pages/SAU_MDForm202_Page/input__Purchases2"), "100.00"): Text '100.00' is set on object 'Object Repository/RAD_Pages/SAU_MDForm202_Page/input__Purchases2'

2021-11-19 12:28:47 - [MESSAGE][PASSED] - Text '100.00' is set on object 'Object Repository/RAD_Pages/SAU_MDForm202_Page/input__Purchases2'

2021-11-19 12:28:47 - [TEST_STEP][PASSED] - setText(findTestObject("Object Repository/RAD_Pages/SAU_MDForm202_Page/input__TruckRentalPurchases2"), "100.00"): Text '100.00' is set on object 'Object Repository/RAD_Pages/SAU_MDForm202_Page/input__TruckRentalPurchases2'

2021-11-19 12:28:48 - [MESSAGE][PASSED] - Text '100.00' is set on object 'Object Repository/RAD_Pages/SAU_MDForm202_Page/input__TruckRentalPurchases2'

2021-11-19 12:28:48 - [TEST_STEP][PASSED] - setText(findTestObject("Object Repository/RAD_Pages/SAU_MDForm202_Page/input__AlcoholPurchases2"), "100.00"): Text '100.00' is set on object 'Object Repository/RAD_Pages/SAU_MDForm202_Page/input__AlcoholPurchases2'

2021-11-19 12:28:49 - [MESSAGE][PASSED] - Text '100.00' is set on object 'Object Repository/RAD_Pages/SAU_MDForm202_Page/input__AlcoholPurchases2'

2021-11-19 12:28:49 - [TEST_STEP][PASSED] - setText(findTestObject("Object Repository/RAD_Pages/SAU_MDForm202_Page/input__CarRentalPurchases2"), "100.00"): Text '100.00' is set on object 'Object Repository/RAD_Pages/SAU_MDForm202_Page/input__CarRentalPurchases2'

2021-11-19 12:28:50 - [MESSAGE][PASSED] - Text '100.00' is set on object 'Object Repository/RAD_Pages/SAU_MDForm202_Page/input__CarRentalPurchases2'

2021-11-19 12:28:50 - [TEST_STEP][PASSED] - setText(findTestObject("Object Repository/RAD_Pages/SAU_MDForm202_Page/input__ESDPurchases2"), "100.00"): Text '100.00' is set on object 'Object Repository/RAD_Pages/SAU_MDForm202_Page/input__ESDPurchases2'

2021-11-19 12:28:50 - [MESSAGE][PASSED] - Text '100.00' is set on object 'Object Repository/RAD_Pages/SAU_MDForm202_Page/input__ESDPurchases2'

2021-11-19 12:28:50 - [TEST_STEP][PASSED] - setText(findTestObject("Object Repository/RAD_Pages/SAU_MDForm202_Page/input__VapingLiquidPurchases2"), "100.00"): Text '100.00' is set on object 'Object Repository/RAD_Pages/SAU_MDForm202_Page/input__VapingLiquidPurchases2'

2021-11-19 12:28:51 - [MESSAGE][PASSED] - Text '100.00' is set on object 'Object Repository/RAD_Pages/SAU_MDForm202_Page/input__VapingLiquidPurchases2'

2021-11-19 12:28:51 - [TEST_STEP][PASSED] - setText(findTestObject("Object Repository/RAD_Pages/SAU_MDForm202_Page/input__Refund2"), "100.00"): Text '100.00' is set on object 'Object Repository/RAD_Pages/SAU_MDForm202_Page/input__Refund2'

2021-11-19 12:28:52 - [MESSAGE][PASSED] - Text '100.00' is set on object 'Object Repository/RAD_Pages/SAU_MDForm202_Page/input__Refund2'

2021-11-19 12:28:52 - [TEST_STEP][PASSED] - setText(findTestObject("Object Repository/RAD_Pages/SAU_MDForm202_Page/input__PenaltyInterest2"), "100.00"): Text '100.00' is set on object 'Object Repository/RAD_Pages/SAU_MDForm202_Page/input__PenaltyInterest2'

2021-11-19 12:28:53 - [MESSAGE][PASSED] - Text '100.00' is set on object 'Object Repository/RAD_Pages/SAU_MDForm202_Page/input__PenaltyInterest2'

2021-11-19 12:28:53 - [TEST_STEP][PASSED] - setText(findTestObject("Object Repository/RAD_Pages/SAU_MDForm202_Page/input__E911Fee2"), "95.00"): Text '95.00' is set on object 'Object Repository/RAD_Pages/SAU_MDForm202_Page/input__E911Fee2'

2021-11-19 12:28:53 - [MESSAGE][PASSED] - Text '95.00' is set on object 'Object Repository/RAD_Pages/SAU_MDForm202_Page/input__E911Fee2'

2021-11-19 12:28:53 - [TEST_STEP][PASSED] - scrollToElement(findTestObject("Object Repository/RAD_Pages/SAU_MDForm202_Page/button_Continue"), 3): Scroll to object 'Object Repository/RAD_Pages/SAU_MDForm202_Page/button_Continue' successfully

2021-11-19 12:28:54 - [MESSAGE][PASSED] - Scroll to object 'Object Repository/RAD_Pages/SAU_MDForm202_Page/button_Continue' successfully

2021-11-19 12:28:54 - [TEST_STEP][PASSED] - waitForElementClickable(findTestObject("Object Repository/RAD_Pages/SAU_MDForm202_Page/button_Continue"), 5): Object 'Object Repository/RAD_Pages/SAU_MDForm202_Page/button_Continue' is clickable

2021-11-19 12:28:54 - [MESSAGE][PASSED] - Object 'Object Repository/RAD_Pages/SAU_MDForm202_Page/button_Continue' is clickable

2021-11-19 12:28:54 - [TEST_STEP][PASSED] - click(findTestObject("Object Repository/RAD_Pages/SAU_MDForm202_Page/button_Continue")): Object: 'Object Repository/RAD_Pages/SAU_MDForm202_Page/button_Continue' is clicked on

2021-11-19 12:28:55 - [MESSAGE][PASSED] - Object: 'Object Repository/RAD_Pages/SAU_MDForm202_Page/button_Continue' is clicked on

2021-11-19 12:28:55 - [TEST_STEP][PASSED] - click(findTestObject("Object Repository/RAD_Pages/SAU_MDForm202_Page/button_Proceed to Payment")): Object: 'Object Repository/RAD_Pages/SAU_MDForm202_Page/button_Proceed to Payment' is clicked on

2021-11-19 12:28:57 - [MESSAGE][PASSED] - Object: 'Object Repository/RAD_Pages/SAU_MDForm202_Page/button_Proceed to Payment' is clicked on

2021-11-19 12:28:57 - [TEST_STEP][PASSED] - setText(findTestObject("Object Repository/RAD_Pages/SAU_MDForm202_Page/input__cardNumber"), "4111111111111111"): Text '4111111111111111' is set on object 'Object Repository/RAD_Pages/SAU_MDForm202_Page/input__cardNumber'

2021-11-19 12:28:58 - [MESSAGE][PASSED] - Text '4111111111111111' is set on object 'Object Repository/RAD_Pages/SAU_MDForm202_Page/input__cardNumber'

2021-11-19 12:28:58 - [TEST_STEP][PASSED] - setText(findTestObject("Object Repository/RAD_Pages/SAU_MDForm202_Page/input__spc"), "123"): Text '123' is set on object 'Object Repository/RAD_Pages/SAU_MDForm202_Page/input__spc'

2021-11-19 12:28:58 - [MESSAGE][PASSED] - Text '123' is set on object 'Object Repository/RAD_Pages/SAU_MDForm202_Page/input__spc'

2021-11-19 12:28:58 - [TEST_STEP][PASSED] - selectOptionByValue(findTestObject("Object Repository/RAD_Pages/SAU_MDForm202_Page/select_MM010203040506070809101112"), "12", true): All options with value '12' are selected in object 'Object Repository/RAD_Pages/SAU_MDForm202_Page/select_MM010203040506070809101112'  using regular expression

2021-11-19 12:28:59 - [MESSAGE][PASSED] - All options with value '12' are selected in object 'Object Repository/RAD_Pages/SAU_MDForm202_Page/select_MM010203040506070809101112'  using regular expression

2021-11-19 12:28:59 - [TEST_STEP][PASSED] - selectOptionByValue(findTestObject("Object Repository/RAD_Pages/SAU_MDForm202_Page/select_YYYY20212022202320242025202620272028_8c4dd4"), "2025", true): All options with value '2025' are selected in object 'Object Repository/RAD_Pages/SAU_MDForm202_Page/select_YYYY20212022202320242025202620272028_8c4dd4'  using regular expression

2021-11-19 12:29:01 - [MESSAGE][PASSED] - All options with value '2025' are selected in object 'Object Repository/RAD_Pages/SAU_MDForm202_Page/select_YYYY20212022202320242025202620272028_8c4dd4'  using regular expression

2021-11-19 12:29:01 - [TEST_STEP][PASSED] - click(findTestObject("Object Repository/RAD_Pages/SAU_MDForm202_Page/input_BillInvoice Details_ccSubmit")): Object: 'Object Repository/RAD_Pages/SAU_MDForm202_Page/input_BillInvoice Details_ccSubmit' is clicked on

2021-11-19 12:29:02 - [MESSAGE][PASSED] - Object: 'Object Repository/RAD_Pages/SAU_MDForm202_Page/input_BillInvoice Details_ccSubmit' is clicked on

2021-11-19 12:29:02 - [TEST_STEP][PASSED] - click(findTestObject("Object Repository/RAD_Pages/SAU_MDForm202_Page/input_233.40_confirmNotifyAction")): Object: 'Object Repository/RAD_Pages/SAU_MDForm202_Page/input_233.40_confirmNotifyAction' is clicked on

2021-11-19 12:29:03 - [MESSAGE][PASSED] - Object: 'Object Repository/RAD_Pages/SAU_MDForm202_Page/input_233.40_confirmNotifyAction' is clicked on

2021-11-19 12:29:03 - [TEST_STEP][PASSED] - click(findTestObject("Object Repository/RAD_Pages/SAU_MDForm202_Page/input_239.12_convFeeNotifyAction")): Object: 'Object Repository/RAD_Pages/SAU_MDForm202_Page/input_239.12_convFeeNotifyAction' is clicked on

2021-11-19 12:29:05 - [MESSAGE][PASSED] - Object: 'Object Repository/RAD_Pages/SAU_MDForm202_Page/input_239.12_convFeeNotifyAction' is clicked on

2021-11-19 12:29:05 - [TEST_STEP][PASSED] - delay(10): Delayed 10 second(s)

2021-11-19 12:29:15 - [MESSAGE][PASSED] - Delayed 10 second(s)

2021-11-19 12:29:15 - [TEST_STEP][PASSED] - verifyTextPresent("Successful Payment Receipt", true): Text 'Successful Payment Receipt' is present on page  using regular expression

2021-11-19 12:29:15 - [MESSAGE][PASSED] - Text 'Successful Payment Receipt' is present on page  using regular expression

2021-11-19 12:29:15 - [TEST_STEP][PASSED] - closeBrowser(): Browser is closed

2021-11-19 12:29:16 - [MESSAGE][PASSED] - Browser is closed]]></system-out>
         <system-err><![CDATA[]]></system-err>
      </testcase>
      <testcase name="Test Cases/RAD_TestCases/PaymentsHardCoded/SAU_MDForm202F_AfterJuly2021_BothChkBox_HC_TC" time="187.582" classname="Test Cases/RAD_TestCases/PaymentsHardCoded/SAU_MDForm202F_AfterJuly2021_BothChkBox_HC_TC" status="PASSED">
         <system-out><![CDATA[2021-11-19 12:29:16 - [TEST_CASE][PASSED] - Test Cases/RAD_TestCases/PaymentsHardCoded/SAU_MDForm202F_AfterJuly2021_BothChkBox_HC_TC: Test Cases/RAD_TestCases/PaymentsHardCoded/SAU_MDForm202F_AfterJuly2021_BothChkBox_HC_TC

2021-11-19 12:29:16 - [TEST_STEP][PASSED] - openBrowser(""): Browser is opened with url: ''

2021-11-19 12:29:16 - [MESSAGE][INFO] - Starting 'Chrome' driver

2021-11-19 12:29:16 - [MESSAGE][INFO] - User set preference: ['acceptInsecureCerts', 'true']

2021-11-19 12:29:16 - [MESSAGE][INFO] - Action delay is set to 0 milliseconds

2021-11-19 12:29:18 - [MESSAGE][PASSED] - Browser is opened with url: ''

2021-11-19 12:29:18 - [TEST_STEP][PASSED] - navigateToUrl("https://qa.velocitypayment.com/client/rad/index.html"): Navigate to 'https://qa.velocitypayment.com/client/rad/index.html' successfully

2021-11-19 12:29:20 - [MESSAGE][PASSED] - Navigate to 'https://qa.velocitypayment.com/client/rad/index.html' successfully

2021-11-19 12:29:20 - [TEST_STEP][PASSED] - selectOptionByValue(findTestObject("Object Repository/RAD_Pages/SAU_MDForm202F_MF_AfterJuly2021_Page/select_Select    Estimated Tax    Personal _7587a1"), "5", true): All options with value '5' are selected in object 'Object Repository/RAD_Pages/SAU_MDForm202F_MF_AfterJuly2021_Page/select_Select    Estimated Tax    Personal _7587a1'  using regular expression

2021-11-19 12:29:21 - [MESSAGE][PASSED] - All options with value '5' are selected in object 'Object Repository/RAD_Pages/SAU_MDForm202F_MF_AfterJuly2021_Page/select_Select    Estimated Tax    Personal _7587a1'  using regular expression

2021-11-19 12:29:21 - [TEST_STEP][PASSED] - selectOptionByValue(findTestObject("Object Repository/RAD_Pages/SAU_MDForm202F_MF_AfterJuly2021_Page/select_Select202220212020"), "2021", true): All options with value '2021' are selected in object 'Object Repository/RAD_Pages/SAU_MDForm202F_MF_AfterJuly2021_Page/select_Select202220212020'  using regular expression

2021-11-19 12:29:52 - [MESSAGE][INFO] - Unable to find the element located by 'By.xpath: //*[@id = 'taxYear' and @name = 'taxYear' and (text() = 'Select202220212020' or . = 'Select202220212020')]'. Please recheck the objects properties to make sure the desired element is located. 

2021-11-19 12:29:52 - [MESSAGE][WARNING] - [SELF-HEALING] Failed to find element with id 'Object Repository/RAD_Pages/SAU_MDForm202F_MF_AfterJuly2021_Page/select_Select202220212020'. Try using Self-healing.

2021-11-19 12:29:53 - [MESSAGE][WARNING] - [SELF-HEALING] The current locator of test object 'Object Repository/RAD_Pages/SAU_MDForm202F_MF_AfterJuly2021_Page/select_Select202220212020' was broken. Propose an alternative one: '//select[@id='taxYear']'.

2021-11-19 12:29:53 - [MESSAGE][PASSED] - All options with value '2021' are selected in object 'Object Repository/RAD_Pages/SAU_MDForm202F_MF_AfterJuly2021_Page/select_Select202220212020'  using regular expression

2021-11-19 12:29:53 - [TEST_STEP][PASSED] - selectOptionByValue(findTestObject("Object Repository/RAD_Pages/SAU_MDForm202F_MF_AfterJuly2021_Page/select_MonthJanuaryFebruaryMarchAprilMayJun_aa9ebb"), "08", true): All options with value '08' are selected in object 'Object Repository/RAD_Pages/SAU_MDForm202F_MF_AfterJuly2021_Page/select_MonthJanuaryFebruaryMarchAprilMayJun_aa9ebb'  using regular expression

2021-11-19 12:30:24 - [MESSAGE][INFO] - Unable to find the element located by 'By.xpath: //*[@id = 'salesUseMonth' and @name = 'salesUseMonth' and (text() = '
										    Month
											January
											February
											March
											April
											May
											June
											July
											August
											September
											October
											November
											December
										  ' or . = '
										    Month
											January
											February
											March
											April
											May
											June
											July
											August
											September
											October
											November
											December
										  ')]'. Please recheck the objects properties to make sure the desired element is located. 

2021-11-19 12:30:24 - [MESSAGE][WARNING] - [SELF-HEALING] Failed to find element with id 'Object Repository/RAD_Pages/SAU_MDForm202F_MF_AfterJuly2021_Page/select_MonthJanuaryFebruaryMarchAprilMayJun_aa9ebb'. Try using Self-healing.

2021-11-19 12:30:25 - [MESSAGE][WARNING] - [SELF-HEALING] The current locator of test object 'Object Repository/RAD_Pages/SAU_MDForm202F_MF_AfterJuly2021_Page/select_MonthJanuaryFebruaryMarchAprilMayJun_aa9ebb' was broken. Propose an alternative one: '//select[@id='salesUseMonth']'.

2021-11-19 12:30:25 - [MESSAGE][PASSED] - All options with value '08' are selected in object 'Object Repository/RAD_Pages/SAU_MDForm202F_MF_AfterJuly2021_Page/select_MonthJanuaryFebruaryMarchAprilMayJun_aa9ebb'  using regular expression

2021-11-19 12:30:25 - [TEST_STEP][PASSED] - setText(findTestObject("Object Repository/RAD_Pages/SAU_MDForm202F_MF_AfterJuly2021_Page/input_Note_businessName"), "Broken Glass, LLC"): Text 'Broken Glass, LLC' is set on object 'Object Repository/RAD_Pages/SAU_MDForm202F_MF_AfterJuly2021_Page/input_Note_businessName'

2021-11-19 12:30:26 - [MESSAGE][PASSED] - Text 'Broken Glass, LLC' is set on object 'Object Repository/RAD_Pages/SAU_MDForm202F_MF_AfterJuly2021_Page/input_Note_businessName'

2021-11-19 12:30:26 - [TEST_STEP][PASSED] - setText(findTestObject("Object Repository/RAD_Pages/SAU_MDForm202F_MF_AfterJuly2021_Page/input_Enter business name_firstName"), "Andy"): Text 'Andy' is set on object 'Object Repository/RAD_Pages/SAU_MDForm202F_MF_AfterJuly2021_Page/input_Enter business name_firstName'

2021-11-19 12:30:27 - [MESSAGE][PASSED] - Text 'Andy' is set on object 'Object Repository/RAD_Pages/SAU_MDForm202F_MF_AfterJuly2021_Page/input_Enter business name_firstName'

2021-11-19 12:30:27 - [TEST_STEP][PASSED] - setText(findTestObject("Object Repository/RAD_Pages/SAU_MDForm202F_MF_AfterJuly2021_Page/input_Enter first name_middleName"), "Lament"): Text 'Lament' is set on object 'Object Repository/RAD_Pages/SAU_MDForm202F_MF_AfterJuly2021_Page/input_Enter first name_middleName'

2021-11-19 12:30:28 - [MESSAGE][PASSED] - Text 'Lament' is set on object 'Object Repository/RAD_Pages/SAU_MDForm202F_MF_AfterJuly2021_Page/input_Enter first name_middleName'

2021-11-19 12:30:28 - [TEST_STEP][PASSED] - setText(findTestObject("Object Repository/RAD_Pages/SAU_MDForm202F_MF_AfterJuly2021_Page/input_Middle Name_lastName"), "Mohl"): Text 'Mohl' is set on object 'Object Repository/RAD_Pages/SAU_MDForm202F_MF_AfterJuly2021_Page/input_Middle Name_lastName'

2021-11-19 12:30:28 - [MESSAGE][PASSED] - Text 'Mohl' is set on object 'Object Repository/RAD_Pages/SAU_MDForm202F_MF_AfterJuly2021_Page/input_Middle Name_lastName'

2021-11-19 12:30:28 - [TEST_STEP][PASSED] - setText(findTestObject("Object Repository/RAD_Pages/SAU_MDForm202F_MF_AfterJuly2021_Page/input_Enter last name_suffix"), "Jr"): Text 'Jr' is set on object 'Object Repository/RAD_Pages/SAU_MDForm202F_MF_AfterJuly2021_Page/input_Enter last name_suffix'

2021-11-19 12:30:29 - [MESSAGE][PASSED] - Text 'Jr' is set on object 'Object Repository/RAD_Pages/SAU_MDForm202F_MF_AfterJuly2021_Page/input_Enter last name_suffix'

2021-11-19 12:30:29 - [TEST_STEP][PASSED] - setText(findTestObject("Object Repository/RAD_Pages/SAU_MDForm202F_MF_AfterJuly2021_Page/input_Select a country_streetAddress1"), "147 Elm St"): Text '147 Elm St' is set on object 'Object Repository/RAD_Pages/SAU_MDForm202F_MF_AfterJuly2021_Page/input_Select a country_streetAddress1'

2021-11-19 12:30:30 - [MESSAGE][PASSED] - Text '147 Elm St' is set on object 'Object Repository/RAD_Pages/SAU_MDForm202F_MF_AfterJuly2021_Page/input_Select a country_streetAddress1'

2021-11-19 12:30:30 - [TEST_STEP][PASSED] - setText(findTestObject("Object Repository/RAD_Pages/SAU_MDForm202F_MF_AfterJuly2021_Page/input_Enter address_streetAddress2"), "Room 147"): Text 'Room 147' is set on object 'Object Repository/RAD_Pages/SAU_MDForm202F_MF_AfterJuly2021_Page/input_Enter address_streetAddress2'

2021-11-19 12:30:31 - [MESSAGE][PASSED] - Text 'Room 147' is set on object 'Object Repository/RAD_Pages/SAU_MDForm202F_MF_AfterJuly2021_Page/input_Enter address_streetAddress2'

2021-11-19 12:30:31 - [TEST_STEP][PASSED] - setText(findTestObject("Object Repository/RAD_Pages/SAU_MDForm202F_MF_AfterJuly2021_Page/input_Street Address 2_city"), "Lutherville Timonium"): Text 'Lutherville Timonium' is set on object 'Object Repository/RAD_Pages/SAU_MDForm202F_MF_AfterJuly2021_Page/input_Street Address 2_city'

2021-11-19 12:30:31 - [MESSAGE][PASSED] - Text 'Lutherville Timonium' is set on object 'Object Repository/RAD_Pages/SAU_MDForm202F_MF_AfterJuly2021_Page/input_Street Address 2_city'

2021-11-19 12:30:31 - [TEST_STEP][PASSED] - selectOptionByValue(findTestObject("Object Repository/RAD_Pages/SAU_MDForm202F_MF_AfterJuly2021_Page/select_SelectAlabamaAlaskaArizonaArkansasCa_90914a"), "MD", true): All options with value 'MD' are selected in object 'Object Repository/RAD_Pages/SAU_MDForm202F_MF_AfterJuly2021_Page/select_SelectAlabamaAlaskaArizonaArkansasCa_90914a'  using regular expression

2021-11-19 12:30:33 - [MESSAGE][PASSED] - All options with value 'MD' are selected in object 'Object Repository/RAD_Pages/SAU_MDForm202F_MF_AfterJuly2021_Page/select_SelectAlabamaAlaskaArizonaArkansasCa_90914a'  using regular expression

2021-11-19 12:30:33 - [TEST_STEP][PASSED] - setText(findTestObject("Object Repository/RAD_Pages/SAU_MDForm202F_MF_AfterJuly2021_Page/input_Select a state_zipCode"), "21030"): Text '21030' is set on object 'Object Repository/RAD_Pages/SAU_MDForm202F_MF_AfterJuly2021_Page/input_Select a state_zipCode'

2021-11-19 12:30:34 - [MESSAGE][PASSED] - Text '21030' is set on object 'Object Repository/RAD_Pages/SAU_MDForm202F_MF_AfterJuly2021_Page/input_Select a state_zipCode'

2021-11-19 12:30:34 - [TEST_STEP][PASSED] - setText(findTestObject("Object Repository/RAD_Pages/SAU_MDForm202F_MF_AfterJuly2021_Page/input_Enter ZIP code_phoneNumber"), "(703) 894-5000"): Text '(703) 894-5000' is set on object 'Object Repository/RAD_Pages/SAU_MDForm202F_MF_AfterJuly2021_Page/input_Enter ZIP code_phoneNumber'

2021-11-19 12:30:35 - [MESSAGE][PASSED] - Text '(703) 894-5000' is set on object 'Object Repository/RAD_Pages/SAU_MDForm202F_MF_AfterJuly2021_Page/input_Enter ZIP code_phoneNumber'

2021-11-19 12:30:35 - [TEST_STEP][PASSED] - setText(findTestObject("Object Repository/RAD_Pages/SAU_MDForm202F_MF_AfterJuly2021_Page/input_Enter a phone number_eMailAddress"), "iahmed@govolution.com"): Text 'iahmed@govolution.com' is set on object 'Object Repository/RAD_Pages/SAU_MDForm202F_MF_AfterJuly2021_Page/input_Enter a phone number_eMailAddress'

2021-11-19 12:30:35 - [MESSAGE][PASSED] - Text 'iahmed@govolution.com' is set on object 'Object Repository/RAD_Pages/SAU_MDForm202F_MF_AfterJuly2021_Page/input_Enter a phone number_eMailAddress'

2021-11-19 12:30:35 - [TEST_STEP][PASSED] - setText(findTestObject("Object Repository/RAD_Pages/SAU_MDForm202F_MF_AfterJuly2021_Page/input_Enter Email_reEnterEMailAddress"), "iahmed@govolution.com"): Text 'iahmed@govolution.com' is set on object 'Object Repository/RAD_Pages/SAU_MDForm202F_MF_AfterJuly2021_Page/input_Enter Email_reEnterEMailAddress'

2021-11-19 12:30:36 - [MESSAGE][PASSED] - Text 'iahmed@govolution.com' is set on object 'Object Repository/RAD_Pages/SAU_MDForm202F_MF_AfterJuly2021_Page/input_Enter Email_reEnterEMailAddress'

2021-11-19 12:30:36 - [TEST_STEP][PASSED] - setEncryptedText(findTestObject("Object Repository/RAD_Pages/TaxInfo_Page/input_FederalEIN"), "0fDtEjy4ijeV75Gl5M+mSg=="): Text ****** has been set on object 'Object Repository/RAD_Pages/TaxInfo_Page/input_FederalEIN'

2021-11-19 12:31:08 - [MESSAGE][INFO] - Unable to find the element located by 'By.xpath: //*[@id = 'data' and @name = 'Data' and @type = 'password' and @placeholder = 'Federal EIN']'. Please recheck the objects properties to make sure the desired element is located. 

2021-11-19 12:31:08 - [MESSAGE][WARNING] - [SELF-HEALING] Failed to find element with id 'Object Repository/RAD_Pages/TaxInfo_Page/input_FederalEIN'. Try using Self-healing.

2021-11-19 12:31:08 - [MESSAGE][WARNING] - [SELF-HEALING] The current locator of test object 'Object Repository/RAD_Pages/TaxInfo_Page/input_FederalEIN' was broken. Propose an alternative one: '#data'.

2021-11-19 12:31:08 - [MESSAGE][PASSED] - Text ****** has been set on object 'Object Repository/RAD_Pages/TaxInfo_Page/input_FederalEIN'

2021-11-19 12:31:08 - [TEST_STEP][PASSED] - setEncryptedText(findTestObject("Object Repository/RAD_Pages/TaxInfo_Page/input_FederalEIN_ReEnter"), "0fDtEjy4ijeV75Gl5M+mSg=="): Text ****** has been set on object 'Object Repository/RAD_Pages/TaxInfo_Page/input_FederalEIN_ReEnter'

2021-11-19 12:31:39 - [MESSAGE][INFO] - Unable to find the element located by 'By.xpath: //*[@id = 'data' and @name = 'Data' and @type = 'password' and @placeholder = 'Re-Type Federal EIN']'. Please recheck the objects properties to make sure the desired element is located. 

2021-11-19 12:31:39 - [MESSAGE][WARNING] - [SELF-HEALING] Failed to find element with id 'Object Repository/RAD_Pages/TaxInfo_Page/input_FederalEIN_ReEnter'. Try using Self-healing.

2021-11-19 12:31:39 - [MESSAGE][WARNING] - [SELF-HEALING] The current locator of test object 'Object Repository/RAD_Pages/TaxInfo_Page/input_FederalEIN_ReEnter' was broken. Propose an alternative one: '//input[@id='data']'.

2021-11-19 12:31:39 - [MESSAGE][PASSED] - Text ****** has been set on object 'Object Repository/RAD_Pages/TaxInfo_Page/input_FederalEIN_ReEnter'

2021-11-19 12:31:39 - [TEST_STEP][PASSED] - setText(findTestObject("Object Repository/RAD_Pages/TaxInfo_Page/input_MDCRegistration"), "07640126"): Text '07640126' is set on object 'Object Repository/RAD_Pages/TaxInfo_Page/input_MDCRegistration'

2021-11-19 12:31:40 - [MESSAGE][PASSED] - Text '07640126' is set on object 'Object Repository/RAD_Pages/TaxInfo_Page/input_MDCRegistration'

2021-11-19 12:31:40 - [TEST_STEP][PASSED] - setText(findTestObject("Object Repository/RAD_Pages/SAU_MDForm202F_MF_AfterJuly2021_Page/input__GrossSales2"), "3000.00"): Text '3000.00' is set on object 'Object Repository/RAD_Pages/SAU_MDForm202F_MF_AfterJuly2021_Page/input__GrossSales2'

2021-11-19 12:31:41 - [MESSAGE][PASSED] - Text '3000.00' is set on object 'Object Repository/RAD_Pages/SAU_MDForm202F_MF_AfterJuly2021_Page/input__GrossSales2'

2021-11-19 12:31:41 - [TEST_STEP][PASSED] - click(findTestObject("Object Repository/RAD_Pages/SAU_MDForm202F_MF_AfterJuly2021_Page/input_Sales Tax Return Information_Marketpl_2444a2")): Object: 'Object Repository/RAD_Pages/SAU_MDForm202F_MF_AfterJuly2021_Page/input_Sales Tax Return Information_Marketpl_2444a2' is clicked on

2021-11-19 12:31:41 - [MESSAGE][PASSED] - Object: 'Object Repository/RAD_Pages/SAU_MDForm202F_MF_AfterJuly2021_Page/input_Sales Tax Return Information_Marketpl_2444a2' is clicked on

2021-11-19 12:31:41 - [TEST_STEP][PASSED] - click(findTestObject("Object Repository/RAD_Pages/SalesTaxReturnInfo_Page/input_OutOfStateVendor")): Object: 'Object Repository/RAD_Pages/SalesTaxReturnInfo_Page/input_OutOfStateVendor' is clicked on

2021-11-19 12:31:42 - [MESSAGE][PASSED] - Object: 'Object Repository/RAD_Pages/SalesTaxReturnInfo_Page/input_OutOfStateVendor' is clicked on

2021-11-19 12:31:42 - [TEST_STEP][PASSED] - setText(findTestObject("Object Repository/RAD_Pages/SAU_MDForm202F_MF_AfterJuly2021_Page/input__FacGrossSales2"), "3000.00"): Text '3000.00' is set on object 'Object Repository/RAD_Pages/SAU_MDForm202F_MF_AfterJuly2021_Page/input__FacGrossSales2'

2021-11-19 12:31:43 - [MESSAGE][PASSED] - Text '3000.00' is set on object 'Object Repository/RAD_Pages/SAU_MDForm202F_MF_AfterJuly2021_Page/input__FacGrossSales2'

2021-11-19 12:31:43 - [TEST_STEP][PASSED] - setText(findTestObject("Object Repository/RAD_Pages/SAU_MDForm202F_MF_AfterJuly2021_Page/input__FacTaxableSales2"), "100.00"): Text '100.00' is set on object 'Object Repository/RAD_Pages/SAU_MDForm202F_MF_AfterJuly2021_Page/input__FacTaxableSales2'

2021-11-19 12:31:43 - [MESSAGE][PASSED] - Text '100.00' is set on object 'Object Repository/RAD_Pages/SAU_MDForm202F_MF_AfterJuly2021_Page/input__FacTaxableSales2'

2021-11-19 12:31:43 - [TEST_STEP][PASSED] - setText(findTestObject("Object Repository/RAD_Pages/SAU_MDForm202F_MF_AfterJuly2021_Page/input__FacSalesDigitalProduct2"), "100.00"): Text '100.00' is set on object 'Object Repository/RAD_Pages/SAU_MDForm202F_MF_AfterJuly2021_Page/input__FacSalesDigitalProduct2'

2021-11-19 12:31:44 - [MESSAGE][PASSED] - Text '100.00' is set on object 'Object Repository/RAD_Pages/SAU_MDForm202F_MF_AfterJuly2021_Page/input__FacSalesDigitalProduct2'

2021-11-19 12:31:44 - [TEST_STEP][PASSED] - setText(findTestObject("Object Repository/RAD_Pages/SAU_MDForm202F_MF_AfterJuly2021_Page/input__FacTaxableSalesESD2"), "100.00"): Text '100.00' is set on object 'Object Repository/RAD_Pages/SAU_MDForm202F_MF_AfterJuly2021_Page/input__FacTaxableSalesESD2'

2021-11-19 12:31:45 - [MESSAGE][PASSED] - Text '100.00' is set on object 'Object Repository/RAD_Pages/SAU_MDForm202F_MF_AfterJuly2021_Page/input__FacTaxableSalesESD2'

2021-11-19 12:31:45 - [TEST_STEP][PASSED] - setText(findTestObject("Object Repository/RAD_Pages/SAU_MDForm202F_MF_AfterJuly2021_Page/input__FacTaxableSalesVapingLiquid2"), "100.00"): Text '100.00' is set on object 'Object Repository/RAD_Pages/SAU_MDForm202F_MF_AfterJuly2021_Page/input__FacTaxableSalesVapingLiquid2'

2021-11-19 12:31:46 - [MESSAGE][PASSED] - Text '100.00' is set on object 'Object Repository/RAD_Pages/SAU_MDForm202F_MF_AfterJuly2021_Page/input__FacTaxableSalesVapingLiquid2'

2021-11-19 12:31:46 - [TEST_STEP][PASSED] - setText(findTestObject("Object Repository/RAD_Pages/SAU_MDForm202F_MF_AfterJuly2021_Page/input__FacCarRental2"), "100.00"): Text '100.00' is set on object 'Object Repository/RAD_Pages/SAU_MDForm202F_MF_AfterJuly2021_Page/input__FacCarRental2'

2021-11-19 12:31:46 - [MESSAGE][PASSED] - Text '100.00' is set on object 'Object Repository/RAD_Pages/SAU_MDForm202F_MF_AfterJuly2021_Page/input__FacCarRental2'

2021-11-19 12:31:46 - [TEST_STEP][PASSED] - setText(findTestObject("Object Repository/RAD_Pages/SAU_MDForm202F_MF_AfterJuly2021_Page/input__FacTruckRental2"), "100.00"): Text '100.00' is set on object 'Object Repository/RAD_Pages/SAU_MDForm202F_MF_AfterJuly2021_Page/input__FacTruckRental2'

2021-11-19 12:31:47 - [MESSAGE][PASSED] - Text '100.00' is set on object 'Object Repository/RAD_Pages/SAU_MDForm202F_MF_AfterJuly2021_Page/input__FacTruckRental2'

2021-11-19 12:31:47 - [TEST_STEP][PASSED] - setText(findTestObject("Object Repository/RAD_Pages/SAU_MDForm202F_MF_AfterJuly2021_Page/input__FacAlcoholSales2"), "100.00"): Text '100.00' is set on object 'Object Repository/RAD_Pages/SAU_MDForm202F_MF_AfterJuly2021_Page/input__FacAlcoholSales2'

2021-11-19 12:31:48 - [MESSAGE][PASSED] - Text '100.00' is set on object 'Object Repository/RAD_Pages/SAU_MDForm202F_MF_AfterJuly2021_Page/input__FacAlcoholSales2'

2021-11-19 12:31:48 - [TEST_STEP][PASSED] - setText(findTestObject("Object Repository/RAD_Pages/SAU_MDForm202F_MF_AfterJuly2021_Page/input__GrossSales2"), "3000.00"): Text '3000.00' is set on object 'Object Repository/RAD_Pages/SAU_MDForm202F_MF_AfterJuly2021_Page/input__GrossSales2'

2021-11-19 12:31:49 - [MESSAGE][PASSED] - Text '3000.00' is set on object 'Object Repository/RAD_Pages/SAU_MDForm202F_MF_AfterJuly2021_Page/input__GrossSales2'

2021-11-19 12:31:49 - [TEST_STEP][PASSED] - setText(findTestObject("Object Repository/RAD_Pages/SAU_MDForm202F_MF_AfterJuly2021_Page/input__TaxableSales2"), "100.00"): Text '100.00' is set on object 'Object Repository/RAD_Pages/SAU_MDForm202F_MF_AfterJuly2021_Page/input__TaxableSales2'

2021-11-19 12:31:49 - [MESSAGE][PASSED] - Text '100.00' is set on object 'Object Repository/RAD_Pages/SAU_MDForm202F_MF_AfterJuly2021_Page/input__TaxableSales2'

2021-11-19 12:31:49 - [TEST_STEP][PASSED] - setText(findTestObject("Object Repository/RAD_Pages/SAU_MDForm202F_MF_AfterJuly2021_Page/input__TaxableSalesDigitalProduct2"), "100.00"): Text '100.00' is set on object 'Object Repository/RAD_Pages/SAU_MDForm202F_MF_AfterJuly2021_Page/input__TaxableSalesDigitalProduct2'

2021-11-19 12:31:50 - [MESSAGE][PASSED] - Text '100.00' is set on object 'Object Repository/RAD_Pages/SAU_MDForm202F_MF_AfterJuly2021_Page/input__TaxableSalesDigitalProduct2'

2021-11-19 12:31:50 - [TEST_STEP][PASSED] - setText(findTestObject("Object Repository/RAD_Pages/SAU_MDForm202F_MF_AfterJuly2021_Page/input__TaxableSalesESD2"), "100.00"): Text '100.00' is set on object 'Object Repository/RAD_Pages/SAU_MDForm202F_MF_AfterJuly2021_Page/input__TaxableSalesESD2'

2021-11-19 12:31:51 - [MESSAGE][PASSED] - Text '100.00' is set on object 'Object Repository/RAD_Pages/SAU_MDForm202F_MF_AfterJuly2021_Page/input__TaxableSalesESD2'

2021-11-19 12:31:51 - [TEST_STEP][PASSED] - setText(findTestObject("Object Repository/RAD_Pages/SAU_MDForm202F_MF_AfterJuly2021_Page/input__TaxableSalesVapingLiquid2"), "100.00"): Text '100.00' is set on object 'Object Repository/RAD_Pages/SAU_MDForm202F_MF_AfterJuly2021_Page/input__TaxableSalesVapingLiquid2'

2021-11-19 12:31:52 - [MESSAGE][PASSED] - Text '100.00' is set on object 'Object Repository/RAD_Pages/SAU_MDForm202F_MF_AfterJuly2021_Page/input__TaxableSalesVapingLiquid2'

2021-11-19 12:31:52 - [TEST_STEP][PASSED] - setText(findTestObject("Object Repository/RAD_Pages/SAU_MDForm202F_MF_AfterJuly2021_Page/input__CarRental2"), "100.00"): Text '100.00' is set on object 'Object Repository/RAD_Pages/SAU_MDForm202F_MF_AfterJuly2021_Page/input__CarRental2'

2021-11-19 12:31:53 - [MESSAGE][PASSED] - Text '100.00' is set on object 'Object Repository/RAD_Pages/SAU_MDForm202F_MF_AfterJuly2021_Page/input__CarRental2'

2021-11-19 12:31:53 - [TEST_STEP][PASSED] - setText(findTestObject("Object Repository/RAD_Pages/SAU_MDForm202F_MF_AfterJuly2021_Page/input__TruckRental2"), "100.00"): Text '100.00' is set on object 'Object Repository/RAD_Pages/SAU_MDForm202F_MF_AfterJuly2021_Page/input__TruckRental2'

2021-11-19 12:31:53 - [MESSAGE][PASSED] - Text '100.00' is set on object 'Object Repository/RAD_Pages/SAU_MDForm202F_MF_AfterJuly2021_Page/input__TruckRental2'

2021-11-19 12:31:53 - [TEST_STEP][PASSED] - setText(findTestObject("Object Repository/RAD_Pages/SAU_MDForm202F_MF_AfterJuly2021_Page/input__AlcoholSales2"), "100.00"): Text '100.00' is set on object 'Object Repository/RAD_Pages/SAU_MDForm202F_MF_AfterJuly2021_Page/input__AlcoholSales2'

2021-11-19 12:31:54 - [MESSAGE][PASSED] - Text '100.00' is set on object 'Object Repository/RAD_Pages/SAU_MDForm202F_MF_AfterJuly2021_Page/input__AlcoholSales2'

2021-11-19 12:31:54 - [TEST_STEP][PASSED] - setText(findTestObject("Object Repository/RAD_Pages/SAU_MDForm202F_MF_AfterJuly2021_Page/input__Purchases2"), "100.00"): Text '100.00' is set on object 'Object Repository/RAD_Pages/SAU_MDForm202F_MF_AfterJuly2021_Page/input__Purchases2'

2021-11-19 12:31:55 - [MESSAGE][PASSED] - Text '100.00' is set on object 'Object Repository/RAD_Pages/SAU_MDForm202F_MF_AfterJuly2021_Page/input__Purchases2'

2021-11-19 12:31:55 - [TEST_STEP][PASSED] - setText(findTestObject("Object Repository/RAD_Pages/SAU_MDForm202F_MF_AfterJuly2021_Page/input__TruckRentalPurchases2"), "100.00"): Text '100.00' is set on object 'Object Repository/RAD_Pages/SAU_MDForm202F_MF_AfterJuly2021_Page/input__TruckRentalPurchases2'

2021-11-19 12:31:56 - [MESSAGE][PASSED] - Text '100.00' is set on object 'Object Repository/RAD_Pages/SAU_MDForm202F_MF_AfterJuly2021_Page/input__TruckRentalPurchases2'

2021-11-19 12:31:56 - [TEST_STEP][PASSED] - setText(findTestObject("Object Repository/RAD_Pages/SAU_MDForm202F_MF_AfterJuly2021_Page/input__AlcoholPurchases2"), "100.00"): Text '100.00' is set on object 'Object Repository/RAD_Pages/SAU_MDForm202F_MF_AfterJuly2021_Page/input__AlcoholPurchases2'

2021-11-19 12:31:56 - [MESSAGE][PASSED] - Text '100.00' is set on object 'Object Repository/RAD_Pages/SAU_MDForm202F_MF_AfterJuly2021_Page/input__AlcoholPurchases2'

2021-11-19 12:31:56 - [TEST_STEP][PASSED] - setText(findTestObject("Object Repository/RAD_Pages/SAU_MDForm202F_MF_AfterJuly2021_Page/input__CarRentalPurchases2"), "100.00"): Text '100.00' is set on object 'Object Repository/RAD_Pages/SAU_MDForm202F_MF_AfterJuly2021_Page/input__CarRentalPurchases2'

2021-11-19 12:31:57 - [MESSAGE][PASSED] - Text '100.00' is set on object 'Object Repository/RAD_Pages/SAU_MDForm202F_MF_AfterJuly2021_Page/input__CarRentalPurchases2'

2021-11-19 12:31:57 - [TEST_STEP][PASSED] - setText(findTestObject("Object Repository/RAD_Pages/SAU_MDForm202F_MF_AfterJuly2021_Page/input__ESDPurchases2"), "100.00"): Text '100.00' is set on object 'Object Repository/RAD_Pages/SAU_MDForm202F_MF_AfterJuly2021_Page/input__ESDPurchases2'

2021-11-19 12:31:58 - [MESSAGE][PASSED] - Text '100.00' is set on object 'Object Repository/RAD_Pages/SAU_MDForm202F_MF_AfterJuly2021_Page/input__ESDPurchases2'

2021-11-19 12:31:58 - [TEST_STEP][PASSED] - setText(findTestObject("Object Repository/RAD_Pages/SAU_MDForm202F_MF_AfterJuly2021_Page/input__VapingLiquidPurchases2"), "100.00"): Text '100.00' is set on object 'Object Repository/RAD_Pages/SAU_MDForm202F_MF_AfterJuly2021_Page/input__VapingLiquidPurchases2'

2021-11-19 12:31:59 - [MESSAGE][PASSED] - Text '100.00' is set on object 'Object Repository/RAD_Pages/SAU_MDForm202F_MF_AfterJuly2021_Page/input__VapingLiquidPurchases2'

2021-11-19 12:31:59 - [TEST_STEP][PASSED] - setText(findTestObject("Object Repository/RAD_Pages/SAU_MDForm202F_MF_AfterJuly2021_Page/input__Refund2"), "100.00"): Text '100.00' is set on object 'Object Repository/RAD_Pages/SAU_MDForm202F_MF_AfterJuly2021_Page/input__Refund2'

2021-11-19 12:31:59 - [MESSAGE][PASSED] - Text '100.00' is set on object 'Object Repository/RAD_Pages/SAU_MDForm202F_MF_AfterJuly2021_Page/input__Refund2'

2021-11-19 12:31:59 - [TEST_STEP][PASSED] - setText(findTestObject("Object Repository/RAD_Pages/SAU_MDForm202F_MF_AfterJuly2021_Page/input__E911Fee2"), "95.00"): Text '95.00' is set on object 'Object Repository/RAD_Pages/SAU_MDForm202F_MF_AfterJuly2021_Page/input__E911Fee2'

2021-11-19 12:32:00 - [MESSAGE][PASSED] - Text '95.00' is set on object 'Object Repository/RAD_Pages/SAU_MDForm202F_MF_AfterJuly2021_Page/input__E911Fee2'

2021-11-19 12:32:00 - [TEST_STEP][PASSED] - scrollToElement(findTestObject("Object Repository/RAD_Pages/SAU_MDForm202_Page/button_Continue"), 3): Scroll to object 'Object Repository/RAD_Pages/SAU_MDForm202_Page/button_Continue' successfully

2021-11-19 12:32:01 - [MESSAGE][PASSED] - Scroll to object 'Object Repository/RAD_Pages/SAU_MDForm202_Page/button_Continue' successfully

2021-11-19 12:32:01 - [TEST_STEP][PASSED] - waitForElementClickable(findTestObject("Object Repository/RAD_Pages/SAU_MDForm202_Page/button_Continue"), 5): Object 'Object Repository/RAD_Pages/SAU_MDForm202_Page/button_Continue' is clickable

2021-11-19 12:32:01 - [MESSAGE][PASSED] - Object 'Object Repository/RAD_Pages/SAU_MDForm202_Page/button_Continue' is clickable

2021-11-19 12:32:01 - [TEST_STEP][PASSED] - click(findTestObject("Object Repository/RAD_Pages/SAU_MDForm202_Page/button_Continue")): Object: 'Object Repository/RAD_Pages/SAU_MDForm202_Page/button_Continue' is clicked on

2021-11-19 12:32:01 - [MESSAGE][PASSED] - Object: 'Object Repository/RAD_Pages/SAU_MDForm202_Page/button_Continue' is clicked on

2021-11-19 12:32:01 - [TEST_STEP][PASSED] - click(findTestObject("Object Repository/RAD_Pages/SAU_MDForm202_Page/button_Proceed to Payment")): Object: 'Object Repository/RAD_Pages/SAU_MDForm202_Page/button_Proceed to Payment' is clicked on

2021-11-19 12:32:04 - [MESSAGE][PASSED] - Object: 'Object Repository/RAD_Pages/SAU_MDForm202_Page/button_Proceed to Payment' is clicked on

2021-11-19 12:32:04 - [TEST_STEP][PASSED] - setText(findTestObject("Object Repository/RAD_Pages/SAU_MDForm202F_MF_AfterJuly2021_Page/input__cardNumber"), "4111111111111111"): Text '4111111111111111' is set on object 'Object Repository/RAD_Pages/SAU_MDForm202F_MF_AfterJuly2021_Page/input__cardNumber'

2021-11-19 12:32:04 - [MESSAGE][PASSED] - Text '4111111111111111' is set on object 'Object Repository/RAD_Pages/SAU_MDForm202F_MF_AfterJuly2021_Page/input__cardNumber'

2021-11-19 12:32:04 - [TEST_STEP][PASSED] - setText(findTestObject("Object Repository/RAD_Pages/SAU_MDForm202F_MF_AfterJuly2021_Page/input__spc"), "123"): Text '123' is set on object 'Object Repository/RAD_Pages/SAU_MDForm202F_MF_AfterJuly2021_Page/input__spc'

2021-11-19 12:32:05 - [MESSAGE][PASSED] - Text '123' is set on object 'Object Repository/RAD_Pages/SAU_MDForm202F_MF_AfterJuly2021_Page/input__spc'

2021-11-19 12:32:05 - [TEST_STEP][PASSED] - selectOptionByValue(findTestObject("Object Repository/RAD_Pages/SAU_MDForm202F_MF_AfterJuly2021_Page/select_MM010203040506070809101112"), "4", true): All options with value '4' are selected in object 'Object Repository/RAD_Pages/SAU_MDForm202F_MF_AfterJuly2021_Page/select_MM010203040506070809101112'  using regular expression

2021-11-19 12:32:06 - [MESSAGE][PASSED] - All options with value '4' are selected in object 'Object Repository/RAD_Pages/SAU_MDForm202F_MF_AfterJuly2021_Page/select_MM010203040506070809101112'  using regular expression

2021-11-19 12:32:06 - [TEST_STEP][PASSED] - selectOptionByValue(findTestObject("Object Repository/RAD_Pages/SAU_MDForm202F_MF_AfterJuly2021_Page/select_YYYY20212022202320242025202620272028_8c4dd4"), "2027", true): All options with value '2027' are selected in object 'Object Repository/RAD_Pages/SAU_MDForm202F_MF_AfterJuly2021_Page/select_YYYY20212022202320242025202620272028_8c4dd4'  using regular expression

2021-11-19 12:32:07 - [MESSAGE][PASSED] - All options with value '2027' are selected in object 'Object Repository/RAD_Pages/SAU_MDForm202F_MF_AfterJuly2021_Page/select_YYYY20212022202320242025202620272028_8c4dd4'  using regular expression

2021-11-19 12:32:07 - [TEST_STEP][PASSED] - click(findTestObject("Object Repository/RAD_Pages/SAU_MDForm202F_MF_AfterJuly2021_Page/input_BillInvoice Details_ccSubmit")): Object: 'Object Repository/RAD_Pages/SAU_MDForm202F_MF_AfterJuly2021_Page/input_BillInvoice Details_ccSubmit' is clicked on

2021-11-19 12:32:09 - [MESSAGE][PASSED] - Object: 'Object Repository/RAD_Pages/SAU_MDForm202F_MF_AfterJuly2021_Page/input_BillInvoice Details_ccSubmit' is clicked on

2021-11-19 12:32:09 - [TEST_STEP][PASSED] - click(findTestObject("Object Repository/RAD_Pages/SAU_MDForm202F_MF_AfterJuly2021_Page/input_275.75_confirmNotifyAction")): Object: 'Object Repository/RAD_Pages/SAU_MDForm202F_MF_AfterJuly2021_Page/input_275.75_confirmNotifyAction' is clicked on

2021-11-19 12:32:11 - [MESSAGE][PASSED] - Object: 'Object Repository/RAD_Pages/SAU_MDForm202F_MF_AfterJuly2021_Page/input_275.75_confirmNotifyAction' is clicked on

2021-11-19 12:32:11 - [TEST_STEP][PASSED] - click(findTestObject("Object Repository/RAD_Pages/SAU_MDForm202F_MF_AfterJuly2021_Page/input_282.51_convFeeNotifyAction")): Object: 'Object Repository/RAD_Pages/SAU_MDForm202F_MF_AfterJuly2021_Page/input_282.51_convFeeNotifyAction' is clicked on

2021-11-19 12:32:12 - [MESSAGE][PASSED] - Object: 'Object Repository/RAD_Pages/SAU_MDForm202F_MF_AfterJuly2021_Page/input_282.51_convFeeNotifyAction' is clicked on

2021-11-19 12:32:12 - [TEST_STEP][PASSED] - delay(10): Delayed 10 second(s)

2021-11-19 12:32:22 - [MESSAGE][PASSED] - Delayed 10 second(s)

2021-11-19 12:32:22 - [TEST_STEP][PASSED] - verifyTextPresent("Successful Payment Receipt", true): Text 'Successful Payment Receipt' is present on page  using regular expression

2021-11-19 12:32:23 - [MESSAGE][PASSED] - Text 'Successful Payment Receipt' is present on page  using regular expression

2021-11-19 12:32:23 - [TEST_STEP][PASSED] - closeBrowser(): Browser is closed

2021-11-19 12:32:24 - [MESSAGE][PASSED] - Browser is closed]]></system-out>
         <system-err><![CDATA[]]></system-err>
      </testcase>
      <testcase name="Test Cases/RAD_TestCases/PaymentsHardCoded/SAU_MDForm202F_BeforeJuly2021_BothChkBox_HC_TC" time="178.914" classname="Test Cases/RAD_TestCases/PaymentsHardCoded/SAU_MDForm202F_BeforeJuly2021_BothChkBox_HC_TC" status="PASSED">
         <system-out><![CDATA[2021-11-19 12:32:24 - [TEST_CASE][PASSED] - Test Cases/RAD_TestCases/PaymentsHardCoded/SAU_MDForm202F_BeforeJuly2021_BothChkBox_HC_TC: Test Cases/RAD_TestCases/PaymentsHardCoded/SAU_MDForm202F_BeforeJuly2021_BothChkBox_HC_TC

2021-11-19 12:32:24 - [TEST_STEP][PASSED] - openBrowser(""): Browser is opened with url: ''

2021-11-19 12:32:24 - [MESSAGE][INFO] - Starting 'Chrome' driver

2021-11-19 12:32:24 - [MESSAGE][INFO] - User set preference: ['acceptInsecureCerts', 'true']

2021-11-19 12:32:24 - [MESSAGE][INFO] - Action delay is set to 0 milliseconds

2021-11-19 12:32:25 - [MESSAGE][PASSED] - Browser is opened with url: ''

2021-11-19 12:32:25 - [TEST_STEP][PASSED] - navigateToUrl("https://qa.velocitypayment.com/client/rad/index.html"): Navigate to 'https://qa.velocitypayment.com/client/rad/index.html' successfully

2021-11-19 12:32:28 - [MESSAGE][PASSED] - Navigate to 'https://qa.velocitypayment.com/client/rad/index.html' successfully

2021-11-19 12:32:28 - [TEST_STEP][PASSED] - selectOptionByValue(findTestObject("Object Repository/RAD_Pages/SAU_MDForm202F_MF_BeforeJuly2021_Page/select_Select    Estimated Tax    Personal _7587a1"), "5", true): All options with value '5' are selected in object 'Object Repository/RAD_Pages/SAU_MDForm202F_MF_BeforeJuly2021_Page/select_Select    Estimated Tax    Personal _7587a1'  using regular expression

2021-11-19 12:32:29 - [MESSAGE][PASSED] - All options with value '5' are selected in object 'Object Repository/RAD_Pages/SAU_MDForm202F_MF_BeforeJuly2021_Page/select_Select    Estimated Tax    Personal _7587a1'  using regular expression

2021-11-19 12:32:29 - [TEST_STEP][PASSED] - selectOptionByValue(findTestObject("Object Repository/RAD_Pages/SAU_MDForm202F_MF_BeforeJuly2021_Page/select_Select202220212020"), "2021", true): All options with value '2021' are selected in object 'Object Repository/RAD_Pages/SAU_MDForm202F_MF_BeforeJuly2021_Page/select_Select202220212020'  using regular expression

2021-11-19 12:33:00 - [MESSAGE][INFO] - Unable to find the element located by 'By.xpath: //*[@id = 'taxYear' and @name = 'taxYear' and (text() = 'Select202220212020' or . = 'Select202220212020')]'. Please recheck the objects properties to make sure the desired element is located. 

2021-11-19 12:33:00 - [MESSAGE][WARNING] - [SELF-HEALING] Failed to find element with id 'Object Repository/RAD_Pages/SAU_MDForm202F_MF_BeforeJuly2021_Page/select_Select202220212020'. Try using Self-healing.

2021-11-19 12:33:00 - [MESSAGE][WARNING] - [SELF-HEALING] The current locator of test object 'Object Repository/RAD_Pages/SAU_MDForm202F_MF_BeforeJuly2021_Page/select_Select202220212020' was broken. Propose an alternative one: '//select[@id='taxYear']'.

2021-11-19 12:33:01 - [MESSAGE][PASSED] - All options with value '2021' are selected in object 'Object Repository/RAD_Pages/SAU_MDForm202F_MF_BeforeJuly2021_Page/select_Select202220212020'  using regular expression

2021-11-19 12:33:01 - [TEST_STEP][PASSED] - selectOptionByValue(findTestObject("Object Repository/RAD_Pages/SAU_MDForm202F_MF_BeforeJuly2021_Page/select_MonthJanuaryFebruaryMarchAprilMayJun_aa9ebb"), "01", true): All options with value '01' are selected in object 'Object Repository/RAD_Pages/SAU_MDForm202F_MF_BeforeJuly2021_Page/select_MonthJanuaryFebruaryMarchAprilMayJun_aa9ebb'  using regular expression

2021-11-19 12:33:32 - [MESSAGE][INFO] - Unable to find the element located by 'By.xpath: //*[@id = 'salesUseMonth' and @name = 'salesUseMonth' and (text() = '
										    Month
											January
											February
											March
											April
											May
											June
											July
											August
											September
											October
											November
											December
										  ' or . = '
										    Month
											January
											February
											March
											April
											May
											June
											July
											August
											September
											October
											November
											December
										  ')]'. Please recheck the objects properties to make sure the desired element is located. 

2021-11-19 12:33:32 - [MESSAGE][WARNING] - [SELF-HEALING] Failed to find element with id 'Object Repository/RAD_Pages/SAU_MDForm202F_MF_BeforeJuly2021_Page/select_MonthJanuaryFebruaryMarchAprilMayJun_aa9ebb'. Try using Self-healing.

2021-11-19 12:33:33 - [MESSAGE][WARNING] - [SELF-HEALING] The current locator of test object 'Object Repository/RAD_Pages/SAU_MDForm202F_MF_BeforeJuly2021_Page/select_MonthJanuaryFebruaryMarchAprilMayJun_aa9ebb' was broken. Propose an alternative one: '//select[@id='salesUseMonth']'.

2021-11-19 12:33:33 - [MESSAGE][PASSED] - All options with value '01' are selected in object 'Object Repository/RAD_Pages/SAU_MDForm202F_MF_BeforeJuly2021_Page/select_MonthJanuaryFebruaryMarchAprilMayJun_aa9ebb'  using regular expression

2021-11-19 12:33:33 - [TEST_STEP][PASSED] - setText(findTestObject("Object Repository/RAD_Pages/SAU_MDForm202F_MF_BeforeJuly2021_Page/input_Note_businessName"), "Barista Foundry"): Text 'Barista Foundry' is set on object 'Object Repository/RAD_Pages/SAU_MDForm202F_MF_BeforeJuly2021_Page/input_Note_businessName'

2021-11-19 12:33:34 - [MESSAGE][PASSED] - Text 'Barista Foundry' is set on object 'Object Repository/RAD_Pages/SAU_MDForm202F_MF_BeforeJuly2021_Page/input_Note_businessName'

2021-11-19 12:33:34 - [TEST_STEP][PASSED] - setText(findTestObject("Object Repository/RAD_Pages/SAU_MDForm202F_MF_BeforeJuly2021_Page/input_Enter business name_firstName"), "Eoin"): Text 'Eoin' is set on object 'Object Repository/RAD_Pages/SAU_MDForm202F_MF_BeforeJuly2021_Page/input_Enter business name_firstName'

2021-11-19 12:33:35 - [MESSAGE][PASSED] - Text 'Eoin' is set on object 'Object Repository/RAD_Pages/SAU_MDForm202F_MF_BeforeJuly2021_Page/input_Enter business name_firstName'

2021-11-19 12:33:35 - [TEST_STEP][PASSED] - setText(findTestObject("Object Repository/RAD_Pages/SAU_MDForm202F_MF_BeforeJuly2021_Page/input_Middle Name_lastName"), "Morgan"): Text 'Morgan' is set on object 'Object Repository/RAD_Pages/SAU_MDForm202F_MF_BeforeJuly2021_Page/input_Middle Name_lastName'

2021-11-19 12:33:36 - [MESSAGE][PASSED] - Text 'Morgan' is set on object 'Object Repository/RAD_Pages/SAU_MDForm202F_MF_BeforeJuly2021_Page/input_Middle Name_lastName'

2021-11-19 12:33:36 - [TEST_STEP][PASSED] - setText(findTestObject("Object Repository/RAD_Pages/SAU_MDForm202F_MF_BeforeJuly2021_Page/input_Select a country_streetAddress1"), "145 King street"): Text '145 King street' is set on object 'Object Repository/RAD_Pages/SAU_MDForm202F_MF_BeforeJuly2021_Page/input_Select a country_streetAddress1'

2021-11-19 12:33:36 - [MESSAGE][PASSED] - Text '145 King street' is set on object 'Object Repository/RAD_Pages/SAU_MDForm202F_MF_BeforeJuly2021_Page/input_Select a country_streetAddress1'

2021-11-19 12:33:36 - [TEST_STEP][PASSED] - setText(findTestObject("Object Repository/RAD_Pages/SAU_MDForm202F_MF_BeforeJuly2021_Page/input_Street Address 2_city"), "severn"): Text 'severn' is set on object 'Object Repository/RAD_Pages/SAU_MDForm202F_MF_BeforeJuly2021_Page/input_Street Address 2_city'

2021-11-19 12:33:37 - [MESSAGE][PASSED] - Text 'severn' is set on object 'Object Repository/RAD_Pages/SAU_MDForm202F_MF_BeforeJuly2021_Page/input_Street Address 2_city'

2021-11-19 12:33:37 - [TEST_STEP][PASSED] - selectOptionByValue(findTestObject("Object Repository/RAD_Pages/SAU_MDForm202F_MF_BeforeJuly2021_Page/select_SelectAlabamaAlaskaArizonaArkansasCa_90914a"), "MD", true): All options with value 'MD' are selected in object 'Object Repository/RAD_Pages/SAU_MDForm202F_MF_BeforeJuly2021_Page/select_SelectAlabamaAlaskaArizonaArkansasCa_90914a'  using regular expression

2021-11-19 12:33:39 - [MESSAGE][PASSED] - All options with value 'MD' are selected in object 'Object Repository/RAD_Pages/SAU_MDForm202F_MF_BeforeJuly2021_Page/select_SelectAlabamaAlaskaArizonaArkansasCa_90914a'  using regular expression

2021-11-19 12:33:39 - [TEST_STEP][PASSED] - setText(findTestObject("Object Repository/RAD_Pages/SAU_MDForm202F_MF_BeforeJuly2021_Page/input_Select a state_zipCode"), "21114"): Text '21114' is set on object 'Object Repository/RAD_Pages/SAU_MDForm202F_MF_BeforeJuly2021_Page/input_Select a state_zipCode'

2021-11-19 12:33:39 - [MESSAGE][PASSED] - Text '21114' is set on object 'Object Repository/RAD_Pages/SAU_MDForm202F_MF_BeforeJuly2021_Page/input_Select a state_zipCode'

2021-11-19 12:33:39 - [TEST_STEP][PASSED] - setText(findTestObject("Object Repository/RAD_Pages/SAU_MDForm202F_MF_BeforeJuly2021_Page/input_Select a state_zipCode"), "20720"): Text '20720' is set on object 'Object Repository/RAD_Pages/SAU_MDForm202F_MF_BeforeJuly2021_Page/input_Select a state_zipCode'

2021-11-19 12:33:40 - [MESSAGE][PASSED] - Text '20720' is set on object 'Object Repository/RAD_Pages/SAU_MDForm202F_MF_BeforeJuly2021_Page/input_Select a state_zipCode'

2021-11-19 12:33:40 - [TEST_STEP][PASSED] - setText(findTestObject("Object Repository/RAD_Pages/SAU_MDForm202F_MF_BeforeJuly2021_Page/input_Enter ZIP code_phoneNumber"), "(703) 894-5000"): Text '(703) 894-5000' is set on object 'Object Repository/RAD_Pages/SAU_MDForm202F_MF_BeforeJuly2021_Page/input_Enter ZIP code_phoneNumber'

2021-11-19 12:33:41 - [MESSAGE][PASSED] - Text '(703) 894-5000' is set on object 'Object Repository/RAD_Pages/SAU_MDForm202F_MF_BeforeJuly2021_Page/input_Enter ZIP code_phoneNumber'

2021-11-19 12:33:41 - [TEST_STEP][PASSED] - setText(findTestObject("Object Repository/RAD_Pages/SAU_MDForm202F_MF_BeforeJuly2021_Page/input_Enter a phone number_eMailAddress"), "iahmed@govolution.com"): Text 'iahmed@govolution.com' is set on object 'Object Repository/RAD_Pages/SAU_MDForm202F_MF_BeforeJuly2021_Page/input_Enter a phone number_eMailAddress'

2021-11-19 12:33:42 - [MESSAGE][PASSED] - Text 'iahmed@govolution.com' is set on object 'Object Repository/RAD_Pages/SAU_MDForm202F_MF_BeforeJuly2021_Page/input_Enter a phone number_eMailAddress'

2021-11-19 12:33:42 - [TEST_STEP][PASSED] - setText(findTestObject("Object Repository/RAD_Pages/SAU_MDForm202F_MF_BeforeJuly2021_Page/input_Enter Email_reEnterEMailAddress"), "iahmed@govolution.com"): Text 'iahmed@govolution.com' is set on object 'Object Repository/RAD_Pages/SAU_MDForm202F_MF_BeforeJuly2021_Page/input_Enter Email_reEnterEMailAddress'

2021-11-19 12:33:42 - [MESSAGE][PASSED] - Text 'iahmed@govolution.com' is set on object 'Object Repository/RAD_Pages/SAU_MDForm202F_MF_BeforeJuly2021_Page/input_Enter Email_reEnterEMailAddress'

2021-11-19 12:33:42 - [TEST_STEP][PASSED] - setEncryptedText(findTestObject("Object Repository/RAD_Pages/TaxInfo_Page/input_FederalEIN"), "0fDtEjy4ijeV75Gl5M+mSg=="): Text ****** has been set on object 'Object Repository/RAD_Pages/TaxInfo_Page/input_FederalEIN'

2021-11-19 12:34:14 - [MESSAGE][INFO] - Unable to find the element located by 'By.xpath: //*[@id = 'data' and @name = 'Data' and @type = 'password' and @placeholder = 'Federal EIN']'. Please recheck the objects properties to make sure the desired element is located. 

2021-11-19 12:34:14 - [MESSAGE][WARNING] - [SELF-HEALING] Failed to find element with id 'Object Repository/RAD_Pages/TaxInfo_Page/input_FederalEIN'. Try using Self-healing.

2021-11-19 12:34:14 - [MESSAGE][WARNING] - [SELF-HEALING] The current locator of test object 'Object Repository/RAD_Pages/TaxInfo_Page/input_FederalEIN' was broken. Propose an alternative one: '#data'.

2021-11-19 12:34:14 - [MESSAGE][PASSED] - Text ****** has been set on object 'Object Repository/RAD_Pages/TaxInfo_Page/input_FederalEIN'

2021-11-19 12:34:14 - [TEST_STEP][PASSED] - setEncryptedText(findTestObject("Object Repository/RAD_Pages/TaxInfo_Page/input_FederalEIN_ReEnter"), "0fDtEjy4ijeV75Gl5M+mSg=="): Text ****** has been set on object 'Object Repository/RAD_Pages/TaxInfo_Page/input_FederalEIN_ReEnter'

2021-11-19 12:34:45 - [MESSAGE][INFO] - Unable to find the element located by 'By.xpath: //*[@id = 'data' and @name = 'Data' and @type = 'password' and @placeholder = 'Re-Type Federal EIN']'. Please recheck the objects properties to make sure the desired element is located. 

2021-11-19 12:34:45 - [MESSAGE][WARNING] - [SELF-HEALING] Failed to find element with id 'Object Repository/RAD_Pages/TaxInfo_Page/input_FederalEIN_ReEnter'. Try using Self-healing.

2021-11-19 12:34:45 - [MESSAGE][WARNING] - [SELF-HEALING] The current locator of test object 'Object Repository/RAD_Pages/TaxInfo_Page/input_FederalEIN_ReEnter' was broken. Propose an alternative one: '//input[@id='data']'.

2021-11-19 12:34:46 - [MESSAGE][PASSED] - Text ****** has been set on object 'Object Repository/RAD_Pages/TaxInfo_Page/input_FederalEIN_ReEnter'

2021-11-19 12:34:46 - [TEST_STEP][PASSED] - setText(findTestObject("Object Repository/RAD_Pages/TaxInfo_Page/input_MDCRegistration"), "07640126"): Text '07640126' is set on object 'Object Repository/RAD_Pages/TaxInfo_Page/input_MDCRegistration'

2021-11-19 12:34:46 - [MESSAGE][PASSED] - Text '07640126' is set on object 'Object Repository/RAD_Pages/TaxInfo_Page/input_MDCRegistration'

2021-11-19 12:34:46 - [TEST_STEP][PASSED] - setText(findTestObject("Object Repository/RAD_Pages/SAU_MDForm202F_MF_BeforeJuly2021_Page/input__GrossSales1"), "1000.00"): Text '1000.00' is set on object 'Object Repository/RAD_Pages/SAU_MDForm202F_MF_BeforeJuly2021_Page/input__GrossSales1'

2021-11-19 12:34:47 - [MESSAGE][PASSED] - Text '1000.00' is set on object 'Object Repository/RAD_Pages/SAU_MDForm202F_MF_BeforeJuly2021_Page/input__GrossSales1'

2021-11-19 12:34:47 - [TEST_STEP][PASSED] - click(findTestObject("Object Repository/RAD_Pages/SAU_MDForm202F_MF_BeforeJuly2021_Page/input_MarketplaceFacilitator_ChkBox")): Object: 'Object Repository/RAD_Pages/SAU_MDForm202F_MF_BeforeJuly2021_Page/input_MarketplaceFacilitator_ChkBox' is clicked on

2021-11-19 12:34:48 - [MESSAGE][PASSED] - Object: 'Object Repository/RAD_Pages/SAU_MDForm202F_MF_BeforeJuly2021_Page/input_MarketplaceFacilitator_ChkBox' is clicked on

2021-11-19 12:34:48 - [TEST_STEP][PASSED] - click(findTestObject("Object Repository/RAD_Pages/SalesTaxReturnInfo_Page/input_OutOfStateVendor")): Object: 'Object Repository/RAD_Pages/SalesTaxReturnInfo_Page/input_OutOfStateVendor' is clicked on

2021-11-19 12:34:48 - [MESSAGE][PASSED] - Object: 'Object Repository/RAD_Pages/SalesTaxReturnInfo_Page/input_OutOfStateVendor' is clicked on

2021-11-19 12:34:48 - [TEST_STEP][PASSED] - setText(findTestObject("Object Repository/RAD_Pages/SAU_MDForm202F_MF_BeforeJuly2021_Page/input__FacGrossSales1"), "3000.00"): Text '3000.00' is set on object 'Object Repository/RAD_Pages/SAU_MDForm202F_MF_BeforeJuly2021_Page/input__FacGrossSales1'

2021-11-19 12:34:49 - [MESSAGE][PASSED] - Text '3000.00' is set on object 'Object Repository/RAD_Pages/SAU_MDForm202F_MF_BeforeJuly2021_Page/input__FacGrossSales1'

2021-11-19 12:34:49 - [TEST_STEP][PASSED] - setText(findTestObject("Object Repository/RAD_Pages/SAU_MDForm202F_MF_BeforeJuly2021_Page/input__FacTaxableSales1"), "100.00"): Text '100.00' is set on object 'Object Repository/RAD_Pages/SAU_MDForm202F_MF_BeforeJuly2021_Page/input__FacTaxableSales1'

2021-11-19 12:34:49 - [MESSAGE][PASSED] - Text '100.00' is set on object 'Object Repository/RAD_Pages/SAU_MDForm202F_MF_BeforeJuly2021_Page/input__FacTaxableSales1'

2021-11-19 12:34:49 - [TEST_STEP][PASSED] - setText(findTestObject("Object Repository/RAD_Pages/SAU_MDForm202F_MF_BeforeJuly2021_Page/input__FacCarRental1"), "100.00"): Text '100.00' is set on object 'Object Repository/RAD_Pages/SAU_MDForm202F_MF_BeforeJuly2021_Page/input__FacCarRental1'

2021-11-19 12:34:50 - [MESSAGE][PASSED] - Text '100.00' is set on object 'Object Repository/RAD_Pages/SAU_MDForm202F_MF_BeforeJuly2021_Page/input__FacCarRental1'

2021-11-19 12:34:50 - [TEST_STEP][PASSED] - setText(findTestObject("Object Repository/RAD_Pages/SAU_MDForm202F_MF_BeforeJuly2021_Page/input__FacTruckRental1"), "100.00"): Text '100.00' is set on object 'Object Repository/RAD_Pages/SAU_MDForm202F_MF_BeforeJuly2021_Page/input__FacTruckRental1'

2021-11-19 12:34:51 - [MESSAGE][PASSED] - Text '100.00' is set on object 'Object Repository/RAD_Pages/SAU_MDForm202F_MF_BeforeJuly2021_Page/input__FacTruckRental1'

2021-11-19 12:34:51 - [TEST_STEP][PASSED] - setText(findTestObject("Object Repository/RAD_Pages/SAU_MDForm202F_MF_BeforeJuly2021_Page/input__FacAlcoholSales1"), "100.00"): Text '100.00' is set on object 'Object Repository/RAD_Pages/SAU_MDForm202F_MF_BeforeJuly2021_Page/input__FacAlcoholSales1'

2021-11-19 12:34:52 - [MESSAGE][PASSED] - Text '100.00' is set on object 'Object Repository/RAD_Pages/SAU_MDForm202F_MF_BeforeJuly2021_Page/input__FacAlcoholSales1'

2021-11-19 12:34:52 - [TEST_STEP][PASSED] - setText(findTestObject("Object Repository/RAD_Pages/SAU_MDForm202F_MF_BeforeJuly2021_Page/input__GrossSales1"), "1000.00"): Text '1000.00' is set on object 'Object Repository/RAD_Pages/SAU_MDForm202F_MF_BeforeJuly2021_Page/input__GrossSales1'

2021-11-19 12:34:52 - [MESSAGE][PASSED] - Text '1000.00' is set on object 'Object Repository/RAD_Pages/SAU_MDForm202F_MF_BeforeJuly2021_Page/input__GrossSales1'

2021-11-19 12:34:52 - [TEST_STEP][PASSED] - setText(findTestObject("Object Repository/RAD_Pages/SAU_MDForm202F_MF_BeforeJuly2021_Page/input__TaxableSales1"), "100.00"): Text '100.00' is set on object 'Object Repository/RAD_Pages/SAU_MDForm202F_MF_BeforeJuly2021_Page/input__TaxableSales1'

2021-11-19 12:34:53 - [MESSAGE][PASSED] - Text '100.00' is set on object 'Object Repository/RAD_Pages/SAU_MDForm202F_MF_BeforeJuly2021_Page/input__TaxableSales1'

2021-11-19 12:34:53 - [TEST_STEP][PASSED] - setText(findTestObject("Object Repository/RAD_Pages/SAU_MDForm202F_MF_BeforeJuly2021_Page/input__CarRental1"), "100.00"): Text '100.00' is set on object 'Object Repository/RAD_Pages/SAU_MDForm202F_MF_BeforeJuly2021_Page/input__CarRental1'

2021-11-19 12:34:54 - [MESSAGE][PASSED] - Text '100.00' is set on object 'Object Repository/RAD_Pages/SAU_MDForm202F_MF_BeforeJuly2021_Page/input__CarRental1'

2021-11-19 12:34:54 - [TEST_STEP][PASSED] - setText(findTestObject("Object Repository/RAD_Pages/SAU_MDForm202F_MF_BeforeJuly2021_Page/input__TruckRental1"), "100.00"): Text '100.00' is set on object 'Object Repository/RAD_Pages/SAU_MDForm202F_MF_BeforeJuly2021_Page/input__TruckRental1'

2021-11-19 12:34:54 - [MESSAGE][PASSED] - Text '100.00' is set on object 'Object Repository/RAD_Pages/SAU_MDForm202F_MF_BeforeJuly2021_Page/input__TruckRental1'

2021-11-19 12:34:54 - [TEST_STEP][PASSED] - setText(findTestObject("Object Repository/RAD_Pages/SAU_MDForm202F_MF_BeforeJuly2021_Page/input__AlcoholSales1"), "100.00"): Text '100.00' is set on object 'Object Repository/RAD_Pages/SAU_MDForm202F_MF_BeforeJuly2021_Page/input__AlcoholSales1'

2021-11-19 12:34:55 - [MESSAGE][PASSED] - Text '100.00' is set on object 'Object Repository/RAD_Pages/SAU_MDForm202F_MF_BeforeJuly2021_Page/input__AlcoholSales1'

2021-11-19 12:34:55 - [TEST_STEP][PASSED] - setText(findTestObject("Object Repository/RAD_Pages/SAU_MDForm202F_MF_BeforeJuly2021_Page/input__Purchases1"), "100.00"): Text '100.00' is set on object 'Object Repository/RAD_Pages/SAU_MDForm202F_MF_BeforeJuly2021_Page/input__Purchases1'

2021-11-19 12:34:56 - [MESSAGE][PASSED] - Text '100.00' is set on object 'Object Repository/RAD_Pages/SAU_MDForm202F_MF_BeforeJuly2021_Page/input__Purchases1'

2021-11-19 12:34:56 - [TEST_STEP][PASSED] - setText(findTestObject("Object Repository/RAD_Pages/SAU_MDForm202F_MF_BeforeJuly2021_Page/input__AlcoholPurchases1"), "100.00"): Text '100.00' is set on object 'Object Repository/RAD_Pages/SAU_MDForm202F_MF_BeforeJuly2021_Page/input__AlcoholPurchases1'

2021-11-19 12:34:57 - [MESSAGE][PASSED] - Text '100.00' is set on object 'Object Repository/RAD_Pages/SAU_MDForm202F_MF_BeforeJuly2021_Page/input__AlcoholPurchases1'

2021-11-19 12:34:57 - [TEST_STEP][PASSED] - setText(findTestObject("Object Repository/RAD_Pages/SAU_MDForm202F_MF_BeforeJuly2021_Page/input__Refund1"), "100.00"): Text '100.00' is set on object 'Object Repository/RAD_Pages/SAU_MDForm202F_MF_BeforeJuly2021_Page/input__Refund1'

2021-11-19 12:34:57 - [MESSAGE][PASSED] - Text '100.00' is set on object 'Object Repository/RAD_Pages/SAU_MDForm202F_MF_BeforeJuly2021_Page/input__Refund1'

2021-11-19 12:34:57 - [TEST_STEP][PASSED] - setText(findTestObject("Object Repository/RAD_Pages/SAU_MDForm202F_MF_BeforeJuly2021_Page/input__PenaltyInterest1"), "100.00"): Text '100.00' is set on object 'Object Repository/RAD_Pages/SAU_MDForm202F_MF_BeforeJuly2021_Page/input__PenaltyInterest1'

2021-11-19 12:34:58 - [MESSAGE][PASSED] - Text '100.00' is set on object 'Object Repository/RAD_Pages/SAU_MDForm202F_MF_BeforeJuly2021_Page/input__PenaltyInterest1'

2021-11-19 12:34:58 - [TEST_STEP][PASSED] - setText(findTestObject("Object Repository/RAD_Pages/SAU_MDForm202F_MF_BeforeJuly2021_Page/input__E911Fee1"), "95.00"): Text '95.00' is set on object 'Object Repository/RAD_Pages/SAU_MDForm202F_MF_BeforeJuly2021_Page/input__E911Fee1'

2021-11-19 12:34:59 - [MESSAGE][PASSED] - Text '95.00' is set on object 'Object Repository/RAD_Pages/SAU_MDForm202F_MF_BeforeJuly2021_Page/input__E911Fee1'

2021-11-19 12:34:59 - [TEST_STEP][PASSED] - scrollToElement(findTestObject("Object Repository/RAD_Pages/SAU_MDForm202_Page/button_Continue"), 3): Scroll to object 'Object Repository/RAD_Pages/SAU_MDForm202_Page/button_Continue' successfully

2021-11-19 12:34:59 - [MESSAGE][PASSED] - Scroll to object 'Object Repository/RAD_Pages/SAU_MDForm202_Page/button_Continue' successfully

2021-11-19 12:34:59 - [TEST_STEP][PASSED] - waitForElementClickable(findTestObject("Object Repository/RAD_Pages/SAU_MDForm202_Page/button_Continue"), 5): Object 'Object Repository/RAD_Pages/SAU_MDForm202_Page/button_Continue' is clickable

2021-11-19 12:35:00 - [MESSAGE][PASSED] - Object 'Object Repository/RAD_Pages/SAU_MDForm202_Page/button_Continue' is clickable

2021-11-19 12:35:00 - [TEST_STEP][PASSED] - click(findTestObject("Object Repository/RAD_Pages/SAU_MDForm202_Page/button_Continue")): Object: 'Object Repository/RAD_Pages/SAU_MDForm202_Page/button_Continue' is clicked on

2021-11-19 12:35:00 - [MESSAGE][PASSED] - Object: 'Object Repository/RAD_Pages/SAU_MDForm202_Page/button_Continue' is clicked on

2021-11-19 12:35:00 - [TEST_STEP][PASSED] - click(findTestObject("Object Repository/RAD_Pages/SAU_MDForm202_Page/button_Proceed to Payment")): Object: 'Object Repository/RAD_Pages/SAU_MDForm202_Page/button_Proceed to Payment' is clicked on

2021-11-19 12:35:03 - [MESSAGE][PASSED] - Object: 'Object Repository/RAD_Pages/SAU_MDForm202_Page/button_Proceed to Payment' is clicked on

2021-11-19 12:35:03 - [TEST_STEP][PASSED] - setText(findTestObject("Object Repository/RAD_Pages/SAU_MDForm202F_MF_BeforeJuly2021_Page/input__cardNumber"), "4111111111111111"): Text '4111111111111111' is set on object 'Object Repository/RAD_Pages/SAU_MDForm202F_MF_BeforeJuly2021_Page/input__cardNumber'

2021-11-19 12:35:04 - [MESSAGE][PASSED] - Text '4111111111111111' is set on object 'Object Repository/RAD_Pages/SAU_MDForm202F_MF_BeforeJuly2021_Page/input__cardNumber'

2021-11-19 12:35:04 - [TEST_STEP][PASSED] - setText(findTestObject("Object Repository/RAD_Pages/SAU_MDForm202F_MF_BeforeJuly2021_Page/input__spc"), "123"): Text '123' is set on object 'Object Repository/RAD_Pages/SAU_MDForm202F_MF_BeforeJuly2021_Page/input__spc'

2021-11-19 12:35:04 - [MESSAGE][PASSED] - Text '123' is set on object 'Object Repository/RAD_Pages/SAU_MDForm202F_MF_BeforeJuly2021_Page/input__spc'

2021-11-19 12:35:04 - [TEST_STEP][PASSED] - selectOptionByValue(findTestObject("Object Repository/RAD_Pages/SAU_MDForm202F_MF_BeforeJuly2021_Page/select_MM010203040506070809101112"), "4", true): All options with value '4' are selected in object 'Object Repository/RAD_Pages/SAU_MDForm202F_MF_BeforeJuly2021_Page/select_MM010203040506070809101112'  using regular expression

2021-11-19 12:35:06 - [MESSAGE][PASSED] - All options with value '4' are selected in object 'Object Repository/RAD_Pages/SAU_MDForm202F_MF_BeforeJuly2021_Page/select_MM010203040506070809101112'  using regular expression

2021-11-19 12:35:06 - [TEST_STEP][PASSED] - selectOptionByValue(findTestObject("Object Repository/RAD_Pages/SAU_MDForm202F_MF_BeforeJuly2021_Page/select_YYYY20212022202320242025202620272028_8c4dd4"), "2027", true): All options with value '2027' are selected in object 'Object Repository/RAD_Pages/SAU_MDForm202F_MF_BeforeJuly2021_Page/select_YYYY20212022202320242025202620272028_8c4dd4'  using regular expression

2021-11-19 12:35:07 - [MESSAGE][PASSED] - All options with value '2027' are selected in object 'Object Repository/RAD_Pages/SAU_MDForm202F_MF_BeforeJuly2021_Page/select_YYYY20212022202320242025202620272028_8c4dd4'  using regular expression

2021-11-19 12:35:07 - [TEST_STEP][PASSED] - click(findTestObject("Object Repository/RAD_Pages/SAU_MDForm202F_MF_BeforeJuly2021_Page/input_BillInvoice Details_ccSubmit")): Object: 'Object Repository/RAD_Pages/SAU_MDForm202F_MF_BeforeJuly2021_Page/input_BillInvoice Details_ccSubmit' is clicked on

2021-11-19 12:35:08 - [MESSAGE][PASSED] - Object: 'Object Repository/RAD_Pages/SAU_MDForm202F_MF_BeforeJuly2021_Page/input_BillInvoice Details_ccSubmit' is clicked on

2021-11-19 12:35:08 - [TEST_STEP][PASSED] - click(findTestObject("Object Repository/RAD_Pages/SAU_MDForm202F_MF_BeforeJuly2021_Page/input_90.00_confirmNotifyAction")): Object: 'Object Repository/RAD_Pages/SAU_MDForm202F_MF_BeforeJuly2021_Page/input_90.00_confirmNotifyAction' is clicked on

2021-11-19 12:35:09 - [MESSAGE][PASSED] - Object: 'Object Repository/RAD_Pages/SAU_MDForm202F_MF_BeforeJuly2021_Page/input_90.00_confirmNotifyAction' is clicked on

2021-11-19 12:35:09 - [TEST_STEP][PASSED] - click(findTestObject("Object Repository/RAD_Pages/SAU_MDForm202F_MF_BeforeJuly2021_Page/input_92.21_convFeeNotifyAction")): Object: 'Object Repository/RAD_Pages/SAU_MDForm202F_MF_BeforeJuly2021_Page/input_92.21_convFeeNotifyAction' is clicked on

2021-11-19 12:35:11 - [MESSAGE][PASSED] - Object: 'Object Repository/RAD_Pages/SAU_MDForm202F_MF_BeforeJuly2021_Page/input_92.21_convFeeNotifyAction' is clicked on

2021-11-19 12:35:11 - [TEST_STEP][PASSED] - delay(10): Delayed 10 second(s)

2021-11-19 12:35:21 - [MESSAGE][PASSED] - Delayed 10 second(s)

2021-11-19 12:35:21 - [TEST_STEP][PASSED] - verifyTextPresent("Successful Payment Receipt", true): Text 'Successful Payment Receipt' is present on page  using regular expression

2021-11-19 12:35:22 - [MESSAGE][PASSED] - Text 'Successful Payment Receipt' is present on page  using regular expression

2021-11-19 12:35:22 - [TEST_STEP][PASSED] - closeBrowser(): Browser is closed

2021-11-19 12:35:22 - [MESSAGE][PASSED] - Browser is closed]]></system-out>
         <system-err><![CDATA[]]></system-err>
      </testcase>
      <system-out><![CDATA[2021-11-19 10:28:11 - [TEST_SUITE][FAILED] - RAD_UI_TestSuite: Test Cases/RAD_TestCases/UI_TestCases/EstimatedTax_UI_TC FAILED.
Reason:
com.kms.katalon.core.exception.StepFailedException: com.kms.katalon.core.webui.exception.WebElementNotFoundException: Web element with id: 'Object Repository/RAD_RecordAndPlay/input_JointFilerSSN' located by '//*[@id = 'data' and @name = 'Data' and @type = 'password' and @placeholder = 'Social Security Number']' not found (Root cause: com.kms.katalon.core.exception.StepFailedException: com.kms.katalon.core.webui.exception.WebElementNotFoundException: Web element with id: 'Object Repository/RAD_RecordAndPlay/input_JointFilerSSN' located by '//*[@id = 'data' and @name = 'Data' and @type = 'password' and @placeholder = 'Social Security Number']' not found
	at com.kms.katalon.core.webui.keyword.internal.WebUIKeywordMain.stepFailed(WebUIKeywordMain.groovy:64)
	at com.kms.katalon.core.webui.keyword.builtin.VerifyElementPresentKeyword$_verifyElementPresent_closure1.doCall(VerifyElementPresentKeyword.groovy:85)
	at com.kms.katalon.core.webui.keyword.builtin.VerifyElementPresentKeyword$_verifyElementPresent_closure1.call(VerifyElementPresentKeyword.groovy)
	at com.kms.katalon.core.webui.keyword.internal.WebUIKeywordMain.runKeyword(WebUIKeywordMain.groovy:20)
	at com.kms.katalon.core.webui.keyword.builtin.VerifyElementPresentKeyword.verifyElementPresent(VerifyElementPresentKeyword.groovy:92)
	at com.kms.katalon.core.webui.keyword.builtin.VerifyElementPresentKeyword.execute(VerifyElementPresentKeyword.groovy:68)
	at com.kms.katalon.core.keyword.internal.KeywordExecutor.executeKeywordForPlatform(KeywordExecutor.groovy:74)
	at com.kms.katalon.core.webui.keyword.WebUiBuiltInKeywords.verifyElementPresent(WebUiBuiltInKeywords.groovy:1464)
	at com.kms.katalon.core.webui.keyword.WebUiBuiltInKeywords$verifyElementPresent$2.call(Unknown Source)
	at EstimatedTax_UI_TC.run(EstimatedTax_UI_TC:267)
	at com.kms.katalon.core.main.ScriptEngine.run(ScriptEngine.java:194)
	at com.kms.katalon.core.main.ScriptEngine.runScriptAsRawText(ScriptEngine.java:119)
	at com.kms.katalon.core.main.TestCaseExecutor.runScript(TestCaseExecutor.java:430)
	at com.kms.katalon.core.main.TestCaseExecutor.doExecute(TestCaseExecutor.java:421)
	at com.kms.katalon.core.main.TestCaseExecutor.processExecutionPhase(TestCaseExecutor.java:400)
	at com.kms.katalon.core.main.TestCaseExecutor.accessMainPhase(TestCaseExecutor.java:392)
	at com.kms.katalon.core.main.TestCaseExecutor.execute(TestCaseExecutor.java:273)
	at com.kms.katalon.core.main.TestSuiteExecutor.accessTestCaseMainPhase(TestSuiteExecutor.java:202)
	at com.kms.katalon.core.main.TestSuiteExecutor.accessTestSuiteMainPhase(TestSuiteExecutor.java:164)
	at com.kms.katalon.core.main.TestSuiteExecutor.execute(TestSuiteExecutor.java:105)
	at com.kms.katalon.core.main.TestCaseMain.startTestSuite(TestCaseMain.java:185)
	at com.kms.katalon.core.main.TestCaseMain$startTestSuite$0.call(Unknown Source)
	at TempTestSuite1637335687322.run(TempTestSuite1637335687322.groovy:36)
)
	at com.kms.katalon.core.keyword.internal.KeywordMain.stepFailed(KeywordMain.groovy:39)
	at com.kms.katalon.core.webui.keyword.internal.WebUIKeywordMain.stepFailed(WebUIKeywordMain.groovy:64)
	at com.kms.katalon.core.webui.keyword.builtin.VerifyElementPresentKeyword$_verifyElementPresent_closure1.doCall(VerifyElementPresentKeyword.groovy:85)
	at com.kms.katalon.core.webui.keyword.builtin.VerifyElementPresentKeyword$_verifyElementPresent_closure1.call(VerifyElementPresentKeyword.groovy)
	at com.kms.katalon.core.webui.keyword.internal.WebUIKeywordMain.runKeyword(WebUIKeywordMain.groovy:20)
	at com.kms.katalon.core.webui.keyword.builtin.VerifyElementPresentKeyword.verifyElementPresent(VerifyElementPresentKeyword.groovy:92)
	at com.kms.katalon.core.webui.keyword.builtin.VerifyElementPresentKeyword.execute(VerifyElementPresentKeyword.groovy:68)
	at com.kms.katalon.core.keyword.internal.KeywordExecutor.executeKeywordForPlatform(KeywordExecutor.groovy:74)
	at com.kms.katalon.core.webui.keyword.WebUiBuiltInKeywords.verifyElementPresent(WebUiBuiltInKeywords.groovy:1464)
	at com.kms.katalon.core.webui.keyword.WebUiBuiltInKeywords$verifyElementPresent$2.call(Unknown Source)
	at EstimatedTax_UI_TC.run(EstimatedTax_UI_TC:267)
	at com.kms.katalon.core.main.ScriptEngine.run(ScriptEngine.java:194)
	at com.kms.katalon.core.main.ScriptEngine.runScriptAsRawText(ScriptEngine.java:119)
	at com.kms.katalon.core.main.TestCaseExecutor.runScript(TestCaseExecutor.java:430)
	at com.kms.katalon.core.main.TestCaseExecutor.doExecute(TestCaseExecutor.java:421)
	at com.kms.katalon.core.main.TestCaseExecutor.processExecutionPhase(TestCaseExecutor.java:400)
	at com.kms.katalon.core.main.TestCaseExecutor.accessMainPhase(TestCaseExecutor.java:392)
	at com.kms.katalon.core.main.TestCaseExecutor.execute(TestCaseExecutor.java:273)
	at com.kms.katalon.core.main.TestSuiteExecutor.accessTestCaseMainPhase(TestSuiteExecutor.java:202)
	at com.kms.katalon.core.main.TestSuiteExecutor.accessTestSuiteMainPhase(TestSuiteExecutor.java:164)
	at com.kms.katalon.core.main.TestSuiteExecutor.execute(TestSuiteExecutor.java:105)
	at com.kms.katalon.core.main.TestCaseMain.startTestSuite(TestCaseMain.java:185)
	at com.kms.katalon.core.main.TestCaseMain$startTestSuite$0.call(Unknown Source)
	at TempTestSuite1637335687322.run(TempTestSuite1637335687322.groovy:36)
Caused by: com.kms.katalon.core.exception.StepFailedException: com.kms.katalon.core.webui.exception.WebElementNotFoundException: Web element with id: 'Object Repository/RAD_RecordAndPlay/input_JointFilerSSN' located by '//*[@id = 'data' and @name = 'Data' and @type = 'password' and @placeholder = 'Social Security Number']' not found
	... 23 more]]></system-out>
      <system-err><![CDATA[2021-11-19 10:28:11 - [TEST_SUITE][FAILED] - RAD_UI_TestSuite: Test Cases/RAD_TestCases/UI_TestCases/EstimatedTax_UI_TC FAILED.
Reason:
com.kms.katalon.core.exception.StepFailedException: com.kms.katalon.core.webui.exception.WebElementNotFoundException: Web element with id: 'Object Repository/RAD_RecordAndPlay/input_JointFilerSSN' located by '//*[@id = 'data' and @name = 'Data' and @type = 'password' and @placeholder = 'Social Security Number']' not found (Root cause: com.kms.katalon.core.exception.StepFailedException: com.kms.katalon.core.webui.exception.WebElementNotFoundException: Web element with id: 'Object Repository/RAD_RecordAndPlay/input_JointFilerSSN' located by '//*[@id = 'data' and @name = 'Data' and @type = 'password' and @placeholder = 'Social Security Number']' not found
	at com.kms.katalon.core.webui.keyword.internal.WebUIKeywordMain.stepFailed(WebUIKeywordMain.groovy:64)
	at com.kms.katalon.core.webui.keyword.builtin.VerifyElementPresentKeyword$_verifyElementPresent_closure1.doCall(VerifyElementPresentKeyword.groovy:85)
	at com.kms.katalon.core.webui.keyword.builtin.VerifyElementPresentKeyword$_verifyElementPresent_closure1.call(VerifyElementPresentKeyword.groovy)
	at com.kms.katalon.core.webui.keyword.internal.WebUIKeywordMain.runKeyword(WebUIKeywordMain.groovy:20)
	at com.kms.katalon.core.webui.keyword.builtin.VerifyElementPresentKeyword.verifyElementPresent(VerifyElementPresentKeyword.groovy:92)
	at com.kms.katalon.core.webui.keyword.builtin.VerifyElementPresentKeyword.execute(VerifyElementPresentKeyword.groovy:68)
	at com.kms.katalon.core.keyword.internal.KeywordExecutor.executeKeywordForPlatform(KeywordExecutor.groovy:74)
	at com.kms.katalon.core.webui.keyword.WebUiBuiltInKeywords.verifyElementPresent(WebUiBuiltInKeywords.groovy:1464)
	at com.kms.katalon.core.webui.keyword.WebUiBuiltInKeywords$verifyElementPresent$2.call(Unknown Source)
	at EstimatedTax_UI_TC.run(EstimatedTax_UI_TC:267)
	at com.kms.katalon.core.main.ScriptEngine.run(ScriptEngine.java:194)
	at com.kms.katalon.core.main.ScriptEngine.runScriptAsRawText(ScriptEngine.java:119)
	at com.kms.katalon.core.main.TestCaseExecutor.runScript(TestCaseExecutor.java:430)
	at com.kms.katalon.core.main.TestCaseExecutor.doExecute(TestCaseExecutor.java:421)
	at com.kms.katalon.core.main.TestCaseExecutor.processExecutionPhase(TestCaseExecutor.java:400)
	at com.kms.katalon.core.main.TestCaseExecutor.accessMainPhase(TestCaseExecutor.java:392)
	at com.kms.katalon.core.main.TestCaseExecutor.execute(TestCaseExecutor.java:273)
	at com.kms.katalon.core.main.TestSuiteExecutor.accessTestCaseMainPhase(TestSuiteExecutor.java:202)
	at com.kms.katalon.core.main.TestSuiteExecutor.accessTestSuiteMainPhase(TestSuiteExecutor.java:164)
	at com.kms.katalon.core.main.TestSuiteExecutor.execute(TestSuiteExecutor.java:105)
	at com.kms.katalon.core.main.TestCaseMain.startTestSuite(TestCaseMain.java:185)
	at com.kms.katalon.core.main.TestCaseMain$startTestSuite$0.call(Unknown Source)
	at TempTestSuite1637335687322.run(TempTestSuite1637335687322.groovy:36)
)
	at com.kms.katalon.core.keyword.internal.KeywordMain.stepFailed(KeywordMain.groovy:39)
	at com.kms.katalon.core.webui.keyword.internal.WebUIKeywordMain.stepFailed(WebUIKeywordMain.groovy:64)
	at com.kms.katalon.core.webui.keyword.builtin.VerifyElementPresentKeyword$_verifyElementPresent_closure1.doCall(VerifyElementPresentKeyword.groovy:85)
	at com.kms.katalon.core.webui.keyword.builtin.VerifyElementPresentKeyword$_verifyElementPresent_closure1.call(VerifyElementPresentKeyword.groovy)
	at com.kms.katalon.core.webui.keyword.internal.WebUIKeywordMain.runKeyword(WebUIKeywordMain.groovy:20)
	at com.kms.katalon.core.webui.keyword.builtin.VerifyElementPresentKeyword.verifyElementPresent(VerifyElementPresentKeyword.groovy:92)
	at com.kms.katalon.core.webui.keyword.builtin.VerifyElementPresentKeyword.execute(VerifyElementPresentKeyword.groovy:68)
	at com.kms.katalon.core.keyword.internal.KeywordExecutor.executeKeywordForPlatform(KeywordExecutor.groovy:74)
	at com.kms.katalon.core.webui.keyword.WebUiBuiltInKeywords.verifyElementPresent(WebUiBuiltInKeywords.groovy:1464)
	at com.kms.katalon.core.webui.keyword.WebUiBuiltInKeywords$verifyElementPresent$2.call(Unknown Source)
	at EstimatedTax_UI_TC.run(EstimatedTax_UI_TC:267)
	at com.kms.katalon.core.main.ScriptEngine.run(ScriptEngine.java:194)
	at com.kms.katalon.core.main.ScriptEngine.runScriptAsRawText(ScriptEngine.java:119)
	at com.kms.katalon.core.main.TestCaseExecutor.runScript(TestCaseExecutor.java:430)
	at com.kms.katalon.core.main.TestCaseExecutor.doExecute(TestCaseExecutor.java:421)
	at com.kms.katalon.core.main.TestCaseExecutor.processExecutionPhase(TestCaseExecutor.java:400)
	at com.kms.katalon.core.main.TestCaseExecutor.accessMainPhase(TestCaseExecutor.java:392)
	at com.kms.katalon.core.main.TestCaseExecutor.execute(TestCaseExecutor.java:273)
	at com.kms.katalon.core.main.TestSuiteExecutor.accessTestCaseMainPhase(TestSuiteExecutor.java:202)
	at com.kms.katalon.core.main.TestSuiteExecutor.accessTestSuiteMainPhase(TestSuiteExecutor.java:164)
	at com.kms.katalon.core.main.TestSuiteExecutor.execute(TestSuiteExecutor.java:105)
	at com.kms.katalon.core.main.TestCaseMain.startTestSuite(TestCaseMain.java:185)
	at com.kms.katalon.core.main.TestCaseMain$startTestSuite$0.call(Unknown Source)
	at TempTestSuite1637335687322.run(TempTestSuite1637335687322.groovy:36)
Caused by: com.kms.katalon.core.exception.StepFailedException: com.kms.katalon.core.webui.exception.WebElementNotFoundException: Web element with id: 'Object Repository/RAD_RecordAndPlay/input_JointFilerSSN' located by '//*[@id = 'data' and @name = 'Data' and @type = 'password' and @placeholder = 'Social Security Number']' not found
	... 23 more]]></system-err>
   </testsuite>
</testsuites>
