<?xml version="1.0" encoding="UTF-8"?>
<testsuites name="QA_IWP2.5_Regression" time="4690.29" tests="46" failures="6" errors="1">
   <testsuite name="QA_IWP2.5_Regression" tests="46" failures="6" errors="1" time="4690.29" skipped="0" timestamp="25-09-2024T12:59:59" hostname="t476046 - TXD87096.deluxe.com" id="Test Suites/QA/IWP2.5/QA_IWP2.5_Regression">
      <properties>
         <property name="deviceName" value=""/>
         <property name="devicePlatform"/>
         <property name="logFolder" value="C:\\Users\\t476046\\Documents\\katalon\\VPS-Katalon\\Reports\\20240925_125941\\QA\\IWP2.5\\QA_IWP2.5_Regression\\20240925_125941"/>
         <property name="logFiles" value="C:\\Users\\t476046\\Documents\\katalon\\VPS-Katalon\\Reports\\20240925_125941\\QA\\IWP2.5\\QA_IWP2.5_Regression\\20240925_125941\\execution0.log"/>
         <property name="attachments" value="C:\\Users\\t476046\\Documents\\katalon\\VPS-Katalon\\Reports\\20240925_125941\\QA\\IWP2.5\\QA_IWP2.5_Regression\\20240925_125941\\1727251501870.png, C:\\Users\\t476046\\Documents\\katalon\\VPS-Katalon\\Reports\\20240925_125941\\QA\\IWP2.5\\QA_IWP2.5_Regression\\20240925_125941\\1727253434245.png"/>
         <property name="hostName" value="t476046 - TXD87096.deluxe.com"/>
         <property name="os" value="Windows 10 64bit"/>
         <property name="katalonVersion" value="9.6.0.217"/>
         <property name="browser" value="Edge Chromium 128"/>
         <property name="hostAddress" value="10.203.40.166"/>
         <property name="sessionId" value="4bba872a97e5d4565e52ec539927b39c"/>
         <property name="seleniumVersion" value="3.141.59"/>
         <property name="proxyInformation" value="ProxyInformation { proxyOption=NO_PROXY, proxyServerType=HTTP, username=, password=********, proxyServerAddress=, proxyServerPort=0, executionList=&quot;&quot;, isApplyToDesiredCapabilities=true }"/>
         <property name="platform" value="Windows 10"/>
      </properties>
      <testcase name="Test Cases/IntegratedWeb/IWP25/Payments/CCDeferredCorp" time="84.692" classname="Test Cases/IntegratedWeb/IWP25/Payments/CCDeferredCorp" status="FAILED">
         <failure type="FAILED" message="Test Cases/IntegratedWeb/IWP25/Payments/CCDeferredCorp FAILED.&#xa;Reason:&#xa;com.kms.katalon.core.exception.StepFailedException: Text 'Cancel Payment Plan' is not present on page  (Root cause: com.kms.katalon.core.exception.StepFailedException: Text 'Cancel Payment Plan' is not present on page &#xa;	at com.kms.katalon.core.webui.keyword.internal.WebUIKeywordMain.stepFailed(WebUIKeywordMain.groovy:64)&#xa;	at com.kms.katalon.core.webui.keyword.builtin.VerifyTextPresentKeyword$_verifyTextPresent_closure1.doCall(VerifyTextPresentKeyword.groovy:79)&#xa;	at com.kms.katalon.core.webui.keyword.builtin.VerifyTextPresentKeyword$_verifyTextPresent_closure1.call(VerifyTextPresentKeyword.groovy)&#xa;	at com.kms.katalon.core.webui.keyword.internal.WebUIKeywordMain.runKeyword(WebUIKeywordMain.groovy:20)&#xa;	at com.kms.katalon.core.webui.keyword.builtin.VerifyTextPresentKeyword.verifyTextPresent(VerifyTextPresentKeyword.groovy:83)&#xa;	at com.kms.katalon.core.webui.keyword.builtin.VerifyTextPresentKeyword.execute(VerifyTextPresentKeyword.groovy:68)&#xa;	at com.kms.katalon.core.keyword.internal.KeywordExecutor.executeKeywordForPlatform(KeywordExecutor.groovy:74)&#xa;	at com.kms.katalon.core.webui.keyword.WebUiBuiltInKeywords.verifyTextPresent(WebUiBuiltInKeywords.groovy:1762)&#xa;	at CCDeferredCorp.run(CCDeferredCorp:110)&#xa;	at com.kms.katalon.core.main.ScriptEngine.run(ScriptEngine.java:194)&#xa;	at com.kms.katalon.core.main.ScriptEngine.runScriptAsRawText(ScriptEngine.java:119)&#xa;	at com.kms.katalon.core.main.TestCaseExecutor.runScript(TestCaseExecutor.java:448)&#xa;	at com.kms.katalon.core.main.TestCaseExecutor.doExecute(TestCaseExecutor.java:439)&#xa;	at com.kms.katalon.core.main.TestCaseExecutor.processExecutionPhase(TestCaseExecutor.java:418)&#xa;	at com.kms.katalon.core.main.TestCaseExecutor.accessMainPhase(TestCaseExecutor.java:410)&#xa;	at com.kms.katalon.core.main.TestCaseExecutor.execute(TestCaseExecutor.java:285)&#xa;	at com.kms.katalon.core.common.CommonExecutor.accessTestCaseMainPhase(CommonExecutor.java:65)&#xa;	at com.kms.katalon.core.main.TestSuiteExecutor.accessTestSuiteMainPhase(TestSuiteExecutor.java:150)&#xa;	at com.kms.katalon.core.main.TestSuiteExecutor.execute(TestSuiteExecutor.java:106)&#xa;	at com.kms.katalon.core.main.TestCaseMain.startTestSuite(TestCaseMain.java:180)&#xa;	at TempTestSuite1727249381322.run(TempTestSuite1727249381322.groovy:35)&#xa;	at java.base/jdk.internal.reflect.NativeMethodAccessorImpl.invoke0(Native Method)&#xa;	at java.base/jdk.internal.reflect.NativeMethodAccessorImpl.invoke(NativeMethodAccessorImpl.java:77)&#xa;	at java.base/jdk.internal.reflect.DelegatingMethodAccessorImpl.invoke(DelegatingMethodAccessorImpl.java:43)&#xa;)&#xa;	at com.kms.katalon.core.keyword.internal.KeywordMain.stepFailed(KeywordMain.groovy:39)&#xa;	at com.kms.katalon.core.webui.keyword.internal.WebUIKeywordMain.stepFailed(WebUIKeywordMain.groovy:64)&#xa;	at com.kms.katalon.core.webui.keyword.builtin.VerifyTextPresentKeyword$_verifyTextPresent_closure1.doCall(VerifyTextPresentKeyword.groovy:79)&#xa;	at com.kms.katalon.core.webui.keyword.builtin.VerifyTextPresentKeyword$_verifyTextPresent_closure1.call(VerifyTextPresentKeyword.groovy)&#xa;	at com.kms.katalon.core.webui.keyword.internal.WebUIKeywordMain.runKeyword(WebUIKeywordMain.groovy:20)&#xa;	at com.kms.katalon.core.webui.keyword.builtin.VerifyTextPresentKeyword.verifyTextPresent(VerifyTextPresentKeyword.groovy:83)&#xa;	at com.kms.katalon.core.webui.keyword.builtin.VerifyTextPresentKeyword.execute(VerifyTextPresentKeyword.groovy:68)&#xa;	at com.kms.katalon.core.keyword.internal.KeywordExecutor.executeKeywordForPlatform(KeywordExecutor.groovy:74)&#xa;	at com.kms.katalon.core.webui.keyword.WebUiBuiltInKeywords.verifyTextPresent(WebUiBuiltInKeywords.groovy:1762)&#xa;	at CCDeferredCorp.run(CCDeferredCorp:110)&#xa;	at com.kms.katalon.core.main.ScriptEngine.run(ScriptEngine.java:194)&#xa;	at com.kms.katalon.core.main.ScriptEngine.runScriptAsRawText(ScriptEngine.java:119)&#xa;	at com.kms.katalon.core.main.TestCaseExecutor.runScript(TestCaseExecutor.java:448)&#xa;	at com.kms.katalon.core.main.TestCaseExecutor.doExecute(TestCaseExecutor.java:439)&#xa;	at com.kms.katalon.core.main.TestCaseExecutor.processExecutionPhase(TestCaseExecutor.java:418)&#xa;	at com.kms.katalon.core.main.TestCaseExecutor.accessMainPhase(TestCaseExecutor.java:410)&#xa;	at com.kms.katalon.core.main.TestCaseExecutor.execute(TestCaseExecutor.java:285)&#xa;	at com.kms.katalon.core.common.CommonExecutor.accessTestCaseMainPhase(CommonExecutor.java:65)&#xa;	at com.kms.katalon.core.main.TestSuiteExecutor.accessTestSuiteMainPhase(TestSuiteExecutor.java:150)&#xa;	at com.kms.katalon.core.main.TestSuiteExecutor.execute(TestSuiteExecutor.java:106)&#xa;	at com.kms.katalon.core.main.TestCaseMain.startTestSuite(TestCaseMain.java:180)&#xa;	at TempTestSuite1727249381322.run(TempTestSuite1727249381322.groovy:35)&#xa;	at java.base/jdk.internal.reflect.NativeMethodAccessorImpl.invoke0(Native Method)&#xa;	at java.base/jdk.internal.reflect.NativeMethodAccessorImpl.invoke(NativeMethodAccessorImpl.java:77)&#xa;	at java.base/jdk.internal.reflect.DelegatingMethodAccessorImpl.invoke(DelegatingMethodAccessorImpl.java:43)&#xa;Caused by: com.kms.katalon.core.exception.StepFailedException: Text 'Cancel Payment Plan' is not present on page &#xa;	... 24 more&#xa;"/>
         <system-out><![CDATA[25-09-2024T12:59:59 - [TEST_CASE][FAILED] - Test Cases/IntegratedWeb/IWP25/Payments/CCDeferredCorp: Test Cases/IntegratedWeb/IWP25/Payments/CCDeferredCorp FAILED.
Reason:
com.kms.katalon.core.exception.StepFailedException: Text 'Cancel Payment Plan' is not present on page  (Root cause: com.kms.katalon.core.exception.StepFailedException: Text 'Cancel Payment Plan' is not present on page 
	at com.kms.katalon.core.webui.keyword.internal.WebUIKeywordMain.stepFailed(WebUIKeywordMain.groovy:64)
	at com.kms.katalon.core.webui.keyword.builtin.VerifyTextPresentKeyword$_verifyTextPresent_closure1.doCall(VerifyTextPresentKeyword.groovy:79)
	at com.kms.katalon.core.webui.keyword.builtin.VerifyTextPresentKeyword$_verifyTextPresent_closure1.call(VerifyTextPresentKeyword.groovy)
	at com.kms.katalon.core.webui.keyword.internal.WebUIKeywordMain.runKeyword(WebUIKeywordMain.groovy:20)
	at com.kms.katalon.core.webui.keyword.builtin.VerifyTextPresentKeyword.verifyTextPresent(VerifyTextPresentKeyword.groovy:83)
	at com.kms.katalon.core.webui.keyword.builtin.VerifyTextPresentKeyword.execute(VerifyTextPresentKeyword.groovy:68)
	at com.kms.katalon.core.keyword.internal.KeywordExecutor.executeKeywordForPlatform(KeywordExecutor.groovy:74)
	at com.kms.katalon.core.webui.keyword.WebUiBuiltInKeywords.verifyTextPresent(WebUiBuiltInKeywords.groovy:1762)
	at CCDeferredCorp.run(CCDeferredCorp:110)
	at com.kms.katalon.core.main.ScriptEngine.run(ScriptEngine.java:194)
	at com.kms.katalon.core.main.ScriptEngine.runScriptAsRawText(ScriptEngine.java:119)
	at com.kms.katalon.core.main.TestCaseExecutor.runScript(TestCaseExecutor.java:448)
	at com.kms.katalon.core.main.TestCaseExecutor.doExecute(TestCaseExecutor.java:439)
	at com.kms.katalon.core.main.TestCaseExecutor.processExecutionPhase(TestCaseExecutor.java:418)
	at com.kms.katalon.core.main.TestCaseExecutor.accessMainPhase(TestCaseExecutor.java:410)
	at com.kms.katalon.core.main.TestCaseExecutor.execute(TestCaseExecutor.java:285)
	at com.kms.katalon.core.common.CommonExecutor.accessTestCaseMainPhase(CommonExecutor.java:65)
	at com.kms.katalon.core.main.TestSuiteExecutor.accessTestSuiteMainPhase(TestSuiteExecutor.java:150)
	at com.kms.katalon.core.main.TestSuiteExecutor.execute(TestSuiteExecutor.java:106)
	at com.kms.katalon.core.main.TestCaseMain.startTestSuite(TestCaseMain.java:180)
	at TempTestSuite1727249381322.run(TempTestSuite1727249381322.groovy:35)
	at java.base/jdk.internal.reflect.NativeMethodAccessorImpl.invoke0(Native Method)
	at java.base/jdk.internal.reflect.NativeMethodAccessorImpl.invoke(NativeMethodAccessorImpl.java:77)
	at java.base/jdk.internal.reflect.DelegatingMethodAccessorImpl.invoke(DelegatingMethodAccessorImpl.java:43)
)
	at com.kms.katalon.core.keyword.internal.KeywordMain.stepFailed(KeywordMain.groovy:39)
	at com.kms.katalon.core.webui.keyword.internal.WebUIKeywordMain.stepFailed(WebUIKeywordMain.groovy:64)
	at com.kms.katalon.core.webui.keyword.builtin.VerifyTextPresentKeyword$_verifyTextPresent_closure1.doCall(VerifyTextPresentKeyword.groovy:79)
	at com.kms.katalon.core.webui.keyword.builtin.VerifyTextPresentKeyword$_verifyTextPresent_closure1.call(VerifyTextPresentKeyword.groovy)
	at com.kms.katalon.core.webui.keyword.internal.WebUIKeywordMain.runKeyword(WebUIKeywordMain.groovy:20)
	at com.kms.katalon.core.webui.keyword.builtin.VerifyTextPresentKeyword.verifyTextPresent(VerifyTextPresentKeyword.groovy:83)
	at com.kms.katalon.core.webui.keyword.builtin.VerifyTextPresentKeyword.execute(VerifyTextPresentKeyword.groovy:68)
	at com.kms.katalon.core.keyword.internal.KeywordExecutor.executeKeywordForPlatform(KeywordExecutor.groovy:74)
	at com.kms.katalon.core.webui.keyword.WebUiBuiltInKeywords.verifyTextPresent(WebUiBuiltInKeywords.groovy:1762)
	at CCDeferredCorp.run(CCDeferredCorp:110)
	at com.kms.katalon.core.main.ScriptEngine.run(ScriptEngine.java:194)
	at com.kms.katalon.core.main.ScriptEngine.runScriptAsRawText(ScriptEngine.java:119)
	at com.kms.katalon.core.main.TestCaseExecutor.runScript(TestCaseExecutor.java:448)
	at com.kms.katalon.core.main.TestCaseExecutor.doExecute(TestCaseExecutor.java:439)
	at com.kms.katalon.core.main.TestCaseExecutor.processExecutionPhase(TestCaseExecutor.java:418)
	at com.kms.katalon.core.main.TestCaseExecutor.accessMainPhase(TestCaseExecutor.java:410)
	at com.kms.katalon.core.main.TestCaseExecutor.execute(TestCaseExecutor.java:285)
	at com.kms.katalon.core.common.CommonExecutor.accessTestCaseMainPhase(CommonExecutor.java:65)
	at com.kms.katalon.core.main.TestSuiteExecutor.accessTestSuiteMainPhase(TestSuiteExecutor.java:150)
	at com.kms.katalon.core.main.TestSuiteExecutor.execute(TestSuiteExecutor.java:106)
	at com.kms.katalon.core.main.TestCaseMain.startTestSuite(TestCaseMain.java:180)
	at TempTestSuite1727249381322.run(TempTestSuite1727249381322.groovy:35)
	at java.base/jdk.internal.reflect.NativeMethodAccessorImpl.invoke0(Native Method)
	at java.base/jdk.internal.reflect.NativeMethodAccessorImpl.invoke(NativeMethodAccessorImpl.java:77)
	at java.base/jdk.internal.reflect.DelegatingMethodAccessorImpl.invoke(DelegatingMethodAccessorImpl.java:43)
Caused by: com.kms.katalon.core.exception.StepFailedException: Text 'Cancel Payment Plan' is not present on page 
	... 24 more


25-09-2024T13:00:00 - [TEST_STEP][PASSED] - resText = "Fail": null

25-09-2024T13:00:00 - [TEST_STEP][PASSED] - resColumn = "Result": null

25-09-2024T13:00:00 - [TEST_STEP][PASSED] - datCloumn = "Date": null

25-09-2024T13:00:00 - [TEST_STEP][PASSED] - fileLoc = "KatalonData/IWPTestData/VRelay25PaymentsExtension.xlsx": null

25-09-2024T13:00:00 - [TEST_STEP][PASSED] - numOfRows = <not implemented yet for class: org.codehaus.groovy.ast.expr.EmptyExpression>: null

25-09-2024T13:00:00 - [TEST_STEP][PASSED] - dataFile = <not implemented yet for class: org.codehaus.groovy.ast.expr.EmptyExpression>: null

25-09-2024T13:00:00 - [TEST_STEP][PASSED] - nameSheet = <not implemented yet for class: org.codehaus.groovy.ast.expr.EmptyExpression>: null

25-09-2024T13:00:00 - [TEST_STEP][PASSED] - dataFileEmulator = <not implemented yet for class: org.codehaus.groovy.ast.expr.EmptyExpression>: null

25-09-2024T13:00:00 - [TEST_STEP][PASSED] - isRequiredTextPresent = false: null

25-09-2024T13:00:00 - [TEST_STEP][PASSED] - nameSheet = "CCDeferredPlanCorp": null

25-09-2024T13:00:00 - [TEST_STEP][PASSED] - dataFile = "IWPTestData/IWP25CCDeferredCorp": null

25-09-2024T13:00:00 - [TEST_STEP][PASSED] - dataFileEmulator = "IWPTestData/EmulatorData": null

25-09-2024T13:00:00 - [TEST_STEP][PASSED] - numOfRows = findTestData(dataFile).getRowNumbers(): null

25-09-2024T13:00:01 - [TEST_STEP][PASSED] - println("Number of Records: " + numOfRows): null

25-09-2024T13:00:01 - [TEST_STEP][PASSED] - for ([row = 1, row <= numOfRows, (row++)]): Browser is closed

25-09-2024T13:00:01 - [TEST_STEP][PASSED] - ExecuteTC = findTestData(dataFile).getValue("Execute", row): null

25-09-2024T13:00:02 - [TEST_STEP][PASSED] - out.println("Value of Execute is : " + ExecuteTC): null

25-09-2024T13:00:02 - [TEST_STEP][PASSED] - if (ExecuteTC.equalsIgnoreCase("Y")): null

25-09-2024T13:00:02 - [TEST_STEP][PASSED] - out.println("Begin Record Number: " + row): null

25-09-2024T13:00:02 - [TEST_STEP][PASSED] - today = new java.util.Date(): null

25-09-2024T13:00:02 - [TEST_STEP][PASSED] - println(today): null

25-09-2024T13:00:02 - [TEST_STEP][PASSED] - datText = today: null

25-09-2024T13:00:02 - [TEST_STEP][PASSED] - EmulatorDataKey = findTestData(dataFile).getValue("EmulatorData", row): null

25-09-2024T13:00:02 - [TEST_STEP][PASSED] - out.println("Value of Emulator Key is : " + EmulatorDataKey): null

25-09-2024T13:00:02 - [TEST_STEP][PASSED] - iwpPages.emulatorIWP30.setDataEmulator_DD(EmulatorDataKey): iwpPages.emulatorIWP30.setDataEmulator_DD is PASSED

25-09-2024T13:00:04 - [MESSAGE][INFO] - Starting 'Edge Chromium' driver

25-09-2024T13:00:04 - [MESSAGE][INFO] - User set preference: ['acceptInsecureCerts', 'true']

25-09-2024T13:00:07 - [MESSAGE][INFO] - Action delay is set to 0 milliseconds

25-09-2024T13:00:14 - [MESSAGE][PASSED] - Browser is opened with url: 'https://qa.velocitypayment.com/agency/config.do?action=editor&message_version=2_5'

25-09-2024T13:00:14 - [MESSAGE][PASSED] - Current window maximized

25-09-2024T13:00:15 - [MESSAGE][PASSED] - All options with value '2.5' are selected in object 'Object Repository/IWP30/Page_VRelay30Emulator/MV'  using regular expression

25-09-2024T13:00:16 - [MESSAGE][PASSED] - Text '10.50' is set on object 'Object Repository/IWP30/Page_VRelay30Emulator/Amount'

25-09-2024T13:00:17 - [MESSAGE][PASSED] - Text 'OfHHa1evH9o9' is set on object 'Object Repository/IWP30/Page_VRelay30Emulator/CAN'

25-09-2024T13:00:18 - [MESSAGE][PASSED] - Text 'PayNow' is set on object 'Object Repository/IWP30/Page_VRelay30Emulator/Action'

25-09-2024T13:00:18 - [MESSAGE][PASSED] - Text 'en_US' is set on object 'Object Repository/IWP30/Page_VRelay30Emulator/Lang'

25-09-2024T13:00:19 - [MESSAGE][PASSED] - Text '' is set on object 'Object Repository/IWP30/Page_VRelay30Emulator/Fname'

25-09-2024T13:00:20 - [MESSAGE][PASSED] - Text '' is set on object 'Object Repository/IWP30/Page_VRelay30Emulator/Lname'

25-09-2024T13:00:20 - [MESSAGE][PASSED] - Text '' is set on object 'Object Repository/IWP30/Page_VRelay30Emulator/AL1'

25-09-2024T13:00:21 - [MESSAGE][PASSED] - Text '' is set on object 'Object Repository/IWP30/Page_VRelay30Emulator/AL2'

25-09-2024T13:00:22 - [MESSAGE][PASSED] - Text '' is set on object 'Object Repository/IWP30/Page_VRelay30Emulator/Country'

25-09-2024T13:00:22 - [MESSAGE][PASSED] - Text '' is set on object 'Object Repository/IWP30/Page_VRelay30Emulator/City'

25-09-2024T13:00:23 - [MESSAGE][PASSED] - Text '' is set on object 'Object Repository/IWP30/Page_VRelay30Emulator/State'

25-09-2024T13:00:23 - [MESSAGE][PASSED] - Text '' is set on object 'Object Repository/IWP30/Page_VRelay30Emulator/ZIP'

25-09-2024T13:00:24 - [MESSAGE][PASSED] - Text '' is set on object 'Object Repository/IWP30/Page_VRelay30Emulator/Order'

25-09-2024T13:00:25 - [MESSAGE][PASSED] - Text '' is set on object 'Object Repository/IWP30/Page_VRelay30Emulator/Company'

25-09-2024T13:00:26 - [MESSAGE][PASSED] - Text '' is set on object 'Object Repository/IWP30/Page_VRelay30Emulator/Email'

25-09-2024T13:00:26 - [MESSAGE][PASSED] - Text '' is set on object 'Object Repository/IWP30/Page_VRelay30Emulator/UDF1'

25-09-2024T13:00:27 - [MESSAGE][PASSED] - Text '' is set on object 'Object Repository/IWP30/Page_VRelay30Emulator/UDF2'

25-09-2024T13:00:28 - [MESSAGE][PASSED] - Text '' is set on object 'Object Repository/IWP30/Page_VRelay30Emulator/UDF3'

25-09-2024T13:00:28 - [MESSAGE][PASSED] - Text 'udf data 4' is set on object 'Object Repository/IWP30/Page_VRelay30Emulator/UDF4'

25-09-2024T13:00:29 - [MESSAGE][PASSED] - Text 'udf data 5' is set on object 'Object Repository/IWP30/Page_VRelay30Emulator/UDF5'

25-09-2024T13:00:30 - [MESSAGE][PASSED] - Text '' is set on object 'Object Repository/IWP30/Page_VRelay30Emulator/UDF6'

25-09-2024T13:00:30 - [MESSAGE][PASSED] - Text '' is set on object 'Object Repository/IWP30/Page_VRelay30Emulator/UDF7'

25-09-2024T13:00:31 - [MESSAGE][PASSED] - Text '' is set on object 'Object Repository/IWP30/Page_VRelay30Emulator/UDF8'

25-09-2024T13:00:31 - [MESSAGE][PASSED] - Text 'udf data 9' is set on object 'Object Repository/IWP30/Page_VRelay30Emulator/UDF9'

25-09-2024T13:00:32 - [MESSAGE][PASSED] - Text 'udf data 10' is set on object 'Object Repository/IWP30/Page_VRelay30Emulator/UDF10'

25-09-2024T13:00:33 - [MESSAGE][PASSED] - Object: 'Object Repository/IWP30/Page_VRelay30Emulator/Submit' is clicked on

25-09-2024T13:00:38 - [MESSAGE][PASSED] - Browser is closed

25-09-2024T13:00:42 - [MESSAGE][PASSED] - iwpPages.emulatorIWP30.setDataEmulator_DD is PASSED

25-09-2024T13:00:42 - [TEST_STEP][PASSED] - testHarnessURL = urlTestHarness: null

25-09-2024T13:00:42 - [TEST_STEP][PASSED] - openBrowser(testHarnessURL): Browser is opened with url: 'https://dev-algorithm.govolution.com/vrelaytest/QA/version_2_2/vrelaytest.html'

25-09-2024T13:00:42 - [MESSAGE][INFO] - Starting 'Edge Chromium' driver

25-09-2024T13:00:42 - [MESSAGE][INFO] - User set preference: ['acceptInsecureCerts', 'true']

25-09-2024T13:00:44 - [MESSAGE][INFO] - Action delay is set to 0 milliseconds

25-09-2024T13:00:47 - [MESSAGE][PASSED] - Browser is opened with url: 'https://dev-algorithm.govolution.com/vrelaytest/QA/version_2_2/vrelaytest.html'

25-09-2024T13:00:47 - [TEST_STEP][PASSED] - maximizeWindow(): Current window maximized

25-09-2024T13:00:47 - [MESSAGE][PASSED] - Current window maximized

25-09-2024T13:00:47 - [TEST_STEP][PASSED] - iwpPages.TestHarnessPage.setDataMethod(row, dataFile): iwpPages.TestHarnessPage.setDataMethod is PASSED

25-09-2024T13:00:48 - [MESSAGE][PASSED] - Object 'Object Repository/IWP30/Page_QATestHarness/RemittanceID' is present

25-09-2024T13:00:49 - [MESSAGE][PASSED] - Text '638' is set on object 'Object Repository/IWP30/Page_QATestHarness/ApplicationID'

25-09-2024T13:00:49 - [MESSAGE][PASSED] - Text '2.5' is set on object 'Object Repository/IWP30/Page_QATestHarness/MessageVersion'

25-09-2024T13:00:50 - [MESSAGE][PASSED] - Text 's6i0xG1Nim37' is set on object 'Object Repository/IWP30/Page_QATestHarness/RemittanceID'

25-09-2024T13:00:53 - [MESSAGE][PASSED] - Object: 'Object Repository/IWP30/Page_QATestHarness/SubmitButton' is clicked on

25-09-2024T13:00:53 - [MESSAGE][PASSED] - iwpPages.TestHarnessPage.setDataMethod is PASSED

25-09-2024T13:00:53 - [TEST_STEP][PASSED] - click(findTestObject("Object Repository/IWP30/Page_SelectPaymentMethod/PayByCorporateCheck")): Object: 'Object Repository/IWP30/Page_SelectPaymentMethod/PayByCorporateCheck' is clicked on

25-09-2024T13:00:54 - [MESSAGE][PASSED] - Object: 'Object Repository/IWP30/Page_SelectPaymentMethod/PayByCorporateCheck' is clicked on

25-09-2024T13:00:54 - [TEST_STEP][PASSED] - click(findTestObject("Object Repository/IWP30/Page_SelectPaymentMethod/MakePaymentButton")): Object: 'Object Repository/IWP30/Page_SelectPaymentMethod/MakePaymentButton' is clicked on

25-09-2024T13:00:57 - [MESSAGE][PASSED] - Object: 'Object Repository/IWP30/Page_SelectPaymentMethod/MakePaymentButton' is clicked on

25-09-2024T13:00:57 - [TEST_STEP][PASSED] - iwpPages.achCorporatePaymentEntryPage.setDataCorporate(row, dataFile): iwpPages.achCorporatePaymentEntryPage.setDataCorporate is PASSED

25-09-2024T13:00:58 - [MESSAGE][PASSED] - Object 'Object Repository/IWP30/Page_ACHCorporatePaymentEntry/txt_accountNumber' is present

25-09-2024T13:00:59 - [MESSAGE][PASSED] - Object 'Object Repository/IWP30/Page_ACHCorporatePaymentEntry/input_CompanyName' is present

25-09-2024T13:00:59 - [MESSAGE][PASSED] - Text 'My Company' is set on object 'Object Repository/IWP30/Page_ACHCorporatePaymentEntry/input_CompanyName'

25-09-2024T13:01:00 - [MESSAGE][PASSED] - Object 'Object Repository/IWP30/Page_ACHCorporatePaymentEntry/input_EIN' is present

25-09-2024T13:01:00 - [MESSAGE][PASSED] - Text '123456789' is set on object 'Object Repository/IWP30/Page_ACHCorporatePaymentEntry/input_EIN'

25-09-2024T13:01:01 - [MESSAGE][PASSED] - Text '10.50' is set on object 'Object Repository/IWP30/Page_ACHCorporatePaymentEntry/txt_Amount'

25-09-2024T13:01:01 - [MESSAGE][PASSED] - Text 'udf data 2' is set on object 'Object Repository/IWP30/Page_ACHCorporatePaymentEntry/txt_UDF2'

25-09-2024T13:01:02 - [MESSAGE][PASSED] - Text 'udf data 3' is set on object 'Object Repository/IWP30/Page_ACHCorporatePaymentEntry/txt_UDF3'

25-09-2024T13:01:03 - [MESSAGE][PASSED] - All options with label 'Orange' are selected in object 'Object Repository/IWP30/Page_ACHCorporatePaymentEntry/dd_UDF7' 

25-09-2024T13:01:03 - [MESSAGE][PASSED] - All options with label 'Soccer' are selected in object 'Object Repository/IWP30/Page_ACHCorporatePaymentEntry/dd_UDF8' 

25-09-2024T13:01:04 - [MESSAGE][PASSED] - Object 'Object Repository/IWP30/Page_ACHCorporatePaymentEntry/txt_routingNumber' is present

25-09-2024T13:01:04 - [MESSAGE][PASSED] - Text '256072691' is set on object 'Object Repository/IWP30/Page_ACHCorporatePaymentEntry/txt_routingNumber'

25-09-2024T13:01:04 - [MESSAGE][PASSED] - Object 'Object Repository/IWP30/Page_ACHCorporatePaymentEntry/txt_accountNumber' is present

25-09-2024T13:01:06 - [MESSAGE][PASSED] - Text '12344444' is set on object 'Object Repository/IWP30/Page_ACHCorporatePaymentEntry/txt_accountNumber'

25-09-2024T13:01:06 - [MESSAGE][PASSED] - Object 'Object Repository/IWP30/Page_ACHCorporatePaymentEntry/txt_confirmAccountNumber' is present

25-09-2024T13:01:07 - [MESSAGE][PASSED] - Text '12344444' is set on object 'Object Repository/IWP30/Page_ACHCorporatePaymentEntry/txt_confirmAccountNumber'

25-09-2024T13:01:07 - [MESSAGE][PASSED] - Execute JavaScript '
				   document.getElementById('processDate').value = '08/09/2025'
				  ' successfully

25-09-2024T13:01:07 - [MESSAGE][PASSED] - Text '365 Main Avenue' is set on object 'Object Repository/IWP30/Page_ACHCorporatePaymentEntry/txt_AL1'

25-09-2024T13:01:08 - [MESSAGE][PASSED] - Text '22201' is set on object 'Object Repository/IWP30/Page_ACHCorporatePaymentEntry/txt_ZIP'

25-09-2024T13:01:08 - [MESSAGE][PASSED] - Object 'Object Repository/IWP30/Page_ACHCorporatePaymentEntry/txt_Email' is present

25-09-2024T13:01:09 - [MESSAGE][PASSED] - Text 'iahmed@govolution.com' is set on object 'Object Repository/IWP30/Page_ACHCorporatePaymentEntry/txt_Email'

25-09-2024T13:01:10 - [MESSAGE][PASSED] - Object 'Object Repository/IWP30/Page_ACHCorporatePaymentEntry/cb_TermsAndCond' is present

25-09-2024T13:01:10 - [MESSAGE][PASSED] - Object: 'Object Repository/IWP30/Page_ACHCorporatePaymentEntry/cb_TermsAndCond' is clicked on

25-09-2024T13:01:10 - [MESSAGE][PASSED] - Object 'Object Repository/IWP30/Page_ACHCorporatePaymentEntry/btn_Continue' is present

25-09-2024T13:01:11 - [MESSAGE][PASSED] - Object: 'Object Repository/IWP30/Page_ACHCorporatePaymentEntry/btn_Continue' is clicked on

25-09-2024T13:01:11 - [MESSAGE][PASSED] - iwpPages.achCorporatePaymentEntryPage.setDataCorporate is PASSED

25-09-2024T13:01:11 - [TEST_STEP][PASSED] - click(findTestObject("Object Repository/IWP30/Page_Confirmation/ConfirmButton")): Object: 'Object Repository/IWP30/Page_Confirmation/ConfirmButton' is clicked on

25-09-2024T13:01:13 - [MESSAGE][PASSED] - Object: 'Object Repository/IWP30/Page_Confirmation/ConfirmButton' is clicked on

25-09-2024T13:01:13 - [TEST_STEP][PASSED] - Thread.sleep(2000): null

25-09-2024T13:01:15 - [TEST_STEP][PASSED] - if (verifyTextPresent("Deferred", false)): null

25-09-2024T13:01:15 - [MESSAGE][PASSED] - Text 'Deferred' is present on page 

25-09-2024T13:01:15 - [TEST_STEP][PASSED] - println("Deferred is present on page. Deferred Pay is created"): null

25-09-2024T13:01:15 - [TEST_STEP][PASSED] - click(findTestObject("Object Repository/IWP30/Page_Receipt/ViewScheduledPaymentsButton")): Object: 'Object Repository/IWP30/Page_Receipt/ViewScheduledPaymentsButton' is clicked on

25-09-2024T13:01:16 - [MESSAGE][PASSED] - Object: 'Object Repository/IWP30/Page_Receipt/ViewScheduledPaymentsButton' is clicked on

25-09-2024T13:01:16 - [TEST_STEP][PASSED] - switchToWindowTitle("View Scheduled Payments"): Switched to window with title: 'View Scheduled Payments'

25-09-2024T13:01:16 - [MESSAGE][PASSED] - Switched to window with title: 'View Scheduled Payments'

25-09-2024T13:01:16 - [TEST_STEP][PASSED] - Thread.sleep(5000): null

25-09-2024T13:01:21 - [TEST_STEP][PASSED] - if (verifyTextPresent("View Scheduled Payments", false)): null

25-09-2024T13:01:21 - [MESSAGE][PASSED] - Text 'View Scheduled Payments' is present on page 

25-09-2024T13:01:21 - [TEST_STEP][PASSED] - click(findTestObject("Object Repository/IWP30/Page_ScheduledPayments/cancel_payment")): Object: 'Object Repository/IWP30/Page_ScheduledPayments/cancel_payment' is clicked on

25-09-2024T13:01:22 - [MESSAGE][PASSED] - Object: 'Object Repository/IWP30/Page_ScheduledPayments/cancel_payment' is clicked on

25-09-2024T13:01:22 - [TEST_STEP][FAILED] - if (verifyTextPresent("Cancel Payment Plan", false)): Text 'Cancel Payment Plan' is not present on page  (Root cause: com.kms.katalon.core.exception.StepFailedException: Text 'Cancel Payment Plan' is not present on page 
	at com.kms.katalon.core.webui.keyword.internal.WebUIKeywordMain.stepFailed(WebUIKeywordMain.groovy:64)
	at com.kms.katalon.core.webui.keyword.builtin.VerifyTextPresentKeyword$_verifyTextPresent_closure1.doCall(VerifyTextPresentKeyword.groovy:79)
	at com.kms.katalon.core.webui.keyword.builtin.VerifyTextPresentKeyword$_verifyTextPresent_closure1.call(VerifyTextPresentKeyword.groovy)
	at com.kms.katalon.core.webui.keyword.internal.WebUIKeywordMain.runKeyword(WebUIKeywordMain.groovy:20)
	at com.kms.katalon.core.webui.keyword.builtin.VerifyTextPresentKeyword.verifyTextPresent(VerifyTextPresentKeyword.groovy:83)
	at com.kms.katalon.core.webui.keyword.builtin.VerifyTextPresentKeyword.execute(VerifyTextPresentKeyword.groovy:68)
	at com.kms.katalon.core.keyword.internal.KeywordExecutor.executeKeywordForPlatform(KeywordExecutor.groovy:74)
	at com.kms.katalon.core.webui.keyword.WebUiBuiltInKeywords.verifyTextPresent(WebUiBuiltInKeywords.groovy:1762)
	at CCDeferredCorp.run(CCDeferredCorp:110)
	at com.kms.katalon.core.main.ScriptEngine.run(ScriptEngine.java:194)
	at com.kms.katalon.core.main.ScriptEngine.runScriptAsRawText(ScriptEngine.java:119)
	at com.kms.katalon.core.main.TestCaseExecutor.runScript(TestCaseExecutor.java:448)
	at com.kms.katalon.core.main.TestCaseExecutor.doExecute(TestCaseExecutor.java:439)
	at com.kms.katalon.core.main.TestCaseExecutor.processExecutionPhase(TestCaseExecutor.java:418)
	at com.kms.katalon.core.main.TestCaseExecutor.accessMainPhase(TestCaseExecutor.java:410)
	at com.kms.katalon.core.main.TestCaseExecutor.execute(TestCaseExecutor.java:285)
	at com.kms.katalon.core.common.CommonExecutor.accessTestCaseMainPhase(CommonExecutor.java:65)
	at com.kms.katalon.core.main.TestSuiteExecutor.accessTestSuiteMainPhase(TestSuiteExecutor.java:150)
	at com.kms.katalon.core.main.TestSuiteExecutor.execute(TestSuiteExecutor.java:106)
	at com.kms.katalon.core.main.TestCaseMain.startTestSuite(TestCaseMain.java:180)
	at TempTestSuite1727249381322.run(TempTestSuite1727249381322.groovy:35)
	at java.base/jdk.internal.reflect.NativeMethodAccessorImpl.invoke0(Native Method)
	at java.base/jdk.internal.reflect.NativeMethodAccessorImpl.invoke(NativeMethodAccessorImpl.java:77)
	at java.base/jdk.internal.reflect.DelegatingMethodAccessorImpl.invoke(DelegatingMethodAccessorImpl.java:43)
)

25-09-2024T13:01:22 - [MESSAGE][FAILED] - Text 'Cancel Payment Plan' is not present on page  (Root cause: com.kms.katalon.core.exception.StepFailedException: Text 'Cancel Payment Plan' is not present on page 
	at com.kms.katalon.core.webui.keyword.internal.WebUIKeywordMain.stepFailed(WebUIKeywordMain.groovy:64)
	at com.kms.katalon.core.webui.keyword.builtin.VerifyTextPresentKeyword$_verifyTextPresent_closure1.doCall(VerifyTextPresentKeyword.groovy:79)
	at com.kms.katalon.core.webui.keyword.builtin.VerifyTextPresentKeyword$_verifyTextPresent_closure1.call(VerifyTextPresentKeyword.groovy)
	at com.kms.katalon.core.webui.keyword.internal.WebUIKeywordMain.runKeyword(WebUIKeywordMain.groovy:20)
	at com.kms.katalon.core.webui.keyword.builtin.VerifyTextPresentKeyword.verifyTextPresent(VerifyTextPresentKeyword.groovy:83)
	at com.kms.katalon.core.webui.keyword.builtin.VerifyTextPresentKeyword.execute(VerifyTextPresentKeyword.groovy:68)
	at com.kms.katalon.core.keyword.internal.KeywordExecutor.executeKeywordForPlatform(KeywordExecutor.groovy:74)
	at com.kms.katalon.core.webui.keyword.WebUiBuiltInKeywords.verifyTextPresent(WebUiBuiltInKeywords.groovy:1762)
	at CCDeferredCorp.run(CCDeferredCorp:110)
	at com.kms.katalon.core.main.ScriptEngine.run(ScriptEngine.java:194)
	at com.kms.katalon.core.main.ScriptEngine.runScriptAsRawText(ScriptEngine.java:119)
	at com.kms.katalon.core.main.TestCaseExecutor.runScript(TestCaseExecutor.java:448)
	at com.kms.katalon.core.main.TestCaseExecutor.doExecute(TestCaseExecutor.java:439)
	at com.kms.katalon.core.main.TestCaseExecutor.processExecutionPhase(TestCaseExecutor.java:418)
	at com.kms.katalon.core.main.TestCaseExecutor.accessMainPhase(TestCaseExecutor.java:410)
	at com.kms.katalon.core.main.TestCaseExecutor.execute(TestCaseExecutor.java:285)
	at com.kms.katalon.core.common.CommonExecutor.accessTestCaseMainPhase(CommonExecutor.java:65)
	at com.kms.katalon.core.main.TestSuiteExecutor.accessTestSuiteMainPhase(TestSuiteExecutor.java:150)
	at com.kms.katalon.core.main.TestSuiteExecutor.execute(TestSuiteExecutor.java:106)
	at com.kms.katalon.core.main.TestCaseMain.startTestSuite(TestCaseMain.java:180)
	at TempTestSuite1727249381322.run(TempTestSuite1727249381322.groovy:35)
	at java.base/jdk.internal.reflect.NativeMethodAccessorImpl.invoke0(Native Method)
	at java.base/jdk.internal.reflect.NativeMethodAccessorImpl.invoke(NativeMethodAccessorImpl.java:77)
	at java.base/jdk.internal.reflect.DelegatingMethodAccessorImpl.invoke(DelegatingMethodAccessorImpl.java:43)
)

25-09-2024T13:01:22 - [TEST_STEP][FAILED] - if (verifyTextPresent("Your payment plan has been successfully canceled", false)): Text 'Your payment plan has been successfully canceled' is not present on page  (Root cause: com.kms.katalon.core.exception.StepFailedException: Text 'Your payment plan has been successfully canceled' is not present on page 
	at com.kms.katalon.core.webui.keyword.internal.WebUIKeywordMain.stepFailed(WebUIKeywordMain.groovy:64)
	at com.kms.katalon.core.webui.keyword.builtin.VerifyTextPresentKeyword$_verifyTextPresent_closure1.doCall(VerifyTextPresentKeyword.groovy:79)
	at com.kms.katalon.core.webui.keyword.builtin.VerifyTextPresentKeyword$_verifyTextPresent_closure1.call(VerifyTextPresentKeyword.groovy)
	at com.kms.katalon.core.webui.keyword.internal.WebUIKeywordMain.runKeyword(WebUIKeywordMain.groovy:20)
	at com.kms.katalon.core.webui.keyword.builtin.VerifyTextPresentKeyword.verifyTextPresent(VerifyTextPresentKeyword.groovy:83)
	at com.kms.katalon.core.webui.keyword.builtin.VerifyTextPresentKeyword.execute(VerifyTextPresentKeyword.groovy:68)
	at com.kms.katalon.core.keyword.internal.KeywordExecutor.executeKeywordForPlatform(KeywordExecutor.groovy:74)
	at com.kms.katalon.core.webui.keyword.WebUiBuiltInKeywords.verifyTextPresent(WebUiBuiltInKeywords.groovy:1762)
	at CCDeferredCorp.run(CCDeferredCorp:116)
	at com.kms.katalon.core.main.ScriptEngine.run(ScriptEngine.java:194)
	at com.kms.katalon.core.main.ScriptEngine.runScriptAsRawText(ScriptEngine.java:119)
	at com.kms.katalon.core.main.TestCaseExecutor.runScript(TestCaseExecutor.java:448)
	at com.kms.katalon.core.main.TestCaseExecutor.doExecute(TestCaseExecutor.java:439)
	at com.kms.katalon.core.main.TestCaseExecutor.processExecutionPhase(TestCaseExecutor.java:418)
	at com.kms.katalon.core.main.TestCaseExecutor.accessMainPhase(TestCaseExecutor.java:410)
	at com.kms.katalon.core.main.TestCaseExecutor.execute(TestCaseExecutor.java:285)
	at com.kms.katalon.core.common.CommonExecutor.accessTestCaseMainPhase(CommonExecutor.java:65)
	at com.kms.katalon.core.main.TestSuiteExecutor.accessTestSuiteMainPhase(TestSuiteExecutor.java:150)
	at com.kms.katalon.core.main.TestSuiteExecutor.execute(TestSuiteExecutor.java:106)
	at com.kms.katalon.core.main.TestCaseMain.startTestSuite(TestCaseMain.java:180)
	at TempTestSuite1727249381322.run(TempTestSuite1727249381322.groovy:35)
	at java.base/jdk.internal.reflect.NativeMethodAccessorImpl.invoke0(Native Method)
	at java.base/jdk.internal.reflect.NativeMethodAccessorImpl.invoke(NativeMethodAccessorImpl.java:77)
	at java.base/jdk.internal.reflect.DelegatingMethodAccessorImpl.invoke(DelegatingMethodAccessorImpl.java:43)
)

25-09-2024T13:01:22 - [MESSAGE][FAILED] - Text 'Your payment plan has been successfully canceled' is not present on page  (Root cause: com.kms.katalon.core.exception.StepFailedException: Text 'Your payment plan has been successfully canceled' is not present on page 
	at com.kms.katalon.core.webui.keyword.internal.WebUIKeywordMain.stepFailed(WebUIKeywordMain.groovy:64)
	at com.kms.katalon.core.webui.keyword.builtin.VerifyTextPresentKeyword$_verifyTextPresent_closure1.doCall(VerifyTextPresentKeyword.groovy:79)
	at com.kms.katalon.core.webui.keyword.builtin.VerifyTextPresentKeyword$_verifyTextPresent_closure1.call(VerifyTextPresentKeyword.groovy)
	at com.kms.katalon.core.webui.keyword.internal.WebUIKeywordMain.runKeyword(WebUIKeywordMain.groovy:20)
	at com.kms.katalon.core.webui.keyword.builtin.VerifyTextPresentKeyword.verifyTextPresent(VerifyTextPresentKeyword.groovy:83)
	at com.kms.katalon.core.webui.keyword.builtin.VerifyTextPresentKeyword.execute(VerifyTextPresentKeyword.groovy:68)
	at com.kms.katalon.core.keyword.internal.KeywordExecutor.executeKeywordForPlatform(KeywordExecutor.groovy:74)
	at com.kms.katalon.core.webui.keyword.WebUiBuiltInKeywords.verifyTextPresent(WebUiBuiltInKeywords.groovy:1762)
	at CCDeferredCorp.run(CCDeferredCorp:116)
	at com.kms.katalon.core.main.ScriptEngine.run(ScriptEngine.java:194)
	at com.kms.katalon.core.main.ScriptEngine.runScriptAsRawText(ScriptEngine.java:119)
	at com.kms.katalon.core.main.TestCaseExecutor.runScript(TestCaseExecutor.java:448)
	at com.kms.katalon.core.main.TestCaseExecutor.doExecute(TestCaseExecutor.java:439)
	at com.kms.katalon.core.main.TestCaseExecutor.processExecutionPhase(TestCaseExecutor.java:418)
	at com.kms.katalon.core.main.TestCaseExecutor.accessMainPhase(TestCaseExecutor.java:410)
	at com.kms.katalon.core.main.TestCaseExecutor.execute(TestCaseExecutor.java:285)
	at com.kms.katalon.core.common.CommonExecutor.accessTestCaseMainPhase(CommonExecutor.java:65)
	at com.kms.katalon.core.main.TestSuiteExecutor.accessTestSuiteMainPhase(TestSuiteExecutor.java:150)
	at com.kms.katalon.core.main.TestSuiteExecutor.execute(TestSuiteExecutor.java:106)
	at com.kms.katalon.core.main.TestCaseMain.startTestSuite(TestCaseMain.java:180)
	at TempTestSuite1727249381322.run(TempTestSuite1727249381322.groovy:35)
	at java.base/jdk.internal.reflect.NativeMethodAccessorImpl.invoke0(Native Method)
	at java.base/jdk.internal.reflect.NativeMethodAccessorImpl.invoke(NativeMethodAccessorImpl.java:77)
	at java.base/jdk.internal.reflect.DelegatingMethodAccessorImpl.invoke(DelegatingMethodAccessorImpl.java:43)
)

25-09-2024T13:01:22 - [TEST_STEP][FAILED] - else: null

25-09-2024T13:01:22 - [TEST_STEP][FAILED] - markFailed("Your payment plan is not created and cancelled"): Your payment plan is not created and cancelled

25-09-2024T13:01:22 - [MESSAGE][FAILED] - Your payment plan is not created and cancelled

25-09-2024T13:01:22 - [TEST_STEP][PASSED] - resText = "Fail": null

25-09-2024T13:01:22 - [TEST_STEP][PASSED] - pages.WriteExcel.demoKey(resText, datText, resColumn, datCloumn, fileLoc, nameSheet, row): pages.WriteExcel.demoKey is PASSED

25-09-2024T13:01:23 - [MESSAGE][PASSED] - pages.WriteExcel.demoKey is PASSED

25-09-2024T13:01:23 - [TEST_STEP][PASSED] - closeBrowser(): Browser is closed

25-09-2024T13:01:24 - [MESSAGE][PASSED] - Browser is closed]]></system-out>
         <system-err><![CDATA[25-09-2024T12:59:59 - [TEST_CASE][FAILED] - Test Cases/IntegratedWeb/IWP25/Payments/CCDeferredCorp: Test Cases/IntegratedWeb/IWP25/Payments/CCDeferredCorp FAILED.
Reason:
com.kms.katalon.core.exception.StepFailedException: Text 'Cancel Payment Plan' is not present on page  (Root cause: com.kms.katalon.core.exception.StepFailedException: Text 'Cancel Payment Plan' is not present on page 
	at com.kms.katalon.core.webui.keyword.internal.WebUIKeywordMain.stepFailed(WebUIKeywordMain.groovy:64)
	at com.kms.katalon.core.webui.keyword.builtin.VerifyTextPresentKeyword$_verifyTextPresent_closure1.doCall(VerifyTextPresentKeyword.groovy:79)
	at com.kms.katalon.core.webui.keyword.builtin.VerifyTextPresentKeyword$_verifyTextPresent_closure1.call(VerifyTextPresentKeyword.groovy)
	at com.kms.katalon.core.webui.keyword.internal.WebUIKeywordMain.runKeyword(WebUIKeywordMain.groovy:20)
	at com.kms.katalon.core.webui.keyword.builtin.VerifyTextPresentKeyword.verifyTextPresent(VerifyTextPresentKeyword.groovy:83)
	at com.kms.katalon.core.webui.keyword.builtin.VerifyTextPresentKeyword.execute(VerifyTextPresentKeyword.groovy:68)
	at com.kms.katalon.core.keyword.internal.KeywordExecutor.executeKeywordForPlatform(KeywordExecutor.groovy:74)
	at com.kms.katalon.core.webui.keyword.WebUiBuiltInKeywords.verifyTextPresent(WebUiBuiltInKeywords.groovy:1762)
	at CCDeferredCorp.run(CCDeferredCorp:110)
	at com.kms.katalon.core.main.ScriptEngine.run(ScriptEngine.java:194)
	at com.kms.katalon.core.main.ScriptEngine.runScriptAsRawText(ScriptEngine.java:119)
	at com.kms.katalon.core.main.TestCaseExecutor.runScript(TestCaseExecutor.java:448)
	at com.kms.katalon.core.main.TestCaseExecutor.doExecute(TestCaseExecutor.java:439)
	at com.kms.katalon.core.main.TestCaseExecutor.processExecutionPhase(TestCaseExecutor.java:418)
	at com.kms.katalon.core.main.TestCaseExecutor.accessMainPhase(TestCaseExecutor.java:410)
	at com.kms.katalon.core.main.TestCaseExecutor.execute(TestCaseExecutor.java:285)
	at com.kms.katalon.core.common.CommonExecutor.accessTestCaseMainPhase(CommonExecutor.java:65)
	at com.kms.katalon.core.main.TestSuiteExecutor.accessTestSuiteMainPhase(TestSuiteExecutor.java:150)
	at com.kms.katalon.core.main.TestSuiteExecutor.execute(TestSuiteExecutor.java:106)
	at com.kms.katalon.core.main.TestCaseMain.startTestSuite(TestCaseMain.java:180)
	at TempTestSuite1727249381322.run(TempTestSuite1727249381322.groovy:35)
	at java.base/jdk.internal.reflect.NativeMethodAccessorImpl.invoke0(Native Method)
	at java.base/jdk.internal.reflect.NativeMethodAccessorImpl.invoke(NativeMethodAccessorImpl.java:77)
	at java.base/jdk.internal.reflect.DelegatingMethodAccessorImpl.invoke(DelegatingMethodAccessorImpl.java:43)
)
	at com.kms.katalon.core.keyword.internal.KeywordMain.stepFailed(KeywordMain.groovy:39)
	at com.kms.katalon.core.webui.keyword.internal.WebUIKeywordMain.stepFailed(WebUIKeywordMain.groovy:64)
	at com.kms.katalon.core.webui.keyword.builtin.VerifyTextPresentKeyword$_verifyTextPresent_closure1.doCall(VerifyTextPresentKeyword.groovy:79)
	at com.kms.katalon.core.webui.keyword.builtin.VerifyTextPresentKeyword$_verifyTextPresent_closure1.call(VerifyTextPresentKeyword.groovy)
	at com.kms.katalon.core.webui.keyword.internal.WebUIKeywordMain.runKeyword(WebUIKeywordMain.groovy:20)
	at com.kms.katalon.core.webui.keyword.builtin.VerifyTextPresentKeyword.verifyTextPresent(VerifyTextPresentKeyword.groovy:83)
	at com.kms.katalon.core.webui.keyword.builtin.VerifyTextPresentKeyword.execute(VerifyTextPresentKeyword.groovy:68)
	at com.kms.katalon.core.keyword.internal.KeywordExecutor.executeKeywordForPlatform(KeywordExecutor.groovy:74)
	at com.kms.katalon.core.webui.keyword.WebUiBuiltInKeywords.verifyTextPresent(WebUiBuiltInKeywords.groovy:1762)
	at CCDeferredCorp.run(CCDeferredCorp:110)
	at com.kms.katalon.core.main.ScriptEngine.run(ScriptEngine.java:194)
	at com.kms.katalon.core.main.ScriptEngine.runScriptAsRawText(ScriptEngine.java:119)
	at com.kms.katalon.core.main.TestCaseExecutor.runScript(TestCaseExecutor.java:448)
	at com.kms.katalon.core.main.TestCaseExecutor.doExecute(TestCaseExecutor.java:439)
	at com.kms.katalon.core.main.TestCaseExecutor.processExecutionPhase(TestCaseExecutor.java:418)
	at com.kms.katalon.core.main.TestCaseExecutor.accessMainPhase(TestCaseExecutor.java:410)
	at com.kms.katalon.core.main.TestCaseExecutor.execute(TestCaseExecutor.java:285)
	at com.kms.katalon.core.common.CommonExecutor.accessTestCaseMainPhase(CommonExecutor.java:65)
	at com.kms.katalon.core.main.TestSuiteExecutor.accessTestSuiteMainPhase(TestSuiteExecutor.java:150)
	at com.kms.katalon.core.main.TestSuiteExecutor.execute(TestSuiteExecutor.java:106)
	at com.kms.katalon.core.main.TestCaseMain.startTestSuite(TestCaseMain.java:180)
	at TempTestSuite1727249381322.run(TempTestSuite1727249381322.groovy:35)
	at java.base/jdk.internal.reflect.NativeMethodAccessorImpl.invoke0(Native Method)
	at java.base/jdk.internal.reflect.NativeMethodAccessorImpl.invoke(NativeMethodAccessorImpl.java:77)
	at java.base/jdk.internal.reflect.DelegatingMethodAccessorImpl.invoke(DelegatingMethodAccessorImpl.java:43)
Caused by: com.kms.katalon.core.exception.StepFailedException: Text 'Cancel Payment Plan' is not present on page 
	... 24 more]]></system-err>
      </testcase>
      <testcase name="Test Cases/IntegratedWeb/IWP25/Payments/CCDeferredCredit" time="73.746" classname="Test Cases/IntegratedWeb/IWP25/Payments/CCDeferredCredit" status="PASSED">
         <system-out><![CDATA[25-09-2024T13:01:24 - [TEST_CASE][PASSED] - Test Cases/IntegratedWeb/IWP25/Payments/CCDeferredCredit: Test Cases/IntegratedWeb/IWP25/Payments/CCDeferredCredit

25-09-2024T13:01:24 - [TEST_STEP][PASSED] - resText = "Fail": null

25-09-2024T13:01:24 - [TEST_STEP][PASSED] - resColumn = "Result": null

25-09-2024T13:01:24 - [TEST_STEP][PASSED] - datCloumn = "Date": null

25-09-2024T13:01:24 - [TEST_STEP][PASSED] - fileLoc = "KatalonData/IWPTestData/VRelay25PaymentsExtension.xlsx": null

25-09-2024T13:01:24 - [TEST_STEP][PASSED] - numOfRows = <not implemented yet for class: org.codehaus.groovy.ast.expr.EmptyExpression>: null

25-09-2024T13:01:24 - [TEST_STEP][PASSED] - dataFile = <not implemented yet for class: org.codehaus.groovy.ast.expr.EmptyExpression>: null

25-09-2024T13:01:24 - [TEST_STEP][PASSED] - nameSheet = <not implemented yet for class: org.codehaus.groovy.ast.expr.EmptyExpression>: null

25-09-2024T13:01:24 - [TEST_STEP][PASSED] - dataFileEmulator = <not implemented yet for class: org.codehaus.groovy.ast.expr.EmptyExpression>: null

25-09-2024T13:01:24 - [TEST_STEP][PASSED] - isRequiredTextPresent = false: null

25-09-2024T13:01:24 - [TEST_STEP][PASSED] - nameSheet = "CCDeferredPlanCredit": null

25-09-2024T13:01:24 - [TEST_STEP][PASSED] - dataFile = "IWPTestData/IWP25CCDeferredCredit": null

25-09-2024T13:01:24 - [TEST_STEP][PASSED] - dataFileEmulator = "IWPTestData/EmulatorData": null

25-09-2024T13:01:24 - [TEST_STEP][PASSED] - numOfRows = findTestData(dataFile).getRowNumbers(): null

25-09-2024T13:01:24 - [TEST_STEP][PASSED] - println("Number of Records: " + numOfRows): null

25-09-2024T13:01:24 - [TEST_STEP][PASSED] - for ([row = 1, row <= numOfRows, (row++)]): Browser is closed

25-09-2024T13:01:24 - [TEST_STEP][PASSED] - ExecuteTC = findTestData(dataFile).getValue("Execute", row): null

25-09-2024T13:01:24 - [TEST_STEP][PASSED] - out.println("Value of Execute is : " + ExecuteTC): null

25-09-2024T13:01:24 - [TEST_STEP][PASSED] - if (ExecuteTC.equalsIgnoreCase("Y")): null

25-09-2024T13:01:24 - [TEST_STEP][PASSED] - out.println("Begin Record Number: " + row): null

25-09-2024T13:01:24 - [TEST_STEP][PASSED] - today = new java.util.Date(): null

25-09-2024T13:01:24 - [TEST_STEP][PASSED] - println(today): null

25-09-2024T13:01:24 - [TEST_STEP][PASSED] - datText = today: null

25-09-2024T13:01:24 - [TEST_STEP][PASSED] - EmulatorDataKey = findTestData(dataFile).getValue("EmulatorData", row): null

25-09-2024T13:01:24 - [TEST_STEP][PASSED] - out.println("Value of Emulator Key is : " + EmulatorDataKey): null

25-09-2024T13:01:24 - [TEST_STEP][PASSED] - iwpPages.emulatorIWP30.setDataEmulator_DD(EmulatorDataKey): iwpPages.emulatorIWP30.setDataEmulator_DD is PASSED

25-09-2024T13:01:25 - [MESSAGE][INFO] - Starting 'Edge Chromium' driver

25-09-2024T13:01:25 - [MESSAGE][INFO] - User set preference: ['acceptInsecureCerts', 'true']

25-09-2024T13:01:27 - [MESSAGE][INFO] - Action delay is set to 0 milliseconds

25-09-2024T13:01:30 - [MESSAGE][PASSED] - Browser is opened with url: 'https://qa.velocitypayment.com/agency/config.do?action=editor&message_version=2_5'

25-09-2024T13:01:30 - [MESSAGE][PASSED] - Current window maximized

25-09-2024T13:01:31 - [MESSAGE][PASSED] - All options with value '2.5' are selected in object 'Object Repository/IWP30/Page_VRelay30Emulator/MV'  using regular expression

25-09-2024T13:01:32 - [MESSAGE][PASSED] - Text '10.50' is set on object 'Object Repository/IWP30/Page_VRelay30Emulator/Amount'

25-09-2024T13:01:33 - [MESSAGE][PASSED] - Text 'MjEPdQqKHjLC' is set on object 'Object Repository/IWP30/Page_VRelay30Emulator/CAN'

25-09-2024T13:01:33 - [MESSAGE][PASSED] - Text 'PayNow' is set on object 'Object Repository/IWP30/Page_VRelay30Emulator/Action'

25-09-2024T13:01:34 - [MESSAGE][PASSED] - Text 'en_US' is set on object 'Object Repository/IWP30/Page_VRelay30Emulator/Lang'

25-09-2024T13:01:35 - [MESSAGE][PASSED] - Text '' is set on object 'Object Repository/IWP30/Page_VRelay30Emulator/Fname'

25-09-2024T13:01:35 - [MESSAGE][PASSED] - Text '' is set on object 'Object Repository/IWP30/Page_VRelay30Emulator/Lname'

25-09-2024T13:01:36 - [MESSAGE][PASSED] - Text '' is set on object 'Object Repository/IWP30/Page_VRelay30Emulator/AL1'

25-09-2024T13:01:36 - [MESSAGE][PASSED] - Text '' is set on object 'Object Repository/IWP30/Page_VRelay30Emulator/AL2'

25-09-2024T13:01:37 - [MESSAGE][PASSED] - Text '' is set on object 'Object Repository/IWP30/Page_VRelay30Emulator/Country'

25-09-2024T13:01:38 - [MESSAGE][PASSED] - Text '' is set on object 'Object Repository/IWP30/Page_VRelay30Emulator/City'

25-09-2024T13:01:38 - [MESSAGE][PASSED] - Text '' is set on object 'Object Repository/IWP30/Page_VRelay30Emulator/State'

25-09-2024T13:01:39 - [MESSAGE][PASSED] - Text '' is set on object 'Object Repository/IWP30/Page_VRelay30Emulator/ZIP'

25-09-2024T13:01:39 - [MESSAGE][PASSED] - Text '' is set on object 'Object Repository/IWP30/Page_VRelay30Emulator/Order'

25-09-2024T13:01:40 - [MESSAGE][PASSED] - Text '' is set on object 'Object Repository/IWP30/Page_VRelay30Emulator/Company'

25-09-2024T13:01:41 - [MESSAGE][PASSED] - Text '' is set on object 'Object Repository/IWP30/Page_VRelay30Emulator/Email'

25-09-2024T13:01:41 - [MESSAGE][PASSED] - Text '' is set on object 'Object Repository/IWP30/Page_VRelay30Emulator/UDF1'

25-09-2024T13:01:42 - [MESSAGE][PASSED] - Text '' is set on object 'Object Repository/IWP30/Page_VRelay30Emulator/UDF2'

25-09-2024T13:01:42 - [MESSAGE][PASSED] - Text '' is set on object 'Object Repository/IWP30/Page_VRelay30Emulator/UDF3'

25-09-2024T13:01:43 - [MESSAGE][PASSED] - Text 'udf data 4' is set on object 'Object Repository/IWP30/Page_VRelay30Emulator/UDF4'

25-09-2024T13:01:43 - [MESSAGE][PASSED] - Text 'udf data 5' is set on object 'Object Repository/IWP30/Page_VRelay30Emulator/UDF5'

25-09-2024T13:01:44 - [MESSAGE][PASSED] - Text '' is set on object 'Object Repository/IWP30/Page_VRelay30Emulator/UDF6'

25-09-2024T13:01:45 - [MESSAGE][PASSED] - Text '' is set on object 'Object Repository/IWP30/Page_VRelay30Emulator/UDF7'

25-09-2024T13:01:45 - [MESSAGE][PASSED] - Text '' is set on object 'Object Repository/IWP30/Page_VRelay30Emulator/UDF8'

25-09-2024T13:01:46 - [MESSAGE][PASSED] - Text 'udf data 9' is set on object 'Object Repository/IWP30/Page_VRelay30Emulator/UDF9'

25-09-2024T13:01:46 - [MESSAGE][PASSED] - Text 'udf data 10' is set on object 'Object Repository/IWP30/Page_VRelay30Emulator/UDF10'

25-09-2024T13:01:48 - [MESSAGE][PASSED] - Object: 'Object Repository/IWP30/Page_VRelay30Emulator/Submit' is clicked on

25-09-2024T13:01:52 - [MESSAGE][PASSED] - Browser is closed

25-09-2024T13:01:56 - [MESSAGE][PASSED] - iwpPages.emulatorIWP30.setDataEmulator_DD is PASSED

25-09-2024T13:01:56 - [TEST_STEP][PASSED] - testHarnessURL = urlTestHarness: null

25-09-2024T13:01:56 - [TEST_STEP][PASSED] - openBrowser(testHarnessURL): Browser is opened with url: 'https://dev-algorithm.govolution.com/vrelaytest/QA/version_2_2/vrelaytest.html'

25-09-2024T13:01:56 - [MESSAGE][INFO] - Starting 'Edge Chromium' driver

25-09-2024T13:01:56 - [MESSAGE][INFO] - User set preference: ['acceptInsecureCerts', 'true']

25-09-2024T13:01:58 - [MESSAGE][INFO] - Action delay is set to 0 milliseconds

25-09-2024T13:02:02 - [MESSAGE][PASSED] - Browser is opened with url: 'https://dev-algorithm.govolution.com/vrelaytest/QA/version_2_2/vrelaytest.html'

25-09-2024T13:02:02 - [TEST_STEP][PASSED] - maximizeWindow(): Current window maximized

25-09-2024T13:02:02 - [MESSAGE][PASSED] - Current window maximized

25-09-2024T13:02:02 - [TEST_STEP][PASSED] - iwpPages.TestHarnessPage.setDataMethod(row, dataFile): iwpPages.TestHarnessPage.setDataMethod is PASSED

25-09-2024T13:02:02 - [MESSAGE][PASSED] - Object 'Object Repository/IWP30/Page_QATestHarness/RemittanceID' is present

25-09-2024T13:02:03 - [MESSAGE][PASSED] - Text '638' is set on object 'Object Repository/IWP30/Page_QATestHarness/ApplicationID'

25-09-2024T13:02:03 - [MESSAGE][PASSED] - Text '2.5' is set on object 'Object Repository/IWP30/Page_QATestHarness/MessageVersion'

25-09-2024T13:02:04 - [MESSAGE][PASSED] - Text 'hc069C4w6G4g' is set on object 'Object Repository/IWP30/Page_QATestHarness/RemittanceID'

25-09-2024T13:02:07 - [MESSAGE][PASSED] - Object: 'Object Repository/IWP30/Page_QATestHarness/SubmitButton' is clicked on

25-09-2024T13:02:07 - [MESSAGE][PASSED] - iwpPages.TestHarnessPage.setDataMethod is PASSED

25-09-2024T13:02:07 - [TEST_STEP][PASSED] - click(findTestObject("Object Repository/IWP30/Page_SelectPaymentMethod/PayByCreditCard")): Object: 'Object Repository/IWP30/Page_SelectPaymentMethod/PayByCreditCard' is clicked on

25-09-2024T13:02:07 - [MESSAGE][PASSED] - Object: 'Object Repository/IWP30/Page_SelectPaymentMethod/PayByCreditCard' is clicked on

25-09-2024T13:02:07 - [TEST_STEP][PASSED] - click(findTestObject("Object Repository/IWP30/Page_SelectPaymentMethod/MakePaymentButton")): Object: 'Object Repository/IWP30/Page_SelectPaymentMethod/MakePaymentButton' is clicked on

25-09-2024T13:02:09 - [MESSAGE][PASSED] - Object: 'Object Repository/IWP30/Page_SelectPaymentMethod/MakePaymentButton' is clicked on

25-09-2024T13:02:09 - [TEST_STEP][PASSED] - iwpPages.ccPaymentEntryPage.setDataCCPM(row, dataFile): iwpPages.ccPaymentEntryPage.setDataCCPM is PASSED

25-09-2024T13:02:10 - [MESSAGE][PASSED] - Object 'Object Repository/IWP30/Page_CCPaymentEntry/Name' is present

25-09-2024T13:02:11 - [MESSAGE][PASSED] - Text '10.50' is set on object 'Object Repository/IWP30/Page_CCPaymentEntry/Amount'

25-09-2024T13:02:11 - [MESSAGE][PASSED] - Text 'udf data 2' is set on object 'Object Repository/IWP30/Page_CCPaymentEntry/UserDefined2'

25-09-2024T13:02:12 - [MESSAGE][PASSED] - Text 'udf data 3' is set on object 'Object Repository/IWP30/Page_CCPaymentEntry/UserDefined3'

25-09-2024T13:02:13 - [MESSAGE][PASSED] - All options with label 'Orange' are selected in object 'Object Repository/IWP30/Page_CCPaymentEntry/UserDefined7' 

25-09-2024T13:02:13 - [MESSAGE][PASSED] - All options with label 'Soccer' are selected in object 'Object Repository/IWP30/Page_CCPaymentEntry/UserDefined8' 

25-09-2024T13:02:13 - [MESSAGE][PASSED] - Object 'Object Repository/IWP30/Page_CCPaymentEntry/Name' is present

25-09-2024T13:02:14 - [MESSAGE][PASSED] - Text 'Kavita Ranawati' is set on object 'Object Repository/IWP30/Page_CCPaymentEntry/Name'

25-09-2024T13:02:14 - [MESSAGE][PASSED] - Object 'Object Repository/IWP30/Page_CCPaymentEntry/CardNumber' is present

25-09-2024T13:02:15 - [MESSAGE][PASSED] - Text '4111111111111111' is set on object 'Object Repository/IWP30/Page_CCPaymentEntry/CardNumber'

25-09-2024T13:02:15 - [MESSAGE][PASSED] - Text '123' is set on object 'Object Repository/IWP30/Page_CCPaymentEntry/SPC'

25-09-2024T13:02:16 - [MESSAGE][PASSED] - Object 'Object Repository/IWP30/Page_CCPaymentEntry/Month' is present

25-09-2024T13:02:17 - [MESSAGE][PASSED] - All options with label '01' are selected in object 'Object Repository/IWP30/Page_CCPaymentEntry/Month' 

25-09-2024T13:02:17 - [MESSAGE][PASSED] - Object 'Object Repository/IWP30/Page_CCPaymentEntry/Year' is present

25-09-2024T13:02:18 - [MESSAGE][PASSED] - All options with label '2028' are selected in object 'Object Repository/IWP30/Page_CCPaymentEntry/Year' 

25-09-2024T13:02:18 - [MESSAGE][PASSED] - Execute JavaScript '
				   document.getElementById('processDate').value = '08/09/2025'
				  ' successfully

25-09-2024T13:02:18 - [MESSAGE][PASSED] - Text '365 Main Avenue' is set on object 'Object Repository/IWP30/Page_CCPaymentEntry/AL1'

25-09-2024T13:02:19 - [MESSAGE][PASSED] - Text '22201' is set on object 'Object Repository/IWP30/Page_CCPaymentEntry/ZIP'

25-09-2024T13:02:19 - [MESSAGE][PASSED] - Object 'Object Repository/IWP30/Page_CCPaymentEntry/EmailAddress' is present

25-09-2024T13:02:21 - [MESSAGE][PASSED] - Text 'iahmed@govolution.com' is set on object 'Object Repository/IWP30/Page_CCPaymentEntry/EmailAddress'

25-09-2024T13:02:21 - [MESSAGE][PASSED] - Object 'Object Repository/IWP30/Page_CCPaymentEntry/TermCondCheckBox' is present

25-09-2024T13:02:21 - [MESSAGE][PASSED] - Object 'Object Repository/IWP30/Page_CCPaymentEntry/TermCondCheckBox' is checked

25-09-2024T13:02:22 - [MESSAGE][PASSED] - Object 'Object Repository/IWP30/Page_CCPaymentEntry/ContinueButton' is present

25-09-2024T13:02:23 - [MESSAGE][PASSED] - Object: 'Object Repository/IWP30/Page_CCPaymentEntry/ContinueButton' is clicked on

25-09-2024T13:02:23 - [MESSAGE][PASSED] - iwpPages.ccPaymentEntryPage.setDataCCPM is PASSED

25-09-2024T13:02:23 - [TEST_STEP][PASSED] - click(findTestObject("Object Repository/IWP30/Page_Confirmation/ConfirmButton")): Object: 'Object Repository/IWP30/Page_Confirmation/ConfirmButton' is clicked on

25-09-2024T13:02:25 - [MESSAGE][PASSED] - Object: 'Object Repository/IWP30/Page_Confirmation/ConfirmButton' is clicked on

25-09-2024T13:02:25 - [TEST_STEP][PASSED] - Thread.sleep(2000): null

25-09-2024T13:02:27 - [TEST_STEP][PASSED] - if (verifyTextPresent("Deferred", false)): null

25-09-2024T13:02:27 - [MESSAGE][PASSED] - Text 'Deferred' is present on page 

25-09-2024T13:02:27 - [TEST_STEP][PASSED] - println("Deferred is present on page. Deferred Pay is created"): null

25-09-2024T13:02:27 - [TEST_STEP][PASSED] - click(findTestObject("Object Repository/IWP30/Page_Receipt/ViewScheduledPaymentsButton")): Object: 'Object Repository/IWP30/Page_Receipt/ViewScheduledPaymentsButton' is clicked on

25-09-2024T13:02:28 - [MESSAGE][PASSED] - Object: 'Object Repository/IWP30/Page_Receipt/ViewScheduledPaymentsButton' is clicked on

25-09-2024T13:02:28 - [TEST_STEP][PASSED] - switchToWindowTitle("View Scheduled Payments"): Switched to window with title: 'View Scheduled Payments'

25-09-2024T13:02:28 - [MESSAGE][PASSED] - Switched to window with title: 'View Scheduled Payments'

25-09-2024T13:02:28 - [TEST_STEP][PASSED] - Thread.sleep(5000): null

25-09-2024T13:02:33 - [TEST_STEP][PASSED] - if (verifyTextPresent("View Scheduled Payments", false)): null

25-09-2024T13:02:33 - [MESSAGE][PASSED] - Text 'View Scheduled Payments' is present on page 

25-09-2024T13:02:33 - [TEST_STEP][PASSED] - click(findTestObject("Object Repository/IWP30/Page_ScheduledPayments/cancel_payment")): Object: 'Object Repository/IWP30/Page_ScheduledPayments/cancel_payment' is clicked on

25-09-2024T13:02:35 - [MESSAGE][PASSED] - Object: 'Object Repository/IWP30/Page_ScheduledPayments/cancel_payment' is clicked on

25-09-2024T13:02:35 - [TEST_STEP][PASSED] - if (verifyTextPresent("Cancel Payment Plan", false)): null

25-09-2024T13:02:35 - [MESSAGE][PASSED] - Text 'Cancel Payment Plan' is present on page 

25-09-2024T13:02:35 - [TEST_STEP][PASSED] - click(findTestObject("Object Repository/IWP30/Page_PaymentPlan/btn_cancel")): Object: 'Object Repository/IWP30/Page_PaymentPlan/btn_cancel' is clicked on

25-09-2024T13:02:35 - [MESSAGE][PASSED] - Object: 'Object Repository/IWP30/Page_PaymentPlan/btn_cancel' is clicked on

25-09-2024T13:02:35 - [TEST_STEP][PASSED] - acceptAlert(): Alert accepted

25-09-2024T13:02:35 - [MESSAGE][PASSED] - Alert accepted

25-09-2024T13:02:35 - [TEST_STEP][PASSED] - if (verifyTextPresent("Your payment plan has been successfully canceled", false)): null

25-09-2024T13:02:37 - [MESSAGE][PASSED] - Text 'Your payment plan has been successfully canceled' is present on page 

25-09-2024T13:02:37 - [TEST_STEP][PASSED] - markPassed("Your payment plan has been successfully created and canceled"): Your payment plan has been successfully created and canceled

25-09-2024T13:02:37 - [MESSAGE][PASSED] - Your payment plan has been successfully created and canceled

25-09-2024T13:02:37 - [TEST_STEP][PASSED] - resText = "Pass": null

25-09-2024T13:02:37 - [TEST_STEP][PASSED] - println(row): null

25-09-2024T13:02:37 - [TEST_STEP][PASSED] - pages.WriteExcel.demoKey(resText, datText, resColumn, datCloumn, fileLoc, nameSheet, row): pages.WriteExcel.demoKey is PASSED

25-09-2024T13:02:37 - [MESSAGE][PASSED] - pages.WriteExcel.demoKey is PASSED

25-09-2024T13:02:37 - [TEST_STEP][PASSED] - closeBrowser(): Browser is closed

25-09-2024T13:02:37 - [MESSAGE][PASSED] - Browser is closed]]></system-out>
         <system-err><![CDATA[]]></system-err>
      </testcase>
      <testcase name="Test Cases/IntegratedWeb/IWP25/Payments/CCDeferredPC" time="72.061" classname="Test Cases/IntegratedWeb/IWP25/Payments/CCDeferredPC" status="FAILED">
         <failure type="FAILED" message="Test Cases/IntegratedWeb/IWP25/Payments/CCDeferredPC FAILED.&#xa;Reason:&#xa;com.kms.katalon.core.exception.StepFailedException: Text 'Cancel Payment Plan' is not present on page  (Root cause: com.kms.katalon.core.exception.StepFailedException: Text 'Cancel Payment Plan' is not present on page &#xa;	at com.kms.katalon.core.webui.keyword.internal.WebUIKeywordMain.stepFailed(WebUIKeywordMain.groovy:64)&#xa;	at com.kms.katalon.core.webui.keyword.builtin.VerifyTextPresentKeyword$_verifyTextPresent_closure1.doCall(VerifyTextPresentKeyword.groovy:79)&#xa;	at com.kms.katalon.core.webui.keyword.builtin.VerifyTextPresentKeyword$_verifyTextPresent_closure1.call(VerifyTextPresentKeyword.groovy)&#xa;	at com.kms.katalon.core.webui.keyword.internal.WebUIKeywordMain.runKeyword(WebUIKeywordMain.groovy:20)&#xa;	at com.kms.katalon.core.webui.keyword.builtin.VerifyTextPresentKeyword.verifyTextPresent(VerifyTextPresentKeyword.groovy:83)&#xa;	at com.kms.katalon.core.webui.keyword.builtin.VerifyTextPresentKeyword.execute(VerifyTextPresentKeyword.groovy:68)&#xa;	at com.kms.katalon.core.keyword.internal.KeywordExecutor.executeKeywordForPlatform(KeywordExecutor.groovy:74)&#xa;	at com.kms.katalon.core.webui.keyword.WebUiBuiltInKeywords.verifyTextPresent(WebUiBuiltInKeywords.groovy:1762)&#xa;	at CCDeferredPC.run(CCDeferredPC:110)&#xa;	at com.kms.katalon.core.main.ScriptEngine.run(ScriptEngine.java:194)&#xa;	at com.kms.katalon.core.main.ScriptEngine.runScriptAsRawText(ScriptEngine.java:119)&#xa;	at com.kms.katalon.core.main.TestCaseExecutor.runScript(TestCaseExecutor.java:448)&#xa;	at com.kms.katalon.core.main.TestCaseExecutor.doExecute(TestCaseExecutor.java:439)&#xa;	at com.kms.katalon.core.main.TestCaseExecutor.processExecutionPhase(TestCaseExecutor.java:418)&#xa;	at com.kms.katalon.core.main.TestCaseExecutor.accessMainPhase(TestCaseExecutor.java:410)&#xa;	at com.kms.katalon.core.main.TestCaseExecutor.execute(TestCaseExecutor.java:285)&#xa;	at com.kms.katalon.core.common.CommonExecutor.accessTestCaseMainPhase(CommonExecutor.java:65)&#xa;	at com.kms.katalon.core.main.TestSuiteExecutor.accessTestSuiteMainPhase(TestSuiteExecutor.java:150)&#xa;	at com.kms.katalon.core.main.TestSuiteExecutor.execute(TestSuiteExecutor.java:106)&#xa;	at com.kms.katalon.core.main.TestCaseMain.startTestSuite(TestCaseMain.java:180)&#xa;	at TempTestSuite1727249381322.run(TempTestSuite1727249381322.groovy:35)&#xa;	at java.base/jdk.internal.reflect.NativeMethodAccessorImpl.invoke0(Native Method)&#xa;	at java.base/jdk.internal.reflect.NativeMethodAccessorImpl.invoke(NativeMethodAccessorImpl.java:77)&#xa;	at java.base/jdk.internal.reflect.DelegatingMethodAccessorImpl.invoke(DelegatingMethodAccessorImpl.java:43)&#xa;)&#xa;	at com.kms.katalon.core.keyword.internal.KeywordMain.stepFailed(KeywordMain.groovy:39)&#xa;	at com.kms.katalon.core.webui.keyword.internal.WebUIKeywordMain.stepFailed(WebUIKeywordMain.groovy:64)&#xa;	at com.kms.katalon.core.webui.keyword.builtin.VerifyTextPresentKeyword$_verifyTextPresent_closure1.doCall(VerifyTextPresentKeyword.groovy:79)&#xa;	at com.kms.katalon.core.webui.keyword.builtin.VerifyTextPresentKeyword$_verifyTextPresent_closure1.call(VerifyTextPresentKeyword.groovy)&#xa;	at com.kms.katalon.core.webui.keyword.internal.WebUIKeywordMain.runKeyword(WebUIKeywordMain.groovy:20)&#xa;	at com.kms.katalon.core.webui.keyword.builtin.VerifyTextPresentKeyword.verifyTextPresent(VerifyTextPresentKeyword.groovy:83)&#xa;	at com.kms.katalon.core.webui.keyword.builtin.VerifyTextPresentKeyword.execute(VerifyTextPresentKeyword.groovy:68)&#xa;	at com.kms.katalon.core.keyword.internal.KeywordExecutor.executeKeywordForPlatform(KeywordExecutor.groovy:74)&#xa;	at com.kms.katalon.core.webui.keyword.WebUiBuiltInKeywords.verifyTextPresent(WebUiBuiltInKeywords.groovy:1762)&#xa;	at CCDeferredPC.run(CCDeferredPC:110)&#xa;	at com.kms.katalon.core.main.ScriptEngine.run(ScriptEngine.java:194)&#xa;	at com.kms.katalon.core.main.ScriptEngine.runScriptAsRawText(ScriptEngine.java:119)&#xa;	at com.kms.katalon.core.main.TestCaseExecutor.runScript(TestCaseExecutor.java:448)&#xa;	at com.kms.katalon.core.main.TestCaseExecutor.doExecute(TestCaseExecutor.java:439)&#xa;	at com.kms.katalon.core.main.TestCaseExecutor.processExecutionPhase(TestCaseExecutor.java:418)&#xa;	at com.kms.katalon.core.main.TestCaseExecutor.accessMainPhase(TestCaseExecutor.java:410)&#xa;	at com.kms.katalon.core.main.TestCaseExecutor.execute(TestCaseExecutor.java:285)&#xa;	at com.kms.katalon.core.common.CommonExecutor.accessTestCaseMainPhase(CommonExecutor.java:65)&#xa;	at com.kms.katalon.core.main.TestSuiteExecutor.accessTestSuiteMainPhase(TestSuiteExecutor.java:150)&#xa;	at com.kms.katalon.core.main.TestSuiteExecutor.execute(TestSuiteExecutor.java:106)&#xa;	at com.kms.katalon.core.main.TestCaseMain.startTestSuite(TestCaseMain.java:180)&#xa;	at TempTestSuite1727249381322.run(TempTestSuite1727249381322.groovy:35)&#xa;	at java.base/jdk.internal.reflect.NativeMethodAccessorImpl.invoke0(Native Method)&#xa;	at java.base/jdk.internal.reflect.NativeMethodAccessorImpl.invoke(NativeMethodAccessorImpl.java:77)&#xa;	at java.base/jdk.internal.reflect.DelegatingMethodAccessorImpl.invoke(DelegatingMethodAccessorImpl.java:43)&#xa;Caused by: com.kms.katalon.core.exception.StepFailedException: Text 'Cancel Payment Plan' is not present on page &#xa;	... 24 more&#xa;"/>
         <system-out><![CDATA[25-09-2024T13:02:37 - [TEST_CASE][FAILED] - Test Cases/IntegratedWeb/IWP25/Payments/CCDeferredPC: Test Cases/IntegratedWeb/IWP25/Payments/CCDeferredPC FAILED.
Reason:
com.kms.katalon.core.exception.StepFailedException: Text 'Cancel Payment Plan' is not present on page  (Root cause: com.kms.katalon.core.exception.StepFailedException: Text 'Cancel Payment Plan' is not present on page 
	at com.kms.katalon.core.webui.keyword.internal.WebUIKeywordMain.stepFailed(WebUIKeywordMain.groovy:64)
	at com.kms.katalon.core.webui.keyword.builtin.VerifyTextPresentKeyword$_verifyTextPresent_closure1.doCall(VerifyTextPresentKeyword.groovy:79)
	at com.kms.katalon.core.webui.keyword.builtin.VerifyTextPresentKeyword$_verifyTextPresent_closure1.call(VerifyTextPresentKeyword.groovy)
	at com.kms.katalon.core.webui.keyword.internal.WebUIKeywordMain.runKeyword(WebUIKeywordMain.groovy:20)
	at com.kms.katalon.core.webui.keyword.builtin.VerifyTextPresentKeyword.verifyTextPresent(VerifyTextPresentKeyword.groovy:83)
	at com.kms.katalon.core.webui.keyword.builtin.VerifyTextPresentKeyword.execute(VerifyTextPresentKeyword.groovy:68)
	at com.kms.katalon.core.keyword.internal.KeywordExecutor.executeKeywordForPlatform(KeywordExecutor.groovy:74)
	at com.kms.katalon.core.webui.keyword.WebUiBuiltInKeywords.verifyTextPresent(WebUiBuiltInKeywords.groovy:1762)
	at CCDeferredPC.run(CCDeferredPC:110)
	at com.kms.katalon.core.main.ScriptEngine.run(ScriptEngine.java:194)
	at com.kms.katalon.core.main.ScriptEngine.runScriptAsRawText(ScriptEngine.java:119)
	at com.kms.katalon.core.main.TestCaseExecutor.runScript(TestCaseExecutor.java:448)
	at com.kms.katalon.core.main.TestCaseExecutor.doExecute(TestCaseExecutor.java:439)
	at com.kms.katalon.core.main.TestCaseExecutor.processExecutionPhase(TestCaseExecutor.java:418)
	at com.kms.katalon.core.main.TestCaseExecutor.accessMainPhase(TestCaseExecutor.java:410)
	at com.kms.katalon.core.main.TestCaseExecutor.execute(TestCaseExecutor.java:285)
	at com.kms.katalon.core.common.CommonExecutor.accessTestCaseMainPhase(CommonExecutor.java:65)
	at com.kms.katalon.core.main.TestSuiteExecutor.accessTestSuiteMainPhase(TestSuiteExecutor.java:150)
	at com.kms.katalon.core.main.TestSuiteExecutor.execute(TestSuiteExecutor.java:106)
	at com.kms.katalon.core.main.TestCaseMain.startTestSuite(TestCaseMain.java:180)
	at TempTestSuite1727249381322.run(TempTestSuite1727249381322.groovy:35)
	at java.base/jdk.internal.reflect.NativeMethodAccessorImpl.invoke0(Native Method)
	at java.base/jdk.internal.reflect.NativeMethodAccessorImpl.invoke(NativeMethodAccessorImpl.java:77)
	at java.base/jdk.internal.reflect.DelegatingMethodAccessorImpl.invoke(DelegatingMethodAccessorImpl.java:43)
)
	at com.kms.katalon.core.keyword.internal.KeywordMain.stepFailed(KeywordMain.groovy:39)
	at com.kms.katalon.core.webui.keyword.internal.WebUIKeywordMain.stepFailed(WebUIKeywordMain.groovy:64)
	at com.kms.katalon.core.webui.keyword.builtin.VerifyTextPresentKeyword$_verifyTextPresent_closure1.doCall(VerifyTextPresentKeyword.groovy:79)
	at com.kms.katalon.core.webui.keyword.builtin.VerifyTextPresentKeyword$_verifyTextPresent_closure1.call(VerifyTextPresentKeyword.groovy)
	at com.kms.katalon.core.webui.keyword.internal.WebUIKeywordMain.runKeyword(WebUIKeywordMain.groovy:20)
	at com.kms.katalon.core.webui.keyword.builtin.VerifyTextPresentKeyword.verifyTextPresent(VerifyTextPresentKeyword.groovy:83)
	at com.kms.katalon.core.webui.keyword.builtin.VerifyTextPresentKeyword.execute(VerifyTextPresentKeyword.groovy:68)
	at com.kms.katalon.core.keyword.internal.KeywordExecutor.executeKeywordForPlatform(KeywordExecutor.groovy:74)
	at com.kms.katalon.core.webui.keyword.WebUiBuiltInKeywords.verifyTextPresent(WebUiBuiltInKeywords.groovy:1762)
	at CCDeferredPC.run(CCDeferredPC:110)
	at com.kms.katalon.core.main.ScriptEngine.run(ScriptEngine.java:194)
	at com.kms.katalon.core.main.ScriptEngine.runScriptAsRawText(ScriptEngine.java:119)
	at com.kms.katalon.core.main.TestCaseExecutor.runScript(TestCaseExecutor.java:448)
	at com.kms.katalon.core.main.TestCaseExecutor.doExecute(TestCaseExecutor.java:439)
	at com.kms.katalon.core.main.TestCaseExecutor.processExecutionPhase(TestCaseExecutor.java:418)
	at com.kms.katalon.core.main.TestCaseExecutor.accessMainPhase(TestCaseExecutor.java:410)
	at com.kms.katalon.core.main.TestCaseExecutor.execute(TestCaseExecutor.java:285)
	at com.kms.katalon.core.common.CommonExecutor.accessTestCaseMainPhase(CommonExecutor.java:65)
	at com.kms.katalon.core.main.TestSuiteExecutor.accessTestSuiteMainPhase(TestSuiteExecutor.java:150)
	at com.kms.katalon.core.main.TestSuiteExecutor.execute(TestSuiteExecutor.java:106)
	at com.kms.katalon.core.main.TestCaseMain.startTestSuite(TestCaseMain.java:180)
	at TempTestSuite1727249381322.run(TempTestSuite1727249381322.groovy:35)
	at java.base/jdk.internal.reflect.NativeMethodAccessorImpl.invoke0(Native Method)
	at java.base/jdk.internal.reflect.NativeMethodAccessorImpl.invoke(NativeMethodAccessorImpl.java:77)
	at java.base/jdk.internal.reflect.DelegatingMethodAccessorImpl.invoke(DelegatingMethodAccessorImpl.java:43)
Caused by: com.kms.katalon.core.exception.StepFailedException: Text 'Cancel Payment Plan' is not present on page 
	... 24 more


25-09-2024T13:02:38 - [TEST_STEP][PASSED] - resText = "Fail": null

25-09-2024T13:02:38 - [TEST_STEP][PASSED] - resColumn = "Result": null

25-09-2024T13:02:38 - [TEST_STEP][PASSED] - datCloumn = "Date": null

25-09-2024T13:02:38 - [TEST_STEP][PASSED] - fileLoc = "KatalonData/IWPTestData/VRelay25PaymentsExtension.xlsx": null

25-09-2024T13:02:38 - [TEST_STEP][PASSED] - numOfRows = <not implemented yet for class: org.codehaus.groovy.ast.expr.EmptyExpression>: null

25-09-2024T13:02:38 - [TEST_STEP][PASSED] - dataFile = <not implemented yet for class: org.codehaus.groovy.ast.expr.EmptyExpression>: null

25-09-2024T13:02:38 - [TEST_STEP][PASSED] - nameSheet = <not implemented yet for class: org.codehaus.groovy.ast.expr.EmptyExpression>: null

25-09-2024T13:02:38 - [TEST_STEP][PASSED] - dataFileEmulator = <not implemented yet for class: org.codehaus.groovy.ast.expr.EmptyExpression>: null

25-09-2024T13:02:38 - [TEST_STEP][PASSED] - isRequiredTextPresent = false: null

25-09-2024T13:02:38 - [TEST_STEP][PASSED] - nameSheet = "CCDeferredPlanPC": null

25-09-2024T13:02:38 - [TEST_STEP][PASSED] - dataFile = "IWPTestData/IWP25CCDeferredPC": null

25-09-2024T13:02:38 - [TEST_STEP][PASSED] - dataFileEmulator = "IWPTestData/EmulatorData": null

25-09-2024T13:02:38 - [TEST_STEP][PASSED] - numOfRows = findTestData(dataFile).getRowNumbers(): null

25-09-2024T13:02:38 - [TEST_STEP][PASSED] - println("Number of Records: " + numOfRows): null

25-09-2024T13:02:38 - [TEST_STEP][PASSED] - for ([row = 1, row <= numOfRows, (row++)]): Browser is closed

25-09-2024T13:02:38 - [TEST_STEP][PASSED] - ExecuteTC = findTestData(dataFile).getValue("Execute", row): null

25-09-2024T13:02:38 - [TEST_STEP][PASSED] - out.println("Value of Execute is : " + ExecuteTC): null

25-09-2024T13:02:38 - [TEST_STEP][PASSED] - if (ExecuteTC.equalsIgnoreCase("Y")): null

25-09-2024T13:02:38 - [TEST_STEP][PASSED] - out.println("Begin Record Number: " + row): null

25-09-2024T13:02:38 - [TEST_STEP][PASSED] - today = new java.util.Date(): null

25-09-2024T13:02:38 - [TEST_STEP][PASSED] - println(today): null

25-09-2024T13:02:38 - [TEST_STEP][PASSED] - datText = today: null

25-09-2024T13:02:38 - [TEST_STEP][PASSED] - EmulatorDataKey = findTestData(dataFile).getValue("EmulatorData", row): null

25-09-2024T13:02:38 - [TEST_STEP][PASSED] - out.println("Value of Emulator Key is : " + EmulatorDataKey): null

25-09-2024T13:02:38 - [TEST_STEP][PASSED] - iwpPages.emulatorIWP30.setDataEmulator_DD(EmulatorDataKey): iwpPages.emulatorIWP30.setDataEmulator_DD is PASSED

25-09-2024T13:02:38 - [MESSAGE][INFO] - Starting 'Edge Chromium' driver

25-09-2024T13:02:38 - [MESSAGE][INFO] - User set preference: ['acceptInsecureCerts', 'true']

25-09-2024T13:02:40 - [MESSAGE][INFO] - Action delay is set to 0 milliseconds

25-09-2024T13:02:43 - [MESSAGE][PASSED] - Browser is opened with url: 'https://qa.velocitypayment.com/agency/config.do?action=editor&message_version=2_5'

25-09-2024T13:02:43 - [MESSAGE][PASSED] - Current window maximized

25-09-2024T13:02:44 - [MESSAGE][PASSED] - All options with value '2.5' are selected in object 'Object Repository/IWP30/Page_VRelay30Emulator/MV'  using regular expression

25-09-2024T13:02:45 - [MESSAGE][PASSED] - Text '10.50' is set on object 'Object Repository/IWP30/Page_VRelay30Emulator/Amount'

25-09-2024T13:02:46 - [MESSAGE][PASSED] - Text 'rb3EWrwSfDZp' is set on object 'Object Repository/IWP30/Page_VRelay30Emulator/CAN'

25-09-2024T13:02:46 - [MESSAGE][PASSED] - Text 'PayNow' is set on object 'Object Repository/IWP30/Page_VRelay30Emulator/Action'

25-09-2024T13:02:47 - [MESSAGE][PASSED] - Text 'en_US' is set on object 'Object Repository/IWP30/Page_VRelay30Emulator/Lang'

25-09-2024T13:02:47 - [MESSAGE][PASSED] - Text '' is set on object 'Object Repository/IWP30/Page_VRelay30Emulator/Fname'

25-09-2024T13:02:48 - [MESSAGE][PASSED] - Text '' is set on object 'Object Repository/IWP30/Page_VRelay30Emulator/Lname'

25-09-2024T13:02:49 - [MESSAGE][PASSED] - Text '' is set on object 'Object Repository/IWP30/Page_VRelay30Emulator/AL1'

25-09-2024T13:02:49 - [MESSAGE][PASSED] - Text '' is set on object 'Object Repository/IWP30/Page_VRelay30Emulator/AL2'

25-09-2024T13:02:50 - [MESSAGE][PASSED] - Text '' is set on object 'Object Repository/IWP30/Page_VRelay30Emulator/Country'

25-09-2024T13:02:50 - [MESSAGE][PASSED] - Text '' is set on object 'Object Repository/IWP30/Page_VRelay30Emulator/City'

25-09-2024T13:02:51 - [MESSAGE][PASSED] - Text '' is set on object 'Object Repository/IWP30/Page_VRelay30Emulator/State'

25-09-2024T13:02:51 - [MESSAGE][PASSED] - Text '' is set on object 'Object Repository/IWP30/Page_VRelay30Emulator/ZIP'

25-09-2024T13:02:52 - [MESSAGE][PASSED] - Text '' is set on object 'Object Repository/IWP30/Page_VRelay30Emulator/Order'

25-09-2024T13:02:53 - [MESSAGE][PASSED] - Text '' is set on object 'Object Repository/IWP30/Page_VRelay30Emulator/Company'

25-09-2024T13:02:53 - [MESSAGE][PASSED] - Text '' is set on object 'Object Repository/IWP30/Page_VRelay30Emulator/Email'

25-09-2024T13:02:54 - [MESSAGE][PASSED] - Text '' is set on object 'Object Repository/IWP30/Page_VRelay30Emulator/UDF1'

25-09-2024T13:02:54 - [MESSAGE][PASSED] - Text '' is set on object 'Object Repository/IWP30/Page_VRelay30Emulator/UDF2'

25-09-2024T13:02:55 - [MESSAGE][PASSED] - Text '' is set on object 'Object Repository/IWP30/Page_VRelay30Emulator/UDF3'

25-09-2024T13:02:56 - [MESSAGE][PASSED] - Text 'udf data 4' is set on object 'Object Repository/IWP30/Page_VRelay30Emulator/UDF4'

25-09-2024T13:02:56 - [MESSAGE][PASSED] - Text 'udf data 5' is set on object 'Object Repository/IWP30/Page_VRelay30Emulator/UDF5'

25-09-2024T13:02:57 - [MESSAGE][PASSED] - Text '' is set on object 'Object Repository/IWP30/Page_VRelay30Emulator/UDF6'

25-09-2024T13:02:57 - [MESSAGE][PASSED] - Text '' is set on object 'Object Repository/IWP30/Page_VRelay30Emulator/UDF7'

25-09-2024T13:02:58 - [MESSAGE][PASSED] - Text '' is set on object 'Object Repository/IWP30/Page_VRelay30Emulator/UDF8'

25-09-2024T13:02:59 - [MESSAGE][PASSED] - Text 'udf data 9' is set on object 'Object Repository/IWP30/Page_VRelay30Emulator/UDF9'

25-09-2024T13:02:59 - [MESSAGE][PASSED] - Text 'udf data 10' is set on object 'Object Repository/IWP30/Page_VRelay30Emulator/UDF10'

25-09-2024T13:03:00 - [MESSAGE][PASSED] - Object: 'Object Repository/IWP30/Page_VRelay30Emulator/Submit' is clicked on

25-09-2024T13:03:05 - [MESSAGE][PASSED] - Browser is closed

25-09-2024T13:03:09 - [MESSAGE][PASSED] - iwpPages.emulatorIWP30.setDataEmulator_DD is PASSED

25-09-2024T13:03:09 - [TEST_STEP][PASSED] - testHarnessURL = urlTestHarness: null

25-09-2024T13:03:09 - [TEST_STEP][PASSED] - openBrowser(testHarnessURL): Browser is opened with url: 'https://dev-algorithm.govolution.com/vrelaytest/QA/version_2_2/vrelaytest.html'

25-09-2024T13:03:09 - [MESSAGE][INFO] - Starting 'Edge Chromium' driver

25-09-2024T13:03:09 - [MESSAGE][INFO] - User set preference: ['acceptInsecureCerts', 'true']

25-09-2024T13:03:11 - [MESSAGE][INFO] - Action delay is set to 0 milliseconds

25-09-2024T13:03:15 - [MESSAGE][PASSED] - Browser is opened with url: 'https://dev-algorithm.govolution.com/vrelaytest/QA/version_2_2/vrelaytest.html'

25-09-2024T13:03:15 - [TEST_STEP][PASSED] - maximizeWindow(): Current window maximized

25-09-2024T13:03:15 - [MESSAGE][PASSED] - Current window maximized

25-09-2024T13:03:15 - [TEST_STEP][PASSED] - iwpPages.TestHarnessPage.setDataMethod(row, dataFile): iwpPages.TestHarnessPage.setDataMethod is PASSED

25-09-2024T13:03:15 - [MESSAGE][PASSED] - Object 'Object Repository/IWP30/Page_QATestHarness/RemittanceID' is present

25-09-2024T13:03:16 - [MESSAGE][PASSED] - Text '638' is set on object 'Object Repository/IWP30/Page_QATestHarness/ApplicationID'

25-09-2024T13:03:16 - [MESSAGE][PASSED] - Text '2.5' is set on object 'Object Repository/IWP30/Page_QATestHarness/MessageVersion'

25-09-2024T13:03:17 - [MESSAGE][PASSED] - Text 'Dun6tUpMNBw4' is set on object 'Object Repository/IWP30/Page_QATestHarness/RemittanceID'

25-09-2024T13:03:20 - [MESSAGE][PASSED] - Object: 'Object Repository/IWP30/Page_QATestHarness/SubmitButton' is clicked on

25-09-2024T13:03:20 - [MESSAGE][PASSED] - iwpPages.TestHarnessPage.setDataMethod is PASSED

25-09-2024T13:03:20 - [TEST_STEP][PASSED] - click(findTestObject("Object Repository/IWP30/Page_SelectPaymentMethod/PayByPersonalCheck")): Object: 'Object Repository/IWP30/Page_SelectPaymentMethod/PayByPersonalCheck' is clicked on

25-09-2024T13:03:20 - [MESSAGE][PASSED] - Object: 'Object Repository/IWP30/Page_SelectPaymentMethod/PayByPersonalCheck' is clicked on

25-09-2024T13:03:20 - [TEST_STEP][PASSED] - click(findTestObject("Object Repository/IWP30/Page_SelectPaymentMethod/MakePaymentButton")): Object: 'Object Repository/IWP30/Page_SelectPaymentMethod/MakePaymentButton' is clicked on

25-09-2024T13:03:22 - [MESSAGE][PASSED] - Object: 'Object Repository/IWP30/Page_SelectPaymentMethod/MakePaymentButton' is clicked on

25-09-2024T13:03:22 - [TEST_STEP][PASSED] - iwpPages.achPersonalPaymentEntryPage.setDataACHPPM(row, dataFile): iwpPages.achPersonalPaymentEntryPage.setDataACHPPM is PASSED

25-09-2024T13:03:23 - [MESSAGE][PASSED] - Object 'Object Repository/IWP30/Page_ACHPersonalPaymentEntry/txt_accountNumber' is present

25-09-2024T13:03:24 - [MESSAGE][PASSED] - Text '10.50' is set on object 'Object Repository/IWP30/Page_ACHPersonalPaymentEntry/txt_Amount'

25-09-2024T13:03:24 - [MESSAGE][PASSED] - Object 'Object Repository/IWP30/Page_ACHPersonalPaymentEntry/txt_UDF2' is present

25-09-2024T13:03:25 - [MESSAGE][PASSED] - Text 'udf data 2' is set on object 'Object Repository/IWP30/Page_ACHPersonalPaymentEntry/txt_UDF2'

25-09-2024T13:03:25 - [MESSAGE][PASSED] - Text 'udf data 3' is set on object 'Object Repository/IWP30/Page_ACHPersonalPaymentEntry/txt_UDF3'

25-09-2024T13:03:26 - [MESSAGE][PASSED] - All options with label 'Orange' are selected in object 'Object Repository/IWP30/Page_ACHPersonalPaymentEntry/dd_UDF7' 

25-09-2024T13:03:26 - [MESSAGE][PASSED] - All options with label 'Soccer' are selected in object 'Object Repository/IWP30/Page_ACHPersonalPaymentEntry/dd_UDF8' 

25-09-2024T13:03:27 - [MESSAGE][PASSED] - Object 'Object Repository/IWP30/Page_ACHPersonalPaymentEntry/txt_Firstname' is present

25-09-2024T13:03:27 - [MESSAGE][PASSED] - Text 'Elizath' is set on object 'Object Repository/IWP30/Page_ACHPersonalPaymentEntry/txt_Firstname'

25-09-2024T13:03:27 - [MESSAGE][PASSED] - Object 'Object Repository/IWP30/Page_ACHPersonalPaymentEntry/txt_Lastname' is present

25-09-2024T13:03:28 - [MESSAGE][PASSED] - Text 'Christine' is set on object 'Object Repository/IWP30/Page_ACHPersonalPaymentEntry/txt_Lastname'

25-09-2024T13:03:28 - [MESSAGE][PASSED] - Object 'Object Repository/IWP30/Page_ACHPersonalPaymentEntry/txt_routingNumber' is present

25-09-2024T13:03:29 - [MESSAGE][PASSED] - Text '256072691' is set on object 'Object Repository/IWP30/Page_ACHPersonalPaymentEntry/txt_routingNumber'

25-09-2024T13:03:29 - [MESSAGE][PASSED] - Object 'Object Repository/IWP30/Page_ACHPersonalPaymentEntry/txt_accountNumber' is present

25-09-2024T13:03:31 - [MESSAGE][PASSED] - Text '12344444' is set on object 'Object Repository/IWP30/Page_ACHPersonalPaymentEntry/txt_accountNumber'

25-09-2024T13:03:31 - [MESSAGE][PASSED] - Object 'Object Repository/IWP30/Page_ACHPersonalPaymentEntry/txt_confirmAccountNumber' is present

25-09-2024T13:03:32 - [MESSAGE][PASSED] - Text '12344444' is set on object 'Object Repository/IWP30/Page_ACHPersonalPaymentEntry/txt_confirmAccountNumber'

25-09-2024T13:03:32 - [MESSAGE][PASSED] - Object 'Object Repository/IWP30/Page_ACHPersonalPaymentEntry/rd_accountType' is present

25-09-2024T13:03:32 - [MESSAGE][PASSED] - Modify property of object successfully

25-09-2024T13:03:32 - [MESSAGE][PASSED] - Object: 'Object Repository/IWP30/Page_ACHPersonalPaymentEntry/rd_accountType' is clicked on

25-09-2024T13:03:32 - [MESSAGE][PASSED] - Execute JavaScript '
				   document.getElementById('processDate').value = '08/09/2025'
				  ' successfully

25-09-2024T13:03:33 - [MESSAGE][PASSED] - Text '365 Main Avenue' is set on object 'Object Repository/IWP30/Page_ACHPersonalPaymentEntry/txt_AL1'

25-09-2024T13:03:34 - [MESSAGE][PASSED] - Text '22201' is set on object 'Object Repository/IWP30/Page_ACHPersonalPaymentEntry/txt_ZIP'

25-09-2024T13:03:34 - [MESSAGE][PASSED] - Object 'Object Repository/IWP30/Page_ACHPersonalPaymentEntry/txt_Email' is present

25-09-2024T13:03:36 - [MESSAGE][PASSED] - Text 'iahmed@govolution.com' is set on object 'Object Repository/IWP30/Page_ACHPersonalPaymentEntry/txt_Email'

25-09-2024T13:03:36 - [MESSAGE][PASSED] - Object 'Object Repository/IWP30/Page_ACHPersonalPaymentEntry/cb_TermsAndCond' is present

25-09-2024T13:03:37 - [MESSAGE][PASSED] - Object: 'Object Repository/IWP30/Page_ACHPersonalPaymentEntry/cb_TermsAndCond' is clicked on

25-09-2024T13:03:37 - [MESSAGE][PASSED] - Object 'Object Repository/IWP30/Page_ACHPersonalPaymentEntry/btn_Continue' is present

25-09-2024T13:03:38 - [MESSAGE][PASSED] - Object: 'Object Repository/IWP30/Page_ACHPersonalPaymentEntry/btn_Continue' is clicked on

25-09-2024T13:03:38 - [MESSAGE][PASSED] - iwpPages.achPersonalPaymentEntryPage.setDataACHPPM is PASSED

25-09-2024T13:03:38 - [TEST_STEP][PASSED] - click(findTestObject("Object Repository/IWP30/Page_Confirmation/ConfirmButton")): Object: 'Object Repository/IWP30/Page_Confirmation/ConfirmButton' is clicked on

25-09-2024T13:03:40 - [MESSAGE][PASSED] - Object: 'Object Repository/IWP30/Page_Confirmation/ConfirmButton' is clicked on

25-09-2024T13:03:40 - [TEST_STEP][PASSED] - Thread.sleep(2000): null

25-09-2024T13:03:42 - [TEST_STEP][PASSED] - if (verifyTextPresent("Deferred", false)): null

25-09-2024T13:03:42 - [MESSAGE][PASSED] - Text 'Deferred' is present on page 

25-09-2024T13:03:42 - [TEST_STEP][PASSED] - println("Deferred is present on page. Deferred Pay is created"): null

25-09-2024T13:03:42 - [TEST_STEP][PASSED] - click(findTestObject("Object Repository/IWP30/Page_Receipt/ViewScheduledPaymentsButton")): Object: 'Object Repository/IWP30/Page_Receipt/ViewScheduledPaymentsButton' is clicked on

25-09-2024T13:03:43 - [MESSAGE][PASSED] - Object: 'Object Repository/IWP30/Page_Receipt/ViewScheduledPaymentsButton' is clicked on

25-09-2024T13:03:43 - [TEST_STEP][PASSED] - switchToWindowTitle("View Scheduled Payments"): Switched to window with title: 'View Scheduled Payments'

25-09-2024T13:03:43 - [MESSAGE][PASSED] - Switched to window with title: 'View Scheduled Payments'

25-09-2024T13:03:43 - [TEST_STEP][PASSED] - Thread.sleep(5000): null

25-09-2024T13:03:48 - [TEST_STEP][PASSED] - if (verifyTextPresent("View Scheduled Payments", false)): null

25-09-2024T13:03:48 - [MESSAGE][PASSED] - Text 'View Scheduled Payments' is present on page 

25-09-2024T13:03:48 - [TEST_STEP][PASSED] - click(findTestObject("Object Repository/IWP30/Page_ScheduledPayments/cancel_payment")): Object: 'Object Repository/IWP30/Page_ScheduledPayments/cancel_payment' is clicked on

25-09-2024T13:03:49 - [MESSAGE][PASSED] - Object: 'Object Repository/IWP30/Page_ScheduledPayments/cancel_payment' is clicked on

25-09-2024T13:03:49 - [TEST_STEP][FAILED] - if (verifyTextPresent("Cancel Payment Plan", false)): Text 'Cancel Payment Plan' is not present on page  (Root cause: com.kms.katalon.core.exception.StepFailedException: Text 'Cancel Payment Plan' is not present on page 
	at com.kms.katalon.core.webui.keyword.internal.WebUIKeywordMain.stepFailed(WebUIKeywordMain.groovy:64)
	at com.kms.katalon.core.webui.keyword.builtin.VerifyTextPresentKeyword$_verifyTextPresent_closure1.doCall(VerifyTextPresentKeyword.groovy:79)
	at com.kms.katalon.core.webui.keyword.builtin.VerifyTextPresentKeyword$_verifyTextPresent_closure1.call(VerifyTextPresentKeyword.groovy)
	at com.kms.katalon.core.webui.keyword.internal.WebUIKeywordMain.runKeyword(WebUIKeywordMain.groovy:20)
	at com.kms.katalon.core.webui.keyword.builtin.VerifyTextPresentKeyword.verifyTextPresent(VerifyTextPresentKeyword.groovy:83)
	at com.kms.katalon.core.webui.keyword.builtin.VerifyTextPresentKeyword.execute(VerifyTextPresentKeyword.groovy:68)
	at com.kms.katalon.core.keyword.internal.KeywordExecutor.executeKeywordForPlatform(KeywordExecutor.groovy:74)
	at com.kms.katalon.core.webui.keyword.WebUiBuiltInKeywords.verifyTextPresent(WebUiBuiltInKeywords.groovy:1762)
	at CCDeferredPC.run(CCDeferredPC:110)
	at com.kms.katalon.core.main.ScriptEngine.run(ScriptEngine.java:194)
	at com.kms.katalon.core.main.ScriptEngine.runScriptAsRawText(ScriptEngine.java:119)
	at com.kms.katalon.core.main.TestCaseExecutor.runScript(TestCaseExecutor.java:448)
	at com.kms.katalon.core.main.TestCaseExecutor.doExecute(TestCaseExecutor.java:439)
	at com.kms.katalon.core.main.TestCaseExecutor.processExecutionPhase(TestCaseExecutor.java:418)
	at com.kms.katalon.core.main.TestCaseExecutor.accessMainPhase(TestCaseExecutor.java:410)
	at com.kms.katalon.core.main.TestCaseExecutor.execute(TestCaseExecutor.java:285)
	at com.kms.katalon.core.common.CommonExecutor.accessTestCaseMainPhase(CommonExecutor.java:65)
	at com.kms.katalon.core.main.TestSuiteExecutor.accessTestSuiteMainPhase(TestSuiteExecutor.java:150)
	at com.kms.katalon.core.main.TestSuiteExecutor.execute(TestSuiteExecutor.java:106)
	at com.kms.katalon.core.main.TestCaseMain.startTestSuite(TestCaseMain.java:180)
	at TempTestSuite1727249381322.run(TempTestSuite1727249381322.groovy:35)
	at java.base/jdk.internal.reflect.NativeMethodAccessorImpl.invoke0(Native Method)
	at java.base/jdk.internal.reflect.NativeMethodAccessorImpl.invoke(NativeMethodAccessorImpl.java:77)
	at java.base/jdk.internal.reflect.DelegatingMethodAccessorImpl.invoke(DelegatingMethodAccessorImpl.java:43)
)

25-09-2024T13:03:49 - [MESSAGE][FAILED] - Text 'Cancel Payment Plan' is not present on page  (Root cause: com.kms.katalon.core.exception.StepFailedException: Text 'Cancel Payment Plan' is not present on page 
	at com.kms.katalon.core.webui.keyword.internal.WebUIKeywordMain.stepFailed(WebUIKeywordMain.groovy:64)
	at com.kms.katalon.core.webui.keyword.builtin.VerifyTextPresentKeyword$_verifyTextPresent_closure1.doCall(VerifyTextPresentKeyword.groovy:79)
	at com.kms.katalon.core.webui.keyword.builtin.VerifyTextPresentKeyword$_verifyTextPresent_closure1.call(VerifyTextPresentKeyword.groovy)
	at com.kms.katalon.core.webui.keyword.internal.WebUIKeywordMain.runKeyword(WebUIKeywordMain.groovy:20)
	at com.kms.katalon.core.webui.keyword.builtin.VerifyTextPresentKeyword.verifyTextPresent(VerifyTextPresentKeyword.groovy:83)
	at com.kms.katalon.core.webui.keyword.builtin.VerifyTextPresentKeyword.execute(VerifyTextPresentKeyword.groovy:68)
	at com.kms.katalon.core.keyword.internal.KeywordExecutor.executeKeywordForPlatform(KeywordExecutor.groovy:74)
	at com.kms.katalon.core.webui.keyword.WebUiBuiltInKeywords.verifyTextPresent(WebUiBuiltInKeywords.groovy:1762)
	at CCDeferredPC.run(CCDeferredPC:110)
	at com.kms.katalon.core.main.ScriptEngine.run(ScriptEngine.java:194)
	at com.kms.katalon.core.main.ScriptEngine.runScriptAsRawText(ScriptEngine.java:119)
	at com.kms.katalon.core.main.TestCaseExecutor.runScript(TestCaseExecutor.java:448)
	at com.kms.katalon.core.main.TestCaseExecutor.doExecute(TestCaseExecutor.java:439)
	at com.kms.katalon.core.main.TestCaseExecutor.processExecutionPhase(TestCaseExecutor.java:418)
	at com.kms.katalon.core.main.TestCaseExecutor.accessMainPhase(TestCaseExecutor.java:410)
	at com.kms.katalon.core.main.TestCaseExecutor.execute(TestCaseExecutor.java:285)
	at com.kms.katalon.core.common.CommonExecutor.accessTestCaseMainPhase(CommonExecutor.java:65)
	at com.kms.katalon.core.main.TestSuiteExecutor.accessTestSuiteMainPhase(TestSuiteExecutor.java:150)
	at com.kms.katalon.core.main.TestSuiteExecutor.execute(TestSuiteExecutor.java:106)
	at com.kms.katalon.core.main.TestCaseMain.startTestSuite(TestCaseMain.java:180)
	at TempTestSuite1727249381322.run(TempTestSuite1727249381322.groovy:35)
	at java.base/jdk.internal.reflect.NativeMethodAccessorImpl.invoke0(Native Method)
	at java.base/jdk.internal.reflect.NativeMethodAccessorImpl.invoke(NativeMethodAccessorImpl.java:77)
	at java.base/jdk.internal.reflect.DelegatingMethodAccessorImpl.invoke(DelegatingMethodAccessorImpl.java:43)
)

25-09-2024T13:03:49 - [TEST_STEP][FAILED] - if (verifyTextPresent("Your payment plan has been successfully canceled", false)): Text 'Your payment plan has been successfully canceled' is not present on page  (Root cause: com.kms.katalon.core.exception.StepFailedException: Text 'Your payment plan has been successfully canceled' is not present on page 
	at com.kms.katalon.core.webui.keyword.internal.WebUIKeywordMain.stepFailed(WebUIKeywordMain.groovy:64)
	at com.kms.katalon.core.webui.keyword.builtin.VerifyTextPresentKeyword$_verifyTextPresent_closure1.doCall(VerifyTextPresentKeyword.groovy:79)
	at com.kms.katalon.core.webui.keyword.builtin.VerifyTextPresentKeyword$_verifyTextPresent_closure1.call(VerifyTextPresentKeyword.groovy)
	at com.kms.katalon.core.webui.keyword.internal.WebUIKeywordMain.runKeyword(WebUIKeywordMain.groovy:20)
	at com.kms.katalon.core.webui.keyword.builtin.VerifyTextPresentKeyword.verifyTextPresent(VerifyTextPresentKeyword.groovy:83)
	at com.kms.katalon.core.webui.keyword.builtin.VerifyTextPresentKeyword.execute(VerifyTextPresentKeyword.groovy:68)
	at com.kms.katalon.core.keyword.internal.KeywordExecutor.executeKeywordForPlatform(KeywordExecutor.groovy:74)
	at com.kms.katalon.core.webui.keyword.WebUiBuiltInKeywords.verifyTextPresent(WebUiBuiltInKeywords.groovy:1762)
	at CCDeferredPC.run(CCDeferredPC:116)
	at com.kms.katalon.core.main.ScriptEngine.run(ScriptEngine.java:194)
	at com.kms.katalon.core.main.ScriptEngine.runScriptAsRawText(ScriptEngine.java:119)
	at com.kms.katalon.core.main.TestCaseExecutor.runScript(TestCaseExecutor.java:448)
	at com.kms.katalon.core.main.TestCaseExecutor.doExecute(TestCaseExecutor.java:439)
	at com.kms.katalon.core.main.TestCaseExecutor.processExecutionPhase(TestCaseExecutor.java:418)
	at com.kms.katalon.core.main.TestCaseExecutor.accessMainPhase(TestCaseExecutor.java:410)
	at com.kms.katalon.core.main.TestCaseExecutor.execute(TestCaseExecutor.java:285)
	at com.kms.katalon.core.common.CommonExecutor.accessTestCaseMainPhase(CommonExecutor.java:65)
	at com.kms.katalon.core.main.TestSuiteExecutor.accessTestSuiteMainPhase(TestSuiteExecutor.java:150)
	at com.kms.katalon.core.main.TestSuiteExecutor.execute(TestSuiteExecutor.java:106)
	at com.kms.katalon.core.main.TestCaseMain.startTestSuite(TestCaseMain.java:180)
	at TempTestSuite1727249381322.run(TempTestSuite1727249381322.groovy:35)
	at java.base/jdk.internal.reflect.NativeMethodAccessorImpl.invoke0(Native Method)
	at java.base/jdk.internal.reflect.NativeMethodAccessorImpl.invoke(NativeMethodAccessorImpl.java:77)
	at java.base/jdk.internal.reflect.DelegatingMethodAccessorImpl.invoke(DelegatingMethodAccessorImpl.java:43)
)

25-09-2024T13:03:49 - [MESSAGE][FAILED] - Text 'Your payment plan has been successfully canceled' is not present on page  (Root cause: com.kms.katalon.core.exception.StepFailedException: Text 'Your payment plan has been successfully canceled' is not present on page 
	at com.kms.katalon.core.webui.keyword.internal.WebUIKeywordMain.stepFailed(WebUIKeywordMain.groovy:64)
	at com.kms.katalon.core.webui.keyword.builtin.VerifyTextPresentKeyword$_verifyTextPresent_closure1.doCall(VerifyTextPresentKeyword.groovy:79)
	at com.kms.katalon.core.webui.keyword.builtin.VerifyTextPresentKeyword$_verifyTextPresent_closure1.call(VerifyTextPresentKeyword.groovy)
	at com.kms.katalon.core.webui.keyword.internal.WebUIKeywordMain.runKeyword(WebUIKeywordMain.groovy:20)
	at com.kms.katalon.core.webui.keyword.builtin.VerifyTextPresentKeyword.verifyTextPresent(VerifyTextPresentKeyword.groovy:83)
	at com.kms.katalon.core.webui.keyword.builtin.VerifyTextPresentKeyword.execute(VerifyTextPresentKeyword.groovy:68)
	at com.kms.katalon.core.keyword.internal.KeywordExecutor.executeKeywordForPlatform(KeywordExecutor.groovy:74)
	at com.kms.katalon.core.webui.keyword.WebUiBuiltInKeywords.verifyTextPresent(WebUiBuiltInKeywords.groovy:1762)
	at CCDeferredPC.run(CCDeferredPC:116)
	at com.kms.katalon.core.main.ScriptEngine.run(ScriptEngine.java:194)
	at com.kms.katalon.core.main.ScriptEngine.runScriptAsRawText(ScriptEngine.java:119)
	at com.kms.katalon.core.main.TestCaseExecutor.runScript(TestCaseExecutor.java:448)
	at com.kms.katalon.core.main.TestCaseExecutor.doExecute(TestCaseExecutor.java:439)
	at com.kms.katalon.core.main.TestCaseExecutor.processExecutionPhase(TestCaseExecutor.java:418)
	at com.kms.katalon.core.main.TestCaseExecutor.accessMainPhase(TestCaseExecutor.java:410)
	at com.kms.katalon.core.main.TestCaseExecutor.execute(TestCaseExecutor.java:285)
	at com.kms.katalon.core.common.CommonExecutor.accessTestCaseMainPhase(CommonExecutor.java:65)
	at com.kms.katalon.core.main.TestSuiteExecutor.accessTestSuiteMainPhase(TestSuiteExecutor.java:150)
	at com.kms.katalon.core.main.TestSuiteExecutor.execute(TestSuiteExecutor.java:106)
	at com.kms.katalon.core.main.TestCaseMain.startTestSuite(TestCaseMain.java:180)
	at TempTestSuite1727249381322.run(TempTestSuite1727249381322.groovy:35)
	at java.base/jdk.internal.reflect.NativeMethodAccessorImpl.invoke0(Native Method)
	at java.base/jdk.internal.reflect.NativeMethodAccessorImpl.invoke(NativeMethodAccessorImpl.java:77)
	at java.base/jdk.internal.reflect.DelegatingMethodAccessorImpl.invoke(DelegatingMethodAccessorImpl.java:43)
)

25-09-2024T13:03:49 - [TEST_STEP][FAILED] - else: null

25-09-2024T13:03:49 - [TEST_STEP][FAILED] - markFailed("Your payment plan is not created and cancelled"): Your payment plan is not created and cancelled

25-09-2024T13:03:49 - [MESSAGE][FAILED] - Your payment plan is not created and cancelled

25-09-2024T13:03:49 - [TEST_STEP][PASSED] - resText = "Fail": null

25-09-2024T13:03:49 - [TEST_STEP][PASSED] - pages.WriteExcel.demoKey(resText, datText, resColumn, datCloumn, fileLoc, nameSheet, row): pages.WriteExcel.demoKey is PASSED

25-09-2024T13:03:49 - [MESSAGE][PASSED] - pages.WriteExcel.demoKey is PASSED

25-09-2024T13:03:49 - [TEST_STEP][PASSED] - closeBrowser(): Browser is closed

25-09-2024T13:03:49 - [MESSAGE][PASSED] - Browser is closed]]></system-out>
         <system-err><![CDATA[25-09-2024T13:02:37 - [TEST_CASE][FAILED] - Test Cases/IntegratedWeb/IWP25/Payments/CCDeferredPC: Test Cases/IntegratedWeb/IWP25/Payments/CCDeferredPC FAILED.
Reason:
com.kms.katalon.core.exception.StepFailedException: Text 'Cancel Payment Plan' is not present on page  (Root cause: com.kms.katalon.core.exception.StepFailedException: Text 'Cancel Payment Plan' is not present on page 
	at com.kms.katalon.core.webui.keyword.internal.WebUIKeywordMain.stepFailed(WebUIKeywordMain.groovy:64)
	at com.kms.katalon.core.webui.keyword.builtin.VerifyTextPresentKeyword$_verifyTextPresent_closure1.doCall(VerifyTextPresentKeyword.groovy:79)
	at com.kms.katalon.core.webui.keyword.builtin.VerifyTextPresentKeyword$_verifyTextPresent_closure1.call(VerifyTextPresentKeyword.groovy)
	at com.kms.katalon.core.webui.keyword.internal.WebUIKeywordMain.runKeyword(WebUIKeywordMain.groovy:20)
	at com.kms.katalon.core.webui.keyword.builtin.VerifyTextPresentKeyword.verifyTextPresent(VerifyTextPresentKeyword.groovy:83)
	at com.kms.katalon.core.webui.keyword.builtin.VerifyTextPresentKeyword.execute(VerifyTextPresentKeyword.groovy:68)
	at com.kms.katalon.core.keyword.internal.KeywordExecutor.executeKeywordForPlatform(KeywordExecutor.groovy:74)
	at com.kms.katalon.core.webui.keyword.WebUiBuiltInKeywords.verifyTextPresent(WebUiBuiltInKeywords.groovy:1762)
	at CCDeferredPC.run(CCDeferredPC:110)
	at com.kms.katalon.core.main.ScriptEngine.run(ScriptEngine.java:194)
	at com.kms.katalon.core.main.ScriptEngine.runScriptAsRawText(ScriptEngine.java:119)
	at com.kms.katalon.core.main.TestCaseExecutor.runScript(TestCaseExecutor.java:448)
	at com.kms.katalon.core.main.TestCaseExecutor.doExecute(TestCaseExecutor.java:439)
	at com.kms.katalon.core.main.TestCaseExecutor.processExecutionPhase(TestCaseExecutor.java:418)
	at com.kms.katalon.core.main.TestCaseExecutor.accessMainPhase(TestCaseExecutor.java:410)
	at com.kms.katalon.core.main.TestCaseExecutor.execute(TestCaseExecutor.java:285)
	at com.kms.katalon.core.common.CommonExecutor.accessTestCaseMainPhase(CommonExecutor.java:65)
	at com.kms.katalon.core.main.TestSuiteExecutor.accessTestSuiteMainPhase(TestSuiteExecutor.java:150)
	at com.kms.katalon.core.main.TestSuiteExecutor.execute(TestSuiteExecutor.java:106)
	at com.kms.katalon.core.main.TestCaseMain.startTestSuite(TestCaseMain.java:180)
	at TempTestSuite1727249381322.run(TempTestSuite1727249381322.groovy:35)
	at java.base/jdk.internal.reflect.NativeMethodAccessorImpl.invoke0(Native Method)
	at java.base/jdk.internal.reflect.NativeMethodAccessorImpl.invoke(NativeMethodAccessorImpl.java:77)
	at java.base/jdk.internal.reflect.DelegatingMethodAccessorImpl.invoke(DelegatingMethodAccessorImpl.java:43)
)
	at com.kms.katalon.core.keyword.internal.KeywordMain.stepFailed(KeywordMain.groovy:39)
	at com.kms.katalon.core.webui.keyword.internal.WebUIKeywordMain.stepFailed(WebUIKeywordMain.groovy:64)
	at com.kms.katalon.core.webui.keyword.builtin.VerifyTextPresentKeyword$_verifyTextPresent_closure1.doCall(VerifyTextPresentKeyword.groovy:79)
	at com.kms.katalon.core.webui.keyword.builtin.VerifyTextPresentKeyword$_verifyTextPresent_closure1.call(VerifyTextPresentKeyword.groovy)
	at com.kms.katalon.core.webui.keyword.internal.WebUIKeywordMain.runKeyword(WebUIKeywordMain.groovy:20)
	at com.kms.katalon.core.webui.keyword.builtin.VerifyTextPresentKeyword.verifyTextPresent(VerifyTextPresentKeyword.groovy:83)
	at com.kms.katalon.core.webui.keyword.builtin.VerifyTextPresentKeyword.execute(VerifyTextPresentKeyword.groovy:68)
	at com.kms.katalon.core.keyword.internal.KeywordExecutor.executeKeywordForPlatform(KeywordExecutor.groovy:74)
	at com.kms.katalon.core.webui.keyword.WebUiBuiltInKeywords.verifyTextPresent(WebUiBuiltInKeywords.groovy:1762)
	at CCDeferredPC.run(CCDeferredPC:110)
	at com.kms.katalon.core.main.ScriptEngine.run(ScriptEngine.java:194)
	at com.kms.katalon.core.main.ScriptEngine.runScriptAsRawText(ScriptEngine.java:119)
	at com.kms.katalon.core.main.TestCaseExecutor.runScript(TestCaseExecutor.java:448)
	at com.kms.katalon.core.main.TestCaseExecutor.doExecute(TestCaseExecutor.java:439)
	at com.kms.katalon.core.main.TestCaseExecutor.processExecutionPhase(TestCaseExecutor.java:418)
	at com.kms.katalon.core.main.TestCaseExecutor.accessMainPhase(TestCaseExecutor.java:410)
	at com.kms.katalon.core.main.TestCaseExecutor.execute(TestCaseExecutor.java:285)
	at com.kms.katalon.core.common.CommonExecutor.accessTestCaseMainPhase(CommonExecutor.java:65)
	at com.kms.katalon.core.main.TestSuiteExecutor.accessTestSuiteMainPhase(TestSuiteExecutor.java:150)
	at com.kms.katalon.core.main.TestSuiteExecutor.execute(TestSuiteExecutor.java:106)
	at com.kms.katalon.core.main.TestCaseMain.startTestSuite(TestCaseMain.java:180)
	at TempTestSuite1727249381322.run(TempTestSuite1727249381322.groovy:35)
	at java.base/jdk.internal.reflect.NativeMethodAccessorImpl.invoke0(Native Method)
	at java.base/jdk.internal.reflect.NativeMethodAccessorImpl.invoke(NativeMethodAccessorImpl.java:77)
	at java.base/jdk.internal.reflect.DelegatingMethodAccessorImpl.invoke(DelegatingMethodAccessorImpl.java:43)
Caused by: com.kms.katalon.core.exception.StepFailedException: Text 'Cancel Payment Plan' is not present on page 
	... 24 more]]></system-err>
      </testcase>
      <testcase name="Test Cases/IntegratedWeb/IWP25/Payments/CCDeferredPS" time="75.905" classname="Test Cases/IntegratedWeb/IWP25/Payments/CCDeferredPS" status="PASSED">
         <system-out><![CDATA[25-09-2024T13:03:49 - [TEST_CASE][PASSED] - Test Cases/IntegratedWeb/IWP25/Payments/CCDeferredPS: Test Cases/IntegratedWeb/IWP25/Payments/CCDeferredPS

25-09-2024T13:03:50 - [TEST_STEP][PASSED] - resText = "Fail": null

25-09-2024T13:03:50 - [TEST_STEP][PASSED] - resColumn = "Result": null

25-09-2024T13:03:50 - [TEST_STEP][PASSED] - datCloumn = "Date": null

25-09-2024T13:03:50 - [TEST_STEP][PASSED] - fileLoc = "KatalonData/IWPTestData/VRelay25PaymentsExtension.xlsx": null

25-09-2024T13:03:50 - [TEST_STEP][PASSED] - numOfRows = <not implemented yet for class: org.codehaus.groovy.ast.expr.EmptyExpression>: null

25-09-2024T13:03:50 - [TEST_STEP][PASSED] - dataFile = <not implemented yet for class: org.codehaus.groovy.ast.expr.EmptyExpression>: null

25-09-2024T13:03:50 - [TEST_STEP][PASSED] - nameSheet = <not implemented yet for class: org.codehaus.groovy.ast.expr.EmptyExpression>: null

25-09-2024T13:03:50 - [TEST_STEP][PASSED] - dataFileEmulator = <not implemented yet for class: org.codehaus.groovy.ast.expr.EmptyExpression>: null

25-09-2024T13:03:50 - [TEST_STEP][PASSED] - isRequiredTextPresent = false: null

25-09-2024T13:03:50 - [TEST_STEP][PASSED] - nameSheet = "CCDeferredPlanPS": null

25-09-2024T13:03:50 - [TEST_STEP][PASSED] - dataFile = "IWPTestData/IWP25CCDeferredPS": null

25-09-2024T13:03:50 - [TEST_STEP][PASSED] - dataFileEmulator = "IWPTestData/EmulatorData": null

25-09-2024T13:03:50 - [TEST_STEP][PASSED] - numOfRows = findTestData(dataFile).getRowNumbers(): null

25-09-2024T13:03:50 - [TEST_STEP][PASSED] - println("Number of Records: " + numOfRows): null

25-09-2024T13:03:50 - [TEST_STEP][PASSED] - for ([row = 1, row <= numOfRows, (row++)]): Browser is closed

25-09-2024T13:03:50 - [TEST_STEP][PASSED] - ExecuteTC = findTestData(dataFile).getValue("Execute", row): null

25-09-2024T13:03:50 - [TEST_STEP][PASSED] - out.println("Value of Execute is : " + ExecuteTC): null

25-09-2024T13:03:50 - [TEST_STEP][PASSED] - if (ExecuteTC.equalsIgnoreCase("Y")): null

25-09-2024T13:03:50 - [TEST_STEP][PASSED] - out.println("Begin Record Number: " + row): null

25-09-2024T13:03:50 - [TEST_STEP][PASSED] - today = new java.util.Date(): null

25-09-2024T13:03:50 - [TEST_STEP][PASSED] - println(today): null

25-09-2024T13:03:50 - [TEST_STEP][PASSED] - datText = today: null

25-09-2024T13:03:50 - [TEST_STEP][PASSED] - EmulatorDataKey = findTestData(dataFile).getValue("EmulatorData", row): null

25-09-2024T13:03:50 - [TEST_STEP][PASSED] - out.println("Value of Emulator Key is : " + EmulatorDataKey): null

25-09-2024T13:03:50 - [TEST_STEP][PASSED] - iwpPages.emulatorIWP30.setDataEmulator_DD(EmulatorDataKey): iwpPages.emulatorIWP30.setDataEmulator_DD is PASSED

25-09-2024T13:03:50 - [MESSAGE][INFO] - Starting 'Edge Chromium' driver

25-09-2024T13:03:50 - [MESSAGE][INFO] - User set preference: ['acceptInsecureCerts', 'true']

25-09-2024T13:03:52 - [MESSAGE][INFO] - Action delay is set to 0 milliseconds

25-09-2024T13:03:55 - [MESSAGE][PASSED] - Browser is opened with url: 'https://qa.velocitypayment.com/agency/config.do?action=editor&message_version=2_5'

25-09-2024T13:03:55 - [MESSAGE][PASSED] - Current window maximized

25-09-2024T13:03:56 - [MESSAGE][PASSED] - All options with value '2.5' are selected in object 'Object Repository/IWP30/Page_VRelay30Emulator/MV'  using regular expression

25-09-2024T13:03:57 - [MESSAGE][PASSED] - Text '10.50' is set on object 'Object Repository/IWP30/Page_VRelay30Emulator/Amount'

25-09-2024T13:03:58 - [MESSAGE][PASSED] - Text 'mqhzWYvQXgoD' is set on object 'Object Repository/IWP30/Page_VRelay30Emulator/CAN'

25-09-2024T13:03:58 - [MESSAGE][PASSED] - Text 'PayNow' is set on object 'Object Repository/IWP30/Page_VRelay30Emulator/Action'

25-09-2024T13:03:59 - [MESSAGE][PASSED] - Text 'en_US' is set on object 'Object Repository/IWP30/Page_VRelay30Emulator/Lang'

25-09-2024T13:04:00 - [MESSAGE][PASSED] - Text '' is set on object 'Object Repository/IWP30/Page_VRelay30Emulator/Fname'

25-09-2024T13:04:00 - [MESSAGE][PASSED] - Text '' is set on object 'Object Repository/IWP30/Page_VRelay30Emulator/Lname'

25-09-2024T13:04:01 - [MESSAGE][PASSED] - Text '' is set on object 'Object Repository/IWP30/Page_VRelay30Emulator/AL1'

25-09-2024T13:04:01 - [MESSAGE][PASSED] - Text '' is set on object 'Object Repository/IWP30/Page_VRelay30Emulator/AL2'

25-09-2024T13:04:02 - [MESSAGE][PASSED] - Text '' is set on object 'Object Repository/IWP30/Page_VRelay30Emulator/Country'

25-09-2024T13:04:03 - [MESSAGE][PASSED] - Text '' is set on object 'Object Repository/IWP30/Page_VRelay30Emulator/City'

25-09-2024T13:04:03 - [MESSAGE][PASSED] - Text '' is set on object 'Object Repository/IWP30/Page_VRelay30Emulator/State'

25-09-2024T13:04:04 - [MESSAGE][PASSED] - Text '' is set on object 'Object Repository/IWP30/Page_VRelay30Emulator/ZIP'

25-09-2024T13:04:04 - [MESSAGE][PASSED] - Text '' is set on object 'Object Repository/IWP30/Page_VRelay30Emulator/Order'

25-09-2024T13:04:05 - [MESSAGE][PASSED] - Text '' is set on object 'Object Repository/IWP30/Page_VRelay30Emulator/Company'

25-09-2024T13:04:05 - [MESSAGE][PASSED] - Text '' is set on object 'Object Repository/IWP30/Page_VRelay30Emulator/Email'

25-09-2024T13:04:06 - [MESSAGE][PASSED] - Text '' is set on object 'Object Repository/IWP30/Page_VRelay30Emulator/UDF1'

25-09-2024T13:04:07 - [MESSAGE][PASSED] - Text '' is set on object 'Object Repository/IWP30/Page_VRelay30Emulator/UDF2'

25-09-2024T13:04:07 - [MESSAGE][PASSED] - Text '' is set on object 'Object Repository/IWP30/Page_VRelay30Emulator/UDF3'

25-09-2024T13:04:08 - [MESSAGE][PASSED] - Text 'udf data 4' is set on object 'Object Repository/IWP30/Page_VRelay30Emulator/UDF4'

25-09-2024T13:04:08 - [MESSAGE][PASSED] - Text 'udf data 5' is set on object 'Object Repository/IWP30/Page_VRelay30Emulator/UDF5'

25-09-2024T13:04:09 - [MESSAGE][PASSED] - Text '' is set on object 'Object Repository/IWP30/Page_VRelay30Emulator/UDF6'

25-09-2024T13:04:10 - [MESSAGE][PASSED] - Text '' is set on object 'Object Repository/IWP30/Page_VRelay30Emulator/UDF7'

25-09-2024T13:04:10 - [MESSAGE][PASSED] - Text '' is set on object 'Object Repository/IWP30/Page_VRelay30Emulator/UDF8'

25-09-2024T13:04:11 - [MESSAGE][PASSED] - Text 'udf data 9' is set on object 'Object Repository/IWP30/Page_VRelay30Emulator/UDF9'

25-09-2024T13:04:11 - [MESSAGE][PASSED] - Text 'udf data 10' is set on object 'Object Repository/IWP30/Page_VRelay30Emulator/UDF10'

25-09-2024T13:04:12 - [MESSAGE][PASSED] - Object: 'Object Repository/IWP30/Page_VRelay30Emulator/Submit' is clicked on

25-09-2024T13:04:17 - [MESSAGE][PASSED] - Browser is closed

25-09-2024T13:04:21 - [MESSAGE][PASSED] - iwpPages.emulatorIWP30.setDataEmulator_DD is PASSED

25-09-2024T13:04:21 - [TEST_STEP][PASSED] - testHarnessURL = urlTestHarness: null

25-09-2024T13:04:21 - [TEST_STEP][PASSED] - openBrowser(testHarnessURL): Browser is opened with url: 'https://dev-algorithm.govolution.com/vrelaytest/QA/version_2_2/vrelaytest.html'

25-09-2024T13:04:21 - [MESSAGE][INFO] - Starting 'Edge Chromium' driver

25-09-2024T13:04:21 - [MESSAGE][INFO] - User set preference: ['acceptInsecureCerts', 'true']

25-09-2024T13:04:23 - [MESSAGE][INFO] - Action delay is set to 0 milliseconds

25-09-2024T13:04:26 - [MESSAGE][PASSED] - Browser is opened with url: 'https://dev-algorithm.govolution.com/vrelaytest/QA/version_2_2/vrelaytest.html'

25-09-2024T13:04:26 - [TEST_STEP][PASSED] - maximizeWindow(): Current window maximized

25-09-2024T13:04:27 - [MESSAGE][PASSED] - Current window maximized

25-09-2024T13:04:27 - [TEST_STEP][PASSED] - iwpPages.TestHarnessPage.setDataMethod(row, dataFile): iwpPages.TestHarnessPage.setDataMethod is PASSED

25-09-2024T13:04:27 - [MESSAGE][PASSED] - Object 'Object Repository/IWP30/Page_QATestHarness/RemittanceID' is present

25-09-2024T13:04:28 - [MESSAGE][PASSED] - Text '638' is set on object 'Object Repository/IWP30/Page_QATestHarness/ApplicationID'

25-09-2024T13:04:28 - [MESSAGE][PASSED] - Text '2.5' is set on object 'Object Repository/IWP30/Page_QATestHarness/MessageVersion'

25-09-2024T13:04:29 - [MESSAGE][PASSED] - Text 'YmTBsMCQ96vL' is set on object 'Object Repository/IWP30/Page_QATestHarness/RemittanceID'

25-09-2024T13:04:33 - [MESSAGE][PASSED] - Object: 'Object Repository/IWP30/Page_QATestHarness/SubmitButton' is clicked on

25-09-2024T13:04:33 - [MESSAGE][PASSED] - iwpPages.TestHarnessPage.setDataMethod is PASSED

25-09-2024T13:04:33 - [TEST_STEP][PASSED] - click(findTestObject("Object Repository/IWP30/Page_SelectPaymentMethod/PayByPersonalCheck")): Object: 'Object Repository/IWP30/Page_SelectPaymentMethod/PayByPersonalCheck' is clicked on

25-09-2024T13:04:33 - [MESSAGE][PASSED] - Object: 'Object Repository/IWP30/Page_SelectPaymentMethod/PayByPersonalCheck' is clicked on

25-09-2024T13:04:33 - [TEST_STEP][PASSED] - click(findTestObject("Object Repository/IWP30/Page_SelectPaymentMethod/MakePaymentButton")): Object: 'Object Repository/IWP30/Page_SelectPaymentMethod/MakePaymentButton' is clicked on

25-09-2024T13:04:35 - [MESSAGE][PASSED] - Object: 'Object Repository/IWP30/Page_SelectPaymentMethod/MakePaymentButton' is clicked on

25-09-2024T13:04:35 - [TEST_STEP][PASSED] - iwpPages.achPersonalPaymentEntryPage.setDataACHPPM(row, dataFile): iwpPages.achPersonalPaymentEntryPage.setDataACHPPM is PASSED

25-09-2024T13:04:36 - [MESSAGE][PASSED] - Object 'Object Repository/IWP30/Page_ACHPersonalPaymentEntry/txt_accountNumber' is present

25-09-2024T13:04:37 - [MESSAGE][PASSED] - Text '10.50' is set on object 'Object Repository/IWP30/Page_ACHPersonalPaymentEntry/txt_Amount'

25-09-2024T13:04:37 - [MESSAGE][PASSED] - Object 'Object Repository/IWP30/Page_ACHPersonalPaymentEntry/txt_UDF2' is present

25-09-2024T13:04:37 - [MESSAGE][PASSED] - Text 'udf data 2' is set on object 'Object Repository/IWP30/Page_ACHPersonalPaymentEntry/txt_UDF2'

25-09-2024T13:04:38 - [MESSAGE][PASSED] - Text 'udf data 3' is set on object 'Object Repository/IWP30/Page_ACHPersonalPaymentEntry/txt_UDF3'

25-09-2024T13:04:39 - [MESSAGE][PASSED] - All options with label 'Orange' are selected in object 'Object Repository/IWP30/Page_ACHPersonalPaymentEntry/dd_UDF7' 

25-09-2024T13:04:39 - [MESSAGE][PASSED] - All options with label 'Soccer' are selected in object 'Object Repository/IWP30/Page_ACHPersonalPaymentEntry/dd_UDF8' 

25-09-2024T13:04:39 - [MESSAGE][PASSED] - Object 'Object Repository/IWP30/Page_ACHPersonalPaymentEntry/txt_Firstname' is present

25-09-2024T13:04:40 - [MESSAGE][PASSED] - Text 'Elizath' is set on object 'Object Repository/IWP30/Page_ACHPersonalPaymentEntry/txt_Firstname'

25-09-2024T13:04:40 - [MESSAGE][PASSED] - Object 'Object Repository/IWP30/Page_ACHPersonalPaymentEntry/txt_Lastname' is present

25-09-2024T13:04:41 - [MESSAGE][PASSED] - Text 'Christine' is set on object 'Object Repository/IWP30/Page_ACHPersonalPaymentEntry/txt_Lastname'

25-09-2024T13:04:41 - [MESSAGE][PASSED] - Object 'Object Repository/IWP30/Page_ACHPersonalPaymentEntry/txt_routingNumber' is present

25-09-2024T13:04:42 - [MESSAGE][PASSED] - Text '256072691' is set on object 'Object Repository/IWP30/Page_ACHPersonalPaymentEntry/txt_routingNumber'

25-09-2024T13:04:42 - [MESSAGE][PASSED] - Object 'Object Repository/IWP30/Page_ACHPersonalPaymentEntry/txt_accountNumber' is present

25-09-2024T13:04:43 - [MESSAGE][PASSED] - Text '12344444' is set on object 'Object Repository/IWP30/Page_ACHPersonalPaymentEntry/txt_accountNumber'

25-09-2024T13:04:44 - [MESSAGE][PASSED] - Object 'Object Repository/IWP30/Page_ACHPersonalPaymentEntry/txt_confirmAccountNumber' is present

25-09-2024T13:04:44 - [MESSAGE][PASSED] - Text '12344444' is set on object 'Object Repository/IWP30/Page_ACHPersonalPaymentEntry/txt_confirmAccountNumber'

25-09-2024T13:04:45 - [MESSAGE][PASSED] - Object 'Object Repository/IWP30/Page_ACHPersonalPaymentEntry/rd_accountType' is present

25-09-2024T13:04:45 - [MESSAGE][PASSED] - Modify property of object successfully

25-09-2024T13:04:45 - [MESSAGE][PASSED] - Object: 'Object Repository/IWP30/Page_ACHPersonalPaymentEntry/rd_accountType' is clicked on

25-09-2024T13:04:45 - [MESSAGE][PASSED] - Execute JavaScript '
				   document.getElementById('processDate').value = '08/09/2025'
				  ' successfully

25-09-2024T13:04:46 - [MESSAGE][PASSED] - Text '365 Main Avenue' is set on object 'Object Repository/IWP30/Page_ACHPersonalPaymentEntry/txt_AL1'

25-09-2024T13:04:46 - [MESSAGE][PASSED] - Text '22201' is set on object 'Object Repository/IWP30/Page_ACHPersonalPaymentEntry/txt_ZIP'

25-09-2024T13:04:47 - [MESSAGE][PASSED] - Object 'Object Repository/IWP30/Page_ACHPersonalPaymentEntry/txt_Email' is present

25-09-2024T13:04:47 - [MESSAGE][PASSED] - Text 'iahmed@govolution.com' is set on object 'Object Repository/IWP30/Page_ACHPersonalPaymentEntry/txt_Email'

25-09-2024T13:04:48 - [MESSAGE][PASSED] - Object 'Object Repository/IWP30/Page_ACHPersonalPaymentEntry/cb_TermsAndCond' is present

25-09-2024T13:04:48 - [MESSAGE][PASSED] - Object: 'Object Repository/IWP30/Page_ACHPersonalPaymentEntry/cb_TermsAndCond' is clicked on

25-09-2024T13:04:49 - [MESSAGE][PASSED] - Object 'Object Repository/IWP30/Page_ACHPersonalPaymentEntry/btn_Continue' is present

25-09-2024T13:04:50 - [MESSAGE][PASSED] - Object: 'Object Repository/IWP30/Page_ACHPersonalPaymentEntry/btn_Continue' is clicked on

25-09-2024T13:04:50 - [MESSAGE][PASSED] - iwpPages.achPersonalPaymentEntryPage.setDataACHPPM is PASSED

25-09-2024T13:04:50 - [TEST_STEP][PASSED] - click(findTestObject("Object Repository/IWP30/Page_Confirmation/ConfirmButton")): Object: 'Object Repository/IWP30/Page_Confirmation/ConfirmButton' is clicked on

25-09-2024T13:04:52 - [MESSAGE][PASSED] - Object: 'Object Repository/IWP30/Page_Confirmation/ConfirmButton' is clicked on

25-09-2024T13:04:52 - [TEST_STEP][PASSED] - Thread.sleep(2000): null

25-09-2024T13:04:54 - [TEST_STEP][PASSED] - if (verifyTextPresent("Deferred", false)): null

25-09-2024T13:04:54 - [MESSAGE][PASSED] - Text 'Deferred' is present on page 

25-09-2024T13:04:54 - [TEST_STEP][PASSED] - println("Deferred is present on page. Deferred Pay is created"): null

25-09-2024T13:04:54 - [TEST_STEP][PASSED] - click(findTestObject("Object Repository/IWP30/Page_Receipt/ViewScheduledPaymentsButton")): Object: 'Object Repository/IWP30/Page_Receipt/ViewScheduledPaymentsButton' is clicked on

25-09-2024T13:04:55 - [MESSAGE][PASSED] - Object: 'Object Repository/IWP30/Page_Receipt/ViewScheduledPaymentsButton' is clicked on

25-09-2024T13:04:55 - [TEST_STEP][PASSED] - switchToWindowTitle("View Scheduled Payments"): Switched to window with title: 'View Scheduled Payments'

25-09-2024T13:04:55 - [MESSAGE][PASSED] - Switched to window with title: 'View Scheduled Payments'

25-09-2024T13:04:55 - [TEST_STEP][PASSED] - Thread.sleep(5000): null

25-09-2024T13:05:00 - [TEST_STEP][PASSED] - if (verifyTextPresent("View Scheduled Payments", false)): null

25-09-2024T13:05:00 - [MESSAGE][PASSED] - Text 'View Scheduled Payments' is present on page 

25-09-2024T13:05:00 - [TEST_STEP][PASSED] - click(findTestObject("Object Repository/IWP30/Page_ScheduledPayments/cancel_payment")): Object: 'Object Repository/IWP30/Page_ScheduledPayments/cancel_payment' is clicked on

25-09-2024T13:05:02 - [MESSAGE][PASSED] - Object: 'Object Repository/IWP30/Page_ScheduledPayments/cancel_payment' is clicked on

25-09-2024T13:05:02 - [TEST_STEP][PASSED] - if (verifyTextPresent("Cancel Payment Plan", false)): null

25-09-2024T13:05:02 - [MESSAGE][PASSED] - Text 'Cancel Payment Plan' is present on page 

25-09-2024T13:05:02 - [TEST_STEP][PASSED] - click(findTestObject("Object Repository/IWP30/Page_PaymentPlan/btn_cancel")): Object: 'Object Repository/IWP30/Page_PaymentPlan/btn_cancel' is clicked on

25-09-2024T13:05:03 - [MESSAGE][PASSED] - Object: 'Object Repository/IWP30/Page_PaymentPlan/btn_cancel' is clicked on

25-09-2024T13:05:03 - [TEST_STEP][PASSED] - acceptAlert(): Alert accepted

25-09-2024T13:05:03 - [MESSAGE][PASSED] - Alert accepted

25-09-2024T13:05:03 - [TEST_STEP][PASSED] - if (verifyTextPresent("Your payment plan has been successfully canceled", false)): null

25-09-2024T13:05:04 - [MESSAGE][PASSED] - Text 'Your payment plan has been successfully canceled' is present on page 

25-09-2024T13:05:04 - [TEST_STEP][PASSED] - markPassed("Your payment plan has been successfully created and canceled"): Your payment plan has been successfully created and canceled

25-09-2024T13:05:04 - [MESSAGE][PASSED] - Your payment plan has been successfully created and canceled

25-09-2024T13:05:04 - [TEST_STEP][PASSED] - resText = "Pass": null

25-09-2024T13:05:04 - [TEST_STEP][PASSED] - println(row): null

25-09-2024T13:05:04 - [TEST_STEP][PASSED] - pages.WriteExcel.demoKey(resText, datText, resColumn, datCloumn, fileLoc, nameSheet, row): pages.WriteExcel.demoKey is PASSED

25-09-2024T13:05:04 - [MESSAGE][PASSED] - pages.WriteExcel.demoKey is PASSED

25-09-2024T13:05:04 - [TEST_STEP][PASSED] - closeBrowser(): Browser is closed

25-09-2024T13:05:05 - [MESSAGE][PASSED] - Browser is closed]]></system-out>
         <system-err><![CDATA[]]></system-err>
      </testcase>
      <testcase name="Test Cases/IntegratedWeb/IWP25/Payments/CMCDeferredCorp" time="83.93" classname="Test Cases/IntegratedWeb/IWP25/Payments/CMCDeferredCorp" status="PASSED">
         <system-out><![CDATA[25-09-2024T13:05:05 - [TEST_CASE][PASSED] - Test Cases/IntegratedWeb/IWP25/Payments/CMCDeferredCorp: Test Cases/IntegratedWeb/IWP25/Payments/CMCDeferredCorp

25-09-2024T13:05:06 - [TEST_STEP][PASSED] - resText = "Fail": null

25-09-2024T13:05:06 - [TEST_STEP][PASSED] - resColumn = "Result": null

25-09-2024T13:05:06 - [TEST_STEP][PASSED] - datCloumn = "Date": null

25-09-2024T13:05:06 - [TEST_STEP][PASSED] - fileLoc = "KatalonData/IWPTestData/VRelay25PaymentsExtension.xlsx": null

25-09-2024T13:05:06 - [TEST_STEP][PASSED] - numOfRows = <not implemented yet for class: org.codehaus.groovy.ast.expr.EmptyExpression>: null

25-09-2024T13:05:06 - [TEST_STEP][PASSED] - dataFile = <not implemented yet for class: org.codehaus.groovy.ast.expr.EmptyExpression>: null

25-09-2024T13:05:06 - [TEST_STEP][PASSED] - nameSheet = <not implemented yet for class: org.codehaus.groovy.ast.expr.EmptyExpression>: null

25-09-2024T13:05:06 - [TEST_STEP][PASSED] - dataFileEmulator = <not implemented yet for class: org.codehaus.groovy.ast.expr.EmptyExpression>: null

25-09-2024T13:05:06 - [TEST_STEP][PASSED] - isRequiredTextPresent = false: null

25-09-2024T13:05:06 - [TEST_STEP][PASSED] - nameSheet = "CMCDeferredPlanCorp": null

25-09-2024T13:05:06 - [TEST_STEP][PASSED] - dataFile = "IWPTestData/IWP25CMCDeferredCorp": null

25-09-2024T13:05:06 - [TEST_STEP][PASSED] - dataFileEmulator = "IWPTestData/EmulatorData": null

25-09-2024T13:05:06 - [TEST_STEP][PASSED] - numOfRows = findTestData(dataFile).getRowNumbers(): null

25-09-2024T13:05:06 - [TEST_STEP][PASSED] - println("Number of Records: " + numOfRows): null

25-09-2024T13:05:06 - [TEST_STEP][PASSED] - for ([row = 1, row <= numOfRows, (row++)]): Browser is closed

25-09-2024T13:05:06 - [TEST_STEP][PASSED] - ExecuteTC = findTestData(dataFile).getValue("Execute", row): null

25-09-2024T13:05:06 - [TEST_STEP][PASSED] - out.println("Value of Execute is : " + ExecuteTC): null

25-09-2024T13:05:06 - [TEST_STEP][PASSED] - if (ExecuteTC.equalsIgnoreCase("Y")): null

25-09-2024T13:05:06 - [TEST_STEP][PASSED] - out.println("Begin Record Number: " + row): null

25-09-2024T13:05:06 - [TEST_STEP][PASSED] - today = new java.util.Date(): null

25-09-2024T13:05:06 - [TEST_STEP][PASSED] - println(today): null

25-09-2024T13:05:06 - [TEST_STEP][PASSED] - datText = today: null

25-09-2024T13:05:06 - [TEST_STEP][PASSED] - EmulatorDataKey = findTestData(dataFile).getValue("EmulatorData", row): null

25-09-2024T13:05:06 - [TEST_STEP][PASSED] - out.println("Value of Emulator Key is : " + EmulatorDataKey): null

25-09-2024T13:05:06 - [TEST_STEP][PASSED] - iwpPages.emulatorIWP30.setDataEmulator_DD(EmulatorDataKey): iwpPages.emulatorIWP30.setDataEmulator_DD is PASSED

25-09-2024T13:05:06 - [MESSAGE][INFO] - Starting 'Edge Chromium' driver

25-09-2024T13:05:06 - [MESSAGE][INFO] - User set preference: ['acceptInsecureCerts', 'true']

25-09-2024T13:05:08 - [MESSAGE][INFO] - Action delay is set to 0 milliseconds

25-09-2024T13:05:16 - [MESSAGE][PASSED] - Browser is opened with url: 'https://qa.velocitypayment.com/agency/config.do?action=editor&message_version=2_5'

25-09-2024T13:05:16 - [MESSAGE][PASSED] - Current window maximized

25-09-2024T13:05:17 - [MESSAGE][PASSED] - All options with value '2.5' are selected in object 'Object Repository/IWP30/Page_VRelay30Emulator/MV'  using regular expression

25-09-2024T13:05:17 - [MESSAGE][PASSED] - Text '10.50' is set on object 'Object Repository/IWP30/Page_VRelay30Emulator/Amount'

25-09-2024T13:05:18 - [MESSAGE][PASSED] - Text 'bxFklOaGInh6' is set on object 'Object Repository/IWP30/Page_VRelay30Emulator/CAN'

25-09-2024T13:05:19 - [MESSAGE][PASSED] - Text 'PayNow' is set on object 'Object Repository/IWP30/Page_VRelay30Emulator/Action'

25-09-2024T13:05:19 - [MESSAGE][PASSED] - Text 'en_US' is set on object 'Object Repository/IWP30/Page_VRelay30Emulator/Lang'

25-09-2024T13:05:20 - [MESSAGE][PASSED] - Text '' is set on object 'Object Repository/IWP30/Page_VRelay30Emulator/Fname'

25-09-2024T13:05:20 - [MESSAGE][PASSED] - Text '' is set on object 'Object Repository/IWP30/Page_VRelay30Emulator/Lname'

25-09-2024T13:05:21 - [MESSAGE][PASSED] - Text '' is set on object 'Object Repository/IWP30/Page_VRelay30Emulator/AL1'

25-09-2024T13:05:21 - [MESSAGE][PASSED] - Text '' is set on object 'Object Repository/IWP30/Page_VRelay30Emulator/AL2'

25-09-2024T13:05:22 - [MESSAGE][PASSED] - Text '' is set on object 'Object Repository/IWP30/Page_VRelay30Emulator/Country'

25-09-2024T13:05:23 - [MESSAGE][PASSED] - Text '' is set on object 'Object Repository/IWP30/Page_VRelay30Emulator/City'

25-09-2024T13:05:23 - [MESSAGE][PASSED] - Text '' is set on object 'Object Repository/IWP30/Page_VRelay30Emulator/State'

25-09-2024T13:05:24 - [MESSAGE][PASSED] - Text '' is set on object 'Object Repository/IWP30/Page_VRelay30Emulator/ZIP'

25-09-2024T13:05:24 - [MESSAGE][PASSED] - Text '' is set on object 'Object Repository/IWP30/Page_VRelay30Emulator/Order'

25-09-2024T13:05:25 - [MESSAGE][PASSED] - Text '' is set on object 'Object Repository/IWP30/Page_VRelay30Emulator/Company'

25-09-2024T13:05:25 - [MESSAGE][PASSED] - Text '' is set on object 'Object Repository/IWP30/Page_VRelay30Emulator/Email'

25-09-2024T13:05:26 - [MESSAGE][PASSED] - Text '' is set on object 'Object Repository/IWP30/Page_VRelay30Emulator/UDF1'

25-09-2024T13:05:27 - [MESSAGE][PASSED] - Text '' is set on object 'Object Repository/IWP30/Page_VRelay30Emulator/UDF2'

25-09-2024T13:05:27 - [MESSAGE][PASSED] - Text '' is set on object 'Object Repository/IWP30/Page_VRelay30Emulator/UDF3'

25-09-2024T13:05:28 - [MESSAGE][PASSED] - Text 'udf data 4' is set on object 'Object Repository/IWP30/Page_VRelay30Emulator/UDF4'

25-09-2024T13:05:28 - [MESSAGE][PASSED] - Text 'udf data 5' is set on object 'Object Repository/IWP30/Page_VRelay30Emulator/UDF5'

25-09-2024T13:05:29 - [MESSAGE][PASSED] - Text '' is set on object 'Object Repository/IWP30/Page_VRelay30Emulator/UDF6'

25-09-2024T13:05:30 - [MESSAGE][PASSED] - Text '' is set on object 'Object Repository/IWP30/Page_VRelay30Emulator/UDF7'

25-09-2024T13:05:30 - [MESSAGE][PASSED] - Text '' is set on object 'Object Repository/IWP30/Page_VRelay30Emulator/UDF8'

25-09-2024T13:05:31 - [MESSAGE][PASSED] - Text 'udf data 9' is set on object 'Object Repository/IWP30/Page_VRelay30Emulator/UDF9'

25-09-2024T13:05:31 - [MESSAGE][PASSED] - Text 'udf data 10' is set on object 'Object Repository/IWP30/Page_VRelay30Emulator/UDF10'

25-09-2024T13:05:33 - [MESSAGE][PASSED] - Object: 'Object Repository/IWP30/Page_VRelay30Emulator/Submit' is clicked on

25-09-2024T13:05:37 - [MESSAGE][PASSED] - Browser is closed

25-09-2024T13:05:41 - [MESSAGE][PASSED] - iwpPages.emulatorIWP30.setDataEmulator_DD is PASSED

25-09-2024T13:05:41 - [TEST_STEP][PASSED] - testHarnessURL = urlTestHarness: null

25-09-2024T13:05:41 - [TEST_STEP][PASSED] - openBrowser(testHarnessURL): Browser is opened with url: 'https://dev-algorithm.govolution.com/vrelaytest/QA/version_2_2/vrelaytest.html'

25-09-2024T13:05:41 - [MESSAGE][INFO] - Starting 'Edge Chromium' driver

25-09-2024T13:05:41 - [MESSAGE][INFO] - User set preference: ['acceptInsecureCerts', 'true']

25-09-2024T13:05:43 - [MESSAGE][INFO] - Action delay is set to 0 milliseconds

25-09-2024T13:05:46 - [MESSAGE][PASSED] - Browser is opened with url: 'https://dev-algorithm.govolution.com/vrelaytest/QA/version_2_2/vrelaytest.html'

25-09-2024T13:05:46 - [TEST_STEP][PASSED] - maximizeWindow(): Current window maximized

25-09-2024T13:05:47 - [MESSAGE][PASSED] - Current window maximized

25-09-2024T13:05:47 - [TEST_STEP][PASSED] - iwpPages.TestHarnessPage.setDataMethod(row, dataFile): iwpPages.TestHarnessPage.setDataMethod is PASSED

25-09-2024T13:05:47 - [MESSAGE][PASSED] - Object 'Object Repository/IWP30/Page_QATestHarness/RemittanceID' is present

25-09-2024T13:05:48 - [MESSAGE][PASSED] - Text '638' is set on object 'Object Repository/IWP30/Page_QATestHarness/ApplicationID'

25-09-2024T13:05:48 - [MESSAGE][PASSED] - Text '2.5' is set on object 'Object Repository/IWP30/Page_QATestHarness/MessageVersion'

25-09-2024T13:05:49 - [MESSAGE][PASSED] - Text 'zsCVHSTOcDaP' is set on object 'Object Repository/IWP30/Page_QATestHarness/RemittanceID'

25-09-2024T13:05:52 - [MESSAGE][PASSED] - Object: 'Object Repository/IWP30/Page_QATestHarness/SubmitButton' is clicked on

25-09-2024T13:05:52 - [MESSAGE][PASSED] - iwpPages.TestHarnessPage.setDataMethod is PASSED

25-09-2024T13:05:52 - [TEST_STEP][PASSED] - click(findTestObject("Object Repository/IWP30/Page_SelectPaymentMethod/PayByCorporateCheck")): Object: 'Object Repository/IWP30/Page_SelectPaymentMethod/PayByCorporateCheck' is clicked on

25-09-2024T13:05:52 - [MESSAGE][PASSED] - Object: 'Object Repository/IWP30/Page_SelectPaymentMethod/PayByCorporateCheck' is clicked on

25-09-2024T13:05:52 - [TEST_STEP][PASSED] - click(findTestObject("Object Repository/IWP30/Page_SelectPaymentMethod/MakePaymentButton")): Object: 'Object Repository/IWP30/Page_SelectPaymentMethod/MakePaymentButton' is clicked on

25-09-2024T13:05:54 - [MESSAGE][PASSED] - Object: 'Object Repository/IWP30/Page_SelectPaymentMethod/MakePaymentButton' is clicked on

25-09-2024T13:05:54 - [TEST_STEP][PASSED] - iwpPages.achCorporatePaymentEntryPage.setDataCorporate(row, dataFile): iwpPages.achCorporatePaymentEntryPage.setDataCorporate is PASSED

25-09-2024T13:05:55 - [MESSAGE][PASSED] - Object 'Object Repository/IWP30/Page_ACHCorporatePaymentEntry/txt_accountNumber' is present

25-09-2024T13:05:55 - [MESSAGE][PASSED] - Object 'Object Repository/IWP30/Page_ACHCorporatePaymentEntry/input_CompanyName' is present

25-09-2024T13:05:56 - [MESSAGE][PASSED] - Text 'My Company' is set on object 'Object Repository/IWP30/Page_ACHCorporatePaymentEntry/input_CompanyName'

25-09-2024T13:05:56 - [MESSAGE][PASSED] - Object 'Object Repository/IWP30/Page_ACHCorporatePaymentEntry/input_EIN' is present

25-09-2024T13:05:56 - [MESSAGE][PASSED] - Text '123456789' is set on object 'Object Repository/IWP30/Page_ACHCorporatePaymentEntry/input_EIN'

25-09-2024T13:05:57 - [MESSAGE][PASSED] - Text '10.50' is set on object 'Object Repository/IWP30/Page_ACHCorporatePaymentEntry/txt_Amount'

25-09-2024T13:05:58 - [MESSAGE][PASSED] - Text 'udf data 2' is set on object 'Object Repository/IWP30/Page_ACHCorporatePaymentEntry/txt_UDF2'

25-09-2024T13:05:58 - [MESSAGE][PASSED] - Text 'udf data 3' is set on object 'Object Repository/IWP30/Page_ACHCorporatePaymentEntry/txt_UDF3'

25-09-2024T13:05:59 - [MESSAGE][PASSED] - All options with label 'Orange' are selected in object 'Object Repository/IWP30/Page_ACHCorporatePaymentEntry/dd_UDF7' 

25-09-2024T13:05:59 - [MESSAGE][PASSED] - All options with label 'Soccer' are selected in object 'Object Repository/IWP30/Page_ACHCorporatePaymentEntry/dd_UDF8' 

25-09-2024T13:06:00 - [MESSAGE][PASSED] - Object 'Object Repository/IWP30/Page_ACHCorporatePaymentEntry/txt_routingNumber' is present

25-09-2024T13:06:00 - [MESSAGE][PASSED] - Text '256072691' is set on object 'Object Repository/IWP30/Page_ACHCorporatePaymentEntry/txt_routingNumber'

25-09-2024T13:06:00 - [MESSAGE][PASSED] - Object 'Object Repository/IWP30/Page_ACHCorporatePaymentEntry/txt_accountNumber' is present

25-09-2024T13:06:02 - [MESSAGE][PASSED] - Text '12344444' is set on object 'Object Repository/IWP30/Page_ACHCorporatePaymentEntry/txt_accountNumber'

25-09-2024T13:06:02 - [MESSAGE][PASSED] - Object 'Object Repository/IWP30/Page_ACHCorporatePaymentEntry/txt_confirmAccountNumber' is present

25-09-2024T13:06:03 - [MESSAGE][PASSED] - Text '12344444' is set on object 'Object Repository/IWP30/Page_ACHCorporatePaymentEntry/txt_confirmAccountNumber'

25-09-2024T13:06:03 - [MESSAGE][PASSED] - Execute JavaScript '
				   document.getElementById('processDate').value = '08/09/2025'
				  ' successfully

25-09-2024T13:06:04 - [MESSAGE][PASSED] - Text '365 Main Avenue' is set on object 'Object Repository/IWP30/Page_ACHCorporatePaymentEntry/txt_AL1'

25-09-2024T13:06:04 - [MESSAGE][PASSED] - Text '22201' is set on object 'Object Repository/IWP30/Page_ACHCorporatePaymentEntry/txt_ZIP'

25-09-2024T13:06:05 - [MESSAGE][PASSED] - Object 'Object Repository/IWP30/Page_ACHCorporatePaymentEntry/txt_Email' is present

25-09-2024T13:06:05 - [MESSAGE][PASSED] - Text 'iahmed@govolution.com' is set on object 'Object Repository/IWP30/Page_ACHCorporatePaymentEntry/txt_Email'

25-09-2024T13:06:06 - [MESSAGE][PASSED] - Object 'Object Repository/IWP30/Page_ACHCorporatePaymentEntry/cb_TermsAndCond' is present

25-09-2024T13:06:06 - [MESSAGE][PASSED] - Object: 'Object Repository/IWP30/Page_ACHCorporatePaymentEntry/cb_TermsAndCond' is clicked on

25-09-2024T13:06:06 - [MESSAGE][PASSED] - Object 'Object Repository/IWP30/Page_ACHCorporatePaymentEntry/btn_Continue' is present

25-09-2024T13:06:08 - [MESSAGE][PASSED] - Object: 'Object Repository/IWP30/Page_ACHCorporatePaymentEntry/btn_Continue' is clicked on

25-09-2024T13:06:08 - [MESSAGE][PASSED] - iwpPages.achCorporatePaymentEntryPage.setDataCorporate is PASSED

25-09-2024T13:06:08 - [TEST_STEP][PASSED] - click(findTestObject("Object Repository/IWP30/Page_Confirmation/ConfirmButton")): Object: 'Object Repository/IWP30/Page_Confirmation/ConfirmButton' is clicked on

25-09-2024T13:06:09 - [MESSAGE][PASSED] - Object: 'Object Repository/IWP30/Page_Confirmation/ConfirmButton' is clicked on

25-09-2024T13:06:09 - [TEST_STEP][PASSED] - Thread.sleep(2000): null

25-09-2024T13:06:11 - [TEST_STEP][PASSED] - if (verifyTextPresent("Deferred", false)): null

25-09-2024T13:06:12 - [MESSAGE][PASSED] - Text 'Deferred' is present on page 

25-09-2024T13:06:12 - [TEST_STEP][PASSED] - println("Deferred is present on page. Deferred Pay is created"): null

25-09-2024T13:06:12 - [TEST_STEP][PASSED] - click(findTestObject("Object Repository/IWP30/Page_Receipt/ViewScheduledPaymentsButton")): Object: 'Object Repository/IWP30/Page_Receipt/ViewScheduledPaymentsButton' is clicked on

25-09-2024T13:06:12 - [MESSAGE][PASSED] - Object: 'Object Repository/IWP30/Page_Receipt/ViewScheduledPaymentsButton' is clicked on

25-09-2024T13:06:12 - [TEST_STEP][PASSED] - switchToWindowTitle("View Scheduled Payments"): Switched to window with title: 'View Scheduled Payments'

25-09-2024T13:06:12 - [MESSAGE][PASSED] - Switched to window with title: 'View Scheduled Payments'

25-09-2024T13:06:12 - [TEST_STEP][PASSED] - Thread.sleep(5000): null

25-09-2024T13:06:17 - [TEST_STEP][PASSED] - if (verifyTextPresent("View Scheduled Payments", false)): null

25-09-2024T13:06:17 - [MESSAGE][PASSED] - Text 'View Scheduled Payments' is present on page 

25-09-2024T13:06:17 - [TEST_STEP][PASSED] - click(findTestObject("Object Repository/IWP30/Page_ScheduledPayments/edit_payment")): Object: 'Object Repository/IWP30/Page_ScheduledPayments/edit_payment' is clicked on

25-09-2024T13:06:20 - [MESSAGE][PASSED] - Object: 'Object Repository/IWP30/Page_ScheduledPayments/edit_payment' is clicked on

25-09-2024T13:06:20 - [TEST_STEP][PASSED] - iwpPages.editSchedulePayment.setDataSchedPayment(row, dataFile): iwpPages.editSchedulePayment.setDataSchedPayment is PASSED

25-09-2024T13:06:21 - [MESSAGE][PASSED] - Text 'Edit Payment Plan' is present on page 

25-09-2024T13:06:22 - [MESSAGE][PASSED] - All options with label 'Orange' are selected in object 'Object Repository/IWP30/Page_CCPaymentEntry/UserDefined7' 

25-09-2024T13:06:22 - [MESSAGE][PASSED] - All options with label 'Soccer' are selected in object 'Object Repository/IWP30/Page_CCPaymentEntry/UserDefined8' 

25-09-2024T13:06:22 - [MESSAGE][PASSED] - Execute JavaScript '
				   document.getElementById('processDate').value = '08/09/2045'
				  ' successfully

25-09-2024T13:06:22 - [MESSAGE][PASSED] - iwpPages.editSchedulePayment.setDataSchedPayment is PASSED

25-09-2024T13:06:22 - [TEST_STEP][PASSED] - click(findTestObject("Object Repository/Page_EditSchedPayment/chkbox_acceptterms")): Object: 'Object Repository/Page_EditSchedPayment/chkbox_acceptterms' is clicked on

25-09-2024T13:06:22 - [MESSAGE][PASSED] - Object: 'Object Repository/Page_EditSchedPayment/chkbox_acceptterms' is clicked on

25-09-2024T13:06:22 - [TEST_STEP][PASSED] - click(findTestObject("Object Repository/Page_EditSchedPayment/btn_update")): Object: 'Object Repository/Page_EditSchedPayment/btn_update' is clicked on

25-09-2024T13:06:24 - [MESSAGE][PASSED] - Object: 'Object Repository/Page_EditSchedPayment/btn_update' is clicked on

25-09-2024T13:06:24 - [TEST_STEP][PASSED] - if (verifyTextPresent("Successful Payment Plan Update", false)): null

25-09-2024T13:06:25 - [MESSAGE][PASSED] - Text 'Successful Payment Plan Update' is present on page 

25-09-2024T13:06:25 - [TEST_STEP][PASSED] - click(findTestObject("Object Repository/IWP30/Page_SuccesfulUpdate/btn_back")): Object: 'Object Repository/IWP30/Page_SuccesfulUpdate/btn_back' is clicked on

25-09-2024T13:06:26 - [MESSAGE][PASSED] - Object: 'Object Repository/IWP30/Page_SuccesfulUpdate/btn_back' is clicked on

25-09-2024T13:06:26 - [TEST_STEP][PASSED] - click(findTestObject("Object Repository/IWP30/Page_ScheduledPayments/cancel_payment")): Object: 'Object Repository/IWP30/Page_ScheduledPayments/cancel_payment' is clicked on

25-09-2024T13:06:27 - [MESSAGE][PASSED] - Object: 'Object Repository/IWP30/Page_ScheduledPayments/cancel_payment' is clicked on

25-09-2024T13:06:27 - [TEST_STEP][PASSED] - if (verifyTextPresent("Cancel Payment Plan", false)): null

25-09-2024T13:06:27 - [MESSAGE][PASSED] - Text 'Cancel Payment Plan' is present on page 

25-09-2024T13:06:27 - [TEST_STEP][PASSED] - click(findTestObject("Object Repository/IWP30/Page_PaymentPlan/btn_cancel")): Object: 'Object Repository/IWP30/Page_PaymentPlan/btn_cancel' is clicked on

25-09-2024T13:06:27 - [MESSAGE][PASSED] - Object: 'Object Repository/IWP30/Page_PaymentPlan/btn_cancel' is clicked on

25-09-2024T13:06:27 - [TEST_STEP][PASSED] - acceptAlert(): Alert accepted

25-09-2024T13:06:27 - [MESSAGE][PASSED] - Alert accepted

25-09-2024T13:06:27 - [TEST_STEP][PASSED] - if (verifyTextPresent("Your payment plan has been successfully canceled", false)): null

25-09-2024T13:06:29 - [MESSAGE][PASSED] - Text 'Your payment plan has been successfully canceled' is present on page 

25-09-2024T13:06:29 - [TEST_STEP][PASSED] - markPassed("Your payment plan has been successfully created, modified and canceled"): Your payment plan has been successfully created, modified and canceled

25-09-2024T13:06:29 - [MESSAGE][PASSED] - Your payment plan has been successfully created, modified and canceled

25-09-2024T13:06:29 - [TEST_STEP][PASSED] - resText = "Pass": null

25-09-2024T13:06:29 - [TEST_STEP][PASSED] - println(row): null

25-09-2024T13:06:29 - [TEST_STEP][PASSED] - pages.WriteExcel.demoKey(resText, datText, resColumn, datCloumn, fileLoc, nameSheet, row): pages.WriteExcel.demoKey is PASSED

25-09-2024T13:06:29 - [MESSAGE][PASSED] - pages.WriteExcel.demoKey is PASSED

25-09-2024T13:06:29 - [TEST_STEP][PASSED] - closeBrowser(): Browser is closed

25-09-2024T13:06:29 - [MESSAGE][PASSED] - Browser is closed]]></system-out>
         <system-err><![CDATA[]]></system-err>
      </testcase>
      <testcase name="Test Cases/IntegratedWeb/IWP25/Payments/CMCDeferredCredit" time="83.687" classname="Test Cases/IntegratedWeb/IWP25/Payments/CMCDeferredCredit" status="PASSED">
         <system-out><![CDATA[25-09-2024T13:06:29 - [TEST_CASE][PASSED] - Test Cases/IntegratedWeb/IWP25/Payments/CMCDeferredCredit: Test Cases/IntegratedWeb/IWP25/Payments/CMCDeferredCredit

25-09-2024T13:06:30 - [TEST_STEP][PASSED] - resText = "Fail": null

25-09-2024T13:06:30 - [TEST_STEP][PASSED] - resColumn = "Result": null

25-09-2024T13:06:30 - [TEST_STEP][PASSED] - datCloumn = "Date": null

25-09-2024T13:06:30 - [TEST_STEP][PASSED] - fileLoc = "KatalonData/IWPTestData/VRelay25PaymentsExtension.xlsx": null

25-09-2024T13:06:30 - [TEST_STEP][PASSED] - numOfRows = <not implemented yet for class: org.codehaus.groovy.ast.expr.EmptyExpression>: null

25-09-2024T13:06:30 - [TEST_STEP][PASSED] - dataFile = <not implemented yet for class: org.codehaus.groovy.ast.expr.EmptyExpression>: null

25-09-2024T13:06:30 - [TEST_STEP][PASSED] - nameSheet = <not implemented yet for class: org.codehaus.groovy.ast.expr.EmptyExpression>: null

25-09-2024T13:06:30 - [TEST_STEP][PASSED] - dataFileEmulator = <not implemented yet for class: org.codehaus.groovy.ast.expr.EmptyExpression>: null

25-09-2024T13:06:30 - [TEST_STEP][PASSED] - isRequiredTextPresent = false: null

25-09-2024T13:06:30 - [TEST_STEP][PASSED] - nameSheet = "CMCDeferredPlanCredit": null

25-09-2024T13:06:30 - [TEST_STEP][PASSED] - dataFile = "IWPTestData/IWP25CMCDeferredCredit": null

25-09-2024T13:06:30 - [TEST_STEP][PASSED] - dataFileEmulator = "IWPTestData/EmulatorData": null

25-09-2024T13:06:30 - [TEST_STEP][PASSED] - numOfRows = findTestData(dataFile).getRowNumbers(): null

25-09-2024T13:06:30 - [TEST_STEP][PASSED] - println("Number of Records: " + numOfRows): null

25-09-2024T13:06:30 - [TEST_STEP][PASSED] - for ([row = 1, row <= numOfRows, (row++)]): Browser is closed

25-09-2024T13:06:30 - [TEST_STEP][PASSED] - ExecuteTC = findTestData(dataFile).getValue("Execute", row): null

25-09-2024T13:06:30 - [TEST_STEP][PASSED] - out.println("Value of Execute is : " + ExecuteTC): null

25-09-2024T13:06:30 - [TEST_STEP][PASSED] - if (ExecuteTC.equalsIgnoreCase("Y")): null

25-09-2024T13:06:30 - [TEST_STEP][PASSED] - out.println("Begin Record Number: " + row): null

25-09-2024T13:06:30 - [TEST_STEP][PASSED] - today = new java.util.Date(): null

25-09-2024T13:06:30 - [TEST_STEP][PASSED] - println(today): null

25-09-2024T13:06:30 - [TEST_STEP][PASSED] - datText = today: null

25-09-2024T13:06:30 - [TEST_STEP][PASSED] - EmulatorDataKey = findTestData(dataFile).getValue("EmulatorData", row): null

25-09-2024T13:06:30 - [TEST_STEP][PASSED] - out.println("Value of Emulator Key is : " + EmulatorDataKey): null

25-09-2024T13:06:30 - [TEST_STEP][PASSED] - iwpPages.emulatorIWP30.setDataEmulator_DD(EmulatorDataKey): iwpPages.emulatorIWP30.setDataEmulator_DD is PASSED

25-09-2024T13:06:30 - [MESSAGE][INFO] - Starting 'Edge Chromium' driver

25-09-2024T13:06:30 - [MESSAGE][INFO] - User set preference: ['acceptInsecureCerts', 'true']

25-09-2024T13:06:32 - [MESSAGE][INFO] - Action delay is set to 0 milliseconds

25-09-2024T13:06:38 - [MESSAGE][PASSED] - Browser is opened with url: 'https://qa.velocitypayment.com/agency/config.do?action=editor&message_version=2_5'

25-09-2024T13:06:38 - [MESSAGE][PASSED] - Current window maximized

25-09-2024T13:06:39 - [MESSAGE][PASSED] - All options with value '2.5' are selected in object 'Object Repository/IWP30/Page_VRelay30Emulator/MV'  using regular expression

25-09-2024T13:06:40 - [MESSAGE][PASSED] - Text '10.50' is set on object 'Object Repository/IWP30/Page_VRelay30Emulator/Amount'

25-09-2024T13:06:41 - [MESSAGE][PASSED] - Text 'fZyKr4A0q37K' is set on object 'Object Repository/IWP30/Page_VRelay30Emulator/CAN'

25-09-2024T13:06:41 - [MESSAGE][PASSED] - Text 'PayNow' is set on object 'Object Repository/IWP30/Page_VRelay30Emulator/Action'

25-09-2024T13:06:42 - [MESSAGE][PASSED] - Text 'en_US' is set on object 'Object Repository/IWP30/Page_VRelay30Emulator/Lang'

25-09-2024T13:06:42 - [MESSAGE][PASSED] - Text '' is set on object 'Object Repository/IWP30/Page_VRelay30Emulator/Fname'

25-09-2024T13:06:43 - [MESSAGE][PASSED] - Text '' is set on object 'Object Repository/IWP30/Page_VRelay30Emulator/Lname'

25-09-2024T13:06:44 - [MESSAGE][PASSED] - Text '' is set on object 'Object Repository/IWP30/Page_VRelay30Emulator/AL1'

25-09-2024T13:06:44 - [MESSAGE][PASSED] - Text '' is set on object 'Object Repository/IWP30/Page_VRelay30Emulator/AL2'

25-09-2024T13:06:45 - [MESSAGE][PASSED] - Text '' is set on object 'Object Repository/IWP30/Page_VRelay30Emulator/Country'

25-09-2024T13:06:45 - [MESSAGE][PASSED] - Text '' is set on object 'Object Repository/IWP30/Page_VRelay30Emulator/City'

25-09-2024T13:06:46 - [MESSAGE][PASSED] - Text '' is set on object 'Object Repository/IWP30/Page_VRelay30Emulator/State'

25-09-2024T13:06:47 - [MESSAGE][PASSED] - Text '' is set on object 'Object Repository/IWP30/Page_VRelay30Emulator/ZIP'

25-09-2024T13:06:47 - [MESSAGE][PASSED] - Text '' is set on object 'Object Repository/IWP30/Page_VRelay30Emulator/Order'

25-09-2024T13:06:48 - [MESSAGE][PASSED] - Text '' is set on object 'Object Repository/IWP30/Page_VRelay30Emulator/Company'

25-09-2024T13:06:48 - [MESSAGE][PASSED] - Text '' is set on object 'Object Repository/IWP30/Page_VRelay30Emulator/Email'

25-09-2024T13:06:49 - [MESSAGE][PASSED] - Text '' is set on object 'Object Repository/IWP30/Page_VRelay30Emulator/UDF1'

25-09-2024T13:06:50 - [MESSAGE][PASSED] - Text '' is set on object 'Object Repository/IWP30/Page_VRelay30Emulator/UDF2'

25-09-2024T13:06:50 - [MESSAGE][PASSED] - Text '' is set on object 'Object Repository/IWP30/Page_VRelay30Emulator/UDF3'

25-09-2024T13:06:51 - [MESSAGE][PASSED] - Text 'udf data 4' is set on object 'Object Repository/IWP30/Page_VRelay30Emulator/UDF4'

25-09-2024T13:06:51 - [MESSAGE][PASSED] - Text 'udf data 5' is set on object 'Object Repository/IWP30/Page_VRelay30Emulator/UDF5'

25-09-2024T13:06:52 - [MESSAGE][PASSED] - Text '' is set on object 'Object Repository/IWP30/Page_VRelay30Emulator/UDF6'

25-09-2024T13:06:53 - [MESSAGE][PASSED] - Text '' is set on object 'Object Repository/IWP30/Page_VRelay30Emulator/UDF7'

25-09-2024T13:06:53 - [MESSAGE][PASSED] - Text '' is set on object 'Object Repository/IWP30/Page_VRelay30Emulator/UDF8'

25-09-2024T13:06:54 - [MESSAGE][PASSED] - Text 'udf data 9' is set on object 'Object Repository/IWP30/Page_VRelay30Emulator/UDF9'

25-09-2024T13:06:54 - [MESSAGE][PASSED] - Text 'udf data 10' is set on object 'Object Repository/IWP30/Page_VRelay30Emulator/UDF10'

25-09-2024T13:06:56 - [MESSAGE][PASSED] - Object: 'Object Repository/IWP30/Page_VRelay30Emulator/Submit' is clicked on

25-09-2024T13:07:01 - [MESSAGE][PASSED] - Browser is closed

25-09-2024T13:07:05 - [MESSAGE][PASSED] - iwpPages.emulatorIWP30.setDataEmulator_DD is PASSED

25-09-2024T13:07:05 - [TEST_STEP][PASSED] - testHarnessURL = urlTestHarness: null

25-09-2024T13:07:05 - [TEST_STEP][PASSED] - openBrowser(testHarnessURL): Browser is opened with url: 'https://dev-algorithm.govolution.com/vrelaytest/QA/version_2_2/vrelaytest.html'

25-09-2024T13:07:05 - [MESSAGE][INFO] - Starting 'Edge Chromium' driver

25-09-2024T13:07:05 - [MESSAGE][INFO] - User set preference: ['acceptInsecureCerts', 'true']

25-09-2024T13:07:07 - [MESSAGE][INFO] - Action delay is set to 0 milliseconds

25-09-2024T13:07:10 - [MESSAGE][PASSED] - Browser is opened with url: 'https://dev-algorithm.govolution.com/vrelaytest/QA/version_2_2/vrelaytest.html'

25-09-2024T13:07:10 - [TEST_STEP][PASSED] - maximizeWindow(): Current window maximized

25-09-2024T13:07:10 - [MESSAGE][PASSED] - Current window maximized

25-09-2024T13:07:10 - [TEST_STEP][PASSED] - iwpPages.TestHarnessPage.setDataMethod(row, dataFile): iwpPages.TestHarnessPage.setDataMethod is PASSED

25-09-2024T13:07:11 - [MESSAGE][PASSED] - Object 'Object Repository/IWP30/Page_QATestHarness/RemittanceID' is present

25-09-2024T13:07:11 - [MESSAGE][PASSED] - Text '638' is set on object 'Object Repository/IWP30/Page_QATestHarness/ApplicationID'

25-09-2024T13:07:12 - [MESSAGE][PASSED] - Text '2.5' is set on object 'Object Repository/IWP30/Page_QATestHarness/MessageVersion'

25-09-2024T13:07:13 - [MESSAGE][PASSED] - Text 'thF5mHd8eXTW' is set on object 'Object Repository/IWP30/Page_QATestHarness/RemittanceID'

25-09-2024T13:07:16 - [MESSAGE][PASSED] - Object: 'Object Repository/IWP30/Page_QATestHarness/SubmitButton' is clicked on

25-09-2024T13:07:16 - [MESSAGE][PASSED] - iwpPages.TestHarnessPage.setDataMethod is PASSED

25-09-2024T13:07:16 - [TEST_STEP][PASSED] - click(findTestObject("Object Repository/IWP30/Page_SelectPaymentMethod/PayByCreditCard")): Object: 'Object Repository/IWP30/Page_SelectPaymentMethod/PayByCreditCard' is clicked on

25-09-2024T13:07:16 - [MESSAGE][PASSED] - Object: 'Object Repository/IWP30/Page_SelectPaymentMethod/PayByCreditCard' is clicked on

25-09-2024T13:07:16 - [TEST_STEP][PASSED] - click(findTestObject("Object Repository/IWP30/Page_SelectPaymentMethod/MakePaymentButton")): Object: 'Object Repository/IWP30/Page_SelectPaymentMethod/MakePaymentButton' is clicked on

25-09-2024T13:07:18 - [MESSAGE][PASSED] - Object: 'Object Repository/IWP30/Page_SelectPaymentMethod/MakePaymentButton' is clicked on

25-09-2024T13:07:18 - [TEST_STEP][PASSED] - iwpPages.ccPaymentEntryPage.setDataCCPM(row, dataFile): iwpPages.ccPaymentEntryPage.setDataCCPM is PASSED

25-09-2024T13:07:19 - [MESSAGE][PASSED] - Object 'Object Repository/IWP30/Page_CCPaymentEntry/Name' is present

25-09-2024T13:07:19 - [MESSAGE][PASSED] - Text '10.50' is set on object 'Object Repository/IWP30/Page_CCPaymentEntry/Amount'

25-09-2024T13:07:20 - [MESSAGE][PASSED] - Text 'udf data 2' is set on object 'Object Repository/IWP30/Page_CCPaymentEntry/UserDefined2'

25-09-2024T13:07:21 - [MESSAGE][PASSED] - Text 'udf data 3' is set on object 'Object Repository/IWP30/Page_CCPaymentEntry/UserDefined3'

25-09-2024T13:07:21 - [MESSAGE][PASSED] - All options with label 'Orange' are selected in object 'Object Repository/IWP30/Page_CCPaymentEntry/UserDefined7' 

25-09-2024T13:07:22 - [MESSAGE][PASSED] - All options with label 'Soccer' are selected in object 'Object Repository/IWP30/Page_CCPaymentEntry/UserDefined8' 

25-09-2024T13:07:22 - [MESSAGE][PASSED] - Object 'Object Repository/IWP30/Page_CCPaymentEntry/Name' is present

25-09-2024T13:07:23 - [MESSAGE][PASSED] - Text 'Kavita Ranawati' is set on object 'Object Repository/IWP30/Page_CCPaymentEntry/Name'

25-09-2024T13:07:23 - [MESSAGE][PASSED] - Object 'Object Repository/IWP30/Page_CCPaymentEntry/CardNumber' is present

25-09-2024T13:07:23 - [MESSAGE][PASSED] - Text '4111111111111111' is set on object 'Object Repository/IWP30/Page_CCPaymentEntry/CardNumber'

25-09-2024T13:07:24 - [MESSAGE][PASSED] - Text '123' is set on object 'Object Repository/IWP30/Page_CCPaymentEntry/SPC'

25-09-2024T13:07:25 - [MESSAGE][PASSED] - Object 'Object Repository/IWP30/Page_CCPaymentEntry/Month' is present

25-09-2024T13:07:26 - [MESSAGE][PASSED] - All options with label '01' are selected in object 'Object Repository/IWP30/Page_CCPaymentEntry/Month' 

25-09-2024T13:07:26 - [MESSAGE][PASSED] - Object 'Object Repository/IWP30/Page_CCPaymentEntry/Year' is present

25-09-2024T13:07:26 - [MESSAGE][PASSED] - All options with label '2028' are selected in object 'Object Repository/IWP30/Page_CCPaymentEntry/Year' 

25-09-2024T13:07:26 - [MESSAGE][PASSED] - Execute JavaScript '
				   document.getElementById('processDate').value = '08/09/2025'
				  ' successfully

25-09-2024T13:07:27 - [MESSAGE][PASSED] - Text '365 Main Avenue' is set on object 'Object Repository/IWP30/Page_CCPaymentEntry/AL1'

25-09-2024T13:07:28 - [MESSAGE][PASSED] - Text '22201' is set on object 'Object Repository/IWP30/Page_CCPaymentEntry/ZIP'

25-09-2024T13:07:28 - [MESSAGE][PASSED] - Object 'Object Repository/IWP30/Page_CCPaymentEntry/EmailAddress' is present

25-09-2024T13:07:29 - [MESSAGE][PASSED] - Text 'iahmed@govolution.com' is set on object 'Object Repository/IWP30/Page_CCPaymentEntry/EmailAddress'

25-09-2024T13:07:29 - [MESSAGE][PASSED] - Object 'Object Repository/IWP30/Page_CCPaymentEntry/TermCondCheckBox' is present

25-09-2024T13:07:29 - [MESSAGE][PASSED] - Object 'Object Repository/IWP30/Page_CCPaymentEntry/TermCondCheckBox' is checked

25-09-2024T13:07:30 - [MESSAGE][PASSED] - Object 'Object Repository/IWP30/Page_CCPaymentEntry/ContinueButton' is present

25-09-2024T13:07:31 - [MESSAGE][PASSED] - Object: 'Object Repository/IWP30/Page_CCPaymentEntry/ContinueButton' is clicked on

25-09-2024T13:07:31 - [MESSAGE][PASSED] - iwpPages.ccPaymentEntryPage.setDataCCPM is PASSED

25-09-2024T13:07:31 - [TEST_STEP][PASSED] - click(findTestObject("Object Repository/IWP30/Page_Confirmation/ConfirmButton")): Object: 'Object Repository/IWP30/Page_Confirmation/ConfirmButton' is clicked on

25-09-2024T13:07:33 - [MESSAGE][PASSED] - Object: 'Object Repository/IWP30/Page_Confirmation/ConfirmButton' is clicked on

25-09-2024T13:07:33 - [TEST_STEP][PASSED] - Thread.sleep(2000): null

25-09-2024T13:07:35 - [TEST_STEP][PASSED] - if (verifyTextPresent("Deferred", false)): null

25-09-2024T13:07:35 - [MESSAGE][PASSED] - Text 'Deferred' is present on page 

25-09-2024T13:07:35 - [TEST_STEP][PASSED] - println("Deferred is present on page. Deferred Pay is created"): null

25-09-2024T13:07:35 - [TEST_STEP][PASSED] - click(findTestObject("Object Repository/IWP30/Page_Receipt/ViewScheduledPaymentsButton")): Object: 'Object Repository/IWP30/Page_Receipt/ViewScheduledPaymentsButton' is clicked on

25-09-2024T13:07:36 - [MESSAGE][PASSED] - Object: 'Object Repository/IWP30/Page_Receipt/ViewScheduledPaymentsButton' is clicked on

25-09-2024T13:07:36 - [TEST_STEP][PASSED] - switchToWindowTitle("View Scheduled Payments"): Switched to window with title: 'View Scheduled Payments'

25-09-2024T13:07:36 - [MESSAGE][PASSED] - Switched to window with title: 'View Scheduled Payments'

25-09-2024T13:07:36 - [TEST_STEP][PASSED] - Thread.sleep(5000): null

25-09-2024T13:07:41 - [TEST_STEP][PASSED] - if (verifyTextPresent("View Scheduled Payments", false)): null

25-09-2024T13:07:41 - [MESSAGE][PASSED] - Text 'View Scheduled Payments' is present on page 

25-09-2024T13:07:41 - [TEST_STEP][PASSED] - click(findTestObject("Object Repository/IWP30/Page_ScheduledPayments/edit_payment")): Object: 'Object Repository/IWP30/Page_ScheduledPayments/edit_payment' is clicked on

25-09-2024T13:07:43 - [MESSAGE][PASSED] - Object: 'Object Repository/IWP30/Page_ScheduledPayments/edit_payment' is clicked on

25-09-2024T13:07:43 - [TEST_STEP][PASSED] - iwpPages.editSchedulePayment.setDataSchedPayment(row, dataFile): iwpPages.editSchedulePayment.setDataSchedPayment is PASSED

25-09-2024T13:07:44 - [MESSAGE][PASSED] - Text 'Edit Payment Plan' is present on page 

25-09-2024T13:07:44 - [MESSAGE][PASSED] - All options with label 'Orange' are selected in object 'Object Repository/IWP30/Page_CCPaymentEntry/UserDefined7' 

25-09-2024T13:07:45 - [MESSAGE][PASSED] - All options with label 'Soccer' are selected in object 'Object Repository/IWP30/Page_CCPaymentEntry/UserDefined8' 

25-09-2024T13:07:46 - [MESSAGE][PASSED] - Text '123' is set on object 'Object Repository/IWP30/Page_CCPaymentEntry/SPC'

25-09-2024T13:07:46 - [MESSAGE][PASSED] - Execute JavaScript '
				   document.getElementById('processDate').value = '08/09/2045'
				  ' successfully

25-09-2024T13:07:46 - [MESSAGE][PASSED] - iwpPages.editSchedulePayment.setDataSchedPayment is PASSED

25-09-2024T13:07:46 - [TEST_STEP][PASSED] - click(findTestObject("Object Repository/Page_EditSchedPayment/chkbox_acceptterms")): Object: 'Object Repository/Page_EditSchedPayment/chkbox_acceptterms' is clicked on

25-09-2024T13:07:46 - [MESSAGE][PASSED] - Object: 'Object Repository/Page_EditSchedPayment/chkbox_acceptterms' is clicked on

25-09-2024T13:07:46 - [TEST_STEP][PASSED] - click(findTestObject("Object Repository/Page_EditSchedPayment/btn_update")): Object: 'Object Repository/Page_EditSchedPayment/btn_update' is clicked on

25-09-2024T13:07:48 - [MESSAGE][PASSED] - Object: 'Object Repository/Page_EditSchedPayment/btn_update' is clicked on

25-09-2024T13:07:48 - [TEST_STEP][PASSED] - if (verifyTextPresent("Successful Payment Plan Update", false)): null

25-09-2024T13:07:48 - [MESSAGE][PASSED] - Text 'Successful Payment Plan Update' is present on page 

25-09-2024T13:07:48 - [TEST_STEP][PASSED] - click(findTestObject("Object Repository/IWP30/Page_SuccesfulUpdate/btn_back")): Object: 'Object Repository/IWP30/Page_SuccesfulUpdate/btn_back' is clicked on

25-09-2024T13:07:49 - [MESSAGE][PASSED] - Object: 'Object Repository/IWP30/Page_SuccesfulUpdate/btn_back' is clicked on

25-09-2024T13:07:49 - [TEST_STEP][PASSED] - click(findTestObject("Object Repository/IWP30/Page_ScheduledPayments/cancel_payment")): Object: 'Object Repository/IWP30/Page_ScheduledPayments/cancel_payment' is clicked on

25-09-2024T13:07:50 - [MESSAGE][PASSED] - Object: 'Object Repository/IWP30/Page_ScheduledPayments/cancel_payment' is clicked on

25-09-2024T13:07:50 - [TEST_STEP][PASSED] - if (verifyTextPresent("Cancel Payment Plan", false)): null

25-09-2024T13:07:51 - [MESSAGE][PASSED] - Text 'Cancel Payment Plan' is present on page 

25-09-2024T13:07:51 - [TEST_STEP][PASSED] - click(findTestObject("Object Repository/IWP30/Page_PaymentPlan/btn_cancel")): Object: 'Object Repository/IWP30/Page_PaymentPlan/btn_cancel' is clicked on

25-09-2024T13:07:51 - [MESSAGE][PASSED] - Object: 'Object Repository/IWP30/Page_PaymentPlan/btn_cancel' is clicked on

25-09-2024T13:07:51 - [TEST_STEP][PASSED] - acceptAlert(): Alert accepted

25-09-2024T13:07:51 - [MESSAGE][PASSED] - Alert accepted

25-09-2024T13:07:51 - [TEST_STEP][PASSED] - if (verifyTextPresent("Your payment plan has been successfully canceled", false)): null

25-09-2024T13:07:52 - [MESSAGE][PASSED] - Text 'Your payment plan has been successfully canceled' is present on page 

25-09-2024T13:07:52 - [TEST_STEP][PASSED] - markPassed("Your payment plan has been successfully created, modified and canceled"): Your payment plan has been successfully created, modified and canceled

25-09-2024T13:07:52 - [MESSAGE][PASSED] - Your payment plan has been successfully created, modified and canceled

25-09-2024T13:07:52 - [TEST_STEP][PASSED] - resText = "Pass": null

25-09-2024T13:07:52 - [TEST_STEP][PASSED] - println(row): null

25-09-2024T13:07:52 - [TEST_STEP][PASSED] - pages.WriteExcel.demoKey(resText, datText, resColumn, datCloumn, fileLoc, nameSheet, row): pages.WriteExcel.demoKey is PASSED

25-09-2024T13:07:52 - [MESSAGE][PASSED] - pages.WriteExcel.demoKey is PASSED

25-09-2024T13:07:52 - [TEST_STEP][PASSED] - closeBrowser(): Browser is closed

25-09-2024T13:07:53 - [MESSAGE][PASSED] - Browser is closed]]></system-out>
         <system-err><![CDATA[]]></system-err>
      </testcase>
      <testcase name="Test Cases/IntegratedWeb/IWP25/Payments/CMCDeferredPC" time="79.0" classname="Test Cases/IntegratedWeb/IWP25/Payments/CMCDeferredPC" status="PASSED">
         <system-out><![CDATA[25-09-2024T13:07:53 - [TEST_CASE][PASSED] - Test Cases/IntegratedWeb/IWP25/Payments/CMCDeferredPC: Test Cases/IntegratedWeb/IWP25/Payments/CMCDeferredPC

25-09-2024T13:07:53 - [TEST_STEP][PASSED] - resText = "Fail": null

25-09-2024T13:07:53 - [TEST_STEP][PASSED] - resColumn = "Result": null

25-09-2024T13:07:53 - [TEST_STEP][PASSED] - datCloumn = "Date": null

25-09-2024T13:07:53 - [TEST_STEP][PASSED] - fileLoc = "KatalonData/IWPTestData/VRelay25PaymentsExtension.xlsx": null

25-09-2024T13:07:53 - [TEST_STEP][PASSED] - numOfRows = <not implemented yet for class: org.codehaus.groovy.ast.expr.EmptyExpression>: null

25-09-2024T13:07:53 - [TEST_STEP][PASSED] - dataFile = <not implemented yet for class: org.codehaus.groovy.ast.expr.EmptyExpression>: null

25-09-2024T13:07:53 - [TEST_STEP][PASSED] - nameSheet = <not implemented yet for class: org.codehaus.groovy.ast.expr.EmptyExpression>: null

25-09-2024T13:07:53 - [TEST_STEP][PASSED] - dataFileEmulator = <not implemented yet for class: org.codehaus.groovy.ast.expr.EmptyExpression>: null

25-09-2024T13:07:53 - [TEST_STEP][PASSED] - isRequiredTextPresent = false: null

25-09-2024T13:07:53 - [TEST_STEP][PASSED] - nameSheet = "CMCDeferredPlanPC": null

25-09-2024T13:07:53 - [TEST_STEP][PASSED] - dataFile = "IWPTestData/IWP25CMCDeferredPC": null

25-09-2024T13:07:53 - [TEST_STEP][PASSED] - dataFileEmulator = "IWPTestData/EmulatorData": null

25-09-2024T13:07:53 - [TEST_STEP][PASSED] - numOfRows = findTestData(dataFile).getRowNumbers(): null

25-09-2024T13:07:53 - [TEST_STEP][PASSED] - println("Number of Records: " + numOfRows): null

25-09-2024T13:07:53 - [TEST_STEP][PASSED] - for ([row = 1, row <= numOfRows, (row++)]): Browser is closed

25-09-2024T13:07:53 - [TEST_STEP][PASSED] - ExecuteTC = findTestData(dataFile).getValue("Execute", row): null

25-09-2024T13:07:53 - [TEST_STEP][PASSED] - out.println("Value of Execute is : " + ExecuteTC): null

25-09-2024T13:07:53 - [TEST_STEP][PASSED] - if (ExecuteTC.equalsIgnoreCase("Y")): null

25-09-2024T13:07:53 - [TEST_STEP][PASSED] - out.println("Begin Record Number: " + row): null

25-09-2024T13:07:53 - [TEST_STEP][PASSED] - today = new java.util.Date(): null

25-09-2024T13:07:53 - [TEST_STEP][PASSED] - println(today): null

25-09-2024T13:07:53 - [TEST_STEP][PASSED] - datText = today: null

25-09-2024T13:07:53 - [TEST_STEP][PASSED] - EmulatorDataKey = findTestData(dataFile).getValue("EmulatorData", row): null

25-09-2024T13:07:54 - [TEST_STEP][PASSED] - out.println("Value of Emulator Key is : " + EmulatorDataKey): null

25-09-2024T13:07:54 - [TEST_STEP][PASSED] - iwpPages.emulatorIWP30.setDataEmulator_DD(EmulatorDataKey): iwpPages.emulatorIWP30.setDataEmulator_DD is PASSED

25-09-2024T13:07:54 - [MESSAGE][INFO] - Starting 'Edge Chromium' driver

25-09-2024T13:07:54 - [MESSAGE][INFO] - User set preference: ['acceptInsecureCerts', 'true']

25-09-2024T13:07:56 - [MESSAGE][INFO] - Action delay is set to 0 milliseconds

25-09-2024T13:07:59 - [MESSAGE][PASSED] - Browser is opened with url: 'https://qa.velocitypayment.com/agency/config.do?action=editor&message_version=2_5'

25-09-2024T13:07:59 - [MESSAGE][PASSED] - Current window maximized

25-09-2024T13:08:00 - [MESSAGE][PASSED] - All options with value '2.5' are selected in object 'Object Repository/IWP30/Page_VRelay30Emulator/MV'  using regular expression

25-09-2024T13:08:01 - [MESSAGE][PASSED] - Text '10.50' is set on object 'Object Repository/IWP30/Page_VRelay30Emulator/Amount'

25-09-2024T13:08:02 - [MESSAGE][PASSED] - Text 'TmmYwNdrHd2w' is set on object 'Object Repository/IWP30/Page_VRelay30Emulator/CAN'

25-09-2024T13:08:02 - [MESSAGE][PASSED] - Text 'PayNow' is set on object 'Object Repository/IWP30/Page_VRelay30Emulator/Action'

25-09-2024T13:08:03 - [MESSAGE][PASSED] - Text 'en_US' is set on object 'Object Repository/IWP30/Page_VRelay30Emulator/Lang'

25-09-2024T13:08:03 - [MESSAGE][PASSED] - Text '' is set on object 'Object Repository/IWP30/Page_VRelay30Emulator/Fname'

25-09-2024T13:08:04 - [MESSAGE][PASSED] - Text '' is set on object 'Object Repository/IWP30/Page_VRelay30Emulator/Lname'

25-09-2024T13:08:05 - [MESSAGE][PASSED] - Text '' is set on object 'Object Repository/IWP30/Page_VRelay30Emulator/AL1'

25-09-2024T13:08:05 - [MESSAGE][PASSED] - Text '' is set on object 'Object Repository/IWP30/Page_VRelay30Emulator/AL2'

25-09-2024T13:08:06 - [MESSAGE][PASSED] - Text '' is set on object 'Object Repository/IWP30/Page_VRelay30Emulator/Country'

25-09-2024T13:08:06 - [MESSAGE][PASSED] - Text '' is set on object 'Object Repository/IWP30/Page_VRelay30Emulator/City'

25-09-2024T13:08:07 - [MESSAGE][PASSED] - Text '' is set on object 'Object Repository/IWP30/Page_VRelay30Emulator/State'

25-09-2024T13:08:07 - [MESSAGE][PASSED] - Text '' is set on object 'Object Repository/IWP30/Page_VRelay30Emulator/ZIP'

25-09-2024T13:08:08 - [MESSAGE][PASSED] - Text '' is set on object 'Object Repository/IWP30/Page_VRelay30Emulator/Order'

25-09-2024T13:08:09 - [MESSAGE][PASSED] - Text '' is set on object 'Object Repository/IWP30/Page_VRelay30Emulator/Company'

25-09-2024T13:08:09 - [MESSAGE][PASSED] - Text '' is set on object 'Object Repository/IWP30/Page_VRelay30Emulator/Email'

25-09-2024T13:08:10 - [MESSAGE][PASSED] - Text '' is set on object 'Object Repository/IWP30/Page_VRelay30Emulator/UDF1'

25-09-2024T13:08:10 - [MESSAGE][PASSED] - Text '' is set on object 'Object Repository/IWP30/Page_VRelay30Emulator/UDF2'

25-09-2024T13:08:11 - [MESSAGE][PASSED] - Text '' is set on object 'Object Repository/IWP30/Page_VRelay30Emulator/UDF3'

25-09-2024T13:08:11 - [MESSAGE][PASSED] - Text 'udf data 4' is set on object 'Object Repository/IWP30/Page_VRelay30Emulator/UDF4'

25-09-2024T13:08:12 - [MESSAGE][PASSED] - Text 'udf data 5' is set on object 'Object Repository/IWP30/Page_VRelay30Emulator/UDF5'

25-09-2024T13:08:13 - [MESSAGE][PASSED] - Text '' is set on object 'Object Repository/IWP30/Page_VRelay30Emulator/UDF6'

25-09-2024T13:08:13 - [MESSAGE][PASSED] - Text '' is set on object 'Object Repository/IWP30/Page_VRelay30Emulator/UDF7'

25-09-2024T13:08:14 - [MESSAGE][PASSED] - Text '' is set on object 'Object Repository/IWP30/Page_VRelay30Emulator/UDF8'

25-09-2024T13:08:14 - [MESSAGE][PASSED] - Text 'udf data 9' is set on object 'Object Repository/IWP30/Page_VRelay30Emulator/UDF9'

25-09-2024T13:08:15 - [MESSAGE][PASSED] - Text 'udf data 10' is set on object 'Object Repository/IWP30/Page_VRelay30Emulator/UDF10'

25-09-2024T13:08:16 - [MESSAGE][PASSED] - Object: 'Object Repository/IWP30/Page_VRelay30Emulator/Submit' is clicked on

25-09-2024T13:08:21 - [MESSAGE][PASSED] - Browser is closed

25-09-2024T13:08:25 - [MESSAGE][PASSED] - iwpPages.emulatorIWP30.setDataEmulator_DD is PASSED

25-09-2024T13:08:25 - [TEST_STEP][PASSED] - testHarnessURL = urlTestHarness: null

25-09-2024T13:08:25 - [TEST_STEP][PASSED] - openBrowser(testHarnessURL): Browser is opened with url: 'https://dev-algorithm.govolution.com/vrelaytest/QA/version_2_2/vrelaytest.html'

25-09-2024T13:08:25 - [MESSAGE][INFO] - Starting 'Edge Chromium' driver

25-09-2024T13:08:25 - [MESSAGE][INFO] - User set preference: ['acceptInsecureCerts', 'true']

25-09-2024T13:08:27 - [MESSAGE][INFO] - Action delay is set to 0 milliseconds

25-09-2024T13:08:30 - [MESSAGE][PASSED] - Browser is opened with url: 'https://dev-algorithm.govolution.com/vrelaytest/QA/version_2_2/vrelaytest.html'

25-09-2024T13:08:30 - [TEST_STEP][PASSED] - maximizeWindow(): Current window maximized

25-09-2024T13:08:30 - [MESSAGE][PASSED] - Current window maximized

25-09-2024T13:08:30 - [TEST_STEP][PASSED] - iwpPages.TestHarnessPage.setDataMethod(row, dataFile): iwpPages.TestHarnessPage.setDataMethod is PASSED

25-09-2024T13:08:31 - [MESSAGE][PASSED] - Object 'Object Repository/IWP30/Page_QATestHarness/RemittanceID' is present

25-09-2024T13:08:31 - [MESSAGE][PASSED] - Text '638' is set on object 'Object Repository/IWP30/Page_QATestHarness/ApplicationID'

25-09-2024T13:08:32 - [MESSAGE][PASSED] - Text '2.5' is set on object 'Object Repository/IWP30/Page_QATestHarness/MessageVersion'

25-09-2024T13:08:33 - [MESSAGE][PASSED] - Text 'oOcU4P7S9VDO' is set on object 'Object Repository/IWP30/Page_QATestHarness/RemittanceID'

25-09-2024T13:08:35 - [MESSAGE][PASSED] - Object: 'Object Repository/IWP30/Page_QATestHarness/SubmitButton' is clicked on

25-09-2024T13:08:35 - [MESSAGE][PASSED] - iwpPages.TestHarnessPage.setDataMethod is PASSED

25-09-2024T13:08:35 - [TEST_STEP][PASSED] - click(findTestObject("Object Repository/IWP30/Page_SelectPaymentMethod/PayByPersonalCheck")): Object: 'Object Repository/IWP30/Page_SelectPaymentMethod/PayByPersonalCheck' is clicked on

25-09-2024T13:08:36 - [MESSAGE][PASSED] - Object: 'Object Repository/IWP30/Page_SelectPaymentMethod/PayByPersonalCheck' is clicked on

25-09-2024T13:08:36 - [TEST_STEP][PASSED] - click(findTestObject("Object Repository/IWP30/Page_SelectPaymentMethod/MakePaymentButton")): Object: 'Object Repository/IWP30/Page_SelectPaymentMethod/MakePaymentButton' is clicked on

25-09-2024T13:08:37 - [MESSAGE][PASSED] - Object: 'Object Repository/IWP30/Page_SelectPaymentMethod/MakePaymentButton' is clicked on

25-09-2024T13:08:37 - [TEST_STEP][PASSED] - iwpPages.achPersonalPaymentEntryPage.setDataACHPPM(row, dataFile): iwpPages.achPersonalPaymentEntryPage.setDataACHPPM is PASSED

25-09-2024T13:08:38 - [MESSAGE][PASSED] - Object 'Object Repository/IWP30/Page_ACHPersonalPaymentEntry/txt_accountNumber' is present

25-09-2024T13:08:39 - [MESSAGE][PASSED] - Text '10.50' is set on object 'Object Repository/IWP30/Page_ACHPersonalPaymentEntry/txt_Amount'

25-09-2024T13:08:39 - [MESSAGE][PASSED] - Object 'Object Repository/IWP30/Page_ACHPersonalPaymentEntry/txt_UDF2' is present

25-09-2024T13:08:40 - [MESSAGE][PASSED] - Text 'udf data 2' is set on object 'Object Repository/IWP30/Page_ACHPersonalPaymentEntry/txt_UDF2'

25-09-2024T13:08:40 - [MESSAGE][PASSED] - Text 'udf data 3' is set on object 'Object Repository/IWP30/Page_ACHPersonalPaymentEntry/txt_UDF3'

25-09-2024T13:08:41 - [MESSAGE][PASSED] - All options with label 'Orange' are selected in object 'Object Repository/IWP30/Page_ACHPersonalPaymentEntry/dd_UDF7' 

25-09-2024T13:08:41 - [MESSAGE][PASSED] - All options with label 'Soccer' are selected in object 'Object Repository/IWP30/Page_ACHPersonalPaymentEntry/dd_UDF8' 

25-09-2024T13:08:42 - [MESSAGE][PASSED] - Object 'Object Repository/IWP30/Page_ACHPersonalPaymentEntry/txt_Firstname' is present

25-09-2024T13:08:42 - [MESSAGE][PASSED] - Text 'Elizath' is set on object 'Object Repository/IWP30/Page_ACHPersonalPaymentEntry/txt_Firstname'

25-09-2024T13:08:42 - [MESSAGE][PASSED] - Object 'Object Repository/IWP30/Page_ACHPersonalPaymentEntry/txt_Lastname' is present

25-09-2024T13:08:43 - [MESSAGE][PASSED] - Text 'Christine' is set on object 'Object Repository/IWP30/Page_ACHPersonalPaymentEntry/txt_Lastname'

25-09-2024T13:08:43 - [MESSAGE][PASSED] - Object 'Object Repository/IWP30/Page_ACHPersonalPaymentEntry/txt_routingNumber' is present

25-09-2024T13:08:44 - [MESSAGE][PASSED] - Text '256072691' is set on object 'Object Repository/IWP30/Page_ACHPersonalPaymentEntry/txt_routingNumber'

25-09-2024T13:08:44 - [MESSAGE][PASSED] - Object 'Object Repository/IWP30/Page_ACHPersonalPaymentEntry/txt_accountNumber' is present

25-09-2024T13:08:45 - [MESSAGE][PASSED] - Text '12344444' is set on object 'Object Repository/IWP30/Page_ACHPersonalPaymentEntry/txt_accountNumber'

25-09-2024T13:08:46 - [MESSAGE][PASSED] - Object 'Object Repository/IWP30/Page_ACHPersonalPaymentEntry/txt_confirmAccountNumber' is present

25-09-2024T13:08:46 - [MESSAGE][PASSED] - Text '12344444' is set on object 'Object Repository/IWP30/Page_ACHPersonalPaymentEntry/txt_confirmAccountNumber'

25-09-2024T13:08:47 - [MESSAGE][PASSED] - Object 'Object Repository/IWP30/Page_ACHPersonalPaymentEntry/rd_accountType' is present

25-09-2024T13:08:47 - [MESSAGE][PASSED] - Modify property of object successfully

25-09-2024T13:08:47 - [MESSAGE][PASSED] - Object: 'Object Repository/IWP30/Page_ACHPersonalPaymentEntry/rd_accountType' is clicked on

25-09-2024T13:08:47 - [MESSAGE][PASSED] - Execute JavaScript '
				   document.getElementById('processDate').value = '08/09/2025'
				  ' successfully

25-09-2024T13:08:48 - [MESSAGE][PASSED] - Text '365 Main Avenue' is set on object 'Object Repository/IWP30/Page_ACHPersonalPaymentEntry/txt_AL1'

25-09-2024T13:08:48 - [MESSAGE][PASSED] - Text '22201' is set on object 'Object Repository/IWP30/Page_ACHPersonalPaymentEntry/txt_ZIP'

25-09-2024T13:08:49 - [MESSAGE][PASSED] - Object 'Object Repository/IWP30/Page_ACHPersonalPaymentEntry/txt_Email' is present

25-09-2024T13:08:49 - [MESSAGE][PASSED] - Text 'iahmed@govolution.com' is set on object 'Object Repository/IWP30/Page_ACHPersonalPaymentEntry/txt_Email'

25-09-2024T13:08:50 - [MESSAGE][PASSED] - Object 'Object Repository/IWP30/Page_ACHPersonalPaymentEntry/cb_TermsAndCond' is present

25-09-2024T13:08:50 - [MESSAGE][PASSED] - Object: 'Object Repository/IWP30/Page_ACHPersonalPaymentEntry/cb_TermsAndCond' is clicked on

25-09-2024T13:08:50 - [MESSAGE][PASSED] - Object 'Object Repository/IWP30/Page_ACHPersonalPaymentEntry/btn_Continue' is present

25-09-2024T13:08:51 - [MESSAGE][PASSED] - Object: 'Object Repository/IWP30/Page_ACHPersonalPaymentEntry/btn_Continue' is clicked on

25-09-2024T13:08:51 - [MESSAGE][PASSED] - iwpPages.achPersonalPaymentEntryPage.setDataACHPPM is PASSED

25-09-2024T13:08:51 - [TEST_STEP][PASSED] - click(findTestObject("Object Repository/IWP30/Page_Confirmation/ConfirmButton")): Object: 'Object Repository/IWP30/Page_Confirmation/ConfirmButton' is clicked on

25-09-2024T13:08:53 - [MESSAGE][PASSED] - Object: 'Object Repository/IWP30/Page_Confirmation/ConfirmButton' is clicked on

25-09-2024T13:08:53 - [TEST_STEP][PASSED] - Thread.sleep(2000): null

25-09-2024T13:08:55 - [TEST_STEP][PASSED] - if (verifyTextPresent("Deferred", false)): null

25-09-2024T13:08:55 - [MESSAGE][PASSED] - Text 'Deferred' is present on page 

25-09-2024T13:08:55 - [TEST_STEP][PASSED] - println("Deferred is present on page. Deferred Pay is created"): null

25-09-2024T13:08:55 - [TEST_STEP][PASSED] - click(findTestObject("Object Repository/IWP30/Page_Receipt/ViewScheduledPaymentsButton")): Object: 'Object Repository/IWP30/Page_Receipt/ViewScheduledPaymentsButton' is clicked on

25-09-2024T13:08:56 - [MESSAGE][PASSED] - Object: 'Object Repository/IWP30/Page_Receipt/ViewScheduledPaymentsButton' is clicked on

25-09-2024T13:08:56 - [TEST_STEP][PASSED] - switchToWindowTitle("View Scheduled Payments"): Switched to window with title: 'View Scheduled Payments'

25-09-2024T13:08:56 - [MESSAGE][PASSED] - Switched to window with title: 'View Scheduled Payments'

25-09-2024T13:08:56 - [TEST_STEP][PASSED] - Thread.sleep(5000): null

25-09-2024T13:09:01 - [TEST_STEP][PASSED] - if (verifyTextPresent("View Scheduled Payments", false)): null

25-09-2024T13:09:01 - [MESSAGE][PASSED] - Text 'View Scheduled Payments' is present on page 

25-09-2024T13:09:01 - [TEST_STEP][PASSED] - click(findTestObject("Object Repository/IWP30/Page_ScheduledPayments/edit_payment")): Object: 'Object Repository/IWP30/Page_ScheduledPayments/edit_payment' is clicked on

25-09-2024T13:09:03 - [MESSAGE][PASSED] - Object: 'Object Repository/IWP30/Page_ScheduledPayments/edit_payment' is clicked on

25-09-2024T13:09:03 - [TEST_STEP][PASSED] - iwpPages.editSchedulePayment.setDataSchedPayment(row, dataFile): iwpPages.editSchedulePayment.setDataSchedPayment is PASSED

25-09-2024T13:09:04 - [MESSAGE][PASSED] - Text 'Edit Payment Plan' is present on page 

25-09-2024T13:09:04 - [MESSAGE][PASSED] - All options with label 'Orange' are selected in object 'Object Repository/IWP30/Page_CCPaymentEntry/UserDefined7' 

25-09-2024T13:09:05 - [MESSAGE][PASSED] - All options with label 'Soccer' are selected in object 'Object Repository/IWP30/Page_CCPaymentEntry/UserDefined8' 

25-09-2024T13:09:05 - [MESSAGE][PASSED] - Execute JavaScript '
				   document.getElementById('processDate').value = '08/09/2045'
				  ' successfully

25-09-2024T13:09:05 - [MESSAGE][PASSED] - iwpPages.editSchedulePayment.setDataSchedPayment is PASSED

25-09-2024T13:09:05 - [TEST_STEP][PASSED] - click(findTestObject("Object Repository/Page_EditSchedPayment/chkbox_acceptterms")): Object: 'Object Repository/Page_EditSchedPayment/chkbox_acceptterms' is clicked on

25-09-2024T13:09:05 - [MESSAGE][PASSED] - Object: 'Object Repository/Page_EditSchedPayment/chkbox_acceptterms' is clicked on

25-09-2024T13:09:05 - [TEST_STEP][PASSED] - click(findTestObject("Object Repository/Page_EditSchedPayment/btn_update")): Object: 'Object Repository/Page_EditSchedPayment/btn_update' is clicked on

25-09-2024T13:09:07 - [MESSAGE][PASSED] - Object: 'Object Repository/Page_EditSchedPayment/btn_update' is clicked on

25-09-2024T13:09:07 - [TEST_STEP][PASSED] - if (verifyTextPresent("Successful Payment Plan Update", false)): null

25-09-2024T13:09:07 - [MESSAGE][PASSED] - Text 'Successful Payment Plan Update' is present on page 

25-09-2024T13:09:07 - [TEST_STEP][PASSED] - click(findTestObject("Object Repository/IWP30/Page_SuccesfulUpdate/btn_back")): Object: 'Object Repository/IWP30/Page_SuccesfulUpdate/btn_back' is clicked on

25-09-2024T13:09:08 - [MESSAGE][PASSED] - Object: 'Object Repository/IWP30/Page_SuccesfulUpdate/btn_back' is clicked on

25-09-2024T13:09:08 - [TEST_STEP][PASSED] - click(findTestObject("Object Repository/IWP30/Page_ScheduledPayments/cancel_payment")): Object: 'Object Repository/IWP30/Page_ScheduledPayments/cancel_payment' is clicked on

25-09-2024T13:09:09 - [MESSAGE][PASSED] - Object: 'Object Repository/IWP30/Page_ScheduledPayments/cancel_payment' is clicked on

25-09-2024T13:09:09 - [TEST_STEP][PASSED] - if (verifyTextPresent("Cancel Payment Plan", false)): null

25-09-2024T13:09:10 - [MESSAGE][PASSED] - Text 'Cancel Payment Plan' is present on page 

25-09-2024T13:09:10 - [TEST_STEP][PASSED] - click(findTestObject("Object Repository/IWP30/Page_PaymentPlan/btn_cancel")): Object: 'Object Repository/IWP30/Page_PaymentPlan/btn_cancel' is clicked on

25-09-2024T13:09:10 - [MESSAGE][PASSED] - Object: 'Object Repository/IWP30/Page_PaymentPlan/btn_cancel' is clicked on

25-09-2024T13:09:10 - [TEST_STEP][PASSED] - acceptAlert(): Alert accepted

25-09-2024T13:09:10 - [MESSAGE][PASSED] - Alert accepted

25-09-2024T13:09:10 - [TEST_STEP][PASSED] - if (verifyTextPresent("Your payment plan has been successfully canceled", false)): null

25-09-2024T13:09:11 - [MESSAGE][PASSED] - Text 'Your payment plan has been successfully canceled' is present on page 

25-09-2024T13:09:11 - [TEST_STEP][PASSED] - markPassed("Your payment plan has been successfully created, modified and canceled"): Your payment plan has been successfully created, modified and canceled

25-09-2024T13:09:11 - [MESSAGE][PASSED] - Your payment plan has been successfully created, modified and canceled

25-09-2024T13:09:11 - [TEST_STEP][PASSED] - resText = "Pass": null

25-09-2024T13:09:11 - [TEST_STEP][PASSED] - println(row): null

25-09-2024T13:09:11 - [TEST_STEP][PASSED] - pages.WriteExcel.demoKey(resText, datText, resColumn, datCloumn, fileLoc, nameSheet, row): pages.WriteExcel.demoKey is PASSED

25-09-2024T13:09:11 - [MESSAGE][PASSED] - pages.WriteExcel.demoKey is PASSED

25-09-2024T13:09:11 - [TEST_STEP][PASSED] - closeBrowser(): Browser is closed

25-09-2024T13:09:12 - [MESSAGE][PASSED] - Browser is closed]]></system-out>
         <system-err><![CDATA[]]></system-err>
      </testcase>
      <testcase name="Test Cases/IntegratedWeb/IWP25/Payments/CMCDeferredPS" time="81.7" classname="Test Cases/IntegratedWeb/IWP25/Payments/CMCDeferredPS" status="PASSED">
         <system-out><![CDATA[25-09-2024T13:09:12 - [TEST_CASE][PASSED] - Test Cases/IntegratedWeb/IWP25/Payments/CMCDeferredPS: Test Cases/IntegratedWeb/IWP25/Payments/CMCDeferredPS

25-09-2024T13:09:12 - [TEST_STEP][PASSED] - resText = "Fail": null

25-09-2024T13:09:12 - [TEST_STEP][PASSED] - resColumn = "Result": null

25-09-2024T13:09:12 - [TEST_STEP][PASSED] - datCloumn = "Date": null

25-09-2024T13:09:12 - [TEST_STEP][PASSED] - fileLoc = "KatalonData/IWPTestData/VRelay25PaymentsExtension.xlsx": null

25-09-2024T13:09:12 - [TEST_STEP][PASSED] - numOfRows = <not implemented yet for class: org.codehaus.groovy.ast.expr.EmptyExpression>: null

25-09-2024T13:09:12 - [TEST_STEP][PASSED] - dataFile = <not implemented yet for class: org.codehaus.groovy.ast.expr.EmptyExpression>: null

25-09-2024T13:09:12 - [TEST_STEP][PASSED] - nameSheet = <not implemented yet for class: org.codehaus.groovy.ast.expr.EmptyExpression>: null

25-09-2024T13:09:12 - [TEST_STEP][PASSED] - dataFileEmulator = <not implemented yet for class: org.codehaus.groovy.ast.expr.EmptyExpression>: null

25-09-2024T13:09:12 - [TEST_STEP][PASSED] - isRequiredTextPresent = false: null

25-09-2024T13:09:12 - [TEST_STEP][PASSED] - nameSheet = "CMCDeferredPlanPS": null

25-09-2024T13:09:12 - [TEST_STEP][PASSED] - dataFile = "IWPTestData/IWP25CMCDeferredPS": null

25-09-2024T13:09:12 - [TEST_STEP][PASSED] - dataFileEmulator = "IWPTestData/EmulatorData": null

25-09-2024T13:09:12 - [TEST_STEP][PASSED] - numOfRows = findTestData(dataFile).getRowNumbers(): null

25-09-2024T13:09:12 - [TEST_STEP][PASSED] - println("Number of Records: " + numOfRows): null

25-09-2024T13:09:12 - [TEST_STEP][PASSED] - for ([row = 1, row <= numOfRows, (row++)]): Browser is closed

25-09-2024T13:09:12 - [TEST_STEP][PASSED] - ExecuteTC = findTestData(dataFile).getValue("Execute", row): null

25-09-2024T13:09:12 - [TEST_STEP][PASSED] - out.println("Value of Execute is : " + ExecuteTC): null

25-09-2024T13:09:12 - [TEST_STEP][PASSED] - if (ExecuteTC.equalsIgnoreCase("Y")): null

25-09-2024T13:09:12 - [TEST_STEP][PASSED] - out.println("Begin Record Number: " + row): null

25-09-2024T13:09:12 - [TEST_STEP][PASSED] - today = new java.util.Date(): null

25-09-2024T13:09:12 - [TEST_STEP][PASSED] - println(today): null

25-09-2024T13:09:12 - [TEST_STEP][PASSED] - datText = today: null

25-09-2024T13:09:12 - [TEST_STEP][PASSED] - EmulatorDataKey = findTestData(dataFile).getValue("EmulatorData", row): null

25-09-2024T13:09:12 - [TEST_STEP][PASSED] - out.println("Value of Emulator Key is : " + EmulatorDataKey): null

25-09-2024T13:09:12 - [TEST_STEP][PASSED] - iwpPages.emulatorIWP30.setDataEmulator_DD(EmulatorDataKey): iwpPages.emulatorIWP30.setDataEmulator_DD is PASSED

25-09-2024T13:09:13 - [MESSAGE][INFO] - Starting 'Edge Chromium' driver

25-09-2024T13:09:13 - [MESSAGE][INFO] - User set preference: ['acceptInsecureCerts', 'true']

25-09-2024T13:09:15 - [MESSAGE][INFO] - Action delay is set to 0 milliseconds

25-09-2024T13:09:18 - [MESSAGE][PASSED] - Browser is opened with url: 'https://qa.velocitypayment.com/agency/config.do?action=editor&message_version=2_5'

25-09-2024T13:09:18 - [MESSAGE][PASSED] - Current window maximized

25-09-2024T13:09:19 - [MESSAGE][PASSED] - All options with value '2.5' are selected in object 'Object Repository/IWP30/Page_VRelay30Emulator/MV'  using regular expression

25-09-2024T13:09:20 - [MESSAGE][PASSED] - Text '10.50' is set on object 'Object Repository/IWP30/Page_VRelay30Emulator/Amount'

25-09-2024T13:09:20 - [MESSAGE][PASSED] - Text 'dL4ipqppcgzB' is set on object 'Object Repository/IWP30/Page_VRelay30Emulator/CAN'

25-09-2024T13:09:21 - [MESSAGE][PASSED] - Text 'PayNow' is set on object 'Object Repository/IWP30/Page_VRelay30Emulator/Action'

25-09-2024T13:09:22 - [MESSAGE][PASSED] - Text 'en_US' is set on object 'Object Repository/IWP30/Page_VRelay30Emulator/Lang'

25-09-2024T13:09:22 - [MESSAGE][PASSED] - Text '' is set on object 'Object Repository/IWP30/Page_VRelay30Emulator/Fname'

25-09-2024T13:09:23 - [MESSAGE][PASSED] - Text '' is set on object 'Object Repository/IWP30/Page_VRelay30Emulator/Lname'

25-09-2024T13:09:23 - [MESSAGE][PASSED] - Text '' is set on object 'Object Repository/IWP30/Page_VRelay30Emulator/AL1'

25-09-2024T13:09:24 - [MESSAGE][PASSED] - Text '' is set on object 'Object Repository/IWP30/Page_VRelay30Emulator/AL2'

25-09-2024T13:09:25 - [MESSAGE][PASSED] - Text '' is set on object 'Object Repository/IWP30/Page_VRelay30Emulator/Country'

25-09-2024T13:09:25 - [MESSAGE][PASSED] - Text '' is set on object 'Object Repository/IWP30/Page_VRelay30Emulator/City'

25-09-2024T13:09:26 - [MESSAGE][PASSED] - Text '' is set on object 'Object Repository/IWP30/Page_VRelay30Emulator/State'

25-09-2024T13:09:26 - [MESSAGE][PASSED] - Text '' is set on object 'Object Repository/IWP30/Page_VRelay30Emulator/ZIP'

25-09-2024T13:09:27 - [MESSAGE][PASSED] - Text '' is set on object 'Object Repository/IWP30/Page_VRelay30Emulator/Order'

25-09-2024T13:09:27 - [MESSAGE][PASSED] - Text '' is set on object 'Object Repository/IWP30/Page_VRelay30Emulator/Company'

25-09-2024T13:09:28 - [MESSAGE][PASSED] - Text '' is set on object 'Object Repository/IWP30/Page_VRelay30Emulator/Email'

25-09-2024T13:09:29 - [MESSAGE][PASSED] - Text '' is set on object 'Object Repository/IWP30/Page_VRelay30Emulator/UDF1'

25-09-2024T13:09:29 - [MESSAGE][PASSED] - Text '' is set on object 'Object Repository/IWP30/Page_VRelay30Emulator/UDF2'

25-09-2024T13:09:30 - [MESSAGE][PASSED] - Text '' is set on object 'Object Repository/IWP30/Page_VRelay30Emulator/UDF3'

25-09-2024T13:09:30 - [MESSAGE][PASSED] - Text 'udf data 4' is set on object 'Object Repository/IWP30/Page_VRelay30Emulator/UDF4'

25-09-2024T13:09:31 - [MESSAGE][PASSED] - Text 'udf data 5' is set on object 'Object Repository/IWP30/Page_VRelay30Emulator/UDF5'

25-09-2024T13:09:32 - [MESSAGE][PASSED] - Text '' is set on object 'Object Repository/IWP30/Page_VRelay30Emulator/UDF6'

25-09-2024T13:09:32 - [MESSAGE][PASSED] - Text '' is set on object 'Object Repository/IWP30/Page_VRelay30Emulator/UDF7'

25-09-2024T13:09:33 - [MESSAGE][PASSED] - Text '' is set on object 'Object Repository/IWP30/Page_VRelay30Emulator/UDF8'

25-09-2024T13:09:33 - [MESSAGE][PASSED] - Text 'udf data 9' is set on object 'Object Repository/IWP30/Page_VRelay30Emulator/UDF9'

25-09-2024T13:09:34 - [MESSAGE][PASSED] - Text 'udf data 10' is set on object 'Object Repository/IWP30/Page_VRelay30Emulator/UDF10'

25-09-2024T13:09:35 - [MESSAGE][PASSED] - Object: 'Object Repository/IWP30/Page_VRelay30Emulator/Submit' is clicked on

25-09-2024T13:09:40 - [MESSAGE][PASSED] - Browser is closed

25-09-2024T13:09:44 - [MESSAGE][PASSED] - iwpPages.emulatorIWP30.setDataEmulator_DD is PASSED

25-09-2024T13:09:44 - [TEST_STEP][PASSED] - testHarnessURL = urlTestHarness: null

25-09-2024T13:09:44 - [TEST_STEP][PASSED] - openBrowser(testHarnessURL): Browser is opened with url: 'https://dev-algorithm.govolution.com/vrelaytest/QA/version_2_2/vrelaytest.html'

25-09-2024T13:09:44 - [MESSAGE][INFO] - Starting 'Edge Chromium' driver

25-09-2024T13:09:44 - [MESSAGE][INFO] - User set preference: ['acceptInsecureCerts', 'true']

25-09-2024T13:09:46 - [MESSAGE][INFO] - Action delay is set to 0 milliseconds

25-09-2024T13:09:49 - [MESSAGE][PASSED] - Browser is opened with url: 'https://dev-algorithm.govolution.com/vrelaytest/QA/version_2_2/vrelaytest.html'

25-09-2024T13:09:49 - [TEST_STEP][PASSED] - maximizeWindow(): Current window maximized

25-09-2024T13:09:50 - [MESSAGE][PASSED] - Current window maximized

25-09-2024T13:09:50 - [TEST_STEP][PASSED] - iwpPages.TestHarnessPage.setDataMethod(row, dataFile): iwpPages.TestHarnessPage.setDataMethod is PASSED

25-09-2024T13:09:50 - [MESSAGE][PASSED] - Object 'Object Repository/IWP30/Page_QATestHarness/RemittanceID' is present

25-09-2024T13:09:51 - [MESSAGE][PASSED] - Text '638' is set on object 'Object Repository/IWP30/Page_QATestHarness/ApplicationID'

25-09-2024T13:09:51 - [MESSAGE][PASSED] - Text '2.5' is set on object 'Object Repository/IWP30/Page_QATestHarness/MessageVersion'

25-09-2024T13:09:52 - [MESSAGE][PASSED] - Text 'Q3mO9LKuIgNn' is set on object 'Object Repository/IWP30/Page_QATestHarness/RemittanceID'

25-09-2024T13:09:55 - [MESSAGE][PASSED] - Object: 'Object Repository/IWP30/Page_QATestHarness/SubmitButton' is clicked on

25-09-2024T13:09:55 - [MESSAGE][PASSED] - iwpPages.TestHarnessPage.setDataMethod is PASSED

25-09-2024T13:09:55 - [TEST_STEP][PASSED] - click(findTestObject("Object Repository/IWP30/Page_SelectPaymentMethod/PayByPersonalCheck")): Object: 'Object Repository/IWP30/Page_SelectPaymentMethod/PayByPersonalCheck' is clicked on

25-09-2024T13:09:56 - [MESSAGE][PASSED] - Object: 'Object Repository/IWP30/Page_SelectPaymentMethod/PayByPersonalCheck' is clicked on

25-09-2024T13:09:56 - [TEST_STEP][PASSED] - click(findTestObject("Object Repository/IWP30/Page_SelectPaymentMethod/MakePaymentButton")): Object: 'Object Repository/IWP30/Page_SelectPaymentMethod/MakePaymentButton' is clicked on

25-09-2024T13:09:58 - [MESSAGE][PASSED] - Object: 'Object Repository/IWP30/Page_SelectPaymentMethod/MakePaymentButton' is clicked on

25-09-2024T13:09:58 - [TEST_STEP][PASSED] - iwpPages.achPersonalPaymentEntryPage.setDataACHPPM(row, dataFile): iwpPages.achPersonalPaymentEntryPage.setDataACHPPM is PASSED

25-09-2024T13:09:58 - [MESSAGE][PASSED] - Object 'Object Repository/IWP30/Page_ACHPersonalPaymentEntry/txt_accountNumber' is present

25-09-2024T13:09:59 - [MESSAGE][PASSED] - Text '10.50' is set on object 'Object Repository/IWP30/Page_ACHPersonalPaymentEntry/txt_Amount'

25-09-2024T13:09:59 - [MESSAGE][PASSED] - Object 'Object Repository/IWP30/Page_ACHPersonalPaymentEntry/txt_UDF2' is present

25-09-2024T13:10:00 - [MESSAGE][PASSED] - Text 'udf data 2' is set on object 'Object Repository/IWP30/Page_ACHPersonalPaymentEntry/txt_UDF2'

25-09-2024T13:10:00 - [MESSAGE][PASSED] - Text 'udf data 3' is set on object 'Object Repository/IWP30/Page_ACHPersonalPaymentEntry/txt_UDF3'

25-09-2024T13:10:01 - [MESSAGE][PASSED] - All options with label 'Orange' are selected in object 'Object Repository/IWP30/Page_ACHPersonalPaymentEntry/dd_UDF7' 

25-09-2024T13:10:02 - [MESSAGE][PASSED] - All options with label 'Soccer' are selected in object 'Object Repository/IWP30/Page_ACHPersonalPaymentEntry/dd_UDF8' 

25-09-2024T13:10:02 - [MESSAGE][PASSED] - Object 'Object Repository/IWP30/Page_ACHPersonalPaymentEntry/txt_Firstname' is present

25-09-2024T13:10:02 - [MESSAGE][PASSED] - Text 'Elizath' is set on object 'Object Repository/IWP30/Page_ACHPersonalPaymentEntry/txt_Firstname'

25-09-2024T13:10:03 - [MESSAGE][PASSED] - Object 'Object Repository/IWP30/Page_ACHPersonalPaymentEntry/txt_Lastname' is present

25-09-2024T13:10:03 - [MESSAGE][PASSED] - Text 'Christine' is set on object 'Object Repository/IWP30/Page_ACHPersonalPaymentEntry/txt_Lastname'

25-09-2024T13:10:04 - [MESSAGE][PASSED] - Object 'Object Repository/IWP30/Page_ACHPersonalPaymentEntry/txt_routingNumber' is present

25-09-2024T13:10:04 - [MESSAGE][PASSED] - Text '256072691' is set on object 'Object Repository/IWP30/Page_ACHPersonalPaymentEntry/txt_routingNumber'

25-09-2024T13:10:04 - [MESSAGE][PASSED] - Object 'Object Repository/IWP30/Page_ACHPersonalPaymentEntry/txt_accountNumber' is present

25-09-2024T13:10:06 - [MESSAGE][PASSED] - Text '12344444' is set on object 'Object Repository/IWP30/Page_ACHPersonalPaymentEntry/txt_accountNumber'

25-09-2024T13:10:06 - [MESSAGE][PASSED] - Object 'Object Repository/IWP30/Page_ACHPersonalPaymentEntry/txt_confirmAccountNumber' is present

25-09-2024T13:10:07 - [MESSAGE][PASSED] - Text '12344444' is set on object 'Object Repository/IWP30/Page_ACHPersonalPaymentEntry/txt_confirmAccountNumber'

25-09-2024T13:10:07 - [MESSAGE][PASSED] - Object 'Object Repository/IWP30/Page_ACHPersonalPaymentEntry/rd_accountType' is present

25-09-2024T13:10:07 - [MESSAGE][PASSED] - Modify property of object successfully

25-09-2024T13:10:07 - [MESSAGE][PASSED] - Object: 'Object Repository/IWP30/Page_ACHPersonalPaymentEntry/rd_accountType' is clicked on

25-09-2024T13:10:07 - [MESSAGE][PASSED] - Execute JavaScript '
				   document.getElementById('processDate').value = '08/09/2025'
				  ' successfully

25-09-2024T13:10:08 - [MESSAGE][PASSED] - Text '365 Main Avenue' is set on object 'Object Repository/IWP30/Page_ACHPersonalPaymentEntry/txt_AL1'

25-09-2024T13:10:09 - [MESSAGE][PASSED] - Text '22201' is set on object 'Object Repository/IWP30/Page_ACHPersonalPaymentEntry/txt_ZIP'

25-09-2024T13:10:09 - [MESSAGE][PASSED] - Object 'Object Repository/IWP30/Page_ACHPersonalPaymentEntry/txt_Email' is present

25-09-2024T13:10:10 - [MESSAGE][PASSED] - Text 'iahmed@govolution.com' is set on object 'Object Repository/IWP30/Page_ACHPersonalPaymentEntry/txt_Email'

25-09-2024T13:10:10 - [MESSAGE][PASSED] - Object 'Object Repository/IWP30/Page_ACHPersonalPaymentEntry/cb_TermsAndCond' is present

25-09-2024T13:10:11 - [MESSAGE][PASSED] - Object: 'Object Repository/IWP30/Page_ACHPersonalPaymentEntry/cb_TermsAndCond' is clicked on

25-09-2024T13:10:11 - [MESSAGE][PASSED] - Object 'Object Repository/IWP30/Page_ACHPersonalPaymentEntry/btn_Continue' is present

25-09-2024T13:10:13 - [MESSAGE][PASSED] - Object: 'Object Repository/IWP30/Page_ACHPersonalPaymentEntry/btn_Continue' is clicked on

25-09-2024T13:10:13 - [MESSAGE][PASSED] - iwpPages.achPersonalPaymentEntryPage.setDataACHPPM is PASSED

25-09-2024T13:10:13 - [TEST_STEP][PASSED] - click(findTestObject("Object Repository/IWP30/Page_Confirmation/ConfirmButton")): Object: 'Object Repository/IWP30/Page_Confirmation/ConfirmButton' is clicked on

25-09-2024T13:10:14 - [MESSAGE][PASSED] - Object: 'Object Repository/IWP30/Page_Confirmation/ConfirmButton' is clicked on

25-09-2024T13:10:14 - [TEST_STEP][PASSED] - Thread.sleep(2000): null

25-09-2024T13:10:16 - [TEST_STEP][PASSED] - if (verifyTextPresent("Deferred", false)): null

25-09-2024T13:10:17 - [MESSAGE][PASSED] - Text 'Deferred' is present on page 

25-09-2024T13:10:17 - [TEST_STEP][PASSED] - println("Deferred is present on page. Deferred Pay is created"): null

25-09-2024T13:10:17 - [TEST_STEP][PASSED] - click(findTestObject("Object Repository/IWP30/Page_Receipt/ViewScheduledPaymentsButton")): Object: 'Object Repository/IWP30/Page_Receipt/ViewScheduledPaymentsButton' is clicked on

25-09-2024T13:10:17 - [MESSAGE][PASSED] - Object: 'Object Repository/IWP30/Page_Receipt/ViewScheduledPaymentsButton' is clicked on

25-09-2024T13:10:17 - [TEST_STEP][PASSED] - switchToWindowTitle("View Scheduled Payments"): Switched to window with title: 'View Scheduled Payments'

25-09-2024T13:10:17 - [MESSAGE][PASSED] - Switched to window with title: 'View Scheduled Payments'

25-09-2024T13:10:17 - [TEST_STEP][PASSED] - Thread.sleep(5000): null

25-09-2024T13:10:22 - [TEST_STEP][PASSED] - if (verifyTextPresent("View Scheduled Payments", false)): null

25-09-2024T13:10:22 - [MESSAGE][PASSED] - Text 'View Scheduled Payments' is present on page 

25-09-2024T13:10:22 - [TEST_STEP][PASSED] - click(findTestObject("Object Repository/IWP30/Page_ScheduledPayments/edit_payment")): Object: 'Object Repository/IWP30/Page_ScheduledPayments/edit_payment' is clicked on

25-09-2024T13:10:24 - [MESSAGE][PASSED] - Object: 'Object Repository/IWP30/Page_ScheduledPayments/edit_payment' is clicked on

25-09-2024T13:10:24 - [TEST_STEP][PASSED] - iwpPages.editSchedulePayment.setDataSchedPayment(row, dataFile): iwpPages.editSchedulePayment.setDataSchedPayment is PASSED

25-09-2024T13:10:25 - [MESSAGE][PASSED] - Text 'Edit Payment Plan' is present on page 

25-09-2024T13:10:25 - [MESSAGE][PASSED] - All options with label 'Orange' are selected in object 'Object Repository/IWP30/Page_CCPaymentEntry/UserDefined7' 

25-09-2024T13:10:26 - [MESSAGE][PASSED] - All options with label 'Soccer' are selected in object 'Object Repository/IWP30/Page_CCPaymentEntry/UserDefined8' 

25-09-2024T13:10:26 - [MESSAGE][PASSED] - Execute JavaScript '
				   document.getElementById('processDate').value = '08/09/2045'
				  ' successfully

25-09-2024T13:10:26 - [MESSAGE][PASSED] - iwpPages.editSchedulePayment.setDataSchedPayment is PASSED

25-09-2024T13:10:26 - [TEST_STEP][PASSED] - click(findTestObject("Object Repository/Page_EditSchedPayment/chkbox_acceptterms")): Object: 'Object Repository/Page_EditSchedPayment/chkbox_acceptterms' is clicked on

25-09-2024T13:10:26 - [MESSAGE][PASSED] - Object: 'Object Repository/Page_EditSchedPayment/chkbox_acceptterms' is clicked on

25-09-2024T13:10:26 - [TEST_STEP][PASSED] - click(findTestObject("Object Repository/Page_EditSchedPayment/btn_update")): Object: 'Object Repository/Page_EditSchedPayment/btn_update' is clicked on

25-09-2024T13:10:28 - [MESSAGE][PASSED] - Object: 'Object Repository/Page_EditSchedPayment/btn_update' is clicked on

25-09-2024T13:10:28 - [TEST_STEP][PASSED] - if (verifyTextPresent("Successful Payment Plan Update", false)): null

25-09-2024T13:10:29 - [MESSAGE][PASSED] - Text 'Successful Payment Plan Update' is present on page 

25-09-2024T13:10:29 - [TEST_STEP][PASSED] - click(findTestObject("Object Repository/IWP30/Page_SuccesfulUpdate/btn_back")): Object: 'Object Repository/IWP30/Page_SuccesfulUpdate/btn_back' is clicked on

25-09-2024T13:10:29 - [MESSAGE][PASSED] - Object: 'Object Repository/IWP30/Page_SuccesfulUpdate/btn_back' is clicked on

25-09-2024T13:10:29 - [TEST_STEP][PASSED] - click(findTestObject("Object Repository/IWP30/Page_ScheduledPayments/cancel_payment")): Object: 'Object Repository/IWP30/Page_ScheduledPayments/cancel_payment' is clicked on

25-09-2024T13:10:30 - [MESSAGE][PASSED] - Object: 'Object Repository/IWP30/Page_ScheduledPayments/cancel_payment' is clicked on

25-09-2024T13:10:30 - [TEST_STEP][PASSED] - if (verifyTextPresent("Cancel Payment Plan", false)): null

25-09-2024T13:10:31 - [MESSAGE][PASSED] - Text 'Cancel Payment Plan' is present on page 

25-09-2024T13:10:31 - [TEST_STEP][PASSED] - click(findTestObject("Object Repository/IWP30/Page_PaymentPlan/btn_cancel")): Object: 'Object Repository/IWP30/Page_PaymentPlan/btn_cancel' is clicked on

25-09-2024T13:10:31 - [MESSAGE][PASSED] - Object: 'Object Repository/IWP30/Page_PaymentPlan/btn_cancel' is clicked on

25-09-2024T13:10:31 - [TEST_STEP][PASSED] - acceptAlert(): Alert accepted

25-09-2024T13:10:31 - [MESSAGE][PASSED] - Alert accepted

25-09-2024T13:10:31 - [TEST_STEP][PASSED] - if (verifyTextPresent("Your payment plan has been successfully canceled", false)): null

25-09-2024T13:10:33 - [MESSAGE][PASSED] - Text 'Your payment plan has been successfully canceled' is present on page 

25-09-2024T13:10:33 - [TEST_STEP][PASSED] - markPassed("Your payment plan has been successfully created, modified and canceled"): Your payment plan has been successfully created, modified and canceled

25-09-2024T13:10:33 - [MESSAGE][PASSED] - Your payment plan has been successfully created, modified and canceled

25-09-2024T13:10:33 - [TEST_STEP][PASSED] - resText = "Pass": null

25-09-2024T13:10:33 - [TEST_STEP][PASSED] - println(row): null

25-09-2024T13:10:33 - [TEST_STEP][PASSED] - pages.WriteExcel.demoKey(resText, datText, resColumn, datCloumn, fileLoc, nameSheet, row): pages.WriteExcel.demoKey is PASSED

25-09-2024T13:10:33 - [MESSAGE][PASSED] - pages.WriteExcel.demoKey is PASSED

25-09-2024T13:10:33 - [TEST_STEP][PASSED] - closeBrowser(): Browser is closed

25-09-2024T13:10:34 - [MESSAGE][PASSED] - Browser is closed]]></system-out>
         <system-err><![CDATA[]]></system-err>
      </testcase>
      <testcase name="Test Cases/IntegratedWeb/IWP25/Payments/NoModifyAmountCC" time="64.679" classname="Test Cases/IntegratedWeb/IWP25/Payments/NoModifyAmountCC" status="PASSED">
         <system-out><![CDATA[25-09-2024T13:10:34 - [TEST_CASE][PASSED] - Test Cases/IntegratedWeb/IWP25/Payments/NoModifyAmountCC: Test Cases/IntegratedWeb/IWP25/Payments/NoModifyAmountCC

25-09-2024T13:10:34 - [TEST_STEP][PASSED] - resText = "Fail": null

25-09-2024T13:10:34 - [TEST_STEP][PASSED] - resColumn = "Result": null

25-09-2024T13:10:34 - [TEST_STEP][PASSED] - datCloumn = "Date": null

25-09-2024T13:10:34 - [TEST_STEP][PASSED] - fileLoc = "KatalonData/IWPTestData/VRelay25Payments.xlsx": null

25-09-2024T13:10:34 - [TEST_STEP][PASSED] - numOfRows = <not implemented yet for class: org.codehaus.groovy.ast.expr.EmptyExpression>: null

25-09-2024T13:10:34 - [TEST_STEP][PASSED] - dataFile = <not implemented yet for class: org.codehaus.groovy.ast.expr.EmptyExpression>: null

25-09-2024T13:10:34 - [TEST_STEP][PASSED] - nameSheet = <not implemented yet for class: org.codehaus.groovy.ast.expr.EmptyExpression>: null

25-09-2024T13:10:34 - [TEST_STEP][PASSED] - dataFileEmulator = <not implemented yet for class: org.codehaus.groovy.ast.expr.EmptyExpression>: null

25-09-2024T13:10:34 - [TEST_STEP][PASSED] - nameSheet = "NoModifyAmountCC": null

25-09-2024T13:10:34 - [TEST_STEP][PASSED] - dataFile = "IWPTestData/IWP25NoModifyAmountCC": null

25-09-2024T13:10:34 - [TEST_STEP][PASSED] - dataFileEmulator = "IWPTestData/EmulatorData": null

25-09-2024T13:10:34 - [TEST_STEP][PASSED] - numOfRows = findTestData(dataFile).getRowNumbers(): null

25-09-2024T13:10:34 - [TEST_STEP][PASSED] - println("Number of Records: " + numOfRows): null

25-09-2024T13:10:34 - [TEST_STEP][PASSED] - for ([row = 1, row <= numOfRows, (row++)]): Browser is closed

25-09-2024T13:10:34 - [TEST_STEP][PASSED] - ExecuteTC = findTestData(dataFile).getValue("Execute", row): null

25-09-2024T13:10:34 - [TEST_STEP][PASSED] - out.println("Value of Execute is : " + ExecuteTC): null

25-09-2024T13:10:34 - [TEST_STEP][PASSED] - if (ExecuteTC.equalsIgnoreCase("Y")): null

25-09-2024T13:10:34 - [TEST_STEP][PASSED] - out.println("Begin Record Number: " + row): null

25-09-2024T13:10:34 - [TEST_STEP][PASSED] - today = new java.util.Date(): null

25-09-2024T13:10:34 - [TEST_STEP][PASSED] - println(today): null

25-09-2024T13:10:34 - [TEST_STEP][PASSED] - datText = today: null

25-09-2024T13:10:34 - [TEST_STEP][PASSED] - EmulatorDataKey = findTestData(dataFile).getValue("EmulatorData", row): null

25-09-2024T13:10:34 - [TEST_STEP][PASSED] - out.println("Value of Emulator Key is : " + EmulatorDataKey): null

25-09-2024T13:10:34 - [TEST_STEP][PASSED] - iwpPages.emulatorIWP30.setDataEmulator_DD(EmulatorDataKey): iwpPages.emulatorIWP30.setDataEmulator_DD is PASSED

25-09-2024T13:10:35 - [MESSAGE][INFO] - Starting 'Edge Chromium' driver

25-09-2024T13:10:35 - [MESSAGE][INFO] - User set preference: ['acceptInsecureCerts', 'true']

25-09-2024T13:10:37 - [MESSAGE][INFO] - Action delay is set to 0 milliseconds

25-09-2024T13:10:40 - [MESSAGE][PASSED] - Browser is opened with url: 'https://qa.velocitypayment.com/agency/config.do?action=editor&message_version=2_5'

25-09-2024T13:10:40 - [MESSAGE][PASSED] - Current window maximized

25-09-2024T13:10:41 - [MESSAGE][PASSED] - All options with value '2.5' are selected in object 'Object Repository/IWP30/Page_VRelay30Emulator/MV'  using regular expression

25-09-2024T13:10:41 - [MESSAGE][PASSED] - Text '10.50' is set on object 'Object Repository/IWP30/Page_VRelay30Emulator/Amount'

25-09-2024T13:10:42 - [MESSAGE][PASSED] - Text '29GM3pEz5Zax' is set on object 'Object Repository/IWP30/Page_VRelay30Emulator/CAN'

25-09-2024T13:10:43 - [MESSAGE][PASSED] - Text 'PayNow' is set on object 'Object Repository/IWP30/Page_VRelay30Emulator/Action'

25-09-2024T13:10:43 - [MESSAGE][PASSED] - Text 'en_US' is set on object 'Object Repository/IWP30/Page_VRelay30Emulator/Lang'

25-09-2024T13:10:44 - [MESSAGE][PASSED] - Text 'Jasmine' is set on object 'Object Repository/IWP30/Page_VRelay30Emulator/Fname'

25-09-2024T13:10:44 - [MESSAGE][PASSED] - Text 'Patrinol' is set on object 'Object Repository/IWP30/Page_VRelay30Emulator/Lname'

25-09-2024T13:10:45 - [MESSAGE][PASSED] - Text '258 Underwood rd' is set on object 'Object Repository/IWP30/Page_VRelay30Emulator/AL1'

25-09-2024T13:10:46 - [MESSAGE][PASSED] - Text 'Suite 600' is set on object 'Object Repository/IWP30/Page_VRelay30Emulator/AL2'

25-09-2024T13:10:46 - [MESSAGE][PASSED] - Text '840' is set on object 'Object Repository/IWP30/Page_VRelay30Emulator/Country'

25-09-2024T13:10:47 - [MESSAGE][PASSED] - Text 'Arlington' is set on object 'Object Repository/IWP30/Page_VRelay30Emulator/City'

25-09-2024T13:10:47 - [MESSAGE][PASSED] - Text 'VA' is set on object 'Object Repository/IWP30/Page_VRelay30Emulator/State'

25-09-2024T13:10:48 - [MESSAGE][PASSED] - Text '22201' is set on object 'Object Repository/IWP30/Page_VRelay30Emulator/ZIP'

25-09-2024T13:10:49 - [MESSAGE][PASSED] - Text '' is set on object 'Object Repository/IWP30/Page_VRelay30Emulator/Order'

25-09-2024T13:10:49 - [MESSAGE][PASSED] - Text 'Some Company' is set on object 'Object Repository/IWP30/Page_VRelay30Emulator/Company'

25-09-2024T13:10:50 - [MESSAGE][PASSED] - Text 'iahmed@govolution.com' is set on object 'Object Repository/IWP30/Page_VRelay30Emulator/Email'

25-09-2024T13:10:50 - [MESSAGE][PASSED] - Text 'udf data 1' is set on object 'Object Repository/IWP30/Page_VRelay30Emulator/UDF1'

25-09-2024T13:10:51 - [MESSAGE][PASSED] - Text 'udf data 2' is set on object 'Object Repository/IWP30/Page_VRelay30Emulator/UDF2'

25-09-2024T13:10:52 - [MESSAGE][PASSED] - Text 'udf data 3' is set on object 'Object Repository/IWP30/Page_VRelay30Emulator/UDF3'

25-09-2024T13:10:52 - [MESSAGE][PASSED] - Text 'udf data 4' is set on object 'Object Repository/IWP30/Page_VRelay30Emulator/UDF4'

25-09-2024T13:10:53 - [MESSAGE][PASSED] - Text 'udf data 5' is set on object 'Object Repository/IWP30/Page_VRelay30Emulator/UDF5'

25-09-2024T13:10:53 - [MESSAGE][PASSED] - Text 'udf data 6' is set on object 'Object Repository/IWP30/Page_VRelay30Emulator/UDF6'

25-09-2024T13:10:54 - [MESSAGE][PASSED] - Text 'Orange' is set on object 'Object Repository/IWP30/Page_VRelay30Emulator/UDF7'

25-09-2024T13:10:55 - [MESSAGE][PASSED] - Text 'Soccer' is set on object 'Object Repository/IWP30/Page_VRelay30Emulator/UDF8'

25-09-2024T13:10:55 - [MESSAGE][PASSED] - Text 'udf data 9' is set on object 'Object Repository/IWP30/Page_VRelay30Emulator/UDF9'

25-09-2024T13:10:56 - [MESSAGE][PASSED] - Text 'udf data 10' is set on object 'Object Repository/IWP30/Page_VRelay30Emulator/UDF10'

25-09-2024T13:10:57 - [MESSAGE][PASSED] - Object: 'Object Repository/IWP30/Page_VRelay30Emulator/Submit' is clicked on

25-09-2024T13:11:01 - [MESSAGE][PASSED] - Browser is closed

25-09-2024T13:11:05 - [MESSAGE][PASSED] - iwpPages.emulatorIWP30.setDataEmulator_DD is PASSED

25-09-2024T13:11:05 - [TEST_STEP][PASSED] - testHarnessURL = urlTestHarness: null

25-09-2024T13:11:05 - [TEST_STEP][PASSED] - openBrowser(testHarnessURL): Browser is opened with url: 'https://dev-algorithm.govolution.com/vrelaytest/QA/version_2_2/vrelaytest.html'

25-09-2024T13:11:05 - [MESSAGE][INFO] - Starting 'Edge Chromium' driver

25-09-2024T13:11:05 - [MESSAGE][INFO] - User set preference: ['acceptInsecureCerts', 'true']

25-09-2024T13:11:07 - [MESSAGE][INFO] - Action delay is set to 0 milliseconds

25-09-2024T13:11:11 - [MESSAGE][PASSED] - Browser is opened with url: 'https://dev-algorithm.govolution.com/vrelaytest/QA/version_2_2/vrelaytest.html'

25-09-2024T13:11:11 - [TEST_STEP][PASSED] - maximizeWindow(): Current window maximized

25-09-2024T13:11:11 - [MESSAGE][PASSED] - Current window maximized

25-09-2024T13:11:11 - [TEST_STEP][PASSED] - iwpPages.TestHarnessPage.setDataMethod(row, dataFile): iwpPages.TestHarnessPage.setDataMethod is PASSED

25-09-2024T13:11:12 - [MESSAGE][PASSED] - Object 'Object Repository/IWP30/Page_QATestHarness/RemittanceID' is present

25-09-2024T13:11:12 - [MESSAGE][PASSED] - Text '654' is set on object 'Object Repository/IWP30/Page_QATestHarness/ApplicationID'

25-09-2024T13:11:13 - [MESSAGE][PASSED] - Text '2.5' is set on object 'Object Repository/IWP30/Page_QATestHarness/MessageVersion'

25-09-2024T13:11:13 - [MESSAGE][PASSED] - Text 'OeZ3Zhvd1xLi' is set on object 'Object Repository/IWP30/Page_QATestHarness/RemittanceID'

25-09-2024T13:11:16 - [MESSAGE][PASSED] - Object: 'Object Repository/IWP30/Page_QATestHarness/SubmitButton' is clicked on

25-09-2024T13:11:16 - [MESSAGE][PASSED] - iwpPages.TestHarnessPage.setDataMethod is PASSED

25-09-2024T13:11:16 - [TEST_STEP][PASSED] - click(findTestObject("Object Repository/IWP30/Page_SelectPaymentMethod/PayByCreditCard")): Object: 'Object Repository/IWP30/Page_SelectPaymentMethod/PayByCreditCard' is clicked on

25-09-2024T13:11:17 - [MESSAGE][PASSED] - Object: 'Object Repository/IWP30/Page_SelectPaymentMethod/PayByCreditCard' is clicked on

25-09-2024T13:11:17 - [TEST_STEP][PASSED] - click(findTestObject("Object Repository/IWP30/Page_SelectPaymentMethod/MakePaymentButton")): Object: 'Object Repository/IWP30/Page_SelectPaymentMethod/MakePaymentButton' is clicked on

25-09-2024T13:11:18 - [MESSAGE][PASSED] - Object: 'Object Repository/IWP30/Page_SelectPaymentMethod/MakePaymentButton' is clicked on

25-09-2024T13:11:18 - [TEST_STEP][PASSED] - if (verifyElementNotPresent(findTestObject("Object Repository/IWP30/Page_CCPaymentEntry/Amount"), 30) && verifyTextPresent("$10.50", false)): null

25-09-2024T13:11:19 - [MESSAGE][PASSED] - Web element with id: 'Object Repository/IWP30/Page_CCPaymentEntry/Amount' located by 'By.xpath: //*[@type = 'text' and @name = 'amount' and @alt = 'Amount']' is not present after '30' second(s)

25-09-2024T13:11:19 - [MESSAGE][PASSED] - Text '$10.50' is present on page 

25-09-2024T13:11:19 - [TEST_STEP][PASSED] - iwpPages.ccPaymentEntryPage.setDataCCPM(row, dataFile): iwpPages.ccPaymentEntryPage.setDataCCPM is PASSED

25-09-2024T13:11:20 - [MESSAGE][PASSED] - Object 'Object Repository/IWP30/Page_CCPaymentEntry/Name' is present

25-09-2024T13:11:20 - [MESSAGE][PASSED] - Object 'Object Repository/IWP30/Page_CCPaymentEntry/Name' is present

25-09-2024T13:11:21 - [MESSAGE][PASSED] - Object 'Object Repository/IWP30/Page_CCPaymentEntry/CardNumber' is present

25-09-2024T13:11:21 - [MESSAGE][PASSED] - Text '5146312200000035' is set on object 'Object Repository/IWP30/Page_CCPaymentEntry/CardNumber'

25-09-2024T13:11:21 - [MESSAGE][PASSED] - Object 'Object Repository/IWP30/Page_CCPaymentEntry/Month' is present

25-09-2024T13:11:22 - [MESSAGE][PASSED] - All options with label '09' are selected in object 'Object Repository/IWP30/Page_CCPaymentEntry/Month' 

25-09-2024T13:11:22 - [MESSAGE][PASSED] - Object 'Object Repository/IWP30/Page_CCPaymentEntry/Year' is present

25-09-2024T13:11:23 - [MESSAGE][PASSED] - All options with label '2028' are selected in object 'Object Repository/IWP30/Page_CCPaymentEntry/Year' 

25-09-2024T13:11:23 - [MESSAGE][PASSED] - Object 'Object Repository/IWP30/Page_CCPaymentEntry/EmailAddress' is present

25-09-2024T13:11:23 - [MESSAGE][PASSED] - Object 'Object Repository/IWP30/Page_CCPaymentEntry/TermCondCheckBox' is present

25-09-2024T13:11:24 - [MESSAGE][PASSED] - Object 'Object Repository/IWP30/Page_CCPaymentEntry/TermCondCheckBox' is checked

25-09-2024T13:11:24 - [MESSAGE][PASSED] - Object 'Object Repository/IWP30/Page_CCPaymentEntry/ContinueButton' is present

25-09-2024T13:11:26 - [MESSAGE][PASSED] - Object: 'Object Repository/IWP30/Page_CCPaymentEntry/ContinueButton' is clicked on

25-09-2024T13:11:26 - [MESSAGE][PASSED] - iwpPages.ccPaymentEntryPage.setDataCCPM is PASSED

25-09-2024T13:11:26 - [TEST_STEP][PASSED] - click(findTestObject("Object Repository/IWP30/Page_Confirmation/ConfirmButton")): Object: 'Object Repository/IWP30/Page_Confirmation/ConfirmButton' is clicked on

25-09-2024T13:11:27 - [MESSAGE][PASSED] - Object: 'Object Repository/IWP30/Page_Confirmation/ConfirmButton' is clicked on

25-09-2024T13:11:27 - [TEST_STEP][PASSED] - Thread.sleep(10000): null

25-09-2024T13:11:37 - [TEST_STEP][PASSED] - if (verifyTextPresent("Successful Payment Receipt", false)): null

25-09-2024T13:11:38 - [MESSAGE][PASSED] - Text 'Successful Payment Receipt' is present on page 

25-09-2024T13:11:38 - [TEST_STEP][PASSED] - println("Successful Payment Receipt text is present on the Receipt page"): null

25-09-2024T13:11:38 - [TEST_STEP][PASSED] - markPassed("Successful Payment Receipt text is present on the Receipt page"): Successful Payment Receipt text is present on the Receipt page

25-09-2024T13:11:38 - [MESSAGE][PASSED] - Successful Payment Receipt text is present on the Receipt page

25-09-2024T13:11:38 - [TEST_STEP][PASSED] - resText = "Pass": null

25-09-2024T13:11:38 - [TEST_STEP][PASSED] - pages.WriteExcel.demoKey(resText, datText, resColumn, datCloumn, fileLoc, nameSheet, row): pages.WriteExcel.demoKey is PASSED

25-09-2024T13:11:38 - [MESSAGE][PASSED] - pages.WriteExcel.demoKey is PASSED

25-09-2024T13:11:38 - [TEST_STEP][PASSED] - closeBrowser(): Browser is closed

25-09-2024T13:11:38 - [MESSAGE][PASSED] - Browser is closed]]></system-out>
         <system-err><![CDATA[]]></system-err>
      </testcase>
      <testcase name="Test Cases/IntegratedWeb/IWP25/Payments/NoModifyAmountCorp" time="66.237" classname="Test Cases/IntegratedWeb/IWP25/Payments/NoModifyAmountCorp" status="PASSED">
         <system-out><![CDATA[25-09-2024T13:11:38 - [TEST_CASE][PASSED] - Test Cases/IntegratedWeb/IWP25/Payments/NoModifyAmountCorp: Test Cases/IntegratedWeb/IWP25/Payments/NoModifyAmountCorp

25-09-2024T13:11:39 - [TEST_STEP][PASSED] - resText = "Fail": null

25-09-2024T13:11:39 - [TEST_STEP][PASSED] - resColumn = "Result": null

25-09-2024T13:11:39 - [TEST_STEP][PASSED] - datCloumn = "Date": null

25-09-2024T13:11:39 - [TEST_STEP][PASSED] - fileLoc = "KatalonData/IWPTestData/VRelay25Payments.xlsx": null

25-09-2024T13:11:39 - [TEST_STEP][PASSED] - numOfRows = <not implemented yet for class: org.codehaus.groovy.ast.expr.EmptyExpression>: null

25-09-2024T13:11:39 - [TEST_STEP][PASSED] - dataFile = <not implemented yet for class: org.codehaus.groovy.ast.expr.EmptyExpression>: null

25-09-2024T13:11:39 - [TEST_STEP][PASSED] - nameSheet = <not implemented yet for class: org.codehaus.groovy.ast.expr.EmptyExpression>: null

25-09-2024T13:11:39 - [TEST_STEP][PASSED] - dataFileEmulator = <not implemented yet for class: org.codehaus.groovy.ast.expr.EmptyExpression>: null

25-09-2024T13:11:39 - [TEST_STEP][PASSED] - nameSheet = "NoModifyAmountCorp": null

25-09-2024T13:11:39 - [TEST_STEP][PASSED] - dataFile = "IWPTestData/IWP25NoModifyAmountCorp": null

25-09-2024T13:11:39 - [TEST_STEP][PASSED] - dataFileEmulator = "IWPTestData/EmulatorData": null

25-09-2024T13:11:39 - [TEST_STEP][PASSED] - numOfRows = findTestData(dataFile).getRowNumbers(): null

25-09-2024T13:11:39 - [TEST_STEP][PASSED] - println("Number of Records: " + numOfRows): null

25-09-2024T13:11:39 - [TEST_STEP][PASSED] - for ([row = 1, row <= numOfRows, (row++)]): Browser is closed

25-09-2024T13:11:39 - [TEST_STEP][PASSED] - ExecuteTC = findTestData(dataFile).getValue("Execute", row): null

25-09-2024T13:11:39 - [TEST_STEP][PASSED] - out.println("Value of Execute is : " + ExecuteTC): null

25-09-2024T13:11:39 - [TEST_STEP][PASSED] - if (ExecuteTC.equalsIgnoreCase("Y")): null

25-09-2024T13:11:39 - [TEST_STEP][PASSED] - out.println("Begin Record Number: " + row): null

25-09-2024T13:11:39 - [TEST_STEP][PASSED] - today = new java.util.Date(): null

25-09-2024T13:11:39 - [TEST_STEP][PASSED] - println(today): null

25-09-2024T13:11:39 - [TEST_STEP][PASSED] - datText = today: null

25-09-2024T13:11:39 - [TEST_STEP][PASSED] - EmulatorDataKey = findTestData(dataFile).getValue("EmulatorData", row): null

25-09-2024T13:11:39 - [TEST_STEP][PASSED] - out.println("Value of Emulator Key is : " + EmulatorDataKey): null

25-09-2024T13:11:39 - [TEST_STEP][PASSED] - iwpPages.emulatorIWP30.setDataEmulator_DD(EmulatorDataKey): iwpPages.emulatorIWP30.setDataEmulator_DD is PASSED

25-09-2024T13:11:39 - [MESSAGE][INFO] - Starting 'Edge Chromium' driver

25-09-2024T13:11:39 - [MESSAGE][INFO] - User set preference: ['acceptInsecureCerts', 'true']

25-09-2024T13:11:41 - [MESSAGE][INFO] - Action delay is set to 0 milliseconds

25-09-2024T13:11:45 - [MESSAGE][PASSED] - Browser is opened with url: 'https://qa.velocitypayment.com/agency/config.do?action=editor&message_version=2_5'

25-09-2024T13:11:45 - [MESSAGE][PASSED] - Current window maximized

25-09-2024T13:11:46 - [MESSAGE][PASSED] - All options with value '2.5' are selected in object 'Object Repository/IWP30/Page_VRelay30Emulator/MV'  using regular expression

25-09-2024T13:11:47 - [MESSAGE][PASSED] - Text '10.50' is set on object 'Object Repository/IWP30/Page_VRelay30Emulator/Amount'

25-09-2024T13:11:47 - [MESSAGE][PASSED] - Text 'tJkwnLCotD4a' is set on object 'Object Repository/IWP30/Page_VRelay30Emulator/CAN'

25-09-2024T13:11:48 - [MESSAGE][PASSED] - Text 'PayNow' is set on object 'Object Repository/IWP30/Page_VRelay30Emulator/Action'

25-09-2024T13:11:48 - [MESSAGE][PASSED] - Text 'en_US' is set on object 'Object Repository/IWP30/Page_VRelay30Emulator/Lang'

25-09-2024T13:11:49 - [MESSAGE][PASSED] - Text 'Jasmine' is set on object 'Object Repository/IWP30/Page_VRelay30Emulator/Fname'

25-09-2024T13:11:50 - [MESSAGE][PASSED] - Text 'Patrinol' is set on object 'Object Repository/IWP30/Page_VRelay30Emulator/Lname'

25-09-2024T13:11:50 - [MESSAGE][PASSED] - Text '258 Underwood rd' is set on object 'Object Repository/IWP30/Page_VRelay30Emulator/AL1'

25-09-2024T13:11:51 - [MESSAGE][PASSED] - Text 'Suite 600' is set on object 'Object Repository/IWP30/Page_VRelay30Emulator/AL2'

25-09-2024T13:11:51 - [MESSAGE][PASSED] - Text '840' is set on object 'Object Repository/IWP30/Page_VRelay30Emulator/Country'

25-09-2024T13:11:52 - [MESSAGE][PASSED] - Text 'Arlington' is set on object 'Object Repository/IWP30/Page_VRelay30Emulator/City'

25-09-2024T13:11:53 - [MESSAGE][PASSED] - Text 'VA' is set on object 'Object Repository/IWP30/Page_VRelay30Emulator/State'

25-09-2024T13:11:53 - [MESSAGE][PASSED] - Text '22201' is set on object 'Object Repository/IWP30/Page_VRelay30Emulator/ZIP'

25-09-2024T13:11:54 - [MESSAGE][PASSED] - Text '' is set on object 'Object Repository/IWP30/Page_VRelay30Emulator/Order'

25-09-2024T13:11:54 - [MESSAGE][PASSED] - Text 'Some Company' is set on object 'Object Repository/IWP30/Page_VRelay30Emulator/Company'

25-09-2024T13:11:55 - [MESSAGE][PASSED] - Text 'iahmed@govolution.com' is set on object 'Object Repository/IWP30/Page_VRelay30Emulator/Email'

25-09-2024T13:11:56 - [MESSAGE][PASSED] - Text 'udf data 1' is set on object 'Object Repository/IWP30/Page_VRelay30Emulator/UDF1'

25-09-2024T13:11:56 - [MESSAGE][PASSED] - Text 'udf data 2' is set on object 'Object Repository/IWP30/Page_VRelay30Emulator/UDF2'

25-09-2024T13:11:57 - [MESSAGE][PASSED] - Text 'udf data 3' is set on object 'Object Repository/IWP30/Page_VRelay30Emulator/UDF3'

25-09-2024T13:11:57 - [MESSAGE][PASSED] - Text 'udf data 4' is set on object 'Object Repository/IWP30/Page_VRelay30Emulator/UDF4'

25-09-2024T13:11:58 - [MESSAGE][PASSED] - Text 'udf data 5' is set on object 'Object Repository/IWP30/Page_VRelay30Emulator/UDF5'

25-09-2024T13:11:59 - [MESSAGE][PASSED] - Text 'udf data 6' is set on object 'Object Repository/IWP30/Page_VRelay30Emulator/UDF6'

25-09-2024T13:11:59 - [MESSAGE][PASSED] - Text 'Orange' is set on object 'Object Repository/IWP30/Page_VRelay30Emulator/UDF7'

25-09-2024T13:12:00 - [MESSAGE][PASSED] - Text 'Soccer' is set on object 'Object Repository/IWP30/Page_VRelay30Emulator/UDF8'

25-09-2024T13:12:00 - [MESSAGE][PASSED] - Text 'udf data 9' is set on object 'Object Repository/IWP30/Page_VRelay30Emulator/UDF9'

25-09-2024T13:12:01 - [MESSAGE][PASSED] - Text 'udf data 10' is set on object 'Object Repository/IWP30/Page_VRelay30Emulator/UDF10'

25-09-2024T13:12:02 - [MESSAGE][PASSED] - Object: 'Object Repository/IWP30/Page_VRelay30Emulator/Submit' is clicked on

25-09-2024T13:12:07 - [MESSAGE][PASSED] - Browser is closed

25-09-2024T13:12:11 - [MESSAGE][PASSED] - iwpPages.emulatorIWP30.setDataEmulator_DD is PASSED

25-09-2024T13:12:11 - [TEST_STEP][PASSED] - testHarnessURL = urlTestHarness: null

25-09-2024T13:12:11 - [TEST_STEP][PASSED] - openBrowser(testHarnessURL): Browser is opened with url: 'https://dev-algorithm.govolution.com/vrelaytest/QA/version_2_2/vrelaytest.html'

25-09-2024T13:12:11 - [MESSAGE][INFO] - Starting 'Edge Chromium' driver

25-09-2024T13:12:11 - [MESSAGE][INFO] - User set preference: ['acceptInsecureCerts', 'true']

25-09-2024T13:12:13 - [MESSAGE][INFO] - Action delay is set to 0 milliseconds

25-09-2024T13:12:16 - [MESSAGE][PASSED] - Browser is opened with url: 'https://dev-algorithm.govolution.com/vrelaytest/QA/version_2_2/vrelaytest.html'

25-09-2024T13:12:16 - [TEST_STEP][PASSED] - maximizeWindow(): Current window maximized

25-09-2024T13:12:16 - [MESSAGE][PASSED] - Current window maximized

25-09-2024T13:12:16 - [TEST_STEP][PASSED] - iwpPages.TestHarnessPage.setDataMethod(row, dataFile): iwpPages.TestHarnessPage.setDataMethod is PASSED

25-09-2024T13:12:17 - [MESSAGE][PASSED] - Object 'Object Repository/IWP30/Page_QATestHarness/RemittanceID' is present

25-09-2024T13:12:17 - [MESSAGE][PASSED] - Text '654' is set on object 'Object Repository/IWP30/Page_QATestHarness/ApplicationID'

25-09-2024T13:12:18 - [MESSAGE][PASSED] - Text '2.5' is set on object 'Object Repository/IWP30/Page_QATestHarness/MessageVersion'

25-09-2024T13:12:19 - [MESSAGE][PASSED] - Text 'WpzNLK0ot1lC' is set on object 'Object Repository/IWP30/Page_QATestHarness/RemittanceID'

25-09-2024T13:12:22 - [MESSAGE][PASSED] - Object: 'Object Repository/IWP30/Page_QATestHarness/SubmitButton' is clicked on

25-09-2024T13:12:22 - [MESSAGE][PASSED] - iwpPages.TestHarnessPage.setDataMethod is PASSED

25-09-2024T13:12:22 - [TEST_STEP][PASSED] - click(findTestObject("Object Repository/IWP30/Page_SelectPaymentMethod/PayByCorporateCheck")): Object: 'Object Repository/IWP30/Page_SelectPaymentMethod/PayByCorporateCheck' is clicked on

25-09-2024T13:12:22 - [MESSAGE][PASSED] - Object: 'Object Repository/IWP30/Page_SelectPaymentMethod/PayByCorporateCheck' is clicked on

25-09-2024T13:12:22 - [TEST_STEP][PASSED] - click(findTestObject("Object Repository/IWP30/Page_SelectPaymentMethod/MakePaymentButton")): Object: 'Object Repository/IWP30/Page_SelectPaymentMethod/MakePaymentButton' is clicked on

25-09-2024T13:12:24 - [MESSAGE][PASSED] - Object: 'Object Repository/IWP30/Page_SelectPaymentMethod/MakePaymentButton' is clicked on

25-09-2024T13:12:24 - [TEST_STEP][PASSED] - if (verifyElementNotPresent(findTestObject("Object Repository/IWP30/Page_ACHCorporatePaymentEntry/txt_Amount"), 30) && verifyTextPresent("$ 10.50", false)): null

25-09-2024T13:12:24 - [MESSAGE][PASSED] - Web element with id: 'Object Repository/IWP30/Page_ACHCorporatePaymentEntry/txt_Amount' located by 'By.xpath: //*[@type = 'text' and @name = 'amount' and @alt = 'Amount']' is not present after '30' second(s)

25-09-2024T13:12:25 - [MESSAGE][PASSED] - Text '$ 10.50' is present on page 

25-09-2024T13:12:25 - [TEST_STEP][PASSED] - iwpPages.achCorporatePaymentEntryPage.setDataCorporate(row, dataFile): iwpPages.achCorporatePaymentEntryPage.setDataCorporate is PASSED

25-09-2024T13:12:26 - [MESSAGE][PASSED] - Object 'Object Repository/IWP30/Page_ACHCorporatePaymentEntry/txt_accountNumber' is present

25-09-2024T13:12:26 - [MESSAGE][PASSED] - Object 'Object Repository/IWP30/Page_ACHCorporatePaymentEntry/input_CompanyName' is present

25-09-2024T13:12:26 - [MESSAGE][PASSED] - Object 'Object Repository/IWP30/Page_ACHCorporatePaymentEntry/input_EIN' is present

25-09-2024T13:12:27 - [MESSAGE][PASSED] - Text '123456789' is set on object 'Object Repository/IWP30/Page_ACHCorporatePaymentEntry/input_EIN'

25-09-2024T13:12:27 - [MESSAGE][PASSED] - Object 'Object Repository/IWP30/Page_ACHCorporatePaymentEntry/txt_routingNumber' is present

25-09-2024T13:12:28 - [MESSAGE][PASSED] - Text '256072691' is set on object 'Object Repository/IWP30/Page_ACHCorporatePaymentEntry/txt_routingNumber'

25-09-2024T13:12:28 - [MESSAGE][PASSED] - Object 'Object Repository/IWP30/Page_ACHCorporatePaymentEntry/txt_accountNumber' is present

25-09-2024T13:12:29 - [MESSAGE][PASSED] - Text '12344444' is set on object 'Object Repository/IWP30/Page_ACHCorporatePaymentEntry/txt_accountNumber'

25-09-2024T13:12:30 - [MESSAGE][PASSED] - Object 'Object Repository/IWP30/Page_ACHCorporatePaymentEntry/txt_confirmAccountNumber' is present

25-09-2024T13:12:30 - [MESSAGE][PASSED] - Text '12344444' is set on object 'Object Repository/IWP30/Page_ACHCorporatePaymentEntry/txt_confirmAccountNumber'

25-09-2024T13:12:31 - [MESSAGE][PASSED] - Object 'Object Repository/IWP30/Page_ACHCorporatePaymentEntry/txt_Email' is present

25-09-2024T13:12:31 - [MESSAGE][PASSED] - Object 'Object Repository/IWP30/Page_ACHCorporatePaymentEntry/cb_TermsAndCond' is present

25-09-2024T13:12:31 - [MESSAGE][PASSED] - Object: 'Object Repository/IWP30/Page_ACHCorporatePaymentEntry/cb_TermsAndCond' is clicked on

25-09-2024T13:12:31 - [MESSAGE][PASSED] - Object 'Object Repository/IWP30/Page_ACHCorporatePaymentEntry/btn_Continue' is present

25-09-2024T13:12:33 - [MESSAGE][PASSED] - Object: 'Object Repository/IWP30/Page_ACHCorporatePaymentEntry/btn_Continue' is clicked on

25-09-2024T13:12:33 - [MESSAGE][PASSED] - iwpPages.achCorporatePaymentEntryPage.setDataCorporate is PASSED

25-09-2024T13:12:33 - [TEST_STEP][PASSED] - click(findTestObject("Object Repository/IWP30/Page_Confirmation/ConfirmButton")): Object: 'Object Repository/IWP30/Page_Confirmation/ConfirmButton' is clicked on

25-09-2024T13:12:34 - [MESSAGE][PASSED] - Object: 'Object Repository/IWP30/Page_Confirmation/ConfirmButton' is clicked on

25-09-2024T13:12:34 - [TEST_STEP][PASSED] - Thread.sleep(10000): null

25-09-2024T13:12:44 - [TEST_STEP][PASSED] - if (verifyTextPresent("Successful Payment Receipt", false)): null

25-09-2024T13:12:44 - [MESSAGE][PASSED] - Text 'Successful Payment Receipt' is present on page 

25-09-2024T13:12:44 - [TEST_STEP][PASSED] - println("Successful Payment Receipt text is present on the Receipt page"): null

25-09-2024T13:12:44 - [TEST_STEP][PASSED] - markPassed("Successful Payment Receipt text is present on the Receipt page"): Successful Payment Receipt text is present on the Receipt page

25-09-2024T13:12:44 - [MESSAGE][PASSED] - Successful Payment Receipt text is present on the Receipt page

25-09-2024T13:12:44 - [TEST_STEP][PASSED] - resText = "Pass": null

25-09-2024T13:12:44 - [TEST_STEP][PASSED] - pages.WriteExcel.demoKey(resText, datText, resColumn, datCloumn, fileLoc, nameSheet, row): pages.WriteExcel.demoKey is PASSED

25-09-2024T13:12:44 - [MESSAGE][PASSED] - pages.WriteExcel.demoKey is PASSED

25-09-2024T13:12:44 - [TEST_STEP][PASSED] - closeBrowser(): Browser is closed

25-09-2024T13:12:45 - [MESSAGE][PASSED] - Browser is closed]]></system-out>
         <system-err><![CDATA[]]></system-err>
      </testcase>
      <testcase name="Test Cases/IntegratedWeb/IWP25/Payments/NoModifyAmountPC" time="67.248" classname="Test Cases/IntegratedWeb/IWP25/Payments/NoModifyAmountPC" status="PASSED">
         <system-out><![CDATA[25-09-2024T13:12:45 - [TEST_CASE][PASSED] - Test Cases/IntegratedWeb/IWP25/Payments/NoModifyAmountPC: Test Cases/IntegratedWeb/IWP25/Payments/NoModifyAmountPC

25-09-2024T13:12:45 - [TEST_STEP][PASSED] - resText = "Fail": null

25-09-2024T13:12:45 - [TEST_STEP][PASSED] - resColumn = "Result": null

25-09-2024T13:12:45 - [TEST_STEP][PASSED] - datCloumn = "Date": null

25-09-2024T13:12:45 - [TEST_STEP][PASSED] - fileLoc = "KatalonData/IWPTestData/VRelay25Payments.xlsx": null

25-09-2024T13:12:45 - [TEST_STEP][PASSED] - numOfRows = <not implemented yet for class: org.codehaus.groovy.ast.expr.EmptyExpression>: null

25-09-2024T13:12:45 - [TEST_STEP][PASSED] - dataFile = <not implemented yet for class: org.codehaus.groovy.ast.expr.EmptyExpression>: null

25-09-2024T13:12:45 - [TEST_STEP][PASSED] - nameSheet = <not implemented yet for class: org.codehaus.groovy.ast.expr.EmptyExpression>: null

25-09-2024T13:12:45 - [TEST_STEP][PASSED] - dataFileEmulator = <not implemented yet for class: org.codehaus.groovy.ast.expr.EmptyExpression>: null

25-09-2024T13:12:45 - [TEST_STEP][PASSED] - nameSheet = "NoModifyAmountPC": null

25-09-2024T13:12:45 - [TEST_STEP][PASSED] - dataFile = "IWPTestData/IWP25NoModifyAmountPC": null

25-09-2024T13:12:45 - [TEST_STEP][PASSED] - dataFileEmulator = "IWPTestData/EmulatorData": null

25-09-2024T13:12:45 - [TEST_STEP][PASSED] - numOfRows = findTestData(dataFile).getRowNumbers(): null

25-09-2024T13:12:45 - [TEST_STEP][PASSED] - println("Number of Records: " + numOfRows): null

25-09-2024T13:12:45 - [TEST_STEP][PASSED] - for ([row = 1, row <= numOfRows, (row++)]): Browser is closed

25-09-2024T13:12:45 - [TEST_STEP][PASSED] - ExecuteTC = findTestData(dataFile).getValue("Execute", row): null

25-09-2024T13:12:45 - [TEST_STEP][PASSED] - out.println("Value of Execute is : " + ExecuteTC): null

25-09-2024T13:12:45 - [TEST_STEP][PASSED] - if (ExecuteTC.equalsIgnoreCase("Y")): null

25-09-2024T13:12:45 - [TEST_STEP][PASSED] - out.println("Begin Record Number: " + row): null

25-09-2024T13:12:45 - [TEST_STEP][PASSED] - today = new java.util.Date(): null

25-09-2024T13:12:45 - [TEST_STEP][PASSED] - println(today): null

25-09-2024T13:12:45 - [TEST_STEP][PASSED] - datText = today: null

25-09-2024T13:12:45 - [TEST_STEP][PASSED] - EmulatorDataKey = findTestData(dataFile).getValue("EmulatorData", row): null

25-09-2024T13:12:45 - [TEST_STEP][PASSED] - out.println("Value of Emulator Key is : " + EmulatorDataKey): null

25-09-2024T13:12:45 - [TEST_STEP][PASSED] - iwpPages.emulatorIWP30.setDataEmulator_DD(EmulatorDataKey): iwpPages.emulatorIWP30.setDataEmulator_DD is PASSED

25-09-2024T13:12:45 - [MESSAGE][INFO] - Starting 'Edge Chromium' driver

25-09-2024T13:12:45 - [MESSAGE][INFO] - User set preference: ['acceptInsecureCerts', 'true']

25-09-2024T13:12:48 - [MESSAGE][INFO] - Action delay is set to 0 milliseconds

25-09-2024T13:12:51 - [MESSAGE][PASSED] - Browser is opened with url: 'https://qa.velocitypayment.com/agency/config.do?action=editor&message_version=2_5'

25-09-2024T13:12:51 - [MESSAGE][PASSED] - Current window maximized

25-09-2024T13:12:52 - [MESSAGE][PASSED] - All options with value '2.5' are selected in object 'Object Repository/IWP30/Page_VRelay30Emulator/MV'  using regular expression

25-09-2024T13:12:52 - [MESSAGE][PASSED] - Text '10.50' is set on object 'Object Repository/IWP30/Page_VRelay30Emulator/Amount'

25-09-2024T13:12:53 - [MESSAGE][PASSED] - Text '0xvzLUPtfZhR' is set on object 'Object Repository/IWP30/Page_VRelay30Emulator/CAN'

25-09-2024T13:12:54 - [MESSAGE][PASSED] - Text 'PayNow' is set on object 'Object Repository/IWP30/Page_VRelay30Emulator/Action'

25-09-2024T13:12:54 - [MESSAGE][PASSED] - Text 'en_US' is set on object 'Object Repository/IWP30/Page_VRelay30Emulator/Lang'

25-09-2024T13:12:55 - [MESSAGE][PASSED] - Text 'Jasmine' is set on object 'Object Repository/IWP30/Page_VRelay30Emulator/Fname'

25-09-2024T13:12:55 - [MESSAGE][PASSED] - Text 'Patrinol' is set on object 'Object Repository/IWP30/Page_VRelay30Emulator/Lname'

25-09-2024T13:12:56 - [MESSAGE][PASSED] - Text '258 Underwood rd' is set on object 'Object Repository/IWP30/Page_VRelay30Emulator/AL1'

25-09-2024T13:12:57 - [MESSAGE][PASSED] - Text 'Suite 600' is set on object 'Object Repository/IWP30/Page_VRelay30Emulator/AL2'

25-09-2024T13:12:57 - [MESSAGE][PASSED] - Text '840' is set on object 'Object Repository/IWP30/Page_VRelay30Emulator/Country'

25-09-2024T13:12:58 - [MESSAGE][PASSED] - Text 'Arlington' is set on object 'Object Repository/IWP30/Page_VRelay30Emulator/City'

25-09-2024T13:12:58 - [MESSAGE][PASSED] - Text 'VA' is set on object 'Object Repository/IWP30/Page_VRelay30Emulator/State'

25-09-2024T13:12:59 - [MESSAGE][PASSED] - Text '22201' is set on object 'Object Repository/IWP30/Page_VRelay30Emulator/ZIP'

25-09-2024T13:13:00 - [MESSAGE][PASSED] - Text '' is set on object 'Object Repository/IWP30/Page_VRelay30Emulator/Order'

25-09-2024T13:13:00 - [MESSAGE][PASSED] - Text 'Some Company' is set on object 'Object Repository/IWP30/Page_VRelay30Emulator/Company'

25-09-2024T13:13:01 - [MESSAGE][PASSED] - Text 'iahmed@govolution.com' is set on object 'Object Repository/IWP30/Page_VRelay30Emulator/Email'

25-09-2024T13:13:02 - [MESSAGE][PASSED] - Text 'udf data 1' is set on object 'Object Repository/IWP30/Page_VRelay30Emulator/UDF1'

25-09-2024T13:13:02 - [MESSAGE][PASSED] - Text 'udf data 2' is set on object 'Object Repository/IWP30/Page_VRelay30Emulator/UDF2'

25-09-2024T13:13:03 - [MESSAGE][PASSED] - Text 'udf data 3' is set on object 'Object Repository/IWP30/Page_VRelay30Emulator/UDF3'

25-09-2024T13:13:03 - [MESSAGE][PASSED] - Text 'udf data 4' is set on object 'Object Repository/IWP30/Page_VRelay30Emulator/UDF4'

25-09-2024T13:13:04 - [MESSAGE][PASSED] - Text 'udf data 5' is set on object 'Object Repository/IWP30/Page_VRelay30Emulator/UDF5'

25-09-2024T13:13:05 - [MESSAGE][PASSED] - Text 'udf data 6' is set on object 'Object Repository/IWP30/Page_VRelay30Emulator/UDF6'

25-09-2024T13:13:05 - [MESSAGE][PASSED] - Text 'Orange' is set on object 'Object Repository/IWP30/Page_VRelay30Emulator/UDF7'

25-09-2024T13:13:06 - [MESSAGE][PASSED] - Text 'Soccer' is set on object 'Object Repository/IWP30/Page_VRelay30Emulator/UDF8'

25-09-2024T13:13:06 - [MESSAGE][PASSED] - Text 'udf data 9' is set on object 'Object Repository/IWP30/Page_VRelay30Emulator/UDF9'

25-09-2024T13:13:07 - [MESSAGE][PASSED] - Text 'udf data 10' is set on object 'Object Repository/IWP30/Page_VRelay30Emulator/UDF10'

25-09-2024T13:13:08 - [MESSAGE][PASSED] - Object: 'Object Repository/IWP30/Page_VRelay30Emulator/Submit' is clicked on

25-09-2024T13:13:12 - [MESSAGE][PASSED] - Browser is closed

25-09-2024T13:13:16 - [MESSAGE][PASSED] - iwpPages.emulatorIWP30.setDataEmulator_DD is PASSED

25-09-2024T13:13:16 - [TEST_STEP][PASSED] - testHarnessURL = urlTestHarness: null

25-09-2024T13:13:16 - [TEST_STEP][PASSED] - openBrowser(testHarnessURL): Browser is opened with url: 'https://dev-algorithm.govolution.com/vrelaytest/QA/version_2_2/vrelaytest.html'

25-09-2024T13:13:16 - [MESSAGE][INFO] - Starting 'Edge Chromium' driver

25-09-2024T13:13:16 - [MESSAGE][INFO] - User set preference: ['acceptInsecureCerts', 'true']

25-09-2024T13:13:18 - [MESSAGE][INFO] - Action delay is set to 0 milliseconds

25-09-2024T13:13:22 - [MESSAGE][PASSED] - Browser is opened with url: 'https://dev-algorithm.govolution.com/vrelaytest/QA/version_2_2/vrelaytest.html'

25-09-2024T13:13:22 - [TEST_STEP][PASSED] - maximizeWindow(): Current window maximized

25-09-2024T13:13:22 - [MESSAGE][PASSED] - Current window maximized

25-09-2024T13:13:22 - [TEST_STEP][PASSED] - iwpPages.TestHarnessPage.setDataMethod(row, dataFile): iwpPages.TestHarnessPage.setDataMethod is PASSED

25-09-2024T13:13:23 - [MESSAGE][PASSED] - Object 'Object Repository/IWP30/Page_QATestHarness/RemittanceID' is present

25-09-2024T13:13:23 - [MESSAGE][PASSED] - Text '654' is set on object 'Object Repository/IWP30/Page_QATestHarness/ApplicationID'

25-09-2024T13:13:24 - [MESSAGE][PASSED] - Text '2.5' is set on object 'Object Repository/IWP30/Page_QATestHarness/MessageVersion'

25-09-2024T13:13:24 - [MESSAGE][PASSED] - Text 'KTT7ekQ1NQEu' is set on object 'Object Repository/IWP30/Page_QATestHarness/RemittanceID'

25-09-2024T13:13:27 - [MESSAGE][PASSED] - Object: 'Object Repository/IWP30/Page_QATestHarness/SubmitButton' is clicked on

25-09-2024T13:13:27 - [MESSAGE][PASSED] - iwpPages.TestHarnessPage.setDataMethod is PASSED

25-09-2024T13:13:27 - [TEST_STEP][PASSED] - click(findTestObject("Object Repository/IWP30/Page_SelectPaymentMethod/PayByPersonalCheck")): Object: 'Object Repository/IWP30/Page_SelectPaymentMethod/PayByPersonalCheck' is clicked on

25-09-2024T13:13:28 - [MESSAGE][PASSED] - Object: 'Object Repository/IWP30/Page_SelectPaymentMethod/PayByPersonalCheck' is clicked on

25-09-2024T13:13:28 - [TEST_STEP][PASSED] - click(findTestObject("Object Repository/IWP30/Page_SelectPaymentMethod/MakePaymentButton")): Object: 'Object Repository/IWP30/Page_SelectPaymentMethod/MakePaymentButton' is clicked on

25-09-2024T13:13:30 - [MESSAGE][PASSED] - Object: 'Object Repository/IWP30/Page_SelectPaymentMethod/MakePaymentButton' is clicked on

25-09-2024T13:13:30 - [TEST_STEP][PASSED] - if (verifyElementNotPresent(findTestObject("Object Repository/IWP30/Page_ACHPersonalPaymentEntry/txt_Amount"), 30) && verifyTextPresent("$ 10.50", false)): null

25-09-2024T13:13:30 - [MESSAGE][PASSED] - Web element with id: 'Object Repository/IWP30/Page_ACHPersonalPaymentEntry/txt_Amount' located by 'By.xpath: //*[@type = 'text' and @name = 'amount']' is not present after '30' second(s)

25-09-2024T13:13:30 - [MESSAGE][PASSED] - Text '$ 10.50' is present on page 

25-09-2024T13:13:30 - [TEST_STEP][PASSED] - iwpPages.achPersonalPaymentEntryPage.setDataACHPPM(row, dataFile): iwpPages.achPersonalPaymentEntryPage.setDataACHPPM is PASSED

25-09-2024T13:13:32 - [MESSAGE][PASSED] - Object 'Object Repository/IWP30/Page_ACHPersonalPaymentEntry/txt_accountNumber' is present

25-09-2024T13:13:32 - [MESSAGE][PASSED] - Object 'Object Repository/IWP30/Page_ACHPersonalPaymentEntry/txt_UDF2' is present

25-09-2024T13:13:32 - [MESSAGE][PASSED] - Object 'Object Repository/IWP30/Page_ACHPersonalPaymentEntry/txt_Firstname' is present

25-09-2024T13:13:33 - [MESSAGE][PASSED] - Text 'Elizath' is set on object 'Object Repository/IWP30/Page_ACHPersonalPaymentEntry/txt_Firstname'

25-09-2024T13:13:33 - [MESSAGE][PASSED] - Object 'Object Repository/IWP30/Page_ACHPersonalPaymentEntry/txt_Lastname' is present

25-09-2024T13:13:34 - [MESSAGE][PASSED] - Text 'Christine' is set on object 'Object Repository/IWP30/Page_ACHPersonalPaymentEntry/txt_Lastname'

25-09-2024T13:13:34 - [MESSAGE][PASSED] - Object 'Object Repository/IWP30/Page_ACHPersonalPaymentEntry/txt_routingNumber' is present

25-09-2024T13:13:34 - [MESSAGE][PASSED] - Text '256072691' is set on object 'Object Repository/IWP30/Page_ACHPersonalPaymentEntry/txt_routingNumber'

25-09-2024T13:13:35 - [MESSAGE][PASSED] - Object 'Object Repository/IWP30/Page_ACHPersonalPaymentEntry/txt_accountNumber' is present

25-09-2024T13:13:36 - [MESSAGE][PASSED] - Text '12344444' is set on object 'Object Repository/IWP30/Page_ACHPersonalPaymentEntry/txt_accountNumber'

25-09-2024T13:13:36 - [MESSAGE][PASSED] - Object 'Object Repository/IWP30/Page_ACHPersonalPaymentEntry/txt_confirmAccountNumber' is present

25-09-2024T13:13:37 - [MESSAGE][PASSED] - Text '12344444' is set on object 'Object Repository/IWP30/Page_ACHPersonalPaymentEntry/txt_confirmAccountNumber'

25-09-2024T13:13:37 - [MESSAGE][PASSED] - Object 'Object Repository/IWP30/Page_ACHPersonalPaymentEntry/rd_accountType' is present

25-09-2024T13:13:37 - [MESSAGE][PASSED] - Modify property of object successfully

25-09-2024T13:13:38 - [MESSAGE][PASSED] - Object: 'Object Repository/IWP30/Page_ACHPersonalPaymentEntry/rd_accountType' is clicked on

25-09-2024T13:13:38 - [MESSAGE][PASSED] - Object 'Object Repository/IWP30/Page_ACHPersonalPaymentEntry/txt_Email' is present

25-09-2024T13:13:38 - [MESSAGE][PASSED] - Object 'Object Repository/IWP30/Page_ACHPersonalPaymentEntry/cb_TermsAndCond' is present

25-09-2024T13:13:38 - [MESSAGE][PASSED] - Object: 'Object Repository/IWP30/Page_ACHPersonalPaymentEntry/cb_TermsAndCond' is clicked on

25-09-2024T13:13:39 - [MESSAGE][PASSED] - Object 'Object Repository/IWP30/Page_ACHPersonalPaymentEntry/btn_Continue' is present

25-09-2024T13:13:40 - [MESSAGE][PASSED] - Object: 'Object Repository/IWP30/Page_ACHPersonalPaymentEntry/btn_Continue' is clicked on

25-09-2024T13:13:40 - [MESSAGE][PASSED] - iwpPages.achPersonalPaymentEntryPage.setDataACHPPM is PASSED

25-09-2024T13:13:40 - [TEST_STEP][PASSED] - click(findTestObject("Object Repository/IWP30/Page_Confirmation/ConfirmButton")): Object: 'Object Repository/IWP30/Page_Confirmation/ConfirmButton' is clicked on

25-09-2024T13:13:41 - [MESSAGE][PASSED] - Object: 'Object Repository/IWP30/Page_Confirmation/ConfirmButton' is clicked on

25-09-2024T13:13:41 - [TEST_STEP][PASSED] - Thread.sleep(10000): null

25-09-2024T13:13:51 - [TEST_STEP][PASSED] - if (verifyTextPresent("Successful Payment Receipt", false)): null

25-09-2024T13:13:51 - [MESSAGE][PASSED] - Text 'Successful Payment Receipt' is present on page 

25-09-2024T13:13:51 - [TEST_STEP][PASSED] - println("Successful Payment Receipt text is present on the Receipt page"): null

25-09-2024T13:13:51 - [TEST_STEP][PASSED] - markPassed("Successful Payment Receipt text is present on the Receipt page"): Successful Payment Receipt text is present on the Receipt page

25-09-2024T13:13:51 - [MESSAGE][PASSED] - Successful Payment Receipt text is present on the Receipt page

25-09-2024T13:13:51 - [TEST_STEP][PASSED] - resText = "Pass": null

25-09-2024T13:13:51 - [TEST_STEP][PASSED] - pages.WriteExcel.demoKey(resText, datText, resColumn, datCloumn, fileLoc, nameSheet, row): pages.WriteExcel.demoKey is PASSED

25-09-2024T13:13:51 - [MESSAGE][PASSED] - pages.WriteExcel.demoKey is PASSED

25-09-2024T13:13:51 - [TEST_STEP][PASSED] - closeBrowser(): Browser is closed

25-09-2024T13:13:52 - [MESSAGE][PASSED] - Browser is closed]]></system-out>
         <system-err><![CDATA[]]></system-err>
      </testcase>
      <testcase name="Test Cases/IntegratedWeb/IWP25/Payments/NoModifyAmountPS" time="70.58" classname="Test Cases/IntegratedWeb/IWP25/Payments/NoModifyAmountPS" status="PASSED">
         <system-out><![CDATA[25-09-2024T13:13:52 - [TEST_CASE][PASSED] - Test Cases/IntegratedWeb/IWP25/Payments/NoModifyAmountPS: Test Cases/IntegratedWeb/IWP25/Payments/NoModifyAmountPS

25-09-2024T13:13:52 - [TEST_STEP][PASSED] - resText = "Fail": null

25-09-2024T13:13:52 - [TEST_STEP][PASSED] - resColumn = "Result": null

25-09-2024T13:13:52 - [TEST_STEP][PASSED] - datCloumn = "Date": null

25-09-2024T13:13:52 - [TEST_STEP][PASSED] - fileLoc = "KatalonData/IWPTestData/VRelay25Payments.xlsx": null

25-09-2024T13:13:52 - [TEST_STEP][PASSED] - numOfRows = <not implemented yet for class: org.codehaus.groovy.ast.expr.EmptyExpression>: null

25-09-2024T13:13:52 - [TEST_STEP][PASSED] - dataFile = <not implemented yet for class: org.codehaus.groovy.ast.expr.EmptyExpression>: null

25-09-2024T13:13:52 - [TEST_STEP][PASSED] - nameSheet = <not implemented yet for class: org.codehaus.groovy.ast.expr.EmptyExpression>: null

25-09-2024T13:13:52 - [TEST_STEP][PASSED] - dataFileEmulator = <not implemented yet for class: org.codehaus.groovy.ast.expr.EmptyExpression>: null

25-09-2024T13:13:52 - [TEST_STEP][PASSED] - nameSheet = "NoModifyAmountPS": null

25-09-2024T13:13:52 - [TEST_STEP][PASSED] - dataFile = "IWPTestData/IWP25NoModifyAmountPS": null

25-09-2024T13:13:52 - [TEST_STEP][PASSED] - dataFileEmulator = "IWPTestData/EmulatorData": null

25-09-2024T13:13:52 - [TEST_STEP][PASSED] - numOfRows = findTestData(dataFile).getRowNumbers(): null

25-09-2024T13:13:52 - [TEST_STEP][PASSED] - println("Number of Records: " + numOfRows): null

25-09-2024T13:13:52 - [TEST_STEP][PASSED] - for ([row = 1, row <= numOfRows, (row++)]): Browser is closed

25-09-2024T13:13:52 - [TEST_STEP][PASSED] - ExecuteTC = findTestData(dataFile).getValue("Execute", row): null

25-09-2024T13:13:52 - [TEST_STEP][PASSED] - out.println("Value of Execute is : " + ExecuteTC): null

25-09-2024T13:13:52 - [TEST_STEP][PASSED] - if (ExecuteTC.equalsIgnoreCase("Y")): null

25-09-2024T13:13:52 - [TEST_STEP][PASSED] - out.println("Begin Record Number: " + row): null

25-09-2024T13:13:52 - [TEST_STEP][PASSED] - today = new java.util.Date(): null

25-09-2024T13:13:52 - [TEST_STEP][PASSED] - println(today): null

25-09-2024T13:13:52 - [TEST_STEP][PASSED] - datText = today: null

25-09-2024T13:13:52 - [TEST_STEP][PASSED] - EmulatorDataKey = findTestData(dataFile).getValue("EmulatorData", row): null

25-09-2024T13:13:52 - [TEST_STEP][PASSED] - out.println("Value of Emulator Key is : " + EmulatorDataKey): null

25-09-2024T13:13:52 - [TEST_STEP][PASSED] - iwpPages.emulatorIWP30.setDataEmulator_DD(EmulatorDataKey): iwpPages.emulatorIWP30.setDataEmulator_DD is PASSED

25-09-2024T13:13:53 - [MESSAGE][INFO] - Starting 'Edge Chromium' driver

25-09-2024T13:13:53 - [MESSAGE][INFO] - User set preference: ['acceptInsecureCerts', 'true']

25-09-2024T13:13:55 - [MESSAGE][INFO] - Action delay is set to 0 milliseconds

25-09-2024T13:14:00 - [MESSAGE][PASSED] - Browser is opened with url: 'https://qa.velocitypayment.com/agency/config.do?action=editor&message_version=2_5'

25-09-2024T13:14:00 - [MESSAGE][PASSED] - Current window maximized

25-09-2024T13:14:01 - [MESSAGE][PASSED] - All options with value '2.5' are selected in object 'Object Repository/IWP30/Page_VRelay30Emulator/MV'  using regular expression

25-09-2024T13:14:02 - [MESSAGE][PASSED] - Text '10.50' is set on object 'Object Repository/IWP30/Page_VRelay30Emulator/Amount'

25-09-2024T13:14:03 - [MESSAGE][PASSED] - Text 'j6YE8wYICMJS' is set on object 'Object Repository/IWP30/Page_VRelay30Emulator/CAN'

25-09-2024T13:14:03 - [MESSAGE][PASSED] - Text 'PayNow' is set on object 'Object Repository/IWP30/Page_VRelay30Emulator/Action'

25-09-2024T13:14:04 - [MESSAGE][PASSED] - Text 'en_US' is set on object 'Object Repository/IWP30/Page_VRelay30Emulator/Lang'

25-09-2024T13:14:05 - [MESSAGE][PASSED] - Text 'Jasmine' is set on object 'Object Repository/IWP30/Page_VRelay30Emulator/Fname'

25-09-2024T13:14:05 - [MESSAGE][PASSED] - Text 'Patrinol' is set on object 'Object Repository/IWP30/Page_VRelay30Emulator/Lname'

25-09-2024T13:14:06 - [MESSAGE][PASSED] - Text '258 Underwood rd' is set on object 'Object Repository/IWP30/Page_VRelay30Emulator/AL1'

25-09-2024T13:14:06 - [MESSAGE][PASSED] - Text 'Suite 600' is set on object 'Object Repository/IWP30/Page_VRelay30Emulator/AL2'

25-09-2024T13:14:07 - [MESSAGE][PASSED] - Text '840' is set on object 'Object Repository/IWP30/Page_VRelay30Emulator/Country'

25-09-2024T13:14:08 - [MESSAGE][PASSED] - Text 'Arlington' is set on object 'Object Repository/IWP30/Page_VRelay30Emulator/City'

25-09-2024T13:14:08 - [MESSAGE][PASSED] - Text 'VA' is set on object 'Object Repository/IWP30/Page_VRelay30Emulator/State'

25-09-2024T13:14:09 - [MESSAGE][PASSED] - Text '22201' is set on object 'Object Repository/IWP30/Page_VRelay30Emulator/ZIP'

25-09-2024T13:14:09 - [MESSAGE][PASSED] - Text '' is set on object 'Object Repository/IWP30/Page_VRelay30Emulator/Order'

25-09-2024T13:14:10 - [MESSAGE][PASSED] - Text 'Some Company' is set on object 'Object Repository/IWP30/Page_VRelay30Emulator/Company'

25-09-2024T13:14:11 - [MESSAGE][PASSED] - Text 'iahmed@govolution.com' is set on object 'Object Repository/IWP30/Page_VRelay30Emulator/Email'

25-09-2024T13:14:11 - [MESSAGE][PASSED] - Text 'udf data 1' is set on object 'Object Repository/IWP30/Page_VRelay30Emulator/UDF1'

25-09-2024T13:14:12 - [MESSAGE][PASSED] - Text 'udf data 2' is set on object 'Object Repository/IWP30/Page_VRelay30Emulator/UDF2'

25-09-2024T13:14:12 - [MESSAGE][PASSED] - Text 'udf data 3' is set on object 'Object Repository/IWP30/Page_VRelay30Emulator/UDF3'

25-09-2024T13:14:13 - [MESSAGE][PASSED] - Text 'udf data 4' is set on object 'Object Repository/IWP30/Page_VRelay30Emulator/UDF4'

25-09-2024T13:14:14 - [MESSAGE][PASSED] - Text 'udf data 5' is set on object 'Object Repository/IWP30/Page_VRelay30Emulator/UDF5'

25-09-2024T13:14:14 - [MESSAGE][PASSED] - Text 'udf data 6' is set on object 'Object Repository/IWP30/Page_VRelay30Emulator/UDF6'

25-09-2024T13:14:15 - [MESSAGE][PASSED] - Text 'Orange' is set on object 'Object Repository/IWP30/Page_VRelay30Emulator/UDF7'

25-09-2024T13:14:15 - [MESSAGE][PASSED] - Text 'Soccer' is set on object 'Object Repository/IWP30/Page_VRelay30Emulator/UDF8'

25-09-2024T13:14:16 - [MESSAGE][PASSED] - Text 'udf data 9' is set on object 'Object Repository/IWP30/Page_VRelay30Emulator/UDF9'

25-09-2024T13:14:17 - [MESSAGE][PASSED] - Text 'udf data 10' is set on object 'Object Repository/IWP30/Page_VRelay30Emulator/UDF10'

25-09-2024T13:14:18 - [MESSAGE][PASSED] - Object: 'Object Repository/IWP30/Page_VRelay30Emulator/Submit' is clicked on

25-09-2024T13:14:22 - [MESSAGE][PASSED] - Browser is closed

25-09-2024T13:14:26 - [MESSAGE][PASSED] - iwpPages.emulatorIWP30.setDataEmulator_DD is PASSED

25-09-2024T13:14:26 - [TEST_STEP][PASSED] - testHarnessURL = urlTestHarness: null

25-09-2024T13:14:26 - [TEST_STEP][PASSED] - openBrowser(testHarnessURL): Browser is opened with url: 'https://dev-algorithm.govolution.com/vrelaytest/QA/version_2_2/vrelaytest.html'

25-09-2024T13:14:26 - [MESSAGE][INFO] - Starting 'Edge Chromium' driver

25-09-2024T13:14:26 - [MESSAGE][INFO] - User set preference: ['acceptInsecureCerts', 'true']

25-09-2024T13:14:28 - [MESSAGE][INFO] - Action delay is set to 0 milliseconds

25-09-2024T13:14:33 - [MESSAGE][PASSED] - Browser is opened with url: 'https://dev-algorithm.govolution.com/vrelaytest/QA/version_2_2/vrelaytest.html'

25-09-2024T13:14:33 - [TEST_STEP][PASSED] - maximizeWindow(): Current window maximized

25-09-2024T13:14:33 - [MESSAGE][PASSED] - Current window maximized

25-09-2024T13:14:33 - [TEST_STEP][PASSED] - iwpPages.TestHarnessPage.setDataMethod(row, dataFile): iwpPages.TestHarnessPage.setDataMethod is PASSED

25-09-2024T13:14:33 - [MESSAGE][PASSED] - Object 'Object Repository/IWP30/Page_QATestHarness/RemittanceID' is present

25-09-2024T13:14:34 - [MESSAGE][PASSED] - Text '654' is set on object 'Object Repository/IWP30/Page_QATestHarness/ApplicationID'

25-09-2024T13:14:34 - [MESSAGE][PASSED] - Text '2.5' is set on object 'Object Repository/IWP30/Page_QATestHarness/MessageVersion'

25-09-2024T13:14:35 - [MESSAGE][PASSED] - Text '3WinTHNlF9mH' is set on object 'Object Repository/IWP30/Page_QATestHarness/RemittanceID'

25-09-2024T13:14:38 - [MESSAGE][PASSED] - Object: 'Object Repository/IWP30/Page_QATestHarness/SubmitButton' is clicked on

25-09-2024T13:14:38 - [MESSAGE][PASSED] - iwpPages.TestHarnessPage.setDataMethod is PASSED

25-09-2024T13:14:38 - [TEST_STEP][PASSED] - click(findTestObject("Object Repository/IWP30/Page_SelectPaymentMethod/PayByPersonalCheck")): Object: 'Object Repository/IWP30/Page_SelectPaymentMethod/PayByPersonalCheck' is clicked on

25-09-2024T13:14:39 - [MESSAGE][PASSED] - Object: 'Object Repository/IWP30/Page_SelectPaymentMethod/PayByPersonalCheck' is clicked on

25-09-2024T13:14:39 - [TEST_STEP][PASSED] - click(findTestObject("Object Repository/IWP30/Page_SelectPaymentMethod/MakePaymentButton")): Object: 'Object Repository/IWP30/Page_SelectPaymentMethod/MakePaymentButton' is clicked on

25-09-2024T13:14:40 - [MESSAGE][PASSED] - Object: 'Object Repository/IWP30/Page_SelectPaymentMethod/MakePaymentButton' is clicked on

25-09-2024T13:14:40 - [TEST_STEP][PASSED] - if (verifyElementNotPresent(findTestObject("Object Repository/IWP30/Page_ACHPersonalPaymentEntry/txt_Amount"), 30) && verifyTextPresent("$ 10.50", false)): null

25-09-2024T13:14:41 - [MESSAGE][PASSED] - Web element with id: 'Object Repository/IWP30/Page_ACHPersonalPaymentEntry/txt_Amount' located by 'By.xpath: //*[@type = 'text' and @name = 'amount']' is not present after '30' second(s)

25-09-2024T13:14:41 - [MESSAGE][PASSED] - Text '$ 10.50' is present on page 

25-09-2024T13:14:41 - [TEST_STEP][PASSED] - iwpPages.achPersonalPaymentEntryPage.setDataACHPPM(row, dataFile): iwpPages.achPersonalPaymentEntryPage.setDataACHPPM is PASSED

25-09-2024T13:14:42 - [MESSAGE][PASSED] - Object 'Object Repository/IWP30/Page_ACHPersonalPaymentEntry/txt_accountNumber' is present

25-09-2024T13:14:42 - [MESSAGE][PASSED] - Object 'Object Repository/IWP30/Page_ACHPersonalPaymentEntry/txt_UDF2' is present

25-09-2024T13:14:42 - [MESSAGE][PASSED] - Object 'Object Repository/IWP30/Page_ACHPersonalPaymentEntry/txt_Firstname' is present

25-09-2024T13:14:43 - [MESSAGE][PASSED] - Text 'Elizath' is set on object 'Object Repository/IWP30/Page_ACHPersonalPaymentEntry/txt_Firstname'

25-09-2024T13:14:43 - [MESSAGE][PASSED] - Object 'Object Repository/IWP30/Page_ACHPersonalPaymentEntry/txt_Lastname' is present

25-09-2024T13:14:44 - [MESSAGE][PASSED] - Text 'Christine' is set on object 'Object Repository/IWP30/Page_ACHPersonalPaymentEntry/txt_Lastname'

25-09-2024T13:14:44 - [MESSAGE][PASSED] - Object 'Object Repository/IWP30/Page_ACHPersonalPaymentEntry/txt_routingNumber' is present

25-09-2024T13:14:45 - [MESSAGE][PASSED] - Text '256072691' is set on object 'Object Repository/IWP30/Page_ACHPersonalPaymentEntry/txt_routingNumber'

25-09-2024T13:14:45 - [MESSAGE][PASSED] - Object 'Object Repository/IWP30/Page_ACHPersonalPaymentEntry/txt_accountNumber' is present

25-09-2024T13:14:47 - [MESSAGE][PASSED] - Text '12344444' is set on object 'Object Repository/IWP30/Page_ACHPersonalPaymentEntry/txt_accountNumber'

25-09-2024T13:14:47 - [MESSAGE][PASSED] - Object 'Object Repository/IWP30/Page_ACHPersonalPaymentEntry/txt_confirmAccountNumber' is present

25-09-2024T13:14:48 - [MESSAGE][PASSED] - Text '12344444' is set on object 'Object Repository/IWP30/Page_ACHPersonalPaymentEntry/txt_confirmAccountNumber'

25-09-2024T13:14:48 - [MESSAGE][PASSED] - Object 'Object Repository/IWP30/Page_ACHPersonalPaymentEntry/rd_accountType' is present

25-09-2024T13:14:48 - [MESSAGE][PASSED] - Modify property of object successfully

25-09-2024T13:14:48 - [MESSAGE][PASSED] - Object: 'Object Repository/IWP30/Page_ACHPersonalPaymentEntry/rd_accountType' is clicked on

25-09-2024T13:14:48 - [MESSAGE][PASSED] - Object 'Object Repository/IWP30/Page_ACHPersonalPaymentEntry/txt_Email' is present

25-09-2024T13:14:49 - [MESSAGE][PASSED] - Object 'Object Repository/IWP30/Page_ACHPersonalPaymentEntry/cb_TermsAndCond' is present

25-09-2024T13:14:49 - [MESSAGE][PASSED] - Object: 'Object Repository/IWP30/Page_ACHPersonalPaymentEntry/cb_TermsAndCond' is clicked on

25-09-2024T13:14:49 - [MESSAGE][PASSED] - Object 'Object Repository/IWP30/Page_ACHPersonalPaymentEntry/btn_Continue' is present

25-09-2024T13:14:50 - [MESSAGE][PASSED] - Object: 'Object Repository/IWP30/Page_ACHPersonalPaymentEntry/btn_Continue' is clicked on

25-09-2024T13:14:50 - [MESSAGE][PASSED] - iwpPages.achPersonalPaymentEntryPage.setDataACHPPM is PASSED

25-09-2024T13:14:50 - [TEST_STEP][PASSED] - click(findTestObject("Object Repository/IWP30/Page_Confirmation/ConfirmButton")): Object: 'Object Repository/IWP30/Page_Confirmation/ConfirmButton' is clicked on

25-09-2024T13:14:52 - [MESSAGE][PASSED] - Object: 'Object Repository/IWP30/Page_Confirmation/ConfirmButton' is clicked on

25-09-2024T13:14:52 - [TEST_STEP][PASSED] - Thread.sleep(10000): null

25-09-2024T13:15:02 - [TEST_STEP][PASSED] - if (verifyTextPresent("Successful Payment Receipt", false)): null

25-09-2024T13:15:02 - [MESSAGE][PASSED] - Text 'Successful Payment Receipt' is present on page 

25-09-2024T13:15:02 - [TEST_STEP][PASSED] - println("Successful Payment Receipt text is present on the Receipt page"): null

25-09-2024T13:15:02 - [TEST_STEP][PASSED] - markPassed("Successful Payment Receipt text is present on the Receipt page"): Successful Payment Receipt text is present on the Receipt page

25-09-2024T13:15:02 - [MESSAGE][PASSED] - Successful Payment Receipt text is present on the Receipt page

25-09-2024T13:15:02 - [TEST_STEP][PASSED] - resText = "Pass": null

25-09-2024T13:15:02 - [TEST_STEP][PASSED] - pages.WriteExcel.demoKey(resText, datText, resColumn, datCloumn, fileLoc, nameSheet, row): pages.WriteExcel.demoKey is PASSED

25-09-2024T13:15:02 - [MESSAGE][PASSED] - pages.WriteExcel.demoKey is PASSED

25-09-2024T13:15:02 - [TEST_STEP][PASSED] - closeBrowser(): Browser is closed

25-09-2024T13:15:03 - [MESSAGE][PASSED] - Browser is closed]]></system-out>
         <system-err><![CDATA[]]></system-err>
      </testcase>
      <testcase name="Test Cases/IntegratedWeb/IWP25/Payments/OverAndUnderPayCorp" time="135.504" classname="Test Cases/IntegratedWeb/IWP25/Payments/OverAndUnderPayCorp" status="PASSED">
         <system-out><![CDATA[25-09-2024T13:15:03 - [TEST_CASE][PASSED] - Test Cases/IntegratedWeb/IWP25/Payments/OverAndUnderPayCorp: Test Cases/IntegratedWeb/IWP25/Payments/OverAndUnderPayCorp

25-09-2024T13:15:03 - [TEST_STEP][PASSED] - resText = "Fail": null

25-09-2024T13:15:03 - [TEST_STEP][PASSED] - resColumn = "Result": null

25-09-2024T13:15:03 - [TEST_STEP][PASSED] - datCloumn = "Date": null

25-09-2024T13:15:03 - [TEST_STEP][PASSED] - fileLoc = "KatalonData/IWPTestData/VRelay25Payments.xlsx": null

25-09-2024T13:15:03 - [TEST_STEP][PASSED] - numOfRows = <not implemented yet for class: org.codehaus.groovy.ast.expr.EmptyExpression>: null

25-09-2024T13:15:03 - [TEST_STEP][PASSED] - dataFile = <not implemented yet for class: org.codehaus.groovy.ast.expr.EmptyExpression>: null

25-09-2024T13:15:03 - [TEST_STEP][PASSED] - nameSheet = <not implemented yet for class: org.codehaus.groovy.ast.expr.EmptyExpression>: null

25-09-2024T13:15:03 - [TEST_STEP][PASSED] - dataFileEmulator = <not implemented yet for class: org.codehaus.groovy.ast.expr.EmptyExpression>: null

25-09-2024T13:15:03 - [TEST_STEP][PASSED] - isRequiredTextPresent = false: null

25-09-2024T13:15:03 - [TEST_STEP][PASSED] - nameSheet = "OverAndUnderPayCorp": null

25-09-2024T13:15:03 - [TEST_STEP][PASSED] - dataFile = "IWPTestData/IWP25OverAndUnderPayCorp": null

25-09-2024T13:15:03 - [TEST_STEP][PASSED] - dataFileEmulator = "IWPTestData/EmulatorData": null

25-09-2024T13:15:03 - [TEST_STEP][PASSED] - numOfRows = findTestData(dataFile).getRowNumbers(): null

25-09-2024T13:15:03 - [TEST_STEP][PASSED] - println("Number of Records: " + numOfRows): null

25-09-2024T13:15:03 - [TEST_STEP][PASSED] - for ([row = 1, row <= numOfRows, (row++)]): Browser is closed

25-09-2024T13:15:03 - [TEST_STEP][PASSED] - ExecuteTC = findTestData(dataFile).getValue("Execute", row): null

25-09-2024T13:15:03 - [TEST_STEP][PASSED] - out.println("Value of Execute is : " + ExecuteTC): null

25-09-2024T13:15:03 - [TEST_STEP][PASSED] - if (ExecuteTC.equalsIgnoreCase("Y")): null

25-09-2024T13:15:03 - [TEST_STEP][PASSED] - out.println("Begin Record Number: " + row): null

25-09-2024T13:15:03 - [TEST_STEP][PASSED] - today = new java.util.Date(): null

25-09-2024T13:15:03 - [TEST_STEP][PASSED] - println(today): null

25-09-2024T13:15:03 - [TEST_STEP][PASSED] - datText = today: null

25-09-2024T13:15:03 - [TEST_STEP][PASSED] - EmulatorDataKey = findTestData(dataFile).getValue("EmulatorData", row): null

25-09-2024T13:15:03 - [TEST_STEP][PASSED] - out.println("Value of Emulator Key is : " + EmulatorDataKey): null

25-09-2024T13:15:03 - [TEST_STEP][PASSED] - iwpPages.emulatorIWP30.setDataEmulator_DD(EmulatorDataKey): iwpPages.emulatorIWP30.setDataEmulator_DD is PASSED

25-09-2024T13:15:03 - [MESSAGE][INFO] - Starting 'Edge Chromium' driver

25-09-2024T13:15:03 - [MESSAGE][INFO] - User set preference: ['acceptInsecureCerts', 'true']

25-09-2024T13:15:05 - [MESSAGE][INFO] - Action delay is set to 0 milliseconds

25-09-2024T13:15:09 - [MESSAGE][PASSED] - Browser is opened with url: 'https://qa.velocitypayment.com/agency/config.do?action=editor&message_version=2_5'

25-09-2024T13:15:09 - [MESSAGE][PASSED] - Current window maximized

25-09-2024T13:15:10 - [MESSAGE][PASSED] - All options with value '2.5' are selected in object 'Object Repository/IWP30/Page_VRelay30Emulator/MV'  using regular expression

25-09-2024T13:15:10 - [MESSAGE][PASSED] - Text '10.50' is set on object 'Object Repository/IWP30/Page_VRelay30Emulator/Amount'

25-09-2024T13:15:11 - [MESSAGE][PASSED] - Text 'eNZQCg5pI1u4' is set on object 'Object Repository/IWP30/Page_VRelay30Emulator/CAN'

25-09-2024T13:15:12 - [MESSAGE][PASSED] - Text 'PayNow' is set on object 'Object Repository/IWP30/Page_VRelay30Emulator/Action'

25-09-2024T13:15:12 - [MESSAGE][PASSED] - Text 'en_US' is set on object 'Object Repository/IWP30/Page_VRelay30Emulator/Lang'

25-09-2024T13:15:13 - [MESSAGE][PASSED] - Text 'Jasmine' is set on object 'Object Repository/IWP30/Page_VRelay30Emulator/Fname'

25-09-2024T13:15:13 - [MESSAGE][PASSED] - Text 'Patrinol' is set on object 'Object Repository/IWP30/Page_VRelay30Emulator/Lname'

25-09-2024T13:15:14 - [MESSAGE][PASSED] - Text '258 Underwood rd' is set on object 'Object Repository/IWP30/Page_VRelay30Emulator/AL1'

25-09-2024T13:15:15 - [MESSAGE][PASSED] - Text 'Suite 600' is set on object 'Object Repository/IWP30/Page_VRelay30Emulator/AL2'

25-09-2024T13:15:15 - [MESSAGE][PASSED] - Text '840' is set on object 'Object Repository/IWP30/Page_VRelay30Emulator/Country'

25-09-2024T13:15:16 - [MESSAGE][PASSED] - Text 'Arlington' is set on object 'Object Repository/IWP30/Page_VRelay30Emulator/City'

25-09-2024T13:15:16 - [MESSAGE][PASSED] - Text 'VA' is set on object 'Object Repository/IWP30/Page_VRelay30Emulator/State'

25-09-2024T13:15:17 - [MESSAGE][PASSED] - Text '22201' is set on object 'Object Repository/IWP30/Page_VRelay30Emulator/ZIP'

25-09-2024T13:15:17 - [MESSAGE][PASSED] - Text '' is set on object 'Object Repository/IWP30/Page_VRelay30Emulator/Order'

25-09-2024T13:15:18 - [MESSAGE][PASSED] - Text 'Some Company' is set on object 'Object Repository/IWP30/Page_VRelay30Emulator/Company'

25-09-2024T13:15:19 - [MESSAGE][PASSED] - Text 'iahmed@govolution.com' is set on object 'Object Repository/IWP30/Page_VRelay30Emulator/Email'

25-09-2024T13:15:19 - [MESSAGE][PASSED] - Text 'udf data 1' is set on object 'Object Repository/IWP30/Page_VRelay30Emulator/UDF1'

25-09-2024T13:15:20 - [MESSAGE][PASSED] - Text 'udf data 2' is set on object 'Object Repository/IWP30/Page_VRelay30Emulator/UDF2'

25-09-2024T13:15:20 - [MESSAGE][PASSED] - Text 'udf data 3' is set on object 'Object Repository/IWP30/Page_VRelay30Emulator/UDF3'

25-09-2024T13:15:21 - [MESSAGE][PASSED] - Text 'udf data 4' is set on object 'Object Repository/IWP30/Page_VRelay30Emulator/UDF4'

25-09-2024T13:15:22 - [MESSAGE][PASSED] - Text 'udf data 5' is set on object 'Object Repository/IWP30/Page_VRelay30Emulator/UDF5'

25-09-2024T13:15:22 - [MESSAGE][PASSED] - Text 'udf data 6' is set on object 'Object Repository/IWP30/Page_VRelay30Emulator/UDF6'

25-09-2024T13:15:23 - [MESSAGE][PASSED] - Text 'Orange' is set on object 'Object Repository/IWP30/Page_VRelay30Emulator/UDF7'

25-09-2024T13:15:23 - [MESSAGE][PASSED] - Text 'Soccer' is set on object 'Object Repository/IWP30/Page_VRelay30Emulator/UDF8'

25-09-2024T13:15:24 - [MESSAGE][PASSED] - Text 'udf data 9' is set on object 'Object Repository/IWP30/Page_VRelay30Emulator/UDF9'

25-09-2024T13:15:25 - [MESSAGE][PASSED] - Text 'udf data 10' is set on object 'Object Repository/IWP30/Page_VRelay30Emulator/UDF10'

25-09-2024T13:15:26 - [MESSAGE][PASSED] - Object: 'Object Repository/IWP30/Page_VRelay30Emulator/Submit' is clicked on

25-09-2024T13:15:30 - [MESSAGE][PASSED] - Browser is closed

25-09-2024T13:15:34 - [MESSAGE][PASSED] - iwpPages.emulatorIWP30.setDataEmulator_DD is PASSED

25-09-2024T13:15:34 - [TEST_STEP][PASSED] - testHarnessURL = urlTestHarness: null

25-09-2024T13:15:34 - [TEST_STEP][PASSED] - openBrowser(testHarnessURL): Browser is opened with url: 'https://dev-algorithm.govolution.com/vrelaytest/QA/version_2_2/vrelaytest.html'

25-09-2024T13:15:34 - [MESSAGE][INFO] - Starting 'Edge Chromium' driver

25-09-2024T13:15:34 - [MESSAGE][INFO] - User set preference: ['acceptInsecureCerts', 'true']

25-09-2024T13:15:36 - [MESSAGE][INFO] - Action delay is set to 0 milliseconds

25-09-2024T13:15:40 - [MESSAGE][PASSED] - Browser is opened with url: 'https://dev-algorithm.govolution.com/vrelaytest/QA/version_2_2/vrelaytest.html'

25-09-2024T13:15:40 - [TEST_STEP][PASSED] - maximizeWindow(): Current window maximized

25-09-2024T13:15:40 - [MESSAGE][PASSED] - Current window maximized

25-09-2024T13:15:40 - [TEST_STEP][PASSED] - iwpPages.TestHarnessPage.setDataMethod(row, dataFile): iwpPages.TestHarnessPage.setDataMethod is PASSED

25-09-2024T13:15:40 - [MESSAGE][PASSED] - Object 'Object Repository/IWP30/Page_QATestHarness/RemittanceID' is present

25-09-2024T13:15:41 - [MESSAGE][PASSED] - Text '638' is set on object 'Object Repository/IWP30/Page_QATestHarness/ApplicationID'

25-09-2024T13:15:42 - [MESSAGE][PASSED] - Text '2.5' is set on object 'Object Repository/IWP30/Page_QATestHarness/MessageVersion'

25-09-2024T13:15:42 - [MESSAGE][PASSED] - Text 'QNGahQ8xXBUo' is set on object 'Object Repository/IWP30/Page_QATestHarness/RemittanceID'

25-09-2024T13:15:45 - [MESSAGE][PASSED] - Object: 'Object Repository/IWP30/Page_QATestHarness/SubmitButton' is clicked on

25-09-2024T13:15:45 - [MESSAGE][PASSED] - iwpPages.TestHarnessPage.setDataMethod is PASSED

25-09-2024T13:15:45 - [TEST_STEP][PASSED] - click(findTestObject("Object Repository/IWP30/Page_SelectPaymentMethod/PayByCorporateCheck")): Object: 'Object Repository/IWP30/Page_SelectPaymentMethod/PayByCorporateCheck' is clicked on

25-09-2024T13:15:45 - [MESSAGE][PASSED] - Object: 'Object Repository/IWP30/Page_SelectPaymentMethod/PayByCorporateCheck' is clicked on

25-09-2024T13:15:45 - [TEST_STEP][PASSED] - click(findTestObject("Object Repository/IWP30/Page_SelectPaymentMethod/MakePaymentButton")): Object: 'Object Repository/IWP30/Page_SelectPaymentMethod/MakePaymentButton' is clicked on

25-09-2024T13:15:47 - [MESSAGE][PASSED] - Object: 'Object Repository/IWP30/Page_SelectPaymentMethod/MakePaymentButton' is clicked on

25-09-2024T13:15:47 - [TEST_STEP][PASSED] - iwpPages.achCorporatePaymentEntryPage.setDataCorporate(row, dataFile): iwpPages.achCorporatePaymentEntryPage.setDataCorporate is PASSED

25-09-2024T13:15:48 - [MESSAGE][PASSED] - Object 'Object Repository/IWP30/Page_ACHCorporatePaymentEntry/txt_accountNumber' is present

25-09-2024T13:15:48 - [MESSAGE][PASSED] - Object 'Object Repository/IWP30/Page_ACHCorporatePaymentEntry/input_CompanyName' is present

25-09-2024T13:15:49 - [MESSAGE][PASSED] - Text 'My Company' is set on object 'Object Repository/IWP30/Page_ACHCorporatePaymentEntry/input_CompanyName'

25-09-2024T13:15:49 - [MESSAGE][PASSED] - Object 'Object Repository/IWP30/Page_ACHCorporatePaymentEntry/input_EIN' is present

25-09-2024T13:15:50 - [MESSAGE][PASSED] - Text '123456789' is set on object 'Object Repository/IWP30/Page_ACHCorporatePaymentEntry/input_EIN'

25-09-2024T13:15:51 - [MESSAGE][PASSED] - Text '11.50' is set on object 'Object Repository/IWP30/Page_ACHCorporatePaymentEntry/txt_Amount'

25-09-2024T13:15:51 - [MESSAGE][PASSED] - All options with label 'Soccer' are selected in object 'Object Repository/IWP30/Page_ACHCorporatePaymentEntry/dd_UDF8' 

25-09-2024T13:15:51 - [MESSAGE][PASSED] - Object 'Object Repository/IWP30/Page_ACHCorporatePaymentEntry/txt_routingNumber' is present

25-09-2024T13:15:52 - [MESSAGE][PASSED] - Text '256072691' is set on object 'Object Repository/IWP30/Page_ACHCorporatePaymentEntry/txt_routingNumber'

25-09-2024T13:15:52 - [MESSAGE][PASSED] - Object 'Object Repository/IWP30/Page_ACHCorporatePaymentEntry/txt_accountNumber' is present

25-09-2024T13:15:54 - [MESSAGE][PASSED] - Text '12344444' is set on object 'Object Repository/IWP30/Page_ACHCorporatePaymentEntry/txt_accountNumber'

25-09-2024T13:15:54 - [MESSAGE][PASSED] - Object 'Object Repository/IWP30/Page_ACHCorporatePaymentEntry/txt_confirmAccountNumber' is present

25-09-2024T13:15:55 - [MESSAGE][PASSED] - Text '12344444' is set on object 'Object Repository/IWP30/Page_ACHCorporatePaymentEntry/txt_confirmAccountNumber'

25-09-2024T13:15:55 - [MESSAGE][PASSED] - Object 'Object Repository/IWP30/Page_ACHCorporatePaymentEntry/txt_Email' is present

25-09-2024T13:15:55 - [MESSAGE][PASSED] - Object 'Object Repository/IWP30/Page_ACHCorporatePaymentEntry/cb_TermsAndCond' is present

25-09-2024T13:15:55 - [MESSAGE][PASSED] - Object: 'Object Repository/IWP30/Page_ACHCorporatePaymentEntry/cb_TermsAndCond' is clicked on

25-09-2024T13:15:56 - [MESSAGE][PASSED] - Object 'Object Repository/IWP30/Page_ACHCorporatePaymentEntry/btn_Continue' is present

25-09-2024T13:15:57 - [MESSAGE][PASSED] - Object: 'Object Repository/IWP30/Page_ACHCorporatePaymentEntry/btn_Continue' is clicked on

25-09-2024T13:15:57 - [MESSAGE][PASSED] - iwpPages.achCorporatePaymentEntryPage.setDataCorporate is PASSED

25-09-2024T13:15:57 - [TEST_STEP][PASSED] - click(findTestObject("Object Repository/IWP30/Page_Confirmation/ConfirmButton")): Object: 'Object Repository/IWP30/Page_Confirmation/ConfirmButton' is clicked on

25-09-2024T13:15:58 - [MESSAGE][PASSED] - Object: 'Object Repository/IWP30/Page_Confirmation/ConfirmButton' is clicked on

25-09-2024T13:15:58 - [TEST_STEP][PASSED] - Thread.sleep(10000): null

25-09-2024T13:16:08 - [TEST_STEP][PASSED] - if (verifyTextPresent("Successful Payment Receipt", false)): null

25-09-2024T13:16:09 - [MESSAGE][PASSED] - Text 'Successful Payment Receipt' is present on page 

25-09-2024T13:16:09 - [TEST_STEP][PASSED] - println("Successful Payment Receipt text is present on the Receipt page"): null

25-09-2024T13:16:09 - [TEST_STEP][PASSED] - markPassed("Successful Payment Receipt text is present on the Receipt page"): Successful Payment Receipt text is present on the Receipt page

25-09-2024T13:16:09 - [MESSAGE][PASSED] - Successful Payment Receipt text is present on the Receipt page

25-09-2024T13:16:09 - [TEST_STEP][PASSED] - resText = "Pass": null

25-09-2024T13:16:09 - [TEST_STEP][PASSED] - pages.WriteExcel.demoKey(resText, datText, resColumn, datCloumn, fileLoc, nameSheet, row): pages.WriteExcel.demoKey is PASSED

25-09-2024T13:16:09 - [MESSAGE][PASSED] - pages.WriteExcel.demoKey is PASSED

25-09-2024T13:16:09 - [TEST_STEP][PASSED] - closeBrowser(): Browser is closed

25-09-2024T13:16:09 - [MESSAGE][PASSED] - Browser is closed

25-09-2024T13:16:09 - [TEST_STEP][PASSED] - ExecuteTC = findTestData(dataFile).getValue("Execute", row): null

25-09-2024T13:16:09 - [TEST_STEP][PASSED] - out.println("Value of Execute is : " + ExecuteTC): null

25-09-2024T13:16:09 - [TEST_STEP][PASSED] - if (ExecuteTC.equalsIgnoreCase("Y")): null

25-09-2024T13:16:09 - [TEST_STEP][PASSED] - out.println("Begin Record Number: " + row): null

25-09-2024T13:16:09 - [TEST_STEP][PASSED] - today = new java.util.Date(): null

25-09-2024T13:16:09 - [TEST_STEP][PASSED] - println(today): null

25-09-2024T13:16:09 - [TEST_STEP][PASSED] - datText = today: null

25-09-2024T13:16:09 - [TEST_STEP][PASSED] - EmulatorDataKey = findTestData(dataFile).getValue("EmulatorData", row): null

25-09-2024T13:16:09 - [TEST_STEP][PASSED] - out.println("Value of Emulator Key is : " + EmulatorDataKey): null

25-09-2024T13:16:09 - [TEST_STEP][PASSED] - iwpPages.emulatorIWP30.setDataEmulator_DD(EmulatorDataKey): iwpPages.emulatorIWP30.setDataEmulator_DD is PASSED

25-09-2024T13:16:10 - [MESSAGE][INFO] - Starting 'Edge Chromium' driver

25-09-2024T13:16:10 - [MESSAGE][INFO] - User set preference: ['acceptInsecureCerts', 'true']

25-09-2024T13:16:12 - [MESSAGE][INFO] - Action delay is set to 0 milliseconds

25-09-2024T13:16:16 - [MESSAGE][PASSED] - Browser is opened with url: 'https://qa.velocitypayment.com/agency/config.do?action=editor&message_version=2_5'

25-09-2024T13:16:16 - [MESSAGE][PASSED] - Current window maximized

25-09-2024T13:16:17 - [MESSAGE][PASSED] - All options with value '2.5' are selected in object 'Object Repository/IWP30/Page_VRelay30Emulator/MV'  using regular expression

25-09-2024T13:16:17 - [MESSAGE][PASSED] - Text '10.50' is set on object 'Object Repository/IWP30/Page_VRelay30Emulator/Amount'

25-09-2024T13:16:18 - [MESSAGE][PASSED] - Text 'zSJpVacaKDuY' is set on object 'Object Repository/IWP30/Page_VRelay30Emulator/CAN'

25-09-2024T13:16:19 - [MESSAGE][PASSED] - Text 'PayNow' is set on object 'Object Repository/IWP30/Page_VRelay30Emulator/Action'

25-09-2024T13:16:19 - [MESSAGE][PASSED] - Text 'en_US' is set on object 'Object Repository/IWP30/Page_VRelay30Emulator/Lang'

25-09-2024T13:16:20 - [MESSAGE][PASSED] - Text 'Jasmine' is set on object 'Object Repository/IWP30/Page_VRelay30Emulator/Fname'

25-09-2024T13:16:20 - [MESSAGE][PASSED] - Text 'Patrinol' is set on object 'Object Repository/IWP30/Page_VRelay30Emulator/Lname'

25-09-2024T13:16:21 - [MESSAGE][PASSED] - Text '258 Underwood rd' is set on object 'Object Repository/IWP30/Page_VRelay30Emulator/AL1'

25-09-2024T13:16:22 - [MESSAGE][PASSED] - Text 'Suite 600' is set on object 'Object Repository/IWP30/Page_VRelay30Emulator/AL2'

25-09-2024T13:16:22 - [MESSAGE][PASSED] - Text '840' is set on object 'Object Repository/IWP30/Page_VRelay30Emulator/Country'

25-09-2024T13:16:23 - [MESSAGE][PASSED] - Text 'Arlington' is set on object 'Object Repository/IWP30/Page_VRelay30Emulator/City'

25-09-2024T13:16:24 - [MESSAGE][PASSED] - Text 'VA' is set on object 'Object Repository/IWP30/Page_VRelay30Emulator/State'

25-09-2024T13:16:24 - [MESSAGE][PASSED] - Text '22201' is set on object 'Object Repository/IWP30/Page_VRelay30Emulator/ZIP'

25-09-2024T13:16:25 - [MESSAGE][PASSED] - Text '' is set on object 'Object Repository/IWP30/Page_VRelay30Emulator/Order'

25-09-2024T13:16:25 - [MESSAGE][PASSED] - Text 'Some Company' is set on object 'Object Repository/IWP30/Page_VRelay30Emulator/Company'

25-09-2024T13:16:26 - [MESSAGE][PASSED] - Text 'iahmed@govolution.com' is set on object 'Object Repository/IWP30/Page_VRelay30Emulator/Email'

25-09-2024T13:16:27 - [MESSAGE][PASSED] - Text 'udf data 1' is set on object 'Object Repository/IWP30/Page_VRelay30Emulator/UDF1'

25-09-2024T13:16:27 - [MESSAGE][PASSED] - Text 'udf data 2' is set on object 'Object Repository/IWP30/Page_VRelay30Emulator/UDF2'

25-09-2024T13:16:28 - [MESSAGE][PASSED] - Text 'udf data 3' is set on object 'Object Repository/IWP30/Page_VRelay30Emulator/UDF3'

25-09-2024T13:16:28 - [MESSAGE][PASSED] - Text 'udf data 4' is set on object 'Object Repository/IWP30/Page_VRelay30Emulator/UDF4'

25-09-2024T13:16:29 - [MESSAGE][PASSED] - Text 'udf data 5' is set on object 'Object Repository/IWP30/Page_VRelay30Emulator/UDF5'

25-09-2024T13:16:30 - [MESSAGE][PASSED] - Text 'udf data 6' is set on object 'Object Repository/IWP30/Page_VRelay30Emulator/UDF6'

25-09-2024T13:16:30 - [MESSAGE][PASSED] - Text 'Orange' is set on object 'Object Repository/IWP30/Page_VRelay30Emulator/UDF7'

25-09-2024T13:16:31 - [MESSAGE][PASSED] - Text 'Soccer' is set on object 'Object Repository/IWP30/Page_VRelay30Emulator/UDF8'

25-09-2024T13:16:31 - [MESSAGE][PASSED] - Text 'udf data 9' is set on object 'Object Repository/IWP30/Page_VRelay30Emulator/UDF9'

25-09-2024T13:16:32 - [MESSAGE][PASSED] - Text 'udf data 10' is set on object 'Object Repository/IWP30/Page_VRelay30Emulator/UDF10'

25-09-2024T13:16:33 - [MESSAGE][PASSED] - Object: 'Object Repository/IWP30/Page_VRelay30Emulator/Submit' is clicked on

25-09-2024T13:16:38 - [MESSAGE][PASSED] - Browser is closed

25-09-2024T13:16:42 - [MESSAGE][PASSED] - iwpPages.emulatorIWP30.setDataEmulator_DD is PASSED

25-09-2024T13:16:42 - [TEST_STEP][PASSED] - testHarnessURL = urlTestHarness: null

25-09-2024T13:16:42 - [TEST_STEP][PASSED] - openBrowser(testHarnessURL): Browser is opened with url: 'https://dev-algorithm.govolution.com/vrelaytest/QA/version_2_2/vrelaytest.html'

25-09-2024T13:16:42 - [MESSAGE][INFO] - Starting 'Edge Chromium' driver

25-09-2024T13:16:42 - [MESSAGE][INFO] - User set preference: ['acceptInsecureCerts', 'true']

25-09-2024T13:16:44 - [MESSAGE][INFO] - Action delay is set to 0 milliseconds

25-09-2024T13:16:47 - [MESSAGE][PASSED] - Browser is opened with url: 'https://dev-algorithm.govolution.com/vrelaytest/QA/version_2_2/vrelaytest.html'

25-09-2024T13:16:47 - [TEST_STEP][PASSED] - maximizeWindow(): Current window maximized

25-09-2024T13:16:47 - [MESSAGE][PASSED] - Current window maximized

25-09-2024T13:16:47 - [TEST_STEP][PASSED] - iwpPages.TestHarnessPage.setDataMethod(row, dataFile): iwpPages.TestHarnessPage.setDataMethod is PASSED

25-09-2024T13:16:47 - [MESSAGE][PASSED] - Object 'Object Repository/IWP30/Page_QATestHarness/RemittanceID' is present

25-09-2024T13:16:48 - [MESSAGE][PASSED] - Text '638' is set on object 'Object Repository/IWP30/Page_QATestHarness/ApplicationID'

25-09-2024T13:16:49 - [MESSAGE][PASSED] - Text '2.5' is set on object 'Object Repository/IWP30/Page_QATestHarness/MessageVersion'

25-09-2024T13:16:50 - [MESSAGE][PASSED] - Text 'orTpoRCuZHzo' is set on object 'Object Repository/IWP30/Page_QATestHarness/RemittanceID'

25-09-2024T13:16:54 - [MESSAGE][PASSED] - Object: 'Object Repository/IWP30/Page_QATestHarness/SubmitButton' is clicked on

25-09-2024T13:16:54 - [MESSAGE][PASSED] - iwpPages.TestHarnessPage.setDataMethod is PASSED

25-09-2024T13:16:54 - [TEST_STEP][PASSED] - click(findTestObject("Object Repository/IWP30/Page_SelectPaymentMethod/PayByCorporateCheck")): Object: 'Object Repository/IWP30/Page_SelectPaymentMethod/PayByCorporateCheck' is clicked on

25-09-2024T13:16:54 - [MESSAGE][PASSED] - Object: 'Object Repository/IWP30/Page_SelectPaymentMethod/PayByCorporateCheck' is clicked on

25-09-2024T13:16:54 - [TEST_STEP][PASSED] - click(findTestObject("Object Repository/IWP30/Page_SelectPaymentMethod/MakePaymentButton")): Object: 'Object Repository/IWP30/Page_SelectPaymentMethod/MakePaymentButton' is clicked on

25-09-2024T13:16:56 - [MESSAGE][PASSED] - Object: 'Object Repository/IWP30/Page_SelectPaymentMethod/MakePaymentButton' is clicked on

25-09-2024T13:16:56 - [TEST_STEP][PASSED] - iwpPages.achCorporatePaymentEntryPage.setDataCorporate(row, dataFile): iwpPages.achCorporatePaymentEntryPage.setDataCorporate is PASSED

25-09-2024T13:16:57 - [MESSAGE][PASSED] - Object 'Object Repository/IWP30/Page_ACHCorporatePaymentEntry/txt_accountNumber' is present

25-09-2024T13:16:57 - [MESSAGE][PASSED] - Object 'Object Repository/IWP30/Page_ACHCorporatePaymentEntry/input_CompanyName' is present

25-09-2024T13:16:58 - [MESSAGE][PASSED] - Text 'My Company' is set on object 'Object Repository/IWP30/Page_ACHCorporatePaymentEntry/input_CompanyName'

25-09-2024T13:16:58 - [MESSAGE][PASSED] - Object 'Object Repository/IWP30/Page_ACHCorporatePaymentEntry/input_EIN' is present

25-09-2024T13:16:58 - [MESSAGE][PASSED] - Text '123456789' is set on object 'Object Repository/IWP30/Page_ACHCorporatePaymentEntry/input_EIN'

25-09-2024T13:16:59 - [MESSAGE][PASSED] - Text '9.50' is set on object 'Object Repository/IWP30/Page_ACHCorporatePaymentEntry/txt_Amount'

25-09-2024T13:17:00 - [MESSAGE][PASSED] - All options with label 'Soccer' are selected in object 'Object Repository/IWP30/Page_ACHCorporatePaymentEntry/dd_UDF8' 

25-09-2024T13:17:00 - [MESSAGE][PASSED] - Object 'Object Repository/IWP30/Page_ACHCorporatePaymentEntry/txt_routingNumber' is present

25-09-2024T13:17:01 - [MESSAGE][PASSED] - Text '256072691' is set on object 'Object Repository/IWP30/Page_ACHCorporatePaymentEntry/txt_routingNumber'

25-09-2024T13:17:01 - [MESSAGE][PASSED] - Object 'Object Repository/IWP30/Page_ACHCorporatePaymentEntry/txt_accountNumber' is present

25-09-2024T13:17:03 - [MESSAGE][PASSED] - Text '12344444' is set on object 'Object Repository/IWP30/Page_ACHCorporatePaymentEntry/txt_accountNumber'

25-09-2024T13:17:03 - [MESSAGE][PASSED] - Object 'Object Repository/IWP30/Page_ACHCorporatePaymentEntry/txt_confirmAccountNumber' is present

25-09-2024T13:17:04 - [MESSAGE][PASSED] - Text '12344444' is set on object 'Object Repository/IWP30/Page_ACHCorporatePaymentEntry/txt_confirmAccountNumber'

25-09-2024T13:17:04 - [MESSAGE][PASSED] - Object 'Object Repository/IWP30/Page_ACHCorporatePaymentEntry/txt_Email' is present

25-09-2024T13:17:04 - [MESSAGE][PASSED] - Object 'Object Repository/IWP30/Page_ACHCorporatePaymentEntry/cb_TermsAndCond' is present

25-09-2024T13:17:05 - [MESSAGE][PASSED] - Object: 'Object Repository/IWP30/Page_ACHCorporatePaymentEntry/cb_TermsAndCond' is clicked on

25-09-2024T13:17:05 - [MESSAGE][PASSED] - Object 'Object Repository/IWP30/Page_ACHCorporatePaymentEntry/btn_Continue' is present

25-09-2024T13:17:06 - [MESSAGE][PASSED] - Object: 'Object Repository/IWP30/Page_ACHCorporatePaymentEntry/btn_Continue' is clicked on

25-09-2024T13:17:06 - [MESSAGE][PASSED] - iwpPages.achCorporatePaymentEntryPage.setDataCorporate is PASSED

25-09-2024T13:17:06 - [TEST_STEP][PASSED] - click(findTestObject("Object Repository/IWP30/Page_Confirmation/ConfirmButton")): Object: 'Object Repository/IWP30/Page_Confirmation/ConfirmButton' is clicked on

25-09-2024T13:17:07 - [MESSAGE][PASSED] - Object: 'Object Repository/IWP30/Page_Confirmation/ConfirmButton' is clicked on

25-09-2024T13:17:07 - [TEST_STEP][PASSED] - Thread.sleep(10000): null

25-09-2024T13:17:17 - [TEST_STEP][PASSED] - if (verifyTextPresent("Successful Payment Receipt", false)): null

25-09-2024T13:17:18 - [MESSAGE][PASSED] - Text 'Successful Payment Receipt' is present on page 

25-09-2024T13:17:18 - [TEST_STEP][PASSED] - println("Successful Payment Receipt text is present on the Receipt page"): null

25-09-2024T13:17:18 - [TEST_STEP][PASSED] - markPassed("Successful Payment Receipt text is present on the Receipt page"): Successful Payment Receipt text is present on the Receipt page

25-09-2024T13:17:18 - [MESSAGE][PASSED] - Successful Payment Receipt text is present on the Receipt page

25-09-2024T13:17:18 - [TEST_STEP][PASSED] - resText = "Pass": null

25-09-2024T13:17:18 - [TEST_STEP][PASSED] - pages.WriteExcel.demoKey(resText, datText, resColumn, datCloumn, fileLoc, nameSheet, row): pages.WriteExcel.demoKey is PASSED

25-09-2024T13:17:18 - [MESSAGE][PASSED] - pages.WriteExcel.demoKey is PASSED

25-09-2024T13:17:18 - [TEST_STEP][PASSED] - closeBrowser(): Browser is closed

25-09-2024T13:17:18 - [MESSAGE][PASSED] - Browser is closed]]></system-out>
         <system-err><![CDATA[]]></system-err>
      </testcase>
      <testcase name="Test Cases/IntegratedWeb/IWP25/Payments/OverAndUnderPayCredit" time="130.53" classname="Test Cases/IntegratedWeb/IWP25/Payments/OverAndUnderPayCredit" status="PASSED">
         <system-out><![CDATA[25-09-2024T13:17:18 - [TEST_CASE][PASSED] - Test Cases/IntegratedWeb/IWP25/Payments/OverAndUnderPayCredit: Test Cases/IntegratedWeb/IWP25/Payments/OverAndUnderPayCredit

25-09-2024T13:17:18 - [TEST_STEP][PASSED] - resText = "Fail": null

25-09-2024T13:17:18 - [TEST_STEP][PASSED] - resColumn = "Result": null

25-09-2024T13:17:18 - [TEST_STEP][PASSED] - datCloumn = "Date": null

25-09-2024T13:17:18 - [TEST_STEP][PASSED] - fileLoc = "KatalonData/IWPTestData/VRelay25Payments.xlsx": null

25-09-2024T13:17:18 - [TEST_STEP][PASSED] - numOfRows = <not implemented yet for class: org.codehaus.groovy.ast.expr.EmptyExpression>: null

25-09-2024T13:17:18 - [TEST_STEP][PASSED] - dataFile = <not implemented yet for class: org.codehaus.groovy.ast.expr.EmptyExpression>: null

25-09-2024T13:17:18 - [TEST_STEP][PASSED] - nameSheet = <not implemented yet for class: org.codehaus.groovy.ast.expr.EmptyExpression>: null

25-09-2024T13:17:18 - [TEST_STEP][PASSED] - dataFileEmulator = <not implemented yet for class: org.codehaus.groovy.ast.expr.EmptyExpression>: null

25-09-2024T13:17:18 - [TEST_STEP][PASSED] - isRequiredTextPresent = false: null

25-09-2024T13:17:18 - [TEST_STEP][PASSED] - nameSheet = "OverAndUnderPayCredit": null

25-09-2024T13:17:18 - [TEST_STEP][PASSED] - dataFile = "IWPTestData/IWP25OverAndUnderPayCredit": null

25-09-2024T13:17:18 - [TEST_STEP][PASSED] - dataFileEmulator = "IWPTestData/EmulatorData": null

25-09-2024T13:17:18 - [TEST_STEP][PASSED] - numOfRows = findTestData(dataFile).getRowNumbers(): null

25-09-2024T13:17:18 - [TEST_STEP][PASSED] - println("Number of Records: " + numOfRows): null

25-09-2024T13:17:18 - [TEST_STEP][PASSED] - for ([row = 1, row <= numOfRows, (row++)]): Browser is closed

25-09-2024T13:17:18 - [TEST_STEP][PASSED] - ExecuteTC = findTestData(dataFile).getValue("Execute", row): null

25-09-2024T13:17:18 - [TEST_STEP][PASSED] - out.println("Value of Execute is : " + ExecuteTC): null

25-09-2024T13:17:18 - [TEST_STEP][PASSED] - if (ExecuteTC.equalsIgnoreCase("Y")): null

25-09-2024T13:17:18 - [TEST_STEP][PASSED] - out.println("Begin Record Number: " + row): null

25-09-2024T13:17:18 - [TEST_STEP][PASSED] - today = new java.util.Date(): null

25-09-2024T13:17:18 - [TEST_STEP][PASSED] - println(today): null

25-09-2024T13:17:18 - [TEST_STEP][PASSED] - datText = today: null

25-09-2024T13:17:18 - [TEST_STEP][PASSED] - EmulatorDataKey = findTestData(dataFile).getValue("EmulatorData", row): null

25-09-2024T13:17:19 - [TEST_STEP][PASSED] - out.println("Value of Emulator Key is : " + EmulatorDataKey): null

25-09-2024T13:17:19 - [TEST_STEP][PASSED] - iwpPages.emulatorIWP30.setDataEmulator_DD(EmulatorDataKey): iwpPages.emulatorIWP30.setDataEmulator_DD is PASSED

25-09-2024T13:17:19 - [MESSAGE][INFO] - Starting 'Edge Chromium' driver

25-09-2024T13:17:19 - [MESSAGE][INFO] - User set preference: ['acceptInsecureCerts', 'true']

25-09-2024T13:17:21 - [MESSAGE][INFO] - Action delay is set to 0 milliseconds

25-09-2024T13:17:24 - [MESSAGE][PASSED] - Browser is opened with url: 'https://qa.velocitypayment.com/agency/config.do?action=editor&message_version=2_5'

25-09-2024T13:17:24 - [MESSAGE][PASSED] - Current window maximized

25-09-2024T13:17:25 - [MESSAGE][PASSED] - All options with value '2.5' are selected in object 'Object Repository/IWP30/Page_VRelay30Emulator/MV'  using regular expression

25-09-2024T13:17:26 - [MESSAGE][PASSED] - Text '10.50' is set on object 'Object Repository/IWP30/Page_VRelay30Emulator/Amount'

25-09-2024T13:17:26 - [MESSAGE][PASSED] - Text 'uilQqetB1L3n' is set on object 'Object Repository/IWP30/Page_VRelay30Emulator/CAN'

25-09-2024T13:17:27 - [MESSAGE][PASSED] - Text 'PayNow' is set on object 'Object Repository/IWP30/Page_VRelay30Emulator/Action'

25-09-2024T13:17:28 - [MESSAGE][PASSED] - Text 'en_US' is set on object 'Object Repository/IWP30/Page_VRelay30Emulator/Lang'

25-09-2024T13:17:28 - [MESSAGE][PASSED] - Text 'Jasmine' is set on object 'Object Repository/IWP30/Page_VRelay30Emulator/Fname'

25-09-2024T13:17:29 - [MESSAGE][PASSED] - Text 'Patrinol' is set on object 'Object Repository/IWP30/Page_VRelay30Emulator/Lname'

25-09-2024T13:17:29 - [MESSAGE][PASSED] - Text '258 Underwood rd' is set on object 'Object Repository/IWP30/Page_VRelay30Emulator/AL1'

25-09-2024T13:17:30 - [MESSAGE][PASSED] - Text 'Suite 600' is set on object 'Object Repository/IWP30/Page_VRelay30Emulator/AL2'

25-09-2024T13:17:31 - [MESSAGE][PASSED] - Text '840' is set on object 'Object Repository/IWP30/Page_VRelay30Emulator/Country'

25-09-2024T13:17:31 - [MESSAGE][PASSED] - Text 'Arlington' is set on object 'Object Repository/IWP30/Page_VRelay30Emulator/City'

25-09-2024T13:17:32 - [MESSAGE][PASSED] - Text 'VA' is set on object 'Object Repository/IWP30/Page_VRelay30Emulator/State'

25-09-2024T13:17:32 - [MESSAGE][PASSED] - Text '22201' is set on object 'Object Repository/IWP30/Page_VRelay30Emulator/ZIP'

25-09-2024T13:17:33 - [MESSAGE][PASSED] - Text '' is set on object 'Object Repository/IWP30/Page_VRelay30Emulator/Order'

25-09-2024T13:17:34 - [MESSAGE][PASSED] - Text 'Some Company' is set on object 'Object Repository/IWP30/Page_VRelay30Emulator/Company'

25-09-2024T13:17:34 - [MESSAGE][PASSED] - Text 'iahmed@govolution.com' is set on object 'Object Repository/IWP30/Page_VRelay30Emulator/Email'

25-09-2024T13:17:35 - [MESSAGE][PASSED] - Text 'udf data 1' is set on object 'Object Repository/IWP30/Page_VRelay30Emulator/UDF1'

25-09-2024T13:17:35 - [MESSAGE][PASSED] - Text 'udf data 2' is set on object 'Object Repository/IWP30/Page_VRelay30Emulator/UDF2'

25-09-2024T13:17:36 - [MESSAGE][PASSED] - Text 'udf data 3' is set on object 'Object Repository/IWP30/Page_VRelay30Emulator/UDF3'

25-09-2024T13:17:37 - [MESSAGE][PASSED] - Text 'udf data 4' is set on object 'Object Repository/IWP30/Page_VRelay30Emulator/UDF4'

25-09-2024T13:17:37 - [MESSAGE][PASSED] - Text 'udf data 5' is set on object 'Object Repository/IWP30/Page_VRelay30Emulator/UDF5'

25-09-2024T13:17:38 - [MESSAGE][PASSED] - Text 'udf data 6' is set on object 'Object Repository/IWP30/Page_VRelay30Emulator/UDF6'

25-09-2024T13:17:38 - [MESSAGE][PASSED] - Text 'Orange' is set on object 'Object Repository/IWP30/Page_VRelay30Emulator/UDF7'

25-09-2024T13:17:39 - [MESSAGE][PASSED] - Text 'Soccer' is set on object 'Object Repository/IWP30/Page_VRelay30Emulator/UDF8'

25-09-2024T13:17:40 - [MESSAGE][PASSED] - Text 'udf data 9' is set on object 'Object Repository/IWP30/Page_VRelay30Emulator/UDF9'

25-09-2024T13:17:40 - [MESSAGE][PASSED] - Text 'udf data 10' is set on object 'Object Repository/IWP30/Page_VRelay30Emulator/UDF10'

25-09-2024T13:17:42 - [MESSAGE][PASSED] - Object: 'Object Repository/IWP30/Page_VRelay30Emulator/Submit' is clicked on

25-09-2024T13:17:46 - [MESSAGE][PASSED] - Browser is closed

25-09-2024T13:17:50 - [MESSAGE][PASSED] - iwpPages.emulatorIWP30.setDataEmulator_DD is PASSED

25-09-2024T13:17:50 - [TEST_STEP][PASSED] - testHarnessURL = urlTestHarness: null

25-09-2024T13:17:50 - [TEST_STEP][PASSED] - openBrowser(testHarnessURL): Browser is opened with url: 'https://dev-algorithm.govolution.com/vrelaytest/QA/version_2_2/vrelaytest.html'

25-09-2024T13:17:50 - [MESSAGE][INFO] - Starting 'Edge Chromium' driver

25-09-2024T13:17:50 - [MESSAGE][INFO] - User set preference: ['acceptInsecureCerts', 'true']

25-09-2024T13:17:52 - [MESSAGE][INFO] - Action delay is set to 0 milliseconds

25-09-2024T13:17:56 - [MESSAGE][PASSED] - Browser is opened with url: 'https://dev-algorithm.govolution.com/vrelaytest/QA/version_2_2/vrelaytest.html'

25-09-2024T13:17:56 - [TEST_STEP][PASSED] - maximizeWindow(): Current window maximized

25-09-2024T13:17:56 - [MESSAGE][PASSED] - Current window maximized

25-09-2024T13:17:56 - [TEST_STEP][PASSED] - iwpPages.TestHarnessPage.setDataMethod(row, dataFile): iwpPages.TestHarnessPage.setDataMethod is PASSED

25-09-2024T13:17:56 - [MESSAGE][PASSED] - Object 'Object Repository/IWP30/Page_QATestHarness/RemittanceID' is present

25-09-2024T13:17:57 - [MESSAGE][PASSED] - Text '638' is set on object 'Object Repository/IWP30/Page_QATestHarness/ApplicationID'

25-09-2024T13:17:57 - [MESSAGE][PASSED] - Text '2.5' is set on object 'Object Repository/IWP30/Page_QATestHarness/MessageVersion'

25-09-2024T13:17:58 - [MESSAGE][PASSED] - Text 'Cmlww87Cvpqy' is set on object 'Object Repository/IWP30/Page_QATestHarness/RemittanceID'

25-09-2024T13:18:01 - [MESSAGE][PASSED] - Object: 'Object Repository/IWP30/Page_QATestHarness/SubmitButton' is clicked on

25-09-2024T13:18:01 - [MESSAGE][PASSED] - iwpPages.TestHarnessPage.setDataMethod is PASSED

25-09-2024T13:18:01 - [TEST_STEP][PASSED] - click(findTestObject("Object Repository/IWP30/Page_SelectPaymentMethod/PayByCreditCard")): Object: 'Object Repository/IWP30/Page_SelectPaymentMethod/PayByCreditCard' is clicked on

25-09-2024T13:18:02 - [MESSAGE][PASSED] - Object: 'Object Repository/IWP30/Page_SelectPaymentMethod/PayByCreditCard' is clicked on

25-09-2024T13:18:02 - [TEST_STEP][PASSED] - click(findTestObject("Object Repository/IWP30/Page_SelectPaymentMethod/MakePaymentButton")): Object: 'Object Repository/IWP30/Page_SelectPaymentMethod/MakePaymentButton' is clicked on

25-09-2024T13:18:03 - [MESSAGE][PASSED] - Object: 'Object Repository/IWP30/Page_SelectPaymentMethod/MakePaymentButton' is clicked on

25-09-2024T13:18:03 - [TEST_STEP][PASSED] - iwpPages.ccPaymentEntryPage.setDataCCPM(row, dataFile): iwpPages.ccPaymentEntryPage.setDataCCPM is PASSED

25-09-2024T13:18:05 - [MESSAGE][PASSED] - Object 'Object Repository/IWP30/Page_CCPaymentEntry/Name' is present

25-09-2024T13:18:05 - [MESSAGE][PASSED] - Text '11.50' is set on object 'Object Repository/IWP30/Page_CCPaymentEntry/Amount'

25-09-2024T13:18:06 - [MESSAGE][PASSED] - All options with label 'Soccer' are selected in object 'Object Repository/IWP30/Page_CCPaymentEntry/UserDefined8' 

25-09-2024T13:18:06 - [MESSAGE][PASSED] - Object 'Object Repository/IWP30/Page_CCPaymentEntry/Name' is present

25-09-2024T13:18:06 - [MESSAGE][PASSED] - Object 'Object Repository/IWP30/Page_CCPaymentEntry/CardNumber' is present

25-09-2024T13:18:07 - [MESSAGE][PASSED] - Text '4111111111111111' is set on object 'Object Repository/IWP30/Page_CCPaymentEntry/CardNumber'

25-09-2024T13:18:07 - [MESSAGE][PASSED] - Text '123' is set on object 'Object Repository/IWP30/Page_CCPaymentEntry/SPC'

25-09-2024T13:18:08 - [MESSAGE][PASSED] - Object 'Object Repository/IWP30/Page_CCPaymentEntry/Month' is present

25-09-2024T13:18:08 - [MESSAGE][PASSED] - All options with label '09' are selected in object 'Object Repository/IWP30/Page_CCPaymentEntry/Month' 

25-09-2024T13:18:09 - [MESSAGE][PASSED] - Object 'Object Repository/IWP30/Page_CCPaymentEntry/Year' is present

25-09-2024T13:18:09 - [MESSAGE][PASSED] - All options with label '2028' are selected in object 'Object Repository/IWP30/Page_CCPaymentEntry/Year' 

25-09-2024T13:18:09 - [MESSAGE][PASSED] - Object 'Object Repository/IWP30/Page_CCPaymentEntry/EmailAddress' is present

25-09-2024T13:18:10 - [MESSAGE][PASSED] - Object 'Object Repository/IWP30/Page_CCPaymentEntry/TermCondCheckBox' is present

25-09-2024T13:18:10 - [MESSAGE][PASSED] - Object 'Object Repository/IWP30/Page_CCPaymentEntry/TermCondCheckBox' is checked

25-09-2024T13:18:10 - [MESSAGE][PASSED] - Object 'Object Repository/IWP30/Page_CCPaymentEntry/ContinueButton' is present

25-09-2024T13:18:12 - [MESSAGE][PASSED] - Object: 'Object Repository/IWP30/Page_CCPaymentEntry/ContinueButton' is clicked on

25-09-2024T13:18:12 - [MESSAGE][PASSED] - iwpPages.ccPaymentEntryPage.setDataCCPM is PASSED

25-09-2024T13:18:12 - [TEST_STEP][PASSED] - click(findTestObject("Object Repository/IWP30/Page_Confirmation/ConfirmButton")): Object: 'Object Repository/IWP30/Page_Confirmation/ConfirmButton' is clicked on

25-09-2024T13:18:13 - [MESSAGE][PASSED] - Object: 'Object Repository/IWP30/Page_Confirmation/ConfirmButton' is clicked on

25-09-2024T13:18:13 - [TEST_STEP][PASSED] - Thread.sleep(10000): null

25-09-2024T13:18:23 - [TEST_STEP][PASSED] - if (verifyTextPresent("Successful Payment Receipt", false)): null

25-09-2024T13:18:23 - [MESSAGE][PASSED] - Text 'Successful Payment Receipt' is present on page 

25-09-2024T13:18:23 - [TEST_STEP][PASSED] - println("Successful Payment Receipt text is present on the Receipt page"): null

25-09-2024T13:18:23 - [TEST_STEP][PASSED] - markPassed("Successful Payment Receipt text is present on the Receipt page"): Successful Payment Receipt text is present on the Receipt page

25-09-2024T13:18:23 - [MESSAGE][PASSED] - Successful Payment Receipt text is present on the Receipt page

25-09-2024T13:18:23 - [TEST_STEP][PASSED] - resText = "Pass": null

25-09-2024T13:18:23 - [TEST_STEP][PASSED] - pages.WriteExcel.demoKey(resText, datText, resColumn, datCloumn, fileLoc, nameSheet, row): pages.WriteExcel.demoKey is PASSED

25-09-2024T13:18:23 - [MESSAGE][PASSED] - pages.WriteExcel.demoKey is PASSED

25-09-2024T13:18:23 - [TEST_STEP][PASSED] - closeBrowser(): Browser is closed

25-09-2024T13:18:24 - [MESSAGE][PASSED] - Browser is closed

25-09-2024T13:18:24 - [TEST_STEP][PASSED] - ExecuteTC = findTestData(dataFile).getValue("Execute", row): null

25-09-2024T13:18:24 - [TEST_STEP][PASSED] - out.println("Value of Execute is : " + ExecuteTC): null

25-09-2024T13:18:24 - [TEST_STEP][PASSED] - if (ExecuteTC.equalsIgnoreCase("Y")): null

25-09-2024T13:18:24 - [TEST_STEP][PASSED] - out.println("Begin Record Number: " + row): null

25-09-2024T13:18:24 - [TEST_STEP][PASSED] - today = new java.util.Date(): null

25-09-2024T13:18:24 - [TEST_STEP][PASSED] - println(today): null

25-09-2024T13:18:24 - [TEST_STEP][PASSED] - datText = today: null

25-09-2024T13:18:24 - [TEST_STEP][PASSED] - EmulatorDataKey = findTestData(dataFile).getValue("EmulatorData", row): null

25-09-2024T13:18:24 - [TEST_STEP][PASSED] - out.println("Value of Emulator Key is : " + EmulatorDataKey): null

25-09-2024T13:18:24 - [TEST_STEP][PASSED] - iwpPages.emulatorIWP30.setDataEmulator_DD(EmulatorDataKey): iwpPages.emulatorIWP30.setDataEmulator_DD is PASSED

25-09-2024T13:18:24 - [MESSAGE][INFO] - Starting 'Edge Chromium' driver

25-09-2024T13:18:24 - [MESSAGE][INFO] - User set preference: ['acceptInsecureCerts', 'true']

25-09-2024T13:18:26 - [MESSAGE][INFO] - Action delay is set to 0 milliseconds

25-09-2024T13:18:29 - [MESSAGE][PASSED] - Browser is opened with url: 'https://qa.velocitypayment.com/agency/config.do?action=editor&message_version=2_5'

25-09-2024T13:18:29 - [MESSAGE][PASSED] - Current window maximized

25-09-2024T13:18:30 - [MESSAGE][PASSED] - All options with value '2.5' are selected in object 'Object Repository/IWP30/Page_VRelay30Emulator/MV'  using regular expression

25-09-2024T13:18:31 - [MESSAGE][PASSED] - Text '10.50' is set on object 'Object Repository/IWP30/Page_VRelay30Emulator/Amount'

25-09-2024T13:18:31 - [MESSAGE][PASSED] - Text 'XibPOU8SYbia' is set on object 'Object Repository/IWP30/Page_VRelay30Emulator/CAN'

25-09-2024T13:18:32 - [MESSAGE][PASSED] - Text 'PayNow' is set on object 'Object Repository/IWP30/Page_VRelay30Emulator/Action'

25-09-2024T13:18:33 - [MESSAGE][PASSED] - Text 'en_US' is set on object 'Object Repository/IWP30/Page_VRelay30Emulator/Lang'

25-09-2024T13:18:33 - [MESSAGE][PASSED] - Text 'Jasmine' is set on object 'Object Repository/IWP30/Page_VRelay30Emulator/Fname'

25-09-2024T13:18:34 - [MESSAGE][PASSED] - Text 'Patrinol' is set on object 'Object Repository/IWP30/Page_VRelay30Emulator/Lname'

25-09-2024T13:18:34 - [MESSAGE][PASSED] - Text '258 Underwood rd' is set on object 'Object Repository/IWP30/Page_VRelay30Emulator/AL1'

25-09-2024T13:18:35 - [MESSAGE][PASSED] - Text 'Suite 600' is set on object 'Object Repository/IWP30/Page_VRelay30Emulator/AL2'

25-09-2024T13:18:36 - [MESSAGE][PASSED] - Text '840' is set on object 'Object Repository/IWP30/Page_VRelay30Emulator/Country'

25-09-2024T13:18:36 - [MESSAGE][PASSED] - Text 'Arlington' is set on object 'Object Repository/IWP30/Page_VRelay30Emulator/City'

25-09-2024T13:18:37 - [MESSAGE][PASSED] - Text 'VA' is set on object 'Object Repository/IWP30/Page_VRelay30Emulator/State'

25-09-2024T13:18:37 - [MESSAGE][PASSED] - Text '22201' is set on object 'Object Repository/IWP30/Page_VRelay30Emulator/ZIP'

25-09-2024T13:18:38 - [MESSAGE][PASSED] - Text '' is set on object 'Object Repository/IWP30/Page_VRelay30Emulator/Order'

25-09-2024T13:18:39 - [MESSAGE][PASSED] - Text 'Some Company' is set on object 'Object Repository/IWP30/Page_VRelay30Emulator/Company'

25-09-2024T13:18:39 - [MESSAGE][PASSED] - Text 'iahmed@govolution.com' is set on object 'Object Repository/IWP30/Page_VRelay30Emulator/Email'

25-09-2024T13:18:40 - [MESSAGE][PASSED] - Text 'udf data 1' is set on object 'Object Repository/IWP30/Page_VRelay30Emulator/UDF1'

25-09-2024T13:18:40 - [MESSAGE][PASSED] - Text 'udf data 2' is set on object 'Object Repository/IWP30/Page_VRelay30Emulator/UDF2'

25-09-2024T13:18:41 - [MESSAGE][PASSED] - Text 'udf data 3' is set on object 'Object Repository/IWP30/Page_VRelay30Emulator/UDF3'

25-09-2024T13:18:42 - [MESSAGE][PASSED] - Text 'udf data 4' is set on object 'Object Repository/IWP30/Page_VRelay30Emulator/UDF4'

25-09-2024T13:18:42 - [MESSAGE][PASSED] - Text 'udf data 5' is set on object 'Object Repository/IWP30/Page_VRelay30Emulator/UDF5'

25-09-2024T13:18:43 - [MESSAGE][PASSED] - Text 'udf data 6' is set on object 'Object Repository/IWP30/Page_VRelay30Emulator/UDF6'

25-09-2024T13:18:43 - [MESSAGE][PASSED] - Text 'Orange' is set on object 'Object Repository/IWP30/Page_VRelay30Emulator/UDF7'

25-09-2024T13:18:44 - [MESSAGE][PASSED] - Text 'Soccer' is set on object 'Object Repository/IWP30/Page_VRelay30Emulator/UDF8'

25-09-2024T13:18:45 - [MESSAGE][PASSED] - Text 'udf data 9' is set on object 'Object Repository/IWP30/Page_VRelay30Emulator/UDF9'

25-09-2024T13:18:45 - [MESSAGE][PASSED] - Text 'udf data 10' is set on object 'Object Repository/IWP30/Page_VRelay30Emulator/UDF10'

25-09-2024T13:18:46 - [MESSAGE][PASSED] - Object: 'Object Repository/IWP30/Page_VRelay30Emulator/Submit' is clicked on

25-09-2024T13:18:51 - [MESSAGE][PASSED] - Browser is closed

25-09-2024T13:18:55 - [MESSAGE][PASSED] - iwpPages.emulatorIWP30.setDataEmulator_DD is PASSED

25-09-2024T13:18:55 - [TEST_STEP][PASSED] - testHarnessURL = urlTestHarness: null

25-09-2024T13:18:55 - [TEST_STEP][PASSED] - openBrowser(testHarnessURL): Browser is opened with url: 'https://dev-algorithm.govolution.com/vrelaytest/QA/version_2_2/vrelaytest.html'

25-09-2024T13:18:55 - [MESSAGE][INFO] - Starting 'Edge Chromium' driver

25-09-2024T13:18:55 - [MESSAGE][INFO] - User set preference: ['acceptInsecureCerts', 'true']

25-09-2024T13:18:57 - [MESSAGE][INFO] - Action delay is set to 0 milliseconds

25-09-2024T13:19:01 - [MESSAGE][PASSED] - Browser is opened with url: 'https://dev-algorithm.govolution.com/vrelaytest/QA/version_2_2/vrelaytest.html'

25-09-2024T13:19:01 - [TEST_STEP][PASSED] - maximizeWindow(): Current window maximized

25-09-2024T13:19:01 - [MESSAGE][PASSED] - Current window maximized

25-09-2024T13:19:01 - [TEST_STEP][PASSED] - iwpPages.TestHarnessPage.setDataMethod(row, dataFile): iwpPages.TestHarnessPage.setDataMethod is PASSED

25-09-2024T13:19:01 - [MESSAGE][PASSED] - Object 'Object Repository/IWP30/Page_QATestHarness/RemittanceID' is present

25-09-2024T13:19:02 - [MESSAGE][PASSED] - Text '638' is set on object 'Object Repository/IWP30/Page_QATestHarness/ApplicationID'

25-09-2024T13:19:02 - [MESSAGE][PASSED] - Text '2.5' is set on object 'Object Repository/IWP30/Page_QATestHarness/MessageVersion'

25-09-2024T13:19:03 - [MESSAGE][PASSED] - Text 'zEuuncB7C1sO' is set on object 'Object Repository/IWP30/Page_QATestHarness/RemittanceID'

25-09-2024T13:19:06 - [MESSAGE][PASSED] - Object: 'Object Repository/IWP30/Page_QATestHarness/SubmitButton' is clicked on

25-09-2024T13:19:06 - [MESSAGE][PASSED] - iwpPages.TestHarnessPage.setDataMethod is PASSED

25-09-2024T13:19:06 - [TEST_STEP][PASSED] - click(findTestObject("Object Repository/IWP30/Page_SelectPaymentMethod/PayByCreditCard")): Object: 'Object Repository/IWP30/Page_SelectPaymentMethod/PayByCreditCard' is clicked on

25-09-2024T13:19:06 - [MESSAGE][PASSED] - Object: 'Object Repository/IWP30/Page_SelectPaymentMethod/PayByCreditCard' is clicked on

25-09-2024T13:19:06 - [TEST_STEP][PASSED] - click(findTestObject("Object Repository/IWP30/Page_SelectPaymentMethod/MakePaymentButton")): Object: 'Object Repository/IWP30/Page_SelectPaymentMethod/MakePaymentButton' is clicked on

25-09-2024T13:19:08 - [MESSAGE][PASSED] - Object: 'Object Repository/IWP30/Page_SelectPaymentMethod/MakePaymentButton' is clicked on

25-09-2024T13:19:08 - [TEST_STEP][PASSED] - iwpPages.ccPaymentEntryPage.setDataCCPM(row, dataFile): iwpPages.ccPaymentEntryPage.setDataCCPM is PASSED

25-09-2024T13:19:09 - [MESSAGE][PASSED] - Object 'Object Repository/IWP30/Page_CCPaymentEntry/Name' is present

25-09-2024T13:19:10 - [MESSAGE][PASSED] - Text '9.50' is set on object 'Object Repository/IWP30/Page_CCPaymentEntry/Amount'

25-09-2024T13:19:10 - [MESSAGE][PASSED] - All options with label 'Soccer' are selected in object 'Object Repository/IWP30/Page_CCPaymentEntry/UserDefined8' 

25-09-2024T13:19:11 - [MESSAGE][PASSED] - Object 'Object Repository/IWP30/Page_CCPaymentEntry/Name' is present

25-09-2024T13:19:11 - [MESSAGE][PASSED] - Object 'Object Repository/IWP30/Page_CCPaymentEntry/CardNumber' is present

25-09-2024T13:19:12 - [MESSAGE][PASSED] - Text '4111111111111111' is set on object 'Object Repository/IWP30/Page_CCPaymentEntry/CardNumber'

25-09-2024T13:19:12 - [MESSAGE][PASSED] - Text '123' is set on object 'Object Repository/IWP30/Page_CCPaymentEntry/SPC'

25-09-2024T13:19:13 - [MESSAGE][PASSED] - Object 'Object Repository/IWP30/Page_CCPaymentEntry/Month' is present

25-09-2024T13:19:13 - [MESSAGE][PASSED] - All options with label '09' are selected in object 'Object Repository/IWP30/Page_CCPaymentEntry/Month' 

25-09-2024T13:19:13 - [MESSAGE][PASSED] - Object 'Object Repository/IWP30/Page_CCPaymentEntry/Year' is present

25-09-2024T13:19:14 - [MESSAGE][PASSED] - All options with label '2028' are selected in object 'Object Repository/IWP30/Page_CCPaymentEntry/Year' 

25-09-2024T13:19:14 - [MESSAGE][PASSED] - Object 'Object Repository/IWP30/Page_CCPaymentEntry/EmailAddress' is present

25-09-2024T13:19:14 - [MESSAGE][PASSED] - Object 'Object Repository/IWP30/Page_CCPaymentEntry/TermCondCheckBox' is present

25-09-2024T13:19:15 - [MESSAGE][PASSED] - Object 'Object Repository/IWP30/Page_CCPaymentEntry/TermCondCheckBox' is checked

25-09-2024T13:19:15 - [MESSAGE][PASSED] - Object 'Object Repository/IWP30/Page_CCPaymentEntry/ContinueButton' is present

25-09-2024T13:19:16 - [MESSAGE][PASSED] - Object: 'Object Repository/IWP30/Page_CCPaymentEntry/ContinueButton' is clicked on

25-09-2024T13:19:16 - [MESSAGE][PASSED] - iwpPages.ccPaymentEntryPage.setDataCCPM is PASSED

25-09-2024T13:19:16 - [TEST_STEP][PASSED] - click(findTestObject("Object Repository/IWP30/Page_Confirmation/ConfirmButton")): Object: 'Object Repository/IWP30/Page_Confirmation/ConfirmButton' is clicked on

25-09-2024T13:19:18 - [MESSAGE][PASSED] - Object: 'Object Repository/IWP30/Page_Confirmation/ConfirmButton' is clicked on

25-09-2024T13:19:18 - [TEST_STEP][PASSED] - Thread.sleep(10000): null

25-09-2024T13:19:28 - [TEST_STEP][PASSED] - if (verifyTextPresent("Successful Payment Receipt", false)): null

25-09-2024T13:19:28 - [MESSAGE][PASSED] - Text 'Successful Payment Receipt' is present on page 

25-09-2024T13:19:28 - [TEST_STEP][PASSED] - println("Successful Payment Receipt text is present on the Receipt page"): null

25-09-2024T13:19:28 - [TEST_STEP][PASSED] - markPassed("Successful Payment Receipt text is present on the Receipt page"): Successful Payment Receipt text is present on the Receipt page

25-09-2024T13:19:28 - [MESSAGE][PASSED] - Successful Payment Receipt text is present on the Receipt page

25-09-2024T13:19:28 - [TEST_STEP][PASSED] - resText = "Pass": null

25-09-2024T13:19:28 - [TEST_STEP][PASSED] - pages.WriteExcel.demoKey(resText, datText, resColumn, datCloumn, fileLoc, nameSheet, row): pages.WriteExcel.demoKey is PASSED

25-09-2024T13:19:28 - [MESSAGE][PASSED] - pages.WriteExcel.demoKey is PASSED

25-09-2024T13:19:28 - [TEST_STEP][PASSED] - closeBrowser(): Browser is closed

25-09-2024T13:19:29 - [MESSAGE][PASSED] - Browser is closed]]></system-out>
         <system-err><![CDATA[]]></system-err>
      </testcase>
      <testcase name="Test Cases/IntegratedWeb/IWP25/Payments/OverAndUnderPayPC" time="136.143" classname="Test Cases/IntegratedWeb/IWP25/Payments/OverAndUnderPayPC" status="PASSED">
         <system-out><![CDATA[25-09-2024T13:19:29 - [TEST_CASE][PASSED] - Test Cases/IntegratedWeb/IWP25/Payments/OverAndUnderPayPC: Test Cases/IntegratedWeb/IWP25/Payments/OverAndUnderPayPC

25-09-2024T13:19:29 - [TEST_STEP][PASSED] - resText = "Fail": null

25-09-2024T13:19:29 - [TEST_STEP][PASSED] - resColumn = "Result": null

25-09-2024T13:19:29 - [TEST_STEP][PASSED] - datCloumn = "Date": null

25-09-2024T13:19:29 - [TEST_STEP][PASSED] - fileLoc = "KatalonData/IWPTestData/VRelay25Payments.xlsx": null

25-09-2024T13:19:29 - [TEST_STEP][PASSED] - numOfRows = <not implemented yet for class: org.codehaus.groovy.ast.expr.EmptyExpression>: null

25-09-2024T13:19:29 - [TEST_STEP][PASSED] - dataFile = <not implemented yet for class: org.codehaus.groovy.ast.expr.EmptyExpression>: null

25-09-2024T13:19:29 - [TEST_STEP][PASSED] - nameSheet = <not implemented yet for class: org.codehaus.groovy.ast.expr.EmptyExpression>: null

25-09-2024T13:19:29 - [TEST_STEP][PASSED] - dataFileEmulator = <not implemented yet for class: org.codehaus.groovy.ast.expr.EmptyExpression>: null

25-09-2024T13:19:29 - [TEST_STEP][PASSED] - isRequiredTextPresent = false: null

25-09-2024T13:19:29 - [TEST_STEP][PASSED] - nameSheet = "OverAndUnderPayPC": null

25-09-2024T13:19:29 - [TEST_STEP][PASSED] - dataFile = "IWPTestData/IWP25OverAndUnderPayPC": null

25-09-2024T13:19:29 - [TEST_STEP][PASSED] - dataFileEmulator = "IWPTestData/EmulatorData": null

25-09-2024T13:19:29 - [TEST_STEP][PASSED] - numOfRows = findTestData(dataFile).getRowNumbers(): null

25-09-2024T13:19:29 - [TEST_STEP][PASSED] - println("Number of Records: " + numOfRows): null

25-09-2024T13:19:29 - [TEST_STEP][PASSED] - for ([row = 1, row <= numOfRows, (row++)]): Browser is closed

25-09-2024T13:19:29 - [TEST_STEP][PASSED] - ExecuteTC = findTestData(dataFile).getValue("Execute", row): null

25-09-2024T13:19:29 - [TEST_STEP][PASSED] - out.println("Value of Execute is : " + ExecuteTC): null

25-09-2024T13:19:29 - [TEST_STEP][PASSED] - if (ExecuteTC.equalsIgnoreCase("Y")): null

25-09-2024T13:19:29 - [TEST_STEP][PASSED] - out.println("Begin Record Number: " + row): null

25-09-2024T13:19:29 - [TEST_STEP][PASSED] - today = new java.util.Date(): null

25-09-2024T13:19:29 - [TEST_STEP][PASSED] - println(today): null

25-09-2024T13:19:29 - [TEST_STEP][PASSED] - datText = today: null

25-09-2024T13:19:29 - [TEST_STEP][PASSED] - EmulatorDataKey = findTestData(dataFile).getValue("EmulatorData", row): null

25-09-2024T13:19:29 - [TEST_STEP][PASSED] - out.println("Value of Emulator Key is : " + EmulatorDataKey): null

25-09-2024T13:19:29 - [TEST_STEP][PASSED] - iwpPages.emulatorIWP30.setDataEmulator_DD(EmulatorDataKey): iwpPages.emulatorIWP30.setDataEmulator_DD is PASSED

25-09-2024T13:19:30 - [MESSAGE][INFO] - Starting 'Edge Chromium' driver

25-09-2024T13:19:30 - [MESSAGE][INFO] - User set preference: ['acceptInsecureCerts', 'true']

25-09-2024T13:19:32 - [MESSAGE][INFO] - Action delay is set to 0 milliseconds

25-09-2024T13:19:36 - [MESSAGE][PASSED] - Browser is opened with url: 'https://qa.velocitypayment.com/agency/config.do?action=editor&message_version=2_5'

25-09-2024T13:19:36 - [MESSAGE][PASSED] - Current window maximized

25-09-2024T13:19:37 - [MESSAGE][PASSED] - All options with value '2.5' are selected in object 'Object Repository/IWP30/Page_VRelay30Emulator/MV'  using regular expression

25-09-2024T13:19:38 - [MESSAGE][PASSED] - Text '10.50' is set on object 'Object Repository/IWP30/Page_VRelay30Emulator/Amount'

25-09-2024T13:19:38 - [MESSAGE][PASSED] - Text 'S3l9lZqWnLID' is set on object 'Object Repository/IWP30/Page_VRelay30Emulator/CAN'

25-09-2024T13:19:39 - [MESSAGE][PASSED] - Text 'PayNow' is set on object 'Object Repository/IWP30/Page_VRelay30Emulator/Action'

25-09-2024T13:19:40 - [MESSAGE][PASSED] - Text 'en_US' is set on object 'Object Repository/IWP30/Page_VRelay30Emulator/Lang'

25-09-2024T13:19:40 - [MESSAGE][PASSED] - Text 'Jasmine' is set on object 'Object Repository/IWP30/Page_VRelay30Emulator/Fname'

25-09-2024T13:19:41 - [MESSAGE][PASSED] - Text 'Patrinol' is set on object 'Object Repository/IWP30/Page_VRelay30Emulator/Lname'

25-09-2024T13:19:41 - [MESSAGE][PASSED] - Text '258 Underwood rd' is set on object 'Object Repository/IWP30/Page_VRelay30Emulator/AL1'

25-09-2024T13:19:42 - [MESSAGE][PASSED] - Text 'Suite 600' is set on object 'Object Repository/IWP30/Page_VRelay30Emulator/AL2'

25-09-2024T13:19:43 - [MESSAGE][PASSED] - Text '840' is set on object 'Object Repository/IWP30/Page_VRelay30Emulator/Country'

25-09-2024T13:19:43 - [MESSAGE][PASSED] - Text 'Arlington' is set on object 'Object Repository/IWP30/Page_VRelay30Emulator/City'

25-09-2024T13:19:44 - [MESSAGE][PASSED] - Text 'VA' is set on object 'Object Repository/IWP30/Page_VRelay30Emulator/State'

25-09-2024T13:19:44 - [MESSAGE][PASSED] - Text '22201' is set on object 'Object Repository/IWP30/Page_VRelay30Emulator/ZIP'

25-09-2024T13:19:45 - [MESSAGE][PASSED] - Text '' is set on object 'Object Repository/IWP30/Page_VRelay30Emulator/Order'

25-09-2024T13:19:46 - [MESSAGE][PASSED] - Text 'Some Company' is set on object 'Object Repository/IWP30/Page_VRelay30Emulator/Company'

25-09-2024T13:19:46 - [MESSAGE][PASSED] - Text 'iahmed@govolution.com' is set on object 'Object Repository/IWP30/Page_VRelay30Emulator/Email'

25-09-2024T13:19:47 - [MESSAGE][PASSED] - Text 'udf data 1' is set on object 'Object Repository/IWP30/Page_VRelay30Emulator/UDF1'

25-09-2024T13:19:47 - [MESSAGE][PASSED] - Text 'udf data 2' is set on object 'Object Repository/IWP30/Page_VRelay30Emulator/UDF2'

25-09-2024T13:19:48 - [MESSAGE][PASSED] - Text 'udf data 3' is set on object 'Object Repository/IWP30/Page_VRelay30Emulator/UDF3'

25-09-2024T13:19:49 - [MESSAGE][PASSED] - Text 'udf data 4' is set on object 'Object Repository/IWP30/Page_VRelay30Emulator/UDF4'

25-09-2024T13:19:49 - [MESSAGE][PASSED] - Text 'udf data 5' is set on object 'Object Repository/IWP30/Page_VRelay30Emulator/UDF5'

25-09-2024T13:19:50 - [MESSAGE][PASSED] - Text 'udf data 6' is set on object 'Object Repository/IWP30/Page_VRelay30Emulator/UDF6'

25-09-2024T13:19:50 - [MESSAGE][PASSED] - Text 'Orange' is set on object 'Object Repository/IWP30/Page_VRelay30Emulator/UDF7'

25-09-2024T13:19:51 - [MESSAGE][PASSED] - Text 'Soccer' is set on object 'Object Repository/IWP30/Page_VRelay30Emulator/UDF8'

25-09-2024T13:19:52 - [MESSAGE][PASSED] - Text 'udf data 9' is set on object 'Object Repository/IWP30/Page_VRelay30Emulator/UDF9'

25-09-2024T13:19:52 - [MESSAGE][PASSED] - Text 'udf data 10' is set on object 'Object Repository/IWP30/Page_VRelay30Emulator/UDF10'

25-09-2024T13:19:53 - [MESSAGE][PASSED] - Object: 'Object Repository/IWP30/Page_VRelay30Emulator/Submit' is clicked on

25-09-2024T13:19:58 - [MESSAGE][PASSED] - Browser is closed

25-09-2024T13:20:02 - [MESSAGE][PASSED] - iwpPages.emulatorIWP30.setDataEmulator_DD is PASSED

25-09-2024T13:20:02 - [TEST_STEP][PASSED] - testHarnessURL = urlTestHarness: null

25-09-2024T13:20:02 - [TEST_STEP][PASSED] - openBrowser(testHarnessURL): Browser is opened with url: 'https://dev-algorithm.govolution.com/vrelaytest/QA/version_2_2/vrelaytest.html'

25-09-2024T13:20:02 - [MESSAGE][INFO] - Starting 'Edge Chromium' driver

25-09-2024T13:20:02 - [MESSAGE][INFO] - User set preference: ['acceptInsecureCerts', 'true']

25-09-2024T13:20:04 - [MESSAGE][INFO] - Action delay is set to 0 milliseconds

25-09-2024T13:20:07 - [MESSAGE][PASSED] - Browser is opened with url: 'https://dev-algorithm.govolution.com/vrelaytest/QA/version_2_2/vrelaytest.html'

25-09-2024T13:20:07 - [TEST_STEP][PASSED] - maximizeWindow(): Current window maximized

25-09-2024T13:20:07 - [MESSAGE][PASSED] - Current window maximized

25-09-2024T13:20:07 - [TEST_STEP][PASSED] - iwpPages.TestHarnessPage.setDataMethod(row, dataFile): iwpPages.TestHarnessPage.setDataMethod is PASSED

25-09-2024T13:20:08 - [MESSAGE][PASSED] - Object 'Object Repository/IWP30/Page_QATestHarness/RemittanceID' is present

25-09-2024T13:20:08 - [MESSAGE][PASSED] - Text '638' is set on object 'Object Repository/IWP30/Page_QATestHarness/ApplicationID'

25-09-2024T13:20:09 - [MESSAGE][PASSED] - Text '2.5' is set on object 'Object Repository/IWP30/Page_QATestHarness/MessageVersion'

25-09-2024T13:20:10 - [MESSAGE][PASSED] - Text '6udCiZw2fogK' is set on object 'Object Repository/IWP30/Page_QATestHarness/RemittanceID'

25-09-2024T13:20:13 - [MESSAGE][PASSED] - Object: 'Object Repository/IWP30/Page_QATestHarness/SubmitButton' is clicked on

25-09-2024T13:20:13 - [MESSAGE][PASSED] - iwpPages.TestHarnessPage.setDataMethod is PASSED

25-09-2024T13:20:13 - [TEST_STEP][PASSED] - click(findTestObject("Object Repository/IWP30/Page_SelectPaymentMethod/PayByPersonalCheck")): Object: 'Object Repository/IWP30/Page_SelectPaymentMethod/PayByPersonalCheck' is clicked on

25-09-2024T13:20:13 - [MESSAGE][PASSED] - Object: 'Object Repository/IWP30/Page_SelectPaymentMethod/PayByPersonalCheck' is clicked on

25-09-2024T13:20:13 - [TEST_STEP][PASSED] - click(findTestObject("Object Repository/IWP30/Page_SelectPaymentMethod/MakePaymentButton")): Object: 'Object Repository/IWP30/Page_SelectPaymentMethod/MakePaymentButton' is clicked on

25-09-2024T13:20:15 - [MESSAGE][PASSED] - Object: 'Object Repository/IWP30/Page_SelectPaymentMethod/MakePaymentButton' is clicked on

25-09-2024T13:20:15 - [TEST_STEP][PASSED] - iwpPages.achPersonalPaymentEntryPage.setDataACHPPM(row, dataFile): iwpPages.achPersonalPaymentEntryPage.setDataACHPPM is PASSED

25-09-2024T13:20:16 - [MESSAGE][PASSED] - Object 'Object Repository/IWP30/Page_ACHPersonalPaymentEntry/txt_accountNumber' is present

25-09-2024T13:20:16 - [MESSAGE][PASSED] - Text '11.50' is set on object 'Object Repository/IWP30/Page_ACHPersonalPaymentEntry/txt_Amount'

25-09-2024T13:20:17 - [MESSAGE][PASSED] - Object 'Object Repository/IWP30/Page_ACHPersonalPaymentEntry/txt_UDF2' is present

25-09-2024T13:20:17 - [MESSAGE][PASSED] - All options with label 'Soccer' are selected in object 'Object Repository/IWP30/Page_ACHPersonalPaymentEntry/dd_UDF8' 

25-09-2024T13:20:17 - [MESSAGE][PASSED] - Object 'Object Repository/IWP30/Page_ACHPersonalPaymentEntry/txt_Firstname' is present

25-09-2024T13:20:18 - [MESSAGE][PASSED] - Text 'Elizath' is set on object 'Object Repository/IWP30/Page_ACHPersonalPaymentEntry/txt_Firstname'

25-09-2024T13:20:18 - [MESSAGE][PASSED] - Object 'Object Repository/IWP30/Page_ACHPersonalPaymentEntry/txt_Lastname' is present

25-09-2024T13:20:19 - [MESSAGE][PASSED] - Text 'Christine' is set on object 'Object Repository/IWP30/Page_ACHPersonalPaymentEntry/txt_Lastname'

25-09-2024T13:20:19 - [MESSAGE][PASSED] - Object 'Object Repository/IWP30/Page_ACHPersonalPaymentEntry/txt_routingNumber' is present

25-09-2024T13:20:20 - [MESSAGE][PASSED] - Text '256072691' is set on object 'Object Repository/IWP30/Page_ACHPersonalPaymentEntry/txt_routingNumber'

25-09-2024T13:20:20 - [MESSAGE][PASSED] - Object 'Object Repository/IWP30/Page_ACHPersonalPaymentEntry/txt_accountNumber' is present

25-09-2024T13:20:22 - [MESSAGE][PASSED] - Text '12344444' is set on object 'Object Repository/IWP30/Page_ACHPersonalPaymentEntry/txt_accountNumber'

25-09-2024T13:20:22 - [MESSAGE][PASSED] - Object 'Object Repository/IWP30/Page_ACHPersonalPaymentEntry/txt_confirmAccountNumber' is present

25-09-2024T13:20:23 - [MESSAGE][PASSED] - Text '12344444' is set on object 'Object Repository/IWP30/Page_ACHPersonalPaymentEntry/txt_confirmAccountNumber'

25-09-2024T13:20:23 - [MESSAGE][PASSED] - Object 'Object Repository/IWP30/Page_ACHPersonalPaymentEntry/rd_accountType' is present

25-09-2024T13:20:23 - [MESSAGE][PASSED] - Modify property of object successfully

25-09-2024T13:20:23 - [MESSAGE][PASSED] - Object: 'Object Repository/IWP30/Page_ACHPersonalPaymentEntry/rd_accountType' is clicked on

25-09-2024T13:20:23 - [MESSAGE][PASSED] - Object 'Object Repository/IWP30/Page_ACHPersonalPaymentEntry/txt_Email' is present

25-09-2024T13:20:24 - [MESSAGE][PASSED] - Object 'Object Repository/IWP30/Page_ACHPersonalPaymentEntry/cb_TermsAndCond' is present

25-09-2024T13:20:24 - [MESSAGE][PASSED] - Object: 'Object Repository/IWP30/Page_ACHPersonalPaymentEntry/cb_TermsAndCond' is clicked on

25-09-2024T13:20:24 - [MESSAGE][PASSED] - Object 'Object Repository/IWP30/Page_ACHPersonalPaymentEntry/btn_Continue' is present

25-09-2024T13:20:25 - [MESSAGE][PASSED] - Object: 'Object Repository/IWP30/Page_ACHPersonalPaymentEntry/btn_Continue' is clicked on

25-09-2024T13:20:25 - [MESSAGE][PASSED] - iwpPages.achPersonalPaymentEntryPage.setDataACHPPM is PASSED

25-09-2024T13:20:25 - [TEST_STEP][PASSED] - click(findTestObject("Object Repository/IWP30/Page_Confirmation/ConfirmButton")): Object: 'Object Repository/IWP30/Page_Confirmation/ConfirmButton' is clicked on

25-09-2024T13:20:27 - [MESSAGE][PASSED] - Object: 'Object Repository/IWP30/Page_Confirmation/ConfirmButton' is clicked on

25-09-2024T13:20:27 - [TEST_STEP][PASSED] - Thread.sleep(10000): null

25-09-2024T13:20:37 - [TEST_STEP][PASSED] - if (verifyTextPresent("Successful Payment Receipt", false)): null

25-09-2024T13:20:37 - [MESSAGE][PASSED] - Text 'Successful Payment Receipt' is present on page 

25-09-2024T13:20:37 - [TEST_STEP][PASSED] - println("Successful Payment Receipt text is present on the Receipt page"): null

25-09-2024T13:20:37 - [TEST_STEP][PASSED] - markPassed("Successful Payment Receipt text is present on the Receipt page"): Successful Payment Receipt text is present on the Receipt page

25-09-2024T13:20:37 - [MESSAGE][PASSED] - Successful Payment Receipt text is present on the Receipt page

25-09-2024T13:20:37 - [TEST_STEP][PASSED] - resText = "Pass": null

25-09-2024T13:20:37 - [TEST_STEP][PASSED] - pages.WriteExcel.demoKey(resText, datText, resColumn, datCloumn, fileLoc, nameSheet, row): pages.WriteExcel.demoKey is PASSED

25-09-2024T13:20:37 - [MESSAGE][PASSED] - pages.WriteExcel.demoKey is PASSED

25-09-2024T13:20:37 - [TEST_STEP][PASSED] - closeBrowser(): Browser is closed

25-09-2024T13:20:38 - [MESSAGE][PASSED] - Browser is closed

25-09-2024T13:20:38 - [TEST_STEP][PASSED] - ExecuteTC = findTestData(dataFile).getValue("Execute", row): null

25-09-2024T13:20:38 - [TEST_STEP][PASSED] - out.println("Value of Execute is : " + ExecuteTC): null

25-09-2024T13:20:38 - [TEST_STEP][PASSED] - if (ExecuteTC.equalsIgnoreCase("Y")): null

25-09-2024T13:20:38 - [TEST_STEP][PASSED] - out.println("Begin Record Number: " + row): null

25-09-2024T13:20:38 - [TEST_STEP][PASSED] - today = new java.util.Date(): null

25-09-2024T13:20:38 - [TEST_STEP][PASSED] - println(today): null

25-09-2024T13:20:38 - [TEST_STEP][PASSED] - datText = today: null

25-09-2024T13:20:38 - [TEST_STEP][PASSED] - EmulatorDataKey = findTestData(dataFile).getValue("EmulatorData", row): null

25-09-2024T13:20:38 - [TEST_STEP][PASSED] - out.println("Value of Emulator Key is : " + EmulatorDataKey): null

25-09-2024T13:20:38 - [TEST_STEP][PASSED] - iwpPages.emulatorIWP30.setDataEmulator_DD(EmulatorDataKey): iwpPages.emulatorIWP30.setDataEmulator_DD is PASSED

25-09-2024T13:20:38 - [MESSAGE][INFO] - Starting 'Edge Chromium' driver

25-09-2024T13:20:38 - [MESSAGE][INFO] - User set preference: ['acceptInsecureCerts', 'true']

25-09-2024T13:20:40 - [MESSAGE][INFO] - Action delay is set to 0 milliseconds

25-09-2024T13:20:43 - [MESSAGE][PASSED] - Browser is opened with url: 'https://qa.velocitypayment.com/agency/config.do?action=editor&message_version=2_5'

25-09-2024T13:20:43 - [MESSAGE][PASSED] - Current window maximized

25-09-2024T13:20:44 - [MESSAGE][PASSED] - All options with value '2.5' are selected in object 'Object Repository/IWP30/Page_VRelay30Emulator/MV'  using regular expression

25-09-2024T13:20:45 - [MESSAGE][PASSED] - Text '10.50' is set on object 'Object Repository/IWP30/Page_VRelay30Emulator/Amount'

25-09-2024T13:20:45 - [MESSAGE][PASSED] - Text 'VAuiS3lHx0Bj' is set on object 'Object Repository/IWP30/Page_VRelay30Emulator/CAN'

25-09-2024T13:20:46 - [MESSAGE][PASSED] - Text 'PayNow' is set on object 'Object Repository/IWP30/Page_VRelay30Emulator/Action'

25-09-2024T13:20:46 - [MESSAGE][PASSED] - Text 'en_US' is set on object 'Object Repository/IWP30/Page_VRelay30Emulator/Lang'

25-09-2024T13:20:47 - [MESSAGE][PASSED] - Text 'Jasmine' is set on object 'Object Repository/IWP30/Page_VRelay30Emulator/Fname'

25-09-2024T13:20:48 - [MESSAGE][PASSED] - Text 'Patrinol' is set on object 'Object Repository/IWP30/Page_VRelay30Emulator/Lname'

25-09-2024T13:20:48 - [MESSAGE][PASSED] - Text '258 Underwood rd' is set on object 'Object Repository/IWP30/Page_VRelay30Emulator/AL1'

25-09-2024T13:20:49 - [MESSAGE][PASSED] - Text 'Suite 600' is set on object 'Object Repository/IWP30/Page_VRelay30Emulator/AL2'

25-09-2024T13:20:49 - [MESSAGE][PASSED] - Text '840' is set on object 'Object Repository/IWP30/Page_VRelay30Emulator/Country'

25-09-2024T13:20:50 - [MESSAGE][PASSED] - Text 'Arlington' is set on object 'Object Repository/IWP30/Page_VRelay30Emulator/City'

25-09-2024T13:20:51 - [MESSAGE][PASSED] - Text 'VA' is set on object 'Object Repository/IWP30/Page_VRelay30Emulator/State'

25-09-2024T13:20:51 - [MESSAGE][PASSED] - Text '22201' is set on object 'Object Repository/IWP30/Page_VRelay30Emulator/ZIP'

25-09-2024T13:20:52 - [MESSAGE][PASSED] - Text '' is set on object 'Object Repository/IWP30/Page_VRelay30Emulator/Order'

25-09-2024T13:20:52 - [MESSAGE][PASSED] - Text 'Some Company' is set on object 'Object Repository/IWP30/Page_VRelay30Emulator/Company'

25-09-2024T13:20:53 - [MESSAGE][PASSED] - Text 'iahmed@govolution.com' is set on object 'Object Repository/IWP30/Page_VRelay30Emulator/Email'

25-09-2024T13:20:54 - [MESSAGE][PASSED] - Text 'udf data 1' is set on object 'Object Repository/IWP30/Page_VRelay30Emulator/UDF1'

25-09-2024T13:20:54 - [MESSAGE][PASSED] - Text 'udf data 2' is set on object 'Object Repository/IWP30/Page_VRelay30Emulator/UDF2'

25-09-2024T13:20:55 - [MESSAGE][PASSED] - Text 'udf data 3' is set on object 'Object Repository/IWP30/Page_VRelay30Emulator/UDF3'

25-09-2024T13:20:55 - [MESSAGE][PASSED] - Text 'udf data 4' is set on object 'Object Repository/IWP30/Page_VRelay30Emulator/UDF4'

25-09-2024T13:20:56 - [MESSAGE][PASSED] - Text 'udf data 5' is set on object 'Object Repository/IWP30/Page_VRelay30Emulator/UDF5'

25-09-2024T13:20:56 - [MESSAGE][PASSED] - Text 'udf data 6' is set on object 'Object Repository/IWP30/Page_VRelay30Emulator/UDF6'

25-09-2024T13:20:57 - [MESSAGE][PASSED] - Text 'Orange' is set on object 'Object Repository/IWP30/Page_VRelay30Emulator/UDF7'

25-09-2024T13:20:58 - [MESSAGE][PASSED] - Text 'Soccer' is set on object 'Object Repository/IWP30/Page_VRelay30Emulator/UDF8'

25-09-2024T13:20:58 - [MESSAGE][PASSED] - Text 'udf data 9' is set on object 'Object Repository/IWP30/Page_VRelay30Emulator/UDF9'

25-09-2024T13:20:59 - [MESSAGE][PASSED] - Text 'udf data 10' is set on object 'Object Repository/IWP30/Page_VRelay30Emulator/UDF10'

25-09-2024T13:21:00 - [MESSAGE][PASSED] - Object: 'Object Repository/IWP30/Page_VRelay30Emulator/Submit' is clicked on

25-09-2024T13:21:04 - [MESSAGE][PASSED] - Browser is closed

25-09-2024T13:21:09 - [MESSAGE][PASSED] - iwpPages.emulatorIWP30.setDataEmulator_DD is PASSED

25-09-2024T13:21:09 - [TEST_STEP][PASSED] - testHarnessURL = urlTestHarness: null

25-09-2024T13:21:09 - [TEST_STEP][PASSED] - openBrowser(testHarnessURL): Browser is opened with url: 'https://dev-algorithm.govolution.com/vrelaytest/QA/version_2_2/vrelaytest.html'

25-09-2024T13:21:09 - [MESSAGE][INFO] - Starting 'Edge Chromium' driver

25-09-2024T13:21:09 - [MESSAGE][INFO] - User set preference: ['acceptInsecureCerts', 'true']

25-09-2024T13:21:11 - [MESSAGE][INFO] - Action delay is set to 0 milliseconds

25-09-2024T13:21:14 - [MESSAGE][PASSED] - Browser is opened with url: 'https://dev-algorithm.govolution.com/vrelaytest/QA/version_2_2/vrelaytest.html'

25-09-2024T13:21:14 - [TEST_STEP][PASSED] - maximizeWindow(): Current window maximized

25-09-2024T13:21:14 - [MESSAGE][PASSED] - Current window maximized

25-09-2024T13:21:14 - [TEST_STEP][PASSED] - iwpPages.TestHarnessPage.setDataMethod(row, dataFile): iwpPages.TestHarnessPage.setDataMethod is PASSED

25-09-2024T13:21:15 - [MESSAGE][PASSED] - Object 'Object Repository/IWP30/Page_QATestHarness/RemittanceID' is present

25-09-2024T13:21:15 - [MESSAGE][PASSED] - Text '638' is set on object 'Object Repository/IWP30/Page_QATestHarness/ApplicationID'

25-09-2024T13:21:16 - [MESSAGE][PASSED] - Text '2.5' is set on object 'Object Repository/IWP30/Page_QATestHarness/MessageVersion'

25-09-2024T13:21:16 - [MESSAGE][PASSED] - Text 'M5jSk7dMaYHV' is set on object 'Object Repository/IWP30/Page_QATestHarness/RemittanceID'

25-09-2024T13:21:20 - [MESSAGE][PASSED] - Object: 'Object Repository/IWP30/Page_QATestHarness/SubmitButton' is clicked on

25-09-2024T13:21:20 - [MESSAGE][PASSED] - iwpPages.TestHarnessPage.setDataMethod is PASSED

25-09-2024T13:21:20 - [TEST_STEP][PASSED] - click(findTestObject("Object Repository/IWP30/Page_SelectPaymentMethod/PayByPersonalCheck")): Object: 'Object Repository/IWP30/Page_SelectPaymentMethod/PayByPersonalCheck' is clicked on

25-09-2024T13:21:20 - [MESSAGE][PASSED] - Object: 'Object Repository/IWP30/Page_SelectPaymentMethod/PayByPersonalCheck' is clicked on

25-09-2024T13:21:20 - [TEST_STEP][PASSED] - click(findTestObject("Object Repository/IWP30/Page_SelectPaymentMethod/MakePaymentButton")): Object: 'Object Repository/IWP30/Page_SelectPaymentMethod/MakePaymentButton' is clicked on

25-09-2024T13:21:22 - [MESSAGE][PASSED] - Object: 'Object Repository/IWP30/Page_SelectPaymentMethod/MakePaymentButton' is clicked on

25-09-2024T13:21:22 - [TEST_STEP][PASSED] - iwpPages.achPersonalPaymentEntryPage.setDataACHPPM(row, dataFile): iwpPages.achPersonalPaymentEntryPage.setDataACHPPM is PASSED

25-09-2024T13:21:23 - [MESSAGE][PASSED] - Object 'Object Repository/IWP30/Page_ACHPersonalPaymentEntry/txt_accountNumber' is present

25-09-2024T13:21:24 - [MESSAGE][PASSED] - Text '9.50' is set on object 'Object Repository/IWP30/Page_ACHPersonalPaymentEntry/txt_Amount'

25-09-2024T13:21:24 - [MESSAGE][PASSED] - Object 'Object Repository/IWP30/Page_ACHPersonalPaymentEntry/txt_UDF2' is present

25-09-2024T13:21:24 - [MESSAGE][PASSED] - All options with label 'Soccer' are selected in object 'Object Repository/IWP30/Page_ACHPersonalPaymentEntry/dd_UDF8' 

25-09-2024T13:21:25 - [MESSAGE][PASSED] - Object 'Object Repository/IWP30/Page_ACHPersonalPaymentEntry/txt_Firstname' is present

25-09-2024T13:21:25 - [MESSAGE][PASSED] - Text 'Elizath' is set on object 'Object Repository/IWP30/Page_ACHPersonalPaymentEntry/txt_Firstname'

25-09-2024T13:21:26 - [MESSAGE][PASSED] - Object 'Object Repository/IWP30/Page_ACHPersonalPaymentEntry/txt_Lastname' is present

25-09-2024T13:21:26 - [MESSAGE][PASSED] - Text 'Christine' is set on object 'Object Repository/IWP30/Page_ACHPersonalPaymentEntry/txt_Lastname'

25-09-2024T13:21:26 - [MESSAGE][PASSED] - Object 'Object Repository/IWP30/Page_ACHPersonalPaymentEntry/txt_routingNumber' is present

25-09-2024T13:21:27 - [MESSAGE][PASSED] - Text '256072691' is set on object 'Object Repository/IWP30/Page_ACHPersonalPaymentEntry/txt_routingNumber'

25-09-2024T13:21:27 - [MESSAGE][PASSED] - Object 'Object Repository/IWP30/Page_ACHPersonalPaymentEntry/txt_accountNumber' is present

25-09-2024T13:21:29 - [MESSAGE][PASSED] - Text '12344444' is set on object 'Object Repository/IWP30/Page_ACHPersonalPaymentEntry/txt_accountNumber'

25-09-2024T13:21:29 - [MESSAGE][PASSED] - Object 'Object Repository/IWP30/Page_ACHPersonalPaymentEntry/txt_confirmAccountNumber' is present

25-09-2024T13:21:30 - [MESSAGE][PASSED] - Text '12344444' is set on object 'Object Repository/IWP30/Page_ACHPersonalPaymentEntry/txt_confirmAccountNumber'

25-09-2024T13:21:30 - [MESSAGE][PASSED] - Object 'Object Repository/IWP30/Page_ACHPersonalPaymentEntry/rd_accountType' is present

25-09-2024T13:21:30 - [MESSAGE][PASSED] - Modify property of object successfully

25-09-2024T13:21:30 - [MESSAGE][PASSED] - Object: 'Object Repository/IWP30/Page_ACHPersonalPaymentEntry/rd_accountType' is clicked on

25-09-2024T13:21:30 - [MESSAGE][PASSED] - Object 'Object Repository/IWP30/Page_ACHPersonalPaymentEntry/txt_Email' is present

25-09-2024T13:21:31 - [MESSAGE][PASSED] - Object 'Object Repository/IWP30/Page_ACHPersonalPaymentEntry/cb_TermsAndCond' is present

25-09-2024T13:21:31 - [MESSAGE][PASSED] - Object: 'Object Repository/IWP30/Page_ACHPersonalPaymentEntry/cb_TermsAndCond' is clicked on

25-09-2024T13:21:31 - [MESSAGE][PASSED] - Object 'Object Repository/IWP30/Page_ACHPersonalPaymentEntry/btn_Continue' is present

25-09-2024T13:21:32 - [MESSAGE][PASSED] - Object: 'Object Repository/IWP30/Page_ACHPersonalPaymentEntry/btn_Continue' is clicked on

25-09-2024T13:21:32 - [MESSAGE][PASSED] - iwpPages.achPersonalPaymentEntryPage.setDataACHPPM is PASSED

25-09-2024T13:21:32 - [TEST_STEP][PASSED] - click(findTestObject("Object Repository/IWP30/Page_Confirmation/ConfirmButton")): Object: 'Object Repository/IWP30/Page_Confirmation/ConfirmButton' is clicked on

25-09-2024T13:21:34 - [MESSAGE][PASSED] - Object: 'Object Repository/IWP30/Page_Confirmation/ConfirmButton' is clicked on

25-09-2024T13:21:34 - [TEST_STEP][PASSED] - Thread.sleep(10000): null

25-09-2024T13:21:44 - [TEST_STEP][PASSED] - if (verifyTextPresent("Successful Payment Receipt", false)): null

25-09-2024T13:21:44 - [MESSAGE][PASSED] - Text 'Successful Payment Receipt' is present on page 

25-09-2024T13:21:44 - [TEST_STEP][PASSED] - println("Successful Payment Receipt text is present on the Receipt page"): null

25-09-2024T13:21:44 - [TEST_STEP][PASSED] - markPassed("Successful Payment Receipt text is present on the Receipt page"): Successful Payment Receipt text is present on the Receipt page

25-09-2024T13:21:44 - [MESSAGE][PASSED] - Successful Payment Receipt text is present on the Receipt page

25-09-2024T13:21:44 - [TEST_STEP][PASSED] - resText = "Pass": null

25-09-2024T13:21:44 - [TEST_STEP][PASSED] - pages.WriteExcel.demoKey(resText, datText, resColumn, datCloumn, fileLoc, nameSheet, row): pages.WriteExcel.demoKey is PASSED

25-09-2024T13:21:44 - [MESSAGE][PASSED] - pages.WriteExcel.demoKey is PASSED

25-09-2024T13:21:44 - [TEST_STEP][PASSED] - closeBrowser(): Browser is closed

25-09-2024T13:21:45 - [MESSAGE][PASSED] - Browser is closed]]></system-out>
         <system-err><![CDATA[]]></system-err>
      </testcase>
      <testcase name="Test Cases/IntegratedWeb/IWP25/Payments/OverAndUnderPayPS" time="135.572" classname="Test Cases/IntegratedWeb/IWP25/Payments/OverAndUnderPayPS" status="PASSED">
         <system-out><![CDATA[25-09-2024T13:21:45 - [TEST_CASE][PASSED] - Test Cases/IntegratedWeb/IWP25/Payments/OverAndUnderPayPS: Test Cases/IntegratedWeb/IWP25/Payments/OverAndUnderPayPS

25-09-2024T13:21:45 - [TEST_STEP][PASSED] - resText = "Fail": null

25-09-2024T13:21:45 - [TEST_STEP][PASSED] - resColumn = "Result": null

25-09-2024T13:21:45 - [TEST_STEP][PASSED] - datCloumn = "Date": null

25-09-2024T13:21:45 - [TEST_STEP][PASSED] - fileLoc = "KatalonData/IWPTestData/VRelay25Payments.xlsx": null

25-09-2024T13:21:45 - [TEST_STEP][PASSED] - numOfRows = <not implemented yet for class: org.codehaus.groovy.ast.expr.EmptyExpression>: null

25-09-2024T13:21:45 - [TEST_STEP][PASSED] - dataFile = <not implemented yet for class: org.codehaus.groovy.ast.expr.EmptyExpression>: null

25-09-2024T13:21:45 - [TEST_STEP][PASSED] - nameSheet = <not implemented yet for class: org.codehaus.groovy.ast.expr.EmptyExpression>: null

25-09-2024T13:21:45 - [TEST_STEP][PASSED] - dataFileEmulator = <not implemented yet for class: org.codehaus.groovy.ast.expr.EmptyExpression>: null

25-09-2024T13:21:45 - [TEST_STEP][PASSED] - isRequiredTextPresent = false: null

25-09-2024T13:21:45 - [TEST_STEP][PASSED] - nameSheet = "OverAndUnderPayPS": null

25-09-2024T13:21:45 - [TEST_STEP][PASSED] - dataFile = "IWPTestData/IWP25OverAndUnderPayPS": null

25-09-2024T13:21:45 - [TEST_STEP][PASSED] - dataFileEmulator = "IWPTestData/EmulatorData": null

25-09-2024T13:21:45 - [TEST_STEP][PASSED] - numOfRows = findTestData(dataFile).getRowNumbers(): null

25-09-2024T13:21:45 - [TEST_STEP][PASSED] - println("Number of Records: " + numOfRows): null

25-09-2024T13:21:45 - [TEST_STEP][PASSED] - for ([row = 1, row <= numOfRows, (row++)]): Browser is closed

25-09-2024T13:21:45 - [TEST_STEP][PASSED] - ExecuteTC = findTestData(dataFile).getValue("Execute", row): null

25-09-2024T13:21:45 - [TEST_STEP][PASSED] - out.println("Value of Execute is : " + ExecuteTC): null

25-09-2024T13:21:45 - [TEST_STEP][PASSED] - if (ExecuteTC.equalsIgnoreCase("Y")): null

25-09-2024T13:21:45 - [TEST_STEP][PASSED] - out.println("Begin Record Number: " + row): null

25-09-2024T13:21:45 - [TEST_STEP][PASSED] - today = new java.util.Date(): null

25-09-2024T13:21:45 - [TEST_STEP][PASSED] - println(today): null

25-09-2024T13:21:45 - [TEST_STEP][PASSED] - datText = today: null

25-09-2024T13:21:45 - [TEST_STEP][PASSED] - EmulatorDataKey = findTestData(dataFile).getValue("EmulatorData", row): null

25-09-2024T13:21:45 - [TEST_STEP][PASSED] - out.println("Value of Emulator Key is : " + EmulatorDataKey): null

25-09-2024T13:21:45 - [TEST_STEP][PASSED] - iwpPages.emulatorIWP30.setDataEmulator_DD(EmulatorDataKey): iwpPages.emulatorIWP30.setDataEmulator_DD is PASSED

25-09-2024T13:21:46 - [MESSAGE][INFO] - Starting 'Edge Chromium' driver

25-09-2024T13:21:46 - [MESSAGE][INFO] - User set preference: ['acceptInsecureCerts', 'true']

25-09-2024T13:21:48 - [MESSAGE][INFO] - Action delay is set to 0 milliseconds

25-09-2024T13:21:51 - [MESSAGE][PASSED] - Browser is opened with url: 'https://qa.velocitypayment.com/agency/config.do?action=editor&message_version=2_5'

25-09-2024T13:21:51 - [MESSAGE][PASSED] - Current window maximized

25-09-2024T13:21:52 - [MESSAGE][PASSED] - All options with value '2.5' are selected in object 'Object Repository/IWP30/Page_VRelay30Emulator/MV'  using regular expression

25-09-2024T13:21:53 - [MESSAGE][PASSED] - Text '10.50' is set on object 'Object Repository/IWP30/Page_VRelay30Emulator/Amount'

25-09-2024T13:21:53 - [MESSAGE][PASSED] - Text 'zfiTd2PhsLKs' is set on object 'Object Repository/IWP30/Page_VRelay30Emulator/CAN'

25-09-2024T13:21:54 - [MESSAGE][PASSED] - Text 'PayNow' is set on object 'Object Repository/IWP30/Page_VRelay30Emulator/Action'

25-09-2024T13:21:54 - [MESSAGE][PASSED] - Text 'en_US' is set on object 'Object Repository/IWP30/Page_VRelay30Emulator/Lang'

25-09-2024T13:21:55 - [MESSAGE][PASSED] - Text 'Jasmine' is set on object 'Object Repository/IWP30/Page_VRelay30Emulator/Fname'

25-09-2024T13:21:56 - [MESSAGE][PASSED] - Text 'Patrinol' is set on object 'Object Repository/IWP30/Page_VRelay30Emulator/Lname'

25-09-2024T13:21:56 - [MESSAGE][PASSED] - Text '258 Underwood rd' is set on object 'Object Repository/IWP30/Page_VRelay30Emulator/AL1'

25-09-2024T13:21:57 - [MESSAGE][PASSED] - Text 'Suite 600' is set on object 'Object Repository/IWP30/Page_VRelay30Emulator/AL2'

25-09-2024T13:21:58 - [MESSAGE][PASSED] - Text '840' is set on object 'Object Repository/IWP30/Page_VRelay30Emulator/Country'

25-09-2024T13:21:58 - [MESSAGE][PASSED] - Text 'Arlington' is set on object 'Object Repository/IWP30/Page_VRelay30Emulator/City'

25-09-2024T13:21:59 - [MESSAGE][PASSED] - Text 'VA' is set on object 'Object Repository/IWP30/Page_VRelay30Emulator/State'

25-09-2024T13:21:59 - [MESSAGE][PASSED] - Text '22201' is set on object 'Object Repository/IWP30/Page_VRelay30Emulator/ZIP'

25-09-2024T13:22:00 - [MESSAGE][PASSED] - Text '' is set on object 'Object Repository/IWP30/Page_VRelay30Emulator/Order'

25-09-2024T13:22:01 - [MESSAGE][PASSED] - Text 'Some Company' is set on object 'Object Repository/IWP30/Page_VRelay30Emulator/Company'

25-09-2024T13:22:01 - [MESSAGE][PASSED] - Text 'iahmed@govolution.com' is set on object 'Object Repository/IWP30/Page_VRelay30Emulator/Email'

25-09-2024T13:22:02 - [MESSAGE][PASSED] - Text 'udf data 1' is set on object 'Object Repository/IWP30/Page_VRelay30Emulator/UDF1'

25-09-2024T13:22:02 - [MESSAGE][PASSED] - Text 'udf data 2' is set on object 'Object Repository/IWP30/Page_VRelay30Emulator/UDF2'

25-09-2024T13:22:03 - [MESSAGE][PASSED] - Text 'udf data 3' is set on object 'Object Repository/IWP30/Page_VRelay30Emulator/UDF3'

25-09-2024T13:22:04 - [MESSAGE][PASSED] - Text 'udf data 4' is set on object 'Object Repository/IWP30/Page_VRelay30Emulator/UDF4'

25-09-2024T13:22:04 - [MESSAGE][PASSED] - Text 'udf data 5' is set on object 'Object Repository/IWP30/Page_VRelay30Emulator/UDF5'

25-09-2024T13:22:05 - [MESSAGE][PASSED] - Text 'udf data 6' is set on object 'Object Repository/IWP30/Page_VRelay30Emulator/UDF6'

25-09-2024T13:22:06 - [MESSAGE][PASSED] - Text 'Orange' is set on object 'Object Repository/IWP30/Page_VRelay30Emulator/UDF7'

25-09-2024T13:22:06 - [MESSAGE][PASSED] - Text 'Soccer' is set on object 'Object Repository/IWP30/Page_VRelay30Emulator/UDF8'

25-09-2024T13:22:07 - [MESSAGE][PASSED] - Text 'udf data 9' is set on object 'Object Repository/IWP30/Page_VRelay30Emulator/UDF9'

25-09-2024T13:22:07 - [MESSAGE][PASSED] - Text 'udf data 10' is set on object 'Object Repository/IWP30/Page_VRelay30Emulator/UDF10'

25-09-2024T13:22:09 - [MESSAGE][PASSED] - Object: 'Object Repository/IWP30/Page_VRelay30Emulator/Submit' is clicked on

25-09-2024T13:22:13 - [MESSAGE][PASSED] - Browser is closed

25-09-2024T13:22:17 - [MESSAGE][PASSED] - iwpPages.emulatorIWP30.setDataEmulator_DD is PASSED

25-09-2024T13:22:17 - [TEST_STEP][PASSED] - testHarnessURL = urlTestHarness: null

25-09-2024T13:22:17 - [TEST_STEP][PASSED] - openBrowser(testHarnessURL): Browser is opened with url: 'https://dev-algorithm.govolution.com/vrelaytest/QA/version_2_2/vrelaytest.html'

25-09-2024T13:22:17 - [MESSAGE][INFO] - Starting 'Edge Chromium' driver

25-09-2024T13:22:17 - [MESSAGE][INFO] - User set preference: ['acceptInsecureCerts', 'true']

25-09-2024T13:22:19 - [MESSAGE][INFO] - Action delay is set to 0 milliseconds

25-09-2024T13:22:23 - [MESSAGE][PASSED] - Browser is opened with url: 'https://dev-algorithm.govolution.com/vrelaytest/QA/version_2_2/vrelaytest.html'

25-09-2024T13:22:23 - [TEST_STEP][PASSED] - maximizeWindow(): Current window maximized

25-09-2024T13:22:23 - [MESSAGE][PASSED] - Current window maximized

25-09-2024T13:22:23 - [TEST_STEP][PASSED] - iwpPages.TestHarnessPage.setDataMethod(row, dataFile): iwpPages.TestHarnessPage.setDataMethod is PASSED

25-09-2024T13:22:24 - [MESSAGE][PASSED] - Object 'Object Repository/IWP30/Page_QATestHarness/RemittanceID' is present

25-09-2024T13:22:24 - [MESSAGE][PASSED] - Text '638' is set on object 'Object Repository/IWP30/Page_QATestHarness/ApplicationID'

25-09-2024T13:22:25 - [MESSAGE][PASSED] - Text '2.5' is set on object 'Object Repository/IWP30/Page_QATestHarness/MessageVersion'

25-09-2024T13:22:26 - [MESSAGE][PASSED] - Text 'ac5cwgrzzb8q' is set on object 'Object Repository/IWP30/Page_QATestHarness/RemittanceID'

25-09-2024T13:22:28 - [MESSAGE][PASSED] - Object: 'Object Repository/IWP30/Page_QATestHarness/SubmitButton' is clicked on

25-09-2024T13:22:28 - [MESSAGE][PASSED] - iwpPages.TestHarnessPage.setDataMethod is PASSED

25-09-2024T13:22:28 - [TEST_STEP][PASSED] - click(findTestObject("Object Repository/IWP30/Page_SelectPaymentMethod/PayByPersonalCheck")): Object: 'Object Repository/IWP30/Page_SelectPaymentMethod/PayByPersonalCheck' is clicked on

25-09-2024T13:22:29 - [MESSAGE][PASSED] - Object: 'Object Repository/IWP30/Page_SelectPaymentMethod/PayByPersonalCheck' is clicked on

25-09-2024T13:22:29 - [TEST_STEP][PASSED] - click(findTestObject("Object Repository/IWP30/Page_SelectPaymentMethod/MakePaymentButton")): Object: 'Object Repository/IWP30/Page_SelectPaymentMethod/MakePaymentButton' is clicked on

25-09-2024T13:22:31 - [MESSAGE][PASSED] - Object: 'Object Repository/IWP30/Page_SelectPaymentMethod/MakePaymentButton' is clicked on

25-09-2024T13:22:31 - [TEST_STEP][PASSED] - iwpPages.achPersonalPaymentEntryPage.setDataACHPPM(row, dataFile): iwpPages.achPersonalPaymentEntryPage.setDataACHPPM is PASSED

25-09-2024T13:22:32 - [MESSAGE][PASSED] - Object 'Object Repository/IWP30/Page_ACHPersonalPaymentEntry/txt_accountNumber' is present

25-09-2024T13:22:32 - [MESSAGE][PASSED] - Text '11.50' is set on object 'Object Repository/IWP30/Page_ACHPersonalPaymentEntry/txt_Amount'

25-09-2024T13:22:33 - [MESSAGE][PASSED] - Object 'Object Repository/IWP30/Page_ACHPersonalPaymentEntry/txt_UDF2' is present

25-09-2024T13:22:33 - [MESSAGE][PASSED] - All options with label 'Soccer' are selected in object 'Object Repository/IWP30/Page_ACHPersonalPaymentEntry/dd_UDF8' 

25-09-2024T13:22:33 - [MESSAGE][PASSED] - Object 'Object Repository/IWP30/Page_ACHPersonalPaymentEntry/txt_Firstname' is present

25-09-2024T13:22:34 - [MESSAGE][PASSED] - Text 'Elizath' is set on object 'Object Repository/IWP30/Page_ACHPersonalPaymentEntry/txt_Firstname'

25-09-2024T13:22:34 - [MESSAGE][PASSED] - Object 'Object Repository/IWP30/Page_ACHPersonalPaymentEntry/txt_Lastname' is present

25-09-2024T13:22:35 - [MESSAGE][PASSED] - Text 'Christine' is set on object 'Object Repository/IWP30/Page_ACHPersonalPaymentEntry/txt_Lastname'

25-09-2024T13:22:35 - [MESSAGE][PASSED] - Object 'Object Repository/IWP30/Page_ACHPersonalPaymentEntry/txt_routingNumber' is present

25-09-2024T13:22:36 - [MESSAGE][PASSED] - Text '256072691' is set on object 'Object Repository/IWP30/Page_ACHPersonalPaymentEntry/txt_routingNumber'

25-09-2024T13:22:36 - [MESSAGE][PASSED] - Object 'Object Repository/IWP30/Page_ACHPersonalPaymentEntry/txt_accountNumber' is present

25-09-2024T13:22:37 - [MESSAGE][PASSED] - Text '12344444' is set on object 'Object Repository/IWP30/Page_ACHPersonalPaymentEntry/txt_accountNumber'

25-09-2024T13:22:38 - [MESSAGE][PASSED] - Object 'Object Repository/IWP30/Page_ACHPersonalPaymentEntry/txt_confirmAccountNumber' is present

25-09-2024T13:22:38 - [MESSAGE][PASSED] - Text '12344444' is set on object 'Object Repository/IWP30/Page_ACHPersonalPaymentEntry/txt_confirmAccountNumber'

25-09-2024T13:22:39 - [MESSAGE][PASSED] - Object 'Object Repository/IWP30/Page_ACHPersonalPaymentEntry/rd_accountType' is present

25-09-2024T13:22:39 - [MESSAGE][PASSED] - Modify property of object successfully

25-09-2024T13:22:39 - [MESSAGE][PASSED] - Object: 'Object Repository/IWP30/Page_ACHPersonalPaymentEntry/rd_accountType' is clicked on

25-09-2024T13:22:39 - [MESSAGE][PASSED] - Object 'Object Repository/IWP30/Page_ACHPersonalPaymentEntry/txt_Email' is present

25-09-2024T13:22:39 - [MESSAGE][PASSED] - Object 'Object Repository/IWP30/Page_ACHPersonalPaymentEntry/cb_TermsAndCond' is present

25-09-2024T13:22:40 - [MESSAGE][PASSED] - Object: 'Object Repository/IWP30/Page_ACHPersonalPaymentEntry/cb_TermsAndCond' is clicked on

25-09-2024T13:22:40 - [MESSAGE][PASSED] - Object 'Object Repository/IWP30/Page_ACHPersonalPaymentEntry/btn_Continue' is present

25-09-2024T13:22:41 - [MESSAGE][PASSED] - Object: 'Object Repository/IWP30/Page_ACHPersonalPaymentEntry/btn_Continue' is clicked on

25-09-2024T13:22:41 - [MESSAGE][PASSED] - iwpPages.achPersonalPaymentEntryPage.setDataACHPPM is PASSED

25-09-2024T13:22:41 - [TEST_STEP][PASSED] - click(findTestObject("Object Repository/IWP30/Page_Confirmation/ConfirmButton")): Object: 'Object Repository/IWP30/Page_Confirmation/ConfirmButton' is clicked on

25-09-2024T13:22:42 - [MESSAGE][PASSED] - Object: 'Object Repository/IWP30/Page_Confirmation/ConfirmButton' is clicked on

25-09-2024T13:22:42 - [TEST_STEP][PASSED] - Thread.sleep(10000): null

25-09-2024T13:22:52 - [TEST_STEP][PASSED] - if (verifyTextPresent("Successful Payment Receipt", false)): null

25-09-2024T13:22:53 - [MESSAGE][PASSED] - Text 'Successful Payment Receipt' is present on page 

25-09-2024T13:22:53 - [TEST_STEP][PASSED] - println("Successful Payment Receipt text is present on the Receipt page"): null

25-09-2024T13:22:53 - [TEST_STEP][PASSED] - markPassed("Successful Payment Receipt text is present on the Receipt page"): Successful Payment Receipt text is present on the Receipt page

25-09-2024T13:22:53 - [MESSAGE][PASSED] - Successful Payment Receipt text is present on the Receipt page

25-09-2024T13:22:53 - [TEST_STEP][PASSED] - resText = "Pass": null

25-09-2024T13:22:53 - [TEST_STEP][PASSED] - pages.WriteExcel.demoKey(resText, datText, resColumn, datCloumn, fileLoc, nameSheet, row): pages.WriteExcel.demoKey is PASSED

25-09-2024T13:22:53 - [MESSAGE][PASSED] - pages.WriteExcel.demoKey is PASSED

25-09-2024T13:22:53 - [TEST_STEP][PASSED] - closeBrowser(): Browser is closed

25-09-2024T13:22:53 - [MESSAGE][PASSED] - Browser is closed

25-09-2024T13:22:53 - [TEST_STEP][PASSED] - ExecuteTC = findTestData(dataFile).getValue("Execute", row): null

25-09-2024T13:22:53 - [TEST_STEP][PASSED] - out.println("Value of Execute is : " + ExecuteTC): null

25-09-2024T13:22:53 - [TEST_STEP][PASSED] - if (ExecuteTC.equalsIgnoreCase("Y")): null

25-09-2024T13:22:53 - [TEST_STEP][PASSED] - out.println("Begin Record Number: " + row): null

25-09-2024T13:22:53 - [TEST_STEP][PASSED] - today = new java.util.Date(): null

25-09-2024T13:22:53 - [TEST_STEP][PASSED] - println(today): null

25-09-2024T13:22:53 - [TEST_STEP][PASSED] - datText = today: null

25-09-2024T13:22:53 - [TEST_STEP][PASSED] - EmulatorDataKey = findTestData(dataFile).getValue("EmulatorData", row): null

25-09-2024T13:22:53 - [TEST_STEP][PASSED] - out.println("Value of Emulator Key is : " + EmulatorDataKey): null

25-09-2024T13:22:53 - [TEST_STEP][PASSED] - iwpPages.emulatorIWP30.setDataEmulator_DD(EmulatorDataKey): iwpPages.emulatorIWP30.setDataEmulator_DD is PASSED

25-09-2024T13:22:54 - [MESSAGE][INFO] - Starting 'Edge Chromium' driver

25-09-2024T13:22:54 - [MESSAGE][INFO] - User set preference: ['acceptInsecureCerts', 'true']

25-09-2024T13:22:56 - [MESSAGE][INFO] - Action delay is set to 0 milliseconds

25-09-2024T13:22:59 - [MESSAGE][PASSED] - Browser is opened with url: 'https://qa.velocitypayment.com/agency/config.do?action=editor&message_version=2_5'

25-09-2024T13:22:59 - [MESSAGE][PASSED] - Current window maximized

25-09-2024T13:23:00 - [MESSAGE][PASSED] - All options with value '2.5' are selected in object 'Object Repository/IWP30/Page_VRelay30Emulator/MV'  using regular expression

25-09-2024T13:23:01 - [MESSAGE][PASSED] - Text '10.50' is set on object 'Object Repository/IWP30/Page_VRelay30Emulator/Amount'

25-09-2024T13:23:01 - [MESSAGE][PASSED] - Text 'qKFh9f1rPc63' is set on object 'Object Repository/IWP30/Page_VRelay30Emulator/CAN'

25-09-2024T13:23:02 - [MESSAGE][PASSED] - Text 'PayNow' is set on object 'Object Repository/IWP30/Page_VRelay30Emulator/Action'

25-09-2024T13:23:02 - [MESSAGE][PASSED] - Text 'en_US' is set on object 'Object Repository/IWP30/Page_VRelay30Emulator/Lang'

25-09-2024T13:23:03 - [MESSAGE][PASSED] - Text 'Jasmine' is set on object 'Object Repository/IWP30/Page_VRelay30Emulator/Fname'

25-09-2024T13:23:04 - [MESSAGE][PASSED] - Text 'Patrinol' is set on object 'Object Repository/IWP30/Page_VRelay30Emulator/Lname'

25-09-2024T13:23:04 - [MESSAGE][PASSED] - Text '258 Underwood rd' is set on object 'Object Repository/IWP30/Page_VRelay30Emulator/AL1'

25-09-2024T13:23:05 - [MESSAGE][PASSED] - Text 'Suite 600' is set on object 'Object Repository/IWP30/Page_VRelay30Emulator/AL2'

25-09-2024T13:23:05 - [MESSAGE][PASSED] - Text '840' is set on object 'Object Repository/IWP30/Page_VRelay30Emulator/Country'

25-09-2024T13:23:06 - [MESSAGE][PASSED] - Text 'Arlington' is set on object 'Object Repository/IWP30/Page_VRelay30Emulator/City'

25-09-2024T13:23:07 - [MESSAGE][PASSED] - Text 'VA' is set on object 'Object Repository/IWP30/Page_VRelay30Emulator/State'

25-09-2024T13:23:07 - [MESSAGE][PASSED] - Text '22201' is set on object 'Object Repository/IWP30/Page_VRelay30Emulator/ZIP'

25-09-2024T13:23:08 - [MESSAGE][PASSED] - Text '' is set on object 'Object Repository/IWP30/Page_VRelay30Emulator/Order'

25-09-2024T13:23:08 - [MESSAGE][PASSED] - Text 'Some Company' is set on object 'Object Repository/IWP30/Page_VRelay30Emulator/Company'

25-09-2024T13:23:09 - [MESSAGE][PASSED] - Text 'iahmed@govolution.com' is set on object 'Object Repository/IWP30/Page_VRelay30Emulator/Email'

25-09-2024T13:23:10 - [MESSAGE][PASSED] - Text 'udf data 1' is set on object 'Object Repository/IWP30/Page_VRelay30Emulator/UDF1'

25-09-2024T13:23:10 - [MESSAGE][PASSED] - Text 'udf data 2' is set on object 'Object Repository/IWP30/Page_VRelay30Emulator/UDF2'

25-09-2024T13:23:11 - [MESSAGE][PASSED] - Text 'udf data 3' is set on object 'Object Repository/IWP30/Page_VRelay30Emulator/UDF3'

25-09-2024T13:23:11 - [MESSAGE][PASSED] - Text 'udf data 4' is set on object 'Object Repository/IWP30/Page_VRelay30Emulator/UDF4'

25-09-2024T13:23:12 - [MESSAGE][PASSED] - Text 'udf data 5' is set on object 'Object Repository/IWP30/Page_VRelay30Emulator/UDF5'

25-09-2024T13:23:13 - [MESSAGE][PASSED] - Text 'udf data 6' is set on object 'Object Repository/IWP30/Page_VRelay30Emulator/UDF6'

25-09-2024T13:23:13 - [MESSAGE][PASSED] - Text 'Orange' is set on object 'Object Repository/IWP30/Page_VRelay30Emulator/UDF7'

25-09-2024T13:23:14 - [MESSAGE][PASSED] - Text 'Soccer' is set on object 'Object Repository/IWP30/Page_VRelay30Emulator/UDF8'

25-09-2024T13:23:14 - [MESSAGE][PASSED] - Text 'udf data 9' is set on object 'Object Repository/IWP30/Page_VRelay30Emulator/UDF9'

25-09-2024T13:23:15 - [MESSAGE][PASSED] - Text 'udf data 10' is set on object 'Object Repository/IWP30/Page_VRelay30Emulator/UDF10'

25-09-2024T13:23:16 - [MESSAGE][PASSED] - Object: 'Object Repository/IWP30/Page_VRelay30Emulator/Submit' is clicked on

25-09-2024T13:23:21 - [MESSAGE][PASSED] - Browser is closed

25-09-2024T13:23:25 - [MESSAGE][PASSED] - iwpPages.emulatorIWP30.setDataEmulator_DD is PASSED

25-09-2024T13:23:25 - [TEST_STEP][PASSED] - testHarnessURL = urlTestHarness: null

25-09-2024T13:23:25 - [TEST_STEP][PASSED] - openBrowser(testHarnessURL): Browser is opened with url: 'https://dev-algorithm.govolution.com/vrelaytest/QA/version_2_2/vrelaytest.html'

25-09-2024T13:23:25 - [MESSAGE][INFO] - Starting 'Edge Chromium' driver

25-09-2024T13:23:25 - [MESSAGE][INFO] - User set preference: ['acceptInsecureCerts', 'true']

25-09-2024T13:23:27 - [MESSAGE][INFO] - Action delay is set to 0 milliseconds

25-09-2024T13:23:30 - [MESSAGE][PASSED] - Browser is opened with url: 'https://dev-algorithm.govolution.com/vrelaytest/QA/version_2_2/vrelaytest.html'

25-09-2024T13:23:30 - [TEST_STEP][PASSED] - maximizeWindow(): Current window maximized

25-09-2024T13:23:30 - [MESSAGE][PASSED] - Current window maximized

25-09-2024T13:23:30 - [TEST_STEP][PASSED] - iwpPages.TestHarnessPage.setDataMethod(row, dataFile): iwpPages.TestHarnessPage.setDataMethod is PASSED

25-09-2024T13:23:31 - [MESSAGE][PASSED] - Object 'Object Repository/IWP30/Page_QATestHarness/RemittanceID' is present

25-09-2024T13:23:31 - [MESSAGE][PASSED] - Text '638' is set on object 'Object Repository/IWP30/Page_QATestHarness/ApplicationID'

25-09-2024T13:23:32 - [MESSAGE][PASSED] - Text '2.5' is set on object 'Object Repository/IWP30/Page_QATestHarness/MessageVersion'

25-09-2024T13:23:32 - [MESSAGE][PASSED] - Text 'NJcxU0Ghc0op' is set on object 'Object Repository/IWP30/Page_QATestHarness/RemittanceID'

25-09-2024T13:23:36 - [MESSAGE][PASSED] - Object: 'Object Repository/IWP30/Page_QATestHarness/SubmitButton' is clicked on

25-09-2024T13:23:36 - [MESSAGE][PASSED] - iwpPages.TestHarnessPage.setDataMethod is PASSED

25-09-2024T13:23:36 - [TEST_STEP][PASSED] - click(findTestObject("Object Repository/IWP30/Page_SelectPaymentMethod/PayByPersonalCheck")): Object: 'Object Repository/IWP30/Page_SelectPaymentMethod/PayByPersonalCheck' is clicked on

25-09-2024T13:23:36 - [MESSAGE][PASSED] - Object: 'Object Repository/IWP30/Page_SelectPaymentMethod/PayByPersonalCheck' is clicked on

25-09-2024T13:23:36 - [TEST_STEP][PASSED] - click(findTestObject("Object Repository/IWP30/Page_SelectPaymentMethod/MakePaymentButton")): Object: 'Object Repository/IWP30/Page_SelectPaymentMethod/MakePaymentButton' is clicked on

25-09-2024T13:23:38 - [MESSAGE][PASSED] - Object: 'Object Repository/IWP30/Page_SelectPaymentMethod/MakePaymentButton' is clicked on

25-09-2024T13:23:38 - [TEST_STEP][PASSED] - iwpPages.achPersonalPaymentEntryPage.setDataACHPPM(row, dataFile): iwpPages.achPersonalPaymentEntryPage.setDataACHPPM is PASSED

25-09-2024T13:23:39 - [MESSAGE][PASSED] - Object 'Object Repository/IWP30/Page_ACHPersonalPaymentEntry/txt_accountNumber' is present

25-09-2024T13:23:39 - [MESSAGE][PASSED] - Text '9.50' is set on object 'Object Repository/IWP30/Page_ACHPersonalPaymentEntry/txt_Amount'

25-09-2024T13:23:40 - [MESSAGE][PASSED] - Object 'Object Repository/IWP30/Page_ACHPersonalPaymentEntry/txt_UDF2' is present

25-09-2024T13:23:40 - [MESSAGE][PASSED] - All options with label 'Soccer' are selected in object 'Object Repository/IWP30/Page_ACHPersonalPaymentEntry/dd_UDF8' 

25-09-2024T13:23:41 - [MESSAGE][PASSED] - Object 'Object Repository/IWP30/Page_ACHPersonalPaymentEntry/txt_Firstname' is present

25-09-2024T13:23:41 - [MESSAGE][PASSED] - Text 'Elizath' is set on object 'Object Repository/IWP30/Page_ACHPersonalPaymentEntry/txt_Firstname'

25-09-2024T13:23:41 - [MESSAGE][PASSED] - Object 'Object Repository/IWP30/Page_ACHPersonalPaymentEntry/txt_Lastname' is present

25-09-2024T13:23:42 - [MESSAGE][PASSED] - Text 'Christine' is set on object 'Object Repository/IWP30/Page_ACHPersonalPaymentEntry/txt_Lastname'

25-09-2024T13:23:42 - [MESSAGE][PASSED] - Object 'Object Repository/IWP30/Page_ACHPersonalPaymentEntry/txt_routingNumber' is present

25-09-2024T13:23:43 - [MESSAGE][PASSED] - Text '256072691' is set on object 'Object Repository/IWP30/Page_ACHPersonalPaymentEntry/txt_routingNumber'

25-09-2024T13:23:43 - [MESSAGE][PASSED] - Object 'Object Repository/IWP30/Page_ACHPersonalPaymentEntry/txt_accountNumber' is present

25-09-2024T13:23:44 - [MESSAGE][PASSED] - Text '12344444' is set on object 'Object Repository/IWP30/Page_ACHPersonalPaymentEntry/txt_accountNumber'

25-09-2024T13:23:45 - [MESSAGE][PASSED] - Object 'Object Repository/IWP30/Page_ACHPersonalPaymentEntry/txt_confirmAccountNumber' is present

25-09-2024T13:23:45 - [MESSAGE][PASSED] - Text '12344444' is set on object 'Object Repository/IWP30/Page_ACHPersonalPaymentEntry/txt_confirmAccountNumber'

25-09-2024T13:23:46 - [MESSAGE][PASSED] - Object 'Object Repository/IWP30/Page_ACHPersonalPaymentEntry/rd_accountType' is present

25-09-2024T13:23:46 - [MESSAGE][PASSED] - Modify property of object successfully

25-09-2024T13:23:46 - [MESSAGE][PASSED] - Object: 'Object Repository/IWP30/Page_ACHPersonalPaymentEntry/rd_accountType' is clicked on

25-09-2024T13:23:46 - [MESSAGE][PASSED] - Object 'Object Repository/IWP30/Page_ACHPersonalPaymentEntry/txt_Email' is present

25-09-2024T13:23:47 - [MESSAGE][PASSED] - Object 'Object Repository/IWP30/Page_ACHPersonalPaymentEntry/cb_TermsAndCond' is present

25-09-2024T13:23:47 - [MESSAGE][PASSED] - Object: 'Object Repository/IWP30/Page_ACHPersonalPaymentEntry/cb_TermsAndCond' is clicked on

25-09-2024T13:23:47 - [MESSAGE][PASSED] - Object 'Object Repository/IWP30/Page_ACHPersonalPaymentEntry/btn_Continue' is present

25-09-2024T13:23:48 - [MESSAGE][PASSED] - Object: 'Object Repository/IWP30/Page_ACHPersonalPaymentEntry/btn_Continue' is clicked on

25-09-2024T13:23:48 - [MESSAGE][PASSED] - iwpPages.achPersonalPaymentEntryPage.setDataACHPPM is PASSED

25-09-2024T13:23:48 - [TEST_STEP][PASSED] - click(findTestObject("Object Repository/IWP30/Page_Confirmation/ConfirmButton")): Object: 'Object Repository/IWP30/Page_Confirmation/ConfirmButton' is clicked on

25-09-2024T13:23:49 - [MESSAGE][PASSED] - Object: 'Object Repository/IWP30/Page_Confirmation/ConfirmButton' is clicked on

25-09-2024T13:23:49 - [TEST_STEP][PASSED] - Thread.sleep(10000): null

25-09-2024T13:23:59 - [TEST_STEP][PASSED] - if (verifyTextPresent("Successful Payment Receipt", false)): null

25-09-2024T13:24:00 - [MESSAGE][PASSED] - Text 'Successful Payment Receipt' is present on page 

25-09-2024T13:24:00 - [TEST_STEP][PASSED] - println("Successful Payment Receipt text is present on the Receipt page"): null

25-09-2024T13:24:00 - [TEST_STEP][PASSED] - markPassed("Successful Payment Receipt text is present on the Receipt page"): Successful Payment Receipt text is present on the Receipt page

25-09-2024T13:24:00 - [MESSAGE][PASSED] - Successful Payment Receipt text is present on the Receipt page

25-09-2024T13:24:00 - [TEST_STEP][PASSED] - resText = "Pass": null

25-09-2024T13:24:00 - [TEST_STEP][PASSED] - pages.WriteExcel.demoKey(resText, datText, resColumn, datCloumn, fileLoc, nameSheet, row): pages.WriteExcel.demoKey is PASSED

25-09-2024T13:24:00 - [MESSAGE][PASSED] - pages.WriteExcel.demoKey is PASSED

25-09-2024T13:24:00 - [TEST_STEP][PASSED] - closeBrowser(): Browser is closed

25-09-2024T13:24:00 - [MESSAGE][PASSED] - Browser is closed]]></system-out>
         <system-err><![CDATA[]]></system-err>
      </testcase>
      <testcase name="Test Cases/IntegratedWeb/IWP25/Payments/PayNowCorpDCF" time="174.135" classname="Test Cases/IntegratedWeb/IWP25/Payments/PayNowCorpDCF" status="PASSED">
         <system-out><![CDATA[25-09-2024T13:24:00 - [TEST_CASE][PASSED] - Test Cases/IntegratedWeb/IWP25/Payments/PayNowCorpDCF: Test Cases/IntegratedWeb/IWP25/Payments/PayNowCorpDCF

25-09-2024T13:24:01 - [TEST_STEP][PASSED] - resText = "Fail": null

25-09-2024T13:24:01 - [TEST_STEP][PASSED] - resColumn = "Result": null

25-09-2024T13:24:01 - [TEST_STEP][PASSED] - datCloumn = "Date": null

25-09-2024T13:24:01 - [TEST_STEP][PASSED] - fileLoc = "KatalonData/IWPTestData/VRelay25Payments.xlsx": null

25-09-2024T13:24:01 - [TEST_STEP][PASSED] - numOfRows = <not implemented yet for class: org.codehaus.groovy.ast.expr.EmptyExpression>: null

25-09-2024T13:24:01 - [TEST_STEP][PASSED] - dataFile = <not implemented yet for class: org.codehaus.groovy.ast.expr.EmptyExpression>: null

25-09-2024T13:24:01 - [TEST_STEP][PASSED] - nameSheet = <not implemented yet for class: org.codehaus.groovy.ast.expr.EmptyExpression>: null

25-09-2024T13:24:01 - [TEST_STEP][PASSED] - dataFileEmulator = <not implemented yet for class: org.codehaus.groovy.ast.expr.EmptyExpression>: null

25-09-2024T13:24:01 - [TEST_STEP][PASSED] - isRequiredTextPresent = false: null

25-09-2024T13:24:01 - [TEST_STEP][PASSED] - nameSheet = "PayNowCorpDCF": null

25-09-2024T13:24:01 - [TEST_STEP][PASSED] - dataFile = "IWPTestData/IWP25PayNowCorpDCF": null

25-09-2024T13:24:01 - [TEST_STEP][PASSED] - dataFileEmulator = "IWPTestData/EmulatorData": null

25-09-2024T13:24:01 - [TEST_STEP][PASSED] - numOfRows = findTestData(dataFile).getRowNumbers(): null

25-09-2024T13:24:01 - [TEST_STEP][PASSED] - println("Number of Records: " + numOfRows): null

25-09-2024T13:24:01 - [TEST_STEP][PASSED] - for ([row = 1, row <= numOfRows, (row++)]): Browser is closed

25-09-2024T13:24:01 - [TEST_STEP][PASSED] - ExecuteTC = findTestData(dataFile).getValue("Execute", row): null

25-09-2024T13:24:01 - [TEST_STEP][PASSED] - out.println("Value of Execute is : " + ExecuteTC): null

25-09-2024T13:24:01 - [TEST_STEP][PASSED] - if (ExecuteTC.equalsIgnoreCase("Y")): null

25-09-2024T13:24:01 - [TEST_STEP][PASSED] - out.println("Begin Record Number: " + row): null

25-09-2024T13:24:01 - [TEST_STEP][PASSED] - today = new java.util.Date(): null

25-09-2024T13:24:01 - [TEST_STEP][PASSED] - println(today): null

25-09-2024T13:24:01 - [TEST_STEP][PASSED] - datText = today: null

25-09-2024T13:24:01 - [TEST_STEP][PASSED] - EmulatorDataKey = findTestData(dataFile).getValue("EmulatorData", row): null

25-09-2024T13:24:01 - [TEST_STEP][PASSED] - out.println("Value of Emulator Key is : " + EmulatorDataKey): null

25-09-2024T13:24:01 - [TEST_STEP][PASSED] - iwpPages.emulatorIWP30.setDataEmulator_DD(EmulatorDataKey): iwpPages.emulatorIWP30.setDataEmulator_DD is PASSED

25-09-2024T13:24:01 - [MESSAGE][INFO] - Starting 'Edge Chromium' driver

25-09-2024T13:24:01 - [MESSAGE][INFO] - User set preference: ['acceptInsecureCerts', 'true']

25-09-2024T13:24:03 - [MESSAGE][INFO] - Action delay is set to 0 milliseconds

25-09-2024T13:24:06 - [MESSAGE][PASSED] - Browser is opened with url: 'https://qa.velocitypayment.com/agency/config.do?action=editor&message_version=2_5'

25-09-2024T13:24:06 - [MESSAGE][PASSED] - Current window maximized

25-09-2024T13:24:07 - [MESSAGE][PASSED] - All options with value '2.5' are selected in object 'Object Repository/IWP30/Page_VRelay30Emulator/MV'  using regular expression

25-09-2024T13:24:08 - [MESSAGE][PASSED] - Text '10.50' is set on object 'Object Repository/IWP30/Page_VRelay30Emulator/Amount'

25-09-2024T13:24:09 - [MESSAGE][PASSED] - Text 'qurvlJOeaKJh' is set on object 'Object Repository/IWP30/Page_VRelay30Emulator/CAN'

25-09-2024T13:24:09 - [MESSAGE][PASSED] - Text 'PayNow' is set on object 'Object Repository/IWP30/Page_VRelay30Emulator/Action'

25-09-2024T13:24:10 - [MESSAGE][PASSED] - Text 'en_US' is set on object 'Object Repository/IWP30/Page_VRelay30Emulator/Lang'

25-09-2024T13:24:11 - [MESSAGE][PASSED] - Text '' is set on object 'Object Repository/IWP30/Page_VRelay30Emulator/Fname'

25-09-2024T13:24:11 - [MESSAGE][PASSED] - Text '' is set on object 'Object Repository/IWP30/Page_VRelay30Emulator/Lname'

25-09-2024T13:24:12 - [MESSAGE][PASSED] - Text '' is set on object 'Object Repository/IWP30/Page_VRelay30Emulator/AL1'

25-09-2024T13:24:12 - [MESSAGE][PASSED] - Text '' is set on object 'Object Repository/IWP30/Page_VRelay30Emulator/AL2'

25-09-2024T13:24:13 - [MESSAGE][PASSED] - Text '' is set on object 'Object Repository/IWP30/Page_VRelay30Emulator/Country'

25-09-2024T13:24:13 - [MESSAGE][PASSED] - Text '' is set on object 'Object Repository/IWP30/Page_VRelay30Emulator/City'

25-09-2024T13:24:14 - [MESSAGE][PASSED] - Text '' is set on object 'Object Repository/IWP30/Page_VRelay30Emulator/State'

25-09-2024T13:24:15 - [MESSAGE][PASSED] - Text '' is set on object 'Object Repository/IWP30/Page_VRelay30Emulator/ZIP'

25-09-2024T13:24:15 - [MESSAGE][PASSED] - Text '' is set on object 'Object Repository/IWP30/Page_VRelay30Emulator/Order'

25-09-2024T13:24:16 - [MESSAGE][PASSED] - Text '' is set on object 'Object Repository/IWP30/Page_VRelay30Emulator/Company'

25-09-2024T13:24:16 - [MESSAGE][PASSED] - Text '' is set on object 'Object Repository/IWP30/Page_VRelay30Emulator/Email'

25-09-2024T13:24:17 - [MESSAGE][PASSED] - Text '' is set on object 'Object Repository/IWP30/Page_VRelay30Emulator/UDF1'

25-09-2024T13:24:18 - [MESSAGE][PASSED] - Text '' is set on object 'Object Repository/IWP30/Page_VRelay30Emulator/UDF2'

25-09-2024T13:24:18 - [MESSAGE][PASSED] - Text '' is set on object 'Object Repository/IWP30/Page_VRelay30Emulator/UDF3'

25-09-2024T13:24:19 - [MESSAGE][PASSED] - Text 'udf data 4' is set on object 'Object Repository/IWP30/Page_VRelay30Emulator/UDF4'

25-09-2024T13:24:19 - [MESSAGE][PASSED] - Text 'udf data 5' is set on object 'Object Repository/IWP30/Page_VRelay30Emulator/UDF5'

25-09-2024T13:24:20 - [MESSAGE][PASSED] - Text '' is set on object 'Object Repository/IWP30/Page_VRelay30Emulator/UDF6'

25-09-2024T13:24:20 - [MESSAGE][PASSED] - Text '' is set on object 'Object Repository/IWP30/Page_VRelay30Emulator/UDF7'

25-09-2024T13:24:21 - [MESSAGE][PASSED] - Text '' is set on object 'Object Repository/IWP30/Page_VRelay30Emulator/UDF8'

25-09-2024T13:24:22 - [MESSAGE][PASSED] - Text 'udf data 9' is set on object 'Object Repository/IWP30/Page_VRelay30Emulator/UDF9'

25-09-2024T13:24:22 - [MESSAGE][PASSED] - Text 'udf data 10' is set on object 'Object Repository/IWP30/Page_VRelay30Emulator/UDF10'

25-09-2024T13:24:23 - [MESSAGE][PASSED] - Object: 'Object Repository/IWP30/Page_VRelay30Emulator/Submit' is clicked on

25-09-2024T13:24:28 - [MESSAGE][PASSED] - Browser is closed

25-09-2024T13:24:32 - [MESSAGE][PASSED] - iwpPages.emulatorIWP30.setDataEmulator_DD is PASSED

25-09-2024T13:24:32 - [TEST_STEP][PASSED] - testHarnessURL = urlTestHarness: null

25-09-2024T13:24:32 - [TEST_STEP][PASSED] - openBrowser(testHarnessURL): Browser is opened with url: 'https://dev-algorithm.govolution.com/vrelaytest/QA/version_2_2/vrelaytest.html'

25-09-2024T13:24:32 - [MESSAGE][INFO] - Starting 'Edge Chromium' driver

25-09-2024T13:24:32 - [MESSAGE][INFO] - User set preference: ['acceptInsecureCerts', 'true']

25-09-2024T13:24:34 - [MESSAGE][INFO] - Action delay is set to 0 milliseconds

25-09-2024T13:24:39 - [MESSAGE][PASSED] - Browser is opened with url: 'https://dev-algorithm.govolution.com/vrelaytest/QA/version_2_2/vrelaytest.html'

25-09-2024T13:24:39 - [TEST_STEP][PASSED] - maximizeWindow(): Current window maximized

25-09-2024T13:24:39 - [MESSAGE][PASSED] - Current window maximized

25-09-2024T13:24:39 - [TEST_STEP][PASSED] - iwpPages.TestHarnessPage.setDataMethod(row, dataFile): iwpPages.TestHarnessPage.setDataMethod is PASSED

25-09-2024T13:24:39 - [MESSAGE][PASSED] - Object 'Object Repository/IWP30/Page_QATestHarness/RemittanceID' is present

25-09-2024T13:24:40 - [MESSAGE][PASSED] - Text '640' is set on object 'Object Repository/IWP30/Page_QATestHarness/ApplicationID'

25-09-2024T13:24:40 - [MESSAGE][PASSED] - Text '2.5' is set on object 'Object Repository/IWP30/Page_QATestHarness/MessageVersion'

25-09-2024T13:24:41 - [MESSAGE][PASSED] - Text 'UvjMecDzLvTX' is set on object 'Object Repository/IWP30/Page_QATestHarness/RemittanceID'

25-09-2024T13:24:44 - [MESSAGE][PASSED] - Object: 'Object Repository/IWP30/Page_QATestHarness/SubmitButton' is clicked on

25-09-2024T13:24:44 - [MESSAGE][PASSED] - iwpPages.TestHarnessPage.setDataMethod is PASSED

25-09-2024T13:24:44 - [TEST_STEP][PASSED] - click(findTestObject("Object Repository/IWP30/Page_SelectPaymentMethod/PayByCorporateCheck")): Object: 'Object Repository/IWP30/Page_SelectPaymentMethod/PayByCorporateCheck' is clicked on

25-09-2024T13:24:45 - [MESSAGE][PASSED] - Object: 'Object Repository/IWP30/Page_SelectPaymentMethod/PayByCorporateCheck' is clicked on

25-09-2024T13:24:45 - [TEST_STEP][PASSED] - click(findTestObject("Object Repository/IWP30/Page_SelectPaymentMethod/MakePaymentButton")): Object: 'Object Repository/IWP30/Page_SelectPaymentMethod/MakePaymentButton' is clicked on

25-09-2024T13:24:46 - [MESSAGE][PASSED] - Object: 'Object Repository/IWP30/Page_SelectPaymentMethod/MakePaymentButton' is clicked on

25-09-2024T13:24:46 - [TEST_STEP][PASSED] - iwpPages.achCorporatePaymentEntryPage.setDataCorporate(row, dataFile): iwpPages.achCorporatePaymentEntryPage.setDataCorporate is PASSED

25-09-2024T13:24:47 - [MESSAGE][PASSED] - Object 'Object Repository/IWP30/Page_ACHCorporatePaymentEntry/txt_accountNumber' is present

25-09-2024T13:24:47 - [MESSAGE][PASSED] - Object 'Object Repository/IWP30/Page_ACHCorporatePaymentEntry/input_CompanyName' is present

25-09-2024T13:24:48 - [MESSAGE][PASSED] - Text 'My Company' is set on object 'Object Repository/IWP30/Page_ACHCorporatePaymentEntry/input_CompanyName'

25-09-2024T13:24:48 - [MESSAGE][PASSED] - Object 'Object Repository/IWP30/Page_ACHCorporatePaymentEntry/input_EIN' is present

25-09-2024T13:24:49 - [MESSAGE][PASSED] - Text '123456789' is set on object 'Object Repository/IWP30/Page_ACHCorporatePaymentEntry/input_EIN'

25-09-2024T13:24:49 - [MESSAGE][PASSED] - Text '10.50' is set on object 'Object Repository/IWP30/Page_ACHCorporatePaymentEntry/txt_Amount'

25-09-2024T13:24:50 - [MESSAGE][PASSED] - Text 'udf data 2' is set on object 'Object Repository/IWP30/Page_ACHCorporatePaymentEntry/txt_UDF2'

25-09-2024T13:24:51 - [MESSAGE][PASSED] - Text 'udf data 3' is set on object 'Object Repository/IWP30/Page_ACHCorporatePaymentEntry/txt_UDF3'

25-09-2024T13:24:51 - [MESSAGE][PASSED] - All options with label 'Orange' are selected in object 'Object Repository/IWP30/Page_ACHCorporatePaymentEntry/dd_UDF7' 

25-09-2024T13:24:52 - [MESSAGE][PASSED] - All options with label 'Soccer' are selected in object 'Object Repository/IWP30/Page_ACHCorporatePaymentEntry/dd_UDF8' 

25-09-2024T13:24:52 - [MESSAGE][PASSED] - Object 'Object Repository/IWP30/Page_ACHCorporatePaymentEntry/txt_routingNumber' is present

25-09-2024T13:24:53 - [MESSAGE][PASSED] - Text '256072691' is set on object 'Object Repository/IWP30/Page_ACHCorporatePaymentEntry/txt_routingNumber'

25-09-2024T13:24:53 - [MESSAGE][PASSED] - Object 'Object Repository/IWP30/Page_ACHCorporatePaymentEntry/txt_accountNumber' is present

25-09-2024T13:24:54 - [MESSAGE][PASSED] - Text '12344444' is set on object 'Object Repository/IWP30/Page_ACHCorporatePaymentEntry/txt_accountNumber'

25-09-2024T13:24:55 - [MESSAGE][PASSED] - Object 'Object Repository/IWP30/Page_ACHCorporatePaymentEntry/txt_confirmAccountNumber' is present

25-09-2024T13:24:55 - [MESSAGE][PASSED] - Text '12344444' is set on object 'Object Repository/IWP30/Page_ACHCorporatePaymentEntry/txt_confirmAccountNumber'

25-09-2024T13:24:56 - [MESSAGE][PASSED] - Text '365 Main Avenue' is set on object 'Object Repository/IWP30/Page_ACHCorporatePaymentEntry/txt_AL1'

25-09-2024T13:24:56 - [MESSAGE][PASSED] - Text '22201' is set on object 'Object Repository/IWP30/Page_ACHCorporatePaymentEntry/txt_ZIP'

25-09-2024T13:24:57 - [MESSAGE][PASSED] - Object 'Object Repository/IWP30/Page_ACHCorporatePaymentEntry/txt_Email' is present

25-09-2024T13:24:58 - [MESSAGE][PASSED] - Text 'iahmed@govolution.com' is set on object 'Object Repository/IWP30/Page_ACHCorporatePaymentEntry/txt_Email'

25-09-2024T13:24:58 - [MESSAGE][PASSED] - Object 'Object Repository/IWP30/Page_ACHCorporatePaymentEntry/cb_TermsAndCond' is present

25-09-2024T13:24:58 - [MESSAGE][PASSED] - Object: 'Object Repository/IWP30/Page_ACHCorporatePaymentEntry/cb_TermsAndCond' is clicked on

25-09-2024T13:24:58 - [MESSAGE][PASSED] - Object 'Object Repository/IWP30/Page_ACHCorporatePaymentEntry/btn_Continue' is present

25-09-2024T13:25:00 - [MESSAGE][PASSED] - Object: 'Object Repository/IWP30/Page_ACHCorporatePaymentEntry/btn_Continue' is clicked on

25-09-2024T13:25:00 - [MESSAGE][PASSED] - iwpPages.achCorporatePaymentEntryPage.setDataCorporate is PASSED

25-09-2024T13:25:00 - [TEST_STEP][PASSED] - click(findTestObject("Object Repository/IWP30/Page_Confirmation/ConfirmButton")): Object: 'Object Repository/IWP30/Page_Confirmation/ConfirmButton' is clicked on

25-09-2024T13:25:01 - [MESSAGE][PASSED] - Object: 'Object Repository/IWP30/Page_Confirmation/ConfirmButton' is clicked on

25-09-2024T13:25:01 - [TEST_STEP][PASSED] - Thread.sleep(5000): null

25-09-2024T13:25:06 - [TEST_STEP][PASSED] - println("I am on real estate page"): null

25-09-2024T13:25:06 - [TEST_STEP][PASSED] - if (verifyTextPresent("Make a Real Estate Payment", false)): null

25-09-2024T13:25:07 - [MESSAGE][PASSED] - Text 'Make a Real Estate Payment' is present on page 

25-09-2024T13:25:07 - [TEST_STEP][PASSED] - isRequiredTextPresent = true: null

25-09-2024T13:25:07 - [TEST_STEP][PASSED] - println(isRequiredTextPresent): null

25-09-2024T13:25:07 - [TEST_STEP][PASSED] - if (isRequiredTextPresent): null

25-09-2024T13:25:07 - [TEST_STEP][PASSED] - if (verifyTextPresent("This transaction is subject to a Convenience Fees of $2.00.", false)): null

25-09-2024T13:25:07 - [MESSAGE][PASSED] - Text 'This transaction is subject to a Convenience Fees of $2.00.' is present on page 

25-09-2024T13:25:07 - [TEST_STEP][PASSED] - isRequiredTextPresent = true: null

25-09-2024T13:25:07 - [TEST_STEP][PASSED] - println(isRequiredTextPresent): null

25-09-2024T13:25:07 - [TEST_STEP][PASSED] - if (isRequiredTextPresent): null

25-09-2024T13:25:07 - [TEST_STEP][PASSED] - if (verifyTextPresent("Payment Amount:  $10.50", false)): null

25-09-2024T13:25:07 - [MESSAGE][PASSED] - Text 'Payment Amount:  $10.50' is present on page 

25-09-2024T13:25:07 - [TEST_STEP][PASSED] - isRequiredTextPresent = true: null

25-09-2024T13:25:07 - [TEST_STEP][PASSED] - if (isRequiredTextPresent): null

25-09-2024T13:25:07 - [TEST_STEP][PASSED] - if (verifyTextPresent("Convenience Fees:  $2.00", false)): null

25-09-2024T13:25:07 - [MESSAGE][PASSED] - Text 'Convenience Fees:  $2.00' is present on page 

25-09-2024T13:25:07 - [TEST_STEP][PASSED] - isRequiredTextPresent = true: null

25-09-2024T13:25:07 - [TEST_STEP][PASSED] - if (isRequiredTextPresent): null

25-09-2024T13:25:07 - [TEST_STEP][PASSED] - if (verifyTextPresent("Total Amount:  $12.50", false)): null

25-09-2024T13:25:08 - [MESSAGE][PASSED] - Text 'Total Amount:  $12.50' is present on page 

25-09-2024T13:25:08 - [TEST_STEP][PASSED] - isRequiredTextPresent = true: null

25-09-2024T13:25:08 - [TEST_STEP][PASSED] - if (isRequiredTextPresent): null

25-09-2024T13:25:08 - [TEST_STEP][PASSED] - if (verifyTextPresent("Two transactions will appear on your bank statement, one in the amount of $10.50 and one in the amount of $2.00.", false)): null

25-09-2024T13:25:08 - [MESSAGE][PASSED] - Text 'Two transactions will appear on your bank statement, one in the amount of $10.50 and one in the amount of $2.00.' is present on page 

25-09-2024T13:25:08 - [TEST_STEP][PASSED] - isRequiredTextPresent = true: null

25-09-2024T13:25:08 - [TEST_STEP][PASSED] - Thread.sleep(10000): null

25-09-2024T13:25:18 - [TEST_STEP][PASSED] - click(findTestObject("Object Repository/IWP30/Page_ConvenienceFees/btn_convFeeNotifyAction")): Object: 'Object Repository/IWP30/Page_ConvenienceFees/btn_convFeeNotifyAction' is clicked on

25-09-2024T13:25:20 - [MESSAGE][PASSED] - Object: 'Object Repository/IWP30/Page_ConvenienceFees/btn_convFeeNotifyAction' is clicked on

25-09-2024T13:25:20 - [TEST_STEP][PASSED] - Thread.sleep(10000): null

25-09-2024T13:25:30 - [TEST_STEP][PASSED] - if (verifyTextPresent("Successful Payment Receipt", false)): null

25-09-2024T13:25:30 - [MESSAGE][PASSED] - Text 'Successful Payment Receipt' is present on page 

25-09-2024T13:25:30 - [TEST_STEP][PASSED] - println("Successful Payment Receipt text is present on the Receipt page"): null

25-09-2024T13:25:30 - [TEST_STEP][PASSED] - markPassed("Successful Payment Receipt text is present on the Receipt page"): Successful Payment Receipt text is present on the Receipt page

25-09-2024T13:25:30 - [MESSAGE][PASSED] - Successful Payment Receipt text is present on the Receipt page

25-09-2024T13:25:30 - [TEST_STEP][PASSED] - resText = "Pass": null

25-09-2024T13:25:30 - [TEST_STEP][PASSED] - pages.WriteExcel.demoKey(resText, datText, resColumn, datCloumn, fileLoc, nameSheet, row): pages.WriteExcel.demoKey is PASSED

25-09-2024T13:25:30 - [MESSAGE][PASSED] - pages.WriteExcel.demoKey is PASSED

25-09-2024T13:25:30 - [TEST_STEP][PASSED] - closeBrowser(): Browser is closed

25-09-2024T13:25:30 - [MESSAGE][PASSED] - Browser is closed

25-09-2024T13:25:30 - [TEST_STEP][PASSED] - ExecuteTC = findTestData(dataFile).getValue("Execute", row): null

25-09-2024T13:25:31 - [TEST_STEP][PASSED] - out.println("Value of Execute is : " + ExecuteTC): null

25-09-2024T13:25:31 - [TEST_STEP][PASSED] - if (ExecuteTC.equalsIgnoreCase("Y")): null

25-09-2024T13:25:31 - [TEST_STEP][PASSED] - out.println("Begin Record Number: " + row): null

25-09-2024T13:25:31 - [TEST_STEP][PASSED] - today = new java.util.Date(): null

25-09-2024T13:25:31 - [TEST_STEP][PASSED] - println(today): null

25-09-2024T13:25:31 - [TEST_STEP][PASSED] - datText = today: null

25-09-2024T13:25:31 - [TEST_STEP][PASSED] - EmulatorDataKey = findTestData(dataFile).getValue("EmulatorData", row): null

25-09-2024T13:25:31 - [TEST_STEP][PASSED] - out.println("Value of Emulator Key is : " + EmulatorDataKey): null

25-09-2024T13:25:31 - [TEST_STEP][PASSED] - iwpPages.emulatorIWP30.setDataEmulator_DD(EmulatorDataKey): iwpPages.emulatorIWP30.setDataEmulator_DD is PASSED

25-09-2024T13:25:31 - [MESSAGE][INFO] - Starting 'Edge Chromium' driver

25-09-2024T13:25:31 - [MESSAGE][INFO] - User set preference: ['acceptInsecureCerts', 'true']

25-09-2024T13:25:33 - [MESSAGE][INFO] - Action delay is set to 0 milliseconds

25-09-2024T13:25:36 - [MESSAGE][PASSED] - Browser is opened with url: 'https://qa.velocitypayment.com/agency/config.do?action=editor&message_version=2_5'

25-09-2024T13:25:36 - [MESSAGE][PASSED] - Current window maximized

25-09-2024T13:25:37 - [MESSAGE][PASSED] - All options with value '2.5' are selected in object 'Object Repository/IWP30/Page_VRelay30Emulator/MV'  using regular expression

25-09-2024T13:25:38 - [MESSAGE][PASSED] - Text '10.50' is set on object 'Object Repository/IWP30/Page_VRelay30Emulator/Amount'

25-09-2024T13:25:39 - [MESSAGE][PASSED] - Text 'MbXzoc5qL1vC' is set on object 'Object Repository/IWP30/Page_VRelay30Emulator/CAN'

25-09-2024T13:25:39 - [MESSAGE][PASSED] - Text 'PayNow' is set on object 'Object Repository/IWP30/Page_VRelay30Emulator/Action'

25-09-2024T13:25:40 - [MESSAGE][PASSED] - Text 'en_US' is set on object 'Object Repository/IWP30/Page_VRelay30Emulator/Lang'

25-09-2024T13:25:40 - [MESSAGE][PASSED] - Text 'Jasmine' is set on object 'Object Repository/IWP30/Page_VRelay30Emulator/Fname'

25-09-2024T13:25:41 - [MESSAGE][PASSED] - Text 'Patrinol' is set on object 'Object Repository/IWP30/Page_VRelay30Emulator/Lname'

25-09-2024T13:25:42 - [MESSAGE][PASSED] - Text '258 Underwood rd' is set on object 'Object Repository/IWP30/Page_VRelay30Emulator/AL1'

25-09-2024T13:25:42 - [MESSAGE][PASSED] - Text 'Suite 600' is set on object 'Object Repository/IWP30/Page_VRelay30Emulator/AL2'

25-09-2024T13:25:43 - [MESSAGE][PASSED] - Text '840' is set on object 'Object Repository/IWP30/Page_VRelay30Emulator/Country'

25-09-2024T13:25:44 - [MESSAGE][PASSED] - Text 'Arlington' is set on object 'Object Repository/IWP30/Page_VRelay30Emulator/City'

25-09-2024T13:25:44 - [MESSAGE][PASSED] - Text 'VA' is set on object 'Object Repository/IWP30/Page_VRelay30Emulator/State'

25-09-2024T13:25:45 - [MESSAGE][PASSED] - Text '22201' is set on object 'Object Repository/IWP30/Page_VRelay30Emulator/ZIP'

25-09-2024T13:25:45 - [MESSAGE][PASSED] - Text '' is set on object 'Object Repository/IWP30/Page_VRelay30Emulator/Order'

25-09-2024T13:25:46 - [MESSAGE][PASSED] - Text 'Some Company' is set on object 'Object Repository/IWP30/Page_VRelay30Emulator/Company'

25-09-2024T13:25:47 - [MESSAGE][PASSED] - Text 'iahmed@govolution.com' is set on object 'Object Repository/IWP30/Page_VRelay30Emulator/Email'

25-09-2024T13:25:47 - [MESSAGE][PASSED] - Text 'udf data 1' is set on object 'Object Repository/IWP30/Page_VRelay30Emulator/UDF1'

25-09-2024T13:25:48 - [MESSAGE][PASSED] - Text 'udf data 2' is set on object 'Object Repository/IWP30/Page_VRelay30Emulator/UDF2'

25-09-2024T13:25:48 - [MESSAGE][PASSED] - Text 'udf data 3' is set on object 'Object Repository/IWP30/Page_VRelay30Emulator/UDF3'

25-09-2024T13:25:49 - [MESSAGE][PASSED] - Text 'udf data 4' is set on object 'Object Repository/IWP30/Page_VRelay30Emulator/UDF4'

25-09-2024T13:25:50 - [MESSAGE][PASSED] - Text 'udf data 5' is set on object 'Object Repository/IWP30/Page_VRelay30Emulator/UDF5'

25-09-2024T13:25:50 - [MESSAGE][PASSED] - Text 'udf data 6' is set on object 'Object Repository/IWP30/Page_VRelay30Emulator/UDF6'

25-09-2024T13:25:51 - [MESSAGE][PASSED] - Text 'Orange' is set on object 'Object Repository/IWP30/Page_VRelay30Emulator/UDF7'

25-09-2024T13:25:51 - [MESSAGE][PASSED] - Text 'Soccer' is set on object 'Object Repository/IWP30/Page_VRelay30Emulator/UDF8'

25-09-2024T13:25:52 - [MESSAGE][PASSED] - Text 'udf data 9' is set on object 'Object Repository/IWP30/Page_VRelay30Emulator/UDF9'

25-09-2024T13:25:53 - [MESSAGE][PASSED] - Text 'udf data 10' is set on object 'Object Repository/IWP30/Page_VRelay30Emulator/UDF10'

25-09-2024T13:25:54 - [MESSAGE][PASSED] - Object: 'Object Repository/IWP30/Page_VRelay30Emulator/Submit' is clicked on

25-09-2024T13:25:58 - [MESSAGE][PASSED] - Browser is closed

25-09-2024T13:26:02 - [MESSAGE][PASSED] - iwpPages.emulatorIWP30.setDataEmulator_DD is PASSED

25-09-2024T13:26:02 - [TEST_STEP][PASSED] - testHarnessURL = urlTestHarness: null

25-09-2024T13:26:02 - [TEST_STEP][PASSED] - openBrowser(testHarnessURL): Browser is opened with url: 'https://dev-algorithm.govolution.com/vrelaytest/QA/version_2_2/vrelaytest.html'

25-09-2024T13:26:02 - [MESSAGE][INFO] - Starting 'Edge Chromium' driver

25-09-2024T13:26:02 - [MESSAGE][INFO] - User set preference: ['acceptInsecureCerts', 'true']

25-09-2024T13:26:04 - [MESSAGE][INFO] - Action delay is set to 0 milliseconds

25-09-2024T13:26:08 - [MESSAGE][PASSED] - Browser is opened with url: 'https://dev-algorithm.govolution.com/vrelaytest/QA/version_2_2/vrelaytest.html'

25-09-2024T13:26:08 - [TEST_STEP][PASSED] - maximizeWindow(): Current window maximized

25-09-2024T13:26:08 - [MESSAGE][PASSED] - Current window maximized

25-09-2024T13:26:08 - [TEST_STEP][PASSED] - iwpPages.TestHarnessPage.setDataMethod(row, dataFile): iwpPages.TestHarnessPage.setDataMethod is PASSED

25-09-2024T13:26:08 - [MESSAGE][PASSED] - Object 'Object Repository/IWP30/Page_QATestHarness/RemittanceID' is present

25-09-2024T13:26:09 - [MESSAGE][PASSED] - Text '640' is set on object 'Object Repository/IWP30/Page_QATestHarness/ApplicationID'

25-09-2024T13:26:10 - [MESSAGE][PASSED] - Text '2.5' is set on object 'Object Repository/IWP30/Page_QATestHarness/MessageVersion'

25-09-2024T13:26:10 - [MESSAGE][PASSED] - Text 'agCSbuWb8J71' is set on object 'Object Repository/IWP30/Page_QATestHarness/RemittanceID'

25-09-2024T13:26:13 - [MESSAGE][PASSED] - Object: 'Object Repository/IWP30/Page_QATestHarness/SubmitButton' is clicked on

25-09-2024T13:26:13 - [MESSAGE][PASSED] - iwpPages.TestHarnessPage.setDataMethod is PASSED

25-09-2024T13:26:13 - [TEST_STEP][PASSED] - click(findTestObject("Object Repository/IWP30/Page_SelectPaymentMethod/PayByCorporateCheck")): Object: 'Object Repository/IWP30/Page_SelectPaymentMethod/PayByCorporateCheck' is clicked on

25-09-2024T13:26:14 - [MESSAGE][PASSED] - Object: 'Object Repository/IWP30/Page_SelectPaymentMethod/PayByCorporateCheck' is clicked on

25-09-2024T13:26:14 - [TEST_STEP][PASSED] - click(findTestObject("Object Repository/IWP30/Page_SelectPaymentMethod/MakePaymentButton")): Object: 'Object Repository/IWP30/Page_SelectPaymentMethod/MakePaymentButton' is clicked on

25-09-2024T13:26:16 - [MESSAGE][PASSED] - Object: 'Object Repository/IWP30/Page_SelectPaymentMethod/MakePaymentButton' is clicked on

25-09-2024T13:26:16 - [TEST_STEP][PASSED] - iwpPages.achCorporatePaymentEntryPage.setDataCorporate(row, dataFile): iwpPages.achCorporatePaymentEntryPage.setDataCorporate is PASSED

25-09-2024T13:26:17 - [MESSAGE][PASSED] - Object 'Object Repository/IWP30/Page_ACHCorporatePaymentEntry/txt_accountNumber' is present

25-09-2024T13:26:17 - [MESSAGE][PASSED] - Object 'Object Repository/IWP30/Page_ACHCorporatePaymentEntry/input_CompanyName' is present

25-09-2024T13:26:18 - [MESSAGE][PASSED] - Object 'Object Repository/IWP30/Page_ACHCorporatePaymentEntry/input_EIN' is present

25-09-2024T13:26:18 - [MESSAGE][PASSED] - Text '123456789' is set on object 'Object Repository/IWP30/Page_ACHCorporatePaymentEntry/input_EIN'

25-09-2024T13:26:19 - [MESSAGE][PASSED] - All options with label 'Soccer' are selected in object 'Object Repository/IWP30/Page_ACHCorporatePaymentEntry/dd_UDF8' 

25-09-2024T13:26:19 - [MESSAGE][PASSED] - Object 'Object Repository/IWP30/Page_ACHCorporatePaymentEntry/txt_routingNumber' is present

25-09-2024T13:26:20 - [MESSAGE][PASSED] - Text '256072691' is set on object 'Object Repository/IWP30/Page_ACHCorporatePaymentEntry/txt_routingNumber'

25-09-2024T13:26:20 - [MESSAGE][PASSED] - Object 'Object Repository/IWP30/Page_ACHCorporatePaymentEntry/txt_accountNumber' is present

25-09-2024T13:26:21 - [MESSAGE][PASSED] - Text '12344444' is set on object 'Object Repository/IWP30/Page_ACHCorporatePaymentEntry/txt_accountNumber'

25-09-2024T13:26:21 - [MESSAGE][PASSED] - Object 'Object Repository/IWP30/Page_ACHCorporatePaymentEntry/txt_confirmAccountNumber' is present

25-09-2024T13:26:22 - [MESSAGE][PASSED] - Text '12344444' is set on object 'Object Repository/IWP30/Page_ACHCorporatePaymentEntry/txt_confirmAccountNumber'

25-09-2024T13:26:22 - [MESSAGE][PASSED] - Object 'Object Repository/IWP30/Page_ACHCorporatePaymentEntry/txt_Email' is present

25-09-2024T13:26:22 - [MESSAGE][PASSED] - Object 'Object Repository/IWP30/Page_ACHCorporatePaymentEntry/cb_TermsAndCond' is present

25-09-2024T13:26:22 - [MESSAGE][PASSED] - Object: 'Object Repository/IWP30/Page_ACHCorporatePaymentEntry/cb_TermsAndCond' is clicked on

25-09-2024T13:26:23 - [MESSAGE][PASSED] - Object 'Object Repository/IWP30/Page_ACHCorporatePaymentEntry/btn_Continue' is present

25-09-2024T13:26:24 - [MESSAGE][PASSED] - Object: 'Object Repository/IWP30/Page_ACHCorporatePaymentEntry/btn_Continue' is clicked on

25-09-2024T13:26:24 - [MESSAGE][PASSED] - iwpPages.achCorporatePaymentEntryPage.setDataCorporate is PASSED

25-09-2024T13:26:24 - [TEST_STEP][PASSED] - click(findTestObject("Object Repository/IWP30/Page_Confirmation/ConfirmButton")): Object: 'Object Repository/IWP30/Page_Confirmation/ConfirmButton' is clicked on

25-09-2024T13:26:26 - [MESSAGE][PASSED] - Object: 'Object Repository/IWP30/Page_Confirmation/ConfirmButton' is clicked on

25-09-2024T13:26:26 - [TEST_STEP][PASSED] - Thread.sleep(5000): null

25-09-2024T13:26:31 - [TEST_STEP][PASSED] - println("I am on real estate page"): null

25-09-2024T13:26:31 - [TEST_STEP][PASSED] - if (verifyTextPresent("Make a Real Estate Payment", false)): null

25-09-2024T13:26:31 - [MESSAGE][PASSED] - Text 'Make a Real Estate Payment' is present on page 

25-09-2024T13:26:31 - [TEST_STEP][PASSED] - isRequiredTextPresent = true: null

25-09-2024T13:26:31 - [TEST_STEP][PASSED] - println(isRequiredTextPresent): null

25-09-2024T13:26:31 - [TEST_STEP][PASSED] - if (isRequiredTextPresent): null

25-09-2024T13:26:31 - [TEST_STEP][PASSED] - if (verifyTextPresent("This transaction is subject to a Convenience Fees of $2.00.", false)): null

25-09-2024T13:26:31 - [MESSAGE][PASSED] - Text 'This transaction is subject to a Convenience Fees of $2.00.' is present on page 

25-09-2024T13:26:31 - [TEST_STEP][PASSED] - isRequiredTextPresent = true: null

25-09-2024T13:26:31 - [TEST_STEP][PASSED] - println(isRequiredTextPresent): null

25-09-2024T13:26:31 - [TEST_STEP][PASSED] - if (isRequiredTextPresent): null

25-09-2024T13:26:31 - [TEST_STEP][PASSED] - if (verifyTextPresent("Payment Amount:  $10.50", false)): null

25-09-2024T13:26:31 - [MESSAGE][PASSED] - Text 'Payment Amount:  $10.50' is present on page 

25-09-2024T13:26:31 - [TEST_STEP][PASSED] - isRequiredTextPresent = true: null

25-09-2024T13:26:31 - [TEST_STEP][PASSED] - if (isRequiredTextPresent): null

25-09-2024T13:26:31 - [TEST_STEP][PASSED] - if (verifyTextPresent("Convenience Fees:  $2.00", false)): null

25-09-2024T13:26:32 - [MESSAGE][PASSED] - Text 'Convenience Fees:  $2.00' is present on page 

25-09-2024T13:26:32 - [TEST_STEP][PASSED] - isRequiredTextPresent = true: null

25-09-2024T13:26:32 - [TEST_STEP][PASSED] - if (isRequiredTextPresent): null

25-09-2024T13:26:32 - [TEST_STEP][PASSED] - if (verifyTextPresent("Total Amount:  $12.50", false)): null

25-09-2024T13:26:32 - [MESSAGE][PASSED] - Text 'Total Amount:  $12.50' is present on page 

25-09-2024T13:26:32 - [TEST_STEP][PASSED] - isRequiredTextPresent = true: null

25-09-2024T13:26:32 - [TEST_STEP][PASSED] - if (isRequiredTextPresent): null

25-09-2024T13:26:32 - [TEST_STEP][PASSED] - if (verifyTextPresent("Two transactions will appear on your bank statement, one in the amount of $10.50 and one in the amount of $2.00.", false)): null

25-09-2024T13:26:32 - [MESSAGE][PASSED] - Text 'Two transactions will appear on your bank statement, one in the amount of $10.50 and one in the amount of $2.00.' is present on page 

25-09-2024T13:26:32 - [TEST_STEP][PASSED] - isRequiredTextPresent = true: null

25-09-2024T13:26:32 - [TEST_STEP][PASSED] - Thread.sleep(10000): null

25-09-2024T13:26:42 - [TEST_STEP][PASSED] - click(findTestObject("Object Repository/IWP30/Page_ConvenienceFees/btn_convFeeNotifyAction")): Object: 'Object Repository/IWP30/Page_ConvenienceFees/btn_convFeeNotifyAction' is clicked on

25-09-2024T13:26:44 - [MESSAGE][PASSED] - Object: 'Object Repository/IWP30/Page_ConvenienceFees/btn_convFeeNotifyAction' is clicked on

25-09-2024T13:26:44 - [TEST_STEP][PASSED] - Thread.sleep(10000): null

25-09-2024T13:26:54 - [TEST_STEP][PASSED] - if (verifyTextPresent("Successful Payment Receipt", false)): null

25-09-2024T13:26:54 - [MESSAGE][PASSED] - Text 'Successful Payment Receipt' is present on page 

25-09-2024T13:26:54 - [TEST_STEP][PASSED] - println("Successful Payment Receipt text is present on the Receipt page"): null

25-09-2024T13:26:54 - [TEST_STEP][PASSED] - markPassed("Successful Payment Receipt text is present on the Receipt page"): Successful Payment Receipt text is present on the Receipt page

25-09-2024T13:26:54 - [MESSAGE][PASSED] - Successful Payment Receipt text is present on the Receipt page

25-09-2024T13:26:54 - [TEST_STEP][PASSED] - resText = "Pass": null

25-09-2024T13:26:54 - [TEST_STEP][PASSED] - pages.WriteExcel.demoKey(resText, datText, resColumn, datCloumn, fileLoc, nameSheet, row): pages.WriteExcel.demoKey is PASSED

25-09-2024T13:26:54 - [MESSAGE][PASSED] - pages.WriteExcel.demoKey is PASSED

25-09-2024T13:26:54 - [TEST_STEP][PASSED] - closeBrowser(): Browser is closed

25-09-2024T13:26:55 - [MESSAGE][PASSED] - Browser is closed]]></system-out>
         <system-err><![CDATA[]]></system-err>
      </testcase>
      <testcase name="Test Cases/IntegratedWeb/IWP25/Payments/PayNowCorporate" time="204.484" classname="Test Cases/IntegratedWeb/IWP25/Payments/PayNowCorporate" status="PASSED">
         <system-out><![CDATA[25-09-2024T13:26:55 - [TEST_CASE][PASSED] - Test Cases/IntegratedWeb/IWP25/Payments/PayNowCorporate: Test Cases/IntegratedWeb/IWP25/Payments/PayNowCorporate

25-09-2024T13:26:55 - [TEST_STEP][PASSED] - resText = "Fail": null

25-09-2024T13:26:55 - [TEST_STEP][PASSED] - resColumn = "Result": null

25-09-2024T13:26:55 - [TEST_STEP][PASSED] - datCloumn = "Date": null

25-09-2024T13:26:55 - [TEST_STEP][PASSED] - fileLoc = "KatalonData/IWPTestData/VRelay25Payments.xlsx": null

25-09-2024T13:26:55 - [TEST_STEP][PASSED] - numOfRows = <not implemented yet for class: org.codehaus.groovy.ast.expr.EmptyExpression>: null

25-09-2024T13:26:55 - [TEST_STEP][PASSED] - dataFile = <not implemented yet for class: org.codehaus.groovy.ast.expr.EmptyExpression>: null

25-09-2024T13:26:55 - [TEST_STEP][PASSED] - nameSheet = <not implemented yet for class: org.codehaus.groovy.ast.expr.EmptyExpression>: null

25-09-2024T13:26:55 - [TEST_STEP][PASSED] - dataFileEmulator = <not implemented yet for class: org.codehaus.groovy.ast.expr.EmptyExpression>: null

25-09-2024T13:26:55 - [TEST_STEP][PASSED] - nameSheet = "PayNowCorp": null

25-09-2024T13:26:55 - [TEST_STEP][PASSED] - dataFile = "IWPTestData/IWP25PayNowCorp": null

25-09-2024T13:26:55 - [TEST_STEP][PASSED] - dataFileEmulator = "IWPTestData/EmulatorData": null

25-09-2024T13:26:55 - [TEST_STEP][PASSED] - numOfRows = findTestData(dataFile).getRowNumbers(): null

25-09-2024T13:26:55 - [TEST_STEP][PASSED] - println("Number of Records: " + numOfRows): null

25-09-2024T13:26:55 - [TEST_STEP][PASSED] - for ([row = 1, row <= numOfRows, (row++)]): Browser is closed

25-09-2024T13:26:55 - [TEST_STEP][PASSED] - ExecuteTC = findTestData(dataFile).getValue("Execute", row): null

25-09-2024T13:26:55 - [TEST_STEP][PASSED] - out.println("Value of Execute is : " + ExecuteTC): null

25-09-2024T13:26:55 - [TEST_STEP][PASSED] - if (ExecuteTC.equalsIgnoreCase("Y")): null

25-09-2024T13:26:55 - [TEST_STEP][PASSED] - out.println("Begin Record Number: " + row): null

25-09-2024T13:26:55 - [TEST_STEP][PASSED] - today = new java.util.Date(): null

25-09-2024T13:26:55 - [TEST_STEP][PASSED] - println(today): null

25-09-2024T13:26:55 - [TEST_STEP][PASSED] - datText = today: null

25-09-2024T13:26:55 - [TEST_STEP][PASSED] - EmulatorDataKey = findTestData(dataFile).getValue("EmulatorData", row): null

25-09-2024T13:26:55 - [TEST_STEP][PASSED] - out.println("Value of Emulator Key is : " + EmulatorDataKey): null

25-09-2024T13:26:55 - [TEST_STEP][PASSED] - iwpPages.emulatorIWP30.setDataEmulator_DD(EmulatorDataKey): iwpPages.emulatorIWP30.setDataEmulator_DD is PASSED

25-09-2024T13:26:55 - [MESSAGE][INFO] - Starting 'Edge Chromium' driver

25-09-2024T13:26:55 - [MESSAGE][INFO] - User set preference: ['acceptInsecureCerts', 'true']

25-09-2024T13:26:57 - [MESSAGE][INFO] - Action delay is set to 0 milliseconds

25-09-2024T13:27:00 - [MESSAGE][PASSED] - Browser is opened with url: 'https://qa.velocitypayment.com/agency/config.do?action=editor&message_version=2_5'

25-09-2024T13:27:01 - [MESSAGE][PASSED] - Current window maximized

25-09-2024T13:27:02 - [MESSAGE][PASSED] - All options with value '2.5' are selected in object 'Object Repository/IWP30/Page_VRelay30Emulator/MV'  using regular expression

25-09-2024T13:27:02 - [MESSAGE][PASSED] - Text '10.50' is set on object 'Object Repository/IWP30/Page_VRelay30Emulator/Amount'

25-09-2024T13:27:03 - [MESSAGE][PASSED] - Text 'ePm2J32wKSJ4' is set on object 'Object Repository/IWP30/Page_VRelay30Emulator/CAN'

25-09-2024T13:27:04 - [MESSAGE][PASSED] - Text 'PayNow' is set on object 'Object Repository/IWP30/Page_VRelay30Emulator/Action'

25-09-2024T13:27:04 - [MESSAGE][PASSED] - Text 'en_US' is set on object 'Object Repository/IWP30/Page_VRelay30Emulator/Lang'

25-09-2024T13:27:05 - [MESSAGE][PASSED] - Text '' is set on object 'Object Repository/IWP30/Page_VRelay30Emulator/Fname'

25-09-2024T13:27:05 - [MESSAGE][PASSED] - Text '' is set on object 'Object Repository/IWP30/Page_VRelay30Emulator/Lname'

25-09-2024T13:27:06 - [MESSAGE][PASSED] - Text '' is set on object 'Object Repository/IWP30/Page_VRelay30Emulator/AL1'

25-09-2024T13:27:06 - [MESSAGE][PASSED] - Text '' is set on object 'Object Repository/IWP30/Page_VRelay30Emulator/AL2'

25-09-2024T13:27:07 - [MESSAGE][PASSED] - Text '' is set on object 'Object Repository/IWP30/Page_VRelay30Emulator/Country'

25-09-2024T13:27:08 - [MESSAGE][PASSED] - Text '' is set on object 'Object Repository/IWP30/Page_VRelay30Emulator/City'

25-09-2024T13:27:08 - [MESSAGE][PASSED] - Text '' is set on object 'Object Repository/IWP30/Page_VRelay30Emulator/State'

25-09-2024T13:27:09 - [MESSAGE][PASSED] - Text '' is set on object 'Object Repository/IWP30/Page_VRelay30Emulator/ZIP'

25-09-2024T13:27:09 - [MESSAGE][PASSED] - Text '' is set on object 'Object Repository/IWP30/Page_VRelay30Emulator/Order'

25-09-2024T13:27:10 - [MESSAGE][PASSED] - Text '' is set on object 'Object Repository/IWP30/Page_VRelay30Emulator/Company'

25-09-2024T13:27:11 - [MESSAGE][PASSED] - Text '' is set on object 'Object Repository/IWP30/Page_VRelay30Emulator/Email'

25-09-2024T13:27:11 - [MESSAGE][PASSED] - Text '' is set on object 'Object Repository/IWP30/Page_VRelay30Emulator/UDF1'

25-09-2024T13:27:12 - [MESSAGE][PASSED] - Text '' is set on object 'Object Repository/IWP30/Page_VRelay30Emulator/UDF2'

25-09-2024T13:27:12 - [MESSAGE][PASSED] - Text '' is set on object 'Object Repository/IWP30/Page_VRelay30Emulator/UDF3'

25-09-2024T13:27:13 - [MESSAGE][PASSED] - Text 'udf data 4' is set on object 'Object Repository/IWP30/Page_VRelay30Emulator/UDF4'

25-09-2024T13:27:14 - [MESSAGE][PASSED] - Text 'udf data 5' is set on object 'Object Repository/IWP30/Page_VRelay30Emulator/UDF5'

25-09-2024T13:27:14 - [MESSAGE][PASSED] - Text '' is set on object 'Object Repository/IWP30/Page_VRelay30Emulator/UDF6'

25-09-2024T13:27:15 - [MESSAGE][PASSED] - Text '' is set on object 'Object Repository/IWP30/Page_VRelay30Emulator/UDF7'

25-09-2024T13:27:15 - [MESSAGE][PASSED] - Text '' is set on object 'Object Repository/IWP30/Page_VRelay30Emulator/UDF8'

25-09-2024T13:27:16 - [MESSAGE][PASSED] - Text 'udf data 9' is set on object 'Object Repository/IWP30/Page_VRelay30Emulator/UDF9'

25-09-2024T13:27:16 - [MESSAGE][PASSED] - Text 'udf data 10' is set on object 'Object Repository/IWP30/Page_VRelay30Emulator/UDF10'

25-09-2024T13:27:18 - [MESSAGE][PASSED] - Object: 'Object Repository/IWP30/Page_VRelay30Emulator/Submit' is clicked on

25-09-2024T13:27:22 - [MESSAGE][PASSED] - Browser is closed

25-09-2024T13:27:26 - [MESSAGE][PASSED] - iwpPages.emulatorIWP30.setDataEmulator_DD is PASSED

25-09-2024T13:27:26 - [TEST_STEP][PASSED] - testHarnessURL = urlTestHarness: null

25-09-2024T13:27:26 - [TEST_STEP][PASSED] - openBrowser(testHarnessURL): Browser is opened with url: 'https://dev-algorithm.govolution.com/vrelaytest/QA/version_2_2/vrelaytest.html'

25-09-2024T13:27:26 - [MESSAGE][INFO] - Starting 'Edge Chromium' driver

25-09-2024T13:27:26 - [MESSAGE][INFO] - User set preference: ['acceptInsecureCerts', 'true']

25-09-2024T13:27:28 - [MESSAGE][INFO] - Action delay is set to 0 milliseconds

25-09-2024T13:27:32 - [MESSAGE][PASSED] - Browser is opened with url: 'https://dev-algorithm.govolution.com/vrelaytest/QA/version_2_2/vrelaytest.html'

25-09-2024T13:27:32 - [TEST_STEP][PASSED] - maximizeWindow(): Current window maximized

25-09-2024T13:27:32 - [MESSAGE][PASSED] - Current window maximized

25-09-2024T13:27:32 - [TEST_STEP][PASSED] - iwpPages.TestHarnessPage.setDataMethod(row, dataFile): iwpPages.TestHarnessPage.setDataMethod is PASSED

25-09-2024T13:27:32 - [MESSAGE][PASSED] - Object 'Object Repository/IWP30/Page_QATestHarness/RemittanceID' is present

25-09-2024T13:27:33 - [MESSAGE][PASSED] - Text '638' is set on object 'Object Repository/IWP30/Page_QATestHarness/ApplicationID'

25-09-2024T13:27:33 - [MESSAGE][PASSED] - Text '2.5' is set on object 'Object Repository/IWP30/Page_QATestHarness/MessageVersion'

25-09-2024T13:27:34 - [MESSAGE][PASSED] - Text 'hff36KOXikR5' is set on object 'Object Repository/IWP30/Page_QATestHarness/RemittanceID'

25-09-2024T13:27:37 - [MESSAGE][PASSED] - Object: 'Object Repository/IWP30/Page_QATestHarness/SubmitButton' is clicked on

25-09-2024T13:27:37 - [MESSAGE][PASSED] - iwpPages.TestHarnessPage.setDataMethod is PASSED

25-09-2024T13:27:37 - [TEST_STEP][PASSED] - click(findTestObject("Object Repository/IWP30/Page_SelectPaymentMethod/PayByCorporateCheck")): Object: 'Object Repository/IWP30/Page_SelectPaymentMethod/PayByCorporateCheck' is clicked on

25-09-2024T13:27:37 - [MESSAGE][PASSED] - Object: 'Object Repository/IWP30/Page_SelectPaymentMethod/PayByCorporateCheck' is clicked on

25-09-2024T13:27:37 - [TEST_STEP][PASSED] - click(findTestObject("Object Repository/IWP30/Page_SelectPaymentMethod/MakePaymentButton")): Object: 'Object Repository/IWP30/Page_SelectPaymentMethod/MakePaymentButton' is clicked on

25-09-2024T13:27:39 - [MESSAGE][PASSED] - Object: 'Object Repository/IWP30/Page_SelectPaymentMethod/MakePaymentButton' is clicked on

25-09-2024T13:27:39 - [TEST_STEP][PASSED] - iwpPages.achCorporatePaymentEntryPage.setDataCorporate(row, dataFile): iwpPages.achCorporatePaymentEntryPage.setDataCorporate is PASSED

25-09-2024T13:27:40 - [MESSAGE][PASSED] - Object 'Object Repository/IWP30/Page_ACHCorporatePaymentEntry/txt_accountNumber' is present

25-09-2024T13:27:40 - [MESSAGE][PASSED] - Object 'Object Repository/IWP30/Page_ACHCorporatePaymentEntry/input_CompanyName' is present

25-09-2024T13:27:41 - [MESSAGE][PASSED] - Text 'My Company' is set on object 'Object Repository/IWP30/Page_ACHCorporatePaymentEntry/input_CompanyName'

25-09-2024T13:27:41 - [MESSAGE][PASSED] - Object 'Object Repository/IWP30/Page_ACHCorporatePaymentEntry/input_EIN' is present

25-09-2024T13:27:42 - [MESSAGE][PASSED] - Text '123456789' is set on object 'Object Repository/IWP30/Page_ACHCorporatePaymentEntry/input_EIN'

25-09-2024T13:27:42 - [MESSAGE][PASSED] - Text '10.50' is set on object 'Object Repository/IWP30/Page_ACHCorporatePaymentEntry/txt_Amount'

25-09-2024T13:27:43 - [MESSAGE][PASSED] - Text 'udf data 2' is set on object 'Object Repository/IWP30/Page_ACHCorporatePaymentEntry/txt_UDF2'

25-09-2024T13:27:43 - [MESSAGE][PASSED] - Text 'udf data 3' is set on object 'Object Repository/IWP30/Page_ACHCorporatePaymentEntry/txt_UDF3'

25-09-2024T13:27:44 - [MESSAGE][PASSED] - All options with label 'Orange' are selected in object 'Object Repository/IWP30/Page_ACHCorporatePaymentEntry/dd_UDF7' 

25-09-2024T13:27:45 - [MESSAGE][PASSED] - All options with label 'Soccer' are selected in object 'Object Repository/IWP30/Page_ACHCorporatePaymentEntry/dd_UDF8' 

25-09-2024T13:27:45 - [MESSAGE][PASSED] - Object 'Object Repository/IWP30/Page_ACHCorporatePaymentEntry/txt_routingNumber' is present

25-09-2024T13:27:45 - [MESSAGE][PASSED] - Text '256072691' is set on object 'Object Repository/IWP30/Page_ACHCorporatePaymentEntry/txt_routingNumber'

25-09-2024T13:27:46 - [MESSAGE][PASSED] - Object 'Object Repository/IWP30/Page_ACHCorporatePaymentEntry/txt_accountNumber' is present

25-09-2024T13:27:47 - [MESSAGE][PASSED] - Text '12344444' is set on object 'Object Repository/IWP30/Page_ACHCorporatePaymentEntry/txt_accountNumber'

25-09-2024T13:27:48 - [MESSAGE][PASSED] - Object 'Object Repository/IWP30/Page_ACHCorporatePaymentEntry/txt_confirmAccountNumber' is present

25-09-2024T13:27:48 - [MESSAGE][PASSED] - Text '12344444' is set on object 'Object Repository/IWP30/Page_ACHCorporatePaymentEntry/txt_confirmAccountNumber'

25-09-2024T13:27:49 - [MESSAGE][PASSED] - Text '365 Main Avenue' is set on object 'Object Repository/IWP30/Page_ACHCorporatePaymentEntry/txt_AL1'

25-09-2024T13:27:49 - [MESSAGE][PASSED] - Text '22201' is set on object 'Object Repository/IWP30/Page_ACHCorporatePaymentEntry/txt_ZIP'

25-09-2024T13:27:50 - [MESSAGE][PASSED] - Object 'Object Repository/IWP30/Page_ACHCorporatePaymentEntry/txt_Email' is present

25-09-2024T13:27:51 - [MESSAGE][PASSED] - Text 'iahmed@govolution.com' is set on object 'Object Repository/IWP30/Page_ACHCorporatePaymentEntry/txt_Email'

25-09-2024T13:27:51 - [MESSAGE][PASSED] - Object 'Object Repository/IWP30/Page_ACHCorporatePaymentEntry/cb_TermsAndCond' is present

25-09-2024T13:27:51 - [MESSAGE][PASSED] - Object: 'Object Repository/IWP30/Page_ACHCorporatePaymentEntry/cb_TermsAndCond' is clicked on

25-09-2024T13:27:51 - [MESSAGE][PASSED] - Object 'Object Repository/IWP30/Page_ACHCorporatePaymentEntry/btn_Continue' is present

25-09-2024T13:27:53 - [MESSAGE][PASSED] - Object: 'Object Repository/IWP30/Page_ACHCorporatePaymentEntry/btn_Continue' is clicked on

25-09-2024T13:27:53 - [MESSAGE][PASSED] - iwpPages.achCorporatePaymentEntryPage.setDataCorporate is PASSED

25-09-2024T13:27:53 - [TEST_STEP][PASSED] - click(findTestObject("Object Repository/IWP30/Page_Confirmation/ConfirmButton")): Object: 'Object Repository/IWP30/Page_Confirmation/ConfirmButton' is clicked on

25-09-2024T13:27:54 - [MESSAGE][PASSED] - Object: 'Object Repository/IWP30/Page_Confirmation/ConfirmButton' is clicked on

25-09-2024T13:27:54 - [TEST_STEP][PASSED] - Thread.sleep(10000): null

25-09-2024T13:28:04 - [TEST_STEP][PASSED] - if (verifyTextPresent("Successful Payment Receipt", false)): null

25-09-2024T13:28:05 - [MESSAGE][PASSED] - Text 'Successful Payment Receipt' is present on page 

25-09-2024T13:28:05 - [TEST_STEP][PASSED] - println("Successful Payment Receipt text is present on the Receipt page"): null

25-09-2024T13:28:05 - [TEST_STEP][PASSED] - markPassed("Successful Payment Receipt text is present on the Receipt page"): Successful Payment Receipt text is present on the Receipt page

25-09-2024T13:28:05 - [MESSAGE][PASSED] - Successful Payment Receipt text is present on the Receipt page

25-09-2024T13:28:05 - [TEST_STEP][PASSED] - resText = "Pass": null

25-09-2024T13:28:05 - [TEST_STEP][PASSED] - pages.WriteExcel.demoKey(resText, datText, resColumn, datCloumn, fileLoc, nameSheet, row): pages.WriteExcel.demoKey is PASSED

25-09-2024T13:28:05 - [MESSAGE][PASSED] - pages.WriteExcel.demoKey is PASSED

25-09-2024T13:28:05 - [TEST_STEP][PASSED] - closeBrowser(): Browser is closed

25-09-2024T13:28:05 - [MESSAGE][PASSED] - Browser is closed

25-09-2024T13:28:05 - [TEST_STEP][PASSED] - ExecuteTC = findTestData(dataFile).getValue("Execute", row): null

25-09-2024T13:28:05 - [TEST_STEP][PASSED] - out.println("Value of Execute is : " + ExecuteTC): null

25-09-2024T13:28:05 - [TEST_STEP][PASSED] - if (ExecuteTC.equalsIgnoreCase("Y")): null

25-09-2024T13:28:05 - [TEST_STEP][PASSED] - out.println("Begin Record Number: " + row): null

25-09-2024T13:28:05 - [TEST_STEP][PASSED] - today = new java.util.Date(): null

25-09-2024T13:28:05 - [TEST_STEP][PASSED] - println(today): null

25-09-2024T13:28:05 - [TEST_STEP][PASSED] - datText = today: null

25-09-2024T13:28:05 - [TEST_STEP][PASSED] - EmulatorDataKey = findTestData(dataFile).getValue("EmulatorData", row): null

25-09-2024T13:28:05 - [TEST_STEP][PASSED] - out.println("Value of Emulator Key is : " + EmulatorDataKey): null

25-09-2024T13:28:05 - [TEST_STEP][PASSED] - iwpPages.emulatorIWP30.setDataEmulator_DD(EmulatorDataKey): iwpPages.emulatorIWP30.setDataEmulator_DD is PASSED

25-09-2024T13:28:06 - [MESSAGE][INFO] - Starting 'Edge Chromium' driver

25-09-2024T13:28:06 - [MESSAGE][INFO] - User set preference: ['acceptInsecureCerts', 'true']

25-09-2024T13:28:08 - [MESSAGE][INFO] - Action delay is set to 0 milliseconds

25-09-2024T13:28:10 - [MESSAGE][PASSED] - Browser is opened with url: 'https://qa.velocitypayment.com/agency/config.do?action=editor&message_version=2_5'

25-09-2024T13:28:10 - [MESSAGE][PASSED] - Current window maximized

25-09-2024T13:28:11 - [MESSAGE][PASSED] - All options with value '2.5' are selected in object 'Object Repository/IWP30/Page_VRelay30Emulator/MV'  using regular expression

25-09-2024T13:28:12 - [MESSAGE][PASSED] - Text '10.50' is set on object 'Object Repository/IWP30/Page_VRelay30Emulator/Amount'

25-09-2024T13:28:13 - [MESSAGE][PASSED] - Text 'HqOVWCZV3guM' is set on object 'Object Repository/IWP30/Page_VRelay30Emulator/CAN'

25-09-2024T13:28:13 - [MESSAGE][PASSED] - Text 'PayNow' is set on object 'Object Repository/IWP30/Page_VRelay30Emulator/Action'

25-09-2024T13:28:14 - [MESSAGE][PASSED] - Text 'en_US' is set on object 'Object Repository/IWP30/Page_VRelay30Emulator/Lang'

25-09-2024T13:28:14 - [MESSAGE][PASSED] - Text 'Jasmine' is set on object 'Object Repository/IWP30/Page_VRelay30Emulator/Fname'

25-09-2024T13:28:15 - [MESSAGE][PASSED] - Text 'Patrinol' is set on object 'Object Repository/IWP30/Page_VRelay30Emulator/Lname'

25-09-2024T13:28:16 - [MESSAGE][PASSED] - Text '258 Underwood rd' is set on object 'Object Repository/IWP30/Page_VRelay30Emulator/AL1'

25-09-2024T13:28:16 - [MESSAGE][PASSED] - Text 'Suite 600' is set on object 'Object Repository/IWP30/Page_VRelay30Emulator/AL2'

25-09-2024T13:28:17 - [MESSAGE][PASSED] - Text '840' is set on object 'Object Repository/IWP30/Page_VRelay30Emulator/Country'

25-09-2024T13:28:18 - [MESSAGE][PASSED] - Text 'Arlington' is set on object 'Object Repository/IWP30/Page_VRelay30Emulator/City'

25-09-2024T13:28:18 - [MESSAGE][PASSED] - Text 'VA' is set on object 'Object Repository/IWP30/Page_VRelay30Emulator/State'

25-09-2024T13:28:19 - [MESSAGE][PASSED] - Text '22201' is set on object 'Object Repository/IWP30/Page_VRelay30Emulator/ZIP'

25-09-2024T13:28:19 - [MESSAGE][PASSED] - Text '' is set on object 'Object Repository/IWP30/Page_VRelay30Emulator/Order'

25-09-2024T13:28:20 - [MESSAGE][PASSED] - Text 'Some Company' is set on object 'Object Repository/IWP30/Page_VRelay30Emulator/Company'

25-09-2024T13:28:20 - [MESSAGE][PASSED] - Text 'iahmed@govolution.com' is set on object 'Object Repository/IWP30/Page_VRelay30Emulator/Email'

25-09-2024T13:28:21 - [MESSAGE][PASSED] - Text 'udf data 1' is set on object 'Object Repository/IWP30/Page_VRelay30Emulator/UDF1'

25-09-2024T13:28:22 - [MESSAGE][PASSED] - Text 'udf data 2' is set on object 'Object Repository/IWP30/Page_VRelay30Emulator/UDF2'

25-09-2024T13:28:22 - [MESSAGE][PASSED] - Text 'udf data 3' is set on object 'Object Repository/IWP30/Page_VRelay30Emulator/UDF3'

25-09-2024T13:28:23 - [MESSAGE][PASSED] - Text 'udf data 4' is set on object 'Object Repository/IWP30/Page_VRelay30Emulator/UDF4'

25-09-2024T13:28:23 - [MESSAGE][PASSED] - Text 'udf data 5' is set on object 'Object Repository/IWP30/Page_VRelay30Emulator/UDF5'

25-09-2024T13:28:24 - [MESSAGE][PASSED] - Text 'udf data 6' is set on object 'Object Repository/IWP30/Page_VRelay30Emulator/UDF6'

25-09-2024T13:28:25 - [MESSAGE][PASSED] - Text 'Orange' is set on object 'Object Repository/IWP30/Page_VRelay30Emulator/UDF7'

25-09-2024T13:28:25 - [MESSAGE][PASSED] - Text 'Soccer' is set on object 'Object Repository/IWP30/Page_VRelay30Emulator/UDF8'

25-09-2024T13:28:26 - [MESSAGE][PASSED] - Text 'udf data 9' is set on object 'Object Repository/IWP30/Page_VRelay30Emulator/UDF9'

25-09-2024T13:28:26 - [MESSAGE][PASSED] - Text 'udf data 10' is set on object 'Object Repository/IWP30/Page_VRelay30Emulator/UDF10'

25-09-2024T13:28:28 - [MESSAGE][PASSED] - Object: 'Object Repository/IWP30/Page_VRelay30Emulator/Submit' is clicked on

25-09-2024T13:28:32 - [MESSAGE][PASSED] - Browser is closed

25-09-2024T13:28:36 - [MESSAGE][PASSED] - iwpPages.emulatorIWP30.setDataEmulator_DD is PASSED

25-09-2024T13:28:36 - [TEST_STEP][PASSED] - testHarnessURL = urlTestHarness: null

25-09-2024T13:28:36 - [TEST_STEP][PASSED] - openBrowser(testHarnessURL): Browser is opened with url: 'https://dev-algorithm.govolution.com/vrelaytest/QA/version_2_2/vrelaytest.html'

25-09-2024T13:28:36 - [MESSAGE][INFO] - Starting 'Edge Chromium' driver

25-09-2024T13:28:36 - [MESSAGE][INFO] - User set preference: ['acceptInsecureCerts', 'true']

25-09-2024T13:28:38 - [MESSAGE][INFO] - Action delay is set to 0 milliseconds

25-09-2024T13:28:42 - [MESSAGE][PASSED] - Browser is opened with url: 'https://dev-algorithm.govolution.com/vrelaytest/QA/version_2_2/vrelaytest.html'

25-09-2024T13:28:42 - [TEST_STEP][PASSED] - maximizeWindow(): Current window maximized

25-09-2024T13:28:42 - [MESSAGE][PASSED] - Current window maximized

25-09-2024T13:28:42 - [TEST_STEP][PASSED] - iwpPages.TestHarnessPage.setDataMethod(row, dataFile): iwpPages.TestHarnessPage.setDataMethod is PASSED

25-09-2024T13:28:42 - [MESSAGE][PASSED] - Object 'Object Repository/IWP30/Page_QATestHarness/RemittanceID' is present

25-09-2024T13:28:43 - [MESSAGE][PASSED] - Text '638' is set on object 'Object Repository/IWP30/Page_QATestHarness/ApplicationID'

25-09-2024T13:28:43 - [MESSAGE][PASSED] - Text '2.5' is set on object 'Object Repository/IWP30/Page_QATestHarness/MessageVersion'

25-09-2024T13:28:44 - [MESSAGE][PASSED] - Text '0NOr0s9w3zA4' is set on object 'Object Repository/IWP30/Page_QATestHarness/RemittanceID'

25-09-2024T13:28:47 - [MESSAGE][PASSED] - Object: 'Object Repository/IWP30/Page_QATestHarness/SubmitButton' is clicked on

25-09-2024T13:28:47 - [MESSAGE][PASSED] - iwpPages.TestHarnessPage.setDataMethod is PASSED

25-09-2024T13:28:47 - [TEST_STEP][PASSED] - click(findTestObject("Object Repository/IWP30/Page_SelectPaymentMethod/PayByCorporateCheck")): Object: 'Object Repository/IWP30/Page_SelectPaymentMethod/PayByCorporateCheck' is clicked on

25-09-2024T13:28:47 - [MESSAGE][PASSED] - Object: 'Object Repository/IWP30/Page_SelectPaymentMethod/PayByCorporateCheck' is clicked on

25-09-2024T13:28:47 - [TEST_STEP][PASSED] - click(findTestObject("Object Repository/IWP30/Page_SelectPaymentMethod/MakePaymentButton")): Object: 'Object Repository/IWP30/Page_SelectPaymentMethod/MakePaymentButton' is clicked on

25-09-2024T13:28:50 - [MESSAGE][PASSED] - Object: 'Object Repository/IWP30/Page_SelectPaymentMethod/MakePaymentButton' is clicked on

25-09-2024T13:28:50 - [TEST_STEP][PASSED] - iwpPages.achCorporatePaymentEntryPage.setDataCorporate(row, dataFile): iwpPages.achCorporatePaymentEntryPage.setDataCorporate is PASSED

25-09-2024T13:28:50 - [MESSAGE][PASSED] - Object 'Object Repository/IWP30/Page_ACHCorporatePaymentEntry/txt_accountNumber' is present

25-09-2024T13:28:51 - [MESSAGE][PASSED] - Object 'Object Repository/IWP30/Page_ACHCorporatePaymentEntry/input_CompanyName' is present

25-09-2024T13:28:51 - [MESSAGE][PASSED] - Object 'Object Repository/IWP30/Page_ACHCorporatePaymentEntry/input_EIN' is present

25-09-2024T13:28:52 - [MESSAGE][PASSED] - Text '123456789' is set on object 'Object Repository/IWP30/Page_ACHCorporatePaymentEntry/input_EIN'

25-09-2024T13:28:52 - [MESSAGE][PASSED] - All options with label 'Soccer' are selected in object 'Object Repository/IWP30/Page_ACHCorporatePaymentEntry/dd_UDF8' 

25-09-2024T13:28:52 - [MESSAGE][PASSED] - Object 'Object Repository/IWP30/Page_ACHCorporatePaymentEntry/txt_routingNumber' is present

25-09-2024T13:28:53 - [MESSAGE][PASSED] - Text '256072691' is set on object 'Object Repository/IWP30/Page_ACHCorporatePaymentEntry/txt_routingNumber'

25-09-2024T13:28:53 - [MESSAGE][PASSED] - Object 'Object Repository/IWP30/Page_ACHCorporatePaymentEntry/txt_accountNumber' is present

25-09-2024T13:28:55 - [MESSAGE][PASSED] - Text '12344444' is set on object 'Object Repository/IWP30/Page_ACHCorporatePaymentEntry/txt_accountNumber'

25-09-2024T13:28:55 - [MESSAGE][PASSED] - Object 'Object Repository/IWP30/Page_ACHCorporatePaymentEntry/txt_confirmAccountNumber' is present

25-09-2024T13:28:56 - [MESSAGE][PASSED] - Text '12344444' is set on object 'Object Repository/IWP30/Page_ACHCorporatePaymentEntry/txt_confirmAccountNumber'

25-09-2024T13:28:56 - [MESSAGE][PASSED] - Object 'Object Repository/IWP30/Page_ACHCorporatePaymentEntry/txt_Email' is present

25-09-2024T13:28:56 - [MESSAGE][PASSED] - Object 'Object Repository/IWP30/Page_ACHCorporatePaymentEntry/cb_TermsAndCond' is present

25-09-2024T13:28:56 - [MESSAGE][PASSED] - Object: 'Object Repository/IWP30/Page_ACHCorporatePaymentEntry/cb_TermsAndCond' is clicked on

25-09-2024T13:28:57 - [MESSAGE][PASSED] - Object 'Object Repository/IWP30/Page_ACHCorporatePaymentEntry/btn_Continue' is present

25-09-2024T13:28:58 - [MESSAGE][PASSED] - Object: 'Object Repository/IWP30/Page_ACHCorporatePaymentEntry/btn_Continue' is clicked on

25-09-2024T13:28:58 - [MESSAGE][PASSED] - iwpPages.achCorporatePaymentEntryPage.setDataCorporate is PASSED

25-09-2024T13:28:58 - [TEST_STEP][PASSED] - click(findTestObject("Object Repository/IWP30/Page_Confirmation/ConfirmButton")): Object: 'Object Repository/IWP30/Page_Confirmation/ConfirmButton' is clicked on

25-09-2024T13:28:59 - [MESSAGE][PASSED] - Object: 'Object Repository/IWP30/Page_Confirmation/ConfirmButton' is clicked on

25-09-2024T13:28:59 - [TEST_STEP][PASSED] - Thread.sleep(10000): null

25-09-2024T13:29:09 - [TEST_STEP][PASSED] - if (verifyTextPresent("Successful Payment Receipt", false)): null

25-09-2024T13:29:09 - [MESSAGE][PASSED] - Text 'Successful Payment Receipt' is present on page 

25-09-2024T13:29:09 - [TEST_STEP][PASSED] - println("Successful Payment Receipt text is present on the Receipt page"): null

25-09-2024T13:29:09 - [TEST_STEP][PASSED] - markPassed("Successful Payment Receipt text is present on the Receipt page"): Successful Payment Receipt text is present on the Receipt page

25-09-2024T13:29:09 - [MESSAGE][PASSED] - Successful Payment Receipt text is present on the Receipt page

25-09-2024T13:29:09 - [TEST_STEP][PASSED] - resText = "Pass": null

25-09-2024T13:29:09 - [TEST_STEP][PASSED] - pages.WriteExcel.demoKey(resText, datText, resColumn, datCloumn, fileLoc, nameSheet, row): pages.WriteExcel.demoKey is PASSED

25-09-2024T13:29:10 - [MESSAGE][PASSED] - pages.WriteExcel.demoKey is PASSED

25-09-2024T13:29:10 - [TEST_STEP][PASSED] - closeBrowser(): Browser is closed

25-09-2024T13:29:10 - [MESSAGE][PASSED] - Browser is closed

25-09-2024T13:29:10 - [TEST_STEP][PASSED] - ExecuteTC = findTestData(dataFile).getValue("Execute", row): null

25-09-2024T13:29:10 - [TEST_STEP][PASSED] - out.println("Value of Execute is : " + ExecuteTC): null

25-09-2024T13:29:10 - [TEST_STEP][PASSED] - if (ExecuteTC.equalsIgnoreCase("Y")): null

25-09-2024T13:29:10 - [TEST_STEP][PASSED] - out.println("Begin Record Number: " + row): null

25-09-2024T13:29:10 - [TEST_STEP][PASSED] - today = new java.util.Date(): null

25-09-2024T13:29:10 - [TEST_STEP][PASSED] - println(today): null

25-09-2024T13:29:10 - [TEST_STEP][PASSED] - datText = today: null

25-09-2024T13:29:10 - [TEST_STEP][PASSED] - EmulatorDataKey = findTestData(dataFile).getValue("EmulatorData", row): null

25-09-2024T13:29:10 - [TEST_STEP][PASSED] - out.println("Value of Emulator Key is : " + EmulatorDataKey): null

25-09-2024T13:29:10 - [TEST_STEP][PASSED] - iwpPages.emulatorIWP30.setDataEmulator_DD(EmulatorDataKey): iwpPages.emulatorIWP30.setDataEmulator_DD is PASSED

25-09-2024T13:29:10 - [MESSAGE][INFO] - Starting 'Edge Chromium' driver

25-09-2024T13:29:10 - [MESSAGE][INFO] - User set preference: ['acceptInsecureCerts', 'true']

25-09-2024T13:29:13 - [MESSAGE][INFO] - Action delay is set to 0 milliseconds

25-09-2024T13:29:15 - [MESSAGE][PASSED] - Browser is opened with url: 'https://qa.velocitypayment.com/agency/config.do?action=editor&message_version=2_5'

25-09-2024T13:29:15 - [MESSAGE][PASSED] - Current window maximized

25-09-2024T13:29:16 - [MESSAGE][PASSED] - All options with value '2.5' are selected in object 'Object Repository/IWP30/Page_VRelay30Emulator/MV'  using regular expression

25-09-2024T13:29:17 - [MESSAGE][PASSED] - Text '10.50' is set on object 'Object Repository/IWP30/Page_VRelay30Emulator/Amount'

25-09-2024T13:29:18 - [MESSAGE][PASSED] - Text 'Xht8HBCX39Wn' is set on object 'Object Repository/IWP30/Page_VRelay30Emulator/CAN'

25-09-2024T13:29:18 - [MESSAGE][PASSED] - Text 'PayNow' is set on object 'Object Repository/IWP30/Page_VRelay30Emulator/Action'

25-09-2024T13:29:19 - [MESSAGE][PASSED] - Text 'en_US' is set on object 'Object Repository/IWP30/Page_VRelay30Emulator/Lang'

25-09-2024T13:29:19 - [MESSAGE][PASSED] - Text '' is set on object 'Object Repository/IWP30/Page_VRelay30Emulator/Fname'

25-09-2024T13:29:20 - [MESSAGE][PASSED] - Text '' is set on object 'Object Repository/IWP30/Page_VRelay30Emulator/Lname'

25-09-2024T13:29:21 - [MESSAGE][PASSED] - Text '' is set on object 'Object Repository/IWP30/Page_VRelay30Emulator/AL1'

25-09-2024T13:29:21 - [MESSAGE][PASSED] - Text '' is set on object 'Object Repository/IWP30/Page_VRelay30Emulator/AL2'

25-09-2024T13:29:22 - [MESSAGE][PASSED] - Text '' is set on object 'Object Repository/IWP30/Page_VRelay30Emulator/Country'

25-09-2024T13:29:22 - [MESSAGE][PASSED] - Text '' is set on object 'Object Repository/IWP30/Page_VRelay30Emulator/City'

25-09-2024T13:29:23 - [MESSAGE][PASSED] - Text '' is set on object 'Object Repository/IWP30/Page_VRelay30Emulator/State'

25-09-2024T13:29:23 - [MESSAGE][PASSED] - Text '' is set on object 'Object Repository/IWP30/Page_VRelay30Emulator/ZIP'

25-09-2024T13:29:24 - [MESSAGE][PASSED] - Text '' is set on object 'Object Repository/IWP30/Page_VRelay30Emulator/Order'

25-09-2024T13:29:25 - [MESSAGE][PASSED] - Text '' is set on object 'Object Repository/IWP30/Page_VRelay30Emulator/Company'

25-09-2024T13:29:25 - [MESSAGE][PASSED] - Text '' is set on object 'Object Repository/IWP30/Page_VRelay30Emulator/Email'

25-09-2024T13:29:26 - [MESSAGE][PASSED] - Text '' is set on object 'Object Repository/IWP30/Page_VRelay30Emulator/UDF1'

25-09-2024T13:29:26 - [MESSAGE][PASSED] - Text '' is set on object 'Object Repository/IWP30/Page_VRelay30Emulator/UDF2'

25-09-2024T13:29:27 - [MESSAGE][PASSED] - Text '' is set on object 'Object Repository/IWP30/Page_VRelay30Emulator/UDF3'

25-09-2024T13:29:28 - [MESSAGE][PASSED] - Text 'udf data 4' is set on object 'Object Repository/IWP30/Page_VRelay30Emulator/UDF4'

25-09-2024T13:29:28 - [MESSAGE][PASSED] - Text 'udf data 5' is set on object 'Object Repository/IWP30/Page_VRelay30Emulator/UDF5'

25-09-2024T13:29:29 - [MESSAGE][PASSED] - Text '' is set on object 'Object Repository/IWP30/Page_VRelay30Emulator/UDF6'

25-09-2024T13:29:29 - [MESSAGE][PASSED] - Text '' is set on object 'Object Repository/IWP30/Page_VRelay30Emulator/UDF7'

25-09-2024T13:29:30 - [MESSAGE][PASSED] - Text '' is set on object 'Object Repository/IWP30/Page_VRelay30Emulator/UDF8'

25-09-2024T13:29:31 - [MESSAGE][PASSED] - Text 'udf data 9' is set on object 'Object Repository/IWP30/Page_VRelay30Emulator/UDF9'

25-09-2024T13:29:31 - [MESSAGE][PASSED] - Text 'udf data 10' is set on object 'Object Repository/IWP30/Page_VRelay30Emulator/UDF10'

25-09-2024T13:29:32 - [MESSAGE][PASSED] - Object: 'Object Repository/IWP30/Page_VRelay30Emulator/Submit' is clicked on

25-09-2024T13:29:37 - [MESSAGE][PASSED] - Browser is closed

25-09-2024T13:29:41 - [MESSAGE][PASSED] - iwpPages.emulatorIWP30.setDataEmulator_DD is PASSED

25-09-2024T13:29:41 - [TEST_STEP][PASSED] - testHarnessURL = urlTestHarness: null

25-09-2024T13:29:41 - [TEST_STEP][PASSED] - openBrowser(testHarnessURL): Browser is opened with url: 'https://dev-algorithm.govolution.com/vrelaytest/QA/version_2_2/vrelaytest.html'

25-09-2024T13:29:41 - [MESSAGE][INFO] - Starting 'Edge Chromium' driver

25-09-2024T13:29:41 - [MESSAGE][INFO] - User set preference: ['acceptInsecureCerts', 'true']

25-09-2024T13:29:43 - [MESSAGE][INFO] - Action delay is set to 0 milliseconds

25-09-2024T13:29:46 - [MESSAGE][PASSED] - Browser is opened with url: 'https://dev-algorithm.govolution.com/vrelaytest/QA/version_2_2/vrelaytest.html'

25-09-2024T13:29:46 - [TEST_STEP][PASSED] - maximizeWindow(): Current window maximized

25-09-2024T13:29:47 - [MESSAGE][PASSED] - Current window maximized

25-09-2024T13:29:47 - [TEST_STEP][PASSED] - iwpPages.TestHarnessPage.setDataMethod(row, dataFile): iwpPages.TestHarnessPage.setDataMethod is PASSED

25-09-2024T13:29:47 - [MESSAGE][PASSED] - Object 'Object Repository/IWP30/Page_QATestHarness/RemittanceID' is present

25-09-2024T13:29:47 - [MESSAGE][PASSED] - Text '638' is set on object 'Object Repository/IWP30/Page_QATestHarness/ApplicationID'

25-09-2024T13:29:48 - [MESSAGE][PASSED] - Text '2.5' is set on object 'Object Repository/IWP30/Page_QATestHarness/MessageVersion'

25-09-2024T13:29:49 - [MESSAGE][PASSED] - Text 'XY1AT5h9OOtp' is set on object 'Object Repository/IWP30/Page_QATestHarness/RemittanceID'

25-09-2024T13:29:53 - [MESSAGE][PASSED] - Object: 'Object Repository/IWP30/Page_QATestHarness/SubmitButton' is clicked on

25-09-2024T13:29:53 - [MESSAGE][PASSED] - iwpPages.TestHarnessPage.setDataMethod is PASSED

25-09-2024T13:29:53 - [TEST_STEP][PASSED] - click(findTestObject("Object Repository/IWP30/Page_SelectPaymentMethod/PayByCorporateCheck")): Object: 'Object Repository/IWP30/Page_SelectPaymentMethod/PayByCorporateCheck' is clicked on

25-09-2024T13:29:53 - [MESSAGE][PASSED] - Object: 'Object Repository/IWP30/Page_SelectPaymentMethod/PayByCorporateCheck' is clicked on

25-09-2024T13:29:53 - [TEST_STEP][PASSED] - click(findTestObject("Object Repository/IWP30/Page_SelectPaymentMethod/MakePaymentButton")): Object: 'Object Repository/IWP30/Page_SelectPaymentMethod/MakePaymentButton' is clicked on

25-09-2024T13:29:55 - [MESSAGE][PASSED] - Object: 'Object Repository/IWP30/Page_SelectPaymentMethod/MakePaymentButton' is clicked on

25-09-2024T13:29:55 - [TEST_STEP][PASSED] - iwpPages.achCorporatePaymentEntryPage.setDataCorporate(row, dataFile): iwpPages.achCorporatePaymentEntryPage.setDataCorporate is PASSED

25-09-2024T13:29:56 - [MESSAGE][PASSED] - Object 'Object Repository/IWP30/Page_ACHCorporatePaymentEntry/txt_accountNumber' is present

25-09-2024T13:29:56 - [MESSAGE][PASSED] - Object 'Object Repository/IWP30/Page_ACHCorporatePaymentEntry/input_CompanyName' is present

25-09-2024T13:29:57 - [MESSAGE][PASSED] - Text 'My Company' is set on object 'Object Repository/IWP30/Page_ACHCorporatePaymentEntry/input_CompanyName'

25-09-2024T13:29:57 - [MESSAGE][PASSED] - Object 'Object Repository/IWP30/Page_ACHCorporatePaymentEntry/input_EIN' is present

25-09-2024T13:29:57 - [MESSAGE][PASSED] - Text '10.50' is set on object 'Object Repository/IWP30/Page_ACHCorporatePaymentEntry/txt_Amount'

25-09-2024T13:29:58 - [MESSAGE][PASSED] - Text 'udf data 3' is set on object 'Object Repository/IWP30/Page_ACHCorporatePaymentEntry/txt_UDF3'

25-09-2024T13:29:59 - [MESSAGE][PASSED] - All options with label 'Soccer' are selected in object 'Object Repository/IWP30/Page_ACHCorporatePaymentEntry/dd_UDF8' 

25-09-2024T13:29:59 - [MESSAGE][PASSED] - Object 'Object Repository/IWP30/Page_ACHCorporatePaymentEntry/txt_routingNumber' is present

25-09-2024T13:29:59 - [MESSAGE][PASSED] - Text '256072691' is set on object 'Object Repository/IWP30/Page_ACHCorporatePaymentEntry/txt_routingNumber'

25-09-2024T13:30:00 - [MESSAGE][PASSED] - Object 'Object Repository/IWP30/Page_ACHCorporatePaymentEntry/txt_accountNumber' is present

25-09-2024T13:30:01 - [MESSAGE][PASSED] - Text '12344444' is set on object 'Object Repository/IWP30/Page_ACHCorporatePaymentEntry/txt_accountNumber'

25-09-2024T13:30:02 - [MESSAGE][PASSED] - Object 'Object Repository/IWP30/Page_ACHCorporatePaymentEntry/txt_confirmAccountNumber' is present

25-09-2024T13:30:02 - [MESSAGE][PASSED] - Text '12344444' is set on object 'Object Repository/IWP30/Page_ACHCorporatePaymentEntry/txt_confirmAccountNumber'

25-09-2024T13:30:03 - [MESSAGE][PASSED] - Text '365 Main Avenue' is set on object 'Object Repository/IWP30/Page_ACHCorporatePaymentEntry/txt_AL1'

25-09-2024T13:30:03 - [MESSAGE][PASSED] - Text '22201' is set on object 'Object Repository/IWP30/Page_ACHCorporatePaymentEntry/txt_ZIP'

25-09-2024T13:30:04 - [MESSAGE][PASSED] - Object 'Object Repository/IWP30/Page_ACHCorporatePaymentEntry/txt_Email' is present

25-09-2024T13:30:05 - [MESSAGE][PASSED] - Text 'iahmed@govolution.com' is set on object 'Object Repository/IWP30/Page_ACHCorporatePaymentEntry/txt_Email'

25-09-2024T13:30:05 - [MESSAGE][PASSED] - Object 'Object Repository/IWP30/Page_ACHCorporatePaymentEntry/cb_TermsAndCond' is present

25-09-2024T13:30:05 - [MESSAGE][PASSED] - Object: 'Object Repository/IWP30/Page_ACHCorporatePaymentEntry/cb_TermsAndCond' is clicked on

25-09-2024T13:30:05 - [MESSAGE][PASSED] - Object 'Object Repository/IWP30/Page_ACHCorporatePaymentEntry/btn_Continue' is present

25-09-2024T13:30:07 - [MESSAGE][PASSED] - Object: 'Object Repository/IWP30/Page_ACHCorporatePaymentEntry/btn_Continue' is clicked on

25-09-2024T13:30:07 - [MESSAGE][PASSED] - iwpPages.achCorporatePaymentEntryPage.setDataCorporate is PASSED

25-09-2024T13:30:07 - [TEST_STEP][PASSED] - click(findTestObject("Object Repository/IWP30/Page_Confirmation/ConfirmButton")): Object: 'Object Repository/IWP30/Page_Confirmation/ConfirmButton' is clicked on

25-09-2024T13:30:08 - [MESSAGE][PASSED] - Object: 'Object Repository/IWP30/Page_Confirmation/ConfirmButton' is clicked on

25-09-2024T13:30:08 - [TEST_STEP][PASSED] - Thread.sleep(10000): null

25-09-2024T13:30:18 - [TEST_STEP][PASSED] - if (verifyTextPresent("Successful Payment Receipt", false)): null

25-09-2024T13:30:18 - [MESSAGE][PASSED] - Text 'Successful Payment Receipt' is present on page 

25-09-2024T13:30:18 - [TEST_STEP][PASSED] - println("Successful Payment Receipt text is present on the Receipt page"): null

25-09-2024T13:30:18 - [TEST_STEP][PASSED] - markPassed("Successful Payment Receipt text is present on the Receipt page"): Successful Payment Receipt text is present on the Receipt page

25-09-2024T13:30:18 - [MESSAGE][PASSED] - Successful Payment Receipt text is present on the Receipt page

25-09-2024T13:30:18 - [TEST_STEP][PASSED] - resText = "Pass": null

25-09-2024T13:30:18 - [TEST_STEP][PASSED] - pages.WriteExcel.demoKey(resText, datText, resColumn, datCloumn, fileLoc, nameSheet, row): pages.WriteExcel.demoKey is PASSED

25-09-2024T13:30:18 - [MESSAGE][PASSED] - pages.WriteExcel.demoKey is PASSED

25-09-2024T13:30:18 - [TEST_STEP][PASSED] - closeBrowser(): Browser is closed

25-09-2024T13:30:19 - [MESSAGE][PASSED] - Browser is closed]]></system-out>
         <system-err><![CDATA[]]></system-err>
      </testcase>
      <testcase name="Test Cases/IntegratedWeb/IWP25/Payments/PayNowCorpSCF" time="173.46" classname="Test Cases/IntegratedWeb/IWP25/Payments/PayNowCorpSCF" status="PASSED">
         <system-out><![CDATA[25-09-2024T13:30:19 - [TEST_CASE][PASSED] - Test Cases/IntegratedWeb/IWP25/Payments/PayNowCorpSCF: Test Cases/IntegratedWeb/IWP25/Payments/PayNowCorpSCF

25-09-2024T13:30:19 - [TEST_STEP][PASSED] - resText = "Fail": null

25-09-2024T13:30:19 - [TEST_STEP][PASSED] - resColumn = "Result": null

25-09-2024T13:30:19 - [TEST_STEP][PASSED] - datCloumn = "Date": null

25-09-2024T13:30:19 - [TEST_STEP][PASSED] - fileLoc = "KatalonData/IWPTestData/VRelay25Payments.xlsx": null

25-09-2024T13:30:19 - [TEST_STEP][PASSED] - numOfRows = <not implemented yet for class: org.codehaus.groovy.ast.expr.EmptyExpression>: null

25-09-2024T13:30:19 - [TEST_STEP][PASSED] - dataFile = <not implemented yet for class: org.codehaus.groovy.ast.expr.EmptyExpression>: null

25-09-2024T13:30:19 - [TEST_STEP][PASSED] - nameSheet = <not implemented yet for class: org.codehaus.groovy.ast.expr.EmptyExpression>: null

25-09-2024T13:30:19 - [TEST_STEP][PASSED] - dataFileEmulator = <not implemented yet for class: org.codehaus.groovy.ast.expr.EmptyExpression>: null

25-09-2024T13:30:19 - [TEST_STEP][PASSED] - isRequiredTextPresent = false: null

25-09-2024T13:30:19 - [TEST_STEP][PASSED] - nameSheet = "PayNowCorpSCF": null

25-09-2024T13:30:19 - [TEST_STEP][PASSED] - dataFile = "IWPTestData/IWP25PayNowCorpSCF": null

25-09-2024T13:30:19 - [TEST_STEP][PASSED] - dataFileEmulator = "IWPTestData/EmulatorData": null

25-09-2024T13:30:19 - [TEST_STEP][PASSED] - numOfRows = findTestData(dataFile).getRowNumbers(): null

25-09-2024T13:30:19 - [TEST_STEP][PASSED] - println("Number of Records: " + numOfRows): null

25-09-2024T13:30:19 - [TEST_STEP][PASSED] - for ([row = 1, row <= numOfRows, (row++)]): Browser is closed

25-09-2024T13:30:19 - [TEST_STEP][PASSED] - ExecuteTC = findTestData(dataFile).getValue("Execute", row): null

25-09-2024T13:30:19 - [TEST_STEP][PASSED] - out.println("Value of Execute is : " + ExecuteTC): null

25-09-2024T13:30:19 - [TEST_STEP][PASSED] - if (ExecuteTC.equalsIgnoreCase("Y")): null

25-09-2024T13:30:19 - [TEST_STEP][PASSED] - out.println("Begin Record Number: " + row): null

25-09-2024T13:30:19 - [TEST_STEP][PASSED] - today = new java.util.Date(): null

25-09-2024T13:30:19 - [TEST_STEP][PASSED] - println(today): null

25-09-2024T13:30:19 - [TEST_STEP][PASSED] - datText = today: null

25-09-2024T13:30:19 - [TEST_STEP][PASSED] - EmulatorDataKey = findTestData(dataFile).getValue("EmulatorData", row): null

25-09-2024T13:30:20 - [TEST_STEP][PASSED] - out.println("Value of Emulator Key is : " + EmulatorDataKey): null

25-09-2024T13:30:20 - [TEST_STEP][PASSED] - iwpPages.emulatorIWP30.setDataEmulator_DD(EmulatorDataKey): iwpPages.emulatorIWP30.setDataEmulator_DD is PASSED

25-09-2024T13:30:20 - [MESSAGE][INFO] - Starting 'Edge Chromium' driver

25-09-2024T13:30:20 - [MESSAGE][INFO] - User set preference: ['acceptInsecureCerts', 'true']

25-09-2024T13:30:22 - [MESSAGE][INFO] - Action delay is set to 0 milliseconds

25-09-2024T13:30:25 - [MESSAGE][PASSED] - Browser is opened with url: 'https://qa.velocitypayment.com/agency/config.do?action=editor&message_version=2_5'

25-09-2024T13:30:25 - [MESSAGE][PASSED] - Current window maximized

25-09-2024T13:30:26 - [MESSAGE][PASSED] - All options with value '2.5' are selected in object 'Object Repository/IWP30/Page_VRelay30Emulator/MV'  using regular expression

25-09-2024T13:30:26 - [MESSAGE][PASSED] - Text '10.50' is set on object 'Object Repository/IWP30/Page_VRelay30Emulator/Amount'

25-09-2024T13:30:27 - [MESSAGE][PASSED] - Text '4eATYWiJy7WI' is set on object 'Object Repository/IWP30/Page_VRelay30Emulator/CAN'

25-09-2024T13:30:28 - [MESSAGE][PASSED] - Text 'PayNow' is set on object 'Object Repository/IWP30/Page_VRelay30Emulator/Action'

25-09-2024T13:30:28 - [MESSAGE][PASSED] - Text 'en_US' is set on object 'Object Repository/IWP30/Page_VRelay30Emulator/Lang'

25-09-2024T13:30:29 - [MESSAGE][PASSED] - Text '' is set on object 'Object Repository/IWP30/Page_VRelay30Emulator/Fname'

25-09-2024T13:30:30 - [MESSAGE][PASSED] - Text '' is set on object 'Object Repository/IWP30/Page_VRelay30Emulator/Lname'

25-09-2024T13:30:30 - [MESSAGE][PASSED] - Text '' is set on object 'Object Repository/IWP30/Page_VRelay30Emulator/AL1'

25-09-2024T13:30:31 - [MESSAGE][PASSED] - Text '' is set on object 'Object Repository/IWP30/Page_VRelay30Emulator/AL2'

25-09-2024T13:30:31 - [MESSAGE][PASSED] - Text '' is set on object 'Object Repository/IWP30/Page_VRelay30Emulator/Country'

25-09-2024T13:30:32 - [MESSAGE][PASSED] - Text '' is set on object 'Object Repository/IWP30/Page_VRelay30Emulator/City'

25-09-2024T13:30:32 - [MESSAGE][PASSED] - Text '' is set on object 'Object Repository/IWP30/Page_VRelay30Emulator/State'

25-09-2024T13:30:33 - [MESSAGE][PASSED] - Text '' is set on object 'Object Repository/IWP30/Page_VRelay30Emulator/ZIP'

25-09-2024T13:30:34 - [MESSAGE][PASSED] - Text '' is set on object 'Object Repository/IWP30/Page_VRelay30Emulator/Order'

25-09-2024T13:30:34 - [MESSAGE][PASSED] - Text '' is set on object 'Object Repository/IWP30/Page_VRelay30Emulator/Company'

25-09-2024T13:30:35 - [MESSAGE][PASSED] - Text '' is set on object 'Object Repository/IWP30/Page_VRelay30Emulator/Email'

25-09-2024T13:30:35 - [MESSAGE][PASSED] - Text '' is set on object 'Object Repository/IWP30/Page_VRelay30Emulator/UDF1'

25-09-2024T13:30:36 - [MESSAGE][PASSED] - Text '' is set on object 'Object Repository/IWP30/Page_VRelay30Emulator/UDF2'

25-09-2024T13:30:36 - [MESSAGE][PASSED] - Text '' is set on object 'Object Repository/IWP30/Page_VRelay30Emulator/UDF3'

25-09-2024T13:30:37 - [MESSAGE][PASSED] - Text 'udf data 4' is set on object 'Object Repository/IWP30/Page_VRelay30Emulator/UDF4'

25-09-2024T13:30:38 - [MESSAGE][PASSED] - Text 'udf data 5' is set on object 'Object Repository/IWP30/Page_VRelay30Emulator/UDF5'

25-09-2024T13:30:38 - [MESSAGE][PASSED] - Text '' is set on object 'Object Repository/IWP30/Page_VRelay30Emulator/UDF6'

25-09-2024T13:30:39 - [MESSAGE][PASSED] - Text '' is set on object 'Object Repository/IWP30/Page_VRelay30Emulator/UDF7'

25-09-2024T13:30:39 - [MESSAGE][PASSED] - Text '' is set on object 'Object Repository/IWP30/Page_VRelay30Emulator/UDF8'

25-09-2024T13:30:40 - [MESSAGE][PASSED] - Text 'udf data 9' is set on object 'Object Repository/IWP30/Page_VRelay30Emulator/UDF9'

25-09-2024T13:30:41 - [MESSAGE][PASSED] - Text 'udf data 10' is set on object 'Object Repository/IWP30/Page_VRelay30Emulator/UDF10'

25-09-2024T13:30:42 - [MESSAGE][PASSED] - Object: 'Object Repository/IWP30/Page_VRelay30Emulator/Submit' is clicked on

25-09-2024T13:30:47 - [MESSAGE][PASSED] - Browser is closed

25-09-2024T13:30:51 - [MESSAGE][PASSED] - iwpPages.emulatorIWP30.setDataEmulator_DD is PASSED

25-09-2024T13:30:51 - [TEST_STEP][PASSED] - testHarnessURL = urlTestHarness: null

25-09-2024T13:30:51 - [TEST_STEP][PASSED] - openBrowser(testHarnessURL): Browser is opened with url: 'https://dev-algorithm.govolution.com/vrelaytest/QA/version_2_2/vrelaytest.html'

25-09-2024T13:30:51 - [MESSAGE][INFO] - Starting 'Edge Chromium' driver

25-09-2024T13:30:51 - [MESSAGE][INFO] - User set preference: ['acceptInsecureCerts', 'true']

25-09-2024T13:30:53 - [MESSAGE][INFO] - Action delay is set to 0 milliseconds

25-09-2024T13:30:56 - [MESSAGE][PASSED] - Browser is opened with url: 'https://dev-algorithm.govolution.com/vrelaytest/QA/version_2_2/vrelaytest.html'

25-09-2024T13:30:56 - [TEST_STEP][PASSED] - maximizeWindow(): Current window maximized

25-09-2024T13:30:56 - [MESSAGE][PASSED] - Current window maximized

25-09-2024T13:30:56 - [TEST_STEP][PASSED] - iwpPages.TestHarnessPage.setDataMethod(row, dataFile): iwpPages.TestHarnessPage.setDataMethod is PASSED

25-09-2024T13:30:57 - [MESSAGE][PASSED] - Object 'Object Repository/IWP30/Page_QATestHarness/RemittanceID' is present

25-09-2024T13:30:57 - [MESSAGE][PASSED] - Text '639' is set on object 'Object Repository/IWP30/Page_QATestHarness/ApplicationID'

25-09-2024T13:30:58 - [MESSAGE][PASSED] - Text '2.5' is set on object 'Object Repository/IWP30/Page_QATestHarness/MessageVersion'

25-09-2024T13:30:58 - [MESSAGE][PASSED] - Text '1GEHmxXJnXcj' is set on object 'Object Repository/IWP30/Page_QATestHarness/RemittanceID'

25-09-2024T13:31:01 - [MESSAGE][PASSED] - Object: 'Object Repository/IWP30/Page_QATestHarness/SubmitButton' is clicked on

25-09-2024T13:31:01 - [MESSAGE][PASSED] - iwpPages.TestHarnessPage.setDataMethod is PASSED

25-09-2024T13:31:01 - [TEST_STEP][PASSED] - click(findTestObject("Object Repository/IWP30/Page_SelectPaymentMethod/PayByCorporateCheck")): Object: 'Object Repository/IWP30/Page_SelectPaymentMethod/PayByCorporateCheck' is clicked on

25-09-2024T13:31:02 - [MESSAGE][PASSED] - Object: 'Object Repository/IWP30/Page_SelectPaymentMethod/PayByCorporateCheck' is clicked on

25-09-2024T13:31:02 - [TEST_STEP][PASSED] - click(findTestObject("Object Repository/IWP30/Page_SelectPaymentMethod/MakePaymentButton")): Object: 'Object Repository/IWP30/Page_SelectPaymentMethod/MakePaymentButton' is clicked on

25-09-2024T13:31:04 - [MESSAGE][PASSED] - Object: 'Object Repository/IWP30/Page_SelectPaymentMethod/MakePaymentButton' is clicked on

25-09-2024T13:31:04 - [TEST_STEP][PASSED] - iwpPages.achCorporatePaymentEntryPage.setDataCorporate(row, dataFile): iwpPages.achCorporatePaymentEntryPage.setDataCorporate is PASSED

25-09-2024T13:31:04 - [MESSAGE][PASSED] - Object 'Object Repository/IWP30/Page_ACHCorporatePaymentEntry/txt_accountNumber' is present

25-09-2024T13:31:05 - [MESSAGE][PASSED] - Object 'Object Repository/IWP30/Page_ACHCorporatePaymentEntry/input_CompanyName' is present

25-09-2024T13:31:05 - [MESSAGE][PASSED] - Text 'My Company' is set on object 'Object Repository/IWP30/Page_ACHCorporatePaymentEntry/input_CompanyName'

25-09-2024T13:31:06 - [MESSAGE][PASSED] - Object 'Object Repository/IWP30/Page_ACHCorporatePaymentEntry/input_EIN' is present

25-09-2024T13:31:06 - [MESSAGE][PASSED] - Text '123456789' is set on object 'Object Repository/IWP30/Page_ACHCorporatePaymentEntry/input_EIN'

25-09-2024T13:31:07 - [MESSAGE][PASSED] - Text '10.50' is set on object 'Object Repository/IWP30/Page_ACHCorporatePaymentEntry/txt_Amount'

25-09-2024T13:31:07 - [MESSAGE][PASSED] - Text 'udf data 2' is set on object 'Object Repository/IWP30/Page_ACHCorporatePaymentEntry/txt_UDF2'

25-09-2024T13:31:08 - [MESSAGE][PASSED] - Text 'udf data 3' is set on object 'Object Repository/IWP30/Page_ACHCorporatePaymentEntry/txt_UDF3'

25-09-2024T13:31:09 - [MESSAGE][PASSED] - All options with label 'Orange' are selected in object 'Object Repository/IWP30/Page_ACHCorporatePaymentEntry/dd_UDF7' 

25-09-2024T13:31:09 - [MESSAGE][PASSED] - All options with label 'Soccer' are selected in object 'Object Repository/IWP30/Page_ACHCorporatePaymentEntry/dd_UDF8' 

25-09-2024T13:31:09 - [MESSAGE][PASSED] - Object 'Object Repository/IWP30/Page_ACHCorporatePaymentEntry/txt_routingNumber' is present

25-09-2024T13:31:10 - [MESSAGE][PASSED] - Text '256072691' is set on object 'Object Repository/IWP30/Page_ACHCorporatePaymentEntry/txt_routingNumber'

25-09-2024T13:31:10 - [MESSAGE][PASSED] - Object 'Object Repository/IWP30/Page_ACHCorporatePaymentEntry/txt_accountNumber' is present

25-09-2024T13:31:12 - [MESSAGE][PASSED] - Text '12344444' is set on object 'Object Repository/IWP30/Page_ACHCorporatePaymentEntry/txt_accountNumber'

25-09-2024T13:31:12 - [MESSAGE][PASSED] - Object 'Object Repository/IWP30/Page_ACHCorporatePaymentEntry/txt_confirmAccountNumber' is present

25-09-2024T13:31:13 - [MESSAGE][PASSED] - Text '12344444' is set on object 'Object Repository/IWP30/Page_ACHCorporatePaymentEntry/txt_confirmAccountNumber'

25-09-2024T13:31:13 - [MESSAGE][PASSED] - Text '365 Main Avenue' is set on object 'Object Repository/IWP30/Page_ACHCorporatePaymentEntry/txt_AL1'

25-09-2024T13:31:14 - [MESSAGE][PASSED] - Text '22201' is set on object 'Object Repository/IWP30/Page_ACHCorporatePaymentEntry/txt_ZIP'

25-09-2024T13:31:14 - [MESSAGE][PASSED] - Object 'Object Repository/IWP30/Page_ACHCorporatePaymentEntry/txt_Email' is present

25-09-2024T13:31:15 - [MESSAGE][PASSED] - Text 'iahmed@govolution.com' is set on object 'Object Repository/IWP30/Page_ACHCorporatePaymentEntry/txt_Email'

25-09-2024T13:31:15 - [MESSAGE][PASSED] - Object 'Object Repository/IWP30/Page_ACHCorporatePaymentEntry/cb_TermsAndCond' is present

25-09-2024T13:31:16 - [MESSAGE][PASSED] - Object: 'Object Repository/IWP30/Page_ACHCorporatePaymentEntry/cb_TermsAndCond' is clicked on

25-09-2024T13:31:16 - [MESSAGE][PASSED] - Object 'Object Repository/IWP30/Page_ACHCorporatePaymentEntry/btn_Continue' is present

25-09-2024T13:31:17 - [MESSAGE][PASSED] - Object: 'Object Repository/IWP30/Page_ACHCorporatePaymentEntry/btn_Continue' is clicked on

25-09-2024T13:31:17 - [MESSAGE][PASSED] - iwpPages.achCorporatePaymentEntryPage.setDataCorporate is PASSED

25-09-2024T13:31:17 - [TEST_STEP][PASSED] - click(findTestObject("Object Repository/IWP30/Page_Confirmation/ConfirmButton")): Object: 'Object Repository/IWP30/Page_Confirmation/ConfirmButton' is clicked on

25-09-2024T13:31:19 - [MESSAGE][PASSED] - Object: 'Object Repository/IWP30/Page_Confirmation/ConfirmButton' is clicked on

25-09-2024T13:31:19 - [TEST_STEP][PASSED] - Thread.sleep(5000): null

25-09-2024T13:31:24 - [TEST_STEP][PASSED] - if (verifyTextPresent("Make a Real Estate Payment", false)): null

25-09-2024T13:31:24 - [MESSAGE][PASSED] - Text 'Make a Real Estate Payment' is present on page 

25-09-2024T13:31:24 - [TEST_STEP][PASSED] - isRequiredTextPresent = true: null

25-09-2024T13:31:24 - [TEST_STEP][PASSED] - println(isRequiredTextPresent): null

25-09-2024T13:31:24 - [TEST_STEP][PASSED] - if (isRequiredTextPresent): null

25-09-2024T13:31:24 - [TEST_STEP][PASSED] - if (verifyTextPresent("This transaction is subject to a Convenience Fees of $2.00.", false)): null

25-09-2024T13:31:24 - [MESSAGE][PASSED] - Text 'This transaction is subject to a Convenience Fees of $2.00.' is present on page 

25-09-2024T13:31:24 - [TEST_STEP][PASSED] - isRequiredTextPresent = true: null

25-09-2024T13:31:24 - [TEST_STEP][PASSED] - println(isRequiredTextPresent): null

25-09-2024T13:31:24 - [TEST_STEP][PASSED] - if (isRequiredTextPresent): null

25-09-2024T13:31:24 - [TEST_STEP][PASSED] - if (verifyTextPresent("Payment Amount:  $10.50", false)): null

25-09-2024T13:31:24 - [MESSAGE][PASSED] - Text 'Payment Amount:  $10.50' is present on page 

25-09-2024T13:31:24 - [TEST_STEP][PASSED] - isRequiredTextPresent = true: null

25-09-2024T13:31:24 - [TEST_STEP][PASSED] - if (isRequiredTextPresent): null

25-09-2024T13:31:24 - [TEST_STEP][PASSED] - if (verifyTextPresent("Convenience Fees:  $2.00", false)): null

25-09-2024T13:31:25 - [MESSAGE][PASSED] - Text 'Convenience Fees:  $2.00' is present on page 

25-09-2024T13:31:25 - [TEST_STEP][PASSED] - isRequiredTextPresent = true: null

25-09-2024T13:31:25 - [TEST_STEP][PASSED] - if (isRequiredTextPresent): null

25-09-2024T13:31:25 - [TEST_STEP][PASSED] - if (verifyTextPresent("Total Amount:  $12.50", false)): null

25-09-2024T13:31:25 - [MESSAGE][PASSED] - Text 'Total Amount:  $12.50' is present on page 

25-09-2024T13:31:25 - [TEST_STEP][PASSED] - isRequiredTextPresent = true: null

25-09-2024T13:31:25 - [TEST_STEP][PASSED] - if (isRequiredTextPresent): null

25-09-2024T13:31:25 - [TEST_STEP][PASSED] - if (verifyTextPresent("One transaction in the amount of $12.50 will appear on your bank statement.", false)): null

25-09-2024T13:31:25 - [MESSAGE][PASSED] - Text 'One transaction in the amount of $12.50 will appear on your bank statement.' is present on page 

25-09-2024T13:31:25 - [TEST_STEP][PASSED] - isRequiredTextPresent = true: null

25-09-2024T13:31:25 - [TEST_STEP][PASSED] - Thread.sleep(10000): null

25-09-2024T13:31:35 - [TEST_STEP][PASSED] - click(findTestObject("Object Repository/IWP30/Page_ConvenienceFees/btn_convFeeNotifyAction")): Object: 'Object Repository/IWP30/Page_ConvenienceFees/btn_convFeeNotifyAction' is clicked on

25-09-2024T13:31:37 - [MESSAGE][PASSED] - Object: 'Object Repository/IWP30/Page_ConvenienceFees/btn_convFeeNotifyAction' is clicked on

25-09-2024T13:31:37 - [TEST_STEP][PASSED] - Thread.sleep(10000): null

25-09-2024T13:31:47 - [TEST_STEP][PASSED] - if (verifyTextPresent("Successful Payment Receipt", false)): null

25-09-2024T13:31:47 - [MESSAGE][PASSED] - Text 'Successful Payment Receipt' is present on page 

25-09-2024T13:31:47 - [TEST_STEP][PASSED] - println("Successful Payment Receipt text is present on the Receipt page"): null

25-09-2024T13:31:47 - [TEST_STEP][PASSED] - markPassed("Successful Payment Receipt text is present on the Receipt page"): Successful Payment Receipt text is present on the Receipt page

25-09-2024T13:31:47 - [MESSAGE][PASSED] - Successful Payment Receipt text is present on the Receipt page

25-09-2024T13:31:47 - [TEST_STEP][PASSED] - resText = "Pass": null

25-09-2024T13:31:47 - [TEST_STEP][PASSED] - pages.WriteExcel.demoKey(resText, datText, resColumn, datCloumn, fileLoc, nameSheet, row): pages.WriteExcel.demoKey is PASSED

25-09-2024T13:31:47 - [MESSAGE][PASSED] - pages.WriteExcel.demoKey is PASSED

25-09-2024T13:31:47 - [TEST_STEP][PASSED] - closeBrowser(): Browser is closed

25-09-2024T13:31:48 - [MESSAGE][PASSED] - Browser is closed

25-09-2024T13:31:48 - [TEST_STEP][PASSED] - ExecuteTC = findTestData(dataFile).getValue("Execute", row): null

25-09-2024T13:31:48 - [TEST_STEP][PASSED] - out.println("Value of Execute is : " + ExecuteTC): null

25-09-2024T13:31:48 - [TEST_STEP][PASSED] - if (ExecuteTC.equalsIgnoreCase("Y")): null

25-09-2024T13:31:48 - [TEST_STEP][PASSED] - out.println("Begin Record Number: " + row): null

25-09-2024T13:31:48 - [TEST_STEP][PASSED] - today = new java.util.Date(): null

25-09-2024T13:31:48 - [TEST_STEP][PASSED] - println(today): null

25-09-2024T13:31:48 - [TEST_STEP][PASSED] - datText = today: null

25-09-2024T13:31:48 - [TEST_STEP][PASSED] - EmulatorDataKey = findTestData(dataFile).getValue("EmulatorData", row): null

25-09-2024T13:31:48 - [TEST_STEP][PASSED] - out.println("Value of Emulator Key is : " + EmulatorDataKey): null

25-09-2024T13:31:48 - [TEST_STEP][PASSED] - iwpPages.emulatorIWP30.setDataEmulator_DD(EmulatorDataKey): iwpPages.emulatorIWP30.setDataEmulator_DD is PASSED

25-09-2024T13:31:48 - [MESSAGE][INFO] - Starting 'Edge Chromium' driver

25-09-2024T13:31:48 - [MESSAGE][INFO] - User set preference: ['acceptInsecureCerts', 'true']

25-09-2024T13:31:50 - [MESSAGE][INFO] - Action delay is set to 0 milliseconds

25-09-2024T13:31:53 - [MESSAGE][PASSED] - Browser is opened with url: 'https://qa.velocitypayment.com/agency/config.do?action=editor&message_version=2_5'

25-09-2024T13:31:53 - [MESSAGE][PASSED] - Current window maximized

25-09-2024T13:31:54 - [MESSAGE][PASSED] - All options with value '2.5' are selected in object 'Object Repository/IWP30/Page_VRelay30Emulator/MV'  using regular expression

25-09-2024T13:31:55 - [MESSAGE][PASSED] - Text '10.50' is set on object 'Object Repository/IWP30/Page_VRelay30Emulator/Amount'

25-09-2024T13:31:55 - [MESSAGE][PASSED] - Text 'bWC764lDKLO9' is set on object 'Object Repository/IWP30/Page_VRelay30Emulator/CAN'

25-09-2024T13:31:56 - [MESSAGE][PASSED] - Text 'PayNow' is set on object 'Object Repository/IWP30/Page_VRelay30Emulator/Action'

25-09-2024T13:31:57 - [MESSAGE][PASSED] - Text 'en_US' is set on object 'Object Repository/IWP30/Page_VRelay30Emulator/Lang'

25-09-2024T13:31:57 - [MESSAGE][PASSED] - Text 'Jasmine' is set on object 'Object Repository/IWP30/Page_VRelay30Emulator/Fname'

25-09-2024T13:31:58 - [MESSAGE][PASSED] - Text 'Patrinol' is set on object 'Object Repository/IWP30/Page_VRelay30Emulator/Lname'

25-09-2024T13:31:58 - [MESSAGE][PASSED] - Text '258 Underwood rd' is set on object 'Object Repository/IWP30/Page_VRelay30Emulator/AL1'

25-09-2024T13:31:59 - [MESSAGE][PASSED] - Text 'Suite 600' is set on object 'Object Repository/IWP30/Page_VRelay30Emulator/AL2'

25-09-2024T13:32:00 - [MESSAGE][PASSED] - Text '840' is set on object 'Object Repository/IWP30/Page_VRelay30Emulator/Country'

25-09-2024T13:32:00 - [MESSAGE][PASSED] - Text 'Arlington' is set on object 'Object Repository/IWP30/Page_VRelay30Emulator/City'

25-09-2024T13:32:01 - [MESSAGE][PASSED] - Text 'VA' is set on object 'Object Repository/IWP30/Page_VRelay30Emulator/State'

25-09-2024T13:32:01 - [MESSAGE][PASSED] - Text '22201' is set on object 'Object Repository/IWP30/Page_VRelay30Emulator/ZIP'

25-09-2024T13:32:02 - [MESSAGE][PASSED] - Text '' is set on object 'Object Repository/IWP30/Page_VRelay30Emulator/Order'

25-09-2024T13:32:03 - [MESSAGE][PASSED] - Text 'Some Company' is set on object 'Object Repository/IWP30/Page_VRelay30Emulator/Company'

25-09-2024T13:32:03 - [MESSAGE][PASSED] - Text 'iahmed@govolution.com' is set on object 'Object Repository/IWP30/Page_VRelay30Emulator/Email'

25-09-2024T13:32:04 - [MESSAGE][PASSED] - Text 'udf data 1' is set on object 'Object Repository/IWP30/Page_VRelay30Emulator/UDF1'

25-09-2024T13:32:04 - [MESSAGE][PASSED] - Text 'udf data 2' is set on object 'Object Repository/IWP30/Page_VRelay30Emulator/UDF2'

25-09-2024T13:32:05 - [MESSAGE][PASSED] - Text 'udf data 3' is set on object 'Object Repository/IWP30/Page_VRelay30Emulator/UDF3'

25-09-2024T13:32:06 - [MESSAGE][PASSED] - Text 'udf data 4' is set on object 'Object Repository/IWP30/Page_VRelay30Emulator/UDF4'

25-09-2024T13:32:06 - [MESSAGE][PASSED] - Text 'udf data 5' is set on object 'Object Repository/IWP30/Page_VRelay30Emulator/UDF5'

25-09-2024T13:32:07 - [MESSAGE][PASSED] - Text 'udf data 6' is set on object 'Object Repository/IWP30/Page_VRelay30Emulator/UDF6'

25-09-2024T13:32:07 - [MESSAGE][PASSED] - Text 'Orange' is set on object 'Object Repository/IWP30/Page_VRelay30Emulator/UDF7'

25-09-2024T13:32:08 - [MESSAGE][PASSED] - Text 'Soccer' is set on object 'Object Repository/IWP30/Page_VRelay30Emulator/UDF8'

25-09-2024T13:32:09 - [MESSAGE][PASSED] - Text 'udf data 9' is set on object 'Object Repository/IWP30/Page_VRelay30Emulator/UDF9'

25-09-2024T13:32:09 - [MESSAGE][PASSED] - Text 'udf data 10' is set on object 'Object Repository/IWP30/Page_VRelay30Emulator/UDF10'

25-09-2024T13:32:10 - [MESSAGE][PASSED] - Object: 'Object Repository/IWP30/Page_VRelay30Emulator/Submit' is clicked on

25-09-2024T13:32:15 - [MESSAGE][PASSED] - Browser is closed

25-09-2024T13:32:19 - [MESSAGE][PASSED] - iwpPages.emulatorIWP30.setDataEmulator_DD is PASSED

25-09-2024T13:32:19 - [TEST_STEP][PASSED] - testHarnessURL = urlTestHarness: null

25-09-2024T13:32:19 - [TEST_STEP][PASSED] - openBrowser(testHarnessURL): Browser is opened with url: 'https://dev-algorithm.govolution.com/vrelaytest/QA/version_2_2/vrelaytest.html'

25-09-2024T13:32:19 - [MESSAGE][INFO] - Starting 'Edge Chromium' driver

25-09-2024T13:32:19 - [MESSAGE][INFO] - User set preference: ['acceptInsecureCerts', 'true']

25-09-2024T13:32:21 - [MESSAGE][INFO] - Action delay is set to 0 milliseconds

25-09-2024T13:32:24 - [MESSAGE][PASSED] - Browser is opened with url: 'https://dev-algorithm.govolution.com/vrelaytest/QA/version_2_2/vrelaytest.html'

25-09-2024T13:32:24 - [TEST_STEP][PASSED] - maximizeWindow(): Current window maximized

25-09-2024T13:32:24 - [MESSAGE][PASSED] - Current window maximized

25-09-2024T13:32:24 - [TEST_STEP][PASSED] - iwpPages.TestHarnessPage.setDataMethod(row, dataFile): iwpPages.TestHarnessPage.setDataMethod is PASSED

25-09-2024T13:32:25 - [MESSAGE][PASSED] - Object 'Object Repository/IWP30/Page_QATestHarness/RemittanceID' is present

25-09-2024T13:32:25 - [MESSAGE][PASSED] - Text '639' is set on object 'Object Repository/IWP30/Page_QATestHarness/ApplicationID'

25-09-2024T13:32:26 - [MESSAGE][PASSED] - Text '2.5' is set on object 'Object Repository/IWP30/Page_QATestHarness/MessageVersion'

25-09-2024T13:32:27 - [MESSAGE][PASSED] - Text 'oSEjCCmNyzWV' is set on object 'Object Repository/IWP30/Page_QATestHarness/RemittanceID'

25-09-2024T13:32:31 - [MESSAGE][PASSED] - Object: 'Object Repository/IWP30/Page_QATestHarness/SubmitButton' is clicked on

25-09-2024T13:32:31 - [MESSAGE][PASSED] - iwpPages.TestHarnessPage.setDataMethod is PASSED

25-09-2024T13:32:31 - [TEST_STEP][PASSED] - click(findTestObject("Object Repository/IWP30/Page_SelectPaymentMethod/PayByCorporateCheck")): Object: 'Object Repository/IWP30/Page_SelectPaymentMethod/PayByCorporateCheck' is clicked on

25-09-2024T13:32:31 - [MESSAGE][PASSED] - Object: 'Object Repository/IWP30/Page_SelectPaymentMethod/PayByCorporateCheck' is clicked on

25-09-2024T13:32:31 - [TEST_STEP][PASSED] - click(findTestObject("Object Repository/IWP30/Page_SelectPaymentMethod/MakePaymentButton")): Object: 'Object Repository/IWP30/Page_SelectPaymentMethod/MakePaymentButton' is clicked on

25-09-2024T13:32:33 - [MESSAGE][PASSED] - Object: 'Object Repository/IWP30/Page_SelectPaymentMethod/MakePaymentButton' is clicked on

25-09-2024T13:32:33 - [TEST_STEP][PASSED] - iwpPages.achCorporatePaymentEntryPage.setDataCorporate(row, dataFile): iwpPages.achCorporatePaymentEntryPage.setDataCorporate is PASSED

25-09-2024T13:32:34 - [MESSAGE][PASSED] - Object 'Object Repository/IWP30/Page_ACHCorporatePaymentEntry/txt_accountNumber' is present

25-09-2024T13:32:35 - [MESSAGE][PASSED] - Object 'Object Repository/IWP30/Page_ACHCorporatePaymentEntry/input_CompanyName' is present

25-09-2024T13:32:35 - [MESSAGE][PASSED] - Object 'Object Repository/IWP30/Page_ACHCorporatePaymentEntry/input_EIN' is present

25-09-2024T13:32:35 - [MESSAGE][PASSED] - Text '123456789' is set on object 'Object Repository/IWP30/Page_ACHCorporatePaymentEntry/input_EIN'

25-09-2024T13:32:36 - [MESSAGE][PASSED] - All options with label 'Soccer' are selected in object 'Object Repository/IWP30/Page_ACHCorporatePaymentEntry/dd_UDF8' 

25-09-2024T13:32:36 - [MESSAGE][PASSED] - Object 'Object Repository/IWP30/Page_ACHCorporatePaymentEntry/txt_routingNumber' is present

25-09-2024T13:32:37 - [MESSAGE][PASSED] - Text '256072691' is set on object 'Object Repository/IWP30/Page_ACHCorporatePaymentEntry/txt_routingNumber'

25-09-2024T13:32:37 - [MESSAGE][PASSED] - Object 'Object Repository/IWP30/Page_ACHCorporatePaymentEntry/txt_accountNumber' is present

25-09-2024T13:32:39 - [MESSAGE][PASSED] - Text '12344444' is set on object 'Object Repository/IWP30/Page_ACHCorporatePaymentEntry/txt_accountNumber'

25-09-2024T13:32:39 - [MESSAGE][PASSED] - Object 'Object Repository/IWP30/Page_ACHCorporatePaymentEntry/txt_confirmAccountNumber' is present

25-09-2024T13:32:40 - [MESSAGE][PASSED] - Text '12344444' is set on object 'Object Repository/IWP30/Page_ACHCorporatePaymentEntry/txt_confirmAccountNumber'

25-09-2024T13:32:40 - [MESSAGE][PASSED] - Object 'Object Repository/IWP30/Page_ACHCorporatePaymentEntry/txt_Email' is present

25-09-2024T13:32:40 - [MESSAGE][PASSED] - Object 'Object Repository/IWP30/Page_ACHCorporatePaymentEntry/cb_TermsAndCond' is present

25-09-2024T13:32:41 - [MESSAGE][PASSED] - Object: 'Object Repository/IWP30/Page_ACHCorporatePaymentEntry/cb_TermsAndCond' is clicked on

25-09-2024T13:32:41 - [MESSAGE][PASSED] - Object 'Object Repository/IWP30/Page_ACHCorporatePaymentEntry/btn_Continue' is present

25-09-2024T13:32:42 - [MESSAGE][PASSED] - Object: 'Object Repository/IWP30/Page_ACHCorporatePaymentEntry/btn_Continue' is clicked on

25-09-2024T13:32:42 - [MESSAGE][PASSED] - iwpPages.achCorporatePaymentEntryPage.setDataCorporate is PASSED

25-09-2024T13:32:42 - [TEST_STEP][PASSED] - click(findTestObject("Object Repository/IWP30/Page_Confirmation/ConfirmButton")): Object: 'Object Repository/IWP30/Page_Confirmation/ConfirmButton' is clicked on

25-09-2024T13:32:43 - [MESSAGE][PASSED] - Object: 'Object Repository/IWP30/Page_Confirmation/ConfirmButton' is clicked on

25-09-2024T13:32:43 - [TEST_STEP][PASSED] - Thread.sleep(5000): null

25-09-2024T13:32:48 - [TEST_STEP][PASSED] - if (verifyTextPresent("Make a Real Estate Payment", false)): null

25-09-2024T13:32:49 - [MESSAGE][PASSED] - Text 'Make a Real Estate Payment' is present on page 

25-09-2024T13:32:49 - [TEST_STEP][PASSED] - isRequiredTextPresent = true: null

25-09-2024T13:32:49 - [TEST_STEP][PASSED] - println(isRequiredTextPresent): null

25-09-2024T13:32:49 - [TEST_STEP][PASSED] - if (isRequiredTextPresent): null

25-09-2024T13:32:49 - [TEST_STEP][PASSED] - if (verifyTextPresent("This transaction is subject to a Convenience Fees of $2.00.", false)): null

25-09-2024T13:32:49 - [MESSAGE][PASSED] - Text 'This transaction is subject to a Convenience Fees of $2.00.' is present on page 

25-09-2024T13:32:49 - [TEST_STEP][PASSED] - isRequiredTextPresent = true: null

25-09-2024T13:32:49 - [TEST_STEP][PASSED] - println(isRequiredTextPresent): null

25-09-2024T13:32:49 - [TEST_STEP][PASSED] - if (isRequiredTextPresent): null

25-09-2024T13:32:49 - [TEST_STEP][PASSED] - if (verifyTextPresent("Payment Amount:  $10.50", false)): null

25-09-2024T13:32:49 - [MESSAGE][PASSED] - Text 'Payment Amount:  $10.50' is present on page 

25-09-2024T13:32:49 - [TEST_STEP][PASSED] - isRequiredTextPresent = true: null

25-09-2024T13:32:49 - [TEST_STEP][PASSED] - if (isRequiredTextPresent): null

25-09-2024T13:32:49 - [TEST_STEP][PASSED] - if (verifyTextPresent("Convenience Fees:  $2.00", false)): null

25-09-2024T13:32:50 - [MESSAGE][PASSED] - Text 'Convenience Fees:  $2.00' is present on page 

25-09-2024T13:32:50 - [TEST_STEP][PASSED] - isRequiredTextPresent = true: null

25-09-2024T13:32:50 - [TEST_STEP][PASSED] - if (isRequiredTextPresent): null

25-09-2024T13:32:50 - [TEST_STEP][PASSED] - if (verifyTextPresent("Total Amount:  $12.50", false)): null

25-09-2024T13:32:50 - [MESSAGE][PASSED] - Text 'Total Amount:  $12.50' is present on page 

25-09-2024T13:32:50 - [TEST_STEP][PASSED] - isRequiredTextPresent = true: null

25-09-2024T13:32:50 - [TEST_STEP][PASSED] - if (isRequiredTextPresent): null

25-09-2024T13:32:50 - [TEST_STEP][PASSED] - if (verifyTextPresent("One transaction in the amount of $12.50 will appear on your bank statement.", false)): null

25-09-2024T13:32:50 - [MESSAGE][PASSED] - Text 'One transaction in the amount of $12.50 will appear on your bank statement.' is present on page 

25-09-2024T13:32:50 - [TEST_STEP][PASSED] - isRequiredTextPresent = true: null

25-09-2024T13:32:50 - [TEST_STEP][PASSED] - Thread.sleep(10000): null

25-09-2024T13:33:00 - [TEST_STEP][PASSED] - click(findTestObject("Object Repository/IWP30/Page_ConvenienceFees/btn_convFeeNotifyAction")): Object: 'Object Repository/IWP30/Page_ConvenienceFees/btn_convFeeNotifyAction' is clicked on

25-09-2024T13:33:02 - [MESSAGE][PASSED] - Object: 'Object Repository/IWP30/Page_ConvenienceFees/btn_convFeeNotifyAction' is clicked on

25-09-2024T13:33:02 - [TEST_STEP][PASSED] - Thread.sleep(10000): null

25-09-2024T13:33:12 - [TEST_STEP][PASSED] - if (verifyTextPresent("Successful Payment Receipt", false)): null

25-09-2024T13:33:12 - [MESSAGE][PASSED] - Text 'Successful Payment Receipt' is present on page 

25-09-2024T13:33:12 - [TEST_STEP][PASSED] - println("Successful Payment Receipt text is present on the Receipt page"): null

25-09-2024T13:33:12 - [TEST_STEP][PASSED] - markPassed("Successful Payment Receipt text is present on the Receipt page"): Successful Payment Receipt text is present on the Receipt page

25-09-2024T13:33:12 - [MESSAGE][PASSED] - Successful Payment Receipt text is present on the Receipt page

25-09-2024T13:33:12 - [TEST_STEP][PASSED] - resText = "Pass": null

25-09-2024T13:33:12 - [TEST_STEP][PASSED] - pages.WriteExcel.demoKey(resText, datText, resColumn, datCloumn, fileLoc, nameSheet, row): pages.WriteExcel.demoKey is PASSED

25-09-2024T13:33:12 - [MESSAGE][PASSED] - pages.WriteExcel.demoKey is PASSED

25-09-2024T13:33:12 - [TEST_STEP][PASSED] - closeBrowser(): Browser is closed

25-09-2024T13:33:13 - [MESSAGE][PASSED] - Browser is closed]]></system-out>
         <system-err><![CDATA[]]></system-err>
      </testcase>
      <testcase name="Test Cases/IntegratedWeb/IWP25/Payments/PayNowCreditDCF" time="209.094" classname="Test Cases/IntegratedWeb/IWP25/Payments/PayNowCreditDCF" status="FAILED">
         <failure type="FAILED" message="Test Cases/IntegratedWeb/IWP25/Payments/PayNowCreditDCF FAILED.&#xa;Reason:&#xa;com.kms.katalon.core.exception.StepFailedException: Text 'This transaction is subject to a Convenience Fees of $2.00.' is not present on page  (Root cause: com.kms.katalon.core.exception.StepFailedException: Text 'This transaction is subject to a Convenience Fees of $2.00.' is not present on page &#xa;	at com.kms.katalon.core.webui.keyword.internal.WebUIKeywordMain.stepFailed(WebUIKeywordMain.groovy:64)&#xa;	at com.kms.katalon.core.webui.keyword.builtin.VerifyTextPresentKeyword$_verifyTextPresent_closure1.doCall(VerifyTextPresentKeyword.groovy:79)&#xa;	at com.kms.katalon.core.webui.keyword.builtin.VerifyTextPresentKeyword$_verifyTextPresent_closure1.call(VerifyTextPresentKeyword.groovy)&#xa;	at com.kms.katalon.core.webui.keyword.internal.WebUIKeywordMain.runKeyword(WebUIKeywordMain.groovy:20)&#xa;	at com.kms.katalon.core.webui.keyword.builtin.VerifyTextPresentKeyword.verifyTextPresent(VerifyTextPresentKeyword.groovy:83)&#xa;	at com.kms.katalon.core.webui.keyword.builtin.VerifyTextPresentKeyword.execute(VerifyTextPresentKeyword.groovy:68)&#xa;	at com.kms.katalon.core.keyword.internal.KeywordExecutor.executeKeywordForPlatform(KeywordExecutor.groovy:74)&#xa;	at com.kms.katalon.core.webui.keyword.WebUiBuiltInKeywords.verifyTextPresent(WebUiBuiltInKeywords.groovy:1762)&#xa;	at PayNowCreditDCF.run(PayNowCreditDCF:101)&#xa;	at com.kms.katalon.core.main.ScriptEngine.run(ScriptEngine.java:194)&#xa;	at com.kms.katalon.core.main.ScriptEngine.runScriptAsRawText(ScriptEngine.java:119)&#xa;	at com.kms.katalon.core.main.TestCaseExecutor.runScript(TestCaseExecutor.java:448)&#xa;	at com.kms.katalon.core.main.TestCaseExecutor.doExecute(TestCaseExecutor.java:439)&#xa;	at com.kms.katalon.core.main.TestCaseExecutor.processExecutionPhase(TestCaseExecutor.java:418)&#xa;	at com.kms.katalon.core.main.TestCaseExecutor.accessMainPhase(TestCaseExecutor.java:410)&#xa;	at com.kms.katalon.core.main.TestCaseExecutor.execute(TestCaseExecutor.java:285)&#xa;	at com.kms.katalon.core.common.CommonExecutor.accessTestCaseMainPhase(CommonExecutor.java:65)&#xa;	at com.kms.katalon.core.main.TestSuiteExecutor.accessTestSuiteMainPhase(TestSuiteExecutor.java:150)&#xa;	at com.kms.katalon.core.main.TestSuiteExecutor.execute(TestSuiteExecutor.java:106)&#xa;	at com.kms.katalon.core.main.TestCaseMain.startTestSuite(TestCaseMain.java:180)&#xa;	at TempTestSuite1727249381322.run(TempTestSuite1727249381322.groovy:35)&#xa;	at java.base/jdk.internal.reflect.NativeMethodAccessorImpl.invoke0(Native Method)&#xa;	at java.base/jdk.internal.reflect.NativeMethodAccessorImpl.invoke(NativeMethodAccessorImpl.java:77)&#xa;	at java.base/jdk.internal.reflect.DelegatingMethodAccessorImpl.invoke(DelegatingMethodAccessorImpl.java:43)&#xa;)&#xa;	at com.kms.katalon.core.keyword.internal.KeywordMain.stepFailed(KeywordMain.groovy:39)&#xa;	at com.kms.katalon.core.webui.keyword.internal.WebUIKeywordMain.stepFailed(WebUIKeywordMain.groovy:64)&#xa;	at com.kms.katalon.core.webui.keyword.builtin.VerifyTextPresentKeyword$_verifyTextPresent_closure1.doCall(VerifyTextPresentKeyword.groovy:79)&#xa;	at com.kms.katalon.core.webui.keyword.builtin.VerifyTextPresentKeyword$_verifyTextPresent_closure1.call(VerifyTextPresentKeyword.groovy)&#xa;	at com.kms.katalon.core.webui.keyword.internal.WebUIKeywordMain.runKeyword(WebUIKeywordMain.groovy:20)&#xa;	at com.kms.katalon.core.webui.keyword.builtin.VerifyTextPresentKeyword.verifyTextPresent(VerifyTextPresentKeyword.groovy:83)&#xa;	at com.kms.katalon.core.webui.keyword.builtin.VerifyTextPresentKeyword.execute(VerifyTextPresentKeyword.groovy:68)&#xa;	at com.kms.katalon.core.keyword.internal.KeywordExecutor.executeKeywordForPlatform(KeywordExecutor.groovy:74)&#xa;	at com.kms.katalon.core.webui.keyword.WebUiBuiltInKeywords.verifyTextPresent(WebUiBuiltInKeywords.groovy:1762)&#xa;	at PayNowCreditDCF.run(PayNowCreditDCF:101)&#xa;	at com.kms.katalon.core.main.ScriptEngine.run(ScriptEngine.java:194)&#xa;	at com.kms.katalon.core.main.ScriptEngine.runScriptAsRawText(ScriptEngine.java:119)&#xa;	at com.kms.katalon.core.main.TestCaseExecutor.runScript(TestCaseExecutor.java:448)&#xa;	at com.kms.katalon.core.main.TestCaseExecutor.doExecute(TestCaseExecutor.java:439)&#xa;	at com.kms.katalon.core.main.TestCaseExecutor.processExecutionPhase(TestCaseExecutor.java:418)&#xa;	at com.kms.katalon.core.main.TestCaseExecutor.accessMainPhase(TestCaseExecutor.java:410)&#xa;	at com.kms.katalon.core.main.TestCaseExecutor.execute(TestCaseExecutor.java:285)&#xa;	at com.kms.katalon.core.common.CommonExecutor.accessTestCaseMainPhase(CommonExecutor.java:65)&#xa;	at com.kms.katalon.core.main.TestSuiteExecutor.accessTestSuiteMainPhase(TestSuiteExecutor.java:150)&#xa;	at com.kms.katalon.core.main.TestSuiteExecutor.execute(TestSuiteExecutor.java:106)&#xa;	at com.kms.katalon.core.main.TestCaseMain.startTestSuite(TestCaseMain.java:180)&#xa;	at TempTestSuite1727249381322.run(TempTestSuite1727249381322.groovy:35)&#xa;	at java.base/jdk.internal.reflect.NativeMethodAccessorImpl.invoke0(Native Method)&#xa;	at java.base/jdk.internal.reflect.NativeMethodAccessorImpl.invoke(NativeMethodAccessorImpl.java:77)&#xa;	at java.base/jdk.internal.reflect.DelegatingMethodAccessorImpl.invoke(DelegatingMethodAccessorImpl.java:43)&#xa;Caused by: com.kms.katalon.core.exception.StepFailedException: Text 'This transaction is subject to a Convenience Fees of $2.00.' is not present on page &#xa;	... 24 more&#xa;"/>
         <system-out><![CDATA[25-09-2024T13:33:13 - [TEST_CASE][FAILED] - Test Cases/IntegratedWeb/IWP25/Payments/PayNowCreditDCF: Test Cases/IntegratedWeb/IWP25/Payments/PayNowCreditDCF FAILED.
Reason:
com.kms.katalon.core.exception.StepFailedException: Text 'This transaction is subject to a Convenience Fees of $2.00.' is not present on page  (Root cause: com.kms.katalon.core.exception.StepFailedException: Text 'This transaction is subject to a Convenience Fees of $2.00.' is not present on page 
	at com.kms.katalon.core.webui.keyword.internal.WebUIKeywordMain.stepFailed(WebUIKeywordMain.groovy:64)
	at com.kms.katalon.core.webui.keyword.builtin.VerifyTextPresentKeyword$_verifyTextPresent_closure1.doCall(VerifyTextPresentKeyword.groovy:79)
	at com.kms.katalon.core.webui.keyword.builtin.VerifyTextPresentKeyword$_verifyTextPresent_closure1.call(VerifyTextPresentKeyword.groovy)
	at com.kms.katalon.core.webui.keyword.internal.WebUIKeywordMain.runKeyword(WebUIKeywordMain.groovy:20)
	at com.kms.katalon.core.webui.keyword.builtin.VerifyTextPresentKeyword.verifyTextPresent(VerifyTextPresentKeyword.groovy:83)
	at com.kms.katalon.core.webui.keyword.builtin.VerifyTextPresentKeyword.execute(VerifyTextPresentKeyword.groovy:68)
	at com.kms.katalon.core.keyword.internal.KeywordExecutor.executeKeywordForPlatform(KeywordExecutor.groovy:74)
	at com.kms.katalon.core.webui.keyword.WebUiBuiltInKeywords.verifyTextPresent(WebUiBuiltInKeywords.groovy:1762)
	at PayNowCreditDCF.run(PayNowCreditDCF:101)
	at com.kms.katalon.core.main.ScriptEngine.run(ScriptEngine.java:194)
	at com.kms.katalon.core.main.ScriptEngine.runScriptAsRawText(ScriptEngine.java:119)
	at com.kms.katalon.core.main.TestCaseExecutor.runScript(TestCaseExecutor.java:448)
	at com.kms.katalon.core.main.TestCaseExecutor.doExecute(TestCaseExecutor.java:439)
	at com.kms.katalon.core.main.TestCaseExecutor.processExecutionPhase(TestCaseExecutor.java:418)
	at com.kms.katalon.core.main.TestCaseExecutor.accessMainPhase(TestCaseExecutor.java:410)
	at com.kms.katalon.core.main.TestCaseExecutor.execute(TestCaseExecutor.java:285)
	at com.kms.katalon.core.common.CommonExecutor.accessTestCaseMainPhase(CommonExecutor.java:65)
	at com.kms.katalon.core.main.TestSuiteExecutor.accessTestSuiteMainPhase(TestSuiteExecutor.java:150)
	at com.kms.katalon.core.main.TestSuiteExecutor.execute(TestSuiteExecutor.java:106)
	at com.kms.katalon.core.main.TestCaseMain.startTestSuite(TestCaseMain.java:180)
	at TempTestSuite1727249381322.run(TempTestSuite1727249381322.groovy:35)
	at java.base/jdk.internal.reflect.NativeMethodAccessorImpl.invoke0(Native Method)
	at java.base/jdk.internal.reflect.NativeMethodAccessorImpl.invoke(NativeMethodAccessorImpl.java:77)
	at java.base/jdk.internal.reflect.DelegatingMethodAccessorImpl.invoke(DelegatingMethodAccessorImpl.java:43)
)
	at com.kms.katalon.core.keyword.internal.KeywordMain.stepFailed(KeywordMain.groovy:39)
	at com.kms.katalon.core.webui.keyword.internal.WebUIKeywordMain.stepFailed(WebUIKeywordMain.groovy:64)
	at com.kms.katalon.core.webui.keyword.builtin.VerifyTextPresentKeyword$_verifyTextPresent_closure1.doCall(VerifyTextPresentKeyword.groovy:79)
	at com.kms.katalon.core.webui.keyword.builtin.VerifyTextPresentKeyword$_verifyTextPresent_closure1.call(VerifyTextPresentKeyword.groovy)
	at com.kms.katalon.core.webui.keyword.internal.WebUIKeywordMain.runKeyword(WebUIKeywordMain.groovy:20)
	at com.kms.katalon.core.webui.keyword.builtin.VerifyTextPresentKeyword.verifyTextPresent(VerifyTextPresentKeyword.groovy:83)
	at com.kms.katalon.core.webui.keyword.builtin.VerifyTextPresentKeyword.execute(VerifyTextPresentKeyword.groovy:68)
	at com.kms.katalon.core.keyword.internal.KeywordExecutor.executeKeywordForPlatform(KeywordExecutor.groovy:74)
	at com.kms.katalon.core.webui.keyword.WebUiBuiltInKeywords.verifyTextPresent(WebUiBuiltInKeywords.groovy:1762)
	at PayNowCreditDCF.run(PayNowCreditDCF:101)
	at com.kms.katalon.core.main.ScriptEngine.run(ScriptEngine.java:194)
	at com.kms.katalon.core.main.ScriptEngine.runScriptAsRawText(ScriptEngine.java:119)
	at com.kms.katalon.core.main.TestCaseExecutor.runScript(TestCaseExecutor.java:448)
	at com.kms.katalon.core.main.TestCaseExecutor.doExecute(TestCaseExecutor.java:439)
	at com.kms.katalon.core.main.TestCaseExecutor.processExecutionPhase(TestCaseExecutor.java:418)
	at com.kms.katalon.core.main.TestCaseExecutor.accessMainPhase(TestCaseExecutor.java:410)
	at com.kms.katalon.core.main.TestCaseExecutor.execute(TestCaseExecutor.java:285)
	at com.kms.katalon.core.common.CommonExecutor.accessTestCaseMainPhase(CommonExecutor.java:65)
	at com.kms.katalon.core.main.TestSuiteExecutor.accessTestSuiteMainPhase(TestSuiteExecutor.java:150)
	at com.kms.katalon.core.main.TestSuiteExecutor.execute(TestSuiteExecutor.java:106)
	at com.kms.katalon.core.main.TestCaseMain.startTestSuite(TestCaseMain.java:180)
	at TempTestSuite1727249381322.run(TempTestSuite1727249381322.groovy:35)
	at java.base/jdk.internal.reflect.NativeMethodAccessorImpl.invoke0(Native Method)
	at java.base/jdk.internal.reflect.NativeMethodAccessorImpl.invoke(NativeMethodAccessorImpl.java:77)
	at java.base/jdk.internal.reflect.DelegatingMethodAccessorImpl.invoke(DelegatingMethodAccessorImpl.java:43)
Caused by: com.kms.katalon.core.exception.StepFailedException: Text 'This transaction is subject to a Convenience Fees of $2.00.' is not present on page 
	... 24 more


25-09-2024T13:33:13 - [TEST_STEP][PASSED] - resText = "Fail": null

25-09-2024T13:33:13 - [TEST_STEP][PASSED] - resColumn = "Result": null

25-09-2024T13:33:13 - [TEST_STEP][PASSED] - datCloumn = "Date": null

25-09-2024T13:33:13 - [TEST_STEP][PASSED] - fileLoc = "KatalonData/IWPTestData/VRelay25Payments.xlsx": null

25-09-2024T13:33:13 - [TEST_STEP][PASSED] - numOfRows = <not implemented yet for class: org.codehaus.groovy.ast.expr.EmptyExpression>: null

25-09-2024T13:33:13 - [TEST_STEP][PASSED] - dataFile = <not implemented yet for class: org.codehaus.groovy.ast.expr.EmptyExpression>: null

25-09-2024T13:33:13 - [TEST_STEP][PASSED] - nameSheet = <not implemented yet for class: org.codehaus.groovy.ast.expr.EmptyExpression>: null

25-09-2024T13:33:13 - [TEST_STEP][PASSED] - dataFileEmulator = <not implemented yet for class: org.codehaus.groovy.ast.expr.EmptyExpression>: null

25-09-2024T13:33:13 - [TEST_STEP][PASSED] - isRequiredTextPresent = false: null

25-09-2024T13:33:13 - [TEST_STEP][PASSED] - nameSheet = "PayNowCreditDCF": null

25-09-2024T13:33:13 - [TEST_STEP][PASSED] - dataFile = "IWPTestData/PayNowCreditDCF": null

25-09-2024T13:33:13 - [TEST_STEP][PASSED] - dataFileEmulator = "IWPTestData/EmulatorData": null

25-09-2024T13:33:13 - [TEST_STEP][PASSED] - numOfRows = findTestData(dataFile).getRowNumbers(): null

25-09-2024T13:33:13 - [TEST_STEP][PASSED] - println("Number of Records: " + numOfRows): null

25-09-2024T13:33:13 - [TEST_STEP][FAILED] - for ([row = 1, row <= numOfRows, (row++)]): null

25-09-2024T13:33:13 - [TEST_STEP][PASSED] - ExecuteTC = findTestData(dataFile).getValue("Execute", row): null

25-09-2024T13:33:13 - [TEST_STEP][PASSED] - out.println("Value of Execute is : " + ExecuteTC): null

25-09-2024T13:33:13 - [TEST_STEP][FAILED] - if (ExecuteTC.equalsIgnoreCase("Y")): null

25-09-2024T13:33:13 - [TEST_STEP][PASSED] - out.println("Begin Record Number: " + row): null

25-09-2024T13:33:13 - [TEST_STEP][PASSED] - today = new java.util.Date(): null

25-09-2024T13:33:13 - [TEST_STEP][PASSED] - println(today): null

25-09-2024T13:33:13 - [TEST_STEP][PASSED] - datText = today: null

25-09-2024T13:33:13 - [TEST_STEP][PASSED] - EmulatorDataKey = findTestData(dataFile).getValue("EmulatorData", row): null

25-09-2024T13:33:13 - [TEST_STEP][PASSED] - out.println("Value of Emulator Key is : " + EmulatorDataKey): null

25-09-2024T13:33:13 - [TEST_STEP][PASSED] - iwpPages.emulatorIWP30.setDataEmulator_DD(EmulatorDataKey): iwpPages.emulatorIWP30.setDataEmulator_DD is PASSED

25-09-2024T13:33:14 - [MESSAGE][INFO] - Starting 'Edge Chromium' driver

25-09-2024T13:33:14 - [MESSAGE][INFO] - User set preference: ['acceptInsecureCerts', 'true']

25-09-2024T13:33:16 - [MESSAGE][INFO] - Action delay is set to 0 milliseconds

25-09-2024T13:33:18 - [MESSAGE][PASSED] - Browser is opened with url: 'https://qa.velocitypayment.com/agency/config.do?action=editor&message_version=2_5'

25-09-2024T13:33:19 - [MESSAGE][PASSED] - Current window maximized

25-09-2024T13:33:19 - [MESSAGE][PASSED] - All options with value '2.5' are selected in object 'Object Repository/IWP30/Page_VRelay30Emulator/MV'  using regular expression

25-09-2024T13:33:20 - [MESSAGE][PASSED] - Text '10.50' is set on object 'Object Repository/IWP30/Page_VRelay30Emulator/Amount'

25-09-2024T13:33:21 - [MESSAGE][PASSED] - Text 'sCc3EoaLRkZj' is set on object 'Object Repository/IWP30/Page_VRelay30Emulator/CAN'

25-09-2024T13:33:21 - [MESSAGE][PASSED] - Text 'PayNow' is set on object 'Object Repository/IWP30/Page_VRelay30Emulator/Action'

25-09-2024T13:33:22 - [MESSAGE][PASSED] - Text 'en_US' is set on object 'Object Repository/IWP30/Page_VRelay30Emulator/Lang'

25-09-2024T13:33:23 - [MESSAGE][PASSED] - Text 'Jasmine' is set on object 'Object Repository/IWP30/Page_VRelay30Emulator/Fname'

25-09-2024T13:33:23 - [MESSAGE][PASSED] - Text 'Patrinol' is set on object 'Object Repository/IWP30/Page_VRelay30Emulator/Lname'

25-09-2024T13:33:24 - [MESSAGE][PASSED] - Text '258 Underwood rd' is set on object 'Object Repository/IWP30/Page_VRelay30Emulator/AL1'

25-09-2024T13:33:25 - [MESSAGE][PASSED] - Text 'Suite 600' is set on object 'Object Repository/IWP30/Page_VRelay30Emulator/AL2'

25-09-2024T13:33:25 - [MESSAGE][PASSED] - Text '840' is set on object 'Object Repository/IWP30/Page_VRelay30Emulator/Country'

25-09-2024T13:33:26 - [MESSAGE][PASSED] - Text 'Arlington' is set on object 'Object Repository/IWP30/Page_VRelay30Emulator/City'

25-09-2024T13:33:26 - [MESSAGE][PASSED] - Text 'VA' is set on object 'Object Repository/IWP30/Page_VRelay30Emulator/State'

25-09-2024T13:33:27 - [MESSAGE][PASSED] - Text '22201' is set on object 'Object Repository/IWP30/Page_VRelay30Emulator/ZIP'

25-09-2024T13:33:27 - [MESSAGE][PASSED] - Text '' is set on object 'Object Repository/IWP30/Page_VRelay30Emulator/Order'

25-09-2024T13:33:28 - [MESSAGE][PASSED] - Text 'Some Company' is set on object 'Object Repository/IWP30/Page_VRelay30Emulator/Company'

25-09-2024T13:33:29 - [MESSAGE][PASSED] - Text 'iahmed@govolution.com' is set on object 'Object Repository/IWP30/Page_VRelay30Emulator/Email'

25-09-2024T13:33:29 - [MESSAGE][PASSED] - Text 'udf data 1' is set on object 'Object Repository/IWP30/Page_VRelay30Emulator/UDF1'

25-09-2024T13:33:30 - [MESSAGE][PASSED] - Text 'udf data 2' is set on object 'Object Repository/IWP30/Page_VRelay30Emulator/UDF2'

25-09-2024T13:33:31 - [MESSAGE][PASSED] - Text 'udf data 3' is set on object 'Object Repository/IWP30/Page_VRelay30Emulator/UDF3'

25-09-2024T13:33:31 - [MESSAGE][PASSED] - Text 'udf data 4' is set on object 'Object Repository/IWP30/Page_VRelay30Emulator/UDF4'

25-09-2024T13:33:32 - [MESSAGE][PASSED] - Text 'udf data 5' is set on object 'Object Repository/IWP30/Page_VRelay30Emulator/UDF5'

25-09-2024T13:33:32 - [MESSAGE][PASSED] - Text 'udf data 6' is set on object 'Object Repository/IWP30/Page_VRelay30Emulator/UDF6'

25-09-2024T13:33:33 - [MESSAGE][PASSED] - Text 'Orange' is set on object 'Object Repository/IWP30/Page_VRelay30Emulator/UDF7'

25-09-2024T13:33:33 - [MESSAGE][PASSED] - Text 'Soccer' is set on object 'Object Repository/IWP30/Page_VRelay30Emulator/UDF8'

25-09-2024T13:33:34 - [MESSAGE][PASSED] - Text 'udf data 9' is set on object 'Object Repository/IWP30/Page_VRelay30Emulator/UDF9'

25-09-2024T13:33:35 - [MESSAGE][PASSED] - Text 'udf data 10' is set on object 'Object Repository/IWP30/Page_VRelay30Emulator/UDF10'

25-09-2024T13:33:36 - [MESSAGE][PASSED] - Object: 'Object Repository/IWP30/Page_VRelay30Emulator/Submit' is clicked on

25-09-2024T13:33:40 - [MESSAGE][PASSED] - Browser is closed

25-09-2024T13:33:44 - [MESSAGE][PASSED] - iwpPages.emulatorIWP30.setDataEmulator_DD is PASSED

25-09-2024T13:33:44 - [TEST_STEP][PASSED] - testHarnessURL = urlTestHarness: null

25-09-2024T13:33:44 - [TEST_STEP][PASSED] - openBrowser(testHarnessURL): Browser is opened with url: 'https://dev-algorithm.govolution.com/vrelaytest/QA/version_2_2/vrelaytest.html'

25-09-2024T13:33:44 - [MESSAGE][INFO] - Starting 'Edge Chromium' driver

25-09-2024T13:33:44 - [MESSAGE][INFO] - User set preference: ['acceptInsecureCerts', 'true']

25-09-2024T13:33:46 - [MESSAGE][INFO] - Action delay is set to 0 milliseconds

25-09-2024T13:33:50 - [MESSAGE][PASSED] - Browser is opened with url: 'https://dev-algorithm.govolution.com/vrelaytest/QA/version_2_2/vrelaytest.html'

25-09-2024T13:33:50 - [TEST_STEP][PASSED] - maximizeWindow(): Current window maximized

25-09-2024T13:33:50 - [MESSAGE][PASSED] - Current window maximized

25-09-2024T13:33:50 - [TEST_STEP][PASSED] - iwpPages.TestHarnessPage.setDataMethod(row, dataFile): iwpPages.TestHarnessPage.setDataMethod is PASSED

25-09-2024T13:33:50 - [MESSAGE][PASSED] - Object 'Object Repository/IWP30/Page_QATestHarness/RemittanceID' is present

25-09-2024T13:33:51 - [MESSAGE][PASSED] - Text '640' is set on object 'Object Repository/IWP30/Page_QATestHarness/ApplicationID'

25-09-2024T13:33:52 - [MESSAGE][PASSED] - Text '2.5' is set on object 'Object Repository/IWP30/Page_QATestHarness/MessageVersion'

25-09-2024T13:33:52 - [MESSAGE][PASSED] - Text 'eXfkDl1znQgv' is set on object 'Object Repository/IWP30/Page_QATestHarness/RemittanceID'

25-09-2024T13:33:55 - [MESSAGE][PASSED] - Object: 'Object Repository/IWP30/Page_QATestHarness/SubmitButton' is clicked on

25-09-2024T13:33:55 - [MESSAGE][PASSED] - iwpPages.TestHarnessPage.setDataMethod is PASSED

25-09-2024T13:33:55 - [TEST_STEP][PASSED] - click(findTestObject("Object Repository/IWP30/Page_SelectPaymentMethod/PayByCreditCard")): Object: 'Object Repository/IWP30/Page_SelectPaymentMethod/PayByCreditCard' is clicked on

25-09-2024T13:33:56 - [MESSAGE][PASSED] - Object: 'Object Repository/IWP30/Page_SelectPaymentMethod/PayByCreditCard' is clicked on

25-09-2024T13:33:56 - [TEST_STEP][PASSED] - click(findTestObject("Object Repository/IWP30/Page_SelectPaymentMethod/MakePaymentButton")): Object: 'Object Repository/IWP30/Page_SelectPaymentMethod/MakePaymentButton' is clicked on

25-09-2024T13:33:57 - [MESSAGE][PASSED] - Object: 'Object Repository/IWP30/Page_SelectPaymentMethod/MakePaymentButton' is clicked on

25-09-2024T13:33:57 - [TEST_STEP][PASSED] - iwpPages.ccPaymentEntryPage.setDataCCPM(row, dataFile): iwpPages.ccPaymentEntryPage.setDataCCPM is PASSED

25-09-2024T13:33:59 - [MESSAGE][PASSED] - Object 'Object Repository/IWP30/Page_CCPaymentEntry/Name' is present

25-09-2024T13:33:59 - [MESSAGE][PASSED] - All options with label 'Soccer' are selected in object 'Object Repository/IWP30/Page_CCPaymentEntry/UserDefined8' 

25-09-2024T13:33:59 - [MESSAGE][PASSED] - Object 'Object Repository/IWP30/Page_CCPaymentEntry/Name' is present

25-09-2024T13:34:00 - [MESSAGE][PASSED] - Object 'Object Repository/IWP30/Page_CCPaymentEntry/CardNumber' is present

25-09-2024T13:34:00 - [MESSAGE][PASSED] - Text '5146312200000035' is set on object 'Object Repository/IWP30/Page_CCPaymentEntry/CardNumber'

25-09-2024T13:34:01 - [MESSAGE][PASSED] - Text '123' is set on object 'Object Repository/IWP30/Page_CCPaymentEntry/SPC'

25-09-2024T13:34:01 - [MESSAGE][PASSED] - Object 'Object Repository/IWP30/Page_CCPaymentEntry/Month' is present

25-09-2024T13:34:02 - [MESSAGE][PASSED] - All options with label '09' are selected in object 'Object Repository/IWP30/Page_CCPaymentEntry/Month' 

25-09-2024T13:34:02 - [MESSAGE][PASSED] - Object 'Object Repository/IWP30/Page_CCPaymentEntry/Year' is present

25-09-2024T13:34:03 - [MESSAGE][PASSED] - All options with label '2028' are selected in object 'Object Repository/IWP30/Page_CCPaymentEntry/Year' 

25-09-2024T13:34:03 - [MESSAGE][PASSED] - Object 'Object Repository/IWP30/Page_CCPaymentEntry/EmailAddress' is present

25-09-2024T13:34:03 - [MESSAGE][PASSED] - Object 'Object Repository/IWP30/Page_CCPaymentEntry/TermCondCheckBox' is present

25-09-2024T13:34:04 - [MESSAGE][PASSED] - Object 'Object Repository/IWP30/Page_CCPaymentEntry/TermCondCheckBox' is checked

25-09-2024T13:34:04 - [MESSAGE][PASSED] - Object 'Object Repository/IWP30/Page_CCPaymentEntry/ContinueButton' is present

25-09-2024T13:34:06 - [MESSAGE][PASSED] - Object: 'Object Repository/IWP30/Page_CCPaymentEntry/ContinueButton' is clicked on

25-09-2024T13:34:06 - [MESSAGE][PASSED] - iwpPages.ccPaymentEntryPage.setDataCCPM is PASSED

25-09-2024T13:34:06 - [TEST_STEP][PASSED] - click(findTestObject("Object Repository/IWP30/Page_Confirmation/ConfirmButton")): Object: 'Object Repository/IWP30/Page_Confirmation/ConfirmButton' is clicked on

25-09-2024T13:34:07 - [MESSAGE][PASSED] - Object: 'Object Repository/IWP30/Page_Confirmation/ConfirmButton' is clicked on

25-09-2024T13:34:07 - [TEST_STEP][PASSED] - Thread.sleep(5000): null

25-09-2024T13:34:12 - [TEST_STEP][PASSED] - println("I am on real estate page"): null

25-09-2024T13:34:12 - [TEST_STEP][PASSED] - if (verifyTextPresent("Make a Real Estate Payment", false)): null

25-09-2024T13:34:14 - [MESSAGE][PASSED] - Text 'Make a Real Estate Payment' is present on page 

25-09-2024T13:34:14 - [TEST_STEP][PASSED] - isRequiredTextPresent = true: null

25-09-2024T13:34:14 - [TEST_STEP][PASSED] - println(isRequiredTextPresent): null

25-09-2024T13:34:14 - [TEST_STEP][FAILED] - if (isRequiredTextPresent): null

25-09-2024T13:34:14 - [TEST_STEP][FAILED] - if (verifyTextPresent("This transaction is subject to a Convenience Fees of $2.00.", false)): Text 'This transaction is subject to a Convenience Fees of $2.00.' is not present on page  (Root cause: com.kms.katalon.core.exception.StepFailedException: Text 'This transaction is subject to a Convenience Fees of $2.00.' is not present on page 
	at com.kms.katalon.core.webui.keyword.internal.WebUIKeywordMain.stepFailed(WebUIKeywordMain.groovy:64)
	at com.kms.katalon.core.webui.keyword.builtin.VerifyTextPresentKeyword$_verifyTextPresent_closure1.doCall(VerifyTextPresentKeyword.groovy:79)
	at com.kms.katalon.core.webui.keyword.builtin.VerifyTextPresentKeyword$_verifyTextPresent_closure1.call(VerifyTextPresentKeyword.groovy)
	at com.kms.katalon.core.webui.keyword.internal.WebUIKeywordMain.runKeyword(WebUIKeywordMain.groovy:20)
	at com.kms.katalon.core.webui.keyword.builtin.VerifyTextPresentKeyword.verifyTextPresent(VerifyTextPresentKeyword.groovy:83)
	at com.kms.katalon.core.webui.keyword.builtin.VerifyTextPresentKeyword.execute(VerifyTextPresentKeyword.groovy:68)
	at com.kms.katalon.core.keyword.internal.KeywordExecutor.executeKeywordForPlatform(KeywordExecutor.groovy:74)
	at com.kms.katalon.core.webui.keyword.WebUiBuiltInKeywords.verifyTextPresent(WebUiBuiltInKeywords.groovy:1762)
	at PayNowCreditDCF.run(PayNowCreditDCF:101)
	at com.kms.katalon.core.main.ScriptEngine.run(ScriptEngine.java:194)
	at com.kms.katalon.core.main.ScriptEngine.runScriptAsRawText(ScriptEngine.java:119)
	at com.kms.katalon.core.main.TestCaseExecutor.runScript(TestCaseExecutor.java:448)
	at com.kms.katalon.core.main.TestCaseExecutor.doExecute(TestCaseExecutor.java:439)
	at com.kms.katalon.core.main.TestCaseExecutor.processExecutionPhase(TestCaseExecutor.java:418)
	at com.kms.katalon.core.main.TestCaseExecutor.accessMainPhase(TestCaseExecutor.java:410)
	at com.kms.katalon.core.main.TestCaseExecutor.execute(TestCaseExecutor.java:285)
	at com.kms.katalon.core.common.CommonExecutor.accessTestCaseMainPhase(CommonExecutor.java:65)
	at com.kms.katalon.core.main.TestSuiteExecutor.accessTestSuiteMainPhase(TestSuiteExecutor.java:150)
	at com.kms.katalon.core.main.TestSuiteExecutor.execute(TestSuiteExecutor.java:106)
	at com.kms.katalon.core.main.TestCaseMain.startTestSuite(TestCaseMain.java:180)
	at TempTestSuite1727249381322.run(TempTestSuite1727249381322.groovy:35)
	at java.base/jdk.internal.reflect.NativeMethodAccessorImpl.invoke0(Native Method)
	at java.base/jdk.internal.reflect.NativeMethodAccessorImpl.invoke(NativeMethodAccessorImpl.java:77)
	at java.base/jdk.internal.reflect.DelegatingMethodAccessorImpl.invoke(DelegatingMethodAccessorImpl.java:43)
)

25-09-2024T13:34:14 - [MESSAGE][FAILED] - Text 'This transaction is subject to a Convenience Fees of $2.00.' is not present on page  (Root cause: com.kms.katalon.core.exception.StepFailedException: Text 'This transaction is subject to a Convenience Fees of $2.00.' is not present on page 
	at com.kms.katalon.core.webui.keyword.internal.WebUIKeywordMain.stepFailed(WebUIKeywordMain.groovy:64)
	at com.kms.katalon.core.webui.keyword.builtin.VerifyTextPresentKeyword$_verifyTextPresent_closure1.doCall(VerifyTextPresentKeyword.groovy:79)
	at com.kms.katalon.core.webui.keyword.builtin.VerifyTextPresentKeyword$_verifyTextPresent_closure1.call(VerifyTextPresentKeyword.groovy)
	at com.kms.katalon.core.webui.keyword.internal.WebUIKeywordMain.runKeyword(WebUIKeywordMain.groovy:20)
	at com.kms.katalon.core.webui.keyword.builtin.VerifyTextPresentKeyword.verifyTextPresent(VerifyTextPresentKeyword.groovy:83)
	at com.kms.katalon.core.webui.keyword.builtin.VerifyTextPresentKeyword.execute(VerifyTextPresentKeyword.groovy:68)
	at com.kms.katalon.core.keyword.internal.KeywordExecutor.executeKeywordForPlatform(KeywordExecutor.groovy:74)
	at com.kms.katalon.core.webui.keyword.WebUiBuiltInKeywords.verifyTextPresent(WebUiBuiltInKeywords.groovy:1762)
	at PayNowCreditDCF.run(PayNowCreditDCF:101)
	at com.kms.katalon.core.main.ScriptEngine.run(ScriptEngine.java:194)
	at com.kms.katalon.core.main.ScriptEngine.runScriptAsRawText(ScriptEngine.java:119)
	at com.kms.katalon.core.main.TestCaseExecutor.runScript(TestCaseExecutor.java:448)
	at com.kms.katalon.core.main.TestCaseExecutor.doExecute(TestCaseExecutor.java:439)
	at com.kms.katalon.core.main.TestCaseExecutor.processExecutionPhase(TestCaseExecutor.java:418)
	at com.kms.katalon.core.main.TestCaseExecutor.accessMainPhase(TestCaseExecutor.java:410)
	at com.kms.katalon.core.main.TestCaseExecutor.execute(TestCaseExecutor.java:285)
	at com.kms.katalon.core.common.CommonExecutor.accessTestCaseMainPhase(CommonExecutor.java:65)
	at com.kms.katalon.core.main.TestSuiteExecutor.accessTestSuiteMainPhase(TestSuiteExecutor.java:150)
	at com.kms.katalon.core.main.TestSuiteExecutor.execute(TestSuiteExecutor.java:106)
	at com.kms.katalon.core.main.TestCaseMain.startTestSuite(TestCaseMain.java:180)
	at TempTestSuite1727249381322.run(TempTestSuite1727249381322.groovy:35)
	at java.base/jdk.internal.reflect.NativeMethodAccessorImpl.invoke0(Native Method)
	at java.base/jdk.internal.reflect.NativeMethodAccessorImpl.invoke(NativeMethodAccessorImpl.java:77)
	at java.base/jdk.internal.reflect.DelegatingMethodAccessorImpl.invoke(DelegatingMethodAccessorImpl.java:43)
)

25-09-2024T13:34:14 - [TEST_STEP][PASSED] - else: null

25-09-2024T13:34:14 - [TEST_STEP][PASSED] - isRequiredTextPresent = false: null

25-09-2024T13:34:14 - [TEST_STEP][PASSED] - if (isRequiredTextPresent): null

25-09-2024T13:34:14 - [TEST_STEP][PASSED] - if (isRequiredTextPresent): null

25-09-2024T13:34:14 - [TEST_STEP][PASSED] - if (isRequiredTextPresent): null

25-09-2024T13:34:14 - [TEST_STEP][PASSED] - if (isRequiredTextPresent): null

25-09-2024T13:34:14 - [TEST_STEP][PASSED] - Thread.sleep(10000): null

25-09-2024T13:34:24 - [TEST_STEP][FAILED] - click(findTestObject("Object Repository/IWP30/Page_ConvenienceFees/btn_convFeeNotifyAction")): Unable to click on object 'Object Repository/IWP30/Page_ConvenienceFees/btn_convFeeNotifyAction' (Root cause: com.kms.katalon.core.exception.StepFailedException: Unable to click on object 'Object Repository/IWP30/Page_ConvenienceFees/btn_convFeeNotifyAction'
	at com.kms.katalon.core.webui.keyword.internal.WebUIKeywordMain.stepFailed(WebUIKeywordMain.groovy:64)
	at com.kms.katalon.core.webui.keyword.internal.WebUIKeywordMain.runKeyword(WebUIKeywordMain.groovy:26)
	at com.kms.katalon.core.webui.keyword.builtin.ClickKeyword.click(ClickKeyword.groovy:74)
	at com.kms.katalon.core.webui.keyword.builtin.ClickKeyword.execute(ClickKeyword.groovy:40)
	at com.kms.katalon.core.keyword.internal.KeywordExecutor.executeKeywordForPlatform(KeywordExecutor.groovy:74)
	at com.kms.katalon.core.webui.keyword.WebUiBuiltInKeywords.click(WebUiBuiltInKeywords.groovy:659)
	at PayNowCreditDCF.run(PayNowCreditDCF:148)
	at com.kms.katalon.core.main.ScriptEngine.run(ScriptEngine.java:194)
	at com.kms.katalon.core.main.ScriptEngine.runScriptAsRawText(ScriptEngine.java:119)
	at com.kms.katalon.core.main.TestCaseExecutor.runScript(TestCaseExecutor.java:448)
	at com.kms.katalon.core.main.TestCaseExecutor.doExecute(TestCaseExecutor.java:439)
	at com.kms.katalon.core.main.TestCaseExecutor.processExecutionPhase(TestCaseExecutor.java:418)
	at com.kms.katalon.core.main.TestCaseExecutor.accessMainPhase(TestCaseExecutor.java:410)
	at com.kms.katalon.core.main.TestCaseExecutor.execute(TestCaseExecutor.java:285)
	at com.kms.katalon.core.common.CommonExecutor.accessTestCaseMainPhase(CommonExecutor.java:65)
	at com.kms.katalon.core.main.TestSuiteExecutor.accessTestSuiteMainPhase(TestSuiteExecutor.java:150)
	at com.kms.katalon.core.main.TestSuiteExecutor.execute(TestSuiteExecutor.java:106)
	at com.kms.katalon.core.main.TestCaseMain.startTestSuite(TestCaseMain.java:180)
	at TempTestSuite1727249381322.run(TempTestSuite1727249381322.groovy:35)
	at java.base/jdk.internal.reflect.NativeMethodAccessorImpl.invoke0(Native Method)
	at java.base/jdk.internal.reflect.NativeMethodAccessorImpl.invoke(NativeMethodAccessorImpl.java:77)
	at java.base/jdk.internal.reflect.DelegatingMethodAccessorImpl.invoke(DelegatingMethodAccessorImpl.java:43)
Caused by: com.kms.katalon.core.webui.exception.WebElementNotFoundException: Web element with id: 'Object Repository/IWP30/Page_ConvenienceFees/btn_convFeeNotifyAction' located by '//*[@type = 'submit' and @name = 'convFeeNotifyAction' and @id = 'submitYes']' not found
	at com.kms.katalon.core.webui.common.WebUiCommonHelper.findWebElement(WebUiCommonHelper.java:1426)
	at com.kms.katalon.core.webui.keyword.internal.WebUIAbstractKeyword.findWebElement(WebUIAbstractKeyword.groovy:27)
	at com.kms.katalon.core.webui.keyword.builtin.ClickKeyword$_click_closure1.doCall(ClickKeyword.groovy:65)
	at com.kms.katalon.core.webui.keyword.builtin.ClickKeyword$_click_closure1.call(ClickKeyword.groovy)
	at com.kms.katalon.core.webui.keyword.internal.WebUIKeywordMain.runKeyword(WebUIKeywordMain.groovy:20)
	at com.kms.katalon.core.webui.keyword.builtin.ClickKeyword.click(ClickKeyword.groovy:74)
	at com.kms.katalon.core.webui.keyword.builtin.ClickKeyword.execute(ClickKeyword.groovy:40)
	at com.kms.katalon.core.keyword.internal.KeywordExecutor.executeKeywordForPlatform(KeywordExecutor.groovy:74)
	at com.kms.katalon.core.webui.keyword.WebUiBuiltInKeywords.click(WebUiBuiltInKeywords.groovy:659)
	at Script1725289788433.run(Script1725289788433.groovy:148)
	... 15 more
)

25-09-2024T13:34:55 - [MESSAGE][INFO] - Unable to find the element located by 'By.xpath: //*[@type = 'submit' and @name = 'convFeeNotifyAction' and @id = 'submitYes']'. Please recheck the objects properties to make sure the desired element is located. 

25-09-2024T13:34:55 - [MESSAGE][WARNING] - [SELF-HEALING] Failed to find element with id 'Object Repository/IWP30/Page_ConvenienceFees/btn_convFeeNotifyAction'. Try using Self-healing.

25-09-2024T13:34:57 - [MESSAGE][INFO] - Unable to find the element located by 'By.xpath: //div/input'. Please recheck the objects properties to make sure the desired element is located. 

25-09-2024T13:34:58 - [MESSAGE][INFO] - Unable to find the element located by 'By.xpath: //input[@id='submitYes']'. Please recheck the objects properties to make sure the desired element is located. 

25-09-2024T13:34:58 - [MESSAGE][INFO] - [SELF-HEALING] Failed Locator: '//input[@id='submitYes']'.

25-09-2024T13:34:58 - [MESSAGE][INFO] - [SELF-HEALING] Failed Locator: '//div/input'.

25-09-2024T13:34:58 - [MESSAGE][INFO] - [SELF-HEALING] Failed Locator: '//input[@type = 'submit' and @name = 'convFeeNotifyAction' and @id = 'submitYes']'.

25-09-2024T13:34:59 - [MESSAGE][INFO] - [SELF-HEALING] Failed Locator: '//input[@id='submitYes']'.

25-09-2024T13:34:59 - [MESSAGE][INFO] - [SELF-HEALING] Failed Locator: '//div/input'.

25-09-2024T13:34:59 - [MESSAGE][INFO] - [SELF-HEALING] Failed Locator: '//input[@type = 'submit' and @name = 'convFeeNotifyAction' and @id = 'submitYes']'.

25-09-2024T13:35:01 - [MESSAGE][INFO] - Unable to find the element located by 'By.cssSelector: #submitYes'. Please recheck the objects properties to make sure the desired element is located. 

25-09-2024T13:35:02 - [MESSAGE][FAILED] - Unable to click on object 'Object Repository/IWP30/Page_ConvenienceFees/btn_convFeeNotifyAction' (Root cause: com.kms.katalon.core.exception.StepFailedException: Unable to click on object 'Object Repository/IWP30/Page_ConvenienceFees/btn_convFeeNotifyAction'
	at com.kms.katalon.core.webui.keyword.internal.WebUIKeywordMain.stepFailed(WebUIKeywordMain.groovy:64)
	at com.kms.katalon.core.webui.keyword.internal.WebUIKeywordMain.runKeyword(WebUIKeywordMain.groovy:26)
	at com.kms.katalon.core.webui.keyword.builtin.ClickKeyword.click(ClickKeyword.groovy:74)
	at com.kms.katalon.core.webui.keyword.builtin.ClickKeyword.execute(ClickKeyword.groovy:40)
	at com.kms.katalon.core.keyword.internal.KeywordExecutor.executeKeywordForPlatform(KeywordExecutor.groovy:74)
	at com.kms.katalon.core.webui.keyword.WebUiBuiltInKeywords.click(WebUiBuiltInKeywords.groovy:659)
	at PayNowCreditDCF.run(PayNowCreditDCF:148)
	at com.kms.katalon.core.main.ScriptEngine.run(ScriptEngine.java:194)
	at com.kms.katalon.core.main.ScriptEngine.runScriptAsRawText(ScriptEngine.java:119)
	at com.kms.katalon.core.main.TestCaseExecutor.runScript(TestCaseExecutor.java:448)
	at com.kms.katalon.core.main.TestCaseExecutor.doExecute(TestCaseExecutor.java:439)
	at com.kms.katalon.core.main.TestCaseExecutor.processExecutionPhase(TestCaseExecutor.java:418)
	at com.kms.katalon.core.main.TestCaseExecutor.accessMainPhase(TestCaseExecutor.java:410)
	at com.kms.katalon.core.main.TestCaseExecutor.execute(TestCaseExecutor.java:285)
	at com.kms.katalon.core.common.CommonExecutor.accessTestCaseMainPhase(CommonExecutor.java:65)
	at com.kms.katalon.core.main.TestSuiteExecutor.accessTestSuiteMainPhase(TestSuiteExecutor.java:150)
	at com.kms.katalon.core.main.TestSuiteExecutor.execute(TestSuiteExecutor.java:106)
	at com.kms.katalon.core.main.TestCaseMain.startTestSuite(TestCaseMain.java:180)
	at TempTestSuite1727249381322.run(TempTestSuite1727249381322.groovy:35)
	at java.base/jdk.internal.reflect.NativeMethodAccessorImpl.invoke0(Native Method)
	at java.base/jdk.internal.reflect.NativeMethodAccessorImpl.invoke(NativeMethodAccessorImpl.java:77)
	at java.base/jdk.internal.reflect.DelegatingMethodAccessorImpl.invoke(DelegatingMethodAccessorImpl.java:43)
Caused by: com.kms.katalon.core.webui.exception.WebElementNotFoundException: Web element with id: 'Object Repository/IWP30/Page_ConvenienceFees/btn_convFeeNotifyAction' located by '//*[@type = 'submit' and @name = 'convFeeNotifyAction' and @id = 'submitYes']' not found
	at com.kms.katalon.core.webui.common.WebUiCommonHelper.findWebElement(WebUiCommonHelper.java:1426)
	at com.kms.katalon.core.webui.keyword.internal.WebUIAbstractKeyword.findWebElement(WebUIAbstractKeyword.groovy:27)
	at com.kms.katalon.core.webui.keyword.builtin.ClickKeyword$_click_closure1.doCall(ClickKeyword.groovy:65)
	at com.kms.katalon.core.webui.keyword.builtin.ClickKeyword$_click_closure1.call(ClickKeyword.groovy)
	at com.kms.katalon.core.webui.keyword.internal.WebUIKeywordMain.runKeyword(WebUIKeywordMain.groovy:20)
	at com.kms.katalon.core.webui.keyword.builtin.ClickKeyword.click(ClickKeyword.groovy:74)
	at com.kms.katalon.core.webui.keyword.builtin.ClickKeyword.execute(ClickKeyword.groovy:40)
	at com.kms.katalon.core.keyword.internal.KeywordExecutor.executeKeywordForPlatform(KeywordExecutor.groovy:74)
	at com.kms.katalon.core.webui.keyword.WebUiBuiltInKeywords.click(WebUiBuiltInKeywords.groovy:659)
	at Script1725289788433.run(Script1725289788433.groovy:148)
	... 15 more
)
[[ATTACHMENT|C:\\Users\\t476046\\Documents\\katalon\\VPS-Katalon\\Reports\\20240925_125941\\QA\\IWP2.5\\QA_IWP2.5_Regression\\20240925_125941\\1727251501870.png]]

25-09-2024T13:35:02 - [TEST_STEP][PASSED] - Thread.sleep(10000): null

25-09-2024T13:35:12 - [TEST_STEP][PASSED] - if (verifyTextPresent("Successful Payment Receipt", false)): null

25-09-2024T13:35:12 - [MESSAGE][PASSED] - Text 'Successful Payment Receipt' is present on page 

25-09-2024T13:35:12 - [TEST_STEP][PASSED] - println("Successful Payment Receipt text is present on the Receipt page"): null

25-09-2024T13:35:12 - [TEST_STEP][PASSED] - markPassed("Successful Payment Receipt text is present on the Receipt page"): Successful Payment Receipt text is present on the Receipt page

25-09-2024T13:35:12 - [MESSAGE][PASSED] - Successful Payment Receipt text is present on the Receipt page

25-09-2024T13:35:12 - [TEST_STEP][PASSED] - resText = "Pass": null

25-09-2024T13:35:12 - [TEST_STEP][PASSED] - pages.WriteExcel.demoKey(resText, datText, resColumn, datCloumn, fileLoc, nameSheet, row): pages.WriteExcel.demoKey is PASSED

25-09-2024T13:35:12 - [MESSAGE][PASSED] - pages.WriteExcel.demoKey is PASSED

25-09-2024T13:35:12 - [TEST_STEP][PASSED] - ExecuteTC = findTestData(dataFile).getValue("Execute", row): null

25-09-2024T13:35:12 - [TEST_STEP][PASSED] - out.println("Value of Execute is : " + ExecuteTC): null

25-09-2024T13:35:12 - [TEST_STEP][PASSED] - if (ExecuteTC.equalsIgnoreCase("Y")): null

25-09-2024T13:35:12 - [TEST_STEP][PASSED] - out.println("Begin Record Number: " + row): null

25-09-2024T13:35:12 - [TEST_STEP][PASSED] - today = new java.util.Date(): null

25-09-2024T13:35:12 - [TEST_STEP][PASSED] - println(today): null

25-09-2024T13:35:12 - [TEST_STEP][PASSED] - datText = today: null

25-09-2024T13:35:12 - [TEST_STEP][PASSED] - EmulatorDataKey = findTestData(dataFile).getValue("EmulatorData", row): null

25-09-2024T13:35:12 - [TEST_STEP][PASSED] - out.println("Value of Emulator Key is : " + EmulatorDataKey): null

25-09-2024T13:35:12 - [TEST_STEP][PASSED] - iwpPages.emulatorIWP30.setDataEmulator_DD(EmulatorDataKey): iwpPages.emulatorIWP30.setDataEmulator_DD is PASSED

25-09-2024T13:35:12 - [MESSAGE][WARNING] - A browser is already opened. Closing browser and opening a new one

25-09-2024T13:35:13 - [MESSAGE][INFO] - Starting 'Edge Chromium' driver

25-09-2024T13:35:13 - [MESSAGE][INFO] - User set preference: ['acceptInsecureCerts', 'true']

25-09-2024T13:35:15 - [MESSAGE][INFO] - Action delay is set to 0 milliseconds

25-09-2024T13:35:18 - [MESSAGE][PASSED] - Browser is opened with url: 'https://qa.velocitypayment.com/agency/config.do?action=editor&message_version=2_5'

25-09-2024T13:35:18 - [MESSAGE][PASSED] - Current window maximized

25-09-2024T13:35:19 - [MESSAGE][PASSED] - All options with value '2.5' are selected in object 'Object Repository/IWP30/Page_VRelay30Emulator/MV'  using regular expression

25-09-2024T13:35:19 - [MESSAGE][PASSED] - Text '10.50' is set on object 'Object Repository/IWP30/Page_VRelay30Emulator/Amount'

25-09-2024T13:35:20 - [MESSAGE][PASSED] - Text '37RK8utk234v' is set on object 'Object Repository/IWP30/Page_VRelay30Emulator/CAN'

25-09-2024T13:35:21 - [MESSAGE][PASSED] - Text 'PayNow' is set on object 'Object Repository/IWP30/Page_VRelay30Emulator/Action'

25-09-2024T13:35:22 - [MESSAGE][PASSED] - Text 'en_US' is set on object 'Object Repository/IWP30/Page_VRelay30Emulator/Lang'

25-09-2024T13:35:22 - [MESSAGE][PASSED] - Text '' is set on object 'Object Repository/IWP30/Page_VRelay30Emulator/Fname'

25-09-2024T13:35:23 - [MESSAGE][PASSED] - Text '' is set on object 'Object Repository/IWP30/Page_VRelay30Emulator/Lname'

25-09-2024T13:35:23 - [MESSAGE][PASSED] - Text '' is set on object 'Object Repository/IWP30/Page_VRelay30Emulator/AL1'

25-09-2024T13:35:24 - [MESSAGE][PASSED] - Text '' is set on object 'Object Repository/IWP30/Page_VRelay30Emulator/AL2'

25-09-2024T13:35:25 - [MESSAGE][PASSED] - Text '' is set on object 'Object Repository/IWP30/Page_VRelay30Emulator/Country'

25-09-2024T13:35:25 - [MESSAGE][PASSED] - Text '' is set on object 'Object Repository/IWP30/Page_VRelay30Emulator/City'

25-09-2024T13:35:26 - [MESSAGE][PASSED] - Text '' is set on object 'Object Repository/IWP30/Page_VRelay30Emulator/State'

25-09-2024T13:35:27 - [MESSAGE][PASSED] - Text '' is set on object 'Object Repository/IWP30/Page_VRelay30Emulator/ZIP'

25-09-2024T13:35:27 - [MESSAGE][PASSED] - Text '' is set on object 'Object Repository/IWP30/Page_VRelay30Emulator/Order'

25-09-2024T13:35:28 - [MESSAGE][PASSED] - Text '' is set on object 'Object Repository/IWP30/Page_VRelay30Emulator/Company'

25-09-2024T13:35:28 - [MESSAGE][PASSED] - Text '' is set on object 'Object Repository/IWP30/Page_VRelay30Emulator/Email'

25-09-2024T13:35:29 - [MESSAGE][PASSED] - Text '' is set on object 'Object Repository/IWP30/Page_VRelay30Emulator/UDF1'

25-09-2024T13:35:30 - [MESSAGE][PASSED] - Text '' is set on object 'Object Repository/IWP30/Page_VRelay30Emulator/UDF2'

25-09-2024T13:35:30 - [MESSAGE][PASSED] - Text '' is set on object 'Object Repository/IWP30/Page_VRelay30Emulator/UDF3'

25-09-2024T13:35:31 - [MESSAGE][PASSED] - Text 'udf data 4' is set on object 'Object Repository/IWP30/Page_VRelay30Emulator/UDF4'

25-09-2024T13:35:31 - [MESSAGE][PASSED] - Text 'udf data 5' is set on object 'Object Repository/IWP30/Page_VRelay30Emulator/UDF5'

25-09-2024T13:35:32 - [MESSAGE][PASSED] - Text '' is set on object 'Object Repository/IWP30/Page_VRelay30Emulator/UDF6'

25-09-2024T13:35:32 - [MESSAGE][PASSED] - Text '' is set on object 'Object Repository/IWP30/Page_VRelay30Emulator/UDF7'

25-09-2024T13:35:33 - [MESSAGE][PASSED] - Text '' is set on object 'Object Repository/IWP30/Page_VRelay30Emulator/UDF8'

25-09-2024T13:35:34 - [MESSAGE][PASSED] - Text 'udf data 9' is set on object 'Object Repository/IWP30/Page_VRelay30Emulator/UDF9'

25-09-2024T13:35:34 - [MESSAGE][PASSED] - Text 'udf data 10' is set on object 'Object Repository/IWP30/Page_VRelay30Emulator/UDF10'

25-09-2024T13:35:35 - [MESSAGE][PASSED] - Object: 'Object Repository/IWP30/Page_VRelay30Emulator/Submit' is clicked on

25-09-2024T13:35:40 - [MESSAGE][PASSED] - Browser is closed

25-09-2024T13:35:44 - [MESSAGE][PASSED] - iwpPages.emulatorIWP30.setDataEmulator_DD is PASSED

25-09-2024T13:35:44 - [TEST_STEP][PASSED] - testHarnessURL = urlTestHarness: null

25-09-2024T13:35:44 - [TEST_STEP][PASSED] - openBrowser(testHarnessURL): Browser is opened with url: 'https://dev-algorithm.govolution.com/vrelaytest/QA/version_2_2/vrelaytest.html'

25-09-2024T13:35:44 - [MESSAGE][INFO] - Starting 'Edge Chromium' driver

25-09-2024T13:35:44 - [MESSAGE][INFO] - User set preference: ['acceptInsecureCerts', 'true']

25-09-2024T13:35:46 - [MESSAGE][INFO] - Action delay is set to 0 milliseconds

25-09-2024T13:35:49 - [MESSAGE][PASSED] - Browser is opened with url: 'https://dev-algorithm.govolution.com/vrelaytest/QA/version_2_2/vrelaytest.html'

25-09-2024T13:35:49 - [TEST_STEP][PASSED] - maximizeWindow(): Current window maximized

25-09-2024T13:35:50 - [MESSAGE][PASSED] - Current window maximized

25-09-2024T13:35:50 - [TEST_STEP][PASSED] - iwpPages.TestHarnessPage.setDataMethod(row, dataFile): iwpPages.TestHarnessPage.setDataMethod is PASSED

25-09-2024T13:35:50 - [MESSAGE][PASSED] - Object 'Object Repository/IWP30/Page_QATestHarness/RemittanceID' is present

25-09-2024T13:35:51 - [MESSAGE][PASSED] - Text '640' is set on object 'Object Repository/IWP30/Page_QATestHarness/ApplicationID'

25-09-2024T13:35:51 - [MESSAGE][PASSED] - Text '2.5' is set on object 'Object Repository/IWP30/Page_QATestHarness/MessageVersion'

25-09-2024T13:35:52 - [MESSAGE][PASSED] - Text '6462zLV88Gkj' is set on object 'Object Repository/IWP30/Page_QATestHarness/RemittanceID'

25-09-2024T13:35:55 - [MESSAGE][PASSED] - Object: 'Object Repository/IWP30/Page_QATestHarness/SubmitButton' is clicked on

25-09-2024T13:35:55 - [MESSAGE][PASSED] - iwpPages.TestHarnessPage.setDataMethod is PASSED

25-09-2024T13:35:55 - [TEST_STEP][PASSED] - click(findTestObject("Object Repository/IWP30/Page_SelectPaymentMethod/PayByCreditCard")): Object: 'Object Repository/IWP30/Page_SelectPaymentMethod/PayByCreditCard' is clicked on

25-09-2024T13:35:55 - [MESSAGE][PASSED] - Object: 'Object Repository/IWP30/Page_SelectPaymentMethod/PayByCreditCard' is clicked on

25-09-2024T13:35:55 - [TEST_STEP][PASSED] - click(findTestObject("Object Repository/IWP30/Page_SelectPaymentMethod/MakePaymentButton")): Object: 'Object Repository/IWP30/Page_SelectPaymentMethod/MakePaymentButton' is clicked on

25-09-2024T13:35:58 - [MESSAGE][PASSED] - Object: 'Object Repository/IWP30/Page_SelectPaymentMethod/MakePaymentButton' is clicked on

25-09-2024T13:35:58 - [TEST_STEP][PASSED] - iwpPages.ccPaymentEntryPage.setDataCCPM(row, dataFile): iwpPages.ccPaymentEntryPage.setDataCCPM is PASSED

25-09-2024T13:35:59 - [MESSAGE][PASSED] - Object 'Object Repository/IWP30/Page_CCPaymentEntry/Name' is present

25-09-2024T13:35:59 - [MESSAGE][PASSED] - Text '10.50' is set on object 'Object Repository/IWP30/Page_CCPaymentEntry/Amount'

25-09-2024T13:36:00 - [MESSAGE][PASSED] - Text 'udf data 2' is set on object 'Object Repository/IWP30/Page_CCPaymentEntry/UserDefined2'

25-09-2024T13:36:01 - [MESSAGE][PASSED] - Text 'udf data 3' is set on object 'Object Repository/IWP30/Page_CCPaymentEntry/UserDefined3'

25-09-2024T13:36:01 - [MESSAGE][PASSED] - All options with label 'Orange' are selected in object 'Object Repository/IWP30/Page_CCPaymentEntry/UserDefined7' 

25-09-2024T13:36:02 - [MESSAGE][PASSED] - All options with label 'Soccer' are selected in object 'Object Repository/IWP30/Page_CCPaymentEntry/UserDefined8' 

25-09-2024T13:36:02 - [MESSAGE][PASSED] - Object 'Object Repository/IWP30/Page_CCPaymentEntry/Name' is present

25-09-2024T13:36:03 - [MESSAGE][PASSED] - Text 'Kavita Ranawati' is set on object 'Object Repository/IWP30/Page_CCPaymentEntry/Name'

25-09-2024T13:36:03 - [MESSAGE][PASSED] - Object 'Object Repository/IWP30/Page_CCPaymentEntry/CardNumber' is present

25-09-2024T13:36:03 - [MESSAGE][PASSED] - Text '4111111111111111' is set on object 'Object Repository/IWP30/Page_CCPaymentEntry/CardNumber'

25-09-2024T13:36:04 - [MESSAGE][PASSED] - Text '123' is set on object 'Object Repository/IWP30/Page_CCPaymentEntry/SPC'

25-09-2024T13:36:05 - [MESSAGE][PASSED] - Object 'Object Repository/IWP30/Page_CCPaymentEntry/Month' is present

25-09-2024T13:36:06 - [MESSAGE][PASSED] - All options with label '09' are selected in object 'Object Repository/IWP30/Page_CCPaymentEntry/Month' 

25-09-2024T13:36:06 - [MESSAGE][PASSED] - Object 'Object Repository/IWP30/Page_CCPaymentEntry/Year' is present

25-09-2024T13:36:06 - [MESSAGE][PASSED] - All options with label '2028' are selected in object 'Object Repository/IWP30/Page_CCPaymentEntry/Year' 

25-09-2024T13:36:07 - [MESSAGE][PASSED] - Text '365 Main Avenue' is set on object 'Object Repository/IWP30/Page_CCPaymentEntry/AL1'

25-09-2024T13:36:08 - [MESSAGE][PASSED] - Text '22201' is set on object 'Object Repository/IWP30/Page_CCPaymentEntry/ZIP'

25-09-2024T13:36:08 - [MESSAGE][PASSED] - Object 'Object Repository/IWP30/Page_CCPaymentEntry/EmailAddress' is present

25-09-2024T13:36:09 - [MESSAGE][PASSED] - Text 'iahmed@govolution.com' is set on object 'Object Repository/IWP30/Page_CCPaymentEntry/EmailAddress'

25-09-2024T13:36:09 - [MESSAGE][PASSED] - Object 'Object Repository/IWP30/Page_CCPaymentEntry/TermCondCheckBox' is present

25-09-2024T13:36:10 - [MESSAGE][PASSED] - Object 'Object Repository/IWP30/Page_CCPaymentEntry/TermCondCheckBox' is checked

25-09-2024T13:36:10 - [MESSAGE][PASSED] - Object 'Object Repository/IWP30/Page_CCPaymentEntry/ContinueButton' is present

25-09-2024T13:36:11 - [MESSAGE][PASSED] - Object: 'Object Repository/IWP30/Page_CCPaymentEntry/ContinueButton' is clicked on

25-09-2024T13:36:11 - [MESSAGE][PASSED] - iwpPages.ccPaymentEntryPage.setDataCCPM is PASSED

25-09-2024T13:36:11 - [TEST_STEP][PASSED] - click(findTestObject("Object Repository/IWP30/Page_Confirmation/ConfirmButton")): Object: 'Object Repository/IWP30/Page_Confirmation/ConfirmButton' is clicked on

25-09-2024T13:36:13 - [MESSAGE][PASSED] - Object: 'Object Repository/IWP30/Page_Confirmation/ConfirmButton' is clicked on

25-09-2024T13:36:13 - [TEST_STEP][PASSED] - Thread.sleep(5000): null

25-09-2024T13:36:18 - [TEST_STEP][PASSED] - println("I am on real estate page"): null

25-09-2024T13:36:18 - [TEST_STEP][PASSED] - if (verifyTextPresent("Make a Real Estate Payment", false)): null

25-09-2024T13:36:18 - [MESSAGE][PASSED] - Text 'Make a Real Estate Payment' is present on page 

25-09-2024T13:36:18 - [TEST_STEP][PASSED] - isRequiredTextPresent = true: null

25-09-2024T13:36:18 - [TEST_STEP][PASSED] - println(isRequiredTextPresent): null

25-09-2024T13:36:18 - [TEST_STEP][PASSED] - if (isRequiredTextPresent): null

25-09-2024T13:36:18 - [TEST_STEP][PASSED] - if (verifyTextPresent("This transaction is subject to a Convenience Fees of $2.00.", false)): null

25-09-2024T13:36:19 - [MESSAGE][PASSED] - Text 'This transaction is subject to a Convenience Fees of $2.00.' is present on page 

25-09-2024T13:36:19 - [TEST_STEP][PASSED] - isRequiredTextPresent = true: null

25-09-2024T13:36:19 - [TEST_STEP][PASSED] - println(isRequiredTextPresent): null

25-09-2024T13:36:19 - [TEST_STEP][PASSED] - if (isRequiredTextPresent): null

25-09-2024T13:36:19 - [TEST_STEP][PASSED] - if (verifyTextPresent("Payment Amount:  $10.50", false)): null

25-09-2024T13:36:19 - [MESSAGE][PASSED] - Text 'Payment Amount:  $10.50' is present on page 

25-09-2024T13:36:19 - [TEST_STEP][PASSED] - isRequiredTextPresent = true: null

25-09-2024T13:36:19 - [TEST_STEP][PASSED] - if (isRequiredTextPresent): null

25-09-2024T13:36:19 - [TEST_STEP][PASSED] - if (verifyTextPresent("Convenience Fees:  $2.00", false)): null

25-09-2024T13:36:19 - [MESSAGE][PASSED] - Text 'Convenience Fees:  $2.00' is present on page 

25-09-2024T13:36:19 - [TEST_STEP][PASSED] - isRequiredTextPresent = true: null

25-09-2024T13:36:19 - [TEST_STEP][PASSED] - if (isRequiredTextPresent): null

25-09-2024T13:36:19 - [TEST_STEP][PASSED] - if (verifyTextPresent("Total Amount:  $12.50", false)): null

25-09-2024T13:36:19 - [MESSAGE][PASSED] - Text 'Total Amount:  $12.50' is present on page 

25-09-2024T13:36:19 - [TEST_STEP][PASSED] - isRequiredTextPresent = true: null

25-09-2024T13:36:19 - [TEST_STEP][PASSED] - if (isRequiredTextPresent): null

25-09-2024T13:36:19 - [TEST_STEP][PASSED] - if (verifyTextPresent("Two transactions will appear on your bank statement, one in the amount of $10.50 and one in the amount of $2.00.", false)): null

25-09-2024T13:36:20 - [MESSAGE][PASSED] - Text 'Two transactions will appear on your bank statement, one in the amount of $10.50 and one in the amount of $2.00.' is present on page 

25-09-2024T13:36:20 - [TEST_STEP][PASSED] - isRequiredTextPresent = true: null

25-09-2024T13:36:20 - [TEST_STEP][PASSED] - Thread.sleep(10000): null

25-09-2024T13:36:30 - [TEST_STEP][PASSED] - click(findTestObject("Object Repository/IWP30/Page_ConvenienceFees/btn_convFeeNotifyAction")): Object: 'Object Repository/IWP30/Page_ConvenienceFees/btn_convFeeNotifyAction' is clicked on

25-09-2024T13:36:31 - [MESSAGE][PASSED] - Object: 'Object Repository/IWP30/Page_ConvenienceFees/btn_convFeeNotifyAction' is clicked on

25-09-2024T13:36:31 - [TEST_STEP][PASSED] - Thread.sleep(10000): null

25-09-2024T13:36:41 - [TEST_STEP][PASSED] - if (verifyTextPresent("Successful Payment Receipt", false)): null

25-09-2024T13:36:42 - [MESSAGE][PASSED] - Text 'Successful Payment Receipt' is present on page 

25-09-2024T13:36:42 - [TEST_STEP][PASSED] - println("Successful Payment Receipt text is present on the Receipt page"): null

25-09-2024T13:36:42 - [TEST_STEP][PASSED] - markPassed("Successful Payment Receipt text is present on the Receipt page"): Successful Payment Receipt text is present on the Receipt page

25-09-2024T13:36:42 - [MESSAGE][PASSED] - Successful Payment Receipt text is present on the Receipt page

25-09-2024T13:36:42 - [TEST_STEP][PASSED] - resText = "Pass": null

25-09-2024T13:36:42 - [TEST_STEP][PASSED] - pages.WriteExcel.demoKey(resText, datText, resColumn, datCloumn, fileLoc, nameSheet, row): pages.WriteExcel.demoKey is PASSED

25-09-2024T13:36:42 - [MESSAGE][PASSED] - pages.WriteExcel.demoKey is PASSED]]></system-out>
         <system-err><![CDATA[25-09-2024T13:33:13 - [TEST_CASE][FAILED] - Test Cases/IntegratedWeb/IWP25/Payments/PayNowCreditDCF: Test Cases/IntegratedWeb/IWP25/Payments/PayNowCreditDCF FAILED.
Reason:
com.kms.katalon.core.exception.StepFailedException: Text 'This transaction is subject to a Convenience Fees of $2.00.' is not present on page  (Root cause: com.kms.katalon.core.exception.StepFailedException: Text 'This transaction is subject to a Convenience Fees of $2.00.' is not present on page 
	at com.kms.katalon.core.webui.keyword.internal.WebUIKeywordMain.stepFailed(WebUIKeywordMain.groovy:64)
	at com.kms.katalon.core.webui.keyword.builtin.VerifyTextPresentKeyword$_verifyTextPresent_closure1.doCall(VerifyTextPresentKeyword.groovy:79)
	at com.kms.katalon.core.webui.keyword.builtin.VerifyTextPresentKeyword$_verifyTextPresent_closure1.call(VerifyTextPresentKeyword.groovy)
	at com.kms.katalon.core.webui.keyword.internal.WebUIKeywordMain.runKeyword(WebUIKeywordMain.groovy:20)
	at com.kms.katalon.core.webui.keyword.builtin.VerifyTextPresentKeyword.verifyTextPresent(VerifyTextPresentKeyword.groovy:83)
	at com.kms.katalon.core.webui.keyword.builtin.VerifyTextPresentKeyword.execute(VerifyTextPresentKeyword.groovy:68)
	at com.kms.katalon.core.keyword.internal.KeywordExecutor.executeKeywordForPlatform(KeywordExecutor.groovy:74)
	at com.kms.katalon.core.webui.keyword.WebUiBuiltInKeywords.verifyTextPresent(WebUiBuiltInKeywords.groovy:1762)
	at PayNowCreditDCF.run(PayNowCreditDCF:101)
	at com.kms.katalon.core.main.ScriptEngine.run(ScriptEngine.java:194)
	at com.kms.katalon.core.main.ScriptEngine.runScriptAsRawText(ScriptEngine.java:119)
	at com.kms.katalon.core.main.TestCaseExecutor.runScript(TestCaseExecutor.java:448)
	at com.kms.katalon.core.main.TestCaseExecutor.doExecute(TestCaseExecutor.java:439)
	at com.kms.katalon.core.main.TestCaseExecutor.processExecutionPhase(TestCaseExecutor.java:418)
	at com.kms.katalon.core.main.TestCaseExecutor.accessMainPhase(TestCaseExecutor.java:410)
	at com.kms.katalon.core.main.TestCaseExecutor.execute(TestCaseExecutor.java:285)
	at com.kms.katalon.core.common.CommonExecutor.accessTestCaseMainPhase(CommonExecutor.java:65)
	at com.kms.katalon.core.main.TestSuiteExecutor.accessTestSuiteMainPhase(TestSuiteExecutor.java:150)
	at com.kms.katalon.core.main.TestSuiteExecutor.execute(TestSuiteExecutor.java:106)
	at com.kms.katalon.core.main.TestCaseMain.startTestSuite(TestCaseMain.java:180)
	at TempTestSuite1727249381322.run(TempTestSuite1727249381322.groovy:35)
	at java.base/jdk.internal.reflect.NativeMethodAccessorImpl.invoke0(Native Method)
	at java.base/jdk.internal.reflect.NativeMethodAccessorImpl.invoke(NativeMethodAccessorImpl.java:77)
	at java.base/jdk.internal.reflect.DelegatingMethodAccessorImpl.invoke(DelegatingMethodAccessorImpl.java:43)
)
	at com.kms.katalon.core.keyword.internal.KeywordMain.stepFailed(KeywordMain.groovy:39)
	at com.kms.katalon.core.webui.keyword.internal.WebUIKeywordMain.stepFailed(WebUIKeywordMain.groovy:64)
	at com.kms.katalon.core.webui.keyword.builtin.VerifyTextPresentKeyword$_verifyTextPresent_closure1.doCall(VerifyTextPresentKeyword.groovy:79)
	at com.kms.katalon.core.webui.keyword.builtin.VerifyTextPresentKeyword$_verifyTextPresent_closure1.call(VerifyTextPresentKeyword.groovy)
	at com.kms.katalon.core.webui.keyword.internal.WebUIKeywordMain.runKeyword(WebUIKeywordMain.groovy:20)
	at com.kms.katalon.core.webui.keyword.builtin.VerifyTextPresentKeyword.verifyTextPresent(VerifyTextPresentKeyword.groovy:83)
	at com.kms.katalon.core.webui.keyword.builtin.VerifyTextPresentKeyword.execute(VerifyTextPresentKeyword.groovy:68)
	at com.kms.katalon.core.keyword.internal.KeywordExecutor.executeKeywordForPlatform(KeywordExecutor.groovy:74)
	at com.kms.katalon.core.webui.keyword.WebUiBuiltInKeywords.verifyTextPresent(WebUiBuiltInKeywords.groovy:1762)
	at PayNowCreditDCF.run(PayNowCreditDCF:101)
	at com.kms.katalon.core.main.ScriptEngine.run(ScriptEngine.java:194)
	at com.kms.katalon.core.main.ScriptEngine.runScriptAsRawText(ScriptEngine.java:119)
	at com.kms.katalon.core.main.TestCaseExecutor.runScript(TestCaseExecutor.java:448)
	at com.kms.katalon.core.main.TestCaseExecutor.doExecute(TestCaseExecutor.java:439)
	at com.kms.katalon.core.main.TestCaseExecutor.processExecutionPhase(TestCaseExecutor.java:418)
	at com.kms.katalon.core.main.TestCaseExecutor.accessMainPhase(TestCaseExecutor.java:410)
	at com.kms.katalon.core.main.TestCaseExecutor.execute(TestCaseExecutor.java:285)
	at com.kms.katalon.core.common.CommonExecutor.accessTestCaseMainPhase(CommonExecutor.java:65)
	at com.kms.katalon.core.main.TestSuiteExecutor.accessTestSuiteMainPhase(TestSuiteExecutor.java:150)
	at com.kms.katalon.core.main.TestSuiteExecutor.execute(TestSuiteExecutor.java:106)
	at com.kms.katalon.core.main.TestCaseMain.startTestSuite(TestCaseMain.java:180)
	at TempTestSuite1727249381322.run(TempTestSuite1727249381322.groovy:35)
	at java.base/jdk.internal.reflect.NativeMethodAccessorImpl.invoke0(Native Method)
	at java.base/jdk.internal.reflect.NativeMethodAccessorImpl.invoke(NativeMethodAccessorImpl.java:77)
	at java.base/jdk.internal.reflect.DelegatingMethodAccessorImpl.invoke(DelegatingMethodAccessorImpl.java:43)
Caused by: com.kms.katalon.core.exception.StepFailedException: Text 'This transaction is subject to a Convenience Fees of $2.00.' is not present on page 
	... 24 more]]></system-err>
      </testcase>
      <testcase name="Test Cases/IntegratedWeb/IWP25/Payments/PayNowCreditSCF" time="173.354" classname="Test Cases/IntegratedWeb/IWP25/Payments/PayNowCreditSCF" status="PASSED">
         <system-out><![CDATA[25-09-2024T13:36:42 - [TEST_CASE][PASSED] - Test Cases/IntegratedWeb/IWP25/Payments/PayNowCreditSCF: Test Cases/IntegratedWeb/IWP25/Payments/PayNowCreditSCF

25-09-2024T13:36:42 - [TEST_STEP][PASSED] - resText = "Fail": null

25-09-2024T13:36:42 - [TEST_STEP][PASSED] - resColumn = "Result": null

25-09-2024T13:36:42 - [TEST_STEP][PASSED] - datCloumn = "Date": null

25-09-2024T13:36:42 - [TEST_STEP][PASSED] - fileLoc = "KatalonData/IWPTestData/VRelay25Payments.xlsx": null

25-09-2024T13:36:42 - [TEST_STEP][PASSED] - numOfRows = <not implemented yet for class: org.codehaus.groovy.ast.expr.EmptyExpression>: null

25-09-2024T13:36:42 - [TEST_STEP][PASSED] - dataFile = <not implemented yet for class: org.codehaus.groovy.ast.expr.EmptyExpression>: null

25-09-2024T13:36:42 - [TEST_STEP][PASSED] - nameSheet = <not implemented yet for class: org.codehaus.groovy.ast.expr.EmptyExpression>: null

25-09-2024T13:36:42 - [TEST_STEP][PASSED] - dataFileEmulator = <not implemented yet for class: org.codehaus.groovy.ast.expr.EmptyExpression>: null

25-09-2024T13:36:42 - [TEST_STEP][PASSED] - isRequiredTextPresent = false: null

25-09-2024T13:36:42 - [TEST_STEP][PASSED] - nameSheet = "PayNowCreditSCF": null

25-09-2024T13:36:42 - [TEST_STEP][PASSED] - dataFile = "IWPTestData/PayNowCreditSCF": null

25-09-2024T13:36:42 - [TEST_STEP][PASSED] - dataFileEmulator = "IWPTestData/EmulatorData": null

25-09-2024T13:36:42 - [TEST_STEP][PASSED] - numOfRows = findTestData(dataFile).getRowNumbers(): null

25-09-2024T13:36:42 - [TEST_STEP][PASSED] - println("Number of Records: " + numOfRows): null

25-09-2024T13:36:42 - [TEST_STEP][PASSED] - for ([row = 1, row <= numOfRows, (row++)]): Browser is closed

25-09-2024T13:36:42 - [TEST_STEP][PASSED] - ExecuteTC = findTestData(dataFile).getValue("Execute", row): null

25-09-2024T13:36:42 - [TEST_STEP][PASSED] - out.println("Value of Execute is : " + ExecuteTC): null

25-09-2024T13:36:42 - [TEST_STEP][PASSED] - if (ExecuteTC.equalsIgnoreCase("Y")): null

25-09-2024T13:36:42 - [TEST_STEP][PASSED] - out.println("Begin Record Number: " + row): null

25-09-2024T13:36:42 - [TEST_STEP][PASSED] - today = new java.util.Date(): null

25-09-2024T13:36:42 - [TEST_STEP][PASSED] - println(today): null

25-09-2024T13:36:42 - [TEST_STEP][PASSED] - datText = today: null

25-09-2024T13:36:42 - [TEST_STEP][PASSED] - EmulatorDataKey = findTestData(dataFile).getValue("EmulatorData", row): null

25-09-2024T13:36:42 - [TEST_STEP][PASSED] - out.println("Value of Emulator Key is : " + EmulatorDataKey): null

25-09-2024T13:36:42 - [TEST_STEP][PASSED] - iwpPages.emulatorIWP30.setDataEmulator_DD(EmulatorDataKey): iwpPages.emulatorIWP30.setDataEmulator_DD is PASSED

25-09-2024T13:36:42 - [MESSAGE][WARNING] - A browser is already opened. Closing browser and opening a new one

25-09-2024T13:36:43 - [MESSAGE][INFO] - Starting 'Edge Chromium' driver

25-09-2024T13:36:43 - [MESSAGE][INFO] - User set preference: ['acceptInsecureCerts', 'true']

25-09-2024T13:36:45 - [MESSAGE][INFO] - Action delay is set to 0 milliseconds

25-09-2024T13:36:48 - [MESSAGE][PASSED] - Browser is opened with url: 'https://qa.velocitypayment.com/agency/config.do?action=editor&message_version=2_5'

25-09-2024T13:36:48 - [MESSAGE][PASSED] - Current window maximized

25-09-2024T13:36:49 - [MESSAGE][PASSED] - All options with value '2.5' are selected in object 'Object Repository/IWP30/Page_VRelay30Emulator/MV'  using regular expression

25-09-2024T13:36:49 - [MESSAGE][PASSED] - Text '10.50' is set on object 'Object Repository/IWP30/Page_VRelay30Emulator/Amount'

25-09-2024T13:36:50 - [MESSAGE][PASSED] - Text 'Ah9CMRtUFMT0' is set on object 'Object Repository/IWP30/Page_VRelay30Emulator/CAN'

25-09-2024T13:36:51 - [MESSAGE][PASSED] - Text 'PayNow' is set on object 'Object Repository/IWP30/Page_VRelay30Emulator/Action'

25-09-2024T13:36:51 - [MESSAGE][PASSED] - Text 'en_US' is set on object 'Object Repository/IWP30/Page_VRelay30Emulator/Lang'

25-09-2024T13:36:52 - [MESSAGE][PASSED] - Text 'Jasmine' is set on object 'Object Repository/IWP30/Page_VRelay30Emulator/Fname'

25-09-2024T13:36:53 - [MESSAGE][PASSED] - Text 'Patrinol' is set on object 'Object Repository/IWP30/Page_VRelay30Emulator/Lname'

25-09-2024T13:36:53 - [MESSAGE][PASSED] - Text '258 Underwood rd' is set on object 'Object Repository/IWP30/Page_VRelay30Emulator/AL1'

25-09-2024T13:36:54 - [MESSAGE][PASSED] - Text 'Suite 600' is set on object 'Object Repository/IWP30/Page_VRelay30Emulator/AL2'

25-09-2024T13:36:55 - [MESSAGE][PASSED] - Text '840' is set on object 'Object Repository/IWP30/Page_VRelay30Emulator/Country'

25-09-2024T13:36:55 - [MESSAGE][PASSED] - Text 'Arlington' is set on object 'Object Repository/IWP30/Page_VRelay30Emulator/City'

25-09-2024T13:36:56 - [MESSAGE][PASSED] - Text 'VA' is set on object 'Object Repository/IWP30/Page_VRelay30Emulator/State'

25-09-2024T13:36:56 - [MESSAGE][PASSED] - Text '22201' is set on object 'Object Repository/IWP30/Page_VRelay30Emulator/ZIP'

25-09-2024T13:36:57 - [MESSAGE][PASSED] - Text '' is set on object 'Object Repository/IWP30/Page_VRelay30Emulator/Order'

25-09-2024T13:36:58 - [MESSAGE][PASSED] - Text 'Some Company' is set on object 'Object Repository/IWP30/Page_VRelay30Emulator/Company'

25-09-2024T13:36:58 - [MESSAGE][PASSED] - Text 'iahmed@govolution.com' is set on object 'Object Repository/IWP30/Page_VRelay30Emulator/Email'

25-09-2024T13:36:59 - [MESSAGE][PASSED] - Text 'udf data 1' is set on object 'Object Repository/IWP30/Page_VRelay30Emulator/UDF1'

25-09-2024T13:36:59 - [MESSAGE][PASSED] - Text 'udf data 2' is set on object 'Object Repository/IWP30/Page_VRelay30Emulator/UDF2'

25-09-2024T13:37:00 - [MESSAGE][PASSED] - Text 'udf data 3' is set on object 'Object Repository/IWP30/Page_VRelay30Emulator/UDF3'

25-09-2024T13:37:01 - [MESSAGE][PASSED] - Text 'udf data 4' is set on object 'Object Repository/IWP30/Page_VRelay30Emulator/UDF4'

25-09-2024T13:37:01 - [MESSAGE][PASSED] - Text 'udf data 5' is set on object 'Object Repository/IWP30/Page_VRelay30Emulator/UDF5'

25-09-2024T13:37:02 - [MESSAGE][PASSED] - Text 'udf data 6' is set on object 'Object Repository/IWP30/Page_VRelay30Emulator/UDF6'

25-09-2024T13:37:02 - [MESSAGE][PASSED] - Text 'Orange' is set on object 'Object Repository/IWP30/Page_VRelay30Emulator/UDF7'

25-09-2024T13:37:03 - [MESSAGE][PASSED] - Text 'Soccer' is set on object 'Object Repository/IWP30/Page_VRelay30Emulator/UDF8'

25-09-2024T13:37:04 - [MESSAGE][PASSED] - Text 'udf data 9' is set on object 'Object Repository/IWP30/Page_VRelay30Emulator/UDF9'

25-09-2024T13:37:04 - [MESSAGE][PASSED] - Text 'udf data 10' is set on object 'Object Repository/IWP30/Page_VRelay30Emulator/UDF10'

25-09-2024T13:37:05 - [MESSAGE][PASSED] - Object: 'Object Repository/IWP30/Page_VRelay30Emulator/Submit' is clicked on

25-09-2024T13:37:10 - [MESSAGE][PASSED] - Browser is closed

25-09-2024T13:37:14 - [MESSAGE][PASSED] - iwpPages.emulatorIWP30.setDataEmulator_DD is PASSED

25-09-2024T13:37:14 - [TEST_STEP][PASSED] - testHarnessURL = urlTestHarness: null

25-09-2024T13:37:14 - [TEST_STEP][PASSED] - openBrowser(testHarnessURL): Browser is opened with url: 'https://dev-algorithm.govolution.com/vrelaytest/QA/version_2_2/vrelaytest.html'

25-09-2024T13:37:14 - [MESSAGE][INFO] - Starting 'Edge Chromium' driver

25-09-2024T13:37:14 - [MESSAGE][INFO] - User set preference: ['acceptInsecureCerts', 'true']

25-09-2024T13:37:16 - [MESSAGE][INFO] - Action delay is set to 0 milliseconds

25-09-2024T13:37:19 - [MESSAGE][PASSED] - Browser is opened with url: 'https://dev-algorithm.govolution.com/vrelaytest/QA/version_2_2/vrelaytest.html'

25-09-2024T13:37:19 - [TEST_STEP][PASSED] - maximizeWindow(): Current window maximized

25-09-2024T13:37:20 - [MESSAGE][PASSED] - Current window maximized

25-09-2024T13:37:20 - [TEST_STEP][PASSED] - iwpPages.TestHarnessPage.setDataMethod(row, dataFile): iwpPages.TestHarnessPage.setDataMethod is PASSED

25-09-2024T13:37:20 - [MESSAGE][PASSED] - Object 'Object Repository/IWP30/Page_QATestHarness/RemittanceID' is present

25-09-2024T13:37:21 - [MESSAGE][PASSED] - Text '639' is set on object 'Object Repository/IWP30/Page_QATestHarness/ApplicationID'

25-09-2024T13:37:21 - [MESSAGE][PASSED] - Text '2.5' is set on object 'Object Repository/IWP30/Page_QATestHarness/MessageVersion'

25-09-2024T13:37:22 - [MESSAGE][PASSED] - Text 'kZofHt0GflVs' is set on object 'Object Repository/IWP30/Page_QATestHarness/RemittanceID'

25-09-2024T13:37:25 - [MESSAGE][PASSED] - Object: 'Object Repository/IWP30/Page_QATestHarness/SubmitButton' is clicked on

25-09-2024T13:37:25 - [MESSAGE][PASSED] - iwpPages.TestHarnessPage.setDataMethod is PASSED

25-09-2024T13:37:25 - [TEST_STEP][PASSED] - click(findTestObject("Object Repository/IWP30/Page_SelectPaymentMethod/PayByCreditCard")): Object: 'Object Repository/IWP30/Page_SelectPaymentMethod/PayByCreditCard' is clicked on

25-09-2024T13:37:26 - [MESSAGE][PASSED] - Object: 'Object Repository/IWP30/Page_SelectPaymentMethod/PayByCreditCard' is clicked on

25-09-2024T13:37:26 - [TEST_STEP][PASSED] - click(findTestObject("Object Repository/IWP30/Page_SelectPaymentMethod/MakePaymentButton")): Object: 'Object Repository/IWP30/Page_SelectPaymentMethod/MakePaymentButton' is clicked on

25-09-2024T13:37:28 - [MESSAGE][PASSED] - Object: 'Object Repository/IWP30/Page_SelectPaymentMethod/MakePaymentButton' is clicked on

25-09-2024T13:37:28 - [TEST_STEP][PASSED] - iwpPages.ccPaymentEntryPage.setDataCCPM(row, dataFile): iwpPages.ccPaymentEntryPage.setDataCCPM is PASSED

25-09-2024T13:37:29 - [MESSAGE][PASSED] - Object 'Object Repository/IWP30/Page_CCPaymentEntry/Name' is present

25-09-2024T13:37:29 - [MESSAGE][PASSED] - All options with label 'Soccer' are selected in object 'Object Repository/IWP30/Page_CCPaymentEntry/UserDefined8' 

25-09-2024T13:37:29 - [MESSAGE][PASSED] - Object 'Object Repository/IWP30/Page_CCPaymentEntry/Name' is present

25-09-2024T13:37:30 - [MESSAGE][PASSED] - Object 'Object Repository/IWP30/Page_CCPaymentEntry/CardNumber' is present

25-09-2024T13:37:30 - [MESSAGE][PASSED] - Text '5146312200000035' is set on object 'Object Repository/IWP30/Page_CCPaymentEntry/CardNumber'

25-09-2024T13:37:31 - [MESSAGE][PASSED] - Text '123' is set on object 'Object Repository/IWP30/Page_CCPaymentEntry/SPC'

25-09-2024T13:37:31 - [MESSAGE][PASSED] - Object 'Object Repository/IWP30/Page_CCPaymentEntry/Month' is present

25-09-2024T13:37:32 - [MESSAGE][PASSED] - All options with label '09' are selected in object 'Object Repository/IWP30/Page_CCPaymentEntry/Month' 

25-09-2024T13:37:32 - [MESSAGE][PASSED] - Object 'Object Repository/IWP30/Page_CCPaymentEntry/Year' is present

25-09-2024T13:37:33 - [MESSAGE][PASSED] - All options with label '2028' are selected in object 'Object Repository/IWP30/Page_CCPaymentEntry/Year' 

25-09-2024T13:37:33 - [MESSAGE][PASSED] - Object 'Object Repository/IWP30/Page_CCPaymentEntry/EmailAddress' is present

25-09-2024T13:37:33 - [MESSAGE][PASSED] - Object 'Object Repository/IWP30/Page_CCPaymentEntry/TermCondCheckBox' is present

25-09-2024T13:37:34 - [MESSAGE][PASSED] - Object 'Object Repository/IWP30/Page_CCPaymentEntry/TermCondCheckBox' is checked

25-09-2024T13:37:34 - [MESSAGE][PASSED] - Object 'Object Repository/IWP30/Page_CCPaymentEntry/ContinueButton' is present

25-09-2024T13:37:36 - [MESSAGE][PASSED] - Object: 'Object Repository/IWP30/Page_CCPaymentEntry/ContinueButton' is clicked on

25-09-2024T13:37:36 - [MESSAGE][PASSED] - iwpPages.ccPaymentEntryPage.setDataCCPM is PASSED

25-09-2024T13:37:36 - [TEST_STEP][PASSED] - click(findTestObject("Object Repository/IWP30/Page_Confirmation/ConfirmButton")): Object: 'Object Repository/IWP30/Page_Confirmation/ConfirmButton' is clicked on

25-09-2024T13:37:37 - [MESSAGE][PASSED] - Object: 'Object Repository/IWP30/Page_Confirmation/ConfirmButton' is clicked on

25-09-2024T13:37:37 - [TEST_STEP][PASSED] - Thread.sleep(5000): null

25-09-2024T13:37:42 - [TEST_STEP][PASSED] - if (verifyTextPresent("Make a Real Estate Payment", false)): null

25-09-2024T13:37:43 - [MESSAGE][PASSED] - Text 'Make a Real Estate Payment' is present on page 

25-09-2024T13:37:43 - [TEST_STEP][PASSED] - isRequiredTextPresent = true: null

25-09-2024T13:37:43 - [TEST_STEP][PASSED] - println(isRequiredTextPresent): null

25-09-2024T13:37:43 - [TEST_STEP][PASSED] - if (isRequiredTextPresent): null

25-09-2024T13:37:43 - [TEST_STEP][PASSED] - if (verifyTextPresent("This transaction is subject to a Convenience Fees of $2.00.", false)): null

25-09-2024T13:37:43 - [MESSAGE][PASSED] - Text 'This transaction is subject to a Convenience Fees of $2.00.' is present on page 

25-09-2024T13:37:43 - [TEST_STEP][PASSED] - isRequiredTextPresent = true: null

25-09-2024T13:37:43 - [TEST_STEP][PASSED] - println(isRequiredTextPresent): null

25-09-2024T13:37:43 - [TEST_STEP][PASSED] - if (isRequiredTextPresent): null

25-09-2024T13:37:43 - [TEST_STEP][PASSED] - if (verifyTextPresent("Payment Amount:  $10.50", false)): null

25-09-2024T13:37:43 - [MESSAGE][PASSED] - Text 'Payment Amount:  $10.50' is present on page 

25-09-2024T13:37:43 - [TEST_STEP][PASSED] - isRequiredTextPresent = true: null

25-09-2024T13:37:43 - [TEST_STEP][PASSED] - if (isRequiredTextPresent): null

25-09-2024T13:37:43 - [TEST_STEP][PASSED] - if (verifyTextPresent("Convenience Fees:  $2.00", false)): null

25-09-2024T13:37:43 - [MESSAGE][PASSED] - Text 'Convenience Fees:  $2.00' is present on page 

25-09-2024T13:37:43 - [TEST_STEP][PASSED] - isRequiredTextPresent = true: null

25-09-2024T13:37:43 - [TEST_STEP][PASSED] - if (isRequiredTextPresent): null

25-09-2024T13:37:43 - [TEST_STEP][PASSED] - if (verifyTextPresent("Total Amount:  $12.50", false)): null

25-09-2024T13:37:44 - [MESSAGE][PASSED] - Text 'Total Amount:  $12.50' is present on page 

25-09-2024T13:37:44 - [TEST_STEP][PASSED] - isRequiredTextPresent = true: null

25-09-2024T13:37:44 - [TEST_STEP][PASSED] - if (isRequiredTextPresent): null

25-09-2024T13:37:44 - [TEST_STEP][PASSED] - if (verifyTextPresent("One transaction in the amount of $12.50 will appear on your bank statement.", false)): null

25-09-2024T13:37:44 - [MESSAGE][PASSED] - Text 'One transaction in the amount of $12.50 will appear on your bank statement.' is present on page 

25-09-2024T13:37:44 - [TEST_STEP][PASSED] - isRequiredTextPresent = true: null

25-09-2024T13:37:44 - [TEST_STEP][PASSED] - Thread.sleep(10000): null

25-09-2024T13:37:54 - [TEST_STEP][PASSED] - click(findTestObject("Object Repository/IWP30/Page_ConvenienceFees/btn_convFeeNotifyAction")): Object: 'Object Repository/IWP30/Page_ConvenienceFees/btn_convFeeNotifyAction' is clicked on

25-09-2024T13:37:56 - [MESSAGE][PASSED] - Object: 'Object Repository/IWP30/Page_ConvenienceFees/btn_convFeeNotifyAction' is clicked on

25-09-2024T13:37:56 - [TEST_STEP][PASSED] - Thread.sleep(10000): null

25-09-2024T13:38:06 - [TEST_STEP][PASSED] - if (verifyTextPresent("Successful Payment Receipt", false)): null

25-09-2024T13:38:06 - [MESSAGE][PASSED] - Text 'Successful Payment Receipt' is present on page 

25-09-2024T13:38:06 - [TEST_STEP][PASSED] - println("Successful Payment Receipt text is present on the Receipt page"): null

25-09-2024T13:38:06 - [TEST_STEP][PASSED] - markPassed("Successful Payment Receipt text is present on the Receipt page"): Successful Payment Receipt text is present on the Receipt page

25-09-2024T13:38:06 - [MESSAGE][PASSED] - Successful Payment Receipt text is present on the Receipt page

25-09-2024T13:38:06 - [TEST_STEP][PASSED] - resText = "Pass": null

25-09-2024T13:38:06 - [TEST_STEP][PASSED] - pages.WriteExcel.demoKey(resText, datText, resColumn, datCloumn, fileLoc, nameSheet, row): pages.WriteExcel.demoKey is PASSED

25-09-2024T13:38:06 - [MESSAGE][PASSED] - pages.WriteExcel.demoKey is PASSED

25-09-2024T13:38:06 - [TEST_STEP][PASSED] - closeBrowser(): Browser is closed

25-09-2024T13:38:07 - [MESSAGE][PASSED] - Browser is closed

25-09-2024T13:38:07 - [TEST_STEP][PASSED] - ExecuteTC = findTestData(dataFile).getValue("Execute", row): null

25-09-2024T13:38:07 - [TEST_STEP][PASSED] - out.println("Value of Execute is : " + ExecuteTC): null

25-09-2024T13:38:07 - [TEST_STEP][PASSED] - if (ExecuteTC.equalsIgnoreCase("Y")): null

25-09-2024T13:38:07 - [TEST_STEP][PASSED] - out.println("Begin Record Number: " + row): null

25-09-2024T13:38:07 - [TEST_STEP][PASSED] - today = new java.util.Date(): null

25-09-2024T13:38:07 - [TEST_STEP][PASSED] - println(today): null

25-09-2024T13:38:07 - [TEST_STEP][PASSED] - datText = today: null

25-09-2024T13:38:07 - [TEST_STEP][PASSED] - EmulatorDataKey = findTestData(dataFile).getValue("EmulatorData", row): null

25-09-2024T13:38:07 - [TEST_STEP][PASSED] - out.println("Value of Emulator Key is : " + EmulatorDataKey): null

25-09-2024T13:38:07 - [TEST_STEP][PASSED] - iwpPages.emulatorIWP30.setDataEmulator_DD(EmulatorDataKey): iwpPages.emulatorIWP30.setDataEmulator_DD is PASSED

25-09-2024T13:38:07 - [MESSAGE][INFO] - Starting 'Edge Chromium' driver

25-09-2024T13:38:07 - [MESSAGE][INFO] - User set preference: ['acceptInsecureCerts', 'true']

25-09-2024T13:38:09 - [MESSAGE][INFO] - Action delay is set to 0 milliseconds

25-09-2024T13:38:12 - [MESSAGE][PASSED] - Browser is opened with url: 'https://qa.velocitypayment.com/agency/config.do?action=editor&message_version=2_5'

25-09-2024T13:38:12 - [MESSAGE][PASSED] - Current window maximized

25-09-2024T13:38:13 - [MESSAGE][PASSED] - All options with value '2.5' are selected in object 'Object Repository/IWP30/Page_VRelay30Emulator/MV'  using regular expression

25-09-2024T13:38:14 - [MESSAGE][PASSED] - Text '10.50' is set on object 'Object Repository/IWP30/Page_VRelay30Emulator/Amount'

25-09-2024T13:38:15 - [MESSAGE][PASSED] - Text 'EqQaH3EK0imO' is set on object 'Object Repository/IWP30/Page_VRelay30Emulator/CAN'

25-09-2024T13:38:15 - [MESSAGE][PASSED] - Text 'PayNow' is set on object 'Object Repository/IWP30/Page_VRelay30Emulator/Action'

25-09-2024T13:38:16 - [MESSAGE][PASSED] - Text 'en_US' is set on object 'Object Repository/IWP30/Page_VRelay30Emulator/Lang'

25-09-2024T13:38:17 - [MESSAGE][PASSED] - Text '' is set on object 'Object Repository/IWP30/Page_VRelay30Emulator/Fname'

25-09-2024T13:38:17 - [MESSAGE][PASSED] - Text '' is set on object 'Object Repository/IWP30/Page_VRelay30Emulator/Lname'

25-09-2024T13:38:18 - [MESSAGE][PASSED] - Text '' is set on object 'Object Repository/IWP30/Page_VRelay30Emulator/AL1'

25-09-2024T13:38:18 - [MESSAGE][PASSED] - Text '' is set on object 'Object Repository/IWP30/Page_VRelay30Emulator/AL2'

25-09-2024T13:38:19 - [MESSAGE][PASSED] - Text '' is set on object 'Object Repository/IWP30/Page_VRelay30Emulator/Country'

25-09-2024T13:38:20 - [MESSAGE][PASSED] - Text '' is set on object 'Object Repository/IWP30/Page_VRelay30Emulator/City'

25-09-2024T13:38:20 - [MESSAGE][PASSED] - Text '' is set on object 'Object Repository/IWP30/Page_VRelay30Emulator/State'

25-09-2024T13:38:21 - [MESSAGE][PASSED] - Text '' is set on object 'Object Repository/IWP30/Page_VRelay30Emulator/ZIP'

25-09-2024T13:38:21 - [MESSAGE][PASSED] - Text '' is set on object 'Object Repository/IWP30/Page_VRelay30Emulator/Order'

25-09-2024T13:38:22 - [MESSAGE][PASSED] - Text '' is set on object 'Object Repository/IWP30/Page_VRelay30Emulator/Company'

25-09-2024T13:38:22 - [MESSAGE][PASSED] - Text '' is set on object 'Object Repository/IWP30/Page_VRelay30Emulator/Email'

25-09-2024T13:38:23 - [MESSAGE][PASSED] - Text '' is set on object 'Object Repository/IWP30/Page_VRelay30Emulator/UDF1'

25-09-2024T13:38:24 - [MESSAGE][PASSED] - Text '' is set on object 'Object Repository/IWP30/Page_VRelay30Emulator/UDF2'

25-09-2024T13:38:24 - [MESSAGE][PASSED] - Text '' is set on object 'Object Repository/IWP30/Page_VRelay30Emulator/UDF3'

25-09-2024T13:38:25 - [MESSAGE][PASSED] - Text 'udf data 4' is set on object 'Object Repository/IWP30/Page_VRelay30Emulator/UDF4'

25-09-2024T13:38:25 - [MESSAGE][PASSED] - Text 'udf data 5' is set on object 'Object Repository/IWP30/Page_VRelay30Emulator/UDF5'

25-09-2024T13:38:26 - [MESSAGE][PASSED] - Text '' is set on object 'Object Repository/IWP30/Page_VRelay30Emulator/UDF6'

25-09-2024T13:38:26 - [MESSAGE][PASSED] - Text '' is set on object 'Object Repository/IWP30/Page_VRelay30Emulator/UDF7'

25-09-2024T13:38:27 - [MESSAGE][PASSED] - Text '' is set on object 'Object Repository/IWP30/Page_VRelay30Emulator/UDF8'

25-09-2024T13:38:28 - [MESSAGE][PASSED] - Text 'udf data 9' is set on object 'Object Repository/IWP30/Page_VRelay30Emulator/UDF9'

25-09-2024T13:38:28 - [MESSAGE][PASSED] - Text 'udf data 10' is set on object 'Object Repository/IWP30/Page_VRelay30Emulator/UDF10'

25-09-2024T13:38:29 - [MESSAGE][PASSED] - Object: 'Object Repository/IWP30/Page_VRelay30Emulator/Submit' is clicked on

25-09-2024T13:38:34 - [MESSAGE][PASSED] - Browser is closed

25-09-2024T13:38:38 - [MESSAGE][PASSED] - iwpPages.emulatorIWP30.setDataEmulator_DD is PASSED

25-09-2024T13:38:38 - [TEST_STEP][PASSED] - testHarnessURL = urlTestHarness: null

25-09-2024T13:38:38 - [TEST_STEP][PASSED] - openBrowser(testHarnessURL): Browser is opened with url: 'https://dev-algorithm.govolution.com/vrelaytest/QA/version_2_2/vrelaytest.html'

25-09-2024T13:38:38 - [MESSAGE][INFO] - Starting 'Edge Chromium' driver

25-09-2024T13:38:38 - [MESSAGE][INFO] - User set preference: ['acceptInsecureCerts', 'true']

25-09-2024T13:38:40 - [MESSAGE][INFO] - Action delay is set to 0 milliseconds

25-09-2024T13:38:43 - [MESSAGE][PASSED] - Browser is opened with url: 'https://dev-algorithm.govolution.com/vrelaytest/QA/version_2_2/vrelaytest.html'

25-09-2024T13:38:43 - [TEST_STEP][PASSED] - maximizeWindow(): Current window maximized

25-09-2024T13:38:44 - [MESSAGE][PASSED] - Current window maximized

25-09-2024T13:38:44 - [TEST_STEP][PASSED] - iwpPages.TestHarnessPage.setDataMethod(row, dataFile): iwpPages.TestHarnessPage.setDataMethod is PASSED

25-09-2024T13:38:44 - [MESSAGE][PASSED] - Object 'Object Repository/IWP30/Page_QATestHarness/RemittanceID' is present

25-09-2024T13:38:45 - [MESSAGE][PASSED] - Text '639' is set on object 'Object Repository/IWP30/Page_QATestHarness/ApplicationID'

25-09-2024T13:38:45 - [MESSAGE][PASSED] - Text '2.5' is set on object 'Object Repository/IWP30/Page_QATestHarness/MessageVersion'

25-09-2024T13:38:46 - [MESSAGE][PASSED] - Text '0n7JzUMbRWs2' is set on object 'Object Repository/IWP30/Page_QATestHarness/RemittanceID'

25-09-2024T13:38:49 - [MESSAGE][PASSED] - Object: 'Object Repository/IWP30/Page_QATestHarness/SubmitButton' is clicked on

25-09-2024T13:38:49 - [MESSAGE][PASSED] - iwpPages.TestHarnessPage.setDataMethod is PASSED

25-09-2024T13:38:49 - [TEST_STEP][PASSED] - click(findTestObject("Object Repository/IWP30/Page_SelectPaymentMethod/PayByCreditCard")): Object: 'Object Repository/IWP30/Page_SelectPaymentMethod/PayByCreditCard' is clicked on

25-09-2024T13:38:49 - [MESSAGE][PASSED] - Object: 'Object Repository/IWP30/Page_SelectPaymentMethod/PayByCreditCard' is clicked on

25-09-2024T13:38:49 - [TEST_STEP][PASSED] - click(findTestObject("Object Repository/IWP30/Page_SelectPaymentMethod/MakePaymentButton")): Object: 'Object Repository/IWP30/Page_SelectPaymentMethod/MakePaymentButton' is clicked on

25-09-2024T13:38:51 - [MESSAGE][PASSED] - Object: 'Object Repository/IWP30/Page_SelectPaymentMethod/MakePaymentButton' is clicked on

25-09-2024T13:38:51 - [TEST_STEP][PASSED] - iwpPages.ccPaymentEntryPage.setDataCCPM(row, dataFile): iwpPages.ccPaymentEntryPage.setDataCCPM is PASSED

25-09-2024T13:38:52 - [MESSAGE][PASSED] - Object 'Object Repository/IWP30/Page_CCPaymentEntry/Name' is present

25-09-2024T13:38:52 - [MESSAGE][PASSED] - Text '10.50' is set on object 'Object Repository/IWP30/Page_CCPaymentEntry/Amount'

25-09-2024T13:38:53 - [MESSAGE][PASSED] - Text 'udf data 2' is set on object 'Object Repository/IWP30/Page_CCPaymentEntry/UserDefined2'

25-09-2024T13:38:54 - [MESSAGE][PASSED] - Text 'udf data 3' is set on object 'Object Repository/IWP30/Page_CCPaymentEntry/UserDefined3'

25-09-2024T13:38:54 - [MESSAGE][PASSED] - All options with label 'Orange' are selected in object 'Object Repository/IWP30/Page_CCPaymentEntry/UserDefined7' 

25-09-2024T13:38:55 - [MESSAGE][PASSED] - All options with label 'Soccer' are selected in object 'Object Repository/IWP30/Page_CCPaymentEntry/UserDefined8' 

25-09-2024T13:38:55 - [MESSAGE][PASSED] - Object 'Object Repository/IWP30/Page_CCPaymentEntry/Name' is present

25-09-2024T13:38:56 - [MESSAGE][PASSED] - Text 'Kavita Ranawati' is set on object 'Object Repository/IWP30/Page_CCPaymentEntry/Name'

25-09-2024T13:38:56 - [MESSAGE][PASSED] - Object 'Object Repository/IWP30/Page_CCPaymentEntry/CardNumber' is present

25-09-2024T13:38:56 - [MESSAGE][PASSED] - Text '4111111111111111' is set on object 'Object Repository/IWP30/Page_CCPaymentEntry/CardNumber'

25-09-2024T13:38:57 - [MESSAGE][PASSED] - Text '123' is set on object 'Object Repository/IWP30/Page_CCPaymentEntry/SPC'

25-09-2024T13:38:58 - [MESSAGE][PASSED] - Object 'Object Repository/IWP30/Page_CCPaymentEntry/Month' is present

25-09-2024T13:38:58 - [MESSAGE][PASSED] - All options with label '09' are selected in object 'Object Repository/IWP30/Page_CCPaymentEntry/Month' 

25-09-2024T13:38:59 - [MESSAGE][PASSED] - Object 'Object Repository/IWP30/Page_CCPaymentEntry/Year' is present

25-09-2024T13:38:59 - [MESSAGE][PASSED] - All options with label '2028' are selected in object 'Object Repository/IWP30/Page_CCPaymentEntry/Year' 

25-09-2024T13:39:00 - [MESSAGE][PASSED] - Text '365 Main Avenue' is set on object 'Object Repository/IWP30/Page_CCPaymentEntry/AL1'

25-09-2024T13:39:01 - [MESSAGE][PASSED] - Text '22201' is set on object 'Object Repository/IWP30/Page_CCPaymentEntry/ZIP'

25-09-2024T13:39:01 - [MESSAGE][PASSED] - Object 'Object Repository/IWP30/Page_CCPaymentEntry/EmailAddress' is present

25-09-2024T13:39:02 - [MESSAGE][PASSED] - Text 'iahmed@govolution.com' is set on object 'Object Repository/IWP30/Page_CCPaymentEntry/EmailAddress'

25-09-2024T13:39:03 - [MESSAGE][PASSED] - Object 'Object Repository/IWP30/Page_CCPaymentEntry/TermCondCheckBox' is present

25-09-2024T13:39:03 - [MESSAGE][PASSED] - Object 'Object Repository/IWP30/Page_CCPaymentEntry/TermCondCheckBox' is checked

25-09-2024T13:39:03 - [MESSAGE][PASSED] - Object 'Object Repository/IWP30/Page_CCPaymentEntry/ContinueButton' is present

25-09-2024T13:39:04 - [MESSAGE][PASSED] - Object: 'Object Repository/IWP30/Page_CCPaymentEntry/ContinueButton' is clicked on

25-09-2024T13:39:04 - [MESSAGE][PASSED] - iwpPages.ccPaymentEntryPage.setDataCCPM is PASSED

25-09-2024T13:39:04 - [TEST_STEP][PASSED] - click(findTestObject("Object Repository/IWP30/Page_Confirmation/ConfirmButton")): Object: 'Object Repository/IWP30/Page_Confirmation/ConfirmButton' is clicked on

25-09-2024T13:39:06 - [MESSAGE][PASSED] - Object: 'Object Repository/IWP30/Page_Confirmation/ConfirmButton' is clicked on

25-09-2024T13:39:06 - [TEST_STEP][PASSED] - Thread.sleep(5000): null

25-09-2024T13:39:11 - [TEST_STEP][PASSED] - if (verifyTextPresent("Make a Real Estate Payment", false)): null

25-09-2024T13:39:11 - [MESSAGE][PASSED] - Text 'Make a Real Estate Payment' is present on page 

25-09-2024T13:39:11 - [TEST_STEP][PASSED] - isRequiredTextPresent = true: null

25-09-2024T13:39:11 - [TEST_STEP][PASSED] - println(isRequiredTextPresent): null

25-09-2024T13:39:11 - [TEST_STEP][PASSED] - if (isRequiredTextPresent): null

25-09-2024T13:39:11 - [TEST_STEP][PASSED] - if (verifyTextPresent("This transaction is subject to a Convenience Fees of $2.00.", false)): null

25-09-2024T13:39:11 - [MESSAGE][PASSED] - Text 'This transaction is subject to a Convenience Fees of $2.00.' is present on page 

25-09-2024T13:39:11 - [TEST_STEP][PASSED] - isRequiredTextPresent = true: null

25-09-2024T13:39:11 - [TEST_STEP][PASSED] - println(isRequiredTextPresent): null

25-09-2024T13:39:11 - [TEST_STEP][PASSED] - if (isRequiredTextPresent): null

25-09-2024T13:39:11 - [TEST_STEP][PASSED] - if (verifyTextPresent("Payment Amount:  $10.50", false)): null

25-09-2024T13:39:12 - [MESSAGE][PASSED] - Text 'Payment Amount:  $10.50' is present on page 

25-09-2024T13:39:12 - [TEST_STEP][PASSED] - isRequiredTextPresent = true: null

25-09-2024T13:39:12 - [TEST_STEP][PASSED] - if (isRequiredTextPresent): null

25-09-2024T13:39:12 - [TEST_STEP][PASSED] - if (verifyTextPresent("Convenience Fees:  $2.00", false)): null

25-09-2024T13:39:12 - [MESSAGE][PASSED] - Text 'Convenience Fees:  $2.00' is present on page 

25-09-2024T13:39:12 - [TEST_STEP][PASSED] - isRequiredTextPresent = true: null

25-09-2024T13:39:12 - [TEST_STEP][PASSED] - if (isRequiredTextPresent): null

25-09-2024T13:39:12 - [TEST_STEP][PASSED] - if (verifyTextPresent("Total Amount:  $12.50", false)): null

25-09-2024T13:39:12 - [MESSAGE][PASSED] - Text 'Total Amount:  $12.50' is present on page 

25-09-2024T13:39:12 - [TEST_STEP][PASSED] - isRequiredTextPresent = true: null

25-09-2024T13:39:12 - [TEST_STEP][PASSED] - if (isRequiredTextPresent): null

25-09-2024T13:39:12 - [TEST_STEP][PASSED] - if (verifyTextPresent("One transaction in the amount of $12.50 will appear on your bank statement.", false)): null

25-09-2024T13:39:13 - [MESSAGE][PASSED] - Text 'One transaction in the amount of $12.50 will appear on your bank statement.' is present on page 

25-09-2024T13:39:13 - [TEST_STEP][PASSED] - isRequiredTextPresent = true: null

25-09-2024T13:39:13 - [TEST_STEP][PASSED] - Thread.sleep(10000): null

25-09-2024T13:39:23 - [TEST_STEP][PASSED] - click(findTestObject("Object Repository/IWP30/Page_ConvenienceFees/btn_convFeeNotifyAction")): Object: 'Object Repository/IWP30/Page_ConvenienceFees/btn_convFeeNotifyAction' is clicked on

25-09-2024T13:39:24 - [MESSAGE][PASSED] - Object: 'Object Repository/IWP30/Page_ConvenienceFees/btn_convFeeNotifyAction' is clicked on

25-09-2024T13:39:24 - [TEST_STEP][PASSED] - Thread.sleep(10000): null

25-09-2024T13:39:34 - [TEST_STEP][PASSED] - if (verifyTextPresent("Successful Payment Receipt", false)): null

25-09-2024T13:39:34 - [MESSAGE][PASSED] - Text 'Successful Payment Receipt' is present on page 

25-09-2024T13:39:34 - [TEST_STEP][PASSED] - println("Successful Payment Receipt text is present on the Receipt page"): null

25-09-2024T13:39:34 - [TEST_STEP][PASSED] - markPassed("Successful Payment Receipt text is present on the Receipt page"): Successful Payment Receipt text is present on the Receipt page

25-09-2024T13:39:34 - [MESSAGE][PASSED] - Successful Payment Receipt text is present on the Receipt page

25-09-2024T13:39:34 - [TEST_STEP][PASSED] - resText = "Pass": null

25-09-2024T13:39:34 - [TEST_STEP][PASSED] - pages.WriteExcel.demoKey(resText, datText, resColumn, datCloumn, fileLoc, nameSheet, row): pages.WriteExcel.demoKey is PASSED

25-09-2024T13:39:35 - [MESSAGE][PASSED] - pages.WriteExcel.demoKey is PASSED

25-09-2024T13:39:35 - [TEST_STEP][PASSED] - closeBrowser(): Browser is closed

25-09-2024T13:39:35 - [MESSAGE][PASSED] - Browser is closed]]></system-out>
         <system-err><![CDATA[]]></system-err>
      </testcase>
      <testcase name="Test Cases/IntegratedWeb/IWP25/Payments/PayNowPersonalCheckDCF" time="176.971" classname="Test Cases/IntegratedWeb/IWP25/Payments/PayNowPersonalCheckDCF" status="PASSED">
         <system-out><![CDATA[25-09-2024T13:39:35 - [TEST_CASE][PASSED] - Test Cases/IntegratedWeb/IWP25/Payments/PayNowPersonalCheckDCF: Test Cases/IntegratedWeb/IWP25/Payments/PayNowPersonalCheckDCF

25-09-2024T13:39:35 - [TEST_STEP][PASSED] - resText = "Fail": null

25-09-2024T13:39:35 - [TEST_STEP][PASSED] - resColumn = "Result": null

25-09-2024T13:39:35 - [TEST_STEP][PASSED] - datCloumn = "Date": null

25-09-2024T13:39:35 - [TEST_STEP][PASSED] - fileLoc = "KatalonData/IWPTestData/VRelay25Payments.xlsx": null

25-09-2024T13:39:35 - [TEST_STEP][PASSED] - numOfRows = <not implemented yet for class: org.codehaus.groovy.ast.expr.EmptyExpression>: null

25-09-2024T13:39:35 - [TEST_STEP][PASSED] - dataFile = <not implemented yet for class: org.codehaus.groovy.ast.expr.EmptyExpression>: null

25-09-2024T13:39:35 - [TEST_STEP][PASSED] - nameSheet = <not implemented yet for class: org.codehaus.groovy.ast.expr.EmptyExpression>: null

25-09-2024T13:39:35 - [TEST_STEP][PASSED] - dataFileEmulator = <not implemented yet for class: org.codehaus.groovy.ast.expr.EmptyExpression>: null

25-09-2024T13:39:35 - [TEST_STEP][PASSED] - isRequiredTextPresent = false: null

25-09-2024T13:39:35 - [TEST_STEP][PASSED] - nameSheet = "PayNowPersonalCheckDCF": null

25-09-2024T13:39:35 - [TEST_STEP][PASSED] - dataFile = "IWPTestData/IWP25PayNowPersonalCheckDCF": null

25-09-2024T13:39:35 - [TEST_STEP][PASSED] - dataFileEmulator = "IWPTestData/EmulatorData": null

25-09-2024T13:39:35 - [TEST_STEP][PASSED] - numOfRows = findTestData(dataFile).getRowNumbers(): null

25-09-2024T13:39:35 - [TEST_STEP][PASSED] - println("Number of Records: " + numOfRows): null

25-09-2024T13:39:35 - [TEST_STEP][PASSED] - for ([row = 1, row <= numOfRows, (row++)]): Browser is closed

25-09-2024T13:39:35 - [TEST_STEP][PASSED] - ExecuteTC = findTestData(dataFile).getValue("Execute", row): null

25-09-2024T13:39:35 - [TEST_STEP][PASSED] - out.println("Value of Execute is : " + ExecuteTC): null

25-09-2024T13:39:35 - [TEST_STEP][PASSED] - if (ExecuteTC.equalsIgnoreCase("Y")): null

25-09-2024T13:39:35 - [TEST_STEP][PASSED] - out.println("Begin Record Number: " + row): null

25-09-2024T13:39:35 - [TEST_STEP][PASSED] - today = new java.util.Date(): null

25-09-2024T13:39:35 - [TEST_STEP][PASSED] - println(today): null

25-09-2024T13:39:35 - [TEST_STEP][PASSED] - datText = today: null

25-09-2024T13:39:35 - [TEST_STEP][PASSED] - EmulatorDataKey = findTestData(dataFile).getValue("EmulatorData", row): null

25-09-2024T13:39:35 - [TEST_STEP][PASSED] - out.println("Value of Emulator Key is : " + EmulatorDataKey): null

25-09-2024T13:39:35 - [TEST_STEP][PASSED] - iwpPages.emulatorIWP30.setDataEmulator_DD(EmulatorDataKey): iwpPages.emulatorIWP30.setDataEmulator_DD is PASSED

25-09-2024T13:39:36 - [MESSAGE][INFO] - Starting 'Edge Chromium' driver

25-09-2024T13:39:36 - [MESSAGE][INFO] - User set preference: ['acceptInsecureCerts', 'true']

25-09-2024T13:39:38 - [MESSAGE][INFO] - Action delay is set to 0 milliseconds

25-09-2024T13:39:41 - [MESSAGE][PASSED] - Browser is opened with url: 'https://qa.velocitypayment.com/agency/config.do?action=editor&message_version=2_5'

25-09-2024T13:39:41 - [MESSAGE][PASSED] - Current window maximized

25-09-2024T13:39:42 - [MESSAGE][PASSED] - All options with value '2.5' are selected in object 'Object Repository/IWP30/Page_VRelay30Emulator/MV'  using regular expression

25-09-2024T13:39:42 - [MESSAGE][PASSED] - Text '10.50' is set on object 'Object Repository/IWP30/Page_VRelay30Emulator/Amount'

25-09-2024T13:39:43 - [MESSAGE][PASSED] - Text 'CaIs1HUy7ewW' is set on object 'Object Repository/IWP30/Page_VRelay30Emulator/CAN'

25-09-2024T13:39:44 - [MESSAGE][PASSED] - Text 'PayNow' is set on object 'Object Repository/IWP30/Page_VRelay30Emulator/Action'

25-09-2024T13:39:44 - [MESSAGE][PASSED] - Text 'en_US' is set on object 'Object Repository/IWP30/Page_VRelay30Emulator/Lang'

25-09-2024T13:39:45 - [MESSAGE][PASSED] - Text '' is set on object 'Object Repository/IWP30/Page_VRelay30Emulator/Fname'

25-09-2024T13:39:45 - [MESSAGE][PASSED] - Text '' is set on object 'Object Repository/IWP30/Page_VRelay30Emulator/Lname'

25-09-2024T13:39:46 - [MESSAGE][PASSED] - Text '' is set on object 'Object Repository/IWP30/Page_VRelay30Emulator/AL1'

25-09-2024T13:39:47 - [MESSAGE][PASSED] - Text '' is set on object 'Object Repository/IWP30/Page_VRelay30Emulator/AL2'

25-09-2024T13:39:47 - [MESSAGE][PASSED] - Text '' is set on object 'Object Repository/IWP30/Page_VRelay30Emulator/Country'

25-09-2024T13:39:48 - [MESSAGE][PASSED] - Text '' is set on object 'Object Repository/IWP30/Page_VRelay30Emulator/City'

25-09-2024T13:39:48 - [MESSAGE][PASSED] - Text '' is set on object 'Object Repository/IWP30/Page_VRelay30Emulator/State'

25-09-2024T13:39:49 - [MESSAGE][PASSED] - Text '' is set on object 'Object Repository/IWP30/Page_VRelay30Emulator/ZIP'

25-09-2024T13:39:50 - [MESSAGE][PASSED] - Text '' is set on object 'Object Repository/IWP30/Page_VRelay30Emulator/Order'

25-09-2024T13:39:50 - [MESSAGE][PASSED] - Text '' is set on object 'Object Repository/IWP30/Page_VRelay30Emulator/Company'

25-09-2024T13:39:51 - [MESSAGE][PASSED] - Text '' is set on object 'Object Repository/IWP30/Page_VRelay30Emulator/Email'

25-09-2024T13:39:51 - [MESSAGE][PASSED] - Text '' is set on object 'Object Repository/IWP30/Page_VRelay30Emulator/UDF1'

25-09-2024T13:39:52 - [MESSAGE][PASSED] - Text '' is set on object 'Object Repository/IWP30/Page_VRelay30Emulator/UDF2'

25-09-2024T13:39:52 - [MESSAGE][PASSED] - Text '' is set on object 'Object Repository/IWP30/Page_VRelay30Emulator/UDF3'

25-09-2024T13:39:53 - [MESSAGE][PASSED] - Text 'udf data 4' is set on object 'Object Repository/IWP30/Page_VRelay30Emulator/UDF4'

25-09-2024T13:39:54 - [MESSAGE][PASSED] - Text 'udf data 5' is set on object 'Object Repository/IWP30/Page_VRelay30Emulator/UDF5'

25-09-2024T13:39:54 - [MESSAGE][PASSED] - Text '' is set on object 'Object Repository/IWP30/Page_VRelay30Emulator/UDF6'

25-09-2024T13:39:55 - [MESSAGE][PASSED] - Text '' is set on object 'Object Repository/IWP30/Page_VRelay30Emulator/UDF7'

25-09-2024T13:39:55 - [MESSAGE][PASSED] - Text '' is set on object 'Object Repository/IWP30/Page_VRelay30Emulator/UDF8'

25-09-2024T13:39:56 - [MESSAGE][PASSED] - Text 'udf data 9' is set on object 'Object Repository/IWP30/Page_VRelay30Emulator/UDF9'

25-09-2024T13:39:57 - [MESSAGE][PASSED] - Text 'udf data 10' is set on object 'Object Repository/IWP30/Page_VRelay30Emulator/UDF10'

25-09-2024T13:39:58 - [MESSAGE][PASSED] - Object: 'Object Repository/IWP30/Page_VRelay30Emulator/Submit' is clicked on

25-09-2024T13:40:02 - [MESSAGE][PASSED] - Browser is closed

25-09-2024T13:40:06 - [MESSAGE][PASSED] - iwpPages.emulatorIWP30.setDataEmulator_DD is PASSED

25-09-2024T13:40:06 - [TEST_STEP][PASSED] - testHarnessURL = urlTestHarness: null

25-09-2024T13:40:06 - [TEST_STEP][PASSED] - openBrowser(testHarnessURL): Browser is opened with url: 'https://dev-algorithm.govolution.com/vrelaytest/QA/version_2_2/vrelaytest.html'

25-09-2024T13:40:06 - [MESSAGE][INFO] - Starting 'Edge Chromium' driver

25-09-2024T13:40:06 - [MESSAGE][INFO] - User set preference: ['acceptInsecureCerts', 'true']

25-09-2024T13:40:09 - [MESSAGE][INFO] - Action delay is set to 0 milliseconds

25-09-2024T13:40:12 - [MESSAGE][PASSED] - Browser is opened with url: 'https://dev-algorithm.govolution.com/vrelaytest/QA/version_2_2/vrelaytest.html'

25-09-2024T13:40:12 - [TEST_STEP][PASSED] - maximizeWindow(): Current window maximized

25-09-2024T13:40:12 - [MESSAGE][PASSED] - Current window maximized

25-09-2024T13:40:12 - [TEST_STEP][PASSED] - iwpPages.TestHarnessPage.setDataMethod(row, dataFile): iwpPages.TestHarnessPage.setDataMethod is PASSED

25-09-2024T13:40:13 - [MESSAGE][PASSED] - Object 'Object Repository/IWP30/Page_QATestHarness/RemittanceID' is present

25-09-2024T13:40:13 - [MESSAGE][PASSED] - Text '640' is set on object 'Object Repository/IWP30/Page_QATestHarness/ApplicationID'

25-09-2024T13:40:14 - [MESSAGE][PASSED] - Text '2.5' is set on object 'Object Repository/IWP30/Page_QATestHarness/MessageVersion'

25-09-2024T13:40:15 - [MESSAGE][PASSED] - Text '89Q1aXYny45A' is set on object 'Object Repository/IWP30/Page_QATestHarness/RemittanceID'

25-09-2024T13:40:18 - [MESSAGE][PASSED] - Object: 'Object Repository/IWP30/Page_QATestHarness/SubmitButton' is clicked on

25-09-2024T13:40:18 - [MESSAGE][PASSED] - iwpPages.TestHarnessPage.setDataMethod is PASSED

25-09-2024T13:40:18 - [TEST_STEP][PASSED] - click(findTestObject("Object Repository/IWP30/Page_SelectPaymentMethod/PayByPersonalCheck")): Object: 'Object Repository/IWP30/Page_SelectPaymentMethod/PayByPersonalCheck' is clicked on

25-09-2024T13:40:18 - [MESSAGE][PASSED] - Object: 'Object Repository/IWP30/Page_SelectPaymentMethod/PayByPersonalCheck' is clicked on

25-09-2024T13:40:18 - [TEST_STEP][PASSED] - click(findTestObject("Object Repository/IWP30/Page_SelectPaymentMethod/MakePaymentButton")): Object: 'Object Repository/IWP30/Page_SelectPaymentMethod/MakePaymentButton' is clicked on

25-09-2024T13:40:20 - [MESSAGE][PASSED] - Object: 'Object Repository/IWP30/Page_SelectPaymentMethod/MakePaymentButton' is clicked on

25-09-2024T13:40:20 - [TEST_STEP][PASSED] - iwpPages.achPersonalPaymentEntryPage.setDataACHPPM(row, dataFile): iwpPages.achPersonalPaymentEntryPage.setDataACHPPM is PASSED

25-09-2024T13:40:21 - [MESSAGE][PASSED] - Object 'Object Repository/IWP30/Page_ACHPersonalPaymentEntry/txt_accountNumber' is present

25-09-2024T13:40:21 - [MESSAGE][PASSED] - Text '10.50' is set on object 'Object Repository/IWP30/Page_ACHPersonalPaymentEntry/txt_Amount'

25-09-2024T13:40:22 - [MESSAGE][PASSED] - Object 'Object Repository/IWP30/Page_ACHPersonalPaymentEntry/txt_UDF2' is present

25-09-2024T13:40:22 - [MESSAGE][PASSED] - Text 'udf data 2' is set on object 'Object Repository/IWP30/Page_ACHPersonalPaymentEntry/txt_UDF2'

25-09-2024T13:40:23 - [MESSAGE][PASSED] - Text 'udf data 3' is set on object 'Object Repository/IWP30/Page_ACHPersonalPaymentEntry/txt_UDF3'

25-09-2024T13:40:24 - [MESSAGE][PASSED] - All options with label 'Orange' are selected in object 'Object Repository/IWP30/Page_ACHPersonalPaymentEntry/dd_UDF7' 

25-09-2024T13:40:24 - [MESSAGE][PASSED] - All options with label 'Soccer' are selected in object 'Object Repository/IWP30/Page_ACHPersonalPaymentEntry/dd_UDF8' 

25-09-2024T13:40:24 - [MESSAGE][PASSED] - Object 'Object Repository/IWP30/Page_ACHPersonalPaymentEntry/txt_Firstname' is present

25-09-2024T13:40:25 - [MESSAGE][PASSED] - Text 'Elizath' is set on object 'Object Repository/IWP30/Page_ACHPersonalPaymentEntry/txt_Firstname'

25-09-2024T13:40:25 - [MESSAGE][PASSED] - Object 'Object Repository/IWP30/Page_ACHPersonalPaymentEntry/txt_Lastname' is present

25-09-2024T13:40:26 - [MESSAGE][PASSED] - Text 'Christine' is set on object 'Object Repository/IWP30/Page_ACHPersonalPaymentEntry/txt_Lastname'

25-09-2024T13:40:26 - [MESSAGE][PASSED] - Object 'Object Repository/IWP30/Page_ACHPersonalPaymentEntry/txt_routingNumber' is present

25-09-2024T13:40:27 - [MESSAGE][PASSED] - Text '256072691' is set on object 'Object Repository/IWP30/Page_ACHPersonalPaymentEntry/txt_routingNumber'

25-09-2024T13:40:27 - [MESSAGE][PASSED] - Object 'Object Repository/IWP30/Page_ACHPersonalPaymentEntry/txt_accountNumber' is present

25-09-2024T13:40:28 - [MESSAGE][PASSED] - Text '12344444' is set on object 'Object Repository/IWP30/Page_ACHPersonalPaymentEntry/txt_accountNumber'

25-09-2024T13:40:29 - [MESSAGE][PASSED] - Object 'Object Repository/IWP30/Page_ACHPersonalPaymentEntry/txt_confirmAccountNumber' is present

25-09-2024T13:40:29 - [MESSAGE][PASSED] - Text '12344444' is set on object 'Object Repository/IWP30/Page_ACHPersonalPaymentEntry/txt_confirmAccountNumber'

25-09-2024T13:40:30 - [MESSAGE][PASSED] - Object 'Object Repository/IWP30/Page_ACHPersonalPaymentEntry/rd_accountType' is present

25-09-2024T13:40:30 - [MESSAGE][PASSED] - Modify property of object successfully

25-09-2024T13:40:30 - [MESSAGE][PASSED] - Object: 'Object Repository/IWP30/Page_ACHPersonalPaymentEntry/rd_accountType' is clicked on

25-09-2024T13:40:31 - [MESSAGE][PASSED] - Text '365 Main Avenue' is set on object 'Object Repository/IWP30/Page_ACHPersonalPaymentEntry/txt_AL1'

25-09-2024T13:40:31 - [MESSAGE][PASSED] - Text '22201' is set on object 'Object Repository/IWP30/Page_ACHPersonalPaymentEntry/txt_ZIP'

25-09-2024T13:40:31 - [MESSAGE][PASSED] - Object 'Object Repository/IWP30/Page_ACHPersonalPaymentEntry/txt_Email' is present

25-09-2024T13:40:32 - [MESSAGE][PASSED] - Text 'iahmed@govolution.com' is set on object 'Object Repository/IWP30/Page_ACHPersonalPaymentEntry/txt_Email'

25-09-2024T13:40:33 - [MESSAGE][PASSED] - Object 'Object Repository/IWP30/Page_ACHPersonalPaymentEntry/cb_TermsAndCond' is present

25-09-2024T13:40:33 - [MESSAGE][PASSED] - Object: 'Object Repository/IWP30/Page_ACHPersonalPaymentEntry/cb_TermsAndCond' is clicked on

25-09-2024T13:40:33 - [MESSAGE][PASSED] - Object 'Object Repository/IWP30/Page_ACHPersonalPaymentEntry/btn_Continue' is present

25-09-2024T13:40:34 - [MESSAGE][PASSED] - Object: 'Object Repository/IWP30/Page_ACHPersonalPaymentEntry/btn_Continue' is clicked on

25-09-2024T13:40:34 - [MESSAGE][PASSED] - iwpPages.achPersonalPaymentEntryPage.setDataACHPPM is PASSED

25-09-2024T13:40:34 - [TEST_STEP][PASSED] - click(findTestObject("Object Repository/IWP30/Page_Confirmation/ConfirmButton")): Object: 'Object Repository/IWP30/Page_Confirmation/ConfirmButton' is clicked on

25-09-2024T13:40:36 - [MESSAGE][PASSED] - Object: 'Object Repository/IWP30/Page_Confirmation/ConfirmButton' is clicked on

25-09-2024T13:40:36 - [TEST_STEP][PASSED] - Thread.sleep(5000): null

25-09-2024T13:40:41 - [TEST_STEP][PASSED] - println("I am on real estate page"): null

25-09-2024T13:40:41 - [TEST_STEP][PASSED] - if (verifyTextPresent("Make a Real Estate Payment", false)): null

25-09-2024T13:40:41 - [MESSAGE][PASSED] - Text 'Make a Real Estate Payment' is present on page 

25-09-2024T13:40:41 - [TEST_STEP][PASSED] - isRequiredTextPresent = true: null

25-09-2024T13:40:41 - [TEST_STEP][PASSED] - println(isRequiredTextPresent): null

25-09-2024T13:40:41 - [TEST_STEP][PASSED] - if (isRequiredTextPresent): null

25-09-2024T13:40:41 - [TEST_STEP][PASSED] - if (verifyTextPresent("This transaction is subject to a Convenience Fees of $2.00.", false)): null

25-09-2024T13:40:41 - [MESSAGE][PASSED] - Text 'This transaction is subject to a Convenience Fees of $2.00.' is present on page 

25-09-2024T13:40:41 - [TEST_STEP][PASSED] - isRequiredTextPresent = true: null

25-09-2024T13:40:41 - [TEST_STEP][PASSED] - println(isRequiredTextPresent): null

25-09-2024T13:40:41 - [TEST_STEP][PASSED] - if (isRequiredTextPresent): null

25-09-2024T13:40:41 - [TEST_STEP][PASSED] - if (verifyTextPresent("Payment Amount:  $10.50", false)): null

25-09-2024T13:40:42 - [MESSAGE][PASSED] - Text 'Payment Amount:  $10.50' is present on page 

25-09-2024T13:40:42 - [TEST_STEP][PASSED] - isRequiredTextPresent = true: null

25-09-2024T13:40:42 - [TEST_STEP][PASSED] - if (isRequiredTextPresent): null

25-09-2024T13:40:42 - [TEST_STEP][PASSED] - if (verifyTextPresent("Convenience Fees:  $2.00", false)): null

25-09-2024T13:40:42 - [MESSAGE][PASSED] - Text 'Convenience Fees:  $2.00' is present on page 

25-09-2024T13:40:42 - [TEST_STEP][PASSED] - isRequiredTextPresent = true: null

25-09-2024T13:40:42 - [TEST_STEP][PASSED] - if (isRequiredTextPresent): null

25-09-2024T13:40:42 - [TEST_STEP][PASSED] - if (verifyTextPresent("Total Amount:  $12.50", false)): null

25-09-2024T13:40:42 - [MESSAGE][PASSED] - Text 'Total Amount:  $12.50' is present on page 

25-09-2024T13:40:42 - [TEST_STEP][PASSED] - isRequiredTextPresent = true: null

25-09-2024T13:40:42 - [TEST_STEP][PASSED] - if (isRequiredTextPresent): null

25-09-2024T13:40:42 - [TEST_STEP][PASSED] - if (verifyTextPresent("Two transactions will appear on your bank statement, one in the amount of $10.50 and one in the amount of $2.00.", false)): null

25-09-2024T13:40:43 - [MESSAGE][PASSED] - Text 'Two transactions will appear on your bank statement, one in the amount of $10.50 and one in the amount of $2.00.' is present on page 

25-09-2024T13:40:43 - [TEST_STEP][PASSED] - isRequiredTextPresent = true: null

25-09-2024T13:40:43 - [TEST_STEP][PASSED] - Thread.sleep(10000): null

25-09-2024T13:40:53 - [TEST_STEP][PASSED] - click(findTestObject("Object Repository/IWP30/Page_ConvenienceFees/btn_convFeeNotifyAction")): Object: 'Object Repository/IWP30/Page_ConvenienceFees/btn_convFeeNotifyAction' is clicked on

25-09-2024T13:40:54 - [MESSAGE][PASSED] - Object: 'Object Repository/IWP30/Page_ConvenienceFees/btn_convFeeNotifyAction' is clicked on

25-09-2024T13:40:54 - [TEST_STEP][PASSED] - Thread.sleep(10000): null

25-09-2024T13:41:04 - [TEST_STEP][PASSED] - if (verifyTextPresent("Successful Payment Receipt", false)): null

25-09-2024T13:41:04 - [MESSAGE][PASSED] - Text 'Successful Payment Receipt' is present on page 

25-09-2024T13:41:04 - [TEST_STEP][PASSED] - println("Successful Payment Receipt text is present on the Receipt page"): null

25-09-2024T13:41:04 - [TEST_STEP][PASSED] - markPassed("Successful Payment Receipt text is present on the Receipt page"): Successful Payment Receipt text is present on the Receipt page

25-09-2024T13:41:04 - [MESSAGE][PASSED] - Successful Payment Receipt text is present on the Receipt page

25-09-2024T13:41:04 - [TEST_STEP][PASSED] - resText = "Pass": null

25-09-2024T13:41:04 - [TEST_STEP][PASSED] - pages.WriteExcel.demoKey(resText, datText, resColumn, datCloumn, fileLoc, nameSheet, row): pages.WriteExcel.demoKey is PASSED

25-09-2024T13:41:05 - [MESSAGE][PASSED] - pages.WriteExcel.demoKey is PASSED

25-09-2024T13:41:05 - [TEST_STEP][PASSED] - closeBrowser(): Browser is closed

25-09-2024T13:41:05 - [MESSAGE][PASSED] - Browser is closed

25-09-2024T13:41:05 - [TEST_STEP][PASSED] - ExecuteTC = findTestData(dataFile).getValue("Execute", row): null

25-09-2024T13:41:05 - [TEST_STEP][PASSED] - out.println("Value of Execute is : " + ExecuteTC): null

25-09-2024T13:41:05 - [TEST_STEP][PASSED] - if (ExecuteTC.equalsIgnoreCase("Y")): null

25-09-2024T13:41:05 - [TEST_STEP][PASSED] - out.println("Begin Record Number: " + row): null

25-09-2024T13:41:05 - [TEST_STEP][PASSED] - today = new java.util.Date(): null

25-09-2024T13:41:05 - [TEST_STEP][PASSED] - println(today): null

25-09-2024T13:41:05 - [TEST_STEP][PASSED] - datText = today: null

25-09-2024T13:41:05 - [TEST_STEP][PASSED] - EmulatorDataKey = findTestData(dataFile).getValue("EmulatorData", row): null

25-09-2024T13:41:05 - [TEST_STEP][PASSED] - out.println("Value of Emulator Key is : " + EmulatorDataKey): null

25-09-2024T13:41:05 - [TEST_STEP][PASSED] - iwpPages.emulatorIWP30.setDataEmulator_DD(EmulatorDataKey): iwpPages.emulatorIWP30.setDataEmulator_DD is PASSED

25-09-2024T13:41:06 - [MESSAGE][INFO] - Starting 'Edge Chromium' driver

25-09-2024T13:41:06 - [MESSAGE][INFO] - User set preference: ['acceptInsecureCerts', 'true']

25-09-2024T13:41:08 - [MESSAGE][INFO] - Action delay is set to 0 milliseconds

25-09-2024T13:41:10 - [MESSAGE][PASSED] - Browser is opened with url: 'https://qa.velocitypayment.com/agency/config.do?action=editor&message_version=2_5'

25-09-2024T13:41:11 - [MESSAGE][PASSED] - Current window maximized

25-09-2024T13:41:11 - [MESSAGE][PASSED] - All options with value '2.5' are selected in object 'Object Repository/IWP30/Page_VRelay30Emulator/MV'  using regular expression

25-09-2024T13:41:12 - [MESSAGE][PASSED] - Text '10.50' is set on object 'Object Repository/IWP30/Page_VRelay30Emulator/Amount'

25-09-2024T13:41:13 - [MESSAGE][PASSED] - Text 'muhKIAaSnxou' is set on object 'Object Repository/IWP30/Page_VRelay30Emulator/CAN'

25-09-2024T13:41:14 - [MESSAGE][PASSED] - Text 'PayNow' is set on object 'Object Repository/IWP30/Page_VRelay30Emulator/Action'

25-09-2024T13:41:14 - [MESSAGE][PASSED] - Text 'en_US' is set on object 'Object Repository/IWP30/Page_VRelay30Emulator/Lang'

25-09-2024T13:41:15 - [MESSAGE][PASSED] - Text 'Jasmine' is set on object 'Object Repository/IWP30/Page_VRelay30Emulator/Fname'

25-09-2024T13:41:15 - [MESSAGE][PASSED] - Text 'Patrinol' is set on object 'Object Repository/IWP30/Page_VRelay30Emulator/Lname'

25-09-2024T13:41:16 - [MESSAGE][PASSED] - Text '258 Underwood rd' is set on object 'Object Repository/IWP30/Page_VRelay30Emulator/AL1'

25-09-2024T13:41:17 - [MESSAGE][PASSED] - Text 'Suite 600' is set on object 'Object Repository/IWP30/Page_VRelay30Emulator/AL2'

25-09-2024T13:41:17 - [MESSAGE][PASSED] - Text '840' is set on object 'Object Repository/IWP30/Page_VRelay30Emulator/Country'

25-09-2024T13:41:18 - [MESSAGE][PASSED] - Text 'Arlington' is set on object 'Object Repository/IWP30/Page_VRelay30Emulator/City'

25-09-2024T13:41:19 - [MESSAGE][PASSED] - Text 'VA' is set on object 'Object Repository/IWP30/Page_VRelay30Emulator/State'

25-09-2024T13:41:19 - [MESSAGE][PASSED] - Text '22201' is set on object 'Object Repository/IWP30/Page_VRelay30Emulator/ZIP'

25-09-2024T13:41:20 - [MESSAGE][PASSED] - Text '' is set on object 'Object Repository/IWP30/Page_VRelay30Emulator/Order'

25-09-2024T13:41:20 - [MESSAGE][PASSED] - Text 'Some Company' is set on object 'Object Repository/IWP30/Page_VRelay30Emulator/Company'

25-09-2024T13:41:21 - [MESSAGE][PASSED] - Text 'iahmed@govolution.com' is set on object 'Object Repository/IWP30/Page_VRelay30Emulator/Email'

25-09-2024T13:41:22 - [MESSAGE][PASSED] - Text 'udf data 1' is set on object 'Object Repository/IWP30/Page_VRelay30Emulator/UDF1'

25-09-2024T13:41:22 - [MESSAGE][PASSED] - Text 'udf data 2' is set on object 'Object Repository/IWP30/Page_VRelay30Emulator/UDF2'

25-09-2024T13:41:23 - [MESSAGE][PASSED] - Text 'udf data 3' is set on object 'Object Repository/IWP30/Page_VRelay30Emulator/UDF3'

25-09-2024T13:41:24 - [MESSAGE][PASSED] - Text 'udf data 4' is set on object 'Object Repository/IWP30/Page_VRelay30Emulator/UDF4'

25-09-2024T13:41:24 - [MESSAGE][PASSED] - Text 'udf data 5' is set on object 'Object Repository/IWP30/Page_VRelay30Emulator/UDF5'

25-09-2024T13:41:25 - [MESSAGE][PASSED] - Text 'udf data 6' is set on object 'Object Repository/IWP30/Page_VRelay30Emulator/UDF6'

25-09-2024T13:41:25 - [MESSAGE][PASSED] - Text 'Orange' is set on object 'Object Repository/IWP30/Page_VRelay30Emulator/UDF7'

25-09-2024T13:41:26 - [MESSAGE][PASSED] - Text 'Soccer' is set on object 'Object Repository/IWP30/Page_VRelay30Emulator/UDF8'

25-09-2024T13:41:26 - [MESSAGE][PASSED] - Text 'udf data 9' is set on object 'Object Repository/IWP30/Page_VRelay30Emulator/UDF9'

25-09-2024T13:41:27 - [MESSAGE][PASSED] - Text 'udf data 10' is set on object 'Object Repository/IWP30/Page_VRelay30Emulator/UDF10'

25-09-2024T13:41:28 - [MESSAGE][PASSED] - Object: 'Object Repository/IWP30/Page_VRelay30Emulator/Submit' is clicked on

25-09-2024T13:41:33 - [MESSAGE][PASSED] - Browser is closed

25-09-2024T13:41:37 - [MESSAGE][PASSED] - iwpPages.emulatorIWP30.setDataEmulator_DD is PASSED

25-09-2024T13:41:37 - [TEST_STEP][PASSED] - testHarnessURL = urlTestHarness: null

25-09-2024T13:41:37 - [TEST_STEP][PASSED] - openBrowser(testHarnessURL): Browser is opened with url: 'https://dev-algorithm.govolution.com/vrelaytest/QA/version_2_2/vrelaytest.html'

25-09-2024T13:41:37 - [MESSAGE][INFO] - Starting 'Edge Chromium' driver

25-09-2024T13:41:37 - [MESSAGE][INFO] - User set preference: ['acceptInsecureCerts', 'true']

25-09-2024T13:41:39 - [MESSAGE][INFO] - Action delay is set to 0 milliseconds

25-09-2024T13:41:43 - [MESSAGE][PASSED] - Browser is opened with url: 'https://dev-algorithm.govolution.com/vrelaytest/QA/version_2_2/vrelaytest.html'

25-09-2024T13:41:43 - [TEST_STEP][PASSED] - maximizeWindow(): Current window maximized

25-09-2024T13:41:43 - [MESSAGE][PASSED] - Current window maximized

25-09-2024T13:41:43 - [TEST_STEP][PASSED] - iwpPages.TestHarnessPage.setDataMethod(row, dataFile): iwpPages.TestHarnessPage.setDataMethod is PASSED

25-09-2024T13:41:43 - [MESSAGE][PASSED] - Object 'Object Repository/IWP30/Page_QATestHarness/RemittanceID' is present

25-09-2024T13:41:44 - [MESSAGE][PASSED] - Text '640' is set on object 'Object Repository/IWP30/Page_QATestHarness/ApplicationID'

25-09-2024T13:41:44 - [MESSAGE][PASSED] - Text '2.5' is set on object 'Object Repository/IWP30/Page_QATestHarness/MessageVersion'

25-09-2024T13:41:45 - [MESSAGE][PASSED] - Text 'nf9w3vX8sdKm' is set on object 'Object Repository/IWP30/Page_QATestHarness/RemittanceID'

25-09-2024T13:41:49 - [MESSAGE][PASSED] - Object: 'Object Repository/IWP30/Page_QATestHarness/SubmitButton' is clicked on

25-09-2024T13:41:49 - [MESSAGE][PASSED] - iwpPages.TestHarnessPage.setDataMethod is PASSED

25-09-2024T13:41:49 - [TEST_STEP][PASSED] - click(findTestObject("Object Repository/IWP30/Page_SelectPaymentMethod/PayByPersonalCheck")): Object: 'Object Repository/IWP30/Page_SelectPaymentMethod/PayByPersonalCheck' is clicked on

25-09-2024T13:41:50 - [MESSAGE][PASSED] - Object: 'Object Repository/IWP30/Page_SelectPaymentMethod/PayByPersonalCheck' is clicked on

25-09-2024T13:41:50 - [TEST_STEP][PASSED] - click(findTestObject("Object Repository/IWP30/Page_SelectPaymentMethod/MakePaymentButton")): Object: 'Object Repository/IWP30/Page_SelectPaymentMethod/MakePaymentButton' is clicked on

25-09-2024T13:41:52 - [MESSAGE][PASSED] - Object: 'Object Repository/IWP30/Page_SelectPaymentMethod/MakePaymentButton' is clicked on

25-09-2024T13:41:52 - [TEST_STEP][PASSED] - iwpPages.achPersonalPaymentEntryPage.setDataACHPPM(row, dataFile): iwpPages.achPersonalPaymentEntryPage.setDataACHPPM is PASSED

25-09-2024T13:41:53 - [MESSAGE][PASSED] - Object 'Object Repository/IWP30/Page_ACHPersonalPaymentEntry/txt_accountNumber' is present

25-09-2024T13:41:53 - [MESSAGE][PASSED] - Object 'Object Repository/IWP30/Page_ACHPersonalPaymentEntry/txt_UDF2' is present

25-09-2024T13:41:53 - [MESSAGE][PASSED] - All options with label 'Soccer' are selected in object 'Object Repository/IWP30/Page_ACHPersonalPaymentEntry/dd_UDF8' 

25-09-2024T13:41:54 - [MESSAGE][PASSED] - Object 'Object Repository/IWP30/Page_ACHPersonalPaymentEntry/txt_Firstname' is present

25-09-2024T13:41:54 - [MESSAGE][PASSED] - Text 'Elizath' is set on object 'Object Repository/IWP30/Page_ACHPersonalPaymentEntry/txt_Firstname'

25-09-2024T13:41:55 - [MESSAGE][PASSED] - Object 'Object Repository/IWP30/Page_ACHPersonalPaymentEntry/txt_Lastname' is present

25-09-2024T13:41:55 - [MESSAGE][PASSED] - Text 'Christine' is set on object 'Object Repository/IWP30/Page_ACHPersonalPaymentEntry/txt_Lastname'

25-09-2024T13:41:55 - [MESSAGE][PASSED] - Object 'Object Repository/IWP30/Page_ACHPersonalPaymentEntry/txt_routingNumber' is present

25-09-2024T13:41:56 - [MESSAGE][PASSED] - Text '256072691' is set on object 'Object Repository/IWP30/Page_ACHPersonalPaymentEntry/txt_routingNumber'

25-09-2024T13:41:56 - [MESSAGE][PASSED] - Object 'Object Repository/IWP30/Page_ACHPersonalPaymentEntry/txt_accountNumber' is present

25-09-2024T13:41:58 - [MESSAGE][PASSED] - Text '12344444' is set on object 'Object Repository/IWP30/Page_ACHPersonalPaymentEntry/txt_accountNumber'

25-09-2024T13:41:58 - [MESSAGE][PASSED] - Object 'Object Repository/IWP30/Page_ACHPersonalPaymentEntry/txt_confirmAccountNumber' is present

25-09-2024T13:41:59 - [MESSAGE][PASSED] - Text '12344444' is set on object 'Object Repository/IWP30/Page_ACHPersonalPaymentEntry/txt_confirmAccountNumber'

25-09-2024T13:41:59 - [MESSAGE][PASSED] - Object 'Object Repository/IWP30/Page_ACHPersonalPaymentEntry/rd_accountType' is present

25-09-2024T13:41:59 - [MESSAGE][PASSED] - Modify property of object successfully

25-09-2024T13:41:59 - [MESSAGE][PASSED] - Object: 'Object Repository/IWP30/Page_ACHPersonalPaymentEntry/rd_accountType' is clicked on

25-09-2024T13:41:59 - [MESSAGE][PASSED] - Object 'Object Repository/IWP30/Page_ACHPersonalPaymentEntry/txt_Email' is present

25-09-2024T13:42:00 - [MESSAGE][PASSED] - Object 'Object Repository/IWP30/Page_ACHPersonalPaymentEntry/cb_TermsAndCond' is present

25-09-2024T13:42:00 - [MESSAGE][PASSED] - Object: 'Object Repository/IWP30/Page_ACHPersonalPaymentEntry/cb_TermsAndCond' is clicked on

25-09-2024T13:42:00 - [MESSAGE][PASSED] - Object 'Object Repository/IWP30/Page_ACHPersonalPaymentEntry/btn_Continue' is present

25-09-2024T13:42:01 - [MESSAGE][PASSED] - Object: 'Object Repository/IWP30/Page_ACHPersonalPaymentEntry/btn_Continue' is clicked on

25-09-2024T13:42:01 - [MESSAGE][PASSED] - iwpPages.achPersonalPaymentEntryPage.setDataACHPPM is PASSED

25-09-2024T13:42:01 - [TEST_STEP][PASSED] - click(findTestObject("Object Repository/IWP30/Page_Confirmation/ConfirmButton")): Object: 'Object Repository/IWP30/Page_Confirmation/ConfirmButton' is clicked on

25-09-2024T13:42:03 - [MESSAGE][PASSED] - Object: 'Object Repository/IWP30/Page_Confirmation/ConfirmButton' is clicked on

25-09-2024T13:42:03 - [TEST_STEP][PASSED] - Thread.sleep(5000): null

25-09-2024T13:42:08 - [TEST_STEP][PASSED] - println("I am on real estate page"): null

25-09-2024T13:42:08 - [TEST_STEP][PASSED] - if (verifyTextPresent("Make a Real Estate Payment", false)): null

25-09-2024T13:42:08 - [MESSAGE][PASSED] - Text 'Make a Real Estate Payment' is present on page 

25-09-2024T13:42:08 - [TEST_STEP][PASSED] - isRequiredTextPresent = true: null

25-09-2024T13:42:08 - [TEST_STEP][PASSED] - println(isRequiredTextPresent): null

25-09-2024T13:42:08 - [TEST_STEP][PASSED] - if (isRequiredTextPresent): null

25-09-2024T13:42:08 - [TEST_STEP][PASSED] - if (verifyTextPresent("This transaction is subject to a Convenience Fees of $2.00.", false)): null

25-09-2024T13:42:08 - [MESSAGE][PASSED] - Text 'This transaction is subject to a Convenience Fees of $2.00.' is present on page 

25-09-2024T13:42:08 - [TEST_STEP][PASSED] - isRequiredTextPresent = true: null

25-09-2024T13:42:08 - [TEST_STEP][PASSED] - println(isRequiredTextPresent): null

25-09-2024T13:42:08 - [TEST_STEP][PASSED] - if (isRequiredTextPresent): null

25-09-2024T13:42:08 - [TEST_STEP][PASSED] - if (verifyTextPresent("Payment Amount:  $10.50", false)): null

25-09-2024T13:42:09 - [MESSAGE][PASSED] - Text 'Payment Amount:  $10.50' is present on page 

25-09-2024T13:42:09 - [TEST_STEP][PASSED] - isRequiredTextPresent = true: null

25-09-2024T13:42:09 - [TEST_STEP][PASSED] - if (isRequiredTextPresent): null

25-09-2024T13:42:09 - [TEST_STEP][PASSED] - if (verifyTextPresent("Convenience Fees:  $2.00", false)): null

25-09-2024T13:42:09 - [MESSAGE][PASSED] - Text 'Convenience Fees:  $2.00' is present on page 

25-09-2024T13:42:09 - [TEST_STEP][PASSED] - isRequiredTextPresent = true: null

25-09-2024T13:42:09 - [TEST_STEP][PASSED] - if (isRequiredTextPresent): null

25-09-2024T13:42:09 - [TEST_STEP][PASSED] - if (verifyTextPresent("Total Amount:  $12.50", false)): null

25-09-2024T13:42:09 - [MESSAGE][PASSED] - Text 'Total Amount:  $12.50' is present on page 

25-09-2024T13:42:09 - [TEST_STEP][PASSED] - isRequiredTextPresent = true: null

25-09-2024T13:42:09 - [TEST_STEP][PASSED] - if (isRequiredTextPresent): null

25-09-2024T13:42:09 - [TEST_STEP][PASSED] - if (verifyTextPresent("Two transactions will appear on your bank statement, one in the amount of $10.50 and one in the amount of $2.00.", false)): null

25-09-2024T13:42:09 - [MESSAGE][PASSED] - Text 'Two transactions will appear on your bank statement, one in the amount of $10.50 and one in the amount of $2.00.' is present on page 

25-09-2024T13:42:09 - [TEST_STEP][PASSED] - isRequiredTextPresent = true: null

25-09-2024T13:42:09 - [TEST_STEP][PASSED] - Thread.sleep(10000): null

25-09-2024T13:42:19 - [TEST_STEP][PASSED] - click(findTestObject("Object Repository/IWP30/Page_ConvenienceFees/btn_convFeeNotifyAction")): Object: 'Object Repository/IWP30/Page_ConvenienceFees/btn_convFeeNotifyAction' is clicked on

25-09-2024T13:42:21 - [MESSAGE][PASSED] - Object: 'Object Repository/IWP30/Page_ConvenienceFees/btn_convFeeNotifyAction' is clicked on

25-09-2024T13:42:21 - [TEST_STEP][PASSED] - Thread.sleep(10000): null

25-09-2024T13:42:31 - [TEST_STEP][PASSED] - if (verifyTextPresent("Successful Payment Receipt", false)): null

25-09-2024T13:42:31 - [MESSAGE][PASSED] - Text 'Successful Payment Receipt' is present on page 

25-09-2024T13:42:31 - [TEST_STEP][PASSED] - println("Successful Payment Receipt text is present on the Receipt page"): null

25-09-2024T13:42:31 - [TEST_STEP][PASSED] - markPassed("Successful Payment Receipt text is present on the Receipt page"): Successful Payment Receipt text is present on the Receipt page

25-09-2024T13:42:31 - [MESSAGE][PASSED] - Successful Payment Receipt text is present on the Receipt page

25-09-2024T13:42:31 - [TEST_STEP][PASSED] - resText = "Pass": null

25-09-2024T13:42:31 - [TEST_STEP][PASSED] - pages.WriteExcel.demoKey(resText, datText, resColumn, datCloumn, fileLoc, nameSheet, row): pages.WriteExcel.demoKey is PASSED

25-09-2024T13:42:32 - [MESSAGE][PASSED] - pages.WriteExcel.demoKey is PASSED

25-09-2024T13:42:32 - [TEST_STEP][PASSED] - closeBrowser(): Browser is closed

25-09-2024T13:42:32 - [MESSAGE][PASSED] - Browser is closed]]></system-out>
         <system-err><![CDATA[]]></system-err>
      </testcase>
      <testcase name="Test Cases/IntegratedWeb/IWP25/Payments/PayNowPersonalCheckSCF" time="175.811" classname="Test Cases/IntegratedWeb/IWP25/Payments/PayNowPersonalCheckSCF" status="PASSED">
         <system-out><![CDATA[25-09-2024T13:42:32 - [TEST_CASE][PASSED] - Test Cases/IntegratedWeb/IWP25/Payments/PayNowPersonalCheckSCF: Test Cases/IntegratedWeb/IWP25/Payments/PayNowPersonalCheckSCF

25-09-2024T13:42:32 - [TEST_STEP][PASSED] - resText = "Fail": null

25-09-2024T13:42:32 - [TEST_STEP][PASSED] - resColumn = "Result": null

25-09-2024T13:42:32 - [TEST_STEP][PASSED] - datCloumn = "Date": null

25-09-2024T13:42:32 - [TEST_STEP][PASSED] - fileLoc = "KatalonData/IWPTestData/VRelay25Payments.xlsx": null

25-09-2024T13:42:32 - [TEST_STEP][PASSED] - numOfRows = <not implemented yet for class: org.codehaus.groovy.ast.expr.EmptyExpression>: null

25-09-2024T13:42:32 - [TEST_STEP][PASSED] - dataFile = <not implemented yet for class: org.codehaus.groovy.ast.expr.EmptyExpression>: null

25-09-2024T13:42:32 - [TEST_STEP][PASSED] - nameSheet = <not implemented yet for class: org.codehaus.groovy.ast.expr.EmptyExpression>: null

25-09-2024T13:42:32 - [TEST_STEP][PASSED] - dataFileEmulator = <not implemented yet for class: org.codehaus.groovy.ast.expr.EmptyExpression>: null

25-09-2024T13:42:32 - [TEST_STEP][PASSED] - isRequiredTextPresent = false: null

25-09-2024T13:42:32 - [TEST_STEP][PASSED] - nameSheet = "PayNowPersonalCheckSCF": null

25-09-2024T13:42:32 - [TEST_STEP][PASSED] - dataFile = "IWPTestData/IWP25PayNowPersonalCheckSCF": null

25-09-2024T13:42:32 - [TEST_STEP][PASSED] - dataFileEmulator = "IWPTestData/EmulatorData": null

25-09-2024T13:42:32 - [TEST_STEP][PASSED] - numOfRows = findTestData(dataFile).getRowNumbers(): null

25-09-2024T13:42:32 - [TEST_STEP][PASSED] - println("Number of Records: " + numOfRows): null

25-09-2024T13:42:32 - [TEST_STEP][PASSED] - for ([row = 1, row <= numOfRows, (row++)]): Browser is closed

25-09-2024T13:42:32 - [TEST_STEP][PASSED] - ExecuteTC = findTestData(dataFile).getValue("Execute", row): null

25-09-2024T13:42:32 - [TEST_STEP][PASSED] - out.println("Value of Execute is : " + ExecuteTC): null

25-09-2024T13:42:32 - [TEST_STEP][PASSED] - if (ExecuteTC.equalsIgnoreCase("Y")): null

25-09-2024T13:42:32 - [TEST_STEP][PASSED] - out.println("Begin Record Number: " + row): null

25-09-2024T13:42:32 - [TEST_STEP][PASSED] - today = new java.util.Date(): null

25-09-2024T13:42:32 - [TEST_STEP][PASSED] - println(today): null

25-09-2024T13:42:32 - [TEST_STEP][PASSED] - datText = today: null

25-09-2024T13:42:32 - [TEST_STEP][PASSED] - EmulatorDataKey = findTestData(dataFile).getValue("EmulatorData", row): null

25-09-2024T13:42:32 - [TEST_STEP][PASSED] - out.println("Value of Emulator Key is : " + EmulatorDataKey): null

25-09-2024T13:42:32 - [TEST_STEP][PASSED] - iwpPages.emulatorIWP30.setDataEmulator_DD(EmulatorDataKey): iwpPages.emulatorIWP30.setDataEmulator_DD is PASSED

25-09-2024T13:42:33 - [MESSAGE][INFO] - Starting 'Edge Chromium' driver

25-09-2024T13:42:33 - [MESSAGE][INFO] - User set preference: ['acceptInsecureCerts', 'true']

25-09-2024T13:42:35 - [MESSAGE][INFO] - Action delay is set to 0 milliseconds

25-09-2024T13:42:39 - [MESSAGE][PASSED] - Browser is opened with url: 'https://qa.velocitypayment.com/agency/config.do?action=editor&message_version=2_5'

25-09-2024T13:42:39 - [MESSAGE][PASSED] - Current window maximized

25-09-2024T13:42:40 - [MESSAGE][PASSED] - All options with value '2.5' are selected in object 'Object Repository/IWP30/Page_VRelay30Emulator/MV'  using regular expression

25-09-2024T13:42:40 - [MESSAGE][PASSED] - Text '10.50' is set on object 'Object Repository/IWP30/Page_VRelay30Emulator/Amount'

25-09-2024T13:42:41 - [MESSAGE][PASSED] - Text '0gV0qLJspGBS' is set on object 'Object Repository/IWP30/Page_VRelay30Emulator/CAN'

25-09-2024T13:42:42 - [MESSAGE][PASSED] - Text 'PayNow' is set on object 'Object Repository/IWP30/Page_VRelay30Emulator/Action'

25-09-2024T13:42:42 - [MESSAGE][PASSED] - Text 'en_US' is set on object 'Object Repository/IWP30/Page_VRelay30Emulator/Lang'

25-09-2024T13:42:43 - [MESSAGE][PASSED] - Text '' is set on object 'Object Repository/IWP30/Page_VRelay30Emulator/Fname'

25-09-2024T13:42:44 - [MESSAGE][PASSED] - Text '' is set on object 'Object Repository/IWP30/Page_VRelay30Emulator/Lname'

25-09-2024T13:42:44 - [MESSAGE][PASSED] - Text '' is set on object 'Object Repository/IWP30/Page_VRelay30Emulator/AL1'

25-09-2024T13:42:45 - [MESSAGE][PASSED] - Text '' is set on object 'Object Repository/IWP30/Page_VRelay30Emulator/AL2'

25-09-2024T13:42:45 - [MESSAGE][PASSED] - Text '' is set on object 'Object Repository/IWP30/Page_VRelay30Emulator/Country'

25-09-2024T13:42:46 - [MESSAGE][PASSED] - Text '' is set on object 'Object Repository/IWP30/Page_VRelay30Emulator/City'

25-09-2024T13:42:46 - [MESSAGE][PASSED] - Text '' is set on object 'Object Repository/IWP30/Page_VRelay30Emulator/State'

25-09-2024T13:42:47 - [MESSAGE][PASSED] - Text '' is set on object 'Object Repository/IWP30/Page_VRelay30Emulator/ZIP'

25-09-2024T13:42:48 - [MESSAGE][PASSED] - Text '' is set on object 'Object Repository/IWP30/Page_VRelay30Emulator/Order'

25-09-2024T13:42:48 - [MESSAGE][PASSED] - Text '' is set on object 'Object Repository/IWP30/Page_VRelay30Emulator/Company'

25-09-2024T13:42:49 - [MESSAGE][PASSED] - Text '' is set on object 'Object Repository/IWP30/Page_VRelay30Emulator/Email'

25-09-2024T13:42:49 - [MESSAGE][PASSED] - Text '' is set on object 'Object Repository/IWP30/Page_VRelay30Emulator/UDF1'

25-09-2024T13:42:50 - [MESSAGE][PASSED] - Text '' is set on object 'Object Repository/IWP30/Page_VRelay30Emulator/UDF2'

25-09-2024T13:42:51 - [MESSAGE][PASSED] - Text '' is set on object 'Object Repository/IWP30/Page_VRelay30Emulator/UDF3'

25-09-2024T13:42:51 - [MESSAGE][PASSED] - Text 'udf data 4' is set on object 'Object Repository/IWP30/Page_VRelay30Emulator/UDF4'

25-09-2024T13:42:52 - [MESSAGE][PASSED] - Text 'udf data 5' is set on object 'Object Repository/IWP30/Page_VRelay30Emulator/UDF5'

25-09-2024T13:42:52 - [MESSAGE][PASSED] - Text '' is set on object 'Object Repository/IWP30/Page_VRelay30Emulator/UDF6'

25-09-2024T13:42:53 - [MESSAGE][PASSED] - Text '' is set on object 'Object Repository/IWP30/Page_VRelay30Emulator/UDF7'

25-09-2024T13:42:53 - [MESSAGE][PASSED] - Text '' is set on object 'Object Repository/IWP30/Page_VRelay30Emulator/UDF8'

25-09-2024T13:42:54 - [MESSAGE][PASSED] - Text 'udf data 9' is set on object 'Object Repository/IWP30/Page_VRelay30Emulator/UDF9'

25-09-2024T13:42:55 - [MESSAGE][PASSED] - Text 'udf data 10' is set on object 'Object Repository/IWP30/Page_VRelay30Emulator/UDF10'

25-09-2024T13:42:56 - [MESSAGE][PASSED] - Object: 'Object Repository/IWP30/Page_VRelay30Emulator/Submit' is clicked on

25-09-2024T13:43:00 - [MESSAGE][PASSED] - Browser is closed

25-09-2024T13:43:04 - [MESSAGE][PASSED] - iwpPages.emulatorIWP30.setDataEmulator_DD is PASSED

25-09-2024T13:43:04 - [TEST_STEP][PASSED] - testHarnessURL = urlTestHarness: null

25-09-2024T13:43:04 - [TEST_STEP][PASSED] - openBrowser(testHarnessURL): Browser is opened with url: 'https://dev-algorithm.govolution.com/vrelaytest/QA/version_2_2/vrelaytest.html'

25-09-2024T13:43:04 - [MESSAGE][INFO] - Starting 'Edge Chromium' driver

25-09-2024T13:43:04 - [MESSAGE][INFO] - User set preference: ['acceptInsecureCerts', 'true']

25-09-2024T13:43:06 - [MESSAGE][INFO] - Action delay is set to 0 milliseconds

25-09-2024T13:43:10 - [MESSAGE][PASSED] - Browser is opened with url: 'https://dev-algorithm.govolution.com/vrelaytest/QA/version_2_2/vrelaytest.html'

25-09-2024T13:43:10 - [TEST_STEP][PASSED] - maximizeWindow(): Current window maximized

25-09-2024T13:43:10 - [MESSAGE][PASSED] - Current window maximized

25-09-2024T13:43:10 - [TEST_STEP][PASSED] - iwpPages.TestHarnessPage.setDataMethod(row, dataFile): iwpPages.TestHarnessPage.setDataMethod is PASSED

25-09-2024T13:43:10 - [MESSAGE][PASSED] - Object 'Object Repository/IWP30/Page_QATestHarness/RemittanceID' is present

25-09-2024T13:43:11 - [MESSAGE][PASSED] - Text '639' is set on object 'Object Repository/IWP30/Page_QATestHarness/ApplicationID'

25-09-2024T13:43:12 - [MESSAGE][PASSED] - Text '2.5' is set on object 'Object Repository/IWP30/Page_QATestHarness/MessageVersion'

25-09-2024T13:43:13 - [MESSAGE][PASSED] - Text 'PuEwj2fN1Fcu' is set on object 'Object Repository/IWP30/Page_QATestHarness/RemittanceID'

25-09-2024T13:43:15 - [MESSAGE][PASSED] - Object: 'Object Repository/IWP30/Page_QATestHarness/SubmitButton' is clicked on

25-09-2024T13:43:15 - [MESSAGE][PASSED] - iwpPages.TestHarnessPage.setDataMethod is PASSED

25-09-2024T13:43:15 - [TEST_STEP][PASSED] - click(findTestObject("Object Repository/IWP30/Page_SelectPaymentMethod/PayByPersonalCheck")): Object: 'Object Repository/IWP30/Page_SelectPaymentMethod/PayByPersonalCheck' is clicked on

25-09-2024T13:43:16 - [MESSAGE][PASSED] - Object: 'Object Repository/IWP30/Page_SelectPaymentMethod/PayByPersonalCheck' is clicked on

25-09-2024T13:43:16 - [TEST_STEP][PASSED] - click(findTestObject("Object Repository/IWP30/Page_SelectPaymentMethod/MakePaymentButton")): Object: 'Object Repository/IWP30/Page_SelectPaymentMethod/MakePaymentButton' is clicked on

25-09-2024T13:43:18 - [MESSAGE][PASSED] - Object: 'Object Repository/IWP30/Page_SelectPaymentMethod/MakePaymentButton' is clicked on

25-09-2024T13:43:18 - [TEST_STEP][PASSED] - iwpPages.achPersonalPaymentEntryPage.setDataACHPPM(row, dataFile): iwpPages.achPersonalPaymentEntryPage.setDataACHPPM is PASSED

25-09-2024T13:43:19 - [MESSAGE][PASSED] - Object 'Object Repository/IWP30/Page_ACHPersonalPaymentEntry/txt_accountNumber' is present

25-09-2024T13:43:19 - [MESSAGE][PASSED] - Text '10.50' is set on object 'Object Repository/IWP30/Page_ACHPersonalPaymentEntry/txt_Amount'

25-09-2024T13:43:19 - [MESSAGE][PASSED] - Object 'Object Repository/IWP30/Page_ACHPersonalPaymentEntry/txt_UDF2' is present

25-09-2024T13:43:20 - [MESSAGE][PASSED] - Text 'udf data 2' is set on object 'Object Repository/IWP30/Page_ACHPersonalPaymentEntry/txt_UDF2'

25-09-2024T13:43:21 - [MESSAGE][PASSED] - Text 'udf data 3' is set on object 'Object Repository/IWP30/Page_ACHPersonalPaymentEntry/txt_UDF3'

25-09-2024T13:43:21 - [MESSAGE][PASSED] - All options with label 'Orange' are selected in object 'Object Repository/IWP30/Page_ACHPersonalPaymentEntry/dd_UDF7' 

25-09-2024T13:43:22 - [MESSAGE][PASSED] - All options with label 'Soccer' are selected in object 'Object Repository/IWP30/Page_ACHPersonalPaymentEntry/dd_UDF8' 

25-09-2024T13:43:22 - [MESSAGE][PASSED] - Object 'Object Repository/IWP30/Page_ACHPersonalPaymentEntry/txt_Firstname' is present

25-09-2024T13:43:23 - [MESSAGE][PASSED] - Text 'Elizath' is set on object 'Object Repository/IWP30/Page_ACHPersonalPaymentEntry/txt_Firstname'

25-09-2024T13:43:23 - [MESSAGE][PASSED] - Object 'Object Repository/IWP30/Page_ACHPersonalPaymentEntry/txt_Lastname' is present

25-09-2024T13:43:23 - [MESSAGE][PASSED] - Text 'Christine' is set on object 'Object Repository/IWP30/Page_ACHPersonalPaymentEntry/txt_Lastname'

25-09-2024T13:43:24 - [MESSAGE][PASSED] - Object 'Object Repository/IWP30/Page_ACHPersonalPaymentEntry/txt_routingNumber' is present

25-09-2024T13:43:24 - [MESSAGE][PASSED] - Text '256072691' is set on object 'Object Repository/IWP30/Page_ACHPersonalPaymentEntry/txt_routingNumber'

25-09-2024T13:43:25 - [MESSAGE][PASSED] - Object 'Object Repository/IWP30/Page_ACHPersonalPaymentEntry/txt_accountNumber' is present

25-09-2024T13:43:26 - [MESSAGE][PASSED] - Text '12344444' is set on object 'Object Repository/IWP30/Page_ACHPersonalPaymentEntry/txt_accountNumber'

25-09-2024T13:43:26 - [MESSAGE][PASSED] - Object 'Object Repository/IWP30/Page_ACHPersonalPaymentEntry/txt_confirmAccountNumber' is present

25-09-2024T13:43:27 - [MESSAGE][PASSED] - Text '12344444' is set on object 'Object Repository/IWP30/Page_ACHPersonalPaymentEntry/txt_confirmAccountNumber'

25-09-2024T13:43:27 - [MESSAGE][PASSED] - Object 'Object Repository/IWP30/Page_ACHPersonalPaymentEntry/rd_accountType' is present

25-09-2024T13:43:27 - [MESSAGE][PASSED] - Modify property of object successfully

25-09-2024T13:43:28 - [MESSAGE][PASSED] - Object: 'Object Repository/IWP30/Page_ACHPersonalPaymentEntry/rd_accountType' is clicked on

25-09-2024T13:43:28 - [MESSAGE][PASSED] - Text '365 Main Avenue' is set on object 'Object Repository/IWP30/Page_ACHPersonalPaymentEntry/txt_AL1'

25-09-2024T13:43:29 - [MESSAGE][PASSED] - Text '22201' is set on object 'Object Repository/IWP30/Page_ACHPersonalPaymentEntry/txt_ZIP'

25-09-2024T13:43:29 - [MESSAGE][PASSED] - Object 'Object Repository/IWP30/Page_ACHPersonalPaymentEntry/txt_Email' is present

25-09-2024T13:43:30 - [MESSAGE][PASSED] - Text 'iahmed@govolution.com' is set on object 'Object Repository/IWP30/Page_ACHPersonalPaymentEntry/txt_Email'

25-09-2024T13:43:30 - [MESSAGE][PASSED] - Object 'Object Repository/IWP30/Page_ACHPersonalPaymentEntry/cb_TermsAndCond' is present

25-09-2024T13:43:31 - [MESSAGE][PASSED] - Object: 'Object Repository/IWP30/Page_ACHPersonalPaymentEntry/cb_TermsAndCond' is clicked on

25-09-2024T13:43:31 - [MESSAGE][PASSED] - Object 'Object Repository/IWP30/Page_ACHPersonalPaymentEntry/btn_Continue' is present

25-09-2024T13:43:32 - [MESSAGE][PASSED] - Object: 'Object Repository/IWP30/Page_ACHPersonalPaymentEntry/btn_Continue' is clicked on

25-09-2024T13:43:32 - [MESSAGE][PASSED] - iwpPages.achPersonalPaymentEntryPage.setDataACHPPM is PASSED

25-09-2024T13:43:32 - [TEST_STEP][PASSED] - click(findTestObject("Object Repository/IWP30/Page_Confirmation/ConfirmButton")): Object: 'Object Repository/IWP30/Page_Confirmation/ConfirmButton' is clicked on

25-09-2024T13:43:34 - [MESSAGE][PASSED] - Object: 'Object Repository/IWP30/Page_Confirmation/ConfirmButton' is clicked on

25-09-2024T13:43:34 - [TEST_STEP][PASSED] - Thread.sleep(5000): null

25-09-2024T13:43:39 - [TEST_STEP][PASSED] - if (verifyTextPresent("Make a Real Estate Payment", false)): null

25-09-2024T13:43:39 - [MESSAGE][PASSED] - Text 'Make a Real Estate Payment' is present on page 

25-09-2024T13:43:39 - [TEST_STEP][PASSED] - isRequiredTextPresent = true: null

25-09-2024T13:43:39 - [TEST_STEP][PASSED] - println(isRequiredTextPresent): null

25-09-2024T13:43:39 - [TEST_STEP][PASSED] - if (isRequiredTextPresent): null

25-09-2024T13:43:39 - [TEST_STEP][PASSED] - if (verifyTextPresent("This transaction is subject to a Convenience Fees of $2.00.", false)): null

25-09-2024T13:43:39 - [MESSAGE][PASSED] - Text 'This transaction is subject to a Convenience Fees of $2.00.' is present on page 

25-09-2024T13:43:39 - [TEST_STEP][PASSED] - isRequiredTextPresent = true: null

25-09-2024T13:43:39 - [TEST_STEP][PASSED] - println(isRequiredTextPresent): null

25-09-2024T13:43:39 - [TEST_STEP][PASSED] - if (isRequiredTextPresent): null

25-09-2024T13:43:39 - [TEST_STEP][PASSED] - if (verifyTextPresent("Payment Amount:  $10.50", false)): null

25-09-2024T13:43:40 - [MESSAGE][PASSED] - Text 'Payment Amount:  $10.50' is present on page 

25-09-2024T13:43:40 - [TEST_STEP][PASSED] - isRequiredTextPresent = true: null

25-09-2024T13:43:40 - [TEST_STEP][PASSED] - if (isRequiredTextPresent): null

25-09-2024T13:43:40 - [TEST_STEP][PASSED] - if (verifyTextPresent("Convenience Fees:  $2.00", false)): null

25-09-2024T13:43:40 - [MESSAGE][PASSED] - Text 'Convenience Fees:  $2.00' is present on page 

25-09-2024T13:43:40 - [TEST_STEP][PASSED] - isRequiredTextPresent = true: null

25-09-2024T13:43:40 - [TEST_STEP][PASSED] - if (isRequiredTextPresent): null

25-09-2024T13:43:40 - [TEST_STEP][PASSED] - if (verifyTextPresent("Total Amount:  $12.50", false)): null

25-09-2024T13:43:40 - [MESSAGE][PASSED] - Text 'Total Amount:  $12.50' is present on page 

25-09-2024T13:43:40 - [TEST_STEP][PASSED] - isRequiredTextPresent = true: null

25-09-2024T13:43:40 - [TEST_STEP][PASSED] - if (isRequiredTextPresent): null

25-09-2024T13:43:40 - [TEST_STEP][PASSED] - if (verifyTextPresent("One transaction in the amount of $12.50 will appear on your bank statement.", false)): null

25-09-2024T13:43:40 - [MESSAGE][PASSED] - Text 'One transaction in the amount of $12.50 will appear on your bank statement.' is present on page 

25-09-2024T13:43:40 - [TEST_STEP][PASSED] - isRequiredTextPresent = true: null

25-09-2024T13:43:40 - [TEST_STEP][PASSED] - Thread.sleep(10000): null

25-09-2024T13:43:50 - [TEST_STEP][PASSED] - click(findTestObject("Object Repository/IWP30/Page_ConvenienceFees/btn_convFeeNotifyAction")): Object: 'Object Repository/IWP30/Page_ConvenienceFees/btn_convFeeNotifyAction' is clicked on

25-09-2024T13:43:52 - [MESSAGE][PASSED] - Object: 'Object Repository/IWP30/Page_ConvenienceFees/btn_convFeeNotifyAction' is clicked on

25-09-2024T13:43:52 - [TEST_STEP][PASSED] - Thread.sleep(10000): null

25-09-2024T13:44:02 - [TEST_STEP][PASSED] - if (verifyTextPresent("Successful Payment Receipt", false)): null

25-09-2024T13:44:02 - [MESSAGE][PASSED] - Text 'Successful Payment Receipt' is present on page 

25-09-2024T13:44:02 - [TEST_STEP][PASSED] - println("Successful Payment Receipt text is present on the Receipt page"): null

25-09-2024T13:44:02 - [TEST_STEP][PASSED] - markPassed("Successful Payment Receipt text is present on the Receipt page"): Successful Payment Receipt text is present on the Receipt page

25-09-2024T13:44:02 - [MESSAGE][PASSED] - Successful Payment Receipt text is present on the Receipt page

25-09-2024T13:44:02 - [TEST_STEP][PASSED] - resText = "Pass": null

25-09-2024T13:44:02 - [TEST_STEP][PASSED] - pages.WriteExcel.demoKey(resText, datText, resColumn, datCloumn, fileLoc, nameSheet, row): pages.WriteExcel.demoKey is PASSED

25-09-2024T13:44:02 - [MESSAGE][PASSED] - pages.WriteExcel.demoKey is PASSED

25-09-2024T13:44:02 - [TEST_STEP][PASSED] - closeBrowser(): Browser is closed

25-09-2024T13:44:03 - [MESSAGE][PASSED] - Browser is closed

25-09-2024T13:44:03 - [TEST_STEP][PASSED] - ExecuteTC = findTestData(dataFile).getValue("Execute", row): null

25-09-2024T13:44:03 - [TEST_STEP][PASSED] - out.println("Value of Execute is : " + ExecuteTC): null

25-09-2024T13:44:03 - [TEST_STEP][PASSED] - if (ExecuteTC.equalsIgnoreCase("Y")): null

25-09-2024T13:44:03 - [TEST_STEP][PASSED] - out.println("Begin Record Number: " + row): null

25-09-2024T13:44:03 - [TEST_STEP][PASSED] - today = new java.util.Date(): null

25-09-2024T13:44:03 - [TEST_STEP][PASSED] - println(today): null

25-09-2024T13:44:03 - [TEST_STEP][PASSED] - datText = today: null

25-09-2024T13:44:03 - [TEST_STEP][PASSED] - EmulatorDataKey = findTestData(dataFile).getValue("EmulatorData", row): null

25-09-2024T13:44:03 - [TEST_STEP][PASSED] - out.println("Value of Emulator Key is : " + EmulatorDataKey): null

25-09-2024T13:44:03 - [TEST_STEP][PASSED] - iwpPages.emulatorIWP30.setDataEmulator_DD(EmulatorDataKey): iwpPages.emulatorIWP30.setDataEmulator_DD is PASSED

25-09-2024T13:44:03 - [MESSAGE][INFO] - Starting 'Edge Chromium' driver

25-09-2024T13:44:03 - [MESSAGE][INFO] - User set preference: ['acceptInsecureCerts', 'true']

25-09-2024T13:44:05 - [MESSAGE][INFO] - Action delay is set to 0 milliseconds

25-09-2024T13:44:08 - [MESSAGE][PASSED] - Browser is opened with url: 'https://qa.velocitypayment.com/agency/config.do?action=editor&message_version=2_5'

25-09-2024T13:44:08 - [MESSAGE][PASSED] - Current window maximized

25-09-2024T13:44:09 - [MESSAGE][PASSED] - All options with value '2.5' are selected in object 'Object Repository/IWP30/Page_VRelay30Emulator/MV'  using regular expression

25-09-2024T13:44:10 - [MESSAGE][PASSED] - Text '10.50' is set on object 'Object Repository/IWP30/Page_VRelay30Emulator/Amount'

25-09-2024T13:44:10 - [MESSAGE][PASSED] - Text 'rUc1y3Uf7TkL' is set on object 'Object Repository/IWP30/Page_VRelay30Emulator/CAN'

25-09-2024T13:44:11 - [MESSAGE][PASSED] - Text 'PayNow' is set on object 'Object Repository/IWP30/Page_VRelay30Emulator/Action'

25-09-2024T13:44:12 - [MESSAGE][PASSED] - Text 'en_US' is set on object 'Object Repository/IWP30/Page_VRelay30Emulator/Lang'

25-09-2024T13:44:12 - [MESSAGE][PASSED] - Text 'Jasmine' is set on object 'Object Repository/IWP30/Page_VRelay30Emulator/Fname'

25-09-2024T13:44:13 - [MESSAGE][PASSED] - Text 'Patrinol' is set on object 'Object Repository/IWP30/Page_VRelay30Emulator/Lname'

25-09-2024T13:44:14 - [MESSAGE][PASSED] - Text '258 Underwood rd' is set on object 'Object Repository/IWP30/Page_VRelay30Emulator/AL1'

25-09-2024T13:44:14 - [MESSAGE][PASSED] - Text 'Suite 600' is set on object 'Object Repository/IWP30/Page_VRelay30Emulator/AL2'

25-09-2024T13:44:15 - [MESSAGE][PASSED] - Text '840' is set on object 'Object Repository/IWP30/Page_VRelay30Emulator/Country'

25-09-2024T13:44:15 - [MESSAGE][PASSED] - Text 'Arlington' is set on object 'Object Repository/IWP30/Page_VRelay30Emulator/City'

25-09-2024T13:44:16 - [MESSAGE][PASSED] - Text 'VA' is set on object 'Object Repository/IWP30/Page_VRelay30Emulator/State'

25-09-2024T13:44:16 - [MESSAGE][PASSED] - Text '22201' is set on object 'Object Repository/IWP30/Page_VRelay30Emulator/ZIP'

25-09-2024T13:44:17 - [MESSAGE][PASSED] - Text '' is set on object 'Object Repository/IWP30/Page_VRelay30Emulator/Order'

25-09-2024T13:44:18 - [MESSAGE][PASSED] - Text 'Some Company' is set on object 'Object Repository/IWP30/Page_VRelay30Emulator/Company'

25-09-2024T13:44:18 - [MESSAGE][PASSED] - Text 'iahmed@govolution.com' is set on object 'Object Repository/IWP30/Page_VRelay30Emulator/Email'

25-09-2024T13:44:19 - [MESSAGE][PASSED] - Text 'udf data 1' is set on object 'Object Repository/IWP30/Page_VRelay30Emulator/UDF1'

25-09-2024T13:44:19 - [MESSAGE][PASSED] - Text 'udf data 2' is set on object 'Object Repository/IWP30/Page_VRelay30Emulator/UDF2'

25-09-2024T13:44:20 - [MESSAGE][PASSED] - Text 'udf data 3' is set on object 'Object Repository/IWP30/Page_VRelay30Emulator/UDF3'

25-09-2024T13:44:21 - [MESSAGE][PASSED] - Text 'udf data 4' is set on object 'Object Repository/IWP30/Page_VRelay30Emulator/UDF4'

25-09-2024T13:44:21 - [MESSAGE][PASSED] - Text 'udf data 5' is set on object 'Object Repository/IWP30/Page_VRelay30Emulator/UDF5'

25-09-2024T13:44:22 - [MESSAGE][PASSED] - Text 'udf data 6' is set on object 'Object Repository/IWP30/Page_VRelay30Emulator/UDF6'

25-09-2024T13:44:23 - [MESSAGE][PASSED] - Text 'Orange' is set on object 'Object Repository/IWP30/Page_VRelay30Emulator/UDF7'

25-09-2024T13:44:23 - [MESSAGE][PASSED] - Text 'Soccer' is set on object 'Object Repository/IWP30/Page_VRelay30Emulator/UDF8'

25-09-2024T13:44:24 - [MESSAGE][PASSED] - Text 'udf data 9' is set on object 'Object Repository/IWP30/Page_VRelay30Emulator/UDF9'

25-09-2024T13:44:24 - [MESSAGE][PASSED] - Text 'udf data 10' is set on object 'Object Repository/IWP30/Page_VRelay30Emulator/UDF10'

25-09-2024T13:44:25 - [MESSAGE][PASSED] - Object: 'Object Repository/IWP30/Page_VRelay30Emulator/Submit' is clicked on

25-09-2024T13:44:30 - [MESSAGE][PASSED] - Browser is closed

25-09-2024T13:44:34 - [MESSAGE][PASSED] - iwpPages.emulatorIWP30.setDataEmulator_DD is PASSED

25-09-2024T13:44:34 - [TEST_STEP][PASSED] - testHarnessURL = urlTestHarness: null

25-09-2024T13:44:34 - [TEST_STEP][PASSED] - openBrowser(testHarnessURL): Browser is opened with url: 'https://dev-algorithm.govolution.com/vrelaytest/QA/version_2_2/vrelaytest.html'

25-09-2024T13:44:34 - [MESSAGE][INFO] - Starting 'Edge Chromium' driver

25-09-2024T13:44:34 - [MESSAGE][INFO] - User set preference: ['acceptInsecureCerts', 'true']

25-09-2024T13:44:36 - [MESSAGE][INFO] - Action delay is set to 0 milliseconds

25-09-2024T13:44:40 - [MESSAGE][PASSED] - Browser is opened with url: 'https://dev-algorithm.govolution.com/vrelaytest/QA/version_2_2/vrelaytest.html'

25-09-2024T13:44:40 - [TEST_STEP][PASSED] - maximizeWindow(): Current window maximized

25-09-2024T13:44:40 - [MESSAGE][PASSED] - Current window maximized

25-09-2024T13:44:40 - [TEST_STEP][PASSED] - iwpPages.TestHarnessPage.setDataMethod(row, dataFile): iwpPages.TestHarnessPage.setDataMethod is PASSED

25-09-2024T13:44:40 - [MESSAGE][PASSED] - Object 'Object Repository/IWP30/Page_QATestHarness/RemittanceID' is present

25-09-2024T13:44:41 - [MESSAGE][PASSED] - Text '639' is set on object 'Object Repository/IWP30/Page_QATestHarness/ApplicationID'

25-09-2024T13:44:42 - [MESSAGE][PASSED] - Text '2.5' is set on object 'Object Repository/IWP30/Page_QATestHarness/MessageVersion'

25-09-2024T13:44:42 - [MESSAGE][PASSED] - Text 'OWXOte1fDYx4' is set on object 'Object Repository/IWP30/Page_QATestHarness/RemittanceID'

25-09-2024T13:44:45 - [MESSAGE][PASSED] - Object: 'Object Repository/IWP30/Page_QATestHarness/SubmitButton' is clicked on

25-09-2024T13:44:45 - [MESSAGE][PASSED] - iwpPages.TestHarnessPage.setDataMethod is PASSED

25-09-2024T13:44:45 - [TEST_STEP][PASSED] - click(findTestObject("Object Repository/IWP30/Page_SelectPaymentMethod/PayByPersonalCheck")): Object: 'Object Repository/IWP30/Page_SelectPaymentMethod/PayByPersonalCheck' is clicked on

25-09-2024T13:44:46 - [MESSAGE][PASSED] - Object: 'Object Repository/IWP30/Page_SelectPaymentMethod/PayByPersonalCheck' is clicked on

25-09-2024T13:44:46 - [TEST_STEP][PASSED] - click(findTestObject("Object Repository/IWP30/Page_SelectPaymentMethod/MakePaymentButton")): Object: 'Object Repository/IWP30/Page_SelectPaymentMethod/MakePaymentButton' is clicked on

25-09-2024T13:44:48 - [MESSAGE][PASSED] - Object: 'Object Repository/IWP30/Page_SelectPaymentMethod/MakePaymentButton' is clicked on

25-09-2024T13:44:48 - [TEST_STEP][PASSED] - iwpPages.achPersonalPaymentEntryPage.setDataACHPPM(row, dataFile): iwpPages.achPersonalPaymentEntryPage.setDataACHPPM is PASSED

25-09-2024T13:44:49 - [MESSAGE][PASSED] - Object 'Object Repository/IWP30/Page_ACHPersonalPaymentEntry/txt_accountNumber' is present

25-09-2024T13:44:49 - [MESSAGE][PASSED] - Object 'Object Repository/IWP30/Page_ACHPersonalPaymentEntry/txt_UDF2' is present

25-09-2024T13:44:49 - [MESSAGE][PASSED] - All options with label 'Soccer' are selected in object 'Object Repository/IWP30/Page_ACHPersonalPaymentEntry/dd_UDF8' 

25-09-2024T13:44:50 - [MESSAGE][PASSED] - Object 'Object Repository/IWP30/Page_ACHPersonalPaymentEntry/txt_Firstname' is present

25-09-2024T13:44:50 - [MESSAGE][PASSED] - Text 'Elizath' is set on object 'Object Repository/IWP30/Page_ACHPersonalPaymentEntry/txt_Firstname'

25-09-2024T13:44:51 - [MESSAGE][PASSED] - Object 'Object Repository/IWP30/Page_ACHPersonalPaymentEntry/txt_Lastname' is present

25-09-2024T13:44:51 - [MESSAGE][PASSED] - Text 'Christine' is set on object 'Object Repository/IWP30/Page_ACHPersonalPaymentEntry/txt_Lastname'

25-09-2024T13:44:51 - [MESSAGE][PASSED] - Object 'Object Repository/IWP30/Page_ACHPersonalPaymentEntry/txt_routingNumber' is present

25-09-2024T13:44:52 - [MESSAGE][PASSED] - Text '256072691' is set on object 'Object Repository/IWP30/Page_ACHPersonalPaymentEntry/txt_routingNumber'

25-09-2024T13:44:52 - [MESSAGE][PASSED] - Object 'Object Repository/IWP30/Page_ACHPersonalPaymentEntry/txt_accountNumber' is present

25-09-2024T13:44:54 - [MESSAGE][PASSED] - Text '12344444' is set on object 'Object Repository/IWP30/Page_ACHPersonalPaymentEntry/txt_accountNumber'

25-09-2024T13:44:54 - [MESSAGE][PASSED] - Object 'Object Repository/IWP30/Page_ACHPersonalPaymentEntry/txt_confirmAccountNumber' is present

25-09-2024T13:44:55 - [MESSAGE][PASSED] - Text '12344444' is set on object 'Object Repository/IWP30/Page_ACHPersonalPaymentEntry/txt_confirmAccountNumber'

25-09-2024T13:44:55 - [MESSAGE][PASSED] - Object 'Object Repository/IWP30/Page_ACHPersonalPaymentEntry/rd_accountType' is present

25-09-2024T13:44:55 - [MESSAGE][PASSED] - Modify property of object successfully

25-09-2024T13:44:55 - [MESSAGE][PASSED] - Object: 'Object Repository/IWP30/Page_ACHPersonalPaymentEntry/rd_accountType' is clicked on

25-09-2024T13:44:55 - [MESSAGE][PASSED] - Object 'Object Repository/IWP30/Page_ACHPersonalPaymentEntry/txt_Email' is present

25-09-2024T13:44:56 - [MESSAGE][PASSED] - Object 'Object Repository/IWP30/Page_ACHPersonalPaymentEntry/cb_TermsAndCond' is present

25-09-2024T13:44:56 - [MESSAGE][PASSED] - Object: 'Object Repository/IWP30/Page_ACHPersonalPaymentEntry/cb_TermsAndCond' is clicked on

25-09-2024T13:44:56 - [MESSAGE][PASSED] - Object 'Object Repository/IWP30/Page_ACHPersonalPaymentEntry/btn_Continue' is present

25-09-2024T13:44:57 - [MESSAGE][PASSED] - Object: 'Object Repository/IWP30/Page_ACHPersonalPaymentEntry/btn_Continue' is clicked on

25-09-2024T13:44:57 - [MESSAGE][PASSED] - iwpPages.achPersonalPaymentEntryPage.setDataACHPPM is PASSED

25-09-2024T13:44:57 - [TEST_STEP][PASSED] - click(findTestObject("Object Repository/IWP30/Page_Confirmation/ConfirmButton")): Object: 'Object Repository/IWP30/Page_Confirmation/ConfirmButton' is clicked on

25-09-2024T13:44:59 - [MESSAGE][PASSED] - Object: 'Object Repository/IWP30/Page_Confirmation/ConfirmButton' is clicked on

25-09-2024T13:44:59 - [TEST_STEP][PASSED] - Thread.sleep(5000): null

25-09-2024T13:45:04 - [TEST_STEP][PASSED] - if (verifyTextPresent("Make a Real Estate Payment", false)): null

25-09-2024T13:45:04 - [MESSAGE][PASSED] - Text 'Make a Real Estate Payment' is present on page 

25-09-2024T13:45:04 - [TEST_STEP][PASSED] - isRequiredTextPresent = true: null

25-09-2024T13:45:04 - [TEST_STEP][PASSED] - println(isRequiredTextPresent): null

25-09-2024T13:45:04 - [TEST_STEP][PASSED] - if (isRequiredTextPresent): null

25-09-2024T13:45:04 - [TEST_STEP][PASSED] - if (verifyTextPresent("This transaction is subject to a Convenience Fees of $2.00.", false)): null

25-09-2024T13:45:04 - [MESSAGE][PASSED] - Text 'This transaction is subject to a Convenience Fees of $2.00.' is present on page 

25-09-2024T13:45:04 - [TEST_STEP][PASSED] - isRequiredTextPresent = true: null

25-09-2024T13:45:04 - [TEST_STEP][PASSED] - println(isRequiredTextPresent): null

25-09-2024T13:45:04 - [TEST_STEP][PASSED] - if (isRequiredTextPresent): null

25-09-2024T13:45:04 - [TEST_STEP][PASSED] - if (verifyTextPresent("Payment Amount:  $10.50", false)): null

25-09-2024T13:45:05 - [MESSAGE][PASSED] - Text 'Payment Amount:  $10.50' is present on page 

25-09-2024T13:45:05 - [TEST_STEP][PASSED] - isRequiredTextPresent = true: null

25-09-2024T13:45:05 - [TEST_STEP][PASSED] - if (isRequiredTextPresent): null

25-09-2024T13:45:05 - [TEST_STEP][PASSED] - if (verifyTextPresent("Convenience Fees:  $2.00", false)): null

25-09-2024T13:45:05 - [MESSAGE][PASSED] - Text 'Convenience Fees:  $2.00' is present on page 

25-09-2024T13:45:05 - [TEST_STEP][PASSED] - isRequiredTextPresent = true: null

25-09-2024T13:45:05 - [TEST_STEP][PASSED] - if (isRequiredTextPresent): null

25-09-2024T13:45:05 - [TEST_STEP][PASSED] - if (verifyTextPresent("Total Amount:  $12.50", false)): null

25-09-2024T13:45:05 - [MESSAGE][PASSED] - Text 'Total Amount:  $12.50' is present on page 

25-09-2024T13:45:05 - [TEST_STEP][PASSED] - isRequiredTextPresent = true: null

25-09-2024T13:45:05 - [TEST_STEP][PASSED] - if (isRequiredTextPresent): null

25-09-2024T13:45:05 - [TEST_STEP][PASSED] - if (verifyTextPresent("One transaction in the amount of $12.50 will appear on your bank statement.", false)): null

25-09-2024T13:45:05 - [MESSAGE][PASSED] - Text 'One transaction in the amount of $12.50 will appear on your bank statement.' is present on page 

25-09-2024T13:45:05 - [TEST_STEP][PASSED] - isRequiredTextPresent = true: null

25-09-2024T13:45:05 - [TEST_STEP][PASSED] - Thread.sleep(10000): null

25-09-2024T13:45:15 - [TEST_STEP][PASSED] - click(findTestObject("Object Repository/IWP30/Page_ConvenienceFees/btn_convFeeNotifyAction")): Object: 'Object Repository/IWP30/Page_ConvenienceFees/btn_convFeeNotifyAction' is clicked on

25-09-2024T13:45:17 - [MESSAGE][PASSED] - Object: 'Object Repository/IWP30/Page_ConvenienceFees/btn_convFeeNotifyAction' is clicked on

25-09-2024T13:45:17 - [TEST_STEP][PASSED] - Thread.sleep(10000): null

25-09-2024T13:45:27 - [TEST_STEP][PASSED] - if (verifyTextPresent("Successful Payment Receipt", false)): null

25-09-2024T13:45:27 - [MESSAGE][PASSED] - Text 'Successful Payment Receipt' is present on page 

25-09-2024T13:45:27 - [TEST_STEP][PASSED] - println("Successful Payment Receipt text is present on the Receipt page"): null

25-09-2024T13:45:27 - [TEST_STEP][PASSED] - markPassed("Successful Payment Receipt text is present on the Receipt page"): Successful Payment Receipt text is present on the Receipt page

25-09-2024T13:45:27 - [MESSAGE][PASSED] - Successful Payment Receipt text is present on the Receipt page

25-09-2024T13:45:27 - [TEST_STEP][PASSED] - resText = "Pass": null

25-09-2024T13:45:27 - [TEST_STEP][PASSED] - pages.WriteExcel.demoKey(resText, datText, resColumn, datCloumn, fileLoc, nameSheet, row): pages.WriteExcel.demoKey is PASSED

25-09-2024T13:45:27 - [MESSAGE][PASSED] - pages.WriteExcel.demoKey is PASSED

25-09-2024T13:45:27 - [TEST_STEP][PASSED] - closeBrowser(): Browser is closed

25-09-2024T13:45:28 - [MESSAGE][PASSED] - Browser is closed]]></system-out>
         <system-err><![CDATA[]]></system-err>
      </testcase>
      <testcase name="Test Cases/IntegratedWeb/IWP25/Payments/PayNowPersonalSavingsDCF" time="175.283" classname="Test Cases/IntegratedWeb/IWP25/Payments/PayNowPersonalSavingsDCF" status="PASSED">
         <system-out><![CDATA[25-09-2024T13:45:28 - [TEST_CASE][PASSED] - Test Cases/IntegratedWeb/IWP25/Payments/PayNowPersonalSavingsDCF: Test Cases/IntegratedWeb/IWP25/Payments/PayNowPersonalSavingsDCF

25-09-2024T13:45:28 - [TEST_STEP][PASSED] - resText = "Fail": null

25-09-2024T13:45:28 - [TEST_STEP][PASSED] - resColumn = "Result": null

25-09-2024T13:45:28 - [TEST_STEP][PASSED] - datCloumn = "Date": null

25-09-2024T13:45:28 - [TEST_STEP][PASSED] - fileLoc = "KatalonData/IWPTestData/VRelay25Payments.xlsx": null

25-09-2024T13:45:28 - [TEST_STEP][PASSED] - numOfRows = <not implemented yet for class: org.codehaus.groovy.ast.expr.EmptyExpression>: null

25-09-2024T13:45:28 - [TEST_STEP][PASSED] - dataFile = <not implemented yet for class: org.codehaus.groovy.ast.expr.EmptyExpression>: null

25-09-2024T13:45:28 - [TEST_STEP][PASSED] - nameSheet = <not implemented yet for class: org.codehaus.groovy.ast.expr.EmptyExpression>: null

25-09-2024T13:45:28 - [TEST_STEP][PASSED] - dataFileEmulator = <not implemented yet for class: org.codehaus.groovy.ast.expr.EmptyExpression>: null

25-09-2024T13:45:28 - [TEST_STEP][PASSED] - isRequiredTextPresent = false: null

25-09-2024T13:45:28 - [TEST_STEP][PASSED] - nameSheet = "PayNowPersonalCheckDCF": null

25-09-2024T13:45:28 - [TEST_STEP][PASSED] - dataFile = "IWPTestData/IWP25PayNowPersonalCheckDCF": null

25-09-2024T13:45:28 - [TEST_STEP][PASSED] - dataFileEmulator = "IWPTestData/EmulatorData": null

25-09-2024T13:45:28 - [TEST_STEP][PASSED] - numOfRows = findTestData(dataFile).getRowNumbers(): null

25-09-2024T13:45:28 - [TEST_STEP][PASSED] - println("Number of Records: " + numOfRows): null

25-09-2024T13:45:28 - [TEST_STEP][PASSED] - for ([row = 1, row <= numOfRows, (row++)]): Browser is closed

25-09-2024T13:45:28 - [TEST_STEP][PASSED] - ExecuteTC = findTestData(dataFile).getValue("Execute", row): null

25-09-2024T13:45:28 - [TEST_STEP][PASSED] - out.println("Value of Execute is : " + ExecuteTC): null

25-09-2024T13:45:28 - [TEST_STEP][PASSED] - if (ExecuteTC.equalsIgnoreCase("Y")): null

25-09-2024T13:45:28 - [TEST_STEP][PASSED] - out.println("Begin Record Number: " + row): null

25-09-2024T13:45:28 - [TEST_STEP][PASSED] - today = new java.util.Date(): null

25-09-2024T13:45:28 - [TEST_STEP][PASSED] - println(today): null

25-09-2024T13:45:28 - [TEST_STEP][PASSED] - datText = today: null

25-09-2024T13:45:28 - [TEST_STEP][PASSED] - EmulatorDataKey = findTestData(dataFile).getValue("EmulatorData", row): null

25-09-2024T13:45:28 - [TEST_STEP][PASSED] - out.println("Value of Emulator Key is : " + EmulatorDataKey): null

25-09-2024T13:45:28 - [TEST_STEP][PASSED] - iwpPages.emulatorIWP30.setDataEmulator_DD(EmulatorDataKey): iwpPages.emulatorIWP30.setDataEmulator_DD is PASSED

25-09-2024T13:45:28 - [MESSAGE][INFO] - Starting 'Edge Chromium' driver

25-09-2024T13:45:28 - [MESSAGE][INFO] - User set preference: ['acceptInsecureCerts', 'true']

25-09-2024T13:45:30 - [MESSAGE][INFO] - Action delay is set to 0 milliseconds

25-09-2024T13:45:33 - [MESSAGE][PASSED] - Browser is opened with url: 'https://qa.velocitypayment.com/agency/config.do?action=editor&message_version=2_5'

25-09-2024T13:45:33 - [MESSAGE][PASSED] - Current window maximized

25-09-2024T13:45:34 - [MESSAGE][PASSED] - All options with value '2.5' are selected in object 'Object Repository/IWP30/Page_VRelay30Emulator/MV'  using regular expression

25-09-2024T13:45:35 - [MESSAGE][PASSED] - Text '10.50' is set on object 'Object Repository/IWP30/Page_VRelay30Emulator/Amount'

25-09-2024T13:45:36 - [MESSAGE][PASSED] - Text 'Ok03tzz0SE4H' is set on object 'Object Repository/IWP30/Page_VRelay30Emulator/CAN'

25-09-2024T13:45:36 - [MESSAGE][PASSED] - Text 'PayNow' is set on object 'Object Repository/IWP30/Page_VRelay30Emulator/Action'

25-09-2024T13:45:37 - [MESSAGE][PASSED] - Text 'en_US' is set on object 'Object Repository/IWP30/Page_VRelay30Emulator/Lang'

25-09-2024T13:45:37 - [MESSAGE][PASSED] - Text '' is set on object 'Object Repository/IWP30/Page_VRelay30Emulator/Fname'

25-09-2024T13:45:38 - [MESSAGE][PASSED] - Text '' is set on object 'Object Repository/IWP30/Page_VRelay30Emulator/Lname'

25-09-2024T13:45:39 - [MESSAGE][PASSED] - Text '' is set on object 'Object Repository/IWP30/Page_VRelay30Emulator/AL1'

25-09-2024T13:45:39 - [MESSAGE][PASSED] - Text '' is set on object 'Object Repository/IWP30/Page_VRelay30Emulator/AL2'

25-09-2024T13:45:40 - [MESSAGE][PASSED] - Text '' is set on object 'Object Repository/IWP30/Page_VRelay30Emulator/Country'

25-09-2024T13:45:40 - [MESSAGE][PASSED] - Text '' is set on object 'Object Repository/IWP30/Page_VRelay30Emulator/City'

25-09-2024T13:45:41 - [MESSAGE][PASSED] - Text '' is set on object 'Object Repository/IWP30/Page_VRelay30Emulator/State'

25-09-2024T13:45:42 - [MESSAGE][PASSED] - Text '' is set on object 'Object Repository/IWP30/Page_VRelay30Emulator/ZIP'

25-09-2024T13:45:42 - [MESSAGE][PASSED] - Text '' is set on object 'Object Repository/IWP30/Page_VRelay30Emulator/Order'

25-09-2024T13:45:43 - [MESSAGE][PASSED] - Text '' is set on object 'Object Repository/IWP30/Page_VRelay30Emulator/Company'

25-09-2024T13:45:43 - [MESSAGE][PASSED] - Text '' is set on object 'Object Repository/IWP30/Page_VRelay30Emulator/Email'

25-09-2024T13:45:44 - [MESSAGE][PASSED] - Text '' is set on object 'Object Repository/IWP30/Page_VRelay30Emulator/UDF1'

25-09-2024T13:45:44 - [MESSAGE][PASSED] - Text '' is set on object 'Object Repository/IWP30/Page_VRelay30Emulator/UDF2'

25-09-2024T13:45:45 - [MESSAGE][PASSED] - Text '' is set on object 'Object Repository/IWP30/Page_VRelay30Emulator/UDF3'

25-09-2024T13:45:46 - [MESSAGE][PASSED] - Text 'udf data 4' is set on object 'Object Repository/IWP30/Page_VRelay30Emulator/UDF4'

25-09-2024T13:45:46 - [MESSAGE][PASSED] - Text 'udf data 5' is set on object 'Object Repository/IWP30/Page_VRelay30Emulator/UDF5'

25-09-2024T13:45:47 - [MESSAGE][PASSED] - Text '' is set on object 'Object Repository/IWP30/Page_VRelay30Emulator/UDF6'

25-09-2024T13:45:47 - [MESSAGE][PASSED] - Text '' is set on object 'Object Repository/IWP30/Page_VRelay30Emulator/UDF7'

25-09-2024T13:45:48 - [MESSAGE][PASSED] - Text '' is set on object 'Object Repository/IWP30/Page_VRelay30Emulator/UDF8'

25-09-2024T13:45:49 - [MESSAGE][PASSED] - Text 'udf data 9' is set on object 'Object Repository/IWP30/Page_VRelay30Emulator/UDF9'

25-09-2024T13:45:49 - [MESSAGE][PASSED] - Text 'udf data 10' is set on object 'Object Repository/IWP30/Page_VRelay30Emulator/UDF10'

25-09-2024T13:45:50 - [MESSAGE][PASSED] - Object: 'Object Repository/IWP30/Page_VRelay30Emulator/Submit' is clicked on

25-09-2024T13:45:55 - [MESSAGE][PASSED] - Browser is closed

25-09-2024T13:45:59 - [MESSAGE][PASSED] - iwpPages.emulatorIWP30.setDataEmulator_DD is PASSED

25-09-2024T13:45:59 - [TEST_STEP][PASSED] - testHarnessURL = urlTestHarness: null

25-09-2024T13:45:59 - [TEST_STEP][PASSED] - openBrowser(testHarnessURL): Browser is opened with url: 'https://dev-algorithm.govolution.com/vrelaytest/QA/version_2_2/vrelaytest.html'

25-09-2024T13:45:59 - [MESSAGE][INFO] - Starting 'Edge Chromium' driver

25-09-2024T13:45:59 - [MESSAGE][INFO] - User set preference: ['acceptInsecureCerts', 'true']

25-09-2024T13:46:01 - [MESSAGE][INFO] - Action delay is set to 0 milliseconds

25-09-2024T13:46:04 - [MESSAGE][PASSED] - Browser is opened with url: 'https://dev-algorithm.govolution.com/vrelaytest/QA/version_2_2/vrelaytest.html'

25-09-2024T13:46:04 - [TEST_STEP][PASSED] - maximizeWindow(): Current window maximized

25-09-2024T13:46:05 - [MESSAGE][PASSED] - Current window maximized

25-09-2024T13:46:05 - [TEST_STEP][PASSED] - iwpPages.TestHarnessPage.setDataMethod(row, dataFile): iwpPages.TestHarnessPage.setDataMethod is PASSED

25-09-2024T13:46:05 - [MESSAGE][PASSED] - Object 'Object Repository/IWP30/Page_QATestHarness/RemittanceID' is present

25-09-2024T13:46:05 - [MESSAGE][PASSED] - Text '640' is set on object 'Object Repository/IWP30/Page_QATestHarness/ApplicationID'

25-09-2024T13:46:06 - [MESSAGE][PASSED] - Text '2.5' is set on object 'Object Repository/IWP30/Page_QATestHarness/MessageVersion'

25-09-2024T13:46:07 - [MESSAGE][PASSED] - Text 'UKzKgHQEmwrq' is set on object 'Object Repository/IWP30/Page_QATestHarness/RemittanceID'

25-09-2024T13:46:10 - [MESSAGE][PASSED] - Object: 'Object Repository/IWP30/Page_QATestHarness/SubmitButton' is clicked on

25-09-2024T13:46:10 - [MESSAGE][PASSED] - iwpPages.TestHarnessPage.setDataMethod is PASSED

25-09-2024T13:46:10 - [TEST_STEP][PASSED] - click(findTestObject("Object Repository/IWP30/Page_SelectPaymentMethod/PayByPersonalCheck")): Object: 'Object Repository/IWP30/Page_SelectPaymentMethod/PayByPersonalCheck' is clicked on

25-09-2024T13:46:10 - [MESSAGE][PASSED] - Object: 'Object Repository/IWP30/Page_SelectPaymentMethod/PayByPersonalCheck' is clicked on

25-09-2024T13:46:10 - [TEST_STEP][PASSED] - click(findTestObject("Object Repository/IWP30/Page_SelectPaymentMethod/MakePaymentButton")): Object: 'Object Repository/IWP30/Page_SelectPaymentMethod/MakePaymentButton' is clicked on

25-09-2024T13:46:12 - [MESSAGE][PASSED] - Object: 'Object Repository/IWP30/Page_SelectPaymentMethod/MakePaymentButton' is clicked on

25-09-2024T13:46:12 - [TEST_STEP][PASSED] - iwpPages.achPersonalPaymentEntryPage.setDataACHPPM(row, dataFile): iwpPages.achPersonalPaymentEntryPage.setDataACHPPM is PASSED

25-09-2024T13:46:13 - [MESSAGE][PASSED] - Object 'Object Repository/IWP30/Page_ACHPersonalPaymentEntry/txt_accountNumber' is present

25-09-2024T13:46:13 - [MESSAGE][PASSED] - Text '10.50' is set on object 'Object Repository/IWP30/Page_ACHPersonalPaymentEntry/txt_Amount'

25-09-2024T13:46:14 - [MESSAGE][PASSED] - Object 'Object Repository/IWP30/Page_ACHPersonalPaymentEntry/txt_UDF2' is present

25-09-2024T13:46:14 - [MESSAGE][PASSED] - Text 'udf data 2' is set on object 'Object Repository/IWP30/Page_ACHPersonalPaymentEntry/txt_UDF2'

25-09-2024T13:46:15 - [MESSAGE][PASSED] - Text 'udf data 3' is set on object 'Object Repository/IWP30/Page_ACHPersonalPaymentEntry/txt_UDF3'

25-09-2024T13:46:15 - [MESSAGE][PASSED] - All options with label 'Orange' are selected in object 'Object Repository/IWP30/Page_ACHPersonalPaymentEntry/dd_UDF7' 

25-09-2024T13:46:16 - [MESSAGE][PASSED] - All options with label 'Soccer' are selected in object 'Object Repository/IWP30/Page_ACHPersonalPaymentEntry/dd_UDF8' 

25-09-2024T13:46:16 - [MESSAGE][PASSED] - Object 'Object Repository/IWP30/Page_ACHPersonalPaymentEntry/txt_Firstname' is present

25-09-2024T13:46:17 - [MESSAGE][PASSED] - Text 'Elizath' is set on object 'Object Repository/IWP30/Page_ACHPersonalPaymentEntry/txt_Firstname'

25-09-2024T13:46:17 - [MESSAGE][PASSED] - Object 'Object Repository/IWP30/Page_ACHPersonalPaymentEntry/txt_Lastname' is present

25-09-2024T13:46:18 - [MESSAGE][PASSED] - Text 'Christine' is set on object 'Object Repository/IWP30/Page_ACHPersonalPaymentEntry/txt_Lastname'

25-09-2024T13:46:18 - [MESSAGE][PASSED] - Object 'Object Repository/IWP30/Page_ACHPersonalPaymentEntry/txt_routingNumber' is present

25-09-2024T13:46:18 - [MESSAGE][PASSED] - Text '256072691' is set on object 'Object Repository/IWP30/Page_ACHPersonalPaymentEntry/txt_routingNumber'

25-09-2024T13:46:19 - [MESSAGE][PASSED] - Object 'Object Repository/IWP30/Page_ACHPersonalPaymentEntry/txt_accountNumber' is present

25-09-2024T13:46:20 - [MESSAGE][PASSED] - Text '12344444' is set on object 'Object Repository/IWP30/Page_ACHPersonalPaymentEntry/txt_accountNumber'

25-09-2024T13:46:20 - [MESSAGE][PASSED] - Object 'Object Repository/IWP30/Page_ACHPersonalPaymentEntry/txt_confirmAccountNumber' is present

25-09-2024T13:46:21 - [MESSAGE][PASSED] - Text '12344444' is set on object 'Object Repository/IWP30/Page_ACHPersonalPaymentEntry/txt_confirmAccountNumber'

25-09-2024T13:46:21 - [MESSAGE][PASSED] - Object 'Object Repository/IWP30/Page_ACHPersonalPaymentEntry/rd_accountType' is present

25-09-2024T13:46:21 - [MESSAGE][PASSED] - Modify property of object successfully

25-09-2024T13:46:22 - [MESSAGE][PASSED] - Object: 'Object Repository/IWP30/Page_ACHPersonalPaymentEntry/rd_accountType' is clicked on

25-09-2024T13:46:22 - [MESSAGE][PASSED] - Text '365 Main Avenue' is set on object 'Object Repository/IWP30/Page_ACHPersonalPaymentEntry/txt_AL1'

25-09-2024T13:46:23 - [MESSAGE][PASSED] - Text '22201' is set on object 'Object Repository/IWP30/Page_ACHPersonalPaymentEntry/txt_ZIP'

25-09-2024T13:46:23 - [MESSAGE][PASSED] - Object 'Object Repository/IWP30/Page_ACHPersonalPaymentEntry/txt_Email' is present

25-09-2024T13:46:24 - [MESSAGE][PASSED] - Text 'iahmed@govolution.com' is set on object 'Object Repository/IWP30/Page_ACHPersonalPaymentEntry/txt_Email'

25-09-2024T13:46:24 - [MESSAGE][PASSED] - Object 'Object Repository/IWP30/Page_ACHPersonalPaymentEntry/cb_TermsAndCond' is present

25-09-2024T13:46:25 - [MESSAGE][PASSED] - Object: 'Object Repository/IWP30/Page_ACHPersonalPaymentEntry/cb_TermsAndCond' is clicked on

25-09-2024T13:46:25 - [MESSAGE][PASSED] - Object 'Object Repository/IWP30/Page_ACHPersonalPaymentEntry/btn_Continue' is present

25-09-2024T13:46:26 - [MESSAGE][PASSED] - Object: 'Object Repository/IWP30/Page_ACHPersonalPaymentEntry/btn_Continue' is clicked on

25-09-2024T13:46:26 - [MESSAGE][PASSED] - iwpPages.achPersonalPaymentEntryPage.setDataACHPPM is PASSED

25-09-2024T13:46:26 - [TEST_STEP][PASSED] - click(findTestObject("Object Repository/IWP30/Page_Confirmation/ConfirmButton")): Object: 'Object Repository/IWP30/Page_Confirmation/ConfirmButton' is clicked on

25-09-2024T13:46:28 - [MESSAGE][PASSED] - Object: 'Object Repository/IWP30/Page_Confirmation/ConfirmButton' is clicked on

25-09-2024T13:46:28 - [TEST_STEP][PASSED] - Thread.sleep(5000): null

25-09-2024T13:46:33 - [TEST_STEP][PASSED] - println("I am on real estate page"): null

25-09-2024T13:46:33 - [TEST_STEP][PASSED] - if (verifyTextPresent("Make a Real Estate Payment", false)): null

25-09-2024T13:46:33 - [MESSAGE][PASSED] - Text 'Make a Real Estate Payment' is present on page 

25-09-2024T13:46:33 - [TEST_STEP][PASSED] - isRequiredTextPresent = true: null

25-09-2024T13:46:33 - [TEST_STEP][PASSED] - println(isRequiredTextPresent): null

25-09-2024T13:46:33 - [TEST_STEP][PASSED] - if (isRequiredTextPresent): null

25-09-2024T13:46:33 - [TEST_STEP][PASSED] - if (verifyTextPresent("This transaction is subject to a Convenience Fees of $2.00.", false)): null

25-09-2024T13:46:33 - [MESSAGE][PASSED] - Text 'This transaction is subject to a Convenience Fees of $2.00.' is present on page 

25-09-2024T13:46:33 - [TEST_STEP][PASSED] - isRequiredTextPresent = true: null

25-09-2024T13:46:33 - [TEST_STEP][PASSED] - println(isRequiredTextPresent): null

25-09-2024T13:46:33 - [TEST_STEP][PASSED] - if (isRequiredTextPresent): null

25-09-2024T13:46:33 - [TEST_STEP][PASSED] - if (verifyTextPresent("Payment Amount:  $10.50", false)): null

25-09-2024T13:46:34 - [MESSAGE][PASSED] - Text 'Payment Amount:  $10.50' is present on page 

25-09-2024T13:46:34 - [TEST_STEP][PASSED] - isRequiredTextPresent = true: null

25-09-2024T13:46:34 - [TEST_STEP][PASSED] - if (isRequiredTextPresent): null

25-09-2024T13:46:34 - [TEST_STEP][PASSED] - if (verifyTextPresent("Convenience Fees:  $2.00", false)): null

25-09-2024T13:46:34 - [MESSAGE][PASSED] - Text 'Convenience Fees:  $2.00' is present on page 

25-09-2024T13:46:34 - [TEST_STEP][PASSED] - isRequiredTextPresent = true: null

25-09-2024T13:46:34 - [TEST_STEP][PASSED] - if (isRequiredTextPresent): null

25-09-2024T13:46:34 - [TEST_STEP][PASSED] - if (verifyTextPresent("Total Amount:  $12.50", false)): null

25-09-2024T13:46:34 - [MESSAGE][PASSED] - Text 'Total Amount:  $12.50' is present on page 

25-09-2024T13:46:34 - [TEST_STEP][PASSED] - isRequiredTextPresent = true: null

25-09-2024T13:46:34 - [TEST_STEP][PASSED] - if (isRequiredTextPresent): null

25-09-2024T13:46:34 - [TEST_STEP][PASSED] - if (verifyTextPresent("Two transactions will appear on your bank statement, one in the amount of $10.50 and one in the amount of $2.00.", false)): null

25-09-2024T13:46:34 - [MESSAGE][PASSED] - Text 'Two transactions will appear on your bank statement, one in the amount of $10.50 and one in the amount of $2.00.' is present on page 

25-09-2024T13:46:34 - [TEST_STEP][PASSED] - isRequiredTextPresent = true: null

25-09-2024T13:46:34 - [TEST_STEP][PASSED] - Thread.sleep(10000): null

25-09-2024T13:46:44 - [TEST_STEP][PASSED] - click(findTestObject("Object Repository/IWP30/Page_ConvenienceFees/btn_convFeeNotifyAction")): Object: 'Object Repository/IWP30/Page_ConvenienceFees/btn_convFeeNotifyAction' is clicked on

25-09-2024T13:46:46 - [MESSAGE][PASSED] - Object: 'Object Repository/IWP30/Page_ConvenienceFees/btn_convFeeNotifyAction' is clicked on

25-09-2024T13:46:46 - [TEST_STEP][PASSED] - Thread.sleep(10000): null

25-09-2024T13:46:56 - [TEST_STEP][PASSED] - if (verifyTextPresent("Successful Payment Receipt", false)): null

25-09-2024T13:46:56 - [MESSAGE][PASSED] - Text 'Successful Payment Receipt' is present on page 

25-09-2024T13:46:56 - [TEST_STEP][PASSED] - println("Successful Payment Receipt text is present on the Receipt page"): null

25-09-2024T13:46:56 - [TEST_STEP][PASSED] - markPassed("Successful Payment Receipt text is present on the Receipt page"): Successful Payment Receipt text is present on the Receipt page

25-09-2024T13:46:56 - [MESSAGE][PASSED] - Successful Payment Receipt text is present on the Receipt page

25-09-2024T13:46:56 - [TEST_STEP][PASSED] - resText = "Pass": null

25-09-2024T13:46:56 - [TEST_STEP][PASSED] - pages.WriteExcel.demoKey(resText, datText, resColumn, datCloumn, fileLoc, nameSheet, row): pages.WriteExcel.demoKey is PASSED

25-09-2024T13:46:56 - [MESSAGE][PASSED] - pages.WriteExcel.demoKey is PASSED

25-09-2024T13:46:56 - [TEST_STEP][PASSED] - closeBrowser(): Browser is closed

25-09-2024T13:46:57 - [MESSAGE][PASSED] - Browser is closed

25-09-2024T13:46:57 - [TEST_STEP][PASSED] - ExecuteTC = findTestData(dataFile).getValue("Execute", row): null

25-09-2024T13:46:57 - [TEST_STEP][PASSED] - out.println("Value of Execute is : " + ExecuteTC): null

25-09-2024T13:46:57 - [TEST_STEP][PASSED] - if (ExecuteTC.equalsIgnoreCase("Y")): null

25-09-2024T13:46:57 - [TEST_STEP][PASSED] - out.println("Begin Record Number: " + row): null

25-09-2024T13:46:57 - [TEST_STEP][PASSED] - today = new java.util.Date(): null

25-09-2024T13:46:57 - [TEST_STEP][PASSED] - println(today): null

25-09-2024T13:46:57 - [TEST_STEP][PASSED] - datText = today: null

25-09-2024T13:46:57 - [TEST_STEP][PASSED] - EmulatorDataKey = findTestData(dataFile).getValue("EmulatorData", row): null

25-09-2024T13:46:57 - [TEST_STEP][PASSED] - out.println("Value of Emulator Key is : " + EmulatorDataKey): null

25-09-2024T13:46:57 - [TEST_STEP][PASSED] - iwpPages.emulatorIWP30.setDataEmulator_DD(EmulatorDataKey): iwpPages.emulatorIWP30.setDataEmulator_DD is PASSED

25-09-2024T13:46:57 - [MESSAGE][INFO] - Starting 'Edge Chromium' driver

25-09-2024T13:46:57 - [MESSAGE][INFO] - User set preference: ['acceptInsecureCerts', 'true']

25-09-2024T13:46:59 - [MESSAGE][INFO] - Action delay is set to 0 milliseconds

25-09-2024T13:47:02 - [MESSAGE][PASSED] - Browser is opened with url: 'https://qa.velocitypayment.com/agency/config.do?action=editor&message_version=2_5'

25-09-2024T13:47:02 - [MESSAGE][PASSED] - Current window maximized

25-09-2024T13:47:03 - [MESSAGE][PASSED] - All options with value '2.5' are selected in object 'Object Repository/IWP30/Page_VRelay30Emulator/MV'  using regular expression

25-09-2024T13:47:04 - [MESSAGE][PASSED] - Text '10.50' is set on object 'Object Repository/IWP30/Page_VRelay30Emulator/Amount'

25-09-2024T13:47:05 - [MESSAGE][PASSED] - Text '2nlmra3W0Ikw' is set on object 'Object Repository/IWP30/Page_VRelay30Emulator/CAN'

25-09-2024T13:47:05 - [MESSAGE][PASSED] - Text 'PayNow' is set on object 'Object Repository/IWP30/Page_VRelay30Emulator/Action'

25-09-2024T13:47:06 - [MESSAGE][PASSED] - Text 'en_US' is set on object 'Object Repository/IWP30/Page_VRelay30Emulator/Lang'

25-09-2024T13:47:07 - [MESSAGE][PASSED] - Text 'Jasmine' is set on object 'Object Repository/IWP30/Page_VRelay30Emulator/Fname'

25-09-2024T13:47:07 - [MESSAGE][PASSED] - Text 'Patrinol' is set on object 'Object Repository/IWP30/Page_VRelay30Emulator/Lname'

25-09-2024T13:47:08 - [MESSAGE][PASSED] - Text '258 Underwood rd' is set on object 'Object Repository/IWP30/Page_VRelay30Emulator/AL1'

25-09-2024T13:47:08 - [MESSAGE][PASSED] - Text 'Suite 600' is set on object 'Object Repository/IWP30/Page_VRelay30Emulator/AL2'

25-09-2024T13:47:09 - [MESSAGE][PASSED] - Text '840' is set on object 'Object Repository/IWP30/Page_VRelay30Emulator/Country'

25-09-2024T13:47:10 - [MESSAGE][PASSED] - Text 'Arlington' is set on object 'Object Repository/IWP30/Page_VRelay30Emulator/City'

25-09-2024T13:47:10 - [MESSAGE][PASSED] - Text 'VA' is set on object 'Object Repository/IWP30/Page_VRelay30Emulator/State'

25-09-2024T13:47:11 - [MESSAGE][PASSED] - Text '22201' is set on object 'Object Repository/IWP30/Page_VRelay30Emulator/ZIP'

25-09-2024T13:47:11 - [MESSAGE][PASSED] - Text '' is set on object 'Object Repository/IWP30/Page_VRelay30Emulator/Order'

25-09-2024T13:47:12 - [MESSAGE][PASSED] - Text 'Some Company' is set on object 'Object Repository/IWP30/Page_VRelay30Emulator/Company'

25-09-2024T13:47:13 - [MESSAGE][PASSED] - Text 'iahmed@govolution.com' is set on object 'Object Repository/IWP30/Page_VRelay30Emulator/Email'

25-09-2024T13:47:13 - [MESSAGE][PASSED] - Text 'udf data 1' is set on object 'Object Repository/IWP30/Page_VRelay30Emulator/UDF1'

25-09-2024T13:47:14 - [MESSAGE][PASSED] - Text 'udf data 2' is set on object 'Object Repository/IWP30/Page_VRelay30Emulator/UDF2'

25-09-2024T13:47:14 - [MESSAGE][PASSED] - Text 'udf data 3' is set on object 'Object Repository/IWP30/Page_VRelay30Emulator/UDF3'

25-09-2024T13:47:15 - [MESSAGE][PASSED] - Text 'udf data 4' is set on object 'Object Repository/IWP30/Page_VRelay30Emulator/UDF4'

25-09-2024T13:47:16 - [MESSAGE][PASSED] - Text 'udf data 5' is set on object 'Object Repository/IWP30/Page_VRelay30Emulator/UDF5'

25-09-2024T13:47:16 - [MESSAGE][PASSED] - Text 'udf data 6' is set on object 'Object Repository/IWP30/Page_VRelay30Emulator/UDF6'

25-09-2024T13:47:17 - [MESSAGE][PASSED] - Text 'Orange' is set on object 'Object Repository/IWP30/Page_VRelay30Emulator/UDF7'

25-09-2024T13:47:17 - [MESSAGE][PASSED] - Text 'Soccer' is set on object 'Object Repository/IWP30/Page_VRelay30Emulator/UDF8'

25-09-2024T13:47:18 - [MESSAGE][PASSED] - Text 'udf data 9' is set on object 'Object Repository/IWP30/Page_VRelay30Emulator/UDF9'

25-09-2024T13:47:19 - [MESSAGE][PASSED] - Text 'udf data 10' is set on object 'Object Repository/IWP30/Page_VRelay30Emulator/UDF10'

25-09-2024T13:47:20 - [MESSAGE][PASSED] - Object: 'Object Repository/IWP30/Page_VRelay30Emulator/Submit' is clicked on

25-09-2024T13:47:24 - [MESSAGE][PASSED] - Browser is closed

25-09-2024T13:47:28 - [MESSAGE][PASSED] - iwpPages.emulatorIWP30.setDataEmulator_DD is PASSED

25-09-2024T13:47:28 - [TEST_STEP][PASSED] - testHarnessURL = urlTestHarness: null

25-09-2024T13:47:28 - [TEST_STEP][PASSED] - openBrowser(testHarnessURL): Browser is opened with url: 'https://dev-algorithm.govolution.com/vrelaytest/QA/version_2_2/vrelaytest.html'

25-09-2024T13:47:28 - [MESSAGE][INFO] - Starting 'Edge Chromium' driver

25-09-2024T13:47:28 - [MESSAGE][INFO] - User set preference: ['acceptInsecureCerts', 'true']

25-09-2024T13:47:30 - [MESSAGE][INFO] - Action delay is set to 0 milliseconds

25-09-2024T13:47:34 - [MESSAGE][PASSED] - Browser is opened with url: 'https://dev-algorithm.govolution.com/vrelaytest/QA/version_2_2/vrelaytest.html'

25-09-2024T13:47:34 - [TEST_STEP][PASSED] - maximizeWindow(): Current window maximized

25-09-2024T13:47:34 - [MESSAGE][PASSED] - Current window maximized

25-09-2024T13:47:34 - [TEST_STEP][PASSED] - iwpPages.TestHarnessPage.setDataMethod(row, dataFile): iwpPages.TestHarnessPage.setDataMethod is PASSED

25-09-2024T13:47:34 - [MESSAGE][PASSED] - Object 'Object Repository/IWP30/Page_QATestHarness/RemittanceID' is present

25-09-2024T13:47:35 - [MESSAGE][PASSED] - Text '640' is set on object 'Object Repository/IWP30/Page_QATestHarness/ApplicationID'

25-09-2024T13:47:35 - [MESSAGE][PASSED] - Text '2.5' is set on object 'Object Repository/IWP30/Page_QATestHarness/MessageVersion'

25-09-2024T13:47:36 - [MESSAGE][PASSED] - Text 'UI1G5zbTafvr' is set on object 'Object Repository/IWP30/Page_QATestHarness/RemittanceID'

25-09-2024T13:47:40 - [MESSAGE][PASSED] - Object: 'Object Repository/IWP30/Page_QATestHarness/SubmitButton' is clicked on

25-09-2024T13:47:40 - [MESSAGE][PASSED] - iwpPages.TestHarnessPage.setDataMethod is PASSED

25-09-2024T13:47:40 - [TEST_STEP][PASSED] - click(findTestObject("Object Repository/IWP30/Page_SelectPaymentMethod/PayByPersonalCheck")): Object: 'Object Repository/IWP30/Page_SelectPaymentMethod/PayByPersonalCheck' is clicked on

25-09-2024T13:47:41 - [MESSAGE][PASSED] - Object: 'Object Repository/IWP30/Page_SelectPaymentMethod/PayByPersonalCheck' is clicked on

25-09-2024T13:47:41 - [TEST_STEP][PASSED] - click(findTestObject("Object Repository/IWP30/Page_SelectPaymentMethod/MakePaymentButton")): Object: 'Object Repository/IWP30/Page_SelectPaymentMethod/MakePaymentButton' is clicked on

25-09-2024T13:47:43 - [MESSAGE][PASSED] - Object: 'Object Repository/IWP30/Page_SelectPaymentMethod/MakePaymentButton' is clicked on

25-09-2024T13:47:43 - [TEST_STEP][PASSED] - iwpPages.achPersonalPaymentEntryPage.setDataACHPPM(row, dataFile): iwpPages.achPersonalPaymentEntryPage.setDataACHPPM is PASSED

25-09-2024T13:47:44 - [MESSAGE][PASSED] - Object 'Object Repository/IWP30/Page_ACHPersonalPaymentEntry/txt_accountNumber' is present

25-09-2024T13:47:44 - [MESSAGE][PASSED] - Object 'Object Repository/IWP30/Page_ACHPersonalPaymentEntry/txt_UDF2' is present

25-09-2024T13:47:45 - [MESSAGE][PASSED] - All options with label 'Soccer' are selected in object 'Object Repository/IWP30/Page_ACHPersonalPaymentEntry/dd_UDF8' 

25-09-2024T13:47:45 - [MESSAGE][PASSED] - Object 'Object Repository/IWP30/Page_ACHPersonalPaymentEntry/txt_Firstname' is present

25-09-2024T13:47:45 - [MESSAGE][PASSED] - Text 'Elizath' is set on object 'Object Repository/IWP30/Page_ACHPersonalPaymentEntry/txt_Firstname'

25-09-2024T13:47:46 - [MESSAGE][PASSED] - Object 'Object Repository/IWP30/Page_ACHPersonalPaymentEntry/txt_Lastname' is present

25-09-2024T13:47:46 - [MESSAGE][PASSED] - Text 'Christine' is set on object 'Object Repository/IWP30/Page_ACHPersonalPaymentEntry/txt_Lastname'

25-09-2024T13:47:47 - [MESSAGE][PASSED] - Object 'Object Repository/IWP30/Page_ACHPersonalPaymentEntry/txt_routingNumber' is present

25-09-2024T13:47:47 - [MESSAGE][PASSED] - Text '256072691' is set on object 'Object Repository/IWP30/Page_ACHPersonalPaymentEntry/txt_routingNumber'

25-09-2024T13:47:47 - [MESSAGE][PASSED] - Object 'Object Repository/IWP30/Page_ACHPersonalPaymentEntry/txt_accountNumber' is present

25-09-2024T13:47:49 - [MESSAGE][PASSED] - Text '12344444' is set on object 'Object Repository/IWP30/Page_ACHPersonalPaymentEntry/txt_accountNumber'

25-09-2024T13:47:49 - [MESSAGE][PASSED] - Object 'Object Repository/IWP30/Page_ACHPersonalPaymentEntry/txt_confirmAccountNumber' is present

25-09-2024T13:47:50 - [MESSAGE][PASSED] - Text '12344444' is set on object 'Object Repository/IWP30/Page_ACHPersonalPaymentEntry/txt_confirmAccountNumber'

25-09-2024T13:47:50 - [MESSAGE][PASSED] - Object 'Object Repository/IWP30/Page_ACHPersonalPaymentEntry/rd_accountType' is present

25-09-2024T13:47:50 - [MESSAGE][PASSED] - Modify property of object successfully

25-09-2024T13:47:50 - [MESSAGE][PASSED] - Object: 'Object Repository/IWP30/Page_ACHPersonalPaymentEntry/rd_accountType' is clicked on

25-09-2024T13:47:51 - [MESSAGE][PASSED] - Object 'Object Repository/IWP30/Page_ACHPersonalPaymentEntry/txt_Email' is present

25-09-2024T13:47:51 - [MESSAGE][PASSED] - Object 'Object Repository/IWP30/Page_ACHPersonalPaymentEntry/cb_TermsAndCond' is present

25-09-2024T13:47:51 - [MESSAGE][PASSED] - Object: 'Object Repository/IWP30/Page_ACHPersonalPaymentEntry/cb_TermsAndCond' is clicked on

25-09-2024T13:47:52 - [MESSAGE][PASSED] - Object 'Object Repository/IWP30/Page_ACHPersonalPaymentEntry/btn_Continue' is present

25-09-2024T13:47:53 - [MESSAGE][PASSED] - Object: 'Object Repository/IWP30/Page_ACHPersonalPaymentEntry/btn_Continue' is clicked on

25-09-2024T13:47:53 - [MESSAGE][PASSED] - iwpPages.achPersonalPaymentEntryPage.setDataACHPPM is PASSED

25-09-2024T13:47:53 - [TEST_STEP][PASSED] - click(findTestObject("Object Repository/IWP30/Page_Confirmation/ConfirmButton")): Object: 'Object Repository/IWP30/Page_Confirmation/ConfirmButton' is clicked on

25-09-2024T13:47:54 - [MESSAGE][PASSED] - Object: 'Object Repository/IWP30/Page_Confirmation/ConfirmButton' is clicked on

25-09-2024T13:47:54 - [TEST_STEP][PASSED] - Thread.sleep(5000): null

25-09-2024T13:47:59 - [TEST_STEP][PASSED] - println("I am on real estate page"): null

25-09-2024T13:47:59 - [TEST_STEP][PASSED] - if (verifyTextPresent("Make a Real Estate Payment", false)): null

25-09-2024T13:47:59 - [MESSAGE][PASSED] - Text 'Make a Real Estate Payment' is present on page 

25-09-2024T13:47:59 - [TEST_STEP][PASSED] - isRequiredTextPresent = true: null

25-09-2024T13:47:59 - [TEST_STEP][PASSED] - println(isRequiredTextPresent): null

25-09-2024T13:47:59 - [TEST_STEP][PASSED] - if (isRequiredTextPresent): null

25-09-2024T13:47:59 - [TEST_STEP][PASSED] - if (verifyTextPresent("This transaction is subject to a Convenience Fees of $2.00.", false)): null

25-09-2024T13:48:00 - [MESSAGE][PASSED] - Text 'This transaction is subject to a Convenience Fees of $2.00.' is present on page 

25-09-2024T13:48:00 - [TEST_STEP][PASSED] - isRequiredTextPresent = true: null

25-09-2024T13:48:00 - [TEST_STEP][PASSED] - println(isRequiredTextPresent): null

25-09-2024T13:48:00 - [TEST_STEP][PASSED] - if (isRequiredTextPresent): null

25-09-2024T13:48:00 - [TEST_STEP][PASSED] - if (verifyTextPresent("Payment Amount:  $10.50", false)): null

25-09-2024T13:48:00 - [MESSAGE][PASSED] - Text 'Payment Amount:  $10.50' is present on page 

25-09-2024T13:48:00 - [TEST_STEP][PASSED] - isRequiredTextPresent = true: null

25-09-2024T13:48:00 - [TEST_STEP][PASSED] - if (isRequiredTextPresent): null

25-09-2024T13:48:00 - [TEST_STEP][PASSED] - if (verifyTextPresent("Convenience Fees:  $2.00", false)): null

25-09-2024T13:48:00 - [MESSAGE][PASSED] - Text 'Convenience Fees:  $2.00' is present on page 

25-09-2024T13:48:00 - [TEST_STEP][PASSED] - isRequiredTextPresent = true: null

25-09-2024T13:48:00 - [TEST_STEP][PASSED] - if (isRequiredTextPresent): null

25-09-2024T13:48:00 - [TEST_STEP][PASSED] - if (verifyTextPresent("Total Amount:  $12.50", false)): null

25-09-2024T13:48:00 - [MESSAGE][PASSED] - Text 'Total Amount:  $12.50' is present on page 

25-09-2024T13:48:00 - [TEST_STEP][PASSED] - isRequiredTextPresent = true: null

25-09-2024T13:48:00 - [TEST_STEP][PASSED] - if (isRequiredTextPresent): null

25-09-2024T13:48:00 - [TEST_STEP][PASSED] - if (verifyTextPresent("Two transactions will appear on your bank statement, one in the amount of $10.50 and one in the amount of $2.00.", false)): null

25-09-2024T13:48:01 - [MESSAGE][PASSED] - Text 'Two transactions will appear on your bank statement, one in the amount of $10.50 and one in the amount of $2.00.' is present on page 

25-09-2024T13:48:01 - [TEST_STEP][PASSED] - isRequiredTextPresent = true: null

25-09-2024T13:48:01 - [TEST_STEP][PASSED] - Thread.sleep(10000): null

25-09-2024T13:48:11 - [TEST_STEP][PASSED] - click(findTestObject("Object Repository/IWP30/Page_ConvenienceFees/btn_convFeeNotifyAction")): Object: 'Object Repository/IWP30/Page_ConvenienceFees/btn_convFeeNotifyAction' is clicked on

25-09-2024T13:48:12 - [MESSAGE][PASSED] - Object: 'Object Repository/IWP30/Page_ConvenienceFees/btn_convFeeNotifyAction' is clicked on

25-09-2024T13:48:12 - [TEST_STEP][PASSED] - Thread.sleep(10000): null

25-09-2024T13:48:22 - [TEST_STEP][PASSED] - if (verifyTextPresent("Successful Payment Receipt", false)): null

25-09-2024T13:48:23 - [MESSAGE][PASSED] - Text 'Successful Payment Receipt' is present on page 

25-09-2024T13:48:23 - [TEST_STEP][PASSED] - println("Successful Payment Receipt text is present on the Receipt page"): null

25-09-2024T13:48:23 - [TEST_STEP][PASSED] - markPassed("Successful Payment Receipt text is present on the Receipt page"): Successful Payment Receipt text is present on the Receipt page

25-09-2024T13:48:23 - [MESSAGE][PASSED] - Successful Payment Receipt text is present on the Receipt page

25-09-2024T13:48:23 - [TEST_STEP][PASSED] - resText = "Pass": null

25-09-2024T13:48:23 - [TEST_STEP][PASSED] - pages.WriteExcel.demoKey(resText, datText, resColumn, datCloumn, fileLoc, nameSheet, row): pages.WriteExcel.demoKey is PASSED

25-09-2024T13:48:23 - [MESSAGE][PASSED] - pages.WriteExcel.demoKey is PASSED

25-09-2024T13:48:23 - [TEST_STEP][PASSED] - closeBrowser(): Browser is closed

25-09-2024T13:48:23 - [MESSAGE][PASSED] - Browser is closed]]></system-out>
         <system-err><![CDATA[]]></system-err>
      </testcase>
      <testcase name="Test Cases/IntegratedWeb/IWP25/Payments/PayNowPersonalSavingsSCF" time="173.843" classname="Test Cases/IntegratedWeb/IWP25/Payments/PayNowPersonalSavingsSCF" status="PASSED">
         <system-out><![CDATA[25-09-2024T13:48:23 - [TEST_CASE][PASSED] - Test Cases/IntegratedWeb/IWP25/Payments/PayNowPersonalSavingsSCF: Test Cases/IntegratedWeb/IWP25/Payments/PayNowPersonalSavingsSCF

25-09-2024T13:48:23 - [TEST_STEP][PASSED] - resText = "Fail": null

25-09-2024T13:48:23 - [TEST_STEP][PASSED] - resColumn = "Result": null

25-09-2024T13:48:23 - [TEST_STEP][PASSED] - datCloumn = "Date": null

25-09-2024T13:48:23 - [TEST_STEP][PASSED] - fileLoc = "KatalonData/IWPTestData/VRelay25Payments.xlsx": null

25-09-2024T13:48:23 - [TEST_STEP][PASSED] - numOfRows = <not implemented yet for class: org.codehaus.groovy.ast.expr.EmptyExpression>: null

25-09-2024T13:48:23 - [TEST_STEP][PASSED] - dataFile = <not implemented yet for class: org.codehaus.groovy.ast.expr.EmptyExpression>: null

25-09-2024T13:48:23 - [TEST_STEP][PASSED] - nameSheet = <not implemented yet for class: org.codehaus.groovy.ast.expr.EmptyExpression>: null

25-09-2024T13:48:23 - [TEST_STEP][PASSED] - dataFileEmulator = <not implemented yet for class: org.codehaus.groovy.ast.expr.EmptyExpression>: null

25-09-2024T13:48:23 - [TEST_STEP][PASSED] - isRequiredTextPresent = false: null

25-09-2024T13:48:23 - [TEST_STEP][PASSED] - nameSheet = "PayNowPersonalSavingsSCF": null

25-09-2024T13:48:23 - [TEST_STEP][PASSED] - dataFile = "IWPTestData/IWP25PayNowPersonalSavingsSCF": null

25-09-2024T13:48:23 - [TEST_STEP][PASSED] - dataFileEmulator = "IWPTestData/EmulatorData": null

25-09-2024T13:48:23 - [TEST_STEP][PASSED] - numOfRows = findTestData(dataFile).getRowNumbers(): null

25-09-2024T13:48:24 - [TEST_STEP][PASSED] - println("Number of Records: " + numOfRows): null

25-09-2024T13:48:24 - [TEST_STEP][PASSED] - for ([row = 1, row <= numOfRows, (row++)]): Browser is closed

25-09-2024T13:48:24 - [TEST_STEP][PASSED] - ExecuteTC = findTestData(dataFile).getValue("Execute", row): null

25-09-2024T13:48:24 - [TEST_STEP][PASSED] - out.println("Value of Execute is : " + ExecuteTC): null

25-09-2024T13:48:24 - [TEST_STEP][PASSED] - if (ExecuteTC.equalsIgnoreCase("Y")): null

25-09-2024T13:48:24 - [TEST_STEP][PASSED] - out.println("Begin Record Number: " + row): null

25-09-2024T13:48:24 - [TEST_STEP][PASSED] - today = new java.util.Date(): null

25-09-2024T13:48:24 - [TEST_STEP][PASSED] - println(today): null

25-09-2024T13:48:24 - [TEST_STEP][PASSED] - datText = today: null

25-09-2024T13:48:24 - [TEST_STEP][PASSED] - EmulatorDataKey = findTestData(dataFile).getValue("EmulatorData", row): null

25-09-2024T13:48:24 - [TEST_STEP][PASSED] - out.println("Value of Emulator Key is : " + EmulatorDataKey): null

25-09-2024T13:48:24 - [TEST_STEP][PASSED] - iwpPages.emulatorIWP30.setDataEmulator_DD(EmulatorDataKey): iwpPages.emulatorIWP30.setDataEmulator_DD is PASSED

25-09-2024T13:48:24 - [MESSAGE][INFO] - Starting 'Edge Chromium' driver

25-09-2024T13:48:24 - [MESSAGE][INFO] - User set preference: ['acceptInsecureCerts', 'true']

25-09-2024T13:48:26 - [MESSAGE][INFO] - Action delay is set to 0 milliseconds

25-09-2024T13:48:29 - [MESSAGE][PASSED] - Browser is opened with url: 'https://qa.velocitypayment.com/agency/config.do?action=editor&message_version=2_5'

25-09-2024T13:48:29 - [MESSAGE][PASSED] - Current window maximized

25-09-2024T13:48:30 - [MESSAGE][PASSED] - All options with value '2.5' are selected in object 'Object Repository/IWP30/Page_VRelay30Emulator/MV'  using regular expression

25-09-2024T13:48:31 - [MESSAGE][PASSED] - Text '10.50' is set on object 'Object Repository/IWP30/Page_VRelay30Emulator/Amount'

25-09-2024T13:48:31 - [MESSAGE][PASSED] - Text 'slHltVgnTtk6' is set on object 'Object Repository/IWP30/Page_VRelay30Emulator/CAN'

25-09-2024T13:48:32 - [MESSAGE][PASSED] - Text 'PayNow' is set on object 'Object Repository/IWP30/Page_VRelay30Emulator/Action'

25-09-2024T13:48:33 - [MESSAGE][PASSED] - Text 'en_US' is set on object 'Object Repository/IWP30/Page_VRelay30Emulator/Lang'

25-09-2024T13:48:33 - [MESSAGE][PASSED] - Text '' is set on object 'Object Repository/IWP30/Page_VRelay30Emulator/Fname'

25-09-2024T13:48:34 - [MESSAGE][PASSED] - Text '' is set on object 'Object Repository/IWP30/Page_VRelay30Emulator/Lname'

25-09-2024T13:48:34 - [MESSAGE][PASSED] - Text '' is set on object 'Object Repository/IWP30/Page_VRelay30Emulator/AL1'

25-09-2024T13:48:35 - [MESSAGE][PASSED] - Text '' is set on object 'Object Repository/IWP30/Page_VRelay30Emulator/AL2'

25-09-2024T13:48:35 - [MESSAGE][PASSED] - Text '' is set on object 'Object Repository/IWP30/Page_VRelay30Emulator/Country'

25-09-2024T13:48:36 - [MESSAGE][PASSED] - Text '' is set on object 'Object Repository/IWP30/Page_VRelay30Emulator/City'

25-09-2024T13:48:37 - [MESSAGE][PASSED] - Text '' is set on object 'Object Repository/IWP30/Page_VRelay30Emulator/State'

25-09-2024T13:48:37 - [MESSAGE][PASSED] - Text '' is set on object 'Object Repository/IWP30/Page_VRelay30Emulator/ZIP'

25-09-2024T13:48:38 - [MESSAGE][PASSED] - Text '' is set on object 'Object Repository/IWP30/Page_VRelay30Emulator/Order'

25-09-2024T13:48:38 - [MESSAGE][PASSED] - Text '' is set on object 'Object Repository/IWP30/Page_VRelay30Emulator/Company'

25-09-2024T13:48:39 - [MESSAGE][PASSED] - Text '' is set on object 'Object Repository/IWP30/Page_VRelay30Emulator/Email'

25-09-2024T13:48:40 - [MESSAGE][PASSED] - Text '' is set on object 'Object Repository/IWP30/Page_VRelay30Emulator/UDF1'

25-09-2024T13:48:40 - [MESSAGE][PASSED] - Text '' is set on object 'Object Repository/IWP30/Page_VRelay30Emulator/UDF2'

25-09-2024T13:48:41 - [MESSAGE][PASSED] - Text '' is set on object 'Object Repository/IWP30/Page_VRelay30Emulator/UDF3'

25-09-2024T13:48:41 - [MESSAGE][PASSED] - Text 'udf data 4' is set on object 'Object Repository/IWP30/Page_VRelay30Emulator/UDF4'

25-09-2024T13:48:42 - [MESSAGE][PASSED] - Text 'udf data 5' is set on object 'Object Repository/IWP30/Page_VRelay30Emulator/UDF5'

25-09-2024T13:48:42 - [MESSAGE][PASSED] - Text '' is set on object 'Object Repository/IWP30/Page_VRelay30Emulator/UDF6'

25-09-2024T13:48:43 - [MESSAGE][PASSED] - Text '' is set on object 'Object Repository/IWP30/Page_VRelay30Emulator/UDF7'

25-09-2024T13:48:44 - [MESSAGE][PASSED] - Text '' is set on object 'Object Repository/IWP30/Page_VRelay30Emulator/UDF8'

25-09-2024T13:48:44 - [MESSAGE][PASSED] - Text 'udf data 9' is set on object 'Object Repository/IWP30/Page_VRelay30Emulator/UDF9'

25-09-2024T13:48:45 - [MESSAGE][PASSED] - Text 'udf data 10' is set on object 'Object Repository/IWP30/Page_VRelay30Emulator/UDF10'

25-09-2024T13:48:46 - [MESSAGE][PASSED] - Object: 'Object Repository/IWP30/Page_VRelay30Emulator/Submit' is clicked on

25-09-2024T13:48:50 - [MESSAGE][PASSED] - Browser is closed

25-09-2024T13:48:54 - [MESSAGE][PASSED] - iwpPages.emulatorIWP30.setDataEmulator_DD is PASSED

25-09-2024T13:48:54 - [TEST_STEP][PASSED] - testHarnessURL = urlTestHarness: null

25-09-2024T13:48:54 - [TEST_STEP][PASSED] - openBrowser(testHarnessURL): Browser is opened with url: 'https://dev-algorithm.govolution.com/vrelaytest/QA/version_2_2/vrelaytest.html'

25-09-2024T13:48:54 - [MESSAGE][INFO] - Starting 'Edge Chromium' driver

25-09-2024T13:48:54 - [MESSAGE][INFO] - User set preference: ['acceptInsecureCerts', 'true']

25-09-2024T13:48:56 - [MESSAGE][INFO] - Action delay is set to 0 milliseconds

25-09-2024T13:49:00 - [MESSAGE][PASSED] - Browser is opened with url: 'https://dev-algorithm.govolution.com/vrelaytest/QA/version_2_2/vrelaytest.html'

25-09-2024T13:49:00 - [TEST_STEP][PASSED] - maximizeWindow(): Current window maximized

25-09-2024T13:49:00 - [MESSAGE][PASSED] - Current window maximized

25-09-2024T13:49:00 - [TEST_STEP][PASSED] - iwpPages.TestHarnessPage.setDataMethod(row, dataFile): iwpPages.TestHarnessPage.setDataMethod is PASSED

25-09-2024T13:49:00 - [MESSAGE][PASSED] - Object 'Object Repository/IWP30/Page_QATestHarness/RemittanceID' is present

25-09-2024T13:49:01 - [MESSAGE][PASSED] - Text '639' is set on object 'Object Repository/IWP30/Page_QATestHarness/ApplicationID'

25-09-2024T13:49:01 - [MESSAGE][PASSED] - Text '2.5' is set on object 'Object Repository/IWP30/Page_QATestHarness/MessageVersion'

25-09-2024T13:49:02 - [MESSAGE][PASSED] - Text '0UtHqOxwYClP' is set on object 'Object Repository/IWP30/Page_QATestHarness/RemittanceID'

25-09-2024T13:49:05 - [MESSAGE][PASSED] - Object: 'Object Repository/IWP30/Page_QATestHarness/SubmitButton' is clicked on

25-09-2024T13:49:05 - [MESSAGE][PASSED] - iwpPages.TestHarnessPage.setDataMethod is PASSED

25-09-2024T13:49:05 - [TEST_STEP][PASSED] - click(findTestObject("Object Repository/IWP30/Page_SelectPaymentMethod/PayByPersonalCheck")): Object: 'Object Repository/IWP30/Page_SelectPaymentMethod/PayByPersonalCheck' is clicked on

25-09-2024T13:49:05 - [MESSAGE][PASSED] - Object: 'Object Repository/IWP30/Page_SelectPaymentMethod/PayByPersonalCheck' is clicked on

25-09-2024T13:49:05 - [TEST_STEP][PASSED] - click(findTestObject("Object Repository/IWP30/Page_SelectPaymentMethod/MakePaymentButton")): Object: 'Object Repository/IWP30/Page_SelectPaymentMethod/MakePaymentButton' is clicked on

25-09-2024T13:49:07 - [MESSAGE][PASSED] - Object: 'Object Repository/IWP30/Page_SelectPaymentMethod/MakePaymentButton' is clicked on

25-09-2024T13:49:07 - [TEST_STEP][PASSED] - iwpPages.achPersonalPaymentEntryPage.setDataACHPPM(row, dataFile): iwpPages.achPersonalPaymentEntryPage.setDataACHPPM is PASSED

25-09-2024T13:49:08 - [MESSAGE][PASSED] - Object 'Object Repository/IWP30/Page_ACHPersonalPaymentEntry/txt_accountNumber' is present

25-09-2024T13:49:09 - [MESSAGE][PASSED] - Text '10.50' is set on object 'Object Repository/IWP30/Page_ACHPersonalPaymentEntry/txt_Amount'

25-09-2024T13:49:09 - [MESSAGE][PASSED] - Object 'Object Repository/IWP30/Page_ACHPersonalPaymentEntry/txt_UDF2' is present

25-09-2024T13:49:09 - [MESSAGE][PASSED] - Text 'udf data 2' is set on object 'Object Repository/IWP30/Page_ACHPersonalPaymentEntry/txt_UDF2'

25-09-2024T13:49:10 - [MESSAGE][PASSED] - Text 'udf data 3' is set on object 'Object Repository/IWP30/Page_ACHPersonalPaymentEntry/txt_UDF3'

25-09-2024T13:49:11 - [MESSAGE][PASSED] - All options with label 'Orange' are selected in object 'Object Repository/IWP30/Page_ACHPersonalPaymentEntry/dd_UDF7' 

25-09-2024T13:49:11 - [MESSAGE][PASSED] - All options with label 'Soccer' are selected in object 'Object Repository/IWP30/Page_ACHPersonalPaymentEntry/dd_UDF8' 

25-09-2024T13:49:11 - [MESSAGE][PASSED] - Object 'Object Repository/IWP30/Page_ACHPersonalPaymentEntry/txt_Firstname' is present

25-09-2024T13:49:12 - [MESSAGE][PASSED] - Text 'Elizath' is set on object 'Object Repository/IWP30/Page_ACHPersonalPaymentEntry/txt_Firstname'

25-09-2024T13:49:12 - [MESSAGE][PASSED] - Object 'Object Repository/IWP30/Page_ACHPersonalPaymentEntry/txt_Lastname' is present

25-09-2024T13:49:13 - [MESSAGE][PASSED] - Text 'Christine' is set on object 'Object Repository/IWP30/Page_ACHPersonalPaymentEntry/txt_Lastname'

25-09-2024T13:49:13 - [MESSAGE][PASSED] - Object 'Object Repository/IWP30/Page_ACHPersonalPaymentEntry/txt_routingNumber' is present

25-09-2024T13:49:14 - [MESSAGE][PASSED] - Text '256072691' is set on object 'Object Repository/IWP30/Page_ACHPersonalPaymentEntry/txt_routingNumber'

25-09-2024T13:49:14 - [MESSAGE][PASSED] - Object 'Object Repository/IWP30/Page_ACHPersonalPaymentEntry/txt_accountNumber' is present

25-09-2024T13:49:15 - [MESSAGE][PASSED] - Text '12344444' is set on object 'Object Repository/IWP30/Page_ACHPersonalPaymentEntry/txt_accountNumber'

25-09-2024T13:49:16 - [MESSAGE][PASSED] - Object 'Object Repository/IWP30/Page_ACHPersonalPaymentEntry/txt_confirmAccountNumber' is present

25-09-2024T13:49:17 - [MESSAGE][PASSED] - Text '12344444' is set on object 'Object Repository/IWP30/Page_ACHPersonalPaymentEntry/txt_confirmAccountNumber'

25-09-2024T13:49:17 - [MESSAGE][PASSED] - Object 'Object Repository/IWP30/Page_ACHPersonalPaymentEntry/rd_accountType' is present

25-09-2024T13:49:17 - [MESSAGE][PASSED] - Modify property of object successfully

25-09-2024T13:49:17 - [MESSAGE][PASSED] - Object: 'Object Repository/IWP30/Page_ACHPersonalPaymentEntry/rd_accountType' is clicked on

25-09-2024T13:49:18 - [MESSAGE][PASSED] - Text '365 Main Avenue' is set on object 'Object Repository/IWP30/Page_ACHPersonalPaymentEntry/txt_AL1'

25-09-2024T13:49:18 - [MESSAGE][PASSED] - Text '22201' is set on object 'Object Repository/IWP30/Page_ACHPersonalPaymentEntry/txt_ZIP'

25-09-2024T13:49:19 - [MESSAGE][PASSED] - Object 'Object Repository/IWP30/Page_ACHPersonalPaymentEntry/txt_Email' is present

25-09-2024T13:49:19 - [MESSAGE][PASSED] - Text 'iahmed@govolution.com' is set on object 'Object Repository/IWP30/Page_ACHPersonalPaymentEntry/txt_Email'

25-09-2024T13:49:20 - [MESSAGE][PASSED] - Object 'Object Repository/IWP30/Page_ACHPersonalPaymentEntry/cb_TermsAndCond' is present

25-09-2024T13:49:20 - [MESSAGE][PASSED] - Object: 'Object Repository/IWP30/Page_ACHPersonalPaymentEntry/cb_TermsAndCond' is clicked on

25-09-2024T13:49:20 - [MESSAGE][PASSED] - Object 'Object Repository/IWP30/Page_ACHPersonalPaymentEntry/btn_Continue' is present

25-09-2024T13:49:22 - [MESSAGE][PASSED] - Object: 'Object Repository/IWP30/Page_ACHPersonalPaymentEntry/btn_Continue' is clicked on

25-09-2024T13:49:22 - [MESSAGE][PASSED] - iwpPages.achPersonalPaymentEntryPage.setDataACHPPM is PASSED

25-09-2024T13:49:22 - [TEST_STEP][PASSED] - click(findTestObject("Object Repository/IWP30/Page_Confirmation/ConfirmButton")): Object: 'Object Repository/IWP30/Page_Confirmation/ConfirmButton' is clicked on

25-09-2024T13:49:23 - [MESSAGE][PASSED] - Object: 'Object Repository/IWP30/Page_Confirmation/ConfirmButton' is clicked on

25-09-2024T13:49:23 - [TEST_STEP][PASSED] - Thread.sleep(5000): null

25-09-2024T13:49:28 - [TEST_STEP][PASSED] - if (verifyTextPresent("Make a Real Estate Payment", false)): null

25-09-2024T13:49:29 - [MESSAGE][PASSED] - Text 'Make a Real Estate Payment' is present on page 

25-09-2024T13:49:29 - [TEST_STEP][PASSED] - isRequiredTextPresent = true: null

25-09-2024T13:49:29 - [TEST_STEP][PASSED] - println(isRequiredTextPresent): null

25-09-2024T13:49:29 - [TEST_STEP][PASSED] - if (isRequiredTextPresent): null

25-09-2024T13:49:29 - [TEST_STEP][PASSED] - if (verifyTextPresent("This transaction is subject to a Convenience Fees of $2.00.", false)): null

25-09-2024T13:49:29 - [MESSAGE][PASSED] - Text 'This transaction is subject to a Convenience Fees of $2.00.' is present on page 

25-09-2024T13:49:29 - [TEST_STEP][PASSED] - isRequiredTextPresent = true: null

25-09-2024T13:49:29 - [TEST_STEP][PASSED] - println(isRequiredTextPresent): null

25-09-2024T13:49:29 - [TEST_STEP][PASSED] - if (isRequiredTextPresent): null

25-09-2024T13:49:29 - [TEST_STEP][PASSED] - if (verifyTextPresent("Payment Amount:  $10.50", false)): null

25-09-2024T13:49:29 - [MESSAGE][PASSED] - Text 'Payment Amount:  $10.50' is present on page 

25-09-2024T13:49:29 - [TEST_STEP][PASSED] - isRequiredTextPresent = true: null

25-09-2024T13:49:29 - [TEST_STEP][PASSED] - if (isRequiredTextPresent): null

25-09-2024T13:49:29 - [TEST_STEP][PASSED] - if (verifyTextPresent("Convenience Fees:  $2.00", false)): null

25-09-2024T13:49:30 - [MESSAGE][PASSED] - Text 'Convenience Fees:  $2.00' is present on page 

25-09-2024T13:49:30 - [TEST_STEP][PASSED] - isRequiredTextPresent = true: null

25-09-2024T13:49:30 - [TEST_STEP][PASSED] - if (isRequiredTextPresent): null

25-09-2024T13:49:30 - [TEST_STEP][PASSED] - if (verifyTextPresent("Total Amount:  $12.50", false)): null

25-09-2024T13:49:30 - [MESSAGE][PASSED] - Text 'Total Amount:  $12.50' is present on page 

25-09-2024T13:49:30 - [TEST_STEP][PASSED] - isRequiredTextPresent = true: null

25-09-2024T13:49:30 - [TEST_STEP][PASSED] - if (isRequiredTextPresent): null

25-09-2024T13:49:30 - [TEST_STEP][PASSED] - if (verifyTextPresent("One transaction in the amount of $12.50 will appear on your bank statement.", false)): null

25-09-2024T13:49:30 - [MESSAGE][PASSED] - Text 'One transaction in the amount of $12.50 will appear on your bank statement.' is present on page 

25-09-2024T13:49:30 - [TEST_STEP][PASSED] - isRequiredTextPresent = true: null

25-09-2024T13:49:30 - [TEST_STEP][PASSED] - Thread.sleep(10000): null

25-09-2024T13:49:40 - [TEST_STEP][PASSED] - click(findTestObject("Object Repository/IWP30/Page_ConvenienceFees/btn_convFeeNotifyAction")): Object: 'Object Repository/IWP30/Page_ConvenienceFees/btn_convFeeNotifyAction' is clicked on

25-09-2024T13:49:42 - [MESSAGE][PASSED] - Object: 'Object Repository/IWP30/Page_ConvenienceFees/btn_convFeeNotifyAction' is clicked on

25-09-2024T13:49:42 - [TEST_STEP][PASSED] - Thread.sleep(10000): null

25-09-2024T13:49:52 - [TEST_STEP][PASSED] - if (verifyTextPresent("Successful Payment Receipt", false)): null

25-09-2024T13:49:52 - [MESSAGE][PASSED] - Text 'Successful Payment Receipt' is present on page 

25-09-2024T13:49:52 - [TEST_STEP][PASSED] - println("Successful Payment Receipt text is present on the Receipt page"): null

25-09-2024T13:49:52 - [TEST_STEP][PASSED] - markPassed("Successful Payment Receipt text is present on the Receipt page"): Successful Payment Receipt text is present on the Receipt page

25-09-2024T13:49:52 - [MESSAGE][PASSED] - Successful Payment Receipt text is present on the Receipt page

25-09-2024T13:49:52 - [TEST_STEP][PASSED] - resText = "Pass": null

25-09-2024T13:49:52 - [TEST_STEP][PASSED] - pages.WriteExcel.demoKey(resText, datText, resColumn, datCloumn, fileLoc, nameSheet, row): pages.WriteExcel.demoKey is PASSED

25-09-2024T13:49:52 - [MESSAGE][PASSED] - pages.WriteExcel.demoKey is PASSED

25-09-2024T13:49:52 - [TEST_STEP][PASSED] - closeBrowser(): Browser is closed

25-09-2024T13:49:52 - [MESSAGE][PASSED] - Browser is closed

25-09-2024T13:49:52 - [TEST_STEP][PASSED] - ExecuteTC = findTestData(dataFile).getValue("Execute", row): null

25-09-2024T13:49:53 - [TEST_STEP][PASSED] - out.println("Value of Execute is : " + ExecuteTC): null

25-09-2024T13:49:53 - [TEST_STEP][PASSED] - if (ExecuteTC.equalsIgnoreCase("Y")): null

25-09-2024T13:49:53 - [TEST_STEP][PASSED] - out.println("Begin Record Number: " + row): null

25-09-2024T13:49:53 - [TEST_STEP][PASSED] - today = new java.util.Date(): null

25-09-2024T13:49:53 - [TEST_STEP][PASSED] - println(today): null

25-09-2024T13:49:53 - [TEST_STEP][PASSED] - datText = today: null

25-09-2024T13:49:53 - [TEST_STEP][PASSED] - EmulatorDataKey = findTestData(dataFile).getValue("EmulatorData", row): null

25-09-2024T13:49:53 - [TEST_STEP][PASSED] - out.println("Value of Emulator Key is : " + EmulatorDataKey): null

25-09-2024T13:49:53 - [TEST_STEP][PASSED] - iwpPages.emulatorIWP30.setDataEmulator_DD(EmulatorDataKey): iwpPages.emulatorIWP30.setDataEmulator_DD is PASSED

25-09-2024T13:49:53 - [MESSAGE][INFO] - Starting 'Edge Chromium' driver

25-09-2024T13:49:53 - [MESSAGE][INFO] - User set preference: ['acceptInsecureCerts', 'true']

25-09-2024T13:49:55 - [MESSAGE][INFO] - Action delay is set to 0 milliseconds

25-09-2024T13:49:58 - [MESSAGE][PASSED] - Browser is opened with url: 'https://qa.velocitypayment.com/agency/config.do?action=editor&message_version=2_5'

25-09-2024T13:49:58 - [MESSAGE][PASSED] - Current window maximized

25-09-2024T13:49:59 - [MESSAGE][PASSED] - All options with value '2.5' are selected in object 'Object Repository/IWP30/Page_VRelay30Emulator/MV'  using regular expression

25-09-2024T13:50:00 - [MESSAGE][PASSED] - Text '10.50' is set on object 'Object Repository/IWP30/Page_VRelay30Emulator/Amount'

25-09-2024T13:50:01 - [MESSAGE][PASSED] - Text 'sYMeZUqzHczn' is set on object 'Object Repository/IWP30/Page_VRelay30Emulator/CAN'

25-09-2024T13:50:01 - [MESSAGE][PASSED] - Text 'PayNow' is set on object 'Object Repository/IWP30/Page_VRelay30Emulator/Action'

25-09-2024T13:50:02 - [MESSAGE][PASSED] - Text 'en_US' is set on object 'Object Repository/IWP30/Page_VRelay30Emulator/Lang'

25-09-2024T13:50:02 - [MESSAGE][PASSED] - Text 'Jasmine' is set on object 'Object Repository/IWP30/Page_VRelay30Emulator/Fname'

25-09-2024T13:50:03 - [MESSAGE][PASSED] - Text 'Patrinol' is set on object 'Object Repository/IWP30/Page_VRelay30Emulator/Lname'

25-09-2024T13:50:04 - [MESSAGE][PASSED] - Text '258 Underwood rd' is set on object 'Object Repository/IWP30/Page_VRelay30Emulator/AL1'

25-09-2024T13:50:04 - [MESSAGE][PASSED] - Text 'Suite 600' is set on object 'Object Repository/IWP30/Page_VRelay30Emulator/AL2'

25-09-2024T13:50:05 - [MESSAGE][PASSED] - Text '840' is set on object 'Object Repository/IWP30/Page_VRelay30Emulator/Country'

25-09-2024T13:50:05 - [MESSAGE][PASSED] - Text 'Arlington' is set on object 'Object Repository/IWP30/Page_VRelay30Emulator/City'

25-09-2024T13:50:06 - [MESSAGE][PASSED] - Text 'VA' is set on object 'Object Repository/IWP30/Page_VRelay30Emulator/State'

25-09-2024T13:50:07 - [MESSAGE][PASSED] - Text '22201' is set on object 'Object Repository/IWP30/Page_VRelay30Emulator/ZIP'

25-09-2024T13:50:07 - [MESSAGE][PASSED] - Text '' is set on object 'Object Repository/IWP30/Page_VRelay30Emulator/Order'

25-09-2024T13:50:08 - [MESSAGE][PASSED] - Text 'Some Company' is set on object 'Object Repository/IWP30/Page_VRelay30Emulator/Company'

25-09-2024T13:50:08 - [MESSAGE][PASSED] - Text 'iahmed@govolution.com' is set on object 'Object Repository/IWP30/Page_VRelay30Emulator/Email'

25-09-2024T13:50:09 - [MESSAGE][PASSED] - Text 'udf data 1' is set on object 'Object Repository/IWP30/Page_VRelay30Emulator/UDF1'

25-09-2024T13:50:10 - [MESSAGE][PASSED] - Text 'udf data 2' is set on object 'Object Repository/IWP30/Page_VRelay30Emulator/UDF2'

25-09-2024T13:50:10 - [MESSAGE][PASSED] - Text 'udf data 3' is set on object 'Object Repository/IWP30/Page_VRelay30Emulator/UDF3'

25-09-2024T13:50:11 - [MESSAGE][PASSED] - Text 'udf data 4' is set on object 'Object Repository/IWP30/Page_VRelay30Emulator/UDF4'

25-09-2024T13:50:11 - [MESSAGE][PASSED] - Text 'udf data 5' is set on object 'Object Repository/IWP30/Page_VRelay30Emulator/UDF5'

25-09-2024T13:50:12 - [MESSAGE][PASSED] - Text 'udf data 6' is set on object 'Object Repository/IWP30/Page_VRelay30Emulator/UDF6'

25-09-2024T13:50:13 - [MESSAGE][PASSED] - Text 'Orange' is set on object 'Object Repository/IWP30/Page_VRelay30Emulator/UDF7'

25-09-2024T13:50:13 - [MESSAGE][PASSED] - Text 'Soccer' is set on object 'Object Repository/IWP30/Page_VRelay30Emulator/UDF8'

25-09-2024T13:50:14 - [MESSAGE][PASSED] - Text 'udf data 9' is set on object 'Object Repository/IWP30/Page_VRelay30Emulator/UDF9'

25-09-2024T13:50:14 - [MESSAGE][PASSED] - Text 'udf data 10' is set on object 'Object Repository/IWP30/Page_VRelay30Emulator/UDF10'

25-09-2024T13:50:16 - [MESSAGE][PASSED] - Object: 'Object Repository/IWP30/Page_VRelay30Emulator/Submit' is clicked on

25-09-2024T13:50:20 - [MESSAGE][PASSED] - Browser is closed

25-09-2024T13:50:24 - [MESSAGE][PASSED] - iwpPages.emulatorIWP30.setDataEmulator_DD is PASSED

25-09-2024T13:50:24 - [TEST_STEP][PASSED] - testHarnessURL = urlTestHarness: null

25-09-2024T13:50:24 - [TEST_STEP][PASSED] - openBrowser(testHarnessURL): Browser is opened with url: 'https://dev-algorithm.govolution.com/vrelaytest/QA/version_2_2/vrelaytest.html'

25-09-2024T13:50:24 - [MESSAGE][INFO] - Starting 'Edge Chromium' driver

25-09-2024T13:50:24 - [MESSAGE][INFO] - User set preference: ['acceptInsecureCerts', 'true']

25-09-2024T13:50:26 - [MESSAGE][INFO] - Action delay is set to 0 milliseconds

25-09-2024T13:50:29 - [MESSAGE][PASSED] - Browser is opened with url: 'https://dev-algorithm.govolution.com/vrelaytest/QA/version_2_2/vrelaytest.html'

25-09-2024T13:50:29 - [TEST_STEP][PASSED] - maximizeWindow(): Current window maximized

25-09-2024T13:50:29 - [MESSAGE][PASSED] - Current window maximized

25-09-2024T13:50:29 - [TEST_STEP][PASSED] - iwpPages.TestHarnessPage.setDataMethod(row, dataFile): iwpPages.TestHarnessPage.setDataMethod is PASSED

25-09-2024T13:50:30 - [MESSAGE][PASSED] - Object 'Object Repository/IWP30/Page_QATestHarness/RemittanceID' is present

25-09-2024T13:50:30 - [MESSAGE][PASSED] - Text '639' is set on object 'Object Repository/IWP30/Page_QATestHarness/ApplicationID'

25-09-2024T13:50:31 - [MESSAGE][PASSED] - Text '2.5' is set on object 'Object Repository/IWP30/Page_QATestHarness/MessageVersion'

25-09-2024T13:50:32 - [MESSAGE][PASSED] - Text 'J8uK5BZ1CIYq' is set on object 'Object Repository/IWP30/Page_QATestHarness/RemittanceID'

25-09-2024T13:50:35 - [MESSAGE][PASSED] - Object: 'Object Repository/IWP30/Page_QATestHarness/SubmitButton' is clicked on

25-09-2024T13:50:35 - [MESSAGE][PASSED] - iwpPages.TestHarnessPage.setDataMethod is PASSED

25-09-2024T13:50:35 - [TEST_STEP][PASSED] - click(findTestObject("Object Repository/IWP30/Page_SelectPaymentMethod/PayByPersonalCheck")): Object: 'Object Repository/IWP30/Page_SelectPaymentMethod/PayByPersonalCheck' is clicked on

25-09-2024T13:50:35 - [MESSAGE][PASSED] - Object: 'Object Repository/IWP30/Page_SelectPaymentMethod/PayByPersonalCheck' is clicked on

25-09-2024T13:50:35 - [TEST_STEP][PASSED] - click(findTestObject("Object Repository/IWP30/Page_SelectPaymentMethod/MakePaymentButton")): Object: 'Object Repository/IWP30/Page_SelectPaymentMethod/MakePaymentButton' is clicked on

25-09-2024T13:50:37 - [MESSAGE][PASSED] - Object: 'Object Repository/IWP30/Page_SelectPaymentMethod/MakePaymentButton' is clicked on

25-09-2024T13:50:37 - [TEST_STEP][PASSED] - iwpPages.achPersonalPaymentEntryPage.setDataACHPPM(row, dataFile): iwpPages.achPersonalPaymentEntryPage.setDataACHPPM is PASSED

25-09-2024T13:50:38 - [MESSAGE][PASSED] - Object 'Object Repository/IWP30/Page_ACHPersonalPaymentEntry/txt_accountNumber' is present

25-09-2024T13:50:38 - [MESSAGE][PASSED] - Object 'Object Repository/IWP30/Page_ACHPersonalPaymentEntry/txt_UDF2' is present

25-09-2024T13:50:39 - [MESSAGE][PASSED] - All options with label 'Soccer' are selected in object 'Object Repository/IWP30/Page_ACHPersonalPaymentEntry/dd_UDF8' 

25-09-2024T13:50:39 - [MESSAGE][PASSED] - Object 'Object Repository/IWP30/Page_ACHPersonalPaymentEntry/txt_Firstname' is present

25-09-2024T13:50:40 - [MESSAGE][PASSED] - Text 'Elizath' is set on object 'Object Repository/IWP30/Page_ACHPersonalPaymentEntry/txt_Firstname'

25-09-2024T13:50:40 - [MESSAGE][PASSED] - Object 'Object Repository/IWP30/Page_ACHPersonalPaymentEntry/txt_Lastname' is present

25-09-2024T13:50:40 - [MESSAGE][PASSED] - Text 'Christine' is set on object 'Object Repository/IWP30/Page_ACHPersonalPaymentEntry/txt_Lastname'

25-09-2024T13:50:41 - [MESSAGE][PASSED] - Object 'Object Repository/IWP30/Page_ACHPersonalPaymentEntry/txt_routingNumber' is present

25-09-2024T13:50:41 - [MESSAGE][PASSED] - Text '256072691' is set on object 'Object Repository/IWP30/Page_ACHPersonalPaymentEntry/txt_routingNumber'

25-09-2024T13:50:41 - [MESSAGE][PASSED] - Object 'Object Repository/IWP30/Page_ACHPersonalPaymentEntry/txt_accountNumber' is present

25-09-2024T13:50:43 - [MESSAGE][PASSED] - Text '12344444' is set on object 'Object Repository/IWP30/Page_ACHPersonalPaymentEntry/txt_accountNumber'

25-09-2024T13:50:43 - [MESSAGE][PASSED] - Object 'Object Repository/IWP30/Page_ACHPersonalPaymentEntry/txt_confirmAccountNumber' is present

25-09-2024T13:50:44 - [MESSAGE][PASSED] - Text '12344444' is set on object 'Object Repository/IWP30/Page_ACHPersonalPaymentEntry/txt_confirmAccountNumber'

25-09-2024T13:50:44 - [MESSAGE][PASSED] - Object 'Object Repository/IWP30/Page_ACHPersonalPaymentEntry/rd_accountType' is present

25-09-2024T13:50:44 - [MESSAGE][PASSED] - Modify property of object successfully

25-09-2024T13:50:44 - [MESSAGE][PASSED] - Object: 'Object Repository/IWP30/Page_ACHPersonalPaymentEntry/rd_accountType' is clicked on

25-09-2024T13:50:45 - [MESSAGE][PASSED] - Object 'Object Repository/IWP30/Page_ACHPersonalPaymentEntry/txt_Email' is present

25-09-2024T13:50:45 - [MESSAGE][PASSED] - Object 'Object Repository/IWP30/Page_ACHPersonalPaymentEntry/cb_TermsAndCond' is present

25-09-2024T13:50:45 - [MESSAGE][PASSED] - Object: 'Object Repository/IWP30/Page_ACHPersonalPaymentEntry/cb_TermsAndCond' is clicked on

25-09-2024T13:50:45 - [MESSAGE][PASSED] - Object 'Object Repository/IWP30/Page_ACHPersonalPaymentEntry/btn_Continue' is present

25-09-2024T13:50:47 - [MESSAGE][PASSED] - Object: 'Object Repository/IWP30/Page_ACHPersonalPaymentEntry/btn_Continue' is clicked on

25-09-2024T13:50:47 - [MESSAGE][PASSED] - iwpPages.achPersonalPaymentEntryPage.setDataACHPPM is PASSED

25-09-2024T13:50:47 - [TEST_STEP][PASSED] - click(findTestObject("Object Repository/IWP30/Page_Confirmation/ConfirmButton")): Object: 'Object Repository/IWP30/Page_Confirmation/ConfirmButton' is clicked on

25-09-2024T13:50:48 - [MESSAGE][PASSED] - Object: 'Object Repository/IWP30/Page_Confirmation/ConfirmButton' is clicked on

25-09-2024T13:50:48 - [TEST_STEP][PASSED] - Thread.sleep(5000): null

25-09-2024T13:50:53 - [TEST_STEP][PASSED] - if (verifyTextPresent("Make a Real Estate Payment", false)): null

25-09-2024T13:50:53 - [MESSAGE][PASSED] - Text 'Make a Real Estate Payment' is present on page 

25-09-2024T13:50:53 - [TEST_STEP][PASSED] - isRequiredTextPresent = true: null

25-09-2024T13:50:53 - [TEST_STEP][PASSED] - println(isRequiredTextPresent): null

25-09-2024T13:50:53 - [TEST_STEP][PASSED] - if (isRequiredTextPresent): null

25-09-2024T13:50:53 - [TEST_STEP][PASSED] - if (verifyTextPresent("This transaction is subject to a Convenience Fees of $2.00.", false)): null

25-09-2024T13:50:54 - [MESSAGE][PASSED] - Text 'This transaction is subject to a Convenience Fees of $2.00.' is present on page 

25-09-2024T13:50:54 - [TEST_STEP][PASSED] - isRequiredTextPresent = true: null

25-09-2024T13:50:54 - [TEST_STEP][PASSED] - println(isRequiredTextPresent): null

25-09-2024T13:50:54 - [TEST_STEP][PASSED] - if (isRequiredTextPresent): null

25-09-2024T13:50:54 - [TEST_STEP][PASSED] - if (verifyTextPresent("Payment Amount:  $10.50", false)): null

25-09-2024T13:50:54 - [MESSAGE][PASSED] - Text 'Payment Amount:  $10.50' is present on page 

25-09-2024T13:50:54 - [TEST_STEP][PASSED] - isRequiredTextPresent = true: null

25-09-2024T13:50:54 - [TEST_STEP][PASSED] - if (isRequiredTextPresent): null

25-09-2024T13:50:54 - [TEST_STEP][PASSED] - if (verifyTextPresent("Convenience Fees:  $2.00", false)): null

25-09-2024T13:50:54 - [MESSAGE][PASSED] - Text 'Convenience Fees:  $2.00' is present on page 

25-09-2024T13:50:54 - [TEST_STEP][PASSED] - isRequiredTextPresent = true: null

25-09-2024T13:50:54 - [TEST_STEP][PASSED] - if (isRequiredTextPresent): null

25-09-2024T13:50:54 - [TEST_STEP][PASSED] - if (verifyTextPresent("Total Amount:  $12.50", false)): null

25-09-2024T13:50:54 - [MESSAGE][PASSED] - Text 'Total Amount:  $12.50' is present on page 

25-09-2024T13:50:54 - [TEST_STEP][PASSED] - isRequiredTextPresent = true: null

25-09-2024T13:50:54 - [TEST_STEP][PASSED] - if (isRequiredTextPresent): null

25-09-2024T13:50:54 - [TEST_STEP][PASSED] - if (verifyTextPresent("One transaction in the amount of $12.50 will appear on your bank statement.", false)): null

25-09-2024T13:50:55 - [MESSAGE][PASSED] - Text 'One transaction in the amount of $12.50 will appear on your bank statement.' is present on page 

25-09-2024T13:50:55 - [TEST_STEP][PASSED] - isRequiredTextPresent = true: null

25-09-2024T13:50:55 - [TEST_STEP][PASSED] - Thread.sleep(10000): null

25-09-2024T13:51:05 - [TEST_STEP][PASSED] - click(findTestObject("Object Repository/IWP30/Page_ConvenienceFees/btn_convFeeNotifyAction")): Object: 'Object Repository/IWP30/Page_ConvenienceFees/btn_convFeeNotifyAction' is clicked on

25-09-2024T13:51:06 - [MESSAGE][PASSED] - Object: 'Object Repository/IWP30/Page_ConvenienceFees/btn_convFeeNotifyAction' is clicked on

25-09-2024T13:51:06 - [TEST_STEP][PASSED] - Thread.sleep(10000): null

25-09-2024T13:51:16 - [TEST_STEP][PASSED] - if (verifyTextPresent("Successful Payment Receipt", false)): null

25-09-2024T13:51:16 - [MESSAGE][PASSED] - Text 'Successful Payment Receipt' is present on page 

25-09-2024T13:51:16 - [TEST_STEP][PASSED] - println("Successful Payment Receipt text is present on the Receipt page"): null

25-09-2024T13:51:16 - [TEST_STEP][PASSED] - markPassed("Successful Payment Receipt text is present on the Receipt page"): Successful Payment Receipt text is present on the Receipt page

25-09-2024T13:51:16 - [MESSAGE][PASSED] - Successful Payment Receipt text is present on the Receipt page

25-09-2024T13:51:16 - [TEST_STEP][PASSED] - resText = "Pass": null

25-09-2024T13:51:16 - [TEST_STEP][PASSED] - pages.WriteExcel.demoKey(resText, datText, resColumn, datCloumn, fileLoc, nameSheet, row): pages.WriteExcel.demoKey is PASSED

25-09-2024T13:51:16 - [MESSAGE][PASSED] - pages.WriteExcel.demoKey is PASSED

25-09-2024T13:51:16 - [TEST_STEP][PASSED] - closeBrowser(): Browser is closed

25-09-2024T13:51:17 - [MESSAGE][PASSED] - Browser is closed]]></system-out>
         <system-err><![CDATA[]]></system-err>
      </testcase>
      <testcase name="Test Cases/IntegratedWeb/IWP25/Payments/PayNowSuccesfulPaymentCC" time="46.848" classname="Test Cases/IntegratedWeb/IWP25/Payments/PayNowSuccesfulPaymentCC" status="ERROR">
         <error type="ERROR" message="Test Cases/IntegratedWeb/IWP25/Payments/PayNowSuccesfulPaymentCC FAILED.&#xa;Reason:&#xa;java.lang.IllegalArgumentException: Invalid column name 'CCEmail' for test data 'C:\Users\t476046\Documents\katalon\VPS-Katalon\KatalonData\IWPTestData\VRelay25Payments.xlsx'. Possible values are '{Result,Date,Notes,Execute,EmulatorData,AppID,MessageVersion,Amount,UDF1,UDF2,UDF3,UDF4,UDF5,UDF6,UDF7,UDF8,UDF9,UDF10,Name,CardNum,SPC,ExpM,ExpY,CCDate,AL1,AL2,ZIP,Email}'&#xa;	at com.kms.katalon.core.testdata.AbstractTestData.verifyColumnName(AbstractTestData.java:78)&#xa;	at com.kms.katalon.core.testdata.AbstractTestData.getObjectValue(AbstractTestData.java:136)&#xa;	at com.kms.katalon.core.testdata.AbstractTestData.getValue(AbstractTestData.java:107)&#xa;	at iwpPages.ccPaymentEntryPage.setDataIWPCreditCard(ccPaymentEntryPage.groovy:496)&#xa;	at java.base/jdk.internal.reflect.NativeMethodAccessorImpl.invoke0(Native Method)&#xa;	at java.base/jdk.internal.reflect.NativeMethodAccessorImpl.invoke(NativeMethodAccessorImpl.java:77)&#xa;	at java.base/jdk.internal.reflect.DelegatingMethodAccessorImpl.invoke(DelegatingMethodAccessorImpl.java:43)&#xa;	at com.kms.katalon.core.main.CustomKeywordDelegatingMetaClass.invokeStaticMethod(CustomKeywordDelegatingMetaClass.java:55)&#xa;	at PayNowSuccesfulPaymentCC.run(PayNowSuccesfulPaymentCC:81)&#xa;	at com.kms.katalon.core.main.ScriptEngine.run(ScriptEngine.java:194)&#xa;	at com.kms.katalon.core.main.ScriptEngine.runScriptAsRawText(ScriptEngine.java:119)&#xa;	at com.kms.katalon.core.main.TestCaseExecutor.runScript(TestCaseExecutor.java:448)&#xa;	at com.kms.katalon.core.main.TestCaseExecutor.doExecute(TestCaseExecutor.java:439)&#xa;	at com.kms.katalon.core.main.TestCaseExecutor.processExecutionPhase(TestCaseExecutor.java:418)&#xa;	at com.kms.katalon.core.main.TestCaseExecutor.accessMainPhase(TestCaseExecutor.java:410)&#xa;	at com.kms.katalon.core.main.TestCaseExecutor.execute(TestCaseExecutor.java:285)&#xa;	at com.kms.katalon.core.common.CommonExecutor.accessTestCaseMainPhase(CommonExecutor.java:65)&#xa;	at com.kms.katalon.core.main.TestSuiteExecutor.accessTestSuiteMainPhase(TestSuiteExecutor.java:150)&#xa;	at com.kms.katalon.core.main.TestSuiteExecutor.execute(TestSuiteExecutor.java:106)&#xa;	at com.kms.katalon.core.main.TestCaseMain.startTestSuite(TestCaseMain.java:180)&#xa;	at TempTestSuite1727249381322.run(TempTestSuite1727249381322.groovy:35)&#xa;	at java.base/jdk.internal.reflect.NativeMethodAccessorImpl.invoke0(Native Method)&#xa;	at java.base/jdk.internal.reflect.NativeMethodAccessorImpl.invoke(NativeMethodAccessorImpl.java:77)&#xa;	at java.base/jdk.internal.reflect.DelegatingMethodAccessorImpl.invoke(DelegatingMethodAccessorImpl.java:43)&#xa;"/>
         <system-out><![CDATA[25-09-2024T13:51:17 - [TEST_CASE][ERROR] - Test Cases/IntegratedWeb/IWP25/Payments/PayNowSuccesfulPaymentCC: Test Cases/IntegratedWeb/IWP25/Payments/PayNowSuccesfulPaymentCC FAILED.
Reason:
java.lang.IllegalArgumentException: Invalid column name 'CCEmail' for test data 'C:\Users\t476046\Documents\katalon\VPS-Katalon\KatalonData\IWPTestData\VRelay25Payments.xlsx'. Possible values are '{Result,Date,Notes,Execute,EmulatorData,AppID,MessageVersion,Amount,UDF1,UDF2,UDF3,UDF4,UDF5,UDF6,UDF7,UDF8,UDF9,UDF10,Name,CardNum,SPC,ExpM,ExpY,CCDate,AL1,AL2,ZIP,Email}'
	at com.kms.katalon.core.testdata.AbstractTestData.verifyColumnName(AbstractTestData.java:78)
	at com.kms.katalon.core.testdata.AbstractTestData.getObjectValue(AbstractTestData.java:136)
	at com.kms.katalon.core.testdata.AbstractTestData.getValue(AbstractTestData.java:107)
	at iwpPages.ccPaymentEntryPage.setDataIWPCreditCard(ccPaymentEntryPage.groovy:496)
	at java.base/jdk.internal.reflect.NativeMethodAccessorImpl.invoke0(Native Method)
	at java.base/jdk.internal.reflect.NativeMethodAccessorImpl.invoke(NativeMethodAccessorImpl.java:77)
	at java.base/jdk.internal.reflect.DelegatingMethodAccessorImpl.invoke(DelegatingMethodAccessorImpl.java:43)
	at com.kms.katalon.core.main.CustomKeywordDelegatingMetaClass.invokeStaticMethod(CustomKeywordDelegatingMetaClass.java:55)
	at PayNowSuccesfulPaymentCC.run(PayNowSuccesfulPaymentCC:81)
	at com.kms.katalon.core.main.ScriptEngine.run(ScriptEngine.java:194)
	at com.kms.katalon.core.main.ScriptEngine.runScriptAsRawText(ScriptEngine.java:119)
	at com.kms.katalon.core.main.TestCaseExecutor.runScript(TestCaseExecutor.java:448)
	at com.kms.katalon.core.main.TestCaseExecutor.doExecute(TestCaseExecutor.java:439)
	at com.kms.katalon.core.main.TestCaseExecutor.processExecutionPhase(TestCaseExecutor.java:418)
	at com.kms.katalon.core.main.TestCaseExecutor.accessMainPhase(TestCaseExecutor.java:410)
	at com.kms.katalon.core.main.TestCaseExecutor.execute(TestCaseExecutor.java:285)
	at com.kms.katalon.core.common.CommonExecutor.accessTestCaseMainPhase(CommonExecutor.java:65)
	at com.kms.katalon.core.main.TestSuiteExecutor.accessTestSuiteMainPhase(TestSuiteExecutor.java:150)
	at com.kms.katalon.core.main.TestSuiteExecutor.execute(TestSuiteExecutor.java:106)
	at com.kms.katalon.core.main.TestCaseMain.startTestSuite(TestCaseMain.java:180)
	at TempTestSuite1727249381322.run(TempTestSuite1727249381322.groovy:35)
	at java.base/jdk.internal.reflect.NativeMethodAccessorImpl.invoke0(Native Method)
	at java.base/jdk.internal.reflect.NativeMethodAccessorImpl.invoke(NativeMethodAccessorImpl.java:77)
	at java.base/jdk.internal.reflect.DelegatingMethodAccessorImpl.invoke(DelegatingMethodAccessorImpl.java:43)


25-09-2024T13:51:17 - [TEST_STEP][PASSED] - resText = "Fail": null

25-09-2024T13:51:17 - [TEST_STEP][PASSED] - resColumn = "Result": null

25-09-2024T13:51:17 - [TEST_STEP][PASSED] - datCloumn = "Date": null

25-09-2024T13:51:17 - [TEST_STEP][PASSED] - fileLoc = "KatalonData/IWPTestData/VRelay25Payments.xlsx": null

25-09-2024T13:51:17 - [TEST_STEP][PASSED] - numOfRows = <not implemented yet for class: org.codehaus.groovy.ast.expr.EmptyExpression>: null

25-09-2024T13:51:17 - [TEST_STEP][PASSED] - dataFile = <not implemented yet for class: org.codehaus.groovy.ast.expr.EmptyExpression>: null

25-09-2024T13:51:17 - [TEST_STEP][PASSED] - nameSheet = <not implemented yet for class: org.codehaus.groovy.ast.expr.EmptyExpression>: null

25-09-2024T13:51:17 - [TEST_STEP][PASSED] - dataFileEmulator = <not implemented yet for class: org.codehaus.groovy.ast.expr.EmptyExpression>: null

25-09-2024T13:51:17 - [TEST_STEP][PASSED] - nameSheet = "PayNowCC": null

25-09-2024T13:51:17 - [TEST_STEP][PASSED] - dataFile = "IWPTestData/IWP25PayNowCC": null

25-09-2024T13:51:17 - [TEST_STEP][PASSED] - dataFileEmulator = "IWPTestData/EmulatorData": null

25-09-2024T13:51:17 - [TEST_STEP][PASSED] - numOfRows = findTestData(dataFile).getRowNumbers(): null

25-09-2024T13:51:17 - [TEST_STEP][PASSED] - println("Number of Records: " + numOfRows): null

25-09-2024T13:51:17 - [TEST_STEP][ERROR] - for ([row = 1, row <= numOfRows, (row++)]): Test Cases/IntegratedWeb/IWP25/Payments/PayNowSuccesfulPaymentCC FAILED.
Reason:
com.kms.katalon.core.exception.StepErrorException: java.lang.IllegalArgumentException: Invalid column name 'CCEmail' for test data 'C:\Users\t476046\Documents\katalon\VPS-Katalon\KatalonData\IWPTestData\VRelay25Payments.xlsx'. Possible values are '{Result,Date,Notes,Execute,EmulatorData,AppID,MessageVersion,Amount,UDF1,UDF2,UDF3,UDF4,UDF5,UDF6,UDF7,UDF8,UDF9,UDF10,Name,CardNum,SPC,ExpM,ExpY,CCDate,AL1,AL2,ZIP,Email}'
	at com.kms.katalon.core.main.CustomKeywordDelegatingMetaClass.throwError(CustomKeywordDelegatingMetaClass.java:101)
	at com.kms.katalon.core.main.CustomKeywordDelegatingMetaClass.invokeStaticMethod(CustomKeywordDelegatingMetaClass.java:73)
	at PayNowSuccesfulPaymentCC.run(PayNowSuccesfulPaymentCC:81)
	at com.kms.katalon.core.main.ScriptEngine.run(ScriptEngine.java:194)
	at com.kms.katalon.core.main.ScriptEngine.runScriptAsRawText(ScriptEngine.java:119)
	at com.kms.katalon.core.main.TestCaseExecutor.runScript(TestCaseExecutor.java:448)
	at com.kms.katalon.core.main.TestCaseExecutor.doExecute(TestCaseExecutor.java:439)
	at com.kms.katalon.core.main.TestCaseExecutor.processExecutionPhase(TestCaseExecutor.java:418)
	at com.kms.katalon.core.main.TestCaseExecutor.accessMainPhase(TestCaseExecutor.java:410)
	at com.kms.katalon.core.main.TestCaseExecutor.execute(TestCaseExecutor.java:285)
	at com.kms.katalon.core.common.CommonExecutor.accessTestCaseMainPhase(CommonExecutor.java:65)
	at com.kms.katalon.core.main.TestSuiteExecutor.accessTestSuiteMainPhase(TestSuiteExecutor.java:150)
	at com.kms.katalon.core.main.TestSuiteExecutor.execute(TestSuiteExecutor.java:106)
	at com.kms.katalon.core.main.TestCaseMain.startTestSuite(TestCaseMain.java:180)
	at TempTestSuite1727249381322.run(TempTestSuite1727249381322.groovy:35)
	at java.base/jdk.internal.reflect.NativeMethodAccessorImpl.invoke0(Native Method)
	at java.base/jdk.internal.reflect.NativeMethodAccessorImpl.invoke(NativeMethodAccessorImpl.java:77)
	at java.base/jdk.internal.reflect.DelegatingMethodAccessorImpl.invoke(DelegatingMethodAccessorImpl.java:43)
Caused by: java.lang.IllegalArgumentException: Invalid column name 'CCEmail' for test data 'C:\Users\t476046\Documents\katalon\VPS-Katalon\KatalonData\IWPTestData\VRelay25Payments.xlsx'. Possible values are '{Result,Date,Notes,Execute,EmulatorData,AppID,MessageVersion,Amount,UDF1,UDF2,UDF3,UDF4,UDF5,UDF6,UDF7,UDF8,UDF9,UDF10,Name,CardNum,SPC,ExpM,ExpY,CCDate,AL1,AL2,ZIP,Email}'
	at com.kms.katalon.core.testdata.AbstractTestData.verifyColumnName(AbstractTestData.java:78)
	at com.kms.katalon.core.testdata.AbstractTestData.getObjectValue(AbstractTestData.java:136)
	at com.kms.katalon.core.testdata.AbstractTestData.getValue(AbstractTestData.java:107)
	at iwpPages.ccPaymentEntryPage.setDataIWPCreditCard(ccPaymentEntryPage.groovy:496)
	at java.base/jdk.internal.reflect.NativeMethodAccessorImpl.invoke0(Native Method)
	at java.base/jdk.internal.reflect.NativeMethodAccessorImpl.invoke(NativeMethodAccessorImpl.java:77)
	at java.base/jdk.internal.reflect.DelegatingMethodAccessorImpl.invoke(DelegatingMethodAccessorImpl.java:43)
	at com.kms.katalon.core.main.CustomKeywordDelegatingMetaClass.invokeStaticMethod(CustomKeywordDelegatingMetaClass.java:55)
	... 16 more


25-09-2024T13:51:17 - [TEST_STEP][PASSED] - ExecuteTC = findTestData(dataFile).getValue("Execute", row): null

25-09-2024T13:51:18 - [TEST_STEP][PASSED] - out.println("Value of Execute is : " + ExecuteTC): null

25-09-2024T13:51:18 - [TEST_STEP][ERROR] - if (ExecuteTC.equalsIgnoreCase("Y")): Test Cases/IntegratedWeb/IWP25/Payments/PayNowSuccesfulPaymentCC FAILED.
Reason:
com.kms.katalon.core.exception.StepErrorException: java.lang.IllegalArgumentException: Invalid column name 'CCEmail' for test data 'C:\Users\t476046\Documents\katalon\VPS-Katalon\KatalonData\IWPTestData\VRelay25Payments.xlsx'. Possible values are '{Result,Date,Notes,Execute,EmulatorData,AppID,MessageVersion,Amount,UDF1,UDF2,UDF3,UDF4,UDF5,UDF6,UDF7,UDF8,UDF9,UDF10,Name,CardNum,SPC,ExpM,ExpY,CCDate,AL1,AL2,ZIP,Email}'
	at com.kms.katalon.core.main.CustomKeywordDelegatingMetaClass.throwError(CustomKeywordDelegatingMetaClass.java:101)
	at com.kms.katalon.core.main.CustomKeywordDelegatingMetaClass.invokeStaticMethod(CustomKeywordDelegatingMetaClass.java:73)
	at PayNowSuccesfulPaymentCC.run(PayNowSuccesfulPaymentCC:81)
	at com.kms.katalon.core.main.ScriptEngine.run(ScriptEngine.java:194)
	at com.kms.katalon.core.main.ScriptEngine.runScriptAsRawText(ScriptEngine.java:119)
	at com.kms.katalon.core.main.TestCaseExecutor.runScript(TestCaseExecutor.java:448)
	at com.kms.katalon.core.main.TestCaseExecutor.doExecute(TestCaseExecutor.java:439)
	at com.kms.katalon.core.main.TestCaseExecutor.processExecutionPhase(TestCaseExecutor.java:418)
	at com.kms.katalon.core.main.TestCaseExecutor.accessMainPhase(TestCaseExecutor.java:410)
	at com.kms.katalon.core.main.TestCaseExecutor.execute(TestCaseExecutor.java:285)
	at com.kms.katalon.core.common.CommonExecutor.accessTestCaseMainPhase(CommonExecutor.java:65)
	at com.kms.katalon.core.main.TestSuiteExecutor.accessTestSuiteMainPhase(TestSuiteExecutor.java:150)
	at com.kms.katalon.core.main.TestSuiteExecutor.execute(TestSuiteExecutor.java:106)
	at com.kms.katalon.core.main.TestCaseMain.startTestSuite(TestCaseMain.java:180)
	at TempTestSuite1727249381322.run(TempTestSuite1727249381322.groovy:35)
	at java.base/jdk.internal.reflect.NativeMethodAccessorImpl.invoke0(Native Method)
	at java.base/jdk.internal.reflect.NativeMethodAccessorImpl.invoke(NativeMethodAccessorImpl.java:77)
	at java.base/jdk.internal.reflect.DelegatingMethodAccessorImpl.invoke(DelegatingMethodAccessorImpl.java:43)
Caused by: java.lang.IllegalArgumentException: Invalid column name 'CCEmail' for test data 'C:\Users\t476046\Documents\katalon\VPS-Katalon\KatalonData\IWPTestData\VRelay25Payments.xlsx'. Possible values are '{Result,Date,Notes,Execute,EmulatorData,AppID,MessageVersion,Amount,UDF1,UDF2,UDF3,UDF4,UDF5,UDF6,UDF7,UDF8,UDF9,UDF10,Name,CardNum,SPC,ExpM,ExpY,CCDate,AL1,AL2,ZIP,Email}'
	at com.kms.katalon.core.testdata.AbstractTestData.verifyColumnName(AbstractTestData.java:78)
	at com.kms.katalon.core.testdata.AbstractTestData.getObjectValue(AbstractTestData.java:136)
	at com.kms.katalon.core.testdata.AbstractTestData.getValue(AbstractTestData.java:107)
	at iwpPages.ccPaymentEntryPage.setDataIWPCreditCard(ccPaymentEntryPage.groovy:496)
	at java.base/jdk.internal.reflect.NativeMethodAccessorImpl.invoke0(Native Method)
	at java.base/jdk.internal.reflect.NativeMethodAccessorImpl.invoke(NativeMethodAccessorImpl.java:77)
	at java.base/jdk.internal.reflect.DelegatingMethodAccessorImpl.invoke(DelegatingMethodAccessorImpl.java:43)
	at com.kms.katalon.core.main.CustomKeywordDelegatingMetaClass.invokeStaticMethod(CustomKeywordDelegatingMetaClass.java:55)
	... 16 more


25-09-2024T13:51:18 - [TEST_STEP][PASSED] - out.println("Begin Record Number: " + row): null

25-09-2024T13:51:18 - [TEST_STEP][PASSED] - today = new java.util.Date(): null

25-09-2024T13:51:18 - [TEST_STEP][PASSED] - println(today): null

25-09-2024T13:51:18 - [TEST_STEP][PASSED] - datText = today: null

25-09-2024T13:51:18 - [TEST_STEP][PASSED] - EmulatorDataKey = findTestData(dataFile).getValue("EmulatorData", row): null

25-09-2024T13:51:18 - [TEST_STEP][PASSED] - out.println("Value of Emulator Key is : " + EmulatorDataKey): null

25-09-2024T13:51:18 - [TEST_STEP][PASSED] - iwpPages.emulatorIWP30.setDataEmulator_DD(EmulatorDataKey): iwpPages.emulatorIWP30.setDataEmulator_DD is PASSED

25-09-2024T13:51:18 - [MESSAGE][INFO] - Starting 'Edge Chromium' driver

25-09-2024T13:51:18 - [MESSAGE][INFO] - User set preference: ['acceptInsecureCerts', 'true']

25-09-2024T13:51:20 - [MESSAGE][INFO] - Action delay is set to 0 milliseconds

25-09-2024T13:51:23 - [MESSAGE][PASSED] - Browser is opened with url: 'https://qa.velocitypayment.com/agency/config.do?action=editor&message_version=2_5'

25-09-2024T13:51:23 - [MESSAGE][PASSED] - Current window maximized

25-09-2024T13:51:24 - [MESSAGE][PASSED] - All options with value '2.5' are selected in object 'Object Repository/IWP30/Page_VRelay30Emulator/MV'  using regular expression

25-09-2024T13:51:25 - [MESSAGE][PASSED] - Text '10.50' is set on object 'Object Repository/IWP30/Page_VRelay30Emulator/Amount'

25-09-2024T13:51:26 - [MESSAGE][PASSED] - Text 'TRAr7IaBxCme' is set on object 'Object Repository/IWP30/Page_VRelay30Emulator/CAN'

25-09-2024T13:51:26 - [MESSAGE][PASSED] - Text 'PayNow' is set on object 'Object Repository/IWP30/Page_VRelay30Emulator/Action'

25-09-2024T13:51:27 - [MESSAGE][PASSED] - Text 'en_US' is set on object 'Object Repository/IWP30/Page_VRelay30Emulator/Lang'

25-09-2024T13:51:28 - [MESSAGE][PASSED] - Text 'Jasmine' is set on object 'Object Repository/IWP30/Page_VRelay30Emulator/Fname'

25-09-2024T13:51:28 - [MESSAGE][PASSED] - Text 'Patrinol' is set on object 'Object Repository/IWP30/Page_VRelay30Emulator/Lname'

25-09-2024T13:51:29 - [MESSAGE][PASSED] - Text '258 Underwood rd' is set on object 'Object Repository/IWP30/Page_VRelay30Emulator/AL1'

25-09-2024T13:51:30 - [MESSAGE][PASSED] - Text 'Suite 600' is set on object 'Object Repository/IWP30/Page_VRelay30Emulator/AL2'

25-09-2024T13:51:30 - [MESSAGE][PASSED] - Text '840' is set on object 'Object Repository/IWP30/Page_VRelay30Emulator/Country'

25-09-2024T13:51:31 - [MESSAGE][PASSED] - Text 'Arlington' is set on object 'Object Repository/IWP30/Page_VRelay30Emulator/City'

25-09-2024T13:51:31 - [MESSAGE][PASSED] - Text 'VA' is set on object 'Object Repository/IWP30/Page_VRelay30Emulator/State'

25-09-2024T13:51:32 - [MESSAGE][PASSED] - Text '22201' is set on object 'Object Repository/IWP30/Page_VRelay30Emulator/ZIP'

25-09-2024T13:51:33 - [MESSAGE][PASSED] - Text '' is set on object 'Object Repository/IWP30/Page_VRelay30Emulator/Order'

25-09-2024T13:51:33 - [MESSAGE][PASSED] - Text 'Some Company' is set on object 'Object Repository/IWP30/Page_VRelay30Emulator/Company'

25-09-2024T13:51:34 - [MESSAGE][PASSED] - Text 'iahmed@govolution.com' is set on object 'Object Repository/IWP30/Page_VRelay30Emulator/Email'

25-09-2024T13:51:34 - [MESSAGE][PASSED] - Text 'udf data 1' is set on object 'Object Repository/IWP30/Page_VRelay30Emulator/UDF1'

25-09-2024T13:51:35 - [MESSAGE][PASSED] - Text 'udf data 2' is set on object 'Object Repository/IWP30/Page_VRelay30Emulator/UDF2'

25-09-2024T13:51:36 - [MESSAGE][PASSED] - Text 'udf data 3' is set on object 'Object Repository/IWP30/Page_VRelay30Emulator/UDF3'

25-09-2024T13:51:36 - [MESSAGE][PASSED] - Text 'udf data 4' is set on object 'Object Repository/IWP30/Page_VRelay30Emulator/UDF4'

25-09-2024T13:51:37 - [MESSAGE][PASSED] - Text 'udf data 5' is set on object 'Object Repository/IWP30/Page_VRelay30Emulator/UDF5'

25-09-2024T13:51:38 - [MESSAGE][PASSED] - Text 'udf data 6' is set on object 'Object Repository/IWP30/Page_VRelay30Emulator/UDF6'

25-09-2024T13:51:38 - [MESSAGE][PASSED] - Text 'Orange' is set on object 'Object Repository/IWP30/Page_VRelay30Emulator/UDF7'

25-09-2024T13:51:39 - [MESSAGE][PASSED] - Text 'Soccer' is set on object 'Object Repository/IWP30/Page_VRelay30Emulator/UDF8'

25-09-2024T13:51:39 - [MESSAGE][PASSED] - Text 'udf data 9' is set on object 'Object Repository/IWP30/Page_VRelay30Emulator/UDF9'

25-09-2024T13:51:40 - [MESSAGE][PASSED] - Text 'udf data 10' is set on object 'Object Repository/IWP30/Page_VRelay30Emulator/UDF10'

25-09-2024T13:51:41 - [MESSAGE][PASSED] - Object: 'Object Repository/IWP30/Page_VRelay30Emulator/Submit' is clicked on

25-09-2024T13:51:46 - [MESSAGE][PASSED] - Browser is closed

25-09-2024T13:51:50 - [MESSAGE][PASSED] - iwpPages.emulatorIWP30.setDataEmulator_DD is PASSED

25-09-2024T13:51:50 - [TEST_STEP][PASSED] - testHarnessURL = urlTestHarness: null

25-09-2024T13:51:50 - [TEST_STEP][PASSED] - openBrowser(testHarnessURL): Browser is opened with url: 'https://dev-algorithm.govolution.com/vrelaytest/QA/version_2_2/vrelaytest.html'

25-09-2024T13:51:50 - [MESSAGE][INFO] - Starting 'Edge Chromium' driver

25-09-2024T13:51:50 - [MESSAGE][INFO] - User set preference: ['acceptInsecureCerts', 'true']

25-09-2024T13:51:52 - [MESSAGE][INFO] - Action delay is set to 0 milliseconds

25-09-2024T13:51:55 - [MESSAGE][PASSED] - Browser is opened with url: 'https://dev-algorithm.govolution.com/vrelaytest/QA/version_2_2/vrelaytest.html'

25-09-2024T13:51:55 - [TEST_STEP][PASSED] - maximizeWindow(): Current window maximized

25-09-2024T13:51:55 - [MESSAGE][PASSED] - Current window maximized

25-09-2024T13:51:55 - [TEST_STEP][PASSED] - iwpPages.TestHarnessPage.setDataMethod(row, dataFile): iwpPages.TestHarnessPage.setDataMethod is PASSED

25-09-2024T13:51:56 - [MESSAGE][PASSED] - Object 'Object Repository/IWP30/Page_QATestHarness/RemittanceID' is present

25-09-2024T13:51:56 - [MESSAGE][PASSED] - Text '638' is set on object 'Object Repository/IWP30/Page_QATestHarness/ApplicationID'

25-09-2024T13:51:57 - [MESSAGE][PASSED] - Text '2.5' is set on object 'Object Repository/IWP30/Page_QATestHarness/MessageVersion'

25-09-2024T13:51:58 - [MESSAGE][PASSED] - Text 'ANIuPg2BohlN' is set on object 'Object Repository/IWP30/Page_QATestHarness/RemittanceID'

25-09-2024T13:52:01 - [MESSAGE][PASSED] - Object: 'Object Repository/IWP30/Page_QATestHarness/SubmitButton' is clicked on

25-09-2024T13:52:01 - [MESSAGE][PASSED] - iwpPages.TestHarnessPage.setDataMethod is PASSED

25-09-2024T13:52:01 - [TEST_STEP][PASSED] - check(findTestObject("Object Repository/IWP30/Page_SelectPaymentMethod/PayByCreditCard")): Object 'Object Repository/IWP30/Page_SelectPaymentMethod/PayByCreditCard' is checked

25-09-2024T13:52:01 - [MESSAGE][PASSED] - Object 'Object Repository/IWP30/Page_SelectPaymentMethod/PayByCreditCard' is checked

25-09-2024T13:52:01 - [TEST_STEP][PASSED] - click(findTestObject("Object Repository/IWP30/Page_SelectPaymentMethod/MakePaymentButton")): Object: 'Object Repository/IWP30/Page_SelectPaymentMethod/MakePaymentButton' is clicked on

25-09-2024T13:52:03 - [MESSAGE][PASSED] - Object: 'Object Repository/IWP30/Page_SelectPaymentMethod/MakePaymentButton' is clicked on

25-09-2024T13:52:03 - [TEST_STEP][ERROR] - iwpPages.ccPaymentEntryPage.setDataIWPCreditCard(row, dataFile): Test Cases/IntegratedWeb/IWP25/Payments/PayNowSuccesfulPaymentCC FAILED.
Reason:
com.kms.katalon.core.exception.StepErrorException: java.lang.IllegalArgumentException: Invalid column name 'CCEmail' for test data 'C:\Users\t476046\Documents\katalon\VPS-Katalon\KatalonData\IWPTestData\VRelay25Payments.xlsx'. Possible values are '{Result,Date,Notes,Execute,EmulatorData,AppID,MessageVersion,Amount,UDF1,UDF2,UDF3,UDF4,UDF5,UDF6,UDF7,UDF8,UDF9,UDF10,Name,CardNum,SPC,ExpM,ExpY,CCDate,AL1,AL2,ZIP,Email}'
	at com.kms.katalon.core.main.CustomKeywordDelegatingMetaClass.throwError(CustomKeywordDelegatingMetaClass.java:101)
	at com.kms.katalon.core.main.CustomKeywordDelegatingMetaClass.invokeStaticMethod(CustomKeywordDelegatingMetaClass.java:73)
	at PayNowSuccesfulPaymentCC.run(PayNowSuccesfulPaymentCC:81)
	at com.kms.katalon.core.main.ScriptEngine.run(ScriptEngine.java:194)
	at com.kms.katalon.core.main.ScriptEngine.runScriptAsRawText(ScriptEngine.java:119)
	at com.kms.katalon.core.main.TestCaseExecutor.runScript(TestCaseExecutor.java:448)
	at com.kms.katalon.core.main.TestCaseExecutor.doExecute(TestCaseExecutor.java:439)
	at com.kms.katalon.core.main.TestCaseExecutor.processExecutionPhase(TestCaseExecutor.java:418)
	at com.kms.katalon.core.main.TestCaseExecutor.accessMainPhase(TestCaseExecutor.java:410)
	at com.kms.katalon.core.main.TestCaseExecutor.execute(TestCaseExecutor.java:285)
	at com.kms.katalon.core.common.CommonExecutor.accessTestCaseMainPhase(CommonExecutor.java:65)
	at com.kms.katalon.core.main.TestSuiteExecutor.accessTestSuiteMainPhase(TestSuiteExecutor.java:150)
	at com.kms.katalon.core.main.TestSuiteExecutor.execute(TestSuiteExecutor.java:106)
	at com.kms.katalon.core.main.TestCaseMain.startTestSuite(TestCaseMain.java:180)
	at TempTestSuite1727249381322.run(TempTestSuite1727249381322.groovy:35)
	at java.base/jdk.internal.reflect.NativeMethodAccessorImpl.invoke0(Native Method)
	at java.base/jdk.internal.reflect.NativeMethodAccessorImpl.invoke(NativeMethodAccessorImpl.java:77)
	at java.base/jdk.internal.reflect.DelegatingMethodAccessorImpl.invoke(DelegatingMethodAccessorImpl.java:43)
Caused by: java.lang.IllegalArgumentException: Invalid column name 'CCEmail' for test data 'C:\Users\t476046\Documents\katalon\VPS-Katalon\KatalonData\IWPTestData\VRelay25Payments.xlsx'. Possible values are '{Result,Date,Notes,Execute,EmulatorData,AppID,MessageVersion,Amount,UDF1,UDF2,UDF3,UDF4,UDF5,UDF6,UDF7,UDF8,UDF9,UDF10,Name,CardNum,SPC,ExpM,ExpY,CCDate,AL1,AL2,ZIP,Email}'
	at com.kms.katalon.core.testdata.AbstractTestData.verifyColumnName(AbstractTestData.java:78)
	at com.kms.katalon.core.testdata.AbstractTestData.getObjectValue(AbstractTestData.java:136)
	at com.kms.katalon.core.testdata.AbstractTestData.getValue(AbstractTestData.java:107)
	at iwpPages.ccPaymentEntryPage.setDataIWPCreditCard(ccPaymentEntryPage.groovy:496)
	at java.base/jdk.internal.reflect.NativeMethodAccessorImpl.invoke0(Native Method)
	at java.base/jdk.internal.reflect.NativeMethodAccessorImpl.invoke(NativeMethodAccessorImpl.java:77)
	at java.base/jdk.internal.reflect.DelegatingMethodAccessorImpl.invoke(DelegatingMethodAccessorImpl.java:43)
	at com.kms.katalon.core.main.CustomKeywordDelegatingMetaClass.invokeStaticMethod(CustomKeywordDelegatingMetaClass.java:55)
	... 16 more


25-09-2024T13:52:04 - [MESSAGE][ERROR] - Invalid column name 'CCEmail' for test data 'C:\Users\t476046\Documents\katalon\VPS-Katalon\KatalonData\IWPTestData\VRelay25Payments.xlsx'. Possible values are '{Result,Date,Notes,Execute,EmulatorData,AppID,MessageVersion,Amount,UDF1,UDF2,UDF3,UDF4,UDF5,UDF6,UDF7,UDF8,UDF9,UDF10,Name,CardNum,SPC,ExpM,ExpY,CCDate,AL1,AL2,ZIP,Email}'

25-09-2024T13:52:04 - [MESSAGE][ERROR] - Test Cases/IntegratedWeb/IWP25/Payments/PayNowSuccesfulPaymentCC FAILED.
Reason:
com.kms.katalon.core.exception.StepErrorException: java.lang.IllegalArgumentException: Invalid column name 'CCEmail' for test data 'C:\Users\t476046\Documents\katalon\VPS-Katalon\KatalonData\IWPTestData\VRelay25Payments.xlsx'. Possible values are '{Result,Date,Notes,Execute,EmulatorData,AppID,MessageVersion,Amount,UDF1,UDF2,UDF3,UDF4,UDF5,UDF6,UDF7,UDF8,UDF9,UDF10,Name,CardNum,SPC,ExpM,ExpY,CCDate,AL1,AL2,ZIP,Email}'
	at com.kms.katalon.core.main.CustomKeywordDelegatingMetaClass.throwError(CustomKeywordDelegatingMetaClass.java:101)
	at com.kms.katalon.core.main.CustomKeywordDelegatingMetaClass.invokeStaticMethod(CustomKeywordDelegatingMetaClass.java:73)
	at PayNowSuccesfulPaymentCC.run(PayNowSuccesfulPaymentCC:81)
	at com.kms.katalon.core.main.ScriptEngine.run(ScriptEngine.java:194)
	at com.kms.katalon.core.main.ScriptEngine.runScriptAsRawText(ScriptEngine.java:119)
	at com.kms.katalon.core.main.TestCaseExecutor.runScript(TestCaseExecutor.java:448)
	at com.kms.katalon.core.main.TestCaseExecutor.doExecute(TestCaseExecutor.java:439)
	at com.kms.katalon.core.main.TestCaseExecutor.processExecutionPhase(TestCaseExecutor.java:418)
	at com.kms.katalon.core.main.TestCaseExecutor.accessMainPhase(TestCaseExecutor.java:410)
	at com.kms.katalon.core.main.TestCaseExecutor.execute(TestCaseExecutor.java:285)
	at com.kms.katalon.core.common.CommonExecutor.accessTestCaseMainPhase(CommonExecutor.java:65)
	at com.kms.katalon.core.main.TestSuiteExecutor.accessTestSuiteMainPhase(TestSuiteExecutor.java:150)
	at com.kms.katalon.core.main.TestSuiteExecutor.execute(TestSuiteExecutor.java:106)
	at com.kms.katalon.core.main.TestCaseMain.startTestSuite(TestCaseMain.java:180)
	at TempTestSuite1727249381322.run(TempTestSuite1727249381322.groovy:35)
	at java.base/jdk.internal.reflect.NativeMethodAccessorImpl.invoke0(Native Method)
	at java.base/jdk.internal.reflect.NativeMethodAccessorImpl.invoke(NativeMethodAccessorImpl.java:77)
	at java.base/jdk.internal.reflect.DelegatingMethodAccessorImpl.invoke(DelegatingMethodAccessorImpl.java:43)
Caused by: java.lang.IllegalArgumentException: Invalid column name 'CCEmail' for test data 'C:\Users\t476046\Documents\katalon\VPS-Katalon\KatalonData\IWPTestData\VRelay25Payments.xlsx'. Possible values are '{Result,Date,Notes,Execute,EmulatorData,AppID,MessageVersion,Amount,UDF1,UDF2,UDF3,UDF4,UDF5,UDF6,UDF7,UDF8,UDF9,UDF10,Name,CardNum,SPC,ExpM,ExpY,CCDate,AL1,AL2,ZIP,Email}'
	at com.kms.katalon.core.testdata.AbstractTestData.verifyColumnName(AbstractTestData.java:78)
	at com.kms.katalon.core.testdata.AbstractTestData.getObjectValue(AbstractTestData.java:136)
	at com.kms.katalon.core.testdata.AbstractTestData.getValue(AbstractTestData.java:107)
	at iwpPages.ccPaymentEntryPage.setDataIWPCreditCard(ccPaymentEntryPage.groovy:496)
	at java.base/jdk.internal.reflect.NativeMethodAccessorImpl.invoke0(Native Method)
	at java.base/jdk.internal.reflect.NativeMethodAccessorImpl.invoke(NativeMethodAccessorImpl.java:77)
	at java.base/jdk.internal.reflect.DelegatingMethodAccessorImpl.invoke(DelegatingMethodAccessorImpl.java:43)
	at com.kms.katalon.core.main.CustomKeywordDelegatingMetaClass.invokeStaticMethod(CustomKeywordDelegatingMetaClass.java:55)
	... 16 more]]></system-out>
         <system-err><![CDATA[25-09-2024T13:51:17 - [TEST_CASE][ERROR] - Test Cases/IntegratedWeb/IWP25/Payments/PayNowSuccesfulPaymentCC: Test Cases/IntegratedWeb/IWP25/Payments/PayNowSuccesfulPaymentCC FAILED.
Reason:
java.lang.IllegalArgumentException: Invalid column name 'CCEmail' for test data 'C:\Users\t476046\Documents\katalon\VPS-Katalon\KatalonData\IWPTestData\VRelay25Payments.xlsx'. Possible values are '{Result,Date,Notes,Execute,EmulatorData,AppID,MessageVersion,Amount,UDF1,UDF2,UDF3,UDF4,UDF5,UDF6,UDF7,UDF8,UDF9,UDF10,Name,CardNum,SPC,ExpM,ExpY,CCDate,AL1,AL2,ZIP,Email}'
	at com.kms.katalon.core.testdata.AbstractTestData.verifyColumnName(AbstractTestData.java:78)
	at com.kms.katalon.core.testdata.AbstractTestData.getObjectValue(AbstractTestData.java:136)
	at com.kms.katalon.core.testdata.AbstractTestData.getValue(AbstractTestData.java:107)
	at iwpPages.ccPaymentEntryPage.setDataIWPCreditCard(ccPaymentEntryPage.groovy:496)
	at java.base/jdk.internal.reflect.NativeMethodAccessorImpl.invoke0(Native Method)
	at java.base/jdk.internal.reflect.NativeMethodAccessorImpl.invoke(NativeMethodAccessorImpl.java:77)
	at java.base/jdk.internal.reflect.DelegatingMethodAccessorImpl.invoke(DelegatingMethodAccessorImpl.java:43)
	at com.kms.katalon.core.main.CustomKeywordDelegatingMetaClass.invokeStaticMethod(CustomKeywordDelegatingMetaClass.java:55)
	at PayNowSuccesfulPaymentCC.run(PayNowSuccesfulPaymentCC:81)
	at com.kms.katalon.core.main.ScriptEngine.run(ScriptEngine.java:194)
	at com.kms.katalon.core.main.ScriptEngine.runScriptAsRawText(ScriptEngine.java:119)
	at com.kms.katalon.core.main.TestCaseExecutor.runScript(TestCaseExecutor.java:448)
	at com.kms.katalon.core.main.TestCaseExecutor.doExecute(TestCaseExecutor.java:439)
	at com.kms.katalon.core.main.TestCaseExecutor.processExecutionPhase(TestCaseExecutor.java:418)
	at com.kms.katalon.core.main.TestCaseExecutor.accessMainPhase(TestCaseExecutor.java:410)
	at com.kms.katalon.core.main.TestCaseExecutor.execute(TestCaseExecutor.java:285)
	at com.kms.katalon.core.common.CommonExecutor.accessTestCaseMainPhase(CommonExecutor.java:65)
	at com.kms.katalon.core.main.TestSuiteExecutor.accessTestSuiteMainPhase(TestSuiteExecutor.java:150)
	at com.kms.katalon.core.main.TestSuiteExecutor.execute(TestSuiteExecutor.java:106)
	at com.kms.katalon.core.main.TestCaseMain.startTestSuite(TestCaseMain.java:180)
	at TempTestSuite1727249381322.run(TempTestSuite1727249381322.groovy:35)
	at java.base/jdk.internal.reflect.NativeMethodAccessorImpl.invoke0(Native Method)
	at java.base/jdk.internal.reflect.NativeMethodAccessorImpl.invoke(NativeMethodAccessorImpl.java:77)
	at java.base/jdk.internal.reflect.DelegatingMethodAccessorImpl.invoke(DelegatingMethodAccessorImpl.java:43)]]></system-err>
      </testcase>
      <testcase name="Test Cases/IntegratedWeb/IWP25/Payments/VerifyCancelReceiptLabelsDeferredCC" time="78.554" classname="Test Cases/IntegratedWeb/IWP25/Payments/VerifyCancelReceiptLabelsDeferredCC" status="FAILED">
         <failure type="FAILED" message="Test Cases/IntegratedWeb/IWP25/Payments/VerifyCancelReceiptLabelsDeferredCC FAILED.&#xa;Reason:&#xa;com.kms.katalon.core.exception.StepFailedException: Text 'City:' is not present on page  (Root cause: com.kms.katalon.core.exception.StepFailedException: Text 'City:' is not present on page &#xa;	at com.kms.katalon.core.webui.keyword.internal.WebUIKeywordMain.stepFailed(WebUIKeywordMain.groovy:64)&#xa;	at com.kms.katalon.core.webui.keyword.builtin.VerifyTextPresentKeyword$_verifyTextPresent_closure1.doCall(VerifyTextPresentKeyword.groovy:79)&#xa;	at com.kms.katalon.core.webui.keyword.builtin.VerifyTextPresentKeyword$_verifyTextPresent_closure1.call(VerifyTextPresentKeyword.groovy)&#xa;	at com.kms.katalon.core.webui.keyword.internal.WebUIKeywordMain.runKeyword(WebUIKeywordMain.groovy:20)&#xa;	at com.kms.katalon.core.webui.keyword.builtin.VerifyTextPresentKeyword.verifyTextPresent(VerifyTextPresentKeyword.groovy:83)&#xa;	at com.kms.katalon.core.webui.keyword.builtin.VerifyTextPresentKeyword.execute(VerifyTextPresentKeyword.groovy:68)&#xa;	at com.kms.katalon.core.keyword.internal.KeywordExecutor.executeKeywordForPlatform(KeywordExecutor.groovy:74)&#xa;	at com.kms.katalon.core.webui.keyword.WebUiBuiltInKeywords.verifyTextPresent(WebUiBuiltInKeywords.groovy:1762)&#xa;	at VerifyCancelReceiptLabelsDeferredCC.run(VerifyCancelReceiptLabelsDeferredCC:310)&#xa;	at com.kms.katalon.core.main.ScriptEngine.run(ScriptEngine.java:194)&#xa;	at com.kms.katalon.core.main.ScriptEngine.runScriptAsRawText(ScriptEngine.java:119)&#xa;	at com.kms.katalon.core.main.TestCaseExecutor.runScript(TestCaseExecutor.java:448)&#xa;	at com.kms.katalon.core.main.TestCaseExecutor.doExecute(TestCaseExecutor.java:439)&#xa;	at com.kms.katalon.core.main.TestCaseExecutor.processExecutionPhase(TestCaseExecutor.java:418)&#xa;	at com.kms.katalon.core.main.TestCaseExecutor.accessMainPhase(TestCaseExecutor.java:410)&#xa;	at com.kms.katalon.core.main.TestCaseExecutor.execute(TestCaseExecutor.java:285)&#xa;	at com.kms.katalon.core.common.CommonExecutor.accessTestCaseMainPhase(CommonExecutor.java:65)&#xa;	at com.kms.katalon.core.main.TestSuiteExecutor.accessTestSuiteMainPhase(TestSuiteExecutor.java:150)&#xa;	at com.kms.katalon.core.main.TestSuiteExecutor.execute(TestSuiteExecutor.java:106)&#xa;	at com.kms.katalon.core.main.TestCaseMain.startTestSuite(TestCaseMain.java:180)&#xa;	at TempTestSuite1727249381322.run(TempTestSuite1727249381322.groovy:35)&#xa;	at java.base/jdk.internal.reflect.NativeMethodAccessorImpl.invoke0(Native Method)&#xa;	at java.base/jdk.internal.reflect.NativeMethodAccessorImpl.invoke(NativeMethodAccessorImpl.java:77)&#xa;	at java.base/jdk.internal.reflect.DelegatingMethodAccessorImpl.invoke(DelegatingMethodAccessorImpl.java:43)&#xa;)&#xa;	at com.kms.katalon.core.keyword.internal.KeywordMain.stepFailed(KeywordMain.groovy:39)&#xa;	at com.kms.katalon.core.webui.keyword.internal.WebUIKeywordMain.stepFailed(WebUIKeywordMain.groovy:64)&#xa;	at com.kms.katalon.core.webui.keyword.builtin.VerifyTextPresentKeyword$_verifyTextPresent_closure1.doCall(VerifyTextPresentKeyword.groovy:79)&#xa;	at com.kms.katalon.core.webui.keyword.builtin.VerifyTextPresentKeyword$_verifyTextPresent_closure1.call(VerifyTextPresentKeyword.groovy)&#xa;	at com.kms.katalon.core.webui.keyword.internal.WebUIKeywordMain.runKeyword(WebUIKeywordMain.groovy:20)&#xa;	at com.kms.katalon.core.webui.keyword.builtin.VerifyTextPresentKeyword.verifyTextPresent(VerifyTextPresentKeyword.groovy:83)&#xa;	at com.kms.katalon.core.webui.keyword.builtin.VerifyTextPresentKeyword.execute(VerifyTextPresentKeyword.groovy:68)&#xa;	at com.kms.katalon.core.keyword.internal.KeywordExecutor.executeKeywordForPlatform(KeywordExecutor.groovy:74)&#xa;	at com.kms.katalon.core.webui.keyword.WebUiBuiltInKeywords.verifyTextPresent(WebUiBuiltInKeywords.groovy:1762)&#xa;	at VerifyCancelReceiptLabelsDeferredCC.run(VerifyCancelReceiptLabelsDeferredCC:310)&#xa;	at com.kms.katalon.core.main.ScriptEngine.run(ScriptEngine.java:194)&#xa;	at com.kms.katalon.core.main.ScriptEngine.runScriptAsRawText(ScriptEngine.java:119)&#xa;	at com.kms.katalon.core.main.TestCaseExecutor.runScript(TestCaseExecutor.java:448)&#xa;	at com.kms.katalon.core.main.TestCaseExecutor.doExecute(TestCaseExecutor.java:439)&#xa;	at com.kms.katalon.core.main.TestCaseExecutor.processExecutionPhase(TestCaseExecutor.java:418)&#xa;	at com.kms.katalon.core.main.TestCaseExecutor.accessMainPhase(TestCaseExecutor.java:410)&#xa;	at com.kms.katalon.core.main.TestCaseExecutor.execute(TestCaseExecutor.java:285)&#xa;	at com.kms.katalon.core.common.CommonExecutor.accessTestCaseMainPhase(CommonExecutor.java:65)&#xa;	at com.kms.katalon.core.main.TestSuiteExecutor.accessTestSuiteMainPhase(TestSuiteExecutor.java:150)&#xa;	at com.kms.katalon.core.main.TestSuiteExecutor.execute(TestSuiteExecutor.java:106)&#xa;	at com.kms.katalon.core.main.TestCaseMain.startTestSuite(TestCaseMain.java:180)&#xa;	at TempTestSuite1727249381322.run(TempTestSuite1727249381322.groovy:35)&#xa;	at java.base/jdk.internal.reflect.NativeMethodAccessorImpl.invoke0(Native Method)&#xa;	at java.base/jdk.internal.reflect.NativeMethodAccessorImpl.invoke(NativeMethodAccessorImpl.java:77)&#xa;	at java.base/jdk.internal.reflect.DelegatingMethodAccessorImpl.invoke(DelegatingMethodAccessorImpl.java:43)&#xa;Caused by: com.kms.katalon.core.exception.StepFailedException: Text 'City:' is not present on page &#xa;	... 24 more&#xa;"/>
         <system-out><![CDATA[25-09-2024T13:52:04 - [TEST_CASE][FAILED] - Test Cases/IntegratedWeb/IWP25/Payments/VerifyCancelReceiptLabelsDeferredCC: Test Cases/IntegratedWeb/IWP25/Payments/VerifyCancelReceiptLabelsDeferredCC FAILED.
Reason:
com.kms.katalon.core.exception.StepFailedException: Text 'City:' is not present on page  (Root cause: com.kms.katalon.core.exception.StepFailedException: Text 'City:' is not present on page 
	at com.kms.katalon.core.webui.keyword.internal.WebUIKeywordMain.stepFailed(WebUIKeywordMain.groovy:64)
	at com.kms.katalon.core.webui.keyword.builtin.VerifyTextPresentKeyword$_verifyTextPresent_closure1.doCall(VerifyTextPresentKeyword.groovy:79)
	at com.kms.katalon.core.webui.keyword.builtin.VerifyTextPresentKeyword$_verifyTextPresent_closure1.call(VerifyTextPresentKeyword.groovy)
	at com.kms.katalon.core.webui.keyword.internal.WebUIKeywordMain.runKeyword(WebUIKeywordMain.groovy:20)
	at com.kms.katalon.core.webui.keyword.builtin.VerifyTextPresentKeyword.verifyTextPresent(VerifyTextPresentKeyword.groovy:83)
	at com.kms.katalon.core.webui.keyword.builtin.VerifyTextPresentKeyword.execute(VerifyTextPresentKeyword.groovy:68)
	at com.kms.katalon.core.keyword.internal.KeywordExecutor.executeKeywordForPlatform(KeywordExecutor.groovy:74)
	at com.kms.katalon.core.webui.keyword.WebUiBuiltInKeywords.verifyTextPresent(WebUiBuiltInKeywords.groovy:1762)
	at VerifyCancelReceiptLabelsDeferredCC.run(VerifyCancelReceiptLabelsDeferredCC:310)
	at com.kms.katalon.core.main.ScriptEngine.run(ScriptEngine.java:194)
	at com.kms.katalon.core.main.ScriptEngine.runScriptAsRawText(ScriptEngine.java:119)
	at com.kms.katalon.core.main.TestCaseExecutor.runScript(TestCaseExecutor.java:448)
	at com.kms.katalon.core.main.TestCaseExecutor.doExecute(TestCaseExecutor.java:439)
	at com.kms.katalon.core.main.TestCaseExecutor.processExecutionPhase(TestCaseExecutor.java:418)
	at com.kms.katalon.core.main.TestCaseExecutor.accessMainPhase(TestCaseExecutor.java:410)
	at com.kms.katalon.core.main.TestCaseExecutor.execute(TestCaseExecutor.java:285)
	at com.kms.katalon.core.common.CommonExecutor.accessTestCaseMainPhase(CommonExecutor.java:65)
	at com.kms.katalon.core.main.TestSuiteExecutor.accessTestSuiteMainPhase(TestSuiteExecutor.java:150)
	at com.kms.katalon.core.main.TestSuiteExecutor.execute(TestSuiteExecutor.java:106)
	at com.kms.katalon.core.main.TestCaseMain.startTestSuite(TestCaseMain.java:180)
	at TempTestSuite1727249381322.run(TempTestSuite1727249381322.groovy:35)
	at java.base/jdk.internal.reflect.NativeMethodAccessorImpl.invoke0(Native Method)
	at java.base/jdk.internal.reflect.NativeMethodAccessorImpl.invoke(NativeMethodAccessorImpl.java:77)
	at java.base/jdk.internal.reflect.DelegatingMethodAccessorImpl.invoke(DelegatingMethodAccessorImpl.java:43)
)
	at com.kms.katalon.core.keyword.internal.KeywordMain.stepFailed(KeywordMain.groovy:39)
	at com.kms.katalon.core.webui.keyword.internal.WebUIKeywordMain.stepFailed(WebUIKeywordMain.groovy:64)
	at com.kms.katalon.core.webui.keyword.builtin.VerifyTextPresentKeyword$_verifyTextPresent_closure1.doCall(VerifyTextPresentKeyword.groovy:79)
	at com.kms.katalon.core.webui.keyword.builtin.VerifyTextPresentKeyword$_verifyTextPresent_closure1.call(VerifyTextPresentKeyword.groovy)
	at com.kms.katalon.core.webui.keyword.internal.WebUIKeywordMain.runKeyword(WebUIKeywordMain.groovy:20)
	at com.kms.katalon.core.webui.keyword.builtin.VerifyTextPresentKeyword.verifyTextPresent(VerifyTextPresentKeyword.groovy:83)
	at com.kms.katalon.core.webui.keyword.builtin.VerifyTextPresentKeyword.execute(VerifyTextPresentKeyword.groovy:68)
	at com.kms.katalon.core.keyword.internal.KeywordExecutor.executeKeywordForPlatform(KeywordExecutor.groovy:74)
	at com.kms.katalon.core.webui.keyword.WebUiBuiltInKeywords.verifyTextPresent(WebUiBuiltInKeywords.groovy:1762)
	at VerifyCancelReceiptLabelsDeferredCC.run(VerifyCancelReceiptLabelsDeferredCC:310)
	at com.kms.katalon.core.main.ScriptEngine.run(ScriptEngine.java:194)
	at com.kms.katalon.core.main.ScriptEngine.runScriptAsRawText(ScriptEngine.java:119)
	at com.kms.katalon.core.main.TestCaseExecutor.runScript(TestCaseExecutor.java:448)
	at com.kms.katalon.core.main.TestCaseExecutor.doExecute(TestCaseExecutor.java:439)
	at com.kms.katalon.core.main.TestCaseExecutor.processExecutionPhase(TestCaseExecutor.java:418)
	at com.kms.katalon.core.main.TestCaseExecutor.accessMainPhase(TestCaseExecutor.java:410)
	at com.kms.katalon.core.main.TestCaseExecutor.execute(TestCaseExecutor.java:285)
	at com.kms.katalon.core.common.CommonExecutor.accessTestCaseMainPhase(CommonExecutor.java:65)
	at com.kms.katalon.core.main.TestSuiteExecutor.accessTestSuiteMainPhase(TestSuiteExecutor.java:150)
	at com.kms.katalon.core.main.TestSuiteExecutor.execute(TestSuiteExecutor.java:106)
	at com.kms.katalon.core.main.TestCaseMain.startTestSuite(TestCaseMain.java:180)
	at TempTestSuite1727249381322.run(TempTestSuite1727249381322.groovy:35)
	at java.base/jdk.internal.reflect.NativeMethodAccessorImpl.invoke0(Native Method)
	at java.base/jdk.internal.reflect.NativeMethodAccessorImpl.invoke(NativeMethodAccessorImpl.java:77)
	at java.base/jdk.internal.reflect.DelegatingMethodAccessorImpl.invoke(DelegatingMethodAccessorImpl.java:43)
Caused by: com.kms.katalon.core.exception.StepFailedException: Text 'City:' is not present on page 
	... 24 more


25-09-2024T13:52:04 - [TEST_STEP][PASSED] - resText = "Fail": null

25-09-2024T13:52:04 - [TEST_STEP][PASSED] - resColumn = "Result": null

25-09-2024T13:52:04 - [TEST_STEP][PASSED] - datCloumn = "Date": null

25-09-2024T13:52:04 - [TEST_STEP][PASSED] - fileLoc = "KatalonData/IWPTestData/VRelay25PaymentsExtension.xlsx": null

25-09-2024T13:52:04 - [TEST_STEP][PASSED] - numOfRows = <not implemented yet for class: org.codehaus.groovy.ast.expr.EmptyExpression>: null

25-09-2024T13:52:04 - [TEST_STEP][PASSED] - dataFile = <not implemented yet for class: org.codehaus.groovy.ast.expr.EmptyExpression>: null

25-09-2024T13:52:04 - [TEST_STEP][PASSED] - nameSheet = <not implemented yet for class: org.codehaus.groovy.ast.expr.EmptyExpression>: null

25-09-2024T13:52:04 - [TEST_STEP][PASSED] - dataFileEmulator = <not implemented yet for class: org.codehaus.groovy.ast.expr.EmptyExpression>: null

25-09-2024T13:52:04 - [TEST_STEP][PASSED] - isRequiredTextPresent = false: null

25-09-2024T13:52:04 - [TEST_STEP][PASSED] - nameSheet = "VerifyCancelLabelDeferredCredit": null

25-09-2024T13:52:04 - [TEST_STEP][PASSED] - dataFile = getExcelDataWithDefaultSheet("KatalonData/IWPTestData/VRelay25PaymentsExtension.xlsx", nameSheet, true): null

25-09-2024T13:52:04 - [TEST_STEP][PASSED] - dataFileEmulator = "IWPTestData/EmulatorData": null

25-09-2024T13:52:04 - [TEST_STEP][PASSED] - numOfRows = dataFile.getRowNumbers(): null

25-09-2024T13:52:04 - [TEST_STEP][PASSED] - println("Number of Records: " + numOfRows): null

25-09-2024T13:52:04 - [TEST_STEP][PASSED] - for ([row = 1, row <= numOfRows, (row++)]): Browser is closed

25-09-2024T13:52:04 - [TEST_STEP][PASSED] - ExecuteTC = dataFile.getValue("Execute", row): null

25-09-2024T13:52:04 - [TEST_STEP][PASSED] - out.println("Value of Execute is : " + ExecuteTC): null

25-09-2024T13:52:04 - [TEST_STEP][PASSED] - if (ExecuteTC.equalsIgnoreCase("Y")): null

25-09-2024T13:52:04 - [TEST_STEP][PASSED] - out.println("Begin Record Number: " + row): null

25-09-2024T13:52:04 - [TEST_STEP][PASSED] - today = new java.util.Date(): null

25-09-2024T13:52:04 - [TEST_STEP][PASSED] - println(today): null

25-09-2024T13:52:04 - [TEST_STEP][PASSED] - datText = today: null

25-09-2024T13:52:04 - [TEST_STEP][PASSED] - EmulatorDataKey = dataFile.getValue("EmulatorData", row): null

25-09-2024T13:52:04 - [TEST_STEP][PASSED] - out.println("Value of Emulator Key is : " + EmulatorDataKey): null

25-09-2024T13:52:04 - [TEST_STEP][PASSED] - iwpPages.emulatorIWP30.setDataEmulator_DD(EmulatorDataKey): iwpPages.emulatorIWP30.setDataEmulator_DD is PASSED

25-09-2024T13:52:05 - [MESSAGE][WARNING] - A browser is already opened. Closing browser and opening a new one

25-09-2024T13:52:05 - [MESSAGE][INFO] - Starting 'Edge Chromium' driver

25-09-2024T13:52:05 - [MESSAGE][INFO] - User set preference: ['acceptInsecureCerts', 'true']

25-09-2024T13:52:07 - [MESSAGE][INFO] - Action delay is set to 0 milliseconds

25-09-2024T13:52:10 - [MESSAGE][PASSED] - Browser is opened with url: 'https://qa.velocitypayment.com/agency/config.do?action=editor&message_version=2_5'

25-09-2024T13:52:10 - [MESSAGE][PASSED] - Current window maximized

25-09-2024T13:52:11 - [MESSAGE][PASSED] - All options with value '2.5' are selected in object 'Object Repository/IWP30/Page_VRelay30Emulator/MV'  using regular expression

25-09-2024T13:52:12 - [MESSAGE][PASSED] - Text '10.50' is set on object 'Object Repository/IWP30/Page_VRelay30Emulator/Amount'

25-09-2024T13:52:13 - [MESSAGE][PASSED] - Text 'EhH5Xpm58nAV' is set on object 'Object Repository/IWP30/Page_VRelay30Emulator/CAN'

25-09-2024T13:52:13 - [MESSAGE][PASSED] - Text 'PayNow' is set on object 'Object Repository/IWP30/Page_VRelay30Emulator/Action'

25-09-2024T13:52:14 - [MESSAGE][PASSED] - Text 'en_US' is set on object 'Object Repository/IWP30/Page_VRelay30Emulator/Lang'

25-09-2024T13:52:15 - [MESSAGE][PASSED] - Text '' is set on object 'Object Repository/IWP30/Page_VRelay30Emulator/Fname'

25-09-2024T13:52:15 - [MESSAGE][PASSED] - Text '' is set on object 'Object Repository/IWP30/Page_VRelay30Emulator/Lname'

25-09-2024T13:52:16 - [MESSAGE][PASSED] - Text '' is set on object 'Object Repository/IWP30/Page_VRelay30Emulator/AL1'

25-09-2024T13:52:16 - [MESSAGE][PASSED] - Text '' is set on object 'Object Repository/IWP30/Page_VRelay30Emulator/AL2'

25-09-2024T13:52:17 - [MESSAGE][PASSED] - Text '' is set on object 'Object Repository/IWP30/Page_VRelay30Emulator/Country'

25-09-2024T13:52:17 - [MESSAGE][PASSED] - Text '' is set on object 'Object Repository/IWP30/Page_VRelay30Emulator/City'

25-09-2024T13:52:18 - [MESSAGE][PASSED] - Text '' is set on object 'Object Repository/IWP30/Page_VRelay30Emulator/State'

25-09-2024T13:52:19 - [MESSAGE][PASSED] - Text '' is set on object 'Object Repository/IWP30/Page_VRelay30Emulator/ZIP'

25-09-2024T13:52:19 - [MESSAGE][PASSED] - Text '' is set on object 'Object Repository/IWP30/Page_VRelay30Emulator/Order'

25-09-2024T13:52:20 - [MESSAGE][PASSED] - Text '' is set on object 'Object Repository/IWP30/Page_VRelay30Emulator/Company'

25-09-2024T13:52:20 - [MESSAGE][PASSED] - Text '' is set on object 'Object Repository/IWP30/Page_VRelay30Emulator/Email'

25-09-2024T13:52:21 - [MESSAGE][PASSED] - Text '' is set on object 'Object Repository/IWP30/Page_VRelay30Emulator/UDF1'

25-09-2024T13:52:21 - [MESSAGE][PASSED] - Text '' is set on object 'Object Repository/IWP30/Page_VRelay30Emulator/UDF2'

25-09-2024T13:52:22 - [MESSAGE][PASSED] - Text '' is set on object 'Object Repository/IWP30/Page_VRelay30Emulator/UDF3'

25-09-2024T13:52:23 - [MESSAGE][PASSED] - Text 'udf data 4' is set on object 'Object Repository/IWP30/Page_VRelay30Emulator/UDF4'

25-09-2024T13:52:23 - [MESSAGE][PASSED] - Text 'udf data 5' is set on object 'Object Repository/IWP30/Page_VRelay30Emulator/UDF5'

25-09-2024T13:52:24 - [MESSAGE][PASSED] - Text '' is set on object 'Object Repository/IWP30/Page_VRelay30Emulator/UDF6'

25-09-2024T13:52:24 - [MESSAGE][PASSED] - Text '' is set on object 'Object Repository/IWP30/Page_VRelay30Emulator/UDF7'

25-09-2024T13:52:25 - [MESSAGE][PASSED] - Text '' is set on object 'Object Repository/IWP30/Page_VRelay30Emulator/UDF8'

25-09-2024T13:52:26 - [MESSAGE][PASSED] - Text 'udf data 9' is set on object 'Object Repository/IWP30/Page_VRelay30Emulator/UDF9'

25-09-2024T13:52:26 - [MESSAGE][PASSED] - Text 'udf data 10' is set on object 'Object Repository/IWP30/Page_VRelay30Emulator/UDF10'

25-09-2024T13:52:27 - [MESSAGE][PASSED] - Object: 'Object Repository/IWP30/Page_VRelay30Emulator/Submit' is clicked on

25-09-2024T13:52:32 - [MESSAGE][PASSED] - Browser is closed

25-09-2024T13:52:36 - [MESSAGE][PASSED] - iwpPages.emulatorIWP30.setDataEmulator_DD is PASSED

25-09-2024T13:52:36 - [TEST_STEP][PASSED] - testHarnessURL = urlTestHarness: null

25-09-2024T13:52:36 - [TEST_STEP][PASSED] - openBrowser(testHarnessURL): Browser is opened with url: 'https://dev-algorithm.govolution.com/vrelaytest/QA/version_2_2/vrelaytest.html'

25-09-2024T13:52:36 - [MESSAGE][INFO] - Starting 'Edge Chromium' driver

25-09-2024T13:52:36 - [MESSAGE][INFO] - User set preference: ['acceptInsecureCerts', 'true']

25-09-2024T13:52:38 - [MESSAGE][INFO] - Action delay is set to 0 milliseconds

25-09-2024T13:52:42 - [MESSAGE][PASSED] - Browser is opened with url: 'https://dev-algorithm.govolution.com/vrelaytest/QA/version_2_2/vrelaytest.html'

25-09-2024T13:52:42 - [TEST_STEP][PASSED] - maximizeWindow(): Current window maximized

25-09-2024T13:52:42 - [MESSAGE][PASSED] - Current window maximized

25-09-2024T13:52:42 - [TEST_STEP][PASSED] - iwpPages.TestHarnessPage.setDataMethodEF(row, dataFile): iwpPages.TestHarnessPage.setDataMethodEF is PASSED

25-09-2024T13:52:42 - [MESSAGE][PASSED] - Object 'Object Repository/IWP30/Page_QATestHarness/RemittanceID' is present

25-09-2024T13:52:43 - [MESSAGE][PASSED] - Text '638' is set on object 'Object Repository/IWP30/Page_QATestHarness/ApplicationID'

25-09-2024T13:52:44 - [MESSAGE][PASSED] - Text '2.5' is set on object 'Object Repository/IWP30/Page_QATestHarness/MessageVersion'

25-09-2024T13:52:44 - [MESSAGE][PASSED] - Text 'UBx78Sw7HWDd' is set on object 'Object Repository/IWP30/Page_QATestHarness/RemittanceID'

25-09-2024T13:52:47 - [MESSAGE][PASSED] - Object: 'Object Repository/IWP30/Page_QATestHarness/SubmitButton' is clicked on

25-09-2024T13:52:47 - [MESSAGE][PASSED] - iwpPages.TestHarnessPage.setDataMethodEF is PASSED

25-09-2024T13:52:47 - [TEST_STEP][PASSED] - click(findTestObject("Object Repository/IWP30/Page_SelectPaymentMethod/PayByCreditCard")): Object: 'Object Repository/IWP30/Page_SelectPaymentMethod/PayByCreditCard' is clicked on

25-09-2024T13:52:47 - [MESSAGE][PASSED] - Object: 'Object Repository/IWP30/Page_SelectPaymentMethod/PayByCreditCard' is clicked on

25-09-2024T13:52:47 - [TEST_STEP][PASSED] - click(findTestObject("Object Repository/IWP30/Page_SelectPaymentMethod/MakePaymentButton")): Object: 'Object Repository/IWP30/Page_SelectPaymentMethod/MakePaymentButton' is clicked on

25-09-2024T13:52:49 - [MESSAGE][PASSED] - Object: 'Object Repository/IWP30/Page_SelectPaymentMethod/MakePaymentButton' is clicked on

25-09-2024T13:52:49 - [TEST_STEP][PASSED] - iwpPages.ccPaymentEntryPage.setDataCCPM(row, dataFile): iwpPages.ccPaymentEntryPage.setDataCCPM is PASSED

25-09-2024T13:52:49 - [MESSAGE][PASSED] - Object 'Object Repository/IWP30/Page_CCPaymentEntry/Name' is present

25-09-2024T13:52:50 - [MESSAGE][PASSED] - Text '10.50' is set on object 'Object Repository/IWP30/Page_CCPaymentEntry/Amount'

25-09-2024T13:52:51 - [MESSAGE][PASSED] - Text 'udf data 2' is set on object 'Object Repository/IWP30/Page_CCPaymentEntry/UserDefined2'

25-09-2024T13:52:51 - [MESSAGE][PASSED] - Text 'udf data 3' is set on object 'Object Repository/IWP30/Page_CCPaymentEntry/UserDefined3'

25-09-2024T13:52:52 - [MESSAGE][PASSED] - All options with label 'Orange' are selected in object 'Object Repository/IWP30/Page_CCPaymentEntry/UserDefined7' 

25-09-2024T13:52:52 - [MESSAGE][PASSED] - All options with label 'Soccer' are selected in object 'Object Repository/IWP30/Page_CCPaymentEntry/UserDefined8' 

25-09-2024T13:52:52 - [MESSAGE][PASSED] - Object 'Object Repository/IWP30/Page_CCPaymentEntry/Name' is present

25-09-2024T13:52:53 - [MESSAGE][PASSED] - Text 'Kavita Ranawati' is set on object 'Object Repository/IWP30/Page_CCPaymentEntry/Name'

25-09-2024T13:52:53 - [MESSAGE][PASSED] - Object 'Object Repository/IWP30/Page_CCPaymentEntry/CardNumber' is present

25-09-2024T13:52:54 - [MESSAGE][PASSED] - Text '4111111111111111' is set on object 'Object Repository/IWP30/Page_CCPaymentEntry/CardNumber'

25-09-2024T13:52:55 - [MESSAGE][PASSED] - Text '123' is set on object 'Object Repository/IWP30/Page_CCPaymentEntry/SPC'

25-09-2024T13:52:56 - [MESSAGE][PASSED] - Object 'Object Repository/IWP30/Page_CCPaymentEntry/Month' is present

25-09-2024T13:52:56 - [MESSAGE][PASSED] - All options with label '01' are selected in object 'Object Repository/IWP30/Page_CCPaymentEntry/Month' 

25-09-2024T13:52:56 - [MESSAGE][PASSED] - Object 'Object Repository/IWP30/Page_CCPaymentEntry/Year' is present

25-09-2024T13:52:57 - [MESSAGE][PASSED] - All options with label '2028' are selected in object 'Object Repository/IWP30/Page_CCPaymentEntry/Year' 

25-09-2024T13:52:57 - [MESSAGE][PASSED] - Execute JavaScript '
				   document.getElementById('processDate').value = '08/09/2025'
				  ' successfully

25-09-2024T13:52:58 - [MESSAGE][PASSED] - Text '365 Main Avenue' is set on object 'Object Repository/IWP30/Page_CCPaymentEntry/AL1'

25-09-2024T13:52:58 - [MESSAGE][PASSED] - Text 'Ohio' is set on object 'Object Repository/IWP30/Page_CCPaymentEntry/AL2'

25-09-2024T13:52:59 - [MESSAGE][PASSED] - Text '22201' is set on object 'Object Repository/IWP30/Page_CCPaymentEntry/ZIP'

25-09-2024T13:52:59 - [MESSAGE][PASSED] - Object 'Object Repository/IWP30/Page_CCPaymentEntry/EmailAddress' is present

25-09-2024T13:53:00 - [MESSAGE][PASSED] - Text 'iahmed@govolution.com' is set on object 'Object Repository/IWP30/Page_CCPaymentEntry/EmailAddress'

25-09-2024T13:53:00 - [MESSAGE][PASSED] - Object 'Object Repository/IWP30/Page_CCPaymentEntry/TermCondCheckBox' is present

25-09-2024T13:53:01 - [MESSAGE][PASSED] - Object 'Object Repository/IWP30/Page_CCPaymentEntry/TermCondCheckBox' is checked

25-09-2024T13:53:01 - [MESSAGE][PASSED] - Object 'Object Repository/IWP30/Page_CCPaymentEntry/ContinueButton' is present

25-09-2024T13:53:02 - [MESSAGE][PASSED] - Object: 'Object Repository/IWP30/Page_CCPaymentEntry/ContinueButton' is clicked on

25-09-2024T13:53:02 - [MESSAGE][PASSED] - iwpPages.ccPaymentEntryPage.setDataCCPM is PASSED

25-09-2024T13:53:02 - [TEST_STEP][PASSED] - click(findTestObject("Object Repository/IWP30/Page_Confirmation/ConfirmButton")): Object: 'Object Repository/IWP30/Page_Confirmation/ConfirmButton' is clicked on

25-09-2024T13:53:04 - [MESSAGE][PASSED] - Object: 'Object Repository/IWP30/Page_Confirmation/ConfirmButton' is clicked on

25-09-2024T13:53:04 - [TEST_STEP][PASSED] - Thread.sleep(2000): null

25-09-2024T13:53:06 - [TEST_STEP][PASSED] - if (verifyTextPresent("Deferred", false)): null

25-09-2024T13:53:07 - [MESSAGE][PASSED] - Text 'Deferred' is present on page 

25-09-2024T13:53:07 - [TEST_STEP][PASSED] - click(findTestObject("Object Repository/IWP30/Page_Receipt/ViewScheduledPaymentsButton")): Object: 'Object Repository/IWP30/Page_Receipt/ViewScheduledPaymentsButton' is clicked on

25-09-2024T13:53:07 - [MESSAGE][PASSED] - Object: 'Object Repository/IWP30/Page_Receipt/ViewScheduledPaymentsButton' is clicked on

25-09-2024T13:53:07 - [TEST_STEP][PASSED] - switchToWindowTitle("View Scheduled Payments"): Switched to window with title: 'View Scheduled Payments'

25-09-2024T13:53:07 - [MESSAGE][PASSED] - Switched to window with title: 'View Scheduled Payments'

25-09-2024T13:53:07 - [TEST_STEP][PASSED] - Thread.sleep(5000): null

25-09-2024T13:53:12 - [TEST_STEP][PASSED] - if (verifyTextPresent("View Scheduled Payments", false)): null

25-09-2024T13:53:12 - [MESSAGE][PASSED] - Text 'View Scheduled Payments' is present on page 

25-09-2024T13:53:12 - [TEST_STEP][PASSED] - click(findTestObject("Object Repository/IWP30/Page_ScheduledPayments/cancel_payment")): Object: 'Object Repository/IWP30/Page_ScheduledPayments/cancel_payment' is clicked on

25-09-2024T13:53:14 - [MESSAGE][PASSED] - Object: 'Object Repository/IWP30/Page_ScheduledPayments/cancel_payment' is clicked on

25-09-2024T13:53:14 - [TEST_STEP][PASSED] - if (verifyTextPresent("Cancel Payment Plan", false)): null

25-09-2024T13:53:15 - [MESSAGE][PASSED] - Text 'Cancel Payment Plan' is present on page 

25-09-2024T13:53:15 - [TEST_STEP][PASSED] - click(findTestObject("Object Repository/IWP30/Page_PaymentPlan/btn_cancel")): Object: 'Object Repository/IWP30/Page_PaymentPlan/btn_cancel' is clicked on

25-09-2024T13:53:15 - [MESSAGE][PASSED] - Object: 'Object Repository/IWP30/Page_PaymentPlan/btn_cancel' is clicked on

25-09-2024T13:53:15 - [TEST_STEP][PASSED] - acceptAlert(): Alert accepted

25-09-2024T13:53:15 - [MESSAGE][PASSED] - Alert accepted

25-09-2024T13:53:15 - [TEST_STEP][PASSED] - if (verifyTextPresent("Your payment plan has been successfully canceled", false)): null

25-09-2024T13:53:16 - [MESSAGE][PASSED] - Text 'Your payment plan has been successfully canceled' is present on page 

25-09-2024T13:53:16 - [TEST_STEP][PASSED] - isRequiredTextPresent = true: null

25-09-2024T13:53:16 - [TEST_STEP][PASSED] - println(isRequiredTextPresent): null

25-09-2024T13:53:16 - [TEST_STEP][PASSED] - if (isRequiredTextPresent): null

25-09-2024T13:53:16 - [TEST_STEP][PASSED] - if (verifyTextPresent("CAN Label:", false)): null

25-09-2024T13:53:16 - [MESSAGE][PASSED] - Text 'CAN Label:' is present on page 

25-09-2024T13:53:17 - [TEST_STEP][PASSED] - isRequiredTextPresent = true: null

25-09-2024T13:53:17 - [TEST_STEP][PASSED] - println(isRequiredTextPresent): null

25-09-2024T13:53:17 - [TEST_STEP][PASSED] - if (isRequiredTextPresent): null

25-09-2024T13:53:17 - [TEST_STEP][PASSED] - if (verifyTextPresent("Please verify the following information:", false)): null

25-09-2024T13:53:17 - [MESSAGE][PASSED] - Text 'Please verify the following information:' is present on page 

25-09-2024T13:53:17 - [TEST_STEP][PASSED] - isRequiredTextPresent = true: null

25-09-2024T13:53:17 - [TEST_STEP][PASSED] - println(isRequiredTextPresent): null

25-09-2024T13:53:17 - [TEST_STEP][PASSED] - if (isRequiredTextPresent): null

25-09-2024T13:53:17 - [TEST_STEP][PASSED] - if (verifyTextPresent("Payment Information:", false)): null

25-09-2024T13:53:17 - [MESSAGE][PASSED] - Text 'Payment Information:' is present on page 

25-09-2024T13:53:17 - [TEST_STEP][PASSED] - isRequiredTextPresent = true: null

25-09-2024T13:53:17 - [TEST_STEP][PASSED] - println(isRequiredTextPresent): null

25-09-2024T13:53:17 - [TEST_STEP][PASSED] - if (isRequiredTextPresent): null

25-09-2024T13:53:17 - [TEST_STEP][PASSED] - if (verifyTextPresent("UDF2 Label:", false)): null

25-09-2024T13:53:17 - [MESSAGE][PASSED] - Text 'UDF2 Label:' is present on page 

25-09-2024T13:53:17 - [TEST_STEP][PASSED] - isRequiredTextPresent = true: null

25-09-2024T13:53:17 - [TEST_STEP][PASSED] - println(isRequiredTextPresent): null

25-09-2024T13:53:17 - [TEST_STEP][PASSED] - if (isRequiredTextPresent): null

25-09-2024T13:53:17 - [TEST_STEP][PASSED] - if (verifyTextPresent("UDF3 Label:", false)): null

25-09-2024T13:53:18 - [MESSAGE][PASSED] - Text 'UDF3 Label:' is present on page 

25-09-2024T13:53:18 - [TEST_STEP][PASSED] - isRequiredTextPresent = true: null

25-09-2024T13:53:18 - [TEST_STEP][PASSED] - println(isRequiredTextPresent): null

25-09-2024T13:53:18 - [TEST_STEP][PASSED] - if (isRequiredTextPresent): null

25-09-2024T13:53:18 - [TEST_STEP][PASSED] - if (verifyTextPresent("UDF4 Label:", false)): null

25-09-2024T13:53:18 - [MESSAGE][PASSED] - Text 'UDF4 Label:' is present on page 

25-09-2024T13:53:18 - [TEST_STEP][PASSED] - isRequiredTextPresent = true: null

25-09-2024T13:53:18 - [TEST_STEP][PASSED] - println(isRequiredTextPresent): null

25-09-2024T13:53:18 - [TEST_STEP][PASSED] - if (isRequiredTextPresent): null

25-09-2024T13:53:18 - [TEST_STEP][PASSED] - if (verifyTextPresent("UDF7 Label:", false)): null

25-09-2024T13:53:18 - [MESSAGE][PASSED] - Text 'UDF7 Label:' is present on page 

25-09-2024T13:53:18 - [TEST_STEP][PASSED] - isRequiredTextPresent = true: null

25-09-2024T13:53:18 - [TEST_STEP][PASSED] - println(isRequiredTextPresent): null

25-09-2024T13:53:18 - [TEST_STEP][PASSED] - if (isRequiredTextPresent): null

25-09-2024T13:53:18 - [TEST_STEP][PASSED] - if (verifyTextPresent("UDF8 Label:", false)): null

25-09-2024T13:53:18 - [MESSAGE][PASSED] - Text 'UDF8 Label:' is present on page 

25-09-2024T13:53:18 - [TEST_STEP][PASSED] - isRequiredTextPresent = true: null

25-09-2024T13:53:18 - [TEST_STEP][PASSED] - println(isRequiredTextPresent): null

25-09-2024T13:53:18 - [TEST_STEP][PASSED] - if (isRequiredTextPresent): null

25-09-2024T13:53:18 - [TEST_STEP][PASSED] - if (verifyTextPresent("UDF9 Label:", false)): null

25-09-2024T13:53:19 - [MESSAGE][PASSED] - Text 'UDF9 Label:' is present on page 

25-09-2024T13:53:19 - [TEST_STEP][PASSED] - isRequiredTextPresent = true: null

25-09-2024T13:53:19 - [TEST_STEP][PASSED] - println(isRequiredTextPresent): null

25-09-2024T13:53:19 - [TEST_STEP][PASSED] - if (isRequiredTextPresent): null

25-09-2024T13:53:19 - [TEST_STEP][PASSED] - if (verifyTextPresent("Card Information", false)): null

25-09-2024T13:53:19 - [MESSAGE][PASSED] - Text 'Card Information' is present on page 

25-09-2024T13:53:19 - [TEST_STEP][PASSED] - isRequiredTextPresent = true: null

25-09-2024T13:53:19 - [TEST_STEP][PASSED] - println(isRequiredTextPresent): null

25-09-2024T13:53:19 - [TEST_STEP][PASSED] - if (isRequiredTextPresent): null

25-09-2024T13:53:19 - [TEST_STEP][PASSED] - if (verifyTextPresent("Cardholder's Name:", false)): null

25-09-2024T13:53:19 - [MESSAGE][PASSED] - Text 'Cardholder's Name:' is present on page 

25-09-2024T13:53:19 - [TEST_STEP][PASSED] - isRequiredTextPresent = true: null

25-09-2024T13:53:19 - [TEST_STEP][PASSED] - println(isRequiredTextPresent): null

25-09-2024T13:53:19 - [TEST_STEP][PASSED] - if (isRequiredTextPresent): null

25-09-2024T13:53:19 - [TEST_STEP][PASSED] - if (verifyTextPresent("Card Type:", false)): null

25-09-2024T13:53:20 - [MESSAGE][PASSED] - Text 'Card Type:' is present on page 

25-09-2024T13:53:20 - [TEST_STEP][PASSED] - isRequiredTextPresent = true: null

25-09-2024T13:53:20 - [TEST_STEP][PASSED] - println(isRequiredTextPresent): null

25-09-2024T13:53:20 - [TEST_STEP][PASSED] - if (isRequiredTextPresent): null

25-09-2024T13:53:20 - [TEST_STEP][PASSED] - if (verifyTextPresent("Card Number:", false)): null

25-09-2024T13:53:20 - [MESSAGE][PASSED] - Text 'Card Number:' is present on page 

25-09-2024T13:53:20 - [TEST_STEP][PASSED] - isRequiredTextPresent = true: null

25-09-2024T13:53:20 - [TEST_STEP][PASSED] - println(isRequiredTextPresent): null

25-09-2024T13:53:20 - [TEST_STEP][PASSED] - if (isRequiredTextPresent): null

25-09-2024T13:53:20 - [TEST_STEP][PASSED] - if (verifyTextPresent("Card Security Code:", false)): null

25-09-2024T13:53:20 - [MESSAGE][PASSED] - Text 'Card Security Code:' is present on page 

25-09-2024T13:53:20 - [TEST_STEP][PASSED] - isRequiredTextPresent = true: null

25-09-2024T13:53:20 - [TEST_STEP][PASSED] - println(isRequiredTextPresent): null

25-09-2024T13:53:20 - [TEST_STEP][PASSED] - if (isRequiredTextPresent): null

25-09-2024T13:53:20 - [TEST_STEP][PASSED] - if (verifyTextPresent("Expiration Date:", false)): null

25-09-2024T13:53:20 - [MESSAGE][PASSED] - Text 'Expiration Date:' is present on page 

25-09-2024T13:53:20 - [TEST_STEP][PASSED] - isRequiredTextPresent = true: null

25-09-2024T13:53:20 - [TEST_STEP][PASSED] - println(isRequiredTextPresent): null

25-09-2024T13:53:20 - [TEST_STEP][PASSED] - if (isRequiredTextPresent): null

25-09-2024T13:53:20 - [TEST_STEP][PASSED] - if (verifyTextPresent("Billing Information:", false)): null

25-09-2024T13:53:21 - [MESSAGE][PASSED] - Text 'Billing Information:' is present on page 

25-09-2024T13:53:21 - [TEST_STEP][PASSED] - isRequiredTextPresent = true: null

25-09-2024T13:53:21 - [TEST_STEP][PASSED] - println(isRequiredTextPresent): null

25-09-2024T13:53:21 - [TEST_STEP][PASSED] - if (isRequiredTextPresent): null

25-09-2024T13:53:21 - [TEST_STEP][PASSED] - if (verifyTextPresent("Address Line 1:", false)): null

25-09-2024T13:53:21 - [MESSAGE][PASSED] - Text 'Address Line 1:' is present on page 

25-09-2024T13:53:21 - [TEST_STEP][PASSED] - isRequiredTextPresent = true: null

25-09-2024T13:53:21 - [TEST_STEP][PASSED] - println(isRequiredTextPresent): null

25-09-2024T13:53:21 - [TEST_STEP][PASSED] - if (isRequiredTextPresent): null

25-09-2024T13:53:21 - [TEST_STEP][PASSED] - if (verifyTextPresent("Address Line 2:", false)): null

25-09-2024T13:53:21 - [MESSAGE][PASSED] - Text 'Address Line 2:' is present on page 

25-09-2024T13:53:21 - [TEST_STEP][PASSED] - isRequiredTextPresent = true: null

25-09-2024T13:53:21 - [TEST_STEP][PASSED] - println(isRequiredTextPresent): null

25-09-2024T13:53:21 - [TEST_STEP][PASSED] - if (isRequiredTextPresent): null

25-09-2024T13:53:21 - [TEST_STEP][PASSED] - if (verifyTextPresent("Country:", false)): null

25-09-2024T13:53:21 - [MESSAGE][PASSED] - Text 'Country:' is present on page 

25-09-2024T13:53:21 - [TEST_STEP][PASSED] - isRequiredTextPresent = true: null

25-09-2024T13:53:21 - [TEST_STEP][PASSED] - println(isRequiredTextPresent): null

25-09-2024T13:53:21 - [TEST_STEP][FAILED] - if (isRequiredTextPresent): null

25-09-2024T13:53:21 - [TEST_STEP][FAILED] - if (verifyTextPresent("City:", false)): Text 'City:' is not present on page  (Root cause: com.kms.katalon.core.exception.StepFailedException: Text 'City:' is not present on page 
	at com.kms.katalon.core.webui.keyword.internal.WebUIKeywordMain.stepFailed(WebUIKeywordMain.groovy:64)
	at com.kms.katalon.core.webui.keyword.builtin.VerifyTextPresentKeyword$_verifyTextPresent_closure1.doCall(VerifyTextPresentKeyword.groovy:79)
	at com.kms.katalon.core.webui.keyword.builtin.VerifyTextPresentKeyword$_verifyTextPresent_closure1.call(VerifyTextPresentKeyword.groovy)
	at com.kms.katalon.core.webui.keyword.internal.WebUIKeywordMain.runKeyword(WebUIKeywordMain.groovy:20)
	at com.kms.katalon.core.webui.keyword.builtin.VerifyTextPresentKeyword.verifyTextPresent(VerifyTextPresentKeyword.groovy:83)
	at com.kms.katalon.core.webui.keyword.builtin.VerifyTextPresentKeyword.execute(VerifyTextPresentKeyword.groovy:68)
	at com.kms.katalon.core.keyword.internal.KeywordExecutor.executeKeywordForPlatform(KeywordExecutor.groovy:74)
	at com.kms.katalon.core.webui.keyword.WebUiBuiltInKeywords.verifyTextPresent(WebUiBuiltInKeywords.groovy:1762)
	at VerifyCancelReceiptLabelsDeferredCC.run(VerifyCancelReceiptLabelsDeferredCC:310)
	at com.kms.katalon.core.main.ScriptEngine.run(ScriptEngine.java:194)
	at com.kms.katalon.core.main.ScriptEngine.runScriptAsRawText(ScriptEngine.java:119)
	at com.kms.katalon.core.main.TestCaseExecutor.runScript(TestCaseExecutor.java:448)
	at com.kms.katalon.core.main.TestCaseExecutor.doExecute(TestCaseExecutor.java:439)
	at com.kms.katalon.core.main.TestCaseExecutor.processExecutionPhase(TestCaseExecutor.java:418)
	at com.kms.katalon.core.main.TestCaseExecutor.accessMainPhase(TestCaseExecutor.java:410)
	at com.kms.katalon.core.main.TestCaseExecutor.execute(TestCaseExecutor.java:285)
	at com.kms.katalon.core.common.CommonExecutor.accessTestCaseMainPhase(CommonExecutor.java:65)
	at com.kms.katalon.core.main.TestSuiteExecutor.accessTestSuiteMainPhase(TestSuiteExecutor.java:150)
	at com.kms.katalon.core.main.TestSuiteExecutor.execute(TestSuiteExecutor.java:106)
	at com.kms.katalon.core.main.TestCaseMain.startTestSuite(TestCaseMain.java:180)
	at TempTestSuite1727249381322.run(TempTestSuite1727249381322.groovy:35)
	at java.base/jdk.internal.reflect.NativeMethodAccessorImpl.invoke0(Native Method)
	at java.base/jdk.internal.reflect.NativeMethodAccessorImpl.invoke(NativeMethodAccessorImpl.java:77)
	at java.base/jdk.internal.reflect.DelegatingMethodAccessorImpl.invoke(DelegatingMethodAccessorImpl.java:43)
)

25-09-2024T13:53:22 - [MESSAGE][FAILED] - Text 'City:' is not present on page  (Root cause: com.kms.katalon.core.exception.StepFailedException: Text 'City:' is not present on page 
	at com.kms.katalon.core.webui.keyword.internal.WebUIKeywordMain.stepFailed(WebUIKeywordMain.groovy:64)
	at com.kms.katalon.core.webui.keyword.builtin.VerifyTextPresentKeyword$_verifyTextPresent_closure1.doCall(VerifyTextPresentKeyword.groovy:79)
	at com.kms.katalon.core.webui.keyword.builtin.VerifyTextPresentKeyword$_verifyTextPresent_closure1.call(VerifyTextPresentKeyword.groovy)
	at com.kms.katalon.core.webui.keyword.internal.WebUIKeywordMain.runKeyword(WebUIKeywordMain.groovy:20)
	at com.kms.katalon.core.webui.keyword.builtin.VerifyTextPresentKeyword.verifyTextPresent(VerifyTextPresentKeyword.groovy:83)
	at com.kms.katalon.core.webui.keyword.builtin.VerifyTextPresentKeyword.execute(VerifyTextPresentKeyword.groovy:68)
	at com.kms.katalon.core.keyword.internal.KeywordExecutor.executeKeywordForPlatform(KeywordExecutor.groovy:74)
	at com.kms.katalon.core.webui.keyword.WebUiBuiltInKeywords.verifyTextPresent(WebUiBuiltInKeywords.groovy:1762)
	at VerifyCancelReceiptLabelsDeferredCC.run(VerifyCancelReceiptLabelsDeferredCC:310)
	at com.kms.katalon.core.main.ScriptEngine.run(ScriptEngine.java:194)
	at com.kms.katalon.core.main.ScriptEngine.runScriptAsRawText(ScriptEngine.java:119)
	at com.kms.katalon.core.main.TestCaseExecutor.runScript(TestCaseExecutor.java:448)
	at com.kms.katalon.core.main.TestCaseExecutor.doExecute(TestCaseExecutor.java:439)
	at com.kms.katalon.core.main.TestCaseExecutor.processExecutionPhase(TestCaseExecutor.java:418)
	at com.kms.katalon.core.main.TestCaseExecutor.accessMainPhase(TestCaseExecutor.java:410)
	at com.kms.katalon.core.main.TestCaseExecutor.execute(TestCaseExecutor.java:285)
	at com.kms.katalon.core.common.CommonExecutor.accessTestCaseMainPhase(CommonExecutor.java:65)
	at com.kms.katalon.core.main.TestSuiteExecutor.accessTestSuiteMainPhase(TestSuiteExecutor.java:150)
	at com.kms.katalon.core.main.TestSuiteExecutor.execute(TestSuiteExecutor.java:106)
	at com.kms.katalon.core.main.TestCaseMain.startTestSuite(TestCaseMain.java:180)
	at TempTestSuite1727249381322.run(TempTestSuite1727249381322.groovy:35)
	at java.base/jdk.internal.reflect.NativeMethodAccessorImpl.invoke0(Native Method)
	at java.base/jdk.internal.reflect.NativeMethodAccessorImpl.invoke(NativeMethodAccessorImpl.java:77)
	at java.base/jdk.internal.reflect.DelegatingMethodAccessorImpl.invoke(DelegatingMethodAccessorImpl.java:43)
)

25-09-2024T13:53:22 - [TEST_STEP][PASSED] - else: null

25-09-2024T13:53:22 - [TEST_STEP][PASSED] - isRequiredTextPresent = false: null

25-09-2024T13:53:22 - [TEST_STEP][PASSED] - if (isRequiredTextPresent): null

25-09-2024T13:53:22 - [TEST_STEP][PASSED] - if (isRequiredTextPresent): null

25-09-2024T13:53:22 - [TEST_STEP][PASSED] - if (isRequiredTextPresent): null

25-09-2024T13:53:22 - [TEST_STEP][PASSED] - if (isRequiredTextPresent): null

25-09-2024T13:53:22 - [TEST_STEP][PASSED] - if (isRequiredTextPresent): null

25-09-2024T13:53:22 - [TEST_STEP][PASSED] - if (isRequiredTextPresent): null

25-09-2024T13:53:22 - [TEST_STEP][PASSED] - if (isRequiredTextPresent): null

25-09-2024T13:53:22 - [TEST_STEP][PASSED] - if (isRequiredTextPresent): null

25-09-2024T13:53:22 - [TEST_STEP][PASSED] - if (isRequiredTextPresent): null

25-09-2024T13:53:22 - [TEST_STEP][PASSED] - if (isRequiredTextPresent == true): null

25-09-2024T13:53:22 - [TEST_STEP][PASSED] - else: pages.WriteExcel.demoKey is PASSED

25-09-2024T13:53:22 - [TEST_STEP][PASSED] - println("Some texts are missing on the Receipt page"): null

25-09-2024T13:53:22 - [TEST_STEP][PASSED] - resText = "Fail": null

25-09-2024T13:53:22 - [TEST_STEP][PASSED] - pages.WriteExcel.demoKey(resText, datText, resColumn, datCloumn, fileLoc, nameSheet, row): pages.WriteExcel.demoKey is PASSED

25-09-2024T13:53:22 - [MESSAGE][PASSED] - pages.WriteExcel.demoKey is PASSED

25-09-2024T13:53:22 - [TEST_STEP][PASSED] - closeBrowser(): Browser is closed

25-09-2024T13:53:22 - [MESSAGE][PASSED] - Browser is closed]]></system-out>
         <system-err><![CDATA[25-09-2024T13:52:04 - [TEST_CASE][FAILED] - Test Cases/IntegratedWeb/IWP25/Payments/VerifyCancelReceiptLabelsDeferredCC: Test Cases/IntegratedWeb/IWP25/Payments/VerifyCancelReceiptLabelsDeferredCC FAILED.
Reason:
com.kms.katalon.core.exception.StepFailedException: Text 'City:' is not present on page  (Root cause: com.kms.katalon.core.exception.StepFailedException: Text 'City:' is not present on page 
	at com.kms.katalon.core.webui.keyword.internal.WebUIKeywordMain.stepFailed(WebUIKeywordMain.groovy:64)
	at com.kms.katalon.core.webui.keyword.builtin.VerifyTextPresentKeyword$_verifyTextPresent_closure1.doCall(VerifyTextPresentKeyword.groovy:79)
	at com.kms.katalon.core.webui.keyword.builtin.VerifyTextPresentKeyword$_verifyTextPresent_closure1.call(VerifyTextPresentKeyword.groovy)
	at com.kms.katalon.core.webui.keyword.internal.WebUIKeywordMain.runKeyword(WebUIKeywordMain.groovy:20)
	at com.kms.katalon.core.webui.keyword.builtin.VerifyTextPresentKeyword.verifyTextPresent(VerifyTextPresentKeyword.groovy:83)
	at com.kms.katalon.core.webui.keyword.builtin.VerifyTextPresentKeyword.execute(VerifyTextPresentKeyword.groovy:68)
	at com.kms.katalon.core.keyword.internal.KeywordExecutor.executeKeywordForPlatform(KeywordExecutor.groovy:74)
	at com.kms.katalon.core.webui.keyword.WebUiBuiltInKeywords.verifyTextPresent(WebUiBuiltInKeywords.groovy:1762)
	at VerifyCancelReceiptLabelsDeferredCC.run(VerifyCancelReceiptLabelsDeferredCC:310)
	at com.kms.katalon.core.main.ScriptEngine.run(ScriptEngine.java:194)
	at com.kms.katalon.core.main.ScriptEngine.runScriptAsRawText(ScriptEngine.java:119)
	at com.kms.katalon.core.main.TestCaseExecutor.runScript(TestCaseExecutor.java:448)
	at com.kms.katalon.core.main.TestCaseExecutor.doExecute(TestCaseExecutor.java:439)
	at com.kms.katalon.core.main.TestCaseExecutor.processExecutionPhase(TestCaseExecutor.java:418)
	at com.kms.katalon.core.main.TestCaseExecutor.accessMainPhase(TestCaseExecutor.java:410)
	at com.kms.katalon.core.main.TestCaseExecutor.execute(TestCaseExecutor.java:285)
	at com.kms.katalon.core.common.CommonExecutor.accessTestCaseMainPhase(CommonExecutor.java:65)
	at com.kms.katalon.core.main.TestSuiteExecutor.accessTestSuiteMainPhase(TestSuiteExecutor.java:150)
	at com.kms.katalon.core.main.TestSuiteExecutor.execute(TestSuiteExecutor.java:106)
	at com.kms.katalon.core.main.TestCaseMain.startTestSuite(TestCaseMain.java:180)
	at TempTestSuite1727249381322.run(TempTestSuite1727249381322.groovy:35)
	at java.base/jdk.internal.reflect.NativeMethodAccessorImpl.invoke0(Native Method)
	at java.base/jdk.internal.reflect.NativeMethodAccessorImpl.invoke(NativeMethodAccessorImpl.java:77)
	at java.base/jdk.internal.reflect.DelegatingMethodAccessorImpl.invoke(DelegatingMethodAccessorImpl.java:43)
)
	at com.kms.katalon.core.keyword.internal.KeywordMain.stepFailed(KeywordMain.groovy:39)
	at com.kms.katalon.core.webui.keyword.internal.WebUIKeywordMain.stepFailed(WebUIKeywordMain.groovy:64)
	at com.kms.katalon.core.webui.keyword.builtin.VerifyTextPresentKeyword$_verifyTextPresent_closure1.doCall(VerifyTextPresentKeyword.groovy:79)
	at com.kms.katalon.core.webui.keyword.builtin.VerifyTextPresentKeyword$_verifyTextPresent_closure1.call(VerifyTextPresentKeyword.groovy)
	at com.kms.katalon.core.webui.keyword.internal.WebUIKeywordMain.runKeyword(WebUIKeywordMain.groovy:20)
	at com.kms.katalon.core.webui.keyword.builtin.VerifyTextPresentKeyword.verifyTextPresent(VerifyTextPresentKeyword.groovy:83)
	at com.kms.katalon.core.webui.keyword.builtin.VerifyTextPresentKeyword.execute(VerifyTextPresentKeyword.groovy:68)
	at com.kms.katalon.core.keyword.internal.KeywordExecutor.executeKeywordForPlatform(KeywordExecutor.groovy:74)
	at com.kms.katalon.core.webui.keyword.WebUiBuiltInKeywords.verifyTextPresent(WebUiBuiltInKeywords.groovy:1762)
	at VerifyCancelReceiptLabelsDeferredCC.run(VerifyCancelReceiptLabelsDeferredCC:310)
	at com.kms.katalon.core.main.ScriptEngine.run(ScriptEngine.java:194)
	at com.kms.katalon.core.main.ScriptEngine.runScriptAsRawText(ScriptEngine.java:119)
	at com.kms.katalon.core.main.TestCaseExecutor.runScript(TestCaseExecutor.java:448)
	at com.kms.katalon.core.main.TestCaseExecutor.doExecute(TestCaseExecutor.java:439)
	at com.kms.katalon.core.main.TestCaseExecutor.processExecutionPhase(TestCaseExecutor.java:418)
	at com.kms.katalon.core.main.TestCaseExecutor.accessMainPhase(TestCaseExecutor.java:410)
	at com.kms.katalon.core.main.TestCaseExecutor.execute(TestCaseExecutor.java:285)
	at com.kms.katalon.core.common.CommonExecutor.accessTestCaseMainPhase(CommonExecutor.java:65)
	at com.kms.katalon.core.main.TestSuiteExecutor.accessTestSuiteMainPhase(TestSuiteExecutor.java:150)
	at com.kms.katalon.core.main.TestSuiteExecutor.execute(TestSuiteExecutor.java:106)
	at com.kms.katalon.core.main.TestCaseMain.startTestSuite(TestCaseMain.java:180)
	at TempTestSuite1727249381322.run(TempTestSuite1727249381322.groovy:35)
	at java.base/jdk.internal.reflect.NativeMethodAccessorImpl.invoke0(Native Method)
	at java.base/jdk.internal.reflect.NativeMethodAccessorImpl.invoke(NativeMethodAccessorImpl.java:77)
	at java.base/jdk.internal.reflect.DelegatingMethodAccessorImpl.invoke(DelegatingMethodAccessorImpl.java:43)
Caused by: com.kms.katalon.core.exception.StepFailedException: Text 'City:' is not present on page 
	... 24 more]]></system-err>
      </testcase>
      <testcase name="Test Cases/IntegratedWeb/IWP25/Payments/VerifyCancelReceiptLabelsDeferredCorp" time="81.786" classname="Test Cases/IntegratedWeb/IWP25/Payments/VerifyCancelReceiptLabelsDeferredCorp" status="PASSED">
         <system-out><![CDATA[25-09-2024T13:53:22 - [TEST_CASE][PASSED] - Test Cases/IntegratedWeb/IWP25/Payments/VerifyCancelReceiptLabelsDeferredCorp: Test Cases/IntegratedWeb/IWP25/Payments/VerifyCancelReceiptLabelsDeferredCorp

25-09-2024T13:53:23 - [TEST_STEP][PASSED] - resText = "Fail": null

25-09-2024T13:53:23 - [TEST_STEP][PASSED] - resColumn = "Result": null

25-09-2024T13:53:23 - [TEST_STEP][PASSED] - datCloumn = "Date": null

25-09-2024T13:53:23 - [TEST_STEP][PASSED] - fileLoc = "KatalonData/IWPTestData/VRelay25PaymentsExtension.xlsx": null

25-09-2024T13:53:23 - [TEST_STEP][PASSED] - numOfRows = <not implemented yet for class: org.codehaus.groovy.ast.expr.EmptyExpression>: null

25-09-2024T13:53:23 - [TEST_STEP][PASSED] - dataFile = <not implemented yet for class: org.codehaus.groovy.ast.expr.EmptyExpression>: null

25-09-2024T13:53:23 - [TEST_STEP][PASSED] - nameSheet = <not implemented yet for class: org.codehaus.groovy.ast.expr.EmptyExpression>: null

25-09-2024T13:53:23 - [TEST_STEP][PASSED] - dataFileEmulator = <not implemented yet for class: org.codehaus.groovy.ast.expr.EmptyExpression>: null

25-09-2024T13:53:23 - [TEST_STEP][PASSED] - isRequiredTextPresent = false: null

25-09-2024T13:53:23 - [TEST_STEP][PASSED] - nameSheet = "VerifyCancelLabelDeferredCorp": null

25-09-2024T13:53:23 - [TEST_STEP][PASSED] - dataFile = getExcelDataWithDefaultSheet("KatalonData/IWPTestData/VRelay25PaymentsExtension.xlsx", nameSheet, true): null

25-09-2024T13:53:23 - [TEST_STEP][PASSED] - dataFileEmulator = "IWPTestData/EmulatorData": null

25-09-2024T13:53:23 - [TEST_STEP][PASSED] - numOfRows = dataFile.getRowNumbers(): null

25-09-2024T13:53:23 - [TEST_STEP][PASSED] - println("Number of Records: " + numOfRows): null

25-09-2024T13:53:23 - [TEST_STEP][PASSED] - for ([row = 1, row <= numOfRows, (row++)]): Browser is closed

25-09-2024T13:53:23 - [TEST_STEP][PASSED] - ExecuteTC = dataFile.getValue("Execute", row): null

25-09-2024T13:53:23 - [TEST_STEP][PASSED] - out.println("Value of Execute is : " + ExecuteTC): null

25-09-2024T13:53:23 - [TEST_STEP][PASSED] - if (ExecuteTC.equalsIgnoreCase("Y")): null

25-09-2024T13:53:23 - [TEST_STEP][PASSED] - out.println("Begin Record Number: " + row): null

25-09-2024T13:53:23 - [TEST_STEP][PASSED] - today = new java.util.Date(): null

25-09-2024T13:53:23 - [TEST_STEP][PASSED] - println(today): null

25-09-2024T13:53:23 - [TEST_STEP][PASSED] - datText = today: null

25-09-2024T13:53:23 - [TEST_STEP][PASSED] - EmulatorDataKey = dataFile.getValue("EmulatorData", row): null

25-09-2024T13:53:23 - [TEST_STEP][PASSED] - out.println("Value of Emulator Key is : " + EmulatorDataKey): null

25-09-2024T13:53:23 - [TEST_STEP][PASSED] - iwpPages.emulatorIWP30.setDataEmulator_DD(EmulatorDataKey): iwpPages.emulatorIWP30.setDataEmulator_DD is PASSED

25-09-2024T13:53:24 - [MESSAGE][INFO] - Starting 'Edge Chromium' driver

25-09-2024T13:53:24 - [MESSAGE][INFO] - User set preference: ['acceptInsecureCerts', 'true']

25-09-2024T13:53:26 - [MESSAGE][INFO] - Action delay is set to 0 milliseconds

25-09-2024T13:53:29 - [MESSAGE][PASSED] - Browser is opened with url: 'https://qa.velocitypayment.com/agency/config.do?action=editor&message_version=2_5'

25-09-2024T13:53:29 - [MESSAGE][PASSED] - Current window maximized

25-09-2024T13:53:30 - [MESSAGE][PASSED] - All options with value '2.5' are selected in object 'Object Repository/IWP30/Page_VRelay30Emulator/MV'  using regular expression

25-09-2024T13:53:31 - [MESSAGE][PASSED] - Text '10.50' is set on object 'Object Repository/IWP30/Page_VRelay30Emulator/Amount'

25-09-2024T13:53:31 - [MESSAGE][PASSED] - Text 'UjPLGxL7bSdE' is set on object 'Object Repository/IWP30/Page_VRelay30Emulator/CAN'

25-09-2024T13:53:32 - [MESSAGE][PASSED] - Text 'PayNow' is set on object 'Object Repository/IWP30/Page_VRelay30Emulator/Action'

25-09-2024T13:53:33 - [MESSAGE][PASSED] - Text 'en_US' is set on object 'Object Repository/IWP30/Page_VRelay30Emulator/Lang'

25-09-2024T13:53:33 - [MESSAGE][PASSED] - Text '' is set on object 'Object Repository/IWP30/Page_VRelay30Emulator/Fname'

25-09-2024T13:53:34 - [MESSAGE][PASSED] - Text '' is set on object 'Object Repository/IWP30/Page_VRelay30Emulator/Lname'

25-09-2024T13:53:34 - [MESSAGE][PASSED] - Text '' is set on object 'Object Repository/IWP30/Page_VRelay30Emulator/AL1'

25-09-2024T13:53:35 - [MESSAGE][PASSED] - Text '' is set on object 'Object Repository/IWP30/Page_VRelay30Emulator/AL2'

25-09-2024T13:53:36 - [MESSAGE][PASSED] - Text '' is set on object 'Object Repository/IWP30/Page_VRelay30Emulator/Country'

25-09-2024T13:53:36 - [MESSAGE][PASSED] - Text '' is set on object 'Object Repository/IWP30/Page_VRelay30Emulator/City'

25-09-2024T13:53:37 - [MESSAGE][PASSED] - Text '' is set on object 'Object Repository/IWP30/Page_VRelay30Emulator/State'

25-09-2024T13:53:37 - [MESSAGE][PASSED] - Text '' is set on object 'Object Repository/IWP30/Page_VRelay30Emulator/ZIP'

25-09-2024T13:53:38 - [MESSAGE][PASSED] - Text '' is set on object 'Object Repository/IWP30/Page_VRelay30Emulator/Order'

25-09-2024T13:53:38 - [MESSAGE][PASSED] - Text '' is set on object 'Object Repository/IWP30/Page_VRelay30Emulator/Company'

25-09-2024T13:53:39 - [MESSAGE][PASSED] - Text '' is set on object 'Object Repository/IWP30/Page_VRelay30Emulator/Email'

25-09-2024T13:53:40 - [MESSAGE][PASSED] - Text '' is set on object 'Object Repository/IWP30/Page_VRelay30Emulator/UDF1'

25-09-2024T13:53:40 - [MESSAGE][PASSED] - Text '' is set on object 'Object Repository/IWP30/Page_VRelay30Emulator/UDF2'

25-09-2024T13:53:41 - [MESSAGE][PASSED] - Text '' is set on object 'Object Repository/IWP30/Page_VRelay30Emulator/UDF3'

25-09-2024T13:53:41 - [MESSAGE][PASSED] - Text 'udf data 4' is set on object 'Object Repository/IWP30/Page_VRelay30Emulator/UDF4'

25-09-2024T13:53:42 - [MESSAGE][PASSED] - Text 'udf data 5' is set on object 'Object Repository/IWP30/Page_VRelay30Emulator/UDF5'

25-09-2024T13:53:43 - [MESSAGE][PASSED] - Text '' is set on object 'Object Repository/IWP30/Page_VRelay30Emulator/UDF6'

25-09-2024T13:53:43 - [MESSAGE][PASSED] - Text '' is set on object 'Object Repository/IWP30/Page_VRelay30Emulator/UDF7'

25-09-2024T13:53:44 - [MESSAGE][PASSED] - Text '' is set on object 'Object Repository/IWP30/Page_VRelay30Emulator/UDF8'

25-09-2024T13:53:44 - [MESSAGE][PASSED] - Text 'udf data 9' is set on object 'Object Repository/IWP30/Page_VRelay30Emulator/UDF9'

25-09-2024T13:53:45 - [MESSAGE][PASSED] - Text 'udf data 10' is set on object 'Object Repository/IWP30/Page_VRelay30Emulator/UDF10'

25-09-2024T13:53:46 - [MESSAGE][PASSED] - Object: 'Object Repository/IWP30/Page_VRelay30Emulator/Submit' is clicked on

25-09-2024T13:53:50 - [MESSAGE][PASSED] - Browser is closed

25-09-2024T13:53:54 - [MESSAGE][PASSED] - iwpPages.emulatorIWP30.setDataEmulator_DD is PASSED

25-09-2024T13:53:54 - [TEST_STEP][PASSED] - testHarnessURL = urlTestHarness: null

25-09-2024T13:53:54 - [TEST_STEP][PASSED] - openBrowser(testHarnessURL): Browser is opened with url: 'https://dev-algorithm.govolution.com/vrelaytest/QA/version_2_2/vrelaytest.html'

25-09-2024T13:53:54 - [MESSAGE][INFO] - Starting 'Edge Chromium' driver

25-09-2024T13:53:54 - [MESSAGE][INFO] - User set preference: ['acceptInsecureCerts', 'true']

25-09-2024T13:53:57 - [MESSAGE][INFO] - Action delay is set to 0 milliseconds

25-09-2024T13:54:00 - [MESSAGE][PASSED] - Browser is opened with url: 'https://dev-algorithm.govolution.com/vrelaytest/QA/version_2_2/vrelaytest.html'

25-09-2024T13:54:00 - [TEST_STEP][PASSED] - maximizeWindow(): Current window maximized

25-09-2024T13:54:00 - [MESSAGE][PASSED] - Current window maximized

25-09-2024T13:54:00 - [TEST_STEP][PASSED] - iwpPages.TestHarnessPage.setDataMethodEF(row, dataFile): iwpPages.TestHarnessPage.setDataMethodEF is PASSED

25-09-2024T13:54:00 - [MESSAGE][PASSED] - Object 'Object Repository/IWP30/Page_QATestHarness/RemittanceID' is present

25-09-2024T13:54:01 - [MESSAGE][PASSED] - Text '638' is set on object 'Object Repository/IWP30/Page_QATestHarness/ApplicationID'

25-09-2024T13:54:02 - [MESSAGE][PASSED] - Text '2.5' is set on object 'Object Repository/IWP30/Page_QATestHarness/MessageVersion'

25-09-2024T13:54:02 - [MESSAGE][PASSED] - Text 'J2q1p6FlmGdm' is set on object 'Object Repository/IWP30/Page_QATestHarness/RemittanceID'

25-09-2024T13:54:05 - [MESSAGE][PASSED] - Object: 'Object Repository/IWP30/Page_QATestHarness/SubmitButton' is clicked on

25-09-2024T13:54:05 - [MESSAGE][PASSED] - iwpPages.TestHarnessPage.setDataMethodEF is PASSED

25-09-2024T13:54:05 - [TEST_STEP][PASSED] - click(findTestObject("Object Repository/IWP30/Page_SelectPaymentMethod/PayByCorporateCheck")): Object: 'Object Repository/IWP30/Page_SelectPaymentMethod/PayByCorporateCheck' is clicked on

25-09-2024T13:54:06 - [MESSAGE][PASSED] - Object: 'Object Repository/IWP30/Page_SelectPaymentMethod/PayByCorporateCheck' is clicked on

25-09-2024T13:54:06 - [TEST_STEP][PASSED] - click(findTestObject("Object Repository/IWP30/Page_SelectPaymentMethod/MakePaymentButton")): Object: 'Object Repository/IWP30/Page_SelectPaymentMethod/MakePaymentButton' is clicked on

25-09-2024T13:54:08 - [MESSAGE][PASSED] - Object: 'Object Repository/IWP30/Page_SelectPaymentMethod/MakePaymentButton' is clicked on

25-09-2024T13:54:08 - [TEST_STEP][PASSED] - iwpPages.achCorporatePaymentEntryPage.setDataCorporate(row, dataFile): iwpPages.achCorporatePaymentEntryPage.setDataCorporate is PASSED

25-09-2024T13:54:09 - [MESSAGE][PASSED] - Object 'Object Repository/IWP30/Page_ACHCorporatePaymentEntry/txt_accountNumber' is present

25-09-2024T13:54:09 - [MESSAGE][PASSED] - Object 'Object Repository/IWP30/Page_ACHCorporatePaymentEntry/input_CompanyName' is present

25-09-2024T13:54:10 - [MESSAGE][PASSED] - Text 'My Company' is set on object 'Object Repository/IWP30/Page_ACHCorporatePaymentEntry/input_CompanyName'

25-09-2024T13:54:10 - [MESSAGE][PASSED] - Object 'Object Repository/IWP30/Page_ACHCorporatePaymentEntry/input_EIN' is present

25-09-2024T13:54:10 - [MESSAGE][PASSED] - Text '123456789' is set on object 'Object Repository/IWP30/Page_ACHCorporatePaymentEntry/input_EIN'

25-09-2024T13:54:11 - [MESSAGE][PASSED] - Text '10.50' is set on object 'Object Repository/IWP30/Page_ACHCorporatePaymentEntry/txt_Amount'

25-09-2024T13:54:12 - [MESSAGE][PASSED] - Text 'udf data 2' is set on object 'Object Repository/IWP30/Page_ACHCorporatePaymentEntry/txt_UDF2'

25-09-2024T13:54:12 - [MESSAGE][PASSED] - Text 'udf data 3' is set on object 'Object Repository/IWP30/Page_ACHCorporatePaymentEntry/txt_UDF3'

25-09-2024T13:54:13 - [MESSAGE][PASSED] - All options with label 'Orange' are selected in object 'Object Repository/IWP30/Page_ACHCorporatePaymentEntry/dd_UDF7' 

25-09-2024T13:54:13 - [MESSAGE][PASSED] - All options with label 'Soccer' are selected in object 'Object Repository/IWP30/Page_ACHCorporatePaymentEntry/dd_UDF8' 

25-09-2024T13:54:14 - [MESSAGE][PASSED] - Object 'Object Repository/IWP30/Page_ACHCorporatePaymentEntry/txt_routingNumber' is present

25-09-2024T13:54:14 - [MESSAGE][PASSED] - Text '256072691' is set on object 'Object Repository/IWP30/Page_ACHCorporatePaymentEntry/txt_routingNumber'

25-09-2024T13:54:15 - [MESSAGE][PASSED] - Object 'Object Repository/IWP30/Page_ACHCorporatePaymentEntry/txt_accountNumber' is present

25-09-2024T13:54:16 - [MESSAGE][PASSED] - Text '12344444' is set on object 'Object Repository/IWP30/Page_ACHCorporatePaymentEntry/txt_accountNumber'

25-09-2024T13:54:16 - [MESSAGE][PASSED] - Object 'Object Repository/IWP30/Page_ACHCorporatePaymentEntry/txt_confirmAccountNumber' is present

25-09-2024T13:54:17 - [MESSAGE][PASSED] - Text '12344444' is set on object 'Object Repository/IWP30/Page_ACHCorporatePaymentEntry/txt_confirmAccountNumber'

25-09-2024T13:54:17 - [MESSAGE][PASSED] - Execute JavaScript '
				   document.getElementById('processDate').value = '08/09/2025'
				  ' successfully

25-09-2024T13:54:18 - [MESSAGE][PASSED] - Text '365 Main Avenue' is set on object 'Object Repository/IWP30/Page_ACHCorporatePaymentEntry/txt_AL1'

25-09-2024T13:54:18 - [MESSAGE][PASSED] - Text 'Ohio' is set on object 'Object Repository/IWP30/Page_ACHCorporatePaymentEntry/txt_AL2'

25-09-2024T13:54:19 - [MESSAGE][PASSED] - Text '22201' is set on object 'Object Repository/IWP30/Page_ACHCorporatePaymentEntry/txt_ZIP'

25-09-2024T13:54:19 - [MESSAGE][PASSED] - Object 'Object Repository/IWP30/Page_ACHCorporatePaymentEntry/txt_Email' is present

25-09-2024T13:54:20 - [MESSAGE][PASSED] - Text 'iahmed@govolution.com' is set on object 'Object Repository/IWP30/Page_ACHCorporatePaymentEntry/txt_Email'

25-09-2024T13:54:20 - [MESSAGE][PASSED] - Object 'Object Repository/IWP30/Page_ACHCorporatePaymentEntry/cb_TermsAndCond' is present

25-09-2024T13:54:21 - [MESSAGE][PASSED] - Object: 'Object Repository/IWP30/Page_ACHCorporatePaymentEntry/cb_TermsAndCond' is clicked on

25-09-2024T13:54:21 - [MESSAGE][PASSED] - Object 'Object Repository/IWP30/Page_ACHCorporatePaymentEntry/btn_Continue' is present

25-09-2024T13:54:22 - [MESSAGE][PASSED] - Object: 'Object Repository/IWP30/Page_ACHCorporatePaymentEntry/btn_Continue' is clicked on

25-09-2024T13:54:22 - [MESSAGE][PASSED] - iwpPages.achCorporatePaymentEntryPage.setDataCorporate is PASSED

25-09-2024T13:54:22 - [TEST_STEP][PASSED] - click(findTestObject("Object Repository/IWP30/Page_Confirmation/ConfirmButton")): Object: 'Object Repository/IWP30/Page_Confirmation/ConfirmButton' is clicked on

25-09-2024T13:54:24 - [MESSAGE][PASSED] - Object: 'Object Repository/IWP30/Page_Confirmation/ConfirmButton' is clicked on

25-09-2024T13:54:24 - [TEST_STEP][PASSED] - Thread.sleep(2000): null

25-09-2024T13:54:26 - [TEST_STEP][PASSED] - if (verifyTextPresent("Deferred", false)): null

25-09-2024T13:54:26 - [MESSAGE][PASSED] - Text 'Deferred' is present on page 

25-09-2024T13:54:26 - [TEST_STEP][PASSED] - click(findTestObject("Object Repository/IWP30/Page_Receipt/ViewScheduledPaymentsButton")): Object: 'Object Repository/IWP30/Page_Receipt/ViewScheduledPaymentsButton' is clicked on

25-09-2024T13:54:26 - [MESSAGE][PASSED] - Object: 'Object Repository/IWP30/Page_Receipt/ViewScheduledPaymentsButton' is clicked on

25-09-2024T13:54:26 - [TEST_STEP][PASSED] - switchToWindowTitle("View Scheduled Payments"): Switched to window with title: 'View Scheduled Payments'

25-09-2024T13:54:27 - [MESSAGE][PASSED] - Switched to window with title: 'View Scheduled Payments'

25-09-2024T13:54:27 - [TEST_STEP][PASSED] - Thread.sleep(5000): null

25-09-2024T13:54:32 - [TEST_STEP][PASSED] - if (verifyTextPresent("View Scheduled Payments", false)): null

25-09-2024T13:54:32 - [MESSAGE][PASSED] - Text 'View Scheduled Payments' is present on page 

25-09-2024T13:54:32 - [TEST_STEP][PASSED] - click(findTestObject("Object Repository/IWP30/Page_ScheduledPayments/cancel_payment")): Object: 'Object Repository/IWP30/Page_ScheduledPayments/cancel_payment' is clicked on

25-09-2024T13:54:33 - [MESSAGE][PASSED] - Object: 'Object Repository/IWP30/Page_ScheduledPayments/cancel_payment' is clicked on

25-09-2024T13:54:33 - [TEST_STEP][PASSED] - if (verifyTextPresent("Cancel Payment Plan", false)): null

25-09-2024T13:54:34 - [MESSAGE][PASSED] - Text 'Cancel Payment Plan' is present on page 

25-09-2024T13:54:34 - [TEST_STEP][PASSED] - click(findTestObject("Object Repository/IWP30/Page_PaymentPlan/btn_cancel")): Object: 'Object Repository/IWP30/Page_PaymentPlan/btn_cancel' is clicked on

25-09-2024T13:54:34 - [MESSAGE][PASSED] - Object: 'Object Repository/IWP30/Page_PaymentPlan/btn_cancel' is clicked on

25-09-2024T13:54:34 - [TEST_STEP][PASSED] - acceptAlert(): Alert accepted

25-09-2024T13:54:34 - [MESSAGE][PASSED] - Alert accepted

25-09-2024T13:54:34 - [TEST_STEP][PASSED] - if (verifyTextPresent("Your payment plan has been successfully canceled", false)): null

25-09-2024T13:54:36 - [MESSAGE][PASSED] - Text 'Your payment plan has been successfully canceled' is present on page 

25-09-2024T13:54:36 - [TEST_STEP][PASSED] - isRequiredTextPresent = true: null

25-09-2024T13:54:36 - [TEST_STEP][PASSED] - println(isRequiredTextPresent): null

25-09-2024T13:54:36 - [TEST_STEP][PASSED] - if (isRequiredTextPresent): null

25-09-2024T13:54:36 - [TEST_STEP][PASSED] - if (verifyTextPresent("CAN Label:", false)): null

25-09-2024T13:54:36 - [MESSAGE][PASSED] - Text 'CAN Label:' is present on page 

25-09-2024T13:54:36 - [TEST_STEP][PASSED] - isRequiredTextPresent = true: null

25-09-2024T13:54:36 - [TEST_STEP][PASSED] - println(isRequiredTextPresent): null

25-09-2024T13:54:36 - [TEST_STEP][PASSED] - if (isRequiredTextPresent): null

25-09-2024T13:54:36 - [TEST_STEP][PASSED] - if (verifyTextPresent("Please verify the following information:", false)): null

25-09-2024T13:54:36 - [MESSAGE][PASSED] - Text 'Please verify the following information:' is present on page 

25-09-2024T13:54:36 - [TEST_STEP][PASSED] - isRequiredTextPresent = true: null

25-09-2024T13:54:36 - [TEST_STEP][PASSED] - println(isRequiredTextPresent): null

25-09-2024T13:54:36 - [TEST_STEP][PASSED] - if (isRequiredTextPresent): null

25-09-2024T13:54:36 - [TEST_STEP][PASSED] - if (verifyTextPresent("Payment Information:", false)): null

25-09-2024T13:54:36 - [MESSAGE][PASSED] - Text 'Payment Information:' is present on page 

25-09-2024T13:54:36 - [TEST_STEP][PASSED] - isRequiredTextPresent = true: null

25-09-2024T13:54:36 - [TEST_STEP][PASSED] - println(isRequiredTextPresent): null

25-09-2024T13:54:36 - [TEST_STEP][PASSED] - if (isRequiredTextPresent): null

25-09-2024T13:54:36 - [TEST_STEP][PASSED] - if (verifyTextPresent("UDF2 Label:", false)): null

25-09-2024T13:54:37 - [MESSAGE][PASSED] - Text 'UDF2 Label:' is present on page 

25-09-2024T13:54:37 - [TEST_STEP][PASSED] - isRequiredTextPresent = true: null

25-09-2024T13:54:37 - [TEST_STEP][PASSED] - println(isRequiredTextPresent): null

25-09-2024T13:54:37 - [TEST_STEP][PASSED] - if (isRequiredTextPresent): null

25-09-2024T13:54:37 - [TEST_STEP][PASSED] - if (verifyTextPresent("UDF3 Label:", false)): null

25-09-2024T13:54:37 - [MESSAGE][PASSED] - Text 'UDF3 Label:' is present on page 

25-09-2024T13:54:37 - [TEST_STEP][PASSED] - isRequiredTextPresent = true: null

25-09-2024T13:54:37 - [TEST_STEP][PASSED] - println(isRequiredTextPresent): null

25-09-2024T13:54:37 - [TEST_STEP][PASSED] - if (isRequiredTextPresent): null

25-09-2024T13:54:37 - [TEST_STEP][PASSED] - if (verifyTextPresent("UDF4 Label:", false)): null

25-09-2024T13:54:37 - [MESSAGE][PASSED] - Text 'UDF4 Label:' is present on page 

25-09-2024T13:54:37 - [TEST_STEP][PASSED] - isRequiredTextPresent = true: null

25-09-2024T13:54:37 - [TEST_STEP][PASSED] - println(isRequiredTextPresent): null

25-09-2024T13:54:37 - [TEST_STEP][PASSED] - if (isRequiredTextPresent): null

25-09-2024T13:54:37 - [TEST_STEP][PASSED] - if (verifyTextPresent("UDF7 Label:", false)): null

25-09-2024T13:54:38 - [MESSAGE][PASSED] - Text 'UDF7 Label:' is present on page 

25-09-2024T13:54:38 - [TEST_STEP][PASSED] - isRequiredTextPresent = true: null

25-09-2024T13:54:38 - [TEST_STEP][PASSED] - println(isRequiredTextPresent): null

25-09-2024T13:54:38 - [TEST_STEP][PASSED] - if (isRequiredTextPresent): null

25-09-2024T13:54:38 - [TEST_STEP][PASSED] - if (verifyTextPresent("UDF8 Label:", false)): null

25-09-2024T13:54:38 - [MESSAGE][PASSED] - Text 'UDF8 Label:' is present on page 

25-09-2024T13:54:38 - [TEST_STEP][PASSED] - isRequiredTextPresent = true: null

25-09-2024T13:54:38 - [TEST_STEP][PASSED] - println(isRequiredTextPresent): null

25-09-2024T13:54:38 - [TEST_STEP][PASSED] - if (isRequiredTextPresent): null

25-09-2024T13:54:38 - [TEST_STEP][PASSED] - if (verifyTextPresent("UDF9 Label:", false)): null

25-09-2024T13:54:38 - [MESSAGE][PASSED] - Text 'UDF9 Label:' is present on page 

25-09-2024T13:54:38 - [TEST_STEP][PASSED] - isRequiredTextPresent = true: null

25-09-2024T13:54:38 - [TEST_STEP][PASSED] - println(isRequiredTextPresent): null

25-09-2024T13:54:38 - [TEST_STEP][PASSED] - if (isRequiredTextPresent): null

25-09-2024T13:54:38 - [TEST_STEP][PASSED] - if (verifyTextPresent("Account Information", false)): null

25-09-2024T13:54:38 - [MESSAGE][PASSED] - Text 'Account Information' is present on page 

25-09-2024T13:54:38 - [TEST_STEP][PASSED] - isRequiredTextPresent = true: null

25-09-2024T13:54:38 - [TEST_STEP][PASSED] - println(isRequiredTextPresent): null

25-09-2024T13:54:38 - [TEST_STEP][PASSED] - if (isRequiredTextPresent): null

25-09-2024T13:54:38 - [TEST_STEP][PASSED] - if (verifyTextPresent("Routing Transit Number:", false)): null

25-09-2024T13:54:39 - [MESSAGE][PASSED] - Text 'Routing Transit Number:' is present on page 

25-09-2024T13:54:39 - [TEST_STEP][PASSED] - isRequiredTextPresent = true: null

25-09-2024T13:54:39 - [TEST_STEP][PASSED] - println(isRequiredTextPresent): null

25-09-2024T13:54:39 - [TEST_STEP][PASSED] - if (isRequiredTextPresent): null

25-09-2024T13:54:39 - [TEST_STEP][PASSED] - if (verifyTextPresent("Account Number:", false)): null

25-09-2024T13:54:39 - [MESSAGE][PASSED] - Text 'Account Number:' is present on page 

25-09-2024T13:54:39 - [TEST_STEP][PASSED] - isRequiredTextPresent = true: null

25-09-2024T13:54:39 - [TEST_STEP][PASSED] - println(isRequiredTextPresent): null

25-09-2024T13:54:39 - [TEST_STEP][PASSED] - if (isRequiredTextPresent): null

25-09-2024T13:54:39 - [TEST_STEP][PASSED] - if (verifyTextPresent("Company Name:", false)): null

25-09-2024T13:54:39 - [MESSAGE][PASSED] - Text 'Company Name:' is present on page 

25-09-2024T13:54:39 - [TEST_STEP][PASSED] - isRequiredTextPresent = true: null

25-09-2024T13:54:39 - [TEST_STEP][PASSED] - println(isRequiredTextPresent): null

25-09-2024T13:54:39 - [TEST_STEP][PASSED] - if (isRequiredTextPresent): null

25-09-2024T13:54:39 - [TEST_STEP][PASSED] - if (verifyTextPresent("Employer Identification Number (EIN):", false)): null

25-09-2024T13:54:40 - [MESSAGE][PASSED] - Text 'Employer Identification Number (EIN):' is present on page 

25-09-2024T13:54:40 - [TEST_STEP][PASSED] - isRequiredTextPresent = true: null

25-09-2024T13:54:40 - [TEST_STEP][PASSED] - println(isRequiredTextPresent): null

25-09-2024T13:54:40 - [TEST_STEP][PASSED] - if (isRequiredTextPresent): null

25-09-2024T13:54:40 - [TEST_STEP][PASSED] - if (verifyTextPresent("Type of Account:", false)): null

25-09-2024T13:54:40 - [MESSAGE][PASSED] - Text 'Type of Account:' is present on page 

25-09-2024T13:54:40 - [TEST_STEP][PASSED] - isRequiredTextPresent = true: null

25-09-2024T13:54:40 - [TEST_STEP][PASSED] - println(isRequiredTextPresent): null

25-09-2024T13:54:40 - [TEST_STEP][PASSED] - if (isRequiredTextPresent): null

25-09-2024T13:54:40 - [TEST_STEP][PASSED] - if (verifyTextPresent("Address Line 1:", false)): null

25-09-2024T13:54:40 - [MESSAGE][PASSED] - Text 'Address Line 1:' is present on page 

25-09-2024T13:54:40 - [TEST_STEP][PASSED] - isRequiredTextPresent = true: null

25-09-2024T13:54:40 - [TEST_STEP][PASSED] - println(isRequiredTextPresent): null

25-09-2024T13:54:40 - [TEST_STEP][PASSED] - if (isRequiredTextPresent): null

25-09-2024T13:54:40 - [TEST_STEP][PASSED] - if (verifyTextPresent("Address Line 2:", false)): null

25-09-2024T13:54:40 - [MESSAGE][PASSED] - Text 'Address Line 2:' is present on page 

25-09-2024T13:54:40 - [TEST_STEP][PASSED] - isRequiredTextPresent = true: null

25-09-2024T13:54:41 - [TEST_STEP][PASSED] - println(isRequiredTextPresent): null

25-09-2024T13:54:41 - [TEST_STEP][PASSED] - if (isRequiredTextPresent): null

25-09-2024T13:54:41 - [TEST_STEP][PASSED] - if (verifyTextPresent("Country:", false)): null

25-09-2024T13:54:41 - [MESSAGE][PASSED] - Text 'Country:' is present on page 

25-09-2024T13:54:41 - [TEST_STEP][PASSED] - isRequiredTextPresent = true: null

25-09-2024T13:54:41 - [TEST_STEP][PASSED] - println(isRequiredTextPresent): null

25-09-2024T13:54:41 - [TEST_STEP][PASSED] - if (isRequiredTextPresent): null

25-09-2024T13:54:41 - [TEST_STEP][PASSED] - if (verifyTextPresent("City:", false)): null

25-09-2024T13:54:41 - [MESSAGE][PASSED] - Text 'City:' is present on page 

25-09-2024T13:54:41 - [TEST_STEP][PASSED] - isRequiredTextPresent = true: null

25-09-2024T13:54:41 - [TEST_STEP][PASSED] - println(isRequiredTextPresent): null

25-09-2024T13:54:41 - [TEST_STEP][PASSED] - if (isRequiredTextPresent): null

25-09-2024T13:54:41 - [TEST_STEP][PASSED] - if (verifyTextPresent("State:", false)): null

25-09-2024T13:54:41 - [MESSAGE][PASSED] - Text 'State:' is present on page 

25-09-2024T13:54:41 - [TEST_STEP][PASSED] - isRequiredTextPresent = true: null

25-09-2024T13:54:41 - [TEST_STEP][PASSED] - println(isRequiredTextPresent): null

25-09-2024T13:54:41 - [TEST_STEP][PASSED] - if (isRequiredTextPresent): null

25-09-2024T13:54:41 - [TEST_STEP][PASSED] - if (verifyTextPresent("ZIP Code:", false)): null

25-09-2024T13:54:42 - [MESSAGE][PASSED] - Text 'ZIP Code:' is present on page 

25-09-2024T13:54:42 - [TEST_STEP][PASSED] - isRequiredTextPresent = true: null

25-09-2024T13:54:42 - [TEST_STEP][PASSED] - println(isRequiredTextPresent): null

25-09-2024T13:54:42 - [TEST_STEP][PASSED] - if (isRequiredTextPresent): null

25-09-2024T13:54:42 - [TEST_STEP][PASSED] - if (verifyTextPresent("Email Address:", false)): null

25-09-2024T13:54:42 - [MESSAGE][PASSED] - Text 'Email Address:' is present on page 

25-09-2024T13:54:42 - [TEST_STEP][PASSED] - isRequiredTextPresent = true: null

25-09-2024T13:54:42 - [TEST_STEP][PASSED] - println(isRequiredTextPresent): null

25-09-2024T13:54:42 - [TEST_STEP][PASSED] - if (isRequiredTextPresent): null

25-09-2024T13:54:42 - [TEST_STEP][PASSED] - if (verifyTextPresent("Payment Plan Information:", false)): null

25-09-2024T13:54:42 - [MESSAGE][PASSED] - Text 'Payment Plan Information:' is present on page 

25-09-2024T13:54:42 - [TEST_STEP][PASSED] - isRequiredTextPresent = true: null

25-09-2024T13:54:42 - [TEST_STEP][PASSED] - println(isRequiredTextPresent): null

25-09-2024T13:54:42 - [TEST_STEP][PASSED] - if (isRequiredTextPresent): null

25-09-2024T13:54:42 - [TEST_STEP][PASSED] - if (verifyTextPresent("Payment Plan Type:", false)): null

25-09-2024T13:54:43 - [MESSAGE][PASSED] - Text 'Payment Plan Type:' is present on page 

25-09-2024T13:54:43 - [TEST_STEP][PASSED] - isRequiredTextPresent = true: null

25-09-2024T13:54:43 - [TEST_STEP][PASSED] - println(isRequiredTextPresent): null

25-09-2024T13:54:43 - [TEST_STEP][PASSED] - if (isRequiredTextPresent): null

25-09-2024T13:54:43 - [TEST_STEP][PASSED] - if (verifyTextPresent("Payment Plan Status:", false)): null

25-09-2024T13:54:43 - [MESSAGE][PASSED] - Text 'Payment Plan Status:' is present on page 

25-09-2024T13:54:43 - [TEST_STEP][PASSED] - isRequiredTextPresent = true: null

25-09-2024T13:54:43 - [TEST_STEP][PASSED] - println(isRequiredTextPresent): null

25-09-2024T13:54:43 - [TEST_STEP][PASSED] - if (isRequiredTextPresent): null

25-09-2024T13:54:43 - [TEST_STEP][PASSED] - if (verifyTextPresent("Payment Plan ID:", false)): null

25-09-2024T13:54:43 - [MESSAGE][PASSED] - Text 'Payment Plan ID:' is present on page 

25-09-2024T13:54:43 - [TEST_STEP][PASSED] - isRequiredTextPresent = true: null

25-09-2024T13:54:43 - [TEST_STEP][PASSED] - println(isRequiredTextPresent): null

25-09-2024T13:54:43 - [TEST_STEP][PASSED] - if (isRequiredTextPresent): null

25-09-2024T13:54:43 - [TEST_STEP][PASSED] - if (verifyTextPresent("Payment Plan Start Date:", false)): null

25-09-2024T13:54:43 - [MESSAGE][PASSED] - Text 'Payment Plan Start Date:' is present on page 

25-09-2024T13:54:43 - [TEST_STEP][PASSED] - isRequiredTextPresent = true: null

25-09-2024T13:54:43 - [TEST_STEP][PASSED] - println(isRequiredTextPresent): null

25-09-2024T13:54:43 - [TEST_STEP][PASSED] - if (isRequiredTextPresent): null

25-09-2024T13:54:43 - [TEST_STEP][PASSED] - if (verifyTextPresent("Amount:", false)): null

25-09-2024T13:54:44 - [MESSAGE][PASSED] - Text 'Amount:' is present on page 

25-09-2024T13:54:44 - [TEST_STEP][PASSED] - isRequiredTextPresent = true: null

25-09-2024T13:54:44 - [TEST_STEP][PASSED] - println(isRequiredTextPresent): null

25-09-2024T13:54:44 - [TEST_STEP][PASSED] - if (isRequiredTextPresent == true): pages.WriteExcel.demoKey is PASSED

25-09-2024T13:54:44 - [TEST_STEP][PASSED] - println("All the relevant texts are present on Receipt Page"): null

25-09-2024T13:54:44 - [TEST_STEP][PASSED] - markPassed("All the relevant texts are present on Receipt Page"): All the relevant texts are present on Receipt Page

25-09-2024T13:54:44 - [MESSAGE][PASSED] - All the relevant texts are present on Receipt Page

25-09-2024T13:54:44 - [TEST_STEP][PASSED] - resText = "Pass": null

25-09-2024T13:54:44 - [TEST_STEP][PASSED] - pages.WriteExcel.demoKey(resText, datText, resColumn, datCloumn, fileLoc, nameSheet, row): pages.WriteExcel.demoKey is PASSED

25-09-2024T13:54:44 - [MESSAGE][PASSED] - pages.WriteExcel.demoKey is PASSED

25-09-2024T13:54:44 - [TEST_STEP][PASSED] - closeBrowser(): Browser is closed

25-09-2024T13:54:44 - [MESSAGE][PASSED] - Browser is closed]]></system-out>
         <system-err><![CDATA[]]></system-err>
      </testcase>
      <testcase name="Test Cases/IntegratedWeb/IWP25/Payments/VerifyCancelReceiptLabelsDeferredPC" time="81.611" classname="Test Cases/IntegratedWeb/IWP25/Payments/VerifyCancelReceiptLabelsDeferredPC" status="PASSED">
         <system-out><![CDATA[25-09-2024T13:54:44 - [TEST_CASE][PASSED] - Test Cases/IntegratedWeb/IWP25/Payments/VerifyCancelReceiptLabelsDeferredPC: Test Cases/IntegratedWeb/IWP25/Payments/VerifyCancelReceiptLabelsDeferredPC

25-09-2024T13:54:45 - [TEST_STEP][PASSED] - resText = "Fail": null

25-09-2024T13:54:45 - [TEST_STEP][PASSED] - resColumn = "Result": null

25-09-2024T13:54:45 - [TEST_STEP][PASSED] - datCloumn = "Date": null

25-09-2024T13:54:45 - [TEST_STEP][PASSED] - fileLoc = "KatalonData/IWPTestData/VRelay25PaymentsExtension.xlsx": null

25-09-2024T13:54:45 - [TEST_STEP][PASSED] - numOfRows = <not implemented yet for class: org.codehaus.groovy.ast.expr.EmptyExpression>: null

25-09-2024T13:54:45 - [TEST_STEP][PASSED] - dataFile = <not implemented yet for class: org.codehaus.groovy.ast.expr.EmptyExpression>: null

25-09-2024T13:54:45 - [TEST_STEP][PASSED] - nameSheet = <not implemented yet for class: org.codehaus.groovy.ast.expr.EmptyExpression>: null

25-09-2024T13:54:45 - [TEST_STEP][PASSED] - dataFileEmulator = <not implemented yet for class: org.codehaus.groovy.ast.expr.EmptyExpression>: null

25-09-2024T13:54:45 - [TEST_STEP][PASSED] - isRequiredTextPresent = false: null

25-09-2024T13:54:45 - [TEST_STEP][PASSED] - nameSheet = "VerifyCancelLabelDeferredPC": null

25-09-2024T13:54:45 - [TEST_STEP][PASSED] - dataFile = getExcelDataWithDefaultSheet("KatalonData/IWPTestData/VRelay25PaymentsExtension.xlsx", nameSheet, true): null

25-09-2024T13:54:45 - [TEST_STEP][PASSED] - dataFileEmulator = "IWPTestData/EmulatorData": null

25-09-2024T13:54:45 - [TEST_STEP][PASSED] - numOfRows = dataFile.getRowNumbers(): null

25-09-2024T13:54:45 - [TEST_STEP][PASSED] - println("Number of Records: " + numOfRows): null

25-09-2024T13:54:45 - [TEST_STEP][PASSED] - for ([row = 1, row <= numOfRows, (row++)]): Browser is closed

25-09-2024T13:54:45 - [TEST_STEP][PASSED] - ExecuteTC = dataFile.getValue("Execute", row): null

25-09-2024T13:54:45 - [TEST_STEP][PASSED] - out.println("Value of Execute is : " + ExecuteTC): null

25-09-2024T13:54:45 - [TEST_STEP][PASSED] - if (ExecuteTC.equalsIgnoreCase("Y")): null

25-09-2024T13:54:45 - [TEST_STEP][PASSED] - out.println("Begin Record Number: " + row): null

25-09-2024T13:54:45 - [TEST_STEP][PASSED] - today = new java.util.Date(): null

25-09-2024T13:54:45 - [TEST_STEP][PASSED] - println(today): null

25-09-2024T13:54:45 - [TEST_STEP][PASSED] - datText = today: null

25-09-2024T13:54:45 - [TEST_STEP][PASSED] - EmulatorDataKey = dataFile.getValue("EmulatorData", row): null

25-09-2024T13:54:45 - [TEST_STEP][PASSED] - out.println("Value of Emulator Key is : " + EmulatorDataKey): null

25-09-2024T13:54:45 - [TEST_STEP][PASSED] - iwpPages.emulatorIWP30.setDataEmulator_DD(EmulatorDataKey): iwpPages.emulatorIWP30.setDataEmulator_DD is PASSED

25-09-2024T13:54:45 - [MESSAGE][INFO] - Starting 'Edge Chromium' driver

25-09-2024T13:54:45 - [MESSAGE][INFO] - User set preference: ['acceptInsecureCerts', 'true']

25-09-2024T13:54:47 - [MESSAGE][INFO] - Action delay is set to 0 milliseconds

25-09-2024T13:54:50 - [MESSAGE][PASSED] - Browser is opened with url: 'https://qa.velocitypayment.com/agency/config.do?action=editor&message_version=2_5'

25-09-2024T13:54:50 - [MESSAGE][PASSED] - Current window maximized

25-09-2024T13:54:51 - [MESSAGE][PASSED] - All options with value '2.5' are selected in object 'Object Repository/IWP30/Page_VRelay30Emulator/MV'  using regular expression

25-09-2024T13:54:52 - [MESSAGE][PASSED] - Text '10.50' is set on object 'Object Repository/IWP30/Page_VRelay30Emulator/Amount'

25-09-2024T13:54:52 - [MESSAGE][PASSED] - Text 'n8KYKJWYgSh3' is set on object 'Object Repository/IWP30/Page_VRelay30Emulator/CAN'

25-09-2024T13:54:53 - [MESSAGE][PASSED] - Text 'PayNow' is set on object 'Object Repository/IWP30/Page_VRelay30Emulator/Action'

25-09-2024T13:54:54 - [MESSAGE][PASSED] - Text 'en_US' is set on object 'Object Repository/IWP30/Page_VRelay30Emulator/Lang'

25-09-2024T13:54:54 - [MESSAGE][PASSED] - Text '' is set on object 'Object Repository/IWP30/Page_VRelay30Emulator/Fname'

25-09-2024T13:54:55 - [MESSAGE][PASSED] - Text '' is set on object 'Object Repository/IWP30/Page_VRelay30Emulator/Lname'

25-09-2024T13:54:55 - [MESSAGE][PASSED] - Text '' is set on object 'Object Repository/IWP30/Page_VRelay30Emulator/AL1'

25-09-2024T13:54:56 - [MESSAGE][PASSED] - Text '' is set on object 'Object Repository/IWP30/Page_VRelay30Emulator/AL2'

25-09-2024T13:54:57 - [MESSAGE][PASSED] - Text '' is set on object 'Object Repository/IWP30/Page_VRelay30Emulator/Country'

25-09-2024T13:54:57 - [MESSAGE][PASSED] - Text '' is set on object 'Object Repository/IWP30/Page_VRelay30Emulator/City'

25-09-2024T13:54:58 - [MESSAGE][PASSED] - Text '' is set on object 'Object Repository/IWP30/Page_VRelay30Emulator/State'

25-09-2024T13:54:58 - [MESSAGE][PASSED] - Text '' is set on object 'Object Repository/IWP30/Page_VRelay30Emulator/ZIP'

25-09-2024T13:54:59 - [MESSAGE][PASSED] - Text '' is set on object 'Object Repository/IWP30/Page_VRelay30Emulator/Order'

25-09-2024T13:55:00 - [MESSAGE][PASSED] - Text '' is set on object 'Object Repository/IWP30/Page_VRelay30Emulator/Company'

25-09-2024T13:55:00 - [MESSAGE][PASSED] - Text '' is set on object 'Object Repository/IWP30/Page_VRelay30Emulator/Email'

25-09-2024T13:55:01 - [MESSAGE][PASSED] - Text '' is set on object 'Object Repository/IWP30/Page_VRelay30Emulator/UDF1'

25-09-2024T13:55:01 - [MESSAGE][PASSED] - Text '' is set on object 'Object Repository/IWP30/Page_VRelay30Emulator/UDF2'

25-09-2024T13:55:02 - [MESSAGE][PASSED] - Text '' is set on object 'Object Repository/IWP30/Page_VRelay30Emulator/UDF3'

25-09-2024T13:55:02 - [MESSAGE][PASSED] - Text 'udf data 4' is set on object 'Object Repository/IWP30/Page_VRelay30Emulator/UDF4'

25-09-2024T13:55:03 - [MESSAGE][PASSED] - Text 'udf data 5' is set on object 'Object Repository/IWP30/Page_VRelay30Emulator/UDF5'

25-09-2024T13:55:04 - [MESSAGE][PASSED] - Text '' is set on object 'Object Repository/IWP30/Page_VRelay30Emulator/UDF6'

25-09-2024T13:55:04 - [MESSAGE][PASSED] - Text '' is set on object 'Object Repository/IWP30/Page_VRelay30Emulator/UDF7'

25-09-2024T13:55:05 - [MESSAGE][PASSED] - Text '' is set on object 'Object Repository/IWP30/Page_VRelay30Emulator/UDF8'

25-09-2024T13:55:05 - [MESSAGE][PASSED] - Text 'udf data 9' is set on object 'Object Repository/IWP30/Page_VRelay30Emulator/UDF9'

25-09-2024T13:55:06 - [MESSAGE][PASSED] - Text 'udf data 10' is set on object 'Object Repository/IWP30/Page_VRelay30Emulator/UDF10'

25-09-2024T13:55:07 - [MESSAGE][PASSED] - Object: 'Object Repository/IWP30/Page_VRelay30Emulator/Submit' is clicked on

25-09-2024T13:55:12 - [MESSAGE][PASSED] - Browser is closed

25-09-2024T13:55:16 - [MESSAGE][PASSED] - iwpPages.emulatorIWP30.setDataEmulator_DD is PASSED

25-09-2024T13:55:16 - [TEST_STEP][PASSED] - testHarnessURL = urlTestHarness: null

25-09-2024T13:55:16 - [TEST_STEP][PASSED] - openBrowser(testHarnessURL): Browser is opened with url: 'https://dev-algorithm.govolution.com/vrelaytest/QA/version_2_2/vrelaytest.html'

25-09-2024T13:55:16 - [MESSAGE][INFO] - Starting 'Edge Chromium' driver

25-09-2024T13:55:16 - [MESSAGE][INFO] - User set preference: ['acceptInsecureCerts', 'true']

25-09-2024T13:55:18 - [MESSAGE][INFO] - Action delay is set to 0 milliseconds

25-09-2024T13:55:21 - [MESSAGE][PASSED] - Browser is opened with url: 'https://dev-algorithm.govolution.com/vrelaytest/QA/version_2_2/vrelaytest.html'

25-09-2024T13:55:21 - [TEST_STEP][PASSED] - maximizeWindow(): Current window maximized

25-09-2024T13:55:21 - [MESSAGE][PASSED] - Current window maximized

25-09-2024T13:55:21 - [TEST_STEP][PASSED] - iwpPages.TestHarnessPage.setDataMethodEF(row, dataFile): iwpPages.TestHarnessPage.setDataMethodEF is PASSED

25-09-2024T13:55:21 - [MESSAGE][PASSED] - Object 'Object Repository/IWP30/Page_QATestHarness/RemittanceID' is present

25-09-2024T13:55:22 - [MESSAGE][PASSED] - Text '638' is set on object 'Object Repository/IWP30/Page_QATestHarness/ApplicationID'

25-09-2024T13:55:23 - [MESSAGE][PASSED] - Text '2.5' is set on object 'Object Repository/IWP30/Page_QATestHarness/MessageVersion'

25-09-2024T13:55:23 - [MESSAGE][PASSED] - Text 'RZ4OZ5MaUol0' is set on object 'Object Repository/IWP30/Page_QATestHarness/RemittanceID'

25-09-2024T13:55:27 - [MESSAGE][PASSED] - Object: 'Object Repository/IWP30/Page_QATestHarness/SubmitButton' is clicked on

25-09-2024T13:55:27 - [MESSAGE][PASSED] - iwpPages.TestHarnessPage.setDataMethodEF is PASSED

25-09-2024T13:55:27 - [TEST_STEP][PASSED] - click(findTestObject("Object Repository/IWP30/Page_SelectPaymentMethod/PayByPersonalCheck")): Object: 'Object Repository/IWP30/Page_SelectPaymentMethod/PayByPersonalCheck' is clicked on

25-09-2024T13:55:28 - [MESSAGE][PASSED] - Object: 'Object Repository/IWP30/Page_SelectPaymentMethod/PayByPersonalCheck' is clicked on

25-09-2024T13:55:28 - [TEST_STEP][PASSED] - click(findTestObject("Object Repository/IWP30/Page_SelectPaymentMethod/MakePaymentButton")): Object: 'Object Repository/IWP30/Page_SelectPaymentMethod/MakePaymentButton' is clicked on

25-09-2024T13:55:29 - [MESSAGE][PASSED] - Object: 'Object Repository/IWP30/Page_SelectPaymentMethod/MakePaymentButton' is clicked on

25-09-2024T13:55:29 - [TEST_STEP][PASSED] - iwpPages.achPersonalPaymentEntryPage.setDataACHPPM(row, dataFile): iwpPages.achPersonalPaymentEntryPage.setDataACHPPM is PASSED

25-09-2024T13:55:30 - [MESSAGE][PASSED] - Object 'Object Repository/IWP30/Page_ACHPersonalPaymentEntry/txt_accountNumber' is present

25-09-2024T13:55:30 - [MESSAGE][PASSED] - Text '10.50' is set on object 'Object Repository/IWP30/Page_ACHPersonalPaymentEntry/txt_Amount'

25-09-2024T13:55:31 - [MESSAGE][PASSED] - Object 'Object Repository/IWP30/Page_ACHPersonalPaymentEntry/txt_UDF2' is present

25-09-2024T13:55:31 - [MESSAGE][PASSED] - Text 'udf data 2' is set on object 'Object Repository/IWP30/Page_ACHPersonalPaymentEntry/txt_UDF2'

25-09-2024T13:55:32 - [MESSAGE][PASSED] - Text 'udf data 3' is set on object 'Object Repository/IWP30/Page_ACHPersonalPaymentEntry/txt_UDF3'

25-09-2024T13:55:33 - [MESSAGE][PASSED] - All options with label 'Orange' are selected in object 'Object Repository/IWP30/Page_ACHPersonalPaymentEntry/dd_UDF7' 

25-09-2024T13:55:33 - [MESSAGE][PASSED] - All options with label 'Soccer' are selected in object 'Object Repository/IWP30/Page_ACHPersonalPaymentEntry/dd_UDF8' 

25-09-2024T13:55:33 - [MESSAGE][PASSED] - Object 'Object Repository/IWP30/Page_ACHPersonalPaymentEntry/txt_Firstname' is present

25-09-2024T13:55:34 - [MESSAGE][PASSED] - Text 'Elizath' is set on object 'Object Repository/IWP30/Page_ACHPersonalPaymentEntry/txt_Firstname'

25-09-2024T13:55:34 - [MESSAGE][PASSED] - Object 'Object Repository/IWP30/Page_ACHPersonalPaymentEntry/txt_Lastname' is present

25-09-2024T13:55:35 - [MESSAGE][PASSED] - Text 'Christine' is set on object 'Object Repository/IWP30/Page_ACHPersonalPaymentEntry/txt_Lastname'

25-09-2024T13:55:35 - [MESSAGE][PASSED] - Object 'Object Repository/IWP30/Page_ACHPersonalPaymentEntry/txt_routingNumber' is present

25-09-2024T13:55:36 - [MESSAGE][PASSED] - Text '256072691' is set on object 'Object Repository/IWP30/Page_ACHPersonalPaymentEntry/txt_routingNumber'

25-09-2024T13:55:36 - [MESSAGE][PASSED] - Object 'Object Repository/IWP30/Page_ACHPersonalPaymentEntry/txt_accountNumber' is present

25-09-2024T13:55:37 - [MESSAGE][PASSED] - Text '12344444' is set on object 'Object Repository/IWP30/Page_ACHPersonalPaymentEntry/txt_accountNumber'

25-09-2024T13:55:38 - [MESSAGE][PASSED] - Object 'Object Repository/IWP30/Page_ACHPersonalPaymentEntry/txt_confirmAccountNumber' is present

25-09-2024T13:55:38 - [MESSAGE][PASSED] - Text '12344444' is set on object 'Object Repository/IWP30/Page_ACHPersonalPaymentEntry/txt_confirmAccountNumber'

25-09-2024T13:55:38 - [MESSAGE][PASSED] - Object 'Object Repository/IWP30/Page_ACHPersonalPaymentEntry/rd_accountType' is present

25-09-2024T13:55:38 - [MESSAGE][PASSED] - Modify property of object successfully

25-09-2024T13:55:39 - [MESSAGE][PASSED] - Object: 'Object Repository/IWP30/Page_ACHPersonalPaymentEntry/rd_accountType' is clicked on

25-09-2024T13:55:39 - [MESSAGE][PASSED] - Execute JavaScript '
				   document.getElementById('processDate').value = '08/09/2025'
				  ' successfully

25-09-2024T13:55:39 - [MESSAGE][PASSED] - Text '365 Main Avenue' is set on object 'Object Repository/IWP30/Page_ACHPersonalPaymentEntry/txt_AL1'

25-09-2024T13:55:40 - [MESSAGE][PASSED] - Text 'Ohio' is set on object 'Object Repository/IWP30/Page_ACHPersonalPaymentEntry/txt_AL2'

25-09-2024T13:55:41 - [MESSAGE][PASSED] - Text '22201' is set on object 'Object Repository/IWP30/Page_ACHPersonalPaymentEntry/txt_ZIP'

25-09-2024T13:55:41 - [MESSAGE][PASSED] - Object 'Object Repository/IWP30/Page_ACHPersonalPaymentEntry/txt_Email' is present

25-09-2024T13:55:42 - [MESSAGE][PASSED] - Text 'iahmed@govolution.com' is set on object 'Object Repository/IWP30/Page_ACHPersonalPaymentEntry/txt_Email'

25-09-2024T13:55:42 - [MESSAGE][PASSED] - Object 'Object Repository/IWP30/Page_ACHPersonalPaymentEntry/cb_TermsAndCond' is present

25-09-2024T13:55:42 - [MESSAGE][PASSED] - Object: 'Object Repository/IWP30/Page_ACHPersonalPaymentEntry/cb_TermsAndCond' is clicked on

25-09-2024T13:55:43 - [MESSAGE][PASSED] - Object 'Object Repository/IWP30/Page_ACHPersonalPaymentEntry/btn_Continue' is present

25-09-2024T13:55:44 - [MESSAGE][PASSED] - Object: 'Object Repository/IWP30/Page_ACHPersonalPaymentEntry/btn_Continue' is clicked on

25-09-2024T13:55:44 - [MESSAGE][PASSED] - iwpPages.achPersonalPaymentEntryPage.setDataACHPPM is PASSED

25-09-2024T13:55:44 - [TEST_STEP][PASSED] - click(findTestObject("Object Repository/IWP30/Page_Confirmation/ConfirmButton")): Object: 'Object Repository/IWP30/Page_Confirmation/ConfirmButton' is clicked on

25-09-2024T13:55:46 - [MESSAGE][PASSED] - Object: 'Object Repository/IWP30/Page_Confirmation/ConfirmButton' is clicked on

25-09-2024T13:55:46 - [TEST_STEP][PASSED] - Thread.sleep(2000): null

25-09-2024T13:55:48 - [TEST_STEP][PASSED] - if (verifyTextPresent("Deferred", false)): null

25-09-2024T13:55:48 - [MESSAGE][PASSED] - Text 'Deferred' is present on page 

25-09-2024T13:55:48 - [TEST_STEP][PASSED] - click(findTestObject("Object Repository/IWP30/Page_Receipt/ViewScheduledPaymentsButton")): Object: 'Object Repository/IWP30/Page_Receipt/ViewScheduledPaymentsButton' is clicked on

25-09-2024T13:55:48 - [MESSAGE][PASSED] - Object: 'Object Repository/IWP30/Page_Receipt/ViewScheduledPaymentsButton' is clicked on

25-09-2024T13:55:48 - [TEST_STEP][PASSED] - switchToWindowTitle("View Scheduled Payments"): Switched to window with title: 'View Scheduled Payments'

25-09-2024T13:55:49 - [MESSAGE][PASSED] - Switched to window with title: 'View Scheduled Payments'

25-09-2024T13:55:49 - [TEST_STEP][PASSED] - Thread.sleep(5000): null

25-09-2024T13:55:54 - [TEST_STEP][PASSED] - if (verifyTextPresent("View Scheduled Payments", false)): null

25-09-2024T13:55:54 - [MESSAGE][PASSED] - Text 'View Scheduled Payments' is present on page 

25-09-2024T13:55:54 - [TEST_STEP][PASSED] - click(findTestObject("Object Repository/IWP30/Page_ScheduledPayments/cancel_payment")): Object: 'Object Repository/IWP30/Page_ScheduledPayments/cancel_payment' is clicked on

25-09-2024T13:55:55 - [MESSAGE][PASSED] - Object: 'Object Repository/IWP30/Page_ScheduledPayments/cancel_payment' is clicked on

25-09-2024T13:55:55 - [TEST_STEP][PASSED] - if (verifyTextPresent("Cancel Payment Plan", false)): null

25-09-2024T13:55:56 - [MESSAGE][PASSED] - Text 'Cancel Payment Plan' is present on page 

25-09-2024T13:55:56 - [TEST_STEP][PASSED] - click(findTestObject("Object Repository/IWP30/Page_PaymentPlan/btn_cancel")): Object: 'Object Repository/IWP30/Page_PaymentPlan/btn_cancel' is clicked on

25-09-2024T13:55:56 - [MESSAGE][PASSED] - Object: 'Object Repository/IWP30/Page_PaymentPlan/btn_cancel' is clicked on

25-09-2024T13:55:56 - [TEST_STEP][PASSED] - acceptAlert(): Alert accepted

25-09-2024T13:55:56 - [MESSAGE][PASSED] - Alert accepted

25-09-2024T13:55:56 - [TEST_STEP][PASSED] - if (verifyTextPresent("Your payment plan has been successfully canceled", false)): null

25-09-2024T13:55:58 - [MESSAGE][PASSED] - Text 'Your payment plan has been successfully canceled' is present on page 

25-09-2024T13:55:58 - [TEST_STEP][PASSED] - isRequiredTextPresent = true: null

25-09-2024T13:55:58 - [TEST_STEP][PASSED] - println(isRequiredTextPresent): null

25-09-2024T13:55:58 - [TEST_STEP][PASSED] - if (isRequiredTextPresent): null

25-09-2024T13:55:58 - [TEST_STEP][PASSED] - if (verifyTextPresent("CAN Label:", false)): null

25-09-2024T13:55:58 - [MESSAGE][PASSED] - Text 'CAN Label:' is present on page 

25-09-2024T13:55:58 - [TEST_STEP][PASSED] - isRequiredTextPresent = true: null

25-09-2024T13:55:58 - [TEST_STEP][PASSED] - println(isRequiredTextPresent): null

25-09-2024T13:55:58 - [TEST_STEP][PASSED] - if (isRequiredTextPresent): null

25-09-2024T13:55:58 - [TEST_STEP][PASSED] - if (verifyTextPresent("Please verify the following information:", false)): null

25-09-2024T13:55:58 - [MESSAGE][PASSED] - Text 'Please verify the following information:' is present on page 

25-09-2024T13:55:58 - [TEST_STEP][PASSED] - isRequiredTextPresent = true: null

25-09-2024T13:55:58 - [TEST_STEP][PASSED] - println(isRequiredTextPresent): null

25-09-2024T13:55:58 - [TEST_STEP][PASSED] - if (isRequiredTextPresent): null

25-09-2024T13:55:58 - [TEST_STEP][PASSED] - if (verifyTextPresent("Payment Information:", false)): null

25-09-2024T13:55:58 - [MESSAGE][PASSED] - Text 'Payment Information:' is present on page 

25-09-2024T13:55:58 - [TEST_STEP][PASSED] - isRequiredTextPresent = true: null

25-09-2024T13:55:58 - [TEST_STEP][PASSED] - println(isRequiredTextPresent): null

25-09-2024T13:55:58 - [TEST_STEP][PASSED] - if (isRequiredTextPresent): null

25-09-2024T13:55:58 - [TEST_STEP][PASSED] - if (verifyTextPresent("UDF2 Label:", false)): null

25-09-2024T13:55:59 - [MESSAGE][PASSED] - Text 'UDF2 Label:' is present on page 

25-09-2024T13:55:59 - [TEST_STEP][PASSED] - isRequiredTextPresent = true: null

25-09-2024T13:55:59 - [TEST_STEP][PASSED] - println(isRequiredTextPresent): null

25-09-2024T13:55:59 - [TEST_STEP][PASSED] - if (isRequiredTextPresent): null

25-09-2024T13:55:59 - [TEST_STEP][PASSED] - if (verifyTextPresent("UDF3 Label:", false)): null

25-09-2024T13:55:59 - [MESSAGE][PASSED] - Text 'UDF3 Label:' is present on page 

25-09-2024T13:55:59 - [TEST_STEP][PASSED] - isRequiredTextPresent = true: null

25-09-2024T13:55:59 - [TEST_STEP][PASSED] - println(isRequiredTextPresent): null

25-09-2024T13:55:59 - [TEST_STEP][PASSED] - if (isRequiredTextPresent): null

25-09-2024T13:55:59 - [TEST_STEP][PASSED] - if (verifyTextPresent("UDF4 Label:", false)): null

25-09-2024T13:55:59 - [MESSAGE][PASSED] - Text 'UDF4 Label:' is present on page 

25-09-2024T13:55:59 - [TEST_STEP][PASSED] - isRequiredTextPresent = true: null

25-09-2024T13:55:59 - [TEST_STEP][PASSED] - println(isRequiredTextPresent): null

25-09-2024T13:55:59 - [TEST_STEP][PASSED] - if (isRequiredTextPresent): null

25-09-2024T13:55:59 - [TEST_STEP][PASSED] - if (verifyTextPresent("UDF7 Label:", false)): null

25-09-2024T13:56:00 - [MESSAGE][PASSED] - Text 'UDF7 Label:' is present on page 

25-09-2024T13:56:00 - [TEST_STEP][PASSED] - isRequiredTextPresent = true: null

25-09-2024T13:56:00 - [TEST_STEP][PASSED] - println(isRequiredTextPresent): null

25-09-2024T13:56:00 - [TEST_STEP][PASSED] - if (isRequiredTextPresent): null

25-09-2024T13:56:00 - [TEST_STEP][PASSED] - if (verifyTextPresent("UDF8 Label:", false)): null

25-09-2024T13:56:00 - [MESSAGE][PASSED] - Text 'UDF8 Label:' is present on page 

25-09-2024T13:56:00 - [TEST_STEP][PASSED] - isRequiredTextPresent = true: null

25-09-2024T13:56:00 - [TEST_STEP][PASSED] - println(isRequiredTextPresent): null

25-09-2024T13:56:00 - [TEST_STEP][PASSED] - if (isRequiredTextPresent): null

25-09-2024T13:56:00 - [TEST_STEP][PASSED] - if (verifyTextPresent("UDF9 Label:", false)): null

25-09-2024T13:56:00 - [MESSAGE][PASSED] - Text 'UDF9 Label:' is present on page 

25-09-2024T13:56:00 - [TEST_STEP][PASSED] - isRequiredTextPresent = true: null

25-09-2024T13:56:00 - [TEST_STEP][PASSED] - println(isRequiredTextPresent): null

25-09-2024T13:56:00 - [TEST_STEP][PASSED] - if (isRequiredTextPresent): null

25-09-2024T13:56:00 - [TEST_STEP][PASSED] - if (verifyTextPresent("Account Information", false)): null

25-09-2024T13:56:00 - [MESSAGE][PASSED] - Text 'Account Information' is present on page 

25-09-2024T13:56:00 - [TEST_STEP][PASSED] - isRequiredTextPresent = true: null

25-09-2024T13:56:00 - [TEST_STEP][PASSED] - println(isRequiredTextPresent): null

25-09-2024T13:56:00 - [TEST_STEP][PASSED] - if (isRequiredTextPresent): null

25-09-2024T13:56:00 - [TEST_STEP][PASSED] - if (verifyTextPresent("First Name on Check:", false)): null

25-09-2024T13:56:01 - [MESSAGE][PASSED] - Text 'First Name on Check:' is present on page 

25-09-2024T13:56:01 - [TEST_STEP][PASSED] - isRequiredTextPresent = true: null

25-09-2024T13:56:01 - [TEST_STEP][PASSED] - println(isRequiredTextPresent): null

25-09-2024T13:56:01 - [TEST_STEP][PASSED] - if (isRequiredTextPresent): null

25-09-2024T13:56:01 - [TEST_STEP][PASSED] - if (verifyTextPresent("Last Name on Check:", false)): null

25-09-2024T13:56:01 - [MESSAGE][PASSED] - Text 'Last Name on Check:' is present on page 

25-09-2024T13:56:01 - [TEST_STEP][PASSED] - isRequiredTextPresent = true: null

25-09-2024T13:56:01 - [TEST_STEP][PASSED] - println(isRequiredTextPresent): null

25-09-2024T13:56:01 - [TEST_STEP][PASSED] - if (isRequiredTextPresent): null

25-09-2024T13:56:01 - [TEST_STEP][PASSED] - if (verifyTextPresent("Routing Transit Number:", false)): null

25-09-2024T13:56:01 - [MESSAGE][PASSED] - Text 'Routing Transit Number:' is present on page 

25-09-2024T13:56:01 - [TEST_STEP][PASSED] - isRequiredTextPresent = true: null

25-09-2024T13:56:01 - [TEST_STEP][PASSED] - println(isRequiredTextPresent): null

25-09-2024T13:56:01 - [TEST_STEP][PASSED] - if (isRequiredTextPresent): null

25-09-2024T13:56:01 - [TEST_STEP][PASSED] - if (verifyTextPresent("Account Number:", false)): null

25-09-2024T13:56:01 - [MESSAGE][PASSED] - Text 'Account Number:' is present on page 

25-09-2024T13:56:01 - [TEST_STEP][PASSED] - isRequiredTextPresent = true: null

25-09-2024T13:56:01 - [TEST_STEP][PASSED] - println(isRequiredTextPresent): null

25-09-2024T13:56:01 - [TEST_STEP][PASSED] - if (isRequiredTextPresent): null

25-09-2024T13:56:01 - [TEST_STEP][PASSED] - if (verifyTextPresent("Type of Account:", false)): null

25-09-2024T13:56:02 - [MESSAGE][PASSED] - Text 'Type of Account:' is present on page 

25-09-2024T13:56:02 - [TEST_STEP][PASSED] - isRequiredTextPresent = true: null

25-09-2024T13:56:02 - [TEST_STEP][PASSED] - println(isRequiredTextPresent): null

25-09-2024T13:56:02 - [TEST_STEP][PASSED] - if (isRequiredTextPresent): null

25-09-2024T13:56:02 - [TEST_STEP][PASSED] - if (verifyTextPresent("Address Line 1:", false)): null

25-09-2024T13:56:02 - [MESSAGE][PASSED] - Text 'Address Line 1:' is present on page 

25-09-2024T13:56:02 - [TEST_STEP][PASSED] - isRequiredTextPresent = true: null

25-09-2024T13:56:02 - [TEST_STEP][PASSED] - println(isRequiredTextPresent): null

25-09-2024T13:56:02 - [TEST_STEP][PASSED] - if (isRequiredTextPresent): null

25-09-2024T13:56:02 - [TEST_STEP][PASSED] - if (verifyTextPresent("Address Line 2:", false)): null

25-09-2024T13:56:02 - [MESSAGE][PASSED] - Text 'Address Line 2:' is present on page 

25-09-2024T13:56:02 - [TEST_STEP][PASSED] - isRequiredTextPresent = true: null

25-09-2024T13:56:02 - [TEST_STEP][PASSED] - println(isRequiredTextPresent): null

25-09-2024T13:56:02 - [TEST_STEP][PASSED] - if (isRequiredTextPresent): null

25-09-2024T13:56:02 - [TEST_STEP][PASSED] - if (verifyTextPresent("Country:", false)): null

25-09-2024T13:56:03 - [MESSAGE][PASSED] - Text 'Country:' is present on page 

25-09-2024T13:56:03 - [TEST_STEP][PASSED] - isRequiredTextPresent = true: null

25-09-2024T13:56:03 - [TEST_STEP][PASSED] - println(isRequiredTextPresent): null

25-09-2024T13:56:03 - [TEST_STEP][PASSED] - if (isRequiredTextPresent): null

25-09-2024T13:56:03 - [TEST_STEP][PASSED] - if (verifyTextPresent("City:", false)): null

25-09-2024T13:56:03 - [MESSAGE][PASSED] - Text 'City:' is present on page 

25-09-2024T13:56:03 - [TEST_STEP][PASSED] - isRequiredTextPresent = true: null

25-09-2024T13:56:03 - [TEST_STEP][PASSED] - println(isRequiredTextPresent): null

25-09-2024T13:56:03 - [TEST_STEP][PASSED] - if (isRequiredTextPresent): null

25-09-2024T13:56:03 - [TEST_STEP][PASSED] - if (verifyTextPresent("State:", false)): null

25-09-2024T13:56:03 - [MESSAGE][PASSED] - Text 'State:' is present on page 

25-09-2024T13:56:03 - [TEST_STEP][PASSED] - isRequiredTextPresent = true: null

25-09-2024T13:56:03 - [TEST_STEP][PASSED] - println(isRequiredTextPresent): null

25-09-2024T13:56:03 - [TEST_STEP][PASSED] - if (isRequiredTextPresent): null

25-09-2024T13:56:03 - [TEST_STEP][PASSED] - if (verifyTextPresent("ZIP Code:", false)): null

25-09-2024T13:56:03 - [MESSAGE][PASSED] - Text 'ZIP Code:' is present on page 

25-09-2024T13:56:03 - [TEST_STEP][PASSED] - isRequiredTextPresent = true: null

25-09-2024T13:56:03 - [TEST_STEP][PASSED] - println(isRequiredTextPresent): null

25-09-2024T13:56:03 - [TEST_STEP][PASSED] - if (isRequiredTextPresent): null

25-09-2024T13:56:03 - [TEST_STEP][PASSED] - if (verifyTextPresent("Email Address:", false)): null

25-09-2024T13:56:04 - [MESSAGE][PASSED] - Text 'Email Address:' is present on page 

25-09-2024T13:56:04 - [TEST_STEP][PASSED] - isRequiredTextPresent = true: null

25-09-2024T13:56:04 - [TEST_STEP][PASSED] - println(isRequiredTextPresent): null

25-09-2024T13:56:04 - [TEST_STEP][PASSED] - if (isRequiredTextPresent): null

25-09-2024T13:56:04 - [TEST_STEP][PASSED] - if (verifyTextPresent("Payment Plan Information:", false)): null

25-09-2024T13:56:04 - [MESSAGE][PASSED] - Text 'Payment Plan Information:' is present on page 

25-09-2024T13:56:04 - [TEST_STEP][PASSED] - isRequiredTextPresent = true: null

25-09-2024T13:56:04 - [TEST_STEP][PASSED] - println(isRequiredTextPresent): null

25-09-2024T13:56:04 - [TEST_STEP][PASSED] - if (isRequiredTextPresent): null

25-09-2024T13:56:04 - [TEST_STEP][PASSED] - if (verifyTextPresent("Payment Plan Type:", false)): null

25-09-2024T13:56:04 - [MESSAGE][PASSED] - Text 'Payment Plan Type:' is present on page 

25-09-2024T13:56:04 - [TEST_STEP][PASSED] - isRequiredTextPresent = true: null

25-09-2024T13:56:04 - [TEST_STEP][PASSED] - println(isRequiredTextPresent): null

25-09-2024T13:56:04 - [TEST_STEP][PASSED] - if (isRequiredTextPresent): null

25-09-2024T13:56:04 - [TEST_STEP][PASSED] - if (verifyTextPresent("Payment Plan Status:", false)): null

25-09-2024T13:56:04 - [MESSAGE][PASSED] - Text 'Payment Plan Status:' is present on page 

25-09-2024T13:56:04 - [TEST_STEP][PASSED] - isRequiredTextPresent = true: null

25-09-2024T13:56:04 - [TEST_STEP][PASSED] - println(isRequiredTextPresent): null

25-09-2024T13:56:04 - [TEST_STEP][PASSED] - if (isRequiredTextPresent): null

25-09-2024T13:56:05 - [TEST_STEP][PASSED] - if (verifyTextPresent("Payment Plan ID:", false)): null

25-09-2024T13:56:05 - [MESSAGE][PASSED] - Text 'Payment Plan ID:' is present on page 

25-09-2024T13:56:05 - [TEST_STEP][PASSED] - isRequiredTextPresent = true: null

25-09-2024T13:56:05 - [TEST_STEP][PASSED] - println(isRequiredTextPresent): null

25-09-2024T13:56:05 - [TEST_STEP][PASSED] - if (isRequiredTextPresent): null

25-09-2024T13:56:05 - [TEST_STEP][PASSED] - if (verifyTextPresent("Payment Plan Start Date:", false)): null

25-09-2024T13:56:05 - [MESSAGE][PASSED] - Text 'Payment Plan Start Date:' is present on page 

25-09-2024T13:56:05 - [TEST_STEP][PASSED] - isRequiredTextPresent = true: null

25-09-2024T13:56:05 - [TEST_STEP][PASSED] - println(isRequiredTextPresent): null

25-09-2024T13:56:05 - [TEST_STEP][PASSED] - if (isRequiredTextPresent): null

25-09-2024T13:56:05 - [TEST_STEP][PASSED] - if (verifyTextPresent("Amount:", false)): null

25-09-2024T13:56:05 - [MESSAGE][PASSED] - Text 'Amount:' is present on page 

25-09-2024T13:56:05 - [TEST_STEP][PASSED] - isRequiredTextPresent = true: null

25-09-2024T13:56:05 - [TEST_STEP][PASSED] - println(isRequiredTextPresent): null

25-09-2024T13:56:05 - [TEST_STEP][PASSED] - if (isRequiredTextPresent == true): pages.WriteExcel.demoKey is PASSED

25-09-2024T13:56:05 - [TEST_STEP][PASSED] - println("All the relevant texts are present on Receipt Page"): null

25-09-2024T13:56:05 - [TEST_STEP][PASSED] - markPassed("All the relevant texts are present on Receipt Page"): All the relevant texts are present on Receipt Page

25-09-2024T13:56:05 - [MESSAGE][PASSED] - All the relevant texts are present on Receipt Page

25-09-2024T13:56:05 - [TEST_STEP][PASSED] - resText = "Pass": null

25-09-2024T13:56:05 - [TEST_STEP][PASSED] - pages.WriteExcel.demoKey(resText, datText, resColumn, datCloumn, fileLoc, nameSheet, row): pages.WriteExcel.demoKey is PASSED

25-09-2024T13:56:05 - [MESSAGE][PASSED] - pages.WriteExcel.demoKey is PASSED

25-09-2024T13:56:05 - [TEST_STEP][PASSED] - closeBrowser(): Browser is closed

25-09-2024T13:56:06 - [MESSAGE][PASSED] - Browser is closed]]></system-out>
         <system-err><![CDATA[]]></system-err>
      </testcase>
      <testcase name="Test Cases/IntegratedWeb/IWP25/Payments/VerifyCancelReceiptLabelsDeferredPS" time="81.807" classname="Test Cases/IntegratedWeb/IWP25/Payments/VerifyCancelReceiptLabelsDeferredPS" status="PASSED">
         <system-out><![CDATA[25-09-2024T13:56:06 - [TEST_CASE][PASSED] - Test Cases/IntegratedWeb/IWP25/Payments/VerifyCancelReceiptLabelsDeferredPS: Test Cases/IntegratedWeb/IWP25/Payments/VerifyCancelReceiptLabelsDeferredPS

25-09-2024T13:56:06 - [TEST_STEP][PASSED] - resText = "Fail": null

25-09-2024T13:56:06 - [TEST_STEP][PASSED] - resColumn = "Result": null

25-09-2024T13:56:06 - [TEST_STEP][PASSED] - datCloumn = "Date": null

25-09-2024T13:56:06 - [TEST_STEP][PASSED] - fileLoc = "KatalonData/IWPTestData/VRelay25PaymentsExtension.xlsx": null

25-09-2024T13:56:06 - [TEST_STEP][PASSED] - numOfRows = <not implemented yet for class: org.codehaus.groovy.ast.expr.EmptyExpression>: null

25-09-2024T13:56:06 - [TEST_STEP][PASSED] - dataFile = <not implemented yet for class: org.codehaus.groovy.ast.expr.EmptyExpression>: null

25-09-2024T13:56:06 - [TEST_STEP][PASSED] - nameSheet = <not implemented yet for class: org.codehaus.groovy.ast.expr.EmptyExpression>: null

25-09-2024T13:56:06 - [TEST_STEP][PASSED] - dataFileEmulator = <not implemented yet for class: org.codehaus.groovy.ast.expr.EmptyExpression>: null

25-09-2024T13:56:06 - [TEST_STEP][PASSED] - isRequiredTextPresent = false: null

25-09-2024T13:56:06 - [TEST_STEP][PASSED] - nameSheet = "VerifyCancelLabelDeferredPS": null

25-09-2024T13:56:06 - [TEST_STEP][PASSED] - dataFile = getExcelDataWithDefaultSheet("KatalonData/IWPTestData/VRelay25PaymentsExtension.xlsx", nameSheet, true): null

25-09-2024T13:56:06 - [TEST_STEP][PASSED] - dataFileEmulator = "IWPTestData/EmulatorData": null

25-09-2024T13:56:06 - [TEST_STEP][PASSED] - numOfRows = dataFile.getRowNumbers(): null

25-09-2024T13:56:06 - [TEST_STEP][PASSED] - println("Number of Records: " + numOfRows): null

25-09-2024T13:56:06 - [TEST_STEP][PASSED] - for ([row = 1, row <= numOfRows, (row++)]): Browser is closed

25-09-2024T13:56:06 - [TEST_STEP][PASSED] - ExecuteTC = dataFile.getValue("Execute", row): null

25-09-2024T13:56:06 - [TEST_STEP][PASSED] - out.println("Value of Execute is : " + ExecuteTC): null

25-09-2024T13:56:06 - [TEST_STEP][PASSED] - if (ExecuteTC.equalsIgnoreCase("Y")): null

25-09-2024T13:56:06 - [TEST_STEP][PASSED] - out.println("Begin Record Number: " + row): null

25-09-2024T13:56:06 - [TEST_STEP][PASSED] - today = new java.util.Date(): null

25-09-2024T13:56:06 - [TEST_STEP][PASSED] - println(today): null

25-09-2024T13:56:06 - [TEST_STEP][PASSED] - datText = today: null

25-09-2024T13:56:06 - [TEST_STEP][PASSED] - EmulatorDataKey = dataFile.getValue("EmulatorData", row): null

25-09-2024T13:56:06 - [TEST_STEP][PASSED] - out.println("Value of Emulator Key is : " + EmulatorDataKey): null

25-09-2024T13:56:06 - [TEST_STEP][PASSED] - iwpPages.emulatorIWP30.setDataEmulator_DD(EmulatorDataKey): iwpPages.emulatorIWP30.setDataEmulator_DD is PASSED

25-09-2024T13:56:07 - [MESSAGE][INFO] - Starting 'Edge Chromium' driver

25-09-2024T13:56:07 - [MESSAGE][INFO] - User set preference: ['acceptInsecureCerts', 'true']

25-09-2024T13:56:09 - [MESSAGE][INFO] - Action delay is set to 0 milliseconds

25-09-2024T13:56:12 - [MESSAGE][PASSED] - Browser is opened with url: 'https://qa.velocitypayment.com/agency/config.do?action=editor&message_version=2_5'

25-09-2024T13:56:12 - [MESSAGE][PASSED] - Current window maximized

25-09-2024T13:56:13 - [MESSAGE][PASSED] - All options with value '2.5' are selected in object 'Object Repository/IWP30/Page_VRelay30Emulator/MV'  using regular expression

25-09-2024T13:56:14 - [MESSAGE][PASSED] - Text '10.50' is set on object 'Object Repository/IWP30/Page_VRelay30Emulator/Amount'

25-09-2024T13:56:14 - [MESSAGE][PASSED] - Text 'oRgksm3eZecV' is set on object 'Object Repository/IWP30/Page_VRelay30Emulator/CAN'

25-09-2024T13:56:15 - [MESSAGE][PASSED] - Text 'PayNow' is set on object 'Object Repository/IWP30/Page_VRelay30Emulator/Action'

25-09-2024T13:56:16 - [MESSAGE][PASSED] - Text 'en_US' is set on object 'Object Repository/IWP30/Page_VRelay30Emulator/Lang'

25-09-2024T13:56:16 - [MESSAGE][PASSED] - Text '' is set on object 'Object Repository/IWP30/Page_VRelay30Emulator/Fname'

25-09-2024T13:56:17 - [MESSAGE][PASSED] - Text '' is set on object 'Object Repository/IWP30/Page_VRelay30Emulator/Lname'

25-09-2024T13:56:17 - [MESSAGE][PASSED] - Text '' is set on object 'Object Repository/IWP30/Page_VRelay30Emulator/AL1'

25-09-2024T13:56:18 - [MESSAGE][PASSED] - Text '' is set on object 'Object Repository/IWP30/Page_VRelay30Emulator/AL2'

25-09-2024T13:56:19 - [MESSAGE][PASSED] - Text '' is set on object 'Object Repository/IWP30/Page_VRelay30Emulator/Country'

25-09-2024T13:56:19 - [MESSAGE][PASSED] - Text '' is set on object 'Object Repository/IWP30/Page_VRelay30Emulator/City'

25-09-2024T13:56:20 - [MESSAGE][PASSED] - Text '' is set on object 'Object Repository/IWP30/Page_VRelay30Emulator/State'

25-09-2024T13:56:20 - [MESSAGE][PASSED] - Text '' is set on object 'Object Repository/IWP30/Page_VRelay30Emulator/ZIP'

25-09-2024T13:56:21 - [MESSAGE][PASSED] - Text '' is set on object 'Object Repository/IWP30/Page_VRelay30Emulator/Order'

25-09-2024T13:56:21 - [MESSAGE][PASSED] - Text '' is set on object 'Object Repository/IWP30/Page_VRelay30Emulator/Company'

25-09-2024T13:56:22 - [MESSAGE][PASSED] - Text '' is set on object 'Object Repository/IWP30/Page_VRelay30Emulator/Email'

25-09-2024T13:56:23 - [MESSAGE][PASSED] - Text '' is set on object 'Object Repository/IWP30/Page_VRelay30Emulator/UDF1'

25-09-2024T13:56:23 - [MESSAGE][PASSED] - Text '' is set on object 'Object Repository/IWP30/Page_VRelay30Emulator/UDF2'

25-09-2024T13:56:24 - [MESSAGE][PASSED] - Text '' is set on object 'Object Repository/IWP30/Page_VRelay30Emulator/UDF3'

25-09-2024T13:56:24 - [MESSAGE][PASSED] - Text 'udf data 4' is set on object 'Object Repository/IWP30/Page_VRelay30Emulator/UDF4'

25-09-2024T13:56:25 - [MESSAGE][PASSED] - Text 'udf data 5' is set on object 'Object Repository/IWP30/Page_VRelay30Emulator/UDF5'

25-09-2024T13:56:25 - [MESSAGE][PASSED] - Text '' is set on object 'Object Repository/IWP30/Page_VRelay30Emulator/UDF6'

25-09-2024T13:56:26 - [MESSAGE][PASSED] - Text '' is set on object 'Object Repository/IWP30/Page_VRelay30Emulator/UDF7'

25-09-2024T13:56:27 - [MESSAGE][PASSED] - Text '' is set on object 'Object Repository/IWP30/Page_VRelay30Emulator/UDF8'

25-09-2024T13:56:27 - [MESSAGE][PASSED] - Text 'udf data 9' is set on object 'Object Repository/IWP30/Page_VRelay30Emulator/UDF9'

25-09-2024T13:56:28 - [MESSAGE][PASSED] - Text 'udf data 10' is set on object 'Object Repository/IWP30/Page_VRelay30Emulator/UDF10'

25-09-2024T13:56:29 - [MESSAGE][PASSED] - Object: 'Object Repository/IWP30/Page_VRelay30Emulator/Submit' is clicked on

25-09-2024T13:56:33 - [MESSAGE][PASSED] - Browser is closed

25-09-2024T13:56:37 - [MESSAGE][PASSED] - iwpPages.emulatorIWP30.setDataEmulator_DD is PASSED

25-09-2024T13:56:37 - [TEST_STEP][PASSED] - testHarnessURL = urlTestHarness: null

25-09-2024T13:56:37 - [TEST_STEP][PASSED] - openBrowser(testHarnessURL): Browser is opened with url: 'https://dev-algorithm.govolution.com/vrelaytest/QA/version_2_2/vrelaytest.html'

25-09-2024T13:56:37 - [MESSAGE][INFO] - Starting 'Edge Chromium' driver

25-09-2024T13:56:37 - [MESSAGE][INFO] - User set preference: ['acceptInsecureCerts', 'true']

25-09-2024T13:56:39 - [MESSAGE][INFO] - Action delay is set to 0 milliseconds

25-09-2024T13:56:43 - [MESSAGE][PASSED] - Browser is opened with url: 'https://dev-algorithm.govolution.com/vrelaytest/QA/version_2_2/vrelaytest.html'

25-09-2024T13:56:43 - [TEST_STEP][PASSED] - maximizeWindow(): Current window maximized

25-09-2024T13:56:43 - [MESSAGE][PASSED] - Current window maximized

25-09-2024T13:56:43 - [TEST_STEP][PASSED] - iwpPages.TestHarnessPage.setDataMethodEF(row, dataFile): iwpPages.TestHarnessPage.setDataMethodEF is PASSED

25-09-2024T13:56:43 - [MESSAGE][PASSED] - Object 'Object Repository/IWP30/Page_QATestHarness/RemittanceID' is present

25-09-2024T13:56:44 - [MESSAGE][PASSED] - Text '638' is set on object 'Object Repository/IWP30/Page_QATestHarness/ApplicationID'

25-09-2024T13:56:45 - [MESSAGE][PASSED] - Text '2.5' is set on object 'Object Repository/IWP30/Page_QATestHarness/MessageVersion'

25-09-2024T13:56:45 - [MESSAGE][PASSED] - Text '2YCQpM68RUyH' is set on object 'Object Repository/IWP30/Page_QATestHarness/RemittanceID'

25-09-2024T13:56:48 - [MESSAGE][PASSED] - Object: 'Object Repository/IWP30/Page_QATestHarness/SubmitButton' is clicked on

25-09-2024T13:56:48 - [MESSAGE][PASSED] - iwpPages.TestHarnessPage.setDataMethodEF is PASSED

25-09-2024T13:56:48 - [TEST_STEP][PASSED] - click(findTestObject("Object Repository/IWP30/Page_SelectPaymentMethod/PayByPersonalCheck")): Object: 'Object Repository/IWP30/Page_SelectPaymentMethod/PayByPersonalCheck' is clicked on

25-09-2024T13:56:49 - [MESSAGE][PASSED] - Object: 'Object Repository/IWP30/Page_SelectPaymentMethod/PayByPersonalCheck' is clicked on

25-09-2024T13:56:49 - [TEST_STEP][PASSED] - click(findTestObject("Object Repository/IWP30/Page_SelectPaymentMethod/MakePaymentButton")): Object: 'Object Repository/IWP30/Page_SelectPaymentMethod/MakePaymentButton' is clicked on

25-09-2024T13:56:51 - [MESSAGE][PASSED] - Object: 'Object Repository/IWP30/Page_SelectPaymentMethod/MakePaymentButton' is clicked on

25-09-2024T13:56:51 - [TEST_STEP][PASSED] - iwpPages.achPersonalPaymentEntryPage.setDataACHPPM(row, dataFile): iwpPages.achPersonalPaymentEntryPage.setDataACHPPM is PASSED

25-09-2024T13:56:51 - [MESSAGE][PASSED] - Object 'Object Repository/IWP30/Page_ACHPersonalPaymentEntry/txt_accountNumber' is present

25-09-2024T13:56:52 - [MESSAGE][PASSED] - Text '10.50' is set on object 'Object Repository/IWP30/Page_ACHPersonalPaymentEntry/txt_Amount'

25-09-2024T13:56:52 - [MESSAGE][PASSED] - Object 'Object Repository/IWP30/Page_ACHPersonalPaymentEntry/txt_UDF2' is present

25-09-2024T13:56:53 - [MESSAGE][PASSED] - Text 'udf data 2' is set on object 'Object Repository/IWP30/Page_ACHPersonalPaymentEntry/txt_UDF2'

25-09-2024T13:56:54 - [MESSAGE][PASSED] - Text 'udf data 3' is set on object 'Object Repository/IWP30/Page_ACHPersonalPaymentEntry/txt_UDF3'

25-09-2024T13:56:54 - [MESSAGE][PASSED] - All options with label 'Orange' are selected in object 'Object Repository/IWP30/Page_ACHPersonalPaymentEntry/dd_UDF7' 

25-09-2024T13:56:55 - [MESSAGE][PASSED] - All options with label 'Soccer' are selected in object 'Object Repository/IWP30/Page_ACHPersonalPaymentEntry/dd_UDF8' 

25-09-2024T13:56:55 - [MESSAGE][PASSED] - Object 'Object Repository/IWP30/Page_ACHPersonalPaymentEntry/txt_Firstname' is present

25-09-2024T13:56:56 - [MESSAGE][PASSED] - Text 'Elizath' is set on object 'Object Repository/IWP30/Page_ACHPersonalPaymentEntry/txt_Firstname'

25-09-2024T13:56:56 - [MESSAGE][PASSED] - Object 'Object Repository/IWP30/Page_ACHPersonalPaymentEntry/txt_Lastname' is present

25-09-2024T13:56:56 - [MESSAGE][PASSED] - Text 'Christine' is set on object 'Object Repository/IWP30/Page_ACHPersonalPaymentEntry/txt_Lastname'

25-09-2024T13:56:57 - [MESSAGE][PASSED] - Object 'Object Repository/IWP30/Page_ACHPersonalPaymentEntry/txt_routingNumber' is present

25-09-2024T13:56:57 - [MESSAGE][PASSED] - Text '256072691' is set on object 'Object Repository/IWP30/Page_ACHPersonalPaymentEntry/txt_routingNumber'

25-09-2024T13:56:57 - [MESSAGE][PASSED] - Object 'Object Repository/IWP30/Page_ACHPersonalPaymentEntry/txt_accountNumber' is present

25-09-2024T13:56:59 - [MESSAGE][PASSED] - Text '12344444' is set on object 'Object Repository/IWP30/Page_ACHPersonalPaymentEntry/txt_accountNumber'

25-09-2024T13:56:59 - [MESSAGE][PASSED] - Object 'Object Repository/IWP30/Page_ACHPersonalPaymentEntry/txt_confirmAccountNumber' is present

25-09-2024T13:57:00 - [MESSAGE][PASSED] - Text '12344444' is set on object 'Object Repository/IWP30/Page_ACHPersonalPaymentEntry/txt_confirmAccountNumber'

25-09-2024T13:57:00 - [MESSAGE][PASSED] - Object 'Object Repository/IWP30/Page_ACHPersonalPaymentEntry/rd_accountType' is present

25-09-2024T13:57:00 - [MESSAGE][PASSED] - Modify property of object successfully

25-09-2024T13:57:00 - [MESSAGE][PASSED] - Object: 'Object Repository/IWP30/Page_ACHPersonalPaymentEntry/rd_accountType' is clicked on

25-09-2024T13:57:00 - [MESSAGE][PASSED] - Execute JavaScript '
				   document.getElementById('processDate').value = '08/09/2025'
				  ' successfully

25-09-2024T13:57:01 - [MESSAGE][PASSED] - Text '365 Main Avenue' is set on object 'Object Repository/IWP30/Page_ACHPersonalPaymentEntry/txt_AL1'

25-09-2024T13:57:02 - [MESSAGE][PASSED] - Text 'Ohio' is set on object 'Object Repository/IWP30/Page_ACHPersonalPaymentEntry/txt_AL2'

25-09-2024T13:57:02 - [MESSAGE][PASSED] - Text '22201' is set on object 'Object Repository/IWP30/Page_ACHPersonalPaymentEntry/txt_ZIP'

25-09-2024T13:57:02 - [MESSAGE][PASSED] - Object 'Object Repository/IWP30/Page_ACHPersonalPaymentEntry/txt_Email' is present

25-09-2024T13:57:03 - [MESSAGE][PASSED] - Text 'iahmed@govolution.com' is set on object 'Object Repository/IWP30/Page_ACHPersonalPaymentEntry/txt_Email'

25-09-2024T13:57:04 - [MESSAGE][PASSED] - Object 'Object Repository/IWP30/Page_ACHPersonalPaymentEntry/cb_TermsAndCond' is present

25-09-2024T13:57:04 - [MESSAGE][PASSED] - Object: 'Object Repository/IWP30/Page_ACHPersonalPaymentEntry/cb_TermsAndCond' is clicked on

25-09-2024T13:57:04 - [MESSAGE][PASSED] - Object 'Object Repository/IWP30/Page_ACHPersonalPaymentEntry/btn_Continue' is present

25-09-2024T13:57:06 - [MESSAGE][PASSED] - Object: 'Object Repository/IWP30/Page_ACHPersonalPaymentEntry/btn_Continue' is clicked on

25-09-2024T13:57:06 - [MESSAGE][PASSED] - iwpPages.achPersonalPaymentEntryPage.setDataACHPPM is PASSED

25-09-2024T13:57:06 - [TEST_STEP][PASSED] - click(findTestObject("Object Repository/IWP30/Page_Confirmation/ConfirmButton")): Object: 'Object Repository/IWP30/Page_Confirmation/ConfirmButton' is clicked on

25-09-2024T13:57:07 - [MESSAGE][PASSED] - Object: 'Object Repository/IWP30/Page_Confirmation/ConfirmButton' is clicked on

25-09-2024T13:57:07 - [TEST_STEP][PASSED] - Thread.sleep(2000): null

25-09-2024T13:57:09 - [TEST_STEP][PASSED] - if (verifyTextPresent("Deferred", false)): null

25-09-2024T13:57:09 - [MESSAGE][PASSED] - Text 'Deferred' is present on page 

25-09-2024T13:57:09 - [TEST_STEP][PASSED] - click(findTestObject("Object Repository/IWP30/Page_Receipt/ViewScheduledPaymentsButton")): Object: 'Object Repository/IWP30/Page_Receipt/ViewScheduledPaymentsButton' is clicked on

25-09-2024T13:57:10 - [MESSAGE][PASSED] - Object: 'Object Repository/IWP30/Page_Receipt/ViewScheduledPaymentsButton' is clicked on

25-09-2024T13:57:10 - [TEST_STEP][PASSED] - switchToWindowTitle("View Scheduled Payments"): Switched to window with title: 'View Scheduled Payments'

25-09-2024T13:57:10 - [MESSAGE][PASSED] - Switched to window with title: 'View Scheduled Payments'

25-09-2024T13:57:10 - [TEST_STEP][PASSED] - Thread.sleep(5000): null

25-09-2024T13:57:15 - [TEST_STEP][PASSED] - if (verifyTextPresent("View Scheduled Payments", false)): null

25-09-2024T13:57:15 - [MESSAGE][PASSED] - Text 'View Scheduled Payments' is present on page 

25-09-2024T13:57:15 - [TEST_STEP][PASSED] - click(findTestObject("Object Repository/IWP30/Page_ScheduledPayments/cancel_payment")): Object: 'Object Repository/IWP30/Page_ScheduledPayments/cancel_payment' is clicked on

25-09-2024T13:57:17 - [MESSAGE][PASSED] - Object: 'Object Repository/IWP30/Page_ScheduledPayments/cancel_payment' is clicked on

25-09-2024T13:57:17 - [TEST_STEP][PASSED] - if (verifyTextPresent("Cancel Payment Plan", false)): null

25-09-2024T13:57:18 - [MESSAGE][PASSED] - Text 'Cancel Payment Plan' is present on page 

25-09-2024T13:57:18 - [TEST_STEP][PASSED] - click(findTestObject("Object Repository/IWP30/Page_PaymentPlan/btn_cancel")): Object: 'Object Repository/IWP30/Page_PaymentPlan/btn_cancel' is clicked on

25-09-2024T13:57:18 - [MESSAGE][PASSED] - Object: 'Object Repository/IWP30/Page_PaymentPlan/btn_cancel' is clicked on

25-09-2024T13:57:18 - [TEST_STEP][PASSED] - acceptAlert(): Alert accepted

25-09-2024T13:57:18 - [MESSAGE][PASSED] - Alert accepted

25-09-2024T13:57:18 - [TEST_STEP][PASSED] - if (verifyTextPresent("Your payment plan has been successfully canceled", false)): null

25-09-2024T13:57:19 - [MESSAGE][PASSED] - Text 'Your payment plan has been successfully canceled' is present on page 

25-09-2024T13:57:19 - [TEST_STEP][PASSED] - isRequiredTextPresent = true: null

25-09-2024T13:57:19 - [TEST_STEP][PASSED] - println(isRequiredTextPresent): null

25-09-2024T13:57:19 - [TEST_STEP][PASSED] - if (isRequiredTextPresent): null

25-09-2024T13:57:19 - [TEST_STEP][PASSED] - if (verifyTextPresent("CAN Label:", false)): null

25-09-2024T13:57:20 - [MESSAGE][PASSED] - Text 'CAN Label:' is present on page 

25-09-2024T13:57:20 - [TEST_STEP][PASSED] - isRequiredTextPresent = true: null

25-09-2024T13:57:20 - [TEST_STEP][PASSED] - println(isRequiredTextPresent): null

25-09-2024T13:57:20 - [TEST_STEP][PASSED] - if (isRequiredTextPresent): null

25-09-2024T13:57:20 - [TEST_STEP][PASSED] - if (verifyTextPresent("Please verify the following information:", false)): null

25-09-2024T13:57:20 - [MESSAGE][PASSED] - Text 'Please verify the following information:' is present on page 

25-09-2024T13:57:20 - [TEST_STEP][PASSED] - isRequiredTextPresent = true: null

25-09-2024T13:57:20 - [TEST_STEP][PASSED] - println(isRequiredTextPresent): null

25-09-2024T13:57:20 - [TEST_STEP][PASSED] - if (isRequiredTextPresent): null

25-09-2024T13:57:20 - [TEST_STEP][PASSED] - if (verifyTextPresent("Payment Information:", false)): null

25-09-2024T13:57:20 - [MESSAGE][PASSED] - Text 'Payment Information:' is present on page 

25-09-2024T13:57:20 - [TEST_STEP][PASSED] - isRequiredTextPresent = true: null

25-09-2024T13:57:20 - [TEST_STEP][PASSED] - println(isRequiredTextPresent): null

25-09-2024T13:57:20 - [TEST_STEP][PASSED] - if (isRequiredTextPresent): null

25-09-2024T13:57:20 - [TEST_STEP][PASSED] - if (verifyTextPresent("UDF2 Label:", false)): null

25-09-2024T13:57:21 - [MESSAGE][PASSED] - Text 'UDF2 Label:' is present on page 

25-09-2024T13:57:21 - [TEST_STEP][PASSED] - isRequiredTextPresent = true: null

25-09-2024T13:57:21 - [TEST_STEP][PASSED] - println(isRequiredTextPresent): null

25-09-2024T13:57:21 - [TEST_STEP][PASSED] - if (isRequiredTextPresent): null

25-09-2024T13:57:21 - [TEST_STEP][PASSED] - if (verifyTextPresent("UDF3 Label:", false)): null

25-09-2024T13:57:21 - [MESSAGE][PASSED] - Text 'UDF3 Label:' is present on page 

25-09-2024T13:57:21 - [TEST_STEP][PASSED] - isRequiredTextPresent = true: null

25-09-2024T13:57:21 - [TEST_STEP][PASSED] - println(isRequiredTextPresent): null

25-09-2024T13:57:21 - [TEST_STEP][PASSED] - if (isRequiredTextPresent): null

25-09-2024T13:57:21 - [TEST_STEP][PASSED] - if (verifyTextPresent("UDF4 Label:", false)): null

25-09-2024T13:57:21 - [MESSAGE][PASSED] - Text 'UDF4 Label:' is present on page 

25-09-2024T13:57:21 - [TEST_STEP][PASSED] - isRequiredTextPresent = true: null

25-09-2024T13:57:21 - [TEST_STEP][PASSED] - println(isRequiredTextPresent): null

25-09-2024T13:57:21 - [TEST_STEP][PASSED] - if (isRequiredTextPresent): null

25-09-2024T13:57:21 - [TEST_STEP][PASSED] - if (verifyTextPresent("UDF7 Label:", false)): null

25-09-2024T13:57:21 - [MESSAGE][PASSED] - Text 'UDF7 Label:' is present on page 

25-09-2024T13:57:21 - [TEST_STEP][PASSED] - isRequiredTextPresent = true: null

25-09-2024T13:57:21 - [TEST_STEP][PASSED] - println(isRequiredTextPresent): null

25-09-2024T13:57:21 - [TEST_STEP][PASSED] - if (isRequiredTextPresent): null

25-09-2024T13:57:21 - [TEST_STEP][PASSED] - if (verifyTextPresent("UDF8 Label:", false)): null

25-09-2024T13:57:22 - [MESSAGE][PASSED] - Text 'UDF8 Label:' is present on page 

25-09-2024T13:57:22 - [TEST_STEP][PASSED] - isRequiredTextPresent = true: null

25-09-2024T13:57:22 - [TEST_STEP][PASSED] - println(isRequiredTextPresent): null

25-09-2024T13:57:22 - [TEST_STEP][PASSED] - if (isRequiredTextPresent): null

25-09-2024T13:57:22 - [TEST_STEP][PASSED] - if (verifyTextPresent("UDF9 Label:", false)): null

25-09-2024T13:57:22 - [MESSAGE][PASSED] - Text 'UDF9 Label:' is present on page 

25-09-2024T13:57:22 - [TEST_STEP][PASSED] - isRequiredTextPresent = true: null

25-09-2024T13:57:22 - [TEST_STEP][PASSED] - println(isRequiredTextPresent): null

25-09-2024T13:57:22 - [TEST_STEP][PASSED] - if (isRequiredTextPresent): null

25-09-2024T13:57:22 - [TEST_STEP][PASSED] - if (verifyTextPresent("Account Information", false)): null

25-09-2024T13:57:22 - [MESSAGE][PASSED] - Text 'Account Information' is present on page 

25-09-2024T13:57:22 - [TEST_STEP][PASSED] - isRequiredTextPresent = true: null

25-09-2024T13:57:22 - [TEST_STEP][PASSED] - println(isRequiredTextPresent): null

25-09-2024T13:57:22 - [TEST_STEP][PASSED] - if (isRequiredTextPresent): null

25-09-2024T13:57:22 - [TEST_STEP][PASSED] - if (verifyTextPresent("First Name on Check:", false)): null

25-09-2024T13:57:22 - [MESSAGE][PASSED] - Text 'First Name on Check:' is present on page 

25-09-2024T13:57:22 - [TEST_STEP][PASSED] - isRequiredTextPresent = true: null

25-09-2024T13:57:22 - [TEST_STEP][PASSED] - println(isRequiredTextPresent): null

25-09-2024T13:57:22 - [TEST_STEP][PASSED] - if (isRequiredTextPresent): null

25-09-2024T13:57:22 - [TEST_STEP][PASSED] - if (verifyTextPresent("Last Name on Check:", false)): null

25-09-2024T13:57:23 - [MESSAGE][PASSED] - Text 'Last Name on Check:' is present on page 

25-09-2024T13:57:23 - [TEST_STEP][PASSED] - isRequiredTextPresent = true: null

25-09-2024T13:57:23 - [TEST_STEP][PASSED] - println(isRequiredTextPresent): null

25-09-2024T13:57:23 - [TEST_STEP][PASSED] - if (isRequiredTextPresent): null

25-09-2024T13:57:23 - [TEST_STEP][PASSED] - if (verifyTextPresent("Routing Transit Number:", false)): null

25-09-2024T13:57:23 - [MESSAGE][PASSED] - Text 'Routing Transit Number:' is present on page 

25-09-2024T13:57:23 - [TEST_STEP][PASSED] - isRequiredTextPresent = true: null

25-09-2024T13:57:23 - [TEST_STEP][PASSED] - println(isRequiredTextPresent): null

25-09-2024T13:57:23 - [TEST_STEP][PASSED] - if (isRequiredTextPresent): null

25-09-2024T13:57:23 - [TEST_STEP][PASSED] - if (verifyTextPresent("Account Number:", false)): null

25-09-2024T13:57:23 - [MESSAGE][PASSED] - Text 'Account Number:' is present on page 

25-09-2024T13:57:23 - [TEST_STEP][PASSED] - isRequiredTextPresent = true: null

25-09-2024T13:57:23 - [TEST_STEP][PASSED] - println(isRequiredTextPresent): null

25-09-2024T13:57:23 - [TEST_STEP][PASSED] - if (isRequiredTextPresent): null

25-09-2024T13:57:23 - [TEST_STEP][PASSED] - if (verifyTextPresent("Type of Account:", false)): null

25-09-2024T13:57:24 - [MESSAGE][PASSED] - Text 'Type of Account:' is present on page 

25-09-2024T13:57:24 - [TEST_STEP][PASSED] - isRequiredTextPresent = true: null

25-09-2024T13:57:24 - [TEST_STEP][PASSED] - println(isRequiredTextPresent): null

25-09-2024T13:57:24 - [TEST_STEP][PASSED] - if (isRequiredTextPresent): null

25-09-2024T13:57:24 - [TEST_STEP][PASSED] - if (verifyTextPresent("Address Line 1:", false)): null

25-09-2024T13:57:24 - [MESSAGE][PASSED] - Text 'Address Line 1:' is present on page 

25-09-2024T13:57:24 - [TEST_STEP][PASSED] - isRequiredTextPresent = true: null

25-09-2024T13:57:24 - [TEST_STEP][PASSED] - println(isRequiredTextPresent): null

25-09-2024T13:57:24 - [TEST_STEP][PASSED] - if (isRequiredTextPresent): null

25-09-2024T13:57:24 - [TEST_STEP][PASSED] - if (verifyTextPresent("Address Line 2:", false)): null

25-09-2024T13:57:24 - [MESSAGE][PASSED] - Text 'Address Line 2:' is present on page 

25-09-2024T13:57:24 - [TEST_STEP][PASSED] - isRequiredTextPresent = true: null

25-09-2024T13:57:24 - [TEST_STEP][PASSED] - println(isRequiredTextPresent): null

25-09-2024T13:57:24 - [TEST_STEP][PASSED] - if (isRequiredTextPresent): null

25-09-2024T13:57:24 - [TEST_STEP][PASSED] - if (verifyTextPresent("Country:", false)): null

25-09-2024T13:57:24 - [MESSAGE][PASSED] - Text 'Country:' is present on page 

25-09-2024T13:57:24 - [TEST_STEP][PASSED] - isRequiredTextPresent = true: null

25-09-2024T13:57:24 - [TEST_STEP][PASSED] - println(isRequiredTextPresent): null

25-09-2024T13:57:24 - [TEST_STEP][PASSED] - if (isRequiredTextPresent): null

25-09-2024T13:57:24 - [TEST_STEP][PASSED] - if (verifyTextPresent("City:", false)): null

25-09-2024T13:57:25 - [MESSAGE][PASSED] - Text 'City:' is present on page 

25-09-2024T13:57:25 - [TEST_STEP][PASSED] - isRequiredTextPresent = true: null

25-09-2024T13:57:25 - [TEST_STEP][PASSED] - println(isRequiredTextPresent): null

25-09-2024T13:57:25 - [TEST_STEP][PASSED] - if (isRequiredTextPresent): null

25-09-2024T13:57:25 - [TEST_STEP][PASSED] - if (verifyTextPresent("State:", false)): null

25-09-2024T13:57:25 - [MESSAGE][PASSED] - Text 'State:' is present on page 

25-09-2024T13:57:25 - [TEST_STEP][PASSED] - isRequiredTextPresent = true: null

25-09-2024T13:57:25 - [TEST_STEP][PASSED] - println(isRequiredTextPresent): null

25-09-2024T13:57:25 - [TEST_STEP][PASSED] - if (isRequiredTextPresent): null

25-09-2024T13:57:25 - [TEST_STEP][PASSED] - if (verifyTextPresent("ZIP Code:", false)): null

25-09-2024T13:57:25 - [MESSAGE][PASSED] - Text 'ZIP Code:' is present on page 

25-09-2024T13:57:25 - [TEST_STEP][PASSED] - isRequiredTextPresent = true: null

25-09-2024T13:57:25 - [TEST_STEP][PASSED] - println(isRequiredTextPresent): null

25-09-2024T13:57:25 - [TEST_STEP][PASSED] - if (isRequiredTextPresent): null

25-09-2024T13:57:25 - [TEST_STEP][PASSED] - if (verifyTextPresent("Email Address:", false)): null

25-09-2024T13:57:25 - [MESSAGE][PASSED] - Text 'Email Address:' is present on page 

25-09-2024T13:57:25 - [TEST_STEP][PASSED] - isRequiredTextPresent = true: null

25-09-2024T13:57:25 - [TEST_STEP][PASSED] - println(isRequiredTextPresent): null

25-09-2024T13:57:25 - [TEST_STEP][PASSED] - if (isRequiredTextPresent): null

25-09-2024T13:57:25 - [TEST_STEP][PASSED] - if (verifyTextPresent("Payment Plan Information:", false)): null

25-09-2024T13:57:26 - [MESSAGE][PASSED] - Text 'Payment Plan Information:' is present on page 

25-09-2024T13:57:26 - [TEST_STEP][PASSED] - isRequiredTextPresent = true: null

25-09-2024T13:57:26 - [TEST_STEP][PASSED] - println(isRequiredTextPresent): null

25-09-2024T13:57:26 - [TEST_STEP][PASSED] - if (isRequiredTextPresent): null

25-09-2024T13:57:26 - [TEST_STEP][PASSED] - if (verifyTextPresent("Payment Plan Type:", false)): null

25-09-2024T13:57:26 - [MESSAGE][PASSED] - Text 'Payment Plan Type:' is present on page 

25-09-2024T13:57:26 - [TEST_STEP][PASSED] - isRequiredTextPresent = true: null

25-09-2024T13:57:26 - [TEST_STEP][PASSED] - println(isRequiredTextPresent): null

25-09-2024T13:57:26 - [TEST_STEP][PASSED] - if (isRequiredTextPresent): null

25-09-2024T13:57:26 - [TEST_STEP][PASSED] - if (verifyTextPresent("Payment Plan Status:", false)): null

25-09-2024T13:57:26 - [MESSAGE][PASSED] - Text 'Payment Plan Status:' is present on page 

25-09-2024T13:57:26 - [TEST_STEP][PASSED] - isRequiredTextPresent = true: null

25-09-2024T13:57:26 - [TEST_STEP][PASSED] - println(isRequiredTextPresent): null

25-09-2024T13:57:26 - [TEST_STEP][PASSED] - if (isRequiredTextPresent): null

25-09-2024T13:57:26 - [TEST_STEP][PASSED] - if (verifyTextPresent("Payment Plan ID:", false)): null

25-09-2024T13:57:27 - [MESSAGE][PASSED] - Text 'Payment Plan ID:' is present on page 

25-09-2024T13:57:27 - [TEST_STEP][PASSED] - isRequiredTextPresent = true: null

25-09-2024T13:57:27 - [TEST_STEP][PASSED] - println(isRequiredTextPresent): null

25-09-2024T13:57:27 - [TEST_STEP][PASSED] - if (isRequiredTextPresent): null

25-09-2024T13:57:27 - [TEST_STEP][PASSED] - if (verifyTextPresent("Payment Plan Start Date:", false)): null

25-09-2024T13:57:27 - [MESSAGE][PASSED] - Text 'Payment Plan Start Date:' is present on page 

25-09-2024T13:57:27 - [TEST_STEP][PASSED] - isRequiredTextPresent = true: null

25-09-2024T13:57:27 - [TEST_STEP][PASSED] - println(isRequiredTextPresent): null

25-09-2024T13:57:27 - [TEST_STEP][PASSED] - if (isRequiredTextPresent): null

25-09-2024T13:57:27 - [TEST_STEP][PASSED] - if (verifyTextPresent("Amount:", false)): null

25-09-2024T13:57:27 - [MESSAGE][PASSED] - Text 'Amount:' is present on page 

25-09-2024T13:57:27 - [TEST_STEP][PASSED] - isRequiredTextPresent = true: null

25-09-2024T13:57:27 - [TEST_STEP][PASSED] - println(isRequiredTextPresent): null

25-09-2024T13:57:27 - [TEST_STEP][PASSED] - if (isRequiredTextPresent == true): pages.WriteExcel.demoKey is PASSED

25-09-2024T13:57:27 - [TEST_STEP][PASSED] - println("All the relevant texts are present on Receipt Page"): null

25-09-2024T13:57:27 - [TEST_STEP][PASSED] - markPassed("All the relevant texts are present on Receipt Page"): All the relevant texts are present on Receipt Page

25-09-2024T13:57:27 - [MESSAGE][PASSED] - All the relevant texts are present on Receipt Page

25-09-2024T13:57:27 - [TEST_STEP][PASSED] - resText = "Pass": null

25-09-2024T13:57:27 - [TEST_STEP][PASSED] - pages.WriteExcel.demoKey(resText, datText, resColumn, datCloumn, fileLoc, nameSheet, row): pages.WriteExcel.demoKey is PASSED

25-09-2024T13:57:27 - [MESSAGE][PASSED] - pages.WriteExcel.demoKey is PASSED

25-09-2024T13:57:27 - [TEST_STEP][PASSED] - closeBrowser(): Browser is closed

25-09-2024T13:57:28 - [MESSAGE][PASSED] - Browser is closed]]></system-out>
         <system-err><![CDATA[]]></system-err>
      </testcase>
      <testcase name="Test Cases/IntegratedWeb/IWP25/Payments/VerifyConfirmPageLabelsCC" time="62.076" classname="Test Cases/IntegratedWeb/IWP25/Payments/VerifyConfirmPageLabelsCC" status="FAILED">
         <failure type="FAILED" message="Test Cases/IntegratedWeb/IWP25/Payments/VerifyConfirmPageLabelsCC FAILED.&#xa;Reason:&#xa;com.kms.katalon.core.exception.StepFailedException: Text 'Confirm Payment Information' is not present on page  (Root cause: com.kms.katalon.core.exception.StepFailedException: Text 'Confirm Payment Information' is not present on page &#xa;	at com.kms.katalon.core.webui.keyword.internal.WebUIKeywordMain.stepFailed(WebUIKeywordMain.groovy:64)&#xa;	at com.kms.katalon.core.webui.keyword.builtin.VerifyTextPresentKeyword$_verifyTextPresent_closure1.doCall(VerifyTextPresentKeyword.groovy:79)&#xa;	at com.kms.katalon.core.webui.keyword.builtin.VerifyTextPresentKeyword$_verifyTextPresent_closure1.call(VerifyTextPresentKeyword.groovy)&#xa;	at com.kms.katalon.core.webui.keyword.internal.WebUIKeywordMain.runKeyword(WebUIKeywordMain.groovy:20)&#xa;	at com.kms.katalon.core.webui.keyword.builtin.VerifyTextPresentKeyword.verifyTextPresent(VerifyTextPresentKeyword.groovy:83)&#xa;	at com.kms.katalon.core.webui.keyword.builtin.VerifyTextPresentKeyword.execute(VerifyTextPresentKeyword.groovy:68)&#xa;	at com.kms.katalon.core.keyword.internal.KeywordExecutor.executeKeywordForPlatform(KeywordExecutor.groovy:74)&#xa;	at com.kms.katalon.core.webui.keyword.WebUiBuiltInKeywords.verifyTextPresent(WebUiBuiltInKeywords.groovy:1762)&#xa;	at VerifyConfirmPageLabelsCC.run(VerifyConfirmPageLabelsCC:97)&#xa;	at com.kms.katalon.core.main.ScriptEngine.run(ScriptEngine.java:194)&#xa;	at com.kms.katalon.core.main.ScriptEngine.runScriptAsRawText(ScriptEngine.java:119)&#xa;	at com.kms.katalon.core.main.TestCaseExecutor.runScript(TestCaseExecutor.java:448)&#xa;	at com.kms.katalon.core.main.TestCaseExecutor.doExecute(TestCaseExecutor.java:439)&#xa;	at com.kms.katalon.core.main.TestCaseExecutor.processExecutionPhase(TestCaseExecutor.java:418)&#xa;	at com.kms.katalon.core.main.TestCaseExecutor.accessMainPhase(TestCaseExecutor.java:410)&#xa;	at com.kms.katalon.core.main.TestCaseExecutor.execute(TestCaseExecutor.java:285)&#xa;	at com.kms.katalon.core.common.CommonExecutor.accessTestCaseMainPhase(CommonExecutor.java:65)&#xa;	at com.kms.katalon.core.main.TestSuiteExecutor.accessTestSuiteMainPhase(TestSuiteExecutor.java:150)&#xa;	at com.kms.katalon.core.main.TestSuiteExecutor.execute(TestSuiteExecutor.java:106)&#xa;	at com.kms.katalon.core.main.TestCaseMain.startTestSuite(TestCaseMain.java:180)&#xa;	at TempTestSuite1727249381322.run(TempTestSuite1727249381322.groovy:35)&#xa;	at java.base/jdk.internal.reflect.NativeMethodAccessorImpl.invoke0(Native Method)&#xa;	at java.base/jdk.internal.reflect.NativeMethodAccessorImpl.invoke(NativeMethodAccessorImpl.java:77)&#xa;	at java.base/jdk.internal.reflect.DelegatingMethodAccessorImpl.invoke(DelegatingMethodAccessorImpl.java:43)&#xa;)&#xa;	at com.kms.katalon.core.keyword.internal.KeywordMain.stepFailed(KeywordMain.groovy:39)&#xa;	at com.kms.katalon.core.webui.keyword.internal.WebUIKeywordMain.stepFailed(WebUIKeywordMain.groovy:64)&#xa;	at com.kms.katalon.core.webui.keyword.builtin.VerifyTextPresentKeyword$_verifyTextPresent_closure1.doCall(VerifyTextPresentKeyword.groovy:79)&#xa;	at com.kms.katalon.core.webui.keyword.builtin.VerifyTextPresentKeyword$_verifyTextPresent_closure1.call(VerifyTextPresentKeyword.groovy)&#xa;	at com.kms.katalon.core.webui.keyword.internal.WebUIKeywordMain.runKeyword(WebUIKeywordMain.groovy:20)&#xa;	at com.kms.katalon.core.webui.keyword.builtin.VerifyTextPresentKeyword.verifyTextPresent(VerifyTextPresentKeyword.groovy:83)&#xa;	at com.kms.katalon.core.webui.keyword.builtin.VerifyTextPresentKeyword.execute(VerifyTextPresentKeyword.groovy:68)&#xa;	at com.kms.katalon.core.keyword.internal.KeywordExecutor.executeKeywordForPlatform(KeywordExecutor.groovy:74)&#xa;	at com.kms.katalon.core.webui.keyword.WebUiBuiltInKeywords.verifyTextPresent(WebUiBuiltInKeywords.groovy:1762)&#xa;	at VerifyConfirmPageLabelsCC.run(VerifyConfirmPageLabelsCC:97)&#xa;	at com.kms.katalon.core.main.ScriptEngine.run(ScriptEngine.java:194)&#xa;	at com.kms.katalon.core.main.ScriptEngine.runScriptAsRawText(ScriptEngine.java:119)&#xa;	at com.kms.katalon.core.main.TestCaseExecutor.runScript(TestCaseExecutor.java:448)&#xa;	at com.kms.katalon.core.main.TestCaseExecutor.doExecute(TestCaseExecutor.java:439)&#xa;	at com.kms.katalon.core.main.TestCaseExecutor.processExecutionPhase(TestCaseExecutor.java:418)&#xa;	at com.kms.katalon.core.main.TestCaseExecutor.accessMainPhase(TestCaseExecutor.java:410)&#xa;	at com.kms.katalon.core.main.TestCaseExecutor.execute(TestCaseExecutor.java:285)&#xa;	at com.kms.katalon.core.common.CommonExecutor.accessTestCaseMainPhase(CommonExecutor.java:65)&#xa;	at com.kms.katalon.core.main.TestSuiteExecutor.accessTestSuiteMainPhase(TestSuiteExecutor.java:150)&#xa;	at com.kms.katalon.core.main.TestSuiteExecutor.execute(TestSuiteExecutor.java:106)&#xa;	at com.kms.katalon.core.main.TestCaseMain.startTestSuite(TestCaseMain.java:180)&#xa;	at TempTestSuite1727249381322.run(TempTestSuite1727249381322.groovy:35)&#xa;	at java.base/jdk.internal.reflect.NativeMethodAccessorImpl.invoke0(Native Method)&#xa;	at java.base/jdk.internal.reflect.NativeMethodAccessorImpl.invoke(NativeMethodAccessorImpl.java:77)&#xa;	at java.base/jdk.internal.reflect.DelegatingMethodAccessorImpl.invoke(DelegatingMethodAccessorImpl.java:43)&#xa;Caused by: com.kms.katalon.core.exception.StepFailedException: Text 'Confirm Payment Information' is not present on page &#xa;	... 24 more&#xa;"/>
         <system-out><![CDATA[25-09-2024T13:57:28 - [TEST_CASE][FAILED] - Test Cases/IntegratedWeb/IWP25/Payments/VerifyConfirmPageLabelsCC: Test Cases/IntegratedWeb/IWP25/Payments/VerifyConfirmPageLabelsCC FAILED.
Reason:
com.kms.katalon.core.exception.StepFailedException: Text 'Confirm Payment Information' is not present on page  (Root cause: com.kms.katalon.core.exception.StepFailedException: Text 'Confirm Payment Information' is not present on page 
	at com.kms.katalon.core.webui.keyword.internal.WebUIKeywordMain.stepFailed(WebUIKeywordMain.groovy:64)
	at com.kms.katalon.core.webui.keyword.builtin.VerifyTextPresentKeyword$_verifyTextPresent_closure1.doCall(VerifyTextPresentKeyword.groovy:79)
	at com.kms.katalon.core.webui.keyword.builtin.VerifyTextPresentKeyword$_verifyTextPresent_closure1.call(VerifyTextPresentKeyword.groovy)
	at com.kms.katalon.core.webui.keyword.internal.WebUIKeywordMain.runKeyword(WebUIKeywordMain.groovy:20)
	at com.kms.katalon.core.webui.keyword.builtin.VerifyTextPresentKeyword.verifyTextPresent(VerifyTextPresentKeyword.groovy:83)
	at com.kms.katalon.core.webui.keyword.builtin.VerifyTextPresentKeyword.execute(VerifyTextPresentKeyword.groovy:68)
	at com.kms.katalon.core.keyword.internal.KeywordExecutor.executeKeywordForPlatform(KeywordExecutor.groovy:74)
	at com.kms.katalon.core.webui.keyword.WebUiBuiltInKeywords.verifyTextPresent(WebUiBuiltInKeywords.groovy:1762)
	at VerifyConfirmPageLabelsCC.run(VerifyConfirmPageLabelsCC:97)
	at com.kms.katalon.core.main.ScriptEngine.run(ScriptEngine.java:194)
	at com.kms.katalon.core.main.ScriptEngine.runScriptAsRawText(ScriptEngine.java:119)
	at com.kms.katalon.core.main.TestCaseExecutor.runScript(TestCaseExecutor.java:448)
	at com.kms.katalon.core.main.TestCaseExecutor.doExecute(TestCaseExecutor.java:439)
	at com.kms.katalon.core.main.TestCaseExecutor.processExecutionPhase(TestCaseExecutor.java:418)
	at com.kms.katalon.core.main.TestCaseExecutor.accessMainPhase(TestCaseExecutor.java:410)
	at com.kms.katalon.core.main.TestCaseExecutor.execute(TestCaseExecutor.java:285)
	at com.kms.katalon.core.common.CommonExecutor.accessTestCaseMainPhase(CommonExecutor.java:65)
	at com.kms.katalon.core.main.TestSuiteExecutor.accessTestSuiteMainPhase(TestSuiteExecutor.java:150)
	at com.kms.katalon.core.main.TestSuiteExecutor.execute(TestSuiteExecutor.java:106)
	at com.kms.katalon.core.main.TestCaseMain.startTestSuite(TestCaseMain.java:180)
	at TempTestSuite1727249381322.run(TempTestSuite1727249381322.groovy:35)
	at java.base/jdk.internal.reflect.NativeMethodAccessorImpl.invoke0(Native Method)
	at java.base/jdk.internal.reflect.NativeMethodAccessorImpl.invoke(NativeMethodAccessorImpl.java:77)
	at java.base/jdk.internal.reflect.DelegatingMethodAccessorImpl.invoke(DelegatingMethodAccessorImpl.java:43)
)
	at com.kms.katalon.core.keyword.internal.KeywordMain.stepFailed(KeywordMain.groovy:39)
	at com.kms.katalon.core.webui.keyword.internal.WebUIKeywordMain.stepFailed(WebUIKeywordMain.groovy:64)
	at com.kms.katalon.core.webui.keyword.builtin.VerifyTextPresentKeyword$_verifyTextPresent_closure1.doCall(VerifyTextPresentKeyword.groovy:79)
	at com.kms.katalon.core.webui.keyword.builtin.VerifyTextPresentKeyword$_verifyTextPresent_closure1.call(VerifyTextPresentKeyword.groovy)
	at com.kms.katalon.core.webui.keyword.internal.WebUIKeywordMain.runKeyword(WebUIKeywordMain.groovy:20)
	at com.kms.katalon.core.webui.keyword.builtin.VerifyTextPresentKeyword.verifyTextPresent(VerifyTextPresentKeyword.groovy:83)
	at com.kms.katalon.core.webui.keyword.builtin.VerifyTextPresentKeyword.execute(VerifyTextPresentKeyword.groovy:68)
	at com.kms.katalon.core.keyword.internal.KeywordExecutor.executeKeywordForPlatform(KeywordExecutor.groovy:74)
	at com.kms.katalon.core.webui.keyword.WebUiBuiltInKeywords.verifyTextPresent(WebUiBuiltInKeywords.groovy:1762)
	at VerifyConfirmPageLabelsCC.run(VerifyConfirmPageLabelsCC:97)
	at com.kms.katalon.core.main.ScriptEngine.run(ScriptEngine.java:194)
	at com.kms.katalon.core.main.ScriptEngine.runScriptAsRawText(ScriptEngine.java:119)
	at com.kms.katalon.core.main.TestCaseExecutor.runScript(TestCaseExecutor.java:448)
	at com.kms.katalon.core.main.TestCaseExecutor.doExecute(TestCaseExecutor.java:439)
	at com.kms.katalon.core.main.TestCaseExecutor.processExecutionPhase(TestCaseExecutor.java:418)
	at com.kms.katalon.core.main.TestCaseExecutor.accessMainPhase(TestCaseExecutor.java:410)
	at com.kms.katalon.core.main.TestCaseExecutor.execute(TestCaseExecutor.java:285)
	at com.kms.katalon.core.common.CommonExecutor.accessTestCaseMainPhase(CommonExecutor.java:65)
	at com.kms.katalon.core.main.TestSuiteExecutor.accessTestSuiteMainPhase(TestSuiteExecutor.java:150)
	at com.kms.katalon.core.main.TestSuiteExecutor.execute(TestSuiteExecutor.java:106)
	at com.kms.katalon.core.main.TestCaseMain.startTestSuite(TestCaseMain.java:180)
	at TempTestSuite1727249381322.run(TempTestSuite1727249381322.groovy:35)
	at java.base/jdk.internal.reflect.NativeMethodAccessorImpl.invoke0(Native Method)
	at java.base/jdk.internal.reflect.NativeMethodAccessorImpl.invoke(NativeMethodAccessorImpl.java:77)
	at java.base/jdk.internal.reflect.DelegatingMethodAccessorImpl.invoke(DelegatingMethodAccessorImpl.java:43)
Caused by: com.kms.katalon.core.exception.StepFailedException: Text 'Confirm Payment Information' is not present on page 
	... 24 more


25-09-2024T13:57:28 - [TEST_STEP][PASSED] - resText = "Fail": null

25-09-2024T13:57:28 - [TEST_STEP][PASSED] - resColumn = "Result": null

25-09-2024T13:57:28 - [TEST_STEP][PASSED] - datCloumn = "Date": null

25-09-2024T13:57:28 - [TEST_STEP][PASSED] - fileLoc = "KatalonData/IWPTestData/VRelay25Payments.xlsx": null

25-09-2024T13:57:28 - [TEST_STEP][PASSED] - numOfRows = <not implemented yet for class: org.codehaus.groovy.ast.expr.EmptyExpression>: null

25-09-2024T13:57:28 - [TEST_STEP][PASSED] - dataFile = <not implemented yet for class: org.codehaus.groovy.ast.expr.EmptyExpression>: null

25-09-2024T13:57:28 - [TEST_STEP][PASSED] - nameSheet = <not implemented yet for class: org.codehaus.groovy.ast.expr.EmptyExpression>: null

25-09-2024T13:57:28 - [TEST_STEP][PASSED] - dataFileEmulator = <not implemented yet for class: org.codehaus.groovy.ast.expr.EmptyExpression>: null

25-09-2024T13:57:28 - [TEST_STEP][PASSED] - isRequiredTextPresent = false: null

25-09-2024T13:57:28 - [TEST_STEP][PASSED] - nameSheet = "VerifyConfirmPageLabelsCredit": null

25-09-2024T13:57:28 - [TEST_STEP][PASSED] - dataFile = "IWPTestData/IWP25VerifyConfirmPageLabelsCC": null

25-09-2024T13:57:28 - [TEST_STEP][PASSED] - dataFileEmulator = "IWPTestData/EmulatorData": null

25-09-2024T13:57:28 - [TEST_STEP][PASSED] - numOfRows = findTestData(dataFile).getRowNumbers(): null

25-09-2024T13:57:28 - [TEST_STEP][PASSED] - println("Number of Records: " + numOfRows): null

25-09-2024T13:57:28 - [TEST_STEP][FAILED] - for ([row = 1, row <= numOfRows, (row++)]): null

25-09-2024T13:57:28 - [TEST_STEP][PASSED] - ExecuteTC = findTestData(dataFile).getValue("Execute", row): null

25-09-2024T13:57:28 - [TEST_STEP][PASSED] - out.println("Value of Execute is : " + ExecuteTC): null

25-09-2024T13:57:28 - [TEST_STEP][FAILED] - if (ExecuteTC.equalsIgnoreCase("Y")): null

25-09-2024T13:57:28 - [TEST_STEP][PASSED] - out.println("Begin Record Number: " + row): null

25-09-2024T13:57:28 - [TEST_STEP][PASSED] - today = new java.util.Date(): null

25-09-2024T13:57:28 - [TEST_STEP][PASSED] - println(today): null

25-09-2024T13:57:28 - [TEST_STEP][PASSED] - datText = today: null

25-09-2024T13:57:28 - [TEST_STEP][PASSED] - EmulatorDataKey = findTestData(dataFile).getValue("EmulatorData", row): null

25-09-2024T13:57:28 - [TEST_STEP][PASSED] - out.println("Value of Emulator Key is : " + EmulatorDataKey): null

25-09-2024T13:57:28 - [TEST_STEP][PASSED] - iwpPages.emulatorIWP30.setDataEmulator_DD(EmulatorDataKey): iwpPages.emulatorIWP30.setDataEmulator_DD is PASSED

25-09-2024T13:57:29 - [MESSAGE][INFO] - Starting 'Edge Chromium' driver

25-09-2024T13:57:29 - [MESSAGE][INFO] - User set preference: ['acceptInsecureCerts', 'true']

25-09-2024T13:57:31 - [MESSAGE][INFO] - Action delay is set to 0 milliseconds

25-09-2024T13:57:34 - [MESSAGE][PASSED] - Browser is opened with url: 'https://qa.velocitypayment.com/agency/config.do?action=editor&message_version=2_5'

25-09-2024T13:57:34 - [MESSAGE][PASSED] - Current window maximized

25-09-2024T13:57:35 - [MESSAGE][PASSED] - All options with value '2.5' are selected in object 'Object Repository/IWP30/Page_VRelay30Emulator/MV'  using regular expression

25-09-2024T13:57:36 - [MESSAGE][PASSED] - Text '10.50' is set on object 'Object Repository/IWP30/Page_VRelay30Emulator/Amount'

25-09-2024T13:57:36 - [MESSAGE][PASSED] - Text 'aUenoE8qkfH9' is set on object 'Object Repository/IWP30/Page_VRelay30Emulator/CAN'

25-09-2024T13:57:37 - [MESSAGE][PASSED] - Text 'PayNow' is set on object 'Object Repository/IWP30/Page_VRelay30Emulator/Action'

25-09-2024T13:57:38 - [MESSAGE][PASSED] - Text 'en_US' is set on object 'Object Repository/IWP30/Page_VRelay30Emulator/Lang'

25-09-2024T13:57:38 - [MESSAGE][PASSED] - Text '' is set on object 'Object Repository/IWP30/Page_VRelay30Emulator/Fname'

25-09-2024T13:57:39 - [MESSAGE][PASSED] - Text '' is set on object 'Object Repository/IWP30/Page_VRelay30Emulator/Lname'

25-09-2024T13:57:39 - [MESSAGE][PASSED] - Text '' is set on object 'Object Repository/IWP30/Page_VRelay30Emulator/AL1'

25-09-2024T13:57:40 - [MESSAGE][PASSED] - Text '' is set on object 'Object Repository/IWP30/Page_VRelay30Emulator/AL2'

25-09-2024T13:57:40 - [MESSAGE][PASSED] - Text '' is set on object 'Object Repository/IWP30/Page_VRelay30Emulator/Country'

25-09-2024T13:57:41 - [MESSAGE][PASSED] - Text '' is set on object 'Object Repository/IWP30/Page_VRelay30Emulator/City'

25-09-2024T13:57:42 - [MESSAGE][PASSED] - Text '' is set on object 'Object Repository/IWP30/Page_VRelay30Emulator/State'

25-09-2024T13:57:42 - [MESSAGE][PASSED] - Text '' is set on object 'Object Repository/IWP30/Page_VRelay30Emulator/ZIP'

25-09-2024T13:57:43 - [MESSAGE][PASSED] - Text '' is set on object 'Object Repository/IWP30/Page_VRelay30Emulator/Order'

25-09-2024T13:57:43 - [MESSAGE][PASSED] - Text '' is set on object 'Object Repository/IWP30/Page_VRelay30Emulator/Company'

25-09-2024T13:57:44 - [MESSAGE][PASSED] - Text '' is set on object 'Object Repository/IWP30/Page_VRelay30Emulator/Email'

25-09-2024T13:57:44 - [MESSAGE][PASSED] - Text '' is set on object 'Object Repository/IWP30/Page_VRelay30Emulator/UDF1'

25-09-2024T13:57:45 - [MESSAGE][PASSED] - Text '' is set on object 'Object Repository/IWP30/Page_VRelay30Emulator/UDF2'

25-09-2024T13:57:46 - [MESSAGE][PASSED] - Text '' is set on object 'Object Repository/IWP30/Page_VRelay30Emulator/UDF3'

25-09-2024T13:57:46 - [MESSAGE][PASSED] - Text 'udf data 4' is set on object 'Object Repository/IWP30/Page_VRelay30Emulator/UDF4'

25-09-2024T13:57:47 - [MESSAGE][PASSED] - Text 'udf data 5' is set on object 'Object Repository/IWP30/Page_VRelay30Emulator/UDF5'

25-09-2024T13:57:47 - [MESSAGE][PASSED] - Text '' is set on object 'Object Repository/IWP30/Page_VRelay30Emulator/UDF6'

25-09-2024T13:57:48 - [MESSAGE][PASSED] - Text '' is set on object 'Object Repository/IWP30/Page_VRelay30Emulator/UDF7'

25-09-2024T13:57:48 - [MESSAGE][PASSED] - Text '' is set on object 'Object Repository/IWP30/Page_VRelay30Emulator/UDF8'

25-09-2024T13:57:49 - [MESSAGE][PASSED] - Text 'udf data 9' is set on object 'Object Repository/IWP30/Page_VRelay30Emulator/UDF9'

25-09-2024T13:57:50 - [MESSAGE][PASSED] - Text 'udf data 10' is set on object 'Object Repository/IWP30/Page_VRelay30Emulator/UDF10'

25-09-2024T13:57:51 - [MESSAGE][PASSED] - Object: 'Object Repository/IWP30/Page_VRelay30Emulator/Submit' is clicked on

25-09-2024T13:57:56 - [MESSAGE][PASSED] - Browser is closed

25-09-2024T13:58:00 - [MESSAGE][PASSED] - iwpPages.emulatorIWP30.setDataEmulator_DD is PASSED

25-09-2024T13:58:00 - [TEST_STEP][PASSED] - testHarnessURL = urlTestHarness: null

25-09-2024T13:58:00 - [TEST_STEP][PASSED] - openBrowser(testHarnessURL): Browser is opened with url: 'https://dev-algorithm.govolution.com/vrelaytest/QA/version_2_2/vrelaytest.html'

25-09-2024T13:58:00 - [MESSAGE][INFO] - Starting 'Edge Chromium' driver

25-09-2024T13:58:00 - [MESSAGE][INFO] - User set preference: ['acceptInsecureCerts', 'true']

25-09-2024T13:58:02 - [MESSAGE][INFO] - Action delay is set to 0 milliseconds

25-09-2024T13:58:06 - [MESSAGE][PASSED] - Browser is opened with url: 'https://dev-algorithm.govolution.com/vrelaytest/QA/version_2_2/vrelaytest.html'

25-09-2024T13:58:06 - [TEST_STEP][PASSED] - maximizeWindow(): Current window maximized

25-09-2024T13:58:06 - [MESSAGE][PASSED] - Current window maximized

25-09-2024T13:58:06 - [TEST_STEP][PASSED] - iwpPages.TestHarnessPage.setDataMethod(row, dataFile): iwpPages.TestHarnessPage.setDataMethod is PASSED

25-09-2024T13:58:07 - [MESSAGE][PASSED] - Object 'Object Repository/IWP30/Page_QATestHarness/RemittanceID' is present

25-09-2024T13:58:07 - [MESSAGE][PASSED] - Text '638' is set on object 'Object Repository/IWP30/Page_QATestHarness/ApplicationID'

25-09-2024T13:58:08 - [MESSAGE][PASSED] - Text '2.5' is set on object 'Object Repository/IWP30/Page_QATestHarness/MessageVersion'

25-09-2024T13:58:08 - [MESSAGE][PASSED] - Text 'EXr93VkmUHCW' is set on object 'Object Repository/IWP30/Page_QATestHarness/RemittanceID'

25-09-2024T13:58:12 - [MESSAGE][PASSED] - Object: 'Object Repository/IWP30/Page_QATestHarness/SubmitButton' is clicked on

25-09-2024T13:58:12 - [MESSAGE][PASSED] - iwpPages.TestHarnessPage.setDataMethod is PASSED

25-09-2024T13:58:12 - [TEST_STEP][PASSED] - click(findTestObject("Object Repository/IWP30/Page_SelectPaymentMethod/PayByCreditCard")): Object: 'Object Repository/IWP30/Page_SelectPaymentMethod/PayByCreditCard' is clicked on

25-09-2024T13:58:12 - [MESSAGE][PASSED] - Object: 'Object Repository/IWP30/Page_SelectPaymentMethod/PayByCreditCard' is clicked on

25-09-2024T13:58:12 - [TEST_STEP][PASSED] - click(findTestObject("Object Repository/IWP30/Page_SelectPaymentMethod/MakePaymentButton")): Object: 'Object Repository/IWP30/Page_SelectPaymentMethod/MakePaymentButton' is clicked on

25-09-2024T13:58:14 - [MESSAGE][PASSED] - Object: 'Object Repository/IWP30/Page_SelectPaymentMethod/MakePaymentButton' is clicked on

25-09-2024T13:58:14 - [TEST_STEP][PASSED] - iwpPages.ccPaymentEntryPage.setDataCCPM(row, dataFile): iwpPages.ccPaymentEntryPage.setDataCCPM is PASSED

25-09-2024T13:58:15 - [MESSAGE][PASSED] - Object 'Object Repository/IWP30/Page_CCPaymentEntry/Name' is present

25-09-2024T13:58:15 - [MESSAGE][PASSED] - Text '10.50' is set on object 'Object Repository/IWP30/Page_CCPaymentEntry/Amount'

25-09-2024T13:58:16 - [MESSAGE][PASSED] - Text 'udf data 2' is set on object 'Object Repository/IWP30/Page_CCPaymentEntry/UserDefined2'

25-09-2024T13:58:17 - [MESSAGE][PASSED] - Text 'udf data 3' is set on object 'Object Repository/IWP30/Page_CCPaymentEntry/UserDefined3'

25-09-2024T13:58:17 - [MESSAGE][PASSED] - All options with label 'Orange' are selected in object 'Object Repository/IWP30/Page_CCPaymentEntry/UserDefined7' 

25-09-2024T13:58:18 - [MESSAGE][PASSED] - All options with label 'Soccer' are selected in object 'Object Repository/IWP30/Page_CCPaymentEntry/UserDefined8' 

25-09-2024T13:58:18 - [MESSAGE][PASSED] - Object 'Object Repository/IWP30/Page_CCPaymentEntry/Name' is present

25-09-2024T13:58:19 - [MESSAGE][PASSED] - Text 'Kavita Ranawati' is set on object 'Object Repository/IWP30/Page_CCPaymentEntry/Name'

25-09-2024T13:58:19 - [MESSAGE][PASSED] - Object 'Object Repository/IWP30/Page_CCPaymentEntry/CardNumber' is present

25-09-2024T13:58:20 - [MESSAGE][PASSED] - Text '4111111111111111' is set on object 'Object Repository/IWP30/Page_CCPaymentEntry/CardNumber'

25-09-2024T13:58:20 - [MESSAGE][PASSED] - Text '123' is set on object 'Object Repository/IWP30/Page_CCPaymentEntry/SPC'

25-09-2024T13:58:21 - [MESSAGE][PASSED] - Object 'Object Repository/IWP30/Page_CCPaymentEntry/Month' is present

25-09-2024T13:58:22 - [MESSAGE][PASSED] - All options with label '09' are selected in object 'Object Repository/IWP30/Page_CCPaymentEntry/Month' 

25-09-2024T13:58:22 - [MESSAGE][PASSED] - Object 'Object Repository/IWP30/Page_CCPaymentEntry/Year' is present

25-09-2024T13:58:23 - [MESSAGE][PASSED] - All options with label '2028' are selected in object 'Object Repository/IWP30/Page_CCPaymentEntry/Year' 

25-09-2024T13:58:24 - [MESSAGE][PASSED] - Text '365 Main Avenue' is set on object 'Object Repository/IWP30/Page_CCPaymentEntry/AL1'

25-09-2024T13:58:24 - [MESSAGE][PASSED] - Text '22201' is set on object 'Object Repository/IWP30/Page_CCPaymentEntry/ZIP'

25-09-2024T13:58:24 - [MESSAGE][PASSED] - Object 'Object Repository/IWP30/Page_CCPaymentEntry/EmailAddress' is present

25-09-2024T13:58:26 - [MESSAGE][PASSED] - Text 'iahmed@govolution.com' is set on object 'Object Repository/IWP30/Page_CCPaymentEntry/EmailAddress'

25-09-2024T13:58:26 - [MESSAGE][PASSED] - Object 'Object Repository/IWP30/Page_CCPaymentEntry/TermCondCheckBox' is present

25-09-2024T13:58:27 - [MESSAGE][PASSED] - Object 'Object Repository/IWP30/Page_CCPaymentEntry/TermCondCheckBox' is checked

25-09-2024T13:58:27 - [MESSAGE][PASSED] - Object 'Object Repository/IWP30/Page_CCPaymentEntry/ContinueButton' is present

25-09-2024T13:58:28 - [MESSAGE][PASSED] - Object: 'Object Repository/IWP30/Page_CCPaymentEntry/ContinueButton' is clicked on

25-09-2024T13:58:28 - [MESSAGE][PASSED] - iwpPages.ccPaymentEntryPage.setDataCCPM is PASSED

25-09-2024T13:58:28 - [TEST_STEP][PASSED] - if (verifyTextPresent("Make a Real Estate Payment", false)): null

25-09-2024T13:58:29 - [MESSAGE][PASSED] - Text 'Make a Real Estate Payment' is present on page 

25-09-2024T13:58:29 - [TEST_STEP][PASSED] - isRequiredTextPresent = true: null

25-09-2024T13:58:29 - [TEST_STEP][PASSED] - println(isRequiredTextPresent): null

25-09-2024T13:58:29 - [TEST_STEP][FAILED] - if (isRequiredTextPresent): null

25-09-2024T13:58:29 - [TEST_STEP][FAILED] - if (verifyTextPresent("Confirm Payment Information", false)): Text 'Confirm Payment Information' is not present on page  (Root cause: com.kms.katalon.core.exception.StepFailedException: Text 'Confirm Payment Information' is not present on page 
	at com.kms.katalon.core.webui.keyword.internal.WebUIKeywordMain.stepFailed(WebUIKeywordMain.groovy:64)
	at com.kms.katalon.core.webui.keyword.builtin.VerifyTextPresentKeyword$_verifyTextPresent_closure1.doCall(VerifyTextPresentKeyword.groovy:79)
	at com.kms.katalon.core.webui.keyword.builtin.VerifyTextPresentKeyword$_verifyTextPresent_closure1.call(VerifyTextPresentKeyword.groovy)
	at com.kms.katalon.core.webui.keyword.internal.WebUIKeywordMain.runKeyword(WebUIKeywordMain.groovy:20)
	at com.kms.katalon.core.webui.keyword.builtin.VerifyTextPresentKeyword.verifyTextPresent(VerifyTextPresentKeyword.groovy:83)
	at com.kms.katalon.core.webui.keyword.builtin.VerifyTextPresentKeyword.execute(VerifyTextPresentKeyword.groovy:68)
	at com.kms.katalon.core.keyword.internal.KeywordExecutor.executeKeywordForPlatform(KeywordExecutor.groovy:74)
	at com.kms.katalon.core.webui.keyword.WebUiBuiltInKeywords.verifyTextPresent(WebUiBuiltInKeywords.groovy:1762)
	at VerifyConfirmPageLabelsCC.run(VerifyConfirmPageLabelsCC:97)
	at com.kms.katalon.core.main.ScriptEngine.run(ScriptEngine.java:194)
	at com.kms.katalon.core.main.ScriptEngine.runScriptAsRawText(ScriptEngine.java:119)
	at com.kms.katalon.core.main.TestCaseExecutor.runScript(TestCaseExecutor.java:448)
	at com.kms.katalon.core.main.TestCaseExecutor.doExecute(TestCaseExecutor.java:439)
	at com.kms.katalon.core.main.TestCaseExecutor.processExecutionPhase(TestCaseExecutor.java:418)
	at com.kms.katalon.core.main.TestCaseExecutor.accessMainPhase(TestCaseExecutor.java:410)
	at com.kms.katalon.core.main.TestCaseExecutor.execute(TestCaseExecutor.java:285)
	at com.kms.katalon.core.common.CommonExecutor.accessTestCaseMainPhase(CommonExecutor.java:65)
	at com.kms.katalon.core.main.TestSuiteExecutor.accessTestSuiteMainPhase(TestSuiteExecutor.java:150)
	at com.kms.katalon.core.main.TestSuiteExecutor.execute(TestSuiteExecutor.java:106)
	at com.kms.katalon.core.main.TestCaseMain.startTestSuite(TestCaseMain.java:180)
	at TempTestSuite1727249381322.run(TempTestSuite1727249381322.groovy:35)
	at java.base/jdk.internal.reflect.NativeMethodAccessorImpl.invoke0(Native Method)
	at java.base/jdk.internal.reflect.NativeMethodAccessorImpl.invoke(NativeMethodAccessorImpl.java:77)
	at java.base/jdk.internal.reflect.DelegatingMethodAccessorImpl.invoke(DelegatingMethodAccessorImpl.java:43)
)

25-09-2024T13:58:29 - [MESSAGE][FAILED] - Text 'Confirm Payment Information' is not present on page  (Root cause: com.kms.katalon.core.exception.StepFailedException: Text 'Confirm Payment Information' is not present on page 
	at com.kms.katalon.core.webui.keyword.internal.WebUIKeywordMain.stepFailed(WebUIKeywordMain.groovy:64)
	at com.kms.katalon.core.webui.keyword.builtin.VerifyTextPresentKeyword$_verifyTextPresent_closure1.doCall(VerifyTextPresentKeyword.groovy:79)
	at com.kms.katalon.core.webui.keyword.builtin.VerifyTextPresentKeyword$_verifyTextPresent_closure1.call(VerifyTextPresentKeyword.groovy)
	at com.kms.katalon.core.webui.keyword.internal.WebUIKeywordMain.runKeyword(WebUIKeywordMain.groovy:20)
	at com.kms.katalon.core.webui.keyword.builtin.VerifyTextPresentKeyword.verifyTextPresent(VerifyTextPresentKeyword.groovy:83)
	at com.kms.katalon.core.webui.keyword.builtin.VerifyTextPresentKeyword.execute(VerifyTextPresentKeyword.groovy:68)
	at com.kms.katalon.core.keyword.internal.KeywordExecutor.executeKeywordForPlatform(KeywordExecutor.groovy:74)
	at com.kms.katalon.core.webui.keyword.WebUiBuiltInKeywords.verifyTextPresent(WebUiBuiltInKeywords.groovy:1762)
	at VerifyConfirmPageLabelsCC.run(VerifyConfirmPageLabelsCC:97)
	at com.kms.katalon.core.main.ScriptEngine.run(ScriptEngine.java:194)
	at com.kms.katalon.core.main.ScriptEngine.runScriptAsRawText(ScriptEngine.java:119)
	at com.kms.katalon.core.main.TestCaseExecutor.runScript(TestCaseExecutor.java:448)
	at com.kms.katalon.core.main.TestCaseExecutor.doExecute(TestCaseExecutor.java:439)
	at com.kms.katalon.core.main.TestCaseExecutor.processExecutionPhase(TestCaseExecutor.java:418)
	at com.kms.katalon.core.main.TestCaseExecutor.accessMainPhase(TestCaseExecutor.java:410)
	at com.kms.katalon.core.main.TestCaseExecutor.execute(TestCaseExecutor.java:285)
	at com.kms.katalon.core.common.CommonExecutor.accessTestCaseMainPhase(CommonExecutor.java:65)
	at com.kms.katalon.core.main.TestSuiteExecutor.accessTestSuiteMainPhase(TestSuiteExecutor.java:150)
	at com.kms.katalon.core.main.TestSuiteExecutor.execute(TestSuiteExecutor.java:106)
	at com.kms.katalon.core.main.TestCaseMain.startTestSuite(TestCaseMain.java:180)
	at TempTestSuite1727249381322.run(TempTestSuite1727249381322.groovy:35)
	at java.base/jdk.internal.reflect.NativeMethodAccessorImpl.invoke0(Native Method)
	at java.base/jdk.internal.reflect.NativeMethodAccessorImpl.invoke(NativeMethodAccessorImpl.java:77)
	at java.base/jdk.internal.reflect.DelegatingMethodAccessorImpl.invoke(DelegatingMethodAccessorImpl.java:43)
)

25-09-2024T13:58:29 - [TEST_STEP][PASSED] - else: null

25-09-2024T13:58:29 - [TEST_STEP][PASSED] - isRequiredTextPresent = false: null

25-09-2024T13:58:29 - [TEST_STEP][PASSED] - if (isRequiredTextPresent): null

25-09-2024T13:58:29 - [TEST_STEP][PASSED] - if (isRequiredTextPresent): null

25-09-2024T13:58:29 - [TEST_STEP][PASSED] - if (isRequiredTextPresent): null

25-09-2024T13:58:29 - [TEST_STEP][PASSED] - if (isRequiredTextPresent): null

25-09-2024T13:58:29 - [TEST_STEP][PASSED] - if (isRequiredTextPresent): null

25-09-2024T13:58:29 - [TEST_STEP][PASSED] - if (isRequiredTextPresent): null

25-09-2024T13:58:29 - [TEST_STEP][PASSED] - if (isRequiredTextPresent): null

25-09-2024T13:58:29 - [TEST_STEP][PASSED] - if (isRequiredTextPresent): null

25-09-2024T13:58:29 - [TEST_STEP][PASSED] - if (isRequiredTextPresent): null

25-09-2024T13:58:29 - [TEST_STEP][PASSED] - if (isRequiredTextPresent): null

25-09-2024T13:58:29 - [TEST_STEP][PASSED] - if (isRequiredTextPresent): null

25-09-2024T13:58:29 - [TEST_STEP][PASSED] - if (isRequiredTextPresent): null

25-09-2024T13:58:29 - [TEST_STEP][PASSED] - if (isRequiredTextPresent): null

25-09-2024T13:58:29 - [TEST_STEP][PASSED] - if (isRequiredTextPresent): null

25-09-2024T13:58:29 - [TEST_STEP][PASSED] - if (isRequiredTextPresent): null

25-09-2024T13:58:29 - [TEST_STEP][PASSED] - if (isRequiredTextPresent): null

25-09-2024T13:58:29 - [TEST_STEP][PASSED] - if (isRequiredTextPresent): null

25-09-2024T13:58:29 - [TEST_STEP][PASSED] - if (isRequiredTextPresent): null

25-09-2024T13:58:29 - [TEST_STEP][PASSED] - if (isRequiredTextPresent): null

25-09-2024T13:58:29 - [TEST_STEP][PASSED] - if (isRequiredTextPresent): null

25-09-2024T13:58:29 - [TEST_STEP][PASSED] - if (isRequiredTextPresent): null

25-09-2024T13:58:29 - [TEST_STEP][PASSED] - if (isRequiredTextPresent): null

25-09-2024T13:58:29 - [TEST_STEP][PASSED] - if (isRequiredTextPresent): null

25-09-2024T13:58:29 - [TEST_STEP][PASSED] - if (isRequiredTextPresent): null

25-09-2024T13:58:29 - [TEST_STEP][PASSED] - if (isRequiredTextPresent): null

25-09-2024T13:58:29 - [TEST_STEP][PASSED] - if (isRequiredTextPresent): null

25-09-2024T13:58:29 - [TEST_STEP][PASSED] - if (isRequiredTextPresent == true): null

25-09-2024T13:58:29 - [TEST_STEP][PASSED] - else: pages.WriteExcel.demoKey is PASSED

25-09-2024T13:58:29 - [TEST_STEP][PASSED] - println("Some texts are missing on the Confirm page"): null

25-09-2024T13:58:29 - [TEST_STEP][PASSED] - resText = "Fail": null

25-09-2024T13:58:29 - [TEST_STEP][PASSED] - pages.WriteExcel.demoKey(resText, datText, resColumn, datCloumn, fileLoc, nameSheet, row): pages.WriteExcel.demoKey is PASSED

25-09-2024T13:58:29 - [MESSAGE][PASSED] - pages.WriteExcel.demoKey is PASSED

25-09-2024T13:58:29 - [TEST_STEP][PASSED] - closeBrowser(): Browser is closed

25-09-2024T13:58:30 - [MESSAGE][PASSED] - Browser is closed]]></system-out>
         <system-err><![CDATA[25-09-2024T13:57:28 - [TEST_CASE][FAILED] - Test Cases/IntegratedWeb/IWP25/Payments/VerifyConfirmPageLabelsCC: Test Cases/IntegratedWeb/IWP25/Payments/VerifyConfirmPageLabelsCC FAILED.
Reason:
com.kms.katalon.core.exception.StepFailedException: Text 'Confirm Payment Information' is not present on page  (Root cause: com.kms.katalon.core.exception.StepFailedException: Text 'Confirm Payment Information' is not present on page 
	at com.kms.katalon.core.webui.keyword.internal.WebUIKeywordMain.stepFailed(WebUIKeywordMain.groovy:64)
	at com.kms.katalon.core.webui.keyword.builtin.VerifyTextPresentKeyword$_verifyTextPresent_closure1.doCall(VerifyTextPresentKeyword.groovy:79)
	at com.kms.katalon.core.webui.keyword.builtin.VerifyTextPresentKeyword$_verifyTextPresent_closure1.call(VerifyTextPresentKeyword.groovy)
	at com.kms.katalon.core.webui.keyword.internal.WebUIKeywordMain.runKeyword(WebUIKeywordMain.groovy:20)
	at com.kms.katalon.core.webui.keyword.builtin.VerifyTextPresentKeyword.verifyTextPresent(VerifyTextPresentKeyword.groovy:83)
	at com.kms.katalon.core.webui.keyword.builtin.VerifyTextPresentKeyword.execute(VerifyTextPresentKeyword.groovy:68)
	at com.kms.katalon.core.keyword.internal.KeywordExecutor.executeKeywordForPlatform(KeywordExecutor.groovy:74)
	at com.kms.katalon.core.webui.keyword.WebUiBuiltInKeywords.verifyTextPresent(WebUiBuiltInKeywords.groovy:1762)
	at VerifyConfirmPageLabelsCC.run(VerifyConfirmPageLabelsCC:97)
	at com.kms.katalon.core.main.ScriptEngine.run(ScriptEngine.java:194)
	at com.kms.katalon.core.main.ScriptEngine.runScriptAsRawText(ScriptEngine.java:119)
	at com.kms.katalon.core.main.TestCaseExecutor.runScript(TestCaseExecutor.java:448)
	at com.kms.katalon.core.main.TestCaseExecutor.doExecute(TestCaseExecutor.java:439)
	at com.kms.katalon.core.main.TestCaseExecutor.processExecutionPhase(TestCaseExecutor.java:418)
	at com.kms.katalon.core.main.TestCaseExecutor.accessMainPhase(TestCaseExecutor.java:410)
	at com.kms.katalon.core.main.TestCaseExecutor.execute(TestCaseExecutor.java:285)
	at com.kms.katalon.core.common.CommonExecutor.accessTestCaseMainPhase(CommonExecutor.java:65)
	at com.kms.katalon.core.main.TestSuiteExecutor.accessTestSuiteMainPhase(TestSuiteExecutor.java:150)
	at com.kms.katalon.core.main.TestSuiteExecutor.execute(TestSuiteExecutor.java:106)
	at com.kms.katalon.core.main.TestCaseMain.startTestSuite(TestCaseMain.java:180)
	at TempTestSuite1727249381322.run(TempTestSuite1727249381322.groovy:35)
	at java.base/jdk.internal.reflect.NativeMethodAccessorImpl.invoke0(Native Method)
	at java.base/jdk.internal.reflect.NativeMethodAccessorImpl.invoke(NativeMethodAccessorImpl.java:77)
	at java.base/jdk.internal.reflect.DelegatingMethodAccessorImpl.invoke(DelegatingMethodAccessorImpl.java:43)
)
	at com.kms.katalon.core.keyword.internal.KeywordMain.stepFailed(KeywordMain.groovy:39)
	at com.kms.katalon.core.webui.keyword.internal.WebUIKeywordMain.stepFailed(WebUIKeywordMain.groovy:64)
	at com.kms.katalon.core.webui.keyword.builtin.VerifyTextPresentKeyword$_verifyTextPresent_closure1.doCall(VerifyTextPresentKeyword.groovy:79)
	at com.kms.katalon.core.webui.keyword.builtin.VerifyTextPresentKeyword$_verifyTextPresent_closure1.call(VerifyTextPresentKeyword.groovy)
	at com.kms.katalon.core.webui.keyword.internal.WebUIKeywordMain.runKeyword(WebUIKeywordMain.groovy:20)
	at com.kms.katalon.core.webui.keyword.builtin.VerifyTextPresentKeyword.verifyTextPresent(VerifyTextPresentKeyword.groovy:83)
	at com.kms.katalon.core.webui.keyword.builtin.VerifyTextPresentKeyword.execute(VerifyTextPresentKeyword.groovy:68)
	at com.kms.katalon.core.keyword.internal.KeywordExecutor.executeKeywordForPlatform(KeywordExecutor.groovy:74)
	at com.kms.katalon.core.webui.keyword.WebUiBuiltInKeywords.verifyTextPresent(WebUiBuiltInKeywords.groovy:1762)
	at VerifyConfirmPageLabelsCC.run(VerifyConfirmPageLabelsCC:97)
	at com.kms.katalon.core.main.ScriptEngine.run(ScriptEngine.java:194)
	at com.kms.katalon.core.main.ScriptEngine.runScriptAsRawText(ScriptEngine.java:119)
	at com.kms.katalon.core.main.TestCaseExecutor.runScript(TestCaseExecutor.java:448)
	at com.kms.katalon.core.main.TestCaseExecutor.doExecute(TestCaseExecutor.java:439)
	at com.kms.katalon.core.main.TestCaseExecutor.processExecutionPhase(TestCaseExecutor.java:418)
	at com.kms.katalon.core.main.TestCaseExecutor.accessMainPhase(TestCaseExecutor.java:410)
	at com.kms.katalon.core.main.TestCaseExecutor.execute(TestCaseExecutor.java:285)
	at com.kms.katalon.core.common.CommonExecutor.accessTestCaseMainPhase(CommonExecutor.java:65)
	at com.kms.katalon.core.main.TestSuiteExecutor.accessTestSuiteMainPhase(TestSuiteExecutor.java:150)
	at com.kms.katalon.core.main.TestSuiteExecutor.execute(TestSuiteExecutor.java:106)
	at com.kms.katalon.core.main.TestCaseMain.startTestSuite(TestCaseMain.java:180)
	at TempTestSuite1727249381322.run(TempTestSuite1727249381322.groovy:35)
	at java.base/jdk.internal.reflect.NativeMethodAccessorImpl.invoke0(Native Method)
	at java.base/jdk.internal.reflect.NativeMethodAccessorImpl.invoke(NativeMethodAccessorImpl.java:77)
	at java.base/jdk.internal.reflect.DelegatingMethodAccessorImpl.invoke(DelegatingMethodAccessorImpl.java:43)
Caused by: com.kms.katalon.core.exception.StepFailedException: Text 'Confirm Payment Information' is not present on page 
	... 24 more]]></system-err>
      </testcase>
      <testcase name="Test Cases/IntegratedWeb/IWP25/Payments/VerifyConfirmPageLabelsCorp" time="65.285" classname="Test Cases/IntegratedWeb/IWP25/Payments/VerifyConfirmPageLabelsCorp" status="PASSED">
         <system-out><![CDATA[25-09-2024T13:58:30 - [TEST_CASE][PASSED] - Test Cases/IntegratedWeb/IWP25/Payments/VerifyConfirmPageLabelsCorp: Test Cases/IntegratedWeb/IWP25/Payments/VerifyConfirmPageLabelsCorp

25-09-2024T13:58:30 - [TEST_STEP][PASSED] - resText = "Fail": null

25-09-2024T13:58:30 - [TEST_STEP][PASSED] - resColumn = "Result": null

25-09-2024T13:58:30 - [TEST_STEP][PASSED] - datCloumn = "Date": null

25-09-2024T13:58:30 - [TEST_STEP][PASSED] - fileLoc = "KatalonData/IWPTestData/VRelay25Payments.xlsx": null

25-09-2024T13:58:30 - [TEST_STEP][PASSED] - numOfRows = <not implemented yet for class: org.codehaus.groovy.ast.expr.EmptyExpression>: null

25-09-2024T13:58:30 - [TEST_STEP][PASSED] - dataFile = <not implemented yet for class: org.codehaus.groovy.ast.expr.EmptyExpression>: null

25-09-2024T13:58:30 - [TEST_STEP][PASSED] - nameSheet = <not implemented yet for class: org.codehaus.groovy.ast.expr.EmptyExpression>: null

25-09-2024T13:58:30 - [TEST_STEP][PASSED] - dataFileEmulator = <not implemented yet for class: org.codehaus.groovy.ast.expr.EmptyExpression>: null

25-09-2024T13:58:30 - [TEST_STEP][PASSED] - isRequiredTextPresent = false: null

25-09-2024T13:58:30 - [TEST_STEP][PASSED] - nameSheet = "VerifyConfirmPageLabelsCorp": null

25-09-2024T13:58:30 - [TEST_STEP][PASSED] - dataFile = "IWPTestData/IWP25VerifyConfirmPageLabelsCorp": null

25-09-2024T13:58:30 - [TEST_STEP][PASSED] - dataFileEmulator = "IWPTestData/EmulatorData": null

25-09-2024T13:58:30 - [TEST_STEP][PASSED] - numOfRows = findTestData(dataFile).getRowNumbers(): null

25-09-2024T13:58:30 - [TEST_STEP][PASSED] - println("Number of Records: " + numOfRows): null

25-09-2024T13:58:30 - [TEST_STEP][PASSED] - for ([row = 1, row <= numOfRows, (row++)]): Browser is closed

25-09-2024T13:58:30 - [TEST_STEP][PASSED] - ExecuteTC = findTestData(dataFile).getValue("Execute", row): null

25-09-2024T13:58:30 - [TEST_STEP][PASSED] - out.println("Value of Execute is : " + ExecuteTC): null

25-09-2024T13:58:30 - [TEST_STEP][PASSED] - if (ExecuteTC.equalsIgnoreCase("Y")): pages.WriteExcel.demoKey is PASSED

25-09-2024T13:58:30 - [TEST_STEP][PASSED] - out.println("Begin Record Number: " + row): null

25-09-2024T13:58:30 - [TEST_STEP][PASSED] - today = new java.util.Date(): null

25-09-2024T13:58:30 - [TEST_STEP][PASSED] - println(today): null

25-09-2024T13:58:30 - [TEST_STEP][PASSED] - datText = today: null

25-09-2024T13:58:30 - [TEST_STEP][PASSED] - EmulatorDataKey = findTestData(dataFile).getValue("EmulatorData", row): null

25-09-2024T13:58:30 - [TEST_STEP][PASSED] - out.println("Value of Emulator Key is : " + EmulatorDataKey): null

25-09-2024T13:58:30 - [TEST_STEP][PASSED] - iwpPages.emulatorIWP30.setDataEmulator_DD(EmulatorDataKey): iwpPages.emulatorIWP30.setDataEmulator_DD is PASSED

25-09-2024T13:58:31 - [MESSAGE][INFO] - Starting 'Edge Chromium' driver

25-09-2024T13:58:31 - [MESSAGE][INFO] - User set preference: ['acceptInsecureCerts', 'true']

25-09-2024T13:58:33 - [MESSAGE][INFO] - Action delay is set to 0 milliseconds

25-09-2024T13:58:36 - [MESSAGE][PASSED] - Browser is opened with url: 'https://qa.velocitypayment.com/agency/config.do?action=editor&message_version=2_5'

25-09-2024T13:58:36 - [MESSAGE][PASSED] - Current window maximized

25-09-2024T13:58:37 - [MESSAGE][PASSED] - All options with value '2.5' are selected in object 'Object Repository/IWP30/Page_VRelay30Emulator/MV'  using regular expression

25-09-2024T13:58:37 - [MESSAGE][PASSED] - Text '10.50' is set on object 'Object Repository/IWP30/Page_VRelay30Emulator/Amount'

25-09-2024T13:58:38 - [MESSAGE][PASSED] - Text '58Xu9TqRqnSH' is set on object 'Object Repository/IWP30/Page_VRelay30Emulator/CAN'

25-09-2024T13:58:39 - [MESSAGE][PASSED] - Text 'PayNow' is set on object 'Object Repository/IWP30/Page_VRelay30Emulator/Action'

25-09-2024T13:58:39 - [MESSAGE][PASSED] - Text 'en_US' is set on object 'Object Repository/IWP30/Page_VRelay30Emulator/Lang'

25-09-2024T13:58:40 - [MESSAGE][PASSED] - Text '' is set on object 'Object Repository/IWP30/Page_VRelay30Emulator/Fname'

25-09-2024T13:58:41 - [MESSAGE][PASSED] - Text '' is set on object 'Object Repository/IWP30/Page_VRelay30Emulator/Lname'

25-09-2024T13:58:41 - [MESSAGE][PASSED] - Text '' is set on object 'Object Repository/IWP30/Page_VRelay30Emulator/AL1'

25-09-2024T13:58:42 - [MESSAGE][PASSED] - Text '' is set on object 'Object Repository/IWP30/Page_VRelay30Emulator/AL2'

25-09-2024T13:58:42 - [MESSAGE][PASSED] - Text '' is set on object 'Object Repository/IWP30/Page_VRelay30Emulator/Country'

25-09-2024T13:58:43 - [MESSAGE][PASSED] - Text '' is set on object 'Object Repository/IWP30/Page_VRelay30Emulator/City'

25-09-2024T13:58:44 - [MESSAGE][PASSED] - Text '' is set on object 'Object Repository/IWP30/Page_VRelay30Emulator/State'

25-09-2024T13:58:44 - [MESSAGE][PASSED] - Text '' is set on object 'Object Repository/IWP30/Page_VRelay30Emulator/ZIP'

25-09-2024T13:58:45 - [MESSAGE][PASSED] - Text '' is set on object 'Object Repository/IWP30/Page_VRelay30Emulator/Order'

25-09-2024T13:58:45 - [MESSAGE][PASSED] - Text '' is set on object 'Object Repository/IWP30/Page_VRelay30Emulator/Company'

25-09-2024T13:58:46 - [MESSAGE][PASSED] - Text '' is set on object 'Object Repository/IWP30/Page_VRelay30Emulator/Email'

25-09-2024T13:58:46 - [MESSAGE][PASSED] - Text '' is set on object 'Object Repository/IWP30/Page_VRelay30Emulator/UDF1'

25-09-2024T13:58:47 - [MESSAGE][PASSED] - Text '' is set on object 'Object Repository/IWP30/Page_VRelay30Emulator/UDF2'

25-09-2024T13:58:48 - [MESSAGE][PASSED] - Text '' is set on object 'Object Repository/IWP30/Page_VRelay30Emulator/UDF3'

25-09-2024T13:58:48 - [MESSAGE][PASSED] - Text 'udf data 4' is set on object 'Object Repository/IWP30/Page_VRelay30Emulator/UDF4'

25-09-2024T13:58:49 - [MESSAGE][PASSED] - Text 'udf data 5' is set on object 'Object Repository/IWP30/Page_VRelay30Emulator/UDF5'

25-09-2024T13:58:49 - [MESSAGE][PASSED] - Text '' is set on object 'Object Repository/IWP30/Page_VRelay30Emulator/UDF6'

25-09-2024T13:58:50 - [MESSAGE][PASSED] - Text '' is set on object 'Object Repository/IWP30/Page_VRelay30Emulator/UDF7'

25-09-2024T13:58:50 - [MESSAGE][PASSED] - Text '' is set on object 'Object Repository/IWP30/Page_VRelay30Emulator/UDF8'

25-09-2024T13:58:51 - [MESSAGE][PASSED] - Text 'udf data 9' is set on object 'Object Repository/IWP30/Page_VRelay30Emulator/UDF9'

25-09-2024T13:58:52 - [MESSAGE][PASSED] - Text 'udf data 10' is set on object 'Object Repository/IWP30/Page_VRelay30Emulator/UDF10'

25-09-2024T13:58:53 - [MESSAGE][PASSED] - Object: 'Object Repository/IWP30/Page_VRelay30Emulator/Submit' is clicked on

25-09-2024T13:58:57 - [MESSAGE][PASSED] - Browser is closed

25-09-2024T13:59:01 - [MESSAGE][PASSED] - iwpPages.emulatorIWP30.setDataEmulator_DD is PASSED

25-09-2024T13:59:01 - [TEST_STEP][PASSED] - testHarnessURL = urlTestHarness: null

25-09-2024T13:59:01 - [TEST_STEP][PASSED] - openBrowser(testHarnessURL): Browser is opened with url: 'https://dev-algorithm.govolution.com/vrelaytest/QA/version_2_2/vrelaytest.html'

25-09-2024T13:59:01 - [MESSAGE][INFO] - Starting 'Edge Chromium' driver

25-09-2024T13:59:01 - [MESSAGE][INFO] - User set preference: ['acceptInsecureCerts', 'true']

25-09-2024T13:59:03 - [MESSAGE][INFO] - Action delay is set to 0 milliseconds

25-09-2024T13:59:07 - [MESSAGE][PASSED] - Browser is opened with url: 'https://dev-algorithm.govolution.com/vrelaytest/QA/version_2_2/vrelaytest.html'

25-09-2024T13:59:07 - [TEST_STEP][PASSED] - maximizeWindow(): Current window maximized

25-09-2024T13:59:07 - [MESSAGE][PASSED] - Current window maximized

25-09-2024T13:59:07 - [TEST_STEP][PASSED] - iwpPages.TestHarnessPage.setDataMethod(row, dataFile): iwpPages.TestHarnessPage.setDataMethod is PASSED

25-09-2024T13:59:07 - [MESSAGE][PASSED] - Object 'Object Repository/IWP30/Page_QATestHarness/RemittanceID' is present

25-09-2024T13:59:08 - [MESSAGE][PASSED] - Text '638' is set on object 'Object Repository/IWP30/Page_QATestHarness/ApplicationID'

25-09-2024T13:59:09 - [MESSAGE][PASSED] - Text '2.5' is set on object 'Object Repository/IWP30/Page_QATestHarness/MessageVersion'

25-09-2024T13:59:09 - [MESSAGE][PASSED] - Text 'tI6Jw6L045Ys' is set on object 'Object Repository/IWP30/Page_QATestHarness/RemittanceID'

25-09-2024T13:59:12 - [MESSAGE][PASSED] - Object: 'Object Repository/IWP30/Page_QATestHarness/SubmitButton' is clicked on

25-09-2024T13:59:12 - [MESSAGE][PASSED] - iwpPages.TestHarnessPage.setDataMethod is PASSED

25-09-2024T13:59:12 - [TEST_STEP][PASSED] - click(findTestObject("Object Repository/IWP30/Page_SelectPaymentMethod/PayByCorporateCheck")): Object: 'Object Repository/IWP30/Page_SelectPaymentMethod/PayByCorporateCheck' is clicked on

25-09-2024T13:59:13 - [MESSAGE][PASSED] - Object: 'Object Repository/IWP30/Page_SelectPaymentMethod/PayByCorporateCheck' is clicked on

25-09-2024T13:59:13 - [TEST_STEP][PASSED] - click(findTestObject("Object Repository/IWP30/Page_SelectPaymentMethod/MakePaymentButton")): Object: 'Object Repository/IWP30/Page_SelectPaymentMethod/MakePaymentButton' is clicked on

25-09-2024T13:59:14 - [MESSAGE][PASSED] - Object: 'Object Repository/IWP30/Page_SelectPaymentMethod/MakePaymentButton' is clicked on

25-09-2024T13:59:14 - [TEST_STEP][PASSED] - iwpPages.achCorporatePaymentEntryPage.setDataCorporate(row, dataFile): iwpPages.achCorporatePaymentEntryPage.setDataCorporate is PASSED

25-09-2024T13:59:15 - [MESSAGE][PASSED] - Object 'Object Repository/IWP30/Page_ACHCorporatePaymentEntry/txt_accountNumber' is present

25-09-2024T13:59:15 - [MESSAGE][PASSED] - Object 'Object Repository/IWP30/Page_ACHCorporatePaymentEntry/input_CompanyName' is present

25-09-2024T13:59:16 - [MESSAGE][PASSED] - Text 'My Company' is set on object 'Object Repository/IWP30/Page_ACHCorporatePaymentEntry/input_CompanyName'

25-09-2024T13:59:16 - [MESSAGE][PASSED] - Object 'Object Repository/IWP30/Page_ACHCorporatePaymentEntry/input_EIN' is present

25-09-2024T13:59:17 - [MESSAGE][PASSED] - Text '10.50' is set on object 'Object Repository/IWP30/Page_ACHCorporatePaymentEntry/txt_Amount'

25-09-2024T13:59:18 - [MESSAGE][PASSED] - Text 'udf data 3' is set on object 'Object Repository/IWP30/Page_ACHCorporatePaymentEntry/txt_UDF3'

25-09-2024T13:59:18 - [MESSAGE][PASSED] - All options with label 'Soccer' are selected in object 'Object Repository/IWP30/Page_ACHCorporatePaymentEntry/dd_UDF8' 

25-09-2024T13:59:19 - [MESSAGE][PASSED] - Object 'Object Repository/IWP30/Page_ACHCorporatePaymentEntry/txt_routingNumber' is present

25-09-2024T13:59:19 - [MESSAGE][PASSED] - Text '256072691' is set on object 'Object Repository/IWP30/Page_ACHCorporatePaymentEntry/txt_routingNumber'

25-09-2024T13:59:20 - [MESSAGE][PASSED] - Object 'Object Repository/IWP30/Page_ACHCorporatePaymentEntry/txt_accountNumber' is present

25-09-2024T13:59:21 - [MESSAGE][PASSED] - Text '12344444' is set on object 'Object Repository/IWP30/Page_ACHCorporatePaymentEntry/txt_accountNumber'

25-09-2024T13:59:21 - [MESSAGE][PASSED] - Object 'Object Repository/IWP30/Page_ACHCorporatePaymentEntry/txt_confirmAccountNumber' is present

25-09-2024T13:59:22 - [MESSAGE][PASSED] - Text '12344444' is set on object 'Object Repository/IWP30/Page_ACHCorporatePaymentEntry/txt_confirmAccountNumber'

25-09-2024T13:59:23 - [MESSAGE][PASSED] - Text '365 Main Avenue' is set on object 'Object Repository/IWP30/Page_ACHCorporatePaymentEntry/txt_AL1'

25-09-2024T13:59:24 - [MESSAGE][PASSED] - Text '22201' is set on object 'Object Repository/IWP30/Page_ACHCorporatePaymentEntry/txt_ZIP'

25-09-2024T13:59:24 - [MESSAGE][PASSED] - Object 'Object Repository/IWP30/Page_ACHCorporatePaymentEntry/txt_Email' is present

25-09-2024T13:59:25 - [MESSAGE][PASSED] - Text 'iahmed@govolution.com' is set on object 'Object Repository/IWP30/Page_ACHCorporatePaymentEntry/txt_Email'

25-09-2024T13:59:25 - [MESSAGE][PASSED] - Object 'Object Repository/IWP30/Page_ACHCorporatePaymentEntry/cb_TermsAndCond' is present

25-09-2024T13:59:25 - [MESSAGE][PASSED] - Object: 'Object Repository/IWP30/Page_ACHCorporatePaymentEntry/cb_TermsAndCond' is clicked on

25-09-2024T13:59:26 - [MESSAGE][PASSED] - Object 'Object Repository/IWP30/Page_ACHCorporatePaymentEntry/btn_Continue' is present

25-09-2024T13:59:27 - [MESSAGE][PASSED] - Object: 'Object Repository/IWP30/Page_ACHCorporatePaymentEntry/btn_Continue' is clicked on

25-09-2024T13:59:27 - [MESSAGE][PASSED] - iwpPages.achCorporatePaymentEntryPage.setDataCorporate is PASSED

25-09-2024T13:59:27 - [TEST_STEP][PASSED] - if (verifyTextPresent("Make a Real Estate Payment", false)): null

25-09-2024T13:59:27 - [MESSAGE][PASSED] - Text 'Make a Real Estate Payment' is present on page 

25-09-2024T13:59:27 - [TEST_STEP][PASSED] - isRequiredTextPresent = true: null

25-09-2024T13:59:27 - [TEST_STEP][PASSED] - println(isRequiredTextPresent): null

25-09-2024T13:59:27 - [TEST_STEP][PASSED] - if (isRequiredTextPresent): null

25-09-2024T13:59:27 - [TEST_STEP][PASSED] - if (verifyTextPresent("Confirm Payment Information", false)): null

25-09-2024T13:59:28 - [MESSAGE][PASSED] - Text 'Confirm Payment Information' is present on page 

25-09-2024T13:59:28 - [TEST_STEP][PASSED] - isRequiredTextPresent = true: null

25-09-2024T13:59:28 - [TEST_STEP][PASSED] - println(isRequiredTextPresent): null

25-09-2024T13:59:28 - [TEST_STEP][PASSED] - if (isRequiredTextPresent): null

25-09-2024T13:59:28 - [TEST_STEP][PASSED] - if (verifyTextPresent("Please verify the following information:", false)): null

25-09-2024T13:59:28 - [MESSAGE][PASSED] - Text 'Please verify the following information:' is present on page 

25-09-2024T13:59:28 - [TEST_STEP][PASSED] - isRequiredTextPresent = true: null

25-09-2024T13:59:28 - [TEST_STEP][PASSED] - if (isRequiredTextPresent): null

25-09-2024T13:59:28 - [TEST_STEP][PASSED] - if (verifyTextPresent("Payment Information:", false)): null

25-09-2024T13:59:28 - [MESSAGE][PASSED] - Text 'Payment Information:' is present on page 

25-09-2024T13:59:28 - [TEST_STEP][PASSED] - isRequiredTextPresent = true: null

25-09-2024T13:59:28 - [TEST_STEP][PASSED] - if (isRequiredTextPresent): null

25-09-2024T13:59:28 - [TEST_STEP][PASSED] - if (verifyTextPresent("CAN Label:", false)): null

25-09-2024T13:59:28 - [MESSAGE][PASSED] - Text 'CAN Label:' is present on page 

25-09-2024T13:59:28 - [TEST_STEP][PASSED] - isRequiredTextPresent = true: null

25-09-2024T13:59:28 - [TEST_STEP][PASSED] - if (isRequiredTextPresent): null

25-09-2024T13:59:28 - [TEST_STEP][PASSED] - if (verifyTextPresent("Tax Amount:", false)): null

25-09-2024T13:59:29 - [MESSAGE][PASSED] - Text 'Tax Amount:' is present on page 

25-09-2024T13:59:29 - [TEST_STEP][PASSED] - isRequiredTextPresent = true: null

25-09-2024T13:59:29 - [TEST_STEP][PASSED] - if (isRequiredTextPresent): null

25-09-2024T13:59:29 - [TEST_STEP][PASSED] - if (verifyTextPresent("Amount:", false)): null

25-09-2024T13:59:29 - [MESSAGE][PASSED] - Text 'Amount:' is present on page 

25-09-2024T13:59:29 - [TEST_STEP][PASSED] - isRequiredTextPresent = true: null

25-09-2024T13:59:29 - [TEST_STEP][PASSED] - if (isRequiredTextPresent): null

25-09-2024T13:59:29 - [TEST_STEP][PASSED] - if (verifyTextPresent("UDF3 Label:", false)): null

25-09-2024T13:59:29 - [MESSAGE][PASSED] - Text 'UDF3 Label:' is present on page 

25-09-2024T13:59:29 - [TEST_STEP][PASSED] - isRequiredTextPresent = true: null

25-09-2024T13:59:29 - [TEST_STEP][PASSED] - if (isRequiredTextPresent): null

25-09-2024T13:59:29 - [TEST_STEP][PASSED] - if (verifyTextPresent("UDF4 Label:", false)): null

25-09-2024T13:59:30 - [MESSAGE][PASSED] - Text 'UDF4 Label:' is present on page 

25-09-2024T13:59:30 - [TEST_STEP][PASSED] - isRequiredTextPresent = true: null

25-09-2024T13:59:30 - [TEST_STEP][PASSED] - if (isRequiredTextPresent): null

25-09-2024T13:59:30 - [TEST_STEP][PASSED] - if (verifyTextPresent("UDF8 Label:", false)): null

25-09-2024T13:59:30 - [MESSAGE][PASSED] - Text 'UDF8 Label:' is present on page 

25-09-2024T13:59:30 - [TEST_STEP][PASSED] - isRequiredTextPresent = true: null

25-09-2024T13:59:30 - [TEST_STEP][PASSED] - if (isRequiredTextPresent): null

25-09-2024T13:59:30 - [TEST_STEP][PASSED] - if (verifyTextPresent("UDF9 Label:", false)): null

25-09-2024T13:59:30 - [MESSAGE][PASSED] - Text 'UDF9 Label:' is present on page 

25-09-2024T13:59:30 - [TEST_STEP][PASSED] - isRequiredTextPresent = true: null

25-09-2024T13:59:30 - [TEST_STEP][PASSED] - if (isRequiredTextPresent): null

25-09-2024T13:59:30 - [TEST_STEP][PASSED] - if (verifyTextPresent("UDF8 Label:", false)): null

25-09-2024T13:59:30 - [MESSAGE][PASSED] - Text 'UDF8 Label:' is present on page 

25-09-2024T13:59:30 - [TEST_STEP][PASSED] - isRequiredTextPresent = true: null

25-09-2024T13:59:30 - [TEST_STEP][PASSED] - if (isRequiredTextPresent): null

25-09-2024T13:59:30 - [TEST_STEP][PASSED] - if (verifyTextPresent("UDF9 Label:", false)): null

25-09-2024T13:59:31 - [MESSAGE][PASSED] - Text 'UDF9 Label:' is present on page 

25-09-2024T13:59:31 - [TEST_STEP][PASSED] - isRequiredTextPresent = true: null

25-09-2024T13:59:31 - [TEST_STEP][PASSED] - if (isRequiredTextPresent): null

25-09-2024T13:59:31 - [TEST_STEP][PASSED] - if (verifyTextPresent("Account Information:", false)): null

25-09-2024T13:59:31 - [MESSAGE][PASSED] - Text 'Account Information:' is present on page 

25-09-2024T13:59:31 - [TEST_STEP][PASSED] - isRequiredTextPresent = true: null

25-09-2024T13:59:31 - [TEST_STEP][PASSED] - if (isRequiredTextPresent): null

25-09-2024T13:59:31 - [TEST_STEP][PASSED] - if (verifyTextPresent("Company Name:", false)): null

25-09-2024T13:59:31 - [MESSAGE][PASSED] - Text 'Company Name:' is present on page 

25-09-2024T13:59:31 - [TEST_STEP][PASSED] - isRequiredTextPresent = true: null

25-09-2024T13:59:31 - [TEST_STEP][PASSED] - if (isRequiredTextPresent): null

25-09-2024T13:59:31 - [TEST_STEP][PASSED] - if (verifyTextPresent("Routing Transit Number:", false)): null

25-09-2024T13:59:31 - [MESSAGE][PASSED] - Text 'Routing Transit Number:' is present on page 

25-09-2024T13:59:31 - [TEST_STEP][PASSED] - isRequiredTextPresent = true: null

25-09-2024T13:59:31 - [TEST_STEP][PASSED] - if (isRequiredTextPresent): null

25-09-2024T13:59:31 - [TEST_STEP][PASSED] - if (verifyTextPresent("Account Number:", false)): null

25-09-2024T13:59:32 - [MESSAGE][PASSED] - Text 'Account Number:' is present on page 

25-09-2024T13:59:32 - [TEST_STEP][PASSED] - isRequiredTextPresent = true: null

25-09-2024T13:59:32 - [TEST_STEP][PASSED] - if (isRequiredTextPresent): null

25-09-2024T13:59:32 - [TEST_STEP][PASSED] - if (verifyTextPresent("Employer Identification Number (EIN):", false)): null

25-09-2024T13:59:32 - [MESSAGE][PASSED] - Text 'Employer Identification Number (EIN):' is present on page 

25-09-2024T13:59:32 - [TEST_STEP][PASSED] - isRequiredTextPresent = true: null

25-09-2024T13:59:32 - [TEST_STEP][PASSED] - if (isRequiredTextPresent): null

25-09-2024T13:59:32 - [TEST_STEP][PASSED] - if (verifyTextPresent("Type of Account:", false)): null

25-09-2024T13:59:32 - [MESSAGE][PASSED] - Text 'Type of Account:' is present on page 

25-09-2024T13:59:32 - [TEST_STEP][PASSED] - isRequiredTextPresent = true: null

25-09-2024T13:59:32 - [TEST_STEP][PASSED] - if (isRequiredTextPresent): null

25-09-2024T13:59:32 - [TEST_STEP][PASSED] - if (verifyTextPresent("Payment Date:", false)): null

25-09-2024T13:59:33 - [MESSAGE][PASSED] - Text 'Payment Date:' is present on page 

25-09-2024T13:59:33 - [TEST_STEP][PASSED] - isRequiredTextPresent = true: null

25-09-2024T13:59:33 - [TEST_STEP][PASSED] - if (isRequiredTextPresent): null

25-09-2024T13:59:33 - [TEST_STEP][PASSED] - if (verifyTextPresent("Address Line 1:", false)): null

25-09-2024T13:59:33 - [MESSAGE][PASSED] - Text 'Address Line 1:' is present on page 

25-09-2024T13:59:33 - [TEST_STEP][PASSED] - isRequiredTextPresent = true: null

25-09-2024T13:59:33 - [TEST_STEP][PASSED] - if (isRequiredTextPresent): null

25-09-2024T13:59:33 - [TEST_STEP][PASSED] - if (verifyTextPresent("Country:", false)): null

25-09-2024T13:59:33 - [MESSAGE][PASSED] - Text 'Country:' is present on page 

25-09-2024T13:59:33 - [TEST_STEP][PASSED] - isRequiredTextPresent = true: null

25-09-2024T13:59:33 - [TEST_STEP][PASSED] - if (isRequiredTextPresent): null

25-09-2024T13:59:33 - [TEST_STEP][PASSED] - if (verifyTextPresent("City:", false)): null

25-09-2024T13:59:33 - [MESSAGE][PASSED] - Text 'City:' is present on page 

25-09-2024T13:59:33 - [TEST_STEP][PASSED] - isRequiredTextPresent = true: null

25-09-2024T13:59:33 - [TEST_STEP][PASSED] - if (isRequiredTextPresent): null

25-09-2024T13:59:33 - [TEST_STEP][PASSED] - if (verifyTextPresent("State:", false)): null

25-09-2024T13:59:34 - [MESSAGE][PASSED] - Text 'State:' is present on page 

25-09-2024T13:59:34 - [TEST_STEP][PASSED] - isRequiredTextPresent = true: null

25-09-2024T13:59:34 - [TEST_STEP][PASSED] - if (isRequiredTextPresent): null

25-09-2024T13:59:34 - [TEST_STEP][PASSED] - if (verifyTextPresent("ZIP Code:", false)): null

25-09-2024T13:59:34 - [MESSAGE][PASSED] - Text 'ZIP Code:' is present on page 

25-09-2024T13:59:34 - [TEST_STEP][PASSED] - isRequiredTextPresent = true: null

25-09-2024T13:59:34 - [TEST_STEP][PASSED] - if (isRequiredTextPresent): null

25-09-2024T13:59:34 - [TEST_STEP][PASSED] - if (verifyTextPresent("Email Address:", false)): null

25-09-2024T13:59:34 - [MESSAGE][PASSED] - Text 'Email Address:' is present on page 

25-09-2024T13:59:34 - [TEST_STEP][PASSED] - isRequiredTextPresent = true: null

25-09-2024T13:59:34 - [TEST_STEP][PASSED] - if (isRequiredTextPresent): null

25-09-2024T13:59:34 - [TEST_STEP][PASSED] - if (verifyTextPresent("Is this information correct?", false)): null

25-09-2024T13:59:35 - [MESSAGE][PASSED] - Text 'Is this information correct?' is present on page 

25-09-2024T13:59:35 - [TEST_STEP][PASSED] - isRequiredTextPresent = true: null

25-09-2024T13:59:35 - [TEST_STEP][PASSED] - if (isRequiredTextPresent == true): pages.WriteExcel.demoKey is PASSED

25-09-2024T13:59:35 - [TEST_STEP][PASSED] - println("All the relevant texts are present on Confirm Page"): null

25-09-2024T13:59:35 - [TEST_STEP][PASSED] - markPassed("All the relevant texts are present on Confirm Page"): All the relevant texts are present on Confirm Page

25-09-2024T13:59:35 - [MESSAGE][PASSED] - All the relevant texts are present on Confirm Page

25-09-2024T13:59:35 - [TEST_STEP][PASSED] - resText = "Pass": null

25-09-2024T13:59:35 - [TEST_STEP][PASSED] - pages.WriteExcel.demoKey(resText, datText, resColumn, datCloumn, fileLoc, nameSheet, row): pages.WriteExcel.demoKey is PASSED

25-09-2024T13:59:35 - [MESSAGE][PASSED] - pages.WriteExcel.demoKey is PASSED

25-09-2024T13:59:35 - [TEST_STEP][PASSED] - closeBrowser(): Browser is closed

25-09-2024T13:59:35 - [MESSAGE][PASSED] - Browser is closed]]></system-out>
         <system-err><![CDATA[]]></system-err>
      </testcase>
      <testcase name="Test Cases/IntegratedWeb/IWP25/Payments/VerifyConfirmPageLabelsPC" time="73.725" classname="Test Cases/IntegratedWeb/IWP25/Payments/VerifyConfirmPageLabelsPC" status="PASSED">
         <system-out><![CDATA[25-09-2024T13:59:35 - [TEST_CASE][PASSED] - Test Cases/IntegratedWeb/IWP25/Payments/VerifyConfirmPageLabelsPC: Test Cases/IntegratedWeb/IWP25/Payments/VerifyConfirmPageLabelsPC

25-09-2024T13:59:35 - [TEST_STEP][PASSED] - resText = "Fail": null

25-09-2024T13:59:35 - [TEST_STEP][PASSED] - resColumn = "Result": null

25-09-2024T13:59:35 - [TEST_STEP][PASSED] - datCloumn = "Date": null

25-09-2024T13:59:35 - [TEST_STEP][PASSED] - fileLoc = "KatalonData/IWPTestData/VRelay25Payments.xlsx": null

25-09-2024T13:59:35 - [TEST_STEP][PASSED] - numOfRows = <not implemented yet for class: org.codehaus.groovy.ast.expr.EmptyExpression>: null

25-09-2024T13:59:35 - [TEST_STEP][PASSED] - dataFile = <not implemented yet for class: org.codehaus.groovy.ast.expr.EmptyExpression>: null

25-09-2024T13:59:35 - [TEST_STEP][PASSED] - nameSheet = <not implemented yet for class: org.codehaus.groovy.ast.expr.EmptyExpression>: null

25-09-2024T13:59:35 - [TEST_STEP][PASSED] - dataFileEmulator = <not implemented yet for class: org.codehaus.groovy.ast.expr.EmptyExpression>: null

25-09-2024T13:59:35 - [TEST_STEP][PASSED] - isRequiredTextPresent = false: null

25-09-2024T13:59:35 - [TEST_STEP][PASSED] - nameSheet = "VerifyConfirmPageLabelsPC": null

25-09-2024T13:59:35 - [TEST_STEP][PASSED] - dataFile = "IWPTestData/IWP25VerifyConfirmPageLabelsPC": null

25-09-2024T13:59:35 - [TEST_STEP][PASSED] - dataFileEmulator = "IWPTestData/EmulatorData": null

25-09-2024T13:59:35 - [TEST_STEP][PASSED] - numOfRows = findTestData(dataFile).getRowNumbers(): null

25-09-2024T13:59:36 - [TEST_STEP][PASSED] - println("Number of Records: " + numOfRows): null

25-09-2024T13:59:36 - [TEST_STEP][PASSED] - for ([row = 1, row <= numOfRows, (row++)]): Browser is closed

25-09-2024T13:59:36 - [TEST_STEP][PASSED] - ExecuteTC = findTestData(dataFile).getValue("Execute", row): null

25-09-2024T13:59:36 - [TEST_STEP][PASSED] - out.println("Value of Execute is : " + ExecuteTC): null

25-09-2024T13:59:36 - [TEST_STEP][PASSED] - if (ExecuteTC.equalsIgnoreCase("Y")): null

25-09-2024T13:59:36 - [TEST_STEP][PASSED] - out.println("Begin Record Number: " + row): null

25-09-2024T13:59:36 - [TEST_STEP][PASSED] - today = new java.util.Date(): null

25-09-2024T13:59:36 - [TEST_STEP][PASSED] - println(today): null

25-09-2024T13:59:36 - [TEST_STEP][PASSED] - datText = today: null

25-09-2024T13:59:36 - [TEST_STEP][PASSED] - EmulatorDataKey = findTestData(dataFile).getValue("EmulatorData", row): null

25-09-2024T13:59:36 - [TEST_STEP][PASSED] - out.println("Value of Emulator Key is : " + EmulatorDataKey): null

25-09-2024T13:59:36 - [TEST_STEP][PASSED] - iwpPages.emulatorIWP30.setDataEmulator_DD(EmulatorDataKey): iwpPages.emulatorIWP30.setDataEmulator_DD is PASSED

25-09-2024T13:59:36 - [MESSAGE][INFO] - Starting 'Edge Chromium' driver

25-09-2024T13:59:36 - [MESSAGE][INFO] - User set preference: ['acceptInsecureCerts', 'true']

25-09-2024T13:59:38 - [MESSAGE][INFO] - Action delay is set to 0 milliseconds

25-09-2024T13:59:41 - [MESSAGE][PASSED] - Browser is opened with url: 'https://qa.velocitypayment.com/agency/config.do?action=editor&message_version=2_5'

25-09-2024T13:59:41 - [MESSAGE][PASSED] - Current window maximized

25-09-2024T13:59:42 - [MESSAGE][PASSED] - All options with value '2.5' are selected in object 'Object Repository/IWP30/Page_VRelay30Emulator/MV'  using regular expression

25-09-2024T13:59:43 - [MESSAGE][PASSED] - Text '10.50' is set on object 'Object Repository/IWP30/Page_VRelay30Emulator/Amount'

25-09-2024T13:59:44 - [MESSAGE][PASSED] - Text 'J0oKQKFWdBcp' is set on object 'Object Repository/IWP30/Page_VRelay30Emulator/CAN'

25-09-2024T13:59:44 - [MESSAGE][PASSED] - Text 'PayNow' is set on object 'Object Repository/IWP30/Page_VRelay30Emulator/Action'

25-09-2024T13:59:45 - [MESSAGE][PASSED] - Text 'en_US' is set on object 'Object Repository/IWP30/Page_VRelay30Emulator/Lang'

25-09-2024T13:59:45 - [MESSAGE][PASSED] - Text '' is set on object 'Object Repository/IWP30/Page_VRelay30Emulator/Fname'

25-09-2024T13:59:46 - [MESSAGE][PASSED] - Text '' is set on object 'Object Repository/IWP30/Page_VRelay30Emulator/Lname'

25-09-2024T13:59:46 - [MESSAGE][PASSED] - Text '' is set on object 'Object Repository/IWP30/Page_VRelay30Emulator/AL1'

25-09-2024T13:59:47 - [MESSAGE][PASSED] - Text '' is set on object 'Object Repository/IWP30/Page_VRelay30Emulator/AL2'

25-09-2024T13:59:48 - [MESSAGE][PASSED] - Text '' is set on object 'Object Repository/IWP30/Page_VRelay30Emulator/Country'

25-09-2024T13:59:48 - [MESSAGE][PASSED] - Text '' is set on object 'Object Repository/IWP30/Page_VRelay30Emulator/City'

25-09-2024T13:59:49 - [MESSAGE][PASSED] - Text '' is set on object 'Object Repository/IWP30/Page_VRelay30Emulator/State'

25-09-2024T13:59:49 - [MESSAGE][PASSED] - Text '' is set on object 'Object Repository/IWP30/Page_VRelay30Emulator/ZIP'

25-09-2024T13:59:50 - [MESSAGE][PASSED] - Text '' is set on object 'Object Repository/IWP30/Page_VRelay30Emulator/Order'

25-09-2024T13:59:50 - [MESSAGE][PASSED] - Text '' is set on object 'Object Repository/IWP30/Page_VRelay30Emulator/Company'

25-09-2024T13:59:51 - [MESSAGE][PASSED] - Text '' is set on object 'Object Repository/IWP30/Page_VRelay30Emulator/Email'

25-09-2024T13:59:52 - [MESSAGE][PASSED] - Text '' is set on object 'Object Repository/IWP30/Page_VRelay30Emulator/UDF1'

25-09-2024T13:59:52 - [MESSAGE][PASSED] - Text '' is set on object 'Object Repository/IWP30/Page_VRelay30Emulator/UDF2'

25-09-2024T13:59:53 - [MESSAGE][PASSED] - Text '' is set on object 'Object Repository/IWP30/Page_VRelay30Emulator/UDF3'

25-09-2024T13:59:53 - [MESSAGE][PASSED] - Text 'udf data 4' is set on object 'Object Repository/IWP30/Page_VRelay30Emulator/UDF4'

25-09-2024T13:59:54 - [MESSAGE][PASSED] - Text 'udf data 5' is set on object 'Object Repository/IWP30/Page_VRelay30Emulator/UDF5'

25-09-2024T13:59:55 - [MESSAGE][PASSED] - Text '' is set on object 'Object Repository/IWP30/Page_VRelay30Emulator/UDF6'

25-09-2024T13:59:55 - [MESSAGE][PASSED] - Text '' is set on object 'Object Repository/IWP30/Page_VRelay30Emulator/UDF7'

25-09-2024T13:59:56 - [MESSAGE][PASSED] - Text '' is set on object 'Object Repository/IWP30/Page_VRelay30Emulator/UDF8'

25-09-2024T13:59:56 - [MESSAGE][PASSED] - Text 'udf data 9' is set on object 'Object Repository/IWP30/Page_VRelay30Emulator/UDF9'

25-09-2024T13:59:57 - [MESSAGE][PASSED] - Text 'udf data 10' is set on object 'Object Repository/IWP30/Page_VRelay30Emulator/UDF10'

25-09-2024T13:59:58 - [MESSAGE][PASSED] - Object: 'Object Repository/IWP30/Page_VRelay30Emulator/Submit' is clicked on

25-09-2024T14:00:02 - [MESSAGE][PASSED] - Browser is closed

25-09-2024T14:00:06 - [MESSAGE][PASSED] - iwpPages.emulatorIWP30.setDataEmulator_DD is PASSED

25-09-2024T14:00:06 - [TEST_STEP][PASSED] - testHarnessURL = urlTestHarness: null

25-09-2024T14:00:06 - [TEST_STEP][PASSED] - openBrowser(testHarnessURL): Browser is opened with url: 'https://dev-algorithm.govolution.com/vrelaytest/QA/version_2_2/vrelaytest.html'

25-09-2024T14:00:06 - [MESSAGE][INFO] - Starting 'Edge Chromium' driver

25-09-2024T14:00:06 - [MESSAGE][INFO] - User set preference: ['acceptInsecureCerts', 'true']

25-09-2024T14:00:09 - [MESSAGE][INFO] - Action delay is set to 0 milliseconds

25-09-2024T14:00:12 - [MESSAGE][PASSED] - Browser is opened with url: 'https://dev-algorithm.govolution.com/vrelaytest/QA/version_2_2/vrelaytest.html'

25-09-2024T14:00:12 - [TEST_STEP][PASSED] - maximizeWindow(): Current window maximized

25-09-2024T14:00:12 - [MESSAGE][PASSED] - Current window maximized

25-09-2024T14:00:12 - [TEST_STEP][PASSED] - iwpPages.TestHarnessPage.setDataMethod(row, dataFile): iwpPages.TestHarnessPage.setDataMethod is PASSED

25-09-2024T14:00:13 - [MESSAGE][PASSED] - Object 'Object Repository/IWP30/Page_QATestHarness/RemittanceID' is present

25-09-2024T14:00:13 - [MESSAGE][PASSED] - Text '638' is set on object 'Object Repository/IWP30/Page_QATestHarness/ApplicationID'

25-09-2024T14:00:14 - [MESSAGE][PASSED] - Text '2.5' is set on object 'Object Repository/IWP30/Page_QATestHarness/MessageVersion'

25-09-2024T14:00:15 - [MESSAGE][PASSED] - Text 'aDziEwU3tGzC' is set on object 'Object Repository/IWP30/Page_QATestHarness/RemittanceID'

25-09-2024T14:00:17 - [MESSAGE][PASSED] - Object: 'Object Repository/IWP30/Page_QATestHarness/SubmitButton' is clicked on

25-09-2024T14:00:17 - [MESSAGE][PASSED] - iwpPages.TestHarnessPage.setDataMethod is PASSED

25-09-2024T14:00:17 - [TEST_STEP][PASSED] - click(findTestObject("Object Repository/IWP30/Page_SelectPaymentMethod/PayByPersonalCheck")): Object: 'Object Repository/IWP30/Page_SelectPaymentMethod/PayByPersonalCheck' is clicked on

25-09-2024T14:00:18 - [MESSAGE][PASSED] - Object: 'Object Repository/IWP30/Page_SelectPaymentMethod/PayByPersonalCheck' is clicked on

25-09-2024T14:00:18 - [TEST_STEP][PASSED] - click(findTestObject("Object Repository/IWP30/Page_SelectPaymentMethod/MakePaymentButton")): Object: 'Object Repository/IWP30/Page_SelectPaymentMethod/MakePaymentButton' is clicked on

25-09-2024T14:00:20 - [MESSAGE][PASSED] - Object: 'Object Repository/IWP30/Page_SelectPaymentMethod/MakePaymentButton' is clicked on

25-09-2024T14:00:20 - [TEST_STEP][PASSED] - iwpPages.achPersonalPaymentEntryPage.setDataACHPPM(row, dataFile): iwpPages.achPersonalPaymentEntryPage.setDataACHPPM is PASSED

25-09-2024T14:00:21 - [MESSAGE][PASSED] - Object 'Object Repository/IWP30/Page_ACHPersonalPaymentEntry/txt_accountNumber' is present

25-09-2024T14:00:21 - [MESSAGE][PASSED] - Text '10.50' is set on object 'Object Repository/IWP30/Page_ACHPersonalPaymentEntry/txt_Amount'

25-09-2024T14:00:22 - [MESSAGE][PASSED] - Object 'Object Repository/IWP30/Page_ACHPersonalPaymentEntry/txt_UDF2' is present

25-09-2024T14:00:23 - [MESSAGE][PASSED] - Text 'udf data 2' is set on object 'Object Repository/IWP30/Page_ACHPersonalPaymentEntry/txt_UDF2'

25-09-2024T14:00:23 - [MESSAGE][PASSED] - Text 'udf data 3' is set on object 'Object Repository/IWP30/Page_ACHPersonalPaymentEntry/txt_UDF3'

25-09-2024T14:00:24 - [MESSAGE][PASSED] - All options with label 'Orange' are selected in object 'Object Repository/IWP30/Page_ACHPersonalPaymentEntry/dd_UDF7' 

25-09-2024T14:00:24 - [MESSAGE][PASSED] - All options with label 'Soccer' are selected in object 'Object Repository/IWP30/Page_ACHPersonalPaymentEntry/dd_UDF8' 

25-09-2024T14:00:25 - [MESSAGE][PASSED] - Object 'Object Repository/IWP30/Page_ACHPersonalPaymentEntry/txt_Firstname' is present

25-09-2024T14:00:25 - [MESSAGE][PASSED] - Text 'Curlonty' is set on object 'Object Repository/IWP30/Page_ACHPersonalPaymentEntry/txt_Firstname'

25-09-2024T14:00:25 - [MESSAGE][PASSED] - Object 'Object Repository/IWP30/Page_ACHPersonalPaymentEntry/txt_Lastname' is present

25-09-2024T14:00:26 - [MESSAGE][PASSED] - Text 'Lachuga' is set on object 'Object Repository/IWP30/Page_ACHPersonalPaymentEntry/txt_Lastname'

25-09-2024T14:00:26 - [MESSAGE][PASSED] - Object 'Object Repository/IWP30/Page_ACHPersonalPaymentEntry/txt_routingNumber' is present

25-09-2024T14:00:27 - [MESSAGE][PASSED] - Text '256072691' is set on object 'Object Repository/IWP30/Page_ACHPersonalPaymentEntry/txt_routingNumber'

25-09-2024T14:00:27 - [MESSAGE][PASSED] - Object 'Object Repository/IWP30/Page_ACHPersonalPaymentEntry/txt_accountNumber' is present

25-09-2024T14:00:29 - [MESSAGE][PASSED] - Text '12342222' is set on object 'Object Repository/IWP30/Page_ACHPersonalPaymentEntry/txt_accountNumber'

25-09-2024T14:00:29 - [MESSAGE][PASSED] - Object 'Object Repository/IWP30/Page_ACHPersonalPaymentEntry/txt_confirmAccountNumber' is present

25-09-2024T14:00:30 - [MESSAGE][PASSED] - Text '12342222' is set on object 'Object Repository/IWP30/Page_ACHPersonalPaymentEntry/txt_confirmAccountNumber'

25-09-2024T14:00:30 - [MESSAGE][PASSED] - Object 'Object Repository/IWP30/Page_ACHPersonalPaymentEntry/rd_accountType' is present

25-09-2024T14:00:30 - [MESSAGE][PASSED] - Modify property of object successfully

25-09-2024T14:00:30 - [MESSAGE][PASSED] - Object: 'Object Repository/IWP30/Page_ACHPersonalPaymentEntry/rd_accountType' is clicked on

25-09-2024T14:00:31 - [MESSAGE][PASSED] - Text '365 Main Avenue' is set on object 'Object Repository/IWP30/Page_ACHPersonalPaymentEntry/txt_AL1'

25-09-2024T14:00:32 - [MESSAGE][PASSED] - Text '22201' is set on object 'Object Repository/IWP30/Page_ACHPersonalPaymentEntry/txt_ZIP'

25-09-2024T14:00:32 - [MESSAGE][PASSED] - Object 'Object Repository/IWP30/Page_ACHPersonalPaymentEntry/txt_Email' is present

25-09-2024T14:00:33 - [MESSAGE][PASSED] - Text 'iahmed@govolution.com' is set on object 'Object Repository/IWP30/Page_ACHPersonalPaymentEntry/txt_Email'

25-09-2024T14:00:33 - [MESSAGE][PASSED] - Object 'Object Repository/IWP30/Page_ACHPersonalPaymentEntry/cb_TermsAndCond' is present

25-09-2024T14:00:34 - [MESSAGE][PASSED] - Object: 'Object Repository/IWP30/Page_ACHPersonalPaymentEntry/cb_TermsAndCond' is clicked on

25-09-2024T14:00:34 - [MESSAGE][PASSED] - Object 'Object Repository/IWP30/Page_ACHPersonalPaymentEntry/btn_Continue' is present

25-09-2024T14:00:35 - [MESSAGE][PASSED] - Object: 'Object Repository/IWP30/Page_ACHPersonalPaymentEntry/btn_Continue' is clicked on

25-09-2024T14:00:35 - [MESSAGE][PASSED] - iwpPages.achPersonalPaymentEntryPage.setDataACHPPM is PASSED

25-09-2024T14:00:35 - [TEST_STEP][PASSED] - Thread.sleep(5000): null

25-09-2024T14:00:40 - [TEST_STEP][PASSED] - if (verifyTextPresent("Make a Real Estate Payment", false)): null

25-09-2024T14:00:41 - [MESSAGE][PASSED] - Text 'Make a Real Estate Payment' is present on page 

25-09-2024T14:00:41 - [TEST_STEP][PASSED] - isRequiredTextPresent = true: null

25-09-2024T14:00:41 - [TEST_STEP][PASSED] - println(isRequiredTextPresent): null

25-09-2024T14:00:41 - [TEST_STEP][PASSED] - if (isRequiredTextPresent): null

25-09-2024T14:00:41 - [TEST_STEP][PASSED] - if (verifyTextPresent("Confirm Payment Information", false)): null

25-09-2024T14:00:41 - [MESSAGE][PASSED] - Text 'Confirm Payment Information' is present on page 

25-09-2024T14:00:41 - [TEST_STEP][PASSED] - isRequiredTextPresent = true: null

25-09-2024T14:00:41 - [TEST_STEP][PASSED] - println(isRequiredTextPresent): null

25-09-2024T14:00:41 - [TEST_STEP][PASSED] - if (isRequiredTextPresent): null

25-09-2024T14:00:41 - [TEST_STEP][PASSED] - if (verifyTextPresent("Please verify the following information:", false)): null

25-09-2024T14:00:41 - [MESSAGE][PASSED] - Text 'Please verify the following information:' is present on page 

25-09-2024T14:00:41 - [TEST_STEP][PASSED] - isRequiredTextPresent = true: null

25-09-2024T14:00:41 - [TEST_STEP][PASSED] - if (isRequiredTextPresent): null

25-09-2024T14:00:41 - [TEST_STEP][PASSED] - if (verifyTextPresent("Payment Information:", false)): null

25-09-2024T14:00:42 - [MESSAGE][PASSED] - Text 'Payment Information:' is present on page 

25-09-2024T14:00:42 - [TEST_STEP][PASSED] - isRequiredTextPresent = true: null

25-09-2024T14:00:42 - [TEST_STEP][PASSED] - if (isRequiredTextPresent): null

25-09-2024T14:00:42 - [TEST_STEP][PASSED] - if (verifyTextPresent("Tax Amount:", false)): null

25-09-2024T14:00:42 - [MESSAGE][PASSED] - Text 'Tax Amount:' is present on page 

25-09-2024T14:00:42 - [TEST_STEP][PASSED] - isRequiredTextPresent = true: null

25-09-2024T14:00:42 - [TEST_STEP][PASSED] - if (isRequiredTextPresent): null

25-09-2024T14:00:42 - [TEST_STEP][PASSED] - if (verifyTextPresent("Amount:", false)): null

25-09-2024T14:00:42 - [MESSAGE][PASSED] - Text 'Amount:' is present on page 

25-09-2024T14:00:42 - [TEST_STEP][PASSED] - isRequiredTextPresent = true: null

25-09-2024T14:00:42 - [TEST_STEP][PASSED] - if (isRequiredTextPresent): null

25-09-2024T14:00:42 - [TEST_STEP][PASSED] - if (verifyTextPresent("UDF2 Label:", false)): null

25-09-2024T14:00:42 - [MESSAGE][PASSED] - Text 'UDF2 Label:' is present on page 

25-09-2024T14:00:42 - [TEST_STEP][PASSED] - isRequiredTextPresent = true: null

25-09-2024T14:00:42 - [TEST_STEP][PASSED] - if (isRequiredTextPresent): null

25-09-2024T14:00:42 - [TEST_STEP][PASSED] - if (verifyTextPresent("UDF3 Label:", false)): null

25-09-2024T14:00:43 - [MESSAGE][PASSED] - Text 'UDF3 Label:' is present on page 

25-09-2024T14:00:43 - [TEST_STEP][PASSED] - isRequiredTextPresent = true: null

25-09-2024T14:00:43 - [TEST_STEP][PASSED] - if (isRequiredTextPresent): null

25-09-2024T14:00:43 - [TEST_STEP][PASSED] - if (verifyTextPresent("UDF4 Label:", false)): null

25-09-2024T14:00:43 - [MESSAGE][PASSED] - Text 'UDF4 Label:' is present on page 

25-09-2024T14:00:43 - [TEST_STEP][PASSED] - isRequiredTextPresent = true: null

25-09-2024T14:00:43 - [TEST_STEP][PASSED] - if (isRequiredTextPresent): null

25-09-2024T14:00:43 - [TEST_STEP][PASSED] - if (verifyTextPresent("UDF7 Label:", false)): null

25-09-2024T14:00:43 - [MESSAGE][PASSED] - Text 'UDF7 Label:' is present on page 

25-09-2024T14:00:43 - [TEST_STEP][PASSED] - isRequiredTextPresent = true: null

25-09-2024T14:00:43 - [TEST_STEP][PASSED] - if (isRequiredTextPresent): null

25-09-2024T14:00:43 - [TEST_STEP][PASSED] - if (verifyTextPresent("UDF8 Label:", false)): null

25-09-2024T14:00:44 - [MESSAGE][PASSED] - Text 'UDF8 Label:' is present on page 

25-09-2024T14:00:44 - [TEST_STEP][PASSED] - isRequiredTextPresent = true: null

25-09-2024T14:00:44 - [TEST_STEP][PASSED] - if (isRequiredTextPresent): null

25-09-2024T14:00:44 - [TEST_STEP][PASSED] - if (verifyTextPresent("UDF9 Label:", false)): null

25-09-2024T14:00:44 - [MESSAGE][PASSED] - Text 'UDF9 Label:' is present on page 

25-09-2024T14:00:44 - [TEST_STEP][PASSED] - isRequiredTextPresent = true: null

25-09-2024T14:00:44 - [TEST_STEP][PASSED] - if (isRequiredTextPresent): null

25-09-2024T14:00:44 - [TEST_STEP][PASSED] - if (verifyTextPresent("UDF9 Label:", false)): null

25-09-2024T14:00:44 - [MESSAGE][PASSED] - Text 'UDF9 Label:' is present on page 

25-09-2024T14:00:44 - [TEST_STEP][PASSED] - isRequiredTextPresent = true: null

25-09-2024T14:00:44 - [TEST_STEP][PASSED] - if (isRequiredTextPresent): null

25-09-2024T14:00:44 - [TEST_STEP][PASSED] - if (verifyTextPresent("Account Information:", false)): null

25-09-2024T14:00:44 - [MESSAGE][PASSED] - Text 'Account Information:' is present on page 

25-09-2024T14:00:44 - [TEST_STEP][PASSED] - isRequiredTextPresent = true: null

25-09-2024T14:00:44 - [TEST_STEP][PASSED] - if (isRequiredTextPresent): null

25-09-2024T14:00:44 - [TEST_STEP][PASSED] - if (verifyTextPresent("First Name on Check:", false)): null

25-09-2024T14:00:45 - [MESSAGE][PASSED] - Text 'First Name on Check:' is present on page 

25-09-2024T14:00:45 - [TEST_STEP][PASSED] - isRequiredTextPresent = true: null

25-09-2024T14:00:45 - [TEST_STEP][PASSED] - if (isRequiredTextPresent): null

25-09-2024T14:00:45 - [TEST_STEP][PASSED] - if (verifyTextPresent("Last Name on Check:", false)): null

25-09-2024T14:00:45 - [MESSAGE][PASSED] - Text 'Last Name on Check:' is present on page 

25-09-2024T14:00:45 - [TEST_STEP][PASSED] - isRequiredTextPresent = true: null

25-09-2024T14:00:45 - [TEST_STEP][PASSED] - if (isRequiredTextPresent): null

25-09-2024T14:00:45 - [TEST_STEP][PASSED] - if (verifyTextPresent("Routing Transit Number:", false)): null

25-09-2024T14:00:45 - [MESSAGE][PASSED] - Text 'Routing Transit Number:' is present on page 

25-09-2024T14:00:45 - [TEST_STEP][PASSED] - isRequiredTextPresent = true: null

25-09-2024T14:00:45 - [TEST_STEP][PASSED] - if (isRequiredTextPresent): null

25-09-2024T14:00:45 - [TEST_STEP][PASSED] - if (verifyTextPresent("Account Number:", false)): null

25-09-2024T14:00:45 - [MESSAGE][PASSED] - Text 'Account Number:' is present on page 

25-09-2024T14:00:45 - [TEST_STEP][PASSED] - isRequiredTextPresent = true: null

25-09-2024T14:00:45 - [TEST_STEP][PASSED] - if (isRequiredTextPresent): null

25-09-2024T14:00:45 - [TEST_STEP][PASSED] - if (verifyTextPresent("Type of Account:", false)): null

25-09-2024T14:00:46 - [MESSAGE][PASSED] - Text 'Type of Account:' is present on page 

25-09-2024T14:00:46 - [TEST_STEP][PASSED] - isRequiredTextPresent = true: null

25-09-2024T14:00:46 - [TEST_STEP][PASSED] - if (isRequiredTextPresent): null

25-09-2024T14:00:46 - [TEST_STEP][PASSED] - if (verifyTextPresent("Payment Date:", false)): null

25-09-2024T14:00:46 - [MESSAGE][PASSED] - Text 'Payment Date:' is present on page 

25-09-2024T14:00:46 - [TEST_STEP][PASSED] - isRequiredTextPresent = true: null

25-09-2024T14:00:46 - [TEST_STEP][PASSED] - if (isRequiredTextPresent): null

25-09-2024T14:00:46 - [TEST_STEP][PASSED] - if (verifyTextPresent("Address Line 1:", false)): null

25-09-2024T14:00:46 - [MESSAGE][PASSED] - Text 'Address Line 1:' is present on page 

25-09-2024T14:00:46 - [TEST_STEP][PASSED] - isRequiredTextPresent = true: null

25-09-2024T14:00:46 - [TEST_STEP][PASSED] - if (isRequiredTextPresent): null

25-09-2024T14:00:46 - [TEST_STEP][PASSED] - if (verifyTextPresent("Country:", false)): null

25-09-2024T14:00:47 - [MESSAGE][PASSED] - Text 'Country:' is present on page 

25-09-2024T14:00:47 - [TEST_STEP][PASSED] - isRequiredTextPresent = true: null

25-09-2024T14:00:47 - [TEST_STEP][PASSED] - if (isRequiredTextPresent): null

25-09-2024T14:00:47 - [TEST_STEP][PASSED] - if (verifyTextPresent("City:", false)): null

25-09-2024T14:00:47 - [MESSAGE][PASSED] - Text 'City:' is present on page 

25-09-2024T14:00:47 - [TEST_STEP][PASSED] - isRequiredTextPresent = true: null

25-09-2024T14:00:47 - [TEST_STEP][PASSED] - if (isRequiredTextPresent): null

25-09-2024T14:00:47 - [TEST_STEP][PASSED] - if (verifyTextPresent("State:", false)): null

25-09-2024T14:00:47 - [MESSAGE][PASSED] - Text 'State:' is present on page 

25-09-2024T14:00:47 - [TEST_STEP][PASSED] - isRequiredTextPresent = true: null

25-09-2024T14:00:47 - [TEST_STEP][PASSED] - if (isRequiredTextPresent): null

25-09-2024T14:00:47 - [TEST_STEP][PASSED] - if (verifyTextPresent("ZIP Code:", false)): null

25-09-2024T14:00:48 - [MESSAGE][PASSED] - Text 'ZIP Code:' is present on page 

25-09-2024T14:00:48 - [TEST_STEP][PASSED] - isRequiredTextPresent = true: null

25-09-2024T14:00:48 - [TEST_STEP][PASSED] - if (isRequiredTextPresent): null

25-09-2024T14:00:48 - [TEST_STEP][PASSED] - if (verifyTextPresent("Email Address:", false)): null

25-09-2024T14:00:48 - [MESSAGE][PASSED] - Text 'Email Address:' is present on page 

25-09-2024T14:00:48 - [TEST_STEP][PASSED] - isRequiredTextPresent = true: null

25-09-2024T14:00:48 - [TEST_STEP][PASSED] - if (isRequiredTextPresent): null

25-09-2024T14:00:48 - [TEST_STEP][PASSED] - if (verifyTextPresent("Is this information correct?", false)): null

25-09-2024T14:00:48 - [MESSAGE][PASSED] - Text 'Is this information correct?' is present on page 

25-09-2024T14:00:48 - [TEST_STEP][PASSED] - isRequiredTextPresent = true: null

25-09-2024T14:00:48 - [TEST_STEP][PASSED] - closeBrowser(): Browser is closed

25-09-2024T14:00:49 - [MESSAGE][PASSED] - Browser is closed]]></system-out>
         <system-err><![CDATA[]]></system-err>
      </testcase>
      <testcase name="Test Cases/IntegratedWeb/IWP25/Payments/VerifyConfirmPageLabelsPS" time="72.18" classname="Test Cases/IntegratedWeb/IWP25/Payments/VerifyConfirmPageLabelsPS" status="PASSED">
         <system-out><![CDATA[25-09-2024T14:00:49 - [TEST_CASE][PASSED] - Test Cases/IntegratedWeb/IWP25/Payments/VerifyConfirmPageLabelsPS: Test Cases/IntegratedWeb/IWP25/Payments/VerifyConfirmPageLabelsPS

25-09-2024T14:00:49 - [TEST_STEP][PASSED] - resText = "Fail": null

25-09-2024T14:00:49 - [TEST_STEP][PASSED] - resColumn = "Result": null

25-09-2024T14:00:49 - [TEST_STEP][PASSED] - datCloumn = "Date": null

25-09-2024T14:00:49 - [TEST_STEP][PASSED] - fileLoc = "KatalonData/IWPTestData/VRelay25Payments.xlsx": null

25-09-2024T14:00:49 - [TEST_STEP][PASSED] - numOfRows = <not implemented yet for class: org.codehaus.groovy.ast.expr.EmptyExpression>: null

25-09-2024T14:00:49 - [TEST_STEP][PASSED] - dataFile = <not implemented yet for class: org.codehaus.groovy.ast.expr.EmptyExpression>: null

25-09-2024T14:00:49 - [TEST_STEP][PASSED] - nameSheet = <not implemented yet for class: org.codehaus.groovy.ast.expr.EmptyExpression>: null

25-09-2024T14:00:49 - [TEST_STEP][PASSED] - dataFileEmulator = <not implemented yet for class: org.codehaus.groovy.ast.expr.EmptyExpression>: null

25-09-2024T14:00:49 - [TEST_STEP][PASSED] - isRequiredTextPresent = false: null

25-09-2024T14:00:49 - [TEST_STEP][PASSED] - nameSheet = "VerifyConfirmPageLabelsPS": null

25-09-2024T14:00:49 - [TEST_STEP][PASSED] - dataFile = "IWPTestData/IWP25VerifyConfirmPageLabelsPS": null

25-09-2024T14:00:49 - [TEST_STEP][PASSED] - dataFileEmulator = "IWPTestData/EmulatorData": null

25-09-2024T14:00:49 - [TEST_STEP][PASSED] - numOfRows = findTestData(dataFile).getRowNumbers(): null

25-09-2024T14:00:49 - [TEST_STEP][PASSED] - println("Number of Records: " + numOfRows): null

25-09-2024T14:00:49 - [TEST_STEP][PASSED] - for ([row = 1, row <= numOfRows, (row++)]): Browser is closed

25-09-2024T14:00:49 - [TEST_STEP][PASSED] - ExecuteTC = findTestData(dataFile).getValue("Execute", row): null

25-09-2024T14:00:49 - [TEST_STEP][PASSED] - out.println("Value of Execute is : " + ExecuteTC): null

25-09-2024T14:00:49 - [TEST_STEP][PASSED] - if (ExecuteTC.equalsIgnoreCase("Y")): null

25-09-2024T14:00:49 - [TEST_STEP][PASSED] - out.println("Begin Record Number: " + row): null

25-09-2024T14:00:49 - [TEST_STEP][PASSED] - today = new java.util.Date(): null

25-09-2024T14:00:49 - [TEST_STEP][PASSED] - println(today): null

25-09-2024T14:00:49 - [TEST_STEP][PASSED] - datText = today: null

25-09-2024T14:00:49 - [TEST_STEP][PASSED] - EmulatorDataKey = findTestData(dataFile).getValue("EmulatorData", row): null

25-09-2024T14:00:49 - [TEST_STEP][PASSED] - out.println("Value of Emulator Key is : " + EmulatorDataKey): null

25-09-2024T14:00:49 - [TEST_STEP][PASSED] - iwpPages.emulatorIWP30.setDataEmulator_DD(EmulatorDataKey): iwpPages.emulatorIWP30.setDataEmulator_DD is PASSED

25-09-2024T14:00:50 - [MESSAGE][INFO] - Starting 'Edge Chromium' driver

25-09-2024T14:00:50 - [MESSAGE][INFO] - User set preference: ['acceptInsecureCerts', 'true']

25-09-2024T14:00:52 - [MESSAGE][INFO] - Action delay is set to 0 milliseconds

25-09-2024T14:00:55 - [MESSAGE][PASSED] - Browser is opened with url: 'https://qa.velocitypayment.com/agency/config.do?action=editor&message_version=2_5'

25-09-2024T14:00:55 - [MESSAGE][PASSED] - Current window maximized

25-09-2024T14:00:56 - [MESSAGE][PASSED] - All options with value '2.5' are selected in object 'Object Repository/IWP30/Page_VRelay30Emulator/MV'  using regular expression

25-09-2024T14:00:57 - [MESSAGE][PASSED] - Text '10.50' is set on object 'Object Repository/IWP30/Page_VRelay30Emulator/Amount'

25-09-2024T14:00:58 - [MESSAGE][PASSED] - Text 'wFdMAg6NRw91' is set on object 'Object Repository/IWP30/Page_VRelay30Emulator/CAN'

25-09-2024T14:00:58 - [MESSAGE][PASSED] - Text 'PayNow' is set on object 'Object Repository/IWP30/Page_VRelay30Emulator/Action'

25-09-2024T14:00:59 - [MESSAGE][PASSED] - Text 'en_US' is set on object 'Object Repository/IWP30/Page_VRelay30Emulator/Lang'

25-09-2024T14:00:59 - [MESSAGE][PASSED] - Text '' is set on object 'Object Repository/IWP30/Page_VRelay30Emulator/Fname'

25-09-2024T14:01:00 - [MESSAGE][PASSED] - Text '' is set on object 'Object Repository/IWP30/Page_VRelay30Emulator/Lname'

25-09-2024T14:01:01 - [MESSAGE][PASSED] - Text '' is set on object 'Object Repository/IWP30/Page_VRelay30Emulator/AL1'

25-09-2024T14:01:01 - [MESSAGE][PASSED] - Text '' is set on object 'Object Repository/IWP30/Page_VRelay30Emulator/AL2'

25-09-2024T14:01:02 - [MESSAGE][PASSED] - Text '' is set on object 'Object Repository/IWP30/Page_VRelay30Emulator/Country'

25-09-2024T14:01:02 - [MESSAGE][PASSED] - Text '' is set on object 'Object Repository/IWP30/Page_VRelay30Emulator/City'

25-09-2024T14:01:03 - [MESSAGE][PASSED] - Text '' is set on object 'Object Repository/IWP30/Page_VRelay30Emulator/State'

25-09-2024T14:01:04 - [MESSAGE][PASSED] - Text '' is set on object 'Object Repository/IWP30/Page_VRelay30Emulator/ZIP'

25-09-2024T14:01:04 - [MESSAGE][PASSED] - Text '' is set on object 'Object Repository/IWP30/Page_VRelay30Emulator/Order'

25-09-2024T14:01:05 - [MESSAGE][PASSED] - Text '' is set on object 'Object Repository/IWP30/Page_VRelay30Emulator/Company'

25-09-2024T14:01:05 - [MESSAGE][PASSED] - Text '' is set on object 'Object Repository/IWP30/Page_VRelay30Emulator/Email'

25-09-2024T14:01:06 - [MESSAGE][PASSED] - Text '' is set on object 'Object Repository/IWP30/Page_VRelay30Emulator/UDF1'

25-09-2024T14:01:06 - [MESSAGE][PASSED] - Text '' is set on object 'Object Repository/IWP30/Page_VRelay30Emulator/UDF2'

25-09-2024T14:01:07 - [MESSAGE][PASSED] - Text '' is set on object 'Object Repository/IWP30/Page_VRelay30Emulator/UDF3'

25-09-2024T14:01:08 - [MESSAGE][PASSED] - Text 'udf data 4' is set on object 'Object Repository/IWP30/Page_VRelay30Emulator/UDF4'

25-09-2024T14:01:08 - [MESSAGE][PASSED] - Text 'udf data 5' is set on object 'Object Repository/IWP30/Page_VRelay30Emulator/UDF5'

25-09-2024T14:01:09 - [MESSAGE][PASSED] - Text '' is set on object 'Object Repository/IWP30/Page_VRelay30Emulator/UDF6'

25-09-2024T14:01:09 - [MESSAGE][PASSED] - Text '' is set on object 'Object Repository/IWP30/Page_VRelay30Emulator/UDF7'

25-09-2024T14:01:10 - [MESSAGE][PASSED] - Text '' is set on object 'Object Repository/IWP30/Page_VRelay30Emulator/UDF8'

25-09-2024T14:01:10 - [MESSAGE][PASSED] - Text 'udf data 9' is set on object 'Object Repository/IWP30/Page_VRelay30Emulator/UDF9'

25-09-2024T14:01:11 - [MESSAGE][PASSED] - Text 'udf data 10' is set on object 'Object Repository/IWP30/Page_VRelay30Emulator/UDF10'

25-09-2024T14:01:12 - [MESSAGE][PASSED] - Object: 'Object Repository/IWP30/Page_VRelay30Emulator/Submit' is clicked on

25-09-2024T14:01:17 - [MESSAGE][PASSED] - Browser is closed

25-09-2024T14:01:21 - [MESSAGE][PASSED] - iwpPages.emulatorIWP30.setDataEmulator_DD is PASSED

25-09-2024T14:01:21 - [TEST_STEP][PASSED] - testHarnessURL = urlTestHarness: null

25-09-2024T14:01:21 - [TEST_STEP][PASSED] - openBrowser(testHarnessURL): Browser is opened with url: 'https://dev-algorithm.govolution.com/vrelaytest/QA/version_2_2/vrelaytest.html'

25-09-2024T14:01:21 - [MESSAGE][INFO] - Starting 'Edge Chromium' driver

25-09-2024T14:01:21 - [MESSAGE][INFO] - User set preference: ['acceptInsecureCerts', 'true']

25-09-2024T14:01:23 - [MESSAGE][INFO] - Action delay is set to 0 milliseconds

25-09-2024T14:01:26 - [MESSAGE][PASSED] - Browser is opened with url: 'https://dev-algorithm.govolution.com/vrelaytest/QA/version_2_2/vrelaytest.html'

25-09-2024T14:01:26 - [TEST_STEP][PASSED] - maximizeWindow(): Current window maximized

25-09-2024T14:01:26 - [MESSAGE][PASSED] - Current window maximized

25-09-2024T14:01:27 - [TEST_STEP][PASSED] - iwpPages.TestHarnessPage.setDataMethod(row, dataFile): iwpPages.TestHarnessPage.setDataMethod is PASSED

25-09-2024T14:01:27 - [MESSAGE][PASSED] - Object 'Object Repository/IWP30/Page_QATestHarness/RemittanceID' is present

25-09-2024T14:01:27 - [MESSAGE][PASSED] - Text '638' is set on object 'Object Repository/IWP30/Page_QATestHarness/ApplicationID'

25-09-2024T14:01:28 - [MESSAGE][PASSED] - Text '2.5' is set on object 'Object Repository/IWP30/Page_QATestHarness/MessageVersion'

25-09-2024T14:01:29 - [MESSAGE][PASSED] - Text '95zNgWSo5XyB' is set on object 'Object Repository/IWP30/Page_QATestHarness/RemittanceID'

25-09-2024T14:01:32 - [MESSAGE][PASSED] - Object: 'Object Repository/IWP30/Page_QATestHarness/SubmitButton' is clicked on

25-09-2024T14:01:32 - [MESSAGE][PASSED] - iwpPages.TestHarnessPage.setDataMethod is PASSED

25-09-2024T14:01:32 - [TEST_STEP][PASSED] - click(findTestObject("Object Repository/IWP30/Page_SelectPaymentMethod/PayByPersonalCheck")): Object: 'Object Repository/IWP30/Page_SelectPaymentMethod/PayByPersonalCheck' is clicked on

25-09-2024T14:01:32 - [MESSAGE][PASSED] - Object: 'Object Repository/IWP30/Page_SelectPaymentMethod/PayByPersonalCheck' is clicked on

25-09-2024T14:01:32 - [TEST_STEP][PASSED] - click(findTestObject("Object Repository/IWP30/Page_SelectPaymentMethod/MakePaymentButton")): Object: 'Object Repository/IWP30/Page_SelectPaymentMethod/MakePaymentButton' is clicked on

25-09-2024T14:01:34 - [MESSAGE][PASSED] - Object: 'Object Repository/IWP30/Page_SelectPaymentMethod/MakePaymentButton' is clicked on

25-09-2024T14:01:34 - [TEST_STEP][PASSED] - iwpPages.achPersonalPaymentEntryPage.setDataACHPPM(row, dataFile): iwpPages.achPersonalPaymentEntryPage.setDataACHPPM is PASSED

25-09-2024T14:01:35 - [MESSAGE][PASSED] - Object 'Object Repository/IWP30/Page_ACHPersonalPaymentEntry/txt_accountNumber' is present

25-09-2024T14:01:35 - [MESSAGE][PASSED] - Text '10.50' is set on object 'Object Repository/IWP30/Page_ACHPersonalPaymentEntry/txt_Amount'

25-09-2024T14:01:36 - [MESSAGE][PASSED] - Object 'Object Repository/IWP30/Page_ACHPersonalPaymentEntry/txt_UDF2' is present

25-09-2024T14:01:36 - [MESSAGE][PASSED] - Text 'udf data 2' is set on object 'Object Repository/IWP30/Page_ACHPersonalPaymentEntry/txt_UDF2'

25-09-2024T14:01:37 - [MESSAGE][PASSED] - Text 'udf data 3' is set on object 'Object Repository/IWP30/Page_ACHPersonalPaymentEntry/txt_UDF3'

25-09-2024T14:01:37 - [MESSAGE][PASSED] - All options with label 'Orange' are selected in object 'Object Repository/IWP30/Page_ACHPersonalPaymentEntry/dd_UDF7' 

25-09-2024T14:01:38 - [MESSAGE][PASSED] - All options with label 'Soccer' are selected in object 'Object Repository/IWP30/Page_ACHPersonalPaymentEntry/dd_UDF8' 

25-09-2024T14:01:38 - [MESSAGE][PASSED] - Object 'Object Repository/IWP30/Page_ACHPersonalPaymentEntry/txt_Firstname' is present

25-09-2024T14:01:39 - [MESSAGE][PASSED] - Text 'Curlonty' is set on object 'Object Repository/IWP30/Page_ACHPersonalPaymentEntry/txt_Firstname'

25-09-2024T14:01:39 - [MESSAGE][PASSED] - Object 'Object Repository/IWP30/Page_ACHPersonalPaymentEntry/txt_Lastname' is present

25-09-2024T14:01:40 - [MESSAGE][PASSED] - Text 'Lachuga' is set on object 'Object Repository/IWP30/Page_ACHPersonalPaymentEntry/txt_Lastname'

25-09-2024T14:01:40 - [MESSAGE][PASSED] - Object 'Object Repository/IWP30/Page_ACHPersonalPaymentEntry/txt_routingNumber' is present

25-09-2024T14:01:40 - [MESSAGE][PASSED] - Text '256072691' is set on object 'Object Repository/IWP30/Page_ACHPersonalPaymentEntry/txt_routingNumber'

25-09-2024T14:01:41 - [MESSAGE][PASSED] - Object 'Object Repository/IWP30/Page_ACHPersonalPaymentEntry/txt_accountNumber' is present

25-09-2024T14:01:42 - [MESSAGE][PASSED] - Text '12342222' is set on object 'Object Repository/IWP30/Page_ACHPersonalPaymentEntry/txt_accountNumber'

25-09-2024T14:01:42 - [MESSAGE][PASSED] - Object 'Object Repository/IWP30/Page_ACHPersonalPaymentEntry/txt_confirmAccountNumber' is present

25-09-2024T14:01:43 - [MESSAGE][PASSED] - Text '12342222' is set on object 'Object Repository/IWP30/Page_ACHPersonalPaymentEntry/txt_confirmAccountNumber'

25-09-2024T14:01:43 - [MESSAGE][PASSED] - Object 'Object Repository/IWP30/Page_ACHPersonalPaymentEntry/rd_accountType' is present

25-09-2024T14:01:43 - [MESSAGE][PASSED] - Modify property of object successfully

25-09-2024T14:01:44 - [MESSAGE][PASSED] - Object: 'Object Repository/IWP30/Page_ACHPersonalPaymentEntry/rd_accountType' is clicked on

25-09-2024T14:01:44 - [MESSAGE][PASSED] - Text '365 Main Avenue' is set on object 'Object Repository/IWP30/Page_ACHPersonalPaymentEntry/txt_AL1'

25-09-2024T14:01:45 - [MESSAGE][PASSED] - Text '22201' is set on object 'Object Repository/IWP30/Page_ACHPersonalPaymentEntry/txt_ZIP'

25-09-2024T14:01:45 - [MESSAGE][PASSED] - Object 'Object Repository/IWP30/Page_ACHPersonalPaymentEntry/txt_Email' is present

25-09-2024T14:01:46 - [MESSAGE][PASSED] - Text 'iahmed@govolution.com' is set on object 'Object Repository/IWP30/Page_ACHPersonalPaymentEntry/txt_Email'

25-09-2024T14:01:46 - [MESSAGE][PASSED] - Object 'Object Repository/IWP30/Page_ACHPersonalPaymentEntry/cb_TermsAndCond' is present

25-09-2024T14:01:47 - [MESSAGE][PASSED] - Object: 'Object Repository/IWP30/Page_ACHPersonalPaymentEntry/cb_TermsAndCond' is clicked on

25-09-2024T14:01:47 - [MESSAGE][PASSED] - Object 'Object Repository/IWP30/Page_ACHPersonalPaymentEntry/btn_Continue' is present

25-09-2024T14:01:48 - [MESSAGE][PASSED] - Object: 'Object Repository/IWP30/Page_ACHPersonalPaymentEntry/btn_Continue' is clicked on

25-09-2024T14:01:48 - [MESSAGE][PASSED] - iwpPages.achPersonalPaymentEntryPage.setDataACHPPM is PASSED

25-09-2024T14:01:48 - [TEST_STEP][PASSED] - Thread.sleep(5000): null

25-09-2024T14:01:53 - [TEST_STEP][PASSED] - if (verifyTextPresent("Make a Real Estate Payment", false)): null

25-09-2024T14:01:53 - [MESSAGE][PASSED] - Text 'Make a Real Estate Payment' is present on page 

25-09-2024T14:01:53 - [TEST_STEP][PASSED] - isRequiredTextPresent = true: null

25-09-2024T14:01:53 - [TEST_STEP][PASSED] - println(isRequiredTextPresent): null

25-09-2024T14:01:53 - [TEST_STEP][PASSED] - if (isRequiredTextPresent): null

25-09-2024T14:01:53 - [TEST_STEP][PASSED] - if (verifyTextPresent("Confirm Payment Information", false)): null

25-09-2024T14:01:54 - [MESSAGE][PASSED] - Text 'Confirm Payment Information' is present on page 

25-09-2024T14:01:54 - [TEST_STEP][PASSED] - isRequiredTextPresent = true: null

25-09-2024T14:01:54 - [TEST_STEP][PASSED] - println(isRequiredTextPresent): null

25-09-2024T14:01:54 - [TEST_STEP][PASSED] - if (isRequiredTextPresent): null

25-09-2024T14:01:54 - [TEST_STEP][PASSED] - if (verifyTextPresent("Please verify the following information:", false)): null

25-09-2024T14:01:54 - [MESSAGE][PASSED] - Text 'Please verify the following information:' is present on page 

25-09-2024T14:01:54 - [TEST_STEP][PASSED] - isRequiredTextPresent = true: null

25-09-2024T14:01:54 - [TEST_STEP][PASSED] - if (isRequiredTextPresent): null

25-09-2024T14:01:54 - [TEST_STEP][PASSED] - if (verifyTextPresent("Payment Information:", false)): null

25-09-2024T14:01:54 - [MESSAGE][PASSED] - Text 'Payment Information:' is present on page 

25-09-2024T14:01:54 - [TEST_STEP][PASSED] - isRequiredTextPresent = true: null

25-09-2024T14:01:54 - [TEST_STEP][PASSED] - if (isRequiredTextPresent): null

25-09-2024T14:01:54 - [TEST_STEP][PASSED] - if (verifyTextPresent("Tax Amount:", false)): null

25-09-2024T14:01:55 - [MESSAGE][PASSED] - Text 'Tax Amount:' is present on page 

25-09-2024T14:01:55 - [TEST_STEP][PASSED] - isRequiredTextPresent = true: null

25-09-2024T14:01:55 - [TEST_STEP][PASSED] - if (isRequiredTextPresent): null

25-09-2024T14:01:55 - [TEST_STEP][PASSED] - if (verifyTextPresent("Amount:", false)): null

25-09-2024T14:01:55 - [MESSAGE][PASSED] - Text 'Amount:' is present on page 

25-09-2024T14:01:55 - [TEST_STEP][PASSED] - isRequiredTextPresent = true: null

25-09-2024T14:01:55 - [TEST_STEP][PASSED] - if (isRequiredTextPresent): null

25-09-2024T14:01:55 - [TEST_STEP][PASSED] - if (verifyTextPresent("UDF2 Label:", false)): null

25-09-2024T14:01:55 - [MESSAGE][PASSED] - Text 'UDF2 Label:' is present on page 

25-09-2024T14:01:55 - [TEST_STEP][PASSED] - isRequiredTextPresent = true: null

25-09-2024T14:01:55 - [TEST_STEP][PASSED] - if (isRequiredTextPresent): null

25-09-2024T14:01:55 - [TEST_STEP][PASSED] - if (verifyTextPresent("UDF3 Label:", false)): null

25-09-2024T14:01:55 - [MESSAGE][PASSED] - Text 'UDF3 Label:' is present on page 

25-09-2024T14:01:55 - [TEST_STEP][PASSED] - isRequiredTextPresent = true: null

25-09-2024T14:01:55 - [TEST_STEP][PASSED] - if (isRequiredTextPresent): null

25-09-2024T14:01:55 - [TEST_STEP][PASSED] - if (verifyTextPresent("UDF4 Label:", false)): null

25-09-2024T14:01:56 - [MESSAGE][PASSED] - Text 'UDF4 Label:' is present on page 

25-09-2024T14:01:56 - [TEST_STEP][PASSED] - isRequiredTextPresent = true: null

25-09-2024T14:01:56 - [TEST_STEP][PASSED] - if (isRequiredTextPresent): null

25-09-2024T14:01:56 - [TEST_STEP][PASSED] - if (verifyTextPresent("UDF7 Label:", false)): null

25-09-2024T14:01:56 - [MESSAGE][PASSED] - Text 'UDF7 Label:' is present on page 

25-09-2024T14:01:56 - [TEST_STEP][PASSED] - isRequiredTextPresent = true: null

25-09-2024T14:01:56 - [TEST_STEP][PASSED] - if (isRequiredTextPresent): null

25-09-2024T14:01:56 - [TEST_STEP][PASSED] - if (verifyTextPresent("UDF8 Label:", false)): null

25-09-2024T14:01:56 - [MESSAGE][PASSED] - Text 'UDF8 Label:' is present on page 

25-09-2024T14:01:56 - [TEST_STEP][PASSED] - isRequiredTextPresent = true: null

25-09-2024T14:01:56 - [TEST_STEP][PASSED] - if (isRequiredTextPresent): null

25-09-2024T14:01:56 - [TEST_STEP][PASSED] - if (verifyTextPresent("UDF9 Label:", false)): null

25-09-2024T14:01:56 - [MESSAGE][PASSED] - Text 'UDF9 Label:' is present on page 

25-09-2024T14:01:56 - [TEST_STEP][PASSED] - isRequiredTextPresent = true: null

25-09-2024T14:01:56 - [TEST_STEP][PASSED] - if (isRequiredTextPresent): null

25-09-2024T14:01:56 - [TEST_STEP][PASSED] - if (verifyTextPresent("UDF9 Label:", false)): null

25-09-2024T14:01:57 - [MESSAGE][PASSED] - Text 'UDF9 Label:' is present on page 

25-09-2024T14:01:57 - [TEST_STEP][PASSED] - isRequiredTextPresent = true: null

25-09-2024T14:01:57 - [TEST_STEP][PASSED] - if (isRequiredTextPresent): null

25-09-2024T14:01:57 - [TEST_STEP][PASSED] - if (verifyTextPresent("Account Information:", false)): null

25-09-2024T14:01:57 - [MESSAGE][PASSED] - Text 'Account Information:' is present on page 

25-09-2024T14:01:57 - [TEST_STEP][PASSED] - isRequiredTextPresent = true: null

25-09-2024T14:01:57 - [TEST_STEP][PASSED] - if (isRequiredTextPresent): null

25-09-2024T14:01:57 - [TEST_STEP][PASSED] - if (verifyTextPresent("First Name on Check:", false)): null

25-09-2024T14:01:57 - [MESSAGE][PASSED] - Text 'First Name on Check:' is present on page 

25-09-2024T14:01:57 - [TEST_STEP][PASSED] - isRequiredTextPresent = true: null

25-09-2024T14:01:57 - [TEST_STEP][PASSED] - if (isRequiredTextPresent): null

25-09-2024T14:01:57 - [TEST_STEP][PASSED] - if (verifyTextPresent("Last Name on Check:", false)): null

25-09-2024T14:01:58 - [MESSAGE][PASSED] - Text 'Last Name on Check:' is present on page 

25-09-2024T14:01:58 - [TEST_STEP][PASSED] - isRequiredTextPresent = true: null

25-09-2024T14:01:58 - [TEST_STEP][PASSED] - if (isRequiredTextPresent): null

25-09-2024T14:01:58 - [TEST_STEP][PASSED] - if (verifyTextPresent("Routing Transit Number:", false)): null

25-09-2024T14:01:58 - [MESSAGE][PASSED] - Text 'Routing Transit Number:' is present on page 

25-09-2024T14:01:58 - [TEST_STEP][PASSED] - isRequiredTextPresent = true: null

25-09-2024T14:01:58 - [TEST_STEP][PASSED] - if (isRequiredTextPresent): null

25-09-2024T14:01:58 - [TEST_STEP][PASSED] - if (verifyTextPresent("Account Number:", false)): null

25-09-2024T14:01:58 - [MESSAGE][PASSED] - Text 'Account Number:' is present on page 

25-09-2024T14:01:58 - [TEST_STEP][PASSED] - isRequiredTextPresent = true: null

25-09-2024T14:01:58 - [TEST_STEP][PASSED] - if (isRequiredTextPresent): null

25-09-2024T14:01:58 - [TEST_STEP][PASSED] - if (verifyTextPresent("Type of Account:", false)): null

25-09-2024T14:01:58 - [MESSAGE][PASSED] - Text 'Type of Account:' is present on page 

25-09-2024T14:01:58 - [TEST_STEP][PASSED] - isRequiredTextPresent = true: null

25-09-2024T14:01:58 - [TEST_STEP][PASSED] - if (isRequiredTextPresent): null

25-09-2024T14:01:58 - [TEST_STEP][PASSED] - if (verifyTextPresent("Payment Date:", false)): null

25-09-2024T14:01:59 - [MESSAGE][PASSED] - Text 'Payment Date:' is present on page 

25-09-2024T14:01:59 - [TEST_STEP][PASSED] - isRequiredTextPresent = true: null

25-09-2024T14:01:59 - [TEST_STEP][PASSED] - if (isRequiredTextPresent): null

25-09-2024T14:01:59 - [TEST_STEP][PASSED] - if (verifyTextPresent("Address Line 1:", false)): null

25-09-2024T14:01:59 - [MESSAGE][PASSED] - Text 'Address Line 1:' is present on page 

25-09-2024T14:01:59 - [TEST_STEP][PASSED] - isRequiredTextPresent = true: null

25-09-2024T14:01:59 - [TEST_STEP][PASSED] - if (isRequiredTextPresent): null

25-09-2024T14:01:59 - [TEST_STEP][PASSED] - if (verifyTextPresent("Country:", false)): null

25-09-2024T14:01:59 - [MESSAGE][PASSED] - Text 'Country:' is present on page 

25-09-2024T14:01:59 - [TEST_STEP][PASSED] - isRequiredTextPresent = true: null

25-09-2024T14:01:59 - [TEST_STEP][PASSED] - if (isRequiredTextPresent): null

25-09-2024T14:01:59 - [TEST_STEP][PASSED] - if (verifyTextPresent("City:", false)): null

25-09-2024T14:02:00 - [MESSAGE][PASSED] - Text 'City:' is present on page 

25-09-2024T14:02:00 - [TEST_STEP][PASSED] - isRequiredTextPresent = true: null

25-09-2024T14:02:00 - [TEST_STEP][PASSED] - if (isRequiredTextPresent): null

25-09-2024T14:02:00 - [TEST_STEP][PASSED] - if (verifyTextPresent("State:", false)): null

25-09-2024T14:02:00 - [MESSAGE][PASSED] - Text 'State:' is present on page 

25-09-2024T14:02:00 - [TEST_STEP][PASSED] - isRequiredTextPresent = true: null

25-09-2024T14:02:00 - [TEST_STEP][PASSED] - if (isRequiredTextPresent): null

25-09-2024T14:02:00 - [TEST_STEP][PASSED] - if (verifyTextPresent("ZIP Code:", false)): null

25-09-2024T14:02:00 - [MESSAGE][PASSED] - Text 'ZIP Code:' is present on page 

25-09-2024T14:02:00 - [TEST_STEP][PASSED] - isRequiredTextPresent = true: null

25-09-2024T14:02:00 - [TEST_STEP][PASSED] - if (isRequiredTextPresent): null

25-09-2024T14:02:00 - [TEST_STEP][PASSED] - if (verifyTextPresent("Email Address:", false)): null

25-09-2024T14:02:00 - [MESSAGE][PASSED] - Text 'Email Address:' is present on page 

25-09-2024T14:02:00 - [TEST_STEP][PASSED] - isRequiredTextPresent = true: null

25-09-2024T14:02:00 - [TEST_STEP][PASSED] - if (isRequiredTextPresent): null

25-09-2024T14:02:00 - [TEST_STEP][PASSED] - if (verifyTextPresent("Is this information correct?", false)): null

25-09-2024T14:02:01 - [MESSAGE][PASSED] - Text 'Is this information correct?' is present on page 

25-09-2024T14:02:01 - [TEST_STEP][PASSED] - isRequiredTextPresent = true: null

25-09-2024T14:02:01 - [TEST_STEP][PASSED] - closeBrowser(): Browser is closed

25-09-2024T14:02:01 - [MESSAGE][PASSED] - Browser is closed]]></system-out>
         <system-err><![CDATA[]]></system-err>
      </testcase>
      <testcase name="Test Cases/IntegratedWeb/IWP25/Payments/VerifyCreateReceiptLabelsDeferredCC" time="72.135" classname="Test Cases/IntegratedWeb/IWP25/Payments/VerifyCreateReceiptLabelsDeferredCC" status="PASSED">
         <system-out><![CDATA[25-09-2024T14:02:01 - [TEST_CASE][PASSED] - Test Cases/IntegratedWeb/IWP25/Payments/VerifyCreateReceiptLabelsDeferredCC: Test Cases/IntegratedWeb/IWP25/Payments/VerifyCreateReceiptLabelsDeferredCC

25-09-2024T14:02:01 - [TEST_STEP][PASSED] - resText = "Fail": null

25-09-2024T14:02:01 - [TEST_STEP][PASSED] - resColumn = "Result": null

25-09-2024T14:02:01 - [TEST_STEP][PASSED] - datCloumn = "Date": null

25-09-2024T14:02:01 - [TEST_STEP][PASSED] - fileLoc = "KatalonData/IWPTestData/VRelay25PaymentsExtension.xlsx": null

25-09-2024T14:02:01 - [TEST_STEP][PASSED] - numOfRows = <not implemented yet for class: org.codehaus.groovy.ast.expr.EmptyExpression>: null

25-09-2024T14:02:01 - [TEST_STEP][PASSED] - dataFile = <not implemented yet for class: org.codehaus.groovy.ast.expr.EmptyExpression>: null

25-09-2024T14:02:01 - [TEST_STEP][PASSED] - nameSheet = <not implemented yet for class: org.codehaus.groovy.ast.expr.EmptyExpression>: null

25-09-2024T14:02:01 - [TEST_STEP][PASSED] - dataFileEmulator = <not implemented yet for class: org.codehaus.groovy.ast.expr.EmptyExpression>: null

25-09-2024T14:02:01 - [TEST_STEP][PASSED] - isRequiredTextPresent = false: null

25-09-2024T14:02:01 - [TEST_STEP][PASSED] - nameSheet = "VerifyCreateLabelDeferredCredit": null

25-09-2024T14:02:01 - [TEST_STEP][PASSED] - dataFile = getExcelDataWithDefaultSheet("KatalonData/IWPTestData/VRelay25PaymentsExtension.xlsx", nameSheet, true): null

25-09-2024T14:02:01 - [TEST_STEP][PASSED] - dataFileEmulator = "IWPTestData/EmulatorData": null

25-09-2024T14:02:01 - [TEST_STEP][PASSED] - numOfRows = dataFile.getRowNumbers(): null

25-09-2024T14:02:01 - [TEST_STEP][PASSED] - println("Number of Records: " + numOfRows): null

25-09-2024T14:02:01 - [TEST_STEP][PASSED] - for ([row = 1, row <= numOfRows, (row++)]): Browser is closed

25-09-2024T14:02:01 - [TEST_STEP][PASSED] - ExecuteTC = dataFile.getValue("Execute", row): null

25-09-2024T14:02:01 - [TEST_STEP][PASSED] - out.println("Value of Execute is : " + ExecuteTC): null

25-09-2024T14:02:01 - [TEST_STEP][PASSED] - if (ExecuteTC.equalsIgnoreCase("Y")): null

25-09-2024T14:02:01 - [TEST_STEP][PASSED] - out.println("Begin Record Number: " + row): null

25-09-2024T14:02:01 - [TEST_STEP][PASSED] - today = new java.util.Date(): null

25-09-2024T14:02:01 - [TEST_STEP][PASSED] - println(today): null

25-09-2024T14:02:01 - [TEST_STEP][PASSED] - datText = today: null

25-09-2024T14:02:01 - [TEST_STEP][PASSED] - EmulatorDataKey = dataFile.getValue("EmulatorData", row): null

25-09-2024T14:02:01 - [TEST_STEP][PASSED] - out.println("Value of Emulator Key is : " + EmulatorDataKey): null

25-09-2024T14:02:01 - [TEST_STEP][PASSED] - iwpPages.emulatorIWP30.setDataEmulator_DD(EmulatorDataKey): iwpPages.emulatorIWP30.setDataEmulator_DD is PASSED

25-09-2024T14:02:02 - [MESSAGE][INFO] - Starting 'Edge Chromium' driver

25-09-2024T14:02:02 - [MESSAGE][INFO] - User set preference: ['acceptInsecureCerts', 'true']

25-09-2024T14:02:04 - [MESSAGE][INFO] - Action delay is set to 0 milliseconds

25-09-2024T14:02:07 - [MESSAGE][PASSED] - Browser is opened with url: 'https://qa.velocitypayment.com/agency/config.do?action=editor&message_version=2_5'

25-09-2024T14:02:08 - [MESSAGE][PASSED] - Current window maximized

25-09-2024T14:02:08 - [MESSAGE][PASSED] - All options with value '2.5' are selected in object 'Object Repository/IWP30/Page_VRelay30Emulator/MV'  using regular expression

25-09-2024T14:02:09 - [MESSAGE][PASSED] - Text '10.50' is set on object 'Object Repository/IWP30/Page_VRelay30Emulator/Amount'

25-09-2024T14:02:10 - [MESSAGE][PASSED] - Text 'AfpOXA2S09Sh' is set on object 'Object Repository/IWP30/Page_VRelay30Emulator/CAN'

25-09-2024T14:02:10 - [MESSAGE][PASSED] - Text 'PayNow' is set on object 'Object Repository/IWP30/Page_VRelay30Emulator/Action'

25-09-2024T14:02:11 - [MESSAGE][PASSED] - Text 'en_US' is set on object 'Object Repository/IWP30/Page_VRelay30Emulator/Lang'

25-09-2024T14:02:12 - [MESSAGE][PASSED] - Text '' is set on object 'Object Repository/IWP30/Page_VRelay30Emulator/Fname'

25-09-2024T14:02:12 - [MESSAGE][PASSED] - Text '' is set on object 'Object Repository/IWP30/Page_VRelay30Emulator/Lname'

25-09-2024T14:02:13 - [MESSAGE][PASSED] - Text '' is set on object 'Object Repository/IWP30/Page_VRelay30Emulator/AL1'

25-09-2024T14:02:13 - [MESSAGE][PASSED] - Text '' is set on object 'Object Repository/IWP30/Page_VRelay30Emulator/AL2'

25-09-2024T14:02:14 - [MESSAGE][PASSED] - Text '' is set on object 'Object Repository/IWP30/Page_VRelay30Emulator/Country'

25-09-2024T14:02:15 - [MESSAGE][PASSED] - Text '' is set on object 'Object Repository/IWP30/Page_VRelay30Emulator/City'

25-09-2024T14:02:15 - [MESSAGE][PASSED] - Text '' is set on object 'Object Repository/IWP30/Page_VRelay30Emulator/State'

25-09-2024T14:02:16 - [MESSAGE][PASSED] - Text '' is set on object 'Object Repository/IWP30/Page_VRelay30Emulator/ZIP'

25-09-2024T14:02:16 - [MESSAGE][PASSED] - Text '' is set on object 'Object Repository/IWP30/Page_VRelay30Emulator/Order'

25-09-2024T14:02:17 - [MESSAGE][PASSED] - Text '' is set on object 'Object Repository/IWP30/Page_VRelay30Emulator/Company'

25-09-2024T14:02:17 - [MESSAGE][PASSED] - Text '' is set on object 'Object Repository/IWP30/Page_VRelay30Emulator/Email'

25-09-2024T14:02:18 - [MESSAGE][PASSED] - Text '' is set on object 'Object Repository/IWP30/Page_VRelay30Emulator/UDF1'

25-09-2024T14:02:19 - [MESSAGE][PASSED] - Text '' is set on object 'Object Repository/IWP30/Page_VRelay30Emulator/UDF2'

25-09-2024T14:02:19 - [MESSAGE][PASSED] - Text '' is set on object 'Object Repository/IWP30/Page_VRelay30Emulator/UDF3'

25-09-2024T14:02:20 - [MESSAGE][PASSED] - Text 'udf data 4' is set on object 'Object Repository/IWP30/Page_VRelay30Emulator/UDF4'

25-09-2024T14:02:20 - [MESSAGE][PASSED] - Text 'udf data 5' is set on object 'Object Repository/IWP30/Page_VRelay30Emulator/UDF5'

25-09-2024T14:02:21 - [MESSAGE][PASSED] - Text '' is set on object 'Object Repository/IWP30/Page_VRelay30Emulator/UDF6'

25-09-2024T14:02:22 - [MESSAGE][PASSED] - Text '' is set on object 'Object Repository/IWP30/Page_VRelay30Emulator/UDF7'

25-09-2024T14:02:22 - [MESSAGE][PASSED] - Text '' is set on object 'Object Repository/IWP30/Page_VRelay30Emulator/UDF8'

25-09-2024T14:02:23 - [MESSAGE][PASSED] - Text 'udf data 9' is set on object 'Object Repository/IWP30/Page_VRelay30Emulator/UDF9'

25-09-2024T14:02:23 - [MESSAGE][PASSED] - Text 'udf data 10' is set on object 'Object Repository/IWP30/Page_VRelay30Emulator/UDF10'

25-09-2024T14:02:25 - [MESSAGE][PASSED] - Object: 'Object Repository/IWP30/Page_VRelay30Emulator/Submit' is clicked on

25-09-2024T14:02:29 - [MESSAGE][PASSED] - Browser is closed

25-09-2024T14:02:33 - [MESSAGE][PASSED] - iwpPages.emulatorIWP30.setDataEmulator_DD is PASSED

25-09-2024T14:02:33 - [TEST_STEP][PASSED] - testHarnessURL = urlTestHarness: null

25-09-2024T14:02:33 - [TEST_STEP][PASSED] - openBrowser(testHarnessURL): Browser is opened with url: 'https://dev-algorithm.govolution.com/vrelaytest/QA/version_2_2/vrelaytest.html'

25-09-2024T14:02:33 - [MESSAGE][INFO] - Starting 'Edge Chromium' driver

25-09-2024T14:02:33 - [MESSAGE][INFO] - User set preference: ['acceptInsecureCerts', 'true']

25-09-2024T14:02:35 - [MESSAGE][INFO] - Action delay is set to 0 milliseconds

25-09-2024T14:02:39 - [MESSAGE][PASSED] - Browser is opened with url: 'https://dev-algorithm.govolution.com/vrelaytest/QA/version_2_2/vrelaytest.html'

25-09-2024T14:02:39 - [TEST_STEP][PASSED] - maximizeWindow(): Current window maximized

25-09-2024T14:02:39 - [MESSAGE][PASSED] - Current window maximized

25-09-2024T14:02:39 - [TEST_STEP][PASSED] - iwpPages.TestHarnessPage.setDataMethodEF(row, dataFile): iwpPages.TestHarnessPage.setDataMethodEF is PASSED

25-09-2024T14:02:39 - [MESSAGE][PASSED] - Object 'Object Repository/IWP30/Page_QATestHarness/RemittanceID' is present

25-09-2024T14:02:40 - [MESSAGE][PASSED] - Text '638' is set on object 'Object Repository/IWP30/Page_QATestHarness/ApplicationID'

25-09-2024T14:02:41 - [MESSAGE][PASSED] - Text '2.5' is set on object 'Object Repository/IWP30/Page_QATestHarness/MessageVersion'

25-09-2024T14:02:41 - [MESSAGE][PASSED] - Text '2dsDzOt4kfKm' is set on object 'Object Repository/IWP30/Page_QATestHarness/RemittanceID'

25-09-2024T14:02:45 - [MESSAGE][PASSED] - Object: 'Object Repository/IWP30/Page_QATestHarness/SubmitButton' is clicked on

25-09-2024T14:02:45 - [MESSAGE][PASSED] - iwpPages.TestHarnessPage.setDataMethodEF is PASSED

25-09-2024T14:02:45 - [TEST_STEP][PASSED] - click(findTestObject("Object Repository/IWP30/Page_SelectPaymentMethod/PayByCreditCard")): Object: 'Object Repository/IWP30/Page_SelectPaymentMethod/PayByCreditCard' is clicked on

25-09-2024T14:02:45 - [MESSAGE][PASSED] - Object: 'Object Repository/IWP30/Page_SelectPaymentMethod/PayByCreditCard' is clicked on

25-09-2024T14:02:45 - [TEST_STEP][PASSED] - click(findTestObject("Object Repository/IWP30/Page_SelectPaymentMethod/MakePaymentButton")): Object: 'Object Repository/IWP30/Page_SelectPaymentMethod/MakePaymentButton' is clicked on

25-09-2024T14:02:47 - [MESSAGE][PASSED] - Object: 'Object Repository/IWP30/Page_SelectPaymentMethod/MakePaymentButton' is clicked on

25-09-2024T14:02:47 - [TEST_STEP][PASSED] - iwpPages.ccPaymentEntryPage.setDataCCPM(row, dataFile): iwpPages.ccPaymentEntryPage.setDataCCPM is PASSED

25-09-2024T14:02:47 - [MESSAGE][PASSED] - Object 'Object Repository/IWP30/Page_CCPaymentEntry/Name' is present

25-09-2024T14:02:48 - [MESSAGE][PASSED] - Text '10.50' is set on object 'Object Repository/IWP30/Page_CCPaymentEntry/Amount'

25-09-2024T14:02:49 - [MESSAGE][PASSED] - Text 'udf data 2' is set on object 'Object Repository/IWP30/Page_CCPaymentEntry/UserDefined2'

25-09-2024T14:02:49 - [MESSAGE][PASSED] - Text 'udf data 3' is set on object 'Object Repository/IWP30/Page_CCPaymentEntry/UserDefined3'

25-09-2024T14:02:50 - [MESSAGE][PASSED] - All options with label 'Orange' are selected in object 'Object Repository/IWP30/Page_CCPaymentEntry/UserDefined7' 

25-09-2024T14:02:50 - [MESSAGE][PASSED] - All options with label 'Soccer' are selected in object 'Object Repository/IWP30/Page_CCPaymentEntry/UserDefined8' 

25-09-2024T14:02:50 - [MESSAGE][PASSED] - Object 'Object Repository/IWP30/Page_CCPaymentEntry/Name' is present

25-09-2024T14:02:51 - [MESSAGE][PASSED] - Text 'Kavita Ranawati' is set on object 'Object Repository/IWP30/Page_CCPaymentEntry/Name'

25-09-2024T14:02:51 - [MESSAGE][PASSED] - Object 'Object Repository/IWP30/Page_CCPaymentEntry/CardNumber' is present

25-09-2024T14:02:52 - [MESSAGE][PASSED] - Text '4111111111111111' is set on object 'Object Repository/IWP30/Page_CCPaymentEntry/CardNumber'

25-09-2024T14:02:53 - [MESSAGE][PASSED] - Text '123' is set on object 'Object Repository/IWP30/Page_CCPaymentEntry/SPC'

25-09-2024T14:02:54 - [MESSAGE][PASSED] - Object 'Object Repository/IWP30/Page_CCPaymentEntry/Month' is present

25-09-2024T14:02:54 - [MESSAGE][PASSED] - All options with label '01' are selected in object 'Object Repository/IWP30/Page_CCPaymentEntry/Month' 

25-09-2024T14:02:54 - [MESSAGE][PASSED] - Object 'Object Repository/IWP30/Page_CCPaymentEntry/Year' is present

25-09-2024T14:02:55 - [MESSAGE][PASSED] - All options with label '2028' are selected in object 'Object Repository/IWP30/Page_CCPaymentEntry/Year' 

25-09-2024T14:02:55 - [MESSAGE][PASSED] - Execute JavaScript '
				   document.getElementById('processDate').value = '08/09/2025'
				  ' successfully

25-09-2024T14:02:56 - [MESSAGE][PASSED] - Text '365 Main Avenue' is set on object 'Object Repository/IWP30/Page_CCPaymentEntry/AL1'

25-09-2024T14:02:56 - [MESSAGE][PASSED] - Text 'Ohio' is set on object 'Object Repository/IWP30/Page_CCPaymentEntry/AL2'

25-09-2024T14:02:57 - [MESSAGE][PASSED] - Text '22201' is set on object 'Object Repository/IWP30/Page_CCPaymentEntry/ZIP'

25-09-2024T14:02:57 - [MESSAGE][PASSED] - Object 'Object Repository/IWP30/Page_CCPaymentEntry/EmailAddress' is present

25-09-2024T14:02:58 - [MESSAGE][PASSED] - Text 'iahmed@govolution.com' is set on object 'Object Repository/IWP30/Page_CCPaymentEntry/EmailAddress'

25-09-2024T14:02:58 - [MESSAGE][PASSED] - Object 'Object Repository/IWP30/Page_CCPaymentEntry/TermCondCheckBox' is present

25-09-2024T14:02:59 - [MESSAGE][PASSED] - Object 'Object Repository/IWP30/Page_CCPaymentEntry/TermCondCheckBox' is checked

25-09-2024T14:02:59 - [MESSAGE][PASSED] - Object 'Object Repository/IWP30/Page_CCPaymentEntry/ContinueButton' is present

25-09-2024T14:03:00 - [MESSAGE][PASSED] - Object: 'Object Repository/IWP30/Page_CCPaymentEntry/ContinueButton' is clicked on

25-09-2024T14:03:00 - [MESSAGE][PASSED] - iwpPages.ccPaymentEntryPage.setDataCCPM is PASSED

25-09-2024T14:03:00 - [TEST_STEP][PASSED] - click(findTestObject("Object Repository/IWP30/Page_Confirmation/ConfirmButton")): Object: 'Object Repository/IWP30/Page_Confirmation/ConfirmButton' is clicked on

25-09-2024T14:03:03 - [MESSAGE][PASSED] - Object: 'Object Repository/IWP30/Page_Confirmation/ConfirmButton' is clicked on

25-09-2024T14:03:03 - [TEST_STEP][PASSED] - Thread.sleep(2000): null

25-09-2024T14:03:05 - [TEST_STEP][PASSED] - if (verifyTextPresent("Deferred", false)): null

25-09-2024T14:03:05 - [MESSAGE][PASSED] - Text 'Deferred' is present on page 

25-09-2024T14:03:05 - [TEST_STEP][PASSED] - if (verifyTextPresent("Your payment plan has been successfully created", false)): null

25-09-2024T14:03:05 - [MESSAGE][PASSED] - Text 'Your payment plan has been successfully created' is present on page 

25-09-2024T14:03:05 - [TEST_STEP][PASSED] - isRequiredTextPresent = true: null

25-09-2024T14:03:05 - [TEST_STEP][PASSED] - println(isRequiredTextPresent): null

25-09-2024T14:03:05 - [TEST_STEP][PASSED] - if (isRequiredTextPresent): null

25-09-2024T14:03:05 - [TEST_STEP][PASSED] - if (verifyTextPresent("CAN Label:", false)): null

25-09-2024T14:03:06 - [MESSAGE][PASSED] - Text 'CAN Label:' is present on page 

25-09-2024T14:03:06 - [TEST_STEP][PASSED] - isRequiredTextPresent = true: null

25-09-2024T14:03:06 - [TEST_STEP][PASSED] - println(isRequiredTextPresent): null

25-09-2024T14:03:06 - [TEST_STEP][PASSED] - if (isRequiredTextPresent): null

25-09-2024T14:03:06 - [TEST_STEP][PASSED] - if (verifyTextPresent("Remittance ID:", false)): null

25-09-2024T14:03:06 - [MESSAGE][PASSED] - Text 'Remittance ID:' is present on page 

25-09-2024T14:03:06 - [TEST_STEP][PASSED] - isRequiredTextPresent = true: null

25-09-2024T14:03:06 - [TEST_STEP][PASSED] - println(isRequiredTextPresent): null

25-09-2024T14:03:06 - [TEST_STEP][PASSED] - if (isRequiredTextPresent): null

25-09-2024T14:03:06 - [TEST_STEP][PASSED] - if (verifyTextPresent("UDF2 Label:", false)): null

25-09-2024T14:03:06 - [MESSAGE][PASSED] - Text 'UDF2 Label:' is present on page 

25-09-2024T14:03:06 - [TEST_STEP][PASSED] - isRequiredTextPresent = true: null

25-09-2024T14:03:06 - [TEST_STEP][PASSED] - println(isRequiredTextPresent): null

25-09-2024T14:03:06 - [TEST_STEP][PASSED] - if (isRequiredTextPresent): null

25-09-2024T14:03:06 - [TEST_STEP][PASSED] - if (verifyTextPresent("UDF3 Label:", false)): null

25-09-2024T14:03:07 - [MESSAGE][PASSED] - Text 'UDF3 Label:' is present on page 

25-09-2024T14:03:07 - [TEST_STEP][PASSED] - isRequiredTextPresent = true: null

25-09-2024T14:03:07 - [TEST_STEP][PASSED] - println(isRequiredTextPresent): null

25-09-2024T14:03:07 - [TEST_STEP][PASSED] - if (isRequiredTextPresent): null

25-09-2024T14:03:07 - [TEST_STEP][PASSED] - if (verifyTextPresent("UDF4 Label:", false)): null

25-09-2024T14:03:07 - [MESSAGE][PASSED] - Text 'UDF4 Label:' is present on page 

25-09-2024T14:03:07 - [TEST_STEP][PASSED] - isRequiredTextPresent = true: null

25-09-2024T14:03:07 - [TEST_STEP][PASSED] - println(isRequiredTextPresent): null

25-09-2024T14:03:07 - [TEST_STEP][PASSED] - if (isRequiredTextPresent): null

25-09-2024T14:03:07 - [TEST_STEP][PASSED] - if (verifyTextPresent("UDF7 Label:", false)): null

25-09-2024T14:03:07 - [MESSAGE][PASSED] - Text 'UDF7 Label:' is present on page 

25-09-2024T14:03:07 - [TEST_STEP][PASSED] - isRequiredTextPresent = true: null

25-09-2024T14:03:07 - [TEST_STEP][PASSED] - println(isRequiredTextPresent): null

25-09-2024T14:03:07 - [TEST_STEP][PASSED] - if (isRequiredTextPresent): null

25-09-2024T14:03:07 - [TEST_STEP][PASSED] - if (verifyTextPresent("UDF8 Label:", false)): null

25-09-2024T14:03:07 - [MESSAGE][PASSED] - Text 'UDF8 Label:' is present on page 

25-09-2024T14:03:07 - [TEST_STEP][PASSED] - isRequiredTextPresent = true: null

25-09-2024T14:03:07 - [TEST_STEP][PASSED] - println(isRequiredTextPresent): null

25-09-2024T14:03:07 - [TEST_STEP][PASSED] - if (isRequiredTextPresent): null

25-09-2024T14:03:07 - [TEST_STEP][PASSED] - if (verifyTextPresent("UDF9 Label:", false)): null

25-09-2024T14:03:08 - [MESSAGE][PASSED] - Text 'UDF9 Label:' is present on page 

25-09-2024T14:03:08 - [TEST_STEP][PASSED] - isRequiredTextPresent = true: null

25-09-2024T14:03:08 - [TEST_STEP][PASSED] - println(isRequiredTextPresent): null

25-09-2024T14:03:08 - [TEST_STEP][PASSED] - if (isRequiredTextPresent): null

25-09-2024T14:03:08 - [TEST_STEP][PASSED] - if (verifyTextPresent("Transaction Type:", false)): null

25-09-2024T14:03:08 - [MESSAGE][PASSED] - Text 'Transaction Type:' is present on page 

25-09-2024T14:03:08 - [TEST_STEP][PASSED] - isRequiredTextPresent = true: null

25-09-2024T14:03:08 - [TEST_STEP][PASSED] - println(isRequiredTextPresent): null

25-09-2024T14:03:08 - [TEST_STEP][PASSED] - if (isRequiredTextPresent): null

25-09-2024T14:03:08 - [TEST_STEP][PASSED] - if (verifyTextPresent("Amount:", false)): null

25-09-2024T14:03:08 - [MESSAGE][PASSED] - Text 'Amount:' is present on page 

25-09-2024T14:03:08 - [TEST_STEP][PASSED] - isRequiredTextPresent = true: null

25-09-2024T14:03:08 - [TEST_STEP][PASSED] - println(isRequiredTextPresent): null

25-09-2024T14:03:08 - [TEST_STEP][PASSED] - if (isRequiredTextPresent): null

25-09-2024T14:03:08 - [TEST_STEP][PASSED] - if (verifyTextPresent("Card Information:", false)): null

25-09-2024T14:03:08 - [MESSAGE][PASSED] - Text 'Card Information:' is present on page 

25-09-2024T14:03:08 - [TEST_STEP][PASSED] - isRequiredTextPresent = true: null

25-09-2024T14:03:08 - [TEST_STEP][PASSED] - println(isRequiredTextPresent): null

25-09-2024T14:03:08 - [TEST_STEP][PASSED] - if (isRequiredTextPresent): null

25-09-2024T14:03:08 - [TEST_STEP][PASSED] - if (verifyTextPresent("Card Type:", false)): null

25-09-2024T14:03:09 - [MESSAGE][PASSED] - Text 'Card Type:' is present on page 

25-09-2024T14:03:09 - [TEST_STEP][PASSED] - isRequiredTextPresent = true: null

25-09-2024T14:03:09 - [TEST_STEP][PASSED] - println(isRequiredTextPresent): null

25-09-2024T14:03:09 - [TEST_STEP][PASSED] - if (isRequiredTextPresent): null

25-09-2024T14:03:09 - [TEST_STEP][PASSED] - if (verifyTextPresent("Name of Account:", false)): null

25-09-2024T14:03:09 - [MESSAGE][PASSED] - Text 'Name of Account:' is present on page 

25-09-2024T14:03:09 - [TEST_STEP][PASSED] - isRequiredTextPresent = true: null

25-09-2024T14:03:09 - [TEST_STEP][PASSED] - println(isRequiredTextPresent): null

25-09-2024T14:03:09 - [TEST_STEP][PASSED] - if (isRequiredTextPresent): null

25-09-2024T14:03:09 - [TEST_STEP][PASSED] - if (verifyTextPresent("Card Number:", false)): null

25-09-2024T14:03:09 - [MESSAGE][PASSED] - Text 'Card Number:' is present on page 

25-09-2024T14:03:09 - [TEST_STEP][PASSED] - isRequiredTextPresent = true: null

25-09-2024T14:03:09 - [TEST_STEP][PASSED] - println(isRequiredTextPresent): null

25-09-2024T14:03:09 - [TEST_STEP][PASSED] - if (isRequiredTextPresent): null

25-09-2024T14:03:09 - [TEST_STEP][PASSED] - if (verifyTextPresent("Expiration Date:", false)): null

25-09-2024T14:03:10 - [MESSAGE][PASSED] - Text 'Expiration Date:' is present on page 

25-09-2024T14:03:10 - [TEST_STEP][PASSED] - isRequiredTextPresent = true: null

25-09-2024T14:03:10 - [TEST_STEP][PASSED] - println(isRequiredTextPresent): null

25-09-2024T14:03:10 - [TEST_STEP][PASSED] - if (isRequiredTextPresent): null

25-09-2024T14:03:10 - [TEST_STEP][PASSED] - if (verifyTextPresent("Billing Information:", false)): null

25-09-2024T14:03:10 - [MESSAGE][PASSED] - Text 'Billing Information:' is present on page 

25-09-2024T14:03:10 - [TEST_STEP][PASSED] - isRequiredTextPresent = true: null

25-09-2024T14:03:10 - [TEST_STEP][PASSED] - println(isRequiredTextPresent): null

25-09-2024T14:03:10 - [TEST_STEP][PASSED] - if (isRequiredTextPresent): null

25-09-2024T14:03:10 - [TEST_STEP][PASSED] - if (verifyTextPresent("Address Line 1:", false)): null

25-09-2024T14:03:10 - [MESSAGE][PASSED] - Text 'Address Line 1:' is present on page 

25-09-2024T14:03:10 - [TEST_STEP][PASSED] - isRequiredTextPresent = true: null

25-09-2024T14:03:10 - [TEST_STEP][PASSED] - println(isRequiredTextPresent): null

25-09-2024T14:03:10 - [TEST_STEP][PASSED] - if (isRequiredTextPresent): null

25-09-2024T14:03:10 - [TEST_STEP][PASSED] - if (verifyTextPresent("Address Line 2:", false)): null

25-09-2024T14:03:10 - [MESSAGE][PASSED] - Text 'Address Line 2:' is present on page 

25-09-2024T14:03:10 - [TEST_STEP][PASSED] - isRequiredTextPresent = true: null

25-09-2024T14:03:10 - [TEST_STEP][PASSED] - println(isRequiredTextPresent): null

25-09-2024T14:03:10 - [TEST_STEP][PASSED] - if (isRequiredTextPresent): null

25-09-2024T14:03:10 - [TEST_STEP][PASSED] - if (verifyTextPresent("Country:", false)): null

25-09-2024T14:03:11 - [MESSAGE][PASSED] - Text 'Country:' is present on page 

25-09-2024T14:03:11 - [TEST_STEP][PASSED] - isRequiredTextPresent = true: null

25-09-2024T14:03:11 - [TEST_STEP][PASSED] - println(isRequiredTextPresent): null

25-09-2024T14:03:11 - [TEST_STEP][PASSED] - if (isRequiredTextPresent): null

25-09-2024T14:03:11 - [TEST_STEP][PASSED] - if (verifyTextPresent("City:", false)): null

25-09-2024T14:03:11 - [MESSAGE][PASSED] - Text 'City:' is present on page 

25-09-2024T14:03:11 - [TEST_STEP][PASSED] - isRequiredTextPresent = true: null

25-09-2024T14:03:11 - [TEST_STEP][PASSED] - println(isRequiredTextPresent): null

25-09-2024T14:03:11 - [TEST_STEP][PASSED] - if (isRequiredTextPresent): null

25-09-2024T14:03:11 - [TEST_STEP][PASSED] - if (verifyTextPresent("State:", false)): null

25-09-2024T14:03:11 - [MESSAGE][PASSED] - Text 'State:' is present on page 

25-09-2024T14:03:11 - [TEST_STEP][PASSED] - isRequiredTextPresent = true: null

25-09-2024T14:03:11 - [TEST_STEP][PASSED] - println(isRequiredTextPresent): null

25-09-2024T14:03:11 - [TEST_STEP][PASSED] - if (isRequiredTextPresent): null

25-09-2024T14:03:11 - [TEST_STEP][PASSED] - if (verifyTextPresent("Zip Code:", false)): null

25-09-2024T14:03:12 - [MESSAGE][PASSED] - Text 'Zip Code:' is present on page 

25-09-2024T14:03:12 - [TEST_STEP][PASSED] - isRequiredTextPresent = true: null

25-09-2024T14:03:12 - [TEST_STEP][PASSED] - println(isRequiredTextPresent): null

25-09-2024T14:03:12 - [TEST_STEP][PASSED] - if (isRequiredTextPresent): null

25-09-2024T14:03:12 - [TEST_STEP][PASSED] - if (verifyTextPresent("Plan Information:", false)): null

25-09-2024T14:03:12 - [MESSAGE][PASSED] - Text 'Plan Information:' is present on page 

25-09-2024T14:03:12 - [TEST_STEP][PASSED] - isRequiredTextPresent = true: null

25-09-2024T14:03:12 - [TEST_STEP][PASSED] - println(isRequiredTextPresent): null

25-09-2024T14:03:12 - [TEST_STEP][PASSED] - if (isRequiredTextPresent): null

25-09-2024T14:03:12 - [TEST_STEP][PASSED] - if (verifyTextPresent("Payment Plan Type:", false)): null

25-09-2024T14:03:12 - [MESSAGE][PASSED] - Text 'Payment Plan Type:' is present on page 

25-09-2024T14:03:12 - [TEST_STEP][PASSED] - isRequiredTextPresent = true: null

25-09-2024T14:03:12 - [TEST_STEP][PASSED] - println(isRequiredTextPresent): null

25-09-2024T14:03:12 - [TEST_STEP][PASSED] - if (isRequiredTextPresent): null

25-09-2024T14:03:12 - [TEST_STEP][PASSED] - if (verifyTextPresent("Payment Plan ID:", false)): null

25-09-2024T14:03:12 - [MESSAGE][PASSED] - Text 'Payment Plan ID:' is present on page 

25-09-2024T14:03:12 - [TEST_STEP][PASSED] - isRequiredTextPresent = true: null

25-09-2024T14:03:12 - [TEST_STEP][PASSED] - println(isRequiredTextPresent): null

25-09-2024T14:03:12 - [TEST_STEP][PASSED] - if (isRequiredTextPresent): null

25-09-2024T14:03:12 - [TEST_STEP][PASSED] - if (verifyTextPresent("Payment Date:", false)): null

25-09-2024T14:03:13 - [MESSAGE][PASSED] - Text 'Payment Date:' is present on page 

25-09-2024T14:03:13 - [TEST_STEP][PASSED] - isRequiredTextPresent = true: null

25-09-2024T14:03:13 - [TEST_STEP][PASSED] - println(isRequiredTextPresent): null

25-09-2024T14:03:13 - [TEST_STEP][PASSED] - if (isRequiredTextPresent == true): pages.WriteExcel.demoKey is PASSED

25-09-2024T14:03:13 - [TEST_STEP][PASSED] - println("All the relevant texts are present on Receipt Page"): null

25-09-2024T14:03:13 - [TEST_STEP][PASSED] - markPassed("All the relevant texts are present on Receipt Page"): All the relevant texts are present on Receipt Page

25-09-2024T14:03:13 - [MESSAGE][PASSED] - All the relevant texts are present on Receipt Page

25-09-2024T14:03:13 - [TEST_STEP][PASSED] - resText = "Pass": null

25-09-2024T14:03:13 - [TEST_STEP][PASSED] - pages.WriteExcel.demoKey(resText, datText, resColumn, datCloumn, fileLoc, nameSheet, row): pages.WriteExcel.demoKey is PASSED

25-09-2024T14:03:13 - [MESSAGE][PASSED] - pages.WriteExcel.demoKey is PASSED

25-09-2024T14:03:13 - [TEST_STEP][PASSED] - closeBrowser(): Browser is closed

25-09-2024T14:03:13 - [MESSAGE][PASSED] - Browser is closed]]></system-out>
         <system-err><![CDATA[]]></system-err>
      </testcase>
      <testcase name="Test Cases/IntegratedWeb/IWP25/Payments/VerifyCreateReceiptLabelsDeferredCorp" time="70.649" classname="Test Cases/IntegratedWeb/IWP25/Payments/VerifyCreateReceiptLabelsDeferredCorp" status="PASSED">
         <system-out><![CDATA[25-09-2024T14:03:13 - [TEST_CASE][PASSED] - Test Cases/IntegratedWeb/IWP25/Payments/VerifyCreateReceiptLabelsDeferredCorp: Test Cases/IntegratedWeb/IWP25/Payments/VerifyCreateReceiptLabelsDeferredCorp

25-09-2024T14:03:14 - [TEST_STEP][PASSED] - resText = "Fail": null

25-09-2024T14:03:14 - [TEST_STEP][PASSED] - resColumn = "Result": null

25-09-2024T14:03:14 - [TEST_STEP][PASSED] - datCloumn = "Date": null

25-09-2024T14:03:14 - [TEST_STEP][PASSED] - fileLoc = "KatalonData/IWPTestData/VRelay25PaymentsExtension.xlsx": null

25-09-2024T14:03:14 - [TEST_STEP][PASSED] - numOfRows = <not implemented yet for class: org.codehaus.groovy.ast.expr.EmptyExpression>: null

25-09-2024T14:03:14 - [TEST_STEP][PASSED] - dataFile = <not implemented yet for class: org.codehaus.groovy.ast.expr.EmptyExpression>: null

25-09-2024T14:03:14 - [TEST_STEP][PASSED] - nameSheet = <not implemented yet for class: org.codehaus.groovy.ast.expr.EmptyExpression>: null

25-09-2024T14:03:14 - [TEST_STEP][PASSED] - dataFileEmulator = <not implemented yet for class: org.codehaus.groovy.ast.expr.EmptyExpression>: null

25-09-2024T14:03:14 - [TEST_STEP][PASSED] - isRequiredTextPresent = false: null

25-09-2024T14:03:14 - [TEST_STEP][PASSED] - nameSheet = "VerifyCreateLabelDeferredCorp": null

25-09-2024T14:03:14 - [TEST_STEP][PASSED] - dataFile = getExcelDataWithDefaultSheet("KatalonData/IWPTestData/VRelay25PaymentsExtension.xlsx", nameSheet, true): null

25-09-2024T14:03:14 - [TEST_STEP][PASSED] - dataFileEmulator = "IWPTestData/EmulatorData": null

25-09-2024T14:03:14 - [TEST_STEP][PASSED] - numOfRows = dataFile.getRowNumbers(): null

25-09-2024T14:03:14 - [TEST_STEP][PASSED] - println("Number of Records: " + numOfRows): null

25-09-2024T14:03:14 - [TEST_STEP][PASSED] - for ([row = 1, row <= numOfRows, (row++)]): Browser is closed

25-09-2024T14:03:14 - [TEST_STEP][PASSED] - ExecuteTC = dataFile.getValue("Execute", row): null

25-09-2024T14:03:14 - [TEST_STEP][PASSED] - out.println("Value of Execute is : " + ExecuteTC): null

25-09-2024T14:03:14 - [TEST_STEP][PASSED] - if (ExecuteTC.equalsIgnoreCase("Y")): null

25-09-2024T14:03:14 - [TEST_STEP][PASSED] - out.println("Begin Record Number: " + row): null

25-09-2024T14:03:14 - [TEST_STEP][PASSED] - today = new java.util.Date(): null

25-09-2024T14:03:14 - [TEST_STEP][PASSED] - println(today): null

25-09-2024T14:03:14 - [TEST_STEP][PASSED] - datText = today: null

25-09-2024T14:03:14 - [TEST_STEP][PASSED] - EmulatorDataKey = dataFile.getValue("EmulatorData", row): null

25-09-2024T14:03:14 - [TEST_STEP][PASSED] - out.println("Value of Emulator Key is : " + EmulatorDataKey): null

25-09-2024T14:03:14 - [TEST_STEP][PASSED] - iwpPages.emulatorIWP30.setDataEmulator_DD(EmulatorDataKey): iwpPages.emulatorIWP30.setDataEmulator_DD is PASSED

25-09-2024T14:03:14 - [MESSAGE][INFO] - Starting 'Edge Chromium' driver

25-09-2024T14:03:14 - [MESSAGE][INFO] - User set preference: ['acceptInsecureCerts', 'true']

25-09-2024T14:03:16 - [MESSAGE][INFO] - Action delay is set to 0 milliseconds

25-09-2024T14:03:19 - [MESSAGE][PASSED] - Browser is opened with url: 'https://qa.velocitypayment.com/agency/config.do?action=editor&message_version=2_5'

25-09-2024T14:03:20 - [MESSAGE][PASSED] - Current window maximized

25-09-2024T14:03:20 - [MESSAGE][PASSED] - All options with value '2.5' are selected in object 'Object Repository/IWP30/Page_VRelay30Emulator/MV'  using regular expression

25-09-2024T14:03:21 - [MESSAGE][PASSED] - Text '10.50' is set on object 'Object Repository/IWP30/Page_VRelay30Emulator/Amount'

25-09-2024T14:03:22 - [MESSAGE][PASSED] - Text 'edK4gYTCQv1t' is set on object 'Object Repository/IWP30/Page_VRelay30Emulator/CAN'

25-09-2024T14:03:22 - [MESSAGE][PASSED] - Text 'PayNow' is set on object 'Object Repository/IWP30/Page_VRelay30Emulator/Action'

25-09-2024T14:03:23 - [MESSAGE][PASSED] - Text 'en_US' is set on object 'Object Repository/IWP30/Page_VRelay30Emulator/Lang'

25-09-2024T14:03:24 - [MESSAGE][PASSED] - Text '' is set on object 'Object Repository/IWP30/Page_VRelay30Emulator/Fname'

25-09-2024T14:03:24 - [MESSAGE][PASSED] - Text '' is set on object 'Object Repository/IWP30/Page_VRelay30Emulator/Lname'

25-09-2024T14:03:25 - [MESSAGE][PASSED] - Text '' is set on object 'Object Repository/IWP30/Page_VRelay30Emulator/AL1'

25-09-2024T14:03:25 - [MESSAGE][PASSED] - Text '' is set on object 'Object Repository/IWP30/Page_VRelay30Emulator/AL2'

25-09-2024T14:03:26 - [MESSAGE][PASSED] - Text '' is set on object 'Object Repository/IWP30/Page_VRelay30Emulator/Country'

25-09-2024T14:03:27 - [MESSAGE][PASSED] - Text '' is set on object 'Object Repository/IWP30/Page_VRelay30Emulator/City'

25-09-2024T14:03:27 - [MESSAGE][PASSED] - Text '' is set on object 'Object Repository/IWP30/Page_VRelay30Emulator/State'

25-09-2024T14:03:28 - [MESSAGE][PASSED] - Text '' is set on object 'Object Repository/IWP30/Page_VRelay30Emulator/ZIP'

25-09-2024T14:03:28 - [MESSAGE][PASSED] - Text '' is set on object 'Object Repository/IWP30/Page_VRelay30Emulator/Order'

25-09-2024T14:03:29 - [MESSAGE][PASSED] - Text '' is set on object 'Object Repository/IWP30/Page_VRelay30Emulator/Company'

25-09-2024T14:03:29 - [MESSAGE][PASSED] - Text '' is set on object 'Object Repository/IWP30/Page_VRelay30Emulator/Email'

25-09-2024T14:03:30 - [MESSAGE][PASSED] - Text '' is set on object 'Object Repository/IWP30/Page_VRelay30Emulator/UDF1'

25-09-2024T14:03:31 - [MESSAGE][PASSED] - Text '' is set on object 'Object Repository/IWP30/Page_VRelay30Emulator/UDF2'

25-09-2024T14:03:31 - [MESSAGE][PASSED] - Text '' is set on object 'Object Repository/IWP30/Page_VRelay30Emulator/UDF3'

25-09-2024T14:03:32 - [MESSAGE][PASSED] - Text 'udf data 4' is set on object 'Object Repository/IWP30/Page_VRelay30Emulator/UDF4'

25-09-2024T14:03:32 - [MESSAGE][PASSED] - Text 'udf data 5' is set on object 'Object Repository/IWP30/Page_VRelay30Emulator/UDF5'

25-09-2024T14:03:33 - [MESSAGE][PASSED] - Text '' is set on object 'Object Repository/IWP30/Page_VRelay30Emulator/UDF6'

25-09-2024T14:03:33 - [MESSAGE][PASSED] - Text '' is set on object 'Object Repository/IWP30/Page_VRelay30Emulator/UDF7'

25-09-2024T14:03:34 - [MESSAGE][PASSED] - Text '' is set on object 'Object Repository/IWP30/Page_VRelay30Emulator/UDF8'

25-09-2024T14:03:35 - [MESSAGE][PASSED] - Text 'udf data 9' is set on object 'Object Repository/IWP30/Page_VRelay30Emulator/UDF9'

25-09-2024T14:03:35 - [MESSAGE][PASSED] - Text 'udf data 10' is set on object 'Object Repository/IWP30/Page_VRelay30Emulator/UDF10'

25-09-2024T14:03:36 - [MESSAGE][PASSED] - Object: 'Object Repository/IWP30/Page_VRelay30Emulator/Submit' is clicked on

25-09-2024T14:03:41 - [MESSAGE][PASSED] - Browser is closed

25-09-2024T14:03:45 - [MESSAGE][PASSED] - iwpPages.emulatorIWP30.setDataEmulator_DD is PASSED

25-09-2024T14:03:45 - [TEST_STEP][PASSED] - testHarnessURL = urlTestHarness: null

25-09-2024T14:03:45 - [TEST_STEP][PASSED] - openBrowser(testHarnessURL): Browser is opened with url: 'https://dev-algorithm.govolution.com/vrelaytest/QA/version_2_2/vrelaytest.html'

25-09-2024T14:03:45 - [MESSAGE][INFO] - Starting 'Edge Chromium' driver

25-09-2024T14:03:45 - [MESSAGE][INFO] - User set preference: ['acceptInsecureCerts', 'true']

25-09-2024T14:03:47 - [MESSAGE][INFO] - Action delay is set to 0 milliseconds

25-09-2024T14:03:50 - [MESSAGE][PASSED] - Browser is opened with url: 'https://dev-algorithm.govolution.com/vrelaytest/QA/version_2_2/vrelaytest.html'

25-09-2024T14:03:50 - [TEST_STEP][PASSED] - maximizeWindow(): Current window maximized

25-09-2024T14:03:51 - [MESSAGE][PASSED] - Current window maximized

25-09-2024T14:03:51 - [TEST_STEP][PASSED] - iwpPages.TestHarnessPage.setDataMethodEF(row, dataFile): iwpPages.TestHarnessPage.setDataMethodEF is PASSED

25-09-2024T14:03:51 - [MESSAGE][PASSED] - Object 'Object Repository/IWP30/Page_QATestHarness/RemittanceID' is present

25-09-2024T14:03:51 - [MESSAGE][PASSED] - Text '638' is set on object 'Object Repository/IWP30/Page_QATestHarness/ApplicationID'

25-09-2024T14:03:52 - [MESSAGE][PASSED] - Text '2.5' is set on object 'Object Repository/IWP30/Page_QATestHarness/MessageVersion'

25-09-2024T14:03:53 - [MESSAGE][PASSED] - Text 'KF6D3sLEQCAY' is set on object 'Object Repository/IWP30/Page_QATestHarness/RemittanceID'

25-09-2024T14:03:55 - [MESSAGE][PASSED] - Object: 'Object Repository/IWP30/Page_QATestHarness/SubmitButton' is clicked on

25-09-2024T14:03:55 - [MESSAGE][PASSED] - iwpPages.TestHarnessPage.setDataMethodEF is PASSED

25-09-2024T14:03:55 - [TEST_STEP][PASSED] - click(findTestObject("Object Repository/IWP30/Page_SelectPaymentMethod/PayByCorporateCheck")): Object: 'Object Repository/IWP30/Page_SelectPaymentMethod/PayByCorporateCheck' is clicked on

25-09-2024T14:03:56 - [MESSAGE][PASSED] - Object: 'Object Repository/IWP30/Page_SelectPaymentMethod/PayByCorporateCheck' is clicked on

25-09-2024T14:03:56 - [TEST_STEP][PASSED] - click(findTestObject("Object Repository/IWP30/Page_SelectPaymentMethod/MakePaymentButton")): Object: 'Object Repository/IWP30/Page_SelectPaymentMethod/MakePaymentButton' is clicked on

25-09-2024T14:03:58 - [MESSAGE][PASSED] - Object: 'Object Repository/IWP30/Page_SelectPaymentMethod/MakePaymentButton' is clicked on

25-09-2024T14:03:58 - [TEST_STEP][PASSED] - iwpPages.achCorporatePaymentEntryPage.setDataCorporate(row, dataFile): iwpPages.achCorporatePaymentEntryPage.setDataCorporate is PASSED

25-09-2024T14:03:58 - [MESSAGE][PASSED] - Object 'Object Repository/IWP30/Page_ACHCorporatePaymentEntry/txt_accountNumber' is present

25-09-2024T14:03:59 - [MESSAGE][PASSED] - Object 'Object Repository/IWP30/Page_ACHCorporatePaymentEntry/input_CompanyName' is present

25-09-2024T14:03:59 - [MESSAGE][PASSED] - Text 'My Company' is set on object 'Object Repository/IWP30/Page_ACHCorporatePaymentEntry/input_CompanyName'

25-09-2024T14:04:00 - [MESSAGE][PASSED] - Object 'Object Repository/IWP30/Page_ACHCorporatePaymentEntry/input_EIN' is present

25-09-2024T14:04:00 - [MESSAGE][PASSED] - Text '123456789' is set on object 'Object Repository/IWP30/Page_ACHCorporatePaymentEntry/input_EIN'

25-09-2024T14:04:01 - [MESSAGE][PASSED] - Text '10.50' is set on object 'Object Repository/IWP30/Page_ACHCorporatePaymentEntry/txt_Amount'

25-09-2024T14:04:01 - [MESSAGE][PASSED] - Text 'udf data 2' is set on object 'Object Repository/IWP30/Page_ACHCorporatePaymentEntry/txt_UDF2'

25-09-2024T14:04:02 - [MESSAGE][PASSED] - Text 'udf data 3' is set on object 'Object Repository/IWP30/Page_ACHCorporatePaymentEntry/txt_UDF3'

25-09-2024T14:04:03 - [MESSAGE][PASSED] - All options with label 'Orange' are selected in object 'Object Repository/IWP30/Page_ACHCorporatePaymentEntry/dd_UDF7' 

25-09-2024T14:04:03 - [MESSAGE][PASSED] - All options with label 'Soccer' are selected in object 'Object Repository/IWP30/Page_ACHCorporatePaymentEntry/dd_UDF8' 

25-09-2024T14:04:03 - [MESSAGE][PASSED] - Object 'Object Repository/IWP30/Page_ACHCorporatePaymentEntry/txt_routingNumber' is present

25-09-2024T14:04:04 - [MESSAGE][PASSED] - Text '256072691' is set on object 'Object Repository/IWP30/Page_ACHCorporatePaymentEntry/txt_routingNumber'

25-09-2024T14:04:04 - [MESSAGE][PASSED] - Object 'Object Repository/IWP30/Page_ACHCorporatePaymentEntry/txt_accountNumber' is present

25-09-2024T14:04:06 - [MESSAGE][PASSED] - Text '12344444' is set on object 'Object Repository/IWP30/Page_ACHCorporatePaymentEntry/txt_accountNumber'

25-09-2024T14:04:06 - [MESSAGE][PASSED] - Object 'Object Repository/IWP30/Page_ACHCorporatePaymentEntry/txt_confirmAccountNumber' is present

25-09-2024T14:04:06 - [MESSAGE][PASSED] - Text '12344444' is set on object 'Object Repository/IWP30/Page_ACHCorporatePaymentEntry/txt_confirmAccountNumber'

25-09-2024T14:04:07 - [MESSAGE][PASSED] - Execute JavaScript '
				   document.getElementById('processDate').value = '08/09/2025'
				  ' successfully

25-09-2024T14:04:07 - [MESSAGE][PASSED] - Text '365 Main Avenue' is set on object 'Object Repository/IWP30/Page_ACHCorporatePaymentEntry/txt_AL1'

25-09-2024T14:04:08 - [MESSAGE][PASSED] - Text 'Ohio' is set on object 'Object Repository/IWP30/Page_ACHCorporatePaymentEntry/txt_AL2'

25-09-2024T14:04:08 - [MESSAGE][PASSED] - Text '22201' is set on object 'Object Repository/IWP30/Page_ACHCorporatePaymentEntry/txt_ZIP'

25-09-2024T14:04:09 - [MESSAGE][PASSED] - Object 'Object Repository/IWP30/Page_ACHCorporatePaymentEntry/txt_Email' is present

25-09-2024T14:04:09 - [MESSAGE][PASSED] - Text 'iahmed@govolution.com' is set on object 'Object Repository/IWP30/Page_ACHCorporatePaymentEntry/txt_Email'

25-09-2024T14:04:10 - [MESSAGE][PASSED] - Object 'Object Repository/IWP30/Page_ACHCorporatePaymentEntry/cb_TermsAndCond' is present

25-09-2024T14:04:10 - [MESSAGE][PASSED] - Object: 'Object Repository/IWP30/Page_ACHCorporatePaymentEntry/cb_TermsAndCond' is clicked on

25-09-2024T14:04:10 - [MESSAGE][PASSED] - Object 'Object Repository/IWP30/Page_ACHCorporatePaymentEntry/btn_Continue' is present

25-09-2024T14:04:12 - [MESSAGE][PASSED] - Object: 'Object Repository/IWP30/Page_ACHCorporatePaymentEntry/btn_Continue' is clicked on

25-09-2024T14:04:12 - [MESSAGE][PASSED] - iwpPages.achCorporatePaymentEntryPage.setDataCorporate is PASSED

25-09-2024T14:04:12 - [TEST_STEP][PASSED] - click(findTestObject("Object Repository/IWP30/Page_Confirmation/ConfirmButton")): Object: 'Object Repository/IWP30/Page_Confirmation/ConfirmButton' is clicked on

25-09-2024T14:04:13 - [MESSAGE][PASSED] - Object: 'Object Repository/IWP30/Page_Confirmation/ConfirmButton' is clicked on

25-09-2024T14:04:13 - [TEST_STEP][PASSED] - Thread.sleep(2000): null

25-09-2024T14:04:15 - [TEST_STEP][PASSED] - if (verifyTextPresent("Deferred", false)): null

25-09-2024T14:04:16 - [MESSAGE][PASSED] - Text 'Deferred' is present on page 

25-09-2024T14:04:16 - [TEST_STEP][PASSED] - if (verifyTextPresent("Your payment plan has been successfully created", false)): null

25-09-2024T14:04:16 - [MESSAGE][PASSED] - Text 'Your payment plan has been successfully created' is present on page 

25-09-2024T14:04:16 - [TEST_STEP][PASSED] - isRequiredTextPresent = true: null

25-09-2024T14:04:16 - [TEST_STEP][PASSED] - println(isRequiredTextPresent): null

25-09-2024T14:04:16 - [TEST_STEP][PASSED] - if (isRequiredTextPresent): null

25-09-2024T14:04:16 - [TEST_STEP][PASSED] - if (verifyTextPresent("CAN Label:", false)): null

25-09-2024T14:04:16 - [MESSAGE][PASSED] - Text 'CAN Label:' is present on page 

25-09-2024T14:04:16 - [TEST_STEP][PASSED] - isRequiredTextPresent = true: null

25-09-2024T14:04:16 - [TEST_STEP][PASSED] - println(isRequiredTextPresent): null

25-09-2024T14:04:16 - [TEST_STEP][PASSED] - if (isRequiredTextPresent): null

25-09-2024T14:04:16 - [TEST_STEP][PASSED] - if (verifyTextPresent("Remittance ID:", false)): null

25-09-2024T14:04:16 - [MESSAGE][PASSED] - Text 'Remittance ID:' is present on page 

25-09-2024T14:04:16 - [TEST_STEP][PASSED] - isRequiredTextPresent = true: null

25-09-2024T14:04:16 - [TEST_STEP][PASSED] - println(isRequiredTextPresent): null

25-09-2024T14:04:16 - [TEST_STEP][PASSED] - if (isRequiredTextPresent): null

25-09-2024T14:04:16 - [TEST_STEP][PASSED] - if (verifyTextPresent("UDF2 Label:", false)): null

25-09-2024T14:04:17 - [MESSAGE][PASSED] - Text 'UDF2 Label:' is present on page 

25-09-2024T14:04:17 - [TEST_STEP][PASSED] - isRequiredTextPresent = true: null

25-09-2024T14:04:17 - [TEST_STEP][PASSED] - println(isRequiredTextPresent): null

25-09-2024T14:04:17 - [TEST_STEP][PASSED] - if (isRequiredTextPresent): null

25-09-2024T14:04:17 - [TEST_STEP][PASSED] - if (verifyTextPresent("UDF3 Label:", false)): null

25-09-2024T14:04:17 - [MESSAGE][PASSED] - Text 'UDF3 Label:' is present on page 

25-09-2024T14:04:17 - [TEST_STEP][PASSED] - isRequiredTextPresent = true: null

25-09-2024T14:04:17 - [TEST_STEP][PASSED] - println(isRequiredTextPresent): null

25-09-2024T14:04:17 - [TEST_STEP][PASSED] - if (isRequiredTextPresent): null

25-09-2024T14:04:17 - [TEST_STEP][PASSED] - if (verifyTextPresent("UDF4 Label:", false)): null

25-09-2024T14:04:17 - [MESSAGE][PASSED] - Text 'UDF4 Label:' is present on page 

25-09-2024T14:04:17 - [TEST_STEP][PASSED] - isRequiredTextPresent = true: null

25-09-2024T14:04:17 - [TEST_STEP][PASSED] - println(isRequiredTextPresent): null

25-09-2024T14:04:17 - [TEST_STEP][PASSED] - if (isRequiredTextPresent): null

25-09-2024T14:04:17 - [TEST_STEP][PASSED] - if (verifyTextPresent("UDF7 Label:", false)): null

25-09-2024T14:04:18 - [MESSAGE][PASSED] - Text 'UDF7 Label:' is present on page 

25-09-2024T14:04:18 - [TEST_STEP][PASSED] - isRequiredTextPresent = true: null

25-09-2024T14:04:18 - [TEST_STEP][PASSED] - println(isRequiredTextPresent): null

25-09-2024T14:04:18 - [TEST_STEP][PASSED] - if (isRequiredTextPresent): null

25-09-2024T14:04:18 - [TEST_STEP][PASSED] - if (verifyTextPresent("UDF8 Label:", false)): null

25-09-2024T14:04:18 - [MESSAGE][PASSED] - Text 'UDF8 Label:' is present on page 

25-09-2024T14:04:18 - [TEST_STEP][PASSED] - isRequiredTextPresent = true: null

25-09-2024T14:04:18 - [TEST_STEP][PASSED] - println(isRequiredTextPresent): null

25-09-2024T14:04:18 - [TEST_STEP][PASSED] - if (isRequiredTextPresent): null

25-09-2024T14:04:18 - [TEST_STEP][PASSED] - if (verifyTextPresent("UDF9 Label:", false)): null

25-09-2024T14:04:18 - [MESSAGE][PASSED] - Text 'UDF9 Label:' is present on page 

25-09-2024T14:04:18 - [TEST_STEP][PASSED] - isRequiredTextPresent = true: null

25-09-2024T14:04:18 - [TEST_STEP][PASSED] - println(isRequiredTextPresent): null

25-09-2024T14:04:18 - [TEST_STEP][PASSED] - if (isRequiredTextPresent): null

25-09-2024T14:04:18 - [TEST_STEP][PASSED] - if (verifyTextPresent("Transaction Type:", false)): null

25-09-2024T14:04:18 - [MESSAGE][PASSED] - Text 'Transaction Type:' is present on page 

25-09-2024T14:04:18 - [TEST_STEP][PASSED] - isRequiredTextPresent = true: null

25-09-2024T14:04:18 - [TEST_STEP][PASSED] - println(isRequiredTextPresent): null

25-09-2024T14:04:18 - [TEST_STEP][PASSED] - if (isRequiredTextPresent): null

25-09-2024T14:04:18 - [TEST_STEP][PASSED] - if (verifyTextPresent("Amount:", false)): null

25-09-2024T14:04:19 - [MESSAGE][PASSED] - Text 'Amount:' is present on page 

25-09-2024T14:04:19 - [TEST_STEP][PASSED] - isRequiredTextPresent = true: null

25-09-2024T14:04:19 - [TEST_STEP][PASSED] - println(isRequiredTextPresent): null

25-09-2024T14:04:19 - [TEST_STEP][PASSED] - if (isRequiredTextPresent): null

25-09-2024T14:04:19 - [TEST_STEP][PASSED] - if (verifyTextPresent("Check Information:", false)): null

25-09-2024T14:04:19 - [MESSAGE][PASSED] - Text 'Check Information:' is present on page 

25-09-2024T14:04:19 - [TEST_STEP][PASSED] - isRequiredTextPresent = true: null

25-09-2024T14:04:19 - [TEST_STEP][PASSED] - println(isRequiredTextPresent): null

25-09-2024T14:04:19 - [TEST_STEP][PASSED] - if (isRequiredTextPresent): null

25-09-2024T14:04:19 - [TEST_STEP][PASSED] - if (verifyTextPresent("Account Type:", false)): null

25-09-2024T14:04:19 - [MESSAGE][PASSED] - Text 'Account Type:' is present on page 

25-09-2024T14:04:19 - [TEST_STEP][PASSED] - isRequiredTextPresent = true: null

25-09-2024T14:04:19 - [TEST_STEP][PASSED] - println(isRequiredTextPresent): null

25-09-2024T14:04:19 - [TEST_STEP][PASSED] - if (isRequiredTextPresent): null

25-09-2024T14:04:19 - [TEST_STEP][PASSED] - if (verifyTextPresent("Employer Identification Number(EIN):", false)): null

25-09-2024T14:04:19 - [MESSAGE][PASSED] - Text 'Employer Identification Number(EIN):' is present on page 

25-09-2024T14:04:19 - [TEST_STEP][PASSED] - isRequiredTextPresent = true: null

25-09-2024T14:04:19 - [TEST_STEP][PASSED] - println(isRequiredTextPresent): null

25-09-2024T14:04:19 - [TEST_STEP][PASSED] - if (isRequiredTextPresent): null

25-09-2024T14:04:19 - [TEST_STEP][PASSED] - if (verifyTextPresent("Account Number:", false)): null

25-09-2024T14:04:20 - [MESSAGE][PASSED] - Text 'Account Number:' is present on page 

25-09-2024T14:04:20 - [TEST_STEP][PASSED] - isRequiredTextPresent = true: null

25-09-2024T14:04:20 - [TEST_STEP][PASSED] - println(isRequiredTextPresent): null

25-09-2024T14:04:20 - [TEST_STEP][PASSED] - if (isRequiredTextPresent): null

25-09-2024T14:04:20 - [TEST_STEP][PASSED] - if (verifyTextPresent("Routing Number:", false)): null

25-09-2024T14:04:20 - [MESSAGE][PASSED] - Text 'Routing Number:' is present on page 

25-09-2024T14:04:20 - [TEST_STEP][PASSED] - isRequiredTextPresent = true: null

25-09-2024T14:04:20 - [TEST_STEP][PASSED] - println(isRequiredTextPresent): null

25-09-2024T14:04:20 - [TEST_STEP][PASSED] - if (isRequiredTextPresent): null

25-09-2024T14:04:20 - [TEST_STEP][PASSED] - if (verifyTextPresent("Company Name:", false)): null

25-09-2024T14:04:20 - [MESSAGE][PASSED] - Text 'Company Name:' is present on page 

25-09-2024T14:04:20 - [TEST_STEP][PASSED] - isRequiredTextPresent = true: null

25-09-2024T14:04:20 - [TEST_STEP][PASSED] - println(isRequiredTextPresent): null

25-09-2024T14:04:20 - [TEST_STEP][PASSED] - if (isRequiredTextPresent): null

25-09-2024T14:04:20 - [TEST_STEP][PASSED] - if (verifyTextPresent("Billing Information:", false)): null

25-09-2024T14:04:21 - [MESSAGE][PASSED] - Text 'Billing Information:' is present on page 

25-09-2024T14:04:21 - [TEST_STEP][PASSED] - isRequiredTextPresent = true: null

25-09-2024T14:04:21 - [TEST_STEP][PASSED] - println(isRequiredTextPresent): null

25-09-2024T14:04:21 - [TEST_STEP][PASSED] - if (isRequiredTextPresent): null

25-09-2024T14:04:21 - [TEST_STEP][PASSED] - if (verifyTextPresent("Address Line 1:", false)): null

25-09-2024T14:04:21 - [MESSAGE][PASSED] - Text 'Address Line 1:' is present on page 

25-09-2024T14:04:21 - [TEST_STEP][PASSED] - isRequiredTextPresent = true: null

25-09-2024T14:04:21 - [TEST_STEP][PASSED] - println(isRequiredTextPresent): null

25-09-2024T14:04:21 - [TEST_STEP][PASSED] - if (isRequiredTextPresent): null

25-09-2024T14:04:21 - [TEST_STEP][PASSED] - if (verifyTextPresent("Address Line 2:", false)): null

25-09-2024T14:04:21 - [MESSAGE][PASSED] - Text 'Address Line 2:' is present on page 

25-09-2024T14:04:21 - [TEST_STEP][PASSED] - isRequiredTextPresent = true: null

25-09-2024T14:04:21 - [TEST_STEP][PASSED] - println(isRequiredTextPresent): null

25-09-2024T14:04:21 - [TEST_STEP][PASSED] - if (isRequiredTextPresent): null

25-09-2024T14:04:21 - [TEST_STEP][PASSED] - if (verifyTextPresent("Country:", false)): null

25-09-2024T14:04:21 - [MESSAGE][PASSED] - Text 'Country:' is present on page 

25-09-2024T14:04:21 - [TEST_STEP][PASSED] - isRequiredTextPresent = true: null

25-09-2024T14:04:21 - [TEST_STEP][PASSED] - println(isRequiredTextPresent): null

25-09-2024T14:04:21 - [TEST_STEP][PASSED] - if (isRequiredTextPresent): null

25-09-2024T14:04:21 - [TEST_STEP][PASSED] - if (verifyTextPresent("City:", false)): null

25-09-2024T14:04:22 - [MESSAGE][PASSED] - Text 'City:' is present on page 

25-09-2024T14:04:22 - [TEST_STEP][PASSED] - isRequiredTextPresent = true: null

25-09-2024T14:04:22 - [TEST_STEP][PASSED] - println(isRequiredTextPresent): null

25-09-2024T14:04:22 - [TEST_STEP][PASSED] - if (isRequiredTextPresent): null

25-09-2024T14:04:22 - [TEST_STEP][PASSED] - if (verifyTextPresent("State:", false)): null

25-09-2024T14:04:22 - [MESSAGE][PASSED] - Text 'State:' is present on page 

25-09-2024T14:04:22 - [TEST_STEP][PASSED] - isRequiredTextPresent = true: null

25-09-2024T14:04:22 - [TEST_STEP][PASSED] - println(isRequiredTextPresent): null

25-09-2024T14:04:22 - [TEST_STEP][PASSED] - if (isRequiredTextPresent): null

25-09-2024T14:04:22 - [TEST_STEP][PASSED] - if (verifyTextPresent("Zip Code:", false)): null

25-09-2024T14:04:22 - [MESSAGE][PASSED] - Text 'Zip Code:' is present on page 

25-09-2024T14:04:22 - [TEST_STEP][PASSED] - isRequiredTextPresent = true: null

25-09-2024T14:04:22 - [TEST_STEP][PASSED] - println(isRequiredTextPresent): null

25-09-2024T14:04:22 - [TEST_STEP][PASSED] - if (isRequiredTextPresent): null

25-09-2024T14:04:22 - [TEST_STEP][PASSED] - if (verifyTextPresent("Plan Information:", false)): null

25-09-2024T14:04:23 - [MESSAGE][PASSED] - Text 'Plan Information:' is present on page 

25-09-2024T14:04:23 - [TEST_STEP][PASSED] - isRequiredTextPresent = true: null

25-09-2024T14:04:23 - [TEST_STEP][PASSED] - println(isRequiredTextPresent): null

25-09-2024T14:04:23 - [TEST_STEP][PASSED] - if (isRequiredTextPresent): null

25-09-2024T14:04:23 - [TEST_STEP][PASSED] - if (verifyTextPresent("Payment Plan Type:", false)): null

25-09-2024T14:04:23 - [MESSAGE][PASSED] - Text 'Payment Plan Type:' is present on page 

25-09-2024T14:04:23 - [TEST_STEP][PASSED] - isRequiredTextPresent = true: null

25-09-2024T14:04:23 - [TEST_STEP][PASSED] - println(isRequiredTextPresent): null

25-09-2024T14:04:23 - [TEST_STEP][PASSED] - if (isRequiredTextPresent): null

25-09-2024T14:04:23 - [TEST_STEP][PASSED] - if (verifyTextPresent("Payment Plan ID:", false)): null

25-09-2024T14:04:23 - [MESSAGE][PASSED] - Text 'Payment Plan ID:' is present on page 

25-09-2024T14:04:23 - [TEST_STEP][PASSED] - isRequiredTextPresent = true: null

25-09-2024T14:04:23 - [TEST_STEP][PASSED] - println(isRequiredTextPresent): null

25-09-2024T14:04:23 - [TEST_STEP][PASSED] - if (isRequiredTextPresent): null

25-09-2024T14:04:23 - [TEST_STEP][PASSED] - if (verifyTextPresent("Payment Date:", false)): null

25-09-2024T14:04:23 - [MESSAGE][PASSED] - Text 'Payment Date:' is present on page 

25-09-2024T14:04:23 - [TEST_STEP][PASSED] - isRequiredTextPresent = true: null

25-09-2024T14:04:23 - [TEST_STEP][PASSED] - println(isRequiredTextPresent): null

25-09-2024T14:04:23 - [TEST_STEP][PASSED] - if (isRequiredTextPresent == true): pages.WriteExcel.demoKey is PASSED

25-09-2024T14:04:23 - [TEST_STEP][PASSED] - println("All the relevant texts are present on Receipt Page"): null

25-09-2024T14:04:23 - [TEST_STEP][PASSED] - markPassed("All the relevant texts are present on Receipt Page"): All the relevant texts are present on Receipt Page

25-09-2024T14:04:23 - [MESSAGE][PASSED] - All the relevant texts are present on Receipt Page

25-09-2024T14:04:23 - [TEST_STEP][PASSED] - resText = "Pass": null

25-09-2024T14:04:23 - [TEST_STEP][PASSED] - pages.WriteExcel.demoKey(resText, datText, resColumn, datCloumn, fileLoc, nameSheet, row): pages.WriteExcel.demoKey is PASSED

25-09-2024T14:04:23 - [MESSAGE][PASSED] - pages.WriteExcel.demoKey is PASSED

25-09-2024T14:04:23 - [TEST_STEP][PASSED] - closeBrowser(): Browser is closed

25-09-2024T14:04:24 - [MESSAGE][PASSED] - Browser is closed]]></system-out>
         <system-err><![CDATA[]]></system-err>
      </testcase>
      <testcase name="Test Cases/IntegratedWeb/IWP25/Payments/VerifyCreateReceiptLabelsDeferredPC" time="73.731" classname="Test Cases/IntegratedWeb/IWP25/Payments/VerifyCreateReceiptLabelsDeferredPC" status="PASSED">
         <system-out><![CDATA[25-09-2024T14:04:24 - [TEST_CASE][PASSED] - Test Cases/IntegratedWeb/IWP25/Payments/VerifyCreateReceiptLabelsDeferredPC: Test Cases/IntegratedWeb/IWP25/Payments/VerifyCreateReceiptLabelsDeferredPC

25-09-2024T14:04:24 - [TEST_STEP][PASSED] - resText = "Fail": null

25-09-2024T14:04:24 - [TEST_STEP][PASSED] - resColumn = "Result": null

25-09-2024T14:04:24 - [TEST_STEP][PASSED] - datCloumn = "Date": null

25-09-2024T14:04:24 - [TEST_STEP][PASSED] - fileLoc = "KatalonData/IWPTestData/VRelay25PaymentsExtension.xlsx": null

25-09-2024T14:04:24 - [TEST_STEP][PASSED] - numOfRows = <not implemented yet for class: org.codehaus.groovy.ast.expr.EmptyExpression>: null

25-09-2024T14:04:24 - [TEST_STEP][PASSED] - dataFile = <not implemented yet for class: org.codehaus.groovy.ast.expr.EmptyExpression>: null

25-09-2024T14:04:24 - [TEST_STEP][PASSED] - nameSheet = <not implemented yet for class: org.codehaus.groovy.ast.expr.EmptyExpression>: null

25-09-2024T14:04:24 - [TEST_STEP][PASSED] - dataFileEmulator = <not implemented yet for class: org.codehaus.groovy.ast.expr.EmptyExpression>: null

25-09-2024T14:04:24 - [TEST_STEP][PASSED] - isRequiredTextPresent = false: null

25-09-2024T14:04:24 - [TEST_STEP][PASSED] - nameSheet = "VerifyCreateLabelDeferredPC": null

25-09-2024T14:04:24 - [TEST_STEP][PASSED] - dataFile = getExcelDataWithDefaultSheet("KatalonData/IWPTestData/VRelay25PaymentsExtension.xlsx", nameSheet, true): null

25-09-2024T14:04:24 - [TEST_STEP][PASSED] - dataFileEmulator = "IWPTestData/EmulatorData": null

25-09-2024T14:04:24 - [TEST_STEP][PASSED] - numOfRows = dataFile.getRowNumbers(): null

25-09-2024T14:04:24 - [TEST_STEP][PASSED] - println("Number of Records: " + numOfRows): null

25-09-2024T14:04:24 - [TEST_STEP][PASSED] - for ([row = 1, row <= numOfRows, (row++)]): Browser is closed

25-09-2024T14:04:24 - [TEST_STEP][PASSED] - ExecuteTC = dataFile.getValue("Execute", row): null

25-09-2024T14:04:24 - [TEST_STEP][PASSED] - out.println("Value of Execute is : " + ExecuteTC): null

25-09-2024T14:04:24 - [TEST_STEP][PASSED] - if (ExecuteTC.equalsIgnoreCase("Y")): null

25-09-2024T14:04:24 - [TEST_STEP][PASSED] - out.println("Begin Record Number: " + row): null

25-09-2024T14:04:24 - [TEST_STEP][PASSED] - today = new java.util.Date(): null

25-09-2024T14:04:24 - [TEST_STEP][PASSED] - println(today): null

25-09-2024T14:04:24 - [TEST_STEP][PASSED] - datText = today: null

25-09-2024T14:04:24 - [TEST_STEP][PASSED] - EmulatorDataKey = dataFile.getValue("EmulatorData", row): null

25-09-2024T14:04:24 - [TEST_STEP][PASSED] - out.println("Value of Emulator Key is : " + EmulatorDataKey): null

25-09-2024T14:04:24 - [TEST_STEP][PASSED] - iwpPages.emulatorIWP30.setDataEmulator_DD(EmulatorDataKey): iwpPages.emulatorIWP30.setDataEmulator_DD is PASSED

25-09-2024T14:04:25 - [MESSAGE][INFO] - Starting 'Edge Chromium' driver

25-09-2024T14:04:25 - [MESSAGE][INFO] - User set preference: ['acceptInsecureCerts', 'true']

25-09-2024T14:04:27 - [MESSAGE][INFO] - Action delay is set to 0 milliseconds

25-09-2024T14:04:32 - [MESSAGE][PASSED] - Browser is opened with url: 'https://qa.velocitypayment.com/agency/config.do?action=editor&message_version=2_5'

25-09-2024T14:04:32 - [MESSAGE][PASSED] - Current window maximized

25-09-2024T14:04:33 - [MESSAGE][PASSED] - All options with value '2.5' are selected in object 'Object Repository/IWP30/Page_VRelay30Emulator/MV'  using regular expression

25-09-2024T14:04:34 - [MESSAGE][PASSED] - Text '10.50' is set on object 'Object Repository/IWP30/Page_VRelay30Emulator/Amount'

25-09-2024T14:04:34 - [MESSAGE][PASSED] - Text 'Iiz4zEgPVlEa' is set on object 'Object Repository/IWP30/Page_VRelay30Emulator/CAN'

25-09-2024T14:04:35 - [MESSAGE][PASSED] - Text 'PayNow' is set on object 'Object Repository/IWP30/Page_VRelay30Emulator/Action'

25-09-2024T14:04:36 - [MESSAGE][PASSED] - Text 'en_US' is set on object 'Object Repository/IWP30/Page_VRelay30Emulator/Lang'

25-09-2024T14:04:36 - [MESSAGE][PASSED] - Text '' is set on object 'Object Repository/IWP30/Page_VRelay30Emulator/Fname'

25-09-2024T14:04:37 - [MESSAGE][PASSED] - Text '' is set on object 'Object Repository/IWP30/Page_VRelay30Emulator/Lname'

25-09-2024T14:04:37 - [MESSAGE][PASSED] - Text '' is set on object 'Object Repository/IWP30/Page_VRelay30Emulator/AL1'

25-09-2024T14:04:38 - [MESSAGE][PASSED] - Text '' is set on object 'Object Repository/IWP30/Page_VRelay30Emulator/AL2'

25-09-2024T14:04:38 - [MESSAGE][PASSED] - Text '' is set on object 'Object Repository/IWP30/Page_VRelay30Emulator/Country'

25-09-2024T14:04:39 - [MESSAGE][PASSED] - Text '' is set on object 'Object Repository/IWP30/Page_VRelay30Emulator/City'

25-09-2024T14:04:40 - [MESSAGE][PASSED] - Text '' is set on object 'Object Repository/IWP30/Page_VRelay30Emulator/State'

25-09-2024T14:04:40 - [MESSAGE][PASSED] - Text '' is set on object 'Object Repository/IWP30/Page_VRelay30Emulator/ZIP'

25-09-2024T14:04:41 - [MESSAGE][PASSED] - Text '' is set on object 'Object Repository/IWP30/Page_VRelay30Emulator/Order'

25-09-2024T14:04:41 - [MESSAGE][PASSED] - Text '' is set on object 'Object Repository/IWP30/Page_VRelay30Emulator/Company'

25-09-2024T14:04:42 - [MESSAGE][PASSED] - Text '' is set on object 'Object Repository/IWP30/Page_VRelay30Emulator/Email'

25-09-2024T14:04:43 - [MESSAGE][PASSED] - Text '' is set on object 'Object Repository/IWP30/Page_VRelay30Emulator/UDF1'

25-09-2024T14:04:43 - [MESSAGE][PASSED] - Text '' is set on object 'Object Repository/IWP30/Page_VRelay30Emulator/UDF2'

25-09-2024T14:04:44 - [MESSAGE][PASSED] - Text '' is set on object 'Object Repository/IWP30/Page_VRelay30Emulator/UDF3'

25-09-2024T14:04:44 - [MESSAGE][PASSED] - Text 'udf data 4' is set on object 'Object Repository/IWP30/Page_VRelay30Emulator/UDF4'

25-09-2024T14:04:45 - [MESSAGE][PASSED] - Text 'udf data 5' is set on object 'Object Repository/IWP30/Page_VRelay30Emulator/UDF5'

25-09-2024T14:04:45 - [MESSAGE][PASSED] - Text '' is set on object 'Object Repository/IWP30/Page_VRelay30Emulator/UDF6'

25-09-2024T14:04:46 - [MESSAGE][PASSED] - Text '' is set on object 'Object Repository/IWP30/Page_VRelay30Emulator/UDF7'

25-09-2024T14:04:47 - [MESSAGE][PASSED] - Text '' is set on object 'Object Repository/IWP30/Page_VRelay30Emulator/UDF8'

25-09-2024T14:04:47 - [MESSAGE][PASSED] - Text 'udf data 9' is set on object 'Object Repository/IWP30/Page_VRelay30Emulator/UDF9'

25-09-2024T14:04:48 - [MESSAGE][PASSED] - Text 'udf data 10' is set on object 'Object Repository/IWP30/Page_VRelay30Emulator/UDF10'

25-09-2024T14:04:49 - [MESSAGE][PASSED] - Object: 'Object Repository/IWP30/Page_VRelay30Emulator/Submit' is clicked on

25-09-2024T14:04:54 - [MESSAGE][PASSED] - Browser is closed

25-09-2024T14:04:58 - [MESSAGE][PASSED] - iwpPages.emulatorIWP30.setDataEmulator_DD is PASSED

25-09-2024T14:04:58 - [TEST_STEP][PASSED] - testHarnessURL = urlTestHarness: null

25-09-2024T14:04:58 - [TEST_STEP][PASSED] - openBrowser(testHarnessURL): Browser is opened with url: 'https://dev-algorithm.govolution.com/vrelaytest/QA/version_2_2/vrelaytest.html'

25-09-2024T14:04:58 - [MESSAGE][INFO] - Starting 'Edge Chromium' driver

25-09-2024T14:04:58 - [MESSAGE][INFO] - User set preference: ['acceptInsecureCerts', 'true']

25-09-2024T14:05:00 - [MESSAGE][INFO] - Action delay is set to 0 milliseconds

25-09-2024T14:05:03 - [MESSAGE][PASSED] - Browser is opened with url: 'https://dev-algorithm.govolution.com/vrelaytest/QA/version_2_2/vrelaytest.html'

25-09-2024T14:05:03 - [TEST_STEP][PASSED] - maximizeWindow(): Current window maximized

25-09-2024T14:05:03 - [MESSAGE][PASSED] - Current window maximized

25-09-2024T14:05:03 - [TEST_STEP][PASSED] - iwpPages.TestHarnessPage.setDataMethodEF(row, dataFile): iwpPages.TestHarnessPage.setDataMethodEF is PASSED

25-09-2024T14:05:03 - [MESSAGE][PASSED] - Object 'Object Repository/IWP30/Page_QATestHarness/RemittanceID' is present

25-09-2024T14:05:04 - [MESSAGE][PASSED] - Text '638' is set on object 'Object Repository/IWP30/Page_QATestHarness/ApplicationID'

25-09-2024T14:05:05 - [MESSAGE][PASSED] - Text '2.5' is set on object 'Object Repository/IWP30/Page_QATestHarness/MessageVersion'

25-09-2024T14:05:05 - [MESSAGE][PASSED] - Text 'u9r4XCtcV6x0' is set on object 'Object Repository/IWP30/Page_QATestHarness/RemittanceID'

25-09-2024T14:05:09 - [MESSAGE][PASSED] - Object: 'Object Repository/IWP30/Page_QATestHarness/SubmitButton' is clicked on

25-09-2024T14:05:09 - [MESSAGE][PASSED] - iwpPages.TestHarnessPage.setDataMethodEF is PASSED

25-09-2024T14:05:09 - [TEST_STEP][PASSED] - click(findTestObject("Object Repository/IWP30/Page_SelectPaymentMethod/PayByPersonalCheck")): Object: 'Object Repository/IWP30/Page_SelectPaymentMethod/PayByPersonalCheck' is clicked on

25-09-2024T14:05:09 - [MESSAGE][PASSED] - Object: 'Object Repository/IWP30/Page_SelectPaymentMethod/PayByPersonalCheck' is clicked on

25-09-2024T14:05:09 - [TEST_STEP][PASSED] - click(findTestObject("Object Repository/IWP30/Page_SelectPaymentMethod/MakePaymentButton")): Object: 'Object Repository/IWP30/Page_SelectPaymentMethod/MakePaymentButton' is clicked on

25-09-2024T14:05:11 - [MESSAGE][PASSED] - Object: 'Object Repository/IWP30/Page_SelectPaymentMethod/MakePaymentButton' is clicked on

25-09-2024T14:05:11 - [TEST_STEP][PASSED] - iwpPages.achPersonalPaymentEntryPage.setDataACHPPM(row, dataFile): iwpPages.achPersonalPaymentEntryPage.setDataACHPPM is PASSED

25-09-2024T14:05:11 - [MESSAGE][PASSED] - Object 'Object Repository/IWP30/Page_ACHPersonalPaymentEntry/txt_accountNumber' is present

25-09-2024T14:05:12 - [MESSAGE][PASSED] - Text '10.50' is set on object 'Object Repository/IWP30/Page_ACHPersonalPaymentEntry/txt_Amount'

25-09-2024T14:05:12 - [MESSAGE][PASSED] - Object 'Object Repository/IWP30/Page_ACHPersonalPaymentEntry/txt_UDF2' is present

25-09-2024T14:05:13 - [MESSAGE][PASSED] - Text 'udf data 2' is set on object 'Object Repository/IWP30/Page_ACHPersonalPaymentEntry/txt_UDF2'

25-09-2024T14:05:13 - [MESSAGE][PASSED] - Text 'udf data 3' is set on object 'Object Repository/IWP30/Page_ACHPersonalPaymentEntry/txt_UDF3'

25-09-2024T14:05:14 - [MESSAGE][PASSED] - All options with label 'Orange' are selected in object 'Object Repository/IWP30/Page_ACHPersonalPaymentEntry/dd_UDF7' 

25-09-2024T14:05:14 - [MESSAGE][PASSED] - All options with label 'Soccer' are selected in object 'Object Repository/IWP30/Page_ACHPersonalPaymentEntry/dd_UDF8' 

25-09-2024T14:05:15 - [MESSAGE][PASSED] - Object 'Object Repository/IWP30/Page_ACHPersonalPaymentEntry/txt_Firstname' is present

25-09-2024T14:05:15 - [MESSAGE][PASSED] - Text 'Elizath' is set on object 'Object Repository/IWP30/Page_ACHPersonalPaymentEntry/txt_Firstname'

25-09-2024T14:05:16 - [MESSAGE][PASSED] - Object 'Object Repository/IWP30/Page_ACHPersonalPaymentEntry/txt_Lastname' is present

25-09-2024T14:05:16 - [MESSAGE][PASSED] - Text 'Christine' is set on object 'Object Repository/IWP30/Page_ACHPersonalPaymentEntry/txt_Lastname'

25-09-2024T14:05:16 - [MESSAGE][PASSED] - Object 'Object Repository/IWP30/Page_ACHPersonalPaymentEntry/txt_routingNumber' is present

25-09-2024T14:05:17 - [MESSAGE][PASSED] - Text '256072691' is set on object 'Object Repository/IWP30/Page_ACHPersonalPaymentEntry/txt_routingNumber'

25-09-2024T14:05:17 - [MESSAGE][PASSED] - Object 'Object Repository/IWP30/Page_ACHPersonalPaymentEntry/txt_accountNumber' is present

25-09-2024T14:05:19 - [MESSAGE][PASSED] - Text '12344444' is set on object 'Object Repository/IWP30/Page_ACHPersonalPaymentEntry/txt_accountNumber'

25-09-2024T14:05:19 - [MESSAGE][PASSED] - Object 'Object Repository/IWP30/Page_ACHPersonalPaymentEntry/txt_confirmAccountNumber' is present

25-09-2024T14:05:20 - [MESSAGE][PASSED] - Text '12344444' is set on object 'Object Repository/IWP30/Page_ACHPersonalPaymentEntry/txt_confirmAccountNumber'

25-09-2024T14:05:20 - [MESSAGE][PASSED] - Object 'Object Repository/IWP30/Page_ACHPersonalPaymentEntry/rd_accountType' is present

25-09-2024T14:05:20 - [MESSAGE][PASSED] - Modify property of object successfully

25-09-2024T14:05:20 - [MESSAGE][PASSED] - Object: 'Object Repository/IWP30/Page_ACHPersonalPaymentEntry/rd_accountType' is clicked on

25-09-2024T14:05:20 - [MESSAGE][PASSED] - Execute JavaScript '
				   document.getElementById('processDate').value = '08/09/2025'
				  ' successfully

25-09-2024T14:05:21 - [MESSAGE][PASSED] - Text '365 Main Avenue' is set on object 'Object Repository/IWP30/Page_ACHPersonalPaymentEntry/txt_AL1'

25-09-2024T14:05:21 - [MESSAGE][PASSED] - Text 'Ohio' is set on object 'Object Repository/IWP30/Page_ACHPersonalPaymentEntry/txt_AL2'

25-09-2024T14:05:22 - [MESSAGE][PASSED] - Text '22201' is set on object 'Object Repository/IWP30/Page_ACHPersonalPaymentEntry/txt_ZIP'

25-09-2024T14:05:22 - [MESSAGE][PASSED] - Object 'Object Repository/IWP30/Page_ACHPersonalPaymentEntry/txt_Email' is present

25-09-2024T14:05:23 - [MESSAGE][PASSED] - Text 'iahmed@govolution.com' is set on object 'Object Repository/IWP30/Page_ACHPersonalPaymentEntry/txt_Email'

25-09-2024T14:05:24 - [MESSAGE][PASSED] - Object 'Object Repository/IWP30/Page_ACHPersonalPaymentEntry/cb_TermsAndCond' is present

25-09-2024T14:05:24 - [MESSAGE][PASSED] - Object: 'Object Repository/IWP30/Page_ACHPersonalPaymentEntry/cb_TermsAndCond' is clicked on

25-09-2024T14:05:24 - [MESSAGE][PASSED] - Object 'Object Repository/IWP30/Page_ACHPersonalPaymentEntry/btn_Continue' is present

25-09-2024T14:05:25 - [MESSAGE][PASSED] - Object: 'Object Repository/IWP30/Page_ACHPersonalPaymentEntry/btn_Continue' is clicked on

25-09-2024T14:05:25 - [MESSAGE][PASSED] - iwpPages.achPersonalPaymentEntryPage.setDataACHPPM is PASSED

25-09-2024T14:05:25 - [TEST_STEP][PASSED] - click(findTestObject("Object Repository/IWP30/Page_Confirmation/ConfirmButton")): Object: 'Object Repository/IWP30/Page_Confirmation/ConfirmButton' is clicked on

25-09-2024T14:05:27 - [MESSAGE][PASSED] - Object: 'Object Repository/IWP30/Page_Confirmation/ConfirmButton' is clicked on

25-09-2024T14:05:27 - [TEST_STEP][PASSED] - Thread.sleep(2000): null

25-09-2024T14:05:29 - [TEST_STEP][PASSED] - if (verifyTextPresent("Deferred", false)): null

25-09-2024T14:05:29 - [MESSAGE][PASSED] - Text 'Deferred' is present on page 

25-09-2024T14:05:29 - [TEST_STEP][PASSED] - if (verifyTextPresent("Your payment plan has been successfully created", false)): null

25-09-2024T14:05:30 - [MESSAGE][PASSED] - Text 'Your payment plan has been successfully created' is present on page 

25-09-2024T14:05:30 - [TEST_STEP][PASSED] - isRequiredTextPresent = true: null

25-09-2024T14:05:30 - [TEST_STEP][PASSED] - println(isRequiredTextPresent): null

25-09-2024T14:05:30 - [TEST_STEP][PASSED] - if (isRequiredTextPresent): null

25-09-2024T14:05:30 - [TEST_STEP][PASSED] - if (verifyTextPresent("CAN Label:", false)): null

25-09-2024T14:05:30 - [MESSAGE][PASSED] - Text 'CAN Label:' is present on page 

25-09-2024T14:05:30 - [TEST_STEP][PASSED] - isRequiredTextPresent = true: null

25-09-2024T14:05:30 - [TEST_STEP][PASSED] - println(isRequiredTextPresent): null

25-09-2024T14:05:30 - [TEST_STEP][PASSED] - if (isRequiredTextPresent): null

25-09-2024T14:05:30 - [TEST_STEP][PASSED] - if (verifyTextPresent("Remittance ID:", false)): null

25-09-2024T14:05:30 - [MESSAGE][PASSED] - Text 'Remittance ID:' is present on page 

25-09-2024T14:05:30 - [TEST_STEP][PASSED] - isRequiredTextPresent = true: null

25-09-2024T14:05:30 - [TEST_STEP][PASSED] - println(isRequiredTextPresent): null

25-09-2024T14:05:30 - [TEST_STEP][PASSED] - if (isRequiredTextPresent): null

25-09-2024T14:05:30 - [TEST_STEP][PASSED] - if (verifyTextPresent("UDF2 Label:", false)): null

25-09-2024T14:05:31 - [MESSAGE][PASSED] - Text 'UDF2 Label:' is present on page 

25-09-2024T14:05:31 - [TEST_STEP][PASSED] - isRequiredTextPresent = true: null

25-09-2024T14:05:31 - [TEST_STEP][PASSED] - println(isRequiredTextPresent): null

25-09-2024T14:05:31 - [TEST_STEP][PASSED] - if (isRequiredTextPresent): null

25-09-2024T14:05:31 - [TEST_STEP][PASSED] - if (verifyTextPresent("UDF3 Label:", false)): null

25-09-2024T14:05:31 - [MESSAGE][PASSED] - Text 'UDF3 Label:' is present on page 

25-09-2024T14:05:31 - [TEST_STEP][PASSED] - isRequiredTextPresent = true: null

25-09-2024T14:05:31 - [TEST_STEP][PASSED] - println(isRequiredTextPresent): null

25-09-2024T14:05:31 - [TEST_STEP][PASSED] - if (isRequiredTextPresent): null

25-09-2024T14:05:31 - [TEST_STEP][PASSED] - if (verifyTextPresent("UDF4 Label:", false)): null

25-09-2024T14:05:31 - [MESSAGE][PASSED] - Text 'UDF4 Label:' is present on page 

25-09-2024T14:05:31 - [TEST_STEP][PASSED] - isRequiredTextPresent = true: null

25-09-2024T14:05:31 - [TEST_STEP][PASSED] - println(isRequiredTextPresent): null

25-09-2024T14:05:31 - [TEST_STEP][PASSED] - if (isRequiredTextPresent): null

25-09-2024T14:05:31 - [TEST_STEP][PASSED] - if (verifyTextPresent("UDF7 Label:", false)): null

25-09-2024T14:05:32 - [MESSAGE][PASSED] - Text 'UDF7 Label:' is present on page 

25-09-2024T14:05:32 - [TEST_STEP][PASSED] - isRequiredTextPresent = true: null

25-09-2024T14:05:32 - [TEST_STEP][PASSED] - println(isRequiredTextPresent): null

25-09-2024T14:05:32 - [TEST_STEP][PASSED] - if (isRequiredTextPresent): null

25-09-2024T14:05:32 - [TEST_STEP][PASSED] - if (verifyTextPresent("UDF8 Label:", false)): null

25-09-2024T14:05:32 - [MESSAGE][PASSED] - Text 'UDF8 Label:' is present on page 

25-09-2024T14:05:32 - [TEST_STEP][PASSED] - isRequiredTextPresent = true: null

25-09-2024T14:05:32 - [TEST_STEP][PASSED] - println(isRequiredTextPresent): null

25-09-2024T14:05:32 - [TEST_STEP][PASSED] - if (isRequiredTextPresent): null

25-09-2024T14:05:32 - [TEST_STEP][PASSED] - if (verifyTextPresent("UDF9 Label:", false)): null

25-09-2024T14:05:32 - [MESSAGE][PASSED] - Text 'UDF9 Label:' is present on page 

25-09-2024T14:05:32 - [TEST_STEP][PASSED] - isRequiredTextPresent = true: null

25-09-2024T14:05:32 - [TEST_STEP][PASSED] - println(isRequiredTextPresent): null

25-09-2024T14:05:32 - [TEST_STEP][PASSED] - if (isRequiredTextPresent): null

25-09-2024T14:05:32 - [TEST_STEP][PASSED] - if (verifyTextPresent("Transaction Type:", false)): null

25-09-2024T14:05:32 - [MESSAGE][PASSED] - Text 'Transaction Type:' is present on page 

25-09-2024T14:05:32 - [TEST_STEP][PASSED] - isRequiredTextPresent = true: null

25-09-2024T14:05:32 - [TEST_STEP][PASSED] - println(isRequiredTextPresent): null

25-09-2024T14:05:32 - [TEST_STEP][PASSED] - if (isRequiredTextPresent): null

25-09-2024T14:05:32 - [TEST_STEP][PASSED] - if (verifyTextPresent("Amount:", false)): null

25-09-2024T14:05:33 - [MESSAGE][PASSED] - Text 'Amount:' is present on page 

25-09-2024T14:05:33 - [TEST_STEP][PASSED] - isRequiredTextPresent = true: null

25-09-2024T14:05:33 - [TEST_STEP][PASSED] - println(isRequiredTextPresent): null

25-09-2024T14:05:33 - [TEST_STEP][PASSED] - if (isRequiredTextPresent): null

25-09-2024T14:05:33 - [TEST_STEP][PASSED] - if (verifyTextPresent("Check Information:", false)): null

25-09-2024T14:05:33 - [MESSAGE][PASSED] - Text 'Check Information:' is present on page 

25-09-2024T14:05:33 - [TEST_STEP][PASSED] - isRequiredTextPresent = true: null

25-09-2024T14:05:33 - [TEST_STEP][PASSED] - println(isRequiredTextPresent): null

25-09-2024T14:05:33 - [TEST_STEP][PASSED] - if (isRequiredTextPresent): null

25-09-2024T14:05:33 - [TEST_STEP][PASSED] - if (verifyTextPresent("Account Type:", false)): null

25-09-2024T14:05:33 - [MESSAGE][PASSED] - Text 'Account Type:' is present on page 

25-09-2024T14:05:33 - [TEST_STEP][PASSED] - isRequiredTextPresent = true: null

25-09-2024T14:05:33 - [TEST_STEP][PASSED] - println(isRequiredTextPresent): null

25-09-2024T14:05:33 - [TEST_STEP][PASSED] - if (isRequiredTextPresent): null

25-09-2024T14:05:33 - [TEST_STEP][PASSED] - if (verifyTextPresent("Account Number:", false)): null

25-09-2024T14:05:33 - [MESSAGE][PASSED] - Text 'Account Number:' is present on page 

25-09-2024T14:05:33 - [TEST_STEP][PASSED] - isRequiredTextPresent = true: null

25-09-2024T14:05:33 - [TEST_STEP][PASSED] - println(isRequiredTextPresent): null

25-09-2024T14:05:33 - [TEST_STEP][PASSED] - if (isRequiredTextPresent): null

25-09-2024T14:05:33 - [TEST_STEP][PASSED] - if (verifyTextPresent("Routing Number:", false)): null

25-09-2024T14:05:34 - [MESSAGE][PASSED] - Text 'Routing Number:' is present on page 

25-09-2024T14:05:34 - [TEST_STEP][PASSED] - isRequiredTextPresent = true: null

25-09-2024T14:05:34 - [TEST_STEP][PASSED] - println(isRequiredTextPresent): null

25-09-2024T14:05:34 - [TEST_STEP][PASSED] - if (isRequiredTextPresent): null

25-09-2024T14:05:34 - [TEST_STEP][PASSED] - if (verifyTextPresent("Name of Account:", false)): null

25-09-2024T14:05:34 - [MESSAGE][PASSED] - Text 'Name of Account:' is present on page 

25-09-2024T14:05:34 - [TEST_STEP][PASSED] - isRequiredTextPresent = true: null

25-09-2024T14:05:34 - [TEST_STEP][PASSED] - println(isRequiredTextPresent): null

25-09-2024T14:05:34 - [TEST_STEP][PASSED] - if (isRequiredTextPresent): null

25-09-2024T14:05:34 - [TEST_STEP][PASSED] - if (verifyTextPresent("Billing Information:", false)): null

25-09-2024T14:05:34 - [MESSAGE][PASSED] - Text 'Billing Information:' is present on page 

25-09-2024T14:05:34 - [TEST_STEP][PASSED] - isRequiredTextPresent = true: null

25-09-2024T14:05:34 - [TEST_STEP][PASSED] - println(isRequiredTextPresent): null

25-09-2024T14:05:34 - [TEST_STEP][PASSED] - if (isRequiredTextPresent): null

25-09-2024T14:05:34 - [TEST_STEP][PASSED] - if (verifyTextPresent("Address Line 1:", false)): null

25-09-2024T14:05:35 - [MESSAGE][PASSED] - Text 'Address Line 1:' is present on page 

25-09-2024T14:05:35 - [TEST_STEP][PASSED] - isRequiredTextPresent = true: null

25-09-2024T14:05:35 - [TEST_STEP][PASSED] - println(isRequiredTextPresent): null

25-09-2024T14:05:35 - [TEST_STEP][PASSED] - if (isRequiredTextPresent): null

25-09-2024T14:05:35 - [TEST_STEP][PASSED] - if (verifyTextPresent("Address Line 2:", false)): null

25-09-2024T14:05:35 - [MESSAGE][PASSED] - Text 'Address Line 2:' is present on page 

25-09-2024T14:05:35 - [TEST_STEP][PASSED] - isRequiredTextPresent = true: null

25-09-2024T14:05:35 - [TEST_STEP][PASSED] - println(isRequiredTextPresent): null

25-09-2024T14:05:35 - [TEST_STEP][PASSED] - if (isRequiredTextPresent): null

25-09-2024T14:05:35 - [TEST_STEP][PASSED] - if (verifyTextPresent("Country:", false)): null

25-09-2024T14:05:35 - [MESSAGE][PASSED] - Text 'Country:' is present on page 

25-09-2024T14:05:35 - [TEST_STEP][PASSED] - isRequiredTextPresent = true: null

25-09-2024T14:05:35 - [TEST_STEP][PASSED] - println(isRequiredTextPresent): null

25-09-2024T14:05:35 - [TEST_STEP][PASSED] - if (isRequiredTextPresent): null

25-09-2024T14:05:35 - [TEST_STEP][PASSED] - if (verifyTextPresent("City:", false)): null

25-09-2024T14:05:35 - [MESSAGE][PASSED] - Text 'City:' is present on page 

25-09-2024T14:05:35 - [TEST_STEP][PASSED] - isRequiredTextPresent = true: null

25-09-2024T14:05:35 - [TEST_STEP][PASSED] - println(isRequiredTextPresent): null

25-09-2024T14:05:35 - [TEST_STEP][PASSED] - if (isRequiredTextPresent): null

25-09-2024T14:05:35 - [TEST_STEP][PASSED] - if (verifyTextPresent("State:", false)): null

25-09-2024T14:05:36 - [MESSAGE][PASSED] - Text 'State:' is present on page 

25-09-2024T14:05:36 - [TEST_STEP][PASSED] - isRequiredTextPresent = true: null

25-09-2024T14:05:36 - [TEST_STEP][PASSED] - println(isRequiredTextPresent): null

25-09-2024T14:05:36 - [TEST_STEP][PASSED] - if (isRequiredTextPresent): null

25-09-2024T14:05:36 - [TEST_STEP][PASSED] - if (verifyTextPresent("Zip Code:", false)): null

25-09-2024T14:05:36 - [MESSAGE][PASSED] - Text 'Zip Code:' is present on page 

25-09-2024T14:05:36 - [TEST_STEP][PASSED] - isRequiredTextPresent = true: null

25-09-2024T14:05:36 - [TEST_STEP][PASSED] - println(isRequiredTextPresent): null

25-09-2024T14:05:36 - [TEST_STEP][PASSED] - if (isRequiredTextPresent): null

25-09-2024T14:05:36 - [TEST_STEP][PASSED] - if (verifyTextPresent("Plan Information:", false)): null

25-09-2024T14:05:36 - [MESSAGE][PASSED] - Text 'Plan Information:' is present on page 

25-09-2024T14:05:36 - [TEST_STEP][PASSED] - isRequiredTextPresent = true: null

25-09-2024T14:05:36 - [TEST_STEP][PASSED] - println(isRequiredTextPresent): null

25-09-2024T14:05:36 - [TEST_STEP][PASSED] - if (isRequiredTextPresent): null

25-09-2024T14:05:36 - [TEST_STEP][PASSED] - if (verifyTextPresent("Payment Plan Type:", false)): null

25-09-2024T14:05:37 - [MESSAGE][PASSED] - Text 'Payment Plan Type:' is present on page 

25-09-2024T14:05:37 - [TEST_STEP][PASSED] - isRequiredTextPresent = true: null

25-09-2024T14:05:37 - [TEST_STEP][PASSED] - println(isRequiredTextPresent): null

25-09-2024T14:05:37 - [TEST_STEP][PASSED] - if (isRequiredTextPresent): null

25-09-2024T14:05:37 - [TEST_STEP][PASSED] - if (verifyTextPresent("Payment Plan ID:", false)): null

25-09-2024T14:05:37 - [MESSAGE][PASSED] - Text 'Payment Plan ID:' is present on page 

25-09-2024T14:05:37 - [TEST_STEP][PASSED] - isRequiredTextPresent = true: null

25-09-2024T14:05:37 - [TEST_STEP][PASSED] - println(isRequiredTextPresent): null

25-09-2024T14:05:37 - [TEST_STEP][PASSED] - if (isRequiredTextPresent): null

25-09-2024T14:05:37 - [TEST_STEP][PASSED] - if (verifyTextPresent("Payment Date:", false)): null

25-09-2024T14:05:37 - [MESSAGE][PASSED] - Text 'Payment Date:' is present on page 

25-09-2024T14:05:37 - [TEST_STEP][PASSED] - isRequiredTextPresent = true: null

25-09-2024T14:05:37 - [TEST_STEP][PASSED] - println(isRequiredTextPresent): null

25-09-2024T14:05:37 - [TEST_STEP][PASSED] - if (isRequiredTextPresent == true): pages.WriteExcel.demoKey is PASSED

25-09-2024T14:05:37 - [TEST_STEP][PASSED] - println("All the relevant texts are present on Receipt Page"): null

25-09-2024T14:05:37 - [TEST_STEP][PASSED] - markPassed("All the relevant texts are present on Receipt Page"): All the relevant texts are present on Receipt Page

25-09-2024T14:05:37 - [MESSAGE][PASSED] - All the relevant texts are present on Receipt Page

25-09-2024T14:05:37 - [TEST_STEP][PASSED] - resText = "Pass": null

25-09-2024T14:05:37 - [TEST_STEP][PASSED] - pages.WriteExcel.demoKey(resText, datText, resColumn, datCloumn, fileLoc, nameSheet, row): pages.WriteExcel.demoKey is PASSED

25-09-2024T14:05:37 - [MESSAGE][PASSED] - pages.WriteExcel.demoKey is PASSED

25-09-2024T14:05:37 - [TEST_STEP][PASSED] - closeBrowser(): Browser is closed

25-09-2024T14:05:38 - [MESSAGE][PASSED] - Browser is closed]]></system-out>
         <system-err><![CDATA[]]></system-err>
      </testcase>
      <testcase name="Test Cases/IntegratedWeb/IWP25/Payments/VerifyCreateReceiptLabelsDeferredPS" time="99.255" classname="Test Cases/IntegratedWeb/IWP25/Payments/VerifyCreateReceiptLabelsDeferredPS" status="FAILED">
         <failure type="FAILED" message="Test Cases/IntegratedWeb/IWP25/Payments/VerifyCreateReceiptLabelsDeferredPS FAILED.&#xa;Reason:&#xa;com.kms.katalon.core.exception.StepFailedException: Unable to click on object 'Object Repository/IWP30/Page_Confirmation/ConfirmButton' (Root cause: com.kms.katalon.core.exception.StepFailedException: Unable to click on object 'Object Repository/IWP30/Page_Confirmation/ConfirmButton'&#xa;	at com.kms.katalon.core.webui.keyword.internal.WebUIKeywordMain.stepFailed(WebUIKeywordMain.groovy:64)&#xa;	at com.kms.katalon.core.webui.keyword.internal.WebUIKeywordMain.runKeyword(WebUIKeywordMain.groovy:26)&#xa;	at com.kms.katalon.core.webui.keyword.builtin.ClickKeyword.click(ClickKeyword.groovy:74)&#xa;	at com.kms.katalon.core.webui.keyword.builtin.ClickKeyword.execute(ClickKeyword.groovy:40)&#xa;	at com.kms.katalon.core.keyword.internal.KeywordExecutor.executeKeywordForPlatform(KeywordExecutor.groovy:74)&#xa;	at com.kms.katalon.core.webui.keyword.WebUiBuiltInKeywords.click(WebUiBuiltInKeywords.groovy:659)&#xa;	at VerifyCreateReceiptLabelsDeferredPS.run(VerifyCreateReceiptLabelsDeferredPS:87)&#xa;	at com.kms.katalon.core.main.ScriptEngine.run(ScriptEngine.java:194)&#xa;	at com.kms.katalon.core.main.ScriptEngine.runScriptAsRawText(ScriptEngine.java:119)&#xa;	at com.kms.katalon.core.main.TestCaseExecutor.runScript(TestCaseExecutor.java:448)&#xa;	at com.kms.katalon.core.main.TestCaseExecutor.doExecute(TestCaseExecutor.java:439)&#xa;	at com.kms.katalon.core.main.TestCaseExecutor.processExecutionPhase(TestCaseExecutor.java:418)&#xa;	at com.kms.katalon.core.main.TestCaseExecutor.accessMainPhase(TestCaseExecutor.java:410)&#xa;	at com.kms.katalon.core.main.TestCaseExecutor.execute(TestCaseExecutor.java:285)&#xa;	at com.kms.katalon.core.common.CommonExecutor.accessTestCaseMainPhase(CommonExecutor.java:65)&#xa;	at com.kms.katalon.core.main.TestSuiteExecutor.accessTestSuiteMainPhase(TestSuiteExecutor.java:150)&#xa;	at com.kms.katalon.core.main.TestSuiteExecutor.execute(TestSuiteExecutor.java:106)&#xa;	at com.kms.katalon.core.main.TestCaseMain.startTestSuite(TestCaseMain.java:180)&#xa;	at TempTestSuite1727249381322.run(TempTestSuite1727249381322.groovy:35)&#xa;	at java.base/jdk.internal.reflect.NativeMethodAccessorImpl.invoke0(Native Method)&#xa;	at java.base/jdk.internal.reflect.NativeMethodAccessorImpl.invoke(NativeMethodAccessorImpl.java:77)&#xa;	at java.base/jdk.internal.reflect.DelegatingMethodAccessorImpl.invoke(DelegatingMethodAccessorImpl.java:43)&#xa;Caused by: org.openqa.selenium.ElementNotInteractableException: element not interactable&#xa;  (Session info: MicrosoftEdge=128.0.2739.79)&#xa;Build info: version: '3.141.59', revision: 'unknown', time: 'unknown'&#xa;System info: host: 'TXD87096', ip: '10.203.40.166', os.name: 'Windows 10', os.arch: 'amd64', os.version: '10.0', java.version: '17.0.7'&#xa;Driver info: com.kms.katalon.selenium.driver.CEdgeDriver&#xa;Capabilities {acceptInsecureCerts: true, browserName: MicrosoftEdge, browserVersion: 128.0.2739.79, fedcm:accounts: true, javascriptEnabled: true, ms:edgeOptions: {debuggerAddress: localhost:62475}, msedge: {msedgedriverVersion: 127.0.2651.74 (dbf5b0aa014c..., userDataDir: C:\Users\t476046\AppData\Lo...}, networkConnectionEnabled: false, pageLoadStrategy: normal, platform: WINDOWS, platformName: WINDOWS, proxy: Proxy(), setWindowRect: true, strictFileInteractability: false, timeouts: {implicit: 0, pageLoad: 300000, script: 30000}, unhandledPromptBehavior: dismiss and notify, webauthn:extension:credBlob: true, webauthn:extension:largeBlob: true, webauthn:extension:minPinLength: true, webauthn:extension:prf: true, webauthn:virtualAuthenticators: true}&#xa;Session ID: 0702694671223d5f1921dd63ab9838f1&#xa;	at java.base/jdk.internal.reflect.NativeConstructorAccessorImpl.newInstance0(Native Method)&#xa;	at java.base/jdk.internal.reflect.NativeConstructorAccessorImpl.newInstance(NativeConstructorAccessorImpl.java:77)&#xa;	at java.base/jdk.internal.reflect.DelegatingConstructorAccessorImpl.newInstance(DelegatingConstructorAccessorImpl.java:45)&#xa;	at org.openqa.selenium.remote.http.W3CHttpResponseCodec.createException(W3CHttpResponseCodec.java:187)&#xa;	at org.openqa.selenium.remote.http.W3CHttpResponseCodec.decode(W3CHttpResponseCodec.java:122)&#xa;	at org.openqa.selenium.remote.http.W3CHttpResponseCodec.decode(W3CHttpResponseCodec.java:49)&#xa;	at org.openqa.selenium.remote.HttpCommandExecutor.execute(HttpCommandExecutor.java:158)&#xa;	at org.openqa.selenium.remote.service.DriverCommandExecutor.execute(DriverCommandExecutor.java:83)&#xa;	at org.openqa.selenium.remote.RemoteWebDriver.execute(RemoteWebDriver.java:552)&#xa;	at com.kms.katalon.selenium.driver.CEdgeDriver.execute(CEdgeDriver.java:20)&#xa;	at org.openqa.selenium.remote.RemoteWebElement.execute(RemoteWebElement.java:285)&#xa;	at org.openqa.selenium.remote.RemoteWebElement.click(RemoteWebElement.java:84)&#xa;	at jdk.internal.reflect.GeneratedMethodAccessor18.invoke(Unknown Source)&#xa;	at java.base/jdk.internal.reflect.DelegatingMethodAccessorImpl.invoke(DelegatingMethodAccessorImpl.java:43)&#xa;	at org.openqa.selenium.support.events.EventFiringWebDriver$EventFiringWebElement.lambda$new$0(EventFiringWebDriver.java:404)&#xa;	at jdk.proxy2/jdk.proxy2.$Proxy24.click(Unknown Source)&#xa;	at org.openqa.selenium.support.events.EventFiringWebDriver$EventFiringWebElement.click(EventFiringWebDriver.java:417)&#xa;	at org.openqa.selenium.WebElement$click.call(Unknown Source)&#xa;	at com.kms.katalon.core.webui.keyword.builtin.ClickKeyword.clickUntilSuccessWithTimeout(ClickKeyword.groovy:81)&#xa;	at com.kms.katalon.core.webui.keyword.builtin.ClickKeyword.clickUntilSuccessWithTimeout(ClickKeyword.groovy)&#xa;	at jdk.internal.reflect.GeneratedMethodAccessor20.invoke(Unknown Source)&#xa;	at java.base/jdk.internal.reflect.DelegatingMethodAccessorImpl.invoke(DelegatingMethodAccessorImpl.java:43)&#xa;	at com.kms.katalon.core.webui.keyword.builtin.ClickKeyword$_click_closure1.doCall(ClickKeyword.groovy:67)&#xa;	at com.kms.katalon.core.webui.keyword.builtin.ClickKeyword$_click_closure1.call(ClickKeyword.groovy)&#xa;	at com.kms.katalon.core.webui.keyword.internal.WebUIKeywordMain.runKeyword(WebUIKeywordMain.groovy:20)&#xa;	at com.kms.katalon.core.webui.keyword.builtin.ClickKeyword.click(ClickKeyword.groovy:74)&#xa;	at com.kms.katalon.core.webui.keyword.builtin.ClickKeyword.execute(ClickKeyword.groovy:40)&#xa;	at com.kms.katalon.core.keyword.internal.KeywordExecutor.executeKeywordForPlatform(KeywordExecutor.groovy:74)&#xa;	at com.kms.katalon.core.webui.keyword.WebUiBuiltInKeywords.click(WebUiBuiltInKeywords.groovy:659)&#xa;	at Script1726835132787.run(Script1726835132787.groovy:87)&#xa;	... 15 more&#xa;)&#xa;	at com.kms.katalon.core.keyword.internal.KeywordMain.stepFailed(KeywordMain.groovy:39)&#xa;	at com.kms.katalon.core.webui.keyword.internal.WebUIKeywordMain.stepFailed(WebUIKeywordMain.groovy:64)&#xa;	at com.kms.katalon.core.webui.keyword.internal.WebUIKeywordMain.runKeyword(WebUIKeywordMain.groovy:26)&#xa;	at com.kms.katalon.core.webui.keyword.builtin.ClickKeyword.click(ClickKeyword.groovy:74)&#xa;	at com.kms.katalon.core.webui.keyword.builtin.ClickKeyword.execute(ClickKeyword.groovy:40)&#xa;	at com.kms.katalon.core.keyword.internal.KeywordExecutor.executeKeywordForPlatform(KeywordExecutor.groovy:74)&#xa;	at com.kms.katalon.core.webui.keyword.WebUiBuiltInKeywords.click(WebUiBuiltInKeywords.groovy:659)&#xa;	at VerifyCreateReceiptLabelsDeferredPS.run(VerifyCreateReceiptLabelsDeferredPS:87)&#xa;	at com.kms.katalon.core.main.ScriptEngine.run(ScriptEngine.java:194)&#xa;	at com.kms.katalon.core.main.ScriptEngine.runScriptAsRawText(ScriptEngine.java:119)&#xa;	at com.kms.katalon.core.main.TestCaseExecutor.runScript(TestCaseExecutor.java:448)&#xa;	at com.kms.katalon.core.main.TestCaseExecutor.doExecute(TestCaseExecutor.java:439)&#xa;	at com.kms.katalon.core.main.TestCaseExecutor.processExecutionPhase(TestCaseExecutor.java:418)&#xa;	at com.kms.katalon.core.main.TestCaseExecutor.accessMainPhase(TestCaseExecutor.java:410)&#xa;	at com.kms.katalon.core.main.TestCaseExecutor.execute(TestCaseExecutor.java:285)&#xa;	at com.kms.katalon.core.common.CommonExecutor.accessTestCaseMainPhase(CommonExecutor.java:65)&#xa;	at com.kms.katalon.core.main.TestSuiteExecutor.accessTestSuiteMainPhase(TestSuiteExecutor.java:150)&#xa;	at com.kms.katalon.core.main.TestSuiteExecutor.execute(TestSuiteExecutor.java:106)&#xa;	at com.kms.katalon.core.main.TestCaseMain.startTestSuite(TestCaseMain.java:180)&#xa;	at TempTestSuite1727249381322.run(TempTestSuite1727249381322.groovy:35)&#xa;	at java.base/jdk.internal.reflect.NativeMethodAccessorImpl.invoke0(Native Method)&#xa;	at java.base/jdk.internal.reflect.NativeMethodAccessorImpl.invoke(NativeMethodAccessorImpl.java:77)&#xa;	at java.base/jdk.internal.reflect.DelegatingMethodAccessorImpl.invoke(DelegatingMethodAccessorImpl.java:43)&#xa;Caused by: com.kms.katalon.core.exception.StepFailedException: Unable to click on object 'Object Repository/IWP30/Page_Confirmation/ConfirmButton'&#xa;	... 22 more&#xa;Caused by: org.openqa.selenium.ElementNotInteractableException: element not interactable&#xa;  (Session info: MicrosoftEdge=128.0.2739.79)&#xa;Build info: version: '3.141.59', revision: 'unknown', time: 'unknown'&#xa;System info: host: 'TXD87096', ip: '10.203.40.166', os.name: 'Windows 10', os.arch: 'amd64', os.version: '10.0', java.version: '17.0.7'&#xa;Driver info: com.kms.katalon.selenium.driver.CEdgeDriver&#xa;Capabilities {acceptInsecureCerts: true, browserName: MicrosoftEdge, browserVersion: 128.0.2739.79, fedcm:accounts: true, javascriptEnabled: true, ms:edgeOptions: {debuggerAddress: localhost:62475}, msedge: {msedgedriverVersion: 127.0.2651.74 (dbf5b0aa014c..., userDataDir: C:\Users\t476046\AppData\Lo...}, networkConnectionEnabled: false, pageLoadStrategy: normal, platform: WINDOWS, platformName: WINDOWS, proxy: Proxy(), setWindowRect: true, strictFileInteractability: false, timeouts: {implicit: 0, pageLoad: 300000, script: 30000}, unhandledPromptBehavior: dismiss and notify, webauthn:extension:credBlob: true, webauthn:extension:largeBlob: true, webauthn:extension:minPinLength: true, webauthn:extension:prf: true, webauthn:virtualAuthenticators: true}&#xa;Session ID: 0702694671223d5f1921dd63ab9838f1&#xa;	at java.base/jdk.internal.reflect.NativeConstructorAccessorImpl.newInstance0(Native Method)&#xa;	at java.base/jdk.internal.reflect.NativeConstructorAccessorImpl.newInstance(NativeConstructorAccessorImpl.java:77)&#xa;	at java.base/jdk.internal.reflect.DelegatingConstructorAccessorImpl.newInstance(DelegatingConstructorAccessorImpl.java:45)&#xa;	at org.openqa.selenium.remote.http.W3CHttpResponseCodec.createException(W3CHttpResponseCodec.java:187)&#xa;	at org.openqa.selenium.remote.http.W3CHttpResponseCodec.decode(W3CHttpResponseCodec.java:122)&#xa;	at org.openqa.selenium.remote.http.W3CHttpResponseCodec.decode(W3CHttpResponseCodec.java:49)&#xa;	at org.openqa.selenium.remote.HttpCommandExecutor.execute(HttpCommandExecutor.java:158)&#xa;	at org.openqa.selenium.remote.service.DriverCommandExecutor.execute(DriverCommandExecutor.java:83)&#xa;	at org.openqa.selenium.remote.RemoteWebDriver.execute(RemoteWebDriver.java:552)&#xa;	at com.kms.katalon.selenium.driver.CEdgeDriver.execute(CEdgeDriver.java:20)&#xa;	at org.openqa.selenium.remote.RemoteWebElement.execute(RemoteWebElement.java:285)&#xa;	at org.openqa.selenium.remote.RemoteWebElement.click(RemoteWebElement.java:84)&#xa;	at jdk.internal.reflect.GeneratedMethodAccessor18.invoke(Unknown Source)&#xa;	at java.base/jdk.internal.reflect.DelegatingMethodAccessorImpl.invoke(DelegatingMethodAccessorImpl.java:43)&#xa;	at org.openqa.selenium.support.events.EventFiringWebDriver$EventFiringWebElement.lambda$new$0(EventFiringWebDriver.java:404)&#xa;	at jdk.proxy2/jdk.proxy2.$Proxy24.click(Unknown Source)&#xa;	at org.openqa.selenium.support.events.EventFiringWebDriver$EventFiringWebElement.click(EventFiringWebDriver.java:417)&#xa;	at org.openqa.selenium.WebElement$click.call(Unknown Source)&#xa;	at com.kms.katalon.core.webui.keyword.builtin.ClickKeyword.clickUntilSuccessWithTimeout(ClickKeyword.groovy:81)&#xa;	at com.kms.katalon.core.webui.keyword.builtin.ClickKeyword.clickUntilSuccessWithTimeout(ClickKeyword.groovy)&#xa;	at jdk.internal.reflect.GeneratedMethodAccessor20.invoke(Unknown Source)&#xa;	at java.base/jdk.internal.reflect.DelegatingMethodAccessorImpl.invoke(DelegatingMethodAccessorImpl.java:43)&#xa;	at com.kms.katalon.core.webui.keyword.builtin.ClickKeyword$_click_closure1.doCall(ClickKeyword.groovy:67)&#xa;	at com.kms.katalon.core.webui.keyword.builtin.ClickKeyword$_click_closure1.call(ClickKeyword.groovy)&#xa;	at com.kms.katalon.core.webui.keyword.internal.WebUIKeywordMain.runKeyword(WebUIKeywordMain.groovy:20)&#xa;	... 20 more&#xa;"/>
         <system-out><![CDATA[25-09-2024T14:05:38 - [TEST_CASE][FAILED] - Test Cases/IntegratedWeb/IWP25/Payments/VerifyCreateReceiptLabelsDeferredPS: Test Cases/IntegratedWeb/IWP25/Payments/VerifyCreateReceiptLabelsDeferredPS FAILED.
Reason:
com.kms.katalon.core.exception.StepFailedException: Unable to click on object 'Object Repository/IWP30/Page_Confirmation/ConfirmButton' (Root cause: com.kms.katalon.core.exception.StepFailedException: Unable to click on object 'Object Repository/IWP30/Page_Confirmation/ConfirmButton'
	at com.kms.katalon.core.webui.keyword.internal.WebUIKeywordMain.stepFailed(WebUIKeywordMain.groovy:64)
	at com.kms.katalon.core.webui.keyword.internal.WebUIKeywordMain.runKeyword(WebUIKeywordMain.groovy:26)
	at com.kms.katalon.core.webui.keyword.builtin.ClickKeyword.click(ClickKeyword.groovy:74)
	at com.kms.katalon.core.webui.keyword.builtin.ClickKeyword.execute(ClickKeyword.groovy:40)
	at com.kms.katalon.core.keyword.internal.KeywordExecutor.executeKeywordForPlatform(KeywordExecutor.groovy:74)
	at com.kms.katalon.core.webui.keyword.WebUiBuiltInKeywords.click(WebUiBuiltInKeywords.groovy:659)
	at VerifyCreateReceiptLabelsDeferredPS.run(VerifyCreateReceiptLabelsDeferredPS:87)
	at com.kms.katalon.core.main.ScriptEngine.run(ScriptEngine.java:194)
	at com.kms.katalon.core.main.ScriptEngine.runScriptAsRawText(ScriptEngine.java:119)
	at com.kms.katalon.core.main.TestCaseExecutor.runScript(TestCaseExecutor.java:448)
	at com.kms.katalon.core.main.TestCaseExecutor.doExecute(TestCaseExecutor.java:439)
	at com.kms.katalon.core.main.TestCaseExecutor.processExecutionPhase(TestCaseExecutor.java:418)
	at com.kms.katalon.core.main.TestCaseExecutor.accessMainPhase(TestCaseExecutor.java:410)
	at com.kms.katalon.core.main.TestCaseExecutor.execute(TestCaseExecutor.java:285)
	at com.kms.katalon.core.common.CommonExecutor.accessTestCaseMainPhase(CommonExecutor.java:65)
	at com.kms.katalon.core.main.TestSuiteExecutor.accessTestSuiteMainPhase(TestSuiteExecutor.java:150)
	at com.kms.katalon.core.main.TestSuiteExecutor.execute(TestSuiteExecutor.java:106)
	at com.kms.katalon.core.main.TestCaseMain.startTestSuite(TestCaseMain.java:180)
	at TempTestSuite1727249381322.run(TempTestSuite1727249381322.groovy:35)
	at java.base/jdk.internal.reflect.NativeMethodAccessorImpl.invoke0(Native Method)
	at java.base/jdk.internal.reflect.NativeMethodAccessorImpl.invoke(NativeMethodAccessorImpl.java:77)
	at java.base/jdk.internal.reflect.DelegatingMethodAccessorImpl.invoke(DelegatingMethodAccessorImpl.java:43)
Caused by: org.openqa.selenium.ElementNotInteractableException: element not interactable
  (Session info: MicrosoftEdge=128.0.2739.79)
Build info: version: '3.141.59', revision: 'unknown', time: 'unknown'
System info: host: 'TXD87096', ip: '10.203.40.166', os.name: 'Windows 10', os.arch: 'amd64', os.version: '10.0', java.version: '17.0.7'
Driver info: com.kms.katalon.selenium.driver.CEdgeDriver
Capabilities {acceptInsecureCerts: true, browserName: MicrosoftEdge, browserVersion: 128.0.2739.79, fedcm:accounts: true, javascriptEnabled: true, ms:edgeOptions: {debuggerAddress: localhost:62475}, msedge: {msedgedriverVersion: 127.0.2651.74 (dbf5b0aa014c..., userDataDir: C:\Users\t476046\AppData\Lo...}, networkConnectionEnabled: false, pageLoadStrategy: normal, platform: WINDOWS, platformName: WINDOWS, proxy: Proxy(), setWindowRect: true, strictFileInteractability: false, timeouts: {implicit: 0, pageLoad: 300000, script: 30000}, unhandledPromptBehavior: dismiss and notify, webauthn:extension:credBlob: true, webauthn:extension:largeBlob: true, webauthn:extension:minPinLength: true, webauthn:extension:prf: true, webauthn:virtualAuthenticators: true}
Session ID: 0702694671223d5f1921dd63ab9838f1
	at java.base/jdk.internal.reflect.NativeConstructorAccessorImpl.newInstance0(Native Method)
	at java.base/jdk.internal.reflect.NativeConstructorAccessorImpl.newInstance(NativeConstructorAccessorImpl.java:77)
	at java.base/jdk.internal.reflect.DelegatingConstructorAccessorImpl.newInstance(DelegatingConstructorAccessorImpl.java:45)
	at org.openqa.selenium.remote.http.W3CHttpResponseCodec.createException(W3CHttpResponseCodec.java:187)
	at org.openqa.selenium.remote.http.W3CHttpResponseCodec.decode(W3CHttpResponseCodec.java:122)
	at org.openqa.selenium.remote.http.W3CHttpResponseCodec.decode(W3CHttpResponseCodec.java:49)
	at org.openqa.selenium.remote.HttpCommandExecutor.execute(HttpCommandExecutor.java:158)
	at org.openqa.selenium.remote.service.DriverCommandExecutor.execute(DriverCommandExecutor.java:83)
	at org.openqa.selenium.remote.RemoteWebDriver.execute(RemoteWebDriver.java:552)
	at com.kms.katalon.selenium.driver.CEdgeDriver.execute(CEdgeDriver.java:20)
	at org.openqa.selenium.remote.RemoteWebElement.execute(RemoteWebElement.java:285)
	at org.openqa.selenium.remote.RemoteWebElement.click(RemoteWebElement.java:84)
	at jdk.internal.reflect.GeneratedMethodAccessor18.invoke(Unknown Source)
	at java.base/jdk.internal.reflect.DelegatingMethodAccessorImpl.invoke(DelegatingMethodAccessorImpl.java:43)
	at org.openqa.selenium.support.events.EventFiringWebDriver$EventFiringWebElement.lambda$new$0(EventFiringWebDriver.java:404)
	at jdk.proxy2/jdk.proxy2.$Proxy24.click(Unknown Source)
	at org.openqa.selenium.support.events.EventFiringWebDriver$EventFiringWebElement.click(EventFiringWebDriver.java:417)
	at org.openqa.selenium.WebElement$click.call(Unknown Source)
	at com.kms.katalon.core.webui.keyword.builtin.ClickKeyword.clickUntilSuccessWithTimeout(ClickKeyword.groovy:81)
	at com.kms.katalon.core.webui.keyword.builtin.ClickKeyword.clickUntilSuccessWithTimeout(ClickKeyword.groovy)
	at jdk.internal.reflect.GeneratedMethodAccessor20.invoke(Unknown Source)
	at java.base/jdk.internal.reflect.DelegatingMethodAccessorImpl.invoke(DelegatingMethodAccessorImpl.java:43)
	at com.kms.katalon.core.webui.keyword.builtin.ClickKeyword$_click_closure1.doCall(ClickKeyword.groovy:67)
	at com.kms.katalon.core.webui.keyword.builtin.ClickKeyword$_click_closure1.call(ClickKeyword.groovy)
	at com.kms.katalon.core.webui.keyword.internal.WebUIKeywordMain.runKeyword(WebUIKeywordMain.groovy:20)
	at com.kms.katalon.core.webui.keyword.builtin.ClickKeyword.click(ClickKeyword.groovy:74)
	at com.kms.katalon.core.webui.keyword.builtin.ClickKeyword.execute(ClickKeyword.groovy:40)
	at com.kms.katalon.core.keyword.internal.KeywordExecutor.executeKeywordForPlatform(KeywordExecutor.groovy:74)
	at com.kms.katalon.core.webui.keyword.WebUiBuiltInKeywords.click(WebUiBuiltInKeywords.groovy:659)
	at Script1726835132787.run(Script1726835132787.groovy:87)
	... 15 more
)
	at com.kms.katalon.core.keyword.internal.KeywordMain.stepFailed(KeywordMain.groovy:39)
	at com.kms.katalon.core.webui.keyword.internal.WebUIKeywordMain.stepFailed(WebUIKeywordMain.groovy:64)
	at com.kms.katalon.core.webui.keyword.internal.WebUIKeywordMain.runKeyword(WebUIKeywordMain.groovy:26)
	at com.kms.katalon.core.webui.keyword.builtin.ClickKeyword.click(ClickKeyword.groovy:74)
	at com.kms.katalon.core.webui.keyword.builtin.ClickKeyword.execute(ClickKeyword.groovy:40)
	at com.kms.katalon.core.keyword.internal.KeywordExecutor.executeKeywordForPlatform(KeywordExecutor.groovy:74)
	at com.kms.katalon.core.webui.keyword.WebUiBuiltInKeywords.click(WebUiBuiltInKeywords.groovy:659)
	at VerifyCreateReceiptLabelsDeferredPS.run(VerifyCreateReceiptLabelsDeferredPS:87)
	at com.kms.katalon.core.main.ScriptEngine.run(ScriptEngine.java:194)
	at com.kms.katalon.core.main.ScriptEngine.runScriptAsRawText(ScriptEngine.java:119)
	at com.kms.katalon.core.main.TestCaseExecutor.runScript(TestCaseExecutor.java:448)
	at com.kms.katalon.core.main.TestCaseExecutor.doExecute(TestCaseExecutor.java:439)
	at com.kms.katalon.core.main.TestCaseExecutor.processExecutionPhase(TestCaseExecutor.java:418)
	at com.kms.katalon.core.main.TestCaseExecutor.accessMainPhase(TestCaseExecutor.java:410)
	at com.kms.katalon.core.main.TestCaseExecutor.execute(TestCaseExecutor.java:285)
	at com.kms.katalon.core.common.CommonExecutor.accessTestCaseMainPhase(CommonExecutor.java:65)
	at com.kms.katalon.core.main.TestSuiteExecutor.accessTestSuiteMainPhase(TestSuiteExecutor.java:150)
	at com.kms.katalon.core.main.TestSuiteExecutor.execute(TestSuiteExecutor.java:106)
	at com.kms.katalon.core.main.TestCaseMain.startTestSuite(TestCaseMain.java:180)
	at TempTestSuite1727249381322.run(TempTestSuite1727249381322.groovy:35)
	at java.base/jdk.internal.reflect.NativeMethodAccessorImpl.invoke0(Native Method)
	at java.base/jdk.internal.reflect.NativeMethodAccessorImpl.invoke(NativeMethodAccessorImpl.java:77)
	at java.base/jdk.internal.reflect.DelegatingMethodAccessorImpl.invoke(DelegatingMethodAccessorImpl.java:43)
Caused by: com.kms.katalon.core.exception.StepFailedException: Unable to click on object 'Object Repository/IWP30/Page_Confirmation/ConfirmButton'
	... 22 more
Caused by: org.openqa.selenium.ElementNotInteractableException: element not interactable
  (Session info: MicrosoftEdge=128.0.2739.79)
Build info: version: '3.141.59', revision: 'unknown', time: 'unknown'
System info: host: 'TXD87096', ip: '10.203.40.166', os.name: 'Windows 10', os.arch: 'amd64', os.version: '10.0', java.version: '17.0.7'
Driver info: com.kms.katalon.selenium.driver.CEdgeDriver
Capabilities {acceptInsecureCerts: true, browserName: MicrosoftEdge, browserVersion: 128.0.2739.79, fedcm:accounts: true, javascriptEnabled: true, ms:edgeOptions: {debuggerAddress: localhost:62475}, msedge: {msedgedriverVersion: 127.0.2651.74 (dbf5b0aa014c..., userDataDir: C:\Users\t476046\AppData\Lo...}, networkConnectionEnabled: false, pageLoadStrategy: normal, platform: WINDOWS, platformName: WINDOWS, proxy: Proxy(), setWindowRect: true, strictFileInteractability: false, timeouts: {implicit: 0, pageLoad: 300000, script: 30000}, unhandledPromptBehavior: dismiss and notify, webauthn:extension:credBlob: true, webauthn:extension:largeBlob: true, webauthn:extension:minPinLength: true, webauthn:extension:prf: true, webauthn:virtualAuthenticators: true}
Session ID: 0702694671223d5f1921dd63ab9838f1
	at java.base/jdk.internal.reflect.NativeConstructorAccessorImpl.newInstance0(Native Method)
	at java.base/jdk.internal.reflect.NativeConstructorAccessorImpl.newInstance(NativeConstructorAccessorImpl.java:77)
	at java.base/jdk.internal.reflect.DelegatingConstructorAccessorImpl.newInstance(DelegatingConstructorAccessorImpl.java:45)
	at org.openqa.selenium.remote.http.W3CHttpResponseCodec.createException(W3CHttpResponseCodec.java:187)
	at org.openqa.selenium.remote.http.W3CHttpResponseCodec.decode(W3CHttpResponseCodec.java:122)
	at org.openqa.selenium.remote.http.W3CHttpResponseCodec.decode(W3CHttpResponseCodec.java:49)
	at org.openqa.selenium.remote.HttpCommandExecutor.execute(HttpCommandExecutor.java:158)
	at org.openqa.selenium.remote.service.DriverCommandExecutor.execute(DriverCommandExecutor.java:83)
	at org.openqa.selenium.remote.RemoteWebDriver.execute(RemoteWebDriver.java:552)
	at com.kms.katalon.selenium.driver.CEdgeDriver.execute(CEdgeDriver.java:20)
	at org.openqa.selenium.remote.RemoteWebElement.execute(RemoteWebElement.java:285)
	at org.openqa.selenium.remote.RemoteWebElement.click(RemoteWebElement.java:84)
	at jdk.internal.reflect.GeneratedMethodAccessor18.invoke(Unknown Source)
	at java.base/jdk.internal.reflect.DelegatingMethodAccessorImpl.invoke(DelegatingMethodAccessorImpl.java:43)
	at org.openqa.selenium.support.events.EventFiringWebDriver$EventFiringWebElement.lambda$new$0(EventFiringWebDriver.java:404)
	at jdk.proxy2/jdk.proxy2.$Proxy24.click(Unknown Source)
	at org.openqa.selenium.support.events.EventFiringWebDriver$EventFiringWebElement.click(EventFiringWebDriver.java:417)
	at org.openqa.selenium.WebElement$click.call(Unknown Source)
	at com.kms.katalon.core.webui.keyword.builtin.ClickKeyword.clickUntilSuccessWithTimeout(ClickKeyword.groovy:81)
	at com.kms.katalon.core.webui.keyword.builtin.ClickKeyword.clickUntilSuccessWithTimeout(ClickKeyword.groovy)
	at jdk.internal.reflect.GeneratedMethodAccessor20.invoke(Unknown Source)
	at java.base/jdk.internal.reflect.DelegatingMethodAccessorImpl.invoke(DelegatingMethodAccessorImpl.java:43)
	at com.kms.katalon.core.webui.keyword.builtin.ClickKeyword$_click_closure1.doCall(ClickKeyword.groovy:67)
	at com.kms.katalon.core.webui.keyword.builtin.ClickKeyword$_click_closure1.call(ClickKeyword.groovy)
	at com.kms.katalon.core.webui.keyword.internal.WebUIKeywordMain.runKeyword(WebUIKeywordMain.groovy:20)
	... 20 more


25-09-2024T14:05:38 - [TEST_STEP][PASSED] - resText = "Fail": null

25-09-2024T14:05:38 - [TEST_STEP][PASSED] - resColumn = "Result": null

25-09-2024T14:05:38 - [TEST_STEP][PASSED] - datCloumn = "Date": null

25-09-2024T14:05:38 - [TEST_STEP][PASSED] - fileLoc = "KatalonData/IWPTestData/VRelay25PaymentsExtension.xlsx": null

25-09-2024T14:05:38 - [TEST_STEP][PASSED] - numOfRows = <not implemented yet for class: org.codehaus.groovy.ast.expr.EmptyExpression>: null

25-09-2024T14:05:38 - [TEST_STEP][PASSED] - dataFile = <not implemented yet for class: org.codehaus.groovy.ast.expr.EmptyExpression>: null

25-09-2024T14:05:38 - [TEST_STEP][PASSED] - nameSheet = <not implemented yet for class: org.codehaus.groovy.ast.expr.EmptyExpression>: null

25-09-2024T14:05:38 - [TEST_STEP][PASSED] - dataFileEmulator = <not implemented yet for class: org.codehaus.groovy.ast.expr.EmptyExpression>: null

25-09-2024T14:05:38 - [TEST_STEP][PASSED] - isRequiredTextPresent = false: null

25-09-2024T14:05:38 - [TEST_STEP][PASSED] - nameSheet = "VerifyCreateLabelDeferredPS": null

25-09-2024T14:05:38 - [TEST_STEP][PASSED] - dataFile = getExcelDataWithDefaultSheet("KatalonData/IWPTestData/VRelay25PaymentsExtension.xlsx", nameSheet, true): null

25-09-2024T14:05:38 - [TEST_STEP][PASSED] - dataFileEmulator = "IWPTestData/EmulatorData": null

25-09-2024T14:05:38 - [TEST_STEP][PASSED] - numOfRows = dataFile.getRowNumbers(): null

25-09-2024T14:05:38 - [TEST_STEP][PASSED] - println("Number of Records: " + numOfRows): null

25-09-2024T14:05:38 - [TEST_STEP][FAILED] - for ([row = 1, row <= numOfRows, (row++)]): null

25-09-2024T14:05:38 - [TEST_STEP][PASSED] - ExecuteTC = dataFile.getValue("Execute", row): null

25-09-2024T14:05:38 - [TEST_STEP][PASSED] - out.println("Value of Execute is : " + ExecuteTC): null

25-09-2024T14:05:38 - [TEST_STEP][FAILED] - if (ExecuteTC.equalsIgnoreCase("Y")): null

25-09-2024T14:05:38 - [TEST_STEP][PASSED] - out.println("Begin Record Number: " + row): null

25-09-2024T14:05:38 - [TEST_STEP][PASSED] - today = new java.util.Date(): null

25-09-2024T14:05:38 - [TEST_STEP][PASSED] - println(today): null

25-09-2024T14:05:38 - [TEST_STEP][PASSED] - datText = today: null

25-09-2024T14:05:38 - [TEST_STEP][PASSED] - EmulatorDataKey = dataFile.getValue("EmulatorData", row): null

25-09-2024T14:05:38 - [TEST_STEP][PASSED] - out.println("Value of Emulator Key is : " + EmulatorDataKey): null

25-09-2024T14:05:38 - [TEST_STEP][PASSED] - iwpPages.emulatorIWP30.setDataEmulator_DD(EmulatorDataKey): iwpPages.emulatorIWP30.setDataEmulator_DD is PASSED

25-09-2024T14:05:38 - [MESSAGE][INFO] - Starting 'Edge Chromium' driver

25-09-2024T14:05:38 - [MESSAGE][INFO] - User set preference: ['acceptInsecureCerts', 'true']

25-09-2024T14:05:40 - [MESSAGE][INFO] - Action delay is set to 0 milliseconds

25-09-2024T14:05:44 - [MESSAGE][PASSED] - Browser is opened with url: 'https://qa.velocitypayment.com/agency/config.do?action=editor&message_version=2_5'

25-09-2024T14:05:44 - [MESSAGE][PASSED] - Current window maximized

25-09-2024T14:05:45 - [MESSAGE][PASSED] - All options with value '2.5' are selected in object 'Object Repository/IWP30/Page_VRelay30Emulator/MV'  using regular expression

25-09-2024T14:05:45 - [MESSAGE][PASSED] - Text '10.50' is set on object 'Object Repository/IWP30/Page_VRelay30Emulator/Amount'

25-09-2024T14:05:46 - [MESSAGE][PASSED] - Text 'eHSeP1GZ9Q3W' is set on object 'Object Repository/IWP30/Page_VRelay30Emulator/CAN'

25-09-2024T14:05:47 - [MESSAGE][PASSED] - Text 'PayNow' is set on object 'Object Repository/IWP30/Page_VRelay30Emulator/Action'

25-09-2024T14:05:47 - [MESSAGE][PASSED] - Text 'en_US' is set on object 'Object Repository/IWP30/Page_VRelay30Emulator/Lang'

25-09-2024T14:05:48 - [MESSAGE][PASSED] - Text '' is set on object 'Object Repository/IWP30/Page_VRelay30Emulator/Fname'

25-09-2024T14:05:48 - [MESSAGE][PASSED] - Text '' is set on object 'Object Repository/IWP30/Page_VRelay30Emulator/Lname'

25-09-2024T14:05:49 - [MESSAGE][PASSED] - Text '' is set on object 'Object Repository/IWP30/Page_VRelay30Emulator/AL1'

25-09-2024T14:05:50 - [MESSAGE][PASSED] - Text '' is set on object 'Object Repository/IWP30/Page_VRelay30Emulator/AL2'

25-09-2024T14:05:50 - [MESSAGE][PASSED] - Text '' is set on object 'Object Repository/IWP30/Page_VRelay30Emulator/Country'

25-09-2024T14:05:51 - [MESSAGE][PASSED] - Text '' is set on object 'Object Repository/IWP30/Page_VRelay30Emulator/City'

25-09-2024T14:05:51 - [MESSAGE][PASSED] - Text '' is set on object 'Object Repository/IWP30/Page_VRelay30Emulator/State'

25-09-2024T14:05:52 - [MESSAGE][PASSED] - Text '' is set on object 'Object Repository/IWP30/Page_VRelay30Emulator/ZIP'

25-09-2024T14:05:53 - [MESSAGE][PASSED] - Text '' is set on object 'Object Repository/IWP30/Page_VRelay30Emulator/Order'

25-09-2024T14:05:53 - [MESSAGE][PASSED] - Text '' is set on object 'Object Repository/IWP30/Page_VRelay30Emulator/Company'

25-09-2024T14:05:54 - [MESSAGE][PASSED] - Text '' is set on object 'Object Repository/IWP30/Page_VRelay30Emulator/Email'

25-09-2024T14:05:54 - [MESSAGE][PASSED] - Text '' is set on object 'Object Repository/IWP30/Page_VRelay30Emulator/UDF1'

25-09-2024T14:05:55 - [MESSAGE][PASSED] - Text '' is set on object 'Object Repository/IWP30/Page_VRelay30Emulator/UDF2'

25-09-2024T14:05:55 - [MESSAGE][PASSED] - Text '' is set on object 'Object Repository/IWP30/Page_VRelay30Emulator/UDF3'

25-09-2024T14:05:56 - [MESSAGE][PASSED] - Text 'udf data 4' is set on object 'Object Repository/IWP30/Page_VRelay30Emulator/UDF4'

25-09-2024T14:05:57 - [MESSAGE][PASSED] - Text 'udf data 5' is set on object 'Object Repository/IWP30/Page_VRelay30Emulator/UDF5'

25-09-2024T14:05:57 - [MESSAGE][PASSED] - Text '' is set on object 'Object Repository/IWP30/Page_VRelay30Emulator/UDF6'

25-09-2024T14:05:58 - [MESSAGE][PASSED] - Text '' is set on object 'Object Repository/IWP30/Page_VRelay30Emulator/UDF7'

25-09-2024T14:05:58 - [MESSAGE][PASSED] - Text '' is set on object 'Object Repository/IWP30/Page_VRelay30Emulator/UDF8'

25-09-2024T14:05:59 - [MESSAGE][PASSED] - Text 'udf data 9' is set on object 'Object Repository/IWP30/Page_VRelay30Emulator/UDF9'

25-09-2024T14:05:59 - [MESSAGE][PASSED] - Text 'udf data 10' is set on object 'Object Repository/IWP30/Page_VRelay30Emulator/UDF10'

25-09-2024T14:06:01 - [MESSAGE][PASSED] - Object: 'Object Repository/IWP30/Page_VRelay30Emulator/Submit' is clicked on

25-09-2024T14:06:05 - [MESSAGE][PASSED] - Browser is closed

25-09-2024T14:06:09 - [MESSAGE][PASSED] - iwpPages.emulatorIWP30.setDataEmulator_DD is PASSED

25-09-2024T14:06:09 - [TEST_STEP][PASSED] - testHarnessURL = urlTestHarness: null

25-09-2024T14:06:09 - [TEST_STEP][PASSED] - openBrowser(testHarnessURL): Browser is opened with url: 'https://dev-algorithm.govolution.com/vrelaytest/QA/version_2_2/vrelaytest.html'

25-09-2024T14:06:09 - [MESSAGE][INFO] - Starting 'Edge Chromium' driver

25-09-2024T14:06:09 - [MESSAGE][INFO] - User set preference: ['acceptInsecureCerts', 'true']

25-09-2024T14:06:11 - [MESSAGE][INFO] - Action delay is set to 0 milliseconds

25-09-2024T14:06:15 - [MESSAGE][PASSED] - Browser is opened with url: 'https://dev-algorithm.govolution.com/vrelaytest/QA/version_2_2/vrelaytest.html'

25-09-2024T14:06:15 - [TEST_STEP][PASSED] - maximizeWindow(): Current window maximized

25-09-2024T14:06:15 - [MESSAGE][PASSED] - Current window maximized

25-09-2024T14:06:15 - [TEST_STEP][PASSED] - iwpPages.TestHarnessPage.setDataMethodEF(row, dataFile): iwpPages.TestHarnessPage.setDataMethodEF is PASSED

25-09-2024T14:06:15 - [MESSAGE][PASSED] - Object 'Object Repository/IWP30/Page_QATestHarness/RemittanceID' is present

25-09-2024T14:06:16 - [MESSAGE][PASSED] - Text '638' is set on object 'Object Repository/IWP30/Page_QATestHarness/ApplicationID'

25-09-2024T14:06:17 - [MESSAGE][PASSED] - Text '2.5' is set on object 'Object Repository/IWP30/Page_QATestHarness/MessageVersion'

25-09-2024T14:06:17 - [MESSAGE][PASSED] - Text 'i06QowHmM3Jf' is set on object 'Object Repository/IWP30/Page_QATestHarness/RemittanceID'

25-09-2024T14:06:20 - [MESSAGE][PASSED] - Object: 'Object Repository/IWP30/Page_QATestHarness/SubmitButton' is clicked on

25-09-2024T14:06:20 - [MESSAGE][PASSED] - iwpPages.TestHarnessPage.setDataMethodEF is PASSED

25-09-2024T14:06:20 - [TEST_STEP][PASSED] - click(findTestObject("Object Repository/IWP30/Page_SelectPaymentMethod/PayByPersonalCheck")): Object: 'Object Repository/IWP30/Page_SelectPaymentMethod/PayByPersonalCheck' is clicked on

25-09-2024T14:06:20 - [MESSAGE][PASSED] - Object: 'Object Repository/IWP30/Page_SelectPaymentMethod/PayByPersonalCheck' is clicked on

25-09-2024T14:06:20 - [TEST_STEP][PASSED] - click(findTestObject("Object Repository/IWP30/Page_SelectPaymentMethod/MakePaymentButton")): Object: 'Object Repository/IWP30/Page_SelectPaymentMethod/MakePaymentButton' is clicked on

25-09-2024T14:06:22 - [MESSAGE][PASSED] - Object: 'Object Repository/IWP30/Page_SelectPaymentMethod/MakePaymentButton' is clicked on

25-09-2024T14:06:22 - [TEST_STEP][PASSED] - iwpPages.achPersonalPaymentEntryPage.setDataACHPPM(row, dataFile): iwpPages.achPersonalPaymentEntryPage.setDataACHPPM is PASSED

25-09-2024T14:06:22 - [MESSAGE][PASSED] - Object 'Object Repository/IWP30/Page_ACHPersonalPaymentEntry/txt_accountNumber' is present

25-09-2024T14:06:23 - [MESSAGE][PASSED] - Text '10.50' is set on object 'Object Repository/IWP30/Page_ACHPersonalPaymentEntry/txt_Amount'

25-09-2024T14:06:23 - [MESSAGE][PASSED] - Object 'Object Repository/IWP30/Page_ACHPersonalPaymentEntry/txt_UDF2' is present

25-09-2024T14:06:24 - [MESSAGE][PASSED] - Text 'udf data 2' is set on object 'Object Repository/IWP30/Page_ACHPersonalPaymentEntry/txt_UDF2'

25-09-2024T14:06:24 - [MESSAGE][PASSED] - Text 'udf data 3' is set on object 'Object Repository/IWP30/Page_ACHPersonalPaymentEntry/txt_UDF3'

25-09-2024T14:06:25 - [MESSAGE][PASSED] - All options with label 'Orange' are selected in object 'Object Repository/IWP30/Page_ACHPersonalPaymentEntry/dd_UDF7' 

25-09-2024T14:06:26 - [MESSAGE][PASSED] - All options with label 'Soccer' are selected in object 'Object Repository/IWP30/Page_ACHPersonalPaymentEntry/dd_UDF8' 

25-09-2024T14:06:26 - [MESSAGE][PASSED] - Object 'Object Repository/IWP30/Page_ACHPersonalPaymentEntry/txt_Firstname' is present

25-09-2024T14:06:26 - [MESSAGE][PASSED] - Text 'Elizath' is set on object 'Object Repository/IWP30/Page_ACHPersonalPaymentEntry/txt_Firstname'

25-09-2024T14:06:27 - [MESSAGE][PASSED] - Object 'Object Repository/IWP30/Page_ACHPersonalPaymentEntry/txt_Lastname' is present

25-09-2024T14:06:27 - [MESSAGE][PASSED] - Text 'Christine' is set on object 'Object Repository/IWP30/Page_ACHPersonalPaymentEntry/txt_Lastname'

25-09-2024T14:06:27 - [MESSAGE][PASSED] - Object 'Object Repository/IWP30/Page_ACHPersonalPaymentEntry/txt_routingNumber' is present

25-09-2024T14:06:28 - [MESSAGE][PASSED] - Text '256072691' is set on object 'Object Repository/IWP30/Page_ACHPersonalPaymentEntry/txt_routingNumber'

25-09-2024T14:06:28 - [MESSAGE][PASSED] - Object 'Object Repository/IWP30/Page_ACHPersonalPaymentEntry/txt_accountNumber' is present

25-09-2024T14:06:30 - [MESSAGE][PASSED] - Text '12344444' is set on object 'Object Repository/IWP30/Page_ACHPersonalPaymentEntry/txt_accountNumber'

25-09-2024T14:06:30 - [MESSAGE][PASSED] - Object 'Object Repository/IWP30/Page_ACHPersonalPaymentEntry/txt_confirmAccountNumber' is present

25-09-2024T14:06:31 - [MESSAGE][PASSED] - Text '12344444' is set on object 'Object Repository/IWP30/Page_ACHPersonalPaymentEntry/txt_confirmAccountNumber'

25-09-2024T14:06:31 - [MESSAGE][PASSED] - Object 'Object Repository/IWP30/Page_ACHPersonalPaymentEntry/rd_accountType' is present

25-09-2024T14:06:31 - [MESSAGE][PASSED] - Modify property of object successfully

25-09-2024T14:06:31 - [MESSAGE][PASSED] - Object: 'Object Repository/IWP30/Page_ACHPersonalPaymentEntry/rd_accountType' is clicked on

25-09-2024T14:06:31 - [MESSAGE][PASSED] - Execute JavaScript '
				   document.getElementById('processDate').value = '08/09/2025'
				  ' successfully

25-09-2024T14:06:32 - [MESSAGE][PASSED] - Text '365 Main Avenue' is set on object 'Object Repository/IWP30/Page_ACHPersonalPaymentEntry/txt_AL1'

25-09-2024T14:06:33 - [MESSAGE][PASSED] - Text 'Ohio' is set on object 'Object Repository/IWP30/Page_ACHPersonalPaymentEntry/txt_AL2'

25-09-2024T14:06:33 - [MESSAGE][PASSED] - Text '22201' is set on object 'Object Repository/IWP30/Page_ACHPersonalPaymentEntry/txt_ZIP'

25-09-2024T14:06:33 - [MESSAGE][PASSED] - Object 'Object Repository/IWP30/Page_ACHPersonalPaymentEntry/txt_Email' is present

25-09-2024T14:06:35 - [MESSAGE][PASSED] - Text 'iahmed@govolution.com' is set on object 'Object Repository/IWP30/Page_ACHPersonalPaymentEntry/txt_Email'

25-09-2024T14:06:35 - [MESSAGE][PASSED] - Object 'Object Repository/IWP30/Page_ACHPersonalPaymentEntry/cb_TermsAndCond' is present

25-09-2024T14:06:36 - [MESSAGE][PASSED] - Object: 'Object Repository/IWP30/Page_ACHPersonalPaymentEntry/cb_TermsAndCond' is clicked on

25-09-2024T14:06:36 - [MESSAGE][PASSED] - Object 'Object Repository/IWP30/Page_ACHPersonalPaymentEntry/btn_Continue' is present

25-09-2024T14:06:42 - [MESSAGE][PASSED] - Object: 'Object Repository/IWP30/Page_ACHPersonalPaymentEntry/btn_Continue' is clicked on

25-09-2024T14:06:42 - [MESSAGE][PASSED] - iwpPages.achPersonalPaymentEntryPage.setDataACHPPM is PASSED

25-09-2024T14:06:42 - [TEST_STEP][FAILED] - click(findTestObject("Object Repository/IWP30/Page_Confirmation/ConfirmButton")): Unable to click on object 'Object Repository/IWP30/Page_Confirmation/ConfirmButton' (Root cause: com.kms.katalon.core.exception.StepFailedException: Unable to click on object 'Object Repository/IWP30/Page_Confirmation/ConfirmButton'
	at com.kms.katalon.core.webui.keyword.internal.WebUIKeywordMain.stepFailed(WebUIKeywordMain.groovy:64)
	at com.kms.katalon.core.webui.keyword.internal.WebUIKeywordMain.runKeyword(WebUIKeywordMain.groovy:26)
	at com.kms.katalon.core.webui.keyword.builtin.ClickKeyword.click(ClickKeyword.groovy:74)
	at com.kms.katalon.core.webui.keyword.builtin.ClickKeyword.execute(ClickKeyword.groovy:40)
	at com.kms.katalon.core.keyword.internal.KeywordExecutor.executeKeywordForPlatform(KeywordExecutor.groovy:74)
	at com.kms.katalon.core.webui.keyword.WebUiBuiltInKeywords.click(WebUiBuiltInKeywords.groovy:659)
	at VerifyCreateReceiptLabelsDeferredPS.run(VerifyCreateReceiptLabelsDeferredPS:87)
	at com.kms.katalon.core.main.ScriptEngine.run(ScriptEngine.java:194)
	at com.kms.katalon.core.main.ScriptEngine.runScriptAsRawText(ScriptEngine.java:119)
	at com.kms.katalon.core.main.TestCaseExecutor.runScript(TestCaseExecutor.java:448)
	at com.kms.katalon.core.main.TestCaseExecutor.doExecute(TestCaseExecutor.java:439)
	at com.kms.katalon.core.main.TestCaseExecutor.processExecutionPhase(TestCaseExecutor.java:418)
	at com.kms.katalon.core.main.TestCaseExecutor.accessMainPhase(TestCaseExecutor.java:410)
	at com.kms.katalon.core.main.TestCaseExecutor.execute(TestCaseExecutor.java:285)
	at com.kms.katalon.core.common.CommonExecutor.accessTestCaseMainPhase(CommonExecutor.java:65)
	at com.kms.katalon.core.main.TestSuiteExecutor.accessTestSuiteMainPhase(TestSuiteExecutor.java:150)
	at com.kms.katalon.core.main.TestSuiteExecutor.execute(TestSuiteExecutor.java:106)
	at com.kms.katalon.core.main.TestCaseMain.startTestSuite(TestCaseMain.java:180)
	at TempTestSuite1727249381322.run(TempTestSuite1727249381322.groovy:35)
	at java.base/jdk.internal.reflect.NativeMethodAccessorImpl.invoke0(Native Method)
	at java.base/jdk.internal.reflect.NativeMethodAccessorImpl.invoke(NativeMethodAccessorImpl.java:77)
	at java.base/jdk.internal.reflect.DelegatingMethodAccessorImpl.invoke(DelegatingMethodAccessorImpl.java:43)
Caused by: org.openqa.selenium.ElementNotInteractableException: element not interactable
  (Session info: MicrosoftEdge=128.0.2739.79)
Build info: version: '3.141.59', revision: 'unknown', time: 'unknown'
System info: host: 'TXD87096', ip: '10.203.40.166', os.name: 'Windows 10', os.arch: 'amd64', os.version: '10.0', java.version: '17.0.7'
Driver info: com.kms.katalon.selenium.driver.CEdgeDriver
Capabilities {acceptInsecureCerts: true, browserName: MicrosoftEdge, browserVersion: 128.0.2739.79, fedcm:accounts: true, javascriptEnabled: true, ms:edgeOptions: {debuggerAddress: localhost:62475}, msedge: {msedgedriverVersion: 127.0.2651.74 (dbf5b0aa014c..., userDataDir: C:\Users\t476046\AppData\Lo...}, networkConnectionEnabled: false, pageLoadStrategy: normal, platform: WINDOWS, platformName: WINDOWS, proxy: Proxy(), setWindowRect: true, strictFileInteractability: false, timeouts: {implicit: 0, pageLoad: 300000, script: 30000}, unhandledPromptBehavior: dismiss and notify, webauthn:extension:credBlob: true, webauthn:extension:largeBlob: true, webauthn:extension:minPinLength: true, webauthn:extension:prf: true, webauthn:virtualAuthenticators: true}
Session ID: 0702694671223d5f1921dd63ab9838f1
	at java.base/jdk.internal.reflect.NativeConstructorAccessorImpl.newInstance0(Native Method)
	at java.base/jdk.internal.reflect.NativeConstructorAccessorImpl.newInstance(NativeConstructorAccessorImpl.java:77)
	at java.base/jdk.internal.reflect.DelegatingConstructorAccessorImpl.newInstance(DelegatingConstructorAccessorImpl.java:45)
	at org.openqa.selenium.remote.http.W3CHttpResponseCodec.createException(W3CHttpResponseCodec.java:187)
	at org.openqa.selenium.remote.http.W3CHttpResponseCodec.decode(W3CHttpResponseCodec.java:122)
	at org.openqa.selenium.remote.http.W3CHttpResponseCodec.decode(W3CHttpResponseCodec.java:49)
	at org.openqa.selenium.remote.HttpCommandExecutor.execute(HttpCommandExecutor.java:158)
	at org.openqa.selenium.remote.service.DriverCommandExecutor.execute(DriverCommandExecutor.java:83)
	at org.openqa.selenium.remote.RemoteWebDriver.execute(RemoteWebDriver.java:552)
	at com.kms.katalon.selenium.driver.CEdgeDriver.execute(CEdgeDriver.java:20)
	at org.openqa.selenium.remote.RemoteWebElement.execute(RemoteWebElement.java:285)
	at org.openqa.selenium.remote.RemoteWebElement.click(RemoteWebElement.java:84)
	at jdk.internal.reflect.GeneratedMethodAccessor18.invoke(Unknown Source)
	at java.base/jdk.internal.reflect.DelegatingMethodAccessorImpl.invoke(DelegatingMethodAccessorImpl.java:43)
	at org.openqa.selenium.support.events.EventFiringWebDriver$EventFiringWebElement.lambda$new$0(EventFiringWebDriver.java:404)
	at jdk.proxy2/jdk.proxy2.$Proxy24.click(Unknown Source)
	at org.openqa.selenium.support.events.EventFiringWebDriver$EventFiringWebElement.click(EventFiringWebDriver.java:417)
	at org.openqa.selenium.WebElement$click.call(Unknown Source)
	at com.kms.katalon.core.webui.keyword.builtin.ClickKeyword.clickUntilSuccessWithTimeout(ClickKeyword.groovy:81)
	at com.kms.katalon.core.webui.keyword.builtin.ClickKeyword.clickUntilSuccessWithTimeout(ClickKeyword.groovy)
	at jdk.internal.reflect.GeneratedMethodAccessor20.invoke(Unknown Source)
	at java.base/jdk.internal.reflect.DelegatingMethodAccessorImpl.invoke(DelegatingMethodAccessorImpl.java:43)
	at com.kms.katalon.core.webui.keyword.builtin.ClickKeyword$_click_closure1.doCall(ClickKeyword.groovy:67)
	at com.kms.katalon.core.webui.keyword.builtin.ClickKeyword$_click_closure1.call(ClickKeyword.groovy)
	at com.kms.katalon.core.webui.keyword.internal.WebUIKeywordMain.runKeyword(WebUIKeywordMain.groovy:20)
	at com.kms.katalon.core.webui.keyword.builtin.ClickKeyword.click(ClickKeyword.groovy:74)
	at com.kms.katalon.core.webui.keyword.builtin.ClickKeyword.execute(ClickKeyword.groovy:40)
	at com.kms.katalon.core.keyword.internal.KeywordExecutor.executeKeywordForPlatform(KeywordExecutor.groovy:74)
	at com.kms.katalon.core.webui.keyword.WebUiBuiltInKeywords.click(WebUiBuiltInKeywords.groovy:659)
	at Script1726835132787.run(Script1726835132787.groovy:87)
	... 15 more
)

25-09-2024T14:07:13 - [MESSAGE][INFO] - Unable to find the element located by 'By.xpath: //*[@type = 'submit' and @name = 'confirmNotifyAction' and @id = 'submitYes' and @value = 'Confirm']'. Please recheck the objects properties to make sure the desired element is located. 

25-09-2024T14:07:13 - [MESSAGE][WARNING] - [SELF-HEALING] Failed to find element with id 'Object Repository/IWP30/Page_Confirmation/ConfirmButton'. Try using Self-healing.

25-09-2024T14:07:14 - [MESSAGE][WARNING] - [SELF-HEALING] The current locator of test object 'Object Repository/IWP30/Page_Confirmation/ConfirmButton' was broken. Propose an alternative one: '//div/input'.

25-09-2024T14:07:14 - [MESSAGE][FAILED] - Unable to click on object 'Object Repository/IWP30/Page_Confirmation/ConfirmButton' (Root cause: com.kms.katalon.core.exception.StepFailedException: Unable to click on object 'Object Repository/IWP30/Page_Confirmation/ConfirmButton'
	at com.kms.katalon.core.webui.keyword.internal.WebUIKeywordMain.stepFailed(WebUIKeywordMain.groovy:64)
	at com.kms.katalon.core.webui.keyword.internal.WebUIKeywordMain.runKeyword(WebUIKeywordMain.groovy:26)
	at com.kms.katalon.core.webui.keyword.builtin.ClickKeyword.click(ClickKeyword.groovy:74)
	at com.kms.katalon.core.webui.keyword.builtin.ClickKeyword.execute(ClickKeyword.groovy:40)
	at com.kms.katalon.core.keyword.internal.KeywordExecutor.executeKeywordForPlatform(KeywordExecutor.groovy:74)
	at com.kms.katalon.core.webui.keyword.WebUiBuiltInKeywords.click(WebUiBuiltInKeywords.groovy:659)
	at VerifyCreateReceiptLabelsDeferredPS.run(VerifyCreateReceiptLabelsDeferredPS:87)
	at com.kms.katalon.core.main.ScriptEngine.run(ScriptEngine.java:194)
	at com.kms.katalon.core.main.ScriptEngine.runScriptAsRawText(ScriptEngine.java:119)
	at com.kms.katalon.core.main.TestCaseExecutor.runScript(TestCaseExecutor.java:448)
	at com.kms.katalon.core.main.TestCaseExecutor.doExecute(TestCaseExecutor.java:439)
	at com.kms.katalon.core.main.TestCaseExecutor.processExecutionPhase(TestCaseExecutor.java:418)
	at com.kms.katalon.core.main.TestCaseExecutor.accessMainPhase(TestCaseExecutor.java:410)
	at com.kms.katalon.core.main.TestCaseExecutor.execute(TestCaseExecutor.java:285)
	at com.kms.katalon.core.common.CommonExecutor.accessTestCaseMainPhase(CommonExecutor.java:65)
	at com.kms.katalon.core.main.TestSuiteExecutor.accessTestSuiteMainPhase(TestSuiteExecutor.java:150)
	at com.kms.katalon.core.main.TestSuiteExecutor.execute(TestSuiteExecutor.java:106)
	at com.kms.katalon.core.main.TestCaseMain.startTestSuite(TestCaseMain.java:180)
	at TempTestSuite1727249381322.run(TempTestSuite1727249381322.groovy:35)
	at java.base/jdk.internal.reflect.NativeMethodAccessorImpl.invoke0(Native Method)
	at java.base/jdk.internal.reflect.NativeMethodAccessorImpl.invoke(NativeMethodAccessorImpl.java:77)
	at java.base/jdk.internal.reflect.DelegatingMethodAccessorImpl.invoke(DelegatingMethodAccessorImpl.java:43)
Caused by: org.openqa.selenium.ElementNotInteractableException: element not interactable
  (Session info: MicrosoftEdge=128.0.2739.79)
Build info: version: '3.141.59', revision: 'unknown', time: 'unknown'
System info: host: 'TXD87096', ip: '10.203.40.166', os.name: 'Windows 10', os.arch: 'amd64', os.version: '10.0', java.version: '17.0.7'
Driver info: com.kms.katalon.selenium.driver.CEdgeDriver
Capabilities {acceptInsecureCerts: true, browserName: MicrosoftEdge, browserVersion: 128.0.2739.79, fedcm:accounts: true, javascriptEnabled: true, ms:edgeOptions: {debuggerAddress: localhost:62475}, msedge: {msedgedriverVersion: 127.0.2651.74 (dbf5b0aa014c..., userDataDir: C:\Users\t476046\AppData\Lo...}, networkConnectionEnabled: false, pageLoadStrategy: normal, platform: WINDOWS, platformName: WINDOWS, proxy: Proxy(), setWindowRect: true, strictFileInteractability: false, timeouts: {implicit: 0, pageLoad: 300000, script: 30000}, unhandledPromptBehavior: dismiss and notify, webauthn:extension:credBlob: true, webauthn:extension:largeBlob: true, webauthn:extension:minPinLength: true, webauthn:extension:prf: true, webauthn:virtualAuthenticators: true}
Session ID: 0702694671223d5f1921dd63ab9838f1
	at java.base/jdk.internal.reflect.NativeConstructorAccessorImpl.newInstance0(Native Method)
	at java.base/jdk.internal.reflect.NativeConstructorAccessorImpl.newInstance(NativeConstructorAccessorImpl.java:77)
	at java.base/jdk.internal.reflect.DelegatingConstructorAccessorImpl.newInstance(DelegatingConstructorAccessorImpl.java:45)
	at org.openqa.selenium.remote.http.W3CHttpResponseCodec.createException(W3CHttpResponseCodec.java:187)
	at org.openqa.selenium.remote.http.W3CHttpResponseCodec.decode(W3CHttpResponseCodec.java:122)
	at org.openqa.selenium.remote.http.W3CHttpResponseCodec.decode(W3CHttpResponseCodec.java:49)
	at org.openqa.selenium.remote.HttpCommandExecutor.execute(HttpCommandExecutor.java:158)
	at org.openqa.selenium.remote.service.DriverCommandExecutor.execute(DriverCommandExecutor.java:83)
	at org.openqa.selenium.remote.RemoteWebDriver.execute(RemoteWebDriver.java:552)
	at com.kms.katalon.selenium.driver.CEdgeDriver.execute(CEdgeDriver.java:20)
	at org.openqa.selenium.remote.RemoteWebElement.execute(RemoteWebElement.java:285)
	at org.openqa.selenium.remote.RemoteWebElement.click(RemoteWebElement.java:84)
	at jdk.internal.reflect.GeneratedMethodAccessor18.invoke(Unknown Source)
	at java.base/jdk.internal.reflect.DelegatingMethodAccessorImpl.invoke(DelegatingMethodAccessorImpl.java:43)
	at org.openqa.selenium.support.events.EventFiringWebDriver$EventFiringWebElement.lambda$new$0(EventFiringWebDriver.java:404)
	at jdk.proxy2/jdk.proxy2.$Proxy24.click(Unknown Source)
	at org.openqa.selenium.support.events.EventFiringWebDriver$EventFiringWebElement.click(EventFiringWebDriver.java:417)
	at org.openqa.selenium.WebElement$click.call(Unknown Source)
	at com.kms.katalon.core.webui.keyword.builtin.ClickKeyword.clickUntilSuccessWithTimeout(ClickKeyword.groovy:81)
	at com.kms.katalon.core.webui.keyword.builtin.ClickKeyword.clickUntilSuccessWithTimeout(ClickKeyword.groovy)
	at jdk.internal.reflect.GeneratedMethodAccessor20.invoke(Unknown Source)
	at java.base/jdk.internal.reflect.DelegatingMethodAccessorImpl.invoke(DelegatingMethodAccessorImpl.java:43)
	at com.kms.katalon.core.webui.keyword.builtin.ClickKeyword$_click_closure1.doCall(ClickKeyword.groovy:67)
	at com.kms.katalon.core.webui.keyword.builtin.ClickKeyword$_click_closure1.call(ClickKeyword.groovy)
	at com.kms.katalon.core.webui.keyword.internal.WebUIKeywordMain.runKeyword(WebUIKeywordMain.groovy:20)
	at com.kms.katalon.core.webui.keyword.builtin.ClickKeyword.click(ClickKeyword.groovy:74)
	at com.kms.katalon.core.webui.keyword.builtin.ClickKeyword.execute(ClickKeyword.groovy:40)
	at com.kms.katalon.core.keyword.internal.KeywordExecutor.executeKeywordForPlatform(KeywordExecutor.groovy:74)
	at com.kms.katalon.core.webui.keyword.WebUiBuiltInKeywords.click(WebUiBuiltInKeywords.groovy:659)
	at Script1726835132787.run(Script1726835132787.groovy:87)
	... 15 more
)
[[ATTACHMENT|C:\\Users\\t476046\\Documents\\katalon\\VPS-Katalon\\Reports\\20240925_125941\\QA\\IWP2.5\\QA_IWP2.5_Regression\\20240925_125941\\1727253434245.png]]

25-09-2024T14:07:14 - [TEST_STEP][PASSED] - Thread.sleep(2000): null

25-09-2024T14:07:16 - [TEST_STEP][FAILED] - if (verifyTextPresent("Deferred", false)): Text 'Deferred' is not present on page  (Root cause: com.kms.katalon.core.exception.StepFailedException: Text 'Deferred' is not present on page 
	at com.kms.katalon.core.webui.keyword.internal.WebUIKeywordMain.stepFailed(WebUIKeywordMain.groovy:64)
	at com.kms.katalon.core.webui.keyword.builtin.VerifyTextPresentKeyword$_verifyTextPresent_closure1.doCall(VerifyTextPresentKeyword.groovy:79)
	at com.kms.katalon.core.webui.keyword.builtin.VerifyTextPresentKeyword$_verifyTextPresent_closure1.call(VerifyTextPresentKeyword.groovy)
	at com.kms.katalon.core.webui.keyword.internal.WebUIKeywordMain.runKeyword(WebUIKeywordMain.groovy:20)
	at com.kms.katalon.core.webui.keyword.builtin.VerifyTextPresentKeyword.verifyTextPresent(VerifyTextPresentKeyword.groovy:83)
	at com.kms.katalon.core.webui.keyword.builtin.VerifyTextPresentKeyword.execute(VerifyTextPresentKeyword.groovy:68)
	at com.kms.katalon.core.keyword.internal.KeywordExecutor.executeKeywordForPlatform(KeywordExecutor.groovy:74)
	at com.kms.katalon.core.webui.keyword.WebUiBuiltInKeywords.verifyTextPresent(WebUiBuiltInKeywords.groovy:1762)
	at VerifyCreateReceiptLabelsDeferredPS.run(VerifyCreateReceiptLabelsDeferredPS:91)
	at com.kms.katalon.core.main.ScriptEngine.run(ScriptEngine.java:194)
	at com.kms.katalon.core.main.ScriptEngine.runScriptAsRawText(ScriptEngine.java:119)
	at com.kms.katalon.core.main.TestCaseExecutor.runScript(TestCaseExecutor.java:448)
	at com.kms.katalon.core.main.TestCaseExecutor.doExecute(TestCaseExecutor.java:439)
	at com.kms.katalon.core.main.TestCaseExecutor.processExecutionPhase(TestCaseExecutor.java:418)
	at com.kms.katalon.core.main.TestCaseExecutor.accessMainPhase(TestCaseExecutor.java:410)
	at com.kms.katalon.core.main.TestCaseExecutor.execute(TestCaseExecutor.java:285)
	at com.kms.katalon.core.common.CommonExecutor.accessTestCaseMainPhase(CommonExecutor.java:65)
	at com.kms.katalon.core.main.TestSuiteExecutor.accessTestSuiteMainPhase(TestSuiteExecutor.java:150)
	at com.kms.katalon.core.main.TestSuiteExecutor.execute(TestSuiteExecutor.java:106)
	at com.kms.katalon.core.main.TestCaseMain.startTestSuite(TestCaseMain.java:180)
	at TempTestSuite1727249381322.run(TempTestSuite1727249381322.groovy:35)
	at java.base/jdk.internal.reflect.NativeMethodAccessorImpl.invoke0(Native Method)
	at java.base/jdk.internal.reflect.NativeMethodAccessorImpl.invoke(NativeMethodAccessorImpl.java:77)
	at java.base/jdk.internal.reflect.DelegatingMethodAccessorImpl.invoke(DelegatingMethodAccessorImpl.java:43)
)

25-09-2024T14:07:16 - [MESSAGE][FAILED] - Text 'Deferred' is not present on page  (Root cause: com.kms.katalon.core.exception.StepFailedException: Text 'Deferred' is not present on page 
	at com.kms.katalon.core.webui.keyword.internal.WebUIKeywordMain.stepFailed(WebUIKeywordMain.groovy:64)
	at com.kms.katalon.core.webui.keyword.builtin.VerifyTextPresentKeyword$_verifyTextPresent_closure1.doCall(VerifyTextPresentKeyword.groovy:79)
	at com.kms.katalon.core.webui.keyword.builtin.VerifyTextPresentKeyword$_verifyTextPresent_closure1.call(VerifyTextPresentKeyword.groovy)
	at com.kms.katalon.core.webui.keyword.internal.WebUIKeywordMain.runKeyword(WebUIKeywordMain.groovy:20)
	at com.kms.katalon.core.webui.keyword.builtin.VerifyTextPresentKeyword.verifyTextPresent(VerifyTextPresentKeyword.groovy:83)
	at com.kms.katalon.core.webui.keyword.builtin.VerifyTextPresentKeyword.execute(VerifyTextPresentKeyword.groovy:68)
	at com.kms.katalon.core.keyword.internal.KeywordExecutor.executeKeywordForPlatform(KeywordExecutor.groovy:74)
	at com.kms.katalon.core.webui.keyword.WebUiBuiltInKeywords.verifyTextPresent(WebUiBuiltInKeywords.groovy:1762)
	at VerifyCreateReceiptLabelsDeferredPS.run(VerifyCreateReceiptLabelsDeferredPS:91)
	at com.kms.katalon.core.main.ScriptEngine.run(ScriptEngine.java:194)
	at com.kms.katalon.core.main.ScriptEngine.runScriptAsRawText(ScriptEngine.java:119)
	at com.kms.katalon.core.main.TestCaseExecutor.runScript(TestCaseExecutor.java:448)
	at com.kms.katalon.core.main.TestCaseExecutor.doExecute(TestCaseExecutor.java:439)
	at com.kms.katalon.core.main.TestCaseExecutor.processExecutionPhase(TestCaseExecutor.java:418)
	at com.kms.katalon.core.main.TestCaseExecutor.accessMainPhase(TestCaseExecutor.java:410)
	at com.kms.katalon.core.main.TestCaseExecutor.execute(TestCaseExecutor.java:285)
	at com.kms.katalon.core.common.CommonExecutor.accessTestCaseMainPhase(CommonExecutor.java:65)
	at com.kms.katalon.core.main.TestSuiteExecutor.accessTestSuiteMainPhase(TestSuiteExecutor.java:150)
	at com.kms.katalon.core.main.TestSuiteExecutor.execute(TestSuiteExecutor.java:106)
	at com.kms.katalon.core.main.TestCaseMain.startTestSuite(TestCaseMain.java:180)
	at TempTestSuite1727249381322.run(TempTestSuite1727249381322.groovy:35)
	at java.base/jdk.internal.reflect.NativeMethodAccessorImpl.invoke0(Native Method)
	at java.base/jdk.internal.reflect.NativeMethodAccessorImpl.invoke(NativeMethodAccessorImpl.java:77)
	at java.base/jdk.internal.reflect.DelegatingMethodAccessorImpl.invoke(DelegatingMethodAccessorImpl.java:43)
)

25-09-2024T14:07:16 - [TEST_STEP][FAILED] - else: null

25-09-2024T14:07:16 - [TEST_STEP][FAILED] - markFailed("Deferred is not present on page"): Deferred is not present on page

25-09-2024T14:07:16 - [MESSAGE][FAILED] - Deferred is not present on page

25-09-2024T14:07:16 - [TEST_STEP][PASSED] - resText = "Fail": null

25-09-2024T14:07:16 - [TEST_STEP][PASSED] - pages.WriteExcel.demoKey(resText, datText, resColumn, datCloumn, fileLoc, nameSheet, row): pages.WriteExcel.demoKey is PASSED

25-09-2024T14:07:16 - [MESSAGE][PASSED] - pages.WriteExcel.demoKey is PASSED

25-09-2024T14:07:16 - [TEST_STEP][PASSED] - closeBrowser(): Browser is closed

25-09-2024T14:07:17 - [MESSAGE][PASSED] - Browser is closed]]></system-out>
         <system-err><![CDATA[25-09-2024T14:05:38 - [TEST_CASE][FAILED] - Test Cases/IntegratedWeb/IWP25/Payments/VerifyCreateReceiptLabelsDeferredPS: Test Cases/IntegratedWeb/IWP25/Payments/VerifyCreateReceiptLabelsDeferredPS FAILED.
Reason:
com.kms.katalon.core.exception.StepFailedException: Unable to click on object 'Object Repository/IWP30/Page_Confirmation/ConfirmButton' (Root cause: com.kms.katalon.core.exception.StepFailedException: Unable to click on object 'Object Repository/IWP30/Page_Confirmation/ConfirmButton'
	at com.kms.katalon.core.webui.keyword.internal.WebUIKeywordMain.stepFailed(WebUIKeywordMain.groovy:64)
	at com.kms.katalon.core.webui.keyword.internal.WebUIKeywordMain.runKeyword(WebUIKeywordMain.groovy:26)
	at com.kms.katalon.core.webui.keyword.builtin.ClickKeyword.click(ClickKeyword.groovy:74)
	at com.kms.katalon.core.webui.keyword.builtin.ClickKeyword.execute(ClickKeyword.groovy:40)
	at com.kms.katalon.core.keyword.internal.KeywordExecutor.executeKeywordForPlatform(KeywordExecutor.groovy:74)
	at com.kms.katalon.core.webui.keyword.WebUiBuiltInKeywords.click(WebUiBuiltInKeywords.groovy:659)
	at VerifyCreateReceiptLabelsDeferredPS.run(VerifyCreateReceiptLabelsDeferredPS:87)
	at com.kms.katalon.core.main.ScriptEngine.run(ScriptEngine.java:194)
	at com.kms.katalon.core.main.ScriptEngine.runScriptAsRawText(ScriptEngine.java:119)
	at com.kms.katalon.core.main.TestCaseExecutor.runScript(TestCaseExecutor.java:448)
	at com.kms.katalon.core.main.TestCaseExecutor.doExecute(TestCaseExecutor.java:439)
	at com.kms.katalon.core.main.TestCaseExecutor.processExecutionPhase(TestCaseExecutor.java:418)
	at com.kms.katalon.core.main.TestCaseExecutor.accessMainPhase(TestCaseExecutor.java:410)
	at com.kms.katalon.core.main.TestCaseExecutor.execute(TestCaseExecutor.java:285)
	at com.kms.katalon.core.common.CommonExecutor.accessTestCaseMainPhase(CommonExecutor.java:65)
	at com.kms.katalon.core.main.TestSuiteExecutor.accessTestSuiteMainPhase(TestSuiteExecutor.java:150)
	at com.kms.katalon.core.main.TestSuiteExecutor.execute(TestSuiteExecutor.java:106)
	at com.kms.katalon.core.main.TestCaseMain.startTestSuite(TestCaseMain.java:180)
	at TempTestSuite1727249381322.run(TempTestSuite1727249381322.groovy:35)
	at java.base/jdk.internal.reflect.NativeMethodAccessorImpl.invoke0(Native Method)
	at java.base/jdk.internal.reflect.NativeMethodAccessorImpl.invoke(NativeMethodAccessorImpl.java:77)
	at java.base/jdk.internal.reflect.DelegatingMethodAccessorImpl.invoke(DelegatingMethodAccessorImpl.java:43)
Caused by: org.openqa.selenium.ElementNotInteractableException: element not interactable
  (Session info: MicrosoftEdge=128.0.2739.79)
Build info: version: '3.141.59', revision: 'unknown', time: 'unknown'
System info: host: 'TXD87096', ip: '10.203.40.166', os.name: 'Windows 10', os.arch: 'amd64', os.version: '10.0', java.version: '17.0.7'
Driver info: com.kms.katalon.selenium.driver.CEdgeDriver
Capabilities {acceptInsecureCerts: true, browserName: MicrosoftEdge, browserVersion: 128.0.2739.79, fedcm:accounts: true, javascriptEnabled: true, ms:edgeOptions: {debuggerAddress: localhost:62475}, msedge: {msedgedriverVersion: 127.0.2651.74 (dbf5b0aa014c..., userDataDir: C:\Users\t476046\AppData\Lo...}, networkConnectionEnabled: false, pageLoadStrategy: normal, platform: WINDOWS, platformName: WINDOWS, proxy: Proxy(), setWindowRect: true, strictFileInteractability: false, timeouts: {implicit: 0, pageLoad: 300000, script: 30000}, unhandledPromptBehavior: dismiss and notify, webauthn:extension:credBlob: true, webauthn:extension:largeBlob: true, webauthn:extension:minPinLength: true, webauthn:extension:prf: true, webauthn:virtualAuthenticators: true}
Session ID: 0702694671223d5f1921dd63ab9838f1
	at java.base/jdk.internal.reflect.NativeConstructorAccessorImpl.newInstance0(Native Method)
	at java.base/jdk.internal.reflect.NativeConstructorAccessorImpl.newInstance(NativeConstructorAccessorImpl.java:77)
	at java.base/jdk.internal.reflect.DelegatingConstructorAccessorImpl.newInstance(DelegatingConstructorAccessorImpl.java:45)
	at org.openqa.selenium.remote.http.W3CHttpResponseCodec.createException(W3CHttpResponseCodec.java:187)
	at org.openqa.selenium.remote.http.W3CHttpResponseCodec.decode(W3CHttpResponseCodec.java:122)
	at org.openqa.selenium.remote.http.W3CHttpResponseCodec.decode(W3CHttpResponseCodec.java:49)
	at org.openqa.selenium.remote.HttpCommandExecutor.execute(HttpCommandExecutor.java:158)
	at org.openqa.selenium.remote.service.DriverCommandExecutor.execute(DriverCommandExecutor.java:83)
	at org.openqa.selenium.remote.RemoteWebDriver.execute(RemoteWebDriver.java:552)
	at com.kms.katalon.selenium.driver.CEdgeDriver.execute(CEdgeDriver.java:20)
	at org.openqa.selenium.remote.RemoteWebElement.execute(RemoteWebElement.java:285)
	at org.openqa.selenium.remote.RemoteWebElement.click(RemoteWebElement.java:84)
	at jdk.internal.reflect.GeneratedMethodAccessor18.invoke(Unknown Source)
	at java.base/jdk.internal.reflect.DelegatingMethodAccessorImpl.invoke(DelegatingMethodAccessorImpl.java:43)
	at org.openqa.selenium.support.events.EventFiringWebDriver$EventFiringWebElement.lambda$new$0(EventFiringWebDriver.java:404)
	at jdk.proxy2/jdk.proxy2.$Proxy24.click(Unknown Source)
	at org.openqa.selenium.support.events.EventFiringWebDriver$EventFiringWebElement.click(EventFiringWebDriver.java:417)
	at org.openqa.selenium.WebElement$click.call(Unknown Source)
	at com.kms.katalon.core.webui.keyword.builtin.ClickKeyword.clickUntilSuccessWithTimeout(ClickKeyword.groovy:81)
	at com.kms.katalon.core.webui.keyword.builtin.ClickKeyword.clickUntilSuccessWithTimeout(ClickKeyword.groovy)
	at jdk.internal.reflect.GeneratedMethodAccessor20.invoke(Unknown Source)
	at java.base/jdk.internal.reflect.DelegatingMethodAccessorImpl.invoke(DelegatingMethodAccessorImpl.java:43)
	at com.kms.katalon.core.webui.keyword.builtin.ClickKeyword$_click_closure1.doCall(ClickKeyword.groovy:67)
	at com.kms.katalon.core.webui.keyword.builtin.ClickKeyword$_click_closure1.call(ClickKeyword.groovy)
	at com.kms.katalon.core.webui.keyword.internal.WebUIKeywordMain.runKeyword(WebUIKeywordMain.groovy:20)
	at com.kms.katalon.core.webui.keyword.builtin.ClickKeyword.click(ClickKeyword.groovy:74)
	at com.kms.katalon.core.webui.keyword.builtin.ClickKeyword.execute(ClickKeyword.groovy:40)
	at com.kms.katalon.core.keyword.internal.KeywordExecutor.executeKeywordForPlatform(KeywordExecutor.groovy:74)
	at com.kms.katalon.core.webui.keyword.WebUiBuiltInKeywords.click(WebUiBuiltInKeywords.groovy:659)
	at Script1726835132787.run(Script1726835132787.groovy:87)
	... 15 more
)
	at com.kms.katalon.core.keyword.internal.KeywordMain.stepFailed(KeywordMain.groovy:39)
	at com.kms.katalon.core.webui.keyword.internal.WebUIKeywordMain.stepFailed(WebUIKeywordMain.groovy:64)
	at com.kms.katalon.core.webui.keyword.internal.WebUIKeywordMain.runKeyword(WebUIKeywordMain.groovy:26)
	at com.kms.katalon.core.webui.keyword.builtin.ClickKeyword.click(ClickKeyword.groovy:74)
	at com.kms.katalon.core.webui.keyword.builtin.ClickKeyword.execute(ClickKeyword.groovy:40)
	at com.kms.katalon.core.keyword.internal.KeywordExecutor.executeKeywordForPlatform(KeywordExecutor.groovy:74)
	at com.kms.katalon.core.webui.keyword.WebUiBuiltInKeywords.click(WebUiBuiltInKeywords.groovy:659)
	at VerifyCreateReceiptLabelsDeferredPS.run(VerifyCreateReceiptLabelsDeferredPS:87)
	at com.kms.katalon.core.main.ScriptEngine.run(ScriptEngine.java:194)
	at com.kms.katalon.core.main.ScriptEngine.runScriptAsRawText(ScriptEngine.java:119)
	at com.kms.katalon.core.main.TestCaseExecutor.runScript(TestCaseExecutor.java:448)
	at com.kms.katalon.core.main.TestCaseExecutor.doExecute(TestCaseExecutor.java:439)
	at com.kms.katalon.core.main.TestCaseExecutor.processExecutionPhase(TestCaseExecutor.java:418)
	at com.kms.katalon.core.main.TestCaseExecutor.accessMainPhase(TestCaseExecutor.java:410)
	at com.kms.katalon.core.main.TestCaseExecutor.execute(TestCaseExecutor.java:285)
	at com.kms.katalon.core.common.CommonExecutor.accessTestCaseMainPhase(CommonExecutor.java:65)
	at com.kms.katalon.core.main.TestSuiteExecutor.accessTestSuiteMainPhase(TestSuiteExecutor.java:150)
	at com.kms.katalon.core.main.TestSuiteExecutor.execute(TestSuiteExecutor.java:106)
	at com.kms.katalon.core.main.TestCaseMain.startTestSuite(TestCaseMain.java:180)
	at TempTestSuite1727249381322.run(TempTestSuite1727249381322.groovy:35)
	at java.base/jdk.internal.reflect.NativeMethodAccessorImpl.invoke0(Native Method)
	at java.base/jdk.internal.reflect.NativeMethodAccessorImpl.invoke(NativeMethodAccessorImpl.java:77)
	at java.base/jdk.internal.reflect.DelegatingMethodAccessorImpl.invoke(DelegatingMethodAccessorImpl.java:43)
Caused by: com.kms.katalon.core.exception.StepFailedException: Unable to click on object 'Object Repository/IWP30/Page_Confirmation/ConfirmButton'
	... 22 more
Caused by: org.openqa.selenium.ElementNotInteractableException: element not interactable
  (Session info: MicrosoftEdge=128.0.2739.79)
Build info: version: '3.141.59', revision: 'unknown', time: 'unknown'
System info: host: 'TXD87096', ip: '10.203.40.166', os.name: 'Windows 10', os.arch: 'amd64', os.version: '10.0', java.version: '17.0.7'
Driver info: com.kms.katalon.selenium.driver.CEdgeDriver
Capabilities {acceptInsecureCerts: true, browserName: MicrosoftEdge, browserVersion: 128.0.2739.79, fedcm:accounts: true, javascriptEnabled: true, ms:edgeOptions: {debuggerAddress: localhost:62475}, msedge: {msedgedriverVersion: 127.0.2651.74 (dbf5b0aa014c..., userDataDir: C:\Users\t476046\AppData\Lo...}, networkConnectionEnabled: false, pageLoadStrategy: normal, platform: WINDOWS, platformName: WINDOWS, proxy: Proxy(), setWindowRect: true, strictFileInteractability: false, timeouts: {implicit: 0, pageLoad: 300000, script: 30000}, unhandledPromptBehavior: dismiss and notify, webauthn:extension:credBlob: true, webauthn:extension:largeBlob: true, webauthn:extension:minPinLength: true, webauthn:extension:prf: true, webauthn:virtualAuthenticators: true}
Session ID: 0702694671223d5f1921dd63ab9838f1
	at java.base/jdk.internal.reflect.NativeConstructorAccessorImpl.newInstance0(Native Method)
	at java.base/jdk.internal.reflect.NativeConstructorAccessorImpl.newInstance(NativeConstructorAccessorImpl.java:77)
	at java.base/jdk.internal.reflect.DelegatingConstructorAccessorImpl.newInstance(DelegatingConstructorAccessorImpl.java:45)
	at org.openqa.selenium.remote.http.W3CHttpResponseCodec.createException(W3CHttpResponseCodec.java:187)
	at org.openqa.selenium.remote.http.W3CHttpResponseCodec.decode(W3CHttpResponseCodec.java:122)
	at org.openqa.selenium.remote.http.W3CHttpResponseCodec.decode(W3CHttpResponseCodec.java:49)
	at org.openqa.selenium.remote.HttpCommandExecutor.execute(HttpCommandExecutor.java:158)
	at org.openqa.selenium.remote.service.DriverCommandExecutor.execute(DriverCommandExecutor.java:83)
	at org.openqa.selenium.remote.RemoteWebDriver.execute(RemoteWebDriver.java:552)
	at com.kms.katalon.selenium.driver.CEdgeDriver.execute(CEdgeDriver.java:20)
	at org.openqa.selenium.remote.RemoteWebElement.execute(RemoteWebElement.java:285)
	at org.openqa.selenium.remote.RemoteWebElement.click(RemoteWebElement.java:84)
	at jdk.internal.reflect.GeneratedMethodAccessor18.invoke(Unknown Source)
	at java.base/jdk.internal.reflect.DelegatingMethodAccessorImpl.invoke(DelegatingMethodAccessorImpl.java:43)
	at org.openqa.selenium.support.events.EventFiringWebDriver$EventFiringWebElement.lambda$new$0(EventFiringWebDriver.java:404)
	at jdk.proxy2/jdk.proxy2.$Proxy24.click(Unknown Source)
	at org.openqa.selenium.support.events.EventFiringWebDriver$EventFiringWebElement.click(EventFiringWebDriver.java:417)
	at org.openqa.selenium.WebElement$click.call(Unknown Source)
	at com.kms.katalon.core.webui.keyword.builtin.ClickKeyword.clickUntilSuccessWithTimeout(ClickKeyword.groovy:81)
	at com.kms.katalon.core.webui.keyword.builtin.ClickKeyword.clickUntilSuccessWithTimeout(ClickKeyword.groovy)
	at jdk.internal.reflect.GeneratedMethodAccessor20.invoke(Unknown Source)
	at java.base/jdk.internal.reflect.DelegatingMethodAccessorImpl.invoke(DelegatingMethodAccessorImpl.java:43)
	at com.kms.katalon.core.webui.keyword.builtin.ClickKeyword$_click_closure1.doCall(ClickKeyword.groovy:67)
	at com.kms.katalon.core.webui.keyword.builtin.ClickKeyword$_click_closure1.call(ClickKeyword.groovy)
	at com.kms.katalon.core.webui.keyword.internal.WebUIKeywordMain.runKeyword(WebUIKeywordMain.groovy:20)
	... 20 more]]></system-err>
      </testcase>
      <testcase name="Test Cases/IntegratedWeb/IWP25/Payments/VerifyEditReceiptLabelsDeferredCC" time="83.802" classname="Test Cases/IntegratedWeb/IWP25/Payments/VerifyEditReceiptLabelsDeferredCC" status="PASSED">
         <system-out><![CDATA[25-09-2024T14:07:17 - [TEST_CASE][PASSED] - Test Cases/IntegratedWeb/IWP25/Payments/VerifyEditReceiptLabelsDeferredCC: Test Cases/IntegratedWeb/IWP25/Payments/VerifyEditReceiptLabelsDeferredCC

25-09-2024T14:07:17 - [TEST_STEP][PASSED] - resText = "Fail": null

25-09-2024T14:07:17 - [TEST_STEP][PASSED] - resColumn = "Result": null

25-09-2024T14:07:17 - [TEST_STEP][PASSED] - datCloumn = "Date": null

25-09-2024T14:07:17 - [TEST_STEP][PASSED] - fileLoc = "KatalonData/IWPTestData/VRelay25PaymentsExtension.xlsx": null

25-09-2024T14:07:17 - [TEST_STEP][PASSED] - numOfRows = <not implemented yet for class: org.codehaus.groovy.ast.expr.EmptyExpression>: null

25-09-2024T14:07:17 - [TEST_STEP][PASSED] - nameSheet = <not implemented yet for class: org.codehaus.groovy.ast.expr.EmptyExpression>: null

25-09-2024T14:07:17 - [TEST_STEP][PASSED] - dataFileEmulator = <not implemented yet for class: org.codehaus.groovy.ast.expr.EmptyExpression>: null

25-09-2024T14:07:17 - [TEST_STEP][PASSED] - isRequiredTextPresent = false: null

25-09-2024T14:07:17 - [TEST_STEP][PASSED] - nameSheet = "VerifyEditLabelDeferredCredit": null

25-09-2024T14:07:17 - [TEST_STEP][PASSED] - dataFile = getExcelDataWithDefaultSheet("KatalonData/IWPTestData/VRelay25PaymentsExtension.xlsx", nameSheet, true): null

25-09-2024T14:07:17 - [TEST_STEP][PASSED] - dataFileEmulator = "IWPTestData/EmulatorData": null

25-09-2024T14:07:17 - [TEST_STEP][PASSED] - numOfRows = dataFile.getRowNumbers(): null

25-09-2024T14:07:17 - [TEST_STEP][PASSED] - println("Number of Records: " + numOfRows): null

25-09-2024T14:07:17 - [TEST_STEP][PASSED] - columnNames = dataFile.getColumnNames(): null

25-09-2024T14:07:17 - [TEST_STEP][PASSED] - println(columnNames[0]): null

25-09-2024T14:07:17 - [TEST_STEP][PASSED] - for ([row = 1, row <= numOfRows, (row++)]): Browser is closed

25-09-2024T14:07:17 - [TEST_STEP][PASSED] - ExecuteTC = dataFile.getValue("Execute", row): null

25-09-2024T14:07:17 - [TEST_STEP][PASSED] - out.println("Value of Execute is : " + ExecuteTC): null

25-09-2024T14:07:17 - [TEST_STEP][PASSED] - if (ExecuteTC.equalsIgnoreCase("Y")): null

25-09-2024T14:07:17 - [TEST_STEP][PASSED] - out.println("Begin Record Number: " + row): null

25-09-2024T14:07:17 - [TEST_STEP][PASSED] - today = new java.util.Date(): null

25-09-2024T14:07:17 - [TEST_STEP][PASSED] - println(today): null

25-09-2024T14:07:17 - [TEST_STEP][PASSED] - datText = today: null

25-09-2024T14:07:17 - [TEST_STEP][PASSED] - EmulatorDataKey = dataFile.getValue("EmulatorData", row): null

25-09-2024T14:07:17 - [TEST_STEP][PASSED] - out.println("Value of Emulator Key is : " + EmulatorDataKey): null

25-09-2024T14:07:17 - [TEST_STEP][PASSED] - iwpPages.emulatorIWP30.setDataEmulator_DD(EmulatorDataKey): iwpPages.emulatorIWP30.setDataEmulator_DD is PASSED

25-09-2024T14:07:18 - [MESSAGE][INFO] - Starting 'Edge Chromium' driver

25-09-2024T14:07:18 - [MESSAGE][INFO] - User set preference: ['acceptInsecureCerts', 'true']

25-09-2024T14:07:20 - [MESSAGE][INFO] - Action delay is set to 0 milliseconds

25-09-2024T14:07:23 - [MESSAGE][PASSED] - Browser is opened with url: 'https://qa.velocitypayment.com/agency/config.do?action=editor&message_version=2_5'

25-09-2024T14:07:23 - [MESSAGE][PASSED] - Current window maximized

25-09-2024T14:07:24 - [MESSAGE][PASSED] - All options with value '2.5' are selected in object 'Object Repository/IWP30/Page_VRelay30Emulator/MV'  using regular expression

25-09-2024T14:07:25 - [MESSAGE][PASSED] - Text '10.50' is set on object 'Object Repository/IWP30/Page_VRelay30Emulator/Amount'

25-09-2024T14:07:25 - [MESSAGE][PASSED] - Text 'FmzVXeKENTrK' is set on object 'Object Repository/IWP30/Page_VRelay30Emulator/CAN'

25-09-2024T14:07:26 - [MESSAGE][PASSED] - Text 'PayNow' is set on object 'Object Repository/IWP30/Page_VRelay30Emulator/Action'

25-09-2024T14:07:27 - [MESSAGE][PASSED] - Text 'en_US' is set on object 'Object Repository/IWP30/Page_VRelay30Emulator/Lang'

25-09-2024T14:07:27 - [MESSAGE][PASSED] - Text '' is set on object 'Object Repository/IWP30/Page_VRelay30Emulator/Fname'

25-09-2024T14:07:28 - [MESSAGE][PASSED] - Text '' is set on object 'Object Repository/IWP30/Page_VRelay30Emulator/Lname'

25-09-2024T14:07:29 - [MESSAGE][PASSED] - Text '' is set on object 'Object Repository/IWP30/Page_VRelay30Emulator/AL1'

25-09-2024T14:07:29 - [MESSAGE][PASSED] - Text '' is set on object 'Object Repository/IWP30/Page_VRelay30Emulator/AL2'

25-09-2024T14:07:30 - [MESSAGE][PASSED] - Text '' is set on object 'Object Repository/IWP30/Page_VRelay30Emulator/Country'

25-09-2024T14:07:31 - [MESSAGE][PASSED] - Text '' is set on object 'Object Repository/IWP30/Page_VRelay30Emulator/City'

25-09-2024T14:07:31 - [MESSAGE][PASSED] - Text '' is set on object 'Object Repository/IWP30/Page_VRelay30Emulator/State'

25-09-2024T14:07:32 - [MESSAGE][PASSED] - Text '' is set on object 'Object Repository/IWP30/Page_VRelay30Emulator/ZIP'

25-09-2024T14:07:32 - [MESSAGE][PASSED] - Text '' is set on object 'Object Repository/IWP30/Page_VRelay30Emulator/Order'

25-09-2024T14:07:33 - [MESSAGE][PASSED] - Text '' is set on object 'Object Repository/IWP30/Page_VRelay30Emulator/Company'

25-09-2024T14:07:34 - [MESSAGE][PASSED] - Text '' is set on object 'Object Repository/IWP30/Page_VRelay30Emulator/Email'

25-09-2024T14:07:34 - [MESSAGE][PASSED] - Text '' is set on object 'Object Repository/IWP30/Page_VRelay30Emulator/UDF1'

25-09-2024T14:07:35 - [MESSAGE][PASSED] - Text '' is set on object 'Object Repository/IWP30/Page_VRelay30Emulator/UDF2'

25-09-2024T14:07:35 - [MESSAGE][PASSED] - Text '' is set on object 'Object Repository/IWP30/Page_VRelay30Emulator/UDF3'

25-09-2024T14:07:36 - [MESSAGE][PASSED] - Text 'udf data 4' is set on object 'Object Repository/IWP30/Page_VRelay30Emulator/UDF4'

25-09-2024T14:07:36 - [MESSAGE][PASSED] - Text 'udf data 5' is set on object 'Object Repository/IWP30/Page_VRelay30Emulator/UDF5'

25-09-2024T14:07:37 - [MESSAGE][PASSED] - Text '' is set on object 'Object Repository/IWP30/Page_VRelay30Emulator/UDF6'

25-09-2024T14:07:38 - [MESSAGE][PASSED] - Text '' is set on object 'Object Repository/IWP30/Page_VRelay30Emulator/UDF7'

25-09-2024T14:07:38 - [MESSAGE][PASSED] - Text '' is set on object 'Object Repository/IWP30/Page_VRelay30Emulator/UDF8'

25-09-2024T14:07:39 - [MESSAGE][PASSED] - Text 'udf data 9' is set on object 'Object Repository/IWP30/Page_VRelay30Emulator/UDF9'

25-09-2024T14:07:39 - [MESSAGE][PASSED] - Text 'udf data 10' is set on object 'Object Repository/IWP30/Page_VRelay30Emulator/UDF10'

25-09-2024T14:07:41 - [MESSAGE][PASSED] - Object: 'Object Repository/IWP30/Page_VRelay30Emulator/Submit' is clicked on

25-09-2024T14:07:45 - [MESSAGE][PASSED] - Browser is closed

25-09-2024T14:07:49 - [MESSAGE][PASSED] - iwpPages.emulatorIWP30.setDataEmulator_DD is PASSED

25-09-2024T14:07:49 - [TEST_STEP][PASSED] - testHarnessURL = urlTestHarness: null

25-09-2024T14:07:49 - [TEST_STEP][PASSED] - openBrowser(testHarnessURL): Browser is opened with url: 'https://dev-algorithm.govolution.com/vrelaytest/QA/version_2_2/vrelaytest.html'

25-09-2024T14:07:49 - [MESSAGE][INFO] - Starting 'Edge Chromium' driver

25-09-2024T14:07:49 - [MESSAGE][INFO] - User set preference: ['acceptInsecureCerts', 'true']

25-09-2024T14:07:51 - [MESSAGE][INFO] - Action delay is set to 0 milliseconds

25-09-2024T14:07:55 - [MESSAGE][PASSED] - Browser is opened with url: 'https://dev-algorithm.govolution.com/vrelaytest/QA/version_2_2/vrelaytest.html'

25-09-2024T14:07:55 - [TEST_STEP][PASSED] - maximizeWindow(): Current window maximized

25-09-2024T14:07:55 - [MESSAGE][PASSED] - Current window maximized

25-09-2024T14:07:55 - [TEST_STEP][PASSED] - iwpPages.TestHarnessPage.setDataMethodEF(row, dataFile): iwpPages.TestHarnessPage.setDataMethodEF is PASSED

25-09-2024T14:07:55 - [MESSAGE][PASSED] - Object 'Object Repository/IWP30/Page_QATestHarness/RemittanceID' is present

25-09-2024T14:07:56 - [MESSAGE][PASSED] - Text '638' is set on object 'Object Repository/IWP30/Page_QATestHarness/ApplicationID'

25-09-2024T14:07:56 - [MESSAGE][PASSED] - Text '2.5' is set on object 'Object Repository/IWP30/Page_QATestHarness/MessageVersion'

25-09-2024T14:07:57 - [MESSAGE][PASSED] - Text 'DJK2d8zhNzRF' is set on object 'Object Repository/IWP30/Page_QATestHarness/RemittanceID'

25-09-2024T14:08:00 - [MESSAGE][PASSED] - Object: 'Object Repository/IWP30/Page_QATestHarness/SubmitButton' is clicked on

25-09-2024T14:08:00 - [MESSAGE][PASSED] - iwpPages.TestHarnessPage.setDataMethodEF is PASSED

25-09-2024T14:08:00 - [TEST_STEP][PASSED] - click(findTestObject("Object Repository/IWP30/Page_SelectPaymentMethod/PayByCreditCard")): Object: 'Object Repository/IWP30/Page_SelectPaymentMethod/PayByCreditCard' is clicked on

25-09-2024T14:08:00 - [MESSAGE][PASSED] - Object: 'Object Repository/IWP30/Page_SelectPaymentMethod/PayByCreditCard' is clicked on

25-09-2024T14:08:01 - [TEST_STEP][PASSED] - click(findTestObject("Object Repository/IWP30/Page_SelectPaymentMethod/MakePaymentButton")): Object: 'Object Repository/IWP30/Page_SelectPaymentMethod/MakePaymentButton' is clicked on

25-09-2024T14:08:02 - [MESSAGE][PASSED] - Object: 'Object Repository/IWP30/Page_SelectPaymentMethod/MakePaymentButton' is clicked on

25-09-2024T14:08:02 - [TEST_STEP][PASSED] - iwpPages.ccPaymentEntryPage.setDataCCPM(row, dataFile): iwpPages.ccPaymentEntryPage.setDataCCPM is PASSED

25-09-2024T14:08:02 - [MESSAGE][PASSED] - Object 'Object Repository/IWP30/Page_CCPaymentEntry/Name' is present

25-09-2024T14:08:03 - [MESSAGE][PASSED] - Text '10.50' is set on object 'Object Repository/IWP30/Page_CCPaymentEntry/Amount'

25-09-2024T14:08:04 - [MESSAGE][PASSED] - Text 'udf data 2' is set on object 'Object Repository/IWP30/Page_CCPaymentEntry/UserDefined2'

25-09-2024T14:08:04 - [MESSAGE][PASSED] - Text 'udf data 3' is set on object 'Object Repository/IWP30/Page_CCPaymentEntry/UserDefined3'

25-09-2024T14:08:05 - [MESSAGE][PASSED] - All options with label 'Orange' are selected in object 'Object Repository/IWP30/Page_CCPaymentEntry/UserDefined7' 

25-09-2024T14:08:05 - [MESSAGE][PASSED] - All options with label 'Soccer' are selected in object 'Object Repository/IWP30/Page_CCPaymentEntry/UserDefined8' 

25-09-2024T14:08:06 - [MESSAGE][PASSED] - Object 'Object Repository/IWP30/Page_CCPaymentEntry/Name' is present

25-09-2024T14:08:06 - [MESSAGE][PASSED] - Text 'Kavita Ranawati' is set on object 'Object Repository/IWP30/Page_CCPaymentEntry/Name'

25-09-2024T14:08:07 - [MESSAGE][PASSED] - Object 'Object Repository/IWP30/Page_CCPaymentEntry/CardNumber' is present

25-09-2024T14:08:07 - [MESSAGE][PASSED] - Text '4111111111111111' is set on object 'Object Repository/IWP30/Page_CCPaymentEntry/CardNumber'

25-09-2024T14:08:08 - [MESSAGE][PASSED] - Text '123' is set on object 'Object Repository/IWP30/Page_CCPaymentEntry/SPC'

25-09-2024T14:08:09 - [MESSAGE][PASSED] - Object 'Object Repository/IWP30/Page_CCPaymentEntry/Month' is present

25-09-2024T14:08:09 - [MESSAGE][PASSED] - All options with label '01' are selected in object 'Object Repository/IWP30/Page_CCPaymentEntry/Month' 

25-09-2024T14:08:10 - [MESSAGE][PASSED] - Object 'Object Repository/IWP30/Page_CCPaymentEntry/Year' is present

25-09-2024T14:08:10 - [MESSAGE][PASSED] - All options with label '2028' are selected in object 'Object Repository/IWP30/Page_CCPaymentEntry/Year' 

25-09-2024T14:08:10 - [MESSAGE][PASSED] - Execute JavaScript '
				   document.getElementById('processDate').value = '08/09/2025'
				  ' successfully

25-09-2024T14:08:11 - [MESSAGE][PASSED] - Text '365 Main Avenue' is set on object 'Object Repository/IWP30/Page_CCPaymentEntry/AL1'

25-09-2024T14:08:11 - [MESSAGE][PASSED] - Text 'Ohio' is set on object 'Object Repository/IWP30/Page_CCPaymentEntry/AL2'

25-09-2024T14:08:12 - [MESSAGE][PASSED] - Text '22201' is set on object 'Object Repository/IWP30/Page_CCPaymentEntry/ZIP'

25-09-2024T14:08:12 - [MESSAGE][PASSED] - Object 'Object Repository/IWP30/Page_CCPaymentEntry/EmailAddress' is present

25-09-2024T14:08:13 - [MESSAGE][PASSED] - Text 'iahmed@govolution.com' is set on object 'Object Repository/IWP30/Page_CCPaymentEntry/EmailAddress'

25-09-2024T14:08:13 - [MESSAGE][PASSED] - Object 'Object Repository/IWP30/Page_CCPaymentEntry/TermCondCheckBox' is present

25-09-2024T14:08:14 - [MESSAGE][PASSED] - Object 'Object Repository/IWP30/Page_CCPaymentEntry/TermCondCheckBox' is checked

25-09-2024T14:08:14 - [MESSAGE][PASSED] - Object 'Object Repository/IWP30/Page_CCPaymentEntry/ContinueButton' is present

25-09-2024T14:08:15 - [MESSAGE][PASSED] - Object: 'Object Repository/IWP30/Page_CCPaymentEntry/ContinueButton' is clicked on

25-09-2024T14:08:15 - [MESSAGE][PASSED] - iwpPages.ccPaymentEntryPage.setDataCCPM is PASSED

25-09-2024T14:08:15 - [TEST_STEP][PASSED] - click(findTestObject("Object Repository/IWP30/Page_Confirmation/ConfirmButton")): Object: 'Object Repository/IWP30/Page_Confirmation/ConfirmButton' is clicked on

25-09-2024T14:08:17 - [MESSAGE][PASSED] - Object: 'Object Repository/IWP30/Page_Confirmation/ConfirmButton' is clicked on

25-09-2024T14:08:17 - [TEST_STEP][PASSED] - Thread.sleep(2000): null

25-09-2024T14:08:19 - [TEST_STEP][PASSED] - if (verifyTextPresent("Deferred", false)): null

25-09-2024T14:08:20 - [MESSAGE][PASSED] - Text 'Deferred' is present on page 

25-09-2024T14:08:20 - [TEST_STEP][PASSED] - click(findTestObject("Object Repository/IWP30/Page_Receipt/ViewScheduledPaymentsButton")): Object: 'Object Repository/IWP30/Page_Receipt/ViewScheduledPaymentsButton' is clicked on

25-09-2024T14:08:20 - [MESSAGE][PASSED] - Object: 'Object Repository/IWP30/Page_Receipt/ViewScheduledPaymentsButton' is clicked on

25-09-2024T14:08:20 - [TEST_STEP][PASSED] - switchToWindowTitle("View Scheduled Payments"): Switched to window with title: 'View Scheduled Payments'

25-09-2024T14:08:20 - [MESSAGE][PASSED] - Switched to window with title: 'View Scheduled Payments'

25-09-2024T14:08:20 - [TEST_STEP][PASSED] - Thread.sleep(5000): null

25-09-2024T14:08:25 - [TEST_STEP][PASSED] - if (verifyTextPresent("View Scheduled Payments", false)): null

25-09-2024T14:08:25 - [MESSAGE][PASSED] - Text 'View Scheduled Payments' is present on page 

25-09-2024T14:08:25 - [TEST_STEP][PASSED] - click(findTestObject("Object Repository/IWP30/Page_ScheduledPayments/edit_payment")): Object: 'Object Repository/IWP30/Page_ScheduledPayments/edit_payment' is clicked on

25-09-2024T14:08:27 - [MESSAGE][PASSED] - Object: 'Object Repository/IWP30/Page_ScheduledPayments/edit_payment' is clicked on

25-09-2024T14:08:27 - [TEST_STEP][PASSED] - iwpPages.editSchedulePayment.setDataSchedPaymentEF(row, dataFile): iwpPages.editSchedulePayment.setDataSchedPaymentEF is PASSED

25-09-2024T14:08:28 - [MESSAGE][PASSED] - Text 'Edit Payment Plan' is present on page 

25-09-2024T14:08:29 - [MESSAGE][PASSED] - All options with label 'Orange' are selected in object 'Object Repository/IWP30/Page_CCPaymentEntry/UserDefined7' 

25-09-2024T14:08:29 - [MESSAGE][PASSED] - All options with label 'Soccer' are selected in object 'Object Repository/IWP30/Page_CCPaymentEntry/UserDefined8' 

25-09-2024T14:08:30 - [MESSAGE][PASSED] - Text '123' is set on object 'Object Repository/IWP30/Page_CCPaymentEntry/SPC'

25-09-2024T14:08:30 - [MESSAGE][PASSED] - Execute JavaScript '
				   document.getElementById('processDate').value = '08/09/2045'
				  ' successfully

25-09-2024T14:08:30 - [MESSAGE][PASSED] - iwpPages.editSchedulePayment.setDataSchedPaymentEF is PASSED

25-09-2024T14:08:30 - [TEST_STEP][PASSED] - click(findTestObject("Object Repository/Page_EditSchedPayment/chkbox_acceptterms")): Object: 'Object Repository/Page_EditSchedPayment/chkbox_acceptterms' is clicked on

25-09-2024T14:08:30 - [MESSAGE][PASSED] - Object: 'Object Repository/Page_EditSchedPayment/chkbox_acceptterms' is clicked on

25-09-2024T14:08:30 - [TEST_STEP][PASSED] - click(findTestObject("Object Repository/Page_EditSchedPayment/btn_update")): Object: 'Object Repository/Page_EditSchedPayment/btn_update' is clicked on

25-09-2024T14:08:32 - [MESSAGE][PASSED] - Object: 'Object Repository/Page_EditSchedPayment/btn_update' is clicked on

25-09-2024T14:08:32 - [TEST_STEP][PASSED] - if (verifyTextPresent("Successful Payment Plan Update", false)): null

25-09-2024T14:08:33 - [MESSAGE][PASSED] - Text 'Successful Payment Plan Update' is present on page 

25-09-2024T14:08:33 - [TEST_STEP][PASSED] - isRequiredTextPresent = true: null

25-09-2024T14:08:33 - [TEST_STEP][PASSED] - println(isRequiredTextPresent): null

25-09-2024T14:08:33 - [TEST_STEP][PASSED] - if (isRequiredTextPresent): null

25-09-2024T14:08:33 - [TEST_STEP][PASSED] - if (verifyTextPresent("CAN Label:", false)): null

25-09-2024T14:08:33 - [MESSAGE][PASSED] - Text 'CAN Label:' is present on page 

25-09-2024T14:08:33 - [TEST_STEP][PASSED] - isRequiredTextPresent = true: null

25-09-2024T14:08:33 - [TEST_STEP][PASSED] - println(isRequiredTextPresent): null

25-09-2024T14:08:33 - [TEST_STEP][PASSED] - if (isRequiredTextPresent): null

25-09-2024T14:08:33 - [TEST_STEP][PASSED] - if (verifyTextPresent("Remittance ID:", false)): null

25-09-2024T14:08:34 - [MESSAGE][PASSED] - Text 'Remittance ID:' is present on page 

25-09-2024T14:08:34 - [TEST_STEP][PASSED] - isRequiredTextPresent = true: null

25-09-2024T14:08:34 - [TEST_STEP][PASSED] - println(isRequiredTextPresent): null

25-09-2024T14:08:34 - [TEST_STEP][PASSED] - if (isRequiredTextPresent): null

25-09-2024T14:08:34 - [TEST_STEP][PASSED] - if (verifyTextPresent("UDF2 Label:", false)): null

25-09-2024T14:08:34 - [MESSAGE][PASSED] - Text 'UDF2 Label:' is present on page 

25-09-2024T14:08:34 - [TEST_STEP][PASSED] - isRequiredTextPresent = true: null

25-09-2024T14:08:34 - [TEST_STEP][PASSED] - println(isRequiredTextPresent): null

25-09-2024T14:08:34 - [TEST_STEP][PASSED] - if (isRequiredTextPresent): null

25-09-2024T14:08:34 - [TEST_STEP][PASSED] - if (verifyTextPresent("UDF3 Label:", false)): null

25-09-2024T14:08:34 - [MESSAGE][PASSED] - Text 'UDF3 Label:' is present on page 

25-09-2024T14:08:34 - [TEST_STEP][PASSED] - isRequiredTextPresent = true: null

25-09-2024T14:08:34 - [TEST_STEP][PASSED] - println(isRequiredTextPresent): null

25-09-2024T14:08:34 - [TEST_STEP][PASSED] - if (isRequiredTextPresent): null

25-09-2024T14:08:34 - [TEST_STEP][PASSED] - if (verifyTextPresent("UDF4 Label:", false)): null

25-09-2024T14:08:34 - [MESSAGE][PASSED] - Text 'UDF4 Label:' is present on page 

25-09-2024T14:08:34 - [TEST_STEP][PASSED] - isRequiredTextPresent = true: null

25-09-2024T14:08:34 - [TEST_STEP][PASSED] - println(isRequiredTextPresent): null

25-09-2024T14:08:34 - [TEST_STEP][PASSED] - if (isRequiredTextPresent): null

25-09-2024T14:08:34 - [TEST_STEP][PASSED] - if (verifyTextPresent("UDF7 Label:", false)): null

25-09-2024T14:08:35 - [MESSAGE][PASSED] - Text 'UDF7 Label:' is present on page 

25-09-2024T14:08:35 - [TEST_STEP][PASSED] - isRequiredTextPresent = true: null

25-09-2024T14:08:35 - [TEST_STEP][PASSED] - println(isRequiredTextPresent): null

25-09-2024T14:08:35 - [TEST_STEP][PASSED] - if (isRequiredTextPresent): null

25-09-2024T14:08:35 - [TEST_STEP][PASSED] - if (verifyTextPresent("UDF8 Label:", false)): null

25-09-2024T14:08:35 - [MESSAGE][PASSED] - Text 'UDF8 Label:' is present on page 

25-09-2024T14:08:35 - [TEST_STEP][PASSED] - isRequiredTextPresent = true: null

25-09-2024T14:08:35 - [TEST_STEP][PASSED] - println(isRequiredTextPresent): null

25-09-2024T14:08:35 - [TEST_STEP][PASSED] - if (isRequiredTextPresent): null

25-09-2024T14:08:35 - [TEST_STEP][PASSED] - if (verifyTextPresent("UDF9 Label:", false)): null

25-09-2024T14:08:35 - [MESSAGE][PASSED] - Text 'UDF9 Label:' is present on page 

25-09-2024T14:08:35 - [TEST_STEP][PASSED] - isRequiredTextPresent = true: null

25-09-2024T14:08:35 - [TEST_STEP][PASSED] - println(isRequiredTextPresent): null

25-09-2024T14:08:35 - [TEST_STEP][PASSED] - if (isRequiredTextPresent): null

25-09-2024T14:08:35 - [TEST_STEP][PASSED] - if (verifyTextPresent("Transaction Type:", false)): null

25-09-2024T14:08:35 - [MESSAGE][PASSED] - Text 'Transaction Type:' is present on page 

25-09-2024T14:08:35 - [TEST_STEP][PASSED] - isRequiredTextPresent = true: null

25-09-2024T14:08:35 - [TEST_STEP][PASSED] - println(isRequiredTextPresent): null

25-09-2024T14:08:35 - [TEST_STEP][PASSED] - if (isRequiredTextPresent): null

25-09-2024T14:08:35 - [TEST_STEP][PASSED] - if (verifyTextPresent("Amount:", false)): null

25-09-2024T14:08:36 - [MESSAGE][PASSED] - Text 'Amount:' is present on page 

25-09-2024T14:08:36 - [TEST_STEP][PASSED] - isRequiredTextPresent = true: null

25-09-2024T14:08:36 - [TEST_STEP][PASSED] - println(isRequiredTextPresent): null

25-09-2024T14:08:36 - [TEST_STEP][PASSED] - if (isRequiredTextPresent): null

25-09-2024T14:08:36 - [TEST_STEP][PASSED] - if (verifyTextPresent("Card Information:", false)): null

25-09-2024T14:08:36 - [MESSAGE][PASSED] - Text 'Card Information:' is present on page 

25-09-2024T14:08:36 - [TEST_STEP][PASSED] - isRequiredTextPresent = true: null

25-09-2024T14:08:36 - [TEST_STEP][PASSED] - println(isRequiredTextPresent): null

25-09-2024T14:08:36 - [TEST_STEP][PASSED] - if (isRequiredTextPresent): null

25-09-2024T14:08:36 - [TEST_STEP][PASSED] - if (verifyTextPresent("Card Type:", false)): null

25-09-2024T14:08:36 - [MESSAGE][PASSED] - Text 'Card Type:' is present on page 

25-09-2024T14:08:36 - [TEST_STEP][PASSED] - isRequiredTextPresent = true: null

25-09-2024T14:08:36 - [TEST_STEP][PASSED] - println(isRequiredTextPresent): null

25-09-2024T14:08:36 - [TEST_STEP][PASSED] - if (isRequiredTextPresent): null

25-09-2024T14:08:36 - [TEST_STEP][PASSED] - if (verifyTextPresent("Name of Account:", false)): null

25-09-2024T14:08:37 - [MESSAGE][PASSED] - Text 'Name of Account:' is present on page 

25-09-2024T14:08:37 - [TEST_STEP][PASSED] - isRequiredTextPresent = true: null

25-09-2024T14:08:37 - [TEST_STEP][PASSED] - println(isRequiredTextPresent): null

25-09-2024T14:08:37 - [TEST_STEP][PASSED] - if (isRequiredTextPresent): null

25-09-2024T14:08:37 - [TEST_STEP][PASSED] - if (verifyTextPresent("Card Number:", false)): null

25-09-2024T14:08:37 - [MESSAGE][PASSED] - Text 'Card Number:' is present on page 

25-09-2024T14:08:37 - [TEST_STEP][PASSED] - isRequiredTextPresent = true: null

25-09-2024T14:08:37 - [TEST_STEP][PASSED] - println(isRequiredTextPresent): null

25-09-2024T14:08:37 - [TEST_STEP][PASSED] - if (isRequiredTextPresent): null

25-09-2024T14:08:37 - [TEST_STEP][PASSED] - if (verifyTextPresent("Expiration Date:", false)): null

25-09-2024T14:08:37 - [MESSAGE][PASSED] - Text 'Expiration Date:' is present on page 

25-09-2024T14:08:37 - [TEST_STEP][PASSED] - isRequiredTextPresent = true: null

25-09-2024T14:08:37 - [TEST_STEP][PASSED] - println(isRequiredTextPresent): null

25-09-2024T14:08:37 - [TEST_STEP][PASSED] - if (isRequiredTextPresent): null

25-09-2024T14:08:37 - [TEST_STEP][PASSED] - if (verifyTextPresent("Billing Information:", false)): null

25-09-2024T14:08:37 - [MESSAGE][PASSED] - Text 'Billing Information:' is present on page 

25-09-2024T14:08:37 - [TEST_STEP][PASSED] - isRequiredTextPresent = true: null

25-09-2024T14:08:37 - [TEST_STEP][PASSED] - println(isRequiredTextPresent): null

25-09-2024T14:08:37 - [TEST_STEP][PASSED] - if (isRequiredTextPresent): null

25-09-2024T14:08:37 - [TEST_STEP][PASSED] - if (verifyTextPresent("Address Line 1:", false)): null

25-09-2024T14:08:38 - [MESSAGE][PASSED] - Text 'Address Line 1:' is present on page 

25-09-2024T14:08:38 - [TEST_STEP][PASSED] - isRequiredTextPresent = true: null

25-09-2024T14:08:38 - [TEST_STEP][PASSED] - println(isRequiredTextPresent): null

25-09-2024T14:08:38 - [TEST_STEP][PASSED] - if (isRequiredTextPresent): null

25-09-2024T14:08:38 - [TEST_STEP][PASSED] - if (verifyTextPresent("Address Line 2:", false)): null

25-09-2024T14:08:38 - [MESSAGE][PASSED] - Text 'Address Line 2:' is present on page 

25-09-2024T14:08:38 - [TEST_STEP][PASSED] - isRequiredTextPresent = true: null

25-09-2024T14:08:38 - [TEST_STEP][PASSED] - println(isRequiredTextPresent): null

25-09-2024T14:08:38 - [TEST_STEP][PASSED] - if (isRequiredTextPresent): null

25-09-2024T14:08:38 - [TEST_STEP][PASSED] - if (verifyTextPresent("Country:", false)): null

25-09-2024T14:08:38 - [MESSAGE][PASSED] - Text 'Country:' is present on page 

25-09-2024T14:08:38 - [TEST_STEP][PASSED] - isRequiredTextPresent = true: null

25-09-2024T14:08:38 - [TEST_STEP][PASSED] - println(isRequiredTextPresent): null

25-09-2024T14:08:38 - [TEST_STEP][PASSED] - if (isRequiredTextPresent): null

25-09-2024T14:08:38 - [TEST_STEP][PASSED] - if (verifyTextPresent("City:", false)): null

25-09-2024T14:08:39 - [MESSAGE][PASSED] - Text 'City:' is present on page 

25-09-2024T14:08:39 - [TEST_STEP][PASSED] - isRequiredTextPresent = true: null

25-09-2024T14:08:39 - [TEST_STEP][PASSED] - println(isRequiredTextPresent): null

25-09-2024T14:08:39 - [TEST_STEP][PASSED] - if (isRequiredTextPresent): null

25-09-2024T14:08:39 - [TEST_STEP][PASSED] - if (verifyTextPresent("State:", false)): null

25-09-2024T14:08:39 - [MESSAGE][PASSED] - Text 'State:' is present on page 

25-09-2024T14:08:39 - [TEST_STEP][PASSED] - isRequiredTextPresent = true: null

25-09-2024T14:08:39 - [TEST_STEP][PASSED] - println(isRequiredTextPresent): null

25-09-2024T14:08:39 - [TEST_STEP][PASSED] - if (isRequiredTextPresent): null

25-09-2024T14:08:39 - [TEST_STEP][PASSED] - if (verifyTextPresent("Zip Code:", false)): null

25-09-2024T14:08:39 - [MESSAGE][PASSED] - Text 'Zip Code:' is present on page 

25-09-2024T14:08:39 - [TEST_STEP][PASSED] - isRequiredTextPresent = true: null

25-09-2024T14:08:39 - [TEST_STEP][PASSED] - println(isRequiredTextPresent): null

25-09-2024T14:08:39 - [TEST_STEP][PASSED] - if (isRequiredTextPresent): null

25-09-2024T14:08:39 - [TEST_STEP][PASSED] - if (verifyTextPresent("Plan Information:", false)): null

25-09-2024T14:08:39 - [MESSAGE][PASSED] - Text 'Plan Information:' is present on page 

25-09-2024T14:08:39 - [TEST_STEP][PASSED] - isRequiredTextPresent = true: null

25-09-2024T14:08:39 - [TEST_STEP][PASSED] - println(isRequiredTextPresent): null

25-09-2024T14:08:39 - [TEST_STEP][PASSED] - if (isRequiredTextPresent): null

25-09-2024T14:08:39 - [TEST_STEP][PASSED] - if (verifyTextPresent("Payment Plan Type:", false)): null

25-09-2024T14:08:40 - [MESSAGE][PASSED] - Text 'Payment Plan Type:' is present on page 

25-09-2024T14:08:40 - [TEST_STEP][PASSED] - isRequiredTextPresent = true: null

25-09-2024T14:08:40 - [TEST_STEP][PASSED] - println(isRequiredTextPresent): null

25-09-2024T14:08:40 - [TEST_STEP][PASSED] - if (isRequiredTextPresent): null

25-09-2024T14:08:40 - [TEST_STEP][PASSED] - if (verifyTextPresent("Payment Plan ID:", false)): null

25-09-2024T14:08:40 - [MESSAGE][PASSED] - Text 'Payment Plan ID:' is present on page 

25-09-2024T14:08:40 - [TEST_STEP][PASSED] - isRequiredTextPresent = true: null

25-09-2024T14:08:40 - [TEST_STEP][PASSED] - println(isRequiredTextPresent): null

25-09-2024T14:08:40 - [TEST_STEP][PASSED] - if (isRequiredTextPresent): null

25-09-2024T14:08:40 - [TEST_STEP][PASSED] - if (verifyTextPresent("Start Date:", false)): null

25-09-2024T14:08:40 - [MESSAGE][PASSED] - Text 'Start Date:' is present on page 

25-09-2024T14:08:40 - [TEST_STEP][PASSED] - isRequiredTextPresent = true: null

25-09-2024T14:08:40 - [TEST_STEP][PASSED] - println(isRequiredTextPresent): null

25-09-2024T14:08:40 - [TEST_STEP][PASSED] - if (isRequiredTextPresent == true): pages.WriteExcel.demoKey is PASSED

25-09-2024T14:08:40 - [TEST_STEP][PASSED] - println("All the relevant texts are present on Receipt Page"): null

25-09-2024T14:08:40 - [TEST_STEP][PASSED] - markPassed("All the relevant texts are present on Receipt Page"): All the relevant texts are present on Receipt Page

25-09-2024T14:08:40 - [MESSAGE][PASSED] - All the relevant texts are present on Receipt Page

25-09-2024T14:08:40 - [TEST_STEP][PASSED] - resText = "Pass": null

25-09-2024T14:08:40 - [TEST_STEP][PASSED] - pages.WriteExcel.demoKey(resText, datText, resColumn, datCloumn, fileLoc, nameSheet, row): pages.WriteExcel.demoKey is PASSED

25-09-2024T14:08:40 - [MESSAGE][PASSED] - pages.WriteExcel.demoKey is PASSED

25-09-2024T14:08:40 - [TEST_STEP][PASSED] - closeBrowser(): Browser is closed

25-09-2024T14:08:41 - [MESSAGE][PASSED] - Browser is closed]]></system-out>
         <system-err><![CDATA[]]></system-err>
      </testcase>
      <testcase name="Test Cases/IntegratedWeb/IWP25/Payments/VerifyEditReceiptLabelsDeferredCorp" time="84.273" classname="Test Cases/IntegratedWeb/IWP25/Payments/VerifyEditReceiptLabelsDeferredCorp" status="PASSED">
         <system-out><![CDATA[25-09-2024T14:08:41 - [TEST_CASE][PASSED] - Test Cases/IntegratedWeb/IWP25/Payments/VerifyEditReceiptLabelsDeferredCorp: Test Cases/IntegratedWeb/IWP25/Payments/VerifyEditReceiptLabelsDeferredCorp

25-09-2024T14:08:41 - [TEST_STEP][PASSED] - resText = "Fail": null

25-09-2024T14:08:41 - [TEST_STEP][PASSED] - resColumn = "Result": null

25-09-2024T14:08:41 - [TEST_STEP][PASSED] - datCloumn = "Date": null

25-09-2024T14:08:41 - [TEST_STEP][PASSED] - fileLoc = "KatalonData/IWPTestData/VRelay25PaymentsExtension.xlsx": null

25-09-2024T14:08:41 - [TEST_STEP][PASSED] - numOfRows = <not implemented yet for class: org.codehaus.groovy.ast.expr.EmptyExpression>: null

25-09-2024T14:08:41 - [TEST_STEP][PASSED] - nameSheet = <not implemented yet for class: org.codehaus.groovy.ast.expr.EmptyExpression>: null

25-09-2024T14:08:41 - [TEST_STEP][PASSED] - dataFileEmulator = <not implemented yet for class: org.codehaus.groovy.ast.expr.EmptyExpression>: null

25-09-2024T14:08:41 - [TEST_STEP][PASSED] - isRequiredTextPresent = false: null

25-09-2024T14:08:41 - [TEST_STEP][PASSED] - nameSheet = "VerifyEditLabelDeferredCorp": null

25-09-2024T14:08:41 - [TEST_STEP][PASSED] - dataFile = getExcelDataWithDefaultSheet("KatalonData/IWPTestData/VRelay25PaymentsExtension.xlsx", nameSheet, true): null

25-09-2024T14:08:41 - [TEST_STEP][PASSED] - dataFileEmulator = "IWPTestData/EmulatorData": null

25-09-2024T14:08:41 - [TEST_STEP][PASSED] - numOfRows = dataFile.getRowNumbers(): null

25-09-2024T14:08:41 - [TEST_STEP][PASSED] - println("Number of Records: " + numOfRows): null

25-09-2024T14:08:41 - [TEST_STEP][PASSED] - columnNames = dataFile.getColumnNames(): null

25-09-2024T14:08:41 - [TEST_STEP][PASSED] - println(columnNames[0]): null

25-09-2024T14:08:41 - [TEST_STEP][PASSED] - for ([row = 1, row <= numOfRows, (row++)]): Browser is closed

25-09-2024T14:08:41 - [TEST_STEP][PASSED] - ExecuteTC = dataFile.getValue("Execute", row): null

25-09-2024T14:08:41 - [TEST_STEP][PASSED] - out.println("Value of Execute is : " + ExecuteTC): null

25-09-2024T14:08:41 - [TEST_STEP][PASSED] - if (ExecuteTC.equalsIgnoreCase("Y")): null

25-09-2024T14:08:41 - [TEST_STEP][PASSED] - out.println("Begin Record Number: " + row): null

25-09-2024T14:08:41 - [TEST_STEP][PASSED] - today = new java.util.Date(): null

25-09-2024T14:08:41 - [TEST_STEP][PASSED] - println(today): null

25-09-2024T14:08:41 - [TEST_STEP][PASSED] - datText = today: null

25-09-2024T14:08:41 - [TEST_STEP][PASSED] - EmulatorDataKey = dataFile.getValue("EmulatorData", row): null

25-09-2024T14:08:41 - [TEST_STEP][PASSED] - out.println("Value of Emulator Key is : " + EmulatorDataKey): null

25-09-2024T14:08:41 - [TEST_STEP][PASSED] - iwpPages.emulatorIWP30.setDataEmulator_DD(EmulatorDataKey): iwpPages.emulatorIWP30.setDataEmulator_DD is PASSED

25-09-2024T14:08:42 - [MESSAGE][INFO] - Starting 'Edge Chromium' driver

25-09-2024T14:08:42 - [MESSAGE][INFO] - User set preference: ['acceptInsecureCerts', 'true']

25-09-2024T14:08:44 - [MESSAGE][INFO] - Action delay is set to 0 milliseconds

25-09-2024T14:08:47 - [MESSAGE][PASSED] - Browser is opened with url: 'https://qa.velocitypayment.com/agency/config.do?action=editor&message_version=2_5'

25-09-2024T14:08:47 - [MESSAGE][PASSED] - Current window maximized

25-09-2024T14:08:48 - [MESSAGE][PASSED] - All options with value '2.5' are selected in object 'Object Repository/IWP30/Page_VRelay30Emulator/MV'  using regular expression

25-09-2024T14:08:48 - [MESSAGE][PASSED] - Text '10.50' is set on object 'Object Repository/IWP30/Page_VRelay30Emulator/Amount'

25-09-2024T14:08:49 - [MESSAGE][PASSED] - Text 'p1JkCfStMYMl' is set on object 'Object Repository/IWP30/Page_VRelay30Emulator/CAN'

25-09-2024T14:08:50 - [MESSAGE][PASSED] - Text 'PayNow' is set on object 'Object Repository/IWP30/Page_VRelay30Emulator/Action'

25-09-2024T14:08:50 - [MESSAGE][PASSED] - Text 'en_US' is set on object 'Object Repository/IWP30/Page_VRelay30Emulator/Lang'

25-09-2024T14:08:51 - [MESSAGE][PASSED] - Text '' is set on object 'Object Repository/IWP30/Page_VRelay30Emulator/Fname'

25-09-2024T14:08:51 - [MESSAGE][PASSED] - Text '' is set on object 'Object Repository/IWP30/Page_VRelay30Emulator/Lname'

25-09-2024T14:08:52 - [MESSAGE][PASSED] - Text '' is set on object 'Object Repository/IWP30/Page_VRelay30Emulator/AL1'

25-09-2024T14:08:53 - [MESSAGE][PASSED] - Text '' is set on object 'Object Repository/IWP30/Page_VRelay30Emulator/AL2'

25-09-2024T14:08:53 - [MESSAGE][PASSED] - Text '' is set on object 'Object Repository/IWP30/Page_VRelay30Emulator/Country'

25-09-2024T14:08:54 - [MESSAGE][PASSED] - Text '' is set on object 'Object Repository/IWP30/Page_VRelay30Emulator/City'

25-09-2024T14:08:54 - [MESSAGE][PASSED] - Text '' is set on object 'Object Repository/IWP30/Page_VRelay30Emulator/State'

25-09-2024T14:08:55 - [MESSAGE][PASSED] - Text '' is set on object 'Object Repository/IWP30/Page_VRelay30Emulator/ZIP'

25-09-2024T14:08:55 - [MESSAGE][PASSED] - Text '' is set on object 'Object Repository/IWP30/Page_VRelay30Emulator/Order'

25-09-2024T14:08:56 - [MESSAGE][PASSED] - Text '' is set on object 'Object Repository/IWP30/Page_VRelay30Emulator/Company'

25-09-2024T14:08:57 - [MESSAGE][PASSED] - Text '' is set on object 'Object Repository/IWP30/Page_VRelay30Emulator/Email'

25-09-2024T14:08:57 - [MESSAGE][PASSED] - Text '' is set on object 'Object Repository/IWP30/Page_VRelay30Emulator/UDF1'

25-09-2024T14:08:58 - [MESSAGE][PASSED] - Text '' is set on object 'Object Repository/IWP30/Page_VRelay30Emulator/UDF2'

25-09-2024T14:08:58 - [MESSAGE][PASSED] - Text '' is set on object 'Object Repository/IWP30/Page_VRelay30Emulator/UDF3'

25-09-2024T14:08:59 - [MESSAGE][PASSED] - Text 'udf data 4' is set on object 'Object Repository/IWP30/Page_VRelay30Emulator/UDF4'

25-09-2024T14:09:00 - [MESSAGE][PASSED] - Text 'udf data 5' is set on object 'Object Repository/IWP30/Page_VRelay30Emulator/UDF5'

25-09-2024T14:09:00 - [MESSAGE][PASSED] - Text '' is set on object 'Object Repository/IWP30/Page_VRelay30Emulator/UDF6'

25-09-2024T14:09:01 - [MESSAGE][PASSED] - Text '' is set on object 'Object Repository/IWP30/Page_VRelay30Emulator/UDF7'

25-09-2024T14:09:01 - [MESSAGE][PASSED] - Text '' is set on object 'Object Repository/IWP30/Page_VRelay30Emulator/UDF8'

25-09-2024T14:09:02 - [MESSAGE][PASSED] - Text 'udf data 9' is set on object 'Object Repository/IWP30/Page_VRelay30Emulator/UDF9'

25-09-2024T14:09:02 - [MESSAGE][PASSED] - Text 'udf data 10' is set on object 'Object Repository/IWP30/Page_VRelay30Emulator/UDF10'

25-09-2024T14:09:04 - [MESSAGE][PASSED] - Object: 'Object Repository/IWP30/Page_VRelay30Emulator/Submit' is clicked on

25-09-2024T14:09:08 - [MESSAGE][PASSED] - Browser is closed

25-09-2024T14:09:12 - [MESSAGE][PASSED] - iwpPages.emulatorIWP30.setDataEmulator_DD is PASSED

25-09-2024T14:09:12 - [TEST_STEP][PASSED] - testHarnessURL = urlTestHarness: null

25-09-2024T14:09:12 - [TEST_STEP][PASSED] - openBrowser(testHarnessURL): Browser is opened with url: 'https://dev-algorithm.govolution.com/vrelaytest/QA/version_2_2/vrelaytest.html'

25-09-2024T14:09:12 - [MESSAGE][INFO] - Starting 'Edge Chromium' driver

25-09-2024T14:09:12 - [MESSAGE][INFO] - User set preference: ['acceptInsecureCerts', 'true']

25-09-2024T14:09:14 - [MESSAGE][INFO] - Action delay is set to 0 milliseconds

25-09-2024T14:09:18 - [MESSAGE][PASSED] - Browser is opened with url: 'https://dev-algorithm.govolution.com/vrelaytest/QA/version_2_2/vrelaytest.html'

25-09-2024T14:09:18 - [TEST_STEP][PASSED] - maximizeWindow(): Current window maximized

25-09-2024T14:09:18 - [MESSAGE][PASSED] - Current window maximized

25-09-2024T14:09:18 - [TEST_STEP][PASSED] - iwpPages.TestHarnessPage.setDataMethodEF(row, dataFile): iwpPages.TestHarnessPage.setDataMethodEF is PASSED

25-09-2024T14:09:18 - [MESSAGE][PASSED] - Object 'Object Repository/IWP30/Page_QATestHarness/RemittanceID' is present

25-09-2024T14:09:19 - [MESSAGE][PASSED] - Text '638' is set on object 'Object Repository/IWP30/Page_QATestHarness/ApplicationID'

25-09-2024T14:09:20 - [MESSAGE][PASSED] - Text '2.5' is set on object 'Object Repository/IWP30/Page_QATestHarness/MessageVersion'

25-09-2024T14:09:20 - [MESSAGE][PASSED] - Text 'tUemYIYts1yu' is set on object 'Object Repository/IWP30/Page_QATestHarness/RemittanceID'

25-09-2024T14:09:25 - [MESSAGE][PASSED] - Object: 'Object Repository/IWP30/Page_QATestHarness/SubmitButton' is clicked on

25-09-2024T14:09:25 - [MESSAGE][PASSED] - iwpPages.TestHarnessPage.setDataMethodEF is PASSED

25-09-2024T14:09:25 - [TEST_STEP][PASSED] - click(findTestObject("Object Repository/IWP30/Page_SelectPaymentMethod/PayByCorporateCheck")): Object: 'Object Repository/IWP30/Page_SelectPaymentMethod/PayByCorporateCheck' is clicked on

25-09-2024T14:09:25 - [MESSAGE][PASSED] - Object: 'Object Repository/IWP30/Page_SelectPaymentMethod/PayByCorporateCheck' is clicked on

25-09-2024T14:09:25 - [TEST_STEP][PASSED] - click(findTestObject("Object Repository/IWP30/Page_SelectPaymentMethod/MakePaymentButton")): Object: 'Object Repository/IWP30/Page_SelectPaymentMethod/MakePaymentButton' is clicked on

25-09-2024T14:09:27 - [MESSAGE][PASSED] - Object: 'Object Repository/IWP30/Page_SelectPaymentMethod/MakePaymentButton' is clicked on

25-09-2024T14:09:27 - [TEST_STEP][PASSED] - iwpPages.achCorporatePaymentEntryPage.setDataCorporate(row, dataFile): iwpPages.achCorporatePaymentEntryPage.setDataCorporate is PASSED

25-09-2024T14:09:27 - [MESSAGE][PASSED] - Object 'Object Repository/IWP30/Page_ACHCorporatePaymentEntry/txt_accountNumber' is present

25-09-2024T14:09:27 - [MESSAGE][PASSED] - Object 'Object Repository/IWP30/Page_ACHCorporatePaymentEntry/input_CompanyName' is present

25-09-2024T14:09:28 - [MESSAGE][PASSED] - Text 'My Company' is set on object 'Object Repository/IWP30/Page_ACHCorporatePaymentEntry/input_CompanyName'

25-09-2024T14:09:28 - [MESSAGE][PASSED] - Object 'Object Repository/IWP30/Page_ACHCorporatePaymentEntry/input_EIN' is present

25-09-2024T14:09:29 - [MESSAGE][PASSED] - Text '123456789' is set on object 'Object Repository/IWP30/Page_ACHCorporatePaymentEntry/input_EIN'

25-09-2024T14:09:30 - [MESSAGE][PASSED] - Text '10.50' is set on object 'Object Repository/IWP30/Page_ACHCorporatePaymentEntry/txt_Amount'

25-09-2024T14:09:30 - [MESSAGE][PASSED] - Text 'udf data 2' is set on object 'Object Repository/IWP30/Page_ACHCorporatePaymentEntry/txt_UDF2'

25-09-2024T14:09:31 - [MESSAGE][PASSED] - Text 'udf data 3' is set on object 'Object Repository/IWP30/Page_ACHCorporatePaymentEntry/txt_UDF3'

25-09-2024T14:09:31 - [MESSAGE][PASSED] - All options with label 'Orange' are selected in object 'Object Repository/IWP30/Page_ACHCorporatePaymentEntry/dd_UDF7' 

25-09-2024T14:09:32 - [MESSAGE][PASSED] - All options with label 'Soccer' are selected in object 'Object Repository/IWP30/Page_ACHCorporatePaymentEntry/dd_UDF8' 

25-09-2024T14:09:32 - [MESSAGE][PASSED] - Object 'Object Repository/IWP30/Page_ACHCorporatePaymentEntry/txt_routingNumber' is present

25-09-2024T14:09:33 - [MESSAGE][PASSED] - Text '256072691' is set on object 'Object Repository/IWP30/Page_ACHCorporatePaymentEntry/txt_routingNumber'

25-09-2024T14:09:33 - [MESSAGE][PASSED] - Object 'Object Repository/IWP30/Page_ACHCorporatePaymentEntry/txt_accountNumber' is present

25-09-2024T14:09:34 - [MESSAGE][PASSED] - Text '12344444' is set on object 'Object Repository/IWP30/Page_ACHCorporatePaymentEntry/txt_accountNumber'

25-09-2024T14:09:35 - [MESSAGE][PASSED] - Object 'Object Repository/IWP30/Page_ACHCorporatePaymentEntry/txt_confirmAccountNumber' is present

25-09-2024T14:09:35 - [MESSAGE][PASSED] - Text '12344444' is set on object 'Object Repository/IWP30/Page_ACHCorporatePaymentEntry/txt_confirmAccountNumber'

25-09-2024T14:09:35 - [MESSAGE][PASSED] - Execute JavaScript '
				   document.getElementById('processDate').value = '08/09/2025'
				  ' successfully

25-09-2024T14:09:36 - [MESSAGE][PASSED] - Text '365 Main Avenue' is set on object 'Object Repository/IWP30/Page_ACHCorporatePaymentEntry/txt_AL1'

25-09-2024T14:09:37 - [MESSAGE][PASSED] - Text 'Ohio' is set on object 'Object Repository/IWP30/Page_ACHCorporatePaymentEntry/txt_AL2'

25-09-2024T14:09:37 - [MESSAGE][PASSED] - Text '22201' is set on object 'Object Repository/IWP30/Page_ACHCorporatePaymentEntry/txt_ZIP'

25-09-2024T14:09:37 - [MESSAGE][PASSED] - Object 'Object Repository/IWP30/Page_ACHCorporatePaymentEntry/txt_Email' is present

25-09-2024T14:09:38 - [MESSAGE][PASSED] - Text 'iahmed@govolution.com' is set on object 'Object Repository/IWP30/Page_ACHCorporatePaymentEntry/txt_Email'

25-09-2024T14:09:39 - [MESSAGE][PASSED] - Object 'Object Repository/IWP30/Page_ACHCorporatePaymentEntry/cb_TermsAndCond' is present

25-09-2024T14:09:39 - [MESSAGE][PASSED] - Object: 'Object Repository/IWP30/Page_ACHCorporatePaymentEntry/cb_TermsAndCond' is clicked on

25-09-2024T14:09:39 - [MESSAGE][PASSED] - Object 'Object Repository/IWP30/Page_ACHCorporatePaymentEntry/btn_Continue' is present

25-09-2024T14:09:40 - [MESSAGE][PASSED] - Object: 'Object Repository/IWP30/Page_ACHCorporatePaymentEntry/btn_Continue' is clicked on

25-09-2024T14:09:40 - [MESSAGE][PASSED] - iwpPages.achCorporatePaymentEntryPage.setDataCorporate is PASSED

25-09-2024T14:09:40 - [TEST_STEP][PASSED] - click(findTestObject("Object Repository/IWP30/Page_Confirmation/ConfirmButton")): Object: 'Object Repository/IWP30/Page_Confirmation/ConfirmButton' is clicked on

25-09-2024T14:09:42 - [MESSAGE][PASSED] - Object: 'Object Repository/IWP30/Page_Confirmation/ConfirmButton' is clicked on

25-09-2024T14:09:42 - [TEST_STEP][PASSED] - Thread.sleep(2000): null

25-09-2024T14:09:44 - [TEST_STEP][PASSED] - if (verifyTextPresent("Deferred", false)): null

25-09-2024T14:09:44 - [MESSAGE][PASSED] - Text 'Deferred' is present on page 

25-09-2024T14:09:44 - [TEST_STEP][PASSED] - click(findTestObject("Object Repository/IWP30/Page_Receipt/ViewScheduledPaymentsButton")): Object: 'Object Repository/IWP30/Page_Receipt/ViewScheduledPaymentsButton' is clicked on

25-09-2024T14:09:45 - [MESSAGE][PASSED] - Object: 'Object Repository/IWP30/Page_Receipt/ViewScheduledPaymentsButton' is clicked on

25-09-2024T14:09:45 - [TEST_STEP][PASSED] - switchToWindowTitle("View Scheduled Payments"): Switched to window with title: 'View Scheduled Payments'

25-09-2024T14:09:45 - [MESSAGE][PASSED] - Switched to window with title: 'View Scheduled Payments'

25-09-2024T14:09:45 - [TEST_STEP][PASSED] - Thread.sleep(5000): null

25-09-2024T14:09:50 - [TEST_STEP][PASSED] - if (verifyTextPresent("View Scheduled Payments", false)): null

25-09-2024T14:09:50 - [MESSAGE][PASSED] - Text 'View Scheduled Payments' is present on page 

25-09-2024T14:09:50 - [TEST_STEP][PASSED] - click(findTestObject("Object Repository/IWP30/Page_ScheduledPayments/edit_payment")): Object: 'Object Repository/IWP30/Page_ScheduledPayments/edit_payment' is clicked on

25-09-2024T14:09:53 - [MESSAGE][PASSED] - Object: 'Object Repository/IWP30/Page_ScheduledPayments/edit_payment' is clicked on

25-09-2024T14:09:53 - [TEST_STEP][PASSED] - iwpPages.editSchedulePayment.setDataSchedPaymentEF(row, dataFile): iwpPages.editSchedulePayment.setDataSchedPaymentEF is PASSED

25-09-2024T14:09:53 - [MESSAGE][PASSED] - Text 'Edit Payment Plan' is present on page 

25-09-2024T14:09:54 - [MESSAGE][PASSED] - All options with label 'Orange' are selected in object 'Object Repository/IWP30/Page_CCPaymentEntry/UserDefined7' 

25-09-2024T14:09:54 - [MESSAGE][PASSED] - All options with label 'Soccer' are selected in object 'Object Repository/IWP30/Page_CCPaymentEntry/UserDefined8' 

25-09-2024T14:09:54 - [MESSAGE][PASSED] - Execute JavaScript '
				   document.getElementById('processDate').value = '08/09/2045'
				  ' successfully

25-09-2024T14:09:54 - [MESSAGE][PASSED] - iwpPages.editSchedulePayment.setDataSchedPaymentEF is PASSED

25-09-2024T14:09:54 - [TEST_STEP][PASSED] - click(findTestObject("Object Repository/Page_EditSchedPayment/chkbox_acceptterms")): Object: 'Object Repository/Page_EditSchedPayment/chkbox_acceptterms' is clicked on

25-09-2024T14:09:55 - [MESSAGE][PASSED] - Object: 'Object Repository/Page_EditSchedPayment/chkbox_acceptterms' is clicked on

25-09-2024T14:09:55 - [TEST_STEP][PASSED] - click(findTestObject("Object Repository/Page_EditSchedPayment/btn_update")): Object: 'Object Repository/Page_EditSchedPayment/btn_update' is clicked on

25-09-2024T14:09:56 - [MESSAGE][PASSED] - Object: 'Object Repository/Page_EditSchedPayment/btn_update' is clicked on

25-09-2024T14:09:56 - [TEST_STEP][PASSED] - if (verifyTextPresent("Successful Payment Plan Update", false)): null

25-09-2024T14:09:57 - [MESSAGE][PASSED] - Text 'Successful Payment Plan Update' is present on page 

25-09-2024T14:09:57 - [TEST_STEP][PASSED] - isRequiredTextPresent = true: null

25-09-2024T14:09:57 - [TEST_STEP][PASSED] - println(isRequiredTextPresent): null

25-09-2024T14:09:57 - [TEST_STEP][PASSED] - if (isRequiredTextPresent): null

25-09-2024T14:09:57 - [TEST_STEP][PASSED] - if (verifyTextPresent("CAN Label:", false)): null

25-09-2024T14:09:57 - [MESSAGE][PASSED] - Text 'CAN Label:' is present on page 

25-09-2024T14:09:57 - [TEST_STEP][PASSED] - isRequiredTextPresent = true: null

25-09-2024T14:09:57 - [TEST_STEP][PASSED] - println(isRequiredTextPresent): null

25-09-2024T14:09:57 - [TEST_STEP][PASSED] - if (isRequiredTextPresent): null

25-09-2024T14:09:57 - [TEST_STEP][PASSED] - if (verifyTextPresent("Remittance ID:", false)): null

25-09-2024T14:09:58 - [MESSAGE][PASSED] - Text 'Remittance ID:' is present on page 

25-09-2024T14:09:58 - [TEST_STEP][PASSED] - isRequiredTextPresent = true: null

25-09-2024T14:09:58 - [TEST_STEP][PASSED] - println(isRequiredTextPresent): null

25-09-2024T14:09:58 - [TEST_STEP][PASSED] - if (isRequiredTextPresent): null

25-09-2024T14:09:58 - [TEST_STEP][PASSED] - if (verifyTextPresent("UDF2 Label:", false)): null

25-09-2024T14:09:58 - [MESSAGE][PASSED] - Text 'UDF2 Label:' is present on page 

25-09-2024T14:09:58 - [TEST_STEP][PASSED] - isRequiredTextPresent = true: null

25-09-2024T14:09:58 - [TEST_STEP][PASSED] - println(isRequiredTextPresent): null

25-09-2024T14:09:58 - [TEST_STEP][PASSED] - if (isRequiredTextPresent): null

25-09-2024T14:09:58 - [TEST_STEP][PASSED] - if (verifyTextPresent("UDF3 Label:", false)): null

25-09-2024T14:09:58 - [MESSAGE][PASSED] - Text 'UDF3 Label:' is present on page 

25-09-2024T14:09:58 - [TEST_STEP][PASSED] - isRequiredTextPresent = true: null

25-09-2024T14:09:58 - [TEST_STEP][PASSED] - println(isRequiredTextPresent): null

25-09-2024T14:09:58 - [TEST_STEP][PASSED] - if (isRequiredTextPresent): null

25-09-2024T14:09:58 - [TEST_STEP][PASSED] - if (verifyTextPresent("UDF4 Label:", false)): null

25-09-2024T14:09:58 - [MESSAGE][PASSED] - Text 'UDF4 Label:' is present on page 

25-09-2024T14:09:58 - [TEST_STEP][PASSED] - isRequiredTextPresent = true: null

25-09-2024T14:09:58 - [TEST_STEP][PASSED] - println(isRequiredTextPresent): null

25-09-2024T14:09:58 - [TEST_STEP][PASSED] - if (isRequiredTextPresent): null

25-09-2024T14:09:58 - [TEST_STEP][PASSED] - if (verifyTextPresent("UDF7 Label:", false)): null

25-09-2024T14:09:59 - [MESSAGE][PASSED] - Text 'UDF7 Label:' is present on page 

25-09-2024T14:09:59 - [TEST_STEP][PASSED] - isRequiredTextPresent = true: null

25-09-2024T14:09:59 - [TEST_STEP][PASSED] - println(isRequiredTextPresent): null

25-09-2024T14:09:59 - [TEST_STEP][PASSED] - if (isRequiredTextPresent): null

25-09-2024T14:09:59 - [TEST_STEP][PASSED] - if (verifyTextPresent("UDF8 Label:", false)): null

25-09-2024T14:09:59 - [MESSAGE][PASSED] - Text 'UDF8 Label:' is present on page 

25-09-2024T14:09:59 - [TEST_STEP][PASSED] - isRequiredTextPresent = true: null

25-09-2024T14:09:59 - [TEST_STEP][PASSED] - println(isRequiredTextPresent): null

25-09-2024T14:09:59 - [TEST_STEP][PASSED] - if (isRequiredTextPresent): null

25-09-2024T14:09:59 - [TEST_STEP][PASSED] - if (verifyTextPresent("UDF9 Label:", false)): null

25-09-2024T14:09:59 - [MESSAGE][PASSED] - Text 'UDF9 Label:' is present on page 

25-09-2024T14:09:59 - [TEST_STEP][PASSED] - isRequiredTextPresent = true: null

25-09-2024T14:09:59 - [TEST_STEP][PASSED] - println(isRequiredTextPresent): null

25-09-2024T14:09:59 - [TEST_STEP][PASSED] - if (isRequiredTextPresent): null

25-09-2024T14:09:59 - [TEST_STEP][PASSED] - if (verifyTextPresent("Transaction Type:", false)): null

25-09-2024T14:10:00 - [MESSAGE][PASSED] - Text 'Transaction Type:' is present on page 

25-09-2024T14:10:00 - [TEST_STEP][PASSED] - isRequiredTextPresent = true: null

25-09-2024T14:10:00 - [TEST_STEP][PASSED] - println(isRequiredTextPresent): null

25-09-2024T14:10:00 - [TEST_STEP][PASSED] - if (isRequiredTextPresent): null

25-09-2024T14:10:00 - [TEST_STEP][PASSED] - if (verifyTextPresent("Amount:", false)): null

25-09-2024T14:10:00 - [MESSAGE][PASSED] - Text 'Amount:' is present on page 

25-09-2024T14:10:00 - [TEST_STEP][PASSED] - isRequiredTextPresent = true: null

25-09-2024T14:10:00 - [TEST_STEP][PASSED] - println(isRequiredTextPresent): null

25-09-2024T14:10:00 - [TEST_STEP][PASSED] - if (isRequiredTextPresent): null

25-09-2024T14:10:00 - [TEST_STEP][PASSED] - if (verifyTextPresent("Check Information:", false)): null

25-09-2024T14:10:00 - [MESSAGE][PASSED] - Text 'Check Information:' is present on page 

25-09-2024T14:10:00 - [TEST_STEP][PASSED] - isRequiredTextPresent = true: null

25-09-2024T14:10:00 - [TEST_STEP][PASSED] - println(isRequiredTextPresent): null

25-09-2024T14:10:00 - [TEST_STEP][PASSED] - if (isRequiredTextPresent): null

25-09-2024T14:10:00 - [TEST_STEP][PASSED] - if (verifyTextPresent("Account Type:", false)): null

25-09-2024T14:10:00 - [MESSAGE][PASSED] - Text 'Account Type:' is present on page 

25-09-2024T14:10:00 - [TEST_STEP][PASSED] - isRequiredTextPresent = true: null

25-09-2024T14:10:00 - [TEST_STEP][PASSED] - println(isRequiredTextPresent): null

25-09-2024T14:10:00 - [TEST_STEP][PASSED] - if (isRequiredTextPresent): null

25-09-2024T14:10:00 - [TEST_STEP][PASSED] - if (verifyTextPresent("Employer Identification Number(EIN):", false)): null

25-09-2024T14:10:01 - [MESSAGE][PASSED] - Text 'Employer Identification Number(EIN):' is present on page 

25-09-2024T14:10:01 - [TEST_STEP][PASSED] - isRequiredTextPresent = true: null

25-09-2024T14:10:01 - [TEST_STEP][PASSED] - println(isRequiredTextPresent): null

25-09-2024T14:10:01 - [TEST_STEP][PASSED] - if (isRequiredTextPresent): null

25-09-2024T14:10:01 - [TEST_STEP][PASSED] - if (verifyTextPresent("Account Number:", false)): null

25-09-2024T14:10:01 - [MESSAGE][PASSED] - Text 'Account Number:' is present on page 

25-09-2024T14:10:01 - [TEST_STEP][PASSED] - isRequiredTextPresent = true: null

25-09-2024T14:10:01 - [TEST_STEP][PASSED] - println(isRequiredTextPresent): null

25-09-2024T14:10:01 - [TEST_STEP][PASSED] - if (isRequiredTextPresent): null

25-09-2024T14:10:01 - [TEST_STEP][PASSED] - if (verifyTextPresent("Routing Number:", false)): null

25-09-2024T14:10:01 - [MESSAGE][PASSED] - Text 'Routing Number:' is present on page 

25-09-2024T14:10:01 - [TEST_STEP][PASSED] - isRequiredTextPresent = true: null

25-09-2024T14:10:01 - [TEST_STEP][PASSED] - println(isRequiredTextPresent): null

25-09-2024T14:10:01 - [TEST_STEP][PASSED] - if (isRequiredTextPresent): null

25-09-2024T14:10:01 - [TEST_STEP][PASSED] - if (verifyTextPresent("Company Name:", false)): null

25-09-2024T14:10:01 - [MESSAGE][PASSED] - Text 'Company Name:' is present on page 

25-09-2024T14:10:01 - [TEST_STEP][PASSED] - isRequiredTextPresent = true: null

25-09-2024T14:10:01 - [TEST_STEP][PASSED] - println(isRequiredTextPresent): null

25-09-2024T14:10:01 - [TEST_STEP][PASSED] - if (isRequiredTextPresent): null

25-09-2024T14:10:01 - [TEST_STEP][PASSED] - if (verifyTextPresent("Billing Information:", false)): null

25-09-2024T14:10:02 - [MESSAGE][PASSED] - Text 'Billing Information:' is present on page 

25-09-2024T14:10:02 - [TEST_STEP][PASSED] - isRequiredTextPresent = true: null

25-09-2024T14:10:02 - [TEST_STEP][PASSED] - println(isRequiredTextPresent): null

25-09-2024T14:10:02 - [TEST_STEP][PASSED] - if (isRequiredTextPresent): null

25-09-2024T14:10:02 - [TEST_STEP][PASSED] - if (verifyTextPresent("Address Line 1:", false)): null

25-09-2024T14:10:02 - [MESSAGE][PASSED] - Text 'Address Line 1:' is present on page 

25-09-2024T14:10:02 - [TEST_STEP][PASSED] - isRequiredTextPresent = true: null

25-09-2024T14:10:02 - [TEST_STEP][PASSED] - println(isRequiredTextPresent): null

25-09-2024T14:10:02 - [TEST_STEP][PASSED] - if (isRequiredTextPresent): null

25-09-2024T14:10:02 - [TEST_STEP][PASSED] - if (verifyTextPresent("Address Line 2:", false)): null

25-09-2024T14:10:02 - [MESSAGE][PASSED] - Text 'Address Line 2:' is present on page 

25-09-2024T14:10:02 - [TEST_STEP][PASSED] - isRequiredTextPresent = true: null

25-09-2024T14:10:02 - [TEST_STEP][PASSED] - println(isRequiredTextPresent): null

25-09-2024T14:10:02 - [TEST_STEP][PASSED] - if (isRequiredTextPresent): null

25-09-2024T14:10:02 - [TEST_STEP][PASSED] - if (verifyTextPresent("Country:", false)): null

25-09-2024T14:10:03 - [MESSAGE][PASSED] - Text 'Country:' is present on page 

25-09-2024T14:10:03 - [TEST_STEP][PASSED] - isRequiredTextPresent = true: null

25-09-2024T14:10:03 - [TEST_STEP][PASSED] - println(isRequiredTextPresent): null

25-09-2024T14:10:03 - [TEST_STEP][PASSED] - if (isRequiredTextPresent): null

25-09-2024T14:10:03 - [TEST_STEP][PASSED] - if (verifyTextPresent("City:", false)): null

25-09-2024T14:10:03 - [MESSAGE][PASSED] - Text 'City:' is present on page 

25-09-2024T14:10:03 - [TEST_STEP][PASSED] - isRequiredTextPresent = true: null

25-09-2024T14:10:03 - [TEST_STEP][PASSED] - println(isRequiredTextPresent): null

25-09-2024T14:10:03 - [TEST_STEP][PASSED] - if (isRequiredTextPresent): null

25-09-2024T14:10:03 - [TEST_STEP][PASSED] - if (verifyTextPresent("State:", false)): null

25-09-2024T14:10:03 - [MESSAGE][PASSED] - Text 'State:' is present on page 

25-09-2024T14:10:03 - [TEST_STEP][PASSED] - isRequiredTextPresent = true: null

25-09-2024T14:10:03 - [TEST_STEP][PASSED] - println(isRequiredTextPresent): null

25-09-2024T14:10:03 - [TEST_STEP][PASSED] - if (isRequiredTextPresent): null

25-09-2024T14:10:03 - [TEST_STEP][PASSED] - if (verifyTextPresent("Zip Code:", false)): null

25-09-2024T14:10:03 - [MESSAGE][PASSED] - Text 'Zip Code:' is present on page 

25-09-2024T14:10:03 - [TEST_STEP][PASSED] - isRequiredTextPresent = true: null

25-09-2024T14:10:03 - [TEST_STEP][PASSED] - println(isRequiredTextPresent): null

25-09-2024T14:10:03 - [TEST_STEP][PASSED] - if (isRequiredTextPresent): null

25-09-2024T14:10:03 - [TEST_STEP][PASSED] - if (verifyTextPresent("Plan Information:", false)): null

25-09-2024T14:10:04 - [MESSAGE][PASSED] - Text 'Plan Information:' is present on page 

25-09-2024T14:10:04 - [TEST_STEP][PASSED] - isRequiredTextPresent = true: null

25-09-2024T14:10:04 - [TEST_STEP][PASSED] - println(isRequiredTextPresent): null

25-09-2024T14:10:04 - [TEST_STEP][PASSED] - if (isRequiredTextPresent): null

25-09-2024T14:10:04 - [TEST_STEP][PASSED] - if (verifyTextPresent("Payment Plan Type:", false)): null

25-09-2024T14:10:04 - [MESSAGE][PASSED] - Text 'Payment Plan Type:' is present on page 

25-09-2024T14:10:04 - [TEST_STEP][PASSED] - isRequiredTextPresent = true: null

25-09-2024T14:10:04 - [TEST_STEP][PASSED] - println(isRequiredTextPresent): null

25-09-2024T14:10:04 - [TEST_STEP][PASSED] - if (isRequiredTextPresent): null

25-09-2024T14:10:04 - [TEST_STEP][PASSED] - if (verifyTextPresent("Payment Plan ID:", false)): null

25-09-2024T14:10:04 - [MESSAGE][PASSED] - Text 'Payment Plan ID:' is present on page 

25-09-2024T14:10:04 - [TEST_STEP][PASSED] - isRequiredTextPresent = true: null

25-09-2024T14:10:04 - [TEST_STEP][PASSED] - println(isRequiredTextPresent): null

25-09-2024T14:10:04 - [TEST_STEP][PASSED] - if (isRequiredTextPresent): null

25-09-2024T14:10:04 - [TEST_STEP][PASSED] - if (verifyTextPresent("Start Date:", false)): null

25-09-2024T14:10:05 - [MESSAGE][PASSED] - Text 'Start Date:' is present on page 

25-09-2024T14:10:05 - [TEST_STEP][PASSED] - isRequiredTextPresent = true: null

25-09-2024T14:10:05 - [TEST_STEP][PASSED] - println(isRequiredTextPresent): null

25-09-2024T14:10:05 - [TEST_STEP][PASSED] - if (isRequiredTextPresent == true): pages.WriteExcel.demoKey is PASSED

25-09-2024T14:10:05 - [TEST_STEP][PASSED] - println("All the relevant texts are present on Receipt Page"): null

25-09-2024T14:10:05 - [TEST_STEP][PASSED] - markPassed("All the relevant texts are present on Receipt Page"): All the relevant texts are present on Receipt Page

25-09-2024T14:10:05 - [MESSAGE][PASSED] - All the relevant texts are present on Receipt Page

25-09-2024T14:10:05 - [TEST_STEP][PASSED] - resText = "Pass": null

25-09-2024T14:10:05 - [TEST_STEP][PASSED] - pages.WriteExcel.demoKey(resText, datText, resColumn, datCloumn, fileLoc, nameSheet, row): pages.WriteExcel.demoKey is PASSED

25-09-2024T14:10:05 - [MESSAGE][PASSED] - pages.WriteExcel.demoKey is PASSED

25-09-2024T14:10:05 - [TEST_STEP][PASSED] - closeBrowser(): Browser is closed

25-09-2024T14:10:05 - [MESSAGE][PASSED] - Browser is closed]]></system-out>
         <system-err><![CDATA[]]></system-err>
      </testcase>
      <testcase name="Test Cases/IntegratedWeb/IWP25/Payments/VerifyEditReceiptLabelsDeferredPC" time="83.433" classname="Test Cases/IntegratedWeb/IWP25/Payments/VerifyEditReceiptLabelsDeferredPC" status="PASSED">
         <system-out><![CDATA[25-09-2024T14:10:05 - [TEST_CASE][PASSED] - Test Cases/IntegratedWeb/IWP25/Payments/VerifyEditReceiptLabelsDeferredPC: Test Cases/IntegratedWeb/IWP25/Payments/VerifyEditReceiptLabelsDeferredPC

25-09-2024T14:10:05 - [TEST_STEP][PASSED] - resText = "Fail": null

25-09-2024T14:10:05 - [TEST_STEP][PASSED] - resColumn = "Result": null

25-09-2024T14:10:05 - [TEST_STEP][PASSED] - datCloumn = "Date": null

25-09-2024T14:10:05 - [TEST_STEP][PASSED] - fileLoc = "KatalonData/IWPTestData/VRelay25PaymentsExtension.xlsx": null

25-09-2024T14:10:05 - [TEST_STEP][PASSED] - numOfRows = <not implemented yet for class: org.codehaus.groovy.ast.expr.EmptyExpression>: null

25-09-2024T14:10:05 - [TEST_STEP][PASSED] - nameSheet = <not implemented yet for class: org.codehaus.groovy.ast.expr.EmptyExpression>: null

25-09-2024T14:10:05 - [TEST_STEP][PASSED] - dataFileEmulator = <not implemented yet for class: org.codehaus.groovy.ast.expr.EmptyExpression>: null

25-09-2024T14:10:05 - [TEST_STEP][PASSED] - isRequiredTextPresent = false: null

25-09-2024T14:10:05 - [TEST_STEP][PASSED] - nameSheet = "VerifyEditLabelDeferredPC": null

25-09-2024T14:10:05 - [TEST_STEP][PASSED] - dataFile = getExcelDataWithDefaultSheet("KatalonData/IWPTestData/VRelay25PaymentsExtension.xlsx", nameSheet, true): null

25-09-2024T14:10:05 - [TEST_STEP][PASSED] - dataFileEmulator = "IWPTestData/EmulatorData": null

25-09-2024T14:10:05 - [TEST_STEP][PASSED] - numOfRows = dataFile.getRowNumbers(): null

25-09-2024T14:10:05 - [TEST_STEP][PASSED] - println("Number of Records: " + numOfRows): null

25-09-2024T14:10:05 - [TEST_STEP][PASSED] - columnNames = dataFile.getColumnNames(): null

25-09-2024T14:10:05 - [TEST_STEP][PASSED] - println(columnNames[0]): null

25-09-2024T14:10:05 - [TEST_STEP][PASSED] - for ([row = 1, row <= numOfRows, (row++)]): Browser is closed

25-09-2024T14:10:05 - [TEST_STEP][PASSED] - ExecuteTC = dataFile.getValue("Execute", row): null

25-09-2024T14:10:05 - [TEST_STEP][PASSED] - out.println("Value of Execute is : " + ExecuteTC): null

25-09-2024T14:10:05 - [TEST_STEP][PASSED] - if (ExecuteTC.equalsIgnoreCase("Y")): null

25-09-2024T14:10:05 - [TEST_STEP][PASSED] - out.println("Begin Record Number: " + row): null

25-09-2024T14:10:05 - [TEST_STEP][PASSED] - today = new java.util.Date(): null

25-09-2024T14:10:05 - [TEST_STEP][PASSED] - println(today): null

25-09-2024T14:10:05 - [TEST_STEP][PASSED] - datText = today: null

25-09-2024T14:10:05 - [TEST_STEP][PASSED] - EmulatorDataKey = dataFile.getValue("EmulatorData", row): null

25-09-2024T14:10:05 - [TEST_STEP][PASSED] - out.println("Value of Emulator Key is : " + EmulatorDataKey): null

25-09-2024T14:10:05 - [TEST_STEP][PASSED] - iwpPages.emulatorIWP30.setDataEmulator_DD(EmulatorDataKey): iwpPages.emulatorIWP30.setDataEmulator_DD is PASSED

25-09-2024T14:10:06 - [MESSAGE][INFO] - Starting 'Edge Chromium' driver

25-09-2024T14:10:06 - [MESSAGE][INFO] - User set preference: ['acceptInsecureCerts', 'true']

25-09-2024T14:10:08 - [MESSAGE][INFO] - Action delay is set to 0 milliseconds

25-09-2024T14:10:11 - [MESSAGE][PASSED] - Browser is opened with url: 'https://qa.velocitypayment.com/agency/config.do?action=editor&message_version=2_5'

25-09-2024T14:10:11 - [MESSAGE][PASSED] - Current window maximized

25-09-2024T14:10:12 - [MESSAGE][PASSED] - All options with value '2.5' are selected in object 'Object Repository/IWP30/Page_VRelay30Emulator/MV'  using regular expression

25-09-2024T14:10:13 - [MESSAGE][PASSED] - Text '10.50' is set on object 'Object Repository/IWP30/Page_VRelay30Emulator/Amount'

25-09-2024T14:10:14 - [MESSAGE][PASSED] - Text 'KcKT2gqhm2ME' is set on object 'Object Repository/IWP30/Page_VRelay30Emulator/CAN'

25-09-2024T14:10:14 - [MESSAGE][PASSED] - Text 'PayNow' is set on object 'Object Repository/IWP30/Page_VRelay30Emulator/Action'

25-09-2024T14:10:15 - [MESSAGE][PASSED] - Text 'en_US' is set on object 'Object Repository/IWP30/Page_VRelay30Emulator/Lang'

25-09-2024T14:10:16 - [MESSAGE][PASSED] - Text '' is set on object 'Object Repository/IWP30/Page_VRelay30Emulator/Fname'

25-09-2024T14:10:16 - [MESSAGE][PASSED] - Text '' is set on object 'Object Repository/IWP30/Page_VRelay30Emulator/Lname'

25-09-2024T14:10:17 - [MESSAGE][PASSED] - Text '' is set on object 'Object Repository/IWP30/Page_VRelay30Emulator/AL1'

25-09-2024T14:10:17 - [MESSAGE][PASSED] - Text '' is set on object 'Object Repository/IWP30/Page_VRelay30Emulator/AL2'

25-09-2024T14:10:18 - [MESSAGE][PASSED] - Text '' is set on object 'Object Repository/IWP30/Page_VRelay30Emulator/Country'

25-09-2024T14:10:18 - [MESSAGE][PASSED] - Text '' is set on object 'Object Repository/IWP30/Page_VRelay30Emulator/City'

25-09-2024T14:10:19 - [MESSAGE][PASSED] - Text '' is set on object 'Object Repository/IWP30/Page_VRelay30Emulator/State'

25-09-2024T14:10:20 - [MESSAGE][PASSED] - Text '' is set on object 'Object Repository/IWP30/Page_VRelay30Emulator/ZIP'

25-09-2024T14:10:20 - [MESSAGE][PASSED] - Text '' is set on object 'Object Repository/IWP30/Page_VRelay30Emulator/Order'

25-09-2024T14:10:21 - [MESSAGE][PASSED] - Text '' is set on object 'Object Repository/IWP30/Page_VRelay30Emulator/Company'

25-09-2024T14:10:21 - [MESSAGE][PASSED] - Text '' is set on object 'Object Repository/IWP30/Page_VRelay30Emulator/Email'

25-09-2024T14:10:22 - [MESSAGE][PASSED] - Text '' is set on object 'Object Repository/IWP30/Page_VRelay30Emulator/UDF1'

25-09-2024T14:10:22 - [MESSAGE][PASSED] - Text '' is set on object 'Object Repository/IWP30/Page_VRelay30Emulator/UDF2'

25-09-2024T14:10:23 - [MESSAGE][PASSED] - Text '' is set on object 'Object Repository/IWP30/Page_VRelay30Emulator/UDF3'

25-09-2024T14:10:24 - [MESSAGE][PASSED] - Text 'udf data 4' is set on object 'Object Repository/IWP30/Page_VRelay30Emulator/UDF4'

25-09-2024T14:10:24 - [MESSAGE][PASSED] - Text 'udf data 5' is set on object 'Object Repository/IWP30/Page_VRelay30Emulator/UDF5'

25-09-2024T14:10:25 - [MESSAGE][PASSED] - Text '' is set on object 'Object Repository/IWP30/Page_VRelay30Emulator/UDF6'

25-09-2024T14:10:25 - [MESSAGE][PASSED] - Text '' is set on object 'Object Repository/IWP30/Page_VRelay30Emulator/UDF7'

25-09-2024T14:10:26 - [MESSAGE][PASSED] - Text '' is set on object 'Object Repository/IWP30/Page_VRelay30Emulator/UDF8'

25-09-2024T14:10:27 - [MESSAGE][PASSED] - Text 'udf data 9' is set on object 'Object Repository/IWP30/Page_VRelay30Emulator/UDF9'

25-09-2024T14:10:27 - [MESSAGE][PASSED] - Text 'udf data 10' is set on object 'Object Repository/IWP30/Page_VRelay30Emulator/UDF10'

25-09-2024T14:10:28 - [MESSAGE][PASSED] - Object: 'Object Repository/IWP30/Page_VRelay30Emulator/Submit' is clicked on

25-09-2024T14:10:33 - [MESSAGE][PASSED] - Browser is closed

25-09-2024T14:10:37 - [MESSAGE][PASSED] - iwpPages.emulatorIWP30.setDataEmulator_DD is PASSED

25-09-2024T14:10:37 - [TEST_STEP][PASSED] - testHarnessURL = urlTestHarness: null

25-09-2024T14:10:37 - [TEST_STEP][PASSED] - openBrowser(testHarnessURL): Browser is opened with url: 'https://dev-algorithm.govolution.com/vrelaytest/QA/version_2_2/vrelaytest.html'

25-09-2024T14:10:37 - [MESSAGE][INFO] - Starting 'Edge Chromium' driver

25-09-2024T14:10:37 - [MESSAGE][INFO] - User set preference: ['acceptInsecureCerts', 'true']

25-09-2024T14:10:39 - [MESSAGE][INFO] - Action delay is set to 0 milliseconds

25-09-2024T14:10:42 - [MESSAGE][PASSED] - Browser is opened with url: 'https://dev-algorithm.govolution.com/vrelaytest/QA/version_2_2/vrelaytest.html'

25-09-2024T14:10:42 - [TEST_STEP][PASSED] - maximizeWindow(): Current window maximized

25-09-2024T14:10:43 - [MESSAGE][PASSED] - Current window maximized

25-09-2024T14:10:43 - [TEST_STEP][PASSED] - iwpPages.TestHarnessPage.setDataMethodEF(row, dataFile): iwpPages.TestHarnessPage.setDataMethodEF is PASSED

25-09-2024T14:10:43 - [MESSAGE][PASSED] - Object 'Object Repository/IWP30/Page_QATestHarness/RemittanceID' is present

25-09-2024T14:10:43 - [MESSAGE][PASSED] - Text '638' is set on object 'Object Repository/IWP30/Page_QATestHarness/ApplicationID'

25-09-2024T14:10:44 - [MESSAGE][PASSED] - Text '2.5' is set on object 'Object Repository/IWP30/Page_QATestHarness/MessageVersion'

25-09-2024T14:10:45 - [MESSAGE][PASSED] - Text 'ueVu87I4Gix7' is set on object 'Object Repository/IWP30/Page_QATestHarness/RemittanceID'

25-09-2024T14:10:48 - [MESSAGE][PASSED] - Object: 'Object Repository/IWP30/Page_QATestHarness/SubmitButton' is clicked on

25-09-2024T14:10:48 - [MESSAGE][PASSED] - iwpPages.TestHarnessPage.setDataMethodEF is PASSED

25-09-2024T14:10:48 - [TEST_STEP][PASSED] - click(findTestObject("Object Repository/IWP30/Page_SelectPaymentMethod/PayByPersonalCheck")): Object: 'Object Repository/IWP30/Page_SelectPaymentMethod/PayByPersonalCheck' is clicked on

25-09-2024T14:10:48 - [MESSAGE][PASSED] - Object: 'Object Repository/IWP30/Page_SelectPaymentMethod/PayByPersonalCheck' is clicked on

25-09-2024T14:10:48 - [TEST_STEP][PASSED] - click(findTestObject("Object Repository/IWP30/Page_SelectPaymentMethod/MakePaymentButton")): Object: 'Object Repository/IWP30/Page_SelectPaymentMethod/MakePaymentButton' is clicked on

25-09-2024T14:10:50 - [MESSAGE][PASSED] - Object: 'Object Repository/IWP30/Page_SelectPaymentMethod/MakePaymentButton' is clicked on

25-09-2024T14:10:50 - [TEST_STEP][PASSED] - iwpPages.achPersonalPaymentEntryPage.setDataACHPPM(row, dataFile): iwpPages.achPersonalPaymentEntryPage.setDataACHPPM is PASSED

25-09-2024T14:10:50 - [MESSAGE][PASSED] - Object 'Object Repository/IWP30/Page_ACHPersonalPaymentEntry/txt_accountNumber' is present

25-09-2024T14:10:51 - [MESSAGE][PASSED] - Text '10.50' is set on object 'Object Repository/IWP30/Page_ACHPersonalPaymentEntry/txt_Amount'

25-09-2024T14:10:51 - [MESSAGE][PASSED] - Object 'Object Repository/IWP30/Page_ACHPersonalPaymentEntry/txt_UDF2' is present

25-09-2024T14:10:52 - [MESSAGE][PASSED] - Text 'udf data 2' is set on object 'Object Repository/IWP30/Page_ACHPersonalPaymentEntry/txt_UDF2'

25-09-2024T14:10:53 - [MESSAGE][PASSED] - Text 'udf data 3' is set on object 'Object Repository/IWP30/Page_ACHPersonalPaymentEntry/txt_UDF3'

25-09-2024T14:10:53 - [MESSAGE][PASSED] - All options with label 'Orange' are selected in object 'Object Repository/IWP30/Page_ACHPersonalPaymentEntry/dd_UDF7' 

25-09-2024T14:10:54 - [MESSAGE][PASSED] - All options with label 'Soccer' are selected in object 'Object Repository/IWP30/Page_ACHPersonalPaymentEntry/dd_UDF8' 

25-09-2024T14:10:54 - [MESSAGE][PASSED] - Object 'Object Repository/IWP30/Page_ACHPersonalPaymentEntry/txt_Firstname' is present

25-09-2024T14:10:55 - [MESSAGE][PASSED] - Text 'Elizath' is set on object 'Object Repository/IWP30/Page_ACHPersonalPaymentEntry/txt_Firstname'

25-09-2024T14:10:55 - [MESSAGE][PASSED] - Object 'Object Repository/IWP30/Page_ACHPersonalPaymentEntry/txt_Lastname' is present

25-09-2024T14:10:55 - [MESSAGE][PASSED] - Text 'Christine' is set on object 'Object Repository/IWP30/Page_ACHPersonalPaymentEntry/txt_Lastname'

25-09-2024T14:10:56 - [MESSAGE][PASSED] - Object 'Object Repository/IWP30/Page_ACHPersonalPaymentEntry/txt_routingNumber' is present

25-09-2024T14:10:56 - [MESSAGE][PASSED] - Text '256072691' is set on object 'Object Repository/IWP30/Page_ACHPersonalPaymentEntry/txt_routingNumber'

25-09-2024T14:10:56 - [MESSAGE][PASSED] - Object 'Object Repository/IWP30/Page_ACHPersonalPaymentEntry/txt_accountNumber' is present

25-09-2024T14:10:58 - [MESSAGE][PASSED] - Text '12344444' is set on object 'Object Repository/IWP30/Page_ACHPersonalPaymentEntry/txt_accountNumber'

25-09-2024T14:10:58 - [MESSAGE][PASSED] - Object 'Object Repository/IWP30/Page_ACHPersonalPaymentEntry/txt_confirmAccountNumber' is present

25-09-2024T14:10:59 - [MESSAGE][PASSED] - Text '12344444' is set on object 'Object Repository/IWP30/Page_ACHPersonalPaymentEntry/txt_confirmAccountNumber'

25-09-2024T14:10:59 - [MESSAGE][PASSED] - Object 'Object Repository/IWP30/Page_ACHPersonalPaymentEntry/rd_accountType' is present

25-09-2024T14:10:59 - [MESSAGE][PASSED] - Modify property of object successfully

25-09-2024T14:11:00 - [MESSAGE][PASSED] - Object: 'Object Repository/IWP30/Page_ACHPersonalPaymentEntry/rd_accountType' is clicked on

25-09-2024T14:11:00 - [MESSAGE][PASSED] - Execute JavaScript '
				   document.getElementById('processDate').value = '08/09/2025'
				  ' successfully

25-09-2024T14:11:00 - [MESSAGE][PASSED] - Text '365 Main Avenue' is set on object 'Object Repository/IWP30/Page_ACHPersonalPaymentEntry/txt_AL1'

25-09-2024T14:11:01 - [MESSAGE][PASSED] - Text 'Ohio' is set on object 'Object Repository/IWP30/Page_ACHPersonalPaymentEntry/txt_AL2'

25-09-2024T14:11:01 - [MESSAGE][PASSED] - Text '22201' is set on object 'Object Repository/IWP30/Page_ACHPersonalPaymentEntry/txt_ZIP'

25-09-2024T14:11:02 - [MESSAGE][PASSED] - Object 'Object Repository/IWP30/Page_ACHPersonalPaymentEntry/txt_Email' is present

25-09-2024T14:11:02 - [MESSAGE][PASSED] - Text 'iahmed@govolution.com' is set on object 'Object Repository/IWP30/Page_ACHPersonalPaymentEntry/txt_Email'

25-09-2024T14:11:03 - [MESSAGE][PASSED] - Object 'Object Repository/IWP30/Page_ACHPersonalPaymentEntry/cb_TermsAndCond' is present

25-09-2024T14:11:03 - [MESSAGE][PASSED] - Object: 'Object Repository/IWP30/Page_ACHPersonalPaymentEntry/cb_TermsAndCond' is clicked on

25-09-2024T14:11:03 - [MESSAGE][PASSED] - Object 'Object Repository/IWP30/Page_ACHPersonalPaymentEntry/btn_Continue' is present

25-09-2024T14:11:05 - [MESSAGE][PASSED] - Object: 'Object Repository/IWP30/Page_ACHPersonalPaymentEntry/btn_Continue' is clicked on

25-09-2024T14:11:05 - [MESSAGE][PASSED] - iwpPages.achPersonalPaymentEntryPage.setDataACHPPM is PASSED

25-09-2024T14:11:05 - [TEST_STEP][PASSED] - click(findTestObject("Object Repository/IWP30/Page_Confirmation/ConfirmButton")): Object: 'Object Repository/IWP30/Page_Confirmation/ConfirmButton' is clicked on

25-09-2024T14:11:06 - [MESSAGE][PASSED] - Object: 'Object Repository/IWP30/Page_Confirmation/ConfirmButton' is clicked on

25-09-2024T14:11:06 - [TEST_STEP][PASSED] - Thread.sleep(2000): null

25-09-2024T14:11:08 - [TEST_STEP][PASSED] - if (verifyTextPresent("Deferred", false)): null

25-09-2024T14:11:09 - [MESSAGE][PASSED] - Text 'Deferred' is present on page 

25-09-2024T14:11:09 - [TEST_STEP][PASSED] - click(findTestObject("Object Repository/IWP30/Page_Receipt/ViewScheduledPaymentsButton")): Object: 'Object Repository/IWP30/Page_Receipt/ViewScheduledPaymentsButton' is clicked on

25-09-2024T14:11:09 - [MESSAGE][PASSED] - Object: 'Object Repository/IWP30/Page_Receipt/ViewScheduledPaymentsButton' is clicked on

25-09-2024T14:11:09 - [TEST_STEP][PASSED] - switchToWindowTitle("View Scheduled Payments"): Switched to window with title: 'View Scheduled Payments'

25-09-2024T14:11:09 - [MESSAGE][PASSED] - Switched to window with title: 'View Scheduled Payments'

25-09-2024T14:11:09 - [TEST_STEP][PASSED] - Thread.sleep(5000): null

25-09-2024T14:11:14 - [TEST_STEP][PASSED] - if (verifyTextPresent("View Scheduled Payments", false)): null

25-09-2024T14:11:15 - [MESSAGE][PASSED] - Text 'View Scheduled Payments' is present on page 

25-09-2024T14:11:15 - [TEST_STEP][PASSED] - click(findTestObject("Object Repository/IWP30/Page_ScheduledPayments/edit_payment")): Object: 'Object Repository/IWP30/Page_ScheduledPayments/edit_payment' is clicked on

25-09-2024T14:11:16 - [MESSAGE][PASSED] - Object: 'Object Repository/IWP30/Page_ScheduledPayments/edit_payment' is clicked on

25-09-2024T14:11:16 - [TEST_STEP][PASSED] - iwpPages.editSchedulePayment.setDataSchedPaymentEF(row, dataFile): iwpPages.editSchedulePayment.setDataSchedPaymentEF is PASSED

25-09-2024T14:11:17 - [MESSAGE][PASSED] - Text 'Edit Payment Plan' is present on page 

25-09-2024T14:11:18 - [MESSAGE][PASSED] - All options with label 'Orange' are selected in object 'Object Repository/IWP30/Page_CCPaymentEntry/UserDefined7' 

25-09-2024T14:11:18 - [MESSAGE][PASSED] - All options with label 'Soccer' are selected in object 'Object Repository/IWP30/Page_CCPaymentEntry/UserDefined8' 

25-09-2024T14:11:18 - [MESSAGE][PASSED] - Execute JavaScript '
				   document.getElementById('processDate').value = '08/09/2045'
				  ' successfully

25-09-2024T14:11:18 - [MESSAGE][PASSED] - iwpPages.editSchedulePayment.setDataSchedPaymentEF is PASSED

25-09-2024T14:11:18 - [TEST_STEP][PASSED] - click(findTestObject("Object Repository/Page_EditSchedPayment/chkbox_acceptterms")): Object: 'Object Repository/Page_EditSchedPayment/chkbox_acceptterms' is clicked on

25-09-2024T14:11:18 - [MESSAGE][PASSED] - Object: 'Object Repository/Page_EditSchedPayment/chkbox_acceptterms' is clicked on

25-09-2024T14:11:18 - [TEST_STEP][PASSED] - click(findTestObject("Object Repository/Page_EditSchedPayment/btn_update")): Object: 'Object Repository/Page_EditSchedPayment/btn_update' is clicked on

25-09-2024T14:11:20 - [MESSAGE][PASSED] - Object: 'Object Repository/Page_EditSchedPayment/btn_update' is clicked on

25-09-2024T14:11:20 - [TEST_STEP][PASSED] - if (verifyTextPresent("Successful Payment Plan Update", false)): null

25-09-2024T14:11:21 - [MESSAGE][PASSED] - Text 'Successful Payment Plan Update' is present on page 

25-09-2024T14:11:21 - [TEST_STEP][PASSED] - isRequiredTextPresent = true: null

25-09-2024T14:11:21 - [TEST_STEP][PASSED] - println(isRequiredTextPresent): null

25-09-2024T14:11:21 - [TEST_STEP][PASSED] - if (isRequiredTextPresent): null

25-09-2024T14:11:21 - [TEST_STEP][PASSED] - if (verifyTextPresent("CAN Label:", false)): null

25-09-2024T14:11:21 - [MESSAGE][PASSED] - Text 'CAN Label:' is present on page 

25-09-2024T14:11:21 - [TEST_STEP][PASSED] - isRequiredTextPresent = true: null

25-09-2024T14:11:21 - [TEST_STEP][PASSED] - println(isRequiredTextPresent): null

25-09-2024T14:11:21 - [TEST_STEP][PASSED] - if (isRequiredTextPresent): null

25-09-2024T14:11:21 - [TEST_STEP][PASSED] - if (verifyTextPresent("Remittance ID:", false)): null

25-09-2024T14:11:21 - [MESSAGE][PASSED] - Text 'Remittance ID:' is present on page 

25-09-2024T14:11:21 - [TEST_STEP][PASSED] - isRequiredTextPresent = true: null

25-09-2024T14:11:21 - [TEST_STEP][PASSED] - println(isRequiredTextPresent): null

25-09-2024T14:11:21 - [TEST_STEP][PASSED] - if (isRequiredTextPresent): null

25-09-2024T14:11:21 - [TEST_STEP][PASSED] - if (verifyTextPresent("UDF2 Label:", false)): null

25-09-2024T14:11:22 - [MESSAGE][PASSED] - Text 'UDF2 Label:' is present on page 

25-09-2024T14:11:22 - [TEST_STEP][PASSED] - isRequiredTextPresent = true: null

25-09-2024T14:11:22 - [TEST_STEP][PASSED] - println(isRequiredTextPresent): null

25-09-2024T14:11:22 - [TEST_STEP][PASSED] - if (isRequiredTextPresent): null

25-09-2024T14:11:22 - [TEST_STEP][PASSED] - if (verifyTextPresent("UDF3 Label:", false)): null

25-09-2024T14:11:22 - [MESSAGE][PASSED] - Text 'UDF3 Label:' is present on page 

25-09-2024T14:11:22 - [TEST_STEP][PASSED] - isRequiredTextPresent = true: null

25-09-2024T14:11:22 - [TEST_STEP][PASSED] - println(isRequiredTextPresent): null

25-09-2024T14:11:22 - [TEST_STEP][PASSED] - if (isRequiredTextPresent): null

25-09-2024T14:11:22 - [TEST_STEP][PASSED] - if (verifyTextPresent("UDF4 Label:", false)): null

25-09-2024T14:11:22 - [MESSAGE][PASSED] - Text 'UDF4 Label:' is present on page 

25-09-2024T14:11:22 - [TEST_STEP][PASSED] - isRequiredTextPresent = true: null

25-09-2024T14:11:22 - [TEST_STEP][PASSED] - println(isRequiredTextPresent): null

25-09-2024T14:11:22 - [TEST_STEP][PASSED] - if (isRequiredTextPresent): null

25-09-2024T14:11:22 - [TEST_STEP][PASSED] - if (verifyTextPresent("UDF7 Label:", false)): null

25-09-2024T14:11:22 - [MESSAGE][PASSED] - Text 'UDF7 Label:' is present on page 

25-09-2024T14:11:22 - [TEST_STEP][PASSED] - isRequiredTextPresent = true: null

25-09-2024T14:11:22 - [TEST_STEP][PASSED] - println(isRequiredTextPresent): null

25-09-2024T14:11:22 - [TEST_STEP][PASSED] - if (isRequiredTextPresent): null

25-09-2024T14:11:22 - [TEST_STEP][PASSED] - if (verifyTextPresent("UDF8 Label:", false)): null

25-09-2024T14:11:23 - [MESSAGE][PASSED] - Text 'UDF8 Label:' is present on page 

25-09-2024T14:11:23 - [TEST_STEP][PASSED] - isRequiredTextPresent = true: null

25-09-2024T14:11:23 - [TEST_STEP][PASSED] - println(isRequiredTextPresent): null

25-09-2024T14:11:23 - [TEST_STEP][PASSED] - if (isRequiredTextPresent): null

25-09-2024T14:11:23 - [TEST_STEP][PASSED] - if (verifyTextPresent("UDF9 Label:", false)): null

25-09-2024T14:11:23 - [MESSAGE][PASSED] - Text 'UDF9 Label:' is present on page 

25-09-2024T14:11:23 - [TEST_STEP][PASSED] - isRequiredTextPresent = true: null

25-09-2024T14:11:23 - [TEST_STEP][PASSED] - println(isRequiredTextPresent): null

25-09-2024T14:11:23 - [TEST_STEP][PASSED] - if (isRequiredTextPresent): null

25-09-2024T14:11:23 - [TEST_STEP][PASSED] - if (verifyTextPresent("Transaction Type:", false)): null

25-09-2024T14:11:23 - [MESSAGE][PASSED] - Text 'Transaction Type:' is present on page 

25-09-2024T14:11:23 - [TEST_STEP][PASSED] - isRequiredTextPresent = true: null

25-09-2024T14:11:23 - [TEST_STEP][PASSED] - println(isRequiredTextPresent): null

25-09-2024T14:11:23 - [TEST_STEP][PASSED] - if (isRequiredTextPresent): null

25-09-2024T14:11:23 - [TEST_STEP][PASSED] - if (verifyTextPresent("Amount:", false)): null

25-09-2024T14:11:24 - [MESSAGE][PASSED] - Text 'Amount:' is present on page 

25-09-2024T14:11:24 - [TEST_STEP][PASSED] - isRequiredTextPresent = true: null

25-09-2024T14:11:24 - [TEST_STEP][PASSED] - println(isRequiredTextPresent): null

25-09-2024T14:11:24 - [TEST_STEP][PASSED] - if (isRequiredTextPresent): null

25-09-2024T14:11:24 - [TEST_STEP][PASSED] - if (verifyTextPresent("Check Information:", false)): null

25-09-2024T14:11:24 - [MESSAGE][PASSED] - Text 'Check Information:' is present on page 

25-09-2024T14:11:24 - [TEST_STEP][PASSED] - isRequiredTextPresent = true: null

25-09-2024T14:11:24 - [TEST_STEP][PASSED] - println(isRequiredTextPresent): null

25-09-2024T14:11:24 - [TEST_STEP][PASSED] - if (isRequiredTextPresent): null

25-09-2024T14:11:24 - [TEST_STEP][PASSED] - if (verifyTextPresent("Account Type:", false)): null

25-09-2024T14:11:24 - [MESSAGE][PASSED] - Text 'Account Type:' is present on page 

25-09-2024T14:11:24 - [TEST_STEP][PASSED] - isRequiredTextPresent = true: null

25-09-2024T14:11:24 - [TEST_STEP][PASSED] - println(isRequiredTextPresent): null

25-09-2024T14:11:24 - [TEST_STEP][PASSED] - if (isRequiredTextPresent): null

25-09-2024T14:11:24 - [TEST_STEP][PASSED] - if (verifyTextPresent("Account Number:", false)): null

25-09-2024T14:11:24 - [MESSAGE][PASSED] - Text 'Account Number:' is present on page 

25-09-2024T14:11:24 - [TEST_STEP][PASSED] - isRequiredTextPresent = true: null

25-09-2024T14:11:24 - [TEST_STEP][PASSED] - println(isRequiredTextPresent): null

25-09-2024T14:11:24 - [TEST_STEP][PASSED] - if (isRequiredTextPresent): null

25-09-2024T14:11:24 - [TEST_STEP][PASSED] - if (verifyTextPresent("Routing Number:", false)): null

25-09-2024T14:11:25 - [MESSAGE][PASSED] - Text 'Routing Number:' is present on page 

25-09-2024T14:11:25 - [TEST_STEP][PASSED] - isRequiredTextPresent = true: null

25-09-2024T14:11:25 - [TEST_STEP][PASSED] - println(isRequiredTextPresent): null

25-09-2024T14:11:25 - [TEST_STEP][PASSED] - if (isRequiredTextPresent): null

25-09-2024T14:11:25 - [TEST_STEP][PASSED] - if (verifyTextPresent("Name of Account:", false)): null

25-09-2024T14:11:25 - [MESSAGE][PASSED] - Text 'Name of Account:' is present on page 

25-09-2024T14:11:25 - [TEST_STEP][PASSED] - isRequiredTextPresent = true: null

25-09-2024T14:11:25 - [TEST_STEP][PASSED] - println(isRequiredTextPresent): null

25-09-2024T14:11:25 - [TEST_STEP][PASSED] - if (isRequiredTextPresent): null

25-09-2024T14:11:25 - [TEST_STEP][PASSED] - if (verifyTextPresent("Billing Information:", false)): null

25-09-2024T14:11:25 - [MESSAGE][PASSED] - Text 'Billing Information:' is present on page 

25-09-2024T14:11:25 - [TEST_STEP][PASSED] - isRequiredTextPresent = true: null

25-09-2024T14:11:25 - [TEST_STEP][PASSED] - println(isRequiredTextPresent): null

25-09-2024T14:11:25 - [TEST_STEP][PASSED] - if (isRequiredTextPresent): null

25-09-2024T14:11:25 - [TEST_STEP][PASSED] - if (verifyTextPresent("Address Line 1:", false)): null

25-09-2024T14:11:25 - [MESSAGE][PASSED] - Text 'Address Line 1:' is present on page 

25-09-2024T14:11:25 - [TEST_STEP][PASSED] - isRequiredTextPresent = true: null

25-09-2024T14:11:25 - [TEST_STEP][PASSED] - println(isRequiredTextPresent): null

25-09-2024T14:11:25 - [TEST_STEP][PASSED] - if (isRequiredTextPresent): null

25-09-2024T14:11:25 - [TEST_STEP][PASSED] - if (verifyTextPresent("Address Line 2:", false)): null

25-09-2024T14:11:26 - [MESSAGE][PASSED] - Text 'Address Line 2:' is present on page 

25-09-2024T14:11:26 - [TEST_STEP][PASSED] - isRequiredTextPresent = true: null

25-09-2024T14:11:26 - [TEST_STEP][PASSED] - println(isRequiredTextPresent): null

25-09-2024T14:11:26 - [TEST_STEP][PASSED] - if (isRequiredTextPresent): null

25-09-2024T14:11:26 - [TEST_STEP][PASSED] - if (verifyTextPresent("Country:", false)): null

25-09-2024T14:11:26 - [MESSAGE][PASSED] - Text 'Country:' is present on page 

25-09-2024T14:11:26 - [TEST_STEP][PASSED] - isRequiredTextPresent = true: null

25-09-2024T14:11:26 - [TEST_STEP][PASSED] - println(isRequiredTextPresent): null

25-09-2024T14:11:26 - [TEST_STEP][PASSED] - if (isRequiredTextPresent): null

25-09-2024T14:11:26 - [TEST_STEP][PASSED] - if (verifyTextPresent("City:", false)): null

25-09-2024T14:11:26 - [MESSAGE][PASSED] - Text 'City:' is present on page 

25-09-2024T14:11:26 - [TEST_STEP][PASSED] - isRequiredTextPresent = true: null

25-09-2024T14:11:26 - [TEST_STEP][PASSED] - println(isRequiredTextPresent): null

25-09-2024T14:11:26 - [TEST_STEP][PASSED] - if (isRequiredTextPresent): null

25-09-2024T14:11:26 - [TEST_STEP][PASSED] - if (verifyTextPresent("State:", false)): null

25-09-2024T14:11:27 - [MESSAGE][PASSED] - Text 'State:' is present on page 

25-09-2024T14:11:27 - [TEST_STEP][PASSED] - isRequiredTextPresent = true: null

25-09-2024T14:11:27 - [TEST_STEP][PASSED] - println(isRequiredTextPresent): null

25-09-2024T14:11:27 - [TEST_STEP][PASSED] - if (isRequiredTextPresent): null

25-09-2024T14:11:27 - [TEST_STEP][PASSED] - if (verifyTextPresent("Zip Code:", false)): null

25-09-2024T14:11:27 - [MESSAGE][PASSED] - Text 'Zip Code:' is present on page 

25-09-2024T14:11:27 - [TEST_STEP][PASSED] - isRequiredTextPresent = true: null

25-09-2024T14:11:27 - [TEST_STEP][PASSED] - println(isRequiredTextPresent): null

25-09-2024T14:11:27 - [TEST_STEP][PASSED] - if (isRequiredTextPresent): null

25-09-2024T14:11:27 - [TEST_STEP][PASSED] - if (verifyTextPresent("Plan Information:", false)): null

25-09-2024T14:11:27 - [MESSAGE][PASSED] - Text 'Plan Information:' is present on page 

25-09-2024T14:11:27 - [TEST_STEP][PASSED] - isRequiredTextPresent = true: null

25-09-2024T14:11:27 - [TEST_STEP][PASSED] - println(isRequiredTextPresent): null

25-09-2024T14:11:27 - [TEST_STEP][PASSED] - if (isRequiredTextPresent): null

25-09-2024T14:11:27 - [TEST_STEP][PASSED] - if (verifyTextPresent("Payment Plan Type:", false)): null

25-09-2024T14:11:27 - [MESSAGE][PASSED] - Text 'Payment Plan Type:' is present on page 

25-09-2024T14:11:27 - [TEST_STEP][PASSED] - isRequiredTextPresent = true: null

25-09-2024T14:11:27 - [TEST_STEP][PASSED] - println(isRequiredTextPresent): null

25-09-2024T14:11:27 - [TEST_STEP][PASSED] - if (isRequiredTextPresent): null

25-09-2024T14:11:27 - [TEST_STEP][PASSED] - if (verifyTextPresent("Payment Plan ID:", false)): null

25-09-2024T14:11:28 - [MESSAGE][PASSED] - Text 'Payment Plan ID:' is present on page 

25-09-2024T14:11:28 - [TEST_STEP][PASSED] - isRequiredTextPresent = true: null

25-09-2024T14:11:28 - [TEST_STEP][PASSED] - println(isRequiredTextPresent): null

25-09-2024T14:11:28 - [TEST_STEP][PASSED] - if (isRequiredTextPresent): null

25-09-2024T14:11:28 - [TEST_STEP][PASSED] - if (verifyTextPresent("Start Date:", false)): null

25-09-2024T14:11:28 - [MESSAGE][PASSED] - Text 'Start Date:' is present on page 

25-09-2024T14:11:28 - [TEST_STEP][PASSED] - isRequiredTextPresent = true: null

25-09-2024T14:11:28 - [TEST_STEP][PASSED] - println(isRequiredTextPresent): null

25-09-2024T14:11:28 - [TEST_STEP][PASSED] - if (isRequiredTextPresent == true): pages.WriteExcel.demoKey is PASSED

25-09-2024T14:11:28 - [TEST_STEP][PASSED] - println("All the relevant texts are present on Receipt Page"): null

25-09-2024T14:11:28 - [TEST_STEP][PASSED] - markPassed("All the relevant texts are present on Receipt Page"): All the relevant texts are present on Receipt Page

25-09-2024T14:11:28 - [MESSAGE][PASSED] - All the relevant texts are present on Receipt Page

25-09-2024T14:11:28 - [TEST_STEP][PASSED] - resText = "Pass": null

25-09-2024T14:11:28 - [TEST_STEP][PASSED] - pages.WriteExcel.demoKey(resText, datText, resColumn, datCloumn, fileLoc, nameSheet, row): pages.WriteExcel.demoKey is PASSED

25-09-2024T14:11:28 - [MESSAGE][PASSED] - pages.WriteExcel.demoKey is PASSED

25-09-2024T14:11:28 - [TEST_STEP][PASSED] - closeBrowser(): Browser is closed

25-09-2024T14:11:29 - [MESSAGE][PASSED] - Browser is closed]]></system-out>
         <system-err><![CDATA[]]></system-err>
      </testcase>
      <testcase name="Test Cases/IntegratedWeb/IWP25/Payments/VerifyEditReceiptLabelsDeferredPS" time="83.829" classname="Test Cases/IntegratedWeb/IWP25/Payments/VerifyEditReceiptLabelsDeferredPS" status="PASSED">
         <system-out><![CDATA[25-09-2024T14:11:29 - [TEST_CASE][PASSED] - Test Cases/IntegratedWeb/IWP25/Payments/VerifyEditReceiptLabelsDeferredPS: Test Cases/IntegratedWeb/IWP25/Payments/VerifyEditReceiptLabelsDeferredPS

25-09-2024T14:11:29 - [TEST_STEP][PASSED] - resText = "Fail": null

25-09-2024T14:11:29 - [TEST_STEP][PASSED] - resColumn = "Result": null

25-09-2024T14:11:29 - [TEST_STEP][PASSED] - datCloumn = "Date": null

25-09-2024T14:11:29 - [TEST_STEP][PASSED] - fileLoc = "KatalonData/IWPTestData/VRelay25PaymentsExtension.xlsx": null

25-09-2024T14:11:29 - [TEST_STEP][PASSED] - numOfRows = <not implemented yet for class: org.codehaus.groovy.ast.expr.EmptyExpression>: null

25-09-2024T14:11:29 - [TEST_STEP][PASSED] - nameSheet = <not implemented yet for class: org.codehaus.groovy.ast.expr.EmptyExpression>: null

25-09-2024T14:11:29 - [TEST_STEP][PASSED] - dataFileEmulator = <not implemented yet for class: org.codehaus.groovy.ast.expr.EmptyExpression>: null

25-09-2024T14:11:29 - [TEST_STEP][PASSED] - isRequiredTextPresent = false: null

25-09-2024T14:11:29 - [TEST_STEP][PASSED] - nameSheet = "VerifyEditLabelDeferredPS": null

25-09-2024T14:11:29 - [TEST_STEP][PASSED] - dataFile = getExcelDataWithDefaultSheet("KatalonData/IWPTestData/VRelay25PaymentsExtension.xlsx", nameSheet, true): null

25-09-2024T14:11:29 - [TEST_STEP][PASSED] - dataFileEmulator = "IWPTestData/EmulatorData": null

25-09-2024T14:11:29 - [TEST_STEP][PASSED] - numOfRows = dataFile.getRowNumbers(): null

25-09-2024T14:11:29 - [TEST_STEP][PASSED] - println("Number of Records: " + numOfRows): null

25-09-2024T14:11:29 - [TEST_STEP][PASSED] - columnNames = dataFile.getColumnNames(): null

25-09-2024T14:11:29 - [TEST_STEP][PASSED] - println(columnNames[0]): null

25-09-2024T14:11:29 - [TEST_STEP][PASSED] - for ([row = 1, row <= numOfRows, (row++)]): Browser is closed

25-09-2024T14:11:29 - [TEST_STEP][PASSED] - ExecuteTC = dataFile.getValue("Execute", row): null

25-09-2024T14:11:29 - [TEST_STEP][PASSED] - out.println("Value of Execute is : " + ExecuteTC): null

25-09-2024T14:11:29 - [TEST_STEP][PASSED] - if (ExecuteTC.equalsIgnoreCase("Y")): null

25-09-2024T14:11:29 - [TEST_STEP][PASSED] - out.println("Begin Record Number: " + row): null

25-09-2024T14:11:29 - [TEST_STEP][PASSED] - today = new java.util.Date(): null

25-09-2024T14:11:29 - [TEST_STEP][PASSED] - println(today): null

25-09-2024T14:11:29 - [TEST_STEP][PASSED] - datText = today: null

25-09-2024T14:11:29 - [TEST_STEP][PASSED] - EmulatorDataKey = dataFile.getValue("EmulatorData", row): null

25-09-2024T14:11:29 - [TEST_STEP][PASSED] - out.println("Value of Emulator Key is : " + EmulatorDataKey): null

25-09-2024T14:11:29 - [TEST_STEP][PASSED] - iwpPages.emulatorIWP30.setDataEmulator_DD(EmulatorDataKey): iwpPages.emulatorIWP30.setDataEmulator_DD is PASSED

25-09-2024T14:11:29 - [MESSAGE][INFO] - Starting 'Edge Chromium' driver

25-09-2024T14:11:29 - [MESSAGE][INFO] - User set preference: ['acceptInsecureCerts', 'true']

25-09-2024T14:11:31 - [MESSAGE][INFO] - Action delay is set to 0 milliseconds

25-09-2024T14:11:35 - [MESSAGE][PASSED] - Browser is opened with url: 'https://qa.velocitypayment.com/agency/config.do?action=editor&message_version=2_5'

25-09-2024T14:11:35 - [MESSAGE][PASSED] - Current window maximized

25-09-2024T14:11:36 - [MESSAGE][PASSED] - All options with value '2.5' are selected in object 'Object Repository/IWP30/Page_VRelay30Emulator/MV'  using regular expression

25-09-2024T14:11:37 - [MESSAGE][PASSED] - Text '10.50' is set on object 'Object Repository/IWP30/Page_VRelay30Emulator/Amount'

25-09-2024T14:11:37 - [MESSAGE][PASSED] - Text 'CNbVfDPUyHNo' is set on object 'Object Repository/IWP30/Page_VRelay30Emulator/CAN'

25-09-2024T14:11:38 - [MESSAGE][PASSED] - Text 'PayNow' is set on object 'Object Repository/IWP30/Page_VRelay30Emulator/Action'

25-09-2024T14:11:39 - [MESSAGE][PASSED] - Text 'en_US' is set on object 'Object Repository/IWP30/Page_VRelay30Emulator/Lang'

25-09-2024T14:11:39 - [MESSAGE][PASSED] - Text '' is set on object 'Object Repository/IWP30/Page_VRelay30Emulator/Fname'

25-09-2024T14:11:40 - [MESSAGE][PASSED] - Text '' is set on object 'Object Repository/IWP30/Page_VRelay30Emulator/Lname'

25-09-2024T14:11:40 - [MESSAGE][PASSED] - Text '' is set on object 'Object Repository/IWP30/Page_VRelay30Emulator/AL1'

25-09-2024T14:11:41 - [MESSAGE][PASSED] - Text '' is set on object 'Object Repository/IWP30/Page_VRelay30Emulator/AL2'

25-09-2024T14:11:41 - [MESSAGE][PASSED] - Text '' is set on object 'Object Repository/IWP30/Page_VRelay30Emulator/Country'

25-09-2024T14:11:42 - [MESSAGE][PASSED] - Text '' is set on object 'Object Repository/IWP30/Page_VRelay30Emulator/City'

25-09-2024T14:11:43 - [MESSAGE][PASSED] - Text '' is set on object 'Object Repository/IWP30/Page_VRelay30Emulator/State'

25-09-2024T14:11:43 - [MESSAGE][PASSED] - Text '' is set on object 'Object Repository/IWP30/Page_VRelay30Emulator/ZIP'

25-09-2024T14:11:44 - [MESSAGE][PASSED] - Text '' is set on object 'Object Repository/IWP30/Page_VRelay30Emulator/Order'

25-09-2024T14:11:44 - [MESSAGE][PASSED] - Text '' is set on object 'Object Repository/IWP30/Page_VRelay30Emulator/Company'

25-09-2024T14:11:45 - [MESSAGE][PASSED] - Text '' is set on object 'Object Repository/IWP30/Page_VRelay30Emulator/Email'

25-09-2024T14:11:45 - [MESSAGE][PASSED] - Text '' is set on object 'Object Repository/IWP30/Page_VRelay30Emulator/UDF1'

25-09-2024T14:11:46 - [MESSAGE][PASSED] - Text '' is set on object 'Object Repository/IWP30/Page_VRelay30Emulator/UDF2'

25-09-2024T14:11:47 - [MESSAGE][PASSED] - Text '' is set on object 'Object Repository/IWP30/Page_VRelay30Emulator/UDF3'

25-09-2024T14:11:47 - [MESSAGE][PASSED] - Text 'udf data 4' is set on object 'Object Repository/IWP30/Page_VRelay30Emulator/UDF4'

25-09-2024T14:11:48 - [MESSAGE][PASSED] - Text 'udf data 5' is set on object 'Object Repository/IWP30/Page_VRelay30Emulator/UDF5'

25-09-2024T14:11:48 - [MESSAGE][PASSED] - Text '' is set on object 'Object Repository/IWP30/Page_VRelay30Emulator/UDF6'

25-09-2024T14:11:49 - [MESSAGE][PASSED] - Text '' is set on object 'Object Repository/IWP30/Page_VRelay30Emulator/UDF7'

25-09-2024T14:11:50 - [MESSAGE][PASSED] - Text '' is set on object 'Object Repository/IWP30/Page_VRelay30Emulator/UDF8'

25-09-2024T14:11:50 - [MESSAGE][PASSED] - Text 'udf data 9' is set on object 'Object Repository/IWP30/Page_VRelay30Emulator/UDF9'

25-09-2024T14:11:51 - [MESSAGE][PASSED] - Text 'udf data 10' is set on object 'Object Repository/IWP30/Page_VRelay30Emulator/UDF10'

25-09-2024T14:11:52 - [MESSAGE][PASSED] - Object: 'Object Repository/IWP30/Page_VRelay30Emulator/Submit' is clicked on

25-09-2024T14:11:56 - [MESSAGE][PASSED] - Browser is closed

25-09-2024T14:12:00 - [MESSAGE][PASSED] - iwpPages.emulatorIWP30.setDataEmulator_DD is PASSED

25-09-2024T14:12:00 - [TEST_STEP][PASSED] - testHarnessURL = urlTestHarness: null

25-09-2024T14:12:00 - [TEST_STEP][PASSED] - openBrowser(testHarnessURL): Browser is opened with url: 'https://dev-algorithm.govolution.com/vrelaytest/QA/version_2_2/vrelaytest.html'

25-09-2024T14:12:00 - [MESSAGE][INFO] - Starting 'Edge Chromium' driver

25-09-2024T14:12:00 - [MESSAGE][INFO] - User set preference: ['acceptInsecureCerts', 'true']

25-09-2024T14:12:02 - [MESSAGE][INFO] - Action delay is set to 0 milliseconds

25-09-2024T14:12:06 - [MESSAGE][PASSED] - Browser is opened with url: 'https://dev-algorithm.govolution.com/vrelaytest/QA/version_2_2/vrelaytest.html'

25-09-2024T14:12:06 - [TEST_STEP][PASSED] - maximizeWindow(): Current window maximized

25-09-2024T14:12:06 - [MESSAGE][PASSED] - Current window maximized

25-09-2024T14:12:06 - [TEST_STEP][PASSED] - iwpPages.TestHarnessPage.setDataMethodEF(row, dataFile): iwpPages.TestHarnessPage.setDataMethodEF is PASSED

25-09-2024T14:12:06 - [MESSAGE][PASSED] - Object 'Object Repository/IWP30/Page_QATestHarness/RemittanceID' is present

25-09-2024T14:12:07 - [MESSAGE][PASSED] - Text '638' is set on object 'Object Repository/IWP30/Page_QATestHarness/ApplicationID'

25-09-2024T14:12:08 - [MESSAGE][PASSED] - Text '2.5' is set on object 'Object Repository/IWP30/Page_QATestHarness/MessageVersion'

25-09-2024T14:12:08 - [MESSAGE][PASSED] - Text 'BdM7Qudk2RNi' is set on object 'Object Repository/IWP30/Page_QATestHarness/RemittanceID'

25-09-2024T14:12:11 - [MESSAGE][PASSED] - Object: 'Object Repository/IWP30/Page_QATestHarness/SubmitButton' is clicked on

25-09-2024T14:12:11 - [MESSAGE][PASSED] - iwpPages.TestHarnessPage.setDataMethodEF is PASSED

25-09-2024T14:12:11 - [TEST_STEP][PASSED] - click(findTestObject("Object Repository/IWP30/Page_SelectPaymentMethod/PayByPersonalCheck")): Object: 'Object Repository/IWP30/Page_SelectPaymentMethod/PayByPersonalCheck' is clicked on

25-09-2024T14:12:11 - [MESSAGE][PASSED] - Object: 'Object Repository/IWP30/Page_SelectPaymentMethod/PayByPersonalCheck' is clicked on

25-09-2024T14:12:11 - [TEST_STEP][PASSED] - click(findTestObject("Object Repository/IWP30/Page_SelectPaymentMethod/MakePaymentButton")): Object: 'Object Repository/IWP30/Page_SelectPaymentMethod/MakePaymentButton' is clicked on

25-09-2024T14:12:13 - [MESSAGE][PASSED] - Object: 'Object Repository/IWP30/Page_SelectPaymentMethod/MakePaymentButton' is clicked on

25-09-2024T14:12:13 - [TEST_STEP][PASSED] - iwpPages.achPersonalPaymentEntryPage.setDataACHPPM(row, dataFile): iwpPages.achPersonalPaymentEntryPage.setDataACHPPM is PASSED

25-09-2024T14:12:14 - [MESSAGE][PASSED] - Object 'Object Repository/IWP30/Page_ACHPersonalPaymentEntry/txt_accountNumber' is present

25-09-2024T14:12:14 - [MESSAGE][PASSED] - Text '10.50' is set on object 'Object Repository/IWP30/Page_ACHPersonalPaymentEntry/txt_Amount'

25-09-2024T14:12:14 - [MESSAGE][PASSED] - Object 'Object Repository/IWP30/Page_ACHPersonalPaymentEntry/txt_UDF2' is present

25-09-2024T14:12:15 - [MESSAGE][PASSED] - Text 'udf data 2' is set on object 'Object Repository/IWP30/Page_ACHPersonalPaymentEntry/txt_UDF2'

25-09-2024T14:12:16 - [MESSAGE][PASSED] - Text 'udf data 3' is set on object 'Object Repository/IWP30/Page_ACHPersonalPaymentEntry/txt_UDF3'

25-09-2024T14:12:16 - [MESSAGE][PASSED] - All options with label 'Orange' are selected in object 'Object Repository/IWP30/Page_ACHPersonalPaymentEntry/dd_UDF7' 

25-09-2024T14:12:17 - [MESSAGE][PASSED] - All options with label 'Soccer' are selected in object 'Object Repository/IWP30/Page_ACHPersonalPaymentEntry/dd_UDF8' 

25-09-2024T14:12:17 - [MESSAGE][PASSED] - Object 'Object Repository/IWP30/Page_ACHPersonalPaymentEntry/txt_Firstname' is present

25-09-2024T14:12:18 - [MESSAGE][PASSED] - Text 'Elizath' is set on object 'Object Repository/IWP30/Page_ACHPersonalPaymentEntry/txt_Firstname'

25-09-2024T14:12:18 - [MESSAGE][PASSED] - Object 'Object Repository/IWP30/Page_ACHPersonalPaymentEntry/txt_Lastname' is present

25-09-2024T14:12:18 - [MESSAGE][PASSED] - Text 'Christine' is set on object 'Object Repository/IWP30/Page_ACHPersonalPaymentEntry/txt_Lastname'

25-09-2024T14:12:19 - [MESSAGE][PASSED] - Object 'Object Repository/IWP30/Page_ACHPersonalPaymentEntry/txt_routingNumber' is present

25-09-2024T14:12:19 - [MESSAGE][PASSED] - Text '256072691' is set on object 'Object Repository/IWP30/Page_ACHPersonalPaymentEntry/txt_routingNumber'

25-09-2024T14:12:20 - [MESSAGE][PASSED] - Object 'Object Repository/IWP30/Page_ACHPersonalPaymentEntry/txt_accountNumber' is present

25-09-2024T14:12:21 - [MESSAGE][PASSED] - Text '12344444' is set on object 'Object Repository/IWP30/Page_ACHPersonalPaymentEntry/txt_accountNumber'

25-09-2024T14:12:21 - [MESSAGE][PASSED] - Object 'Object Repository/IWP30/Page_ACHPersonalPaymentEntry/txt_confirmAccountNumber' is present

25-09-2024T14:12:22 - [MESSAGE][PASSED] - Text '12344444' is set on object 'Object Repository/IWP30/Page_ACHPersonalPaymentEntry/txt_confirmAccountNumber'

25-09-2024T14:12:22 - [MESSAGE][PASSED] - Object 'Object Repository/IWP30/Page_ACHPersonalPaymentEntry/rd_accountType' is present

25-09-2024T14:12:22 - [MESSAGE][PASSED] - Modify property of object successfully

25-09-2024T14:12:22 - [MESSAGE][PASSED] - Object: 'Object Repository/IWP30/Page_ACHPersonalPaymentEntry/rd_accountType' is clicked on

25-09-2024T14:12:22 - [MESSAGE][PASSED] - Execute JavaScript '
				   document.getElementById('processDate').value = '08/09/2025'
				  ' successfully

25-09-2024T14:12:23 - [MESSAGE][PASSED] - Text '365 Main Avenue' is set on object 'Object Repository/IWP30/Page_ACHPersonalPaymentEntry/txt_AL1'

25-09-2024T14:12:24 - [MESSAGE][PASSED] - Text 'Ohio' is set on object 'Object Repository/IWP30/Page_ACHPersonalPaymentEntry/txt_AL2'

25-09-2024T14:12:24 - [MESSAGE][PASSED] - Text '22201' is set on object 'Object Repository/IWP30/Page_ACHPersonalPaymentEntry/txt_ZIP'

25-09-2024T14:12:24 - [MESSAGE][PASSED] - Object 'Object Repository/IWP30/Page_ACHPersonalPaymentEntry/txt_Email' is present

25-09-2024T14:12:25 - [MESSAGE][PASSED] - Text 'iahmed@govolution.com' is set on object 'Object Repository/IWP30/Page_ACHPersonalPaymentEntry/txt_Email'

25-09-2024T14:12:26 - [MESSAGE][PASSED] - Object 'Object Repository/IWP30/Page_ACHPersonalPaymentEntry/cb_TermsAndCond' is present

25-09-2024T14:12:26 - [MESSAGE][PASSED] - Object: 'Object Repository/IWP30/Page_ACHPersonalPaymentEntry/cb_TermsAndCond' is clicked on

25-09-2024T14:12:26 - [MESSAGE][PASSED] - Object 'Object Repository/IWP30/Page_ACHPersonalPaymentEntry/btn_Continue' is present

25-09-2024T14:12:28 - [MESSAGE][PASSED] - Object: 'Object Repository/IWP30/Page_ACHPersonalPaymentEntry/btn_Continue' is clicked on

25-09-2024T14:12:28 - [MESSAGE][PASSED] - iwpPages.achPersonalPaymentEntryPage.setDataACHPPM is PASSED

25-09-2024T14:12:28 - [TEST_STEP][PASSED] - click(findTestObject("Object Repository/IWP30/Page_Confirmation/ConfirmButton")): Object: 'Object Repository/IWP30/Page_Confirmation/ConfirmButton' is clicked on

25-09-2024T14:12:30 - [MESSAGE][PASSED] - Object: 'Object Repository/IWP30/Page_Confirmation/ConfirmButton' is clicked on

25-09-2024T14:12:30 - [TEST_STEP][PASSED] - Thread.sleep(2000): null

25-09-2024T14:12:32 - [TEST_STEP][PASSED] - if (verifyTextPresent("Deferred", false)): null

25-09-2024T14:12:32 - [MESSAGE][PASSED] - Text 'Deferred' is present on page 

25-09-2024T14:12:32 - [TEST_STEP][PASSED] - click(findTestObject("Object Repository/IWP30/Page_Receipt/ViewScheduledPaymentsButton")): Object: 'Object Repository/IWP30/Page_Receipt/ViewScheduledPaymentsButton' is clicked on

25-09-2024T14:12:32 - [MESSAGE][PASSED] - Object: 'Object Repository/IWP30/Page_Receipt/ViewScheduledPaymentsButton' is clicked on

25-09-2024T14:12:32 - [TEST_STEP][PASSED] - switchToWindowTitle("View Scheduled Payments"): Switched to window with title: 'View Scheduled Payments'

25-09-2024T14:12:33 - [MESSAGE][PASSED] - Switched to window with title: 'View Scheduled Payments'

25-09-2024T14:12:33 - [TEST_STEP][PASSED] - Thread.sleep(5000): null

25-09-2024T14:12:38 - [TEST_STEP][PASSED] - if (verifyTextPresent("View Scheduled Payments", false)): null

25-09-2024T14:12:38 - [MESSAGE][PASSED] - Text 'View Scheduled Payments' is present on page 

25-09-2024T14:12:38 - [TEST_STEP][PASSED] - click(findTestObject("Object Repository/IWP30/Page_ScheduledPayments/edit_payment")): Object: 'Object Repository/IWP30/Page_ScheduledPayments/edit_payment' is clicked on

25-09-2024T14:12:40 - [MESSAGE][PASSED] - Object: 'Object Repository/IWP30/Page_ScheduledPayments/edit_payment' is clicked on

25-09-2024T14:12:40 - [TEST_STEP][PASSED] - iwpPages.editSchedulePayment.setDataSchedPaymentEF(row, dataFile): iwpPages.editSchedulePayment.setDataSchedPaymentEF is PASSED

25-09-2024T14:12:41 - [MESSAGE][PASSED] - Text 'Edit Payment Plan' is present on page 

25-09-2024T14:12:41 - [MESSAGE][PASSED] - All options with label 'Orange' are selected in object 'Object Repository/IWP30/Page_CCPaymentEntry/UserDefined7' 

25-09-2024T14:12:42 - [MESSAGE][PASSED] - All options with label 'Soccer' are selected in object 'Object Repository/IWP30/Page_CCPaymentEntry/UserDefined8' 

25-09-2024T14:12:42 - [MESSAGE][PASSED] - Execute JavaScript '
				   document.getElementById('processDate').value = '08/09/2045'
				  ' successfully

25-09-2024T14:12:42 - [MESSAGE][PASSED] - iwpPages.editSchedulePayment.setDataSchedPaymentEF is PASSED

25-09-2024T14:12:42 - [TEST_STEP][PASSED] - click(findTestObject("Object Repository/Page_EditSchedPayment/chkbox_acceptterms")): Object: 'Object Repository/Page_EditSchedPayment/chkbox_acceptterms' is clicked on

25-09-2024T14:12:42 - [MESSAGE][PASSED] - Object: 'Object Repository/Page_EditSchedPayment/chkbox_acceptterms' is clicked on

25-09-2024T14:12:42 - [TEST_STEP][PASSED] - click(findTestObject("Object Repository/Page_EditSchedPayment/btn_update")): Object: 'Object Repository/Page_EditSchedPayment/btn_update' is clicked on

25-09-2024T14:12:44 - [MESSAGE][PASSED] - Object: 'Object Repository/Page_EditSchedPayment/btn_update' is clicked on

25-09-2024T14:12:44 - [TEST_STEP][PASSED] - if (verifyTextPresent("Successful Payment Plan Update", false)): null

25-09-2024T14:12:45 - [MESSAGE][PASSED] - Text 'Successful Payment Plan Update' is present on page 

25-09-2024T14:12:45 - [TEST_STEP][PASSED] - isRequiredTextPresent = true: null

25-09-2024T14:12:45 - [TEST_STEP][PASSED] - println(isRequiredTextPresent): null

25-09-2024T14:12:45 - [TEST_STEP][PASSED] - if (isRequiredTextPresent): null

25-09-2024T14:12:45 - [TEST_STEP][PASSED] - if (verifyTextPresent("CAN Label:", false)): null

25-09-2024T14:12:45 - [MESSAGE][PASSED] - Text 'CAN Label:' is present on page 

25-09-2024T14:12:45 - [TEST_STEP][PASSED] - isRequiredTextPresent = true: null

25-09-2024T14:12:45 - [TEST_STEP][PASSED] - println(isRequiredTextPresent): null

25-09-2024T14:12:45 - [TEST_STEP][PASSED] - if (isRequiredTextPresent): null

25-09-2024T14:12:45 - [TEST_STEP][PASSED] - if (verifyTextPresent("Remittance ID:", false)): null

25-09-2024T14:12:45 - [MESSAGE][PASSED] - Text 'Remittance ID:' is present on page 

25-09-2024T14:12:45 - [TEST_STEP][PASSED] - isRequiredTextPresent = true: null

25-09-2024T14:12:45 - [TEST_STEP][PASSED] - println(isRequiredTextPresent): null

25-09-2024T14:12:45 - [TEST_STEP][PASSED] - if (isRequiredTextPresent): null

25-09-2024T14:12:45 - [TEST_STEP][PASSED] - if (verifyTextPresent("UDF2 Label:", false)): null

25-09-2024T14:12:45 - [MESSAGE][PASSED] - Text 'UDF2 Label:' is present on page 

25-09-2024T14:12:45 - [TEST_STEP][PASSED] - isRequiredTextPresent = true: null

25-09-2024T14:12:45 - [TEST_STEP][PASSED] - println(isRequiredTextPresent): null

25-09-2024T14:12:45 - [TEST_STEP][PASSED] - if (isRequiredTextPresent): null

25-09-2024T14:12:45 - [TEST_STEP][PASSED] - if (verifyTextPresent("UDF3 Label:", false)): null

25-09-2024T14:12:46 - [MESSAGE][PASSED] - Text 'UDF3 Label:' is present on page 

25-09-2024T14:12:46 - [TEST_STEP][PASSED] - isRequiredTextPresent = true: null

25-09-2024T14:12:46 - [TEST_STEP][PASSED] - println(isRequiredTextPresent): null

25-09-2024T14:12:46 - [TEST_STEP][PASSED] - if (isRequiredTextPresent): null

25-09-2024T14:12:46 - [TEST_STEP][PASSED] - if (verifyTextPresent("UDF4 Label:", false)): null

25-09-2024T14:12:46 - [MESSAGE][PASSED] - Text 'UDF4 Label:' is present on page 

25-09-2024T14:12:46 - [TEST_STEP][PASSED] - isRequiredTextPresent = true: null

25-09-2024T14:12:46 - [TEST_STEP][PASSED] - println(isRequiredTextPresent): null

25-09-2024T14:12:46 - [TEST_STEP][PASSED] - if (isRequiredTextPresent): null

25-09-2024T14:12:46 - [TEST_STEP][PASSED] - if (verifyTextPresent("UDF7 Label:", false)): null

25-09-2024T14:12:46 - [MESSAGE][PASSED] - Text 'UDF7 Label:' is present on page 

25-09-2024T14:12:46 - [TEST_STEP][PASSED] - isRequiredTextPresent = true: null

25-09-2024T14:12:46 - [TEST_STEP][PASSED] - println(isRequiredTextPresent): null

25-09-2024T14:12:46 - [TEST_STEP][PASSED] - if (isRequiredTextPresent): null

25-09-2024T14:12:46 - [TEST_STEP][PASSED] - if (verifyTextPresent("UDF8 Label:", false)): null

25-09-2024T14:12:47 - [MESSAGE][PASSED] - Text 'UDF8 Label:' is present on page 

25-09-2024T14:12:47 - [TEST_STEP][PASSED] - isRequiredTextPresent = true: null

25-09-2024T14:12:47 - [TEST_STEP][PASSED] - println(isRequiredTextPresent): null

25-09-2024T14:12:47 - [TEST_STEP][PASSED] - if (isRequiredTextPresent): null

25-09-2024T14:12:47 - [TEST_STEP][PASSED] - if (verifyTextPresent("UDF9 Label:", false)): null

25-09-2024T14:12:47 - [MESSAGE][PASSED] - Text 'UDF9 Label:' is present on page 

25-09-2024T14:12:47 - [TEST_STEP][PASSED] - isRequiredTextPresent = true: null

25-09-2024T14:12:47 - [TEST_STEP][PASSED] - println(isRequiredTextPresent): null

25-09-2024T14:12:47 - [TEST_STEP][PASSED] - if (isRequiredTextPresent): null

25-09-2024T14:12:47 - [TEST_STEP][PASSED] - if (verifyTextPresent("Transaction Type:", false)): null

25-09-2024T14:12:47 - [MESSAGE][PASSED] - Text 'Transaction Type:' is present on page 

25-09-2024T14:12:47 - [TEST_STEP][PASSED] - isRequiredTextPresent = true: null

25-09-2024T14:12:47 - [TEST_STEP][PASSED] - println(isRequiredTextPresent): null

25-09-2024T14:12:47 - [TEST_STEP][PASSED] - if (isRequiredTextPresent): null

25-09-2024T14:12:47 - [TEST_STEP][PASSED] - if (verifyTextPresent("Amount:", false)): null

25-09-2024T14:12:47 - [MESSAGE][PASSED] - Text 'Amount:' is present on page 

25-09-2024T14:12:47 - [TEST_STEP][PASSED] - isRequiredTextPresent = true: null

25-09-2024T14:12:47 - [TEST_STEP][PASSED] - println(isRequiredTextPresent): null

25-09-2024T14:12:47 - [TEST_STEP][PASSED] - if (isRequiredTextPresent): null

25-09-2024T14:12:47 - [TEST_STEP][PASSED] - if (verifyTextPresent("Check Information:", false)): null

25-09-2024T14:12:48 - [MESSAGE][PASSED] - Text 'Check Information:' is present on page 

25-09-2024T14:12:48 - [TEST_STEP][PASSED] - isRequiredTextPresent = true: null

25-09-2024T14:12:48 - [TEST_STEP][PASSED] - println(isRequiredTextPresent): null

25-09-2024T14:12:48 - [TEST_STEP][PASSED] - if (isRequiredTextPresent): null

25-09-2024T14:12:48 - [TEST_STEP][PASSED] - if (verifyTextPresent("Account Type:", false)): null

25-09-2024T14:12:48 - [MESSAGE][PASSED] - Text 'Account Type:' is present on page 

25-09-2024T14:12:48 - [TEST_STEP][PASSED] - isRequiredTextPresent = true: null

25-09-2024T14:12:48 - [TEST_STEP][PASSED] - println(isRequiredTextPresent): null

25-09-2024T14:12:48 - [TEST_STEP][PASSED] - if (isRequiredTextPresent): null

25-09-2024T14:12:48 - [TEST_STEP][PASSED] - if (verifyTextPresent("Account Number:", false)): null

25-09-2024T14:12:48 - [MESSAGE][PASSED] - Text 'Account Number:' is present on page 

25-09-2024T14:12:48 - [TEST_STEP][PASSED] - isRequiredTextPresent = true: null

25-09-2024T14:12:48 - [TEST_STEP][PASSED] - println(isRequiredTextPresent): null

25-09-2024T14:12:48 - [TEST_STEP][PASSED] - if (isRequiredTextPresent): null

25-09-2024T14:12:48 - [TEST_STEP][PASSED] - if (verifyTextPresent("Routing Number:", false)): null

25-09-2024T14:12:48 - [MESSAGE][PASSED] - Text 'Routing Number:' is present on page 

25-09-2024T14:12:48 - [TEST_STEP][PASSED] - isRequiredTextPresent = true: null

25-09-2024T14:12:48 - [TEST_STEP][PASSED] - println(isRequiredTextPresent): null

25-09-2024T14:12:48 - [TEST_STEP][PASSED] - if (isRequiredTextPresent): null

25-09-2024T14:12:48 - [TEST_STEP][PASSED] - if (verifyTextPresent("Name of Account:", false)): null

25-09-2024T14:12:49 - [MESSAGE][PASSED] - Text 'Name of Account:' is present on page 

25-09-2024T14:12:49 - [TEST_STEP][PASSED] - isRequiredTextPresent = true: null

25-09-2024T14:12:49 - [TEST_STEP][PASSED] - println(isRequiredTextPresent): null

25-09-2024T14:12:49 - [TEST_STEP][PASSED] - if (isRequiredTextPresent): null

25-09-2024T14:12:49 - [TEST_STEP][PASSED] - if (verifyTextPresent("Billing Information:", false)): null

25-09-2024T14:12:49 - [MESSAGE][PASSED] - Text 'Billing Information:' is present on page 

25-09-2024T14:12:49 - [TEST_STEP][PASSED] - isRequiredTextPresent = true: null

25-09-2024T14:12:49 - [TEST_STEP][PASSED] - println(isRequiredTextPresent): null

25-09-2024T14:12:49 - [TEST_STEP][PASSED] - if (isRequiredTextPresent): null

25-09-2024T14:12:49 - [TEST_STEP][PASSED] - if (verifyTextPresent("Address Line 1:", false)): null

25-09-2024T14:12:49 - [MESSAGE][PASSED] - Text 'Address Line 1:' is present on page 

25-09-2024T14:12:49 - [TEST_STEP][PASSED] - isRequiredTextPresent = true: null

25-09-2024T14:12:49 - [TEST_STEP][PASSED] - println(isRequiredTextPresent): null

25-09-2024T14:12:49 - [TEST_STEP][PASSED] - if (isRequiredTextPresent): null

25-09-2024T14:12:49 - [TEST_STEP][PASSED] - if (verifyTextPresent("Address Line 2:", false)): null

25-09-2024T14:12:50 - [MESSAGE][PASSED] - Text 'Address Line 2:' is present on page 

25-09-2024T14:12:50 - [TEST_STEP][PASSED] - isRequiredTextPresent = true: null

25-09-2024T14:12:50 - [TEST_STEP][PASSED] - println(isRequiredTextPresent): null

25-09-2024T14:12:50 - [TEST_STEP][PASSED] - if (isRequiredTextPresent): null

25-09-2024T14:12:50 - [TEST_STEP][PASSED] - if (verifyTextPresent("Country:", false)): null

25-09-2024T14:12:50 - [MESSAGE][PASSED] - Text 'Country:' is present on page 

25-09-2024T14:12:50 - [TEST_STEP][PASSED] - isRequiredTextPresent = true: null

25-09-2024T14:12:50 - [TEST_STEP][PASSED] - println(isRequiredTextPresent): null

25-09-2024T14:12:50 - [TEST_STEP][PASSED] - if (isRequiredTextPresent): null

25-09-2024T14:12:50 - [TEST_STEP][PASSED] - if (verifyTextPresent("City:", false)): null

25-09-2024T14:12:50 - [MESSAGE][PASSED] - Text 'City:' is present on page 

25-09-2024T14:12:50 - [TEST_STEP][PASSED] - isRequiredTextPresent = true: null

25-09-2024T14:12:50 - [TEST_STEP][PASSED] - println(isRequiredTextPresent): null

25-09-2024T14:12:50 - [TEST_STEP][PASSED] - if (isRequiredTextPresent): null

25-09-2024T14:12:50 - [TEST_STEP][PASSED] - if (verifyTextPresent("State:", false)): null

25-09-2024T14:12:50 - [MESSAGE][PASSED] - Text 'State:' is present on page 

25-09-2024T14:12:50 - [TEST_STEP][PASSED] - isRequiredTextPresent = true: null

25-09-2024T14:12:50 - [TEST_STEP][PASSED] - println(isRequiredTextPresent): null

25-09-2024T14:12:50 - [TEST_STEP][PASSED] - if (isRequiredTextPresent): null

25-09-2024T14:12:50 - [TEST_STEP][PASSED] - if (verifyTextPresent("Zip Code:", false)): null

25-09-2024T14:12:51 - [MESSAGE][PASSED] - Text 'Zip Code:' is present on page 

25-09-2024T14:12:51 - [TEST_STEP][PASSED] - isRequiredTextPresent = true: null

25-09-2024T14:12:51 - [TEST_STEP][PASSED] - println(isRequiredTextPresent): null

25-09-2024T14:12:51 - [TEST_STEP][PASSED] - if (isRequiredTextPresent): null

25-09-2024T14:12:51 - [TEST_STEP][PASSED] - if (verifyTextPresent("Plan Information:", false)): null

25-09-2024T14:12:51 - [MESSAGE][PASSED] - Text 'Plan Information:' is present on page 

25-09-2024T14:12:51 - [TEST_STEP][PASSED] - isRequiredTextPresent = true: null

25-09-2024T14:12:51 - [TEST_STEP][PASSED] - println(isRequiredTextPresent): null

25-09-2024T14:12:51 - [TEST_STEP][PASSED] - if (isRequiredTextPresent): null

25-09-2024T14:12:51 - [TEST_STEP][PASSED] - if (verifyTextPresent("Payment Plan Type:", false)): null

25-09-2024T14:12:51 - [MESSAGE][PASSED] - Text 'Payment Plan Type:' is present on page 

25-09-2024T14:12:51 - [TEST_STEP][PASSED] - isRequiredTextPresent = true: null

25-09-2024T14:12:51 - [TEST_STEP][PASSED] - println(isRequiredTextPresent): null

25-09-2024T14:12:51 - [TEST_STEP][PASSED] - if (isRequiredTextPresent): null

25-09-2024T14:12:51 - [TEST_STEP][PASSED] - if (verifyTextPresent("Payment Plan ID:", false)): null

25-09-2024T14:12:52 - [MESSAGE][PASSED] - Text 'Payment Plan ID:' is present on page 

25-09-2024T14:12:52 - [TEST_STEP][PASSED] - isRequiredTextPresent = true: null

25-09-2024T14:12:52 - [TEST_STEP][PASSED] - println(isRequiredTextPresent): null

25-09-2024T14:12:52 - [TEST_STEP][PASSED] - if (isRequiredTextPresent): null

25-09-2024T14:12:52 - [TEST_STEP][PASSED] - if (verifyTextPresent("Start Date:", false)): null

25-09-2024T14:12:52 - [MESSAGE][PASSED] - Text 'Start Date:' is present on page 

25-09-2024T14:12:52 - [TEST_STEP][PASSED] - isRequiredTextPresent = true: null

25-09-2024T14:12:52 - [TEST_STEP][PASSED] - println(isRequiredTextPresent): null

25-09-2024T14:12:52 - [TEST_STEP][PASSED] - if (isRequiredTextPresent == true): pages.WriteExcel.demoKey is PASSED

25-09-2024T14:12:52 - [TEST_STEP][PASSED] - println("All the relevant texts are present on Receipt Page"): null

25-09-2024T14:12:52 - [TEST_STEP][PASSED] - markPassed("All the relevant texts are present on Receipt Page"): All the relevant texts are present on Receipt Page

25-09-2024T14:12:52 - [MESSAGE][PASSED] - All the relevant texts are present on Receipt Page

25-09-2024T14:12:52 - [TEST_STEP][PASSED] - resText = "Pass": null

25-09-2024T14:12:52 - [TEST_STEP][PASSED] - pages.WriteExcel.demoKey(resText, datText, resColumn, datCloumn, fileLoc, nameSheet, row): pages.WriteExcel.demoKey is PASSED

25-09-2024T14:12:52 - [MESSAGE][PASSED] - pages.WriteExcel.demoKey is PASSED

25-09-2024T14:12:52 - [TEST_STEP][PASSED] - closeBrowser(): Browser is closed

25-09-2024T14:12:52 - [MESSAGE][PASSED] - Browser is closed]]></system-out>
         <system-err><![CDATA[]]></system-err>
      </testcase>
      <testcase name="Test Cases/IntegratedWeb/IWP25/Payments/VerifyReceiptPageLabelsCC" time="74.57" classname="Test Cases/IntegratedWeb/IWP25/Payments/VerifyReceiptPageLabelsCC" status="PASSED">
         <system-out><![CDATA[25-09-2024T14:12:52 - [TEST_CASE][PASSED] - Test Cases/IntegratedWeb/IWP25/Payments/VerifyReceiptPageLabelsCC: Test Cases/IntegratedWeb/IWP25/Payments/VerifyReceiptPageLabelsCC

25-09-2024T14:12:53 - [TEST_STEP][PASSED] - resText = "Fail": null

25-09-2024T14:12:53 - [TEST_STEP][PASSED] - resColumn = "Result": null

25-09-2024T14:12:53 - [TEST_STEP][PASSED] - datCloumn = "Date": null

25-09-2024T14:12:53 - [TEST_STEP][PASSED] - fileLoc = "KatalonData/IWPTestData/VRelay25Payments.xlsx": null

25-09-2024T14:12:53 - [TEST_STEP][PASSED] - numOfRows = <not implemented yet for class: org.codehaus.groovy.ast.expr.EmptyExpression>: null

25-09-2024T14:12:53 - [TEST_STEP][PASSED] - dataFile = <not implemented yet for class: org.codehaus.groovy.ast.expr.EmptyExpression>: null

25-09-2024T14:12:53 - [TEST_STEP][PASSED] - nameSheet = <not implemented yet for class: org.codehaus.groovy.ast.expr.EmptyExpression>: null

25-09-2024T14:12:53 - [TEST_STEP][PASSED] - dataFileEmulator = <not implemented yet for class: org.codehaus.groovy.ast.expr.EmptyExpression>: null

25-09-2024T14:12:53 - [TEST_STEP][PASSED] - isRequiredTextPresent = false: null

25-09-2024T14:12:53 - [TEST_STEP][PASSED] - nameSheet = "VerifyReceiptPageLabelsCredit": null

25-09-2024T14:12:53 - [TEST_STEP][PASSED] - dataFile = "IWPTestData/IWP25VerifyReceiptPageLabelsCC": null

25-09-2024T14:12:53 - [TEST_STEP][PASSED] - dataFileEmulator = "IWPTestData/EmulatorData": null

25-09-2024T14:12:53 - [TEST_STEP][PASSED] - numOfRows = findTestData(dataFile).getRowNumbers(): null

25-09-2024T14:12:53 - [TEST_STEP][PASSED] - println("Number of Records: " + numOfRows): null

25-09-2024T14:12:53 - [TEST_STEP][PASSED] - for ([row = 1, row <= numOfRows, (row++)]): Browser is closed

25-09-2024T14:12:53 - [TEST_STEP][PASSED] - ExecuteTC = findTestData(dataFile).getValue("Execute", row): null

25-09-2024T14:12:53 - [TEST_STEP][PASSED] - out.println("Value of Execute is : " + ExecuteTC): null

25-09-2024T14:12:53 - [TEST_STEP][PASSED] - if (ExecuteTC.equalsIgnoreCase("Y")): pages.WriteExcel.demoKey is PASSED

25-09-2024T14:12:53 - [TEST_STEP][PASSED] - out.println("Begin Record Number: " + row): null

25-09-2024T14:12:53 - [TEST_STEP][PASSED] - today = new java.util.Date(): null

25-09-2024T14:12:53 - [TEST_STEP][PASSED] - println(today): null

25-09-2024T14:12:53 - [TEST_STEP][PASSED] - datText = today: null

25-09-2024T14:12:53 - [TEST_STEP][PASSED] - EmulatorDataKey = findTestData(dataFile).getValue("EmulatorData", row): null

25-09-2024T14:12:53 - [TEST_STEP][PASSED] - out.println("Value of Emulator Key is : " + EmulatorDataKey): null

25-09-2024T14:12:53 - [TEST_STEP][PASSED] - iwpPages.emulatorIWP30.setDataEmulator_DD(EmulatorDataKey): iwpPages.emulatorIWP30.setDataEmulator_DD is PASSED

25-09-2024T14:12:53 - [MESSAGE][INFO] - Starting 'Edge Chromium' driver

25-09-2024T14:12:53 - [MESSAGE][INFO] - User set preference: ['acceptInsecureCerts', 'true']

25-09-2024T14:12:55 - [MESSAGE][INFO] - Action delay is set to 0 milliseconds

25-09-2024T14:12:59 - [MESSAGE][PASSED] - Browser is opened with url: 'https://qa.velocitypayment.com/agency/config.do?action=editor&message_version=2_5'

25-09-2024T14:12:59 - [MESSAGE][PASSED] - Current window maximized

25-09-2024T14:13:00 - [MESSAGE][PASSED] - All options with value '2.5' are selected in object 'Object Repository/IWP30/Page_VRelay30Emulator/MV'  using regular expression

25-09-2024T14:13:00 - [MESSAGE][PASSED] - Text '10.50' is set on object 'Object Repository/IWP30/Page_VRelay30Emulator/Amount'

25-09-2024T14:13:01 - [MESSAGE][PASSED] - Text 'ronxg4ZT40kc' is set on object 'Object Repository/IWP30/Page_VRelay30Emulator/CAN'

25-09-2024T14:13:02 - [MESSAGE][PASSED] - Text 'PayNow' is set on object 'Object Repository/IWP30/Page_VRelay30Emulator/Action'

25-09-2024T14:13:02 - [MESSAGE][PASSED] - Text 'en_US' is set on object 'Object Repository/IWP30/Page_VRelay30Emulator/Lang'

25-09-2024T14:13:03 - [MESSAGE][PASSED] - Text '' is set on object 'Object Repository/IWP30/Page_VRelay30Emulator/Fname'

25-09-2024T14:13:03 - [MESSAGE][PASSED] - Text '' is set on object 'Object Repository/IWP30/Page_VRelay30Emulator/Lname'

25-09-2024T14:13:04 - [MESSAGE][PASSED] - Text '' is set on object 'Object Repository/IWP30/Page_VRelay30Emulator/AL1'

25-09-2024T14:13:05 - [MESSAGE][PASSED] - Text '' is set on object 'Object Repository/IWP30/Page_VRelay30Emulator/AL2'

25-09-2024T14:13:05 - [MESSAGE][PASSED] - Text '' is set on object 'Object Repository/IWP30/Page_VRelay30Emulator/Country'

25-09-2024T14:13:06 - [MESSAGE][PASSED] - Text '' is set on object 'Object Repository/IWP30/Page_VRelay30Emulator/City'

25-09-2024T14:13:06 - [MESSAGE][PASSED] - Text '' is set on object 'Object Repository/IWP30/Page_VRelay30Emulator/State'

25-09-2024T14:13:07 - [MESSAGE][PASSED] - Text '' is set on object 'Object Repository/IWP30/Page_VRelay30Emulator/ZIP'

25-09-2024T14:13:07 - [MESSAGE][PASSED] - Text '' is set on object 'Object Repository/IWP30/Page_VRelay30Emulator/Order'

25-09-2024T14:13:08 - [MESSAGE][PASSED] - Text '' is set on object 'Object Repository/IWP30/Page_VRelay30Emulator/Company'

25-09-2024T14:13:09 - [MESSAGE][PASSED] - Text '' is set on object 'Object Repository/IWP30/Page_VRelay30Emulator/Email'

25-09-2024T14:13:09 - [MESSAGE][PASSED] - Text '' is set on object 'Object Repository/IWP30/Page_VRelay30Emulator/UDF1'

25-09-2024T14:13:10 - [MESSAGE][PASSED] - Text '' is set on object 'Object Repository/IWP30/Page_VRelay30Emulator/UDF2'

25-09-2024T14:13:10 - [MESSAGE][PASSED] - Text '' is set on object 'Object Repository/IWP30/Page_VRelay30Emulator/UDF3'

25-09-2024T14:13:11 - [MESSAGE][PASSED] - Text 'udf data 4' is set on object 'Object Repository/IWP30/Page_VRelay30Emulator/UDF4'

25-09-2024T14:13:12 - [MESSAGE][PASSED] - Text 'udf data 5' is set on object 'Object Repository/IWP30/Page_VRelay30Emulator/UDF5'

25-09-2024T14:13:12 - [MESSAGE][PASSED] - Text '' is set on object 'Object Repository/IWP30/Page_VRelay30Emulator/UDF6'

25-09-2024T14:13:13 - [MESSAGE][PASSED] - Text '' is set on object 'Object Repository/IWP30/Page_VRelay30Emulator/UDF7'

25-09-2024T14:13:13 - [MESSAGE][PASSED] - Text '' is set on object 'Object Repository/IWP30/Page_VRelay30Emulator/UDF8'

25-09-2024T14:13:14 - [MESSAGE][PASSED] - Text 'udf data 9' is set on object 'Object Repository/IWP30/Page_VRelay30Emulator/UDF9'

25-09-2024T14:13:14 - [MESSAGE][PASSED] - Text 'udf data 10' is set on object 'Object Repository/IWP30/Page_VRelay30Emulator/UDF10'

25-09-2024T14:13:16 - [MESSAGE][PASSED] - Object: 'Object Repository/IWP30/Page_VRelay30Emulator/Submit' is clicked on

25-09-2024T14:13:20 - [MESSAGE][PASSED] - Browser is closed

25-09-2024T14:13:24 - [MESSAGE][PASSED] - iwpPages.emulatorIWP30.setDataEmulator_DD is PASSED

25-09-2024T14:13:24 - [TEST_STEP][PASSED] - testHarnessURL = urlTestHarness: null

25-09-2024T14:13:24 - [TEST_STEP][PASSED] - openBrowser(testHarnessURL): Browser is opened with url: 'https://dev-algorithm.govolution.com/vrelaytest/QA/version_2_2/vrelaytest.html'

25-09-2024T14:13:24 - [MESSAGE][INFO] - Starting 'Edge Chromium' driver

25-09-2024T14:13:24 - [MESSAGE][INFO] - User set preference: ['acceptInsecureCerts', 'true']

25-09-2024T14:13:26 - [MESSAGE][INFO] - Action delay is set to 0 milliseconds

25-09-2024T14:13:30 - [MESSAGE][PASSED] - Browser is opened with url: 'https://dev-algorithm.govolution.com/vrelaytest/QA/version_2_2/vrelaytest.html'

25-09-2024T14:13:30 - [TEST_STEP][PASSED] - maximizeWindow(): Current window maximized

25-09-2024T14:13:30 - [MESSAGE][PASSED] - Current window maximized

25-09-2024T14:13:30 - [TEST_STEP][PASSED] - iwpPages.TestHarnessPage.setDataMethod(row, dataFile): iwpPages.TestHarnessPage.setDataMethod is PASSED

25-09-2024T14:13:30 - [MESSAGE][PASSED] - Object 'Object Repository/IWP30/Page_QATestHarness/RemittanceID' is present

25-09-2024T14:13:31 - [MESSAGE][PASSED] - Text '638' is set on object 'Object Repository/IWP30/Page_QATestHarness/ApplicationID'

25-09-2024T14:13:31 - [MESSAGE][PASSED] - Text '2.5' is set on object 'Object Repository/IWP30/Page_QATestHarness/MessageVersion'

25-09-2024T14:13:32 - [MESSAGE][PASSED] - Text '8HthdOLKCLDD' is set on object 'Object Repository/IWP30/Page_QATestHarness/RemittanceID'

25-09-2024T14:13:35 - [MESSAGE][PASSED] - Object: 'Object Repository/IWP30/Page_QATestHarness/SubmitButton' is clicked on

25-09-2024T14:13:35 - [MESSAGE][PASSED] - iwpPages.TestHarnessPage.setDataMethod is PASSED

25-09-2024T14:13:35 - [TEST_STEP][PASSED] - click(findTestObject("Object Repository/IWP30/Page_SelectPaymentMethod/PayByCreditCard")): Object: 'Object Repository/IWP30/Page_SelectPaymentMethod/PayByCreditCard' is clicked on

25-09-2024T14:13:36 - [MESSAGE][PASSED] - Object: 'Object Repository/IWP30/Page_SelectPaymentMethod/PayByCreditCard' is clicked on

25-09-2024T14:13:36 - [TEST_STEP][PASSED] - click(findTestObject("Object Repository/IWP30/Page_SelectPaymentMethod/MakePaymentButton")): Object: 'Object Repository/IWP30/Page_SelectPaymentMethod/MakePaymentButton' is clicked on

25-09-2024T14:13:37 - [MESSAGE][PASSED] - Object: 'Object Repository/IWP30/Page_SelectPaymentMethod/MakePaymentButton' is clicked on

25-09-2024T14:13:37 - [TEST_STEP][PASSED] - iwpPages.ccPaymentEntryPage.setDataCCPM(row, dataFile): iwpPages.ccPaymentEntryPage.setDataCCPM is PASSED

25-09-2024T14:13:39 - [MESSAGE][PASSED] - Object 'Object Repository/IWP30/Page_CCPaymentEntry/Name' is present

25-09-2024T14:13:39 - [MESSAGE][PASSED] - Text '10.50' is set on object 'Object Repository/IWP30/Page_CCPaymentEntry/Amount'

25-09-2024T14:13:40 - [MESSAGE][PASSED] - Text 'udf data 2' is set on object 'Object Repository/IWP30/Page_CCPaymentEntry/UserDefined2'

25-09-2024T14:13:40 - [MESSAGE][PASSED] - Text 'udf data 3' is set on object 'Object Repository/IWP30/Page_CCPaymentEntry/UserDefined3'

25-09-2024T14:13:41 - [MESSAGE][PASSED] - All options with label 'Orange' are selected in object 'Object Repository/IWP30/Page_CCPaymentEntry/UserDefined7' 

25-09-2024T14:13:41 - [MESSAGE][PASSED] - All options with label 'Soccer' are selected in object 'Object Repository/IWP30/Page_CCPaymentEntry/UserDefined8' 

25-09-2024T14:13:42 - [MESSAGE][PASSED] - Object 'Object Repository/IWP30/Page_CCPaymentEntry/Name' is present

25-09-2024T14:13:42 - [MESSAGE][PASSED] - Text 'Kavita Ranawati' is set on object 'Object Repository/IWP30/Page_CCPaymentEntry/Name'

25-09-2024T14:13:43 - [MESSAGE][PASSED] - Object 'Object Repository/IWP30/Page_CCPaymentEntry/CardNumber' is present

25-09-2024T14:13:43 - [MESSAGE][PASSED] - Text '4111111111111111' is set on object 'Object Repository/IWP30/Page_CCPaymentEntry/CardNumber'

25-09-2024T14:13:44 - [MESSAGE][PASSED] - Text '123' is set on object 'Object Repository/IWP30/Page_CCPaymentEntry/SPC'

25-09-2024T14:13:45 - [MESSAGE][PASSED] - Object 'Object Repository/IWP30/Page_CCPaymentEntry/Month' is present

25-09-2024T14:13:45 - [MESSAGE][PASSED] - All options with label '09' are selected in object 'Object Repository/IWP30/Page_CCPaymentEntry/Month' 

25-09-2024T14:13:45 - [MESSAGE][PASSED] - Object 'Object Repository/IWP30/Page_CCPaymentEntry/Year' is present

25-09-2024T14:13:46 - [MESSAGE][PASSED] - All options with label '2028' are selected in object 'Object Repository/IWP30/Page_CCPaymentEntry/Year' 

25-09-2024T14:13:47 - [MESSAGE][PASSED] - Text '365 Main Avenue' is set on object 'Object Repository/IWP30/Page_CCPaymentEntry/AL1'

25-09-2024T14:13:47 - [MESSAGE][PASSED] - Text '22201' is set on object 'Object Repository/IWP30/Page_CCPaymentEntry/ZIP'

25-09-2024T14:13:47 - [MESSAGE][PASSED] - Object 'Object Repository/IWP30/Page_CCPaymentEntry/EmailAddress' is present

25-09-2024T14:13:48 - [MESSAGE][PASSED] - Text 'iahmed@govolution.com' is set on object 'Object Repository/IWP30/Page_CCPaymentEntry/EmailAddress'

25-09-2024T14:13:49 - [MESSAGE][PASSED] - Object 'Object Repository/IWP30/Page_CCPaymentEntry/TermCondCheckBox' is present

25-09-2024T14:13:49 - [MESSAGE][PASSED] - Object 'Object Repository/IWP30/Page_CCPaymentEntry/TermCondCheckBox' is checked

25-09-2024T14:13:49 - [MESSAGE][PASSED] - Object 'Object Repository/IWP30/Page_CCPaymentEntry/ContinueButton' is present

25-09-2024T14:13:51 - [MESSAGE][PASSED] - Object: 'Object Repository/IWP30/Page_CCPaymentEntry/ContinueButton' is clicked on

25-09-2024T14:13:51 - [MESSAGE][PASSED] - iwpPages.ccPaymentEntryPage.setDataCCPM is PASSED

25-09-2024T14:13:51 - [TEST_STEP][PASSED] - click(findTestObject("Object Repository/IWP30/Page_Confirmation/ConfirmButton")): Object: 'Object Repository/IWP30/Page_Confirmation/ConfirmButton' is clicked on

25-09-2024T14:13:52 - [MESSAGE][PASSED] - Object: 'Object Repository/IWP30/Page_Confirmation/ConfirmButton' is clicked on

25-09-2024T14:13:52 - [TEST_STEP][PASSED] - Thread.sleep(5000): null

25-09-2024T14:13:57 - [TEST_STEP][PASSED] - if (verifyTextPresent("Make a Real Estate Payment", false)): null

25-09-2024T14:13:59 - [MESSAGE][PASSED] - Text 'Make a Real Estate Payment' is present on page 

25-09-2024T14:13:59 - [TEST_STEP][PASSED] - isRequiredTextPresent = true: null

25-09-2024T14:13:59 - [TEST_STEP][PASSED] - println(isRequiredTextPresent): null

25-09-2024T14:13:59 - [TEST_STEP][PASSED] - if (isRequiredTextPresent): null

25-09-2024T14:13:59 - [TEST_STEP][PASSED] - if (verifyTextPresent("Successful Payment Receipt", false)): null

25-09-2024T14:13:59 - [MESSAGE][PASSED] - Text 'Successful Payment Receipt' is present on page 

25-09-2024T14:13:59 - [TEST_STEP][PASSED] - isRequiredTextPresent = true: null

25-09-2024T14:13:59 - [TEST_STEP][PASSED] - println(isRequiredTextPresent): null

25-09-2024T14:13:59 - [TEST_STEP][PASSED] - if (isRequiredTextPresent): null

25-09-2024T14:13:59 - [TEST_STEP][PASSED] - if (verifyTextPresent("Please print this receipt for your records", false)): null

25-09-2024T14:13:59 - [MESSAGE][PASSED] - Text 'Please print this receipt for your records' is present on page 

25-09-2024T14:13:59 - [TEST_STEP][PASSED] - isRequiredTextPresent = true: null

25-09-2024T14:13:59 - [TEST_STEP][PASSED] - if (isRequiredTextPresent): null

25-09-2024T14:13:59 - [TEST_STEP][PASSED] - if (verifyTextPresent("Remittance ID:", false)): null

25-09-2024T14:14:00 - [MESSAGE][PASSED] - Text 'Remittance ID:' is present on page 

25-09-2024T14:14:00 - [TEST_STEP][PASSED] - isRequiredTextPresent = true: null

25-09-2024T14:14:00 - [TEST_STEP][PASSED] - if (isRequiredTextPresent): null

25-09-2024T14:14:00 - [TEST_STEP][PASSED] - if (verifyTextPresent("Payment ID:", false)): null

25-09-2024T14:14:00 - [MESSAGE][PASSED] - Text 'Payment ID:' is present on page 

25-09-2024T14:14:00 - [TEST_STEP][PASSED] - isRequiredTextPresent = true: null

25-09-2024T14:14:00 - [TEST_STEP][PASSED] - if (isRequiredTextPresent): null

25-09-2024T14:14:00 - [TEST_STEP][PASSED] - if (verifyTextPresent("CAN Label:", false)): null

25-09-2024T14:14:00 - [MESSAGE][PASSED] - Text 'CAN Label:' is present on page 

25-09-2024T14:14:00 - [TEST_STEP][PASSED] - isRequiredTextPresent = true: null

25-09-2024T14:14:00 - [TEST_STEP][PASSED] - if (isRequiredTextPresent): null

25-09-2024T14:14:00 - [TEST_STEP][PASSED] - if (verifyTextPresent("Received:", false)): null

25-09-2024T14:14:00 - [MESSAGE][PASSED] - Text 'Received:' is present on page 

25-09-2024T14:14:00 - [TEST_STEP][PASSED] - isRequiredTextPresent = true: null

25-09-2024T14:14:00 - [TEST_STEP][PASSED] - if (isRequiredTextPresent): null

25-09-2024T14:14:00 - [TEST_STEP][PASSED] - if (verifyTextPresent("UDF1 Label:", false)): null

25-09-2024T14:14:01 - [MESSAGE][PASSED] - Text 'UDF1 Label:' is present on page 

25-09-2024T14:14:01 - [TEST_STEP][PASSED] - isRequiredTextPresent = true: null

25-09-2024T14:14:01 - [TEST_STEP][PASSED] - if (isRequiredTextPresent): null

25-09-2024T14:14:01 - [TEST_STEP][PASSED] - if (verifyTextPresent("UDF2 Label:", false)): null

25-09-2024T14:14:01 - [MESSAGE][PASSED] - Text 'UDF2 Label:' is present on page 

25-09-2024T14:14:01 - [TEST_STEP][PASSED] - isRequiredTextPresent = true: null

25-09-2024T14:14:01 - [TEST_STEP][PASSED] - if (isRequiredTextPresent): null

25-09-2024T14:14:01 - [TEST_STEP][PASSED] - if (verifyTextPresent("UDF3 Label:", false)): null

25-09-2024T14:14:01 - [MESSAGE][PASSED] - Text 'UDF3 Label:' is present on page 

25-09-2024T14:14:01 - [TEST_STEP][PASSED] - isRequiredTextPresent = true: null

25-09-2024T14:14:01 - [TEST_STEP][PASSED] - if (isRequiredTextPresent): null

25-09-2024T14:14:01 - [TEST_STEP][PASSED] - if (verifyTextPresent("UDF4 Label:", false)): null

25-09-2024T14:14:01 - [MESSAGE][PASSED] - Text 'UDF4 Label:' is present on page 

25-09-2024T14:14:01 - [TEST_STEP][PASSED] - isRequiredTextPresent = true: null

25-09-2024T14:14:01 - [TEST_STEP][PASSED] - if (isRequiredTextPresent): null

25-09-2024T14:14:01 - [TEST_STEP][PASSED] - if (verifyTextPresent("UDF6 Label:", false)): null

25-09-2024T14:14:02 - [MESSAGE][PASSED] - Text 'UDF6 Label:' is present on page 

25-09-2024T14:14:02 - [TEST_STEP][PASSED] - isRequiredTextPresent = true: null

25-09-2024T14:14:02 - [TEST_STEP][PASSED] - if (isRequiredTextPresent): null

25-09-2024T14:14:02 - [TEST_STEP][PASSED] - if (verifyTextPresent("UDF7 Label:", false)): null

25-09-2024T14:14:02 - [MESSAGE][PASSED] - Text 'UDF7 Label:' is present on page 

25-09-2024T14:14:02 - [TEST_STEP][PASSED] - isRequiredTextPresent = true: null

25-09-2024T14:14:02 - [TEST_STEP][PASSED] - if (isRequiredTextPresent): null

25-09-2024T14:14:02 - [TEST_STEP][PASSED] - if (verifyTextPresent("UDF8 Label:", false)): null

25-09-2024T14:14:02 - [MESSAGE][PASSED] - Text 'UDF8 Label:' is present on page 

25-09-2024T14:14:02 - [TEST_STEP][PASSED] - isRequiredTextPresent = true: null

25-09-2024T14:14:02 - [TEST_STEP][PASSED] - if (isRequiredTextPresent): null

25-09-2024T14:14:02 - [TEST_STEP][PASSED] - if (verifyTextPresent("UDF9 Label:", false)): null

25-09-2024T14:14:03 - [MESSAGE][PASSED] - Text 'UDF9 Label:' is present on page 

25-09-2024T14:14:03 - [TEST_STEP][PASSED] - isRequiredTextPresent = true: null

25-09-2024T14:14:03 - [TEST_STEP][PASSED] - if (isRequiredTextPresent): null

25-09-2024T14:14:03 - [TEST_STEP][PASSED] - if (verifyTextPresent("Tax Amount:", false)): null

25-09-2024T14:14:03 - [MESSAGE][PASSED] - Text 'Tax Amount:' is present on page 

25-09-2024T14:14:03 - [TEST_STEP][PASSED] - isRequiredTextPresent = true: null

25-09-2024T14:14:03 - [TEST_STEP][PASSED] - if (isRequiredTextPresent): null

25-09-2024T14:14:03 - [TEST_STEP][PASSED] - if (verifyTextPresent("Amount:", false)): null

25-09-2024T14:14:03 - [MESSAGE][PASSED] - Text 'Amount:' is present on page 

25-09-2024T14:14:03 - [TEST_STEP][PASSED] - isRequiredTextPresent = true: null

25-09-2024T14:14:03 - [TEST_STEP][PASSED] - if (isRequiredTextPresent): null

25-09-2024T14:14:03 - [TEST_STEP][PASSED] - if (verifyTextPresent("Transaction Type:", false)): null

25-09-2024T14:14:03 - [MESSAGE][PASSED] - Text 'Transaction Type:' is present on page 

25-09-2024T14:14:03 - [TEST_STEP][PASSED] - isRequiredTextPresent = true: null

25-09-2024T14:14:03 - [TEST_STEP][PASSED] - if (isRequiredTextPresent): null

25-09-2024T14:14:03 - [TEST_STEP][PASSED] - if (verifyTextPresent("Card Information:", false)): null

25-09-2024T14:14:04 - [MESSAGE][PASSED] - Text 'Card Information:' is present on page 

25-09-2024T14:14:04 - [TEST_STEP][PASSED] - isRequiredTextPresent = true: null

25-09-2024T14:14:04 - [TEST_STEP][PASSED] - if (isRequiredTextPresent): null

25-09-2024T14:14:04 - [TEST_STEP][PASSED] - if (verifyTextPresent("Billing Information:", false)): null

25-09-2024T14:14:04 - [MESSAGE][PASSED] - Text 'Billing Information:' is present on page 

25-09-2024T14:14:04 - [TEST_STEP][PASSED] - isRequiredTextPresent = true: null

25-09-2024T14:14:04 - [TEST_STEP][PASSED] - if (isRequiredTextPresent): null

25-09-2024T14:14:04 - [TEST_STEP][PASSED] - if (verifyTextPresent("Address Line 1:", false)): null

25-09-2024T14:14:04 - [MESSAGE][PASSED] - Text 'Address Line 1:' is present on page 

25-09-2024T14:14:04 - [TEST_STEP][PASSED] - isRequiredTextPresent = true: null

25-09-2024T14:14:04 - [TEST_STEP][PASSED] - if (isRequiredTextPresent): null

25-09-2024T14:14:04 - [TEST_STEP][PASSED] - if (verifyTextPresent("Address Line 2:", false)): null

25-09-2024T14:14:04 - [MESSAGE][PASSED] - Text 'Address Line 2:' is present on page 

25-09-2024T14:14:04 - [TEST_STEP][PASSED] - isRequiredTextPresent = true: null

25-09-2024T14:14:04 - [TEST_STEP][PASSED] - if (isRequiredTextPresent): null

25-09-2024T14:14:04 - [TEST_STEP][PASSED] - if (verifyTextPresent("Country:", false)): null

25-09-2024T14:14:05 - [MESSAGE][PASSED] - Text 'Country:' is present on page 

25-09-2024T14:14:05 - [TEST_STEP][PASSED] - isRequiredTextPresent = true: null

25-09-2024T14:14:05 - [TEST_STEP][PASSED] - if (isRequiredTextPresent): null

25-09-2024T14:14:05 - [TEST_STEP][PASSED] - if (verifyTextPresent("City:", false)): null

25-09-2024T14:14:05 - [MESSAGE][PASSED] - Text 'City:' is present on page 

25-09-2024T14:14:05 - [TEST_STEP][PASSED] - isRequiredTextPresent = true: null

25-09-2024T14:14:05 - [TEST_STEP][PASSED] - if (isRequiredTextPresent): null

25-09-2024T14:14:05 - [TEST_STEP][PASSED] - if (verifyTextPresent("State:", false)): null

25-09-2024T14:14:05 - [MESSAGE][PASSED] - Text 'State:' is present on page 

25-09-2024T14:14:05 - [TEST_STEP][PASSED] - isRequiredTextPresent = true: null

25-09-2024T14:14:05 - [TEST_STEP][PASSED] - if (isRequiredTextPresent): null

25-09-2024T14:14:05 - [TEST_STEP][PASSED] - if (verifyTextPresent("ZIP Code:", false)): null

25-09-2024T14:14:05 - [MESSAGE][PASSED] - Text 'ZIP Code:' is present on page 

25-09-2024T14:14:05 - [TEST_STEP][PASSED] - isRequiredTextPresent = true: null

25-09-2024T14:14:05 - [TEST_STEP][PASSED] - if (isRequiredTextPresent): null

25-09-2024T14:14:05 - [TEST_STEP][PASSED] - if (verifyTextPresent("Please click here to make another payment.", false)): null

25-09-2024T14:14:06 - [MESSAGE][PASSED] - Text 'Please click here to make another payment.' is present on page 

25-09-2024T14:14:06 - [TEST_STEP][PASSED] - isRequiredTextPresent = true: null

25-09-2024T14:14:06 - [TEST_STEP][PASSED] - if (isRequiredTextPresent == true): pages.WriteExcel.demoKey is PASSED

25-09-2024T14:14:06 - [TEST_STEP][PASSED] - println("All the relevant texts are present on Receipt Page"): null

25-09-2024T14:14:06 - [TEST_STEP][PASSED] - markPassed("All the relevant texts are present on Receipt Page"): All the relevant texts are present on Receipt Page

25-09-2024T14:14:06 - [MESSAGE][PASSED] - All the relevant texts are present on Receipt Page

25-09-2024T14:14:06 - [TEST_STEP][PASSED] - resText = "Pass": null

25-09-2024T14:14:06 - [TEST_STEP][PASSED] - pages.WriteExcel.demoKey(resText, datText, resColumn, datCloumn, fileLoc, nameSheet, row): pages.WriteExcel.demoKey is PASSED

25-09-2024T14:14:06 - [MESSAGE][PASSED] - pages.WriteExcel.demoKey is PASSED

25-09-2024T14:14:06 - [TEST_STEP][PASSED] - closeBrowser(): Browser is closed

25-09-2024T14:14:07 - [MESSAGE][PASSED] - Browser is closed]]></system-out>
         <system-err><![CDATA[]]></system-err>
      </testcase>
      <testcase name="Test Cases/IntegratedWeb/IWP25/Payments/VerifyReceiptPageLabelsCorp" time="72.548" classname="Test Cases/IntegratedWeb/IWP25/Payments/VerifyReceiptPageLabelsCorp" status="PASSED">
         <system-out><![CDATA[25-09-2024T14:14:07 - [TEST_CASE][PASSED] - Test Cases/IntegratedWeb/IWP25/Payments/VerifyReceiptPageLabelsCorp: Test Cases/IntegratedWeb/IWP25/Payments/VerifyReceiptPageLabelsCorp

25-09-2024T14:14:07 - [TEST_STEP][PASSED] - resText = "Fail": null

25-09-2024T14:14:07 - [TEST_STEP][PASSED] - resColumn = "Result": null

25-09-2024T14:14:07 - [TEST_STEP][PASSED] - datCloumn = "Date": null

25-09-2024T14:14:07 - [TEST_STEP][PASSED] - fileLoc = "KatalonData/IWPTestData/VRelay25Payments.xlsx": null

25-09-2024T14:14:07 - [TEST_STEP][PASSED] - numOfRows = <not implemented yet for class: org.codehaus.groovy.ast.expr.EmptyExpression>: null

25-09-2024T14:14:07 - [TEST_STEP][PASSED] - dataFile = <not implemented yet for class: org.codehaus.groovy.ast.expr.EmptyExpression>: null

25-09-2024T14:14:07 - [TEST_STEP][PASSED] - nameSheet = <not implemented yet for class: org.codehaus.groovy.ast.expr.EmptyExpression>: null

25-09-2024T14:14:07 - [TEST_STEP][PASSED] - dataFileEmulator = <not implemented yet for class: org.codehaus.groovy.ast.expr.EmptyExpression>: null

25-09-2024T14:14:07 - [TEST_STEP][PASSED] - isRequiredTextPresent = false: null

25-09-2024T14:14:07 - [TEST_STEP][PASSED] - nameSheet = "VerifyReceiptPageLabelsCorp": null

25-09-2024T14:14:07 - [TEST_STEP][PASSED] - dataFile = "IWPTestData/IWP25VerifyReceiptPageLabelsCorp": null

25-09-2024T14:14:07 - [TEST_STEP][PASSED] - dataFileEmulator = "IWPTestData/EmulatorData": null

25-09-2024T14:14:07 - [TEST_STEP][PASSED] - numOfRows = findTestData(dataFile).getRowNumbers(): null

25-09-2024T14:14:07 - [TEST_STEP][PASSED] - println("Number of Records: " + numOfRows): null

25-09-2024T14:14:07 - [TEST_STEP][PASSED] - for ([row = 1, row <= numOfRows, (row++)]): Browser is closed

25-09-2024T14:14:07 - [TEST_STEP][PASSED] - ExecuteTC = findTestData(dataFile).getValue("Execute", row): null

25-09-2024T14:14:07 - [TEST_STEP][PASSED] - out.println("Value of Execute is : " + ExecuteTC): null

25-09-2024T14:14:07 - [TEST_STEP][PASSED] - if (ExecuteTC.equalsIgnoreCase("Y")): pages.WriteExcel.demoKey is PASSED

25-09-2024T14:14:07 - [TEST_STEP][PASSED] - out.println("Begin Record Number: " + row): null

25-09-2024T14:14:07 - [TEST_STEP][PASSED] - today = new java.util.Date(): null

25-09-2024T14:14:07 - [TEST_STEP][PASSED] - println(today): null

25-09-2024T14:14:07 - [TEST_STEP][PASSED] - datText = today: null

25-09-2024T14:14:07 - [TEST_STEP][PASSED] - EmulatorDataKey = findTestData(dataFile).getValue("EmulatorData", row): null

25-09-2024T14:14:07 - [TEST_STEP][PASSED] - out.println("Value of Emulator Key is : " + EmulatorDataKey): null

25-09-2024T14:14:07 - [TEST_STEP][PASSED] - iwpPages.emulatorIWP30.setDataEmulator_DD(EmulatorDataKey): iwpPages.emulatorIWP30.setDataEmulator_DD is PASSED

25-09-2024T14:14:08 - [MESSAGE][INFO] - Starting 'Edge Chromium' driver

25-09-2024T14:14:08 - [MESSAGE][INFO] - User set preference: ['acceptInsecureCerts', 'true']

25-09-2024T14:14:10 - [MESSAGE][INFO] - Action delay is set to 0 milliseconds

25-09-2024T14:14:13 - [MESSAGE][PASSED] - Browser is opened with url: 'https://qa.velocitypayment.com/agency/config.do?action=editor&message_version=2_5'

25-09-2024T14:14:13 - [MESSAGE][PASSED] - Current window maximized

25-09-2024T14:14:14 - [MESSAGE][PASSED] - All options with value '2.5' are selected in object 'Object Repository/IWP30/Page_VRelay30Emulator/MV'  using regular expression

25-09-2024T14:14:15 - [MESSAGE][PASSED] - Text '10.50' is set on object 'Object Repository/IWP30/Page_VRelay30Emulator/Amount'

25-09-2024T14:14:15 - [MESSAGE][PASSED] - Text 'bVSpxiehHeV8' is set on object 'Object Repository/IWP30/Page_VRelay30Emulator/CAN'

25-09-2024T14:14:16 - [MESSAGE][PASSED] - Text 'PayNow' is set on object 'Object Repository/IWP30/Page_VRelay30Emulator/Action'

25-09-2024T14:14:16 - [MESSAGE][PASSED] - Text 'en_US' is set on object 'Object Repository/IWP30/Page_VRelay30Emulator/Lang'

25-09-2024T14:14:17 - [MESSAGE][PASSED] - Text '' is set on object 'Object Repository/IWP30/Page_VRelay30Emulator/Fname'

25-09-2024T14:14:18 - [MESSAGE][PASSED] - Text '' is set on object 'Object Repository/IWP30/Page_VRelay30Emulator/Lname'

25-09-2024T14:14:18 - [MESSAGE][PASSED] - Text '' is set on object 'Object Repository/IWP30/Page_VRelay30Emulator/AL1'

25-09-2024T14:14:19 - [MESSAGE][PASSED] - Text '' is set on object 'Object Repository/IWP30/Page_VRelay30Emulator/AL2'

25-09-2024T14:14:19 - [MESSAGE][PASSED] - Text '' is set on object 'Object Repository/IWP30/Page_VRelay30Emulator/Country'

25-09-2024T14:14:20 - [MESSAGE][PASSED] - Text '' is set on object 'Object Repository/IWP30/Page_VRelay30Emulator/City'

25-09-2024T14:14:21 - [MESSAGE][PASSED] - Text '' is set on object 'Object Repository/IWP30/Page_VRelay30Emulator/State'

25-09-2024T14:14:21 - [MESSAGE][PASSED] - Text '' is set on object 'Object Repository/IWP30/Page_VRelay30Emulator/ZIP'

25-09-2024T14:14:22 - [MESSAGE][PASSED] - Text '' is set on object 'Object Repository/IWP30/Page_VRelay30Emulator/Order'

25-09-2024T14:14:22 - [MESSAGE][PASSED] - Text '' is set on object 'Object Repository/IWP30/Page_VRelay30Emulator/Company'

25-09-2024T14:14:23 - [MESSAGE][PASSED] - Text '' is set on object 'Object Repository/IWP30/Page_VRelay30Emulator/Email'

25-09-2024T14:14:23 - [MESSAGE][PASSED] - Text '' is set on object 'Object Repository/IWP30/Page_VRelay30Emulator/UDF1'

25-09-2024T14:14:24 - [MESSAGE][PASSED] - Text '' is set on object 'Object Repository/IWP30/Page_VRelay30Emulator/UDF2'

25-09-2024T14:14:25 - [MESSAGE][PASSED] - Text '' is set on object 'Object Repository/IWP30/Page_VRelay30Emulator/UDF3'

25-09-2024T14:14:25 - [MESSAGE][PASSED] - Text 'udf data 4' is set on object 'Object Repository/IWP30/Page_VRelay30Emulator/UDF4'

25-09-2024T14:14:26 - [MESSAGE][PASSED] - Text 'udf data 5' is set on object 'Object Repository/IWP30/Page_VRelay30Emulator/UDF5'

25-09-2024T14:14:26 - [MESSAGE][PASSED] - Text '' is set on object 'Object Repository/IWP30/Page_VRelay30Emulator/UDF6'

25-09-2024T14:14:27 - [MESSAGE][PASSED] - Text '' is set on object 'Object Repository/IWP30/Page_VRelay30Emulator/UDF7'

25-09-2024T14:14:27 - [MESSAGE][PASSED] - Text '' is set on object 'Object Repository/IWP30/Page_VRelay30Emulator/UDF8'

25-09-2024T14:14:28 - [MESSAGE][PASSED] - Text 'udf data 9' is set on object 'Object Repository/IWP30/Page_VRelay30Emulator/UDF9'

25-09-2024T14:14:29 - [MESSAGE][PASSED] - Text 'udf data 10' is set on object 'Object Repository/IWP30/Page_VRelay30Emulator/UDF10'

25-09-2024T14:14:30 - [MESSAGE][PASSED] - Object: 'Object Repository/IWP30/Page_VRelay30Emulator/Submit' is clicked on

25-09-2024T14:14:34 - [MESSAGE][PASSED] - Browser is closed

25-09-2024T14:14:38 - [MESSAGE][PASSED] - iwpPages.emulatorIWP30.setDataEmulator_DD is PASSED

25-09-2024T14:14:38 - [TEST_STEP][PASSED] - testHarnessURL = urlTestHarness: null

25-09-2024T14:14:38 - [TEST_STEP][PASSED] - openBrowser(testHarnessURL): Browser is opened with url: 'https://dev-algorithm.govolution.com/vrelaytest/QA/version_2_2/vrelaytest.html'

25-09-2024T14:14:38 - [MESSAGE][INFO] - Starting 'Edge Chromium' driver

25-09-2024T14:14:38 - [MESSAGE][INFO] - User set preference: ['acceptInsecureCerts', 'true']

25-09-2024T14:14:40 - [MESSAGE][INFO] - Action delay is set to 0 milliseconds

25-09-2024T14:14:44 - [MESSAGE][PASSED] - Browser is opened with url: 'https://dev-algorithm.govolution.com/vrelaytest/QA/version_2_2/vrelaytest.html'

25-09-2024T14:14:44 - [TEST_STEP][PASSED] - maximizeWindow(): Current window maximized

25-09-2024T14:14:44 - [MESSAGE][PASSED] - Current window maximized

25-09-2024T14:14:44 - [TEST_STEP][PASSED] - iwpPages.TestHarnessPage.setDataMethod(row, dataFile): iwpPages.TestHarnessPage.setDataMethod is PASSED

25-09-2024T14:14:44 - [MESSAGE][PASSED] - Object 'Object Repository/IWP30/Page_QATestHarness/RemittanceID' is present

25-09-2024T14:14:45 - [MESSAGE][PASSED] - Text '638' is set on object 'Object Repository/IWP30/Page_QATestHarness/ApplicationID'

25-09-2024T14:14:46 - [MESSAGE][PASSED] - Text '2.5' is set on object 'Object Repository/IWP30/Page_QATestHarness/MessageVersion'

25-09-2024T14:14:46 - [MESSAGE][PASSED] - Text '7KHJ7TQypqVb' is set on object 'Object Repository/IWP30/Page_QATestHarness/RemittanceID'

25-09-2024T14:14:49 - [MESSAGE][PASSED] - Object: 'Object Repository/IWP30/Page_QATestHarness/SubmitButton' is clicked on

25-09-2024T14:14:49 - [MESSAGE][PASSED] - iwpPages.TestHarnessPage.setDataMethod is PASSED

25-09-2024T14:14:49 - [TEST_STEP][PASSED] - click(findTestObject("Object Repository/IWP30/Page_SelectPaymentMethod/PayByCorporateCheck")): Object: 'Object Repository/IWP30/Page_SelectPaymentMethod/PayByCorporateCheck' is clicked on

25-09-2024T14:14:50 - [MESSAGE][PASSED] - Object: 'Object Repository/IWP30/Page_SelectPaymentMethod/PayByCorporateCheck' is clicked on

25-09-2024T14:14:50 - [TEST_STEP][PASSED] - click(findTestObject("Object Repository/IWP30/Page_SelectPaymentMethod/MakePaymentButton")): Object: 'Object Repository/IWP30/Page_SelectPaymentMethod/MakePaymentButton' is clicked on

25-09-2024T14:14:51 - [MESSAGE][PASSED] - Object: 'Object Repository/IWP30/Page_SelectPaymentMethod/MakePaymentButton' is clicked on

25-09-2024T14:14:51 - [TEST_STEP][PASSED] - iwpPages.achCorporatePaymentEntryPage.setDataCorporate(row, dataFile): iwpPages.achCorporatePaymentEntryPage.setDataCorporate is PASSED

25-09-2024T14:14:52 - [MESSAGE][PASSED] - Object 'Object Repository/IWP30/Page_ACHCorporatePaymentEntry/txt_accountNumber' is present

25-09-2024T14:14:52 - [MESSAGE][PASSED] - Object 'Object Repository/IWP30/Page_ACHCorporatePaymentEntry/input_CompanyName' is present

25-09-2024T14:14:53 - [MESSAGE][PASSED] - Text 'My Company' is set on object 'Object Repository/IWP30/Page_ACHCorporatePaymentEntry/input_CompanyName'

25-09-2024T14:14:53 - [MESSAGE][PASSED] - Object 'Object Repository/IWP30/Page_ACHCorporatePaymentEntry/input_EIN' is present

25-09-2024T14:14:54 - [MESSAGE][PASSED] - Text '10.50' is set on object 'Object Repository/IWP30/Page_ACHCorporatePaymentEntry/txt_Amount'

25-09-2024T14:14:54 - [MESSAGE][PASSED] - Text 'udf data 3' is set on object 'Object Repository/IWP30/Page_ACHCorporatePaymentEntry/txt_UDF3'

25-09-2024T14:14:55 - [MESSAGE][PASSED] - All options with label 'Soccer' are selected in object 'Object Repository/IWP30/Page_ACHCorporatePaymentEntry/dd_UDF8' 

25-09-2024T14:14:55 - [MESSAGE][PASSED] - Object 'Object Repository/IWP30/Page_ACHCorporatePaymentEntry/txt_routingNumber' is present

25-09-2024T14:14:56 - [MESSAGE][PASSED] - Text '256072691' is set on object 'Object Repository/IWP30/Page_ACHCorporatePaymentEntry/txt_routingNumber'

25-09-2024T14:14:56 - [MESSAGE][PASSED] - Object 'Object Repository/IWP30/Page_ACHCorporatePaymentEntry/txt_accountNumber' is present

25-09-2024T14:14:58 - [MESSAGE][PASSED] - Text '12344444' is set on object 'Object Repository/IWP30/Page_ACHCorporatePaymentEntry/txt_accountNumber'

25-09-2024T14:14:58 - [MESSAGE][PASSED] - Object 'Object Repository/IWP30/Page_ACHCorporatePaymentEntry/txt_confirmAccountNumber' is present

25-09-2024T14:14:59 - [MESSAGE][PASSED] - Text '12344444' is set on object 'Object Repository/IWP30/Page_ACHCorporatePaymentEntry/txt_confirmAccountNumber'

25-09-2024T14:14:59 - [MESSAGE][PASSED] - Text '365 Main Avenue' is set on object 'Object Repository/IWP30/Page_ACHCorporatePaymentEntry/txt_AL1'

25-09-2024T14:15:00 - [MESSAGE][PASSED] - Text '22201' is set on object 'Object Repository/IWP30/Page_ACHCorporatePaymentEntry/txt_ZIP'

25-09-2024T14:15:00 - [MESSAGE][PASSED] - Object 'Object Repository/IWP30/Page_ACHCorporatePaymentEntry/txt_Email' is present

25-09-2024T14:15:01 - [MESSAGE][PASSED] - Text 'iahmed@govolution.com' is set on object 'Object Repository/IWP30/Page_ACHCorporatePaymentEntry/txt_Email'

25-09-2024T14:15:01 - [MESSAGE][PASSED] - Object 'Object Repository/IWP30/Page_ACHCorporatePaymentEntry/cb_TermsAndCond' is present

25-09-2024T14:15:02 - [MESSAGE][PASSED] - Object: 'Object Repository/IWP30/Page_ACHCorporatePaymentEntry/cb_TermsAndCond' is clicked on

25-09-2024T14:15:02 - [MESSAGE][PASSED] - Object 'Object Repository/IWP30/Page_ACHCorporatePaymentEntry/btn_Continue' is present

25-09-2024T14:15:03 - [MESSAGE][PASSED] - Object: 'Object Repository/IWP30/Page_ACHCorporatePaymentEntry/btn_Continue' is clicked on

25-09-2024T14:15:03 - [MESSAGE][PASSED] - iwpPages.achCorporatePaymentEntryPage.setDataCorporate is PASSED

25-09-2024T14:15:03 - [TEST_STEP][PASSED] - click(findTestObject("Object Repository/IWP30/Page_Confirmation/ConfirmButton")): Object: 'Object Repository/IWP30/Page_Confirmation/ConfirmButton' is clicked on

25-09-2024T14:15:04 - [MESSAGE][PASSED] - Object: 'Object Repository/IWP30/Page_Confirmation/ConfirmButton' is clicked on

25-09-2024T14:15:04 - [TEST_STEP][PASSED] - Thread.sleep(5000): null

25-09-2024T14:15:09 - [TEST_STEP][PASSED] - if (verifyTextPresent("Make a Real Estate Payment", false)): null

25-09-2024T14:15:11 - [MESSAGE][PASSED] - Text 'Make a Real Estate Payment' is present on page 

25-09-2024T14:15:11 - [TEST_STEP][PASSED] - isRequiredTextPresent = true: null

25-09-2024T14:15:11 - [TEST_STEP][PASSED] - println(isRequiredTextPresent): null

25-09-2024T14:15:11 - [TEST_STEP][PASSED] - if (isRequiredTextPresent): null

25-09-2024T14:15:11 - [TEST_STEP][PASSED] - if (verifyTextPresent("Successful Payment Receipt", false)): null

25-09-2024T14:15:12 - [MESSAGE][PASSED] - Text 'Successful Payment Receipt' is present on page 

25-09-2024T14:15:12 - [TEST_STEP][PASSED] - isRequiredTextPresent = true: null

25-09-2024T14:15:12 - [TEST_STEP][PASSED] - println(isRequiredTextPresent): null

25-09-2024T14:15:12 - [TEST_STEP][PASSED] - if (isRequiredTextPresent): null

25-09-2024T14:15:12 - [TEST_STEP][PASSED] - if (verifyTextPresent("Please print this receipt for your records", false)): null

25-09-2024T14:15:12 - [MESSAGE][PASSED] - Text 'Please print this receipt for your records' is present on page 

25-09-2024T14:15:12 - [TEST_STEP][PASSED] - isRequiredTextPresent = true: null

25-09-2024T14:15:12 - [TEST_STEP][PASSED] - if (isRequiredTextPresent): null

25-09-2024T14:15:12 - [TEST_STEP][PASSED] - if (verifyTextPresent("Remittance ID:", false)): null

25-09-2024T14:15:12 - [MESSAGE][PASSED] - Text 'Remittance ID:' is present on page 

25-09-2024T14:15:12 - [TEST_STEP][PASSED] - isRequiredTextPresent = true: null

25-09-2024T14:15:12 - [TEST_STEP][PASSED] - if (isRequiredTextPresent): null

25-09-2024T14:15:12 - [TEST_STEP][PASSED] - if (verifyTextPresent("Payment ID:", false)): null

25-09-2024T14:15:12 - [MESSAGE][PASSED] - Text 'Payment ID:' is present on page 

25-09-2024T14:15:12 - [TEST_STEP][PASSED] - isRequiredTextPresent = true: null

25-09-2024T14:15:12 - [TEST_STEP][PASSED] - if (isRequiredTextPresent): null

25-09-2024T14:15:12 - [TEST_STEP][PASSED] - if (verifyTextPresent("CAN Label:", false)): null

25-09-2024T14:15:13 - [MESSAGE][PASSED] - Text 'CAN Label:' is present on page 

25-09-2024T14:15:13 - [TEST_STEP][PASSED] - isRequiredTextPresent = true: null

25-09-2024T14:15:13 - [TEST_STEP][PASSED] - if (isRequiredTextPresent): null

25-09-2024T14:15:13 - [TEST_STEP][PASSED] - if (verifyTextPresent("Received:", false)): null

25-09-2024T14:15:13 - [MESSAGE][PASSED] - Text 'Received:' is present on page 

25-09-2024T14:15:13 - [TEST_STEP][PASSED] - isRequiredTextPresent = true: null

25-09-2024T14:15:13 - [TEST_STEP][PASSED] - if (isRequiredTextPresent): null

25-09-2024T14:15:13 - [TEST_STEP][PASSED] - if (verifyTextPresent("UDF1 Label:", false)): null

25-09-2024T14:15:13 - [MESSAGE][PASSED] - Text 'UDF1 Label:' is present on page 

25-09-2024T14:15:13 - [TEST_STEP][PASSED] - isRequiredTextPresent = true: null

25-09-2024T14:15:13 - [TEST_STEP][PASSED] - if (isRequiredTextPresent): null

25-09-2024T14:15:13 - [TEST_STEP][PASSED] - if (verifyTextPresent("UDF2 Label:", false)): null

25-09-2024T14:15:13 - [MESSAGE][PASSED] - Text 'UDF2 Label:' is present on page 

25-09-2024T14:15:13 - [TEST_STEP][PASSED] - isRequiredTextPresent = true: null

25-09-2024T14:15:13 - [TEST_STEP][PASSED] - if (isRequiredTextPresent): null

25-09-2024T14:15:13 - [TEST_STEP][PASSED] - if (verifyTextPresent("UDF3 Label:", false)): null

25-09-2024T14:15:14 - [MESSAGE][PASSED] - Text 'UDF3 Label:' is present on page 

25-09-2024T14:15:14 - [TEST_STEP][PASSED] - isRequiredTextPresent = true: null

25-09-2024T14:15:14 - [TEST_STEP][PASSED] - if (isRequiredTextPresent): null

25-09-2024T14:15:14 - [TEST_STEP][PASSED] - if (verifyTextPresent("UDF4 Label:", false)): null

25-09-2024T14:15:14 - [MESSAGE][PASSED] - Text 'UDF4 Label:' is present on page 

25-09-2024T14:15:14 - [TEST_STEP][PASSED] - isRequiredTextPresent = true: null

25-09-2024T14:15:14 - [TEST_STEP][PASSED] - if (isRequiredTextPresent): null

25-09-2024T14:15:14 - [TEST_STEP][PASSED] - if (verifyTextPresent("UDF6 Label:", false)): null

25-09-2024T14:15:14 - [MESSAGE][PASSED] - Text 'UDF6 Label:' is present on page 

25-09-2024T14:15:14 - [TEST_STEP][PASSED] - isRequiredTextPresent = true: null

25-09-2024T14:15:14 - [TEST_STEP][PASSED] - if (isRequiredTextPresent): null

25-09-2024T14:15:14 - [TEST_STEP][PASSED] - if (verifyTextPresent("UDF7 Label:", false)): null

25-09-2024T14:15:14 - [MESSAGE][PASSED] - Text 'UDF7 Label:' is present on page 

25-09-2024T14:15:14 - [TEST_STEP][PASSED] - isRequiredTextPresent = true: null

25-09-2024T14:15:14 - [TEST_STEP][PASSED] - if (isRequiredTextPresent): null

25-09-2024T14:15:14 - [TEST_STEP][PASSED] - if (verifyTextPresent("UDF8 Label:", false)): null

25-09-2024T14:15:15 - [MESSAGE][PASSED] - Text 'UDF8 Label:' is present on page 

25-09-2024T14:15:15 - [TEST_STEP][PASSED] - isRequiredTextPresent = true: null

25-09-2024T14:15:15 - [TEST_STEP][PASSED] - if (isRequiredTextPresent): null

25-09-2024T14:15:15 - [TEST_STEP][PASSED] - if (verifyTextPresent("UDF9 Label:", false)): null

25-09-2024T14:15:15 - [MESSAGE][PASSED] - Text 'UDF9 Label:' is present on page 

25-09-2024T14:15:15 - [TEST_STEP][PASSED] - isRequiredTextPresent = true: null

25-09-2024T14:15:15 - [TEST_STEP][PASSED] - if (isRequiredTextPresent): null

25-09-2024T14:15:15 - [TEST_STEP][PASSED] - if (verifyTextPresent("Tax Amount:", false)): null

25-09-2024T14:15:15 - [MESSAGE][PASSED] - Text 'Tax Amount:' is present on page 

25-09-2024T14:15:15 - [TEST_STEP][PASSED] - isRequiredTextPresent = true: null

25-09-2024T14:15:15 - [TEST_STEP][PASSED] - if (isRequiredTextPresent): null

25-09-2024T14:15:15 - [TEST_STEP][PASSED] - if (verifyTextPresent("Amount:", false)): null

25-09-2024T14:15:15 - [MESSAGE][PASSED] - Text 'Amount:' is present on page 

25-09-2024T14:15:15 - [TEST_STEP][PASSED] - isRequiredTextPresent = true: null

25-09-2024T14:15:15 - [TEST_STEP][PASSED] - if (isRequiredTextPresent): null

25-09-2024T14:15:15 - [TEST_STEP][PASSED] - if (verifyTextPresent("Transaction Type:", false)): null

25-09-2024T14:15:16 - [MESSAGE][PASSED] - Text 'Transaction Type:' is present on page 

25-09-2024T14:15:16 - [TEST_STEP][PASSED] - isRequiredTextPresent = true: null

25-09-2024T14:15:16 - [TEST_STEP][PASSED] - if (isRequiredTextPresent): null

25-09-2024T14:15:16 - [TEST_STEP][PASSED] - if (verifyTextPresent("Check Information:", false)): null

25-09-2024T14:15:16 - [MESSAGE][PASSED] - Text 'Check Information:' is present on page 

25-09-2024T14:15:16 - [TEST_STEP][PASSED] - isRequiredTextPresent = true: null

25-09-2024T14:15:16 - [TEST_STEP][PASSED] - if (isRequiredTextPresent): null

25-09-2024T14:15:16 - [TEST_STEP][PASSED] - if (verifyTextPresent("Company's Name:", false)): null

25-09-2024T14:15:16 - [MESSAGE][PASSED] - Text 'Company's Name:' is present on page 

25-09-2024T14:15:16 - [TEST_STEP][PASSED] - isRequiredTextPresent = true: null

25-09-2024T14:15:16 - [TEST_STEP][PASSED] - if (isRequiredTextPresent): null

25-09-2024T14:15:16 - [TEST_STEP][PASSED] - if (verifyTextPresent("Routing Number:", false)): null

25-09-2024T14:15:16 - [MESSAGE][PASSED] - Text 'Routing Number:' is present on page 

25-09-2024T14:15:16 - [TEST_STEP][PASSED] - isRequiredTextPresent = true: null

25-09-2024T14:15:16 - [TEST_STEP][PASSED] - if (isRequiredTextPresent): null

25-09-2024T14:15:16 - [TEST_STEP][PASSED] - if (verifyTextPresent("Account Number:", false)): null

25-09-2024T14:15:17 - [MESSAGE][PASSED] - Text 'Account Number:' is present on page 

25-09-2024T14:15:17 - [TEST_STEP][PASSED] - isRequiredTextPresent = true: null

25-09-2024T14:15:17 - [TEST_STEP][PASSED] - if (isRequiredTextPresent): null

25-09-2024T14:15:17 - [TEST_STEP][PASSED] - if (verifyTextPresent("Account Type:", false)): null

25-09-2024T14:15:17 - [MESSAGE][PASSED] - Text 'Account Type:' is present on page 

25-09-2024T14:15:17 - [TEST_STEP][PASSED] - isRequiredTextPresent = true: null

25-09-2024T14:15:17 - [TEST_STEP][PASSED] - if (isRequiredTextPresent): null

25-09-2024T14:15:17 - [TEST_STEP][PASSED] - if (verifyTextPresent("Billing Information:", false)): null

25-09-2024T14:15:17 - [MESSAGE][PASSED] - Text 'Billing Information:' is present on page 

25-09-2024T14:15:17 - [TEST_STEP][PASSED] - isRequiredTextPresent = true: null

25-09-2024T14:15:17 - [TEST_STEP][PASSED] - if (isRequiredTextPresent): null

25-09-2024T14:15:17 - [TEST_STEP][PASSED] - if (verifyTextPresent("Address Line 1:", false)): null

25-09-2024T14:15:18 - [MESSAGE][PASSED] - Text 'Address Line 1:' is present on page 

25-09-2024T14:15:18 - [TEST_STEP][PASSED] - isRequiredTextPresent = true: null

25-09-2024T14:15:18 - [TEST_STEP][PASSED] - if (isRequiredTextPresent): null

25-09-2024T14:15:18 - [TEST_STEP][PASSED] - if (verifyTextPresent("Country:", false)): null

25-09-2024T14:15:18 - [MESSAGE][PASSED] - Text 'Country:' is present on page 

25-09-2024T14:15:18 - [TEST_STEP][PASSED] - isRequiredTextPresent = true: null

25-09-2024T14:15:18 - [TEST_STEP][PASSED] - if (isRequiredTextPresent): null

25-09-2024T14:15:18 - [TEST_STEP][PASSED] - if (verifyTextPresent("City:", false)): null

25-09-2024T14:15:18 - [MESSAGE][PASSED] - Text 'City:' is present on page 

25-09-2024T14:15:18 - [TEST_STEP][PASSED] - isRequiredTextPresent = true: null

25-09-2024T14:15:18 - [TEST_STEP][PASSED] - if (isRequiredTextPresent): null

25-09-2024T14:15:18 - [TEST_STEP][PASSED] - if (verifyTextPresent("State:", false)): null

25-09-2024T14:15:18 - [MESSAGE][PASSED] - Text 'State:' is present on page 

25-09-2024T14:15:18 - [TEST_STEP][PASSED] - isRequiredTextPresent = true: null

25-09-2024T14:15:18 - [TEST_STEP][PASSED] - if (isRequiredTextPresent): null

25-09-2024T14:15:18 - [TEST_STEP][PASSED] - if (verifyTextPresent("ZIP Code:", false)): null

25-09-2024T14:15:19 - [MESSAGE][PASSED] - Text 'ZIP Code:' is present on page 

25-09-2024T14:15:19 - [TEST_STEP][PASSED] - isRequiredTextPresent = true: null

25-09-2024T14:15:19 - [TEST_STEP][PASSED] - if (isRequiredTextPresent): null

25-09-2024T14:15:19 - [TEST_STEP][PASSED] - if (verifyTextPresent("Please click here to make another payment.", false)): null

25-09-2024T14:15:19 - [MESSAGE][PASSED] - Text 'Please click here to make another payment.' is present on page 

25-09-2024T14:15:19 - [TEST_STEP][PASSED] - isRequiredTextPresent = true: null

25-09-2024T14:15:19 - [TEST_STEP][PASSED] - if (isRequiredTextPresent == true): pages.WriteExcel.demoKey is PASSED

25-09-2024T14:15:19 - [TEST_STEP][PASSED] - println("All the relevant texts are present on Receipt Page"): null

25-09-2024T14:15:19 - [TEST_STEP][PASSED] - markPassed("All the relevant texts are present on Receipt Page"): All the relevant texts are present on Receipt Page

25-09-2024T14:15:19 - [MESSAGE][PASSED] - All the relevant texts are present on Receipt Page

25-09-2024T14:15:19 - [TEST_STEP][PASSED] - resText = "Pass": null

25-09-2024T14:15:19 - [TEST_STEP][PASSED] - pages.WriteExcel.demoKey(resText, datText, resColumn, datCloumn, fileLoc, nameSheet, row): pages.WriteExcel.demoKey is PASSED

25-09-2024T14:15:19 - [MESSAGE][PASSED] - pages.WriteExcel.demoKey is PASSED

25-09-2024T14:15:19 - [TEST_STEP][PASSED] - closeBrowser(): Browser is closed

25-09-2024T14:15:19 - [MESSAGE][PASSED] - Browser is closed]]></system-out>
         <system-err><![CDATA[]]></system-err>
      </testcase>
      <testcase name="Test Cases/IntegratedWeb/IWP25/Payments/VerifyReceiptPageLabelsPC" time="84.09" classname="Test Cases/IntegratedWeb/IWP25/Payments/VerifyReceiptPageLabelsPC" status="PASSED">
         <system-out><![CDATA[25-09-2024T14:15:20 - [TEST_CASE][PASSED] - Test Cases/IntegratedWeb/IWP25/Payments/VerifyReceiptPageLabelsPC: Test Cases/IntegratedWeb/IWP25/Payments/VerifyReceiptPageLabelsPC

25-09-2024T14:15:20 - [TEST_STEP][PASSED] - resText = "Fail": null

25-09-2024T14:15:20 - [TEST_STEP][PASSED] - resColumn = "Result": null

25-09-2024T14:15:20 - [TEST_STEP][PASSED] - datCloumn = "Date": null

25-09-2024T14:15:20 - [TEST_STEP][PASSED] - fileLoc = "KatalonData/IWPTestData/VRelay25Payments.xlsx": null

25-09-2024T14:15:20 - [TEST_STEP][PASSED] - numOfRows = <not implemented yet for class: org.codehaus.groovy.ast.expr.EmptyExpression>: null

25-09-2024T14:15:20 - [TEST_STEP][PASSED] - dataFile = <not implemented yet for class: org.codehaus.groovy.ast.expr.EmptyExpression>: null

25-09-2024T14:15:20 - [TEST_STEP][PASSED] - nameSheet = <not implemented yet for class: org.codehaus.groovy.ast.expr.EmptyExpression>: null

25-09-2024T14:15:20 - [TEST_STEP][PASSED] - dataFileEmulator = <not implemented yet for class: org.codehaus.groovy.ast.expr.EmptyExpression>: null

25-09-2024T14:15:20 - [TEST_STEP][PASSED] - isRequiredTextPresent = false: null

25-09-2024T14:15:20 - [TEST_STEP][PASSED] - nameSheet = "VerifyReceiptPageLabelsPC": null

25-09-2024T14:15:20 - [TEST_STEP][PASSED] - dataFile = "IWPTestData/IWP25VerifyReceiptPageLabelsPC": null

25-09-2024T14:15:20 - [TEST_STEP][PASSED] - dataFileEmulator = "IWPTestData/EmulatorData": null

25-09-2024T14:15:20 - [TEST_STEP][PASSED] - numOfRows = findTestData(dataFile).getRowNumbers(): null

25-09-2024T14:15:20 - [TEST_STEP][PASSED] - println("Number of Records: " + numOfRows): null

25-09-2024T14:15:20 - [TEST_STEP][PASSED] - for ([row = 1, row <= numOfRows, (row++)]): Browser is closed

25-09-2024T14:15:20 - [TEST_STEP][PASSED] - ExecuteTC = findTestData(dataFile).getValue("Execute", row): null

25-09-2024T14:15:20 - [TEST_STEP][PASSED] - out.println("Value of Execute is : " + ExecuteTC): null

25-09-2024T14:15:20 - [TEST_STEP][PASSED] - if (ExecuteTC.equalsIgnoreCase("Y")): pages.WriteExcel.demoKey is PASSED

25-09-2024T14:15:20 - [TEST_STEP][PASSED] - out.println("Begin Record Number: " + row): null

25-09-2024T14:15:20 - [TEST_STEP][PASSED] - today = new java.util.Date(): null

25-09-2024T14:15:20 - [TEST_STEP][PASSED] - println(today): null

25-09-2024T14:15:20 - [TEST_STEP][PASSED] - datText = today: null

25-09-2024T14:15:20 - [TEST_STEP][PASSED] - EmulatorDataKey = findTestData(dataFile).getValue("EmulatorData", row): null

25-09-2024T14:15:20 - [TEST_STEP][PASSED] - out.println("Value of Emulator Key is : " + EmulatorDataKey): null

25-09-2024T14:15:20 - [TEST_STEP][PASSED] - iwpPages.emulatorIWP30.setDataEmulator_DD(EmulatorDataKey): iwpPages.emulatorIWP30.setDataEmulator_DD is PASSED

25-09-2024T14:15:20 - [MESSAGE][INFO] - Starting 'Edge Chromium' driver

25-09-2024T14:15:20 - [MESSAGE][INFO] - User set preference: ['acceptInsecureCerts', 'true']

25-09-2024T14:15:22 - [MESSAGE][INFO] - Action delay is set to 0 milliseconds

25-09-2024T14:15:25 - [MESSAGE][PASSED] - Browser is opened with url: 'https://qa.velocitypayment.com/agency/config.do?action=editor&message_version=2_5'

25-09-2024T14:15:26 - [MESSAGE][PASSED] - Current window maximized

25-09-2024T14:15:26 - [MESSAGE][PASSED] - All options with value '2.5' are selected in object 'Object Repository/IWP30/Page_VRelay30Emulator/MV'  using regular expression

25-09-2024T14:15:27 - [MESSAGE][PASSED] - Text '10.50' is set on object 'Object Repository/IWP30/Page_VRelay30Emulator/Amount'

25-09-2024T14:15:28 - [MESSAGE][PASSED] - Text 'wjwbQKBjyhAL' is set on object 'Object Repository/IWP30/Page_VRelay30Emulator/CAN'

25-09-2024T14:15:28 - [MESSAGE][PASSED] - Text 'PayNow' is set on object 'Object Repository/IWP30/Page_VRelay30Emulator/Action'

25-09-2024T14:15:29 - [MESSAGE][PASSED] - Text 'en_US' is set on object 'Object Repository/IWP30/Page_VRelay30Emulator/Lang'

25-09-2024T14:15:30 - [MESSAGE][PASSED] - Text '' is set on object 'Object Repository/IWP30/Page_VRelay30Emulator/Fname'

25-09-2024T14:15:30 - [MESSAGE][PASSED] - Text '' is set on object 'Object Repository/IWP30/Page_VRelay30Emulator/Lname'

25-09-2024T14:15:31 - [MESSAGE][PASSED] - Text '' is set on object 'Object Repository/IWP30/Page_VRelay30Emulator/AL1'

25-09-2024T14:15:31 - [MESSAGE][PASSED] - Text '' is set on object 'Object Repository/IWP30/Page_VRelay30Emulator/AL2'

25-09-2024T14:15:32 - [MESSAGE][PASSED] - Text '' is set on object 'Object Repository/IWP30/Page_VRelay30Emulator/Country'

25-09-2024T14:15:32 - [MESSAGE][PASSED] - Text '' is set on object 'Object Repository/IWP30/Page_VRelay30Emulator/City'

25-09-2024T14:15:33 - [MESSAGE][PASSED] - Text '' is set on object 'Object Repository/IWP30/Page_VRelay30Emulator/State'

25-09-2024T14:15:34 - [MESSAGE][PASSED] - Text '' is set on object 'Object Repository/IWP30/Page_VRelay30Emulator/ZIP'

25-09-2024T14:15:34 - [MESSAGE][PASSED] - Text '' is set on object 'Object Repository/IWP30/Page_VRelay30Emulator/Order'

25-09-2024T14:15:35 - [MESSAGE][PASSED] - Text '' is set on object 'Object Repository/IWP30/Page_VRelay30Emulator/Company'

25-09-2024T14:15:35 - [MESSAGE][PASSED] - Text '' is set on object 'Object Repository/IWP30/Page_VRelay30Emulator/Email'

25-09-2024T14:15:36 - [MESSAGE][PASSED] - Text '' is set on object 'Object Repository/IWP30/Page_VRelay30Emulator/UDF1'

25-09-2024T14:15:36 - [MESSAGE][PASSED] - Text '' is set on object 'Object Repository/IWP30/Page_VRelay30Emulator/UDF2'

25-09-2024T14:15:37 - [MESSAGE][PASSED] - Text '' is set on object 'Object Repository/IWP30/Page_VRelay30Emulator/UDF3'

25-09-2024T14:15:38 - [MESSAGE][PASSED] - Text 'udf data 4' is set on object 'Object Repository/IWP30/Page_VRelay30Emulator/UDF4'

25-09-2024T14:15:38 - [MESSAGE][PASSED] - Text 'udf data 5' is set on object 'Object Repository/IWP30/Page_VRelay30Emulator/UDF5'

25-09-2024T14:15:39 - [MESSAGE][PASSED] - Text '' is set on object 'Object Repository/IWP30/Page_VRelay30Emulator/UDF6'

25-09-2024T14:15:39 - [MESSAGE][PASSED] - Text '' is set on object 'Object Repository/IWP30/Page_VRelay30Emulator/UDF7'

25-09-2024T14:15:40 - [MESSAGE][PASSED] - Text '' is set on object 'Object Repository/IWP30/Page_VRelay30Emulator/UDF8'

25-09-2024T14:15:41 - [MESSAGE][PASSED] - Text 'udf data 9' is set on object 'Object Repository/IWP30/Page_VRelay30Emulator/UDF9'

25-09-2024T14:15:41 - [MESSAGE][PASSED] - Text 'udf data 10' is set on object 'Object Repository/IWP30/Page_VRelay30Emulator/UDF10'

25-09-2024T14:15:42 - [MESSAGE][PASSED] - Object: 'Object Repository/IWP30/Page_VRelay30Emulator/Submit' is clicked on

25-09-2024T14:15:47 - [MESSAGE][PASSED] - Browser is closed

25-09-2024T14:15:51 - [MESSAGE][PASSED] - iwpPages.emulatorIWP30.setDataEmulator_DD is PASSED

25-09-2024T14:15:51 - [TEST_STEP][PASSED] - testHarnessURL = urlTestHarness: null

25-09-2024T14:15:51 - [TEST_STEP][PASSED] - openBrowser(testHarnessURL): Browser is opened with url: 'https://dev-algorithm.govolution.com/vrelaytest/QA/version_2_2/vrelaytest.html'

25-09-2024T14:15:51 - [MESSAGE][INFO] - Starting 'Edge Chromium' driver

25-09-2024T14:15:51 - [MESSAGE][INFO] - User set preference: ['acceptInsecureCerts', 'true']

25-09-2024T14:15:53 - [MESSAGE][INFO] - Action delay is set to 0 milliseconds

25-09-2024T14:15:56 - [MESSAGE][PASSED] - Browser is opened with url: 'https://dev-algorithm.govolution.com/vrelaytest/QA/version_2_2/vrelaytest.html'

25-09-2024T14:15:56 - [TEST_STEP][PASSED] - maximizeWindow(): Current window maximized

25-09-2024T14:15:56 - [MESSAGE][PASSED] - Current window maximized

25-09-2024T14:15:56 - [TEST_STEP][PASSED] - iwpPages.TestHarnessPage.setDataMethod(row, dataFile): iwpPages.TestHarnessPage.setDataMethod is PASSED

25-09-2024T14:15:57 - [MESSAGE][PASSED] - Object 'Object Repository/IWP30/Page_QATestHarness/RemittanceID' is present

25-09-2024T14:15:57 - [MESSAGE][PASSED] - Text '638' is set on object 'Object Repository/IWP30/Page_QATestHarness/ApplicationID'

25-09-2024T14:15:58 - [MESSAGE][PASSED] - Text '2.5' is set on object 'Object Repository/IWP30/Page_QATestHarness/MessageVersion'

25-09-2024T14:15:58 - [MESSAGE][PASSED] - Text 'Vx81TMov98cq' is set on object 'Object Repository/IWP30/Page_QATestHarness/RemittanceID'

25-09-2024T14:16:01 - [MESSAGE][PASSED] - Object: 'Object Repository/IWP30/Page_QATestHarness/SubmitButton' is clicked on

25-09-2024T14:16:01 - [MESSAGE][PASSED] - iwpPages.TestHarnessPage.setDataMethod is PASSED

25-09-2024T14:16:01 - [TEST_STEP][PASSED] - click(findTestObject("Object Repository/IWP30/Page_SelectPaymentMethod/PayByPersonalCheck")): Object: 'Object Repository/IWP30/Page_SelectPaymentMethod/PayByPersonalCheck' is clicked on

25-09-2024T14:16:02 - [MESSAGE][PASSED] - Object: 'Object Repository/IWP30/Page_SelectPaymentMethod/PayByPersonalCheck' is clicked on

25-09-2024T14:16:02 - [TEST_STEP][PASSED] - click(findTestObject("Object Repository/IWP30/Page_SelectPaymentMethod/MakePaymentButton")): Object: 'Object Repository/IWP30/Page_SelectPaymentMethod/MakePaymentButton' is clicked on

25-09-2024T14:16:03 - [MESSAGE][PASSED] - Object: 'Object Repository/IWP30/Page_SelectPaymentMethod/MakePaymentButton' is clicked on

25-09-2024T14:16:03 - [TEST_STEP][PASSED] - iwpPages.achPersonalPaymentEntryPage.setDataACHPPM(row, dataFile): iwpPages.achPersonalPaymentEntryPage.setDataACHPPM is PASSED

25-09-2024T14:16:04 - [MESSAGE][PASSED] - Object 'Object Repository/IWP30/Page_ACHPersonalPaymentEntry/txt_accountNumber' is present

25-09-2024T14:16:05 - [MESSAGE][PASSED] - Text '10.50' is set on object 'Object Repository/IWP30/Page_ACHPersonalPaymentEntry/txt_Amount'

25-09-2024T14:16:05 - [MESSAGE][PASSED] - Object 'Object Repository/IWP30/Page_ACHPersonalPaymentEntry/txt_UDF2' is present

25-09-2024T14:16:06 - [MESSAGE][PASSED] - Text 'udf data 2' is set on object 'Object Repository/IWP30/Page_ACHPersonalPaymentEntry/txt_UDF2'

25-09-2024T14:16:07 - [MESSAGE][PASSED] - Text 'udf data 3' is set on object 'Object Repository/IWP30/Page_ACHPersonalPaymentEntry/txt_UDF3'

25-09-2024T14:16:07 - [MESSAGE][PASSED] - All options with label 'Orange' are selected in object 'Object Repository/IWP30/Page_ACHPersonalPaymentEntry/dd_UDF7' 

25-09-2024T14:16:08 - [MESSAGE][PASSED] - All options with label 'Soccer' are selected in object 'Object Repository/IWP30/Page_ACHPersonalPaymentEntry/dd_UDF8' 

25-09-2024T14:16:08 - [MESSAGE][PASSED] - Object 'Object Repository/IWP30/Page_ACHPersonalPaymentEntry/txt_Firstname' is present

25-09-2024T14:16:08 - [MESSAGE][PASSED] - Text 'Curlonty' is set on object 'Object Repository/IWP30/Page_ACHPersonalPaymentEntry/txt_Firstname'

25-09-2024T14:16:09 - [MESSAGE][PASSED] - Object 'Object Repository/IWP30/Page_ACHPersonalPaymentEntry/txt_Lastname' is present

25-09-2024T14:16:09 - [MESSAGE][PASSED] - Text 'Lachuga' is set on object 'Object Repository/IWP30/Page_ACHPersonalPaymentEntry/txt_Lastname'

25-09-2024T14:16:10 - [MESSAGE][PASSED] - Object 'Object Repository/IWP30/Page_ACHPersonalPaymentEntry/txt_routingNumber' is present

25-09-2024T14:16:10 - [MESSAGE][PASSED] - Text '256072691' is set on object 'Object Repository/IWP30/Page_ACHPersonalPaymentEntry/txt_routingNumber'

25-09-2024T14:16:10 - [MESSAGE][PASSED] - Object 'Object Repository/IWP30/Page_ACHPersonalPaymentEntry/txt_accountNumber' is present

25-09-2024T14:16:12 - [MESSAGE][PASSED] - Text '12342222' is set on object 'Object Repository/IWP30/Page_ACHPersonalPaymentEntry/txt_accountNumber'

25-09-2024T14:16:12 - [MESSAGE][PASSED] - Object 'Object Repository/IWP30/Page_ACHPersonalPaymentEntry/txt_confirmAccountNumber' is present

25-09-2024T14:16:13 - [MESSAGE][PASSED] - Text '12342222' is set on object 'Object Repository/IWP30/Page_ACHPersonalPaymentEntry/txt_confirmAccountNumber'

25-09-2024T14:16:13 - [MESSAGE][PASSED] - Object 'Object Repository/IWP30/Page_ACHPersonalPaymentEntry/rd_accountType' is present

25-09-2024T14:16:13 - [MESSAGE][PASSED] - Modify property of object successfully

25-09-2024T14:16:13 - [MESSAGE][PASSED] - Object: 'Object Repository/IWP30/Page_ACHPersonalPaymentEntry/rd_accountType' is clicked on

25-09-2024T14:16:14 - [MESSAGE][PASSED] - Text '365 Main Avenue' is set on object 'Object Repository/IWP30/Page_ACHPersonalPaymentEntry/txt_AL1'

25-09-2024T14:16:15 - [MESSAGE][PASSED] - Text '22201' is set on object 'Object Repository/IWP30/Page_ACHPersonalPaymentEntry/txt_ZIP'

25-09-2024T14:16:15 - [MESSAGE][PASSED] - Object 'Object Repository/IWP30/Page_ACHPersonalPaymentEntry/txt_Email' is present

25-09-2024T14:16:16 - [MESSAGE][PASSED] - Text 'iahmed@govolution.com' is set on object 'Object Repository/IWP30/Page_ACHPersonalPaymentEntry/txt_Email'

25-09-2024T14:16:16 - [MESSAGE][PASSED] - Object 'Object Repository/IWP30/Page_ACHPersonalPaymentEntry/cb_TermsAndCond' is present

25-09-2024T14:16:17 - [MESSAGE][PASSED] - Object: 'Object Repository/IWP30/Page_ACHPersonalPaymentEntry/cb_TermsAndCond' is clicked on

25-09-2024T14:16:17 - [MESSAGE][PASSED] - Object 'Object Repository/IWP30/Page_ACHPersonalPaymentEntry/btn_Continue' is present

25-09-2024T14:16:18 - [MESSAGE][PASSED] - Object: 'Object Repository/IWP30/Page_ACHPersonalPaymentEntry/btn_Continue' is clicked on

25-09-2024T14:16:18 - [MESSAGE][PASSED] - iwpPages.achPersonalPaymentEntryPage.setDataACHPPM is PASSED

25-09-2024T14:16:18 - [TEST_STEP][PASSED] - click(findTestObject("Object Repository/IWP30/Page_Confirmation/ConfirmButton")): Object: 'Object Repository/IWP30/Page_Confirmation/ConfirmButton' is clicked on

25-09-2024T14:16:20 - [MESSAGE][PASSED] - Object: 'Object Repository/IWP30/Page_Confirmation/ConfirmButton' is clicked on

25-09-2024T14:16:20 - [TEST_STEP][PASSED] - Thread.sleep(15000): null

25-09-2024T14:16:35 - [TEST_STEP][PASSED] - if (verifyTextPresent("Make a Real Estate Payment", false)): null

25-09-2024T14:16:35 - [MESSAGE][PASSED] - Text 'Make a Real Estate Payment' is present on page 

25-09-2024T14:16:35 - [TEST_STEP][PASSED] - isRequiredTextPresent = true: null

25-09-2024T14:16:35 - [TEST_STEP][PASSED] - println(isRequiredTextPresent): null

25-09-2024T14:16:35 - [TEST_STEP][PASSED] - if (isRequiredTextPresent): null

25-09-2024T14:16:35 - [TEST_STEP][PASSED] - if (verifyTextPresent("Successful Payment Receipt", false)): null

25-09-2024T14:16:35 - [MESSAGE][PASSED] - Text 'Successful Payment Receipt' is present on page 

25-09-2024T14:16:35 - [TEST_STEP][PASSED] - isRequiredTextPresent = true: null

25-09-2024T14:16:35 - [TEST_STEP][PASSED] - println(isRequiredTextPresent): null

25-09-2024T14:16:35 - [TEST_STEP][PASSED] - if (isRequiredTextPresent): null

25-09-2024T14:16:35 - [TEST_STEP][PASSED] - if (verifyTextPresent("Please print this receipt for your records", false)): null

25-09-2024T14:16:36 - [MESSAGE][PASSED] - Text 'Please print this receipt for your records' is present on page 

25-09-2024T14:16:36 - [TEST_STEP][PASSED] - isRequiredTextPresent = true: null

25-09-2024T14:16:36 - [TEST_STEP][PASSED] - if (isRequiredTextPresent): null

25-09-2024T14:16:36 - [TEST_STEP][PASSED] - if (verifyTextPresent("Remittance ID:", false)): null

25-09-2024T14:16:36 - [MESSAGE][PASSED] - Text 'Remittance ID:' is present on page 

25-09-2024T14:16:36 - [TEST_STEP][PASSED] - isRequiredTextPresent = true: null

25-09-2024T14:16:36 - [TEST_STEP][PASSED] - if (isRequiredTextPresent): null

25-09-2024T14:16:36 - [TEST_STEP][PASSED] - if (verifyTextPresent("Payment ID:", false)): null

25-09-2024T14:16:36 - [MESSAGE][PASSED] - Text 'Payment ID:' is present on page 

25-09-2024T14:16:36 - [TEST_STEP][PASSED] - isRequiredTextPresent = true: null

25-09-2024T14:16:36 - [TEST_STEP][PASSED] - if (isRequiredTextPresent): null

25-09-2024T14:16:36 - [TEST_STEP][PASSED] - if (verifyTextPresent("CAN Label:", false)): null

25-09-2024T14:16:37 - [MESSAGE][PASSED] - Text 'CAN Label:' is present on page 

25-09-2024T14:16:37 - [TEST_STEP][PASSED] - isRequiredTextPresent = true: null

25-09-2024T14:16:37 - [TEST_STEP][PASSED] - if (isRequiredTextPresent): null

25-09-2024T14:16:37 - [TEST_STEP][PASSED] - if (verifyTextPresent("Received:", false)): null

25-09-2024T14:16:37 - [MESSAGE][PASSED] - Text 'Received:' is present on page 

25-09-2024T14:16:37 - [TEST_STEP][PASSED] - isRequiredTextPresent = true: null

25-09-2024T14:16:37 - [TEST_STEP][PASSED] - if (isRequiredTextPresent): null

25-09-2024T14:16:37 - [TEST_STEP][PASSED] - if (verifyTextPresent("UDF1 Label:", false)): null

25-09-2024T14:16:37 - [MESSAGE][PASSED] - Text 'UDF1 Label:' is present on page 

25-09-2024T14:16:37 - [TEST_STEP][PASSED] - isRequiredTextPresent = true: null

25-09-2024T14:16:37 - [TEST_STEP][PASSED] - if (isRequiredTextPresent): null

25-09-2024T14:16:37 - [TEST_STEP][PASSED] - if (verifyTextPresent("UDF2 Label:", false)): null

25-09-2024T14:16:37 - [MESSAGE][PASSED] - Text 'UDF2 Label:' is present on page 

25-09-2024T14:16:37 - [TEST_STEP][PASSED] - isRequiredTextPresent = true: null

25-09-2024T14:16:37 - [TEST_STEP][PASSED] - if (isRequiredTextPresent): null

25-09-2024T14:16:37 - [TEST_STEP][PASSED] - if (verifyTextPresent("UDF3 Label:", false)): null

25-09-2024T14:16:38 - [MESSAGE][PASSED] - Text 'UDF3 Label:' is present on page 

25-09-2024T14:16:38 - [TEST_STEP][PASSED] - isRequiredTextPresent = true: null

25-09-2024T14:16:38 - [TEST_STEP][PASSED] - if (isRequiredTextPresent): null

25-09-2024T14:16:38 - [TEST_STEP][PASSED] - if (verifyTextPresent("UDF4 Label:", false)): null

25-09-2024T14:16:38 - [MESSAGE][PASSED] - Text 'UDF4 Label:' is present on page 

25-09-2024T14:16:38 - [TEST_STEP][PASSED] - isRequiredTextPresent = true: null

25-09-2024T14:16:38 - [TEST_STEP][PASSED] - if (isRequiredTextPresent): null

25-09-2024T14:16:38 - [TEST_STEP][PASSED] - if (verifyTextPresent("UDF6 Label:", false)): null

25-09-2024T14:16:38 - [MESSAGE][PASSED] - Text 'UDF6 Label:' is present on page 

25-09-2024T14:16:38 - [TEST_STEP][PASSED] - isRequiredTextPresent = true: null

25-09-2024T14:16:38 - [TEST_STEP][PASSED] - if (isRequiredTextPresent): null

25-09-2024T14:16:38 - [TEST_STEP][PASSED] - if (verifyTextPresent("UDF7 Label:", false)): null

25-09-2024T14:16:38 - [MESSAGE][PASSED] - Text 'UDF7 Label:' is present on page 

25-09-2024T14:16:38 - [TEST_STEP][PASSED] - isRequiredTextPresent = true: null

25-09-2024T14:16:38 - [TEST_STEP][PASSED] - if (isRequiredTextPresent): null

25-09-2024T14:16:38 - [TEST_STEP][PASSED] - if (verifyTextPresent("UDF8 Label:", false)): null

25-09-2024T14:16:39 - [MESSAGE][PASSED] - Text 'UDF8 Label:' is present on page 

25-09-2024T14:16:39 - [TEST_STEP][PASSED] - isRequiredTextPresent = true: null

25-09-2024T14:16:39 - [TEST_STEP][PASSED] - if (isRequiredTextPresent): null

25-09-2024T14:16:39 - [TEST_STEP][PASSED] - if (verifyTextPresent("UDF9 Label:", false)): null

25-09-2024T14:16:39 - [MESSAGE][PASSED] - Text 'UDF9 Label:' is present on page 

25-09-2024T14:16:39 - [TEST_STEP][PASSED] - isRequiredTextPresent = true: null

25-09-2024T14:16:39 - [TEST_STEP][PASSED] - if (isRequiredTextPresent): null

25-09-2024T14:16:39 - [TEST_STEP][PASSED] - if (verifyTextPresent("Tax Amount:", false)): null

25-09-2024T14:16:39 - [MESSAGE][PASSED] - Text 'Tax Amount:' is present on page 

25-09-2024T14:16:39 - [TEST_STEP][PASSED] - isRequiredTextPresent = true: null

25-09-2024T14:16:39 - [TEST_STEP][PASSED] - if (isRequiredTextPresent): null

25-09-2024T14:16:39 - [TEST_STEP][PASSED] - if (verifyTextPresent("Amount:", false)): null

25-09-2024T14:16:40 - [MESSAGE][PASSED] - Text 'Amount:' is present on page 

25-09-2024T14:16:40 - [TEST_STEP][PASSED] - isRequiredTextPresent = true: null

25-09-2024T14:16:40 - [TEST_STEP][PASSED] - if (isRequiredTextPresent): null

25-09-2024T14:16:40 - [TEST_STEP][PASSED] - if (verifyTextPresent("Transaction Type:", false)): null

25-09-2024T14:16:40 - [MESSAGE][PASSED] - Text 'Transaction Type:' is present on page 

25-09-2024T14:16:40 - [TEST_STEP][PASSED] - isRequiredTextPresent = true: null

25-09-2024T14:16:40 - [TEST_STEP][PASSED] - if (isRequiredTextPresent): null

25-09-2024T14:16:40 - [TEST_STEP][PASSED] - if (verifyTextPresent("Check Information:", false)): null

25-09-2024T14:16:40 - [MESSAGE][PASSED] - Text 'Check Information:' is present on page 

25-09-2024T14:16:40 - [TEST_STEP][PASSED] - isRequiredTextPresent = true: null

25-09-2024T14:16:40 - [TEST_STEP][PASSED] - if (isRequiredTextPresent): null

25-09-2024T14:16:40 - [TEST_STEP][PASSED] - if (verifyTextPresent("Name on Account:", false)): null

25-09-2024T14:16:40 - [MESSAGE][PASSED] - Text 'Name on Account:' is present on page 

25-09-2024T14:16:40 - [TEST_STEP][PASSED] - isRequiredTextPresent = true: null

25-09-2024T14:16:40 - [TEST_STEP][PASSED] - if (isRequiredTextPresent): null

25-09-2024T14:16:40 - [TEST_STEP][PASSED] - if (verifyTextPresent("Routing Number:", false)): null

25-09-2024T14:16:41 - [MESSAGE][PASSED] - Text 'Routing Number:' is present on page 

25-09-2024T14:16:41 - [TEST_STEP][PASSED] - isRequiredTextPresent = true: null

25-09-2024T14:16:41 - [TEST_STEP][PASSED] - if (isRequiredTextPresent): null

25-09-2024T14:16:41 - [TEST_STEP][PASSED] - if (verifyTextPresent("Account Number:", false)): null

25-09-2024T14:16:41 - [MESSAGE][PASSED] - Text 'Account Number:' is present on page 

25-09-2024T14:16:41 - [TEST_STEP][PASSED] - isRequiredTextPresent = true: null

25-09-2024T14:16:41 - [TEST_STEP][PASSED] - if (isRequiredTextPresent): null

25-09-2024T14:16:41 - [TEST_STEP][PASSED] - if (verifyTextPresent("Account Type:", false)): null

25-09-2024T14:16:41 - [MESSAGE][PASSED] - Text 'Account Type:' is present on page 

25-09-2024T14:16:41 - [TEST_STEP][PASSED] - isRequiredTextPresent = true: null

25-09-2024T14:16:41 - [TEST_STEP][PASSED] - if (isRequiredTextPresent): null

25-09-2024T14:16:41 - [TEST_STEP][PASSED] - if (verifyTextPresent("Billing Information:", false)): null

25-09-2024T14:16:41 - [MESSAGE][PASSED] - Text 'Billing Information:' is present on page 

25-09-2024T14:16:41 - [TEST_STEP][PASSED] - isRequiredTextPresent = true: null

25-09-2024T14:16:41 - [TEST_STEP][PASSED] - if (isRequiredTextPresent): null

25-09-2024T14:16:41 - [TEST_STEP][PASSED] - if (verifyTextPresent("Address Line 1:", false)): null

25-09-2024T14:16:42 - [MESSAGE][PASSED] - Text 'Address Line 1:' is present on page 

25-09-2024T14:16:42 - [TEST_STEP][PASSED] - isRequiredTextPresent = true: null

25-09-2024T14:16:42 - [TEST_STEP][PASSED] - if (isRequiredTextPresent): null

25-09-2024T14:16:42 - [TEST_STEP][PASSED] - if (verifyTextPresent("Country:", false)): null

25-09-2024T14:16:42 - [MESSAGE][PASSED] - Text 'Country:' is present on page 

25-09-2024T14:16:42 - [TEST_STEP][PASSED] - isRequiredTextPresent = true: null

25-09-2024T14:16:42 - [TEST_STEP][PASSED] - if (isRequiredTextPresent): null

25-09-2024T14:16:42 - [TEST_STEP][PASSED] - if (verifyTextPresent("City:", false)): null

25-09-2024T14:16:42 - [MESSAGE][PASSED] - Text 'City:' is present on page 

25-09-2024T14:16:42 - [TEST_STEP][PASSED] - isRequiredTextPresent = true: null

25-09-2024T14:16:42 - [TEST_STEP][PASSED] - if (isRequiredTextPresent): null

25-09-2024T14:16:42 - [TEST_STEP][PASSED] - if (verifyTextPresent("State:", false)): null

25-09-2024T14:16:42 - [MESSAGE][PASSED] - Text 'State:' is present on page 

25-09-2024T14:16:42 - [TEST_STEP][PASSED] - isRequiredTextPresent = true: null

25-09-2024T14:16:42 - [TEST_STEP][PASSED] - if (isRequiredTextPresent): null

25-09-2024T14:16:42 - [TEST_STEP][PASSED] - if (verifyTextPresent("ZIP Code:", false)): null

25-09-2024T14:16:43 - [MESSAGE][PASSED] - Text 'ZIP Code:' is present on page 

25-09-2024T14:16:43 - [TEST_STEP][PASSED] - isRequiredTextPresent = true: null

25-09-2024T14:16:43 - [TEST_STEP][PASSED] - if (isRequiredTextPresent): null

25-09-2024T14:16:43 - [TEST_STEP][PASSED] - if (verifyTextPresent("Please click here to make another payment.", false)): null

25-09-2024T14:16:43 - [MESSAGE][PASSED] - Text 'Please click here to make another payment.' is present on page 

25-09-2024T14:16:43 - [TEST_STEP][PASSED] - isRequiredTextPresent = true: null

25-09-2024T14:16:43 - [TEST_STEP][PASSED] - if (isRequiredTextPresent == true): pages.WriteExcel.demoKey is PASSED

25-09-2024T14:16:43 - [TEST_STEP][PASSED] - println("All the relevant texts are present on Receipt Page"): null

25-09-2024T14:16:43 - [TEST_STEP][PASSED] - markPassed("All the relevant texts are present on Receipt Page"): All the relevant texts are present on Receipt Page

25-09-2024T14:16:43 - [MESSAGE][PASSED] - All the relevant texts are present on Receipt Page

25-09-2024T14:16:43 - [TEST_STEP][PASSED] - resText = "Pass": null

25-09-2024T14:16:43 - [TEST_STEP][PASSED] - pages.WriteExcel.demoKey(resText, datText, resColumn, datCloumn, fileLoc, nameSheet, row): pages.WriteExcel.demoKey is PASSED

25-09-2024T14:16:43 - [MESSAGE][PASSED] - pages.WriteExcel.demoKey is PASSED

25-09-2024T14:16:43 - [TEST_STEP][PASSED] - closeBrowser(): Browser is closed

25-09-2024T14:16:44 - [MESSAGE][PASSED] - Browser is closed]]></system-out>
         <system-err><![CDATA[]]></system-err>
      </testcase>
      <testcase name="Test Cases/IntegratedWeb/IWP25/Payments/VerifyReceiptPageLabelsPS" time="85.174" classname="Test Cases/IntegratedWeb/IWP25/Payments/VerifyReceiptPageLabelsPS" status="PASSED">
         <system-out><![CDATA[25-09-2024T14:16:44 - [TEST_CASE][PASSED] - Test Cases/IntegratedWeb/IWP25/Payments/VerifyReceiptPageLabelsPS: Test Cases/IntegratedWeb/IWP25/Payments/VerifyReceiptPageLabelsPS

25-09-2024T14:16:44 - [TEST_STEP][PASSED] - resText = "Fail": null

25-09-2024T14:16:44 - [TEST_STEP][PASSED] - resColumn = "Result": null

25-09-2024T14:16:44 - [TEST_STEP][PASSED] - datCloumn = "Date": null

25-09-2024T14:16:44 - [TEST_STEP][PASSED] - fileLoc = "KatalonData/IWPTestData/VRelay25Payments.xlsx": null

25-09-2024T14:16:44 - [TEST_STEP][PASSED] - numOfRows = <not implemented yet for class: org.codehaus.groovy.ast.expr.EmptyExpression>: null

25-09-2024T14:16:44 - [TEST_STEP][PASSED] - dataFile = <not implemented yet for class: org.codehaus.groovy.ast.expr.EmptyExpression>: null

25-09-2024T14:16:44 - [TEST_STEP][PASSED] - nameSheet = <not implemented yet for class: org.codehaus.groovy.ast.expr.EmptyExpression>: null

25-09-2024T14:16:44 - [TEST_STEP][PASSED] - dataFileEmulator = <not implemented yet for class: org.codehaus.groovy.ast.expr.EmptyExpression>: null

25-09-2024T14:16:44 - [TEST_STEP][PASSED] - isRequiredTextPresent = false: null

25-09-2024T14:16:44 - [TEST_STEP][PASSED] - nameSheet = "VerifyReceiptPageLabelsPS": null

25-09-2024T14:16:44 - [TEST_STEP][PASSED] - dataFile = "IWPTestData/IWP25VerifyReceiptPageLabelsPS": null

25-09-2024T14:16:44 - [TEST_STEP][PASSED] - dataFileEmulator = "IWPTestData/EmulatorData": null

25-09-2024T14:16:44 - [TEST_STEP][PASSED] - numOfRows = findTestData(dataFile).getRowNumbers(): null

25-09-2024T14:16:44 - [TEST_STEP][PASSED] - println("Number of Records: " + numOfRows): null

25-09-2024T14:16:44 - [TEST_STEP][PASSED] - for ([row = 1, row <= numOfRows, (row++)]): Browser is closed

25-09-2024T14:16:44 - [TEST_STEP][PASSED] - ExecuteTC = findTestData(dataFile).getValue("Execute", row): null

25-09-2024T14:16:44 - [TEST_STEP][PASSED] - out.println("Value of Execute is : " + ExecuteTC): null

25-09-2024T14:16:44 - [TEST_STEP][PASSED] - if (ExecuteTC.equalsIgnoreCase("Y")): pages.WriteExcel.demoKey is PASSED

25-09-2024T14:16:44 - [TEST_STEP][PASSED] - out.println("Begin Record Number: " + row): null

25-09-2024T14:16:44 - [TEST_STEP][PASSED] - today = new java.util.Date(): null

25-09-2024T14:16:44 - [TEST_STEP][PASSED] - println(today): null

25-09-2024T14:16:44 - [TEST_STEP][PASSED] - datText = today: null

25-09-2024T14:16:44 - [TEST_STEP][PASSED] - EmulatorDataKey = findTestData(dataFile).getValue("EmulatorData", row): null

25-09-2024T14:16:44 - [TEST_STEP][PASSED] - out.println("Value of Emulator Key is : " + EmulatorDataKey): null

25-09-2024T14:16:44 - [TEST_STEP][PASSED] - iwpPages.emulatorIWP30.setDataEmulator_DD(EmulatorDataKey): iwpPages.emulatorIWP30.setDataEmulator_DD is PASSED

25-09-2024T14:16:44 - [MESSAGE][INFO] - Starting 'Edge Chromium' driver

25-09-2024T14:16:44 - [MESSAGE][INFO] - User set preference: ['acceptInsecureCerts', 'true']

25-09-2024T14:16:46 - [MESSAGE][INFO] - Action delay is set to 0 milliseconds

25-09-2024T14:16:51 - [MESSAGE][PASSED] - Browser is opened with url: 'https://qa.velocitypayment.com/agency/config.do?action=editor&message_version=2_5'

25-09-2024T14:16:51 - [MESSAGE][PASSED] - Current window maximized

25-09-2024T14:16:52 - [MESSAGE][PASSED] - All options with value '2.5' are selected in object 'Object Repository/IWP30/Page_VRelay30Emulator/MV'  using regular expression

25-09-2024T14:16:52 - [MESSAGE][PASSED] - Text '10.50' is set on object 'Object Repository/IWP30/Page_VRelay30Emulator/Amount'

25-09-2024T14:16:53 - [MESSAGE][PASSED] - Text 'PTcZZ6D18OOD' is set on object 'Object Repository/IWP30/Page_VRelay30Emulator/CAN'

25-09-2024T14:16:54 - [MESSAGE][PASSED] - Text 'PayNow' is set on object 'Object Repository/IWP30/Page_VRelay30Emulator/Action'

25-09-2024T14:16:54 - [MESSAGE][PASSED] - Text 'en_US' is set on object 'Object Repository/IWP30/Page_VRelay30Emulator/Lang'

25-09-2024T14:16:55 - [MESSAGE][PASSED] - Text '' is set on object 'Object Repository/IWP30/Page_VRelay30Emulator/Fname'

25-09-2024T14:16:55 - [MESSAGE][PASSED] - Text '' is set on object 'Object Repository/IWP30/Page_VRelay30Emulator/Lname'

25-09-2024T14:16:56 - [MESSAGE][PASSED] - Text '' is set on object 'Object Repository/IWP30/Page_VRelay30Emulator/AL1'

25-09-2024T14:16:57 - [MESSAGE][PASSED] - Text '' is set on object 'Object Repository/IWP30/Page_VRelay30Emulator/AL2'

25-09-2024T14:16:57 - [MESSAGE][PASSED] - Text '' is set on object 'Object Repository/IWP30/Page_VRelay30Emulator/Country'

25-09-2024T14:16:58 - [MESSAGE][PASSED] - Text '' is set on object 'Object Repository/IWP30/Page_VRelay30Emulator/City'

25-09-2024T14:16:58 - [MESSAGE][PASSED] - Text '' is set on object 'Object Repository/IWP30/Page_VRelay30Emulator/State'

25-09-2024T14:16:59 - [MESSAGE][PASSED] - Text '' is set on object 'Object Repository/IWP30/Page_VRelay30Emulator/ZIP'

25-09-2024T14:16:59 - [MESSAGE][PASSED] - Text '' is set on object 'Object Repository/IWP30/Page_VRelay30Emulator/Order'

25-09-2024T14:17:00 - [MESSAGE][PASSED] - Text '' is set on object 'Object Repository/IWP30/Page_VRelay30Emulator/Company'

25-09-2024T14:17:01 - [MESSAGE][PASSED] - Text '' is set on object 'Object Repository/IWP30/Page_VRelay30Emulator/Email'

25-09-2024T14:17:01 - [MESSAGE][PASSED] - Text '' is set on object 'Object Repository/IWP30/Page_VRelay30Emulator/UDF1'

25-09-2024T14:17:02 - [MESSAGE][PASSED] - Text '' is set on object 'Object Repository/IWP30/Page_VRelay30Emulator/UDF2'

25-09-2024T14:17:02 - [MESSAGE][PASSED] - Text '' is set on object 'Object Repository/IWP30/Page_VRelay30Emulator/UDF3'

25-09-2024T14:17:03 - [MESSAGE][PASSED] - Text 'udf data 4' is set on object 'Object Repository/IWP30/Page_VRelay30Emulator/UDF4'

25-09-2024T14:17:03 - [MESSAGE][PASSED] - Text 'udf data 5' is set on object 'Object Repository/IWP30/Page_VRelay30Emulator/UDF5'

25-09-2024T14:17:04 - [MESSAGE][PASSED] - Text '' is set on object 'Object Repository/IWP30/Page_VRelay30Emulator/UDF6'

25-09-2024T14:17:05 - [MESSAGE][PASSED] - Text '' is set on object 'Object Repository/IWP30/Page_VRelay30Emulator/UDF7'

25-09-2024T14:17:05 - [MESSAGE][PASSED] - Text '' is set on object 'Object Repository/IWP30/Page_VRelay30Emulator/UDF8'

25-09-2024T14:17:06 - [MESSAGE][PASSED] - Text 'udf data 9' is set on object 'Object Repository/IWP30/Page_VRelay30Emulator/UDF9'

25-09-2024T14:17:06 - [MESSAGE][PASSED] - Text 'udf data 10' is set on object 'Object Repository/IWP30/Page_VRelay30Emulator/UDF10'

25-09-2024T14:17:08 - [MESSAGE][PASSED] - Object: 'Object Repository/IWP30/Page_VRelay30Emulator/Submit' is clicked on

25-09-2024T14:17:12 - [MESSAGE][PASSED] - Browser is closed

25-09-2024T14:17:16 - [MESSAGE][PASSED] - iwpPages.emulatorIWP30.setDataEmulator_DD is PASSED

25-09-2024T14:17:16 - [TEST_STEP][PASSED] - testHarnessURL = urlTestHarness: null

25-09-2024T14:17:16 - [TEST_STEP][PASSED] - openBrowser(testHarnessURL): Browser is opened with url: 'https://dev-algorithm.govolution.com/vrelaytest/QA/version_2_2/vrelaytest.html'

25-09-2024T14:17:16 - [MESSAGE][INFO] - Starting 'Edge Chromium' driver

25-09-2024T14:17:16 - [MESSAGE][INFO] - User set preference: ['acceptInsecureCerts', 'true']

25-09-2024T14:17:18 - [MESSAGE][INFO] - Action delay is set to 0 milliseconds

25-09-2024T14:17:22 - [MESSAGE][PASSED] - Browser is opened with url: 'https://dev-algorithm.govolution.com/vrelaytest/QA/version_2_2/vrelaytest.html'

25-09-2024T14:17:22 - [TEST_STEP][PASSED] - maximizeWindow(): Current window maximized

25-09-2024T14:17:22 - [MESSAGE][PASSED] - Current window maximized

25-09-2024T14:17:22 - [TEST_STEP][PASSED] - iwpPages.TestHarnessPage.setDataMethod(row, dataFile): iwpPages.TestHarnessPage.setDataMethod is PASSED

25-09-2024T14:17:22 - [MESSAGE][PASSED] - Object 'Object Repository/IWP30/Page_QATestHarness/RemittanceID' is present

25-09-2024T14:17:23 - [MESSAGE][PASSED] - Text '638' is set on object 'Object Repository/IWP30/Page_QATestHarness/ApplicationID'

25-09-2024T14:17:23 - [MESSAGE][PASSED] - Text '2.5' is set on object 'Object Repository/IWP30/Page_QATestHarness/MessageVersion'

25-09-2024T14:17:24 - [MESSAGE][PASSED] - Text 'UqOSXqBEBmNL' is set on object 'Object Repository/IWP30/Page_QATestHarness/RemittanceID'

25-09-2024T14:17:27 - [MESSAGE][PASSED] - Object: 'Object Repository/IWP30/Page_QATestHarness/SubmitButton' is clicked on

25-09-2024T14:17:27 - [MESSAGE][PASSED] - iwpPages.TestHarnessPage.setDataMethod is PASSED

25-09-2024T14:17:27 - [TEST_STEP][PASSED] - click(findTestObject("Object Repository/IWP30/Page_SelectPaymentMethod/PayByPersonalCheck")): Object: 'Object Repository/IWP30/Page_SelectPaymentMethod/PayByPersonalCheck' is clicked on

25-09-2024T14:17:27 - [MESSAGE][PASSED] - Object: 'Object Repository/IWP30/Page_SelectPaymentMethod/PayByPersonalCheck' is clicked on

25-09-2024T14:17:27 - [TEST_STEP][PASSED] - click(findTestObject("Object Repository/IWP30/Page_SelectPaymentMethod/MakePaymentButton")): Object: 'Object Repository/IWP30/Page_SelectPaymentMethod/MakePaymentButton' is clicked on

25-09-2024T14:17:30 - [MESSAGE][PASSED] - Object: 'Object Repository/IWP30/Page_SelectPaymentMethod/MakePaymentButton' is clicked on

25-09-2024T14:17:30 - [TEST_STEP][PASSED] - iwpPages.achPersonalPaymentEntryPage.setDataACHPPM(row, dataFile): iwpPages.achPersonalPaymentEntryPage.setDataACHPPM is PASSED

25-09-2024T14:17:30 - [MESSAGE][PASSED] - Object 'Object Repository/IWP30/Page_ACHPersonalPaymentEntry/txt_accountNumber' is present

25-09-2024T14:17:31 - [MESSAGE][PASSED] - Text '10.50' is set on object 'Object Repository/IWP30/Page_ACHPersonalPaymentEntry/txt_Amount'

25-09-2024T14:17:31 - [MESSAGE][PASSED] - Object 'Object Repository/IWP30/Page_ACHPersonalPaymentEntry/txt_UDF2' is present

25-09-2024T14:17:32 - [MESSAGE][PASSED] - Text 'udf data 2' is set on object 'Object Repository/IWP30/Page_ACHPersonalPaymentEntry/txt_UDF2'

25-09-2024T14:17:33 - [MESSAGE][PASSED] - Text 'udf data 3' is set on object 'Object Repository/IWP30/Page_ACHPersonalPaymentEntry/txt_UDF3'

25-09-2024T14:17:33 - [MESSAGE][PASSED] - All options with label 'Orange' are selected in object 'Object Repository/IWP30/Page_ACHPersonalPaymentEntry/dd_UDF7' 

25-09-2024T14:17:34 - [MESSAGE][PASSED] - All options with label 'Soccer' are selected in object 'Object Repository/IWP30/Page_ACHPersonalPaymentEntry/dd_UDF8' 

25-09-2024T14:17:34 - [MESSAGE][PASSED] - Object 'Object Repository/IWP30/Page_ACHPersonalPaymentEntry/txt_Firstname' is present

25-09-2024T14:17:35 - [MESSAGE][PASSED] - Text 'Curlonty' is set on object 'Object Repository/IWP30/Page_ACHPersonalPaymentEntry/txt_Firstname'

25-09-2024T14:17:35 - [MESSAGE][PASSED] - Object 'Object Repository/IWP30/Page_ACHPersonalPaymentEntry/txt_Lastname' is present

25-09-2024T14:17:35 - [MESSAGE][PASSED] - Text 'Lachuga' is set on object 'Object Repository/IWP30/Page_ACHPersonalPaymentEntry/txt_Lastname'

25-09-2024T14:17:36 - [MESSAGE][PASSED] - Object 'Object Repository/IWP30/Page_ACHPersonalPaymentEntry/txt_routingNumber' is present

25-09-2024T14:17:36 - [MESSAGE][PASSED] - Text '256072691' is set on object 'Object Repository/IWP30/Page_ACHPersonalPaymentEntry/txt_routingNumber'

25-09-2024T14:17:36 - [MESSAGE][PASSED] - Object 'Object Repository/IWP30/Page_ACHPersonalPaymentEntry/txt_accountNumber' is present

25-09-2024T14:17:38 - [MESSAGE][PASSED] - Text '12342222' is set on object 'Object Repository/IWP30/Page_ACHPersonalPaymentEntry/txt_accountNumber'

25-09-2024T14:17:38 - [MESSAGE][PASSED] - Object 'Object Repository/IWP30/Page_ACHPersonalPaymentEntry/txt_confirmAccountNumber' is present

25-09-2024T14:17:39 - [MESSAGE][PASSED] - Text '12342222' is set on object 'Object Repository/IWP30/Page_ACHPersonalPaymentEntry/txt_confirmAccountNumber'

25-09-2024T14:17:39 - [MESSAGE][PASSED] - Object 'Object Repository/IWP30/Page_ACHPersonalPaymentEntry/rd_accountType' is present

25-09-2024T14:17:39 - [MESSAGE][PASSED] - Modify property of object successfully

25-09-2024T14:17:39 - [MESSAGE][PASSED] - Object: 'Object Repository/IWP30/Page_ACHPersonalPaymentEntry/rd_accountType' is clicked on

25-09-2024T14:17:40 - [MESSAGE][PASSED] - Text '365 Main Avenue' is set on object 'Object Repository/IWP30/Page_ACHPersonalPaymentEntry/txt_AL1'

25-09-2024T14:17:41 - [MESSAGE][PASSED] - Text '22201' is set on object 'Object Repository/IWP30/Page_ACHPersonalPaymentEntry/txt_ZIP'

25-09-2024T14:17:41 - [MESSAGE][PASSED] - Object 'Object Repository/IWP30/Page_ACHPersonalPaymentEntry/txt_Email' is present

25-09-2024T14:17:42 - [MESSAGE][PASSED] - Text 'iahmed@govolution.com' is set on object 'Object Repository/IWP30/Page_ACHPersonalPaymentEntry/txt_Email'

25-09-2024T14:17:42 - [MESSAGE][PASSED] - Object 'Object Repository/IWP30/Page_ACHPersonalPaymentEntry/cb_TermsAndCond' is present

25-09-2024T14:17:43 - [MESSAGE][PASSED] - Object: 'Object Repository/IWP30/Page_ACHPersonalPaymentEntry/cb_TermsAndCond' is clicked on

25-09-2024T14:17:43 - [MESSAGE][PASSED] - Object 'Object Repository/IWP30/Page_ACHPersonalPaymentEntry/btn_Continue' is present

25-09-2024T14:17:44 - [MESSAGE][PASSED] - Object: 'Object Repository/IWP30/Page_ACHPersonalPaymentEntry/btn_Continue' is clicked on

25-09-2024T14:17:44 - [MESSAGE][PASSED] - iwpPages.achPersonalPaymentEntryPage.setDataACHPPM is PASSED

25-09-2024T14:17:44 - [TEST_STEP][PASSED] - click(findTestObject("Object Repository/IWP30/Page_Confirmation/ConfirmButton")): Object: 'Object Repository/IWP30/Page_Confirmation/ConfirmButton' is clicked on

25-09-2024T14:17:45 - [MESSAGE][PASSED] - Object: 'Object Repository/IWP30/Page_Confirmation/ConfirmButton' is clicked on

25-09-2024T14:17:45 - [TEST_STEP][PASSED] - Thread.sleep(15000): null

25-09-2024T14:18:00 - [TEST_STEP][PASSED] - if (verifyTextPresent("Make a Real Estate Payment", false)): null

25-09-2024T14:18:01 - [MESSAGE][PASSED] - Text 'Make a Real Estate Payment' is present on page 

25-09-2024T14:18:01 - [TEST_STEP][PASSED] - isRequiredTextPresent = true: null

25-09-2024T14:18:01 - [TEST_STEP][PASSED] - println(isRequiredTextPresent): null

25-09-2024T14:18:01 - [TEST_STEP][PASSED] - if (isRequiredTextPresent): null

25-09-2024T14:18:01 - [TEST_STEP][PASSED] - if (verifyTextPresent("Successful Payment Receipt", false)): null

25-09-2024T14:18:01 - [MESSAGE][PASSED] - Text 'Successful Payment Receipt' is present on page 

25-09-2024T14:18:01 - [TEST_STEP][PASSED] - isRequiredTextPresent = true: null

25-09-2024T14:18:01 - [TEST_STEP][PASSED] - println(isRequiredTextPresent): null

25-09-2024T14:18:01 - [TEST_STEP][PASSED] - if (isRequiredTextPresent): null

25-09-2024T14:18:01 - [TEST_STEP][PASSED] - if (verifyTextPresent("Please print this receipt for your records", false)): null

25-09-2024T14:18:01 - [MESSAGE][PASSED] - Text 'Please print this receipt for your records' is present on page 

25-09-2024T14:18:01 - [TEST_STEP][PASSED] - isRequiredTextPresent = true: null

25-09-2024T14:18:01 - [TEST_STEP][PASSED] - if (isRequiredTextPresent): null

25-09-2024T14:18:01 - [TEST_STEP][PASSED] - if (verifyTextPresent("Remittance ID:", false)): null

25-09-2024T14:18:01 - [MESSAGE][PASSED] - Text 'Remittance ID:' is present on page 

25-09-2024T14:18:01 - [TEST_STEP][PASSED] - isRequiredTextPresent = true: null

25-09-2024T14:18:01 - [TEST_STEP][PASSED] - if (isRequiredTextPresent): null

25-09-2024T14:18:01 - [TEST_STEP][PASSED] - if (verifyTextPresent("Payment ID:", false)): null

25-09-2024T14:18:02 - [MESSAGE][PASSED] - Text 'Payment ID:' is present on page 

25-09-2024T14:18:02 - [TEST_STEP][PASSED] - isRequiredTextPresent = true: null

25-09-2024T14:18:02 - [TEST_STEP][PASSED] - if (isRequiredTextPresent): null

25-09-2024T14:18:02 - [TEST_STEP][PASSED] - if (verifyTextPresent("CAN Label:", false)): null

25-09-2024T14:18:02 - [MESSAGE][PASSED] - Text 'CAN Label:' is present on page 

25-09-2024T14:18:02 - [TEST_STEP][PASSED] - isRequiredTextPresent = true: null

25-09-2024T14:18:02 - [TEST_STEP][PASSED] - if (isRequiredTextPresent): null

25-09-2024T14:18:02 - [TEST_STEP][PASSED] - if (verifyTextPresent("Received:", false)): null

25-09-2024T14:18:02 - [MESSAGE][PASSED] - Text 'Received:' is present on page 

25-09-2024T14:18:02 - [TEST_STEP][PASSED] - isRequiredTextPresent = true: null

25-09-2024T14:18:02 - [TEST_STEP][PASSED] - if (isRequiredTextPresent): null

25-09-2024T14:18:02 - [TEST_STEP][PASSED] - if (verifyTextPresent("UDF1 Label:", false)): null

25-09-2024T14:18:03 - [MESSAGE][PASSED] - Text 'UDF1 Label:' is present on page 

25-09-2024T14:18:03 - [TEST_STEP][PASSED] - isRequiredTextPresent = true: null

25-09-2024T14:18:03 - [TEST_STEP][PASSED] - if (isRequiredTextPresent): null

25-09-2024T14:18:03 - [TEST_STEP][PASSED] - if (verifyTextPresent("UDF2 Label:", false)): null

25-09-2024T14:18:03 - [MESSAGE][PASSED] - Text 'UDF2 Label:' is present on page 

25-09-2024T14:18:03 - [TEST_STEP][PASSED] - isRequiredTextPresent = true: null

25-09-2024T14:18:03 - [TEST_STEP][PASSED] - if (isRequiredTextPresent): null

25-09-2024T14:18:03 - [TEST_STEP][PASSED] - if (verifyTextPresent("UDF3 Label:", false)): null

25-09-2024T14:18:03 - [MESSAGE][PASSED] - Text 'UDF3 Label:' is present on page 

25-09-2024T14:18:03 - [TEST_STEP][PASSED] - isRequiredTextPresent = true: null

25-09-2024T14:18:03 - [TEST_STEP][PASSED] - if (isRequiredTextPresent): null

25-09-2024T14:18:03 - [TEST_STEP][PASSED] - if (verifyTextPresent("UDF4 Label:", false)): null

25-09-2024T14:18:03 - [MESSAGE][PASSED] - Text 'UDF4 Label:' is present on page 

25-09-2024T14:18:03 - [TEST_STEP][PASSED] - isRequiredTextPresent = true: null

25-09-2024T14:18:03 - [TEST_STEP][PASSED] - if (isRequiredTextPresent): null

25-09-2024T14:18:03 - [TEST_STEP][PASSED] - if (verifyTextPresent("UDF6 Label:", false)): null

25-09-2024T14:18:04 - [MESSAGE][PASSED] - Text 'UDF6 Label:' is present on page 

25-09-2024T14:18:04 - [TEST_STEP][PASSED] - isRequiredTextPresent = true: null

25-09-2024T14:18:04 - [TEST_STEP][PASSED] - if (isRequiredTextPresent): null

25-09-2024T14:18:04 - [TEST_STEP][PASSED] - if (verifyTextPresent("UDF7 Label:", false)): null

25-09-2024T14:18:04 - [MESSAGE][PASSED] - Text 'UDF7 Label:' is present on page 

25-09-2024T14:18:04 - [TEST_STEP][PASSED] - isRequiredTextPresent = true: null

25-09-2024T14:18:04 - [TEST_STEP][PASSED] - if (isRequiredTextPresent): null

25-09-2024T14:18:04 - [TEST_STEP][PASSED] - if (verifyTextPresent("UDF8 Label:", false)): null

25-09-2024T14:18:04 - [MESSAGE][PASSED] - Text 'UDF8 Label:' is present on page 

25-09-2024T14:18:04 - [TEST_STEP][PASSED] - isRequiredTextPresent = true: null

25-09-2024T14:18:04 - [TEST_STEP][PASSED] - if (isRequiredTextPresent): null

25-09-2024T14:18:04 - [TEST_STEP][PASSED] - if (verifyTextPresent("UDF9 Label:", false)): null

25-09-2024T14:18:04 - [MESSAGE][PASSED] - Text 'UDF9 Label:' is present on page 

25-09-2024T14:18:04 - [TEST_STEP][PASSED] - isRequiredTextPresent = true: null

25-09-2024T14:18:04 - [TEST_STEP][PASSED] - if (isRequiredTextPresent): null

25-09-2024T14:18:04 - [TEST_STEP][PASSED] - if (verifyTextPresent("Tax Amount:", false)): null

25-09-2024T14:18:05 - [MESSAGE][PASSED] - Text 'Tax Amount:' is present on page 

25-09-2024T14:18:05 - [TEST_STEP][PASSED] - isRequiredTextPresent = true: null

25-09-2024T14:18:05 - [TEST_STEP][PASSED] - if (isRequiredTextPresent): null

25-09-2024T14:18:05 - [TEST_STEP][PASSED] - if (verifyTextPresent("Amount:", false)): null

25-09-2024T14:18:05 - [MESSAGE][PASSED] - Text 'Amount:' is present on page 

25-09-2024T14:18:05 - [TEST_STEP][PASSED] - isRequiredTextPresent = true: null

25-09-2024T14:18:05 - [TEST_STEP][PASSED] - if (isRequiredTextPresent): null

25-09-2024T14:18:05 - [TEST_STEP][PASSED] - if (verifyTextPresent("Transaction Type:", false)): null

25-09-2024T14:18:05 - [MESSAGE][PASSED] - Text 'Transaction Type:' is present on page 

25-09-2024T14:18:05 - [TEST_STEP][PASSED] - isRequiredTextPresent = true: null

25-09-2024T14:18:05 - [TEST_STEP][PASSED] - if (isRequiredTextPresent): null

25-09-2024T14:18:05 - [TEST_STEP][PASSED] - if (verifyTextPresent("Check Information:", false)): null

25-09-2024T14:18:05 - [MESSAGE][PASSED] - Text 'Check Information:' is present on page 

25-09-2024T14:18:05 - [TEST_STEP][PASSED] - isRequiredTextPresent = true: null

25-09-2024T14:18:05 - [TEST_STEP][PASSED] - if (isRequiredTextPresent): null

25-09-2024T14:18:05 - [TEST_STEP][PASSED] - if (verifyTextPresent("Name on Account:", false)): null

25-09-2024T14:18:06 - [MESSAGE][PASSED] - Text 'Name on Account:' is present on page 

25-09-2024T14:18:06 - [TEST_STEP][PASSED] - isRequiredTextPresent = true: null

25-09-2024T14:18:06 - [TEST_STEP][PASSED] - if (isRequiredTextPresent): null

25-09-2024T14:18:06 - [TEST_STEP][PASSED] - if (verifyTextPresent("Routing Number:", false)): null

25-09-2024T14:18:06 - [MESSAGE][PASSED] - Text 'Routing Number:' is present on page 

25-09-2024T14:18:06 - [TEST_STEP][PASSED] - isRequiredTextPresent = true: null

25-09-2024T14:18:06 - [TEST_STEP][PASSED] - if (isRequiredTextPresent): null

25-09-2024T14:18:06 - [TEST_STEP][PASSED] - if (verifyTextPresent("Account Number:", false)): null

25-09-2024T14:18:06 - [MESSAGE][PASSED] - Text 'Account Number:' is present on page 

25-09-2024T14:18:06 - [TEST_STEP][PASSED] - isRequiredTextPresent = true: null

25-09-2024T14:18:06 - [TEST_STEP][PASSED] - if (isRequiredTextPresent): null

25-09-2024T14:18:06 - [TEST_STEP][PASSED] - if (verifyTextPresent("Account Type:", false)): null

25-09-2024T14:18:06 - [MESSAGE][PASSED] - Text 'Account Type:' is present on page 

25-09-2024T14:18:06 - [TEST_STEP][PASSED] - isRequiredTextPresent = true: null

25-09-2024T14:18:06 - [TEST_STEP][PASSED] - if (isRequiredTextPresent): null

25-09-2024T14:18:06 - [TEST_STEP][PASSED] - if (verifyTextPresent("Billing Information:", false)): null

25-09-2024T14:18:07 - [MESSAGE][PASSED] - Text 'Billing Information:' is present on page 

25-09-2024T14:18:07 - [TEST_STEP][PASSED] - isRequiredTextPresent = true: null

25-09-2024T14:18:07 - [TEST_STEP][PASSED] - if (isRequiredTextPresent): null

25-09-2024T14:18:07 - [TEST_STEP][PASSED] - if (verifyTextPresent("Address Line 1:", false)): null

25-09-2024T14:18:07 - [MESSAGE][PASSED] - Text 'Address Line 1:' is present on page 

25-09-2024T14:18:07 - [TEST_STEP][PASSED] - isRequiredTextPresent = true: null

25-09-2024T14:18:07 - [TEST_STEP][PASSED] - if (isRequiredTextPresent): null

25-09-2024T14:18:07 - [TEST_STEP][PASSED] - if (verifyTextPresent("Country:", false)): null

25-09-2024T14:18:07 - [MESSAGE][PASSED] - Text 'Country:' is present on page 

25-09-2024T14:18:07 - [TEST_STEP][PASSED] - isRequiredTextPresent = true: null

25-09-2024T14:18:07 - [TEST_STEP][PASSED] - if (isRequiredTextPresent): null

25-09-2024T14:18:07 - [TEST_STEP][PASSED] - if (verifyTextPresent("City:", false)): null

25-09-2024T14:18:07 - [MESSAGE][PASSED] - Text 'City:' is present on page 

25-09-2024T14:18:07 - [TEST_STEP][PASSED] - isRequiredTextPresent = true: null

25-09-2024T14:18:07 - [TEST_STEP][PASSED] - if (isRequiredTextPresent): null

25-09-2024T14:18:07 - [TEST_STEP][PASSED] - if (verifyTextPresent("State:", false)): null

25-09-2024T14:18:08 - [MESSAGE][PASSED] - Text 'State:' is present on page 

25-09-2024T14:18:08 - [TEST_STEP][PASSED] - isRequiredTextPresent = true: null

25-09-2024T14:18:08 - [TEST_STEP][PASSED] - if (isRequiredTextPresent): null

25-09-2024T14:18:08 - [TEST_STEP][PASSED] - if (verifyTextPresent("ZIP Code:", false)): null

25-09-2024T14:18:08 - [MESSAGE][PASSED] - Text 'ZIP Code:' is present on page 

25-09-2024T14:18:08 - [TEST_STEP][PASSED] - isRequiredTextPresent = true: null

25-09-2024T14:18:08 - [TEST_STEP][PASSED] - if (isRequiredTextPresent): null

25-09-2024T14:18:08 - [TEST_STEP][PASSED] - if (verifyTextPresent("Please click here to make another payment.", false)): null

25-09-2024T14:18:08 - [MESSAGE][PASSED] - Text 'Please click here to make another payment.' is present on page 

25-09-2024T14:18:08 - [TEST_STEP][PASSED] - isRequiredTextPresent = true: null

25-09-2024T14:18:08 - [TEST_STEP][PASSED] - if (isRequiredTextPresent == true): pages.WriteExcel.demoKey is PASSED

25-09-2024T14:18:08 - [TEST_STEP][PASSED] - println("All the relevant texts are present on Receipt Page"): null

25-09-2024T14:18:08 - [TEST_STEP][PASSED] - markPassed("All the relevant texts are present on Receipt Page"): All the relevant texts are present on Receipt Page

25-09-2024T14:18:08 - [MESSAGE][PASSED] - All the relevant texts are present on Receipt Page

25-09-2024T14:18:08 - [TEST_STEP][PASSED] - resText = "Pass": null

25-09-2024T14:18:08 - [TEST_STEP][PASSED] - pages.WriteExcel.demoKey(resText, datText, resColumn, datCloumn, fileLoc, nameSheet, row): pages.WriteExcel.demoKey is PASSED

25-09-2024T14:18:08 - [MESSAGE][PASSED] - pages.WriteExcel.demoKey is PASSED

25-09-2024T14:18:08 - [TEST_STEP][PASSED] - closeBrowser(): Browser is closed

25-09-2024T14:18:09 - [MESSAGE][PASSED] - Browser is closed]]></system-out>
         <system-err><![CDATA[]]></system-err>
      </testcase>
      <system-out><![CDATA[25-09-2024T12:59:59 - [TEST_SUITE][FAILED] - QA_IWP2.5_Regression: Test Cases/IntegratedWeb/IWP25/Payments/CCDeferredCorp FAILED.
Reason:
com.kms.katalon.core.exception.StepFailedException: Text 'Cancel Payment Plan' is not present on page  (Root cause: com.kms.katalon.core.exception.StepFailedException: Text 'Cancel Payment Plan' is not present on page 
	at com.kms.katalon.core.webui.keyword.internal.WebUIKeywordMain.stepFailed(WebUIKeywordMain.groovy:64)
	at com.kms.katalon.core.webui.keyword.builtin.VerifyTextPresentKeyword$_verifyTextPresent_closure1.doCall(VerifyTextPresentKeyword.groovy:79)
	at com.kms.katalon.core.webui.keyword.builtin.VerifyTextPresentKeyword$_verifyTextPresent_closure1.call(VerifyTextPresentKeyword.groovy)
	at com.kms.katalon.core.webui.keyword.internal.WebUIKeywordMain.runKeyword(WebUIKeywordMain.groovy:20)
	at com.kms.katalon.core.webui.keyword.builtin.VerifyTextPresentKeyword.verifyTextPresent(VerifyTextPresentKeyword.groovy:83)
	at com.kms.katalon.core.webui.keyword.builtin.VerifyTextPresentKeyword.execute(VerifyTextPresentKeyword.groovy:68)
	at com.kms.katalon.core.keyword.internal.KeywordExecutor.executeKeywordForPlatform(KeywordExecutor.groovy:74)
	at com.kms.katalon.core.webui.keyword.WebUiBuiltInKeywords.verifyTextPresent(WebUiBuiltInKeywords.groovy:1762)
	at CCDeferredCorp.run(CCDeferredCorp:110)
	at com.kms.katalon.core.main.ScriptEngine.run(ScriptEngine.java:194)
	at com.kms.katalon.core.main.ScriptEngine.runScriptAsRawText(ScriptEngine.java:119)
	at com.kms.katalon.core.main.TestCaseExecutor.runScript(TestCaseExecutor.java:448)
	at com.kms.katalon.core.main.TestCaseExecutor.doExecute(TestCaseExecutor.java:439)
	at com.kms.katalon.core.main.TestCaseExecutor.processExecutionPhase(TestCaseExecutor.java:418)
	at com.kms.katalon.core.main.TestCaseExecutor.accessMainPhase(TestCaseExecutor.java:410)
	at com.kms.katalon.core.main.TestCaseExecutor.execute(TestCaseExecutor.java:285)
	at com.kms.katalon.core.common.CommonExecutor.accessTestCaseMainPhase(CommonExecutor.java:65)
	at com.kms.katalon.core.main.TestSuiteExecutor.accessTestSuiteMainPhase(TestSuiteExecutor.java:150)
	at com.kms.katalon.core.main.TestSuiteExecutor.execute(TestSuiteExecutor.java:106)
	at com.kms.katalon.core.main.TestCaseMain.startTestSuite(TestCaseMain.java:180)
	at TempTestSuite1727249381322.run(TempTestSuite1727249381322.groovy:35)
	at java.base/jdk.internal.reflect.NativeMethodAccessorImpl.invoke0(Native Method)
	at java.base/jdk.internal.reflect.NativeMethodAccessorImpl.invoke(NativeMethodAccessorImpl.java:77)
	at java.base/jdk.internal.reflect.DelegatingMethodAccessorImpl.invoke(DelegatingMethodAccessorImpl.java:43)
)
	at com.kms.katalon.core.keyword.internal.KeywordMain.stepFailed(KeywordMain.groovy:39)
	at com.kms.katalon.core.webui.keyword.internal.WebUIKeywordMain.stepFailed(WebUIKeywordMain.groovy:64)
	at com.kms.katalon.core.webui.keyword.builtin.VerifyTextPresentKeyword$_verifyTextPresent_closure1.doCall(VerifyTextPresentKeyword.groovy:79)
	at com.kms.katalon.core.webui.keyword.builtin.VerifyTextPresentKeyword$_verifyTextPresent_closure1.call(VerifyTextPresentKeyword.groovy)
	at com.kms.katalon.core.webui.keyword.internal.WebUIKeywordMain.runKeyword(WebUIKeywordMain.groovy:20)
	at com.kms.katalon.core.webui.keyword.builtin.VerifyTextPresentKeyword.verifyTextPresent(VerifyTextPresentKeyword.groovy:83)
	at com.kms.katalon.core.webui.keyword.builtin.VerifyTextPresentKeyword.execute(VerifyTextPresentKeyword.groovy:68)
	at com.kms.katalon.core.keyword.internal.KeywordExecutor.executeKeywordForPlatform(KeywordExecutor.groovy:74)
	at com.kms.katalon.core.webui.keyword.WebUiBuiltInKeywords.verifyTextPresent(WebUiBuiltInKeywords.groovy:1762)
	at CCDeferredCorp.run(CCDeferredCorp:110)
	at com.kms.katalon.core.main.ScriptEngine.run(ScriptEngine.java:194)
	at com.kms.katalon.core.main.ScriptEngine.runScriptAsRawText(ScriptEngine.java:119)
	at com.kms.katalon.core.main.TestCaseExecutor.runScript(TestCaseExecutor.java:448)
	at com.kms.katalon.core.main.TestCaseExecutor.doExecute(TestCaseExecutor.java:439)
	at com.kms.katalon.core.main.TestCaseExecutor.processExecutionPhase(TestCaseExecutor.java:418)
	at com.kms.katalon.core.main.TestCaseExecutor.accessMainPhase(TestCaseExecutor.java:410)
	at com.kms.katalon.core.main.TestCaseExecutor.execute(TestCaseExecutor.java:285)
	at com.kms.katalon.core.common.CommonExecutor.accessTestCaseMainPhase(CommonExecutor.java:65)
	at com.kms.katalon.core.main.TestSuiteExecutor.accessTestSuiteMainPhase(TestSuiteExecutor.java:150)
	at com.kms.katalon.core.main.TestSuiteExecutor.execute(TestSuiteExecutor.java:106)
	at com.kms.katalon.core.main.TestCaseMain.startTestSuite(TestCaseMain.java:180)
	at TempTestSuite1727249381322.run(TempTestSuite1727249381322.groovy:35)
	at java.base/jdk.internal.reflect.NativeMethodAccessorImpl.invoke0(Native Method)
	at java.base/jdk.internal.reflect.NativeMethodAccessorImpl.invoke(NativeMethodAccessorImpl.java:77)
	at java.base/jdk.internal.reflect.DelegatingMethodAccessorImpl.invoke(DelegatingMethodAccessorImpl.java:43)
Caused by: com.kms.katalon.core.exception.StepFailedException: Text 'Cancel Payment Plan' is not present on page 
	... 24 more]]></system-out>
      <system-err><![CDATA[25-09-2024T12:59:59 - [TEST_SUITE][FAILED] - QA_IWP2.5_Regression: Test Cases/IntegratedWeb/IWP25/Payments/CCDeferredCorp FAILED.
Reason:
com.kms.katalon.core.exception.StepFailedException: Text 'Cancel Payment Plan' is not present on page  (Root cause: com.kms.katalon.core.exception.StepFailedException: Text 'Cancel Payment Plan' is not present on page 
	at com.kms.katalon.core.webui.keyword.internal.WebUIKeywordMain.stepFailed(WebUIKeywordMain.groovy:64)
	at com.kms.katalon.core.webui.keyword.builtin.VerifyTextPresentKeyword$_verifyTextPresent_closure1.doCall(VerifyTextPresentKeyword.groovy:79)
	at com.kms.katalon.core.webui.keyword.builtin.VerifyTextPresentKeyword$_verifyTextPresent_closure1.call(VerifyTextPresentKeyword.groovy)
	at com.kms.katalon.core.webui.keyword.internal.WebUIKeywordMain.runKeyword(WebUIKeywordMain.groovy:20)
	at com.kms.katalon.core.webui.keyword.builtin.VerifyTextPresentKeyword.verifyTextPresent(VerifyTextPresentKeyword.groovy:83)
	at com.kms.katalon.core.webui.keyword.builtin.VerifyTextPresentKeyword.execute(VerifyTextPresentKeyword.groovy:68)
	at com.kms.katalon.core.keyword.internal.KeywordExecutor.executeKeywordForPlatform(KeywordExecutor.groovy:74)
	at com.kms.katalon.core.webui.keyword.WebUiBuiltInKeywords.verifyTextPresent(WebUiBuiltInKeywords.groovy:1762)
	at CCDeferredCorp.run(CCDeferredCorp:110)
	at com.kms.katalon.core.main.ScriptEngine.run(ScriptEngine.java:194)
	at com.kms.katalon.core.main.ScriptEngine.runScriptAsRawText(ScriptEngine.java:119)
	at com.kms.katalon.core.main.TestCaseExecutor.runScript(TestCaseExecutor.java:448)
	at com.kms.katalon.core.main.TestCaseExecutor.doExecute(TestCaseExecutor.java:439)
	at com.kms.katalon.core.main.TestCaseExecutor.processExecutionPhase(TestCaseExecutor.java:418)
	at com.kms.katalon.core.main.TestCaseExecutor.accessMainPhase(TestCaseExecutor.java:410)
	at com.kms.katalon.core.main.TestCaseExecutor.execute(TestCaseExecutor.java:285)
	at com.kms.katalon.core.common.CommonExecutor.accessTestCaseMainPhase(CommonExecutor.java:65)
	at com.kms.katalon.core.main.TestSuiteExecutor.accessTestSuiteMainPhase(TestSuiteExecutor.java:150)
	at com.kms.katalon.core.main.TestSuiteExecutor.execute(TestSuiteExecutor.java:106)
	at com.kms.katalon.core.main.TestCaseMain.startTestSuite(TestCaseMain.java:180)
	at TempTestSuite1727249381322.run(TempTestSuite1727249381322.groovy:35)
	at java.base/jdk.internal.reflect.NativeMethodAccessorImpl.invoke0(Native Method)
	at java.base/jdk.internal.reflect.NativeMethodAccessorImpl.invoke(NativeMethodAccessorImpl.java:77)
	at java.base/jdk.internal.reflect.DelegatingMethodAccessorImpl.invoke(DelegatingMethodAccessorImpl.java:43)
)
	at com.kms.katalon.core.keyword.internal.KeywordMain.stepFailed(KeywordMain.groovy:39)
	at com.kms.katalon.core.webui.keyword.internal.WebUIKeywordMain.stepFailed(WebUIKeywordMain.groovy:64)
	at com.kms.katalon.core.webui.keyword.builtin.VerifyTextPresentKeyword$_verifyTextPresent_closure1.doCall(VerifyTextPresentKeyword.groovy:79)
	at com.kms.katalon.core.webui.keyword.builtin.VerifyTextPresentKeyword$_verifyTextPresent_closure1.call(VerifyTextPresentKeyword.groovy)
	at com.kms.katalon.core.webui.keyword.internal.WebUIKeywordMain.runKeyword(WebUIKeywordMain.groovy:20)
	at com.kms.katalon.core.webui.keyword.builtin.VerifyTextPresentKeyword.verifyTextPresent(VerifyTextPresentKeyword.groovy:83)
	at com.kms.katalon.core.webui.keyword.builtin.VerifyTextPresentKeyword.execute(VerifyTextPresentKeyword.groovy:68)
	at com.kms.katalon.core.keyword.internal.KeywordExecutor.executeKeywordForPlatform(KeywordExecutor.groovy:74)
	at com.kms.katalon.core.webui.keyword.WebUiBuiltInKeywords.verifyTextPresent(WebUiBuiltInKeywords.groovy:1762)
	at CCDeferredCorp.run(CCDeferredCorp:110)
	at com.kms.katalon.core.main.ScriptEngine.run(ScriptEngine.java:194)
	at com.kms.katalon.core.main.ScriptEngine.runScriptAsRawText(ScriptEngine.java:119)
	at com.kms.katalon.core.main.TestCaseExecutor.runScript(TestCaseExecutor.java:448)
	at com.kms.katalon.core.main.TestCaseExecutor.doExecute(TestCaseExecutor.java:439)
	at com.kms.katalon.core.main.TestCaseExecutor.processExecutionPhase(TestCaseExecutor.java:418)
	at com.kms.katalon.core.main.TestCaseExecutor.accessMainPhase(TestCaseExecutor.java:410)
	at com.kms.katalon.core.main.TestCaseExecutor.execute(TestCaseExecutor.java:285)
	at com.kms.katalon.core.common.CommonExecutor.accessTestCaseMainPhase(CommonExecutor.java:65)
	at com.kms.katalon.core.main.TestSuiteExecutor.accessTestSuiteMainPhase(TestSuiteExecutor.java:150)
	at com.kms.katalon.core.main.TestSuiteExecutor.execute(TestSuiteExecutor.java:106)
	at com.kms.katalon.core.main.TestCaseMain.startTestSuite(TestCaseMain.java:180)
	at TempTestSuite1727249381322.run(TempTestSuite1727249381322.groovy:35)
	at java.base/jdk.internal.reflect.NativeMethodAccessorImpl.invoke0(Native Method)
	at java.base/jdk.internal.reflect.NativeMethodAccessorImpl.invoke(NativeMethodAccessorImpl.java:77)
	at java.base/jdk.internal.reflect.DelegatingMethodAccessorImpl.invoke(DelegatingMethodAccessorImpl.java:43)
Caused by: com.kms.katalon.core.exception.StepFailedException: Text 'Cancel Payment Plan' is not present on page 
	... 24 more]]></system-err>
   </testsuite>
</testsuites>
