<?xml version="1.0" encoding="UTF-8"?>
<testsuites name="RAD_UI_TestSuite" time="2252.957" tests="17" failures="0" errors="0">
   <testsuite name="RAD_UI_TestSuite" tests="17" failures="0" errors="0" time="2252.957" skipped="0" timestamp="2023-11-01 15:32:02" hostname="imtiaz - DESKTOP-B2QI6NS.govolution.com" id="Test Suites/RAD_TestSuite/RAD_UI_TestSuite">
      <properties>
         <property name="deviceName" value=""/>
         <property name="devicePlatform" value=""/>
         <property name="logFolder" value="E:\\Cloned-Project-Katalon\\VPS-Katalon\\Reports\\20231101_153154\\RAD_TestSuite\\RAD_UI_TestSuite\\20231101_153154"/>
         <property name="logFiles" value="E:\\Cloned-Project-Katalon\\VPS-Katalon\\Reports\\20231101_153154\\RAD_TestSuite\\RAD_UI_TestSuite\\20231101_153154\\execution0.log"/>
         <property name="attachments" value=""/>
         <property name="hostName" value="imtiaz - DESKTOP-B2QI6NS.govolution.com"/>
         <property name="os" value="Windows 10 64bit"/>
         <property name="katalonVersion" value="8.6.6.208"/>
         <property name="browser" value="Chrome 118.0.0.0"/>
         <property name="hostAddress" value="172.31.253.139"/>
         <property name="sessionId" value="ed1c7115cc9963d9edf00e7a09a4c840"/>
         <property name="seleniumVersion" value="3.141.59"/>
         <property name="proxyInformation" value="ProxyInformation { proxyOption=NO_PROXY, proxyServerType=HTTP, username=, password=********, proxyServerAddress=, proxyServerPort=0, executionList=&quot;&quot;, isApplyToDesiredCapabilities=true }"/>
         <property name="platform" value="Windows 10"/>
      </properties>
      <testcase name="Test Cases/RAD_TestCases/Negative_TestCases/FEINmismatchError" time="136.249" classname="Test Cases/RAD_TestCases/Negative_TestCases/FEINmismatchError" status="PASSED">
         <system-out><![CDATA[2023-11-01 15:32:02 - [TEST_CASE][PASSED] - Test Cases/RAD_TestCases/Negative_TestCases/FEINmismatchError: Test Cases/RAD_TestCases/Negative_TestCases/FEINmismatchError

2023-11-01 15:32:03 - [TEST_STEP][PASSED] - resText = "Fail": null

2023-11-01 15:32:03 - [TEST_STEP][PASSED] - resColumn = "Result": null

2023-11-01 15:32:03 - [TEST_STEP][PASSED] - datCloumn = "Date": null

2023-11-01 15:32:03 - [TEST_STEP][PASSED] - fileLoc = "KatalonData/RADTestData/FEINmismatch.xlsx": null

2023-11-01 15:32:03 - [TEST_STEP][PASSED] - nameSheet = "FEINmismatch": null

2023-11-01 15:32:03 - [TEST_STEP][PASSED] - dataFile = "RADTestData/FEINmismatch": null

2023-11-01 15:32:03 - [TEST_STEP][PASSED] - ExecuteTC = <not implemented yet for class: org.codehaus.groovy.ast.expr.EmptyExpression>: null

2023-11-01 15:32:03 - [TEST_STEP][PASSED] - Taxtype = <not implemented yet for class: org.codehaus.groovy.ast.expr.EmptyExpression>: null

2023-11-01 15:32:03 - [TEST_STEP][PASSED] - Paymenttype = <not implemented yet for class: org.codehaus.groovy.ast.expr.EmptyExpression>: null

2023-11-01 15:32:03 - [TEST_STEP][PASSED] - numOfRows = findTestData(dataFile).getRowNumbers(): null

2023-11-01 15:32:03 - [TEST_STEP][PASSED] - println("Number of Records: " + numOfRows): null

2023-11-01 15:32:03 - [TEST_STEP][PASSED] - for ([row = 1, row <= numOfRows, (row++)]): null

2023-11-01 15:32:03 - [TEST_STEP][PASSED] - ExecuteTC = findTestData(dataFile).getValue("Execute", row): null

2023-11-01 15:32:04 - [TEST_STEP][PASSED] - Taxtype = findTestData(dataFile).getValue("TaxType", row): null

2023-11-01 15:32:04 - [TEST_STEP][PASSED] - Paymenttype = findTestData(dataFile).getValue("PaymentType", row): null

2023-11-01 15:32:04 - [TEST_STEP][PASSED] - out.println("Value of Execute is : " + ExecuteTC): null

2023-11-01 15:32:04 - [TEST_STEP][PASSED] - if (ExecuteTC.equalsIgnoreCase("Y")): null

2023-11-01 15:32:04 - [TEST_STEP][PASSED] - out.println("Begin Record Number: " + row): null

2023-11-01 15:32:04 - [TEST_STEP][PASSED] - today = new java.util.Date(): null

2023-11-01 15:32:04 - [TEST_STEP][PASSED] - println(today): null

2023-11-01 15:32:04 - [TEST_STEP][PASSED] - datText = today: null

2023-11-01 15:32:04 - [TEST_STEP][PASSED] - Taxtype = findTestData(dataFile).getValue("TaxType", row): null

2023-11-01 15:32:04 - [TEST_STEP][PASSED] - out.println("Taxtype value is : " + Taxtype): null

2023-11-01 15:32:04 - [TEST_STEP][PASSED] - openBrowser(""): Browser is opened with url: ''

2023-11-01 15:32:04 - [MESSAGE][INFO] - Starting 'Chrome' driver

2023-11-01 15:32:04 - [MESSAGE][INFO] - User set preference: ['acceptInsecureCerts', 'true']

2023-11-01 15:32:04 - [MESSAGE][INFO] - Action delay is set to 0 milliseconds

2023-11-01 15:32:07 - [MESSAGE][PASSED] - Browser is opened with url: ''

2023-11-01 15:32:07 - [TEST_STEP][PASSED] - maximizeWindow(): Current window maximized

2023-11-01 15:32:07 - [MESSAGE][PASSED] - Current window maximized

2023-11-01 15:32:07 - [TEST_STEP][PASSED] - navigateToUrl(RADurl): Navigate to 'https://qa2.velocitypayment.com/client/rad/index.html' successfully

2023-11-01 15:32:09 - [MESSAGE][PASSED] - Navigate to 'https://qa2.velocitypayment.com/client/rad/index.html' successfully

2023-11-01 15:32:09 - [TEST_STEP][PASSED] - orPath_Landing = "Object Repository/RAD_Pages/Landing_Page": null

2023-11-01 15:32:09 - [TEST_STEP][PASSED] - orPath_TaxTypeFilingYear = "Object Repository/RAD_Pages/TaxTypeFilingYear_Page": null

2023-11-01 15:32:09 - [TEST_STEP][PASSED] - orPath_TaxPayer = "Object Repository/RAD_Pages/Taxpayer_Page": null

2023-11-01 15:32:09 - [TEST_STEP][PASSED] - orPath_AddressContact = "Object Repository/RAD_Pages/AddressAndContactInfo_Page": null

2023-11-01 15:32:09 - [TEST_STEP][PASSED] - orPath_FilingStatus = "Object Repository/RAD_Pages/FilingStatus_Page": null

2023-11-01 15:32:09 - [TEST_STEP][PASSED] - orPath_Amount = "Object Repository/RAD_Pages/PaymentAmount_Page": null

2023-11-01 15:32:09 - [TEST_STEP][PASSED] - orPath_TaxInfo = "Object Repository/RAD_Pages/TaxInfo_Page": null

2023-11-01 15:32:09 - [TEST_STEP][PASSED] - orPath_Withholding = "Object Repository/RAD_Pages/Withholding_Page": null

2023-11-01 15:32:09 - [TEST_STEP][PASSED] - orPath_Summary = "Object Repository/RAD_Pages/Summary_Page": null

2023-11-01 15:32:09 - [TEST_STEP][PASSED] - orPath_PaymentReady = "Object Repository/RAD_Pages/PaymentReady_Page": null

2023-11-01 15:32:09 - [TEST_STEP][PASSED] - orPath_PaymentEntry = "Object Repository/RAD_Pages/PaymentEntry_Page": null

2023-11-01 15:32:09 - [TEST_STEP][PASSED] - orPath_PaymentConfirmation = "Object Repository/RAD_Pages/PaymentConfirmation_Page": null

2023-11-01 15:32:09 - [TEST_STEP][PASSED] - orPath_ServiceFeesAccept = "Object Repository/RAD_Pages/ServiceFeeAccept_Page": null

2023-11-01 15:32:09 - [TEST_STEP][PASSED] - selectOptionByLabel(findTestObject(orPath_Landing + "/dd_TaxType"), Paymenttype, false): All options with label 'Existing Liability w/Notice Number' are selected in object 'Object Repository/RAD_Pages/Landing_Page/dd_TaxType' 

2023-11-01 15:32:10 - [MESSAGE][PASSED] - All options with label 'Existing Liability w/Notice Number' are selected in object 'Object Repository/RAD_Pages/Landing_Page/dd_TaxType' 

2023-11-01 15:32:10 - [TEST_STEP][PASSED] - delay(1): Delayed 1 second(s)

2023-11-01 15:32:11 - [MESSAGE][PASSED] - Delayed 1 second(s)

2023-11-01 15:32:11 - [TEST_STEP][PASSED] - switch (Paymenttype): null

2023-11-01 15:32:11 - [TEST_STEP][PASSED] - case "Existing Liability w/Notice Number":: null

2023-11-01 15:32:11 - [TEST_STEP][PASSED] - selectOptionByLabel(findTestObject(orPath_TaxTypeFilingYear + "/select_TaxType_ExistingLiability"), Taxtype, false): All options with label 'Bay Restoration Fee' are selected in object 'Object Repository/RAD_Pages/TaxTypeFilingYear_Page/select_TaxType_ExistingLiability' 

2023-11-01 15:32:12 - [MESSAGE][PASSED] - All options with label 'Bay Restoration Fee' are selected in object 'Object Repository/RAD_Pages/TaxTypeFilingYear_Page/select_TaxType_ExistingLiability' 

2023-11-01 15:32:12 - [TEST_STEP][PASSED] - break: null

2023-11-01 15:32:12 - [TEST_STEP][PASSED] - delay(1): Delayed 1 second(s)

2023-11-01 15:32:13 - [MESSAGE][PASSED] - Delayed 1 second(s)

2023-11-01 15:32:13 - [TEST_STEP][PASSED] - scrollToElement(findTestObject(orPath_Amount + "/input__paymentAmount"), 2, CONTINUE_ON_FAILURE): Scroll to object 'Object Repository/RAD_Pages/PaymentAmount_Page/input__paymentAmount' successfully

2023-11-01 15:32:13 - [MESSAGE][PASSED] - Scroll to object 'Object Repository/RAD_Pages/PaymentAmount_Page/input__paymentAmount' successfully

2023-11-01 15:32:13 - [TEST_STEP][PASSED] - switch (Paymenttype): null

2023-11-01 15:32:13 - [TEST_STEP][PASSED] - case "Existing Liability w/Notice Number":: null

2023-11-01 15:32:13 - [TEST_STEP][PASSED] - setEncryptedText(findTestObject("Object Repository/RAD_RecordAndPlay/input_Existing_FEIN"), "RigbBhfdqODKcAsiUrg+1Q=="): Text ****** has been set on object 'Object Repository/RAD_RecordAndPlay/input_Existing_FEIN'

2023-11-01 15:32:14 - [MESSAGE][PASSED] - Text ****** has been set on object 'Object Repository/RAD_RecordAndPlay/input_Existing_FEIN'

2023-11-01 15:32:14 - [TEST_STEP][PASSED] - setEncryptedText(findTestObject("Object Repository/RAD_RecordAndPlay/input_Existing_RetypeFEIN"), "RigbBhfdqOBBGbZqm4oFJQ=="): Text ****** has been set on object 'Object Repository/RAD_RecordAndPlay/input_Existing_RetypeFEIN'

2023-11-01 15:32:15 - [MESSAGE][PASSED] - Text ****** has been set on object 'Object Repository/RAD_RecordAndPlay/input_Existing_RetypeFEIN'

2023-11-01 15:32:15 - [TEST_STEP][PASSED] - break: null

2023-11-01 15:32:15 - [TEST_STEP][PASSED] - setText(findTestObject(orPath_Amount + "/input__paymentAmount"), ""): Text '' is set on object 'Object Repository/RAD_Pages/PaymentAmount_Page/input__paymentAmount'

2023-11-01 15:32:15 - [MESSAGE][PASSED] - Text '' is set on object 'Object Repository/RAD_Pages/PaymentAmount_Page/input__paymentAmount'

2023-11-01 15:32:15 - [TEST_STEP][PASSED] - verifyTextPresent("The FEIN and Re-type FEIN do not match", true): Text 'The FEIN and Re-type FEIN do not match' is present on page  using regular expression

2023-11-01 15:32:16 - [MESSAGE][PASSED] - Text 'The FEIN and Re-type FEIN do not match' is present on page  using regular expression

2023-11-01 15:32:16 - [TEST_STEP][PASSED] - if (verifyTextPresent("The FEIN and Re-type FEIN do not match", true)): null

2023-11-01 15:32:17 - [MESSAGE][PASSED] - Text 'The FEIN and Re-type FEIN do not match' is present on page  using regular expression

2023-11-01 15:32:17 - [TEST_STEP][PASSED] - println("Error Message is present on the page"): null

2023-11-01 15:32:17 - [TEST_STEP][PASSED] - out.println("Pass Record Number: " + row): null

2023-11-01 15:32:17 - [TEST_STEP][PASSED] - resText = "Pass": null

2023-11-01 15:32:17 - [TEST_STEP][PASSED] - pages.WriteExcel.demoKey(resText, datText, resColumn, datCloumn, fileLoc, nameSheet, row): pages.WriteExcel.demoKey is PASSED

2023-11-01 15:32:17 - [MESSAGE][PASSED] - pages.WriteExcel.demoKey is PASSED

2023-11-01 15:32:17 - [TEST_STEP][PASSED] - ExecuteTC = findTestData(dataFile).getValue("Execute", row): null

2023-11-01 15:32:17 - [TEST_STEP][PASSED] - Taxtype = findTestData(dataFile).getValue("TaxType", row): null

2023-11-01 15:32:17 - [TEST_STEP][PASSED] - Paymenttype = findTestData(dataFile).getValue("PaymentType", row): null

2023-11-01 15:32:17 - [TEST_STEP][PASSED] - out.println("Value of Execute is : " + ExecuteTC): null

2023-11-01 15:32:17 - [TEST_STEP][PASSED] - if (ExecuteTC.equalsIgnoreCase("Y")): null

2023-11-01 15:32:17 - [TEST_STEP][PASSED] - out.println("Begin Record Number: " + row): null

2023-11-01 15:32:17 - [TEST_STEP][PASSED] - today = new java.util.Date(): null

2023-11-01 15:32:17 - [TEST_STEP][PASSED] - println(today): null

2023-11-01 15:32:17 - [TEST_STEP][PASSED] - datText = today: null

2023-11-01 15:32:17 - [TEST_STEP][PASSED] - Taxtype = findTestData(dataFile).getValue("TaxType", row): null

2023-11-01 15:32:17 - [TEST_STEP][PASSED] - out.println("Taxtype value is : " + Taxtype): null

2023-11-01 15:32:17 - [TEST_STEP][PASSED] - openBrowser(""): Browser is opened with url: ''

2023-11-01 15:32:17 - [MESSAGE][WARNING] - A browser is already opened. Closing browser and opening a new one

2023-11-01 15:32:18 - [MESSAGE][INFO] - Starting 'Chrome' driver

2023-11-01 15:32:18 - [MESSAGE][INFO] - User set preference: ['acceptInsecureCerts', 'true']

2023-11-01 15:32:18 - [MESSAGE][INFO] - Action delay is set to 0 milliseconds

2023-11-01 15:32:20 - [MESSAGE][PASSED] - Browser is opened with url: ''

2023-11-01 15:32:20 - [TEST_STEP][PASSED] - maximizeWindow(): Current window maximized

2023-11-01 15:32:20 - [MESSAGE][PASSED] - Current window maximized

2023-11-01 15:32:20 - [TEST_STEP][PASSED] - navigateToUrl(RADurl): Navigate to 'https://qa2.velocitypayment.com/client/rad/index.html' successfully

2023-11-01 15:32:21 - [MESSAGE][PASSED] - Navigate to 'https://qa2.velocitypayment.com/client/rad/index.html' successfully

2023-11-01 15:32:21 - [TEST_STEP][PASSED] - orPath_Landing = "Object Repository/RAD_Pages/Landing_Page": null

2023-11-01 15:32:21 - [TEST_STEP][PASSED] - orPath_TaxTypeFilingYear = "Object Repository/RAD_Pages/TaxTypeFilingYear_Page": null

2023-11-01 15:32:21 - [TEST_STEP][PASSED] - orPath_TaxPayer = "Object Repository/RAD_Pages/Taxpayer_Page": null

2023-11-01 15:32:21 - [TEST_STEP][PASSED] - orPath_AddressContact = "Object Repository/RAD_Pages/AddressAndContactInfo_Page": null

2023-11-01 15:32:21 - [TEST_STEP][PASSED] - orPath_FilingStatus = "Object Repository/RAD_Pages/FilingStatus_Page": null

2023-11-01 15:32:21 - [TEST_STEP][PASSED] - orPath_Amount = "Object Repository/RAD_Pages/PaymentAmount_Page": null

2023-11-01 15:32:21 - [TEST_STEP][PASSED] - orPath_TaxInfo = "Object Repository/RAD_Pages/TaxInfo_Page": null

2023-11-01 15:32:21 - [TEST_STEP][PASSED] - orPath_Withholding = "Object Repository/RAD_Pages/Withholding_Page": null

2023-11-01 15:32:21 - [TEST_STEP][PASSED] - orPath_Summary = "Object Repository/RAD_Pages/Summary_Page": null

2023-11-01 15:32:21 - [TEST_STEP][PASSED] - orPath_PaymentReady = "Object Repository/RAD_Pages/PaymentReady_Page": null

2023-11-01 15:32:21 - [TEST_STEP][PASSED] - orPath_PaymentEntry = "Object Repository/RAD_Pages/PaymentEntry_Page": null

2023-11-01 15:32:21 - [TEST_STEP][PASSED] - orPath_PaymentConfirmation = "Object Repository/RAD_Pages/PaymentConfirmation_Page": null

2023-11-01 15:32:21 - [TEST_STEP][PASSED] - orPath_ServiceFeesAccept = "Object Repository/RAD_Pages/ServiceFeeAccept_Page": null

2023-11-01 15:32:21 - [TEST_STEP][PASSED] - selectOptionByLabel(findTestObject(orPath_Landing + "/dd_TaxType"), Paymenttype, false): All options with label 'Existing Liability w/Notice Number' are selected in object 'Object Repository/RAD_Pages/Landing_Page/dd_TaxType' 

2023-11-01 15:32:22 - [MESSAGE][PASSED] - All options with label 'Existing Liability w/Notice Number' are selected in object 'Object Repository/RAD_Pages/Landing_Page/dd_TaxType' 

2023-11-01 15:32:22 - [TEST_STEP][PASSED] - delay(1): Delayed 1 second(s)

2023-11-01 15:32:23 - [MESSAGE][PASSED] - Delayed 1 second(s)

2023-11-01 15:32:23 - [TEST_STEP][PASSED] - switch (Paymenttype): null

2023-11-01 15:32:23 - [TEST_STEP][PASSED] - case "Existing Liability w/Notice Number":: null

2023-11-01 15:32:23 - [TEST_STEP][PASSED] - selectOptionByLabel(findTestObject(orPath_TaxTypeFilingYear + "/select_TaxType_ExistingLiability"), Taxtype, false): All options with label 'Corporate Income Tax' are selected in object 'Object Repository/RAD_Pages/TaxTypeFilingYear_Page/select_TaxType_ExistingLiability' 

2023-11-01 15:32:24 - [MESSAGE][PASSED] - All options with label 'Corporate Income Tax' are selected in object 'Object Repository/RAD_Pages/TaxTypeFilingYear_Page/select_TaxType_ExistingLiability' 

2023-11-01 15:32:24 - [TEST_STEP][PASSED] - break: null

2023-11-01 15:32:24 - [TEST_STEP][PASSED] - delay(1): Delayed 1 second(s)

2023-11-01 15:32:25 - [MESSAGE][PASSED] - Delayed 1 second(s)

2023-11-01 15:32:25 - [TEST_STEP][PASSED] - scrollToElement(findTestObject(orPath_Amount + "/input__paymentAmount"), 2, CONTINUE_ON_FAILURE): Scroll to object 'Object Repository/RAD_Pages/PaymentAmount_Page/input__paymentAmount' successfully

2023-11-01 15:32:25 - [MESSAGE][PASSED] - Scroll to object 'Object Repository/RAD_Pages/PaymentAmount_Page/input__paymentAmount' successfully

2023-11-01 15:32:25 - [TEST_STEP][PASSED] - switch (Paymenttype): null

2023-11-01 15:32:25 - [TEST_STEP][PASSED] - case "Existing Liability w/Notice Number":: null

2023-11-01 15:32:25 - [TEST_STEP][PASSED] - setEncryptedText(findTestObject("Object Repository/RAD_RecordAndPlay/input_Existing_FEIN"), "RigbBhfdqODKcAsiUrg+1Q=="): Text ****** has been set on object 'Object Repository/RAD_RecordAndPlay/input_Existing_FEIN'

2023-11-01 15:32:26 - [MESSAGE][PASSED] - Text ****** has been set on object 'Object Repository/RAD_RecordAndPlay/input_Existing_FEIN'

2023-11-01 15:32:26 - [TEST_STEP][PASSED] - setEncryptedText(findTestObject("Object Repository/RAD_RecordAndPlay/input_Existing_RetypeFEIN"), "RigbBhfdqOBBGbZqm4oFJQ=="): Text ****** has been set on object 'Object Repository/RAD_RecordAndPlay/input_Existing_RetypeFEIN'

2023-11-01 15:32:26 - [MESSAGE][PASSED] - Text ****** has been set on object 'Object Repository/RAD_RecordAndPlay/input_Existing_RetypeFEIN'

2023-11-01 15:32:26 - [TEST_STEP][PASSED] - break: null

2023-11-01 15:32:26 - [TEST_STEP][PASSED] - setText(findTestObject(orPath_Amount + "/input__paymentAmount"), ""): Text '' is set on object 'Object Repository/RAD_Pages/PaymentAmount_Page/input__paymentAmount'

2023-11-01 15:32:27 - [MESSAGE][PASSED] - Text '' is set on object 'Object Repository/RAD_Pages/PaymentAmount_Page/input__paymentAmount'

2023-11-01 15:32:27 - [TEST_STEP][PASSED] - verifyTextPresent("The FEIN and Re-type FEIN do not match", true): Text 'The FEIN and Re-type FEIN do not match' is present on page  using regular expression

2023-11-01 15:32:28 - [MESSAGE][PASSED] - Text 'The FEIN and Re-type FEIN do not match' is present on page  using regular expression

2023-11-01 15:32:28 - [TEST_STEP][PASSED] - if (verifyTextPresent("The FEIN and Re-type FEIN do not match", true)): null

2023-11-01 15:32:28 - [MESSAGE][PASSED] - Text 'The FEIN and Re-type FEIN do not match' is present on page  using regular expression

2023-11-01 15:32:28 - [TEST_STEP][PASSED] - println("Error Message is present on the page"): null

2023-11-01 15:32:28 - [TEST_STEP][PASSED] - out.println("Pass Record Number: " + row): null

2023-11-01 15:32:28 - [TEST_STEP][PASSED] - resText = "Pass": null

2023-11-01 15:32:28 - [TEST_STEP][PASSED] - pages.WriteExcel.demoKey(resText, datText, resColumn, datCloumn, fileLoc, nameSheet, row): pages.WriteExcel.demoKey is PASSED

2023-11-01 15:32:28 - [MESSAGE][PASSED] - pages.WriteExcel.demoKey is PASSED

2023-11-01 15:32:28 - [TEST_STEP][PASSED] - ExecuteTC = findTestData(dataFile).getValue("Execute", row): null

2023-11-01 15:32:28 - [TEST_STEP][PASSED] - Taxtype = findTestData(dataFile).getValue("TaxType", row): null

2023-11-01 15:32:28 - [TEST_STEP][PASSED] - Paymenttype = findTestData(dataFile).getValue("PaymentType", row): null

2023-11-01 15:32:28 - [TEST_STEP][PASSED] - out.println("Value of Execute is : " + ExecuteTC): null

2023-11-01 15:32:28 - [TEST_STEP][PASSED] - if (ExecuteTC.equalsIgnoreCase("Y")): null

2023-11-01 15:32:28 - [TEST_STEP][PASSED] - out.println("Begin Record Number: " + row): null

2023-11-01 15:32:28 - [TEST_STEP][PASSED] - today = new java.util.Date(): null

2023-11-01 15:32:28 - [TEST_STEP][PASSED] - println(today): null

2023-11-01 15:32:28 - [TEST_STEP][PASSED] - datText = today: null

2023-11-01 15:32:28 - [TEST_STEP][PASSED] - Taxtype = findTestData(dataFile).getValue("TaxType", row): null

2023-11-01 15:32:28 - [TEST_STEP][PASSED] - out.println("Taxtype value is : " + Taxtype): null

2023-11-01 15:32:28 - [TEST_STEP][PASSED] - openBrowser(""): Browser is opened with url: ''

2023-11-01 15:32:28 - [MESSAGE][WARNING] - A browser is already opened. Closing browser and opening a new one

2023-11-01 15:32:29 - [MESSAGE][INFO] - Starting 'Chrome' driver

2023-11-01 15:32:29 - [MESSAGE][INFO] - User set preference: ['acceptInsecureCerts', 'true']

2023-11-01 15:32:29 - [MESSAGE][INFO] - Action delay is set to 0 milliseconds

2023-11-01 15:32:31 - [MESSAGE][PASSED] - Browser is opened with url: ''

2023-11-01 15:32:31 - [TEST_STEP][PASSED] - maximizeWindow(): Current window maximized

2023-11-01 15:32:31 - [MESSAGE][PASSED] - Current window maximized

2023-11-01 15:32:31 - [TEST_STEP][PASSED] - navigateToUrl(RADurl): Navigate to 'https://qa2.velocitypayment.com/client/rad/index.html' successfully

2023-11-01 15:32:33 - [MESSAGE][PASSED] - Navigate to 'https://qa2.velocitypayment.com/client/rad/index.html' successfully

2023-11-01 15:32:33 - [TEST_STEP][PASSED] - orPath_Landing = "Object Repository/RAD_Pages/Landing_Page": null

2023-11-01 15:32:33 - [TEST_STEP][PASSED] - orPath_TaxTypeFilingYear = "Object Repository/RAD_Pages/TaxTypeFilingYear_Page": null

2023-11-01 15:32:33 - [TEST_STEP][PASSED] - orPath_TaxPayer = "Object Repository/RAD_Pages/Taxpayer_Page": null

2023-11-01 15:32:33 - [TEST_STEP][PASSED] - orPath_AddressContact = "Object Repository/RAD_Pages/AddressAndContactInfo_Page": null

2023-11-01 15:32:33 - [TEST_STEP][PASSED] - orPath_FilingStatus = "Object Repository/RAD_Pages/FilingStatus_Page": null

2023-11-01 15:32:33 - [TEST_STEP][PASSED] - orPath_Amount = "Object Repository/RAD_Pages/PaymentAmount_Page": null

2023-11-01 15:32:33 - [TEST_STEP][PASSED] - orPath_TaxInfo = "Object Repository/RAD_Pages/TaxInfo_Page": null

2023-11-01 15:32:33 - [TEST_STEP][PASSED] - orPath_Withholding = "Object Repository/RAD_Pages/Withholding_Page": null

2023-11-01 15:32:33 - [TEST_STEP][PASSED] - orPath_Summary = "Object Repository/RAD_Pages/Summary_Page": null

2023-11-01 15:32:33 - [TEST_STEP][PASSED] - orPath_PaymentReady = "Object Repository/RAD_Pages/PaymentReady_Page": null

2023-11-01 15:32:33 - [TEST_STEP][PASSED] - orPath_PaymentEntry = "Object Repository/RAD_Pages/PaymentEntry_Page": null

2023-11-01 15:32:33 - [TEST_STEP][PASSED] - orPath_PaymentConfirmation = "Object Repository/RAD_Pages/PaymentConfirmation_Page": null

2023-11-01 15:32:33 - [TEST_STEP][PASSED] - orPath_ServiceFeesAccept = "Object Repository/RAD_Pages/ServiceFeeAccept_Page": null

2023-11-01 15:32:33 - [TEST_STEP][PASSED] - selectOptionByLabel(findTestObject(orPath_Landing + "/dd_TaxType"), Paymenttype, false): All options with label 'Existing Liability w/Notice Number' are selected in object 'Object Repository/RAD_Pages/Landing_Page/dd_TaxType' 

2023-11-01 15:32:33 - [MESSAGE][PASSED] - All options with label 'Existing Liability w/Notice Number' are selected in object 'Object Repository/RAD_Pages/Landing_Page/dd_TaxType' 

2023-11-01 15:32:33 - [TEST_STEP][PASSED] - delay(1): Delayed 1 second(s)

2023-11-01 15:32:34 - [MESSAGE][PASSED] - Delayed 1 second(s)

2023-11-01 15:32:34 - [TEST_STEP][PASSED] - switch (Paymenttype): null

2023-11-01 15:32:34 - [TEST_STEP][PASSED] - case "Existing Liability w/Notice Number":: null

2023-11-01 15:32:34 - [TEST_STEP][PASSED] - selectOptionByLabel(findTestObject(orPath_TaxTypeFilingYear + "/select_TaxType_ExistingLiability"), Taxtype, false): All options with label 'Fiduciary Tax' are selected in object 'Object Repository/RAD_Pages/TaxTypeFilingYear_Page/select_TaxType_ExistingLiability' 

2023-11-01 15:32:35 - [MESSAGE][PASSED] - All options with label 'Fiduciary Tax' are selected in object 'Object Repository/RAD_Pages/TaxTypeFilingYear_Page/select_TaxType_ExistingLiability' 

2023-11-01 15:32:35 - [TEST_STEP][PASSED] - break: null

2023-11-01 15:32:35 - [TEST_STEP][PASSED] - delay(1): Delayed 1 second(s)

2023-11-01 15:32:36 - [MESSAGE][PASSED] - Delayed 1 second(s)

2023-11-01 15:32:36 - [TEST_STEP][PASSED] - scrollToElement(findTestObject(orPath_Amount + "/input__paymentAmount"), 2, CONTINUE_ON_FAILURE): Scroll to object 'Object Repository/RAD_Pages/PaymentAmount_Page/input__paymentAmount' successfully

2023-11-01 15:32:36 - [MESSAGE][PASSED] - Scroll to object 'Object Repository/RAD_Pages/PaymentAmount_Page/input__paymentAmount' successfully

2023-11-01 15:32:36 - [TEST_STEP][PASSED] - switch (Paymenttype): null

2023-11-01 15:32:36 - [TEST_STEP][PASSED] - case "Existing Liability w/Notice Number":: null

2023-11-01 15:32:36 - [TEST_STEP][PASSED] - setEncryptedText(findTestObject("Object Repository/RAD_RecordAndPlay/input_Existing_FEIN"), "RigbBhfdqODKcAsiUrg+1Q=="): Text ****** has been set on object 'Object Repository/RAD_RecordAndPlay/input_Existing_FEIN'

2023-11-01 15:32:37 - [MESSAGE][PASSED] - Text ****** has been set on object 'Object Repository/RAD_RecordAndPlay/input_Existing_FEIN'

2023-11-01 15:32:37 - [TEST_STEP][PASSED] - setEncryptedText(findTestObject("Object Repository/RAD_RecordAndPlay/input_Existing_RetypeFEIN"), "RigbBhfdqOBBGbZqm4oFJQ=="): Text ****** has been set on object 'Object Repository/RAD_RecordAndPlay/input_Existing_RetypeFEIN'

2023-11-01 15:32:38 - [MESSAGE][PASSED] - Text ****** has been set on object 'Object Repository/RAD_RecordAndPlay/input_Existing_RetypeFEIN'

2023-11-01 15:32:38 - [TEST_STEP][PASSED] - break: null

2023-11-01 15:32:38 - [TEST_STEP][PASSED] - setText(findTestObject(orPath_Amount + "/input__paymentAmount"), ""): Text '' is set on object 'Object Repository/RAD_Pages/PaymentAmount_Page/input__paymentAmount'

2023-11-01 15:32:38 - [MESSAGE][PASSED] - Text '' is set on object 'Object Repository/RAD_Pages/PaymentAmount_Page/input__paymentAmount'

2023-11-01 15:32:38 - [TEST_STEP][PASSED] - verifyTextPresent("The FEIN and Re-type FEIN do not match", true): Text 'The FEIN and Re-type FEIN do not match' is present on page  using regular expression

2023-11-01 15:32:39 - [MESSAGE][PASSED] - Text 'The FEIN and Re-type FEIN do not match' is present on page  using regular expression

2023-11-01 15:32:39 - [TEST_STEP][PASSED] - if (verifyTextPresent("The FEIN and Re-type FEIN do not match", true)): null

2023-11-01 15:32:39 - [MESSAGE][PASSED] - Text 'The FEIN and Re-type FEIN do not match' is present on page  using regular expression

2023-11-01 15:32:39 - [TEST_STEP][PASSED] - println("Error Message is present on the page"): null

2023-11-01 15:32:39 - [TEST_STEP][PASSED] - out.println("Pass Record Number: " + row): null

2023-11-01 15:32:39 - [TEST_STEP][PASSED] - resText = "Pass": null

2023-11-01 15:32:39 - [TEST_STEP][PASSED] - pages.WriteExcel.demoKey(resText, datText, resColumn, datCloumn, fileLoc, nameSheet, row): pages.WriteExcel.demoKey is PASSED

2023-11-01 15:32:39 - [MESSAGE][PASSED] - pages.WriteExcel.demoKey is PASSED

2023-11-01 15:32:39 - [TEST_STEP][PASSED] - ExecuteTC = findTestData(dataFile).getValue("Execute", row): null

2023-11-01 15:32:40 - [TEST_STEP][PASSED] - Taxtype = findTestData(dataFile).getValue("TaxType", row): null

2023-11-01 15:32:40 - [TEST_STEP][PASSED] - Paymenttype = findTestData(dataFile).getValue("PaymentType", row): null

2023-11-01 15:32:40 - [TEST_STEP][PASSED] - out.println("Value of Execute is : " + ExecuteTC): null

2023-11-01 15:32:40 - [TEST_STEP][PASSED] - if (ExecuteTC.equalsIgnoreCase("Y")): null

2023-11-01 15:32:40 - [TEST_STEP][PASSED] - out.println("Begin Record Number: " + row): null

2023-11-01 15:32:40 - [TEST_STEP][PASSED] - today = new java.util.Date(): null

2023-11-01 15:32:40 - [TEST_STEP][PASSED] - println(today): null

2023-11-01 15:32:40 - [TEST_STEP][PASSED] - datText = today: null

2023-11-01 15:32:40 - [TEST_STEP][PASSED] - Taxtype = findTestData(dataFile).getValue("TaxType", row): null

2023-11-01 15:32:40 - [TEST_STEP][PASSED] - out.println("Taxtype value is : " + Taxtype): null

2023-11-01 15:32:40 - [TEST_STEP][PASSED] - openBrowser(""): Browser is opened with url: ''

2023-11-01 15:32:40 - [MESSAGE][WARNING] - A browser is already opened. Closing browser and opening a new one

2023-11-01 15:32:41 - [MESSAGE][INFO] - Starting 'Chrome' driver

2023-11-01 15:32:41 - [MESSAGE][INFO] - User set preference: ['acceptInsecureCerts', 'true']

2023-11-01 15:32:41 - [MESSAGE][INFO] - Action delay is set to 0 milliseconds

2023-11-01 15:32:42 - [MESSAGE][PASSED] - Browser is opened with url: ''

2023-11-01 15:32:42 - [TEST_STEP][PASSED] - maximizeWindow(): Current window maximized

2023-11-01 15:32:43 - [MESSAGE][PASSED] - Current window maximized

2023-11-01 15:32:43 - [TEST_STEP][PASSED] - navigateToUrl(RADurl): Navigate to 'https://qa2.velocitypayment.com/client/rad/index.html' successfully

2023-11-01 15:32:43 - [MESSAGE][PASSED] - Navigate to 'https://qa2.velocitypayment.com/client/rad/index.html' successfully

2023-11-01 15:32:43 - [TEST_STEP][PASSED] - orPath_Landing = "Object Repository/RAD_Pages/Landing_Page": null

2023-11-01 15:32:43 - [TEST_STEP][PASSED] - orPath_TaxTypeFilingYear = "Object Repository/RAD_Pages/TaxTypeFilingYear_Page": null

2023-11-01 15:32:43 - [TEST_STEP][PASSED] - orPath_TaxPayer = "Object Repository/RAD_Pages/Taxpayer_Page": null

2023-11-01 15:32:43 - [TEST_STEP][PASSED] - orPath_AddressContact = "Object Repository/RAD_Pages/AddressAndContactInfo_Page": null

2023-11-01 15:32:43 - [TEST_STEP][PASSED] - orPath_FilingStatus = "Object Repository/RAD_Pages/FilingStatus_Page": null

2023-11-01 15:32:43 - [TEST_STEP][PASSED] - orPath_Amount = "Object Repository/RAD_Pages/PaymentAmount_Page": null

2023-11-01 15:32:43 - [TEST_STEP][PASSED] - orPath_TaxInfo = "Object Repository/RAD_Pages/TaxInfo_Page": null

2023-11-01 15:32:43 - [TEST_STEP][PASSED] - orPath_Withholding = "Object Repository/RAD_Pages/Withholding_Page": null

2023-11-01 15:32:43 - [TEST_STEP][PASSED] - orPath_Summary = "Object Repository/RAD_Pages/Summary_Page": null

2023-11-01 15:32:43 - [TEST_STEP][PASSED] - orPath_PaymentReady = "Object Repository/RAD_Pages/PaymentReady_Page": null

2023-11-01 15:32:43 - [TEST_STEP][PASSED] - orPath_PaymentEntry = "Object Repository/RAD_Pages/PaymentEntry_Page": null

2023-11-01 15:32:43 - [TEST_STEP][PASSED] - orPath_PaymentConfirmation = "Object Repository/RAD_Pages/PaymentConfirmation_Page": null

2023-11-01 15:32:43 - [TEST_STEP][PASSED] - orPath_ServiceFeesAccept = "Object Repository/RAD_Pages/ServiceFeeAccept_Page": null

2023-11-01 15:32:43 - [TEST_STEP][PASSED] - selectOptionByLabel(findTestObject(orPath_Landing + "/dd_TaxType"), Paymenttype, false): All options with label 'Existing Liability w/Notice Number' are selected in object 'Object Repository/RAD_Pages/Landing_Page/dd_TaxType' 

2023-11-01 15:32:45 - [MESSAGE][PASSED] - All options with label 'Existing Liability w/Notice Number' are selected in object 'Object Repository/RAD_Pages/Landing_Page/dd_TaxType' 

2023-11-01 15:32:45 - [TEST_STEP][PASSED] - delay(1): Delayed 1 second(s)

2023-11-01 15:32:46 - [MESSAGE][PASSED] - Delayed 1 second(s)

2023-11-01 15:32:46 - [TEST_STEP][PASSED] - switch (Paymenttype): null

2023-11-01 15:32:46 - [TEST_STEP][PASSED] - case "Existing Liability w/Notice Number":: null

2023-11-01 15:32:46 - [TEST_STEP][PASSED] - selectOptionByLabel(findTestObject(orPath_TaxTypeFilingYear + "/select_TaxType_ExistingLiability"), Taxtype, false): All options with label 'Sales & Use Tax' are selected in object 'Object Repository/RAD_Pages/TaxTypeFilingYear_Page/select_TaxType_ExistingLiability' 

2023-11-01 15:32:46 - [MESSAGE][PASSED] - All options with label 'Sales & Use Tax' are selected in object 'Object Repository/RAD_Pages/TaxTypeFilingYear_Page/select_TaxType_ExistingLiability' 

2023-11-01 15:32:46 - [TEST_STEP][PASSED] - break: null

2023-11-01 15:32:46 - [TEST_STEP][PASSED] - delay(1): Delayed 1 second(s)

2023-11-01 15:32:47 - [MESSAGE][PASSED] - Delayed 1 second(s)

2023-11-01 15:32:47 - [TEST_STEP][PASSED] - scrollToElement(findTestObject(orPath_Amount + "/input__paymentAmount"), 2, CONTINUE_ON_FAILURE): Scroll to object 'Object Repository/RAD_Pages/PaymentAmount_Page/input__paymentAmount' successfully

2023-11-01 15:32:48 - [MESSAGE][PASSED] - Scroll to object 'Object Repository/RAD_Pages/PaymentAmount_Page/input__paymentAmount' successfully

2023-11-01 15:32:48 - [TEST_STEP][PASSED] - switch (Paymenttype): null

2023-11-01 15:32:48 - [TEST_STEP][PASSED] - case "Existing Liability w/Notice Number":: null

2023-11-01 15:32:48 - [TEST_STEP][PASSED] - setEncryptedText(findTestObject("Object Repository/RAD_RecordAndPlay/input_Existing_FEIN"), "RigbBhfdqODKcAsiUrg+1Q=="): Text ****** has been set on object 'Object Repository/RAD_RecordAndPlay/input_Existing_FEIN'

2023-11-01 15:32:48 - [MESSAGE][PASSED] - Text ****** has been set on object 'Object Repository/RAD_RecordAndPlay/input_Existing_FEIN'

2023-11-01 15:32:48 - [TEST_STEP][PASSED] - setEncryptedText(findTestObject("Object Repository/RAD_RecordAndPlay/input_Existing_RetypeFEIN"), "RigbBhfdqOBBGbZqm4oFJQ=="): Text ****** has been set on object 'Object Repository/RAD_RecordAndPlay/input_Existing_RetypeFEIN'

2023-11-01 15:32:49 - [MESSAGE][PASSED] - Text ****** has been set on object 'Object Repository/RAD_RecordAndPlay/input_Existing_RetypeFEIN'

2023-11-01 15:32:49 - [TEST_STEP][PASSED] - break: null

2023-11-01 15:32:49 - [TEST_STEP][PASSED] - setText(findTestObject(orPath_Amount + "/input__paymentAmount"), ""): Text '' is set on object 'Object Repository/RAD_Pages/PaymentAmount_Page/input__paymentAmount'

2023-11-01 15:32:50 - [MESSAGE][PASSED] - Text '' is set on object 'Object Repository/RAD_Pages/PaymentAmount_Page/input__paymentAmount'

2023-11-01 15:32:50 - [TEST_STEP][PASSED] - verifyTextPresent("The FEIN and Re-type FEIN do not match", true): Text 'The FEIN and Re-type FEIN do not match' is present on page  using regular expression

2023-11-01 15:32:51 - [MESSAGE][PASSED] - Text 'The FEIN and Re-type FEIN do not match' is present on page  using regular expression

2023-11-01 15:32:51 - [TEST_STEP][PASSED] - if (verifyTextPresent("The FEIN and Re-type FEIN do not match", true)): null

2023-11-01 15:32:51 - [MESSAGE][PASSED] - Text 'The FEIN and Re-type FEIN do not match' is present on page  using regular expression

2023-11-01 15:32:51 - [TEST_STEP][PASSED] - println("Error Message is present on the page"): null

2023-11-01 15:32:51 - [TEST_STEP][PASSED] - out.println("Pass Record Number: " + row): null

2023-11-01 15:32:51 - [TEST_STEP][PASSED] - resText = "Pass": null

2023-11-01 15:32:51 - [TEST_STEP][PASSED] - pages.WriteExcel.demoKey(resText, datText, resColumn, datCloumn, fileLoc, nameSheet, row): pages.WriteExcel.demoKey is PASSED

2023-11-01 15:32:51 - [MESSAGE][PASSED] - pages.WriteExcel.demoKey is PASSED

2023-11-01 15:32:51 - [TEST_STEP][PASSED] - ExecuteTC = findTestData(dataFile).getValue("Execute", row): null

2023-11-01 15:32:51 - [TEST_STEP][PASSED] - Taxtype = findTestData(dataFile).getValue("TaxType", row): null

2023-11-01 15:32:51 - [TEST_STEP][PASSED] - Paymenttype = findTestData(dataFile).getValue("PaymentType", row): null

2023-11-01 15:32:51 - [TEST_STEP][PASSED] - out.println("Value of Execute is : " + ExecuteTC): null

2023-11-01 15:32:51 - [TEST_STEP][PASSED] - if (ExecuteTC.equalsIgnoreCase("Y")): null

2023-11-01 15:32:51 - [TEST_STEP][PASSED] - out.println("Begin Record Number: " + row): null

2023-11-01 15:32:51 - [TEST_STEP][PASSED] - today = new java.util.Date(): null

2023-11-01 15:32:51 - [TEST_STEP][PASSED] - println(today): null

2023-11-01 15:32:51 - [TEST_STEP][PASSED] - datText = today: null

2023-11-01 15:32:51 - [TEST_STEP][PASSED] - Taxtype = findTestData(dataFile).getValue("TaxType", row): null

2023-11-01 15:32:51 - [TEST_STEP][PASSED] - out.println("Taxtype value is : " + Taxtype): null

2023-11-01 15:32:51 - [TEST_STEP][PASSED] - openBrowser(""): Browser is opened with url: ''

2023-11-01 15:32:51 - [MESSAGE][WARNING] - A browser is already opened. Closing browser and opening a new one

2023-11-01 15:32:52 - [MESSAGE][INFO] - Starting 'Chrome' driver

2023-11-01 15:32:52 - [MESSAGE][INFO] - User set preference: ['acceptInsecureCerts', 'true']

2023-11-01 15:32:52 - [MESSAGE][INFO] - Action delay is set to 0 milliseconds

2023-11-01 15:32:54 - [MESSAGE][PASSED] - Browser is opened with url: ''

2023-11-01 15:32:54 - [TEST_STEP][PASSED] - maximizeWindow(): Current window maximized

2023-11-01 15:32:54 - [MESSAGE][PASSED] - Current window maximized

2023-11-01 15:32:54 - [TEST_STEP][PASSED] - navigateToUrl(RADurl): Navigate to 'https://qa2.velocitypayment.com/client/rad/index.html' successfully

2023-11-01 15:32:54 - [MESSAGE][PASSED] - Navigate to 'https://qa2.velocitypayment.com/client/rad/index.html' successfully

2023-11-01 15:32:54 - [TEST_STEP][PASSED] - orPath_Landing = "Object Repository/RAD_Pages/Landing_Page": null

2023-11-01 15:32:54 - [TEST_STEP][PASSED] - orPath_TaxTypeFilingYear = "Object Repository/RAD_Pages/TaxTypeFilingYear_Page": null

2023-11-01 15:32:54 - [TEST_STEP][PASSED] - orPath_TaxPayer = "Object Repository/RAD_Pages/Taxpayer_Page": null

2023-11-01 15:32:54 - [TEST_STEP][PASSED] - orPath_AddressContact = "Object Repository/RAD_Pages/AddressAndContactInfo_Page": null

2023-11-01 15:32:54 - [TEST_STEP][PASSED] - orPath_FilingStatus = "Object Repository/RAD_Pages/FilingStatus_Page": null

2023-11-01 15:32:54 - [TEST_STEP][PASSED] - orPath_Amount = "Object Repository/RAD_Pages/PaymentAmount_Page": null

2023-11-01 15:32:54 - [TEST_STEP][PASSED] - orPath_TaxInfo = "Object Repository/RAD_Pages/TaxInfo_Page": null

2023-11-01 15:32:54 - [TEST_STEP][PASSED] - orPath_Withholding = "Object Repository/RAD_Pages/Withholding_Page": null

2023-11-01 15:32:54 - [TEST_STEP][PASSED] - orPath_Summary = "Object Repository/RAD_Pages/Summary_Page": null

2023-11-01 15:32:54 - [TEST_STEP][PASSED] - orPath_PaymentReady = "Object Repository/RAD_Pages/PaymentReady_Page": null

2023-11-01 15:32:54 - [TEST_STEP][PASSED] - orPath_PaymentEntry = "Object Repository/RAD_Pages/PaymentEntry_Page": null

2023-11-01 15:32:54 - [TEST_STEP][PASSED] - orPath_PaymentConfirmation = "Object Repository/RAD_Pages/PaymentConfirmation_Page": null

2023-11-01 15:32:54 - [TEST_STEP][PASSED] - orPath_ServiceFeesAccept = "Object Repository/RAD_Pages/ServiceFeeAccept_Page": null

2023-11-01 15:32:54 - [TEST_STEP][PASSED] - selectOptionByLabel(findTestObject(orPath_Landing + "/dd_TaxType"), Paymenttype, false): All options with label 'Existing Liability w/Notice Number' are selected in object 'Object Repository/RAD_Pages/Landing_Page/dd_TaxType' 

2023-11-01 15:32:57 - [MESSAGE][PASSED] - All options with label 'Existing Liability w/Notice Number' are selected in object 'Object Repository/RAD_Pages/Landing_Page/dd_TaxType' 

2023-11-01 15:32:57 - [TEST_STEP][PASSED] - delay(1): Delayed 1 second(s)

2023-11-01 15:32:58 - [MESSAGE][PASSED] - Delayed 1 second(s)

2023-11-01 15:32:58 - [TEST_STEP][PASSED] - switch (Paymenttype): null

2023-11-01 15:32:58 - [TEST_STEP][PASSED] - case "Existing Liability w/Notice Number":: null

2023-11-01 15:32:58 - [TEST_STEP][PASSED] - selectOptionByLabel(findTestObject(orPath_TaxTypeFilingYear + "/select_TaxType_ExistingLiability"), Taxtype, false): All options with label 'Tire Recycling Fee' are selected in object 'Object Repository/RAD_Pages/TaxTypeFilingYear_Page/select_TaxType_ExistingLiability' 

2023-11-01 15:32:58 - [MESSAGE][PASSED] - All options with label 'Tire Recycling Fee' are selected in object 'Object Repository/RAD_Pages/TaxTypeFilingYear_Page/select_TaxType_ExistingLiability' 

2023-11-01 15:32:58 - [TEST_STEP][PASSED] - break: null

2023-11-01 15:32:58 - [TEST_STEP][PASSED] - delay(1): Delayed 1 second(s)

2023-11-01 15:32:59 - [MESSAGE][PASSED] - Delayed 1 second(s)

2023-11-01 15:32:59 - [TEST_STEP][PASSED] - scrollToElement(findTestObject(orPath_Amount + "/input__paymentAmount"), 2, CONTINUE_ON_FAILURE): Scroll to object 'Object Repository/RAD_Pages/PaymentAmount_Page/input__paymentAmount' successfully

2023-11-01 15:33:00 - [MESSAGE][PASSED] - Scroll to object 'Object Repository/RAD_Pages/PaymentAmount_Page/input__paymentAmount' successfully

2023-11-01 15:33:00 - [TEST_STEP][PASSED] - switch (Paymenttype): null

2023-11-01 15:33:00 - [TEST_STEP][PASSED] - case "Existing Liability w/Notice Number":: null

2023-11-01 15:33:00 - [TEST_STEP][PASSED] - setEncryptedText(findTestObject("Object Repository/RAD_RecordAndPlay/input_Existing_FEIN"), "RigbBhfdqODKcAsiUrg+1Q=="): Text ****** has been set on object 'Object Repository/RAD_RecordAndPlay/input_Existing_FEIN'

2023-11-01 15:33:00 - [MESSAGE][PASSED] - Text ****** has been set on object 'Object Repository/RAD_RecordAndPlay/input_Existing_FEIN'

2023-11-01 15:33:00 - [TEST_STEP][PASSED] - setEncryptedText(findTestObject("Object Repository/RAD_RecordAndPlay/input_Existing_RetypeFEIN"), "RigbBhfdqOBBGbZqm4oFJQ=="): Text ****** has been set on object 'Object Repository/RAD_RecordAndPlay/input_Existing_RetypeFEIN'

2023-11-01 15:33:01 - [MESSAGE][PASSED] - Text ****** has been set on object 'Object Repository/RAD_RecordAndPlay/input_Existing_RetypeFEIN'

2023-11-01 15:33:01 - [TEST_STEP][PASSED] - break: null

2023-11-01 15:33:01 - [TEST_STEP][PASSED] - setText(findTestObject(orPath_Amount + "/input__paymentAmount"), ""): Text '' is set on object 'Object Repository/RAD_Pages/PaymentAmount_Page/input__paymentAmount'

2023-11-01 15:33:02 - [MESSAGE][PASSED] - Text '' is set on object 'Object Repository/RAD_Pages/PaymentAmount_Page/input__paymentAmount'

2023-11-01 15:33:02 - [TEST_STEP][PASSED] - verifyTextPresent("The FEIN and Re-type FEIN do not match", true): Text 'The FEIN and Re-type FEIN do not match' is present on page  using regular expression

2023-11-01 15:33:02 - [MESSAGE][PASSED] - Text 'The FEIN and Re-type FEIN do not match' is present on page  using regular expression

2023-11-01 15:33:02 - [TEST_STEP][PASSED] - if (verifyTextPresent("The FEIN and Re-type FEIN do not match", true)): null

2023-11-01 15:33:03 - [MESSAGE][PASSED] - Text 'The FEIN and Re-type FEIN do not match' is present on page  using regular expression

2023-11-01 15:33:03 - [TEST_STEP][PASSED] - println("Error Message is present on the page"): null

2023-11-01 15:33:03 - [TEST_STEP][PASSED] - out.println("Pass Record Number: " + row): null

2023-11-01 15:33:03 - [TEST_STEP][PASSED] - resText = "Pass": null

2023-11-01 15:33:03 - [TEST_STEP][PASSED] - pages.WriteExcel.demoKey(resText, datText, resColumn, datCloumn, fileLoc, nameSheet, row): pages.WriteExcel.demoKey is PASSED

2023-11-01 15:33:03 - [MESSAGE][PASSED] - pages.WriteExcel.demoKey is PASSED

2023-11-01 15:33:03 - [TEST_STEP][PASSED] - ExecuteTC = findTestData(dataFile).getValue("Execute", row): null

2023-11-01 15:33:03 - [TEST_STEP][PASSED] - Taxtype = findTestData(dataFile).getValue("TaxType", row): null

2023-11-01 15:33:03 - [TEST_STEP][PASSED] - Paymenttype = findTestData(dataFile).getValue("PaymentType", row): null

2023-11-01 15:33:03 - [TEST_STEP][PASSED] - out.println("Value of Execute is : " + ExecuteTC): null

2023-11-01 15:33:03 - [TEST_STEP][PASSED] - if (ExecuteTC.equalsIgnoreCase("Y")): null

2023-11-01 15:33:03 - [TEST_STEP][PASSED] - out.println("Begin Record Number: " + row): null

2023-11-01 15:33:03 - [TEST_STEP][PASSED] - today = new java.util.Date(): null

2023-11-01 15:33:03 - [TEST_STEP][PASSED] - println(today): null

2023-11-01 15:33:03 - [TEST_STEP][PASSED] - datText = today: null

2023-11-01 15:33:03 - [TEST_STEP][PASSED] - Taxtype = findTestData(dataFile).getValue("TaxType", row): null

2023-11-01 15:33:03 - [TEST_STEP][PASSED] - out.println("Taxtype value is : " + Taxtype): null

2023-11-01 15:33:03 - [TEST_STEP][PASSED] - openBrowser(""): Browser is opened with url: ''

2023-11-01 15:33:03 - [MESSAGE][WARNING] - A browser is already opened. Closing browser and opening a new one

2023-11-01 15:33:04 - [MESSAGE][INFO] - Starting 'Chrome' driver

2023-11-01 15:33:04 - [MESSAGE][INFO] - User set preference: ['acceptInsecureCerts', 'true']

2023-11-01 15:33:04 - [MESSAGE][INFO] - Action delay is set to 0 milliseconds

2023-11-01 15:33:05 - [MESSAGE][PASSED] - Browser is opened with url: ''

2023-11-01 15:33:05 - [TEST_STEP][PASSED] - maximizeWindow(): Current window maximized

2023-11-01 15:33:06 - [MESSAGE][PASSED] - Current window maximized

2023-11-01 15:33:06 - [TEST_STEP][PASSED] - navigateToUrl(RADurl): Navigate to 'https://qa2.velocitypayment.com/client/rad/index.html' successfully

2023-11-01 15:33:07 - [MESSAGE][PASSED] - Navigate to 'https://qa2.velocitypayment.com/client/rad/index.html' successfully

2023-11-01 15:33:07 - [TEST_STEP][PASSED] - orPath_Landing = "Object Repository/RAD_Pages/Landing_Page": null

2023-11-01 15:33:07 - [TEST_STEP][PASSED] - orPath_TaxTypeFilingYear = "Object Repository/RAD_Pages/TaxTypeFilingYear_Page": null

2023-11-01 15:33:07 - [TEST_STEP][PASSED] - orPath_TaxPayer = "Object Repository/RAD_Pages/Taxpayer_Page": null

2023-11-01 15:33:07 - [TEST_STEP][PASSED] - orPath_AddressContact = "Object Repository/RAD_Pages/AddressAndContactInfo_Page": null

2023-11-01 15:33:07 - [TEST_STEP][PASSED] - orPath_FilingStatus = "Object Repository/RAD_Pages/FilingStatus_Page": null

2023-11-01 15:33:07 - [TEST_STEP][PASSED] - orPath_Amount = "Object Repository/RAD_Pages/PaymentAmount_Page": null

2023-11-01 15:33:07 - [TEST_STEP][PASSED] - orPath_TaxInfo = "Object Repository/RAD_Pages/TaxInfo_Page": null

2023-11-01 15:33:07 - [TEST_STEP][PASSED] - orPath_Withholding = "Object Repository/RAD_Pages/Withholding_Page": null

2023-11-01 15:33:07 - [TEST_STEP][PASSED] - orPath_Summary = "Object Repository/RAD_Pages/Summary_Page": null

2023-11-01 15:33:07 - [TEST_STEP][PASSED] - orPath_PaymentReady = "Object Repository/RAD_Pages/PaymentReady_Page": null

2023-11-01 15:33:07 - [TEST_STEP][PASSED] - orPath_PaymentEntry = "Object Repository/RAD_Pages/PaymentEntry_Page": null

2023-11-01 15:33:07 - [TEST_STEP][PASSED] - orPath_PaymentConfirmation = "Object Repository/RAD_Pages/PaymentConfirmation_Page": null

2023-11-01 15:33:07 - [TEST_STEP][PASSED] - orPath_ServiceFeesAccept = "Object Repository/RAD_Pages/ServiceFeeAccept_Page": null

2023-11-01 15:33:07 - [TEST_STEP][PASSED] - selectOptionByLabel(findTestObject(orPath_Landing + "/dd_TaxType"), Paymenttype, false): All options with label 'Existing Liability w/Notice Number' are selected in object 'Object Repository/RAD_Pages/Landing_Page/dd_TaxType' 

2023-11-01 15:33:08 - [MESSAGE][PASSED] - All options with label 'Existing Liability w/Notice Number' are selected in object 'Object Repository/RAD_Pages/Landing_Page/dd_TaxType' 

2023-11-01 15:33:08 - [TEST_STEP][PASSED] - delay(1): Delayed 1 second(s)

2023-11-01 15:33:09 - [MESSAGE][PASSED] - Delayed 1 second(s)

2023-11-01 15:33:09 - [TEST_STEP][PASSED] - switch (Paymenttype): null

2023-11-01 15:33:09 - [TEST_STEP][PASSED] - case "Existing Liability w/Notice Number":: null

2023-11-01 15:33:09 - [TEST_STEP][PASSED] - selectOptionByLabel(findTestObject(orPath_TaxTypeFilingYear + "/select_TaxType_ExistingLiability"), Taxtype, false): All options with label 'Withholding Tax' are selected in object 'Object Repository/RAD_Pages/TaxTypeFilingYear_Page/select_TaxType_ExistingLiability' 

2023-11-01 15:33:09 - [MESSAGE][PASSED] - All options with label 'Withholding Tax' are selected in object 'Object Repository/RAD_Pages/TaxTypeFilingYear_Page/select_TaxType_ExistingLiability' 

2023-11-01 15:33:09 - [TEST_STEP][PASSED] - break: null

2023-11-01 15:33:09 - [TEST_STEP][PASSED] - delay(1): Delayed 1 second(s)

2023-11-01 15:33:10 - [MESSAGE][PASSED] - Delayed 1 second(s)

2023-11-01 15:33:10 - [TEST_STEP][PASSED] - scrollToElement(findTestObject(orPath_Amount + "/input__paymentAmount"), 2, CONTINUE_ON_FAILURE): Scroll to object 'Object Repository/RAD_Pages/PaymentAmount_Page/input__paymentAmount' successfully

2023-11-01 15:33:11 - [MESSAGE][PASSED] - Scroll to object 'Object Repository/RAD_Pages/PaymentAmount_Page/input__paymentAmount' successfully

2023-11-01 15:33:11 - [TEST_STEP][PASSED] - switch (Paymenttype): null

2023-11-01 15:33:11 - [TEST_STEP][PASSED] - case "Existing Liability w/Notice Number":: null

2023-11-01 15:33:11 - [TEST_STEP][PASSED] - setEncryptedText(findTestObject("Object Repository/RAD_RecordAndPlay/input_Existing_FEIN"), "RigbBhfdqODKcAsiUrg+1Q=="): Text ****** has been set on object 'Object Repository/RAD_RecordAndPlay/input_Existing_FEIN'

2023-11-01 15:33:11 - [MESSAGE][PASSED] - Text ****** has been set on object 'Object Repository/RAD_RecordAndPlay/input_Existing_FEIN'

2023-11-01 15:33:11 - [TEST_STEP][PASSED] - setEncryptedText(findTestObject("Object Repository/RAD_RecordAndPlay/input_Existing_RetypeFEIN"), "RigbBhfdqOBBGbZqm4oFJQ=="): Text ****** has been set on object 'Object Repository/RAD_RecordAndPlay/input_Existing_RetypeFEIN'

2023-11-01 15:33:12 - [MESSAGE][PASSED] - Text ****** has been set on object 'Object Repository/RAD_RecordAndPlay/input_Existing_RetypeFEIN'

2023-11-01 15:33:12 - [TEST_STEP][PASSED] - break: null

2023-11-01 15:33:12 - [TEST_STEP][PASSED] - setText(findTestObject(orPath_Amount + "/input__paymentAmount"), ""): Text '' is set on object 'Object Repository/RAD_Pages/PaymentAmount_Page/input__paymentAmount'

2023-11-01 15:33:13 - [MESSAGE][PASSED] - Text '' is set on object 'Object Repository/RAD_Pages/PaymentAmount_Page/input__paymentAmount'

2023-11-01 15:33:13 - [TEST_STEP][PASSED] - verifyTextPresent("The FEIN and Re-type FEIN do not match", true): Text 'The FEIN and Re-type FEIN do not match' is present on page  using regular expression

2023-11-01 15:33:13 - [MESSAGE][PASSED] - Text 'The FEIN and Re-type FEIN do not match' is present on page  using regular expression

2023-11-01 15:33:13 - [TEST_STEP][PASSED] - if (verifyTextPresent("The FEIN and Re-type FEIN do not match", true)): null

2023-11-01 15:33:14 - [MESSAGE][PASSED] - Text 'The FEIN and Re-type FEIN do not match' is present on page  using regular expression

2023-11-01 15:33:14 - [TEST_STEP][PASSED] - println("Error Message is present on the page"): null

2023-11-01 15:33:14 - [TEST_STEP][PASSED] - out.println("Pass Record Number: " + row): null

2023-11-01 15:33:14 - [TEST_STEP][PASSED] - resText = "Pass": null

2023-11-01 15:33:14 - [TEST_STEP][PASSED] - pages.WriteExcel.demoKey(resText, datText, resColumn, datCloumn, fileLoc, nameSheet, row): pages.WriteExcel.demoKey is PASSED

2023-11-01 15:33:14 - [MESSAGE][PASSED] - pages.WriteExcel.demoKey is PASSED

2023-11-01 15:33:14 - [TEST_STEP][PASSED] - ExecuteTC = findTestData(dataFile).getValue("Execute", row): null

2023-11-01 15:33:14 - [TEST_STEP][PASSED] - Taxtype = findTestData(dataFile).getValue("TaxType", row): null

2023-11-01 15:33:14 - [TEST_STEP][PASSED] - Paymenttype = findTestData(dataFile).getValue("PaymentType", row): null

2023-11-01 15:33:14 - [TEST_STEP][PASSED] - out.println("Value of Execute is : " + ExecuteTC): null

2023-11-01 15:33:14 - [TEST_STEP][PASSED] - if (ExecuteTC.equalsIgnoreCase("Y")): null

2023-11-01 15:33:14 - [TEST_STEP][PASSED] - out.println("Begin Record Number: " + row): null

2023-11-01 15:33:14 - [TEST_STEP][PASSED] - today = new java.util.Date(): null

2023-11-01 15:33:14 - [TEST_STEP][PASSED] - println(today): null

2023-11-01 15:33:14 - [TEST_STEP][PASSED] - datText = today: null

2023-11-01 15:33:14 - [TEST_STEP][PASSED] - Taxtype = findTestData(dataFile).getValue("TaxType", row): null

2023-11-01 15:33:14 - [TEST_STEP][PASSED] - out.println("Taxtype value is : " + Taxtype): null

2023-11-01 15:33:14 - [TEST_STEP][PASSED] - openBrowser(""): Browser is opened with url: ''

2023-11-01 15:33:14 - [MESSAGE][WARNING] - A browser is already opened. Closing browser and opening a new one

2023-11-01 15:33:15 - [MESSAGE][INFO] - Starting 'Chrome' driver

2023-11-01 15:33:15 - [MESSAGE][INFO] - User set preference: ['acceptInsecureCerts', 'true']

2023-11-01 15:33:15 - [MESSAGE][INFO] - Action delay is set to 0 milliseconds

2023-11-01 15:33:16 - [MESSAGE][PASSED] - Browser is opened with url: ''

2023-11-01 15:33:16 - [TEST_STEP][PASSED] - maximizeWindow(): Current window maximized

2023-11-01 15:33:16 - [MESSAGE][PASSED] - Current window maximized

2023-11-01 15:33:16 - [TEST_STEP][PASSED] - navigateToUrl(RADurl): Navigate to 'https://qa2.velocitypayment.com/client/rad/index.html' successfully

2023-11-01 15:33:18 - [MESSAGE][PASSED] - Navigate to 'https://qa2.velocitypayment.com/client/rad/index.html' successfully

2023-11-01 15:33:18 - [TEST_STEP][PASSED] - orPath_Landing = "Object Repository/RAD_Pages/Landing_Page": null

2023-11-01 15:33:18 - [TEST_STEP][PASSED] - orPath_TaxTypeFilingYear = "Object Repository/RAD_Pages/TaxTypeFilingYear_Page": null

2023-11-01 15:33:18 - [TEST_STEP][PASSED] - orPath_TaxPayer = "Object Repository/RAD_Pages/Taxpayer_Page": null

2023-11-01 15:33:18 - [TEST_STEP][PASSED] - orPath_AddressContact = "Object Repository/RAD_Pages/AddressAndContactInfo_Page": null

2023-11-01 15:33:18 - [TEST_STEP][PASSED] - orPath_FilingStatus = "Object Repository/RAD_Pages/FilingStatus_Page": null

2023-11-01 15:33:18 - [TEST_STEP][PASSED] - orPath_Amount = "Object Repository/RAD_Pages/PaymentAmount_Page": null

2023-11-01 15:33:18 - [TEST_STEP][PASSED] - orPath_TaxInfo = "Object Repository/RAD_Pages/TaxInfo_Page": null

2023-11-01 15:33:18 - [TEST_STEP][PASSED] - orPath_Withholding = "Object Repository/RAD_Pages/Withholding_Page": null

2023-11-01 15:33:18 - [TEST_STEP][PASSED] - orPath_Summary = "Object Repository/RAD_Pages/Summary_Page": null

2023-11-01 15:33:18 - [TEST_STEP][PASSED] - orPath_PaymentReady = "Object Repository/RAD_Pages/PaymentReady_Page": null

2023-11-01 15:33:18 - [TEST_STEP][PASSED] - orPath_PaymentEntry = "Object Repository/RAD_Pages/PaymentEntry_Page": null

2023-11-01 15:33:18 - [TEST_STEP][PASSED] - orPath_PaymentConfirmation = "Object Repository/RAD_Pages/PaymentConfirmation_Page": null

2023-11-01 15:33:18 - [TEST_STEP][PASSED] - orPath_ServiceFeesAccept = "Object Repository/RAD_Pages/ServiceFeeAccept_Page": null

2023-11-01 15:33:18 - [TEST_STEP][PASSED] - selectOptionByLabel(findTestObject(orPath_Landing + "/dd_TaxType"), Paymenttype, false): All options with label 'Existing Liability w/Notice Number' are selected in object 'Object Repository/RAD_Pages/Landing_Page/dd_TaxType' 

2023-11-01 15:33:19 - [MESSAGE][PASSED] - All options with label 'Existing Liability w/Notice Number' are selected in object 'Object Repository/RAD_Pages/Landing_Page/dd_TaxType' 

2023-11-01 15:33:19 - [TEST_STEP][PASSED] - delay(1): Delayed 1 second(s)

2023-11-01 15:33:20 - [MESSAGE][PASSED] - Delayed 1 second(s)

2023-11-01 15:33:20 - [TEST_STEP][PASSED] - switch (Paymenttype): null

2023-11-01 15:33:20 - [TEST_STEP][PASSED] - case "Existing Liability w/Notice Number":: null

2023-11-01 15:33:20 - [TEST_STEP][PASSED] - selectOptionByLabel(findTestObject(orPath_TaxTypeFilingYear + "/select_TaxType_ExistingLiability"), Taxtype, false): All options with label 'Alcohol Tax' are selected in object 'Object Repository/RAD_Pages/TaxTypeFilingYear_Page/select_TaxType_ExistingLiability' 

2023-11-01 15:33:20 - [MESSAGE][PASSED] - All options with label 'Alcohol Tax' are selected in object 'Object Repository/RAD_Pages/TaxTypeFilingYear_Page/select_TaxType_ExistingLiability' 

2023-11-01 15:33:20 - [TEST_STEP][PASSED] - break: null

2023-11-01 15:33:20 - [TEST_STEP][PASSED] - delay(1): Delayed 1 second(s)

2023-11-01 15:33:21 - [MESSAGE][PASSED] - Delayed 1 second(s)

2023-11-01 15:33:21 - [TEST_STEP][PASSED] - scrollToElement(findTestObject(orPath_Amount + "/input__paymentAmount"), 2, CONTINUE_ON_FAILURE): Scroll to object 'Object Repository/RAD_Pages/PaymentAmount_Page/input__paymentAmount' successfully

2023-11-01 15:33:22 - [MESSAGE][PASSED] - Scroll to object 'Object Repository/RAD_Pages/PaymentAmount_Page/input__paymentAmount' successfully

2023-11-01 15:33:22 - [TEST_STEP][PASSED] - switch (Paymenttype): null

2023-11-01 15:33:22 - [TEST_STEP][PASSED] - case "Existing Liability w/Notice Number":: null

2023-11-01 15:33:22 - [TEST_STEP][PASSED] - setEncryptedText(findTestObject("Object Repository/RAD_RecordAndPlay/input_Existing_FEIN"), "RigbBhfdqODKcAsiUrg+1Q=="): Text ****** has been set on object 'Object Repository/RAD_RecordAndPlay/input_Existing_FEIN'

2023-11-01 15:33:22 - [MESSAGE][PASSED] - Text ****** has been set on object 'Object Repository/RAD_RecordAndPlay/input_Existing_FEIN'

2023-11-01 15:33:22 - [TEST_STEP][PASSED] - setEncryptedText(findTestObject("Object Repository/RAD_RecordAndPlay/input_Existing_RetypeFEIN"), "RigbBhfdqOBBGbZqm4oFJQ=="): Text ****** has been set on object 'Object Repository/RAD_RecordAndPlay/input_Existing_RetypeFEIN'

2023-11-01 15:33:23 - [MESSAGE][PASSED] - Text ****** has been set on object 'Object Repository/RAD_RecordAndPlay/input_Existing_RetypeFEIN'

2023-11-01 15:33:23 - [TEST_STEP][PASSED] - break: null

2023-11-01 15:33:23 - [TEST_STEP][PASSED] - setText(findTestObject(orPath_Amount + "/input__paymentAmount"), ""): Text '' is set on object 'Object Repository/RAD_Pages/PaymentAmount_Page/input__paymentAmount'

2023-11-01 15:33:23 - [MESSAGE][PASSED] - Text '' is set on object 'Object Repository/RAD_Pages/PaymentAmount_Page/input__paymentAmount'

2023-11-01 15:33:23 - [TEST_STEP][PASSED] - verifyTextPresent("The FEIN and Re-type FEIN do not match", true): Text 'The FEIN and Re-type FEIN do not match' is present on page  using regular expression

2023-11-01 15:33:24 - [MESSAGE][PASSED] - Text 'The FEIN and Re-type FEIN do not match' is present on page  using regular expression

2023-11-01 15:33:24 - [TEST_STEP][PASSED] - if (verifyTextPresent("The FEIN and Re-type FEIN do not match", true)): null

2023-11-01 15:33:24 - [MESSAGE][PASSED] - Text 'The FEIN and Re-type FEIN do not match' is present on page  using regular expression

2023-11-01 15:33:24 - [TEST_STEP][PASSED] - println("Error Message is present on the page"): null

2023-11-01 15:33:24 - [TEST_STEP][PASSED] - out.println("Pass Record Number: " + row): null

2023-11-01 15:33:24 - [TEST_STEP][PASSED] - resText = "Pass": null

2023-11-01 15:33:24 - [TEST_STEP][PASSED] - pages.WriteExcel.demoKey(resText, datText, resColumn, datCloumn, fileLoc, nameSheet, row): pages.WriteExcel.demoKey is PASSED

2023-11-01 15:33:25 - [MESSAGE][PASSED] - pages.WriteExcel.demoKey is PASSED

2023-11-01 15:33:25 - [TEST_STEP][PASSED] - ExecuteTC = findTestData(dataFile).getValue("Execute", row): null

2023-11-01 15:33:25 - [TEST_STEP][PASSED] - Taxtype = findTestData(dataFile).getValue("TaxType", row): null

2023-11-01 15:33:25 - [TEST_STEP][PASSED] - Paymenttype = findTestData(dataFile).getValue("PaymentType", row): null

2023-11-01 15:33:25 - [TEST_STEP][PASSED] - out.println("Value of Execute is : " + ExecuteTC): null

2023-11-01 15:33:25 - [TEST_STEP][PASSED] - if (ExecuteTC.equalsIgnoreCase("Y")): null

2023-11-01 15:33:25 - [TEST_STEP][PASSED] - out.println("Begin Record Number: " + row): null

2023-11-01 15:33:25 - [TEST_STEP][PASSED] - today = new java.util.Date(): null

2023-11-01 15:33:25 - [TEST_STEP][PASSED] - println(today): null

2023-11-01 15:33:25 - [TEST_STEP][PASSED] - datText = today: null

2023-11-01 15:33:25 - [TEST_STEP][PASSED] - Taxtype = findTestData(dataFile).getValue("TaxType", row): null

2023-11-01 15:33:25 - [TEST_STEP][PASSED] - out.println("Taxtype value is : " + Taxtype): null

2023-11-01 15:33:25 - [TEST_STEP][PASSED] - openBrowser(""): Browser is opened with url: ''

2023-11-01 15:33:25 - [MESSAGE][WARNING] - A browser is already opened. Closing browser and opening a new one

2023-11-01 15:33:26 - [MESSAGE][INFO] - Starting 'Chrome' driver

2023-11-01 15:33:26 - [MESSAGE][INFO] - User set preference: ['acceptInsecureCerts', 'true']

2023-11-01 15:33:26 - [MESSAGE][INFO] - Action delay is set to 0 milliseconds

2023-11-01 15:33:27 - [MESSAGE][PASSED] - Browser is opened with url: ''

2023-11-01 15:33:27 - [TEST_STEP][PASSED] - maximizeWindow(): Current window maximized

2023-11-01 15:33:27 - [MESSAGE][PASSED] - Current window maximized

2023-11-01 15:33:27 - [TEST_STEP][PASSED] - navigateToUrl(RADurl): Navigate to 'https://qa2.velocitypayment.com/client/rad/index.html' successfully

2023-11-01 15:33:29 - [MESSAGE][PASSED] - Navigate to 'https://qa2.velocitypayment.com/client/rad/index.html' successfully

2023-11-01 15:33:29 - [TEST_STEP][PASSED] - orPath_Landing = "Object Repository/RAD_Pages/Landing_Page": null

2023-11-01 15:33:29 - [TEST_STEP][PASSED] - orPath_TaxTypeFilingYear = "Object Repository/RAD_Pages/TaxTypeFilingYear_Page": null

2023-11-01 15:33:29 - [TEST_STEP][PASSED] - orPath_TaxPayer = "Object Repository/RAD_Pages/Taxpayer_Page": null

2023-11-01 15:33:29 - [TEST_STEP][PASSED] - orPath_AddressContact = "Object Repository/RAD_Pages/AddressAndContactInfo_Page": null

2023-11-01 15:33:29 - [TEST_STEP][PASSED] - orPath_FilingStatus = "Object Repository/RAD_Pages/FilingStatus_Page": null

2023-11-01 15:33:29 - [TEST_STEP][PASSED] - orPath_Amount = "Object Repository/RAD_Pages/PaymentAmount_Page": null

2023-11-01 15:33:29 - [TEST_STEP][PASSED] - orPath_TaxInfo = "Object Repository/RAD_Pages/TaxInfo_Page": null

2023-11-01 15:33:29 - [TEST_STEP][PASSED] - orPath_Withholding = "Object Repository/RAD_Pages/Withholding_Page": null

2023-11-01 15:33:29 - [TEST_STEP][PASSED] - orPath_Summary = "Object Repository/RAD_Pages/Summary_Page": null

2023-11-01 15:33:29 - [TEST_STEP][PASSED] - orPath_PaymentReady = "Object Repository/RAD_Pages/PaymentReady_Page": null

2023-11-01 15:33:29 - [TEST_STEP][PASSED] - orPath_PaymentEntry = "Object Repository/RAD_Pages/PaymentEntry_Page": null

2023-11-01 15:33:29 - [TEST_STEP][PASSED] - orPath_PaymentConfirmation = "Object Repository/RAD_Pages/PaymentConfirmation_Page": null

2023-11-01 15:33:29 - [TEST_STEP][PASSED] - orPath_ServiceFeesAccept = "Object Repository/RAD_Pages/ServiceFeeAccept_Page": null

2023-11-01 15:33:29 - [TEST_STEP][PASSED] - selectOptionByLabel(findTestObject(orPath_Landing + "/dd_TaxType"), Paymenttype, false): All options with label 'Quarterly Estimated Tax' are selected in object 'Object Repository/RAD_Pages/Landing_Page/dd_TaxType' 

2023-11-01 15:33:30 - [MESSAGE][PASSED] - All options with label 'Quarterly Estimated Tax' are selected in object 'Object Repository/RAD_Pages/Landing_Page/dd_TaxType' 

2023-11-01 15:33:30 - [TEST_STEP][PASSED] - delay(1): Delayed 1 second(s)

2023-11-01 15:33:31 - [MESSAGE][PASSED] - Delayed 1 second(s)

2023-11-01 15:33:31 - [TEST_STEP][PASSED] - switch (Paymenttype): null

2023-11-01 15:33:31 - [TEST_STEP][PASSED] - case "Quarterly Estimated Tax":: null

2023-11-01 15:33:31 - [TEST_STEP][PASSED] - selectOptionByLabel(findTestObject(orPath_TaxTypeFilingYear + "/select_PaymentType"), Taxtype, false): All options with label 'Corporate Income Tax' are selected in object 'Object Repository/RAD_Pages/TaxTypeFilingYear_Page/select_PaymentType' 

2023-11-01 15:33:31 - [MESSAGE][PASSED] - All options with label 'Corporate Income Tax' are selected in object 'Object Repository/RAD_Pages/TaxTypeFilingYear_Page/select_PaymentType' 

2023-11-01 15:33:31 - [TEST_STEP][PASSED] - break: null

2023-11-01 15:33:31 - [TEST_STEP][PASSED] - delay(1): Delayed 1 second(s)

2023-11-01 15:33:32 - [MESSAGE][PASSED] - Delayed 1 second(s)

2023-11-01 15:33:32 - [TEST_STEP][PASSED] - scrollToElement(findTestObject(orPath_Amount + "/input__paymentAmount"), 2, CONTINUE_ON_FAILURE): Scroll to object 'Object Repository/RAD_Pages/PaymentAmount_Page/input__paymentAmount' successfully

2023-11-01 15:33:32 - [MESSAGE][PASSED] - Scroll to object 'Object Repository/RAD_Pages/PaymentAmount_Page/input__paymentAmount' successfully

2023-11-01 15:33:32 - [TEST_STEP][PASSED] - switch (Paymenttype): null

2023-11-01 15:33:32 - [TEST_STEP][PASSED] - case "Quarterly Estimated Tax":: null

2023-11-01 15:33:32 - [TEST_STEP][PASSED] - setEncryptedText(findTestObject(orPath_TaxInfo + "/input_FederalEIN"), "RigbBhfdqODKcAsiUrg+1Q=="): Text ****** has been set on object 'Object Repository/RAD_Pages/TaxInfo_Page/input_FederalEIN'

2023-11-01 15:33:33 - [MESSAGE][PASSED] - Text ****** has been set on object 'Object Repository/RAD_Pages/TaxInfo_Page/input_FederalEIN'

2023-11-01 15:33:33 - [TEST_STEP][PASSED] - setEncryptedText(findTestObject(orPath_TaxInfo + "/input_FederalEIN_ReEnter"), "RigbBhfdqOBBGbZqm4oFJQ=="): Text ****** has been set on object 'Object Repository/RAD_Pages/TaxInfo_Page/input_FederalEIN_ReEnter'

2023-11-01 15:33:34 - [MESSAGE][PASSED] - Text ****** has been set on object 'Object Repository/RAD_Pages/TaxInfo_Page/input_FederalEIN_ReEnter'

2023-11-01 15:33:34 - [TEST_STEP][PASSED] - break: null

2023-11-01 15:33:34 - [TEST_STEP][PASSED] - setText(findTestObject(orPath_Amount + "/input__paymentAmount"), ""): Text '' is set on object 'Object Repository/RAD_Pages/PaymentAmount_Page/input__paymentAmount'

2023-11-01 15:33:34 - [MESSAGE][PASSED] - Text '' is set on object 'Object Repository/RAD_Pages/PaymentAmount_Page/input__paymentAmount'

2023-11-01 15:33:34 - [TEST_STEP][PASSED] - verifyTextPresent("The FEIN and Re-type FEIN do not match", true): Text 'The FEIN and Re-type FEIN do not match' is present on page  using regular expression

2023-11-01 15:33:35 - [MESSAGE][PASSED] - Text 'The FEIN and Re-type FEIN do not match' is present on page  using regular expression

2023-11-01 15:33:35 - [TEST_STEP][PASSED] - if (verifyTextPresent("The FEIN and Re-type FEIN do not match", true)): null

2023-11-01 15:33:35 - [MESSAGE][PASSED] - Text 'The FEIN and Re-type FEIN do not match' is present on page  using regular expression

2023-11-01 15:33:35 - [TEST_STEP][PASSED] - println("Error Message is present on the page"): null

2023-11-01 15:33:35 - [TEST_STEP][PASSED] - out.println("Pass Record Number: " + row): null

2023-11-01 15:33:35 - [TEST_STEP][PASSED] - resText = "Pass": null

2023-11-01 15:33:35 - [TEST_STEP][PASSED] - pages.WriteExcel.demoKey(resText, datText, resColumn, datCloumn, fileLoc, nameSheet, row): pages.WriteExcel.demoKey is PASSED

2023-11-01 15:33:35 - [MESSAGE][PASSED] - pages.WriteExcel.demoKey is PASSED

2023-11-01 15:33:35 - [TEST_STEP][PASSED] - ExecuteTC = findTestData(dataFile).getValue("Execute", row): null

2023-11-01 15:33:35 - [TEST_STEP][PASSED] - Taxtype = findTestData(dataFile).getValue("TaxType", row): null

2023-11-01 15:33:36 - [TEST_STEP][PASSED] - Paymenttype = findTestData(dataFile).getValue("PaymentType", row): null

2023-11-01 15:33:36 - [TEST_STEP][PASSED] - out.println("Value of Execute is : " + ExecuteTC): null

2023-11-01 15:33:36 - [TEST_STEP][PASSED] - if (ExecuteTC.equalsIgnoreCase("Y")): null

2023-11-01 15:33:36 - [TEST_STEP][PASSED] - out.println("Begin Record Number: " + row): null

2023-11-01 15:33:36 - [TEST_STEP][PASSED] - today = new java.util.Date(): null

2023-11-01 15:33:36 - [TEST_STEP][PASSED] - println(today): null

2023-11-01 15:33:36 - [TEST_STEP][PASSED] - datText = today: null

2023-11-01 15:33:36 - [TEST_STEP][PASSED] - Taxtype = findTestData(dataFile).getValue("TaxType", row): null

2023-11-01 15:33:36 - [TEST_STEP][PASSED] - out.println("Taxtype value is : " + Taxtype): null

2023-11-01 15:33:36 - [TEST_STEP][PASSED] - openBrowser(""): Browser is opened with url: ''

2023-11-01 15:33:36 - [MESSAGE][WARNING] - A browser is already opened. Closing browser and opening a new one

2023-11-01 15:33:37 - [MESSAGE][INFO] - Starting 'Chrome' driver

2023-11-01 15:33:37 - [MESSAGE][INFO] - User set preference: ['acceptInsecureCerts', 'true']

2023-11-01 15:33:37 - [MESSAGE][INFO] - Action delay is set to 0 milliseconds

2023-11-01 15:33:38 - [MESSAGE][PASSED] - Browser is opened with url: ''

2023-11-01 15:33:38 - [TEST_STEP][PASSED] - maximizeWindow(): Current window maximized

2023-11-01 15:33:38 - [MESSAGE][PASSED] - Current window maximized

2023-11-01 15:33:38 - [TEST_STEP][PASSED] - navigateToUrl(RADurl): Navigate to 'https://qa2.velocitypayment.com/client/rad/index.html' successfully

2023-11-01 15:33:40 - [MESSAGE][PASSED] - Navigate to 'https://qa2.velocitypayment.com/client/rad/index.html' successfully

2023-11-01 15:33:40 - [TEST_STEP][PASSED] - orPath_Landing = "Object Repository/RAD_Pages/Landing_Page": null

2023-11-01 15:33:40 - [TEST_STEP][PASSED] - orPath_TaxTypeFilingYear = "Object Repository/RAD_Pages/TaxTypeFilingYear_Page": null

2023-11-01 15:33:40 - [TEST_STEP][PASSED] - orPath_TaxPayer = "Object Repository/RAD_Pages/Taxpayer_Page": null

2023-11-01 15:33:40 - [TEST_STEP][PASSED] - orPath_AddressContact = "Object Repository/RAD_Pages/AddressAndContactInfo_Page": null

2023-11-01 15:33:40 - [TEST_STEP][PASSED] - orPath_FilingStatus = "Object Repository/RAD_Pages/FilingStatus_Page": null

2023-11-01 15:33:40 - [TEST_STEP][PASSED] - orPath_Amount = "Object Repository/RAD_Pages/PaymentAmount_Page": null

2023-11-01 15:33:40 - [TEST_STEP][PASSED] - orPath_TaxInfo = "Object Repository/RAD_Pages/TaxInfo_Page": null

2023-11-01 15:33:40 - [TEST_STEP][PASSED] - orPath_Withholding = "Object Repository/RAD_Pages/Withholding_Page": null

2023-11-01 15:33:40 - [TEST_STEP][PASSED] - orPath_Summary = "Object Repository/RAD_Pages/Summary_Page": null

2023-11-01 15:33:40 - [TEST_STEP][PASSED] - orPath_PaymentReady = "Object Repository/RAD_Pages/PaymentReady_Page": null

2023-11-01 15:33:40 - [TEST_STEP][PASSED] - orPath_PaymentEntry = "Object Repository/RAD_Pages/PaymentEntry_Page": null

2023-11-01 15:33:40 - [TEST_STEP][PASSED] - orPath_PaymentConfirmation = "Object Repository/RAD_Pages/PaymentConfirmation_Page": null

2023-11-01 15:33:40 - [TEST_STEP][PASSED] - orPath_ServiceFeesAccept = "Object Repository/RAD_Pages/ServiceFeeAccept_Page": null

2023-11-01 15:33:40 - [TEST_STEP][PASSED] - selectOptionByLabel(findTestObject(orPath_Landing + "/dd_TaxType"), Paymenttype, false): All options with label 'Quarterly Estimated Tax' are selected in object 'Object Repository/RAD_Pages/Landing_Page/dd_TaxType' 

2023-11-01 15:33:40 - [MESSAGE][PASSED] - All options with label 'Quarterly Estimated Tax' are selected in object 'Object Repository/RAD_Pages/Landing_Page/dd_TaxType' 

2023-11-01 15:33:40 - [TEST_STEP][PASSED] - delay(1): Delayed 1 second(s)

2023-11-01 15:33:41 - [MESSAGE][PASSED] - Delayed 1 second(s)

2023-11-01 15:33:41 - [TEST_STEP][PASSED] - switch (Paymenttype): null

2023-11-01 15:33:41 - [TEST_STEP][PASSED] - case "Quarterly Estimated Tax":: null

2023-11-01 15:33:41 - [TEST_STEP][PASSED] - selectOptionByLabel(findTestObject(orPath_TaxTypeFilingYear + "/select_PaymentType"), Taxtype, false): All options with label 'Fiduciary Tax' are selected in object 'Object Repository/RAD_Pages/TaxTypeFilingYear_Page/select_PaymentType' 

2023-11-01 15:33:42 - [MESSAGE][PASSED] - All options with label 'Fiduciary Tax' are selected in object 'Object Repository/RAD_Pages/TaxTypeFilingYear_Page/select_PaymentType' 

2023-11-01 15:33:42 - [TEST_STEP][PASSED] - break: null

2023-11-01 15:33:42 - [TEST_STEP][PASSED] - delay(1): Delayed 1 second(s)

2023-11-01 15:33:43 - [MESSAGE][PASSED] - Delayed 1 second(s)

2023-11-01 15:33:43 - [TEST_STEP][PASSED] - scrollToElement(findTestObject(orPath_Amount + "/input__paymentAmount"), 2, CONTINUE_ON_FAILURE): Scroll to object 'Object Repository/RAD_Pages/PaymentAmount_Page/input__paymentAmount' successfully

2023-11-01 15:33:43 - [MESSAGE][PASSED] - Scroll to object 'Object Repository/RAD_Pages/PaymentAmount_Page/input__paymentAmount' successfully

2023-11-01 15:33:43 - [TEST_STEP][PASSED] - switch (Paymenttype): null

2023-11-01 15:33:43 - [TEST_STEP][PASSED] - case "Quarterly Estimated Tax":: null

2023-11-01 15:33:43 - [TEST_STEP][PASSED] - setEncryptedText(findTestObject(orPath_TaxInfo + "/input_FederalEIN"), "RigbBhfdqODKcAsiUrg+1Q=="): Text ****** has been set on object 'Object Repository/RAD_Pages/TaxInfo_Page/input_FederalEIN'

2023-11-01 15:33:44 - [MESSAGE][PASSED] - Text ****** has been set on object 'Object Repository/RAD_Pages/TaxInfo_Page/input_FederalEIN'

2023-11-01 15:33:44 - [TEST_STEP][PASSED] - setEncryptedText(findTestObject(orPath_TaxInfo + "/input_FederalEIN_ReEnter"), "RigbBhfdqOBBGbZqm4oFJQ=="): Text ****** has been set on object 'Object Repository/RAD_Pages/TaxInfo_Page/input_FederalEIN_ReEnter'

2023-11-01 15:33:44 - [MESSAGE][PASSED] - Text ****** has been set on object 'Object Repository/RAD_Pages/TaxInfo_Page/input_FederalEIN_ReEnter'

2023-11-01 15:33:44 - [TEST_STEP][PASSED] - break: null

2023-11-01 15:33:44 - [TEST_STEP][PASSED] - setText(findTestObject(orPath_Amount + "/input__paymentAmount"), ""): Text '' is set on object 'Object Repository/RAD_Pages/PaymentAmount_Page/input__paymentAmount'

2023-11-01 15:33:45 - [MESSAGE][PASSED] - Text '' is set on object 'Object Repository/RAD_Pages/PaymentAmount_Page/input__paymentAmount'

2023-11-01 15:33:45 - [TEST_STEP][PASSED] - verifyTextPresent("The FEIN and Re-type FEIN do not match", true): Text 'The FEIN and Re-type FEIN do not match' is present on page  using regular expression

2023-11-01 15:33:46 - [MESSAGE][PASSED] - Text 'The FEIN and Re-type FEIN do not match' is present on page  using regular expression

2023-11-01 15:33:46 - [TEST_STEP][PASSED] - if (verifyTextPresent("The FEIN and Re-type FEIN do not match", true)): null

2023-11-01 15:33:46 - [MESSAGE][PASSED] - Text 'The FEIN and Re-type FEIN do not match' is present on page  using regular expression

2023-11-01 15:33:46 - [TEST_STEP][PASSED] - println("Error Message is present on the page"): null

2023-11-01 15:33:46 - [TEST_STEP][PASSED] - out.println("Pass Record Number: " + row): null

2023-11-01 15:33:46 - [TEST_STEP][PASSED] - resText = "Pass": null

2023-11-01 15:33:46 - [TEST_STEP][PASSED] - pages.WriteExcel.demoKey(resText, datText, resColumn, datCloumn, fileLoc, nameSheet, row): pages.WriteExcel.demoKey is PASSED

2023-11-01 15:33:46 - [MESSAGE][PASSED] - pages.WriteExcel.demoKey is PASSED

2023-11-01 15:33:46 - [TEST_STEP][PASSED] - ExecuteTC = findTestData(dataFile).getValue("Execute", row): null

2023-11-01 15:33:46 - [TEST_STEP][PASSED] - Taxtype = findTestData(dataFile).getValue("TaxType", row): null

2023-11-01 15:33:46 - [TEST_STEP][PASSED] - Paymenttype = findTestData(dataFile).getValue("PaymentType", row): null

2023-11-01 15:33:46 - [TEST_STEP][PASSED] - out.println("Value of Execute is : " + ExecuteTC): null

2023-11-01 15:33:46 - [TEST_STEP][PASSED] - if (ExecuteTC.equalsIgnoreCase("Y")): null

2023-11-01 15:33:46 - [TEST_STEP][PASSED] - out.println("Begin Record Number: " + row): null

2023-11-01 15:33:46 - [TEST_STEP][PASSED] - today = new java.util.Date(): null

2023-11-01 15:33:46 - [TEST_STEP][PASSED] - println(today): null

2023-11-01 15:33:46 - [TEST_STEP][PASSED] - datText = today: null

2023-11-01 15:33:46 - [TEST_STEP][PASSED] - Taxtype = findTestData(dataFile).getValue("TaxType", row): null

2023-11-01 15:33:46 - [TEST_STEP][PASSED] - out.println("Taxtype value is : " + Taxtype): null

2023-11-01 15:33:46 - [TEST_STEP][PASSED] - openBrowser(""): Browser is opened with url: ''

2023-11-01 15:33:46 - [MESSAGE][WARNING] - A browser is already opened. Closing browser and opening a new one

2023-11-01 15:33:47 - [MESSAGE][INFO] - Starting 'Chrome' driver

2023-11-01 15:33:47 - [MESSAGE][INFO] - User set preference: ['acceptInsecureCerts', 'true']

2023-11-01 15:33:47 - [MESSAGE][INFO] - Action delay is set to 0 milliseconds

2023-11-01 15:33:49 - [MESSAGE][PASSED] - Browser is opened with url: ''

2023-11-01 15:33:49 - [TEST_STEP][PASSED] - maximizeWindow(): Current window maximized

2023-11-01 15:33:49 - [MESSAGE][PASSED] - Current window maximized

2023-11-01 15:33:49 - [TEST_STEP][PASSED] - navigateToUrl(RADurl): Navigate to 'https://qa2.velocitypayment.com/client/rad/index.html' successfully

2023-11-01 15:33:50 - [MESSAGE][PASSED] - Navigate to 'https://qa2.velocitypayment.com/client/rad/index.html' successfully

2023-11-01 15:33:50 - [TEST_STEP][PASSED] - orPath_Landing = "Object Repository/RAD_Pages/Landing_Page": null

2023-11-01 15:33:50 - [TEST_STEP][PASSED] - orPath_TaxTypeFilingYear = "Object Repository/RAD_Pages/TaxTypeFilingYear_Page": null

2023-11-01 15:33:50 - [TEST_STEP][PASSED] - orPath_TaxPayer = "Object Repository/RAD_Pages/Taxpayer_Page": null

2023-11-01 15:33:50 - [TEST_STEP][PASSED] - orPath_AddressContact = "Object Repository/RAD_Pages/AddressAndContactInfo_Page": null

2023-11-01 15:33:50 - [TEST_STEP][PASSED] - orPath_FilingStatus = "Object Repository/RAD_Pages/FilingStatus_Page": null

2023-11-01 15:33:50 - [TEST_STEP][PASSED] - orPath_Amount = "Object Repository/RAD_Pages/PaymentAmount_Page": null

2023-11-01 15:33:50 - [TEST_STEP][PASSED] - orPath_TaxInfo = "Object Repository/RAD_Pages/TaxInfo_Page": null

2023-11-01 15:33:50 - [TEST_STEP][PASSED] - orPath_Withholding = "Object Repository/RAD_Pages/Withholding_Page": null

2023-11-01 15:33:50 - [TEST_STEP][PASSED] - orPath_Summary = "Object Repository/RAD_Pages/Summary_Page": null

2023-11-01 15:33:50 - [TEST_STEP][PASSED] - orPath_PaymentReady = "Object Repository/RAD_Pages/PaymentReady_Page": null

2023-11-01 15:33:50 - [TEST_STEP][PASSED] - orPath_PaymentEntry = "Object Repository/RAD_Pages/PaymentEntry_Page": null

2023-11-01 15:33:50 - [TEST_STEP][PASSED] - orPath_PaymentConfirmation = "Object Repository/RAD_Pages/PaymentConfirmation_Page": null

2023-11-01 15:33:50 - [TEST_STEP][PASSED] - orPath_ServiceFeesAccept = "Object Repository/RAD_Pages/ServiceFeeAccept_Page": null

2023-11-01 15:33:50 - [TEST_STEP][PASSED] - selectOptionByLabel(findTestObject(orPath_Landing + "/dd_TaxType"), Paymenttype, false): All options with label 'Extension Payments' are selected in object 'Object Repository/RAD_Pages/Landing_Page/dd_TaxType' 

2023-11-01 15:33:51 - [MESSAGE][PASSED] - All options with label 'Extension Payments' are selected in object 'Object Repository/RAD_Pages/Landing_Page/dd_TaxType' 

2023-11-01 15:33:51 - [TEST_STEP][PASSED] - delay(1): Delayed 1 second(s)

2023-11-01 15:33:52 - [MESSAGE][PASSED] - Delayed 1 second(s)

2023-11-01 15:33:52 - [TEST_STEP][PASSED] - switch (Paymenttype): null

2023-11-01 15:33:52 - [TEST_STEP][PASSED] - case "Extension Payments":: null

2023-11-01 15:33:52 - [TEST_STEP][PASSED] - selectOptionByLabel(findTestObject(orPath_TaxTypeFilingYear + "/select_PaymentType"), Taxtype, false): All options with label 'Corporate Income Tax' are selected in object 'Object Repository/RAD_Pages/TaxTypeFilingYear_Page/select_PaymentType' 

2023-11-01 15:33:53 - [MESSAGE][PASSED] - All options with label 'Corporate Income Tax' are selected in object 'Object Repository/RAD_Pages/TaxTypeFilingYear_Page/select_PaymentType' 

2023-11-01 15:33:53 - [TEST_STEP][PASSED] - break: null

2023-11-01 15:33:53 - [TEST_STEP][PASSED] - delay(1): Delayed 1 second(s)

2023-11-01 15:33:54 - [MESSAGE][PASSED] - Delayed 1 second(s)

2023-11-01 15:33:54 - [TEST_STEP][PASSED] - scrollToElement(findTestObject(orPath_Amount + "/input__paymentAmount"), 2, CONTINUE_ON_FAILURE): Scroll to object 'Object Repository/RAD_Pages/PaymentAmount_Page/input__paymentAmount' successfully

2023-11-01 15:33:54 - [MESSAGE][PASSED] - Scroll to object 'Object Repository/RAD_Pages/PaymentAmount_Page/input__paymentAmount' successfully

2023-11-01 15:33:54 - [TEST_STEP][PASSED] - switch (Paymenttype): null

2023-11-01 15:33:54 - [TEST_STEP][PASSED] - case "Extension Payments":: null

2023-11-01 15:33:54 - [TEST_STEP][PASSED] - setEncryptedText(findTestObject(orPath_TaxInfo + "/input_FederalEIN"), "RigbBhfdqODKcAsiUrg+1Q=="): Text ****** has been set on object 'Object Repository/RAD_Pages/TaxInfo_Page/input_FederalEIN'

2023-11-01 15:33:55 - [MESSAGE][PASSED] - Text ****** has been set on object 'Object Repository/RAD_Pages/TaxInfo_Page/input_FederalEIN'

2023-11-01 15:33:55 - [TEST_STEP][PASSED] - setEncryptedText(findTestObject(orPath_TaxInfo + "/input_FederalEIN_ReEnter"), "RigbBhfdqOBBGbZqm4oFJQ=="): Text ****** has been set on object 'Object Repository/RAD_Pages/TaxInfo_Page/input_FederalEIN_ReEnter'

2023-11-01 15:33:55 - [MESSAGE][PASSED] - Text ****** has been set on object 'Object Repository/RAD_Pages/TaxInfo_Page/input_FederalEIN_ReEnter'

2023-11-01 15:33:55 - [TEST_STEP][PASSED] - break: null

2023-11-01 15:33:55 - [TEST_STEP][PASSED] - setText(findTestObject(orPath_Amount + "/input__paymentAmount"), ""): Text '' is set on object 'Object Repository/RAD_Pages/PaymentAmount_Page/input__paymentAmount'

2023-11-01 15:33:56 - [MESSAGE][PASSED] - Text '' is set on object 'Object Repository/RAD_Pages/PaymentAmount_Page/input__paymentAmount'

2023-11-01 15:33:56 - [TEST_STEP][PASSED] - verifyTextPresent("The FEIN and Re-type FEIN do not match", true): Text 'The FEIN and Re-type FEIN do not match' is present on page  using regular expression

2023-11-01 15:33:57 - [MESSAGE][PASSED] - Text 'The FEIN and Re-type FEIN do not match' is present on page  using regular expression

2023-11-01 15:33:57 - [TEST_STEP][PASSED] - if (verifyTextPresent("The FEIN and Re-type FEIN do not match", true)): null

2023-11-01 15:33:57 - [MESSAGE][PASSED] - Text 'The FEIN and Re-type FEIN do not match' is present on page  using regular expression

2023-11-01 15:33:57 - [TEST_STEP][PASSED] - println("Error Message is present on the page"): null

2023-11-01 15:33:57 - [TEST_STEP][PASSED] - out.println("Pass Record Number: " + row): null

2023-11-01 15:33:57 - [TEST_STEP][PASSED] - resText = "Pass": null

2023-11-01 15:33:57 - [TEST_STEP][PASSED] - pages.WriteExcel.demoKey(resText, datText, resColumn, datCloumn, fileLoc, nameSheet, row): pages.WriteExcel.demoKey is PASSED

2023-11-01 15:33:57 - [MESSAGE][PASSED] - pages.WriteExcel.demoKey is PASSED

2023-11-01 15:33:57 - [TEST_STEP][PASSED] - ExecuteTC = findTestData(dataFile).getValue("Execute", row): null

2023-11-01 15:33:57 - [TEST_STEP][PASSED] - Taxtype = findTestData(dataFile).getValue("TaxType", row): null

2023-11-01 15:33:57 - [TEST_STEP][PASSED] - Paymenttype = findTestData(dataFile).getValue("PaymentType", row): null

2023-11-01 15:33:57 - [TEST_STEP][PASSED] - out.println("Value of Execute is : " + ExecuteTC): null

2023-11-01 15:33:57 - [TEST_STEP][PASSED] - if (ExecuteTC.equalsIgnoreCase("Y")): null

2023-11-01 15:33:57 - [TEST_STEP][PASSED] - out.println("Begin Record Number: " + row): null

2023-11-01 15:33:57 - [TEST_STEP][PASSED] - today = new java.util.Date(): null

2023-11-01 15:33:57 - [TEST_STEP][PASSED] - println(today): null

2023-11-01 15:33:57 - [TEST_STEP][PASSED] - datText = today: null

2023-11-01 15:33:57 - [TEST_STEP][PASSED] - Taxtype = findTestData(dataFile).getValue("TaxType", row): null

2023-11-01 15:33:57 - [TEST_STEP][PASSED] - out.println("Taxtype value is : " + Taxtype): null

2023-11-01 15:33:57 - [TEST_STEP][PASSED] - openBrowser(""): Browser is opened with url: ''

2023-11-01 15:33:57 - [MESSAGE][WARNING] - A browser is already opened. Closing browser and opening a new one

2023-11-01 15:33:58 - [MESSAGE][INFO] - Starting 'Chrome' driver

2023-11-01 15:33:58 - [MESSAGE][INFO] - User set preference: ['acceptInsecureCerts', 'true']

2023-11-01 15:33:58 - [MESSAGE][INFO] - Action delay is set to 0 milliseconds

2023-11-01 15:33:59 - [MESSAGE][PASSED] - Browser is opened with url: ''

2023-11-01 15:33:59 - [TEST_STEP][PASSED] - maximizeWindow(): Current window maximized

2023-11-01 15:34:00 - [MESSAGE][PASSED] - Current window maximized

2023-11-01 15:34:00 - [TEST_STEP][PASSED] - navigateToUrl(RADurl): Navigate to 'https://qa2.velocitypayment.com/client/rad/index.html' successfully

2023-11-01 15:34:01 - [MESSAGE][PASSED] - Navigate to 'https://qa2.velocitypayment.com/client/rad/index.html' successfully

2023-11-01 15:34:01 - [TEST_STEP][PASSED] - orPath_Landing = "Object Repository/RAD_Pages/Landing_Page": null

2023-11-01 15:34:01 - [TEST_STEP][PASSED] - orPath_TaxTypeFilingYear = "Object Repository/RAD_Pages/TaxTypeFilingYear_Page": null

2023-11-01 15:34:01 - [TEST_STEP][PASSED] - orPath_TaxPayer = "Object Repository/RAD_Pages/Taxpayer_Page": null

2023-11-01 15:34:01 - [TEST_STEP][PASSED] - orPath_AddressContact = "Object Repository/RAD_Pages/AddressAndContactInfo_Page": null

2023-11-01 15:34:01 - [TEST_STEP][PASSED] - orPath_FilingStatus = "Object Repository/RAD_Pages/FilingStatus_Page": null

2023-11-01 15:34:01 - [TEST_STEP][PASSED] - orPath_Amount = "Object Repository/RAD_Pages/PaymentAmount_Page": null

2023-11-01 15:34:01 - [TEST_STEP][PASSED] - orPath_TaxInfo = "Object Repository/RAD_Pages/TaxInfo_Page": null

2023-11-01 15:34:01 - [TEST_STEP][PASSED] - orPath_Withholding = "Object Repository/RAD_Pages/Withholding_Page": null

2023-11-01 15:34:01 - [TEST_STEP][PASSED] - orPath_Summary = "Object Repository/RAD_Pages/Summary_Page": null

2023-11-01 15:34:01 - [TEST_STEP][PASSED] - orPath_PaymentReady = "Object Repository/RAD_Pages/PaymentReady_Page": null

2023-11-01 15:34:01 - [TEST_STEP][PASSED] - orPath_PaymentEntry = "Object Repository/RAD_Pages/PaymentEntry_Page": null

2023-11-01 15:34:01 - [TEST_STEP][PASSED] - orPath_PaymentConfirmation = "Object Repository/RAD_Pages/PaymentConfirmation_Page": null

2023-11-01 15:34:01 - [TEST_STEP][PASSED] - orPath_ServiceFeesAccept = "Object Repository/RAD_Pages/ServiceFeeAccept_Page": null

2023-11-01 15:34:01 - [TEST_STEP][PASSED] - selectOptionByLabel(findTestObject(orPath_Landing + "/dd_TaxType"), Paymenttype, false): All options with label 'Extension Payments' are selected in object 'Object Repository/RAD_Pages/Landing_Page/dd_TaxType' 

2023-11-01 15:34:02 - [MESSAGE][PASSED] - All options with label 'Extension Payments' are selected in object 'Object Repository/RAD_Pages/Landing_Page/dd_TaxType' 

2023-11-01 15:34:02 - [TEST_STEP][PASSED] - delay(1): Delayed 1 second(s)

2023-11-01 15:34:03 - [MESSAGE][PASSED] - Delayed 1 second(s)

2023-11-01 15:34:03 - [TEST_STEP][PASSED] - switch (Paymenttype): null

2023-11-01 15:34:03 - [TEST_STEP][PASSED] - case "Extension Payments":: null

2023-11-01 15:34:03 - [TEST_STEP][PASSED] - selectOptionByLabel(findTestObject(orPath_TaxTypeFilingYear + "/select_PaymentType"), Taxtype, false): All options with label 'Fiduciary Tax' are selected in object 'Object Repository/RAD_Pages/TaxTypeFilingYear_Page/select_PaymentType' 

2023-11-01 15:34:03 - [MESSAGE][PASSED] - All options with label 'Fiduciary Tax' are selected in object 'Object Repository/RAD_Pages/TaxTypeFilingYear_Page/select_PaymentType' 

2023-11-01 15:34:03 - [TEST_STEP][PASSED] - break: null

2023-11-01 15:34:03 - [TEST_STEP][PASSED] - delay(1): Delayed 1 second(s)

2023-11-01 15:34:04 - [MESSAGE][PASSED] - Delayed 1 second(s)

2023-11-01 15:34:04 - [TEST_STEP][PASSED] - scrollToElement(findTestObject(orPath_Amount + "/input__paymentAmount"), 2, CONTINUE_ON_FAILURE): Scroll to object 'Object Repository/RAD_Pages/PaymentAmount_Page/input__paymentAmount' successfully

2023-11-01 15:34:05 - [MESSAGE][PASSED] - Scroll to object 'Object Repository/RAD_Pages/PaymentAmount_Page/input__paymentAmount' successfully

2023-11-01 15:34:05 - [TEST_STEP][PASSED] - switch (Paymenttype): null

2023-11-01 15:34:05 - [TEST_STEP][PASSED] - case "Extension Payments":: null

2023-11-01 15:34:05 - [TEST_STEP][PASSED] - setEncryptedText(findTestObject(orPath_TaxInfo + "/input_FederalEIN"), "RigbBhfdqODKcAsiUrg+1Q=="): Text ****** has been set on object 'Object Repository/RAD_Pages/TaxInfo_Page/input_FederalEIN'

2023-11-01 15:34:05 - [MESSAGE][PASSED] - Text ****** has been set on object 'Object Repository/RAD_Pages/TaxInfo_Page/input_FederalEIN'

2023-11-01 15:34:05 - [TEST_STEP][PASSED] - setEncryptedText(findTestObject(orPath_TaxInfo + "/input_FederalEIN_ReEnter"), "RigbBhfdqOBBGbZqm4oFJQ=="): Text ****** has been set on object 'Object Repository/RAD_Pages/TaxInfo_Page/input_FederalEIN_ReEnter'

2023-11-01 15:34:06 - [MESSAGE][PASSED] - Text ****** has been set on object 'Object Repository/RAD_Pages/TaxInfo_Page/input_FederalEIN_ReEnter'

2023-11-01 15:34:06 - [TEST_STEP][PASSED] - break: null

2023-11-01 15:34:06 - [TEST_STEP][PASSED] - setText(findTestObject(orPath_Amount + "/input__paymentAmount"), ""): Text '' is set on object 'Object Repository/RAD_Pages/PaymentAmount_Page/input__paymentAmount'

2023-11-01 15:34:06 - [MESSAGE][PASSED] - Text '' is set on object 'Object Repository/RAD_Pages/PaymentAmount_Page/input__paymentAmount'

2023-11-01 15:34:06 - [TEST_STEP][PASSED] - verifyTextPresent("The FEIN and Re-type FEIN do not match", true): Text 'The FEIN and Re-type FEIN do not match' is present on page  using regular expression

2023-11-01 15:34:07 - [MESSAGE][PASSED] - Text 'The FEIN and Re-type FEIN do not match' is present on page  using regular expression

2023-11-01 15:34:07 - [TEST_STEP][PASSED] - if (verifyTextPresent("The FEIN and Re-type FEIN do not match", true)): null

2023-11-01 15:34:07 - [MESSAGE][PASSED] - Text 'The FEIN and Re-type FEIN do not match' is present on page  using regular expression

2023-11-01 15:34:07 - [TEST_STEP][PASSED] - println("Error Message is present on the page"): null

2023-11-01 15:34:07 - [TEST_STEP][PASSED] - out.println("Pass Record Number: " + row): null

2023-11-01 15:34:07 - [TEST_STEP][PASSED] - resText = "Pass": null

2023-11-01 15:34:07 - [TEST_STEP][PASSED] - pages.WriteExcel.demoKey(resText, datText, resColumn, datCloumn, fileLoc, nameSheet, row): pages.WriteExcel.demoKey is PASSED

2023-11-01 15:34:08 - [MESSAGE][PASSED] - pages.WriteExcel.demoKey is PASSED

2023-11-01 15:34:08 - [TEST_STEP][PASSED] - ExecuteTC = findTestData(dataFile).getValue("Execute", row): null

2023-11-01 15:34:08 - [TEST_STEP][PASSED] - Taxtype = findTestData(dataFile).getValue("TaxType", row): null

2023-11-01 15:34:08 - [TEST_STEP][PASSED] - Paymenttype = findTestData(dataFile).getValue("PaymentType", row): null

2023-11-01 15:34:08 - [TEST_STEP][PASSED] - out.println("Value of Execute is : " + ExecuteTC): null

2023-11-01 15:34:08 - [TEST_STEP][PASSED] - if (ExecuteTC.equalsIgnoreCase("Y")): null

2023-11-01 15:34:08 - [TEST_STEP][PASSED] - out.println("Begin Record Number: " + row): null

2023-11-01 15:34:08 - [TEST_STEP][PASSED] - today = new java.util.Date(): null

2023-11-01 15:34:08 - [TEST_STEP][PASSED] - println(today): null

2023-11-01 15:34:08 - [TEST_STEP][PASSED] - datText = today: null

2023-11-01 15:34:08 - [TEST_STEP][PASSED] - Taxtype = findTestData(dataFile).getValue("TaxType", row): null

2023-11-01 15:34:08 - [TEST_STEP][PASSED] - out.println("Taxtype value is : " + Taxtype): null

2023-11-01 15:34:08 - [TEST_STEP][PASSED] - openBrowser(""): Browser is opened with url: ''

2023-11-01 15:34:08 - [MESSAGE][WARNING] - A browser is already opened. Closing browser and opening a new one

2023-11-01 15:34:09 - [MESSAGE][INFO] - Starting 'Chrome' driver

2023-11-01 15:34:09 - [MESSAGE][INFO] - User set preference: ['acceptInsecureCerts', 'true']

2023-11-01 15:34:09 - [MESSAGE][INFO] - Action delay is set to 0 milliseconds

2023-11-01 15:34:10 - [MESSAGE][PASSED] - Browser is opened with url: ''

2023-11-01 15:34:10 - [TEST_STEP][PASSED] - maximizeWindow(): Current window maximized

2023-11-01 15:34:10 - [MESSAGE][PASSED] - Current window maximized

2023-11-01 15:34:10 - [TEST_STEP][PASSED] - navigateToUrl(RADurl): Navigate to 'https://qa2.velocitypayment.com/client/rad/index.html' successfully

2023-11-01 15:34:12 - [MESSAGE][PASSED] - Navigate to 'https://qa2.velocitypayment.com/client/rad/index.html' successfully

2023-11-01 15:34:12 - [TEST_STEP][PASSED] - orPath_Landing = "Object Repository/RAD_Pages/Landing_Page": null

2023-11-01 15:34:12 - [TEST_STEP][PASSED] - orPath_TaxTypeFilingYear = "Object Repository/RAD_Pages/TaxTypeFilingYear_Page": null

2023-11-01 15:34:12 - [TEST_STEP][PASSED] - orPath_TaxPayer = "Object Repository/RAD_Pages/Taxpayer_Page": null

2023-11-01 15:34:12 - [TEST_STEP][PASSED] - orPath_AddressContact = "Object Repository/RAD_Pages/AddressAndContactInfo_Page": null

2023-11-01 15:34:12 - [TEST_STEP][PASSED] - orPath_FilingStatus = "Object Repository/RAD_Pages/FilingStatus_Page": null

2023-11-01 15:34:12 - [TEST_STEP][PASSED] - orPath_Amount = "Object Repository/RAD_Pages/PaymentAmount_Page": null

2023-11-01 15:34:12 - [TEST_STEP][PASSED] - orPath_TaxInfo = "Object Repository/RAD_Pages/TaxInfo_Page": null

2023-11-01 15:34:12 - [TEST_STEP][PASSED] - orPath_Withholding = "Object Repository/RAD_Pages/Withholding_Page": null

2023-11-01 15:34:12 - [TEST_STEP][PASSED] - orPath_Summary = "Object Repository/RAD_Pages/Summary_Page": null

2023-11-01 15:34:12 - [TEST_STEP][PASSED] - orPath_PaymentReady = "Object Repository/RAD_Pages/PaymentReady_Page": null

2023-11-01 15:34:12 - [TEST_STEP][PASSED] - orPath_PaymentEntry = "Object Repository/RAD_Pages/PaymentEntry_Page": null

2023-11-01 15:34:12 - [TEST_STEP][PASSED] - orPath_PaymentConfirmation = "Object Repository/RAD_Pages/PaymentConfirmation_Page": null

2023-11-01 15:34:12 - [TEST_STEP][PASSED] - orPath_ServiceFeesAccept = "Object Repository/RAD_Pages/ServiceFeeAccept_Page": null

2023-11-01 15:34:12 - [TEST_STEP][PASSED] - selectOptionByLabel(findTestObject(orPath_Landing + "/dd_TaxType"), Paymenttype, false): All options with label 'New Tax Return Amount Due' are selected in object 'Object Repository/RAD_Pages/Landing_Page/dd_TaxType' 

2023-11-01 15:34:12 - [MESSAGE][PASSED] - All options with label 'New Tax Return Amount Due' are selected in object 'Object Repository/RAD_Pages/Landing_Page/dd_TaxType' 

2023-11-01 15:34:12 - [TEST_STEP][PASSED] - delay(1): Delayed 1 second(s)

2023-11-01 15:34:13 - [MESSAGE][PASSED] - Delayed 1 second(s)

2023-11-01 15:34:13 - [TEST_STEP][PASSED] - switch (Paymenttype): null

2023-11-01 15:34:13 - [TEST_STEP][PASSED] - case "New Tax Return Amount Due":: null

2023-11-01 15:34:13 - [TEST_STEP][PASSED] - selectOptionByLabel(findTestObject("Object Repository/RAD_Pages/Landing_Page/select_NewTaxReturnAmountDue_TaxType"), Taxtype, false): All options with label 'Fiduciary Tax' are selected in object 'Object Repository/RAD_Pages/Landing_Page/select_NewTaxReturnAmountDue_TaxType' 

2023-11-01 15:34:14 - [MESSAGE][PASSED] - All options with label 'Fiduciary Tax' are selected in object 'Object Repository/RAD_Pages/Landing_Page/select_NewTaxReturnAmountDue_TaxType' 

2023-11-01 15:34:14 - [TEST_STEP][PASSED] - break: null

2023-11-01 15:34:14 - [TEST_STEP][PASSED] - delay(1): Delayed 1 second(s)

2023-11-01 15:34:15 - [MESSAGE][PASSED] - Delayed 1 second(s)

2023-11-01 15:34:15 - [TEST_STEP][PASSED] - scrollToElement(findTestObject(orPath_Amount + "/input__paymentAmount"), 2, CONTINUE_ON_FAILURE): Scroll to object 'Object Repository/RAD_Pages/PaymentAmount_Page/input__paymentAmount' successfully

2023-11-01 15:34:15 - [MESSAGE][PASSED] - Scroll to object 'Object Repository/RAD_Pages/PaymentAmount_Page/input__paymentAmount' successfully

2023-11-01 15:34:15 - [TEST_STEP][PASSED] - switch (Paymenttype): null

2023-11-01 15:34:15 - [TEST_STEP][PASSED] - case "New Tax Return Amount Due":: null

2023-11-01 15:34:15 - [TEST_STEP][PASSED] - setEncryptedText(findTestObject(orPath_TaxInfo + "/input_FederalEIN-2"), "RigbBhfdqODKcAsiUrg+1Q=="): Text ****** has been set on object 'Object Repository/RAD_Pages/TaxInfo_Page/input_FederalEIN-2'

2023-11-01 15:34:16 - [MESSAGE][PASSED] - Text ****** has been set on object 'Object Repository/RAD_Pages/TaxInfo_Page/input_FederalEIN-2'

2023-11-01 15:34:16 - [TEST_STEP][PASSED] - setEncryptedText(findTestObject(orPath_TaxInfo + "/input_FederalEIN_ReEnter-2"), "RigbBhfdqOBBGbZqm4oFJQ=="): Text ****** has been set on object 'Object Repository/RAD_Pages/TaxInfo_Page/input_FederalEIN_ReEnter-2'

2023-11-01 15:34:17 - [MESSAGE][PASSED] - Text ****** has been set on object 'Object Repository/RAD_Pages/TaxInfo_Page/input_FederalEIN_ReEnter-2'

2023-11-01 15:34:17 - [TEST_STEP][PASSED] - break: null

2023-11-01 15:34:17 - [TEST_STEP][PASSED] - setText(findTestObject(orPath_Amount + "/input__paymentAmount"), ""): Text '' is set on object 'Object Repository/RAD_Pages/PaymentAmount_Page/input__paymentAmount'

2023-11-01 15:34:17 - [MESSAGE][PASSED] - Text '' is set on object 'Object Repository/RAD_Pages/PaymentAmount_Page/input__paymentAmount'

2023-11-01 15:34:17 - [TEST_STEP][PASSED] - verifyTextPresent("The FEIN and Re-type FEIN do not match", true): Text 'The FEIN and Re-type FEIN do not match' is present on page  using regular expression

2023-11-01 15:34:18 - [MESSAGE][PASSED] - Text 'The FEIN and Re-type FEIN do not match' is present on page  using regular expression

2023-11-01 15:34:18 - [TEST_STEP][PASSED] - if (verifyTextPresent("The FEIN and Re-type FEIN do not match", true)): null

2023-11-01 15:34:18 - [MESSAGE][PASSED] - Text 'The FEIN and Re-type FEIN do not match' is present on page  using regular expression

2023-11-01 15:34:18 - [TEST_STEP][PASSED] - println("Error Message is present on the page"): null

2023-11-01 15:34:18 - [TEST_STEP][PASSED] - out.println("Pass Record Number: " + row): null

2023-11-01 15:34:18 - [TEST_STEP][PASSED] - resText = "Pass": null

2023-11-01 15:34:18 - [TEST_STEP][PASSED] - pages.WriteExcel.demoKey(resText, datText, resColumn, datCloumn, fileLoc, nameSheet, row): pages.WriteExcel.demoKey is PASSED

2023-11-01 15:34:18 - [MESSAGE][PASSED] - pages.WriteExcel.demoKey is PASSED]]></system-out>
         <system-err><![CDATA[]]></system-err>
      </testcase>
      <testcase name="Test Cases/RAD_TestCases/Negative_TestCases/FEINSSNmismatchError" time="167.434" classname="Test Cases/RAD_TestCases/Negative_TestCases/FEINSSNmismatchError" status="PASSED">
         <system-out><![CDATA[2023-11-01 15:34:18 - [TEST_CASE][PASSED] - Test Cases/RAD_TestCases/Negative_TestCases/FEINSSNmismatchError: Test Cases/RAD_TestCases/Negative_TestCases/FEINSSNmismatchError

2023-11-01 15:34:19 - [TEST_STEP][PASSED] - resText = "Fail": null

2023-11-01 15:34:19 - [TEST_STEP][PASSED] - resColumn = "Result": null

2023-11-01 15:34:19 - [TEST_STEP][PASSED] - datCloumn = "Date": null

2023-11-01 15:34:19 - [TEST_STEP][PASSED] - fileLoc = "KatalonData/RADTestData/FEINmismatch.xlsx": null

2023-11-01 15:34:19 - [TEST_STEP][PASSED] - nameSheet = "FEINSSNmismatch": null

2023-11-01 15:34:19 - [TEST_STEP][PASSED] - dataFile = "RADTestData/FEINSSNmismatch": null

2023-11-01 15:34:19 - [TEST_STEP][PASSED] - ExecuteTC = <not implemented yet for class: org.codehaus.groovy.ast.expr.EmptyExpression>: null

2023-11-01 15:34:19 - [TEST_STEP][PASSED] - Taxtype = <not implemented yet for class: org.codehaus.groovy.ast.expr.EmptyExpression>: null

2023-11-01 15:34:19 - [TEST_STEP][PASSED] - Paymenttype = <not implemented yet for class: org.codehaus.groovy.ast.expr.EmptyExpression>: null

2023-11-01 15:34:19 - [TEST_STEP][PASSED] - numOfRows = findTestData(dataFile).getRowNumbers(): null

2023-11-01 15:34:19 - [TEST_STEP][PASSED] - println("Number of Records: " + numOfRows): null

2023-11-01 15:34:19 - [TEST_STEP][PASSED] - for ([row = 1, row <= numOfRows, (row++)]): null

2023-11-01 15:34:19 - [TEST_STEP][PASSED] - ExecuteTC = findTestData(dataFile).getValue("Execute", row): null

2023-11-01 15:34:19 - [TEST_STEP][PASSED] - Taxtype = findTestData(dataFile).getValue("TaxType", row): null

2023-11-01 15:34:19 - [TEST_STEP][PASSED] - Paymenttype = findTestData(dataFile).getValue("PaymentType", row): null

2023-11-01 15:34:19 - [TEST_STEP][PASSED] - out.println("Value of Execute is : " + ExecuteTC): null

2023-11-01 15:34:19 - [TEST_STEP][PASSED] - if (ExecuteTC.equalsIgnoreCase("Y")): null

2023-11-01 15:34:19 - [TEST_STEP][PASSED] - out.println("Begin Record Number: " + row): null

2023-11-01 15:34:19 - [TEST_STEP][PASSED] - today = new java.util.Date(): null

2023-11-01 15:34:19 - [TEST_STEP][PASSED] - println(today): null

2023-11-01 15:34:19 - [TEST_STEP][PASSED] - datText = today: null

2023-11-01 15:34:19 - [TEST_STEP][PASSED] - Taxtype = findTestData(dataFile).getValue("TaxType", row): null

2023-11-01 15:34:19 - [TEST_STEP][PASSED] - out.println("Taxtype value is : " + Taxtype): null

2023-11-01 15:34:19 - [TEST_STEP][PASSED] - openBrowser(""): Browser is opened with url: ''

2023-11-01 15:34:19 - [MESSAGE][WARNING] - A browser is already opened. Closing browser and opening a new one

2023-11-01 15:34:20 - [MESSAGE][INFO] - Starting 'Chrome' driver

2023-11-01 15:34:20 - [MESSAGE][INFO] - User set preference: ['acceptInsecureCerts', 'true']

2023-11-01 15:34:20 - [MESSAGE][INFO] - Action delay is set to 0 milliseconds

2023-11-01 15:34:21 - [MESSAGE][PASSED] - Browser is opened with url: ''

2023-11-01 15:34:21 - [TEST_STEP][PASSED] - maximizeWindow(): Current window maximized

2023-11-01 15:34:22 - [MESSAGE][PASSED] - Current window maximized

2023-11-01 15:34:22 - [TEST_STEP][PASSED] - navigateToUrl(RADurl): Navigate to 'https://qa2.velocitypayment.com/client/rad/index.html' successfully

2023-11-01 15:34:22 - [MESSAGE][PASSED] - Navigate to 'https://qa2.velocitypayment.com/client/rad/index.html' successfully

2023-11-01 15:34:22 - [TEST_STEP][PASSED] - orPath_Landing = "Object Repository/RAD_Pages/Landing_Page": null

2023-11-01 15:34:22 - [TEST_STEP][PASSED] - orPath_TaxTypeFilingYear = "Object Repository/RAD_Pages/TaxTypeFilingYear_Page": null

2023-11-01 15:34:22 - [TEST_STEP][PASSED] - orPath_TaxPayer = "Object Repository/RAD_Pages/Taxpayer_Page": null

2023-11-01 15:34:22 - [TEST_STEP][PASSED] - orPath_AddressContact = "Object Repository/RAD_Pages/AddressAndContactInfo_Page": null

2023-11-01 15:34:22 - [TEST_STEP][PASSED] - orPath_FilingStatus = "Object Repository/RAD_Pages/FilingStatus_Page": null

2023-11-01 15:34:22 - [TEST_STEP][PASSED] - orPath_Amount = "Object Repository/RAD_Pages/PaymentAmount_Page": null

2023-11-01 15:34:22 - [TEST_STEP][PASSED] - orPath_TaxInfo = "Object Repository/RAD_Pages/TaxInfo_Page": null

2023-11-01 15:34:22 - [TEST_STEP][PASSED] - orPath_Withholding = "Object Repository/RAD_Pages/Withholding_Page": null

2023-11-01 15:34:22 - [TEST_STEP][PASSED] - orPath_Summary = "Object Repository/RAD_Pages/Summary_Page": null

2023-11-01 15:34:22 - [TEST_STEP][PASSED] - orPath_PaymentReady = "Object Repository/RAD_Pages/PaymentReady_Page": null

2023-11-01 15:34:22 - [TEST_STEP][PASSED] - orPath_PaymentEntry = "Object Repository/RAD_Pages/PaymentEntry_Page": null

2023-11-01 15:34:22 - [TEST_STEP][PASSED] - orPath_PaymentConfirmation = "Object Repository/RAD_Pages/PaymentConfirmation_Page": null

2023-11-01 15:34:22 - [TEST_STEP][PASSED] - orPath_ServiceFeesAccept = "Object Repository/RAD_Pages/ServiceFeeAccept_Page": null

2023-11-01 15:34:22 - [TEST_STEP][PASSED] - selectOptionByLabel(findTestObject(orPath_Landing + "/dd_TaxType"), Paymenttype, false): All options with label 'Existing Liability w/Notice Number' are selected in object 'Object Repository/RAD_Pages/Landing_Page/dd_TaxType' 

2023-11-01 15:34:24 - [MESSAGE][PASSED] - All options with label 'Existing Liability w/Notice Number' are selected in object 'Object Repository/RAD_Pages/Landing_Page/dd_TaxType' 

2023-11-01 15:34:24 - [TEST_STEP][PASSED] - delay(1): Delayed 1 second(s)

2023-11-01 15:34:25 - [MESSAGE][PASSED] - Delayed 1 second(s)

2023-11-01 15:34:25 - [TEST_STEP][PASSED] - switch (Paymenttype): null

2023-11-01 15:34:25 - [TEST_STEP][PASSED] - case "Existing Liability w/Notice Number":: null

2023-11-01 15:34:25 - [TEST_STEP][PASSED] - selectOptionByLabel(findTestObject(orPath_TaxTypeFilingYear + "/select_TaxType_ExistingLiability"), Taxtype, false): All options with label 'PTE Non-Electing Non-S Corp' are selected in object 'Object Repository/RAD_Pages/TaxTypeFilingYear_Page/select_TaxType_ExistingLiability' 

2023-11-01 15:34:25 - [MESSAGE][PASSED] - All options with label 'PTE Non-Electing Non-S Corp' are selected in object 'Object Repository/RAD_Pages/TaxTypeFilingYear_Page/select_TaxType_ExistingLiability' 

2023-11-01 15:34:25 - [TEST_STEP][PASSED] - break: null

2023-11-01 15:34:25 - [TEST_STEP][PASSED] - delay(1): Delayed 1 second(s)

2023-11-01 15:34:26 - [MESSAGE][PASSED] - Delayed 1 second(s)

2023-11-01 15:34:26 - [TEST_STEP][PASSED] - scrollToElement(findTestObject(orPath_Amount + "/input__paymentAmount"), 2, CONTINUE_ON_FAILURE): Scroll to object 'Object Repository/RAD_Pages/PaymentAmount_Page/input__paymentAmount' successfully

2023-11-01 15:34:27 - [MESSAGE][PASSED] - Scroll to object 'Object Repository/RAD_Pages/PaymentAmount_Page/input__paymentAmount' successfully

2023-11-01 15:34:27 - [TEST_STEP][PASSED] - switch (Paymenttype): null

2023-11-01 15:34:27 - [TEST_STEP][PASSED] - case "Existing Liability w/Notice Number":: null

2023-11-01 15:34:27 - [TEST_STEP][PASSED] - setEncryptedText(findTestObject(orPath_TaxInfo + "/input_TaxInfo_feinSsn_Existing_New"), "RigbBhfdqODKcAsiUrg+1Q=="): Text ****** has been set on object 'Object Repository/RAD_Pages/TaxInfo_Page/input_TaxInfo_feinSsn_Existing_New'

2023-11-01 15:34:27 - [MESSAGE][PASSED] - Text ****** has been set on object 'Object Repository/RAD_Pages/TaxInfo_Page/input_TaxInfo_feinSsn_Existing_New'

2023-11-01 15:34:27 - [TEST_STEP][PASSED] - setEncryptedText(findTestObject(orPath_TaxInfo + "/input_TaxInfo_RetypefeinSsn_Existing_New"), "RigbBhfdqOD+04WBHw5iKw=="): Text ****** has been set on object 'Object Repository/RAD_Pages/TaxInfo_Page/input_TaxInfo_RetypefeinSsn_Existing_New'

2023-11-01 15:34:28 - [MESSAGE][PASSED] - Text ****** has been set on object 'Object Repository/RAD_Pages/TaxInfo_Page/input_TaxInfo_RetypefeinSsn_Existing_New'

2023-11-01 15:34:28 - [TEST_STEP][PASSED] - break: null

2023-11-01 15:34:28 - [TEST_STEP][PASSED] - setText(findTestObject(orPath_Amount + "/input__paymentAmount"), ""): Text '' is set on object 'Object Repository/RAD_Pages/PaymentAmount_Page/input__paymentAmount'

2023-11-01 15:34:28 - [MESSAGE][PASSED] - Text '' is set on object 'Object Repository/RAD_Pages/PaymentAmount_Page/input__paymentAmount'

2023-11-01 15:34:28 - [TEST_STEP][PASSED] - if (verifyTextPresent("The FEIN/SSN and Re-type FEIN/SSN do not match", true)): null

2023-11-01 15:34:29 - [MESSAGE][PASSED] - Text 'The FEIN/SSN and Re-type FEIN/SSN do not match' is present on page  using regular expression

2023-11-01 15:34:29 - [TEST_STEP][PASSED] - println("Error Message is present on the page"): null

2023-11-01 15:34:29 - [TEST_STEP][PASSED] - out.println("Pass Record Number: " + row): null

2023-11-01 15:34:29 - [TEST_STEP][PASSED] - resText = "Pass": null

2023-11-01 15:34:29 - [TEST_STEP][PASSED] - pages.WriteExcel.demoKey(resText, datText, resColumn, datCloumn, fileLoc, nameSheet, row): pages.WriteExcel.demoKey is PASSED

2023-11-01 15:34:29 - [MESSAGE][PASSED] - pages.WriteExcel.demoKey is PASSED

2023-11-01 15:34:29 - [TEST_STEP][PASSED] - ExecuteTC = findTestData(dataFile).getValue("Execute", row): null

2023-11-01 15:34:29 - [TEST_STEP][PASSED] - Taxtype = findTestData(dataFile).getValue("TaxType", row): null

2023-11-01 15:34:29 - [TEST_STEP][PASSED] - Paymenttype = findTestData(dataFile).getValue("PaymentType", row): null

2023-11-01 15:34:29 - [TEST_STEP][PASSED] - out.println("Value of Execute is : " + ExecuteTC): null

2023-11-01 15:34:29 - [TEST_STEP][PASSED] - if (ExecuteTC.equalsIgnoreCase("Y")): null

2023-11-01 15:34:29 - [TEST_STEP][PASSED] - out.println("Begin Record Number: " + row): null

2023-11-01 15:34:29 - [TEST_STEP][PASSED] - today = new java.util.Date(): null

2023-11-01 15:34:29 - [TEST_STEP][PASSED] - println(today): null

2023-11-01 15:34:29 - [TEST_STEP][PASSED] - datText = today: null

2023-11-01 15:34:29 - [TEST_STEP][PASSED] - Taxtype = findTestData(dataFile).getValue("TaxType", row): null

2023-11-01 15:34:29 - [TEST_STEP][PASSED] - out.println("Taxtype value is : " + Taxtype): null

2023-11-01 15:34:29 - [TEST_STEP][PASSED] - openBrowser(""): Browser is opened with url: ''

2023-11-01 15:34:29 - [MESSAGE][WARNING] - A browser is already opened. Closing browser and opening a new one

2023-11-01 15:34:30 - [MESSAGE][INFO] - Starting 'Chrome' driver

2023-11-01 15:34:30 - [MESSAGE][INFO] - User set preference: ['acceptInsecureCerts', 'true']

2023-11-01 15:34:30 - [MESSAGE][INFO] - Action delay is set to 0 milliseconds

2023-11-01 15:34:32 - [MESSAGE][PASSED] - Browser is opened with url: ''

2023-11-01 15:34:32 - [TEST_STEP][PASSED] - maximizeWindow(): Current window maximized

2023-11-01 15:34:32 - [MESSAGE][PASSED] - Current window maximized

2023-11-01 15:34:32 - [TEST_STEP][PASSED] - navigateToUrl(RADurl): Navigate to 'https://qa2.velocitypayment.com/client/rad/index.html' successfully

2023-11-01 15:34:32 - [MESSAGE][PASSED] - Navigate to 'https://qa2.velocitypayment.com/client/rad/index.html' successfully

2023-11-01 15:34:32 - [TEST_STEP][PASSED] - orPath_Landing = "Object Repository/RAD_Pages/Landing_Page": null

2023-11-01 15:34:32 - [TEST_STEP][PASSED] - orPath_TaxTypeFilingYear = "Object Repository/RAD_Pages/TaxTypeFilingYear_Page": null

2023-11-01 15:34:32 - [TEST_STEP][PASSED] - orPath_TaxPayer = "Object Repository/RAD_Pages/Taxpayer_Page": null

2023-11-01 15:34:32 - [TEST_STEP][PASSED] - orPath_AddressContact = "Object Repository/RAD_Pages/AddressAndContactInfo_Page": null

2023-11-01 15:34:32 - [TEST_STEP][PASSED] - orPath_FilingStatus = "Object Repository/RAD_Pages/FilingStatus_Page": null

2023-11-01 15:34:32 - [TEST_STEP][PASSED] - orPath_Amount = "Object Repository/RAD_Pages/PaymentAmount_Page": null

2023-11-01 15:34:32 - [TEST_STEP][PASSED] - orPath_TaxInfo = "Object Repository/RAD_Pages/TaxInfo_Page": null

2023-11-01 15:34:32 - [TEST_STEP][PASSED] - orPath_Withholding = "Object Repository/RAD_Pages/Withholding_Page": null

2023-11-01 15:34:32 - [TEST_STEP][PASSED] - orPath_Summary = "Object Repository/RAD_Pages/Summary_Page": null

2023-11-01 15:34:32 - [TEST_STEP][PASSED] - orPath_PaymentReady = "Object Repository/RAD_Pages/PaymentReady_Page": null

2023-11-01 15:34:32 - [TEST_STEP][PASSED] - orPath_PaymentEntry = "Object Repository/RAD_Pages/PaymentEntry_Page": null

2023-11-01 15:34:32 - [TEST_STEP][PASSED] - orPath_PaymentConfirmation = "Object Repository/RAD_Pages/PaymentConfirmation_Page": null

2023-11-01 15:34:32 - [TEST_STEP][PASSED] - orPath_ServiceFeesAccept = "Object Repository/RAD_Pages/ServiceFeeAccept_Page": null

2023-11-01 15:34:32 - [TEST_STEP][PASSED] - selectOptionByLabel(findTestObject(orPath_Landing + "/dd_TaxType"), Paymenttype, false): All options with label 'Existing Liability w/Notice Number' are selected in object 'Object Repository/RAD_Pages/Landing_Page/dd_TaxType' 

2023-11-01 15:34:34 - [MESSAGE][PASSED] - All options with label 'Existing Liability w/Notice Number' are selected in object 'Object Repository/RAD_Pages/Landing_Page/dd_TaxType' 

2023-11-01 15:34:34 - [TEST_STEP][PASSED] - delay(1): Delayed 1 second(s)

2023-11-01 15:34:35 - [MESSAGE][PASSED] - Delayed 1 second(s)

2023-11-01 15:34:35 - [TEST_STEP][PASSED] - switch (Paymenttype): null

2023-11-01 15:34:35 - [TEST_STEP][PASSED] - case "Existing Liability w/Notice Number":: null

2023-11-01 15:34:35 - [TEST_STEP][PASSED] - selectOptionByLabel(findTestObject(orPath_TaxTypeFilingYear + "/select_TaxType_ExistingLiability"), Taxtype, false): All options with label 'PTE Non-Electing S Corp' are selected in object 'Object Repository/RAD_Pages/TaxTypeFilingYear_Page/select_TaxType_ExistingLiability' 

2023-11-01 15:34:36 - [MESSAGE][PASSED] - All options with label 'PTE Non-Electing S Corp' are selected in object 'Object Repository/RAD_Pages/TaxTypeFilingYear_Page/select_TaxType_ExistingLiability' 

2023-11-01 15:34:36 - [TEST_STEP][PASSED] - break: null

2023-11-01 15:34:36 - [TEST_STEP][PASSED] - delay(1): Delayed 1 second(s)

2023-11-01 15:34:37 - [MESSAGE][PASSED] - Delayed 1 second(s)

2023-11-01 15:34:37 - [TEST_STEP][PASSED] - scrollToElement(findTestObject(orPath_Amount + "/input__paymentAmount"), 2, CONTINUE_ON_FAILURE): Scroll to object 'Object Repository/RAD_Pages/PaymentAmount_Page/input__paymentAmount' successfully

2023-11-01 15:34:37 - [MESSAGE][PASSED] - Scroll to object 'Object Repository/RAD_Pages/PaymentAmount_Page/input__paymentAmount' successfully

2023-11-01 15:34:37 - [TEST_STEP][PASSED] - switch (Paymenttype): null

2023-11-01 15:34:37 - [TEST_STEP][PASSED] - case "Existing Liability w/Notice Number":: null

2023-11-01 15:34:37 - [TEST_STEP][PASSED] - setEncryptedText(findTestObject(orPath_TaxInfo + "/input_TaxInfo_feinSsn_Existing_New"), "RigbBhfdqODKcAsiUrg+1Q=="): Text ****** has been set on object 'Object Repository/RAD_Pages/TaxInfo_Page/input_TaxInfo_feinSsn_Existing_New'

2023-11-01 15:34:38 - [MESSAGE][PASSED] - Text ****** has been set on object 'Object Repository/RAD_Pages/TaxInfo_Page/input_TaxInfo_feinSsn_Existing_New'

2023-11-01 15:34:38 - [TEST_STEP][PASSED] - setEncryptedText(findTestObject(orPath_TaxInfo + "/input_TaxInfo_RetypefeinSsn_Existing_New"), "RigbBhfdqOD+04WBHw5iKw=="): Text ****** has been set on object 'Object Repository/RAD_Pages/TaxInfo_Page/input_TaxInfo_RetypefeinSsn_Existing_New'

2023-11-01 15:34:38 - [MESSAGE][PASSED] - Text ****** has been set on object 'Object Repository/RAD_Pages/TaxInfo_Page/input_TaxInfo_RetypefeinSsn_Existing_New'

2023-11-01 15:34:38 - [TEST_STEP][PASSED] - break: null

2023-11-01 15:34:38 - [TEST_STEP][PASSED] - setText(findTestObject(orPath_Amount + "/input__paymentAmount"), ""): Text '' is set on object 'Object Repository/RAD_Pages/PaymentAmount_Page/input__paymentAmount'

2023-11-01 15:34:39 - [MESSAGE][PASSED] - Text '' is set on object 'Object Repository/RAD_Pages/PaymentAmount_Page/input__paymentAmount'

2023-11-01 15:34:39 - [TEST_STEP][PASSED] - if (verifyTextPresent("The FEIN/SSN and Re-type FEIN/SSN do not match", true)): null

2023-11-01 15:34:40 - [MESSAGE][PASSED] - Text 'The FEIN/SSN and Re-type FEIN/SSN do not match' is present on page  using regular expression

2023-11-01 15:34:40 - [TEST_STEP][PASSED] - println("Error Message is present on the page"): null

2023-11-01 15:34:40 - [TEST_STEP][PASSED] - out.println("Pass Record Number: " + row): null

2023-11-01 15:34:40 - [TEST_STEP][PASSED] - resText = "Pass": null

2023-11-01 15:34:40 - [TEST_STEP][PASSED] - pages.WriteExcel.demoKey(resText, datText, resColumn, datCloumn, fileLoc, nameSheet, row): pages.WriteExcel.demoKey is PASSED

2023-11-01 15:34:40 - [MESSAGE][PASSED] - pages.WriteExcel.demoKey is PASSED

2023-11-01 15:34:40 - [TEST_STEP][PASSED] - ExecuteTC = findTestData(dataFile).getValue("Execute", row): null

2023-11-01 15:34:40 - [TEST_STEP][PASSED] - Taxtype = findTestData(dataFile).getValue("TaxType", row): null

2023-11-01 15:34:40 - [TEST_STEP][PASSED] - Paymenttype = findTestData(dataFile).getValue("PaymentType", row): null

2023-11-01 15:34:40 - [TEST_STEP][PASSED] - out.println("Value of Execute is : " + ExecuteTC): null

2023-11-01 15:34:40 - [TEST_STEP][PASSED] - if (ExecuteTC.equalsIgnoreCase("Y")): null

2023-11-01 15:34:40 - [TEST_STEP][PASSED] - out.println("Begin Record Number: " + row): null

2023-11-01 15:34:40 - [TEST_STEP][PASSED] - today = new java.util.Date(): null

2023-11-01 15:34:40 - [TEST_STEP][PASSED] - println(today): null

2023-11-01 15:34:40 - [TEST_STEP][PASSED] - datText = today: null

2023-11-01 15:34:40 - [TEST_STEP][PASSED] - Taxtype = findTestData(dataFile).getValue("TaxType", row): null

2023-11-01 15:34:40 - [TEST_STEP][PASSED] - out.println("Taxtype value is : " + Taxtype): null

2023-11-01 15:34:40 - [TEST_STEP][PASSED] - openBrowser(""): Browser is opened with url: ''

2023-11-01 15:34:40 - [MESSAGE][WARNING] - A browser is already opened. Closing browser and opening a new one

2023-11-01 15:34:41 - [MESSAGE][INFO] - Starting 'Chrome' driver

2023-11-01 15:34:41 - [MESSAGE][INFO] - User set preference: ['acceptInsecureCerts', 'true']

2023-11-01 15:34:41 - [MESSAGE][INFO] - Action delay is set to 0 milliseconds

2023-11-01 15:34:42 - [MESSAGE][PASSED] - Browser is opened with url: ''

2023-11-01 15:34:42 - [TEST_STEP][PASSED] - maximizeWindow(): Current window maximized

2023-11-01 15:34:42 - [MESSAGE][PASSED] - Current window maximized

2023-11-01 15:34:42 - [TEST_STEP][PASSED] - navigateToUrl(RADurl): Navigate to 'https://qa2.velocitypayment.com/client/rad/index.html' successfully

2023-11-01 15:34:44 - [MESSAGE][PASSED] - Navigate to 'https://qa2.velocitypayment.com/client/rad/index.html' successfully

2023-11-01 15:34:44 - [TEST_STEP][PASSED] - orPath_Landing = "Object Repository/RAD_Pages/Landing_Page": null

2023-11-01 15:34:44 - [TEST_STEP][PASSED] - orPath_TaxTypeFilingYear = "Object Repository/RAD_Pages/TaxTypeFilingYear_Page": null

2023-11-01 15:34:44 - [TEST_STEP][PASSED] - orPath_TaxPayer = "Object Repository/RAD_Pages/Taxpayer_Page": null

2023-11-01 15:34:44 - [TEST_STEP][PASSED] - orPath_AddressContact = "Object Repository/RAD_Pages/AddressAndContactInfo_Page": null

2023-11-01 15:34:44 - [TEST_STEP][PASSED] - orPath_FilingStatus = "Object Repository/RAD_Pages/FilingStatus_Page": null

2023-11-01 15:34:44 - [TEST_STEP][PASSED] - orPath_Amount = "Object Repository/RAD_Pages/PaymentAmount_Page": null

2023-11-01 15:34:44 - [TEST_STEP][PASSED] - orPath_TaxInfo = "Object Repository/RAD_Pages/TaxInfo_Page": null

2023-11-01 15:34:44 - [TEST_STEP][PASSED] - orPath_Withholding = "Object Repository/RAD_Pages/Withholding_Page": null

2023-11-01 15:34:44 - [TEST_STEP][PASSED] - orPath_Summary = "Object Repository/RAD_Pages/Summary_Page": null

2023-11-01 15:34:44 - [TEST_STEP][PASSED] - orPath_PaymentReady = "Object Repository/RAD_Pages/PaymentReady_Page": null

2023-11-01 15:34:44 - [TEST_STEP][PASSED] - orPath_PaymentEntry = "Object Repository/RAD_Pages/PaymentEntry_Page": null

2023-11-01 15:34:44 - [TEST_STEP][PASSED] - orPath_PaymentConfirmation = "Object Repository/RAD_Pages/PaymentConfirmation_Page": null

2023-11-01 15:34:44 - [TEST_STEP][PASSED] - orPath_ServiceFeesAccept = "Object Repository/RAD_Pages/ServiceFeeAccept_Page": null

2023-11-01 15:34:44 - [TEST_STEP][PASSED] - selectOptionByLabel(findTestObject(orPath_Landing + "/dd_TaxType"), Paymenttype, false): All options with label 'Existing Liability w/Notice Number' are selected in object 'Object Repository/RAD_Pages/Landing_Page/dd_TaxType' 

2023-11-01 15:34:44 - [MESSAGE][PASSED] - All options with label 'Existing Liability w/Notice Number' are selected in object 'Object Repository/RAD_Pages/Landing_Page/dd_TaxType' 

2023-11-01 15:34:44 - [TEST_STEP][PASSED] - delay(1): Delayed 1 second(s)

2023-11-01 15:34:45 - [MESSAGE][PASSED] - Delayed 1 second(s)

2023-11-01 15:34:45 - [TEST_STEP][PASSED] - switch (Paymenttype): null

2023-11-01 15:34:45 - [TEST_STEP][PASSED] - case "Existing Liability w/Notice Number":: null

2023-11-01 15:34:45 - [TEST_STEP][PASSED] - selectOptionByLabel(findTestObject(orPath_TaxTypeFilingYear + "/select_TaxType_ExistingLiability"), Taxtype, false): All options with label 'PTE Tax Electing Non-S Corp' are selected in object 'Object Repository/RAD_Pages/TaxTypeFilingYear_Page/select_TaxType_ExistingLiability' 

2023-11-01 15:34:46 - [MESSAGE][PASSED] - All options with label 'PTE Tax Electing Non-S Corp' are selected in object 'Object Repository/RAD_Pages/TaxTypeFilingYear_Page/select_TaxType_ExistingLiability' 

2023-11-01 15:34:46 - [TEST_STEP][PASSED] - break: null

2023-11-01 15:34:46 - [TEST_STEP][PASSED] - delay(1): Delayed 1 second(s)

2023-11-01 15:34:47 - [MESSAGE][PASSED] - Delayed 1 second(s)

2023-11-01 15:34:47 - [TEST_STEP][PASSED] - scrollToElement(findTestObject(orPath_Amount + "/input__paymentAmount"), 2, CONTINUE_ON_FAILURE): Scroll to object 'Object Repository/RAD_Pages/PaymentAmount_Page/input__paymentAmount' successfully

2023-11-01 15:34:47 - [MESSAGE][PASSED] - Scroll to object 'Object Repository/RAD_Pages/PaymentAmount_Page/input__paymentAmount' successfully

2023-11-01 15:34:47 - [TEST_STEP][PASSED] - switch (Paymenttype): null

2023-11-01 15:34:47 - [TEST_STEP][PASSED] - case "Existing Liability w/Notice Number":: null

2023-11-01 15:34:47 - [TEST_STEP][PASSED] - setEncryptedText(findTestObject(orPath_TaxInfo + "/input_TaxInfo_feinSsn_Existing_New"), "RigbBhfdqODKcAsiUrg+1Q=="): Text ****** has been set on object 'Object Repository/RAD_Pages/TaxInfo_Page/input_TaxInfo_feinSsn_Existing_New'

2023-11-01 15:34:48 - [MESSAGE][PASSED] - Text ****** has been set on object 'Object Repository/RAD_Pages/TaxInfo_Page/input_TaxInfo_feinSsn_Existing_New'

2023-11-01 15:34:48 - [TEST_STEP][PASSED] - setEncryptedText(findTestObject(orPath_TaxInfo + "/input_TaxInfo_RetypefeinSsn_Existing_New"), "RigbBhfdqOD+04WBHw5iKw=="): Text ****** has been set on object 'Object Repository/RAD_Pages/TaxInfo_Page/input_TaxInfo_RetypefeinSsn_Existing_New'

2023-11-01 15:34:49 - [MESSAGE][PASSED] - Text ****** has been set on object 'Object Repository/RAD_Pages/TaxInfo_Page/input_TaxInfo_RetypefeinSsn_Existing_New'

2023-11-01 15:34:49 - [TEST_STEP][PASSED] - break: null

2023-11-01 15:34:49 - [TEST_STEP][PASSED] - setText(findTestObject(orPath_Amount + "/input__paymentAmount"), ""): Text '' is set on object 'Object Repository/RAD_Pages/PaymentAmount_Page/input__paymentAmount'

2023-11-01 15:34:49 - [MESSAGE][PASSED] - Text '' is set on object 'Object Repository/RAD_Pages/PaymentAmount_Page/input__paymentAmount'

2023-11-01 15:34:49 - [TEST_STEP][PASSED] - if (verifyTextPresent("The FEIN/SSN and Re-type FEIN/SSN do not match", true)): null

2023-11-01 15:34:50 - [MESSAGE][PASSED] - Text 'The FEIN/SSN and Re-type FEIN/SSN do not match' is present on page  using regular expression

2023-11-01 15:34:50 - [TEST_STEP][PASSED] - println("Error Message is present on the page"): null

2023-11-01 15:34:50 - [TEST_STEP][PASSED] - out.println("Pass Record Number: " + row): null

2023-11-01 15:34:50 - [TEST_STEP][PASSED] - resText = "Pass": null

2023-11-01 15:34:50 - [TEST_STEP][PASSED] - pages.WriteExcel.demoKey(resText, datText, resColumn, datCloumn, fileLoc, nameSheet, row): pages.WriteExcel.demoKey is PASSED

2023-11-01 15:34:50 - [MESSAGE][PASSED] - pages.WriteExcel.demoKey is PASSED

2023-11-01 15:34:50 - [TEST_STEP][PASSED] - ExecuteTC = findTestData(dataFile).getValue("Execute", row): null

2023-11-01 15:34:50 - [TEST_STEP][PASSED] - Taxtype = findTestData(dataFile).getValue("TaxType", row): null

2023-11-01 15:34:50 - [TEST_STEP][PASSED] - Paymenttype = findTestData(dataFile).getValue("PaymentType", row): null

2023-11-01 15:34:50 - [TEST_STEP][PASSED] - out.println("Value of Execute is : " + ExecuteTC): null

2023-11-01 15:34:50 - [TEST_STEP][PASSED] - if (ExecuteTC.equalsIgnoreCase("Y")): null

2023-11-01 15:34:50 - [TEST_STEP][PASSED] - out.println("Begin Record Number: " + row): null

2023-11-01 15:34:50 - [TEST_STEP][PASSED] - today = new java.util.Date(): null

2023-11-01 15:34:50 - [TEST_STEP][PASSED] - println(today): null

2023-11-01 15:34:50 - [TEST_STEP][PASSED] - datText = today: null

2023-11-01 15:34:50 - [TEST_STEP][PASSED] - Taxtype = findTestData(dataFile).getValue("TaxType", row): null

2023-11-01 15:34:50 - [TEST_STEP][PASSED] - out.println("Taxtype value is : " + Taxtype): null

2023-11-01 15:34:50 - [TEST_STEP][PASSED] - openBrowser(""): Browser is opened with url: ''

2023-11-01 15:34:50 - [MESSAGE][WARNING] - A browser is already opened. Closing browser and opening a new one

2023-11-01 15:34:51 - [MESSAGE][INFO] - Starting 'Chrome' driver

2023-11-01 15:34:51 - [MESSAGE][INFO] - User set preference: ['acceptInsecureCerts', 'true']

2023-11-01 15:34:51 - [MESSAGE][INFO] - Action delay is set to 0 milliseconds

2023-11-01 15:34:53 - [MESSAGE][PASSED] - Browser is opened with url: ''

2023-11-01 15:34:53 - [TEST_STEP][PASSED] - maximizeWindow(): Current window maximized

2023-11-01 15:34:53 - [MESSAGE][PASSED] - Current window maximized

2023-11-01 15:34:53 - [TEST_STEP][PASSED] - navigateToUrl(RADurl): Navigate to 'https://qa2.velocitypayment.com/client/rad/index.html' successfully

2023-11-01 15:34:54 - [MESSAGE][PASSED] - Navigate to 'https://qa2.velocitypayment.com/client/rad/index.html' successfully

2023-11-01 15:34:54 - [TEST_STEP][PASSED] - orPath_Landing = "Object Repository/RAD_Pages/Landing_Page": null

2023-11-01 15:34:54 - [TEST_STEP][PASSED] - orPath_TaxTypeFilingYear = "Object Repository/RAD_Pages/TaxTypeFilingYear_Page": null

2023-11-01 15:34:54 - [TEST_STEP][PASSED] - orPath_TaxPayer = "Object Repository/RAD_Pages/Taxpayer_Page": null

2023-11-01 15:34:54 - [TEST_STEP][PASSED] - orPath_AddressContact = "Object Repository/RAD_Pages/AddressAndContactInfo_Page": null

2023-11-01 15:34:54 - [TEST_STEP][PASSED] - orPath_FilingStatus = "Object Repository/RAD_Pages/FilingStatus_Page": null

2023-11-01 15:34:54 - [TEST_STEP][PASSED] - orPath_Amount = "Object Repository/RAD_Pages/PaymentAmount_Page": null

2023-11-01 15:34:54 - [TEST_STEP][PASSED] - orPath_TaxInfo = "Object Repository/RAD_Pages/TaxInfo_Page": null

2023-11-01 15:34:54 - [TEST_STEP][PASSED] - orPath_Withholding = "Object Repository/RAD_Pages/Withholding_Page": null

2023-11-01 15:34:54 - [TEST_STEP][PASSED] - orPath_Summary = "Object Repository/RAD_Pages/Summary_Page": null

2023-11-01 15:34:54 - [TEST_STEP][PASSED] - orPath_PaymentReady = "Object Repository/RAD_Pages/PaymentReady_Page": null

2023-11-01 15:34:54 - [TEST_STEP][PASSED] - orPath_PaymentEntry = "Object Repository/RAD_Pages/PaymentEntry_Page": null

2023-11-01 15:34:54 - [TEST_STEP][PASSED] - orPath_PaymentConfirmation = "Object Repository/RAD_Pages/PaymentConfirmation_Page": null

2023-11-01 15:34:54 - [TEST_STEP][PASSED] - orPath_ServiceFeesAccept = "Object Repository/RAD_Pages/ServiceFeeAccept_Page": null

2023-11-01 15:34:54 - [TEST_STEP][PASSED] - selectOptionByLabel(findTestObject(orPath_Landing + "/dd_TaxType"), Paymenttype, false): All options with label 'Existing Liability w/Notice Number' are selected in object 'Object Repository/RAD_Pages/Landing_Page/dd_TaxType' 

2023-11-01 15:34:55 - [MESSAGE][PASSED] - All options with label 'Existing Liability w/Notice Number' are selected in object 'Object Repository/RAD_Pages/Landing_Page/dd_TaxType' 

2023-11-01 15:34:55 - [TEST_STEP][PASSED] - delay(1): Delayed 1 second(s)

2023-11-01 15:34:56 - [MESSAGE][PASSED] - Delayed 1 second(s)

2023-11-01 15:34:56 - [TEST_STEP][PASSED] - switch (Paymenttype): null

2023-11-01 15:34:56 - [TEST_STEP][PASSED] - case "Existing Liability w/Notice Number":: null

2023-11-01 15:34:56 - [TEST_STEP][PASSED] - selectOptionByLabel(findTestObject(orPath_TaxTypeFilingYear + "/select_TaxType_ExistingLiability"), Taxtype, false): All options with label 'PTE Tax Electing S Corp' are selected in object 'Object Repository/RAD_Pages/TaxTypeFilingYear_Page/select_TaxType_ExistingLiability' 

2023-11-01 15:34:56 - [MESSAGE][PASSED] - All options with label 'PTE Tax Electing S Corp' are selected in object 'Object Repository/RAD_Pages/TaxTypeFilingYear_Page/select_TaxType_ExistingLiability' 

2023-11-01 15:34:56 - [TEST_STEP][PASSED] - break: null

2023-11-01 15:34:56 - [TEST_STEP][PASSED] - delay(1): Delayed 1 second(s)

2023-11-01 15:34:57 - [MESSAGE][PASSED] - Delayed 1 second(s)

2023-11-01 15:34:57 - [TEST_STEP][PASSED] - scrollToElement(findTestObject(orPath_Amount + "/input__paymentAmount"), 2, CONTINUE_ON_FAILURE): Scroll to object 'Object Repository/RAD_Pages/PaymentAmount_Page/input__paymentAmount' successfully

2023-11-01 15:34:58 - [MESSAGE][PASSED] - Scroll to object 'Object Repository/RAD_Pages/PaymentAmount_Page/input__paymentAmount' successfully

2023-11-01 15:34:58 - [TEST_STEP][PASSED] - switch (Paymenttype): null

2023-11-01 15:34:58 - [TEST_STEP][PASSED] - case "Existing Liability w/Notice Number":: null

2023-11-01 15:34:58 - [TEST_STEP][PASSED] - setEncryptedText(findTestObject(orPath_TaxInfo + "/input_TaxInfo_feinSsn_Existing_New"), "RigbBhfdqODKcAsiUrg+1Q=="): Text ****** has been set on object 'Object Repository/RAD_Pages/TaxInfo_Page/input_TaxInfo_feinSsn_Existing_New'

2023-11-01 15:34:58 - [MESSAGE][PASSED] - Text ****** has been set on object 'Object Repository/RAD_Pages/TaxInfo_Page/input_TaxInfo_feinSsn_Existing_New'

2023-11-01 15:34:58 - [TEST_STEP][PASSED] - setEncryptedText(findTestObject(orPath_TaxInfo + "/input_TaxInfo_RetypefeinSsn_Existing_New"), "RigbBhfdqOD+04WBHw5iKw=="): Text ****** has been set on object 'Object Repository/RAD_Pages/TaxInfo_Page/input_TaxInfo_RetypefeinSsn_Existing_New'

2023-11-01 15:34:59 - [MESSAGE][PASSED] - Text ****** has been set on object 'Object Repository/RAD_Pages/TaxInfo_Page/input_TaxInfo_RetypefeinSsn_Existing_New'

2023-11-01 15:34:59 - [TEST_STEP][PASSED] - break: null

2023-11-01 15:34:59 - [TEST_STEP][PASSED] - setText(findTestObject(orPath_Amount + "/input__paymentAmount"), ""): Text '' is set on object 'Object Repository/RAD_Pages/PaymentAmount_Page/input__paymentAmount'

2023-11-01 15:35:00 - [MESSAGE][PASSED] - Text '' is set on object 'Object Repository/RAD_Pages/PaymentAmount_Page/input__paymentAmount'

2023-11-01 15:35:00 - [TEST_STEP][PASSED] - if (verifyTextPresent("The FEIN/SSN and Re-type FEIN/SSN do not match", true)): null

2023-11-01 15:35:00 - [MESSAGE][PASSED] - Text 'The FEIN/SSN and Re-type FEIN/SSN do not match' is present on page  using regular expression

2023-11-01 15:35:00 - [TEST_STEP][PASSED] - println("Error Message is present on the page"): null

2023-11-01 15:35:00 - [TEST_STEP][PASSED] - out.println("Pass Record Number: " + row): null

2023-11-01 15:35:00 - [TEST_STEP][PASSED] - resText = "Pass": null

2023-11-01 15:35:00 - [TEST_STEP][PASSED] - pages.WriteExcel.demoKey(resText, datText, resColumn, datCloumn, fileLoc, nameSheet, row): pages.WriteExcel.demoKey is PASSED

2023-11-01 15:35:00 - [MESSAGE][PASSED] - pages.WriteExcel.demoKey is PASSED

2023-11-01 15:35:00 - [TEST_STEP][PASSED] - ExecuteTC = findTestData(dataFile).getValue("Execute", row): null

2023-11-01 15:35:00 - [TEST_STEP][PASSED] - Taxtype = findTestData(dataFile).getValue("TaxType", row): null

2023-11-01 15:35:00 - [TEST_STEP][PASSED] - Paymenttype = findTestData(dataFile).getValue("PaymentType", row): null

2023-11-01 15:35:00 - [TEST_STEP][PASSED] - out.println("Value of Execute is : " + ExecuteTC): null

2023-11-01 15:35:00 - [TEST_STEP][PASSED] - if (ExecuteTC.equalsIgnoreCase("Y")): null

2023-11-01 15:35:00 - [TEST_STEP][PASSED] - out.println("Begin Record Number: " + row): null

2023-11-01 15:35:00 - [TEST_STEP][PASSED] - today = new java.util.Date(): null

2023-11-01 15:35:00 - [TEST_STEP][PASSED] - println(today): null

2023-11-01 15:35:00 - [TEST_STEP][PASSED] - datText = today: null

2023-11-01 15:35:00 - [TEST_STEP][PASSED] - Taxtype = findTestData(dataFile).getValue("TaxType", row): null

2023-11-01 15:35:00 - [TEST_STEP][PASSED] - out.println("Taxtype value is : " + Taxtype): null

2023-11-01 15:35:00 - [TEST_STEP][PASSED] - openBrowser(""): Browser is opened with url: ''

2023-11-01 15:35:00 - [MESSAGE][WARNING] - A browser is already opened. Closing browser and opening a new one

2023-11-01 15:35:01 - [MESSAGE][INFO] - Starting 'Chrome' driver

2023-11-01 15:35:01 - [MESSAGE][INFO] - User set preference: ['acceptInsecureCerts', 'true']

2023-11-01 15:35:01 - [MESSAGE][INFO] - Action delay is set to 0 milliseconds

2023-11-01 15:35:03 - [MESSAGE][PASSED] - Browser is opened with url: ''

2023-11-01 15:35:03 - [TEST_STEP][PASSED] - maximizeWindow(): Current window maximized

2023-11-01 15:35:03 - [MESSAGE][PASSED] - Current window maximized

2023-11-01 15:35:03 - [TEST_STEP][PASSED] - navigateToUrl(RADurl): Navigate to 'https://qa2.velocitypayment.com/client/rad/index.html' successfully

2023-11-01 15:35:05 - [MESSAGE][PASSED] - Navigate to 'https://qa2.velocitypayment.com/client/rad/index.html' successfully

2023-11-01 15:35:05 - [TEST_STEP][PASSED] - orPath_Landing = "Object Repository/RAD_Pages/Landing_Page": null

2023-11-01 15:35:05 - [TEST_STEP][PASSED] - orPath_TaxTypeFilingYear = "Object Repository/RAD_Pages/TaxTypeFilingYear_Page": null

2023-11-01 15:35:05 - [TEST_STEP][PASSED] - orPath_TaxPayer = "Object Repository/RAD_Pages/Taxpayer_Page": null

2023-11-01 15:35:05 - [TEST_STEP][PASSED] - orPath_AddressContact = "Object Repository/RAD_Pages/AddressAndContactInfo_Page": null

2023-11-01 15:35:05 - [TEST_STEP][PASSED] - orPath_FilingStatus = "Object Repository/RAD_Pages/FilingStatus_Page": null

2023-11-01 15:35:05 - [TEST_STEP][PASSED] - orPath_Amount = "Object Repository/RAD_Pages/PaymentAmount_Page": null

2023-11-01 15:35:05 - [TEST_STEP][PASSED] - orPath_TaxInfo = "Object Repository/RAD_Pages/TaxInfo_Page": null

2023-11-01 15:35:05 - [TEST_STEP][PASSED] - orPath_Withholding = "Object Repository/RAD_Pages/Withholding_Page": null

2023-11-01 15:35:05 - [TEST_STEP][PASSED] - orPath_Summary = "Object Repository/RAD_Pages/Summary_Page": null

2023-11-01 15:35:05 - [TEST_STEP][PASSED] - orPath_PaymentReady = "Object Repository/RAD_Pages/PaymentReady_Page": null

2023-11-01 15:35:05 - [TEST_STEP][PASSED] - orPath_PaymentEntry = "Object Repository/RAD_Pages/PaymentEntry_Page": null

2023-11-01 15:35:05 - [TEST_STEP][PASSED] - orPath_PaymentConfirmation = "Object Repository/RAD_Pages/PaymentConfirmation_Page": null

2023-11-01 15:35:05 - [TEST_STEP][PASSED] - orPath_ServiceFeesAccept = "Object Repository/RAD_Pages/ServiceFeeAccept_Page": null

2023-11-01 15:35:05 - [TEST_STEP][PASSED] - selectOptionByLabel(findTestObject(orPath_Landing + "/dd_TaxType"), Paymenttype, false): All options with label 'Quarterly Estimated Tax' are selected in object 'Object Repository/RAD_Pages/Landing_Page/dd_TaxType' 

2023-11-01 15:35:05 - [MESSAGE][PASSED] - All options with label 'Quarterly Estimated Tax' are selected in object 'Object Repository/RAD_Pages/Landing_Page/dd_TaxType' 

2023-11-01 15:35:05 - [TEST_STEP][PASSED] - delay(1): Delayed 1 second(s)

2023-11-01 15:35:06 - [MESSAGE][PASSED] - Delayed 1 second(s)

2023-11-01 15:35:06 - [TEST_STEP][PASSED] - switch (Paymenttype): null

2023-11-01 15:35:06 - [TEST_STEP][PASSED] - case "Quarterly Estimated Tax":: null

2023-11-01 15:35:06 - [TEST_STEP][PASSED] - selectOptionByLabel(findTestObject(orPath_TaxTypeFilingYear + "/select_PaymentType"), Taxtype, false): All options with label 'PTE Non-Electing Non-S Corp' are selected in object 'Object Repository/RAD_Pages/TaxTypeFilingYear_Page/select_PaymentType' 

2023-11-01 15:35:07 - [MESSAGE][PASSED] - All options with label 'PTE Non-Electing Non-S Corp' are selected in object 'Object Repository/RAD_Pages/TaxTypeFilingYear_Page/select_PaymentType' 

2023-11-01 15:35:07 - [TEST_STEP][PASSED] - break: null

2023-11-01 15:35:07 - [TEST_STEP][PASSED] - delay(1): Delayed 1 second(s)

2023-11-01 15:35:08 - [MESSAGE][PASSED] - Delayed 1 second(s)

2023-11-01 15:35:08 - [TEST_STEP][PASSED] - scrollToElement(findTestObject(orPath_Amount + "/input__paymentAmount"), 2, CONTINUE_ON_FAILURE): Scroll to object 'Object Repository/RAD_Pages/PaymentAmount_Page/input__paymentAmount' successfully

2023-11-01 15:35:08 - [MESSAGE][PASSED] - Scroll to object 'Object Repository/RAD_Pages/PaymentAmount_Page/input__paymentAmount' successfully

2023-11-01 15:35:08 - [TEST_STEP][PASSED] - switch (Paymenttype): null

2023-11-01 15:35:08 - [TEST_STEP][PASSED] - case "Quarterly Estimated Tax":: null

2023-11-01 15:35:08 - [TEST_STEP][PASSED] - setEncryptedText(findTestObject(orPath_TaxInfo + "/input_TaxInfo_FeinSsn_New_2"), "RigbBhfdqODKcAsiUrg+1Q=="): Text ****** has been set on object 'Object Repository/RAD_Pages/TaxInfo_Page/input_TaxInfo_FeinSsn_New_2'

2023-11-01 15:35:09 - [MESSAGE][PASSED] - Text ****** has been set on object 'Object Repository/RAD_Pages/TaxInfo_Page/input_TaxInfo_FeinSsn_New_2'

2023-11-01 15:35:09 - [TEST_STEP][PASSED] - setEncryptedText(findTestObject(orPath_TaxInfo + "/input_TaxInfo_RetypeFeinSsn_New_2"), "RigbBhfdqOD+04WBHw5iKw=="): Text ****** has been set on object 'Object Repository/RAD_Pages/TaxInfo_Page/input_TaxInfo_RetypeFeinSsn_New_2'

2023-11-01 15:35:09 - [MESSAGE][PASSED] - Text ****** has been set on object 'Object Repository/RAD_Pages/TaxInfo_Page/input_TaxInfo_RetypeFeinSsn_New_2'

2023-11-01 15:35:09 - [TEST_STEP][PASSED] - break: null

2023-11-01 15:35:09 - [TEST_STEP][PASSED] - setText(findTestObject(orPath_Amount + "/input__paymentAmount"), ""): Text '' is set on object 'Object Repository/RAD_Pages/PaymentAmount_Page/input__paymentAmount'

2023-11-01 15:35:10 - [MESSAGE][PASSED] - Text '' is set on object 'Object Repository/RAD_Pages/PaymentAmount_Page/input__paymentAmount'

2023-11-01 15:35:10 - [TEST_STEP][PASSED] - if (verifyTextPresent("The FEIN/SSN and Re-type FEIN/SSN do not match", true)): null

2023-11-01 15:35:11 - [MESSAGE][PASSED] - Text 'The FEIN/SSN and Re-type FEIN/SSN do not match' is present on page  using regular expression

2023-11-01 15:35:11 - [TEST_STEP][PASSED] - println("Error Message is present on the page"): null

2023-11-01 15:35:11 - [TEST_STEP][PASSED] - out.println("Pass Record Number: " + row): null

2023-11-01 15:35:11 - [TEST_STEP][PASSED] - resText = "Pass": null

2023-11-01 15:35:11 - [TEST_STEP][PASSED] - pages.WriteExcel.demoKey(resText, datText, resColumn, datCloumn, fileLoc, nameSheet, row): pages.WriteExcel.demoKey is PASSED

2023-11-01 15:35:11 - [MESSAGE][PASSED] - pages.WriteExcel.demoKey is PASSED

2023-11-01 15:35:11 - [TEST_STEP][PASSED] - ExecuteTC = findTestData(dataFile).getValue("Execute", row): null

2023-11-01 15:35:11 - [TEST_STEP][PASSED] - Taxtype = findTestData(dataFile).getValue("TaxType", row): null

2023-11-01 15:35:11 - [TEST_STEP][PASSED] - Paymenttype = findTestData(dataFile).getValue("PaymentType", row): null

2023-11-01 15:35:11 - [TEST_STEP][PASSED] - out.println("Value of Execute is : " + ExecuteTC): null

2023-11-01 15:35:11 - [TEST_STEP][PASSED] - if (ExecuteTC.equalsIgnoreCase("Y")): null

2023-11-01 15:35:11 - [TEST_STEP][PASSED] - out.println("Begin Record Number: " + row): null

2023-11-01 15:35:11 - [TEST_STEP][PASSED] - today = new java.util.Date(): null

2023-11-01 15:35:11 - [TEST_STEP][PASSED] - println(today): null

2023-11-01 15:35:11 - [TEST_STEP][PASSED] - datText = today: null

2023-11-01 15:35:11 - [TEST_STEP][PASSED] - Taxtype = findTestData(dataFile).getValue("TaxType", row): null

2023-11-01 15:35:11 - [TEST_STEP][PASSED] - out.println("Taxtype value is : " + Taxtype): null

2023-11-01 15:35:11 - [TEST_STEP][PASSED] - openBrowser(""): Browser is opened with url: ''

2023-11-01 15:35:11 - [MESSAGE][WARNING] - A browser is already opened. Closing browser and opening a new one

2023-11-01 15:35:12 - [MESSAGE][INFO] - Starting 'Chrome' driver

2023-11-01 15:35:12 - [MESSAGE][INFO] - User set preference: ['acceptInsecureCerts', 'true']

2023-11-01 15:35:12 - [MESSAGE][INFO] - Action delay is set to 0 milliseconds

2023-11-01 15:35:13 - [MESSAGE][PASSED] - Browser is opened with url: ''

2023-11-01 15:35:13 - [TEST_STEP][PASSED] - maximizeWindow(): Current window maximized

2023-11-01 15:35:13 - [MESSAGE][PASSED] - Current window maximized

2023-11-01 15:35:13 - [TEST_STEP][PASSED] - navigateToUrl(RADurl): Navigate to 'https://qa2.velocitypayment.com/client/rad/index.html' successfully

2023-11-01 15:35:15 - [MESSAGE][PASSED] - Navigate to 'https://qa2.velocitypayment.com/client/rad/index.html' successfully

2023-11-01 15:35:15 - [TEST_STEP][PASSED] - orPath_Landing = "Object Repository/RAD_Pages/Landing_Page": null

2023-11-01 15:35:15 - [TEST_STEP][PASSED] - orPath_TaxTypeFilingYear = "Object Repository/RAD_Pages/TaxTypeFilingYear_Page": null

2023-11-01 15:35:15 - [TEST_STEP][PASSED] - orPath_TaxPayer = "Object Repository/RAD_Pages/Taxpayer_Page": null

2023-11-01 15:35:15 - [TEST_STEP][PASSED] - orPath_AddressContact = "Object Repository/RAD_Pages/AddressAndContactInfo_Page": null

2023-11-01 15:35:15 - [TEST_STEP][PASSED] - orPath_FilingStatus = "Object Repository/RAD_Pages/FilingStatus_Page": null

2023-11-01 15:35:15 - [TEST_STEP][PASSED] - orPath_Amount = "Object Repository/RAD_Pages/PaymentAmount_Page": null

2023-11-01 15:35:15 - [TEST_STEP][PASSED] - orPath_TaxInfo = "Object Repository/RAD_Pages/TaxInfo_Page": null

2023-11-01 15:35:15 - [TEST_STEP][PASSED] - orPath_Withholding = "Object Repository/RAD_Pages/Withholding_Page": null

2023-11-01 15:35:15 - [TEST_STEP][PASSED] - orPath_Summary = "Object Repository/RAD_Pages/Summary_Page": null

2023-11-01 15:35:15 - [TEST_STEP][PASSED] - orPath_PaymentReady = "Object Repository/RAD_Pages/PaymentReady_Page": null

2023-11-01 15:35:15 - [TEST_STEP][PASSED] - orPath_PaymentEntry = "Object Repository/RAD_Pages/PaymentEntry_Page": null

2023-11-01 15:35:15 - [TEST_STEP][PASSED] - orPath_PaymentConfirmation = "Object Repository/RAD_Pages/PaymentConfirmation_Page": null

2023-11-01 15:35:15 - [TEST_STEP][PASSED] - orPath_ServiceFeesAccept = "Object Repository/RAD_Pages/ServiceFeeAccept_Page": null

2023-11-01 15:35:15 - [TEST_STEP][PASSED] - selectOptionByLabel(findTestObject(orPath_Landing + "/dd_TaxType"), Paymenttype, false): All options with label 'Quarterly Estimated Tax' are selected in object 'Object Repository/RAD_Pages/Landing_Page/dd_TaxType' 

2023-11-01 15:35:16 - [MESSAGE][PASSED] - All options with label 'Quarterly Estimated Tax' are selected in object 'Object Repository/RAD_Pages/Landing_Page/dd_TaxType' 

2023-11-01 15:35:16 - [TEST_STEP][PASSED] - delay(1): Delayed 1 second(s)

2023-11-01 15:35:17 - [MESSAGE][PASSED] - Delayed 1 second(s)

2023-11-01 15:35:17 - [TEST_STEP][PASSED] - switch (Paymenttype): null

2023-11-01 15:35:17 - [TEST_STEP][PASSED] - case "Quarterly Estimated Tax":: null

2023-11-01 15:35:17 - [TEST_STEP][PASSED] - selectOptionByLabel(findTestObject(orPath_TaxTypeFilingYear + "/select_PaymentType"), Taxtype, false): All options with label 'PTE Non-Electing S Corp' are selected in object 'Object Repository/RAD_Pages/TaxTypeFilingYear_Page/select_PaymentType' 

2023-11-01 15:35:17 - [MESSAGE][PASSED] - All options with label 'PTE Non-Electing S Corp' are selected in object 'Object Repository/RAD_Pages/TaxTypeFilingYear_Page/select_PaymentType' 

2023-11-01 15:35:17 - [TEST_STEP][PASSED] - break: null

2023-11-01 15:35:17 - [TEST_STEP][PASSED] - delay(1): Delayed 1 second(s)

2023-11-01 15:35:18 - [MESSAGE][PASSED] - Delayed 1 second(s)

2023-11-01 15:35:18 - [TEST_STEP][PASSED] - scrollToElement(findTestObject(orPath_Amount + "/input__paymentAmount"), 2, CONTINUE_ON_FAILURE): Scroll to object 'Object Repository/RAD_Pages/PaymentAmount_Page/input__paymentAmount' successfully

2023-11-01 15:35:19 - [MESSAGE][PASSED] - Scroll to object 'Object Repository/RAD_Pages/PaymentAmount_Page/input__paymentAmount' successfully

2023-11-01 15:35:19 - [TEST_STEP][PASSED] - switch (Paymenttype): null

2023-11-01 15:35:19 - [TEST_STEP][PASSED] - case "Quarterly Estimated Tax":: null

2023-11-01 15:35:19 - [TEST_STEP][PASSED] - setEncryptedText(findTestObject(orPath_TaxInfo + "/input_TaxInfo_FeinSsn_New_2"), "RigbBhfdqODKcAsiUrg+1Q=="): Text ****** has been set on object 'Object Repository/RAD_Pages/TaxInfo_Page/input_TaxInfo_FeinSsn_New_2'

2023-11-01 15:35:19 - [MESSAGE][PASSED] - Text ****** has been set on object 'Object Repository/RAD_Pages/TaxInfo_Page/input_TaxInfo_FeinSsn_New_2'

2023-11-01 15:35:19 - [TEST_STEP][PASSED] - setEncryptedText(findTestObject(orPath_TaxInfo + "/input_TaxInfo_RetypeFeinSsn_New_2"), "RigbBhfdqOD+04WBHw5iKw=="): Text ****** has been set on object 'Object Repository/RAD_Pages/TaxInfo_Page/input_TaxInfo_RetypeFeinSsn_New_2'

2023-11-01 15:35:20 - [MESSAGE][PASSED] - Text ****** has been set on object 'Object Repository/RAD_Pages/TaxInfo_Page/input_TaxInfo_RetypeFeinSsn_New_2'

2023-11-01 15:35:20 - [TEST_STEP][PASSED] - break: null

2023-11-01 15:35:20 - [TEST_STEP][PASSED] - setText(findTestObject(orPath_Amount + "/input__paymentAmount"), ""): Text '' is set on object 'Object Repository/RAD_Pages/PaymentAmount_Page/input__paymentAmount'

2023-11-01 15:35:21 - [MESSAGE][PASSED] - Text '' is set on object 'Object Repository/RAD_Pages/PaymentAmount_Page/input__paymentAmount'

2023-11-01 15:35:21 - [TEST_STEP][PASSED] - if (verifyTextPresent("The FEIN/SSN and Re-type FEIN/SSN do not match", true)): null

2023-11-01 15:35:21 - [MESSAGE][PASSED] - Text 'The FEIN/SSN and Re-type FEIN/SSN do not match' is present on page  using regular expression

2023-11-01 15:35:21 - [TEST_STEP][PASSED] - println("Error Message is present on the page"): null

2023-11-01 15:35:21 - [TEST_STEP][PASSED] - out.println("Pass Record Number: " + row): null

2023-11-01 15:35:21 - [TEST_STEP][PASSED] - resText = "Pass": null

2023-11-01 15:35:21 - [TEST_STEP][PASSED] - pages.WriteExcel.demoKey(resText, datText, resColumn, datCloumn, fileLoc, nameSheet, row): pages.WriteExcel.demoKey is PASSED

2023-11-01 15:35:21 - [MESSAGE][PASSED] - pages.WriteExcel.demoKey is PASSED

2023-11-01 15:35:21 - [TEST_STEP][PASSED] - ExecuteTC = findTestData(dataFile).getValue("Execute", row): null

2023-11-01 15:35:21 - [TEST_STEP][PASSED] - Taxtype = findTestData(dataFile).getValue("TaxType", row): null

2023-11-01 15:35:21 - [TEST_STEP][PASSED] - Paymenttype = findTestData(dataFile).getValue("PaymentType", row): null

2023-11-01 15:35:21 - [TEST_STEP][PASSED] - out.println("Value of Execute is : " + ExecuteTC): null

2023-11-01 15:35:21 - [TEST_STEP][PASSED] - if (ExecuteTC.equalsIgnoreCase("Y")): null

2023-11-01 15:35:21 - [TEST_STEP][PASSED] - out.println("Begin Record Number: " + row): null

2023-11-01 15:35:21 - [TEST_STEP][PASSED] - today = new java.util.Date(): null

2023-11-01 15:35:21 - [TEST_STEP][PASSED] - println(today): null

2023-11-01 15:35:21 - [TEST_STEP][PASSED] - datText = today: null

2023-11-01 15:35:21 - [TEST_STEP][PASSED] - Taxtype = findTestData(dataFile).getValue("TaxType", row): null

2023-11-01 15:35:22 - [TEST_STEP][PASSED] - out.println("Taxtype value is : " + Taxtype): null

2023-11-01 15:35:22 - [TEST_STEP][PASSED] - openBrowser(""): Browser is opened with url: ''

2023-11-01 15:35:22 - [MESSAGE][WARNING] - A browser is already opened. Closing browser and opening a new one

2023-11-01 15:35:22 - [MESSAGE][INFO] - Starting 'Chrome' driver

2023-11-01 15:35:22 - [MESSAGE][INFO] - User set preference: ['acceptInsecureCerts', 'true']

2023-11-01 15:35:22 - [MESSAGE][INFO] - Action delay is set to 0 milliseconds

2023-11-01 15:35:24 - [MESSAGE][PASSED] - Browser is opened with url: ''

2023-11-01 15:35:24 - [TEST_STEP][PASSED] - maximizeWindow(): Current window maximized

2023-11-01 15:35:24 - [MESSAGE][PASSED] - Current window maximized

2023-11-01 15:35:24 - [TEST_STEP][PASSED] - navigateToUrl(RADurl): Navigate to 'https://qa2.velocitypayment.com/client/rad/index.html' successfully

2023-11-01 15:35:26 - [MESSAGE][PASSED] - Navigate to 'https://qa2.velocitypayment.com/client/rad/index.html' successfully

2023-11-01 15:35:26 - [TEST_STEP][PASSED] - orPath_Landing = "Object Repository/RAD_Pages/Landing_Page": null

2023-11-01 15:35:26 - [TEST_STEP][PASSED] - orPath_TaxTypeFilingYear = "Object Repository/RAD_Pages/TaxTypeFilingYear_Page": null

2023-11-01 15:35:26 - [TEST_STEP][PASSED] - orPath_TaxPayer = "Object Repository/RAD_Pages/Taxpayer_Page": null

2023-11-01 15:35:26 - [TEST_STEP][PASSED] - orPath_AddressContact = "Object Repository/RAD_Pages/AddressAndContactInfo_Page": null

2023-11-01 15:35:26 - [TEST_STEP][PASSED] - orPath_FilingStatus = "Object Repository/RAD_Pages/FilingStatus_Page": null

2023-11-01 15:35:26 - [TEST_STEP][PASSED] - orPath_Amount = "Object Repository/RAD_Pages/PaymentAmount_Page": null

2023-11-01 15:35:26 - [TEST_STEP][PASSED] - orPath_TaxInfo = "Object Repository/RAD_Pages/TaxInfo_Page": null

2023-11-01 15:35:26 - [TEST_STEP][PASSED] - orPath_Withholding = "Object Repository/RAD_Pages/Withholding_Page": null

2023-11-01 15:35:26 - [TEST_STEP][PASSED] - orPath_Summary = "Object Repository/RAD_Pages/Summary_Page": null

2023-11-01 15:35:26 - [TEST_STEP][PASSED] - orPath_PaymentReady = "Object Repository/RAD_Pages/PaymentReady_Page": null

2023-11-01 15:35:26 - [TEST_STEP][PASSED] - orPath_PaymentEntry = "Object Repository/RAD_Pages/PaymentEntry_Page": null

2023-11-01 15:35:26 - [TEST_STEP][PASSED] - orPath_PaymentConfirmation = "Object Repository/RAD_Pages/PaymentConfirmation_Page": null

2023-11-01 15:35:26 - [TEST_STEP][PASSED] - orPath_ServiceFeesAccept = "Object Repository/RAD_Pages/ServiceFeeAccept_Page": null

2023-11-01 15:35:26 - [TEST_STEP][PASSED] - selectOptionByLabel(findTestObject(orPath_Landing + "/dd_TaxType"), Paymenttype, false): All options with label 'Quarterly Estimated Tax' are selected in object 'Object Repository/RAD_Pages/Landing_Page/dd_TaxType' 

2023-11-01 15:35:26 - [MESSAGE][PASSED] - All options with label 'Quarterly Estimated Tax' are selected in object 'Object Repository/RAD_Pages/Landing_Page/dd_TaxType' 

2023-11-01 15:35:26 - [TEST_STEP][PASSED] - delay(1): Delayed 1 second(s)

2023-11-01 15:35:27 - [MESSAGE][PASSED] - Delayed 1 second(s)

2023-11-01 15:35:27 - [TEST_STEP][PASSED] - switch (Paymenttype): null

2023-11-01 15:35:27 - [TEST_STEP][PASSED] - case "Quarterly Estimated Tax":: null

2023-11-01 15:35:27 - [TEST_STEP][PASSED] - selectOptionByLabel(findTestObject(orPath_TaxTypeFilingYear + "/select_PaymentType"), Taxtype, false): All options with label 'PTE Tax Electing Non-S Corp' are selected in object 'Object Repository/RAD_Pages/TaxTypeFilingYear_Page/select_PaymentType' 

2023-11-01 15:35:28 - [MESSAGE][PASSED] - All options with label 'PTE Tax Electing Non-S Corp' are selected in object 'Object Repository/RAD_Pages/TaxTypeFilingYear_Page/select_PaymentType' 

2023-11-01 15:35:28 - [TEST_STEP][PASSED] - break: null

2023-11-01 15:35:28 - [TEST_STEP][PASSED] - delay(1): Delayed 1 second(s)

2023-11-01 15:35:29 - [MESSAGE][PASSED] - Delayed 1 second(s)

2023-11-01 15:35:29 - [TEST_STEP][PASSED] - scrollToElement(findTestObject(orPath_Amount + "/input__paymentAmount"), 2, CONTINUE_ON_FAILURE): Scroll to object 'Object Repository/RAD_Pages/PaymentAmount_Page/input__paymentAmount' successfully

2023-11-01 15:35:29 - [MESSAGE][PASSED] - Scroll to object 'Object Repository/RAD_Pages/PaymentAmount_Page/input__paymentAmount' successfully

2023-11-01 15:35:29 - [TEST_STEP][PASSED] - switch (Paymenttype): null

2023-11-01 15:35:29 - [TEST_STEP][PASSED] - case "Quarterly Estimated Tax":: null

2023-11-01 15:35:29 - [TEST_STEP][PASSED] - setEncryptedText(findTestObject(orPath_TaxInfo + "/input_TaxInfo_FeinSsn_New_2"), "RigbBhfdqODKcAsiUrg+1Q=="): Text ****** has been set on object 'Object Repository/RAD_Pages/TaxInfo_Page/input_TaxInfo_FeinSsn_New_2'

2023-11-01 15:35:30 - [MESSAGE][PASSED] - Text ****** has been set on object 'Object Repository/RAD_Pages/TaxInfo_Page/input_TaxInfo_FeinSsn_New_2'

2023-11-01 15:35:30 - [TEST_STEP][PASSED] - setEncryptedText(findTestObject(orPath_TaxInfo + "/input_TaxInfo_RetypeFeinSsn_New_2"), "RigbBhfdqOD+04WBHw5iKw=="): Text ****** has been set on object 'Object Repository/RAD_Pages/TaxInfo_Page/input_TaxInfo_RetypeFeinSsn_New_2'

2023-11-01 15:35:30 - [MESSAGE][PASSED] - Text ****** has been set on object 'Object Repository/RAD_Pages/TaxInfo_Page/input_TaxInfo_RetypeFeinSsn_New_2'

2023-11-01 15:35:30 - [TEST_STEP][PASSED] - break: null

2023-11-01 15:35:30 - [TEST_STEP][PASSED] - setText(findTestObject(orPath_Amount + "/input__paymentAmount"), ""): Text '' is set on object 'Object Repository/RAD_Pages/PaymentAmount_Page/input__paymentAmount'

2023-11-01 15:35:31 - [MESSAGE][PASSED] - Text '' is set on object 'Object Repository/RAD_Pages/PaymentAmount_Page/input__paymentAmount'

2023-11-01 15:35:31 - [TEST_STEP][PASSED] - if (verifyTextPresent("The FEIN/SSN and Re-type FEIN/SSN do not match", true)): null

2023-11-01 15:35:32 - [MESSAGE][PASSED] - Text 'The FEIN/SSN and Re-type FEIN/SSN do not match' is present on page  using regular expression

2023-11-01 15:35:32 - [TEST_STEP][PASSED] - println("Error Message is present on the page"): null

2023-11-01 15:35:32 - [TEST_STEP][PASSED] - out.println("Pass Record Number: " + row): null

2023-11-01 15:35:32 - [TEST_STEP][PASSED] - resText = "Pass": null

2023-11-01 15:35:32 - [TEST_STEP][PASSED] - pages.WriteExcel.demoKey(resText, datText, resColumn, datCloumn, fileLoc, nameSheet, row): pages.WriteExcel.demoKey is PASSED

2023-11-01 15:35:32 - [MESSAGE][PASSED] - pages.WriteExcel.demoKey is PASSED

2023-11-01 15:35:32 - [TEST_STEP][PASSED] - ExecuteTC = findTestData(dataFile).getValue("Execute", row): null

2023-11-01 15:35:32 - [TEST_STEP][PASSED] - Taxtype = findTestData(dataFile).getValue("TaxType", row): null

2023-11-01 15:35:32 - [TEST_STEP][PASSED] - Paymenttype = findTestData(dataFile).getValue("PaymentType", row): null

2023-11-01 15:35:32 - [TEST_STEP][PASSED] - out.println("Value of Execute is : " + ExecuteTC): null

2023-11-01 15:35:32 - [TEST_STEP][PASSED] - if (ExecuteTC.equalsIgnoreCase("Y")): null

2023-11-01 15:35:32 - [TEST_STEP][PASSED] - out.println("Begin Record Number: " + row): null

2023-11-01 15:35:32 - [TEST_STEP][PASSED] - today = new java.util.Date(): null

2023-11-01 15:35:32 - [TEST_STEP][PASSED] - println(today): null

2023-11-01 15:35:32 - [TEST_STEP][PASSED] - datText = today: null

2023-11-01 15:35:32 - [TEST_STEP][PASSED] - Taxtype = findTestData(dataFile).getValue("TaxType", row): null

2023-11-01 15:35:32 - [TEST_STEP][PASSED] - out.println("Taxtype value is : " + Taxtype): null

2023-11-01 15:35:32 - [TEST_STEP][PASSED] - openBrowser(""): Browser is opened with url: ''

2023-11-01 15:35:32 - [MESSAGE][WARNING] - A browser is already opened. Closing browser and opening a new one

2023-11-01 15:35:33 - [MESSAGE][INFO] - Starting 'Chrome' driver

2023-11-01 15:35:33 - [MESSAGE][INFO] - User set preference: ['acceptInsecureCerts', 'true']

2023-11-01 15:35:33 - [MESSAGE][INFO] - Action delay is set to 0 milliseconds

2023-11-01 15:35:34 - [MESSAGE][PASSED] - Browser is opened with url: ''

2023-11-01 15:35:34 - [TEST_STEP][PASSED] - maximizeWindow(): Current window maximized

2023-11-01 15:35:34 - [MESSAGE][PASSED] - Current window maximized

2023-11-01 15:35:34 - [TEST_STEP][PASSED] - navigateToUrl(RADurl): Navigate to 'https://qa2.velocitypayment.com/client/rad/index.html' successfully

2023-11-01 15:35:36 - [MESSAGE][PASSED] - Navigate to 'https://qa2.velocitypayment.com/client/rad/index.html' successfully

2023-11-01 15:35:36 - [TEST_STEP][PASSED] - orPath_Landing = "Object Repository/RAD_Pages/Landing_Page": null

2023-11-01 15:35:36 - [TEST_STEP][PASSED] - orPath_TaxTypeFilingYear = "Object Repository/RAD_Pages/TaxTypeFilingYear_Page": null

2023-11-01 15:35:36 - [TEST_STEP][PASSED] - orPath_TaxPayer = "Object Repository/RAD_Pages/Taxpayer_Page": null

2023-11-01 15:35:36 - [TEST_STEP][PASSED] - orPath_AddressContact = "Object Repository/RAD_Pages/AddressAndContactInfo_Page": null

2023-11-01 15:35:36 - [TEST_STEP][PASSED] - orPath_FilingStatus = "Object Repository/RAD_Pages/FilingStatus_Page": null

2023-11-01 15:35:36 - [TEST_STEP][PASSED] - orPath_Amount = "Object Repository/RAD_Pages/PaymentAmount_Page": null

2023-11-01 15:35:36 - [TEST_STEP][PASSED] - orPath_TaxInfo = "Object Repository/RAD_Pages/TaxInfo_Page": null

2023-11-01 15:35:36 - [TEST_STEP][PASSED] - orPath_Withholding = "Object Repository/RAD_Pages/Withholding_Page": null

2023-11-01 15:35:36 - [TEST_STEP][PASSED] - orPath_Summary = "Object Repository/RAD_Pages/Summary_Page": null

2023-11-01 15:35:36 - [TEST_STEP][PASSED] - orPath_PaymentReady = "Object Repository/RAD_Pages/PaymentReady_Page": null

2023-11-01 15:35:36 - [TEST_STEP][PASSED] - orPath_PaymentEntry = "Object Repository/RAD_Pages/PaymentEntry_Page": null

2023-11-01 15:35:36 - [TEST_STEP][PASSED] - orPath_PaymentConfirmation = "Object Repository/RAD_Pages/PaymentConfirmation_Page": null

2023-11-01 15:35:36 - [TEST_STEP][PASSED] - orPath_ServiceFeesAccept = "Object Repository/RAD_Pages/ServiceFeeAccept_Page": null

2023-11-01 15:35:36 - [TEST_STEP][PASSED] - selectOptionByLabel(findTestObject(orPath_Landing + "/dd_TaxType"), Paymenttype, false): All options with label 'Quarterly Estimated Tax' are selected in object 'Object Repository/RAD_Pages/Landing_Page/dd_TaxType' 

2023-11-01 15:35:37 - [MESSAGE][PASSED] - All options with label 'Quarterly Estimated Tax' are selected in object 'Object Repository/RAD_Pages/Landing_Page/dd_TaxType' 

2023-11-01 15:35:37 - [TEST_STEP][PASSED] - delay(1): Delayed 1 second(s)

2023-11-01 15:35:38 - [MESSAGE][PASSED] - Delayed 1 second(s)

2023-11-01 15:35:38 - [TEST_STEP][PASSED] - switch (Paymenttype): null

2023-11-01 15:35:38 - [TEST_STEP][PASSED] - case "Quarterly Estimated Tax":: null

2023-11-01 15:35:38 - [TEST_STEP][PASSED] - selectOptionByLabel(findTestObject(orPath_TaxTypeFilingYear + "/select_PaymentType"), Taxtype, false): All options with label 'PTE Tax Electing S Corp' are selected in object 'Object Repository/RAD_Pages/TaxTypeFilingYear_Page/select_PaymentType' 

2023-11-01 15:35:38 - [MESSAGE][PASSED] - All options with label 'PTE Tax Electing S Corp' are selected in object 'Object Repository/RAD_Pages/TaxTypeFilingYear_Page/select_PaymentType' 

2023-11-01 15:35:38 - [TEST_STEP][PASSED] - break: null

2023-11-01 15:35:38 - [TEST_STEP][PASSED] - delay(1): Delayed 1 second(s)

2023-11-01 15:35:39 - [MESSAGE][PASSED] - Delayed 1 second(s)

2023-11-01 15:35:39 - [TEST_STEP][PASSED] - scrollToElement(findTestObject(orPath_Amount + "/input__paymentAmount"), 2, CONTINUE_ON_FAILURE): Scroll to object 'Object Repository/RAD_Pages/PaymentAmount_Page/input__paymentAmount' successfully

2023-11-01 15:35:40 - [MESSAGE][PASSED] - Scroll to object 'Object Repository/RAD_Pages/PaymentAmount_Page/input__paymentAmount' successfully

2023-11-01 15:35:40 - [TEST_STEP][PASSED] - switch (Paymenttype): null

2023-11-01 15:35:40 - [TEST_STEP][PASSED] - case "Quarterly Estimated Tax":: null

2023-11-01 15:35:40 - [TEST_STEP][PASSED] - setEncryptedText(findTestObject(orPath_TaxInfo + "/input_TaxInfo_FeinSsn_New_2"), "RigbBhfdqODKcAsiUrg+1Q=="): Text ****** has been set on object 'Object Repository/RAD_Pages/TaxInfo_Page/input_TaxInfo_FeinSsn_New_2'

2023-11-01 15:35:40 - [MESSAGE][PASSED] - Text ****** has been set on object 'Object Repository/RAD_Pages/TaxInfo_Page/input_TaxInfo_FeinSsn_New_2'

2023-11-01 15:35:40 - [TEST_STEP][PASSED] - setEncryptedText(findTestObject(orPath_TaxInfo + "/input_TaxInfo_RetypeFeinSsn_New_2"), "RigbBhfdqOD+04WBHw5iKw=="): Text ****** has been set on object 'Object Repository/RAD_Pages/TaxInfo_Page/input_TaxInfo_RetypeFeinSsn_New_2'

2023-11-01 15:35:41 - [MESSAGE][PASSED] - Text ****** has been set on object 'Object Repository/RAD_Pages/TaxInfo_Page/input_TaxInfo_RetypeFeinSsn_New_2'

2023-11-01 15:35:41 - [TEST_STEP][PASSED] - break: null

2023-11-01 15:35:41 - [TEST_STEP][PASSED] - setText(findTestObject(orPath_Amount + "/input__paymentAmount"), ""): Text '' is set on object 'Object Repository/RAD_Pages/PaymentAmount_Page/input__paymentAmount'

2023-11-01 15:35:41 - [MESSAGE][PASSED] - Text '' is set on object 'Object Repository/RAD_Pages/PaymentAmount_Page/input__paymentAmount'

2023-11-01 15:35:41 - [TEST_STEP][PASSED] - if (verifyTextPresent("The FEIN/SSN and Re-type FEIN/SSN do not match", true)): null

2023-11-01 15:35:42 - [MESSAGE][PASSED] - Text 'The FEIN/SSN and Re-type FEIN/SSN do not match' is present on page  using regular expression

2023-11-01 15:35:42 - [TEST_STEP][PASSED] - println("Error Message is present on the page"): null

2023-11-01 15:35:42 - [TEST_STEP][PASSED] - out.println("Pass Record Number: " + row): null

2023-11-01 15:35:42 - [TEST_STEP][PASSED] - resText = "Pass": null

2023-11-01 15:35:42 - [TEST_STEP][PASSED] - pages.WriteExcel.demoKey(resText, datText, resColumn, datCloumn, fileLoc, nameSheet, row): pages.WriteExcel.demoKey is PASSED

2023-11-01 15:35:42 - [MESSAGE][PASSED] - pages.WriteExcel.demoKey is PASSED

2023-11-01 15:35:42 - [TEST_STEP][PASSED] - ExecuteTC = findTestData(dataFile).getValue("Execute", row): null

2023-11-01 15:35:42 - [TEST_STEP][PASSED] - Taxtype = findTestData(dataFile).getValue("TaxType", row): null

2023-11-01 15:35:42 - [TEST_STEP][PASSED] - Paymenttype = findTestData(dataFile).getValue("PaymentType", row): null

2023-11-01 15:35:42 - [TEST_STEP][PASSED] - out.println("Value of Execute is : " + ExecuteTC): null

2023-11-01 15:35:42 - [TEST_STEP][PASSED] - if (ExecuteTC.equalsIgnoreCase("Y")): null

2023-11-01 15:35:42 - [TEST_STEP][PASSED] - out.println("Begin Record Number: " + row): null

2023-11-01 15:35:42 - [TEST_STEP][PASSED] - today = new java.util.Date(): null

2023-11-01 15:35:42 - [TEST_STEP][PASSED] - println(today): null

2023-11-01 15:35:42 - [TEST_STEP][PASSED] - datText = today: null

2023-11-01 15:35:42 - [TEST_STEP][PASSED] - Taxtype = findTestData(dataFile).getValue("TaxType", row): null

2023-11-01 15:35:42 - [TEST_STEP][PASSED] - out.println("Taxtype value is : " + Taxtype): null

2023-11-01 15:35:42 - [TEST_STEP][PASSED] - openBrowser(""): Browser is opened with url: ''

2023-11-01 15:35:42 - [MESSAGE][WARNING] - A browser is already opened. Closing browser and opening a new one

2023-11-01 15:35:43 - [MESSAGE][INFO] - Starting 'Chrome' driver

2023-11-01 15:35:43 - [MESSAGE][INFO] - User set preference: ['acceptInsecureCerts', 'true']

2023-11-01 15:35:43 - [MESSAGE][INFO] - Action delay is set to 0 milliseconds

2023-11-01 15:35:45 - [MESSAGE][PASSED] - Browser is opened with url: ''

2023-11-01 15:35:45 - [TEST_STEP][PASSED] - maximizeWindow(): Current window maximized

2023-11-01 15:35:45 - [MESSAGE][PASSED] - Current window maximized

2023-11-01 15:35:45 - [TEST_STEP][PASSED] - navigateToUrl(RADurl): Navigate to 'https://qa2.velocitypayment.com/client/rad/index.html' successfully

2023-11-01 15:35:47 - [MESSAGE][PASSED] - Navigate to 'https://qa2.velocitypayment.com/client/rad/index.html' successfully

2023-11-01 15:35:47 - [TEST_STEP][PASSED] - orPath_Landing = "Object Repository/RAD_Pages/Landing_Page": null

2023-11-01 15:35:47 - [TEST_STEP][PASSED] - orPath_TaxTypeFilingYear = "Object Repository/RAD_Pages/TaxTypeFilingYear_Page": null

2023-11-01 15:35:47 - [TEST_STEP][PASSED] - orPath_TaxPayer = "Object Repository/RAD_Pages/Taxpayer_Page": null

2023-11-01 15:35:47 - [TEST_STEP][PASSED] - orPath_AddressContact = "Object Repository/RAD_Pages/AddressAndContactInfo_Page": null

2023-11-01 15:35:47 - [TEST_STEP][PASSED] - orPath_FilingStatus = "Object Repository/RAD_Pages/FilingStatus_Page": null

2023-11-01 15:35:47 - [TEST_STEP][PASSED] - orPath_Amount = "Object Repository/RAD_Pages/PaymentAmount_Page": null

2023-11-01 15:35:47 - [TEST_STEP][PASSED] - orPath_TaxInfo = "Object Repository/RAD_Pages/TaxInfo_Page": null

2023-11-01 15:35:47 - [TEST_STEP][PASSED] - orPath_Withholding = "Object Repository/RAD_Pages/Withholding_Page": null

2023-11-01 15:35:47 - [TEST_STEP][PASSED] - orPath_Summary = "Object Repository/RAD_Pages/Summary_Page": null

2023-11-01 15:35:47 - [TEST_STEP][PASSED] - orPath_PaymentReady = "Object Repository/RAD_Pages/PaymentReady_Page": null

2023-11-01 15:35:47 - [TEST_STEP][PASSED] - orPath_PaymentEntry = "Object Repository/RAD_Pages/PaymentEntry_Page": null

2023-11-01 15:35:47 - [TEST_STEP][PASSED] - orPath_PaymentConfirmation = "Object Repository/RAD_Pages/PaymentConfirmation_Page": null

2023-11-01 15:35:47 - [TEST_STEP][PASSED] - orPath_ServiceFeesAccept = "Object Repository/RAD_Pages/ServiceFeeAccept_Page": null

2023-11-01 15:35:47 - [TEST_STEP][PASSED] - selectOptionByLabel(findTestObject(orPath_Landing + "/dd_TaxType"), Paymenttype, false): All options with label 'Extension Payments' are selected in object 'Object Repository/RAD_Pages/Landing_Page/dd_TaxType' 

2023-11-01 15:35:47 - [MESSAGE][PASSED] - All options with label 'Extension Payments' are selected in object 'Object Repository/RAD_Pages/Landing_Page/dd_TaxType' 

2023-11-01 15:35:47 - [TEST_STEP][PASSED] - delay(1): Delayed 1 second(s)

2023-11-01 15:35:48 - [MESSAGE][PASSED] - Delayed 1 second(s)

2023-11-01 15:35:48 - [TEST_STEP][PASSED] - switch (Paymenttype): null

2023-11-01 15:35:48 - [TEST_STEP][PASSED] - case "Extension Payments":: null

2023-11-01 15:35:48 - [TEST_STEP][PASSED] - selectOptionByLabel(findTestObject(orPath_TaxTypeFilingYear + "/select_PaymentType"), Taxtype, false): All options with label 'PTE Non-Electing Non-S Corp' are selected in object 'Object Repository/RAD_Pages/TaxTypeFilingYear_Page/select_PaymentType' 

2023-11-01 15:35:49 - [MESSAGE][PASSED] - All options with label 'PTE Non-Electing Non-S Corp' are selected in object 'Object Repository/RAD_Pages/TaxTypeFilingYear_Page/select_PaymentType' 

2023-11-01 15:35:49 - [TEST_STEP][PASSED] - break: null

2023-11-01 15:35:49 - [TEST_STEP][PASSED] - delay(1): Delayed 1 second(s)

2023-11-01 15:35:50 - [MESSAGE][PASSED] - Delayed 1 second(s)

2023-11-01 15:35:50 - [TEST_STEP][PASSED] - scrollToElement(findTestObject(orPath_Amount + "/input__paymentAmount"), 2, CONTINUE_ON_FAILURE): Scroll to object 'Object Repository/RAD_Pages/PaymentAmount_Page/input__paymentAmount' successfully

2023-11-01 15:35:50 - [MESSAGE][PASSED] - Scroll to object 'Object Repository/RAD_Pages/PaymentAmount_Page/input__paymentAmount' successfully

2023-11-01 15:35:50 - [TEST_STEP][PASSED] - switch (Paymenttype): null

2023-11-01 15:35:50 - [TEST_STEP][PASSED] - case "Extension Payments":: null

2023-11-01 15:35:50 - [TEST_STEP][PASSED] - setEncryptedText(findTestObject(orPath_TaxInfo + "/input_TaxInfo_FeinSsn_New_2"), "RigbBhfdqODKcAsiUrg+1Q=="): Text ****** has been set on object 'Object Repository/RAD_Pages/TaxInfo_Page/input_TaxInfo_FeinSsn_New_2'

2023-11-01 15:35:51 - [MESSAGE][PASSED] - Text ****** has been set on object 'Object Repository/RAD_Pages/TaxInfo_Page/input_TaxInfo_FeinSsn_New_2'

2023-11-01 15:35:51 - [TEST_STEP][PASSED] - setEncryptedText(findTestObject(orPath_TaxInfo + "/input_TaxInfo_RetypeFeinSsn_New_2"), "RigbBhfdqOD+04WBHw5iKw=="): Text ****** has been set on object 'Object Repository/RAD_Pages/TaxInfo_Page/input_TaxInfo_RetypeFeinSsn_New_2'

2023-11-01 15:35:51 - [MESSAGE][PASSED] - Text ****** has been set on object 'Object Repository/RAD_Pages/TaxInfo_Page/input_TaxInfo_RetypeFeinSsn_New_2'

2023-11-01 15:35:51 - [TEST_STEP][PASSED] - break: null

2023-11-01 15:35:51 - [TEST_STEP][PASSED] - setText(findTestObject(orPath_Amount + "/input__paymentAmount"), ""): Text '' is set on object 'Object Repository/RAD_Pages/PaymentAmount_Page/input__paymentAmount'

2023-11-01 15:35:52 - [MESSAGE][PASSED] - Text '' is set on object 'Object Repository/RAD_Pages/PaymentAmount_Page/input__paymentAmount'

2023-11-01 15:35:52 - [TEST_STEP][PASSED] - if (verifyTextPresent("The FEIN/SSN and Re-type FEIN/SSN do not match", true)): null

2023-11-01 15:35:53 - [MESSAGE][PASSED] - Text 'The FEIN/SSN and Re-type FEIN/SSN do not match' is present on page  using regular expression

2023-11-01 15:35:53 - [TEST_STEP][PASSED] - println("Error Message is present on the page"): null

2023-11-01 15:35:53 - [TEST_STEP][PASSED] - out.println("Pass Record Number: " + row): null

2023-11-01 15:35:53 - [TEST_STEP][PASSED] - resText = "Pass": null

2023-11-01 15:35:53 - [TEST_STEP][PASSED] - pages.WriteExcel.demoKey(resText, datText, resColumn, datCloumn, fileLoc, nameSheet, row): pages.WriteExcel.demoKey is PASSED

2023-11-01 15:35:53 - [MESSAGE][PASSED] - pages.WriteExcel.demoKey is PASSED

2023-11-01 15:35:53 - [TEST_STEP][PASSED] - ExecuteTC = findTestData(dataFile).getValue("Execute", row): null

2023-11-01 15:35:53 - [TEST_STEP][PASSED] - Taxtype = findTestData(dataFile).getValue("TaxType", row): null

2023-11-01 15:35:53 - [TEST_STEP][PASSED] - Paymenttype = findTestData(dataFile).getValue("PaymentType", row): null

2023-11-01 15:35:53 - [TEST_STEP][PASSED] - out.println("Value of Execute is : " + ExecuteTC): null

2023-11-01 15:35:53 - [TEST_STEP][PASSED] - if (ExecuteTC.equalsIgnoreCase("Y")): null

2023-11-01 15:35:53 - [TEST_STEP][PASSED] - out.println("Begin Record Number: " + row): null

2023-11-01 15:35:53 - [TEST_STEP][PASSED] - today = new java.util.Date(): null

2023-11-01 15:35:53 - [TEST_STEP][PASSED] - println(today): null

2023-11-01 15:35:53 - [TEST_STEP][PASSED] - datText = today: null

2023-11-01 15:35:53 - [TEST_STEP][PASSED] - Taxtype = findTestData(dataFile).getValue("TaxType", row): null

2023-11-01 15:35:53 - [TEST_STEP][PASSED] - out.println("Taxtype value is : " + Taxtype): null

2023-11-01 15:35:53 - [TEST_STEP][PASSED] - openBrowser(""): Browser is opened with url: ''

2023-11-01 15:35:53 - [MESSAGE][WARNING] - A browser is already opened. Closing browser and opening a new one

2023-11-01 15:35:54 - [MESSAGE][INFO] - Starting 'Chrome' driver

2023-11-01 15:35:54 - [MESSAGE][INFO] - User set preference: ['acceptInsecureCerts', 'true']

2023-11-01 15:35:54 - [MESSAGE][INFO] - Action delay is set to 0 milliseconds

2023-11-01 15:35:55 - [MESSAGE][PASSED] - Browser is opened with url: ''

2023-11-01 15:35:55 - [TEST_STEP][PASSED] - maximizeWindow(): Current window maximized

2023-11-01 15:35:56 - [MESSAGE][PASSED] - Current window maximized

2023-11-01 15:35:56 - [TEST_STEP][PASSED] - navigateToUrl(RADurl): Navigate to 'https://qa2.velocitypayment.com/client/rad/index.html' successfully

2023-11-01 15:35:57 - [MESSAGE][PASSED] - Navigate to 'https://qa2.velocitypayment.com/client/rad/index.html' successfully

2023-11-01 15:35:57 - [TEST_STEP][PASSED] - orPath_Landing = "Object Repository/RAD_Pages/Landing_Page": null

2023-11-01 15:35:57 - [TEST_STEP][PASSED] - orPath_TaxTypeFilingYear = "Object Repository/RAD_Pages/TaxTypeFilingYear_Page": null

2023-11-01 15:35:57 - [TEST_STEP][PASSED] - orPath_TaxPayer = "Object Repository/RAD_Pages/Taxpayer_Page": null

2023-11-01 15:35:57 - [TEST_STEP][PASSED] - orPath_AddressContact = "Object Repository/RAD_Pages/AddressAndContactInfo_Page": null

2023-11-01 15:35:57 - [TEST_STEP][PASSED] - orPath_FilingStatus = "Object Repository/RAD_Pages/FilingStatus_Page": null

2023-11-01 15:35:57 - [TEST_STEP][PASSED] - orPath_Amount = "Object Repository/RAD_Pages/PaymentAmount_Page": null

2023-11-01 15:35:57 - [TEST_STEP][PASSED] - orPath_TaxInfo = "Object Repository/RAD_Pages/TaxInfo_Page": null

2023-11-01 15:35:57 - [TEST_STEP][PASSED] - orPath_Withholding = "Object Repository/RAD_Pages/Withholding_Page": null

2023-11-01 15:35:57 - [TEST_STEP][PASSED] - orPath_Summary = "Object Repository/RAD_Pages/Summary_Page": null

2023-11-01 15:35:57 - [TEST_STEP][PASSED] - orPath_PaymentReady = "Object Repository/RAD_Pages/PaymentReady_Page": null

2023-11-01 15:35:57 - [TEST_STEP][PASSED] - orPath_PaymentEntry = "Object Repository/RAD_Pages/PaymentEntry_Page": null

2023-11-01 15:35:57 - [TEST_STEP][PASSED] - orPath_PaymentConfirmation = "Object Repository/RAD_Pages/PaymentConfirmation_Page": null

2023-11-01 15:35:57 - [TEST_STEP][PASSED] - orPath_ServiceFeesAccept = "Object Repository/RAD_Pages/ServiceFeeAccept_Page": null

2023-11-01 15:35:57 - [TEST_STEP][PASSED] - selectOptionByLabel(findTestObject(orPath_Landing + "/dd_TaxType"), Paymenttype, false): All options with label 'Extension Payments' are selected in object 'Object Repository/RAD_Pages/Landing_Page/dd_TaxType' 

2023-11-01 15:35:58 - [MESSAGE][PASSED] - All options with label 'Extension Payments' are selected in object 'Object Repository/RAD_Pages/Landing_Page/dd_TaxType' 

2023-11-01 15:35:58 - [TEST_STEP][PASSED] - delay(1): Delayed 1 second(s)

2023-11-01 15:35:59 - [MESSAGE][PASSED] - Delayed 1 second(s)

2023-11-01 15:35:59 - [TEST_STEP][PASSED] - switch (Paymenttype): null

2023-11-01 15:35:59 - [TEST_STEP][PASSED] - case "Extension Payments":: null

2023-11-01 15:35:59 - [TEST_STEP][PASSED] - selectOptionByLabel(findTestObject(orPath_TaxTypeFilingYear + "/select_PaymentType"), Taxtype, false): All options with label 'PTE Non-Electing S Corp' are selected in object 'Object Repository/RAD_Pages/TaxTypeFilingYear_Page/select_PaymentType' 

2023-11-01 15:35:59 - [MESSAGE][PASSED] - All options with label 'PTE Non-Electing S Corp' are selected in object 'Object Repository/RAD_Pages/TaxTypeFilingYear_Page/select_PaymentType' 

2023-11-01 15:35:59 - [TEST_STEP][PASSED] - break: null

2023-11-01 15:35:59 - [TEST_STEP][PASSED] - delay(1): Delayed 1 second(s)

2023-11-01 15:36:00 - [MESSAGE][PASSED] - Delayed 1 second(s)

2023-11-01 15:36:00 - [TEST_STEP][PASSED] - scrollToElement(findTestObject(orPath_Amount + "/input__paymentAmount"), 2, CONTINUE_ON_FAILURE): Scroll to object 'Object Repository/RAD_Pages/PaymentAmount_Page/input__paymentAmount' successfully

2023-11-01 15:36:01 - [MESSAGE][PASSED] - Scroll to object 'Object Repository/RAD_Pages/PaymentAmount_Page/input__paymentAmount' successfully

2023-11-01 15:36:01 - [TEST_STEP][PASSED] - switch (Paymenttype): null

2023-11-01 15:36:01 - [TEST_STEP][PASSED] - case "Extension Payments":: null

2023-11-01 15:36:01 - [TEST_STEP][PASSED] - setEncryptedText(findTestObject(orPath_TaxInfo + "/input_TaxInfo_FeinSsn_New_2"), "RigbBhfdqODKcAsiUrg+1Q=="): Text ****** has been set on object 'Object Repository/RAD_Pages/TaxInfo_Page/input_TaxInfo_FeinSsn_New_2'

2023-11-01 15:36:01 - [MESSAGE][PASSED] - Text ****** has been set on object 'Object Repository/RAD_Pages/TaxInfo_Page/input_TaxInfo_FeinSsn_New_2'

2023-11-01 15:36:01 - [TEST_STEP][PASSED] - setEncryptedText(findTestObject(orPath_TaxInfo + "/input_TaxInfo_RetypeFeinSsn_New_2"), "RigbBhfdqOD+04WBHw5iKw=="): Text ****** has been set on object 'Object Repository/RAD_Pages/TaxInfo_Page/input_TaxInfo_RetypeFeinSsn_New_2'

2023-11-01 15:36:02 - [MESSAGE][PASSED] - Text ****** has been set on object 'Object Repository/RAD_Pages/TaxInfo_Page/input_TaxInfo_RetypeFeinSsn_New_2'

2023-11-01 15:36:02 - [TEST_STEP][PASSED] - break: null

2023-11-01 15:36:02 - [TEST_STEP][PASSED] - setText(findTestObject(orPath_Amount + "/input__paymentAmount"), ""): Text '' is set on object 'Object Repository/RAD_Pages/PaymentAmount_Page/input__paymentAmount'

2023-11-01 15:36:02 - [MESSAGE][PASSED] - Text '' is set on object 'Object Repository/RAD_Pages/PaymentAmount_Page/input__paymentAmount'

2023-11-01 15:36:02 - [TEST_STEP][PASSED] - if (verifyTextPresent("The FEIN/SSN and Re-type FEIN/SSN do not match", true)): null

2023-11-01 15:36:03 - [MESSAGE][PASSED] - Text 'The FEIN/SSN and Re-type FEIN/SSN do not match' is present on page  using regular expression

2023-11-01 15:36:03 - [TEST_STEP][PASSED] - println("Error Message is present on the page"): null

2023-11-01 15:36:03 - [TEST_STEP][PASSED] - out.println("Pass Record Number: " + row): null

2023-11-01 15:36:03 - [TEST_STEP][PASSED] - resText = "Pass": null

2023-11-01 15:36:03 - [TEST_STEP][PASSED] - pages.WriteExcel.demoKey(resText, datText, resColumn, datCloumn, fileLoc, nameSheet, row): pages.WriteExcel.demoKey is PASSED

2023-11-01 15:36:03 - [MESSAGE][PASSED] - pages.WriteExcel.demoKey is PASSED

2023-11-01 15:36:03 - [TEST_STEP][PASSED] - ExecuteTC = findTestData(dataFile).getValue("Execute", row): null

2023-11-01 15:36:03 - [TEST_STEP][PASSED] - Taxtype = findTestData(dataFile).getValue("TaxType", row): null

2023-11-01 15:36:03 - [TEST_STEP][PASSED] - Paymenttype = findTestData(dataFile).getValue("PaymentType", row): null

2023-11-01 15:36:03 - [TEST_STEP][PASSED] - out.println("Value of Execute is : " + ExecuteTC): null

2023-11-01 15:36:03 - [TEST_STEP][PASSED] - if (ExecuteTC.equalsIgnoreCase("Y")): null

2023-11-01 15:36:03 - [TEST_STEP][PASSED] - out.println("Begin Record Number: " + row): null

2023-11-01 15:36:03 - [TEST_STEP][PASSED] - today = new java.util.Date(): null

2023-11-01 15:36:03 - [TEST_STEP][PASSED] - println(today): null

2023-11-01 15:36:03 - [TEST_STEP][PASSED] - datText = today: null

2023-11-01 15:36:03 - [TEST_STEP][PASSED] - Taxtype = findTestData(dataFile).getValue("TaxType", row): null

2023-11-01 15:36:03 - [TEST_STEP][PASSED] - out.println("Taxtype value is : " + Taxtype): null

2023-11-01 15:36:03 - [TEST_STEP][PASSED] - openBrowser(""): Browser is opened with url: ''

2023-11-01 15:36:03 - [MESSAGE][WARNING] - A browser is already opened. Closing browser and opening a new one

2023-11-01 15:36:04 - [MESSAGE][INFO] - Starting 'Chrome' driver

2023-11-01 15:36:04 - [MESSAGE][INFO] - User set preference: ['acceptInsecureCerts', 'true']

2023-11-01 15:36:04 - [MESSAGE][INFO] - Action delay is set to 0 milliseconds

2023-11-01 15:36:06 - [MESSAGE][PASSED] - Browser is opened with url: ''

2023-11-01 15:36:06 - [TEST_STEP][PASSED] - maximizeWindow(): Current window maximized

2023-11-01 15:36:06 - [MESSAGE][PASSED] - Current window maximized

2023-11-01 15:36:06 - [TEST_STEP][PASSED] - navigateToUrl(RADurl): Navigate to 'https://qa2.velocitypayment.com/client/rad/index.html' successfully

2023-11-01 15:36:07 - [MESSAGE][PASSED] - Navigate to 'https://qa2.velocitypayment.com/client/rad/index.html' successfully

2023-11-01 15:36:07 - [TEST_STEP][PASSED] - orPath_Landing = "Object Repository/RAD_Pages/Landing_Page": null

2023-11-01 15:36:07 - [TEST_STEP][PASSED] - orPath_TaxTypeFilingYear = "Object Repository/RAD_Pages/TaxTypeFilingYear_Page": null

2023-11-01 15:36:07 - [TEST_STEP][PASSED] - orPath_TaxPayer = "Object Repository/RAD_Pages/Taxpayer_Page": null

2023-11-01 15:36:07 - [TEST_STEP][PASSED] - orPath_AddressContact = "Object Repository/RAD_Pages/AddressAndContactInfo_Page": null

2023-11-01 15:36:07 - [TEST_STEP][PASSED] - orPath_FilingStatus = "Object Repository/RAD_Pages/FilingStatus_Page": null

2023-11-01 15:36:07 - [TEST_STEP][PASSED] - orPath_Amount = "Object Repository/RAD_Pages/PaymentAmount_Page": null

2023-11-01 15:36:07 - [TEST_STEP][PASSED] - orPath_TaxInfo = "Object Repository/RAD_Pages/TaxInfo_Page": null

2023-11-01 15:36:07 - [TEST_STEP][PASSED] - orPath_Withholding = "Object Repository/RAD_Pages/Withholding_Page": null

2023-11-01 15:36:07 - [TEST_STEP][PASSED] - orPath_Summary = "Object Repository/RAD_Pages/Summary_Page": null

2023-11-01 15:36:07 - [TEST_STEP][PASSED] - orPath_PaymentReady = "Object Repository/RAD_Pages/PaymentReady_Page": null

2023-11-01 15:36:07 - [TEST_STEP][PASSED] - orPath_PaymentEntry = "Object Repository/RAD_Pages/PaymentEntry_Page": null

2023-11-01 15:36:07 - [TEST_STEP][PASSED] - orPath_PaymentConfirmation = "Object Repository/RAD_Pages/PaymentConfirmation_Page": null

2023-11-01 15:36:07 - [TEST_STEP][PASSED] - orPath_ServiceFeesAccept = "Object Repository/RAD_Pages/ServiceFeeAccept_Page": null

2023-11-01 15:36:07 - [TEST_STEP][PASSED] - selectOptionByLabel(findTestObject(orPath_Landing + "/dd_TaxType"), Paymenttype, false): All options with label 'Extension Payments' are selected in object 'Object Repository/RAD_Pages/Landing_Page/dd_TaxType' 

2023-11-01 15:36:08 - [MESSAGE][PASSED] - All options with label 'Extension Payments' are selected in object 'Object Repository/RAD_Pages/Landing_Page/dd_TaxType' 

2023-11-01 15:36:08 - [TEST_STEP][PASSED] - delay(1): Delayed 1 second(s)

2023-11-01 15:36:09 - [MESSAGE][PASSED] - Delayed 1 second(s)

2023-11-01 15:36:09 - [TEST_STEP][PASSED] - switch (Paymenttype): null

2023-11-01 15:36:09 - [TEST_STEP][PASSED] - case "Extension Payments":: null

2023-11-01 15:36:09 - [TEST_STEP][PASSED] - selectOptionByLabel(findTestObject(orPath_TaxTypeFilingYear + "/select_PaymentType"), Taxtype, false): All options with label 'PTE Tax Electing Non-S Corp' are selected in object 'Object Repository/RAD_Pages/TaxTypeFilingYear_Page/select_PaymentType' 

2023-11-01 15:36:10 - [MESSAGE][PASSED] - All options with label 'PTE Tax Electing Non-S Corp' are selected in object 'Object Repository/RAD_Pages/TaxTypeFilingYear_Page/select_PaymentType' 

2023-11-01 15:36:10 - [TEST_STEP][PASSED] - break: null

2023-11-01 15:36:10 - [TEST_STEP][PASSED] - delay(1): Delayed 1 second(s)

2023-11-01 15:36:11 - [MESSAGE][PASSED] - Delayed 1 second(s)

2023-11-01 15:36:11 - [TEST_STEP][PASSED] - scrollToElement(findTestObject(orPath_Amount + "/input__paymentAmount"), 2, CONTINUE_ON_FAILURE): Scroll to object 'Object Repository/RAD_Pages/PaymentAmount_Page/input__paymentAmount' successfully

2023-11-01 15:36:11 - [MESSAGE][PASSED] - Scroll to object 'Object Repository/RAD_Pages/PaymentAmount_Page/input__paymentAmount' successfully

2023-11-01 15:36:11 - [TEST_STEP][PASSED] - switch (Paymenttype): null

2023-11-01 15:36:11 - [TEST_STEP][PASSED] - case "Extension Payments":: null

2023-11-01 15:36:11 - [TEST_STEP][PASSED] - setEncryptedText(findTestObject(orPath_TaxInfo + "/input_TaxInfo_FeinSsn_New_2"), "RigbBhfdqODKcAsiUrg+1Q=="): Text ****** has been set on object 'Object Repository/RAD_Pages/TaxInfo_Page/input_TaxInfo_FeinSsn_New_2'

2023-11-01 15:36:12 - [MESSAGE][PASSED] - Text ****** has been set on object 'Object Repository/RAD_Pages/TaxInfo_Page/input_TaxInfo_FeinSsn_New_2'

2023-11-01 15:36:12 - [TEST_STEP][PASSED] - setEncryptedText(findTestObject(orPath_TaxInfo + "/input_TaxInfo_RetypeFeinSsn_New_2"), "RigbBhfdqOD+04WBHw5iKw=="): Text ****** has been set on object 'Object Repository/RAD_Pages/TaxInfo_Page/input_TaxInfo_RetypeFeinSsn_New_2'

2023-11-01 15:36:12 - [MESSAGE][PASSED] - Text ****** has been set on object 'Object Repository/RAD_Pages/TaxInfo_Page/input_TaxInfo_RetypeFeinSsn_New_2'

2023-11-01 15:36:12 - [TEST_STEP][PASSED] - break: null

2023-11-01 15:36:12 - [TEST_STEP][PASSED] - setText(findTestObject(orPath_Amount + "/input__paymentAmount"), ""): Text '' is set on object 'Object Repository/RAD_Pages/PaymentAmount_Page/input__paymentAmount'

2023-11-01 15:36:13 - [MESSAGE][PASSED] - Text '' is set on object 'Object Repository/RAD_Pages/PaymentAmount_Page/input__paymentAmount'

2023-11-01 15:36:13 - [TEST_STEP][PASSED] - if (verifyTextPresent("The FEIN/SSN and Re-type FEIN/SSN do not match", true)): null

2023-11-01 15:36:13 - [MESSAGE][PASSED] - Text 'The FEIN/SSN and Re-type FEIN/SSN do not match' is present on page  using regular expression

2023-11-01 15:36:13 - [TEST_STEP][PASSED] - println("Error Message is present on the page"): null

2023-11-01 15:36:13 - [TEST_STEP][PASSED] - out.println("Pass Record Number: " + row): null

2023-11-01 15:36:13 - [TEST_STEP][PASSED] - resText = "Pass": null

2023-11-01 15:36:13 - [TEST_STEP][PASSED] - pages.WriteExcel.demoKey(resText, datText, resColumn, datCloumn, fileLoc, nameSheet, row): pages.WriteExcel.demoKey is PASSED

2023-11-01 15:36:14 - [MESSAGE][PASSED] - pages.WriteExcel.demoKey is PASSED

2023-11-01 15:36:14 - [TEST_STEP][PASSED] - ExecuteTC = findTestData(dataFile).getValue("Execute", row): null

2023-11-01 15:36:14 - [TEST_STEP][PASSED] - Taxtype = findTestData(dataFile).getValue("TaxType", row): null

2023-11-01 15:36:14 - [TEST_STEP][PASSED] - Paymenttype = findTestData(dataFile).getValue("PaymentType", row): null

2023-11-01 15:36:14 - [TEST_STEP][PASSED] - out.println("Value of Execute is : " + ExecuteTC): null

2023-11-01 15:36:14 - [TEST_STEP][PASSED] - if (ExecuteTC.equalsIgnoreCase("Y")): null

2023-11-01 15:36:14 - [TEST_STEP][PASSED] - out.println("Begin Record Number: " + row): null

2023-11-01 15:36:14 - [TEST_STEP][PASSED] - today = new java.util.Date(): null

2023-11-01 15:36:14 - [TEST_STEP][PASSED] - println(today): null

2023-11-01 15:36:14 - [TEST_STEP][PASSED] - datText = today: null

2023-11-01 15:36:14 - [TEST_STEP][PASSED] - Taxtype = findTestData(dataFile).getValue("TaxType", row): null

2023-11-01 15:36:14 - [TEST_STEP][PASSED] - out.println("Taxtype value is : " + Taxtype): null

2023-11-01 15:36:14 - [TEST_STEP][PASSED] - openBrowser(""): Browser is opened with url: ''

2023-11-01 15:36:14 - [MESSAGE][WARNING] - A browser is already opened. Closing browser and opening a new one

2023-11-01 15:36:15 - [MESSAGE][INFO] - Starting 'Chrome' driver

2023-11-01 15:36:15 - [MESSAGE][INFO] - User set preference: ['acceptInsecureCerts', 'true']

2023-11-01 15:36:15 - [MESSAGE][INFO] - Action delay is set to 0 milliseconds

2023-11-01 15:36:16 - [MESSAGE][PASSED] - Browser is opened with url: ''

2023-11-01 15:36:16 - [TEST_STEP][PASSED] - maximizeWindow(): Current window maximized

2023-11-01 15:36:16 - [MESSAGE][PASSED] - Current window maximized

2023-11-01 15:36:16 - [TEST_STEP][PASSED] - navigateToUrl(RADurl): Navigate to 'https://qa2.velocitypayment.com/client/rad/index.html' successfully

2023-11-01 15:36:18 - [MESSAGE][PASSED] - Navigate to 'https://qa2.velocitypayment.com/client/rad/index.html' successfully

2023-11-01 15:36:18 - [TEST_STEP][PASSED] - orPath_Landing = "Object Repository/RAD_Pages/Landing_Page": null

2023-11-01 15:36:18 - [TEST_STEP][PASSED] - orPath_TaxTypeFilingYear = "Object Repository/RAD_Pages/TaxTypeFilingYear_Page": null

2023-11-01 15:36:18 - [TEST_STEP][PASSED] - orPath_TaxPayer = "Object Repository/RAD_Pages/Taxpayer_Page": null

2023-11-01 15:36:18 - [TEST_STEP][PASSED] - orPath_AddressContact = "Object Repository/RAD_Pages/AddressAndContactInfo_Page": null

2023-11-01 15:36:18 - [TEST_STEP][PASSED] - orPath_FilingStatus = "Object Repository/RAD_Pages/FilingStatus_Page": null

2023-11-01 15:36:18 - [TEST_STEP][PASSED] - orPath_Amount = "Object Repository/RAD_Pages/PaymentAmount_Page": null

2023-11-01 15:36:18 - [TEST_STEP][PASSED] - orPath_TaxInfo = "Object Repository/RAD_Pages/TaxInfo_Page": null

2023-11-01 15:36:18 - [TEST_STEP][PASSED] - orPath_Withholding = "Object Repository/RAD_Pages/Withholding_Page": null

2023-11-01 15:36:18 - [TEST_STEP][PASSED] - orPath_Summary = "Object Repository/RAD_Pages/Summary_Page": null

2023-11-01 15:36:18 - [TEST_STEP][PASSED] - orPath_PaymentReady = "Object Repository/RAD_Pages/PaymentReady_Page": null

2023-11-01 15:36:18 - [TEST_STEP][PASSED] - orPath_PaymentEntry = "Object Repository/RAD_Pages/PaymentEntry_Page": null

2023-11-01 15:36:18 - [TEST_STEP][PASSED] - orPath_PaymentConfirmation = "Object Repository/RAD_Pages/PaymentConfirmation_Page": null

2023-11-01 15:36:18 - [TEST_STEP][PASSED] - orPath_ServiceFeesAccept = "Object Repository/RAD_Pages/ServiceFeeAccept_Page": null

2023-11-01 15:36:18 - [TEST_STEP][PASSED] - selectOptionByLabel(findTestObject(orPath_Landing + "/dd_TaxType"), Paymenttype, false): All options with label 'Extension Payments' are selected in object 'Object Repository/RAD_Pages/Landing_Page/dd_TaxType' 

2023-11-01 15:36:19 - [MESSAGE][PASSED] - All options with label 'Extension Payments' are selected in object 'Object Repository/RAD_Pages/Landing_Page/dd_TaxType' 

2023-11-01 15:36:19 - [TEST_STEP][PASSED] - delay(1): Delayed 1 second(s)

2023-11-01 15:36:20 - [MESSAGE][PASSED] - Delayed 1 second(s)

2023-11-01 15:36:20 - [TEST_STEP][PASSED] - switch (Paymenttype): null

2023-11-01 15:36:20 - [TEST_STEP][PASSED] - case "Extension Payments":: null

2023-11-01 15:36:20 - [TEST_STEP][PASSED] - selectOptionByLabel(findTestObject(orPath_TaxTypeFilingYear + "/select_PaymentType"), Taxtype, false): All options with label 'PTE Tax Electing S Corp' are selected in object 'Object Repository/RAD_Pages/TaxTypeFilingYear_Page/select_PaymentType' 

2023-11-01 15:36:20 - [MESSAGE][PASSED] - All options with label 'PTE Tax Electing S Corp' are selected in object 'Object Repository/RAD_Pages/TaxTypeFilingYear_Page/select_PaymentType' 

2023-11-01 15:36:20 - [TEST_STEP][PASSED] - break: null

2023-11-01 15:36:20 - [TEST_STEP][PASSED] - delay(1): Delayed 1 second(s)

2023-11-01 15:36:21 - [MESSAGE][PASSED] - Delayed 1 second(s)

2023-11-01 15:36:21 - [TEST_STEP][PASSED] - scrollToElement(findTestObject(orPath_Amount + "/input__paymentAmount"), 2, CONTINUE_ON_FAILURE): Scroll to object 'Object Repository/RAD_Pages/PaymentAmount_Page/input__paymentAmount' successfully

2023-11-01 15:36:21 - [MESSAGE][PASSED] - Scroll to object 'Object Repository/RAD_Pages/PaymentAmount_Page/input__paymentAmount' successfully

2023-11-01 15:36:21 - [TEST_STEP][PASSED] - switch (Paymenttype): null

2023-11-01 15:36:21 - [TEST_STEP][PASSED] - case "Extension Payments":: null

2023-11-01 15:36:21 - [TEST_STEP][PASSED] - setEncryptedText(findTestObject(orPath_TaxInfo + "/input_TaxInfo_FeinSsn_New_2"), "RigbBhfdqODKcAsiUrg+1Q=="): Text ****** has been set on object 'Object Repository/RAD_Pages/TaxInfo_Page/input_TaxInfo_FeinSsn_New_2'

2023-11-01 15:36:22 - [MESSAGE][PASSED] - Text ****** has been set on object 'Object Repository/RAD_Pages/TaxInfo_Page/input_TaxInfo_FeinSsn_New_2'

2023-11-01 15:36:22 - [TEST_STEP][PASSED] - setEncryptedText(findTestObject(orPath_TaxInfo + "/input_TaxInfo_RetypeFeinSsn_New_2"), "RigbBhfdqOD+04WBHw5iKw=="): Text ****** has been set on object 'Object Repository/RAD_Pages/TaxInfo_Page/input_TaxInfo_RetypeFeinSsn_New_2'

2023-11-01 15:36:23 - [MESSAGE][PASSED] - Text ****** has been set on object 'Object Repository/RAD_Pages/TaxInfo_Page/input_TaxInfo_RetypeFeinSsn_New_2'

2023-11-01 15:36:23 - [TEST_STEP][PASSED] - break: null

2023-11-01 15:36:23 - [TEST_STEP][PASSED] - setText(findTestObject(orPath_Amount + "/input__paymentAmount"), ""): Text '' is set on object 'Object Repository/RAD_Pages/PaymentAmount_Page/input__paymentAmount'

2023-11-01 15:36:23 - [MESSAGE][PASSED] - Text '' is set on object 'Object Repository/RAD_Pages/PaymentAmount_Page/input__paymentAmount'

2023-11-01 15:36:23 - [TEST_STEP][PASSED] - if (verifyTextPresent("The FEIN/SSN and Re-type FEIN/SSN do not match", true)): null

2023-11-01 15:36:24 - [MESSAGE][PASSED] - Text 'The FEIN/SSN and Re-type FEIN/SSN do not match' is present on page  using regular expression

2023-11-01 15:36:24 - [TEST_STEP][PASSED] - println("Error Message is present on the page"): null

2023-11-01 15:36:24 - [TEST_STEP][PASSED] - out.println("Pass Record Number: " + row): null

2023-11-01 15:36:24 - [TEST_STEP][PASSED] - resText = "Pass": null

2023-11-01 15:36:24 - [TEST_STEP][PASSED] - pages.WriteExcel.demoKey(resText, datText, resColumn, datCloumn, fileLoc, nameSheet, row): pages.WriteExcel.demoKey is PASSED

2023-11-01 15:36:24 - [MESSAGE][PASSED] - pages.WriteExcel.demoKey is PASSED

2023-11-01 15:36:24 - [TEST_STEP][PASSED] - ExecuteTC = findTestData(dataFile).getValue("Execute", row): null

2023-11-01 15:36:24 - [TEST_STEP][PASSED] - Taxtype = findTestData(dataFile).getValue("TaxType", row): null

2023-11-01 15:36:24 - [TEST_STEP][PASSED] - Paymenttype = findTestData(dataFile).getValue("PaymentType", row): null

2023-11-01 15:36:24 - [TEST_STEP][PASSED] - out.println("Value of Execute is : " + ExecuteTC): null

2023-11-01 15:36:24 - [TEST_STEP][PASSED] - if (ExecuteTC.equalsIgnoreCase("Y")): null

2023-11-01 15:36:24 - [TEST_STEP][PASSED] - out.println("Begin Record Number: " + row): null

2023-11-01 15:36:24 - [TEST_STEP][PASSED] - today = new java.util.Date(): null

2023-11-01 15:36:24 - [TEST_STEP][PASSED] - println(today): null

2023-11-01 15:36:24 - [TEST_STEP][PASSED] - datText = today: null

2023-11-01 15:36:24 - [TEST_STEP][PASSED] - Taxtype = findTestData(dataFile).getValue("TaxType", row): null

2023-11-01 15:36:24 - [TEST_STEP][PASSED] - out.println("Taxtype value is : " + Taxtype): null

2023-11-01 15:36:24 - [TEST_STEP][PASSED] - openBrowser(""): Browser is opened with url: ''

2023-11-01 15:36:24 - [MESSAGE][WARNING] - A browser is already opened. Closing browser and opening a new one

2023-11-01 15:36:25 - [MESSAGE][INFO] - Starting 'Chrome' driver

2023-11-01 15:36:25 - [MESSAGE][INFO] - User set preference: ['acceptInsecureCerts', 'true']

2023-11-01 15:36:25 - [MESSAGE][INFO] - Action delay is set to 0 milliseconds

2023-11-01 15:36:27 - [MESSAGE][PASSED] - Browser is opened with url: ''

2023-11-01 15:36:27 - [TEST_STEP][PASSED] - maximizeWindow(): Current window maximized

2023-11-01 15:36:27 - [MESSAGE][PASSED] - Current window maximized

2023-11-01 15:36:27 - [TEST_STEP][PASSED] - navigateToUrl(RADurl): Navigate to 'https://qa2.velocitypayment.com/client/rad/index.html' successfully

2023-11-01 15:36:27 - [MESSAGE][PASSED] - Navigate to 'https://qa2.velocitypayment.com/client/rad/index.html' successfully

2023-11-01 15:36:27 - [TEST_STEP][PASSED] - orPath_Landing = "Object Repository/RAD_Pages/Landing_Page": null

2023-11-01 15:36:27 - [TEST_STEP][PASSED] - orPath_TaxTypeFilingYear = "Object Repository/RAD_Pages/TaxTypeFilingYear_Page": null

2023-11-01 15:36:27 - [TEST_STEP][PASSED] - orPath_TaxPayer = "Object Repository/RAD_Pages/Taxpayer_Page": null

2023-11-01 15:36:27 - [TEST_STEP][PASSED] - orPath_AddressContact = "Object Repository/RAD_Pages/AddressAndContactInfo_Page": null

2023-11-01 15:36:27 - [TEST_STEP][PASSED] - orPath_FilingStatus = "Object Repository/RAD_Pages/FilingStatus_Page": null

2023-11-01 15:36:27 - [TEST_STEP][PASSED] - orPath_Amount = "Object Repository/RAD_Pages/PaymentAmount_Page": null

2023-11-01 15:36:27 - [TEST_STEP][PASSED] - orPath_TaxInfo = "Object Repository/RAD_Pages/TaxInfo_Page": null

2023-11-01 15:36:27 - [TEST_STEP][PASSED] - orPath_Withholding = "Object Repository/RAD_Pages/Withholding_Page": null

2023-11-01 15:36:27 - [TEST_STEP][PASSED] - orPath_Summary = "Object Repository/RAD_Pages/Summary_Page": null

2023-11-01 15:36:27 - [TEST_STEP][PASSED] - orPath_PaymentReady = "Object Repository/RAD_Pages/PaymentReady_Page": null

2023-11-01 15:36:27 - [TEST_STEP][PASSED] - orPath_PaymentEntry = "Object Repository/RAD_Pages/PaymentEntry_Page": null

2023-11-01 15:36:27 - [TEST_STEP][PASSED] - orPath_PaymentConfirmation = "Object Repository/RAD_Pages/PaymentConfirmation_Page": null

2023-11-01 15:36:27 - [TEST_STEP][PASSED] - orPath_ServiceFeesAccept = "Object Repository/RAD_Pages/ServiceFeeAccept_Page": null

2023-11-01 15:36:27 - [TEST_STEP][PASSED] - selectOptionByLabel(findTestObject(orPath_Landing + "/dd_TaxType"), Paymenttype, false): All options with label 'New Tax Return Amount Due' are selected in object 'Object Repository/RAD_Pages/Landing_Page/dd_TaxType' 

2023-11-01 15:36:29 - [MESSAGE][PASSED] - All options with label 'New Tax Return Amount Due' are selected in object 'Object Repository/RAD_Pages/Landing_Page/dd_TaxType' 

2023-11-01 15:36:29 - [TEST_STEP][PASSED] - delay(1): Delayed 1 second(s)

2023-11-01 15:36:30 - [MESSAGE][PASSED] - Delayed 1 second(s)

2023-11-01 15:36:30 - [TEST_STEP][PASSED] - switch (Paymenttype): null

2023-11-01 15:36:30 - [TEST_STEP][PASSED] - case "New Tax Return Amount Due":: null

2023-11-01 15:36:30 - [TEST_STEP][PASSED] - selectOptionByLabel(findTestObject("Object Repository/RAD_Pages/Landing_Page/select_NewTaxReturnAmountDue_TaxType"), Taxtype, false): All options with label 'PTE Non-Electing Non-S Corp' are selected in object 'Object Repository/RAD_Pages/Landing_Page/select_NewTaxReturnAmountDue_TaxType' 

2023-11-01 15:36:31 - [MESSAGE][PASSED] - All options with label 'PTE Non-Electing Non-S Corp' are selected in object 'Object Repository/RAD_Pages/Landing_Page/select_NewTaxReturnAmountDue_TaxType' 

2023-11-01 15:36:31 - [TEST_STEP][PASSED] - break: null

2023-11-01 15:36:31 - [TEST_STEP][PASSED] - delay(1): Delayed 1 second(s)

2023-11-01 15:36:32 - [MESSAGE][PASSED] - Delayed 1 second(s)

2023-11-01 15:36:32 - [TEST_STEP][PASSED] - scrollToElement(findTestObject(orPath_Amount + "/input__paymentAmount"), 2, CONTINUE_ON_FAILURE): Scroll to object 'Object Repository/RAD_Pages/PaymentAmount_Page/input__paymentAmount' successfully

2023-11-01 15:36:32 - [MESSAGE][PASSED] - Scroll to object 'Object Repository/RAD_Pages/PaymentAmount_Page/input__paymentAmount' successfully

2023-11-01 15:36:32 - [TEST_STEP][PASSED] - switch (Paymenttype): null

2023-11-01 15:36:32 - [TEST_STEP][PASSED] - case "New Tax Return Amount Due":: null

2023-11-01 15:36:32 - [TEST_STEP][PASSED] - setEncryptedText(findTestObject(orPath_TaxInfo + "/input_TaxInfo_FeinSsn_New_2"), "RigbBhfdqODKcAsiUrg+1Q=="): Text ****** has been set on object 'Object Repository/RAD_Pages/TaxInfo_Page/input_TaxInfo_FeinSsn_New_2'

2023-11-01 15:36:33 - [MESSAGE][PASSED] - Text ****** has been set on object 'Object Repository/RAD_Pages/TaxInfo_Page/input_TaxInfo_FeinSsn_New_2'

2023-11-01 15:36:33 - [TEST_STEP][PASSED] - setEncryptedText(findTestObject(orPath_TaxInfo + "/input_TaxInfo_RetypeFeinSsn_New_2"), "RigbBhfdqOD+04WBHw5iKw=="): Text ****** has been set on object 'Object Repository/RAD_Pages/TaxInfo_Page/input_TaxInfo_RetypeFeinSsn_New_2'

2023-11-01 15:36:33 - [MESSAGE][PASSED] - Text ****** has been set on object 'Object Repository/RAD_Pages/TaxInfo_Page/input_TaxInfo_RetypeFeinSsn_New_2'

2023-11-01 15:36:33 - [TEST_STEP][PASSED] - break: null

2023-11-01 15:36:33 - [TEST_STEP][PASSED] - setText(findTestObject(orPath_Amount + "/input__paymentAmount"), ""): Text '' is set on object 'Object Repository/RAD_Pages/PaymentAmount_Page/input__paymentAmount'

2023-11-01 15:36:34 - [MESSAGE][PASSED] - Text '' is set on object 'Object Repository/RAD_Pages/PaymentAmount_Page/input__paymentAmount'

2023-11-01 15:36:34 - [TEST_STEP][PASSED] - if (verifyTextPresent("The FEIN/SSN and Re-type FEIN/SSN do not match", true)): null

2023-11-01 15:36:34 - [MESSAGE][PASSED] - Text 'The FEIN/SSN and Re-type FEIN/SSN do not match' is present on page  using regular expression

2023-11-01 15:36:34 - [TEST_STEP][PASSED] - println("Error Message is present on the page"): null

2023-11-01 15:36:34 - [TEST_STEP][PASSED] - out.println("Pass Record Number: " + row): null

2023-11-01 15:36:34 - [TEST_STEP][PASSED] - resText = "Pass": null

2023-11-01 15:36:34 - [TEST_STEP][PASSED] - pages.WriteExcel.demoKey(resText, datText, resColumn, datCloumn, fileLoc, nameSheet, row): pages.WriteExcel.demoKey is PASSED

2023-11-01 15:36:34 - [MESSAGE][PASSED] - pages.WriteExcel.demoKey is PASSED

2023-11-01 15:36:34 - [TEST_STEP][PASSED] - ExecuteTC = findTestData(dataFile).getValue("Execute", row): null

2023-11-01 15:36:34 - [TEST_STEP][PASSED] - Taxtype = findTestData(dataFile).getValue("TaxType", row): null

2023-11-01 15:36:35 - [TEST_STEP][PASSED] - Paymenttype = findTestData(dataFile).getValue("PaymentType", row): null

2023-11-01 15:36:35 - [TEST_STEP][PASSED] - out.println("Value of Execute is : " + ExecuteTC): null

2023-11-01 15:36:35 - [TEST_STEP][PASSED] - if (ExecuteTC.equalsIgnoreCase("Y")): null

2023-11-01 15:36:35 - [TEST_STEP][PASSED] - out.println("Begin Record Number: " + row): null

2023-11-01 15:36:35 - [TEST_STEP][PASSED] - today = new java.util.Date(): null

2023-11-01 15:36:35 - [TEST_STEP][PASSED] - println(today): null

2023-11-01 15:36:35 - [TEST_STEP][PASSED] - datText = today: null

2023-11-01 15:36:35 - [TEST_STEP][PASSED] - Taxtype = findTestData(dataFile).getValue("TaxType", row): null

2023-11-01 15:36:35 - [TEST_STEP][PASSED] - out.println("Taxtype value is : " + Taxtype): null

2023-11-01 15:36:35 - [TEST_STEP][PASSED] - openBrowser(""): Browser is opened with url: ''

2023-11-01 15:36:35 - [MESSAGE][WARNING] - A browser is already opened. Closing browser and opening a new one

2023-11-01 15:36:36 - [MESSAGE][INFO] - Starting 'Chrome' driver

2023-11-01 15:36:36 - [MESSAGE][INFO] - User set preference: ['acceptInsecureCerts', 'true']

2023-11-01 15:36:36 - [MESSAGE][INFO] - Action delay is set to 0 milliseconds

2023-11-01 15:36:37 - [MESSAGE][PASSED] - Browser is opened with url: ''

2023-11-01 15:36:37 - [TEST_STEP][PASSED] - maximizeWindow(): Current window maximized

2023-11-01 15:36:37 - [MESSAGE][PASSED] - Current window maximized

2023-11-01 15:36:37 - [TEST_STEP][PASSED] - navigateToUrl(RADurl): Navigate to 'https://qa2.velocitypayment.com/client/rad/index.html' successfully

2023-11-01 15:36:37 - [MESSAGE][PASSED] - Navigate to 'https://qa2.velocitypayment.com/client/rad/index.html' successfully

2023-11-01 15:36:37 - [TEST_STEP][PASSED] - orPath_Landing = "Object Repository/RAD_Pages/Landing_Page": null

2023-11-01 15:36:37 - [TEST_STEP][PASSED] - orPath_TaxTypeFilingYear = "Object Repository/RAD_Pages/TaxTypeFilingYear_Page": null

2023-11-01 15:36:37 - [TEST_STEP][PASSED] - orPath_TaxPayer = "Object Repository/RAD_Pages/Taxpayer_Page": null

2023-11-01 15:36:37 - [TEST_STEP][PASSED] - orPath_AddressContact = "Object Repository/RAD_Pages/AddressAndContactInfo_Page": null

2023-11-01 15:36:37 - [TEST_STEP][PASSED] - orPath_FilingStatus = "Object Repository/RAD_Pages/FilingStatus_Page": null

2023-11-01 15:36:37 - [TEST_STEP][PASSED] - orPath_Amount = "Object Repository/RAD_Pages/PaymentAmount_Page": null

2023-11-01 15:36:37 - [TEST_STEP][PASSED] - orPath_TaxInfo = "Object Repository/RAD_Pages/TaxInfo_Page": null

2023-11-01 15:36:37 - [TEST_STEP][PASSED] - orPath_Withholding = "Object Repository/RAD_Pages/Withholding_Page": null

2023-11-01 15:36:37 - [TEST_STEP][PASSED] - orPath_Summary = "Object Repository/RAD_Pages/Summary_Page": null

2023-11-01 15:36:37 - [TEST_STEP][PASSED] - orPath_PaymentReady = "Object Repository/RAD_Pages/PaymentReady_Page": null

2023-11-01 15:36:37 - [TEST_STEP][PASSED] - orPath_PaymentEntry = "Object Repository/RAD_Pages/PaymentEntry_Page": null

2023-11-01 15:36:37 - [TEST_STEP][PASSED] - orPath_PaymentConfirmation = "Object Repository/RAD_Pages/PaymentConfirmation_Page": null

2023-11-01 15:36:37 - [TEST_STEP][PASSED] - orPath_ServiceFeesAccept = "Object Repository/RAD_Pages/ServiceFeeAccept_Page": null

2023-11-01 15:36:37 - [TEST_STEP][PASSED] - selectOptionByLabel(findTestObject(orPath_Landing + "/dd_TaxType"), Paymenttype, false): All options with label 'New Tax Return Amount Due' are selected in object 'Object Repository/RAD_Pages/Landing_Page/dd_TaxType' 

2023-11-01 15:36:39 - [MESSAGE][PASSED] - All options with label 'New Tax Return Amount Due' are selected in object 'Object Repository/RAD_Pages/Landing_Page/dd_TaxType' 

2023-11-01 15:36:39 - [TEST_STEP][PASSED] - delay(1): Delayed 1 second(s)

2023-11-01 15:36:40 - [MESSAGE][PASSED] - Delayed 1 second(s)

2023-11-01 15:36:40 - [TEST_STEP][PASSED] - switch (Paymenttype): null

2023-11-01 15:36:40 - [TEST_STEP][PASSED] - case "New Tax Return Amount Due":: null

2023-11-01 15:36:40 - [TEST_STEP][PASSED] - selectOptionByLabel(findTestObject("Object Repository/RAD_Pages/Landing_Page/select_NewTaxReturnAmountDue_TaxType"), Taxtype, false): All options with label 'PTE Non-Electing S Corp' are selected in object 'Object Repository/RAD_Pages/Landing_Page/select_NewTaxReturnAmountDue_TaxType' 

2023-11-01 15:36:41 - [MESSAGE][PASSED] - All options with label 'PTE Non-Electing S Corp' are selected in object 'Object Repository/RAD_Pages/Landing_Page/select_NewTaxReturnAmountDue_TaxType' 

2023-11-01 15:36:41 - [TEST_STEP][PASSED] - break: null

2023-11-01 15:36:41 - [TEST_STEP][PASSED] - delay(1): Delayed 1 second(s)

2023-11-01 15:36:42 - [MESSAGE][PASSED] - Delayed 1 second(s)

2023-11-01 15:36:42 - [TEST_STEP][PASSED] - scrollToElement(findTestObject(orPath_Amount + "/input__paymentAmount"), 2, CONTINUE_ON_FAILURE): Scroll to object 'Object Repository/RAD_Pages/PaymentAmount_Page/input__paymentAmount' successfully

2023-11-01 15:36:42 - [MESSAGE][PASSED] - Scroll to object 'Object Repository/RAD_Pages/PaymentAmount_Page/input__paymentAmount' successfully

2023-11-01 15:36:42 - [TEST_STEP][PASSED] - switch (Paymenttype): null

2023-11-01 15:36:42 - [TEST_STEP][PASSED] - case "New Tax Return Amount Due":: null

2023-11-01 15:36:42 - [TEST_STEP][PASSED] - setEncryptedText(findTestObject(orPath_TaxInfo + "/input_TaxInfo_FeinSsn_New_2"), "RigbBhfdqODKcAsiUrg+1Q=="): Text ****** has been set on object 'Object Repository/RAD_Pages/TaxInfo_Page/input_TaxInfo_FeinSsn_New_2'

2023-11-01 15:36:43 - [MESSAGE][PASSED] - Text ****** has been set on object 'Object Repository/RAD_Pages/TaxInfo_Page/input_TaxInfo_FeinSsn_New_2'

2023-11-01 15:36:43 - [TEST_STEP][PASSED] - setEncryptedText(findTestObject(orPath_TaxInfo + "/input_TaxInfo_RetypeFeinSsn_New_2"), "RigbBhfdqOD+04WBHw5iKw=="): Text ****** has been set on object 'Object Repository/RAD_Pages/TaxInfo_Page/input_TaxInfo_RetypeFeinSsn_New_2'

2023-11-01 15:36:43 - [MESSAGE][PASSED] - Text ****** has been set on object 'Object Repository/RAD_Pages/TaxInfo_Page/input_TaxInfo_RetypeFeinSsn_New_2'

2023-11-01 15:36:43 - [TEST_STEP][PASSED] - break: null

2023-11-01 15:36:43 - [TEST_STEP][PASSED] - setText(findTestObject(orPath_Amount + "/input__paymentAmount"), ""): Text '' is set on object 'Object Repository/RAD_Pages/PaymentAmount_Page/input__paymentAmount'

2023-11-01 15:36:44 - [MESSAGE][PASSED] - Text '' is set on object 'Object Repository/RAD_Pages/PaymentAmount_Page/input__paymentAmount'

2023-11-01 15:36:44 - [TEST_STEP][PASSED] - if (verifyTextPresent("The FEIN/SSN and Re-type FEIN/SSN do not match", true)): null

2023-11-01 15:36:45 - [MESSAGE][PASSED] - Text 'The FEIN/SSN and Re-type FEIN/SSN do not match' is present on page  using regular expression

2023-11-01 15:36:45 - [TEST_STEP][PASSED] - println("Error Message is present on the page"): null

2023-11-01 15:36:45 - [TEST_STEP][PASSED] - out.println("Pass Record Number: " + row): null

2023-11-01 15:36:45 - [TEST_STEP][PASSED] - resText = "Pass": null

2023-11-01 15:36:45 - [TEST_STEP][PASSED] - pages.WriteExcel.demoKey(resText, datText, resColumn, datCloumn, fileLoc, nameSheet, row): pages.WriteExcel.demoKey is PASSED

2023-11-01 15:36:45 - [MESSAGE][PASSED] - pages.WriteExcel.demoKey is PASSED

2023-11-01 15:36:45 - [TEST_STEP][PASSED] - ExecuteTC = findTestData(dataFile).getValue("Execute", row): null

2023-11-01 15:36:45 - [TEST_STEP][PASSED] - Taxtype = findTestData(dataFile).getValue("TaxType", row): null

2023-11-01 15:36:45 - [TEST_STEP][PASSED] - Paymenttype = findTestData(dataFile).getValue("PaymentType", row): null

2023-11-01 15:36:45 - [TEST_STEP][PASSED] - out.println("Value of Execute is : " + ExecuteTC): null

2023-11-01 15:36:45 - [TEST_STEP][PASSED] - if (ExecuteTC.equalsIgnoreCase("Y")): null

2023-11-01 15:36:45 - [TEST_STEP][PASSED] - out.println("Begin Record Number: " + row): null

2023-11-01 15:36:45 - [TEST_STEP][PASSED] - today = new java.util.Date(): null

2023-11-01 15:36:45 - [TEST_STEP][PASSED] - println(today): null

2023-11-01 15:36:45 - [TEST_STEP][PASSED] - datText = today: null

2023-11-01 15:36:45 - [TEST_STEP][PASSED] - Taxtype = findTestData(dataFile).getValue("TaxType", row): null

2023-11-01 15:36:45 - [TEST_STEP][PASSED] - out.println("Taxtype value is : " + Taxtype): null

2023-11-01 15:36:45 - [TEST_STEP][PASSED] - openBrowser(""): Browser is opened with url: ''

2023-11-01 15:36:45 - [MESSAGE][WARNING] - A browser is already opened. Closing browser and opening a new one

2023-11-01 15:36:46 - [MESSAGE][INFO] - Starting 'Chrome' driver

2023-11-01 15:36:46 - [MESSAGE][INFO] - User set preference: ['acceptInsecureCerts', 'true']

2023-11-01 15:36:46 - [MESSAGE][INFO] - Action delay is set to 0 milliseconds

2023-11-01 15:36:47 - [MESSAGE][PASSED] - Browser is opened with url: ''

2023-11-01 15:36:47 - [TEST_STEP][PASSED] - maximizeWindow(): Current window maximized

2023-11-01 15:36:47 - [MESSAGE][PASSED] - Current window maximized

2023-11-01 15:36:47 - [TEST_STEP][PASSED] - navigateToUrl(RADurl): Navigate to 'https://qa2.velocitypayment.com/client/rad/index.html' successfully

2023-11-01 15:36:49 - [MESSAGE][PASSED] - Navigate to 'https://qa2.velocitypayment.com/client/rad/index.html' successfully

2023-11-01 15:36:49 - [TEST_STEP][PASSED] - orPath_Landing = "Object Repository/RAD_Pages/Landing_Page": null

2023-11-01 15:36:49 - [TEST_STEP][PASSED] - orPath_TaxTypeFilingYear = "Object Repository/RAD_Pages/TaxTypeFilingYear_Page": null

2023-11-01 15:36:49 - [TEST_STEP][PASSED] - orPath_TaxPayer = "Object Repository/RAD_Pages/Taxpayer_Page": null

2023-11-01 15:36:49 - [TEST_STEP][PASSED] - orPath_AddressContact = "Object Repository/RAD_Pages/AddressAndContactInfo_Page": null

2023-11-01 15:36:49 - [TEST_STEP][PASSED] - orPath_FilingStatus = "Object Repository/RAD_Pages/FilingStatus_Page": null

2023-11-01 15:36:49 - [TEST_STEP][PASSED] - orPath_Amount = "Object Repository/RAD_Pages/PaymentAmount_Page": null

2023-11-01 15:36:49 - [TEST_STEP][PASSED] - orPath_TaxInfo = "Object Repository/RAD_Pages/TaxInfo_Page": null

2023-11-01 15:36:49 - [TEST_STEP][PASSED] - orPath_Withholding = "Object Repository/RAD_Pages/Withholding_Page": null

2023-11-01 15:36:49 - [TEST_STEP][PASSED] - orPath_Summary = "Object Repository/RAD_Pages/Summary_Page": null

2023-11-01 15:36:49 - [TEST_STEP][PASSED] - orPath_PaymentReady = "Object Repository/RAD_Pages/PaymentReady_Page": null

2023-11-01 15:36:49 - [TEST_STEP][PASSED] - orPath_PaymentEntry = "Object Repository/RAD_Pages/PaymentEntry_Page": null

2023-11-01 15:36:49 - [TEST_STEP][PASSED] - orPath_PaymentConfirmation = "Object Repository/RAD_Pages/PaymentConfirmation_Page": null

2023-11-01 15:36:49 - [TEST_STEP][PASSED] - orPath_ServiceFeesAccept = "Object Repository/RAD_Pages/ServiceFeeAccept_Page": null

2023-11-01 15:36:49 - [TEST_STEP][PASSED] - selectOptionByLabel(findTestObject(orPath_Landing + "/dd_TaxType"), Paymenttype, false): All options with label 'New Tax Return Amount Due' are selected in object 'Object Repository/RAD_Pages/Landing_Page/dd_TaxType' 

2023-11-01 15:36:50 - [MESSAGE][PASSED] - All options with label 'New Tax Return Amount Due' are selected in object 'Object Repository/RAD_Pages/Landing_Page/dd_TaxType' 

2023-11-01 15:36:50 - [TEST_STEP][PASSED] - delay(1): Delayed 1 second(s)

2023-11-01 15:36:51 - [MESSAGE][PASSED] - Delayed 1 second(s)

2023-11-01 15:36:51 - [TEST_STEP][PASSED] - switch (Paymenttype): null

2023-11-01 15:36:51 - [TEST_STEP][PASSED] - case "New Tax Return Amount Due":: null

2023-11-01 15:36:51 - [TEST_STEP][PASSED] - selectOptionByLabel(findTestObject("Object Repository/RAD_Pages/Landing_Page/select_NewTaxReturnAmountDue_TaxType"), Taxtype, false): All options with label 'PTE Tax Electing Non-S Corp' are selected in object 'Object Repository/RAD_Pages/Landing_Page/select_NewTaxReturnAmountDue_TaxType' 

2023-11-01 15:36:51 - [MESSAGE][PASSED] - All options with label 'PTE Tax Electing Non-S Corp' are selected in object 'Object Repository/RAD_Pages/Landing_Page/select_NewTaxReturnAmountDue_TaxType' 

2023-11-01 15:36:51 - [TEST_STEP][PASSED] - break: null

2023-11-01 15:36:51 - [TEST_STEP][PASSED] - delay(1): Delayed 1 second(s)

2023-11-01 15:36:52 - [MESSAGE][PASSED] - Delayed 1 second(s)

2023-11-01 15:36:52 - [TEST_STEP][PASSED] - scrollToElement(findTestObject(orPath_Amount + "/input__paymentAmount"), 2, CONTINUE_ON_FAILURE): Scroll to object 'Object Repository/RAD_Pages/PaymentAmount_Page/input__paymentAmount' successfully

2023-11-01 15:36:53 - [MESSAGE][PASSED] - Scroll to object 'Object Repository/RAD_Pages/PaymentAmount_Page/input__paymentAmount' successfully

2023-11-01 15:36:53 - [TEST_STEP][PASSED] - switch (Paymenttype): null

2023-11-01 15:36:53 - [TEST_STEP][PASSED] - case "New Tax Return Amount Due":: null

2023-11-01 15:36:53 - [TEST_STEP][PASSED] - setEncryptedText(findTestObject(orPath_TaxInfo + "/input_TaxInfo_FeinSsn_New_2"), "RigbBhfdqODKcAsiUrg+1Q=="): Text ****** has been set on object 'Object Repository/RAD_Pages/TaxInfo_Page/input_TaxInfo_FeinSsn_New_2'

2023-11-01 15:36:53 - [MESSAGE][PASSED] - Text ****** has been set on object 'Object Repository/RAD_Pages/TaxInfo_Page/input_TaxInfo_FeinSsn_New_2'

2023-11-01 15:36:53 - [TEST_STEP][PASSED] - setEncryptedText(findTestObject(orPath_TaxInfo + "/input_TaxInfo_RetypeFeinSsn_New_2"), "RigbBhfdqOD+04WBHw5iKw=="): Text ****** has been set on object 'Object Repository/RAD_Pages/TaxInfo_Page/input_TaxInfo_RetypeFeinSsn_New_2'

2023-11-01 15:36:54 - [MESSAGE][PASSED] - Text ****** has been set on object 'Object Repository/RAD_Pages/TaxInfo_Page/input_TaxInfo_RetypeFeinSsn_New_2'

2023-11-01 15:36:54 - [TEST_STEP][PASSED] - break: null

2023-11-01 15:36:54 - [TEST_STEP][PASSED] - setText(findTestObject(orPath_Amount + "/input__paymentAmount"), ""): Text '' is set on object 'Object Repository/RAD_Pages/PaymentAmount_Page/input__paymentAmount'

2023-11-01 15:36:54 - [MESSAGE][PASSED] - Text '' is set on object 'Object Repository/RAD_Pages/PaymentAmount_Page/input__paymentAmount'

2023-11-01 15:36:54 - [TEST_STEP][PASSED] - if (verifyTextPresent("The FEIN/SSN and Re-type FEIN/SSN do not match", true)): null

2023-11-01 15:36:55 - [MESSAGE][PASSED] - Text 'The FEIN/SSN and Re-type FEIN/SSN do not match' is present on page  using regular expression

2023-11-01 15:36:55 - [TEST_STEP][PASSED] - println("Error Message is present on the page"): null

2023-11-01 15:36:55 - [TEST_STEP][PASSED] - out.println("Pass Record Number: " + row): null

2023-11-01 15:36:55 - [TEST_STEP][PASSED] - resText = "Pass": null

2023-11-01 15:36:55 - [TEST_STEP][PASSED] - pages.WriteExcel.demoKey(resText, datText, resColumn, datCloumn, fileLoc, nameSheet, row): pages.WriteExcel.demoKey is PASSED

2023-11-01 15:36:55 - [MESSAGE][PASSED] - pages.WriteExcel.demoKey is PASSED

2023-11-01 15:36:55 - [TEST_STEP][PASSED] - ExecuteTC = findTestData(dataFile).getValue("Execute", row): null

2023-11-01 15:36:55 - [TEST_STEP][PASSED] - Taxtype = findTestData(dataFile).getValue("TaxType", row): null

2023-11-01 15:36:55 - [TEST_STEP][PASSED] - Paymenttype = findTestData(dataFile).getValue("PaymentType", row): null

2023-11-01 15:36:55 - [TEST_STEP][PASSED] - out.println("Value of Execute is : " + ExecuteTC): null

2023-11-01 15:36:55 - [TEST_STEP][PASSED] - if (ExecuteTC.equalsIgnoreCase("Y")): null

2023-11-01 15:36:55 - [TEST_STEP][PASSED] - out.println("Begin Record Number: " + row): null

2023-11-01 15:36:55 - [TEST_STEP][PASSED] - today = new java.util.Date(): null

2023-11-01 15:36:55 - [TEST_STEP][PASSED] - println(today): null

2023-11-01 15:36:55 - [TEST_STEP][PASSED] - datText = today: null

2023-11-01 15:36:55 - [TEST_STEP][PASSED] - Taxtype = findTestData(dataFile).getValue("TaxType", row): null

2023-11-01 15:36:55 - [TEST_STEP][PASSED] - out.println("Taxtype value is : " + Taxtype): null

2023-11-01 15:36:55 - [TEST_STEP][PASSED] - openBrowser(""): Browser is opened with url: ''

2023-11-01 15:36:55 - [MESSAGE][WARNING] - A browser is already opened. Closing browser and opening a new one

2023-11-01 15:36:56 - [MESSAGE][INFO] - Starting 'Chrome' driver

2023-11-01 15:36:56 - [MESSAGE][INFO] - User set preference: ['acceptInsecureCerts', 'true']

2023-11-01 15:36:56 - [MESSAGE][INFO] - Action delay is set to 0 milliseconds

2023-11-01 15:36:58 - [MESSAGE][PASSED] - Browser is opened with url: ''

2023-11-01 15:36:58 - [TEST_STEP][PASSED] - maximizeWindow(): Current window maximized

2023-11-01 15:36:58 - [MESSAGE][PASSED] - Current window maximized

2023-11-01 15:36:58 - [TEST_STEP][PASSED] - navigateToUrl(RADurl): Navigate to 'https://qa2.velocitypayment.com/client/rad/index.html' successfully

2023-11-01 15:37:00 - [MESSAGE][PASSED] - Navigate to 'https://qa2.velocitypayment.com/client/rad/index.html' successfully

2023-11-01 15:37:00 - [TEST_STEP][PASSED] - orPath_Landing = "Object Repository/RAD_Pages/Landing_Page": null

2023-11-01 15:37:00 - [TEST_STEP][PASSED] - orPath_TaxTypeFilingYear = "Object Repository/RAD_Pages/TaxTypeFilingYear_Page": null

2023-11-01 15:37:00 - [TEST_STEP][PASSED] - orPath_TaxPayer = "Object Repository/RAD_Pages/Taxpayer_Page": null

2023-11-01 15:37:00 - [TEST_STEP][PASSED] - orPath_AddressContact = "Object Repository/RAD_Pages/AddressAndContactInfo_Page": null

2023-11-01 15:37:00 - [TEST_STEP][PASSED] - orPath_FilingStatus = "Object Repository/RAD_Pages/FilingStatus_Page": null

2023-11-01 15:37:00 - [TEST_STEP][PASSED] - orPath_Amount = "Object Repository/RAD_Pages/PaymentAmount_Page": null

2023-11-01 15:37:00 - [TEST_STEP][PASSED] - orPath_TaxInfo = "Object Repository/RAD_Pages/TaxInfo_Page": null

2023-11-01 15:37:00 - [TEST_STEP][PASSED] - orPath_Withholding = "Object Repository/RAD_Pages/Withholding_Page": null

2023-11-01 15:37:00 - [TEST_STEP][PASSED] - orPath_Summary = "Object Repository/RAD_Pages/Summary_Page": null

2023-11-01 15:37:00 - [TEST_STEP][PASSED] - orPath_PaymentReady = "Object Repository/RAD_Pages/PaymentReady_Page": null

2023-11-01 15:37:00 - [TEST_STEP][PASSED] - orPath_PaymentEntry = "Object Repository/RAD_Pages/PaymentEntry_Page": null

2023-11-01 15:37:00 - [TEST_STEP][PASSED] - orPath_PaymentConfirmation = "Object Repository/RAD_Pages/PaymentConfirmation_Page": null

2023-11-01 15:37:00 - [TEST_STEP][PASSED] - orPath_ServiceFeesAccept = "Object Repository/RAD_Pages/ServiceFeeAccept_Page": null

2023-11-01 15:37:00 - [TEST_STEP][PASSED] - selectOptionByLabel(findTestObject(orPath_Landing + "/dd_TaxType"), Paymenttype, false): All options with label 'New Tax Return Amount Due' are selected in object 'Object Repository/RAD_Pages/Landing_Page/dd_TaxType' 

2023-11-01 15:37:00 - [MESSAGE][PASSED] - All options with label 'New Tax Return Amount Due' are selected in object 'Object Repository/RAD_Pages/Landing_Page/dd_TaxType' 

2023-11-01 15:37:00 - [TEST_STEP][PASSED] - delay(1): Delayed 1 second(s)

2023-11-01 15:37:01 - [MESSAGE][PASSED] - Delayed 1 second(s)

2023-11-01 15:37:01 - [TEST_STEP][PASSED] - switch (Paymenttype): null

2023-11-01 15:37:01 - [TEST_STEP][PASSED] - case "New Tax Return Amount Due":: null

2023-11-01 15:37:01 - [TEST_STEP][PASSED] - selectOptionByLabel(findTestObject("Object Repository/RAD_Pages/Landing_Page/select_NewTaxReturnAmountDue_TaxType"), Taxtype, false): All options with label 'PTE Tax Electing S Corp' are selected in object 'Object Repository/RAD_Pages/Landing_Page/select_NewTaxReturnAmountDue_TaxType' 

2023-11-01 15:37:02 - [MESSAGE][PASSED] - All options with label 'PTE Tax Electing S Corp' are selected in object 'Object Repository/RAD_Pages/Landing_Page/select_NewTaxReturnAmountDue_TaxType' 

2023-11-01 15:37:02 - [TEST_STEP][PASSED] - break: null

2023-11-01 15:37:02 - [TEST_STEP][PASSED] - delay(1): Delayed 1 second(s)

2023-11-01 15:37:03 - [MESSAGE][PASSED] - Delayed 1 second(s)

2023-11-01 15:37:03 - [TEST_STEP][PASSED] - scrollToElement(findTestObject(orPath_Amount + "/input__paymentAmount"), 2, CONTINUE_ON_FAILURE): Scroll to object 'Object Repository/RAD_Pages/PaymentAmount_Page/input__paymentAmount' successfully

2023-11-01 15:37:03 - [MESSAGE][PASSED] - Scroll to object 'Object Repository/RAD_Pages/PaymentAmount_Page/input__paymentAmount' successfully

2023-11-01 15:37:03 - [TEST_STEP][PASSED] - switch (Paymenttype): null

2023-11-01 15:37:03 - [TEST_STEP][PASSED] - case "New Tax Return Amount Due":: null

2023-11-01 15:37:03 - [TEST_STEP][PASSED] - setEncryptedText(findTestObject(orPath_TaxInfo + "/input_TaxInfo_FeinSsn_New_2"), "RigbBhfdqODKcAsiUrg+1Q=="): Text ****** has been set on object 'Object Repository/RAD_Pages/TaxInfo_Page/input_TaxInfo_FeinSsn_New_2'

2023-11-01 15:37:04 - [MESSAGE][PASSED] - Text ****** has been set on object 'Object Repository/RAD_Pages/TaxInfo_Page/input_TaxInfo_FeinSsn_New_2'

2023-11-01 15:37:04 - [TEST_STEP][PASSED] - setEncryptedText(findTestObject(orPath_TaxInfo + "/input_TaxInfo_RetypeFeinSsn_New_2"), "RigbBhfdqOD+04WBHw5iKw=="): Text ****** has been set on object 'Object Repository/RAD_Pages/TaxInfo_Page/input_TaxInfo_RetypeFeinSsn_New_2'

2023-11-01 15:37:04 - [MESSAGE][PASSED] - Text ****** has been set on object 'Object Repository/RAD_Pages/TaxInfo_Page/input_TaxInfo_RetypeFeinSsn_New_2'

2023-11-01 15:37:04 - [TEST_STEP][PASSED] - break: null

2023-11-01 15:37:04 - [TEST_STEP][PASSED] - setText(findTestObject(orPath_Amount + "/input__paymentAmount"), ""): Text '' is set on object 'Object Repository/RAD_Pages/PaymentAmount_Page/input__paymentAmount'

2023-11-01 15:37:05 - [MESSAGE][PASSED] - Text '' is set on object 'Object Repository/RAD_Pages/PaymentAmount_Page/input__paymentAmount'

2023-11-01 15:37:05 - [TEST_STEP][PASSED] - if (verifyTextPresent("The FEIN/SSN and Re-type FEIN/SSN do not match", true)): null

2023-11-01 15:37:06 - [MESSAGE][PASSED] - Text 'The FEIN/SSN and Re-type FEIN/SSN do not match' is present on page  using regular expression

2023-11-01 15:37:06 - [TEST_STEP][PASSED] - println("Error Message is present on the page"): null

2023-11-01 15:37:06 - [TEST_STEP][PASSED] - out.println("Pass Record Number: " + row): null

2023-11-01 15:37:06 - [TEST_STEP][PASSED] - resText = "Pass": null

2023-11-01 15:37:06 - [TEST_STEP][PASSED] - pages.WriteExcel.demoKey(resText, datText, resColumn, datCloumn, fileLoc, nameSheet, row): pages.WriteExcel.demoKey is PASSED

2023-11-01 15:37:06 - [MESSAGE][PASSED] - pages.WriteExcel.demoKey is PASSED]]></system-out>
         <system-err><![CDATA[]]></system-err>
      </testcase>
      <testcase name="Test Cases/RAD_TestCases/Negative_TestCases/FEINmoreThan9Error-NEW" time="119.456" classname="Test Cases/RAD_TestCases/Negative_TestCases/FEINmoreThan9Error-NEW" status="PASSED">
         <system-out><![CDATA[2023-11-01 15:37:06 - [TEST_CASE][PASSED] - Test Cases/RAD_TestCases/Negative_TestCases/FEINmoreThan9Error-NEW: Test Cases/RAD_TestCases/Negative_TestCases/FEINmoreThan9Error-NEW

2023-11-01 15:37:06 - [TEST_STEP][PASSED] - resText = "Fail": null

2023-11-01 15:37:06 - [TEST_STEP][PASSED] - resColumn = "Result": null

2023-11-01 15:37:06 - [TEST_STEP][PASSED] - datCloumn = "Date": null

2023-11-01 15:37:06 - [TEST_STEP][PASSED] - fileLoc = "KatalonData/RADTestData/FEINmoreThan9Error.xlsx": null

2023-11-01 15:37:06 - [TEST_STEP][PASSED] - nameSheet = "Sheet1": null

2023-11-01 15:37:06 - [TEST_STEP][PASSED] - dataFile = "RADTestData/FEINmoreThan9Error": null

2023-11-01 15:37:06 - [TEST_STEP][PASSED] - ExecuteTC = <not implemented yet for class: org.codehaus.groovy.ast.expr.EmptyExpression>: null

2023-11-01 15:37:06 - [TEST_STEP][PASSED] - Taxtype = <not implemented yet for class: org.codehaus.groovy.ast.expr.EmptyExpression>: null

2023-11-01 15:37:06 - [TEST_STEP][PASSED] - Paymenttype = <not implemented yet for class: org.codehaus.groovy.ast.expr.EmptyExpression>: null

2023-11-01 15:37:06 - [TEST_STEP][PASSED] - numOfRows = findTestData(dataFile).getRowNumbers(): null

2023-11-01 15:37:06 - [TEST_STEP][PASSED] - println("Number of Records: " + numOfRows): null

2023-11-01 15:37:06 - [TEST_STEP][PASSED] - for ([row = 1, row <= numOfRows, (row++)]): null

2023-11-01 15:37:06 - [TEST_STEP][PASSED] - ExecuteTC = findTestData(dataFile).getValue("Execute", row): null

2023-11-01 15:37:06 - [TEST_STEP][PASSED] - Taxtype = findTestData(dataFile).getValue("TaxType", row): null

2023-11-01 15:37:06 - [TEST_STEP][PASSED] - Paymenttype = findTestData(dataFile).getValue("PaymentType", row): null

2023-11-01 15:37:06 - [TEST_STEP][PASSED] - out.println("Value of Execute is : " + ExecuteTC): null

2023-11-01 15:37:06 - [TEST_STEP][PASSED] - if (ExecuteTC.equalsIgnoreCase("Y")): null

2023-11-01 15:37:06 - [TEST_STEP][PASSED] - out.println("Begin Record Number: " + row): null

2023-11-01 15:37:06 - [TEST_STEP][PASSED] - today = new java.util.Date(): null

2023-11-01 15:37:06 - [TEST_STEP][PASSED] - println(today): null

2023-11-01 15:37:06 - [TEST_STEP][PASSED] - datText = today: null

2023-11-01 15:37:06 - [TEST_STEP][PASSED] - Taxtype = findTestData(dataFile).getValue("TaxType", row): null

2023-11-01 15:37:06 - [TEST_STEP][PASSED] - out.println("Taxtype value is : " + Taxtype): null

2023-11-01 15:37:06 - [TEST_STEP][PASSED] - openBrowser(""): Browser is opened with url: ''

2023-11-01 15:37:06 - [MESSAGE][WARNING] - A browser is already opened. Closing browser and opening a new one

2023-11-01 15:37:07 - [MESSAGE][INFO] - Starting 'Chrome' driver

2023-11-01 15:37:07 - [MESSAGE][INFO] - User set preference: ['acceptInsecureCerts', 'true']

2023-11-01 15:37:07 - [MESSAGE][INFO] - Action delay is set to 0 milliseconds

2023-11-01 15:37:09 - [MESSAGE][PASSED] - Browser is opened with url: ''

2023-11-01 15:37:09 - [TEST_STEP][PASSED] - maximizeWindow(): Current window maximized

2023-11-01 15:37:09 - [MESSAGE][PASSED] - Current window maximized

2023-11-01 15:37:09 - [TEST_STEP][PASSED] - navigateToUrl(RADurl): Navigate to 'https://qa2.velocitypayment.com/client/rad/index.html' successfully

2023-11-01 15:37:11 - [MESSAGE][PASSED] - Navigate to 'https://qa2.velocitypayment.com/client/rad/index.html' successfully

2023-11-01 15:37:11 - [TEST_STEP][PASSED] - orPath_Landing = "Object Repository/RAD_Pages/Landing_Page": null

2023-11-01 15:37:11 - [TEST_STEP][PASSED] - orPath_TaxTypeFilingYear = "Object Repository/RAD_Pages/TaxTypeFilingYear_Page": null

2023-11-01 15:37:11 - [TEST_STEP][PASSED] - orPath_TaxPayer = "Object Repository/RAD_Pages/Taxpayer_Page": null

2023-11-01 15:37:11 - [TEST_STEP][PASSED] - orPath_AddressContact = "Object Repository/RAD_Pages/AddressAndContactInfo_Page": null

2023-11-01 15:37:11 - [TEST_STEP][PASSED] - orPath_FilingStatus = "Object Repository/RAD_Pages/FilingStatus_Page": null

2023-11-01 15:37:11 - [TEST_STEP][PASSED] - orPath_Amount = "Object Repository/RAD_Pages/PaymentAmount_Page": null

2023-11-01 15:37:11 - [TEST_STEP][PASSED] - orPath_TaxInfo = "Object Repository/RAD_Pages/TaxInfo_Page": null

2023-11-01 15:37:11 - [TEST_STEP][PASSED] - orPath_Withholding = "Object Repository/RAD_Pages/Withholding_Page": null

2023-11-01 15:37:11 - [TEST_STEP][PASSED] - orPath_Summary = "Object Repository/RAD_Pages/Summary_Page": null

2023-11-01 15:37:11 - [TEST_STEP][PASSED] - orPath_PaymentReady = "Object Repository/RAD_Pages/PaymentReady_Page": null

2023-11-01 15:37:11 - [TEST_STEP][PASSED] - orPath_PaymentEntry = "Object Repository/RAD_Pages/PaymentEntry_Page": null

2023-11-01 15:37:11 - [TEST_STEP][PASSED] - orPath_PaymentConfirmation = "Object Repository/RAD_Pages/PaymentConfirmation_Page": null

2023-11-01 15:37:11 - [TEST_STEP][PASSED] - orPath_ServiceFeesAccept = "Object Repository/RAD_Pages/ServiceFeeAccept_Page": null

2023-11-01 15:37:11 - [TEST_STEP][PASSED] - selectOptionByLabel(findTestObject(orPath_Landing + "/dd_TaxType"), Paymenttype, false): All options with label 'Existing Liability w/Notice Number' are selected in object 'Object Repository/RAD_Pages/Landing_Page/dd_TaxType' 

2023-11-01 15:37:11 - [MESSAGE][PASSED] - All options with label 'Existing Liability w/Notice Number' are selected in object 'Object Repository/RAD_Pages/Landing_Page/dd_TaxType' 

2023-11-01 15:37:11 - [TEST_STEP][PASSED] - delay(1): Delayed 1 second(s)

2023-11-01 15:37:12 - [MESSAGE][PASSED] - Delayed 1 second(s)

2023-11-01 15:37:12 - [TEST_STEP][PASSED] - switch (Paymenttype): null

2023-11-01 15:37:12 - [TEST_STEP][PASSED] - case "Existing Liability w/Notice Number":: null

2023-11-01 15:37:12 - [TEST_STEP][PASSED] - selectOptionByLabel(findTestObject(orPath_TaxTypeFilingYear + "/select_TaxType_ExistingLiability"), Taxtype, false): All options with label 'Bay Restoration Fee' are selected in object 'Object Repository/RAD_Pages/TaxTypeFilingYear_Page/select_TaxType_ExistingLiability' 

2023-11-01 15:37:13 - [MESSAGE][PASSED] - All options with label 'Bay Restoration Fee' are selected in object 'Object Repository/RAD_Pages/TaxTypeFilingYear_Page/select_TaxType_ExistingLiability' 

2023-11-01 15:37:13 - [TEST_STEP][PASSED] - break: null

2023-11-01 15:37:13 - [TEST_STEP][PASSED] - delay(1): Delayed 1 second(s)

2023-11-01 15:37:14 - [MESSAGE][PASSED] - Delayed 1 second(s)

2023-11-01 15:37:14 - [TEST_STEP][PASSED] - switch (Paymenttype): null

2023-11-01 15:37:14 - [TEST_STEP][PASSED] - case "Existing Liability w/Notice Number":: null

2023-11-01 15:37:14 - [TEST_STEP][PASSED] - setEncryptedText(findTestObject("Object Repository/RAD_RecordAndPlay/input_Existing_FEIN"), "RigbBhfdqOBDK95asqKeHw=="): Text ****** has been set on object 'Object Repository/RAD_RecordAndPlay/input_Existing_FEIN'

2023-11-01 15:37:14 - [MESSAGE][PASSED] - Text ****** has been set on object 'Object Repository/RAD_RecordAndPlay/input_Existing_FEIN'

2023-11-01 15:37:14 - [TEST_STEP][PASSED] - setEncryptedText(findTestObject("Object Repository/RAD_RecordAndPlay/input_Existing_RetypeFEIN"), ""): Text ****** has been set on object 'Object Repository/RAD_RecordAndPlay/input_Existing_RetypeFEIN'

2023-11-01 15:37:15 - [MESSAGE][PASSED] - Text ****** has been set on object 'Object Repository/RAD_RecordAndPlay/input_Existing_RetypeFEIN'

2023-11-01 15:37:15 - [TEST_STEP][PASSED] - break: null

2023-11-01 15:37:15 - [TEST_STEP][PASSED] - verifyTextPresent("Please enter a valid FEIN with 9 digits.", true): Text 'Please enter a valid FEIN with 9 digits.' is present on page  using regular expression

2023-11-01 15:37:16 - [MESSAGE][PASSED] - Text 'Please enter a valid FEIN with 9 digits.' is present on page  using regular expression

2023-11-01 15:37:16 - [TEST_STEP][PASSED] - if (verifyTextPresent("Please enter a valid FEIN with 9 digits.", true)): null

2023-11-01 15:37:16 - [MESSAGE][PASSED] - Text 'Please enter a valid FEIN with 9 digits.' is present on page  using regular expression

2023-11-01 15:37:16 - [TEST_STEP][PASSED] - println("Error Message is present on the page"): null

2023-11-01 15:37:16 - [TEST_STEP][PASSED] - out.println("Pass Record Number: " + row): null

2023-11-01 15:37:16 - [TEST_STEP][PASSED] - resText = "Pass": null

2023-11-01 15:37:16 - [TEST_STEP][PASSED] - pages.WriteExcel.demoKey(resText, datText, resColumn, datCloumn, fileLoc, nameSheet, row): pages.WriteExcel.demoKey is PASSED

2023-11-01 15:37:16 - [MESSAGE][PASSED] - pages.WriteExcel.demoKey is PASSED

2023-11-01 15:37:16 - [TEST_STEP][PASSED] - ExecuteTC = findTestData(dataFile).getValue("Execute", row): null

2023-11-01 15:37:16 - [TEST_STEP][PASSED] - Taxtype = findTestData(dataFile).getValue("TaxType", row): null

2023-11-01 15:37:16 - [TEST_STEP][PASSED] - Paymenttype = findTestData(dataFile).getValue("PaymentType", row): null

2023-11-01 15:37:16 - [TEST_STEP][PASSED] - out.println("Value of Execute is : " + ExecuteTC): null

2023-11-01 15:37:16 - [TEST_STEP][PASSED] - if (ExecuteTC.equalsIgnoreCase("Y")): null

2023-11-01 15:37:16 - [TEST_STEP][PASSED] - out.println("Begin Record Number: " + row): null

2023-11-01 15:37:16 - [TEST_STEP][PASSED] - today = new java.util.Date(): null

2023-11-01 15:37:16 - [TEST_STEP][PASSED] - println(today): null

2023-11-01 15:37:16 - [TEST_STEP][PASSED] - datText = today: null

2023-11-01 15:37:16 - [TEST_STEP][PASSED] - Taxtype = findTestData(dataFile).getValue("TaxType", row): null

2023-11-01 15:37:16 - [TEST_STEP][PASSED] - out.println("Taxtype value is : " + Taxtype): null

2023-11-01 15:37:16 - [TEST_STEP][PASSED] - openBrowser(""): Browser is opened with url: ''

2023-11-01 15:37:16 - [MESSAGE][WARNING] - A browser is already opened. Closing browser and opening a new one

2023-11-01 15:37:17 - [MESSAGE][INFO] - Starting 'Chrome' driver

2023-11-01 15:37:17 - [MESSAGE][INFO] - User set preference: ['acceptInsecureCerts', 'true']

2023-11-01 15:37:17 - [MESSAGE][INFO] - Action delay is set to 0 milliseconds

2023-11-01 15:37:19 - [MESSAGE][PASSED] - Browser is opened with url: ''

2023-11-01 15:37:19 - [TEST_STEP][PASSED] - maximizeWindow(): Current window maximized

2023-11-01 15:37:19 - [MESSAGE][PASSED] - Current window maximized

2023-11-01 15:37:19 - [TEST_STEP][PASSED] - navigateToUrl(RADurl): Navigate to 'https://qa2.velocitypayment.com/client/rad/index.html' successfully

2023-11-01 15:37:20 - [MESSAGE][PASSED] - Navigate to 'https://qa2.velocitypayment.com/client/rad/index.html' successfully

2023-11-01 15:37:20 - [TEST_STEP][PASSED] - orPath_Landing = "Object Repository/RAD_Pages/Landing_Page": null

2023-11-01 15:37:20 - [TEST_STEP][PASSED] - orPath_TaxTypeFilingYear = "Object Repository/RAD_Pages/TaxTypeFilingYear_Page": null

2023-11-01 15:37:20 - [TEST_STEP][PASSED] - orPath_TaxPayer = "Object Repository/RAD_Pages/Taxpayer_Page": null

2023-11-01 15:37:20 - [TEST_STEP][PASSED] - orPath_AddressContact = "Object Repository/RAD_Pages/AddressAndContactInfo_Page": null

2023-11-01 15:37:20 - [TEST_STEP][PASSED] - orPath_FilingStatus = "Object Repository/RAD_Pages/FilingStatus_Page": null

2023-11-01 15:37:20 - [TEST_STEP][PASSED] - orPath_Amount = "Object Repository/RAD_Pages/PaymentAmount_Page": null

2023-11-01 15:37:20 - [TEST_STEP][PASSED] - orPath_TaxInfo = "Object Repository/RAD_Pages/TaxInfo_Page": null

2023-11-01 15:37:20 - [TEST_STEP][PASSED] - orPath_Withholding = "Object Repository/RAD_Pages/Withholding_Page": null

2023-11-01 15:37:20 - [TEST_STEP][PASSED] - orPath_Summary = "Object Repository/RAD_Pages/Summary_Page": null

2023-11-01 15:37:20 - [TEST_STEP][PASSED] - orPath_PaymentReady = "Object Repository/RAD_Pages/PaymentReady_Page": null

2023-11-01 15:37:20 - [TEST_STEP][PASSED] - orPath_PaymentEntry = "Object Repository/RAD_Pages/PaymentEntry_Page": null

2023-11-01 15:37:20 - [TEST_STEP][PASSED] - orPath_PaymentConfirmation = "Object Repository/RAD_Pages/PaymentConfirmation_Page": null

2023-11-01 15:37:20 - [TEST_STEP][PASSED] - orPath_ServiceFeesAccept = "Object Repository/RAD_Pages/ServiceFeeAccept_Page": null

2023-11-01 15:37:20 - [TEST_STEP][PASSED] - selectOptionByLabel(findTestObject(orPath_Landing + "/dd_TaxType"), Paymenttype, false): All options with label 'Existing Liability w/Notice Number' are selected in object 'Object Repository/RAD_Pages/Landing_Page/dd_TaxType' 

2023-11-01 15:37:21 - [MESSAGE][PASSED] - All options with label 'Existing Liability w/Notice Number' are selected in object 'Object Repository/RAD_Pages/Landing_Page/dd_TaxType' 

2023-11-01 15:37:21 - [TEST_STEP][PASSED] - delay(1): Delayed 1 second(s)

2023-11-01 15:37:22 - [MESSAGE][PASSED] - Delayed 1 second(s)

2023-11-01 15:37:22 - [TEST_STEP][PASSED] - switch (Paymenttype): null

2023-11-01 15:37:22 - [TEST_STEP][PASSED] - case "Existing Liability w/Notice Number":: null

2023-11-01 15:37:22 - [TEST_STEP][PASSED] - selectOptionByLabel(findTestObject(orPath_TaxTypeFilingYear + "/select_TaxType_ExistingLiability"), Taxtype, false): All options with label 'Corporate Income Tax' are selected in object 'Object Repository/RAD_Pages/TaxTypeFilingYear_Page/select_TaxType_ExistingLiability' 

2023-11-01 15:37:23 - [MESSAGE][PASSED] - All options with label 'Corporate Income Tax' are selected in object 'Object Repository/RAD_Pages/TaxTypeFilingYear_Page/select_TaxType_ExistingLiability' 

2023-11-01 15:37:23 - [TEST_STEP][PASSED] - break: null

2023-11-01 15:37:23 - [TEST_STEP][PASSED] - delay(1): Delayed 1 second(s)

2023-11-01 15:37:24 - [MESSAGE][PASSED] - Delayed 1 second(s)

2023-11-01 15:37:24 - [TEST_STEP][PASSED] - switch (Paymenttype): null

2023-11-01 15:37:24 - [TEST_STEP][PASSED] - case "Existing Liability w/Notice Number":: null

2023-11-01 15:37:24 - [TEST_STEP][PASSED] - setEncryptedText(findTestObject("Object Repository/RAD_RecordAndPlay/input_Existing_FEIN"), "RigbBhfdqOBDK95asqKeHw=="): Text ****** has been set on object 'Object Repository/RAD_RecordAndPlay/input_Existing_FEIN'

2023-11-01 15:37:24 - [MESSAGE][PASSED] - Text ****** has been set on object 'Object Repository/RAD_RecordAndPlay/input_Existing_FEIN'

2023-11-01 15:37:24 - [TEST_STEP][PASSED] - setEncryptedText(findTestObject("Object Repository/RAD_RecordAndPlay/input_Existing_RetypeFEIN"), ""): Text ****** has been set on object 'Object Repository/RAD_RecordAndPlay/input_Existing_RetypeFEIN'

2023-11-01 15:37:25 - [MESSAGE][PASSED] - Text ****** has been set on object 'Object Repository/RAD_RecordAndPlay/input_Existing_RetypeFEIN'

2023-11-01 15:37:25 - [TEST_STEP][PASSED] - break: null

2023-11-01 15:37:25 - [TEST_STEP][PASSED] - verifyTextPresent("Please enter a valid FEIN with 9 digits.", true): Text 'Please enter a valid FEIN with 9 digits.' is present on page  using regular expression

2023-11-01 15:37:25 - [MESSAGE][PASSED] - Text 'Please enter a valid FEIN with 9 digits.' is present on page  using regular expression

2023-11-01 15:37:25 - [TEST_STEP][PASSED] - if (verifyTextPresent("Please enter a valid FEIN with 9 digits.", true)): null

2023-11-01 15:37:26 - [MESSAGE][PASSED] - Text 'Please enter a valid FEIN with 9 digits.' is present on page  using regular expression

2023-11-01 15:37:26 - [TEST_STEP][PASSED] - println("Error Message is present on the page"): null

2023-11-01 15:37:26 - [TEST_STEP][PASSED] - out.println("Pass Record Number: " + row): null

2023-11-01 15:37:26 - [TEST_STEP][PASSED] - resText = "Pass": null

2023-11-01 15:37:26 - [TEST_STEP][PASSED] - pages.WriteExcel.demoKey(resText, datText, resColumn, datCloumn, fileLoc, nameSheet, row): pages.WriteExcel.demoKey is PASSED

2023-11-01 15:37:26 - [MESSAGE][PASSED] - pages.WriteExcel.demoKey is PASSED

2023-11-01 15:37:26 - [TEST_STEP][PASSED] - ExecuteTC = findTestData(dataFile).getValue("Execute", row): null

2023-11-01 15:37:26 - [TEST_STEP][PASSED] - Taxtype = findTestData(dataFile).getValue("TaxType", row): null

2023-11-01 15:37:26 - [TEST_STEP][PASSED] - Paymenttype = findTestData(dataFile).getValue("PaymentType", row): null

2023-11-01 15:37:26 - [TEST_STEP][PASSED] - out.println("Value of Execute is : " + ExecuteTC): null

2023-11-01 15:37:26 - [TEST_STEP][PASSED] - if (ExecuteTC.equalsIgnoreCase("Y")): null

2023-11-01 15:37:26 - [TEST_STEP][PASSED] - out.println("Begin Record Number: " + row): null

2023-11-01 15:37:26 - [TEST_STEP][PASSED] - today = new java.util.Date(): null

2023-11-01 15:37:26 - [TEST_STEP][PASSED] - println(today): null

2023-11-01 15:37:26 - [TEST_STEP][PASSED] - datText = today: null

2023-11-01 15:37:26 - [TEST_STEP][PASSED] - Taxtype = findTestData(dataFile).getValue("TaxType", row): null

2023-11-01 15:37:26 - [TEST_STEP][PASSED] - out.println("Taxtype value is : " + Taxtype): null

2023-11-01 15:37:26 - [TEST_STEP][PASSED] - openBrowser(""): Browser is opened with url: ''

2023-11-01 15:37:26 - [MESSAGE][WARNING] - A browser is already opened. Closing browser and opening a new one

2023-11-01 15:37:27 - [MESSAGE][INFO] - Starting 'Chrome' driver

2023-11-01 15:37:27 - [MESSAGE][INFO] - User set preference: ['acceptInsecureCerts', 'true']

2023-11-01 15:37:27 - [MESSAGE][INFO] - Action delay is set to 0 milliseconds

2023-11-01 15:37:28 - [MESSAGE][PASSED] - Browser is opened with url: ''

2023-11-01 15:37:28 - [TEST_STEP][PASSED] - maximizeWindow(): Current window maximized

2023-11-01 15:37:29 - [MESSAGE][PASSED] - Current window maximized

2023-11-01 15:37:29 - [TEST_STEP][PASSED] - navigateToUrl(RADurl): Navigate to 'https://qa2.velocitypayment.com/client/rad/index.html' successfully

2023-11-01 15:37:29 - [MESSAGE][PASSED] - Navigate to 'https://qa2.velocitypayment.com/client/rad/index.html' successfully

2023-11-01 15:37:29 - [TEST_STEP][PASSED] - orPath_Landing = "Object Repository/RAD_Pages/Landing_Page": null

2023-11-01 15:37:29 - [TEST_STEP][PASSED] - orPath_TaxTypeFilingYear = "Object Repository/RAD_Pages/TaxTypeFilingYear_Page": null

2023-11-01 15:37:29 - [TEST_STEP][PASSED] - orPath_TaxPayer = "Object Repository/RAD_Pages/Taxpayer_Page": null

2023-11-01 15:37:29 - [TEST_STEP][PASSED] - orPath_AddressContact = "Object Repository/RAD_Pages/AddressAndContactInfo_Page": null

2023-11-01 15:37:29 - [TEST_STEP][PASSED] - orPath_FilingStatus = "Object Repository/RAD_Pages/FilingStatus_Page": null

2023-11-01 15:37:29 - [TEST_STEP][PASSED] - orPath_Amount = "Object Repository/RAD_Pages/PaymentAmount_Page": null

2023-11-01 15:37:29 - [TEST_STEP][PASSED] - orPath_TaxInfo = "Object Repository/RAD_Pages/TaxInfo_Page": null

2023-11-01 15:37:29 - [TEST_STEP][PASSED] - orPath_Withholding = "Object Repository/RAD_Pages/Withholding_Page": null

2023-11-01 15:37:29 - [TEST_STEP][PASSED] - orPath_Summary = "Object Repository/RAD_Pages/Summary_Page": null

2023-11-01 15:37:29 - [TEST_STEP][PASSED] - orPath_PaymentReady = "Object Repository/RAD_Pages/PaymentReady_Page": null

2023-11-01 15:37:29 - [TEST_STEP][PASSED] - orPath_PaymentEntry = "Object Repository/RAD_Pages/PaymentEntry_Page": null

2023-11-01 15:37:29 - [TEST_STEP][PASSED] - orPath_PaymentConfirmation = "Object Repository/RAD_Pages/PaymentConfirmation_Page": null

2023-11-01 15:37:29 - [TEST_STEP][PASSED] - orPath_ServiceFeesAccept = "Object Repository/RAD_Pages/ServiceFeeAccept_Page": null

2023-11-01 15:37:29 - [TEST_STEP][PASSED] - selectOptionByLabel(findTestObject(orPath_Landing + "/dd_TaxType"), Paymenttype, false): All options with label 'Existing Liability w/Notice Number' are selected in object 'Object Repository/RAD_Pages/Landing_Page/dd_TaxType' 

2023-11-01 15:37:31 - [MESSAGE][PASSED] - All options with label 'Existing Liability w/Notice Number' are selected in object 'Object Repository/RAD_Pages/Landing_Page/dd_TaxType' 

2023-11-01 15:37:31 - [TEST_STEP][PASSED] - delay(1): Delayed 1 second(s)

2023-11-01 15:37:32 - [MESSAGE][PASSED] - Delayed 1 second(s)

2023-11-01 15:37:32 - [TEST_STEP][PASSED] - switch (Paymenttype): null

2023-11-01 15:37:32 - [TEST_STEP][PASSED] - case "Existing Liability w/Notice Number":: null

2023-11-01 15:37:32 - [TEST_STEP][PASSED] - selectOptionByLabel(findTestObject(orPath_TaxTypeFilingYear + "/select_TaxType_ExistingLiability"), Taxtype, false): All options with label 'Fiduciary Tax' are selected in object 'Object Repository/RAD_Pages/TaxTypeFilingYear_Page/select_TaxType_ExistingLiability' 

2023-11-01 15:37:32 - [MESSAGE][PASSED] - All options with label 'Fiduciary Tax' are selected in object 'Object Repository/RAD_Pages/TaxTypeFilingYear_Page/select_TaxType_ExistingLiability' 

2023-11-01 15:37:32 - [TEST_STEP][PASSED] - break: null

2023-11-01 15:37:32 - [TEST_STEP][PASSED] - delay(1): Delayed 1 second(s)

2023-11-01 15:37:33 - [MESSAGE][PASSED] - Delayed 1 second(s)

2023-11-01 15:37:33 - [TEST_STEP][PASSED] - switch (Paymenttype): null

2023-11-01 15:37:33 - [TEST_STEP][PASSED] - case "Existing Liability w/Notice Number":: null

2023-11-01 15:37:33 - [TEST_STEP][PASSED] - setEncryptedText(findTestObject("Object Repository/RAD_RecordAndPlay/input_Existing_FEIN"), "RigbBhfdqOBDK95asqKeHw=="): Text ****** has been set on object 'Object Repository/RAD_RecordAndPlay/input_Existing_FEIN'

2023-11-01 15:37:34 - [MESSAGE][PASSED] - Text ****** has been set on object 'Object Repository/RAD_RecordAndPlay/input_Existing_FEIN'

2023-11-01 15:37:34 - [TEST_STEP][PASSED] - setEncryptedText(findTestObject("Object Repository/RAD_RecordAndPlay/input_Existing_RetypeFEIN"), ""): Text ****** has been set on object 'Object Repository/RAD_RecordAndPlay/input_Existing_RetypeFEIN'

2023-11-01 15:37:35 - [MESSAGE][PASSED] - Text ****** has been set on object 'Object Repository/RAD_RecordAndPlay/input_Existing_RetypeFEIN'

2023-11-01 15:37:35 - [TEST_STEP][PASSED] - break: null

2023-11-01 15:37:35 - [TEST_STEP][PASSED] - verifyTextPresent("Please enter a valid FEIN with 9 digits.", true): Text 'Please enter a valid FEIN with 9 digits.' is present on page  using regular expression

2023-11-01 15:37:35 - [MESSAGE][PASSED] - Text 'Please enter a valid FEIN with 9 digits.' is present on page  using regular expression

2023-11-01 15:37:35 - [TEST_STEP][PASSED] - if (verifyTextPresent("Please enter a valid FEIN with 9 digits.", true)): null

2023-11-01 15:37:36 - [MESSAGE][PASSED] - Text 'Please enter a valid FEIN with 9 digits.' is present on page  using regular expression

2023-11-01 15:37:36 - [TEST_STEP][PASSED] - println("Error Message is present on the page"): null

2023-11-01 15:37:36 - [TEST_STEP][PASSED] - out.println("Pass Record Number: " + row): null

2023-11-01 15:37:36 - [TEST_STEP][PASSED] - resText = "Pass": null

2023-11-01 15:37:36 - [TEST_STEP][PASSED] - pages.WriteExcel.demoKey(resText, datText, resColumn, datCloumn, fileLoc, nameSheet, row): pages.WriteExcel.demoKey is PASSED

2023-11-01 15:37:36 - [MESSAGE][PASSED] - pages.WriteExcel.demoKey is PASSED

2023-11-01 15:37:36 - [TEST_STEP][PASSED] - ExecuteTC = findTestData(dataFile).getValue("Execute", row): null

2023-11-01 15:37:36 - [TEST_STEP][PASSED] - Taxtype = findTestData(dataFile).getValue("TaxType", row): null

2023-11-01 15:37:36 - [TEST_STEP][PASSED] - Paymenttype = findTestData(dataFile).getValue("PaymentType", row): null

2023-11-01 15:37:36 - [TEST_STEP][PASSED] - out.println("Value of Execute is : " + ExecuteTC): null

2023-11-01 15:37:36 - [TEST_STEP][PASSED] - if (ExecuteTC.equalsIgnoreCase("Y")): null

2023-11-01 15:37:36 - [TEST_STEP][PASSED] - out.println("Begin Record Number: " + row): null

2023-11-01 15:37:36 - [TEST_STEP][PASSED] - today = new java.util.Date(): null

2023-11-01 15:37:36 - [TEST_STEP][PASSED] - println(today): null

2023-11-01 15:37:36 - [TEST_STEP][PASSED] - datText = today: null

2023-11-01 15:37:36 - [TEST_STEP][PASSED] - Taxtype = findTestData(dataFile).getValue("TaxType", row): null

2023-11-01 15:37:36 - [TEST_STEP][PASSED] - out.println("Taxtype value is : " + Taxtype): null

2023-11-01 15:37:36 - [TEST_STEP][PASSED] - openBrowser(""): Browser is opened with url: ''

2023-11-01 15:37:36 - [MESSAGE][WARNING] - A browser is already opened. Closing browser and opening a new one

2023-11-01 15:37:37 - [MESSAGE][INFO] - Starting 'Chrome' driver

2023-11-01 15:37:37 - [MESSAGE][INFO] - User set preference: ['acceptInsecureCerts', 'true']

2023-11-01 15:37:37 - [MESSAGE][INFO] - Action delay is set to 0 milliseconds

2023-11-01 15:37:38 - [MESSAGE][PASSED] - Browser is opened with url: ''

2023-11-01 15:37:38 - [TEST_STEP][PASSED] - maximizeWindow(): Current window maximized

2023-11-01 15:37:38 - [MESSAGE][PASSED] - Current window maximized

2023-11-01 15:37:38 - [TEST_STEP][PASSED] - navigateToUrl(RADurl): Navigate to 'https://qa2.velocitypayment.com/client/rad/index.html' successfully

2023-11-01 15:37:40 - [MESSAGE][PASSED] - Navigate to 'https://qa2.velocitypayment.com/client/rad/index.html' successfully

2023-11-01 15:37:40 - [TEST_STEP][PASSED] - orPath_Landing = "Object Repository/RAD_Pages/Landing_Page": null

2023-11-01 15:37:40 - [TEST_STEP][PASSED] - orPath_TaxTypeFilingYear = "Object Repository/RAD_Pages/TaxTypeFilingYear_Page": null

2023-11-01 15:37:40 - [TEST_STEP][PASSED] - orPath_TaxPayer = "Object Repository/RAD_Pages/Taxpayer_Page": null

2023-11-01 15:37:40 - [TEST_STEP][PASSED] - orPath_AddressContact = "Object Repository/RAD_Pages/AddressAndContactInfo_Page": null

2023-11-01 15:37:40 - [TEST_STEP][PASSED] - orPath_FilingStatus = "Object Repository/RAD_Pages/FilingStatus_Page": null

2023-11-01 15:37:40 - [TEST_STEP][PASSED] - orPath_Amount = "Object Repository/RAD_Pages/PaymentAmount_Page": null

2023-11-01 15:37:40 - [TEST_STEP][PASSED] - orPath_TaxInfo = "Object Repository/RAD_Pages/TaxInfo_Page": null

2023-11-01 15:37:40 - [TEST_STEP][PASSED] - orPath_Withholding = "Object Repository/RAD_Pages/Withholding_Page": null

2023-11-01 15:37:40 - [TEST_STEP][PASSED] - orPath_Summary = "Object Repository/RAD_Pages/Summary_Page": null

2023-11-01 15:37:40 - [TEST_STEP][PASSED] - orPath_PaymentReady = "Object Repository/RAD_Pages/PaymentReady_Page": null

2023-11-01 15:37:40 - [TEST_STEP][PASSED] - orPath_PaymentEntry = "Object Repository/RAD_Pages/PaymentEntry_Page": null

2023-11-01 15:37:40 - [TEST_STEP][PASSED] - orPath_PaymentConfirmation = "Object Repository/RAD_Pages/PaymentConfirmation_Page": null

2023-11-01 15:37:40 - [TEST_STEP][PASSED] - orPath_ServiceFeesAccept = "Object Repository/RAD_Pages/ServiceFeeAccept_Page": null

2023-11-01 15:37:40 - [TEST_STEP][PASSED] - selectOptionByLabel(findTestObject(orPath_Landing + "/dd_TaxType"), Paymenttype, false): All options with label 'Existing Liability w/Notice Number' are selected in object 'Object Repository/RAD_Pages/Landing_Page/dd_TaxType' 

2023-11-01 15:37:40 - [MESSAGE][PASSED] - All options with label 'Existing Liability w/Notice Number' are selected in object 'Object Repository/RAD_Pages/Landing_Page/dd_TaxType' 

2023-11-01 15:37:40 - [TEST_STEP][PASSED] - delay(1): Delayed 1 second(s)

2023-11-01 15:37:41 - [MESSAGE][PASSED] - Delayed 1 second(s)

2023-11-01 15:37:41 - [TEST_STEP][PASSED] - switch (Paymenttype): null

2023-11-01 15:37:41 - [TEST_STEP][PASSED] - case "Existing Liability w/Notice Number":: null

2023-11-01 15:37:41 - [TEST_STEP][PASSED] - selectOptionByLabel(findTestObject(orPath_TaxTypeFilingYear + "/select_TaxType_ExistingLiability"), Taxtype, false): All options with label 'Sales & Use Tax' are selected in object 'Object Repository/RAD_Pages/TaxTypeFilingYear_Page/select_TaxType_ExistingLiability' 

2023-11-01 15:37:42 - [MESSAGE][PASSED] - All options with label 'Sales & Use Tax' are selected in object 'Object Repository/RAD_Pages/TaxTypeFilingYear_Page/select_TaxType_ExistingLiability' 

2023-11-01 15:37:42 - [TEST_STEP][PASSED] - break: null

2023-11-01 15:37:42 - [TEST_STEP][PASSED] - delay(1): Delayed 1 second(s)

2023-11-01 15:37:43 - [MESSAGE][PASSED] - Delayed 1 second(s)

2023-11-01 15:37:43 - [TEST_STEP][PASSED] - switch (Paymenttype): null

2023-11-01 15:37:43 - [TEST_STEP][PASSED] - case "Existing Liability w/Notice Number":: null

2023-11-01 15:37:43 - [TEST_STEP][PASSED] - setEncryptedText(findTestObject("Object Repository/RAD_RecordAndPlay/input_Existing_FEIN"), "RigbBhfdqOBDK95asqKeHw=="): Text ****** has been set on object 'Object Repository/RAD_RecordAndPlay/input_Existing_FEIN'

2023-11-01 15:37:44 - [MESSAGE][PASSED] - Text ****** has been set on object 'Object Repository/RAD_RecordAndPlay/input_Existing_FEIN'

2023-11-01 15:37:44 - [TEST_STEP][PASSED] - setEncryptedText(findTestObject("Object Repository/RAD_RecordAndPlay/input_Existing_RetypeFEIN"), ""): Text ****** has been set on object 'Object Repository/RAD_RecordAndPlay/input_Existing_RetypeFEIN'

2023-11-01 15:37:44 - [MESSAGE][PASSED] - Text ****** has been set on object 'Object Repository/RAD_RecordAndPlay/input_Existing_RetypeFEIN'

2023-11-01 15:37:44 - [TEST_STEP][PASSED] - break: null

2023-11-01 15:37:44 - [TEST_STEP][PASSED] - verifyTextPresent("Please enter a valid FEIN with 9 digits.", true): Text 'Please enter a valid FEIN with 9 digits.' is present on page  using regular expression

2023-11-01 15:37:45 - [MESSAGE][PASSED] - Text 'Please enter a valid FEIN with 9 digits.' is present on page  using regular expression

2023-11-01 15:37:45 - [TEST_STEP][PASSED] - if (verifyTextPresent("Please enter a valid FEIN with 9 digits.", true)): null

2023-11-01 15:37:45 - [MESSAGE][PASSED] - Text 'Please enter a valid FEIN with 9 digits.' is present on page  using regular expression

2023-11-01 15:37:45 - [TEST_STEP][PASSED] - println("Error Message is present on the page"): null

2023-11-01 15:37:45 - [TEST_STEP][PASSED] - out.println("Pass Record Number: " + row): null

2023-11-01 15:37:45 - [TEST_STEP][PASSED] - resText = "Pass": null

2023-11-01 15:37:45 - [TEST_STEP][PASSED] - pages.WriteExcel.demoKey(resText, datText, resColumn, datCloumn, fileLoc, nameSheet, row): pages.WriteExcel.demoKey is PASSED

2023-11-01 15:37:45 - [MESSAGE][PASSED] - pages.WriteExcel.demoKey is PASSED

2023-11-01 15:37:45 - [TEST_STEP][PASSED] - ExecuteTC = findTestData(dataFile).getValue("Execute", row): null

2023-11-01 15:37:45 - [TEST_STEP][PASSED] - Taxtype = findTestData(dataFile).getValue("TaxType", row): null

2023-11-01 15:37:45 - [TEST_STEP][PASSED] - Paymenttype = findTestData(dataFile).getValue("PaymentType", row): null

2023-11-01 15:37:45 - [TEST_STEP][PASSED] - out.println("Value of Execute is : " + ExecuteTC): null

2023-11-01 15:37:45 - [TEST_STEP][PASSED] - if (ExecuteTC.equalsIgnoreCase("Y")): null

2023-11-01 15:37:45 - [TEST_STEP][PASSED] - out.println("Begin Record Number: " + row): null

2023-11-01 15:37:45 - [TEST_STEP][PASSED] - today = new java.util.Date(): null

2023-11-01 15:37:45 - [TEST_STEP][PASSED] - println(today): null

2023-11-01 15:37:45 - [TEST_STEP][PASSED] - datText = today: null

2023-11-01 15:37:45 - [TEST_STEP][PASSED] - Taxtype = findTestData(dataFile).getValue("TaxType", row): null

2023-11-01 15:37:45 - [TEST_STEP][PASSED] - out.println("Taxtype value is : " + Taxtype): null

2023-11-01 15:37:45 - [TEST_STEP][PASSED] - openBrowser(""): Browser is opened with url: ''

2023-11-01 15:37:45 - [MESSAGE][WARNING] - A browser is already opened. Closing browser and opening a new one

2023-11-01 15:37:46 - [MESSAGE][INFO] - Starting 'Chrome' driver

2023-11-01 15:37:46 - [MESSAGE][INFO] - User set preference: ['acceptInsecureCerts', 'true']

2023-11-01 15:37:46 - [MESSAGE][INFO] - Action delay is set to 0 milliseconds

2023-11-01 15:37:48 - [MESSAGE][PASSED] - Browser is opened with url: ''

2023-11-01 15:37:48 - [TEST_STEP][PASSED] - maximizeWindow(): Current window maximized

2023-11-01 15:37:48 - [MESSAGE][PASSED] - Current window maximized

2023-11-01 15:37:48 - [TEST_STEP][PASSED] - navigateToUrl(RADurl): Navigate to 'https://qa2.velocitypayment.com/client/rad/index.html' successfully

2023-11-01 15:37:49 - [MESSAGE][PASSED] - Navigate to 'https://qa2.velocitypayment.com/client/rad/index.html' successfully

2023-11-01 15:37:49 - [TEST_STEP][PASSED] - orPath_Landing = "Object Repository/RAD_Pages/Landing_Page": null

2023-11-01 15:37:49 - [TEST_STEP][PASSED] - orPath_TaxTypeFilingYear = "Object Repository/RAD_Pages/TaxTypeFilingYear_Page": null

2023-11-01 15:37:49 - [TEST_STEP][PASSED] - orPath_TaxPayer = "Object Repository/RAD_Pages/Taxpayer_Page": null

2023-11-01 15:37:49 - [TEST_STEP][PASSED] - orPath_AddressContact = "Object Repository/RAD_Pages/AddressAndContactInfo_Page": null

2023-11-01 15:37:49 - [TEST_STEP][PASSED] - orPath_FilingStatus = "Object Repository/RAD_Pages/FilingStatus_Page": null

2023-11-01 15:37:49 - [TEST_STEP][PASSED] - orPath_Amount = "Object Repository/RAD_Pages/PaymentAmount_Page": null

2023-11-01 15:37:49 - [TEST_STEP][PASSED] - orPath_TaxInfo = "Object Repository/RAD_Pages/TaxInfo_Page": null

2023-11-01 15:37:49 - [TEST_STEP][PASSED] - orPath_Withholding = "Object Repository/RAD_Pages/Withholding_Page": null

2023-11-01 15:37:49 - [TEST_STEP][PASSED] - orPath_Summary = "Object Repository/RAD_Pages/Summary_Page": null

2023-11-01 15:37:49 - [TEST_STEP][PASSED] - orPath_PaymentReady = "Object Repository/RAD_Pages/PaymentReady_Page": null

2023-11-01 15:37:49 - [TEST_STEP][PASSED] - orPath_PaymentEntry = "Object Repository/RAD_Pages/PaymentEntry_Page": null

2023-11-01 15:37:49 - [TEST_STEP][PASSED] - orPath_PaymentConfirmation = "Object Repository/RAD_Pages/PaymentConfirmation_Page": null

2023-11-01 15:37:49 - [TEST_STEP][PASSED] - orPath_ServiceFeesAccept = "Object Repository/RAD_Pages/ServiceFeeAccept_Page": null

2023-11-01 15:37:49 - [TEST_STEP][PASSED] - selectOptionByLabel(findTestObject(orPath_Landing + "/dd_TaxType"), Paymenttype, false): All options with label 'Existing Liability w/Notice Number' are selected in object 'Object Repository/RAD_Pages/Landing_Page/dd_TaxType' 

2023-11-01 15:37:50 - [MESSAGE][PASSED] - All options with label 'Existing Liability w/Notice Number' are selected in object 'Object Repository/RAD_Pages/Landing_Page/dd_TaxType' 

2023-11-01 15:37:50 - [TEST_STEP][PASSED] - delay(1): Delayed 1 second(s)

2023-11-01 15:37:51 - [MESSAGE][PASSED] - Delayed 1 second(s)

2023-11-01 15:37:51 - [TEST_STEP][PASSED] - switch (Paymenttype): null

2023-11-01 15:37:51 - [TEST_STEP][PASSED] - case "Existing Liability w/Notice Number":: null

2023-11-01 15:37:51 - [TEST_STEP][PASSED] - selectOptionByLabel(findTestObject(orPath_TaxTypeFilingYear + "/select_TaxType_ExistingLiability"), Taxtype, false): All options with label 'Tire Recycling Fee' are selected in object 'Object Repository/RAD_Pages/TaxTypeFilingYear_Page/select_TaxType_ExistingLiability' 

2023-11-01 15:37:52 - [MESSAGE][PASSED] - All options with label 'Tire Recycling Fee' are selected in object 'Object Repository/RAD_Pages/TaxTypeFilingYear_Page/select_TaxType_ExistingLiability' 

2023-11-01 15:37:52 - [TEST_STEP][PASSED] - break: null

2023-11-01 15:37:52 - [TEST_STEP][PASSED] - delay(1): Delayed 1 second(s)

2023-11-01 15:37:53 - [MESSAGE][PASSED] - Delayed 1 second(s)

2023-11-01 15:37:53 - [TEST_STEP][PASSED] - switch (Paymenttype): null

2023-11-01 15:37:53 - [TEST_STEP][PASSED] - case "Existing Liability w/Notice Number":: null

2023-11-01 15:37:53 - [TEST_STEP][PASSED] - setEncryptedText(findTestObject("Object Repository/RAD_RecordAndPlay/input_Existing_FEIN"), "RigbBhfdqOBDK95asqKeHw=="): Text ****** has been set on object 'Object Repository/RAD_RecordAndPlay/input_Existing_FEIN'

2023-11-01 15:37:53 - [MESSAGE][PASSED] - Text ****** has been set on object 'Object Repository/RAD_RecordAndPlay/input_Existing_FEIN'

2023-11-01 15:37:53 - [TEST_STEP][PASSED] - setEncryptedText(findTestObject("Object Repository/RAD_RecordAndPlay/input_Existing_RetypeFEIN"), ""): Text ****** has been set on object 'Object Repository/RAD_RecordAndPlay/input_Existing_RetypeFEIN'

2023-11-01 15:37:54 - [MESSAGE][PASSED] - Text ****** has been set on object 'Object Repository/RAD_RecordAndPlay/input_Existing_RetypeFEIN'

2023-11-01 15:37:54 - [TEST_STEP][PASSED] - break: null

2023-11-01 15:37:54 - [TEST_STEP][PASSED] - verifyTextPresent("Please enter a valid FEIN with 9 digits.", true): Text 'Please enter a valid FEIN with 9 digits.' is present on page  using regular expression

2023-11-01 15:37:54 - [MESSAGE][PASSED] - Text 'Please enter a valid FEIN with 9 digits.' is present on page  using regular expression

2023-11-01 15:37:54 - [TEST_STEP][PASSED] - if (verifyTextPresent("Please enter a valid FEIN with 9 digits.", true)): null

2023-11-01 15:37:55 - [MESSAGE][PASSED] - Text 'Please enter a valid FEIN with 9 digits.' is present on page  using regular expression

2023-11-01 15:37:55 - [TEST_STEP][PASSED] - println("Error Message is present on the page"): null

2023-11-01 15:37:55 - [TEST_STEP][PASSED] - out.println("Pass Record Number: " + row): null

2023-11-01 15:37:55 - [TEST_STEP][PASSED] - resText = "Pass": null

2023-11-01 15:37:55 - [TEST_STEP][PASSED] - pages.WriteExcel.demoKey(resText, datText, resColumn, datCloumn, fileLoc, nameSheet, row): pages.WriteExcel.demoKey is PASSED

2023-11-01 15:37:55 - [MESSAGE][PASSED] - pages.WriteExcel.demoKey is PASSED

2023-11-01 15:37:55 - [TEST_STEP][PASSED] - ExecuteTC = findTestData(dataFile).getValue("Execute", row): null

2023-11-01 15:37:55 - [TEST_STEP][PASSED] - Taxtype = findTestData(dataFile).getValue("TaxType", row): null

2023-11-01 15:37:55 - [TEST_STEP][PASSED] - Paymenttype = findTestData(dataFile).getValue("PaymentType", row): null

2023-11-01 15:37:55 - [TEST_STEP][PASSED] - out.println("Value of Execute is : " + ExecuteTC): null

2023-11-01 15:37:55 - [TEST_STEP][PASSED] - if (ExecuteTC.equalsIgnoreCase("Y")): null

2023-11-01 15:37:55 - [TEST_STEP][PASSED] - out.println("Begin Record Number: " + row): null

2023-11-01 15:37:55 - [TEST_STEP][PASSED] - today = new java.util.Date(): null

2023-11-01 15:37:55 - [TEST_STEP][PASSED] - println(today): null

2023-11-01 15:37:55 - [TEST_STEP][PASSED] - datText = today: null

2023-11-01 15:37:55 - [TEST_STEP][PASSED] - Taxtype = findTestData(dataFile).getValue("TaxType", row): null

2023-11-01 15:37:55 - [TEST_STEP][PASSED] - out.println("Taxtype value is : " + Taxtype): null

2023-11-01 15:37:55 - [TEST_STEP][PASSED] - openBrowser(""): Browser is opened with url: ''

2023-11-01 15:37:55 - [MESSAGE][WARNING] - A browser is already opened. Closing browser and opening a new one

2023-11-01 15:37:56 - [MESSAGE][INFO] - Starting 'Chrome' driver

2023-11-01 15:37:56 - [MESSAGE][INFO] - User set preference: ['acceptInsecureCerts', 'true']

2023-11-01 15:37:56 - [MESSAGE][INFO] - Action delay is set to 0 milliseconds

2023-11-01 15:37:57 - [MESSAGE][PASSED] - Browser is opened with url: ''

2023-11-01 15:37:57 - [TEST_STEP][PASSED] - maximizeWindow(): Current window maximized

2023-11-01 15:37:58 - [MESSAGE][PASSED] - Current window maximized

2023-11-01 15:37:58 - [TEST_STEP][PASSED] - navigateToUrl(RADurl): Navigate to 'https://qa2.velocitypayment.com/client/rad/index.html' successfully

2023-11-01 15:37:59 - [MESSAGE][PASSED] - Navigate to 'https://qa2.velocitypayment.com/client/rad/index.html' successfully

2023-11-01 15:37:59 - [TEST_STEP][PASSED] - orPath_Landing = "Object Repository/RAD_Pages/Landing_Page": null

2023-11-01 15:37:59 - [TEST_STEP][PASSED] - orPath_TaxTypeFilingYear = "Object Repository/RAD_Pages/TaxTypeFilingYear_Page": null

2023-11-01 15:37:59 - [TEST_STEP][PASSED] - orPath_TaxPayer = "Object Repository/RAD_Pages/Taxpayer_Page": null

2023-11-01 15:37:59 - [TEST_STEP][PASSED] - orPath_AddressContact = "Object Repository/RAD_Pages/AddressAndContactInfo_Page": null

2023-11-01 15:37:59 - [TEST_STEP][PASSED] - orPath_FilingStatus = "Object Repository/RAD_Pages/FilingStatus_Page": null

2023-11-01 15:37:59 - [TEST_STEP][PASSED] - orPath_Amount = "Object Repository/RAD_Pages/PaymentAmount_Page": null

2023-11-01 15:37:59 - [TEST_STEP][PASSED] - orPath_TaxInfo = "Object Repository/RAD_Pages/TaxInfo_Page": null

2023-11-01 15:37:59 - [TEST_STEP][PASSED] - orPath_Withholding = "Object Repository/RAD_Pages/Withholding_Page": null

2023-11-01 15:37:59 - [TEST_STEP][PASSED] - orPath_Summary = "Object Repository/RAD_Pages/Summary_Page": null

2023-11-01 15:37:59 - [TEST_STEP][PASSED] - orPath_PaymentReady = "Object Repository/RAD_Pages/PaymentReady_Page": null

2023-11-01 15:37:59 - [TEST_STEP][PASSED] - orPath_PaymentEntry = "Object Repository/RAD_Pages/PaymentEntry_Page": null

2023-11-01 15:37:59 - [TEST_STEP][PASSED] - orPath_PaymentConfirmation = "Object Repository/RAD_Pages/PaymentConfirmation_Page": null

2023-11-01 15:37:59 - [TEST_STEP][PASSED] - orPath_ServiceFeesAccept = "Object Repository/RAD_Pages/ServiceFeeAccept_Page": null

2023-11-01 15:37:59 - [TEST_STEP][PASSED] - selectOptionByLabel(findTestObject(orPath_Landing + "/dd_TaxType"), Paymenttype, false): All options with label 'Existing Liability w/Notice Number' are selected in object 'Object Repository/RAD_Pages/Landing_Page/dd_TaxType' 

2023-11-01 15:38:00 - [MESSAGE][PASSED] - All options with label 'Existing Liability w/Notice Number' are selected in object 'Object Repository/RAD_Pages/Landing_Page/dd_TaxType' 

2023-11-01 15:38:00 - [TEST_STEP][PASSED] - delay(1): Delayed 1 second(s)

2023-11-01 15:38:01 - [MESSAGE][PASSED] - Delayed 1 second(s)

2023-11-01 15:38:01 - [TEST_STEP][PASSED] - switch (Paymenttype): null

2023-11-01 15:38:01 - [TEST_STEP][PASSED] - case "Existing Liability w/Notice Number":: null

2023-11-01 15:38:01 - [TEST_STEP][PASSED] - selectOptionByLabel(findTestObject(orPath_TaxTypeFilingYear + "/select_TaxType_ExistingLiability"), Taxtype, false): All options with label 'Withholding Tax' are selected in object 'Object Repository/RAD_Pages/TaxTypeFilingYear_Page/select_TaxType_ExistingLiability' 

2023-11-01 15:38:01 - [MESSAGE][PASSED] - All options with label 'Withholding Tax' are selected in object 'Object Repository/RAD_Pages/TaxTypeFilingYear_Page/select_TaxType_ExistingLiability' 

2023-11-01 15:38:01 - [TEST_STEP][PASSED] - break: null

2023-11-01 15:38:01 - [TEST_STEP][PASSED] - delay(1): Delayed 1 second(s)

2023-11-01 15:38:02 - [MESSAGE][PASSED] - Delayed 1 second(s)

2023-11-01 15:38:02 - [TEST_STEP][PASSED] - switch (Paymenttype): null

2023-11-01 15:38:02 - [TEST_STEP][PASSED] - case "Existing Liability w/Notice Number":: null

2023-11-01 15:38:02 - [TEST_STEP][PASSED] - setEncryptedText(findTestObject("Object Repository/RAD_RecordAndPlay/input_Existing_FEIN"), "RigbBhfdqOBDK95asqKeHw=="): Text ****** has been set on object 'Object Repository/RAD_RecordAndPlay/input_Existing_FEIN'

2023-11-01 15:38:03 - [MESSAGE][PASSED] - Text ****** has been set on object 'Object Repository/RAD_RecordAndPlay/input_Existing_FEIN'

2023-11-01 15:38:03 - [TEST_STEP][PASSED] - setEncryptedText(findTestObject("Object Repository/RAD_RecordAndPlay/input_Existing_RetypeFEIN"), ""): Text ****** has been set on object 'Object Repository/RAD_RecordAndPlay/input_Existing_RetypeFEIN'

2023-11-01 15:38:03 - [MESSAGE][PASSED] - Text ****** has been set on object 'Object Repository/RAD_RecordAndPlay/input_Existing_RetypeFEIN'

2023-11-01 15:38:03 - [TEST_STEP][PASSED] - break: null

2023-11-01 15:38:03 - [TEST_STEP][PASSED] - verifyTextPresent("Please enter a valid FEIN with 9 digits.", true): Text 'Please enter a valid FEIN with 9 digits.' is present on page  using regular expression

2023-11-01 15:38:04 - [MESSAGE][PASSED] - Text 'Please enter a valid FEIN with 9 digits.' is present on page  using regular expression

2023-11-01 15:38:04 - [TEST_STEP][PASSED] - if (verifyTextPresent("Please enter a valid FEIN with 9 digits.", true)): null

2023-11-01 15:38:04 - [MESSAGE][PASSED] - Text 'Please enter a valid FEIN with 9 digits.' is present on page  using regular expression

2023-11-01 15:38:04 - [TEST_STEP][PASSED] - println("Error Message is present on the page"): null

2023-11-01 15:38:04 - [TEST_STEP][PASSED] - out.println("Pass Record Number: " + row): null

2023-11-01 15:38:04 - [TEST_STEP][PASSED] - resText = "Pass": null

2023-11-01 15:38:04 - [TEST_STEP][PASSED] - pages.WriteExcel.demoKey(resText, datText, resColumn, datCloumn, fileLoc, nameSheet, row): pages.WriteExcel.demoKey is PASSED

2023-11-01 15:38:04 - [MESSAGE][PASSED] - pages.WriteExcel.demoKey is PASSED

2023-11-01 15:38:04 - [TEST_STEP][PASSED] - ExecuteTC = findTestData(dataFile).getValue("Execute", row): null

2023-11-01 15:38:05 - [TEST_STEP][PASSED] - Taxtype = findTestData(dataFile).getValue("TaxType", row): null

2023-11-01 15:38:05 - [TEST_STEP][PASSED] - Paymenttype = findTestData(dataFile).getValue("PaymentType", row): null

2023-11-01 15:38:05 - [TEST_STEP][PASSED] - out.println("Value of Execute is : " + ExecuteTC): null

2023-11-01 15:38:05 - [TEST_STEP][PASSED] - if (ExecuteTC.equalsIgnoreCase("Y")): null

2023-11-01 15:38:05 - [TEST_STEP][PASSED] - out.println("Begin Record Number: " + row): null

2023-11-01 15:38:05 - [TEST_STEP][PASSED] - today = new java.util.Date(): null

2023-11-01 15:38:05 - [TEST_STEP][PASSED] - println(today): null

2023-11-01 15:38:05 - [TEST_STEP][PASSED] - datText = today: null

2023-11-01 15:38:05 - [TEST_STEP][PASSED] - Taxtype = findTestData(dataFile).getValue("TaxType", row): null

2023-11-01 15:38:05 - [TEST_STEP][PASSED] - out.println("Taxtype value is : " + Taxtype): null

2023-11-01 15:38:05 - [TEST_STEP][PASSED] - openBrowser(""): Browser is opened with url: ''

2023-11-01 15:38:05 - [MESSAGE][WARNING] - A browser is already opened. Closing browser and opening a new one

2023-11-01 15:38:06 - [MESSAGE][INFO] - Starting 'Chrome' driver

2023-11-01 15:38:06 - [MESSAGE][INFO] - User set preference: ['acceptInsecureCerts', 'true']

2023-11-01 15:38:06 - [MESSAGE][INFO] - Action delay is set to 0 milliseconds

2023-11-01 15:38:07 - [MESSAGE][PASSED] - Browser is opened with url: ''

2023-11-01 15:38:07 - [TEST_STEP][PASSED] - maximizeWindow(): Current window maximized

2023-11-01 15:38:07 - [MESSAGE][PASSED] - Current window maximized

2023-11-01 15:38:07 - [TEST_STEP][PASSED] - navigateToUrl(RADurl): Navigate to 'https://qa2.velocitypayment.com/client/rad/index.html' successfully

2023-11-01 15:38:09 - [MESSAGE][PASSED] - Navigate to 'https://qa2.velocitypayment.com/client/rad/index.html' successfully

2023-11-01 15:38:09 - [TEST_STEP][PASSED] - orPath_Landing = "Object Repository/RAD_Pages/Landing_Page": null

2023-11-01 15:38:09 - [TEST_STEP][PASSED] - orPath_TaxTypeFilingYear = "Object Repository/RAD_Pages/TaxTypeFilingYear_Page": null

2023-11-01 15:38:09 - [TEST_STEP][PASSED] - orPath_TaxPayer = "Object Repository/RAD_Pages/Taxpayer_Page": null

2023-11-01 15:38:09 - [TEST_STEP][PASSED] - orPath_AddressContact = "Object Repository/RAD_Pages/AddressAndContactInfo_Page": null

2023-11-01 15:38:09 - [TEST_STEP][PASSED] - orPath_FilingStatus = "Object Repository/RAD_Pages/FilingStatus_Page": null

2023-11-01 15:38:09 - [TEST_STEP][PASSED] - orPath_Amount = "Object Repository/RAD_Pages/PaymentAmount_Page": null

2023-11-01 15:38:09 - [TEST_STEP][PASSED] - orPath_TaxInfo = "Object Repository/RAD_Pages/TaxInfo_Page": null

2023-11-01 15:38:09 - [TEST_STEP][PASSED] - orPath_Withholding = "Object Repository/RAD_Pages/Withholding_Page": null

2023-11-01 15:38:09 - [TEST_STEP][PASSED] - orPath_Summary = "Object Repository/RAD_Pages/Summary_Page": null

2023-11-01 15:38:09 - [TEST_STEP][PASSED] - orPath_PaymentReady = "Object Repository/RAD_Pages/PaymentReady_Page": null

2023-11-01 15:38:09 - [TEST_STEP][PASSED] - orPath_PaymentEntry = "Object Repository/RAD_Pages/PaymentEntry_Page": null

2023-11-01 15:38:09 - [TEST_STEP][PASSED] - orPath_PaymentConfirmation = "Object Repository/RAD_Pages/PaymentConfirmation_Page": null

2023-11-01 15:38:09 - [TEST_STEP][PASSED] - orPath_ServiceFeesAccept = "Object Repository/RAD_Pages/ServiceFeeAccept_Page": null

2023-11-01 15:38:09 - [TEST_STEP][PASSED] - selectOptionByLabel(findTestObject(orPath_Landing + "/dd_TaxType"), Paymenttype, false): All options with label 'Existing Liability w/Notice Number' are selected in object 'Object Repository/RAD_Pages/Landing_Page/dd_TaxType' 

2023-11-01 15:38:10 - [MESSAGE][PASSED] - All options with label 'Existing Liability w/Notice Number' are selected in object 'Object Repository/RAD_Pages/Landing_Page/dd_TaxType' 

2023-11-01 15:38:10 - [TEST_STEP][PASSED] - delay(1): Delayed 1 second(s)

2023-11-01 15:38:11 - [MESSAGE][PASSED] - Delayed 1 second(s)

2023-11-01 15:38:11 - [TEST_STEP][PASSED] - switch (Paymenttype): null

2023-11-01 15:38:11 - [TEST_STEP][PASSED] - case "Existing Liability w/Notice Number":: null

2023-11-01 15:38:11 - [TEST_STEP][PASSED] - selectOptionByLabel(findTestObject(orPath_TaxTypeFilingYear + "/select_TaxType_ExistingLiability"), Taxtype, false): All options with label 'Alcohol Tax' are selected in object 'Object Repository/RAD_Pages/TaxTypeFilingYear_Page/select_TaxType_ExistingLiability' 

2023-11-01 15:38:11 - [MESSAGE][PASSED] - All options with label 'Alcohol Tax' are selected in object 'Object Repository/RAD_Pages/TaxTypeFilingYear_Page/select_TaxType_ExistingLiability' 

2023-11-01 15:38:11 - [TEST_STEP][PASSED] - break: null

2023-11-01 15:38:11 - [TEST_STEP][PASSED] - delay(1): Delayed 1 second(s)

2023-11-01 15:38:12 - [MESSAGE][PASSED] - Delayed 1 second(s)

2023-11-01 15:38:12 - [TEST_STEP][PASSED] - switch (Paymenttype): null

2023-11-01 15:38:12 - [TEST_STEP][PASSED] - case "Existing Liability w/Notice Number":: null

2023-11-01 15:38:12 - [TEST_STEP][PASSED] - setEncryptedText(findTestObject("Object Repository/RAD_RecordAndPlay/input_Existing_FEIN"), "RigbBhfdqOBDK95asqKeHw=="): Text ****** has been set on object 'Object Repository/RAD_RecordAndPlay/input_Existing_FEIN'

2023-11-01 15:38:13 - [MESSAGE][PASSED] - Text ****** has been set on object 'Object Repository/RAD_RecordAndPlay/input_Existing_FEIN'

2023-11-01 15:38:13 - [TEST_STEP][PASSED] - setEncryptedText(findTestObject("Object Repository/RAD_RecordAndPlay/input_Existing_RetypeFEIN"), ""): Text ****** has been set on object 'Object Repository/RAD_RecordAndPlay/input_Existing_RetypeFEIN'

2023-11-01 15:38:14 - [MESSAGE][PASSED] - Text ****** has been set on object 'Object Repository/RAD_RecordAndPlay/input_Existing_RetypeFEIN'

2023-11-01 15:38:14 - [TEST_STEP][PASSED] - break: null

2023-11-01 15:38:14 - [TEST_STEP][PASSED] - verifyTextPresent("Please enter a valid FEIN with 9 digits.", true): Text 'Please enter a valid FEIN with 9 digits.' is present on page  using regular expression

2023-11-01 15:38:14 - [MESSAGE][PASSED] - Text 'Please enter a valid FEIN with 9 digits.' is present on page  using regular expression

2023-11-01 15:38:14 - [TEST_STEP][PASSED] - if (verifyTextPresent("Please enter a valid FEIN with 9 digits.", true)): null

2023-11-01 15:38:15 - [MESSAGE][PASSED] - Text 'Please enter a valid FEIN with 9 digits.' is present on page  using regular expression

2023-11-01 15:38:15 - [TEST_STEP][PASSED] - println("Error Message is present on the page"): null

2023-11-01 15:38:15 - [TEST_STEP][PASSED] - out.println("Pass Record Number: " + row): null

2023-11-01 15:38:15 - [TEST_STEP][PASSED] - resText = "Pass": null

2023-11-01 15:38:15 - [TEST_STEP][PASSED] - pages.WriteExcel.demoKey(resText, datText, resColumn, datCloumn, fileLoc, nameSheet, row): pages.WriteExcel.demoKey is PASSED

2023-11-01 15:38:15 - [MESSAGE][PASSED] - pages.WriteExcel.demoKey is PASSED

2023-11-01 15:38:15 - [TEST_STEP][PASSED] - ExecuteTC = findTestData(dataFile).getValue("Execute", row): null

2023-11-01 15:38:15 - [TEST_STEP][PASSED] - Taxtype = findTestData(dataFile).getValue("TaxType", row): null

2023-11-01 15:38:15 - [TEST_STEP][PASSED] - Paymenttype = findTestData(dataFile).getValue("PaymentType", row): null

2023-11-01 15:38:15 - [TEST_STEP][PASSED] - out.println("Value of Execute is : " + ExecuteTC): null

2023-11-01 15:38:15 - [TEST_STEP][PASSED] - if (ExecuteTC.equalsIgnoreCase("Y")): null

2023-11-01 15:38:15 - [TEST_STEP][PASSED] - out.println("Begin Record Number: " + row): null

2023-11-01 15:38:15 - [TEST_STEP][PASSED] - today = new java.util.Date(): null

2023-11-01 15:38:15 - [TEST_STEP][PASSED] - println(today): null

2023-11-01 15:38:15 - [TEST_STEP][PASSED] - datText = today: null

2023-11-01 15:38:15 - [TEST_STEP][PASSED] - Taxtype = findTestData(dataFile).getValue("TaxType", row): null

2023-11-01 15:38:15 - [TEST_STEP][PASSED] - out.println("Taxtype value is : " + Taxtype): null

2023-11-01 15:38:15 - [TEST_STEP][PASSED] - openBrowser(""): Browser is opened with url: ''

2023-11-01 15:38:15 - [MESSAGE][WARNING] - A browser is already opened. Closing browser and opening a new one

2023-11-01 15:38:16 - [MESSAGE][INFO] - Starting 'Chrome' driver

2023-11-01 15:38:16 - [MESSAGE][INFO] - User set preference: ['acceptInsecureCerts', 'true']

2023-11-01 15:38:16 - [MESSAGE][INFO] - Action delay is set to 0 milliseconds

2023-11-01 15:38:17 - [MESSAGE][PASSED] - Browser is opened with url: ''

2023-11-01 15:38:17 - [TEST_STEP][PASSED] - maximizeWindow(): Current window maximized

2023-11-01 15:38:17 - [MESSAGE][PASSED] - Current window maximized

2023-11-01 15:38:17 - [TEST_STEP][PASSED] - navigateToUrl(RADurl): Navigate to 'https://qa2.velocitypayment.com/client/rad/index.html' successfully

2023-11-01 15:38:19 - [MESSAGE][PASSED] - Navigate to 'https://qa2.velocitypayment.com/client/rad/index.html' successfully

2023-11-01 15:38:19 - [TEST_STEP][PASSED] - orPath_Landing = "Object Repository/RAD_Pages/Landing_Page": null

2023-11-01 15:38:19 - [TEST_STEP][PASSED] - orPath_TaxTypeFilingYear = "Object Repository/RAD_Pages/TaxTypeFilingYear_Page": null

2023-11-01 15:38:19 - [TEST_STEP][PASSED] - orPath_TaxPayer = "Object Repository/RAD_Pages/Taxpayer_Page": null

2023-11-01 15:38:19 - [TEST_STEP][PASSED] - orPath_AddressContact = "Object Repository/RAD_Pages/AddressAndContactInfo_Page": null

2023-11-01 15:38:19 - [TEST_STEP][PASSED] - orPath_FilingStatus = "Object Repository/RAD_Pages/FilingStatus_Page": null

2023-11-01 15:38:19 - [TEST_STEP][PASSED] - orPath_Amount = "Object Repository/RAD_Pages/PaymentAmount_Page": null

2023-11-01 15:38:19 - [TEST_STEP][PASSED] - orPath_TaxInfo = "Object Repository/RAD_Pages/TaxInfo_Page": null

2023-11-01 15:38:19 - [TEST_STEP][PASSED] - orPath_Withholding = "Object Repository/RAD_Pages/Withholding_Page": null

2023-11-01 15:38:19 - [TEST_STEP][PASSED] - orPath_Summary = "Object Repository/RAD_Pages/Summary_Page": null

2023-11-01 15:38:19 - [TEST_STEP][PASSED] - orPath_PaymentReady = "Object Repository/RAD_Pages/PaymentReady_Page": null

2023-11-01 15:38:19 - [TEST_STEP][PASSED] - orPath_PaymentEntry = "Object Repository/RAD_Pages/PaymentEntry_Page": null

2023-11-01 15:38:19 - [TEST_STEP][PASSED] - orPath_PaymentConfirmation = "Object Repository/RAD_Pages/PaymentConfirmation_Page": null

2023-11-01 15:38:19 - [TEST_STEP][PASSED] - orPath_ServiceFeesAccept = "Object Repository/RAD_Pages/ServiceFeeAccept_Page": null

2023-11-01 15:38:19 - [TEST_STEP][PASSED] - selectOptionByLabel(findTestObject(orPath_Landing + "/dd_TaxType"), Paymenttype, false): All options with label 'Quarterly Estimated Tax' are selected in object 'Object Repository/RAD_Pages/Landing_Page/dd_TaxType' 

2023-11-01 15:38:20 - [MESSAGE][PASSED] - All options with label 'Quarterly Estimated Tax' are selected in object 'Object Repository/RAD_Pages/Landing_Page/dd_TaxType' 

2023-11-01 15:38:20 - [TEST_STEP][PASSED] - delay(1): Delayed 1 second(s)

2023-11-01 15:38:21 - [MESSAGE][PASSED] - Delayed 1 second(s)

2023-11-01 15:38:21 - [TEST_STEP][PASSED] - switch (Paymenttype): null

2023-11-01 15:38:21 - [TEST_STEP][PASSED] - case "Quarterly Estimated Tax":: null

2023-11-01 15:38:21 - [TEST_STEP][PASSED] - selectOptionByLabel(findTestObject(orPath_TaxTypeFilingYear + "/select_PaymentType"), Taxtype, false): All options with label 'Corporate Income Tax' are selected in object 'Object Repository/RAD_Pages/TaxTypeFilingYear_Page/select_PaymentType' 

2023-11-01 15:38:21 - [MESSAGE][PASSED] - All options with label 'Corporate Income Tax' are selected in object 'Object Repository/RAD_Pages/TaxTypeFilingYear_Page/select_PaymentType' 

2023-11-01 15:38:21 - [TEST_STEP][PASSED] - break: null

2023-11-01 15:38:21 - [TEST_STEP][PASSED] - delay(1): Delayed 1 second(s)

2023-11-01 15:38:22 - [MESSAGE][PASSED] - Delayed 1 second(s)

2023-11-01 15:38:22 - [TEST_STEP][PASSED] - switch (Paymenttype): null

2023-11-01 15:38:22 - [TEST_STEP][PASSED] - case "Quarterly Estimated Tax":: null

2023-11-01 15:38:22 - [TEST_STEP][PASSED] - setEncryptedText(findTestObject(orPath_TaxInfo + "/input_FederalEIN"), "RigbBhfdqOBDK95asqKeHw=="): Text ****** has been set on object 'Object Repository/RAD_Pages/TaxInfo_Page/input_FederalEIN'

2023-11-01 15:38:23 - [MESSAGE][PASSED] - Text ****** has been set on object 'Object Repository/RAD_Pages/TaxInfo_Page/input_FederalEIN'

2023-11-01 15:38:23 - [TEST_STEP][PASSED] - setEncryptedText(findTestObject(orPath_TaxInfo + "/input_FederalEIN_ReEnter"), ""): Text ****** has been set on object 'Object Repository/RAD_Pages/TaxInfo_Page/input_FederalEIN_ReEnter'

2023-11-01 15:38:23 - [MESSAGE][PASSED] - Text ****** has been set on object 'Object Repository/RAD_Pages/TaxInfo_Page/input_FederalEIN_ReEnter'

2023-11-01 15:38:23 - [TEST_STEP][PASSED] - break: null

2023-11-01 15:38:23 - [TEST_STEP][PASSED] - verifyTextPresent("Please enter a valid FEIN with 9 digits.", true): Text 'Please enter a valid FEIN with 9 digits.' is present on page  using regular expression

2023-11-01 15:38:24 - [MESSAGE][PASSED] - Text 'Please enter a valid FEIN with 9 digits.' is present on page  using regular expression

2023-11-01 15:38:24 - [TEST_STEP][PASSED] - if (verifyTextPresent("Please enter a valid FEIN with 9 digits.", true)): null

2023-11-01 15:38:24 - [MESSAGE][PASSED] - Text 'Please enter a valid FEIN with 9 digits.' is present on page  using regular expression

2023-11-01 15:38:24 - [TEST_STEP][PASSED] - println("Error Message is present on the page"): null

2023-11-01 15:38:24 - [TEST_STEP][PASSED] - out.println("Pass Record Number: " + row): null

2023-11-01 15:38:24 - [TEST_STEP][PASSED] - resText = "Pass": null

2023-11-01 15:38:24 - [TEST_STEP][PASSED] - pages.WriteExcel.demoKey(resText, datText, resColumn, datCloumn, fileLoc, nameSheet, row): pages.WriteExcel.demoKey is PASSED

2023-11-01 15:38:24 - [MESSAGE][PASSED] - pages.WriteExcel.demoKey is PASSED

2023-11-01 15:38:24 - [TEST_STEP][PASSED] - ExecuteTC = findTestData(dataFile).getValue("Execute", row): null

2023-11-01 15:38:24 - [TEST_STEP][PASSED] - Taxtype = findTestData(dataFile).getValue("TaxType", row): null

2023-11-01 15:38:24 - [TEST_STEP][PASSED] - Paymenttype = findTestData(dataFile).getValue("PaymentType", row): null

2023-11-01 15:38:25 - [TEST_STEP][PASSED] - out.println("Value of Execute is : " + ExecuteTC): null

2023-11-01 15:38:25 - [TEST_STEP][PASSED] - if (ExecuteTC.equalsIgnoreCase("Y")): null

2023-11-01 15:38:25 - [TEST_STEP][PASSED] - out.println("Begin Record Number: " + row): null

2023-11-01 15:38:25 - [TEST_STEP][PASSED] - today = new java.util.Date(): null

2023-11-01 15:38:25 - [TEST_STEP][PASSED] - println(today): null

2023-11-01 15:38:25 - [TEST_STEP][PASSED] - datText = today: null

2023-11-01 15:38:25 - [TEST_STEP][PASSED] - Taxtype = findTestData(dataFile).getValue("TaxType", row): null

2023-11-01 15:38:25 - [TEST_STEP][PASSED] - out.println("Taxtype value is : " + Taxtype): null

2023-11-01 15:38:25 - [TEST_STEP][PASSED] - openBrowser(""): Browser is opened with url: ''

2023-11-01 15:38:25 - [MESSAGE][WARNING] - A browser is already opened. Closing browser and opening a new one

2023-11-01 15:38:26 - [MESSAGE][INFO] - Starting 'Chrome' driver

2023-11-01 15:38:26 - [MESSAGE][INFO] - User set preference: ['acceptInsecureCerts', 'true']

2023-11-01 15:38:26 - [MESSAGE][INFO] - Action delay is set to 0 milliseconds

2023-11-01 15:38:27 - [MESSAGE][PASSED] - Browser is opened with url: ''

2023-11-01 15:38:27 - [TEST_STEP][PASSED] - maximizeWindow(): Current window maximized

2023-11-01 15:38:27 - [MESSAGE][PASSED] - Current window maximized

2023-11-01 15:38:27 - [TEST_STEP][PASSED] - navigateToUrl(RADurl): Navigate to 'https://qa2.velocitypayment.com/client/rad/index.html' successfully

2023-11-01 15:38:30 - [MESSAGE][PASSED] - Navigate to 'https://qa2.velocitypayment.com/client/rad/index.html' successfully

2023-11-01 15:38:30 - [TEST_STEP][PASSED] - orPath_Landing = "Object Repository/RAD_Pages/Landing_Page": null

2023-11-01 15:38:30 - [TEST_STEP][PASSED] - orPath_TaxTypeFilingYear = "Object Repository/RAD_Pages/TaxTypeFilingYear_Page": null

2023-11-01 15:38:30 - [TEST_STEP][PASSED] - orPath_TaxPayer = "Object Repository/RAD_Pages/Taxpayer_Page": null

2023-11-01 15:38:30 - [TEST_STEP][PASSED] - orPath_AddressContact = "Object Repository/RAD_Pages/AddressAndContactInfo_Page": null

2023-11-01 15:38:30 - [TEST_STEP][PASSED] - orPath_FilingStatus = "Object Repository/RAD_Pages/FilingStatus_Page": null

2023-11-01 15:38:30 - [TEST_STEP][PASSED] - orPath_Amount = "Object Repository/RAD_Pages/PaymentAmount_Page": null

2023-11-01 15:38:30 - [TEST_STEP][PASSED] - orPath_TaxInfo = "Object Repository/RAD_Pages/TaxInfo_Page": null

2023-11-01 15:38:30 - [TEST_STEP][PASSED] - orPath_Withholding = "Object Repository/RAD_Pages/Withholding_Page": null

2023-11-01 15:38:30 - [TEST_STEP][PASSED] - orPath_Summary = "Object Repository/RAD_Pages/Summary_Page": null

2023-11-01 15:38:30 - [TEST_STEP][PASSED] - orPath_PaymentReady = "Object Repository/RAD_Pages/PaymentReady_Page": null

2023-11-01 15:38:30 - [TEST_STEP][PASSED] - orPath_PaymentEntry = "Object Repository/RAD_Pages/PaymentEntry_Page": null

2023-11-01 15:38:30 - [TEST_STEP][PASSED] - orPath_PaymentConfirmation = "Object Repository/RAD_Pages/PaymentConfirmation_Page": null

2023-11-01 15:38:30 - [TEST_STEP][PASSED] - orPath_ServiceFeesAccept = "Object Repository/RAD_Pages/ServiceFeeAccept_Page": null

2023-11-01 15:38:30 - [TEST_STEP][PASSED] - selectOptionByLabel(findTestObject(orPath_Landing + "/dd_TaxType"), Paymenttype, false): All options with label 'Quarterly Estimated Tax' are selected in object 'Object Repository/RAD_Pages/Landing_Page/dd_TaxType' 

2023-11-01 15:38:30 - [MESSAGE][PASSED] - All options with label 'Quarterly Estimated Tax' are selected in object 'Object Repository/RAD_Pages/Landing_Page/dd_TaxType' 

2023-11-01 15:38:30 - [TEST_STEP][PASSED] - delay(1): Delayed 1 second(s)

2023-11-01 15:38:31 - [MESSAGE][PASSED] - Delayed 1 second(s)

2023-11-01 15:38:31 - [TEST_STEP][PASSED] - switch (Paymenttype): null

2023-11-01 15:38:31 - [TEST_STEP][PASSED] - case "Quarterly Estimated Tax":: null

2023-11-01 15:38:31 - [TEST_STEP][PASSED] - selectOptionByLabel(findTestObject(orPath_TaxTypeFilingYear + "/select_PaymentType"), Taxtype, false): All options with label 'Fiduciary Tax' are selected in object 'Object Repository/RAD_Pages/TaxTypeFilingYear_Page/select_PaymentType' 

2023-11-01 15:38:32 - [MESSAGE][PASSED] - All options with label 'Fiduciary Tax' are selected in object 'Object Repository/RAD_Pages/TaxTypeFilingYear_Page/select_PaymentType' 

2023-11-01 15:38:32 - [TEST_STEP][PASSED] - break: null

2023-11-01 15:38:32 - [TEST_STEP][PASSED] - delay(1): Delayed 1 second(s)

2023-11-01 15:38:33 - [MESSAGE][PASSED] - Delayed 1 second(s)

2023-11-01 15:38:33 - [TEST_STEP][PASSED] - switch (Paymenttype): null

2023-11-01 15:38:33 - [TEST_STEP][PASSED] - case "Quarterly Estimated Tax":: null

2023-11-01 15:38:33 - [TEST_STEP][PASSED] - setEncryptedText(findTestObject(orPath_TaxInfo + "/input_FederalEIN"), "RigbBhfdqOBDK95asqKeHw=="): Text ****** has been set on object 'Object Repository/RAD_Pages/TaxInfo_Page/input_FederalEIN'

2023-11-01 15:38:33 - [MESSAGE][PASSED] - Text ****** has been set on object 'Object Repository/RAD_Pages/TaxInfo_Page/input_FederalEIN'

2023-11-01 15:38:33 - [TEST_STEP][PASSED] - setEncryptedText(findTestObject(orPath_TaxInfo + "/input_FederalEIN_ReEnter"), ""): Text ****** has been set on object 'Object Repository/RAD_Pages/TaxInfo_Page/input_FederalEIN_ReEnter'

2023-11-01 15:38:34 - [MESSAGE][PASSED] - Text ****** has been set on object 'Object Repository/RAD_Pages/TaxInfo_Page/input_FederalEIN_ReEnter'

2023-11-01 15:38:34 - [TEST_STEP][PASSED] - break: null

2023-11-01 15:38:34 - [TEST_STEP][PASSED] - verifyTextPresent("Please enter a valid FEIN with 9 digits.", true): Text 'Please enter a valid FEIN with 9 digits.' is present on page  using regular expression

2023-11-01 15:38:35 - [MESSAGE][PASSED] - Text 'Please enter a valid FEIN with 9 digits.' is present on page  using regular expression

2023-11-01 15:38:35 - [TEST_STEP][PASSED] - if (verifyTextPresent("Please enter a valid FEIN with 9 digits.", true)): null

2023-11-01 15:38:35 - [MESSAGE][PASSED] - Text 'Please enter a valid FEIN with 9 digits.' is present on page  using regular expression

2023-11-01 15:38:35 - [TEST_STEP][PASSED] - println("Error Message is present on the page"): null

2023-11-01 15:38:35 - [TEST_STEP][PASSED] - out.println("Pass Record Number: " + row): null

2023-11-01 15:38:35 - [TEST_STEP][PASSED] - resText = "Pass": null

2023-11-01 15:38:35 - [TEST_STEP][PASSED] - pages.WriteExcel.demoKey(resText, datText, resColumn, datCloumn, fileLoc, nameSheet, row): pages.WriteExcel.demoKey is PASSED

2023-11-01 15:38:35 - [MESSAGE][PASSED] - pages.WriteExcel.demoKey is PASSED

2023-11-01 15:38:35 - [TEST_STEP][PASSED] - ExecuteTC = findTestData(dataFile).getValue("Execute", row): null

2023-11-01 15:38:35 - [TEST_STEP][PASSED] - Taxtype = findTestData(dataFile).getValue("TaxType", row): null

2023-11-01 15:38:35 - [TEST_STEP][PASSED] - Paymenttype = findTestData(dataFile).getValue("PaymentType", row): null

2023-11-01 15:38:35 - [TEST_STEP][PASSED] - out.println("Value of Execute is : " + ExecuteTC): null

2023-11-01 15:38:35 - [TEST_STEP][PASSED] - if (ExecuteTC.equalsIgnoreCase("Y")): null

2023-11-01 15:38:35 - [TEST_STEP][PASSED] - out.println("Begin Record Number: " + row): null

2023-11-01 15:38:35 - [TEST_STEP][PASSED] - today = new java.util.Date(): null

2023-11-01 15:38:35 - [TEST_STEP][PASSED] - println(today): null

2023-11-01 15:38:35 - [TEST_STEP][PASSED] - datText = today: null

2023-11-01 15:38:35 - [TEST_STEP][PASSED] - Taxtype = findTestData(dataFile).getValue("TaxType", row): null

2023-11-01 15:38:35 - [TEST_STEP][PASSED] - out.println("Taxtype value is : " + Taxtype): null

2023-11-01 15:38:35 - [TEST_STEP][PASSED] - openBrowser(""): Browser is opened with url: ''

2023-11-01 15:38:35 - [MESSAGE][WARNING] - A browser is already opened. Closing browser and opening a new one

2023-11-01 15:38:36 - [MESSAGE][INFO] - Starting 'Chrome' driver

2023-11-01 15:38:36 - [MESSAGE][INFO] - User set preference: ['acceptInsecureCerts', 'true']

2023-11-01 15:38:36 - [MESSAGE][INFO] - Action delay is set to 0 milliseconds

2023-11-01 15:38:38 - [MESSAGE][PASSED] - Browser is opened with url: ''

2023-11-01 15:38:38 - [TEST_STEP][PASSED] - maximizeWindow(): Current window maximized

2023-11-01 15:38:38 - [MESSAGE][PASSED] - Current window maximized

2023-11-01 15:38:38 - [TEST_STEP][PASSED] - navigateToUrl(RADurl): Navigate to 'https://qa2.velocitypayment.com/client/rad/index.html' successfully

2023-11-01 15:38:40 - [MESSAGE][PASSED] - Navigate to 'https://qa2.velocitypayment.com/client/rad/index.html' successfully

2023-11-01 15:38:40 - [TEST_STEP][PASSED] - orPath_Landing = "Object Repository/RAD_Pages/Landing_Page": null

2023-11-01 15:38:40 - [TEST_STEP][PASSED] - orPath_TaxTypeFilingYear = "Object Repository/RAD_Pages/TaxTypeFilingYear_Page": null

2023-11-01 15:38:40 - [TEST_STEP][PASSED] - orPath_TaxPayer = "Object Repository/RAD_Pages/Taxpayer_Page": null

2023-11-01 15:38:40 - [TEST_STEP][PASSED] - orPath_AddressContact = "Object Repository/RAD_Pages/AddressAndContactInfo_Page": null

2023-11-01 15:38:40 - [TEST_STEP][PASSED] - orPath_FilingStatus = "Object Repository/RAD_Pages/FilingStatus_Page": null

2023-11-01 15:38:40 - [TEST_STEP][PASSED] - orPath_Amount = "Object Repository/RAD_Pages/PaymentAmount_Page": null

2023-11-01 15:38:40 - [TEST_STEP][PASSED] - orPath_TaxInfo = "Object Repository/RAD_Pages/TaxInfo_Page": null

2023-11-01 15:38:40 - [TEST_STEP][PASSED] - orPath_Withholding = "Object Repository/RAD_Pages/Withholding_Page": null

2023-11-01 15:38:40 - [TEST_STEP][PASSED] - orPath_Summary = "Object Repository/RAD_Pages/Summary_Page": null

2023-11-01 15:38:40 - [TEST_STEP][PASSED] - orPath_PaymentReady = "Object Repository/RAD_Pages/PaymentReady_Page": null

2023-11-01 15:38:40 - [TEST_STEP][PASSED] - orPath_PaymentEntry = "Object Repository/RAD_Pages/PaymentEntry_Page": null

2023-11-01 15:38:40 - [TEST_STEP][PASSED] - orPath_PaymentConfirmation = "Object Repository/RAD_Pages/PaymentConfirmation_Page": null

2023-11-01 15:38:40 - [TEST_STEP][PASSED] - orPath_ServiceFeesAccept = "Object Repository/RAD_Pages/ServiceFeeAccept_Page": null

2023-11-01 15:38:40 - [TEST_STEP][PASSED] - selectOptionByLabel(findTestObject(orPath_Landing + "/dd_TaxType"), Paymenttype, false): All options with label 'Extension Payments' are selected in object 'Object Repository/RAD_Pages/Landing_Page/dd_TaxType' 

2023-11-01 15:38:40 - [MESSAGE][PASSED] - All options with label 'Extension Payments' are selected in object 'Object Repository/RAD_Pages/Landing_Page/dd_TaxType' 

2023-11-01 15:38:40 - [TEST_STEP][PASSED] - delay(1): Delayed 1 second(s)

2023-11-01 15:38:41 - [MESSAGE][PASSED] - Delayed 1 second(s)

2023-11-01 15:38:41 - [TEST_STEP][PASSED] - switch (Paymenttype): null

2023-11-01 15:38:41 - [TEST_STEP][PASSED] - case "Extension Payments":: null

2023-11-01 15:38:41 - [TEST_STEP][PASSED] - selectOptionByLabel(findTestObject(orPath_TaxTypeFilingYear + "/select_PaymentType"), Taxtype, false): All options with label 'Corporate Income Tax' are selected in object 'Object Repository/RAD_Pages/TaxTypeFilingYear_Page/select_PaymentType' 

2023-11-01 15:38:42 - [MESSAGE][PASSED] - All options with label 'Corporate Income Tax' are selected in object 'Object Repository/RAD_Pages/TaxTypeFilingYear_Page/select_PaymentType' 

2023-11-01 15:38:42 - [TEST_STEP][PASSED] - break: null

2023-11-01 15:38:42 - [TEST_STEP][PASSED] - delay(1): Delayed 1 second(s)

2023-11-01 15:38:43 - [MESSAGE][PASSED] - Delayed 1 second(s)

2023-11-01 15:38:43 - [TEST_STEP][PASSED] - switch (Paymenttype): null

2023-11-01 15:38:43 - [TEST_STEP][PASSED] - case "Extension Payments":: null

2023-11-01 15:38:43 - [TEST_STEP][PASSED] - setEncryptedText(findTestObject(orPath_TaxInfo + "/input_FederalEIN"), "RigbBhfdqOBDK95asqKeHw=="): Text ****** has been set on object 'Object Repository/RAD_Pages/TaxInfo_Page/input_FederalEIN'

2023-11-01 15:38:44 - [MESSAGE][PASSED] - Text ****** has been set on object 'Object Repository/RAD_Pages/TaxInfo_Page/input_FederalEIN'

2023-11-01 15:38:44 - [TEST_STEP][PASSED] - setEncryptedText(findTestObject(orPath_TaxInfo + "/input_FederalEIN_ReEnter"), ""): Text ****** has been set on object 'Object Repository/RAD_Pages/TaxInfo_Page/input_FederalEIN_ReEnter'

2023-11-01 15:38:44 - [MESSAGE][PASSED] - Text ****** has been set on object 'Object Repository/RAD_Pages/TaxInfo_Page/input_FederalEIN_ReEnter'

2023-11-01 15:38:44 - [TEST_STEP][PASSED] - break: null

2023-11-01 15:38:44 - [TEST_STEP][PASSED] - verifyTextPresent("Please enter a valid FEIN with 9 digits.", true): Text 'Please enter a valid FEIN with 9 digits.' is present on page  using regular expression

2023-11-01 15:38:45 - [MESSAGE][PASSED] - Text 'Please enter a valid FEIN with 9 digits.' is present on page  using regular expression

2023-11-01 15:38:45 - [TEST_STEP][PASSED] - if (verifyTextPresent("Please enter a valid FEIN with 9 digits.", true)): null

2023-11-01 15:38:45 - [MESSAGE][PASSED] - Text 'Please enter a valid FEIN with 9 digits.' is present on page  using regular expression

2023-11-01 15:38:45 - [TEST_STEP][PASSED] - println("Error Message is present on the page"): null

2023-11-01 15:38:45 - [TEST_STEP][PASSED] - out.println("Pass Record Number: " + row): null

2023-11-01 15:38:45 - [TEST_STEP][PASSED] - resText = "Pass": null

2023-11-01 15:38:45 - [TEST_STEP][PASSED] - pages.WriteExcel.demoKey(resText, datText, resColumn, datCloumn, fileLoc, nameSheet, row): pages.WriteExcel.demoKey is PASSED

2023-11-01 15:38:45 - [MESSAGE][PASSED] - pages.WriteExcel.demoKey is PASSED

2023-11-01 15:38:45 - [TEST_STEP][PASSED] - ExecuteTC = findTestData(dataFile).getValue("Execute", row): null

2023-11-01 15:38:45 - [TEST_STEP][PASSED] - Taxtype = findTestData(dataFile).getValue("TaxType", row): null

2023-11-01 15:38:45 - [TEST_STEP][PASSED] - Paymenttype = findTestData(dataFile).getValue("PaymentType", row): null

2023-11-01 15:38:45 - [TEST_STEP][PASSED] - out.println("Value of Execute is : " + ExecuteTC): null

2023-11-01 15:38:45 - [TEST_STEP][PASSED] - if (ExecuteTC.equalsIgnoreCase("Y")): null

2023-11-01 15:38:45 - [TEST_STEP][PASSED] - out.println("Begin Record Number: " + row): null

2023-11-01 15:38:45 - [TEST_STEP][PASSED] - today = new java.util.Date(): null

2023-11-01 15:38:45 - [TEST_STEP][PASSED] - println(today): null

2023-11-01 15:38:45 - [TEST_STEP][PASSED] - datText = today: null

2023-11-01 15:38:45 - [TEST_STEP][PASSED] - Taxtype = findTestData(dataFile).getValue("TaxType", row): null

2023-11-01 15:38:45 - [TEST_STEP][PASSED] - out.println("Taxtype value is : " + Taxtype): null

2023-11-01 15:38:45 - [TEST_STEP][PASSED] - openBrowser(""): Browser is opened with url: ''

2023-11-01 15:38:45 - [MESSAGE][WARNING] - A browser is already opened. Closing browser and opening a new one

2023-11-01 15:38:46 - [MESSAGE][INFO] - Starting 'Chrome' driver

2023-11-01 15:38:46 - [MESSAGE][INFO] - User set preference: ['acceptInsecureCerts', 'true']

2023-11-01 15:38:46 - [MESSAGE][INFO] - Action delay is set to 0 milliseconds

2023-11-01 15:38:48 - [MESSAGE][PASSED] - Browser is opened with url: ''

2023-11-01 15:38:48 - [TEST_STEP][PASSED] - maximizeWindow(): Current window maximized

2023-11-01 15:38:48 - [MESSAGE][PASSED] - Current window maximized

2023-11-01 15:38:48 - [TEST_STEP][PASSED] - navigateToUrl(RADurl): Navigate to 'https://qa2.velocitypayment.com/client/rad/index.html' successfully

2023-11-01 15:38:48 - [MESSAGE][PASSED] - Navigate to 'https://qa2.velocitypayment.com/client/rad/index.html' successfully

2023-11-01 15:38:48 - [TEST_STEP][PASSED] - orPath_Landing = "Object Repository/RAD_Pages/Landing_Page": null

2023-11-01 15:38:48 - [TEST_STEP][PASSED] - orPath_TaxTypeFilingYear = "Object Repository/RAD_Pages/TaxTypeFilingYear_Page": null

2023-11-01 15:38:48 - [TEST_STEP][PASSED] - orPath_TaxPayer = "Object Repository/RAD_Pages/Taxpayer_Page": null

2023-11-01 15:38:48 - [TEST_STEP][PASSED] - orPath_AddressContact = "Object Repository/RAD_Pages/AddressAndContactInfo_Page": null

2023-11-01 15:38:48 - [TEST_STEP][PASSED] - orPath_FilingStatus = "Object Repository/RAD_Pages/FilingStatus_Page": null

2023-11-01 15:38:48 - [TEST_STEP][PASSED] - orPath_Amount = "Object Repository/RAD_Pages/PaymentAmount_Page": null

2023-11-01 15:38:48 - [TEST_STEP][PASSED] - orPath_TaxInfo = "Object Repository/RAD_Pages/TaxInfo_Page": null

2023-11-01 15:38:48 - [TEST_STEP][PASSED] - orPath_Withholding = "Object Repository/RAD_Pages/Withholding_Page": null

2023-11-01 15:38:48 - [TEST_STEP][PASSED] - orPath_Summary = "Object Repository/RAD_Pages/Summary_Page": null

2023-11-01 15:38:48 - [TEST_STEP][PASSED] - orPath_PaymentReady = "Object Repository/RAD_Pages/PaymentReady_Page": null

2023-11-01 15:38:48 - [TEST_STEP][PASSED] - orPath_PaymentEntry = "Object Repository/RAD_Pages/PaymentEntry_Page": null

2023-11-01 15:38:48 - [TEST_STEP][PASSED] - orPath_PaymentConfirmation = "Object Repository/RAD_Pages/PaymentConfirmation_Page": null

2023-11-01 15:38:48 - [TEST_STEP][PASSED] - orPath_ServiceFeesAccept = "Object Repository/RAD_Pages/ServiceFeeAccept_Page": null

2023-11-01 15:38:48 - [TEST_STEP][PASSED] - selectOptionByLabel(findTestObject(orPath_Landing + "/dd_TaxType"), Paymenttype, false): All options with label 'Extension Payments' are selected in object 'Object Repository/RAD_Pages/Landing_Page/dd_TaxType' 

2023-11-01 15:38:51 - [MESSAGE][PASSED] - All options with label 'Extension Payments' are selected in object 'Object Repository/RAD_Pages/Landing_Page/dd_TaxType' 

2023-11-01 15:38:51 - [TEST_STEP][PASSED] - delay(1): Delayed 1 second(s)

2023-11-01 15:38:52 - [MESSAGE][PASSED] - Delayed 1 second(s)

2023-11-01 15:38:52 - [TEST_STEP][PASSED] - switch (Paymenttype): null

2023-11-01 15:38:52 - [TEST_STEP][PASSED] - case "Extension Payments":: null

2023-11-01 15:38:52 - [TEST_STEP][PASSED] - selectOptionByLabel(findTestObject(orPath_TaxTypeFilingYear + "/select_PaymentType"), Taxtype, false): All options with label 'Fiduciary Tax' are selected in object 'Object Repository/RAD_Pages/TaxTypeFilingYear_Page/select_PaymentType' 

2023-11-01 15:38:52 - [MESSAGE][PASSED] - All options with label 'Fiduciary Tax' are selected in object 'Object Repository/RAD_Pages/TaxTypeFilingYear_Page/select_PaymentType' 

2023-11-01 15:38:52 - [TEST_STEP][PASSED] - break: null

2023-11-01 15:38:52 - [TEST_STEP][PASSED] - delay(1): Delayed 1 second(s)

2023-11-01 15:38:53 - [MESSAGE][PASSED] - Delayed 1 second(s)

2023-11-01 15:38:53 - [TEST_STEP][PASSED] - switch (Paymenttype): null

2023-11-01 15:38:53 - [TEST_STEP][PASSED] - case "Extension Payments":: null

2023-11-01 15:38:53 - [TEST_STEP][PASSED] - setEncryptedText(findTestObject(orPath_TaxInfo + "/input_FederalEIN"), "RigbBhfdqOBDK95asqKeHw=="): Text ****** has been set on object 'Object Repository/RAD_Pages/TaxInfo_Page/input_FederalEIN'

2023-11-01 15:38:54 - [MESSAGE][PASSED] - Text ****** has been set on object 'Object Repository/RAD_Pages/TaxInfo_Page/input_FederalEIN'

2023-11-01 15:38:54 - [TEST_STEP][PASSED] - setEncryptedText(findTestObject(orPath_TaxInfo + "/input_FederalEIN_ReEnter"), ""): Text ****** has been set on object 'Object Repository/RAD_Pages/TaxInfo_Page/input_FederalEIN_ReEnter'

2023-11-01 15:38:54 - [MESSAGE][PASSED] - Text ****** has been set on object 'Object Repository/RAD_Pages/TaxInfo_Page/input_FederalEIN_ReEnter'

2023-11-01 15:38:54 - [TEST_STEP][PASSED] - break: null

2023-11-01 15:38:54 - [TEST_STEP][PASSED] - verifyTextPresent("Please enter a valid FEIN with 9 digits.", true): Text 'Please enter a valid FEIN with 9 digits.' is present on page  using regular expression

2023-11-01 15:38:55 - [MESSAGE][PASSED] - Text 'Please enter a valid FEIN with 9 digits.' is present on page  using regular expression

2023-11-01 15:38:55 - [TEST_STEP][PASSED] - if (verifyTextPresent("Please enter a valid FEIN with 9 digits.", true)): null

2023-11-01 15:38:55 - [MESSAGE][PASSED] - Text 'Please enter a valid FEIN with 9 digits.' is present on page  using regular expression

2023-11-01 15:38:55 - [TEST_STEP][PASSED] - println("Error Message is present on the page"): null

2023-11-01 15:38:55 - [TEST_STEP][PASSED] - out.println("Pass Record Number: " + row): null

2023-11-01 15:38:55 - [TEST_STEP][PASSED] - resText = "Pass": null

2023-11-01 15:38:55 - [TEST_STEP][PASSED] - pages.WriteExcel.demoKey(resText, datText, resColumn, datCloumn, fileLoc, nameSheet, row): pages.WriteExcel.demoKey is PASSED

2023-11-01 15:38:56 - [MESSAGE][PASSED] - pages.WriteExcel.demoKey is PASSED

2023-11-01 15:38:56 - [TEST_STEP][PASSED] - ExecuteTC = findTestData(dataFile).getValue("Execute", row): null

2023-11-01 15:38:56 - [TEST_STEP][PASSED] - Taxtype = findTestData(dataFile).getValue("TaxType", row): null

2023-11-01 15:38:56 - [TEST_STEP][PASSED] - Paymenttype = findTestData(dataFile).getValue("PaymentType", row): null

2023-11-01 15:38:56 - [TEST_STEP][PASSED] - out.println("Value of Execute is : " + ExecuteTC): null

2023-11-01 15:38:56 - [TEST_STEP][PASSED] - if (ExecuteTC.equalsIgnoreCase("Y")): null

2023-11-01 15:38:56 - [TEST_STEP][PASSED] - out.println("Begin Record Number: " + row): null

2023-11-01 15:38:56 - [TEST_STEP][PASSED] - today = new java.util.Date(): null

2023-11-01 15:38:56 - [TEST_STEP][PASSED] - println(today): null

2023-11-01 15:38:56 - [TEST_STEP][PASSED] - datText = today: null

2023-11-01 15:38:56 - [TEST_STEP][PASSED] - Taxtype = findTestData(dataFile).getValue("TaxType", row): null

2023-11-01 15:38:56 - [TEST_STEP][PASSED] - out.println("Taxtype value is : " + Taxtype): null

2023-11-01 15:38:56 - [TEST_STEP][PASSED] - openBrowser(""): Browser is opened with url: ''

2023-11-01 15:38:56 - [MESSAGE][WARNING] - A browser is already opened. Closing browser and opening a new one

2023-11-01 15:38:57 - [MESSAGE][INFO] - Starting 'Chrome' driver

2023-11-01 15:38:57 - [MESSAGE][INFO] - User set preference: ['acceptInsecureCerts', 'true']

2023-11-01 15:38:57 - [MESSAGE][INFO] - Action delay is set to 0 milliseconds

2023-11-01 15:38:58 - [MESSAGE][PASSED] - Browser is opened with url: ''

2023-11-01 15:38:58 - [TEST_STEP][PASSED] - maximizeWindow(): Current window maximized

2023-11-01 15:38:58 - [MESSAGE][PASSED] - Current window maximized

2023-11-01 15:38:58 - [TEST_STEP][PASSED] - navigateToUrl(RADurl): Navigate to 'https://qa2.velocitypayment.com/client/rad/index.html' successfully

2023-11-01 15:39:00 - [MESSAGE][PASSED] - Navigate to 'https://qa2.velocitypayment.com/client/rad/index.html' successfully

2023-11-01 15:39:00 - [TEST_STEP][PASSED] - orPath_Landing = "Object Repository/RAD_Pages/Landing_Page": null

2023-11-01 15:39:00 - [TEST_STEP][PASSED] - orPath_TaxTypeFilingYear = "Object Repository/RAD_Pages/TaxTypeFilingYear_Page": null

2023-11-01 15:39:00 - [TEST_STEP][PASSED] - orPath_TaxPayer = "Object Repository/RAD_Pages/Taxpayer_Page": null

2023-11-01 15:39:00 - [TEST_STEP][PASSED] - orPath_AddressContact = "Object Repository/RAD_Pages/AddressAndContactInfo_Page": null

2023-11-01 15:39:00 - [TEST_STEP][PASSED] - orPath_FilingStatus = "Object Repository/RAD_Pages/FilingStatus_Page": null

2023-11-01 15:39:00 - [TEST_STEP][PASSED] - orPath_Amount = "Object Repository/RAD_Pages/PaymentAmount_Page": null

2023-11-01 15:39:00 - [TEST_STEP][PASSED] - orPath_TaxInfo = "Object Repository/RAD_Pages/TaxInfo_Page": null

2023-11-01 15:39:00 - [TEST_STEP][PASSED] - orPath_Withholding = "Object Repository/RAD_Pages/Withholding_Page": null

2023-11-01 15:39:00 - [TEST_STEP][PASSED] - orPath_Summary = "Object Repository/RAD_Pages/Summary_Page": null

2023-11-01 15:39:00 - [TEST_STEP][PASSED] - orPath_PaymentReady = "Object Repository/RAD_Pages/PaymentReady_Page": null

2023-11-01 15:39:00 - [TEST_STEP][PASSED] - orPath_PaymentEntry = "Object Repository/RAD_Pages/PaymentEntry_Page": null

2023-11-01 15:39:00 - [TEST_STEP][PASSED] - orPath_PaymentConfirmation = "Object Repository/RAD_Pages/PaymentConfirmation_Page": null

2023-11-01 15:39:00 - [TEST_STEP][PASSED] - orPath_ServiceFeesAccept = "Object Repository/RAD_Pages/ServiceFeeAccept_Page": null

2023-11-01 15:39:00 - [TEST_STEP][PASSED] - selectOptionByLabel(findTestObject(orPath_Landing + "/dd_TaxType"), Paymenttype, false): All options with label 'New Tax Return Amount Due' are selected in object 'Object Repository/RAD_Pages/Landing_Page/dd_TaxType' 

2023-11-01 15:39:00 - [MESSAGE][PASSED] - All options with label 'New Tax Return Amount Due' are selected in object 'Object Repository/RAD_Pages/Landing_Page/dd_TaxType' 

2023-11-01 15:39:00 - [TEST_STEP][PASSED] - delay(1): Delayed 1 second(s)

2023-11-01 15:39:01 - [MESSAGE][PASSED] - Delayed 1 second(s)

2023-11-01 15:39:01 - [TEST_STEP][PASSED] - switch (Paymenttype): null

2023-11-01 15:39:01 - [TEST_STEP][PASSED] - case "New Tax Return Amount Due":: null

2023-11-01 15:39:01 - [TEST_STEP][PASSED] - selectOptionByLabel(findTestObject("Object Repository/RAD_Pages/Landing_Page/select_NewTaxReturnAmountDue_TaxType"), Taxtype, false): All options with label 'Fiduciary Tax' are selected in object 'Object Repository/RAD_Pages/Landing_Page/select_NewTaxReturnAmountDue_TaxType' 

2023-11-01 15:39:02 - [MESSAGE][PASSED] - All options with label 'Fiduciary Tax' are selected in object 'Object Repository/RAD_Pages/Landing_Page/select_NewTaxReturnAmountDue_TaxType' 

2023-11-01 15:39:02 - [TEST_STEP][PASSED] - break: null

2023-11-01 15:39:02 - [TEST_STEP][PASSED] - delay(1): Delayed 1 second(s)

2023-11-01 15:39:03 - [MESSAGE][PASSED] - Delayed 1 second(s)

2023-11-01 15:39:03 - [TEST_STEP][PASSED] - switch (Paymenttype): null

2023-11-01 15:39:03 - [TEST_STEP][PASSED] - case "New Tax Return Amount Due":: null

2023-11-01 15:39:03 - [TEST_STEP][PASSED] - setEncryptedText(findTestObject(orPath_TaxInfo + "/input_FederalEIN-2"), "RigbBhfdqOBDK95asqKeHw=="): Text ****** has been set on object 'Object Repository/RAD_Pages/TaxInfo_Page/input_FederalEIN-2'

2023-11-01 15:39:04 - [MESSAGE][PASSED] - Text ****** has been set on object 'Object Repository/RAD_Pages/TaxInfo_Page/input_FederalEIN-2'

2023-11-01 15:39:04 - [TEST_STEP][PASSED] - setEncryptedText(findTestObject(orPath_TaxInfo + "/input_FederalEIN_ReEnter-2"), ""): Text ****** has been set on object 'Object Repository/RAD_Pages/TaxInfo_Page/input_FederalEIN_ReEnter-2'

2023-11-01 15:39:04 - [MESSAGE][PASSED] - Text ****** has been set on object 'Object Repository/RAD_Pages/TaxInfo_Page/input_FederalEIN_ReEnter-2'

2023-11-01 15:39:04 - [TEST_STEP][PASSED] - break: null

2023-11-01 15:39:04 - [TEST_STEP][PASSED] - verifyTextPresent("Please enter a valid FEIN with 9 digits.", true): Text 'Please enter a valid FEIN with 9 digits.' is present on page  using regular expression

2023-11-01 15:39:05 - [MESSAGE][PASSED] - Text 'Please enter a valid FEIN with 9 digits.' is present on page  using regular expression

2023-11-01 15:39:05 - [TEST_STEP][PASSED] - if (verifyTextPresent("Please enter a valid FEIN with 9 digits.", true)): null

2023-11-01 15:39:05 - [MESSAGE][PASSED] - Text 'Please enter a valid FEIN with 9 digits.' is present on page  using regular expression

2023-11-01 15:39:05 - [TEST_STEP][PASSED] - println("Error Message is present on the page"): null

2023-11-01 15:39:05 - [TEST_STEP][PASSED] - out.println("Pass Record Number: " + row): null

2023-11-01 15:39:05 - [TEST_STEP][PASSED] - resText = "Pass": null

2023-11-01 15:39:05 - [TEST_STEP][PASSED] - pages.WriteExcel.demoKey(resText, datText, resColumn, datCloumn, fileLoc, nameSheet, row): pages.WriteExcel.demoKey is PASSED

2023-11-01 15:39:05 - [MESSAGE][PASSED] - pages.WriteExcel.demoKey is PASSED]]></system-out>
         <system-err><![CDATA[]]></system-err>
      </testcase>
      <testcase name="Test Cases/RAD_TestCases/Negative_TestCases/FEINandFEINSSNlessThan9Error" time="264.133" classname="Test Cases/RAD_TestCases/Negative_TestCases/FEINandFEINSSNlessThan9Error" status="PASSED">
         <system-out><![CDATA[2023-11-01 15:39:05 - [TEST_CASE][PASSED] - Test Cases/RAD_TestCases/Negative_TestCases/FEINandFEINSSNlessThan9Error: Test Cases/RAD_TestCases/Negative_TestCases/FEINandFEINSSNlessThan9Error

2023-11-01 15:39:06 - [TEST_STEP][PASSED] - resText = "Fail": null

2023-11-01 15:39:06 - [TEST_STEP][PASSED] - resColumn = "Result": null

2023-11-01 15:39:06 - [TEST_STEP][PASSED] - datCloumn = "Date": null

2023-11-01 15:39:06 - [TEST_STEP][PASSED] - fileLoc = "KatalonData/RADTestData/FEINandFEINSSNlessThan9Error.xlsx": null

2023-11-01 15:39:06 - [TEST_STEP][PASSED] - nameSheet = "Sheet1": null

2023-11-01 15:39:06 - [TEST_STEP][PASSED] - dataFile = "RADTestData/FEINandFEINSSNlessThan9Error": null

2023-11-01 15:39:06 - [TEST_STEP][PASSED] - ExecuteTC = <not implemented yet for class: org.codehaus.groovy.ast.expr.EmptyExpression>: null

2023-11-01 15:39:06 - [TEST_STEP][PASSED] - Taxtype = <not implemented yet for class: org.codehaus.groovy.ast.expr.EmptyExpression>: null

2023-11-01 15:39:06 - [TEST_STEP][PASSED] - Paymenttype = <not implemented yet for class: org.codehaus.groovy.ast.expr.EmptyExpression>: null

2023-11-01 15:39:06 - [TEST_STEP][PASSED] - feinSsn = <not implemented yet for class: org.codehaus.groovy.ast.expr.EmptyExpression>: null

2023-11-01 15:39:06 - [TEST_STEP][PASSED] - numOfRows = findTestData(dataFile).getRowNumbers(): null

2023-11-01 15:39:06 - [TEST_STEP][PASSED] - println("Number of Records: " + numOfRows): null

2023-11-01 15:39:06 - [TEST_STEP][PASSED] - for ([row = 1, row <= numOfRows, (row++)]): null

2023-11-01 15:39:06 - [TEST_STEP][PASSED] - ExecuteTC = findTestData(dataFile).getValue("Execute", row): null

2023-11-01 15:39:06 - [TEST_STEP][PASSED] - Taxtype = findTestData(dataFile).getValue("TaxType", row): null

2023-11-01 15:39:06 - [TEST_STEP][PASSED] - Paymenttype = findTestData(dataFile).getValue("PaymentType", row): null

2023-11-01 15:39:06 - [TEST_STEP][PASSED] - feinSsn = findTestData(dataFile).getValue("FEINSSN", row): null

2023-11-01 15:39:06 - [TEST_STEP][PASSED] - out.println("Value of Execute is : " + ExecuteTC): null

2023-11-01 15:39:06 - [TEST_STEP][PASSED] - if (ExecuteTC.equalsIgnoreCase("Y")): null

2023-11-01 15:39:06 - [TEST_STEP][PASSED] - out.println("Begin Record Number: " + row): null

2023-11-01 15:39:06 - [TEST_STEP][PASSED] - today = new java.util.Date(): null

2023-11-01 15:39:06 - [TEST_STEP][PASSED] - println(today): null

2023-11-01 15:39:06 - [TEST_STEP][PASSED] - datText = today: null

2023-11-01 15:39:06 - [TEST_STEP][PASSED] - Taxtype = findTestData(dataFile).getValue("TaxType", row): null

2023-11-01 15:39:06 - [TEST_STEP][PASSED] - out.println("Taxtype value is : " + Taxtype): null

2023-11-01 15:39:06 - [TEST_STEP][PASSED] - openBrowser(""): Browser is opened with url: ''

2023-11-01 15:39:06 - [MESSAGE][WARNING] - A browser is already opened. Closing browser and opening a new one

2023-11-01 15:39:07 - [MESSAGE][INFO] - Starting 'Chrome' driver

2023-11-01 15:39:07 - [MESSAGE][INFO] - User set preference: ['acceptInsecureCerts', 'true']

2023-11-01 15:39:07 - [MESSAGE][INFO] - Action delay is set to 0 milliseconds

2023-11-01 15:39:08 - [MESSAGE][PASSED] - Browser is opened with url: ''

2023-11-01 15:39:08 - [TEST_STEP][PASSED] - maximizeWindow(): Current window maximized

2023-11-01 15:39:08 - [MESSAGE][PASSED] - Current window maximized

2023-11-01 15:39:08 - [TEST_STEP][PASSED] - navigateToUrl(RADurl): Navigate to 'https://qa2.velocitypayment.com/client/rad/index.html' successfully

2023-11-01 15:39:10 - [MESSAGE][PASSED] - Navigate to 'https://qa2.velocitypayment.com/client/rad/index.html' successfully

2023-11-01 15:39:10 - [TEST_STEP][PASSED] - orPath_Landing = "Object Repository/RAD_Pages/Landing_Page": null

2023-11-01 15:39:10 - [TEST_STEP][PASSED] - orPath_TaxTypeFilingYear = "Object Repository/RAD_Pages/TaxTypeFilingYear_Page": null

2023-11-01 15:39:10 - [TEST_STEP][PASSED] - orPath_TaxPayer = "Object Repository/RAD_Pages/Taxpayer_Page": null

2023-11-01 15:39:10 - [TEST_STEP][PASSED] - orPath_AddressContact = "Object Repository/RAD_Pages/AddressAndContactInfo_Page": null

2023-11-01 15:39:10 - [TEST_STEP][PASSED] - orPath_FilingStatus = "Object Repository/RAD_Pages/FilingStatus_Page": null

2023-11-01 15:39:10 - [TEST_STEP][PASSED] - orPath_Amount = "Object Repository/RAD_Pages/PaymentAmount_Page": null

2023-11-01 15:39:10 - [TEST_STEP][PASSED] - orPath_TaxInfo = "Object Repository/RAD_Pages/TaxInfo_Page": null

2023-11-01 15:39:10 - [TEST_STEP][PASSED] - orPath_Withholding = "Object Repository/RAD_Pages/Withholding_Page": null

2023-11-01 15:39:10 - [TEST_STEP][PASSED] - orPath_Summary = "Object Repository/RAD_Pages/Summary_Page": null

2023-11-01 15:39:10 - [TEST_STEP][PASSED] - orPath_PaymentReady = "Object Repository/RAD_Pages/PaymentReady_Page": null

2023-11-01 15:39:10 - [TEST_STEP][PASSED] - orPath_PaymentEntry = "Object Repository/RAD_Pages/PaymentEntry_Page": null

2023-11-01 15:39:10 - [TEST_STEP][PASSED] - orPath_PaymentConfirmation = "Object Repository/RAD_Pages/PaymentConfirmation_Page": null

2023-11-01 15:39:10 - [TEST_STEP][PASSED] - orPath_ServiceFeesAccept = "Object Repository/RAD_Pages/ServiceFeeAccept_Page": null

2023-11-01 15:39:10 - [TEST_STEP][PASSED] - selectOptionByLabel(findTestObject(orPath_Landing + "/dd_TaxType"), Paymenttype, false): All options with label 'Existing Liability w/Notice Number' are selected in object 'Object Repository/RAD_Pages/Landing_Page/dd_TaxType' 

2023-11-01 15:39:11 - [MESSAGE][PASSED] - All options with label 'Existing Liability w/Notice Number' are selected in object 'Object Repository/RAD_Pages/Landing_Page/dd_TaxType' 

2023-11-01 15:39:11 - [TEST_STEP][PASSED] - delay(1): Delayed 1 second(s)

2023-11-01 15:39:12 - [MESSAGE][PASSED] - Delayed 1 second(s)

2023-11-01 15:39:12 - [TEST_STEP][PASSED] - switch (Paymenttype): null

2023-11-01 15:39:12 - [TEST_STEP][PASSED] - case "Existing Liability w/Notice Number":: null

2023-11-01 15:39:12 - [TEST_STEP][PASSED] - selectOptionByLabel(findTestObject(orPath_TaxTypeFilingYear + "/select_TaxType_ExistingLiability"), Taxtype, false): All options with label 'Bay Restoration Fee' are selected in object 'Object Repository/RAD_Pages/TaxTypeFilingYear_Page/select_TaxType_ExistingLiability' 

2023-11-01 15:39:12 - [MESSAGE][PASSED] - All options with label 'Bay Restoration Fee' are selected in object 'Object Repository/RAD_Pages/TaxTypeFilingYear_Page/select_TaxType_ExistingLiability' 

2023-11-01 15:39:12 - [TEST_STEP][PASSED] - break: null

2023-11-01 15:39:12 - [TEST_STEP][PASSED] - delay(1): Delayed 1 second(s)

2023-11-01 15:39:13 - [MESSAGE][PASSED] - Delayed 1 second(s)

2023-11-01 15:39:13 - [TEST_STEP][PASSED] - switch (Paymenttype): null

2023-11-01 15:39:13 - [TEST_STEP][PASSED] - case "Existing Liability w/Notice Number":: null

2023-11-01 15:39:13 - [TEST_STEP][PASSED] - if (feinSsn.equalsIgnoreCase("Y")): null

2023-11-01 15:39:13 - [TEST_STEP][PASSED] - else: Text ****** has been set on object 'Object Repository/RAD_RecordAndPlay/input_Existing_RetypeFEIN'

2023-11-01 15:39:13 - [TEST_STEP][PASSED] - setEncryptedText(findTestObject("Object Repository/RAD_RecordAndPlay/input_Existing_FEIN"), "iGDxf8hSRT4="): Text ****** has been set on object 'Object Repository/RAD_RecordAndPlay/input_Existing_FEIN'

2023-11-01 15:39:14 - [MESSAGE][PASSED] - Text ****** has been set on object 'Object Repository/RAD_RecordAndPlay/input_Existing_FEIN'

2023-11-01 15:39:14 - [TEST_STEP][PASSED] - setEncryptedText(findTestObject("Object Repository/RAD_RecordAndPlay/input_Existing_RetypeFEIN"), ""): Text ****** has been set on object 'Object Repository/RAD_RecordAndPlay/input_Existing_RetypeFEIN'

2023-11-01 15:39:14 - [MESSAGE][PASSED] - Text ****** has been set on object 'Object Repository/RAD_RecordAndPlay/input_Existing_RetypeFEIN'

2023-11-01 15:39:14 - [TEST_STEP][PASSED] - break: null

2023-11-01 15:39:14 - [TEST_STEP][PASSED] - if (feinSsn.equalsIgnoreCase("Y")): null

2023-11-01 15:39:14 - [TEST_STEP][PASSED] - else: null

2023-11-01 15:39:14 - [TEST_STEP][PASSED] - if (verifyTextPresent("Please enter a valid FEIN with 9 digits.", true)): null

2023-11-01 15:39:15 - [MESSAGE][PASSED] - Text 'Please enter a valid FEIN with 9 digits.' is present on page  using regular expression

2023-11-01 15:39:15 - [TEST_STEP][PASSED] - println("Error Message is present on the page"): null

2023-11-01 15:39:15 - [TEST_STEP][PASSED] - out.println("Pass Record Number: " + row): null

2023-11-01 15:39:15 - [TEST_STEP][PASSED] - resText = "Pass": null

2023-11-01 15:39:15 - [TEST_STEP][PASSED] - pages.WriteExcel.demoKey(resText, datText, resColumn, datCloumn, fileLoc, nameSheet, row): pages.WriteExcel.demoKey is PASSED

2023-11-01 15:39:15 - [MESSAGE][PASSED] - pages.WriteExcel.demoKey is PASSED

2023-11-01 15:39:15 - [TEST_STEP][PASSED] - ExecuteTC = findTestData(dataFile).getValue("Execute", row): null

2023-11-01 15:39:15 - [TEST_STEP][PASSED] - Taxtype = findTestData(dataFile).getValue("TaxType", row): null

2023-11-01 15:39:15 - [TEST_STEP][PASSED] - Paymenttype = findTestData(dataFile).getValue("PaymentType", row): null

2023-11-01 15:39:15 - [TEST_STEP][PASSED] - feinSsn = findTestData(dataFile).getValue("FEINSSN", row): null

2023-11-01 15:39:15 - [TEST_STEP][PASSED] - out.println("Value of Execute is : " + ExecuteTC): null

2023-11-01 15:39:15 - [TEST_STEP][PASSED] - if (ExecuteTC.equalsIgnoreCase("Y")): null

2023-11-01 15:39:15 - [TEST_STEP][PASSED] - out.println("Begin Record Number: " + row): null

2023-11-01 15:39:15 - [TEST_STEP][PASSED] - today = new java.util.Date(): null

2023-11-01 15:39:15 - [TEST_STEP][PASSED] - println(today): null

2023-11-01 15:39:15 - [TEST_STEP][PASSED] - datText = today: null

2023-11-01 15:39:15 - [TEST_STEP][PASSED] - Taxtype = findTestData(dataFile).getValue("TaxType", row): null

2023-11-01 15:39:15 - [TEST_STEP][PASSED] - out.println("Taxtype value is : " + Taxtype): null

2023-11-01 15:39:15 - [TEST_STEP][PASSED] - openBrowser(""): Browser is opened with url: ''

2023-11-01 15:39:15 - [MESSAGE][WARNING] - A browser is already opened. Closing browser and opening a new one

2023-11-01 15:39:16 - [MESSAGE][INFO] - Starting 'Chrome' driver

2023-11-01 15:39:16 - [MESSAGE][INFO] - User set preference: ['acceptInsecureCerts', 'true']

2023-11-01 15:39:16 - [MESSAGE][INFO] - Action delay is set to 0 milliseconds

2023-11-01 15:39:18 - [MESSAGE][PASSED] - Browser is opened with url: ''

2023-11-01 15:39:18 - [TEST_STEP][PASSED] - maximizeWindow(): Current window maximized

2023-11-01 15:39:18 - [MESSAGE][PASSED] - Current window maximized

2023-11-01 15:39:18 - [TEST_STEP][PASSED] - navigateToUrl(RADurl): Navigate to 'https://qa2.velocitypayment.com/client/rad/index.html' successfully

2023-11-01 15:39:19 - [MESSAGE][PASSED] - Navigate to 'https://qa2.velocitypayment.com/client/rad/index.html' successfully

2023-11-01 15:39:19 - [TEST_STEP][PASSED] - orPath_Landing = "Object Repository/RAD_Pages/Landing_Page": null

2023-11-01 15:39:19 - [TEST_STEP][PASSED] - orPath_TaxTypeFilingYear = "Object Repository/RAD_Pages/TaxTypeFilingYear_Page": null

2023-11-01 15:39:19 - [TEST_STEP][PASSED] - orPath_TaxPayer = "Object Repository/RAD_Pages/Taxpayer_Page": null

2023-11-01 15:39:19 - [TEST_STEP][PASSED] - orPath_AddressContact = "Object Repository/RAD_Pages/AddressAndContactInfo_Page": null

2023-11-01 15:39:19 - [TEST_STEP][PASSED] - orPath_FilingStatus = "Object Repository/RAD_Pages/FilingStatus_Page": null

2023-11-01 15:39:19 - [TEST_STEP][PASSED] - orPath_Amount = "Object Repository/RAD_Pages/PaymentAmount_Page": null

2023-11-01 15:39:19 - [TEST_STEP][PASSED] - orPath_TaxInfo = "Object Repository/RAD_Pages/TaxInfo_Page": null

2023-11-01 15:39:19 - [TEST_STEP][PASSED] - orPath_Withholding = "Object Repository/RAD_Pages/Withholding_Page": null

2023-11-01 15:39:19 - [TEST_STEP][PASSED] - orPath_Summary = "Object Repository/RAD_Pages/Summary_Page": null

2023-11-01 15:39:19 - [TEST_STEP][PASSED] - orPath_PaymentReady = "Object Repository/RAD_Pages/PaymentReady_Page": null

2023-11-01 15:39:19 - [TEST_STEP][PASSED] - orPath_PaymentEntry = "Object Repository/RAD_Pages/PaymentEntry_Page": null

2023-11-01 15:39:19 - [TEST_STEP][PASSED] - orPath_PaymentConfirmation = "Object Repository/RAD_Pages/PaymentConfirmation_Page": null

2023-11-01 15:39:19 - [TEST_STEP][PASSED] - orPath_ServiceFeesAccept = "Object Repository/RAD_Pages/ServiceFeeAccept_Page": null

2023-11-01 15:39:19 - [TEST_STEP][PASSED] - selectOptionByLabel(findTestObject(orPath_Landing + "/dd_TaxType"), Paymenttype, false): All options with label 'Existing Liability w/Notice Number' are selected in object 'Object Repository/RAD_Pages/Landing_Page/dd_TaxType' 

2023-11-01 15:39:20 - [MESSAGE][PASSED] - All options with label 'Existing Liability w/Notice Number' are selected in object 'Object Repository/RAD_Pages/Landing_Page/dd_TaxType' 

2023-11-01 15:39:20 - [TEST_STEP][PASSED] - delay(1): Delayed 1 second(s)

2023-11-01 15:39:21 - [MESSAGE][PASSED] - Delayed 1 second(s)

2023-11-01 15:39:21 - [TEST_STEP][PASSED] - switch (Paymenttype): null

2023-11-01 15:39:21 - [TEST_STEP][PASSED] - case "Existing Liability w/Notice Number":: null

2023-11-01 15:39:21 - [TEST_STEP][PASSED] - selectOptionByLabel(findTestObject(orPath_TaxTypeFilingYear + "/select_TaxType_ExistingLiability"), Taxtype, false): All options with label 'Corporate Income Tax' are selected in object 'Object Repository/RAD_Pages/TaxTypeFilingYear_Page/select_TaxType_ExistingLiability' 

2023-11-01 15:39:22 - [MESSAGE][PASSED] - All options with label 'Corporate Income Tax' are selected in object 'Object Repository/RAD_Pages/TaxTypeFilingYear_Page/select_TaxType_ExistingLiability' 

2023-11-01 15:39:22 - [TEST_STEP][PASSED] - break: null

2023-11-01 15:39:22 - [TEST_STEP][PASSED] - delay(1): Delayed 1 second(s)

2023-11-01 15:39:23 - [MESSAGE][PASSED] - Delayed 1 second(s)

2023-11-01 15:39:23 - [TEST_STEP][PASSED] - switch (Paymenttype): null

2023-11-01 15:39:23 - [TEST_STEP][PASSED] - case "Existing Liability w/Notice Number":: null

2023-11-01 15:39:23 - [TEST_STEP][PASSED] - if (feinSsn.equalsIgnoreCase("Y")): null

2023-11-01 15:39:23 - [TEST_STEP][PASSED] - else: Text ****** has been set on object 'Object Repository/RAD_RecordAndPlay/input_Existing_RetypeFEIN'

2023-11-01 15:39:23 - [TEST_STEP][PASSED] - setEncryptedText(findTestObject("Object Repository/RAD_RecordAndPlay/input_Existing_FEIN"), "iGDxf8hSRT4="): Text ****** has been set on object 'Object Repository/RAD_RecordAndPlay/input_Existing_FEIN'

2023-11-01 15:39:23 - [MESSAGE][PASSED] - Text ****** has been set on object 'Object Repository/RAD_RecordAndPlay/input_Existing_FEIN'

2023-11-01 15:39:23 - [TEST_STEP][PASSED] - setEncryptedText(findTestObject("Object Repository/RAD_RecordAndPlay/input_Existing_RetypeFEIN"), ""): Text ****** has been set on object 'Object Repository/RAD_RecordAndPlay/input_Existing_RetypeFEIN'

2023-11-01 15:39:24 - [MESSAGE][PASSED] - Text ****** has been set on object 'Object Repository/RAD_RecordAndPlay/input_Existing_RetypeFEIN'

2023-11-01 15:39:24 - [TEST_STEP][PASSED] - break: null

2023-11-01 15:39:24 - [TEST_STEP][PASSED] - if (feinSsn.equalsIgnoreCase("Y")): null

2023-11-01 15:39:24 - [TEST_STEP][PASSED] - else: null

2023-11-01 15:39:24 - [TEST_STEP][PASSED] - if (verifyTextPresent("Please enter a valid FEIN with 9 digits.", true)): null

2023-11-01 15:39:24 - [MESSAGE][PASSED] - Text 'Please enter a valid FEIN with 9 digits.' is present on page  using regular expression

2023-11-01 15:39:24 - [TEST_STEP][PASSED] - println("Error Message is present on the page"): null

2023-11-01 15:39:24 - [TEST_STEP][PASSED] - out.println("Pass Record Number: " + row): null

2023-11-01 15:39:24 - [TEST_STEP][PASSED] - resText = "Pass": null

2023-11-01 15:39:24 - [TEST_STEP][PASSED] - pages.WriteExcel.demoKey(resText, datText, resColumn, datCloumn, fileLoc, nameSheet, row): pages.WriteExcel.demoKey is PASSED

2023-11-01 15:39:24 - [MESSAGE][PASSED] - pages.WriteExcel.demoKey is PASSED

2023-11-01 15:39:24 - [TEST_STEP][PASSED] - ExecuteTC = findTestData(dataFile).getValue("Execute", row): null

2023-11-01 15:39:25 - [TEST_STEP][PASSED] - Taxtype = findTestData(dataFile).getValue("TaxType", row): null

2023-11-01 15:39:25 - [TEST_STEP][PASSED] - Paymenttype = findTestData(dataFile).getValue("PaymentType", row): null

2023-11-01 15:39:25 - [TEST_STEP][PASSED] - feinSsn = findTestData(dataFile).getValue("FEINSSN", row): null

2023-11-01 15:39:25 - [TEST_STEP][PASSED] - out.println("Value of Execute is : " + ExecuteTC): null

2023-11-01 15:39:25 - [TEST_STEP][PASSED] - if (ExecuteTC.equalsIgnoreCase("Y")): null

2023-11-01 15:39:25 - [TEST_STEP][PASSED] - out.println("Begin Record Number: " + row): null

2023-11-01 15:39:25 - [TEST_STEP][PASSED] - today = new java.util.Date(): null

2023-11-01 15:39:25 - [TEST_STEP][PASSED] - println(today): null

2023-11-01 15:39:25 - [TEST_STEP][PASSED] - datText = today: null

2023-11-01 15:39:25 - [TEST_STEP][PASSED] - Taxtype = findTestData(dataFile).getValue("TaxType", row): null

2023-11-01 15:39:25 - [TEST_STEP][PASSED] - out.println("Taxtype value is : " + Taxtype): null

2023-11-01 15:39:25 - [TEST_STEP][PASSED] - openBrowser(""): Browser is opened with url: ''

2023-11-01 15:39:25 - [MESSAGE][WARNING] - A browser is already opened. Closing browser and opening a new one

2023-11-01 15:39:26 - [MESSAGE][INFO] - Starting 'Chrome' driver

2023-11-01 15:39:26 - [MESSAGE][INFO] - User set preference: ['acceptInsecureCerts', 'true']

2023-11-01 15:39:26 - [MESSAGE][INFO] - Action delay is set to 0 milliseconds

2023-11-01 15:39:27 - [MESSAGE][PASSED] - Browser is opened with url: ''

2023-11-01 15:39:27 - [TEST_STEP][PASSED] - maximizeWindow(): Current window maximized

2023-11-01 15:39:27 - [MESSAGE][PASSED] - Current window maximized

2023-11-01 15:39:27 - [TEST_STEP][PASSED] - navigateToUrl(RADurl): Navigate to 'https://qa2.velocitypayment.com/client/rad/index.html' successfully

2023-11-01 15:39:29 - [MESSAGE][PASSED] - Navigate to 'https://qa2.velocitypayment.com/client/rad/index.html' successfully

2023-11-01 15:39:29 - [TEST_STEP][PASSED] - orPath_Landing = "Object Repository/RAD_Pages/Landing_Page": null

2023-11-01 15:39:29 - [TEST_STEP][PASSED] - orPath_TaxTypeFilingYear = "Object Repository/RAD_Pages/TaxTypeFilingYear_Page": null

2023-11-01 15:39:29 - [TEST_STEP][PASSED] - orPath_TaxPayer = "Object Repository/RAD_Pages/Taxpayer_Page": null

2023-11-01 15:39:29 - [TEST_STEP][PASSED] - orPath_AddressContact = "Object Repository/RAD_Pages/AddressAndContactInfo_Page": null

2023-11-01 15:39:29 - [TEST_STEP][PASSED] - orPath_FilingStatus = "Object Repository/RAD_Pages/FilingStatus_Page": null

2023-11-01 15:39:29 - [TEST_STEP][PASSED] - orPath_Amount = "Object Repository/RAD_Pages/PaymentAmount_Page": null

2023-11-01 15:39:29 - [TEST_STEP][PASSED] - orPath_TaxInfo = "Object Repository/RAD_Pages/TaxInfo_Page": null

2023-11-01 15:39:29 - [TEST_STEP][PASSED] - orPath_Withholding = "Object Repository/RAD_Pages/Withholding_Page": null

2023-11-01 15:39:29 - [TEST_STEP][PASSED] - orPath_Summary = "Object Repository/RAD_Pages/Summary_Page": null

2023-11-01 15:39:29 - [TEST_STEP][PASSED] - orPath_PaymentReady = "Object Repository/RAD_Pages/PaymentReady_Page": null

2023-11-01 15:39:29 - [TEST_STEP][PASSED] - orPath_PaymentEntry = "Object Repository/RAD_Pages/PaymentEntry_Page": null

2023-11-01 15:39:29 - [TEST_STEP][PASSED] - orPath_PaymentConfirmation = "Object Repository/RAD_Pages/PaymentConfirmation_Page": null

2023-11-01 15:39:29 - [TEST_STEP][PASSED] - orPath_ServiceFeesAccept = "Object Repository/RAD_Pages/ServiceFeeAccept_Page": null

2023-11-01 15:39:29 - [TEST_STEP][PASSED] - selectOptionByLabel(findTestObject(orPath_Landing + "/dd_TaxType"), Paymenttype, false): All options with label 'Existing Liability w/Notice Number' are selected in object 'Object Repository/RAD_Pages/Landing_Page/dd_TaxType' 

2023-11-01 15:39:29 - [MESSAGE][PASSED] - All options with label 'Existing Liability w/Notice Number' are selected in object 'Object Repository/RAD_Pages/Landing_Page/dd_TaxType' 

2023-11-01 15:39:29 - [TEST_STEP][PASSED] - delay(1): Delayed 1 second(s)

2023-11-01 15:39:30 - [MESSAGE][PASSED] - Delayed 1 second(s)

2023-11-01 15:39:30 - [TEST_STEP][PASSED] - switch (Paymenttype): null

2023-11-01 15:39:30 - [TEST_STEP][PASSED] - case "Existing Liability w/Notice Number":: null

2023-11-01 15:39:30 - [TEST_STEP][PASSED] - selectOptionByLabel(findTestObject(orPath_TaxTypeFilingYear + "/select_TaxType_ExistingLiability"), Taxtype, false): All options with label 'Fiduciary Tax' are selected in object 'Object Repository/RAD_Pages/TaxTypeFilingYear_Page/select_TaxType_ExistingLiability' 

2023-11-01 15:39:31 - [MESSAGE][PASSED] - All options with label 'Fiduciary Tax' are selected in object 'Object Repository/RAD_Pages/TaxTypeFilingYear_Page/select_TaxType_ExistingLiability' 

2023-11-01 15:39:31 - [TEST_STEP][PASSED] - break: null

2023-11-01 15:39:31 - [TEST_STEP][PASSED] - delay(1): Delayed 1 second(s)

2023-11-01 15:39:32 - [MESSAGE][PASSED] - Delayed 1 second(s)

2023-11-01 15:39:32 - [TEST_STEP][PASSED] - switch (Paymenttype): null

2023-11-01 15:39:32 - [TEST_STEP][PASSED] - case "Existing Liability w/Notice Number":: null

2023-11-01 15:39:32 - [TEST_STEP][PASSED] - if (feinSsn.equalsIgnoreCase("Y")): null

2023-11-01 15:39:32 - [TEST_STEP][PASSED] - else: Text ****** has been set on object 'Object Repository/RAD_RecordAndPlay/input_Existing_RetypeFEIN'

2023-11-01 15:39:32 - [TEST_STEP][PASSED] - setEncryptedText(findTestObject("Object Repository/RAD_RecordAndPlay/input_Existing_FEIN"), "iGDxf8hSRT4="): Text ****** has been set on object 'Object Repository/RAD_RecordAndPlay/input_Existing_FEIN'

2023-11-01 15:39:33 - [MESSAGE][PASSED] - Text ****** has been set on object 'Object Repository/RAD_RecordAndPlay/input_Existing_FEIN'

2023-11-01 15:39:33 - [TEST_STEP][PASSED] - setEncryptedText(findTestObject("Object Repository/RAD_RecordAndPlay/input_Existing_RetypeFEIN"), ""): Text ****** has been set on object 'Object Repository/RAD_RecordAndPlay/input_Existing_RetypeFEIN'

2023-11-01 15:39:33 - [MESSAGE][PASSED] - Text ****** has been set on object 'Object Repository/RAD_RecordAndPlay/input_Existing_RetypeFEIN'

2023-11-01 15:39:33 - [TEST_STEP][PASSED] - break: null

2023-11-01 15:39:33 - [TEST_STEP][PASSED] - if (feinSsn.equalsIgnoreCase("Y")): null

2023-11-01 15:39:33 - [TEST_STEP][PASSED] - else: null

2023-11-01 15:39:33 - [TEST_STEP][PASSED] - if (verifyTextPresent("Please enter a valid FEIN with 9 digits.", true)): null

2023-11-01 15:39:34 - [MESSAGE][PASSED] - Text 'Please enter a valid FEIN with 9 digits.' is present on page  using regular expression

2023-11-01 15:39:34 - [TEST_STEP][PASSED] - println("Error Message is present on the page"): null

2023-11-01 15:39:34 - [TEST_STEP][PASSED] - out.println("Pass Record Number: " + row): null

2023-11-01 15:39:34 - [TEST_STEP][PASSED] - resText = "Pass": null

2023-11-01 15:39:34 - [TEST_STEP][PASSED] - pages.WriteExcel.demoKey(resText, datText, resColumn, datCloumn, fileLoc, nameSheet, row): pages.WriteExcel.demoKey is PASSED

2023-11-01 15:39:34 - [MESSAGE][PASSED] - pages.WriteExcel.demoKey is PASSED

2023-11-01 15:39:34 - [TEST_STEP][PASSED] - ExecuteTC = findTestData(dataFile).getValue("Execute", row): null

2023-11-01 15:39:34 - [TEST_STEP][PASSED] - Taxtype = findTestData(dataFile).getValue("TaxType", row): null

2023-11-01 15:39:34 - [TEST_STEP][PASSED] - Paymenttype = findTestData(dataFile).getValue("PaymentType", row): null

2023-11-01 15:39:34 - [TEST_STEP][PASSED] - feinSsn = findTestData(dataFile).getValue("FEINSSN", row): null

2023-11-01 15:39:34 - [TEST_STEP][PASSED] - out.println("Value of Execute is : " + ExecuteTC): null

2023-11-01 15:39:34 - [TEST_STEP][PASSED] - if (ExecuteTC.equalsIgnoreCase("Y")): null

2023-11-01 15:39:34 - [TEST_STEP][PASSED] - out.println("Begin Record Number: " + row): null

2023-11-01 15:39:34 - [TEST_STEP][PASSED] - today = new java.util.Date(): null

2023-11-01 15:39:34 - [TEST_STEP][PASSED] - println(today): null

2023-11-01 15:39:34 - [TEST_STEP][PASSED] - datText = today: null

2023-11-01 15:39:34 - [TEST_STEP][PASSED] - Taxtype = findTestData(dataFile).getValue("TaxType", row): null

2023-11-01 15:39:34 - [TEST_STEP][PASSED] - out.println("Taxtype value is : " + Taxtype): null

2023-11-01 15:39:34 - [TEST_STEP][PASSED] - openBrowser(""): Browser is opened with url: ''

2023-11-01 15:39:34 - [MESSAGE][WARNING] - A browser is already opened. Closing browser and opening a new one

2023-11-01 15:39:35 - [MESSAGE][INFO] - Starting 'Chrome' driver

2023-11-01 15:39:35 - [MESSAGE][INFO] - User set preference: ['acceptInsecureCerts', 'true']

2023-11-01 15:39:35 - [MESSAGE][INFO] - Action delay is set to 0 milliseconds

2023-11-01 15:39:37 - [MESSAGE][PASSED] - Browser is opened with url: ''

2023-11-01 15:39:37 - [TEST_STEP][PASSED] - maximizeWindow(): Current window maximized

2023-11-01 15:39:37 - [MESSAGE][PASSED] - Current window maximized

2023-11-01 15:39:37 - [TEST_STEP][PASSED] - navigateToUrl(RADurl): Navigate to 'https://qa2.velocitypayment.com/client/rad/index.html' successfully

2023-11-01 15:39:38 - [MESSAGE][PASSED] - Navigate to 'https://qa2.velocitypayment.com/client/rad/index.html' successfully

2023-11-01 15:39:38 - [TEST_STEP][PASSED] - orPath_Landing = "Object Repository/RAD_Pages/Landing_Page": null

2023-11-01 15:39:38 - [TEST_STEP][PASSED] - orPath_TaxTypeFilingYear = "Object Repository/RAD_Pages/TaxTypeFilingYear_Page": null

2023-11-01 15:39:38 - [TEST_STEP][PASSED] - orPath_TaxPayer = "Object Repository/RAD_Pages/Taxpayer_Page": null

2023-11-01 15:39:38 - [TEST_STEP][PASSED] - orPath_AddressContact = "Object Repository/RAD_Pages/AddressAndContactInfo_Page": null

2023-11-01 15:39:38 - [TEST_STEP][PASSED] - orPath_FilingStatus = "Object Repository/RAD_Pages/FilingStatus_Page": null

2023-11-01 15:39:38 - [TEST_STEP][PASSED] - orPath_Amount = "Object Repository/RAD_Pages/PaymentAmount_Page": null

2023-11-01 15:39:38 - [TEST_STEP][PASSED] - orPath_TaxInfo = "Object Repository/RAD_Pages/TaxInfo_Page": null

2023-11-01 15:39:38 - [TEST_STEP][PASSED] - orPath_Withholding = "Object Repository/RAD_Pages/Withholding_Page": null

2023-11-01 15:39:38 - [TEST_STEP][PASSED] - orPath_Summary = "Object Repository/RAD_Pages/Summary_Page": null

2023-11-01 15:39:38 - [TEST_STEP][PASSED] - orPath_PaymentReady = "Object Repository/RAD_Pages/PaymentReady_Page": null

2023-11-01 15:39:38 - [TEST_STEP][PASSED] - orPath_PaymentEntry = "Object Repository/RAD_Pages/PaymentEntry_Page": null

2023-11-01 15:39:38 - [TEST_STEP][PASSED] - orPath_PaymentConfirmation = "Object Repository/RAD_Pages/PaymentConfirmation_Page": null

2023-11-01 15:39:38 - [TEST_STEP][PASSED] - orPath_ServiceFeesAccept = "Object Repository/RAD_Pages/ServiceFeeAccept_Page": null

2023-11-01 15:39:38 - [TEST_STEP][PASSED] - selectOptionByLabel(findTestObject(orPath_Landing + "/dd_TaxType"), Paymenttype, false): All options with label 'Existing Liability w/Notice Number' are selected in object 'Object Repository/RAD_Pages/Landing_Page/dd_TaxType' 

2023-11-01 15:39:39 - [MESSAGE][PASSED] - All options with label 'Existing Liability w/Notice Number' are selected in object 'Object Repository/RAD_Pages/Landing_Page/dd_TaxType' 

2023-11-01 15:39:39 - [TEST_STEP][PASSED] - delay(1): Delayed 1 second(s)

2023-11-01 15:39:40 - [MESSAGE][PASSED] - Delayed 1 second(s)

2023-11-01 15:39:40 - [TEST_STEP][PASSED] - switch (Paymenttype): null

2023-11-01 15:39:40 - [TEST_STEP][PASSED] - case "Existing Liability w/Notice Number":: null

2023-11-01 15:39:40 - [TEST_STEP][PASSED] - selectOptionByLabel(findTestObject(orPath_TaxTypeFilingYear + "/select_TaxType_ExistingLiability"), Taxtype, false): All options with label 'PTE Non-Electing Non-S Corp' are selected in object 'Object Repository/RAD_Pages/TaxTypeFilingYear_Page/select_TaxType_ExistingLiability' 

2023-11-01 15:39:40 - [MESSAGE][PASSED] - All options with label 'PTE Non-Electing Non-S Corp' are selected in object 'Object Repository/RAD_Pages/TaxTypeFilingYear_Page/select_TaxType_ExistingLiability' 

2023-11-01 15:39:40 - [TEST_STEP][PASSED] - break: null

2023-11-01 15:39:40 - [TEST_STEP][PASSED] - delay(1): Delayed 1 second(s)

2023-11-01 15:39:41 - [MESSAGE][PASSED] - Delayed 1 second(s)

2023-11-01 15:39:41 - [TEST_STEP][PASSED] - switch (Paymenttype): null

2023-11-01 15:39:41 - [TEST_STEP][PASSED] - case "Existing Liability w/Notice Number":: null

2023-11-01 15:39:41 - [TEST_STEP][PASSED] - if (feinSsn.equalsIgnoreCase("Y")): Text ****** has been set on object 'Object Repository/RAD_Pages/TaxInfo_Page/input_TaxInfo_RetypefeinSsn_Existing_New'

2023-11-01 15:39:41 - [TEST_STEP][PASSED] - setEncryptedText(findTestObject(orPath_TaxInfo + "/input_TaxInfo_feinSsn_Existing_New"), "iGDxf8hSRT4="): Text ****** has been set on object 'Object Repository/RAD_Pages/TaxInfo_Page/input_TaxInfo_feinSsn_Existing_New'

2023-11-01 15:39:42 - [MESSAGE][PASSED] - Text ****** has been set on object 'Object Repository/RAD_Pages/TaxInfo_Page/input_TaxInfo_feinSsn_Existing_New'

2023-11-01 15:39:42 - [TEST_STEP][PASSED] - setEncryptedText(findTestObject(orPath_TaxInfo + "/input_TaxInfo_RetypefeinSsn_Existing_New"), ""): Text ****** has been set on object 'Object Repository/RAD_Pages/TaxInfo_Page/input_TaxInfo_RetypefeinSsn_Existing_New'

2023-11-01 15:39:42 - [MESSAGE][PASSED] - Text ****** has been set on object 'Object Repository/RAD_Pages/TaxInfo_Page/input_TaxInfo_RetypefeinSsn_Existing_New'

2023-11-01 15:39:43 - [TEST_STEP][PASSED] - break: null

2023-11-01 15:39:43 - [TEST_STEP][PASSED] - if (feinSsn.equalsIgnoreCase("Y")): null

2023-11-01 15:39:43 - [TEST_STEP][PASSED] - if (verifyTextPresent("Please enter a valid FEIN/SSN with 9 digits", true)): null

2023-11-01 15:39:43 - [MESSAGE][PASSED] - Text 'Please enter a valid FEIN/SSN with 9 digits' is present on page  using regular expression

2023-11-01 15:39:43 - [TEST_STEP][PASSED] - println("Error Message is present on the page"): null

2023-11-01 15:39:43 - [TEST_STEP][PASSED] - out.println("Pass Record Number: " + row): null

2023-11-01 15:39:43 - [TEST_STEP][PASSED] - resText = "Pass": null

2023-11-01 15:39:43 - [TEST_STEP][PASSED] - pages.WriteExcel.demoKey(resText, datText, resColumn, datCloumn, fileLoc, nameSheet, row): pages.WriteExcel.demoKey is PASSED

2023-11-01 15:39:43 - [MESSAGE][PASSED] - pages.WriteExcel.demoKey is PASSED

2023-11-01 15:39:43 - [TEST_STEP][PASSED] - ExecuteTC = findTestData(dataFile).getValue("Execute", row): null

2023-11-01 15:39:43 - [TEST_STEP][PASSED] - Taxtype = findTestData(dataFile).getValue("TaxType", row): null

2023-11-01 15:39:43 - [TEST_STEP][PASSED] - Paymenttype = findTestData(dataFile).getValue("PaymentType", row): null

2023-11-01 15:39:43 - [TEST_STEP][PASSED] - feinSsn = findTestData(dataFile).getValue("FEINSSN", row): null

2023-11-01 15:39:43 - [TEST_STEP][PASSED] - out.println("Value of Execute is : " + ExecuteTC): null

2023-11-01 15:39:43 - [TEST_STEP][PASSED] - if (ExecuteTC.equalsIgnoreCase("Y")): null

2023-11-01 15:39:43 - [TEST_STEP][PASSED] - out.println("Begin Record Number: " + row): null

2023-11-01 15:39:43 - [TEST_STEP][PASSED] - today = new java.util.Date(): null

2023-11-01 15:39:43 - [TEST_STEP][PASSED] - println(today): null

2023-11-01 15:39:43 - [TEST_STEP][PASSED] - datText = today: null

2023-11-01 15:39:43 - [TEST_STEP][PASSED] - Taxtype = findTestData(dataFile).getValue("TaxType", row): null

2023-11-01 15:39:43 - [TEST_STEP][PASSED] - out.println("Taxtype value is : " + Taxtype): null

2023-11-01 15:39:43 - [TEST_STEP][PASSED] - openBrowser(""): Browser is opened with url: ''

2023-11-01 15:39:43 - [MESSAGE][WARNING] - A browser is already opened. Closing browser and opening a new one

2023-11-01 15:39:44 - [MESSAGE][INFO] - Starting 'Chrome' driver

2023-11-01 15:39:44 - [MESSAGE][INFO] - User set preference: ['acceptInsecureCerts', 'true']

2023-11-01 15:39:44 - [MESSAGE][INFO] - Action delay is set to 0 milliseconds

2023-11-01 15:39:46 - [MESSAGE][PASSED] - Browser is opened with url: ''

2023-11-01 15:39:46 - [TEST_STEP][PASSED] - maximizeWindow(): Current window maximized

2023-11-01 15:39:46 - [MESSAGE][PASSED] - Current window maximized

2023-11-01 15:39:46 - [TEST_STEP][PASSED] - navigateToUrl(RADurl): Navigate to 'https://qa2.velocitypayment.com/client/rad/index.html' successfully

2023-11-01 15:39:48 - [MESSAGE][PASSED] - Navigate to 'https://qa2.velocitypayment.com/client/rad/index.html' successfully

2023-11-01 15:39:48 - [TEST_STEP][PASSED] - orPath_Landing = "Object Repository/RAD_Pages/Landing_Page": null

2023-11-01 15:39:48 - [TEST_STEP][PASSED] - orPath_TaxTypeFilingYear = "Object Repository/RAD_Pages/TaxTypeFilingYear_Page": null

2023-11-01 15:39:48 - [TEST_STEP][PASSED] - orPath_TaxPayer = "Object Repository/RAD_Pages/Taxpayer_Page": null

2023-11-01 15:39:48 - [TEST_STEP][PASSED] - orPath_AddressContact = "Object Repository/RAD_Pages/AddressAndContactInfo_Page": null

2023-11-01 15:39:48 - [TEST_STEP][PASSED] - orPath_FilingStatus = "Object Repository/RAD_Pages/FilingStatus_Page": null

2023-11-01 15:39:48 - [TEST_STEP][PASSED] - orPath_Amount = "Object Repository/RAD_Pages/PaymentAmount_Page": null

2023-11-01 15:39:48 - [TEST_STEP][PASSED] - orPath_TaxInfo = "Object Repository/RAD_Pages/TaxInfo_Page": null

2023-11-01 15:39:48 - [TEST_STEP][PASSED] - orPath_Withholding = "Object Repository/RAD_Pages/Withholding_Page": null

2023-11-01 15:39:48 - [TEST_STEP][PASSED] - orPath_Summary = "Object Repository/RAD_Pages/Summary_Page": null

2023-11-01 15:39:48 - [TEST_STEP][PASSED] - orPath_PaymentReady = "Object Repository/RAD_Pages/PaymentReady_Page": null

2023-11-01 15:39:48 - [TEST_STEP][PASSED] - orPath_PaymentEntry = "Object Repository/RAD_Pages/PaymentEntry_Page": null

2023-11-01 15:39:48 - [TEST_STEP][PASSED] - orPath_PaymentConfirmation = "Object Repository/RAD_Pages/PaymentConfirmation_Page": null

2023-11-01 15:39:48 - [TEST_STEP][PASSED] - orPath_ServiceFeesAccept = "Object Repository/RAD_Pages/ServiceFeeAccept_Page": null

2023-11-01 15:39:48 - [TEST_STEP][PASSED] - selectOptionByLabel(findTestObject(orPath_Landing + "/dd_TaxType"), Paymenttype, false): All options with label 'Existing Liability w/Notice Number' are selected in object 'Object Repository/RAD_Pages/Landing_Page/dd_TaxType' 

2023-11-01 15:39:48 - [MESSAGE][PASSED] - All options with label 'Existing Liability w/Notice Number' are selected in object 'Object Repository/RAD_Pages/Landing_Page/dd_TaxType' 

2023-11-01 15:39:48 - [TEST_STEP][PASSED] - delay(1): Delayed 1 second(s)

2023-11-01 15:39:49 - [MESSAGE][PASSED] - Delayed 1 second(s)

2023-11-01 15:39:49 - [TEST_STEP][PASSED] - switch (Paymenttype): null

2023-11-01 15:39:49 - [TEST_STEP][PASSED] - case "Existing Liability w/Notice Number":: null

2023-11-01 15:39:49 - [TEST_STEP][PASSED] - selectOptionByLabel(findTestObject(orPath_TaxTypeFilingYear + "/select_TaxType_ExistingLiability"), Taxtype, false): All options with label 'PTE Non-Electing S Corp' are selected in object 'Object Repository/RAD_Pages/TaxTypeFilingYear_Page/select_TaxType_ExistingLiability' 

2023-11-01 15:39:50 - [MESSAGE][PASSED] - All options with label 'PTE Non-Electing S Corp' are selected in object 'Object Repository/RAD_Pages/TaxTypeFilingYear_Page/select_TaxType_ExistingLiability' 

2023-11-01 15:39:50 - [TEST_STEP][PASSED] - break: null

2023-11-01 15:39:50 - [TEST_STEP][PASSED] - delay(1): Delayed 1 second(s)

2023-11-01 15:39:51 - [MESSAGE][PASSED] - Delayed 1 second(s)

2023-11-01 15:39:51 - [TEST_STEP][PASSED] - switch (Paymenttype): null

2023-11-01 15:39:51 - [TEST_STEP][PASSED] - case "Existing Liability w/Notice Number":: null

2023-11-01 15:39:51 - [TEST_STEP][PASSED] - if (feinSsn.equalsIgnoreCase("Y")): Text ****** has been set on object 'Object Repository/RAD_Pages/TaxInfo_Page/input_TaxInfo_RetypefeinSsn_Existing_New'

2023-11-01 15:39:51 - [TEST_STEP][PASSED] - setEncryptedText(findTestObject(orPath_TaxInfo + "/input_TaxInfo_feinSsn_Existing_New"), "iGDxf8hSRT4="): Text ****** has been set on object 'Object Repository/RAD_Pages/TaxInfo_Page/input_TaxInfo_feinSsn_Existing_New'

2023-11-01 15:39:51 - [MESSAGE][PASSED] - Text ****** has been set on object 'Object Repository/RAD_Pages/TaxInfo_Page/input_TaxInfo_feinSsn_Existing_New'

2023-11-01 15:39:51 - [TEST_STEP][PASSED] - setEncryptedText(findTestObject(orPath_TaxInfo + "/input_TaxInfo_RetypefeinSsn_Existing_New"), ""): Text ****** has been set on object 'Object Repository/RAD_Pages/TaxInfo_Page/input_TaxInfo_RetypefeinSsn_Existing_New'

2023-11-01 15:39:52 - [MESSAGE][PASSED] - Text ****** has been set on object 'Object Repository/RAD_Pages/TaxInfo_Page/input_TaxInfo_RetypefeinSsn_Existing_New'

2023-11-01 15:39:52 - [TEST_STEP][PASSED] - break: null

2023-11-01 15:39:52 - [TEST_STEP][PASSED] - if (feinSsn.equalsIgnoreCase("Y")): null

2023-11-01 15:39:52 - [TEST_STEP][PASSED] - if (verifyTextPresent("Please enter a valid FEIN/SSN with 9 digits", true)): null

2023-11-01 15:39:53 - [MESSAGE][PASSED] - Text 'Please enter a valid FEIN/SSN with 9 digits' is present on page  using regular expression

2023-11-01 15:39:53 - [TEST_STEP][PASSED] - println("Error Message is present on the page"): null

2023-11-01 15:39:53 - [TEST_STEP][PASSED] - out.println("Pass Record Number: " + row): null

2023-11-01 15:39:53 - [TEST_STEP][PASSED] - resText = "Pass": null

2023-11-01 15:39:53 - [TEST_STEP][PASSED] - pages.WriteExcel.demoKey(resText, datText, resColumn, datCloumn, fileLoc, nameSheet, row): pages.WriteExcel.demoKey is PASSED

2023-11-01 15:39:53 - [MESSAGE][PASSED] - pages.WriteExcel.demoKey is PASSED

2023-11-01 15:39:53 - [TEST_STEP][PASSED] - ExecuteTC = findTestData(dataFile).getValue("Execute", row): null

2023-11-01 15:39:53 - [TEST_STEP][PASSED] - Taxtype = findTestData(dataFile).getValue("TaxType", row): null

2023-11-01 15:39:53 - [TEST_STEP][PASSED] - Paymenttype = findTestData(dataFile).getValue("PaymentType", row): null

2023-11-01 15:39:53 - [TEST_STEP][PASSED] - feinSsn = findTestData(dataFile).getValue("FEINSSN", row): null

2023-11-01 15:39:53 - [TEST_STEP][PASSED] - out.println("Value of Execute is : " + ExecuteTC): null

2023-11-01 15:39:53 - [TEST_STEP][PASSED] - if (ExecuteTC.equalsIgnoreCase("Y")): null

2023-11-01 15:39:53 - [TEST_STEP][PASSED] - out.println("Begin Record Number: " + row): null

2023-11-01 15:39:53 - [TEST_STEP][PASSED] - today = new java.util.Date(): null

2023-11-01 15:39:53 - [TEST_STEP][PASSED] - println(today): null

2023-11-01 15:39:53 - [TEST_STEP][PASSED] - datText = today: null

2023-11-01 15:39:53 - [TEST_STEP][PASSED] - Taxtype = findTestData(dataFile).getValue("TaxType", row): null

2023-11-01 15:39:53 - [TEST_STEP][PASSED] - out.println("Taxtype value is : " + Taxtype): null

2023-11-01 15:39:53 - [TEST_STEP][PASSED] - openBrowser(""): Browser is opened with url: ''

2023-11-01 15:39:53 - [MESSAGE][WARNING] - A browser is already opened. Closing browser and opening a new one

2023-11-01 15:39:54 - [MESSAGE][INFO] - Starting 'Chrome' driver

2023-11-01 15:39:54 - [MESSAGE][INFO] - User set preference: ['acceptInsecureCerts', 'true']

2023-11-01 15:39:54 - [MESSAGE][INFO] - Action delay is set to 0 milliseconds

2023-11-01 15:39:55 - [MESSAGE][PASSED] - Browser is opened with url: ''

2023-11-01 15:39:55 - [TEST_STEP][PASSED] - maximizeWindow(): Current window maximized

2023-11-01 15:39:55 - [MESSAGE][PASSED] - Current window maximized

2023-11-01 15:39:55 - [TEST_STEP][PASSED] - navigateToUrl(RADurl): Navigate to 'https://qa2.velocitypayment.com/client/rad/index.html' successfully

2023-11-01 15:39:57 - [MESSAGE][PASSED] - Navigate to 'https://qa2.velocitypayment.com/client/rad/index.html' successfully

2023-11-01 15:39:57 - [TEST_STEP][PASSED] - orPath_Landing = "Object Repository/RAD_Pages/Landing_Page": null

2023-11-01 15:39:57 - [TEST_STEP][PASSED] - orPath_TaxTypeFilingYear = "Object Repository/RAD_Pages/TaxTypeFilingYear_Page": null

2023-11-01 15:39:57 - [TEST_STEP][PASSED] - orPath_TaxPayer = "Object Repository/RAD_Pages/Taxpayer_Page": null

2023-11-01 15:39:57 - [TEST_STEP][PASSED] - orPath_AddressContact = "Object Repository/RAD_Pages/AddressAndContactInfo_Page": null

2023-11-01 15:39:57 - [TEST_STEP][PASSED] - orPath_FilingStatus = "Object Repository/RAD_Pages/FilingStatus_Page": null

2023-11-01 15:39:57 - [TEST_STEP][PASSED] - orPath_Amount = "Object Repository/RAD_Pages/PaymentAmount_Page": null

2023-11-01 15:39:57 - [TEST_STEP][PASSED] - orPath_TaxInfo = "Object Repository/RAD_Pages/TaxInfo_Page": null

2023-11-01 15:39:57 - [TEST_STEP][PASSED] - orPath_Withholding = "Object Repository/RAD_Pages/Withholding_Page": null

2023-11-01 15:39:57 - [TEST_STEP][PASSED] - orPath_Summary = "Object Repository/RAD_Pages/Summary_Page": null

2023-11-01 15:39:57 - [TEST_STEP][PASSED] - orPath_PaymentReady = "Object Repository/RAD_Pages/PaymentReady_Page": null

2023-11-01 15:39:57 - [TEST_STEP][PASSED] - orPath_PaymentEntry = "Object Repository/RAD_Pages/PaymentEntry_Page": null

2023-11-01 15:39:57 - [TEST_STEP][PASSED] - orPath_PaymentConfirmation = "Object Repository/RAD_Pages/PaymentConfirmation_Page": null

2023-11-01 15:39:57 - [TEST_STEP][PASSED] - orPath_ServiceFeesAccept = "Object Repository/RAD_Pages/ServiceFeeAccept_Page": null

2023-11-01 15:39:57 - [TEST_STEP][PASSED] - selectOptionByLabel(findTestObject(orPath_Landing + "/dd_TaxType"), Paymenttype, false): All options with label 'Existing Liability w/Notice Number' are selected in object 'Object Repository/RAD_Pages/Landing_Page/dd_TaxType' 

2023-11-01 15:39:58 - [MESSAGE][PASSED] - All options with label 'Existing Liability w/Notice Number' are selected in object 'Object Repository/RAD_Pages/Landing_Page/dd_TaxType' 

2023-11-01 15:39:58 - [TEST_STEP][PASSED] - delay(1): Delayed 1 second(s)

2023-11-01 15:39:59 - [MESSAGE][PASSED] - Delayed 1 second(s)

2023-11-01 15:39:59 - [TEST_STEP][PASSED] - switch (Paymenttype): null

2023-11-01 15:39:59 - [TEST_STEP][PASSED] - case "Existing Liability w/Notice Number":: null

2023-11-01 15:39:59 - [TEST_STEP][PASSED] - selectOptionByLabel(findTestObject(orPath_TaxTypeFilingYear + "/select_TaxType_ExistingLiability"), Taxtype, false): All options with label 'Sales & Use Tax' are selected in object 'Object Repository/RAD_Pages/TaxTypeFilingYear_Page/select_TaxType_ExistingLiability' 

2023-11-01 15:39:59 - [MESSAGE][PASSED] - All options with label 'Sales & Use Tax' are selected in object 'Object Repository/RAD_Pages/TaxTypeFilingYear_Page/select_TaxType_ExistingLiability' 

2023-11-01 15:39:59 - [TEST_STEP][PASSED] - break: null

2023-11-01 15:39:59 - [TEST_STEP][PASSED] - delay(1): Delayed 1 second(s)

2023-11-01 15:40:00 - [MESSAGE][PASSED] - Delayed 1 second(s)

2023-11-01 15:40:00 - [TEST_STEP][PASSED] - switch (Paymenttype): null

2023-11-01 15:40:00 - [TEST_STEP][PASSED] - case "Existing Liability w/Notice Number":: null

2023-11-01 15:40:00 - [TEST_STEP][PASSED] - if (feinSsn.equalsIgnoreCase("Y")): null

2023-11-01 15:40:00 - [TEST_STEP][PASSED] - else: Text ****** has been set on object 'Object Repository/RAD_RecordAndPlay/input_Existing_RetypeFEIN'

2023-11-01 15:40:00 - [TEST_STEP][PASSED] - setEncryptedText(findTestObject("Object Repository/RAD_RecordAndPlay/input_Existing_FEIN"), "iGDxf8hSRT4="): Text ****** has been set on object 'Object Repository/RAD_RecordAndPlay/input_Existing_FEIN'

2023-11-01 15:40:01 - [MESSAGE][PASSED] - Text ****** has been set on object 'Object Repository/RAD_RecordAndPlay/input_Existing_FEIN'

2023-11-01 15:40:01 - [TEST_STEP][PASSED] - setEncryptedText(findTestObject("Object Repository/RAD_RecordAndPlay/input_Existing_RetypeFEIN"), ""): Text ****** has been set on object 'Object Repository/RAD_RecordAndPlay/input_Existing_RetypeFEIN'

2023-11-01 15:40:01 - [MESSAGE][PASSED] - Text ****** has been set on object 'Object Repository/RAD_RecordAndPlay/input_Existing_RetypeFEIN'

2023-11-01 15:40:01 - [TEST_STEP][PASSED] - break: null

2023-11-01 15:40:01 - [TEST_STEP][PASSED] - if (feinSsn.equalsIgnoreCase("Y")): null

2023-11-01 15:40:01 - [TEST_STEP][PASSED] - else: null

2023-11-01 15:40:01 - [TEST_STEP][PASSED] - if (verifyTextPresent("Please enter a valid FEIN with 9 digits.", true)): null

2023-11-01 15:40:02 - [MESSAGE][PASSED] - Text 'Please enter a valid FEIN with 9 digits.' is present on page  using regular expression

2023-11-01 15:40:02 - [TEST_STEP][PASSED] - println("Error Message is present on the page"): null

2023-11-01 15:40:02 - [TEST_STEP][PASSED] - out.println("Pass Record Number: " + row): null

2023-11-01 15:40:02 - [TEST_STEP][PASSED] - resText = "Pass": null

2023-11-01 15:40:02 - [TEST_STEP][PASSED] - pages.WriteExcel.demoKey(resText, datText, resColumn, datCloumn, fileLoc, nameSheet, row): pages.WriteExcel.demoKey is PASSED

2023-11-01 15:40:02 - [MESSAGE][PASSED] - pages.WriteExcel.demoKey is PASSED

2023-11-01 15:40:02 - [TEST_STEP][PASSED] - ExecuteTC = findTestData(dataFile).getValue("Execute", row): null

2023-11-01 15:40:02 - [TEST_STEP][PASSED] - Taxtype = findTestData(dataFile).getValue("TaxType", row): null

2023-11-01 15:40:02 - [TEST_STEP][PASSED] - Paymenttype = findTestData(dataFile).getValue("PaymentType", row): null

2023-11-01 15:40:02 - [TEST_STEP][PASSED] - feinSsn = findTestData(dataFile).getValue("FEINSSN", row): null

2023-11-01 15:40:02 - [TEST_STEP][PASSED] - out.println("Value of Execute is : " + ExecuteTC): null

2023-11-01 15:40:02 - [TEST_STEP][PASSED] - if (ExecuteTC.equalsIgnoreCase("Y")): null

2023-11-01 15:40:02 - [TEST_STEP][PASSED] - out.println("Begin Record Number: " + row): null

2023-11-01 15:40:02 - [TEST_STEP][PASSED] - today = new java.util.Date(): null

2023-11-01 15:40:02 - [TEST_STEP][PASSED] - println(today): null

2023-11-01 15:40:02 - [TEST_STEP][PASSED] - datText = today: null

2023-11-01 15:40:02 - [TEST_STEP][PASSED] - Taxtype = findTestData(dataFile).getValue("TaxType", row): null

2023-11-01 15:40:02 - [TEST_STEP][PASSED] - out.println("Taxtype value is : " + Taxtype): null

2023-11-01 15:40:02 - [TEST_STEP][PASSED] - openBrowser(""): Browser is opened with url: ''

2023-11-01 15:40:02 - [MESSAGE][WARNING] - A browser is already opened. Closing browser and opening a new one

2023-11-01 15:40:03 - [MESSAGE][INFO] - Starting 'Chrome' driver

2023-11-01 15:40:03 - [MESSAGE][INFO] - User set preference: ['acceptInsecureCerts', 'true']

2023-11-01 15:40:03 - [MESSAGE][INFO] - Action delay is set to 0 milliseconds

2023-11-01 15:40:05 - [MESSAGE][PASSED] - Browser is opened with url: ''

2023-11-01 15:40:05 - [TEST_STEP][PASSED] - maximizeWindow(): Current window maximized

2023-11-01 15:40:05 - [MESSAGE][PASSED] - Current window maximized

2023-11-01 15:40:05 - [TEST_STEP][PASSED] - navigateToUrl(RADurl): Navigate to 'https://qa2.velocitypayment.com/client/rad/index.html' successfully

2023-11-01 15:40:06 - [MESSAGE][PASSED] - Navigate to 'https://qa2.velocitypayment.com/client/rad/index.html' successfully

2023-11-01 15:40:06 - [TEST_STEP][PASSED] - orPath_Landing = "Object Repository/RAD_Pages/Landing_Page": null

2023-11-01 15:40:06 - [TEST_STEP][PASSED] - orPath_TaxTypeFilingYear = "Object Repository/RAD_Pages/TaxTypeFilingYear_Page": null

2023-11-01 15:40:06 - [TEST_STEP][PASSED] - orPath_TaxPayer = "Object Repository/RAD_Pages/Taxpayer_Page": null

2023-11-01 15:40:06 - [TEST_STEP][PASSED] - orPath_AddressContact = "Object Repository/RAD_Pages/AddressAndContactInfo_Page": null

2023-11-01 15:40:06 - [TEST_STEP][PASSED] - orPath_FilingStatus = "Object Repository/RAD_Pages/FilingStatus_Page": null

2023-11-01 15:40:06 - [TEST_STEP][PASSED] - orPath_Amount = "Object Repository/RAD_Pages/PaymentAmount_Page": null

2023-11-01 15:40:06 - [TEST_STEP][PASSED] - orPath_TaxInfo = "Object Repository/RAD_Pages/TaxInfo_Page": null

2023-11-01 15:40:06 - [TEST_STEP][PASSED] - orPath_Withholding = "Object Repository/RAD_Pages/Withholding_Page": null

2023-11-01 15:40:06 - [TEST_STEP][PASSED] - orPath_Summary = "Object Repository/RAD_Pages/Summary_Page": null

2023-11-01 15:40:06 - [TEST_STEP][PASSED] - orPath_PaymentReady = "Object Repository/RAD_Pages/PaymentReady_Page": null

2023-11-01 15:40:06 - [TEST_STEP][PASSED] - orPath_PaymentEntry = "Object Repository/RAD_Pages/PaymentEntry_Page": null

2023-11-01 15:40:06 - [TEST_STEP][PASSED] - orPath_PaymentConfirmation = "Object Repository/RAD_Pages/PaymentConfirmation_Page": null

2023-11-01 15:40:06 - [TEST_STEP][PASSED] - orPath_ServiceFeesAccept = "Object Repository/RAD_Pages/ServiceFeeAccept_Page": null

2023-11-01 15:40:06 - [TEST_STEP][PASSED] - selectOptionByLabel(findTestObject(orPath_Landing + "/dd_TaxType"), Paymenttype, false): All options with label 'Existing Liability w/Notice Number' are selected in object 'Object Repository/RAD_Pages/Landing_Page/dd_TaxType' 

2023-11-01 15:40:07 - [MESSAGE][PASSED] - All options with label 'Existing Liability w/Notice Number' are selected in object 'Object Repository/RAD_Pages/Landing_Page/dd_TaxType' 

2023-11-01 15:40:07 - [TEST_STEP][PASSED] - delay(1): Delayed 1 second(s)

2023-11-01 15:40:08 - [MESSAGE][PASSED] - Delayed 1 second(s)

2023-11-01 15:40:08 - [TEST_STEP][PASSED] - switch (Paymenttype): null

2023-11-01 15:40:08 - [TEST_STEP][PASSED] - case "Existing Liability w/Notice Number":: null

2023-11-01 15:40:08 - [TEST_STEP][PASSED] - selectOptionByLabel(findTestObject(orPath_TaxTypeFilingYear + "/select_TaxType_ExistingLiability"), Taxtype, false): All options with label 'Tire Recycling Fee' are selected in object 'Object Repository/RAD_Pages/TaxTypeFilingYear_Page/select_TaxType_ExistingLiability' 

2023-11-01 15:40:09 - [MESSAGE][PASSED] - All options with label 'Tire Recycling Fee' are selected in object 'Object Repository/RAD_Pages/TaxTypeFilingYear_Page/select_TaxType_ExistingLiability' 

2023-11-01 15:40:09 - [TEST_STEP][PASSED] - break: null

2023-11-01 15:40:09 - [TEST_STEP][PASSED] - delay(1): Delayed 1 second(s)

2023-11-01 15:40:10 - [MESSAGE][PASSED] - Delayed 1 second(s)

2023-11-01 15:40:10 - [TEST_STEP][PASSED] - switch (Paymenttype): null

2023-11-01 15:40:10 - [TEST_STEP][PASSED] - case "Existing Liability w/Notice Number":: null

2023-11-01 15:40:10 - [TEST_STEP][PASSED] - if (feinSsn.equalsIgnoreCase("Y")): null

2023-11-01 15:40:10 - [TEST_STEP][PASSED] - else: Text ****** has been set on object 'Object Repository/RAD_RecordAndPlay/input_Existing_RetypeFEIN'

2023-11-01 15:40:10 - [TEST_STEP][PASSED] - setEncryptedText(findTestObject("Object Repository/RAD_RecordAndPlay/input_Existing_FEIN"), "iGDxf8hSRT4="): Text ****** has been set on object 'Object Repository/RAD_RecordAndPlay/input_Existing_FEIN'

2023-11-01 15:40:10 - [MESSAGE][PASSED] - Text ****** has been set on object 'Object Repository/RAD_RecordAndPlay/input_Existing_FEIN'

2023-11-01 15:40:10 - [TEST_STEP][PASSED] - setEncryptedText(findTestObject("Object Repository/RAD_RecordAndPlay/input_Existing_RetypeFEIN"), ""): Text ****** has been set on object 'Object Repository/RAD_RecordAndPlay/input_Existing_RetypeFEIN'

2023-11-01 15:40:11 - [MESSAGE][PASSED] - Text ****** has been set on object 'Object Repository/RAD_RecordAndPlay/input_Existing_RetypeFEIN'

2023-11-01 15:40:11 - [TEST_STEP][PASSED] - break: null

2023-11-01 15:40:11 - [TEST_STEP][PASSED] - if (feinSsn.equalsIgnoreCase("Y")): null

2023-11-01 15:40:11 - [TEST_STEP][PASSED] - else: null

2023-11-01 15:40:11 - [TEST_STEP][PASSED] - if (verifyTextPresent("Please enter a valid FEIN with 9 digits.", true)): null

2023-11-01 15:40:11 - [MESSAGE][PASSED] - Text 'Please enter a valid FEIN with 9 digits.' is present on page  using regular expression

2023-11-01 15:40:11 - [TEST_STEP][PASSED] - println("Error Message is present on the page"): null

2023-11-01 15:40:11 - [TEST_STEP][PASSED] - out.println("Pass Record Number: " + row): null

2023-11-01 15:40:11 - [TEST_STEP][PASSED] - resText = "Pass": null

2023-11-01 15:40:11 - [TEST_STEP][PASSED] - pages.WriteExcel.demoKey(resText, datText, resColumn, datCloumn, fileLoc, nameSheet, row): pages.WriteExcel.demoKey is PASSED

2023-11-01 15:40:11 - [MESSAGE][PASSED] - pages.WriteExcel.demoKey is PASSED

2023-11-01 15:40:11 - [TEST_STEP][PASSED] - ExecuteTC = findTestData(dataFile).getValue("Execute", row): null

2023-11-01 15:40:11 - [TEST_STEP][PASSED] - Taxtype = findTestData(dataFile).getValue("TaxType", row): null

2023-11-01 15:40:11 - [TEST_STEP][PASSED] - Paymenttype = findTestData(dataFile).getValue("PaymentType", row): null

2023-11-01 15:40:11 - [TEST_STEP][PASSED] - feinSsn = findTestData(dataFile).getValue("FEINSSN", row): null

2023-11-01 15:40:12 - [TEST_STEP][PASSED] - out.println("Value of Execute is : " + ExecuteTC): null

2023-11-01 15:40:12 - [TEST_STEP][PASSED] - if (ExecuteTC.equalsIgnoreCase("Y")): null

2023-11-01 15:40:12 - [TEST_STEP][PASSED] - out.println("Begin Record Number: " + row): null

2023-11-01 15:40:12 - [TEST_STEP][PASSED] - today = new java.util.Date(): null

2023-11-01 15:40:12 - [TEST_STEP][PASSED] - println(today): null

2023-11-01 15:40:12 - [TEST_STEP][PASSED] - datText = today: null

2023-11-01 15:40:12 - [TEST_STEP][PASSED] - Taxtype = findTestData(dataFile).getValue("TaxType", row): null

2023-11-01 15:40:12 - [TEST_STEP][PASSED] - out.println("Taxtype value is : " + Taxtype): null

2023-11-01 15:40:12 - [TEST_STEP][PASSED] - openBrowser(""): Browser is opened with url: ''

2023-11-01 15:40:12 - [MESSAGE][WARNING] - A browser is already opened. Closing browser and opening a new one

2023-11-01 15:40:13 - [MESSAGE][INFO] - Starting 'Chrome' driver

2023-11-01 15:40:13 - [MESSAGE][INFO] - User set preference: ['acceptInsecureCerts', 'true']

2023-11-01 15:40:13 - [MESSAGE][INFO] - Action delay is set to 0 milliseconds

2023-11-01 15:40:14 - [MESSAGE][PASSED] - Browser is opened with url: ''

2023-11-01 15:40:14 - [TEST_STEP][PASSED] - maximizeWindow(): Current window maximized

2023-11-01 15:40:14 - [MESSAGE][PASSED] - Current window maximized

2023-11-01 15:40:14 - [TEST_STEP][PASSED] - navigateToUrl(RADurl): Navigate to 'https://qa2.velocitypayment.com/client/rad/index.html' successfully

2023-11-01 15:40:16 - [MESSAGE][PASSED] - Navigate to 'https://qa2.velocitypayment.com/client/rad/index.html' successfully

2023-11-01 15:40:16 - [TEST_STEP][PASSED] - orPath_Landing = "Object Repository/RAD_Pages/Landing_Page": null

2023-11-01 15:40:16 - [TEST_STEP][PASSED] - orPath_TaxTypeFilingYear = "Object Repository/RAD_Pages/TaxTypeFilingYear_Page": null

2023-11-01 15:40:16 - [TEST_STEP][PASSED] - orPath_TaxPayer = "Object Repository/RAD_Pages/Taxpayer_Page": null

2023-11-01 15:40:16 - [TEST_STEP][PASSED] - orPath_AddressContact = "Object Repository/RAD_Pages/AddressAndContactInfo_Page": null

2023-11-01 15:40:16 - [TEST_STEP][PASSED] - orPath_FilingStatus = "Object Repository/RAD_Pages/FilingStatus_Page": null

2023-11-01 15:40:16 - [TEST_STEP][PASSED] - orPath_Amount = "Object Repository/RAD_Pages/PaymentAmount_Page": null

2023-11-01 15:40:16 - [TEST_STEP][PASSED] - orPath_TaxInfo = "Object Repository/RAD_Pages/TaxInfo_Page": null

2023-11-01 15:40:16 - [TEST_STEP][PASSED] - orPath_Withholding = "Object Repository/RAD_Pages/Withholding_Page": null

2023-11-01 15:40:16 - [TEST_STEP][PASSED] - orPath_Summary = "Object Repository/RAD_Pages/Summary_Page": null

2023-11-01 15:40:16 - [TEST_STEP][PASSED] - orPath_PaymentReady = "Object Repository/RAD_Pages/PaymentReady_Page": null

2023-11-01 15:40:16 - [TEST_STEP][PASSED] - orPath_PaymentEntry = "Object Repository/RAD_Pages/PaymentEntry_Page": null

2023-11-01 15:40:16 - [TEST_STEP][PASSED] - orPath_PaymentConfirmation = "Object Repository/RAD_Pages/PaymentConfirmation_Page": null

2023-11-01 15:40:16 - [TEST_STEP][PASSED] - orPath_ServiceFeesAccept = "Object Repository/RAD_Pages/ServiceFeeAccept_Page": null

2023-11-01 15:40:16 - [TEST_STEP][PASSED] - selectOptionByLabel(findTestObject(orPath_Landing + "/dd_TaxType"), Paymenttype, false): All options with label 'Existing Liability w/Notice Number' are selected in object 'Object Repository/RAD_Pages/Landing_Page/dd_TaxType' 

2023-11-01 15:40:16 - [MESSAGE][PASSED] - All options with label 'Existing Liability w/Notice Number' are selected in object 'Object Repository/RAD_Pages/Landing_Page/dd_TaxType' 

2023-11-01 15:40:16 - [TEST_STEP][PASSED] - delay(1): Delayed 1 second(s)

2023-11-01 15:40:17 - [MESSAGE][PASSED] - Delayed 1 second(s)

2023-11-01 15:40:17 - [TEST_STEP][PASSED] - switch (Paymenttype): null

2023-11-01 15:40:17 - [TEST_STEP][PASSED] - case "Existing Liability w/Notice Number":: null

2023-11-01 15:40:17 - [TEST_STEP][PASSED] - selectOptionByLabel(findTestObject(orPath_TaxTypeFilingYear + "/select_TaxType_ExistingLiability"), Taxtype, false): All options with label 'Withholding Tax' are selected in object 'Object Repository/RAD_Pages/TaxTypeFilingYear_Page/select_TaxType_ExistingLiability' 

2023-11-01 15:40:18 - [MESSAGE][PASSED] - All options with label 'Withholding Tax' are selected in object 'Object Repository/RAD_Pages/TaxTypeFilingYear_Page/select_TaxType_ExistingLiability' 

2023-11-01 15:40:18 - [TEST_STEP][PASSED] - break: null

2023-11-01 15:40:18 - [TEST_STEP][PASSED] - delay(1): Delayed 1 second(s)

2023-11-01 15:40:19 - [MESSAGE][PASSED] - Delayed 1 second(s)

2023-11-01 15:40:19 - [TEST_STEP][PASSED] - switch (Paymenttype): null

2023-11-01 15:40:19 - [TEST_STEP][PASSED] - case "Existing Liability w/Notice Number":: null

2023-11-01 15:40:19 - [TEST_STEP][PASSED] - if (feinSsn.equalsIgnoreCase("Y")): null

2023-11-01 15:40:19 - [TEST_STEP][PASSED] - else: Text ****** has been set on object 'Object Repository/RAD_RecordAndPlay/input_Existing_RetypeFEIN'

2023-11-01 15:40:19 - [TEST_STEP][PASSED] - setEncryptedText(findTestObject("Object Repository/RAD_RecordAndPlay/input_Existing_FEIN"), "iGDxf8hSRT4="): Text ****** has been set on object 'Object Repository/RAD_RecordAndPlay/input_Existing_FEIN'

2023-11-01 15:40:20 - [MESSAGE][PASSED] - Text ****** has been set on object 'Object Repository/RAD_RecordAndPlay/input_Existing_FEIN'

2023-11-01 15:40:20 - [TEST_STEP][PASSED] - setEncryptedText(findTestObject("Object Repository/RAD_RecordAndPlay/input_Existing_RetypeFEIN"), ""): Text ****** has been set on object 'Object Repository/RAD_RecordAndPlay/input_Existing_RetypeFEIN'

2023-11-01 15:40:20 - [MESSAGE][PASSED] - Text ****** has been set on object 'Object Repository/RAD_RecordAndPlay/input_Existing_RetypeFEIN'

2023-11-01 15:40:20 - [TEST_STEP][PASSED] - break: null

2023-11-01 15:40:20 - [TEST_STEP][PASSED] - if (feinSsn.equalsIgnoreCase("Y")): null

2023-11-01 15:40:20 - [TEST_STEP][PASSED] - else: null

2023-11-01 15:40:20 - [TEST_STEP][PASSED] - if (verifyTextPresent("Please enter a valid FEIN with 9 digits.", true)): null

2023-11-01 15:40:21 - [MESSAGE][PASSED] - Text 'Please enter a valid FEIN with 9 digits.' is present on page  using regular expression

2023-11-01 15:40:21 - [TEST_STEP][PASSED] - println("Error Message is present on the page"): null

2023-11-01 15:40:21 - [TEST_STEP][PASSED] - out.println("Pass Record Number: " + row): null

2023-11-01 15:40:21 - [TEST_STEP][PASSED] - resText = "Pass": null

2023-11-01 15:40:21 - [TEST_STEP][PASSED] - pages.WriteExcel.demoKey(resText, datText, resColumn, datCloumn, fileLoc, nameSheet, row): pages.WriteExcel.demoKey is PASSED

2023-11-01 15:40:21 - [MESSAGE][PASSED] - pages.WriteExcel.demoKey is PASSED

2023-11-01 15:40:21 - [TEST_STEP][PASSED] - ExecuteTC = findTestData(dataFile).getValue("Execute", row): null

2023-11-01 15:40:21 - [TEST_STEP][PASSED] - Taxtype = findTestData(dataFile).getValue("TaxType", row): null

2023-11-01 15:40:21 - [TEST_STEP][PASSED] - Paymenttype = findTestData(dataFile).getValue("PaymentType", row): null

2023-11-01 15:40:21 - [TEST_STEP][PASSED] - feinSsn = findTestData(dataFile).getValue("FEINSSN", row): null

2023-11-01 15:40:21 - [TEST_STEP][PASSED] - out.println("Value of Execute is : " + ExecuteTC): null

2023-11-01 15:40:21 - [TEST_STEP][PASSED] - if (ExecuteTC.equalsIgnoreCase("Y")): null

2023-11-01 15:40:21 - [TEST_STEP][PASSED] - out.println("Begin Record Number: " + row): null

2023-11-01 15:40:21 - [TEST_STEP][PASSED] - today = new java.util.Date(): null

2023-11-01 15:40:21 - [TEST_STEP][PASSED] - println(today): null

2023-11-01 15:40:21 - [TEST_STEP][PASSED] - datText = today: null

2023-11-01 15:40:21 - [TEST_STEP][PASSED] - Taxtype = findTestData(dataFile).getValue("TaxType", row): null

2023-11-01 15:40:21 - [TEST_STEP][PASSED] - out.println("Taxtype value is : " + Taxtype): null

2023-11-01 15:40:21 - [TEST_STEP][PASSED] - openBrowser(""): Browser is opened with url: ''

2023-11-01 15:40:21 - [MESSAGE][WARNING] - A browser is already opened. Closing browser and opening a new one

2023-11-01 15:40:22 - [MESSAGE][INFO] - Starting 'Chrome' driver

2023-11-01 15:40:22 - [MESSAGE][INFO] - User set preference: ['acceptInsecureCerts', 'true']

2023-11-01 15:40:22 - [MESSAGE][INFO] - Action delay is set to 0 milliseconds

2023-11-01 15:40:24 - [MESSAGE][PASSED] - Browser is opened with url: ''

2023-11-01 15:40:24 - [TEST_STEP][PASSED] - maximizeWindow(): Current window maximized

2023-11-01 15:40:24 - [MESSAGE][PASSED] - Current window maximized

2023-11-01 15:40:24 - [TEST_STEP][PASSED] - navigateToUrl(RADurl): Navigate to 'https://qa2.velocitypayment.com/client/rad/index.html' successfully

2023-11-01 15:40:25 - [MESSAGE][PASSED] - Navigate to 'https://qa2.velocitypayment.com/client/rad/index.html' successfully

2023-11-01 15:40:25 - [TEST_STEP][PASSED] - orPath_Landing = "Object Repository/RAD_Pages/Landing_Page": null

2023-11-01 15:40:25 - [TEST_STEP][PASSED] - orPath_TaxTypeFilingYear = "Object Repository/RAD_Pages/TaxTypeFilingYear_Page": null

2023-11-01 15:40:25 - [TEST_STEP][PASSED] - orPath_TaxPayer = "Object Repository/RAD_Pages/Taxpayer_Page": null

2023-11-01 15:40:25 - [TEST_STEP][PASSED] - orPath_AddressContact = "Object Repository/RAD_Pages/AddressAndContactInfo_Page": null

2023-11-01 15:40:25 - [TEST_STEP][PASSED] - orPath_FilingStatus = "Object Repository/RAD_Pages/FilingStatus_Page": null

2023-11-01 15:40:25 - [TEST_STEP][PASSED] - orPath_Amount = "Object Repository/RAD_Pages/PaymentAmount_Page": null

2023-11-01 15:40:25 - [TEST_STEP][PASSED] - orPath_TaxInfo = "Object Repository/RAD_Pages/TaxInfo_Page": null

2023-11-01 15:40:25 - [TEST_STEP][PASSED] - orPath_Withholding = "Object Repository/RAD_Pages/Withholding_Page": null

2023-11-01 15:40:25 - [TEST_STEP][PASSED] - orPath_Summary = "Object Repository/RAD_Pages/Summary_Page": null

2023-11-01 15:40:25 - [TEST_STEP][PASSED] - orPath_PaymentReady = "Object Repository/RAD_Pages/PaymentReady_Page": null

2023-11-01 15:40:25 - [TEST_STEP][PASSED] - orPath_PaymentEntry = "Object Repository/RAD_Pages/PaymentEntry_Page": null

2023-11-01 15:40:25 - [TEST_STEP][PASSED] - orPath_PaymentConfirmation = "Object Repository/RAD_Pages/PaymentConfirmation_Page": null

2023-11-01 15:40:25 - [TEST_STEP][PASSED] - orPath_ServiceFeesAccept = "Object Repository/RAD_Pages/ServiceFeeAccept_Page": null

2023-11-01 15:40:25 - [TEST_STEP][PASSED] - selectOptionByLabel(findTestObject(orPath_Landing + "/dd_TaxType"), Paymenttype, false): All options with label 'Existing Liability w/Notice Number' are selected in object 'Object Repository/RAD_Pages/Landing_Page/dd_TaxType' 

2023-11-01 15:40:26 - [MESSAGE][PASSED] - All options with label 'Existing Liability w/Notice Number' are selected in object 'Object Repository/RAD_Pages/Landing_Page/dd_TaxType' 

2023-11-01 15:40:26 - [TEST_STEP][PASSED] - delay(1): Delayed 1 second(s)

2023-11-01 15:40:27 - [MESSAGE][PASSED] - Delayed 1 second(s)

2023-11-01 15:40:27 - [TEST_STEP][PASSED] - switch (Paymenttype): null

2023-11-01 15:40:27 - [TEST_STEP][PASSED] - case "Existing Liability w/Notice Number":: null

2023-11-01 15:40:27 - [TEST_STEP][PASSED] - selectOptionByLabel(findTestObject(orPath_TaxTypeFilingYear + "/select_TaxType_ExistingLiability"), Taxtype, false): All options with label 'Alcohol Tax' are selected in object 'Object Repository/RAD_Pages/TaxTypeFilingYear_Page/select_TaxType_ExistingLiability' 

2023-11-01 15:40:27 - [MESSAGE][PASSED] - All options with label 'Alcohol Tax' are selected in object 'Object Repository/RAD_Pages/TaxTypeFilingYear_Page/select_TaxType_ExistingLiability' 

2023-11-01 15:40:27 - [TEST_STEP][PASSED] - break: null

2023-11-01 15:40:27 - [TEST_STEP][PASSED] - delay(1): Delayed 1 second(s)

2023-11-01 15:40:28 - [MESSAGE][PASSED] - Delayed 1 second(s)

2023-11-01 15:40:28 - [TEST_STEP][PASSED] - switch (Paymenttype): null

2023-11-01 15:40:28 - [TEST_STEP][PASSED] - case "Existing Liability w/Notice Number":: null

2023-11-01 15:40:28 - [TEST_STEP][PASSED] - if (feinSsn.equalsIgnoreCase("Y")): null

2023-11-01 15:40:28 - [TEST_STEP][PASSED] - else: Text ****** has been set on object 'Object Repository/RAD_RecordAndPlay/input_Existing_RetypeFEIN'

2023-11-01 15:40:28 - [TEST_STEP][PASSED] - setEncryptedText(findTestObject("Object Repository/RAD_RecordAndPlay/input_Existing_FEIN"), "iGDxf8hSRT4="): Text ****** has been set on object 'Object Repository/RAD_RecordAndPlay/input_Existing_FEIN'

2023-11-01 15:40:29 - [MESSAGE][PASSED] - Text ****** has been set on object 'Object Repository/RAD_RecordAndPlay/input_Existing_FEIN'

2023-11-01 15:40:29 - [TEST_STEP][PASSED] - setEncryptedText(findTestObject("Object Repository/RAD_RecordAndPlay/input_Existing_RetypeFEIN"), ""): Text ****** has been set on object 'Object Repository/RAD_RecordAndPlay/input_Existing_RetypeFEIN'

2023-11-01 15:40:29 - [MESSAGE][PASSED] - Text ****** has been set on object 'Object Repository/RAD_RecordAndPlay/input_Existing_RetypeFEIN'

2023-11-01 15:40:30 - [TEST_STEP][PASSED] - break: null

2023-11-01 15:40:30 - [TEST_STEP][PASSED] - if (feinSsn.equalsIgnoreCase("Y")): null

2023-11-01 15:40:30 - [TEST_STEP][PASSED] - else: null

2023-11-01 15:40:30 - [TEST_STEP][PASSED] - if (verifyTextPresent("Please enter a valid FEIN with 9 digits.", true)): null

2023-11-01 15:40:30 - [MESSAGE][PASSED] - Text 'Please enter a valid FEIN with 9 digits.' is present on page  using regular expression

2023-11-01 15:40:30 - [TEST_STEP][PASSED] - println("Error Message is present on the page"): null

2023-11-01 15:40:30 - [TEST_STEP][PASSED] - out.println("Pass Record Number: " + row): null

2023-11-01 15:40:30 - [TEST_STEP][PASSED] - resText = "Pass": null

2023-11-01 15:40:30 - [TEST_STEP][PASSED] - pages.WriteExcel.demoKey(resText, datText, resColumn, datCloumn, fileLoc, nameSheet, row): pages.WriteExcel.demoKey is PASSED

2023-11-01 15:40:30 - [MESSAGE][PASSED] - pages.WriteExcel.demoKey is PASSED

2023-11-01 15:40:30 - [TEST_STEP][PASSED] - ExecuteTC = findTestData(dataFile).getValue("Execute", row): null

2023-11-01 15:40:30 - [TEST_STEP][PASSED] - Taxtype = findTestData(dataFile).getValue("TaxType", row): null

2023-11-01 15:40:30 - [TEST_STEP][PASSED] - Paymenttype = findTestData(dataFile).getValue("PaymentType", row): null

2023-11-01 15:40:30 - [TEST_STEP][PASSED] - feinSsn = findTestData(dataFile).getValue("FEINSSN", row): null

2023-11-01 15:40:30 - [TEST_STEP][PASSED] - out.println("Value of Execute is : " + ExecuteTC): null

2023-11-01 15:40:30 - [TEST_STEP][PASSED] - if (ExecuteTC.equalsIgnoreCase("Y")): null

2023-11-01 15:40:30 - [TEST_STEP][PASSED] - out.println("Begin Record Number: " + row): null

2023-11-01 15:40:30 - [TEST_STEP][PASSED] - today = new java.util.Date(): null

2023-11-01 15:40:30 - [TEST_STEP][PASSED] - println(today): null

2023-11-01 15:40:30 - [TEST_STEP][PASSED] - datText = today: null

2023-11-01 15:40:30 - [TEST_STEP][PASSED] - Taxtype = findTestData(dataFile).getValue("TaxType", row): null

2023-11-01 15:40:30 - [TEST_STEP][PASSED] - out.println("Taxtype value is : " + Taxtype): null

2023-11-01 15:40:30 - [TEST_STEP][PASSED] - openBrowser(""): Browser is opened with url: ''

2023-11-01 15:40:30 - [MESSAGE][WARNING] - A browser is already opened. Closing browser and opening a new one

2023-11-01 15:40:31 - [MESSAGE][INFO] - Starting 'Chrome' driver

2023-11-01 15:40:31 - [MESSAGE][INFO] - User set preference: ['acceptInsecureCerts', 'true']

2023-11-01 15:40:31 - [MESSAGE][INFO] - Action delay is set to 0 milliseconds

2023-11-01 15:40:33 - [MESSAGE][PASSED] - Browser is opened with url: ''

2023-11-01 15:40:33 - [TEST_STEP][PASSED] - maximizeWindow(): Current window maximized

2023-11-01 15:40:33 - [MESSAGE][PASSED] - Current window maximized

2023-11-01 15:40:33 - [TEST_STEP][PASSED] - navigateToUrl(RADurl): Navigate to 'https://qa2.velocitypayment.com/client/rad/index.html' successfully

2023-11-01 15:40:33 - [MESSAGE][PASSED] - Navigate to 'https://qa2.velocitypayment.com/client/rad/index.html' successfully

2023-11-01 15:40:33 - [TEST_STEP][PASSED] - orPath_Landing = "Object Repository/RAD_Pages/Landing_Page": null

2023-11-01 15:40:33 - [TEST_STEP][PASSED] - orPath_TaxTypeFilingYear = "Object Repository/RAD_Pages/TaxTypeFilingYear_Page": null

2023-11-01 15:40:33 - [TEST_STEP][PASSED] - orPath_TaxPayer = "Object Repository/RAD_Pages/Taxpayer_Page": null

2023-11-01 15:40:33 - [TEST_STEP][PASSED] - orPath_AddressContact = "Object Repository/RAD_Pages/AddressAndContactInfo_Page": null

2023-11-01 15:40:33 - [TEST_STEP][PASSED] - orPath_FilingStatus = "Object Repository/RAD_Pages/FilingStatus_Page": null

2023-11-01 15:40:33 - [TEST_STEP][PASSED] - orPath_Amount = "Object Repository/RAD_Pages/PaymentAmount_Page": null

2023-11-01 15:40:33 - [TEST_STEP][PASSED] - orPath_TaxInfo = "Object Repository/RAD_Pages/TaxInfo_Page": null

2023-11-01 15:40:33 - [TEST_STEP][PASSED] - orPath_Withholding = "Object Repository/RAD_Pages/Withholding_Page": null

2023-11-01 15:40:33 - [TEST_STEP][PASSED] - orPath_Summary = "Object Repository/RAD_Pages/Summary_Page": null

2023-11-01 15:40:33 - [TEST_STEP][PASSED] - orPath_PaymentReady = "Object Repository/RAD_Pages/PaymentReady_Page": null

2023-11-01 15:40:33 - [TEST_STEP][PASSED] - orPath_PaymentEntry = "Object Repository/RAD_Pages/PaymentEntry_Page": null

2023-11-01 15:40:33 - [TEST_STEP][PASSED] - orPath_PaymentConfirmation = "Object Repository/RAD_Pages/PaymentConfirmation_Page": null

2023-11-01 15:40:33 - [TEST_STEP][PASSED] - orPath_ServiceFeesAccept = "Object Repository/RAD_Pages/ServiceFeeAccept_Page": null

2023-11-01 15:40:33 - [TEST_STEP][PASSED] - selectOptionByLabel(findTestObject(orPath_Landing + "/dd_TaxType"), Paymenttype, false): All options with label 'Existing Liability w/Notice Number' are selected in object 'Object Repository/RAD_Pages/Landing_Page/dd_TaxType' 

2023-11-01 15:40:35 - [MESSAGE][PASSED] - All options with label 'Existing Liability w/Notice Number' are selected in object 'Object Repository/RAD_Pages/Landing_Page/dd_TaxType' 

2023-11-01 15:40:35 - [TEST_STEP][PASSED] - delay(1): Delayed 1 second(s)

2023-11-01 15:40:36 - [MESSAGE][PASSED] - Delayed 1 second(s)

2023-11-01 15:40:36 - [TEST_STEP][PASSED] - switch (Paymenttype): null

2023-11-01 15:40:36 - [TEST_STEP][PASSED] - case "Existing Liability w/Notice Number":: null

2023-11-01 15:40:36 - [TEST_STEP][PASSED] - selectOptionByLabel(findTestObject(orPath_TaxTypeFilingYear + "/select_TaxType_ExistingLiability"), Taxtype, false): All options with label 'PTE Tax Electing Non-S Corp' are selected in object 'Object Repository/RAD_Pages/TaxTypeFilingYear_Page/select_TaxType_ExistingLiability' 

2023-11-01 15:40:37 - [MESSAGE][PASSED] - All options with label 'PTE Tax Electing Non-S Corp' are selected in object 'Object Repository/RAD_Pages/TaxTypeFilingYear_Page/select_TaxType_ExistingLiability' 

2023-11-01 15:40:37 - [TEST_STEP][PASSED] - break: null

2023-11-01 15:40:37 - [TEST_STEP][PASSED] - delay(1): Delayed 1 second(s)

2023-11-01 15:40:38 - [MESSAGE][PASSED] - Delayed 1 second(s)

2023-11-01 15:40:38 - [TEST_STEP][PASSED] - switch (Paymenttype): null

2023-11-01 15:40:38 - [TEST_STEP][PASSED] - case "Existing Liability w/Notice Number":: null

2023-11-01 15:40:38 - [TEST_STEP][PASSED] - if (feinSsn.equalsIgnoreCase("Y")): Text ****** has been set on object 'Object Repository/RAD_Pages/TaxInfo_Page/input_TaxInfo_RetypefeinSsn_Existing_New'

2023-11-01 15:40:38 - [TEST_STEP][PASSED] - setEncryptedText(findTestObject(orPath_TaxInfo + "/input_TaxInfo_feinSsn_Existing_New"), "iGDxf8hSRT4="): Text ****** has been set on object 'Object Repository/RAD_Pages/TaxInfo_Page/input_TaxInfo_feinSsn_Existing_New'

2023-11-01 15:40:38 - [MESSAGE][PASSED] - Text ****** has been set on object 'Object Repository/RAD_Pages/TaxInfo_Page/input_TaxInfo_feinSsn_Existing_New'

2023-11-01 15:40:38 - [TEST_STEP][PASSED] - setEncryptedText(findTestObject(orPath_TaxInfo + "/input_TaxInfo_RetypefeinSsn_Existing_New"), ""): Text ****** has been set on object 'Object Repository/RAD_Pages/TaxInfo_Page/input_TaxInfo_RetypefeinSsn_Existing_New'

2023-11-01 15:40:39 - [MESSAGE][PASSED] - Text ****** has been set on object 'Object Repository/RAD_Pages/TaxInfo_Page/input_TaxInfo_RetypefeinSsn_Existing_New'

2023-11-01 15:40:39 - [TEST_STEP][PASSED] - break: null

2023-11-01 15:40:39 - [TEST_STEP][PASSED] - if (feinSsn.equalsIgnoreCase("Y")): null

2023-11-01 15:40:39 - [TEST_STEP][PASSED] - if (verifyTextPresent("Please enter a valid FEIN/SSN with 9 digits", true)): null

2023-11-01 15:40:39 - [MESSAGE][PASSED] - Text 'Please enter a valid FEIN/SSN with 9 digits' is present on page  using regular expression

2023-11-01 15:40:39 - [TEST_STEP][PASSED] - println("Error Message is present on the page"): null

2023-11-01 15:40:39 - [TEST_STEP][PASSED] - out.println("Pass Record Number: " + row): null

2023-11-01 15:40:39 - [TEST_STEP][PASSED] - resText = "Pass": null

2023-11-01 15:40:39 - [TEST_STEP][PASSED] - pages.WriteExcel.demoKey(resText, datText, resColumn, datCloumn, fileLoc, nameSheet, row): pages.WriteExcel.demoKey is PASSED

2023-11-01 15:40:39 - [MESSAGE][PASSED] - pages.WriteExcel.demoKey is PASSED

2023-11-01 15:40:39 - [TEST_STEP][PASSED] - ExecuteTC = findTestData(dataFile).getValue("Execute", row): null

2023-11-01 15:40:39 - [TEST_STEP][PASSED] - Taxtype = findTestData(dataFile).getValue("TaxType", row): null

2023-11-01 15:40:40 - [TEST_STEP][PASSED] - Paymenttype = findTestData(dataFile).getValue("PaymentType", row): null

2023-11-01 15:40:40 - [TEST_STEP][PASSED] - feinSsn = findTestData(dataFile).getValue("FEINSSN", row): null

2023-11-01 15:40:40 - [TEST_STEP][PASSED] - out.println("Value of Execute is : " + ExecuteTC): null

2023-11-01 15:40:40 - [TEST_STEP][PASSED] - if (ExecuteTC.equalsIgnoreCase("Y")): null

2023-11-01 15:40:40 - [TEST_STEP][PASSED] - out.println("Begin Record Number: " + row): null

2023-11-01 15:40:40 - [TEST_STEP][PASSED] - today = new java.util.Date(): null

2023-11-01 15:40:40 - [TEST_STEP][PASSED] - println(today): null

2023-11-01 15:40:40 - [TEST_STEP][PASSED] - datText = today: null

2023-11-01 15:40:40 - [TEST_STEP][PASSED] - Taxtype = findTestData(dataFile).getValue("TaxType", row): null

2023-11-01 15:40:40 - [TEST_STEP][PASSED] - out.println("Taxtype value is : " + Taxtype): null

2023-11-01 15:40:40 - [TEST_STEP][PASSED] - openBrowser(""): Browser is opened with url: ''

2023-11-01 15:40:40 - [MESSAGE][WARNING] - A browser is already opened. Closing browser and opening a new one

2023-11-01 15:40:41 - [MESSAGE][INFO] - Starting 'Chrome' driver

2023-11-01 15:40:41 - [MESSAGE][INFO] - User set preference: ['acceptInsecureCerts', 'true']

2023-11-01 15:40:41 - [MESSAGE][INFO] - Action delay is set to 0 milliseconds

2023-11-01 15:40:42 - [MESSAGE][PASSED] - Browser is opened with url: ''

2023-11-01 15:40:42 - [TEST_STEP][PASSED] - maximizeWindow(): Current window maximized

2023-11-01 15:40:42 - [MESSAGE][PASSED] - Current window maximized

2023-11-01 15:40:42 - [TEST_STEP][PASSED] - navigateToUrl(RADurl): Navigate to 'https://qa2.velocitypayment.com/client/rad/index.html' successfully

2023-11-01 15:40:44 - [MESSAGE][PASSED] - Navigate to 'https://qa2.velocitypayment.com/client/rad/index.html' successfully

2023-11-01 15:40:44 - [TEST_STEP][PASSED] - orPath_Landing = "Object Repository/RAD_Pages/Landing_Page": null

2023-11-01 15:40:44 - [TEST_STEP][PASSED] - orPath_TaxTypeFilingYear = "Object Repository/RAD_Pages/TaxTypeFilingYear_Page": null

2023-11-01 15:40:44 - [TEST_STEP][PASSED] - orPath_TaxPayer = "Object Repository/RAD_Pages/Taxpayer_Page": null

2023-11-01 15:40:44 - [TEST_STEP][PASSED] - orPath_AddressContact = "Object Repository/RAD_Pages/AddressAndContactInfo_Page": null

2023-11-01 15:40:44 - [TEST_STEP][PASSED] - orPath_FilingStatus = "Object Repository/RAD_Pages/FilingStatus_Page": null

2023-11-01 15:40:44 - [TEST_STEP][PASSED] - orPath_Amount = "Object Repository/RAD_Pages/PaymentAmount_Page": null

2023-11-01 15:40:44 - [TEST_STEP][PASSED] - orPath_TaxInfo = "Object Repository/RAD_Pages/TaxInfo_Page": null

2023-11-01 15:40:44 - [TEST_STEP][PASSED] - orPath_Withholding = "Object Repository/RAD_Pages/Withholding_Page": null

2023-11-01 15:40:44 - [TEST_STEP][PASSED] - orPath_Summary = "Object Repository/RAD_Pages/Summary_Page": null

2023-11-01 15:40:44 - [TEST_STEP][PASSED] - orPath_PaymentReady = "Object Repository/RAD_Pages/PaymentReady_Page": null

2023-11-01 15:40:44 - [TEST_STEP][PASSED] - orPath_PaymentEntry = "Object Repository/RAD_Pages/PaymentEntry_Page": null

2023-11-01 15:40:44 - [TEST_STEP][PASSED] - orPath_PaymentConfirmation = "Object Repository/RAD_Pages/PaymentConfirmation_Page": null

2023-11-01 15:40:44 - [TEST_STEP][PASSED] - orPath_ServiceFeesAccept = "Object Repository/RAD_Pages/ServiceFeeAccept_Page": null

2023-11-01 15:40:44 - [TEST_STEP][PASSED] - selectOptionByLabel(findTestObject(orPath_Landing + "/dd_TaxType"), Paymenttype, false): All options with label 'Existing Liability w/Notice Number' are selected in object 'Object Repository/RAD_Pages/Landing_Page/dd_TaxType' 

2023-11-01 15:40:44 - [MESSAGE][PASSED] - All options with label 'Existing Liability w/Notice Number' are selected in object 'Object Repository/RAD_Pages/Landing_Page/dd_TaxType' 

2023-11-01 15:40:44 - [TEST_STEP][PASSED] - delay(1): Delayed 1 second(s)

2023-11-01 15:40:45 - [MESSAGE][PASSED] - Delayed 1 second(s)

2023-11-01 15:40:45 - [TEST_STEP][PASSED] - switch (Paymenttype): null

2023-11-01 15:40:45 - [TEST_STEP][PASSED] - case "Existing Liability w/Notice Number":: null

2023-11-01 15:40:45 - [TEST_STEP][PASSED] - selectOptionByLabel(findTestObject(orPath_TaxTypeFilingYear + "/select_TaxType_ExistingLiability"), Taxtype, false): All options with label 'PTE Tax Electing S Corp' are selected in object 'Object Repository/RAD_Pages/TaxTypeFilingYear_Page/select_TaxType_ExistingLiability' 

2023-11-01 15:40:46 - [MESSAGE][PASSED] - All options with label 'PTE Tax Electing S Corp' are selected in object 'Object Repository/RAD_Pages/TaxTypeFilingYear_Page/select_TaxType_ExistingLiability' 

2023-11-01 15:40:46 - [TEST_STEP][PASSED] - break: null

2023-11-01 15:40:46 - [TEST_STEP][PASSED] - delay(1): Delayed 1 second(s)

2023-11-01 15:40:47 - [MESSAGE][PASSED] - Delayed 1 second(s)

2023-11-01 15:40:47 - [TEST_STEP][PASSED] - switch (Paymenttype): null

2023-11-01 15:40:47 - [TEST_STEP][PASSED] - case "Existing Liability w/Notice Number":: null

2023-11-01 15:40:47 - [TEST_STEP][PASSED] - if (feinSsn.equalsIgnoreCase("Y")): Text ****** has been set on object 'Object Repository/RAD_Pages/TaxInfo_Page/input_TaxInfo_RetypefeinSsn_Existing_New'

2023-11-01 15:40:47 - [TEST_STEP][PASSED] - setEncryptedText(findTestObject(orPath_TaxInfo + "/input_TaxInfo_feinSsn_Existing_New"), "iGDxf8hSRT4="): Text ****** has been set on object 'Object Repository/RAD_Pages/TaxInfo_Page/input_TaxInfo_feinSsn_Existing_New'

2023-11-01 15:40:48 - [MESSAGE][PASSED] - Text ****** has been set on object 'Object Repository/RAD_Pages/TaxInfo_Page/input_TaxInfo_feinSsn_Existing_New'

2023-11-01 15:40:48 - [TEST_STEP][PASSED] - setEncryptedText(findTestObject(orPath_TaxInfo + "/input_TaxInfo_RetypefeinSsn_Existing_New"), ""): Text ****** has been set on object 'Object Repository/RAD_Pages/TaxInfo_Page/input_TaxInfo_RetypefeinSsn_Existing_New'

2023-11-01 15:40:48 - [MESSAGE][PASSED] - Text ****** has been set on object 'Object Repository/RAD_Pages/TaxInfo_Page/input_TaxInfo_RetypefeinSsn_Existing_New'

2023-11-01 15:40:48 - [TEST_STEP][PASSED] - break: null

2023-11-01 15:40:48 - [TEST_STEP][PASSED] - if (feinSsn.equalsIgnoreCase("Y")): null

2023-11-01 15:40:48 - [TEST_STEP][PASSED] - if (verifyTextPresent("Please enter a valid FEIN/SSN with 9 digits", true)): null

2023-11-01 15:40:49 - [MESSAGE][PASSED] - Text 'Please enter a valid FEIN/SSN with 9 digits' is present on page  using regular expression

2023-11-01 15:40:49 - [TEST_STEP][PASSED] - println("Error Message is present on the page"): null

2023-11-01 15:40:49 - [TEST_STEP][PASSED] - out.println("Pass Record Number: " + row): null

2023-11-01 15:40:49 - [TEST_STEP][PASSED] - resText = "Pass": null

2023-11-01 15:40:49 - [TEST_STEP][PASSED] - pages.WriteExcel.demoKey(resText, datText, resColumn, datCloumn, fileLoc, nameSheet, row): pages.WriteExcel.demoKey is PASSED

2023-11-01 15:40:49 - [MESSAGE][PASSED] - pages.WriteExcel.demoKey is PASSED

2023-11-01 15:40:49 - [TEST_STEP][PASSED] - ExecuteTC = findTestData(dataFile).getValue("Execute", row): null

2023-11-01 15:40:49 - [TEST_STEP][PASSED] - Taxtype = findTestData(dataFile).getValue("TaxType", row): null

2023-11-01 15:40:49 - [TEST_STEP][PASSED] - Paymenttype = findTestData(dataFile).getValue("PaymentType", row): null

2023-11-01 15:40:49 - [TEST_STEP][PASSED] - feinSsn = findTestData(dataFile).getValue("FEINSSN", row): null

2023-11-01 15:40:49 - [TEST_STEP][PASSED] - out.println("Value of Execute is : " + ExecuteTC): null

2023-11-01 15:40:49 - [TEST_STEP][PASSED] - if (ExecuteTC.equalsIgnoreCase("Y")): null

2023-11-01 15:40:49 - [TEST_STEP][PASSED] - out.println("Begin Record Number: " + row): null

2023-11-01 15:40:49 - [TEST_STEP][PASSED] - today = new java.util.Date(): null

2023-11-01 15:40:49 - [TEST_STEP][PASSED] - println(today): null

2023-11-01 15:40:49 - [TEST_STEP][PASSED] - datText = today: null

2023-11-01 15:40:49 - [TEST_STEP][PASSED] - Taxtype = findTestData(dataFile).getValue("TaxType", row): null

2023-11-01 15:40:49 - [TEST_STEP][PASSED] - out.println("Taxtype value is : " + Taxtype): null

2023-11-01 15:40:49 - [TEST_STEP][PASSED] - openBrowser(""): Browser is opened with url: ''

2023-11-01 15:40:49 - [MESSAGE][WARNING] - A browser is already opened. Closing browser and opening a new one

2023-11-01 15:40:50 - [MESSAGE][INFO] - Starting 'Chrome' driver

2023-11-01 15:40:50 - [MESSAGE][INFO] - User set preference: ['acceptInsecureCerts', 'true']

2023-11-01 15:40:50 - [MESSAGE][INFO] - Action delay is set to 0 milliseconds

2023-11-01 15:40:51 - [MESSAGE][PASSED] - Browser is opened with url: ''

2023-11-01 15:40:51 - [TEST_STEP][PASSED] - maximizeWindow(): Current window maximized

2023-11-01 15:40:52 - [MESSAGE][PASSED] - Current window maximized

2023-11-01 15:40:52 - [TEST_STEP][PASSED] - navigateToUrl(RADurl): Navigate to 'https://qa2.velocitypayment.com/client/rad/index.html' successfully

2023-11-01 15:40:53 - [MESSAGE][PASSED] - Navigate to 'https://qa2.velocitypayment.com/client/rad/index.html' successfully

2023-11-01 15:40:53 - [TEST_STEP][PASSED] - orPath_Landing = "Object Repository/RAD_Pages/Landing_Page": null

2023-11-01 15:40:53 - [TEST_STEP][PASSED] - orPath_TaxTypeFilingYear = "Object Repository/RAD_Pages/TaxTypeFilingYear_Page": null

2023-11-01 15:40:53 - [TEST_STEP][PASSED] - orPath_TaxPayer = "Object Repository/RAD_Pages/Taxpayer_Page": null

2023-11-01 15:40:53 - [TEST_STEP][PASSED] - orPath_AddressContact = "Object Repository/RAD_Pages/AddressAndContactInfo_Page": null

2023-11-01 15:40:53 - [TEST_STEP][PASSED] - orPath_FilingStatus = "Object Repository/RAD_Pages/FilingStatus_Page": null

2023-11-01 15:40:53 - [TEST_STEP][PASSED] - orPath_Amount = "Object Repository/RAD_Pages/PaymentAmount_Page": null

2023-11-01 15:40:53 - [TEST_STEP][PASSED] - orPath_TaxInfo = "Object Repository/RAD_Pages/TaxInfo_Page": null

2023-11-01 15:40:53 - [TEST_STEP][PASSED] - orPath_Withholding = "Object Repository/RAD_Pages/Withholding_Page": null

2023-11-01 15:40:53 - [TEST_STEP][PASSED] - orPath_Summary = "Object Repository/RAD_Pages/Summary_Page": null

2023-11-01 15:40:53 - [TEST_STEP][PASSED] - orPath_PaymentReady = "Object Repository/RAD_Pages/PaymentReady_Page": null

2023-11-01 15:40:53 - [TEST_STEP][PASSED] - orPath_PaymentEntry = "Object Repository/RAD_Pages/PaymentEntry_Page": null

2023-11-01 15:40:53 - [TEST_STEP][PASSED] - orPath_PaymentConfirmation = "Object Repository/RAD_Pages/PaymentConfirmation_Page": null

2023-11-01 15:40:53 - [TEST_STEP][PASSED] - orPath_ServiceFeesAccept = "Object Repository/RAD_Pages/ServiceFeeAccept_Page": null

2023-11-01 15:40:53 - [TEST_STEP][PASSED] - selectOptionByLabel(findTestObject(orPath_Landing + "/dd_TaxType"), Paymenttype, false): All options with label 'Quarterly Estimated Tax' are selected in object 'Object Repository/RAD_Pages/Landing_Page/dd_TaxType' 

2023-11-01 15:40:54 - [MESSAGE][PASSED] - All options with label 'Quarterly Estimated Tax' are selected in object 'Object Repository/RAD_Pages/Landing_Page/dd_TaxType' 

2023-11-01 15:40:54 - [TEST_STEP][PASSED] - delay(1): Delayed 1 second(s)

2023-11-01 15:40:55 - [MESSAGE][PASSED] - Delayed 1 second(s)

2023-11-01 15:40:55 - [TEST_STEP][PASSED] - switch (Paymenttype): null

2023-11-01 15:40:55 - [TEST_STEP][PASSED] - case "Quarterly Estimated Tax":: null

2023-11-01 15:40:55 - [TEST_STEP][PASSED] - selectOptionByLabel(findTestObject(orPath_TaxTypeFilingYear + "/select_PaymentType"), Taxtype, false): All options with label 'Corporate Income Tax' are selected in object 'Object Repository/RAD_Pages/TaxTypeFilingYear_Page/select_PaymentType' 

2023-11-01 15:40:55 - [MESSAGE][PASSED] - All options with label 'Corporate Income Tax' are selected in object 'Object Repository/RAD_Pages/TaxTypeFilingYear_Page/select_PaymentType' 

2023-11-01 15:40:55 - [TEST_STEP][PASSED] - break: null

2023-11-01 15:40:55 - [TEST_STEP][PASSED] - delay(1): Delayed 1 second(s)

2023-11-01 15:40:56 - [MESSAGE][PASSED] - Delayed 1 second(s)

2023-11-01 15:40:56 - [TEST_STEP][PASSED] - switch (Paymenttype): null

2023-11-01 15:40:56 - [TEST_STEP][PASSED] - case "Quarterly Estimated Tax":: null

2023-11-01 15:40:56 - [TEST_STEP][PASSED] - if (feinSsn.equalsIgnoreCase("Y")): null

2023-11-01 15:40:56 - [TEST_STEP][PASSED] - else: Text ****** has been set on object 'Object Repository/RAD_Pages/TaxInfo_Page/input_FederalEIN_ReEnter'

2023-11-01 15:40:56 - [TEST_STEP][PASSED] - setEncryptedText(findTestObject(orPath_TaxInfo + "/input_FederalEIN"), "iGDxf8hSRT4="): Text ****** has been set on object 'Object Repository/RAD_Pages/TaxInfo_Page/input_FederalEIN'

2023-11-01 15:40:57 - [MESSAGE][PASSED] - Text ****** has been set on object 'Object Repository/RAD_Pages/TaxInfo_Page/input_FederalEIN'

2023-11-01 15:40:57 - [TEST_STEP][PASSED] - setEncryptedText(findTestObject(orPath_TaxInfo + "/input_FederalEIN_ReEnter"), ""): Text ****** has been set on object 'Object Repository/RAD_Pages/TaxInfo_Page/input_FederalEIN_ReEnter'

2023-11-01 15:40:58 - [MESSAGE][PASSED] - Text ****** has been set on object 'Object Repository/RAD_Pages/TaxInfo_Page/input_FederalEIN_ReEnter'

2023-11-01 15:40:58 - [TEST_STEP][PASSED] - break: null

2023-11-01 15:40:58 - [TEST_STEP][PASSED] - if (feinSsn.equalsIgnoreCase("Y")): null

2023-11-01 15:40:58 - [TEST_STEP][PASSED] - else: null

2023-11-01 15:40:58 - [TEST_STEP][PASSED] - if (verifyTextPresent("Please enter a valid FEIN with 9 digits.", true)): null

2023-11-01 15:40:58 - [MESSAGE][PASSED] - Text 'Please enter a valid FEIN with 9 digits.' is present on page  using regular expression

2023-11-01 15:40:58 - [TEST_STEP][PASSED] - println("Error Message is present on the page"): null

2023-11-01 15:40:58 - [TEST_STEP][PASSED] - out.println("Pass Record Number: " + row): null

2023-11-01 15:40:58 - [TEST_STEP][PASSED] - resText = "Pass": null

2023-11-01 15:40:58 - [TEST_STEP][PASSED] - pages.WriteExcel.demoKey(resText, datText, resColumn, datCloumn, fileLoc, nameSheet, row): pages.WriteExcel.demoKey is PASSED

2023-11-01 15:40:58 - [MESSAGE][PASSED] - pages.WriteExcel.demoKey is PASSED

2023-11-01 15:40:58 - [TEST_STEP][PASSED] - ExecuteTC = findTestData(dataFile).getValue("Execute", row): null

2023-11-01 15:40:58 - [TEST_STEP][PASSED] - Taxtype = findTestData(dataFile).getValue("TaxType", row): null

2023-11-01 15:40:58 - [TEST_STEP][PASSED] - Paymenttype = findTestData(dataFile).getValue("PaymentType", row): null

2023-11-01 15:40:58 - [TEST_STEP][PASSED] - feinSsn = findTestData(dataFile).getValue("FEINSSN", row): null

2023-11-01 15:40:58 - [TEST_STEP][PASSED] - out.println("Value of Execute is : " + ExecuteTC): null

2023-11-01 15:40:58 - [TEST_STEP][PASSED] - if (ExecuteTC.equalsIgnoreCase("Y")): null

2023-11-01 15:40:58 - [TEST_STEP][PASSED] - out.println("Begin Record Number: " + row): null

2023-11-01 15:40:58 - [TEST_STEP][PASSED] - today = new java.util.Date(): null

2023-11-01 15:40:58 - [TEST_STEP][PASSED] - println(today): null

2023-11-01 15:40:58 - [TEST_STEP][PASSED] - datText = today: null

2023-11-01 15:40:58 - [TEST_STEP][PASSED] - Taxtype = findTestData(dataFile).getValue("TaxType", row): null

2023-11-01 15:40:58 - [TEST_STEP][PASSED] - out.println("Taxtype value is : " + Taxtype): null

2023-11-01 15:40:58 - [TEST_STEP][PASSED] - openBrowser(""): Browser is opened with url: ''

2023-11-01 15:40:58 - [MESSAGE][WARNING] - A browser is already opened. Closing browser and opening a new one

2023-11-01 15:40:59 - [MESSAGE][INFO] - Starting 'Chrome' driver

2023-11-01 15:40:59 - [MESSAGE][INFO] - User set preference: ['acceptInsecureCerts', 'true']

2023-11-01 15:40:59 - [MESSAGE][INFO] - Action delay is set to 0 milliseconds

2023-11-01 15:41:01 - [MESSAGE][PASSED] - Browser is opened with url: ''

2023-11-01 15:41:01 - [TEST_STEP][PASSED] - maximizeWindow(): Current window maximized

2023-11-01 15:41:01 - [MESSAGE][PASSED] - Current window maximized

2023-11-01 15:41:01 - [TEST_STEP][PASSED] - navigateToUrl(RADurl): Navigate to 'https://qa2.velocitypayment.com/client/rad/index.html' successfully

2023-11-01 15:41:03 - [MESSAGE][PASSED] - Navigate to 'https://qa2.velocitypayment.com/client/rad/index.html' successfully

2023-11-01 15:41:03 - [TEST_STEP][PASSED] - orPath_Landing = "Object Repository/RAD_Pages/Landing_Page": null

2023-11-01 15:41:03 - [TEST_STEP][PASSED] - orPath_TaxTypeFilingYear = "Object Repository/RAD_Pages/TaxTypeFilingYear_Page": null

2023-11-01 15:41:03 - [TEST_STEP][PASSED] - orPath_TaxPayer = "Object Repository/RAD_Pages/Taxpayer_Page": null

2023-11-01 15:41:03 - [TEST_STEP][PASSED] - orPath_AddressContact = "Object Repository/RAD_Pages/AddressAndContactInfo_Page": null

2023-11-01 15:41:03 - [TEST_STEP][PASSED] - orPath_FilingStatus = "Object Repository/RAD_Pages/FilingStatus_Page": null

2023-11-01 15:41:03 - [TEST_STEP][PASSED] - orPath_Amount = "Object Repository/RAD_Pages/PaymentAmount_Page": null

2023-11-01 15:41:03 - [TEST_STEP][PASSED] - orPath_TaxInfo = "Object Repository/RAD_Pages/TaxInfo_Page": null

2023-11-01 15:41:03 - [TEST_STEP][PASSED] - orPath_Withholding = "Object Repository/RAD_Pages/Withholding_Page": null

2023-11-01 15:41:03 - [TEST_STEP][PASSED] - orPath_Summary = "Object Repository/RAD_Pages/Summary_Page": null

2023-11-01 15:41:03 - [TEST_STEP][PASSED] - orPath_PaymentReady = "Object Repository/RAD_Pages/PaymentReady_Page": null

2023-11-01 15:41:03 - [TEST_STEP][PASSED] - orPath_PaymentEntry = "Object Repository/RAD_Pages/PaymentEntry_Page": null

2023-11-01 15:41:03 - [TEST_STEP][PASSED] - orPath_PaymentConfirmation = "Object Repository/RAD_Pages/PaymentConfirmation_Page": null

2023-11-01 15:41:03 - [TEST_STEP][PASSED] - orPath_ServiceFeesAccept = "Object Repository/RAD_Pages/ServiceFeeAccept_Page": null

2023-11-01 15:41:03 - [TEST_STEP][PASSED] - selectOptionByLabel(findTestObject(orPath_Landing + "/dd_TaxType"), Paymenttype, false): All options with label 'Quarterly Estimated Tax' are selected in object 'Object Repository/RAD_Pages/Landing_Page/dd_TaxType' 

2023-11-01 15:41:03 - [MESSAGE][PASSED] - All options with label 'Quarterly Estimated Tax' are selected in object 'Object Repository/RAD_Pages/Landing_Page/dd_TaxType' 

2023-11-01 15:41:03 - [TEST_STEP][PASSED] - delay(1): Delayed 1 second(s)

2023-11-01 15:41:04 - [MESSAGE][PASSED] - Delayed 1 second(s)

2023-11-01 15:41:04 - [TEST_STEP][PASSED] - switch (Paymenttype): null

2023-11-01 15:41:04 - [TEST_STEP][PASSED] - case "Quarterly Estimated Tax":: null

2023-11-01 15:41:04 - [TEST_STEP][PASSED] - selectOptionByLabel(findTestObject(orPath_TaxTypeFilingYear + "/select_PaymentType"), Taxtype, false): All options with label 'Fiduciary Tax' are selected in object 'Object Repository/RAD_Pages/TaxTypeFilingYear_Page/select_PaymentType' 

2023-11-01 15:41:05 - [MESSAGE][PASSED] - All options with label 'Fiduciary Tax' are selected in object 'Object Repository/RAD_Pages/TaxTypeFilingYear_Page/select_PaymentType' 

2023-11-01 15:41:05 - [TEST_STEP][PASSED] - break: null

2023-11-01 15:41:05 - [TEST_STEP][PASSED] - delay(1): Delayed 1 second(s)

2023-11-01 15:41:06 - [MESSAGE][PASSED] - Delayed 1 second(s)

2023-11-01 15:41:06 - [TEST_STEP][PASSED] - switch (Paymenttype): null

2023-11-01 15:41:06 - [TEST_STEP][PASSED] - case "Quarterly Estimated Tax":: null

2023-11-01 15:41:06 - [TEST_STEP][PASSED] - if (feinSsn.equalsIgnoreCase("Y")): null

2023-11-01 15:41:06 - [TEST_STEP][PASSED] - else: Text ****** has been set on object 'Object Repository/RAD_Pages/TaxInfo_Page/input_FederalEIN_ReEnter'

2023-11-01 15:41:06 - [TEST_STEP][PASSED] - setEncryptedText(findTestObject(orPath_TaxInfo + "/input_FederalEIN"), "iGDxf8hSRT4="): Text ****** has been set on object 'Object Repository/RAD_Pages/TaxInfo_Page/input_FederalEIN'

2023-11-01 15:41:06 - [MESSAGE][PASSED] - Text ****** has been set on object 'Object Repository/RAD_Pages/TaxInfo_Page/input_FederalEIN'

2023-11-01 15:41:06 - [TEST_STEP][PASSED] - setEncryptedText(findTestObject(orPath_TaxInfo + "/input_FederalEIN_ReEnter"), ""): Text ****** has been set on object 'Object Repository/RAD_Pages/TaxInfo_Page/input_FederalEIN_ReEnter'

2023-11-01 15:41:07 - [MESSAGE][PASSED] - Text ****** has been set on object 'Object Repository/RAD_Pages/TaxInfo_Page/input_FederalEIN_ReEnter'

2023-11-01 15:41:07 - [TEST_STEP][PASSED] - break: null

2023-11-01 15:41:07 - [TEST_STEP][PASSED] - if (feinSsn.equalsIgnoreCase("Y")): null

2023-11-01 15:41:07 - [TEST_STEP][PASSED] - else: null

2023-11-01 15:41:07 - [TEST_STEP][PASSED] - if (verifyTextPresent("Please enter a valid FEIN with 9 digits.", true)): null

2023-11-01 15:41:08 - [MESSAGE][PASSED] - Text 'Please enter a valid FEIN with 9 digits.' is present on page  using regular expression

2023-11-01 15:41:08 - [TEST_STEP][PASSED] - println("Error Message is present on the page"): null

2023-11-01 15:41:08 - [TEST_STEP][PASSED] - out.println("Pass Record Number: " + row): null

2023-11-01 15:41:08 - [TEST_STEP][PASSED] - resText = "Pass": null

2023-11-01 15:41:08 - [TEST_STEP][PASSED] - pages.WriteExcel.demoKey(resText, datText, resColumn, datCloumn, fileLoc, nameSheet, row): pages.WriteExcel.demoKey is PASSED

2023-11-01 15:41:08 - [MESSAGE][PASSED] - pages.WriteExcel.demoKey is PASSED

2023-11-01 15:41:08 - [TEST_STEP][PASSED] - ExecuteTC = findTestData(dataFile).getValue("Execute", row): null

2023-11-01 15:41:08 - [TEST_STEP][PASSED] - Taxtype = findTestData(dataFile).getValue("TaxType", row): null

2023-11-01 15:41:08 - [TEST_STEP][PASSED] - Paymenttype = findTestData(dataFile).getValue("PaymentType", row): null

2023-11-01 15:41:08 - [TEST_STEP][PASSED] - feinSsn = findTestData(dataFile).getValue("FEINSSN", row): null

2023-11-01 15:41:08 - [TEST_STEP][PASSED] - out.println("Value of Execute is : " + ExecuteTC): null

2023-11-01 15:41:08 - [TEST_STEP][PASSED] - if (ExecuteTC.equalsIgnoreCase("Y")): null

2023-11-01 15:41:08 - [TEST_STEP][PASSED] - out.println("Begin Record Number: " + row): null

2023-11-01 15:41:08 - [TEST_STEP][PASSED] - today = new java.util.Date(): null

2023-11-01 15:41:08 - [TEST_STEP][PASSED] - println(today): null

2023-11-01 15:41:08 - [TEST_STEP][PASSED] - datText = today: null

2023-11-01 15:41:08 - [TEST_STEP][PASSED] - Taxtype = findTestData(dataFile).getValue("TaxType", row): null

2023-11-01 15:41:08 - [TEST_STEP][PASSED] - out.println("Taxtype value is : " + Taxtype): null

2023-11-01 15:41:08 - [TEST_STEP][PASSED] - openBrowser(""): Browser is opened with url: ''

2023-11-01 15:41:08 - [MESSAGE][WARNING] - A browser is already opened. Closing browser and opening a new one

2023-11-01 15:41:09 - [MESSAGE][INFO] - Starting 'Chrome' driver

2023-11-01 15:41:09 - [MESSAGE][INFO] - User set preference: ['acceptInsecureCerts', 'true']

2023-11-01 15:41:09 - [MESSAGE][INFO] - Action delay is set to 0 milliseconds

2023-11-01 15:41:10 - [MESSAGE][PASSED] - Browser is opened with url: ''

2023-11-01 15:41:10 - [TEST_STEP][PASSED] - maximizeWindow(): Current window maximized

2023-11-01 15:41:10 - [MESSAGE][PASSED] - Current window maximized

2023-11-01 15:41:10 - [TEST_STEP][PASSED] - navigateToUrl(RADurl): Navigate to 'https://qa2.velocitypayment.com/client/rad/index.html' successfully

2023-11-01 15:41:12 - [MESSAGE][PASSED] - Navigate to 'https://qa2.velocitypayment.com/client/rad/index.html' successfully

2023-11-01 15:41:12 - [TEST_STEP][PASSED] - orPath_Landing = "Object Repository/RAD_Pages/Landing_Page": null

2023-11-01 15:41:12 - [TEST_STEP][PASSED] - orPath_TaxTypeFilingYear = "Object Repository/RAD_Pages/TaxTypeFilingYear_Page": null

2023-11-01 15:41:12 - [TEST_STEP][PASSED] - orPath_TaxPayer = "Object Repository/RAD_Pages/Taxpayer_Page": null

2023-11-01 15:41:12 - [TEST_STEP][PASSED] - orPath_AddressContact = "Object Repository/RAD_Pages/AddressAndContactInfo_Page": null

2023-11-01 15:41:12 - [TEST_STEP][PASSED] - orPath_FilingStatus = "Object Repository/RAD_Pages/FilingStatus_Page": null

2023-11-01 15:41:12 - [TEST_STEP][PASSED] - orPath_Amount = "Object Repository/RAD_Pages/PaymentAmount_Page": null

2023-11-01 15:41:12 - [TEST_STEP][PASSED] - orPath_TaxInfo = "Object Repository/RAD_Pages/TaxInfo_Page": null

2023-11-01 15:41:12 - [TEST_STEP][PASSED] - orPath_Withholding = "Object Repository/RAD_Pages/Withholding_Page": null

2023-11-01 15:41:12 - [TEST_STEP][PASSED] - orPath_Summary = "Object Repository/RAD_Pages/Summary_Page": null

2023-11-01 15:41:12 - [TEST_STEP][PASSED] - orPath_PaymentReady = "Object Repository/RAD_Pages/PaymentReady_Page": null

2023-11-01 15:41:12 - [TEST_STEP][PASSED] - orPath_PaymentEntry = "Object Repository/RAD_Pages/PaymentEntry_Page": null

2023-11-01 15:41:12 - [TEST_STEP][PASSED] - orPath_PaymentConfirmation = "Object Repository/RAD_Pages/PaymentConfirmation_Page": null

2023-11-01 15:41:12 - [TEST_STEP][PASSED] - orPath_ServiceFeesAccept = "Object Repository/RAD_Pages/ServiceFeeAccept_Page": null

2023-11-01 15:41:12 - [TEST_STEP][PASSED] - selectOptionByLabel(findTestObject(orPath_Landing + "/dd_TaxType"), Paymenttype, false): All options with label 'Quarterly Estimated Tax' are selected in object 'Object Repository/RAD_Pages/Landing_Page/dd_TaxType' 

2023-11-01 15:41:13 - [MESSAGE][PASSED] - All options with label 'Quarterly Estimated Tax' are selected in object 'Object Repository/RAD_Pages/Landing_Page/dd_TaxType' 

2023-11-01 15:41:13 - [TEST_STEP][PASSED] - delay(1): Delayed 1 second(s)

2023-11-01 15:41:14 - [MESSAGE][PASSED] - Delayed 1 second(s)

2023-11-01 15:41:14 - [TEST_STEP][PASSED] - switch (Paymenttype): null

2023-11-01 15:41:14 - [TEST_STEP][PASSED] - case "Quarterly Estimated Tax":: null

2023-11-01 15:41:14 - [TEST_STEP][PASSED] - selectOptionByLabel(findTestObject(orPath_TaxTypeFilingYear + "/select_PaymentType"), Taxtype, false): All options with label 'PTE Non-Electing Non-S Corp' are selected in object 'Object Repository/RAD_Pages/TaxTypeFilingYear_Page/select_PaymentType' 

2023-11-01 15:41:15 - [MESSAGE][PASSED] - All options with label 'PTE Non-Electing Non-S Corp' are selected in object 'Object Repository/RAD_Pages/TaxTypeFilingYear_Page/select_PaymentType' 

2023-11-01 15:41:15 - [TEST_STEP][PASSED] - break: null

2023-11-01 15:41:15 - [TEST_STEP][PASSED] - delay(1): Delayed 1 second(s)

2023-11-01 15:41:16 - [MESSAGE][PASSED] - Delayed 1 second(s)

2023-11-01 15:41:16 - [TEST_STEP][PASSED] - switch (Paymenttype): null

2023-11-01 15:41:16 - [TEST_STEP][PASSED] - case "Quarterly Estimated Tax":: null

2023-11-01 15:41:16 - [TEST_STEP][PASSED] - if (feinSsn.equalsIgnoreCase("Y")): Text ****** has been set on object 'Object Repository/RAD_Pages/TaxInfo_Page/input_TaxInfo_RetypeFeinSsn_New_2'

2023-11-01 15:41:16 - [TEST_STEP][PASSED] - setEncryptedText(findTestObject(orPath_TaxInfo + "/input_TaxInfo_FeinSsn_New_2"), "iGDxf8hSRT4="): Text ****** has been set on object 'Object Repository/RAD_Pages/TaxInfo_Page/input_TaxInfo_FeinSsn_New_2'

2023-11-01 15:41:16 - [MESSAGE][PASSED] - Text ****** has been set on object 'Object Repository/RAD_Pages/TaxInfo_Page/input_TaxInfo_FeinSsn_New_2'

2023-11-01 15:41:16 - [TEST_STEP][PASSED] - setEncryptedText(findTestObject(orPath_TaxInfo + "/input_TaxInfo_RetypeFeinSsn_New_2"), ""): Text ****** has been set on object 'Object Repository/RAD_Pages/TaxInfo_Page/input_TaxInfo_RetypeFeinSsn_New_2'

2023-11-01 15:41:17 - [MESSAGE][PASSED] - Text ****** has been set on object 'Object Repository/RAD_Pages/TaxInfo_Page/input_TaxInfo_RetypeFeinSsn_New_2'

2023-11-01 15:41:17 - [TEST_STEP][PASSED] - break: null

2023-11-01 15:41:17 - [TEST_STEP][PASSED] - if (feinSsn.equalsIgnoreCase("Y")): null

2023-11-01 15:41:17 - [TEST_STEP][PASSED] - if (verifyTextPresent("Please enter a valid FEIN/SSN with 9 digits", true)): null

2023-11-01 15:41:17 - [MESSAGE][PASSED] - Text 'Please enter a valid FEIN/SSN with 9 digits' is present on page  using regular expression

2023-11-01 15:41:17 - [TEST_STEP][PASSED] - println("Error Message is present on the page"): null

2023-11-01 15:41:17 - [TEST_STEP][PASSED] - out.println("Pass Record Number: " + row): null

2023-11-01 15:41:17 - [TEST_STEP][PASSED] - resText = "Pass": null

2023-11-01 15:41:17 - [TEST_STEP][PASSED] - pages.WriteExcel.demoKey(resText, datText, resColumn, datCloumn, fileLoc, nameSheet, row): pages.WriteExcel.demoKey is PASSED

2023-11-01 15:41:17 - [MESSAGE][PASSED] - pages.WriteExcel.demoKey is PASSED

2023-11-01 15:41:17 - [TEST_STEP][PASSED] - ExecuteTC = findTestData(dataFile).getValue("Execute", row): null

2023-11-01 15:41:17 - [TEST_STEP][PASSED] - Taxtype = findTestData(dataFile).getValue("TaxType", row): null

2023-11-01 15:41:18 - [TEST_STEP][PASSED] - Paymenttype = findTestData(dataFile).getValue("PaymentType", row): null

2023-11-01 15:41:18 - [TEST_STEP][PASSED] - feinSsn = findTestData(dataFile).getValue("FEINSSN", row): null

2023-11-01 15:41:18 - [TEST_STEP][PASSED] - out.println("Value of Execute is : " + ExecuteTC): null

2023-11-01 15:41:18 - [TEST_STEP][PASSED] - if (ExecuteTC.equalsIgnoreCase("Y")): null

2023-11-01 15:41:18 - [TEST_STEP][PASSED] - out.println("Begin Record Number: " + row): null

2023-11-01 15:41:18 - [TEST_STEP][PASSED] - today = new java.util.Date(): null

2023-11-01 15:41:18 - [TEST_STEP][PASSED] - println(today): null

2023-11-01 15:41:18 - [TEST_STEP][PASSED] - datText = today: null

2023-11-01 15:41:18 - [TEST_STEP][PASSED] - Taxtype = findTestData(dataFile).getValue("TaxType", row): null

2023-11-01 15:41:18 - [TEST_STEP][PASSED] - out.println("Taxtype value is : " + Taxtype): null

2023-11-01 15:41:18 - [TEST_STEP][PASSED] - openBrowser(""): Browser is opened with url: ''

2023-11-01 15:41:18 - [MESSAGE][WARNING] - A browser is already opened. Closing browser and opening a new one

2023-11-01 15:41:19 - [MESSAGE][INFO] - Starting 'Chrome' driver

2023-11-01 15:41:19 - [MESSAGE][INFO] - User set preference: ['acceptInsecureCerts', 'true']

2023-11-01 15:41:19 - [MESSAGE][INFO] - Action delay is set to 0 milliseconds

2023-11-01 15:41:20 - [MESSAGE][PASSED] - Browser is opened with url: ''

2023-11-01 15:41:20 - [TEST_STEP][PASSED] - maximizeWindow(): Current window maximized

2023-11-01 15:41:20 - [MESSAGE][PASSED] - Current window maximized

2023-11-01 15:41:20 - [TEST_STEP][PASSED] - navigateToUrl(RADurl): Navigate to 'https://qa2.velocitypayment.com/client/rad/index.html' successfully

2023-11-01 15:41:22 - [MESSAGE][PASSED] - Navigate to 'https://qa2.velocitypayment.com/client/rad/index.html' successfully

2023-11-01 15:41:22 - [TEST_STEP][PASSED] - orPath_Landing = "Object Repository/RAD_Pages/Landing_Page": null

2023-11-01 15:41:22 - [TEST_STEP][PASSED] - orPath_TaxTypeFilingYear = "Object Repository/RAD_Pages/TaxTypeFilingYear_Page": null

2023-11-01 15:41:22 - [TEST_STEP][PASSED] - orPath_TaxPayer = "Object Repository/RAD_Pages/Taxpayer_Page": null

2023-11-01 15:41:22 - [TEST_STEP][PASSED] - orPath_AddressContact = "Object Repository/RAD_Pages/AddressAndContactInfo_Page": null

2023-11-01 15:41:22 - [TEST_STEP][PASSED] - orPath_FilingStatus = "Object Repository/RAD_Pages/FilingStatus_Page": null

2023-11-01 15:41:22 - [TEST_STEP][PASSED] - orPath_Amount = "Object Repository/RAD_Pages/PaymentAmount_Page": null

2023-11-01 15:41:22 - [TEST_STEP][PASSED] - orPath_TaxInfo = "Object Repository/RAD_Pages/TaxInfo_Page": null

2023-11-01 15:41:22 - [TEST_STEP][PASSED] - orPath_Withholding = "Object Repository/RAD_Pages/Withholding_Page": null

2023-11-01 15:41:22 - [TEST_STEP][PASSED] - orPath_Summary = "Object Repository/RAD_Pages/Summary_Page": null

2023-11-01 15:41:22 - [TEST_STEP][PASSED] - orPath_PaymentReady = "Object Repository/RAD_Pages/PaymentReady_Page": null

2023-11-01 15:41:22 - [TEST_STEP][PASSED] - orPath_PaymentEntry = "Object Repository/RAD_Pages/PaymentEntry_Page": null

2023-11-01 15:41:22 - [TEST_STEP][PASSED] - orPath_PaymentConfirmation = "Object Repository/RAD_Pages/PaymentConfirmation_Page": null

2023-11-01 15:41:22 - [TEST_STEP][PASSED] - orPath_ServiceFeesAccept = "Object Repository/RAD_Pages/ServiceFeeAccept_Page": null

2023-11-01 15:41:22 - [TEST_STEP][PASSED] - selectOptionByLabel(findTestObject(orPath_Landing + "/dd_TaxType"), Paymenttype, false): All options with label 'Quarterly Estimated Tax' are selected in object 'Object Repository/RAD_Pages/Landing_Page/dd_TaxType' 

2023-11-01 15:41:23 - [MESSAGE][PASSED] - All options with label 'Quarterly Estimated Tax' are selected in object 'Object Repository/RAD_Pages/Landing_Page/dd_TaxType' 

2023-11-01 15:41:23 - [TEST_STEP][PASSED] - delay(1): Delayed 1 second(s)

2023-11-01 15:41:24 - [MESSAGE][PASSED] - Delayed 1 second(s)

2023-11-01 15:41:24 - [TEST_STEP][PASSED] - switch (Paymenttype): null

2023-11-01 15:41:24 - [TEST_STEP][PASSED] - case "Quarterly Estimated Tax":: null

2023-11-01 15:41:24 - [TEST_STEP][PASSED] - selectOptionByLabel(findTestObject(orPath_TaxTypeFilingYear + "/select_PaymentType"), Taxtype, false): All options with label 'PTE Non-Electing S Corp' are selected in object 'Object Repository/RAD_Pages/TaxTypeFilingYear_Page/select_PaymentType' 

2023-11-01 15:41:24 - [MESSAGE][PASSED] - All options with label 'PTE Non-Electing S Corp' are selected in object 'Object Repository/RAD_Pages/TaxTypeFilingYear_Page/select_PaymentType' 

2023-11-01 15:41:24 - [TEST_STEP][PASSED] - break: null

2023-11-01 15:41:24 - [TEST_STEP][PASSED] - delay(1): Delayed 1 second(s)

2023-11-01 15:41:25 - [MESSAGE][PASSED] - Delayed 1 second(s)

2023-11-01 15:41:25 - [TEST_STEP][PASSED] - switch (Paymenttype): null

2023-11-01 15:41:25 - [TEST_STEP][PASSED] - case "Quarterly Estimated Tax":: null

2023-11-01 15:41:25 - [TEST_STEP][PASSED] - if (feinSsn.equalsIgnoreCase("Y")): Text ****** has been set on object 'Object Repository/RAD_Pages/TaxInfo_Page/input_TaxInfo_RetypeFeinSsn_New_2'

2023-11-01 15:41:25 - [TEST_STEP][PASSED] - setEncryptedText(findTestObject(orPath_TaxInfo + "/input_TaxInfo_FeinSsn_New_2"), "iGDxf8hSRT4="): Text ****** has been set on object 'Object Repository/RAD_Pages/TaxInfo_Page/input_TaxInfo_FeinSsn_New_2'

2023-11-01 15:41:26 - [MESSAGE][PASSED] - Text ****** has been set on object 'Object Repository/RAD_Pages/TaxInfo_Page/input_TaxInfo_FeinSsn_New_2'

2023-11-01 15:41:26 - [TEST_STEP][PASSED] - setEncryptedText(findTestObject(orPath_TaxInfo + "/input_TaxInfo_RetypeFeinSsn_New_2"), ""): Text ****** has been set on object 'Object Repository/RAD_Pages/TaxInfo_Page/input_TaxInfo_RetypeFeinSsn_New_2'

2023-11-01 15:41:26 - [MESSAGE][PASSED] - Text ****** has been set on object 'Object Repository/RAD_Pages/TaxInfo_Page/input_TaxInfo_RetypeFeinSsn_New_2'

2023-11-01 15:41:26 - [TEST_STEP][PASSED] - break: null

2023-11-01 15:41:26 - [TEST_STEP][PASSED] - if (feinSsn.equalsIgnoreCase("Y")): null

2023-11-01 15:41:26 - [TEST_STEP][PASSED] - if (verifyTextPresent("Please enter a valid FEIN/SSN with 9 digits", true)): null

2023-11-01 15:41:27 - [MESSAGE][PASSED] - Text 'Please enter a valid FEIN/SSN with 9 digits' is present on page  using regular expression

2023-11-01 15:41:27 - [TEST_STEP][PASSED] - println("Error Message is present on the page"): null

2023-11-01 15:41:27 - [TEST_STEP][PASSED] - out.println("Pass Record Number: " + row): null

2023-11-01 15:41:27 - [TEST_STEP][PASSED] - resText = "Pass": null

2023-11-01 15:41:27 - [TEST_STEP][PASSED] - pages.WriteExcel.demoKey(resText, datText, resColumn, datCloumn, fileLoc, nameSheet, row): pages.WriteExcel.demoKey is PASSED

2023-11-01 15:41:27 - [MESSAGE][PASSED] - pages.WriteExcel.demoKey is PASSED

2023-11-01 15:41:27 - [TEST_STEP][PASSED] - ExecuteTC = findTestData(dataFile).getValue("Execute", row): null

2023-11-01 15:41:27 - [TEST_STEP][PASSED] - Taxtype = findTestData(dataFile).getValue("TaxType", row): null

2023-11-01 15:41:27 - [TEST_STEP][PASSED] - Paymenttype = findTestData(dataFile).getValue("PaymentType", row): null

2023-11-01 15:41:27 - [TEST_STEP][PASSED] - feinSsn = findTestData(dataFile).getValue("FEINSSN", row): null

2023-11-01 15:41:27 - [TEST_STEP][PASSED] - out.println("Value of Execute is : " + ExecuteTC): null

2023-11-01 15:41:27 - [TEST_STEP][PASSED] - if (ExecuteTC.equalsIgnoreCase("Y")): null

2023-11-01 15:41:27 - [TEST_STEP][PASSED] - out.println("Begin Record Number: " + row): null

2023-11-01 15:41:27 - [TEST_STEP][PASSED] - today = new java.util.Date(): null

2023-11-01 15:41:27 - [TEST_STEP][PASSED] - println(today): null

2023-11-01 15:41:27 - [TEST_STEP][PASSED] - datText = today: null

2023-11-01 15:41:27 - [TEST_STEP][PASSED] - Taxtype = findTestData(dataFile).getValue("TaxType", row): null

2023-11-01 15:41:27 - [TEST_STEP][PASSED] - out.println("Taxtype value is : " + Taxtype): null

2023-11-01 15:41:27 - [TEST_STEP][PASSED] - openBrowser(""): Browser is opened with url: ''

2023-11-01 15:41:27 - [MESSAGE][WARNING] - A browser is already opened. Closing browser and opening a new one

2023-11-01 15:41:28 - [MESSAGE][INFO] - Starting 'Chrome' driver

2023-11-01 15:41:28 - [MESSAGE][INFO] - User set preference: ['acceptInsecureCerts', 'true']

2023-11-01 15:41:28 - [MESSAGE][INFO] - Action delay is set to 0 milliseconds

2023-11-01 15:41:30 - [MESSAGE][PASSED] - Browser is opened with url: ''

2023-11-01 15:41:30 - [TEST_STEP][PASSED] - maximizeWindow(): Current window maximized

2023-11-01 15:41:30 - [MESSAGE][PASSED] - Current window maximized

2023-11-01 15:41:30 - [TEST_STEP][PASSED] - navigateToUrl(RADurl): Navigate to 'https://qa2.velocitypayment.com/client/rad/index.html' successfully

2023-11-01 15:41:30 - [MESSAGE][PASSED] - Navigate to 'https://qa2.velocitypayment.com/client/rad/index.html' successfully

2023-11-01 15:41:30 - [TEST_STEP][PASSED] - orPath_Landing = "Object Repository/RAD_Pages/Landing_Page": null

2023-11-01 15:41:30 - [TEST_STEP][PASSED] - orPath_TaxTypeFilingYear = "Object Repository/RAD_Pages/TaxTypeFilingYear_Page": null

2023-11-01 15:41:30 - [TEST_STEP][PASSED] - orPath_TaxPayer = "Object Repository/RAD_Pages/Taxpayer_Page": null

2023-11-01 15:41:30 - [TEST_STEP][PASSED] - orPath_AddressContact = "Object Repository/RAD_Pages/AddressAndContactInfo_Page": null

2023-11-01 15:41:30 - [TEST_STEP][PASSED] - orPath_FilingStatus = "Object Repository/RAD_Pages/FilingStatus_Page": null

2023-11-01 15:41:30 - [TEST_STEP][PASSED] - orPath_Amount = "Object Repository/RAD_Pages/PaymentAmount_Page": null

2023-11-01 15:41:30 - [TEST_STEP][PASSED] - orPath_TaxInfo = "Object Repository/RAD_Pages/TaxInfo_Page": null

2023-11-01 15:41:30 - [TEST_STEP][PASSED] - orPath_Withholding = "Object Repository/RAD_Pages/Withholding_Page": null

2023-11-01 15:41:30 - [TEST_STEP][PASSED] - orPath_Summary = "Object Repository/RAD_Pages/Summary_Page": null

2023-11-01 15:41:30 - [TEST_STEP][PASSED] - orPath_PaymentReady = "Object Repository/RAD_Pages/PaymentReady_Page": null

2023-11-01 15:41:30 - [TEST_STEP][PASSED] - orPath_PaymentEntry = "Object Repository/RAD_Pages/PaymentEntry_Page": null

2023-11-01 15:41:30 - [TEST_STEP][PASSED] - orPath_PaymentConfirmation = "Object Repository/RAD_Pages/PaymentConfirmation_Page": null

2023-11-01 15:41:30 - [TEST_STEP][PASSED] - orPath_ServiceFeesAccept = "Object Repository/RAD_Pages/ServiceFeeAccept_Page": null

2023-11-01 15:41:30 - [TEST_STEP][PASSED] - selectOptionByLabel(findTestObject(orPath_Landing + "/dd_TaxType"), Paymenttype, false): All options with label 'Quarterly Estimated Tax' are selected in object 'Object Repository/RAD_Pages/Landing_Page/dd_TaxType' 

2023-11-01 15:41:32 - [MESSAGE][PASSED] - All options with label 'Quarterly Estimated Tax' are selected in object 'Object Repository/RAD_Pages/Landing_Page/dd_TaxType' 

2023-11-01 15:41:32 - [TEST_STEP][PASSED] - delay(1): Delayed 1 second(s)

2023-11-01 15:41:33 - [MESSAGE][PASSED] - Delayed 1 second(s)

2023-11-01 15:41:33 - [TEST_STEP][PASSED] - switch (Paymenttype): null

2023-11-01 15:41:33 - [TEST_STEP][PASSED] - case "Quarterly Estimated Tax":: null

2023-11-01 15:41:33 - [TEST_STEP][PASSED] - selectOptionByLabel(findTestObject(orPath_TaxTypeFilingYear + "/select_PaymentType"), Taxtype, false): All options with label 'PTE Tax Electing Non-S Corp' are selected in object 'Object Repository/RAD_Pages/TaxTypeFilingYear_Page/select_PaymentType' 

2023-11-01 15:41:33 - [MESSAGE][PASSED] - All options with label 'PTE Tax Electing Non-S Corp' are selected in object 'Object Repository/RAD_Pages/TaxTypeFilingYear_Page/select_PaymentType' 

2023-11-01 15:41:33 - [TEST_STEP][PASSED] - break: null

2023-11-01 15:41:33 - [TEST_STEP][PASSED] - delay(1): Delayed 1 second(s)

2023-11-01 15:41:34 - [MESSAGE][PASSED] - Delayed 1 second(s)

2023-11-01 15:41:34 - [TEST_STEP][PASSED] - switch (Paymenttype): null

2023-11-01 15:41:34 - [TEST_STEP][PASSED] - case "Quarterly Estimated Tax":: null

2023-11-01 15:41:34 - [TEST_STEP][PASSED] - if (feinSsn.equalsIgnoreCase("Y")): Text ****** has been set on object 'Object Repository/RAD_Pages/TaxInfo_Page/input_TaxInfo_RetypeFeinSsn_New_2'

2023-11-01 15:41:34 - [TEST_STEP][PASSED] - setEncryptedText(findTestObject(orPath_TaxInfo + "/input_TaxInfo_FeinSsn_New_2"), "iGDxf8hSRT4="): Text ****** has been set on object 'Object Repository/RAD_Pages/TaxInfo_Page/input_TaxInfo_FeinSsn_New_2'

2023-11-01 15:41:35 - [MESSAGE][PASSED] - Text ****** has been set on object 'Object Repository/RAD_Pages/TaxInfo_Page/input_TaxInfo_FeinSsn_New_2'

2023-11-01 15:41:35 - [TEST_STEP][PASSED] - setEncryptedText(findTestObject(orPath_TaxInfo + "/input_TaxInfo_RetypeFeinSsn_New_2"), ""): Text ****** has been set on object 'Object Repository/RAD_Pages/TaxInfo_Page/input_TaxInfo_RetypeFeinSsn_New_2'

2023-11-01 15:41:36 - [MESSAGE][PASSED] - Text ****** has been set on object 'Object Repository/RAD_Pages/TaxInfo_Page/input_TaxInfo_RetypeFeinSsn_New_2'

2023-11-01 15:41:36 - [TEST_STEP][PASSED] - break: null

2023-11-01 15:41:36 - [TEST_STEP][PASSED] - if (feinSsn.equalsIgnoreCase("Y")): null

2023-11-01 15:41:36 - [TEST_STEP][PASSED] - if (verifyTextPresent("Please enter a valid FEIN/SSN with 9 digits", true)): null

2023-11-01 15:41:36 - [MESSAGE][PASSED] - Text 'Please enter a valid FEIN/SSN with 9 digits' is present on page  using regular expression

2023-11-01 15:41:36 - [TEST_STEP][PASSED] - println("Error Message is present on the page"): null

2023-11-01 15:41:36 - [TEST_STEP][PASSED] - out.println("Pass Record Number: " + row): null

2023-11-01 15:41:36 - [TEST_STEP][PASSED] - resText = "Pass": null

2023-11-01 15:41:36 - [TEST_STEP][PASSED] - pages.WriteExcel.demoKey(resText, datText, resColumn, datCloumn, fileLoc, nameSheet, row): pages.WriteExcel.demoKey is PASSED

2023-11-01 15:41:36 - [MESSAGE][PASSED] - pages.WriteExcel.demoKey is PASSED

2023-11-01 15:41:36 - [TEST_STEP][PASSED] - ExecuteTC = findTestData(dataFile).getValue("Execute", row): null

2023-11-01 15:41:36 - [TEST_STEP][PASSED] - Taxtype = findTestData(dataFile).getValue("TaxType", row): null

2023-11-01 15:41:36 - [TEST_STEP][PASSED] - Paymenttype = findTestData(dataFile).getValue("PaymentType", row): null

2023-11-01 15:41:36 - [TEST_STEP][PASSED] - feinSsn = findTestData(dataFile).getValue("FEINSSN", row): null

2023-11-01 15:41:36 - [TEST_STEP][PASSED] - out.println("Value of Execute is : " + ExecuteTC): null

2023-11-01 15:41:36 - [TEST_STEP][PASSED] - if (ExecuteTC.equalsIgnoreCase("Y")): null

2023-11-01 15:41:36 - [TEST_STEP][PASSED] - out.println("Begin Record Number: " + row): null

2023-11-01 15:41:36 - [TEST_STEP][PASSED] - today = new java.util.Date(): null

2023-11-01 15:41:36 - [TEST_STEP][PASSED] - println(today): null

2023-11-01 15:41:36 - [TEST_STEP][PASSED] - datText = today: null

2023-11-01 15:41:36 - [TEST_STEP][PASSED] - Taxtype = findTestData(dataFile).getValue("TaxType", row): null

2023-11-01 15:41:36 - [TEST_STEP][PASSED] - out.println("Taxtype value is : " + Taxtype): null

2023-11-01 15:41:36 - [TEST_STEP][PASSED] - openBrowser(""): Browser is opened with url: ''

2023-11-01 15:41:36 - [MESSAGE][WARNING] - A browser is already opened. Closing browser and opening a new one

2023-11-01 15:41:37 - [MESSAGE][INFO] - Starting 'Chrome' driver

2023-11-01 15:41:37 - [MESSAGE][INFO] - User set preference: ['acceptInsecureCerts', 'true']

2023-11-01 15:41:37 - [MESSAGE][INFO] - Action delay is set to 0 milliseconds

2023-11-01 15:41:39 - [MESSAGE][PASSED] - Browser is opened with url: ''

2023-11-01 15:41:39 - [TEST_STEP][PASSED] - maximizeWindow(): Current window maximized

2023-11-01 15:41:39 - [MESSAGE][PASSED] - Current window maximized

2023-11-01 15:41:39 - [TEST_STEP][PASSED] - navigateToUrl(RADurl): Navigate to 'https://qa2.velocitypayment.com/client/rad/index.html' successfully

2023-11-01 15:41:41 - [MESSAGE][PASSED] - Navigate to 'https://qa2.velocitypayment.com/client/rad/index.html' successfully

2023-11-01 15:41:41 - [TEST_STEP][PASSED] - orPath_Landing = "Object Repository/RAD_Pages/Landing_Page": null

2023-11-01 15:41:41 - [TEST_STEP][PASSED] - orPath_TaxTypeFilingYear = "Object Repository/RAD_Pages/TaxTypeFilingYear_Page": null

2023-11-01 15:41:41 - [TEST_STEP][PASSED] - orPath_TaxPayer = "Object Repository/RAD_Pages/Taxpayer_Page": null

2023-11-01 15:41:41 - [TEST_STEP][PASSED] - orPath_AddressContact = "Object Repository/RAD_Pages/AddressAndContactInfo_Page": null

2023-11-01 15:41:41 - [TEST_STEP][PASSED] - orPath_FilingStatus = "Object Repository/RAD_Pages/FilingStatus_Page": null

2023-11-01 15:41:41 - [TEST_STEP][PASSED] - orPath_Amount = "Object Repository/RAD_Pages/PaymentAmount_Page": null

2023-11-01 15:41:41 - [TEST_STEP][PASSED] - orPath_TaxInfo = "Object Repository/RAD_Pages/TaxInfo_Page": null

2023-11-01 15:41:41 - [TEST_STEP][PASSED] - orPath_Withholding = "Object Repository/RAD_Pages/Withholding_Page": null

2023-11-01 15:41:41 - [TEST_STEP][PASSED] - orPath_Summary = "Object Repository/RAD_Pages/Summary_Page": null

2023-11-01 15:41:41 - [TEST_STEP][PASSED] - orPath_PaymentReady = "Object Repository/RAD_Pages/PaymentReady_Page": null

2023-11-01 15:41:41 - [TEST_STEP][PASSED] - orPath_PaymentEntry = "Object Repository/RAD_Pages/PaymentEntry_Page": null

2023-11-01 15:41:41 - [TEST_STEP][PASSED] - orPath_PaymentConfirmation = "Object Repository/RAD_Pages/PaymentConfirmation_Page": null

2023-11-01 15:41:41 - [TEST_STEP][PASSED] - orPath_ServiceFeesAccept = "Object Repository/RAD_Pages/ServiceFeeAccept_Page": null

2023-11-01 15:41:41 - [TEST_STEP][PASSED] - selectOptionByLabel(findTestObject(orPath_Landing + "/dd_TaxType"), Paymenttype, false): All options with label 'Quarterly Estimated Tax' are selected in object 'Object Repository/RAD_Pages/Landing_Page/dd_TaxType' 

2023-11-01 15:41:41 - [MESSAGE][PASSED] - All options with label 'Quarterly Estimated Tax' are selected in object 'Object Repository/RAD_Pages/Landing_Page/dd_TaxType' 

2023-11-01 15:41:41 - [TEST_STEP][PASSED] - delay(1): Delayed 1 second(s)

2023-11-01 15:41:42 - [MESSAGE][PASSED] - Delayed 1 second(s)

2023-11-01 15:41:42 - [TEST_STEP][PASSED] - switch (Paymenttype): null

2023-11-01 15:41:42 - [TEST_STEP][PASSED] - case "Quarterly Estimated Tax":: null

2023-11-01 15:41:42 - [TEST_STEP][PASSED] - selectOptionByLabel(findTestObject(orPath_TaxTypeFilingYear + "/select_PaymentType"), Taxtype, false): All options with label 'PTE Tax Electing S Corp' are selected in object 'Object Repository/RAD_Pages/TaxTypeFilingYear_Page/select_PaymentType' 

2023-11-01 15:41:43 - [MESSAGE][PASSED] - All options with label 'PTE Tax Electing S Corp' are selected in object 'Object Repository/RAD_Pages/TaxTypeFilingYear_Page/select_PaymentType' 

2023-11-01 15:41:43 - [TEST_STEP][PASSED] - break: null

2023-11-01 15:41:43 - [TEST_STEP][PASSED] - delay(1): Delayed 1 second(s)

2023-11-01 15:41:44 - [MESSAGE][PASSED] - Delayed 1 second(s)

2023-11-01 15:41:44 - [TEST_STEP][PASSED] - switch (Paymenttype): null

2023-11-01 15:41:44 - [TEST_STEP][PASSED] - case "Quarterly Estimated Tax":: null

2023-11-01 15:41:44 - [TEST_STEP][PASSED] - if (feinSsn.equalsIgnoreCase("Y")): Text ****** has been set on object 'Object Repository/RAD_Pages/TaxInfo_Page/input_TaxInfo_RetypeFeinSsn_New_2'

2023-11-01 15:41:44 - [TEST_STEP][PASSED] - setEncryptedText(findTestObject(orPath_TaxInfo + "/input_TaxInfo_FeinSsn_New_2"), "iGDxf8hSRT4="): Text ****** has been set on object 'Object Repository/RAD_Pages/TaxInfo_Page/input_TaxInfo_FeinSsn_New_2'

2023-11-01 15:41:44 - [MESSAGE][PASSED] - Text ****** has been set on object 'Object Repository/RAD_Pages/TaxInfo_Page/input_TaxInfo_FeinSsn_New_2'

2023-11-01 15:41:44 - [TEST_STEP][PASSED] - setEncryptedText(findTestObject(orPath_TaxInfo + "/input_TaxInfo_RetypeFeinSsn_New_2"), ""): Text ****** has been set on object 'Object Repository/RAD_Pages/TaxInfo_Page/input_TaxInfo_RetypeFeinSsn_New_2'

2023-11-01 15:41:45 - [MESSAGE][PASSED] - Text ****** has been set on object 'Object Repository/RAD_Pages/TaxInfo_Page/input_TaxInfo_RetypeFeinSsn_New_2'

2023-11-01 15:41:45 - [TEST_STEP][PASSED] - break: null

2023-11-01 15:41:45 - [TEST_STEP][PASSED] - if (feinSsn.equalsIgnoreCase("Y")): null

2023-11-01 15:41:45 - [TEST_STEP][PASSED] - if (verifyTextPresent("Please enter a valid FEIN/SSN with 9 digits", true)): null

2023-11-01 15:41:46 - [MESSAGE][PASSED] - Text 'Please enter a valid FEIN/SSN with 9 digits' is present on page  using regular expression

2023-11-01 15:41:46 - [TEST_STEP][PASSED] - println("Error Message is present on the page"): null

2023-11-01 15:41:46 - [TEST_STEP][PASSED] - out.println("Pass Record Number: " + row): null

2023-11-01 15:41:46 - [TEST_STEP][PASSED] - resText = "Pass": null

2023-11-01 15:41:46 - [TEST_STEP][PASSED] - pages.WriteExcel.demoKey(resText, datText, resColumn, datCloumn, fileLoc, nameSheet, row): pages.WriteExcel.demoKey is PASSED

2023-11-01 15:41:46 - [MESSAGE][PASSED] - pages.WriteExcel.demoKey is PASSED

2023-11-01 15:41:46 - [TEST_STEP][PASSED] - ExecuteTC = findTestData(dataFile).getValue("Execute", row): null

2023-11-01 15:41:46 - [TEST_STEP][PASSED] - Taxtype = findTestData(dataFile).getValue("TaxType", row): null

2023-11-01 15:41:46 - [TEST_STEP][PASSED] - Paymenttype = findTestData(dataFile).getValue("PaymentType", row): null

2023-11-01 15:41:46 - [TEST_STEP][PASSED] - feinSsn = findTestData(dataFile).getValue("FEINSSN", row): null

2023-11-01 15:41:46 - [TEST_STEP][PASSED] - out.println("Value of Execute is : " + ExecuteTC): null

2023-11-01 15:41:46 - [TEST_STEP][PASSED] - if (ExecuteTC.equalsIgnoreCase("Y")): null

2023-11-01 15:41:46 - [TEST_STEP][PASSED] - out.println("Begin Record Number: " + row): null

2023-11-01 15:41:46 - [TEST_STEP][PASSED] - today = new java.util.Date(): null

2023-11-01 15:41:46 - [TEST_STEP][PASSED] - println(today): null

2023-11-01 15:41:46 - [TEST_STEP][PASSED] - datText = today: null

2023-11-01 15:41:46 - [TEST_STEP][PASSED] - Taxtype = findTestData(dataFile).getValue("TaxType", row): null

2023-11-01 15:41:46 - [TEST_STEP][PASSED] - out.println("Taxtype value is : " + Taxtype): null

2023-11-01 15:41:46 - [TEST_STEP][PASSED] - openBrowser(""): Browser is opened with url: ''

2023-11-01 15:41:46 - [MESSAGE][WARNING] - A browser is already opened. Closing browser and opening a new one

2023-11-01 15:41:47 - [MESSAGE][INFO] - Starting 'Chrome' driver

2023-11-01 15:41:47 - [MESSAGE][INFO] - User set preference: ['acceptInsecureCerts', 'true']

2023-11-01 15:41:47 - [MESSAGE][INFO] - Action delay is set to 0 milliseconds

2023-11-01 15:41:48 - [MESSAGE][PASSED] - Browser is opened with url: ''

2023-11-01 15:41:48 - [TEST_STEP][PASSED] - maximizeWindow(): Current window maximized

2023-11-01 15:41:48 - [MESSAGE][PASSED] - Current window maximized

2023-11-01 15:41:48 - [TEST_STEP][PASSED] - navigateToUrl(RADurl): Navigate to 'https://qa2.velocitypayment.com/client/rad/index.html' successfully

2023-11-01 15:41:50 - [MESSAGE][PASSED] - Navigate to 'https://qa2.velocitypayment.com/client/rad/index.html' successfully

2023-11-01 15:41:50 - [TEST_STEP][PASSED] - orPath_Landing = "Object Repository/RAD_Pages/Landing_Page": null

2023-11-01 15:41:50 - [TEST_STEP][PASSED] - orPath_TaxTypeFilingYear = "Object Repository/RAD_Pages/TaxTypeFilingYear_Page": null

2023-11-01 15:41:50 - [TEST_STEP][PASSED] - orPath_TaxPayer = "Object Repository/RAD_Pages/Taxpayer_Page": null

2023-11-01 15:41:50 - [TEST_STEP][PASSED] - orPath_AddressContact = "Object Repository/RAD_Pages/AddressAndContactInfo_Page": null

2023-11-01 15:41:50 - [TEST_STEP][PASSED] - orPath_FilingStatus = "Object Repository/RAD_Pages/FilingStatus_Page": null

2023-11-01 15:41:50 - [TEST_STEP][PASSED] - orPath_Amount = "Object Repository/RAD_Pages/PaymentAmount_Page": null

2023-11-01 15:41:50 - [TEST_STEP][PASSED] - orPath_TaxInfo = "Object Repository/RAD_Pages/TaxInfo_Page": null

2023-11-01 15:41:50 - [TEST_STEP][PASSED] - orPath_Withholding = "Object Repository/RAD_Pages/Withholding_Page": null

2023-11-01 15:41:50 - [TEST_STEP][PASSED] - orPath_Summary = "Object Repository/RAD_Pages/Summary_Page": null

2023-11-01 15:41:50 - [TEST_STEP][PASSED] - orPath_PaymentReady = "Object Repository/RAD_Pages/PaymentReady_Page": null

2023-11-01 15:41:50 - [TEST_STEP][PASSED] - orPath_PaymentEntry = "Object Repository/RAD_Pages/PaymentEntry_Page": null

2023-11-01 15:41:50 - [TEST_STEP][PASSED] - orPath_PaymentConfirmation = "Object Repository/RAD_Pages/PaymentConfirmation_Page": null

2023-11-01 15:41:50 - [TEST_STEP][PASSED] - orPath_ServiceFeesAccept = "Object Repository/RAD_Pages/ServiceFeeAccept_Page": null

2023-11-01 15:41:50 - [TEST_STEP][PASSED] - selectOptionByLabel(findTestObject(orPath_Landing + "/dd_TaxType"), Paymenttype, false): All options with label 'Extension Payments' are selected in object 'Object Repository/RAD_Pages/Landing_Page/dd_TaxType' 

2023-11-01 15:41:51 - [MESSAGE][PASSED] - All options with label 'Extension Payments' are selected in object 'Object Repository/RAD_Pages/Landing_Page/dd_TaxType' 

2023-11-01 15:41:51 - [TEST_STEP][PASSED] - delay(1): Delayed 1 second(s)

2023-11-01 15:41:52 - [MESSAGE][PASSED] - Delayed 1 second(s)

2023-11-01 15:41:52 - [TEST_STEP][PASSED] - switch (Paymenttype): null

2023-11-01 15:41:52 - [TEST_STEP][PASSED] - case "Extension Payments":: null

2023-11-01 15:41:52 - [TEST_STEP][PASSED] - selectOptionByLabel(findTestObject(orPath_TaxTypeFilingYear + "/select_PaymentType"), Taxtype, false): All options with label 'Corporate Income Tax' are selected in object 'Object Repository/RAD_Pages/TaxTypeFilingYear_Page/select_PaymentType' 

2023-11-01 15:41:52 - [MESSAGE][PASSED] - All options with label 'Corporate Income Tax' are selected in object 'Object Repository/RAD_Pages/TaxTypeFilingYear_Page/select_PaymentType' 

2023-11-01 15:41:52 - [TEST_STEP][PASSED] - break: null

2023-11-01 15:41:52 - [TEST_STEP][PASSED] - delay(1): Delayed 1 second(s)

2023-11-01 15:41:53 - [MESSAGE][PASSED] - Delayed 1 second(s)

2023-11-01 15:41:53 - [TEST_STEP][PASSED] - switch (Paymenttype): null

2023-11-01 15:41:53 - [TEST_STEP][PASSED] - case "Extension Payments":: null

2023-11-01 15:41:53 - [TEST_STEP][PASSED] - if (feinSsn.equalsIgnoreCase("Y")): null

2023-11-01 15:41:53 - [TEST_STEP][PASSED] - else: Text ****** has been set on object 'Object Repository/RAD_Pages/TaxInfo_Page/input_FederalEIN_ReEnter'

2023-11-01 15:41:53 - [TEST_STEP][PASSED] - setEncryptedText(findTestObject(orPath_TaxInfo + "/input_FederalEIN"), "iGDxf8hSRT4="): Text ****** has been set on object 'Object Repository/RAD_Pages/TaxInfo_Page/input_FederalEIN'

2023-11-01 15:41:54 - [MESSAGE][PASSED] - Text ****** has been set on object 'Object Repository/RAD_Pages/TaxInfo_Page/input_FederalEIN'

2023-11-01 15:41:54 - [TEST_STEP][PASSED] - setEncryptedText(findTestObject(orPath_TaxInfo + "/input_FederalEIN_ReEnter"), ""): Text ****** has been set on object 'Object Repository/RAD_Pages/TaxInfo_Page/input_FederalEIN_ReEnter'

2023-11-01 15:41:54 - [MESSAGE][PASSED] - Text ****** has been set on object 'Object Repository/RAD_Pages/TaxInfo_Page/input_FederalEIN_ReEnter'

2023-11-01 15:41:54 - [TEST_STEP][PASSED] - break: null

2023-11-01 15:41:54 - [TEST_STEP][PASSED] - if (feinSsn.equalsIgnoreCase("Y")): null

2023-11-01 15:41:54 - [TEST_STEP][PASSED] - else: null

2023-11-01 15:41:54 - [TEST_STEP][PASSED] - if (verifyTextPresent("Please enter a valid FEIN with 9 digits.", true)): null

2023-11-01 15:41:55 - [MESSAGE][PASSED] - Text 'Please enter a valid FEIN with 9 digits.' is present on page  using regular expression

2023-11-01 15:41:55 - [TEST_STEP][PASSED] - println("Error Message is present on the page"): null

2023-11-01 15:41:55 - [TEST_STEP][PASSED] - out.println("Pass Record Number: " + row): null

2023-11-01 15:41:55 - [TEST_STEP][PASSED] - resText = "Pass": null

2023-11-01 15:41:55 - [TEST_STEP][PASSED] - pages.WriteExcel.demoKey(resText, datText, resColumn, datCloumn, fileLoc, nameSheet, row): pages.WriteExcel.demoKey is PASSED

2023-11-01 15:41:55 - [MESSAGE][PASSED] - pages.WriteExcel.demoKey is PASSED

2023-11-01 15:41:55 - [TEST_STEP][PASSED] - ExecuteTC = findTestData(dataFile).getValue("Execute", row): null

2023-11-01 15:41:55 - [TEST_STEP][PASSED] - Taxtype = findTestData(dataFile).getValue("TaxType", row): null

2023-11-01 15:41:55 - [TEST_STEP][PASSED] - Paymenttype = findTestData(dataFile).getValue("PaymentType", row): null

2023-11-01 15:41:55 - [TEST_STEP][PASSED] - feinSsn = findTestData(dataFile).getValue("FEINSSN", row): null

2023-11-01 15:41:55 - [TEST_STEP][PASSED] - out.println("Value of Execute is : " + ExecuteTC): null

2023-11-01 15:41:55 - [TEST_STEP][PASSED] - if (ExecuteTC.equalsIgnoreCase("Y")): null

2023-11-01 15:41:55 - [TEST_STEP][PASSED] - out.println("Begin Record Number: " + row): null

2023-11-01 15:41:55 - [TEST_STEP][PASSED] - today = new java.util.Date(): null

2023-11-01 15:41:55 - [TEST_STEP][PASSED] - println(today): null

2023-11-01 15:41:55 - [TEST_STEP][PASSED] - datText = today: null

2023-11-01 15:41:55 - [TEST_STEP][PASSED] - Taxtype = findTestData(dataFile).getValue("TaxType", row): null

2023-11-01 15:41:55 - [TEST_STEP][PASSED] - out.println("Taxtype value is : " + Taxtype): null

2023-11-01 15:41:55 - [TEST_STEP][PASSED] - openBrowser(""): Browser is opened with url: ''

2023-11-01 15:41:55 - [MESSAGE][WARNING] - A browser is already opened. Closing browser and opening a new one

2023-11-01 15:41:56 - [MESSAGE][INFO] - Starting 'Chrome' driver

2023-11-01 15:41:56 - [MESSAGE][INFO] - User set preference: ['acceptInsecureCerts', 'true']

2023-11-01 15:41:56 - [MESSAGE][INFO] - Action delay is set to 0 milliseconds

2023-11-01 15:41:58 - [MESSAGE][PASSED] - Browser is opened with url: ''

2023-11-01 15:41:58 - [TEST_STEP][PASSED] - maximizeWindow(): Current window maximized

2023-11-01 15:41:58 - [MESSAGE][PASSED] - Current window maximized

2023-11-01 15:41:58 - [TEST_STEP][PASSED] - navigateToUrl(RADurl): Navigate to 'https://qa2.velocitypayment.com/client/rad/index.html' successfully

2023-11-01 15:41:59 - [MESSAGE][PASSED] - Navigate to 'https://qa2.velocitypayment.com/client/rad/index.html' successfully

2023-11-01 15:41:59 - [TEST_STEP][PASSED] - orPath_Landing = "Object Repository/RAD_Pages/Landing_Page": null

2023-11-01 15:41:59 - [TEST_STEP][PASSED] - orPath_TaxTypeFilingYear = "Object Repository/RAD_Pages/TaxTypeFilingYear_Page": null

2023-11-01 15:41:59 - [TEST_STEP][PASSED] - orPath_TaxPayer = "Object Repository/RAD_Pages/Taxpayer_Page": null

2023-11-01 15:41:59 - [TEST_STEP][PASSED] - orPath_AddressContact = "Object Repository/RAD_Pages/AddressAndContactInfo_Page": null

2023-11-01 15:41:59 - [TEST_STEP][PASSED] - orPath_FilingStatus = "Object Repository/RAD_Pages/FilingStatus_Page": null

2023-11-01 15:41:59 - [TEST_STEP][PASSED] - orPath_Amount = "Object Repository/RAD_Pages/PaymentAmount_Page": null

2023-11-01 15:41:59 - [TEST_STEP][PASSED] - orPath_TaxInfo = "Object Repository/RAD_Pages/TaxInfo_Page": null

2023-11-01 15:41:59 - [TEST_STEP][PASSED] - orPath_Withholding = "Object Repository/RAD_Pages/Withholding_Page": null

2023-11-01 15:41:59 - [TEST_STEP][PASSED] - orPath_Summary = "Object Repository/RAD_Pages/Summary_Page": null

2023-11-01 15:41:59 - [TEST_STEP][PASSED] - orPath_PaymentReady = "Object Repository/RAD_Pages/PaymentReady_Page": null

2023-11-01 15:41:59 - [TEST_STEP][PASSED] - orPath_PaymentEntry = "Object Repository/RAD_Pages/PaymentEntry_Page": null

2023-11-01 15:41:59 - [TEST_STEP][PASSED] - orPath_PaymentConfirmation = "Object Repository/RAD_Pages/PaymentConfirmation_Page": null

2023-11-01 15:41:59 - [TEST_STEP][PASSED] - orPath_ServiceFeesAccept = "Object Repository/RAD_Pages/ServiceFeeAccept_Page": null

2023-11-01 15:41:59 - [TEST_STEP][PASSED] - selectOptionByLabel(findTestObject(orPath_Landing + "/dd_TaxType"), Paymenttype, false): All options with label 'Extension Payments' are selected in object 'Object Repository/RAD_Pages/Landing_Page/dd_TaxType' 

2023-11-01 15:42:00 - [MESSAGE][PASSED] - All options with label 'Extension Payments' are selected in object 'Object Repository/RAD_Pages/Landing_Page/dd_TaxType' 

2023-11-01 15:42:00 - [TEST_STEP][PASSED] - delay(1): Delayed 1 second(s)

2023-11-01 15:42:01 - [MESSAGE][PASSED] - Delayed 1 second(s)

2023-11-01 15:42:01 - [TEST_STEP][PASSED] - switch (Paymenttype): null

2023-11-01 15:42:01 - [TEST_STEP][PASSED] - case "Extension Payments":: null

2023-11-01 15:42:01 - [TEST_STEP][PASSED] - selectOptionByLabel(findTestObject(orPath_TaxTypeFilingYear + "/select_PaymentType"), Taxtype, false): All options with label 'Fiduciary Tax' are selected in object 'Object Repository/RAD_Pages/TaxTypeFilingYear_Page/select_PaymentType' 

2023-11-01 15:42:02 - [MESSAGE][PASSED] - All options with label 'Fiduciary Tax' are selected in object 'Object Repository/RAD_Pages/TaxTypeFilingYear_Page/select_PaymentType' 

2023-11-01 15:42:02 - [TEST_STEP][PASSED] - break: null

2023-11-01 15:42:02 - [TEST_STEP][PASSED] - delay(1): Delayed 1 second(s)

2023-11-01 15:42:03 - [MESSAGE][PASSED] - Delayed 1 second(s)

2023-11-01 15:42:03 - [TEST_STEP][PASSED] - switch (Paymenttype): null

2023-11-01 15:42:03 - [TEST_STEP][PASSED] - case "Extension Payments":: null

2023-11-01 15:42:03 - [TEST_STEP][PASSED] - if (feinSsn.equalsIgnoreCase("Y")): null

2023-11-01 15:42:03 - [TEST_STEP][PASSED] - else: Text ****** has been set on object 'Object Repository/RAD_Pages/TaxInfo_Page/input_FederalEIN_ReEnter'

2023-11-01 15:42:03 - [TEST_STEP][PASSED] - setEncryptedText(findTestObject(orPath_TaxInfo + "/input_FederalEIN"), "iGDxf8hSRT4="): Text ****** has been set on object 'Object Repository/RAD_Pages/TaxInfo_Page/input_FederalEIN'

2023-11-01 15:42:03 - [MESSAGE][PASSED] - Text ****** has been set on object 'Object Repository/RAD_Pages/TaxInfo_Page/input_FederalEIN'

2023-11-01 15:42:03 - [TEST_STEP][PASSED] - setEncryptedText(findTestObject(orPath_TaxInfo + "/input_FederalEIN_ReEnter"), ""): Text ****** has been set on object 'Object Repository/RAD_Pages/TaxInfo_Page/input_FederalEIN_ReEnter'

2023-11-01 15:42:04 - [MESSAGE][PASSED] - Text ****** has been set on object 'Object Repository/RAD_Pages/TaxInfo_Page/input_FederalEIN_ReEnter'

2023-11-01 15:42:04 - [TEST_STEP][PASSED] - break: null

2023-11-01 15:42:04 - [TEST_STEP][PASSED] - if (feinSsn.equalsIgnoreCase("Y")): null

2023-11-01 15:42:04 - [TEST_STEP][PASSED] - else: null

2023-11-01 15:42:04 - [TEST_STEP][PASSED] - if (verifyTextPresent("Please enter a valid FEIN with 9 digits.", true)): null

2023-11-01 15:42:04 - [MESSAGE][PASSED] - Text 'Please enter a valid FEIN with 9 digits.' is present on page  using regular expression

2023-11-01 15:42:04 - [TEST_STEP][PASSED] - println("Error Message is present on the page"): null

2023-11-01 15:42:04 - [TEST_STEP][PASSED] - out.println("Pass Record Number: " + row): null

2023-11-01 15:42:04 - [TEST_STEP][PASSED] - resText = "Pass": null

2023-11-01 15:42:04 - [TEST_STEP][PASSED] - pages.WriteExcel.demoKey(resText, datText, resColumn, datCloumn, fileLoc, nameSheet, row): pages.WriteExcel.demoKey is PASSED

2023-11-01 15:42:05 - [MESSAGE][PASSED] - pages.WriteExcel.demoKey is PASSED

2023-11-01 15:42:05 - [TEST_STEP][PASSED] - ExecuteTC = findTestData(dataFile).getValue("Execute", row): null

2023-11-01 15:42:05 - [TEST_STEP][PASSED] - Taxtype = findTestData(dataFile).getValue("TaxType", row): null

2023-11-01 15:42:05 - [TEST_STEP][PASSED] - Paymenttype = findTestData(dataFile).getValue("PaymentType", row): null

2023-11-01 15:42:05 - [TEST_STEP][PASSED] - feinSsn = findTestData(dataFile).getValue("FEINSSN", row): null

2023-11-01 15:42:05 - [TEST_STEP][PASSED] - out.println("Value of Execute is : " + ExecuteTC): null

2023-11-01 15:42:05 - [TEST_STEP][PASSED] - if (ExecuteTC.equalsIgnoreCase("Y")): null

2023-11-01 15:42:05 - [TEST_STEP][PASSED] - out.println("Begin Record Number: " + row): null

2023-11-01 15:42:05 - [TEST_STEP][PASSED] - today = new java.util.Date(): null

2023-11-01 15:42:05 - [TEST_STEP][PASSED] - println(today): null

2023-11-01 15:42:05 - [TEST_STEP][PASSED] - datText = today: null

2023-11-01 15:42:05 - [TEST_STEP][PASSED] - Taxtype = findTestData(dataFile).getValue("TaxType", row): null

2023-11-01 15:42:05 - [TEST_STEP][PASSED] - out.println("Taxtype value is : " + Taxtype): null

2023-11-01 15:42:05 - [TEST_STEP][PASSED] - openBrowser(""): Browser is opened with url: ''

2023-11-01 15:42:05 - [MESSAGE][WARNING] - A browser is already opened. Closing browser and opening a new one

2023-11-01 15:42:06 - [MESSAGE][INFO] - Starting 'Chrome' driver

2023-11-01 15:42:06 - [MESSAGE][INFO] - User set preference: ['acceptInsecureCerts', 'true']

2023-11-01 15:42:06 - [MESSAGE][INFO] - Action delay is set to 0 milliseconds

2023-11-01 15:42:07 - [MESSAGE][PASSED] - Browser is opened with url: ''

2023-11-01 15:42:07 - [TEST_STEP][PASSED] - maximizeWindow(): Current window maximized

2023-11-01 15:42:07 - [MESSAGE][PASSED] - Current window maximized

2023-11-01 15:42:07 - [TEST_STEP][PASSED] - navigateToUrl(RADurl): Navigate to 'https://qa2.velocitypayment.com/client/rad/index.html' successfully

2023-11-01 15:42:09 - [MESSAGE][PASSED] - Navigate to 'https://qa2.velocitypayment.com/client/rad/index.html' successfully

2023-11-01 15:42:09 - [TEST_STEP][PASSED] - orPath_Landing = "Object Repository/RAD_Pages/Landing_Page": null

2023-11-01 15:42:09 - [TEST_STEP][PASSED] - orPath_TaxTypeFilingYear = "Object Repository/RAD_Pages/TaxTypeFilingYear_Page": null

2023-11-01 15:42:09 - [TEST_STEP][PASSED] - orPath_TaxPayer = "Object Repository/RAD_Pages/Taxpayer_Page": null

2023-11-01 15:42:09 - [TEST_STEP][PASSED] - orPath_AddressContact = "Object Repository/RAD_Pages/AddressAndContactInfo_Page": null

2023-11-01 15:42:09 - [TEST_STEP][PASSED] - orPath_FilingStatus = "Object Repository/RAD_Pages/FilingStatus_Page": null

2023-11-01 15:42:09 - [TEST_STEP][PASSED] - orPath_Amount = "Object Repository/RAD_Pages/PaymentAmount_Page": null

2023-11-01 15:42:09 - [TEST_STEP][PASSED] - orPath_TaxInfo = "Object Repository/RAD_Pages/TaxInfo_Page": null

2023-11-01 15:42:09 - [TEST_STEP][PASSED] - orPath_Withholding = "Object Repository/RAD_Pages/Withholding_Page": null

2023-11-01 15:42:09 - [TEST_STEP][PASSED] - orPath_Summary = "Object Repository/RAD_Pages/Summary_Page": null

2023-11-01 15:42:09 - [TEST_STEP][PASSED] - orPath_PaymentReady = "Object Repository/RAD_Pages/PaymentReady_Page": null

2023-11-01 15:42:09 - [TEST_STEP][PASSED] - orPath_PaymentEntry = "Object Repository/RAD_Pages/PaymentEntry_Page": null

2023-11-01 15:42:09 - [TEST_STEP][PASSED] - orPath_PaymentConfirmation = "Object Repository/RAD_Pages/PaymentConfirmation_Page": null

2023-11-01 15:42:09 - [TEST_STEP][PASSED] - orPath_ServiceFeesAccept = "Object Repository/RAD_Pages/ServiceFeeAccept_Page": null

2023-11-01 15:42:09 - [TEST_STEP][PASSED] - selectOptionByLabel(findTestObject(orPath_Landing + "/dd_TaxType"), Paymenttype, false): All options with label 'Extension Payments' are selected in object 'Object Repository/RAD_Pages/Landing_Page/dd_TaxType' 

2023-11-01 15:42:10 - [MESSAGE][PASSED] - All options with label 'Extension Payments' are selected in object 'Object Repository/RAD_Pages/Landing_Page/dd_TaxType' 

2023-11-01 15:42:10 - [TEST_STEP][PASSED] - delay(1): Delayed 1 second(s)

2023-11-01 15:42:11 - [MESSAGE][PASSED] - Delayed 1 second(s)

2023-11-01 15:42:11 - [TEST_STEP][PASSED] - switch (Paymenttype): null

2023-11-01 15:42:11 - [TEST_STEP][PASSED] - case "Extension Payments":: null

2023-11-01 15:42:11 - [TEST_STEP][PASSED] - selectOptionByLabel(findTestObject(orPath_TaxTypeFilingYear + "/select_PaymentType"), Taxtype, false): All options with label 'PTE Non-Electing Non-S Corp' are selected in object 'Object Repository/RAD_Pages/TaxTypeFilingYear_Page/select_PaymentType' 

2023-11-01 15:42:11 - [MESSAGE][PASSED] - All options with label 'PTE Non-Electing Non-S Corp' are selected in object 'Object Repository/RAD_Pages/TaxTypeFilingYear_Page/select_PaymentType' 

2023-11-01 15:42:11 - [TEST_STEP][PASSED] - break: null

2023-11-01 15:42:11 - [TEST_STEP][PASSED] - delay(1): Delayed 1 second(s)

2023-11-01 15:42:12 - [MESSAGE][PASSED] - Delayed 1 second(s)

2023-11-01 15:42:12 - [TEST_STEP][PASSED] - switch (Paymenttype): null

2023-11-01 15:42:12 - [TEST_STEP][PASSED] - case "Extension Payments":: null

2023-11-01 15:42:12 - [TEST_STEP][PASSED] - if (feinSsn.equalsIgnoreCase("Y")): Text ****** has been set on object 'Object Repository/RAD_Pages/TaxInfo_Page/input_TaxInfo_RetypeFeinSsn_New_2'

2023-11-01 15:42:12 - [TEST_STEP][PASSED] - setEncryptedText(findTestObject(orPath_TaxInfo + "/input_TaxInfo_FeinSsn_New_2"), "iGDxf8hSRT4="): Text ****** has been set on object 'Object Repository/RAD_Pages/TaxInfo_Page/input_TaxInfo_FeinSsn_New_2'

2023-11-01 15:42:13 - [MESSAGE][PASSED] - Text ****** has been set on object 'Object Repository/RAD_Pages/TaxInfo_Page/input_TaxInfo_FeinSsn_New_2'

2023-11-01 15:42:13 - [TEST_STEP][PASSED] - setEncryptedText(findTestObject(orPath_TaxInfo + "/input_TaxInfo_RetypeFeinSsn_New_2"), ""): Text ****** has been set on object 'Object Repository/RAD_Pages/TaxInfo_Page/input_TaxInfo_RetypeFeinSsn_New_2'

2023-11-01 15:42:13 - [MESSAGE][PASSED] - Text ****** has been set on object 'Object Repository/RAD_Pages/TaxInfo_Page/input_TaxInfo_RetypeFeinSsn_New_2'

2023-11-01 15:42:13 - [TEST_STEP][PASSED] - break: null

2023-11-01 15:42:13 - [TEST_STEP][PASSED] - if (feinSsn.equalsIgnoreCase("Y")): null

2023-11-01 15:42:13 - [TEST_STEP][PASSED] - if (verifyTextPresent("Please enter a valid FEIN/SSN with 9 digits", true)): null

2023-11-01 15:42:14 - [MESSAGE][PASSED] - Text 'Please enter a valid FEIN/SSN with 9 digits' is present on page  using regular expression

2023-11-01 15:42:14 - [TEST_STEP][PASSED] - println("Error Message is present on the page"): null

2023-11-01 15:42:14 - [TEST_STEP][PASSED] - out.println("Pass Record Number: " + row): null

2023-11-01 15:42:14 - [TEST_STEP][PASSED] - resText = "Pass": null

2023-11-01 15:42:14 - [TEST_STEP][PASSED] - pages.WriteExcel.demoKey(resText, datText, resColumn, datCloumn, fileLoc, nameSheet, row): pages.WriteExcel.demoKey is PASSED

2023-11-01 15:42:14 - [MESSAGE][PASSED] - pages.WriteExcel.demoKey is PASSED

2023-11-01 15:42:14 - [TEST_STEP][PASSED] - ExecuteTC = findTestData(dataFile).getValue("Execute", row): null

2023-11-01 15:42:14 - [TEST_STEP][PASSED] - Taxtype = findTestData(dataFile).getValue("TaxType", row): null

2023-11-01 15:42:14 - [TEST_STEP][PASSED] - Paymenttype = findTestData(dataFile).getValue("PaymentType", row): null

2023-11-01 15:42:14 - [TEST_STEP][PASSED] - feinSsn = findTestData(dataFile).getValue("FEINSSN", row): null

2023-11-01 15:42:14 - [TEST_STEP][PASSED] - out.println("Value of Execute is : " + ExecuteTC): null

2023-11-01 15:42:14 - [TEST_STEP][PASSED] - if (ExecuteTC.equalsIgnoreCase("Y")): null

2023-11-01 15:42:14 - [TEST_STEP][PASSED] - out.println("Begin Record Number: " + row): null

2023-11-01 15:42:14 - [TEST_STEP][PASSED] - today = new java.util.Date(): null

2023-11-01 15:42:14 - [TEST_STEP][PASSED] - println(today): null

2023-11-01 15:42:14 - [TEST_STEP][PASSED] - datText = today: null

2023-11-01 15:42:14 - [TEST_STEP][PASSED] - Taxtype = findTestData(dataFile).getValue("TaxType", row): null

2023-11-01 15:42:14 - [TEST_STEP][PASSED] - out.println("Taxtype value is : " + Taxtype): null

2023-11-01 15:42:14 - [TEST_STEP][PASSED] - openBrowser(""): Browser is opened with url: ''

2023-11-01 15:42:14 - [MESSAGE][WARNING] - A browser is already opened. Closing browser and opening a new one

2023-11-01 15:42:15 - [MESSAGE][INFO] - Starting 'Chrome' driver

2023-11-01 15:42:15 - [MESSAGE][INFO] - User set preference: ['acceptInsecureCerts', 'true']

2023-11-01 15:42:15 - [MESSAGE][INFO] - Action delay is set to 0 milliseconds

2023-11-01 15:42:17 - [MESSAGE][PASSED] - Browser is opened with url: ''

2023-11-01 15:42:17 - [TEST_STEP][PASSED] - maximizeWindow(): Current window maximized

2023-11-01 15:42:17 - [MESSAGE][PASSED] - Current window maximized

2023-11-01 15:42:17 - [TEST_STEP][PASSED] - navigateToUrl(RADurl): Navigate to 'https://qa2.velocitypayment.com/client/rad/index.html' successfully

2023-11-01 15:42:17 - [MESSAGE][PASSED] - Navigate to 'https://qa2.velocitypayment.com/client/rad/index.html' successfully

2023-11-01 15:42:17 - [TEST_STEP][PASSED] - orPath_Landing = "Object Repository/RAD_Pages/Landing_Page": null

2023-11-01 15:42:17 - [TEST_STEP][PASSED] - orPath_TaxTypeFilingYear = "Object Repository/RAD_Pages/TaxTypeFilingYear_Page": null

2023-11-01 15:42:17 - [TEST_STEP][PASSED] - orPath_TaxPayer = "Object Repository/RAD_Pages/Taxpayer_Page": null

2023-11-01 15:42:17 - [TEST_STEP][PASSED] - orPath_AddressContact = "Object Repository/RAD_Pages/AddressAndContactInfo_Page": null

2023-11-01 15:42:17 - [TEST_STEP][PASSED] - orPath_FilingStatus = "Object Repository/RAD_Pages/FilingStatus_Page": null

2023-11-01 15:42:17 - [TEST_STEP][PASSED] - orPath_Amount = "Object Repository/RAD_Pages/PaymentAmount_Page": null

2023-11-01 15:42:17 - [TEST_STEP][PASSED] - orPath_TaxInfo = "Object Repository/RAD_Pages/TaxInfo_Page": null

2023-11-01 15:42:17 - [TEST_STEP][PASSED] - orPath_Withholding = "Object Repository/RAD_Pages/Withholding_Page": null

2023-11-01 15:42:17 - [TEST_STEP][PASSED] - orPath_Summary = "Object Repository/RAD_Pages/Summary_Page": null

2023-11-01 15:42:17 - [TEST_STEP][PASSED] - orPath_PaymentReady = "Object Repository/RAD_Pages/PaymentReady_Page": null

2023-11-01 15:42:17 - [TEST_STEP][PASSED] - orPath_PaymentEntry = "Object Repository/RAD_Pages/PaymentEntry_Page": null

2023-11-01 15:42:17 - [TEST_STEP][PASSED] - orPath_PaymentConfirmation = "Object Repository/RAD_Pages/PaymentConfirmation_Page": null

2023-11-01 15:42:17 - [TEST_STEP][PASSED] - orPath_ServiceFeesAccept = "Object Repository/RAD_Pages/ServiceFeeAccept_Page": null

2023-11-01 15:42:17 - [TEST_STEP][PASSED] - selectOptionByLabel(findTestObject(orPath_Landing + "/dd_TaxType"), Paymenttype, false): All options with label 'Extension Payments' are selected in object 'Object Repository/RAD_Pages/Landing_Page/dd_TaxType' 

2023-11-01 15:42:19 - [MESSAGE][PASSED] - All options with label 'Extension Payments' are selected in object 'Object Repository/RAD_Pages/Landing_Page/dd_TaxType' 

2023-11-01 15:42:19 - [TEST_STEP][PASSED] - delay(1): Delayed 1 second(s)

2023-11-01 15:42:20 - [MESSAGE][PASSED] - Delayed 1 second(s)

2023-11-01 15:42:20 - [TEST_STEP][PASSED] - switch (Paymenttype): null

2023-11-01 15:42:20 - [TEST_STEP][PASSED] - case "Extension Payments":: null

2023-11-01 15:42:20 - [TEST_STEP][PASSED] - selectOptionByLabel(findTestObject(orPath_TaxTypeFilingYear + "/select_PaymentType"), Taxtype, false): All options with label 'PTE Non-Electing S Corp' are selected in object 'Object Repository/RAD_Pages/TaxTypeFilingYear_Page/select_PaymentType' 

2023-11-01 15:42:20 - [MESSAGE][PASSED] - All options with label 'PTE Non-Electing S Corp' are selected in object 'Object Repository/RAD_Pages/TaxTypeFilingYear_Page/select_PaymentType' 

2023-11-01 15:42:20 - [TEST_STEP][PASSED] - break: null

2023-11-01 15:42:20 - [TEST_STEP][PASSED] - delay(1): Delayed 1 second(s)

2023-11-01 15:42:21 - [MESSAGE][PASSED] - Delayed 1 second(s)

2023-11-01 15:42:21 - [TEST_STEP][PASSED] - switch (Paymenttype): null

2023-11-01 15:42:21 - [TEST_STEP][PASSED] - case "Extension Payments":: null

2023-11-01 15:42:21 - [TEST_STEP][PASSED] - if (feinSsn.equalsIgnoreCase("Y")): Text ****** has been set on object 'Object Repository/RAD_Pages/TaxInfo_Page/input_TaxInfo_RetypeFeinSsn_New_2'

2023-11-01 15:42:21 - [TEST_STEP][PASSED] - setEncryptedText(findTestObject(orPath_TaxInfo + "/input_TaxInfo_FeinSsn_New_2"), "iGDxf8hSRT4="): Text ****** has been set on object 'Object Repository/RAD_Pages/TaxInfo_Page/input_TaxInfo_FeinSsn_New_2'

2023-11-01 15:42:22 - [MESSAGE][PASSED] - Text ****** has been set on object 'Object Repository/RAD_Pages/TaxInfo_Page/input_TaxInfo_FeinSsn_New_2'

2023-11-01 15:42:22 - [TEST_STEP][PASSED] - setEncryptedText(findTestObject(orPath_TaxInfo + "/input_TaxInfo_RetypeFeinSsn_New_2"), ""): Text ****** has been set on object 'Object Repository/RAD_Pages/TaxInfo_Page/input_TaxInfo_RetypeFeinSsn_New_2'

2023-11-01 15:42:23 - [MESSAGE][PASSED] - Text ****** has been set on object 'Object Repository/RAD_Pages/TaxInfo_Page/input_TaxInfo_RetypeFeinSsn_New_2'

2023-11-01 15:42:23 - [TEST_STEP][PASSED] - break: null

2023-11-01 15:42:23 - [TEST_STEP][PASSED] - if (feinSsn.equalsIgnoreCase("Y")): null

2023-11-01 15:42:23 - [TEST_STEP][PASSED] - if (verifyTextPresent("Please enter a valid FEIN/SSN with 9 digits", true)): null

2023-11-01 15:42:23 - [MESSAGE][PASSED] - Text 'Please enter a valid FEIN/SSN with 9 digits' is present on page  using regular expression

2023-11-01 15:42:23 - [TEST_STEP][PASSED] - println("Error Message is present on the page"): null

2023-11-01 15:42:23 - [TEST_STEP][PASSED] - out.println("Pass Record Number: " + row): null

2023-11-01 15:42:23 - [TEST_STEP][PASSED] - resText = "Pass": null

2023-11-01 15:42:23 - [TEST_STEP][PASSED] - pages.WriteExcel.demoKey(resText, datText, resColumn, datCloumn, fileLoc, nameSheet, row): pages.WriteExcel.demoKey is PASSED

2023-11-01 15:42:23 - [MESSAGE][PASSED] - pages.WriteExcel.demoKey is PASSED

2023-11-01 15:42:23 - [TEST_STEP][PASSED] - ExecuteTC = findTestData(dataFile).getValue("Execute", row): null

2023-11-01 15:42:23 - [TEST_STEP][PASSED] - Taxtype = findTestData(dataFile).getValue("TaxType", row): null

2023-11-01 15:42:23 - [TEST_STEP][PASSED] - Paymenttype = findTestData(dataFile).getValue("PaymentType", row): null

2023-11-01 15:42:23 - [TEST_STEP][PASSED] - feinSsn = findTestData(dataFile).getValue("FEINSSN", row): null

2023-11-01 15:42:23 - [TEST_STEP][PASSED] - out.println("Value of Execute is : " + ExecuteTC): null

2023-11-01 15:42:23 - [TEST_STEP][PASSED] - if (ExecuteTC.equalsIgnoreCase("Y")): null

2023-11-01 15:42:23 - [TEST_STEP][PASSED] - out.println("Begin Record Number: " + row): null

2023-11-01 15:42:23 - [TEST_STEP][PASSED] - today = new java.util.Date(): null

2023-11-01 15:42:23 - [TEST_STEP][PASSED] - println(today): null

2023-11-01 15:42:23 - [TEST_STEP][PASSED] - datText = today: null

2023-11-01 15:42:23 - [TEST_STEP][PASSED] - Taxtype = findTestData(dataFile).getValue("TaxType", row): null

2023-11-01 15:42:23 - [TEST_STEP][PASSED] - out.println("Taxtype value is : " + Taxtype): null

2023-11-01 15:42:23 - [TEST_STEP][PASSED] - openBrowser(""): Browser is opened with url: ''

2023-11-01 15:42:23 - [MESSAGE][WARNING] - A browser is already opened. Closing browser and opening a new one

2023-11-01 15:42:24 - [MESSAGE][INFO] - Starting 'Chrome' driver

2023-11-01 15:42:24 - [MESSAGE][INFO] - User set preference: ['acceptInsecureCerts', 'true']

2023-11-01 15:42:24 - [MESSAGE][INFO] - Action delay is set to 0 milliseconds

2023-11-01 15:42:26 - [MESSAGE][PASSED] - Browser is opened with url: ''

2023-11-01 15:42:26 - [TEST_STEP][PASSED] - maximizeWindow(): Current window maximized

2023-11-01 15:42:26 - [MESSAGE][PASSED] - Current window maximized

2023-11-01 15:42:26 - [TEST_STEP][PASSED] - navigateToUrl(RADurl): Navigate to 'https://qa2.velocitypayment.com/client/rad/index.html' successfully

2023-11-01 15:42:26 - [MESSAGE][PASSED] - Navigate to 'https://qa2.velocitypayment.com/client/rad/index.html' successfully

2023-11-01 15:42:26 - [TEST_STEP][PASSED] - orPath_Landing = "Object Repository/RAD_Pages/Landing_Page": null

2023-11-01 15:42:26 - [TEST_STEP][PASSED] - orPath_TaxTypeFilingYear = "Object Repository/RAD_Pages/TaxTypeFilingYear_Page": null

2023-11-01 15:42:26 - [TEST_STEP][PASSED] - orPath_TaxPayer = "Object Repository/RAD_Pages/Taxpayer_Page": null

2023-11-01 15:42:26 - [TEST_STEP][PASSED] - orPath_AddressContact = "Object Repository/RAD_Pages/AddressAndContactInfo_Page": null

2023-11-01 15:42:26 - [TEST_STEP][PASSED] - orPath_FilingStatus = "Object Repository/RAD_Pages/FilingStatus_Page": null

2023-11-01 15:42:26 - [TEST_STEP][PASSED] - orPath_Amount = "Object Repository/RAD_Pages/PaymentAmount_Page": null

2023-11-01 15:42:26 - [TEST_STEP][PASSED] - orPath_TaxInfo = "Object Repository/RAD_Pages/TaxInfo_Page": null

2023-11-01 15:42:26 - [TEST_STEP][PASSED] - orPath_Withholding = "Object Repository/RAD_Pages/Withholding_Page": null

2023-11-01 15:42:26 - [TEST_STEP][PASSED] - orPath_Summary = "Object Repository/RAD_Pages/Summary_Page": null

2023-11-01 15:42:26 - [TEST_STEP][PASSED] - orPath_PaymentReady = "Object Repository/RAD_Pages/PaymentReady_Page": null

2023-11-01 15:42:26 - [TEST_STEP][PASSED] - orPath_PaymentEntry = "Object Repository/RAD_Pages/PaymentEntry_Page": null

2023-11-01 15:42:26 - [TEST_STEP][PASSED] - orPath_PaymentConfirmation = "Object Repository/RAD_Pages/PaymentConfirmation_Page": null

2023-11-01 15:42:26 - [TEST_STEP][PASSED] - orPath_ServiceFeesAccept = "Object Repository/RAD_Pages/ServiceFeeAccept_Page": null

2023-11-01 15:42:26 - [TEST_STEP][PASSED] - selectOptionByLabel(findTestObject(orPath_Landing + "/dd_TaxType"), Paymenttype, false): All options with label 'Extension Payments' are selected in object 'Object Repository/RAD_Pages/Landing_Page/dd_TaxType' 

2023-11-01 15:42:28 - [MESSAGE][PASSED] - All options with label 'Extension Payments' are selected in object 'Object Repository/RAD_Pages/Landing_Page/dd_TaxType' 

2023-11-01 15:42:28 - [TEST_STEP][PASSED] - delay(1): Delayed 1 second(s)

2023-11-01 15:42:29 - [MESSAGE][PASSED] - Delayed 1 second(s)

2023-11-01 15:42:29 - [TEST_STEP][PASSED] - switch (Paymenttype): null

2023-11-01 15:42:29 - [TEST_STEP][PASSED] - case "Extension Payments":: null

2023-11-01 15:42:29 - [TEST_STEP][PASSED] - selectOptionByLabel(findTestObject(orPath_TaxTypeFilingYear + "/select_PaymentType"), Taxtype, false): All options with label 'PTE Tax Electing Non-S Corp' are selected in object 'Object Repository/RAD_Pages/TaxTypeFilingYear_Page/select_PaymentType' 

2023-11-01 15:42:30 - [MESSAGE][PASSED] - All options with label 'PTE Tax Electing Non-S Corp' are selected in object 'Object Repository/RAD_Pages/TaxTypeFilingYear_Page/select_PaymentType' 

2023-11-01 15:42:30 - [TEST_STEP][PASSED] - break: null

2023-11-01 15:42:30 - [TEST_STEP][PASSED] - delay(1): Delayed 1 second(s)

2023-11-01 15:42:31 - [MESSAGE][PASSED] - Delayed 1 second(s)

2023-11-01 15:42:31 - [TEST_STEP][PASSED] - switch (Paymenttype): null

2023-11-01 15:42:31 - [TEST_STEP][PASSED] - case "Extension Payments":: null

2023-11-01 15:42:31 - [TEST_STEP][PASSED] - if (feinSsn.equalsIgnoreCase("Y")): Text ****** has been set on object 'Object Repository/RAD_Pages/TaxInfo_Page/input_TaxInfo_RetypeFeinSsn_New_2'

2023-11-01 15:42:31 - [TEST_STEP][PASSED] - setEncryptedText(findTestObject(orPath_TaxInfo + "/input_TaxInfo_FeinSsn_New_2"), "iGDxf8hSRT4="): Text ****** has been set on object 'Object Repository/RAD_Pages/TaxInfo_Page/input_TaxInfo_FeinSsn_New_2'

2023-11-01 15:42:31 - [MESSAGE][PASSED] - Text ****** has been set on object 'Object Repository/RAD_Pages/TaxInfo_Page/input_TaxInfo_FeinSsn_New_2'

2023-11-01 15:42:31 - [TEST_STEP][PASSED] - setEncryptedText(findTestObject(orPath_TaxInfo + "/input_TaxInfo_RetypeFeinSsn_New_2"), ""): Text ****** has been set on object 'Object Repository/RAD_Pages/TaxInfo_Page/input_TaxInfo_RetypeFeinSsn_New_2'

2023-11-01 15:42:32 - [MESSAGE][PASSED] - Text ****** has been set on object 'Object Repository/RAD_Pages/TaxInfo_Page/input_TaxInfo_RetypeFeinSsn_New_2'

2023-11-01 15:42:32 - [TEST_STEP][PASSED] - break: null

2023-11-01 15:42:32 - [TEST_STEP][PASSED] - if (feinSsn.equalsIgnoreCase("Y")): null

2023-11-01 15:42:32 - [TEST_STEP][PASSED] - if (verifyTextPresent("Please enter a valid FEIN/SSN with 9 digits", true)): null

2023-11-01 15:42:32 - [MESSAGE][PASSED] - Text 'Please enter a valid FEIN/SSN with 9 digits' is present on page  using regular expression

2023-11-01 15:42:32 - [TEST_STEP][PASSED] - println("Error Message is present on the page"): null

2023-11-01 15:42:32 - [TEST_STEP][PASSED] - out.println("Pass Record Number: " + row): null

2023-11-01 15:42:32 - [TEST_STEP][PASSED] - resText = "Pass": null

2023-11-01 15:42:32 - [TEST_STEP][PASSED] - pages.WriteExcel.demoKey(resText, datText, resColumn, datCloumn, fileLoc, nameSheet, row): pages.WriteExcel.demoKey is PASSED

2023-11-01 15:42:33 - [MESSAGE][PASSED] - pages.WriteExcel.demoKey is PASSED

2023-11-01 15:42:33 - [TEST_STEP][PASSED] - ExecuteTC = findTestData(dataFile).getValue("Execute", row): null

2023-11-01 15:42:33 - [TEST_STEP][PASSED] - Taxtype = findTestData(dataFile).getValue("TaxType", row): null

2023-11-01 15:42:33 - [TEST_STEP][PASSED] - Paymenttype = findTestData(dataFile).getValue("PaymentType", row): null

2023-11-01 15:42:33 - [TEST_STEP][PASSED] - feinSsn = findTestData(dataFile).getValue("FEINSSN", row): null

2023-11-01 15:42:33 - [TEST_STEP][PASSED] - out.println("Value of Execute is : " + ExecuteTC): null

2023-11-01 15:42:33 - [TEST_STEP][PASSED] - if (ExecuteTC.equalsIgnoreCase("Y")): null

2023-11-01 15:42:33 - [TEST_STEP][PASSED] - out.println("Begin Record Number: " + row): null

2023-11-01 15:42:33 - [TEST_STEP][PASSED] - today = new java.util.Date(): null

2023-11-01 15:42:33 - [TEST_STEP][PASSED] - println(today): null

2023-11-01 15:42:33 - [TEST_STEP][PASSED] - datText = today: null

2023-11-01 15:42:33 - [TEST_STEP][PASSED] - Taxtype = findTestData(dataFile).getValue("TaxType", row): null

2023-11-01 15:42:33 - [TEST_STEP][PASSED] - out.println("Taxtype value is : " + Taxtype): null

2023-11-01 15:42:33 - [TEST_STEP][PASSED] - openBrowser(""): Browser is opened with url: ''

2023-11-01 15:42:33 - [MESSAGE][WARNING] - A browser is already opened. Closing browser and opening a new one

2023-11-01 15:42:34 - [MESSAGE][INFO] - Starting 'Chrome' driver

2023-11-01 15:42:34 - [MESSAGE][INFO] - User set preference: ['acceptInsecureCerts', 'true']

2023-11-01 15:42:34 - [MESSAGE][INFO] - Action delay is set to 0 milliseconds

2023-11-01 15:42:35 - [MESSAGE][PASSED] - Browser is opened with url: ''

2023-11-01 15:42:35 - [TEST_STEP][PASSED] - maximizeWindow(): Current window maximized

2023-11-01 15:42:35 - [MESSAGE][PASSED] - Current window maximized

2023-11-01 15:42:35 - [TEST_STEP][PASSED] - navigateToUrl(RADurl): Navigate to 'https://qa2.velocitypayment.com/client/rad/index.html' successfully

2023-11-01 15:42:37 - [MESSAGE][PASSED] - Navigate to 'https://qa2.velocitypayment.com/client/rad/index.html' successfully

2023-11-01 15:42:37 - [TEST_STEP][PASSED] - orPath_Landing = "Object Repository/RAD_Pages/Landing_Page": null

2023-11-01 15:42:37 - [TEST_STEP][PASSED] - orPath_TaxTypeFilingYear = "Object Repository/RAD_Pages/TaxTypeFilingYear_Page": null

2023-11-01 15:42:37 - [TEST_STEP][PASSED] - orPath_TaxPayer = "Object Repository/RAD_Pages/Taxpayer_Page": null

2023-11-01 15:42:37 - [TEST_STEP][PASSED] - orPath_AddressContact = "Object Repository/RAD_Pages/AddressAndContactInfo_Page": null

2023-11-01 15:42:37 - [TEST_STEP][PASSED] - orPath_FilingStatus = "Object Repository/RAD_Pages/FilingStatus_Page": null

2023-11-01 15:42:37 - [TEST_STEP][PASSED] - orPath_Amount = "Object Repository/RAD_Pages/PaymentAmount_Page": null

2023-11-01 15:42:37 - [TEST_STEP][PASSED] - orPath_TaxInfo = "Object Repository/RAD_Pages/TaxInfo_Page": null

2023-11-01 15:42:37 - [TEST_STEP][PASSED] - orPath_Withholding = "Object Repository/RAD_Pages/Withholding_Page": null

2023-11-01 15:42:37 - [TEST_STEP][PASSED] - orPath_Summary = "Object Repository/RAD_Pages/Summary_Page": null

2023-11-01 15:42:37 - [TEST_STEP][PASSED] - orPath_PaymentReady = "Object Repository/RAD_Pages/PaymentReady_Page": null

2023-11-01 15:42:37 - [TEST_STEP][PASSED] - orPath_PaymentEntry = "Object Repository/RAD_Pages/PaymentEntry_Page": null

2023-11-01 15:42:37 - [TEST_STEP][PASSED] - orPath_PaymentConfirmation = "Object Repository/RAD_Pages/PaymentConfirmation_Page": null

2023-11-01 15:42:37 - [TEST_STEP][PASSED] - orPath_ServiceFeesAccept = "Object Repository/RAD_Pages/ServiceFeeAccept_Page": null

2023-11-01 15:42:37 - [TEST_STEP][PASSED] - selectOptionByLabel(findTestObject(orPath_Landing + "/dd_TaxType"), Paymenttype, false): All options with label 'Extension Payments' are selected in object 'Object Repository/RAD_Pages/Landing_Page/dd_TaxType' 

2023-11-01 15:42:38 - [MESSAGE][PASSED] - All options with label 'Extension Payments' are selected in object 'Object Repository/RAD_Pages/Landing_Page/dd_TaxType' 

2023-11-01 15:42:38 - [TEST_STEP][PASSED] - delay(1): Delayed 1 second(s)

2023-11-01 15:42:39 - [MESSAGE][PASSED] - Delayed 1 second(s)

2023-11-01 15:42:39 - [TEST_STEP][PASSED] - switch (Paymenttype): null

2023-11-01 15:42:39 - [TEST_STEP][PASSED] - case "Extension Payments":: null

2023-11-01 15:42:39 - [TEST_STEP][PASSED] - selectOptionByLabel(findTestObject(orPath_TaxTypeFilingYear + "/select_PaymentType"), Taxtype, false): All options with label 'PTE Tax Electing S Corp' are selected in object 'Object Repository/RAD_Pages/TaxTypeFilingYear_Page/select_PaymentType' 

2023-11-01 15:42:40 - [MESSAGE][PASSED] - All options with label 'PTE Tax Electing S Corp' are selected in object 'Object Repository/RAD_Pages/TaxTypeFilingYear_Page/select_PaymentType' 

2023-11-01 15:42:40 - [TEST_STEP][PASSED] - break: null

2023-11-01 15:42:40 - [TEST_STEP][PASSED] - delay(1): Delayed 1 second(s)

2023-11-01 15:42:41 - [MESSAGE][PASSED] - Delayed 1 second(s)

2023-11-01 15:42:41 - [TEST_STEP][PASSED] - switch (Paymenttype): null

2023-11-01 15:42:41 - [TEST_STEP][PASSED] - case "Extension Payments":: null

2023-11-01 15:42:41 - [TEST_STEP][PASSED] - if (feinSsn.equalsIgnoreCase("Y")): Text ****** has been set on object 'Object Repository/RAD_Pages/TaxInfo_Page/input_TaxInfo_RetypeFeinSsn_New_2'

2023-11-01 15:42:41 - [TEST_STEP][PASSED] - setEncryptedText(findTestObject(orPath_TaxInfo + "/input_TaxInfo_FeinSsn_New_2"), "iGDxf8hSRT4="): Text ****** has been set on object 'Object Repository/RAD_Pages/TaxInfo_Page/input_TaxInfo_FeinSsn_New_2'

2023-11-01 15:42:41 - [MESSAGE][PASSED] - Text ****** has been set on object 'Object Repository/RAD_Pages/TaxInfo_Page/input_TaxInfo_FeinSsn_New_2'

2023-11-01 15:42:41 - [TEST_STEP][PASSED] - setEncryptedText(findTestObject(orPath_TaxInfo + "/input_TaxInfo_RetypeFeinSsn_New_2"), ""): Text ****** has been set on object 'Object Repository/RAD_Pages/TaxInfo_Page/input_TaxInfo_RetypeFeinSsn_New_2'

2023-11-01 15:42:42 - [MESSAGE][PASSED] - Text ****** has been set on object 'Object Repository/RAD_Pages/TaxInfo_Page/input_TaxInfo_RetypeFeinSsn_New_2'

2023-11-01 15:42:42 - [TEST_STEP][PASSED] - break: null

2023-11-01 15:42:42 - [TEST_STEP][PASSED] - if (feinSsn.equalsIgnoreCase("Y")): null

2023-11-01 15:42:42 - [TEST_STEP][PASSED] - if (verifyTextPresent("Please enter a valid FEIN/SSN with 9 digits", true)): null

2023-11-01 15:42:42 - [MESSAGE][PASSED] - Text 'Please enter a valid FEIN/SSN with 9 digits' is present on page  using regular expression

2023-11-01 15:42:42 - [TEST_STEP][PASSED] - println("Error Message is present on the page"): null

2023-11-01 15:42:42 - [TEST_STEP][PASSED] - out.println("Pass Record Number: " + row): null

2023-11-01 15:42:42 - [TEST_STEP][PASSED] - resText = "Pass": null

2023-11-01 15:42:42 - [TEST_STEP][PASSED] - pages.WriteExcel.demoKey(resText, datText, resColumn, datCloumn, fileLoc, nameSheet, row): pages.WriteExcel.demoKey is PASSED

2023-11-01 15:42:42 - [MESSAGE][PASSED] - pages.WriteExcel.demoKey is PASSED

2023-11-01 15:42:42 - [TEST_STEP][PASSED] - ExecuteTC = findTestData(dataFile).getValue("Execute", row): null

2023-11-01 15:42:42 - [TEST_STEP][PASSED] - Taxtype = findTestData(dataFile).getValue("TaxType", row): null

2023-11-01 15:42:42 - [TEST_STEP][PASSED] - Paymenttype = findTestData(dataFile).getValue("PaymentType", row): null

2023-11-01 15:42:42 - [TEST_STEP][PASSED] - feinSsn = findTestData(dataFile).getValue("FEINSSN", row): null

2023-11-01 15:42:43 - [TEST_STEP][PASSED] - out.println("Value of Execute is : " + ExecuteTC): null

2023-11-01 15:42:43 - [TEST_STEP][PASSED] - if (ExecuteTC.equalsIgnoreCase("Y")): null

2023-11-01 15:42:43 - [TEST_STEP][PASSED] - out.println("Begin Record Number: " + row): null

2023-11-01 15:42:43 - [TEST_STEP][PASSED] - today = new java.util.Date(): null

2023-11-01 15:42:43 - [TEST_STEP][PASSED] - println(today): null

2023-11-01 15:42:43 - [TEST_STEP][PASSED] - datText = today: null

2023-11-01 15:42:43 - [TEST_STEP][PASSED] - Taxtype = findTestData(dataFile).getValue("TaxType", row): null

2023-11-01 15:42:43 - [TEST_STEP][PASSED] - out.println("Taxtype value is : " + Taxtype): null

2023-11-01 15:42:43 - [TEST_STEP][PASSED] - openBrowser(""): Browser is opened with url: ''

2023-11-01 15:42:43 - [MESSAGE][WARNING] - A browser is already opened. Closing browser and opening a new one

2023-11-01 15:42:43 - [MESSAGE][INFO] - Starting 'Chrome' driver

2023-11-01 15:42:43 - [MESSAGE][INFO] - User set preference: ['acceptInsecureCerts', 'true']

2023-11-01 15:42:43 - [MESSAGE][INFO] - Action delay is set to 0 milliseconds

2023-11-01 15:42:45 - [MESSAGE][PASSED] - Browser is opened with url: ''

2023-11-01 15:42:45 - [TEST_STEP][PASSED] - maximizeWindow(): Current window maximized

2023-11-01 15:42:45 - [MESSAGE][PASSED] - Current window maximized

2023-11-01 15:42:45 - [TEST_STEP][PASSED] - navigateToUrl(RADurl): Navigate to 'https://qa2.velocitypayment.com/client/rad/index.html' successfully

2023-11-01 15:42:47 - [MESSAGE][PASSED] - Navigate to 'https://qa2.velocitypayment.com/client/rad/index.html' successfully

2023-11-01 15:42:47 - [TEST_STEP][PASSED] - orPath_Landing = "Object Repository/RAD_Pages/Landing_Page": null

2023-11-01 15:42:47 - [TEST_STEP][PASSED] - orPath_TaxTypeFilingYear = "Object Repository/RAD_Pages/TaxTypeFilingYear_Page": null

2023-11-01 15:42:47 - [TEST_STEP][PASSED] - orPath_TaxPayer = "Object Repository/RAD_Pages/Taxpayer_Page": null

2023-11-01 15:42:47 - [TEST_STEP][PASSED] - orPath_AddressContact = "Object Repository/RAD_Pages/AddressAndContactInfo_Page": null

2023-11-01 15:42:47 - [TEST_STEP][PASSED] - orPath_FilingStatus = "Object Repository/RAD_Pages/FilingStatus_Page": null

2023-11-01 15:42:47 - [TEST_STEP][PASSED] - orPath_Amount = "Object Repository/RAD_Pages/PaymentAmount_Page": null

2023-11-01 15:42:47 - [TEST_STEP][PASSED] - orPath_TaxInfo = "Object Repository/RAD_Pages/TaxInfo_Page": null

2023-11-01 15:42:47 - [TEST_STEP][PASSED] - orPath_Withholding = "Object Repository/RAD_Pages/Withholding_Page": null

2023-11-01 15:42:47 - [TEST_STEP][PASSED] - orPath_Summary = "Object Repository/RAD_Pages/Summary_Page": null

2023-11-01 15:42:47 - [TEST_STEP][PASSED] - orPath_PaymentReady = "Object Repository/RAD_Pages/PaymentReady_Page": null

2023-11-01 15:42:47 - [TEST_STEP][PASSED] - orPath_PaymentEntry = "Object Repository/RAD_Pages/PaymentEntry_Page": null

2023-11-01 15:42:47 - [TEST_STEP][PASSED] - orPath_PaymentConfirmation = "Object Repository/RAD_Pages/PaymentConfirmation_Page": null

2023-11-01 15:42:47 - [TEST_STEP][PASSED] - orPath_ServiceFeesAccept = "Object Repository/RAD_Pages/ServiceFeeAccept_Page": null

2023-11-01 15:42:47 - [TEST_STEP][PASSED] - selectOptionByLabel(findTestObject(orPath_Landing + "/dd_TaxType"), Paymenttype, false): All options with label 'New Tax Return Amount Due' are selected in object 'Object Repository/RAD_Pages/Landing_Page/dd_TaxType' 

2023-11-01 15:42:47 - [MESSAGE][PASSED] - All options with label 'New Tax Return Amount Due' are selected in object 'Object Repository/RAD_Pages/Landing_Page/dd_TaxType' 

2023-11-01 15:42:47 - [TEST_STEP][PASSED] - delay(1): Delayed 1 second(s)

2023-11-01 15:42:48 - [MESSAGE][PASSED] - Delayed 1 second(s)

2023-11-01 15:42:48 - [TEST_STEP][PASSED] - switch (Paymenttype): null

2023-11-01 15:42:48 - [TEST_STEP][PASSED] - case "New Tax Return Amount Due":: null

2023-11-01 15:42:48 - [TEST_STEP][PASSED] - selectOptionByLabel(findTestObject("Object Repository/RAD_Pages/Landing_Page/select_NewTaxReturnAmountDue_TaxType"), Taxtype, false): All options with label 'Fiduciary Tax' are selected in object 'Object Repository/RAD_Pages/Landing_Page/select_NewTaxReturnAmountDue_TaxType' 

2023-11-01 15:42:49 - [MESSAGE][PASSED] - All options with label 'Fiduciary Tax' are selected in object 'Object Repository/RAD_Pages/Landing_Page/select_NewTaxReturnAmountDue_TaxType' 

2023-11-01 15:42:49 - [TEST_STEP][PASSED] - break: null

2023-11-01 15:42:49 - [TEST_STEP][PASSED] - delay(1): Delayed 1 second(s)

2023-11-01 15:42:50 - [MESSAGE][PASSED] - Delayed 1 second(s)

2023-11-01 15:42:50 - [TEST_STEP][PASSED] - switch (Paymenttype): null

2023-11-01 15:42:50 - [TEST_STEP][PASSED] - case "New Tax Return Amount Due":: null

2023-11-01 15:42:50 - [TEST_STEP][PASSED] - if (feinSsn.equalsIgnoreCase("Y")): null

2023-11-01 15:42:50 - [TEST_STEP][PASSED] - else: Text ****** has been set on object 'Object Repository/RAD_Pages/TaxInfo_Page/input_FederalEIN_ReEnter-2'

2023-11-01 15:42:50 - [TEST_STEP][PASSED] - setEncryptedText(findTestObject(orPath_TaxInfo + "/input_FederalEIN-2"), "iGDxf8hSRT4="): Text ****** has been set on object 'Object Repository/RAD_Pages/TaxInfo_Page/input_FederalEIN-2'

2023-11-01 15:42:51 - [MESSAGE][PASSED] - Text ****** has been set on object 'Object Repository/RAD_Pages/TaxInfo_Page/input_FederalEIN-2'

2023-11-01 15:42:51 - [TEST_STEP][PASSED] - setEncryptedText(findTestObject(orPath_TaxInfo + "/input_FederalEIN_ReEnter-2"), ""): Text ****** has been set on object 'Object Repository/RAD_Pages/TaxInfo_Page/input_FederalEIN_ReEnter-2'

2023-11-01 15:42:51 - [MESSAGE][PASSED] - Text ****** has been set on object 'Object Repository/RAD_Pages/TaxInfo_Page/input_FederalEIN_ReEnter-2'

2023-11-01 15:42:51 - [TEST_STEP][PASSED] - break: null

2023-11-01 15:42:51 - [TEST_STEP][PASSED] - if (feinSsn.equalsIgnoreCase("Y")): null

2023-11-01 15:42:51 - [TEST_STEP][PASSED] - else: null

2023-11-01 15:42:51 - [TEST_STEP][PASSED] - if (verifyTextPresent("Please enter a valid FEIN with 9 digits.", true)): null

2023-11-01 15:42:52 - [MESSAGE][PASSED] - Text 'Please enter a valid FEIN with 9 digits.' is present on page  using regular expression

2023-11-01 15:42:52 - [TEST_STEP][PASSED] - println("Error Message is present on the page"): null

2023-11-01 15:42:52 - [TEST_STEP][PASSED] - out.println("Pass Record Number: " + row): null

2023-11-01 15:42:52 - [TEST_STEP][PASSED] - resText = "Pass": null

2023-11-01 15:42:52 - [TEST_STEP][PASSED] - pages.WriteExcel.demoKey(resText, datText, resColumn, datCloumn, fileLoc, nameSheet, row): pages.WriteExcel.demoKey is PASSED

2023-11-01 15:42:52 - [MESSAGE][PASSED] - pages.WriteExcel.demoKey is PASSED

2023-11-01 15:42:52 - [TEST_STEP][PASSED] - ExecuteTC = findTestData(dataFile).getValue("Execute", row): null

2023-11-01 15:42:52 - [TEST_STEP][PASSED] - Taxtype = findTestData(dataFile).getValue("TaxType", row): null

2023-11-01 15:42:52 - [TEST_STEP][PASSED] - Paymenttype = findTestData(dataFile).getValue("PaymentType", row): null

2023-11-01 15:42:52 - [TEST_STEP][PASSED] - feinSsn = findTestData(dataFile).getValue("FEINSSN", row): null

2023-11-01 15:42:52 - [TEST_STEP][PASSED] - out.println("Value of Execute is : " + ExecuteTC): null

2023-11-01 15:42:52 - [TEST_STEP][PASSED] - if (ExecuteTC.equalsIgnoreCase("Y")): null

2023-11-01 15:42:52 - [TEST_STEP][PASSED] - out.println("Begin Record Number: " + row): null

2023-11-01 15:42:52 - [TEST_STEP][PASSED] - today = new java.util.Date(): null

2023-11-01 15:42:52 - [TEST_STEP][PASSED] - println(today): null

2023-11-01 15:42:52 - [TEST_STEP][PASSED] - datText = today: null

2023-11-01 15:42:52 - [TEST_STEP][PASSED] - Taxtype = findTestData(dataFile).getValue("TaxType", row): null

2023-11-01 15:42:52 - [TEST_STEP][PASSED] - out.println("Taxtype value is : " + Taxtype): null

2023-11-01 15:42:52 - [TEST_STEP][PASSED] - openBrowser(""): Browser is opened with url: ''

2023-11-01 15:42:52 - [MESSAGE][WARNING] - A browser is already opened. Closing browser and opening a new one

2023-11-01 15:42:53 - [MESSAGE][INFO] - Starting 'Chrome' driver

2023-11-01 15:42:53 - [MESSAGE][INFO] - User set preference: ['acceptInsecureCerts', 'true']

2023-11-01 15:42:53 - [MESSAGE][INFO] - Action delay is set to 0 milliseconds

2023-11-01 15:42:55 - [MESSAGE][PASSED] - Browser is opened with url: ''

2023-11-01 15:42:55 - [TEST_STEP][PASSED] - maximizeWindow(): Current window maximized

2023-11-01 15:42:55 - [MESSAGE][PASSED] - Current window maximized

2023-11-01 15:42:55 - [TEST_STEP][PASSED] - navigateToUrl(RADurl): Navigate to 'https://qa2.velocitypayment.com/client/rad/index.html' successfully

2023-11-01 15:42:56 - [MESSAGE][PASSED] - Navigate to 'https://qa2.velocitypayment.com/client/rad/index.html' successfully

2023-11-01 15:42:56 - [TEST_STEP][PASSED] - orPath_Landing = "Object Repository/RAD_Pages/Landing_Page": null

2023-11-01 15:42:56 - [TEST_STEP][PASSED] - orPath_TaxTypeFilingYear = "Object Repository/RAD_Pages/TaxTypeFilingYear_Page": null

2023-11-01 15:42:56 - [TEST_STEP][PASSED] - orPath_TaxPayer = "Object Repository/RAD_Pages/Taxpayer_Page": null

2023-11-01 15:42:56 - [TEST_STEP][PASSED] - orPath_AddressContact = "Object Repository/RAD_Pages/AddressAndContactInfo_Page": null

2023-11-01 15:42:56 - [TEST_STEP][PASSED] - orPath_FilingStatus = "Object Repository/RAD_Pages/FilingStatus_Page": null

2023-11-01 15:42:56 - [TEST_STEP][PASSED] - orPath_Amount = "Object Repository/RAD_Pages/PaymentAmount_Page": null

2023-11-01 15:42:56 - [TEST_STEP][PASSED] - orPath_TaxInfo = "Object Repository/RAD_Pages/TaxInfo_Page": null

2023-11-01 15:42:56 - [TEST_STEP][PASSED] - orPath_Withholding = "Object Repository/RAD_Pages/Withholding_Page": null

2023-11-01 15:42:56 - [TEST_STEP][PASSED] - orPath_Summary = "Object Repository/RAD_Pages/Summary_Page": null

2023-11-01 15:42:56 - [TEST_STEP][PASSED] - orPath_PaymentReady = "Object Repository/RAD_Pages/PaymentReady_Page": null

2023-11-01 15:42:56 - [TEST_STEP][PASSED] - orPath_PaymentEntry = "Object Repository/RAD_Pages/PaymentEntry_Page": null

2023-11-01 15:42:56 - [TEST_STEP][PASSED] - orPath_PaymentConfirmation = "Object Repository/RAD_Pages/PaymentConfirmation_Page": null

2023-11-01 15:42:56 - [TEST_STEP][PASSED] - orPath_ServiceFeesAccept = "Object Repository/RAD_Pages/ServiceFeeAccept_Page": null

2023-11-01 15:42:56 - [TEST_STEP][PASSED] - selectOptionByLabel(findTestObject(orPath_Landing + "/dd_TaxType"), Paymenttype, false): All options with label 'New Tax Return Amount Due' are selected in object 'Object Repository/RAD_Pages/Landing_Page/dd_TaxType' 

2023-11-01 15:42:57 - [MESSAGE][PASSED] - All options with label 'New Tax Return Amount Due' are selected in object 'Object Repository/RAD_Pages/Landing_Page/dd_TaxType' 

2023-11-01 15:42:57 - [TEST_STEP][PASSED] - delay(1): Delayed 1 second(s)

2023-11-01 15:42:58 - [MESSAGE][PASSED] - Delayed 1 second(s)

2023-11-01 15:42:58 - [TEST_STEP][PASSED] - switch (Paymenttype): null

2023-11-01 15:42:58 - [TEST_STEP][PASSED] - case "New Tax Return Amount Due":: null

2023-11-01 15:42:58 - [TEST_STEP][PASSED] - selectOptionByLabel(findTestObject("Object Repository/RAD_Pages/Landing_Page/select_NewTaxReturnAmountDue_TaxType"), Taxtype, false): All options with label 'PTE Non-Electing Non-S Corp' are selected in object 'Object Repository/RAD_Pages/Landing_Page/select_NewTaxReturnAmountDue_TaxType' 

2023-11-01 15:42:59 - [MESSAGE][PASSED] - All options with label 'PTE Non-Electing Non-S Corp' are selected in object 'Object Repository/RAD_Pages/Landing_Page/select_NewTaxReturnAmountDue_TaxType' 

2023-11-01 15:42:59 - [TEST_STEP][PASSED] - break: null

2023-11-01 15:42:59 - [TEST_STEP][PASSED] - delay(1): Delayed 1 second(s)

2023-11-01 15:43:00 - [MESSAGE][PASSED] - Delayed 1 second(s)

2023-11-01 15:43:00 - [TEST_STEP][PASSED] - switch (Paymenttype): null

2023-11-01 15:43:00 - [TEST_STEP][PASSED] - case "New Tax Return Amount Due":: null

2023-11-01 15:43:00 - [TEST_STEP][PASSED] - if (feinSsn.equalsIgnoreCase("Y")): Text ****** has been set on object 'Object Repository/RAD_Pages/TaxInfo_Page/input_TaxInfo_RetypeFeinSsn_New_2'

2023-11-01 15:43:00 - [TEST_STEP][PASSED] - setEncryptedText(findTestObject(orPath_TaxInfo + "//input_TaxInfo_FeinSsn_New_2"), "iGDxf8hSRT4="): Text ****** has been set on object 'Object Repository/RAD_Pages/TaxInfo_Page//input_TaxInfo_FeinSsn_New_2'

2023-11-01 15:43:00 - [MESSAGE][PASSED] - Text ****** has been set on object 'Object Repository/RAD_Pages/TaxInfo_Page//input_TaxInfo_FeinSsn_New_2'

2023-11-01 15:43:00 - [TEST_STEP][PASSED] - setEncryptedText(findTestObject(orPath_TaxInfo + "/input_TaxInfo_RetypeFeinSsn_New_2"), ""): Text ****** has been set on object 'Object Repository/RAD_Pages/TaxInfo_Page/input_TaxInfo_RetypeFeinSsn_New_2'

2023-11-01 15:43:01 - [MESSAGE][PASSED] - Text ****** has been set on object 'Object Repository/RAD_Pages/TaxInfo_Page/input_TaxInfo_RetypeFeinSsn_New_2'

2023-11-01 15:43:01 - [TEST_STEP][PASSED] - break: null

2023-11-01 15:43:01 - [TEST_STEP][PASSED] - if (feinSsn.equalsIgnoreCase("Y")): null

2023-11-01 15:43:01 - [TEST_STEP][PASSED] - if (verifyTextPresent("Please enter a valid FEIN/SSN with 9 digits", true)): null

2023-11-01 15:43:01 - [MESSAGE][PASSED] - Text 'Please enter a valid FEIN/SSN with 9 digits' is present on page  using regular expression

2023-11-01 15:43:01 - [TEST_STEP][PASSED] - println("Error Message is present on the page"): null

2023-11-01 15:43:01 - [TEST_STEP][PASSED] - out.println("Pass Record Number: " + row): null

2023-11-01 15:43:01 - [TEST_STEP][PASSED] - resText = "Pass": null

2023-11-01 15:43:01 - [TEST_STEP][PASSED] - pages.WriteExcel.demoKey(resText, datText, resColumn, datCloumn, fileLoc, nameSheet, row): pages.WriteExcel.demoKey is PASSED

2023-11-01 15:43:01 - [MESSAGE][PASSED] - pages.WriteExcel.demoKey is PASSED

2023-11-01 15:43:01 - [TEST_STEP][PASSED] - ExecuteTC = findTestData(dataFile).getValue("Execute", row): null

2023-11-01 15:43:01 - [TEST_STEP][PASSED] - Taxtype = findTestData(dataFile).getValue("TaxType", row): null

2023-11-01 15:43:01 - [TEST_STEP][PASSED] - Paymenttype = findTestData(dataFile).getValue("PaymentType", row): null

2023-11-01 15:43:02 - [TEST_STEP][PASSED] - feinSsn = findTestData(dataFile).getValue("FEINSSN", row): null

2023-11-01 15:43:02 - [TEST_STEP][PASSED] - out.println("Value of Execute is : " + ExecuteTC): null

2023-11-01 15:43:02 - [TEST_STEP][PASSED] - if (ExecuteTC.equalsIgnoreCase("Y")): null

2023-11-01 15:43:02 - [TEST_STEP][PASSED] - out.println("Begin Record Number: " + row): null

2023-11-01 15:43:02 - [TEST_STEP][PASSED] - today = new java.util.Date(): null

2023-11-01 15:43:02 - [TEST_STEP][PASSED] - println(today): null

2023-11-01 15:43:02 - [TEST_STEP][PASSED] - datText = today: null

2023-11-01 15:43:02 - [TEST_STEP][PASSED] - Taxtype = findTestData(dataFile).getValue("TaxType", row): null

2023-11-01 15:43:02 - [TEST_STEP][PASSED] - out.println("Taxtype value is : " + Taxtype): null

2023-11-01 15:43:02 - [TEST_STEP][PASSED] - openBrowser(""): Browser is opened with url: ''

2023-11-01 15:43:02 - [MESSAGE][WARNING] - A browser is already opened. Closing browser and opening a new one

2023-11-01 15:43:03 - [MESSAGE][INFO] - Starting 'Chrome' driver

2023-11-01 15:43:03 - [MESSAGE][INFO] - User set preference: ['acceptInsecureCerts', 'true']

2023-11-01 15:43:03 - [MESSAGE][INFO] - Action delay is set to 0 milliseconds

2023-11-01 15:43:04 - [MESSAGE][PASSED] - Browser is opened with url: ''

2023-11-01 15:43:04 - [TEST_STEP][PASSED] - maximizeWindow(): Current window maximized

2023-11-01 15:43:04 - [MESSAGE][PASSED] - Current window maximized

2023-11-01 15:43:04 - [TEST_STEP][PASSED] - navigateToUrl(RADurl): Navigate to 'https://qa2.velocitypayment.com/client/rad/index.html' successfully

2023-11-01 15:43:04 - [MESSAGE][PASSED] - Navigate to 'https://qa2.velocitypayment.com/client/rad/index.html' successfully

2023-11-01 15:43:04 - [TEST_STEP][PASSED] - orPath_Landing = "Object Repository/RAD_Pages/Landing_Page": null

2023-11-01 15:43:04 - [TEST_STEP][PASSED] - orPath_TaxTypeFilingYear = "Object Repository/RAD_Pages/TaxTypeFilingYear_Page": null

2023-11-01 15:43:04 - [TEST_STEP][PASSED] - orPath_TaxPayer = "Object Repository/RAD_Pages/Taxpayer_Page": null

2023-11-01 15:43:04 - [TEST_STEP][PASSED] - orPath_AddressContact = "Object Repository/RAD_Pages/AddressAndContactInfo_Page": null

2023-11-01 15:43:04 - [TEST_STEP][PASSED] - orPath_FilingStatus = "Object Repository/RAD_Pages/FilingStatus_Page": null

2023-11-01 15:43:04 - [TEST_STEP][PASSED] - orPath_Amount = "Object Repository/RAD_Pages/PaymentAmount_Page": null

2023-11-01 15:43:04 - [TEST_STEP][PASSED] - orPath_TaxInfo = "Object Repository/RAD_Pages/TaxInfo_Page": null

2023-11-01 15:43:04 - [TEST_STEP][PASSED] - orPath_Withholding = "Object Repository/RAD_Pages/Withholding_Page": null

2023-11-01 15:43:04 - [TEST_STEP][PASSED] - orPath_Summary = "Object Repository/RAD_Pages/Summary_Page": null

2023-11-01 15:43:04 - [TEST_STEP][PASSED] - orPath_PaymentReady = "Object Repository/RAD_Pages/PaymentReady_Page": null

2023-11-01 15:43:04 - [TEST_STEP][PASSED] - orPath_PaymentEntry = "Object Repository/RAD_Pages/PaymentEntry_Page": null

2023-11-01 15:43:04 - [TEST_STEP][PASSED] - orPath_PaymentConfirmation = "Object Repository/RAD_Pages/PaymentConfirmation_Page": null

2023-11-01 15:43:04 - [TEST_STEP][PASSED] - orPath_ServiceFeesAccept = "Object Repository/RAD_Pages/ServiceFeeAccept_Page": null

2023-11-01 15:43:04 - [TEST_STEP][PASSED] - selectOptionByLabel(findTestObject(orPath_Landing + "/dd_TaxType"), Paymenttype, false): All options with label 'New Tax Return Amount Due' are selected in object 'Object Repository/RAD_Pages/Landing_Page/dd_TaxType' 

2023-11-01 15:43:06 - [MESSAGE][PASSED] - All options with label 'New Tax Return Amount Due' are selected in object 'Object Repository/RAD_Pages/Landing_Page/dd_TaxType' 

2023-11-01 15:43:06 - [TEST_STEP][PASSED] - delay(1): Delayed 1 second(s)

2023-11-01 15:43:07 - [MESSAGE][PASSED] - Delayed 1 second(s)

2023-11-01 15:43:07 - [TEST_STEP][PASSED] - switch (Paymenttype): null

2023-11-01 15:43:07 - [TEST_STEP][PASSED] - case "New Tax Return Amount Due":: null

2023-11-01 15:43:07 - [TEST_STEP][PASSED] - selectOptionByLabel(findTestObject("Object Repository/RAD_Pages/Landing_Page/select_NewTaxReturnAmountDue_TaxType"), Taxtype, false): All options with label 'PTE Non-Electing S Corp' are selected in object 'Object Repository/RAD_Pages/Landing_Page/select_NewTaxReturnAmountDue_TaxType' 

2023-11-01 15:43:08 - [MESSAGE][PASSED] - All options with label 'PTE Non-Electing S Corp' are selected in object 'Object Repository/RAD_Pages/Landing_Page/select_NewTaxReturnAmountDue_TaxType' 

2023-11-01 15:43:08 - [TEST_STEP][PASSED] - break: null

2023-11-01 15:43:08 - [TEST_STEP][PASSED] - delay(1): Delayed 1 second(s)

2023-11-01 15:43:09 - [MESSAGE][PASSED] - Delayed 1 second(s)

2023-11-01 15:43:09 - [TEST_STEP][PASSED] - switch (Paymenttype): null

2023-11-01 15:43:09 - [TEST_STEP][PASSED] - case "New Tax Return Amount Due":: null

2023-11-01 15:43:09 - [TEST_STEP][PASSED] - if (feinSsn.equalsIgnoreCase("Y")): Text ****** has been set on object 'Object Repository/RAD_Pages/TaxInfo_Page/input_TaxInfo_RetypeFeinSsn_New_2'

2023-11-01 15:43:09 - [TEST_STEP][PASSED] - setEncryptedText(findTestObject(orPath_TaxInfo + "//input_TaxInfo_FeinSsn_New_2"), "iGDxf8hSRT4="): Text ****** has been set on object 'Object Repository/RAD_Pages/TaxInfo_Page//input_TaxInfo_FeinSsn_New_2'

2023-11-01 15:43:09 - [MESSAGE][PASSED] - Text ****** has been set on object 'Object Repository/RAD_Pages/TaxInfo_Page//input_TaxInfo_FeinSsn_New_2'

2023-11-01 15:43:09 - [TEST_STEP][PASSED] - setEncryptedText(findTestObject(orPath_TaxInfo + "/input_TaxInfo_RetypeFeinSsn_New_2"), ""): Text ****** has been set on object 'Object Repository/RAD_Pages/TaxInfo_Page/input_TaxInfo_RetypeFeinSsn_New_2'

2023-11-01 15:43:10 - [MESSAGE][PASSED] - Text ****** has been set on object 'Object Repository/RAD_Pages/TaxInfo_Page/input_TaxInfo_RetypeFeinSsn_New_2'

2023-11-01 15:43:10 - [TEST_STEP][PASSED] - break: null

2023-11-01 15:43:10 - [TEST_STEP][PASSED] - if (feinSsn.equalsIgnoreCase("Y")): null

2023-11-01 15:43:10 - [TEST_STEP][PASSED] - if (verifyTextPresent("Please enter a valid FEIN/SSN with 9 digits", true)): null

2023-11-01 15:43:11 - [MESSAGE][PASSED] - Text 'Please enter a valid FEIN/SSN with 9 digits' is present on page  using regular expression

2023-11-01 15:43:11 - [TEST_STEP][PASSED] - println("Error Message is present on the page"): null

2023-11-01 15:43:11 - [TEST_STEP][PASSED] - out.println("Pass Record Number: " + row): null

2023-11-01 15:43:11 - [TEST_STEP][PASSED] - resText = "Pass": null

2023-11-01 15:43:11 - [TEST_STEP][PASSED] - pages.WriteExcel.demoKey(resText, datText, resColumn, datCloumn, fileLoc, nameSheet, row): pages.WriteExcel.demoKey is PASSED

2023-11-01 15:43:11 - [MESSAGE][PASSED] - pages.WriteExcel.demoKey is PASSED

2023-11-01 15:43:11 - [TEST_STEP][PASSED] - ExecuteTC = findTestData(dataFile).getValue("Execute", row): null

2023-11-01 15:43:11 - [TEST_STEP][PASSED] - Taxtype = findTestData(dataFile).getValue("TaxType", row): null

2023-11-01 15:43:11 - [TEST_STEP][PASSED] - Paymenttype = findTestData(dataFile).getValue("PaymentType", row): null

2023-11-01 15:43:11 - [TEST_STEP][PASSED] - feinSsn = findTestData(dataFile).getValue("FEINSSN", row): null

2023-11-01 15:43:11 - [TEST_STEP][PASSED] - out.println("Value of Execute is : " + ExecuteTC): null

2023-11-01 15:43:11 - [TEST_STEP][PASSED] - if (ExecuteTC.equalsIgnoreCase("Y")): null

2023-11-01 15:43:11 - [TEST_STEP][PASSED] - out.println("Begin Record Number: " + row): null

2023-11-01 15:43:11 - [TEST_STEP][PASSED] - today = new java.util.Date(): null

2023-11-01 15:43:11 - [TEST_STEP][PASSED] - println(today): null

2023-11-01 15:43:11 - [TEST_STEP][PASSED] - datText = today: null

2023-11-01 15:43:11 - [TEST_STEP][PASSED] - Taxtype = findTestData(dataFile).getValue("TaxType", row): null

2023-11-01 15:43:11 - [TEST_STEP][PASSED] - out.println("Taxtype value is : " + Taxtype): null

2023-11-01 15:43:11 - [TEST_STEP][PASSED] - openBrowser(""): Browser is opened with url: ''

2023-11-01 15:43:11 - [MESSAGE][WARNING] - A browser is already opened. Closing browser and opening a new one

2023-11-01 15:43:12 - [MESSAGE][INFO] - Starting 'Chrome' driver

2023-11-01 15:43:12 - [MESSAGE][INFO] - User set preference: ['acceptInsecureCerts', 'true']

2023-11-01 15:43:12 - [MESSAGE][INFO] - Action delay is set to 0 milliseconds

2023-11-01 15:43:13 - [MESSAGE][PASSED] - Browser is opened with url: ''

2023-11-01 15:43:13 - [TEST_STEP][PASSED] - maximizeWindow(): Current window maximized

2023-11-01 15:43:13 - [MESSAGE][PASSED] - Current window maximized

2023-11-01 15:43:13 - [TEST_STEP][PASSED] - navigateToUrl(RADurl): Navigate to 'https://qa2.velocitypayment.com/client/rad/index.html' successfully

2023-11-01 15:43:15 - [MESSAGE][PASSED] - Navigate to 'https://qa2.velocitypayment.com/client/rad/index.html' successfully

2023-11-01 15:43:15 - [TEST_STEP][PASSED] - orPath_Landing = "Object Repository/RAD_Pages/Landing_Page": null

2023-11-01 15:43:15 - [TEST_STEP][PASSED] - orPath_TaxTypeFilingYear = "Object Repository/RAD_Pages/TaxTypeFilingYear_Page": null

2023-11-01 15:43:15 - [TEST_STEP][PASSED] - orPath_TaxPayer = "Object Repository/RAD_Pages/Taxpayer_Page": null

2023-11-01 15:43:15 - [TEST_STEP][PASSED] - orPath_AddressContact = "Object Repository/RAD_Pages/AddressAndContactInfo_Page": null

2023-11-01 15:43:15 - [TEST_STEP][PASSED] - orPath_FilingStatus = "Object Repository/RAD_Pages/FilingStatus_Page": null

2023-11-01 15:43:15 - [TEST_STEP][PASSED] - orPath_Amount = "Object Repository/RAD_Pages/PaymentAmount_Page": null

2023-11-01 15:43:15 - [TEST_STEP][PASSED] - orPath_TaxInfo = "Object Repository/RAD_Pages/TaxInfo_Page": null

2023-11-01 15:43:15 - [TEST_STEP][PASSED] - orPath_Withholding = "Object Repository/RAD_Pages/Withholding_Page": null

2023-11-01 15:43:15 - [TEST_STEP][PASSED] - orPath_Summary = "Object Repository/RAD_Pages/Summary_Page": null

2023-11-01 15:43:15 - [TEST_STEP][PASSED] - orPath_PaymentReady = "Object Repository/RAD_Pages/PaymentReady_Page": null

2023-11-01 15:43:15 - [TEST_STEP][PASSED] - orPath_PaymentEntry = "Object Repository/RAD_Pages/PaymentEntry_Page": null

2023-11-01 15:43:15 - [TEST_STEP][PASSED] - orPath_PaymentConfirmation = "Object Repository/RAD_Pages/PaymentConfirmation_Page": null

2023-11-01 15:43:15 - [TEST_STEP][PASSED] - orPath_ServiceFeesAccept = "Object Repository/RAD_Pages/ServiceFeeAccept_Page": null

2023-11-01 15:43:15 - [TEST_STEP][PASSED] - selectOptionByLabel(findTestObject(orPath_Landing + "/dd_TaxType"), Paymenttype, false): All options with label 'New Tax Return Amount Due' are selected in object 'Object Repository/RAD_Pages/Landing_Page/dd_TaxType' 

2023-11-01 15:43:16 - [MESSAGE][PASSED] - All options with label 'New Tax Return Amount Due' are selected in object 'Object Repository/RAD_Pages/Landing_Page/dd_TaxType' 

2023-11-01 15:43:16 - [TEST_STEP][PASSED] - delay(1): Delayed 1 second(s)

2023-11-01 15:43:17 - [MESSAGE][PASSED] - Delayed 1 second(s)

2023-11-01 15:43:17 - [TEST_STEP][PASSED] - switch (Paymenttype): null

2023-11-01 15:43:17 - [TEST_STEP][PASSED] - case "New Tax Return Amount Due":: null

2023-11-01 15:43:17 - [TEST_STEP][PASSED] - selectOptionByLabel(findTestObject("Object Repository/RAD_Pages/Landing_Page/select_NewTaxReturnAmountDue_TaxType"), Taxtype, false): All options with label 'PTE Tax Electing Non-S Corp' are selected in object 'Object Repository/RAD_Pages/Landing_Page/select_NewTaxReturnAmountDue_TaxType' 

2023-11-01 15:43:17 - [MESSAGE][PASSED] - All options with label 'PTE Tax Electing Non-S Corp' are selected in object 'Object Repository/RAD_Pages/Landing_Page/select_NewTaxReturnAmountDue_TaxType' 

2023-11-01 15:43:17 - [TEST_STEP][PASSED] - break: null

2023-11-01 15:43:17 - [TEST_STEP][PASSED] - delay(1): Delayed 1 second(s)

2023-11-01 15:43:18 - [MESSAGE][PASSED] - Delayed 1 second(s)

2023-11-01 15:43:18 - [TEST_STEP][PASSED] - switch (Paymenttype): null

2023-11-01 15:43:18 - [TEST_STEP][PASSED] - case "New Tax Return Amount Due":: null

2023-11-01 15:43:18 - [TEST_STEP][PASSED] - if (feinSsn.equalsIgnoreCase("Y")): Text ****** has been set on object 'Object Repository/RAD_Pages/TaxInfo_Page/input_TaxInfo_RetypeFeinSsn_New_2'

2023-11-01 15:43:18 - [TEST_STEP][PASSED] - setEncryptedText(findTestObject(orPath_TaxInfo + "//input_TaxInfo_FeinSsn_New_2"), "iGDxf8hSRT4="): Text ****** has been set on object 'Object Repository/RAD_Pages/TaxInfo_Page//input_TaxInfo_FeinSsn_New_2'

2023-11-01 15:43:19 - [MESSAGE][PASSED] - Text ****** has been set on object 'Object Repository/RAD_Pages/TaxInfo_Page//input_TaxInfo_FeinSsn_New_2'

2023-11-01 15:43:19 - [TEST_STEP][PASSED] - setEncryptedText(findTestObject(orPath_TaxInfo + "/input_TaxInfo_RetypeFeinSsn_New_2"), ""): Text ****** has been set on object 'Object Repository/RAD_Pages/TaxInfo_Page/input_TaxInfo_RetypeFeinSsn_New_2'

2023-11-01 15:43:19 - [MESSAGE][PASSED] - Text ****** has been set on object 'Object Repository/RAD_Pages/TaxInfo_Page/input_TaxInfo_RetypeFeinSsn_New_2'

2023-11-01 15:43:19 - [TEST_STEP][PASSED] - break: null

2023-11-01 15:43:19 - [TEST_STEP][PASSED] - if (feinSsn.equalsIgnoreCase("Y")): null

2023-11-01 15:43:19 - [TEST_STEP][PASSED] - if (verifyTextPresent("Please enter a valid FEIN/SSN with 9 digits", true)): null

2023-11-01 15:43:20 - [MESSAGE][PASSED] - Text 'Please enter a valid FEIN/SSN with 9 digits' is present on page  using regular expression

2023-11-01 15:43:20 - [TEST_STEP][PASSED] - println("Error Message is present on the page"): null

2023-11-01 15:43:20 - [TEST_STEP][PASSED] - out.println("Pass Record Number: " + row): null

2023-11-01 15:43:20 - [TEST_STEP][PASSED] - resText = "Pass": null

2023-11-01 15:43:20 - [TEST_STEP][PASSED] - pages.WriteExcel.demoKey(resText, datText, resColumn, datCloumn, fileLoc, nameSheet, row): pages.WriteExcel.demoKey is PASSED

2023-11-01 15:43:20 - [MESSAGE][PASSED] - pages.WriteExcel.demoKey is PASSED

2023-11-01 15:43:20 - [TEST_STEP][PASSED] - ExecuteTC = findTestData(dataFile).getValue("Execute", row): null

2023-11-01 15:43:20 - [TEST_STEP][PASSED] - Taxtype = findTestData(dataFile).getValue("TaxType", row): null

2023-11-01 15:43:20 - [TEST_STEP][PASSED] - Paymenttype = findTestData(dataFile).getValue("PaymentType", row): null

2023-11-01 15:43:20 - [TEST_STEP][PASSED] - feinSsn = findTestData(dataFile).getValue("FEINSSN", row): null

2023-11-01 15:43:20 - [TEST_STEP][PASSED] - out.println("Value of Execute is : " + ExecuteTC): null

2023-11-01 15:43:20 - [TEST_STEP][PASSED] - if (ExecuteTC.equalsIgnoreCase("Y")): null

2023-11-01 15:43:20 - [TEST_STEP][PASSED] - out.println("Begin Record Number: " + row): null

2023-11-01 15:43:20 - [TEST_STEP][PASSED] - today = new java.util.Date(): null

2023-11-01 15:43:20 - [TEST_STEP][PASSED] - println(today): null

2023-11-01 15:43:20 - [TEST_STEP][PASSED] - datText = today: null

2023-11-01 15:43:20 - [TEST_STEP][PASSED] - Taxtype = findTestData(dataFile).getValue("TaxType", row): null

2023-11-01 15:43:20 - [TEST_STEP][PASSED] - out.println("Taxtype value is : " + Taxtype): null

2023-11-01 15:43:20 - [TEST_STEP][PASSED] - openBrowser(""): Browser is opened with url: ''

2023-11-01 15:43:20 - [MESSAGE][WARNING] - A browser is already opened. Closing browser and opening a new one

2023-11-01 15:43:21 - [MESSAGE][INFO] - Starting 'Chrome' driver

2023-11-01 15:43:21 - [MESSAGE][INFO] - User set preference: ['acceptInsecureCerts', 'true']

2023-11-01 15:43:21 - [MESSAGE][INFO] - Action delay is set to 0 milliseconds

2023-11-01 15:43:23 - [MESSAGE][PASSED] - Browser is opened with url: ''

2023-11-01 15:43:23 - [TEST_STEP][PASSED] - maximizeWindow(): Current window maximized

2023-11-01 15:43:23 - [MESSAGE][PASSED] - Current window maximized

2023-11-01 15:43:23 - [TEST_STEP][PASSED] - navigateToUrl(RADurl): Navigate to 'https://qa2.velocitypayment.com/client/rad/index.html' successfully

2023-11-01 15:43:24 - [MESSAGE][PASSED] - Navigate to 'https://qa2.velocitypayment.com/client/rad/index.html' successfully

2023-11-01 15:43:24 - [TEST_STEP][PASSED] - orPath_Landing = "Object Repository/RAD_Pages/Landing_Page": null

2023-11-01 15:43:24 - [TEST_STEP][PASSED] - orPath_TaxTypeFilingYear = "Object Repository/RAD_Pages/TaxTypeFilingYear_Page": null

2023-11-01 15:43:24 - [TEST_STEP][PASSED] - orPath_TaxPayer = "Object Repository/RAD_Pages/Taxpayer_Page": null

2023-11-01 15:43:24 - [TEST_STEP][PASSED] - orPath_AddressContact = "Object Repository/RAD_Pages/AddressAndContactInfo_Page": null

2023-11-01 15:43:24 - [TEST_STEP][PASSED] - orPath_FilingStatus = "Object Repository/RAD_Pages/FilingStatus_Page": null

2023-11-01 15:43:24 - [TEST_STEP][PASSED] - orPath_Amount = "Object Repository/RAD_Pages/PaymentAmount_Page": null

2023-11-01 15:43:24 - [TEST_STEP][PASSED] - orPath_TaxInfo = "Object Repository/RAD_Pages/TaxInfo_Page": null

2023-11-01 15:43:24 - [TEST_STEP][PASSED] - orPath_Withholding = "Object Repository/RAD_Pages/Withholding_Page": null

2023-11-01 15:43:24 - [TEST_STEP][PASSED] - orPath_Summary = "Object Repository/RAD_Pages/Summary_Page": null

2023-11-01 15:43:24 - [TEST_STEP][PASSED] - orPath_PaymentReady = "Object Repository/RAD_Pages/PaymentReady_Page": null

2023-11-01 15:43:24 - [TEST_STEP][PASSED] - orPath_PaymentEntry = "Object Repository/RAD_Pages/PaymentEntry_Page": null

2023-11-01 15:43:24 - [TEST_STEP][PASSED] - orPath_PaymentConfirmation = "Object Repository/RAD_Pages/PaymentConfirmation_Page": null

2023-11-01 15:43:24 - [TEST_STEP][PASSED] - orPath_ServiceFeesAccept = "Object Repository/RAD_Pages/ServiceFeeAccept_Page": null

2023-11-01 15:43:24 - [TEST_STEP][PASSED] - selectOptionByLabel(findTestObject(orPath_Landing + "/dd_TaxType"), Paymenttype, false): All options with label 'New Tax Return Amount Due' are selected in object 'Object Repository/RAD_Pages/Landing_Page/dd_TaxType' 

2023-11-01 15:43:25 - [MESSAGE][PASSED] - All options with label 'New Tax Return Amount Due' are selected in object 'Object Repository/RAD_Pages/Landing_Page/dd_TaxType' 

2023-11-01 15:43:25 - [TEST_STEP][PASSED] - delay(1): Delayed 1 second(s)

2023-11-01 15:43:26 - [MESSAGE][PASSED] - Delayed 1 second(s)

2023-11-01 15:43:26 - [TEST_STEP][PASSED] - switch (Paymenttype): null

2023-11-01 15:43:26 - [TEST_STEP][PASSED] - case "New Tax Return Amount Due":: null

2023-11-01 15:43:26 - [TEST_STEP][PASSED] - selectOptionByLabel(findTestObject("Object Repository/RAD_Pages/Landing_Page/select_NewTaxReturnAmountDue_TaxType"), Taxtype, false): All options with label 'PTE Tax Electing S Corp' are selected in object 'Object Repository/RAD_Pages/Landing_Page/select_NewTaxReturnAmountDue_TaxType' 

2023-11-01 15:43:27 - [MESSAGE][PASSED] - All options with label 'PTE Tax Electing S Corp' are selected in object 'Object Repository/RAD_Pages/Landing_Page/select_NewTaxReturnAmountDue_TaxType' 

2023-11-01 15:43:27 - [TEST_STEP][PASSED] - break: null

2023-11-01 15:43:27 - [TEST_STEP][PASSED] - delay(1): Delayed 1 second(s)

2023-11-01 15:43:28 - [MESSAGE][PASSED] - Delayed 1 second(s)

2023-11-01 15:43:28 - [TEST_STEP][PASSED] - switch (Paymenttype): null

2023-11-01 15:43:28 - [TEST_STEP][PASSED] - case "New Tax Return Amount Due":: null

2023-11-01 15:43:28 - [TEST_STEP][PASSED] - if (feinSsn.equalsIgnoreCase("Y")): Text ****** has been set on object 'Object Repository/RAD_Pages/TaxInfo_Page/input_TaxInfo_RetypeFeinSsn_New_2'

2023-11-01 15:43:28 - [TEST_STEP][PASSED] - setEncryptedText(findTestObject(orPath_TaxInfo + "//input_TaxInfo_FeinSsn_New_2"), "iGDxf8hSRT4="): Text ****** has been set on object 'Object Repository/RAD_Pages/TaxInfo_Page//input_TaxInfo_FeinSsn_New_2'

2023-11-01 15:43:28 - [MESSAGE][PASSED] - Text ****** has been set on object 'Object Repository/RAD_Pages/TaxInfo_Page//input_TaxInfo_FeinSsn_New_2'

2023-11-01 15:43:28 - [TEST_STEP][PASSED] - setEncryptedText(findTestObject(orPath_TaxInfo + "/input_TaxInfo_RetypeFeinSsn_New_2"), ""): Text ****** has been set on object 'Object Repository/RAD_Pages/TaxInfo_Page/input_TaxInfo_RetypeFeinSsn_New_2'

2023-11-01 15:43:29 - [MESSAGE][PASSED] - Text ****** has been set on object 'Object Repository/RAD_Pages/TaxInfo_Page/input_TaxInfo_RetypeFeinSsn_New_2'

2023-11-01 15:43:29 - [TEST_STEP][PASSED] - break: null

2023-11-01 15:43:29 - [TEST_STEP][PASSED] - if (feinSsn.equalsIgnoreCase("Y")): null

2023-11-01 15:43:29 - [TEST_STEP][PASSED] - if (verifyTextPresent("Please enter a valid FEIN/SSN with 9 digits", true)): null

2023-11-01 15:43:29 - [MESSAGE][PASSED] - Text 'Please enter a valid FEIN/SSN with 9 digits' is present on page  using regular expression

2023-11-01 15:43:29 - [TEST_STEP][PASSED] - println("Error Message is present on the page"): null

2023-11-01 15:43:29 - [TEST_STEP][PASSED] - out.println("Pass Record Number: " + row): null

2023-11-01 15:43:29 - [TEST_STEP][PASSED] - resText = "Pass": null

2023-11-01 15:43:29 - [TEST_STEP][PASSED] - pages.WriteExcel.demoKey(resText, datText, resColumn, datCloumn, fileLoc, nameSheet, row): pages.WriteExcel.demoKey is PASSED

2023-11-01 15:43:29 - [MESSAGE][PASSED] - pages.WriteExcel.demoKey is PASSED]]></system-out>
         <system-err><![CDATA[]]></system-err>
      </testcase>
      <testcase name="Test Cases/RAD_TestCases/Negative_TestCases/EL-NumberValidation" time="148.376" classname="Test Cases/RAD_TestCases/Negative_TestCases/EL-NumberValidation" status="PASSED">
         <system-out><![CDATA[2023-11-01 15:43:29 - [TEST_CASE][PASSED] - Test Cases/RAD_TestCases/Negative_TestCases/EL-NumberValidation: Test Cases/RAD_TestCases/Negative_TestCases/EL-NumberValidation

2023-11-01 15:43:30 - [TEST_STEP][PASSED] - resText = "Fail": null

2023-11-01 15:43:30 - [TEST_STEP][PASSED] - resColumn = "Result": null

2023-11-01 15:43:30 - [TEST_STEP][PASSED] - datCloumn = "Date": null

2023-11-01 15:43:30 - [TEST_STEP][PASSED] - fileLoc = "KatalonData/RADTestData/EL-NumberValidation.xlsx": null

2023-11-01 15:43:30 - [TEST_STEP][PASSED] - nameSheet = "NumberError": null

2023-11-01 15:43:30 - [TEST_STEP][PASSED] - dataFile = "RADTestData/EL-NumberValidation": null

2023-11-01 15:43:30 - [TEST_STEP][PASSED] - ExecuteTC = <not implemented yet for class: org.codehaus.groovy.ast.expr.EmptyExpression>: null

2023-11-01 15:43:30 - [TEST_STEP][PASSED] - Taxtype = <not implemented yet for class: org.codehaus.groovy.ast.expr.EmptyExpression>: null

2023-11-01 15:43:30 - [TEST_STEP][PASSED] - TaxTypeEL = <not implemented yet for class: org.codehaus.groovy.ast.expr.EmptyExpression>: null

2023-11-01 15:43:30 - [TEST_STEP][PASSED] - notInvNumber = <not implemented yet for class: org.codehaus.groovy.ast.expr.EmptyExpression>: null

2023-11-01 15:43:30 - [TEST_STEP][PASSED] - errorMsg = <not implemented yet for class: org.codehaus.groovy.ast.expr.EmptyExpression>: null

2023-11-01 15:43:30 - [TEST_STEP][PASSED] - numOfRows = findTestData(dataFile).getRowNumbers(): null

2023-11-01 15:43:30 - [TEST_STEP][PASSED] - println("Number of Records: " + numOfRows): null

2023-11-01 15:43:30 - [TEST_STEP][PASSED] - for ([row = 1, row <= numOfRows, (row++)]): null

2023-11-01 15:43:30 - [TEST_STEP][PASSED] - ExecuteTC = findTestData(dataFile).getValue("Execute", row): null

2023-11-01 15:43:30 - [TEST_STEP][PASSED] - Taxtype = findTestData(dataFile).getValue("TaxType", row): null

2023-11-01 15:43:30 - [TEST_STEP][PASSED] - TaxTypeEL = findTestData(dataFile).getValue("TaxTypeEL", row): null

2023-11-01 15:43:30 - [TEST_STEP][PASSED] - notInvNumber = findTestData(dataFile).getValue("NotiInvoNumber", row): null

2023-11-01 15:43:30 - [TEST_STEP][PASSED] - errorMsg = findTestData(dataFile).getValue("ErrorMessage", row): null

2023-11-01 15:43:30 - [TEST_STEP][PASSED] - out.println("Value of Execute is : " + ExecuteTC): null

2023-11-01 15:43:30 - [TEST_STEP][PASSED] - if (ExecuteTC.equalsIgnoreCase("Y")): null

2023-11-01 15:43:30 - [TEST_STEP][PASSED] - out.println("Begin Record Number: " + row): null

2023-11-01 15:43:30 - [TEST_STEP][PASSED] - today = new java.util.Date(): null

2023-11-01 15:43:30 - [TEST_STEP][PASSED] - println(today): null

2023-11-01 15:43:30 - [TEST_STEP][PASSED] - datText = today: null

2023-11-01 15:43:30 - [TEST_STEP][PASSED] - Taxtype = findTestData(dataFile).getValue("TaxType", row): null

2023-11-01 15:43:30 - [TEST_STEP][PASSED] - out.println("Taxtype value is : " + Taxtype): null

2023-11-01 15:43:30 - [TEST_STEP][PASSED] - openBrowser(""): Browser is opened with url: ''

2023-11-01 15:43:30 - [MESSAGE][WARNING] - A browser is already opened. Closing browser and opening a new one

2023-11-01 15:43:31 - [MESSAGE][INFO] - Starting 'Chrome' driver

2023-11-01 15:43:31 - [MESSAGE][INFO] - User set preference: ['acceptInsecureCerts', 'true']

2023-11-01 15:43:31 - [MESSAGE][INFO] - Action delay is set to 0 milliseconds

2023-11-01 15:43:33 - [MESSAGE][PASSED] - Browser is opened with url: ''

2023-11-01 15:43:33 - [TEST_STEP][PASSED] - maximizeWindow(): Current window maximized

2023-11-01 15:43:33 - [MESSAGE][PASSED] - Current window maximized

2023-11-01 15:43:33 - [TEST_STEP][PASSED] - navigateToUrl(RADurl): Navigate to 'https://qa2.velocitypayment.com/client/rad/index.html' successfully

2023-11-01 15:43:34 - [MESSAGE][PASSED] - Navigate to 'https://qa2.velocitypayment.com/client/rad/index.html' successfully

2023-11-01 15:43:34 - [TEST_STEP][PASSED] - orPath_Landing = "Object Repository/RAD_Pages/Landing_Page": null

2023-11-01 15:43:34 - [TEST_STEP][PASSED] - orPath_TaxTypeFilingYear = "Object Repository/RAD_Pages/TaxTypeFilingYear_Page": null

2023-11-01 15:43:34 - [TEST_STEP][PASSED] - orPath_TaxPayer = "Object Repository/RAD_Pages/Taxpayer_Page": null

2023-11-01 15:43:34 - [TEST_STEP][PASSED] - orPath_AddressContact = "Object Repository/RAD_Pages/AddressAndContactInfo_Page": null

2023-11-01 15:43:34 - [TEST_STEP][PASSED] - orPath_FilingStatus = "Object Repository/RAD_Pages/FilingStatus_Page": null

2023-11-01 15:43:34 - [TEST_STEP][PASSED] - orPath_Amount = "Object Repository/RAD_Pages/PaymentAmount_Page": null

2023-11-01 15:43:34 - [TEST_STEP][PASSED] - orPath_TaxInfo = "Object Repository/RAD_Pages/TaxInfo_Page": null

2023-11-01 15:43:34 - [TEST_STEP][PASSED] - orPath_Withholding = "Object Repository/RAD_Pages/Withholding_Page": null

2023-11-01 15:43:34 - [TEST_STEP][PASSED] - orPath_Summary = "Object Repository/RAD_Pages/Summary_Page": null

2023-11-01 15:43:34 - [TEST_STEP][PASSED] - orPath_PaymentReady = "Object Repository/RAD_Pages/PaymentReady_Page": null

2023-11-01 15:43:34 - [TEST_STEP][PASSED] - orPath_PaymentEntry = "Object Repository/RAD_Pages/PaymentEntry_Page": null

2023-11-01 15:43:34 - [TEST_STEP][PASSED] - orPath_PaymentConfirmation = "Object Repository/RAD_Pages/PaymentConfirmation_Page": null

2023-11-01 15:43:34 - [TEST_STEP][PASSED] - orPath_ServiceFeesAccept = "Object Repository/RAD_Pages/ServiceFeeAccept_Page": null

2023-11-01 15:43:34 - [TEST_STEP][PASSED] - selectOptionByLabel(findTestObject(orPath_Landing + "/dd_TaxType"), Taxtype, false): All options with label 'Existing Liability w/Notice Number' are selected in object 'Object Repository/RAD_Pages/Landing_Page/dd_TaxType' 

2023-11-01 15:43:35 - [MESSAGE][PASSED] - All options with label 'Existing Liability w/Notice Number' are selected in object 'Object Repository/RAD_Pages/Landing_Page/dd_TaxType' 

2023-11-01 15:43:35 - [TEST_STEP][PASSED] - delay(1): Delayed 1 second(s)

2023-11-01 15:43:36 - [MESSAGE][PASSED] - Delayed 1 second(s)

2023-11-01 15:43:36 - [TEST_STEP][PASSED] - selectOptionByLabel(findTestObject(orPath_TaxTypeFilingYear + "/select_TaxType_ExistingLiability"), TaxTypeEL, false): All options with label 'Bay Restoration Fee' are selected in object 'Object Repository/RAD_Pages/TaxTypeFilingYear_Page/select_TaxType_ExistingLiability' 

2023-11-01 15:43:37 - [MESSAGE][PASSED] - All options with label 'Bay Restoration Fee' are selected in object 'Object Repository/RAD_Pages/TaxTypeFilingYear_Page/select_TaxType_ExistingLiability' 

2023-11-01 15:43:37 - [TEST_STEP][PASSED] - setText(findTestObject(orPath_TaxInfo + "/input_NoticeInvoiceNumber"), notInvNumber): Text '123456789' is set on object 'Object Repository/RAD_Pages/TaxInfo_Page/input_NoticeInvoiceNumber'

2023-11-01 15:43:37 - [MESSAGE][PASSED] - Text '123456789' is set on object 'Object Repository/RAD_Pages/TaxInfo_Page/input_NoticeInvoiceNumber'

2023-11-01 15:43:37 - [TEST_STEP][PASSED] - setText(findTestObject(orPath_TaxInfo + "/input_reTypeNoticeInvoiceNumber"), notInvNumber): Text '123456789' is set on object 'Object Repository/RAD_Pages/TaxInfo_Page/input_reTypeNoticeInvoiceNumber'

2023-11-01 15:43:38 - [MESSAGE][PASSED] - Text '123456789' is set on object 'Object Repository/RAD_Pages/TaxInfo_Page/input_reTypeNoticeInvoiceNumber'

2023-11-01 15:43:38 - [TEST_STEP][PASSED] - println(notInvNumber): null

2023-11-01 15:43:38 - [TEST_STEP][PASSED] - if (verifyTextPresent(errorMsg, true)): null

2023-11-01 15:43:39 - [MESSAGE][PASSED] - Text 'Notice number length has to be 13 numeric characters' is present on page  using regular expression

2023-11-01 15:43:39 - [TEST_STEP][PASSED] - println("Error Message is present on the page"): null

2023-11-01 15:43:39 - [TEST_STEP][PASSED] - out.println("Pass Record Number: " + row): null

2023-11-01 15:43:39 - [TEST_STEP][PASSED] - resText = "Pass": null

2023-11-01 15:43:39 - [TEST_STEP][PASSED] - pages.WriteExcel.demoKey(resText, datText, resColumn, datCloumn, fileLoc, nameSheet, row): pages.WriteExcel.demoKey is PASSED

2023-11-01 15:43:39 - [MESSAGE][PASSED] - pages.WriteExcel.demoKey is PASSED

2023-11-01 15:43:39 - [TEST_STEP][PASSED] - ExecuteTC = findTestData(dataFile).getValue("Execute", row): null

2023-11-01 15:43:39 - [TEST_STEP][PASSED] - Taxtype = findTestData(dataFile).getValue("TaxType", row): null

2023-11-01 15:43:39 - [TEST_STEP][PASSED] - TaxTypeEL = findTestData(dataFile).getValue("TaxTypeEL", row): null

2023-11-01 15:43:39 - [TEST_STEP][PASSED] - notInvNumber = findTestData(dataFile).getValue("NotiInvoNumber", row): null

2023-11-01 15:43:39 - [TEST_STEP][PASSED] - errorMsg = findTestData(dataFile).getValue("ErrorMessage", row): null

2023-11-01 15:43:39 - [TEST_STEP][PASSED] - out.println("Value of Execute is : " + ExecuteTC): null

2023-11-01 15:43:39 - [TEST_STEP][PASSED] - if (ExecuteTC.equalsIgnoreCase("Y")): null

2023-11-01 15:43:39 - [TEST_STEP][PASSED] - out.println("Begin Record Number: " + row): null

2023-11-01 15:43:39 - [TEST_STEP][PASSED] - today = new java.util.Date(): null

2023-11-01 15:43:39 - [TEST_STEP][PASSED] - println(today): null

2023-11-01 15:43:39 - [TEST_STEP][PASSED] - datText = today: null

2023-11-01 15:43:39 - [TEST_STEP][PASSED] - Taxtype = findTestData(dataFile).getValue("TaxType", row): null

2023-11-01 15:43:39 - [TEST_STEP][PASSED] - out.println("Taxtype value is : " + Taxtype): null

2023-11-01 15:43:39 - [TEST_STEP][PASSED] - openBrowser(""): Browser is opened with url: ''

2023-11-01 15:43:39 - [MESSAGE][WARNING] - A browser is already opened. Closing browser and opening a new one

2023-11-01 15:43:40 - [MESSAGE][INFO] - Starting 'Chrome' driver

2023-11-01 15:43:40 - [MESSAGE][INFO] - User set preference: ['acceptInsecureCerts', 'true']

2023-11-01 15:43:40 - [MESSAGE][INFO] - Action delay is set to 0 milliseconds

2023-11-01 15:43:42 - [MESSAGE][PASSED] - Browser is opened with url: ''

2023-11-01 15:43:42 - [TEST_STEP][PASSED] - maximizeWindow(): Current window maximized

2023-11-01 15:43:42 - [MESSAGE][PASSED] - Current window maximized

2023-11-01 15:43:42 - [TEST_STEP][PASSED] - navigateToUrl(RADurl): Navigate to 'https://qa2.velocitypayment.com/client/rad/index.html' successfully

2023-11-01 15:43:43 - [MESSAGE][PASSED] - Navigate to 'https://qa2.velocitypayment.com/client/rad/index.html' successfully

2023-11-01 15:43:43 - [TEST_STEP][PASSED] - orPath_Landing = "Object Repository/RAD_Pages/Landing_Page": null

2023-11-01 15:43:43 - [TEST_STEP][PASSED] - orPath_TaxTypeFilingYear = "Object Repository/RAD_Pages/TaxTypeFilingYear_Page": null

2023-11-01 15:43:43 - [TEST_STEP][PASSED] - orPath_TaxPayer = "Object Repository/RAD_Pages/Taxpayer_Page": null

2023-11-01 15:43:43 - [TEST_STEP][PASSED] - orPath_AddressContact = "Object Repository/RAD_Pages/AddressAndContactInfo_Page": null

2023-11-01 15:43:43 - [TEST_STEP][PASSED] - orPath_FilingStatus = "Object Repository/RAD_Pages/FilingStatus_Page": null

2023-11-01 15:43:43 - [TEST_STEP][PASSED] - orPath_Amount = "Object Repository/RAD_Pages/PaymentAmount_Page": null

2023-11-01 15:43:43 - [TEST_STEP][PASSED] - orPath_TaxInfo = "Object Repository/RAD_Pages/TaxInfo_Page": null

2023-11-01 15:43:43 - [TEST_STEP][PASSED] - orPath_Withholding = "Object Repository/RAD_Pages/Withholding_Page": null

2023-11-01 15:43:43 - [TEST_STEP][PASSED] - orPath_Summary = "Object Repository/RAD_Pages/Summary_Page": null

2023-11-01 15:43:43 - [TEST_STEP][PASSED] - orPath_PaymentReady = "Object Repository/RAD_Pages/PaymentReady_Page": null

2023-11-01 15:43:43 - [TEST_STEP][PASSED] - orPath_PaymentEntry = "Object Repository/RAD_Pages/PaymentEntry_Page": null

2023-11-01 15:43:43 - [TEST_STEP][PASSED] - orPath_PaymentConfirmation = "Object Repository/RAD_Pages/PaymentConfirmation_Page": null

2023-11-01 15:43:43 - [TEST_STEP][PASSED] - orPath_ServiceFeesAccept = "Object Repository/RAD_Pages/ServiceFeeAccept_Page": null

2023-11-01 15:43:43 - [TEST_STEP][PASSED] - selectOptionByLabel(findTestObject(orPath_Landing + "/dd_TaxType"), Taxtype, false): All options with label 'Existing Liability w/Notice Number' are selected in object 'Object Repository/RAD_Pages/Landing_Page/dd_TaxType' 

2023-11-01 15:43:44 - [MESSAGE][PASSED] - All options with label 'Existing Liability w/Notice Number' are selected in object 'Object Repository/RAD_Pages/Landing_Page/dd_TaxType' 

2023-11-01 15:43:44 - [TEST_STEP][PASSED] - delay(1): Delayed 1 second(s)

2023-11-01 15:43:45 - [MESSAGE][PASSED] - Delayed 1 second(s)

2023-11-01 15:43:45 - [TEST_STEP][PASSED] - selectOptionByLabel(findTestObject(orPath_TaxTypeFilingYear + "/select_TaxType_ExistingLiability"), TaxTypeEL, false): All options with label 'Corporate Income Tax' are selected in object 'Object Repository/RAD_Pages/TaxTypeFilingYear_Page/select_TaxType_ExistingLiability' 

2023-11-01 15:43:46 - [MESSAGE][PASSED] - All options with label 'Corporate Income Tax' are selected in object 'Object Repository/RAD_Pages/TaxTypeFilingYear_Page/select_TaxType_ExistingLiability' 

2023-11-01 15:43:46 - [TEST_STEP][PASSED] - setText(findTestObject(orPath_TaxInfo + "/input_NoticeInvoiceNumber"), notInvNumber): Text '123456789' is set on object 'Object Repository/RAD_Pages/TaxInfo_Page/input_NoticeInvoiceNumber'

2023-11-01 15:43:46 - [MESSAGE][PASSED] - Text '123456789' is set on object 'Object Repository/RAD_Pages/TaxInfo_Page/input_NoticeInvoiceNumber'

2023-11-01 15:43:46 - [TEST_STEP][PASSED] - setText(findTestObject(orPath_TaxInfo + "/input_reTypeNoticeInvoiceNumber"), notInvNumber): Text '123456789' is set on object 'Object Repository/RAD_Pages/TaxInfo_Page/input_reTypeNoticeInvoiceNumber'

2023-11-01 15:43:47 - [MESSAGE][PASSED] - Text '123456789' is set on object 'Object Repository/RAD_Pages/TaxInfo_Page/input_reTypeNoticeInvoiceNumber'

2023-11-01 15:43:47 - [TEST_STEP][PASSED] - println(notInvNumber): null

2023-11-01 15:43:47 - [TEST_STEP][PASSED] - if (verifyTextPresent(errorMsg, true)): null

2023-11-01 15:43:48 - [MESSAGE][PASSED] - Text 'Invoice number length has to be 10 or 13 numeric characters' is present on page  using regular expression

2023-11-01 15:43:48 - [TEST_STEP][PASSED] - println("Error Message is present on the page"): null

2023-11-01 15:43:48 - [TEST_STEP][PASSED] - out.println("Pass Record Number: " + row): null

2023-11-01 15:43:48 - [TEST_STEP][PASSED] - resText = "Pass": null

2023-11-01 15:43:48 - [TEST_STEP][PASSED] - pages.WriteExcel.demoKey(resText, datText, resColumn, datCloumn, fileLoc, nameSheet, row): pages.WriteExcel.demoKey is PASSED

2023-11-01 15:43:48 - [MESSAGE][PASSED] - pages.WriteExcel.demoKey is PASSED

2023-11-01 15:43:48 - [TEST_STEP][PASSED] - ExecuteTC = findTestData(dataFile).getValue("Execute", row): null

2023-11-01 15:43:48 - [TEST_STEP][PASSED] - Taxtype = findTestData(dataFile).getValue("TaxType", row): null

2023-11-01 15:43:48 - [TEST_STEP][PASSED] - TaxTypeEL = findTestData(dataFile).getValue("TaxTypeEL", row): null

2023-11-01 15:43:48 - [TEST_STEP][PASSED] - notInvNumber = findTestData(dataFile).getValue("NotiInvoNumber", row): null

2023-11-01 15:43:48 - [TEST_STEP][PASSED] - errorMsg = findTestData(dataFile).getValue("ErrorMessage", row): null

2023-11-01 15:43:48 - [TEST_STEP][PASSED] - out.println("Value of Execute is : " + ExecuteTC): null

2023-11-01 15:43:48 - [TEST_STEP][PASSED] - if (ExecuteTC.equalsIgnoreCase("Y")): null

2023-11-01 15:43:48 - [TEST_STEP][PASSED] - out.println("Begin Record Number: " + row): null

2023-11-01 15:43:48 - [TEST_STEP][PASSED] - today = new java.util.Date(): null

2023-11-01 15:43:48 - [TEST_STEP][PASSED] - println(today): null

2023-11-01 15:43:48 - [TEST_STEP][PASSED] - datText = today: null

2023-11-01 15:43:48 - [TEST_STEP][PASSED] - Taxtype = findTestData(dataFile).getValue("TaxType", row): null

2023-11-01 15:43:48 - [TEST_STEP][PASSED] - out.println("Taxtype value is : " + Taxtype): null

2023-11-01 15:43:48 - [TEST_STEP][PASSED] - openBrowser(""): Browser is opened with url: ''

2023-11-01 15:43:48 - [MESSAGE][WARNING] - A browser is already opened. Closing browser and opening a new one

2023-11-01 15:43:49 - [MESSAGE][INFO] - Starting 'Chrome' driver

2023-11-01 15:43:49 - [MESSAGE][INFO] - User set preference: ['acceptInsecureCerts', 'true']

2023-11-01 15:43:49 - [MESSAGE][INFO] - Action delay is set to 0 milliseconds

2023-11-01 15:43:51 - [MESSAGE][PASSED] - Browser is opened with url: ''

2023-11-01 15:43:51 - [TEST_STEP][PASSED] - maximizeWindow(): Current window maximized

2023-11-01 15:43:51 - [MESSAGE][PASSED] - Current window maximized

2023-11-01 15:43:51 - [TEST_STEP][PASSED] - navigateToUrl(RADurl): Navigate to 'https://qa2.velocitypayment.com/client/rad/index.html' successfully

2023-11-01 15:43:51 - [MESSAGE][PASSED] - Navigate to 'https://qa2.velocitypayment.com/client/rad/index.html' successfully

2023-11-01 15:43:51 - [TEST_STEP][PASSED] - orPath_Landing = "Object Repository/RAD_Pages/Landing_Page": null

2023-11-01 15:43:51 - [TEST_STEP][PASSED] - orPath_TaxTypeFilingYear = "Object Repository/RAD_Pages/TaxTypeFilingYear_Page": null

2023-11-01 15:43:51 - [TEST_STEP][PASSED] - orPath_TaxPayer = "Object Repository/RAD_Pages/Taxpayer_Page": null

2023-11-01 15:43:51 - [TEST_STEP][PASSED] - orPath_AddressContact = "Object Repository/RAD_Pages/AddressAndContactInfo_Page": null

2023-11-01 15:43:51 - [TEST_STEP][PASSED] - orPath_FilingStatus = "Object Repository/RAD_Pages/FilingStatus_Page": null

2023-11-01 15:43:51 - [TEST_STEP][PASSED] - orPath_Amount = "Object Repository/RAD_Pages/PaymentAmount_Page": null

2023-11-01 15:43:51 - [TEST_STEP][PASSED] - orPath_TaxInfo = "Object Repository/RAD_Pages/TaxInfo_Page": null

2023-11-01 15:43:51 - [TEST_STEP][PASSED] - orPath_Withholding = "Object Repository/RAD_Pages/Withholding_Page": null

2023-11-01 15:43:51 - [TEST_STEP][PASSED] - orPath_Summary = "Object Repository/RAD_Pages/Summary_Page": null

2023-11-01 15:43:51 - [TEST_STEP][PASSED] - orPath_PaymentReady = "Object Repository/RAD_Pages/PaymentReady_Page": null

2023-11-01 15:43:51 - [TEST_STEP][PASSED] - orPath_PaymentEntry = "Object Repository/RAD_Pages/PaymentEntry_Page": null

2023-11-01 15:43:51 - [TEST_STEP][PASSED] - orPath_PaymentConfirmation = "Object Repository/RAD_Pages/PaymentConfirmation_Page": null

2023-11-01 15:43:51 - [TEST_STEP][PASSED] - orPath_ServiceFeesAccept = "Object Repository/RAD_Pages/ServiceFeeAccept_Page": null

2023-11-01 15:43:51 - [TEST_STEP][PASSED] - selectOptionByLabel(findTestObject(orPath_Landing + "/dd_TaxType"), Taxtype, false): All options with label 'Existing Liability w/Notice Number' are selected in object 'Object Repository/RAD_Pages/Landing_Page/dd_TaxType' 

2023-11-01 15:43:53 - [MESSAGE][PASSED] - All options with label 'Existing Liability w/Notice Number' are selected in object 'Object Repository/RAD_Pages/Landing_Page/dd_TaxType' 

2023-11-01 15:43:53 - [TEST_STEP][PASSED] - delay(1): Delayed 1 second(s)

2023-11-01 15:43:54 - [MESSAGE][PASSED] - Delayed 1 second(s)

2023-11-01 15:43:54 - [TEST_STEP][PASSED] - selectOptionByLabel(findTestObject(orPath_TaxTypeFilingYear + "/select_TaxType_ExistingLiability"), TaxTypeEL, false): All options with label 'Corporate Income Tax' are selected in object 'Object Repository/RAD_Pages/TaxTypeFilingYear_Page/select_TaxType_ExistingLiability' 

2023-11-01 15:43:55 - [MESSAGE][PASSED] - All options with label 'Corporate Income Tax' are selected in object 'Object Repository/RAD_Pages/TaxTypeFilingYear_Page/select_TaxType_ExistingLiability' 

2023-11-01 15:43:55 - [TEST_STEP][PASSED] - setText(findTestObject(orPath_TaxInfo + "/input_NoticeInvoiceNumber"), notInvNumber): Text '12345678901' is set on object 'Object Repository/RAD_Pages/TaxInfo_Page/input_NoticeInvoiceNumber'

2023-11-01 15:43:55 - [MESSAGE][PASSED] - Text '12345678901' is set on object 'Object Repository/RAD_Pages/TaxInfo_Page/input_NoticeInvoiceNumber'

2023-11-01 15:43:55 - [TEST_STEP][PASSED] - setText(findTestObject(orPath_TaxInfo + "/input_reTypeNoticeInvoiceNumber"), notInvNumber): Text '12345678901' is set on object 'Object Repository/RAD_Pages/TaxInfo_Page/input_reTypeNoticeInvoiceNumber'

2023-11-01 15:43:56 - [MESSAGE][PASSED] - Text '12345678901' is set on object 'Object Repository/RAD_Pages/TaxInfo_Page/input_reTypeNoticeInvoiceNumber'

2023-11-01 15:43:56 - [TEST_STEP][PASSED] - println(notInvNumber): null

2023-11-01 15:43:56 - [TEST_STEP][PASSED] - if (verifyTextPresent(errorMsg, true)): null

2023-11-01 15:43:57 - [MESSAGE][PASSED] - Text 'Invoice number length has to be 10 or 13 numeric characters' is present on page  using regular expression

2023-11-01 15:43:57 - [TEST_STEP][PASSED] - println("Error Message is present on the page"): null

2023-11-01 15:43:57 - [TEST_STEP][PASSED] - out.println("Pass Record Number: " + row): null

2023-11-01 15:43:57 - [TEST_STEP][PASSED] - resText = "Pass": null

2023-11-01 15:43:57 - [TEST_STEP][PASSED] - pages.WriteExcel.demoKey(resText, datText, resColumn, datCloumn, fileLoc, nameSheet, row): pages.WriteExcel.demoKey is PASSED

2023-11-01 15:43:57 - [MESSAGE][PASSED] - pages.WriteExcel.demoKey is PASSED

2023-11-01 15:43:57 - [TEST_STEP][PASSED] - ExecuteTC = findTestData(dataFile).getValue("Execute", row): null

2023-11-01 15:43:57 - [TEST_STEP][PASSED] - Taxtype = findTestData(dataFile).getValue("TaxType", row): null

2023-11-01 15:43:57 - [TEST_STEP][PASSED] - TaxTypeEL = findTestData(dataFile).getValue("TaxTypeEL", row): null

2023-11-01 15:43:57 - [TEST_STEP][PASSED] - notInvNumber = findTestData(dataFile).getValue("NotiInvoNumber", row): null

2023-11-01 15:43:57 - [TEST_STEP][PASSED] - errorMsg = findTestData(dataFile).getValue("ErrorMessage", row): null

2023-11-01 15:43:57 - [TEST_STEP][PASSED] - out.println("Value of Execute is : " + ExecuteTC): null

2023-11-01 15:43:57 - [TEST_STEP][PASSED] - if (ExecuteTC.equalsIgnoreCase("Y")): null

2023-11-01 15:43:57 - [TEST_STEP][PASSED] - out.println("Begin Record Number: " + row): null

2023-11-01 15:43:57 - [TEST_STEP][PASSED] - today = new java.util.Date(): null

2023-11-01 15:43:57 - [TEST_STEP][PASSED] - println(today): null

2023-11-01 15:43:57 - [TEST_STEP][PASSED] - datText = today: null

2023-11-01 15:43:57 - [TEST_STEP][PASSED] - Taxtype = findTestData(dataFile).getValue("TaxType", row): null

2023-11-01 15:43:57 - [TEST_STEP][PASSED] - out.println("Taxtype value is : " + Taxtype): null

2023-11-01 15:43:57 - [TEST_STEP][PASSED] - openBrowser(""): Browser is opened with url: ''

2023-11-01 15:43:57 - [MESSAGE][WARNING] - A browser is already opened. Closing browser and opening a new one

2023-11-01 15:43:58 - [MESSAGE][INFO] - Starting 'Chrome' driver

2023-11-01 15:43:58 - [MESSAGE][INFO] - User set preference: ['acceptInsecureCerts', 'true']

2023-11-01 15:43:58 - [MESSAGE][INFO] - Action delay is set to 0 milliseconds

2023-11-01 15:44:00 - [MESSAGE][PASSED] - Browser is opened with url: ''

2023-11-01 15:44:00 - [TEST_STEP][PASSED] - maximizeWindow(): Current window maximized

2023-11-01 15:44:00 - [MESSAGE][PASSED] - Current window maximized

2023-11-01 15:44:00 - [TEST_STEP][PASSED] - navigateToUrl(RADurl): Navigate to 'https://qa2.velocitypayment.com/client/rad/index.html' successfully

2023-11-01 15:44:00 - [MESSAGE][PASSED] - Navigate to 'https://qa2.velocitypayment.com/client/rad/index.html' successfully

2023-11-01 15:44:00 - [TEST_STEP][PASSED] - orPath_Landing = "Object Repository/RAD_Pages/Landing_Page": null

2023-11-01 15:44:00 - [TEST_STEP][PASSED] - orPath_TaxTypeFilingYear = "Object Repository/RAD_Pages/TaxTypeFilingYear_Page": null

2023-11-01 15:44:00 - [TEST_STEP][PASSED] - orPath_TaxPayer = "Object Repository/RAD_Pages/Taxpayer_Page": null

2023-11-01 15:44:00 - [TEST_STEP][PASSED] - orPath_AddressContact = "Object Repository/RAD_Pages/AddressAndContactInfo_Page": null

2023-11-01 15:44:00 - [TEST_STEP][PASSED] - orPath_FilingStatus = "Object Repository/RAD_Pages/FilingStatus_Page": null

2023-11-01 15:44:00 - [TEST_STEP][PASSED] - orPath_Amount = "Object Repository/RAD_Pages/PaymentAmount_Page": null

2023-11-01 15:44:00 - [TEST_STEP][PASSED] - orPath_TaxInfo = "Object Repository/RAD_Pages/TaxInfo_Page": null

2023-11-01 15:44:00 - [TEST_STEP][PASSED] - orPath_Withholding = "Object Repository/RAD_Pages/Withholding_Page": null

2023-11-01 15:44:00 - [TEST_STEP][PASSED] - orPath_Summary = "Object Repository/RAD_Pages/Summary_Page": null

2023-11-01 15:44:00 - [TEST_STEP][PASSED] - orPath_PaymentReady = "Object Repository/RAD_Pages/PaymentReady_Page": null

2023-11-01 15:44:00 - [TEST_STEP][PASSED] - orPath_PaymentEntry = "Object Repository/RAD_Pages/PaymentEntry_Page": null

2023-11-01 15:44:00 - [TEST_STEP][PASSED] - orPath_PaymentConfirmation = "Object Repository/RAD_Pages/PaymentConfirmation_Page": null

2023-11-01 15:44:00 - [TEST_STEP][PASSED] - orPath_ServiceFeesAccept = "Object Repository/RAD_Pages/ServiceFeeAccept_Page": null

2023-11-01 15:44:00 - [TEST_STEP][PASSED] - selectOptionByLabel(findTestObject(orPath_Landing + "/dd_TaxType"), Taxtype, false): All options with label 'Existing Liability w/Notice Number' are selected in object 'Object Repository/RAD_Pages/Landing_Page/dd_TaxType' 

2023-11-01 15:44:02 - [MESSAGE][PASSED] - All options with label 'Existing Liability w/Notice Number' are selected in object 'Object Repository/RAD_Pages/Landing_Page/dd_TaxType' 

2023-11-01 15:44:02 - [TEST_STEP][PASSED] - delay(1): Delayed 1 second(s)

2023-11-01 15:44:03 - [MESSAGE][PASSED] - Delayed 1 second(s)

2023-11-01 15:44:03 - [TEST_STEP][PASSED] - selectOptionByLabel(findTestObject(orPath_TaxTypeFilingYear + "/select_TaxType_ExistingLiability"), TaxTypeEL, false): All options with label 'Corporate Income Tax' are selected in object 'Object Repository/RAD_Pages/TaxTypeFilingYear_Page/select_TaxType_ExistingLiability' 

2023-11-01 15:44:04 - [MESSAGE][PASSED] - All options with label 'Corporate Income Tax' are selected in object 'Object Repository/RAD_Pages/TaxTypeFilingYear_Page/select_TaxType_ExistingLiability' 

2023-11-01 15:44:04 - [TEST_STEP][PASSED] - setText(findTestObject(orPath_TaxInfo + "/input_NoticeInvoiceNumber"), notInvNumber): Text '123456789012' is set on object 'Object Repository/RAD_Pages/TaxInfo_Page/input_NoticeInvoiceNumber'

2023-11-01 15:44:05 - [MESSAGE][PASSED] - Text '123456789012' is set on object 'Object Repository/RAD_Pages/TaxInfo_Page/input_NoticeInvoiceNumber'

2023-11-01 15:44:05 - [TEST_STEP][PASSED] - setText(findTestObject(orPath_TaxInfo + "/input_reTypeNoticeInvoiceNumber"), notInvNumber): Text '123456789012' is set on object 'Object Repository/RAD_Pages/TaxInfo_Page/input_reTypeNoticeInvoiceNumber'

2023-11-01 15:44:05 - [MESSAGE][PASSED] - Text '123456789012' is set on object 'Object Repository/RAD_Pages/TaxInfo_Page/input_reTypeNoticeInvoiceNumber'

2023-11-01 15:44:05 - [TEST_STEP][PASSED] - println(notInvNumber): null

2023-11-01 15:44:05 - [TEST_STEP][PASSED] - if (verifyTextPresent(errorMsg, true)): null

2023-11-01 15:44:06 - [MESSAGE][PASSED] - Text 'Invoice number length has to be 10 or 13 numeric characters' is present on page  using regular expression

2023-11-01 15:44:06 - [TEST_STEP][PASSED] - println("Error Message is present on the page"): null

2023-11-01 15:44:06 - [TEST_STEP][PASSED] - out.println("Pass Record Number: " + row): null

2023-11-01 15:44:06 - [TEST_STEP][PASSED] - resText = "Pass": null

2023-11-01 15:44:06 - [TEST_STEP][PASSED] - pages.WriteExcel.demoKey(resText, datText, resColumn, datCloumn, fileLoc, nameSheet, row): pages.WriteExcel.demoKey is PASSED

2023-11-01 15:44:06 - [MESSAGE][PASSED] - pages.WriteExcel.demoKey is PASSED

2023-11-01 15:44:06 - [TEST_STEP][PASSED] - ExecuteTC = findTestData(dataFile).getValue("Execute", row): null

2023-11-01 15:44:06 - [TEST_STEP][PASSED] - Taxtype = findTestData(dataFile).getValue("TaxType", row): null

2023-11-01 15:44:06 - [TEST_STEP][PASSED] - TaxTypeEL = findTestData(dataFile).getValue("TaxTypeEL", row): null

2023-11-01 15:44:06 - [TEST_STEP][PASSED] - notInvNumber = findTestData(dataFile).getValue("NotiInvoNumber", row): null

2023-11-01 15:44:06 - [TEST_STEP][PASSED] - errorMsg = findTestData(dataFile).getValue("ErrorMessage", row): null

2023-11-01 15:44:06 - [TEST_STEP][PASSED] - out.println("Value of Execute is : " + ExecuteTC): null

2023-11-01 15:44:06 - [TEST_STEP][PASSED] - if (ExecuteTC.equalsIgnoreCase("Y")): null

2023-11-01 15:44:06 - [TEST_STEP][PASSED] - out.println("Begin Record Number: " + row): null

2023-11-01 15:44:06 - [TEST_STEP][PASSED] - today = new java.util.Date(): null

2023-11-01 15:44:06 - [TEST_STEP][PASSED] - println(today): null

2023-11-01 15:44:06 - [TEST_STEP][PASSED] - datText = today: null

2023-11-01 15:44:06 - [TEST_STEP][PASSED] - Taxtype = findTestData(dataFile).getValue("TaxType", row): null

2023-11-01 15:44:06 - [TEST_STEP][PASSED] - out.println("Taxtype value is : " + Taxtype): null

2023-11-01 15:44:06 - [TEST_STEP][PASSED] - openBrowser(""): Browser is opened with url: ''

2023-11-01 15:44:06 - [MESSAGE][WARNING] - A browser is already opened. Closing browser and opening a new one

2023-11-01 15:44:07 - [MESSAGE][INFO] - Starting 'Chrome' driver

2023-11-01 15:44:07 - [MESSAGE][INFO] - User set preference: ['acceptInsecureCerts', 'true']

2023-11-01 15:44:07 - [MESSAGE][INFO] - Action delay is set to 0 milliseconds

2023-11-01 15:44:09 - [MESSAGE][PASSED] - Browser is opened with url: ''

2023-11-01 15:44:09 - [TEST_STEP][PASSED] - maximizeWindow(): Current window maximized

2023-11-01 15:44:09 - [MESSAGE][PASSED] - Current window maximized

2023-11-01 15:44:09 - [TEST_STEP][PASSED] - navigateToUrl(RADurl): Navigate to 'https://qa2.velocitypayment.com/client/rad/index.html' successfully

2023-11-01 15:44:11 - [MESSAGE][PASSED] - Navigate to 'https://qa2.velocitypayment.com/client/rad/index.html' successfully

2023-11-01 15:44:11 - [TEST_STEP][PASSED] - orPath_Landing = "Object Repository/RAD_Pages/Landing_Page": null

2023-11-01 15:44:11 - [TEST_STEP][PASSED] - orPath_TaxTypeFilingYear = "Object Repository/RAD_Pages/TaxTypeFilingYear_Page": null

2023-11-01 15:44:11 - [TEST_STEP][PASSED] - orPath_TaxPayer = "Object Repository/RAD_Pages/Taxpayer_Page": null

2023-11-01 15:44:11 - [TEST_STEP][PASSED] - orPath_AddressContact = "Object Repository/RAD_Pages/AddressAndContactInfo_Page": null

2023-11-01 15:44:11 - [TEST_STEP][PASSED] - orPath_FilingStatus = "Object Repository/RAD_Pages/FilingStatus_Page": null

2023-11-01 15:44:11 - [TEST_STEP][PASSED] - orPath_Amount = "Object Repository/RAD_Pages/PaymentAmount_Page": null

2023-11-01 15:44:11 - [TEST_STEP][PASSED] - orPath_TaxInfo = "Object Repository/RAD_Pages/TaxInfo_Page": null

2023-11-01 15:44:11 - [TEST_STEP][PASSED] - orPath_Withholding = "Object Repository/RAD_Pages/Withholding_Page": null

2023-11-01 15:44:11 - [TEST_STEP][PASSED] - orPath_Summary = "Object Repository/RAD_Pages/Summary_Page": null

2023-11-01 15:44:11 - [TEST_STEP][PASSED] - orPath_PaymentReady = "Object Repository/RAD_Pages/PaymentReady_Page": null

2023-11-01 15:44:11 - [TEST_STEP][PASSED] - orPath_PaymentEntry = "Object Repository/RAD_Pages/PaymentEntry_Page": null

2023-11-01 15:44:11 - [TEST_STEP][PASSED] - orPath_PaymentConfirmation = "Object Repository/RAD_Pages/PaymentConfirmation_Page": null

2023-11-01 15:44:11 - [TEST_STEP][PASSED] - orPath_ServiceFeesAccept = "Object Repository/RAD_Pages/ServiceFeeAccept_Page": null

2023-11-01 15:44:11 - [TEST_STEP][PASSED] - selectOptionByLabel(findTestObject(orPath_Landing + "/dd_TaxType"), Taxtype, false): All options with label 'Existing Liability w/Notice Number' are selected in object 'Object Repository/RAD_Pages/Landing_Page/dd_TaxType' 

2023-11-01 15:44:11 - [MESSAGE][PASSED] - All options with label 'Existing Liability w/Notice Number' are selected in object 'Object Repository/RAD_Pages/Landing_Page/dd_TaxType' 

2023-11-01 15:44:11 - [TEST_STEP][PASSED] - delay(1): Delayed 1 second(s)

2023-11-01 15:44:12 - [MESSAGE][PASSED] - Delayed 1 second(s)

2023-11-01 15:44:12 - [TEST_STEP][PASSED] - selectOptionByLabel(findTestObject(orPath_TaxTypeFilingYear + "/select_TaxType_ExistingLiability"), TaxTypeEL, false): All options with label 'Fiduciary Tax' are selected in object 'Object Repository/RAD_Pages/TaxTypeFilingYear_Page/select_TaxType_ExistingLiability' 

2023-11-01 15:44:13 - [MESSAGE][PASSED] - All options with label 'Fiduciary Tax' are selected in object 'Object Repository/RAD_Pages/TaxTypeFilingYear_Page/select_TaxType_ExistingLiability' 

2023-11-01 15:44:13 - [TEST_STEP][PASSED] - setText(findTestObject(orPath_TaxInfo + "/input_NoticeInvoiceNumber"), notInvNumber): Text '123456789' is set on object 'Object Repository/RAD_Pages/TaxInfo_Page/input_NoticeInvoiceNumber'

2023-11-01 15:44:14 - [MESSAGE][PASSED] - Text '123456789' is set on object 'Object Repository/RAD_Pages/TaxInfo_Page/input_NoticeInvoiceNumber'

2023-11-01 15:44:14 - [TEST_STEP][PASSED] - setText(findTestObject(orPath_TaxInfo + "/input_reTypeNoticeInvoiceNumber"), notInvNumber): Text '123456789' is set on object 'Object Repository/RAD_Pages/TaxInfo_Page/input_reTypeNoticeInvoiceNumber'

2023-11-01 15:44:15 - [MESSAGE][PASSED] - Text '123456789' is set on object 'Object Repository/RAD_Pages/TaxInfo_Page/input_reTypeNoticeInvoiceNumber'

2023-11-01 15:44:15 - [TEST_STEP][PASSED] - println(notInvNumber): null

2023-11-01 15:44:15 - [TEST_STEP][PASSED] - if (verifyTextPresent(errorMsg, true)): null

2023-11-01 15:44:15 - [MESSAGE][PASSED] - Text 'Notice number length has to be 13 numeric characters' is present on page  using regular expression

2023-11-01 15:44:15 - [TEST_STEP][PASSED] - println("Error Message is present on the page"): null

2023-11-01 15:44:15 - [TEST_STEP][PASSED] - out.println("Pass Record Number: " + row): null

2023-11-01 15:44:15 - [TEST_STEP][PASSED] - resText = "Pass": null

2023-11-01 15:44:15 - [TEST_STEP][PASSED] - pages.WriteExcel.demoKey(resText, datText, resColumn, datCloumn, fileLoc, nameSheet, row): pages.WriteExcel.demoKey is PASSED

2023-11-01 15:44:15 - [MESSAGE][PASSED] - pages.WriteExcel.demoKey is PASSED

2023-11-01 15:44:15 - [TEST_STEP][PASSED] - ExecuteTC = findTestData(dataFile).getValue("Execute", row): null

2023-11-01 15:44:15 - [TEST_STEP][PASSED] - Taxtype = findTestData(dataFile).getValue("TaxType", row): null

2023-11-01 15:44:15 - [TEST_STEP][PASSED] - TaxTypeEL = findTestData(dataFile).getValue("TaxTypeEL", row): null

2023-11-01 15:44:15 - [TEST_STEP][PASSED] - notInvNumber = findTestData(dataFile).getValue("NotiInvoNumber", row): null

2023-11-01 15:44:15 - [TEST_STEP][PASSED] - errorMsg = findTestData(dataFile).getValue("ErrorMessage", row): null

2023-11-01 15:44:15 - [TEST_STEP][PASSED] - out.println("Value of Execute is : " + ExecuteTC): null

2023-11-01 15:44:15 - [TEST_STEP][PASSED] - if (ExecuteTC.equalsIgnoreCase("Y")): null

2023-11-01 15:44:15 - [TEST_STEP][PASSED] - out.println("Begin Record Number: " + row): null

2023-11-01 15:44:15 - [TEST_STEP][PASSED] - today = new java.util.Date(): null

2023-11-01 15:44:15 - [TEST_STEP][PASSED] - println(today): null

2023-11-01 15:44:15 - [TEST_STEP][PASSED] - datText = today: null

2023-11-01 15:44:15 - [TEST_STEP][PASSED] - Taxtype = findTestData(dataFile).getValue("TaxType", row): null

2023-11-01 15:44:15 - [TEST_STEP][PASSED] - out.println("Taxtype value is : " + Taxtype): null

2023-11-01 15:44:15 - [TEST_STEP][PASSED] - openBrowser(""): Browser is opened with url: ''

2023-11-01 15:44:15 - [MESSAGE][WARNING] - A browser is already opened. Closing browser and opening a new one

2023-11-01 15:44:16 - [MESSAGE][INFO] - Starting 'Chrome' driver

2023-11-01 15:44:16 - [MESSAGE][INFO] - User set preference: ['acceptInsecureCerts', 'true']

2023-11-01 15:44:16 - [MESSAGE][INFO] - Action delay is set to 0 milliseconds

2023-11-01 15:44:18 - [MESSAGE][PASSED] - Browser is opened with url: ''

2023-11-01 15:44:18 - [TEST_STEP][PASSED] - maximizeWindow(): Current window maximized

2023-11-01 15:44:18 - [MESSAGE][PASSED] - Current window maximized

2023-11-01 15:44:18 - [TEST_STEP][PASSED] - navigateToUrl(RADurl): Navigate to 'https://qa2.velocitypayment.com/client/rad/index.html' successfully

2023-11-01 15:44:19 - [MESSAGE][PASSED] - Navigate to 'https://qa2.velocitypayment.com/client/rad/index.html' successfully

2023-11-01 15:44:19 - [TEST_STEP][PASSED] - orPath_Landing = "Object Repository/RAD_Pages/Landing_Page": null

2023-11-01 15:44:19 - [TEST_STEP][PASSED] - orPath_TaxTypeFilingYear = "Object Repository/RAD_Pages/TaxTypeFilingYear_Page": null

2023-11-01 15:44:19 - [TEST_STEP][PASSED] - orPath_TaxPayer = "Object Repository/RAD_Pages/Taxpayer_Page": null

2023-11-01 15:44:19 - [TEST_STEP][PASSED] - orPath_AddressContact = "Object Repository/RAD_Pages/AddressAndContactInfo_Page": null

2023-11-01 15:44:19 - [TEST_STEP][PASSED] - orPath_FilingStatus = "Object Repository/RAD_Pages/FilingStatus_Page": null

2023-11-01 15:44:19 - [TEST_STEP][PASSED] - orPath_Amount = "Object Repository/RAD_Pages/PaymentAmount_Page": null

2023-11-01 15:44:19 - [TEST_STEP][PASSED] - orPath_TaxInfo = "Object Repository/RAD_Pages/TaxInfo_Page": null

2023-11-01 15:44:19 - [TEST_STEP][PASSED] - orPath_Withholding = "Object Repository/RAD_Pages/Withholding_Page": null

2023-11-01 15:44:19 - [TEST_STEP][PASSED] - orPath_Summary = "Object Repository/RAD_Pages/Summary_Page": null

2023-11-01 15:44:19 - [TEST_STEP][PASSED] - orPath_PaymentReady = "Object Repository/RAD_Pages/PaymentReady_Page": null

2023-11-01 15:44:19 - [TEST_STEP][PASSED] - orPath_PaymentEntry = "Object Repository/RAD_Pages/PaymentEntry_Page": null

2023-11-01 15:44:19 - [TEST_STEP][PASSED] - orPath_PaymentConfirmation = "Object Repository/RAD_Pages/PaymentConfirmation_Page": null

2023-11-01 15:44:19 - [TEST_STEP][PASSED] - orPath_ServiceFeesAccept = "Object Repository/RAD_Pages/ServiceFeeAccept_Page": null

2023-11-01 15:44:19 - [TEST_STEP][PASSED] - selectOptionByLabel(findTestObject(orPath_Landing + "/dd_TaxType"), Taxtype, false): All options with label 'Existing Liability w/Notice Number' are selected in object 'Object Repository/RAD_Pages/Landing_Page/dd_TaxType' 

2023-11-01 15:44:20 - [MESSAGE][PASSED] - All options with label 'Existing Liability w/Notice Number' are selected in object 'Object Repository/RAD_Pages/Landing_Page/dd_TaxType' 

2023-11-01 15:44:20 - [TEST_STEP][PASSED] - delay(1): Delayed 1 second(s)

2023-11-01 15:44:21 - [MESSAGE][PASSED] - Delayed 1 second(s)

2023-11-01 15:44:21 - [TEST_STEP][PASSED] - selectOptionByLabel(findTestObject(orPath_TaxTypeFilingYear + "/select_TaxType_ExistingLiability"), TaxTypeEL, false): All options with label 'Personal Income Tax' are selected in object 'Object Repository/RAD_Pages/TaxTypeFilingYear_Page/select_TaxType_ExistingLiability' 

2023-11-01 15:44:22 - [MESSAGE][PASSED] - All options with label 'Personal Income Tax' are selected in object 'Object Repository/RAD_Pages/TaxTypeFilingYear_Page/select_TaxType_ExistingLiability' 

2023-11-01 15:44:22 - [TEST_STEP][PASSED] - setText(findTestObject(orPath_TaxInfo + "/input_NoticeInvoiceNumber"), notInvNumber): Text '123456789' is set on object 'Object Repository/RAD_Pages/TaxInfo_Page/input_NoticeInvoiceNumber'

2023-11-01 15:44:23 - [MESSAGE][PASSED] - Text '123456789' is set on object 'Object Repository/RAD_Pages/TaxInfo_Page/input_NoticeInvoiceNumber'

2023-11-01 15:44:23 - [TEST_STEP][PASSED] - setText(findTestObject(orPath_TaxInfo + "/input_reTypeNoticeInvoiceNumber"), notInvNumber): Text '123456789' is set on object 'Object Repository/RAD_Pages/TaxInfo_Page/input_reTypeNoticeInvoiceNumber'

2023-11-01 15:44:24 - [MESSAGE][PASSED] - Text '123456789' is set on object 'Object Repository/RAD_Pages/TaxInfo_Page/input_reTypeNoticeInvoiceNumber'

2023-11-01 15:44:24 - [TEST_STEP][PASSED] - println(notInvNumber): null

2023-11-01 15:44:24 - [TEST_STEP][PASSED] - if (verifyTextPresent(errorMsg, true)): null

2023-11-01 15:44:24 - [MESSAGE][PASSED] - Text 'Notice number length has to be 13 numeric characters' is present on page  using regular expression

2023-11-01 15:44:24 - [TEST_STEP][PASSED] - println("Error Message is present on the page"): null

2023-11-01 15:44:24 - [TEST_STEP][PASSED] - out.println("Pass Record Number: " + row): null

2023-11-01 15:44:24 - [TEST_STEP][PASSED] - resText = "Pass": null

2023-11-01 15:44:24 - [TEST_STEP][PASSED] - pages.WriteExcel.demoKey(resText, datText, resColumn, datCloumn, fileLoc, nameSheet, row): pages.WriteExcel.demoKey is PASSED

2023-11-01 15:44:24 - [MESSAGE][PASSED] - pages.WriteExcel.demoKey is PASSED

2023-11-01 15:44:24 - [TEST_STEP][PASSED] - ExecuteTC = findTestData(dataFile).getValue("Execute", row): null

2023-11-01 15:44:24 - [TEST_STEP][PASSED] - Taxtype = findTestData(dataFile).getValue("TaxType", row): null

2023-11-01 15:44:24 - [TEST_STEP][PASSED] - TaxTypeEL = findTestData(dataFile).getValue("TaxTypeEL", row): null

2023-11-01 15:44:24 - [TEST_STEP][PASSED] - notInvNumber = findTestData(dataFile).getValue("NotiInvoNumber", row): null

2023-11-01 15:44:24 - [TEST_STEP][PASSED] - errorMsg = findTestData(dataFile).getValue("ErrorMessage", row): null

2023-11-01 15:44:24 - [TEST_STEP][PASSED] - out.println("Value of Execute is : " + ExecuteTC): null

2023-11-01 15:44:24 - [TEST_STEP][PASSED] - if (ExecuteTC.equalsIgnoreCase("Y")): null

2023-11-01 15:44:24 - [TEST_STEP][PASSED] - out.println("Begin Record Number: " + row): null

2023-11-01 15:44:24 - [TEST_STEP][PASSED] - today = new java.util.Date(): null

2023-11-01 15:44:24 - [TEST_STEP][PASSED] - println(today): null

2023-11-01 15:44:24 - [TEST_STEP][PASSED] - datText = today: null

2023-11-01 15:44:24 - [TEST_STEP][PASSED] - Taxtype = findTestData(dataFile).getValue("TaxType", row): null

2023-11-01 15:44:24 - [TEST_STEP][PASSED] - out.println("Taxtype value is : " + Taxtype): null

2023-11-01 15:44:24 - [TEST_STEP][PASSED] - openBrowser(""): Browser is opened with url: ''

2023-11-01 15:44:24 - [MESSAGE][WARNING] - A browser is already opened. Closing browser and opening a new one

2023-11-01 15:44:25 - [MESSAGE][INFO] - Starting 'Chrome' driver

2023-11-01 15:44:25 - [MESSAGE][INFO] - User set preference: ['acceptInsecureCerts', 'true']

2023-11-01 15:44:25 - [MESSAGE][INFO] - Action delay is set to 0 milliseconds

2023-11-01 15:44:27 - [MESSAGE][PASSED] - Browser is opened with url: ''

2023-11-01 15:44:27 - [TEST_STEP][PASSED] - maximizeWindow(): Current window maximized

2023-11-01 15:44:27 - [MESSAGE][PASSED] - Current window maximized

2023-11-01 15:44:27 - [TEST_STEP][PASSED] - navigateToUrl(RADurl): Navigate to 'https://qa2.velocitypayment.com/client/rad/index.html' successfully

2023-11-01 15:44:29 - [MESSAGE][PASSED] - Navigate to 'https://qa2.velocitypayment.com/client/rad/index.html' successfully

2023-11-01 15:44:29 - [TEST_STEP][PASSED] - orPath_Landing = "Object Repository/RAD_Pages/Landing_Page": null

2023-11-01 15:44:29 - [TEST_STEP][PASSED] - orPath_TaxTypeFilingYear = "Object Repository/RAD_Pages/TaxTypeFilingYear_Page": null

2023-11-01 15:44:29 - [TEST_STEP][PASSED] - orPath_TaxPayer = "Object Repository/RAD_Pages/Taxpayer_Page": null

2023-11-01 15:44:29 - [TEST_STEP][PASSED] - orPath_AddressContact = "Object Repository/RAD_Pages/AddressAndContactInfo_Page": null

2023-11-01 15:44:29 - [TEST_STEP][PASSED] - orPath_FilingStatus = "Object Repository/RAD_Pages/FilingStatus_Page": null

2023-11-01 15:44:29 - [TEST_STEP][PASSED] - orPath_Amount = "Object Repository/RAD_Pages/PaymentAmount_Page": null

2023-11-01 15:44:29 - [TEST_STEP][PASSED] - orPath_TaxInfo = "Object Repository/RAD_Pages/TaxInfo_Page": null

2023-11-01 15:44:29 - [TEST_STEP][PASSED] - orPath_Withholding = "Object Repository/RAD_Pages/Withholding_Page": null

2023-11-01 15:44:29 - [TEST_STEP][PASSED] - orPath_Summary = "Object Repository/RAD_Pages/Summary_Page": null

2023-11-01 15:44:29 - [TEST_STEP][PASSED] - orPath_PaymentReady = "Object Repository/RAD_Pages/PaymentReady_Page": null

2023-11-01 15:44:29 - [TEST_STEP][PASSED] - orPath_PaymentEntry = "Object Repository/RAD_Pages/PaymentEntry_Page": null

2023-11-01 15:44:29 - [TEST_STEP][PASSED] - orPath_PaymentConfirmation = "Object Repository/RAD_Pages/PaymentConfirmation_Page": null

2023-11-01 15:44:29 - [TEST_STEP][PASSED] - orPath_ServiceFeesAccept = "Object Repository/RAD_Pages/ServiceFeeAccept_Page": null

2023-11-01 15:44:29 - [TEST_STEP][PASSED] - selectOptionByLabel(findTestObject(orPath_Landing + "/dd_TaxType"), Taxtype, false): All options with label 'Existing Liability w/Notice Number' are selected in object 'Object Repository/RAD_Pages/Landing_Page/dd_TaxType' 

2023-11-01 15:44:29 - [MESSAGE][PASSED] - All options with label 'Existing Liability w/Notice Number' are selected in object 'Object Repository/RAD_Pages/Landing_Page/dd_TaxType' 

2023-11-01 15:44:29 - [TEST_STEP][PASSED] - delay(1): Delayed 1 second(s)

2023-11-01 15:44:30 - [MESSAGE][PASSED] - Delayed 1 second(s)

2023-11-01 15:44:30 - [TEST_STEP][PASSED] - selectOptionByLabel(findTestObject(orPath_TaxTypeFilingYear + "/select_TaxType_ExistingLiability"), TaxTypeEL, false): All options with label 'PTE Non-Electing Non-S Corp' are selected in object 'Object Repository/RAD_Pages/TaxTypeFilingYear_Page/select_TaxType_ExistingLiability' 

2023-11-01 15:44:31 - [MESSAGE][PASSED] - All options with label 'PTE Non-Electing Non-S Corp' are selected in object 'Object Repository/RAD_Pages/TaxTypeFilingYear_Page/select_TaxType_ExistingLiability' 

2023-11-01 15:44:31 - [TEST_STEP][PASSED] - setText(findTestObject(orPath_TaxInfo + "/input_NoticeInvoiceNumber"), notInvNumber): Text '123456789' is set on object 'Object Repository/RAD_Pages/TaxInfo_Page/input_NoticeInvoiceNumber'

2023-11-01 15:44:32 - [MESSAGE][PASSED] - Text '123456789' is set on object 'Object Repository/RAD_Pages/TaxInfo_Page/input_NoticeInvoiceNumber'

2023-11-01 15:44:32 - [TEST_STEP][PASSED] - setText(findTestObject(orPath_TaxInfo + "/input_reTypeNoticeInvoiceNumber"), notInvNumber): Text '123456789' is set on object 'Object Repository/RAD_Pages/TaxInfo_Page/input_reTypeNoticeInvoiceNumber'

2023-11-01 15:44:33 - [MESSAGE][PASSED] - Text '123456789' is set on object 'Object Repository/RAD_Pages/TaxInfo_Page/input_reTypeNoticeInvoiceNumber'

2023-11-01 15:44:33 - [TEST_STEP][PASSED] - println(notInvNumber): null

2023-11-01 15:44:33 - [TEST_STEP][PASSED] - if (verifyTextPresent(errorMsg, true)): null

2023-11-01 15:44:33 - [MESSAGE][PASSED] - Text 'Notice number length has to be 13 numeric characters' is present on page  using regular expression

2023-11-01 15:44:33 - [TEST_STEP][PASSED] - println("Error Message is present on the page"): null

2023-11-01 15:44:33 - [TEST_STEP][PASSED] - out.println("Pass Record Number: " + row): null

2023-11-01 15:44:33 - [TEST_STEP][PASSED] - resText = "Pass": null

2023-11-01 15:44:33 - [TEST_STEP][PASSED] - pages.WriteExcel.demoKey(resText, datText, resColumn, datCloumn, fileLoc, nameSheet, row): pages.WriteExcel.demoKey is PASSED

2023-11-01 15:44:33 - [MESSAGE][PASSED] - pages.WriteExcel.demoKey is PASSED

2023-11-01 15:44:33 - [TEST_STEP][PASSED] - ExecuteTC = findTestData(dataFile).getValue("Execute", row): null

2023-11-01 15:44:33 - [TEST_STEP][PASSED] - Taxtype = findTestData(dataFile).getValue("TaxType", row): null

2023-11-01 15:44:33 - [TEST_STEP][PASSED] - TaxTypeEL = findTestData(dataFile).getValue("TaxTypeEL", row): null

2023-11-01 15:44:33 - [TEST_STEP][PASSED] - notInvNumber = findTestData(dataFile).getValue("NotiInvoNumber", row): null

2023-11-01 15:44:34 - [TEST_STEP][PASSED] - errorMsg = findTestData(dataFile).getValue("ErrorMessage", row): null

2023-11-01 15:44:34 - [TEST_STEP][PASSED] - out.println("Value of Execute is : " + ExecuteTC): null

2023-11-01 15:44:34 - [TEST_STEP][PASSED] - if (ExecuteTC.equalsIgnoreCase("Y")): null

2023-11-01 15:44:34 - [TEST_STEP][PASSED] - out.println("Begin Record Number: " + row): null

2023-11-01 15:44:34 - [TEST_STEP][PASSED] - today = new java.util.Date(): null

2023-11-01 15:44:34 - [TEST_STEP][PASSED] - println(today): null

2023-11-01 15:44:34 - [TEST_STEP][PASSED] - datText = today: null

2023-11-01 15:44:34 - [TEST_STEP][PASSED] - Taxtype = findTestData(dataFile).getValue("TaxType", row): null

2023-11-01 15:44:34 - [TEST_STEP][PASSED] - out.println("Taxtype value is : " + Taxtype): null

2023-11-01 15:44:34 - [TEST_STEP][PASSED] - openBrowser(""): Browser is opened with url: ''

2023-11-01 15:44:34 - [MESSAGE][WARNING] - A browser is already opened. Closing browser and opening a new one

2023-11-01 15:44:36 - [MESSAGE][INFO] - Starting 'Chrome' driver

2023-11-01 15:44:36 - [MESSAGE][INFO] - User set preference: ['acceptInsecureCerts', 'true']

2023-11-01 15:44:36 - [MESSAGE][INFO] - Action delay is set to 0 milliseconds

2023-11-01 15:44:38 - [MESSAGE][PASSED] - Browser is opened with url: ''

2023-11-01 15:44:38 - [TEST_STEP][PASSED] - maximizeWindow(): Current window maximized

2023-11-01 15:44:38 - [MESSAGE][PASSED] - Current window maximized

2023-11-01 15:44:38 - [TEST_STEP][PASSED] - navigateToUrl(RADurl): Navigate to 'https://qa2.velocitypayment.com/client/rad/index.html' successfully

2023-11-01 15:44:39 - [MESSAGE][PASSED] - Navigate to 'https://qa2.velocitypayment.com/client/rad/index.html' successfully

2023-11-01 15:44:39 - [TEST_STEP][PASSED] - orPath_Landing = "Object Repository/RAD_Pages/Landing_Page": null

2023-11-01 15:44:39 - [TEST_STEP][PASSED] - orPath_TaxTypeFilingYear = "Object Repository/RAD_Pages/TaxTypeFilingYear_Page": null

2023-11-01 15:44:39 - [TEST_STEP][PASSED] - orPath_TaxPayer = "Object Repository/RAD_Pages/Taxpayer_Page": null

2023-11-01 15:44:39 - [TEST_STEP][PASSED] - orPath_AddressContact = "Object Repository/RAD_Pages/AddressAndContactInfo_Page": null

2023-11-01 15:44:39 - [TEST_STEP][PASSED] - orPath_FilingStatus = "Object Repository/RAD_Pages/FilingStatus_Page": null

2023-11-01 15:44:39 - [TEST_STEP][PASSED] - orPath_Amount = "Object Repository/RAD_Pages/PaymentAmount_Page": null

2023-11-01 15:44:39 - [TEST_STEP][PASSED] - orPath_TaxInfo = "Object Repository/RAD_Pages/TaxInfo_Page": null

2023-11-01 15:44:39 - [TEST_STEP][PASSED] - orPath_Withholding = "Object Repository/RAD_Pages/Withholding_Page": null

2023-11-01 15:44:39 - [TEST_STEP][PASSED] - orPath_Summary = "Object Repository/RAD_Pages/Summary_Page": null

2023-11-01 15:44:39 - [TEST_STEP][PASSED] - orPath_PaymentReady = "Object Repository/RAD_Pages/PaymentReady_Page": null

2023-11-01 15:44:39 - [TEST_STEP][PASSED] - orPath_PaymentEntry = "Object Repository/RAD_Pages/PaymentEntry_Page": null

2023-11-01 15:44:39 - [TEST_STEP][PASSED] - orPath_PaymentConfirmation = "Object Repository/RAD_Pages/PaymentConfirmation_Page": null

2023-11-01 15:44:39 - [TEST_STEP][PASSED] - orPath_ServiceFeesAccept = "Object Repository/RAD_Pages/ServiceFeeAccept_Page": null

2023-11-01 15:44:39 - [TEST_STEP][PASSED] - selectOptionByLabel(findTestObject(orPath_Landing + "/dd_TaxType"), Taxtype, false): All options with label 'Existing Liability w/Notice Number' are selected in object 'Object Repository/RAD_Pages/Landing_Page/dd_TaxType' 

2023-11-01 15:44:40 - [MESSAGE][PASSED] - All options with label 'Existing Liability w/Notice Number' are selected in object 'Object Repository/RAD_Pages/Landing_Page/dd_TaxType' 

2023-11-01 15:44:40 - [TEST_STEP][PASSED] - delay(1): Delayed 1 second(s)

2023-11-01 15:44:41 - [MESSAGE][PASSED] - Delayed 1 second(s)

2023-11-01 15:44:41 - [TEST_STEP][PASSED] - selectOptionByLabel(findTestObject(orPath_TaxTypeFilingYear + "/select_TaxType_ExistingLiability"), TaxTypeEL, false): All options with label 'PTE Non-Electing S Corp' are selected in object 'Object Repository/RAD_Pages/TaxTypeFilingYear_Page/select_TaxType_ExistingLiability' 

2023-11-01 15:44:42 - [MESSAGE][PASSED] - All options with label 'PTE Non-Electing S Corp' are selected in object 'Object Repository/RAD_Pages/TaxTypeFilingYear_Page/select_TaxType_ExistingLiability' 

2023-11-01 15:44:42 - [TEST_STEP][PASSED] - setText(findTestObject(orPath_TaxInfo + "/input_NoticeInvoiceNumber"), notInvNumber): Text '123456789' is set on object 'Object Repository/RAD_Pages/TaxInfo_Page/input_NoticeInvoiceNumber'

2023-11-01 15:44:42 - [MESSAGE][PASSED] - Text '123456789' is set on object 'Object Repository/RAD_Pages/TaxInfo_Page/input_NoticeInvoiceNumber'

2023-11-01 15:44:42 - [TEST_STEP][PASSED] - setText(findTestObject(orPath_TaxInfo + "/input_reTypeNoticeInvoiceNumber"), notInvNumber): Text '123456789' is set on object 'Object Repository/RAD_Pages/TaxInfo_Page/input_reTypeNoticeInvoiceNumber'

2023-11-01 15:44:43 - [MESSAGE][PASSED] - Text '123456789' is set on object 'Object Repository/RAD_Pages/TaxInfo_Page/input_reTypeNoticeInvoiceNumber'

2023-11-01 15:44:43 - [TEST_STEP][PASSED] - println(notInvNumber): null

2023-11-01 15:44:43 - [TEST_STEP][PASSED] - if (verifyTextPresent(errorMsg, true)): null

2023-11-01 15:44:44 - [MESSAGE][PASSED] - Text 'Notice number length has to be 13 numeric characters' is present on page  using regular expression

2023-11-01 15:44:44 - [TEST_STEP][PASSED] - println("Error Message is present on the page"): null

2023-11-01 15:44:44 - [TEST_STEP][PASSED] - out.println("Pass Record Number: " + row): null

2023-11-01 15:44:44 - [TEST_STEP][PASSED] - resText = "Pass": null

2023-11-01 15:44:44 - [TEST_STEP][PASSED] - pages.WriteExcel.demoKey(resText, datText, resColumn, datCloumn, fileLoc, nameSheet, row): pages.WriteExcel.demoKey is PASSED

2023-11-01 15:44:44 - [MESSAGE][PASSED] - pages.WriteExcel.demoKey is PASSED

2023-11-01 15:44:44 - [TEST_STEP][PASSED] - ExecuteTC = findTestData(dataFile).getValue("Execute", row): null

2023-11-01 15:44:44 - [TEST_STEP][PASSED] - Taxtype = findTestData(dataFile).getValue("TaxType", row): null

2023-11-01 15:44:44 - [TEST_STEP][PASSED] - TaxTypeEL = findTestData(dataFile).getValue("TaxTypeEL", row): null

2023-11-01 15:44:44 - [TEST_STEP][PASSED] - notInvNumber = findTestData(dataFile).getValue("NotiInvoNumber", row): null

2023-11-01 15:44:44 - [TEST_STEP][PASSED] - errorMsg = findTestData(dataFile).getValue("ErrorMessage", row): null

2023-11-01 15:44:45 - [TEST_STEP][PASSED] - out.println("Value of Execute is : " + ExecuteTC): null

2023-11-01 15:44:45 - [TEST_STEP][PASSED] - if (ExecuteTC.equalsIgnoreCase("Y")): null

2023-11-01 15:44:45 - [TEST_STEP][PASSED] - out.println("Begin Record Number: " + row): null

2023-11-01 15:44:45 - [TEST_STEP][PASSED] - today = new java.util.Date(): null

2023-11-01 15:44:45 - [TEST_STEP][PASSED] - println(today): null

2023-11-01 15:44:45 - [TEST_STEP][PASSED] - datText = today: null

2023-11-01 15:44:45 - [TEST_STEP][PASSED] - Taxtype = findTestData(dataFile).getValue("TaxType", row): null

2023-11-01 15:44:45 - [TEST_STEP][PASSED] - out.println("Taxtype value is : " + Taxtype): null

2023-11-01 15:44:45 - [TEST_STEP][PASSED] - openBrowser(""): Browser is opened with url: ''

2023-11-01 15:44:45 - [MESSAGE][WARNING] - A browser is already opened. Closing browser and opening a new one

2023-11-01 15:44:46 - [MESSAGE][INFO] - Starting 'Chrome' driver

2023-11-01 15:44:46 - [MESSAGE][INFO] - User set preference: ['acceptInsecureCerts', 'true']

2023-11-01 15:44:46 - [MESSAGE][INFO] - Action delay is set to 0 milliseconds

2023-11-01 15:44:47 - [MESSAGE][PASSED] - Browser is opened with url: ''

2023-11-01 15:44:47 - [TEST_STEP][PASSED] - maximizeWindow(): Current window maximized

2023-11-01 15:44:47 - [MESSAGE][PASSED] - Current window maximized

2023-11-01 15:44:47 - [TEST_STEP][PASSED] - navigateToUrl(RADurl): Navigate to 'https://qa2.velocitypayment.com/client/rad/index.html' successfully

2023-11-01 15:44:49 - [MESSAGE][PASSED] - Navigate to 'https://qa2.velocitypayment.com/client/rad/index.html' successfully

2023-11-01 15:44:49 - [TEST_STEP][PASSED] - orPath_Landing = "Object Repository/RAD_Pages/Landing_Page": null

2023-11-01 15:44:49 - [TEST_STEP][PASSED] - orPath_TaxTypeFilingYear = "Object Repository/RAD_Pages/TaxTypeFilingYear_Page": null

2023-11-01 15:44:49 - [TEST_STEP][PASSED] - orPath_TaxPayer = "Object Repository/RAD_Pages/Taxpayer_Page": null

2023-11-01 15:44:49 - [TEST_STEP][PASSED] - orPath_AddressContact = "Object Repository/RAD_Pages/AddressAndContactInfo_Page": null

2023-11-01 15:44:49 - [TEST_STEP][PASSED] - orPath_FilingStatus = "Object Repository/RAD_Pages/FilingStatus_Page": null

2023-11-01 15:44:49 - [TEST_STEP][PASSED] - orPath_Amount = "Object Repository/RAD_Pages/PaymentAmount_Page": null

2023-11-01 15:44:49 - [TEST_STEP][PASSED] - orPath_TaxInfo = "Object Repository/RAD_Pages/TaxInfo_Page": null

2023-11-01 15:44:49 - [TEST_STEP][PASSED] - orPath_Withholding = "Object Repository/RAD_Pages/Withholding_Page": null

2023-11-01 15:44:49 - [TEST_STEP][PASSED] - orPath_Summary = "Object Repository/RAD_Pages/Summary_Page": null

2023-11-01 15:44:49 - [TEST_STEP][PASSED] - orPath_PaymentReady = "Object Repository/RAD_Pages/PaymentReady_Page": null

2023-11-01 15:44:49 - [TEST_STEP][PASSED] - orPath_PaymentEntry = "Object Repository/RAD_Pages/PaymentEntry_Page": null

2023-11-01 15:44:49 - [TEST_STEP][PASSED] - orPath_PaymentConfirmation = "Object Repository/RAD_Pages/PaymentConfirmation_Page": null

2023-11-01 15:44:49 - [TEST_STEP][PASSED] - orPath_ServiceFeesAccept = "Object Repository/RAD_Pages/ServiceFeeAccept_Page": null

2023-11-01 15:44:49 - [TEST_STEP][PASSED] - selectOptionByLabel(findTestObject(orPath_Landing + "/dd_TaxType"), Taxtype, false): All options with label 'Existing Liability w/Notice Number' are selected in object 'Object Repository/RAD_Pages/Landing_Page/dd_TaxType' 

2023-11-01 15:44:49 - [MESSAGE][PASSED] - All options with label 'Existing Liability w/Notice Number' are selected in object 'Object Repository/RAD_Pages/Landing_Page/dd_TaxType' 

2023-11-01 15:44:49 - [TEST_STEP][PASSED] - delay(1): Delayed 1 second(s)

2023-11-01 15:44:50 - [MESSAGE][PASSED] - Delayed 1 second(s)

2023-11-01 15:44:50 - [TEST_STEP][PASSED] - selectOptionByLabel(findTestObject(orPath_TaxTypeFilingYear + "/select_TaxType_ExistingLiability"), TaxTypeEL, false): All options with label 'Sales & Use Tax' are selected in object 'Object Repository/RAD_Pages/TaxTypeFilingYear_Page/select_TaxType_ExistingLiability' 

2023-11-01 15:44:51 - [MESSAGE][PASSED] - All options with label 'Sales & Use Tax' are selected in object 'Object Repository/RAD_Pages/TaxTypeFilingYear_Page/select_TaxType_ExistingLiability' 

2023-11-01 15:44:51 - [TEST_STEP][PASSED] - setText(findTestObject(orPath_TaxInfo + "/input_NoticeInvoiceNumber"), notInvNumber): Text '123456789' is set on object 'Object Repository/RAD_Pages/TaxInfo_Page/input_NoticeInvoiceNumber'

2023-11-01 15:44:52 - [MESSAGE][PASSED] - Text '123456789' is set on object 'Object Repository/RAD_Pages/TaxInfo_Page/input_NoticeInvoiceNumber'

2023-11-01 15:44:52 - [TEST_STEP][PASSED] - setText(findTestObject(orPath_TaxInfo + "/input_reTypeNoticeInvoiceNumber"), notInvNumber): Text '123456789' is set on object 'Object Repository/RAD_Pages/TaxInfo_Page/input_reTypeNoticeInvoiceNumber'

2023-11-01 15:44:53 - [MESSAGE][PASSED] - Text '123456789' is set on object 'Object Repository/RAD_Pages/TaxInfo_Page/input_reTypeNoticeInvoiceNumber'

2023-11-01 15:44:53 - [TEST_STEP][PASSED] - println(notInvNumber): null

2023-11-01 15:44:53 - [TEST_STEP][PASSED] - if (verifyTextPresent(errorMsg, true)): null

2023-11-01 15:44:54 - [MESSAGE][PASSED] - Text 'Notice number length has to be 13 numeric characters' is present on page  using regular expression

2023-11-01 15:44:54 - [TEST_STEP][PASSED] - println("Error Message is present on the page"): null

2023-11-01 15:44:54 - [TEST_STEP][PASSED] - out.println("Pass Record Number: " + row): null

2023-11-01 15:44:54 - [TEST_STEP][PASSED] - resText = "Pass": null

2023-11-01 15:44:54 - [TEST_STEP][PASSED] - pages.WriteExcel.demoKey(resText, datText, resColumn, datCloumn, fileLoc, nameSheet, row): pages.WriteExcel.demoKey is PASSED

2023-11-01 15:44:54 - [MESSAGE][PASSED] - pages.WriteExcel.demoKey is PASSED

2023-11-01 15:44:54 - [TEST_STEP][PASSED] - ExecuteTC = findTestData(dataFile).getValue("Execute", row): null

2023-11-01 15:44:54 - [TEST_STEP][PASSED] - Taxtype = findTestData(dataFile).getValue("TaxType", row): null

2023-11-01 15:44:54 - [TEST_STEP][PASSED] - TaxTypeEL = findTestData(dataFile).getValue("TaxTypeEL", row): null

2023-11-01 15:44:54 - [TEST_STEP][PASSED] - notInvNumber = findTestData(dataFile).getValue("NotiInvoNumber", row): null

2023-11-01 15:44:54 - [TEST_STEP][PASSED] - errorMsg = findTestData(dataFile).getValue("ErrorMessage", row): null

2023-11-01 15:44:54 - [TEST_STEP][PASSED] - out.println("Value of Execute is : " + ExecuteTC): null

2023-11-01 15:44:54 - [TEST_STEP][PASSED] - if (ExecuteTC.equalsIgnoreCase("Y")): null

2023-11-01 15:44:54 - [TEST_STEP][PASSED] - out.println("Begin Record Number: " + row): null

2023-11-01 15:44:54 - [TEST_STEP][PASSED] - today = new java.util.Date(): null

2023-11-01 15:44:54 - [TEST_STEP][PASSED] - println(today): null

2023-11-01 15:44:54 - [TEST_STEP][PASSED] - datText = today: null

2023-11-01 15:44:54 - [TEST_STEP][PASSED] - Taxtype = findTestData(dataFile).getValue("TaxType", row): null

2023-11-01 15:44:54 - [TEST_STEP][PASSED] - out.println("Taxtype value is : " + Taxtype): null

2023-11-01 15:44:54 - [TEST_STEP][PASSED] - openBrowser(""): Browser is opened with url: ''

2023-11-01 15:44:54 - [MESSAGE][WARNING] - A browser is already opened. Closing browser and opening a new one

2023-11-01 15:44:55 - [MESSAGE][INFO] - Starting 'Chrome' driver

2023-11-01 15:44:55 - [MESSAGE][INFO] - User set preference: ['acceptInsecureCerts', 'true']

2023-11-01 15:44:55 - [MESSAGE][INFO] - Action delay is set to 0 milliseconds

2023-11-01 15:44:56 - [MESSAGE][PASSED] - Browser is opened with url: ''

2023-11-01 15:44:56 - [TEST_STEP][PASSED] - maximizeWindow(): Current window maximized

2023-11-01 15:44:57 - [MESSAGE][PASSED] - Current window maximized

2023-11-01 15:44:57 - [TEST_STEP][PASSED] - navigateToUrl(RADurl): Navigate to 'https://qa2.velocitypayment.com/client/rad/index.html' successfully

2023-11-01 15:44:57 - [MESSAGE][PASSED] - Navigate to 'https://qa2.velocitypayment.com/client/rad/index.html' successfully

2023-11-01 15:44:57 - [TEST_STEP][PASSED] - orPath_Landing = "Object Repository/RAD_Pages/Landing_Page": null

2023-11-01 15:44:57 - [TEST_STEP][PASSED] - orPath_TaxTypeFilingYear = "Object Repository/RAD_Pages/TaxTypeFilingYear_Page": null

2023-11-01 15:44:57 - [TEST_STEP][PASSED] - orPath_TaxPayer = "Object Repository/RAD_Pages/Taxpayer_Page": null

2023-11-01 15:44:57 - [TEST_STEP][PASSED] - orPath_AddressContact = "Object Repository/RAD_Pages/AddressAndContactInfo_Page": null

2023-11-01 15:44:57 - [TEST_STEP][PASSED] - orPath_FilingStatus = "Object Repository/RAD_Pages/FilingStatus_Page": null

2023-11-01 15:44:57 - [TEST_STEP][PASSED] - orPath_Amount = "Object Repository/RAD_Pages/PaymentAmount_Page": null

2023-11-01 15:44:57 - [TEST_STEP][PASSED] - orPath_TaxInfo = "Object Repository/RAD_Pages/TaxInfo_Page": null

2023-11-01 15:44:57 - [TEST_STEP][PASSED] - orPath_Withholding = "Object Repository/RAD_Pages/Withholding_Page": null

2023-11-01 15:44:57 - [TEST_STEP][PASSED] - orPath_Summary = "Object Repository/RAD_Pages/Summary_Page": null

2023-11-01 15:44:57 - [TEST_STEP][PASSED] - orPath_PaymentReady = "Object Repository/RAD_Pages/PaymentReady_Page": null

2023-11-01 15:44:57 - [TEST_STEP][PASSED] - orPath_PaymentEntry = "Object Repository/RAD_Pages/PaymentEntry_Page": null

2023-11-01 15:44:57 - [TEST_STEP][PASSED] - orPath_PaymentConfirmation = "Object Repository/RAD_Pages/PaymentConfirmation_Page": null

2023-11-01 15:44:57 - [TEST_STEP][PASSED] - orPath_ServiceFeesAccept = "Object Repository/RAD_Pages/ServiceFeeAccept_Page": null

2023-11-01 15:44:57 - [TEST_STEP][PASSED] - selectOptionByLabel(findTestObject(orPath_Landing + "/dd_TaxType"), Taxtype, false): All options with label 'Existing Liability w/Notice Number' are selected in object 'Object Repository/RAD_Pages/Landing_Page/dd_TaxType' 

2023-11-01 15:44:59 - [MESSAGE][PASSED] - All options with label 'Existing Liability w/Notice Number' are selected in object 'Object Repository/RAD_Pages/Landing_Page/dd_TaxType' 

2023-11-01 15:44:59 - [TEST_STEP][PASSED] - delay(1): Delayed 1 second(s)

2023-11-01 15:45:00 - [MESSAGE][PASSED] - Delayed 1 second(s)

2023-11-01 15:45:00 - [TEST_STEP][PASSED] - selectOptionByLabel(findTestObject(orPath_TaxTypeFilingYear + "/select_TaxType_ExistingLiability"), TaxTypeEL, false): All options with label 'Tire Recycling Fee' are selected in object 'Object Repository/RAD_Pages/TaxTypeFilingYear_Page/select_TaxType_ExistingLiability' 

2023-11-01 15:45:00 - [MESSAGE][PASSED] - All options with label 'Tire Recycling Fee' are selected in object 'Object Repository/RAD_Pages/TaxTypeFilingYear_Page/select_TaxType_ExistingLiability' 

2023-11-01 15:45:00 - [TEST_STEP][PASSED] - setText(findTestObject(orPath_TaxInfo + "/input_NoticeInvoiceNumber"), notInvNumber): Text '123456789' is set on object 'Object Repository/RAD_Pages/TaxInfo_Page/input_NoticeInvoiceNumber'

2023-11-01 15:45:01 - [MESSAGE][PASSED] - Text '123456789' is set on object 'Object Repository/RAD_Pages/TaxInfo_Page/input_NoticeInvoiceNumber'

2023-11-01 15:45:01 - [TEST_STEP][PASSED] - setText(findTestObject(orPath_TaxInfo + "/input_reTypeNoticeInvoiceNumber"), notInvNumber): Text '123456789' is set on object 'Object Repository/RAD_Pages/TaxInfo_Page/input_reTypeNoticeInvoiceNumber'

2023-11-01 15:45:02 - [MESSAGE][PASSED] - Text '123456789' is set on object 'Object Repository/RAD_Pages/TaxInfo_Page/input_reTypeNoticeInvoiceNumber'

2023-11-01 15:45:02 - [TEST_STEP][PASSED] - println(notInvNumber): null

2023-11-01 15:45:02 - [TEST_STEP][PASSED] - if (verifyTextPresent(errorMsg, true)): null

2023-11-01 15:45:03 - [MESSAGE][PASSED] - Text 'Notice number length has to be 13 numeric characters' is present on page  using regular expression

2023-11-01 15:45:03 - [TEST_STEP][PASSED] - println("Error Message is present on the page"): null

2023-11-01 15:45:03 - [TEST_STEP][PASSED] - out.println("Pass Record Number: " + row): null

2023-11-01 15:45:03 - [TEST_STEP][PASSED] - resText = "Pass": null

2023-11-01 15:45:03 - [TEST_STEP][PASSED] - pages.WriteExcel.demoKey(resText, datText, resColumn, datCloumn, fileLoc, nameSheet, row): pages.WriteExcel.demoKey is PASSED

2023-11-01 15:45:03 - [MESSAGE][PASSED] - pages.WriteExcel.demoKey is PASSED

2023-11-01 15:45:03 - [TEST_STEP][PASSED] - ExecuteTC = findTestData(dataFile).getValue("Execute", row): null

2023-11-01 15:45:03 - [TEST_STEP][PASSED] - Taxtype = findTestData(dataFile).getValue("TaxType", row): null

2023-11-01 15:45:03 - [TEST_STEP][PASSED] - TaxTypeEL = findTestData(dataFile).getValue("TaxTypeEL", row): null

2023-11-01 15:45:03 - [TEST_STEP][PASSED] - notInvNumber = findTestData(dataFile).getValue("NotiInvoNumber", row): null

2023-11-01 15:45:03 - [TEST_STEP][PASSED] - errorMsg = findTestData(dataFile).getValue("ErrorMessage", row): null

2023-11-01 15:45:03 - [TEST_STEP][PASSED] - out.println("Value of Execute is : " + ExecuteTC): null

2023-11-01 15:45:03 - [TEST_STEP][PASSED] - if (ExecuteTC.equalsIgnoreCase("Y")): null

2023-11-01 15:45:03 - [TEST_STEP][PASSED] - out.println("Begin Record Number: " + row): null

2023-11-01 15:45:03 - [TEST_STEP][PASSED] - today = new java.util.Date(): null

2023-11-01 15:45:03 - [TEST_STEP][PASSED] - println(today): null

2023-11-01 15:45:03 - [TEST_STEP][PASSED] - datText = today: null

2023-11-01 15:45:03 - [TEST_STEP][PASSED] - Taxtype = findTestData(dataFile).getValue("TaxType", row): null

2023-11-01 15:45:03 - [TEST_STEP][PASSED] - out.println("Taxtype value is : " + Taxtype): null

2023-11-01 15:45:03 - [TEST_STEP][PASSED] - openBrowser(""): Browser is opened with url: ''

2023-11-01 15:45:03 - [MESSAGE][WARNING] - A browser is already opened. Closing browser and opening a new one

2023-11-01 15:45:04 - [MESSAGE][INFO] - Starting 'Chrome' driver

2023-11-01 15:45:04 - [MESSAGE][INFO] - User set preference: ['acceptInsecureCerts', 'true']

2023-11-01 15:45:04 - [MESSAGE][INFO] - Action delay is set to 0 milliseconds

2023-11-01 15:45:06 - [MESSAGE][PASSED] - Browser is opened with url: ''

2023-11-01 15:45:06 - [TEST_STEP][PASSED] - maximizeWindow(): Current window maximized

2023-11-01 15:45:06 - [MESSAGE][PASSED] - Current window maximized

2023-11-01 15:45:06 - [TEST_STEP][PASSED] - navigateToUrl(RADurl): Navigate to 'https://qa2.velocitypayment.com/client/rad/index.html' successfully

2023-11-01 15:45:07 - [MESSAGE][PASSED] - Navigate to 'https://qa2.velocitypayment.com/client/rad/index.html' successfully

2023-11-01 15:45:07 - [TEST_STEP][PASSED] - orPath_Landing = "Object Repository/RAD_Pages/Landing_Page": null

2023-11-01 15:45:07 - [TEST_STEP][PASSED] - orPath_TaxTypeFilingYear = "Object Repository/RAD_Pages/TaxTypeFilingYear_Page": null

2023-11-01 15:45:07 - [TEST_STEP][PASSED] - orPath_TaxPayer = "Object Repository/RAD_Pages/Taxpayer_Page": null

2023-11-01 15:45:07 - [TEST_STEP][PASSED] - orPath_AddressContact = "Object Repository/RAD_Pages/AddressAndContactInfo_Page": null

2023-11-01 15:45:07 - [TEST_STEP][PASSED] - orPath_FilingStatus = "Object Repository/RAD_Pages/FilingStatus_Page": null

2023-11-01 15:45:07 - [TEST_STEP][PASSED] - orPath_Amount = "Object Repository/RAD_Pages/PaymentAmount_Page": null

2023-11-01 15:45:07 - [TEST_STEP][PASSED] - orPath_TaxInfo = "Object Repository/RAD_Pages/TaxInfo_Page": null

2023-11-01 15:45:07 - [TEST_STEP][PASSED] - orPath_Withholding = "Object Repository/RAD_Pages/Withholding_Page": null

2023-11-01 15:45:07 - [TEST_STEP][PASSED] - orPath_Summary = "Object Repository/RAD_Pages/Summary_Page": null

2023-11-01 15:45:07 - [TEST_STEP][PASSED] - orPath_PaymentReady = "Object Repository/RAD_Pages/PaymentReady_Page": null

2023-11-01 15:45:07 - [TEST_STEP][PASSED] - orPath_PaymentEntry = "Object Repository/RAD_Pages/PaymentEntry_Page": null

2023-11-01 15:45:07 - [TEST_STEP][PASSED] - orPath_PaymentConfirmation = "Object Repository/RAD_Pages/PaymentConfirmation_Page": null

2023-11-01 15:45:07 - [TEST_STEP][PASSED] - orPath_ServiceFeesAccept = "Object Repository/RAD_Pages/ServiceFeeAccept_Page": null

2023-11-01 15:45:07 - [TEST_STEP][PASSED] - selectOptionByLabel(findTestObject(orPath_Landing + "/dd_TaxType"), Taxtype, false): All options with label 'Existing Liability w/Notice Number' are selected in object 'Object Repository/RAD_Pages/Landing_Page/dd_TaxType' 

2023-11-01 15:45:08 - [MESSAGE][PASSED] - All options with label 'Existing Liability w/Notice Number' are selected in object 'Object Repository/RAD_Pages/Landing_Page/dd_TaxType' 

2023-11-01 15:45:08 - [TEST_STEP][PASSED] - delay(1): Delayed 1 second(s)

2023-11-01 15:45:09 - [MESSAGE][PASSED] - Delayed 1 second(s)

2023-11-01 15:45:09 - [TEST_STEP][PASSED] - selectOptionByLabel(findTestObject(orPath_TaxTypeFilingYear + "/select_TaxType_ExistingLiability"), TaxTypeEL, false): All options with label 'Withholding Tax' are selected in object 'Object Repository/RAD_Pages/TaxTypeFilingYear_Page/select_TaxType_ExistingLiability' 

2023-11-01 15:45:10 - [MESSAGE][PASSED] - All options with label 'Withholding Tax' are selected in object 'Object Repository/RAD_Pages/TaxTypeFilingYear_Page/select_TaxType_ExistingLiability' 

2023-11-01 15:45:10 - [TEST_STEP][PASSED] - setText(findTestObject(orPath_TaxInfo + "/input_NoticeInvoiceNumber"), notInvNumber): Text '123456789' is set on object 'Object Repository/RAD_Pages/TaxInfo_Page/input_NoticeInvoiceNumber'

2023-11-01 15:45:10 - [MESSAGE][PASSED] - Text '123456789' is set on object 'Object Repository/RAD_Pages/TaxInfo_Page/input_NoticeInvoiceNumber'

2023-11-01 15:45:10 - [TEST_STEP][PASSED] - setText(findTestObject(orPath_TaxInfo + "/input_reTypeNoticeInvoiceNumber"), notInvNumber): Text '123456789' is set on object 'Object Repository/RAD_Pages/TaxInfo_Page/input_reTypeNoticeInvoiceNumber'

2023-11-01 15:45:11 - [MESSAGE][PASSED] - Text '123456789' is set on object 'Object Repository/RAD_Pages/TaxInfo_Page/input_reTypeNoticeInvoiceNumber'

2023-11-01 15:45:11 - [TEST_STEP][PASSED] - println(notInvNumber): null

2023-11-01 15:45:11 - [TEST_STEP][PASSED] - if (verifyTextPresent(errorMsg, true)): null

2023-11-01 15:45:12 - [MESSAGE][PASSED] - Text 'Notice number length has to be 13 numeric characters' is present on page  using regular expression

2023-11-01 15:45:12 - [TEST_STEP][PASSED] - println("Error Message is present on the page"): null

2023-11-01 15:45:12 - [TEST_STEP][PASSED] - out.println("Pass Record Number: " + row): null

2023-11-01 15:45:12 - [TEST_STEP][PASSED] - resText = "Pass": null

2023-11-01 15:45:12 - [TEST_STEP][PASSED] - pages.WriteExcel.demoKey(resText, datText, resColumn, datCloumn, fileLoc, nameSheet, row): pages.WriteExcel.demoKey is PASSED

2023-11-01 15:45:12 - [MESSAGE][PASSED] - pages.WriteExcel.demoKey is PASSED

2023-11-01 15:45:12 - [TEST_STEP][PASSED] - ExecuteTC = findTestData(dataFile).getValue("Execute", row): null

2023-11-01 15:45:12 - [TEST_STEP][PASSED] - Taxtype = findTestData(dataFile).getValue("TaxType", row): null

2023-11-01 15:45:12 - [TEST_STEP][PASSED] - TaxTypeEL = findTestData(dataFile).getValue("TaxTypeEL", row): null

2023-11-01 15:45:12 - [TEST_STEP][PASSED] - notInvNumber = findTestData(dataFile).getValue("NotiInvoNumber", row): null

2023-11-01 15:45:12 - [TEST_STEP][PASSED] - errorMsg = findTestData(dataFile).getValue("ErrorMessage", row): null

2023-11-01 15:45:12 - [TEST_STEP][PASSED] - out.println("Value of Execute is : " + ExecuteTC): null

2023-11-01 15:45:12 - [TEST_STEP][PASSED] - if (ExecuteTC.equalsIgnoreCase("Y")): null

2023-11-01 15:45:12 - [TEST_STEP][PASSED] - out.println("Begin Record Number: " + row): null

2023-11-01 15:45:12 - [TEST_STEP][PASSED] - today = new java.util.Date(): null

2023-11-01 15:45:12 - [TEST_STEP][PASSED] - println(today): null

2023-11-01 15:45:12 - [TEST_STEP][PASSED] - datText = today: null

2023-11-01 15:45:12 - [TEST_STEP][PASSED] - Taxtype = findTestData(dataFile).getValue("TaxType", row): null

2023-11-01 15:45:12 - [TEST_STEP][PASSED] - out.println("Taxtype value is : " + Taxtype): null

2023-11-01 15:45:12 - [TEST_STEP][PASSED] - openBrowser(""): Browser is opened with url: ''

2023-11-01 15:45:12 - [MESSAGE][WARNING] - A browser is already opened. Closing browser and opening a new one

2023-11-01 15:45:13 - [MESSAGE][INFO] - Starting 'Chrome' driver

2023-11-01 15:45:13 - [MESSAGE][INFO] - User set preference: ['acceptInsecureCerts', 'true']

2023-11-01 15:45:13 - [MESSAGE][INFO] - Action delay is set to 0 milliseconds

2023-11-01 15:45:15 - [MESSAGE][PASSED] - Browser is opened with url: ''

2023-11-01 15:45:15 - [TEST_STEP][PASSED] - maximizeWindow(): Current window maximized

2023-11-01 15:45:15 - [MESSAGE][PASSED] - Current window maximized

2023-11-01 15:45:15 - [TEST_STEP][PASSED] - navigateToUrl(RADurl): Navigate to 'https://qa2.velocitypayment.com/client/rad/index.html' successfully

2023-11-01 15:45:16 - [MESSAGE][PASSED] - Navigate to 'https://qa2.velocitypayment.com/client/rad/index.html' successfully

2023-11-01 15:45:16 - [TEST_STEP][PASSED] - orPath_Landing = "Object Repository/RAD_Pages/Landing_Page": null

2023-11-01 15:45:16 - [TEST_STEP][PASSED] - orPath_TaxTypeFilingYear = "Object Repository/RAD_Pages/TaxTypeFilingYear_Page": null

2023-11-01 15:45:16 - [TEST_STEP][PASSED] - orPath_TaxPayer = "Object Repository/RAD_Pages/Taxpayer_Page": null

2023-11-01 15:45:16 - [TEST_STEP][PASSED] - orPath_AddressContact = "Object Repository/RAD_Pages/AddressAndContactInfo_Page": null

2023-11-01 15:45:16 - [TEST_STEP][PASSED] - orPath_FilingStatus = "Object Repository/RAD_Pages/FilingStatus_Page": null

2023-11-01 15:45:16 - [TEST_STEP][PASSED] - orPath_Amount = "Object Repository/RAD_Pages/PaymentAmount_Page": null

2023-11-01 15:45:16 - [TEST_STEP][PASSED] - orPath_TaxInfo = "Object Repository/RAD_Pages/TaxInfo_Page": null

2023-11-01 15:45:16 - [TEST_STEP][PASSED] - orPath_Withholding = "Object Repository/RAD_Pages/Withholding_Page": null

2023-11-01 15:45:16 - [TEST_STEP][PASSED] - orPath_Summary = "Object Repository/RAD_Pages/Summary_Page": null

2023-11-01 15:45:16 - [TEST_STEP][PASSED] - orPath_PaymentReady = "Object Repository/RAD_Pages/PaymentReady_Page": null

2023-11-01 15:45:16 - [TEST_STEP][PASSED] - orPath_PaymentEntry = "Object Repository/RAD_Pages/PaymentEntry_Page": null

2023-11-01 15:45:16 - [TEST_STEP][PASSED] - orPath_PaymentConfirmation = "Object Repository/RAD_Pages/PaymentConfirmation_Page": null

2023-11-01 15:45:16 - [TEST_STEP][PASSED] - orPath_ServiceFeesAccept = "Object Repository/RAD_Pages/ServiceFeeAccept_Page": null

2023-11-01 15:45:16 - [TEST_STEP][PASSED] - selectOptionByLabel(findTestObject(orPath_Landing + "/dd_TaxType"), Taxtype, false): All options with label 'Existing Liability w/Notice Number' are selected in object 'Object Repository/RAD_Pages/Landing_Page/dd_TaxType' 

2023-11-01 15:45:17 - [MESSAGE][PASSED] - All options with label 'Existing Liability w/Notice Number' are selected in object 'Object Repository/RAD_Pages/Landing_Page/dd_TaxType' 

2023-11-01 15:45:17 - [TEST_STEP][PASSED] - delay(1): Delayed 1 second(s)

2023-11-01 15:45:18 - [MESSAGE][PASSED] - Delayed 1 second(s)

2023-11-01 15:45:18 - [TEST_STEP][PASSED] - selectOptionByLabel(findTestObject(orPath_TaxTypeFilingYear + "/select_TaxType_ExistingLiability"), TaxTypeEL, false): All options with label 'Alcohol Tax' are selected in object 'Object Repository/RAD_Pages/TaxTypeFilingYear_Page/select_TaxType_ExistingLiability' 

2023-11-01 15:45:19 - [MESSAGE][PASSED] - All options with label 'Alcohol Tax' are selected in object 'Object Repository/RAD_Pages/TaxTypeFilingYear_Page/select_TaxType_ExistingLiability' 

2023-11-01 15:45:19 - [TEST_STEP][PASSED] - setText(findTestObject(orPath_TaxInfo + "/input_NoticeInvoiceNumber"), notInvNumber): Text '123456789' is set on object 'Object Repository/RAD_Pages/TaxInfo_Page/input_NoticeInvoiceNumber'

2023-11-01 15:45:20 - [MESSAGE][PASSED] - Text '123456789' is set on object 'Object Repository/RAD_Pages/TaxInfo_Page/input_NoticeInvoiceNumber'

2023-11-01 15:45:20 - [TEST_STEP][PASSED] - setText(findTestObject(orPath_TaxInfo + "/input_reTypeNoticeInvoiceNumber"), notInvNumber): Text '123456789' is set on object 'Object Repository/RAD_Pages/TaxInfo_Page/input_reTypeNoticeInvoiceNumber'

2023-11-01 15:45:21 - [MESSAGE][PASSED] - Text '123456789' is set on object 'Object Repository/RAD_Pages/TaxInfo_Page/input_reTypeNoticeInvoiceNumber'

2023-11-01 15:45:21 - [TEST_STEP][PASSED] - println(notInvNumber): null

2023-11-01 15:45:21 - [TEST_STEP][PASSED] - if (verifyTextPresent(errorMsg, true)): null

2023-11-01 15:45:21 - [MESSAGE][PASSED] - Text 'Invoice number length has to be 10 or 13 numeric characters' is present on page  using regular expression

2023-11-01 15:45:21 - [TEST_STEP][PASSED] - println("Error Message is present on the page"): null

2023-11-01 15:45:21 - [TEST_STEP][PASSED] - out.println("Pass Record Number: " + row): null

2023-11-01 15:45:21 - [TEST_STEP][PASSED] - resText = "Pass": null

2023-11-01 15:45:21 - [TEST_STEP][PASSED] - pages.WriteExcel.demoKey(resText, datText, resColumn, datCloumn, fileLoc, nameSheet, row): pages.WriteExcel.demoKey is PASSED

2023-11-01 15:45:21 - [MESSAGE][PASSED] - pages.WriteExcel.demoKey is PASSED

2023-11-01 15:45:21 - [TEST_STEP][PASSED] - ExecuteTC = findTestData(dataFile).getValue("Execute", row): null

2023-11-01 15:45:21 - [TEST_STEP][PASSED] - Taxtype = findTestData(dataFile).getValue("TaxType", row): null

2023-11-01 15:45:21 - [TEST_STEP][PASSED] - TaxTypeEL = findTestData(dataFile).getValue("TaxTypeEL", row): null

2023-11-01 15:45:21 - [TEST_STEP][PASSED] - notInvNumber = findTestData(dataFile).getValue("NotiInvoNumber", row): null

2023-11-01 15:45:21 - [TEST_STEP][PASSED] - errorMsg = findTestData(dataFile).getValue("ErrorMessage", row): null

2023-11-01 15:45:21 - [TEST_STEP][PASSED] - out.println("Value of Execute is : " + ExecuteTC): null

2023-11-01 15:45:21 - [TEST_STEP][PASSED] - if (ExecuteTC.equalsIgnoreCase("Y")): null

2023-11-01 15:45:21 - [TEST_STEP][PASSED] - out.println("Begin Record Number: " + row): null

2023-11-01 15:45:21 - [TEST_STEP][PASSED] - today = new java.util.Date(): null

2023-11-01 15:45:21 - [TEST_STEP][PASSED] - println(today): null

2023-11-01 15:45:21 - [TEST_STEP][PASSED] - datText = today: null

2023-11-01 15:45:21 - [TEST_STEP][PASSED] - Taxtype = findTestData(dataFile).getValue("TaxType", row): null

2023-11-01 15:45:21 - [TEST_STEP][PASSED] - out.println("Taxtype value is : " + Taxtype): null

2023-11-01 15:45:21 - [TEST_STEP][PASSED] - openBrowser(""): Browser is opened with url: ''

2023-11-01 15:45:21 - [MESSAGE][WARNING] - A browser is already opened. Closing browser and opening a new one

2023-11-01 15:45:22 - [MESSAGE][INFO] - Starting 'Chrome' driver

2023-11-01 15:45:22 - [MESSAGE][INFO] - User set preference: ['acceptInsecureCerts', 'true']

2023-11-01 15:45:22 - [MESSAGE][INFO] - Action delay is set to 0 milliseconds

2023-11-01 15:45:24 - [MESSAGE][PASSED] - Browser is opened with url: ''

2023-11-01 15:45:24 - [TEST_STEP][PASSED] - maximizeWindow(): Current window maximized

2023-11-01 15:45:24 - [MESSAGE][PASSED] - Current window maximized

2023-11-01 15:45:24 - [TEST_STEP][PASSED] - navigateToUrl(RADurl): Navigate to 'https://qa2.velocitypayment.com/client/rad/index.html' successfully

2023-11-01 15:45:26 - [MESSAGE][PASSED] - Navigate to 'https://qa2.velocitypayment.com/client/rad/index.html' successfully

2023-11-01 15:45:26 - [TEST_STEP][PASSED] - orPath_Landing = "Object Repository/RAD_Pages/Landing_Page": null

2023-11-01 15:45:26 - [TEST_STEP][PASSED] - orPath_TaxTypeFilingYear = "Object Repository/RAD_Pages/TaxTypeFilingYear_Page": null

2023-11-01 15:45:26 - [TEST_STEP][PASSED] - orPath_TaxPayer = "Object Repository/RAD_Pages/Taxpayer_Page": null

2023-11-01 15:45:26 - [TEST_STEP][PASSED] - orPath_AddressContact = "Object Repository/RAD_Pages/AddressAndContactInfo_Page": null

2023-11-01 15:45:26 - [TEST_STEP][PASSED] - orPath_FilingStatus = "Object Repository/RAD_Pages/FilingStatus_Page": null

2023-11-01 15:45:26 - [TEST_STEP][PASSED] - orPath_Amount = "Object Repository/RAD_Pages/PaymentAmount_Page": null

2023-11-01 15:45:26 - [TEST_STEP][PASSED] - orPath_TaxInfo = "Object Repository/RAD_Pages/TaxInfo_Page": null

2023-11-01 15:45:26 - [TEST_STEP][PASSED] - orPath_Withholding = "Object Repository/RAD_Pages/Withholding_Page": null

2023-11-01 15:45:26 - [TEST_STEP][PASSED] - orPath_Summary = "Object Repository/RAD_Pages/Summary_Page": null

2023-11-01 15:45:26 - [TEST_STEP][PASSED] - orPath_PaymentReady = "Object Repository/RAD_Pages/PaymentReady_Page": null

2023-11-01 15:45:26 - [TEST_STEP][PASSED] - orPath_PaymentEntry = "Object Repository/RAD_Pages/PaymentEntry_Page": null

2023-11-01 15:45:26 - [TEST_STEP][PASSED] - orPath_PaymentConfirmation = "Object Repository/RAD_Pages/PaymentConfirmation_Page": null

2023-11-01 15:45:26 - [TEST_STEP][PASSED] - orPath_ServiceFeesAccept = "Object Repository/RAD_Pages/ServiceFeeAccept_Page": null

2023-11-01 15:45:26 - [TEST_STEP][PASSED] - selectOptionByLabel(findTestObject(orPath_Landing + "/dd_TaxType"), Taxtype, false): All options with label 'Existing Liability w/Notice Number' are selected in object 'Object Repository/RAD_Pages/Landing_Page/dd_TaxType' 

2023-11-01 15:45:26 - [MESSAGE][PASSED] - All options with label 'Existing Liability w/Notice Number' are selected in object 'Object Repository/RAD_Pages/Landing_Page/dd_TaxType' 

2023-11-01 15:45:26 - [TEST_STEP][PASSED] - delay(1): Delayed 1 second(s)

2023-11-01 15:45:27 - [MESSAGE][PASSED] - Delayed 1 second(s)

2023-11-01 15:45:27 - [TEST_STEP][PASSED] - selectOptionByLabel(findTestObject(orPath_TaxTypeFilingYear + "/select_TaxType_ExistingLiability"), TaxTypeEL, false): All options with label 'Alcohol Tax' are selected in object 'Object Repository/RAD_Pages/TaxTypeFilingYear_Page/select_TaxType_ExistingLiability' 

2023-11-01 15:45:28 - [MESSAGE][PASSED] - All options with label 'Alcohol Tax' are selected in object 'Object Repository/RAD_Pages/TaxTypeFilingYear_Page/select_TaxType_ExistingLiability' 

2023-11-01 15:45:28 - [TEST_STEP][PASSED] - setText(findTestObject(orPath_TaxInfo + "/input_NoticeInvoiceNumber"), notInvNumber): Text '12345678901' is set on object 'Object Repository/RAD_Pages/TaxInfo_Page/input_NoticeInvoiceNumber'

2023-11-01 15:45:29 - [MESSAGE][PASSED] - Text '12345678901' is set on object 'Object Repository/RAD_Pages/TaxInfo_Page/input_NoticeInvoiceNumber'

2023-11-01 15:45:29 - [TEST_STEP][PASSED] - setText(findTestObject(orPath_TaxInfo + "/input_reTypeNoticeInvoiceNumber"), notInvNumber): Text '12345678901' is set on object 'Object Repository/RAD_Pages/TaxInfo_Page/input_reTypeNoticeInvoiceNumber'

2023-11-01 15:45:30 - [MESSAGE][PASSED] - Text '12345678901' is set on object 'Object Repository/RAD_Pages/TaxInfo_Page/input_reTypeNoticeInvoiceNumber'

2023-11-01 15:45:30 - [TEST_STEP][PASSED] - println(notInvNumber): null

2023-11-01 15:45:30 - [TEST_STEP][PASSED] - if (verifyTextPresent(errorMsg, true)): null

2023-11-01 15:45:30 - [MESSAGE][PASSED] - Text 'Invoice number length has to be 10 or 13 numeric characters' is present on page  using regular expression

2023-11-01 15:45:30 - [TEST_STEP][PASSED] - println("Error Message is present on the page"): null

2023-11-01 15:45:30 - [TEST_STEP][PASSED] - out.println("Pass Record Number: " + row): null

2023-11-01 15:45:30 - [TEST_STEP][PASSED] - resText = "Pass": null

2023-11-01 15:45:30 - [TEST_STEP][PASSED] - pages.WriteExcel.demoKey(resText, datText, resColumn, datCloumn, fileLoc, nameSheet, row): pages.WriteExcel.demoKey is PASSED

2023-11-01 15:45:30 - [MESSAGE][PASSED] - pages.WriteExcel.demoKey is PASSED

2023-11-01 15:45:30 - [TEST_STEP][PASSED] - ExecuteTC = findTestData(dataFile).getValue("Execute", row): null

2023-11-01 15:45:30 - [TEST_STEP][PASSED] - Taxtype = findTestData(dataFile).getValue("TaxType", row): null

2023-11-01 15:45:30 - [TEST_STEP][PASSED] - TaxTypeEL = findTestData(dataFile).getValue("TaxTypeEL", row): null

2023-11-01 15:45:30 - [TEST_STEP][PASSED] - notInvNumber = findTestData(dataFile).getValue("NotiInvoNumber", row): null

2023-11-01 15:45:30 - [TEST_STEP][PASSED] - errorMsg = findTestData(dataFile).getValue("ErrorMessage", row): null

2023-11-01 15:45:30 - [TEST_STEP][PASSED] - out.println("Value of Execute is : " + ExecuteTC): null

2023-11-01 15:45:30 - [TEST_STEP][PASSED] - if (ExecuteTC.equalsIgnoreCase("Y")): null

2023-11-01 15:45:30 - [TEST_STEP][PASSED] - out.println("Begin Record Number: " + row): null

2023-11-01 15:45:30 - [TEST_STEP][PASSED] - today = new java.util.Date(): null

2023-11-01 15:45:30 - [TEST_STEP][PASSED] - println(today): null

2023-11-01 15:45:30 - [TEST_STEP][PASSED] - datText = today: null

2023-11-01 15:45:30 - [TEST_STEP][PASSED] - Taxtype = findTestData(dataFile).getValue("TaxType", row): null

2023-11-01 15:45:31 - [TEST_STEP][PASSED] - out.println("Taxtype value is : " + Taxtype): null

2023-11-01 15:45:31 - [TEST_STEP][PASSED] - openBrowser(""): Browser is opened with url: ''

2023-11-01 15:45:31 - [MESSAGE][WARNING] - A browser is already opened. Closing browser and opening a new one

2023-11-01 15:45:31 - [MESSAGE][INFO] - Starting 'Chrome' driver

2023-11-01 15:45:31 - [MESSAGE][INFO] - User set preference: ['acceptInsecureCerts', 'true']

2023-11-01 15:45:31 - [MESSAGE][INFO] - Action delay is set to 0 milliseconds

2023-11-01 15:45:33 - [MESSAGE][PASSED] - Browser is opened with url: ''

2023-11-01 15:45:33 - [TEST_STEP][PASSED] - maximizeWindow(): Current window maximized

2023-11-01 15:45:33 - [MESSAGE][PASSED] - Current window maximized

2023-11-01 15:45:33 - [TEST_STEP][PASSED] - navigateToUrl(RADurl): Navigate to 'https://qa2.velocitypayment.com/client/rad/index.html' successfully

2023-11-01 15:45:35 - [MESSAGE][PASSED] - Navigate to 'https://qa2.velocitypayment.com/client/rad/index.html' successfully

2023-11-01 15:45:35 - [TEST_STEP][PASSED] - orPath_Landing = "Object Repository/RAD_Pages/Landing_Page": null

2023-11-01 15:45:35 - [TEST_STEP][PASSED] - orPath_TaxTypeFilingYear = "Object Repository/RAD_Pages/TaxTypeFilingYear_Page": null

2023-11-01 15:45:35 - [TEST_STEP][PASSED] - orPath_TaxPayer = "Object Repository/RAD_Pages/Taxpayer_Page": null

2023-11-01 15:45:35 - [TEST_STEP][PASSED] - orPath_AddressContact = "Object Repository/RAD_Pages/AddressAndContactInfo_Page": null

2023-11-01 15:45:35 - [TEST_STEP][PASSED] - orPath_FilingStatus = "Object Repository/RAD_Pages/FilingStatus_Page": null

2023-11-01 15:45:35 - [TEST_STEP][PASSED] - orPath_Amount = "Object Repository/RAD_Pages/PaymentAmount_Page": null

2023-11-01 15:45:35 - [TEST_STEP][PASSED] - orPath_TaxInfo = "Object Repository/RAD_Pages/TaxInfo_Page": null

2023-11-01 15:45:35 - [TEST_STEP][PASSED] - orPath_Withholding = "Object Repository/RAD_Pages/Withholding_Page": null

2023-11-01 15:45:35 - [TEST_STEP][PASSED] - orPath_Summary = "Object Repository/RAD_Pages/Summary_Page": null

2023-11-01 15:45:35 - [TEST_STEP][PASSED] - orPath_PaymentReady = "Object Repository/RAD_Pages/PaymentReady_Page": null

2023-11-01 15:45:35 - [TEST_STEP][PASSED] - orPath_PaymentEntry = "Object Repository/RAD_Pages/PaymentEntry_Page": null

2023-11-01 15:45:35 - [TEST_STEP][PASSED] - orPath_PaymentConfirmation = "Object Repository/RAD_Pages/PaymentConfirmation_Page": null

2023-11-01 15:45:35 - [TEST_STEP][PASSED] - orPath_ServiceFeesAccept = "Object Repository/RAD_Pages/ServiceFeeAccept_Page": null

2023-11-01 15:45:35 - [TEST_STEP][PASSED] - selectOptionByLabel(findTestObject(orPath_Landing + "/dd_TaxType"), Taxtype, false): All options with label 'Existing Liability w/Notice Number' are selected in object 'Object Repository/RAD_Pages/Landing_Page/dd_TaxType' 

2023-11-01 15:45:35 - [MESSAGE][PASSED] - All options with label 'Existing Liability w/Notice Number' are selected in object 'Object Repository/RAD_Pages/Landing_Page/dd_TaxType' 

2023-11-01 15:45:35 - [TEST_STEP][PASSED] - delay(1): Delayed 1 second(s)

2023-11-01 15:45:36 - [MESSAGE][PASSED] - Delayed 1 second(s)

2023-11-01 15:45:36 - [TEST_STEP][PASSED] - selectOptionByLabel(findTestObject(orPath_TaxTypeFilingYear + "/select_TaxType_ExistingLiability"), TaxTypeEL, false): All options with label 'Alcohol Tax' are selected in object 'Object Repository/RAD_Pages/TaxTypeFilingYear_Page/select_TaxType_ExistingLiability' 

2023-11-01 15:45:37 - [MESSAGE][PASSED] - All options with label 'Alcohol Tax' are selected in object 'Object Repository/RAD_Pages/TaxTypeFilingYear_Page/select_TaxType_ExistingLiability' 

2023-11-01 15:45:37 - [TEST_STEP][PASSED] - setText(findTestObject(orPath_TaxInfo + "/input_NoticeInvoiceNumber"), notInvNumber): Text '123456789012' is set on object 'Object Repository/RAD_Pages/TaxInfo_Page/input_NoticeInvoiceNumber'

2023-11-01 15:45:38 - [MESSAGE][PASSED] - Text '123456789012' is set on object 'Object Repository/RAD_Pages/TaxInfo_Page/input_NoticeInvoiceNumber'

2023-11-01 15:45:38 - [TEST_STEP][PASSED] - setText(findTestObject(orPath_TaxInfo + "/input_reTypeNoticeInvoiceNumber"), notInvNumber): Text '123456789012' is set on object 'Object Repository/RAD_Pages/TaxInfo_Page/input_reTypeNoticeInvoiceNumber'

2023-11-01 15:45:39 - [MESSAGE][PASSED] - Text '123456789012' is set on object 'Object Repository/RAD_Pages/TaxInfo_Page/input_reTypeNoticeInvoiceNumber'

2023-11-01 15:45:39 - [TEST_STEP][PASSED] - println(notInvNumber): null

2023-11-01 15:45:39 - [TEST_STEP][PASSED] - if (verifyTextPresent(errorMsg, true)): null

2023-11-01 15:45:39 - [MESSAGE][PASSED] - Text 'Invoice number length has to be 10 or 13 numeric characters' is present on page  using regular expression

2023-11-01 15:45:39 - [TEST_STEP][PASSED] - println("Error Message is present on the page"): null

2023-11-01 15:45:39 - [TEST_STEP][PASSED] - out.println("Pass Record Number: " + row): null

2023-11-01 15:45:39 - [TEST_STEP][PASSED] - resText = "Pass": null

2023-11-01 15:45:39 - [TEST_STEP][PASSED] - pages.WriteExcel.demoKey(resText, datText, resColumn, datCloumn, fileLoc, nameSheet, row): pages.WriteExcel.demoKey is PASSED

2023-11-01 15:45:39 - [MESSAGE][PASSED] - pages.WriteExcel.demoKey is PASSED

2023-11-01 15:45:39 - [TEST_STEP][PASSED] - ExecuteTC = findTestData(dataFile).getValue("Execute", row): null

2023-11-01 15:45:39 - [TEST_STEP][PASSED] - Taxtype = findTestData(dataFile).getValue("TaxType", row): null

2023-11-01 15:45:40 - [TEST_STEP][PASSED] - TaxTypeEL = findTestData(dataFile).getValue("TaxTypeEL", row): null

2023-11-01 15:45:40 - [TEST_STEP][PASSED] - notInvNumber = findTestData(dataFile).getValue("NotiInvoNumber", row): null

2023-11-01 15:45:40 - [TEST_STEP][PASSED] - errorMsg = findTestData(dataFile).getValue("ErrorMessage", row): null

2023-11-01 15:45:40 - [TEST_STEP][PASSED] - out.println("Value of Execute is : " + ExecuteTC): null

2023-11-01 15:45:40 - [TEST_STEP][PASSED] - if (ExecuteTC.equalsIgnoreCase("Y")): null

2023-11-01 15:45:40 - [TEST_STEP][PASSED] - out.println("Begin Record Number: " + row): null

2023-11-01 15:45:40 - [TEST_STEP][PASSED] - today = new java.util.Date(): null

2023-11-01 15:45:40 - [TEST_STEP][PASSED] - println(today): null

2023-11-01 15:45:40 - [TEST_STEP][PASSED] - datText = today: null

2023-11-01 15:45:40 - [TEST_STEP][PASSED] - Taxtype = findTestData(dataFile).getValue("TaxType", row): null

2023-11-01 15:45:40 - [TEST_STEP][PASSED] - out.println("Taxtype value is : " + Taxtype): null

2023-11-01 15:45:40 - [TEST_STEP][PASSED] - openBrowser(""): Browser is opened with url: ''

2023-11-01 15:45:40 - [MESSAGE][WARNING] - A browser is already opened. Closing browser and opening a new one

2023-11-01 15:45:41 - [MESSAGE][INFO] - Starting 'Chrome' driver

2023-11-01 15:45:41 - [MESSAGE][INFO] - User set preference: ['acceptInsecureCerts', 'true']

2023-11-01 15:45:41 - [MESSAGE][INFO] - Action delay is set to 0 milliseconds

2023-11-01 15:45:42 - [MESSAGE][PASSED] - Browser is opened with url: ''

2023-11-01 15:45:42 - [TEST_STEP][PASSED] - maximizeWindow(): Current window maximized

2023-11-01 15:45:42 - [MESSAGE][PASSED] - Current window maximized

2023-11-01 15:45:42 - [TEST_STEP][PASSED] - navigateToUrl(RADurl): Navigate to 'https://qa2.velocitypayment.com/client/rad/index.html' successfully

2023-11-01 15:45:44 - [MESSAGE][PASSED] - Navigate to 'https://qa2.velocitypayment.com/client/rad/index.html' successfully

2023-11-01 15:45:44 - [TEST_STEP][PASSED] - orPath_Landing = "Object Repository/RAD_Pages/Landing_Page": null

2023-11-01 15:45:44 - [TEST_STEP][PASSED] - orPath_TaxTypeFilingYear = "Object Repository/RAD_Pages/TaxTypeFilingYear_Page": null

2023-11-01 15:45:44 - [TEST_STEP][PASSED] - orPath_TaxPayer = "Object Repository/RAD_Pages/Taxpayer_Page": null

2023-11-01 15:45:44 - [TEST_STEP][PASSED] - orPath_AddressContact = "Object Repository/RAD_Pages/AddressAndContactInfo_Page": null

2023-11-01 15:45:44 - [TEST_STEP][PASSED] - orPath_FilingStatus = "Object Repository/RAD_Pages/FilingStatus_Page": null

2023-11-01 15:45:44 - [TEST_STEP][PASSED] - orPath_Amount = "Object Repository/RAD_Pages/PaymentAmount_Page": null

2023-11-01 15:45:44 - [TEST_STEP][PASSED] - orPath_TaxInfo = "Object Repository/RAD_Pages/TaxInfo_Page": null

2023-11-01 15:45:44 - [TEST_STEP][PASSED] - orPath_Withholding = "Object Repository/RAD_Pages/Withholding_Page": null

2023-11-01 15:45:44 - [TEST_STEP][PASSED] - orPath_Summary = "Object Repository/RAD_Pages/Summary_Page": null

2023-11-01 15:45:44 - [TEST_STEP][PASSED] - orPath_PaymentReady = "Object Repository/RAD_Pages/PaymentReady_Page": null

2023-11-01 15:45:44 - [TEST_STEP][PASSED] - orPath_PaymentEntry = "Object Repository/RAD_Pages/PaymentEntry_Page": null

2023-11-01 15:45:44 - [TEST_STEP][PASSED] - orPath_PaymentConfirmation = "Object Repository/RAD_Pages/PaymentConfirmation_Page": null

2023-11-01 15:45:44 - [TEST_STEP][PASSED] - orPath_ServiceFeesAccept = "Object Repository/RAD_Pages/ServiceFeeAccept_Page": null

2023-11-01 15:45:44 - [TEST_STEP][PASSED] - selectOptionByLabel(findTestObject(orPath_Landing + "/dd_TaxType"), Taxtype, false): All options with label 'Existing Liability w/Notice Number' are selected in object 'Object Repository/RAD_Pages/Landing_Page/dd_TaxType' 

2023-11-01 15:45:44 - [MESSAGE][PASSED] - All options with label 'Existing Liability w/Notice Number' are selected in object 'Object Repository/RAD_Pages/Landing_Page/dd_TaxType' 

2023-11-01 15:45:44 - [TEST_STEP][PASSED] - delay(1): Delayed 1 second(s)

2023-11-01 15:45:45 - [MESSAGE][PASSED] - Delayed 1 second(s)

2023-11-01 15:45:45 - [TEST_STEP][PASSED] - selectOptionByLabel(findTestObject(orPath_TaxTypeFilingYear + "/select_TaxType_ExistingLiability"), TaxTypeEL, false): All options with label 'PTE Tax Electing Non-S Corp' are selected in object 'Object Repository/RAD_Pages/TaxTypeFilingYear_Page/select_TaxType_ExistingLiability' 

2023-11-01 15:45:46 - [MESSAGE][PASSED] - All options with label 'PTE Tax Electing Non-S Corp' are selected in object 'Object Repository/RAD_Pages/TaxTypeFilingYear_Page/select_TaxType_ExistingLiability' 

2023-11-01 15:45:46 - [TEST_STEP][PASSED] - setText(findTestObject(orPath_TaxInfo + "/input_NoticeInvoiceNumber"), notInvNumber): Text '123456789' is set on object 'Object Repository/RAD_Pages/TaxInfo_Page/input_NoticeInvoiceNumber'

2023-11-01 15:45:47 - [MESSAGE][PASSED] - Text '123456789' is set on object 'Object Repository/RAD_Pages/TaxInfo_Page/input_NoticeInvoiceNumber'

2023-11-01 15:45:47 - [TEST_STEP][PASSED] - setText(findTestObject(orPath_TaxInfo + "/input_reTypeNoticeInvoiceNumber"), notInvNumber): Text '123456789' is set on object 'Object Repository/RAD_Pages/TaxInfo_Page/input_reTypeNoticeInvoiceNumber'

2023-11-01 15:45:48 - [MESSAGE][PASSED] - Text '123456789' is set on object 'Object Repository/RAD_Pages/TaxInfo_Page/input_reTypeNoticeInvoiceNumber'

2023-11-01 15:45:48 - [TEST_STEP][PASSED] - println(notInvNumber): null

2023-11-01 15:45:48 - [TEST_STEP][PASSED] - if (verifyTextPresent(errorMsg, true)): null

2023-11-01 15:45:48 - [MESSAGE][PASSED] - Text 'Notice number length has to be 13 numeric characters' is present on page  using regular expression

2023-11-01 15:45:48 - [TEST_STEP][PASSED] - println("Error Message is present on the page"): null

2023-11-01 15:45:48 - [TEST_STEP][PASSED] - out.println("Pass Record Number: " + row): null

2023-11-01 15:45:48 - [TEST_STEP][PASSED] - resText = "Pass": null

2023-11-01 15:45:48 - [TEST_STEP][PASSED] - pages.WriteExcel.demoKey(resText, datText, resColumn, datCloumn, fileLoc, nameSheet, row): pages.WriteExcel.demoKey is PASSED

2023-11-01 15:45:48 - [MESSAGE][PASSED] - pages.WriteExcel.demoKey is PASSED

2023-11-01 15:45:49 - [TEST_STEP][PASSED] - ExecuteTC = findTestData(dataFile).getValue("Execute", row): null

2023-11-01 15:45:49 - [TEST_STEP][PASSED] - Taxtype = findTestData(dataFile).getValue("TaxType", row): null

2023-11-01 15:45:49 - [TEST_STEP][PASSED] - TaxTypeEL = findTestData(dataFile).getValue("TaxTypeEL", row): null

2023-11-01 15:45:49 - [TEST_STEP][PASSED] - notInvNumber = findTestData(dataFile).getValue("NotiInvoNumber", row): null

2023-11-01 15:45:49 - [TEST_STEP][PASSED] - errorMsg = findTestData(dataFile).getValue("ErrorMessage", row): null

2023-11-01 15:45:49 - [TEST_STEP][PASSED] - out.println("Value of Execute is : " + ExecuteTC): null

2023-11-01 15:45:49 - [TEST_STEP][PASSED] - if (ExecuteTC.equalsIgnoreCase("Y")): null

2023-11-01 15:45:49 - [TEST_STEP][PASSED] - out.println("Begin Record Number: " + row): null

2023-11-01 15:45:49 - [TEST_STEP][PASSED] - today = new java.util.Date(): null

2023-11-01 15:45:49 - [TEST_STEP][PASSED] - println(today): null

2023-11-01 15:45:49 - [TEST_STEP][PASSED] - datText = today: null

2023-11-01 15:45:49 - [TEST_STEP][PASSED] - Taxtype = findTestData(dataFile).getValue("TaxType", row): null

2023-11-01 15:45:49 - [TEST_STEP][PASSED] - out.println("Taxtype value is : " + Taxtype): null

2023-11-01 15:45:49 - [TEST_STEP][PASSED] - openBrowser(""): Browser is opened with url: ''

2023-11-01 15:45:49 - [MESSAGE][WARNING] - A browser is already opened. Closing browser and opening a new one

2023-11-01 15:45:50 - [MESSAGE][INFO] - Starting 'Chrome' driver

2023-11-01 15:45:50 - [MESSAGE][INFO] - User set preference: ['acceptInsecureCerts', 'true']

2023-11-01 15:45:50 - [MESSAGE][INFO] - Action delay is set to 0 milliseconds

2023-11-01 15:45:51 - [MESSAGE][PASSED] - Browser is opened with url: ''

2023-11-01 15:45:51 - [TEST_STEP][PASSED] - maximizeWindow(): Current window maximized

2023-11-01 15:45:51 - [MESSAGE][PASSED] - Current window maximized

2023-11-01 15:45:51 - [TEST_STEP][PASSED] - navigateToUrl(RADurl): Navigate to 'https://qa2.velocitypayment.com/client/rad/index.html' successfully

2023-11-01 15:45:53 - [MESSAGE][PASSED] - Navigate to 'https://qa2.velocitypayment.com/client/rad/index.html' successfully

2023-11-01 15:45:53 - [TEST_STEP][PASSED] - orPath_Landing = "Object Repository/RAD_Pages/Landing_Page": null

2023-11-01 15:45:53 - [TEST_STEP][PASSED] - orPath_TaxTypeFilingYear = "Object Repository/RAD_Pages/TaxTypeFilingYear_Page": null

2023-11-01 15:45:53 - [TEST_STEP][PASSED] - orPath_TaxPayer = "Object Repository/RAD_Pages/Taxpayer_Page": null

2023-11-01 15:45:53 - [TEST_STEP][PASSED] - orPath_AddressContact = "Object Repository/RAD_Pages/AddressAndContactInfo_Page": null

2023-11-01 15:45:53 - [TEST_STEP][PASSED] - orPath_FilingStatus = "Object Repository/RAD_Pages/FilingStatus_Page": null

2023-11-01 15:45:53 - [TEST_STEP][PASSED] - orPath_Amount = "Object Repository/RAD_Pages/PaymentAmount_Page": null

2023-11-01 15:45:53 - [TEST_STEP][PASSED] - orPath_TaxInfo = "Object Repository/RAD_Pages/TaxInfo_Page": null

2023-11-01 15:45:53 - [TEST_STEP][PASSED] - orPath_Withholding = "Object Repository/RAD_Pages/Withholding_Page": null

2023-11-01 15:45:53 - [TEST_STEP][PASSED] - orPath_Summary = "Object Repository/RAD_Pages/Summary_Page": null

2023-11-01 15:45:53 - [TEST_STEP][PASSED] - orPath_PaymentReady = "Object Repository/RAD_Pages/PaymentReady_Page": null

2023-11-01 15:45:53 - [TEST_STEP][PASSED] - orPath_PaymentEntry = "Object Repository/RAD_Pages/PaymentEntry_Page": null

2023-11-01 15:45:53 - [TEST_STEP][PASSED] - orPath_PaymentConfirmation = "Object Repository/RAD_Pages/PaymentConfirmation_Page": null

2023-11-01 15:45:53 - [TEST_STEP][PASSED] - orPath_ServiceFeesAccept = "Object Repository/RAD_Pages/ServiceFeeAccept_Page": null

2023-11-01 15:45:53 - [TEST_STEP][PASSED] - selectOptionByLabel(findTestObject(orPath_Landing + "/dd_TaxType"), Taxtype, false): All options with label 'Existing Liability w/Notice Number' are selected in object 'Object Repository/RAD_Pages/Landing_Page/dd_TaxType' 

2023-11-01 15:45:54 - [MESSAGE][PASSED] - All options with label 'Existing Liability w/Notice Number' are selected in object 'Object Repository/RAD_Pages/Landing_Page/dd_TaxType' 

2023-11-01 15:45:54 - [TEST_STEP][PASSED] - delay(1): Delayed 1 second(s)

2023-11-01 15:45:55 - [MESSAGE][PASSED] - Delayed 1 second(s)

2023-11-01 15:45:55 - [TEST_STEP][PASSED] - selectOptionByLabel(findTestObject(orPath_TaxTypeFilingYear + "/select_TaxType_ExistingLiability"), TaxTypeEL, false): All options with label 'PTE Tax Electing S Corp' are selected in object 'Object Repository/RAD_Pages/TaxTypeFilingYear_Page/select_TaxType_ExistingLiability' 

2023-11-01 15:45:55 - [MESSAGE][PASSED] - All options with label 'PTE Tax Electing S Corp' are selected in object 'Object Repository/RAD_Pages/TaxTypeFilingYear_Page/select_TaxType_ExistingLiability' 

2023-11-01 15:45:55 - [TEST_STEP][PASSED] - setText(findTestObject(orPath_TaxInfo + "/input_NoticeInvoiceNumber"), notInvNumber): Text '123456789' is set on object 'Object Repository/RAD_Pages/TaxInfo_Page/input_NoticeInvoiceNumber'

2023-11-01 15:45:56 - [MESSAGE][PASSED] - Text '123456789' is set on object 'Object Repository/RAD_Pages/TaxInfo_Page/input_NoticeInvoiceNumber'

2023-11-01 15:45:56 - [TEST_STEP][PASSED] - setText(findTestObject(orPath_TaxInfo + "/input_reTypeNoticeInvoiceNumber"), notInvNumber): Text '123456789' is set on object 'Object Repository/RAD_Pages/TaxInfo_Page/input_reTypeNoticeInvoiceNumber'

2023-11-01 15:45:57 - [MESSAGE][PASSED] - Text '123456789' is set on object 'Object Repository/RAD_Pages/TaxInfo_Page/input_reTypeNoticeInvoiceNumber'

2023-11-01 15:45:57 - [TEST_STEP][PASSED] - println(notInvNumber): null

2023-11-01 15:45:57 - [TEST_STEP][PASSED] - if (verifyTextPresent(errorMsg, true)): null

2023-11-01 15:45:58 - [MESSAGE][PASSED] - Text 'Notice number length has to be 13 numeric characters' is present on page  using regular expression

2023-11-01 15:45:58 - [TEST_STEP][PASSED] - println("Error Message is present on the page"): null

2023-11-01 15:45:58 - [TEST_STEP][PASSED] - out.println("Pass Record Number: " + row): null

2023-11-01 15:45:58 - [TEST_STEP][PASSED] - resText = "Pass": null

2023-11-01 15:45:58 - [TEST_STEP][PASSED] - pages.WriteExcel.demoKey(resText, datText, resColumn, datCloumn, fileLoc, nameSheet, row): pages.WriteExcel.demoKey is PASSED

2023-11-01 15:45:58 - [MESSAGE][PASSED] - pages.WriteExcel.demoKey is PASSED]]></system-out>
         <system-err><![CDATA[]]></system-err>
      </testcase>
      <testcase name="Test Cases/RAD_TestCases/Negative_TestCases/EMailNoMatch" time="383.874" classname="Test Cases/RAD_TestCases/Negative_TestCases/EMailNoMatch" status="PASSED">
         <system-out><![CDATA[2023-11-01 15:45:58 - [TEST_CASE][PASSED] - Test Cases/RAD_TestCases/Negative_TestCases/EMailNoMatch: Test Cases/RAD_TestCases/Negative_TestCases/EMailNoMatch

2023-11-01 15:45:58 - [TEST_STEP][PASSED] - resText = "Fail": null

2023-11-01 15:45:58 - [TEST_STEP][PASSED] - resColumn = "Result": null

2023-11-01 15:45:58 - [TEST_STEP][PASSED] - datCloumn = "Date": null

2023-11-01 15:45:58 - [TEST_STEP][PASSED] - fileLoc = "KatalonData/RADTestData/EmailNoMatch.xlsx": null

2023-11-01 15:45:58 - [TEST_STEP][PASSED] - nameSheet = "Sheet1": null

2023-11-01 15:45:58 - [TEST_STEP][PASSED] - dataFile = "RADTestData/EmailNoMatch": null

2023-11-01 15:45:58 - [TEST_STEP][PASSED] - ExecuteTC = <not implemented yet for class: org.codehaus.groovy.ast.expr.EmptyExpression>: null

2023-11-01 15:45:58 - [TEST_STEP][PASSED] - Taxtype = <not implemented yet for class: org.codehaus.groovy.ast.expr.EmptyExpression>: null

2023-11-01 15:45:58 - [TEST_STEP][PASSED] - numOfRows = findTestData(dataFile).getRowNumbers(): null

2023-11-01 15:45:58 - [TEST_STEP][PASSED] - println("Number of Records: " + numOfRows): null

2023-11-01 15:45:58 - [TEST_STEP][PASSED] - for ([row = 1, row <= numOfRows, (row++)]): null

2023-11-01 15:45:58 - [TEST_STEP][PASSED] - ExecuteTC = findTestData(dataFile).getValue("Execute", row): null

2023-11-01 15:45:58 - [TEST_STEP][PASSED] - Taxtype = findTestData(dataFile).getValue("TaxType", row): null

2023-11-01 15:45:58 - [TEST_STEP][PASSED] - Paymenttype = findTestData(dataFile).getValue("PaymentType", row): null

2023-11-01 15:45:59 - [TEST_STEP][PASSED] - out.println("Value of Execute is : " + ExecuteTC): null

2023-11-01 15:45:59 - [TEST_STEP][PASSED] - if (ExecuteTC.equalsIgnoreCase("Y")): null

2023-11-01 15:45:59 - [TEST_STEP][PASSED] - out.println("Begin Record Number: " + row): null

2023-11-01 15:45:59 - [TEST_STEP][PASSED] - today = new java.util.Date(): null

2023-11-01 15:45:59 - [TEST_STEP][PASSED] - println(today): null

2023-11-01 15:45:59 - [TEST_STEP][PASSED] - datText = today: null

2023-11-01 15:45:59 - [TEST_STEP][PASSED] - Taxtype = findTestData(dataFile).getValue("TaxType", row): null

2023-11-01 15:45:59 - [TEST_STEP][PASSED] - out.println("Taxtype value is : " + Taxtype): null

2023-11-01 15:45:59 - [TEST_STEP][PASSED] - openBrowser(""): Browser is opened with url: ''

2023-11-01 15:45:59 - [MESSAGE][WARNING] - A browser is already opened. Closing browser and opening a new one

2023-11-01 15:46:00 - [MESSAGE][INFO] - Starting 'Chrome' driver

2023-11-01 15:46:00 - [MESSAGE][INFO] - User set preference: ['acceptInsecureCerts', 'true']

2023-11-01 15:46:00 - [MESSAGE][INFO] - Action delay is set to 0 milliseconds

2023-11-01 15:46:01 - [MESSAGE][PASSED] - Browser is opened with url: ''

2023-11-01 15:46:01 - [TEST_STEP][PASSED] - maximizeWindow(): Current window maximized

2023-11-01 15:46:01 - [MESSAGE][PASSED] - Current window maximized

2023-11-01 15:46:01 - [TEST_STEP][PASSED] - navigateToUrl(RADurl): Navigate to 'https://qa2.velocitypayment.com/client/rad/index.html' successfully

2023-11-01 15:46:03 - [MESSAGE][PASSED] - Navigate to 'https://qa2.velocitypayment.com/client/rad/index.html' successfully

2023-11-01 15:46:03 - [TEST_STEP][PASSED] - orPath_Landing = "Object Repository/RAD_Pages/Landing_Page": null

2023-11-01 15:46:03 - [TEST_STEP][PASSED] - orPath_TaxTypeFilingYear = "Object Repository/RAD_Pages/TaxTypeFilingYear_Page": null

2023-11-01 15:46:03 - [TEST_STEP][PASSED] - orPath_TaxPayer = "Object Repository/RAD_Pages/Taxpayer_Page": null

2023-11-01 15:46:03 - [TEST_STEP][PASSED] - orPath_AddressContact = "Object Repository/RAD_Pages/AddressAndContactInfo_Page": null

2023-11-01 15:46:03 - [TEST_STEP][PASSED] - orPath_FilingStatus = "Object Repository/RAD_Pages/FilingStatus_Page": null

2023-11-01 15:46:03 - [TEST_STEP][PASSED] - orPath_Amount = "Object Repository/RAD_Pages/PaymentAmount_Page": null

2023-11-01 15:46:03 - [TEST_STEP][PASSED] - selectOptionByLabel(findTestObject(orPath_Landing + "/dd_TaxType"), Paymenttype, false): All options with label 'Existing Liability w/Notice Number' are selected in object 'Object Repository/RAD_Pages/Landing_Page/dd_TaxType' 

2023-11-01 15:46:03 - [MESSAGE][PASSED] - All options with label 'Existing Liability w/Notice Number' are selected in object 'Object Repository/RAD_Pages/Landing_Page/dd_TaxType' 

2023-11-01 15:46:03 - [TEST_STEP][PASSED] - delay(1): Delayed 1 second(s)

2023-11-01 15:46:04 - [MESSAGE][PASSED] - Delayed 1 second(s)

2023-11-01 15:46:04 - [TEST_STEP][PASSED] - switch (Paymenttype): null

2023-11-01 15:46:04 - [TEST_STEP][PASSED] - case "Existing Liability w/Notice Number":: null

2023-11-01 15:46:04 - [TEST_STEP][PASSED] - selectOptionByLabel(findTestObject(orPath_TaxTypeFilingYear + "/select_TaxType_ExistingLiability"), Taxtype, false): All options with label 'Bay Restoration Fee' are selected in object 'Object Repository/RAD_Pages/TaxTypeFilingYear_Page/select_TaxType_ExistingLiability' 

2023-11-01 15:46:05 - [MESSAGE][PASSED] - All options with label 'Bay Restoration Fee' are selected in object 'Object Repository/RAD_Pages/TaxTypeFilingYear_Page/select_TaxType_ExistingLiability' 

2023-11-01 15:46:05 - [TEST_STEP][PASSED] - break: null

2023-11-01 15:46:05 - [TEST_STEP][PASSED] - delay(1): Delayed 1 second(s)

2023-11-01 15:46:06 - [MESSAGE][PASSED] - Delayed 1 second(s)

2023-11-01 15:46:06 - [TEST_STEP][PASSED] - scrollToElement(findTestObject(orPath_Amount + "/input__paymentAmount"), 3): Scroll to object 'Object Repository/RAD_Pages/PaymentAmount_Page/input__paymentAmount' successfully

2023-11-01 15:46:06 - [MESSAGE][PASSED] - Scroll to object 'Object Repository/RAD_Pages/PaymentAmount_Page/input__paymentAmount' successfully

2023-11-01 15:46:06 - [TEST_STEP][PASSED] - setText(findTestObject(orPath_AddressContact + "/input_eMailAddress"), "imtiazster@gmail.com"): Text 'imtiazster@gmail.com' is set on object 'Object Repository/RAD_Pages/AddressAndContactInfo_Page/input_eMailAddress'

2023-11-01 15:46:07 - [MESSAGE][PASSED] - Text 'imtiazster@gmail.com' is set on object 'Object Repository/RAD_Pages/AddressAndContactInfo_Page/input_eMailAddress'

2023-11-01 15:46:07 - [TEST_STEP][PASSED] - setText(findTestObject(orPath_AddressContact + "/input_reEnterEMailAddress"), "iahmed@govolution.com"): Text 'iahmed@govolution.com' is set on object 'Object Repository/RAD_Pages/AddressAndContactInfo_Page/input_reEnterEMailAddress'

2023-11-01 15:46:08 - [MESSAGE][PASSED] - Text 'iahmed@govolution.com' is set on object 'Object Repository/RAD_Pages/AddressAndContactInfo_Page/input_reEnterEMailAddress'

2023-11-01 15:46:08 - [TEST_STEP][PASSED] - delay(2): Delayed 2 second(s)

2023-11-01 15:46:10 - [MESSAGE][PASSED] - Delayed 2 second(s)

2023-11-01 15:46:10 - [TEST_STEP][PASSED] - if (verifyTextPresent("The Email and Re-enter email do not match", true)): null

2023-11-01 15:46:10 - [MESSAGE][PASSED] - Text 'The Email and Re-enter email do not match' is present on page  using regular expression

2023-11-01 15:46:10 - [TEST_STEP][PASSED] - println("Emails Dont match text is present"): null

2023-11-01 15:46:10 - [TEST_STEP][PASSED] - out.println("Pass Record Number: " + row): null

2023-11-01 15:46:10 - [TEST_STEP][PASSED] - resText = "Pass": null

2023-11-01 15:46:10 - [TEST_STEP][PASSED] - pages.WriteExcel.demoKey(resText, datText, resColumn, datCloumn, fileLoc, nameSheet, row): pages.WriteExcel.demoKey is PASSED

2023-11-01 15:46:10 - [MESSAGE][PASSED] - pages.WriteExcel.demoKey is PASSED

2023-11-01 15:46:10 - [TEST_STEP][PASSED] - ExecuteTC = findTestData(dataFile).getValue("Execute", row): null

2023-11-01 15:46:10 - [TEST_STEP][PASSED] - Taxtype = findTestData(dataFile).getValue("TaxType", row): null

2023-11-01 15:46:11 - [TEST_STEP][PASSED] - Paymenttype = findTestData(dataFile).getValue("PaymentType", row): null

2023-11-01 15:46:11 - [TEST_STEP][PASSED] - out.println("Value of Execute is : " + ExecuteTC): null

2023-11-01 15:46:11 - [TEST_STEP][PASSED] - if (ExecuteTC.equalsIgnoreCase("Y")): null

2023-11-01 15:46:11 - [TEST_STEP][PASSED] - out.println("Begin Record Number: " + row): null

2023-11-01 15:46:11 - [TEST_STEP][PASSED] - today = new java.util.Date(): null

2023-11-01 15:46:11 - [TEST_STEP][PASSED] - println(today): null

2023-11-01 15:46:11 - [TEST_STEP][PASSED] - datText = today: null

2023-11-01 15:46:11 - [TEST_STEP][PASSED] - Taxtype = findTestData(dataFile).getValue("TaxType", row): null

2023-11-01 15:46:11 - [TEST_STEP][PASSED] - out.println("Taxtype value is : " + Taxtype): null

2023-11-01 15:46:11 - [TEST_STEP][PASSED] - openBrowser(""): Browser is opened with url: ''

2023-11-01 15:46:11 - [MESSAGE][WARNING] - A browser is already opened. Closing browser and opening a new one

2023-11-01 15:46:11 - [MESSAGE][INFO] - Starting 'Chrome' driver

2023-11-01 15:46:11 - [MESSAGE][INFO] - User set preference: ['acceptInsecureCerts', 'true']

2023-11-01 15:46:11 - [MESSAGE][INFO] - Action delay is set to 0 milliseconds

2023-11-01 15:46:13 - [MESSAGE][PASSED] - Browser is opened with url: ''

2023-11-01 15:46:13 - [TEST_STEP][PASSED] - maximizeWindow(): Current window maximized

2023-11-01 15:46:13 - [MESSAGE][PASSED] - Current window maximized

2023-11-01 15:46:13 - [TEST_STEP][PASSED] - navigateToUrl(RADurl): Navigate to 'https://qa2.velocitypayment.com/client/rad/index.html' successfully

2023-11-01 15:46:15 - [MESSAGE][PASSED] - Navigate to 'https://qa2.velocitypayment.com/client/rad/index.html' successfully

2023-11-01 15:46:15 - [TEST_STEP][PASSED] - orPath_Landing = "Object Repository/RAD_Pages/Landing_Page": null

2023-11-01 15:46:15 - [TEST_STEP][PASSED] - orPath_TaxTypeFilingYear = "Object Repository/RAD_Pages/TaxTypeFilingYear_Page": null

2023-11-01 15:46:15 - [TEST_STEP][PASSED] - orPath_TaxPayer = "Object Repository/RAD_Pages/Taxpayer_Page": null

2023-11-01 15:46:15 - [TEST_STEP][PASSED] - orPath_AddressContact = "Object Repository/RAD_Pages/AddressAndContactInfo_Page": null

2023-11-01 15:46:15 - [TEST_STEP][PASSED] - orPath_FilingStatus = "Object Repository/RAD_Pages/FilingStatus_Page": null

2023-11-01 15:46:15 - [TEST_STEP][PASSED] - orPath_Amount = "Object Repository/RAD_Pages/PaymentAmount_Page": null

2023-11-01 15:46:15 - [TEST_STEP][PASSED] - selectOptionByLabel(findTestObject(orPath_Landing + "/dd_TaxType"), Paymenttype, false): All options with label 'Existing Liability w/Notice Number' are selected in object 'Object Repository/RAD_Pages/Landing_Page/dd_TaxType' 

2023-11-01 15:46:15 - [MESSAGE][PASSED] - All options with label 'Existing Liability w/Notice Number' are selected in object 'Object Repository/RAD_Pages/Landing_Page/dd_TaxType' 

2023-11-01 15:46:15 - [TEST_STEP][PASSED] - delay(1): Delayed 1 second(s)

2023-11-01 15:46:16 - [MESSAGE][PASSED] - Delayed 1 second(s)

2023-11-01 15:46:16 - [TEST_STEP][PASSED] - switch (Paymenttype): null

2023-11-01 15:46:16 - [TEST_STEP][PASSED] - case "Existing Liability w/Notice Number":: null

2023-11-01 15:46:16 - [TEST_STEP][PASSED] - selectOptionByLabel(findTestObject(orPath_TaxTypeFilingYear + "/select_TaxType_ExistingLiability"), Taxtype, false): All options with label 'Corporate Income Tax' are selected in object 'Object Repository/RAD_Pages/TaxTypeFilingYear_Page/select_TaxType_ExistingLiability' 

2023-11-01 15:46:17 - [MESSAGE][PASSED] - All options with label 'Corporate Income Tax' are selected in object 'Object Repository/RAD_Pages/TaxTypeFilingYear_Page/select_TaxType_ExistingLiability' 

2023-11-01 15:46:17 - [TEST_STEP][PASSED] - break: null

2023-11-01 15:46:17 - [TEST_STEP][PASSED] - delay(1): Delayed 1 second(s)

2023-11-01 15:46:18 - [MESSAGE][PASSED] - Delayed 1 second(s)

2023-11-01 15:46:18 - [TEST_STEP][PASSED] - scrollToElement(findTestObject(orPath_Amount + "/input__paymentAmount"), 3): Scroll to object 'Object Repository/RAD_Pages/PaymentAmount_Page/input__paymentAmount' successfully

2023-11-01 15:46:18 - [MESSAGE][PASSED] - Scroll to object 'Object Repository/RAD_Pages/PaymentAmount_Page/input__paymentAmount' successfully

2023-11-01 15:46:18 - [TEST_STEP][PASSED] - setText(findTestObject(orPath_AddressContact + "/input_eMailAddress"), "imtiazster@gmail.com"): Text 'imtiazster@gmail.com' is set on object 'Object Repository/RAD_Pages/AddressAndContactInfo_Page/input_eMailAddress'

2023-11-01 15:46:19 - [MESSAGE][PASSED] - Text 'imtiazster@gmail.com' is set on object 'Object Repository/RAD_Pages/AddressAndContactInfo_Page/input_eMailAddress'

2023-11-01 15:46:19 - [TEST_STEP][PASSED] - setText(findTestObject(orPath_AddressContact + "/input_reEnterEMailAddress"), "iahmed@govolution.com"): Text 'iahmed@govolution.com' is set on object 'Object Repository/RAD_Pages/AddressAndContactInfo_Page/input_reEnterEMailAddress'

2023-11-01 15:46:20 - [MESSAGE][PASSED] - Text 'iahmed@govolution.com' is set on object 'Object Repository/RAD_Pages/AddressAndContactInfo_Page/input_reEnterEMailAddress'

2023-11-01 15:46:20 - [TEST_STEP][PASSED] - delay(2): Delayed 2 second(s)

2023-11-01 15:46:22 - [MESSAGE][PASSED] - Delayed 2 second(s)

2023-11-01 15:46:22 - [TEST_STEP][PASSED] - if (verifyTextPresent("The Email and Re-enter email do not match", true)): null

2023-11-01 15:46:22 - [MESSAGE][PASSED] - Text 'The Email and Re-enter email do not match' is present on page  using regular expression

2023-11-01 15:46:22 - [TEST_STEP][PASSED] - println("Emails Dont match text is present"): null

2023-11-01 15:46:22 - [TEST_STEP][PASSED] - out.println("Pass Record Number: " + row): null

2023-11-01 15:46:22 - [TEST_STEP][PASSED] - resText = "Pass": null

2023-11-01 15:46:22 - [TEST_STEP][PASSED] - pages.WriteExcel.demoKey(resText, datText, resColumn, datCloumn, fileLoc, nameSheet, row): pages.WriteExcel.demoKey is PASSED

2023-11-01 15:46:22 - [MESSAGE][PASSED] - pages.WriteExcel.demoKey is PASSED

2023-11-01 15:46:22 - [TEST_STEP][PASSED] - ExecuteTC = findTestData(dataFile).getValue("Execute", row): null

2023-11-01 15:46:22 - [TEST_STEP][PASSED] - Taxtype = findTestData(dataFile).getValue("TaxType", row): null

2023-11-01 15:46:22 - [TEST_STEP][PASSED] - Paymenttype = findTestData(dataFile).getValue("PaymentType", row): null

2023-11-01 15:46:22 - [TEST_STEP][PASSED] - out.println("Value of Execute is : " + ExecuteTC): null

2023-11-01 15:46:22 - [TEST_STEP][PASSED] - if (ExecuteTC.equalsIgnoreCase("Y")): null

2023-11-01 15:46:22 - [TEST_STEP][PASSED] - out.println("Begin Record Number: " + row): null

2023-11-01 15:46:22 - [TEST_STEP][PASSED] - today = new java.util.Date(): null

2023-11-01 15:46:22 - [TEST_STEP][PASSED] - println(today): null

2023-11-01 15:46:22 - [TEST_STEP][PASSED] - datText = today: null

2023-11-01 15:46:22 - [TEST_STEP][PASSED] - Taxtype = findTestData(dataFile).getValue("TaxType", row): null

2023-11-01 15:46:23 - [TEST_STEP][PASSED] - out.println("Taxtype value is : " + Taxtype): null

2023-11-01 15:46:23 - [TEST_STEP][PASSED] - openBrowser(""): Browser is opened with url: ''

2023-11-01 15:46:23 - [MESSAGE][WARNING] - A browser is already opened. Closing browser and opening a new one

2023-11-01 15:46:23 - [MESSAGE][INFO] - Starting 'Chrome' driver

2023-11-01 15:46:23 - [MESSAGE][INFO] - User set preference: ['acceptInsecureCerts', 'true']

2023-11-01 15:46:23 - [MESSAGE][INFO] - Action delay is set to 0 milliseconds

2023-11-01 15:46:25 - [MESSAGE][PASSED] - Browser is opened with url: ''

2023-11-01 15:46:25 - [TEST_STEP][PASSED] - maximizeWindow(): Current window maximized

2023-11-01 15:46:25 - [MESSAGE][PASSED] - Current window maximized

2023-11-01 15:46:25 - [TEST_STEP][PASSED] - navigateToUrl(RADurl): Navigate to 'https://qa2.velocitypayment.com/client/rad/index.html' successfully

2023-11-01 15:46:26 - [MESSAGE][PASSED] - Navigate to 'https://qa2.velocitypayment.com/client/rad/index.html' successfully

2023-11-01 15:46:26 - [TEST_STEP][PASSED] - orPath_Landing = "Object Repository/RAD_Pages/Landing_Page": null

2023-11-01 15:46:26 - [TEST_STEP][PASSED] - orPath_TaxTypeFilingYear = "Object Repository/RAD_Pages/TaxTypeFilingYear_Page": null

2023-11-01 15:46:26 - [TEST_STEP][PASSED] - orPath_TaxPayer = "Object Repository/RAD_Pages/Taxpayer_Page": null

2023-11-01 15:46:26 - [TEST_STEP][PASSED] - orPath_AddressContact = "Object Repository/RAD_Pages/AddressAndContactInfo_Page": null

2023-11-01 15:46:26 - [TEST_STEP][PASSED] - orPath_FilingStatus = "Object Repository/RAD_Pages/FilingStatus_Page": null

2023-11-01 15:46:26 - [TEST_STEP][PASSED] - orPath_Amount = "Object Repository/RAD_Pages/PaymentAmount_Page": null

2023-11-01 15:46:26 - [TEST_STEP][PASSED] - selectOptionByLabel(findTestObject(orPath_Landing + "/dd_TaxType"), Paymenttype, false): All options with label 'Existing Liability w/Notice Number' are selected in object 'Object Repository/RAD_Pages/Landing_Page/dd_TaxType' 

2023-11-01 15:46:27 - [MESSAGE][PASSED] - All options with label 'Existing Liability w/Notice Number' are selected in object 'Object Repository/RAD_Pages/Landing_Page/dd_TaxType' 

2023-11-01 15:46:27 - [TEST_STEP][PASSED] - delay(1): Delayed 1 second(s)

2023-11-01 15:46:28 - [MESSAGE][PASSED] - Delayed 1 second(s)

2023-11-01 15:46:28 - [TEST_STEP][PASSED] - switch (Paymenttype): null

2023-11-01 15:46:28 - [TEST_STEP][PASSED] - case "Existing Liability w/Notice Number":: null

2023-11-01 15:46:28 - [TEST_STEP][PASSED] - selectOptionByLabel(findTestObject(orPath_TaxTypeFilingYear + "/select_TaxType_ExistingLiability"), Taxtype, false): All options with label 'Fiduciary Tax' are selected in object 'Object Repository/RAD_Pages/TaxTypeFilingYear_Page/select_TaxType_ExistingLiability' 

2023-11-01 15:46:29 - [MESSAGE][PASSED] - All options with label 'Fiduciary Tax' are selected in object 'Object Repository/RAD_Pages/TaxTypeFilingYear_Page/select_TaxType_ExistingLiability' 

2023-11-01 15:46:29 - [TEST_STEP][PASSED] - break: null

2023-11-01 15:46:29 - [TEST_STEP][PASSED] - delay(1): Delayed 1 second(s)

2023-11-01 15:46:30 - [MESSAGE][PASSED] - Delayed 1 second(s)

2023-11-01 15:46:30 - [TEST_STEP][PASSED] - scrollToElement(findTestObject(orPath_Amount + "/input__paymentAmount"), 3): Scroll to object 'Object Repository/RAD_Pages/PaymentAmount_Page/input__paymentAmount' successfully

2023-11-01 15:46:30 - [MESSAGE][PASSED] - Scroll to object 'Object Repository/RAD_Pages/PaymentAmount_Page/input__paymentAmount' successfully

2023-11-01 15:46:30 - [TEST_STEP][PASSED] - setText(findTestObject(orPath_AddressContact + "/input_eMailAddress"), "imtiazster@gmail.com"): Text 'imtiazster@gmail.com' is set on object 'Object Repository/RAD_Pages/AddressAndContactInfo_Page/input_eMailAddress'

2023-11-01 15:46:31 - [MESSAGE][PASSED] - Text 'imtiazster@gmail.com' is set on object 'Object Repository/RAD_Pages/AddressAndContactInfo_Page/input_eMailAddress'

2023-11-01 15:46:31 - [TEST_STEP][PASSED] - setText(findTestObject(orPath_AddressContact + "/input_reEnterEMailAddress"), "iahmed@govolution.com"): Text 'iahmed@govolution.com' is set on object 'Object Repository/RAD_Pages/AddressAndContactInfo_Page/input_reEnterEMailAddress'

2023-11-01 15:46:32 - [MESSAGE][PASSED] - Text 'iahmed@govolution.com' is set on object 'Object Repository/RAD_Pages/AddressAndContactInfo_Page/input_reEnterEMailAddress'

2023-11-01 15:46:32 - [TEST_STEP][PASSED] - delay(2): Delayed 2 second(s)

2023-11-01 15:46:34 - [MESSAGE][PASSED] - Delayed 2 second(s)

2023-11-01 15:46:34 - [TEST_STEP][PASSED] - if (verifyTextPresent("The Email and Re-enter email do not match", true)): null

2023-11-01 15:46:34 - [MESSAGE][PASSED] - Text 'The Email and Re-enter email do not match' is present on page  using regular expression

2023-11-01 15:46:34 - [TEST_STEP][PASSED] - println("Emails Dont match text is present"): null

2023-11-01 15:46:34 - [TEST_STEP][PASSED] - out.println("Pass Record Number: " + row): null

2023-11-01 15:46:34 - [TEST_STEP][PASSED] - resText = "Pass": null

2023-11-01 15:46:34 - [TEST_STEP][PASSED] - pages.WriteExcel.demoKey(resText, datText, resColumn, datCloumn, fileLoc, nameSheet, row): pages.WriteExcel.demoKey is PASSED

2023-11-01 15:46:34 - [MESSAGE][PASSED] - pages.WriteExcel.demoKey is PASSED

2023-11-01 15:46:34 - [TEST_STEP][PASSED] - ExecuteTC = findTestData(dataFile).getValue("Execute", row): null

2023-11-01 15:46:34 - [TEST_STEP][PASSED] - Taxtype = findTestData(dataFile).getValue("TaxType", row): null

2023-11-01 15:46:34 - [TEST_STEP][PASSED] - Paymenttype = findTestData(dataFile).getValue("PaymentType", row): null

2023-11-01 15:46:34 - [TEST_STEP][PASSED] - out.println("Value of Execute is : " + ExecuteTC): null

2023-11-01 15:46:34 - [TEST_STEP][PASSED] - if (ExecuteTC.equalsIgnoreCase("Y")): null

2023-11-01 15:46:34 - [TEST_STEP][PASSED] - out.println("Begin Record Number: " + row): null

2023-11-01 15:46:34 - [TEST_STEP][PASSED] - today = new java.util.Date(): null

2023-11-01 15:46:34 - [TEST_STEP][PASSED] - println(today): null

2023-11-01 15:46:34 - [TEST_STEP][PASSED] - datText = today: null

2023-11-01 15:46:34 - [TEST_STEP][PASSED] - Taxtype = findTestData(dataFile).getValue("TaxType", row): null

2023-11-01 15:46:34 - [TEST_STEP][PASSED] - out.println("Taxtype value is : " + Taxtype): null

2023-11-01 15:46:34 - [TEST_STEP][PASSED] - openBrowser(""): Browser is opened with url: ''

2023-11-01 15:46:34 - [MESSAGE][WARNING] - A browser is already opened. Closing browser and opening a new one

2023-11-01 15:46:35 - [MESSAGE][INFO] - Starting 'Chrome' driver

2023-11-01 15:46:35 - [MESSAGE][INFO] - User set preference: ['acceptInsecureCerts', 'true']

2023-11-01 15:46:35 - [MESSAGE][INFO] - Action delay is set to 0 milliseconds

2023-11-01 15:46:37 - [MESSAGE][PASSED] - Browser is opened with url: ''

2023-11-01 15:46:37 - [TEST_STEP][PASSED] - maximizeWindow(): Current window maximized

2023-11-01 15:46:37 - [MESSAGE][PASSED] - Current window maximized

2023-11-01 15:46:37 - [TEST_STEP][PASSED] - navigateToUrl(RADurl): Navigate to 'https://qa2.velocitypayment.com/client/rad/index.html' successfully

2023-11-01 15:46:38 - [MESSAGE][PASSED] - Navigate to 'https://qa2.velocitypayment.com/client/rad/index.html' successfully

2023-11-01 15:46:38 - [TEST_STEP][PASSED] - orPath_Landing = "Object Repository/RAD_Pages/Landing_Page": null

2023-11-01 15:46:38 - [TEST_STEP][PASSED] - orPath_TaxTypeFilingYear = "Object Repository/RAD_Pages/TaxTypeFilingYear_Page": null

2023-11-01 15:46:38 - [TEST_STEP][PASSED] - orPath_TaxPayer = "Object Repository/RAD_Pages/Taxpayer_Page": null

2023-11-01 15:46:38 - [TEST_STEP][PASSED] - orPath_AddressContact = "Object Repository/RAD_Pages/AddressAndContactInfo_Page": null

2023-11-01 15:46:38 - [TEST_STEP][PASSED] - orPath_FilingStatus = "Object Repository/RAD_Pages/FilingStatus_Page": null

2023-11-01 15:46:38 - [TEST_STEP][PASSED] - orPath_Amount = "Object Repository/RAD_Pages/PaymentAmount_Page": null

2023-11-01 15:46:38 - [TEST_STEP][PASSED] - selectOptionByLabel(findTestObject(orPath_Landing + "/dd_TaxType"), Paymenttype, false): All options with label 'Existing Liability w/Notice Number' are selected in object 'Object Repository/RAD_Pages/Landing_Page/dd_TaxType' 

2023-11-01 15:46:39 - [MESSAGE][PASSED] - All options with label 'Existing Liability w/Notice Number' are selected in object 'Object Repository/RAD_Pages/Landing_Page/dd_TaxType' 

2023-11-01 15:46:39 - [TEST_STEP][PASSED] - delay(1): Delayed 1 second(s)

2023-11-01 15:46:40 - [MESSAGE][PASSED] - Delayed 1 second(s)

2023-11-01 15:46:40 - [TEST_STEP][PASSED] - switch (Paymenttype): null

2023-11-01 15:46:40 - [TEST_STEP][PASSED] - case "Existing Liability w/Notice Number":: null

2023-11-01 15:46:40 - [TEST_STEP][PASSED] - selectOptionByLabel(findTestObject(orPath_TaxTypeFilingYear + "/select_TaxType_ExistingLiability"), Taxtype, false): All options with label 'PTE Non-Electing Non-S Corp' are selected in object 'Object Repository/RAD_Pages/TaxTypeFilingYear_Page/select_TaxType_ExistingLiability' 

2023-11-01 15:46:41 - [MESSAGE][PASSED] - All options with label 'PTE Non-Electing Non-S Corp' are selected in object 'Object Repository/RAD_Pages/TaxTypeFilingYear_Page/select_TaxType_ExistingLiability' 

2023-11-01 15:46:41 - [TEST_STEP][PASSED] - break: null

2023-11-01 15:46:41 - [TEST_STEP][PASSED] - delay(1): Delayed 1 second(s)

2023-11-01 15:46:42 - [MESSAGE][PASSED] - Delayed 1 second(s)

2023-11-01 15:46:42 - [TEST_STEP][PASSED] - scrollToElement(findTestObject(orPath_Amount + "/input__paymentAmount"), 3): Scroll to object 'Object Repository/RAD_Pages/PaymentAmount_Page/input__paymentAmount' successfully

2023-11-01 15:46:42 - [MESSAGE][PASSED] - Scroll to object 'Object Repository/RAD_Pages/PaymentAmount_Page/input__paymentAmount' successfully

2023-11-01 15:46:42 - [TEST_STEP][PASSED] - setText(findTestObject(orPath_AddressContact + "/input_eMailAddress"), "imtiazster@gmail.com"): Text 'imtiazster@gmail.com' is set on object 'Object Repository/RAD_Pages/AddressAndContactInfo_Page/input_eMailAddress'

2023-11-01 15:46:43 - [MESSAGE][PASSED] - Text 'imtiazster@gmail.com' is set on object 'Object Repository/RAD_Pages/AddressAndContactInfo_Page/input_eMailAddress'

2023-11-01 15:46:43 - [TEST_STEP][PASSED] - setText(findTestObject(orPath_AddressContact + "/input_reEnterEMailAddress"), "iahmed@govolution.com"): Text 'iahmed@govolution.com' is set on object 'Object Repository/RAD_Pages/AddressAndContactInfo_Page/input_reEnterEMailAddress'

2023-11-01 15:46:44 - [MESSAGE][PASSED] - Text 'iahmed@govolution.com' is set on object 'Object Repository/RAD_Pages/AddressAndContactInfo_Page/input_reEnterEMailAddress'

2023-11-01 15:46:44 - [TEST_STEP][PASSED] - delay(2): Delayed 2 second(s)

2023-11-01 15:46:46 - [MESSAGE][PASSED] - Delayed 2 second(s)

2023-11-01 15:46:46 - [TEST_STEP][PASSED] - if (verifyTextPresent("The Email and Re-enter email do not match", true)): null

2023-11-01 15:46:46 - [MESSAGE][PASSED] - Text 'The Email and Re-enter email do not match' is present on page  using regular expression

2023-11-01 15:46:46 - [TEST_STEP][PASSED] - println("Emails Dont match text is present"): null

2023-11-01 15:46:46 - [TEST_STEP][PASSED] - out.println("Pass Record Number: " + row): null

2023-11-01 15:46:46 - [TEST_STEP][PASSED] - resText = "Pass": null

2023-11-01 15:46:46 - [TEST_STEP][PASSED] - pages.WriteExcel.demoKey(resText, datText, resColumn, datCloumn, fileLoc, nameSheet, row): pages.WriteExcel.demoKey is PASSED

2023-11-01 15:46:46 - [MESSAGE][PASSED] - pages.WriteExcel.demoKey is PASSED

2023-11-01 15:46:46 - [TEST_STEP][PASSED] - ExecuteTC = findTestData(dataFile).getValue("Execute", row): null

2023-11-01 15:46:46 - [TEST_STEP][PASSED] - Taxtype = findTestData(dataFile).getValue("TaxType", row): null

2023-11-01 15:46:46 - [TEST_STEP][PASSED] - Paymenttype = findTestData(dataFile).getValue("PaymentType", row): null

2023-11-01 15:46:46 - [TEST_STEP][PASSED] - out.println("Value of Execute is : " + ExecuteTC): null

2023-11-01 15:46:46 - [TEST_STEP][PASSED] - if (ExecuteTC.equalsIgnoreCase("Y")): null

2023-11-01 15:46:46 - [TEST_STEP][PASSED] - out.println("Begin Record Number: " + row): null

2023-11-01 15:46:46 - [TEST_STEP][PASSED] - today = new java.util.Date(): null

2023-11-01 15:46:46 - [TEST_STEP][PASSED] - println(today): null

2023-11-01 15:46:46 - [TEST_STEP][PASSED] - datText = today: null

2023-11-01 15:46:46 - [TEST_STEP][PASSED] - Taxtype = findTestData(dataFile).getValue("TaxType", row): null

2023-11-01 15:46:46 - [TEST_STEP][PASSED] - out.println("Taxtype value is : " + Taxtype): null

2023-11-01 15:46:46 - [TEST_STEP][PASSED] - openBrowser(""): Browser is opened with url: ''

2023-11-01 15:46:46 - [MESSAGE][WARNING] - A browser is already opened. Closing browser and opening a new one

2023-11-01 15:46:47 - [MESSAGE][INFO] - Starting 'Chrome' driver

2023-11-01 15:46:47 - [MESSAGE][INFO] - User set preference: ['acceptInsecureCerts', 'true']

2023-11-01 15:46:47 - [MESSAGE][INFO] - Action delay is set to 0 milliseconds

2023-11-01 15:46:49 - [MESSAGE][PASSED] - Browser is opened with url: ''

2023-11-01 15:46:49 - [TEST_STEP][PASSED] - maximizeWindow(): Current window maximized

2023-11-01 15:46:49 - [MESSAGE][PASSED] - Current window maximized

2023-11-01 15:46:49 - [TEST_STEP][PASSED] - navigateToUrl(RADurl): Navigate to 'https://qa2.velocitypayment.com/client/rad/index.html' successfully

2023-11-01 15:46:50 - [MESSAGE][PASSED] - Navigate to 'https://qa2.velocitypayment.com/client/rad/index.html' successfully

2023-11-01 15:46:50 - [TEST_STEP][PASSED] - orPath_Landing = "Object Repository/RAD_Pages/Landing_Page": null

2023-11-01 15:46:50 - [TEST_STEP][PASSED] - orPath_TaxTypeFilingYear = "Object Repository/RAD_Pages/TaxTypeFilingYear_Page": null

2023-11-01 15:46:50 - [TEST_STEP][PASSED] - orPath_TaxPayer = "Object Repository/RAD_Pages/Taxpayer_Page": null

2023-11-01 15:46:50 - [TEST_STEP][PASSED] - orPath_AddressContact = "Object Repository/RAD_Pages/AddressAndContactInfo_Page": null

2023-11-01 15:46:50 - [TEST_STEP][PASSED] - orPath_FilingStatus = "Object Repository/RAD_Pages/FilingStatus_Page": null

2023-11-01 15:46:50 - [TEST_STEP][PASSED] - orPath_Amount = "Object Repository/RAD_Pages/PaymentAmount_Page": null

2023-11-01 15:46:50 - [TEST_STEP][PASSED] - selectOptionByLabel(findTestObject(orPath_Landing + "/dd_TaxType"), Paymenttype, false): All options with label 'Existing Liability w/Notice Number' are selected in object 'Object Repository/RAD_Pages/Landing_Page/dd_TaxType' 

2023-11-01 15:46:51 - [MESSAGE][PASSED] - All options with label 'Existing Liability w/Notice Number' are selected in object 'Object Repository/RAD_Pages/Landing_Page/dd_TaxType' 

2023-11-01 15:46:51 - [TEST_STEP][PASSED] - delay(1): Delayed 1 second(s)

2023-11-01 15:46:52 - [MESSAGE][PASSED] - Delayed 1 second(s)

2023-11-01 15:46:52 - [TEST_STEP][PASSED] - switch (Paymenttype): null

2023-11-01 15:46:52 - [TEST_STEP][PASSED] - case "Existing Liability w/Notice Number":: null

2023-11-01 15:46:52 - [TEST_STEP][PASSED] - selectOptionByLabel(findTestObject(orPath_TaxTypeFilingYear + "/select_TaxType_ExistingLiability"), Taxtype, false): All options with label 'PTE Non-Electing S Corp' are selected in object 'Object Repository/RAD_Pages/TaxTypeFilingYear_Page/select_TaxType_ExistingLiability' 

2023-11-01 15:46:53 - [MESSAGE][PASSED] - All options with label 'PTE Non-Electing S Corp' are selected in object 'Object Repository/RAD_Pages/TaxTypeFilingYear_Page/select_TaxType_ExistingLiability' 

2023-11-01 15:46:53 - [TEST_STEP][PASSED] - break: null

2023-11-01 15:46:53 - [TEST_STEP][PASSED] - delay(1): Delayed 1 second(s)

2023-11-01 15:46:54 - [MESSAGE][PASSED] - Delayed 1 second(s)

2023-11-01 15:46:54 - [TEST_STEP][PASSED] - scrollToElement(findTestObject(orPath_Amount + "/input__paymentAmount"), 3): Scroll to object 'Object Repository/RAD_Pages/PaymentAmount_Page/input__paymentAmount' successfully

2023-11-01 15:46:54 - [MESSAGE][PASSED] - Scroll to object 'Object Repository/RAD_Pages/PaymentAmount_Page/input__paymentAmount' successfully

2023-11-01 15:46:54 - [TEST_STEP][PASSED] - setText(findTestObject(orPath_AddressContact + "/input_eMailAddress"), "imtiazster@gmail.com"): Text 'imtiazster@gmail.com' is set on object 'Object Repository/RAD_Pages/AddressAndContactInfo_Page/input_eMailAddress'

2023-11-01 15:46:55 - [MESSAGE][PASSED] - Text 'imtiazster@gmail.com' is set on object 'Object Repository/RAD_Pages/AddressAndContactInfo_Page/input_eMailAddress'

2023-11-01 15:46:55 - [TEST_STEP][PASSED] - setText(findTestObject(orPath_AddressContact + "/input_reEnterEMailAddress"), "iahmed@govolution.com"): Text 'iahmed@govolution.com' is set on object 'Object Repository/RAD_Pages/AddressAndContactInfo_Page/input_reEnterEMailAddress'

2023-11-01 15:46:56 - [MESSAGE][PASSED] - Text 'iahmed@govolution.com' is set on object 'Object Repository/RAD_Pages/AddressAndContactInfo_Page/input_reEnterEMailAddress'

2023-11-01 15:46:56 - [TEST_STEP][PASSED] - delay(2): Delayed 2 second(s)

2023-11-01 15:46:58 - [MESSAGE][PASSED] - Delayed 2 second(s)

2023-11-01 15:46:58 - [TEST_STEP][PASSED] - if (verifyTextPresent("The Email and Re-enter email do not match", true)): null

2023-11-01 15:46:58 - [MESSAGE][PASSED] - Text 'The Email and Re-enter email do not match' is present on page  using regular expression

2023-11-01 15:46:58 - [TEST_STEP][PASSED] - println("Emails Dont match text is present"): null

2023-11-01 15:46:58 - [TEST_STEP][PASSED] - out.println("Pass Record Number: " + row): null

2023-11-01 15:46:58 - [TEST_STEP][PASSED] - resText = "Pass": null

2023-11-01 15:46:58 - [TEST_STEP][PASSED] - pages.WriteExcel.demoKey(resText, datText, resColumn, datCloumn, fileLoc, nameSheet, row): pages.WriteExcel.demoKey is PASSED

2023-11-01 15:46:58 - [MESSAGE][PASSED] - pages.WriteExcel.demoKey is PASSED

2023-11-01 15:46:58 - [TEST_STEP][PASSED] - ExecuteTC = findTestData(dataFile).getValue("Execute", row): null

2023-11-01 15:46:58 - [TEST_STEP][PASSED] - Taxtype = findTestData(dataFile).getValue("TaxType", row): null

2023-11-01 15:46:58 - [TEST_STEP][PASSED] - Paymenttype = findTestData(dataFile).getValue("PaymentType", row): null

2023-11-01 15:46:58 - [TEST_STEP][PASSED] - out.println("Value of Execute is : " + ExecuteTC): null

2023-11-01 15:46:58 - [TEST_STEP][PASSED] - if (ExecuteTC.equalsIgnoreCase("Y")): null

2023-11-01 15:46:58 - [TEST_STEP][PASSED] - out.println("Begin Record Number: " + row): null

2023-11-01 15:46:58 - [TEST_STEP][PASSED] - today = new java.util.Date(): null

2023-11-01 15:46:58 - [TEST_STEP][PASSED] - println(today): null

2023-11-01 15:46:58 - [TEST_STEP][PASSED] - datText = today: null

2023-11-01 15:46:58 - [TEST_STEP][PASSED] - Taxtype = findTestData(dataFile).getValue("TaxType", row): null

2023-11-01 15:46:58 - [TEST_STEP][PASSED] - out.println("Taxtype value is : " + Taxtype): null

2023-11-01 15:46:58 - [TEST_STEP][PASSED] - openBrowser(""): Browser is opened with url: ''

2023-11-01 15:46:58 - [MESSAGE][WARNING] - A browser is already opened. Closing browser and opening a new one

2023-11-01 15:46:59 - [MESSAGE][INFO] - Starting 'Chrome' driver

2023-11-01 15:46:59 - [MESSAGE][INFO] - User set preference: ['acceptInsecureCerts', 'true']

2023-11-01 15:46:59 - [MESSAGE][INFO] - Action delay is set to 0 milliseconds

2023-11-01 15:47:01 - [MESSAGE][PASSED] - Browser is opened with url: ''

2023-11-01 15:47:01 - [TEST_STEP][PASSED] - maximizeWindow(): Current window maximized

2023-11-01 15:47:01 - [MESSAGE][PASSED] - Current window maximized

2023-11-01 15:47:01 - [TEST_STEP][PASSED] - navigateToUrl(RADurl): Navigate to 'https://qa2.velocitypayment.com/client/rad/index.html' successfully

2023-11-01 15:47:02 - [MESSAGE][PASSED] - Navigate to 'https://qa2.velocitypayment.com/client/rad/index.html' successfully

2023-11-01 15:47:02 - [TEST_STEP][PASSED] - orPath_Landing = "Object Repository/RAD_Pages/Landing_Page": null

2023-11-01 15:47:02 - [TEST_STEP][PASSED] - orPath_TaxTypeFilingYear = "Object Repository/RAD_Pages/TaxTypeFilingYear_Page": null

2023-11-01 15:47:02 - [TEST_STEP][PASSED] - orPath_TaxPayer = "Object Repository/RAD_Pages/Taxpayer_Page": null

2023-11-01 15:47:02 - [TEST_STEP][PASSED] - orPath_AddressContact = "Object Repository/RAD_Pages/AddressAndContactInfo_Page": null

2023-11-01 15:47:02 - [TEST_STEP][PASSED] - orPath_FilingStatus = "Object Repository/RAD_Pages/FilingStatus_Page": null

2023-11-01 15:47:02 - [TEST_STEP][PASSED] - orPath_Amount = "Object Repository/RAD_Pages/PaymentAmount_Page": null

2023-11-01 15:47:02 - [TEST_STEP][PASSED] - selectOptionByLabel(findTestObject(orPath_Landing + "/dd_TaxType"), Paymenttype, false): All options with label 'Existing Liability w/Notice Number' are selected in object 'Object Repository/RAD_Pages/Landing_Page/dd_TaxType' 

2023-11-01 15:47:03 - [MESSAGE][PASSED] - All options with label 'Existing Liability w/Notice Number' are selected in object 'Object Repository/RAD_Pages/Landing_Page/dd_TaxType' 

2023-11-01 15:47:03 - [TEST_STEP][PASSED] - delay(1): Delayed 1 second(s)

2023-11-01 15:47:04 - [MESSAGE][PASSED] - Delayed 1 second(s)

2023-11-01 15:47:04 - [TEST_STEP][PASSED] - switch (Paymenttype): null

2023-11-01 15:47:04 - [TEST_STEP][PASSED] - case "Existing Liability w/Notice Number":: null

2023-11-01 15:47:04 - [TEST_STEP][PASSED] - selectOptionByLabel(findTestObject(orPath_TaxTypeFilingYear + "/select_TaxType_ExistingLiability"), Taxtype, false): All options with label 'Sales & Use Tax' are selected in object 'Object Repository/RAD_Pages/TaxTypeFilingYear_Page/select_TaxType_ExistingLiability' 

2023-11-01 15:47:05 - [MESSAGE][PASSED] - All options with label 'Sales & Use Tax' are selected in object 'Object Repository/RAD_Pages/TaxTypeFilingYear_Page/select_TaxType_ExistingLiability' 

2023-11-01 15:47:05 - [TEST_STEP][PASSED] - break: null

2023-11-01 15:47:05 - [TEST_STEP][PASSED] - delay(1): Delayed 1 second(s)

2023-11-01 15:47:06 - [MESSAGE][PASSED] - Delayed 1 second(s)

2023-11-01 15:47:06 - [TEST_STEP][PASSED] - scrollToElement(findTestObject(orPath_Amount + "/input__paymentAmount"), 3): Scroll to object 'Object Repository/RAD_Pages/PaymentAmount_Page/input__paymentAmount' successfully

2023-11-01 15:47:06 - [MESSAGE][PASSED] - Scroll to object 'Object Repository/RAD_Pages/PaymentAmount_Page/input__paymentAmount' successfully

2023-11-01 15:47:06 - [TEST_STEP][PASSED] - setText(findTestObject(orPath_AddressContact + "/input_eMailAddress"), "imtiazster@gmail.com"): Text 'imtiazster@gmail.com' is set on object 'Object Repository/RAD_Pages/AddressAndContactInfo_Page/input_eMailAddress'

2023-11-01 15:47:07 - [MESSAGE][PASSED] - Text 'imtiazster@gmail.com' is set on object 'Object Repository/RAD_Pages/AddressAndContactInfo_Page/input_eMailAddress'

2023-11-01 15:47:07 - [TEST_STEP][PASSED] - setText(findTestObject(orPath_AddressContact + "/input_reEnterEMailAddress"), "iahmed@govolution.com"): Text 'iahmed@govolution.com' is set on object 'Object Repository/RAD_Pages/AddressAndContactInfo_Page/input_reEnterEMailAddress'

2023-11-01 15:47:08 - [MESSAGE][PASSED] - Text 'iahmed@govolution.com' is set on object 'Object Repository/RAD_Pages/AddressAndContactInfo_Page/input_reEnterEMailAddress'

2023-11-01 15:47:08 - [TEST_STEP][PASSED] - delay(2): Delayed 2 second(s)

2023-11-01 15:47:10 - [MESSAGE][PASSED] - Delayed 2 second(s)

2023-11-01 15:47:10 - [TEST_STEP][PASSED] - if (verifyTextPresent("The Email and Re-enter email do not match", true)): null

2023-11-01 15:47:10 - [MESSAGE][PASSED] - Text 'The Email and Re-enter email do not match' is present on page  using regular expression

2023-11-01 15:47:10 - [TEST_STEP][PASSED] - println("Emails Dont match text is present"): null

2023-11-01 15:47:10 - [TEST_STEP][PASSED] - out.println("Pass Record Number: " + row): null

2023-11-01 15:47:10 - [TEST_STEP][PASSED] - resText = "Pass": null

2023-11-01 15:47:10 - [TEST_STEP][PASSED] - pages.WriteExcel.demoKey(resText, datText, resColumn, datCloumn, fileLoc, nameSheet, row): pages.WriteExcel.demoKey is PASSED

2023-11-01 15:47:10 - [MESSAGE][PASSED] - pages.WriteExcel.demoKey is PASSED

2023-11-01 15:47:10 - [TEST_STEP][PASSED] - ExecuteTC = findTestData(dataFile).getValue("Execute", row): null

2023-11-01 15:47:10 - [TEST_STEP][PASSED] - Taxtype = findTestData(dataFile).getValue("TaxType", row): null

2023-11-01 15:47:10 - [TEST_STEP][PASSED] - Paymenttype = findTestData(dataFile).getValue("PaymentType", row): null

2023-11-01 15:47:10 - [TEST_STEP][PASSED] - out.println("Value of Execute is : " + ExecuteTC): null

2023-11-01 15:47:10 - [TEST_STEP][PASSED] - if (ExecuteTC.equalsIgnoreCase("Y")): null

2023-11-01 15:47:10 - [TEST_STEP][PASSED] - out.println("Begin Record Number: " + row): null

2023-11-01 15:47:10 - [TEST_STEP][PASSED] - today = new java.util.Date(): null

2023-11-01 15:47:10 - [TEST_STEP][PASSED] - println(today): null

2023-11-01 15:47:10 - [TEST_STEP][PASSED] - datText = today: null

2023-11-01 15:47:10 - [TEST_STEP][PASSED] - Taxtype = findTestData(dataFile).getValue("TaxType", row): null

2023-11-01 15:47:10 - [TEST_STEP][PASSED] - out.println("Taxtype value is : " + Taxtype): null

2023-11-01 15:47:10 - [TEST_STEP][PASSED] - openBrowser(""): Browser is opened with url: ''

2023-11-01 15:47:10 - [MESSAGE][WARNING] - A browser is already opened. Closing browser and opening a new one

2023-11-01 15:47:11 - [MESSAGE][INFO] - Starting 'Chrome' driver

2023-11-01 15:47:11 - [MESSAGE][INFO] - User set preference: ['acceptInsecureCerts', 'true']

2023-11-01 15:47:11 - [MESSAGE][INFO] - Action delay is set to 0 milliseconds

2023-11-01 15:47:13 - [MESSAGE][PASSED] - Browser is opened with url: ''

2023-11-01 15:47:13 - [TEST_STEP][PASSED] - maximizeWindow(): Current window maximized

2023-11-01 15:47:13 - [MESSAGE][PASSED] - Current window maximized

2023-11-01 15:47:13 - [TEST_STEP][PASSED] - navigateToUrl(RADurl): Navigate to 'https://qa2.velocitypayment.com/client/rad/index.html' successfully

2023-11-01 15:47:13 - [MESSAGE][PASSED] - Navigate to 'https://qa2.velocitypayment.com/client/rad/index.html' successfully

2023-11-01 15:47:13 - [TEST_STEP][PASSED] - orPath_Landing = "Object Repository/RAD_Pages/Landing_Page": null

2023-11-01 15:47:13 - [TEST_STEP][PASSED] - orPath_TaxTypeFilingYear = "Object Repository/RAD_Pages/TaxTypeFilingYear_Page": null

2023-11-01 15:47:13 - [TEST_STEP][PASSED] - orPath_TaxPayer = "Object Repository/RAD_Pages/Taxpayer_Page": null

2023-11-01 15:47:13 - [TEST_STEP][PASSED] - orPath_AddressContact = "Object Repository/RAD_Pages/AddressAndContactInfo_Page": null

2023-11-01 15:47:13 - [TEST_STEP][PASSED] - orPath_FilingStatus = "Object Repository/RAD_Pages/FilingStatus_Page": null

2023-11-01 15:47:13 - [TEST_STEP][PASSED] - orPath_Amount = "Object Repository/RAD_Pages/PaymentAmount_Page": null

2023-11-01 15:47:13 - [TEST_STEP][PASSED] - selectOptionByLabel(findTestObject(orPath_Landing + "/dd_TaxType"), Paymenttype, false): All options with label 'Existing Liability w/Notice Number' are selected in object 'Object Repository/RAD_Pages/Landing_Page/dd_TaxType' 

2023-11-01 15:47:15 - [MESSAGE][PASSED] - All options with label 'Existing Liability w/Notice Number' are selected in object 'Object Repository/RAD_Pages/Landing_Page/dd_TaxType' 

2023-11-01 15:47:15 - [TEST_STEP][PASSED] - delay(1): Delayed 1 second(s)

2023-11-01 15:47:16 - [MESSAGE][PASSED] - Delayed 1 second(s)

2023-11-01 15:47:16 - [TEST_STEP][PASSED] - switch (Paymenttype): null

2023-11-01 15:47:16 - [TEST_STEP][PASSED] - case "Existing Liability w/Notice Number":: null

2023-11-01 15:47:16 - [TEST_STEP][PASSED] - selectOptionByLabel(findTestObject(orPath_TaxTypeFilingYear + "/select_TaxType_ExistingLiability"), Taxtype, false): All options with label 'Tire Recycling Fee' are selected in object 'Object Repository/RAD_Pages/TaxTypeFilingYear_Page/select_TaxType_ExistingLiability' 

2023-11-01 15:47:17 - [MESSAGE][PASSED] - All options with label 'Tire Recycling Fee' are selected in object 'Object Repository/RAD_Pages/TaxTypeFilingYear_Page/select_TaxType_ExistingLiability' 

2023-11-01 15:47:17 - [TEST_STEP][PASSED] - break: null

2023-11-01 15:47:17 - [TEST_STEP][PASSED] - delay(1): Delayed 1 second(s)

2023-11-01 15:47:18 - [MESSAGE][PASSED] - Delayed 1 second(s)

2023-11-01 15:47:18 - [TEST_STEP][PASSED] - scrollToElement(findTestObject(orPath_Amount + "/input__paymentAmount"), 3): Scroll to object 'Object Repository/RAD_Pages/PaymentAmount_Page/input__paymentAmount' successfully

2023-11-01 15:47:18 - [MESSAGE][PASSED] - Scroll to object 'Object Repository/RAD_Pages/PaymentAmount_Page/input__paymentAmount' successfully

2023-11-01 15:47:18 - [TEST_STEP][PASSED] - setText(findTestObject(orPath_AddressContact + "/input_eMailAddress"), "imtiazster@gmail.com"): Text 'imtiazster@gmail.com' is set on object 'Object Repository/RAD_Pages/AddressAndContactInfo_Page/input_eMailAddress'

2023-11-01 15:47:19 - [MESSAGE][PASSED] - Text 'imtiazster@gmail.com' is set on object 'Object Repository/RAD_Pages/AddressAndContactInfo_Page/input_eMailAddress'

2023-11-01 15:47:19 - [TEST_STEP][PASSED] - setText(findTestObject(orPath_AddressContact + "/input_reEnterEMailAddress"), "iahmed@govolution.com"): Text 'iahmed@govolution.com' is set on object 'Object Repository/RAD_Pages/AddressAndContactInfo_Page/input_reEnterEMailAddress'

2023-11-01 15:47:20 - [MESSAGE][PASSED] - Text 'iahmed@govolution.com' is set on object 'Object Repository/RAD_Pages/AddressAndContactInfo_Page/input_reEnterEMailAddress'

2023-11-01 15:47:20 - [TEST_STEP][PASSED] - delay(2): Delayed 2 second(s)

2023-11-01 15:47:22 - [MESSAGE][PASSED] - Delayed 2 second(s)

2023-11-01 15:47:22 - [TEST_STEP][PASSED] - if (verifyTextPresent("The Email and Re-enter email do not match", true)): null

2023-11-01 15:47:22 - [MESSAGE][PASSED] - Text 'The Email and Re-enter email do not match' is present on page  using regular expression

2023-11-01 15:47:22 - [TEST_STEP][PASSED] - println("Emails Dont match text is present"): null

2023-11-01 15:47:22 - [TEST_STEP][PASSED] - out.println("Pass Record Number: " + row): null

2023-11-01 15:47:22 - [TEST_STEP][PASSED] - resText = "Pass": null

2023-11-01 15:47:22 - [TEST_STEP][PASSED] - pages.WriteExcel.demoKey(resText, datText, resColumn, datCloumn, fileLoc, nameSheet, row): pages.WriteExcel.demoKey is PASSED

2023-11-01 15:47:22 - [MESSAGE][PASSED] - pages.WriteExcel.demoKey is PASSED

2023-11-01 15:47:22 - [TEST_STEP][PASSED] - ExecuteTC = findTestData(dataFile).getValue("Execute", row): null

2023-11-01 15:47:22 - [TEST_STEP][PASSED] - Taxtype = findTestData(dataFile).getValue("TaxType", row): null

2023-11-01 15:47:22 - [TEST_STEP][PASSED] - Paymenttype = findTestData(dataFile).getValue("PaymentType", row): null

2023-11-01 15:47:22 - [TEST_STEP][PASSED] - out.println("Value of Execute is : " + ExecuteTC): null

2023-11-01 15:47:22 - [TEST_STEP][PASSED] - if (ExecuteTC.equalsIgnoreCase("Y")): null

2023-11-01 15:47:22 - [TEST_STEP][PASSED] - out.println("Begin Record Number: " + row): null

2023-11-01 15:47:22 - [TEST_STEP][PASSED] - today = new java.util.Date(): null

2023-11-01 15:47:22 - [TEST_STEP][PASSED] - println(today): null

2023-11-01 15:47:22 - [TEST_STEP][PASSED] - datText = today: null

2023-11-01 15:47:22 - [TEST_STEP][PASSED] - Taxtype = findTestData(dataFile).getValue("TaxType", row): null

2023-11-01 15:47:22 - [TEST_STEP][PASSED] - out.println("Taxtype value is : " + Taxtype): null

2023-11-01 15:47:22 - [TEST_STEP][PASSED] - openBrowser(""): Browser is opened with url: ''

2023-11-01 15:47:22 - [MESSAGE][WARNING] - A browser is already opened. Closing browser and opening a new one

2023-11-01 15:47:23 - [MESSAGE][INFO] - Starting 'Chrome' driver

2023-11-01 15:47:23 - [MESSAGE][INFO] - User set preference: ['acceptInsecureCerts', 'true']

2023-11-01 15:47:23 - [MESSAGE][INFO] - Action delay is set to 0 milliseconds

2023-11-01 15:47:25 - [MESSAGE][PASSED] - Browser is opened with url: ''

2023-11-01 15:47:25 - [TEST_STEP][PASSED] - maximizeWindow(): Current window maximized

2023-11-01 15:47:25 - [MESSAGE][PASSED] - Current window maximized

2023-11-01 15:47:25 - [TEST_STEP][PASSED] - navigateToUrl(RADurl): Navigate to 'https://qa2.velocitypayment.com/client/rad/index.html' successfully

2023-11-01 15:47:26 - [MESSAGE][PASSED] - Navigate to 'https://qa2.velocitypayment.com/client/rad/index.html' successfully

2023-11-01 15:47:26 - [TEST_STEP][PASSED] - orPath_Landing = "Object Repository/RAD_Pages/Landing_Page": null

2023-11-01 15:47:26 - [TEST_STEP][PASSED] - orPath_TaxTypeFilingYear = "Object Repository/RAD_Pages/TaxTypeFilingYear_Page": null

2023-11-01 15:47:26 - [TEST_STEP][PASSED] - orPath_TaxPayer = "Object Repository/RAD_Pages/Taxpayer_Page": null

2023-11-01 15:47:26 - [TEST_STEP][PASSED] - orPath_AddressContact = "Object Repository/RAD_Pages/AddressAndContactInfo_Page": null

2023-11-01 15:47:26 - [TEST_STEP][PASSED] - orPath_FilingStatus = "Object Repository/RAD_Pages/FilingStatus_Page": null

2023-11-01 15:47:26 - [TEST_STEP][PASSED] - orPath_Amount = "Object Repository/RAD_Pages/PaymentAmount_Page": null

2023-11-01 15:47:26 - [TEST_STEP][PASSED] - selectOptionByLabel(findTestObject(orPath_Landing + "/dd_TaxType"), Paymenttype, false): All options with label 'Existing Liability w/Notice Number' are selected in object 'Object Repository/RAD_Pages/Landing_Page/dd_TaxType' 

2023-11-01 15:47:27 - [MESSAGE][PASSED] - All options with label 'Existing Liability w/Notice Number' are selected in object 'Object Repository/RAD_Pages/Landing_Page/dd_TaxType' 

2023-11-01 15:47:27 - [TEST_STEP][PASSED] - delay(1): Delayed 1 second(s)

2023-11-01 15:47:28 - [MESSAGE][PASSED] - Delayed 1 second(s)

2023-11-01 15:47:28 - [TEST_STEP][PASSED] - switch (Paymenttype): null

2023-11-01 15:47:28 - [TEST_STEP][PASSED] - case "Existing Liability w/Notice Number":: null

2023-11-01 15:47:28 - [TEST_STEP][PASSED] - selectOptionByLabel(findTestObject(orPath_TaxTypeFilingYear + "/select_TaxType_ExistingLiability"), Taxtype, false): All options with label 'Withholding Tax' are selected in object 'Object Repository/RAD_Pages/TaxTypeFilingYear_Page/select_TaxType_ExistingLiability' 

2023-11-01 15:47:29 - [MESSAGE][PASSED] - All options with label 'Withholding Tax' are selected in object 'Object Repository/RAD_Pages/TaxTypeFilingYear_Page/select_TaxType_ExistingLiability' 

2023-11-01 15:47:29 - [TEST_STEP][PASSED] - break: null

2023-11-01 15:47:29 - [TEST_STEP][PASSED] - delay(1): Delayed 1 second(s)

2023-11-01 15:47:30 - [MESSAGE][PASSED] - Delayed 1 second(s)

2023-11-01 15:47:30 - [TEST_STEP][PASSED] - scrollToElement(findTestObject(orPath_Amount + "/input__paymentAmount"), 3): Scroll to object 'Object Repository/RAD_Pages/PaymentAmount_Page/input__paymentAmount' successfully

2023-11-01 15:47:30 - [MESSAGE][PASSED] - Scroll to object 'Object Repository/RAD_Pages/PaymentAmount_Page/input__paymentAmount' successfully

2023-11-01 15:47:30 - [TEST_STEP][PASSED] - setText(findTestObject(orPath_AddressContact + "/input_eMailAddress"), "imtiazster@gmail.com"): Text 'imtiazster@gmail.com' is set on object 'Object Repository/RAD_Pages/AddressAndContactInfo_Page/input_eMailAddress'

2023-11-01 15:47:31 - [MESSAGE][PASSED] - Text 'imtiazster@gmail.com' is set on object 'Object Repository/RAD_Pages/AddressAndContactInfo_Page/input_eMailAddress'

2023-11-01 15:47:31 - [TEST_STEP][PASSED] - setText(findTestObject(orPath_AddressContact + "/input_reEnterEMailAddress"), "iahmed@govolution.com"): Text 'iahmed@govolution.com' is set on object 'Object Repository/RAD_Pages/AddressAndContactInfo_Page/input_reEnterEMailAddress'

2023-11-01 15:47:31 - [MESSAGE][PASSED] - Text 'iahmed@govolution.com' is set on object 'Object Repository/RAD_Pages/AddressAndContactInfo_Page/input_reEnterEMailAddress'

2023-11-01 15:47:32 - [TEST_STEP][PASSED] - delay(2): Delayed 2 second(s)

2023-11-01 15:47:34 - [MESSAGE][PASSED] - Delayed 2 second(s)

2023-11-01 15:47:34 - [TEST_STEP][PASSED] - if (verifyTextPresent("The Email and Re-enter email do not match", true)): null

2023-11-01 15:47:34 - [MESSAGE][PASSED] - Text 'The Email and Re-enter email do not match' is present on page  using regular expression

2023-11-01 15:47:34 - [TEST_STEP][PASSED] - println("Emails Dont match text is present"): null

2023-11-01 15:47:34 - [TEST_STEP][PASSED] - out.println("Pass Record Number: " + row): null

2023-11-01 15:47:34 - [TEST_STEP][PASSED] - resText = "Pass": null

2023-11-01 15:47:34 - [TEST_STEP][PASSED] - pages.WriteExcel.demoKey(resText, datText, resColumn, datCloumn, fileLoc, nameSheet, row): pages.WriteExcel.demoKey is PASSED

2023-11-01 15:47:34 - [MESSAGE][PASSED] - pages.WriteExcel.demoKey is PASSED

2023-11-01 15:47:34 - [TEST_STEP][PASSED] - ExecuteTC = findTestData(dataFile).getValue("Execute", row): null

2023-11-01 15:47:34 - [TEST_STEP][PASSED] - Taxtype = findTestData(dataFile).getValue("TaxType", row): null

2023-11-01 15:47:34 - [TEST_STEP][PASSED] - Paymenttype = findTestData(dataFile).getValue("PaymentType", row): null

2023-11-01 15:47:34 - [TEST_STEP][PASSED] - out.println("Value of Execute is : " + ExecuteTC): null

2023-11-01 15:47:34 - [TEST_STEP][PASSED] - if (ExecuteTC.equalsIgnoreCase("Y")): null

2023-11-01 15:47:34 - [TEST_STEP][PASSED] - out.println("Begin Record Number: " + row): null

2023-11-01 15:47:34 - [TEST_STEP][PASSED] - today = new java.util.Date(): null

2023-11-01 15:47:34 - [TEST_STEP][PASSED] - println(today): null

2023-11-01 15:47:34 - [TEST_STEP][PASSED] - datText = today: null

2023-11-01 15:47:34 - [TEST_STEP][PASSED] - Taxtype = findTestData(dataFile).getValue("TaxType", row): null

2023-11-01 15:47:34 - [TEST_STEP][PASSED] - out.println("Taxtype value is : " + Taxtype): null

2023-11-01 15:47:34 - [TEST_STEP][PASSED] - openBrowser(""): Browser is opened with url: ''

2023-11-01 15:47:34 - [MESSAGE][WARNING] - A browser is already opened. Closing browser and opening a new one

2023-11-01 15:47:35 - [MESSAGE][INFO] - Starting 'Chrome' driver

2023-11-01 15:47:35 - [MESSAGE][INFO] - User set preference: ['acceptInsecureCerts', 'true']

2023-11-01 15:47:35 - [MESSAGE][INFO] - Action delay is set to 0 milliseconds

2023-11-01 15:47:37 - [MESSAGE][PASSED] - Browser is opened with url: ''

2023-11-01 15:47:37 - [TEST_STEP][PASSED] - maximizeWindow(): Current window maximized

2023-11-01 15:47:37 - [MESSAGE][PASSED] - Current window maximized

2023-11-01 15:47:37 - [TEST_STEP][PASSED] - navigateToUrl(RADurl): Navigate to 'https://qa2.velocitypayment.com/client/rad/index.html' successfully

2023-11-01 15:47:38 - [MESSAGE][PASSED] - Navigate to 'https://qa2.velocitypayment.com/client/rad/index.html' successfully

2023-11-01 15:47:38 - [TEST_STEP][PASSED] - orPath_Landing = "Object Repository/RAD_Pages/Landing_Page": null

2023-11-01 15:47:38 - [TEST_STEP][PASSED] - orPath_TaxTypeFilingYear = "Object Repository/RAD_Pages/TaxTypeFilingYear_Page": null

2023-11-01 15:47:38 - [TEST_STEP][PASSED] - orPath_TaxPayer = "Object Repository/RAD_Pages/Taxpayer_Page": null

2023-11-01 15:47:38 - [TEST_STEP][PASSED] - orPath_AddressContact = "Object Repository/RAD_Pages/AddressAndContactInfo_Page": null

2023-11-01 15:47:38 - [TEST_STEP][PASSED] - orPath_FilingStatus = "Object Repository/RAD_Pages/FilingStatus_Page": null

2023-11-01 15:47:38 - [TEST_STEP][PASSED] - orPath_Amount = "Object Repository/RAD_Pages/PaymentAmount_Page": null

2023-11-01 15:47:38 - [TEST_STEP][PASSED] - selectOptionByLabel(findTestObject(orPath_Landing + "/dd_TaxType"), Paymenttype, false): All options with label 'Existing Liability w/Notice Number' are selected in object 'Object Repository/RAD_Pages/Landing_Page/dd_TaxType' 

2023-11-01 15:47:39 - [MESSAGE][PASSED] - All options with label 'Existing Liability w/Notice Number' are selected in object 'Object Repository/RAD_Pages/Landing_Page/dd_TaxType' 

2023-11-01 15:47:39 - [TEST_STEP][PASSED] - delay(1): Delayed 1 second(s)

2023-11-01 15:47:40 - [MESSAGE][PASSED] - Delayed 1 second(s)

2023-11-01 15:47:40 - [TEST_STEP][PASSED] - switch (Paymenttype): null

2023-11-01 15:47:40 - [TEST_STEP][PASSED] - case "Existing Liability w/Notice Number":: null

2023-11-01 15:47:40 - [TEST_STEP][PASSED] - selectOptionByLabel(findTestObject(orPath_TaxTypeFilingYear + "/select_TaxType_ExistingLiability"), Taxtype, false): All options with label 'Alcohol Tax' are selected in object 'Object Repository/RAD_Pages/TaxTypeFilingYear_Page/select_TaxType_ExistingLiability' 

2023-11-01 15:47:40 - [MESSAGE][PASSED] - All options with label 'Alcohol Tax' are selected in object 'Object Repository/RAD_Pages/TaxTypeFilingYear_Page/select_TaxType_ExistingLiability' 

2023-11-01 15:47:40 - [TEST_STEP][PASSED] - break: null

2023-11-01 15:47:40 - [TEST_STEP][PASSED] - delay(1): Delayed 1 second(s)

2023-11-01 15:47:41 - [MESSAGE][PASSED] - Delayed 1 second(s)

2023-11-01 15:47:41 - [TEST_STEP][PASSED] - scrollToElement(findTestObject(orPath_Amount + "/input__paymentAmount"), 3): Scroll to object 'Object Repository/RAD_Pages/PaymentAmount_Page/input__paymentAmount' successfully

2023-11-01 15:47:42 - [MESSAGE][PASSED] - Scroll to object 'Object Repository/RAD_Pages/PaymentAmount_Page/input__paymentAmount' successfully

2023-11-01 15:47:42 - [TEST_STEP][PASSED] - setText(findTestObject(orPath_AddressContact + "/input_eMailAddress"), "imtiazster@gmail.com"): Text 'imtiazster@gmail.com' is set on object 'Object Repository/RAD_Pages/AddressAndContactInfo_Page/input_eMailAddress'

2023-11-01 15:47:43 - [MESSAGE][PASSED] - Text 'imtiazster@gmail.com' is set on object 'Object Repository/RAD_Pages/AddressAndContactInfo_Page/input_eMailAddress'

2023-11-01 15:47:43 - [TEST_STEP][PASSED] - setText(findTestObject(orPath_AddressContact + "/input_reEnterEMailAddress"), "iahmed@govolution.com"): Text 'iahmed@govolution.com' is set on object 'Object Repository/RAD_Pages/AddressAndContactInfo_Page/input_reEnterEMailAddress'

2023-11-01 15:47:43 - [MESSAGE][PASSED] - Text 'iahmed@govolution.com' is set on object 'Object Repository/RAD_Pages/AddressAndContactInfo_Page/input_reEnterEMailAddress'

2023-11-01 15:47:43 - [TEST_STEP][PASSED] - delay(2): Delayed 2 second(s)

2023-11-01 15:47:45 - [MESSAGE][PASSED] - Delayed 2 second(s)

2023-11-01 15:47:45 - [TEST_STEP][PASSED] - if (verifyTextPresent("The Email and Re-enter email do not match", true)): null

2023-11-01 15:47:46 - [MESSAGE][PASSED] - Text 'The Email and Re-enter email do not match' is present on page  using regular expression

2023-11-01 15:47:46 - [TEST_STEP][PASSED] - println("Emails Dont match text is present"): null

2023-11-01 15:47:46 - [TEST_STEP][PASSED] - out.println("Pass Record Number: " + row): null

2023-11-01 15:47:46 - [TEST_STEP][PASSED] - resText = "Pass": null

2023-11-01 15:47:46 - [TEST_STEP][PASSED] - pages.WriteExcel.demoKey(resText, datText, resColumn, datCloumn, fileLoc, nameSheet, row): pages.WriteExcel.demoKey is PASSED

2023-11-01 15:47:46 - [MESSAGE][PASSED] - pages.WriteExcel.demoKey is PASSED

2023-11-01 15:47:46 - [TEST_STEP][PASSED] - ExecuteTC = findTestData(dataFile).getValue("Execute", row): null

2023-11-01 15:47:46 - [TEST_STEP][PASSED] - Taxtype = findTestData(dataFile).getValue("TaxType", row): null

2023-11-01 15:47:46 - [TEST_STEP][PASSED] - Paymenttype = findTestData(dataFile).getValue("PaymentType", row): null

2023-11-01 15:47:46 - [TEST_STEP][PASSED] - out.println("Value of Execute is : " + ExecuteTC): null

2023-11-01 15:47:46 - [TEST_STEP][PASSED] - if (ExecuteTC.equalsIgnoreCase("Y")): null

2023-11-01 15:47:46 - [TEST_STEP][PASSED] - out.println("Begin Record Number: " + row): null

2023-11-01 15:47:46 - [TEST_STEP][PASSED] - today = new java.util.Date(): null

2023-11-01 15:47:46 - [TEST_STEP][PASSED] - println(today): null

2023-11-01 15:47:46 - [TEST_STEP][PASSED] - datText = today: null

2023-11-01 15:47:46 - [TEST_STEP][PASSED] - Taxtype = findTestData(dataFile).getValue("TaxType", row): null

2023-11-01 15:47:46 - [TEST_STEP][PASSED] - out.println("Taxtype value is : " + Taxtype): null

2023-11-01 15:47:46 - [TEST_STEP][PASSED] - openBrowser(""): Browser is opened with url: ''

2023-11-01 15:47:46 - [MESSAGE][WARNING] - A browser is already opened. Closing browser and opening a new one

2023-11-01 15:47:47 - [MESSAGE][INFO] - Starting 'Chrome' driver

2023-11-01 15:47:47 - [MESSAGE][INFO] - User set preference: ['acceptInsecureCerts', 'true']

2023-11-01 15:47:47 - [MESSAGE][INFO] - Action delay is set to 0 milliseconds

2023-11-01 15:47:49 - [MESSAGE][PASSED] - Browser is opened with url: ''

2023-11-01 15:47:49 - [TEST_STEP][PASSED] - maximizeWindow(): Current window maximized

2023-11-01 15:47:49 - [MESSAGE][PASSED] - Current window maximized

2023-11-01 15:47:49 - [TEST_STEP][PASSED] - navigateToUrl(RADurl): Navigate to 'https://qa2.velocitypayment.com/client/rad/index.html' successfully

2023-11-01 15:47:50 - [MESSAGE][PASSED] - Navigate to 'https://qa2.velocitypayment.com/client/rad/index.html' successfully

2023-11-01 15:47:50 - [TEST_STEP][PASSED] - orPath_Landing = "Object Repository/RAD_Pages/Landing_Page": null

2023-11-01 15:47:50 - [TEST_STEP][PASSED] - orPath_TaxTypeFilingYear = "Object Repository/RAD_Pages/TaxTypeFilingYear_Page": null

2023-11-01 15:47:50 - [TEST_STEP][PASSED] - orPath_TaxPayer = "Object Repository/RAD_Pages/Taxpayer_Page": null

2023-11-01 15:47:50 - [TEST_STEP][PASSED] - orPath_AddressContact = "Object Repository/RAD_Pages/AddressAndContactInfo_Page": null

2023-11-01 15:47:50 - [TEST_STEP][PASSED] - orPath_FilingStatus = "Object Repository/RAD_Pages/FilingStatus_Page": null

2023-11-01 15:47:50 - [TEST_STEP][PASSED] - orPath_Amount = "Object Repository/RAD_Pages/PaymentAmount_Page": null

2023-11-01 15:47:50 - [TEST_STEP][PASSED] - selectOptionByLabel(findTestObject(orPath_Landing + "/dd_TaxType"), Paymenttype, false): All options with label 'Existing Liability w/Notice Number' are selected in object 'Object Repository/RAD_Pages/Landing_Page/dd_TaxType' 

2023-11-01 15:47:51 - [MESSAGE][PASSED] - All options with label 'Existing Liability w/Notice Number' are selected in object 'Object Repository/RAD_Pages/Landing_Page/dd_TaxType' 

2023-11-01 15:47:51 - [TEST_STEP][PASSED] - delay(1): Delayed 1 second(s)

2023-11-01 15:47:52 - [MESSAGE][PASSED] - Delayed 1 second(s)

2023-11-01 15:47:52 - [TEST_STEP][PASSED] - switch (Paymenttype): null

2023-11-01 15:47:52 - [TEST_STEP][PASSED] - case "Existing Liability w/Notice Number":: null

2023-11-01 15:47:52 - [TEST_STEP][PASSED] - selectOptionByLabel(findTestObject(orPath_TaxTypeFilingYear + "/select_TaxType_ExistingLiability"), Taxtype, false): All options with label 'PTE Tax Electing Non-S Corp' are selected in object 'Object Repository/RAD_Pages/TaxTypeFilingYear_Page/select_TaxType_ExistingLiability' 

2023-11-01 15:47:53 - [MESSAGE][PASSED] - All options with label 'PTE Tax Electing Non-S Corp' are selected in object 'Object Repository/RAD_Pages/TaxTypeFilingYear_Page/select_TaxType_ExistingLiability' 

2023-11-01 15:47:53 - [TEST_STEP][PASSED] - break: null

2023-11-01 15:47:53 - [TEST_STEP][PASSED] - delay(1): Delayed 1 second(s)

2023-11-01 15:47:54 - [MESSAGE][PASSED] - Delayed 1 second(s)

2023-11-01 15:47:54 - [TEST_STEP][PASSED] - scrollToElement(findTestObject(orPath_Amount + "/input__paymentAmount"), 3): Scroll to object 'Object Repository/RAD_Pages/PaymentAmount_Page/input__paymentAmount' successfully

2023-11-01 15:47:54 - [MESSAGE][PASSED] - Scroll to object 'Object Repository/RAD_Pages/PaymentAmount_Page/input__paymentAmount' successfully

2023-11-01 15:47:54 - [TEST_STEP][PASSED] - setText(findTestObject(orPath_AddressContact + "/input_eMailAddress"), "imtiazster@gmail.com"): Text 'imtiazster@gmail.com' is set on object 'Object Repository/RAD_Pages/AddressAndContactInfo_Page/input_eMailAddress'

2023-11-01 15:47:55 - [MESSAGE][PASSED] - Text 'imtiazster@gmail.com' is set on object 'Object Repository/RAD_Pages/AddressAndContactInfo_Page/input_eMailAddress'

2023-11-01 15:47:55 - [TEST_STEP][PASSED] - setText(findTestObject(orPath_AddressContact + "/input_reEnterEMailAddress"), "iahmed@govolution.com"): Text 'iahmed@govolution.com' is set on object 'Object Repository/RAD_Pages/AddressAndContactInfo_Page/input_reEnterEMailAddress'

2023-11-01 15:47:56 - [MESSAGE][PASSED] - Text 'iahmed@govolution.com' is set on object 'Object Repository/RAD_Pages/AddressAndContactInfo_Page/input_reEnterEMailAddress'

2023-11-01 15:47:56 - [TEST_STEP][PASSED] - delay(2): Delayed 2 second(s)

2023-11-01 15:47:58 - [MESSAGE][PASSED] - Delayed 2 second(s)

2023-11-01 15:47:58 - [TEST_STEP][PASSED] - if (verifyTextPresent("The Email and Re-enter email do not match", true)): null

2023-11-01 15:47:58 - [MESSAGE][PASSED] - Text 'The Email and Re-enter email do not match' is present on page  using regular expression

2023-11-01 15:47:58 - [TEST_STEP][PASSED] - println("Emails Dont match text is present"): null

2023-11-01 15:47:58 - [TEST_STEP][PASSED] - out.println("Pass Record Number: " + row): null

2023-11-01 15:47:58 - [TEST_STEP][PASSED] - resText = "Pass": null

2023-11-01 15:47:58 - [TEST_STEP][PASSED] - pages.WriteExcel.demoKey(resText, datText, resColumn, datCloumn, fileLoc, nameSheet, row): pages.WriteExcel.demoKey is PASSED

2023-11-01 15:47:58 - [MESSAGE][PASSED] - pages.WriteExcel.demoKey is PASSED

2023-11-01 15:47:58 - [TEST_STEP][PASSED] - ExecuteTC = findTestData(dataFile).getValue("Execute", row): null

2023-11-01 15:47:58 - [TEST_STEP][PASSED] - Taxtype = findTestData(dataFile).getValue("TaxType", row): null

2023-11-01 15:47:58 - [TEST_STEP][PASSED] - Paymenttype = findTestData(dataFile).getValue("PaymentType", row): null

2023-11-01 15:47:58 - [TEST_STEP][PASSED] - out.println("Value of Execute is : " + ExecuteTC): null

2023-11-01 15:47:58 - [TEST_STEP][PASSED] - if (ExecuteTC.equalsIgnoreCase("Y")): null

2023-11-01 15:47:58 - [TEST_STEP][PASSED] - out.println("Begin Record Number: " + row): null

2023-11-01 15:47:58 - [TEST_STEP][PASSED] - today = new java.util.Date(): null

2023-11-01 15:47:58 - [TEST_STEP][PASSED] - println(today): null

2023-11-01 15:47:58 - [TEST_STEP][PASSED] - datText = today: null

2023-11-01 15:47:58 - [TEST_STEP][PASSED] - Taxtype = findTestData(dataFile).getValue("TaxType", row): null

2023-11-01 15:47:58 - [TEST_STEP][PASSED] - out.println("Taxtype value is : " + Taxtype): null

2023-11-01 15:47:58 - [TEST_STEP][PASSED] - openBrowser(""): Browser is opened with url: ''

2023-11-01 15:47:58 - [MESSAGE][WARNING] - A browser is already opened. Closing browser and opening a new one

2023-11-01 15:47:59 - [MESSAGE][INFO] - Starting 'Chrome' driver

2023-11-01 15:47:59 - [MESSAGE][INFO] - User set preference: ['acceptInsecureCerts', 'true']

2023-11-01 15:47:59 - [MESSAGE][INFO] - Action delay is set to 0 milliseconds

2023-11-01 15:48:01 - [MESSAGE][PASSED] - Browser is opened with url: ''

2023-11-01 15:48:01 - [TEST_STEP][PASSED] - maximizeWindow(): Current window maximized

2023-11-01 15:48:01 - [MESSAGE][PASSED] - Current window maximized

2023-11-01 15:48:01 - [TEST_STEP][PASSED] - navigateToUrl(RADurl): Navigate to 'https://qa2.velocitypayment.com/client/rad/index.html' successfully

2023-11-01 15:48:02 - [MESSAGE][PASSED] - Navigate to 'https://qa2.velocitypayment.com/client/rad/index.html' successfully

2023-11-01 15:48:02 - [TEST_STEP][PASSED] - orPath_Landing = "Object Repository/RAD_Pages/Landing_Page": null

2023-11-01 15:48:02 - [TEST_STEP][PASSED] - orPath_TaxTypeFilingYear = "Object Repository/RAD_Pages/TaxTypeFilingYear_Page": null

2023-11-01 15:48:02 - [TEST_STEP][PASSED] - orPath_TaxPayer = "Object Repository/RAD_Pages/Taxpayer_Page": null

2023-11-01 15:48:02 - [TEST_STEP][PASSED] - orPath_AddressContact = "Object Repository/RAD_Pages/AddressAndContactInfo_Page": null

2023-11-01 15:48:02 - [TEST_STEP][PASSED] - orPath_FilingStatus = "Object Repository/RAD_Pages/FilingStatus_Page": null

2023-11-01 15:48:02 - [TEST_STEP][PASSED] - orPath_Amount = "Object Repository/RAD_Pages/PaymentAmount_Page": null

2023-11-01 15:48:02 - [TEST_STEP][PASSED] - selectOptionByLabel(findTestObject(orPath_Landing + "/dd_TaxType"), Paymenttype, false): All options with label 'Existing Liability w/Notice Number' are selected in object 'Object Repository/RAD_Pages/Landing_Page/dd_TaxType' 

2023-11-01 15:48:03 - [MESSAGE][PASSED] - All options with label 'Existing Liability w/Notice Number' are selected in object 'Object Repository/RAD_Pages/Landing_Page/dd_TaxType' 

2023-11-01 15:48:03 - [TEST_STEP][PASSED] - delay(1): Delayed 1 second(s)

2023-11-01 15:48:04 - [MESSAGE][PASSED] - Delayed 1 second(s)

2023-11-01 15:48:04 - [TEST_STEP][PASSED] - switch (Paymenttype): null

2023-11-01 15:48:04 - [TEST_STEP][PASSED] - case "Existing Liability w/Notice Number":: null

2023-11-01 15:48:04 - [TEST_STEP][PASSED] - selectOptionByLabel(findTestObject(orPath_TaxTypeFilingYear + "/select_TaxType_ExistingLiability"), Taxtype, false): All options with label 'PTE Tax Electing S Corp' are selected in object 'Object Repository/RAD_Pages/TaxTypeFilingYear_Page/select_TaxType_ExistingLiability' 

2023-11-01 15:48:05 - [MESSAGE][PASSED] - All options with label 'PTE Tax Electing S Corp' are selected in object 'Object Repository/RAD_Pages/TaxTypeFilingYear_Page/select_TaxType_ExistingLiability' 

2023-11-01 15:48:05 - [TEST_STEP][PASSED] - break: null

2023-11-01 15:48:05 - [TEST_STEP][PASSED] - delay(1): Delayed 1 second(s)

2023-11-01 15:48:06 - [MESSAGE][PASSED] - Delayed 1 second(s)

2023-11-01 15:48:06 - [TEST_STEP][PASSED] - scrollToElement(findTestObject(orPath_Amount + "/input__paymentAmount"), 3): Scroll to object 'Object Repository/RAD_Pages/PaymentAmount_Page/input__paymentAmount' successfully

2023-11-01 15:48:06 - [MESSAGE][PASSED] - Scroll to object 'Object Repository/RAD_Pages/PaymentAmount_Page/input__paymentAmount' successfully

2023-11-01 15:48:06 - [TEST_STEP][PASSED] - setText(findTestObject(orPath_AddressContact + "/input_eMailAddress"), "imtiazster@gmail.com"): Text 'imtiazster@gmail.com' is set on object 'Object Repository/RAD_Pages/AddressAndContactInfo_Page/input_eMailAddress'

2023-11-01 15:48:07 - [MESSAGE][PASSED] - Text 'imtiazster@gmail.com' is set on object 'Object Repository/RAD_Pages/AddressAndContactInfo_Page/input_eMailAddress'

2023-11-01 15:48:07 - [TEST_STEP][PASSED] - setText(findTestObject(orPath_AddressContact + "/input_reEnterEMailAddress"), "iahmed@govolution.com"): Text 'iahmed@govolution.com' is set on object 'Object Repository/RAD_Pages/AddressAndContactInfo_Page/input_reEnterEMailAddress'

2023-11-01 15:48:08 - [MESSAGE][PASSED] - Text 'iahmed@govolution.com' is set on object 'Object Repository/RAD_Pages/AddressAndContactInfo_Page/input_reEnterEMailAddress'

2023-11-01 15:48:08 - [TEST_STEP][PASSED] - delay(2): Delayed 2 second(s)

2023-11-01 15:48:10 - [MESSAGE][PASSED] - Delayed 2 second(s)

2023-11-01 15:48:10 - [TEST_STEP][PASSED] - if (verifyTextPresent("The Email and Re-enter email do not match", true)): null

2023-11-01 15:48:10 - [MESSAGE][PASSED] - Text 'The Email and Re-enter email do not match' is present on page  using regular expression

2023-11-01 15:48:10 - [TEST_STEP][PASSED] - println("Emails Dont match text is present"): null

2023-11-01 15:48:10 - [TEST_STEP][PASSED] - out.println("Pass Record Number: " + row): null

2023-11-01 15:48:10 - [TEST_STEP][PASSED] - resText = "Pass": null

2023-11-01 15:48:10 - [TEST_STEP][PASSED] - pages.WriteExcel.demoKey(resText, datText, resColumn, datCloumn, fileLoc, nameSheet, row): pages.WriteExcel.demoKey is PASSED

2023-11-01 15:48:10 - [MESSAGE][PASSED] - pages.WriteExcel.demoKey is PASSED

2023-11-01 15:48:10 - [TEST_STEP][PASSED] - ExecuteTC = findTestData(dataFile).getValue("Execute", row): null

2023-11-01 15:48:10 - [TEST_STEP][PASSED] - Taxtype = findTestData(dataFile).getValue("TaxType", row): null

2023-11-01 15:48:10 - [TEST_STEP][PASSED] - Paymenttype = findTestData(dataFile).getValue("PaymentType", row): null

2023-11-01 15:48:10 - [TEST_STEP][PASSED] - out.println("Value of Execute is : " + ExecuteTC): null

2023-11-01 15:48:10 - [TEST_STEP][PASSED] - if (ExecuteTC.equalsIgnoreCase("Y")): null

2023-11-01 15:48:10 - [TEST_STEP][PASSED] - out.println("Begin Record Number: " + row): null

2023-11-01 15:48:10 - [TEST_STEP][PASSED] - today = new java.util.Date(): null

2023-11-01 15:48:10 - [TEST_STEP][PASSED] - println(today): null

2023-11-01 15:48:10 - [TEST_STEP][PASSED] - datText = today: null

2023-11-01 15:48:10 - [TEST_STEP][PASSED] - Taxtype = findTestData(dataFile).getValue("TaxType", row): null

2023-11-01 15:48:10 - [TEST_STEP][PASSED] - out.println("Taxtype value is : " + Taxtype): null

2023-11-01 15:48:10 - [TEST_STEP][PASSED] - openBrowser(""): Browser is opened with url: ''

2023-11-01 15:48:10 - [MESSAGE][WARNING] - A browser is already opened. Closing browser and opening a new one

2023-11-01 15:48:11 - [MESSAGE][INFO] - Starting 'Chrome' driver

2023-11-01 15:48:11 - [MESSAGE][INFO] - User set preference: ['acceptInsecureCerts', 'true']

2023-11-01 15:48:11 - [MESSAGE][INFO] - Action delay is set to 0 milliseconds

2023-11-01 15:48:13 - [MESSAGE][PASSED] - Browser is opened with url: ''

2023-11-01 15:48:13 - [TEST_STEP][PASSED] - maximizeWindow(): Current window maximized

2023-11-01 15:48:13 - [MESSAGE][PASSED] - Current window maximized

2023-11-01 15:48:13 - [TEST_STEP][PASSED] - navigateToUrl(RADurl): Navigate to 'https://qa2.velocitypayment.com/client/rad/index.html' successfully

2023-11-01 15:48:14 - [MESSAGE][PASSED] - Navigate to 'https://qa2.velocitypayment.com/client/rad/index.html' successfully

2023-11-01 15:48:14 - [TEST_STEP][PASSED] - orPath_Landing = "Object Repository/RAD_Pages/Landing_Page": null

2023-11-01 15:48:14 - [TEST_STEP][PASSED] - orPath_TaxTypeFilingYear = "Object Repository/RAD_Pages/TaxTypeFilingYear_Page": null

2023-11-01 15:48:14 - [TEST_STEP][PASSED] - orPath_TaxPayer = "Object Repository/RAD_Pages/Taxpayer_Page": null

2023-11-01 15:48:14 - [TEST_STEP][PASSED] - orPath_AddressContact = "Object Repository/RAD_Pages/AddressAndContactInfo_Page": null

2023-11-01 15:48:14 - [TEST_STEP][PASSED] - orPath_FilingStatus = "Object Repository/RAD_Pages/FilingStatus_Page": null

2023-11-01 15:48:14 - [TEST_STEP][PASSED] - orPath_Amount = "Object Repository/RAD_Pages/PaymentAmount_Page": null

2023-11-01 15:48:14 - [TEST_STEP][PASSED] - selectOptionByLabel(findTestObject(orPath_Landing + "/dd_TaxType"), Paymenttype, false): All options with label 'Existing Liability w/Notice Number' are selected in object 'Object Repository/RAD_Pages/Landing_Page/dd_TaxType' 

2023-11-01 15:48:15 - [MESSAGE][PASSED] - All options with label 'Existing Liability w/Notice Number' are selected in object 'Object Repository/RAD_Pages/Landing_Page/dd_TaxType' 

2023-11-01 15:48:15 - [TEST_STEP][PASSED] - delay(1): Delayed 1 second(s)

2023-11-01 15:48:16 - [MESSAGE][PASSED] - Delayed 1 second(s)

2023-11-01 15:48:16 - [TEST_STEP][PASSED] - switch (Paymenttype): null

2023-11-01 15:48:16 - [TEST_STEP][PASSED] - case "Existing Liability w/Notice Number":: null

2023-11-01 15:48:16 - [TEST_STEP][PASSED] - selectOptionByLabel(findTestObject(orPath_TaxTypeFilingYear + "/select_TaxType_ExistingLiability"), Taxtype, false): All options with label 'Personal Income Tax' are selected in object 'Object Repository/RAD_Pages/TaxTypeFilingYear_Page/select_TaxType_ExistingLiability' 

2023-11-01 15:48:17 - [MESSAGE][PASSED] - All options with label 'Personal Income Tax' are selected in object 'Object Repository/RAD_Pages/TaxTypeFilingYear_Page/select_TaxType_ExistingLiability' 

2023-11-01 15:48:17 - [TEST_STEP][PASSED] - break: null

2023-11-01 15:48:17 - [TEST_STEP][PASSED] - delay(1): Delayed 1 second(s)

2023-11-01 15:48:18 - [MESSAGE][PASSED] - Delayed 1 second(s)

2023-11-01 15:48:18 - [TEST_STEP][PASSED] - scrollToElement(findTestObject(orPath_Amount + "/input__paymentAmount"), 3): Scroll to object 'Object Repository/RAD_Pages/PaymentAmount_Page/input__paymentAmount' successfully

2023-11-01 15:48:18 - [MESSAGE][PASSED] - Scroll to object 'Object Repository/RAD_Pages/PaymentAmount_Page/input__paymentAmount' successfully

2023-11-01 15:48:18 - [TEST_STEP][PASSED] - setText(findTestObject(orPath_AddressContact + "/input_eMailAddress"), "imtiazster@gmail.com"): Text 'imtiazster@gmail.com' is set on object 'Object Repository/RAD_Pages/AddressAndContactInfo_Page/input_eMailAddress'

2023-11-01 15:48:19 - [MESSAGE][PASSED] - Text 'imtiazster@gmail.com' is set on object 'Object Repository/RAD_Pages/AddressAndContactInfo_Page/input_eMailAddress'

2023-11-01 15:48:19 - [TEST_STEP][PASSED] - setText(findTestObject(orPath_AddressContact + "/input_reEnterEMailAddress"), "iahmed@govolution.com"): Text 'iahmed@govolution.com' is set on object 'Object Repository/RAD_Pages/AddressAndContactInfo_Page/input_reEnterEMailAddress'

2023-11-01 15:48:20 - [MESSAGE][PASSED] - Text 'iahmed@govolution.com' is set on object 'Object Repository/RAD_Pages/AddressAndContactInfo_Page/input_reEnterEMailAddress'

2023-11-01 15:48:20 - [TEST_STEP][PASSED] - delay(2): Delayed 2 second(s)

2023-11-01 15:48:22 - [MESSAGE][PASSED] - Delayed 2 second(s)

2023-11-01 15:48:22 - [TEST_STEP][PASSED] - if (verifyTextPresent("The Email and Re-enter email do not match", true)): null

2023-11-01 15:48:22 - [MESSAGE][PASSED] - Text 'The Email and Re-enter email do not match' is present on page  using regular expression

2023-11-01 15:48:22 - [TEST_STEP][PASSED] - println("Emails Dont match text is present"): null

2023-11-01 15:48:22 - [TEST_STEP][PASSED] - out.println("Pass Record Number: " + row): null

2023-11-01 15:48:22 - [TEST_STEP][PASSED] - resText = "Pass": null

2023-11-01 15:48:22 - [TEST_STEP][PASSED] - pages.WriteExcel.demoKey(resText, datText, resColumn, datCloumn, fileLoc, nameSheet, row): pages.WriteExcel.demoKey is PASSED

2023-11-01 15:48:22 - [MESSAGE][PASSED] - pages.WriteExcel.demoKey is PASSED

2023-11-01 15:48:22 - [TEST_STEP][PASSED] - ExecuteTC = findTestData(dataFile).getValue("Execute", row): null

2023-11-01 15:48:22 - [TEST_STEP][PASSED] - Taxtype = findTestData(dataFile).getValue("TaxType", row): null

2023-11-01 15:48:22 - [TEST_STEP][PASSED] - Paymenttype = findTestData(dataFile).getValue("PaymentType", row): null

2023-11-01 15:48:22 - [TEST_STEP][PASSED] - out.println("Value of Execute is : " + ExecuteTC): null

2023-11-01 15:48:22 - [TEST_STEP][PASSED] - if (ExecuteTC.equalsIgnoreCase("Y")): null

2023-11-01 15:48:22 - [TEST_STEP][PASSED] - out.println("Begin Record Number: " + row): null

2023-11-01 15:48:22 - [TEST_STEP][PASSED] - today = new java.util.Date(): null

2023-11-01 15:48:22 - [TEST_STEP][PASSED] - println(today): null

2023-11-01 15:48:22 - [TEST_STEP][PASSED] - datText = today: null

2023-11-01 15:48:22 - [TEST_STEP][PASSED] - Taxtype = findTestData(dataFile).getValue("TaxType", row): null

2023-11-01 15:48:22 - [TEST_STEP][PASSED] - out.println("Taxtype value is : " + Taxtype): null

2023-11-01 15:48:22 - [TEST_STEP][PASSED] - openBrowser(""): Browser is opened with url: ''

2023-11-01 15:48:22 - [MESSAGE][WARNING] - A browser is already opened. Closing browser and opening a new one

2023-11-01 15:48:23 - [MESSAGE][INFO] - Starting 'Chrome' driver

2023-11-01 15:48:23 - [MESSAGE][INFO] - User set preference: ['acceptInsecureCerts', 'true']

2023-11-01 15:48:23 - [MESSAGE][INFO] - Action delay is set to 0 milliseconds

2023-11-01 15:48:25 - [MESSAGE][PASSED] - Browser is opened with url: ''

2023-11-01 15:48:25 - [TEST_STEP][PASSED] - maximizeWindow(): Current window maximized

2023-11-01 15:48:25 - [MESSAGE][PASSED] - Current window maximized

2023-11-01 15:48:25 - [TEST_STEP][PASSED] - navigateToUrl(RADurl): Navigate to 'https://qa2.velocitypayment.com/client/rad/index.html' successfully

2023-11-01 15:48:26 - [MESSAGE][PASSED] - Navigate to 'https://qa2.velocitypayment.com/client/rad/index.html' successfully

2023-11-01 15:48:26 - [TEST_STEP][PASSED] - orPath_Landing = "Object Repository/RAD_Pages/Landing_Page": null

2023-11-01 15:48:26 - [TEST_STEP][PASSED] - orPath_TaxTypeFilingYear = "Object Repository/RAD_Pages/TaxTypeFilingYear_Page": null

2023-11-01 15:48:26 - [TEST_STEP][PASSED] - orPath_TaxPayer = "Object Repository/RAD_Pages/Taxpayer_Page": null

2023-11-01 15:48:26 - [TEST_STEP][PASSED] - orPath_AddressContact = "Object Repository/RAD_Pages/AddressAndContactInfo_Page": null

2023-11-01 15:48:26 - [TEST_STEP][PASSED] - orPath_FilingStatus = "Object Repository/RAD_Pages/FilingStatus_Page": null

2023-11-01 15:48:26 - [TEST_STEP][PASSED] - orPath_Amount = "Object Repository/RAD_Pages/PaymentAmount_Page": null

2023-11-01 15:48:26 - [TEST_STEP][PASSED] - selectOptionByLabel(findTestObject(orPath_Landing + "/dd_TaxType"), Paymenttype, false): All options with label 'Quarterly Estimated Tax' are selected in object 'Object Repository/RAD_Pages/Landing_Page/dd_TaxType' 

2023-11-01 15:48:27 - [MESSAGE][PASSED] - All options with label 'Quarterly Estimated Tax' are selected in object 'Object Repository/RAD_Pages/Landing_Page/dd_TaxType' 

2023-11-01 15:48:27 - [TEST_STEP][PASSED] - delay(1): Delayed 1 second(s)

2023-11-01 15:48:28 - [MESSAGE][PASSED] - Delayed 1 second(s)

2023-11-01 15:48:28 - [TEST_STEP][PASSED] - switch (Paymenttype): null

2023-11-01 15:48:28 - [TEST_STEP][PASSED] - case "Quarterly Estimated Tax":: null

2023-11-01 15:48:28 - [TEST_STEP][PASSED] - selectOptionByLabel(findTestObject(orPath_TaxTypeFilingYear + "/select_PaymentType"), Taxtype, false): All options with label 'Corporate Income Tax' are selected in object 'Object Repository/RAD_Pages/TaxTypeFilingYear_Page/select_PaymentType' 

2023-11-01 15:48:29 - [MESSAGE][PASSED] - All options with label 'Corporate Income Tax' are selected in object 'Object Repository/RAD_Pages/TaxTypeFilingYear_Page/select_PaymentType' 

2023-11-01 15:48:29 - [TEST_STEP][PASSED] - break: null

2023-11-01 15:48:29 - [TEST_STEP][PASSED] - delay(1): Delayed 1 second(s)

2023-11-01 15:48:30 - [MESSAGE][PASSED] - Delayed 1 second(s)

2023-11-01 15:48:30 - [TEST_STEP][PASSED] - scrollToElement(findTestObject(orPath_Amount + "/input__paymentAmount"), 3): Scroll to object 'Object Repository/RAD_Pages/PaymentAmount_Page/input__paymentAmount' successfully

2023-11-01 15:48:30 - [MESSAGE][PASSED] - Scroll to object 'Object Repository/RAD_Pages/PaymentAmount_Page/input__paymentAmount' successfully

2023-11-01 15:48:30 - [TEST_STEP][PASSED] - setText(findTestObject(orPath_AddressContact + "/input_eMailAddress"), "imtiazster@gmail.com"): Text 'imtiazster@gmail.com' is set on object 'Object Repository/RAD_Pages/AddressAndContactInfo_Page/input_eMailAddress'

2023-11-01 15:48:31 - [MESSAGE][PASSED] - Text 'imtiazster@gmail.com' is set on object 'Object Repository/RAD_Pages/AddressAndContactInfo_Page/input_eMailAddress'

2023-11-01 15:48:31 - [TEST_STEP][PASSED] - setText(findTestObject(orPath_AddressContact + "/input_reEnterEMailAddress"), "iahmed@govolution.com"): Text 'iahmed@govolution.com' is set on object 'Object Repository/RAD_Pages/AddressAndContactInfo_Page/input_reEnterEMailAddress'

2023-11-01 15:48:32 - [MESSAGE][PASSED] - Text 'iahmed@govolution.com' is set on object 'Object Repository/RAD_Pages/AddressAndContactInfo_Page/input_reEnterEMailAddress'

2023-11-01 15:48:32 - [TEST_STEP][PASSED] - delay(2): Delayed 2 second(s)

2023-11-01 15:48:34 - [MESSAGE][PASSED] - Delayed 2 second(s)

2023-11-01 15:48:34 - [TEST_STEP][PASSED] - if (verifyTextPresent("The Email and Re-enter email do not match", true)): null

2023-11-01 15:48:34 - [MESSAGE][PASSED] - Text 'The Email and Re-enter email do not match' is present on page  using regular expression

2023-11-01 15:48:34 - [TEST_STEP][PASSED] - println("Emails Dont match text is present"): null

2023-11-01 15:48:34 - [TEST_STEP][PASSED] - out.println("Pass Record Number: " + row): null

2023-11-01 15:48:34 - [TEST_STEP][PASSED] - resText = "Pass": null

2023-11-01 15:48:34 - [TEST_STEP][PASSED] - pages.WriteExcel.demoKey(resText, datText, resColumn, datCloumn, fileLoc, nameSheet, row): pages.WriteExcel.demoKey is PASSED

2023-11-01 15:48:34 - [MESSAGE][PASSED] - pages.WriteExcel.demoKey is PASSED

2023-11-01 15:48:34 - [TEST_STEP][PASSED] - ExecuteTC = findTestData(dataFile).getValue("Execute", row): null

2023-11-01 15:48:34 - [TEST_STEP][PASSED] - Taxtype = findTestData(dataFile).getValue("TaxType", row): null

2023-11-01 15:48:34 - [TEST_STEP][PASSED] - Paymenttype = findTestData(dataFile).getValue("PaymentType", row): null

2023-11-01 15:48:34 - [TEST_STEP][PASSED] - out.println("Value of Execute is : " + ExecuteTC): null

2023-11-01 15:48:34 - [TEST_STEP][PASSED] - if (ExecuteTC.equalsIgnoreCase("Y")): null

2023-11-01 15:48:34 - [TEST_STEP][PASSED] - out.println("Begin Record Number: " + row): null

2023-11-01 15:48:34 - [TEST_STEP][PASSED] - today = new java.util.Date(): null

2023-11-01 15:48:34 - [TEST_STEP][PASSED] - println(today): null

2023-11-01 15:48:34 - [TEST_STEP][PASSED] - datText = today: null

2023-11-01 15:48:34 - [TEST_STEP][PASSED] - Taxtype = findTestData(dataFile).getValue("TaxType", row): null

2023-11-01 15:48:34 - [TEST_STEP][PASSED] - out.println("Taxtype value is : " + Taxtype): null

2023-11-01 15:48:34 - [TEST_STEP][PASSED] - openBrowser(""): Browser is opened with url: ''

2023-11-01 15:48:34 - [MESSAGE][WARNING] - A browser is already opened. Closing browser and opening a new one

2023-11-01 15:48:35 - [MESSAGE][INFO] - Starting 'Chrome' driver

2023-11-01 15:48:35 - [MESSAGE][INFO] - User set preference: ['acceptInsecureCerts', 'true']

2023-11-01 15:48:35 - [MESSAGE][INFO] - Action delay is set to 0 milliseconds

2023-11-01 15:48:37 - [MESSAGE][PASSED] - Browser is opened with url: ''

2023-11-01 15:48:37 - [TEST_STEP][PASSED] - maximizeWindow(): Current window maximized

2023-11-01 15:48:37 - [MESSAGE][PASSED] - Current window maximized

2023-11-01 15:48:37 - [TEST_STEP][PASSED] - navigateToUrl(RADurl): Navigate to 'https://qa2.velocitypayment.com/client/rad/index.html' successfully

2023-11-01 15:48:38 - [MESSAGE][PASSED] - Navigate to 'https://qa2.velocitypayment.com/client/rad/index.html' successfully

2023-11-01 15:48:38 - [TEST_STEP][PASSED] - orPath_Landing = "Object Repository/RAD_Pages/Landing_Page": null

2023-11-01 15:48:38 - [TEST_STEP][PASSED] - orPath_TaxTypeFilingYear = "Object Repository/RAD_Pages/TaxTypeFilingYear_Page": null

2023-11-01 15:48:38 - [TEST_STEP][PASSED] - orPath_TaxPayer = "Object Repository/RAD_Pages/Taxpayer_Page": null

2023-11-01 15:48:38 - [TEST_STEP][PASSED] - orPath_AddressContact = "Object Repository/RAD_Pages/AddressAndContactInfo_Page": null

2023-11-01 15:48:38 - [TEST_STEP][PASSED] - orPath_FilingStatus = "Object Repository/RAD_Pages/FilingStatus_Page": null

2023-11-01 15:48:38 - [TEST_STEP][PASSED] - orPath_Amount = "Object Repository/RAD_Pages/PaymentAmount_Page": null

2023-11-01 15:48:38 - [TEST_STEP][PASSED] - selectOptionByLabel(findTestObject(orPath_Landing + "/dd_TaxType"), Paymenttype, false): All options with label 'Quarterly Estimated Tax' are selected in object 'Object Repository/RAD_Pages/Landing_Page/dd_TaxType' 

2023-11-01 15:48:39 - [MESSAGE][PASSED] - All options with label 'Quarterly Estimated Tax' are selected in object 'Object Repository/RAD_Pages/Landing_Page/dd_TaxType' 

2023-11-01 15:48:39 - [TEST_STEP][PASSED] - delay(1): Delayed 1 second(s)

2023-11-01 15:48:40 - [MESSAGE][PASSED] - Delayed 1 second(s)

2023-11-01 15:48:40 - [TEST_STEP][PASSED] - switch (Paymenttype): null

2023-11-01 15:48:40 - [TEST_STEP][PASSED] - case "Quarterly Estimated Tax":: null

2023-11-01 15:48:40 - [TEST_STEP][PASSED] - selectOptionByLabel(findTestObject(orPath_TaxTypeFilingYear + "/select_PaymentType"), Taxtype, false): All options with label 'Fiduciary Tax' are selected in object 'Object Repository/RAD_Pages/TaxTypeFilingYear_Page/select_PaymentType' 

2023-11-01 15:48:41 - [MESSAGE][PASSED] - All options with label 'Fiduciary Tax' are selected in object 'Object Repository/RAD_Pages/TaxTypeFilingYear_Page/select_PaymentType' 

2023-11-01 15:48:41 - [TEST_STEP][PASSED] - break: null

2023-11-01 15:48:41 - [TEST_STEP][PASSED] - delay(1): Delayed 1 second(s)

2023-11-01 15:48:42 - [MESSAGE][PASSED] - Delayed 1 second(s)

2023-11-01 15:48:42 - [TEST_STEP][PASSED] - scrollToElement(findTestObject(orPath_Amount + "/input__paymentAmount"), 3): Scroll to object 'Object Repository/RAD_Pages/PaymentAmount_Page/input__paymentAmount' successfully

2023-11-01 15:48:42 - [MESSAGE][PASSED] - Scroll to object 'Object Repository/RAD_Pages/PaymentAmount_Page/input__paymentAmount' successfully

2023-11-01 15:48:42 - [TEST_STEP][PASSED] - setText(findTestObject(orPath_AddressContact + "/input_eMailAddress"), "imtiazster@gmail.com"): Text 'imtiazster@gmail.com' is set on object 'Object Repository/RAD_Pages/AddressAndContactInfo_Page/input_eMailAddress'

2023-11-01 15:48:43 - [MESSAGE][PASSED] - Text 'imtiazster@gmail.com' is set on object 'Object Repository/RAD_Pages/AddressAndContactInfo_Page/input_eMailAddress'

2023-11-01 15:48:43 - [TEST_STEP][PASSED] - setText(findTestObject(orPath_AddressContact + "/input_reEnterEMailAddress"), "iahmed@govolution.com"): Text 'iahmed@govolution.com' is set on object 'Object Repository/RAD_Pages/AddressAndContactInfo_Page/input_reEnterEMailAddress'

2023-11-01 15:48:44 - [MESSAGE][PASSED] - Text 'iahmed@govolution.com' is set on object 'Object Repository/RAD_Pages/AddressAndContactInfo_Page/input_reEnterEMailAddress'

2023-11-01 15:48:44 - [TEST_STEP][PASSED] - delay(2): Delayed 2 second(s)

2023-11-01 15:48:46 - [MESSAGE][PASSED] - Delayed 2 second(s)

2023-11-01 15:48:46 - [TEST_STEP][PASSED] - if (verifyTextPresent("The Email and Re-enter email do not match", true)): null

2023-11-01 15:48:46 - [MESSAGE][PASSED] - Text 'The Email and Re-enter email do not match' is present on page  using regular expression

2023-11-01 15:48:46 - [TEST_STEP][PASSED] - println("Emails Dont match text is present"): null

2023-11-01 15:48:46 - [TEST_STEP][PASSED] - out.println("Pass Record Number: " + row): null

2023-11-01 15:48:46 - [TEST_STEP][PASSED] - resText = "Pass": null

2023-11-01 15:48:46 - [TEST_STEP][PASSED] - pages.WriteExcel.demoKey(resText, datText, resColumn, datCloumn, fileLoc, nameSheet, row): pages.WriteExcel.demoKey is PASSED

2023-11-01 15:48:46 - [MESSAGE][PASSED] - pages.WriteExcel.demoKey is PASSED

2023-11-01 15:48:46 - [TEST_STEP][PASSED] - ExecuteTC = findTestData(dataFile).getValue("Execute", row): null

2023-11-01 15:48:46 - [TEST_STEP][PASSED] - Taxtype = findTestData(dataFile).getValue("TaxType", row): null

2023-11-01 15:48:46 - [TEST_STEP][PASSED] - Paymenttype = findTestData(dataFile).getValue("PaymentType", row): null

2023-11-01 15:48:46 - [TEST_STEP][PASSED] - out.println("Value of Execute is : " + ExecuteTC): null

2023-11-01 15:48:46 - [TEST_STEP][PASSED] - if (ExecuteTC.equalsIgnoreCase("Y")): null

2023-11-01 15:48:46 - [TEST_STEP][PASSED] - out.println("Begin Record Number: " + row): null

2023-11-01 15:48:46 - [TEST_STEP][PASSED] - today = new java.util.Date(): null

2023-11-01 15:48:46 - [TEST_STEP][PASSED] - println(today): null

2023-11-01 15:48:46 - [TEST_STEP][PASSED] - datText = today: null

2023-11-01 15:48:46 - [TEST_STEP][PASSED] - Taxtype = findTestData(dataFile).getValue("TaxType", row): null

2023-11-01 15:48:46 - [TEST_STEP][PASSED] - out.println("Taxtype value is : " + Taxtype): null

2023-11-01 15:48:46 - [TEST_STEP][PASSED] - openBrowser(""): Browser is opened with url: ''

2023-11-01 15:48:46 - [MESSAGE][WARNING] - A browser is already opened. Closing browser and opening a new one

2023-11-01 15:48:47 - [MESSAGE][INFO] - Starting 'Chrome' driver

2023-11-01 15:48:47 - [MESSAGE][INFO] - User set preference: ['acceptInsecureCerts', 'true']

2023-11-01 15:48:47 - [MESSAGE][INFO] - Action delay is set to 0 milliseconds

2023-11-01 15:48:49 - [MESSAGE][PASSED] - Browser is opened with url: ''

2023-11-01 15:48:49 - [TEST_STEP][PASSED] - maximizeWindow(): Current window maximized

2023-11-01 15:48:49 - [MESSAGE][PASSED] - Current window maximized

2023-11-01 15:48:49 - [TEST_STEP][PASSED] - navigateToUrl(RADurl): Navigate to 'https://qa2.velocitypayment.com/client/rad/index.html' successfully

2023-11-01 15:48:49 - [MESSAGE][PASSED] - Navigate to 'https://qa2.velocitypayment.com/client/rad/index.html' successfully

2023-11-01 15:48:49 - [TEST_STEP][PASSED] - orPath_Landing = "Object Repository/RAD_Pages/Landing_Page": null

2023-11-01 15:48:49 - [TEST_STEP][PASSED] - orPath_TaxTypeFilingYear = "Object Repository/RAD_Pages/TaxTypeFilingYear_Page": null

2023-11-01 15:48:49 - [TEST_STEP][PASSED] - orPath_TaxPayer = "Object Repository/RAD_Pages/Taxpayer_Page": null

2023-11-01 15:48:49 - [TEST_STEP][PASSED] - orPath_AddressContact = "Object Repository/RAD_Pages/AddressAndContactInfo_Page": null

2023-11-01 15:48:49 - [TEST_STEP][PASSED] - orPath_FilingStatus = "Object Repository/RAD_Pages/FilingStatus_Page": null

2023-11-01 15:48:49 - [TEST_STEP][PASSED] - orPath_Amount = "Object Repository/RAD_Pages/PaymentAmount_Page": null

2023-11-01 15:48:49 - [TEST_STEP][PASSED] - selectOptionByLabel(findTestObject(orPath_Landing + "/dd_TaxType"), Paymenttype, false): All options with label 'Quarterly Estimated Tax' are selected in object 'Object Repository/RAD_Pages/Landing_Page/dd_TaxType' 

2023-11-01 15:48:51 - [MESSAGE][PASSED] - All options with label 'Quarterly Estimated Tax' are selected in object 'Object Repository/RAD_Pages/Landing_Page/dd_TaxType' 

2023-11-01 15:48:51 - [TEST_STEP][PASSED] - delay(1): Delayed 1 second(s)

2023-11-01 15:48:52 - [MESSAGE][PASSED] - Delayed 1 second(s)

2023-11-01 15:48:52 - [TEST_STEP][PASSED] - switch (Paymenttype): null

2023-11-01 15:48:52 - [TEST_STEP][PASSED] - case "Quarterly Estimated Tax":: null

2023-11-01 15:48:52 - [TEST_STEP][PASSED] - selectOptionByLabel(findTestObject(orPath_TaxTypeFilingYear + "/select_PaymentType"), Taxtype, false): All options with label 'PTE Non-Electing Non-S Corp' are selected in object 'Object Repository/RAD_Pages/TaxTypeFilingYear_Page/select_PaymentType' 

2023-11-01 15:48:52 - [MESSAGE][PASSED] - All options with label 'PTE Non-Electing Non-S Corp' are selected in object 'Object Repository/RAD_Pages/TaxTypeFilingYear_Page/select_PaymentType' 

2023-11-01 15:48:52 - [TEST_STEP][PASSED] - break: null

2023-11-01 15:48:52 - [TEST_STEP][PASSED] - delay(1): Delayed 1 second(s)

2023-11-01 15:48:53 - [MESSAGE][PASSED] - Delayed 1 second(s)

2023-11-01 15:48:53 - [TEST_STEP][PASSED] - scrollToElement(findTestObject(orPath_Amount + "/input__paymentAmount"), 3): Scroll to object 'Object Repository/RAD_Pages/PaymentAmount_Page/input__paymentAmount' successfully

2023-11-01 15:48:54 - [MESSAGE][PASSED] - Scroll to object 'Object Repository/RAD_Pages/PaymentAmount_Page/input__paymentAmount' successfully

2023-11-01 15:48:54 - [TEST_STEP][PASSED] - setText(findTestObject(orPath_AddressContact + "/input_eMailAddress"), "imtiazster@gmail.com"): Text 'imtiazster@gmail.com' is set on object 'Object Repository/RAD_Pages/AddressAndContactInfo_Page/input_eMailAddress'

2023-11-01 15:48:55 - [MESSAGE][PASSED] - Text 'imtiazster@gmail.com' is set on object 'Object Repository/RAD_Pages/AddressAndContactInfo_Page/input_eMailAddress'

2023-11-01 15:48:55 - [TEST_STEP][PASSED] - setText(findTestObject(orPath_AddressContact + "/input_reEnterEMailAddress"), "iahmed@govolution.com"): Text 'iahmed@govolution.com' is set on object 'Object Repository/RAD_Pages/AddressAndContactInfo_Page/input_reEnterEMailAddress'

2023-11-01 15:48:55 - [MESSAGE][PASSED] - Text 'iahmed@govolution.com' is set on object 'Object Repository/RAD_Pages/AddressAndContactInfo_Page/input_reEnterEMailAddress'

2023-11-01 15:48:55 - [TEST_STEP][PASSED] - delay(2): Delayed 2 second(s)

2023-11-01 15:48:57 - [MESSAGE][PASSED] - Delayed 2 second(s)

2023-11-01 15:48:57 - [TEST_STEP][PASSED] - if (verifyTextPresent("The Email and Re-enter email do not match", true)): null

2023-11-01 15:48:58 - [MESSAGE][PASSED] - Text 'The Email and Re-enter email do not match' is present on page  using regular expression

2023-11-01 15:48:58 - [TEST_STEP][PASSED] - println("Emails Dont match text is present"): null

2023-11-01 15:48:58 - [TEST_STEP][PASSED] - out.println("Pass Record Number: " + row): null

2023-11-01 15:48:58 - [TEST_STEP][PASSED] - resText = "Pass": null

2023-11-01 15:48:58 - [TEST_STEP][PASSED] - pages.WriteExcel.demoKey(resText, datText, resColumn, datCloumn, fileLoc, nameSheet, row): pages.WriteExcel.demoKey is PASSED

2023-11-01 15:48:58 - [MESSAGE][PASSED] - pages.WriteExcel.demoKey is PASSED

2023-11-01 15:48:58 - [TEST_STEP][PASSED] - ExecuteTC = findTestData(dataFile).getValue("Execute", row): null

2023-11-01 15:48:58 - [TEST_STEP][PASSED] - Taxtype = findTestData(dataFile).getValue("TaxType", row): null

2023-11-01 15:48:58 - [TEST_STEP][PASSED] - Paymenttype = findTestData(dataFile).getValue("PaymentType", row): null

2023-11-01 15:48:58 - [TEST_STEP][PASSED] - out.println("Value of Execute is : " + ExecuteTC): null

2023-11-01 15:48:58 - [TEST_STEP][PASSED] - if (ExecuteTC.equalsIgnoreCase("Y")): null

2023-11-01 15:48:58 - [TEST_STEP][PASSED] - out.println("Begin Record Number: " + row): null

2023-11-01 15:48:58 - [TEST_STEP][PASSED] - today = new java.util.Date(): null

2023-11-01 15:48:58 - [TEST_STEP][PASSED] - println(today): null

2023-11-01 15:48:58 - [TEST_STEP][PASSED] - datText = today: null

2023-11-01 15:48:58 - [TEST_STEP][PASSED] - Taxtype = findTestData(dataFile).getValue("TaxType", row): null

2023-11-01 15:48:58 - [TEST_STEP][PASSED] - out.println("Taxtype value is : " + Taxtype): null

2023-11-01 15:48:58 - [TEST_STEP][PASSED] - openBrowser(""): Browser is opened with url: ''

2023-11-01 15:48:58 - [MESSAGE][WARNING] - A browser is already opened. Closing browser and opening a new one

2023-11-01 15:48:59 - [MESSAGE][INFO] - Starting 'Chrome' driver

2023-11-01 15:48:59 - [MESSAGE][INFO] - User set preference: ['acceptInsecureCerts', 'true']

2023-11-01 15:48:59 - [MESSAGE][INFO] - Action delay is set to 0 milliseconds

2023-11-01 15:49:00 - [MESSAGE][PASSED] - Browser is opened with url: ''

2023-11-01 15:49:00 - [TEST_STEP][PASSED] - maximizeWindow(): Current window maximized

2023-11-01 15:49:01 - [MESSAGE][PASSED] - Current window maximized

2023-11-01 15:49:01 - [TEST_STEP][PASSED] - navigateToUrl(RADurl): Navigate to 'https://qa2.velocitypayment.com/client/rad/index.html' successfully

2023-11-01 15:49:02 - [MESSAGE][PASSED] - Navigate to 'https://qa2.velocitypayment.com/client/rad/index.html' successfully

2023-11-01 15:49:02 - [TEST_STEP][PASSED] - orPath_Landing = "Object Repository/RAD_Pages/Landing_Page": null

2023-11-01 15:49:02 - [TEST_STEP][PASSED] - orPath_TaxTypeFilingYear = "Object Repository/RAD_Pages/TaxTypeFilingYear_Page": null

2023-11-01 15:49:02 - [TEST_STEP][PASSED] - orPath_TaxPayer = "Object Repository/RAD_Pages/Taxpayer_Page": null

2023-11-01 15:49:02 - [TEST_STEP][PASSED] - orPath_AddressContact = "Object Repository/RAD_Pages/AddressAndContactInfo_Page": null

2023-11-01 15:49:02 - [TEST_STEP][PASSED] - orPath_FilingStatus = "Object Repository/RAD_Pages/FilingStatus_Page": null

2023-11-01 15:49:02 - [TEST_STEP][PASSED] - orPath_Amount = "Object Repository/RAD_Pages/PaymentAmount_Page": null

2023-11-01 15:49:02 - [TEST_STEP][PASSED] - selectOptionByLabel(findTestObject(orPath_Landing + "/dd_TaxType"), Paymenttype, false): All options with label 'Quarterly Estimated Tax' are selected in object 'Object Repository/RAD_Pages/Landing_Page/dd_TaxType' 

2023-11-01 15:49:03 - [MESSAGE][PASSED] - All options with label 'Quarterly Estimated Tax' are selected in object 'Object Repository/RAD_Pages/Landing_Page/dd_TaxType' 

2023-11-01 15:49:03 - [TEST_STEP][PASSED] - delay(1): Delayed 1 second(s)

2023-11-01 15:49:04 - [MESSAGE][PASSED] - Delayed 1 second(s)

2023-11-01 15:49:04 - [TEST_STEP][PASSED] - switch (Paymenttype): null

2023-11-01 15:49:04 - [TEST_STEP][PASSED] - case "Quarterly Estimated Tax":: null

2023-11-01 15:49:04 - [TEST_STEP][PASSED] - selectOptionByLabel(findTestObject(orPath_TaxTypeFilingYear + "/select_PaymentType"), Taxtype, false): All options with label 'PTE Non-Electing S Corp' are selected in object 'Object Repository/RAD_Pages/TaxTypeFilingYear_Page/select_PaymentType' 

2023-11-01 15:49:04 - [MESSAGE][PASSED] - All options with label 'PTE Non-Electing S Corp' are selected in object 'Object Repository/RAD_Pages/TaxTypeFilingYear_Page/select_PaymentType' 

2023-11-01 15:49:04 - [TEST_STEP][PASSED] - break: null

2023-11-01 15:49:04 - [TEST_STEP][PASSED] - delay(1): Delayed 1 second(s)

2023-11-01 15:49:05 - [MESSAGE][PASSED] - Delayed 1 second(s)

2023-11-01 15:49:05 - [TEST_STEP][PASSED] - scrollToElement(findTestObject(orPath_Amount + "/input__paymentAmount"), 3): Scroll to object 'Object Repository/RAD_Pages/PaymentAmount_Page/input__paymentAmount' successfully

2023-11-01 15:49:06 - [MESSAGE][PASSED] - Scroll to object 'Object Repository/RAD_Pages/PaymentAmount_Page/input__paymentAmount' successfully

2023-11-01 15:49:06 - [TEST_STEP][PASSED] - setText(findTestObject(orPath_AddressContact + "/input_eMailAddress"), "imtiazster@gmail.com"): Text 'imtiazster@gmail.com' is set on object 'Object Repository/RAD_Pages/AddressAndContactInfo_Page/input_eMailAddress'

2023-11-01 15:49:07 - [MESSAGE][PASSED] - Text 'imtiazster@gmail.com' is set on object 'Object Repository/RAD_Pages/AddressAndContactInfo_Page/input_eMailAddress'

2023-11-01 15:49:07 - [TEST_STEP][PASSED] - setText(findTestObject(orPath_AddressContact + "/input_reEnterEMailAddress"), "iahmed@govolution.com"): Text 'iahmed@govolution.com' is set on object 'Object Repository/RAD_Pages/AddressAndContactInfo_Page/input_reEnterEMailAddress'

2023-11-01 15:49:07 - [MESSAGE][PASSED] - Text 'iahmed@govolution.com' is set on object 'Object Repository/RAD_Pages/AddressAndContactInfo_Page/input_reEnterEMailAddress'

2023-11-01 15:49:07 - [TEST_STEP][PASSED] - delay(2): Delayed 2 second(s)

2023-11-01 15:49:09 - [MESSAGE][PASSED] - Delayed 2 second(s)

2023-11-01 15:49:09 - [TEST_STEP][PASSED] - if (verifyTextPresent("The Email and Re-enter email do not match", true)): null

2023-11-01 15:49:10 - [MESSAGE][PASSED] - Text 'The Email and Re-enter email do not match' is present on page  using regular expression

2023-11-01 15:49:10 - [TEST_STEP][PASSED] - println("Emails Dont match text is present"): null

2023-11-01 15:49:10 - [TEST_STEP][PASSED] - out.println("Pass Record Number: " + row): null

2023-11-01 15:49:10 - [TEST_STEP][PASSED] - resText = "Pass": null

2023-11-01 15:49:10 - [TEST_STEP][PASSED] - pages.WriteExcel.demoKey(resText, datText, resColumn, datCloumn, fileLoc, nameSheet, row): pages.WriteExcel.demoKey is PASSED

2023-11-01 15:49:10 - [MESSAGE][PASSED] - pages.WriteExcel.demoKey is PASSED

2023-11-01 15:49:10 - [TEST_STEP][PASSED] - ExecuteTC = findTestData(dataFile).getValue("Execute", row): null

2023-11-01 15:49:10 - [TEST_STEP][PASSED] - Taxtype = findTestData(dataFile).getValue("TaxType", row): null

2023-11-01 15:49:10 - [TEST_STEP][PASSED] - Paymenttype = findTestData(dataFile).getValue("PaymentType", row): null

2023-11-01 15:49:10 - [TEST_STEP][PASSED] - out.println("Value of Execute is : " + ExecuteTC): null

2023-11-01 15:49:10 - [TEST_STEP][PASSED] - if (ExecuteTC.equalsIgnoreCase("Y")): null

2023-11-01 15:49:10 - [TEST_STEP][PASSED] - out.println("Begin Record Number: " + row): null

2023-11-01 15:49:10 - [TEST_STEP][PASSED] - today = new java.util.Date(): null

2023-11-01 15:49:10 - [TEST_STEP][PASSED] - println(today): null

2023-11-01 15:49:10 - [TEST_STEP][PASSED] - datText = today: null

2023-11-01 15:49:10 - [TEST_STEP][PASSED] - Taxtype = findTestData(dataFile).getValue("TaxType", row): null

2023-11-01 15:49:10 - [TEST_STEP][PASSED] - out.println("Taxtype value is : " + Taxtype): null

2023-11-01 15:49:10 - [TEST_STEP][PASSED] - openBrowser(""): Browser is opened with url: ''

2023-11-01 15:49:10 - [MESSAGE][WARNING] - A browser is already opened. Closing browser and opening a new one

2023-11-01 15:49:11 - [MESSAGE][INFO] - Starting 'Chrome' driver

2023-11-01 15:49:11 - [MESSAGE][INFO] - User set preference: ['acceptInsecureCerts', 'true']

2023-11-01 15:49:11 - [MESSAGE][INFO] - Action delay is set to 0 milliseconds

2023-11-01 15:49:12 - [MESSAGE][PASSED] - Browser is opened with url: ''

2023-11-01 15:49:12 - [TEST_STEP][PASSED] - maximizeWindow(): Current window maximized

2023-11-01 15:49:12 - [MESSAGE][PASSED] - Current window maximized

2023-11-01 15:49:12 - [TEST_STEP][PASSED] - navigateToUrl(RADurl): Navigate to 'https://qa2.velocitypayment.com/client/rad/index.html' successfully

2023-11-01 15:49:13 - [MESSAGE][PASSED] - Navigate to 'https://qa2.velocitypayment.com/client/rad/index.html' successfully

2023-11-01 15:49:13 - [TEST_STEP][PASSED] - orPath_Landing = "Object Repository/RAD_Pages/Landing_Page": null

2023-11-01 15:49:13 - [TEST_STEP][PASSED] - orPath_TaxTypeFilingYear = "Object Repository/RAD_Pages/TaxTypeFilingYear_Page": null

2023-11-01 15:49:13 - [TEST_STEP][PASSED] - orPath_TaxPayer = "Object Repository/RAD_Pages/Taxpayer_Page": null

2023-11-01 15:49:13 - [TEST_STEP][PASSED] - orPath_AddressContact = "Object Repository/RAD_Pages/AddressAndContactInfo_Page": null

2023-11-01 15:49:13 - [TEST_STEP][PASSED] - orPath_FilingStatus = "Object Repository/RAD_Pages/FilingStatus_Page": null

2023-11-01 15:49:13 - [TEST_STEP][PASSED] - orPath_Amount = "Object Repository/RAD_Pages/PaymentAmount_Page": null

2023-11-01 15:49:13 - [TEST_STEP][PASSED] - selectOptionByLabel(findTestObject(orPath_Landing + "/dd_TaxType"), Paymenttype, false): All options with label 'Quarterly Estimated Tax' are selected in object 'Object Repository/RAD_Pages/Landing_Page/dd_TaxType' 

2023-11-01 15:49:15 - [MESSAGE][PASSED] - All options with label 'Quarterly Estimated Tax' are selected in object 'Object Repository/RAD_Pages/Landing_Page/dd_TaxType' 

2023-11-01 15:49:15 - [TEST_STEP][PASSED] - delay(1): Delayed 1 second(s)

2023-11-01 15:49:16 - [MESSAGE][PASSED] - Delayed 1 second(s)

2023-11-01 15:49:16 - [TEST_STEP][PASSED] - switch (Paymenttype): null

2023-11-01 15:49:16 - [TEST_STEP][PASSED] - case "Quarterly Estimated Tax":: null

2023-11-01 15:49:16 - [TEST_STEP][PASSED] - selectOptionByLabel(findTestObject(orPath_TaxTypeFilingYear + "/select_PaymentType"), Taxtype, false): All options with label 'PTE Tax Electing Non-S Corp' are selected in object 'Object Repository/RAD_Pages/TaxTypeFilingYear_Page/select_PaymentType' 

2023-11-01 15:49:16 - [MESSAGE][PASSED] - All options with label 'PTE Tax Electing Non-S Corp' are selected in object 'Object Repository/RAD_Pages/TaxTypeFilingYear_Page/select_PaymentType' 

2023-11-01 15:49:16 - [TEST_STEP][PASSED] - break: null

2023-11-01 15:49:16 - [TEST_STEP][PASSED] - delay(1): Delayed 1 second(s)

2023-11-01 15:49:17 - [MESSAGE][PASSED] - Delayed 1 second(s)

2023-11-01 15:49:17 - [TEST_STEP][PASSED] - scrollToElement(findTestObject(orPath_Amount + "/input__paymentAmount"), 3): Scroll to object 'Object Repository/RAD_Pages/PaymentAmount_Page/input__paymentAmount' successfully

2023-11-01 15:49:17 - [MESSAGE][PASSED] - Scroll to object 'Object Repository/RAD_Pages/PaymentAmount_Page/input__paymentAmount' successfully

2023-11-01 15:49:17 - [TEST_STEP][PASSED] - setText(findTestObject(orPath_AddressContact + "/input_eMailAddress"), "imtiazster@gmail.com"): Text 'imtiazster@gmail.com' is set on object 'Object Repository/RAD_Pages/AddressAndContactInfo_Page/input_eMailAddress'

2023-11-01 15:49:18 - [MESSAGE][PASSED] - Text 'imtiazster@gmail.com' is set on object 'Object Repository/RAD_Pages/AddressAndContactInfo_Page/input_eMailAddress'

2023-11-01 15:49:18 - [TEST_STEP][PASSED] - setText(findTestObject(orPath_AddressContact + "/input_reEnterEMailAddress"), "iahmed@govolution.com"): Text 'iahmed@govolution.com' is set on object 'Object Repository/RAD_Pages/AddressAndContactInfo_Page/input_reEnterEMailAddress'

2023-11-01 15:49:19 - [MESSAGE][PASSED] - Text 'iahmed@govolution.com' is set on object 'Object Repository/RAD_Pages/AddressAndContactInfo_Page/input_reEnterEMailAddress'

2023-11-01 15:49:19 - [TEST_STEP][PASSED] - delay(2): Delayed 2 second(s)

2023-11-01 15:49:21 - [MESSAGE][PASSED] - Delayed 2 second(s)

2023-11-01 15:49:21 - [TEST_STEP][PASSED] - if (verifyTextPresent("The Email and Re-enter email do not match", true)): null

2023-11-01 15:49:22 - [MESSAGE][PASSED] - Text 'The Email and Re-enter email do not match' is present on page  using regular expression

2023-11-01 15:49:22 - [TEST_STEP][PASSED] - println("Emails Dont match text is present"): null

2023-11-01 15:49:22 - [TEST_STEP][PASSED] - out.println("Pass Record Number: " + row): null

2023-11-01 15:49:22 - [TEST_STEP][PASSED] - resText = "Pass": null

2023-11-01 15:49:22 - [TEST_STEP][PASSED] - pages.WriteExcel.demoKey(resText, datText, resColumn, datCloumn, fileLoc, nameSheet, row): pages.WriteExcel.demoKey is PASSED

2023-11-01 15:49:22 - [MESSAGE][PASSED] - pages.WriteExcel.demoKey is PASSED

2023-11-01 15:49:22 - [TEST_STEP][PASSED] - ExecuteTC = findTestData(dataFile).getValue("Execute", row): null

2023-11-01 15:49:22 - [TEST_STEP][PASSED] - Taxtype = findTestData(dataFile).getValue("TaxType", row): null

2023-11-01 15:49:22 - [TEST_STEP][PASSED] - Paymenttype = findTestData(dataFile).getValue("PaymentType", row): null

2023-11-01 15:49:22 - [TEST_STEP][PASSED] - out.println("Value of Execute is : " + ExecuteTC): null

2023-11-01 15:49:22 - [TEST_STEP][PASSED] - if (ExecuteTC.equalsIgnoreCase("Y")): null

2023-11-01 15:49:22 - [TEST_STEP][PASSED] - out.println("Begin Record Number: " + row): null

2023-11-01 15:49:22 - [TEST_STEP][PASSED] - today = new java.util.Date(): null

2023-11-01 15:49:22 - [TEST_STEP][PASSED] - println(today): null

2023-11-01 15:49:22 - [TEST_STEP][PASSED] - datText = today: null

2023-11-01 15:49:22 - [TEST_STEP][PASSED] - Taxtype = findTestData(dataFile).getValue("TaxType", row): null

2023-11-01 15:49:22 - [TEST_STEP][PASSED] - out.println("Taxtype value is : " + Taxtype): null

2023-11-01 15:49:22 - [TEST_STEP][PASSED] - openBrowser(""): Browser is opened with url: ''

2023-11-01 15:49:22 - [MESSAGE][WARNING] - A browser is already opened. Closing browser and opening a new one

2023-11-01 15:49:23 - [MESSAGE][INFO] - Starting 'Chrome' driver

2023-11-01 15:49:23 - [MESSAGE][INFO] - User set preference: ['acceptInsecureCerts', 'true']

2023-11-01 15:49:23 - [MESSAGE][INFO] - Action delay is set to 0 milliseconds

2023-11-01 15:49:24 - [MESSAGE][PASSED] - Browser is opened with url: ''

2023-11-01 15:49:24 - [TEST_STEP][PASSED] - maximizeWindow(): Current window maximized

2023-11-01 15:49:24 - [MESSAGE][PASSED] - Current window maximized

2023-11-01 15:49:24 - [TEST_STEP][PASSED] - navigateToUrl(RADurl): Navigate to 'https://qa2.velocitypayment.com/client/rad/index.html' successfully

2023-11-01 15:49:26 - [MESSAGE][PASSED] - Navigate to 'https://qa2.velocitypayment.com/client/rad/index.html' successfully

2023-11-01 15:49:26 - [TEST_STEP][PASSED] - orPath_Landing = "Object Repository/RAD_Pages/Landing_Page": null

2023-11-01 15:49:26 - [TEST_STEP][PASSED] - orPath_TaxTypeFilingYear = "Object Repository/RAD_Pages/TaxTypeFilingYear_Page": null

2023-11-01 15:49:26 - [TEST_STEP][PASSED] - orPath_TaxPayer = "Object Repository/RAD_Pages/Taxpayer_Page": null

2023-11-01 15:49:26 - [TEST_STEP][PASSED] - orPath_AddressContact = "Object Repository/RAD_Pages/AddressAndContactInfo_Page": null

2023-11-01 15:49:26 - [TEST_STEP][PASSED] - orPath_FilingStatus = "Object Repository/RAD_Pages/FilingStatus_Page": null

2023-11-01 15:49:26 - [TEST_STEP][PASSED] - orPath_Amount = "Object Repository/RAD_Pages/PaymentAmount_Page": null

2023-11-01 15:49:26 - [TEST_STEP][PASSED] - selectOptionByLabel(findTestObject(orPath_Landing + "/dd_TaxType"), Paymenttype, false): All options with label 'Quarterly Estimated Tax' are selected in object 'Object Repository/RAD_Pages/Landing_Page/dd_TaxType' 

2023-11-01 15:49:26 - [MESSAGE][PASSED] - All options with label 'Quarterly Estimated Tax' are selected in object 'Object Repository/RAD_Pages/Landing_Page/dd_TaxType' 

2023-11-01 15:49:26 - [TEST_STEP][PASSED] - delay(1): Delayed 1 second(s)

2023-11-01 15:49:27 - [MESSAGE][PASSED] - Delayed 1 second(s)

2023-11-01 15:49:27 - [TEST_STEP][PASSED] - switch (Paymenttype): null

2023-11-01 15:49:27 - [TEST_STEP][PASSED] - case "Quarterly Estimated Tax":: null

2023-11-01 15:49:27 - [TEST_STEP][PASSED] - selectOptionByLabel(findTestObject(orPath_TaxTypeFilingYear + "/select_PaymentType"), Taxtype, false): All options with label 'PTE Tax Electing S Corp' are selected in object 'Object Repository/RAD_Pages/TaxTypeFilingYear_Page/select_PaymentType' 

2023-11-01 15:49:28 - [MESSAGE][PASSED] - All options with label 'PTE Tax Electing S Corp' are selected in object 'Object Repository/RAD_Pages/TaxTypeFilingYear_Page/select_PaymentType' 

2023-11-01 15:49:28 - [TEST_STEP][PASSED] - break: null

2023-11-01 15:49:28 - [TEST_STEP][PASSED] - delay(1): Delayed 1 second(s)

2023-11-01 15:49:29 - [MESSAGE][PASSED] - Delayed 1 second(s)

2023-11-01 15:49:29 - [TEST_STEP][PASSED] - scrollToElement(findTestObject(orPath_Amount + "/input__paymentAmount"), 3): Scroll to object 'Object Repository/RAD_Pages/PaymentAmount_Page/input__paymentAmount' successfully

2023-11-01 15:49:29 - [MESSAGE][PASSED] - Scroll to object 'Object Repository/RAD_Pages/PaymentAmount_Page/input__paymentAmount' successfully

2023-11-01 15:49:29 - [TEST_STEP][PASSED] - setText(findTestObject(orPath_AddressContact + "/input_eMailAddress"), "imtiazster@gmail.com"): Text 'imtiazster@gmail.com' is set on object 'Object Repository/RAD_Pages/AddressAndContactInfo_Page/input_eMailAddress'

2023-11-01 15:49:30 - [MESSAGE][PASSED] - Text 'imtiazster@gmail.com' is set on object 'Object Repository/RAD_Pages/AddressAndContactInfo_Page/input_eMailAddress'

2023-11-01 15:49:30 - [TEST_STEP][PASSED] - setText(findTestObject(orPath_AddressContact + "/input_reEnterEMailAddress"), "iahmed@govolution.com"): Text 'iahmed@govolution.com' is set on object 'Object Repository/RAD_Pages/AddressAndContactInfo_Page/input_reEnterEMailAddress'

2023-11-01 15:49:31 - [MESSAGE][PASSED] - Text 'iahmed@govolution.com' is set on object 'Object Repository/RAD_Pages/AddressAndContactInfo_Page/input_reEnterEMailAddress'

2023-11-01 15:49:31 - [TEST_STEP][PASSED] - delay(2): Delayed 2 second(s)

2023-11-01 15:49:33 - [MESSAGE][PASSED] - Delayed 2 second(s)

2023-11-01 15:49:33 - [TEST_STEP][PASSED] - if (verifyTextPresent("The Email and Re-enter email do not match", true)): null

2023-11-01 15:49:33 - [MESSAGE][PASSED] - Text 'The Email and Re-enter email do not match' is present on page  using regular expression

2023-11-01 15:49:33 - [TEST_STEP][PASSED] - println("Emails Dont match text is present"): null

2023-11-01 15:49:33 - [TEST_STEP][PASSED] - out.println("Pass Record Number: " + row): null

2023-11-01 15:49:33 - [TEST_STEP][PASSED] - resText = "Pass": null

2023-11-01 15:49:33 - [TEST_STEP][PASSED] - pages.WriteExcel.demoKey(resText, datText, resColumn, datCloumn, fileLoc, nameSheet, row): pages.WriteExcel.demoKey is PASSED

2023-11-01 15:49:34 - [MESSAGE][PASSED] - pages.WriteExcel.demoKey is PASSED

2023-11-01 15:49:34 - [TEST_STEP][PASSED] - ExecuteTC = findTestData(dataFile).getValue("Execute", row): null

2023-11-01 15:49:34 - [TEST_STEP][PASSED] - Taxtype = findTestData(dataFile).getValue("TaxType", row): null

2023-11-01 15:49:34 - [TEST_STEP][PASSED] - Paymenttype = findTestData(dataFile).getValue("PaymentType", row): null

2023-11-01 15:49:34 - [TEST_STEP][PASSED] - out.println("Value of Execute is : " + ExecuteTC): null

2023-11-01 15:49:34 - [TEST_STEP][PASSED] - if (ExecuteTC.equalsIgnoreCase("Y")): null

2023-11-01 15:49:34 - [TEST_STEP][PASSED] - out.println("Begin Record Number: " + row): null

2023-11-01 15:49:34 - [TEST_STEP][PASSED] - today = new java.util.Date(): null

2023-11-01 15:49:34 - [TEST_STEP][PASSED] - println(today): null

2023-11-01 15:49:34 - [TEST_STEP][PASSED] - datText = today: null

2023-11-01 15:49:34 - [TEST_STEP][PASSED] - Taxtype = findTestData(dataFile).getValue("TaxType", row): null

2023-11-01 15:49:34 - [TEST_STEP][PASSED] - out.println("Taxtype value is : " + Taxtype): null

2023-11-01 15:49:34 - [TEST_STEP][PASSED] - openBrowser(""): Browser is opened with url: ''

2023-11-01 15:49:34 - [MESSAGE][WARNING] - A browser is already opened. Closing browser and opening a new one

2023-11-01 15:49:35 - [MESSAGE][INFO] - Starting 'Chrome' driver

2023-11-01 15:49:35 - [MESSAGE][INFO] - User set preference: ['acceptInsecureCerts', 'true']

2023-11-01 15:49:35 - [MESSAGE][INFO] - Action delay is set to 0 milliseconds

2023-11-01 15:49:36 - [MESSAGE][PASSED] - Browser is opened with url: ''

2023-11-01 15:49:36 - [TEST_STEP][PASSED] - maximizeWindow(): Current window maximized

2023-11-01 15:49:36 - [MESSAGE][PASSED] - Current window maximized

2023-11-01 15:49:36 - [TEST_STEP][PASSED] - navigateToUrl(RADurl): Navigate to 'https://qa2.velocitypayment.com/client/rad/index.html' successfully

2023-11-01 15:49:38 - [MESSAGE][PASSED] - Navigate to 'https://qa2.velocitypayment.com/client/rad/index.html' successfully

2023-11-01 15:49:38 - [TEST_STEP][PASSED] - orPath_Landing = "Object Repository/RAD_Pages/Landing_Page": null

2023-11-01 15:49:38 - [TEST_STEP][PASSED] - orPath_TaxTypeFilingYear = "Object Repository/RAD_Pages/TaxTypeFilingYear_Page": null

2023-11-01 15:49:38 - [TEST_STEP][PASSED] - orPath_TaxPayer = "Object Repository/RAD_Pages/Taxpayer_Page": null

2023-11-01 15:49:38 - [TEST_STEP][PASSED] - orPath_AddressContact = "Object Repository/RAD_Pages/AddressAndContactInfo_Page": null

2023-11-01 15:49:38 - [TEST_STEP][PASSED] - orPath_FilingStatus = "Object Repository/RAD_Pages/FilingStatus_Page": null

2023-11-01 15:49:38 - [TEST_STEP][PASSED] - orPath_Amount = "Object Repository/RAD_Pages/PaymentAmount_Page": null

2023-11-01 15:49:38 - [TEST_STEP][PASSED] - selectOptionByLabel(findTestObject(orPath_Landing + "/dd_TaxType"), Paymenttype, false): All options with label 'Quarterly Estimated Tax' are selected in object 'Object Repository/RAD_Pages/Landing_Page/dd_TaxType' 

2023-11-01 15:49:38 - [MESSAGE][PASSED] - All options with label 'Quarterly Estimated Tax' are selected in object 'Object Repository/RAD_Pages/Landing_Page/dd_TaxType' 

2023-11-01 15:49:38 - [TEST_STEP][PASSED] - delay(1): Delayed 1 second(s)

2023-11-01 15:49:39 - [MESSAGE][PASSED] - Delayed 1 second(s)

2023-11-01 15:49:39 - [TEST_STEP][PASSED] - switch (Paymenttype): null

2023-11-01 15:49:39 - [TEST_STEP][PASSED] - case "Quarterly Estimated Tax":: null

2023-11-01 15:49:39 - [TEST_STEP][PASSED] - selectOptionByLabel(findTestObject(orPath_TaxTypeFilingYear + "/select_PaymentType"), Taxtype, false): All options with label 'Personal Income Tax' are selected in object 'Object Repository/RAD_Pages/TaxTypeFilingYear_Page/select_PaymentType' 

2023-11-01 15:49:40 - [MESSAGE][PASSED] - All options with label 'Personal Income Tax' are selected in object 'Object Repository/RAD_Pages/TaxTypeFilingYear_Page/select_PaymentType' 

2023-11-01 15:49:40 - [TEST_STEP][PASSED] - break: null

2023-11-01 15:49:40 - [TEST_STEP][PASSED] - delay(1): Delayed 1 second(s)

2023-11-01 15:49:41 - [MESSAGE][PASSED] - Delayed 1 second(s)

2023-11-01 15:49:41 - [TEST_STEP][PASSED] - scrollToElement(findTestObject(orPath_Amount + "/input__paymentAmount"), 3): Scroll to object 'Object Repository/RAD_Pages/PaymentAmount_Page/input__paymentAmount' successfully

2023-11-01 15:49:41 - [MESSAGE][PASSED] - Scroll to object 'Object Repository/RAD_Pages/PaymentAmount_Page/input__paymentAmount' successfully

2023-11-01 15:49:41 - [TEST_STEP][PASSED] - setText(findTestObject(orPath_AddressContact + "/input_eMailAddress"), "imtiazster@gmail.com"): Text 'imtiazster@gmail.com' is set on object 'Object Repository/RAD_Pages/AddressAndContactInfo_Page/input_eMailAddress'

2023-11-01 15:49:42 - [MESSAGE][PASSED] - Text 'imtiazster@gmail.com' is set on object 'Object Repository/RAD_Pages/AddressAndContactInfo_Page/input_eMailAddress'

2023-11-01 15:49:42 - [TEST_STEP][PASSED] - setText(findTestObject(orPath_AddressContact + "/input_reEnterEMailAddress"), "iahmed@govolution.com"): Text 'iahmed@govolution.com' is set on object 'Object Repository/RAD_Pages/AddressAndContactInfo_Page/input_reEnterEMailAddress'

2023-11-01 15:49:43 - [MESSAGE][PASSED] - Text 'iahmed@govolution.com' is set on object 'Object Repository/RAD_Pages/AddressAndContactInfo_Page/input_reEnterEMailAddress'

2023-11-01 15:49:43 - [TEST_STEP][PASSED] - delay(2): Delayed 2 second(s)

2023-11-01 15:49:45 - [MESSAGE][PASSED] - Delayed 2 second(s)

2023-11-01 15:49:45 - [TEST_STEP][PASSED] - if (verifyTextPresent("The Email and Re-enter email do not match", true)): null

2023-11-01 15:49:45 - [MESSAGE][PASSED] - Text 'The Email and Re-enter email do not match' is present on page  using regular expression

2023-11-01 15:49:45 - [TEST_STEP][PASSED] - println("Emails Dont match text is present"): null

2023-11-01 15:49:45 - [TEST_STEP][PASSED] - out.println("Pass Record Number: " + row): null

2023-11-01 15:49:45 - [TEST_STEP][PASSED] - resText = "Pass": null

2023-11-01 15:49:45 - [TEST_STEP][PASSED] - pages.WriteExcel.demoKey(resText, datText, resColumn, datCloumn, fileLoc, nameSheet, row): pages.WriteExcel.demoKey is PASSED

2023-11-01 15:49:45 - [MESSAGE][PASSED] - pages.WriteExcel.demoKey is PASSED

2023-11-01 15:49:45 - [TEST_STEP][PASSED] - ExecuteTC = findTestData(dataFile).getValue("Execute", row): null

2023-11-01 15:49:45 - [TEST_STEP][PASSED] - Taxtype = findTestData(dataFile).getValue("TaxType", row): null

2023-11-01 15:49:45 - [TEST_STEP][PASSED] - Paymenttype = findTestData(dataFile).getValue("PaymentType", row): null

2023-11-01 15:49:45 - [TEST_STEP][PASSED] - out.println("Value of Execute is : " + ExecuteTC): null

2023-11-01 15:49:45 - [TEST_STEP][PASSED] - if (ExecuteTC.equalsIgnoreCase("Y")): null

2023-11-01 15:49:45 - [TEST_STEP][PASSED] - out.println("Begin Record Number: " + row): null

2023-11-01 15:49:45 - [TEST_STEP][PASSED] - today = new java.util.Date(): null

2023-11-01 15:49:45 - [TEST_STEP][PASSED] - println(today): null

2023-11-01 15:49:45 - [TEST_STEP][PASSED] - datText = today: null

2023-11-01 15:49:45 - [TEST_STEP][PASSED] - Taxtype = findTestData(dataFile).getValue("TaxType", row): null

2023-11-01 15:49:46 - [TEST_STEP][PASSED] - out.println("Taxtype value is : " + Taxtype): null

2023-11-01 15:49:46 - [TEST_STEP][PASSED] - openBrowser(""): Browser is opened with url: ''

2023-11-01 15:49:46 - [MESSAGE][WARNING] - A browser is already opened. Closing browser and opening a new one

2023-11-01 15:49:46 - [MESSAGE][INFO] - Starting 'Chrome' driver

2023-11-01 15:49:46 - [MESSAGE][INFO] - User set preference: ['acceptInsecureCerts', 'true']

2023-11-01 15:49:46 - [MESSAGE][INFO] - Action delay is set to 0 milliseconds

2023-11-01 15:49:48 - [MESSAGE][PASSED] - Browser is opened with url: ''

2023-11-01 15:49:48 - [TEST_STEP][PASSED] - maximizeWindow(): Current window maximized

2023-11-01 15:49:48 - [MESSAGE][PASSED] - Current window maximized

2023-11-01 15:49:48 - [TEST_STEP][PASSED] - navigateToUrl(RADurl): Navigate to 'https://qa2.velocitypayment.com/client/rad/index.html' successfully

2023-11-01 15:49:49 - [MESSAGE][PASSED] - Navigate to 'https://qa2.velocitypayment.com/client/rad/index.html' successfully

2023-11-01 15:49:49 - [TEST_STEP][PASSED] - orPath_Landing = "Object Repository/RAD_Pages/Landing_Page": null

2023-11-01 15:49:49 - [TEST_STEP][PASSED] - orPath_TaxTypeFilingYear = "Object Repository/RAD_Pages/TaxTypeFilingYear_Page": null

2023-11-01 15:49:49 - [TEST_STEP][PASSED] - orPath_TaxPayer = "Object Repository/RAD_Pages/Taxpayer_Page": null

2023-11-01 15:49:49 - [TEST_STEP][PASSED] - orPath_AddressContact = "Object Repository/RAD_Pages/AddressAndContactInfo_Page": null

2023-11-01 15:49:49 - [TEST_STEP][PASSED] - orPath_FilingStatus = "Object Repository/RAD_Pages/FilingStatus_Page": null

2023-11-01 15:49:49 - [TEST_STEP][PASSED] - orPath_Amount = "Object Repository/RAD_Pages/PaymentAmount_Page": null

2023-11-01 15:49:50 - [TEST_STEP][PASSED] - selectOptionByLabel(findTestObject(orPath_Landing + "/dd_TaxType"), Paymenttype, false): All options with label 'Extension Payments' are selected in object 'Object Repository/RAD_Pages/Landing_Page/dd_TaxType' 

2023-11-01 15:49:50 - [MESSAGE][PASSED] - All options with label 'Extension Payments' are selected in object 'Object Repository/RAD_Pages/Landing_Page/dd_TaxType' 

2023-11-01 15:49:50 - [TEST_STEP][PASSED] - delay(1): Delayed 1 second(s)

2023-11-01 15:49:51 - [MESSAGE][PASSED] - Delayed 1 second(s)

2023-11-01 15:49:51 - [TEST_STEP][PASSED] - switch (Paymenttype): null

2023-11-01 15:49:51 - [TEST_STEP][PASSED] - case "Extension Payments":: null

2023-11-01 15:49:51 - [TEST_STEP][PASSED] - selectOptionByLabel(findTestObject(orPath_TaxTypeFilingYear + "/select_PaymentType"), Taxtype, false): All options with label 'Corporate Income Tax' are selected in object 'Object Repository/RAD_Pages/TaxTypeFilingYear_Page/select_PaymentType' 

2023-11-01 15:49:52 - [MESSAGE][PASSED] - All options with label 'Corporate Income Tax' are selected in object 'Object Repository/RAD_Pages/TaxTypeFilingYear_Page/select_PaymentType' 

2023-11-01 15:49:52 - [TEST_STEP][PASSED] - break: null

2023-11-01 15:49:52 - [TEST_STEP][PASSED] - delay(1): Delayed 1 second(s)

2023-11-01 15:49:53 - [MESSAGE][PASSED] - Delayed 1 second(s)

2023-11-01 15:49:53 - [TEST_STEP][PASSED] - scrollToElement(findTestObject(orPath_Amount + "/input__paymentAmount"), 3): Scroll to object 'Object Repository/RAD_Pages/PaymentAmount_Page/input__paymentAmount' successfully

2023-11-01 15:49:53 - [MESSAGE][PASSED] - Scroll to object 'Object Repository/RAD_Pages/PaymentAmount_Page/input__paymentAmount' successfully

2023-11-01 15:49:53 - [TEST_STEP][PASSED] - setText(findTestObject(orPath_AddressContact + "/input_eMailAddress"), "imtiazster@gmail.com"): Text 'imtiazster@gmail.com' is set on object 'Object Repository/RAD_Pages/AddressAndContactInfo_Page/input_eMailAddress'

2023-11-01 15:49:54 - [MESSAGE][PASSED] - Text 'imtiazster@gmail.com' is set on object 'Object Repository/RAD_Pages/AddressAndContactInfo_Page/input_eMailAddress'

2023-11-01 15:49:54 - [TEST_STEP][PASSED] - setText(findTestObject(orPath_AddressContact + "/input_reEnterEMailAddress"), "iahmed@govolution.com"): Text 'iahmed@govolution.com' is set on object 'Object Repository/RAD_Pages/AddressAndContactInfo_Page/input_reEnterEMailAddress'

2023-11-01 15:49:55 - [MESSAGE][PASSED] - Text 'iahmed@govolution.com' is set on object 'Object Repository/RAD_Pages/AddressAndContactInfo_Page/input_reEnterEMailAddress'

2023-11-01 15:49:55 - [TEST_STEP][PASSED] - delay(2): Delayed 2 second(s)

2023-11-01 15:49:57 - [MESSAGE][PASSED] - Delayed 2 second(s)

2023-11-01 15:49:57 - [TEST_STEP][PASSED] - if (verifyTextPresent("The Email and Re-enter email do not match", true)): null

2023-11-01 15:49:57 - [MESSAGE][PASSED] - Text 'The Email and Re-enter email do not match' is present on page  using regular expression

2023-11-01 15:49:57 - [TEST_STEP][PASSED] - println("Emails Dont match text is present"): null

2023-11-01 15:49:57 - [TEST_STEP][PASSED] - out.println("Pass Record Number: " + row): null

2023-11-01 15:49:57 - [TEST_STEP][PASSED] - resText = "Pass": null

2023-11-01 15:49:57 - [TEST_STEP][PASSED] - pages.WriteExcel.demoKey(resText, datText, resColumn, datCloumn, fileLoc, nameSheet, row): pages.WriteExcel.demoKey is PASSED

2023-11-01 15:49:57 - [MESSAGE][PASSED] - pages.WriteExcel.demoKey is PASSED

2023-11-01 15:49:57 - [TEST_STEP][PASSED] - ExecuteTC = findTestData(dataFile).getValue("Execute", row): null

2023-11-01 15:49:57 - [TEST_STEP][PASSED] - Taxtype = findTestData(dataFile).getValue("TaxType", row): null

2023-11-01 15:49:57 - [TEST_STEP][PASSED] - Paymenttype = findTestData(dataFile).getValue("PaymentType", row): null

2023-11-01 15:49:57 - [TEST_STEP][PASSED] - out.println("Value of Execute is : " + ExecuteTC): null

2023-11-01 15:49:57 - [TEST_STEP][PASSED] - if (ExecuteTC.equalsIgnoreCase("Y")): null

2023-11-01 15:49:57 - [TEST_STEP][PASSED] - out.println("Begin Record Number: " + row): null

2023-11-01 15:49:57 - [TEST_STEP][PASSED] - today = new java.util.Date(): null

2023-11-01 15:49:57 - [TEST_STEP][PASSED] - println(today): null

2023-11-01 15:49:57 - [TEST_STEP][PASSED] - datText = today: null

2023-11-01 15:49:57 - [TEST_STEP][PASSED] - Taxtype = findTestData(dataFile).getValue("TaxType", row): null

2023-11-01 15:49:57 - [TEST_STEP][PASSED] - out.println("Taxtype value is : " + Taxtype): null

2023-11-01 15:49:57 - [TEST_STEP][PASSED] - openBrowser(""): Browser is opened with url: ''

2023-11-01 15:49:57 - [MESSAGE][WARNING] - A browser is already opened. Closing browser and opening a new one

2023-11-01 15:49:58 - [MESSAGE][INFO] - Starting 'Chrome' driver

2023-11-01 15:49:58 - [MESSAGE][INFO] - User set preference: ['acceptInsecureCerts', 'true']

2023-11-01 15:49:58 - [MESSAGE][INFO] - Action delay is set to 0 milliseconds

2023-11-01 15:50:00 - [MESSAGE][PASSED] - Browser is opened with url: ''

2023-11-01 15:50:00 - [TEST_STEP][PASSED] - maximizeWindow(): Current window maximized

2023-11-01 15:50:00 - [MESSAGE][PASSED] - Current window maximized

2023-11-01 15:50:00 - [TEST_STEP][PASSED] - navigateToUrl(RADurl): Navigate to 'https://qa2.velocitypayment.com/client/rad/index.html' successfully

2023-11-01 15:50:00 - [MESSAGE][PASSED] - Navigate to 'https://qa2.velocitypayment.com/client/rad/index.html' successfully

2023-11-01 15:50:00 - [TEST_STEP][PASSED] - orPath_Landing = "Object Repository/RAD_Pages/Landing_Page": null

2023-11-01 15:50:00 - [TEST_STEP][PASSED] - orPath_TaxTypeFilingYear = "Object Repository/RAD_Pages/TaxTypeFilingYear_Page": null

2023-11-01 15:50:00 - [TEST_STEP][PASSED] - orPath_TaxPayer = "Object Repository/RAD_Pages/Taxpayer_Page": null

2023-11-01 15:50:00 - [TEST_STEP][PASSED] - orPath_AddressContact = "Object Repository/RAD_Pages/AddressAndContactInfo_Page": null

2023-11-01 15:50:00 - [TEST_STEP][PASSED] - orPath_FilingStatus = "Object Repository/RAD_Pages/FilingStatus_Page": null

2023-11-01 15:50:00 - [TEST_STEP][PASSED] - orPath_Amount = "Object Repository/RAD_Pages/PaymentAmount_Page": null

2023-11-01 15:50:00 - [TEST_STEP][PASSED] - selectOptionByLabel(findTestObject(orPath_Landing + "/dd_TaxType"), Paymenttype, false): All options with label 'Extension Payments' are selected in object 'Object Repository/RAD_Pages/Landing_Page/dd_TaxType' 

2023-11-01 15:50:02 - [MESSAGE][PASSED] - All options with label 'Extension Payments' are selected in object 'Object Repository/RAD_Pages/Landing_Page/dd_TaxType' 

2023-11-01 15:50:02 - [TEST_STEP][PASSED] - delay(1): Delayed 1 second(s)

2023-11-01 15:50:03 - [MESSAGE][PASSED] - Delayed 1 second(s)

2023-11-01 15:50:03 - [TEST_STEP][PASSED] - switch (Paymenttype): null

2023-11-01 15:50:03 - [TEST_STEP][PASSED] - case "Extension Payments":: null

2023-11-01 15:50:03 - [TEST_STEP][PASSED] - selectOptionByLabel(findTestObject(orPath_TaxTypeFilingYear + "/select_PaymentType"), Taxtype, false): All options with label 'Fiduciary Tax' are selected in object 'Object Repository/RAD_Pages/TaxTypeFilingYear_Page/select_PaymentType' 

2023-11-01 15:50:04 - [MESSAGE][PASSED] - All options with label 'Fiduciary Tax' are selected in object 'Object Repository/RAD_Pages/TaxTypeFilingYear_Page/select_PaymentType' 

2023-11-01 15:50:04 - [TEST_STEP][PASSED] - break: null

2023-11-01 15:50:04 - [TEST_STEP][PASSED] - delay(1): Delayed 1 second(s)

2023-11-01 15:50:05 - [MESSAGE][PASSED] - Delayed 1 second(s)

2023-11-01 15:50:05 - [TEST_STEP][PASSED] - scrollToElement(findTestObject(orPath_Amount + "/input__paymentAmount"), 3): Scroll to object 'Object Repository/RAD_Pages/PaymentAmount_Page/input__paymentAmount' successfully

2023-11-01 15:50:05 - [MESSAGE][PASSED] - Scroll to object 'Object Repository/RAD_Pages/PaymentAmount_Page/input__paymentAmount' successfully

2023-11-01 15:50:05 - [TEST_STEP][PASSED] - setText(findTestObject(orPath_AddressContact + "/input_eMailAddress"), "imtiazster@gmail.com"): Text 'imtiazster@gmail.com' is set on object 'Object Repository/RAD_Pages/AddressAndContactInfo_Page/input_eMailAddress'

2023-11-01 15:50:06 - [MESSAGE][PASSED] - Text 'imtiazster@gmail.com' is set on object 'Object Repository/RAD_Pages/AddressAndContactInfo_Page/input_eMailAddress'

2023-11-01 15:50:06 - [TEST_STEP][PASSED] - setText(findTestObject(orPath_AddressContact + "/input_reEnterEMailAddress"), "iahmed@govolution.com"): Text 'iahmed@govolution.com' is set on object 'Object Repository/RAD_Pages/AddressAndContactInfo_Page/input_reEnterEMailAddress'

2023-11-01 15:50:07 - [MESSAGE][PASSED] - Text 'iahmed@govolution.com' is set on object 'Object Repository/RAD_Pages/AddressAndContactInfo_Page/input_reEnterEMailAddress'

2023-11-01 15:50:07 - [TEST_STEP][PASSED] - delay(2): Delayed 2 second(s)

2023-11-01 15:50:09 - [MESSAGE][PASSED] - Delayed 2 second(s)

2023-11-01 15:50:09 - [TEST_STEP][PASSED] - if (verifyTextPresent("The Email and Re-enter email do not match", true)): null

2023-11-01 15:50:09 - [MESSAGE][PASSED] - Text 'The Email and Re-enter email do not match' is present on page  using regular expression

2023-11-01 15:50:09 - [TEST_STEP][PASSED] - println("Emails Dont match text is present"): null

2023-11-01 15:50:09 - [TEST_STEP][PASSED] - out.println("Pass Record Number: " + row): null

2023-11-01 15:50:09 - [TEST_STEP][PASSED] - resText = "Pass": null

2023-11-01 15:50:09 - [TEST_STEP][PASSED] - pages.WriteExcel.demoKey(resText, datText, resColumn, datCloumn, fileLoc, nameSheet, row): pages.WriteExcel.demoKey is PASSED

2023-11-01 15:50:09 - [MESSAGE][PASSED] - pages.WriteExcel.demoKey is PASSED

2023-11-01 15:50:09 - [TEST_STEP][PASSED] - ExecuteTC = findTestData(dataFile).getValue("Execute", row): null

2023-11-01 15:50:09 - [TEST_STEP][PASSED] - Taxtype = findTestData(dataFile).getValue("TaxType", row): null

2023-11-01 15:50:09 - [TEST_STEP][PASSED] - Paymenttype = findTestData(dataFile).getValue("PaymentType", row): null

2023-11-01 15:50:09 - [TEST_STEP][PASSED] - out.println("Value of Execute is : " + ExecuteTC): null

2023-11-01 15:50:09 - [TEST_STEP][PASSED] - if (ExecuteTC.equalsIgnoreCase("Y")): null

2023-11-01 15:50:09 - [TEST_STEP][PASSED] - out.println("Begin Record Number: " + row): null

2023-11-01 15:50:09 - [TEST_STEP][PASSED] - today = new java.util.Date(): null

2023-11-01 15:50:09 - [TEST_STEP][PASSED] - println(today): null

2023-11-01 15:50:09 - [TEST_STEP][PASSED] - datText = today: null

2023-11-01 15:50:09 - [TEST_STEP][PASSED] - Taxtype = findTestData(dataFile).getValue("TaxType", row): null

2023-11-01 15:50:09 - [TEST_STEP][PASSED] - out.println("Taxtype value is : " + Taxtype): null

2023-11-01 15:50:09 - [TEST_STEP][PASSED] - openBrowser(""): Browser is opened with url: ''

2023-11-01 15:50:09 - [MESSAGE][WARNING] - A browser is already opened. Closing browser and opening a new one

2023-11-01 15:50:10 - [MESSAGE][INFO] - Starting 'Chrome' driver

2023-11-01 15:50:10 - [MESSAGE][INFO] - User set preference: ['acceptInsecureCerts', 'true']

2023-11-01 15:50:10 - [MESSAGE][INFO] - Action delay is set to 0 milliseconds

2023-11-01 15:50:12 - [MESSAGE][PASSED] - Browser is opened with url: ''

2023-11-01 15:50:12 - [TEST_STEP][PASSED] - maximizeWindow(): Current window maximized

2023-11-01 15:50:12 - [MESSAGE][PASSED] - Current window maximized

2023-11-01 15:50:12 - [TEST_STEP][PASSED] - navigateToUrl(RADurl): Navigate to 'https://qa2.velocitypayment.com/client/rad/index.html' successfully

2023-11-01 15:50:14 - [MESSAGE][PASSED] - Navigate to 'https://qa2.velocitypayment.com/client/rad/index.html' successfully

2023-11-01 15:50:14 - [TEST_STEP][PASSED] - orPath_Landing = "Object Repository/RAD_Pages/Landing_Page": null

2023-11-01 15:50:14 - [TEST_STEP][PASSED] - orPath_TaxTypeFilingYear = "Object Repository/RAD_Pages/TaxTypeFilingYear_Page": null

2023-11-01 15:50:14 - [TEST_STEP][PASSED] - orPath_TaxPayer = "Object Repository/RAD_Pages/Taxpayer_Page": null

2023-11-01 15:50:14 - [TEST_STEP][PASSED] - orPath_AddressContact = "Object Repository/RAD_Pages/AddressAndContactInfo_Page": null

2023-11-01 15:50:14 - [TEST_STEP][PASSED] - orPath_FilingStatus = "Object Repository/RAD_Pages/FilingStatus_Page": null

2023-11-01 15:50:14 - [TEST_STEP][PASSED] - orPath_Amount = "Object Repository/RAD_Pages/PaymentAmount_Page": null

2023-11-01 15:50:14 - [TEST_STEP][PASSED] - selectOptionByLabel(findTestObject(orPath_Landing + "/dd_TaxType"), Paymenttype, false): All options with label 'Extension Payments' are selected in object 'Object Repository/RAD_Pages/Landing_Page/dd_TaxType' 

2023-11-01 15:50:14 - [MESSAGE][PASSED] - All options with label 'Extension Payments' are selected in object 'Object Repository/RAD_Pages/Landing_Page/dd_TaxType' 

2023-11-01 15:50:14 - [TEST_STEP][PASSED] - delay(1): Delayed 1 second(s)

2023-11-01 15:50:15 - [MESSAGE][PASSED] - Delayed 1 second(s)

2023-11-01 15:50:15 - [TEST_STEP][PASSED] - switch (Paymenttype): null

2023-11-01 15:50:15 - [TEST_STEP][PASSED] - case "Extension Payments":: null

2023-11-01 15:50:15 - [TEST_STEP][PASSED] - selectOptionByLabel(findTestObject(orPath_TaxTypeFilingYear + "/select_PaymentType"), Taxtype, false): All options with label 'PTE Non-Electing Non-S Corp' are selected in object 'Object Repository/RAD_Pages/TaxTypeFilingYear_Page/select_PaymentType' 

2023-11-01 15:50:16 - [MESSAGE][PASSED] - All options with label 'PTE Non-Electing Non-S Corp' are selected in object 'Object Repository/RAD_Pages/TaxTypeFilingYear_Page/select_PaymentType' 

2023-11-01 15:50:16 - [TEST_STEP][PASSED] - break: null

2023-11-01 15:50:16 - [TEST_STEP][PASSED] - delay(1): Delayed 1 second(s)

2023-11-01 15:50:17 - [MESSAGE][PASSED] - Delayed 1 second(s)

2023-11-01 15:50:17 - [TEST_STEP][PASSED] - scrollToElement(findTestObject(orPath_Amount + "/input__paymentAmount"), 3): Scroll to object 'Object Repository/RAD_Pages/PaymentAmount_Page/input__paymentAmount' successfully

2023-11-01 15:50:17 - [MESSAGE][PASSED] - Scroll to object 'Object Repository/RAD_Pages/PaymentAmount_Page/input__paymentAmount' successfully

2023-11-01 15:50:17 - [TEST_STEP][PASSED] - setText(findTestObject(orPath_AddressContact + "/input_eMailAddress"), "imtiazster@gmail.com"): Text 'imtiazster@gmail.com' is set on object 'Object Repository/RAD_Pages/AddressAndContactInfo_Page/input_eMailAddress'

2023-11-01 15:50:18 - [MESSAGE][PASSED] - Text 'imtiazster@gmail.com' is set on object 'Object Repository/RAD_Pages/AddressAndContactInfo_Page/input_eMailAddress'

2023-11-01 15:50:18 - [TEST_STEP][PASSED] - setText(findTestObject(orPath_AddressContact + "/input_reEnterEMailAddress"), "iahmed@govolution.com"): Text 'iahmed@govolution.com' is set on object 'Object Repository/RAD_Pages/AddressAndContactInfo_Page/input_reEnterEMailAddress'

2023-11-01 15:50:19 - [MESSAGE][PASSED] - Text 'iahmed@govolution.com' is set on object 'Object Repository/RAD_Pages/AddressAndContactInfo_Page/input_reEnterEMailAddress'

2023-11-01 15:50:19 - [TEST_STEP][PASSED] - delay(2): Delayed 2 second(s)

2023-11-01 15:50:21 - [MESSAGE][PASSED] - Delayed 2 second(s)

2023-11-01 15:50:21 - [TEST_STEP][PASSED] - if (verifyTextPresent("The Email and Re-enter email do not match", true)): null

2023-11-01 15:50:21 - [MESSAGE][PASSED] - Text 'The Email and Re-enter email do not match' is present on page  using regular expression

2023-11-01 15:50:21 - [TEST_STEP][PASSED] - println("Emails Dont match text is present"): null

2023-11-01 15:50:21 - [TEST_STEP][PASSED] - out.println("Pass Record Number: " + row): null

2023-11-01 15:50:21 - [TEST_STEP][PASSED] - resText = "Pass": null

2023-11-01 15:50:21 - [TEST_STEP][PASSED] - pages.WriteExcel.demoKey(resText, datText, resColumn, datCloumn, fileLoc, nameSheet, row): pages.WriteExcel.demoKey is PASSED

2023-11-01 15:50:21 - [MESSAGE][PASSED] - pages.WriteExcel.demoKey is PASSED

2023-11-01 15:50:21 - [TEST_STEP][PASSED] - ExecuteTC = findTestData(dataFile).getValue("Execute", row): null

2023-11-01 15:50:21 - [TEST_STEP][PASSED] - Taxtype = findTestData(dataFile).getValue("TaxType", row): null

2023-11-01 15:50:21 - [TEST_STEP][PASSED] - Paymenttype = findTestData(dataFile).getValue("PaymentType", row): null

2023-11-01 15:50:21 - [TEST_STEP][PASSED] - out.println("Value of Execute is : " + ExecuteTC): null

2023-11-01 15:50:21 - [TEST_STEP][PASSED] - if (ExecuteTC.equalsIgnoreCase("Y")): null

2023-11-01 15:50:21 - [TEST_STEP][PASSED] - out.println("Begin Record Number: " + row): null

2023-11-01 15:50:21 - [TEST_STEP][PASSED] - today = new java.util.Date(): null

2023-11-01 15:50:21 - [TEST_STEP][PASSED] - println(today): null

2023-11-01 15:50:21 - [TEST_STEP][PASSED] - datText = today: null

2023-11-01 15:50:21 - [TEST_STEP][PASSED] - Taxtype = findTestData(dataFile).getValue("TaxType", row): null

2023-11-01 15:50:21 - [TEST_STEP][PASSED] - out.println("Taxtype value is : " + Taxtype): null

2023-11-01 15:50:21 - [TEST_STEP][PASSED] - openBrowser(""): Browser is opened with url: ''

2023-11-01 15:50:21 - [MESSAGE][WARNING] - A browser is already opened. Closing browser and opening a new one

2023-11-01 15:50:22 - [MESSAGE][INFO] - Starting 'Chrome' driver

2023-11-01 15:50:22 - [MESSAGE][INFO] - User set preference: ['acceptInsecureCerts', 'true']

2023-11-01 15:50:22 - [MESSAGE][INFO] - Action delay is set to 0 milliseconds

2023-11-01 15:50:24 - [MESSAGE][PASSED] - Browser is opened with url: ''

2023-11-01 15:50:24 - [TEST_STEP][PASSED] - maximizeWindow(): Current window maximized

2023-11-01 15:50:24 - [MESSAGE][PASSED] - Current window maximized

2023-11-01 15:50:24 - [TEST_STEP][PASSED] - navigateToUrl(RADurl): Navigate to 'https://qa2.velocitypayment.com/client/rad/index.html' successfully

2023-11-01 15:50:25 - [MESSAGE][PASSED] - Navigate to 'https://qa2.velocitypayment.com/client/rad/index.html' successfully

2023-11-01 15:50:25 - [TEST_STEP][PASSED] - orPath_Landing = "Object Repository/RAD_Pages/Landing_Page": null

2023-11-01 15:50:25 - [TEST_STEP][PASSED] - orPath_TaxTypeFilingYear = "Object Repository/RAD_Pages/TaxTypeFilingYear_Page": null

2023-11-01 15:50:25 - [TEST_STEP][PASSED] - orPath_TaxPayer = "Object Repository/RAD_Pages/Taxpayer_Page": null

2023-11-01 15:50:25 - [TEST_STEP][PASSED] - orPath_AddressContact = "Object Repository/RAD_Pages/AddressAndContactInfo_Page": null

2023-11-01 15:50:25 - [TEST_STEP][PASSED] - orPath_FilingStatus = "Object Repository/RAD_Pages/FilingStatus_Page": null

2023-11-01 15:50:25 - [TEST_STEP][PASSED] - orPath_Amount = "Object Repository/RAD_Pages/PaymentAmount_Page": null

2023-11-01 15:50:25 - [TEST_STEP][PASSED] - selectOptionByLabel(findTestObject(orPath_Landing + "/dd_TaxType"), Paymenttype, false): All options with label 'Extension Payments' are selected in object 'Object Repository/RAD_Pages/Landing_Page/dd_TaxType' 

2023-11-01 15:50:26 - [MESSAGE][PASSED] - All options with label 'Extension Payments' are selected in object 'Object Repository/RAD_Pages/Landing_Page/dd_TaxType' 

2023-11-01 15:50:26 - [TEST_STEP][PASSED] - delay(1): Delayed 1 second(s)

2023-11-01 15:50:27 - [MESSAGE][PASSED] - Delayed 1 second(s)

2023-11-01 15:50:27 - [TEST_STEP][PASSED] - switch (Paymenttype): null

2023-11-01 15:50:27 - [TEST_STEP][PASSED] - case "Extension Payments":: null

2023-11-01 15:50:27 - [TEST_STEP][PASSED] - selectOptionByLabel(findTestObject(orPath_TaxTypeFilingYear + "/select_PaymentType"), Taxtype, false): All options with label 'PTE Non-Electing S Corp' are selected in object 'Object Repository/RAD_Pages/TaxTypeFilingYear_Page/select_PaymentType' 

2023-11-01 15:50:28 - [MESSAGE][PASSED] - All options with label 'PTE Non-Electing S Corp' are selected in object 'Object Repository/RAD_Pages/TaxTypeFilingYear_Page/select_PaymentType' 

2023-11-01 15:50:28 - [TEST_STEP][PASSED] - break: null

2023-11-01 15:50:28 - [TEST_STEP][PASSED] - delay(1): Delayed 1 second(s)

2023-11-01 15:50:29 - [MESSAGE][PASSED] - Delayed 1 second(s)

2023-11-01 15:50:29 - [TEST_STEP][PASSED] - scrollToElement(findTestObject(orPath_Amount + "/input__paymentAmount"), 3): Scroll to object 'Object Repository/RAD_Pages/PaymentAmount_Page/input__paymentAmount' successfully

2023-11-01 15:50:29 - [MESSAGE][PASSED] - Scroll to object 'Object Repository/RAD_Pages/PaymentAmount_Page/input__paymentAmount' successfully

2023-11-01 15:50:29 - [TEST_STEP][PASSED] - setText(findTestObject(orPath_AddressContact + "/input_eMailAddress"), "imtiazster@gmail.com"): Text 'imtiazster@gmail.com' is set on object 'Object Repository/RAD_Pages/AddressAndContactInfo_Page/input_eMailAddress'

2023-11-01 15:50:30 - [MESSAGE][PASSED] - Text 'imtiazster@gmail.com' is set on object 'Object Repository/RAD_Pages/AddressAndContactInfo_Page/input_eMailAddress'

2023-11-01 15:50:30 - [TEST_STEP][PASSED] - setText(findTestObject(orPath_AddressContact + "/input_reEnterEMailAddress"), "iahmed@govolution.com"): Text 'iahmed@govolution.com' is set on object 'Object Repository/RAD_Pages/AddressAndContactInfo_Page/input_reEnterEMailAddress'

2023-11-01 15:50:31 - [MESSAGE][PASSED] - Text 'iahmed@govolution.com' is set on object 'Object Repository/RAD_Pages/AddressAndContactInfo_Page/input_reEnterEMailAddress'

2023-11-01 15:50:31 - [TEST_STEP][PASSED] - delay(2): Delayed 2 second(s)

2023-11-01 15:50:33 - [MESSAGE][PASSED] - Delayed 2 second(s)

2023-11-01 15:50:33 - [TEST_STEP][PASSED] - if (verifyTextPresent("The Email and Re-enter email do not match", true)): null

2023-11-01 15:50:33 - [MESSAGE][PASSED] - Text 'The Email and Re-enter email do not match' is present on page  using regular expression

2023-11-01 15:50:33 - [TEST_STEP][PASSED] - println("Emails Dont match text is present"): null

2023-11-01 15:50:33 - [TEST_STEP][PASSED] - out.println("Pass Record Number: " + row): null

2023-11-01 15:50:33 - [TEST_STEP][PASSED] - resText = "Pass": null

2023-11-01 15:50:33 - [TEST_STEP][PASSED] - pages.WriteExcel.demoKey(resText, datText, resColumn, datCloumn, fileLoc, nameSheet, row): pages.WriteExcel.demoKey is PASSED

2023-11-01 15:50:33 - [MESSAGE][PASSED] - pages.WriteExcel.demoKey is PASSED

2023-11-01 15:50:33 - [TEST_STEP][PASSED] - ExecuteTC = findTestData(dataFile).getValue("Execute", row): null

2023-11-01 15:50:33 - [TEST_STEP][PASSED] - Taxtype = findTestData(dataFile).getValue("TaxType", row): null

2023-11-01 15:50:33 - [TEST_STEP][PASSED] - Paymenttype = findTestData(dataFile).getValue("PaymentType", row): null

2023-11-01 15:50:33 - [TEST_STEP][PASSED] - out.println("Value of Execute is : " + ExecuteTC): null

2023-11-01 15:50:33 - [TEST_STEP][PASSED] - if (ExecuteTC.equalsIgnoreCase("Y")): null

2023-11-01 15:50:33 - [TEST_STEP][PASSED] - out.println("Begin Record Number: " + row): null

2023-11-01 15:50:33 - [TEST_STEP][PASSED] - today = new java.util.Date(): null

2023-11-01 15:50:33 - [TEST_STEP][PASSED] - println(today): null

2023-11-01 15:50:33 - [TEST_STEP][PASSED] - datText = today: null

2023-11-01 15:50:33 - [TEST_STEP][PASSED] - Taxtype = findTestData(dataFile).getValue("TaxType", row): null

2023-11-01 15:50:33 - [TEST_STEP][PASSED] - out.println("Taxtype value is : " + Taxtype): null

2023-11-01 15:50:33 - [TEST_STEP][PASSED] - openBrowser(""): Browser is opened with url: ''

2023-11-01 15:50:33 - [MESSAGE][WARNING] - A browser is already opened. Closing browser and opening a new one

2023-11-01 15:50:34 - [MESSAGE][INFO] - Starting 'Chrome' driver

2023-11-01 15:50:34 - [MESSAGE][INFO] - User set preference: ['acceptInsecureCerts', 'true']

2023-11-01 15:50:34 - [MESSAGE][INFO] - Action delay is set to 0 milliseconds

2023-11-01 15:50:36 - [MESSAGE][PASSED] - Browser is opened with url: ''

2023-11-01 15:50:36 - [TEST_STEP][PASSED] - maximizeWindow(): Current window maximized

2023-11-01 15:50:36 - [MESSAGE][PASSED] - Current window maximized

2023-11-01 15:50:36 - [TEST_STEP][PASSED] - navigateToUrl(RADurl): Navigate to 'https://qa2.velocitypayment.com/client/rad/index.html' successfully

2023-11-01 15:50:37 - [MESSAGE][PASSED] - Navigate to 'https://qa2.velocitypayment.com/client/rad/index.html' successfully

2023-11-01 15:50:37 - [TEST_STEP][PASSED] - orPath_Landing = "Object Repository/RAD_Pages/Landing_Page": null

2023-11-01 15:50:37 - [TEST_STEP][PASSED] - orPath_TaxTypeFilingYear = "Object Repository/RAD_Pages/TaxTypeFilingYear_Page": null

2023-11-01 15:50:37 - [TEST_STEP][PASSED] - orPath_TaxPayer = "Object Repository/RAD_Pages/Taxpayer_Page": null

2023-11-01 15:50:37 - [TEST_STEP][PASSED] - orPath_AddressContact = "Object Repository/RAD_Pages/AddressAndContactInfo_Page": null

2023-11-01 15:50:37 - [TEST_STEP][PASSED] - orPath_FilingStatus = "Object Repository/RAD_Pages/FilingStatus_Page": null

2023-11-01 15:50:37 - [TEST_STEP][PASSED] - orPath_Amount = "Object Repository/RAD_Pages/PaymentAmount_Page": null

2023-11-01 15:50:37 - [TEST_STEP][PASSED] - selectOptionByLabel(findTestObject(orPath_Landing + "/dd_TaxType"), Paymenttype, false): All options with label 'Extension Payments' are selected in object 'Object Repository/RAD_Pages/Landing_Page/dd_TaxType' 

2023-11-01 15:50:38 - [MESSAGE][PASSED] - All options with label 'Extension Payments' are selected in object 'Object Repository/RAD_Pages/Landing_Page/dd_TaxType' 

2023-11-01 15:50:38 - [TEST_STEP][PASSED] - delay(1): Delayed 1 second(s)

2023-11-01 15:50:39 - [MESSAGE][PASSED] - Delayed 1 second(s)

2023-11-01 15:50:39 - [TEST_STEP][PASSED] - switch (Paymenttype): null

2023-11-01 15:50:39 - [TEST_STEP][PASSED] - case "Extension Payments":: null

2023-11-01 15:50:39 - [TEST_STEP][PASSED] - selectOptionByLabel(findTestObject(orPath_TaxTypeFilingYear + "/select_PaymentType"), Taxtype, false): All options with label 'PTE Tax Electing Non-S Corp' are selected in object 'Object Repository/RAD_Pages/TaxTypeFilingYear_Page/select_PaymentType' 

2023-11-01 15:50:40 - [MESSAGE][PASSED] - All options with label 'PTE Tax Electing Non-S Corp' are selected in object 'Object Repository/RAD_Pages/TaxTypeFilingYear_Page/select_PaymentType' 

2023-11-01 15:50:40 - [TEST_STEP][PASSED] - break: null

2023-11-01 15:50:40 - [TEST_STEP][PASSED] - delay(1): Delayed 1 second(s)

2023-11-01 15:50:41 - [MESSAGE][PASSED] - Delayed 1 second(s)

2023-11-01 15:50:41 - [TEST_STEP][PASSED] - scrollToElement(findTestObject(orPath_Amount + "/input__paymentAmount"), 3): Scroll to object 'Object Repository/RAD_Pages/PaymentAmount_Page/input__paymentAmount' successfully

2023-11-01 15:50:41 - [MESSAGE][PASSED] - Scroll to object 'Object Repository/RAD_Pages/PaymentAmount_Page/input__paymentAmount' successfully

2023-11-01 15:50:41 - [TEST_STEP][PASSED] - setText(findTestObject(orPath_AddressContact + "/input_eMailAddress"), "imtiazster@gmail.com"): Text 'imtiazster@gmail.com' is set on object 'Object Repository/RAD_Pages/AddressAndContactInfo_Page/input_eMailAddress'

2023-11-01 15:50:42 - [MESSAGE][PASSED] - Text 'imtiazster@gmail.com' is set on object 'Object Repository/RAD_Pages/AddressAndContactInfo_Page/input_eMailAddress'

2023-11-01 15:50:42 - [TEST_STEP][PASSED] - setText(findTestObject(orPath_AddressContact + "/input_reEnterEMailAddress"), "iahmed@govolution.com"): Text 'iahmed@govolution.com' is set on object 'Object Repository/RAD_Pages/AddressAndContactInfo_Page/input_reEnterEMailAddress'

2023-11-01 15:50:43 - [MESSAGE][PASSED] - Text 'iahmed@govolution.com' is set on object 'Object Repository/RAD_Pages/AddressAndContactInfo_Page/input_reEnterEMailAddress'

2023-11-01 15:50:43 - [TEST_STEP][PASSED] - delay(2): Delayed 2 second(s)

2023-11-01 15:50:45 - [MESSAGE][PASSED] - Delayed 2 second(s)

2023-11-01 15:50:45 - [TEST_STEP][PASSED] - if (verifyTextPresent("The Email and Re-enter email do not match", true)): null

2023-11-01 15:50:45 - [MESSAGE][PASSED] - Text 'The Email and Re-enter email do not match' is present on page  using regular expression

2023-11-01 15:50:45 - [TEST_STEP][PASSED] - println("Emails Dont match text is present"): null

2023-11-01 15:50:45 - [TEST_STEP][PASSED] - out.println("Pass Record Number: " + row): null

2023-11-01 15:50:45 - [TEST_STEP][PASSED] - resText = "Pass": null

2023-11-01 15:50:45 - [TEST_STEP][PASSED] - pages.WriteExcel.demoKey(resText, datText, resColumn, datCloumn, fileLoc, nameSheet, row): pages.WriteExcel.demoKey is PASSED

2023-11-01 15:50:45 - [MESSAGE][PASSED] - pages.WriteExcel.demoKey is PASSED

2023-11-01 15:50:45 - [TEST_STEP][PASSED] - ExecuteTC = findTestData(dataFile).getValue("Execute", row): null

2023-11-01 15:50:45 - [TEST_STEP][PASSED] - Taxtype = findTestData(dataFile).getValue("TaxType", row): null

2023-11-01 15:50:45 - [TEST_STEP][PASSED] - Paymenttype = findTestData(dataFile).getValue("PaymentType", row): null

2023-11-01 15:50:45 - [TEST_STEP][PASSED] - out.println("Value of Execute is : " + ExecuteTC): null

2023-11-01 15:50:45 - [TEST_STEP][PASSED] - if (ExecuteTC.equalsIgnoreCase("Y")): null

2023-11-01 15:50:45 - [TEST_STEP][PASSED] - out.println("Begin Record Number: " + row): null

2023-11-01 15:50:45 - [TEST_STEP][PASSED] - today = new java.util.Date(): null

2023-11-01 15:50:45 - [TEST_STEP][PASSED] - println(today): null

2023-11-01 15:50:45 - [TEST_STEP][PASSED] - datText = today: null

2023-11-01 15:50:45 - [TEST_STEP][PASSED] - Taxtype = findTestData(dataFile).getValue("TaxType", row): null

2023-11-01 15:50:46 - [TEST_STEP][PASSED] - out.println("Taxtype value is : " + Taxtype): null

2023-11-01 15:50:46 - [TEST_STEP][PASSED] - openBrowser(""): Browser is opened with url: ''

2023-11-01 15:50:46 - [MESSAGE][WARNING] - A browser is already opened. Closing browser and opening a new one

2023-11-01 15:50:46 - [MESSAGE][INFO] - Starting 'Chrome' driver

2023-11-01 15:50:46 - [MESSAGE][INFO] - User set preference: ['acceptInsecureCerts', 'true']

2023-11-01 15:50:46 - [MESSAGE][INFO] - Action delay is set to 0 milliseconds

2023-11-01 15:50:48 - [MESSAGE][PASSED] - Browser is opened with url: ''

2023-11-01 15:50:48 - [TEST_STEP][PASSED] - maximizeWindow(): Current window maximized

2023-11-01 15:50:48 - [MESSAGE][PASSED] - Current window maximized

2023-11-01 15:50:48 - [TEST_STEP][PASSED] - navigateToUrl(RADurl): Navigate to 'https://qa2.velocitypayment.com/client/rad/index.html' successfully

2023-11-01 15:50:50 - [MESSAGE][PASSED] - Navigate to 'https://qa2.velocitypayment.com/client/rad/index.html' successfully

2023-11-01 15:50:50 - [TEST_STEP][PASSED] - orPath_Landing = "Object Repository/RAD_Pages/Landing_Page": null

2023-11-01 15:50:50 - [TEST_STEP][PASSED] - orPath_TaxTypeFilingYear = "Object Repository/RAD_Pages/TaxTypeFilingYear_Page": null

2023-11-01 15:50:50 - [TEST_STEP][PASSED] - orPath_TaxPayer = "Object Repository/RAD_Pages/Taxpayer_Page": null

2023-11-01 15:50:50 - [TEST_STEP][PASSED] - orPath_AddressContact = "Object Repository/RAD_Pages/AddressAndContactInfo_Page": null

2023-11-01 15:50:50 - [TEST_STEP][PASSED] - orPath_FilingStatus = "Object Repository/RAD_Pages/FilingStatus_Page": null

2023-11-01 15:50:50 - [TEST_STEP][PASSED] - orPath_Amount = "Object Repository/RAD_Pages/PaymentAmount_Page": null

2023-11-01 15:50:50 - [TEST_STEP][PASSED] - selectOptionByLabel(findTestObject(orPath_Landing + "/dd_TaxType"), Paymenttype, false): All options with label 'Extension Payments' are selected in object 'Object Repository/RAD_Pages/Landing_Page/dd_TaxType' 

2023-11-01 15:50:50 - [MESSAGE][PASSED] - All options with label 'Extension Payments' are selected in object 'Object Repository/RAD_Pages/Landing_Page/dd_TaxType' 

2023-11-01 15:50:50 - [TEST_STEP][PASSED] - delay(1): Delayed 1 second(s)

2023-11-01 15:50:51 - [MESSAGE][PASSED] - Delayed 1 second(s)

2023-11-01 15:50:51 - [TEST_STEP][PASSED] - switch (Paymenttype): null

2023-11-01 15:50:51 - [TEST_STEP][PASSED] - case "Extension Payments":: null

2023-11-01 15:50:51 - [TEST_STEP][PASSED] - selectOptionByLabel(findTestObject(orPath_TaxTypeFilingYear + "/select_PaymentType"), Taxtype, false): All options with label 'PTE Tax Electing S Corp' are selected in object 'Object Repository/RAD_Pages/TaxTypeFilingYear_Page/select_PaymentType' 

2023-11-01 15:50:52 - [MESSAGE][PASSED] - All options with label 'PTE Tax Electing S Corp' are selected in object 'Object Repository/RAD_Pages/TaxTypeFilingYear_Page/select_PaymentType' 

2023-11-01 15:50:52 - [TEST_STEP][PASSED] - break: null

2023-11-01 15:50:52 - [TEST_STEP][PASSED] - delay(1): Delayed 1 second(s)

2023-11-01 15:50:53 - [MESSAGE][PASSED] - Delayed 1 second(s)

2023-11-01 15:50:53 - [TEST_STEP][PASSED] - scrollToElement(findTestObject(orPath_Amount + "/input__paymentAmount"), 3): Scroll to object 'Object Repository/RAD_Pages/PaymentAmount_Page/input__paymentAmount' successfully

2023-11-01 15:50:53 - [MESSAGE][PASSED] - Scroll to object 'Object Repository/RAD_Pages/PaymentAmount_Page/input__paymentAmount' successfully

2023-11-01 15:50:53 - [TEST_STEP][PASSED] - setText(findTestObject(orPath_AddressContact + "/input_eMailAddress"), "imtiazster@gmail.com"): Text 'imtiazster@gmail.com' is set on object 'Object Repository/RAD_Pages/AddressAndContactInfo_Page/input_eMailAddress'

2023-11-01 15:50:54 - [MESSAGE][PASSED] - Text 'imtiazster@gmail.com' is set on object 'Object Repository/RAD_Pages/AddressAndContactInfo_Page/input_eMailAddress'

2023-11-01 15:50:54 - [TEST_STEP][PASSED] - setText(findTestObject(orPath_AddressContact + "/input_reEnterEMailAddress"), "iahmed@govolution.com"): Text 'iahmed@govolution.com' is set on object 'Object Repository/RAD_Pages/AddressAndContactInfo_Page/input_reEnterEMailAddress'

2023-11-01 15:50:55 - [MESSAGE][PASSED] - Text 'iahmed@govolution.com' is set on object 'Object Repository/RAD_Pages/AddressAndContactInfo_Page/input_reEnterEMailAddress'

2023-11-01 15:50:55 - [TEST_STEP][PASSED] - delay(2): Delayed 2 second(s)

2023-11-01 15:50:57 - [MESSAGE][PASSED] - Delayed 2 second(s)

2023-11-01 15:50:57 - [TEST_STEP][PASSED] - if (verifyTextPresent("The Email and Re-enter email do not match", true)): null

2023-11-01 15:50:57 - [MESSAGE][PASSED] - Text 'The Email and Re-enter email do not match' is present on page  using regular expression

2023-11-01 15:50:57 - [TEST_STEP][PASSED] - println("Emails Dont match text is present"): null

2023-11-01 15:50:57 - [TEST_STEP][PASSED] - out.println("Pass Record Number: " + row): null

2023-11-01 15:50:57 - [TEST_STEP][PASSED] - resText = "Pass": null

2023-11-01 15:50:57 - [TEST_STEP][PASSED] - pages.WriteExcel.demoKey(resText, datText, resColumn, datCloumn, fileLoc, nameSheet, row): pages.WriteExcel.demoKey is PASSED

2023-11-01 15:50:57 - [MESSAGE][PASSED] - pages.WriteExcel.demoKey is PASSED

2023-11-01 15:50:57 - [TEST_STEP][PASSED] - ExecuteTC = findTestData(dataFile).getValue("Execute", row): null

2023-11-01 15:50:57 - [TEST_STEP][PASSED] - Taxtype = findTestData(dataFile).getValue("TaxType", row): null

2023-11-01 15:50:57 - [TEST_STEP][PASSED] - Paymenttype = findTestData(dataFile).getValue("PaymentType", row): null

2023-11-01 15:50:57 - [TEST_STEP][PASSED] - out.println("Value of Execute is : " + ExecuteTC): null

2023-11-01 15:50:57 - [TEST_STEP][PASSED] - if (ExecuteTC.equalsIgnoreCase("Y")): null

2023-11-01 15:50:57 - [TEST_STEP][PASSED] - out.println("Begin Record Number: " + row): null

2023-11-01 15:50:57 - [TEST_STEP][PASSED] - today = new java.util.Date(): null

2023-11-01 15:50:57 - [TEST_STEP][PASSED] - println(today): null

2023-11-01 15:50:57 - [TEST_STEP][PASSED] - datText = today: null

2023-11-01 15:50:57 - [TEST_STEP][PASSED] - Taxtype = findTestData(dataFile).getValue("TaxType", row): null

2023-11-01 15:50:57 - [TEST_STEP][PASSED] - out.println("Taxtype value is : " + Taxtype): null

2023-11-01 15:50:57 - [TEST_STEP][PASSED] - openBrowser(""): Browser is opened with url: ''

2023-11-01 15:50:57 - [MESSAGE][WARNING] - A browser is already opened. Closing browser and opening a new one

2023-11-01 15:50:58 - [MESSAGE][INFO] - Starting 'Chrome' driver

2023-11-01 15:50:58 - [MESSAGE][INFO] - User set preference: ['acceptInsecureCerts', 'true']

2023-11-01 15:50:58 - [MESSAGE][INFO] - Action delay is set to 0 milliseconds

2023-11-01 15:51:00 - [MESSAGE][PASSED] - Browser is opened with url: ''

2023-11-01 15:51:00 - [TEST_STEP][PASSED] - maximizeWindow(): Current window maximized

2023-11-01 15:51:00 - [MESSAGE][PASSED] - Current window maximized

2023-11-01 15:51:00 - [TEST_STEP][PASSED] - navigateToUrl(RADurl): Navigate to 'https://qa2.velocitypayment.com/client/rad/index.html' successfully

2023-11-01 15:51:00 - [MESSAGE][PASSED] - Navigate to 'https://qa2.velocitypayment.com/client/rad/index.html' successfully

2023-11-01 15:51:00 - [TEST_STEP][PASSED] - orPath_Landing = "Object Repository/RAD_Pages/Landing_Page": null

2023-11-01 15:51:00 - [TEST_STEP][PASSED] - orPath_TaxTypeFilingYear = "Object Repository/RAD_Pages/TaxTypeFilingYear_Page": null

2023-11-01 15:51:00 - [TEST_STEP][PASSED] - orPath_TaxPayer = "Object Repository/RAD_Pages/Taxpayer_Page": null

2023-11-01 15:51:00 - [TEST_STEP][PASSED] - orPath_AddressContact = "Object Repository/RAD_Pages/AddressAndContactInfo_Page": null

2023-11-01 15:51:00 - [TEST_STEP][PASSED] - orPath_FilingStatus = "Object Repository/RAD_Pages/FilingStatus_Page": null

2023-11-01 15:51:00 - [TEST_STEP][PASSED] - orPath_Amount = "Object Repository/RAD_Pages/PaymentAmount_Page": null

2023-11-01 15:51:00 - [TEST_STEP][PASSED] - selectOptionByLabel(findTestObject(orPath_Landing + "/dd_TaxType"), Paymenttype, false): All options with label 'Extension Payments' are selected in object 'Object Repository/RAD_Pages/Landing_Page/dd_TaxType' 

2023-11-01 15:51:02 - [MESSAGE][PASSED] - All options with label 'Extension Payments' are selected in object 'Object Repository/RAD_Pages/Landing_Page/dd_TaxType' 

2023-11-01 15:51:02 - [TEST_STEP][PASSED] - delay(1): Delayed 1 second(s)

2023-11-01 15:51:03 - [MESSAGE][PASSED] - Delayed 1 second(s)

2023-11-01 15:51:03 - [TEST_STEP][PASSED] - switch (Paymenttype): null

2023-11-01 15:51:03 - [TEST_STEP][PASSED] - case "Extension Payments":: null

2023-11-01 15:51:03 - [TEST_STEP][PASSED] - selectOptionByLabel(findTestObject(orPath_TaxTypeFilingYear + "/select_PaymentType"), Taxtype, false): All options with label 'Personal Income Tax' are selected in object 'Object Repository/RAD_Pages/TaxTypeFilingYear_Page/select_PaymentType' 

2023-11-01 15:51:04 - [MESSAGE][PASSED] - All options with label 'Personal Income Tax' are selected in object 'Object Repository/RAD_Pages/TaxTypeFilingYear_Page/select_PaymentType' 

2023-11-01 15:51:04 - [TEST_STEP][PASSED] - break: null

2023-11-01 15:51:04 - [TEST_STEP][PASSED] - delay(1): Delayed 1 second(s)

2023-11-01 15:51:05 - [MESSAGE][PASSED] - Delayed 1 second(s)

2023-11-01 15:51:05 - [TEST_STEP][PASSED] - scrollToElement(findTestObject(orPath_Amount + "/input__paymentAmount"), 3): Scroll to object 'Object Repository/RAD_Pages/PaymentAmount_Page/input__paymentAmount' successfully

2023-11-01 15:51:05 - [MESSAGE][PASSED] - Scroll to object 'Object Repository/RAD_Pages/PaymentAmount_Page/input__paymentAmount' successfully

2023-11-01 15:51:05 - [TEST_STEP][PASSED] - setText(findTestObject(orPath_AddressContact + "/input_eMailAddress"), "imtiazster@gmail.com"): Text 'imtiazster@gmail.com' is set on object 'Object Repository/RAD_Pages/AddressAndContactInfo_Page/input_eMailAddress'

2023-11-01 15:51:06 - [MESSAGE][PASSED] - Text 'imtiazster@gmail.com' is set on object 'Object Repository/RAD_Pages/AddressAndContactInfo_Page/input_eMailAddress'

2023-11-01 15:51:06 - [TEST_STEP][PASSED] - setText(findTestObject(orPath_AddressContact + "/input_reEnterEMailAddress"), "iahmed@govolution.com"): Text 'iahmed@govolution.com' is set on object 'Object Repository/RAD_Pages/AddressAndContactInfo_Page/input_reEnterEMailAddress'

2023-11-01 15:51:07 - [MESSAGE][PASSED] - Text 'iahmed@govolution.com' is set on object 'Object Repository/RAD_Pages/AddressAndContactInfo_Page/input_reEnterEMailAddress'

2023-11-01 15:51:07 - [TEST_STEP][PASSED] - delay(2): Delayed 2 second(s)

2023-11-01 15:51:09 - [MESSAGE][PASSED] - Delayed 2 second(s)

2023-11-01 15:51:09 - [TEST_STEP][PASSED] - if (verifyTextPresent("The Email and Re-enter email do not match", true)): null

2023-11-01 15:51:09 - [MESSAGE][PASSED] - Text 'The Email and Re-enter email do not match' is present on page  using regular expression

2023-11-01 15:51:09 - [TEST_STEP][PASSED] - println("Emails Dont match text is present"): null

2023-11-01 15:51:09 - [TEST_STEP][PASSED] - out.println("Pass Record Number: " + row): null

2023-11-01 15:51:09 - [TEST_STEP][PASSED] - resText = "Pass": null

2023-11-01 15:51:09 - [TEST_STEP][PASSED] - pages.WriteExcel.demoKey(resText, datText, resColumn, datCloumn, fileLoc, nameSheet, row): pages.WriteExcel.demoKey is PASSED

2023-11-01 15:51:09 - [MESSAGE][PASSED] - pages.WriteExcel.demoKey is PASSED

2023-11-01 15:51:09 - [TEST_STEP][PASSED] - ExecuteTC = findTestData(dataFile).getValue("Execute", row): null

2023-11-01 15:51:09 - [TEST_STEP][PASSED] - Taxtype = findTestData(dataFile).getValue("TaxType", row): null

2023-11-01 15:51:09 - [TEST_STEP][PASSED] - Paymenttype = findTestData(dataFile).getValue("PaymentType", row): null

2023-11-01 15:51:09 - [TEST_STEP][PASSED] - out.println("Value of Execute is : " + ExecuteTC): null

2023-11-01 15:51:09 - [TEST_STEP][PASSED] - if (ExecuteTC.equalsIgnoreCase("Y")): null

2023-11-01 15:51:09 - [TEST_STEP][PASSED] - out.println("Begin Record Number: " + row): null

2023-11-01 15:51:09 - [TEST_STEP][PASSED] - today = new java.util.Date(): null

2023-11-01 15:51:09 - [TEST_STEP][PASSED] - println(today): null

2023-11-01 15:51:09 - [TEST_STEP][PASSED] - datText = today: null

2023-11-01 15:51:09 - [TEST_STEP][PASSED] - Taxtype = findTestData(dataFile).getValue("TaxType", row): null

2023-11-01 15:51:09 - [TEST_STEP][PASSED] - out.println("Taxtype value is : " + Taxtype): null

2023-11-01 15:51:09 - [TEST_STEP][PASSED] - openBrowser(""): Browser is opened with url: ''

2023-11-01 15:51:09 - [MESSAGE][WARNING] - A browser is already opened. Closing browser and opening a new one

2023-11-01 15:51:10 - [MESSAGE][INFO] - Starting 'Chrome' driver

2023-11-01 15:51:10 - [MESSAGE][INFO] - User set preference: ['acceptInsecureCerts', 'true']

2023-11-01 15:51:10 - [MESSAGE][INFO] - Action delay is set to 0 milliseconds

2023-11-01 15:51:12 - [MESSAGE][PASSED] - Browser is opened with url: ''

2023-11-01 15:51:12 - [TEST_STEP][PASSED] - maximizeWindow(): Current window maximized

2023-11-01 15:51:12 - [MESSAGE][PASSED] - Current window maximized

2023-11-01 15:51:12 - [TEST_STEP][PASSED] - navigateToUrl(RADurl): Navigate to 'https://qa2.velocitypayment.com/client/rad/index.html' successfully

2023-11-01 15:51:14 - [MESSAGE][PASSED] - Navigate to 'https://qa2.velocitypayment.com/client/rad/index.html' successfully

2023-11-01 15:51:14 - [TEST_STEP][PASSED] - orPath_Landing = "Object Repository/RAD_Pages/Landing_Page": null

2023-11-01 15:51:14 - [TEST_STEP][PASSED] - orPath_TaxTypeFilingYear = "Object Repository/RAD_Pages/TaxTypeFilingYear_Page": null

2023-11-01 15:51:14 - [TEST_STEP][PASSED] - orPath_TaxPayer = "Object Repository/RAD_Pages/Taxpayer_Page": null

2023-11-01 15:51:14 - [TEST_STEP][PASSED] - orPath_AddressContact = "Object Repository/RAD_Pages/AddressAndContactInfo_Page": null

2023-11-01 15:51:14 - [TEST_STEP][PASSED] - orPath_FilingStatus = "Object Repository/RAD_Pages/FilingStatus_Page": null

2023-11-01 15:51:14 - [TEST_STEP][PASSED] - orPath_Amount = "Object Repository/RAD_Pages/PaymentAmount_Page": null

2023-11-01 15:51:14 - [TEST_STEP][PASSED] - selectOptionByLabel(findTestObject(orPath_Landing + "/dd_TaxType"), Paymenttype, false): All options with label 'New Tax Return Amount Due' are selected in object 'Object Repository/RAD_Pages/Landing_Page/dd_TaxType' 

2023-11-01 15:51:15 - [MESSAGE][PASSED] - All options with label 'New Tax Return Amount Due' are selected in object 'Object Repository/RAD_Pages/Landing_Page/dd_TaxType' 

2023-11-01 15:51:15 - [TEST_STEP][PASSED] - delay(1): Delayed 1 second(s)

2023-11-01 15:51:16 - [MESSAGE][PASSED] - Delayed 1 second(s)

2023-11-01 15:51:16 - [TEST_STEP][PASSED] - switch (Paymenttype): null

2023-11-01 15:51:16 - [TEST_STEP][PASSED] - case "New Tax Return Amount Due":: null

2023-11-01 15:51:16 - [TEST_STEP][PASSED] - selectOptionByLabel(findTestObject("Object Repository/RAD_Pages/Landing_Page/select_NewTaxReturnAmountDue_TaxType"), Taxtype, false): All options with label 'Fiduciary Tax' are selected in object 'Object Repository/RAD_Pages/Landing_Page/select_NewTaxReturnAmountDue_TaxType' 

2023-11-01 15:51:16 - [MESSAGE][PASSED] - All options with label 'Fiduciary Tax' are selected in object 'Object Repository/RAD_Pages/Landing_Page/select_NewTaxReturnAmountDue_TaxType' 

2023-11-01 15:51:16 - [TEST_STEP][PASSED] - break: null

2023-11-01 15:51:16 - [TEST_STEP][PASSED] - delay(1): Delayed 1 second(s)

2023-11-01 15:51:17 - [MESSAGE][PASSED] - Delayed 1 second(s)

2023-11-01 15:51:17 - [TEST_STEP][PASSED] - scrollToElement(findTestObject(orPath_Amount + "/input__paymentAmount"), 3): Scroll to object 'Object Repository/RAD_Pages/PaymentAmount_Page/input__paymentAmount' successfully

2023-11-01 15:51:17 - [MESSAGE][PASSED] - Scroll to object 'Object Repository/RAD_Pages/PaymentAmount_Page/input__paymentAmount' successfully

2023-11-01 15:51:17 - [TEST_STEP][PASSED] - setText(findTestObject(orPath_AddressContact + "/input_eMailAddress"), "imtiazster@gmail.com"): Text 'imtiazster@gmail.com' is set on object 'Object Repository/RAD_Pages/AddressAndContactInfo_Page/input_eMailAddress'

2023-11-01 15:51:18 - [MESSAGE][PASSED] - Text 'imtiazster@gmail.com' is set on object 'Object Repository/RAD_Pages/AddressAndContactInfo_Page/input_eMailAddress'

2023-11-01 15:51:18 - [TEST_STEP][PASSED] - setText(findTestObject(orPath_AddressContact + "/input_reEnterEMailAddress"), "iahmed@govolution.com"): Text 'iahmed@govolution.com' is set on object 'Object Repository/RAD_Pages/AddressAndContactInfo_Page/input_reEnterEMailAddress'

2023-11-01 15:51:19 - [MESSAGE][PASSED] - Text 'iahmed@govolution.com' is set on object 'Object Repository/RAD_Pages/AddressAndContactInfo_Page/input_reEnterEMailAddress'

2023-11-01 15:51:19 - [TEST_STEP][PASSED] - delay(2): Delayed 2 second(s)

2023-11-01 15:51:21 - [MESSAGE][PASSED] - Delayed 2 second(s)

2023-11-01 15:51:21 - [TEST_STEP][PASSED] - if (verifyTextPresent("The Email and Re-enter email do not match", true)): null

2023-11-01 15:51:22 - [MESSAGE][PASSED] - Text 'The Email and Re-enter email do not match' is present on page  using regular expression

2023-11-01 15:51:22 - [TEST_STEP][PASSED] - println("Emails Dont match text is present"): null

2023-11-01 15:51:22 - [TEST_STEP][PASSED] - out.println("Pass Record Number: " + row): null

2023-11-01 15:51:22 - [TEST_STEP][PASSED] - resText = "Pass": null

2023-11-01 15:51:22 - [TEST_STEP][PASSED] - pages.WriteExcel.demoKey(resText, datText, resColumn, datCloumn, fileLoc, nameSheet, row): pages.WriteExcel.demoKey is PASSED

2023-11-01 15:51:22 - [MESSAGE][PASSED] - pages.WriteExcel.demoKey is PASSED

2023-11-01 15:51:22 - [TEST_STEP][PASSED] - ExecuteTC = findTestData(dataFile).getValue("Execute", row): null

2023-11-01 15:51:22 - [TEST_STEP][PASSED] - Taxtype = findTestData(dataFile).getValue("TaxType", row): null

2023-11-01 15:51:22 - [TEST_STEP][PASSED] - Paymenttype = findTestData(dataFile).getValue("PaymentType", row): null

2023-11-01 15:51:22 - [TEST_STEP][PASSED] - out.println("Value of Execute is : " + ExecuteTC): null

2023-11-01 15:51:22 - [TEST_STEP][PASSED] - if (ExecuteTC.equalsIgnoreCase("Y")): null

2023-11-01 15:51:22 - [TEST_STEP][PASSED] - out.println("Begin Record Number: " + row): null

2023-11-01 15:51:22 - [TEST_STEP][PASSED] - today = new java.util.Date(): null

2023-11-01 15:51:22 - [TEST_STEP][PASSED] - println(today): null

2023-11-01 15:51:22 - [TEST_STEP][PASSED] - datText = today: null

2023-11-01 15:51:22 - [TEST_STEP][PASSED] - Taxtype = findTestData(dataFile).getValue("TaxType", row): null

2023-11-01 15:51:22 - [TEST_STEP][PASSED] - out.println("Taxtype value is : " + Taxtype): null

2023-11-01 15:51:22 - [TEST_STEP][PASSED] - openBrowser(""): Browser is opened with url: ''

2023-11-01 15:51:22 - [MESSAGE][WARNING] - A browser is already opened. Closing browser and opening a new one

2023-11-01 15:51:23 - [MESSAGE][INFO] - Starting 'Chrome' driver

2023-11-01 15:51:23 - [MESSAGE][INFO] - User set preference: ['acceptInsecureCerts', 'true']

2023-11-01 15:51:23 - [MESSAGE][INFO] - Action delay is set to 0 milliseconds

2023-11-01 15:51:24 - [MESSAGE][PASSED] - Browser is opened with url: ''

2023-11-01 15:51:24 - [TEST_STEP][PASSED] - maximizeWindow(): Current window maximized

2023-11-01 15:51:24 - [MESSAGE][PASSED] - Current window maximized

2023-11-01 15:51:24 - [TEST_STEP][PASSED] - navigateToUrl(RADurl): Navigate to 'https://qa2.velocitypayment.com/client/rad/index.html' successfully

2023-11-01 15:51:26 - [MESSAGE][PASSED] - Navigate to 'https://qa2.velocitypayment.com/client/rad/index.html' successfully

2023-11-01 15:51:26 - [TEST_STEP][PASSED] - orPath_Landing = "Object Repository/RAD_Pages/Landing_Page": null

2023-11-01 15:51:26 - [TEST_STEP][PASSED] - orPath_TaxTypeFilingYear = "Object Repository/RAD_Pages/TaxTypeFilingYear_Page": null

2023-11-01 15:51:26 - [TEST_STEP][PASSED] - orPath_TaxPayer = "Object Repository/RAD_Pages/Taxpayer_Page": null

2023-11-01 15:51:26 - [TEST_STEP][PASSED] - orPath_AddressContact = "Object Repository/RAD_Pages/AddressAndContactInfo_Page": null

2023-11-01 15:51:26 - [TEST_STEP][PASSED] - orPath_FilingStatus = "Object Repository/RAD_Pages/FilingStatus_Page": null

2023-11-01 15:51:26 - [TEST_STEP][PASSED] - orPath_Amount = "Object Repository/RAD_Pages/PaymentAmount_Page": null

2023-11-01 15:51:26 - [TEST_STEP][PASSED] - selectOptionByLabel(findTestObject(orPath_Landing + "/dd_TaxType"), Paymenttype, false): All options with label 'New Tax Return Amount Due' are selected in object 'Object Repository/RAD_Pages/Landing_Page/dd_TaxType' 

2023-11-01 15:51:27 - [MESSAGE][PASSED] - All options with label 'New Tax Return Amount Due' are selected in object 'Object Repository/RAD_Pages/Landing_Page/dd_TaxType' 

2023-11-01 15:51:27 - [TEST_STEP][PASSED] - delay(1): Delayed 1 second(s)

2023-11-01 15:51:28 - [MESSAGE][PASSED] - Delayed 1 second(s)

2023-11-01 15:51:28 - [TEST_STEP][PASSED] - switch (Paymenttype): null

2023-11-01 15:51:28 - [TEST_STEP][PASSED] - case "New Tax Return Amount Due":: null

2023-11-01 15:51:28 - [TEST_STEP][PASSED] - selectOptionByLabel(findTestObject("Object Repository/RAD_Pages/Landing_Page/select_NewTaxReturnAmountDue_TaxType"), Taxtype, false): All options with label 'PTE Non-Electing Non-S Corp' are selected in object 'Object Repository/RAD_Pages/Landing_Page/select_NewTaxReturnAmountDue_TaxType' 

2023-11-01 15:51:28 - [MESSAGE][PASSED] - All options with label 'PTE Non-Electing Non-S Corp' are selected in object 'Object Repository/RAD_Pages/Landing_Page/select_NewTaxReturnAmountDue_TaxType' 

2023-11-01 15:51:28 - [TEST_STEP][PASSED] - break: null

2023-11-01 15:51:28 - [TEST_STEP][PASSED] - delay(1): Delayed 1 second(s)

2023-11-01 15:51:29 - [MESSAGE][PASSED] - Delayed 1 second(s)

2023-11-01 15:51:29 - [TEST_STEP][PASSED] - scrollToElement(findTestObject(orPath_Amount + "/input__paymentAmount"), 3): Scroll to object 'Object Repository/RAD_Pages/PaymentAmount_Page/input__paymentAmount' successfully

2023-11-01 15:51:30 - [MESSAGE][PASSED] - Scroll to object 'Object Repository/RAD_Pages/PaymentAmount_Page/input__paymentAmount' successfully

2023-11-01 15:51:30 - [TEST_STEP][PASSED] - setText(findTestObject(orPath_AddressContact + "/input_eMailAddress"), "imtiazster@gmail.com"): Text 'imtiazster@gmail.com' is set on object 'Object Repository/RAD_Pages/AddressAndContactInfo_Page/input_eMailAddress'

2023-11-01 15:51:30 - [MESSAGE][PASSED] - Text 'imtiazster@gmail.com' is set on object 'Object Repository/RAD_Pages/AddressAndContactInfo_Page/input_eMailAddress'

2023-11-01 15:51:30 - [TEST_STEP][PASSED] - setText(findTestObject(orPath_AddressContact + "/input_reEnterEMailAddress"), "iahmed@govolution.com"): Text 'iahmed@govolution.com' is set on object 'Object Repository/RAD_Pages/AddressAndContactInfo_Page/input_reEnterEMailAddress'

2023-11-01 15:51:31 - [MESSAGE][PASSED] - Text 'iahmed@govolution.com' is set on object 'Object Repository/RAD_Pages/AddressAndContactInfo_Page/input_reEnterEMailAddress'

2023-11-01 15:51:31 - [TEST_STEP][PASSED] - delay(2): Delayed 2 second(s)

2023-11-01 15:51:33 - [MESSAGE][PASSED] - Delayed 2 second(s)

2023-11-01 15:51:33 - [TEST_STEP][PASSED] - if (verifyTextPresent("The Email and Re-enter email do not match", true)): null

2023-11-01 15:51:34 - [MESSAGE][PASSED] - Text 'The Email and Re-enter email do not match' is present on page  using regular expression

2023-11-01 15:51:34 - [TEST_STEP][PASSED] - println("Emails Dont match text is present"): null

2023-11-01 15:51:34 - [TEST_STEP][PASSED] - out.println("Pass Record Number: " + row): null

2023-11-01 15:51:34 - [TEST_STEP][PASSED] - resText = "Pass": null

2023-11-01 15:51:34 - [TEST_STEP][PASSED] - pages.WriteExcel.demoKey(resText, datText, resColumn, datCloumn, fileLoc, nameSheet, row): pages.WriteExcel.demoKey is PASSED

2023-11-01 15:51:34 - [MESSAGE][PASSED] - pages.WriteExcel.demoKey is PASSED

2023-11-01 15:51:34 - [TEST_STEP][PASSED] - ExecuteTC = findTestData(dataFile).getValue("Execute", row): null

2023-11-01 15:51:34 - [TEST_STEP][PASSED] - Taxtype = findTestData(dataFile).getValue("TaxType", row): null

2023-11-01 15:51:34 - [TEST_STEP][PASSED] - Paymenttype = findTestData(dataFile).getValue("PaymentType", row): null

2023-11-01 15:51:34 - [TEST_STEP][PASSED] - out.println("Value of Execute is : " + ExecuteTC): null

2023-11-01 15:51:34 - [TEST_STEP][PASSED] - if (ExecuteTC.equalsIgnoreCase("Y")): null

2023-11-01 15:51:34 - [TEST_STEP][PASSED] - out.println("Begin Record Number: " + row): null

2023-11-01 15:51:34 - [TEST_STEP][PASSED] - today = new java.util.Date(): null

2023-11-01 15:51:34 - [TEST_STEP][PASSED] - println(today): null

2023-11-01 15:51:34 - [TEST_STEP][PASSED] - datText = today: null

2023-11-01 15:51:34 - [TEST_STEP][PASSED] - Taxtype = findTestData(dataFile).getValue("TaxType", row): null

2023-11-01 15:51:34 - [TEST_STEP][PASSED] - out.println("Taxtype value is : " + Taxtype): null

2023-11-01 15:51:34 - [TEST_STEP][PASSED] - openBrowser(""): Browser is opened with url: ''

2023-11-01 15:51:34 - [MESSAGE][WARNING] - A browser is already opened. Closing browser and opening a new one

2023-11-01 15:51:35 - [MESSAGE][INFO] - Starting 'Chrome' driver

2023-11-01 15:51:35 - [MESSAGE][INFO] - User set preference: ['acceptInsecureCerts', 'true']

2023-11-01 15:51:35 - [MESSAGE][INFO] - Action delay is set to 0 milliseconds

2023-11-01 15:51:36 - [MESSAGE][PASSED] - Browser is opened with url: ''

2023-11-01 15:51:36 - [TEST_STEP][PASSED] - maximizeWindow(): Current window maximized

2023-11-01 15:51:36 - [MESSAGE][PASSED] - Current window maximized

2023-11-01 15:51:36 - [TEST_STEP][PASSED] - navigateToUrl(RADurl): Navigate to 'https://qa2.velocitypayment.com/client/rad/index.html' successfully

2023-11-01 15:51:38 - [MESSAGE][PASSED] - Navigate to 'https://qa2.velocitypayment.com/client/rad/index.html' successfully

2023-11-01 15:51:38 - [TEST_STEP][PASSED] - orPath_Landing = "Object Repository/RAD_Pages/Landing_Page": null

2023-11-01 15:51:38 - [TEST_STEP][PASSED] - orPath_TaxTypeFilingYear = "Object Repository/RAD_Pages/TaxTypeFilingYear_Page": null

2023-11-01 15:51:38 - [TEST_STEP][PASSED] - orPath_TaxPayer = "Object Repository/RAD_Pages/Taxpayer_Page": null

2023-11-01 15:51:38 - [TEST_STEP][PASSED] - orPath_AddressContact = "Object Repository/RAD_Pages/AddressAndContactInfo_Page": null

2023-11-01 15:51:38 - [TEST_STEP][PASSED] - orPath_FilingStatus = "Object Repository/RAD_Pages/FilingStatus_Page": null

2023-11-01 15:51:38 - [TEST_STEP][PASSED] - orPath_Amount = "Object Repository/RAD_Pages/PaymentAmount_Page": null

2023-11-01 15:51:38 - [TEST_STEP][PASSED] - selectOptionByLabel(findTestObject(orPath_Landing + "/dd_TaxType"), Paymenttype, false): All options with label 'New Tax Return Amount Due' are selected in object 'Object Repository/RAD_Pages/Landing_Page/dd_TaxType' 

2023-11-01 15:51:39 - [MESSAGE][PASSED] - All options with label 'New Tax Return Amount Due' are selected in object 'Object Repository/RAD_Pages/Landing_Page/dd_TaxType' 

2023-11-01 15:51:39 - [TEST_STEP][PASSED] - delay(1): Delayed 1 second(s)

2023-11-01 15:51:40 - [MESSAGE][PASSED] - Delayed 1 second(s)

2023-11-01 15:51:40 - [TEST_STEP][PASSED] - switch (Paymenttype): null

2023-11-01 15:51:40 - [TEST_STEP][PASSED] - case "New Tax Return Amount Due":: null

2023-11-01 15:51:40 - [TEST_STEP][PASSED] - selectOptionByLabel(findTestObject("Object Repository/RAD_Pages/Landing_Page/select_NewTaxReturnAmountDue_TaxType"), Taxtype, false): All options with label 'PTE Non-Electing S Corp' are selected in object 'Object Repository/RAD_Pages/Landing_Page/select_NewTaxReturnAmountDue_TaxType' 

2023-11-01 15:51:40 - [MESSAGE][PASSED] - All options with label 'PTE Non-Electing S Corp' are selected in object 'Object Repository/RAD_Pages/Landing_Page/select_NewTaxReturnAmountDue_TaxType' 

2023-11-01 15:51:40 - [TEST_STEP][PASSED] - break: null

2023-11-01 15:51:40 - [TEST_STEP][PASSED] - delay(1): Delayed 1 second(s)

2023-11-01 15:51:41 - [MESSAGE][PASSED] - Delayed 1 second(s)

2023-11-01 15:51:41 - [TEST_STEP][PASSED] - scrollToElement(findTestObject(orPath_Amount + "/input__paymentAmount"), 3): Scroll to object 'Object Repository/RAD_Pages/PaymentAmount_Page/input__paymentAmount' successfully

2023-11-01 15:51:41 - [MESSAGE][PASSED] - Scroll to object 'Object Repository/RAD_Pages/PaymentAmount_Page/input__paymentAmount' successfully

2023-11-01 15:51:41 - [TEST_STEP][PASSED] - setText(findTestObject(orPath_AddressContact + "/input_eMailAddress"), "imtiazster@gmail.com"): Text 'imtiazster@gmail.com' is set on object 'Object Repository/RAD_Pages/AddressAndContactInfo_Page/input_eMailAddress'

2023-11-01 15:51:42 - [MESSAGE][PASSED] - Text 'imtiazster@gmail.com' is set on object 'Object Repository/RAD_Pages/AddressAndContactInfo_Page/input_eMailAddress'

2023-11-01 15:51:42 - [TEST_STEP][PASSED] - setText(findTestObject(orPath_AddressContact + "/input_reEnterEMailAddress"), "iahmed@govolution.com"): Text 'iahmed@govolution.com' is set on object 'Object Repository/RAD_Pages/AddressAndContactInfo_Page/input_reEnterEMailAddress'

2023-11-01 15:51:43 - [MESSAGE][PASSED] - Text 'iahmed@govolution.com' is set on object 'Object Repository/RAD_Pages/AddressAndContactInfo_Page/input_reEnterEMailAddress'

2023-11-01 15:51:43 - [TEST_STEP][PASSED] - delay(2): Delayed 2 second(s)

2023-11-01 15:51:45 - [MESSAGE][PASSED] - Delayed 2 second(s)

2023-11-01 15:51:45 - [TEST_STEP][PASSED] - if (verifyTextPresent("The Email and Re-enter email do not match", true)): null

2023-11-01 15:51:46 - [MESSAGE][PASSED] - Text 'The Email and Re-enter email do not match' is present on page  using regular expression

2023-11-01 15:51:46 - [TEST_STEP][PASSED] - println("Emails Dont match text is present"): null

2023-11-01 15:51:46 - [TEST_STEP][PASSED] - out.println("Pass Record Number: " + row): null

2023-11-01 15:51:46 - [TEST_STEP][PASSED] - resText = "Pass": null

2023-11-01 15:51:46 - [TEST_STEP][PASSED] - pages.WriteExcel.demoKey(resText, datText, resColumn, datCloumn, fileLoc, nameSheet, row): pages.WriteExcel.demoKey is PASSED

2023-11-01 15:51:46 - [MESSAGE][PASSED] - pages.WriteExcel.demoKey is PASSED

2023-11-01 15:51:46 - [TEST_STEP][PASSED] - ExecuteTC = findTestData(dataFile).getValue("Execute", row): null

2023-11-01 15:51:46 - [TEST_STEP][PASSED] - Taxtype = findTestData(dataFile).getValue("TaxType", row): null

2023-11-01 15:51:46 - [TEST_STEP][PASSED] - Paymenttype = findTestData(dataFile).getValue("PaymentType", row): null

2023-11-01 15:51:46 - [TEST_STEP][PASSED] - out.println("Value of Execute is : " + ExecuteTC): null

2023-11-01 15:51:46 - [TEST_STEP][PASSED] - if (ExecuteTC.equalsIgnoreCase("Y")): null

2023-11-01 15:51:46 - [TEST_STEP][PASSED] - out.println("Begin Record Number: " + row): null

2023-11-01 15:51:46 - [TEST_STEP][PASSED] - today = new java.util.Date(): null

2023-11-01 15:51:46 - [TEST_STEP][PASSED] - println(today): null

2023-11-01 15:51:46 - [TEST_STEP][PASSED] - datText = today: null

2023-11-01 15:51:46 - [TEST_STEP][PASSED] - Taxtype = findTestData(dataFile).getValue("TaxType", row): null

2023-11-01 15:51:46 - [TEST_STEP][PASSED] - out.println("Taxtype value is : " + Taxtype): null

2023-11-01 15:51:46 - [TEST_STEP][PASSED] - openBrowser(""): Browser is opened with url: ''

2023-11-01 15:51:46 - [MESSAGE][WARNING] - A browser is already opened. Closing browser and opening a new one

2023-11-01 15:51:47 - [MESSAGE][INFO] - Starting 'Chrome' driver

2023-11-01 15:51:47 - [MESSAGE][INFO] - User set preference: ['acceptInsecureCerts', 'true']

2023-11-01 15:51:47 - [MESSAGE][INFO] - Action delay is set to 0 milliseconds

2023-11-01 15:51:48 - [MESSAGE][PASSED] - Browser is opened with url: ''

2023-11-01 15:51:48 - [TEST_STEP][PASSED] - maximizeWindow(): Current window maximized

2023-11-01 15:51:48 - [MESSAGE][PASSED] - Current window maximized

2023-11-01 15:51:48 - [TEST_STEP][PASSED] - navigateToUrl(RADurl): Navigate to 'https://qa2.velocitypayment.com/client/rad/index.html' successfully

2023-11-01 15:51:50 - [MESSAGE][PASSED] - Navigate to 'https://qa2.velocitypayment.com/client/rad/index.html' successfully

2023-11-01 15:51:50 - [TEST_STEP][PASSED] - orPath_Landing = "Object Repository/RAD_Pages/Landing_Page": null

2023-11-01 15:51:50 - [TEST_STEP][PASSED] - orPath_TaxTypeFilingYear = "Object Repository/RAD_Pages/TaxTypeFilingYear_Page": null

2023-11-01 15:51:50 - [TEST_STEP][PASSED] - orPath_TaxPayer = "Object Repository/RAD_Pages/Taxpayer_Page": null

2023-11-01 15:51:50 - [TEST_STEP][PASSED] - orPath_AddressContact = "Object Repository/RAD_Pages/AddressAndContactInfo_Page": null

2023-11-01 15:51:50 - [TEST_STEP][PASSED] - orPath_FilingStatus = "Object Repository/RAD_Pages/FilingStatus_Page": null

2023-11-01 15:51:50 - [TEST_STEP][PASSED] - orPath_Amount = "Object Repository/RAD_Pages/PaymentAmount_Page": null

2023-11-01 15:51:50 - [TEST_STEP][PASSED] - selectOptionByLabel(findTestObject(orPath_Landing + "/dd_TaxType"), Paymenttype, false): All options with label 'New Tax Return Amount Due' are selected in object 'Object Repository/RAD_Pages/Landing_Page/dd_TaxType' 

2023-11-01 15:51:51 - [MESSAGE][PASSED] - All options with label 'New Tax Return Amount Due' are selected in object 'Object Repository/RAD_Pages/Landing_Page/dd_TaxType' 

2023-11-01 15:51:51 - [TEST_STEP][PASSED] - delay(1): Delayed 1 second(s)

2023-11-01 15:51:52 - [MESSAGE][PASSED] - Delayed 1 second(s)

2023-11-01 15:51:52 - [TEST_STEP][PASSED] - switch (Paymenttype): null

2023-11-01 15:51:52 - [TEST_STEP][PASSED] - case "New Tax Return Amount Due":: null

2023-11-01 15:51:52 - [TEST_STEP][PASSED] - selectOptionByLabel(findTestObject("Object Repository/RAD_Pages/Landing_Page/select_NewTaxReturnAmountDue_TaxType"), Taxtype, false): All options with label 'PTE Tax Electing Non-S Corp' are selected in object 'Object Repository/RAD_Pages/Landing_Page/select_NewTaxReturnAmountDue_TaxType' 

2023-11-01 15:51:52 - [MESSAGE][PASSED] - All options with label 'PTE Tax Electing Non-S Corp' are selected in object 'Object Repository/RAD_Pages/Landing_Page/select_NewTaxReturnAmountDue_TaxType' 

2023-11-01 15:51:52 - [TEST_STEP][PASSED] - break: null

2023-11-01 15:51:52 - [TEST_STEP][PASSED] - delay(1): Delayed 1 second(s)

2023-11-01 15:51:53 - [MESSAGE][PASSED] - Delayed 1 second(s)

2023-11-01 15:51:53 - [TEST_STEP][PASSED] - scrollToElement(findTestObject(orPath_Amount + "/input__paymentAmount"), 3): Scroll to object 'Object Repository/RAD_Pages/PaymentAmount_Page/input__paymentAmount' successfully

2023-11-01 15:51:54 - [MESSAGE][PASSED] - Scroll to object 'Object Repository/RAD_Pages/PaymentAmount_Page/input__paymentAmount' successfully

2023-11-01 15:51:54 - [TEST_STEP][PASSED] - setText(findTestObject(orPath_AddressContact + "/input_eMailAddress"), "imtiazster@gmail.com"): Text 'imtiazster@gmail.com' is set on object 'Object Repository/RAD_Pages/AddressAndContactInfo_Page/input_eMailAddress'

2023-11-01 15:51:54 - [MESSAGE][PASSED] - Text 'imtiazster@gmail.com' is set on object 'Object Repository/RAD_Pages/AddressAndContactInfo_Page/input_eMailAddress'

2023-11-01 15:51:54 - [TEST_STEP][PASSED] - setText(findTestObject(orPath_AddressContact + "/input_reEnterEMailAddress"), "iahmed@govolution.com"): Text 'iahmed@govolution.com' is set on object 'Object Repository/RAD_Pages/AddressAndContactInfo_Page/input_reEnterEMailAddress'

2023-11-01 15:51:55 - [MESSAGE][PASSED] - Text 'iahmed@govolution.com' is set on object 'Object Repository/RAD_Pages/AddressAndContactInfo_Page/input_reEnterEMailAddress'

2023-11-01 15:51:55 - [TEST_STEP][PASSED] - delay(2): Delayed 2 second(s)

2023-11-01 15:51:57 - [MESSAGE][PASSED] - Delayed 2 second(s)

2023-11-01 15:51:57 - [TEST_STEP][PASSED] - if (verifyTextPresent("The Email and Re-enter email do not match", true)): null

2023-11-01 15:51:58 - [MESSAGE][PASSED] - Text 'The Email and Re-enter email do not match' is present on page  using regular expression

2023-11-01 15:51:58 - [TEST_STEP][PASSED] - println("Emails Dont match text is present"): null

2023-11-01 15:51:58 - [TEST_STEP][PASSED] - out.println("Pass Record Number: " + row): null

2023-11-01 15:51:58 - [TEST_STEP][PASSED] - resText = "Pass": null

2023-11-01 15:51:58 - [TEST_STEP][PASSED] - pages.WriteExcel.demoKey(resText, datText, resColumn, datCloumn, fileLoc, nameSheet, row): pages.WriteExcel.demoKey is PASSED

2023-11-01 15:51:58 - [MESSAGE][PASSED] - pages.WriteExcel.demoKey is PASSED

2023-11-01 15:51:58 - [TEST_STEP][PASSED] - ExecuteTC = findTestData(dataFile).getValue("Execute", row): null

2023-11-01 15:51:58 - [TEST_STEP][PASSED] - Taxtype = findTestData(dataFile).getValue("TaxType", row): null

2023-11-01 15:51:58 - [TEST_STEP][PASSED] - Paymenttype = findTestData(dataFile).getValue("PaymentType", row): null

2023-11-01 15:51:58 - [TEST_STEP][PASSED] - out.println("Value of Execute is : " + ExecuteTC): null

2023-11-01 15:51:58 - [TEST_STEP][PASSED] - if (ExecuteTC.equalsIgnoreCase("Y")): null

2023-11-01 15:51:58 - [TEST_STEP][PASSED] - out.println("Begin Record Number: " + row): null

2023-11-01 15:51:58 - [TEST_STEP][PASSED] - today = new java.util.Date(): null

2023-11-01 15:51:58 - [TEST_STEP][PASSED] - println(today): null

2023-11-01 15:51:58 - [TEST_STEP][PASSED] - datText = today: null

2023-11-01 15:51:58 - [TEST_STEP][PASSED] - Taxtype = findTestData(dataFile).getValue("TaxType", row): null

2023-11-01 15:51:58 - [TEST_STEP][PASSED] - out.println("Taxtype value is : " + Taxtype): null

2023-11-01 15:51:58 - [TEST_STEP][PASSED] - openBrowser(""): Browser is opened with url: ''

2023-11-01 15:51:58 - [MESSAGE][WARNING] - A browser is already opened. Closing browser and opening a new one

2023-11-01 15:51:59 - [MESSAGE][INFO] - Starting 'Chrome' driver

2023-11-01 15:51:59 - [MESSAGE][INFO] - User set preference: ['acceptInsecureCerts', 'true']

2023-11-01 15:51:59 - [MESSAGE][INFO] - Action delay is set to 0 milliseconds

2023-11-01 15:52:00 - [MESSAGE][PASSED] - Browser is opened with url: ''

2023-11-01 15:52:00 - [TEST_STEP][PASSED] - maximizeWindow(): Current window maximized

2023-11-01 15:52:00 - [MESSAGE][PASSED] - Current window maximized

2023-11-01 15:52:00 - [TEST_STEP][PASSED] - navigateToUrl(RADurl): Navigate to 'https://qa2.velocitypayment.com/client/rad/index.html' successfully

2023-11-01 15:52:01 - [MESSAGE][PASSED] - Navigate to 'https://qa2.velocitypayment.com/client/rad/index.html' successfully

2023-11-01 15:52:01 - [TEST_STEP][PASSED] - orPath_Landing = "Object Repository/RAD_Pages/Landing_Page": null

2023-11-01 15:52:01 - [TEST_STEP][PASSED] - orPath_TaxTypeFilingYear = "Object Repository/RAD_Pages/TaxTypeFilingYear_Page": null

2023-11-01 15:52:01 - [TEST_STEP][PASSED] - orPath_TaxPayer = "Object Repository/RAD_Pages/Taxpayer_Page": null

2023-11-01 15:52:01 - [TEST_STEP][PASSED] - orPath_AddressContact = "Object Repository/RAD_Pages/AddressAndContactInfo_Page": null

2023-11-01 15:52:01 - [TEST_STEP][PASSED] - orPath_FilingStatus = "Object Repository/RAD_Pages/FilingStatus_Page": null

2023-11-01 15:52:01 - [TEST_STEP][PASSED] - orPath_Amount = "Object Repository/RAD_Pages/PaymentAmount_Page": null

2023-11-01 15:52:01 - [TEST_STEP][PASSED] - selectOptionByLabel(findTestObject(orPath_Landing + "/dd_TaxType"), Paymenttype, false): All options with label 'New Tax Return Amount Due' are selected in object 'Object Repository/RAD_Pages/Landing_Page/dd_TaxType' 

2023-11-01 15:52:03 - [MESSAGE][PASSED] - All options with label 'New Tax Return Amount Due' are selected in object 'Object Repository/RAD_Pages/Landing_Page/dd_TaxType' 

2023-11-01 15:52:03 - [TEST_STEP][PASSED] - delay(1): Delayed 1 second(s)

2023-11-01 15:52:04 - [MESSAGE][PASSED] - Delayed 1 second(s)

2023-11-01 15:52:04 - [TEST_STEP][PASSED] - switch (Paymenttype): null

2023-11-01 15:52:04 - [TEST_STEP][PASSED] - case "New Tax Return Amount Due":: null

2023-11-01 15:52:04 - [TEST_STEP][PASSED] - selectOptionByLabel(findTestObject("Object Repository/RAD_Pages/Landing_Page/select_NewTaxReturnAmountDue_TaxType"), Taxtype, false): All options with label 'PTE Tax Electing S Corp' are selected in object 'Object Repository/RAD_Pages/Landing_Page/select_NewTaxReturnAmountDue_TaxType' 

2023-11-01 15:52:04 - [MESSAGE][PASSED] - All options with label 'PTE Tax Electing S Corp' are selected in object 'Object Repository/RAD_Pages/Landing_Page/select_NewTaxReturnAmountDue_TaxType' 

2023-11-01 15:52:04 - [TEST_STEP][PASSED] - break: null

2023-11-01 15:52:04 - [TEST_STEP][PASSED] - delay(1): Delayed 1 second(s)

2023-11-01 15:52:05 - [MESSAGE][PASSED] - Delayed 1 second(s)

2023-11-01 15:52:05 - [TEST_STEP][PASSED] - scrollToElement(findTestObject(orPath_Amount + "/input__paymentAmount"), 3): Scroll to object 'Object Repository/RAD_Pages/PaymentAmount_Page/input__paymentAmount' successfully

2023-11-01 15:52:05 - [MESSAGE][PASSED] - Scroll to object 'Object Repository/RAD_Pages/PaymentAmount_Page/input__paymentAmount' successfully

2023-11-01 15:52:05 - [TEST_STEP][PASSED] - setText(findTestObject(orPath_AddressContact + "/input_eMailAddress"), "imtiazster@gmail.com"): Text 'imtiazster@gmail.com' is set on object 'Object Repository/RAD_Pages/AddressAndContactInfo_Page/input_eMailAddress'

2023-11-01 15:52:06 - [MESSAGE][PASSED] - Text 'imtiazster@gmail.com' is set on object 'Object Repository/RAD_Pages/AddressAndContactInfo_Page/input_eMailAddress'

2023-11-01 15:52:06 - [TEST_STEP][PASSED] - setText(findTestObject(orPath_AddressContact + "/input_reEnterEMailAddress"), "iahmed@govolution.com"): Text 'iahmed@govolution.com' is set on object 'Object Repository/RAD_Pages/AddressAndContactInfo_Page/input_reEnterEMailAddress'

2023-11-01 15:52:07 - [MESSAGE][PASSED] - Text 'iahmed@govolution.com' is set on object 'Object Repository/RAD_Pages/AddressAndContactInfo_Page/input_reEnterEMailAddress'

2023-11-01 15:52:07 - [TEST_STEP][PASSED] - delay(2): Delayed 2 second(s)

2023-11-01 15:52:09 - [MESSAGE][PASSED] - Delayed 2 second(s)

2023-11-01 15:52:09 - [TEST_STEP][PASSED] - if (verifyTextPresent("The Email and Re-enter email do not match", true)): null

2023-11-01 15:52:10 - [MESSAGE][PASSED] - Text 'The Email and Re-enter email do not match' is present on page  using regular expression

2023-11-01 15:52:10 - [TEST_STEP][PASSED] - println("Emails Dont match text is present"): null

2023-11-01 15:52:10 - [TEST_STEP][PASSED] - out.println("Pass Record Number: " + row): null

2023-11-01 15:52:10 - [TEST_STEP][PASSED] - resText = "Pass": null

2023-11-01 15:52:10 - [TEST_STEP][PASSED] - pages.WriteExcel.demoKey(resText, datText, resColumn, datCloumn, fileLoc, nameSheet, row): pages.WriteExcel.demoKey is PASSED

2023-11-01 15:52:10 - [MESSAGE][PASSED] - pages.WriteExcel.demoKey is PASSED

2023-11-01 15:52:10 - [TEST_STEP][PASSED] - ExecuteTC = findTestData(dataFile).getValue("Execute", row): null

2023-11-01 15:52:10 - [TEST_STEP][PASSED] - Taxtype = findTestData(dataFile).getValue("TaxType", row): null

2023-11-01 15:52:10 - [TEST_STEP][PASSED] - Paymenttype = findTestData(dataFile).getValue("PaymentType", row): null

2023-11-01 15:52:10 - [TEST_STEP][PASSED] - out.println("Value of Execute is : " + ExecuteTC): null

2023-11-01 15:52:10 - [TEST_STEP][PASSED] - if (ExecuteTC.equalsIgnoreCase("Y")): null

2023-11-01 15:52:10 - [TEST_STEP][PASSED] - out.println("Begin Record Number: " + row): null

2023-11-01 15:52:10 - [TEST_STEP][PASSED] - today = new java.util.Date(): null

2023-11-01 15:52:10 - [TEST_STEP][PASSED] - println(today): null

2023-11-01 15:52:10 - [TEST_STEP][PASSED] - datText = today: null

2023-11-01 15:52:10 - [TEST_STEP][PASSED] - Taxtype = findTestData(dataFile).getValue("TaxType", row): null

2023-11-01 15:52:10 - [TEST_STEP][PASSED] - out.println("Taxtype value is : " + Taxtype): null

2023-11-01 15:52:10 - [TEST_STEP][PASSED] - openBrowser(""): Browser is opened with url: ''

2023-11-01 15:52:10 - [MESSAGE][WARNING] - A browser is already opened. Closing browser and opening a new one

2023-11-01 15:52:11 - [MESSAGE][INFO] - Starting 'Chrome' driver

2023-11-01 15:52:11 - [MESSAGE][INFO] - User set preference: ['acceptInsecureCerts', 'true']

2023-11-01 15:52:11 - [MESSAGE][INFO] - Action delay is set to 0 milliseconds

2023-11-01 15:52:12 - [MESSAGE][PASSED] - Browser is opened with url: ''

2023-11-01 15:52:12 - [TEST_STEP][PASSED] - maximizeWindow(): Current window maximized

2023-11-01 15:52:12 - [MESSAGE][PASSED] - Current window maximized

2023-11-01 15:52:12 - [TEST_STEP][PASSED] - navigateToUrl(RADurl): Navigate to 'https://qa2.velocitypayment.com/client/rad/index.html' successfully

2023-11-01 15:52:14 - [MESSAGE][PASSED] - Navigate to 'https://qa2.velocitypayment.com/client/rad/index.html' successfully

2023-11-01 15:52:14 - [TEST_STEP][PASSED] - orPath_Landing = "Object Repository/RAD_Pages/Landing_Page": null

2023-11-01 15:52:14 - [TEST_STEP][PASSED] - orPath_TaxTypeFilingYear = "Object Repository/RAD_Pages/TaxTypeFilingYear_Page": null

2023-11-01 15:52:14 - [TEST_STEP][PASSED] - orPath_TaxPayer = "Object Repository/RAD_Pages/Taxpayer_Page": null

2023-11-01 15:52:14 - [TEST_STEP][PASSED] - orPath_AddressContact = "Object Repository/RAD_Pages/AddressAndContactInfo_Page": null

2023-11-01 15:52:14 - [TEST_STEP][PASSED] - orPath_FilingStatus = "Object Repository/RAD_Pages/FilingStatus_Page": null

2023-11-01 15:52:14 - [TEST_STEP][PASSED] - orPath_Amount = "Object Repository/RAD_Pages/PaymentAmount_Page": null

2023-11-01 15:52:14 - [TEST_STEP][PASSED] - selectOptionByLabel(findTestObject(orPath_Landing + "/dd_TaxType"), Paymenttype, false): All options with label 'New Tax Return Amount Due' are selected in object 'Object Repository/RAD_Pages/Landing_Page/dd_TaxType' 

2023-11-01 15:52:15 - [MESSAGE][PASSED] - All options with label 'New Tax Return Amount Due' are selected in object 'Object Repository/RAD_Pages/Landing_Page/dd_TaxType' 

2023-11-01 15:52:15 - [TEST_STEP][PASSED] - delay(1): Delayed 1 second(s)

2023-11-01 15:52:16 - [MESSAGE][PASSED] - Delayed 1 second(s)

2023-11-01 15:52:16 - [TEST_STEP][PASSED] - switch (Paymenttype): null

2023-11-01 15:52:16 - [TEST_STEP][PASSED] - case "New Tax Return Amount Due":: null

2023-11-01 15:52:16 - [TEST_STEP][PASSED] - selectOptionByLabel(findTestObject("Object Repository/RAD_Pages/Landing_Page/select_NewTaxReturnAmountDue_TaxType"), Taxtype, false): All options with label 'Personal Income Tax' are selected in object 'Object Repository/RAD_Pages/Landing_Page/select_NewTaxReturnAmountDue_TaxType' 

2023-11-01 15:52:16 - [MESSAGE][PASSED] - All options with label 'Personal Income Tax' are selected in object 'Object Repository/RAD_Pages/Landing_Page/select_NewTaxReturnAmountDue_TaxType' 

2023-11-01 15:52:16 - [TEST_STEP][PASSED] - break: null

2023-11-01 15:52:16 - [TEST_STEP][PASSED] - delay(1): Delayed 1 second(s)

2023-11-01 15:52:17 - [MESSAGE][PASSED] - Delayed 1 second(s)

2023-11-01 15:52:17 - [TEST_STEP][PASSED] - scrollToElement(findTestObject(orPath_Amount + "/input__paymentAmount"), 3): Scroll to object 'Object Repository/RAD_Pages/PaymentAmount_Page/input__paymentAmount' successfully

2023-11-01 15:52:17 - [MESSAGE][PASSED] - Scroll to object 'Object Repository/RAD_Pages/PaymentAmount_Page/input__paymentAmount' successfully

2023-11-01 15:52:17 - [TEST_STEP][PASSED] - setText(findTestObject(orPath_AddressContact + "/input_eMailAddress"), "imtiazster@gmail.com"): Text 'imtiazster@gmail.com' is set on object 'Object Repository/RAD_Pages/AddressAndContactInfo_Page/input_eMailAddress'

2023-11-01 15:52:18 - [MESSAGE][PASSED] - Text 'imtiazster@gmail.com' is set on object 'Object Repository/RAD_Pages/AddressAndContactInfo_Page/input_eMailAddress'

2023-11-01 15:52:18 - [TEST_STEP][PASSED] - setText(findTestObject(orPath_AddressContact + "/input_reEnterEMailAddress"), "iahmed@govolution.com"): Text 'iahmed@govolution.com' is set on object 'Object Repository/RAD_Pages/AddressAndContactInfo_Page/input_reEnterEMailAddress'

2023-11-01 15:52:19 - [MESSAGE][PASSED] - Text 'iahmed@govolution.com' is set on object 'Object Repository/RAD_Pages/AddressAndContactInfo_Page/input_reEnterEMailAddress'

2023-11-01 15:52:19 - [TEST_STEP][PASSED] - delay(2): Delayed 2 second(s)

2023-11-01 15:52:21 - [MESSAGE][PASSED] - Delayed 2 second(s)

2023-11-01 15:52:21 - [TEST_STEP][PASSED] - if (verifyTextPresent("The Email and Re-enter email do not match", true)): null

2023-11-01 15:52:22 - [MESSAGE][PASSED] - Text 'The Email and Re-enter email do not match' is present on page  using regular expression

2023-11-01 15:52:22 - [TEST_STEP][PASSED] - println("Emails Dont match text is present"): null

2023-11-01 15:52:22 - [TEST_STEP][PASSED] - out.println("Pass Record Number: " + row): null

2023-11-01 15:52:22 - [TEST_STEP][PASSED] - resText = "Pass": null

2023-11-01 15:52:22 - [TEST_STEP][PASSED] - pages.WriteExcel.demoKey(resText, datText, resColumn, datCloumn, fileLoc, nameSheet, row): pages.WriteExcel.demoKey is PASSED

2023-11-01 15:52:22 - [MESSAGE][PASSED] - pages.WriteExcel.demoKey is PASSED]]></system-out>
         <system-err><![CDATA[]]></system-err>
      </testcase>
      <testcase name="Test Cases/RAD_TestCases/Negative_TestCases/TaxPayerSSNNoMatch" time="50.795" classname="Test Cases/RAD_TestCases/Negative_TestCases/TaxPayerSSNNoMatch" status="PASSED">
         <system-out><![CDATA[2023-11-01 15:52:22 - [TEST_CASE][PASSED] - Test Cases/RAD_TestCases/Negative_TestCases/TaxPayerSSNNoMatch: Test Cases/RAD_TestCases/Negative_TestCases/TaxPayerSSNNoMatch

2023-11-01 15:52:22 - [TEST_STEP][PASSED] - resText = "Fail": null

2023-11-01 15:52:22 - [TEST_STEP][PASSED] - resColumn = "Result": null

2023-11-01 15:52:22 - [TEST_STEP][PASSED] - datCloumn = "Date": null

2023-11-01 15:52:22 - [TEST_STEP][PASSED] - fileLoc = "KatalonData/RADTestData/TaxPayerSSNNoMatch.xlsx": null

2023-11-01 15:52:22 - [TEST_STEP][PASSED] - nameSheet = "Sheet1": null

2023-11-01 15:52:22 - [TEST_STEP][PASSED] - dataFile = "RADTestData/TaxPayerSSNNoMatch": null

2023-11-01 15:52:22 - [TEST_STEP][PASSED] - ExecuteTC = <not implemented yet for class: org.codehaus.groovy.ast.expr.EmptyExpression>: null

2023-11-01 15:52:22 - [TEST_STEP][PASSED] - Taxtype = <not implemented yet for class: org.codehaus.groovy.ast.expr.EmptyExpression>: null

2023-11-01 15:52:22 - [TEST_STEP][PASSED] - numOfRows = findTestData(dataFile).getRowNumbers(): null

2023-11-01 15:52:22 - [TEST_STEP][PASSED] - println("Number of Records: " + numOfRows): null

2023-11-01 15:52:22 - [TEST_STEP][PASSED] - for ([row = 1, row <= numOfRows, (row++)]): null

2023-11-01 15:52:22 - [TEST_STEP][PASSED] - ExecuteTC = findTestData(dataFile).getValue("Execute", row): null

2023-11-01 15:52:22 - [TEST_STEP][PASSED] - Taxtype = findTestData(dataFile).getValue("TaxType", row): null

2023-11-01 15:52:22 - [TEST_STEP][PASSED] - Paymenttype = findTestData(dataFile).getValue("PaymentType", row): null

2023-11-01 15:52:22 - [TEST_STEP][PASSED] - out.println("Value of Execute is : " + ExecuteTC): null

2023-11-01 15:52:22 - [TEST_STEP][PASSED] - if (ExecuteTC.equalsIgnoreCase("Y")): null

2023-11-01 15:52:22 - [TEST_STEP][PASSED] - out.println("Begin Record Number: " + row): null

2023-11-01 15:52:22 - [TEST_STEP][PASSED] - today = new java.util.Date(): null

2023-11-01 15:52:22 - [TEST_STEP][PASSED] - println(today): null

2023-11-01 15:52:22 - [TEST_STEP][PASSED] - datText = today: null

2023-11-01 15:52:22 - [TEST_STEP][PASSED] - Taxtype = findTestData(dataFile).getValue("TaxType", row): null

2023-11-01 15:52:22 - [TEST_STEP][PASSED] - out.println("Taxtype value is : " + Taxtype): null

2023-11-01 15:52:22 - [TEST_STEP][PASSED] - openBrowser(""): Browser is opened with url: ''

2023-11-01 15:52:22 - [MESSAGE][WARNING] - A browser is already opened. Closing browser and opening a new one

2023-11-01 15:52:23 - [MESSAGE][INFO] - Starting 'Chrome' driver

2023-11-01 15:52:23 - [MESSAGE][INFO] - User set preference: ['acceptInsecureCerts', 'true']

2023-11-01 15:52:23 - [MESSAGE][INFO] - Action delay is set to 0 milliseconds

2023-11-01 15:52:25 - [MESSAGE][PASSED] - Browser is opened with url: ''

2023-11-01 15:52:25 - [TEST_STEP][PASSED] - maximizeWindow(): Current window maximized

2023-11-01 15:52:25 - [MESSAGE][PASSED] - Current window maximized

2023-11-01 15:52:25 - [TEST_STEP][PASSED] - navigateToUrl(RADurl): Navigate to 'https://qa2.velocitypayment.com/client/rad/index.html' successfully

2023-11-01 15:52:27 - [MESSAGE][PASSED] - Navigate to 'https://qa2.velocitypayment.com/client/rad/index.html' successfully

2023-11-01 15:52:27 - [TEST_STEP][PASSED] - orPath_Landing = "Object Repository/RAD_Pages/Landing_Page": null

2023-11-01 15:52:27 - [TEST_STEP][PASSED] - orPath_TaxTypeFilingYear = "Object Repository/RAD_Pages/TaxTypeFilingYear_Page": null

2023-11-01 15:52:27 - [TEST_STEP][PASSED] - orPath_TaxPayer = "Object Repository/RAD_Pages/Taxpayer_Page": null

2023-11-01 15:52:27 - [TEST_STEP][PASSED] - orPath_AddressContact = "Object Repository/RAD_Pages/AddressAndContactInfo_Page": null

2023-11-01 15:52:27 - [TEST_STEP][PASSED] - orPath_FilingStatus = "Object Repository/RAD_Pages/FilingStatus_Page": null

2023-11-01 15:52:27 - [TEST_STEP][PASSED] - orPath_Amount = "Object Repository/RAD_Pages/PaymentAmount_Page": null

2023-11-01 15:52:27 - [TEST_STEP][PASSED] - orPath_TaxInfo = "Object Repository/RAD_Pages/TaxInfo_Page": null

2023-11-01 15:52:27 - [TEST_STEP][PASSED] - selectOptionByLabel(findTestObject(orPath_Landing + "/dd_TaxType"), Paymenttype, false): All options with label 'Existing Liability w/Notice Number' are selected in object 'Object Repository/RAD_Pages/Landing_Page/dd_TaxType' 

2023-11-01 15:52:27 - [MESSAGE][PASSED] - All options with label 'Existing Liability w/Notice Number' are selected in object 'Object Repository/RAD_Pages/Landing_Page/dd_TaxType' 

2023-11-01 15:52:27 - [TEST_STEP][PASSED] - delay(1): Delayed 1 second(s)

2023-11-01 15:52:28 - [MESSAGE][PASSED] - Delayed 1 second(s)

2023-11-01 15:52:28 - [TEST_STEP][PASSED] - switch (Paymenttype): null

2023-11-01 15:52:28 - [TEST_STEP][PASSED] - case "Existing Liability w/Notice Number":: null

2023-11-01 15:52:28 - [TEST_STEP][PASSED] - selectOptionByLabel(findTestObject(orPath_TaxTypeFilingYear + "/select_TaxType_ExistingLiability"), Taxtype, false): All options with label 'Personal Income Tax' are selected in object 'Object Repository/RAD_Pages/TaxTypeFilingYear_Page/select_TaxType_ExistingLiability' 

2023-11-01 15:52:29 - [MESSAGE][PASSED] - All options with label 'Personal Income Tax' are selected in object 'Object Repository/RAD_Pages/TaxTypeFilingYear_Page/select_TaxType_ExistingLiability' 

2023-11-01 15:52:29 - [TEST_STEP][PASSED] - break: null

2023-11-01 15:52:29 - [TEST_STEP][PASSED] - delay(1): Delayed 1 second(s)

2023-11-01 15:52:30 - [MESSAGE][PASSED] - Delayed 1 second(s)

2023-11-01 15:52:30 - [TEST_STEP][PASSED] - scrollToElement(findTestObject(orPath_TaxPayer + "/input_firstName"), 3): Scroll to object 'Object Repository/RAD_Pages/Taxpayer_Page/input_firstName' successfully

2023-11-01 15:52:30 - [MESSAGE][PASSED] - Scroll to object 'Object Repository/RAD_Pages/Taxpayer_Page/input_firstName' successfully

2023-11-01 15:52:30 - [TEST_STEP][PASSED] - switch (Paymenttype): null

2023-11-01 15:52:30 - [TEST_STEP][PASSED] - case "Existing Liability w/Notice Number":: null

2023-11-01 15:52:30 - [TEST_STEP][PASSED] - setText(findTestObject(orPath_TaxInfo + "/input_Existing_SSN"), "111111111"): Text '111111111' is set on object 'Object Repository/RAD_Pages/TaxInfo_Page/input_Existing_SSN'

2023-11-01 15:52:31 - [MESSAGE][PASSED] - Text '111111111' is set on object 'Object Repository/RAD_Pages/TaxInfo_Page/input_Existing_SSN'

2023-11-01 15:52:31 - [TEST_STEP][PASSED] - setText(findTestObject(orPath_TaxInfo + "/input_Existing_RetypeSSN"), "222222222"): Text '222222222' is set on object 'Object Repository/RAD_Pages/TaxInfo_Page/input_Existing_RetypeSSN'

2023-11-01 15:52:32 - [MESSAGE][PASSED] - Text '222222222' is set on object 'Object Repository/RAD_Pages/TaxInfo_Page/input_Existing_RetypeSSN'

2023-11-01 15:52:32 - [TEST_STEP][PASSED] - setText(findTestObject(orPath_TaxPayer + "/input_lastName"), "Anderson"): Text 'Anderson' is set on object 'Object Repository/RAD_Pages/Taxpayer_Page/input_lastName'

2023-11-01 15:52:33 - [MESSAGE][PASSED] - Text 'Anderson' is set on object 'Object Repository/RAD_Pages/Taxpayer_Page/input_lastName'

2023-11-01 15:52:33 - [TEST_STEP][PASSED] - break: null

2023-11-01 15:52:33 - [TEST_STEP][PASSED] - delay(2): Delayed 2 second(s)

2023-11-01 15:52:35 - [MESSAGE][PASSED] - Delayed 2 second(s)

2023-11-01 15:52:35 - [TEST_STEP][PASSED] - if (verifyTextPresent("The SSN and Re-type SSN do not match", true)): null

2023-11-01 15:52:35 - [MESSAGE][PASSED] - Text 'The SSN and Re-type SSN do not match' is present on page  using regular expression

2023-11-01 15:52:35 - [TEST_STEP][PASSED] - println("Taxpayer SSN Dont match text is present"): null

2023-11-01 15:52:35 - [TEST_STEP][PASSED] - out.println("Pass Record Number: " + row): null

2023-11-01 15:52:35 - [TEST_STEP][PASSED] - resText = "Pass": null

2023-11-01 15:52:35 - [TEST_STEP][PASSED] - pages.WriteExcel.demoKey(resText, datText, resColumn, datCloumn, fileLoc, nameSheet, row): pages.WriteExcel.demoKey is PASSED

2023-11-01 15:52:35 - [MESSAGE][PASSED] - pages.WriteExcel.demoKey is PASSED

2023-11-01 15:52:35 - [TEST_STEP][PASSED] - ExecuteTC = findTestData(dataFile).getValue("Execute", row): null

2023-11-01 15:52:35 - [TEST_STEP][PASSED] - Taxtype = findTestData(dataFile).getValue("TaxType", row): null

2023-11-01 15:52:35 - [TEST_STEP][PASSED] - Paymenttype = findTestData(dataFile).getValue("PaymentType", row): null

2023-11-01 15:52:35 - [TEST_STEP][PASSED] - out.println("Value of Execute is : " + ExecuteTC): null

2023-11-01 15:52:35 - [TEST_STEP][PASSED] - if (ExecuteTC.equalsIgnoreCase("Y")): null

2023-11-01 15:52:35 - [TEST_STEP][PASSED] - out.println("Begin Record Number: " + row): null

2023-11-01 15:52:35 - [TEST_STEP][PASSED] - today = new java.util.Date(): null

2023-11-01 15:52:35 - [TEST_STEP][PASSED] - println(today): null

2023-11-01 15:52:35 - [TEST_STEP][PASSED] - datText = today: null

2023-11-01 15:52:35 - [TEST_STEP][PASSED] - Taxtype = findTestData(dataFile).getValue("TaxType", row): null

2023-11-01 15:52:35 - [TEST_STEP][PASSED] - out.println("Taxtype value is : " + Taxtype): null

2023-11-01 15:52:35 - [TEST_STEP][PASSED] - openBrowser(""): Browser is opened with url: ''

2023-11-01 15:52:35 - [MESSAGE][WARNING] - A browser is already opened. Closing browser and opening a new one

2023-11-01 15:52:36 - [MESSAGE][INFO] - Starting 'Chrome' driver

2023-11-01 15:52:36 - [MESSAGE][INFO] - User set preference: ['acceptInsecureCerts', 'true']

2023-11-01 15:52:36 - [MESSAGE][INFO] - Action delay is set to 0 milliseconds

2023-11-01 15:52:38 - [MESSAGE][PASSED] - Browser is opened with url: ''

2023-11-01 15:52:38 - [TEST_STEP][PASSED] - maximizeWindow(): Current window maximized

2023-11-01 15:52:38 - [MESSAGE][PASSED] - Current window maximized

2023-11-01 15:52:38 - [TEST_STEP][PASSED] - navigateToUrl(RADurl): Navigate to 'https://qa2.velocitypayment.com/client/rad/index.html' successfully

2023-11-01 15:52:38 - [MESSAGE][PASSED] - Navigate to 'https://qa2.velocitypayment.com/client/rad/index.html' successfully

2023-11-01 15:52:38 - [TEST_STEP][PASSED] - orPath_Landing = "Object Repository/RAD_Pages/Landing_Page": null

2023-11-01 15:52:38 - [TEST_STEP][PASSED] - orPath_TaxTypeFilingYear = "Object Repository/RAD_Pages/TaxTypeFilingYear_Page": null

2023-11-01 15:52:38 - [TEST_STEP][PASSED] - orPath_TaxPayer = "Object Repository/RAD_Pages/Taxpayer_Page": null

2023-11-01 15:52:38 - [TEST_STEP][PASSED] - orPath_AddressContact = "Object Repository/RAD_Pages/AddressAndContactInfo_Page": null

2023-11-01 15:52:38 - [TEST_STEP][PASSED] - orPath_FilingStatus = "Object Repository/RAD_Pages/FilingStatus_Page": null

2023-11-01 15:52:38 - [TEST_STEP][PASSED] - orPath_Amount = "Object Repository/RAD_Pages/PaymentAmount_Page": null

2023-11-01 15:52:38 - [TEST_STEP][PASSED] - orPath_TaxInfo = "Object Repository/RAD_Pages/TaxInfo_Page": null

2023-11-01 15:52:38 - [TEST_STEP][PASSED] - selectOptionByLabel(findTestObject(orPath_Landing + "/dd_TaxType"), Paymenttype, false): All options with label 'Quarterly Estimated Tax' are selected in object 'Object Repository/RAD_Pages/Landing_Page/dd_TaxType' 

2023-11-01 15:52:40 - [MESSAGE][PASSED] - All options with label 'Quarterly Estimated Tax' are selected in object 'Object Repository/RAD_Pages/Landing_Page/dd_TaxType' 

2023-11-01 15:52:40 - [TEST_STEP][PASSED] - delay(1): Delayed 1 second(s)

2023-11-01 15:52:41 - [MESSAGE][PASSED] - Delayed 1 second(s)

2023-11-01 15:52:41 - [TEST_STEP][PASSED] - switch (Paymenttype): null

2023-11-01 15:52:41 - [TEST_STEP][PASSED] - case "Quarterly Estimated Tax":: null

2023-11-01 15:52:41 - [TEST_STEP][PASSED] - selectOptionByLabel(findTestObject(orPath_TaxTypeFilingYear + "/select_PaymentType"), Taxtype, false): All options with label 'Personal Income Tax' are selected in object 'Object Repository/RAD_Pages/TaxTypeFilingYear_Page/select_PaymentType' 

2023-11-01 15:52:42 - [MESSAGE][PASSED] - All options with label 'Personal Income Tax' are selected in object 'Object Repository/RAD_Pages/TaxTypeFilingYear_Page/select_PaymentType' 

2023-11-01 15:52:42 - [TEST_STEP][PASSED] - break: null

2023-11-01 15:52:42 - [TEST_STEP][PASSED] - delay(1): Delayed 1 second(s)

2023-11-01 15:52:43 - [MESSAGE][PASSED] - Delayed 1 second(s)

2023-11-01 15:52:43 - [TEST_STEP][PASSED] - scrollToElement(findTestObject(orPath_TaxPayer + "/input_firstName"), 3): Scroll to object 'Object Repository/RAD_Pages/Taxpayer_Page/input_firstName' successfully

2023-11-01 15:52:43 - [MESSAGE][PASSED] - Scroll to object 'Object Repository/RAD_Pages/Taxpayer_Page/input_firstName' successfully

2023-11-01 15:52:43 - [TEST_STEP][PASSED] - switch (Paymenttype): null

2023-11-01 15:52:43 - [TEST_STEP][PASSED] - case "Quarterly Estimated Tax":: null

2023-11-01 15:52:43 - [TEST_STEP][PASSED] - setText(findTestObject("RAD_RecordAndPlay/input_concatSSN"), "111111111"): Text '111111111' is set on object 'Object Repository/RAD_RecordAndPlay/input_concatSSN'

2023-11-01 15:52:43 - [MESSAGE][PASSED] - Text '111111111' is set on object 'Object Repository/RAD_RecordAndPlay/input_concatSSN'

2023-11-01 15:52:43 - [TEST_STEP][PASSED] - setText(findTestObject("RAD_RecordAndPlay/input_concatReSSN"), "222222222"): Text '222222222' is set on object 'Object Repository/RAD_RecordAndPlay/input_concatReSSN'

2023-11-01 15:52:44 - [MESSAGE][PASSED] - Text '222222222' is set on object 'Object Repository/RAD_RecordAndPlay/input_concatReSSN'

2023-11-01 15:52:44 - [TEST_STEP][PASSED] - setText(findTestObject(orPath_TaxPayer + "/input_lastName"), "Anderson"): Text 'Anderson' is set on object 'Object Repository/RAD_Pages/Taxpayer_Page/input_lastName'

2023-11-01 15:52:45 - [MESSAGE][PASSED] - Text 'Anderson' is set on object 'Object Repository/RAD_Pages/Taxpayer_Page/input_lastName'

2023-11-01 15:52:45 - [TEST_STEP][PASSED] - break: null

2023-11-01 15:52:45 - [TEST_STEP][PASSED] - delay(2): Delayed 2 second(s)

2023-11-01 15:52:47 - [MESSAGE][PASSED] - Delayed 2 second(s)

2023-11-01 15:52:47 - [TEST_STEP][PASSED] - if (verifyTextPresent("The SSN and Re-type SSN do not match", true)): null

2023-11-01 15:52:47 - [MESSAGE][PASSED] - Text 'The SSN and Re-type SSN do not match' is present on page  using regular expression

2023-11-01 15:52:47 - [TEST_STEP][PASSED] - println("Taxpayer SSN Dont match text is present"): null

2023-11-01 15:52:47 - [TEST_STEP][PASSED] - out.println("Pass Record Number: " + row): null

2023-11-01 15:52:47 - [TEST_STEP][PASSED] - resText = "Pass": null

2023-11-01 15:52:47 - [TEST_STEP][PASSED] - pages.WriteExcel.demoKey(resText, datText, resColumn, datCloumn, fileLoc, nameSheet, row): pages.WriteExcel.demoKey is PASSED

2023-11-01 15:52:48 - [MESSAGE][PASSED] - pages.WriteExcel.demoKey is PASSED

2023-11-01 15:52:48 - [TEST_STEP][PASSED] - ExecuteTC = findTestData(dataFile).getValue("Execute", row): null

2023-11-01 15:52:48 - [TEST_STEP][PASSED] - Taxtype = findTestData(dataFile).getValue("TaxType", row): null

2023-11-01 15:52:48 - [TEST_STEP][PASSED] - Paymenttype = findTestData(dataFile).getValue("PaymentType", row): null

2023-11-01 15:52:48 - [TEST_STEP][PASSED] - out.println("Value of Execute is : " + ExecuteTC): null

2023-11-01 15:52:48 - [TEST_STEP][PASSED] - if (ExecuteTC.equalsIgnoreCase("Y")): null

2023-11-01 15:52:48 - [TEST_STEP][PASSED] - out.println("Begin Record Number: " + row): null

2023-11-01 15:52:48 - [TEST_STEP][PASSED] - today = new java.util.Date(): null

2023-11-01 15:52:48 - [TEST_STEP][PASSED] - println(today): null

2023-11-01 15:52:48 - [TEST_STEP][PASSED] - datText = today: null

2023-11-01 15:52:48 - [TEST_STEP][PASSED] - Taxtype = findTestData(dataFile).getValue("TaxType", row): null

2023-11-01 15:52:48 - [TEST_STEP][PASSED] - out.println("Taxtype value is : " + Taxtype): null

2023-11-01 15:52:48 - [TEST_STEP][PASSED] - openBrowser(""): Browser is opened with url: ''

2023-11-01 15:52:48 - [MESSAGE][WARNING] - A browser is already opened. Closing browser and opening a new one

2023-11-01 15:52:49 - [MESSAGE][INFO] - Starting 'Chrome' driver

2023-11-01 15:52:49 - [MESSAGE][INFO] - User set preference: ['acceptInsecureCerts', 'true']

2023-11-01 15:52:49 - [MESSAGE][INFO] - Action delay is set to 0 milliseconds

2023-11-01 15:52:50 - [MESSAGE][PASSED] - Browser is opened with url: ''

2023-11-01 15:52:50 - [TEST_STEP][PASSED] - maximizeWindow(): Current window maximized

2023-11-01 15:52:50 - [MESSAGE][PASSED] - Current window maximized

2023-11-01 15:52:50 - [TEST_STEP][PASSED] - navigateToUrl(RADurl): Navigate to 'https://qa2.velocitypayment.com/client/rad/index.html' successfully

2023-11-01 15:52:52 - [MESSAGE][PASSED] - Navigate to 'https://qa2.velocitypayment.com/client/rad/index.html' successfully

2023-11-01 15:52:52 - [TEST_STEP][PASSED] - orPath_Landing = "Object Repository/RAD_Pages/Landing_Page": null

2023-11-01 15:52:52 - [TEST_STEP][PASSED] - orPath_TaxTypeFilingYear = "Object Repository/RAD_Pages/TaxTypeFilingYear_Page": null

2023-11-01 15:52:52 - [TEST_STEP][PASSED] - orPath_TaxPayer = "Object Repository/RAD_Pages/Taxpayer_Page": null

2023-11-01 15:52:52 - [TEST_STEP][PASSED] - orPath_AddressContact = "Object Repository/RAD_Pages/AddressAndContactInfo_Page": null

2023-11-01 15:52:52 - [TEST_STEP][PASSED] - orPath_FilingStatus = "Object Repository/RAD_Pages/FilingStatus_Page": null

2023-11-01 15:52:52 - [TEST_STEP][PASSED] - orPath_Amount = "Object Repository/RAD_Pages/PaymentAmount_Page": null

2023-11-01 15:52:52 - [TEST_STEP][PASSED] - orPath_TaxInfo = "Object Repository/RAD_Pages/TaxInfo_Page": null

2023-11-01 15:52:52 - [TEST_STEP][PASSED] - selectOptionByLabel(findTestObject(orPath_Landing + "/dd_TaxType"), Paymenttype, false): All options with label 'Extension Payments' are selected in object 'Object Repository/RAD_Pages/Landing_Page/dd_TaxType' 

2023-11-01 15:52:52 - [MESSAGE][PASSED] - All options with label 'Extension Payments' are selected in object 'Object Repository/RAD_Pages/Landing_Page/dd_TaxType' 

2023-11-01 15:52:52 - [TEST_STEP][PASSED] - delay(1): Delayed 1 second(s)

2023-11-01 15:52:53 - [MESSAGE][PASSED] - Delayed 1 second(s)

2023-11-01 15:52:53 - [TEST_STEP][PASSED] - switch (Paymenttype): null

2023-11-01 15:52:53 - [TEST_STEP][PASSED] - case "Extension Payments":: null

2023-11-01 15:52:53 - [TEST_STEP][PASSED] - selectOptionByLabel(findTestObject(orPath_TaxTypeFilingYear + "/select_PaymentType"), Taxtype, false): All options with label 'Personal Income Tax' are selected in object 'Object Repository/RAD_Pages/TaxTypeFilingYear_Page/select_PaymentType' 

2023-11-01 15:52:54 - [MESSAGE][PASSED] - All options with label 'Personal Income Tax' are selected in object 'Object Repository/RAD_Pages/TaxTypeFilingYear_Page/select_PaymentType' 

2023-11-01 15:52:54 - [TEST_STEP][PASSED] - break: null

2023-11-01 15:52:54 - [TEST_STEP][PASSED] - delay(1): Delayed 1 second(s)

2023-11-01 15:52:55 - [MESSAGE][PASSED] - Delayed 1 second(s)

2023-11-01 15:52:55 - [TEST_STEP][PASSED] - scrollToElement(findTestObject(orPath_TaxPayer + "/input_firstName"), 3): Scroll to object 'Object Repository/RAD_Pages/Taxpayer_Page/input_firstName' successfully

2023-11-01 15:52:55 - [MESSAGE][PASSED] - Scroll to object 'Object Repository/RAD_Pages/Taxpayer_Page/input_firstName' successfully

2023-11-01 15:52:55 - [TEST_STEP][PASSED] - switch (Paymenttype): null

2023-11-01 15:52:55 - [TEST_STEP][PASSED] - case "Extension Payments":: null

2023-11-01 15:52:55 - [TEST_STEP][PASSED] - setText(findTestObject("RAD_RecordAndPlay/input_concatSSN"), "111111111"): Text '111111111' is set on object 'Object Repository/RAD_RecordAndPlay/input_concatSSN'

2023-11-01 15:52:56 - [MESSAGE][PASSED] - Text '111111111' is set on object 'Object Repository/RAD_RecordAndPlay/input_concatSSN'

2023-11-01 15:52:56 - [TEST_STEP][PASSED] - setText(findTestObject("RAD_RecordAndPlay/input_concatReSSN"), "222222222"): Text '222222222' is set on object 'Object Repository/RAD_RecordAndPlay/input_concatReSSN'

2023-11-01 15:52:57 - [MESSAGE][PASSED] - Text '222222222' is set on object 'Object Repository/RAD_RecordAndPlay/input_concatReSSN'

2023-11-01 15:52:57 - [TEST_STEP][PASSED] - setText(findTestObject(orPath_TaxPayer + "/input_lastName"), "Anderson"): Text 'Anderson' is set on object 'Object Repository/RAD_Pages/Taxpayer_Page/input_lastName'

2023-11-01 15:52:58 - [MESSAGE][PASSED] - Text 'Anderson' is set on object 'Object Repository/RAD_Pages/Taxpayer_Page/input_lastName'

2023-11-01 15:52:58 - [TEST_STEP][PASSED] - break: null

2023-11-01 15:52:58 - [TEST_STEP][PASSED] - delay(2): Delayed 2 second(s)

2023-11-01 15:53:00 - [MESSAGE][PASSED] - Delayed 2 second(s)

2023-11-01 15:53:00 - [TEST_STEP][PASSED] - if (verifyTextPresent("The SSN and Re-type SSN do not match", true)): null

2023-11-01 15:53:00 - [MESSAGE][PASSED] - Text 'The SSN and Re-type SSN do not match' is present on page  using regular expression

2023-11-01 15:53:00 - [TEST_STEP][PASSED] - println("Taxpayer SSN Dont match text is present"): null

2023-11-01 15:53:00 - [TEST_STEP][PASSED] - out.println("Pass Record Number: " + row): null

2023-11-01 15:53:00 - [TEST_STEP][PASSED] - resText = "Pass": null

2023-11-01 15:53:00 - [TEST_STEP][PASSED] - pages.WriteExcel.demoKey(resText, datText, resColumn, datCloumn, fileLoc, nameSheet, row): pages.WriteExcel.demoKey is PASSED

2023-11-01 15:53:00 - [MESSAGE][PASSED] - pages.WriteExcel.demoKey is PASSED

2023-11-01 15:53:00 - [TEST_STEP][PASSED] - ExecuteTC = findTestData(dataFile).getValue("Execute", row): null

2023-11-01 15:53:00 - [TEST_STEP][PASSED] - Taxtype = findTestData(dataFile).getValue("TaxType", row): null

2023-11-01 15:53:00 - [TEST_STEP][PASSED] - Paymenttype = findTestData(dataFile).getValue("PaymentType", row): null

2023-11-01 15:53:00 - [TEST_STEP][PASSED] - out.println("Value of Execute is : " + ExecuteTC): null

2023-11-01 15:53:00 - [TEST_STEP][PASSED] - if (ExecuteTC.equalsIgnoreCase("Y")): null

2023-11-01 15:53:00 - [TEST_STEP][PASSED] - out.println("Begin Record Number: " + row): null

2023-11-01 15:53:00 - [TEST_STEP][PASSED] - today = new java.util.Date(): null

2023-11-01 15:53:00 - [TEST_STEP][PASSED] - println(today): null

2023-11-01 15:53:00 - [TEST_STEP][PASSED] - datText = today: null

2023-11-01 15:53:00 - [TEST_STEP][PASSED] - Taxtype = findTestData(dataFile).getValue("TaxType", row): null

2023-11-01 15:53:00 - [TEST_STEP][PASSED] - out.println("Taxtype value is : " + Taxtype): null

2023-11-01 15:53:00 - [TEST_STEP][PASSED] - openBrowser(""): Browser is opened with url: ''

2023-11-01 15:53:00 - [MESSAGE][WARNING] - A browser is already opened. Closing browser and opening a new one

2023-11-01 15:53:01 - [MESSAGE][INFO] - Starting 'Chrome' driver

2023-11-01 15:53:01 - [MESSAGE][INFO] - User set preference: ['acceptInsecureCerts', 'true']

2023-11-01 15:53:01 - [MESSAGE][INFO] - Action delay is set to 0 milliseconds

2023-11-01 15:53:03 - [MESSAGE][PASSED] - Browser is opened with url: ''

2023-11-01 15:53:03 - [TEST_STEP][PASSED] - maximizeWindow(): Current window maximized

2023-11-01 15:53:03 - [MESSAGE][PASSED] - Current window maximized

2023-11-01 15:53:03 - [TEST_STEP][PASSED] - navigateToUrl(RADurl): Navigate to 'https://qa2.velocitypayment.com/client/rad/index.html' successfully

2023-11-01 15:53:04 - [MESSAGE][PASSED] - Navigate to 'https://qa2.velocitypayment.com/client/rad/index.html' successfully

2023-11-01 15:53:04 - [TEST_STEP][PASSED] - orPath_Landing = "Object Repository/RAD_Pages/Landing_Page": null

2023-11-01 15:53:04 - [TEST_STEP][PASSED] - orPath_TaxTypeFilingYear = "Object Repository/RAD_Pages/TaxTypeFilingYear_Page": null

2023-11-01 15:53:04 - [TEST_STEP][PASSED] - orPath_TaxPayer = "Object Repository/RAD_Pages/Taxpayer_Page": null

2023-11-01 15:53:04 - [TEST_STEP][PASSED] - orPath_AddressContact = "Object Repository/RAD_Pages/AddressAndContactInfo_Page": null

2023-11-01 15:53:04 - [TEST_STEP][PASSED] - orPath_FilingStatus = "Object Repository/RAD_Pages/FilingStatus_Page": null

2023-11-01 15:53:04 - [TEST_STEP][PASSED] - orPath_Amount = "Object Repository/RAD_Pages/PaymentAmount_Page": null

2023-11-01 15:53:04 - [TEST_STEP][PASSED] - orPath_TaxInfo = "Object Repository/RAD_Pages/TaxInfo_Page": null

2023-11-01 15:53:04 - [TEST_STEP][PASSED] - selectOptionByLabel(findTestObject(orPath_Landing + "/dd_TaxType"), Paymenttype, false): All options with label 'New Tax Return Amount Due' are selected in object 'Object Repository/RAD_Pages/Landing_Page/dd_TaxType' 

2023-11-01 15:53:05 - [MESSAGE][PASSED] - All options with label 'New Tax Return Amount Due' are selected in object 'Object Repository/RAD_Pages/Landing_Page/dd_TaxType' 

2023-11-01 15:53:05 - [TEST_STEP][PASSED] - delay(1): Delayed 1 second(s)

2023-11-01 15:53:06 - [MESSAGE][PASSED] - Delayed 1 second(s)

2023-11-01 15:53:06 - [TEST_STEP][PASSED] - switch (Paymenttype): null

2023-11-01 15:53:06 - [TEST_STEP][PASSED] - case "New Tax Return Amount Due":: null

2023-11-01 15:53:06 - [TEST_STEP][PASSED] - selectOptionByLabel(findTestObject("Object Repository/RAD_Pages/Landing_Page/select_NewTaxReturnAmountDue_TaxType"), Taxtype, false): All options with label 'Personal Income Tax' are selected in object 'Object Repository/RAD_Pages/Landing_Page/select_NewTaxReturnAmountDue_TaxType' 

2023-11-01 15:53:07 - [MESSAGE][PASSED] - All options with label 'Personal Income Tax' are selected in object 'Object Repository/RAD_Pages/Landing_Page/select_NewTaxReturnAmountDue_TaxType' 

2023-11-01 15:53:07 - [TEST_STEP][PASSED] - break: null

2023-11-01 15:53:07 - [TEST_STEP][PASSED] - delay(1): Delayed 1 second(s)

2023-11-01 15:53:08 - [MESSAGE][PASSED] - Delayed 1 second(s)

2023-11-01 15:53:08 - [TEST_STEP][PASSED] - scrollToElement(findTestObject(orPath_TaxPayer + "/input_firstName"), 3): Scroll to object 'Object Repository/RAD_Pages/Taxpayer_Page/input_firstName' successfully

2023-11-01 15:53:08 - [MESSAGE][PASSED] - Scroll to object 'Object Repository/RAD_Pages/Taxpayer_Page/input_firstName' successfully

2023-11-01 15:53:08 - [TEST_STEP][PASSED] - switch (Paymenttype): null

2023-11-01 15:53:08 - [TEST_STEP][PASSED] - case "New Tax Return Amount Due":: null

2023-11-01 15:53:08 - [TEST_STEP][PASSED] - setText(findTestObject("RAD_RecordAndPlay/input_concatSSN"), "111111111"): Text '111111111' is set on object 'Object Repository/RAD_RecordAndPlay/input_concatSSN'

2023-11-01 15:53:08 - [MESSAGE][PASSED] - Text '111111111' is set on object 'Object Repository/RAD_RecordAndPlay/input_concatSSN'

2023-11-01 15:53:08 - [TEST_STEP][PASSED] - setText(findTestObject("RAD_RecordAndPlay/input_concatReSSN"), "222222222"): Text '222222222' is set on object 'Object Repository/RAD_RecordAndPlay/input_concatReSSN'

2023-11-01 15:53:09 - [MESSAGE][PASSED] - Text '222222222' is set on object 'Object Repository/RAD_RecordAndPlay/input_concatReSSN'

2023-11-01 15:53:09 - [TEST_STEP][PASSED] - setText(findTestObject(orPath_TaxPayer + "/input_lastName"), "Anderson"): Text 'Anderson' is set on object 'Object Repository/RAD_Pages/Taxpayer_Page/input_lastName'

2023-11-01 15:53:10 - [MESSAGE][PASSED] - Text 'Anderson' is set on object 'Object Repository/RAD_Pages/Taxpayer_Page/input_lastName'

2023-11-01 15:53:10 - [TEST_STEP][PASSED] - break: null

2023-11-01 15:53:10 - [TEST_STEP][PASSED] - delay(2): Delayed 2 second(s)

2023-11-01 15:53:12 - [MESSAGE][PASSED] - Delayed 2 second(s)

2023-11-01 15:53:12 - [TEST_STEP][PASSED] - if (verifyTextPresent("The SSN and Re-type SSN do not match", true)): null

2023-11-01 15:53:12 - [MESSAGE][PASSED] - Text 'The SSN and Re-type SSN do not match' is present on page  using regular expression

2023-11-01 15:53:12 - [TEST_STEP][PASSED] - println("Taxpayer SSN Dont match text is present"): null

2023-11-01 15:53:12 - [TEST_STEP][PASSED] - out.println("Pass Record Number: " + row): null

2023-11-01 15:53:12 - [TEST_STEP][PASSED] - resText = "Pass": null

2023-11-01 15:53:12 - [TEST_STEP][PASSED] - pages.WriteExcel.demoKey(resText, datText, resColumn, datCloumn, fileLoc, nameSheet, row): pages.WriteExcel.demoKey is PASSED

2023-11-01 15:53:12 - [MESSAGE][PASSED] - pages.WriteExcel.demoKey is PASSED]]></system-out>
         <system-err><![CDATA[]]></system-err>
      </testcase>
      <testcase name="Test Cases/RAD_TestCases/Negative_TestCases/SSNmoreThan9Error" time="46.573" classname="Test Cases/RAD_TestCases/Negative_TestCases/SSNmoreThan9Error" status="PASSED">
         <system-out><![CDATA[2023-11-01 15:53:13 - [TEST_CASE][PASSED] - Test Cases/RAD_TestCases/Negative_TestCases/SSNmoreThan9Error: Test Cases/RAD_TestCases/Negative_TestCases/SSNmoreThan9Error

2023-11-01 15:53:13 - [TEST_STEP][PASSED] - resText = "Fail": null

2023-11-01 15:53:13 - [TEST_STEP][PASSED] - resColumn = "Result": null

2023-11-01 15:53:13 - [TEST_STEP][PASSED] - datCloumn = "Date": null

2023-11-01 15:53:13 - [TEST_STEP][PASSED] - fileLoc = "KatalonData/RADTestData/SSNmoreThan9Error.xlsx": null

2023-11-01 15:53:13 - [TEST_STEP][PASSED] - nameSheet = "Sheet1": null

2023-11-01 15:53:13 - [TEST_STEP][PASSED] - dataFile = "RADTestData/SSNmoreThan9Error": null

2023-11-01 15:53:13 - [TEST_STEP][PASSED] - ExecuteTC = <not implemented yet for class: org.codehaus.groovy.ast.expr.EmptyExpression>: null

2023-11-01 15:53:13 - [TEST_STEP][PASSED] - Taxtype = <not implemented yet for class: org.codehaus.groovy.ast.expr.EmptyExpression>: null

2023-11-01 15:53:13 - [TEST_STEP][PASSED] - numOfRows = findTestData(dataFile).getRowNumbers(): null

2023-11-01 15:53:13 - [TEST_STEP][PASSED] - println("Number of Records: " + numOfRows): null

2023-11-01 15:53:13 - [TEST_STEP][PASSED] - for ([row = 1, row <= numOfRows, (row++)]): null

2023-11-01 15:53:13 - [TEST_STEP][PASSED] - ExecuteTC = findTestData(dataFile).getValue("Execute", row): null

2023-11-01 15:53:13 - [TEST_STEP][PASSED] - Taxtype = findTestData(dataFile).getValue("TaxType", row): null

2023-11-01 15:53:13 - [TEST_STEP][PASSED] - Paymenttype = findTestData(dataFile).getValue("PaymentType", row): null

2023-11-01 15:53:13 - [TEST_STEP][PASSED] - out.println("Value of Execute is : " + ExecuteTC): null

2023-11-01 15:53:13 - [TEST_STEP][PASSED] - if (ExecuteTC.equalsIgnoreCase("Y")): null

2023-11-01 15:53:13 - [TEST_STEP][PASSED] - out.println("Begin Record Number: " + row): null

2023-11-01 15:53:13 - [TEST_STEP][PASSED] - today = new java.util.Date(): null

2023-11-01 15:53:13 - [TEST_STEP][PASSED] - println(today): null

2023-11-01 15:53:13 - [TEST_STEP][PASSED] - datText = today: null

2023-11-01 15:53:13 - [TEST_STEP][PASSED] - Taxtype = findTestData(dataFile).getValue("TaxType", row): null

2023-11-01 15:53:13 - [TEST_STEP][PASSED] - out.println("Taxtype value is : " + Taxtype): null

2023-11-01 15:53:13 - [TEST_STEP][PASSED] - openBrowser(""): Browser is opened with url: ''

2023-11-01 15:53:13 - [MESSAGE][WARNING] - A browser is already opened. Closing browser and opening a new one

2023-11-01 15:53:14 - [MESSAGE][INFO] - Starting 'Chrome' driver

2023-11-01 15:53:14 - [MESSAGE][INFO] - User set preference: ['acceptInsecureCerts', 'true']

2023-11-01 15:53:14 - [MESSAGE][INFO] - Action delay is set to 0 milliseconds

2023-11-01 15:53:16 - [MESSAGE][PASSED] - Browser is opened with url: ''

2023-11-01 15:53:16 - [TEST_STEP][PASSED] - maximizeWindow(): Current window maximized

2023-11-01 15:53:16 - [MESSAGE][PASSED] - Current window maximized

2023-11-01 15:53:16 - [TEST_STEP][PASSED] - navigateToUrl(RADurl): Navigate to 'https://qa2.velocitypayment.com/client/rad/index.html' successfully

2023-11-01 15:53:16 - [MESSAGE][PASSED] - Navigate to 'https://qa2.velocitypayment.com/client/rad/index.html' successfully

2023-11-01 15:53:16 - [TEST_STEP][PASSED] - orPath_Landing = "Object Repository/RAD_Pages/Landing_Page": null

2023-11-01 15:53:16 - [TEST_STEP][PASSED] - orPath_TaxTypeFilingYear = "Object Repository/RAD_Pages/TaxTypeFilingYear_Page": null

2023-11-01 15:53:16 - [TEST_STEP][PASSED] - orPath_TaxPayer = "Object Repository/RAD_Pages/Taxpayer_Page": null

2023-11-01 15:53:16 - [TEST_STEP][PASSED] - orPath_AddressContact = "Object Repository/RAD_Pages/AddressAndContactInfo_Page": null

2023-11-01 15:53:16 - [TEST_STEP][PASSED] - orPath_FilingStatus = "Object Repository/RAD_Pages/FilingStatus_Page": null

2023-11-01 15:53:16 - [TEST_STEP][PASSED] - orPath_Amount = "Object Repository/RAD_Pages/PaymentAmount_Page": null

2023-11-01 15:53:16 - [TEST_STEP][PASSED] - orPath_TaxInfo = "Object Repository/RAD_Pages/TaxInfo_Page": null

2023-11-01 15:53:16 - [TEST_STEP][PASSED] - selectOptionByLabel(findTestObject(orPath_Landing + "/dd_TaxType"), Paymenttype, false): All options with label 'Existing Liability w/Notice Number' are selected in object 'Object Repository/RAD_Pages/Landing_Page/dd_TaxType' 

2023-11-01 15:53:18 - [MESSAGE][PASSED] - All options with label 'Existing Liability w/Notice Number' are selected in object 'Object Repository/RAD_Pages/Landing_Page/dd_TaxType' 

2023-11-01 15:53:18 - [TEST_STEP][PASSED] - delay(1): Delayed 1 second(s)

2023-11-01 15:53:19 - [MESSAGE][PASSED] - Delayed 1 second(s)

2023-11-01 15:53:19 - [TEST_STEP][PASSED] - switch (Paymenttype): null

2023-11-01 15:53:19 - [TEST_STEP][PASSED] - case "Existing Liability w/Notice Number":: null

2023-11-01 15:53:19 - [TEST_STEP][PASSED] - selectOptionByLabel(findTestObject(orPath_TaxTypeFilingYear + "/select_TaxType_ExistingLiability"), Taxtype, false): All options with label 'Personal Income Tax' are selected in object 'Object Repository/RAD_Pages/TaxTypeFilingYear_Page/select_TaxType_ExistingLiability' 

2023-11-01 15:53:19 - [MESSAGE][PASSED] - All options with label 'Personal Income Tax' are selected in object 'Object Repository/RAD_Pages/TaxTypeFilingYear_Page/select_TaxType_ExistingLiability' 

2023-11-01 15:53:19 - [TEST_STEP][PASSED] - break: null

2023-11-01 15:53:19 - [TEST_STEP][PASSED] - delay(1): Delayed 1 second(s)

2023-11-01 15:53:20 - [MESSAGE][PASSED] - Delayed 1 second(s)

2023-11-01 15:53:20 - [TEST_STEP][PASSED] - scrollToElement(findTestObject(orPath_TaxPayer + "/input_firstName"), 3): Scroll to object 'Object Repository/RAD_Pages/Taxpayer_Page/input_firstName' successfully

2023-11-01 15:53:21 - [MESSAGE][PASSED] - Scroll to object 'Object Repository/RAD_Pages/Taxpayer_Page/input_firstName' successfully

2023-11-01 15:53:21 - [TEST_STEP][PASSED] - switch (Paymenttype): null

2023-11-01 15:53:21 - [TEST_STEP][PASSED] - case "Existing Liability w/Notice Number":: null

2023-11-01 15:53:21 - [TEST_STEP][PASSED] - setText(findTestObject(orPath_TaxInfo + "/input_Existing_SSN"), "1111111111"): Text '1111111111' is set on object 'Object Repository/RAD_Pages/TaxInfo_Page/input_Existing_SSN'

2023-11-01 15:53:21 - [MESSAGE][PASSED] - Text '1111111111' is set on object 'Object Repository/RAD_Pages/TaxInfo_Page/input_Existing_SSN'

2023-11-01 15:53:21 - [TEST_STEP][PASSED] - setText(findTestObject(orPath_TaxInfo + "/input_Existing_RetypeSSN"), ""): Text '' is set on object 'Object Repository/RAD_Pages/TaxInfo_Page/input_Existing_RetypeSSN'

2023-11-01 15:53:22 - [MESSAGE][PASSED] - Text '' is set on object 'Object Repository/RAD_Pages/TaxInfo_Page/input_Existing_RetypeSSN'

2023-11-01 15:53:22 - [TEST_STEP][PASSED] - break: null

2023-11-01 15:53:22 - [TEST_STEP][PASSED] - delay(2): Delayed 2 second(s)

2023-11-01 15:53:24 - [MESSAGE][PASSED] - Delayed 2 second(s)

2023-11-01 15:53:24 - [TEST_STEP][PASSED] - if (verifyTextPresent("Please enter a valid SSN with 9 digits", true)): null

2023-11-01 15:53:25 - [MESSAGE][PASSED] - Text 'Please enter a valid SSN with 9 digits' is present on page  using regular expression

2023-11-01 15:53:25 - [TEST_STEP][PASSED] - println("Please enter a valid SSN with 9 digits"): null

2023-11-01 15:53:25 - [TEST_STEP][PASSED] - out.println("Pass Record Number: " + row): null

2023-11-01 15:53:25 - [TEST_STEP][PASSED] - resText = "Pass": null

2023-11-01 15:53:25 - [TEST_STEP][PASSED] - pages.WriteExcel.demoKey(resText, datText, resColumn, datCloumn, fileLoc, nameSheet, row): pages.WriteExcel.demoKey is PASSED

2023-11-01 15:53:25 - [MESSAGE][PASSED] - pages.WriteExcel.demoKey is PASSED

2023-11-01 15:53:25 - [TEST_STEP][PASSED] - ExecuteTC = findTestData(dataFile).getValue("Execute", row): null

2023-11-01 15:53:25 - [TEST_STEP][PASSED] - Taxtype = findTestData(dataFile).getValue("TaxType", row): null

2023-11-01 15:53:25 - [TEST_STEP][PASSED] - Paymenttype = findTestData(dataFile).getValue("PaymentType", row): null

2023-11-01 15:53:25 - [TEST_STEP][PASSED] - out.println("Value of Execute is : " + ExecuteTC): null

2023-11-01 15:53:25 - [TEST_STEP][PASSED] - if (ExecuteTC.equalsIgnoreCase("Y")): null

2023-11-01 15:53:25 - [TEST_STEP][PASSED] - out.println("Begin Record Number: " + row): null

2023-11-01 15:53:25 - [TEST_STEP][PASSED] - today = new java.util.Date(): null

2023-11-01 15:53:25 - [TEST_STEP][PASSED] - println(today): null

2023-11-01 15:53:25 - [TEST_STEP][PASSED] - datText = today: null

2023-11-01 15:53:25 - [TEST_STEP][PASSED] - Taxtype = findTestData(dataFile).getValue("TaxType", row): null

2023-11-01 15:53:25 - [TEST_STEP][PASSED] - out.println("Taxtype value is : " + Taxtype): null

2023-11-01 15:53:25 - [TEST_STEP][PASSED] - openBrowser(""): Browser is opened with url: ''

2023-11-01 15:53:25 - [MESSAGE][WARNING] - A browser is already opened. Closing browser and opening a new one

2023-11-01 15:53:26 - [MESSAGE][INFO] - Starting 'Chrome' driver

2023-11-01 15:53:26 - [MESSAGE][INFO] - User set preference: ['acceptInsecureCerts', 'true']

2023-11-01 15:53:26 - [MESSAGE][INFO] - Action delay is set to 0 milliseconds

2023-11-01 15:53:27 - [MESSAGE][PASSED] - Browser is opened with url: ''

2023-11-01 15:53:27 - [TEST_STEP][PASSED] - maximizeWindow(): Current window maximized

2023-11-01 15:53:27 - [MESSAGE][PASSED] - Current window maximized

2023-11-01 15:53:27 - [TEST_STEP][PASSED] - navigateToUrl(RADurl): Navigate to 'https://qa2.velocitypayment.com/client/rad/index.html' successfully

2023-11-01 15:53:29 - [MESSAGE][PASSED] - Navigate to 'https://qa2.velocitypayment.com/client/rad/index.html' successfully

2023-11-01 15:53:29 - [TEST_STEP][PASSED] - orPath_Landing = "Object Repository/RAD_Pages/Landing_Page": null

2023-11-01 15:53:29 - [TEST_STEP][PASSED] - orPath_TaxTypeFilingYear = "Object Repository/RAD_Pages/TaxTypeFilingYear_Page": null

2023-11-01 15:53:29 - [TEST_STEP][PASSED] - orPath_TaxPayer = "Object Repository/RAD_Pages/Taxpayer_Page": null

2023-11-01 15:53:29 - [TEST_STEP][PASSED] - orPath_AddressContact = "Object Repository/RAD_Pages/AddressAndContactInfo_Page": null

2023-11-01 15:53:29 - [TEST_STEP][PASSED] - orPath_FilingStatus = "Object Repository/RAD_Pages/FilingStatus_Page": null

2023-11-01 15:53:29 - [TEST_STEP][PASSED] - orPath_Amount = "Object Repository/RAD_Pages/PaymentAmount_Page": null

2023-11-01 15:53:29 - [TEST_STEP][PASSED] - orPath_TaxInfo = "Object Repository/RAD_Pages/TaxInfo_Page": null

2023-11-01 15:53:29 - [TEST_STEP][PASSED] - selectOptionByLabel(findTestObject(orPath_Landing + "/dd_TaxType"), Paymenttype, false): All options with label 'Quarterly Estimated Tax' are selected in object 'Object Repository/RAD_Pages/Landing_Page/dd_TaxType' 

2023-11-01 15:53:30 - [MESSAGE][PASSED] - All options with label 'Quarterly Estimated Tax' are selected in object 'Object Repository/RAD_Pages/Landing_Page/dd_TaxType' 

2023-11-01 15:53:30 - [TEST_STEP][PASSED] - delay(1): Delayed 1 second(s)

2023-11-01 15:53:31 - [MESSAGE][PASSED] - Delayed 1 second(s)

2023-11-01 15:53:31 - [TEST_STEP][PASSED] - switch (Paymenttype): null

2023-11-01 15:53:31 - [TEST_STEP][PASSED] - case "Quarterly Estimated Tax":: null

2023-11-01 15:53:31 - [TEST_STEP][PASSED] - selectOptionByLabel(findTestObject(orPath_TaxTypeFilingYear + "/select_PaymentType"), Taxtype, false): All options with label 'Personal Income Tax' are selected in object 'Object Repository/RAD_Pages/TaxTypeFilingYear_Page/select_PaymentType' 

2023-11-01 15:53:31 - [MESSAGE][PASSED] - All options with label 'Personal Income Tax' are selected in object 'Object Repository/RAD_Pages/TaxTypeFilingYear_Page/select_PaymentType' 

2023-11-01 15:53:31 - [TEST_STEP][PASSED] - break: null

2023-11-01 15:53:31 - [TEST_STEP][PASSED] - delay(1): Delayed 1 second(s)

2023-11-01 15:53:32 - [MESSAGE][PASSED] - Delayed 1 second(s)

2023-11-01 15:53:32 - [TEST_STEP][PASSED] - scrollToElement(findTestObject(orPath_TaxPayer + "/input_firstName"), 3): Scroll to object 'Object Repository/RAD_Pages/Taxpayer_Page/input_firstName' successfully

2023-11-01 15:53:33 - [MESSAGE][PASSED] - Scroll to object 'Object Repository/RAD_Pages/Taxpayer_Page/input_firstName' successfully

2023-11-01 15:53:33 - [TEST_STEP][PASSED] - switch (Paymenttype): null

2023-11-01 15:53:33 - [TEST_STEP][PASSED] - case "Quarterly Estimated Tax":: null

2023-11-01 15:53:33 - [TEST_STEP][PASSED] - setText(findTestObject("RAD_RecordAndPlay/input_concatSSN"), "1111111111"): Text '1111111111' is set on object 'Object Repository/RAD_RecordAndPlay/input_concatSSN'

2023-11-01 15:53:33 - [MESSAGE][PASSED] - Text '1111111111' is set on object 'Object Repository/RAD_RecordAndPlay/input_concatSSN'

2023-11-01 15:53:33 - [TEST_STEP][PASSED] - setText(findTestObject("RAD_RecordAndPlay/input_concatReSSN"), ""): Text '' is set on object 'Object Repository/RAD_RecordAndPlay/input_concatReSSN'

2023-11-01 15:53:34 - [MESSAGE][PASSED] - Text '' is set on object 'Object Repository/RAD_RecordAndPlay/input_concatReSSN'

2023-11-01 15:53:34 - [TEST_STEP][PASSED] - break: null

2023-11-01 15:53:34 - [TEST_STEP][PASSED] - delay(2): Delayed 2 second(s)

2023-11-01 15:53:36 - [MESSAGE][PASSED] - Delayed 2 second(s)

2023-11-01 15:53:36 - [TEST_STEP][PASSED] - if (verifyTextPresent("Please enter a valid SSN with 9 digits", true)): null

2023-11-01 15:53:36 - [MESSAGE][PASSED] - Text 'Please enter a valid SSN with 9 digits' is present on page  using regular expression

2023-11-01 15:53:36 - [TEST_STEP][PASSED] - println("Please enter a valid SSN with 9 digits"): null

2023-11-01 15:53:36 - [TEST_STEP][PASSED] - out.println("Pass Record Number: " + row): null

2023-11-01 15:53:36 - [TEST_STEP][PASSED] - resText = "Pass": null

2023-11-01 15:53:36 - [TEST_STEP][PASSED] - pages.WriteExcel.demoKey(resText, datText, resColumn, datCloumn, fileLoc, nameSheet, row): pages.WriteExcel.demoKey is PASSED

2023-11-01 15:53:36 - [MESSAGE][PASSED] - pages.WriteExcel.demoKey is PASSED

2023-11-01 15:53:36 - [TEST_STEP][PASSED] - ExecuteTC = findTestData(dataFile).getValue("Execute", row): null

2023-11-01 15:53:36 - [TEST_STEP][PASSED] - Taxtype = findTestData(dataFile).getValue("TaxType", row): null

2023-11-01 15:53:36 - [TEST_STEP][PASSED] - Paymenttype = findTestData(dataFile).getValue("PaymentType", row): null

2023-11-01 15:53:36 - [TEST_STEP][PASSED] - out.println("Value of Execute is : " + ExecuteTC): null

2023-11-01 15:53:36 - [TEST_STEP][PASSED] - if (ExecuteTC.equalsIgnoreCase("Y")): null

2023-11-01 15:53:36 - [TEST_STEP][PASSED] - out.println("Begin Record Number: " + row): null

2023-11-01 15:53:36 - [TEST_STEP][PASSED] - today = new java.util.Date(): null

2023-11-01 15:53:36 - [TEST_STEP][PASSED] - println(today): null

2023-11-01 15:53:36 - [TEST_STEP][PASSED] - datText = today: null

2023-11-01 15:53:36 - [TEST_STEP][PASSED] - Taxtype = findTestData(dataFile).getValue("TaxType", row): null

2023-11-01 15:53:36 - [TEST_STEP][PASSED] - out.println("Taxtype value is : " + Taxtype): null

2023-11-01 15:53:36 - [TEST_STEP][PASSED] - openBrowser(""): Browser is opened with url: ''

2023-11-01 15:53:36 - [MESSAGE][WARNING] - A browser is already opened. Closing browser and opening a new one

2023-11-01 15:53:37 - [MESSAGE][INFO] - Starting 'Chrome' driver

2023-11-01 15:53:37 - [MESSAGE][INFO] - User set preference: ['acceptInsecureCerts', 'true']

2023-11-01 15:53:37 - [MESSAGE][INFO] - Action delay is set to 0 milliseconds

2023-11-01 15:53:39 - [MESSAGE][PASSED] - Browser is opened with url: ''

2023-11-01 15:53:39 - [TEST_STEP][PASSED] - maximizeWindow(): Current window maximized

2023-11-01 15:53:39 - [MESSAGE][PASSED] - Current window maximized

2023-11-01 15:53:39 - [TEST_STEP][PASSED] - navigateToUrl(RADurl): Navigate to 'https://qa2.velocitypayment.com/client/rad/index.html' successfully

2023-11-01 15:53:40 - [MESSAGE][PASSED] - Navigate to 'https://qa2.velocitypayment.com/client/rad/index.html' successfully

2023-11-01 15:53:40 - [TEST_STEP][PASSED] - orPath_Landing = "Object Repository/RAD_Pages/Landing_Page": null

2023-11-01 15:53:40 - [TEST_STEP][PASSED] - orPath_TaxTypeFilingYear = "Object Repository/RAD_Pages/TaxTypeFilingYear_Page": null

2023-11-01 15:53:40 - [TEST_STEP][PASSED] - orPath_TaxPayer = "Object Repository/RAD_Pages/Taxpayer_Page": null

2023-11-01 15:53:40 - [TEST_STEP][PASSED] - orPath_AddressContact = "Object Repository/RAD_Pages/AddressAndContactInfo_Page": null

2023-11-01 15:53:40 - [TEST_STEP][PASSED] - orPath_FilingStatus = "Object Repository/RAD_Pages/FilingStatus_Page": null

2023-11-01 15:53:40 - [TEST_STEP][PASSED] - orPath_Amount = "Object Repository/RAD_Pages/PaymentAmount_Page": null

2023-11-01 15:53:40 - [TEST_STEP][PASSED] - orPath_TaxInfo = "Object Repository/RAD_Pages/TaxInfo_Page": null

2023-11-01 15:53:40 - [TEST_STEP][PASSED] - selectOptionByLabel(findTestObject(orPath_Landing + "/dd_TaxType"), Paymenttype, false): All options with label 'Extension Payments' are selected in object 'Object Repository/RAD_Pages/Landing_Page/dd_TaxType' 

2023-11-01 15:53:41 - [MESSAGE][PASSED] - All options with label 'Extension Payments' are selected in object 'Object Repository/RAD_Pages/Landing_Page/dd_TaxType' 

2023-11-01 15:53:41 - [TEST_STEP][PASSED] - delay(1): Delayed 1 second(s)

2023-11-01 15:53:42 - [MESSAGE][PASSED] - Delayed 1 second(s)

2023-11-01 15:53:42 - [TEST_STEP][PASSED] - switch (Paymenttype): null

2023-11-01 15:53:42 - [TEST_STEP][PASSED] - case "Extension Payments":: null

2023-11-01 15:53:42 - [TEST_STEP][PASSED] - selectOptionByLabel(findTestObject(orPath_TaxTypeFilingYear + "/select_PaymentType"), Taxtype, false): All options with label 'Personal Income Tax' are selected in object 'Object Repository/RAD_Pages/TaxTypeFilingYear_Page/select_PaymentType' 

2023-11-01 15:53:43 - [MESSAGE][PASSED] - All options with label 'Personal Income Tax' are selected in object 'Object Repository/RAD_Pages/TaxTypeFilingYear_Page/select_PaymentType' 

2023-11-01 15:53:43 - [TEST_STEP][PASSED] - break: null

2023-11-01 15:53:43 - [TEST_STEP][PASSED] - delay(1): Delayed 1 second(s)

2023-11-01 15:53:44 - [MESSAGE][PASSED] - Delayed 1 second(s)

2023-11-01 15:53:44 - [TEST_STEP][PASSED] - scrollToElement(findTestObject(orPath_TaxPayer + "/input_firstName"), 3): Scroll to object 'Object Repository/RAD_Pages/Taxpayer_Page/input_firstName' successfully

2023-11-01 15:53:44 - [MESSAGE][PASSED] - Scroll to object 'Object Repository/RAD_Pages/Taxpayer_Page/input_firstName' successfully

2023-11-01 15:53:44 - [TEST_STEP][PASSED] - switch (Paymenttype): null

2023-11-01 15:53:44 - [TEST_STEP][PASSED] - case "Extension Payments":: null

2023-11-01 15:53:44 - [TEST_STEP][PASSED] - setText(findTestObject("RAD_RecordAndPlay/input_concatSSN"), "1111111111"): Text '1111111111' is set on object 'Object Repository/RAD_RecordAndPlay/input_concatSSN'

2023-11-01 15:53:45 - [MESSAGE][PASSED] - Text '1111111111' is set on object 'Object Repository/RAD_RecordAndPlay/input_concatSSN'

2023-11-01 15:53:45 - [TEST_STEP][PASSED] - setText(findTestObject("RAD_RecordAndPlay/input_concatReSSN"), ""): Text '' is set on object 'Object Repository/RAD_RecordAndPlay/input_concatReSSN'

2023-11-01 15:53:45 - [MESSAGE][PASSED] - Text '' is set on object 'Object Repository/RAD_RecordAndPlay/input_concatReSSN'

2023-11-01 15:53:45 - [TEST_STEP][PASSED] - break: null

2023-11-01 15:53:45 - [TEST_STEP][PASSED] - delay(2): Delayed 2 second(s)

2023-11-01 15:53:47 - [MESSAGE][PASSED] - Delayed 2 second(s)

2023-11-01 15:53:47 - [TEST_STEP][PASSED] - if (verifyTextPresent("Please enter a valid SSN with 9 digits", true)): null

2023-11-01 15:53:48 - [MESSAGE][PASSED] - Text 'Please enter a valid SSN with 9 digits' is present on page  using regular expression

2023-11-01 15:53:48 - [TEST_STEP][PASSED] - println("Please enter a valid SSN with 9 digits"): null

2023-11-01 15:53:48 - [TEST_STEP][PASSED] - out.println("Pass Record Number: " + row): null

2023-11-01 15:53:48 - [TEST_STEP][PASSED] - resText = "Pass": null

2023-11-01 15:53:48 - [TEST_STEP][PASSED] - pages.WriteExcel.demoKey(resText, datText, resColumn, datCloumn, fileLoc, nameSheet, row): pages.WriteExcel.demoKey is PASSED

2023-11-01 15:53:48 - [MESSAGE][PASSED] - pages.WriteExcel.demoKey is PASSED

2023-11-01 15:53:48 - [TEST_STEP][PASSED] - ExecuteTC = findTestData(dataFile).getValue("Execute", row): null

2023-11-01 15:53:48 - [TEST_STEP][PASSED] - Taxtype = findTestData(dataFile).getValue("TaxType", row): null

2023-11-01 15:53:48 - [TEST_STEP][PASSED] - Paymenttype = findTestData(dataFile).getValue("PaymentType", row): null

2023-11-01 15:53:48 - [TEST_STEP][PASSED] - out.println("Value of Execute is : " + ExecuteTC): null

2023-11-01 15:53:48 - [TEST_STEP][PASSED] - if (ExecuteTC.equalsIgnoreCase("Y")): null

2023-11-01 15:53:48 - [TEST_STEP][PASSED] - out.println("Begin Record Number: " + row): null

2023-11-01 15:53:48 - [TEST_STEP][PASSED] - today = new java.util.Date(): null

2023-11-01 15:53:48 - [TEST_STEP][PASSED] - println(today): null

2023-11-01 15:53:48 - [TEST_STEP][PASSED] - datText = today: null

2023-11-01 15:53:48 - [TEST_STEP][PASSED] - Taxtype = findTestData(dataFile).getValue("TaxType", row): null

2023-11-01 15:53:48 - [TEST_STEP][PASSED] - out.println("Taxtype value is : " + Taxtype): null

2023-11-01 15:53:48 - [TEST_STEP][PASSED] - openBrowser(""): Browser is opened with url: ''

2023-11-01 15:53:48 - [MESSAGE][WARNING] - A browser is already opened. Closing browser and opening a new one

2023-11-01 15:53:49 - [MESSAGE][INFO] - Starting 'Chrome' driver

2023-11-01 15:53:49 - [MESSAGE][INFO] - User set preference: ['acceptInsecureCerts', 'true']

2023-11-01 15:53:49 - [MESSAGE][INFO] - Action delay is set to 0 milliseconds

2023-11-01 15:53:50 - [MESSAGE][PASSED] - Browser is opened with url: ''

2023-11-01 15:53:50 - [TEST_STEP][PASSED] - maximizeWindow(): Current window maximized

2023-11-01 15:53:50 - [MESSAGE][PASSED] - Current window maximized

2023-11-01 15:53:50 - [TEST_STEP][PASSED] - navigateToUrl(RADurl): Navigate to 'https://qa2.velocitypayment.com/client/rad/index.html' successfully

2023-11-01 15:53:52 - [MESSAGE][PASSED] - Navigate to 'https://qa2.velocitypayment.com/client/rad/index.html' successfully

2023-11-01 15:53:52 - [TEST_STEP][PASSED] - orPath_Landing = "Object Repository/RAD_Pages/Landing_Page": null

2023-11-01 15:53:52 - [TEST_STEP][PASSED] - orPath_TaxTypeFilingYear = "Object Repository/RAD_Pages/TaxTypeFilingYear_Page": null

2023-11-01 15:53:52 - [TEST_STEP][PASSED] - orPath_TaxPayer = "Object Repository/RAD_Pages/Taxpayer_Page": null

2023-11-01 15:53:52 - [TEST_STEP][PASSED] - orPath_AddressContact = "Object Repository/RAD_Pages/AddressAndContactInfo_Page": null

2023-11-01 15:53:52 - [TEST_STEP][PASSED] - orPath_FilingStatus = "Object Repository/RAD_Pages/FilingStatus_Page": null

2023-11-01 15:53:52 - [TEST_STEP][PASSED] - orPath_Amount = "Object Repository/RAD_Pages/PaymentAmount_Page": null

2023-11-01 15:53:52 - [TEST_STEP][PASSED] - orPath_TaxInfo = "Object Repository/RAD_Pages/TaxInfo_Page": null

2023-11-01 15:53:52 - [TEST_STEP][PASSED] - selectOptionByLabel(findTestObject(orPath_Landing + "/dd_TaxType"), Paymenttype, false): All options with label 'New Tax Return Amount Due' are selected in object 'Object Repository/RAD_Pages/Landing_Page/dd_TaxType' 

2023-11-01 15:53:52 - [MESSAGE][PASSED] - All options with label 'New Tax Return Amount Due' are selected in object 'Object Repository/RAD_Pages/Landing_Page/dd_TaxType' 

2023-11-01 15:53:52 - [TEST_STEP][PASSED] - delay(1): Delayed 1 second(s)

2023-11-01 15:53:53 - [MESSAGE][PASSED] - Delayed 1 second(s)

2023-11-01 15:53:53 - [TEST_STEP][PASSED] - switch (Paymenttype): null

2023-11-01 15:53:53 - [TEST_STEP][PASSED] - case "New Tax Return Amount Due":: null

2023-11-01 15:53:53 - [TEST_STEP][PASSED] - selectOptionByLabel(findTestObject("Object Repository/RAD_Pages/Landing_Page/select_NewTaxReturnAmountDue_TaxType"), Taxtype, false): All options with label 'Personal Income Tax' are selected in object 'Object Repository/RAD_Pages/Landing_Page/select_NewTaxReturnAmountDue_TaxType' 

2023-11-01 15:53:54 - [MESSAGE][PASSED] - All options with label 'Personal Income Tax' are selected in object 'Object Repository/RAD_Pages/Landing_Page/select_NewTaxReturnAmountDue_TaxType' 

2023-11-01 15:53:54 - [TEST_STEP][PASSED] - break: null

2023-11-01 15:53:54 - [TEST_STEP][PASSED] - delay(1): Delayed 1 second(s)

2023-11-01 15:53:55 - [MESSAGE][PASSED] - Delayed 1 second(s)

2023-11-01 15:53:55 - [TEST_STEP][PASSED] - scrollToElement(findTestObject(orPath_TaxPayer + "/input_firstName"), 3): Scroll to object 'Object Repository/RAD_Pages/Taxpayer_Page/input_firstName' successfully

2023-11-01 15:53:55 - [MESSAGE][PASSED] - Scroll to object 'Object Repository/RAD_Pages/Taxpayer_Page/input_firstName' successfully

2023-11-01 15:53:55 - [TEST_STEP][PASSED] - switch (Paymenttype): null

2023-11-01 15:53:55 - [TEST_STEP][PASSED] - case "New Tax Return Amount Due":: null

2023-11-01 15:53:55 - [TEST_STEP][PASSED] - setText(findTestObject("RAD_RecordAndPlay/input_concatSSN"), "1111111111"): Text '1111111111' is set on object 'Object Repository/RAD_RecordAndPlay/input_concatSSN'

2023-11-01 15:53:56 - [MESSAGE][PASSED] - Text '1111111111' is set on object 'Object Repository/RAD_RecordAndPlay/input_concatSSN'

2023-11-01 15:53:56 - [TEST_STEP][PASSED] - setText(findTestObject("RAD_RecordAndPlay/input_concatReSSN"), ""): Text '' is set on object 'Object Repository/RAD_RecordAndPlay/input_concatReSSN'

2023-11-01 15:53:57 - [MESSAGE][PASSED] - Text '' is set on object 'Object Repository/RAD_RecordAndPlay/input_concatReSSN'

2023-11-01 15:53:57 - [TEST_STEP][PASSED] - break: null

2023-11-01 15:53:57 - [TEST_STEP][PASSED] - delay(2): Delayed 2 second(s)

2023-11-01 15:53:59 - [MESSAGE][PASSED] - Delayed 2 second(s)

2023-11-01 15:53:59 - [TEST_STEP][PASSED] - if (verifyTextPresent("Please enter a valid SSN with 9 digits", true)): null

2023-11-01 15:53:59 - [MESSAGE][PASSED] - Text 'Please enter a valid SSN with 9 digits' is present on page  using regular expression

2023-11-01 15:53:59 - [TEST_STEP][PASSED] - println("Please enter a valid SSN with 9 digits"): null

2023-11-01 15:53:59 - [TEST_STEP][PASSED] - out.println("Pass Record Number: " + row): null

2023-11-01 15:53:59 - [TEST_STEP][PASSED] - resText = "Pass": null

2023-11-01 15:53:59 - [TEST_STEP][PASSED] - pages.WriteExcel.demoKey(resText, datText, resColumn, datCloumn, fileLoc, nameSheet, row): pages.WriteExcel.demoKey is PASSED

2023-11-01 15:53:59 - [MESSAGE][PASSED] - pages.WriteExcel.demoKey is PASSED]]></system-out>
         <system-err><![CDATA[]]></system-err>
      </testcase>
      <testcase name="Test Cases/RAD_TestCases/Negative_TestCases/JointFilerSSNnoMatch-NEW" time="40.401" classname="Test Cases/RAD_TestCases/Negative_TestCases/JointFilerSSNnoMatch-NEW" status="PASSED">
         <system-out><![CDATA[2023-11-01 15:53:59 - [TEST_CASE][PASSED] - Test Cases/RAD_TestCases/Negative_TestCases/JointFilerSSNnoMatch-NEW: Test Cases/RAD_TestCases/Negative_TestCases/JointFilerSSNnoMatch-NEW

2023-11-01 15:54:00 - [TEST_STEP][PASSED] - resText = "Fail": null

2023-11-01 15:54:00 - [TEST_STEP][PASSED] - resColumn = "Result": null

2023-11-01 15:54:00 - [TEST_STEP][PASSED] - datCloumn = "Date": null

2023-11-01 15:54:00 - [TEST_STEP][PASSED] - fileLoc = "KatalonData/RADTestData/JointFilerSSNnoMatch.xlsx": null

2023-11-01 15:54:00 - [TEST_STEP][PASSED] - nameSheet = "Sheet1": null

2023-11-01 15:54:00 - [TEST_STEP][PASSED] - dataFile = "RADTestData/JointFilerSSNnoMatch": null

2023-11-01 15:54:00 - [TEST_STEP][PASSED] - ExecuteTC = <not implemented yet for class: org.codehaus.groovy.ast.expr.EmptyExpression>: null

2023-11-01 15:54:00 - [TEST_STEP][PASSED] - Taxtype = <not implemented yet for class: org.codehaus.groovy.ast.expr.EmptyExpression>: null

2023-11-01 15:54:00 - [TEST_STEP][PASSED] - numOfRows = findTestData(dataFile).getRowNumbers(): null

2023-11-01 15:54:00 - [TEST_STEP][PASSED] - println("Number of Records: " + numOfRows): null

2023-11-01 15:54:00 - [TEST_STEP][PASSED] - for ([row = 1, row <= numOfRows, (row++)]): null

2023-11-01 15:54:00 - [TEST_STEP][PASSED] - ExecuteTC = findTestData(dataFile).getValue("Execute", row): null

2023-11-01 15:54:00 - [TEST_STEP][PASSED] - Taxtype = findTestData(dataFile).getValue("TaxType", row): null

2023-11-01 15:54:00 - [TEST_STEP][PASSED] - Paymenttype = findTestData(dataFile).getValue("PaymentType", row): null

2023-11-01 15:54:00 - [TEST_STEP][PASSED] - out.println("Value of Execute is : " + ExecuteTC): null

2023-11-01 15:54:00 - [TEST_STEP][PASSED] - if (ExecuteTC.equalsIgnoreCase("Y")): null

2023-11-01 15:54:00 - [TEST_STEP][PASSED] - out.println("Begin Record Number: " + row): null

2023-11-01 15:54:00 - [TEST_STEP][PASSED] - today = new java.util.Date(): null

2023-11-01 15:54:00 - [TEST_STEP][PASSED] - println(today): null

2023-11-01 15:54:00 - [TEST_STEP][PASSED] - datText = today: null

2023-11-01 15:54:00 - [TEST_STEP][PASSED] - Taxtype = findTestData(dataFile).getValue("TaxType", row): null

2023-11-01 15:54:00 - [TEST_STEP][PASSED] - out.println("Taxtype value is : " + Taxtype): null

2023-11-01 15:54:00 - [TEST_STEP][PASSED] - openBrowser(""): Browser is opened with url: ''

2023-11-01 15:54:00 - [MESSAGE][WARNING] - A browser is already opened. Closing browser and opening a new one

2023-11-01 15:54:01 - [MESSAGE][INFO] - Starting 'Chrome' driver

2023-11-01 15:54:01 - [MESSAGE][INFO] - User set preference: ['acceptInsecureCerts', 'true']

2023-11-01 15:54:01 - [MESSAGE][INFO] - Action delay is set to 0 milliseconds

2023-11-01 15:54:02 - [MESSAGE][PASSED] - Browser is opened with url: ''

2023-11-01 15:54:02 - [TEST_STEP][PASSED] - maximizeWindow(): Current window maximized

2023-11-01 15:54:02 - [MESSAGE][PASSED] - Current window maximized

2023-11-01 15:54:02 - [TEST_STEP][PASSED] - navigateToUrl(RADurl): Navigate to 'https://qa2.velocitypayment.com/client/rad/index.html' successfully

2023-11-01 15:54:04 - [MESSAGE][PASSED] - Navigate to 'https://qa2.velocitypayment.com/client/rad/index.html' successfully

2023-11-01 15:54:04 - [TEST_STEP][PASSED] - orPath_Landing = "Object Repository/RAD_Pages/Landing_Page": null

2023-11-01 15:54:04 - [TEST_STEP][PASSED] - orPath_TaxTypeFilingYear = "Object Repository/RAD_Pages/TaxTypeFilingYear_Page": null

2023-11-01 15:54:04 - [TEST_STEP][PASSED] - orPath_TaxPayer = "Object Repository/RAD_Pages/Taxpayer_Page": null

2023-11-01 15:54:04 - [TEST_STEP][PASSED] - orPath_AddressContact = "Object Repository/RAD_Pages/AddressAndContactInfo_Page": null

2023-11-01 15:54:04 - [TEST_STEP][PASSED] - orPath_FilingStatus = "Object Repository/RAD_Pages/FilingStatus_Page": null

2023-11-01 15:54:04 - [TEST_STEP][PASSED] - orPath_Amount = "Object Repository/RAD_Pages/PaymentAmount_Page": null

2023-11-01 15:54:04 - [TEST_STEP][PASSED] - orPath_TaxInfo = "Object Repository/RAD_Pages/TaxInfo_Page": null

2023-11-01 15:54:04 - [TEST_STEP][PASSED] - selectOptionByLabel(findTestObject(orPath_Landing + "/dd_TaxType"), Paymenttype, false): All options with label 'Quarterly Estimated Tax' are selected in object 'Object Repository/RAD_Pages/Landing_Page/dd_TaxType' 

2023-11-01 15:54:05 - [MESSAGE][PASSED] - All options with label 'Quarterly Estimated Tax' are selected in object 'Object Repository/RAD_Pages/Landing_Page/dd_TaxType' 

2023-11-01 15:54:05 - [TEST_STEP][PASSED] - delay(1): Delayed 1 second(s)

2023-11-01 15:54:06 - [MESSAGE][PASSED] - Delayed 1 second(s)

2023-11-01 15:54:06 - [TEST_STEP][PASSED] - switch (Paymenttype): null

2023-11-01 15:54:06 - [TEST_STEP][PASSED] - case "Quarterly Estimated Tax":: null

2023-11-01 15:54:06 - [TEST_STEP][PASSED] - selectOptionByLabel(findTestObject(orPath_TaxTypeFilingYear + "/select_PaymentType"), Taxtype, false): All options with label 'Personal Income Tax' are selected in object 'Object Repository/RAD_Pages/TaxTypeFilingYear_Page/select_PaymentType' 

2023-11-01 15:54:06 - [MESSAGE][PASSED] - All options with label 'Personal Income Tax' are selected in object 'Object Repository/RAD_Pages/TaxTypeFilingYear_Page/select_PaymentType' 

2023-11-01 15:54:06 - [TEST_STEP][PASSED] - break: null

2023-11-01 15:54:06 - [TEST_STEP][PASSED] - delay(1): Delayed 1 second(s)

2023-11-01 15:54:07 - [MESSAGE][PASSED] - Delayed 1 second(s)

2023-11-01 15:54:07 - [TEST_STEP][PASSED] - scrollToElement(findTestObject(orPath_Amount + "/input__paymentAmount"), 2, CONTINUE_ON_FAILURE): Scroll to object 'Object Repository/RAD_Pages/PaymentAmount_Page/input__paymentAmount' successfully

2023-11-01 15:54:08 - [MESSAGE][PASSED] - Scroll to object 'Object Repository/RAD_Pages/PaymentAmount_Page/input__paymentAmount' successfully

2023-11-01 15:54:08 - [TEST_STEP][PASSED] - waitForElementClickable(findTestObject(orPath_FilingStatus + "/input_userType_Joint"), 5): Object 'Object Repository/RAD_Pages/FilingStatus_Page/input_userType_Joint' is clickable

2023-11-01 15:54:08 - [MESSAGE][PASSED] - Object 'Object Repository/RAD_Pages/FilingStatus_Page/input_userType_Joint' is clickable

2023-11-01 15:54:08 - [TEST_STEP][PASSED] - click(findTestObject(orPath_FilingStatus + "/input_userType_Joint")): Object: 'Object Repository/RAD_Pages/FilingStatus_Page/input_userType_Joint' is clicked on

2023-11-01 15:54:09 - [MESSAGE][PASSED] - Object: 'Object Repository/RAD_Pages/FilingStatus_Page/input_userType_Joint' is clicked on

2023-11-01 15:54:09 - [TEST_STEP][PASSED] - setText(findTestObject("Object Repository/RAD_RecordAndPlay/input_JointFilerSSN"), "111116523"): Text '111116523' is set on object 'Object Repository/RAD_RecordAndPlay/input_JointFilerSSN'

2023-11-01 15:54:09 - [MESSAGE][PASSED] - Text '111116523' is set on object 'Object Repository/RAD_RecordAndPlay/input_JointFilerSSN'

2023-11-01 15:54:09 - [TEST_STEP][PASSED] - setText(findTestObject("Object Repository/RAD_RecordAndPlay/input_reTypeJointFilerSSN"), "222226523"): Text '222226523' is set on object 'Object Repository/RAD_RecordAndPlay/input_reTypeJointFilerSSN'

2023-11-01 15:54:10 - [MESSAGE][PASSED] - Text '222226523' is set on object 'Object Repository/RAD_RecordAndPlay/input_reTypeJointFilerSSN'

2023-11-01 15:54:10 - [TEST_STEP][PASSED] - setText(findTestObject(orPath_Amount + "/input__paymentAmount"), ""): Text '' is set on object 'Object Repository/RAD_Pages/PaymentAmount_Page/input__paymentAmount'

2023-11-01 15:54:11 - [MESSAGE][PASSED] - Text '' is set on object 'Object Repository/RAD_Pages/PaymentAmount_Page/input__paymentAmount'

2023-11-01 15:54:11 - [TEST_STEP][PASSED] - delay(2): Delayed 2 second(s)

2023-11-01 15:54:13 - [MESSAGE][PASSED] - Delayed 2 second(s)

2023-11-01 15:54:13 - [TEST_STEP][PASSED] - if (verifyTextPresent("The SSN and Re-type SSN do not match", true)): null

2023-11-01 15:54:13 - [MESSAGE][PASSED] - Text 'The SSN and Re-type SSN do not match' is present on page  using regular expression

2023-11-01 15:54:13 - [TEST_STEP][PASSED] - println("Joint Filer SSN Dont match text is present"): null

2023-11-01 15:54:13 - [TEST_STEP][PASSED] - out.println("Pass Record Number: " + row): null

2023-11-01 15:54:13 - [TEST_STEP][PASSED] - resText = "Pass": null

2023-11-01 15:54:13 - [TEST_STEP][PASSED] - pages.WriteExcel.demoKey(resText, datText, resColumn, datCloumn, fileLoc, nameSheet, row): pages.WriteExcel.demoKey is PASSED

2023-11-01 15:54:13 - [MESSAGE][PASSED] - pages.WriteExcel.demoKey is PASSED

2023-11-01 15:54:13 - [TEST_STEP][PASSED] - ExecuteTC = findTestData(dataFile).getValue("Execute", row): null

2023-11-01 15:54:13 - [TEST_STEP][PASSED] - Taxtype = findTestData(dataFile).getValue("TaxType", row): null

2023-11-01 15:54:13 - [TEST_STEP][PASSED] - Paymenttype = findTestData(dataFile).getValue("PaymentType", row): null

2023-11-01 15:54:13 - [TEST_STEP][PASSED] - out.println("Value of Execute is : " + ExecuteTC): null

2023-11-01 15:54:13 - [TEST_STEP][PASSED] - if (ExecuteTC.equalsIgnoreCase("Y")): null

2023-11-01 15:54:13 - [TEST_STEP][PASSED] - out.println("Begin Record Number: " + row): null

2023-11-01 15:54:13 - [TEST_STEP][PASSED] - today = new java.util.Date(): null

2023-11-01 15:54:13 - [TEST_STEP][PASSED] - println(today): null

2023-11-01 15:54:13 - [TEST_STEP][PASSED] - datText = today: null

2023-11-01 15:54:13 - [TEST_STEP][PASSED] - Taxtype = findTestData(dataFile).getValue("TaxType", row): null

2023-11-01 15:54:13 - [TEST_STEP][PASSED] - out.println("Taxtype value is : " + Taxtype): null

2023-11-01 15:54:13 - [TEST_STEP][PASSED] - openBrowser(""): Browser is opened with url: ''

2023-11-01 15:54:13 - [MESSAGE][WARNING] - A browser is already opened. Closing browser and opening a new one

2023-11-01 15:54:14 - [MESSAGE][INFO] - Starting 'Chrome' driver

2023-11-01 15:54:14 - [MESSAGE][INFO] - User set preference: ['acceptInsecureCerts', 'true']

2023-11-01 15:54:14 - [MESSAGE][INFO] - Action delay is set to 0 milliseconds

2023-11-01 15:54:16 - [MESSAGE][PASSED] - Browser is opened with url: ''

2023-11-01 15:54:16 - [TEST_STEP][PASSED] - maximizeWindow(): Current window maximized

2023-11-01 15:54:16 - [MESSAGE][PASSED] - Current window maximized

2023-11-01 15:54:16 - [TEST_STEP][PASSED] - navigateToUrl(RADurl): Navigate to 'https://qa2.velocitypayment.com/client/rad/index.html' successfully

2023-11-01 15:54:16 - [MESSAGE][PASSED] - Navigate to 'https://qa2.velocitypayment.com/client/rad/index.html' successfully

2023-11-01 15:54:16 - [TEST_STEP][PASSED] - orPath_Landing = "Object Repository/RAD_Pages/Landing_Page": null

2023-11-01 15:54:16 - [TEST_STEP][PASSED] - orPath_TaxTypeFilingYear = "Object Repository/RAD_Pages/TaxTypeFilingYear_Page": null

2023-11-01 15:54:16 - [TEST_STEP][PASSED] - orPath_TaxPayer = "Object Repository/RAD_Pages/Taxpayer_Page": null

2023-11-01 15:54:16 - [TEST_STEP][PASSED] - orPath_AddressContact = "Object Repository/RAD_Pages/AddressAndContactInfo_Page": null

2023-11-01 15:54:16 - [TEST_STEP][PASSED] - orPath_FilingStatus = "Object Repository/RAD_Pages/FilingStatus_Page": null

2023-11-01 15:54:16 - [TEST_STEP][PASSED] - orPath_Amount = "Object Repository/RAD_Pages/PaymentAmount_Page": null

2023-11-01 15:54:16 - [TEST_STEP][PASSED] - orPath_TaxInfo = "Object Repository/RAD_Pages/TaxInfo_Page": null

2023-11-01 15:54:16 - [TEST_STEP][PASSED] - selectOptionByLabel(findTestObject(orPath_Landing + "/dd_TaxType"), Paymenttype, false): All options with label 'Extension Payments' are selected in object 'Object Repository/RAD_Pages/Landing_Page/dd_TaxType' 

2023-11-01 15:54:18 - [MESSAGE][PASSED] - All options with label 'Extension Payments' are selected in object 'Object Repository/RAD_Pages/Landing_Page/dd_TaxType' 

2023-11-01 15:54:18 - [TEST_STEP][PASSED] - delay(1): Delayed 1 second(s)

2023-11-01 15:54:19 - [MESSAGE][PASSED] - Delayed 1 second(s)

2023-11-01 15:54:19 - [TEST_STEP][PASSED] - switch (Paymenttype): null

2023-11-01 15:54:19 - [TEST_STEP][PASSED] - case "Extension Payments":: null

2023-11-01 15:54:19 - [TEST_STEP][PASSED] - selectOptionByLabel(findTestObject(orPath_TaxTypeFilingYear + "/select_PaymentType"), Taxtype, false): All options with label 'Personal Income Tax' are selected in object 'Object Repository/RAD_Pages/TaxTypeFilingYear_Page/select_PaymentType' 

2023-11-01 15:54:20 - [MESSAGE][PASSED] - All options with label 'Personal Income Tax' are selected in object 'Object Repository/RAD_Pages/TaxTypeFilingYear_Page/select_PaymentType' 

2023-11-01 15:54:20 - [TEST_STEP][PASSED] - break: null

2023-11-01 15:54:20 - [TEST_STEP][PASSED] - delay(1): Delayed 1 second(s)

2023-11-01 15:54:21 - [MESSAGE][PASSED] - Delayed 1 second(s)

2023-11-01 15:54:21 - [TEST_STEP][PASSED] - scrollToElement(findTestObject(orPath_Amount + "/input__paymentAmount"), 2, CONTINUE_ON_FAILURE): Scroll to object 'Object Repository/RAD_Pages/PaymentAmount_Page/input__paymentAmount' successfully

2023-11-01 15:54:21 - [MESSAGE][PASSED] - Scroll to object 'Object Repository/RAD_Pages/PaymentAmount_Page/input__paymentAmount' successfully

2023-11-01 15:54:21 - [TEST_STEP][PASSED] - waitForElementClickable(findTestObject(orPath_FilingStatus + "/input_userType_Joint"), 5): Object 'Object Repository/RAD_Pages/FilingStatus_Page/input_userType_Joint' is clickable

2023-11-01 15:54:21 - [MESSAGE][PASSED] - Object 'Object Repository/RAD_Pages/FilingStatus_Page/input_userType_Joint' is clickable

2023-11-01 15:54:21 - [TEST_STEP][PASSED] - click(findTestObject(orPath_FilingStatus + "/input_userType_Joint")): Object: 'Object Repository/RAD_Pages/FilingStatus_Page/input_userType_Joint' is clicked on

2023-11-01 15:54:22 - [MESSAGE][PASSED] - Object: 'Object Repository/RAD_Pages/FilingStatus_Page/input_userType_Joint' is clicked on

2023-11-01 15:54:22 - [TEST_STEP][PASSED] - setText(findTestObject("Object Repository/RAD_RecordAndPlay/input_JointFilerSSN"), "111116523"): Text '111116523' is set on object 'Object Repository/RAD_RecordAndPlay/input_JointFilerSSN'

2023-11-01 15:54:22 - [MESSAGE][PASSED] - Text '111116523' is set on object 'Object Repository/RAD_RecordAndPlay/input_JointFilerSSN'

2023-11-01 15:54:22 - [TEST_STEP][PASSED] - setText(findTestObject("Object Repository/RAD_RecordAndPlay/input_reTypeJointFilerSSN"), "222226523"): Text '222226523' is set on object 'Object Repository/RAD_RecordAndPlay/input_reTypeJointFilerSSN'

2023-11-01 15:54:23 - [MESSAGE][PASSED] - Text '222226523' is set on object 'Object Repository/RAD_RecordAndPlay/input_reTypeJointFilerSSN'

2023-11-01 15:54:23 - [TEST_STEP][PASSED] - setText(findTestObject(orPath_Amount + "/input__paymentAmount"), ""): Text '' is set on object 'Object Repository/RAD_Pages/PaymentAmount_Page/input__paymentAmount'

2023-11-01 15:54:24 - [MESSAGE][PASSED] - Text '' is set on object 'Object Repository/RAD_Pages/PaymentAmount_Page/input__paymentAmount'

2023-11-01 15:54:24 - [TEST_STEP][PASSED] - delay(2): Delayed 2 second(s)

2023-11-01 15:54:26 - [MESSAGE][PASSED] - Delayed 2 second(s)

2023-11-01 15:54:26 - [TEST_STEP][PASSED] - if (verifyTextPresent("The SSN and Re-type SSN do not match", true)): null

2023-11-01 15:54:26 - [MESSAGE][PASSED] - Text 'The SSN and Re-type SSN do not match' is present on page  using regular expression

2023-11-01 15:54:26 - [TEST_STEP][PASSED] - println("Joint Filer SSN Dont match text is present"): null

2023-11-01 15:54:26 - [TEST_STEP][PASSED] - out.println("Pass Record Number: " + row): null

2023-11-01 15:54:26 - [TEST_STEP][PASSED] - resText = "Pass": null

2023-11-01 15:54:26 - [TEST_STEP][PASSED] - pages.WriteExcel.demoKey(resText, datText, resColumn, datCloumn, fileLoc, nameSheet, row): pages.WriteExcel.demoKey is PASSED

2023-11-01 15:54:26 - [MESSAGE][PASSED] - pages.WriteExcel.demoKey is PASSED

2023-11-01 15:54:26 - [TEST_STEP][PASSED] - ExecuteTC = findTestData(dataFile).getValue("Execute", row): null

2023-11-01 15:54:26 - [TEST_STEP][PASSED] - Taxtype = findTestData(dataFile).getValue("TaxType", row): null

2023-11-01 15:54:26 - [TEST_STEP][PASSED] - Paymenttype = findTestData(dataFile).getValue("PaymentType", row): null

2023-11-01 15:54:26 - [TEST_STEP][PASSED] - out.println("Value of Execute is : " + ExecuteTC): null

2023-11-01 15:54:26 - [TEST_STEP][PASSED] - if (ExecuteTC.equalsIgnoreCase("Y")): null

2023-11-01 15:54:26 - [TEST_STEP][PASSED] - out.println("Begin Record Number: " + row): null

2023-11-01 15:54:26 - [TEST_STEP][PASSED] - today = new java.util.Date(): null

2023-11-01 15:54:26 - [TEST_STEP][PASSED] - println(today): null

2023-11-01 15:54:26 - [TEST_STEP][PASSED] - datText = today: null

2023-11-01 15:54:26 - [TEST_STEP][PASSED] - Taxtype = findTestData(dataFile).getValue("TaxType", row): null

2023-11-01 15:54:27 - [TEST_STEP][PASSED] - out.println("Taxtype value is : " + Taxtype): null

2023-11-01 15:54:27 - [TEST_STEP][PASSED] - openBrowser(""): Browser is opened with url: ''

2023-11-01 15:54:27 - [MESSAGE][WARNING] - A browser is already opened. Closing browser and opening a new one

2023-11-01 15:54:27 - [MESSAGE][INFO] - Starting 'Chrome' driver

2023-11-01 15:54:27 - [MESSAGE][INFO] - User set preference: ['acceptInsecureCerts', 'true']

2023-11-01 15:54:27 - [MESSAGE][INFO] - Action delay is set to 0 milliseconds

2023-11-01 15:54:29 - [MESSAGE][PASSED] - Browser is opened with url: ''

2023-11-01 15:54:29 - [TEST_STEP][PASSED] - maximizeWindow(): Current window maximized

2023-11-01 15:54:29 - [MESSAGE][PASSED] - Current window maximized

2023-11-01 15:54:29 - [TEST_STEP][PASSED] - navigateToUrl(RADurl): Navigate to 'https://qa2.velocitypayment.com/client/rad/index.html' successfully

2023-11-01 15:54:29 - [MESSAGE][PASSED] - Navigate to 'https://qa2.velocitypayment.com/client/rad/index.html' successfully

2023-11-01 15:54:29 - [TEST_STEP][PASSED] - orPath_Landing = "Object Repository/RAD_Pages/Landing_Page": null

2023-11-01 15:54:29 - [TEST_STEP][PASSED] - orPath_TaxTypeFilingYear = "Object Repository/RAD_Pages/TaxTypeFilingYear_Page": null

2023-11-01 15:54:29 - [TEST_STEP][PASSED] - orPath_TaxPayer = "Object Repository/RAD_Pages/Taxpayer_Page": null

2023-11-01 15:54:29 - [TEST_STEP][PASSED] - orPath_AddressContact = "Object Repository/RAD_Pages/AddressAndContactInfo_Page": null

2023-11-01 15:54:29 - [TEST_STEP][PASSED] - orPath_FilingStatus = "Object Repository/RAD_Pages/FilingStatus_Page": null

2023-11-01 15:54:29 - [TEST_STEP][PASSED] - orPath_Amount = "Object Repository/RAD_Pages/PaymentAmount_Page": null

2023-11-01 15:54:29 - [TEST_STEP][PASSED] - orPath_TaxInfo = "Object Repository/RAD_Pages/TaxInfo_Page": null

2023-11-01 15:54:29 - [TEST_STEP][PASSED] - selectOptionByLabel(findTestObject(orPath_Landing + "/dd_TaxType"), Paymenttype, false): All options with label 'New Tax Return Amount Due' are selected in object 'Object Repository/RAD_Pages/Landing_Page/dd_TaxType' 

2023-11-01 15:54:31 - [MESSAGE][PASSED] - All options with label 'New Tax Return Amount Due' are selected in object 'Object Repository/RAD_Pages/Landing_Page/dd_TaxType' 

2023-11-01 15:54:31 - [TEST_STEP][PASSED] - delay(1): Delayed 1 second(s)

2023-11-01 15:54:32 - [MESSAGE][PASSED] - Delayed 1 second(s)

2023-11-01 15:54:32 - [TEST_STEP][PASSED] - switch (Paymenttype): null

2023-11-01 15:54:32 - [TEST_STEP][PASSED] - case "New Tax Return Amount Due":: null

2023-11-01 15:54:32 - [TEST_STEP][PASSED] - selectOptionByLabel(findTestObject("Object Repository/RAD_Pages/Landing_Page/select_NewTaxReturnAmountDue_TaxType"), Taxtype, false): All options with label 'Personal Income Tax' are selected in object 'Object Repository/RAD_Pages/Landing_Page/select_NewTaxReturnAmountDue_TaxType' 

2023-11-01 15:54:33 - [MESSAGE][PASSED] - All options with label 'Personal Income Tax' are selected in object 'Object Repository/RAD_Pages/Landing_Page/select_NewTaxReturnAmountDue_TaxType' 

2023-11-01 15:54:33 - [TEST_STEP][PASSED] - break: null

2023-11-01 15:54:33 - [TEST_STEP][PASSED] - delay(1): Delayed 1 second(s)

2023-11-01 15:54:34 - [MESSAGE][PASSED] - Delayed 1 second(s)

2023-11-01 15:54:34 - [TEST_STEP][PASSED] - scrollToElement(findTestObject(orPath_Amount + "/input__paymentAmount"), 2, CONTINUE_ON_FAILURE): Scroll to object 'Object Repository/RAD_Pages/PaymentAmount_Page/input__paymentAmount' successfully

2023-11-01 15:54:34 - [MESSAGE][PASSED] - Scroll to object 'Object Repository/RAD_Pages/PaymentAmount_Page/input__paymentAmount' successfully

2023-11-01 15:54:34 - [TEST_STEP][PASSED] - waitForElementClickable(findTestObject(orPath_FilingStatus + "/input_userType_Joint"), 5): Object 'Object Repository/RAD_Pages/FilingStatus_Page/input_userType_Joint' is clickable

2023-11-01 15:54:35 - [MESSAGE][PASSED] - Object 'Object Repository/RAD_Pages/FilingStatus_Page/input_userType_Joint' is clickable

2023-11-01 15:54:35 - [TEST_STEP][PASSED] - click(findTestObject(orPath_FilingStatus + "/input_userType_Joint")): Object: 'Object Repository/RAD_Pages/FilingStatus_Page/input_userType_Joint' is clicked on

2023-11-01 15:54:35 - [MESSAGE][PASSED] - Object: 'Object Repository/RAD_Pages/FilingStatus_Page/input_userType_Joint' is clicked on

2023-11-01 15:54:35 - [TEST_STEP][PASSED] - setText(findTestObject("Object Repository/RAD_RecordAndPlay/input_JointFilerSSN"), "111116523"): Text '111116523' is set on object 'Object Repository/RAD_RecordAndPlay/input_JointFilerSSN'

2023-11-01 15:54:35 - [MESSAGE][PASSED] - Text '111116523' is set on object 'Object Repository/RAD_RecordAndPlay/input_JointFilerSSN'

2023-11-01 15:54:35 - [TEST_STEP][PASSED] - setText(findTestObject("Object Repository/RAD_RecordAndPlay/input_reTypeJointFilerSSN"), "222226523"): Text '222226523' is set on object 'Object Repository/RAD_RecordAndPlay/input_reTypeJointFilerSSN'

2023-11-01 15:54:36 - [MESSAGE][PASSED] - Text '222226523' is set on object 'Object Repository/RAD_RecordAndPlay/input_reTypeJointFilerSSN'

2023-11-01 15:54:36 - [TEST_STEP][PASSED] - setText(findTestObject(orPath_Amount + "/input__paymentAmount"), ""): Text '' is set on object 'Object Repository/RAD_Pages/PaymentAmount_Page/input__paymentAmount'

2023-11-01 15:54:37 - [MESSAGE][PASSED] - Text '' is set on object 'Object Repository/RAD_Pages/PaymentAmount_Page/input__paymentAmount'

2023-11-01 15:54:37 - [TEST_STEP][PASSED] - delay(2): Delayed 2 second(s)

2023-11-01 15:54:39 - [MESSAGE][PASSED] - Delayed 2 second(s)

2023-11-01 15:54:39 - [TEST_STEP][PASSED] - if (verifyTextPresent("The SSN and Re-type SSN do not match", true)): null

2023-11-01 15:54:39 - [MESSAGE][PASSED] - Text 'The SSN and Re-type SSN do not match' is present on page  using regular expression

2023-11-01 15:54:39 - [TEST_STEP][PASSED] - println("Joint Filer SSN Dont match text is present"): null

2023-11-01 15:54:39 - [TEST_STEP][PASSED] - out.println("Pass Record Number: " + row): null

2023-11-01 15:54:39 - [TEST_STEP][PASSED] - resText = "Pass": null

2023-11-01 15:54:39 - [TEST_STEP][PASSED] - pages.WriteExcel.demoKey(resText, datText, resColumn, datCloumn, fileLoc, nameSheet, row): pages.WriteExcel.demoKey is PASSED

2023-11-01 15:54:40 - [MESSAGE][PASSED] - pages.WriteExcel.demoKey is PASSED]]></system-out>
         <system-err><![CDATA[]]></system-err>
      </testcase>
      <testcase name="Test Cases/RAD_TestCases/Negative_TestCases/JointFilerSSNmoreThan9Error" time="37.412" classname="Test Cases/RAD_TestCases/Negative_TestCases/JointFilerSSNmoreThan9Error" status="PASSED">
         <system-out><![CDATA[2023-11-01 15:54:40 - [TEST_CASE][PASSED] - Test Cases/RAD_TestCases/Negative_TestCases/JointFilerSSNmoreThan9Error: Test Cases/RAD_TestCases/Negative_TestCases/JointFilerSSNmoreThan9Error

2023-11-01 15:54:40 - [TEST_STEP][PASSED] - resText = "Fail": null

2023-11-01 15:54:40 - [TEST_STEP][PASSED] - resColumn = "Result": null

2023-11-01 15:54:40 - [TEST_STEP][PASSED] - datCloumn = "Date": null

2023-11-01 15:54:40 - [TEST_STEP][PASSED] - fileLoc = "KatalonData/RADTestData/JointFilerSSNmoreThan9Error.xlsx": null

2023-11-01 15:54:40 - [TEST_STEP][PASSED] - nameSheet = "Sheet1": null

2023-11-01 15:54:40 - [TEST_STEP][PASSED] - dataFile = "RADTestData/JointFilerSSNmoreThan9Error": null

2023-11-01 15:54:40 - [TEST_STEP][PASSED] - ExecuteTC = <not implemented yet for class: org.codehaus.groovy.ast.expr.EmptyExpression>: null

2023-11-01 15:54:40 - [TEST_STEP][PASSED] - Taxtype = <not implemented yet for class: org.codehaus.groovy.ast.expr.EmptyExpression>: null

2023-11-01 15:54:40 - [TEST_STEP][PASSED] - numOfRows = findTestData(dataFile).getRowNumbers(): null

2023-11-01 15:54:40 - [TEST_STEP][PASSED] - println("Number of Records: " + numOfRows): null

2023-11-01 15:54:40 - [TEST_STEP][PASSED] - for ([row = 1, row <= numOfRows, (row++)]): null

2023-11-01 15:54:40 - [TEST_STEP][PASSED] - ExecuteTC = findTestData(dataFile).getValue("Execute", row): null

2023-11-01 15:54:40 - [TEST_STEP][PASSED] - Taxtype = findTestData(dataFile).getValue("TaxType", row): null

2023-11-01 15:54:40 - [TEST_STEP][PASSED] - Paymenttype = findTestData(dataFile).getValue("PaymentType", row): null

2023-11-01 15:54:40 - [TEST_STEP][PASSED] - out.println("Value of Execute is : " + ExecuteTC): null

2023-11-01 15:54:40 - [TEST_STEP][PASSED] - if (ExecuteTC.equalsIgnoreCase("Y")): null

2023-11-01 15:54:40 - [TEST_STEP][PASSED] - out.println("Begin Record Number: " + row): null

2023-11-01 15:54:40 - [TEST_STEP][PASSED] - today = new java.util.Date(): null

2023-11-01 15:54:40 - [TEST_STEP][PASSED] - println(today): null

2023-11-01 15:54:40 - [TEST_STEP][PASSED] - datText = today: null

2023-11-01 15:54:40 - [TEST_STEP][PASSED] - Taxtype = findTestData(dataFile).getValue("TaxType", row): null

2023-11-01 15:54:40 - [TEST_STEP][PASSED] - out.println("Taxtype value is : " + Taxtype): null

2023-11-01 15:54:40 - [TEST_STEP][PASSED] - openBrowser(""): Browser is opened with url: ''

2023-11-01 15:54:40 - [MESSAGE][WARNING] - A browser is already opened. Closing browser and opening a new one

2023-11-01 15:54:41 - [MESSAGE][INFO] - Starting 'Chrome' driver

2023-11-01 15:54:41 - [MESSAGE][INFO] - User set preference: ['acceptInsecureCerts', 'true']

2023-11-01 15:54:41 - [MESSAGE][INFO] - Action delay is set to 0 milliseconds

2023-11-01 15:54:43 - [MESSAGE][PASSED] - Browser is opened with url: ''

2023-11-01 15:54:43 - [TEST_STEP][PASSED] - maximizeWindow(): Current window maximized

2023-11-01 15:54:43 - [MESSAGE][PASSED] - Current window maximized

2023-11-01 15:54:43 - [TEST_STEP][PASSED] - navigateToUrl(RADurl): Navigate to 'https://qa2.velocitypayment.com/client/rad/index.html' successfully

2023-11-01 15:54:44 - [MESSAGE][PASSED] - Navigate to 'https://qa2.velocitypayment.com/client/rad/index.html' successfully

2023-11-01 15:54:44 - [TEST_STEP][PASSED] - orPath_Landing = "Object Repository/RAD_Pages/Landing_Page": null

2023-11-01 15:54:44 - [TEST_STEP][PASSED] - orPath_TaxTypeFilingYear = "Object Repository/RAD_Pages/TaxTypeFilingYear_Page": null

2023-11-01 15:54:44 - [TEST_STEP][PASSED] - orPath_TaxPayer = "Object Repository/RAD_Pages/Taxpayer_Page": null

2023-11-01 15:54:44 - [TEST_STEP][PASSED] - orPath_AddressContact = "Object Repository/RAD_Pages/AddressAndContactInfo_Page": null

2023-11-01 15:54:44 - [TEST_STEP][PASSED] - orPath_FilingStatus = "Object Repository/RAD_Pages/FilingStatus_Page": null

2023-11-01 15:54:44 - [TEST_STEP][PASSED] - orPath_Amount = "Object Repository/RAD_Pages/PaymentAmount_Page": null

2023-11-01 15:54:44 - [TEST_STEP][PASSED] - orPath_TaxInfo = "Object Repository/RAD_Pages/TaxInfo_Page": null

2023-11-01 15:54:44 - [TEST_STEP][PASSED] - selectOptionByLabel(findTestObject(orPath_Landing + "/dd_TaxType"), Paymenttype, false): All options with label 'Quarterly Estimated Tax' are selected in object 'Object Repository/RAD_Pages/Landing_Page/dd_TaxType' 

2023-11-01 15:54:45 - [MESSAGE][PASSED] - All options with label 'Quarterly Estimated Tax' are selected in object 'Object Repository/RAD_Pages/Landing_Page/dd_TaxType' 

2023-11-01 15:54:45 - [TEST_STEP][PASSED] - delay(1): Delayed 1 second(s)

2023-11-01 15:54:46 - [MESSAGE][PASSED] - Delayed 1 second(s)

2023-11-01 15:54:46 - [TEST_STEP][PASSED] - switch (Paymenttype): null

2023-11-01 15:54:46 - [TEST_STEP][PASSED] - case "Quarterly Estimated Tax":: null

2023-11-01 15:54:46 - [TEST_STEP][PASSED] - selectOptionByLabel(findTestObject(orPath_TaxTypeFilingYear + "/select_PaymentType"), Taxtype, false): All options with label 'Personal Income Tax' are selected in object 'Object Repository/RAD_Pages/TaxTypeFilingYear_Page/select_PaymentType' 

2023-11-01 15:54:46 - [MESSAGE][PASSED] - All options with label 'Personal Income Tax' are selected in object 'Object Repository/RAD_Pages/TaxTypeFilingYear_Page/select_PaymentType' 

2023-11-01 15:54:46 - [TEST_STEP][PASSED] - break: null

2023-11-01 15:54:46 - [TEST_STEP][PASSED] - delay(1): Delayed 1 second(s)

2023-11-01 15:54:47 - [MESSAGE][PASSED] - Delayed 1 second(s)

2023-11-01 15:54:47 - [TEST_STEP][PASSED] - scrollToElement(findTestObject(orPath_Amount + "/input__paymentAmount"), 2, CONTINUE_ON_FAILURE): Scroll to object 'Object Repository/RAD_Pages/PaymentAmount_Page/input__paymentAmount' successfully

2023-11-01 15:54:48 - [MESSAGE][PASSED] - Scroll to object 'Object Repository/RAD_Pages/PaymentAmount_Page/input__paymentAmount' successfully

2023-11-01 15:54:48 - [TEST_STEP][PASSED] - waitForElementClickable(findTestObject(orPath_FilingStatus + "/input_userType_Joint"), 5): Object 'Object Repository/RAD_Pages/FilingStatus_Page/input_userType_Joint' is clickable

2023-11-01 15:54:48 - [MESSAGE][PASSED] - Object 'Object Repository/RAD_Pages/FilingStatus_Page/input_userType_Joint' is clickable

2023-11-01 15:54:48 - [TEST_STEP][PASSED] - click(findTestObject(orPath_FilingStatus + "/input_userType_Joint")): Object: 'Object Repository/RAD_Pages/FilingStatus_Page/input_userType_Joint' is clicked on

2023-11-01 15:54:49 - [MESSAGE][PASSED] - Object: 'Object Repository/RAD_Pages/FilingStatus_Page/input_userType_Joint' is clicked on

2023-11-01 15:54:49 - [TEST_STEP][PASSED] - setText(findTestObject("Object Repository/RAD_RecordAndPlay/input_JointFilerSSN"), "1111165230"): Text '1111165230' is set on object 'Object Repository/RAD_RecordAndPlay/input_JointFilerSSN'

2023-11-01 15:54:49 - [MESSAGE][PASSED] - Text '1111165230' is set on object 'Object Repository/RAD_RecordAndPlay/input_JointFilerSSN'

2023-11-01 15:54:49 - [TEST_STEP][PASSED] - setText(findTestObject(orPath_Amount + "/input__paymentAmount"), ""): Text '' is set on object 'Object Repository/RAD_Pages/PaymentAmount_Page/input__paymentAmount'

2023-11-01 15:54:50 - [MESSAGE][PASSED] - Text '' is set on object 'Object Repository/RAD_Pages/PaymentAmount_Page/input__paymentAmount'

2023-11-01 15:54:50 - [TEST_STEP][PASSED] - delay(2): Delayed 2 second(s)

2023-11-01 15:54:52 - [MESSAGE][PASSED] - Delayed 2 second(s)

2023-11-01 15:54:52 - [TEST_STEP][PASSED] - if (verifyTextPresent("Please enter a valid SSN with 9 digits", true)): null

2023-11-01 15:54:52 - [MESSAGE][PASSED] - Text 'Please enter a valid SSN with 9 digits' is present on page  using regular expression

2023-11-01 15:54:52 - [TEST_STEP][PASSED] - println("Please enter a valid SSN with 9 digits"): null

2023-11-01 15:54:52 - [TEST_STEP][PASSED] - out.println("Pass Record Number: " + row): null

2023-11-01 15:54:52 - [TEST_STEP][PASSED] - resText = "Pass": null

2023-11-01 15:54:52 - [TEST_STEP][PASSED] - pages.WriteExcel.demoKey(resText, datText, resColumn, datCloumn, fileLoc, nameSheet, row): pages.WriteExcel.demoKey is PASSED

2023-11-01 15:54:52 - [MESSAGE][PASSED] - pages.WriteExcel.demoKey is PASSED

2023-11-01 15:54:52 - [TEST_STEP][PASSED] - ExecuteTC = findTestData(dataFile).getValue("Execute", row): null

2023-11-01 15:54:52 - [TEST_STEP][PASSED] - Taxtype = findTestData(dataFile).getValue("TaxType", row): null

2023-11-01 15:54:52 - [TEST_STEP][PASSED] - Paymenttype = findTestData(dataFile).getValue("PaymentType", row): null

2023-11-01 15:54:52 - [TEST_STEP][PASSED] - out.println("Value of Execute is : " + ExecuteTC): null

2023-11-01 15:54:52 - [TEST_STEP][PASSED] - if (ExecuteTC.equalsIgnoreCase("Y")): null

2023-11-01 15:54:52 - [TEST_STEP][PASSED] - out.println("Begin Record Number: " + row): null

2023-11-01 15:54:52 - [TEST_STEP][PASSED] - today = new java.util.Date(): null

2023-11-01 15:54:52 - [TEST_STEP][PASSED] - println(today): null

2023-11-01 15:54:52 - [TEST_STEP][PASSED] - datText = today: null

2023-11-01 15:54:52 - [TEST_STEP][PASSED] - Taxtype = findTestData(dataFile).getValue("TaxType", row): null

2023-11-01 15:54:52 - [TEST_STEP][PASSED] - out.println("Taxtype value is : " + Taxtype): null

2023-11-01 15:54:52 - [TEST_STEP][PASSED] - openBrowser(""): Browser is opened with url: ''

2023-11-01 15:54:52 - [MESSAGE][WARNING] - A browser is already opened. Closing browser and opening a new one

2023-11-01 15:54:53 - [MESSAGE][INFO] - Starting 'Chrome' driver

2023-11-01 15:54:53 - [MESSAGE][INFO] - User set preference: ['acceptInsecureCerts', 'true']

2023-11-01 15:54:53 - [MESSAGE][INFO] - Action delay is set to 0 milliseconds

2023-11-01 15:54:55 - [MESSAGE][PASSED] - Browser is opened with url: ''

2023-11-01 15:54:55 - [TEST_STEP][PASSED] - maximizeWindow(): Current window maximized

2023-11-01 15:54:55 - [MESSAGE][PASSED] - Current window maximized

2023-11-01 15:54:55 - [TEST_STEP][PASSED] - navigateToUrl(RADurl): Navigate to 'https://qa2.velocitypayment.com/client/rad/index.html' successfully

2023-11-01 15:54:56 - [MESSAGE][PASSED] - Navigate to 'https://qa2.velocitypayment.com/client/rad/index.html' successfully

2023-11-01 15:54:56 - [TEST_STEP][PASSED] - orPath_Landing = "Object Repository/RAD_Pages/Landing_Page": null

2023-11-01 15:54:56 - [TEST_STEP][PASSED] - orPath_TaxTypeFilingYear = "Object Repository/RAD_Pages/TaxTypeFilingYear_Page": null

2023-11-01 15:54:56 - [TEST_STEP][PASSED] - orPath_TaxPayer = "Object Repository/RAD_Pages/Taxpayer_Page": null

2023-11-01 15:54:56 - [TEST_STEP][PASSED] - orPath_AddressContact = "Object Repository/RAD_Pages/AddressAndContactInfo_Page": null

2023-11-01 15:54:56 - [TEST_STEP][PASSED] - orPath_FilingStatus = "Object Repository/RAD_Pages/FilingStatus_Page": null

2023-11-01 15:54:56 - [TEST_STEP][PASSED] - orPath_Amount = "Object Repository/RAD_Pages/PaymentAmount_Page": null

2023-11-01 15:54:56 - [TEST_STEP][PASSED] - orPath_TaxInfo = "Object Repository/RAD_Pages/TaxInfo_Page": null

2023-11-01 15:54:56 - [TEST_STEP][PASSED] - selectOptionByLabel(findTestObject(orPath_Landing + "/dd_TaxType"), Paymenttype, false): All options with label 'Extension Payments' are selected in object 'Object Repository/RAD_Pages/Landing_Page/dd_TaxType' 

2023-11-01 15:54:57 - [MESSAGE][PASSED] - All options with label 'Extension Payments' are selected in object 'Object Repository/RAD_Pages/Landing_Page/dd_TaxType' 

2023-11-01 15:54:57 - [TEST_STEP][PASSED] - delay(1): Delayed 1 second(s)

2023-11-01 15:54:58 - [MESSAGE][PASSED] - Delayed 1 second(s)

2023-11-01 15:54:58 - [TEST_STEP][PASSED] - switch (Paymenttype): null

2023-11-01 15:54:58 - [TEST_STEP][PASSED] - case "Extension Payments":: null

2023-11-01 15:54:58 - [TEST_STEP][PASSED] - selectOptionByLabel(findTestObject(orPath_TaxTypeFilingYear + "/select_PaymentType"), Taxtype, false): All options with label 'Personal Income Tax' are selected in object 'Object Repository/RAD_Pages/TaxTypeFilingYear_Page/select_PaymentType' 

2023-11-01 15:54:59 - [MESSAGE][PASSED] - All options with label 'Personal Income Tax' are selected in object 'Object Repository/RAD_Pages/TaxTypeFilingYear_Page/select_PaymentType' 

2023-11-01 15:54:59 - [TEST_STEP][PASSED] - break: null

2023-11-01 15:54:59 - [TEST_STEP][PASSED] - delay(1): Delayed 1 second(s)

2023-11-01 15:55:00 - [MESSAGE][PASSED] - Delayed 1 second(s)

2023-11-01 15:55:00 - [TEST_STEP][PASSED] - scrollToElement(findTestObject(orPath_Amount + "/input__paymentAmount"), 2, CONTINUE_ON_FAILURE): Scroll to object 'Object Repository/RAD_Pages/PaymentAmount_Page/input__paymentAmount' successfully

2023-11-01 15:55:00 - [MESSAGE][PASSED] - Scroll to object 'Object Repository/RAD_Pages/PaymentAmount_Page/input__paymentAmount' successfully

2023-11-01 15:55:00 - [TEST_STEP][PASSED] - waitForElementClickable(findTestObject(orPath_FilingStatus + "/input_userType_Joint"), 5): Object 'Object Repository/RAD_Pages/FilingStatus_Page/input_userType_Joint' is clickable

2023-11-01 15:55:00 - [MESSAGE][PASSED] - Object 'Object Repository/RAD_Pages/FilingStatus_Page/input_userType_Joint' is clickable

2023-11-01 15:55:00 - [TEST_STEP][PASSED] - click(findTestObject(orPath_FilingStatus + "/input_userType_Joint")): Object: 'Object Repository/RAD_Pages/FilingStatus_Page/input_userType_Joint' is clicked on

2023-11-01 15:55:01 - [MESSAGE][PASSED] - Object: 'Object Repository/RAD_Pages/FilingStatus_Page/input_userType_Joint' is clicked on

2023-11-01 15:55:01 - [TEST_STEP][PASSED] - setText(findTestObject("Object Repository/RAD_RecordAndPlay/input_JointFilerSSN"), "1111165230"): Text '1111165230' is set on object 'Object Repository/RAD_RecordAndPlay/input_JointFilerSSN'

2023-11-01 15:55:01 - [MESSAGE][PASSED] - Text '1111165230' is set on object 'Object Repository/RAD_RecordAndPlay/input_JointFilerSSN'

2023-11-01 15:55:01 - [TEST_STEP][PASSED] - setText(findTestObject(orPath_Amount + "/input__paymentAmount"), ""): Text '' is set on object 'Object Repository/RAD_Pages/PaymentAmount_Page/input__paymentAmount'

2023-11-01 15:55:02 - [MESSAGE][PASSED] - Text '' is set on object 'Object Repository/RAD_Pages/PaymentAmount_Page/input__paymentAmount'

2023-11-01 15:55:02 - [TEST_STEP][PASSED] - delay(2): Delayed 2 second(s)

2023-11-01 15:55:04 - [MESSAGE][PASSED] - Delayed 2 second(s)

2023-11-01 15:55:04 - [TEST_STEP][PASSED] - if (verifyTextPresent("Please enter a valid SSN with 9 digits", true)): null

2023-11-01 15:55:04 - [MESSAGE][PASSED] - Text 'Please enter a valid SSN with 9 digits' is present on page  using regular expression

2023-11-01 15:55:04 - [TEST_STEP][PASSED] - println("Please enter a valid SSN with 9 digits"): null

2023-11-01 15:55:04 - [TEST_STEP][PASSED] - out.println("Pass Record Number: " + row): null

2023-11-01 15:55:04 - [TEST_STEP][PASSED] - resText = "Pass": null

2023-11-01 15:55:04 - [TEST_STEP][PASSED] - pages.WriteExcel.demoKey(resText, datText, resColumn, datCloumn, fileLoc, nameSheet, row): pages.WriteExcel.demoKey is PASSED

2023-11-01 15:55:05 - [MESSAGE][PASSED] - pages.WriteExcel.demoKey is PASSED

2023-11-01 15:55:05 - [TEST_STEP][PASSED] - ExecuteTC = findTestData(dataFile).getValue("Execute", row): null

2023-11-01 15:55:05 - [TEST_STEP][PASSED] - Taxtype = findTestData(dataFile).getValue("TaxType", row): null

2023-11-01 15:55:05 - [TEST_STEP][PASSED] - Paymenttype = findTestData(dataFile).getValue("PaymentType", row): null

2023-11-01 15:55:05 - [TEST_STEP][PASSED] - out.println("Value of Execute is : " + ExecuteTC): null

2023-11-01 15:55:05 - [TEST_STEP][PASSED] - if (ExecuteTC.equalsIgnoreCase("Y")): null

2023-11-01 15:55:05 - [TEST_STEP][PASSED] - out.println("Begin Record Number: " + row): null

2023-11-01 15:55:05 - [TEST_STEP][PASSED] - today = new java.util.Date(): null

2023-11-01 15:55:05 - [TEST_STEP][PASSED] - println(today): null

2023-11-01 15:55:05 - [TEST_STEP][PASSED] - datText = today: null

2023-11-01 15:55:05 - [TEST_STEP][PASSED] - Taxtype = findTestData(dataFile).getValue("TaxType", row): null

2023-11-01 15:55:05 - [TEST_STEP][PASSED] - out.println("Taxtype value is : " + Taxtype): null

2023-11-01 15:55:05 - [TEST_STEP][PASSED] - openBrowser(""): Browser is opened with url: ''

2023-11-01 15:55:05 - [MESSAGE][WARNING] - A browser is already opened. Closing browser and opening a new one

2023-11-01 15:55:06 - [MESSAGE][INFO] - Starting 'Chrome' driver

2023-11-01 15:55:06 - [MESSAGE][INFO] - User set preference: ['acceptInsecureCerts', 'true']

2023-11-01 15:55:06 - [MESSAGE][INFO] - Action delay is set to 0 milliseconds

2023-11-01 15:55:07 - [MESSAGE][PASSED] - Browser is opened with url: ''

2023-11-01 15:55:07 - [TEST_STEP][PASSED] - maximizeWindow(): Current window maximized

2023-11-01 15:55:07 - [MESSAGE][PASSED] - Current window maximized

2023-11-01 15:55:07 - [TEST_STEP][PASSED] - navigateToUrl(RADurl): Navigate to 'https://qa2.velocitypayment.com/client/rad/index.html' successfully

2023-11-01 15:55:09 - [MESSAGE][PASSED] - Navigate to 'https://qa2.velocitypayment.com/client/rad/index.html' successfully

2023-11-01 15:55:09 - [TEST_STEP][PASSED] - orPath_Landing = "Object Repository/RAD_Pages/Landing_Page": null

2023-11-01 15:55:09 - [TEST_STEP][PASSED] - orPath_TaxTypeFilingYear = "Object Repository/RAD_Pages/TaxTypeFilingYear_Page": null

2023-11-01 15:55:09 - [TEST_STEP][PASSED] - orPath_TaxPayer = "Object Repository/RAD_Pages/Taxpayer_Page": null

2023-11-01 15:55:09 - [TEST_STEP][PASSED] - orPath_AddressContact = "Object Repository/RAD_Pages/AddressAndContactInfo_Page": null

2023-11-01 15:55:09 - [TEST_STEP][PASSED] - orPath_FilingStatus = "Object Repository/RAD_Pages/FilingStatus_Page": null

2023-11-01 15:55:09 - [TEST_STEP][PASSED] - orPath_Amount = "Object Repository/RAD_Pages/PaymentAmount_Page": null

2023-11-01 15:55:09 - [TEST_STEP][PASSED] - orPath_TaxInfo = "Object Repository/RAD_Pages/TaxInfo_Page": null

2023-11-01 15:55:09 - [TEST_STEP][PASSED] - selectOptionByLabel(findTestObject(orPath_Landing + "/dd_TaxType"), Paymenttype, false): All options with label 'New Tax Return Amount Due' are selected in object 'Object Repository/RAD_Pages/Landing_Page/dd_TaxType' 

2023-11-01 15:55:10 - [MESSAGE][PASSED] - All options with label 'New Tax Return Amount Due' are selected in object 'Object Repository/RAD_Pages/Landing_Page/dd_TaxType' 

2023-11-01 15:55:10 - [TEST_STEP][PASSED] - delay(1): Delayed 1 second(s)

2023-11-01 15:55:11 - [MESSAGE][PASSED] - Delayed 1 second(s)

2023-11-01 15:55:11 - [TEST_STEP][PASSED] - switch (Paymenttype): null

2023-11-01 15:55:11 - [TEST_STEP][PASSED] - case "New Tax Return Amount Due":: null

2023-11-01 15:55:11 - [TEST_STEP][PASSED] - selectOptionByLabel(findTestObject("Object Repository/RAD_Pages/Landing_Page/select_NewTaxReturnAmountDue_TaxType"), Taxtype, false): All options with label 'Personal Income Tax' are selected in object 'Object Repository/RAD_Pages/Landing_Page/select_NewTaxReturnAmountDue_TaxType' 

2023-11-01 15:55:11 - [MESSAGE][PASSED] - All options with label 'Personal Income Tax' are selected in object 'Object Repository/RAD_Pages/Landing_Page/select_NewTaxReturnAmountDue_TaxType' 

2023-11-01 15:55:11 - [TEST_STEP][PASSED] - break: null

2023-11-01 15:55:11 - [TEST_STEP][PASSED] - delay(1): Delayed 1 second(s)

2023-11-01 15:55:12 - [MESSAGE][PASSED] - Delayed 1 second(s)

2023-11-01 15:55:12 - [TEST_STEP][PASSED] - scrollToElement(findTestObject(orPath_Amount + "/input__paymentAmount"), 2, CONTINUE_ON_FAILURE): Scroll to object 'Object Repository/RAD_Pages/PaymentAmount_Page/input__paymentAmount' successfully

2023-11-01 15:55:12 - [MESSAGE][PASSED] - Scroll to object 'Object Repository/RAD_Pages/PaymentAmount_Page/input__paymentAmount' successfully

2023-11-01 15:55:12 - [TEST_STEP][PASSED] - waitForElementClickable(findTestObject(orPath_FilingStatus + "/input_userType_Joint"), 5): Object 'Object Repository/RAD_Pages/FilingStatus_Page/input_userType_Joint' is clickable

2023-11-01 15:55:13 - [MESSAGE][PASSED] - Object 'Object Repository/RAD_Pages/FilingStatus_Page/input_userType_Joint' is clickable

2023-11-01 15:55:13 - [TEST_STEP][PASSED] - click(findTestObject(orPath_FilingStatus + "/input_userType_Joint")): Object: 'Object Repository/RAD_Pages/FilingStatus_Page/input_userType_Joint' is clicked on

2023-11-01 15:55:13 - [MESSAGE][PASSED] - Object: 'Object Repository/RAD_Pages/FilingStatus_Page/input_userType_Joint' is clicked on

2023-11-01 15:55:13 - [TEST_STEP][PASSED] - setText(findTestObject("Object Repository/RAD_RecordAndPlay/input_JointFilerSSN"), "1111165230"): Text '1111165230' is set on object 'Object Repository/RAD_RecordAndPlay/input_JointFilerSSN'

2023-11-01 15:55:14 - [MESSAGE][PASSED] - Text '1111165230' is set on object 'Object Repository/RAD_RecordAndPlay/input_JointFilerSSN'

2023-11-01 15:55:14 - [TEST_STEP][PASSED] - setText(findTestObject(orPath_Amount + "/input__paymentAmount"), ""): Text '' is set on object 'Object Repository/RAD_Pages/PaymentAmount_Page/input__paymentAmount'

2023-11-01 15:55:14 - [MESSAGE][PASSED] - Text '' is set on object 'Object Repository/RAD_Pages/PaymentAmount_Page/input__paymentAmount'

2023-11-01 15:55:14 - [TEST_STEP][PASSED] - delay(2): Delayed 2 second(s)

2023-11-01 15:55:16 - [MESSAGE][PASSED] - Delayed 2 second(s)

2023-11-01 15:55:16 - [TEST_STEP][PASSED] - if (verifyTextPresent("Please enter a valid SSN with 9 digits", true)): null

2023-11-01 15:55:17 - [MESSAGE][PASSED] - Text 'Please enter a valid SSN with 9 digits' is present on page  using regular expression

2023-11-01 15:55:17 - [TEST_STEP][PASSED] - println("Please enter a valid SSN with 9 digits"): null

2023-11-01 15:55:17 - [TEST_STEP][PASSED] - out.println("Pass Record Number: " + row): null

2023-11-01 15:55:17 - [TEST_STEP][PASSED] - resText = "Pass": null

2023-11-01 15:55:17 - [TEST_STEP][PASSED] - pages.WriteExcel.demoKey(resText, datText, resColumn, datCloumn, fileLoc, nameSheet, row): pages.WriteExcel.demoKey is PASSED

2023-11-01 15:55:17 - [MESSAGE][PASSED] - pages.WriteExcel.demoKey is PASSED]]></system-out>
         <system-err><![CDATA[]]></system-err>
      </testcase>
      <testcase name="Test Cases/RAD_TestCases/MRF_TestCases/Estimated_MRF_TC" time="103.067" classname="Test Cases/RAD_TestCases/MRF_TestCases/Estimated_MRF_TC" status="PASSED">
         <system-out><![CDATA[2023-11-01 15:55:17 - [TEST_CASE][PASSED] - Test Cases/RAD_TestCases/MRF_TestCases/Estimated_MRF_TC: Test Cases/RAD_TestCases/MRF_TestCases/Estimated_MRF_TC

2023-11-01 15:55:17 - [TEST_STEP][PASSED] - resText = "Fail": null

2023-11-01 15:55:17 - [TEST_STEP][PASSED] - resColumn = "Result": null

2023-11-01 15:55:17 - [TEST_STEP][PASSED] - datCloumn = "Date": null

2023-11-01 15:55:17 - [TEST_STEP][PASSED] - fileLoc = "KatalonData/RADTestData/MRF.xlsx": null

2023-11-01 15:55:17 - [TEST_STEP][PASSED] - nameSheet = "Estimated": null

2023-11-01 15:55:17 - [TEST_STEP][PASSED] - dataFile = "RADTestData/MRF_Estimated": null

2023-11-01 15:55:17 - [TEST_STEP][PASSED] - orPath_Landing = "Object Repository/RAD_Pages/Landing_Page": null

2023-11-01 15:55:17 - [TEST_STEP][PASSED] - orPath_TaxTypeFilingYear = "Object Repository/RAD_Pages/TaxTypeFilingYear_Page": null

2023-11-01 15:55:17 - [TEST_STEP][PASSED] - orPath_Amount = "Object Repository/RAD_Pages/PaymentAmount_Page": null

2023-11-01 15:55:17 - [TEST_STEP][PASSED] - orPath_AddressContact = "Object Repository/RAD_Pages/AddressAndContactInfo_Page": null

2023-11-01 15:55:17 - [TEST_STEP][PASSED] - orPath_Summary = "Object Repository/RAD_Pages/Summary_Page": null

2023-11-01 15:55:17 - [TEST_STEP][PASSED] - orPath_PaymentConfirmation = "Object Repository/RAD_Pages/PaymentConfirmation_Page": null

2023-11-01 15:55:17 - [TEST_STEP][PASSED] - orPath_ServiceFeesAccept = "Object Repository/RAD_Pages/ServiceFeeAccept_Page": null

2023-11-01 15:55:17 - [TEST_STEP][PASSED] - orPath_PaymentEntry = "Object Repository/RAD_Pages/PaymentEntry_Page": null

2023-11-01 15:55:17 - [TEST_STEP][PASSED] - orPath_TaxPayer = "Object Repository/RAD_Pages/Taxpayer_Page": null

2023-11-01 15:55:17 - [TEST_STEP][PASSED] - orPath_FilingStatus = "Object Repository/RAD_Pages/FilingStatus_Page": null

2023-11-01 15:55:17 - [TEST_STEP][PASSED] - orPath_TaxInfo = "Object Repository/RAD_Pages/TaxInfo_Page": null

2023-11-01 15:55:17 - [TEST_STEP][PASSED] - ExecuteTC = <not implemented yet for class: org.codehaus.groovy.ast.expr.EmptyExpression>: null

2023-11-01 15:55:17 - [TEST_STEP][PASSED] - TaxType = <not implemented yet for class: org.codehaus.groovy.ast.expr.EmptyExpression>: null

2023-11-01 15:55:17 - [TEST_STEP][PASSED] - PaymentType = <not implemented yet for class: org.codehaus.groovy.ast.expr.EmptyExpression>: null

2023-11-01 15:55:17 - [TEST_STEP][PASSED] - FilingYear = <not implemented yet for class: org.codehaus.groovy.ast.expr.EmptyExpression>: null

2023-11-01 15:55:17 - [TEST_STEP][PASSED] - PeriodEndingMonth = <not implemented yet for class: org.codehaus.groovy.ast.expr.EmptyExpression>: null

2023-11-01 15:55:17 - [TEST_STEP][PASSED] - feinSSN = <not implemented yet for class: org.codehaus.groovy.ast.expr.EmptyExpression>: null

2023-11-01 15:55:17 - [TEST_STEP][PASSED] - numOfRows = findTestData(dataFile).getRowNumbers(): null

2023-11-01 15:55:17 - [TEST_STEP][PASSED] - println("Number of Records: " + numOfRows): null

2023-11-01 15:55:17 - [TEST_STEP][PASSED] - for ([row = 1, row <= numOfRows, (row++)]): pages.WriteExcel.demoKey is PASSED

2023-11-01 15:55:17 - [TEST_STEP][PASSED] - ExecuteTC = findTestData(dataFile).getValue("Execute", row): null

2023-11-01 15:55:18 - [TEST_STEP][PASSED] - TaxType = findTestData(dataFile).getValue("TaxType", row): null

2023-11-01 15:55:18 - [TEST_STEP][PASSED] - PaymentType = findTestData(dataFile).getValue("PaymentType", row): null

2023-11-01 15:55:18 - [TEST_STEP][PASSED] - FilingYear = findTestData(dataFile).getValue("Year", row): null

2023-11-01 15:55:18 - [TEST_STEP][PASSED] - PeriodEndingMonth = findTestData(dataFile).getValue("Month", row): null

2023-11-01 15:55:18 - [TEST_STEP][PASSED] - feinSSN = findTestData(dataFile).getValue("FeinSsn", row): null

2023-11-01 15:55:18 - [TEST_STEP][PASSED] - if (ExecuteTC.equalsIgnoreCase("Y")): pages.WriteExcel.demoKey is PASSED

2023-11-01 15:55:18 - [TEST_STEP][PASSED] - out.println("Begin Record Number: " + row): null

2023-11-01 15:55:18 - [TEST_STEP][PASSED] - today = new java.util.Date(): null

2023-11-01 15:55:18 - [TEST_STEP][PASSED] - println(today): null

2023-11-01 15:55:18 - [TEST_STEP][PASSED] - datText = today: null

2023-11-01 15:55:18 - [TEST_STEP][PASSED] - logInfo("Payment Type: Quarterly Estimated Tax"): Payment Type: Quarterly Estimated Tax

2023-11-01 15:55:18 - [MESSAGE][INFO] - Payment Type: Quarterly Estimated Tax

2023-11-01 15:55:18 - [TEST_STEP][PASSED] - logInfo("Tax Type: " + TaxType): Tax Type: Corporate Income Tax

2023-11-01 15:55:18 - [MESSAGE][INFO] - Tax Type: Corporate Income Tax

2023-11-01 15:55:18 - [TEST_STEP][PASSED] - openBrowser(""): Browser is opened with url: ''

2023-11-01 15:55:18 - [MESSAGE][WARNING] - A browser is already opened. Closing browser and opening a new one

2023-11-01 15:55:19 - [MESSAGE][INFO] - Starting 'Chrome' driver

2023-11-01 15:55:19 - [MESSAGE][INFO] - User set preference: ['acceptInsecureCerts', 'true']

2023-11-01 15:55:19 - [MESSAGE][INFO] - Action delay is set to 0 milliseconds

2023-11-01 15:55:20 - [MESSAGE][PASSED] - Browser is opened with url: ''

2023-11-01 15:55:20 - [TEST_STEP][PASSED] - maximizeWindow(): Current window maximized

2023-11-01 15:55:20 - [MESSAGE][PASSED] - Current window maximized

2023-11-01 15:55:20 - [TEST_STEP][PASSED] - navigateToUrl(RADurl): Navigate to 'https://qa2.velocitypayment.com/client/rad/index.html' successfully

2023-11-01 15:55:22 - [MESSAGE][PASSED] - Navigate to 'https://qa2.velocitypayment.com/client/rad/index.html' successfully

2023-11-01 15:55:22 - [TEST_STEP][PASSED] - selectOptionByLabel(findTestObject(orPath_Landing + "/dd_TaxType"), "Quarterly Estimated Tax", false): All options with label 'Quarterly Estimated Tax' are selected in object 'Object Repository/RAD_Pages/Landing_Page/dd_TaxType' 

2023-11-01 15:55:23 - [MESSAGE][PASSED] - All options with label 'Quarterly Estimated Tax' are selected in object 'Object Repository/RAD_Pages/Landing_Page/dd_TaxType' 

2023-11-01 15:55:23 - [TEST_STEP][PASSED] - selectOptionByLabel(findTestObject(orPath_TaxTypeFilingYear + "/select_PaymentType"), TaxType, false): All options with label 'Corporate Income Tax' are selected in object 'Object Repository/RAD_Pages/TaxTypeFilingYear_Page/select_PaymentType' 

2023-11-01 15:55:23 - [MESSAGE][PASSED] - All options with label 'Corporate Income Tax' are selected in object 'Object Repository/RAD_Pages/TaxTypeFilingYear_Page/select_PaymentType' 

2023-11-01 15:55:23 - [TEST_STEP][PASSED] - selectOptionByLabel(findTestObject(orPath_TaxTypeFilingYear + "/select_FilingYear"), FilingYear, false): All options with label '2023' are selected in object 'Object Repository/RAD_Pages/TaxTypeFilingYear_Page/select_FilingYear' 

2023-11-01 15:55:24 - [MESSAGE][PASSED] - All options with label '2023' are selected in object 'Object Repository/RAD_Pages/TaxTypeFilingYear_Page/select_FilingYear' 

2023-11-01 15:55:24 - [TEST_STEP][PASSED] - selectOptionByLabel(findTestObject(orPath_TaxTypeFilingYear + "/select_PeriodEnding"), PeriodEndingMonth, false): All options with label 'March' are selected in object 'Object Repository/RAD_Pages/TaxTypeFilingYear_Page/select_PeriodEnding' 

2023-11-01 15:55:25 - [MESSAGE][PASSED] - All options with label 'March' are selected in object 'Object Repository/RAD_Pages/TaxTypeFilingYear_Page/select_PeriodEnding' 

2023-11-01 15:55:25 - [TEST_STEP][PASSED] - setText(findTestObject(orPath_TaxPayer + "/input_businessName"), " "): Text ' ' is set on object 'Object Repository/RAD_Pages/Taxpayer_Page/input_businessName'

2023-11-01 15:55:25 - [MESSAGE][PASSED] - Text ' ' is set on object 'Object Repository/RAD_Pages/Taxpayer_Page/input_businessName'

2023-11-01 15:55:25 - [TEST_STEP][PASSED] - setText(findTestObject(orPath_TaxPayer + "/input_BusinessRepfirstName"), " "): Text ' ' is set on object 'Object Repository/RAD_Pages/Taxpayer_Page/input_BusinessRepfirstName'

2023-11-01 15:55:26 - [MESSAGE][PASSED] - Text ' ' is set on object 'Object Repository/RAD_Pages/Taxpayer_Page/input_BusinessRepfirstName'

2023-11-01 15:55:26 - [TEST_STEP][PASSED] - setText(findTestObject(orPath_TaxPayer + "/input_BusinessReplastName"), " "): Text ' ' is set on object 'Object Repository/RAD_Pages/Taxpayer_Page/input_BusinessReplastName'

2023-11-01 15:55:27 - [MESSAGE][PASSED] - Text ' ' is set on object 'Object Repository/RAD_Pages/Taxpayer_Page/input_BusinessReplastName'

2023-11-01 15:55:27 - [TEST_STEP][PASSED] - setText(findTestObject(orPath_AddressContact + "/input_streetAddress1"), " "): Text ' ' is set on object 'Object Repository/RAD_Pages/AddressAndContactInfo_Page/input_streetAddress1'

2023-11-01 15:55:27 - [MESSAGE][PASSED] - Text ' ' is set on object 'Object Repository/RAD_Pages/AddressAndContactInfo_Page/input_streetAddress1'

2023-11-01 15:55:27 - [TEST_STEP][PASSED] - setText(findTestObject(orPath_AddressContact + "/input_city"), " "): Text ' ' is set on object 'Object Repository/RAD_Pages/AddressAndContactInfo_Page/input_city'

2023-11-01 15:55:28 - [MESSAGE][PASSED] - Text ' ' is set on object 'Object Repository/RAD_Pages/AddressAndContactInfo_Page/input_city'

2023-11-01 15:55:28 - [TEST_STEP][PASSED] - setText(findTestObject(orPath_AddressContact + "/input_zipCode"), " "): Text ' ' is set on object 'Object Repository/RAD_Pages/AddressAndContactInfo_Page/input_zipCode'

2023-11-01 15:55:29 - [MESSAGE][PASSED] - Text ' ' is set on object 'Object Repository/RAD_Pages/AddressAndContactInfo_Page/input_zipCode'

2023-11-01 15:55:29 - [TEST_STEP][PASSED] - setText(findTestObject(orPath_AddressContact + "/input_phoneNumber"), " "): Text ' ' is set on object 'Object Repository/RAD_Pages/AddressAndContactInfo_Page/input_phoneNumber'

2023-11-01 15:55:30 - [MESSAGE][PASSED] - Text ' ' is set on object 'Object Repository/RAD_Pages/AddressAndContactInfo_Page/input_phoneNumber'

2023-11-01 15:55:30 - [TEST_STEP][PASSED] - setText(findTestObject(orPath_AddressContact + "/input_eMailAddress"), " "): Text ' ' is set on object 'Object Repository/RAD_Pages/AddressAndContactInfo_Page/input_eMailAddress'

2023-11-01 15:55:31 - [MESSAGE][PASSED] - Text ' ' is set on object 'Object Repository/RAD_Pages/AddressAndContactInfo_Page/input_eMailAddress'

2023-11-01 15:55:31 - [TEST_STEP][PASSED] - setText(findTestObject(orPath_AddressContact + "/input_reEnterEMailAddress"), " "): Text ' ' is set on object 'Object Repository/RAD_Pages/AddressAndContactInfo_Page/input_reEnterEMailAddress'

2023-11-01 15:55:31 - [MESSAGE][PASSED] - Text ' ' is set on object 'Object Repository/RAD_Pages/AddressAndContactInfo_Page/input_reEnterEMailAddress'

2023-11-01 15:55:31 - [TEST_STEP][PASSED] - resText = "Fail": null

2023-11-01 15:55:31 - [TEST_STEP][PASSED] - pages.WriteExcel.demoKey(resText, datText, resColumn, datCloumn, fileLoc, nameSheet, row): pages.WriteExcel.demoKey is PASSED

2023-11-01 15:55:32 - [MESSAGE][PASSED] - pages.WriteExcel.demoKey is PASSED

2023-11-01 15:55:32 - [TEST_STEP][PASSED] - verifyTextPresent("Enter business name", true, CONTINUE_ON_FAILURE): Text 'Enter business name' is present on page  using regular expression

2023-11-01 15:55:32 - [MESSAGE][PASSED] - Text 'Enter business name' is present on page  using regular expression

2023-11-01 15:55:32 - [TEST_STEP][PASSED] - verifyTextPresent("Enter business rep first name", true, CONTINUE_ON_FAILURE): Text 'Enter business rep first name' is present on page  using regular expression

2023-11-01 15:55:32 - [MESSAGE][PASSED] - Text 'Enter business rep first name' is present on page  using regular expression

2023-11-01 15:55:32 - [TEST_STEP][PASSED] - verifyTextPresent("Enter business rep last name", true, CONTINUE_ON_FAILURE): Text 'Enter business rep last name' is present on page  using regular expression

2023-11-01 15:55:33 - [MESSAGE][PASSED] - Text 'Enter business rep last name' is present on page  using regular expression

2023-11-01 15:55:33 - [TEST_STEP][PASSED] - verifyTextPresent("Enter address", true, CONTINUE_ON_FAILURE): Text 'Enter address' is present on page  using regular expression

2023-11-01 15:55:33 - [MESSAGE][PASSED] - Text 'Enter address' is present on page  using regular expression

2023-11-01 15:55:33 - [TEST_STEP][PASSED] - verifyTextPresent("Enter city", true, CONTINUE_ON_FAILURE): Text 'Enter city' is present on page  using regular expression

2023-11-01 15:55:33 - [MESSAGE][PASSED] - Text 'Enter city' is present on page  using regular expression

2023-11-01 15:55:33 - [TEST_STEP][PASSED] - verifyTextPresent("Enter ZIP code", true, CONTINUE_ON_FAILURE): Text 'Enter ZIP code' is present on page  using regular expression

2023-11-01 15:55:34 - [MESSAGE][PASSED] - Text 'Enter ZIP code' is present on page  using regular expression

2023-11-01 15:55:34 - [TEST_STEP][PASSED] - verifyTextPresent("Enter a valid phone number", true, CONTINUE_ON_FAILURE): Text 'Enter a valid phone number' is present on page  using regular expression

2023-11-01 15:55:34 - [MESSAGE][PASSED] - Text 'Enter a valid phone number' is present on page  using regular expression

2023-11-01 15:55:34 - [TEST_STEP][PASSED] - verifyTextPresent("Enter Email", true, CONTINUE_ON_FAILURE): Text 'Enter Email' is present on page  using regular expression

2023-11-01 15:55:35 - [MESSAGE][PASSED] - Text 'Enter Email' is present on page  using regular expression

2023-11-01 15:55:35 - [TEST_STEP][PASSED] - resText = "Pass": null

2023-11-01 15:55:35 - [TEST_STEP][PASSED] - pages.WriteExcel.demoKey(resText, datText, resColumn, datCloumn, fileLoc, nameSheet, row): pages.WriteExcel.demoKey is PASSED

2023-11-01 15:55:35 - [MESSAGE][PASSED] - pages.WriteExcel.demoKey is PASSED

2023-11-01 15:55:35 - [TEST_STEP][PASSED] - ExecuteTC = findTestData(dataFile).getValue("Execute", row): null

2023-11-01 15:55:35 - [TEST_STEP][PASSED] - TaxType = findTestData(dataFile).getValue("TaxType", row): null

2023-11-01 15:55:35 - [TEST_STEP][PASSED] - PaymentType = findTestData(dataFile).getValue("PaymentType", row): null

2023-11-01 15:55:35 - [TEST_STEP][PASSED] - FilingYear = findTestData(dataFile).getValue("Year", row): null

2023-11-01 15:55:35 - [TEST_STEP][PASSED] - PeriodEndingMonth = findTestData(dataFile).getValue("Month", row): null

2023-11-01 15:55:35 - [TEST_STEP][PASSED] - feinSSN = findTestData(dataFile).getValue("FeinSsn", row): null

2023-11-01 15:55:35 - [TEST_STEP][PASSED] - if (ExecuteTC.equalsIgnoreCase("Y")): pages.WriteExcel.demoKey is PASSED

2023-11-01 15:55:35 - [TEST_STEP][PASSED] - out.println("Begin Record Number: " + row): null

2023-11-01 15:55:35 - [TEST_STEP][PASSED] - today = new java.util.Date(): null

2023-11-01 15:55:35 - [TEST_STEP][PASSED] - println(today): null

2023-11-01 15:55:35 - [TEST_STEP][PASSED] - datText = today: null

2023-11-01 15:55:35 - [TEST_STEP][PASSED] - logInfo("Payment Type: Quarterly Estimated Tax"): Payment Type: Quarterly Estimated Tax

2023-11-01 15:55:35 - [MESSAGE][INFO] - Payment Type: Quarterly Estimated Tax

2023-11-01 15:55:35 - [TEST_STEP][PASSED] - logInfo("Tax Type: " + TaxType): Tax Type: Fiduciary Tax

2023-11-01 15:55:35 - [MESSAGE][INFO] - Tax Type: Fiduciary Tax

2023-11-01 15:55:35 - [TEST_STEP][PASSED] - openBrowser(""): Browser is opened with url: ''

2023-11-01 15:55:35 - [MESSAGE][WARNING] - A browser is already opened. Closing browser and opening a new one

2023-11-01 15:55:36 - [MESSAGE][INFO] - Starting 'Chrome' driver

2023-11-01 15:55:36 - [MESSAGE][INFO] - User set preference: ['acceptInsecureCerts', 'true']

2023-11-01 15:55:36 - [MESSAGE][INFO] - Action delay is set to 0 milliseconds

2023-11-01 15:55:38 - [MESSAGE][PASSED] - Browser is opened with url: ''

2023-11-01 15:55:38 - [TEST_STEP][PASSED] - maximizeWindow(): Current window maximized

2023-11-01 15:55:38 - [MESSAGE][PASSED] - Current window maximized

2023-11-01 15:55:38 - [TEST_STEP][PASSED] - navigateToUrl(RADurl): Navigate to 'https://qa2.velocitypayment.com/client/rad/index.html' successfully

2023-11-01 15:55:38 - [MESSAGE][PASSED] - Navigate to 'https://qa2.velocitypayment.com/client/rad/index.html' successfully

2023-11-01 15:55:38 - [TEST_STEP][PASSED] - selectOptionByLabel(findTestObject(orPath_Landing + "/dd_TaxType"), "Quarterly Estimated Tax", false): All options with label 'Quarterly Estimated Tax' are selected in object 'Object Repository/RAD_Pages/Landing_Page/dd_TaxType' 

2023-11-01 15:55:40 - [MESSAGE][PASSED] - All options with label 'Quarterly Estimated Tax' are selected in object 'Object Repository/RAD_Pages/Landing_Page/dd_TaxType' 

2023-11-01 15:55:40 - [TEST_STEP][PASSED] - selectOptionByLabel(findTestObject(orPath_TaxTypeFilingYear + "/select_PaymentType"), TaxType, false): All options with label 'Fiduciary Tax' are selected in object 'Object Repository/RAD_Pages/TaxTypeFilingYear_Page/select_PaymentType' 

2023-11-01 15:55:41 - [MESSAGE][PASSED] - All options with label 'Fiduciary Tax' are selected in object 'Object Repository/RAD_Pages/TaxTypeFilingYear_Page/select_PaymentType' 

2023-11-01 15:55:41 - [TEST_STEP][PASSED] - selectOptionByLabel(findTestObject(orPath_TaxTypeFilingYear + "/select_FilingYear"), FilingYear, false): All options with label '2023' are selected in object 'Object Repository/RAD_Pages/TaxTypeFilingYear_Page/select_FilingYear' 

2023-11-01 15:55:41 - [MESSAGE][PASSED] - All options with label '2023' are selected in object 'Object Repository/RAD_Pages/TaxTypeFilingYear_Page/select_FilingYear' 

2023-11-01 15:55:41 - [TEST_STEP][PASSED] - selectOptionByLabel(findTestObject(orPath_TaxTypeFilingYear + "/select_PeriodEnding"), PeriodEndingMonth, false): All options with label 'May' are selected in object 'Object Repository/RAD_Pages/TaxTypeFilingYear_Page/select_PeriodEnding' 

2023-11-01 15:55:42 - [MESSAGE][PASSED] - All options with label 'May' are selected in object 'Object Repository/RAD_Pages/TaxTypeFilingYear_Page/select_PeriodEnding' 

2023-11-01 15:55:42 - [TEST_STEP][PASSED] - setText(findTestObject(orPath_TaxPayer + "/input_businessName"), " "): Text ' ' is set on object 'Object Repository/RAD_Pages/Taxpayer_Page/input_businessName'

2023-11-01 15:55:43 - [MESSAGE][PASSED] - Text ' ' is set on object 'Object Repository/RAD_Pages/Taxpayer_Page/input_businessName'

2023-11-01 15:55:43 - [TEST_STEP][PASSED] - setText(findTestObject(orPath_TaxPayer + "/input_BusinessRepfirstName"), " "): Text ' ' is set on object 'Object Repository/RAD_Pages/Taxpayer_Page/input_BusinessRepfirstName'

2023-11-01 15:55:43 - [MESSAGE][PASSED] - Text ' ' is set on object 'Object Repository/RAD_Pages/Taxpayer_Page/input_BusinessRepfirstName'

2023-11-01 15:55:43 - [TEST_STEP][PASSED] - setText(findTestObject(orPath_TaxPayer + "/input_BusinessReplastName"), " "): Text ' ' is set on object 'Object Repository/RAD_Pages/Taxpayer_Page/input_BusinessReplastName'

2023-11-01 15:55:44 - [MESSAGE][PASSED] - Text ' ' is set on object 'Object Repository/RAD_Pages/Taxpayer_Page/input_BusinessReplastName'

2023-11-01 15:55:44 - [TEST_STEP][PASSED] - setText(findTestObject(orPath_AddressContact + "/input_streetAddress1"), " "): Text ' ' is set on object 'Object Repository/RAD_Pages/AddressAndContactInfo_Page/input_streetAddress1'

2023-11-01 15:55:45 - [MESSAGE][PASSED] - Text ' ' is set on object 'Object Repository/RAD_Pages/AddressAndContactInfo_Page/input_streetAddress1'

2023-11-01 15:55:45 - [TEST_STEP][PASSED] - setText(findTestObject(orPath_AddressContact + "/input_city"), " "): Text ' ' is set on object 'Object Repository/RAD_Pages/AddressAndContactInfo_Page/input_city'

2023-11-01 15:55:45 - [MESSAGE][PASSED] - Text ' ' is set on object 'Object Repository/RAD_Pages/AddressAndContactInfo_Page/input_city'

2023-11-01 15:55:45 - [TEST_STEP][PASSED] - setText(findTestObject(orPath_AddressContact + "/input_zipCode"), " "): Text ' ' is set on object 'Object Repository/RAD_Pages/AddressAndContactInfo_Page/input_zipCode'

2023-11-01 15:55:46 - [MESSAGE][PASSED] - Text ' ' is set on object 'Object Repository/RAD_Pages/AddressAndContactInfo_Page/input_zipCode'

2023-11-01 15:55:46 - [TEST_STEP][PASSED] - setText(findTestObject(orPath_AddressContact + "/input_phoneNumber"), " "): Text ' ' is set on object 'Object Repository/RAD_Pages/AddressAndContactInfo_Page/input_phoneNumber'

2023-11-01 15:55:47 - [MESSAGE][PASSED] - Text ' ' is set on object 'Object Repository/RAD_Pages/AddressAndContactInfo_Page/input_phoneNumber'

2023-11-01 15:55:47 - [TEST_STEP][PASSED] - setText(findTestObject(orPath_AddressContact + "/input_eMailAddress"), " "): Text ' ' is set on object 'Object Repository/RAD_Pages/AddressAndContactInfo_Page/input_eMailAddress'

2023-11-01 15:55:48 - [MESSAGE][PASSED] - Text ' ' is set on object 'Object Repository/RAD_Pages/AddressAndContactInfo_Page/input_eMailAddress'

2023-11-01 15:55:48 - [TEST_STEP][PASSED] - setText(findTestObject(orPath_AddressContact + "/input_reEnterEMailAddress"), " "): Text ' ' is set on object 'Object Repository/RAD_Pages/AddressAndContactInfo_Page/input_reEnterEMailAddress'

2023-11-01 15:55:48 - [MESSAGE][PASSED] - Text ' ' is set on object 'Object Repository/RAD_Pages/AddressAndContactInfo_Page/input_reEnterEMailAddress'

2023-11-01 15:55:48 - [TEST_STEP][PASSED] - resText = "Fail": null

2023-11-01 15:55:48 - [TEST_STEP][PASSED] - pages.WriteExcel.demoKey(resText, datText, resColumn, datCloumn, fileLoc, nameSheet, row): pages.WriteExcel.demoKey is PASSED

2023-11-01 15:55:49 - [MESSAGE][PASSED] - pages.WriteExcel.demoKey is PASSED

2023-11-01 15:55:49 - [TEST_STEP][PASSED] - verifyTextPresent("Enter business name", true, CONTINUE_ON_FAILURE): Text 'Enter business name' is present on page  using regular expression

2023-11-01 15:55:49 - [MESSAGE][PASSED] - Text 'Enter business name' is present on page  using regular expression

2023-11-01 15:55:49 - [TEST_STEP][PASSED] - verifyTextPresent("Enter business rep first name", true, CONTINUE_ON_FAILURE): Text 'Enter business rep first name' is present on page  using regular expression

2023-11-01 15:55:49 - [MESSAGE][PASSED] - Text 'Enter business rep first name' is present on page  using regular expression

2023-11-01 15:55:49 - [TEST_STEP][PASSED] - verifyTextPresent("Enter business rep last name", true, CONTINUE_ON_FAILURE): Text 'Enter business rep last name' is present on page  using regular expression

2023-11-01 15:55:50 - [MESSAGE][PASSED] - Text 'Enter business rep last name' is present on page  using regular expression

2023-11-01 15:55:50 - [TEST_STEP][PASSED] - verifyTextPresent("Enter address", true, CONTINUE_ON_FAILURE): Text 'Enter address' is present on page  using regular expression

2023-11-01 15:55:50 - [MESSAGE][PASSED] - Text 'Enter address' is present on page  using regular expression

2023-11-01 15:55:50 - [TEST_STEP][PASSED] - verifyTextPresent("Enter city", true, CONTINUE_ON_FAILURE): Text 'Enter city' is present on page  using regular expression

2023-11-01 15:55:50 - [MESSAGE][PASSED] - Text 'Enter city' is present on page  using regular expression

2023-11-01 15:55:50 - [TEST_STEP][PASSED] - verifyTextPresent("Enter ZIP code", true, CONTINUE_ON_FAILURE): Text 'Enter ZIP code' is present on page  using regular expression

2023-11-01 15:55:51 - [MESSAGE][PASSED] - Text 'Enter ZIP code' is present on page  using regular expression

2023-11-01 15:55:51 - [TEST_STEP][PASSED] - verifyTextPresent("Enter a valid phone number", true, CONTINUE_ON_FAILURE): Text 'Enter a valid phone number' is present on page  using regular expression

2023-11-01 15:55:51 - [MESSAGE][PASSED] - Text 'Enter a valid phone number' is present on page  using regular expression

2023-11-01 15:55:51 - [TEST_STEP][PASSED] - verifyTextPresent("Enter Email", true, CONTINUE_ON_FAILURE): Text 'Enter Email' is present on page  using regular expression

2023-11-01 15:55:52 - [MESSAGE][PASSED] - Text 'Enter Email' is present on page  using regular expression

2023-11-01 15:55:52 - [TEST_STEP][PASSED] - resText = "Pass": null

2023-11-01 15:55:52 - [TEST_STEP][PASSED] - pages.WriteExcel.demoKey(resText, datText, resColumn, datCloumn, fileLoc, nameSheet, row): pages.WriteExcel.demoKey is PASSED

2023-11-01 15:55:52 - [MESSAGE][PASSED] - pages.WriteExcel.demoKey is PASSED

2023-11-01 15:55:52 - [TEST_STEP][PASSED] - ExecuteTC = findTestData(dataFile).getValue("Execute", row): null

2023-11-01 15:55:52 - [TEST_STEP][PASSED] - TaxType = findTestData(dataFile).getValue("TaxType", row): null

2023-11-01 15:55:52 - [TEST_STEP][PASSED] - PaymentType = findTestData(dataFile).getValue("PaymentType", row): null

2023-11-01 15:55:52 - [TEST_STEP][PASSED] - FilingYear = findTestData(dataFile).getValue("Year", row): null

2023-11-01 15:55:52 - [TEST_STEP][PASSED] - PeriodEndingMonth = findTestData(dataFile).getValue("Month", row): null

2023-11-01 15:55:52 - [TEST_STEP][PASSED] - feinSSN = findTestData(dataFile).getValue("FeinSsn", row): null

2023-11-01 15:55:52 - [TEST_STEP][PASSED] - if (ExecuteTC.equalsIgnoreCase("Y")): pages.WriteExcel.demoKey is PASSED

2023-11-01 15:55:52 - [TEST_STEP][PASSED] - out.println("Begin Record Number: " + row): null

2023-11-01 15:55:52 - [TEST_STEP][PASSED] - today = new java.util.Date(): null

2023-11-01 15:55:52 - [TEST_STEP][PASSED] - println(today): null

2023-11-01 15:55:52 - [TEST_STEP][PASSED] - datText = today: null

2023-11-01 15:55:52 - [TEST_STEP][PASSED] - logInfo("Payment Type: Quarterly Estimated Tax"): Payment Type: Quarterly Estimated Tax

2023-11-01 15:55:52 - [MESSAGE][INFO] - Payment Type: Quarterly Estimated Tax

2023-11-01 15:55:52 - [TEST_STEP][PASSED] - logInfo("Tax Type: " + TaxType): Tax Type: PTE Non-Electing Non-S Corp

2023-11-01 15:55:52 - [MESSAGE][INFO] - Tax Type: PTE Non-Electing Non-S Corp

2023-11-01 15:55:52 - [TEST_STEP][PASSED] - openBrowser(""): Browser is opened with url: ''

2023-11-01 15:55:52 - [MESSAGE][WARNING] - A browser is already opened. Closing browser and opening a new one

2023-11-01 15:55:53 - [MESSAGE][INFO] - Starting 'Chrome' driver

2023-11-01 15:55:53 - [MESSAGE][INFO] - User set preference: ['acceptInsecureCerts', 'true']

2023-11-01 15:55:53 - [MESSAGE][INFO] - Action delay is set to 0 milliseconds

2023-11-01 15:55:55 - [MESSAGE][PASSED] - Browser is opened with url: ''

2023-11-01 15:55:55 - [TEST_STEP][PASSED] - maximizeWindow(): Current window maximized

2023-11-01 15:55:55 - [MESSAGE][PASSED] - Current window maximized

2023-11-01 15:55:55 - [TEST_STEP][PASSED] - navigateToUrl(RADurl): Navigate to 'https://qa2.velocitypayment.com/client/rad/index.html' successfully

2023-11-01 15:55:55 - [MESSAGE][PASSED] - Navigate to 'https://qa2.velocitypayment.com/client/rad/index.html' successfully

2023-11-01 15:55:55 - [TEST_STEP][PASSED] - selectOptionByLabel(findTestObject(orPath_Landing + "/dd_TaxType"), "Quarterly Estimated Tax", false): All options with label 'Quarterly Estimated Tax' are selected in object 'Object Repository/RAD_Pages/Landing_Page/dd_TaxType' 

2023-11-01 15:55:57 - [MESSAGE][PASSED] - All options with label 'Quarterly Estimated Tax' are selected in object 'Object Repository/RAD_Pages/Landing_Page/dd_TaxType' 

2023-11-01 15:55:57 - [TEST_STEP][PASSED] - selectOptionByLabel(findTestObject(orPath_TaxTypeFilingYear + "/select_PaymentType"), TaxType, false): All options with label 'PTE Non-Electing Non-S Corp' are selected in object 'Object Repository/RAD_Pages/TaxTypeFilingYear_Page/select_PaymentType' 

2023-11-01 15:55:58 - [MESSAGE][PASSED] - All options with label 'PTE Non-Electing Non-S Corp' are selected in object 'Object Repository/RAD_Pages/TaxTypeFilingYear_Page/select_PaymentType' 

2023-11-01 15:55:58 - [TEST_STEP][PASSED] - selectOptionByLabel(findTestObject(orPath_TaxTypeFilingYear + "/select_FilingYear"), FilingYear, false): All options with label '2023' are selected in object 'Object Repository/RAD_Pages/TaxTypeFilingYear_Page/select_FilingYear' 

2023-11-01 15:55:58 - [MESSAGE][PASSED] - All options with label '2023' are selected in object 'Object Repository/RAD_Pages/TaxTypeFilingYear_Page/select_FilingYear' 

2023-11-01 15:55:58 - [TEST_STEP][PASSED] - selectOptionByLabel(findTestObject(orPath_TaxTypeFilingYear + "/select_PeriodEnding"), PeriodEndingMonth, false): All options with label 'August' are selected in object 'Object Repository/RAD_Pages/TaxTypeFilingYear_Page/select_PeriodEnding' 

2023-11-01 15:55:59 - [MESSAGE][PASSED] - All options with label 'August' are selected in object 'Object Repository/RAD_Pages/TaxTypeFilingYear_Page/select_PeriodEnding' 

2023-11-01 15:55:59 - [TEST_STEP][PASSED] - setText(findTestObject(orPath_TaxPayer + "/input_businessName"), " "): Text ' ' is set on object 'Object Repository/RAD_Pages/Taxpayer_Page/input_businessName'

2023-11-01 15:56:00 - [MESSAGE][PASSED] - Text ' ' is set on object 'Object Repository/RAD_Pages/Taxpayer_Page/input_businessName'

2023-11-01 15:56:00 - [TEST_STEP][PASSED] - setText(findTestObject(orPath_TaxPayer + "/input_BusinessRepfirstName"), " "): Text ' ' is set on object 'Object Repository/RAD_Pages/Taxpayer_Page/input_BusinessRepfirstName'

2023-11-01 15:56:00 - [MESSAGE][PASSED] - Text ' ' is set on object 'Object Repository/RAD_Pages/Taxpayer_Page/input_BusinessRepfirstName'

2023-11-01 15:56:00 - [TEST_STEP][PASSED] - setText(findTestObject(orPath_TaxPayer + "/input_BusinessReplastName"), " "): Text ' ' is set on object 'Object Repository/RAD_Pages/Taxpayer_Page/input_BusinessReplastName'

2023-11-01 15:56:01 - [MESSAGE][PASSED] - Text ' ' is set on object 'Object Repository/RAD_Pages/Taxpayer_Page/input_BusinessReplastName'

2023-11-01 15:56:01 - [TEST_STEP][PASSED] - setText(findTestObject(orPath_AddressContact + "/input_streetAddress1"), " "): Text ' ' is set on object 'Object Repository/RAD_Pages/AddressAndContactInfo_Page/input_streetAddress1'

2023-11-01 15:56:02 - [MESSAGE][PASSED] - Text ' ' is set on object 'Object Repository/RAD_Pages/AddressAndContactInfo_Page/input_streetAddress1'

2023-11-01 15:56:02 - [TEST_STEP][PASSED] - setText(findTestObject(orPath_AddressContact + "/input_city"), " "): Text ' ' is set on object 'Object Repository/RAD_Pages/AddressAndContactInfo_Page/input_city'

2023-11-01 15:56:02 - [MESSAGE][PASSED] - Text ' ' is set on object 'Object Repository/RAD_Pages/AddressAndContactInfo_Page/input_city'

2023-11-01 15:56:02 - [TEST_STEP][PASSED] - setText(findTestObject(orPath_AddressContact + "/input_zipCode"), " "): Text ' ' is set on object 'Object Repository/RAD_Pages/AddressAndContactInfo_Page/input_zipCode'

2023-11-01 15:56:03 - [MESSAGE][PASSED] - Text ' ' is set on object 'Object Repository/RAD_Pages/AddressAndContactInfo_Page/input_zipCode'

2023-11-01 15:56:03 - [TEST_STEP][PASSED] - setText(findTestObject(orPath_AddressContact + "/input_phoneNumber"), " "): Text ' ' is set on object 'Object Repository/RAD_Pages/AddressAndContactInfo_Page/input_phoneNumber'

2023-11-01 15:56:04 - [MESSAGE][PASSED] - Text ' ' is set on object 'Object Repository/RAD_Pages/AddressAndContactInfo_Page/input_phoneNumber'

2023-11-01 15:56:04 - [TEST_STEP][PASSED] - setText(findTestObject(orPath_AddressContact + "/input_eMailAddress"), " "): Text ' ' is set on object 'Object Repository/RAD_Pages/AddressAndContactInfo_Page/input_eMailAddress'

2023-11-01 15:56:05 - [MESSAGE][PASSED] - Text ' ' is set on object 'Object Repository/RAD_Pages/AddressAndContactInfo_Page/input_eMailAddress'

2023-11-01 15:56:05 - [TEST_STEP][PASSED] - setText(findTestObject(orPath_AddressContact + "/input_reEnterEMailAddress"), " "): Text ' ' is set on object 'Object Repository/RAD_Pages/AddressAndContactInfo_Page/input_reEnterEMailAddress'

2023-11-01 15:56:05 - [MESSAGE][PASSED] - Text ' ' is set on object 'Object Repository/RAD_Pages/AddressAndContactInfo_Page/input_reEnterEMailAddress'

2023-11-01 15:56:05 - [TEST_STEP][PASSED] - resText = "Fail": null

2023-11-01 15:56:05 - [TEST_STEP][PASSED] - pages.WriteExcel.demoKey(resText, datText, resColumn, datCloumn, fileLoc, nameSheet, row): pages.WriteExcel.demoKey is PASSED

2023-11-01 15:56:06 - [MESSAGE][PASSED] - pages.WriteExcel.demoKey is PASSED

2023-11-01 15:56:06 - [TEST_STEP][PASSED] - verifyTextPresent("Enter business name", true, CONTINUE_ON_FAILURE): Text 'Enter business name' is present on page  using regular expression

2023-11-01 15:56:06 - [MESSAGE][PASSED] - Text 'Enter business name' is present on page  using regular expression

2023-11-01 15:56:06 - [TEST_STEP][PASSED] - verifyTextPresent("Enter business rep first name", true, CONTINUE_ON_FAILURE): Text 'Enter business rep first name' is present on page  using regular expression

2023-11-01 15:56:06 - [MESSAGE][PASSED] - Text 'Enter business rep first name' is present on page  using regular expression

2023-11-01 15:56:06 - [TEST_STEP][PASSED] - verifyTextPresent("Enter business rep last name", true, CONTINUE_ON_FAILURE): Text 'Enter business rep last name' is present on page  using regular expression

2023-11-01 15:56:07 - [MESSAGE][PASSED] - Text 'Enter business rep last name' is present on page  using regular expression

2023-11-01 15:56:07 - [TEST_STEP][PASSED] - verifyTextPresent("Enter address", true, CONTINUE_ON_FAILURE): Text 'Enter address' is present on page  using regular expression

2023-11-01 15:56:07 - [MESSAGE][PASSED] - Text 'Enter address' is present on page  using regular expression

2023-11-01 15:56:07 - [TEST_STEP][PASSED] - verifyTextPresent("Enter city", true, CONTINUE_ON_FAILURE): Text 'Enter city' is present on page  using regular expression

2023-11-01 15:56:07 - [MESSAGE][PASSED] - Text 'Enter city' is present on page  using regular expression

2023-11-01 15:56:07 - [TEST_STEP][PASSED] - verifyTextPresent("Enter ZIP code", true, CONTINUE_ON_FAILURE): Text 'Enter ZIP code' is present on page  using regular expression

2023-11-01 15:56:08 - [MESSAGE][PASSED] - Text 'Enter ZIP code' is present on page  using regular expression

2023-11-01 15:56:08 - [TEST_STEP][PASSED] - verifyTextPresent("Enter a valid phone number", true, CONTINUE_ON_FAILURE): Text 'Enter a valid phone number' is present on page  using regular expression

2023-11-01 15:56:08 - [MESSAGE][PASSED] - Text 'Enter a valid phone number' is present on page  using regular expression

2023-11-01 15:56:08 - [TEST_STEP][PASSED] - verifyTextPresent("Enter Email", true, CONTINUE_ON_FAILURE): Text 'Enter Email' is present on page  using regular expression

2023-11-01 15:56:09 - [MESSAGE][PASSED] - Text 'Enter Email' is present on page  using regular expression

2023-11-01 15:56:09 - [TEST_STEP][PASSED] - resText = "Pass": null

2023-11-01 15:56:09 - [TEST_STEP][PASSED] - pages.WriteExcel.demoKey(resText, datText, resColumn, datCloumn, fileLoc, nameSheet, row): pages.WriteExcel.demoKey is PASSED

2023-11-01 15:56:09 - [MESSAGE][PASSED] - pages.WriteExcel.demoKey is PASSED

2023-11-01 15:56:09 - [TEST_STEP][PASSED] - ExecuteTC = findTestData(dataFile).getValue("Execute", row): null

2023-11-01 15:56:09 - [TEST_STEP][PASSED] - TaxType = findTestData(dataFile).getValue("TaxType", row): null

2023-11-01 15:56:09 - [TEST_STEP][PASSED] - PaymentType = findTestData(dataFile).getValue("PaymentType", row): null

2023-11-01 15:56:09 - [TEST_STEP][PASSED] - FilingYear = findTestData(dataFile).getValue("Year", row): null

2023-11-01 15:56:09 - [TEST_STEP][PASSED] - PeriodEndingMonth = findTestData(dataFile).getValue("Month", row): null

2023-11-01 15:56:09 - [TEST_STEP][PASSED] - feinSSN = findTestData(dataFile).getValue("FeinSsn", row): null

2023-11-01 15:56:09 - [TEST_STEP][PASSED] - if (ExecuteTC.equalsIgnoreCase("Y")): pages.WriteExcel.demoKey is PASSED

2023-11-01 15:56:09 - [TEST_STEP][PASSED] - out.println("Begin Record Number: " + row): null

2023-11-01 15:56:09 - [TEST_STEP][PASSED] - today = new java.util.Date(): null

2023-11-01 15:56:09 - [TEST_STEP][PASSED] - println(today): null

2023-11-01 15:56:09 - [TEST_STEP][PASSED] - datText = today: null

2023-11-01 15:56:09 - [TEST_STEP][PASSED] - logInfo("Payment Type: Quarterly Estimated Tax"): Payment Type: Quarterly Estimated Tax

2023-11-01 15:56:09 - [MESSAGE][INFO] - Payment Type: Quarterly Estimated Tax

2023-11-01 15:56:09 - [TEST_STEP][PASSED] - logInfo("Tax Type: " + TaxType): Tax Type: PTE Non-Electing S Corp

2023-11-01 15:56:09 - [MESSAGE][INFO] - Tax Type: PTE Non-Electing S Corp

2023-11-01 15:56:09 - [TEST_STEP][PASSED] - openBrowser(""): Browser is opened with url: ''

2023-11-01 15:56:09 - [MESSAGE][WARNING] - A browser is already opened. Closing browser and opening a new one

2023-11-01 15:56:10 - [MESSAGE][INFO] - Starting 'Chrome' driver

2023-11-01 15:56:10 - [MESSAGE][INFO] - User set preference: ['acceptInsecureCerts', 'true']

2023-11-01 15:56:10 - [MESSAGE][INFO] - Action delay is set to 0 milliseconds

2023-11-01 15:56:12 - [MESSAGE][PASSED] - Browser is opened with url: ''

2023-11-01 15:56:12 - [TEST_STEP][PASSED] - maximizeWindow(): Current window maximized

2023-11-01 15:56:12 - [MESSAGE][PASSED] - Current window maximized

2023-11-01 15:56:12 - [TEST_STEP][PASSED] - navigateToUrl(RADurl): Navigate to 'https://qa2.velocitypayment.com/client/rad/index.html' successfully

2023-11-01 15:56:12 - [MESSAGE][PASSED] - Navigate to 'https://qa2.velocitypayment.com/client/rad/index.html' successfully

2023-11-01 15:56:12 - [TEST_STEP][PASSED] - selectOptionByLabel(findTestObject(orPath_Landing + "/dd_TaxType"), "Quarterly Estimated Tax", false): All options with label 'Quarterly Estimated Tax' are selected in object 'Object Repository/RAD_Pages/Landing_Page/dd_TaxType' 

2023-11-01 15:56:14 - [MESSAGE][PASSED] - All options with label 'Quarterly Estimated Tax' are selected in object 'Object Repository/RAD_Pages/Landing_Page/dd_TaxType' 

2023-11-01 15:56:14 - [TEST_STEP][PASSED] - selectOptionByLabel(findTestObject(orPath_TaxTypeFilingYear + "/select_PaymentType"), TaxType, false): All options with label 'PTE Non-Electing S Corp' are selected in object 'Object Repository/RAD_Pages/TaxTypeFilingYear_Page/select_PaymentType' 

2023-11-01 15:56:15 - [MESSAGE][PASSED] - All options with label 'PTE Non-Electing S Corp' are selected in object 'Object Repository/RAD_Pages/TaxTypeFilingYear_Page/select_PaymentType' 

2023-11-01 15:56:15 - [TEST_STEP][PASSED] - selectOptionByLabel(findTestObject(orPath_TaxTypeFilingYear + "/select_FilingYear"), FilingYear, false): All options with label '2023' are selected in object 'Object Repository/RAD_Pages/TaxTypeFilingYear_Page/select_FilingYear' 

2023-11-01 15:56:15 - [MESSAGE][PASSED] - All options with label '2023' are selected in object 'Object Repository/RAD_Pages/TaxTypeFilingYear_Page/select_FilingYear' 

2023-11-01 15:56:15 - [TEST_STEP][PASSED] - selectOptionByLabel(findTestObject(orPath_TaxTypeFilingYear + "/select_PeriodEnding"), PeriodEndingMonth, false): All options with label 'September' are selected in object 'Object Repository/RAD_Pages/TaxTypeFilingYear_Page/select_PeriodEnding' 

2023-11-01 15:56:16 - [MESSAGE][PASSED] - All options with label 'September' are selected in object 'Object Repository/RAD_Pages/TaxTypeFilingYear_Page/select_PeriodEnding' 

2023-11-01 15:56:16 - [TEST_STEP][PASSED] - setText(findTestObject(orPath_TaxPayer + "/input_businessName"), " "): Text ' ' is set on object 'Object Repository/RAD_Pages/Taxpayer_Page/input_businessName'

2023-11-01 15:56:17 - [MESSAGE][PASSED] - Text ' ' is set on object 'Object Repository/RAD_Pages/Taxpayer_Page/input_businessName'

2023-11-01 15:56:17 - [TEST_STEP][PASSED] - setText(findTestObject(orPath_TaxPayer + "/input_BusinessRepfirstName"), " "): Text ' ' is set on object 'Object Repository/RAD_Pages/Taxpayer_Page/input_BusinessRepfirstName'

2023-11-01 15:56:17 - [MESSAGE][PASSED] - Text ' ' is set on object 'Object Repository/RAD_Pages/Taxpayer_Page/input_BusinessRepfirstName'

2023-11-01 15:56:17 - [TEST_STEP][PASSED] - setText(findTestObject(orPath_TaxPayer + "/input_BusinessReplastName"), " "): Text ' ' is set on object 'Object Repository/RAD_Pages/Taxpayer_Page/input_BusinessReplastName'

2023-11-01 15:56:18 - [MESSAGE][PASSED] - Text ' ' is set on object 'Object Repository/RAD_Pages/Taxpayer_Page/input_BusinessReplastName'

2023-11-01 15:56:18 - [TEST_STEP][PASSED] - setText(findTestObject(orPath_AddressContact + "/input_streetAddress1"), " "): Text ' ' is set on object 'Object Repository/RAD_Pages/AddressAndContactInfo_Page/input_streetAddress1'

2023-11-01 15:56:19 - [MESSAGE][PASSED] - Text ' ' is set on object 'Object Repository/RAD_Pages/AddressAndContactInfo_Page/input_streetAddress1'

2023-11-01 15:56:19 - [TEST_STEP][PASSED] - setText(findTestObject(orPath_AddressContact + "/input_city"), " "): Text ' ' is set on object 'Object Repository/RAD_Pages/AddressAndContactInfo_Page/input_city'

2023-11-01 15:56:19 - [MESSAGE][PASSED] - Text ' ' is set on object 'Object Repository/RAD_Pages/AddressAndContactInfo_Page/input_city'

2023-11-01 15:56:19 - [TEST_STEP][PASSED] - setText(findTestObject(orPath_AddressContact + "/input_zipCode"), " "): Text ' ' is set on object 'Object Repository/RAD_Pages/AddressAndContactInfo_Page/input_zipCode'

2023-11-01 15:56:20 - [MESSAGE][PASSED] - Text ' ' is set on object 'Object Repository/RAD_Pages/AddressAndContactInfo_Page/input_zipCode'

2023-11-01 15:56:20 - [TEST_STEP][PASSED] - setText(findTestObject(orPath_AddressContact + "/input_phoneNumber"), " "): Text ' ' is set on object 'Object Repository/RAD_Pages/AddressAndContactInfo_Page/input_phoneNumber'

2023-11-01 15:56:21 - [MESSAGE][PASSED] - Text ' ' is set on object 'Object Repository/RAD_Pages/AddressAndContactInfo_Page/input_phoneNumber'

2023-11-01 15:56:21 - [TEST_STEP][PASSED] - setText(findTestObject(orPath_AddressContact + "/input_eMailAddress"), " "): Text ' ' is set on object 'Object Repository/RAD_Pages/AddressAndContactInfo_Page/input_eMailAddress'

2023-11-01 15:56:22 - [MESSAGE][PASSED] - Text ' ' is set on object 'Object Repository/RAD_Pages/AddressAndContactInfo_Page/input_eMailAddress'

2023-11-01 15:56:22 - [TEST_STEP][PASSED] - setText(findTestObject(orPath_AddressContact + "/input_reEnterEMailAddress"), " "): Text ' ' is set on object 'Object Repository/RAD_Pages/AddressAndContactInfo_Page/input_reEnterEMailAddress'

2023-11-01 15:56:23 - [MESSAGE][PASSED] - Text ' ' is set on object 'Object Repository/RAD_Pages/AddressAndContactInfo_Page/input_reEnterEMailAddress'

2023-11-01 15:56:23 - [TEST_STEP][PASSED] - resText = "Fail": null

2023-11-01 15:56:23 - [TEST_STEP][PASSED] - pages.WriteExcel.demoKey(resText, datText, resColumn, datCloumn, fileLoc, nameSheet, row): pages.WriteExcel.demoKey is PASSED

2023-11-01 15:56:23 - [MESSAGE][PASSED] - pages.WriteExcel.demoKey is PASSED

2023-11-01 15:56:23 - [TEST_STEP][PASSED] - verifyTextPresent("Enter business name", true, CONTINUE_ON_FAILURE): Text 'Enter business name' is present on page  using regular expression

2023-11-01 15:56:23 - [MESSAGE][PASSED] - Text 'Enter business name' is present on page  using regular expression

2023-11-01 15:56:23 - [TEST_STEP][PASSED] - verifyTextPresent("Enter business rep first name", true, CONTINUE_ON_FAILURE): Text 'Enter business rep first name' is present on page  using regular expression

2023-11-01 15:56:24 - [MESSAGE][PASSED] - Text 'Enter business rep first name' is present on page  using regular expression

2023-11-01 15:56:24 - [TEST_STEP][PASSED] - verifyTextPresent("Enter business rep last name", true, CONTINUE_ON_FAILURE): Text 'Enter business rep last name' is present on page  using regular expression

2023-11-01 15:56:24 - [MESSAGE][PASSED] - Text 'Enter business rep last name' is present on page  using regular expression

2023-11-01 15:56:24 - [TEST_STEP][PASSED] - verifyTextPresent("Enter address", true, CONTINUE_ON_FAILURE): Text 'Enter address' is present on page  using regular expression

2023-11-01 15:56:24 - [MESSAGE][PASSED] - Text 'Enter address' is present on page  using regular expression

2023-11-01 15:56:24 - [TEST_STEP][PASSED] - verifyTextPresent("Enter city", true, CONTINUE_ON_FAILURE): Text 'Enter city' is present on page  using regular expression

2023-11-01 15:56:25 - [MESSAGE][PASSED] - Text 'Enter city' is present on page  using regular expression

2023-11-01 15:56:25 - [TEST_STEP][PASSED] - verifyTextPresent("Enter ZIP code", true, CONTINUE_ON_FAILURE): Text 'Enter ZIP code' is present on page  using regular expression

2023-11-01 15:56:25 - [MESSAGE][PASSED] - Text 'Enter ZIP code' is present on page  using regular expression

2023-11-01 15:56:25 - [TEST_STEP][PASSED] - verifyTextPresent("Enter a valid phone number", true, CONTINUE_ON_FAILURE): Text 'Enter a valid phone number' is present on page  using regular expression

2023-11-01 15:56:25 - [MESSAGE][PASSED] - Text 'Enter a valid phone number' is present on page  using regular expression

2023-11-01 15:56:25 - [TEST_STEP][PASSED] - verifyTextPresent("Enter Email", true, CONTINUE_ON_FAILURE): Text 'Enter Email' is present on page  using regular expression

2023-11-01 15:56:26 - [MESSAGE][PASSED] - Text 'Enter Email' is present on page  using regular expression

2023-11-01 15:56:26 - [TEST_STEP][PASSED] - resText = "Pass": null

2023-11-01 15:56:26 - [TEST_STEP][PASSED] - pages.WriteExcel.demoKey(resText, datText, resColumn, datCloumn, fileLoc, nameSheet, row): pages.WriteExcel.demoKey is PASSED

2023-11-01 15:56:26 - [MESSAGE][PASSED] - pages.WriteExcel.demoKey is PASSED

2023-11-01 15:56:26 - [TEST_STEP][PASSED] - ExecuteTC = findTestData(dataFile).getValue("Execute", row): null

2023-11-01 15:56:26 - [TEST_STEP][PASSED] - TaxType = findTestData(dataFile).getValue("TaxType", row): null

2023-11-01 15:56:26 - [TEST_STEP][PASSED] - PaymentType = findTestData(dataFile).getValue("PaymentType", row): null

2023-11-01 15:56:26 - [TEST_STEP][PASSED] - FilingYear = findTestData(dataFile).getValue("Year", row): null

2023-11-01 15:56:26 - [TEST_STEP][PASSED] - PeriodEndingMonth = findTestData(dataFile).getValue("Month", row): null

2023-11-01 15:56:26 - [TEST_STEP][PASSED] - feinSSN = findTestData(dataFile).getValue("FeinSsn", row): null

2023-11-01 15:56:26 - [TEST_STEP][PASSED] - if (ExecuteTC.equalsIgnoreCase("Y")): pages.WriteExcel.demoKey is PASSED

2023-11-01 15:56:26 - [TEST_STEP][PASSED] - out.println("Begin Record Number: " + row): null

2023-11-01 15:56:26 - [TEST_STEP][PASSED] - today = new java.util.Date(): null

2023-11-01 15:56:26 - [TEST_STEP][PASSED] - println(today): null

2023-11-01 15:56:26 - [TEST_STEP][PASSED] - datText = today: null

2023-11-01 15:56:26 - [TEST_STEP][PASSED] - logInfo("Payment Type: Quarterly Estimated Tax"): Payment Type: Quarterly Estimated Tax

2023-11-01 15:56:26 - [MESSAGE][INFO] - Payment Type: Quarterly Estimated Tax

2023-11-01 15:56:26 - [TEST_STEP][PASSED] - logInfo("Tax Type: " + TaxType): Tax Type: PTE Tax Electing Non-S Corp

2023-11-01 15:56:26 - [MESSAGE][INFO] - Tax Type: PTE Tax Electing Non-S Corp

2023-11-01 15:56:26 - [TEST_STEP][PASSED] - openBrowser(""): Browser is opened with url: ''

2023-11-01 15:56:26 - [MESSAGE][WARNING] - A browser is already opened. Closing browser and opening a new one

2023-11-01 15:56:27 - [MESSAGE][INFO] - Starting 'Chrome' driver

2023-11-01 15:56:27 - [MESSAGE][INFO] - User set preference: ['acceptInsecureCerts', 'true']

2023-11-01 15:56:27 - [MESSAGE][INFO] - Action delay is set to 0 milliseconds

2023-11-01 15:56:29 - [MESSAGE][PASSED] - Browser is opened with url: ''

2023-11-01 15:56:29 - [TEST_STEP][PASSED] - maximizeWindow(): Current window maximized

2023-11-01 15:56:29 - [MESSAGE][PASSED] - Current window maximized

2023-11-01 15:56:29 - [TEST_STEP][PASSED] - navigateToUrl(RADurl): Navigate to 'https://qa2.velocitypayment.com/client/rad/index.html' successfully

2023-11-01 15:56:31 - [MESSAGE][PASSED] - Navigate to 'https://qa2.velocitypayment.com/client/rad/index.html' successfully

2023-11-01 15:56:31 - [TEST_STEP][PASSED] - selectOptionByLabel(findTestObject(orPath_Landing + "/dd_TaxType"), "Quarterly Estimated Tax", false): All options with label 'Quarterly Estimated Tax' are selected in object 'Object Repository/RAD_Pages/Landing_Page/dd_TaxType' 

2023-11-01 15:56:31 - [MESSAGE][PASSED] - All options with label 'Quarterly Estimated Tax' are selected in object 'Object Repository/RAD_Pages/Landing_Page/dd_TaxType' 

2023-11-01 15:56:31 - [TEST_STEP][PASSED] - selectOptionByLabel(findTestObject(orPath_TaxTypeFilingYear + "/select_PaymentType"), TaxType, false): All options with label 'PTE Tax Electing Non-S Corp' are selected in object 'Object Repository/RAD_Pages/TaxTypeFilingYear_Page/select_PaymentType' 

2023-11-01 15:56:32 - [MESSAGE][PASSED] - All options with label 'PTE Tax Electing Non-S Corp' are selected in object 'Object Repository/RAD_Pages/TaxTypeFilingYear_Page/select_PaymentType' 

2023-11-01 15:56:32 - [TEST_STEP][PASSED] - selectOptionByLabel(findTestObject(orPath_TaxTypeFilingYear + "/select_FilingYear"), FilingYear, false): All options with label '2023' are selected in object 'Object Repository/RAD_Pages/TaxTypeFilingYear_Page/select_FilingYear' 

2023-11-01 15:56:33 - [MESSAGE][PASSED] - All options with label '2023' are selected in object 'Object Repository/RAD_Pages/TaxTypeFilingYear_Page/select_FilingYear' 

2023-11-01 15:56:33 - [TEST_STEP][PASSED] - selectOptionByLabel(findTestObject(orPath_TaxTypeFilingYear + "/select_PeriodEnding"), PeriodEndingMonth, false): All options with label 'January' are selected in object 'Object Repository/RAD_Pages/TaxTypeFilingYear_Page/select_PeriodEnding' 

2023-11-01 15:56:33 - [MESSAGE][PASSED] - All options with label 'January' are selected in object 'Object Repository/RAD_Pages/TaxTypeFilingYear_Page/select_PeriodEnding' 

2023-11-01 15:56:33 - [TEST_STEP][PASSED] - setText(findTestObject(orPath_TaxPayer + "/input_businessName"), " "): Text ' ' is set on object 'Object Repository/RAD_Pages/Taxpayer_Page/input_businessName'

2023-11-01 15:56:34 - [MESSAGE][PASSED] - Text ' ' is set on object 'Object Repository/RAD_Pages/Taxpayer_Page/input_businessName'

2023-11-01 15:56:34 - [TEST_STEP][PASSED] - setText(findTestObject(orPath_TaxPayer + "/input_BusinessRepfirstName"), " "): Text ' ' is set on object 'Object Repository/RAD_Pages/Taxpayer_Page/input_BusinessRepfirstName'

2023-11-01 15:56:35 - [MESSAGE][PASSED] - Text ' ' is set on object 'Object Repository/RAD_Pages/Taxpayer_Page/input_BusinessRepfirstName'

2023-11-01 15:56:35 - [TEST_STEP][PASSED] - setText(findTestObject(orPath_TaxPayer + "/input_BusinessReplastName"), " "): Text ' ' is set on object 'Object Repository/RAD_Pages/Taxpayer_Page/input_BusinessReplastName'

2023-11-01 15:56:35 - [MESSAGE][PASSED] - Text ' ' is set on object 'Object Repository/RAD_Pages/Taxpayer_Page/input_BusinessReplastName'

2023-11-01 15:56:35 - [TEST_STEP][PASSED] - setText(findTestObject(orPath_AddressContact + "/input_streetAddress1"), " "): Text ' ' is set on object 'Object Repository/RAD_Pages/AddressAndContactInfo_Page/input_streetAddress1'

2023-11-01 15:56:36 - [MESSAGE][PASSED] - Text ' ' is set on object 'Object Repository/RAD_Pages/AddressAndContactInfo_Page/input_streetAddress1'

2023-11-01 15:56:36 - [TEST_STEP][PASSED] - setText(findTestObject(orPath_AddressContact + "/input_city"), " "): Text ' ' is set on object 'Object Repository/RAD_Pages/AddressAndContactInfo_Page/input_city'

2023-11-01 15:56:37 - [MESSAGE][PASSED] - Text ' ' is set on object 'Object Repository/RAD_Pages/AddressAndContactInfo_Page/input_city'

2023-11-01 15:56:37 - [TEST_STEP][PASSED] - setText(findTestObject(orPath_AddressContact + "/input_zipCode"), " "): Text ' ' is set on object 'Object Repository/RAD_Pages/AddressAndContactInfo_Page/input_zipCode'

2023-11-01 15:56:37 - [MESSAGE][PASSED] - Text ' ' is set on object 'Object Repository/RAD_Pages/AddressAndContactInfo_Page/input_zipCode'

2023-11-01 15:56:37 - [TEST_STEP][PASSED] - setText(findTestObject(orPath_AddressContact + "/input_phoneNumber"), " "): Text ' ' is set on object 'Object Repository/RAD_Pages/AddressAndContactInfo_Page/input_phoneNumber'

2023-11-01 15:56:38 - [MESSAGE][PASSED] - Text ' ' is set on object 'Object Repository/RAD_Pages/AddressAndContactInfo_Page/input_phoneNumber'

2023-11-01 15:56:38 - [TEST_STEP][PASSED] - setText(findTestObject(orPath_AddressContact + "/input_eMailAddress"), " "): Text ' ' is set on object 'Object Repository/RAD_Pages/AddressAndContactInfo_Page/input_eMailAddress'

2023-11-01 15:56:39 - [MESSAGE][PASSED] - Text ' ' is set on object 'Object Repository/RAD_Pages/AddressAndContactInfo_Page/input_eMailAddress'

2023-11-01 15:56:39 - [TEST_STEP][PASSED] - setText(findTestObject(orPath_AddressContact + "/input_reEnterEMailAddress"), " "): Text ' ' is set on object 'Object Repository/RAD_Pages/AddressAndContactInfo_Page/input_reEnterEMailAddress'

2023-11-01 15:56:40 - [MESSAGE][PASSED] - Text ' ' is set on object 'Object Repository/RAD_Pages/AddressAndContactInfo_Page/input_reEnterEMailAddress'

2023-11-01 15:56:40 - [TEST_STEP][PASSED] - resText = "Fail": null

2023-11-01 15:56:40 - [TEST_STEP][PASSED] - pages.WriteExcel.demoKey(resText, datText, resColumn, datCloumn, fileLoc, nameSheet, row): pages.WriteExcel.demoKey is PASSED

2023-11-01 15:56:40 - [MESSAGE][PASSED] - pages.WriteExcel.demoKey is PASSED

2023-11-01 15:56:40 - [TEST_STEP][PASSED] - verifyTextPresent("Enter business name", true, CONTINUE_ON_FAILURE): Text 'Enter business name' is present on page  using regular expression

2023-11-01 15:56:40 - [MESSAGE][PASSED] - Text 'Enter business name' is present on page  using regular expression

2023-11-01 15:56:40 - [TEST_STEP][PASSED] - verifyTextPresent("Enter business rep first name", true, CONTINUE_ON_FAILURE): Text 'Enter business rep first name' is present on page  using regular expression

2023-11-01 15:56:41 - [MESSAGE][PASSED] - Text 'Enter business rep first name' is present on page  using regular expression

2023-11-01 15:56:41 - [TEST_STEP][PASSED] - verifyTextPresent("Enter business rep last name", true, CONTINUE_ON_FAILURE): Text 'Enter business rep last name' is present on page  using regular expression

2023-11-01 15:56:41 - [MESSAGE][PASSED] - Text 'Enter business rep last name' is present on page  using regular expression

2023-11-01 15:56:41 - [TEST_STEP][PASSED] - verifyTextPresent("Enter address", true, CONTINUE_ON_FAILURE): Text 'Enter address' is present on page  using regular expression

2023-11-01 15:56:41 - [MESSAGE][PASSED] - Text 'Enter address' is present on page  using regular expression

2023-11-01 15:56:41 - [TEST_STEP][PASSED] - verifyTextPresent("Enter city", true, CONTINUE_ON_FAILURE): Text 'Enter city' is present on page  using regular expression

2023-11-01 15:56:42 - [MESSAGE][PASSED] - Text 'Enter city' is present on page  using regular expression

2023-11-01 15:56:42 - [TEST_STEP][PASSED] - verifyTextPresent("Enter ZIP code", true, CONTINUE_ON_FAILURE): Text 'Enter ZIP code' is present on page  using regular expression

2023-11-01 15:56:42 - [MESSAGE][PASSED] - Text 'Enter ZIP code' is present on page  using regular expression

2023-11-01 15:56:42 - [TEST_STEP][PASSED] - verifyTextPresent("Enter a valid phone number", true, CONTINUE_ON_FAILURE): Text 'Enter a valid phone number' is present on page  using regular expression

2023-11-01 15:56:43 - [MESSAGE][PASSED] - Text 'Enter a valid phone number' is present on page  using regular expression

2023-11-01 15:56:43 - [TEST_STEP][PASSED] - verifyTextPresent("Enter Email", true, CONTINUE_ON_FAILURE): Text 'Enter Email' is present on page  using regular expression

2023-11-01 15:56:43 - [MESSAGE][PASSED] - Text 'Enter Email' is present on page  using regular expression

2023-11-01 15:56:43 - [TEST_STEP][PASSED] - resText = "Pass": null

2023-11-01 15:56:43 - [TEST_STEP][PASSED] - pages.WriteExcel.demoKey(resText, datText, resColumn, datCloumn, fileLoc, nameSheet, row): pages.WriteExcel.demoKey is PASSED

2023-11-01 15:56:43 - [MESSAGE][PASSED] - pages.WriteExcel.demoKey is PASSED

2023-11-01 15:56:43 - [TEST_STEP][PASSED] - ExecuteTC = findTestData(dataFile).getValue("Execute", row): null

2023-11-01 15:56:43 - [TEST_STEP][PASSED] - TaxType = findTestData(dataFile).getValue("TaxType", row): null

2023-11-01 15:56:43 - [TEST_STEP][PASSED] - PaymentType = findTestData(dataFile).getValue("PaymentType", row): null

2023-11-01 15:56:43 - [TEST_STEP][PASSED] - FilingYear = findTestData(dataFile).getValue("Year", row): null

2023-11-01 15:56:43 - [TEST_STEP][PASSED] - PeriodEndingMonth = findTestData(dataFile).getValue("Month", row): null

2023-11-01 15:56:43 - [TEST_STEP][PASSED] - feinSSN = findTestData(dataFile).getValue("FeinSsn", row): null

2023-11-01 15:56:43 - [TEST_STEP][PASSED] - if (ExecuteTC.equalsIgnoreCase("Y")): pages.WriteExcel.demoKey is PASSED

2023-11-01 15:56:43 - [TEST_STEP][PASSED] - out.println("Begin Record Number: " + row): null

2023-11-01 15:56:43 - [TEST_STEP][PASSED] - today = new java.util.Date(): null

2023-11-01 15:56:43 - [TEST_STEP][PASSED] - println(today): null

2023-11-01 15:56:43 - [TEST_STEP][PASSED] - datText = today: null

2023-11-01 15:56:43 - [TEST_STEP][PASSED] - logInfo("Payment Type: Quarterly Estimated Tax"): Payment Type: Quarterly Estimated Tax

2023-11-01 15:56:43 - [MESSAGE][INFO] - Payment Type: Quarterly Estimated Tax

2023-11-01 15:56:43 - [TEST_STEP][PASSED] - logInfo("Tax Type: " + TaxType): Tax Type: PTE Tax Electing S Corp

2023-11-01 15:56:43 - [MESSAGE][INFO] - Tax Type: PTE Tax Electing S Corp

2023-11-01 15:56:43 - [TEST_STEP][PASSED] - openBrowser(""): Browser is opened with url: ''

2023-11-01 15:56:43 - [MESSAGE][WARNING] - A browser is already opened. Closing browser and opening a new one

2023-11-01 15:56:44 - [MESSAGE][INFO] - Starting 'Chrome' driver

2023-11-01 15:56:44 - [MESSAGE][INFO] - User set preference: ['acceptInsecureCerts', 'true']

2023-11-01 15:56:44 - [MESSAGE][INFO] - Action delay is set to 0 milliseconds

2023-11-01 15:56:46 - [MESSAGE][PASSED] - Browser is opened with url: ''

2023-11-01 15:56:46 - [TEST_STEP][PASSED] - maximizeWindow(): Current window maximized

2023-11-01 15:56:46 - [MESSAGE][PASSED] - Current window maximized

2023-11-01 15:56:46 - [TEST_STEP][PASSED] - navigateToUrl(RADurl): Navigate to 'https://qa2.velocitypayment.com/client/rad/index.html' successfully

2023-11-01 15:56:46 - [MESSAGE][PASSED] - Navigate to 'https://qa2.velocitypayment.com/client/rad/index.html' successfully

2023-11-01 15:56:46 - [TEST_STEP][PASSED] - selectOptionByLabel(findTestObject(orPath_Landing + "/dd_TaxType"), "Quarterly Estimated Tax", false): All options with label 'Quarterly Estimated Tax' are selected in object 'Object Repository/RAD_Pages/Landing_Page/dd_TaxType' 

2023-11-01 15:56:48 - [MESSAGE][PASSED] - All options with label 'Quarterly Estimated Tax' are selected in object 'Object Repository/RAD_Pages/Landing_Page/dd_TaxType' 

2023-11-01 15:56:48 - [TEST_STEP][PASSED] - selectOptionByLabel(findTestObject(orPath_TaxTypeFilingYear + "/select_PaymentType"), TaxType, false): All options with label 'PTE Tax Electing S Corp' are selected in object 'Object Repository/RAD_Pages/TaxTypeFilingYear_Page/select_PaymentType' 

2023-11-01 15:56:49 - [MESSAGE][PASSED] - All options with label 'PTE Tax Electing S Corp' are selected in object 'Object Repository/RAD_Pages/TaxTypeFilingYear_Page/select_PaymentType' 

2023-11-01 15:56:49 - [TEST_STEP][PASSED] - selectOptionByLabel(findTestObject(orPath_TaxTypeFilingYear + "/select_FilingYear"), FilingYear, false): All options with label '2023' are selected in object 'Object Repository/RAD_Pages/TaxTypeFilingYear_Page/select_FilingYear' 

2023-11-01 15:56:50 - [MESSAGE][PASSED] - All options with label '2023' are selected in object 'Object Repository/RAD_Pages/TaxTypeFilingYear_Page/select_FilingYear' 

2023-11-01 15:56:50 - [TEST_STEP][PASSED] - selectOptionByLabel(findTestObject(orPath_TaxTypeFilingYear + "/select_PeriodEnding"), PeriodEndingMonth, false): All options with label 'December' are selected in object 'Object Repository/RAD_Pages/TaxTypeFilingYear_Page/select_PeriodEnding' 

2023-11-01 15:56:50 - [MESSAGE][PASSED] - All options with label 'December' are selected in object 'Object Repository/RAD_Pages/TaxTypeFilingYear_Page/select_PeriodEnding' 

2023-11-01 15:56:50 - [TEST_STEP][PASSED] - setText(findTestObject(orPath_TaxPayer + "/input_businessName"), " "): Text ' ' is set on object 'Object Repository/RAD_Pages/Taxpayer_Page/input_businessName'

2023-11-01 15:56:51 - [MESSAGE][PASSED] - Text ' ' is set on object 'Object Repository/RAD_Pages/Taxpayer_Page/input_businessName'

2023-11-01 15:56:51 - [TEST_STEP][PASSED] - setText(findTestObject(orPath_TaxPayer + "/input_BusinessRepfirstName"), " "): Text ' ' is set on object 'Object Repository/RAD_Pages/Taxpayer_Page/input_BusinessRepfirstName'

2023-11-01 15:56:52 - [MESSAGE][PASSED] - Text ' ' is set on object 'Object Repository/RAD_Pages/Taxpayer_Page/input_BusinessRepfirstName'

2023-11-01 15:56:52 - [TEST_STEP][PASSED] - setText(findTestObject(orPath_TaxPayer + "/input_BusinessReplastName"), " "): Text ' ' is set on object 'Object Repository/RAD_Pages/Taxpayer_Page/input_BusinessReplastName'

2023-11-01 15:56:52 - [MESSAGE][PASSED] - Text ' ' is set on object 'Object Repository/RAD_Pages/Taxpayer_Page/input_BusinessReplastName'

2023-11-01 15:56:52 - [TEST_STEP][PASSED] - setText(findTestObject(orPath_AddressContact + "/input_streetAddress1"), " "): Text ' ' is set on object 'Object Repository/RAD_Pages/AddressAndContactInfo_Page/input_streetAddress1'

2023-11-01 15:56:53 - [MESSAGE][PASSED] - Text ' ' is set on object 'Object Repository/RAD_Pages/AddressAndContactInfo_Page/input_streetAddress1'

2023-11-01 15:56:53 - [TEST_STEP][PASSED] - setText(findTestObject(orPath_AddressContact + "/input_city"), " "): Text ' ' is set on object 'Object Repository/RAD_Pages/AddressAndContactInfo_Page/input_city'

2023-11-01 15:56:54 - [MESSAGE][PASSED] - Text ' ' is set on object 'Object Repository/RAD_Pages/AddressAndContactInfo_Page/input_city'

2023-11-01 15:56:54 - [TEST_STEP][PASSED] - setText(findTestObject(orPath_AddressContact + "/input_zipCode"), " "): Text ' ' is set on object 'Object Repository/RAD_Pages/AddressAndContactInfo_Page/input_zipCode'

2023-11-01 15:56:54 - [MESSAGE][PASSED] - Text ' ' is set on object 'Object Repository/RAD_Pages/AddressAndContactInfo_Page/input_zipCode'

2023-11-01 15:56:54 - [TEST_STEP][PASSED] - setText(findTestObject(orPath_AddressContact + "/input_phoneNumber"), " "): Text ' ' is set on object 'Object Repository/RAD_Pages/AddressAndContactInfo_Page/input_phoneNumber'

2023-11-01 15:56:55 - [MESSAGE][PASSED] - Text ' ' is set on object 'Object Repository/RAD_Pages/AddressAndContactInfo_Page/input_phoneNumber'

2023-11-01 15:56:55 - [TEST_STEP][PASSED] - setText(findTestObject(orPath_AddressContact + "/input_eMailAddress"), " "): Text ' ' is set on object 'Object Repository/RAD_Pages/AddressAndContactInfo_Page/input_eMailAddress'

2023-11-01 15:56:56 - [MESSAGE][PASSED] - Text ' ' is set on object 'Object Repository/RAD_Pages/AddressAndContactInfo_Page/input_eMailAddress'

2023-11-01 15:56:56 - [TEST_STEP][PASSED] - setText(findTestObject(orPath_AddressContact + "/input_reEnterEMailAddress"), " "): Text ' ' is set on object 'Object Repository/RAD_Pages/AddressAndContactInfo_Page/input_reEnterEMailAddress'

2023-11-01 15:56:57 - [MESSAGE][PASSED] - Text ' ' is set on object 'Object Repository/RAD_Pages/AddressAndContactInfo_Page/input_reEnterEMailAddress'

2023-11-01 15:56:57 - [TEST_STEP][PASSED] - resText = "Fail": null

2023-11-01 15:56:57 - [TEST_STEP][PASSED] - pages.WriteExcel.demoKey(resText, datText, resColumn, datCloumn, fileLoc, nameSheet, row): pages.WriteExcel.demoKey is PASSED

2023-11-01 15:56:57 - [MESSAGE][PASSED] - pages.WriteExcel.demoKey is PASSED

2023-11-01 15:56:57 - [TEST_STEP][PASSED] - verifyTextPresent("Enter business name", true, CONTINUE_ON_FAILURE): Text 'Enter business name' is present on page  using regular expression

2023-11-01 15:56:57 - [MESSAGE][PASSED] - Text 'Enter business name' is present on page  using regular expression

2023-11-01 15:56:57 - [TEST_STEP][PASSED] - verifyTextPresent("Enter business rep first name", true, CONTINUE_ON_FAILURE): Text 'Enter business rep first name' is present on page  using regular expression

2023-11-01 15:56:58 - [MESSAGE][PASSED] - Text 'Enter business rep first name' is present on page  using regular expression

2023-11-01 15:56:58 - [TEST_STEP][PASSED] - verifyTextPresent("Enter business rep last name", true, CONTINUE_ON_FAILURE): Text 'Enter business rep last name' is present on page  using regular expression

2023-11-01 15:56:58 - [MESSAGE][PASSED] - Text 'Enter business rep last name' is present on page  using regular expression

2023-11-01 15:56:58 - [TEST_STEP][PASSED] - verifyTextPresent("Enter address", true, CONTINUE_ON_FAILURE): Text 'Enter address' is present on page  using regular expression

2023-11-01 15:56:58 - [MESSAGE][PASSED] - Text 'Enter address' is present on page  using regular expression

2023-11-01 15:56:58 - [TEST_STEP][PASSED] - verifyTextPresent("Enter city", true, CONTINUE_ON_FAILURE): Text 'Enter city' is present on page  using regular expression

2023-11-01 15:56:59 - [MESSAGE][PASSED] - Text 'Enter city' is present on page  using regular expression

2023-11-01 15:56:59 - [TEST_STEP][PASSED] - verifyTextPresent("Enter ZIP code", true, CONTINUE_ON_FAILURE): Text 'Enter ZIP code' is present on page  using regular expression

2023-11-01 15:56:59 - [MESSAGE][PASSED] - Text 'Enter ZIP code' is present on page  using regular expression

2023-11-01 15:56:59 - [TEST_STEP][PASSED] - verifyTextPresent("Enter a valid phone number", true, CONTINUE_ON_FAILURE): Text 'Enter a valid phone number' is present on page  using regular expression

2023-11-01 15:57:00 - [MESSAGE][PASSED] - Text 'Enter a valid phone number' is present on page  using regular expression

2023-11-01 15:57:00 - [TEST_STEP][PASSED] - verifyTextPresent("Enter Email", true, CONTINUE_ON_FAILURE): Text 'Enter Email' is present on page  using regular expression

2023-11-01 15:57:00 - [MESSAGE][PASSED] - Text 'Enter Email' is present on page  using regular expression

2023-11-01 15:57:00 - [TEST_STEP][PASSED] - resText = "Pass": null

2023-11-01 15:57:00 - [TEST_STEP][PASSED] - pages.WriteExcel.demoKey(resText, datText, resColumn, datCloumn, fileLoc, nameSheet, row): pages.WriteExcel.demoKey is PASSED

2023-11-01 15:57:00 - [MESSAGE][PASSED] - pages.WriteExcel.demoKey is PASSED]]></system-out>
         <system-err><![CDATA[]]></system-err>
      </testcase>
      <testcase name="Test Cases/RAD_TestCases/MRF_TestCases/Existing_MRF_TC" time="174.015" classname="Test Cases/RAD_TestCases/MRF_TestCases/Existing_MRF_TC" status="PASSED">
         <system-out><![CDATA[2023-11-01 15:57:00 - [TEST_CASE][PASSED] - Test Cases/RAD_TestCases/MRF_TestCases/Existing_MRF_TC: Test Cases/RAD_TestCases/MRF_TestCases/Existing_MRF_TC

2023-11-01 15:57:01 - [TEST_STEP][PASSED] - resText = "Fail": null

2023-11-01 15:57:01 - [TEST_STEP][PASSED] - resColumn = "Result": null

2023-11-01 15:57:01 - [TEST_STEP][PASSED] - datCloumn = "Date": null

2023-11-01 15:57:01 - [TEST_STEP][PASSED] - fileLoc = "KatalonData/RADTestData/MRF.xlsx": null

2023-11-01 15:57:01 - [TEST_STEP][PASSED] - nameSheet = "Existing": null

2023-11-01 15:57:01 - [TEST_STEP][PASSED] - dataFile = "RADTestData/MRF_Existing": null

2023-11-01 15:57:01 - [TEST_STEP][PASSED] - orPath_Landing = "Object Repository/RAD_Pages/Landing_Page": null

2023-11-01 15:57:01 - [TEST_STEP][PASSED] - orPath_TaxTypeFilingYear = "Object Repository/RAD_Pages/TaxTypeFilingYear_Page": null

2023-11-01 15:57:01 - [TEST_STEP][PASSED] - orPath_Amount = "Object Repository/RAD_Pages/PaymentAmount_Page": null

2023-11-01 15:57:01 - [TEST_STEP][PASSED] - orPath_AddressContact = "Object Repository/RAD_Pages/AddressAndContactInfo_Page": null

2023-11-01 15:57:01 - [TEST_STEP][PASSED] - orPath_Summary = "Object Repository/RAD_Pages/Summary_Page": null

2023-11-01 15:57:01 - [TEST_STEP][PASSED] - orPath_PaymentConfirmation = "Object Repository/RAD_Pages/PaymentConfirmation_Page": null

2023-11-01 15:57:01 - [TEST_STEP][PASSED] - orPath_ServiceFeesAccept = "Object Repository/RAD_Pages/ServiceFeeAccept_Page": null

2023-11-01 15:57:01 - [TEST_STEP][PASSED] - orPath_PaymentEntry = "Object Repository/RAD_Pages/PaymentEntry_Page": null

2023-11-01 15:57:01 - [TEST_STEP][PASSED] - orPath_TaxInfo = "Object Repository/RAD_Pages/TaxInfo_Page": null

2023-11-01 15:57:01 - [TEST_STEP][PASSED] - orPath_TaxPayer = "Object Repository/RAD_Pages/Taxpayer_Page": null

2023-11-01 15:57:01 - [TEST_STEP][PASSED] - orPath_FilingStatus = "Object Repository/RAD_Pages/FilingStatus_Page": null

2023-11-01 15:57:01 - [TEST_STEP][PASSED] - ExecuteTC = <not implemented yet for class: org.codehaus.groovy.ast.expr.EmptyExpression>: null

2023-11-01 15:57:01 - [TEST_STEP][PASSED] - TaxType = <not implemented yet for class: org.codehaus.groovy.ast.expr.EmptyExpression>: null

2023-11-01 15:57:01 - [TEST_STEP][PASSED] - PaymentType = <not implemented yet for class: org.codehaus.groovy.ast.expr.EmptyExpression>: null

2023-11-01 15:57:01 - [TEST_STEP][PASSED] - FilingYear = <not implemented yet for class: org.codehaus.groovy.ast.expr.EmptyExpression>: null

2023-11-01 15:57:01 - [TEST_STEP][PASSED] - PeriodEndingMonth = <not implemented yet for class: org.codehaus.groovy.ast.expr.EmptyExpression>: null

2023-11-01 15:57:01 - [TEST_STEP][PASSED] - feinSsn = <not implemented yet for class: org.codehaus.groovy.ast.expr.EmptyExpression>: null

2023-11-01 15:57:01 - [TEST_STEP][PASSED] - numOfRows = findTestData(dataFile).getRowNumbers(): null

2023-11-01 15:57:01 - [TEST_STEP][PASSED] - println("Number of Records: " + numOfRows): null

2023-11-01 15:57:01 - [TEST_STEP][PASSED] - for ([row = 1, row <= numOfRows, (row++)]): pages.WriteExcel.demoKey is PASSED

2023-11-01 15:57:01 - [TEST_STEP][PASSED] - ExecuteTC = findTestData(dataFile).getValue("Execute", row): null

2023-11-01 15:57:01 - [TEST_STEP][PASSED] - TaxType = findTestData(dataFile).getValue("TaxType", row): null

2023-11-01 15:57:01 - [TEST_STEP][PASSED] - PaymentType = findTestData(dataFile).getValue("PaymentType", row): null

2023-11-01 15:57:01 - [TEST_STEP][PASSED] - feinSsn = findTestData(dataFile).getValue("FEINSSN", row): null

2023-11-01 15:57:01 - [TEST_STEP][PASSED] - if (ExecuteTC.equalsIgnoreCase("Y")): pages.WriteExcel.demoKey is PASSED

2023-11-01 15:57:01 - [TEST_STEP][PASSED] - out.println("Begin Record Number: " + row): null

2023-11-01 15:57:01 - [TEST_STEP][PASSED] - today = new java.util.Date(): null

2023-11-01 15:57:01 - [TEST_STEP][PASSED] - println(today): null

2023-11-01 15:57:01 - [TEST_STEP][PASSED] - datText = today: null

2023-11-01 15:57:01 - [TEST_STEP][PASSED] - logInfo("Payment Type: Existing Liability w/Notice Number"): Payment Type: Existing Liability w/Notice Number

2023-11-01 15:57:01 - [MESSAGE][INFO] - Payment Type: Existing Liability w/Notice Number

2023-11-01 15:57:01 - [TEST_STEP][PASSED] - logInfo("Tax Type: " + TaxType): Tax Type: Bay Restoration Fee

2023-11-01 15:57:01 - [MESSAGE][INFO] - Tax Type: Bay Restoration Fee

2023-11-01 15:57:01 - [TEST_STEP][PASSED] - openBrowser(""): Browser is opened with url: ''

2023-11-01 15:57:01 - [MESSAGE][WARNING] - A browser is already opened. Closing browser and opening a new one

2023-11-01 15:57:02 - [MESSAGE][INFO] - Starting 'Chrome' driver

2023-11-01 15:57:02 - [MESSAGE][INFO] - User set preference: ['acceptInsecureCerts', 'true']

2023-11-01 15:57:02 - [MESSAGE][INFO] - Action delay is set to 0 milliseconds

2023-11-01 15:57:04 - [MESSAGE][PASSED] - Browser is opened with url: ''

2023-11-01 15:57:04 - [TEST_STEP][PASSED] - maximizeWindow(): Current window maximized

2023-11-01 15:57:04 - [MESSAGE][PASSED] - Current window maximized

2023-11-01 15:57:04 - [TEST_STEP][PASSED] - navigateToUrl(RADurl): Navigate to 'https://qa2.velocitypayment.com/client/rad/index.html' successfully

2023-11-01 15:57:04 - [MESSAGE][PASSED] - Navigate to 'https://qa2.velocitypayment.com/client/rad/index.html' successfully

2023-11-01 15:57:04 - [TEST_STEP][PASSED] - selectOptionByLabel(findTestObject(orPath_Landing + "/dd_TaxType"), "Existing Liability w/Notice Number", false): All options with label 'Existing Liability w/Notice Number' are selected in object 'Object Repository/RAD_Pages/Landing_Page/dd_TaxType' 

2023-11-01 15:57:06 - [MESSAGE][PASSED] - All options with label 'Existing Liability w/Notice Number' are selected in object 'Object Repository/RAD_Pages/Landing_Page/dd_TaxType' 

2023-11-01 15:57:06 - [TEST_STEP][PASSED] - selectOptionByLabel(findTestObject(orPath_TaxTypeFilingYear + "/select_TaxType_ExistingLiability"), TaxType, false): All options with label 'Bay Restoration Fee' are selected in object 'Object Repository/RAD_Pages/TaxTypeFilingYear_Page/select_TaxType_ExistingLiability' 

2023-11-01 15:57:07 - [MESSAGE][PASSED] - All options with label 'Bay Restoration Fee' are selected in object 'Object Repository/RAD_Pages/TaxTypeFilingYear_Page/select_TaxType_ExistingLiability' 

2023-11-01 15:57:07 - [TEST_STEP][PASSED] - setText(findTestObject(orPath_TaxPayer + "/input_businessName"), " "): Text ' ' is set on object 'Object Repository/RAD_Pages/Taxpayer_Page/input_businessName'

2023-11-01 15:57:08 - [MESSAGE][PASSED] - Text ' ' is set on object 'Object Repository/RAD_Pages/Taxpayer_Page/input_businessName'

2023-11-01 15:57:08 - [TEST_STEP][PASSED] - setText(findTestObject(orPath_TaxPayer + "/input_BusinessRepfirstName"), " "): Text ' ' is set on object 'Object Repository/RAD_Pages/Taxpayer_Page/input_BusinessRepfirstName'

2023-11-01 15:57:08 - [MESSAGE][PASSED] - Text ' ' is set on object 'Object Repository/RAD_Pages/Taxpayer_Page/input_BusinessRepfirstName'

2023-11-01 15:57:08 - [TEST_STEP][PASSED] - setText(findTestObject(orPath_TaxPayer + "/input_BusinessReplastName"), " "): Text ' ' is set on object 'Object Repository/RAD_Pages/Taxpayer_Page/input_BusinessReplastName'

2023-11-01 15:57:09 - [MESSAGE][PASSED] - Text ' ' is set on object 'Object Repository/RAD_Pages/Taxpayer_Page/input_BusinessReplastName'

2023-11-01 15:57:09 - [TEST_STEP][PASSED] - setText(findTestObject(orPath_AddressContact + "/input_streetAddress1"), " "): Text ' ' is set on object 'Object Repository/RAD_Pages/AddressAndContactInfo_Page/input_streetAddress1'

2023-11-01 15:57:10 - [MESSAGE][PASSED] - Text ' ' is set on object 'Object Repository/RAD_Pages/AddressAndContactInfo_Page/input_streetAddress1'

2023-11-01 15:57:10 - [TEST_STEP][PASSED] - setText(findTestObject(orPath_AddressContact + "/input_city"), " "): Text ' ' is set on object 'Object Repository/RAD_Pages/AddressAndContactInfo_Page/input_city'

2023-11-01 15:57:10 - [MESSAGE][PASSED] - Text ' ' is set on object 'Object Repository/RAD_Pages/AddressAndContactInfo_Page/input_city'

2023-11-01 15:57:10 - [TEST_STEP][PASSED] - setText(findTestObject(orPath_AddressContact + "/input_zipCode"), " "): Text ' ' is set on object 'Object Repository/RAD_Pages/AddressAndContactInfo_Page/input_zipCode'

2023-11-01 15:57:11 - [MESSAGE][PASSED] - Text ' ' is set on object 'Object Repository/RAD_Pages/AddressAndContactInfo_Page/input_zipCode'

2023-11-01 15:57:11 - [TEST_STEP][PASSED] - setText(findTestObject(orPath_AddressContact + "/input_phoneNumber"), " "): Text ' ' is set on object 'Object Repository/RAD_Pages/AddressAndContactInfo_Page/input_phoneNumber'

2023-11-01 15:57:12 - [MESSAGE][PASSED] - Text ' ' is set on object 'Object Repository/RAD_Pages/AddressAndContactInfo_Page/input_phoneNumber'

2023-11-01 15:57:12 - [TEST_STEP][PASSED] - setText(findTestObject(orPath_AddressContact + "/input_eMailAddress"), " "): Text ' ' is set on object 'Object Repository/RAD_Pages/AddressAndContactInfo_Page/input_eMailAddress'

2023-11-01 15:57:13 - [MESSAGE][PASSED] - Text ' ' is set on object 'Object Repository/RAD_Pages/AddressAndContactInfo_Page/input_eMailAddress'

2023-11-01 15:57:13 - [TEST_STEP][PASSED] - setText(findTestObject(orPath_AddressContact + "/input_reEnterEMailAddress"), " "): Text ' ' is set on object 'Object Repository/RAD_Pages/AddressAndContactInfo_Page/input_reEnterEMailAddress'

2023-11-01 15:57:14 - [MESSAGE][PASSED] - Text ' ' is set on object 'Object Repository/RAD_Pages/AddressAndContactInfo_Page/input_reEnterEMailAddress'

2023-11-01 15:57:14 - [TEST_STEP][PASSED] - resText = "Fail": null

2023-11-01 15:57:14 - [TEST_STEP][PASSED] - pages.WriteExcel.demoKey(resText, datText, resColumn, datCloumn, fileLoc, nameSheet, row): pages.WriteExcel.demoKey is PASSED

2023-11-01 15:57:14 - [MESSAGE][PASSED] - pages.WriteExcel.demoKey is PASSED

2023-11-01 15:57:14 - [TEST_STEP][PASSED] - verifyTextPresent("Enter business name", true, CONTINUE_ON_FAILURE): Text 'Enter business name' is present on page  using regular expression

2023-11-01 15:57:14 - [MESSAGE][PASSED] - Text 'Enter business name' is present on page  using regular expression

2023-11-01 15:57:14 - [TEST_STEP][PASSED] - verifyTextPresent("Enter business rep first name", true, CONTINUE_ON_FAILURE): Text 'Enter business rep first name' is present on page  using regular expression

2023-11-01 15:57:14 - [MESSAGE][PASSED] - Text 'Enter business rep first name' is present on page  using regular expression

2023-11-01 15:57:14 - [TEST_STEP][PASSED] - verifyTextPresent("Enter business rep last name", true, CONTINUE_ON_FAILURE): Text 'Enter business rep last name' is present on page  using regular expression

2023-11-01 15:57:15 - [MESSAGE][PASSED] - Text 'Enter business rep last name' is present on page  using regular expression

2023-11-01 15:57:15 - [TEST_STEP][PASSED] - verifyTextPresent("Enter address", true, CONTINUE_ON_FAILURE): Text 'Enter address' is present on page  using regular expression

2023-11-01 15:57:15 - [MESSAGE][PASSED] - Text 'Enter address' is present on page  using regular expression

2023-11-01 15:57:15 - [TEST_STEP][PASSED] - verifyTextPresent("Enter city", true, CONTINUE_ON_FAILURE): Text 'Enter city' is present on page  using regular expression

2023-11-01 15:57:16 - [MESSAGE][PASSED] - Text 'Enter city' is present on page  using regular expression

2023-11-01 15:57:16 - [TEST_STEP][PASSED] - verifyTextPresent("Enter ZIP code", true, CONTINUE_ON_FAILURE): Text 'Enter ZIP code' is present on page  using regular expression

2023-11-01 15:57:16 - [MESSAGE][PASSED] - Text 'Enter ZIP code' is present on page  using regular expression

2023-11-01 15:57:16 - [TEST_STEP][PASSED] - verifyTextPresent("Enter a valid phone number", true, CONTINUE_ON_FAILURE): Text 'Enter a valid phone number' is present on page  using regular expression

2023-11-01 15:57:16 - [MESSAGE][PASSED] - Text 'Enter a valid phone number' is present on page  using regular expression

2023-11-01 15:57:16 - [TEST_STEP][PASSED] - verifyTextPresent("Enter Email", true, CONTINUE_ON_FAILURE): Text 'Enter Email' is present on page  using regular expression

2023-11-01 15:57:17 - [MESSAGE][PASSED] - Text 'Enter Email' is present on page  using regular expression

2023-11-01 15:57:17 - [TEST_STEP][PASSED] - resText = "Pass": null

2023-11-01 15:57:17 - [TEST_STEP][PASSED] - pages.WriteExcel.demoKey(resText, datText, resColumn, datCloumn, fileLoc, nameSheet, row): pages.WriteExcel.demoKey is PASSED

2023-11-01 15:57:17 - [MESSAGE][PASSED] - pages.WriteExcel.demoKey is PASSED

2023-11-01 15:57:17 - [TEST_STEP][PASSED] - ExecuteTC = findTestData(dataFile).getValue("Execute", row): null

2023-11-01 15:57:17 - [TEST_STEP][PASSED] - TaxType = findTestData(dataFile).getValue("TaxType", row): null

2023-11-01 15:57:17 - [TEST_STEP][PASSED] - PaymentType = findTestData(dataFile).getValue("PaymentType", row): null

2023-11-01 15:57:17 - [TEST_STEP][PASSED] - feinSsn = findTestData(dataFile).getValue("FEINSSN", row): null

2023-11-01 15:57:17 - [TEST_STEP][PASSED] - if (ExecuteTC.equalsIgnoreCase("Y")): pages.WriteExcel.demoKey is PASSED

2023-11-01 15:57:17 - [TEST_STEP][PASSED] - out.println("Begin Record Number: " + row): null

2023-11-01 15:57:17 - [TEST_STEP][PASSED] - today = new java.util.Date(): null

2023-11-01 15:57:17 - [TEST_STEP][PASSED] - println(today): null

2023-11-01 15:57:17 - [TEST_STEP][PASSED] - datText = today: null

2023-11-01 15:57:17 - [TEST_STEP][PASSED] - logInfo("Payment Type: Existing Liability w/Notice Number"): Payment Type: Existing Liability w/Notice Number

2023-11-01 15:57:17 - [MESSAGE][INFO] - Payment Type: Existing Liability w/Notice Number

2023-11-01 15:57:17 - [TEST_STEP][PASSED] - logInfo("Tax Type: " + TaxType): Tax Type: Corporate Income Tax

2023-11-01 15:57:17 - [MESSAGE][INFO] - Tax Type: Corporate Income Tax

2023-11-01 15:57:17 - [TEST_STEP][PASSED] - openBrowser(""): Browser is opened with url: ''

2023-11-01 15:57:17 - [MESSAGE][WARNING] - A browser is already opened. Closing browser and opening a new one

2023-11-01 15:57:18 - [MESSAGE][INFO] - Starting 'Chrome' driver

2023-11-01 15:57:18 - [MESSAGE][INFO] - User set preference: ['acceptInsecureCerts', 'true']

2023-11-01 15:57:18 - [MESSAGE][INFO] - Action delay is set to 0 milliseconds

2023-11-01 15:57:19 - [MESSAGE][PASSED] - Browser is opened with url: ''

2023-11-01 15:57:19 - [TEST_STEP][PASSED] - maximizeWindow(): Current window maximized

2023-11-01 15:57:20 - [MESSAGE][PASSED] - Current window maximized

2023-11-01 15:57:20 - [TEST_STEP][PASSED] - navigateToUrl(RADurl): Navigate to 'https://qa2.velocitypayment.com/client/rad/index.html' successfully

2023-11-01 15:57:20 - [MESSAGE][PASSED] - Navigate to 'https://qa2.velocitypayment.com/client/rad/index.html' successfully

2023-11-01 15:57:20 - [TEST_STEP][PASSED] - selectOptionByLabel(findTestObject(orPath_Landing + "/dd_TaxType"), "Existing Liability w/Notice Number", false): All options with label 'Existing Liability w/Notice Number' are selected in object 'Object Repository/RAD_Pages/Landing_Page/dd_TaxType' 

2023-11-01 15:57:22 - [MESSAGE][PASSED] - All options with label 'Existing Liability w/Notice Number' are selected in object 'Object Repository/RAD_Pages/Landing_Page/dd_TaxType' 

2023-11-01 15:57:22 - [TEST_STEP][PASSED] - selectOptionByLabel(findTestObject(orPath_TaxTypeFilingYear + "/select_TaxType_ExistingLiability"), TaxType, false): All options with label 'Corporate Income Tax' are selected in object 'Object Repository/RAD_Pages/TaxTypeFilingYear_Page/select_TaxType_ExistingLiability' 

2023-11-01 15:57:22 - [MESSAGE][PASSED] - All options with label 'Corporate Income Tax' are selected in object 'Object Repository/RAD_Pages/TaxTypeFilingYear_Page/select_TaxType_ExistingLiability' 

2023-11-01 15:57:22 - [TEST_STEP][PASSED] - setText(findTestObject(orPath_TaxPayer + "/input_businessName"), " "): Text ' ' is set on object 'Object Repository/RAD_Pages/Taxpayer_Page/input_businessName'

2023-11-01 15:57:23 - [MESSAGE][PASSED] - Text ' ' is set on object 'Object Repository/RAD_Pages/Taxpayer_Page/input_businessName'

2023-11-01 15:57:23 - [TEST_STEP][PASSED] - setText(findTestObject(orPath_TaxPayer + "/input_BusinessRepfirstName"), " "): Text ' ' is set on object 'Object Repository/RAD_Pages/Taxpayer_Page/input_BusinessRepfirstName'

2023-11-01 15:57:24 - [MESSAGE][PASSED] - Text ' ' is set on object 'Object Repository/RAD_Pages/Taxpayer_Page/input_BusinessRepfirstName'

2023-11-01 15:57:24 - [TEST_STEP][PASSED] - setText(findTestObject(orPath_TaxPayer + "/input_BusinessReplastName"), " "): Text ' ' is set on object 'Object Repository/RAD_Pages/Taxpayer_Page/input_BusinessReplastName'

2023-11-01 15:57:25 - [MESSAGE][PASSED] - Text ' ' is set on object 'Object Repository/RAD_Pages/Taxpayer_Page/input_BusinessReplastName'

2023-11-01 15:57:25 - [TEST_STEP][PASSED] - setText(findTestObject(orPath_AddressContact + "/input_streetAddress1"), " "): Text ' ' is set on object 'Object Repository/RAD_Pages/AddressAndContactInfo_Page/input_streetAddress1'

2023-11-01 15:57:25 - [MESSAGE][PASSED] - Text ' ' is set on object 'Object Repository/RAD_Pages/AddressAndContactInfo_Page/input_streetAddress1'

2023-11-01 15:57:25 - [TEST_STEP][PASSED] - setText(findTestObject(orPath_AddressContact + "/input_city"), " "): Text ' ' is set on object 'Object Repository/RAD_Pages/AddressAndContactInfo_Page/input_city'

2023-11-01 15:57:26 - [MESSAGE][PASSED] - Text ' ' is set on object 'Object Repository/RAD_Pages/AddressAndContactInfo_Page/input_city'

2023-11-01 15:57:26 - [TEST_STEP][PASSED] - setText(findTestObject(orPath_AddressContact + "/input_zipCode"), " "): Text ' ' is set on object 'Object Repository/RAD_Pages/AddressAndContactInfo_Page/input_zipCode'

2023-11-01 15:57:27 - [MESSAGE][PASSED] - Text ' ' is set on object 'Object Repository/RAD_Pages/AddressAndContactInfo_Page/input_zipCode'

2023-11-01 15:57:27 - [TEST_STEP][PASSED] - setText(findTestObject(orPath_AddressContact + "/input_phoneNumber"), " "): Text ' ' is set on object 'Object Repository/RAD_Pages/AddressAndContactInfo_Page/input_phoneNumber'

2023-11-01 15:57:28 - [MESSAGE][PASSED] - Text ' ' is set on object 'Object Repository/RAD_Pages/AddressAndContactInfo_Page/input_phoneNumber'

2023-11-01 15:57:28 - [TEST_STEP][PASSED] - setText(findTestObject(orPath_AddressContact + "/input_eMailAddress"), " "): Text ' ' is set on object 'Object Repository/RAD_Pages/AddressAndContactInfo_Page/input_eMailAddress'

2023-11-01 15:57:28 - [MESSAGE][PASSED] - Text ' ' is set on object 'Object Repository/RAD_Pages/AddressAndContactInfo_Page/input_eMailAddress'

2023-11-01 15:57:28 - [TEST_STEP][PASSED] - setText(findTestObject(orPath_AddressContact + "/input_reEnterEMailAddress"), " "): Text ' ' is set on object 'Object Repository/RAD_Pages/AddressAndContactInfo_Page/input_reEnterEMailAddress'

2023-11-01 15:57:29 - [MESSAGE][PASSED] - Text ' ' is set on object 'Object Repository/RAD_Pages/AddressAndContactInfo_Page/input_reEnterEMailAddress'

2023-11-01 15:57:29 - [TEST_STEP][PASSED] - resText = "Fail": null

2023-11-01 15:57:29 - [TEST_STEP][PASSED] - pages.WriteExcel.demoKey(resText, datText, resColumn, datCloumn, fileLoc, nameSheet, row): pages.WriteExcel.demoKey is PASSED

2023-11-01 15:57:29 - [MESSAGE][PASSED] - pages.WriteExcel.demoKey is PASSED

2023-11-01 15:57:29 - [TEST_STEP][PASSED] - verifyTextPresent("Enter business name", true, CONTINUE_ON_FAILURE): Text 'Enter business name' is present on page  using regular expression

2023-11-01 15:57:30 - [MESSAGE][PASSED] - Text 'Enter business name' is present on page  using regular expression

2023-11-01 15:57:30 - [TEST_STEP][PASSED] - verifyTextPresent("Enter business rep first name", true, CONTINUE_ON_FAILURE): Text 'Enter business rep first name' is present on page  using regular expression

2023-11-01 15:57:30 - [MESSAGE][PASSED] - Text 'Enter business rep first name' is present on page  using regular expression

2023-11-01 15:57:30 - [TEST_STEP][PASSED] - verifyTextPresent("Enter business rep last name", true, CONTINUE_ON_FAILURE): Text 'Enter business rep last name' is present on page  using regular expression

2023-11-01 15:57:31 - [MESSAGE][PASSED] - Text 'Enter business rep last name' is present on page  using regular expression

2023-11-01 15:57:31 - [TEST_STEP][PASSED] - verifyTextPresent("Enter address", true, CONTINUE_ON_FAILURE): Text 'Enter address' is present on page  using regular expression

2023-11-01 15:57:31 - [MESSAGE][PASSED] - Text 'Enter address' is present on page  using regular expression

2023-11-01 15:57:31 - [TEST_STEP][PASSED] - verifyTextPresent("Enter city", true, CONTINUE_ON_FAILURE): Text 'Enter city' is present on page  using regular expression

2023-11-01 15:57:31 - [MESSAGE][PASSED] - Text 'Enter city' is present on page  using regular expression

2023-11-01 15:57:31 - [TEST_STEP][PASSED] - verifyTextPresent("Enter ZIP code", true, CONTINUE_ON_FAILURE): Text 'Enter ZIP code' is present on page  using regular expression

2023-11-01 15:57:32 - [MESSAGE][PASSED] - Text 'Enter ZIP code' is present on page  using regular expression

2023-11-01 15:57:32 - [TEST_STEP][PASSED] - verifyTextPresent("Enter a valid phone number", true, CONTINUE_ON_FAILURE): Text 'Enter a valid phone number' is present on page  using regular expression

2023-11-01 15:57:32 - [MESSAGE][PASSED] - Text 'Enter a valid phone number' is present on page  using regular expression

2023-11-01 15:57:32 - [TEST_STEP][PASSED] - verifyTextPresent("Enter Email", true, CONTINUE_ON_FAILURE): Text 'Enter Email' is present on page  using regular expression

2023-11-01 15:57:32 - [MESSAGE][PASSED] - Text 'Enter Email' is present on page  using regular expression

2023-11-01 15:57:32 - [TEST_STEP][PASSED] - resText = "Pass": null

2023-11-01 15:57:32 - [TEST_STEP][PASSED] - pages.WriteExcel.demoKey(resText, datText, resColumn, datCloumn, fileLoc, nameSheet, row): pages.WriteExcel.demoKey is PASSED

2023-11-01 15:57:32 - [MESSAGE][PASSED] - pages.WriteExcel.demoKey is PASSED

2023-11-01 15:57:32 - [TEST_STEP][PASSED] - ExecuteTC = findTestData(dataFile).getValue("Execute", row): null

2023-11-01 15:57:32 - [TEST_STEP][PASSED] - TaxType = findTestData(dataFile).getValue("TaxType", row): null

2023-11-01 15:57:33 - [TEST_STEP][PASSED] - PaymentType = findTestData(dataFile).getValue("PaymentType", row): null

2023-11-01 15:57:33 - [TEST_STEP][PASSED] - feinSsn = findTestData(dataFile).getValue("FEINSSN", row): null

2023-11-01 15:57:33 - [TEST_STEP][PASSED] - if (ExecuteTC.equalsIgnoreCase("Y")): pages.WriteExcel.demoKey is PASSED

2023-11-01 15:57:33 - [TEST_STEP][PASSED] - out.println("Begin Record Number: " + row): null

2023-11-01 15:57:33 - [TEST_STEP][PASSED] - today = new java.util.Date(): null

2023-11-01 15:57:33 - [TEST_STEP][PASSED] - println(today): null

2023-11-01 15:57:33 - [TEST_STEP][PASSED] - datText = today: null

2023-11-01 15:57:33 - [TEST_STEP][PASSED] - logInfo("Payment Type: Existing Liability w/Notice Number"): Payment Type: Existing Liability w/Notice Number

2023-11-01 15:57:33 - [MESSAGE][INFO] - Payment Type: Existing Liability w/Notice Number

2023-11-01 15:57:33 - [TEST_STEP][PASSED] - logInfo("Tax Type: " + TaxType): Tax Type: Fiduciary Tax

2023-11-01 15:57:33 - [MESSAGE][INFO] - Tax Type: Fiduciary Tax

2023-11-01 15:57:33 - [TEST_STEP][PASSED] - openBrowser(""): Browser is opened with url: ''

2023-11-01 15:57:33 - [MESSAGE][WARNING] - A browser is already opened. Closing browser and opening a new one

2023-11-01 15:57:34 - [MESSAGE][INFO] - Starting 'Chrome' driver

2023-11-01 15:57:34 - [MESSAGE][INFO] - User set preference: ['acceptInsecureCerts', 'true']

2023-11-01 15:57:34 - [MESSAGE][INFO] - Action delay is set to 0 milliseconds

2023-11-01 15:57:35 - [MESSAGE][PASSED] - Browser is opened with url: ''

2023-11-01 15:57:35 - [TEST_STEP][PASSED] - maximizeWindow(): Current window maximized

2023-11-01 15:57:35 - [MESSAGE][PASSED] - Current window maximized

2023-11-01 15:57:35 - [TEST_STEP][PASSED] - navigateToUrl(RADurl): Navigate to 'https://qa2.velocitypayment.com/client/rad/index.html' successfully

2023-11-01 15:57:36 - [MESSAGE][PASSED] - Navigate to 'https://qa2.velocitypayment.com/client/rad/index.html' successfully

2023-11-01 15:57:36 - [TEST_STEP][PASSED] - selectOptionByLabel(findTestObject(orPath_Landing + "/dd_TaxType"), "Existing Liability w/Notice Number", false): All options with label 'Existing Liability w/Notice Number' are selected in object 'Object Repository/RAD_Pages/Landing_Page/dd_TaxType' 

2023-11-01 15:57:38 - [MESSAGE][PASSED] - All options with label 'Existing Liability w/Notice Number' are selected in object 'Object Repository/RAD_Pages/Landing_Page/dd_TaxType' 

2023-11-01 15:57:38 - [TEST_STEP][PASSED] - selectOptionByLabel(findTestObject(orPath_TaxTypeFilingYear + "/select_TaxType_ExistingLiability"), TaxType, false): All options with label 'Fiduciary Tax' are selected in object 'Object Repository/RAD_Pages/TaxTypeFilingYear_Page/select_TaxType_ExistingLiability' 

2023-11-01 15:57:38 - [MESSAGE][PASSED] - All options with label 'Fiduciary Tax' are selected in object 'Object Repository/RAD_Pages/TaxTypeFilingYear_Page/select_TaxType_ExistingLiability' 

2023-11-01 15:57:38 - [TEST_STEP][PASSED] - setText(findTestObject(orPath_TaxPayer + "/input_businessName"), " "): Text ' ' is set on object 'Object Repository/RAD_Pages/Taxpayer_Page/input_businessName'

2023-11-01 15:57:39 - [MESSAGE][PASSED] - Text ' ' is set on object 'Object Repository/RAD_Pages/Taxpayer_Page/input_businessName'

2023-11-01 15:57:39 - [TEST_STEP][PASSED] - setText(findTestObject(orPath_TaxPayer + "/input_BusinessRepfirstName"), " "): Text ' ' is set on object 'Object Repository/RAD_Pages/Taxpayer_Page/input_BusinessRepfirstName'

2023-11-01 15:57:40 - [MESSAGE][PASSED] - Text ' ' is set on object 'Object Repository/RAD_Pages/Taxpayer_Page/input_BusinessRepfirstName'

2023-11-01 15:57:40 - [TEST_STEP][PASSED] - setText(findTestObject(orPath_TaxPayer + "/input_BusinessReplastName"), " "): Text ' ' is set on object 'Object Repository/RAD_Pages/Taxpayer_Page/input_BusinessReplastName'

2023-11-01 15:57:41 - [MESSAGE][PASSED] - Text ' ' is set on object 'Object Repository/RAD_Pages/Taxpayer_Page/input_BusinessReplastName'

2023-11-01 15:57:41 - [TEST_STEP][PASSED] - setText(findTestObject(orPath_AddressContact + "/input_streetAddress1"), " "): Text ' ' is set on object 'Object Repository/RAD_Pages/AddressAndContactInfo_Page/input_streetAddress1'

2023-11-01 15:57:41 - [MESSAGE][PASSED] - Text ' ' is set on object 'Object Repository/RAD_Pages/AddressAndContactInfo_Page/input_streetAddress1'

2023-11-01 15:57:41 - [TEST_STEP][PASSED] - setText(findTestObject(orPath_AddressContact + "/input_city"), " "): Text ' ' is set on object 'Object Repository/RAD_Pages/AddressAndContactInfo_Page/input_city'

2023-11-01 15:57:42 - [MESSAGE][PASSED] - Text ' ' is set on object 'Object Repository/RAD_Pages/AddressAndContactInfo_Page/input_city'

2023-11-01 15:57:42 - [TEST_STEP][PASSED] - setText(findTestObject(orPath_AddressContact + "/input_zipCode"), " "): Text ' ' is set on object 'Object Repository/RAD_Pages/AddressAndContactInfo_Page/input_zipCode'

2023-11-01 15:57:43 - [MESSAGE][PASSED] - Text ' ' is set on object 'Object Repository/RAD_Pages/AddressAndContactInfo_Page/input_zipCode'

2023-11-01 15:57:43 - [TEST_STEP][PASSED] - setText(findTestObject(orPath_AddressContact + "/input_phoneNumber"), " "): Text ' ' is set on object 'Object Repository/RAD_Pages/AddressAndContactInfo_Page/input_phoneNumber'

2023-11-01 15:57:43 - [MESSAGE][PASSED] - Text ' ' is set on object 'Object Repository/RAD_Pages/AddressAndContactInfo_Page/input_phoneNumber'

2023-11-01 15:57:43 - [TEST_STEP][PASSED] - setText(findTestObject(orPath_AddressContact + "/input_eMailAddress"), " "): Text ' ' is set on object 'Object Repository/RAD_Pages/AddressAndContactInfo_Page/input_eMailAddress'

2023-11-01 15:57:44 - [MESSAGE][PASSED] - Text ' ' is set on object 'Object Repository/RAD_Pages/AddressAndContactInfo_Page/input_eMailAddress'

2023-11-01 15:57:44 - [TEST_STEP][PASSED] - setText(findTestObject(orPath_AddressContact + "/input_reEnterEMailAddress"), " "): Text ' ' is set on object 'Object Repository/RAD_Pages/AddressAndContactInfo_Page/input_reEnterEMailAddress'

2023-11-01 15:57:45 - [MESSAGE][PASSED] - Text ' ' is set on object 'Object Repository/RAD_Pages/AddressAndContactInfo_Page/input_reEnterEMailAddress'

2023-11-01 15:57:45 - [TEST_STEP][PASSED] - resText = "Fail": null

2023-11-01 15:57:45 - [TEST_STEP][PASSED] - pages.WriteExcel.demoKey(resText, datText, resColumn, datCloumn, fileLoc, nameSheet, row): pages.WriteExcel.demoKey is PASSED

2023-11-01 15:57:45 - [MESSAGE][PASSED] - pages.WriteExcel.demoKey is PASSED

2023-11-01 15:57:45 - [TEST_STEP][PASSED] - verifyTextPresent("Enter business name", true, CONTINUE_ON_FAILURE): Text 'Enter business name' is present on page  using regular expression

2023-11-01 15:57:46 - [MESSAGE][PASSED] - Text 'Enter business name' is present on page  using regular expression

2023-11-01 15:57:46 - [TEST_STEP][PASSED] - verifyTextPresent("Enter business rep first name", true, CONTINUE_ON_FAILURE): Text 'Enter business rep first name' is present on page  using regular expression

2023-11-01 15:57:46 - [MESSAGE][PASSED] - Text 'Enter business rep first name' is present on page  using regular expression

2023-11-01 15:57:46 - [TEST_STEP][PASSED] - verifyTextPresent("Enter business rep last name", true, CONTINUE_ON_FAILURE): Text 'Enter business rep last name' is present on page  using regular expression

2023-11-01 15:57:46 - [MESSAGE][PASSED] - Text 'Enter business rep last name' is present on page  using regular expression

2023-11-01 15:57:46 - [TEST_STEP][PASSED] - verifyTextPresent("Enter address", true, CONTINUE_ON_FAILURE): Text 'Enter address' is present on page  using regular expression

2023-11-01 15:57:47 - [MESSAGE][PASSED] - Text 'Enter address' is present on page  using regular expression

2023-11-01 15:57:47 - [TEST_STEP][PASSED] - verifyTextPresent("Enter city", true, CONTINUE_ON_FAILURE): Text 'Enter city' is present on page  using regular expression

2023-11-01 15:57:47 - [MESSAGE][PASSED] - Text 'Enter city' is present on page  using regular expression

2023-11-01 15:57:47 - [TEST_STEP][PASSED] - verifyTextPresent("Enter ZIP code", true, CONTINUE_ON_FAILURE): Text 'Enter ZIP code' is present on page  using regular expression

2023-11-01 15:57:47 - [MESSAGE][PASSED] - Text 'Enter ZIP code' is present on page  using regular expression

2023-11-01 15:57:47 - [TEST_STEP][PASSED] - verifyTextPresent("Enter a valid phone number", true, CONTINUE_ON_FAILURE): Text 'Enter a valid phone number' is present on page  using regular expression

2023-11-01 15:57:48 - [MESSAGE][PASSED] - Text 'Enter a valid phone number' is present on page  using regular expression

2023-11-01 15:57:48 - [TEST_STEP][PASSED] - verifyTextPresent("Enter Email", true, CONTINUE_ON_FAILURE): Text 'Enter Email' is present on page  using regular expression

2023-11-01 15:57:48 - [MESSAGE][PASSED] - Text 'Enter Email' is present on page  using regular expression

2023-11-01 15:57:48 - [TEST_STEP][PASSED] - resText = "Pass": null

2023-11-01 15:57:48 - [TEST_STEP][PASSED] - pages.WriteExcel.demoKey(resText, datText, resColumn, datCloumn, fileLoc, nameSheet, row): pages.WriteExcel.demoKey is PASSED

2023-11-01 15:57:48 - [MESSAGE][PASSED] - pages.WriteExcel.demoKey is PASSED

2023-11-01 15:57:48 - [TEST_STEP][PASSED] - ExecuteTC = findTestData(dataFile).getValue("Execute", row): null

2023-11-01 15:57:48 - [TEST_STEP][PASSED] - TaxType = findTestData(dataFile).getValue("TaxType", row): null

2023-11-01 15:57:48 - [TEST_STEP][PASSED] - PaymentType = findTestData(dataFile).getValue("PaymentType", row): null

2023-11-01 15:57:48 - [TEST_STEP][PASSED] - feinSsn = findTestData(dataFile).getValue("FEINSSN", row): null

2023-11-01 15:57:48 - [TEST_STEP][PASSED] - if (ExecuteTC.equalsIgnoreCase("Y")): pages.WriteExcel.demoKey is PASSED

2023-11-01 15:57:48 - [TEST_STEP][PASSED] - out.println("Begin Record Number: " + row): null

2023-11-01 15:57:48 - [TEST_STEP][PASSED] - today = new java.util.Date(): null

2023-11-01 15:57:48 - [TEST_STEP][PASSED] - println(today): null

2023-11-01 15:57:48 - [TEST_STEP][PASSED] - datText = today: null

2023-11-01 15:57:48 - [TEST_STEP][PASSED] - logInfo("Payment Type: Existing Liability w/Notice Number"): Payment Type: Existing Liability w/Notice Number

2023-11-01 15:57:48 - [MESSAGE][INFO] - Payment Type: Existing Liability w/Notice Number

2023-11-01 15:57:48 - [TEST_STEP][PASSED] - logInfo("Tax Type: " + TaxType): Tax Type: PTE Non-Electing Non-S Corp

2023-11-01 15:57:48 - [MESSAGE][INFO] - Tax Type: PTE Non-Electing Non-S Corp

2023-11-01 15:57:48 - [TEST_STEP][PASSED] - openBrowser(""): Browser is opened with url: ''

2023-11-01 15:57:48 - [MESSAGE][WARNING] - A browser is already opened. Closing browser and opening a new one

2023-11-01 15:57:49 - [MESSAGE][INFO] - Starting 'Chrome' driver

2023-11-01 15:57:49 - [MESSAGE][INFO] - User set preference: ['acceptInsecureCerts', 'true']

2023-11-01 15:57:49 - [MESSAGE][INFO] - Action delay is set to 0 milliseconds

2023-11-01 15:57:51 - [MESSAGE][PASSED] - Browser is opened with url: ''

2023-11-01 15:57:51 - [TEST_STEP][PASSED] - maximizeWindow(): Current window maximized

2023-11-01 15:57:51 - [MESSAGE][PASSED] - Current window maximized

2023-11-01 15:57:51 - [TEST_STEP][PASSED] - navigateToUrl(RADurl): Navigate to 'https://qa2.velocitypayment.com/client/rad/index.html' successfully

2023-11-01 15:57:51 - [MESSAGE][PASSED] - Navigate to 'https://qa2.velocitypayment.com/client/rad/index.html' successfully

2023-11-01 15:57:51 - [TEST_STEP][PASSED] - selectOptionByLabel(findTestObject(orPath_Landing + "/dd_TaxType"), "Existing Liability w/Notice Number", false): All options with label 'Existing Liability w/Notice Number' are selected in object 'Object Repository/RAD_Pages/Landing_Page/dd_TaxType' 

2023-11-01 15:57:53 - [MESSAGE][PASSED] - All options with label 'Existing Liability w/Notice Number' are selected in object 'Object Repository/RAD_Pages/Landing_Page/dd_TaxType' 

2023-11-01 15:57:53 - [TEST_STEP][PASSED] - selectOptionByLabel(findTestObject(orPath_TaxTypeFilingYear + "/select_TaxType_ExistingLiability"), TaxType, false): All options with label 'PTE Non-Electing Non-S Corp' are selected in object 'Object Repository/RAD_Pages/TaxTypeFilingYear_Page/select_TaxType_ExistingLiability' 

2023-11-01 15:57:54 - [MESSAGE][PASSED] - All options with label 'PTE Non-Electing Non-S Corp' are selected in object 'Object Repository/RAD_Pages/TaxTypeFilingYear_Page/select_TaxType_ExistingLiability' 

2023-11-01 15:57:54 - [TEST_STEP][PASSED] - setText(findTestObject(orPath_TaxPayer + "/input_businessName"), " "): Text ' ' is set on object 'Object Repository/RAD_Pages/Taxpayer_Page/input_businessName'

2023-11-01 15:57:55 - [MESSAGE][PASSED] - Text ' ' is set on object 'Object Repository/RAD_Pages/Taxpayer_Page/input_businessName'

2023-11-01 15:57:55 - [TEST_STEP][PASSED] - setText(findTestObject(orPath_TaxPayer + "/input_BusinessRepfirstName"), " "): Text ' ' is set on object 'Object Repository/RAD_Pages/Taxpayer_Page/input_BusinessRepfirstName'

2023-11-01 15:57:56 - [MESSAGE][PASSED] - Text ' ' is set on object 'Object Repository/RAD_Pages/Taxpayer_Page/input_BusinessRepfirstName'

2023-11-01 15:57:56 - [TEST_STEP][PASSED] - setText(findTestObject(orPath_TaxPayer + "/input_BusinessReplastName"), " "): Text ' ' is set on object 'Object Repository/RAD_Pages/Taxpayer_Page/input_BusinessReplastName'

2023-11-01 15:57:56 - [MESSAGE][PASSED] - Text ' ' is set on object 'Object Repository/RAD_Pages/Taxpayer_Page/input_BusinessReplastName'

2023-11-01 15:57:56 - [TEST_STEP][PASSED] - setText(findTestObject(orPath_AddressContact + "/input_streetAddress1"), " "): Text ' ' is set on object 'Object Repository/RAD_Pages/AddressAndContactInfo_Page/input_streetAddress1'

2023-11-01 15:57:57 - [MESSAGE][PASSED] - Text ' ' is set on object 'Object Repository/RAD_Pages/AddressAndContactInfo_Page/input_streetAddress1'

2023-11-01 15:57:57 - [TEST_STEP][PASSED] - setText(findTestObject(orPath_AddressContact + "/input_city"), " "): Text ' ' is set on object 'Object Repository/RAD_Pages/AddressAndContactInfo_Page/input_city'

2023-11-01 15:57:58 - [MESSAGE][PASSED] - Text ' ' is set on object 'Object Repository/RAD_Pages/AddressAndContactInfo_Page/input_city'

2023-11-01 15:57:58 - [TEST_STEP][PASSED] - setText(findTestObject(orPath_AddressContact + "/input_zipCode"), " "): Text ' ' is set on object 'Object Repository/RAD_Pages/AddressAndContactInfo_Page/input_zipCode'

2023-11-01 15:57:58 - [MESSAGE][PASSED] - Text ' ' is set on object 'Object Repository/RAD_Pages/AddressAndContactInfo_Page/input_zipCode'

2023-11-01 15:57:58 - [TEST_STEP][PASSED] - setText(findTestObject(orPath_AddressContact + "/input_phoneNumber"), " "): Text ' ' is set on object 'Object Repository/RAD_Pages/AddressAndContactInfo_Page/input_phoneNumber'

2023-11-01 15:57:59 - [MESSAGE][PASSED] - Text ' ' is set on object 'Object Repository/RAD_Pages/AddressAndContactInfo_Page/input_phoneNumber'

2023-11-01 15:57:59 - [TEST_STEP][PASSED] - setText(findTestObject(orPath_AddressContact + "/input_eMailAddress"), " "): Text ' ' is set on object 'Object Repository/RAD_Pages/AddressAndContactInfo_Page/input_eMailAddress'

2023-11-01 15:58:00 - [MESSAGE][PASSED] - Text ' ' is set on object 'Object Repository/RAD_Pages/AddressAndContactInfo_Page/input_eMailAddress'

2023-11-01 15:58:00 - [TEST_STEP][PASSED] - setText(findTestObject(orPath_AddressContact + "/input_reEnterEMailAddress"), " "): Text ' ' is set on object 'Object Repository/RAD_Pages/AddressAndContactInfo_Page/input_reEnterEMailAddress'

2023-11-01 15:58:01 - [MESSAGE][PASSED] - Text ' ' is set on object 'Object Repository/RAD_Pages/AddressAndContactInfo_Page/input_reEnterEMailAddress'

2023-11-01 15:58:01 - [TEST_STEP][PASSED] - resText = "Fail": null

2023-11-01 15:58:01 - [TEST_STEP][PASSED] - pages.WriteExcel.demoKey(resText, datText, resColumn, datCloumn, fileLoc, nameSheet, row): pages.WriteExcel.demoKey is PASSED

2023-11-01 15:58:01 - [MESSAGE][PASSED] - pages.WriteExcel.demoKey is PASSED

2023-11-01 15:58:01 - [TEST_STEP][PASSED] - verifyTextPresent("Enter business name", true, CONTINUE_ON_FAILURE): Text 'Enter business name' is present on page  using regular expression

2023-11-01 15:58:01 - [MESSAGE][PASSED] - Text 'Enter business name' is present on page  using regular expression

2023-11-01 15:58:01 - [TEST_STEP][PASSED] - verifyTextPresent("Enter business rep first name", true, CONTINUE_ON_FAILURE): Text 'Enter business rep first name' is present on page  using regular expression

2023-11-01 15:58:02 - [MESSAGE][PASSED] - Text 'Enter business rep first name' is present on page  using regular expression

2023-11-01 15:58:02 - [TEST_STEP][PASSED] - verifyTextPresent("Enter business rep last name", true, CONTINUE_ON_FAILURE): Text 'Enter business rep last name' is present on page  using regular expression

2023-11-01 15:58:02 - [MESSAGE][PASSED] - Text 'Enter business rep last name' is present on page  using regular expression

2023-11-01 15:58:02 - [TEST_STEP][PASSED] - verifyTextPresent("Enter address", true, CONTINUE_ON_FAILURE): Text 'Enter address' is present on page  using regular expression

2023-11-01 15:58:02 - [MESSAGE][PASSED] - Text 'Enter address' is present on page  using regular expression

2023-11-01 15:58:02 - [TEST_STEP][PASSED] - verifyTextPresent("Enter city", true, CONTINUE_ON_FAILURE): Text 'Enter city' is present on page  using regular expression

2023-11-01 15:58:03 - [MESSAGE][PASSED] - Text 'Enter city' is present on page  using regular expression

2023-11-01 15:58:03 - [TEST_STEP][PASSED] - verifyTextPresent("Enter ZIP code", true, CONTINUE_ON_FAILURE): Text 'Enter ZIP code' is present on page  using regular expression

2023-11-01 15:58:03 - [MESSAGE][PASSED] - Text 'Enter ZIP code' is present on page  using regular expression

2023-11-01 15:58:03 - [TEST_STEP][PASSED] - verifyTextPresent("Enter a valid phone number", true, CONTINUE_ON_FAILURE): Text 'Enter a valid phone number' is present on page  using regular expression

2023-11-01 15:58:04 - [MESSAGE][PASSED] - Text 'Enter a valid phone number' is present on page  using regular expression

2023-11-01 15:58:04 - [TEST_STEP][PASSED] - verifyTextPresent("Enter Email", true, CONTINUE_ON_FAILURE): Text 'Enter Email' is present on page  using regular expression

2023-11-01 15:58:04 - [MESSAGE][PASSED] - Text 'Enter Email' is present on page  using regular expression

2023-11-01 15:58:04 - [TEST_STEP][PASSED] - resText = "Pass": null

2023-11-01 15:58:04 - [TEST_STEP][PASSED] - pages.WriteExcel.demoKey(resText, datText, resColumn, datCloumn, fileLoc, nameSheet, row): pages.WriteExcel.demoKey is PASSED

2023-11-01 15:58:04 - [MESSAGE][PASSED] - pages.WriteExcel.demoKey is PASSED

2023-11-01 15:58:04 - [TEST_STEP][PASSED] - ExecuteTC = findTestData(dataFile).getValue("Execute", row): null

2023-11-01 15:58:04 - [TEST_STEP][PASSED] - TaxType = findTestData(dataFile).getValue("TaxType", row): null

2023-11-01 15:58:04 - [TEST_STEP][PASSED] - PaymentType = findTestData(dataFile).getValue("PaymentType", row): null

2023-11-01 15:58:04 - [TEST_STEP][PASSED] - feinSsn = findTestData(dataFile).getValue("FEINSSN", row): null

2023-11-01 15:58:04 - [TEST_STEP][PASSED] - if (ExecuteTC.equalsIgnoreCase("Y")): pages.WriteExcel.demoKey is PASSED

2023-11-01 15:58:04 - [TEST_STEP][PASSED] - out.println("Begin Record Number: " + row): null

2023-11-01 15:58:04 - [TEST_STEP][PASSED] - today = new java.util.Date(): null

2023-11-01 15:58:04 - [TEST_STEP][PASSED] - println(today): null

2023-11-01 15:58:04 - [TEST_STEP][PASSED] - datText = today: null

2023-11-01 15:58:04 - [TEST_STEP][PASSED] - logInfo("Payment Type: Existing Liability w/Notice Number"): Payment Type: Existing Liability w/Notice Number

2023-11-01 15:58:04 - [MESSAGE][INFO] - Payment Type: Existing Liability w/Notice Number

2023-11-01 15:58:04 - [TEST_STEP][PASSED] - logInfo("Tax Type: " + TaxType): Tax Type: PTE Non-Electing S Corp

2023-11-01 15:58:04 - [MESSAGE][INFO] - Tax Type: PTE Non-Electing S Corp

2023-11-01 15:58:04 - [TEST_STEP][PASSED] - openBrowser(""): Browser is opened with url: ''

2023-11-01 15:58:04 - [MESSAGE][WARNING] - A browser is already opened. Closing browser and opening a new one

2023-11-01 15:58:05 - [MESSAGE][INFO] - Starting 'Chrome' driver

2023-11-01 15:58:05 - [MESSAGE][INFO] - User set preference: ['acceptInsecureCerts', 'true']

2023-11-01 15:58:05 - [MESSAGE][INFO] - Action delay is set to 0 milliseconds

2023-11-01 15:58:07 - [MESSAGE][PASSED] - Browser is opened with url: ''

2023-11-01 15:58:07 - [TEST_STEP][PASSED] - maximizeWindow(): Current window maximized

2023-11-01 15:58:07 - [MESSAGE][PASSED] - Current window maximized

2023-11-01 15:58:07 - [TEST_STEP][PASSED] - navigateToUrl(RADurl): Navigate to 'https://qa2.velocitypayment.com/client/rad/index.html' successfully

2023-11-01 15:58:07 - [MESSAGE][PASSED] - Navigate to 'https://qa2.velocitypayment.com/client/rad/index.html' successfully

2023-11-01 15:58:07 - [TEST_STEP][PASSED] - selectOptionByLabel(findTestObject(orPath_Landing + "/dd_TaxType"), "Existing Liability w/Notice Number", false): All options with label 'Existing Liability w/Notice Number' are selected in object 'Object Repository/RAD_Pages/Landing_Page/dd_TaxType' 

2023-11-01 15:58:09 - [MESSAGE][PASSED] - All options with label 'Existing Liability w/Notice Number' are selected in object 'Object Repository/RAD_Pages/Landing_Page/dd_TaxType' 

2023-11-01 15:58:09 - [TEST_STEP][PASSED] - selectOptionByLabel(findTestObject(orPath_TaxTypeFilingYear + "/select_TaxType_ExistingLiability"), TaxType, false): All options with label 'PTE Non-Electing S Corp' are selected in object 'Object Repository/RAD_Pages/TaxTypeFilingYear_Page/select_TaxType_ExistingLiability' 

2023-11-01 15:58:10 - [MESSAGE][PASSED] - All options with label 'PTE Non-Electing S Corp' are selected in object 'Object Repository/RAD_Pages/TaxTypeFilingYear_Page/select_TaxType_ExistingLiability' 

2023-11-01 15:58:10 - [TEST_STEP][PASSED] - setText(findTestObject(orPath_TaxPayer + "/input_businessName"), " "): Text ' ' is set on object 'Object Repository/RAD_Pages/Taxpayer_Page/input_businessName'

2023-11-01 15:58:11 - [MESSAGE][PASSED] - Text ' ' is set on object 'Object Repository/RAD_Pages/Taxpayer_Page/input_businessName'

2023-11-01 15:58:11 - [TEST_STEP][PASSED] - setText(findTestObject(orPath_TaxPayer + "/input_BusinessRepfirstName"), " "): Text ' ' is set on object 'Object Repository/RAD_Pages/Taxpayer_Page/input_BusinessRepfirstName'

2023-11-01 15:58:11 - [MESSAGE][PASSED] - Text ' ' is set on object 'Object Repository/RAD_Pages/Taxpayer_Page/input_BusinessRepfirstName'

2023-11-01 15:58:11 - [TEST_STEP][PASSED] - setText(findTestObject(orPath_TaxPayer + "/input_BusinessReplastName"), " "): Text ' ' is set on object 'Object Repository/RAD_Pages/Taxpayer_Page/input_BusinessReplastName'

2023-11-01 15:58:12 - [MESSAGE][PASSED] - Text ' ' is set on object 'Object Repository/RAD_Pages/Taxpayer_Page/input_BusinessReplastName'

2023-11-01 15:58:12 - [TEST_STEP][PASSED] - setText(findTestObject(orPath_AddressContact + "/input_streetAddress1"), " "): Text ' ' is set on object 'Object Repository/RAD_Pages/AddressAndContactInfo_Page/input_streetAddress1'

2023-11-01 15:58:13 - [MESSAGE][PASSED] - Text ' ' is set on object 'Object Repository/RAD_Pages/AddressAndContactInfo_Page/input_streetAddress1'

2023-11-01 15:58:13 - [TEST_STEP][PASSED] - setText(findTestObject(orPath_AddressContact + "/input_city"), " "): Text ' ' is set on object 'Object Repository/RAD_Pages/AddressAndContactInfo_Page/input_city'

2023-11-01 15:58:13 - [MESSAGE][PASSED] - Text ' ' is set on object 'Object Repository/RAD_Pages/AddressAndContactInfo_Page/input_city'

2023-11-01 15:58:13 - [TEST_STEP][PASSED] - setText(findTestObject(orPath_AddressContact + "/input_zipCode"), " "): Text ' ' is set on object 'Object Repository/RAD_Pages/AddressAndContactInfo_Page/input_zipCode'

2023-11-01 15:58:14 - [MESSAGE][PASSED] - Text ' ' is set on object 'Object Repository/RAD_Pages/AddressAndContactInfo_Page/input_zipCode'

2023-11-01 15:58:14 - [TEST_STEP][PASSED] - setText(findTestObject(orPath_AddressContact + "/input_phoneNumber"), " "): Text ' ' is set on object 'Object Repository/RAD_Pages/AddressAndContactInfo_Page/input_phoneNumber'

2023-11-01 15:58:15 - [MESSAGE][PASSED] - Text ' ' is set on object 'Object Repository/RAD_Pages/AddressAndContactInfo_Page/input_phoneNumber'

2023-11-01 15:58:15 - [TEST_STEP][PASSED] - setText(findTestObject(orPath_AddressContact + "/input_eMailAddress"), " "): Text ' ' is set on object 'Object Repository/RAD_Pages/AddressAndContactInfo_Page/input_eMailAddress'

2023-11-01 15:58:16 - [MESSAGE][PASSED] - Text ' ' is set on object 'Object Repository/RAD_Pages/AddressAndContactInfo_Page/input_eMailAddress'

2023-11-01 15:58:16 - [TEST_STEP][PASSED] - setText(findTestObject(orPath_AddressContact + "/input_reEnterEMailAddress"), " "): Text ' ' is set on object 'Object Repository/RAD_Pages/AddressAndContactInfo_Page/input_reEnterEMailAddress'

2023-11-01 15:58:16 - [MESSAGE][PASSED] - Text ' ' is set on object 'Object Repository/RAD_Pages/AddressAndContactInfo_Page/input_reEnterEMailAddress'

2023-11-01 15:58:16 - [TEST_STEP][PASSED] - resText = "Fail": null

2023-11-01 15:58:16 - [TEST_STEP][PASSED] - pages.WriteExcel.demoKey(resText, datText, resColumn, datCloumn, fileLoc, nameSheet, row): pages.WriteExcel.demoKey is PASSED

2023-11-01 15:58:16 - [MESSAGE][PASSED] - pages.WriteExcel.demoKey is PASSED

2023-11-01 15:58:16 - [TEST_STEP][PASSED] - verifyTextPresent("Enter business name", true, CONTINUE_ON_FAILURE): Text 'Enter business name' is present on page  using regular expression

2023-11-01 15:58:17 - [MESSAGE][PASSED] - Text 'Enter business name' is present on page  using regular expression

2023-11-01 15:58:17 - [TEST_STEP][PASSED] - verifyTextPresent("Enter business rep first name", true, CONTINUE_ON_FAILURE): Text 'Enter business rep first name' is present on page  using regular expression

2023-11-01 15:58:17 - [MESSAGE][PASSED] - Text 'Enter business rep first name' is present on page  using regular expression

2023-11-01 15:58:17 - [TEST_STEP][PASSED] - verifyTextPresent("Enter business rep last name", true, CONTINUE_ON_FAILURE): Text 'Enter business rep last name' is present on page  using regular expression

2023-11-01 15:58:18 - [MESSAGE][PASSED] - Text 'Enter business rep last name' is present on page  using regular expression

2023-11-01 15:58:18 - [TEST_STEP][PASSED] - verifyTextPresent("Enter address", true, CONTINUE_ON_FAILURE): Text 'Enter address' is present on page  using regular expression

2023-11-01 15:58:18 - [MESSAGE][PASSED] - Text 'Enter address' is present on page  using regular expression

2023-11-01 15:58:18 - [TEST_STEP][PASSED] - verifyTextPresent("Enter city", true, CONTINUE_ON_FAILURE): Text 'Enter city' is present on page  using regular expression

2023-11-01 15:58:18 - [MESSAGE][PASSED] - Text 'Enter city' is present on page  using regular expression

2023-11-01 15:58:18 - [TEST_STEP][PASSED] - verifyTextPresent("Enter ZIP code", true, CONTINUE_ON_FAILURE): Text 'Enter ZIP code' is present on page  using regular expression

2023-11-01 15:58:19 - [MESSAGE][PASSED] - Text 'Enter ZIP code' is present on page  using regular expression

2023-11-01 15:58:19 - [TEST_STEP][PASSED] - verifyTextPresent("Enter a valid phone number", true, CONTINUE_ON_FAILURE): Text 'Enter a valid phone number' is present on page  using regular expression

2023-11-01 15:58:19 - [MESSAGE][PASSED] - Text 'Enter a valid phone number' is present on page  using regular expression

2023-11-01 15:58:19 - [TEST_STEP][PASSED] - verifyTextPresent("Enter Email", true, CONTINUE_ON_FAILURE): Text 'Enter Email' is present on page  using regular expression

2023-11-01 15:58:19 - [MESSAGE][PASSED] - Text 'Enter Email' is present on page  using regular expression

2023-11-01 15:58:19 - [TEST_STEP][PASSED] - resText = "Pass": null

2023-11-01 15:58:19 - [TEST_STEP][PASSED] - pages.WriteExcel.demoKey(resText, datText, resColumn, datCloumn, fileLoc, nameSheet, row): pages.WriteExcel.demoKey is PASSED

2023-11-01 15:58:20 - [MESSAGE][PASSED] - pages.WriteExcel.demoKey is PASSED

2023-11-01 15:58:20 - [TEST_STEP][PASSED] - ExecuteTC = findTestData(dataFile).getValue("Execute", row): null

2023-11-01 15:58:20 - [TEST_STEP][PASSED] - TaxType = findTestData(dataFile).getValue("TaxType", row): null

2023-11-01 15:58:20 - [TEST_STEP][PASSED] - PaymentType = findTestData(dataFile).getValue("PaymentType", row): null

2023-11-01 15:58:20 - [TEST_STEP][PASSED] - feinSsn = findTestData(dataFile).getValue("FEINSSN", row): null

2023-11-01 15:58:20 - [TEST_STEP][PASSED] - if (ExecuteTC.equalsIgnoreCase("Y")): pages.WriteExcel.demoKey is PASSED

2023-11-01 15:58:20 - [TEST_STEP][PASSED] - out.println("Begin Record Number: " + row): null

2023-11-01 15:58:20 - [TEST_STEP][PASSED] - today = new java.util.Date(): null

2023-11-01 15:58:20 - [TEST_STEP][PASSED] - println(today): null

2023-11-01 15:58:20 - [TEST_STEP][PASSED] - datText = today: null

2023-11-01 15:58:20 - [TEST_STEP][PASSED] - logInfo("Payment Type: Existing Liability w/Notice Number"): Payment Type: Existing Liability w/Notice Number

2023-11-01 15:58:20 - [MESSAGE][INFO] - Payment Type: Existing Liability w/Notice Number

2023-11-01 15:58:20 - [TEST_STEP][PASSED] - logInfo("Tax Type: " + TaxType): Tax Type: Sales & Use Tax

2023-11-01 15:58:20 - [MESSAGE][INFO] - Tax Type: Sales & Use Tax

2023-11-01 15:58:20 - [TEST_STEP][PASSED] - openBrowser(""): Browser is opened with url: ''

2023-11-01 15:58:20 - [MESSAGE][WARNING] - A browser is already opened. Closing browser and opening a new one

2023-11-01 15:58:21 - [MESSAGE][INFO] - Starting 'Chrome' driver

2023-11-01 15:58:21 - [MESSAGE][INFO] - User set preference: ['acceptInsecureCerts', 'true']

2023-11-01 15:58:21 - [MESSAGE][INFO] - Action delay is set to 0 milliseconds

2023-11-01 15:58:22 - [MESSAGE][PASSED] - Browser is opened with url: ''

2023-11-01 15:58:22 - [TEST_STEP][PASSED] - maximizeWindow(): Current window maximized

2023-11-01 15:58:22 - [MESSAGE][PASSED] - Current window maximized

2023-11-01 15:58:22 - [TEST_STEP][PASSED] - navigateToUrl(RADurl): Navigate to 'https://qa2.velocitypayment.com/client/rad/index.html' successfully

2023-11-01 15:58:23 - [MESSAGE][PASSED] - Navigate to 'https://qa2.velocitypayment.com/client/rad/index.html' successfully

2023-11-01 15:58:23 - [TEST_STEP][PASSED] - selectOptionByLabel(findTestObject(orPath_Landing + "/dd_TaxType"), "Existing Liability w/Notice Number", false): All options with label 'Existing Liability w/Notice Number' are selected in object 'Object Repository/RAD_Pages/Landing_Page/dd_TaxType' 

2023-11-01 15:58:25 - [MESSAGE][PASSED] - All options with label 'Existing Liability w/Notice Number' are selected in object 'Object Repository/RAD_Pages/Landing_Page/dd_TaxType' 

2023-11-01 15:58:25 - [TEST_STEP][PASSED] - selectOptionByLabel(findTestObject(orPath_TaxTypeFilingYear + "/select_TaxType_ExistingLiability"), TaxType, false): All options with label 'Sales & Use Tax' are selected in object 'Object Repository/RAD_Pages/TaxTypeFilingYear_Page/select_TaxType_ExistingLiability' 

2023-11-01 15:58:25 - [MESSAGE][PASSED] - All options with label 'Sales & Use Tax' are selected in object 'Object Repository/RAD_Pages/TaxTypeFilingYear_Page/select_TaxType_ExistingLiability' 

2023-11-01 15:58:25 - [TEST_STEP][PASSED] - setText(findTestObject(orPath_TaxPayer + "/input_businessName"), " "): Text ' ' is set on object 'Object Repository/RAD_Pages/Taxpayer_Page/input_businessName'

2023-11-01 15:58:26 - [MESSAGE][PASSED] - Text ' ' is set on object 'Object Repository/RAD_Pages/Taxpayer_Page/input_businessName'

2023-11-01 15:58:26 - [TEST_STEP][PASSED] - setText(findTestObject(orPath_TaxPayer + "/input_BusinessRepfirstName"), " "): Text ' ' is set on object 'Object Repository/RAD_Pages/Taxpayer_Page/input_BusinessRepfirstName'

2023-11-01 15:58:27 - [MESSAGE][PASSED] - Text ' ' is set on object 'Object Repository/RAD_Pages/Taxpayer_Page/input_BusinessRepfirstName'

2023-11-01 15:58:27 - [TEST_STEP][PASSED] - setText(findTestObject(orPath_TaxPayer + "/input_BusinessReplastName"), " "): Text ' ' is set on object 'Object Repository/RAD_Pages/Taxpayer_Page/input_BusinessReplastName'

2023-11-01 15:58:27 - [MESSAGE][PASSED] - Text ' ' is set on object 'Object Repository/RAD_Pages/Taxpayer_Page/input_BusinessReplastName'

2023-11-01 15:58:27 - [TEST_STEP][PASSED] - setText(findTestObject(orPath_AddressContact + "/input_streetAddress1"), " "): Text ' ' is set on object 'Object Repository/RAD_Pages/AddressAndContactInfo_Page/input_streetAddress1'

2023-11-01 15:58:28 - [MESSAGE][PASSED] - Text ' ' is set on object 'Object Repository/RAD_Pages/AddressAndContactInfo_Page/input_streetAddress1'

2023-11-01 15:58:28 - [TEST_STEP][PASSED] - setText(findTestObject(orPath_AddressContact + "/input_city"), " "): Text ' ' is set on object 'Object Repository/RAD_Pages/AddressAndContactInfo_Page/input_city'

2023-11-01 15:58:29 - [MESSAGE][PASSED] - Text ' ' is set on object 'Object Repository/RAD_Pages/AddressAndContactInfo_Page/input_city'

2023-11-01 15:58:29 - [TEST_STEP][PASSED] - setText(findTestObject(orPath_AddressContact + "/input_zipCode"), " "): Text ' ' is set on object 'Object Repository/RAD_Pages/AddressAndContactInfo_Page/input_zipCode'

2023-11-01 15:58:30 - [MESSAGE][PASSED] - Text ' ' is set on object 'Object Repository/RAD_Pages/AddressAndContactInfo_Page/input_zipCode'

2023-11-01 15:58:30 - [TEST_STEP][PASSED] - setText(findTestObject(orPath_AddressContact + "/input_phoneNumber"), " "): Text ' ' is set on object 'Object Repository/RAD_Pages/AddressAndContactInfo_Page/input_phoneNumber'

2023-11-01 15:58:30 - [MESSAGE][PASSED] - Text ' ' is set on object 'Object Repository/RAD_Pages/AddressAndContactInfo_Page/input_phoneNumber'

2023-11-01 15:58:30 - [TEST_STEP][PASSED] - setText(findTestObject(orPath_AddressContact + "/input_eMailAddress"), " "): Text ' ' is set on object 'Object Repository/RAD_Pages/AddressAndContactInfo_Page/input_eMailAddress'

2023-11-01 15:58:31 - [MESSAGE][PASSED] - Text ' ' is set on object 'Object Repository/RAD_Pages/AddressAndContactInfo_Page/input_eMailAddress'

2023-11-01 15:58:31 - [TEST_STEP][PASSED] - setText(findTestObject(orPath_AddressContact + "/input_reEnterEMailAddress"), " "): Text ' ' is set on object 'Object Repository/RAD_Pages/AddressAndContactInfo_Page/input_reEnterEMailAddress'

2023-11-01 15:58:32 - [MESSAGE][PASSED] - Text ' ' is set on object 'Object Repository/RAD_Pages/AddressAndContactInfo_Page/input_reEnterEMailAddress'

2023-11-01 15:58:32 - [TEST_STEP][PASSED] - resText = "Fail": null

2023-11-01 15:58:32 - [TEST_STEP][PASSED] - pages.WriteExcel.demoKey(resText, datText, resColumn, datCloumn, fileLoc, nameSheet, row): pages.WriteExcel.demoKey is PASSED

2023-11-01 15:58:32 - [MESSAGE][PASSED] - pages.WriteExcel.demoKey is PASSED

2023-11-01 15:58:32 - [TEST_STEP][PASSED] - verifyTextPresent("Enter business name", true, CONTINUE_ON_FAILURE): Text 'Enter business name' is present on page  using regular expression

2023-11-01 15:58:32 - [MESSAGE][PASSED] - Text 'Enter business name' is present on page  using regular expression

2023-11-01 15:58:32 - [TEST_STEP][PASSED] - verifyTextPresent("Enter business rep first name", true, CONTINUE_ON_FAILURE): Text 'Enter business rep first name' is present on page  using regular expression

2023-11-01 15:58:33 - [MESSAGE][PASSED] - Text 'Enter business rep first name' is present on page  using regular expression

2023-11-01 15:58:33 - [TEST_STEP][PASSED] - verifyTextPresent("Enter business rep last name", true, CONTINUE_ON_FAILURE): Text 'Enter business rep last name' is present on page  using regular expression

2023-11-01 15:58:33 - [MESSAGE][PASSED] - Text 'Enter business rep last name' is present on page  using regular expression

2023-11-01 15:58:33 - [TEST_STEP][PASSED] - verifyTextPresent("Enter address", true, CONTINUE_ON_FAILURE): Text 'Enter address' is present on page  using regular expression

2023-11-01 15:58:34 - [MESSAGE][PASSED] - Text 'Enter address' is present on page  using regular expression

2023-11-01 15:58:34 - [TEST_STEP][PASSED] - verifyTextPresent("Enter city", true, CONTINUE_ON_FAILURE): Text 'Enter city' is present on page  using regular expression

2023-11-01 15:58:34 - [MESSAGE][PASSED] - Text 'Enter city' is present on page  using regular expression

2023-11-01 15:58:34 - [TEST_STEP][PASSED] - verifyTextPresent("Enter ZIP code", true, CONTINUE_ON_FAILURE): Text 'Enter ZIP code' is present on page  using regular expression

2023-11-01 15:58:34 - [MESSAGE][PASSED] - Text 'Enter ZIP code' is present on page  using regular expression

2023-11-01 15:58:34 - [TEST_STEP][PASSED] - verifyTextPresent("Enter a valid phone number", true, CONTINUE_ON_FAILURE): Text 'Enter a valid phone number' is present on page  using regular expression

2023-11-01 15:58:35 - [MESSAGE][PASSED] - Text 'Enter a valid phone number' is present on page  using regular expression

2023-11-01 15:58:35 - [TEST_STEP][PASSED] - verifyTextPresent("Enter Email", true, CONTINUE_ON_FAILURE): Text 'Enter Email' is present on page  using regular expression

2023-11-01 15:58:35 - [MESSAGE][PASSED] - Text 'Enter Email' is present on page  using regular expression

2023-11-01 15:58:35 - [TEST_STEP][PASSED] - resText = "Pass": null

2023-11-01 15:58:35 - [TEST_STEP][PASSED] - pages.WriteExcel.demoKey(resText, datText, resColumn, datCloumn, fileLoc, nameSheet, row): pages.WriteExcel.demoKey is PASSED

2023-11-01 15:58:35 - [MESSAGE][PASSED] - pages.WriteExcel.demoKey is PASSED

2023-11-01 15:58:35 - [TEST_STEP][PASSED] - ExecuteTC = findTestData(dataFile).getValue("Execute", row): null

2023-11-01 15:58:35 - [TEST_STEP][PASSED] - TaxType = findTestData(dataFile).getValue("TaxType", row): null

2023-11-01 15:58:35 - [TEST_STEP][PASSED] - PaymentType = findTestData(dataFile).getValue("PaymentType", row): null

2023-11-01 15:58:35 - [TEST_STEP][PASSED] - feinSsn = findTestData(dataFile).getValue("FEINSSN", row): null

2023-11-01 15:58:35 - [TEST_STEP][PASSED] - if (ExecuteTC.equalsIgnoreCase("Y")): pages.WriteExcel.demoKey is PASSED

2023-11-01 15:58:35 - [TEST_STEP][PASSED] - out.println("Begin Record Number: " + row): null

2023-11-01 15:58:35 - [TEST_STEP][PASSED] - today = new java.util.Date(): null

2023-11-01 15:58:35 - [TEST_STEP][PASSED] - println(today): null

2023-11-01 15:58:35 - [TEST_STEP][PASSED] - datText = today: null

2023-11-01 15:58:35 - [TEST_STEP][PASSED] - logInfo("Payment Type: Existing Liability w/Notice Number"): Payment Type: Existing Liability w/Notice Number

2023-11-01 15:58:35 - [MESSAGE][INFO] - Payment Type: Existing Liability w/Notice Number

2023-11-01 15:58:35 - [TEST_STEP][PASSED] - logInfo("Tax Type: " + TaxType): Tax Type: Tire Recycling Fee

2023-11-01 15:58:35 - [MESSAGE][INFO] - Tax Type: Tire Recycling Fee

2023-11-01 15:58:35 - [TEST_STEP][PASSED] - openBrowser(""): Browser is opened with url: ''

2023-11-01 15:58:35 - [MESSAGE][WARNING] - A browser is already opened. Closing browser and opening a new one

2023-11-01 15:58:36 - [MESSAGE][INFO] - Starting 'Chrome' driver

2023-11-01 15:58:36 - [MESSAGE][INFO] - User set preference: ['acceptInsecureCerts', 'true']

2023-11-01 15:58:36 - [MESSAGE][INFO] - Action delay is set to 0 milliseconds

2023-11-01 15:58:38 - [MESSAGE][PASSED] - Browser is opened with url: ''

2023-11-01 15:58:38 - [TEST_STEP][PASSED] - maximizeWindow(): Current window maximized

2023-11-01 15:58:38 - [MESSAGE][PASSED] - Current window maximized

2023-11-01 15:58:38 - [TEST_STEP][PASSED] - navigateToUrl(RADurl): Navigate to 'https://qa2.velocitypayment.com/client/rad/index.html' successfully

2023-11-01 15:58:38 - [MESSAGE][PASSED] - Navigate to 'https://qa2.velocitypayment.com/client/rad/index.html' successfully

2023-11-01 15:58:38 - [TEST_STEP][PASSED] - selectOptionByLabel(findTestObject(orPath_Landing + "/dd_TaxType"), "Existing Liability w/Notice Number", false): All options with label 'Existing Liability w/Notice Number' are selected in object 'Object Repository/RAD_Pages/Landing_Page/dd_TaxType' 

2023-11-01 15:58:40 - [MESSAGE][PASSED] - All options with label 'Existing Liability w/Notice Number' are selected in object 'Object Repository/RAD_Pages/Landing_Page/dd_TaxType' 

2023-11-01 15:58:40 - [TEST_STEP][PASSED] - selectOptionByLabel(findTestObject(orPath_TaxTypeFilingYear + "/select_TaxType_ExistingLiability"), TaxType, false): All options with label 'Tire Recycling Fee' are selected in object 'Object Repository/RAD_Pages/TaxTypeFilingYear_Page/select_TaxType_ExistingLiability' 

2023-11-01 15:58:41 - [MESSAGE][PASSED] - All options with label 'Tire Recycling Fee' are selected in object 'Object Repository/RAD_Pages/TaxTypeFilingYear_Page/select_TaxType_ExistingLiability' 

2023-11-01 15:58:41 - [TEST_STEP][PASSED] - setText(findTestObject(orPath_TaxPayer + "/input_businessName"), " "): Text ' ' is set on object 'Object Repository/RAD_Pages/Taxpayer_Page/input_businessName'

2023-11-01 15:58:42 - [MESSAGE][PASSED] - Text ' ' is set on object 'Object Repository/RAD_Pages/Taxpayer_Page/input_businessName'

2023-11-01 15:58:42 - [TEST_STEP][PASSED] - setText(findTestObject(orPath_TaxPayer + "/input_BusinessRepfirstName"), " "): Text ' ' is set on object 'Object Repository/RAD_Pages/Taxpayer_Page/input_BusinessRepfirstName'

2023-11-01 15:58:42 - [MESSAGE][PASSED] - Text ' ' is set on object 'Object Repository/RAD_Pages/Taxpayer_Page/input_BusinessRepfirstName'

2023-11-01 15:58:42 - [TEST_STEP][PASSED] - setText(findTestObject(orPath_TaxPayer + "/input_BusinessReplastName"), " "): Text ' ' is set on object 'Object Repository/RAD_Pages/Taxpayer_Page/input_BusinessReplastName'

2023-11-01 15:58:43 - [MESSAGE][PASSED] - Text ' ' is set on object 'Object Repository/RAD_Pages/Taxpayer_Page/input_BusinessReplastName'

2023-11-01 15:58:43 - [TEST_STEP][PASSED] - setText(findTestObject(orPath_AddressContact + "/input_streetAddress1"), " "): Text ' ' is set on object 'Object Repository/RAD_Pages/AddressAndContactInfo_Page/input_streetAddress1'

2023-11-01 15:58:44 - [MESSAGE][PASSED] - Text ' ' is set on object 'Object Repository/RAD_Pages/AddressAndContactInfo_Page/input_streetAddress1'

2023-11-01 15:58:44 - [TEST_STEP][PASSED] - setText(findTestObject(orPath_AddressContact + "/input_city"), " "): Text ' ' is set on object 'Object Repository/RAD_Pages/AddressAndContactInfo_Page/input_city'

2023-11-01 15:58:44 - [MESSAGE][PASSED] - Text ' ' is set on object 'Object Repository/RAD_Pages/AddressAndContactInfo_Page/input_city'

2023-11-01 15:58:44 - [TEST_STEP][PASSED] - setText(findTestObject(orPath_AddressContact + "/input_zipCode"), " "): Text ' ' is set on object 'Object Repository/RAD_Pages/AddressAndContactInfo_Page/input_zipCode'

2023-11-01 15:58:45 - [MESSAGE][PASSED] - Text ' ' is set on object 'Object Repository/RAD_Pages/AddressAndContactInfo_Page/input_zipCode'

2023-11-01 15:58:45 - [TEST_STEP][PASSED] - setText(findTestObject(orPath_AddressContact + "/input_phoneNumber"), " "): Text ' ' is set on object 'Object Repository/RAD_Pages/AddressAndContactInfo_Page/input_phoneNumber'

2023-11-01 15:58:46 - [MESSAGE][PASSED] - Text ' ' is set on object 'Object Repository/RAD_Pages/AddressAndContactInfo_Page/input_phoneNumber'

2023-11-01 15:58:46 - [TEST_STEP][PASSED] - setText(findTestObject(orPath_AddressContact + "/input_eMailAddress"), " "): Text ' ' is set on object 'Object Repository/RAD_Pages/AddressAndContactInfo_Page/input_eMailAddress'

2023-11-01 15:58:47 - [MESSAGE][PASSED] - Text ' ' is set on object 'Object Repository/RAD_Pages/AddressAndContactInfo_Page/input_eMailAddress'

2023-11-01 15:58:47 - [TEST_STEP][PASSED] - setText(findTestObject(orPath_AddressContact + "/input_reEnterEMailAddress"), " "): Text ' ' is set on object 'Object Repository/RAD_Pages/AddressAndContactInfo_Page/input_reEnterEMailAddress'

2023-11-01 15:58:48 - [MESSAGE][PASSED] - Text ' ' is set on object 'Object Repository/RAD_Pages/AddressAndContactInfo_Page/input_reEnterEMailAddress'

2023-11-01 15:58:48 - [TEST_STEP][PASSED] - resText = "Fail": null

2023-11-01 15:58:48 - [TEST_STEP][PASSED] - pages.WriteExcel.demoKey(resText, datText, resColumn, datCloumn, fileLoc, nameSheet, row): pages.WriteExcel.demoKey is PASSED

2023-11-01 15:58:48 - [MESSAGE][PASSED] - pages.WriteExcel.demoKey is PASSED

2023-11-01 15:58:48 - [TEST_STEP][PASSED] - verifyTextPresent("Enter business name", true, CONTINUE_ON_FAILURE): Text 'Enter business name' is present on page  using regular expression

2023-11-01 15:58:48 - [MESSAGE][PASSED] - Text 'Enter business name' is present on page  using regular expression

2023-11-01 15:58:48 - [TEST_STEP][PASSED] - verifyTextPresent("Enter business rep first name", true, CONTINUE_ON_FAILURE): Text 'Enter business rep first name' is present on page  using regular expression

2023-11-01 15:58:49 - [MESSAGE][PASSED] - Text 'Enter business rep first name' is present on page  using regular expression

2023-11-01 15:58:49 - [TEST_STEP][PASSED] - verifyTextPresent("Enter business rep last name", true, CONTINUE_ON_FAILURE): Text 'Enter business rep last name' is present on page  using regular expression

2023-11-01 15:58:49 - [MESSAGE][PASSED] - Text 'Enter business rep last name' is present on page  using regular expression

2023-11-01 15:58:49 - [TEST_STEP][PASSED] - verifyTextPresent("Enter address", true, CONTINUE_ON_FAILURE): Text 'Enter address' is present on page  using regular expression

2023-11-01 15:58:49 - [MESSAGE][PASSED] - Text 'Enter address' is present on page  using regular expression

2023-11-01 15:58:49 - [TEST_STEP][PASSED] - verifyTextPresent("Enter city", true, CONTINUE_ON_FAILURE): Text 'Enter city' is present on page  using regular expression

2023-11-01 15:58:50 - [MESSAGE][PASSED] - Text 'Enter city' is present on page  using regular expression

2023-11-01 15:58:50 - [TEST_STEP][PASSED] - verifyTextPresent("Enter ZIP code", true, CONTINUE_ON_FAILURE): Text 'Enter ZIP code' is present on page  using regular expression

2023-11-01 15:58:50 - [MESSAGE][PASSED] - Text 'Enter ZIP code' is present on page  using regular expression

2023-11-01 15:58:50 - [TEST_STEP][PASSED] - verifyTextPresent("Enter a valid phone number", true, CONTINUE_ON_FAILURE): Text 'Enter a valid phone number' is present on page  using regular expression

2023-11-01 15:58:50 - [MESSAGE][PASSED] - Text 'Enter a valid phone number' is present on page  using regular expression

2023-11-01 15:58:50 - [TEST_STEP][PASSED] - verifyTextPresent("Enter Email", true, CONTINUE_ON_FAILURE): Text 'Enter Email' is present on page  using regular expression

2023-11-01 15:58:51 - [MESSAGE][PASSED] - Text 'Enter Email' is present on page  using regular expression

2023-11-01 15:58:51 - [TEST_STEP][PASSED] - resText = "Pass": null

2023-11-01 15:58:51 - [TEST_STEP][PASSED] - pages.WriteExcel.demoKey(resText, datText, resColumn, datCloumn, fileLoc, nameSheet, row): pages.WriteExcel.demoKey is PASSED

2023-11-01 15:58:51 - [MESSAGE][PASSED] - pages.WriteExcel.demoKey is PASSED

2023-11-01 15:58:51 - [TEST_STEP][PASSED] - ExecuteTC = findTestData(dataFile).getValue("Execute", row): null

2023-11-01 15:58:51 - [TEST_STEP][PASSED] - TaxType = findTestData(dataFile).getValue("TaxType", row): null

2023-11-01 15:58:51 - [TEST_STEP][PASSED] - PaymentType = findTestData(dataFile).getValue("PaymentType", row): null

2023-11-01 15:58:51 - [TEST_STEP][PASSED] - feinSsn = findTestData(dataFile).getValue("FEINSSN", row): null

2023-11-01 15:58:51 - [TEST_STEP][PASSED] - if (ExecuteTC.equalsIgnoreCase("Y")): pages.WriteExcel.demoKey is PASSED

2023-11-01 15:58:51 - [TEST_STEP][PASSED] - out.println("Begin Record Number: " + row): null

2023-11-01 15:58:51 - [TEST_STEP][PASSED] - today = new java.util.Date(): null

2023-11-01 15:58:51 - [TEST_STEP][PASSED] - println(today): null

2023-11-01 15:58:51 - [TEST_STEP][PASSED] - datText = today: null

2023-11-01 15:58:51 - [TEST_STEP][PASSED] - logInfo("Payment Type: Existing Liability w/Notice Number"): Payment Type: Existing Liability w/Notice Number

2023-11-01 15:58:51 - [MESSAGE][INFO] - Payment Type: Existing Liability w/Notice Number

2023-11-01 15:58:51 - [TEST_STEP][PASSED] - logInfo("Tax Type: " + TaxType): Tax Type: Withholding Tax

2023-11-01 15:58:51 - [MESSAGE][INFO] - Tax Type: Withholding Tax

2023-11-01 15:58:51 - [TEST_STEP][PASSED] - openBrowser(""): Browser is opened with url: ''

2023-11-01 15:58:51 - [MESSAGE][WARNING] - A browser is already opened. Closing browser and opening a new one

2023-11-01 15:58:52 - [MESSAGE][INFO] - Starting 'Chrome' driver

2023-11-01 15:58:52 - [MESSAGE][INFO] - User set preference: ['acceptInsecureCerts', 'true']

2023-11-01 15:58:52 - [MESSAGE][INFO] - Action delay is set to 0 milliseconds

2023-11-01 15:58:54 - [MESSAGE][PASSED] - Browser is opened with url: ''

2023-11-01 15:58:54 - [TEST_STEP][PASSED] - maximizeWindow(): Current window maximized

2023-11-01 15:58:54 - [MESSAGE][PASSED] - Current window maximized

2023-11-01 15:58:54 - [TEST_STEP][PASSED] - navigateToUrl(RADurl): Navigate to 'https://qa2.velocitypayment.com/client/rad/index.html' successfully

2023-11-01 15:58:55 - [MESSAGE][PASSED] - Navigate to 'https://qa2.velocitypayment.com/client/rad/index.html' successfully

2023-11-01 15:58:55 - [TEST_STEP][PASSED] - selectOptionByLabel(findTestObject(orPath_Landing + "/dd_TaxType"), "Existing Liability w/Notice Number", false): All options with label 'Existing Liability w/Notice Number' are selected in object 'Object Repository/RAD_Pages/Landing_Page/dd_TaxType' 

2023-11-01 15:58:56 - [MESSAGE][PASSED] - All options with label 'Existing Liability w/Notice Number' are selected in object 'Object Repository/RAD_Pages/Landing_Page/dd_TaxType' 

2023-11-01 15:58:56 - [TEST_STEP][PASSED] - selectOptionByLabel(findTestObject(orPath_TaxTypeFilingYear + "/select_TaxType_ExistingLiability"), TaxType, false): All options with label 'Withholding Tax' are selected in object 'Object Repository/RAD_Pages/TaxTypeFilingYear_Page/select_TaxType_ExistingLiability' 

2023-11-01 15:58:57 - [MESSAGE][PASSED] - All options with label 'Withholding Tax' are selected in object 'Object Repository/RAD_Pages/TaxTypeFilingYear_Page/select_TaxType_ExistingLiability' 

2023-11-01 15:58:57 - [TEST_STEP][PASSED] - setText(findTestObject(orPath_TaxPayer + "/input_businessName"), " "): Text ' ' is set on object 'Object Repository/RAD_Pages/Taxpayer_Page/input_businessName'

2023-11-01 15:58:58 - [MESSAGE][PASSED] - Text ' ' is set on object 'Object Repository/RAD_Pages/Taxpayer_Page/input_businessName'

2023-11-01 15:58:58 - [TEST_STEP][PASSED] - setText(findTestObject(orPath_TaxPayer + "/input_BusinessRepfirstName"), " "): Text ' ' is set on object 'Object Repository/RAD_Pages/Taxpayer_Page/input_BusinessRepfirstName'

2023-11-01 15:58:58 - [MESSAGE][PASSED] - Text ' ' is set on object 'Object Repository/RAD_Pages/Taxpayer_Page/input_BusinessRepfirstName'

2023-11-01 15:58:58 - [TEST_STEP][PASSED] - setText(findTestObject(orPath_TaxPayer + "/input_BusinessReplastName"), " "): Text ' ' is set on object 'Object Repository/RAD_Pages/Taxpayer_Page/input_BusinessReplastName'

2023-11-01 15:58:59 - [MESSAGE][PASSED] - Text ' ' is set on object 'Object Repository/RAD_Pages/Taxpayer_Page/input_BusinessReplastName'

2023-11-01 15:58:59 - [TEST_STEP][PASSED] - setText(findTestObject(orPath_AddressContact + "/input_streetAddress1"), " "): Text ' ' is set on object 'Object Repository/RAD_Pages/AddressAndContactInfo_Page/input_streetAddress1'

2023-11-01 15:59:00 - [MESSAGE][PASSED] - Text ' ' is set on object 'Object Repository/RAD_Pages/AddressAndContactInfo_Page/input_streetAddress1'

2023-11-01 15:59:00 - [TEST_STEP][PASSED] - setText(findTestObject(orPath_AddressContact + "/input_city"), " "): Text ' ' is set on object 'Object Repository/RAD_Pages/AddressAndContactInfo_Page/input_city'

2023-11-01 15:59:00 - [MESSAGE][PASSED] - Text ' ' is set on object 'Object Repository/RAD_Pages/AddressAndContactInfo_Page/input_city'

2023-11-01 15:59:00 - [TEST_STEP][PASSED] - setText(findTestObject(orPath_AddressContact + "/input_zipCode"), " "): Text ' ' is set on object 'Object Repository/RAD_Pages/AddressAndContactInfo_Page/input_zipCode'

2023-11-01 15:59:01 - [MESSAGE][PASSED] - Text ' ' is set on object 'Object Repository/RAD_Pages/AddressAndContactInfo_Page/input_zipCode'

2023-11-01 15:59:01 - [TEST_STEP][PASSED] - setText(findTestObject(orPath_AddressContact + "/input_phoneNumber"), " "): Text ' ' is set on object 'Object Repository/RAD_Pages/AddressAndContactInfo_Page/input_phoneNumber'

2023-11-01 15:59:02 - [MESSAGE][PASSED] - Text ' ' is set on object 'Object Repository/RAD_Pages/AddressAndContactInfo_Page/input_phoneNumber'

2023-11-01 15:59:02 - [TEST_STEP][PASSED] - setText(findTestObject(orPath_AddressContact + "/input_eMailAddress"), " "): Text ' ' is set on object 'Object Repository/RAD_Pages/AddressAndContactInfo_Page/input_eMailAddress'

2023-11-01 15:59:03 - [MESSAGE][PASSED] - Text ' ' is set on object 'Object Repository/RAD_Pages/AddressAndContactInfo_Page/input_eMailAddress'

2023-11-01 15:59:03 - [TEST_STEP][PASSED] - setText(findTestObject(orPath_AddressContact + "/input_reEnterEMailAddress"), " "): Text ' ' is set on object 'Object Repository/RAD_Pages/AddressAndContactInfo_Page/input_reEnterEMailAddress'

2023-11-01 15:59:03 - [MESSAGE][PASSED] - Text ' ' is set on object 'Object Repository/RAD_Pages/AddressAndContactInfo_Page/input_reEnterEMailAddress'

2023-11-01 15:59:03 - [TEST_STEP][PASSED] - resText = "Fail": null

2023-11-01 15:59:03 - [TEST_STEP][PASSED] - pages.WriteExcel.demoKey(resText, datText, resColumn, datCloumn, fileLoc, nameSheet, row): pages.WriteExcel.demoKey is PASSED

2023-11-01 15:59:04 - [MESSAGE][PASSED] - pages.WriteExcel.demoKey is PASSED

2023-11-01 15:59:04 - [TEST_STEP][PASSED] - verifyTextPresent("Enter business name", true, CONTINUE_ON_FAILURE): Text 'Enter business name' is present on page  using regular expression

2023-11-01 15:59:04 - [MESSAGE][PASSED] - Text 'Enter business name' is present on page  using regular expression

2023-11-01 15:59:04 - [TEST_STEP][PASSED] - verifyTextPresent("Enter business rep first name", true, CONTINUE_ON_FAILURE): Text 'Enter business rep first name' is present on page  using regular expression

2023-11-01 15:59:04 - [MESSAGE][PASSED] - Text 'Enter business rep first name' is present on page  using regular expression

2023-11-01 15:59:04 - [TEST_STEP][PASSED] - verifyTextPresent("Enter business rep last name", true, CONTINUE_ON_FAILURE): Text 'Enter business rep last name' is present on page  using regular expression

2023-11-01 15:59:05 - [MESSAGE][PASSED] - Text 'Enter business rep last name' is present on page  using regular expression

2023-11-01 15:59:05 - [TEST_STEP][PASSED] - verifyTextPresent("Enter address", true, CONTINUE_ON_FAILURE): Text 'Enter address' is present on page  using regular expression

2023-11-01 15:59:05 - [MESSAGE][PASSED] - Text 'Enter address' is present on page  using regular expression

2023-11-01 15:59:05 - [TEST_STEP][PASSED] - verifyTextPresent("Enter city", true, CONTINUE_ON_FAILURE): Text 'Enter city' is present on page  using regular expression

2023-11-01 15:59:06 - [MESSAGE][PASSED] - Text 'Enter city' is present on page  using regular expression

2023-11-01 15:59:06 - [TEST_STEP][PASSED] - verifyTextPresent("Enter ZIP code", true, CONTINUE_ON_FAILURE): Text 'Enter ZIP code' is present on page  using regular expression

2023-11-01 15:59:06 - [MESSAGE][PASSED] - Text 'Enter ZIP code' is present on page  using regular expression

2023-11-01 15:59:06 - [TEST_STEP][PASSED] - verifyTextPresent("Enter a valid phone number", true, CONTINUE_ON_FAILURE): Text 'Enter a valid phone number' is present on page  using regular expression

2023-11-01 15:59:06 - [MESSAGE][PASSED] - Text 'Enter a valid phone number' is present on page  using regular expression

2023-11-01 15:59:06 - [TEST_STEP][PASSED] - verifyTextPresent("Enter Email", true, CONTINUE_ON_FAILURE): Text 'Enter Email' is present on page  using regular expression

2023-11-01 15:59:07 - [MESSAGE][PASSED] - Text 'Enter Email' is present on page  using regular expression

2023-11-01 15:59:07 - [TEST_STEP][PASSED] - resText = "Pass": null

2023-11-01 15:59:07 - [TEST_STEP][PASSED] - pages.WriteExcel.demoKey(resText, datText, resColumn, datCloumn, fileLoc, nameSheet, row): pages.WriteExcel.demoKey is PASSED

2023-11-01 15:59:07 - [MESSAGE][PASSED] - pages.WriteExcel.demoKey is PASSED

2023-11-01 15:59:07 - [TEST_STEP][PASSED] - ExecuteTC = findTestData(dataFile).getValue("Execute", row): null

2023-11-01 15:59:07 - [TEST_STEP][PASSED] - TaxType = findTestData(dataFile).getValue("TaxType", row): null

2023-11-01 15:59:07 - [TEST_STEP][PASSED] - PaymentType = findTestData(dataFile).getValue("PaymentType", row): null

2023-11-01 15:59:07 - [TEST_STEP][PASSED] - feinSsn = findTestData(dataFile).getValue("FEINSSN", row): null

2023-11-01 15:59:07 - [TEST_STEP][PASSED] - if (ExecuteTC.equalsIgnoreCase("Y")): pages.WriteExcel.demoKey is PASSED

2023-11-01 15:59:07 - [TEST_STEP][PASSED] - out.println("Begin Record Number: " + row): null

2023-11-01 15:59:07 - [TEST_STEP][PASSED] - today = new java.util.Date(): null

2023-11-01 15:59:07 - [TEST_STEP][PASSED] - println(today): null

2023-11-01 15:59:07 - [TEST_STEP][PASSED] - datText = today: null

2023-11-01 15:59:07 - [TEST_STEP][PASSED] - logInfo("Payment Type: Existing Liability w/Notice Number"): Payment Type: Existing Liability w/Notice Number

2023-11-01 15:59:07 - [MESSAGE][INFO] - Payment Type: Existing Liability w/Notice Number

2023-11-01 15:59:07 - [TEST_STEP][PASSED] - logInfo("Tax Type: " + TaxType): Tax Type: Alcohol Tax

2023-11-01 15:59:07 - [MESSAGE][INFO] - Tax Type: Alcohol Tax

2023-11-01 15:59:07 - [TEST_STEP][PASSED] - openBrowser(""): Browser is opened with url: ''

2023-11-01 15:59:07 - [MESSAGE][WARNING] - A browser is already opened. Closing browser and opening a new one

2023-11-01 15:59:08 - [MESSAGE][INFO] - Starting 'Chrome' driver

2023-11-01 15:59:08 - [MESSAGE][INFO] - User set preference: ['acceptInsecureCerts', 'true']

2023-11-01 15:59:08 - [MESSAGE][INFO] - Action delay is set to 0 milliseconds

2023-11-01 15:59:09 - [MESSAGE][PASSED] - Browser is opened with url: ''

2023-11-01 15:59:09 - [TEST_STEP][PASSED] - maximizeWindow(): Current window maximized

2023-11-01 15:59:10 - [MESSAGE][PASSED] - Current window maximized

2023-11-01 15:59:10 - [TEST_STEP][PASSED] - navigateToUrl(RADurl): Navigate to 'https://qa2.velocitypayment.com/client/rad/index.html' successfully

2023-11-01 15:59:10 - [MESSAGE][PASSED] - Navigate to 'https://qa2.velocitypayment.com/client/rad/index.html' successfully

2023-11-01 15:59:10 - [TEST_STEP][PASSED] - selectOptionByLabel(findTestObject(orPath_Landing + "/dd_TaxType"), "Existing Liability w/Notice Number", false): All options with label 'Existing Liability w/Notice Number' are selected in object 'Object Repository/RAD_Pages/Landing_Page/dd_TaxType' 

2023-11-01 15:59:12 - [MESSAGE][PASSED] - All options with label 'Existing Liability w/Notice Number' are selected in object 'Object Repository/RAD_Pages/Landing_Page/dd_TaxType' 

2023-11-01 15:59:12 - [TEST_STEP][PASSED] - selectOptionByLabel(findTestObject(orPath_TaxTypeFilingYear + "/select_TaxType_ExistingLiability"), TaxType, false): All options with label 'Alcohol Tax' are selected in object 'Object Repository/RAD_Pages/TaxTypeFilingYear_Page/select_TaxType_ExistingLiability' 

2023-11-01 15:59:12 - [MESSAGE][PASSED] - All options with label 'Alcohol Tax' are selected in object 'Object Repository/RAD_Pages/TaxTypeFilingYear_Page/select_TaxType_ExistingLiability' 

2023-11-01 15:59:12 - [TEST_STEP][PASSED] - setText(findTestObject(orPath_TaxPayer + "/input_businessName"), " "): Text ' ' is set on object 'Object Repository/RAD_Pages/Taxpayer_Page/input_businessName'

2023-11-01 15:59:13 - [MESSAGE][PASSED] - Text ' ' is set on object 'Object Repository/RAD_Pages/Taxpayer_Page/input_businessName'

2023-11-01 15:59:13 - [TEST_STEP][PASSED] - setText(findTestObject(orPath_TaxPayer + "/input_BusinessRepfirstName"), " "): Text ' ' is set on object 'Object Repository/RAD_Pages/Taxpayer_Page/input_BusinessRepfirstName'

2023-11-01 15:59:14 - [MESSAGE][PASSED] - Text ' ' is set on object 'Object Repository/RAD_Pages/Taxpayer_Page/input_BusinessRepfirstName'

2023-11-01 15:59:14 - [TEST_STEP][PASSED] - setText(findTestObject(orPath_TaxPayer + "/input_BusinessReplastName"), " "): Text ' ' is set on object 'Object Repository/RAD_Pages/Taxpayer_Page/input_BusinessReplastName'

2023-11-01 15:59:15 - [MESSAGE][PASSED] - Text ' ' is set on object 'Object Repository/RAD_Pages/Taxpayer_Page/input_BusinessReplastName'

2023-11-01 15:59:15 - [TEST_STEP][PASSED] - setText(findTestObject(orPath_AddressContact + "/input_streetAddress1"), " "): Text ' ' is set on object 'Object Repository/RAD_Pages/AddressAndContactInfo_Page/input_streetAddress1'

2023-11-01 15:59:15 - [MESSAGE][PASSED] - Text ' ' is set on object 'Object Repository/RAD_Pages/AddressAndContactInfo_Page/input_streetAddress1'

2023-11-01 15:59:15 - [TEST_STEP][PASSED] - setText(findTestObject(orPath_AddressContact + "/input_city"), " "): Text ' ' is set on object 'Object Repository/RAD_Pages/AddressAndContactInfo_Page/input_city'

2023-11-01 15:59:16 - [MESSAGE][PASSED] - Text ' ' is set on object 'Object Repository/RAD_Pages/AddressAndContactInfo_Page/input_city'

2023-11-01 15:59:16 - [TEST_STEP][PASSED] - setText(findTestObject(orPath_AddressContact + "/input_zipCode"), " "): Text ' ' is set on object 'Object Repository/RAD_Pages/AddressAndContactInfo_Page/input_zipCode'

2023-11-01 15:59:17 - [MESSAGE][PASSED] - Text ' ' is set on object 'Object Repository/RAD_Pages/AddressAndContactInfo_Page/input_zipCode'

2023-11-01 15:59:17 - [TEST_STEP][PASSED] - setText(findTestObject(orPath_AddressContact + "/input_phoneNumber"), " "): Text ' ' is set on object 'Object Repository/RAD_Pages/AddressAndContactInfo_Page/input_phoneNumber'

2023-11-01 15:59:17 - [MESSAGE][PASSED] - Text ' ' is set on object 'Object Repository/RAD_Pages/AddressAndContactInfo_Page/input_phoneNumber'

2023-11-01 15:59:17 - [TEST_STEP][PASSED] - setText(findTestObject(orPath_AddressContact + "/input_eMailAddress"), " "): Text ' ' is set on object 'Object Repository/RAD_Pages/AddressAndContactInfo_Page/input_eMailAddress'

2023-11-01 15:59:18 - [MESSAGE][PASSED] - Text ' ' is set on object 'Object Repository/RAD_Pages/AddressAndContactInfo_Page/input_eMailAddress'

2023-11-01 15:59:18 - [TEST_STEP][PASSED] - setText(findTestObject(orPath_AddressContact + "/input_reEnterEMailAddress"), " "): Text ' ' is set on object 'Object Repository/RAD_Pages/AddressAndContactInfo_Page/input_reEnterEMailAddress'

2023-11-01 15:59:19 - [MESSAGE][PASSED] - Text ' ' is set on object 'Object Repository/RAD_Pages/AddressAndContactInfo_Page/input_reEnterEMailAddress'

2023-11-01 15:59:19 - [TEST_STEP][PASSED] - resText = "Fail": null

2023-11-01 15:59:19 - [TEST_STEP][PASSED] - pages.WriteExcel.demoKey(resText, datText, resColumn, datCloumn, fileLoc, nameSheet, row): pages.WriteExcel.demoKey is PASSED

2023-11-01 15:59:19 - [MESSAGE][PASSED] - pages.WriteExcel.demoKey is PASSED

2023-11-01 15:59:19 - [TEST_STEP][PASSED] - verifyTextPresent("Enter business name", true, CONTINUE_ON_FAILURE): Text 'Enter business name' is present on page  using regular expression

2023-11-01 15:59:20 - [MESSAGE][PASSED] - Text 'Enter business name' is present on page  using regular expression

2023-11-01 15:59:20 - [TEST_STEP][PASSED] - verifyTextPresent("Enter business rep first name", true, CONTINUE_ON_FAILURE): Text 'Enter business rep first name' is present on page  using regular expression

2023-11-01 15:59:20 - [MESSAGE][PASSED] - Text 'Enter business rep first name' is present on page  using regular expression

2023-11-01 15:59:20 - [TEST_STEP][PASSED] - verifyTextPresent("Enter business rep last name", true, CONTINUE_ON_FAILURE): Text 'Enter business rep last name' is present on page  using regular expression

2023-11-01 15:59:20 - [MESSAGE][PASSED] - Text 'Enter business rep last name' is present on page  using regular expression

2023-11-01 15:59:20 - [TEST_STEP][PASSED] - verifyTextPresent("Enter address", true, CONTINUE_ON_FAILURE): Text 'Enter address' is present on page  using regular expression

2023-11-01 15:59:21 - [MESSAGE][PASSED] - Text 'Enter address' is present on page  using regular expression

2023-11-01 15:59:21 - [TEST_STEP][PASSED] - verifyTextPresent("Enter city", true, CONTINUE_ON_FAILURE): Text 'Enter city' is present on page  using regular expression

2023-11-01 15:59:21 - [MESSAGE][PASSED] - Text 'Enter city' is present on page  using regular expression

2023-11-01 15:59:21 - [TEST_STEP][PASSED] - verifyTextPresent("Enter ZIP code", true, CONTINUE_ON_FAILURE): Text 'Enter ZIP code' is present on page  using regular expression

2023-11-01 15:59:21 - [MESSAGE][PASSED] - Text 'Enter ZIP code' is present on page  using regular expression

2023-11-01 15:59:21 - [TEST_STEP][PASSED] - verifyTextPresent("Enter a valid phone number", true, CONTINUE_ON_FAILURE): Text 'Enter a valid phone number' is present on page  using regular expression

2023-11-01 15:59:22 - [MESSAGE][PASSED] - Text 'Enter a valid phone number' is present on page  using regular expression

2023-11-01 15:59:22 - [TEST_STEP][PASSED] - verifyTextPresent("Enter Email", true, CONTINUE_ON_FAILURE): Text 'Enter Email' is present on page  using regular expression

2023-11-01 15:59:22 - [MESSAGE][PASSED] - Text 'Enter Email' is present on page  using regular expression

2023-11-01 15:59:22 - [TEST_STEP][PASSED] - resText = "Pass": null

2023-11-01 15:59:22 - [TEST_STEP][PASSED] - pages.WriteExcel.demoKey(resText, datText, resColumn, datCloumn, fileLoc, nameSheet, row): pages.WriteExcel.demoKey is PASSED

2023-11-01 15:59:22 - [MESSAGE][PASSED] - pages.WriteExcel.demoKey is PASSED

2023-11-01 15:59:22 - [TEST_STEP][PASSED] - ExecuteTC = findTestData(dataFile).getValue("Execute", row): null

2023-11-01 15:59:22 - [TEST_STEP][PASSED] - TaxType = findTestData(dataFile).getValue("TaxType", row): null

2023-11-01 15:59:22 - [TEST_STEP][PASSED] - PaymentType = findTestData(dataFile).getValue("PaymentType", row): null

2023-11-01 15:59:22 - [TEST_STEP][PASSED] - feinSsn = findTestData(dataFile).getValue("FEINSSN", row): null

2023-11-01 15:59:22 - [TEST_STEP][PASSED] - if (ExecuteTC.equalsIgnoreCase("Y")): pages.WriteExcel.demoKey is PASSED

2023-11-01 15:59:22 - [TEST_STEP][PASSED] - out.println("Begin Record Number: " + row): null

2023-11-01 15:59:22 - [TEST_STEP][PASSED] - today = new java.util.Date(): null

2023-11-01 15:59:22 - [TEST_STEP][PASSED] - println(today): null

2023-11-01 15:59:22 - [TEST_STEP][PASSED] - datText = today: null

2023-11-01 15:59:22 - [TEST_STEP][PASSED] - logInfo("Payment Type: Existing Liability w/Notice Number"): Payment Type: Existing Liability w/Notice Number

2023-11-01 15:59:22 - [MESSAGE][INFO] - Payment Type: Existing Liability w/Notice Number

2023-11-01 15:59:22 - [TEST_STEP][PASSED] - logInfo("Tax Type: " + TaxType): Tax Type: PTE Tax Electing Non-S Corp

2023-11-01 15:59:22 - [MESSAGE][INFO] - Tax Type: PTE Tax Electing Non-S Corp

2023-11-01 15:59:22 - [TEST_STEP][PASSED] - openBrowser(""): Browser is opened with url: ''

2023-11-01 15:59:22 - [MESSAGE][WARNING] - A browser is already opened. Closing browser and opening a new one

2023-11-01 15:59:23 - [MESSAGE][INFO] - Starting 'Chrome' driver

2023-11-01 15:59:23 - [MESSAGE][INFO] - User set preference: ['acceptInsecureCerts', 'true']

2023-11-01 15:59:23 - [MESSAGE][INFO] - Action delay is set to 0 milliseconds

2023-11-01 15:59:25 - [MESSAGE][PASSED] - Browser is opened with url: ''

2023-11-01 15:59:25 - [TEST_STEP][PASSED] - maximizeWindow(): Current window maximized

2023-11-01 15:59:25 - [MESSAGE][PASSED] - Current window maximized

2023-11-01 15:59:25 - [TEST_STEP][PASSED] - navigateToUrl(RADurl): Navigate to 'https://qa2.velocitypayment.com/client/rad/index.html' successfully

2023-11-01 15:59:27 - [MESSAGE][PASSED] - Navigate to 'https://qa2.velocitypayment.com/client/rad/index.html' successfully

2023-11-01 15:59:27 - [TEST_STEP][PASSED] - selectOptionByLabel(findTestObject(orPath_Landing + "/dd_TaxType"), "Existing Liability w/Notice Number", false): All options with label 'Existing Liability w/Notice Number' are selected in object 'Object Repository/RAD_Pages/Landing_Page/dd_TaxType' 

2023-11-01 15:59:28 - [MESSAGE][PASSED] - All options with label 'Existing Liability w/Notice Number' are selected in object 'Object Repository/RAD_Pages/Landing_Page/dd_TaxType' 

2023-11-01 15:59:28 - [TEST_STEP][PASSED] - selectOptionByLabel(findTestObject(orPath_TaxTypeFilingYear + "/select_TaxType_ExistingLiability"), TaxType, false): All options with label 'PTE Tax Electing Non-S Corp' are selected in object 'Object Repository/RAD_Pages/TaxTypeFilingYear_Page/select_TaxType_ExistingLiability' 

2023-11-01 15:59:28 - [MESSAGE][PASSED] - All options with label 'PTE Tax Electing Non-S Corp' are selected in object 'Object Repository/RAD_Pages/TaxTypeFilingYear_Page/select_TaxType_ExistingLiability' 

2023-11-01 15:59:28 - [TEST_STEP][PASSED] - setText(findTestObject(orPath_TaxPayer + "/input_businessName"), " "): Text ' ' is set on object 'Object Repository/RAD_Pages/Taxpayer_Page/input_businessName'

2023-11-01 15:59:29 - [MESSAGE][PASSED] - Text ' ' is set on object 'Object Repository/RAD_Pages/Taxpayer_Page/input_businessName'

2023-11-01 15:59:29 - [TEST_STEP][PASSED] - setText(findTestObject(orPath_TaxPayer + "/input_BusinessRepfirstName"), " "): Text ' ' is set on object 'Object Repository/RAD_Pages/Taxpayer_Page/input_BusinessRepfirstName'

2023-11-01 15:59:30 - [MESSAGE][PASSED] - Text ' ' is set on object 'Object Repository/RAD_Pages/Taxpayer_Page/input_BusinessRepfirstName'

2023-11-01 15:59:30 - [TEST_STEP][PASSED] - setText(findTestObject(orPath_TaxPayer + "/input_BusinessReplastName"), " "): Text ' ' is set on object 'Object Repository/RAD_Pages/Taxpayer_Page/input_BusinessReplastName'

2023-11-01 15:59:31 - [MESSAGE][PASSED] - Text ' ' is set on object 'Object Repository/RAD_Pages/Taxpayer_Page/input_BusinessReplastName'

2023-11-01 15:59:31 - [TEST_STEP][PASSED] - setText(findTestObject(orPath_AddressContact + "/input_streetAddress1"), " "): Text ' ' is set on object 'Object Repository/RAD_Pages/AddressAndContactInfo_Page/input_streetAddress1'

2023-11-01 15:59:31 - [MESSAGE][PASSED] - Text ' ' is set on object 'Object Repository/RAD_Pages/AddressAndContactInfo_Page/input_streetAddress1'

2023-11-01 15:59:31 - [TEST_STEP][PASSED] - setText(findTestObject(orPath_AddressContact + "/input_city"), " "): Text ' ' is set on object 'Object Repository/RAD_Pages/AddressAndContactInfo_Page/input_city'

2023-11-01 15:59:32 - [MESSAGE][PASSED] - Text ' ' is set on object 'Object Repository/RAD_Pages/AddressAndContactInfo_Page/input_city'

2023-11-01 15:59:32 - [TEST_STEP][PASSED] - setText(findTestObject(orPath_AddressContact + "/input_zipCode"), " "): Text ' ' is set on object 'Object Repository/RAD_Pages/AddressAndContactInfo_Page/input_zipCode'

2023-11-01 15:59:33 - [MESSAGE][PASSED] - Text ' ' is set on object 'Object Repository/RAD_Pages/AddressAndContactInfo_Page/input_zipCode'

2023-11-01 15:59:33 - [TEST_STEP][PASSED] - setText(findTestObject(orPath_AddressContact + "/input_phoneNumber"), " "): Text ' ' is set on object 'Object Repository/RAD_Pages/AddressAndContactInfo_Page/input_phoneNumber'

2023-11-01 15:59:34 - [MESSAGE][PASSED] - Text ' ' is set on object 'Object Repository/RAD_Pages/AddressAndContactInfo_Page/input_phoneNumber'

2023-11-01 15:59:34 - [TEST_STEP][PASSED] - setText(findTestObject(orPath_AddressContact + "/input_eMailAddress"), " "): Text ' ' is set on object 'Object Repository/RAD_Pages/AddressAndContactInfo_Page/input_eMailAddress'

2023-11-01 15:59:34 - [MESSAGE][PASSED] - Text ' ' is set on object 'Object Repository/RAD_Pages/AddressAndContactInfo_Page/input_eMailAddress'

2023-11-01 15:59:34 - [TEST_STEP][PASSED] - setText(findTestObject(orPath_AddressContact + "/input_reEnterEMailAddress"), " "): Text ' ' is set on object 'Object Repository/RAD_Pages/AddressAndContactInfo_Page/input_reEnterEMailAddress'

2023-11-01 15:59:35 - [MESSAGE][PASSED] - Text ' ' is set on object 'Object Repository/RAD_Pages/AddressAndContactInfo_Page/input_reEnterEMailAddress'

2023-11-01 15:59:35 - [TEST_STEP][PASSED] - resText = "Fail": null

2023-11-01 15:59:35 - [TEST_STEP][PASSED] - pages.WriteExcel.demoKey(resText, datText, resColumn, datCloumn, fileLoc, nameSheet, row): pages.WriteExcel.demoKey is PASSED

2023-11-01 15:59:35 - [MESSAGE][PASSED] - pages.WriteExcel.demoKey is PASSED

2023-11-01 15:59:35 - [TEST_STEP][PASSED] - verifyTextPresent("Enter business name", true, CONTINUE_ON_FAILURE): Text 'Enter business name' is present on page  using regular expression

2023-11-01 15:59:36 - [MESSAGE][PASSED] - Text 'Enter business name' is present on page  using regular expression

2023-11-01 15:59:36 - [TEST_STEP][PASSED] - verifyTextPresent("Enter business rep first name", true, CONTINUE_ON_FAILURE): Text 'Enter business rep first name' is present on page  using regular expression

2023-11-01 15:59:36 - [MESSAGE][PASSED] - Text 'Enter business rep first name' is present on page  using regular expression

2023-11-01 15:59:36 - [TEST_STEP][PASSED] - verifyTextPresent("Enter business rep last name", true, CONTINUE_ON_FAILURE): Text 'Enter business rep last name' is present on page  using regular expression

2023-11-01 15:59:36 - [MESSAGE][PASSED] - Text 'Enter business rep last name' is present on page  using regular expression

2023-11-01 15:59:36 - [TEST_STEP][PASSED] - verifyTextPresent("Enter address", true, CONTINUE_ON_FAILURE): Text 'Enter address' is present on page  using regular expression

2023-11-01 15:59:37 - [MESSAGE][PASSED] - Text 'Enter address' is present on page  using regular expression

2023-11-01 15:59:37 - [TEST_STEP][PASSED] - verifyTextPresent("Enter city", true, CONTINUE_ON_FAILURE): Text 'Enter city' is present on page  using regular expression

2023-11-01 15:59:37 - [MESSAGE][PASSED] - Text 'Enter city' is present on page  using regular expression

2023-11-01 15:59:37 - [TEST_STEP][PASSED] - verifyTextPresent("Enter ZIP code", true, CONTINUE_ON_FAILURE): Text 'Enter ZIP code' is present on page  using regular expression

2023-11-01 15:59:38 - [MESSAGE][PASSED] - Text 'Enter ZIP code' is present on page  using regular expression

2023-11-01 15:59:38 - [TEST_STEP][PASSED] - verifyTextPresent("Enter a valid phone number", true, CONTINUE_ON_FAILURE): Text 'Enter a valid phone number' is present on page  using regular expression

2023-11-01 15:59:38 - [MESSAGE][PASSED] - Text 'Enter a valid phone number' is present on page  using regular expression

2023-11-01 15:59:38 - [TEST_STEP][PASSED] - verifyTextPresent("Enter Email", true, CONTINUE_ON_FAILURE): Text 'Enter Email' is present on page  using regular expression

2023-11-01 15:59:38 - [MESSAGE][PASSED] - Text 'Enter Email' is present on page  using regular expression

2023-11-01 15:59:38 - [TEST_STEP][PASSED] - resText = "Pass": null

2023-11-01 15:59:38 - [TEST_STEP][PASSED] - pages.WriteExcel.demoKey(resText, datText, resColumn, datCloumn, fileLoc, nameSheet, row): pages.WriteExcel.demoKey is PASSED

2023-11-01 15:59:38 - [MESSAGE][PASSED] - pages.WriteExcel.demoKey is PASSED

2023-11-01 15:59:38 - [TEST_STEP][PASSED] - ExecuteTC = findTestData(dataFile).getValue("Execute", row): null

2023-11-01 15:59:38 - [TEST_STEP][PASSED] - TaxType = findTestData(dataFile).getValue("TaxType", row): null

2023-11-01 15:59:38 - [TEST_STEP][PASSED] - PaymentType = findTestData(dataFile).getValue("PaymentType", row): null

2023-11-01 15:59:39 - [TEST_STEP][PASSED] - feinSsn = findTestData(dataFile).getValue("FEINSSN", row): null

2023-11-01 15:59:39 - [TEST_STEP][PASSED] - if (ExecuteTC.equalsIgnoreCase("Y")): pages.WriteExcel.demoKey is PASSED

2023-11-01 15:59:39 - [TEST_STEP][PASSED] - out.println("Begin Record Number: " + row): null

2023-11-01 15:59:39 - [TEST_STEP][PASSED] - today = new java.util.Date(): null

2023-11-01 15:59:39 - [TEST_STEP][PASSED] - println(today): null

2023-11-01 15:59:39 - [TEST_STEP][PASSED] - datText = today: null

2023-11-01 15:59:39 - [TEST_STEP][PASSED] - logInfo("Payment Type: Existing Liability w/Notice Number"): Payment Type: Existing Liability w/Notice Number

2023-11-01 15:59:39 - [MESSAGE][INFO] - Payment Type: Existing Liability w/Notice Number

2023-11-01 15:59:39 - [TEST_STEP][PASSED] - logInfo("Tax Type: " + TaxType): Tax Type: PTE Tax Electing S Corp

2023-11-01 15:59:39 - [MESSAGE][INFO] - Tax Type: PTE Tax Electing S Corp

2023-11-01 15:59:39 - [TEST_STEP][PASSED] - openBrowser(""): Browser is opened with url: ''

2023-11-01 15:59:39 - [MESSAGE][WARNING] - A browser is already opened. Closing browser and opening a new one

2023-11-01 15:59:40 - [MESSAGE][INFO] - Starting 'Chrome' driver

2023-11-01 15:59:40 - [MESSAGE][INFO] - User set preference: ['acceptInsecureCerts', 'true']

2023-11-01 15:59:40 - [MESSAGE][INFO] - Action delay is set to 0 milliseconds

2023-11-01 15:59:41 - [MESSAGE][PASSED] - Browser is opened with url: ''

2023-11-01 15:59:41 - [TEST_STEP][PASSED] - maximizeWindow(): Current window maximized

2023-11-01 15:59:41 - [MESSAGE][PASSED] - Current window maximized

2023-11-01 15:59:41 - [TEST_STEP][PASSED] - navigateToUrl(RADurl): Navigate to 'https://qa2.velocitypayment.com/client/rad/index.html' successfully

2023-11-01 15:59:42 - [MESSAGE][PASSED] - Navigate to 'https://qa2.velocitypayment.com/client/rad/index.html' successfully

2023-11-01 15:59:42 - [TEST_STEP][PASSED] - selectOptionByLabel(findTestObject(orPath_Landing + "/dd_TaxType"), "Existing Liability w/Notice Number", false): All options with label 'Existing Liability w/Notice Number' are selected in object 'Object Repository/RAD_Pages/Landing_Page/dd_TaxType' 

2023-11-01 15:59:44 - [MESSAGE][PASSED] - All options with label 'Existing Liability w/Notice Number' are selected in object 'Object Repository/RAD_Pages/Landing_Page/dd_TaxType' 

2023-11-01 15:59:44 - [TEST_STEP][PASSED] - selectOptionByLabel(findTestObject(orPath_TaxTypeFilingYear + "/select_TaxType_ExistingLiability"), TaxType, false): All options with label 'PTE Tax Electing S Corp' are selected in object 'Object Repository/RAD_Pages/TaxTypeFilingYear_Page/select_TaxType_ExistingLiability' 

2023-11-01 15:59:44 - [MESSAGE][PASSED] - All options with label 'PTE Tax Electing S Corp' are selected in object 'Object Repository/RAD_Pages/TaxTypeFilingYear_Page/select_TaxType_ExistingLiability' 

2023-11-01 15:59:44 - [TEST_STEP][PASSED] - setText(findTestObject(orPath_TaxPayer + "/input_businessName"), " "): Text ' ' is set on object 'Object Repository/RAD_Pages/Taxpayer_Page/input_businessName'

2023-11-01 15:59:45 - [MESSAGE][PASSED] - Text ' ' is set on object 'Object Repository/RAD_Pages/Taxpayer_Page/input_businessName'

2023-11-01 15:59:45 - [TEST_STEP][PASSED] - setText(findTestObject(orPath_TaxPayer + "/input_BusinessRepfirstName"), " "): Text ' ' is set on object 'Object Repository/RAD_Pages/Taxpayer_Page/input_BusinessRepfirstName'

2023-11-01 15:59:46 - [MESSAGE][PASSED] - Text ' ' is set on object 'Object Repository/RAD_Pages/Taxpayer_Page/input_BusinessRepfirstName'

2023-11-01 15:59:46 - [TEST_STEP][PASSED] - setText(findTestObject(orPath_TaxPayer + "/input_BusinessReplastName"), " "): Text ' ' is set on object 'Object Repository/RAD_Pages/Taxpayer_Page/input_BusinessReplastName'

2023-11-01 15:59:46 - [MESSAGE][PASSED] - Text ' ' is set on object 'Object Repository/RAD_Pages/Taxpayer_Page/input_BusinessReplastName'

2023-11-01 15:59:46 - [TEST_STEP][PASSED] - setText(findTestObject(orPath_AddressContact + "/input_streetAddress1"), " "): Text ' ' is set on object 'Object Repository/RAD_Pages/AddressAndContactInfo_Page/input_streetAddress1'

2023-11-01 15:59:47 - [MESSAGE][PASSED] - Text ' ' is set on object 'Object Repository/RAD_Pages/AddressAndContactInfo_Page/input_streetAddress1'

2023-11-01 15:59:47 - [TEST_STEP][PASSED] - setText(findTestObject(orPath_AddressContact + "/input_city"), " "): Text ' ' is set on object 'Object Repository/RAD_Pages/AddressAndContactInfo_Page/input_city'

2023-11-01 15:59:48 - [MESSAGE][PASSED] - Text ' ' is set on object 'Object Repository/RAD_Pages/AddressAndContactInfo_Page/input_city'

2023-11-01 15:59:48 - [TEST_STEP][PASSED] - setText(findTestObject(orPath_AddressContact + "/input_zipCode"), " "): Text ' ' is set on object 'Object Repository/RAD_Pages/AddressAndContactInfo_Page/input_zipCode'

2023-11-01 15:59:49 - [MESSAGE][PASSED] - Text ' ' is set on object 'Object Repository/RAD_Pages/AddressAndContactInfo_Page/input_zipCode'

2023-11-01 15:59:49 - [TEST_STEP][PASSED] - setText(findTestObject(orPath_AddressContact + "/input_phoneNumber"), " "): Text ' ' is set on object 'Object Repository/RAD_Pages/AddressAndContactInfo_Page/input_phoneNumber'

2023-11-01 15:59:49 - [MESSAGE][PASSED] - Text ' ' is set on object 'Object Repository/RAD_Pages/AddressAndContactInfo_Page/input_phoneNumber'

2023-11-01 15:59:49 - [TEST_STEP][PASSED] - setText(findTestObject(orPath_AddressContact + "/input_eMailAddress"), " "): Text ' ' is set on object 'Object Repository/RAD_Pages/AddressAndContactInfo_Page/input_eMailAddress'

2023-11-01 15:59:50 - [MESSAGE][PASSED] - Text ' ' is set on object 'Object Repository/RAD_Pages/AddressAndContactInfo_Page/input_eMailAddress'

2023-11-01 15:59:50 - [TEST_STEP][PASSED] - setText(findTestObject(orPath_AddressContact + "/input_reEnterEMailAddress"), " "): Text ' ' is set on object 'Object Repository/RAD_Pages/AddressAndContactInfo_Page/input_reEnterEMailAddress'

2023-11-01 15:59:51 - [MESSAGE][PASSED] - Text ' ' is set on object 'Object Repository/RAD_Pages/AddressAndContactInfo_Page/input_reEnterEMailAddress'

2023-11-01 15:59:51 - [TEST_STEP][PASSED] - resText = "Fail": null

2023-11-01 15:59:51 - [TEST_STEP][PASSED] - pages.WriteExcel.demoKey(resText, datText, resColumn, datCloumn, fileLoc, nameSheet, row): pages.WriteExcel.demoKey is PASSED

2023-11-01 15:59:51 - [MESSAGE][PASSED] - pages.WriteExcel.demoKey is PASSED

2023-11-01 15:59:51 - [TEST_STEP][PASSED] - verifyTextPresent("Enter business name", true, CONTINUE_ON_FAILURE): Text 'Enter business name' is present on page  using regular expression

2023-11-01 15:59:51 - [MESSAGE][PASSED] - Text 'Enter business name' is present on page  using regular expression

2023-11-01 15:59:51 - [TEST_STEP][PASSED] - verifyTextPresent("Enter business rep first name", true, CONTINUE_ON_FAILURE): Text 'Enter business rep first name' is present on page  using regular expression

2023-11-01 15:59:52 - [MESSAGE][PASSED] - Text 'Enter business rep first name' is present on page  using regular expression

2023-11-01 15:59:52 - [TEST_STEP][PASSED] - verifyTextPresent("Enter business rep last name", true, CONTINUE_ON_FAILURE): Text 'Enter business rep last name' is present on page  using regular expression

2023-11-01 15:59:52 - [MESSAGE][PASSED] - Text 'Enter business rep last name' is present on page  using regular expression

2023-11-01 15:59:52 - [TEST_STEP][PASSED] - verifyTextPresent("Enter address", true, CONTINUE_ON_FAILURE): Text 'Enter address' is present on page  using regular expression

2023-11-01 15:59:53 - [MESSAGE][PASSED] - Text 'Enter address' is present on page  using regular expression

2023-11-01 15:59:53 - [TEST_STEP][PASSED] - verifyTextPresent("Enter city", true, CONTINUE_ON_FAILURE): Text 'Enter city' is present on page  using regular expression

2023-11-01 15:59:53 - [MESSAGE][PASSED] - Text 'Enter city' is present on page  using regular expression

2023-11-01 15:59:53 - [TEST_STEP][PASSED] - verifyTextPresent("Enter ZIP code", true, CONTINUE_ON_FAILURE): Text 'Enter ZIP code' is present on page  using regular expression

2023-11-01 15:59:53 - [MESSAGE][PASSED] - Text 'Enter ZIP code' is present on page  using regular expression

2023-11-01 15:59:53 - [TEST_STEP][PASSED] - verifyTextPresent("Enter a valid phone number", true, CONTINUE_ON_FAILURE): Text 'Enter a valid phone number' is present on page  using regular expression

2023-11-01 15:59:54 - [MESSAGE][PASSED] - Text 'Enter a valid phone number' is present on page  using regular expression

2023-11-01 15:59:54 - [TEST_STEP][PASSED] - verifyTextPresent("Enter Email", true, CONTINUE_ON_FAILURE): Text 'Enter Email' is present on page  using regular expression

2023-11-01 15:59:54 - [MESSAGE][PASSED] - Text 'Enter Email' is present on page  using regular expression

2023-11-01 15:59:54 - [TEST_STEP][PASSED] - resText = "Pass": null

2023-11-01 15:59:54 - [TEST_STEP][PASSED] - pages.WriteExcel.demoKey(resText, datText, resColumn, datCloumn, fileLoc, nameSheet, row): pages.WriteExcel.demoKey is PASSED

2023-11-01 15:59:54 - [MESSAGE][PASSED] - pages.WriteExcel.demoKey is PASSED]]></system-out>
         <system-err><![CDATA[]]></system-err>
      </testcase>
      <testcase name="Test Cases/RAD_TestCases/MRF_TestCases/Extension_MRF_TC" time="99.293" classname="Test Cases/RAD_TestCases/MRF_TestCases/Extension_MRF_TC" status="PASSED">
         <system-out><![CDATA[2023-11-01 15:59:54 - [TEST_CASE][PASSED] - Test Cases/RAD_TestCases/MRF_TestCases/Extension_MRF_TC: Test Cases/RAD_TestCases/MRF_TestCases/Extension_MRF_TC

2023-11-01 15:59:55 - [TEST_STEP][PASSED] - resText = "Fail": null

2023-11-01 15:59:55 - [TEST_STEP][PASSED] - resColumn = "Result": null

2023-11-01 15:59:55 - [TEST_STEP][PASSED] - datCloumn = "Date": null

2023-11-01 15:59:55 - [TEST_STEP][PASSED] - fileLoc = "KatalonData/RADTestData/MRF.xlsx": null

2023-11-01 15:59:55 - [TEST_STEP][PASSED] - nameSheet = "Extension": null

2023-11-01 15:59:55 - [TEST_STEP][PASSED] - dataFile = "RADTestData/MRF_Extension": null

2023-11-01 15:59:55 - [TEST_STEP][PASSED] - orPath_Landing = "Object Repository/RAD_Pages/Landing_Page": null

2023-11-01 15:59:55 - [TEST_STEP][PASSED] - orPath_TaxTypeFilingYear = "Object Repository/RAD_Pages/TaxTypeFilingYear_Page": null

2023-11-01 15:59:55 - [TEST_STEP][PASSED] - orPath_Amount = "Object Repository/RAD_Pages/PaymentAmount_Page": null

2023-11-01 15:59:55 - [TEST_STEP][PASSED] - orPath_AddressContact = "Object Repository/RAD_Pages/AddressAndContactInfo_Page": null

2023-11-01 15:59:55 - [TEST_STEP][PASSED] - orPath_Summary = "Object Repository/RAD_Pages/Summary_Page": null

2023-11-01 15:59:55 - [TEST_STEP][PASSED] - orPath_PaymentConfirmation = "Object Repository/RAD_Pages/PaymentConfirmation_Page": null

2023-11-01 15:59:55 - [TEST_STEP][PASSED] - orPath_ServiceFeesAccept = "Object Repository/RAD_Pages/ServiceFeeAccept_Page": null

2023-11-01 15:59:55 - [TEST_STEP][PASSED] - orPath_PaymentEntry = "Object Repository/RAD_Pages/PaymentEntry_Page": null

2023-11-01 15:59:55 - [TEST_STEP][PASSED] - orPath_TaxPayer = "Object Repository/RAD_Pages/Taxpayer_Page": null

2023-11-01 15:59:55 - [TEST_STEP][PASSED] - ExecuteTC = <not implemented yet for class: org.codehaus.groovy.ast.expr.EmptyExpression>: null

2023-11-01 15:59:55 - [TEST_STEP][PASSED] - TaxType = <not implemented yet for class: org.codehaus.groovy.ast.expr.EmptyExpression>: null

2023-11-01 15:59:55 - [TEST_STEP][PASSED] - PaymentType = <not implemented yet for class: org.codehaus.groovy.ast.expr.EmptyExpression>: null

2023-11-01 15:59:55 - [TEST_STEP][PASSED] - FilingYear = <not implemented yet for class: org.codehaus.groovy.ast.expr.EmptyExpression>: null

2023-11-01 15:59:55 - [TEST_STEP][PASSED] - PeriodEndingMonth = <not implemented yet for class: org.codehaus.groovy.ast.expr.EmptyExpression>: null

2023-11-01 15:59:55 - [TEST_STEP][PASSED] - feinSSN = <not implemented yet for class: org.codehaus.groovy.ast.expr.EmptyExpression>: null

2023-11-01 15:59:55 - [TEST_STEP][PASSED] - numOfRows = findTestData(dataFile).getRowNumbers(): null

2023-11-01 15:59:55 - [TEST_STEP][PASSED] - println("Number of Records: " + numOfRows): null

2023-11-01 15:59:55 - [TEST_STEP][PASSED] - for ([row = 1, row <= numOfRows, (row++)]): pages.WriteExcel.demoKey is PASSED

2023-11-01 15:59:55 - [TEST_STEP][PASSED] - ExecuteTC = findTestData(dataFile).getValue("Execute", row): null

2023-11-01 15:59:55 - [TEST_STEP][PASSED] - TaxType = findTestData(dataFile).getValue("TaxType", row): null

2023-11-01 15:59:55 - [TEST_STEP][PASSED] - PaymentType = findTestData(dataFile).getValue("PaymentType", row): null

2023-11-01 15:59:55 - [TEST_STEP][PASSED] - FilingYear = findTestData(dataFile).getValue("Year", row): null

2023-11-01 15:59:55 - [TEST_STEP][PASSED] - PeriodEndingMonth = findTestData(dataFile).getValue("Month", row): null

2023-11-01 15:59:55 - [TEST_STEP][PASSED] - feinSSN = findTestData(dataFile).getValue("FeinSsn", row): null

2023-11-01 15:59:55 - [TEST_STEP][PASSED] - if (ExecuteTC.equalsIgnoreCase("Y")): pages.WriteExcel.demoKey is PASSED

2023-11-01 15:59:55 - [TEST_STEP][PASSED] - out.println("Begin Record Number: " + row): null

2023-11-01 15:59:55 - [TEST_STEP][PASSED] - today = new java.util.Date(): null

2023-11-01 15:59:55 - [TEST_STEP][PASSED] - println(today): null

2023-11-01 15:59:55 - [TEST_STEP][PASSED] - datText = today: null

2023-11-01 15:59:55 - [TEST_STEP][PASSED] - logInfo("Payment Type: Extension Payments"): Payment Type: Extension Payments

2023-11-01 15:59:55 - [MESSAGE][INFO] - Payment Type: Extension Payments

2023-11-01 15:59:55 - [TEST_STEP][PASSED] - logInfo("Tax Type: " + TaxType): Tax Type: Corporate Income Tax

2023-11-01 15:59:55 - [MESSAGE][INFO] - Tax Type: Corporate Income Tax

2023-11-01 15:59:55 - [TEST_STEP][PASSED] - openBrowser(""): Browser is opened with url: ''

2023-11-01 15:59:55 - [MESSAGE][WARNING] - A browser is already opened. Closing browser and opening a new one

2023-11-01 15:59:56 - [MESSAGE][INFO] - Starting 'Chrome' driver

2023-11-01 15:59:56 - [MESSAGE][INFO] - User set preference: ['acceptInsecureCerts', 'true']

2023-11-01 15:59:56 - [MESSAGE][INFO] - Action delay is set to 0 milliseconds

2023-11-01 15:59:57 - [MESSAGE][PASSED] - Browser is opened with url: ''

2023-11-01 15:59:57 - [TEST_STEP][PASSED] - maximizeWindow(): Current window maximized

2023-11-01 15:59:58 - [MESSAGE][PASSED] - Current window maximized

2023-11-01 15:59:58 - [TEST_STEP][PASSED] - navigateToUrl(RADurl): Navigate to 'https://qa2.velocitypayment.com/client/rad/index.html' successfully

2023-11-01 15:59:59 - [MESSAGE][PASSED] - Navigate to 'https://qa2.velocitypayment.com/client/rad/index.html' successfully

2023-11-01 15:59:59 - [TEST_STEP][PASSED] - selectOptionByLabel(findTestObject(orPath_Landing + "/dd_TaxType"), "Extension Payments", false): All options with label 'Extension Payments' are selected in object 'Object Repository/RAD_Pages/Landing_Page/dd_TaxType' 

2023-11-01 16:00:00 - [MESSAGE][PASSED] - All options with label 'Extension Payments' are selected in object 'Object Repository/RAD_Pages/Landing_Page/dd_TaxType' 

2023-11-01 16:00:00 - [TEST_STEP][PASSED] - selectOptionByLabel(findTestObject(orPath_TaxTypeFilingYear + "/select_PaymentType"), TaxType, false): All options with label 'Corporate Income Tax' are selected in object 'Object Repository/RAD_Pages/TaxTypeFilingYear_Page/select_PaymentType' 

2023-11-01 16:00:01 - [MESSAGE][PASSED] - All options with label 'Corporate Income Tax' are selected in object 'Object Repository/RAD_Pages/TaxTypeFilingYear_Page/select_PaymentType' 

2023-11-01 16:00:01 - [TEST_STEP][PASSED] - selectOptionByLabel(findTestObject(orPath_TaxTypeFilingYear + "/select_FilingYear"), FilingYear, false): All options with label '2022' are selected in object 'Object Repository/RAD_Pages/TaxTypeFilingYear_Page/select_FilingYear' 

2023-11-01 16:00:01 - [MESSAGE][PASSED] - All options with label '2022' are selected in object 'Object Repository/RAD_Pages/TaxTypeFilingYear_Page/select_FilingYear' 

2023-11-01 16:00:01 - [TEST_STEP][PASSED] - switch (TaxType): null

2023-11-01 16:00:01 - [TEST_STEP][PASSED] - case "Corporate Income Tax":: null

2023-11-01 16:00:01 - [TEST_STEP][PASSED] - selectOptionByLabel(findTestObject(orPath_TaxTypeFilingYear + "/select_PeriodEnding"), PeriodEndingMonth, false): All options with label 'September' are selected in object 'Object Repository/RAD_Pages/TaxTypeFilingYear_Page/select_PeriodEnding' 

2023-11-01 16:00:02 - [MESSAGE][PASSED] - All options with label 'September' are selected in object 'Object Repository/RAD_Pages/TaxTypeFilingYear_Page/select_PeriodEnding' 

2023-11-01 16:00:02 - [TEST_STEP][PASSED] - break: null

2023-11-01 16:00:02 - [TEST_STEP][PASSED] - setText(findTestObject(orPath_TaxPayer + "/input_businessName"), " "): Text ' ' is set on object 'Object Repository/RAD_Pages/Taxpayer_Page/input_businessName'

2023-11-01 16:00:03 - [MESSAGE][PASSED] - Text ' ' is set on object 'Object Repository/RAD_Pages/Taxpayer_Page/input_businessName'

2023-11-01 16:00:03 - [TEST_STEP][PASSED] - setText(findTestObject(orPath_TaxPayer + "/input_BusinessRepfirstName"), " "): Text ' ' is set on object 'Object Repository/RAD_Pages/Taxpayer_Page/input_BusinessRepfirstName'

2023-11-01 16:00:03 - [MESSAGE][PASSED] - Text ' ' is set on object 'Object Repository/RAD_Pages/Taxpayer_Page/input_BusinessRepfirstName'

2023-11-01 16:00:03 - [TEST_STEP][PASSED] - setText(findTestObject(orPath_TaxPayer + "/input_BusinessReplastName"), " "): Text ' ' is set on object 'Object Repository/RAD_Pages/Taxpayer_Page/input_BusinessReplastName'

2023-11-01 16:00:04 - [MESSAGE][PASSED] - Text ' ' is set on object 'Object Repository/RAD_Pages/Taxpayer_Page/input_BusinessReplastName'

2023-11-01 16:00:04 - [TEST_STEP][PASSED] - setText(findTestObject(orPath_AddressContact + "/input_streetAddress1"), " "): Text ' ' is set on object 'Object Repository/RAD_Pages/AddressAndContactInfo_Page/input_streetAddress1'

2023-11-01 16:00:05 - [MESSAGE][PASSED] - Text ' ' is set on object 'Object Repository/RAD_Pages/AddressAndContactInfo_Page/input_streetAddress1'

2023-11-01 16:00:05 - [TEST_STEP][PASSED] - setText(findTestObject(orPath_AddressContact + "/input_city"), " "): Text ' ' is set on object 'Object Repository/RAD_Pages/AddressAndContactInfo_Page/input_city'

2023-11-01 16:00:05 - [MESSAGE][PASSED] - Text ' ' is set on object 'Object Repository/RAD_Pages/AddressAndContactInfo_Page/input_city'

2023-11-01 16:00:05 - [TEST_STEP][PASSED] - setText(findTestObject(orPath_AddressContact + "/input_zipCode"), " "): Text ' ' is set on object 'Object Repository/RAD_Pages/AddressAndContactInfo_Page/input_zipCode'

2023-11-01 16:00:06 - [MESSAGE][PASSED] - Text ' ' is set on object 'Object Repository/RAD_Pages/AddressAndContactInfo_Page/input_zipCode'

2023-11-01 16:00:06 - [TEST_STEP][PASSED] - setText(findTestObject(orPath_AddressContact + "/input_phoneNumber"), " "): Text ' ' is set on object 'Object Repository/RAD_Pages/AddressAndContactInfo_Page/input_phoneNumber'

2023-11-01 16:00:07 - [MESSAGE][PASSED] - Text ' ' is set on object 'Object Repository/RAD_Pages/AddressAndContactInfo_Page/input_phoneNumber'

2023-11-01 16:00:07 - [TEST_STEP][PASSED] - setText(findTestObject(orPath_AddressContact + "/input_eMailAddress"), " "): Text ' ' is set on object 'Object Repository/RAD_Pages/AddressAndContactInfo_Page/input_eMailAddress'

2023-11-01 16:00:08 - [MESSAGE][PASSED] - Text ' ' is set on object 'Object Repository/RAD_Pages/AddressAndContactInfo_Page/input_eMailAddress'

2023-11-01 16:00:08 - [TEST_STEP][PASSED] - setText(findTestObject(orPath_AddressContact + "/input_reEnterEMailAddress"), " "): Text ' ' is set on object 'Object Repository/RAD_Pages/AddressAndContactInfo_Page/input_reEnterEMailAddress'

2023-11-01 16:00:09 - [MESSAGE][PASSED] - Text ' ' is set on object 'Object Repository/RAD_Pages/AddressAndContactInfo_Page/input_reEnterEMailAddress'

2023-11-01 16:00:09 - [TEST_STEP][PASSED] - resText = "Fail": null

2023-11-01 16:00:09 - [TEST_STEP][PASSED] - pages.WriteExcel.demoKey(resText, datText, resColumn, datCloumn, fileLoc, nameSheet, row): pages.WriteExcel.demoKey is PASSED

2023-11-01 16:00:09 - [MESSAGE][PASSED] - pages.WriteExcel.demoKey is PASSED

2023-11-01 16:00:09 - [TEST_STEP][PASSED] - verifyTextPresent("Enter business name", true, CONTINUE_ON_FAILURE): Text 'Enter business name' is present on page  using regular expression

2023-11-01 16:00:09 - [MESSAGE][PASSED] - Text 'Enter business name' is present on page  using regular expression

2023-11-01 16:00:09 - [TEST_STEP][PASSED] - verifyTextPresent("Enter business rep first name", true, CONTINUE_ON_FAILURE): Text 'Enter business rep first name' is present on page  using regular expression

2023-11-01 16:00:10 - [MESSAGE][PASSED] - Text 'Enter business rep first name' is present on page  using regular expression

2023-11-01 16:00:10 - [TEST_STEP][PASSED] - verifyTextPresent("Enter business rep last name", true, CONTINUE_ON_FAILURE): Text 'Enter business rep last name' is present on page  using regular expression

2023-11-01 16:00:10 - [MESSAGE][PASSED] - Text 'Enter business rep last name' is present on page  using regular expression

2023-11-01 16:00:10 - [TEST_STEP][PASSED] - verifyTextPresent("Enter address", true, CONTINUE_ON_FAILURE): Text 'Enter address' is present on page  using regular expression

2023-11-01 16:00:10 - [MESSAGE][PASSED] - Text 'Enter address' is present on page  using regular expression

2023-11-01 16:00:10 - [TEST_STEP][PASSED] - verifyTextPresent("Enter city", true, CONTINUE_ON_FAILURE): Text 'Enter city' is present on page  using regular expression

2023-11-01 16:00:11 - [MESSAGE][PASSED] - Text 'Enter city' is present on page  using regular expression

2023-11-01 16:00:11 - [TEST_STEP][PASSED] - verifyTextPresent("Enter ZIP code", true, CONTINUE_ON_FAILURE): Text 'Enter ZIP code' is present on page  using regular expression

2023-11-01 16:00:11 - [MESSAGE][PASSED] - Text 'Enter ZIP code' is present on page  using regular expression

2023-11-01 16:00:11 - [TEST_STEP][PASSED] - verifyTextPresent("Enter a valid phone number", true, CONTINUE_ON_FAILURE): Text 'Enter a valid phone number' is present on page  using regular expression

2023-11-01 16:00:11 - [MESSAGE][PASSED] - Text 'Enter a valid phone number' is present on page  using regular expression

2023-11-01 16:00:11 - [TEST_STEP][PASSED] - verifyTextPresent("Enter Email", true, CONTINUE_ON_FAILURE): Text 'Enter Email' is present on page  using regular expression

2023-11-01 16:00:12 - [MESSAGE][PASSED] - Text 'Enter Email' is present on page  using regular expression

2023-11-01 16:00:12 - [TEST_STEP][PASSED] - resText = "Pass": null

2023-11-01 16:00:12 - [TEST_STEP][PASSED] - pages.WriteExcel.demoKey(resText, datText, resColumn, datCloumn, fileLoc, nameSheet, row): pages.WriteExcel.demoKey is PASSED

2023-11-01 16:00:12 - [MESSAGE][PASSED] - pages.WriteExcel.demoKey is PASSED

2023-11-01 16:00:12 - [TEST_STEP][PASSED] - ExecuteTC = findTestData(dataFile).getValue("Execute", row): null

2023-11-01 16:00:12 - [TEST_STEP][PASSED] - TaxType = findTestData(dataFile).getValue("TaxType", row): null

2023-11-01 16:00:12 - [TEST_STEP][PASSED] - PaymentType = findTestData(dataFile).getValue("PaymentType", row): null

2023-11-01 16:00:12 - [TEST_STEP][PASSED] - FilingYear = findTestData(dataFile).getValue("Year", row): null

2023-11-01 16:00:12 - [TEST_STEP][PASSED] - PeriodEndingMonth = findTestData(dataFile).getValue("Month", row): null

2023-11-01 16:00:12 - [TEST_STEP][PASSED] - feinSSN = findTestData(dataFile).getValue("FeinSsn", row): null

2023-11-01 16:00:12 - [TEST_STEP][PASSED] - if (ExecuteTC.equalsIgnoreCase("Y")): pages.WriteExcel.demoKey is PASSED

2023-11-01 16:00:12 - [TEST_STEP][PASSED] - out.println("Begin Record Number: " + row): null

2023-11-01 16:00:12 - [TEST_STEP][PASSED] - today = new java.util.Date(): null

2023-11-01 16:00:12 - [TEST_STEP][PASSED] - println(today): null

2023-11-01 16:00:12 - [TEST_STEP][PASSED] - datText = today: null

2023-11-01 16:00:12 - [TEST_STEP][PASSED] - logInfo("Payment Type: Extension Payments"): Payment Type: Extension Payments

2023-11-01 16:00:12 - [MESSAGE][INFO] - Payment Type: Extension Payments

2023-11-01 16:00:12 - [TEST_STEP][PASSED] - logInfo("Tax Type: " + TaxType): Tax Type: Fiduciary Tax

2023-11-01 16:00:12 - [MESSAGE][INFO] - Tax Type: Fiduciary Tax

2023-11-01 16:00:12 - [TEST_STEP][PASSED] - openBrowser(""): Browser is opened with url: ''

2023-11-01 16:00:12 - [MESSAGE][WARNING] - A browser is already opened. Closing browser and opening a new one

2023-11-01 16:00:13 - [MESSAGE][INFO] - Starting 'Chrome' driver

2023-11-01 16:00:13 - [MESSAGE][INFO] - User set preference: ['acceptInsecureCerts', 'true']

2023-11-01 16:00:13 - [MESSAGE][INFO] - Action delay is set to 0 milliseconds

2023-11-01 16:00:15 - [MESSAGE][PASSED] - Browser is opened with url: ''

2023-11-01 16:00:15 - [TEST_STEP][PASSED] - maximizeWindow(): Current window maximized

2023-11-01 16:00:15 - [MESSAGE][PASSED] - Current window maximized

2023-11-01 16:00:15 - [TEST_STEP][PASSED] - navigateToUrl(RADurl): Navigate to 'https://qa2.velocitypayment.com/client/rad/index.html' successfully

2023-11-01 16:00:15 - [MESSAGE][PASSED] - Navigate to 'https://qa2.velocitypayment.com/client/rad/index.html' successfully

2023-11-01 16:00:15 - [TEST_STEP][PASSED] - selectOptionByLabel(findTestObject(orPath_Landing + "/dd_TaxType"), "Extension Payments", false): All options with label 'Extension Payments' are selected in object 'Object Repository/RAD_Pages/Landing_Page/dd_TaxType' 

2023-11-01 16:00:17 - [MESSAGE][PASSED] - All options with label 'Extension Payments' are selected in object 'Object Repository/RAD_Pages/Landing_Page/dd_TaxType' 

2023-11-01 16:00:17 - [TEST_STEP][PASSED] - selectOptionByLabel(findTestObject(orPath_TaxTypeFilingYear + "/select_PaymentType"), TaxType, false): All options with label 'Fiduciary Tax' are selected in object 'Object Repository/RAD_Pages/TaxTypeFilingYear_Page/select_PaymentType' 

2023-11-01 16:00:18 - [MESSAGE][PASSED] - All options with label 'Fiduciary Tax' are selected in object 'Object Repository/RAD_Pages/TaxTypeFilingYear_Page/select_PaymentType' 

2023-11-01 16:00:18 - [TEST_STEP][PASSED] - selectOptionByLabel(findTestObject(orPath_TaxTypeFilingYear + "/select_FilingYear"), FilingYear, false): All options with label '2022' are selected in object 'Object Repository/RAD_Pages/TaxTypeFilingYear_Page/select_FilingYear' 

2023-11-01 16:00:18 - [MESSAGE][PASSED] - All options with label '2022' are selected in object 'Object Repository/RAD_Pages/TaxTypeFilingYear_Page/select_FilingYear' 

2023-11-01 16:00:18 - [TEST_STEP][PASSED] - switch (TaxType): null

2023-11-01 16:00:18 - [TEST_STEP][PASSED] - setText(findTestObject(orPath_TaxPayer + "/input_businessName"), " "): Text ' ' is set on object 'Object Repository/RAD_Pages/Taxpayer_Page/input_businessName'

2023-11-01 16:00:19 - [MESSAGE][PASSED] - Text ' ' is set on object 'Object Repository/RAD_Pages/Taxpayer_Page/input_businessName'

2023-11-01 16:00:19 - [TEST_STEP][PASSED] - setText(findTestObject(orPath_TaxPayer + "/input_BusinessRepfirstName"), " "): Text ' ' is set on object 'Object Repository/RAD_Pages/Taxpayer_Page/input_BusinessRepfirstName'

2023-11-01 16:00:20 - [MESSAGE][PASSED] - Text ' ' is set on object 'Object Repository/RAD_Pages/Taxpayer_Page/input_BusinessRepfirstName'

2023-11-01 16:00:20 - [TEST_STEP][PASSED] - setText(findTestObject(orPath_TaxPayer + "/input_BusinessReplastName"), " "): Text ' ' is set on object 'Object Repository/RAD_Pages/Taxpayer_Page/input_BusinessReplastName'

2023-11-01 16:00:20 - [MESSAGE][PASSED] - Text ' ' is set on object 'Object Repository/RAD_Pages/Taxpayer_Page/input_BusinessReplastName'

2023-11-01 16:00:20 - [TEST_STEP][PASSED] - setText(findTestObject(orPath_AddressContact + "/input_streetAddress1"), " "): Text ' ' is set on object 'Object Repository/RAD_Pages/AddressAndContactInfo_Page/input_streetAddress1'

2023-11-01 16:00:21 - [MESSAGE][PASSED] - Text ' ' is set on object 'Object Repository/RAD_Pages/AddressAndContactInfo_Page/input_streetAddress1'

2023-11-01 16:00:21 - [TEST_STEP][PASSED] - setText(findTestObject(orPath_AddressContact + "/input_city"), " "): Text ' ' is set on object 'Object Repository/RAD_Pages/AddressAndContactInfo_Page/input_city'

2023-11-01 16:00:22 - [MESSAGE][PASSED] - Text ' ' is set on object 'Object Repository/RAD_Pages/AddressAndContactInfo_Page/input_city'

2023-11-01 16:00:22 - [TEST_STEP][PASSED] - setText(findTestObject(orPath_AddressContact + "/input_zipCode"), " "): Text ' ' is set on object 'Object Repository/RAD_Pages/AddressAndContactInfo_Page/input_zipCode'

2023-11-01 16:00:23 - [MESSAGE][PASSED] - Text ' ' is set on object 'Object Repository/RAD_Pages/AddressAndContactInfo_Page/input_zipCode'

2023-11-01 16:00:23 - [TEST_STEP][PASSED] - setText(findTestObject(orPath_AddressContact + "/input_phoneNumber"), " "): Text ' ' is set on object 'Object Repository/RAD_Pages/AddressAndContactInfo_Page/input_phoneNumber'

2023-11-01 16:00:23 - [MESSAGE][PASSED] - Text ' ' is set on object 'Object Repository/RAD_Pages/AddressAndContactInfo_Page/input_phoneNumber'

2023-11-01 16:00:23 - [TEST_STEP][PASSED] - setText(findTestObject(orPath_AddressContact + "/input_eMailAddress"), " "): Text ' ' is set on object 'Object Repository/RAD_Pages/AddressAndContactInfo_Page/input_eMailAddress'

2023-11-01 16:00:24 - [MESSAGE][PASSED] - Text ' ' is set on object 'Object Repository/RAD_Pages/AddressAndContactInfo_Page/input_eMailAddress'

2023-11-01 16:00:24 - [TEST_STEP][PASSED] - setText(findTestObject(orPath_AddressContact + "/input_reEnterEMailAddress"), " "): Text ' ' is set on object 'Object Repository/RAD_Pages/AddressAndContactInfo_Page/input_reEnterEMailAddress'

2023-11-01 16:00:25 - [MESSAGE][PASSED] - Text ' ' is set on object 'Object Repository/RAD_Pages/AddressAndContactInfo_Page/input_reEnterEMailAddress'

2023-11-01 16:00:25 - [TEST_STEP][PASSED] - resText = "Fail": null

2023-11-01 16:00:25 - [TEST_STEP][PASSED] - pages.WriteExcel.demoKey(resText, datText, resColumn, datCloumn, fileLoc, nameSheet, row): pages.WriteExcel.demoKey is PASSED

2023-11-01 16:00:25 - [MESSAGE][PASSED] - pages.WriteExcel.demoKey is PASSED

2023-11-01 16:00:25 - [TEST_STEP][PASSED] - verifyTextPresent("Enter business name", true, CONTINUE_ON_FAILURE): Text 'Enter business name' is present on page  using regular expression

2023-11-01 16:00:26 - [MESSAGE][PASSED] - Text 'Enter business name' is present on page  using regular expression

2023-11-01 16:00:26 - [TEST_STEP][PASSED] - verifyTextPresent("Enter business rep first name", true, CONTINUE_ON_FAILURE): Text 'Enter business rep first name' is present on page  using regular expression

2023-11-01 16:00:26 - [MESSAGE][PASSED] - Text 'Enter business rep first name' is present on page  using regular expression

2023-11-01 16:00:26 - [TEST_STEP][PASSED] - verifyTextPresent("Enter business rep last name", true, CONTINUE_ON_FAILURE): Text 'Enter business rep last name' is present on page  using regular expression

2023-11-01 16:00:26 - [MESSAGE][PASSED] - Text 'Enter business rep last name' is present on page  using regular expression

2023-11-01 16:00:26 - [TEST_STEP][PASSED] - verifyTextPresent("Enter address", true, CONTINUE_ON_FAILURE): Text 'Enter address' is present on page  using regular expression

2023-11-01 16:00:27 - [MESSAGE][PASSED] - Text 'Enter address' is present on page  using regular expression

2023-11-01 16:00:27 - [TEST_STEP][PASSED] - verifyTextPresent("Enter city", true, CONTINUE_ON_FAILURE): Text 'Enter city' is present on page  using regular expression

2023-11-01 16:00:27 - [MESSAGE][PASSED] - Text 'Enter city' is present on page  using regular expression

2023-11-01 16:00:27 - [TEST_STEP][PASSED] - verifyTextPresent("Enter ZIP code", true, CONTINUE_ON_FAILURE): Text 'Enter ZIP code' is present on page  using regular expression

2023-11-01 16:00:27 - [MESSAGE][PASSED] - Text 'Enter ZIP code' is present on page  using regular expression

2023-11-01 16:00:27 - [TEST_STEP][PASSED] - verifyTextPresent("Enter a valid phone number", true, CONTINUE_ON_FAILURE): Text 'Enter a valid phone number' is present on page  using regular expression

2023-11-01 16:00:28 - [MESSAGE][PASSED] - Text 'Enter a valid phone number' is present on page  using regular expression

2023-11-01 16:00:28 - [TEST_STEP][PASSED] - verifyTextPresent("Enter Email", true, CONTINUE_ON_FAILURE): Text 'Enter Email' is present on page  using regular expression

2023-11-01 16:00:28 - [MESSAGE][PASSED] - Text 'Enter Email' is present on page  using regular expression

2023-11-01 16:00:28 - [TEST_STEP][PASSED] - resText = "Pass": null

2023-11-01 16:00:28 - [TEST_STEP][PASSED] - pages.WriteExcel.demoKey(resText, datText, resColumn, datCloumn, fileLoc, nameSheet, row): pages.WriteExcel.demoKey is PASSED

2023-11-01 16:00:28 - [MESSAGE][PASSED] - pages.WriteExcel.demoKey is PASSED

2023-11-01 16:00:28 - [TEST_STEP][PASSED] - ExecuteTC = findTestData(dataFile).getValue("Execute", row): null

2023-11-01 16:00:28 - [TEST_STEP][PASSED] - TaxType = findTestData(dataFile).getValue("TaxType", row): null

2023-11-01 16:00:28 - [TEST_STEP][PASSED] - PaymentType = findTestData(dataFile).getValue("PaymentType", row): null

2023-11-01 16:00:28 - [TEST_STEP][PASSED] - FilingYear = findTestData(dataFile).getValue("Year", row): null

2023-11-01 16:00:28 - [TEST_STEP][PASSED] - PeriodEndingMonth = findTestData(dataFile).getValue("Month", row): null

2023-11-01 16:00:28 - [TEST_STEP][PASSED] - feinSSN = findTestData(dataFile).getValue("FeinSsn", row): null

2023-11-01 16:00:28 - [TEST_STEP][PASSED] - if (ExecuteTC.equalsIgnoreCase("Y")): pages.WriteExcel.demoKey is PASSED

2023-11-01 16:00:28 - [TEST_STEP][PASSED] - out.println("Begin Record Number: " + row): null

2023-11-01 16:00:28 - [TEST_STEP][PASSED] - today = new java.util.Date(): null

2023-11-01 16:00:28 - [TEST_STEP][PASSED] - println(today): null

2023-11-01 16:00:28 - [TEST_STEP][PASSED] - datText = today: null

2023-11-01 16:00:28 - [TEST_STEP][PASSED] - logInfo("Payment Type: Extension Payments"): Payment Type: Extension Payments

2023-11-01 16:00:28 - [MESSAGE][INFO] - Payment Type: Extension Payments

2023-11-01 16:00:28 - [TEST_STEP][PASSED] - logInfo("Tax Type: " + TaxType): Tax Type: PTE Non-Electing Non-S Corp

2023-11-01 16:00:28 - [MESSAGE][INFO] - Tax Type: PTE Non-Electing Non-S Corp

2023-11-01 16:00:28 - [TEST_STEP][PASSED] - openBrowser(""): Browser is opened with url: ''

2023-11-01 16:00:28 - [MESSAGE][WARNING] - A browser is already opened. Closing browser and opening a new one

2023-11-01 16:00:29 - [MESSAGE][INFO] - Starting 'Chrome' driver

2023-11-01 16:00:29 - [MESSAGE][INFO] - User set preference: ['acceptInsecureCerts', 'true']

2023-11-01 16:00:29 - [MESSAGE][INFO] - Action delay is set to 0 milliseconds

2023-11-01 16:00:31 - [MESSAGE][PASSED] - Browser is opened with url: ''

2023-11-01 16:00:31 - [TEST_STEP][PASSED] - maximizeWindow(): Current window maximized

2023-11-01 16:00:31 - [MESSAGE][PASSED] - Current window maximized

2023-11-01 16:00:31 - [TEST_STEP][PASSED] - navigateToUrl(RADurl): Navigate to 'https://qa2.velocitypayment.com/client/rad/index.html' successfully

2023-11-01 16:00:31 - [MESSAGE][PASSED] - Navigate to 'https://qa2.velocitypayment.com/client/rad/index.html' successfully

2023-11-01 16:00:31 - [TEST_STEP][PASSED] - selectOptionByLabel(findTestObject(orPath_Landing + "/dd_TaxType"), "Extension Payments", false): All options with label 'Extension Payments' are selected in object 'Object Repository/RAD_Pages/Landing_Page/dd_TaxType' 

2023-11-01 16:00:33 - [MESSAGE][PASSED] - All options with label 'Extension Payments' are selected in object 'Object Repository/RAD_Pages/Landing_Page/dd_TaxType' 

2023-11-01 16:00:33 - [TEST_STEP][PASSED] - selectOptionByLabel(findTestObject(orPath_TaxTypeFilingYear + "/select_PaymentType"), TaxType, false): All options with label 'PTE Non-Electing Non-S Corp' are selected in object 'Object Repository/RAD_Pages/TaxTypeFilingYear_Page/select_PaymentType' 

2023-11-01 16:00:34 - [MESSAGE][PASSED] - All options with label 'PTE Non-Electing Non-S Corp' are selected in object 'Object Repository/RAD_Pages/TaxTypeFilingYear_Page/select_PaymentType' 

2023-11-01 16:00:34 - [TEST_STEP][PASSED] - selectOptionByLabel(findTestObject(orPath_TaxTypeFilingYear + "/select_FilingYear"), FilingYear, false): All options with label '2022' are selected in object 'Object Repository/RAD_Pages/TaxTypeFilingYear_Page/select_FilingYear' 

2023-11-01 16:00:35 - [MESSAGE][PASSED] - All options with label '2022' are selected in object 'Object Repository/RAD_Pages/TaxTypeFilingYear_Page/select_FilingYear' 

2023-11-01 16:00:35 - [TEST_STEP][PASSED] - switch (TaxType): null

2023-11-01 16:00:35 - [TEST_STEP][PASSED] - setText(findTestObject(orPath_TaxPayer + "/input_businessName"), " "): Text ' ' is set on object 'Object Repository/RAD_Pages/Taxpayer_Page/input_businessName'

2023-11-01 16:00:35 - [MESSAGE][PASSED] - Text ' ' is set on object 'Object Repository/RAD_Pages/Taxpayer_Page/input_businessName'

2023-11-01 16:00:35 - [TEST_STEP][PASSED] - setText(findTestObject(orPath_TaxPayer + "/input_BusinessRepfirstName"), " "): Text ' ' is set on object 'Object Repository/RAD_Pages/Taxpayer_Page/input_BusinessRepfirstName'

2023-11-01 16:00:36 - [MESSAGE][PASSED] - Text ' ' is set on object 'Object Repository/RAD_Pages/Taxpayer_Page/input_BusinessRepfirstName'

2023-11-01 16:00:36 - [TEST_STEP][PASSED] - setText(findTestObject(orPath_TaxPayer + "/input_BusinessReplastName"), " "): Text ' ' is set on object 'Object Repository/RAD_Pages/Taxpayer_Page/input_BusinessReplastName'

2023-11-01 16:00:37 - [MESSAGE][PASSED] - Text ' ' is set on object 'Object Repository/RAD_Pages/Taxpayer_Page/input_BusinessReplastName'

2023-11-01 16:00:37 - [TEST_STEP][PASSED] - setText(findTestObject(orPath_AddressContact + "/input_streetAddress1"), " "): Text ' ' is set on object 'Object Repository/RAD_Pages/AddressAndContactInfo_Page/input_streetAddress1'

2023-11-01 16:00:37 - [MESSAGE][PASSED] - Text ' ' is set on object 'Object Repository/RAD_Pages/AddressAndContactInfo_Page/input_streetAddress1'

2023-11-01 16:00:37 - [TEST_STEP][PASSED] - setText(findTestObject(orPath_AddressContact + "/input_city"), " "): Text ' ' is set on object 'Object Repository/RAD_Pages/AddressAndContactInfo_Page/input_city'

2023-11-01 16:00:38 - [MESSAGE][PASSED] - Text ' ' is set on object 'Object Repository/RAD_Pages/AddressAndContactInfo_Page/input_city'

2023-11-01 16:00:38 - [TEST_STEP][PASSED] - setText(findTestObject(orPath_AddressContact + "/input_zipCode"), " "): Text ' ' is set on object 'Object Repository/RAD_Pages/AddressAndContactInfo_Page/input_zipCode'

2023-11-01 16:00:39 - [MESSAGE][PASSED] - Text ' ' is set on object 'Object Repository/RAD_Pages/AddressAndContactInfo_Page/input_zipCode'

2023-11-01 16:00:39 - [TEST_STEP][PASSED] - setText(findTestObject(orPath_AddressContact + "/input_phoneNumber"), " "): Text ' ' is set on object 'Object Repository/RAD_Pages/AddressAndContactInfo_Page/input_phoneNumber'

2023-11-01 16:00:40 - [MESSAGE][PASSED] - Text ' ' is set on object 'Object Repository/RAD_Pages/AddressAndContactInfo_Page/input_phoneNumber'

2023-11-01 16:00:40 - [TEST_STEP][PASSED] - setText(findTestObject(orPath_AddressContact + "/input_eMailAddress"), " "): Text ' ' is set on object 'Object Repository/RAD_Pages/AddressAndContactInfo_Page/input_eMailAddress'

2023-11-01 16:00:40 - [MESSAGE][PASSED] - Text ' ' is set on object 'Object Repository/RAD_Pages/AddressAndContactInfo_Page/input_eMailAddress'

2023-11-01 16:00:40 - [TEST_STEP][PASSED] - setText(findTestObject(orPath_AddressContact + "/input_reEnterEMailAddress"), " "): Text ' ' is set on object 'Object Repository/RAD_Pages/AddressAndContactInfo_Page/input_reEnterEMailAddress'

2023-11-01 16:00:41 - [MESSAGE][PASSED] - Text ' ' is set on object 'Object Repository/RAD_Pages/AddressAndContactInfo_Page/input_reEnterEMailAddress'

2023-11-01 16:00:41 - [TEST_STEP][PASSED] - resText = "Fail": null

2023-11-01 16:00:41 - [TEST_STEP][PASSED] - pages.WriteExcel.demoKey(resText, datText, resColumn, datCloumn, fileLoc, nameSheet, row): pages.WriteExcel.demoKey is PASSED

2023-11-01 16:00:41 - [MESSAGE][PASSED] - pages.WriteExcel.demoKey is PASSED

2023-11-01 16:00:41 - [TEST_STEP][PASSED] - verifyTextPresent("Enter business name", true, CONTINUE_ON_FAILURE): Text 'Enter business name' is present on page  using regular expression

2023-11-01 16:00:42 - [MESSAGE][PASSED] - Text 'Enter business name' is present on page  using regular expression

2023-11-01 16:00:42 - [TEST_STEP][PASSED] - verifyTextPresent("Enter business rep first name", true, CONTINUE_ON_FAILURE): Text 'Enter business rep first name' is present on page  using regular expression

2023-11-01 16:00:42 - [MESSAGE][PASSED] - Text 'Enter business rep first name' is present on page  using regular expression

2023-11-01 16:00:42 - [TEST_STEP][PASSED] - verifyTextPresent("Enter business rep last name", true, CONTINUE_ON_FAILURE): Text 'Enter business rep last name' is present on page  using regular expression

2023-11-01 16:00:43 - [MESSAGE][PASSED] - Text 'Enter business rep last name' is present on page  using regular expression

2023-11-01 16:00:43 - [TEST_STEP][PASSED] - verifyTextPresent("Enter address", true, CONTINUE_ON_FAILURE): Text 'Enter address' is present on page  using regular expression

2023-11-01 16:00:43 - [MESSAGE][PASSED] - Text 'Enter address' is present on page  using regular expression

2023-11-01 16:00:43 - [TEST_STEP][PASSED] - verifyTextPresent("Enter city", true, CONTINUE_ON_FAILURE): Text 'Enter city' is present on page  using regular expression

2023-11-01 16:00:43 - [MESSAGE][PASSED] - Text 'Enter city' is present on page  using regular expression

2023-11-01 16:00:43 - [TEST_STEP][PASSED] - verifyTextPresent("Enter ZIP code", true, CONTINUE_ON_FAILURE): Text 'Enter ZIP code' is present on page  using regular expression

2023-11-01 16:00:44 - [MESSAGE][PASSED] - Text 'Enter ZIP code' is present on page  using regular expression

2023-11-01 16:00:44 - [TEST_STEP][PASSED] - verifyTextPresent("Enter a valid phone number", true, CONTINUE_ON_FAILURE): Text 'Enter a valid phone number' is present on page  using regular expression

2023-11-01 16:00:44 - [MESSAGE][PASSED] - Text 'Enter a valid phone number' is present on page  using regular expression

2023-11-01 16:00:44 - [TEST_STEP][PASSED] - verifyTextPresent("Enter Email", true, CONTINUE_ON_FAILURE): Text 'Enter Email' is present on page  using regular expression

2023-11-01 16:00:44 - [MESSAGE][PASSED] - Text 'Enter Email' is present on page  using regular expression

2023-11-01 16:00:44 - [TEST_STEP][PASSED] - resText = "Pass": null

2023-11-01 16:00:44 - [TEST_STEP][PASSED] - pages.WriteExcel.demoKey(resText, datText, resColumn, datCloumn, fileLoc, nameSheet, row): pages.WriteExcel.demoKey is PASSED

2023-11-01 16:00:44 - [MESSAGE][PASSED] - pages.WriteExcel.demoKey is PASSED

2023-11-01 16:00:44 - [TEST_STEP][PASSED] - ExecuteTC = findTestData(dataFile).getValue("Execute", row): null

2023-11-01 16:00:44 - [TEST_STEP][PASSED] - TaxType = findTestData(dataFile).getValue("TaxType", row): null

2023-11-01 16:00:44 - [TEST_STEP][PASSED] - PaymentType = findTestData(dataFile).getValue("PaymentType", row): null

2023-11-01 16:00:45 - [TEST_STEP][PASSED] - FilingYear = findTestData(dataFile).getValue("Year", row): null

2023-11-01 16:00:45 - [TEST_STEP][PASSED] - PeriodEndingMonth = findTestData(dataFile).getValue("Month", row): null

2023-11-01 16:00:45 - [TEST_STEP][PASSED] - feinSSN = findTestData(dataFile).getValue("FeinSsn", row): null

2023-11-01 16:00:45 - [TEST_STEP][PASSED] - if (ExecuteTC.equalsIgnoreCase("Y")): pages.WriteExcel.demoKey is PASSED

2023-11-01 16:00:45 - [TEST_STEP][PASSED] - out.println("Begin Record Number: " + row): null

2023-11-01 16:00:45 - [TEST_STEP][PASSED] - today = new java.util.Date(): null

2023-11-01 16:00:45 - [TEST_STEP][PASSED] - println(today): null

2023-11-01 16:00:45 - [TEST_STEP][PASSED] - datText = today: null

2023-11-01 16:00:45 - [TEST_STEP][PASSED] - logInfo("Payment Type: Extension Payments"): Payment Type: Extension Payments

2023-11-01 16:00:45 - [MESSAGE][INFO] - Payment Type: Extension Payments

2023-11-01 16:00:45 - [TEST_STEP][PASSED] - logInfo("Tax Type: " + TaxType): Tax Type: PTE Non-Electing S Corp

2023-11-01 16:00:45 - [MESSAGE][INFO] - Tax Type: PTE Non-Electing S Corp

2023-11-01 16:00:45 - [TEST_STEP][PASSED] - openBrowser(""): Browser is opened with url: ''

2023-11-01 16:00:45 - [MESSAGE][WARNING] - A browser is already opened. Closing browser and opening a new one

2023-11-01 16:00:46 - [MESSAGE][INFO] - Starting 'Chrome' driver

2023-11-01 16:00:46 - [MESSAGE][INFO] - User set preference: ['acceptInsecureCerts', 'true']

2023-11-01 16:00:46 - [MESSAGE][INFO] - Action delay is set to 0 milliseconds

2023-11-01 16:00:47 - [MESSAGE][PASSED] - Browser is opened with url: ''

2023-11-01 16:00:47 - [TEST_STEP][PASSED] - maximizeWindow(): Current window maximized

2023-11-01 16:00:47 - [MESSAGE][PASSED] - Current window maximized

2023-11-01 16:00:47 - [TEST_STEP][PASSED] - navigateToUrl(RADurl): Navigate to 'https://qa2.velocitypayment.com/client/rad/index.html' successfully

2023-11-01 16:00:48 - [MESSAGE][PASSED] - Navigate to 'https://qa2.velocitypayment.com/client/rad/index.html' successfully

2023-11-01 16:00:48 - [TEST_STEP][PASSED] - selectOptionByLabel(findTestObject(orPath_Landing + "/dd_TaxType"), "Extension Payments", false): All options with label 'Extension Payments' are selected in object 'Object Repository/RAD_Pages/Landing_Page/dd_TaxType' 

2023-11-01 16:00:50 - [MESSAGE][PASSED] - All options with label 'Extension Payments' are selected in object 'Object Repository/RAD_Pages/Landing_Page/dd_TaxType' 

2023-11-01 16:00:50 - [TEST_STEP][PASSED] - selectOptionByLabel(findTestObject(orPath_TaxTypeFilingYear + "/select_PaymentType"), TaxType, false): All options with label 'PTE Non-Electing S Corp' are selected in object 'Object Repository/RAD_Pages/TaxTypeFilingYear_Page/select_PaymentType' 

2023-11-01 16:00:51 - [MESSAGE][PASSED] - All options with label 'PTE Non-Electing S Corp' are selected in object 'Object Repository/RAD_Pages/TaxTypeFilingYear_Page/select_PaymentType' 

2023-11-01 16:00:51 - [TEST_STEP][PASSED] - selectOptionByLabel(findTestObject(orPath_TaxTypeFilingYear + "/select_FilingYear"), FilingYear, false): All options with label '2022' are selected in object 'Object Repository/RAD_Pages/TaxTypeFilingYear_Page/select_FilingYear' 

2023-11-01 16:00:51 - [MESSAGE][PASSED] - All options with label '2022' are selected in object 'Object Repository/RAD_Pages/TaxTypeFilingYear_Page/select_FilingYear' 

2023-11-01 16:00:51 - [TEST_STEP][PASSED] - switch (TaxType): null

2023-11-01 16:00:51 - [TEST_STEP][PASSED] - setText(findTestObject(orPath_TaxPayer + "/input_businessName"), " "): Text ' ' is set on object 'Object Repository/RAD_Pages/Taxpayer_Page/input_businessName'

2023-11-01 16:00:52 - [MESSAGE][PASSED] - Text ' ' is set on object 'Object Repository/RAD_Pages/Taxpayer_Page/input_businessName'

2023-11-01 16:00:52 - [TEST_STEP][PASSED] - setText(findTestObject(orPath_TaxPayer + "/input_BusinessRepfirstName"), " "): Text ' ' is set on object 'Object Repository/RAD_Pages/Taxpayer_Page/input_BusinessRepfirstName'

2023-11-01 16:00:52 - [MESSAGE][PASSED] - Text ' ' is set on object 'Object Repository/RAD_Pages/Taxpayer_Page/input_BusinessRepfirstName'

2023-11-01 16:00:52 - [TEST_STEP][PASSED] - setText(findTestObject(orPath_TaxPayer + "/input_BusinessReplastName"), " "): Text ' ' is set on object 'Object Repository/RAD_Pages/Taxpayer_Page/input_BusinessReplastName'

2023-11-01 16:00:53 - [MESSAGE][PASSED] - Text ' ' is set on object 'Object Repository/RAD_Pages/Taxpayer_Page/input_BusinessReplastName'

2023-11-01 16:00:53 - [TEST_STEP][PASSED] - setText(findTestObject(orPath_AddressContact + "/input_streetAddress1"), " "): Text ' ' is set on object 'Object Repository/RAD_Pages/AddressAndContactInfo_Page/input_streetAddress1'

2023-11-01 16:00:54 - [MESSAGE][PASSED] - Text ' ' is set on object 'Object Repository/RAD_Pages/AddressAndContactInfo_Page/input_streetAddress1'

2023-11-01 16:00:54 - [TEST_STEP][PASSED] - setText(findTestObject(orPath_AddressContact + "/input_city"), " "): Text ' ' is set on object 'Object Repository/RAD_Pages/AddressAndContactInfo_Page/input_city'

2023-11-01 16:00:55 - [MESSAGE][PASSED] - Text ' ' is set on object 'Object Repository/RAD_Pages/AddressAndContactInfo_Page/input_city'

2023-11-01 16:00:55 - [TEST_STEP][PASSED] - setText(findTestObject(orPath_AddressContact + "/input_zipCode"), " "): Text ' ' is set on object 'Object Repository/RAD_Pages/AddressAndContactInfo_Page/input_zipCode'

2023-11-01 16:00:55 - [MESSAGE][PASSED] - Text ' ' is set on object 'Object Repository/RAD_Pages/AddressAndContactInfo_Page/input_zipCode'

2023-11-01 16:00:55 - [TEST_STEP][PASSED] - setText(findTestObject(orPath_AddressContact + "/input_phoneNumber"), " "): Text ' ' is set on object 'Object Repository/RAD_Pages/AddressAndContactInfo_Page/input_phoneNumber'

2023-11-01 16:00:56 - [MESSAGE][PASSED] - Text ' ' is set on object 'Object Repository/RAD_Pages/AddressAndContactInfo_Page/input_phoneNumber'

2023-11-01 16:00:56 - [TEST_STEP][PASSED] - setText(findTestObject(orPath_AddressContact + "/input_eMailAddress"), " "): Text ' ' is set on object 'Object Repository/RAD_Pages/AddressAndContactInfo_Page/input_eMailAddress'

2023-11-01 16:00:57 - [MESSAGE][PASSED] - Text ' ' is set on object 'Object Repository/RAD_Pages/AddressAndContactInfo_Page/input_eMailAddress'

2023-11-01 16:00:57 - [TEST_STEP][PASSED] - setText(findTestObject(orPath_AddressContact + "/input_reEnterEMailAddress"), " "): Text ' ' is set on object 'Object Repository/RAD_Pages/AddressAndContactInfo_Page/input_reEnterEMailAddress'

2023-11-01 16:00:58 - [MESSAGE][PASSED] - Text ' ' is set on object 'Object Repository/RAD_Pages/AddressAndContactInfo_Page/input_reEnterEMailAddress'

2023-11-01 16:00:58 - [TEST_STEP][PASSED] - resText = "Fail": null

2023-11-01 16:00:58 - [TEST_STEP][PASSED] - pages.WriteExcel.demoKey(resText, datText, resColumn, datCloumn, fileLoc, nameSheet, row): pages.WriteExcel.demoKey is PASSED

2023-11-01 16:00:58 - [MESSAGE][PASSED] - pages.WriteExcel.demoKey is PASSED

2023-11-01 16:00:58 - [TEST_STEP][PASSED] - verifyTextPresent("Enter business name", true, CONTINUE_ON_FAILURE): Text 'Enter business name' is present on page  using regular expression

2023-11-01 16:00:58 - [MESSAGE][PASSED] - Text 'Enter business name' is present on page  using regular expression

2023-11-01 16:00:58 - [TEST_STEP][PASSED] - verifyTextPresent("Enter business rep first name", true, CONTINUE_ON_FAILURE): Text 'Enter business rep first name' is present on page  using regular expression

2023-11-01 16:00:59 - [MESSAGE][PASSED] - Text 'Enter business rep first name' is present on page  using regular expression

2023-11-01 16:00:59 - [TEST_STEP][PASSED] - verifyTextPresent("Enter business rep last name", true, CONTINUE_ON_FAILURE): Text 'Enter business rep last name' is present on page  using regular expression

2023-11-01 16:00:59 - [MESSAGE][PASSED] - Text 'Enter business rep last name' is present on page  using regular expression

2023-11-01 16:00:59 - [TEST_STEP][PASSED] - verifyTextPresent("Enter address", true, CONTINUE_ON_FAILURE): Text 'Enter address' is present on page  using regular expression

2023-11-01 16:00:59 - [MESSAGE][PASSED] - Text 'Enter address' is present on page  using regular expression

2023-11-01 16:00:59 - [TEST_STEP][PASSED] - verifyTextPresent("Enter city", true, CONTINUE_ON_FAILURE): Text 'Enter city' is present on page  using regular expression

2023-11-01 16:01:00 - [MESSAGE][PASSED] - Text 'Enter city' is present on page  using regular expression

2023-11-01 16:01:00 - [TEST_STEP][PASSED] - verifyTextPresent("Enter ZIP code", true, CONTINUE_ON_FAILURE): Text 'Enter ZIP code' is present on page  using regular expression

2023-11-01 16:01:00 - [MESSAGE][PASSED] - Text 'Enter ZIP code' is present on page  using regular expression

2023-11-01 16:01:00 - [TEST_STEP][PASSED] - verifyTextPresent("Enter a valid phone number", true, CONTINUE_ON_FAILURE): Text 'Enter a valid phone number' is present on page  using regular expression

2023-11-01 16:01:00 - [MESSAGE][PASSED] - Text 'Enter a valid phone number' is present on page  using regular expression

2023-11-01 16:01:00 - [TEST_STEP][PASSED] - verifyTextPresent("Enter Email", true, CONTINUE_ON_FAILURE): Text 'Enter Email' is present on page  using regular expression

2023-11-01 16:01:01 - [MESSAGE][PASSED] - Text 'Enter Email' is present on page  using regular expression

2023-11-01 16:01:01 - [TEST_STEP][PASSED] - resText = "Pass": null

2023-11-01 16:01:01 - [TEST_STEP][PASSED] - pages.WriteExcel.demoKey(resText, datText, resColumn, datCloumn, fileLoc, nameSheet, row): pages.WriteExcel.demoKey is PASSED

2023-11-01 16:01:01 - [MESSAGE][PASSED] - pages.WriteExcel.demoKey is PASSED

2023-11-01 16:01:01 - [TEST_STEP][PASSED] - ExecuteTC = findTestData(dataFile).getValue("Execute", row): null

2023-11-01 16:01:01 - [TEST_STEP][PASSED] - TaxType = findTestData(dataFile).getValue("TaxType", row): null

2023-11-01 16:01:01 - [TEST_STEP][PASSED] - PaymentType = findTestData(dataFile).getValue("PaymentType", row): null

2023-11-01 16:01:01 - [TEST_STEP][PASSED] - FilingYear = findTestData(dataFile).getValue("Year", row): null

2023-11-01 16:01:01 - [TEST_STEP][PASSED] - PeriodEndingMonth = findTestData(dataFile).getValue("Month", row): null

2023-11-01 16:01:01 - [TEST_STEP][PASSED] - feinSSN = findTestData(dataFile).getValue("FeinSsn", row): null

2023-11-01 16:01:01 - [TEST_STEP][PASSED] - if (ExecuteTC.equalsIgnoreCase("Y")): pages.WriteExcel.demoKey is PASSED

2023-11-01 16:01:01 - [TEST_STEP][PASSED] - out.println("Begin Record Number: " + row): null

2023-11-01 16:01:01 - [TEST_STEP][PASSED] - today = new java.util.Date(): null

2023-11-01 16:01:01 - [TEST_STEP][PASSED] - println(today): null

2023-11-01 16:01:01 - [TEST_STEP][PASSED] - datText = today: null

2023-11-01 16:01:01 - [TEST_STEP][PASSED] - logInfo("Payment Type: Extension Payments"): Payment Type: Extension Payments

2023-11-01 16:01:01 - [MESSAGE][INFO] - Payment Type: Extension Payments

2023-11-01 16:01:01 - [TEST_STEP][PASSED] - logInfo("Tax Type: " + TaxType): Tax Type: PTE Tax Electing Non-S Corp

2023-11-01 16:01:01 - [MESSAGE][INFO] - Tax Type: PTE Tax Electing Non-S Corp

2023-11-01 16:01:01 - [TEST_STEP][PASSED] - openBrowser(""): Browser is opened with url: ''

2023-11-01 16:01:01 - [MESSAGE][WARNING] - A browser is already opened. Closing browser and opening a new one

2023-11-01 16:01:02 - [MESSAGE][INFO] - Starting 'Chrome' driver

2023-11-01 16:01:02 - [MESSAGE][INFO] - User set preference: ['acceptInsecureCerts', 'true']

2023-11-01 16:01:02 - [MESSAGE][INFO] - Action delay is set to 0 milliseconds

2023-11-01 16:01:04 - [MESSAGE][PASSED] - Browser is opened with url: ''

2023-11-01 16:01:04 - [TEST_STEP][PASSED] - maximizeWindow(): Current window maximized

2023-11-01 16:01:04 - [MESSAGE][PASSED] - Current window maximized

2023-11-01 16:01:04 - [TEST_STEP][PASSED] - navigateToUrl(RADurl): Navigate to 'https://qa2.velocitypayment.com/client/rad/index.html' successfully

2023-11-01 16:01:04 - [MESSAGE][PASSED] - Navigate to 'https://qa2.velocitypayment.com/client/rad/index.html' successfully

2023-11-01 16:01:04 - [TEST_STEP][PASSED] - selectOptionByLabel(findTestObject(orPath_Landing + "/dd_TaxType"), "Extension Payments", false): All options with label 'Extension Payments' are selected in object 'Object Repository/RAD_Pages/Landing_Page/dd_TaxType' 

2023-11-01 16:01:06 - [MESSAGE][PASSED] - All options with label 'Extension Payments' are selected in object 'Object Repository/RAD_Pages/Landing_Page/dd_TaxType' 

2023-11-01 16:01:06 - [TEST_STEP][PASSED] - selectOptionByLabel(findTestObject(orPath_TaxTypeFilingYear + "/select_PaymentType"), TaxType, false): All options with label 'PTE Tax Electing Non-S Corp' are selected in object 'Object Repository/RAD_Pages/TaxTypeFilingYear_Page/select_PaymentType' 

2023-11-01 16:01:07 - [MESSAGE][PASSED] - All options with label 'PTE Tax Electing Non-S Corp' are selected in object 'Object Repository/RAD_Pages/TaxTypeFilingYear_Page/select_PaymentType' 

2023-11-01 16:01:07 - [TEST_STEP][PASSED] - selectOptionByLabel(findTestObject(orPath_TaxTypeFilingYear + "/select_FilingYear"), FilingYear, false): All options with label '2022' are selected in object 'Object Repository/RAD_Pages/TaxTypeFilingYear_Page/select_FilingYear' 

2023-11-01 16:01:07 - [MESSAGE][PASSED] - All options with label '2022' are selected in object 'Object Repository/RAD_Pages/TaxTypeFilingYear_Page/select_FilingYear' 

2023-11-01 16:01:07 - [TEST_STEP][PASSED] - switch (TaxType): null

2023-11-01 16:01:07 - [TEST_STEP][PASSED] - setText(findTestObject(orPath_TaxPayer + "/input_businessName"), " "): Text ' ' is set on object 'Object Repository/RAD_Pages/Taxpayer_Page/input_businessName'

2023-11-01 16:01:08 - [MESSAGE][PASSED] - Text ' ' is set on object 'Object Repository/RAD_Pages/Taxpayer_Page/input_businessName'

2023-11-01 16:01:08 - [TEST_STEP][PASSED] - setText(findTestObject(orPath_TaxPayer + "/input_BusinessRepfirstName"), " "): Text ' ' is set on object 'Object Repository/RAD_Pages/Taxpayer_Page/input_BusinessRepfirstName'

2023-11-01 16:01:09 - [MESSAGE][PASSED] - Text ' ' is set on object 'Object Repository/RAD_Pages/Taxpayer_Page/input_BusinessRepfirstName'

2023-11-01 16:01:09 - [TEST_STEP][PASSED] - setText(findTestObject(orPath_TaxPayer + "/input_BusinessReplastName"), " "): Text ' ' is set on object 'Object Repository/RAD_Pages/Taxpayer_Page/input_BusinessReplastName'

2023-11-01 16:01:09 - [MESSAGE][PASSED] - Text ' ' is set on object 'Object Repository/RAD_Pages/Taxpayer_Page/input_BusinessReplastName'

2023-11-01 16:01:09 - [TEST_STEP][PASSED] - setText(findTestObject(orPath_AddressContact + "/input_streetAddress1"), " "): Text ' ' is set on object 'Object Repository/RAD_Pages/AddressAndContactInfo_Page/input_streetAddress1'

2023-11-01 16:01:10 - [MESSAGE][PASSED] - Text ' ' is set on object 'Object Repository/RAD_Pages/AddressAndContactInfo_Page/input_streetAddress1'

2023-11-01 16:01:10 - [TEST_STEP][PASSED] - setText(findTestObject(orPath_AddressContact + "/input_city"), " "): Text ' ' is set on object 'Object Repository/RAD_Pages/AddressAndContactInfo_Page/input_city'

2023-11-01 16:01:11 - [MESSAGE][PASSED] - Text ' ' is set on object 'Object Repository/RAD_Pages/AddressAndContactInfo_Page/input_city'

2023-11-01 16:01:11 - [TEST_STEP][PASSED] - setText(findTestObject(orPath_AddressContact + "/input_zipCode"), " "): Text ' ' is set on object 'Object Repository/RAD_Pages/AddressAndContactInfo_Page/input_zipCode'

2023-11-01 16:01:11 - [MESSAGE][PASSED] - Text ' ' is set on object 'Object Repository/RAD_Pages/AddressAndContactInfo_Page/input_zipCode'

2023-11-01 16:01:11 - [TEST_STEP][PASSED] - setText(findTestObject(orPath_AddressContact + "/input_phoneNumber"), " "): Text ' ' is set on object 'Object Repository/RAD_Pages/AddressAndContactInfo_Page/input_phoneNumber'

2023-11-01 16:01:12 - [MESSAGE][PASSED] - Text ' ' is set on object 'Object Repository/RAD_Pages/AddressAndContactInfo_Page/input_phoneNumber'

2023-11-01 16:01:12 - [TEST_STEP][PASSED] - setText(findTestObject(orPath_AddressContact + "/input_eMailAddress"), " "): Text ' ' is set on object 'Object Repository/RAD_Pages/AddressAndContactInfo_Page/input_eMailAddress'

2023-11-01 16:01:13 - [MESSAGE][PASSED] - Text ' ' is set on object 'Object Repository/RAD_Pages/AddressAndContactInfo_Page/input_eMailAddress'

2023-11-01 16:01:13 - [TEST_STEP][PASSED] - setText(findTestObject(orPath_AddressContact + "/input_reEnterEMailAddress"), " "): Text ' ' is set on object 'Object Repository/RAD_Pages/AddressAndContactInfo_Page/input_reEnterEMailAddress'

2023-11-01 16:01:14 - [MESSAGE][PASSED] - Text ' ' is set on object 'Object Repository/RAD_Pages/AddressAndContactInfo_Page/input_reEnterEMailAddress'

2023-11-01 16:01:14 - [TEST_STEP][PASSED] - resText = "Fail": null

2023-11-01 16:01:14 - [TEST_STEP][PASSED] - pages.WriteExcel.demoKey(resText, datText, resColumn, datCloumn, fileLoc, nameSheet, row): pages.WriteExcel.demoKey is PASSED

2023-11-01 16:01:14 - [MESSAGE][PASSED] - pages.WriteExcel.demoKey is PASSED

2023-11-01 16:01:14 - [TEST_STEP][PASSED] - verifyTextPresent("Enter business name", true, CONTINUE_ON_FAILURE): Text 'Enter business name' is present on page  using regular expression

2023-11-01 16:01:14 - [MESSAGE][PASSED] - Text 'Enter business name' is present on page  using regular expression

2023-11-01 16:01:14 - [TEST_STEP][PASSED] - verifyTextPresent("Enter business rep first name", true, CONTINUE_ON_FAILURE): Text 'Enter business rep first name' is present on page  using regular expression

2023-11-01 16:01:15 - [MESSAGE][PASSED] - Text 'Enter business rep first name' is present on page  using regular expression

2023-11-01 16:01:15 - [TEST_STEP][PASSED] - verifyTextPresent("Enter business rep last name", true, CONTINUE_ON_FAILURE): Text 'Enter business rep last name' is present on page  using regular expression

2023-11-01 16:01:15 - [MESSAGE][PASSED] - Text 'Enter business rep last name' is present on page  using regular expression

2023-11-01 16:01:15 - [TEST_STEP][PASSED] - verifyTextPresent("Enter address", true, CONTINUE_ON_FAILURE): Text 'Enter address' is present on page  using regular expression

2023-11-01 16:01:16 - [MESSAGE][PASSED] - Text 'Enter address' is present on page  using regular expression

2023-11-01 16:01:16 - [TEST_STEP][PASSED] - verifyTextPresent("Enter city", true, CONTINUE_ON_FAILURE): Text 'Enter city' is present on page  using regular expression

2023-11-01 16:01:16 - [MESSAGE][PASSED] - Text 'Enter city' is present on page  using regular expression

2023-11-01 16:01:16 - [TEST_STEP][PASSED] - verifyTextPresent("Enter ZIP code", true, CONTINUE_ON_FAILURE): Text 'Enter ZIP code' is present on page  using regular expression

2023-11-01 16:01:16 - [MESSAGE][PASSED] - Text 'Enter ZIP code' is present on page  using regular expression

2023-11-01 16:01:16 - [TEST_STEP][PASSED] - verifyTextPresent("Enter a valid phone number", true, CONTINUE_ON_FAILURE): Text 'Enter a valid phone number' is present on page  using regular expression

2023-11-01 16:01:17 - [MESSAGE][PASSED] - Text 'Enter a valid phone number' is present on page  using regular expression

2023-11-01 16:01:17 - [TEST_STEP][PASSED] - verifyTextPresent("Enter Email", true, CONTINUE_ON_FAILURE): Text 'Enter Email' is present on page  using regular expression

2023-11-01 16:01:17 - [MESSAGE][PASSED] - Text 'Enter Email' is present on page  using regular expression

2023-11-01 16:01:17 - [TEST_STEP][PASSED] - resText = "Pass": null

2023-11-01 16:01:17 - [TEST_STEP][PASSED] - pages.WriteExcel.demoKey(resText, datText, resColumn, datCloumn, fileLoc, nameSheet, row): pages.WriteExcel.demoKey is PASSED

2023-11-01 16:01:17 - [MESSAGE][PASSED] - pages.WriteExcel.demoKey is PASSED

2023-11-01 16:01:17 - [TEST_STEP][PASSED] - ExecuteTC = findTestData(dataFile).getValue("Execute", row): null

2023-11-01 16:01:17 - [TEST_STEP][PASSED] - TaxType = findTestData(dataFile).getValue("TaxType", row): null

2023-11-01 16:01:17 - [TEST_STEP][PASSED] - PaymentType = findTestData(dataFile).getValue("PaymentType", row): null

2023-11-01 16:01:17 - [TEST_STEP][PASSED] - FilingYear = findTestData(dataFile).getValue("Year", row): null

2023-11-01 16:01:17 - [TEST_STEP][PASSED] - PeriodEndingMonth = findTestData(dataFile).getValue("Month", row): null

2023-11-01 16:01:17 - [TEST_STEP][PASSED] - feinSSN = findTestData(dataFile).getValue("FeinSsn", row): null

2023-11-01 16:01:17 - [TEST_STEP][PASSED] - if (ExecuteTC.equalsIgnoreCase("Y")): pages.WriteExcel.demoKey is PASSED

2023-11-01 16:01:17 - [TEST_STEP][PASSED] - out.println("Begin Record Number: " + row): null

2023-11-01 16:01:17 - [TEST_STEP][PASSED] - today = new java.util.Date(): null

2023-11-01 16:01:17 - [TEST_STEP][PASSED] - println(today): null

2023-11-01 16:01:17 - [TEST_STEP][PASSED] - datText = today: null

2023-11-01 16:01:17 - [TEST_STEP][PASSED] - logInfo("Payment Type: Extension Payments"): Payment Type: Extension Payments

2023-11-01 16:01:17 - [MESSAGE][INFO] - Payment Type: Extension Payments

2023-11-01 16:01:17 - [TEST_STEP][PASSED] - logInfo("Tax Type: " + TaxType): Tax Type: PTE Tax Electing S Corp

2023-11-01 16:01:17 - [MESSAGE][INFO] - Tax Type: PTE Tax Electing S Corp

2023-11-01 16:01:17 - [TEST_STEP][PASSED] - openBrowser(""): Browser is opened with url: ''

2023-11-01 16:01:17 - [MESSAGE][WARNING] - A browser is already opened. Closing browser and opening a new one

2023-11-01 16:01:18 - [MESSAGE][INFO] - Starting 'Chrome' driver

2023-11-01 16:01:18 - [MESSAGE][INFO] - User set preference: ['acceptInsecureCerts', 'true']

2023-11-01 16:01:18 - [MESSAGE][INFO] - Action delay is set to 0 milliseconds

2023-11-01 16:01:20 - [MESSAGE][PASSED] - Browser is opened with url: ''

2023-11-01 16:01:20 - [TEST_STEP][PASSED] - maximizeWindow(): Current window maximized

2023-11-01 16:01:20 - [MESSAGE][PASSED] - Current window maximized

2023-11-01 16:01:20 - [TEST_STEP][PASSED] - navigateToUrl(RADurl): Navigate to 'https://qa2.velocitypayment.com/client/rad/index.html' successfully

2023-11-01 16:01:20 - [MESSAGE][PASSED] - Navigate to 'https://qa2.velocitypayment.com/client/rad/index.html' successfully

2023-11-01 16:01:20 - [TEST_STEP][PASSED] - selectOptionByLabel(findTestObject(orPath_Landing + "/dd_TaxType"), "Extension Payments", false): All options with label 'Extension Payments' are selected in object 'Object Repository/RAD_Pages/Landing_Page/dd_TaxType' 

2023-11-01 16:01:22 - [MESSAGE][PASSED] - All options with label 'Extension Payments' are selected in object 'Object Repository/RAD_Pages/Landing_Page/dd_TaxType' 

2023-11-01 16:01:22 - [TEST_STEP][PASSED] - selectOptionByLabel(findTestObject(orPath_TaxTypeFilingYear + "/select_PaymentType"), TaxType, false): All options with label 'PTE Tax Electing S Corp' are selected in object 'Object Repository/RAD_Pages/TaxTypeFilingYear_Page/select_PaymentType' 

2023-11-01 16:01:23 - [MESSAGE][PASSED] - All options with label 'PTE Tax Electing S Corp' are selected in object 'Object Repository/RAD_Pages/TaxTypeFilingYear_Page/select_PaymentType' 

2023-11-01 16:01:23 - [TEST_STEP][PASSED] - selectOptionByLabel(findTestObject(orPath_TaxTypeFilingYear + "/select_FilingYear"), FilingYear, false): All options with label '2022' are selected in object 'Object Repository/RAD_Pages/TaxTypeFilingYear_Page/select_FilingYear' 

2023-11-01 16:01:24 - [MESSAGE][PASSED] - All options with label '2022' are selected in object 'Object Repository/RAD_Pages/TaxTypeFilingYear_Page/select_FilingYear' 

2023-11-01 16:01:24 - [TEST_STEP][PASSED] - switch (TaxType): null

2023-11-01 16:01:24 - [TEST_STEP][PASSED] - setText(findTestObject(orPath_TaxPayer + "/input_businessName"), " "): Text ' ' is set on object 'Object Repository/RAD_Pages/Taxpayer_Page/input_businessName'

2023-11-01 16:01:24 - [MESSAGE][PASSED] - Text ' ' is set on object 'Object Repository/RAD_Pages/Taxpayer_Page/input_businessName'

2023-11-01 16:01:24 - [TEST_STEP][PASSED] - setText(findTestObject(orPath_TaxPayer + "/input_BusinessRepfirstName"), " "): Text ' ' is set on object 'Object Repository/RAD_Pages/Taxpayer_Page/input_BusinessRepfirstName'

2023-11-01 16:01:25 - [MESSAGE][PASSED] - Text ' ' is set on object 'Object Repository/RAD_Pages/Taxpayer_Page/input_BusinessRepfirstName'

2023-11-01 16:01:25 - [TEST_STEP][PASSED] - setText(findTestObject(orPath_TaxPayer + "/input_BusinessReplastName"), " "): Text ' ' is set on object 'Object Repository/RAD_Pages/Taxpayer_Page/input_BusinessReplastName'

2023-11-01 16:01:26 - [MESSAGE][PASSED] - Text ' ' is set on object 'Object Repository/RAD_Pages/Taxpayer_Page/input_BusinessReplastName'

2023-11-01 16:01:26 - [TEST_STEP][PASSED] - setText(findTestObject(orPath_AddressContact + "/input_streetAddress1"), " "): Text ' ' is set on object 'Object Repository/RAD_Pages/AddressAndContactInfo_Page/input_streetAddress1'

2023-11-01 16:01:26 - [MESSAGE][PASSED] - Text ' ' is set on object 'Object Repository/RAD_Pages/AddressAndContactInfo_Page/input_streetAddress1'

2023-11-01 16:01:26 - [TEST_STEP][PASSED] - setText(findTestObject(orPath_AddressContact + "/input_city"), " "): Text ' ' is set on object 'Object Repository/RAD_Pages/AddressAndContactInfo_Page/input_city'

2023-11-01 16:01:27 - [MESSAGE][PASSED] - Text ' ' is set on object 'Object Repository/RAD_Pages/AddressAndContactInfo_Page/input_city'

2023-11-01 16:01:27 - [TEST_STEP][PASSED] - setText(findTestObject(orPath_AddressContact + "/input_zipCode"), " "): Text ' ' is set on object 'Object Repository/RAD_Pages/AddressAndContactInfo_Page/input_zipCode'

2023-11-01 16:01:28 - [MESSAGE][PASSED] - Text ' ' is set on object 'Object Repository/RAD_Pages/AddressAndContactInfo_Page/input_zipCode'

2023-11-01 16:01:28 - [TEST_STEP][PASSED] - setText(findTestObject(orPath_AddressContact + "/input_phoneNumber"), " "): Text ' ' is set on object 'Object Repository/RAD_Pages/AddressAndContactInfo_Page/input_phoneNumber'

2023-11-01 16:01:29 - [MESSAGE][PASSED] - Text ' ' is set on object 'Object Repository/RAD_Pages/AddressAndContactInfo_Page/input_phoneNumber'

2023-11-01 16:01:29 - [TEST_STEP][PASSED] - setText(findTestObject(orPath_AddressContact + "/input_eMailAddress"), " "): Text ' ' is set on object 'Object Repository/RAD_Pages/AddressAndContactInfo_Page/input_eMailAddress'

2023-11-01 16:01:29 - [MESSAGE][PASSED] - Text ' ' is set on object 'Object Repository/RAD_Pages/AddressAndContactInfo_Page/input_eMailAddress'

2023-11-01 16:01:29 - [TEST_STEP][PASSED] - setText(findTestObject(orPath_AddressContact + "/input_reEnterEMailAddress"), " "): Text ' ' is set on object 'Object Repository/RAD_Pages/AddressAndContactInfo_Page/input_reEnterEMailAddress'

2023-11-01 16:01:30 - [MESSAGE][PASSED] - Text ' ' is set on object 'Object Repository/RAD_Pages/AddressAndContactInfo_Page/input_reEnterEMailAddress'

2023-11-01 16:01:30 - [TEST_STEP][PASSED] - resText = "Fail": null

2023-11-01 16:01:30 - [TEST_STEP][PASSED] - pages.WriteExcel.demoKey(resText, datText, resColumn, datCloumn, fileLoc, nameSheet, row): pages.WriteExcel.demoKey is PASSED

2023-11-01 16:01:30 - [MESSAGE][PASSED] - pages.WriteExcel.demoKey is PASSED

2023-11-01 16:01:30 - [TEST_STEP][PASSED] - verifyTextPresent("Enter business name", true, CONTINUE_ON_FAILURE): Text 'Enter business name' is present on page  using regular expression

2023-11-01 16:01:31 - [MESSAGE][PASSED] - Text 'Enter business name' is present on page  using regular expression

2023-11-01 16:01:31 - [TEST_STEP][PASSED] - verifyTextPresent("Enter business rep first name", true, CONTINUE_ON_FAILURE): Text 'Enter business rep first name' is present on page  using regular expression

2023-11-01 16:01:31 - [MESSAGE][PASSED] - Text 'Enter business rep first name' is present on page  using regular expression

2023-11-01 16:01:31 - [TEST_STEP][PASSED] - verifyTextPresent("Enter business rep last name", true, CONTINUE_ON_FAILURE): Text 'Enter business rep last name' is present on page  using regular expression

2023-11-01 16:01:31 - [MESSAGE][PASSED] - Text 'Enter business rep last name' is present on page  using regular expression

2023-11-01 16:01:31 - [TEST_STEP][PASSED] - verifyTextPresent("Enter address", true, CONTINUE_ON_FAILURE): Text 'Enter address' is present on page  using regular expression

2023-11-01 16:01:32 - [MESSAGE][PASSED] - Text 'Enter address' is present on page  using regular expression

2023-11-01 16:01:32 - [TEST_STEP][PASSED] - verifyTextPresent("Enter city", true, CONTINUE_ON_FAILURE): Text 'Enter city' is present on page  using regular expression

2023-11-01 16:01:32 - [MESSAGE][PASSED] - Text 'Enter city' is present on page  using regular expression

2023-11-01 16:01:32 - [TEST_STEP][PASSED] - verifyTextPresent("Enter ZIP code", true, CONTINUE_ON_FAILURE): Text 'Enter ZIP code' is present on page  using regular expression

2023-11-01 16:01:33 - [MESSAGE][PASSED] - Text 'Enter ZIP code' is present on page  using regular expression

2023-11-01 16:01:33 - [TEST_STEP][PASSED] - verifyTextPresent("Enter a valid phone number", true, CONTINUE_ON_FAILURE): Text 'Enter a valid phone number' is present on page  using regular expression

2023-11-01 16:01:33 - [MESSAGE][PASSED] - Text 'Enter a valid phone number' is present on page  using regular expression

2023-11-01 16:01:33 - [TEST_STEP][PASSED] - verifyTextPresent("Enter Email", true, CONTINUE_ON_FAILURE): Text 'Enter Email' is present on page  using regular expression

2023-11-01 16:01:33 - [MESSAGE][PASSED] - Text 'Enter Email' is present on page  using regular expression

2023-11-01 16:01:33 - [TEST_STEP][PASSED] - resText = "Pass": null

2023-11-01 16:01:33 - [TEST_STEP][PASSED] - pages.WriteExcel.demoKey(resText, datText, resColumn, datCloumn, fileLoc, nameSheet, row): pages.WriteExcel.demoKey is PASSED

2023-11-01 16:01:33 - [MESSAGE][PASSED] - pages.WriteExcel.demoKey is PASSED]]></system-out>
         <system-err><![CDATA[]]></system-err>
      </testcase>
      <testcase name="Test Cases/RAD_TestCases/MRF_TestCases/NewTaxReturn_MRF_TC" time="247.296" classname="Test Cases/RAD_TestCases/MRF_TestCases/NewTaxReturn_MRF_TC" status="PASSED">
         <system-out><![CDATA[2023-11-01 16:01:33 - [TEST_CASE][PASSED] - Test Cases/RAD_TestCases/MRF_TestCases/NewTaxReturn_MRF_TC: Test Cases/RAD_TestCases/MRF_TestCases/NewTaxReturn_MRF_TC

2023-11-01 16:01:34 - [TEST_STEP][PASSED] - resText = "Fail": null

2023-11-01 16:01:34 - [TEST_STEP][PASSED] - resColumn = "Result": null

2023-11-01 16:01:34 - [TEST_STEP][PASSED] - datCloumn = "Date": null

2023-11-01 16:01:34 - [TEST_STEP][PASSED] - fileLoc = "KatalonData/RADTestData/MRF.xlsx": null

2023-11-01 16:01:34 - [TEST_STEP][PASSED] - nameSheet = "NewTaxReturn": null

2023-11-01 16:01:34 - [TEST_STEP][PASSED] - dataFile = "RADTestData/MRF_NewTaxReturn": null

2023-11-01 16:01:34 - [TEST_STEP][PASSED] - orPath_Landing = "Object Repository/RAD_Pages/Landing_Page": null

2023-11-01 16:01:34 - [TEST_STEP][PASSED] - orPath_TaxTypeFilingYear = "Object Repository/RAD_Pages/TaxTypeFilingYear_Page": null

2023-11-01 16:01:34 - [TEST_STEP][PASSED] - orPath_Amount = "Object Repository/RAD_Pages/PaymentAmount_Page": null

2023-11-01 16:01:34 - [TEST_STEP][PASSED] - orPath_AddressContact = "Object Repository/RAD_Pages/AddressAndContactInfo_Page": null

2023-11-01 16:01:34 - [TEST_STEP][PASSED] - orPath_Summary = "Object Repository/RAD_Pages/Summary_Page": null

2023-11-01 16:01:34 - [TEST_STEP][PASSED] - orPath_PaymentConfirmation = "Object Repository/RAD_Pages/PaymentConfirmation_Page": null

2023-11-01 16:01:34 - [TEST_STEP][PASSED] - orPath_ServiceFeesAccept = "Object Repository/RAD_Pages/ServiceFeeAccept_Page": null

2023-11-01 16:01:34 - [TEST_STEP][PASSED] - orPath_PaymentEntry = "Object Repository/RAD_Pages/PaymentEntry_Page": null

2023-11-01 16:01:34 - [TEST_STEP][PASSED] - orPath_TaxPayer = "Object Repository/RAD_Pages/Taxpayer_Page": null

2023-11-01 16:01:34 - [TEST_STEP][PASSED] - ExecuteTC = <not implemented yet for class: org.codehaus.groovy.ast.expr.EmptyExpression>: null

2023-11-01 16:01:34 - [TEST_STEP][PASSED] - TaxType = <not implemented yet for class: org.codehaus.groovy.ast.expr.EmptyExpression>: null

2023-11-01 16:01:34 - [TEST_STEP][PASSED] - PaymentType = <not implemented yet for class: org.codehaus.groovy.ast.expr.EmptyExpression>: null

2023-11-01 16:01:34 - [TEST_STEP][PASSED] - FilingYear = <not implemented yet for class: org.codehaus.groovy.ast.expr.EmptyExpression>: null

2023-11-01 16:01:34 - [TEST_STEP][PASSED] - PeriodEndingMonth = <not implemented yet for class: org.codehaus.groovy.ast.expr.EmptyExpression>: null

2023-11-01 16:01:34 - [TEST_STEP][PASSED] - feinSSN = <not implemented yet for class: org.codehaus.groovy.ast.expr.EmptyExpression>: null

2023-11-01 16:01:34 - [TEST_STEP][PASSED] - numOfRows = findTestData(dataFile).getRowNumbers(): null

2023-11-01 16:01:34 - [TEST_STEP][PASSED] - println("Number of Records: " + numOfRows): null

2023-11-01 16:01:34 - [TEST_STEP][PASSED] - for ([row = 1, row <= numOfRows, (row++)]): pages.WriteExcel.demoKey is PASSED

2023-11-01 16:01:34 - [TEST_STEP][PASSED] - ExecuteTC = findTestData(dataFile).getValue("Execute", row): null

2023-11-01 16:01:34 - [TEST_STEP][PASSED] - TaxType = findTestData(dataFile).getValue("TaxType", row): null

2023-11-01 16:01:34 - [TEST_STEP][PASSED] - PaymentType = findTestData(dataFile).getValue("PaymentType", row): null

2023-11-01 16:01:34 - [TEST_STEP][PASSED] - FilingYear = findTestData(dataFile).getValue("Year", row): null

2023-11-01 16:01:34 - [TEST_STEP][PASSED] - feinSSN = findTestData(dataFile).getValue("FeinSsn", row): null

2023-11-01 16:01:34 - [TEST_STEP][PASSED] - if (ExecuteTC.equalsIgnoreCase("Y")): pages.WriteExcel.demoKey is PASSED

2023-11-01 16:01:34 - [TEST_STEP][PASSED] - out.println("Begin Record Number: " + row): null

2023-11-01 16:01:34 - [TEST_STEP][PASSED] - today = new java.util.Date(): null

2023-11-01 16:01:34 - [TEST_STEP][PASSED] - println(today): null

2023-11-01 16:01:34 - [TEST_STEP][PASSED] - datText = today: null

2023-11-01 16:01:34 - [TEST_STEP][PASSED] - logInfo("Payment Type: New Tax Return Amount Due"): Payment Type: New Tax Return Amount Due

2023-11-01 16:01:34 - [MESSAGE][INFO] - Payment Type: New Tax Return Amount Due

2023-11-01 16:01:34 - [TEST_STEP][PASSED] - logInfo("Tax Type: " + TaxType): Tax Type: Fiduciary Tax

2023-11-01 16:01:34 - [MESSAGE][INFO] - Tax Type: Fiduciary Tax

2023-11-01 16:01:34 - [TEST_STEP][PASSED] - openBrowser(""): Browser is opened with url: ''

2023-11-01 16:01:34 - [MESSAGE][WARNING] - A browser is already opened. Closing browser and opening a new one

2023-11-01 16:01:35 - [MESSAGE][INFO] - Starting 'Chrome' driver

2023-11-01 16:01:35 - [MESSAGE][INFO] - User set preference: ['acceptInsecureCerts', 'true']

2023-11-01 16:01:35 - [MESSAGE][INFO] - Action delay is set to 0 milliseconds

2023-11-01 16:01:37 - [MESSAGE][PASSED] - Browser is opened with url: ''

2023-11-01 16:01:37 - [TEST_STEP][PASSED] - maximizeWindow(): Current window maximized

2023-11-01 16:01:37 - [MESSAGE][PASSED] - Current window maximized

2023-11-01 16:01:37 - [TEST_STEP][PASSED] - navigateToUrl(RADurl): Navigate to 'https://qa2.velocitypayment.com/client/rad/index.html' successfully

2023-11-01 16:01:39 - [MESSAGE][PASSED] - Navigate to 'https://qa2.velocitypayment.com/client/rad/index.html' successfully

2023-11-01 16:01:39 - [TEST_STEP][PASSED] - selectOptionByLabel(findTestObject(orPath_Landing + "/dd_TaxType"), "New Tax Return Amount Due", false): All options with label 'New Tax Return Amount Due' are selected in object 'Object Repository/RAD_Pages/Landing_Page/dd_TaxType' 

2023-11-01 16:01:39 - [MESSAGE][PASSED] - All options with label 'New Tax Return Amount Due' are selected in object 'Object Repository/RAD_Pages/Landing_Page/dd_TaxType' 

2023-11-01 16:01:39 - [TEST_STEP][PASSED] - selectOptionByLabel(findTestObject("Object Repository/RAD_Pages/Landing_Page/select_NewTaxReturnAmountDue_TaxType"), TaxType, false): All options with label 'Fiduciary Tax' are selected in object 'Object Repository/RAD_Pages/Landing_Page/select_NewTaxReturnAmountDue_TaxType' 

2023-11-01 16:01:40 - [MESSAGE][PASSED] - All options with label 'Fiduciary Tax' are selected in object 'Object Repository/RAD_Pages/Landing_Page/select_NewTaxReturnAmountDue_TaxType' 

2023-11-01 16:01:40 - [TEST_STEP][PASSED] - selectOptionByLabel(findTestObject(orPath_TaxTypeFilingYear + "/select_FilingYear"), FilingYear, false): All options with label '2022' are selected in object 'Object Repository/RAD_Pages/TaxTypeFilingYear_Page/select_FilingYear' 

2023-11-01 16:01:41 - [MESSAGE][PASSED] - All options with label '2022' are selected in object 'Object Repository/RAD_Pages/TaxTypeFilingYear_Page/select_FilingYear' 

2023-11-01 16:01:41 - [TEST_STEP][PASSED] - setText(findTestObject(orPath_TaxPayer + "/input_businessName"), " "): Text ' ' is set on object 'Object Repository/RAD_Pages/Taxpayer_Page/input_businessName'

2023-11-01 16:01:41 - [MESSAGE][PASSED] - Text ' ' is set on object 'Object Repository/RAD_Pages/Taxpayer_Page/input_businessName'

2023-11-01 16:01:41 - [TEST_STEP][PASSED] - setText(findTestObject(orPath_TaxPayer + "/input_BusinessRepfirstName"), " "): Text ' ' is set on object 'Object Repository/RAD_Pages/Taxpayer_Page/input_BusinessRepfirstName'

2023-11-01 16:01:42 - [MESSAGE][PASSED] - Text ' ' is set on object 'Object Repository/RAD_Pages/Taxpayer_Page/input_BusinessRepfirstName'

2023-11-01 16:01:42 - [TEST_STEP][PASSED] - setText(findTestObject(orPath_TaxPayer + "/input_BusinessReplastName"), " "): Text ' ' is set on object 'Object Repository/RAD_Pages/Taxpayer_Page/input_BusinessReplastName'

2023-11-01 16:01:43 - [MESSAGE][PASSED] - Text ' ' is set on object 'Object Repository/RAD_Pages/Taxpayer_Page/input_BusinessReplastName'

2023-11-01 16:01:43 - [TEST_STEP][PASSED] - setText(findTestObject(orPath_AddressContact + "/input_streetAddress1"), " "): Text ' ' is set on object 'Object Repository/RAD_Pages/AddressAndContactInfo_Page/input_streetAddress1'

2023-11-01 16:01:43 - [MESSAGE][PASSED] - Text ' ' is set on object 'Object Repository/RAD_Pages/AddressAndContactInfo_Page/input_streetAddress1'

2023-11-01 16:01:43 - [TEST_STEP][PASSED] - setText(findTestObject(orPath_AddressContact + "/input_city"), " "): Text ' ' is set on object 'Object Repository/RAD_Pages/AddressAndContactInfo_Page/input_city'

2023-11-01 16:01:44 - [MESSAGE][PASSED] - Text ' ' is set on object 'Object Repository/RAD_Pages/AddressAndContactInfo_Page/input_city'

2023-11-01 16:01:44 - [TEST_STEP][PASSED] - setText(findTestObject(orPath_AddressContact + "/input_zipCode"), " "): Text ' ' is set on object 'Object Repository/RAD_Pages/AddressAndContactInfo_Page/input_zipCode'

2023-11-01 16:01:45 - [MESSAGE][PASSED] - Text ' ' is set on object 'Object Repository/RAD_Pages/AddressAndContactInfo_Page/input_zipCode'

2023-11-01 16:01:45 - [TEST_STEP][PASSED] - setText(findTestObject(orPath_AddressContact + "/input_phoneNumber"), " "): Text ' ' is set on object 'Object Repository/RAD_Pages/AddressAndContactInfo_Page/input_phoneNumber'

2023-11-01 16:01:46 - [MESSAGE][PASSED] - Text ' ' is set on object 'Object Repository/RAD_Pages/AddressAndContactInfo_Page/input_phoneNumber'

2023-11-01 16:01:46 - [TEST_STEP][PASSED] - setText(findTestObject(orPath_AddressContact + "/input_eMailAddress"), " "): Text ' ' is set on object 'Object Repository/RAD_Pages/AddressAndContactInfo_Page/input_eMailAddress'

2023-11-01 16:01:47 - [MESSAGE][PASSED] - Text ' ' is set on object 'Object Repository/RAD_Pages/AddressAndContactInfo_Page/input_eMailAddress'

2023-11-01 16:01:47 - [TEST_STEP][PASSED] - setText(findTestObject(orPath_AddressContact + "/input_reEnterEMailAddress"), " "): Text ' ' is set on object 'Object Repository/RAD_Pages/AddressAndContactInfo_Page/input_reEnterEMailAddress'

2023-11-01 16:01:48 - [MESSAGE][PASSED] - Text ' ' is set on object 'Object Repository/RAD_Pages/AddressAndContactInfo_Page/input_reEnterEMailAddress'

2023-11-01 16:01:48 - [TEST_STEP][PASSED] - resText = "Fail": null

2023-11-01 16:01:48 - [TEST_STEP][PASSED] - pages.WriteExcel.demoKey(resText, datText, resColumn, datCloumn, fileLoc, nameSheet, row): pages.WriteExcel.demoKey is PASSED

2023-11-01 16:01:48 - [MESSAGE][PASSED] - pages.WriteExcel.demoKey is PASSED

2023-11-01 16:01:48 - [TEST_STEP][PASSED] - verifyTextPresent("Enter business name", true, CONTINUE_ON_FAILURE): Text 'Enter business name' is present on page  using regular expression

2023-11-01 16:01:48 - [MESSAGE][PASSED] - Text 'Enter business name' is present on page  using regular expression

2023-11-01 16:01:48 - [TEST_STEP][PASSED] - verifyTextPresent("Enter business rep first name", true, CONTINUE_ON_FAILURE): Text 'Enter business rep first name' is present on page  using regular expression

2023-11-01 16:01:48 - [MESSAGE][PASSED] - Text 'Enter business rep first name' is present on page  using regular expression

2023-11-01 16:01:48 - [TEST_STEP][PASSED] - verifyTextPresent("Enter business rep last name", true, CONTINUE_ON_FAILURE): Text 'Enter business rep last name' is present on page  using regular expression

2023-11-01 16:01:49 - [MESSAGE][PASSED] - Text 'Enter business rep last name' is present on page  using regular expression

2023-11-01 16:01:49 - [TEST_STEP][PASSED] - verifyTextPresent("Enter address", true, CONTINUE_ON_FAILURE): Text 'Enter address' is present on page  using regular expression

2023-11-01 16:01:49 - [MESSAGE][PASSED] - Text 'Enter address' is present on page  using regular expression

2023-11-01 16:01:49 - [TEST_STEP][PASSED] - verifyTextPresent("Enter city", true, CONTINUE_ON_FAILURE): Text 'Enter city' is present on page  using regular expression

2023-11-01 16:01:50 - [MESSAGE][PASSED] - Text 'Enter city' is present on page  using regular expression

2023-11-01 16:01:50 - [TEST_STEP][PASSED] - verifyTextPresent("Enter ZIP code", true, CONTINUE_ON_FAILURE): Text 'Enter ZIP code' is present on page  using regular expression

2023-11-01 16:01:50 - [MESSAGE][PASSED] - Text 'Enter ZIP code' is present on page  using regular expression

2023-11-01 16:01:50 - [TEST_STEP][PASSED] - verifyTextPresent("Enter a valid phone number", true, CONTINUE_ON_FAILURE): Text 'Enter a valid phone number' is present on page  using regular expression

2023-11-01 16:01:50 - [MESSAGE][PASSED] - Text 'Enter a valid phone number' is present on page  using regular expression

2023-11-01 16:01:50 - [TEST_STEP][PASSED] - verifyTextPresent("Enter Email", true, CONTINUE_ON_FAILURE): Text 'Enter Email' is present on page  using regular expression

2023-11-01 16:01:51 - [MESSAGE][PASSED] - Text 'Enter Email' is present on page  using regular expression

2023-11-01 16:01:51 - [TEST_STEP][PASSED] - resText = "Pass": null

2023-11-01 16:01:51 - [TEST_STEP][PASSED] - pages.WriteExcel.demoKey(resText, datText, resColumn, datCloumn, fileLoc, nameSheet, row): pages.WriteExcel.demoKey is PASSED

2023-11-01 16:01:51 - [MESSAGE][PASSED] - pages.WriteExcel.demoKey is PASSED

2023-11-01 16:01:51 - [TEST_STEP][PASSED] - ExecuteTC = findTestData(dataFile).getValue("Execute", row): null

2023-11-01 16:01:51 - [TEST_STEP][PASSED] - TaxType = findTestData(dataFile).getValue("TaxType", row): null

2023-11-01 16:01:51 - [TEST_STEP][PASSED] - PaymentType = findTestData(dataFile).getValue("PaymentType", row): null

2023-11-01 16:01:51 - [TEST_STEP][PASSED] - FilingYear = findTestData(dataFile).getValue("Year", row): null

2023-11-01 16:01:51 - [TEST_STEP][PASSED] - feinSSN = findTestData(dataFile).getValue("FeinSsn", row): null

2023-11-01 16:01:51 - [TEST_STEP][PASSED] - if (ExecuteTC.equalsIgnoreCase("Y")): pages.WriteExcel.demoKey is PASSED

2023-11-01 16:01:51 - [TEST_STEP][PASSED] - out.println("Begin Record Number: " + row): null

2023-11-01 16:01:51 - [TEST_STEP][PASSED] - today = new java.util.Date(): null

2023-11-01 16:01:51 - [TEST_STEP][PASSED] - println(today): null

2023-11-01 16:01:51 - [TEST_STEP][PASSED] - datText = today: null

2023-11-01 16:01:51 - [TEST_STEP][PASSED] - logInfo("Payment Type: New Tax Return Amount Due"): Payment Type: New Tax Return Amount Due

2023-11-01 16:01:51 - [MESSAGE][INFO] - Payment Type: New Tax Return Amount Due

2023-11-01 16:01:51 - [TEST_STEP][PASSED] - logInfo("Tax Type: " + TaxType): Tax Type: PTE Non-Electing Non-S Corp

2023-11-01 16:01:51 - [MESSAGE][INFO] - Tax Type: PTE Non-Electing Non-S Corp

2023-11-01 16:01:51 - [TEST_STEP][PASSED] - openBrowser(""): Browser is opened with url: ''

2023-11-01 16:01:51 - [MESSAGE][WARNING] - A browser is already opened. Closing browser and opening a new one

2023-11-01 16:01:52 - [MESSAGE][INFO] - Starting 'Chrome' driver

2023-11-01 16:01:52 - [MESSAGE][INFO] - User set preference: ['acceptInsecureCerts', 'true']

2023-11-01 16:01:52 - [MESSAGE][INFO] - Action delay is set to 0 milliseconds

2023-11-01 16:01:54 - [MESSAGE][PASSED] - Browser is opened with url: ''

2023-11-01 16:01:54 - [TEST_STEP][PASSED] - maximizeWindow(): Current window maximized

2023-11-01 16:01:54 - [MESSAGE][PASSED] - Current window maximized

2023-11-01 16:01:54 - [TEST_STEP][PASSED] - navigateToUrl(RADurl): Navigate to 'https://qa2.velocitypayment.com/client/rad/index.html' successfully

2023-11-01 16:01:55 - [MESSAGE][PASSED] - Navigate to 'https://qa2.velocitypayment.com/client/rad/index.html' successfully

2023-11-01 16:01:55 - [TEST_STEP][PASSED] - selectOptionByLabel(findTestObject(orPath_Landing + "/dd_TaxType"), "New Tax Return Amount Due", false): All options with label 'New Tax Return Amount Due' are selected in object 'Object Repository/RAD_Pages/Landing_Page/dd_TaxType' 

2023-11-01 16:01:56 - [MESSAGE][PASSED] - All options with label 'New Tax Return Amount Due' are selected in object 'Object Repository/RAD_Pages/Landing_Page/dd_TaxType' 

2023-11-01 16:01:56 - [TEST_STEP][PASSED] - selectOptionByLabel(findTestObject("Object Repository/RAD_Pages/Landing_Page/select_NewTaxReturnAmountDue_TaxType"), TaxType, false): All options with label 'PTE Non-Electing Non-S Corp' are selected in object 'Object Repository/RAD_Pages/Landing_Page/select_NewTaxReturnAmountDue_TaxType' 

2023-11-01 16:01:57 - [MESSAGE][PASSED] - All options with label 'PTE Non-Electing Non-S Corp' are selected in object 'Object Repository/RAD_Pages/Landing_Page/select_NewTaxReturnAmountDue_TaxType' 

2023-11-01 16:01:57 - [TEST_STEP][PASSED] - selectOptionByLabel(findTestObject(orPath_TaxTypeFilingYear + "/select_FilingYear"), FilingYear, false): All options with label '2022' are selected in object 'Object Repository/RAD_Pages/TaxTypeFilingYear_Page/select_FilingYear' 

2023-11-01 16:01:57 - [MESSAGE][PASSED] - All options with label '2022' are selected in object 'Object Repository/RAD_Pages/TaxTypeFilingYear_Page/select_FilingYear' 

2023-11-01 16:01:57 - [TEST_STEP][PASSED] - setText(findTestObject(orPath_TaxPayer + "/input_businessName"), " "): Text ' ' is set on object 'Object Repository/RAD_Pages/Taxpayer_Page/input_businessName'

2023-11-01 16:01:58 - [MESSAGE][PASSED] - Text ' ' is set on object 'Object Repository/RAD_Pages/Taxpayer_Page/input_businessName'

2023-11-01 16:01:58 - [TEST_STEP][PASSED] - setText(findTestObject(orPath_TaxPayer + "/input_BusinessRepfirstName"), " "): Text ' ' is set on object 'Object Repository/RAD_Pages/Taxpayer_Page/input_BusinessRepfirstName'

2023-11-01 16:01:59 - [MESSAGE][PASSED] - Text ' ' is set on object 'Object Repository/RAD_Pages/Taxpayer_Page/input_BusinessRepfirstName'

2023-11-01 16:01:59 - [TEST_STEP][PASSED] - setText(findTestObject(orPath_TaxPayer + "/input_BusinessReplastName"), " "): Text ' ' is set on object 'Object Repository/RAD_Pages/Taxpayer_Page/input_BusinessReplastName'

2023-11-01 16:01:59 - [MESSAGE][PASSED] - Text ' ' is set on object 'Object Repository/RAD_Pages/Taxpayer_Page/input_BusinessReplastName'

2023-11-01 16:01:59 - [TEST_STEP][PASSED] - setText(findTestObject(orPath_AddressContact + "/input_streetAddress1"), " "): Text ' ' is set on object 'Object Repository/RAD_Pages/AddressAndContactInfo_Page/input_streetAddress1'

2023-11-01 16:02:00 - [MESSAGE][PASSED] - Text ' ' is set on object 'Object Repository/RAD_Pages/AddressAndContactInfo_Page/input_streetAddress1'

2023-11-01 16:02:00 - [TEST_STEP][PASSED] - setText(findTestObject(orPath_AddressContact + "/input_city"), " "): Text ' ' is set on object 'Object Repository/RAD_Pages/AddressAndContactInfo_Page/input_city'

2023-11-01 16:02:01 - [MESSAGE][PASSED] - Text ' ' is set on object 'Object Repository/RAD_Pages/AddressAndContactInfo_Page/input_city'

2023-11-01 16:02:01 - [TEST_STEP][PASSED] - setText(findTestObject(orPath_AddressContact + "/input_zipCode"), " "): Text ' ' is set on object 'Object Repository/RAD_Pages/AddressAndContactInfo_Page/input_zipCode'

2023-11-01 16:02:02 - [MESSAGE][PASSED] - Text ' ' is set on object 'Object Repository/RAD_Pages/AddressAndContactInfo_Page/input_zipCode'

2023-11-01 16:02:02 - [TEST_STEP][PASSED] - setText(findTestObject(orPath_AddressContact + "/input_phoneNumber"), " "): Text ' ' is set on object 'Object Repository/RAD_Pages/AddressAndContactInfo_Page/input_phoneNumber'

2023-11-01 16:02:02 - [MESSAGE][PASSED] - Text ' ' is set on object 'Object Repository/RAD_Pages/AddressAndContactInfo_Page/input_phoneNumber'

2023-11-01 16:02:02 - [TEST_STEP][PASSED] - setText(findTestObject(orPath_AddressContact + "/input_eMailAddress"), " "): Text ' ' is set on object 'Object Repository/RAD_Pages/AddressAndContactInfo_Page/input_eMailAddress'

2023-11-01 16:02:03 - [MESSAGE][PASSED] - Text ' ' is set on object 'Object Repository/RAD_Pages/AddressAndContactInfo_Page/input_eMailAddress'

2023-11-01 16:02:03 - [TEST_STEP][PASSED] - setText(findTestObject(orPath_AddressContact + "/input_reEnterEMailAddress"), " "): Text ' ' is set on object 'Object Repository/RAD_Pages/AddressAndContactInfo_Page/input_reEnterEMailAddress'

2023-11-01 16:02:04 - [MESSAGE][PASSED] - Text ' ' is set on object 'Object Repository/RAD_Pages/AddressAndContactInfo_Page/input_reEnterEMailAddress'

2023-11-01 16:02:04 - [TEST_STEP][PASSED] - resText = "Fail": null

2023-11-01 16:02:04 - [TEST_STEP][PASSED] - pages.WriteExcel.demoKey(resText, datText, resColumn, datCloumn, fileLoc, nameSheet, row): pages.WriteExcel.demoKey is PASSED

2023-11-01 16:02:04 - [MESSAGE][PASSED] - pages.WriteExcel.demoKey is PASSED

2023-11-01 16:02:04 - [TEST_STEP][PASSED] - verifyTextPresent("Enter business name", true, CONTINUE_ON_FAILURE): Text 'Enter business name' is present on page  using regular expression

2023-11-01 16:02:05 - [MESSAGE][PASSED] - Text 'Enter business name' is present on page  using regular expression

2023-11-01 16:02:05 - [TEST_STEP][PASSED] - verifyTextPresent("Enter business rep first name", true, CONTINUE_ON_FAILURE): Text 'Enter business rep first name' is present on page  using regular expression

2023-11-01 16:02:05 - [MESSAGE][PASSED] - Text 'Enter business rep first name' is present on page  using regular expression

2023-11-01 16:02:05 - [TEST_STEP][PASSED] - verifyTextPresent("Enter business rep last name", true, CONTINUE_ON_FAILURE): Text 'Enter business rep last name' is present on page  using regular expression

2023-11-01 16:02:05 - [MESSAGE][PASSED] - Text 'Enter business rep last name' is present on page  using regular expression

2023-11-01 16:02:05 - [TEST_STEP][PASSED] - verifyTextPresent("Enter address", true, CONTINUE_ON_FAILURE): Text 'Enter address' is present on page  using regular expression

2023-11-01 16:02:06 - [MESSAGE][PASSED] - Text 'Enter address' is present on page  using regular expression

2023-11-01 16:02:06 - [TEST_STEP][PASSED] - verifyTextPresent("Enter city", true, CONTINUE_ON_FAILURE): Text 'Enter city' is present on page  using regular expression

2023-11-01 16:02:06 - [MESSAGE][PASSED] - Text 'Enter city' is present on page  using regular expression

2023-11-01 16:02:06 - [TEST_STEP][PASSED] - verifyTextPresent("Enter ZIP code", true, CONTINUE_ON_FAILURE): Text 'Enter ZIP code' is present on page  using regular expression

2023-11-01 16:02:06 - [MESSAGE][PASSED] - Text 'Enter ZIP code' is present on page  using regular expression

2023-11-01 16:02:06 - [TEST_STEP][PASSED] - verifyTextPresent("Enter a valid phone number", true, CONTINUE_ON_FAILURE): Text 'Enter a valid phone number' is present on page  using regular expression

2023-11-01 16:02:07 - [MESSAGE][PASSED] - Text 'Enter a valid phone number' is present on page  using regular expression

2023-11-01 16:02:07 - [TEST_STEP][PASSED] - verifyTextPresent("Enter Email", true, CONTINUE_ON_FAILURE): Text 'Enter Email' is present on page  using regular expression

2023-11-01 16:02:07 - [MESSAGE][PASSED] - Text 'Enter Email' is present on page  using regular expression

2023-11-01 16:02:07 - [TEST_STEP][PASSED] - resText = "Pass": null

2023-11-01 16:02:07 - [TEST_STEP][PASSED] - pages.WriteExcel.demoKey(resText, datText, resColumn, datCloumn, fileLoc, nameSheet, row): pages.WriteExcel.demoKey is PASSED

2023-11-01 16:02:07 - [MESSAGE][PASSED] - pages.WriteExcel.demoKey is PASSED

2023-11-01 16:02:07 - [TEST_STEP][PASSED] - ExecuteTC = findTestData(dataFile).getValue("Execute", row): null

2023-11-01 16:02:07 - [TEST_STEP][PASSED] - TaxType = findTestData(dataFile).getValue("TaxType", row): null

2023-11-01 16:02:07 - [TEST_STEP][PASSED] - PaymentType = findTestData(dataFile).getValue("PaymentType", row): null

2023-11-01 16:02:07 - [TEST_STEP][PASSED] - FilingYear = findTestData(dataFile).getValue("Year", row): null

2023-11-01 16:02:07 - [TEST_STEP][PASSED] - feinSSN = findTestData(dataFile).getValue("FeinSsn", row): null

2023-11-01 16:02:07 - [TEST_STEP][PASSED] - if (ExecuteTC.equalsIgnoreCase("Y")): pages.WriteExcel.demoKey is PASSED

2023-11-01 16:02:07 - [TEST_STEP][PASSED] - out.println("Begin Record Number: " + row): null

2023-11-01 16:02:07 - [TEST_STEP][PASSED] - today = new java.util.Date(): null

2023-11-01 16:02:07 - [TEST_STEP][PASSED] - println(today): null

2023-11-01 16:02:07 - [TEST_STEP][PASSED] - datText = today: null

2023-11-01 16:02:07 - [TEST_STEP][PASSED] - logInfo("Payment Type: New Tax Return Amount Due"): Payment Type: New Tax Return Amount Due

2023-11-01 16:02:07 - [MESSAGE][INFO] - Payment Type: New Tax Return Amount Due

2023-11-01 16:02:07 - [TEST_STEP][PASSED] - logInfo("Tax Type: " + TaxType): Tax Type: PTE Non-Electing S Corp

2023-11-01 16:02:07 - [MESSAGE][INFO] - Tax Type: PTE Non-Electing S Corp

2023-11-01 16:02:07 - [TEST_STEP][PASSED] - openBrowser(""): Browser is opened with url: ''

2023-11-01 16:02:07 - [MESSAGE][WARNING] - A browser is already opened. Closing browser and opening a new one

2023-11-01 16:02:08 - [MESSAGE][INFO] - Starting 'Chrome' driver

2023-11-01 16:02:08 - [MESSAGE][INFO] - User set preference: ['acceptInsecureCerts', 'true']

2023-11-01 16:02:08 - [MESSAGE][INFO] - Action delay is set to 0 milliseconds

2023-11-01 16:02:10 - [MESSAGE][PASSED] - Browser is opened with url: ''

2023-11-01 16:02:10 - [TEST_STEP][PASSED] - maximizeWindow(): Current window maximized

2023-11-01 16:02:10 - [MESSAGE][PASSED] - Current window maximized

2023-11-01 16:02:10 - [TEST_STEP][PASSED] - navigateToUrl(RADurl): Navigate to 'https://qa2.velocitypayment.com/client/rad/index.html' successfully

2023-11-01 16:02:10 - [MESSAGE][PASSED] - Navigate to 'https://qa2.velocitypayment.com/client/rad/index.html' successfully

2023-11-01 16:02:10 - [TEST_STEP][PASSED] - selectOptionByLabel(findTestObject(orPath_Landing + "/dd_TaxType"), "New Tax Return Amount Due", false): All options with label 'New Tax Return Amount Due' are selected in object 'Object Repository/RAD_Pages/Landing_Page/dd_TaxType' 

2023-11-01 16:02:12 - [MESSAGE][PASSED] - All options with label 'New Tax Return Amount Due' are selected in object 'Object Repository/RAD_Pages/Landing_Page/dd_TaxType' 

2023-11-01 16:02:12 - [TEST_STEP][PASSED] - selectOptionByLabel(findTestObject("Object Repository/RAD_Pages/Landing_Page/select_NewTaxReturnAmountDue_TaxType"), TaxType, false): All options with label 'PTE Non-Electing S Corp' are selected in object 'Object Repository/RAD_Pages/Landing_Page/select_NewTaxReturnAmountDue_TaxType' 

2023-11-01 16:02:13 - [MESSAGE][PASSED] - All options with label 'PTE Non-Electing S Corp' are selected in object 'Object Repository/RAD_Pages/Landing_Page/select_NewTaxReturnAmountDue_TaxType' 

2023-11-01 16:02:13 - [TEST_STEP][PASSED] - selectOptionByLabel(findTestObject(orPath_TaxTypeFilingYear + "/select_FilingYear"), FilingYear, false): All options with label '2022' are selected in object 'Object Repository/RAD_Pages/TaxTypeFilingYear_Page/select_FilingYear' 

2023-11-01 16:02:14 - [MESSAGE][PASSED] - All options with label '2022' are selected in object 'Object Repository/RAD_Pages/TaxTypeFilingYear_Page/select_FilingYear' 

2023-11-01 16:02:14 - [TEST_STEP][PASSED] - setText(findTestObject(orPath_TaxPayer + "/input_businessName"), " "): Text ' ' is set on object 'Object Repository/RAD_Pages/Taxpayer_Page/input_businessName'

2023-11-01 16:02:14 - [MESSAGE][PASSED] - Text ' ' is set on object 'Object Repository/RAD_Pages/Taxpayer_Page/input_businessName'

2023-11-01 16:02:14 - [TEST_STEP][PASSED] - setText(findTestObject(orPath_TaxPayer + "/input_BusinessRepfirstName"), " "): Text ' ' is set on object 'Object Repository/RAD_Pages/Taxpayer_Page/input_BusinessRepfirstName'

2023-11-01 16:02:15 - [MESSAGE][PASSED] - Text ' ' is set on object 'Object Repository/RAD_Pages/Taxpayer_Page/input_BusinessRepfirstName'

2023-11-01 16:02:15 - [TEST_STEP][PASSED] - setText(findTestObject(orPath_TaxPayer + "/input_BusinessReplastName"), " "): Text ' ' is set on object 'Object Repository/RAD_Pages/Taxpayer_Page/input_BusinessReplastName'

2023-11-01 16:02:16 - [MESSAGE][PASSED] - Text ' ' is set on object 'Object Repository/RAD_Pages/Taxpayer_Page/input_BusinessReplastName'

2023-11-01 16:02:16 - [TEST_STEP][PASSED] - setText(findTestObject(orPath_AddressContact + "/input_streetAddress1"), " "): Text ' ' is set on object 'Object Repository/RAD_Pages/AddressAndContactInfo_Page/input_streetAddress1'

2023-11-01 16:02:17 - [MESSAGE][PASSED] - Text ' ' is set on object 'Object Repository/RAD_Pages/AddressAndContactInfo_Page/input_streetAddress1'

2023-11-01 16:02:17 - [TEST_STEP][PASSED] - setText(findTestObject(orPath_AddressContact + "/input_city"), " "): Text ' ' is set on object 'Object Repository/RAD_Pages/AddressAndContactInfo_Page/input_city'

2023-11-01 16:02:17 - [MESSAGE][PASSED] - Text ' ' is set on object 'Object Repository/RAD_Pages/AddressAndContactInfo_Page/input_city'

2023-11-01 16:02:17 - [TEST_STEP][PASSED] - setText(findTestObject(orPath_AddressContact + "/input_zipCode"), " "): Text ' ' is set on object 'Object Repository/RAD_Pages/AddressAndContactInfo_Page/input_zipCode'

2023-11-01 16:02:18 - [MESSAGE][PASSED] - Text ' ' is set on object 'Object Repository/RAD_Pages/AddressAndContactInfo_Page/input_zipCode'

2023-11-01 16:02:18 - [TEST_STEP][PASSED] - setText(findTestObject(orPath_AddressContact + "/input_phoneNumber"), " "): Text ' ' is set on object 'Object Repository/RAD_Pages/AddressAndContactInfo_Page/input_phoneNumber'

2023-11-01 16:02:19 - [MESSAGE][PASSED] - Text ' ' is set on object 'Object Repository/RAD_Pages/AddressAndContactInfo_Page/input_phoneNumber'

2023-11-01 16:02:19 - [TEST_STEP][PASSED] - setText(findTestObject(orPath_AddressContact + "/input_eMailAddress"), " "): Text ' ' is set on object 'Object Repository/RAD_Pages/AddressAndContactInfo_Page/input_eMailAddress'

2023-11-01 16:02:20 - [MESSAGE][PASSED] - Text ' ' is set on object 'Object Repository/RAD_Pages/AddressAndContactInfo_Page/input_eMailAddress'

2023-11-01 16:02:20 - [TEST_STEP][PASSED] - setText(findTestObject(orPath_AddressContact + "/input_reEnterEMailAddress"), " "): Text ' ' is set on object 'Object Repository/RAD_Pages/AddressAndContactInfo_Page/input_reEnterEMailAddress'

2023-11-01 16:02:20 - [MESSAGE][PASSED] - Text ' ' is set on object 'Object Repository/RAD_Pages/AddressAndContactInfo_Page/input_reEnterEMailAddress'

2023-11-01 16:02:20 - [TEST_STEP][PASSED] - resText = "Fail": null

2023-11-01 16:02:20 - [TEST_STEP][PASSED] - pages.WriteExcel.demoKey(resText, datText, resColumn, datCloumn, fileLoc, nameSheet, row): pages.WriteExcel.demoKey is PASSED

2023-11-01 16:02:20 - [MESSAGE][PASSED] - pages.WriteExcel.demoKey is PASSED

2023-11-01 16:02:20 - [TEST_STEP][PASSED] - verifyTextPresent("Enter business name", true, CONTINUE_ON_FAILURE): Text 'Enter business name' is present on page  using regular expression

2023-11-01 16:02:21 - [MESSAGE][PASSED] - Text 'Enter business name' is present on page  using regular expression

2023-11-01 16:02:21 - [TEST_STEP][PASSED] - verifyTextPresent("Enter business rep first name", true, CONTINUE_ON_FAILURE): Text 'Enter business rep first name' is present on page  using regular expression

2023-11-01 16:02:21 - [MESSAGE][PASSED] - Text 'Enter business rep first name' is present on page  using regular expression

2023-11-01 16:02:21 - [TEST_STEP][PASSED] - verifyTextPresent("Enter business rep last name", true, CONTINUE_ON_FAILURE): Text 'Enter business rep last name' is present on page  using regular expression

2023-11-01 16:02:22 - [MESSAGE][PASSED] - Text 'Enter business rep last name' is present on page  using regular expression

2023-11-01 16:02:22 - [TEST_STEP][PASSED] - verifyTextPresent("Enter address", true, CONTINUE_ON_FAILURE): Text 'Enter address' is present on page  using regular expression

2023-11-01 16:02:22 - [MESSAGE][PASSED] - Text 'Enter address' is present on page  using regular expression

2023-11-01 16:02:22 - [TEST_STEP][PASSED] - verifyTextPresent("Enter city", true, CONTINUE_ON_FAILURE): Text 'Enter city' is present on page  using regular expression

2023-11-01 16:02:22 - [MESSAGE][PASSED] - Text 'Enter city' is present on page  using regular expression

2023-11-01 16:02:22 - [TEST_STEP][PASSED] - verifyTextPresent("Enter ZIP code", true, CONTINUE_ON_FAILURE): Text 'Enter ZIP code' is present on page  using regular expression

2023-11-01 16:02:23 - [MESSAGE][PASSED] - Text 'Enter ZIP code' is present on page  using regular expression

2023-11-01 16:02:23 - [TEST_STEP][PASSED] - verifyTextPresent("Enter a valid phone number", true, CONTINUE_ON_FAILURE): Text 'Enter a valid phone number' is present on page  using regular expression

2023-11-01 16:02:23 - [MESSAGE][PASSED] - Text 'Enter a valid phone number' is present on page  using regular expression

2023-11-01 16:02:23 - [TEST_STEP][PASSED] - verifyTextPresent("Enter Email", true, CONTINUE_ON_FAILURE): Text 'Enter Email' is present on page  using regular expression

2023-11-01 16:02:24 - [MESSAGE][PASSED] - Text 'Enter Email' is present on page  using regular expression

2023-11-01 16:02:24 - [TEST_STEP][PASSED] - resText = "Pass": null

2023-11-01 16:02:24 - [TEST_STEP][PASSED] - pages.WriteExcel.demoKey(resText, datText, resColumn, datCloumn, fileLoc, nameSheet, row): pages.WriteExcel.demoKey is PASSED

2023-11-01 16:02:24 - [MESSAGE][PASSED] - pages.WriteExcel.demoKey is PASSED

2023-11-01 16:02:24 - [TEST_STEP][PASSED] - ExecuteTC = findTestData(dataFile).getValue("Execute", row): null

2023-11-01 16:02:24 - [TEST_STEP][PASSED] - TaxType = findTestData(dataFile).getValue("TaxType", row): null

2023-11-01 16:02:24 - [TEST_STEP][PASSED] - PaymentType = findTestData(dataFile).getValue("PaymentType", row): null

2023-11-01 16:02:24 - [TEST_STEP][PASSED] - FilingYear = findTestData(dataFile).getValue("Year", row): null

2023-11-01 16:02:24 - [TEST_STEP][PASSED] - feinSSN = findTestData(dataFile).getValue("FeinSsn", row): null

2023-11-01 16:02:24 - [TEST_STEP][PASSED] - if (ExecuteTC.equalsIgnoreCase("Y")): pages.WriteExcel.demoKey is PASSED

2023-11-01 16:02:24 - [TEST_STEP][PASSED] - out.println("Begin Record Number: " + row): null

2023-11-01 16:02:24 - [TEST_STEP][PASSED] - today = new java.util.Date(): null

2023-11-01 16:02:24 - [TEST_STEP][PASSED] - println(today): null

2023-11-01 16:02:24 - [TEST_STEP][PASSED] - datText = today: null

2023-11-01 16:02:24 - [TEST_STEP][PASSED] - logInfo("Payment Type: New Tax Return Amount Due"): Payment Type: New Tax Return Amount Due

2023-11-01 16:02:24 - [MESSAGE][INFO] - Payment Type: New Tax Return Amount Due

2023-11-01 16:02:24 - [TEST_STEP][PASSED] - logInfo("Tax Type: " + TaxType): Tax Type: PTE Tax Electing Non-S Corp

2023-11-01 16:02:24 - [MESSAGE][INFO] - Tax Type: PTE Tax Electing Non-S Corp

2023-11-01 16:02:24 - [TEST_STEP][PASSED] - openBrowser(""): Browser is opened with url: ''

2023-11-01 16:02:24 - [MESSAGE][WARNING] - A browser is already opened. Closing browser and opening a new one

2023-11-01 16:02:25 - [MESSAGE][INFO] - Starting 'Chrome' driver

2023-11-01 16:02:25 - [MESSAGE][INFO] - User set preference: ['acceptInsecureCerts', 'true']

2023-11-01 16:02:25 - [MESSAGE][INFO] - Action delay is set to 0 milliseconds

2023-11-01 16:02:26 - [MESSAGE][PASSED] - Browser is opened with url: ''

2023-11-01 16:02:26 - [TEST_STEP][PASSED] - maximizeWindow(): Current window maximized

2023-11-01 16:02:27 - [MESSAGE][PASSED] - Current window maximized

2023-11-01 16:02:27 - [TEST_STEP][PASSED] - navigateToUrl(RADurl): Navigate to 'https://qa2.velocitypayment.com/client/rad/index.html' successfully

2023-11-01 16:02:28 - [MESSAGE][PASSED] - Navigate to 'https://qa2.velocitypayment.com/client/rad/index.html' successfully

2023-11-01 16:02:28 - [TEST_STEP][PASSED] - selectOptionByLabel(findTestObject(orPath_Landing + "/dd_TaxType"), "New Tax Return Amount Due", false): All options with label 'New Tax Return Amount Due' are selected in object 'Object Repository/RAD_Pages/Landing_Page/dd_TaxType' 

2023-11-01 16:02:29 - [MESSAGE][PASSED] - All options with label 'New Tax Return Amount Due' are selected in object 'Object Repository/RAD_Pages/Landing_Page/dd_TaxType' 

2023-11-01 16:02:29 - [TEST_STEP][PASSED] - selectOptionByLabel(findTestObject("Object Repository/RAD_Pages/Landing_Page/select_NewTaxReturnAmountDue_TaxType"), TaxType, false): All options with label 'PTE Tax Electing Non-S Corp' are selected in object 'Object Repository/RAD_Pages/Landing_Page/select_NewTaxReturnAmountDue_TaxType' 

2023-11-01 16:02:29 - [MESSAGE][PASSED] - All options with label 'PTE Tax Electing Non-S Corp' are selected in object 'Object Repository/RAD_Pages/Landing_Page/select_NewTaxReturnAmountDue_TaxType' 

2023-11-01 16:02:29 - [TEST_STEP][PASSED] - selectOptionByLabel(findTestObject(orPath_TaxTypeFilingYear + "/select_FilingYear"), FilingYear, false): All options with label '2022' are selected in object 'Object Repository/RAD_Pages/TaxTypeFilingYear_Page/select_FilingYear' 

2023-11-01 16:02:30 - [MESSAGE][PASSED] - All options with label '2022' are selected in object 'Object Repository/RAD_Pages/TaxTypeFilingYear_Page/select_FilingYear' 

2023-11-01 16:02:30 - [TEST_STEP][PASSED] - setText(findTestObject(orPath_TaxPayer + "/input_businessName"), " "): Text ' ' is set on object 'Object Repository/RAD_Pages/Taxpayer_Page/input_businessName'

2023-11-01 16:02:31 - [MESSAGE][PASSED] - Text ' ' is set on object 'Object Repository/RAD_Pages/Taxpayer_Page/input_businessName'

2023-11-01 16:02:31 - [TEST_STEP][PASSED] - setText(findTestObject(orPath_TaxPayer + "/input_BusinessRepfirstName"), " "): Text ' ' is set on object 'Object Repository/RAD_Pages/Taxpayer_Page/input_BusinessRepfirstName'

2023-11-01 16:02:32 - [MESSAGE][PASSED] - Text ' ' is set on object 'Object Repository/RAD_Pages/Taxpayer_Page/input_BusinessRepfirstName'

2023-11-01 16:02:32 - [TEST_STEP][PASSED] - setText(findTestObject(orPath_TaxPayer + "/input_BusinessReplastName"), " "): Text ' ' is set on object 'Object Repository/RAD_Pages/Taxpayer_Page/input_BusinessReplastName'

2023-11-01 16:02:32 - [MESSAGE][PASSED] - Text ' ' is set on object 'Object Repository/RAD_Pages/Taxpayer_Page/input_BusinessReplastName'

2023-11-01 16:02:32 - [TEST_STEP][PASSED] - setText(findTestObject(orPath_AddressContact + "/input_streetAddress1"), " "): Text ' ' is set on object 'Object Repository/RAD_Pages/AddressAndContactInfo_Page/input_streetAddress1'

2023-11-01 16:02:33 - [MESSAGE][PASSED] - Text ' ' is set on object 'Object Repository/RAD_Pages/AddressAndContactInfo_Page/input_streetAddress1'

2023-11-01 16:02:33 - [TEST_STEP][PASSED] - setText(findTestObject(orPath_AddressContact + "/input_city"), " "): Text ' ' is set on object 'Object Repository/RAD_Pages/AddressAndContactInfo_Page/input_city'

2023-11-01 16:02:34 - [MESSAGE][PASSED] - Text ' ' is set on object 'Object Repository/RAD_Pages/AddressAndContactInfo_Page/input_city'

2023-11-01 16:02:34 - [TEST_STEP][PASSED] - setText(findTestObject(orPath_AddressContact + "/input_zipCode"), " "): Text ' ' is set on object 'Object Repository/RAD_Pages/AddressAndContactInfo_Page/input_zipCode'

2023-11-01 16:02:34 - [MESSAGE][PASSED] - Text ' ' is set on object 'Object Repository/RAD_Pages/AddressAndContactInfo_Page/input_zipCode'

2023-11-01 16:02:34 - [TEST_STEP][PASSED] - setText(findTestObject(orPath_AddressContact + "/input_phoneNumber"), " "): Text ' ' is set on object 'Object Repository/RAD_Pages/AddressAndContactInfo_Page/input_phoneNumber'

2023-11-01 16:02:35 - [MESSAGE][PASSED] - Text ' ' is set on object 'Object Repository/RAD_Pages/AddressAndContactInfo_Page/input_phoneNumber'

2023-11-01 16:02:35 - [TEST_STEP][PASSED] - setText(findTestObject(orPath_AddressContact + "/input_eMailAddress"), " "): Text ' ' is set on object 'Object Repository/RAD_Pages/AddressAndContactInfo_Page/input_eMailAddress'

2023-11-01 16:02:36 - [MESSAGE][PASSED] - Text ' ' is set on object 'Object Repository/RAD_Pages/AddressAndContactInfo_Page/input_eMailAddress'

2023-11-01 16:02:36 - [TEST_STEP][PASSED] - setText(findTestObject(orPath_AddressContact + "/input_reEnterEMailAddress"), " "): Text ' ' is set on object 'Object Repository/RAD_Pages/AddressAndContactInfo_Page/input_reEnterEMailAddress'

2023-11-01 16:02:37 - [MESSAGE][PASSED] - Text ' ' is set on object 'Object Repository/RAD_Pages/AddressAndContactInfo_Page/input_reEnterEMailAddress'

2023-11-01 16:02:37 - [TEST_STEP][PASSED] - resText = "Fail": null

2023-11-01 16:02:37 - [TEST_STEP][PASSED] - pages.WriteExcel.demoKey(resText, datText, resColumn, datCloumn, fileLoc, nameSheet, row): pages.WriteExcel.demoKey is PASSED

2023-11-01 16:02:37 - [MESSAGE][PASSED] - pages.WriteExcel.demoKey is PASSED

2023-11-01 16:02:37 - [TEST_STEP][PASSED] - verifyTextPresent("Enter business name", true, CONTINUE_ON_FAILURE): Text 'Enter business name' is present on page  using regular expression

2023-11-01 16:02:37 - [MESSAGE][PASSED] - Text 'Enter business name' is present on page  using regular expression

2023-11-01 16:02:37 - [TEST_STEP][PASSED] - verifyTextPresent("Enter business rep first name", true, CONTINUE_ON_FAILURE): Text 'Enter business rep first name' is present on page  using regular expression

2023-11-01 16:02:38 - [MESSAGE][PASSED] - Text 'Enter business rep first name' is present on page  using regular expression

2023-11-01 16:02:38 - [TEST_STEP][PASSED] - verifyTextPresent("Enter business rep last name", true, CONTINUE_ON_FAILURE): Text 'Enter business rep last name' is present on page  using regular expression

2023-11-01 16:02:38 - [MESSAGE][PASSED] - Text 'Enter business rep last name' is present on page  using regular expression

2023-11-01 16:02:38 - [TEST_STEP][PASSED] - verifyTextPresent("Enter address", true, CONTINUE_ON_FAILURE): Text 'Enter address' is present on page  using regular expression

2023-11-01 16:02:38 - [MESSAGE][PASSED] - Text 'Enter address' is present on page  using regular expression

2023-11-01 16:02:38 - [TEST_STEP][PASSED] - verifyTextPresent("Enter city", true, CONTINUE_ON_FAILURE): Text 'Enter city' is present on page  using regular expression

2023-11-01 16:02:39 - [MESSAGE][PASSED] - Text 'Enter city' is present on page  using regular expression

2023-11-01 16:02:39 - [TEST_STEP][PASSED] - verifyTextPresent("Enter ZIP code", true, CONTINUE_ON_FAILURE): Text 'Enter ZIP code' is present on page  using regular expression

2023-11-01 16:02:39 - [MESSAGE][PASSED] - Text 'Enter ZIP code' is present on page  using regular expression

2023-11-01 16:02:39 - [TEST_STEP][PASSED] - verifyTextPresent("Enter a valid phone number", true, CONTINUE_ON_FAILURE): Text 'Enter a valid phone number' is present on page  using regular expression

2023-11-01 16:02:40 - [MESSAGE][PASSED] - Text 'Enter a valid phone number' is present on page  using regular expression

2023-11-01 16:02:40 - [TEST_STEP][PASSED] - verifyTextPresent("Enter Email", true, CONTINUE_ON_FAILURE): Text 'Enter Email' is present on page  using regular expression

2023-11-01 16:02:40 - [MESSAGE][PASSED] - Text 'Enter Email' is present on page  using regular expression

2023-11-01 16:02:40 - [TEST_STEP][PASSED] - resText = "Pass": null

2023-11-01 16:02:40 - [TEST_STEP][PASSED] - pages.WriteExcel.demoKey(resText, datText, resColumn, datCloumn, fileLoc, nameSheet, row): pages.WriteExcel.demoKey is PASSED

2023-11-01 16:02:40 - [MESSAGE][PASSED] - pages.WriteExcel.demoKey is PASSED

2023-11-01 16:02:40 - [TEST_STEP][PASSED] - ExecuteTC = findTestData(dataFile).getValue("Execute", row): null

2023-11-01 16:02:40 - [TEST_STEP][PASSED] - TaxType = findTestData(dataFile).getValue("TaxType", row): null

2023-11-01 16:02:40 - [TEST_STEP][PASSED] - PaymentType = findTestData(dataFile).getValue("PaymentType", row): null

2023-11-01 16:02:40 - [TEST_STEP][PASSED] - FilingYear = findTestData(dataFile).getValue("Year", row): null

2023-11-01 16:02:40 - [TEST_STEP][PASSED] - feinSSN = findTestData(dataFile).getValue("FeinSsn", row): null

2023-11-01 16:02:40 - [TEST_STEP][PASSED] - if (ExecuteTC.equalsIgnoreCase("Y")): pages.WriteExcel.demoKey is PASSED

2023-11-01 16:02:40 - [TEST_STEP][PASSED] - out.println("Begin Record Number: " + row): null

2023-11-01 16:02:40 - [TEST_STEP][PASSED] - today = new java.util.Date(): null

2023-11-01 16:02:40 - [TEST_STEP][PASSED] - println(today): null

2023-11-01 16:02:40 - [TEST_STEP][PASSED] - datText = today: null

2023-11-01 16:02:40 - [TEST_STEP][PASSED] - logInfo("Payment Type: New Tax Return Amount Due"): Payment Type: New Tax Return Amount Due

2023-11-01 16:02:40 - [MESSAGE][INFO] - Payment Type: New Tax Return Amount Due

2023-11-01 16:02:40 - [TEST_STEP][PASSED] - logInfo("Tax Type: " + TaxType): Tax Type: PTE Tax Electing S Corp

2023-11-01 16:02:40 - [MESSAGE][INFO] - Tax Type: PTE Tax Electing S Corp

2023-11-01 16:02:40 - [TEST_STEP][PASSED] - openBrowser(""): Browser is opened with url: ''

2023-11-01 16:02:40 - [MESSAGE][WARNING] - A browser is already opened. Closing browser and opening a new one

2023-11-01 16:02:41 - [MESSAGE][INFO] - Starting 'Chrome' driver

2023-11-01 16:02:41 - [MESSAGE][INFO] - User set preference: ['acceptInsecureCerts', 'true']

2023-11-01 16:02:41 - [MESSAGE][INFO] - Action delay is set to 0 milliseconds

2023-11-01 16:02:43 - [MESSAGE][PASSED] - Browser is opened with url: ''

2023-11-01 16:02:43 - [TEST_STEP][PASSED] - maximizeWindow(): Current window maximized

2023-11-01 16:02:43 - [MESSAGE][PASSED] - Current window maximized

2023-11-01 16:02:43 - [TEST_STEP][PASSED] - navigateToUrl(RADurl): Navigate to 'https://qa2.velocitypayment.com/client/rad/index.html' successfully

2023-11-01 16:02:44 - [MESSAGE][PASSED] - Navigate to 'https://qa2.velocitypayment.com/client/rad/index.html' successfully

2023-11-01 16:02:44 - [TEST_STEP][PASSED] - selectOptionByLabel(findTestObject(orPath_Landing + "/dd_TaxType"), "New Tax Return Amount Due", false): All options with label 'New Tax Return Amount Due' are selected in object 'Object Repository/RAD_Pages/Landing_Page/dd_TaxType' 

2023-11-01 16:02:45 - [MESSAGE][PASSED] - All options with label 'New Tax Return Amount Due' are selected in object 'Object Repository/RAD_Pages/Landing_Page/dd_TaxType' 

2023-11-01 16:02:45 - [TEST_STEP][PASSED] - selectOptionByLabel(findTestObject("Object Repository/RAD_Pages/Landing_Page/select_NewTaxReturnAmountDue_TaxType"), TaxType, false): All options with label 'PTE Tax Electing S Corp' are selected in object 'Object Repository/RAD_Pages/Landing_Page/select_NewTaxReturnAmountDue_TaxType' 

2023-11-01 16:02:46 - [MESSAGE][PASSED] - All options with label 'PTE Tax Electing S Corp' are selected in object 'Object Repository/RAD_Pages/Landing_Page/select_NewTaxReturnAmountDue_TaxType' 

2023-11-01 16:02:46 - [TEST_STEP][PASSED] - selectOptionByLabel(findTestObject(orPath_TaxTypeFilingYear + "/select_FilingYear"), FilingYear, false): All options with label '2022' are selected in object 'Object Repository/RAD_Pages/TaxTypeFilingYear_Page/select_FilingYear' 

2023-11-01 16:02:47 - [MESSAGE][PASSED] - All options with label '2022' are selected in object 'Object Repository/RAD_Pages/TaxTypeFilingYear_Page/select_FilingYear' 

2023-11-01 16:02:47 - [TEST_STEP][PASSED] - setText(findTestObject(orPath_TaxPayer + "/input_businessName"), " "): Text ' ' is set on object 'Object Repository/RAD_Pages/Taxpayer_Page/input_businessName'

2023-11-01 16:02:47 - [MESSAGE][PASSED] - Text ' ' is set on object 'Object Repository/RAD_Pages/Taxpayer_Page/input_businessName'

2023-11-01 16:02:47 - [TEST_STEP][PASSED] - setText(findTestObject(orPath_TaxPayer + "/input_BusinessRepfirstName"), " "): Text ' ' is set on object 'Object Repository/RAD_Pages/Taxpayer_Page/input_BusinessRepfirstName'

2023-11-01 16:02:48 - [MESSAGE][PASSED] - Text ' ' is set on object 'Object Repository/RAD_Pages/Taxpayer_Page/input_BusinessRepfirstName'

2023-11-01 16:02:48 - [TEST_STEP][PASSED] - setText(findTestObject(orPath_TaxPayer + "/input_BusinessReplastName"), " "): Text ' ' is set on object 'Object Repository/RAD_Pages/Taxpayer_Page/input_BusinessReplastName'

2023-11-01 16:02:49 - [MESSAGE][PASSED] - Text ' ' is set on object 'Object Repository/RAD_Pages/Taxpayer_Page/input_BusinessReplastName'

2023-11-01 16:02:49 - [TEST_STEP][PASSED] - setText(findTestObject(orPath_AddressContact + "/input_streetAddress1"), " "): Text ' ' is set on object 'Object Repository/RAD_Pages/AddressAndContactInfo_Page/input_streetAddress1'

2023-11-01 16:02:49 - [MESSAGE][PASSED] - Text ' ' is set on object 'Object Repository/RAD_Pages/AddressAndContactInfo_Page/input_streetAddress1'

2023-11-01 16:02:49 - [TEST_STEP][PASSED] - setText(findTestObject(orPath_AddressContact + "/input_city"), " "): Text ' ' is set on object 'Object Repository/RAD_Pages/AddressAndContactInfo_Page/input_city'

2023-11-01 16:02:50 - [MESSAGE][PASSED] - Text ' ' is set on object 'Object Repository/RAD_Pages/AddressAndContactInfo_Page/input_city'

2023-11-01 16:02:50 - [TEST_STEP][PASSED] - setText(findTestObject(orPath_AddressContact + "/input_zipCode"), " "): Text ' ' is set on object 'Object Repository/RAD_Pages/AddressAndContactInfo_Page/input_zipCode'

2023-11-01 16:02:51 - [MESSAGE][PASSED] - Text ' ' is set on object 'Object Repository/RAD_Pages/AddressAndContactInfo_Page/input_zipCode'

2023-11-01 16:02:51 - [TEST_STEP][PASSED] - setText(findTestObject(orPath_AddressContact + "/input_phoneNumber"), " "): Text ' ' is set on object 'Object Repository/RAD_Pages/AddressAndContactInfo_Page/input_phoneNumber'

2023-11-01 16:02:52 - [MESSAGE][PASSED] - Text ' ' is set on object 'Object Repository/RAD_Pages/AddressAndContactInfo_Page/input_phoneNumber'

2023-11-01 16:02:52 - [TEST_STEP][PASSED] - setText(findTestObject(orPath_AddressContact + "/input_eMailAddress"), " "): Text ' ' is set on object 'Object Repository/RAD_Pages/AddressAndContactInfo_Page/input_eMailAddress'

2023-11-01 16:02:53 - [MESSAGE][PASSED] - Text ' ' is set on object 'Object Repository/RAD_Pages/AddressAndContactInfo_Page/input_eMailAddress'

2023-11-01 16:02:53 - [TEST_STEP][PASSED] - setText(findTestObject(orPath_AddressContact + "/input_reEnterEMailAddress"), " "): Text ' ' is set on object 'Object Repository/RAD_Pages/AddressAndContactInfo_Page/input_reEnterEMailAddress'

2023-11-01 16:02:53 - [MESSAGE][PASSED] - Text ' ' is set on object 'Object Repository/RAD_Pages/AddressAndContactInfo_Page/input_reEnterEMailAddress'

2023-11-01 16:02:53 - [TEST_STEP][PASSED] - resText = "Fail": null

2023-11-01 16:02:53 - [TEST_STEP][PASSED] - pages.WriteExcel.demoKey(resText, datText, resColumn, datCloumn, fileLoc, nameSheet, row): pages.WriteExcel.demoKey is PASSED

2023-11-01 16:02:53 - [MESSAGE][PASSED] - pages.WriteExcel.demoKey is PASSED

2023-11-01 16:02:53 - [TEST_STEP][PASSED] - verifyTextPresent("Enter business name", true, CONTINUE_ON_FAILURE): Text 'Enter business name' is present on page  using regular expression

2023-11-01 16:02:54 - [MESSAGE][PASSED] - Text 'Enter business name' is present on page  using regular expression

2023-11-01 16:02:54 - [TEST_STEP][PASSED] - verifyTextPresent("Enter business rep first name", true, CONTINUE_ON_FAILURE): Text 'Enter business rep first name' is present on page  using regular expression

2023-11-01 16:02:54 - [MESSAGE][PASSED] - Text 'Enter business rep first name' is present on page  using regular expression

2023-11-01 16:02:54 - [TEST_STEP][PASSED] - verifyTextPresent("Enter business rep last name", true, CONTINUE_ON_FAILURE): Text 'Enter business rep last name' is present on page  using regular expression

2023-11-01 16:02:55 - [MESSAGE][PASSED] - Text 'Enter business rep last name' is present on page  using regular expression

2023-11-01 16:02:55 - [TEST_STEP][PASSED] - verifyTextPresent("Enter address", true, CONTINUE_ON_FAILURE): Text 'Enter address' is present on page  using regular expression

2023-11-01 16:02:55 - [MESSAGE][PASSED] - Text 'Enter address' is present on page  using regular expression

2023-11-01 16:02:55 - [TEST_STEP][PASSED] - verifyTextPresent("Enter city", true, CONTINUE_ON_FAILURE): Text 'Enter city' is present on page  using regular expression

2023-11-01 16:02:55 - [MESSAGE][PASSED] - Text 'Enter city' is present on page  using regular expression

2023-11-01 16:02:55 - [TEST_STEP][PASSED] - verifyTextPresent("Enter ZIP code", true, CONTINUE_ON_FAILURE): Text 'Enter ZIP code' is present on page  using regular expression

2023-11-01 16:02:56 - [MESSAGE][PASSED] - Text 'Enter ZIP code' is present on page  using regular expression

2023-11-01 16:02:56 - [TEST_STEP][PASSED] - verifyTextPresent("Enter a valid phone number", true, CONTINUE_ON_FAILURE): Text 'Enter a valid phone number' is present on page  using regular expression

2023-11-01 16:02:56 - [MESSAGE][PASSED] - Text 'Enter a valid phone number' is present on page  using regular expression

2023-11-01 16:02:56 - [TEST_STEP][PASSED] - verifyTextPresent("Enter Email", true, CONTINUE_ON_FAILURE): Text 'Enter Email' is present on page  using regular expression

2023-11-01 16:02:56 - [MESSAGE][PASSED] - Text 'Enter Email' is present on page  using regular expression

2023-11-01 16:02:56 - [TEST_STEP][PASSED] - resText = "Pass": null

2023-11-01 16:02:56 - [TEST_STEP][PASSED] - pages.WriteExcel.demoKey(resText, datText, resColumn, datCloumn, fileLoc, nameSheet, row): pages.WriteExcel.demoKey is PASSED

2023-11-01 16:02:57 - [MESSAGE][PASSED] - pages.WriteExcel.demoKey is PASSED

2023-11-01 16:02:57 - [TEST_STEP][PASSED] - ExecuteTC = findTestData(dataFile).getValue("Execute", row): null

2023-11-01 16:02:57 - [TEST_STEP][PASSED] - TaxType = findTestData(dataFile).getValue("TaxType", row): null

2023-11-01 16:02:57 - [TEST_STEP][PASSED] - PaymentType = findTestData(dataFile).getValue("PaymentType", row): null

2023-11-01 16:02:57 - [TEST_STEP][PASSED] - FilingYear = findTestData(dataFile).getValue("Year", row): null

2023-11-01 16:02:57 - [TEST_STEP][PASSED] - feinSSN = findTestData(dataFile).getValue("FeinSsn", row): null

2023-11-01 16:02:57 - [TEST_STEP][PASSED] - if (ExecuteTC.equalsIgnoreCase("Y")): pages.WriteExcel.demoKey is PASSED

2023-11-01 16:02:57 - [TEST_STEP][PASSED] - out.println("Begin Record Number: " + row): null

2023-11-01 16:02:57 - [TEST_STEP][PASSED] - today = new java.util.Date(): null

2023-11-01 16:02:57 - [TEST_STEP][PASSED] - println(today): null

2023-11-01 16:02:57 - [TEST_STEP][PASSED] - datText = today: null

2023-11-01 16:02:57 - [TEST_STEP][PASSED] - logInfo("Payment Type: New Tax Return Amount Due"): Payment Type: New Tax Return Amount Due

2023-11-01 16:02:57 - [MESSAGE][INFO] - Payment Type: New Tax Return Amount Due

2023-11-01 16:02:57 - [TEST_STEP][PASSED] - logInfo("Tax Type: " + TaxType): Tax Type: Fiduciary Tax

2023-11-01 16:02:57 - [MESSAGE][INFO] - Tax Type: Fiduciary Tax

2023-11-01 16:02:57 - [TEST_STEP][PASSED] - openBrowser(""): Browser is opened with url: ''

2023-11-01 16:02:57 - [MESSAGE][WARNING] - A browser is already opened. Closing browser and opening a new one

2023-11-01 16:02:58 - [MESSAGE][INFO] - Starting 'Chrome' driver

2023-11-01 16:02:58 - [MESSAGE][INFO] - User set preference: ['acceptInsecureCerts', 'true']

2023-11-01 16:02:58 - [MESSAGE][INFO] - Action delay is set to 0 milliseconds

2023-11-01 16:02:59 - [MESSAGE][PASSED] - Browser is opened with url: ''

2023-11-01 16:02:59 - [TEST_STEP][PASSED] - maximizeWindow(): Current window maximized

2023-11-01 16:02:59 - [MESSAGE][PASSED] - Current window maximized

2023-11-01 16:02:59 - [TEST_STEP][PASSED] - navigateToUrl(RADurl): Navigate to 'https://qa2.velocitypayment.com/client/rad/index.html' successfully

2023-11-01 16:03:01 - [MESSAGE][PASSED] - Navigate to 'https://qa2.velocitypayment.com/client/rad/index.html' successfully

2023-11-01 16:03:01 - [TEST_STEP][PASSED] - selectOptionByLabel(findTestObject(orPath_Landing + "/dd_TaxType"), "New Tax Return Amount Due", false): All options with label 'New Tax Return Amount Due' are selected in object 'Object Repository/RAD_Pages/Landing_Page/dd_TaxType' 

2023-11-01 16:03:02 - [MESSAGE][PASSED] - All options with label 'New Tax Return Amount Due' are selected in object 'Object Repository/RAD_Pages/Landing_Page/dd_TaxType' 

2023-11-01 16:03:02 - [TEST_STEP][PASSED] - selectOptionByLabel(findTestObject("Object Repository/RAD_Pages/Landing_Page/select_NewTaxReturnAmountDue_TaxType"), TaxType, false): All options with label 'Fiduciary Tax' are selected in object 'Object Repository/RAD_Pages/Landing_Page/select_NewTaxReturnAmountDue_TaxType' 

2023-11-01 16:03:03 - [MESSAGE][PASSED] - All options with label 'Fiduciary Tax' are selected in object 'Object Repository/RAD_Pages/Landing_Page/select_NewTaxReturnAmountDue_TaxType' 

2023-11-01 16:03:03 - [TEST_STEP][PASSED] - selectOptionByLabel(findTestObject(orPath_TaxTypeFilingYear + "/select_FilingYear"), FilingYear, false): All options with label '2021' are selected in object 'Object Repository/RAD_Pages/TaxTypeFilingYear_Page/select_FilingYear' 

2023-11-01 16:03:03 - [MESSAGE][PASSED] - All options with label '2021' are selected in object 'Object Repository/RAD_Pages/TaxTypeFilingYear_Page/select_FilingYear' 

2023-11-01 16:03:03 - [TEST_STEP][PASSED] - setText(findTestObject(orPath_TaxPayer + "/input_businessName"), " "): Text ' ' is set on object 'Object Repository/RAD_Pages/Taxpayer_Page/input_businessName'

2023-11-01 16:03:04 - [MESSAGE][PASSED] - Text ' ' is set on object 'Object Repository/RAD_Pages/Taxpayer_Page/input_businessName'

2023-11-01 16:03:04 - [TEST_STEP][PASSED] - setText(findTestObject(orPath_TaxPayer + "/input_BusinessRepfirstName"), " "): Text ' ' is set on object 'Object Repository/RAD_Pages/Taxpayer_Page/input_BusinessRepfirstName'

2023-11-01 16:03:05 - [MESSAGE][PASSED] - Text ' ' is set on object 'Object Repository/RAD_Pages/Taxpayer_Page/input_BusinessRepfirstName'

2023-11-01 16:03:05 - [TEST_STEP][PASSED] - setText(findTestObject(orPath_TaxPayer + "/input_BusinessReplastName"), " "): Text ' ' is set on object 'Object Repository/RAD_Pages/Taxpayer_Page/input_BusinessReplastName'

2023-11-01 16:03:05 - [MESSAGE][PASSED] - Text ' ' is set on object 'Object Repository/RAD_Pages/Taxpayer_Page/input_BusinessReplastName'

2023-11-01 16:03:05 - [TEST_STEP][PASSED] - setText(findTestObject(orPath_AddressContact + "/input_streetAddress1"), " "): Text ' ' is set on object 'Object Repository/RAD_Pages/AddressAndContactInfo_Page/input_streetAddress1'

2023-11-01 16:03:06 - [MESSAGE][PASSED] - Text ' ' is set on object 'Object Repository/RAD_Pages/AddressAndContactInfo_Page/input_streetAddress1'

2023-11-01 16:03:06 - [TEST_STEP][PASSED] - setText(findTestObject(orPath_AddressContact + "/input_city"), " "): Text ' ' is set on object 'Object Repository/RAD_Pages/AddressAndContactInfo_Page/input_city'

2023-11-01 16:03:07 - [MESSAGE][PASSED] - Text ' ' is set on object 'Object Repository/RAD_Pages/AddressAndContactInfo_Page/input_city'

2023-11-01 16:03:07 - [TEST_STEP][PASSED] - setText(findTestObject(orPath_AddressContact + "/input_zipCode"), " "): Text ' ' is set on object 'Object Repository/RAD_Pages/AddressAndContactInfo_Page/input_zipCode'

2023-11-01 16:03:07 - [MESSAGE][PASSED] - Text ' ' is set on object 'Object Repository/RAD_Pages/AddressAndContactInfo_Page/input_zipCode'

2023-11-01 16:03:07 - [TEST_STEP][PASSED] - setText(findTestObject(orPath_AddressContact + "/input_phoneNumber"), " "): Text ' ' is set on object 'Object Repository/RAD_Pages/AddressAndContactInfo_Page/input_phoneNumber'

2023-11-01 16:03:08 - [MESSAGE][PASSED] - Text ' ' is set on object 'Object Repository/RAD_Pages/AddressAndContactInfo_Page/input_phoneNumber'

2023-11-01 16:03:08 - [TEST_STEP][PASSED] - setText(findTestObject(orPath_AddressContact + "/input_eMailAddress"), " "): Text ' ' is set on object 'Object Repository/RAD_Pages/AddressAndContactInfo_Page/input_eMailAddress'

2023-11-01 16:03:09 - [MESSAGE][PASSED] - Text ' ' is set on object 'Object Repository/RAD_Pages/AddressAndContactInfo_Page/input_eMailAddress'

2023-11-01 16:03:09 - [TEST_STEP][PASSED] - setText(findTestObject(orPath_AddressContact + "/input_reEnterEMailAddress"), " "): Text ' ' is set on object 'Object Repository/RAD_Pages/AddressAndContactInfo_Page/input_reEnterEMailAddress'

2023-11-01 16:03:10 - [MESSAGE][PASSED] - Text ' ' is set on object 'Object Repository/RAD_Pages/AddressAndContactInfo_Page/input_reEnterEMailAddress'

2023-11-01 16:03:10 - [TEST_STEP][PASSED] - resText = "Fail": null

2023-11-01 16:03:10 - [TEST_STEP][PASSED] - pages.WriteExcel.demoKey(resText, datText, resColumn, datCloumn, fileLoc, nameSheet, row): pages.WriteExcel.demoKey is PASSED

2023-11-01 16:03:10 - [MESSAGE][PASSED] - pages.WriteExcel.demoKey is PASSED

2023-11-01 16:03:10 - [TEST_STEP][PASSED] - verifyTextPresent("Enter business name", true, CONTINUE_ON_FAILURE): Text 'Enter business name' is present on page  using regular expression

2023-11-01 16:03:10 - [MESSAGE][PASSED] - Text 'Enter business name' is present on page  using regular expression

2023-11-01 16:03:10 - [TEST_STEP][PASSED] - verifyTextPresent("Enter business rep first name", true, CONTINUE_ON_FAILURE): Text 'Enter business rep first name' is present on page  using regular expression

2023-11-01 16:03:11 - [MESSAGE][PASSED] - Text 'Enter business rep first name' is present on page  using regular expression

2023-11-01 16:03:11 - [TEST_STEP][PASSED] - verifyTextPresent("Enter business rep last name", true, CONTINUE_ON_FAILURE): Text 'Enter business rep last name' is present on page  using regular expression

2023-11-01 16:03:11 - [MESSAGE][PASSED] - Text 'Enter business rep last name' is present on page  using regular expression

2023-11-01 16:03:11 - [TEST_STEP][PASSED] - verifyTextPresent("Enter address", true, CONTINUE_ON_FAILURE): Text 'Enter address' is present on page  using regular expression

2023-11-01 16:03:11 - [MESSAGE][PASSED] - Text 'Enter address' is present on page  using regular expression

2023-11-01 16:03:11 - [TEST_STEP][PASSED] - verifyTextPresent("Enter city", true, CONTINUE_ON_FAILURE): Text 'Enter city' is present on page  using regular expression

2023-11-01 16:03:12 - [MESSAGE][PASSED] - Text 'Enter city' is present on page  using regular expression

2023-11-01 16:03:12 - [TEST_STEP][PASSED] - verifyTextPresent("Enter ZIP code", true, CONTINUE_ON_FAILURE): Text 'Enter ZIP code' is present on page  using regular expression

2023-11-01 16:03:12 - [MESSAGE][PASSED] - Text 'Enter ZIP code' is present on page  using regular expression

2023-11-01 16:03:12 - [TEST_STEP][PASSED] - verifyTextPresent("Enter a valid phone number", true, CONTINUE_ON_FAILURE): Text 'Enter a valid phone number' is present on page  using regular expression

2023-11-01 16:03:13 - [MESSAGE][PASSED] - Text 'Enter a valid phone number' is present on page  using regular expression

2023-11-01 16:03:13 - [TEST_STEP][PASSED] - verifyTextPresent("Enter Email", true, CONTINUE_ON_FAILURE): Text 'Enter Email' is present on page  using regular expression

2023-11-01 16:03:13 - [MESSAGE][PASSED] - Text 'Enter Email' is present on page  using regular expression

2023-11-01 16:03:13 - [TEST_STEP][PASSED] - resText = "Pass": null

2023-11-01 16:03:13 - [TEST_STEP][PASSED] - pages.WriteExcel.demoKey(resText, datText, resColumn, datCloumn, fileLoc, nameSheet, row): pages.WriteExcel.demoKey is PASSED

2023-11-01 16:03:13 - [MESSAGE][PASSED] - pages.WriteExcel.demoKey is PASSED

2023-11-01 16:03:13 - [TEST_STEP][PASSED] - ExecuteTC = findTestData(dataFile).getValue("Execute", row): null

2023-11-01 16:03:13 - [TEST_STEP][PASSED] - TaxType = findTestData(dataFile).getValue("TaxType", row): null

2023-11-01 16:03:13 - [TEST_STEP][PASSED] - PaymentType = findTestData(dataFile).getValue("PaymentType", row): null

2023-11-01 16:03:13 - [TEST_STEP][PASSED] - FilingYear = findTestData(dataFile).getValue("Year", row): null

2023-11-01 16:03:13 - [TEST_STEP][PASSED] - feinSSN = findTestData(dataFile).getValue("FeinSsn", row): null

2023-11-01 16:03:13 - [TEST_STEP][PASSED] - if (ExecuteTC.equalsIgnoreCase("Y")): pages.WriteExcel.demoKey is PASSED

2023-11-01 16:03:13 - [TEST_STEP][PASSED] - out.println("Begin Record Number: " + row): null

2023-11-01 16:03:13 - [TEST_STEP][PASSED] - today = new java.util.Date(): null

2023-11-01 16:03:13 - [TEST_STEP][PASSED] - println(today): null

2023-11-01 16:03:13 - [TEST_STEP][PASSED] - datText = today: null

2023-11-01 16:03:13 - [TEST_STEP][PASSED] - logInfo("Payment Type: New Tax Return Amount Due"): Payment Type: New Tax Return Amount Due

2023-11-01 16:03:13 - [MESSAGE][INFO] - Payment Type: New Tax Return Amount Due

2023-11-01 16:03:13 - [TEST_STEP][PASSED] - logInfo("Tax Type: " + TaxType): Tax Type: PTE Non-Electing Non-S Corp

2023-11-01 16:03:13 - [MESSAGE][INFO] - Tax Type: PTE Non-Electing Non-S Corp

2023-11-01 16:03:13 - [TEST_STEP][PASSED] - openBrowser(""): Browser is opened with url: ''

2023-11-01 16:03:13 - [MESSAGE][WARNING] - A browser is already opened. Closing browser and opening a new one

2023-11-01 16:03:14 - [MESSAGE][INFO] - Starting 'Chrome' driver

2023-11-01 16:03:14 - [MESSAGE][INFO] - User set preference: ['acceptInsecureCerts', 'true']

2023-11-01 16:03:14 - [MESSAGE][INFO] - Action delay is set to 0 milliseconds

2023-11-01 16:03:16 - [MESSAGE][PASSED] - Browser is opened with url: ''

2023-11-01 16:03:16 - [TEST_STEP][PASSED] - maximizeWindow(): Current window maximized

2023-11-01 16:03:16 - [MESSAGE][PASSED] - Current window maximized

2023-11-01 16:03:16 - [TEST_STEP][PASSED] - navigateToUrl(RADurl): Navigate to 'https://qa2.velocitypayment.com/client/rad/index.html' successfully

2023-11-01 16:03:16 - [MESSAGE][PASSED] - Navigate to 'https://qa2.velocitypayment.com/client/rad/index.html' successfully

2023-11-01 16:03:16 - [TEST_STEP][PASSED] - selectOptionByLabel(findTestObject(orPath_Landing + "/dd_TaxType"), "New Tax Return Amount Due", false): All options with label 'New Tax Return Amount Due' are selected in object 'Object Repository/RAD_Pages/Landing_Page/dd_TaxType' 

2023-11-01 16:03:18 - [MESSAGE][PASSED] - All options with label 'New Tax Return Amount Due' are selected in object 'Object Repository/RAD_Pages/Landing_Page/dd_TaxType' 

2023-11-01 16:03:18 - [TEST_STEP][PASSED] - selectOptionByLabel(findTestObject("Object Repository/RAD_Pages/Landing_Page/select_NewTaxReturnAmountDue_TaxType"), TaxType, false): All options with label 'PTE Non-Electing Non-S Corp' are selected in object 'Object Repository/RAD_Pages/Landing_Page/select_NewTaxReturnAmountDue_TaxType' 

2023-11-01 16:03:19 - [MESSAGE][PASSED] - All options with label 'PTE Non-Electing Non-S Corp' are selected in object 'Object Repository/RAD_Pages/Landing_Page/select_NewTaxReturnAmountDue_TaxType' 

2023-11-01 16:03:19 - [TEST_STEP][PASSED] - selectOptionByLabel(findTestObject(orPath_TaxTypeFilingYear + "/select_FilingYear"), FilingYear, false): All options with label '2021' are selected in object 'Object Repository/RAD_Pages/TaxTypeFilingYear_Page/select_FilingYear' 

2023-11-01 16:03:20 - [MESSAGE][PASSED] - All options with label '2021' are selected in object 'Object Repository/RAD_Pages/TaxTypeFilingYear_Page/select_FilingYear' 

2023-11-01 16:03:20 - [TEST_STEP][PASSED] - setText(findTestObject(orPath_TaxPayer + "/input_businessName"), " "): Text ' ' is set on object 'Object Repository/RAD_Pages/Taxpayer_Page/input_businessName'

2023-11-01 16:03:20 - [MESSAGE][PASSED] - Text ' ' is set on object 'Object Repository/RAD_Pages/Taxpayer_Page/input_businessName'

2023-11-01 16:03:20 - [TEST_STEP][PASSED] - setText(findTestObject(orPath_TaxPayer + "/input_BusinessRepfirstName"), " "): Text ' ' is set on object 'Object Repository/RAD_Pages/Taxpayer_Page/input_BusinessRepfirstName'

2023-11-01 16:03:21 - [MESSAGE][PASSED] - Text ' ' is set on object 'Object Repository/RAD_Pages/Taxpayer_Page/input_BusinessRepfirstName'

2023-11-01 16:03:21 - [TEST_STEP][PASSED] - setText(findTestObject(orPath_TaxPayer + "/input_BusinessReplastName"), " "): Text ' ' is set on object 'Object Repository/RAD_Pages/Taxpayer_Page/input_BusinessReplastName'

2023-11-01 16:03:22 - [MESSAGE][PASSED] - Text ' ' is set on object 'Object Repository/RAD_Pages/Taxpayer_Page/input_BusinessReplastName'

2023-11-01 16:03:22 - [TEST_STEP][PASSED] - setText(findTestObject(orPath_AddressContact + "/input_streetAddress1"), " "): Text ' ' is set on object 'Object Repository/RAD_Pages/AddressAndContactInfo_Page/input_streetAddress1'

2023-11-01 16:03:22 - [MESSAGE][PASSED] - Text ' ' is set on object 'Object Repository/RAD_Pages/AddressAndContactInfo_Page/input_streetAddress1'

2023-11-01 16:03:22 - [TEST_STEP][PASSED] - setText(findTestObject(orPath_AddressContact + "/input_city"), " "): Text ' ' is set on object 'Object Repository/RAD_Pages/AddressAndContactInfo_Page/input_city'

2023-11-01 16:03:23 - [MESSAGE][PASSED] - Text ' ' is set on object 'Object Repository/RAD_Pages/AddressAndContactInfo_Page/input_city'

2023-11-01 16:03:23 - [TEST_STEP][PASSED] - setText(findTestObject(orPath_AddressContact + "/input_zipCode"), " "): Text ' ' is set on object 'Object Repository/RAD_Pages/AddressAndContactInfo_Page/input_zipCode'

2023-11-01 16:03:24 - [MESSAGE][PASSED] - Text ' ' is set on object 'Object Repository/RAD_Pages/AddressAndContactInfo_Page/input_zipCode'

2023-11-01 16:03:24 - [TEST_STEP][PASSED] - setText(findTestObject(orPath_AddressContact + "/input_phoneNumber"), " "): Text ' ' is set on object 'Object Repository/RAD_Pages/AddressAndContactInfo_Page/input_phoneNumber'

2023-11-01 16:03:24 - [MESSAGE][PASSED] - Text ' ' is set on object 'Object Repository/RAD_Pages/AddressAndContactInfo_Page/input_phoneNumber'

2023-11-01 16:03:24 - [TEST_STEP][PASSED] - setText(findTestObject(orPath_AddressContact + "/input_eMailAddress"), " "): Text ' ' is set on object 'Object Repository/RAD_Pages/AddressAndContactInfo_Page/input_eMailAddress'

2023-11-01 16:03:25 - [MESSAGE][PASSED] - Text ' ' is set on object 'Object Repository/RAD_Pages/AddressAndContactInfo_Page/input_eMailAddress'

2023-11-01 16:03:25 - [TEST_STEP][PASSED] - setText(findTestObject(orPath_AddressContact + "/input_reEnterEMailAddress"), " "): Text ' ' is set on object 'Object Repository/RAD_Pages/AddressAndContactInfo_Page/input_reEnterEMailAddress'

2023-11-01 16:03:26 - [MESSAGE][PASSED] - Text ' ' is set on object 'Object Repository/RAD_Pages/AddressAndContactInfo_Page/input_reEnterEMailAddress'

2023-11-01 16:03:26 - [TEST_STEP][PASSED] - resText = "Fail": null

2023-11-01 16:03:26 - [TEST_STEP][PASSED] - pages.WriteExcel.demoKey(resText, datText, resColumn, datCloumn, fileLoc, nameSheet, row): pages.WriteExcel.demoKey is PASSED

2023-11-01 16:03:26 - [MESSAGE][PASSED] - pages.WriteExcel.demoKey is PASSED

2023-11-01 16:03:26 - [TEST_STEP][PASSED] - verifyTextPresent("Enter business name", true, CONTINUE_ON_FAILURE): Text 'Enter business name' is present on page  using regular expression

2023-11-01 16:03:27 - [MESSAGE][PASSED] - Text 'Enter business name' is present on page  using regular expression

2023-11-01 16:03:27 - [TEST_STEP][PASSED] - verifyTextPresent("Enter business rep first name", true, CONTINUE_ON_FAILURE): Text 'Enter business rep first name' is present on page  using regular expression

2023-11-01 16:03:27 - [MESSAGE][PASSED] - Text 'Enter business rep first name' is present on page  using regular expression

2023-11-01 16:03:27 - [TEST_STEP][PASSED] - verifyTextPresent("Enter business rep last name", true, CONTINUE_ON_FAILURE): Text 'Enter business rep last name' is present on page  using regular expression

2023-11-01 16:03:27 - [MESSAGE][PASSED] - Text 'Enter business rep last name' is present on page  using regular expression

2023-11-01 16:03:27 - [TEST_STEP][PASSED] - verifyTextPresent("Enter address", true, CONTINUE_ON_FAILURE): Text 'Enter address' is present on page  using regular expression

2023-11-01 16:03:28 - [MESSAGE][PASSED] - Text 'Enter address' is present on page  using regular expression

2023-11-01 16:03:28 - [TEST_STEP][PASSED] - verifyTextPresent("Enter city", true, CONTINUE_ON_FAILURE): Text 'Enter city' is present on page  using regular expression

2023-11-01 16:03:28 - [MESSAGE][PASSED] - Text 'Enter city' is present on page  using regular expression

2023-11-01 16:03:28 - [TEST_STEP][PASSED] - verifyTextPresent("Enter ZIP code", true, CONTINUE_ON_FAILURE): Text 'Enter ZIP code' is present on page  using regular expression

2023-11-01 16:03:28 - [MESSAGE][PASSED] - Text 'Enter ZIP code' is present on page  using regular expression

2023-11-01 16:03:28 - [TEST_STEP][PASSED] - verifyTextPresent("Enter a valid phone number", true, CONTINUE_ON_FAILURE): Text 'Enter a valid phone number' is present on page  using regular expression

2023-11-01 16:03:29 - [MESSAGE][PASSED] - Text 'Enter a valid phone number' is present on page  using regular expression

2023-11-01 16:03:29 - [TEST_STEP][PASSED] - verifyTextPresent("Enter Email", true, CONTINUE_ON_FAILURE): Text 'Enter Email' is present on page  using regular expression

2023-11-01 16:03:29 - [MESSAGE][PASSED] - Text 'Enter Email' is present on page  using regular expression

2023-11-01 16:03:29 - [TEST_STEP][PASSED] - resText = "Pass": null

2023-11-01 16:03:29 - [TEST_STEP][PASSED] - pages.WriteExcel.demoKey(resText, datText, resColumn, datCloumn, fileLoc, nameSheet, row): pages.WriteExcel.demoKey is PASSED

2023-11-01 16:03:29 - [MESSAGE][PASSED] - pages.WriteExcel.demoKey is PASSED

2023-11-01 16:03:29 - [TEST_STEP][PASSED] - ExecuteTC = findTestData(dataFile).getValue("Execute", row): null

2023-11-01 16:03:29 - [TEST_STEP][PASSED] - TaxType = findTestData(dataFile).getValue("TaxType", row): null

2023-11-01 16:03:29 - [TEST_STEP][PASSED] - PaymentType = findTestData(dataFile).getValue("PaymentType", row): null

2023-11-01 16:03:29 - [TEST_STEP][PASSED] - FilingYear = findTestData(dataFile).getValue("Year", row): null

2023-11-01 16:03:29 - [TEST_STEP][PASSED] - feinSSN = findTestData(dataFile).getValue("FeinSsn", row): null

2023-11-01 16:03:29 - [TEST_STEP][PASSED] - if (ExecuteTC.equalsIgnoreCase("Y")): pages.WriteExcel.demoKey is PASSED

2023-11-01 16:03:29 - [TEST_STEP][PASSED] - out.println("Begin Record Number: " + row): null

2023-11-01 16:03:29 - [TEST_STEP][PASSED] - today = new java.util.Date(): null

2023-11-01 16:03:29 - [TEST_STEP][PASSED] - println(today): null

2023-11-01 16:03:29 - [TEST_STEP][PASSED] - datText = today: null

2023-11-01 16:03:29 - [TEST_STEP][PASSED] - logInfo("Payment Type: New Tax Return Amount Due"): Payment Type: New Tax Return Amount Due

2023-11-01 16:03:29 - [MESSAGE][INFO] - Payment Type: New Tax Return Amount Due

2023-11-01 16:03:29 - [TEST_STEP][PASSED] - logInfo("Tax Type: " + TaxType): Tax Type: PTE Non-Electing S Corp

2023-11-01 16:03:29 - [MESSAGE][INFO] - Tax Type: PTE Non-Electing S Corp

2023-11-01 16:03:29 - [TEST_STEP][PASSED] - openBrowser(""): Browser is opened with url: ''

2023-11-01 16:03:29 - [MESSAGE][WARNING] - A browser is already opened. Closing browser and opening a new one

2023-11-01 16:03:30 - [MESSAGE][INFO] - Starting 'Chrome' driver

2023-11-01 16:03:30 - [MESSAGE][INFO] - User set preference: ['acceptInsecureCerts', 'true']

2023-11-01 16:03:30 - [MESSAGE][INFO] - Action delay is set to 0 milliseconds

2023-11-01 16:03:32 - [MESSAGE][PASSED] - Browser is opened with url: ''

2023-11-01 16:03:32 - [TEST_STEP][PASSED] - maximizeWindow(): Current window maximized

2023-11-01 16:03:32 - [MESSAGE][PASSED] - Current window maximized

2023-11-01 16:03:32 - [TEST_STEP][PASSED] - navigateToUrl(RADurl): Navigate to 'https://qa2.velocitypayment.com/client/rad/index.html' successfully

2023-11-01 16:03:32 - [MESSAGE][PASSED] - Navigate to 'https://qa2.velocitypayment.com/client/rad/index.html' successfully

2023-11-01 16:03:32 - [TEST_STEP][PASSED] - selectOptionByLabel(findTestObject(orPath_Landing + "/dd_TaxType"), "New Tax Return Amount Due", false): All options with label 'New Tax Return Amount Due' are selected in object 'Object Repository/RAD_Pages/Landing_Page/dd_TaxType' 

2023-11-01 16:03:34 - [MESSAGE][PASSED] - All options with label 'New Tax Return Amount Due' are selected in object 'Object Repository/RAD_Pages/Landing_Page/dd_TaxType' 

2023-11-01 16:03:34 - [TEST_STEP][PASSED] - selectOptionByLabel(findTestObject("Object Repository/RAD_Pages/Landing_Page/select_NewTaxReturnAmountDue_TaxType"), TaxType, false): All options with label 'PTE Non-Electing S Corp' are selected in object 'Object Repository/RAD_Pages/Landing_Page/select_NewTaxReturnAmountDue_TaxType' 

2023-11-01 16:03:35 - [MESSAGE][PASSED] - All options with label 'PTE Non-Electing S Corp' are selected in object 'Object Repository/RAD_Pages/Landing_Page/select_NewTaxReturnAmountDue_TaxType' 

2023-11-01 16:03:35 - [TEST_STEP][PASSED] - selectOptionByLabel(findTestObject(orPath_TaxTypeFilingYear + "/select_FilingYear"), FilingYear, false): All options with label '2021' are selected in object 'Object Repository/RAD_Pages/TaxTypeFilingYear_Page/select_FilingYear' 

2023-11-01 16:03:36 - [MESSAGE][PASSED] - All options with label '2021' are selected in object 'Object Repository/RAD_Pages/TaxTypeFilingYear_Page/select_FilingYear' 

2023-11-01 16:03:36 - [TEST_STEP][PASSED] - setText(findTestObject(orPath_TaxPayer + "/input_businessName"), " "): Text ' ' is set on object 'Object Repository/RAD_Pages/Taxpayer_Page/input_businessName'

2023-11-01 16:03:37 - [MESSAGE][PASSED] - Text ' ' is set on object 'Object Repository/RAD_Pages/Taxpayer_Page/input_businessName'

2023-11-01 16:03:37 - [TEST_STEP][PASSED] - setText(findTestObject(orPath_TaxPayer + "/input_BusinessRepfirstName"), " "): Text ' ' is set on object 'Object Repository/RAD_Pages/Taxpayer_Page/input_BusinessRepfirstName'

2023-11-01 16:03:37 - [MESSAGE][PASSED] - Text ' ' is set on object 'Object Repository/RAD_Pages/Taxpayer_Page/input_BusinessRepfirstName'

2023-11-01 16:03:37 - [TEST_STEP][PASSED] - setText(findTestObject(orPath_TaxPayer + "/input_BusinessReplastName"), " "): Text ' ' is set on object 'Object Repository/RAD_Pages/Taxpayer_Page/input_BusinessReplastName'

2023-11-01 16:03:38 - [MESSAGE][PASSED] - Text ' ' is set on object 'Object Repository/RAD_Pages/Taxpayer_Page/input_BusinessReplastName'

2023-11-01 16:03:38 - [TEST_STEP][PASSED] - setText(findTestObject(orPath_AddressContact + "/input_streetAddress1"), " "): Text ' ' is set on object 'Object Repository/RAD_Pages/AddressAndContactInfo_Page/input_streetAddress1'

2023-11-01 16:03:39 - [MESSAGE][PASSED] - Text ' ' is set on object 'Object Repository/RAD_Pages/AddressAndContactInfo_Page/input_streetAddress1'

2023-11-01 16:03:39 - [TEST_STEP][PASSED] - setText(findTestObject(orPath_AddressContact + "/input_city"), " "): Text ' ' is set on object 'Object Repository/RAD_Pages/AddressAndContactInfo_Page/input_city'

2023-11-01 16:03:39 - [MESSAGE][PASSED] - Text ' ' is set on object 'Object Repository/RAD_Pages/AddressAndContactInfo_Page/input_city'

2023-11-01 16:03:39 - [TEST_STEP][PASSED] - setText(findTestObject(orPath_AddressContact + "/input_zipCode"), " "): Text ' ' is set on object 'Object Repository/RAD_Pages/AddressAndContactInfo_Page/input_zipCode'

2023-11-01 16:03:40 - [MESSAGE][PASSED] - Text ' ' is set on object 'Object Repository/RAD_Pages/AddressAndContactInfo_Page/input_zipCode'

2023-11-01 16:03:40 - [TEST_STEP][PASSED] - setText(findTestObject(orPath_AddressContact + "/input_phoneNumber"), " "): Text ' ' is set on object 'Object Repository/RAD_Pages/AddressAndContactInfo_Page/input_phoneNumber'

2023-11-01 16:03:41 - [MESSAGE][PASSED] - Text ' ' is set on object 'Object Repository/RAD_Pages/AddressAndContactInfo_Page/input_phoneNumber'

2023-11-01 16:03:41 - [TEST_STEP][PASSED] - setText(findTestObject(orPath_AddressContact + "/input_eMailAddress"), " "): Text ' ' is set on object 'Object Repository/RAD_Pages/AddressAndContactInfo_Page/input_eMailAddress'

2023-11-01 16:03:42 - [MESSAGE][PASSED] - Text ' ' is set on object 'Object Repository/RAD_Pages/AddressAndContactInfo_Page/input_eMailAddress'

2023-11-01 16:03:42 - [TEST_STEP][PASSED] - setText(findTestObject(orPath_AddressContact + "/input_reEnterEMailAddress"), " "): Text ' ' is set on object 'Object Repository/RAD_Pages/AddressAndContactInfo_Page/input_reEnterEMailAddress'

2023-11-01 16:03:42 - [MESSAGE][PASSED] - Text ' ' is set on object 'Object Repository/RAD_Pages/AddressAndContactInfo_Page/input_reEnterEMailAddress'

2023-11-01 16:03:42 - [TEST_STEP][PASSED] - resText = "Fail": null

2023-11-01 16:03:42 - [TEST_STEP][PASSED] - pages.WriteExcel.demoKey(resText, datText, resColumn, datCloumn, fileLoc, nameSheet, row): pages.WriteExcel.demoKey is PASSED

2023-11-01 16:03:42 - [MESSAGE][PASSED] - pages.WriteExcel.demoKey is PASSED

2023-11-01 16:03:42 - [TEST_STEP][PASSED] - verifyTextPresent("Enter business name", true, CONTINUE_ON_FAILURE): Text 'Enter business name' is present on page  using regular expression

2023-11-01 16:03:43 - [MESSAGE][PASSED] - Text 'Enter business name' is present on page  using regular expression

2023-11-01 16:03:43 - [TEST_STEP][PASSED] - verifyTextPresent("Enter business rep first name", true, CONTINUE_ON_FAILURE): Text 'Enter business rep first name' is present on page  using regular expression

2023-11-01 16:03:43 - [MESSAGE][PASSED] - Text 'Enter business rep first name' is present on page  using regular expression

2023-11-01 16:03:43 - [TEST_STEP][PASSED] - verifyTextPresent("Enter business rep last name", true, CONTINUE_ON_FAILURE): Text 'Enter business rep last name' is present on page  using regular expression

2023-11-01 16:03:44 - [MESSAGE][PASSED] - Text 'Enter business rep last name' is present on page  using regular expression

2023-11-01 16:03:44 - [TEST_STEP][PASSED] - verifyTextPresent("Enter address", true, CONTINUE_ON_FAILURE): Text 'Enter address' is present on page  using regular expression

2023-11-01 16:03:44 - [MESSAGE][PASSED] - Text 'Enter address' is present on page  using regular expression

2023-11-01 16:03:44 - [TEST_STEP][PASSED] - verifyTextPresent("Enter city", true, CONTINUE_ON_FAILURE): Text 'Enter city' is present on page  using regular expression

2023-11-01 16:03:44 - [MESSAGE][PASSED] - Text 'Enter city' is present on page  using regular expression

2023-11-01 16:03:44 - [TEST_STEP][PASSED] - verifyTextPresent("Enter ZIP code", true, CONTINUE_ON_FAILURE): Text 'Enter ZIP code' is present on page  using regular expression

2023-11-01 16:03:45 - [MESSAGE][PASSED] - Text 'Enter ZIP code' is present on page  using regular expression

2023-11-01 16:03:45 - [TEST_STEP][PASSED] - verifyTextPresent("Enter a valid phone number", true, CONTINUE_ON_FAILURE): Text 'Enter a valid phone number' is present on page  using regular expression

2023-11-01 16:03:45 - [MESSAGE][PASSED] - Text 'Enter a valid phone number' is present on page  using regular expression

2023-11-01 16:03:45 - [TEST_STEP][PASSED] - verifyTextPresent("Enter Email", true, CONTINUE_ON_FAILURE): Text 'Enter Email' is present on page  using regular expression

2023-11-01 16:03:45 - [MESSAGE][PASSED] - Text 'Enter Email' is present on page  using regular expression

2023-11-01 16:03:45 - [TEST_STEP][PASSED] - resText = "Pass": null

2023-11-01 16:03:45 - [TEST_STEP][PASSED] - pages.WriteExcel.demoKey(resText, datText, resColumn, datCloumn, fileLoc, nameSheet, row): pages.WriteExcel.demoKey is PASSED

2023-11-01 16:03:45 - [MESSAGE][PASSED] - pages.WriteExcel.demoKey is PASSED

2023-11-01 16:03:45 - [TEST_STEP][PASSED] - ExecuteTC = findTestData(dataFile).getValue("Execute", row): null

2023-11-01 16:03:46 - [TEST_STEP][PASSED] - TaxType = findTestData(dataFile).getValue("TaxType", row): null

2023-11-01 16:03:46 - [TEST_STEP][PASSED] - PaymentType = findTestData(dataFile).getValue("PaymentType", row): null

2023-11-01 16:03:46 - [TEST_STEP][PASSED] - FilingYear = findTestData(dataFile).getValue("Year", row): null

2023-11-01 16:03:46 - [TEST_STEP][PASSED] - feinSSN = findTestData(dataFile).getValue("FeinSsn", row): null

2023-11-01 16:03:46 - [TEST_STEP][PASSED] - if (ExecuteTC.equalsIgnoreCase("Y")): pages.WriteExcel.demoKey is PASSED

2023-11-01 16:03:46 - [TEST_STEP][PASSED] - out.println("Begin Record Number: " + row): null

2023-11-01 16:03:46 - [TEST_STEP][PASSED] - today = new java.util.Date(): null

2023-11-01 16:03:46 - [TEST_STEP][PASSED] - println(today): null

2023-11-01 16:03:46 - [TEST_STEP][PASSED] - datText = today: null

2023-11-01 16:03:46 - [TEST_STEP][PASSED] - logInfo("Payment Type: New Tax Return Amount Due"): Payment Type: New Tax Return Amount Due

2023-11-01 16:03:46 - [MESSAGE][INFO] - Payment Type: New Tax Return Amount Due

2023-11-01 16:03:46 - [TEST_STEP][PASSED] - logInfo("Tax Type: " + TaxType): Tax Type: PTE Tax Electing Non-S Corp

2023-11-01 16:03:46 - [MESSAGE][INFO] - Tax Type: PTE Tax Electing Non-S Corp

2023-11-01 16:03:46 - [TEST_STEP][PASSED] - openBrowser(""): Browser is opened with url: ''

2023-11-01 16:03:46 - [MESSAGE][WARNING] - A browser is already opened. Closing browser and opening a new one

2023-11-01 16:03:47 - [MESSAGE][INFO] - Starting 'Chrome' driver

2023-11-01 16:03:47 - [MESSAGE][INFO] - User set preference: ['acceptInsecureCerts', 'true']

2023-11-01 16:03:47 - [MESSAGE][INFO] - Action delay is set to 0 milliseconds

2023-11-01 16:03:48 - [MESSAGE][PASSED] - Browser is opened with url: ''

2023-11-01 16:03:48 - [TEST_STEP][PASSED] - maximizeWindow(): Current window maximized

2023-11-01 16:03:48 - [MESSAGE][PASSED] - Current window maximized

2023-11-01 16:03:48 - [TEST_STEP][PASSED] - navigateToUrl(RADurl): Navigate to 'https://qa2.velocitypayment.com/client/rad/index.html' successfully

2023-11-01 16:03:49 - [MESSAGE][PASSED] - Navigate to 'https://qa2.velocitypayment.com/client/rad/index.html' successfully

2023-11-01 16:03:49 - [TEST_STEP][PASSED] - selectOptionByLabel(findTestObject(orPath_Landing + "/dd_TaxType"), "New Tax Return Amount Due", false): All options with label 'New Tax Return Amount Due' are selected in object 'Object Repository/RAD_Pages/Landing_Page/dd_TaxType' 

2023-11-01 16:03:51 - [MESSAGE][PASSED] - All options with label 'New Tax Return Amount Due' are selected in object 'Object Repository/RAD_Pages/Landing_Page/dd_TaxType' 

2023-11-01 16:03:51 - [TEST_STEP][PASSED] - selectOptionByLabel(findTestObject("Object Repository/RAD_Pages/Landing_Page/select_NewTaxReturnAmountDue_TaxType"), TaxType, false): All options with label 'PTE Tax Electing Non-S Corp' are selected in object 'Object Repository/RAD_Pages/Landing_Page/select_NewTaxReturnAmountDue_TaxType' 

2023-11-01 16:03:51 - [MESSAGE][PASSED] - All options with label 'PTE Tax Electing Non-S Corp' are selected in object 'Object Repository/RAD_Pages/Landing_Page/select_NewTaxReturnAmountDue_TaxType' 

2023-11-01 16:03:51 - [TEST_STEP][PASSED] - selectOptionByLabel(findTestObject(orPath_TaxTypeFilingYear + "/select_FilingYear"), FilingYear, false): All options with label '2021' are selected in object 'Object Repository/RAD_Pages/TaxTypeFilingYear_Page/select_FilingYear' 

2023-11-01 16:03:52 - [MESSAGE][PASSED] - All options with label '2021' are selected in object 'Object Repository/RAD_Pages/TaxTypeFilingYear_Page/select_FilingYear' 

2023-11-01 16:03:52 - [TEST_STEP][PASSED] - setText(findTestObject(orPath_TaxPayer + "/input_businessName"), " "): Text ' ' is set on object 'Object Repository/RAD_Pages/Taxpayer_Page/input_businessName'

2023-11-01 16:03:53 - [MESSAGE][PASSED] - Text ' ' is set on object 'Object Repository/RAD_Pages/Taxpayer_Page/input_businessName'

2023-11-01 16:03:53 - [TEST_STEP][PASSED] - setText(findTestObject(orPath_TaxPayer + "/input_BusinessRepfirstName"), " "): Text ' ' is set on object 'Object Repository/RAD_Pages/Taxpayer_Page/input_BusinessRepfirstName'

2023-11-01 16:03:54 - [MESSAGE][PASSED] - Text ' ' is set on object 'Object Repository/RAD_Pages/Taxpayer_Page/input_BusinessRepfirstName'

2023-11-01 16:03:54 - [TEST_STEP][PASSED] - setText(findTestObject(orPath_TaxPayer + "/input_BusinessReplastName"), " "): Text ' ' is set on object 'Object Repository/RAD_Pages/Taxpayer_Page/input_BusinessReplastName'

2023-11-01 16:03:54 - [MESSAGE][PASSED] - Text ' ' is set on object 'Object Repository/RAD_Pages/Taxpayer_Page/input_BusinessReplastName'

2023-11-01 16:03:54 - [TEST_STEP][PASSED] - setText(findTestObject(orPath_AddressContact + "/input_streetAddress1"), " "): Text ' ' is set on object 'Object Repository/RAD_Pages/AddressAndContactInfo_Page/input_streetAddress1'

2023-11-01 16:03:55 - [MESSAGE][PASSED] - Text ' ' is set on object 'Object Repository/RAD_Pages/AddressAndContactInfo_Page/input_streetAddress1'

2023-11-01 16:03:55 - [TEST_STEP][PASSED] - setText(findTestObject(orPath_AddressContact + "/input_city"), " "): Text ' ' is set on object 'Object Repository/RAD_Pages/AddressAndContactInfo_Page/input_city'

2023-11-01 16:03:56 - [MESSAGE][PASSED] - Text ' ' is set on object 'Object Repository/RAD_Pages/AddressAndContactInfo_Page/input_city'

2023-11-01 16:03:56 - [TEST_STEP][PASSED] - setText(findTestObject(orPath_AddressContact + "/input_zipCode"), " "): Text ' ' is set on object 'Object Repository/RAD_Pages/AddressAndContactInfo_Page/input_zipCode'

2023-11-01 16:03:56 - [MESSAGE][PASSED] - Text ' ' is set on object 'Object Repository/RAD_Pages/AddressAndContactInfo_Page/input_zipCode'

2023-11-01 16:03:56 - [TEST_STEP][PASSED] - setText(findTestObject(orPath_AddressContact + "/input_phoneNumber"), " "): Text ' ' is set on object 'Object Repository/RAD_Pages/AddressAndContactInfo_Page/input_phoneNumber'

2023-11-01 16:03:57 - [MESSAGE][PASSED] - Text ' ' is set on object 'Object Repository/RAD_Pages/AddressAndContactInfo_Page/input_phoneNumber'

2023-11-01 16:03:57 - [TEST_STEP][PASSED] - setText(findTestObject(orPath_AddressContact + "/input_eMailAddress"), " "): Text ' ' is set on object 'Object Repository/RAD_Pages/AddressAndContactInfo_Page/input_eMailAddress'

2023-11-01 16:03:58 - [MESSAGE][PASSED] - Text ' ' is set on object 'Object Repository/RAD_Pages/AddressAndContactInfo_Page/input_eMailAddress'

2023-11-01 16:03:58 - [TEST_STEP][PASSED] - setText(findTestObject(orPath_AddressContact + "/input_reEnterEMailAddress"), " "): Text ' ' is set on object 'Object Repository/RAD_Pages/AddressAndContactInfo_Page/input_reEnterEMailAddress'

2023-11-01 16:03:59 - [MESSAGE][PASSED] - Text ' ' is set on object 'Object Repository/RAD_Pages/AddressAndContactInfo_Page/input_reEnterEMailAddress'

2023-11-01 16:03:59 - [TEST_STEP][PASSED] - resText = "Fail": null

2023-11-01 16:03:59 - [TEST_STEP][PASSED] - pages.WriteExcel.demoKey(resText, datText, resColumn, datCloumn, fileLoc, nameSheet, row): pages.WriteExcel.demoKey is PASSED

2023-11-01 16:03:59 - [MESSAGE][PASSED] - pages.WriteExcel.demoKey is PASSED

2023-11-01 16:03:59 - [TEST_STEP][PASSED] - verifyTextPresent("Enter business name", true, CONTINUE_ON_FAILURE): Text 'Enter business name' is present on page  using regular expression

2023-11-01 16:03:59 - [MESSAGE][PASSED] - Text 'Enter business name' is present on page  using regular expression

2023-11-01 16:03:59 - [TEST_STEP][PASSED] - verifyTextPresent("Enter business rep first name", true, CONTINUE_ON_FAILURE): Text 'Enter business rep first name' is present on page  using regular expression

2023-11-01 16:04:00 - [MESSAGE][PASSED] - Text 'Enter business rep first name' is present on page  using regular expression

2023-11-01 16:04:00 - [TEST_STEP][PASSED] - verifyTextPresent("Enter business rep last name", true, CONTINUE_ON_FAILURE): Text 'Enter business rep last name' is present on page  using regular expression

2023-11-01 16:04:00 - [MESSAGE][PASSED] - Text 'Enter business rep last name' is present on page  using regular expression

2023-11-01 16:04:00 - [TEST_STEP][PASSED] - verifyTextPresent("Enter address", true, CONTINUE_ON_FAILURE): Text 'Enter address' is present on page  using regular expression

2023-11-01 16:04:00 - [MESSAGE][PASSED] - Text 'Enter address' is present on page  using regular expression

2023-11-01 16:04:00 - [TEST_STEP][PASSED] - verifyTextPresent("Enter city", true, CONTINUE_ON_FAILURE): Text 'Enter city' is present on page  using regular expression

2023-11-01 16:04:01 - [MESSAGE][PASSED] - Text 'Enter city' is present on page  using regular expression

2023-11-01 16:04:01 - [TEST_STEP][PASSED] - verifyTextPresent("Enter ZIP code", true, CONTINUE_ON_FAILURE): Text 'Enter ZIP code' is present on page  using regular expression

2023-11-01 16:04:01 - [MESSAGE][PASSED] - Text 'Enter ZIP code' is present on page  using regular expression

2023-11-01 16:04:01 - [TEST_STEP][PASSED] - verifyTextPresent("Enter a valid phone number", true, CONTINUE_ON_FAILURE): Text 'Enter a valid phone number' is present on page  using regular expression

2023-11-01 16:04:02 - [MESSAGE][PASSED] - Text 'Enter a valid phone number' is present on page  using regular expression

2023-11-01 16:04:02 - [TEST_STEP][PASSED] - verifyTextPresent("Enter Email", true, CONTINUE_ON_FAILURE): Text 'Enter Email' is present on page  using regular expression

2023-11-01 16:04:02 - [MESSAGE][PASSED] - Text 'Enter Email' is present on page  using regular expression

2023-11-01 16:04:02 - [TEST_STEP][PASSED] - resText = "Pass": null

2023-11-01 16:04:02 - [TEST_STEP][PASSED] - pages.WriteExcel.demoKey(resText, datText, resColumn, datCloumn, fileLoc, nameSheet, row): pages.WriteExcel.demoKey is PASSED

2023-11-01 16:04:02 - [MESSAGE][PASSED] - pages.WriteExcel.demoKey is PASSED

2023-11-01 16:04:02 - [TEST_STEP][PASSED] - ExecuteTC = findTestData(dataFile).getValue("Execute", row): null

2023-11-01 16:04:02 - [TEST_STEP][PASSED] - TaxType = findTestData(dataFile).getValue("TaxType", row): null

2023-11-01 16:04:02 - [TEST_STEP][PASSED] - PaymentType = findTestData(dataFile).getValue("PaymentType", row): null

2023-11-01 16:04:02 - [TEST_STEP][PASSED] - FilingYear = findTestData(dataFile).getValue("Year", row): null

2023-11-01 16:04:02 - [TEST_STEP][PASSED] - feinSSN = findTestData(dataFile).getValue("FeinSsn", row): null

2023-11-01 16:04:02 - [TEST_STEP][PASSED] - if (ExecuteTC.equalsIgnoreCase("Y")): pages.WriteExcel.demoKey is PASSED

2023-11-01 16:04:02 - [TEST_STEP][PASSED] - out.println("Begin Record Number: " + row): null

2023-11-01 16:04:02 - [TEST_STEP][PASSED] - today = new java.util.Date(): null

2023-11-01 16:04:02 - [TEST_STEP][PASSED] - println(today): null

2023-11-01 16:04:02 - [TEST_STEP][PASSED] - datText = today: null

2023-11-01 16:04:02 - [TEST_STEP][PASSED] - logInfo("Payment Type: New Tax Return Amount Due"): Payment Type: New Tax Return Amount Due

2023-11-01 16:04:02 - [MESSAGE][INFO] - Payment Type: New Tax Return Amount Due

2023-11-01 16:04:02 - [TEST_STEP][PASSED] - logInfo("Tax Type: " + TaxType): Tax Type: PTE Tax Electing S Corp

2023-11-01 16:04:02 - [MESSAGE][INFO] - Tax Type: PTE Tax Electing S Corp

2023-11-01 16:04:02 - [TEST_STEP][PASSED] - openBrowser(""): Browser is opened with url: ''

2023-11-01 16:04:02 - [MESSAGE][WARNING] - A browser is already opened. Closing browser and opening a new one

2023-11-01 16:04:03 - [MESSAGE][INFO] - Starting 'Chrome' driver

2023-11-01 16:04:03 - [MESSAGE][INFO] - User set preference: ['acceptInsecureCerts', 'true']

2023-11-01 16:04:03 - [MESSAGE][INFO] - Action delay is set to 0 milliseconds

2023-11-01 16:04:05 - [MESSAGE][PASSED] - Browser is opened with url: ''

2023-11-01 16:04:05 - [TEST_STEP][PASSED] - maximizeWindow(): Current window maximized

2023-11-01 16:04:05 - [MESSAGE][PASSED] - Current window maximized

2023-11-01 16:04:05 - [TEST_STEP][PASSED] - navigateToUrl(RADurl): Navigate to 'https://qa2.velocitypayment.com/client/rad/index.html' successfully

2023-11-01 16:04:05 - [MESSAGE][PASSED] - Navigate to 'https://qa2.velocitypayment.com/client/rad/index.html' successfully

2023-11-01 16:04:05 - [TEST_STEP][PASSED] - selectOptionByLabel(findTestObject(orPath_Landing + "/dd_TaxType"), "New Tax Return Amount Due", false): All options with label 'New Tax Return Amount Due' are selected in object 'Object Repository/RAD_Pages/Landing_Page/dd_TaxType' 

2023-11-01 16:04:07 - [MESSAGE][PASSED] - All options with label 'New Tax Return Amount Due' are selected in object 'Object Repository/RAD_Pages/Landing_Page/dd_TaxType' 

2023-11-01 16:04:07 - [TEST_STEP][PASSED] - selectOptionByLabel(findTestObject("Object Repository/RAD_Pages/Landing_Page/select_NewTaxReturnAmountDue_TaxType"), TaxType, false): All options with label 'PTE Tax Electing S Corp' are selected in object 'Object Repository/RAD_Pages/Landing_Page/select_NewTaxReturnAmountDue_TaxType' 

2023-11-01 16:04:08 - [MESSAGE][PASSED] - All options with label 'PTE Tax Electing S Corp' are selected in object 'Object Repository/RAD_Pages/Landing_Page/select_NewTaxReturnAmountDue_TaxType' 

2023-11-01 16:04:08 - [TEST_STEP][PASSED] - selectOptionByLabel(findTestObject(orPath_TaxTypeFilingYear + "/select_FilingYear"), FilingYear, false): All options with label '2021' are selected in object 'Object Repository/RAD_Pages/TaxTypeFilingYear_Page/select_FilingYear' 

2023-11-01 16:04:09 - [MESSAGE][PASSED] - All options with label '2021' are selected in object 'Object Repository/RAD_Pages/TaxTypeFilingYear_Page/select_FilingYear' 

2023-11-01 16:04:09 - [TEST_STEP][PASSED] - setText(findTestObject(orPath_TaxPayer + "/input_businessName"), " "): Text ' ' is set on object 'Object Repository/RAD_Pages/Taxpayer_Page/input_businessName'

2023-11-01 16:04:09 - [MESSAGE][PASSED] - Text ' ' is set on object 'Object Repository/RAD_Pages/Taxpayer_Page/input_businessName'

2023-11-01 16:04:09 - [TEST_STEP][PASSED] - setText(findTestObject(orPath_TaxPayer + "/input_BusinessRepfirstName"), " "): Text ' ' is set on object 'Object Repository/RAD_Pages/Taxpayer_Page/input_BusinessRepfirstName'

2023-11-01 16:04:10 - [MESSAGE][PASSED] - Text ' ' is set on object 'Object Repository/RAD_Pages/Taxpayer_Page/input_BusinessRepfirstName'

2023-11-01 16:04:10 - [TEST_STEP][PASSED] - setText(findTestObject(orPath_TaxPayer + "/input_BusinessReplastName"), " "): Text ' ' is set on object 'Object Repository/RAD_Pages/Taxpayer_Page/input_BusinessReplastName'

2023-11-01 16:04:11 - [MESSAGE][PASSED] - Text ' ' is set on object 'Object Repository/RAD_Pages/Taxpayer_Page/input_BusinessReplastName'

2023-11-01 16:04:11 - [TEST_STEP][PASSED] - setText(findTestObject(orPath_AddressContact + "/input_streetAddress1"), " "): Text ' ' is set on object 'Object Repository/RAD_Pages/AddressAndContactInfo_Page/input_streetAddress1'

2023-11-01 16:04:11 - [MESSAGE][PASSED] - Text ' ' is set on object 'Object Repository/RAD_Pages/AddressAndContactInfo_Page/input_streetAddress1'

2023-11-01 16:04:11 - [TEST_STEP][PASSED] - setText(findTestObject(orPath_AddressContact + "/input_city"), " "): Text ' ' is set on object 'Object Repository/RAD_Pages/AddressAndContactInfo_Page/input_city'

2023-11-01 16:04:12 - [MESSAGE][PASSED] - Text ' ' is set on object 'Object Repository/RAD_Pages/AddressAndContactInfo_Page/input_city'

2023-11-01 16:04:12 - [TEST_STEP][PASSED] - setText(findTestObject(orPath_AddressContact + "/input_zipCode"), " "): Text ' ' is set on object 'Object Repository/RAD_Pages/AddressAndContactInfo_Page/input_zipCode'

2023-11-01 16:04:13 - [MESSAGE][PASSED] - Text ' ' is set on object 'Object Repository/RAD_Pages/AddressAndContactInfo_Page/input_zipCode'

2023-11-01 16:04:13 - [TEST_STEP][PASSED] - setText(findTestObject(orPath_AddressContact + "/input_phoneNumber"), " "): Text ' ' is set on object 'Object Repository/RAD_Pages/AddressAndContactInfo_Page/input_phoneNumber'

2023-11-01 16:04:14 - [MESSAGE][PASSED] - Text ' ' is set on object 'Object Repository/RAD_Pages/AddressAndContactInfo_Page/input_phoneNumber'

2023-11-01 16:04:14 - [TEST_STEP][PASSED] - setText(findTestObject(orPath_AddressContact + "/input_eMailAddress"), " "): Text ' ' is set on object 'Object Repository/RAD_Pages/AddressAndContactInfo_Page/input_eMailAddress'

2023-11-01 16:04:14 - [MESSAGE][PASSED] - Text ' ' is set on object 'Object Repository/RAD_Pages/AddressAndContactInfo_Page/input_eMailAddress'

2023-11-01 16:04:14 - [TEST_STEP][PASSED] - setText(findTestObject(orPath_AddressContact + "/input_reEnterEMailAddress"), " "): Text ' ' is set on object 'Object Repository/RAD_Pages/AddressAndContactInfo_Page/input_reEnterEMailAddress'

2023-11-01 16:04:15 - [MESSAGE][PASSED] - Text ' ' is set on object 'Object Repository/RAD_Pages/AddressAndContactInfo_Page/input_reEnterEMailAddress'

2023-11-01 16:04:15 - [TEST_STEP][PASSED] - resText = "Fail": null

2023-11-01 16:04:15 - [TEST_STEP][PASSED] - pages.WriteExcel.demoKey(resText, datText, resColumn, datCloumn, fileLoc, nameSheet, row): pages.WriteExcel.demoKey is PASSED

2023-11-01 16:04:15 - [MESSAGE][PASSED] - pages.WriteExcel.demoKey is PASSED

2023-11-01 16:04:15 - [TEST_STEP][PASSED] - verifyTextPresent("Enter business name", true, CONTINUE_ON_FAILURE): Text 'Enter business name' is present on page  using regular expression

2023-11-01 16:04:16 - [MESSAGE][PASSED] - Text 'Enter business name' is present on page  using regular expression

2023-11-01 16:04:16 - [TEST_STEP][PASSED] - verifyTextPresent("Enter business rep first name", true, CONTINUE_ON_FAILURE): Text 'Enter business rep first name' is present on page  using regular expression

2023-11-01 16:04:16 - [MESSAGE][PASSED] - Text 'Enter business rep first name' is present on page  using regular expression

2023-11-01 16:04:16 - [TEST_STEP][PASSED] - verifyTextPresent("Enter business rep last name", true, CONTINUE_ON_FAILURE): Text 'Enter business rep last name' is present on page  using regular expression

2023-11-01 16:04:16 - [MESSAGE][PASSED] - Text 'Enter business rep last name' is present on page  using regular expression

2023-11-01 16:04:16 - [TEST_STEP][PASSED] - verifyTextPresent("Enter address", true, CONTINUE_ON_FAILURE): Text 'Enter address' is present on page  using regular expression

2023-11-01 16:04:17 - [MESSAGE][PASSED] - Text 'Enter address' is present on page  using regular expression

2023-11-01 16:04:17 - [TEST_STEP][PASSED] - verifyTextPresent("Enter city", true, CONTINUE_ON_FAILURE): Text 'Enter city' is present on page  using regular expression

2023-11-01 16:04:17 - [MESSAGE][PASSED] - Text 'Enter city' is present on page  using regular expression

2023-11-01 16:04:17 - [TEST_STEP][PASSED] - verifyTextPresent("Enter ZIP code", true, CONTINUE_ON_FAILURE): Text 'Enter ZIP code' is present on page  using regular expression

2023-11-01 16:04:18 - [MESSAGE][PASSED] - Text 'Enter ZIP code' is present on page  using regular expression

2023-11-01 16:04:18 - [TEST_STEP][PASSED] - verifyTextPresent("Enter a valid phone number", true, CONTINUE_ON_FAILURE): Text 'Enter a valid phone number' is present on page  using regular expression

2023-11-01 16:04:18 - [MESSAGE][PASSED] - Text 'Enter a valid phone number' is present on page  using regular expression

2023-11-01 16:04:18 - [TEST_STEP][PASSED] - verifyTextPresent("Enter Email", true, CONTINUE_ON_FAILURE): Text 'Enter Email' is present on page  using regular expression

2023-11-01 16:04:18 - [MESSAGE][PASSED] - Text 'Enter Email' is present on page  using regular expression

2023-11-01 16:04:18 - [TEST_STEP][PASSED] - resText = "Pass": null

2023-11-01 16:04:18 - [TEST_STEP][PASSED] - pages.WriteExcel.demoKey(resText, datText, resColumn, datCloumn, fileLoc, nameSheet, row): pages.WriteExcel.demoKey is PASSED

2023-11-01 16:04:18 - [MESSAGE][PASSED] - pages.WriteExcel.demoKey is PASSED

2023-11-01 16:04:18 - [TEST_STEP][PASSED] - ExecuteTC = findTestData(dataFile).getValue("Execute", row): null

2023-11-01 16:04:18 - [TEST_STEP][PASSED] - TaxType = findTestData(dataFile).getValue("TaxType", row): null

2023-11-01 16:04:18 - [TEST_STEP][PASSED] - PaymentType = findTestData(dataFile).getValue("PaymentType", row): null

2023-11-01 16:04:18 - [TEST_STEP][PASSED] - FilingYear = findTestData(dataFile).getValue("Year", row): null

2023-11-01 16:04:19 - [TEST_STEP][PASSED] - feinSSN = findTestData(dataFile).getValue("FeinSsn", row): null

2023-11-01 16:04:19 - [TEST_STEP][PASSED] - if (ExecuteTC.equalsIgnoreCase("Y")): pages.WriteExcel.demoKey is PASSED

2023-11-01 16:04:19 - [TEST_STEP][PASSED] - out.println("Begin Record Number: " + row): null

2023-11-01 16:04:19 - [TEST_STEP][PASSED] - today = new java.util.Date(): null

2023-11-01 16:04:19 - [TEST_STEP][PASSED] - println(today): null

2023-11-01 16:04:19 - [TEST_STEP][PASSED] - datText = today: null

2023-11-01 16:04:19 - [TEST_STEP][PASSED] - logInfo("Payment Type: New Tax Return Amount Due"): Payment Type: New Tax Return Amount Due

2023-11-01 16:04:19 - [MESSAGE][INFO] - Payment Type: New Tax Return Amount Due

2023-11-01 16:04:19 - [TEST_STEP][PASSED] - logInfo("Tax Type: " + TaxType): Tax Type: Fiduciary Tax

2023-11-01 16:04:19 - [MESSAGE][INFO] - Tax Type: Fiduciary Tax

2023-11-01 16:04:19 - [TEST_STEP][PASSED] - openBrowser(""): Browser is opened with url: ''

2023-11-01 16:04:19 - [MESSAGE][WARNING] - A browser is already opened. Closing browser and opening a new one

2023-11-01 16:04:20 - [MESSAGE][INFO] - Starting 'Chrome' driver

2023-11-01 16:04:20 - [MESSAGE][INFO] - User set preference: ['acceptInsecureCerts', 'true']

2023-11-01 16:04:20 - [MESSAGE][INFO] - Action delay is set to 0 milliseconds

2023-11-01 16:04:21 - [MESSAGE][PASSED] - Browser is opened with url: ''

2023-11-01 16:04:21 - [TEST_STEP][PASSED] - maximizeWindow(): Current window maximized

2023-11-01 16:04:21 - [MESSAGE][PASSED] - Current window maximized

2023-11-01 16:04:21 - [TEST_STEP][PASSED] - navigateToUrl(RADurl): Navigate to 'https://qa2.velocitypayment.com/client/rad/index.html' successfully

2023-11-01 16:04:23 - [MESSAGE][PASSED] - Navigate to 'https://qa2.velocitypayment.com/client/rad/index.html' successfully

2023-11-01 16:04:23 - [TEST_STEP][PASSED] - selectOptionByLabel(findTestObject(orPath_Landing + "/dd_TaxType"), "New Tax Return Amount Due", false): All options with label 'New Tax Return Amount Due' are selected in object 'Object Repository/RAD_Pages/Landing_Page/dd_TaxType' 

2023-11-01 16:04:24 - [MESSAGE][PASSED] - All options with label 'New Tax Return Amount Due' are selected in object 'Object Repository/RAD_Pages/Landing_Page/dd_TaxType' 

2023-11-01 16:04:24 - [TEST_STEP][PASSED] - selectOptionByLabel(findTestObject("Object Repository/RAD_Pages/Landing_Page/select_NewTaxReturnAmountDue_TaxType"), TaxType, false): All options with label 'Fiduciary Tax' are selected in object 'Object Repository/RAD_Pages/Landing_Page/select_NewTaxReturnAmountDue_TaxType' 

2023-11-01 16:04:24 - [MESSAGE][PASSED] - All options with label 'Fiduciary Tax' are selected in object 'Object Repository/RAD_Pages/Landing_Page/select_NewTaxReturnAmountDue_TaxType' 

2023-11-01 16:04:24 - [TEST_STEP][PASSED] - selectOptionByLabel(findTestObject(orPath_TaxTypeFilingYear + "/select_FilingYear"), FilingYear, false): All options with label '2020' are selected in object 'Object Repository/RAD_Pages/TaxTypeFilingYear_Page/select_FilingYear' 

2023-11-01 16:04:25 - [MESSAGE][PASSED] - All options with label '2020' are selected in object 'Object Repository/RAD_Pages/TaxTypeFilingYear_Page/select_FilingYear' 

2023-11-01 16:04:25 - [TEST_STEP][PASSED] - setText(findTestObject(orPath_TaxPayer + "/input_businessName"), " "): Text ' ' is set on object 'Object Repository/RAD_Pages/Taxpayer_Page/input_businessName'

2023-11-01 16:04:26 - [MESSAGE][PASSED] - Text ' ' is set on object 'Object Repository/RAD_Pages/Taxpayer_Page/input_businessName'

2023-11-01 16:04:26 - [TEST_STEP][PASSED] - setText(findTestObject(orPath_TaxPayer + "/input_BusinessRepfirstName"), " "): Text ' ' is set on object 'Object Repository/RAD_Pages/Taxpayer_Page/input_BusinessRepfirstName'

2023-11-01 16:04:27 - [MESSAGE][PASSED] - Text ' ' is set on object 'Object Repository/RAD_Pages/Taxpayer_Page/input_BusinessRepfirstName'

2023-11-01 16:04:27 - [TEST_STEP][PASSED] - setText(findTestObject(orPath_TaxPayer + "/input_BusinessReplastName"), " "): Text ' ' is set on object 'Object Repository/RAD_Pages/Taxpayer_Page/input_BusinessReplastName'

2023-11-01 16:04:27 - [MESSAGE][PASSED] - Text ' ' is set on object 'Object Repository/RAD_Pages/Taxpayer_Page/input_BusinessReplastName'

2023-11-01 16:04:27 - [TEST_STEP][PASSED] - setText(findTestObject(orPath_AddressContact + "/input_streetAddress1"), " "): Text ' ' is set on object 'Object Repository/RAD_Pages/AddressAndContactInfo_Page/input_streetAddress1'

2023-11-01 16:04:28 - [MESSAGE][PASSED] - Text ' ' is set on object 'Object Repository/RAD_Pages/AddressAndContactInfo_Page/input_streetAddress1'

2023-11-01 16:04:28 - [TEST_STEP][PASSED] - setText(findTestObject(orPath_AddressContact + "/input_city"), " "): Text ' ' is set on object 'Object Repository/RAD_Pages/AddressAndContactInfo_Page/input_city'

2023-11-01 16:04:29 - [MESSAGE][PASSED] - Text ' ' is set on object 'Object Repository/RAD_Pages/AddressAndContactInfo_Page/input_city'

2023-11-01 16:04:29 - [TEST_STEP][PASSED] - setText(findTestObject(orPath_AddressContact + "/input_zipCode"), " "): Text ' ' is set on object 'Object Repository/RAD_Pages/AddressAndContactInfo_Page/input_zipCode'

2023-11-01 16:04:29 - [MESSAGE][PASSED] - Text ' ' is set on object 'Object Repository/RAD_Pages/AddressAndContactInfo_Page/input_zipCode'

2023-11-01 16:04:29 - [TEST_STEP][PASSED] - setText(findTestObject(orPath_AddressContact + "/input_phoneNumber"), " "): Text ' ' is set on object 'Object Repository/RAD_Pages/AddressAndContactInfo_Page/input_phoneNumber'

2023-11-01 16:04:30 - [MESSAGE][PASSED] - Text ' ' is set on object 'Object Repository/RAD_Pages/AddressAndContactInfo_Page/input_phoneNumber'

2023-11-01 16:04:30 - [TEST_STEP][PASSED] - setText(findTestObject(orPath_AddressContact + "/input_eMailAddress"), " "): Text ' ' is set on object 'Object Repository/RAD_Pages/AddressAndContactInfo_Page/input_eMailAddress'

2023-11-01 16:04:31 - [MESSAGE][PASSED] - Text ' ' is set on object 'Object Repository/RAD_Pages/AddressAndContactInfo_Page/input_eMailAddress'

2023-11-01 16:04:31 - [TEST_STEP][PASSED] - setText(findTestObject(orPath_AddressContact + "/input_reEnterEMailAddress"), " "): Text ' ' is set on object 'Object Repository/RAD_Pages/AddressAndContactInfo_Page/input_reEnterEMailAddress'

2023-11-01 16:04:32 - [MESSAGE][PASSED] - Text ' ' is set on object 'Object Repository/RAD_Pages/AddressAndContactInfo_Page/input_reEnterEMailAddress'

2023-11-01 16:04:32 - [TEST_STEP][PASSED] - resText = "Fail": null

2023-11-01 16:04:32 - [TEST_STEP][PASSED] - pages.WriteExcel.demoKey(resText, datText, resColumn, datCloumn, fileLoc, nameSheet, row): pages.WriteExcel.demoKey is PASSED

2023-11-01 16:04:32 - [MESSAGE][PASSED] - pages.WriteExcel.demoKey is PASSED

2023-11-01 16:04:32 - [TEST_STEP][PASSED] - verifyTextPresent("Enter business name", true, CONTINUE_ON_FAILURE): Text 'Enter business name' is present on page  using regular expression

2023-11-01 16:04:32 - [MESSAGE][PASSED] - Text 'Enter business name' is present on page  using regular expression

2023-11-01 16:04:32 - [TEST_STEP][PASSED] - verifyTextPresent("Enter business rep first name", true, CONTINUE_ON_FAILURE): Text 'Enter business rep first name' is present on page  using regular expression

2023-11-01 16:04:33 - [MESSAGE][PASSED] - Text 'Enter business rep first name' is present on page  using regular expression

2023-11-01 16:04:33 - [TEST_STEP][PASSED] - verifyTextPresent("Enter business rep last name", true, CONTINUE_ON_FAILURE): Text 'Enter business rep last name' is present on page  using regular expression

2023-11-01 16:04:33 - [MESSAGE][PASSED] - Text 'Enter business rep last name' is present on page  using regular expression

2023-11-01 16:04:33 - [TEST_STEP][PASSED] - verifyTextPresent("Enter address", true, CONTINUE_ON_FAILURE): Text 'Enter address' is present on page  using regular expression

2023-11-01 16:04:33 - [MESSAGE][PASSED] - Text 'Enter address' is present on page  using regular expression

2023-11-01 16:04:33 - [TEST_STEP][PASSED] - verifyTextPresent("Enter city", true, CONTINUE_ON_FAILURE): Text 'Enter city' is present on page  using regular expression

2023-11-01 16:04:34 - [MESSAGE][PASSED] - Text 'Enter city' is present on page  using regular expression

2023-11-01 16:04:34 - [TEST_STEP][PASSED] - verifyTextPresent("Enter ZIP code", true, CONTINUE_ON_FAILURE): Text 'Enter ZIP code' is present on page  using regular expression

2023-11-01 16:04:34 - [MESSAGE][PASSED] - Text 'Enter ZIP code' is present on page  using regular expression

2023-11-01 16:04:34 - [TEST_STEP][PASSED] - verifyTextPresent("Enter a valid phone number", true, CONTINUE_ON_FAILURE): Text 'Enter a valid phone number' is present on page  using regular expression

2023-11-01 16:04:35 - [MESSAGE][PASSED] - Text 'Enter a valid phone number' is present on page  using regular expression

2023-11-01 16:04:35 - [TEST_STEP][PASSED] - verifyTextPresent("Enter Email", true, CONTINUE_ON_FAILURE): Text 'Enter Email' is present on page  using regular expression

2023-11-01 16:04:35 - [MESSAGE][PASSED] - Text 'Enter Email' is present on page  using regular expression

2023-11-01 16:04:35 - [TEST_STEP][PASSED] - resText = "Pass": null

2023-11-01 16:04:35 - [TEST_STEP][PASSED] - pages.WriteExcel.demoKey(resText, datText, resColumn, datCloumn, fileLoc, nameSheet, row): pages.WriteExcel.demoKey is PASSED

2023-11-01 16:04:35 - [MESSAGE][PASSED] - pages.WriteExcel.demoKey is PASSED

2023-11-01 16:04:35 - [TEST_STEP][PASSED] - ExecuteTC = findTestData(dataFile).getValue("Execute", row): null

2023-11-01 16:04:35 - [TEST_STEP][PASSED] - TaxType = findTestData(dataFile).getValue("TaxType", row): null

2023-11-01 16:04:35 - [TEST_STEP][PASSED] - PaymentType = findTestData(dataFile).getValue("PaymentType", row): null

2023-11-01 16:04:35 - [TEST_STEP][PASSED] - FilingYear = findTestData(dataFile).getValue("Year", row): null

2023-11-01 16:04:35 - [TEST_STEP][PASSED] - feinSSN = findTestData(dataFile).getValue("FeinSsn", row): null

2023-11-01 16:04:35 - [TEST_STEP][PASSED] - if (ExecuteTC.equalsIgnoreCase("Y")): pages.WriteExcel.demoKey is PASSED

2023-11-01 16:04:35 - [TEST_STEP][PASSED] - out.println("Begin Record Number: " + row): null

2023-11-01 16:04:35 - [TEST_STEP][PASSED] - today = new java.util.Date(): null

2023-11-01 16:04:35 - [TEST_STEP][PASSED] - println(today): null

2023-11-01 16:04:35 - [TEST_STEP][PASSED] - datText = today: null

2023-11-01 16:04:35 - [TEST_STEP][PASSED] - logInfo("Payment Type: New Tax Return Amount Due"): Payment Type: New Tax Return Amount Due

2023-11-01 16:04:35 - [MESSAGE][INFO] - Payment Type: New Tax Return Amount Due

2023-11-01 16:04:35 - [TEST_STEP][PASSED] - logInfo("Tax Type: " + TaxType): Tax Type: PTE Non-Electing Non-S Corp

2023-11-01 16:04:35 - [MESSAGE][INFO] - Tax Type: PTE Non-Electing Non-S Corp

2023-11-01 16:04:35 - [TEST_STEP][PASSED] - openBrowser(""): Browser is opened with url: ''

2023-11-01 16:04:35 - [MESSAGE][WARNING] - A browser is already opened. Closing browser and opening a new one

2023-11-01 16:04:36 - [MESSAGE][INFO] - Starting 'Chrome' driver

2023-11-01 16:04:36 - [MESSAGE][INFO] - User set preference: ['acceptInsecureCerts', 'true']

2023-11-01 16:04:36 - [MESSAGE][INFO] - Action delay is set to 0 milliseconds

2023-11-01 16:04:38 - [MESSAGE][PASSED] - Browser is opened with url: ''

2023-11-01 16:04:38 - [TEST_STEP][PASSED] - maximizeWindow(): Current window maximized

2023-11-01 16:04:38 - [MESSAGE][PASSED] - Current window maximized

2023-11-01 16:04:38 - [TEST_STEP][PASSED] - navigateToUrl(RADurl): Navigate to 'https://qa2.velocitypayment.com/client/rad/index.html' successfully

2023-11-01 16:04:38 - [MESSAGE][PASSED] - Navigate to 'https://qa2.velocitypayment.com/client/rad/index.html' successfully

2023-11-01 16:04:38 - [TEST_STEP][PASSED] - selectOptionByLabel(findTestObject(orPath_Landing + "/dd_TaxType"), "New Tax Return Amount Due", false): All options with label 'New Tax Return Amount Due' are selected in object 'Object Repository/RAD_Pages/Landing_Page/dd_TaxType' 

2023-11-01 16:04:40 - [MESSAGE][PASSED] - All options with label 'New Tax Return Amount Due' are selected in object 'Object Repository/RAD_Pages/Landing_Page/dd_TaxType' 

2023-11-01 16:04:40 - [TEST_STEP][PASSED] - selectOptionByLabel(findTestObject("Object Repository/RAD_Pages/Landing_Page/select_NewTaxReturnAmountDue_TaxType"), TaxType, false): All options with label 'PTE Non-Electing Non-S Corp' are selected in object 'Object Repository/RAD_Pages/Landing_Page/select_NewTaxReturnAmountDue_TaxType' 

2023-11-01 16:04:41 - [MESSAGE][PASSED] - All options with label 'PTE Non-Electing Non-S Corp' are selected in object 'Object Repository/RAD_Pages/Landing_Page/select_NewTaxReturnAmountDue_TaxType' 

2023-11-01 16:04:41 - [TEST_STEP][PASSED] - selectOptionByLabel(findTestObject(orPath_TaxTypeFilingYear + "/select_FilingYear"), FilingYear, false): All options with label '2020' are selected in object 'Object Repository/RAD_Pages/TaxTypeFilingYear_Page/select_FilingYear' 

2023-11-01 16:04:42 - [MESSAGE][PASSED] - All options with label '2020' are selected in object 'Object Repository/RAD_Pages/TaxTypeFilingYear_Page/select_FilingYear' 

2023-11-01 16:04:42 - [TEST_STEP][PASSED] - setText(findTestObject(orPath_TaxPayer + "/input_businessName"), " "): Text ' ' is set on object 'Object Repository/RAD_Pages/Taxpayer_Page/input_businessName'

2023-11-01 16:04:42 - [MESSAGE][PASSED] - Text ' ' is set on object 'Object Repository/RAD_Pages/Taxpayer_Page/input_businessName'

2023-11-01 16:04:42 - [TEST_STEP][PASSED] - setText(findTestObject(orPath_TaxPayer + "/input_BusinessRepfirstName"), " "): Text ' ' is set on object 'Object Repository/RAD_Pages/Taxpayer_Page/input_BusinessRepfirstName'

2023-11-01 16:04:43 - [MESSAGE][PASSED] - Text ' ' is set on object 'Object Repository/RAD_Pages/Taxpayer_Page/input_BusinessRepfirstName'

2023-11-01 16:04:43 - [TEST_STEP][PASSED] - setText(findTestObject(orPath_TaxPayer + "/input_BusinessReplastName"), " "): Text ' ' is set on object 'Object Repository/RAD_Pages/Taxpayer_Page/input_BusinessReplastName'

2023-11-01 16:04:44 - [MESSAGE][PASSED] - Text ' ' is set on object 'Object Repository/RAD_Pages/Taxpayer_Page/input_BusinessReplastName'

2023-11-01 16:04:44 - [TEST_STEP][PASSED] - setText(findTestObject(orPath_AddressContact + "/input_streetAddress1"), " "): Text ' ' is set on object 'Object Repository/RAD_Pages/AddressAndContactInfo_Page/input_streetAddress1'

2023-11-01 16:04:44 - [MESSAGE][PASSED] - Text ' ' is set on object 'Object Repository/RAD_Pages/AddressAndContactInfo_Page/input_streetAddress1'

2023-11-01 16:04:44 - [TEST_STEP][PASSED] - setText(findTestObject(orPath_AddressContact + "/input_city"), " "): Text ' ' is set on object 'Object Repository/RAD_Pages/AddressAndContactInfo_Page/input_city'

2023-11-01 16:04:45 - [MESSAGE][PASSED] - Text ' ' is set on object 'Object Repository/RAD_Pages/AddressAndContactInfo_Page/input_city'

2023-11-01 16:04:45 - [TEST_STEP][PASSED] - setText(findTestObject(orPath_AddressContact + "/input_zipCode"), " "): Text ' ' is set on object 'Object Repository/RAD_Pages/AddressAndContactInfo_Page/input_zipCode'

2023-11-01 16:04:46 - [MESSAGE][PASSED] - Text ' ' is set on object 'Object Repository/RAD_Pages/AddressAndContactInfo_Page/input_zipCode'

2023-11-01 16:04:46 - [TEST_STEP][PASSED] - setText(findTestObject(orPath_AddressContact + "/input_phoneNumber"), " "): Text ' ' is set on object 'Object Repository/RAD_Pages/AddressAndContactInfo_Page/input_phoneNumber'

2023-11-01 16:04:47 - [MESSAGE][PASSED] - Text ' ' is set on object 'Object Repository/RAD_Pages/AddressAndContactInfo_Page/input_phoneNumber'

2023-11-01 16:04:47 - [TEST_STEP][PASSED] - setText(findTestObject(orPath_AddressContact + "/input_eMailAddress"), " "): Text ' ' is set on object 'Object Repository/RAD_Pages/AddressAndContactInfo_Page/input_eMailAddress'

2023-11-01 16:04:47 - [MESSAGE][PASSED] - Text ' ' is set on object 'Object Repository/RAD_Pages/AddressAndContactInfo_Page/input_eMailAddress'

2023-11-01 16:04:47 - [TEST_STEP][PASSED] - setText(findTestObject(orPath_AddressContact + "/input_reEnterEMailAddress"), " "): Text ' ' is set on object 'Object Repository/RAD_Pages/AddressAndContactInfo_Page/input_reEnterEMailAddress'

2023-11-01 16:04:48 - [MESSAGE][PASSED] - Text ' ' is set on object 'Object Repository/RAD_Pages/AddressAndContactInfo_Page/input_reEnterEMailAddress'

2023-11-01 16:04:48 - [TEST_STEP][PASSED] - resText = "Fail": null

2023-11-01 16:04:48 - [TEST_STEP][PASSED] - pages.WriteExcel.demoKey(resText, datText, resColumn, datCloumn, fileLoc, nameSheet, row): pages.WriteExcel.demoKey is PASSED

2023-11-01 16:04:48 - [MESSAGE][PASSED] - pages.WriteExcel.demoKey is PASSED

2023-11-01 16:04:48 - [TEST_STEP][PASSED] - verifyTextPresent("Enter business name", true, CONTINUE_ON_FAILURE): Text 'Enter business name' is present on page  using regular expression

2023-11-01 16:04:49 - [MESSAGE][PASSED] - Text 'Enter business name' is present on page  using regular expression

2023-11-01 16:04:49 - [TEST_STEP][PASSED] - verifyTextPresent("Enter business rep first name", true, CONTINUE_ON_FAILURE): Text 'Enter business rep first name' is present on page  using regular expression

2023-11-01 16:04:49 - [MESSAGE][PASSED] - Text 'Enter business rep first name' is present on page  using regular expression

2023-11-01 16:04:49 - [TEST_STEP][PASSED] - verifyTextPresent("Enter business rep last name", true, CONTINUE_ON_FAILURE): Text 'Enter business rep last name' is present on page  using regular expression

2023-11-01 16:04:49 - [MESSAGE][PASSED] - Text 'Enter business rep last name' is present on page  using regular expression

2023-11-01 16:04:49 - [TEST_STEP][PASSED] - verifyTextPresent("Enter address", true, CONTINUE_ON_FAILURE): Text 'Enter address' is present on page  using regular expression

2023-11-01 16:04:50 - [MESSAGE][PASSED] - Text 'Enter address' is present on page  using regular expression

2023-11-01 16:04:50 - [TEST_STEP][PASSED] - verifyTextPresent("Enter city", true, CONTINUE_ON_FAILURE): Text 'Enter city' is present on page  using regular expression

2023-11-01 16:04:50 - [MESSAGE][PASSED] - Text 'Enter city' is present on page  using regular expression

2023-11-01 16:04:50 - [TEST_STEP][PASSED] - verifyTextPresent("Enter ZIP code", true, CONTINUE_ON_FAILURE): Text 'Enter ZIP code' is present on page  using regular expression

2023-11-01 16:04:51 - [MESSAGE][PASSED] - Text 'Enter ZIP code' is present on page  using regular expression

2023-11-01 16:04:51 - [TEST_STEP][PASSED] - verifyTextPresent("Enter a valid phone number", true, CONTINUE_ON_FAILURE): Text 'Enter a valid phone number' is present on page  using regular expression

2023-11-01 16:04:51 - [MESSAGE][PASSED] - Text 'Enter a valid phone number' is present on page  using regular expression

2023-11-01 16:04:51 - [TEST_STEP][PASSED] - verifyTextPresent("Enter Email", true, CONTINUE_ON_FAILURE): Text 'Enter Email' is present on page  using regular expression

2023-11-01 16:04:51 - [MESSAGE][PASSED] - Text 'Enter Email' is present on page  using regular expression

2023-11-01 16:04:51 - [TEST_STEP][PASSED] - resText = "Pass": null

2023-11-01 16:04:51 - [TEST_STEP][PASSED] - pages.WriteExcel.demoKey(resText, datText, resColumn, datCloumn, fileLoc, nameSheet, row): pages.WriteExcel.demoKey is PASSED

2023-11-01 16:04:51 - [MESSAGE][PASSED] - pages.WriteExcel.demoKey is PASSED

2023-11-01 16:04:51 - [TEST_STEP][PASSED] - ExecuteTC = findTestData(dataFile).getValue("Execute", row): null

2023-11-01 16:04:51 - [TEST_STEP][PASSED] - TaxType = findTestData(dataFile).getValue("TaxType", row): null

2023-11-01 16:04:51 - [TEST_STEP][PASSED] - PaymentType = findTestData(dataFile).getValue("PaymentType", row): null

2023-11-01 16:04:51 - [TEST_STEP][PASSED] - FilingYear = findTestData(dataFile).getValue("Year", row): null

2023-11-01 16:04:52 - [TEST_STEP][PASSED] - feinSSN = findTestData(dataFile).getValue("FeinSsn", row): null

2023-11-01 16:04:52 - [TEST_STEP][PASSED] - if (ExecuteTC.equalsIgnoreCase("Y")): pages.WriteExcel.demoKey is PASSED

2023-11-01 16:04:52 - [TEST_STEP][PASSED] - out.println("Begin Record Number: " + row): null

2023-11-01 16:04:52 - [TEST_STEP][PASSED] - today = new java.util.Date(): null

2023-11-01 16:04:52 - [TEST_STEP][PASSED] - println(today): null

2023-11-01 16:04:52 - [TEST_STEP][PASSED] - datText = today: null

2023-11-01 16:04:52 - [TEST_STEP][PASSED] - logInfo("Payment Type: New Tax Return Amount Due"): Payment Type: New Tax Return Amount Due

2023-11-01 16:04:52 - [MESSAGE][INFO] - Payment Type: New Tax Return Amount Due

2023-11-01 16:04:52 - [TEST_STEP][PASSED] - logInfo("Tax Type: " + TaxType): Tax Type: PTE Non-Electing S Corp

2023-11-01 16:04:52 - [MESSAGE][INFO] - Tax Type: PTE Non-Electing S Corp

2023-11-01 16:04:52 - [TEST_STEP][PASSED] - openBrowser(""): Browser is opened with url: ''

2023-11-01 16:04:52 - [MESSAGE][WARNING] - A browser is already opened. Closing browser and opening a new one

2023-11-01 16:04:53 - [MESSAGE][INFO] - Starting 'Chrome' driver

2023-11-01 16:04:53 - [MESSAGE][INFO] - User set preference: ['acceptInsecureCerts', 'true']

2023-11-01 16:04:53 - [MESSAGE][INFO] - Action delay is set to 0 milliseconds

2023-11-01 16:04:54 - [MESSAGE][PASSED] - Browser is opened with url: ''

2023-11-01 16:04:54 - [TEST_STEP][PASSED] - maximizeWindow(): Current window maximized

2023-11-01 16:04:54 - [MESSAGE][PASSED] - Current window maximized

2023-11-01 16:04:54 - [TEST_STEP][PASSED] - navigateToUrl(RADurl): Navigate to 'https://qa2.velocitypayment.com/client/rad/index.html' successfully

2023-11-01 16:04:54 - [MESSAGE][PASSED] - Navigate to 'https://qa2.velocitypayment.com/client/rad/index.html' successfully

2023-11-01 16:04:54 - [TEST_STEP][PASSED] - selectOptionByLabel(findTestObject(orPath_Landing + "/dd_TaxType"), "New Tax Return Amount Due", false): All options with label 'New Tax Return Amount Due' are selected in object 'Object Repository/RAD_Pages/Landing_Page/dd_TaxType' 

2023-11-01 16:04:56 - [MESSAGE][PASSED] - All options with label 'New Tax Return Amount Due' are selected in object 'Object Repository/RAD_Pages/Landing_Page/dd_TaxType' 

2023-11-01 16:04:56 - [TEST_STEP][PASSED] - selectOptionByLabel(findTestObject("Object Repository/RAD_Pages/Landing_Page/select_NewTaxReturnAmountDue_TaxType"), TaxType, false): All options with label 'PTE Non-Electing S Corp' are selected in object 'Object Repository/RAD_Pages/Landing_Page/select_NewTaxReturnAmountDue_TaxType' 

2023-11-01 16:04:57 - [MESSAGE][PASSED] - All options with label 'PTE Non-Electing S Corp' are selected in object 'Object Repository/RAD_Pages/Landing_Page/select_NewTaxReturnAmountDue_TaxType' 

2023-11-01 16:04:57 - [TEST_STEP][PASSED] - selectOptionByLabel(findTestObject(orPath_TaxTypeFilingYear + "/select_FilingYear"), FilingYear, false): All options with label '2020' are selected in object 'Object Repository/RAD_Pages/TaxTypeFilingYear_Page/select_FilingYear' 

2023-11-01 16:04:58 - [MESSAGE][PASSED] - All options with label '2020' are selected in object 'Object Repository/RAD_Pages/TaxTypeFilingYear_Page/select_FilingYear' 

2023-11-01 16:04:58 - [TEST_STEP][PASSED] - setText(findTestObject(orPath_TaxPayer + "/input_businessName"), " "): Text ' ' is set on object 'Object Repository/RAD_Pages/Taxpayer_Page/input_businessName'

2023-11-01 16:04:59 - [MESSAGE][PASSED] - Text ' ' is set on object 'Object Repository/RAD_Pages/Taxpayer_Page/input_businessName'

2023-11-01 16:04:59 - [TEST_STEP][PASSED] - setText(findTestObject(orPath_TaxPayer + "/input_BusinessRepfirstName"), " "): Text ' ' is set on object 'Object Repository/RAD_Pages/Taxpayer_Page/input_BusinessRepfirstName'

2023-11-01 16:04:59 - [MESSAGE][PASSED] - Text ' ' is set on object 'Object Repository/RAD_Pages/Taxpayer_Page/input_BusinessRepfirstName'

2023-11-01 16:04:59 - [TEST_STEP][PASSED] - setText(findTestObject(orPath_TaxPayer + "/input_BusinessReplastName"), " "): Text ' ' is set on object 'Object Repository/RAD_Pages/Taxpayer_Page/input_BusinessReplastName'

2023-11-01 16:05:00 - [MESSAGE][PASSED] - Text ' ' is set on object 'Object Repository/RAD_Pages/Taxpayer_Page/input_BusinessReplastName'

2023-11-01 16:05:00 - [TEST_STEP][PASSED] - setText(findTestObject(orPath_AddressContact + "/input_streetAddress1"), " "): Text ' ' is set on object 'Object Repository/RAD_Pages/AddressAndContactInfo_Page/input_streetAddress1'

2023-11-01 16:05:01 - [MESSAGE][PASSED] - Text ' ' is set on object 'Object Repository/RAD_Pages/AddressAndContactInfo_Page/input_streetAddress1'

2023-11-01 16:05:01 - [TEST_STEP][PASSED] - setText(findTestObject(orPath_AddressContact + "/input_city"), " "): Text ' ' is set on object 'Object Repository/RAD_Pages/AddressAndContactInfo_Page/input_city'

2023-11-01 16:05:01 - [MESSAGE][PASSED] - Text ' ' is set on object 'Object Repository/RAD_Pages/AddressAndContactInfo_Page/input_city'

2023-11-01 16:05:01 - [TEST_STEP][PASSED] - setText(findTestObject(orPath_AddressContact + "/input_zipCode"), " "): Text ' ' is set on object 'Object Repository/RAD_Pages/AddressAndContactInfo_Page/input_zipCode'

2023-11-01 16:05:02 - [MESSAGE][PASSED] - Text ' ' is set on object 'Object Repository/RAD_Pages/AddressAndContactInfo_Page/input_zipCode'

2023-11-01 16:05:02 - [TEST_STEP][PASSED] - setText(findTestObject(orPath_AddressContact + "/input_phoneNumber"), " "): Text ' ' is set on object 'Object Repository/RAD_Pages/AddressAndContactInfo_Page/input_phoneNumber'

2023-11-01 16:05:03 - [MESSAGE][PASSED] - Text ' ' is set on object 'Object Repository/RAD_Pages/AddressAndContactInfo_Page/input_phoneNumber'

2023-11-01 16:05:03 - [TEST_STEP][PASSED] - setText(findTestObject(orPath_AddressContact + "/input_eMailAddress"), " "): Text ' ' is set on object 'Object Repository/RAD_Pages/AddressAndContactInfo_Page/input_eMailAddress'

2023-11-01 16:05:04 - [MESSAGE][PASSED] - Text ' ' is set on object 'Object Repository/RAD_Pages/AddressAndContactInfo_Page/input_eMailAddress'

2023-11-01 16:05:04 - [TEST_STEP][PASSED] - setText(findTestObject(orPath_AddressContact + "/input_reEnterEMailAddress"), " "): Text ' ' is set on object 'Object Repository/RAD_Pages/AddressAndContactInfo_Page/input_reEnterEMailAddress'

2023-11-01 16:05:04 - [MESSAGE][PASSED] - Text ' ' is set on object 'Object Repository/RAD_Pages/AddressAndContactInfo_Page/input_reEnterEMailAddress'

2023-11-01 16:05:04 - [TEST_STEP][PASSED] - resText = "Fail": null

2023-11-01 16:05:04 - [TEST_STEP][PASSED] - pages.WriteExcel.demoKey(resText, datText, resColumn, datCloumn, fileLoc, nameSheet, row): pages.WriteExcel.demoKey is PASSED

2023-11-01 16:05:05 - [MESSAGE][PASSED] - pages.WriteExcel.demoKey is PASSED

2023-11-01 16:05:05 - [TEST_STEP][PASSED] - verifyTextPresent("Enter business name", true, CONTINUE_ON_FAILURE): Text 'Enter business name' is present on page  using regular expression

2023-11-01 16:05:05 - [MESSAGE][PASSED] - Text 'Enter business name' is present on page  using regular expression

2023-11-01 16:05:05 - [TEST_STEP][PASSED] - verifyTextPresent("Enter business rep first name", true, CONTINUE_ON_FAILURE): Text 'Enter business rep first name' is present on page  using regular expression

2023-11-01 16:05:05 - [MESSAGE][PASSED] - Text 'Enter business rep first name' is present on page  using regular expression

2023-11-01 16:05:05 - [TEST_STEP][PASSED] - verifyTextPresent("Enter business rep last name", true, CONTINUE_ON_FAILURE): Text 'Enter business rep last name' is present on page  using regular expression

2023-11-01 16:05:06 - [MESSAGE][PASSED] - Text 'Enter business rep last name' is present on page  using regular expression

2023-11-01 16:05:06 - [TEST_STEP][PASSED] - verifyTextPresent("Enter address", true, CONTINUE_ON_FAILURE): Text 'Enter address' is present on page  using regular expression

2023-11-01 16:05:06 - [MESSAGE][PASSED] - Text 'Enter address' is present on page  using regular expression

2023-11-01 16:05:06 - [TEST_STEP][PASSED] - verifyTextPresent("Enter city", true, CONTINUE_ON_FAILURE): Text 'Enter city' is present on page  using regular expression

2023-11-01 16:05:07 - [MESSAGE][PASSED] - Text 'Enter city' is present on page  using regular expression

2023-11-01 16:05:07 - [TEST_STEP][PASSED] - verifyTextPresent("Enter ZIP code", true, CONTINUE_ON_FAILURE): Text 'Enter ZIP code' is present on page  using regular expression

2023-11-01 16:05:07 - [MESSAGE][PASSED] - Text 'Enter ZIP code' is present on page  using regular expression

2023-11-01 16:05:07 - [TEST_STEP][PASSED] - verifyTextPresent("Enter a valid phone number", true, CONTINUE_ON_FAILURE): Text 'Enter a valid phone number' is present on page  using regular expression

2023-11-01 16:05:07 - [MESSAGE][PASSED] - Text 'Enter a valid phone number' is present on page  using regular expression

2023-11-01 16:05:07 - [TEST_STEP][PASSED] - verifyTextPresent("Enter Email", true, CONTINUE_ON_FAILURE): Text 'Enter Email' is present on page  using regular expression

2023-11-01 16:05:08 - [MESSAGE][PASSED] - Text 'Enter Email' is present on page  using regular expression

2023-11-01 16:05:08 - [TEST_STEP][PASSED] - resText = "Pass": null

2023-11-01 16:05:08 - [TEST_STEP][PASSED] - pages.WriteExcel.demoKey(resText, datText, resColumn, datCloumn, fileLoc, nameSheet, row): pages.WriteExcel.demoKey is PASSED

2023-11-01 16:05:08 - [MESSAGE][PASSED] - pages.WriteExcel.demoKey is PASSED

2023-11-01 16:05:08 - [TEST_STEP][PASSED] - ExecuteTC = findTestData(dataFile).getValue("Execute", row): null

2023-11-01 16:05:08 - [TEST_STEP][PASSED] - TaxType = findTestData(dataFile).getValue("TaxType", row): null

2023-11-01 16:05:08 - [TEST_STEP][PASSED] - PaymentType = findTestData(dataFile).getValue("PaymentType", row): null

2023-11-01 16:05:08 - [TEST_STEP][PASSED] - FilingYear = findTestData(dataFile).getValue("Year", row): null

2023-11-01 16:05:08 - [TEST_STEP][PASSED] - feinSSN = findTestData(dataFile).getValue("FeinSsn", row): null

2023-11-01 16:05:08 - [TEST_STEP][PASSED] - if (ExecuteTC.equalsIgnoreCase("Y")): pages.WriteExcel.demoKey is PASSED

2023-11-01 16:05:08 - [TEST_STEP][PASSED] - out.println("Begin Record Number: " + row): null

2023-11-01 16:05:08 - [TEST_STEP][PASSED] - today = new java.util.Date(): null

2023-11-01 16:05:08 - [TEST_STEP][PASSED] - println(today): null

2023-11-01 16:05:08 - [TEST_STEP][PASSED] - datText = today: null

2023-11-01 16:05:08 - [TEST_STEP][PASSED] - logInfo("Payment Type: New Tax Return Amount Due"): Payment Type: New Tax Return Amount Due

2023-11-01 16:05:08 - [MESSAGE][INFO] - Payment Type: New Tax Return Amount Due

2023-11-01 16:05:08 - [TEST_STEP][PASSED] - logInfo("Tax Type: " + TaxType): Tax Type: PTE Tax Electing Non-S Corp

2023-11-01 16:05:08 - [MESSAGE][INFO] - Tax Type: PTE Tax Electing Non-S Corp

2023-11-01 16:05:08 - [TEST_STEP][PASSED] - openBrowser(""): Browser is opened with url: ''

2023-11-01 16:05:08 - [MESSAGE][WARNING] - A browser is already opened. Closing browser and opening a new one

2023-11-01 16:05:09 - [MESSAGE][INFO] - Starting 'Chrome' driver

2023-11-01 16:05:09 - [MESSAGE][INFO] - User set preference: ['acceptInsecureCerts', 'true']

2023-11-01 16:05:09 - [MESSAGE][INFO] - Action delay is set to 0 milliseconds

2023-11-01 16:05:10 - [MESSAGE][PASSED] - Browser is opened with url: ''

2023-11-01 16:05:10 - [TEST_STEP][PASSED] - maximizeWindow(): Current window maximized

2023-11-01 16:05:11 - [MESSAGE][PASSED] - Current window maximized

2023-11-01 16:05:11 - [TEST_STEP][PASSED] - navigateToUrl(RADurl): Navigate to 'https://qa2.velocitypayment.com/client/rad/index.html' successfully

2023-11-01 16:05:12 - [MESSAGE][PASSED] - Navigate to 'https://qa2.velocitypayment.com/client/rad/index.html' successfully

2023-11-01 16:05:12 - [TEST_STEP][PASSED] - selectOptionByLabel(findTestObject(orPath_Landing + "/dd_TaxType"), "New Tax Return Amount Due", false): All options with label 'New Tax Return Amount Due' are selected in object 'Object Repository/RAD_Pages/Landing_Page/dd_TaxType' 

2023-11-01 16:05:13 - [MESSAGE][PASSED] - All options with label 'New Tax Return Amount Due' are selected in object 'Object Repository/RAD_Pages/Landing_Page/dd_TaxType' 

2023-11-01 16:05:13 - [TEST_STEP][PASSED] - selectOptionByLabel(findTestObject("Object Repository/RAD_Pages/Landing_Page/select_NewTaxReturnAmountDue_TaxType"), TaxType, false): All options with label 'PTE Tax Electing Non-S Corp' are selected in object 'Object Repository/RAD_Pages/Landing_Page/select_NewTaxReturnAmountDue_TaxType' 

2023-11-01 16:05:14 - [MESSAGE][PASSED] - All options with label 'PTE Tax Electing Non-S Corp' are selected in object 'Object Repository/RAD_Pages/Landing_Page/select_NewTaxReturnAmountDue_TaxType' 

2023-11-01 16:05:14 - [TEST_STEP][PASSED] - selectOptionByLabel(findTestObject(orPath_TaxTypeFilingYear + "/select_FilingYear"), FilingYear, false): All options with label '2020' are selected in object 'Object Repository/RAD_Pages/TaxTypeFilingYear_Page/select_FilingYear' 

2023-11-01 16:05:14 - [MESSAGE][PASSED] - All options with label '2020' are selected in object 'Object Repository/RAD_Pages/TaxTypeFilingYear_Page/select_FilingYear' 

2023-11-01 16:05:14 - [TEST_STEP][PASSED] - setText(findTestObject(orPath_TaxPayer + "/input_businessName"), " "): Text ' ' is set on object 'Object Repository/RAD_Pages/Taxpayer_Page/input_businessName'

2023-11-01 16:05:15 - [MESSAGE][PASSED] - Text ' ' is set on object 'Object Repository/RAD_Pages/Taxpayer_Page/input_businessName'

2023-11-01 16:05:15 - [TEST_STEP][PASSED] - setText(findTestObject(orPath_TaxPayer + "/input_BusinessRepfirstName"), " "): Text ' ' is set on object 'Object Repository/RAD_Pages/Taxpayer_Page/input_BusinessRepfirstName'

2023-11-01 16:05:16 - [MESSAGE][PASSED] - Text ' ' is set on object 'Object Repository/RAD_Pages/Taxpayer_Page/input_BusinessRepfirstName'

2023-11-01 16:05:16 - [TEST_STEP][PASSED] - setText(findTestObject(orPath_TaxPayer + "/input_BusinessReplastName"), " "): Text ' ' is set on object 'Object Repository/RAD_Pages/Taxpayer_Page/input_BusinessReplastName'

2023-11-01 16:05:16 - [MESSAGE][PASSED] - Text ' ' is set on object 'Object Repository/RAD_Pages/Taxpayer_Page/input_BusinessReplastName'

2023-11-01 16:05:16 - [TEST_STEP][PASSED] - setText(findTestObject(orPath_AddressContact + "/input_streetAddress1"), " "): Text ' ' is set on object 'Object Repository/RAD_Pages/AddressAndContactInfo_Page/input_streetAddress1'

2023-11-01 16:05:17 - [MESSAGE][PASSED] - Text ' ' is set on object 'Object Repository/RAD_Pages/AddressAndContactInfo_Page/input_streetAddress1'

2023-11-01 16:05:17 - [TEST_STEP][PASSED] - setText(findTestObject(orPath_AddressContact + "/input_city"), " "): Text ' ' is set on object 'Object Repository/RAD_Pages/AddressAndContactInfo_Page/input_city'

2023-11-01 16:05:18 - [MESSAGE][PASSED] - Text ' ' is set on object 'Object Repository/RAD_Pages/AddressAndContactInfo_Page/input_city'

2023-11-01 16:05:18 - [TEST_STEP][PASSED] - setText(findTestObject(orPath_AddressContact + "/input_zipCode"), " "): Text ' ' is set on object 'Object Repository/RAD_Pages/AddressAndContactInfo_Page/input_zipCode'

2023-11-01 16:05:19 - [MESSAGE][PASSED] - Text ' ' is set on object 'Object Repository/RAD_Pages/AddressAndContactInfo_Page/input_zipCode'

2023-11-01 16:05:19 - [TEST_STEP][PASSED] - setText(findTestObject(orPath_AddressContact + "/input_phoneNumber"), " "): Text ' ' is set on object 'Object Repository/RAD_Pages/AddressAndContactInfo_Page/input_phoneNumber'

2023-11-01 16:05:19 - [MESSAGE][PASSED] - Text ' ' is set on object 'Object Repository/RAD_Pages/AddressAndContactInfo_Page/input_phoneNumber'

2023-11-01 16:05:19 - [TEST_STEP][PASSED] - setText(findTestObject(orPath_AddressContact + "/input_eMailAddress"), " "): Text ' ' is set on object 'Object Repository/RAD_Pages/AddressAndContactInfo_Page/input_eMailAddress'

2023-11-01 16:05:20 - [MESSAGE][PASSED] - Text ' ' is set on object 'Object Repository/RAD_Pages/AddressAndContactInfo_Page/input_eMailAddress'

2023-11-01 16:05:20 - [TEST_STEP][PASSED] - setText(findTestObject(orPath_AddressContact + "/input_reEnterEMailAddress"), " "): Text ' ' is set on object 'Object Repository/RAD_Pages/AddressAndContactInfo_Page/input_reEnterEMailAddress'

2023-11-01 16:05:21 - [MESSAGE][PASSED] - Text ' ' is set on object 'Object Repository/RAD_Pages/AddressAndContactInfo_Page/input_reEnterEMailAddress'

2023-11-01 16:05:21 - [TEST_STEP][PASSED] - resText = "Fail": null

2023-11-01 16:05:21 - [TEST_STEP][PASSED] - pages.WriteExcel.demoKey(resText, datText, resColumn, datCloumn, fileLoc, nameSheet, row): pages.WriteExcel.demoKey is PASSED

2023-11-01 16:05:21 - [MESSAGE][PASSED] - pages.WriteExcel.demoKey is PASSED

2023-11-01 16:05:21 - [TEST_STEP][PASSED] - verifyTextPresent("Enter business name", true, CONTINUE_ON_FAILURE): Text 'Enter business name' is present on page  using regular expression

2023-11-01 16:05:22 - [MESSAGE][PASSED] - Text 'Enter business name' is present on page  using regular expression

2023-11-01 16:05:22 - [TEST_STEP][PASSED] - verifyTextPresent("Enter business rep first name", true, CONTINUE_ON_FAILURE): Text 'Enter business rep first name' is present on page  using regular expression

2023-11-01 16:05:22 - [MESSAGE][PASSED] - Text 'Enter business rep first name' is present on page  using regular expression

2023-11-01 16:05:22 - [TEST_STEP][PASSED] - verifyTextPresent("Enter business rep last name", true, CONTINUE_ON_FAILURE): Text 'Enter business rep last name' is present on page  using regular expression

2023-11-01 16:05:22 - [MESSAGE][PASSED] - Text 'Enter business rep last name' is present on page  using regular expression

2023-11-01 16:05:22 - [TEST_STEP][PASSED] - verifyTextPresent("Enter address", true, CONTINUE_ON_FAILURE): Text 'Enter address' is present on page  using regular expression

2023-11-01 16:05:23 - [MESSAGE][PASSED] - Text 'Enter address' is present on page  using regular expression

2023-11-01 16:05:23 - [TEST_STEP][PASSED] - verifyTextPresent("Enter city", true, CONTINUE_ON_FAILURE): Text 'Enter city' is present on page  using regular expression

2023-11-01 16:05:23 - [MESSAGE][PASSED] - Text 'Enter city' is present on page  using regular expression

2023-11-01 16:05:23 - [TEST_STEP][PASSED] - verifyTextPresent("Enter ZIP code", true, CONTINUE_ON_FAILURE): Text 'Enter ZIP code' is present on page  using regular expression

2023-11-01 16:05:23 - [MESSAGE][PASSED] - Text 'Enter ZIP code' is present on page  using regular expression

2023-11-01 16:05:23 - [TEST_STEP][PASSED] - verifyTextPresent("Enter a valid phone number", true, CONTINUE_ON_FAILURE): Text 'Enter a valid phone number' is present on page  using regular expression

2023-11-01 16:05:24 - [MESSAGE][PASSED] - Text 'Enter a valid phone number' is present on page  using regular expression

2023-11-01 16:05:24 - [TEST_STEP][PASSED] - verifyTextPresent("Enter Email", true, CONTINUE_ON_FAILURE): Text 'Enter Email' is present on page  using regular expression

2023-11-01 16:05:24 - [MESSAGE][PASSED] - Text 'Enter Email' is present on page  using regular expression

2023-11-01 16:05:24 - [TEST_STEP][PASSED] - resText = "Pass": null

2023-11-01 16:05:24 - [TEST_STEP][PASSED] - pages.WriteExcel.demoKey(resText, datText, resColumn, datCloumn, fileLoc, nameSheet, row): pages.WriteExcel.demoKey is PASSED

2023-11-01 16:05:24 - [MESSAGE][PASSED] - pages.WriteExcel.demoKey is PASSED

2023-11-01 16:05:24 - [TEST_STEP][PASSED] - ExecuteTC = findTestData(dataFile).getValue("Execute", row): null

2023-11-01 16:05:24 - [TEST_STEP][PASSED] - TaxType = findTestData(dataFile).getValue("TaxType", row): null

2023-11-01 16:05:24 - [TEST_STEP][PASSED] - PaymentType = findTestData(dataFile).getValue("PaymentType", row): null

2023-11-01 16:05:24 - [TEST_STEP][PASSED] - FilingYear = findTestData(dataFile).getValue("Year", row): null

2023-11-01 16:05:24 - [TEST_STEP][PASSED] - feinSSN = findTestData(dataFile).getValue("FeinSsn", row): null

2023-11-01 16:05:24 - [TEST_STEP][PASSED] - if (ExecuteTC.equalsIgnoreCase("Y")): pages.WriteExcel.demoKey is PASSED

2023-11-01 16:05:24 - [TEST_STEP][PASSED] - out.println("Begin Record Number: " + row): null

2023-11-01 16:05:24 - [TEST_STEP][PASSED] - today = new java.util.Date(): null

2023-11-01 16:05:24 - [TEST_STEP][PASSED] - println(today): null

2023-11-01 16:05:24 - [TEST_STEP][PASSED] - datText = today: null

2023-11-01 16:05:24 - [TEST_STEP][PASSED] - logInfo("Payment Type: New Tax Return Amount Due"): Payment Type: New Tax Return Amount Due

2023-11-01 16:05:24 - [MESSAGE][INFO] - Payment Type: New Tax Return Amount Due

2023-11-01 16:05:24 - [TEST_STEP][PASSED] - logInfo("Tax Type: " + TaxType): Tax Type: PTE Tax Electing S Corp

2023-11-01 16:05:24 - [MESSAGE][INFO] - Tax Type: PTE Tax Electing S Corp

2023-11-01 16:05:24 - [TEST_STEP][PASSED] - openBrowser(""): Browser is opened with url: ''

2023-11-01 16:05:24 - [MESSAGE][WARNING] - A browser is already opened. Closing browser and opening a new one

2023-11-01 16:05:25 - [MESSAGE][INFO] - Starting 'Chrome' driver

2023-11-01 16:05:25 - [MESSAGE][INFO] - User set preference: ['acceptInsecureCerts', 'true']

2023-11-01 16:05:25 - [MESSAGE][INFO] - Action delay is set to 0 milliseconds

2023-11-01 16:05:27 - [MESSAGE][PASSED] - Browser is opened with url: ''

2023-11-01 16:05:27 - [TEST_STEP][PASSED] - maximizeWindow(): Current window maximized

2023-11-01 16:05:27 - [MESSAGE][PASSED] - Current window maximized

2023-11-01 16:05:27 - [TEST_STEP][PASSED] - navigateToUrl(RADurl): Navigate to 'https://qa2.velocitypayment.com/client/rad/index.html' successfully

2023-11-01 16:05:29 - [MESSAGE][PASSED] - Navigate to 'https://qa2.velocitypayment.com/client/rad/index.html' successfully

2023-11-01 16:05:29 - [TEST_STEP][PASSED] - selectOptionByLabel(findTestObject(orPath_Landing + "/dd_TaxType"), "New Tax Return Amount Due", false): All options with label 'New Tax Return Amount Due' are selected in object 'Object Repository/RAD_Pages/Landing_Page/dd_TaxType' 

2023-11-01 16:05:30 - [MESSAGE][PASSED] - All options with label 'New Tax Return Amount Due' are selected in object 'Object Repository/RAD_Pages/Landing_Page/dd_TaxType' 

2023-11-01 16:05:30 - [TEST_STEP][PASSED] - selectOptionByLabel(findTestObject("Object Repository/RAD_Pages/Landing_Page/select_NewTaxReturnAmountDue_TaxType"), TaxType, false): All options with label 'PTE Tax Electing S Corp' are selected in object 'Object Repository/RAD_Pages/Landing_Page/select_NewTaxReturnAmountDue_TaxType' 

2023-11-01 16:05:30 - [MESSAGE][PASSED] - All options with label 'PTE Tax Electing S Corp' are selected in object 'Object Repository/RAD_Pages/Landing_Page/select_NewTaxReturnAmountDue_TaxType' 

2023-11-01 16:05:30 - [TEST_STEP][PASSED] - selectOptionByLabel(findTestObject(orPath_TaxTypeFilingYear + "/select_FilingYear"), FilingYear, false): All options with label '2020' are selected in object 'Object Repository/RAD_Pages/TaxTypeFilingYear_Page/select_FilingYear' 

2023-11-01 16:05:31 - [MESSAGE][PASSED] - All options with label '2020' are selected in object 'Object Repository/RAD_Pages/TaxTypeFilingYear_Page/select_FilingYear' 

2023-11-01 16:05:31 - [TEST_STEP][PASSED] - setText(findTestObject(orPath_TaxPayer + "/input_businessName"), " "): Text ' ' is set on object 'Object Repository/RAD_Pages/Taxpayer_Page/input_businessName'

2023-11-01 16:05:32 - [MESSAGE][PASSED] - Text ' ' is set on object 'Object Repository/RAD_Pages/Taxpayer_Page/input_businessName'

2023-11-01 16:05:32 - [TEST_STEP][PASSED] - setText(findTestObject(orPath_TaxPayer + "/input_BusinessRepfirstName"), " "): Text ' ' is set on object 'Object Repository/RAD_Pages/Taxpayer_Page/input_BusinessRepfirstName'

2023-11-01 16:05:32 - [MESSAGE][PASSED] - Text ' ' is set on object 'Object Repository/RAD_Pages/Taxpayer_Page/input_BusinessRepfirstName'

2023-11-01 16:05:32 - [TEST_STEP][PASSED] - setText(findTestObject(orPath_TaxPayer + "/input_BusinessReplastName"), " "): Text ' ' is set on object 'Object Repository/RAD_Pages/Taxpayer_Page/input_BusinessReplastName'

2023-11-01 16:05:33 - [MESSAGE][PASSED] - Text ' ' is set on object 'Object Repository/RAD_Pages/Taxpayer_Page/input_BusinessReplastName'

2023-11-01 16:05:33 - [TEST_STEP][PASSED] - setText(findTestObject(orPath_AddressContact + "/input_streetAddress1"), " "): Text ' ' is set on object 'Object Repository/RAD_Pages/AddressAndContactInfo_Page/input_streetAddress1'

2023-11-01 16:05:34 - [MESSAGE][PASSED] - Text ' ' is set on object 'Object Repository/RAD_Pages/AddressAndContactInfo_Page/input_streetAddress1'

2023-11-01 16:05:34 - [TEST_STEP][PASSED] - setText(findTestObject(orPath_AddressContact + "/input_city"), " "): Text ' ' is set on object 'Object Repository/RAD_Pages/AddressAndContactInfo_Page/input_city'

2023-11-01 16:05:34 - [MESSAGE][PASSED] - Text ' ' is set on object 'Object Repository/RAD_Pages/AddressAndContactInfo_Page/input_city'

2023-11-01 16:05:34 - [TEST_STEP][PASSED] - setText(findTestObject(orPath_AddressContact + "/input_zipCode"), " "): Text ' ' is set on object 'Object Repository/RAD_Pages/AddressAndContactInfo_Page/input_zipCode'

2023-11-01 16:05:35 - [MESSAGE][PASSED] - Text ' ' is set on object 'Object Repository/RAD_Pages/AddressAndContactInfo_Page/input_zipCode'

2023-11-01 16:05:35 - [TEST_STEP][PASSED] - setText(findTestObject(orPath_AddressContact + "/input_phoneNumber"), " "): Text ' ' is set on object 'Object Repository/RAD_Pages/AddressAndContactInfo_Page/input_phoneNumber'

2023-11-01 16:05:36 - [MESSAGE][PASSED] - Text ' ' is set on object 'Object Repository/RAD_Pages/AddressAndContactInfo_Page/input_phoneNumber'

2023-11-01 16:05:36 - [TEST_STEP][PASSED] - setText(findTestObject(orPath_AddressContact + "/input_eMailAddress"), " "): Text ' ' is set on object 'Object Repository/RAD_Pages/AddressAndContactInfo_Page/input_eMailAddress'

2023-11-01 16:05:37 - [MESSAGE][PASSED] - Text ' ' is set on object 'Object Repository/RAD_Pages/AddressAndContactInfo_Page/input_eMailAddress'

2023-11-01 16:05:37 - [TEST_STEP][PASSED] - setText(findTestObject(orPath_AddressContact + "/input_reEnterEMailAddress"), " "): Text ' ' is set on object 'Object Repository/RAD_Pages/AddressAndContactInfo_Page/input_reEnterEMailAddress'

2023-11-01 16:05:37 - [MESSAGE][PASSED] - Text ' ' is set on object 'Object Repository/RAD_Pages/AddressAndContactInfo_Page/input_reEnterEMailAddress'

2023-11-01 16:05:37 - [TEST_STEP][PASSED] - resText = "Fail": null

2023-11-01 16:05:37 - [TEST_STEP][PASSED] - pages.WriteExcel.demoKey(resText, datText, resColumn, datCloumn, fileLoc, nameSheet, row): pages.WriteExcel.demoKey is PASSED

2023-11-01 16:05:38 - [MESSAGE][PASSED] - pages.WriteExcel.demoKey is PASSED

2023-11-01 16:05:38 - [TEST_STEP][PASSED] - verifyTextPresent("Enter business name", true, CONTINUE_ON_FAILURE): Text 'Enter business name' is present on page  using regular expression

2023-11-01 16:05:38 - [MESSAGE][PASSED] - Text 'Enter business name' is present on page  using regular expression

2023-11-01 16:05:38 - [TEST_STEP][PASSED] - verifyTextPresent("Enter business rep first name", true, CONTINUE_ON_FAILURE): Text 'Enter business rep first name' is present on page  using regular expression

2023-11-01 16:05:38 - [MESSAGE][PASSED] - Text 'Enter business rep first name' is present on page  using regular expression

2023-11-01 16:05:38 - [TEST_STEP][PASSED] - verifyTextPresent("Enter business rep last name", true, CONTINUE_ON_FAILURE): Text 'Enter business rep last name' is present on page  using regular expression

2023-11-01 16:05:39 - [MESSAGE][PASSED] - Text 'Enter business rep last name' is present on page  using regular expression

2023-11-01 16:05:39 - [TEST_STEP][PASSED] - verifyTextPresent("Enter address", true, CONTINUE_ON_FAILURE): Text 'Enter address' is present on page  using regular expression

2023-11-01 16:05:39 - [MESSAGE][PASSED] - Text 'Enter address' is present on page  using regular expression

2023-11-01 16:05:39 - [TEST_STEP][PASSED] - verifyTextPresent("Enter city", true, CONTINUE_ON_FAILURE): Text 'Enter city' is present on page  using regular expression

2023-11-01 16:05:39 - [MESSAGE][PASSED] - Text 'Enter city' is present on page  using regular expression

2023-11-01 16:05:39 - [TEST_STEP][PASSED] - verifyTextPresent("Enter ZIP code", true, CONTINUE_ON_FAILURE): Text 'Enter ZIP code' is present on page  using regular expression

2023-11-01 16:05:40 - [MESSAGE][PASSED] - Text 'Enter ZIP code' is present on page  using regular expression

2023-11-01 16:05:40 - [TEST_STEP][PASSED] - verifyTextPresent("Enter a valid phone number", true, CONTINUE_ON_FAILURE): Text 'Enter a valid phone number' is present on page  using regular expression

2023-11-01 16:05:40 - [MESSAGE][PASSED] - Text 'Enter a valid phone number' is present on page  using regular expression

2023-11-01 16:05:40 - [TEST_STEP][PASSED] - verifyTextPresent("Enter Email", true, CONTINUE_ON_FAILURE): Text 'Enter Email' is present on page  using regular expression

2023-11-01 16:05:41 - [MESSAGE][PASSED] - Text 'Enter Email' is present on page  using regular expression

2023-11-01 16:05:41 - [TEST_STEP][PASSED] - resText = "Pass": null

2023-11-01 16:05:41 - [TEST_STEP][PASSED] - pages.WriteExcel.demoKey(resText, datText, resColumn, datCloumn, fileLoc, nameSheet, row): pages.WriteExcel.demoKey is PASSED

2023-11-01 16:05:41 - [MESSAGE][PASSED] - pages.WriteExcel.demoKey is PASSED]]></system-out>
         <system-err><![CDATA[]]></system-err>
      </testcase>
      <testcase name="Test Cases/RAD_TestCases/MRF_TestCases/Personal_EL_MRF_TC" time="19.471" classname="Test Cases/RAD_TestCases/MRF_TestCases/Personal_EL_MRF_TC" status="PASSED">
         <system-out><![CDATA[2023-11-01 16:05:41 - [TEST_CASE][PASSED] - Test Cases/RAD_TestCases/MRF_TestCases/Personal_EL_MRF_TC: Test Cases/RAD_TestCases/MRF_TestCases/Personal_EL_MRF_TC

2023-11-01 16:05:41 - [TEST_STEP][PASSED] - resText = "Fail": null

2023-11-01 16:05:41 - [TEST_STEP][PASSED] - resColumn = "Result": null

2023-11-01 16:05:41 - [TEST_STEP][PASSED] - datCloumn = "Date": null

2023-11-01 16:05:41 - [TEST_STEP][PASSED] - fileLoc = "KatalonData/RADTestData/MRF.xlsx": null

2023-11-01 16:05:41 - [TEST_STEP][PASSED] - nameSheet = "Personal_EL": null

2023-11-01 16:05:41 - [TEST_STEP][PASSED] - dataFile = "RADTestData/MRF_Personal_EL": null

2023-11-01 16:05:41 - [TEST_STEP][PASSED] - orPath_Landing = "Object Repository/RAD_Pages/Landing_Page": null

2023-11-01 16:05:41 - [TEST_STEP][PASSED] - orPath_TaxTypeFilingYear = "Object Repository/RAD_Pages/TaxTypeFilingYear_Page": null

2023-11-01 16:05:41 - [TEST_STEP][PASSED] - orPath_Amount = "Object Repository/RAD_Pages/PaymentAmount_Page": null

2023-11-01 16:05:41 - [TEST_STEP][PASSED] - orPath_AddressContact = "Object Repository/RAD_Pages/AddressAndContactInfo_Page": null

2023-11-01 16:05:41 - [TEST_STEP][PASSED] - orPath_Summary = "Object Repository/RAD_Pages/Summary_Page": null

2023-11-01 16:05:41 - [TEST_STEP][PASSED] - orPath_PaymentConfirmation = "Object Repository/RAD_Pages/PaymentConfirmation_Page": null

2023-11-01 16:05:41 - [TEST_STEP][PASSED] - orPath_ServiceFeesAccept = "Object Repository/RAD_Pages/ServiceFeeAccept_Page": null

2023-11-01 16:05:41 - [TEST_STEP][PASSED] - orPath_PaymentEntry = "Object Repository/RAD_Pages/PaymentEntry_Page": null

2023-11-01 16:05:41 - [TEST_STEP][PASSED] - orPath_TaxPayer = "Object Repository/RAD_Pages/Taxpayer_Page": null

2023-11-01 16:05:41 - [TEST_STEP][PASSED] - orPath_TaxInfo = "Object Repository/RAD_Pages/TaxInfo_Page": null

2023-11-01 16:05:41 - [TEST_STEP][PASSED] - ExecuteTC = <not implemented yet for class: org.codehaus.groovy.ast.expr.EmptyExpression>: null

2023-11-01 16:05:41 - [TEST_STEP][PASSED] - TaxType = <not implemented yet for class: org.codehaus.groovy.ast.expr.EmptyExpression>: null

2023-11-01 16:05:41 - [TEST_STEP][PASSED] - PaymentType = <not implemented yet for class: org.codehaus.groovy.ast.expr.EmptyExpression>: null

2023-11-01 16:05:41 - [TEST_STEP][PASSED] - FilingYear = <not implemented yet for class: org.codehaus.groovy.ast.expr.EmptyExpression>: null

2023-11-01 16:05:41 - [TEST_STEP][PASSED] - PeriodEndingMonth = <not implemented yet for class: org.codehaus.groovy.ast.expr.EmptyExpression>: null

2023-11-01 16:05:41 - [TEST_STEP][PASSED] - executionProfile = getExecutionProfile(): null

2023-11-01 16:05:41 - [TEST_STEP][PASSED] - numOfRows = findTestData(dataFile).getRowNumbers(): null

2023-11-01 16:05:41 - [TEST_STEP][PASSED] - println("Number of Records: " + numOfRows): null

2023-11-01 16:05:41 - [TEST_STEP][PASSED] - for ([row = 1, row <= numOfRows, (row++)]): pages.WriteExcel.demoKey is PASSED

2023-11-01 16:05:41 - [TEST_STEP][PASSED] - ExecuteTC = findTestData(dataFile).getValue("Execute", row): null

2023-11-01 16:05:41 - [TEST_STEP][PASSED] - TaxType = findTestData(dataFile).getValue("TaxType", row): null

2023-11-01 16:05:41 - [TEST_STEP][PASSED] - PaymentType = findTestData(dataFile).getValue("PaymentType", row): null

2023-11-01 16:05:41 - [TEST_STEP][PASSED] - if (ExecuteTC.equalsIgnoreCase("Y")): pages.WriteExcel.demoKey is PASSED

2023-11-01 16:05:41 - [TEST_STEP][PASSED] - out.println("Begin Record Number: " + row): null

2023-11-01 16:05:41 - [TEST_STEP][PASSED] - today = new java.util.Date(): null

2023-11-01 16:05:41 - [TEST_STEP][PASSED] - println(today): null

2023-11-01 16:05:41 - [TEST_STEP][PASSED] - datText = today: null

2023-11-01 16:05:41 - [TEST_STEP][PASSED] - logInfo("Payment Type: " + PaymentType): Payment Type: Existing Liability w/Notice Number

2023-11-01 16:05:41 - [MESSAGE][INFO] - Payment Type: Existing Liability w/Notice Number

2023-11-01 16:05:41 - [TEST_STEP][PASSED] - logInfo("Tax Type: " + TaxType): Tax Type: Personal Income Tax

2023-11-01 16:05:41 - [MESSAGE][INFO] - Tax Type: Personal Income Tax

2023-11-01 16:05:41 - [TEST_STEP][PASSED] - openBrowser(""): Browser is opened with url: ''

2023-11-01 16:05:41 - [MESSAGE][WARNING] - A browser is already opened. Closing browser and opening a new one

2023-11-01 16:05:42 - [MESSAGE][INFO] - Starting 'Chrome' driver

2023-11-01 16:05:42 - [MESSAGE][INFO] - User set preference: ['acceptInsecureCerts', 'true']

2023-11-01 16:05:42 - [MESSAGE][INFO] - Action delay is set to 0 milliseconds

2023-11-01 16:05:44 - [MESSAGE][PASSED] - Browser is opened with url: ''

2023-11-01 16:05:44 - [TEST_STEP][PASSED] - maximizeWindow(): Current window maximized

2023-11-01 16:05:44 - [MESSAGE][PASSED] - Current window maximized

2023-11-01 16:05:44 - [TEST_STEP][PASSED] - navigateToUrl(RADurl): Navigate to 'https://qa2.velocitypayment.com/client/rad/index.html' successfully

2023-11-01 16:05:46 - [MESSAGE][PASSED] - Navigate to 'https://qa2.velocitypayment.com/client/rad/index.html' successfully

2023-11-01 16:05:46 - [TEST_STEP][PASSED] - selectOptionByLabel(findTestObject(orPath_Landing + "/dd_TaxType"), PaymentType, false): All options with label 'Existing Liability w/Notice Number' are selected in object 'Object Repository/RAD_Pages/Landing_Page/dd_TaxType' 

2023-11-01 16:05:46 - [MESSAGE][PASSED] - All options with label 'Existing Liability w/Notice Number' are selected in object 'Object Repository/RAD_Pages/Landing_Page/dd_TaxType' 

2023-11-01 16:05:46 - [TEST_STEP][PASSED] - selectOptionByLabel(findTestObject(orPath_TaxTypeFilingYear + "/select_TaxType_ExistingLiability"), TaxType, false): All options with label 'Personal Income Tax' are selected in object 'Object Repository/RAD_Pages/TaxTypeFilingYear_Page/select_TaxType_ExistingLiability' 

2023-11-01 16:05:47 - [MESSAGE][PASSED] - All options with label 'Personal Income Tax' are selected in object 'Object Repository/RAD_Pages/TaxTypeFilingYear_Page/select_TaxType_ExistingLiability' 

2023-11-01 16:05:47 - [TEST_STEP][PASSED] - setText(findTestObject(orPath_TaxPayer + "/input_firstName"), " "): Text ' ' is set on object 'Object Repository/RAD_Pages/Taxpayer_Page/input_firstName'

2023-11-01 16:05:48 - [MESSAGE][PASSED] - Text ' ' is set on object 'Object Repository/RAD_Pages/Taxpayer_Page/input_firstName'

2023-11-01 16:05:48 - [TEST_STEP][PASSED] - setText(findTestObject(orPath_TaxPayer + "/input_lastName"), " "): Text ' ' is set on object 'Object Repository/RAD_Pages/Taxpayer_Page/input_lastName'

2023-11-01 16:05:49 - [MESSAGE][PASSED] - Text ' ' is set on object 'Object Repository/RAD_Pages/Taxpayer_Page/input_lastName'

2023-11-01 16:05:49 - [TEST_STEP][PASSED] - setText(findTestObject(orPath_AddressContact + "/input_streetAddress1"), " "): Text ' ' is set on object 'Object Repository/RAD_Pages/AddressAndContactInfo_Page/input_streetAddress1'

2023-11-01 16:05:49 - [MESSAGE][PASSED] - Text ' ' is set on object 'Object Repository/RAD_Pages/AddressAndContactInfo_Page/input_streetAddress1'

2023-11-01 16:05:49 - [TEST_STEP][PASSED] - setText(findTestObject(orPath_AddressContact + "/input_city"), " "): Text ' ' is set on object 'Object Repository/RAD_Pages/AddressAndContactInfo_Page/input_city'

2023-11-01 16:05:50 - [MESSAGE][PASSED] - Text ' ' is set on object 'Object Repository/RAD_Pages/AddressAndContactInfo_Page/input_city'

2023-11-01 16:05:50 - [TEST_STEP][PASSED] - setText(findTestObject(orPath_AddressContact + "/input_zipCode"), " "): Text ' ' is set on object 'Object Repository/RAD_Pages/AddressAndContactInfo_Page/input_zipCode'

2023-11-01 16:05:51 - [MESSAGE][PASSED] - Text ' ' is set on object 'Object Repository/RAD_Pages/AddressAndContactInfo_Page/input_zipCode'

2023-11-01 16:05:51 - [TEST_STEP][PASSED] - setText(findTestObject(orPath_AddressContact + "/input_phoneNumber"), " "): Text ' ' is set on object 'Object Repository/RAD_Pages/AddressAndContactInfo_Page/input_phoneNumber'

2023-11-01 16:05:51 - [MESSAGE][PASSED] - Text ' ' is set on object 'Object Repository/RAD_Pages/AddressAndContactInfo_Page/input_phoneNumber'

2023-11-01 16:05:51 - [TEST_STEP][PASSED] - setText(findTestObject(orPath_AddressContact + "/input_eMailAddress"), " "): Text ' ' is set on object 'Object Repository/RAD_Pages/AddressAndContactInfo_Page/input_eMailAddress'

2023-11-01 16:05:52 - [MESSAGE][PASSED] - Text ' ' is set on object 'Object Repository/RAD_Pages/AddressAndContactInfo_Page/input_eMailAddress'

2023-11-01 16:05:52 - [TEST_STEP][PASSED] - setText(findTestObject(orPath_AddressContact + "/input_reEnterEMailAddress"), " "): Text ' ' is set on object 'Object Repository/RAD_Pages/AddressAndContactInfo_Page/input_reEnterEMailAddress'

2023-11-01 16:05:53 - [MESSAGE][PASSED] - Text ' ' is set on object 'Object Repository/RAD_Pages/AddressAndContactInfo_Page/input_reEnterEMailAddress'

2023-11-01 16:05:53 - [TEST_STEP][PASSED] - setText(findTestObject(orPath_TaxInfo + "/input_TaxInfo_ExisitingSSN"), " "): Text ' ' is set on object 'Object Repository/RAD_Pages/TaxInfo_Page/input_TaxInfo_ExisitingSSN'

2023-11-01 16:05:54 - [MESSAGE][PASSED] - Text ' ' is set on object 'Object Repository/RAD_Pages/TaxInfo_Page/input_TaxInfo_ExisitingSSN'

2023-11-01 16:05:54 - [TEST_STEP][PASSED] - setText(findTestObject(orPath_TaxInfo + "/input_TaxInfo_reTaxTypeExisitingSSN"), " "): Text ' ' is set on object 'Object Repository/RAD_Pages/TaxInfo_Page/input_TaxInfo_reTaxTypeExisitingSSN'

2023-11-01 16:05:54 - [MESSAGE][PASSED] - Text ' ' is set on object 'Object Repository/RAD_Pages/TaxInfo_Page/input_TaxInfo_reTaxTypeExisitingSSN'

2023-11-01 16:05:54 - [TEST_STEP][PASSED] - setText(findTestObject(orPath_TaxInfo + "/input_NoticeInvoiceNumber"), " "): Text ' ' is set on object 'Object Repository/RAD_Pages/TaxInfo_Page/input_NoticeInvoiceNumber'

2023-11-01 16:05:55 - [MESSAGE][PASSED] - Text ' ' is set on object 'Object Repository/RAD_Pages/TaxInfo_Page/input_NoticeInvoiceNumber'

2023-11-01 16:05:55 - [TEST_STEP][PASSED] - setText(findTestObject(orPath_TaxInfo + "/input_reTypeNoticeInvoiceNumber"), " "): Text ' ' is set on object 'Object Repository/RAD_Pages/TaxInfo_Page/input_reTypeNoticeInvoiceNumber'

2023-11-01 16:05:56 - [MESSAGE][PASSED] - Text ' ' is set on object 'Object Repository/RAD_Pages/TaxInfo_Page/input_reTypeNoticeInvoiceNumber'

2023-11-01 16:05:56 - [TEST_STEP][PASSED] - resText = "Fail": null

2023-11-01 16:05:56 - [TEST_STEP][PASSED] - pages.WriteExcel.demoKey(resText, datText, resColumn, datCloumn, fileLoc, nameSheet, row): pages.WriteExcel.demoKey is PASSED

2023-11-01 16:05:56 - [MESSAGE][PASSED] - pages.WriteExcel.demoKey is PASSED

2023-11-01 16:05:56 - [TEST_STEP][PASSED] - verifyTextPresent("Enter first name", true, CONTINUE_ON_FAILURE): Text 'Enter first name' is present on page  using regular expression

2023-11-01 16:05:57 - [MESSAGE][PASSED] - Text 'Enter first name' is present on page  using regular expression

2023-11-01 16:05:57 - [TEST_STEP][PASSED] - verifyTextPresent("Enter last name", true, CONTINUE_ON_FAILURE): Text 'Enter last name' is present on page  using regular expression

2023-11-01 16:05:57 - [MESSAGE][PASSED] - Text 'Enter last name' is present on page  using regular expression

2023-11-01 16:05:57 - [TEST_STEP][PASSED] - verifyTextPresent("Enter address", true, CONTINUE_ON_FAILURE): Text 'Enter address' is present on page  using regular expression

2023-11-01 16:05:57 - [MESSAGE][PASSED] - Text 'Enter address' is present on page  using regular expression

2023-11-01 16:05:57 - [TEST_STEP][PASSED] - verifyTextPresent("Enter city", true, CONTINUE_ON_FAILURE): Text 'Enter city' is present on page  using regular expression

2023-11-01 16:05:58 - [MESSAGE][PASSED] - Text 'Enter city' is present on page  using regular expression

2023-11-01 16:05:58 - [TEST_STEP][PASSED] - verifyTextPresent("Enter ZIP code", true, CONTINUE_ON_FAILURE): Text 'Enter ZIP code' is present on page  using regular expression

2023-11-01 16:05:58 - [MESSAGE][PASSED] - Text 'Enter ZIP code' is present on page  using regular expression

2023-11-01 16:05:58 - [TEST_STEP][PASSED] - verifyTextPresent("Enter a valid phone number", true, CONTINUE_ON_FAILURE): Text 'Enter a valid phone number' is present on page  using regular expression

2023-11-01 16:05:59 - [MESSAGE][PASSED] - Text 'Enter a valid phone number' is present on page  using regular expression

2023-11-01 16:05:59 - [TEST_STEP][PASSED] - verifyTextPresent("Enter Email", true, CONTINUE_ON_FAILURE): Text 'Enter Email' is present on page  using regular expression

2023-11-01 16:05:59 - [MESSAGE][PASSED] - Text 'Enter Email' is present on page  using regular expression

2023-11-01 16:05:59 - [TEST_STEP][PASSED] - verifyTextPresent("Please enter a valid SSN with 9 digits", true, CONTINUE_ON_FAILURE): Text 'Please enter a valid SSN with 9 digits' is present on page  using regular expression

2023-11-01 16:05:59 - [MESSAGE][PASSED] - Text 'Please enter a valid SSN with 9 digits' is present on page  using regular expression

2023-11-01 16:05:59 - [TEST_STEP][PASSED] - verifyTextPresent("Re-type SSN Validation Error", true, CONTINUE_ON_FAILURE): Text 'Re-type SSN Validation Error' is present on page  using regular expression

2023-11-01 16:06:00 - [MESSAGE][PASSED] - Text 'Re-type SSN Validation Error' is present on page  using regular expression

2023-11-01 16:06:00 - [TEST_STEP][PASSED] - verifyTextPresent("Notice number length has to be 13 numeric characters", true, CONTINUE_ON_FAILURE): Text 'Notice number length has to be 13 numeric characters' is present on page  using regular expression

2023-11-01 16:06:00 - [MESSAGE][PASSED] - Text 'Notice number length has to be 13 numeric characters' is present on page  using regular expression

2023-11-01 16:06:00 - [TEST_STEP][PASSED] - resText = "Pass": null

2023-11-01 16:06:00 - [TEST_STEP][PASSED] - pages.WriteExcel.demoKey(resText, datText, resColumn, datCloumn, fileLoc, nameSheet, row): pages.WriteExcel.demoKey is PASSED

2023-11-01 16:06:00 - [MESSAGE][PASSED] - pages.WriteExcel.demoKey is PASSED]]></system-out>
         <system-err><![CDATA[]]></system-err>
      </testcase>
      <testcase name="Test Cases/RAD_TestCases/MRF_TestCases/Personal_Individual_MRF_TC" time="88.122" classname="Test Cases/RAD_TestCases/MRF_TestCases/Personal_Individual_MRF_TC" status="PASSED">
         <system-out><![CDATA[2023-11-01 16:06:00 - [TEST_CASE][PASSED] - Test Cases/RAD_TestCases/MRF_TestCases/Personal_Individual_MRF_TC: Test Cases/RAD_TestCases/MRF_TestCases/Personal_Individual_MRF_TC

2023-11-01 16:06:01 - [TEST_STEP][PASSED] - resText = "Fail": null

2023-11-01 16:06:01 - [TEST_STEP][PASSED] - resColumn = "Result": null

2023-11-01 16:06:01 - [TEST_STEP][PASSED] - datCloumn = "Date": null

2023-11-01 16:06:01 - [TEST_STEP][PASSED] - fileLoc = "KatalonData/RADTestData/MRF.xlsx": null

2023-11-01 16:06:01 - [TEST_STEP][PASSED] - nameSheet = "Personal_IND": null

2023-11-01 16:06:01 - [TEST_STEP][PASSED] - dataFile = "RADTestData/MRF_Personal_IND": null

2023-11-01 16:06:01 - [TEST_STEP][PASSED] - orPath_Landing = "Object Repository/RAD_Pages/Landing_Page": null

2023-11-01 16:06:01 - [TEST_STEP][PASSED] - orPath_TaxTypeFilingYear = "Object Repository/RAD_Pages/TaxTypeFilingYear_Page": null

2023-11-01 16:06:01 - [TEST_STEP][PASSED] - orPath_Amount = "Object Repository/RAD_Pages/PaymentAmount_Page": null

2023-11-01 16:06:01 - [TEST_STEP][PASSED] - orPath_AddressContact = "Object Repository/RAD_Pages/AddressAndContactInfo_Page": null

2023-11-01 16:06:01 - [TEST_STEP][PASSED] - orPath_Summary = "Object Repository/RAD_Pages/Summary_Page": null

2023-11-01 16:06:01 - [TEST_STEP][PASSED] - orPath_PaymentConfirmation = "Object Repository/RAD_Pages/PaymentConfirmation_Page": null

2023-11-01 16:06:01 - [TEST_STEP][PASSED] - orPath_ServiceFeesAccept = "Object Repository/RAD_Pages/ServiceFeeAccept_Page": null

2023-11-01 16:06:01 - [TEST_STEP][PASSED] - orPath_PaymentEntry = "Object Repository/RAD_Pages/PaymentEntry_Page": null

2023-11-01 16:06:01 - [TEST_STEP][PASSED] - orPath_TaxPayer = "Object Repository/RAD_Pages/Taxpayer_Page": null

2023-11-01 16:06:01 - [TEST_STEP][PASSED] - ExecuteTC = <not implemented yet for class: org.codehaus.groovy.ast.expr.EmptyExpression>: null

2023-11-01 16:06:01 - [TEST_STEP][PASSED] - TaxType = <not implemented yet for class: org.codehaus.groovy.ast.expr.EmptyExpression>: null

2023-11-01 16:06:01 - [TEST_STEP][PASSED] - PaymentType = <not implemented yet for class: org.codehaus.groovy.ast.expr.EmptyExpression>: null

2023-11-01 16:06:01 - [TEST_STEP][PASSED] - FilingYear = <not implemented yet for class: org.codehaus.groovy.ast.expr.EmptyExpression>: null

2023-11-01 16:06:01 - [TEST_STEP][PASSED] - PeriodEndingMonth = <not implemented yet for class: org.codehaus.groovy.ast.expr.EmptyExpression>: null

2023-11-01 16:06:01 - [TEST_STEP][PASSED] - executionProfile = getExecutionProfile(): null

2023-11-01 16:06:01 - [TEST_STEP][PASSED] - numOfRows = findTestData(dataFile).getRowNumbers(): null

2023-11-01 16:06:01 - [TEST_STEP][PASSED] - println("Number of Records: " + numOfRows): null

2023-11-01 16:06:01 - [TEST_STEP][PASSED] - for ([row = 1, row <= numOfRows, (row++)]): pages.WriteExcel.demoKey is PASSED

2023-11-01 16:06:01 - [TEST_STEP][PASSED] - ExecuteTC = findTestData(dataFile).getValue("Execute", row): null

2023-11-01 16:06:01 - [TEST_STEP][PASSED] - TaxType = findTestData(dataFile).getValue("TaxType", row): null

2023-11-01 16:06:01 - [TEST_STEP][PASSED] - PaymentType = findTestData(dataFile).getValue("PaymentType", row): null

2023-11-01 16:06:01 - [TEST_STEP][PASSED] - FilingYear = findTestData(dataFile).getValue("Year", row): null

2023-11-01 16:06:01 - [TEST_STEP][PASSED] - if (ExecuteTC.equalsIgnoreCase("Y")): pages.WriteExcel.demoKey is PASSED

2023-11-01 16:06:01 - [TEST_STEP][PASSED] - out.println("Begin Record Number: " + row): null

2023-11-01 16:06:01 - [TEST_STEP][PASSED] - today = new java.util.Date(): null

2023-11-01 16:06:01 - [TEST_STEP][PASSED] - println(today): null

2023-11-01 16:06:01 - [TEST_STEP][PASSED] - datText = today: null

2023-11-01 16:06:01 - [TEST_STEP][PASSED] - logInfo("Payment Type: " + PaymentType): Payment Type: Quarterly Estimated Tax

2023-11-01 16:06:01 - [MESSAGE][INFO] - Payment Type: Quarterly Estimated Tax

2023-11-01 16:06:01 - [TEST_STEP][PASSED] - logInfo("Tax Type: " + TaxType): Tax Type: Personal Income Tax

2023-11-01 16:06:01 - [MESSAGE][INFO] - Tax Type: Personal Income Tax

2023-11-01 16:06:01 - [TEST_STEP][PASSED] - openBrowser(""): Browser is opened with url: ''

2023-11-01 16:06:01 - [MESSAGE][WARNING] - A browser is already opened. Closing browser and opening a new one

2023-11-01 16:06:02 - [MESSAGE][INFO] - Starting 'Chrome' driver

2023-11-01 16:06:02 - [MESSAGE][INFO] - User set preference: ['acceptInsecureCerts', 'true']

2023-11-01 16:06:03 - [MESSAGE][INFO] - Action delay is set to 0 milliseconds

2023-11-01 16:06:04 - [MESSAGE][PASSED] - Browser is opened with url: ''

2023-11-01 16:06:04 - [TEST_STEP][PASSED] - maximizeWindow(): Current window maximized

2023-11-01 16:06:04 - [MESSAGE][PASSED] - Current window maximized

2023-11-01 16:06:04 - [TEST_STEP][PASSED] - navigateToUrl(RADurl): Navigate to 'https://qa2.velocitypayment.com/client/rad/index.html' successfully

2023-11-01 16:06:06 - [MESSAGE][PASSED] - Navigate to 'https://qa2.velocitypayment.com/client/rad/index.html' successfully

2023-11-01 16:06:06 - [TEST_STEP][PASSED] - selectOptionByLabel(findTestObject(orPath_Landing + "/dd_TaxType"), PaymentType, false): All options with label 'Quarterly Estimated Tax' are selected in object 'Object Repository/RAD_Pages/Landing_Page/dd_TaxType' 

2023-11-01 16:06:06 - [MESSAGE][PASSED] - All options with label 'Quarterly Estimated Tax' are selected in object 'Object Repository/RAD_Pages/Landing_Page/dd_TaxType' 

2023-11-01 16:06:06 - [TEST_STEP][PASSED] - switch (PaymentType): null

2023-11-01 16:06:06 - [TEST_STEP][PASSED] - case "Quarterly Estimated Tax":: null

2023-11-01 16:06:06 - [TEST_STEP][PASSED] - selectOptionByLabel(findTestObject(orPath_TaxTypeFilingYear + "/select_PaymentType"), TaxType, false): All options with label 'Personal Income Tax' are selected in object 'Object Repository/RAD_Pages/TaxTypeFilingYear_Page/select_PaymentType' 

2023-11-01 16:06:07 - [MESSAGE][PASSED] - All options with label 'Personal Income Tax' are selected in object 'Object Repository/RAD_Pages/TaxTypeFilingYear_Page/select_PaymentType' 

2023-11-01 16:06:07 - [TEST_STEP][PASSED] - break: null

2023-11-01 16:06:07 - [TEST_STEP][PASSED] - if (!(FilingYear.isEmpty())): All options with label '2023' are selected in object 'Object Repository/RAD_Pages/TaxTypeFilingYear_Page/select_FilingYear' 

2023-11-01 16:06:07 - [TEST_STEP][PASSED] - selectOptionByLabel(findTestObject(orPath_TaxTypeFilingYear + "/select_FilingYear"), FilingYear, false): All options with label '2023' are selected in object 'Object Repository/RAD_Pages/TaxTypeFilingYear_Page/select_FilingYear' 

2023-11-01 16:06:08 - [MESSAGE][PASSED] - All options with label '2023' are selected in object 'Object Repository/RAD_Pages/TaxTypeFilingYear_Page/select_FilingYear' 

2023-11-01 16:06:08 - [TEST_STEP][PASSED] - setText(findTestObject(orPath_TaxPayer + "/input_firstName"), " "): Text ' ' is set on object 'Object Repository/RAD_Pages/Taxpayer_Page/input_firstName'

2023-11-01 16:06:09 - [MESSAGE][PASSED] - Text ' ' is set on object 'Object Repository/RAD_Pages/Taxpayer_Page/input_firstName'

2023-11-01 16:06:09 - [TEST_STEP][PASSED] - setText(findTestObject(orPath_TaxPayer + "/input_lastName"), " "): Text ' ' is set on object 'Object Repository/RAD_Pages/Taxpayer_Page/input_lastName'

2023-11-01 16:06:09 - [MESSAGE][PASSED] - Text ' ' is set on object 'Object Repository/RAD_Pages/Taxpayer_Page/input_lastName'

2023-11-01 16:06:09 - [TEST_STEP][PASSED] - setText(findTestObject("RAD_RecordAndPlay/input_concatSSN"), " "): Text ' ' is set on object 'Object Repository/RAD_RecordAndPlay/input_concatSSN'

2023-11-01 16:06:10 - [MESSAGE][PASSED] - Text ' ' is set on object 'Object Repository/RAD_RecordAndPlay/input_concatSSN'

2023-11-01 16:06:10 - [TEST_STEP][PASSED] - setText(findTestObject("RAD_RecordAndPlay/input_concatReSSN"), " "): Text ' ' is set on object 'Object Repository/RAD_RecordAndPlay/input_concatReSSN'

2023-11-01 16:06:10 - [MESSAGE][PASSED] - Text ' ' is set on object 'Object Repository/RAD_RecordAndPlay/input_concatReSSN'

2023-11-01 16:06:10 - [TEST_STEP][PASSED] - setText(findTestObject(orPath_AddressContact + "/input_streetAddress1"), " "): Text ' ' is set on object 'Object Repository/RAD_Pages/AddressAndContactInfo_Page/input_streetAddress1'

2023-11-01 16:06:11 - [MESSAGE][PASSED] - Text ' ' is set on object 'Object Repository/RAD_Pages/AddressAndContactInfo_Page/input_streetAddress1'

2023-11-01 16:06:11 - [TEST_STEP][PASSED] - setText(findTestObject(orPath_AddressContact + "/input_city"), " "): Text ' ' is set on object 'Object Repository/RAD_Pages/AddressAndContactInfo_Page/input_city'

2023-11-01 16:06:12 - [MESSAGE][PASSED] - Text ' ' is set on object 'Object Repository/RAD_Pages/AddressAndContactInfo_Page/input_city'

2023-11-01 16:06:12 - [TEST_STEP][PASSED] - setText(findTestObject(orPath_AddressContact + "/input_zipCode"), " "): Text ' ' is set on object 'Object Repository/RAD_Pages/AddressAndContactInfo_Page/input_zipCode'

2023-11-01 16:06:13 - [MESSAGE][PASSED] - Text ' ' is set on object 'Object Repository/RAD_Pages/AddressAndContactInfo_Page/input_zipCode'

2023-11-01 16:06:13 - [TEST_STEP][PASSED] - setText(findTestObject(orPath_AddressContact + "/input_phoneNumber"), " "): Text ' ' is set on object 'Object Repository/RAD_Pages/AddressAndContactInfo_Page/input_phoneNumber'

2023-11-01 16:06:13 - [MESSAGE][PASSED] - Text ' ' is set on object 'Object Repository/RAD_Pages/AddressAndContactInfo_Page/input_phoneNumber'

2023-11-01 16:06:13 - [TEST_STEP][PASSED] - setText(findTestObject(orPath_AddressContact + "/input_eMailAddress"), " "): Text ' ' is set on object 'Object Repository/RAD_Pages/AddressAndContactInfo_Page/input_eMailAddress'

2023-11-01 16:06:14 - [MESSAGE][PASSED] - Text ' ' is set on object 'Object Repository/RAD_Pages/AddressAndContactInfo_Page/input_eMailAddress'

2023-11-01 16:06:14 - [TEST_STEP][PASSED] - setText(findTestObject(orPath_AddressContact + "/input_reEnterEMailAddress"), " "): Text ' ' is set on object 'Object Repository/RAD_Pages/AddressAndContactInfo_Page/input_reEnterEMailAddress'

2023-11-01 16:06:15 - [MESSAGE][PASSED] - Text ' ' is set on object 'Object Repository/RAD_Pages/AddressAndContactInfo_Page/input_reEnterEMailAddress'

2023-11-01 16:06:15 - [TEST_STEP][PASSED] - resText = "Fail": null

2023-11-01 16:06:15 - [TEST_STEP][PASSED] - pages.WriteExcel.demoKey(resText, datText, resColumn, datCloumn, fileLoc, nameSheet, row): pages.WriteExcel.demoKey is PASSED

2023-11-01 16:06:15 - [MESSAGE][PASSED] - pages.WriteExcel.demoKey is PASSED

2023-11-01 16:06:15 - [TEST_STEP][PASSED] - verifyTextPresent("Enter first name", true, CONTINUE_ON_FAILURE): Text 'Enter first name' is present on page  using regular expression

2023-11-01 16:06:16 - [MESSAGE][PASSED] - Text 'Enter first name' is present on page  using regular expression

2023-11-01 16:06:16 - [TEST_STEP][PASSED] - verifyTextPresent("Enter last name", true, CONTINUE_ON_FAILURE): Text 'Enter last name' is present on page  using regular expression

2023-11-01 16:06:16 - [MESSAGE][PASSED] - Text 'Enter last name' is present on page  using regular expression

2023-11-01 16:06:16 - [TEST_STEP][PASSED] - verifyTextPresent("Please enter a valid SSN with 9 digits", true, CONTINUE_ON_FAILURE): Text 'Please enter a valid SSN with 9 digits' is present on page  using regular expression

2023-11-01 16:06:16 - [MESSAGE][PASSED] - Text 'Please enter a valid SSN with 9 digits' is present on page  using regular expression

2023-11-01 16:06:16 - [TEST_STEP][PASSED] - verifyTextPresent("Re-type SSN Validation Error", true, CONTINUE_ON_FAILURE): Text 'Re-type SSN Validation Error' is present on page  using regular expression

2023-11-01 16:06:17 - [MESSAGE][PASSED] - Text 'Re-type SSN Validation Error' is present on page  using regular expression

2023-11-01 16:06:17 - [TEST_STEP][PASSED] - verifyTextPresent("Enter address", true, CONTINUE_ON_FAILURE): Text 'Enter address' is present on page  using regular expression

2023-11-01 16:06:17 - [MESSAGE][PASSED] - Text 'Enter address' is present on page  using regular expression

2023-11-01 16:06:17 - [TEST_STEP][PASSED] - verifyTextPresent("Enter city", true, CONTINUE_ON_FAILURE): Text 'Enter city' is present on page  using regular expression

2023-11-01 16:06:17 - [MESSAGE][PASSED] - Text 'Enter city' is present on page  using regular expression

2023-11-01 16:06:17 - [TEST_STEP][PASSED] - verifyTextPresent("Enter ZIP code", true, CONTINUE_ON_FAILURE): Text 'Enter ZIP code' is present on page  using regular expression

2023-11-01 16:06:18 - [MESSAGE][PASSED] - Text 'Enter ZIP code' is present on page  using regular expression

2023-11-01 16:06:18 - [TEST_STEP][PASSED] - verifyTextPresent("Enter a valid phone number", true, CONTINUE_ON_FAILURE): Text 'Enter a valid phone number' is present on page  using regular expression

2023-11-01 16:06:18 - [MESSAGE][PASSED] - Text 'Enter a valid phone number' is present on page  using regular expression

2023-11-01 16:06:18 - [TEST_STEP][PASSED] - verifyTextPresent("Enter Email", true, CONTINUE_ON_FAILURE): Text 'Enter Email' is present on page  using regular expression

2023-11-01 16:06:18 - [MESSAGE][PASSED] - Text 'Enter Email' is present on page  using regular expression

2023-11-01 16:06:18 - [TEST_STEP][PASSED] - resText = "Pass": null

2023-11-01 16:06:18 - [TEST_STEP][PASSED] - pages.WriteExcel.demoKey(resText, datText, resColumn, datCloumn, fileLoc, nameSheet, row): pages.WriteExcel.demoKey is PASSED

2023-11-01 16:06:19 - [MESSAGE][PASSED] - pages.WriteExcel.demoKey is PASSED

2023-11-01 16:06:19 - [TEST_STEP][PASSED] - ExecuteTC = findTestData(dataFile).getValue("Execute", row): null

2023-11-01 16:06:19 - [TEST_STEP][PASSED] - TaxType = findTestData(dataFile).getValue("TaxType", row): null

2023-11-01 16:06:19 - [TEST_STEP][PASSED] - PaymentType = findTestData(dataFile).getValue("PaymentType", row): null

2023-11-01 16:06:19 - [TEST_STEP][PASSED] - FilingYear = findTestData(dataFile).getValue("Year", row): null

2023-11-01 16:06:19 - [TEST_STEP][PASSED] - if (ExecuteTC.equalsIgnoreCase("Y")): pages.WriteExcel.demoKey is PASSED

2023-11-01 16:06:19 - [TEST_STEP][PASSED] - out.println("Begin Record Number: " + row): null

2023-11-01 16:06:19 - [TEST_STEP][PASSED] - today = new java.util.Date(): null

2023-11-01 16:06:19 - [TEST_STEP][PASSED] - println(today): null

2023-11-01 16:06:19 - [TEST_STEP][PASSED] - datText = today: null

2023-11-01 16:06:19 - [TEST_STEP][PASSED] - logInfo("Payment Type: " + PaymentType): Payment Type: Extension Payments

2023-11-01 16:06:19 - [MESSAGE][INFO] - Payment Type: Extension Payments

2023-11-01 16:06:19 - [TEST_STEP][PASSED] - logInfo("Tax Type: " + TaxType): Tax Type: Personal Income Tax

2023-11-01 16:06:19 - [MESSAGE][INFO] - Tax Type: Personal Income Tax

2023-11-01 16:06:19 - [TEST_STEP][PASSED] - openBrowser(""): Browser is opened with url: ''

2023-11-01 16:06:19 - [MESSAGE][WARNING] - A browser is already opened. Closing browser and opening a new one

2023-11-01 16:06:20 - [MESSAGE][INFO] - Starting 'Chrome' driver

2023-11-01 16:06:20 - [MESSAGE][INFO] - User set preference: ['acceptInsecureCerts', 'true']

2023-11-01 16:06:20 - [MESSAGE][INFO] - Action delay is set to 0 milliseconds

2023-11-01 16:06:21 - [MESSAGE][PASSED] - Browser is opened with url: ''

2023-11-01 16:06:21 - [TEST_STEP][PASSED] - maximizeWindow(): Current window maximized

2023-11-01 16:06:21 - [MESSAGE][PASSED] - Current window maximized

2023-11-01 16:06:21 - [TEST_STEP][PASSED] - navigateToUrl(RADurl): Navigate to 'https://qa2.velocitypayment.com/client/rad/index.html' successfully

2023-11-01 16:06:22 - [MESSAGE][PASSED] - Navigate to 'https://qa2.velocitypayment.com/client/rad/index.html' successfully

2023-11-01 16:06:22 - [TEST_STEP][PASSED] - selectOptionByLabel(findTestObject(orPath_Landing + "/dd_TaxType"), PaymentType, false): All options with label 'Extension Payments' are selected in object 'Object Repository/RAD_Pages/Landing_Page/dd_TaxType' 

2023-11-01 16:06:24 - [MESSAGE][PASSED] - All options with label 'Extension Payments' are selected in object 'Object Repository/RAD_Pages/Landing_Page/dd_TaxType' 

2023-11-01 16:06:24 - [TEST_STEP][PASSED] - switch (PaymentType): null

2023-11-01 16:06:24 - [TEST_STEP][PASSED] - case "Extension Payments":: null

2023-11-01 16:06:24 - [TEST_STEP][PASSED] - selectOptionByLabel(findTestObject(orPath_TaxTypeFilingYear + "/select_PaymentType"), TaxType, false): All options with label 'Personal Income Tax' are selected in object 'Object Repository/RAD_Pages/TaxTypeFilingYear_Page/select_PaymentType' 

2023-11-01 16:06:24 - [MESSAGE][PASSED] - All options with label 'Personal Income Tax' are selected in object 'Object Repository/RAD_Pages/TaxTypeFilingYear_Page/select_PaymentType' 

2023-11-01 16:06:24 - [TEST_STEP][PASSED] - break: null

2023-11-01 16:06:24 - [TEST_STEP][PASSED] - if (!(FilingYear.isEmpty())): All options with label '2022' are selected in object 'Object Repository/RAD_Pages/TaxTypeFilingYear_Page/select_FilingYear' 

2023-11-01 16:06:24 - [TEST_STEP][PASSED] - selectOptionByLabel(findTestObject(orPath_TaxTypeFilingYear + "/select_FilingYear"), FilingYear, false): All options with label '2022' are selected in object 'Object Repository/RAD_Pages/TaxTypeFilingYear_Page/select_FilingYear' 

2023-11-01 16:06:25 - [MESSAGE][PASSED] - All options with label '2022' are selected in object 'Object Repository/RAD_Pages/TaxTypeFilingYear_Page/select_FilingYear' 

2023-11-01 16:06:25 - [TEST_STEP][PASSED] - setText(findTestObject(orPath_TaxPayer + "/input_firstName"), " "): Text ' ' is set on object 'Object Repository/RAD_Pages/Taxpayer_Page/input_firstName'

2023-11-01 16:06:26 - [MESSAGE][PASSED] - Text ' ' is set on object 'Object Repository/RAD_Pages/Taxpayer_Page/input_firstName'

2023-11-01 16:06:26 - [TEST_STEP][PASSED] - setText(findTestObject(orPath_TaxPayer + "/input_lastName"), " "): Text ' ' is set on object 'Object Repository/RAD_Pages/Taxpayer_Page/input_lastName'

2023-11-01 16:06:26 - [MESSAGE][PASSED] - Text ' ' is set on object 'Object Repository/RAD_Pages/Taxpayer_Page/input_lastName'

2023-11-01 16:06:26 - [TEST_STEP][PASSED] - setText(findTestObject("RAD_RecordAndPlay/input_concatSSN"), " "): Text ' ' is set on object 'Object Repository/RAD_RecordAndPlay/input_concatSSN'

2023-11-01 16:06:27 - [MESSAGE][PASSED] - Text ' ' is set on object 'Object Repository/RAD_RecordAndPlay/input_concatSSN'

2023-11-01 16:06:27 - [TEST_STEP][PASSED] - setText(findTestObject("RAD_RecordAndPlay/input_concatReSSN"), " "): Text ' ' is set on object 'Object Repository/RAD_RecordAndPlay/input_concatReSSN'

2023-11-01 16:06:27 - [MESSAGE][PASSED] - Text ' ' is set on object 'Object Repository/RAD_RecordAndPlay/input_concatReSSN'

2023-11-01 16:06:27 - [TEST_STEP][PASSED] - setText(findTestObject(orPath_AddressContact + "/input_streetAddress1"), " "): Text ' ' is set on object 'Object Repository/RAD_Pages/AddressAndContactInfo_Page/input_streetAddress1'

2023-11-01 16:06:28 - [MESSAGE][PASSED] - Text ' ' is set on object 'Object Repository/RAD_Pages/AddressAndContactInfo_Page/input_streetAddress1'

2023-11-01 16:06:28 - [TEST_STEP][PASSED] - setText(findTestObject(orPath_AddressContact + "/input_city"), " "): Text ' ' is set on object 'Object Repository/RAD_Pages/AddressAndContactInfo_Page/input_city'

2023-11-01 16:06:29 - [MESSAGE][PASSED] - Text ' ' is set on object 'Object Repository/RAD_Pages/AddressAndContactInfo_Page/input_city'

2023-11-01 16:06:29 - [TEST_STEP][PASSED] - setText(findTestObject(orPath_AddressContact + "/input_zipCode"), " "): Text ' ' is set on object 'Object Repository/RAD_Pages/AddressAndContactInfo_Page/input_zipCode'

2023-11-01 16:06:30 - [MESSAGE][PASSED] - Text ' ' is set on object 'Object Repository/RAD_Pages/AddressAndContactInfo_Page/input_zipCode'

2023-11-01 16:06:30 - [TEST_STEP][PASSED] - setText(findTestObject(orPath_AddressContact + "/input_phoneNumber"), " "): Text ' ' is set on object 'Object Repository/RAD_Pages/AddressAndContactInfo_Page/input_phoneNumber'

2023-11-01 16:06:30 - [MESSAGE][PASSED] - Text ' ' is set on object 'Object Repository/RAD_Pages/AddressAndContactInfo_Page/input_phoneNumber'

2023-11-01 16:06:30 - [TEST_STEP][PASSED] - setText(findTestObject(orPath_AddressContact + "/input_eMailAddress"), " "): Text ' ' is set on object 'Object Repository/RAD_Pages/AddressAndContactInfo_Page/input_eMailAddress'

2023-11-01 16:06:31 - [MESSAGE][PASSED] - Text ' ' is set on object 'Object Repository/RAD_Pages/AddressAndContactInfo_Page/input_eMailAddress'

2023-11-01 16:06:31 - [TEST_STEP][PASSED] - setText(findTestObject(orPath_AddressContact + "/input_reEnterEMailAddress"), " "): Text ' ' is set on object 'Object Repository/RAD_Pages/AddressAndContactInfo_Page/input_reEnterEMailAddress'

2023-11-01 16:06:32 - [MESSAGE][PASSED] - Text ' ' is set on object 'Object Repository/RAD_Pages/AddressAndContactInfo_Page/input_reEnterEMailAddress'

2023-11-01 16:06:32 - [TEST_STEP][PASSED] - resText = "Fail": null

2023-11-01 16:06:32 - [TEST_STEP][PASSED] - pages.WriteExcel.demoKey(resText, datText, resColumn, datCloumn, fileLoc, nameSheet, row): pages.WriteExcel.demoKey is PASSED

2023-11-01 16:06:32 - [MESSAGE][PASSED] - pages.WriteExcel.demoKey is PASSED

2023-11-01 16:06:32 - [TEST_STEP][PASSED] - verifyTextPresent("Enter first name", true, CONTINUE_ON_FAILURE): Text 'Enter first name' is present on page  using regular expression

2023-11-01 16:06:32 - [MESSAGE][PASSED] - Text 'Enter first name' is present on page  using regular expression

2023-11-01 16:06:32 - [TEST_STEP][PASSED] - verifyTextPresent("Enter last name", true, CONTINUE_ON_FAILURE): Text 'Enter last name' is present on page  using regular expression

2023-11-01 16:06:33 - [MESSAGE][PASSED] - Text 'Enter last name' is present on page  using regular expression

2023-11-01 16:06:33 - [TEST_STEP][PASSED] - verifyTextPresent("Please enter a valid SSN with 9 digits", true, CONTINUE_ON_FAILURE): Text 'Please enter a valid SSN with 9 digits' is present on page  using regular expression

2023-11-01 16:06:33 - [MESSAGE][PASSED] - Text 'Please enter a valid SSN with 9 digits' is present on page  using regular expression

2023-11-01 16:06:33 - [TEST_STEP][PASSED] - verifyTextPresent("Re-type SSN Validation Error", true, CONTINUE_ON_FAILURE): Text 'Re-type SSN Validation Error' is present on page  using regular expression

2023-11-01 16:06:34 - [MESSAGE][PASSED] - Text 'Re-type SSN Validation Error' is present on page  using regular expression

2023-11-01 16:06:34 - [TEST_STEP][PASSED] - verifyTextPresent("Enter address", true, CONTINUE_ON_FAILURE): Text 'Enter address' is present on page  using regular expression

2023-11-01 16:06:34 - [MESSAGE][PASSED] - Text 'Enter address' is present on page  using regular expression

2023-11-01 16:06:34 - [TEST_STEP][PASSED] - verifyTextPresent("Enter city", true, CONTINUE_ON_FAILURE): Text 'Enter city' is present on page  using regular expression

2023-11-01 16:06:34 - [MESSAGE][PASSED] - Text 'Enter city' is present on page  using regular expression

2023-11-01 16:06:34 - [TEST_STEP][PASSED] - verifyTextPresent("Enter ZIP code", true, CONTINUE_ON_FAILURE): Text 'Enter ZIP code' is present on page  using regular expression

2023-11-01 16:06:35 - [MESSAGE][PASSED] - Text 'Enter ZIP code' is present on page  using regular expression

2023-11-01 16:06:35 - [TEST_STEP][PASSED] - verifyTextPresent("Enter a valid phone number", true, CONTINUE_ON_FAILURE): Text 'Enter a valid phone number' is present on page  using regular expression

2023-11-01 16:06:35 - [MESSAGE][PASSED] - Text 'Enter a valid phone number' is present on page  using regular expression

2023-11-01 16:06:35 - [TEST_STEP][PASSED] - verifyTextPresent("Enter Email", true, CONTINUE_ON_FAILURE): Text 'Enter Email' is present on page  using regular expression

2023-11-01 16:06:35 - [MESSAGE][PASSED] - Text 'Enter Email' is present on page  using regular expression

2023-11-01 16:06:35 - [TEST_STEP][PASSED] - resText = "Pass": null

2023-11-01 16:06:35 - [TEST_STEP][PASSED] - pages.WriteExcel.demoKey(resText, datText, resColumn, datCloumn, fileLoc, nameSheet, row): pages.WriteExcel.demoKey is PASSED

2023-11-01 16:06:35 - [MESSAGE][PASSED] - pages.WriteExcel.demoKey is PASSED

2023-11-01 16:06:35 - [TEST_STEP][PASSED] - ExecuteTC = findTestData(dataFile).getValue("Execute", row): null

2023-11-01 16:06:35 - [TEST_STEP][PASSED] - TaxType = findTestData(dataFile).getValue("TaxType", row): null

2023-11-01 16:06:36 - [TEST_STEP][PASSED] - PaymentType = findTestData(dataFile).getValue("PaymentType", row): null

2023-11-01 16:06:36 - [TEST_STEP][PASSED] - FilingYear = findTestData(dataFile).getValue("Year", row): null

2023-11-01 16:06:36 - [TEST_STEP][PASSED] - if (ExecuteTC.equalsIgnoreCase("Y")): pages.WriteExcel.demoKey is PASSED

2023-11-01 16:06:36 - [TEST_STEP][PASSED] - out.println("Begin Record Number: " + row): null

2023-11-01 16:06:36 - [TEST_STEP][PASSED] - today = new java.util.Date(): null

2023-11-01 16:06:36 - [TEST_STEP][PASSED] - println(today): null

2023-11-01 16:06:36 - [TEST_STEP][PASSED] - datText = today: null

2023-11-01 16:06:36 - [TEST_STEP][PASSED] - logInfo("Payment Type: " + PaymentType): Payment Type: New Tax Return Amount Due

2023-11-01 16:06:36 - [MESSAGE][INFO] - Payment Type: New Tax Return Amount Due

2023-11-01 16:06:36 - [TEST_STEP][PASSED] - logInfo("Tax Type: " + TaxType): Tax Type: Personal Income Tax

2023-11-01 16:06:36 - [MESSAGE][INFO] - Tax Type: Personal Income Tax

2023-11-01 16:06:36 - [TEST_STEP][PASSED] - openBrowser(""): Browser is opened with url: ''

2023-11-01 16:06:36 - [MESSAGE][WARNING] - A browser is already opened. Closing browser and opening a new one

2023-11-01 16:06:37 - [MESSAGE][INFO] - Starting 'Chrome' driver

2023-11-01 16:06:37 - [MESSAGE][INFO] - User set preference: ['acceptInsecureCerts', 'true']

2023-11-01 16:06:37 - [MESSAGE][INFO] - Action delay is set to 0 milliseconds

2023-11-01 16:06:38 - [MESSAGE][PASSED] - Browser is opened with url: ''

2023-11-01 16:06:38 - [TEST_STEP][PASSED] - maximizeWindow(): Current window maximized

2023-11-01 16:06:38 - [MESSAGE][PASSED] - Current window maximized

2023-11-01 16:06:38 - [TEST_STEP][PASSED] - navigateToUrl(RADurl): Navigate to 'https://qa2.velocitypayment.com/client/rad/index.html' successfully

2023-11-01 16:06:38 - [MESSAGE][PASSED] - Navigate to 'https://qa2.velocitypayment.com/client/rad/index.html' successfully

2023-11-01 16:06:38 - [TEST_STEP][PASSED] - selectOptionByLabel(findTestObject(orPath_Landing + "/dd_TaxType"), PaymentType, false): All options with label 'New Tax Return Amount Due' are selected in object 'Object Repository/RAD_Pages/Landing_Page/dd_TaxType' 

2023-11-01 16:06:41 - [MESSAGE][PASSED] - All options with label 'New Tax Return Amount Due' are selected in object 'Object Repository/RAD_Pages/Landing_Page/dd_TaxType' 

2023-11-01 16:06:41 - [TEST_STEP][PASSED] - switch (PaymentType): null

2023-11-01 16:06:41 - [TEST_STEP][PASSED] - case "New Tax Return Amount Due":: null

2023-11-01 16:06:41 - [TEST_STEP][PASSED] - selectOptionByLabel(findTestObject("Object Repository/RAD_Pages/Landing_Page/select_NewTaxReturnAmountDue_TaxType"), TaxType, false): All options with label 'Personal Income Tax' are selected in object 'Object Repository/RAD_Pages/Landing_Page/select_NewTaxReturnAmountDue_TaxType' 

2023-11-01 16:06:41 - [MESSAGE][PASSED] - All options with label 'Personal Income Tax' are selected in object 'Object Repository/RAD_Pages/Landing_Page/select_NewTaxReturnAmountDue_TaxType' 

2023-11-01 16:06:41 - [TEST_STEP][PASSED] - break: null

2023-11-01 16:06:41 - [TEST_STEP][PASSED] - if (!(FilingYear.isEmpty())): All options with label '2022' are selected in object 'Object Repository/RAD_Pages/TaxTypeFilingYear_Page/select_FilingYear' 

2023-11-01 16:06:41 - [TEST_STEP][PASSED] - selectOptionByLabel(findTestObject(orPath_TaxTypeFilingYear + "/select_FilingYear"), FilingYear, false): All options with label '2022' are selected in object 'Object Repository/RAD_Pages/TaxTypeFilingYear_Page/select_FilingYear' 

2023-11-01 16:06:42 - [MESSAGE][PASSED] - All options with label '2022' are selected in object 'Object Repository/RAD_Pages/TaxTypeFilingYear_Page/select_FilingYear' 

2023-11-01 16:06:42 - [TEST_STEP][PASSED] - setText(findTestObject(orPath_TaxPayer + "/input_firstName"), " "): Text ' ' is set on object 'Object Repository/RAD_Pages/Taxpayer_Page/input_firstName'

2023-11-01 16:06:43 - [MESSAGE][PASSED] - Text ' ' is set on object 'Object Repository/RAD_Pages/Taxpayer_Page/input_firstName'

2023-11-01 16:06:43 - [TEST_STEP][PASSED] - setText(findTestObject(orPath_TaxPayer + "/input_lastName"), " "): Text ' ' is set on object 'Object Repository/RAD_Pages/Taxpayer_Page/input_lastName'

2023-11-01 16:06:43 - [MESSAGE][PASSED] - Text ' ' is set on object 'Object Repository/RAD_Pages/Taxpayer_Page/input_lastName'

2023-11-01 16:06:43 - [TEST_STEP][PASSED] - setText(findTestObject("RAD_RecordAndPlay/input_concatSSN"), " "): Text ' ' is set on object 'Object Repository/RAD_RecordAndPlay/input_concatSSN'

2023-11-01 16:06:44 - [MESSAGE][PASSED] - Text ' ' is set on object 'Object Repository/RAD_RecordAndPlay/input_concatSSN'

2023-11-01 16:06:44 - [TEST_STEP][PASSED] - setText(findTestObject("RAD_RecordAndPlay/input_concatReSSN"), " "): Text ' ' is set on object 'Object Repository/RAD_RecordAndPlay/input_concatReSSN'

2023-11-01 16:06:45 - [MESSAGE][PASSED] - Text ' ' is set on object 'Object Repository/RAD_RecordAndPlay/input_concatReSSN'

2023-11-01 16:06:45 - [TEST_STEP][PASSED] - setText(findTestObject(orPath_AddressContact + "/input_streetAddress1"), " "): Text ' ' is set on object 'Object Repository/RAD_Pages/AddressAndContactInfo_Page/input_streetAddress1'

2023-11-01 16:06:45 - [MESSAGE][PASSED] - Text ' ' is set on object 'Object Repository/RAD_Pages/AddressAndContactInfo_Page/input_streetAddress1'

2023-11-01 16:06:45 - [TEST_STEP][PASSED] - setText(findTestObject(orPath_AddressContact + "/input_city"), " "): Text ' ' is set on object 'Object Repository/RAD_Pages/AddressAndContactInfo_Page/input_city'

2023-11-01 16:06:46 - [MESSAGE][PASSED] - Text ' ' is set on object 'Object Repository/RAD_Pages/AddressAndContactInfo_Page/input_city'

2023-11-01 16:06:46 - [TEST_STEP][PASSED] - setText(findTestObject(orPath_AddressContact + "/input_zipCode"), " "): Text ' ' is set on object 'Object Repository/RAD_Pages/AddressAndContactInfo_Page/input_zipCode'

2023-11-01 16:06:47 - [MESSAGE][PASSED] - Text ' ' is set on object 'Object Repository/RAD_Pages/AddressAndContactInfo_Page/input_zipCode'

2023-11-01 16:06:47 - [TEST_STEP][PASSED] - setText(findTestObject(orPath_AddressContact + "/input_phoneNumber"), " "): Text ' ' is set on object 'Object Repository/RAD_Pages/AddressAndContactInfo_Page/input_phoneNumber'

2023-11-01 16:06:48 - [MESSAGE][PASSED] - Text ' ' is set on object 'Object Repository/RAD_Pages/AddressAndContactInfo_Page/input_phoneNumber'

2023-11-01 16:06:48 - [TEST_STEP][PASSED] - setText(findTestObject(orPath_AddressContact + "/input_eMailAddress"), " "): Text ' ' is set on object 'Object Repository/RAD_Pages/AddressAndContactInfo_Page/input_eMailAddress'

2023-11-01 16:06:48 - [MESSAGE][PASSED] - Text ' ' is set on object 'Object Repository/RAD_Pages/AddressAndContactInfo_Page/input_eMailAddress'

2023-11-01 16:06:48 - [TEST_STEP][PASSED] - setText(findTestObject(orPath_AddressContact + "/input_reEnterEMailAddress"), " "): Text ' ' is set on object 'Object Repository/RAD_Pages/AddressAndContactInfo_Page/input_reEnterEMailAddress'

2023-11-01 16:06:49 - [MESSAGE][PASSED] - Text ' ' is set on object 'Object Repository/RAD_Pages/AddressAndContactInfo_Page/input_reEnterEMailAddress'

2023-11-01 16:06:49 - [TEST_STEP][PASSED] - resText = "Fail": null

2023-11-01 16:06:49 - [TEST_STEP][PASSED] - pages.WriteExcel.demoKey(resText, datText, resColumn, datCloumn, fileLoc, nameSheet, row): pages.WriteExcel.demoKey is PASSED

2023-11-01 16:06:49 - [MESSAGE][PASSED] - pages.WriteExcel.demoKey is PASSED

2023-11-01 16:06:49 - [TEST_STEP][PASSED] - verifyTextPresent("Enter first name", true, CONTINUE_ON_FAILURE): Text 'Enter first name' is present on page  using regular expression

2023-11-01 16:06:50 - [MESSAGE][PASSED] - Text 'Enter first name' is present on page  using regular expression

2023-11-01 16:06:50 - [TEST_STEP][PASSED] - verifyTextPresent("Enter last name", true, CONTINUE_ON_FAILURE): Text 'Enter last name' is present on page  using regular expression

2023-11-01 16:06:50 - [MESSAGE][PASSED] - Text 'Enter last name' is present on page  using regular expression

2023-11-01 16:06:50 - [TEST_STEP][PASSED] - verifyTextPresent("Please enter a valid SSN with 9 digits", true, CONTINUE_ON_FAILURE): Text 'Please enter a valid SSN with 9 digits' is present on page  using regular expression

2023-11-01 16:06:50 - [MESSAGE][PASSED] - Text 'Please enter a valid SSN with 9 digits' is present on page  using regular expression

2023-11-01 16:06:50 - [TEST_STEP][PASSED] - verifyTextPresent("Re-type SSN Validation Error", true, CONTINUE_ON_FAILURE): Text 'Re-type SSN Validation Error' is present on page  using regular expression

2023-11-01 16:06:51 - [MESSAGE][PASSED] - Text 'Re-type SSN Validation Error' is present on page  using regular expression

2023-11-01 16:06:51 - [TEST_STEP][PASSED] - verifyTextPresent("Enter address", true, CONTINUE_ON_FAILURE): Text 'Enter address' is present on page  using regular expression

2023-11-01 16:06:51 - [MESSAGE][PASSED] - Text 'Enter address' is present on page  using regular expression

2023-11-01 16:06:51 - [TEST_STEP][PASSED] - verifyTextPresent("Enter city", true, CONTINUE_ON_FAILURE): Text 'Enter city' is present on page  using regular expression

2023-11-01 16:06:52 - [MESSAGE][PASSED] - Text 'Enter city' is present on page  using regular expression

2023-11-01 16:06:52 - [TEST_STEP][PASSED] - verifyTextPresent("Enter ZIP code", true, CONTINUE_ON_FAILURE): Text 'Enter ZIP code' is present on page  using regular expression

2023-11-01 16:06:52 - [MESSAGE][PASSED] - Text 'Enter ZIP code' is present on page  using regular expression

2023-11-01 16:06:52 - [TEST_STEP][PASSED] - verifyTextPresent("Enter a valid phone number", true, CONTINUE_ON_FAILURE): Text 'Enter a valid phone number' is present on page  using regular expression

2023-11-01 16:06:52 - [MESSAGE][PASSED] - Text 'Enter a valid phone number' is present on page  using regular expression

2023-11-01 16:06:52 - [TEST_STEP][PASSED] - verifyTextPresent("Enter Email", true, CONTINUE_ON_FAILURE): Text 'Enter Email' is present on page  using regular expression

2023-11-01 16:06:53 - [MESSAGE][PASSED] - Text 'Enter Email' is present on page  using regular expression

2023-11-01 16:06:53 - [TEST_STEP][PASSED] - resText = "Pass": null

2023-11-01 16:06:53 - [TEST_STEP][PASSED] - pages.WriteExcel.demoKey(resText, datText, resColumn, datCloumn, fileLoc, nameSheet, row): pages.WriteExcel.demoKey is PASSED

2023-11-01 16:06:53 - [MESSAGE][PASSED] - pages.WriteExcel.demoKey is PASSED

2023-11-01 16:06:53 - [TEST_STEP][PASSED] - ExecuteTC = findTestData(dataFile).getValue("Execute", row): null

2023-11-01 16:06:53 - [TEST_STEP][PASSED] - TaxType = findTestData(dataFile).getValue("TaxType", row): null

2023-11-01 16:06:53 - [TEST_STEP][PASSED] - PaymentType = findTestData(dataFile).getValue("PaymentType", row): null

2023-11-01 16:06:53 - [TEST_STEP][PASSED] - FilingYear = findTestData(dataFile).getValue("Year", row): null

2023-11-01 16:06:53 - [TEST_STEP][PASSED] - if (ExecuteTC.equalsIgnoreCase("Y")): pages.WriteExcel.demoKey is PASSED

2023-11-01 16:06:53 - [TEST_STEP][PASSED] - out.println("Begin Record Number: " + row): null

2023-11-01 16:06:53 - [TEST_STEP][PASSED] - today = new java.util.Date(): null

2023-11-01 16:06:53 - [TEST_STEP][PASSED] - println(today): null

2023-11-01 16:06:53 - [TEST_STEP][PASSED] - datText = today: null

2023-11-01 16:06:53 - [TEST_STEP][PASSED] - logInfo("Payment Type: " + PaymentType): Payment Type: New Tax Return Amount Due

2023-11-01 16:06:53 - [MESSAGE][INFO] - Payment Type: New Tax Return Amount Due

2023-11-01 16:06:53 - [TEST_STEP][PASSED] - logInfo("Tax Type: " + TaxType): Tax Type: Personal Income Tax

2023-11-01 16:06:53 - [MESSAGE][INFO] - Tax Type: Personal Income Tax

2023-11-01 16:06:53 - [TEST_STEP][PASSED] - openBrowser(""): Browser is opened with url: ''

2023-11-01 16:06:53 - [MESSAGE][WARNING] - A browser is already opened. Closing browser and opening a new one

2023-11-01 16:06:54 - [MESSAGE][INFO] - Starting 'Chrome' driver

2023-11-01 16:06:54 - [MESSAGE][INFO] - User set preference: ['acceptInsecureCerts', 'true']

2023-11-01 16:06:54 - [MESSAGE][INFO] - Action delay is set to 0 milliseconds

2023-11-01 16:06:56 - [MESSAGE][PASSED] - Browser is opened with url: ''

2023-11-01 16:06:56 - [TEST_STEP][PASSED] - maximizeWindow(): Current window maximized

2023-11-01 16:06:56 - [MESSAGE][PASSED] - Current window maximized

2023-11-01 16:06:56 - [TEST_STEP][PASSED] - navigateToUrl(RADurl): Navigate to 'https://qa2.velocitypayment.com/client/rad/index.html' successfully

2023-11-01 16:06:57 - [MESSAGE][PASSED] - Navigate to 'https://qa2.velocitypayment.com/client/rad/index.html' successfully

2023-11-01 16:06:57 - [TEST_STEP][PASSED] - selectOptionByLabel(findTestObject(orPath_Landing + "/dd_TaxType"), PaymentType, false): All options with label 'New Tax Return Amount Due' are selected in object 'Object Repository/RAD_Pages/Landing_Page/dd_TaxType' 

2023-11-01 16:06:58 - [MESSAGE][PASSED] - All options with label 'New Tax Return Amount Due' are selected in object 'Object Repository/RAD_Pages/Landing_Page/dd_TaxType' 

2023-11-01 16:06:58 - [TEST_STEP][PASSED] - switch (PaymentType): null

2023-11-01 16:06:58 - [TEST_STEP][PASSED] - case "New Tax Return Amount Due":: null

2023-11-01 16:06:58 - [TEST_STEP][PASSED] - selectOptionByLabel(findTestObject("Object Repository/RAD_Pages/Landing_Page/select_NewTaxReturnAmountDue_TaxType"), TaxType, false): All options with label 'Personal Income Tax' are selected in object 'Object Repository/RAD_Pages/Landing_Page/select_NewTaxReturnAmountDue_TaxType' 

2023-11-01 16:06:59 - [MESSAGE][PASSED] - All options with label 'Personal Income Tax' are selected in object 'Object Repository/RAD_Pages/Landing_Page/select_NewTaxReturnAmountDue_TaxType' 

2023-11-01 16:06:59 - [TEST_STEP][PASSED] - break: null

2023-11-01 16:06:59 - [TEST_STEP][PASSED] - if (!(FilingYear.isEmpty())): All options with label '2021' are selected in object 'Object Repository/RAD_Pages/TaxTypeFilingYear_Page/select_FilingYear' 

2023-11-01 16:06:59 - [TEST_STEP][PASSED] - selectOptionByLabel(findTestObject(orPath_TaxTypeFilingYear + "/select_FilingYear"), FilingYear, false): All options with label '2021' are selected in object 'Object Repository/RAD_Pages/TaxTypeFilingYear_Page/select_FilingYear' 

2023-11-01 16:07:00 - [MESSAGE][PASSED] - All options with label '2021' are selected in object 'Object Repository/RAD_Pages/TaxTypeFilingYear_Page/select_FilingYear' 

2023-11-01 16:07:00 - [TEST_STEP][PASSED] - setText(findTestObject(orPath_TaxPayer + "/input_firstName"), " "): Text ' ' is set on object 'Object Repository/RAD_Pages/Taxpayer_Page/input_firstName'

2023-11-01 16:07:00 - [MESSAGE][PASSED] - Text ' ' is set on object 'Object Repository/RAD_Pages/Taxpayer_Page/input_firstName'

2023-11-01 16:07:00 - [TEST_STEP][PASSED] - setText(findTestObject(orPath_TaxPayer + "/input_lastName"), " "): Text ' ' is set on object 'Object Repository/RAD_Pages/Taxpayer_Page/input_lastName'

2023-11-01 16:07:01 - [MESSAGE][PASSED] - Text ' ' is set on object 'Object Repository/RAD_Pages/Taxpayer_Page/input_lastName'

2023-11-01 16:07:01 - [TEST_STEP][PASSED] - setText(findTestObject("RAD_RecordAndPlay/input_concatSSN"), " "): Text ' ' is set on object 'Object Repository/RAD_RecordAndPlay/input_concatSSN'

2023-11-01 16:07:02 - [MESSAGE][PASSED] - Text ' ' is set on object 'Object Repository/RAD_RecordAndPlay/input_concatSSN'

2023-11-01 16:07:02 - [TEST_STEP][PASSED] - setText(findTestObject("RAD_RecordAndPlay/input_concatReSSN"), " "): Text ' ' is set on object 'Object Repository/RAD_RecordAndPlay/input_concatReSSN'

2023-11-01 16:07:02 - [MESSAGE][PASSED] - Text ' ' is set on object 'Object Repository/RAD_RecordAndPlay/input_concatReSSN'

2023-11-01 16:07:02 - [TEST_STEP][PASSED] - setText(findTestObject(orPath_AddressContact + "/input_streetAddress1"), " "): Text ' ' is set on object 'Object Repository/RAD_Pages/AddressAndContactInfo_Page/input_streetAddress1'

2023-11-01 16:07:03 - [MESSAGE][PASSED] - Text ' ' is set on object 'Object Repository/RAD_Pages/AddressAndContactInfo_Page/input_streetAddress1'

2023-11-01 16:07:03 - [TEST_STEP][PASSED] - setText(findTestObject(orPath_AddressContact + "/input_city"), " "): Text ' ' is set on object 'Object Repository/RAD_Pages/AddressAndContactInfo_Page/input_city'

2023-11-01 16:07:04 - [MESSAGE][PASSED] - Text ' ' is set on object 'Object Repository/RAD_Pages/AddressAndContactInfo_Page/input_city'

2023-11-01 16:07:04 - [TEST_STEP][PASSED] - setText(findTestObject(orPath_AddressContact + "/input_zipCode"), " "): Text ' ' is set on object 'Object Repository/RAD_Pages/AddressAndContactInfo_Page/input_zipCode'

2023-11-01 16:07:05 - [MESSAGE][PASSED] - Text ' ' is set on object 'Object Repository/RAD_Pages/AddressAndContactInfo_Page/input_zipCode'

2023-11-01 16:07:05 - [TEST_STEP][PASSED] - setText(findTestObject(orPath_AddressContact + "/input_phoneNumber"), " "): Text ' ' is set on object 'Object Repository/RAD_Pages/AddressAndContactInfo_Page/input_phoneNumber'

2023-11-01 16:07:05 - [MESSAGE][PASSED] - Text ' ' is set on object 'Object Repository/RAD_Pages/AddressAndContactInfo_Page/input_phoneNumber'

2023-11-01 16:07:05 - [TEST_STEP][PASSED] - setText(findTestObject(orPath_AddressContact + "/input_eMailAddress"), " "): Text ' ' is set on object 'Object Repository/RAD_Pages/AddressAndContactInfo_Page/input_eMailAddress'

2023-11-01 16:07:06 - [MESSAGE][PASSED] - Text ' ' is set on object 'Object Repository/RAD_Pages/AddressAndContactInfo_Page/input_eMailAddress'

2023-11-01 16:07:06 - [TEST_STEP][PASSED] - setText(findTestObject(orPath_AddressContact + "/input_reEnterEMailAddress"), " "): Text ' ' is set on object 'Object Repository/RAD_Pages/AddressAndContactInfo_Page/input_reEnterEMailAddress'

2023-11-01 16:07:07 - [MESSAGE][PASSED] - Text ' ' is set on object 'Object Repository/RAD_Pages/AddressAndContactInfo_Page/input_reEnterEMailAddress'

2023-11-01 16:07:07 - [TEST_STEP][PASSED] - resText = "Fail": null

2023-11-01 16:07:07 - [TEST_STEP][PASSED] - pages.WriteExcel.demoKey(resText, datText, resColumn, datCloumn, fileLoc, nameSheet, row): pages.WriteExcel.demoKey is PASSED

2023-11-01 16:07:07 - [MESSAGE][PASSED] - pages.WriteExcel.demoKey is PASSED

2023-11-01 16:07:07 - [TEST_STEP][PASSED] - verifyTextPresent("Enter first name", true, CONTINUE_ON_FAILURE): Text 'Enter first name' is present on page  using regular expression

2023-11-01 16:07:07 - [MESSAGE][PASSED] - Text 'Enter first name' is present on page  using regular expression

2023-11-01 16:07:07 - [TEST_STEP][PASSED] - verifyTextPresent("Enter last name", true, CONTINUE_ON_FAILURE): Text 'Enter last name' is present on page  using regular expression

2023-11-01 16:07:08 - [MESSAGE][PASSED] - Text 'Enter last name' is present on page  using regular expression

2023-11-01 16:07:08 - [TEST_STEP][PASSED] - verifyTextPresent("Please enter a valid SSN with 9 digits", true, CONTINUE_ON_FAILURE): Text 'Please enter a valid SSN with 9 digits' is present on page  using regular expression

2023-11-01 16:07:08 - [MESSAGE][PASSED] - Text 'Please enter a valid SSN with 9 digits' is present on page  using regular expression

2023-11-01 16:07:08 - [TEST_STEP][PASSED] - verifyTextPresent("Re-type SSN Validation Error", true, CONTINUE_ON_FAILURE): Text 'Re-type SSN Validation Error' is present on page  using regular expression

2023-11-01 16:07:09 - [MESSAGE][PASSED] - Text 'Re-type SSN Validation Error' is present on page  using regular expression

2023-11-01 16:07:09 - [TEST_STEP][PASSED] - verifyTextPresent("Enter address", true, CONTINUE_ON_FAILURE): Text 'Enter address' is present on page  using regular expression

2023-11-01 16:07:09 - [MESSAGE][PASSED] - Text 'Enter address' is present on page  using regular expression

2023-11-01 16:07:09 - [TEST_STEP][PASSED] - verifyTextPresent("Enter city", true, CONTINUE_ON_FAILURE): Text 'Enter city' is present on page  using regular expression

2023-11-01 16:07:09 - [MESSAGE][PASSED] - Text 'Enter city' is present on page  using regular expression

2023-11-01 16:07:09 - [TEST_STEP][PASSED] - verifyTextPresent("Enter ZIP code", true, CONTINUE_ON_FAILURE): Text 'Enter ZIP code' is present on page  using regular expression

2023-11-01 16:07:10 - [MESSAGE][PASSED] - Text 'Enter ZIP code' is present on page  using regular expression

2023-11-01 16:07:10 - [TEST_STEP][PASSED] - verifyTextPresent("Enter a valid phone number", true, CONTINUE_ON_FAILURE): Text 'Enter a valid phone number' is present on page  using regular expression

2023-11-01 16:07:10 - [MESSAGE][PASSED] - Text 'Enter a valid phone number' is present on page  using regular expression

2023-11-01 16:07:10 - [TEST_STEP][PASSED] - verifyTextPresent("Enter Email", true, CONTINUE_ON_FAILURE): Text 'Enter Email' is present on page  using regular expression

2023-11-01 16:07:10 - [MESSAGE][PASSED] - Text 'Enter Email' is present on page  using regular expression

2023-11-01 16:07:10 - [TEST_STEP][PASSED] - resText = "Pass": null

2023-11-01 16:07:10 - [TEST_STEP][PASSED] - pages.WriteExcel.demoKey(resText, datText, resColumn, datCloumn, fileLoc, nameSheet, row): pages.WriteExcel.demoKey is PASSED

2023-11-01 16:07:10 - [MESSAGE][PASSED] - pages.WriteExcel.demoKey is PASSED

2023-11-01 16:07:10 - [TEST_STEP][PASSED] - ExecuteTC = findTestData(dataFile).getValue("Execute", row): null

2023-11-01 16:07:11 - [TEST_STEP][PASSED] - TaxType = findTestData(dataFile).getValue("TaxType", row): null

2023-11-01 16:07:11 - [TEST_STEP][PASSED] - PaymentType = findTestData(dataFile).getValue("PaymentType", row): null

2023-11-01 16:07:11 - [TEST_STEP][PASSED] - FilingYear = findTestData(dataFile).getValue("Year", row): null

2023-11-01 16:07:11 - [TEST_STEP][PASSED] - if (ExecuteTC.equalsIgnoreCase("Y")): pages.WriteExcel.demoKey is PASSED

2023-11-01 16:07:11 - [TEST_STEP][PASSED] - out.println("Begin Record Number: " + row): null

2023-11-01 16:07:11 - [TEST_STEP][PASSED] - today = new java.util.Date(): null

2023-11-01 16:07:11 - [TEST_STEP][PASSED] - println(today): null

2023-11-01 16:07:11 - [TEST_STEP][PASSED] - datText = today: null

2023-11-01 16:07:11 - [TEST_STEP][PASSED] - logInfo("Payment Type: " + PaymentType): Payment Type: New Tax Return Amount Due

2023-11-01 16:07:11 - [MESSAGE][INFO] - Payment Type: New Tax Return Amount Due

2023-11-01 16:07:11 - [TEST_STEP][PASSED] - logInfo("Tax Type: " + TaxType): Tax Type: Personal Income Tax

2023-11-01 16:07:11 - [MESSAGE][INFO] - Tax Type: Personal Income Tax

2023-11-01 16:07:11 - [TEST_STEP][PASSED] - openBrowser(""): Browser is opened with url: ''

2023-11-01 16:07:11 - [MESSAGE][WARNING] - A browser is already opened. Closing browser and opening a new one

2023-11-01 16:07:12 - [MESSAGE][INFO] - Starting 'Chrome' driver

2023-11-01 16:07:12 - [MESSAGE][INFO] - User set preference: ['acceptInsecureCerts', 'true']

2023-11-01 16:07:12 - [MESSAGE][INFO] - Action delay is set to 0 milliseconds

2023-11-01 16:07:13 - [MESSAGE][PASSED] - Browser is opened with url: ''

2023-11-01 16:07:13 - [TEST_STEP][PASSED] - maximizeWindow(): Current window maximized

2023-11-01 16:07:13 - [MESSAGE][PASSED] - Current window maximized

2023-11-01 16:07:13 - [TEST_STEP][PASSED] - navigateToUrl(RADurl): Navigate to 'https://qa2.velocitypayment.com/client/rad/index.html' successfully

2023-11-01 16:07:15 - [MESSAGE][PASSED] - Navigate to 'https://qa2.velocitypayment.com/client/rad/index.html' successfully

2023-11-01 16:07:15 - [TEST_STEP][PASSED] - selectOptionByLabel(findTestObject(orPath_Landing + "/dd_TaxType"), PaymentType, false): All options with label 'New Tax Return Amount Due' are selected in object 'Object Repository/RAD_Pages/Landing_Page/dd_TaxType' 

2023-11-01 16:07:16 - [MESSAGE][PASSED] - All options with label 'New Tax Return Amount Due' are selected in object 'Object Repository/RAD_Pages/Landing_Page/dd_TaxType' 

2023-11-01 16:07:16 - [TEST_STEP][PASSED] - switch (PaymentType): null

2023-11-01 16:07:16 - [TEST_STEP][PASSED] - case "New Tax Return Amount Due":: null

2023-11-01 16:07:16 - [TEST_STEP][PASSED] - selectOptionByLabel(findTestObject("Object Repository/RAD_Pages/Landing_Page/select_NewTaxReturnAmountDue_TaxType"), TaxType, false): All options with label 'Personal Income Tax' are selected in object 'Object Repository/RAD_Pages/Landing_Page/select_NewTaxReturnAmountDue_TaxType' 

2023-11-01 16:07:17 - [MESSAGE][PASSED] - All options with label 'Personal Income Tax' are selected in object 'Object Repository/RAD_Pages/Landing_Page/select_NewTaxReturnAmountDue_TaxType' 

2023-11-01 16:07:17 - [TEST_STEP][PASSED] - break: null

2023-11-01 16:07:17 - [TEST_STEP][PASSED] - if (!(FilingYear.isEmpty())): All options with label '2020' are selected in object 'Object Repository/RAD_Pages/TaxTypeFilingYear_Page/select_FilingYear' 

2023-11-01 16:07:17 - [TEST_STEP][PASSED] - selectOptionByLabel(findTestObject(orPath_TaxTypeFilingYear + "/select_FilingYear"), FilingYear, false): All options with label '2020' are selected in object 'Object Repository/RAD_Pages/TaxTypeFilingYear_Page/select_FilingYear' 

2023-11-01 16:07:17 - [MESSAGE][PASSED] - All options with label '2020' are selected in object 'Object Repository/RAD_Pages/TaxTypeFilingYear_Page/select_FilingYear' 

2023-11-01 16:07:17 - [TEST_STEP][PASSED] - setText(findTestObject(orPath_TaxPayer + "/input_firstName"), " "): Text ' ' is set on object 'Object Repository/RAD_Pages/Taxpayer_Page/input_firstName'

2023-11-01 16:07:18 - [MESSAGE][PASSED] - Text ' ' is set on object 'Object Repository/RAD_Pages/Taxpayer_Page/input_firstName'

2023-11-01 16:07:18 - [TEST_STEP][PASSED] - setText(findTestObject(orPath_TaxPayer + "/input_lastName"), " "): Text ' ' is set on object 'Object Repository/RAD_Pages/Taxpayer_Page/input_lastName'

2023-11-01 16:07:19 - [MESSAGE][PASSED] - Text ' ' is set on object 'Object Repository/RAD_Pages/Taxpayer_Page/input_lastName'

2023-11-01 16:07:19 - [TEST_STEP][PASSED] - setText(findTestObject("RAD_RecordAndPlay/input_concatSSN"), " "): Text ' ' is set on object 'Object Repository/RAD_RecordAndPlay/input_concatSSN'

2023-11-01 16:07:19 - [MESSAGE][PASSED] - Text ' ' is set on object 'Object Repository/RAD_RecordAndPlay/input_concatSSN'

2023-11-01 16:07:19 - [TEST_STEP][PASSED] - setText(findTestObject("RAD_RecordAndPlay/input_concatReSSN"), " "): Text ' ' is set on object 'Object Repository/RAD_RecordAndPlay/input_concatReSSN'

2023-11-01 16:07:20 - [MESSAGE][PASSED] - Text ' ' is set on object 'Object Repository/RAD_RecordAndPlay/input_concatReSSN'

2023-11-01 16:07:20 - [TEST_STEP][PASSED] - setText(findTestObject(orPath_AddressContact + "/input_streetAddress1"), " "): Text ' ' is set on object 'Object Repository/RAD_Pages/AddressAndContactInfo_Page/input_streetAddress1'

2023-11-01 16:07:21 - [MESSAGE][PASSED] - Text ' ' is set on object 'Object Repository/RAD_Pages/AddressAndContactInfo_Page/input_streetAddress1'

2023-11-01 16:07:21 - [TEST_STEP][PASSED] - setText(findTestObject(orPath_AddressContact + "/input_city"), " "): Text ' ' is set on object 'Object Repository/RAD_Pages/AddressAndContactInfo_Page/input_city'

2023-11-01 16:07:21 - [MESSAGE][PASSED] - Text ' ' is set on object 'Object Repository/RAD_Pages/AddressAndContactInfo_Page/input_city'

2023-11-01 16:07:21 - [TEST_STEP][PASSED] - setText(findTestObject(orPath_AddressContact + "/input_zipCode"), " "): Text ' ' is set on object 'Object Repository/RAD_Pages/AddressAndContactInfo_Page/input_zipCode'

2023-11-01 16:07:22 - [MESSAGE][PASSED] - Text ' ' is set on object 'Object Repository/RAD_Pages/AddressAndContactInfo_Page/input_zipCode'

2023-11-01 16:07:22 - [TEST_STEP][PASSED] - setText(findTestObject(orPath_AddressContact + "/input_phoneNumber"), " "): Text ' ' is set on object 'Object Repository/RAD_Pages/AddressAndContactInfo_Page/input_phoneNumber'

2023-11-01 16:07:23 - [MESSAGE][PASSED] - Text ' ' is set on object 'Object Repository/RAD_Pages/AddressAndContactInfo_Page/input_phoneNumber'

2023-11-01 16:07:23 - [TEST_STEP][PASSED] - setText(findTestObject(orPath_AddressContact + "/input_eMailAddress"), " "): Text ' ' is set on object 'Object Repository/RAD_Pages/AddressAndContactInfo_Page/input_eMailAddress'

2023-11-01 16:07:24 - [MESSAGE][PASSED] - Text ' ' is set on object 'Object Repository/RAD_Pages/AddressAndContactInfo_Page/input_eMailAddress'

2023-11-01 16:07:24 - [TEST_STEP][PASSED] - setText(findTestObject(orPath_AddressContact + "/input_reEnterEMailAddress"), " "): Text ' ' is set on object 'Object Repository/RAD_Pages/AddressAndContactInfo_Page/input_reEnterEMailAddress'

2023-11-01 16:07:25 - [MESSAGE][PASSED] - Text ' ' is set on object 'Object Repository/RAD_Pages/AddressAndContactInfo_Page/input_reEnterEMailAddress'

2023-11-01 16:07:25 - [TEST_STEP][PASSED] - resText = "Fail": null

2023-11-01 16:07:25 - [TEST_STEP][PASSED] - pages.WriteExcel.demoKey(resText, datText, resColumn, datCloumn, fileLoc, nameSheet, row): pages.WriteExcel.demoKey is PASSED

2023-11-01 16:07:25 - [MESSAGE][PASSED] - pages.WriteExcel.demoKey is PASSED

2023-11-01 16:07:25 - [TEST_STEP][PASSED] - verifyTextPresent("Enter first name", true, CONTINUE_ON_FAILURE): Text 'Enter first name' is present on page  using regular expression

2023-11-01 16:07:25 - [MESSAGE][PASSED] - Text 'Enter first name' is present on page  using regular expression

2023-11-01 16:07:25 - [TEST_STEP][PASSED] - verifyTextPresent("Enter last name", true, CONTINUE_ON_FAILURE): Text 'Enter last name' is present on page  using regular expression

2023-11-01 16:07:26 - [MESSAGE][PASSED] - Text 'Enter last name' is present on page  using regular expression

2023-11-01 16:07:26 - [TEST_STEP][PASSED] - verifyTextPresent("Please enter a valid SSN with 9 digits", true, CONTINUE_ON_FAILURE): Text 'Please enter a valid SSN with 9 digits' is present on page  using regular expression

2023-11-01 16:07:26 - [MESSAGE][PASSED] - Text 'Please enter a valid SSN with 9 digits' is present on page  using regular expression

2023-11-01 16:07:26 - [TEST_STEP][PASSED] - verifyTextPresent("Re-type SSN Validation Error", true, CONTINUE_ON_FAILURE): Text 'Re-type SSN Validation Error' is present on page  using regular expression

2023-11-01 16:07:26 - [MESSAGE][PASSED] - Text 'Re-type SSN Validation Error' is present on page  using regular expression

2023-11-01 16:07:26 - [TEST_STEP][PASSED] - verifyTextPresent("Enter address", true, CONTINUE_ON_FAILURE): Text 'Enter address' is present on page  using regular expression

2023-11-01 16:07:27 - [MESSAGE][PASSED] - Text 'Enter address' is present on page  using regular expression

2023-11-01 16:07:27 - [TEST_STEP][PASSED] - verifyTextPresent("Enter city", true, CONTINUE_ON_FAILURE): Text 'Enter city' is present on page  using regular expression

2023-11-01 16:07:27 - [MESSAGE][PASSED] - Text 'Enter city' is present on page  using regular expression

2023-11-01 16:07:27 - [TEST_STEP][PASSED] - verifyTextPresent("Enter ZIP code", true, CONTINUE_ON_FAILURE): Text 'Enter ZIP code' is present on page  using regular expression

2023-11-01 16:07:27 - [MESSAGE][PASSED] - Text 'Enter ZIP code' is present on page  using regular expression

2023-11-01 16:07:27 - [TEST_STEP][PASSED] - verifyTextPresent("Enter a valid phone number", true, CONTINUE_ON_FAILURE): Text 'Enter a valid phone number' is present on page  using regular expression

2023-11-01 16:07:28 - [MESSAGE][PASSED] - Text 'Enter a valid phone number' is present on page  using regular expression

2023-11-01 16:07:28 - [TEST_STEP][PASSED] - verifyTextPresent("Enter Email", true, CONTINUE_ON_FAILURE): Text 'Enter Email' is present on page  using regular expression

2023-11-01 16:07:28 - [MESSAGE][PASSED] - Text 'Enter Email' is present on page  using regular expression

2023-11-01 16:07:28 - [TEST_STEP][PASSED] - resText = "Pass": null

2023-11-01 16:07:28 - [TEST_STEP][PASSED] - pages.WriteExcel.demoKey(resText, datText, resColumn, datCloumn, fileLoc, nameSheet, row): pages.WriteExcel.demoKey is PASSED

2023-11-01 16:07:28 - [MESSAGE][PASSED] - pages.WriteExcel.demoKey is PASSED]]></system-out>
         <system-err><![CDATA[]]></system-err>
      </testcase>
      <testcase name="Test Cases/RAD_TestCases/MRF_TestCases/Personal_Joint_MRF_TC" time="126.337" classname="Test Cases/RAD_TestCases/MRF_TestCases/Personal_Joint_MRF_TC" status="PASSED">
         <system-out><![CDATA[2023-11-01 16:07:28 - [TEST_CASE][PASSED] - Test Cases/RAD_TestCases/MRF_TestCases/Personal_Joint_MRF_TC: Test Cases/RAD_TestCases/MRF_TestCases/Personal_Joint_MRF_TC

2023-11-01 16:07:29 - [TEST_STEP][PASSED] - resText = "Fail": null

2023-11-01 16:07:29 - [TEST_STEP][PASSED] - resColumn = "Result": null

2023-11-01 16:07:29 - [TEST_STEP][PASSED] - datCloumn = "Date": null

2023-11-01 16:07:29 - [TEST_STEP][PASSED] - fileLoc = "KatalonData/RADTestData/MRF.xlsx": null

2023-11-01 16:07:29 - [TEST_STEP][PASSED] - nameSheet = "Personal_JNT": null

2023-11-01 16:07:29 - [TEST_STEP][PASSED] - dataFile = "RADTestData/MRF_Personal_JNT": null

2023-11-01 16:07:29 - [TEST_STEP][PASSED] - orPath_Landing = "Object Repository/RAD_Pages/Landing_Page": null

2023-11-01 16:07:29 - [TEST_STEP][PASSED] - orPath_TaxTypeFilingYear = "Object Repository/RAD_Pages/TaxTypeFilingYear_Page": null

2023-11-01 16:07:29 - [TEST_STEP][PASSED] - orPath_Amount = "Object Repository/RAD_Pages/PaymentAmount_Page": null

2023-11-01 16:07:29 - [TEST_STEP][PASSED] - orPath_AddressContact = "Object Repository/RAD_Pages/AddressAndContactInfo_Page": null

2023-11-01 16:07:29 - [TEST_STEP][PASSED] - orPath_Summary = "Object Repository/RAD_Pages/Summary_Page": null

2023-11-01 16:07:29 - [TEST_STEP][PASSED] - orPath_PaymentConfirmation = "Object Repository/RAD_Pages/PaymentConfirmation_Page": null

2023-11-01 16:07:29 - [TEST_STEP][PASSED] - orPath_ServiceFeesAccept = "Object Repository/RAD_Pages/ServiceFeeAccept_Page": null

2023-11-01 16:07:29 - [TEST_STEP][PASSED] - orPath_PaymentEntry = "Object Repository/RAD_Pages/PaymentEntry_Page": null

2023-11-01 16:07:29 - [TEST_STEP][PASSED] - orPath_FilingStatus = "Object Repository/RAD_Pages/FilingStatus_Page": null

2023-11-01 16:07:29 - [TEST_STEP][PASSED] - orPath_TaxPayer = "Object Repository/RAD_Pages/Taxpayer_Page": null

2023-11-01 16:07:29 - [TEST_STEP][PASSED] - ExecuteTC = <not implemented yet for class: org.codehaus.groovy.ast.expr.EmptyExpression>: null

2023-11-01 16:07:29 - [TEST_STEP][PASSED] - TaxType = <not implemented yet for class: org.codehaus.groovy.ast.expr.EmptyExpression>: null

2023-11-01 16:07:29 - [TEST_STEP][PASSED] - PaymentType = <not implemented yet for class: org.codehaus.groovy.ast.expr.EmptyExpression>: null

2023-11-01 16:07:29 - [TEST_STEP][PASSED] - FilingYear = <not implemented yet for class: org.codehaus.groovy.ast.expr.EmptyExpression>: null

2023-11-01 16:07:29 - [TEST_STEP][PASSED] - PeriodEndingMonth = <not implemented yet for class: org.codehaus.groovy.ast.expr.EmptyExpression>: null

2023-11-01 16:07:29 - [TEST_STEP][PASSED] - executionProfile = getExecutionProfile(): null

2023-11-01 16:07:29 - [TEST_STEP][PASSED] - numOfRows = findTestData(dataFile).getRowNumbers(): null

2023-11-01 16:07:29 - [TEST_STEP][PASSED] - println("Number of Records: " + numOfRows): null

2023-11-01 16:07:29 - [TEST_STEP][PASSED] - for ([row = 1, row <= numOfRows, (row++)]): pages.WriteExcel.demoKey is PASSED

2023-11-01 16:07:29 - [TEST_STEP][PASSED] - ExecuteTC = findTestData(dataFile).getValue("Execute", row): null

2023-11-01 16:07:29 - [TEST_STEP][PASSED] - TaxType = findTestData(dataFile).getValue("TaxType", row): null

2023-11-01 16:07:29 - [TEST_STEP][PASSED] - PaymentType = findTestData(dataFile).getValue("PaymentType", row): null

2023-11-01 16:07:29 - [TEST_STEP][PASSED] - FilingYear = findTestData(dataFile).getValue("Year", row): null

2023-11-01 16:07:29 - [TEST_STEP][PASSED] - if (ExecuteTC.equalsIgnoreCase("Y")): pages.WriteExcel.demoKey is PASSED

2023-11-01 16:07:29 - [TEST_STEP][PASSED] - out.println("Begin Record Number: " + row): null

2023-11-01 16:07:29 - [TEST_STEP][PASSED] - today = new java.util.Date(): null

2023-11-01 16:07:29 - [TEST_STEP][PASSED] - println(today): null

2023-11-01 16:07:29 - [TEST_STEP][PASSED] - datText = today: null

2023-11-01 16:07:29 - [TEST_STEP][PASSED] - logInfo("Payment Type: " + PaymentType): Payment Type: Quarterly Estimated Tax

2023-11-01 16:07:29 - [MESSAGE][INFO] - Payment Type: Quarterly Estimated Tax

2023-11-01 16:07:29 - [TEST_STEP][PASSED] - logInfo("Tax Type: " + TaxType): Tax Type: Personal Income Tax

2023-11-01 16:07:29 - [MESSAGE][INFO] - Tax Type: Personal Income Tax

2023-11-01 16:07:29 - [TEST_STEP][PASSED] - openBrowser(""): Browser is opened with url: ''

2023-11-01 16:07:29 - [MESSAGE][WARNING] - A browser is already opened. Closing browser and opening a new one

2023-11-01 16:07:30 - [MESSAGE][INFO] - Starting 'Chrome' driver

2023-11-01 16:07:30 - [MESSAGE][INFO] - User set preference: ['acceptInsecureCerts', 'true']

2023-11-01 16:07:30 - [MESSAGE][INFO] - Action delay is set to 0 milliseconds

2023-11-01 16:07:32 - [MESSAGE][PASSED] - Browser is opened with url: ''

2023-11-01 16:07:32 - [TEST_STEP][PASSED] - maximizeWindow(): Current window maximized

2023-11-01 16:07:32 - [MESSAGE][PASSED] - Current window maximized

2023-11-01 16:07:32 - [TEST_STEP][PASSED] - navigateToUrl(RADurl): Navigate to 'https://qa2.velocitypayment.com/client/rad/index.html' successfully

2023-11-01 16:07:32 - [MESSAGE][PASSED] - Navigate to 'https://qa2.velocitypayment.com/client/rad/index.html' successfully

2023-11-01 16:07:32 - [TEST_STEP][PASSED] - selectOptionByLabel(findTestObject(orPath_Landing + "/dd_TaxType"), PaymentType, false): All options with label 'Quarterly Estimated Tax' are selected in object 'Object Repository/RAD_Pages/Landing_Page/dd_TaxType' 

2023-11-01 16:07:34 - [MESSAGE][PASSED] - All options with label 'Quarterly Estimated Tax' are selected in object 'Object Repository/RAD_Pages/Landing_Page/dd_TaxType' 

2023-11-01 16:07:34 - [TEST_STEP][PASSED] - switch (PaymentType): null

2023-11-01 16:07:34 - [TEST_STEP][PASSED] - case "Quarterly Estimated Tax":: null

2023-11-01 16:07:34 - [TEST_STEP][PASSED] - selectOptionByLabel(findTestObject(orPath_TaxTypeFilingYear + "/select_PaymentType"), TaxType, false): All options with label 'Personal Income Tax' are selected in object 'Object Repository/RAD_Pages/TaxTypeFilingYear_Page/select_PaymentType' 

2023-11-01 16:07:35 - [MESSAGE][PASSED] - All options with label 'Personal Income Tax' are selected in object 'Object Repository/RAD_Pages/TaxTypeFilingYear_Page/select_PaymentType' 

2023-11-01 16:07:35 - [TEST_STEP][PASSED] - break: null

2023-11-01 16:07:35 - [TEST_STEP][PASSED] - if (!(FilingYear.isEmpty())): All options with label '2023' are selected in object 'Object Repository/RAD_Pages/TaxTypeFilingYear_Page/select_FilingYear' 

2023-11-01 16:07:35 - [TEST_STEP][PASSED] - selectOptionByLabel(findTestObject(orPath_TaxTypeFilingYear + "/select_FilingYear"), FilingYear, false): All options with label '2023' are selected in object 'Object Repository/RAD_Pages/TaxTypeFilingYear_Page/select_FilingYear' 

2023-11-01 16:07:36 - [MESSAGE][PASSED] - All options with label '2023' are selected in object 'Object Repository/RAD_Pages/TaxTypeFilingYear_Page/select_FilingYear' 

2023-11-01 16:07:36 - [TEST_STEP][PASSED] - setText(findTestObject(orPath_TaxPayer + "/input_firstName"), " "): Text ' ' is set on object 'Object Repository/RAD_Pages/Taxpayer_Page/input_firstName'

2023-11-01 16:07:36 - [MESSAGE][PASSED] - Text ' ' is set on object 'Object Repository/RAD_Pages/Taxpayer_Page/input_firstName'

2023-11-01 16:07:36 - [TEST_STEP][PASSED] - setText(findTestObject(orPath_TaxPayer + "/input_lastName"), " "): Text ' ' is set on object 'Object Repository/RAD_Pages/Taxpayer_Page/input_lastName'

2023-11-01 16:07:37 - [MESSAGE][PASSED] - Text ' ' is set on object 'Object Repository/RAD_Pages/Taxpayer_Page/input_lastName'

2023-11-01 16:07:37 - [TEST_STEP][PASSED] - setText(findTestObject("RAD_RecordAndPlay/input_concatSSN"), " "): Text ' ' is set on object 'Object Repository/RAD_RecordAndPlay/input_concatSSN'

2023-11-01 16:07:38 - [MESSAGE][PASSED] - Text ' ' is set on object 'Object Repository/RAD_RecordAndPlay/input_concatSSN'

2023-11-01 16:07:38 - [TEST_STEP][PASSED] - setText(findTestObject("RAD_RecordAndPlay/input_concatReSSN"), " "): Text ' ' is set on object 'Object Repository/RAD_RecordAndPlay/input_concatReSSN'

2023-11-01 16:07:38 - [MESSAGE][PASSED] - Text ' ' is set on object 'Object Repository/RAD_RecordAndPlay/input_concatReSSN'

2023-11-01 16:07:38 - [TEST_STEP][PASSED] - setText(findTestObject(orPath_AddressContact + "/input_streetAddress1"), " "): Text ' ' is set on object 'Object Repository/RAD_Pages/AddressAndContactInfo_Page/input_streetAddress1'

2023-11-01 16:07:39 - [MESSAGE][PASSED] - Text ' ' is set on object 'Object Repository/RAD_Pages/AddressAndContactInfo_Page/input_streetAddress1'

2023-11-01 16:07:39 - [TEST_STEP][PASSED] - setText(findTestObject(orPath_AddressContact + "/input_city"), " "): Text ' ' is set on object 'Object Repository/RAD_Pages/AddressAndContactInfo_Page/input_city'

2023-11-01 16:07:40 - [MESSAGE][PASSED] - Text ' ' is set on object 'Object Repository/RAD_Pages/AddressAndContactInfo_Page/input_city'

2023-11-01 16:07:40 - [TEST_STEP][PASSED] - setText(findTestObject(orPath_AddressContact + "/input_zipCode"), " "): Text ' ' is set on object 'Object Repository/RAD_Pages/AddressAndContactInfo_Page/input_zipCode'

2023-11-01 16:07:41 - [MESSAGE][PASSED] - Text ' ' is set on object 'Object Repository/RAD_Pages/AddressAndContactInfo_Page/input_zipCode'

2023-11-01 16:07:41 - [TEST_STEP][PASSED] - setText(findTestObject(orPath_AddressContact + "/input_phoneNumber"), " "): Text ' ' is set on object 'Object Repository/RAD_Pages/AddressAndContactInfo_Page/input_phoneNumber'

2023-11-01 16:07:41 - [MESSAGE][PASSED] - Text ' ' is set on object 'Object Repository/RAD_Pages/AddressAndContactInfo_Page/input_phoneNumber'

2023-11-01 16:07:41 - [TEST_STEP][PASSED] - setText(findTestObject(orPath_AddressContact + "/input_eMailAddress"), " "): Text ' ' is set on object 'Object Repository/RAD_Pages/AddressAndContactInfo_Page/input_eMailAddress'

2023-11-01 16:07:42 - [MESSAGE][PASSED] - Text ' ' is set on object 'Object Repository/RAD_Pages/AddressAndContactInfo_Page/input_eMailAddress'

2023-11-01 16:07:42 - [TEST_STEP][PASSED] - setText(findTestObject(orPath_AddressContact + "/input_reEnterEMailAddress"), " "): Text ' ' is set on object 'Object Repository/RAD_Pages/AddressAndContactInfo_Page/input_reEnterEMailAddress'

2023-11-01 16:07:43 - [MESSAGE][PASSED] - Text ' ' is set on object 'Object Repository/RAD_Pages/AddressAndContactInfo_Page/input_reEnterEMailAddress'

2023-11-01 16:07:43 - [TEST_STEP][PASSED] - scrollToElement(findTestObject(orPath_Landing + "/button_Continue"), 3): Scroll to object 'Object Repository/RAD_Pages/Landing_Page/button_Continue' successfully

2023-11-01 16:07:43 - [MESSAGE][PASSED] - Scroll to object 'Object Repository/RAD_Pages/Landing_Page/button_Continue' successfully

2023-11-01 16:07:43 - [TEST_STEP][PASSED] - waitForElementClickable(findTestObject(orPath_FilingStatus + "/input_JointFiling_userType_New"), 5): Object 'Object Repository/RAD_Pages/FilingStatus_Page/input_JointFiling_userType_New' is clickable

2023-11-01 16:07:44 - [MESSAGE][PASSED] - Object 'Object Repository/RAD_Pages/FilingStatus_Page/input_JointFiling_userType_New' is clickable

2023-11-01 16:07:44 - [TEST_STEP][PASSED] - check(findTestObject(orPath_FilingStatus + "/input_JointFiling_userType_New")): Object 'Object Repository/RAD_Pages/FilingStatus_Page/input_JointFiling_userType_New' is checked

2023-11-01 16:07:44 - [MESSAGE][PASSED] - Object 'Object Repository/RAD_Pages/FilingStatus_Page/input_JointFiling_userType_New' is checked

2023-11-01 16:07:44 - [TEST_STEP][PASSED] - delay(2): Delayed 2 second(s)

2023-11-01 16:07:46 - [MESSAGE][PASSED] - Delayed 2 second(s)

2023-11-01 16:07:46 - [TEST_STEP][PASSED] - setText(findTestObject(orPath_FilingStatus + "/input_jointFirstName"), " "): Text ' ' is set on object 'Object Repository/RAD_Pages/FilingStatus_Page/input_jointFirstName'

2023-11-01 16:07:47 - [MESSAGE][PASSED] - Text ' ' is set on object 'Object Repository/RAD_Pages/FilingStatus_Page/input_jointFirstName'

2023-11-01 16:07:47 - [TEST_STEP][PASSED] - setText(findTestObject(orPath_FilingStatus + "/input_jointLastName"), " "): Text ' ' is set on object 'Object Repository/RAD_Pages/FilingStatus_Page/input_jointLastName'

2023-11-01 16:07:48 - [MESSAGE][PASSED] - Text ' ' is set on object 'Object Repository/RAD_Pages/FilingStatus_Page/input_jointLastName'

2023-11-01 16:07:48 - [TEST_STEP][PASSED] - setText(findTestObject("Object Repository/RAD_RecordAndPlay/input_JointFilerSSN"), " "): Text ' ' is set on object 'Object Repository/RAD_RecordAndPlay/input_JointFilerSSN'

2023-11-01 16:07:48 - [MESSAGE][PASSED] - Text ' ' is set on object 'Object Repository/RAD_RecordAndPlay/input_JointFilerSSN'

2023-11-01 16:07:48 - [TEST_STEP][PASSED] - setText(findTestObject("Object Repository/RAD_RecordAndPlay/input_reTypeJointFilerSSN"), " "): Text ' ' is set on object 'Object Repository/RAD_RecordAndPlay/input_reTypeJointFilerSSN'

2023-11-01 16:07:49 - [MESSAGE][PASSED] - Text ' ' is set on object 'Object Repository/RAD_RecordAndPlay/input_reTypeJointFilerSSN'

2023-11-01 16:07:49 - [TEST_STEP][PASSED] - resText = "Fail": null

2023-11-01 16:07:49 - [TEST_STEP][PASSED] - pages.WriteExcel.demoKey(resText, datText, resColumn, datCloumn, fileLoc, nameSheet, row): pages.WriteExcel.demoKey is PASSED

2023-11-01 16:07:49 - [MESSAGE][PASSED] - pages.WriteExcel.demoKey is PASSED

2023-11-01 16:07:49 - [TEST_STEP][PASSED] - verifyTextPresent("Enter first name", true, CONTINUE_ON_FAILURE): Text 'Enter first name' is present on page  using regular expression

2023-11-01 16:07:50 - [MESSAGE][PASSED] - Text 'Enter first name' is present on page  using regular expression

2023-11-01 16:07:50 - [TEST_STEP][PASSED] - verifyTextPresent("Enter last name", true, CONTINUE_ON_FAILURE): Text 'Enter last name' is present on page  using regular expression

2023-11-01 16:07:50 - [MESSAGE][PASSED] - Text 'Enter last name' is present on page  using regular expression

2023-11-01 16:07:50 - [TEST_STEP][PASSED] - verifyTextPresent("Please enter a valid SSN with 9 digits", true, CONTINUE_ON_FAILURE): Text 'Please enter a valid SSN with 9 digits' is present on page  using regular expression

2023-11-01 16:07:50 - [MESSAGE][PASSED] - Text 'Please enter a valid SSN with 9 digits' is present on page  using regular expression

2023-11-01 16:07:50 - [TEST_STEP][PASSED] - verifyTextPresent("Re-type SSN Validation Error", true, CONTINUE_ON_FAILURE): Text 'Re-type SSN Validation Error' is present on page  using regular expression

2023-11-01 16:07:51 - [MESSAGE][PASSED] - Text 'Re-type SSN Validation Error' is present on page  using regular expression

2023-11-01 16:07:51 - [TEST_STEP][PASSED] - verifyTextPresent("Enter address", true, CONTINUE_ON_FAILURE): Text 'Enter address' is present on page  using regular expression

2023-11-01 16:07:51 - [MESSAGE][PASSED] - Text 'Enter address' is present on page  using regular expression

2023-11-01 16:07:51 - [TEST_STEP][PASSED] - verifyTextPresent("Enter city", true, CONTINUE_ON_FAILURE): Text 'Enter city' is present on page  using regular expression

2023-11-01 16:07:51 - [MESSAGE][PASSED] - Text 'Enter city' is present on page  using regular expression

2023-11-01 16:07:51 - [TEST_STEP][PASSED] - verifyTextPresent("Enter ZIP code", true, CONTINUE_ON_FAILURE): Text 'Enter ZIP code' is present on page  using regular expression

2023-11-01 16:07:52 - [MESSAGE][PASSED] - Text 'Enter ZIP code' is present on page  using regular expression

2023-11-01 16:07:52 - [TEST_STEP][PASSED] - verifyTextPresent("Enter a valid phone number", true, CONTINUE_ON_FAILURE): Text 'Enter a valid phone number' is present on page  using regular expression

2023-11-01 16:07:52 - [MESSAGE][PASSED] - Text 'Enter a valid phone number' is present on page  using regular expression

2023-11-01 16:07:52 - [TEST_STEP][PASSED] - verifyTextPresent("Enter Email", true, CONTINUE_ON_FAILURE): Text 'Enter Email' is present on page  using regular expression

2023-11-01 16:07:52 - [MESSAGE][PASSED] - Text 'Enter Email' is present on page  using regular expression

2023-11-01 16:07:52 - [TEST_STEP][PASSED] - verifyTextPresent("Enter joint payer first name", true, CONTINUE_ON_FAILURE): Text 'Enter joint payer first name' is present on page  using regular expression

2023-11-01 16:07:53 - [MESSAGE][PASSED] - Text 'Enter joint payer first name' is present on page  using regular expression

2023-11-01 16:07:53 - [TEST_STEP][PASSED] - verifyTextPresent("Enter joint payer last name", true, CONTINUE_ON_FAILURE): Text 'Enter joint payer last name' is present on page  using regular expression

2023-11-01 16:07:53 - [MESSAGE][PASSED] - Text 'Enter joint payer last name' is present on page  using regular expression

2023-11-01 16:07:53 - [TEST_STEP][PASSED] - verifyTextPresent("Please enter a valid SSN with 9 digits", true, CONTINUE_ON_FAILURE): Text 'Please enter a valid SSN with 9 digits' is present on page  using regular expression

2023-11-01 16:07:54 - [MESSAGE][PASSED] - Text 'Please enter a valid SSN with 9 digits' is present on page  using regular expression

2023-11-01 16:07:54 - [TEST_STEP][PASSED] - verifyTextPresent("Re-type SSN Validation Error", true, CONTINUE_ON_FAILURE): Text 'Re-type SSN Validation Error' is present on page  using regular expression

2023-11-01 16:07:54 - [MESSAGE][PASSED] - Text 'Re-type SSN Validation Error' is present on page  using regular expression

2023-11-01 16:07:54 - [TEST_STEP][PASSED] - resText = "Pass": null

2023-11-01 16:07:54 - [TEST_STEP][PASSED] - pages.WriteExcel.demoKey(resText, datText, resColumn, datCloumn, fileLoc, nameSheet, row): pages.WriteExcel.demoKey is PASSED

2023-11-01 16:07:54 - [MESSAGE][PASSED] - pages.WriteExcel.demoKey is PASSED

2023-11-01 16:07:54 - [TEST_STEP][PASSED] - ExecuteTC = findTestData(dataFile).getValue("Execute", row): null

2023-11-01 16:07:54 - [TEST_STEP][PASSED] - TaxType = findTestData(dataFile).getValue("TaxType", row): null

2023-11-01 16:07:54 - [TEST_STEP][PASSED] - PaymentType = findTestData(dataFile).getValue("PaymentType", row): null

2023-11-01 16:07:54 - [TEST_STEP][PASSED] - FilingYear = findTestData(dataFile).getValue("Year", row): null

2023-11-01 16:07:54 - [TEST_STEP][PASSED] - if (ExecuteTC.equalsIgnoreCase("Y")): pages.WriteExcel.demoKey is PASSED

2023-11-01 16:07:54 - [TEST_STEP][PASSED] - out.println("Begin Record Number: " + row): null

2023-11-01 16:07:54 - [TEST_STEP][PASSED] - today = new java.util.Date(): null

2023-11-01 16:07:54 - [TEST_STEP][PASSED] - println(today): null

2023-11-01 16:07:54 - [TEST_STEP][PASSED] - datText = today: null

2023-11-01 16:07:54 - [TEST_STEP][PASSED] - logInfo("Payment Type: " + PaymentType): Payment Type: Extension Payments

2023-11-01 16:07:54 - [MESSAGE][INFO] - Payment Type: Extension Payments

2023-11-01 16:07:54 - [TEST_STEP][PASSED] - logInfo("Tax Type: " + TaxType): Tax Type: Personal Income Tax

2023-11-01 16:07:54 - [MESSAGE][INFO] - Tax Type: Personal Income Tax

2023-11-01 16:07:54 - [TEST_STEP][PASSED] - openBrowser(""): Browser is opened with url: ''

2023-11-01 16:07:54 - [MESSAGE][WARNING] - A browser is already opened. Closing browser and opening a new one

2023-11-01 16:07:55 - [MESSAGE][INFO] - Starting 'Chrome' driver

2023-11-01 16:07:55 - [MESSAGE][INFO] - User set preference: ['acceptInsecureCerts', 'true']

2023-11-01 16:07:55 - [MESSAGE][INFO] - Action delay is set to 0 milliseconds

2023-11-01 16:07:57 - [MESSAGE][PASSED] - Browser is opened with url: ''

2023-11-01 16:07:57 - [TEST_STEP][PASSED] - maximizeWindow(): Current window maximized

2023-11-01 16:07:57 - [MESSAGE][PASSED] - Current window maximized

2023-11-01 16:07:57 - [TEST_STEP][PASSED] - navigateToUrl(RADurl): Navigate to 'https://qa2.velocitypayment.com/client/rad/index.html' successfully

2023-11-01 16:07:57 - [MESSAGE][PASSED] - Navigate to 'https://qa2.velocitypayment.com/client/rad/index.html' successfully

2023-11-01 16:07:57 - [TEST_STEP][PASSED] - selectOptionByLabel(findTestObject(orPath_Landing + "/dd_TaxType"), PaymentType, false): All options with label 'Extension Payments' are selected in object 'Object Repository/RAD_Pages/Landing_Page/dd_TaxType' 

2023-11-01 16:07:59 - [MESSAGE][PASSED] - All options with label 'Extension Payments' are selected in object 'Object Repository/RAD_Pages/Landing_Page/dd_TaxType' 

2023-11-01 16:07:59 - [TEST_STEP][PASSED] - switch (PaymentType): null

2023-11-01 16:07:59 - [TEST_STEP][PASSED] - case "Extension Payments":: null

2023-11-01 16:07:59 - [TEST_STEP][PASSED] - selectOptionByLabel(findTestObject(orPath_TaxTypeFilingYear + "/select_PaymentType"), TaxType, false): All options with label 'Personal Income Tax' are selected in object 'Object Repository/RAD_Pages/TaxTypeFilingYear_Page/select_PaymentType' 

2023-11-01 16:08:00 - [MESSAGE][PASSED] - All options with label 'Personal Income Tax' are selected in object 'Object Repository/RAD_Pages/TaxTypeFilingYear_Page/select_PaymentType' 

2023-11-01 16:08:00 - [TEST_STEP][PASSED] - break: null

2023-11-01 16:08:00 - [TEST_STEP][PASSED] - if (!(FilingYear.isEmpty())): All options with label '2022' are selected in object 'Object Repository/RAD_Pages/TaxTypeFilingYear_Page/select_FilingYear' 

2023-11-01 16:08:00 - [TEST_STEP][PASSED] - selectOptionByLabel(findTestObject(orPath_TaxTypeFilingYear + "/select_FilingYear"), FilingYear, false): All options with label '2022' are selected in object 'Object Repository/RAD_Pages/TaxTypeFilingYear_Page/select_FilingYear' 

2023-11-01 16:08:01 - [MESSAGE][PASSED] - All options with label '2022' are selected in object 'Object Repository/RAD_Pages/TaxTypeFilingYear_Page/select_FilingYear' 

2023-11-01 16:08:01 - [TEST_STEP][PASSED] - setText(findTestObject(orPath_TaxPayer + "/input_firstName"), " "): Text ' ' is set on object 'Object Repository/RAD_Pages/Taxpayer_Page/input_firstName'

2023-11-01 16:08:01 - [MESSAGE][PASSED] - Text ' ' is set on object 'Object Repository/RAD_Pages/Taxpayer_Page/input_firstName'

2023-11-01 16:08:01 - [TEST_STEP][PASSED] - setText(findTestObject(orPath_TaxPayer + "/input_lastName"), " "): Text ' ' is set on object 'Object Repository/RAD_Pages/Taxpayer_Page/input_lastName'

2023-11-01 16:08:02 - [MESSAGE][PASSED] - Text ' ' is set on object 'Object Repository/RAD_Pages/Taxpayer_Page/input_lastName'

2023-11-01 16:08:02 - [TEST_STEP][PASSED] - setText(findTestObject("RAD_RecordAndPlay/input_concatSSN"), " "): Text ' ' is set on object 'Object Repository/RAD_RecordAndPlay/input_concatSSN'

2023-11-01 16:08:02 - [MESSAGE][PASSED] - Text ' ' is set on object 'Object Repository/RAD_RecordAndPlay/input_concatSSN'

2023-11-01 16:08:02 - [TEST_STEP][PASSED] - setText(findTestObject("RAD_RecordAndPlay/input_concatReSSN"), " "): Text ' ' is set on object 'Object Repository/RAD_RecordAndPlay/input_concatReSSN'

2023-11-01 16:08:03 - [MESSAGE][PASSED] - Text ' ' is set on object 'Object Repository/RAD_RecordAndPlay/input_concatReSSN'

2023-11-01 16:08:03 - [TEST_STEP][PASSED] - setText(findTestObject(orPath_AddressContact + "/input_streetAddress1"), " "): Text ' ' is set on object 'Object Repository/RAD_Pages/AddressAndContactInfo_Page/input_streetAddress1'

2023-11-01 16:08:04 - [MESSAGE][PASSED] - Text ' ' is set on object 'Object Repository/RAD_Pages/AddressAndContactInfo_Page/input_streetAddress1'

2023-11-01 16:08:04 - [TEST_STEP][PASSED] - setText(findTestObject(orPath_AddressContact + "/input_city"), " "): Text ' ' is set on object 'Object Repository/RAD_Pages/AddressAndContactInfo_Page/input_city'

2023-11-01 16:08:05 - [MESSAGE][PASSED] - Text ' ' is set on object 'Object Repository/RAD_Pages/AddressAndContactInfo_Page/input_city'

2023-11-01 16:08:05 - [TEST_STEP][PASSED] - setText(findTestObject(orPath_AddressContact + "/input_zipCode"), " "): Text ' ' is set on object 'Object Repository/RAD_Pages/AddressAndContactInfo_Page/input_zipCode'

2023-11-01 16:08:05 - [MESSAGE][PASSED] - Text ' ' is set on object 'Object Repository/RAD_Pages/AddressAndContactInfo_Page/input_zipCode'

2023-11-01 16:08:05 - [TEST_STEP][PASSED] - setText(findTestObject(orPath_AddressContact + "/input_phoneNumber"), " "): Text ' ' is set on object 'Object Repository/RAD_Pages/AddressAndContactInfo_Page/input_phoneNumber'

2023-11-01 16:08:06 - [MESSAGE][PASSED] - Text ' ' is set on object 'Object Repository/RAD_Pages/AddressAndContactInfo_Page/input_phoneNumber'

2023-11-01 16:08:06 - [TEST_STEP][PASSED] - setText(findTestObject(orPath_AddressContact + "/input_eMailAddress"), " "): Text ' ' is set on object 'Object Repository/RAD_Pages/AddressAndContactInfo_Page/input_eMailAddress'

2023-11-01 16:08:07 - [MESSAGE][PASSED] - Text ' ' is set on object 'Object Repository/RAD_Pages/AddressAndContactInfo_Page/input_eMailAddress'

2023-11-01 16:08:07 - [TEST_STEP][PASSED] - setText(findTestObject(orPath_AddressContact + "/input_reEnterEMailAddress"), " "): Text ' ' is set on object 'Object Repository/RAD_Pages/AddressAndContactInfo_Page/input_reEnterEMailAddress'

2023-11-01 16:08:08 - [MESSAGE][PASSED] - Text ' ' is set on object 'Object Repository/RAD_Pages/AddressAndContactInfo_Page/input_reEnterEMailAddress'

2023-11-01 16:08:08 - [TEST_STEP][PASSED] - scrollToElement(findTestObject(orPath_Landing + "/button_Continue"), 3): Scroll to object 'Object Repository/RAD_Pages/Landing_Page/button_Continue' successfully

2023-11-01 16:08:08 - [MESSAGE][PASSED] - Scroll to object 'Object Repository/RAD_Pages/Landing_Page/button_Continue' successfully

2023-11-01 16:08:08 - [TEST_STEP][PASSED] - waitForElementClickable(findTestObject(orPath_FilingStatus + "/input_JointFiling_userType_New"), 5): Object 'Object Repository/RAD_Pages/FilingStatus_Page/input_JointFiling_userType_New' is clickable

2023-11-01 16:08:09 - [MESSAGE][PASSED] - Object 'Object Repository/RAD_Pages/FilingStatus_Page/input_JointFiling_userType_New' is clickable

2023-11-01 16:08:09 - [TEST_STEP][PASSED] - check(findTestObject(orPath_FilingStatus + "/input_JointFiling_userType_New")): Object 'Object Repository/RAD_Pages/FilingStatus_Page/input_JointFiling_userType_New' is checked

2023-11-01 16:08:09 - [MESSAGE][PASSED] - Object 'Object Repository/RAD_Pages/FilingStatus_Page/input_JointFiling_userType_New' is checked

2023-11-01 16:08:09 - [TEST_STEP][PASSED] - delay(2): Delayed 2 second(s)

2023-11-01 16:08:11 - [MESSAGE][PASSED] - Delayed 2 second(s)

2023-11-01 16:08:11 - [TEST_STEP][PASSED] - setText(findTestObject(orPath_FilingStatus + "/input_jointFirstName"), " "): Text ' ' is set on object 'Object Repository/RAD_Pages/FilingStatus_Page/input_jointFirstName'

2023-11-01 16:08:12 - [MESSAGE][PASSED] - Text ' ' is set on object 'Object Repository/RAD_Pages/FilingStatus_Page/input_jointFirstName'

2023-11-01 16:08:12 - [TEST_STEP][PASSED] - setText(findTestObject(orPath_FilingStatus + "/input_jointLastName"), " "): Text ' ' is set on object 'Object Repository/RAD_Pages/FilingStatus_Page/input_jointLastName'

2023-11-01 16:08:13 - [MESSAGE][PASSED] - Text ' ' is set on object 'Object Repository/RAD_Pages/FilingStatus_Page/input_jointLastName'

2023-11-01 16:08:13 - [TEST_STEP][PASSED] - setText(findTestObject("Object Repository/RAD_RecordAndPlay/input_JointFilerSSN"), " "): Text ' ' is set on object 'Object Repository/RAD_RecordAndPlay/input_JointFilerSSN'

2023-11-01 16:08:13 - [MESSAGE][PASSED] - Text ' ' is set on object 'Object Repository/RAD_RecordAndPlay/input_JointFilerSSN'

2023-11-01 16:08:13 - [TEST_STEP][PASSED] - setText(findTestObject("Object Repository/RAD_RecordAndPlay/input_reTypeJointFilerSSN"), " "): Text ' ' is set on object 'Object Repository/RAD_RecordAndPlay/input_reTypeJointFilerSSN'

2023-11-01 16:08:14 - [MESSAGE][PASSED] - Text ' ' is set on object 'Object Repository/RAD_RecordAndPlay/input_reTypeJointFilerSSN'

2023-11-01 16:08:14 - [TEST_STEP][PASSED] - resText = "Fail": null

2023-11-01 16:08:14 - [TEST_STEP][PASSED] - pages.WriteExcel.demoKey(resText, datText, resColumn, datCloumn, fileLoc, nameSheet, row): pages.WriteExcel.demoKey is PASSED

2023-11-01 16:08:14 - [MESSAGE][PASSED] - pages.WriteExcel.demoKey is PASSED

2023-11-01 16:08:14 - [TEST_STEP][PASSED] - verifyTextPresent("Enter first name", true, CONTINUE_ON_FAILURE): Text 'Enter first name' is present on page  using regular expression

2023-11-01 16:08:14 - [MESSAGE][PASSED] - Text 'Enter first name' is present on page  using regular expression

2023-11-01 16:08:14 - [TEST_STEP][PASSED] - verifyTextPresent("Enter last name", true, CONTINUE_ON_FAILURE): Text 'Enter last name' is present on page  using regular expression

2023-11-01 16:08:15 - [MESSAGE][PASSED] - Text 'Enter last name' is present on page  using regular expression

2023-11-01 16:08:15 - [TEST_STEP][PASSED] - verifyTextPresent("Please enter a valid SSN with 9 digits", true, CONTINUE_ON_FAILURE): Text 'Please enter a valid SSN with 9 digits' is present on page  using regular expression

2023-11-01 16:08:15 - [MESSAGE][PASSED] - Text 'Please enter a valid SSN with 9 digits' is present on page  using regular expression

2023-11-01 16:08:15 - [TEST_STEP][PASSED] - verifyTextPresent("Re-type SSN Validation Error", true, CONTINUE_ON_FAILURE): Text 'Re-type SSN Validation Error' is present on page  using regular expression

2023-11-01 16:08:15 - [MESSAGE][PASSED] - Text 'Re-type SSN Validation Error' is present on page  using regular expression

2023-11-01 16:08:15 - [TEST_STEP][PASSED] - verifyTextPresent("Enter address", true, CONTINUE_ON_FAILURE): Text 'Enter address' is present on page  using regular expression

2023-11-01 16:08:16 - [MESSAGE][PASSED] - Text 'Enter address' is present on page  using regular expression

2023-11-01 16:08:16 - [TEST_STEP][PASSED] - verifyTextPresent("Enter city", true, CONTINUE_ON_FAILURE): Text 'Enter city' is present on page  using regular expression

2023-11-01 16:08:16 - [MESSAGE][PASSED] - Text 'Enter city' is present on page  using regular expression

2023-11-01 16:08:16 - [TEST_STEP][PASSED] - verifyTextPresent("Enter ZIP code", true, CONTINUE_ON_FAILURE): Text 'Enter ZIP code' is present on page  using regular expression

2023-11-01 16:08:17 - [MESSAGE][PASSED] - Text 'Enter ZIP code' is present on page  using regular expression

2023-11-01 16:08:17 - [TEST_STEP][PASSED] - verifyTextPresent("Enter a valid phone number", true, CONTINUE_ON_FAILURE): Text 'Enter a valid phone number' is present on page  using regular expression

2023-11-01 16:08:17 - [MESSAGE][PASSED] - Text 'Enter a valid phone number' is present on page  using regular expression

2023-11-01 16:08:17 - [TEST_STEP][PASSED] - verifyTextPresent("Enter Email", true, CONTINUE_ON_FAILURE): Text 'Enter Email' is present on page  using regular expression

2023-11-01 16:08:17 - [MESSAGE][PASSED] - Text 'Enter Email' is present on page  using regular expression

2023-11-01 16:08:17 - [TEST_STEP][PASSED] - verifyTextPresent("Enter joint payer first name", true, CONTINUE_ON_FAILURE): Text 'Enter joint payer first name' is present on page  using regular expression

2023-11-01 16:08:18 - [MESSAGE][PASSED] - Text 'Enter joint payer first name' is present on page  using regular expression

2023-11-01 16:08:18 - [TEST_STEP][PASSED] - verifyTextPresent("Enter joint payer last name", true, CONTINUE_ON_FAILURE): Text 'Enter joint payer last name' is present on page  using regular expression

2023-11-01 16:08:18 - [MESSAGE][PASSED] - Text 'Enter joint payer last name' is present on page  using regular expression

2023-11-01 16:08:18 - [TEST_STEP][PASSED] - verifyTextPresent("Please enter a valid SSN with 9 digits", true, CONTINUE_ON_FAILURE): Text 'Please enter a valid SSN with 9 digits' is present on page  using regular expression

2023-11-01 16:08:18 - [MESSAGE][PASSED] - Text 'Please enter a valid SSN with 9 digits' is present on page  using regular expression

2023-11-01 16:08:18 - [TEST_STEP][PASSED] - verifyTextPresent("Re-type SSN Validation Error", true, CONTINUE_ON_FAILURE): Text 'Re-type SSN Validation Error' is present on page  using regular expression

2023-11-01 16:08:19 - [MESSAGE][PASSED] - Text 'Re-type SSN Validation Error' is present on page  using regular expression

2023-11-01 16:08:19 - [TEST_STEP][PASSED] - resText = "Pass": null

2023-11-01 16:08:19 - [TEST_STEP][PASSED] - pages.WriteExcel.demoKey(resText, datText, resColumn, datCloumn, fileLoc, nameSheet, row): pages.WriteExcel.demoKey is PASSED

2023-11-01 16:08:19 - [MESSAGE][PASSED] - pages.WriteExcel.demoKey is PASSED

2023-11-01 16:08:19 - [TEST_STEP][PASSED] - ExecuteTC = findTestData(dataFile).getValue("Execute", row): null

2023-11-01 16:08:19 - [TEST_STEP][PASSED] - TaxType = findTestData(dataFile).getValue("TaxType", row): null

2023-11-01 16:08:19 - [TEST_STEP][PASSED] - PaymentType = findTestData(dataFile).getValue("PaymentType", row): null

2023-11-01 16:08:19 - [TEST_STEP][PASSED] - FilingYear = findTestData(dataFile).getValue("Year", row): null

2023-11-01 16:08:19 - [TEST_STEP][PASSED] - if (ExecuteTC.equalsIgnoreCase("Y")): pages.WriteExcel.demoKey is PASSED

2023-11-01 16:08:19 - [TEST_STEP][PASSED] - out.println("Begin Record Number: " + row): null

2023-11-01 16:08:19 - [TEST_STEP][PASSED] - today = new java.util.Date(): null

2023-11-01 16:08:19 - [TEST_STEP][PASSED] - println(today): null

2023-11-01 16:08:19 - [TEST_STEP][PASSED] - datText = today: null

2023-11-01 16:08:19 - [TEST_STEP][PASSED] - logInfo("Payment Type: " + PaymentType): Payment Type: New Tax Return Amount Due

2023-11-01 16:08:19 - [MESSAGE][INFO] - Payment Type: New Tax Return Amount Due

2023-11-01 16:08:19 - [TEST_STEP][PASSED] - logInfo("Tax Type: " + TaxType): Tax Type: Personal Income Tax

2023-11-01 16:08:19 - [MESSAGE][INFO] - Tax Type: Personal Income Tax

2023-11-01 16:08:19 - [TEST_STEP][PASSED] - openBrowser(""): Browser is opened with url: ''

2023-11-01 16:08:19 - [MESSAGE][WARNING] - A browser is already opened. Closing browser and opening a new one

2023-11-01 16:08:20 - [MESSAGE][INFO] - Starting 'Chrome' driver

2023-11-01 16:08:20 - [MESSAGE][INFO] - User set preference: ['acceptInsecureCerts', 'true']

2023-11-01 16:08:20 - [MESSAGE][INFO] - Action delay is set to 0 milliseconds

2023-11-01 16:08:22 - [MESSAGE][PASSED] - Browser is opened with url: ''

2023-11-01 16:08:22 - [TEST_STEP][PASSED] - maximizeWindow(): Current window maximized

2023-11-01 16:08:22 - [MESSAGE][PASSED] - Current window maximized

2023-11-01 16:08:22 - [TEST_STEP][PASSED] - navigateToUrl(RADurl): Navigate to 'https://qa2.velocitypayment.com/client/rad/index.html' successfully

2023-11-01 16:08:22 - [MESSAGE][PASSED] - Navigate to 'https://qa2.velocitypayment.com/client/rad/index.html' successfully

2023-11-01 16:08:22 - [TEST_STEP][PASSED] - selectOptionByLabel(findTestObject(orPath_Landing + "/dd_TaxType"), PaymentType, false): All options with label 'New Tax Return Amount Due' are selected in object 'Object Repository/RAD_Pages/Landing_Page/dd_TaxType' 

2023-11-01 16:08:24 - [MESSAGE][PASSED] - All options with label 'New Tax Return Amount Due' are selected in object 'Object Repository/RAD_Pages/Landing_Page/dd_TaxType' 

2023-11-01 16:08:24 - [TEST_STEP][PASSED] - switch (PaymentType): null

2023-11-01 16:08:24 - [TEST_STEP][PASSED] - case "New Tax Return Amount Due":: null

2023-11-01 16:08:24 - [TEST_STEP][PASSED] - selectOptionByLabel(findTestObject("Object Repository/RAD_Pages/Landing_Page/select_NewTaxReturnAmountDue_TaxType"), TaxType, false): All options with label 'Personal Income Tax' are selected in object 'Object Repository/RAD_Pages/Landing_Page/select_NewTaxReturnAmountDue_TaxType' 

2023-11-01 16:08:25 - [MESSAGE][PASSED] - All options with label 'Personal Income Tax' are selected in object 'Object Repository/RAD_Pages/Landing_Page/select_NewTaxReturnAmountDue_TaxType' 

2023-11-01 16:08:25 - [TEST_STEP][PASSED] - break: null

2023-11-01 16:08:25 - [TEST_STEP][PASSED] - if (!(FilingYear.isEmpty())): All options with label '2022' are selected in object 'Object Repository/RAD_Pages/TaxTypeFilingYear_Page/select_FilingYear' 

2023-11-01 16:08:25 - [TEST_STEP][PASSED] - selectOptionByLabel(findTestObject(orPath_TaxTypeFilingYear + "/select_FilingYear"), FilingYear, false): All options with label '2022' are selected in object 'Object Repository/RAD_Pages/TaxTypeFilingYear_Page/select_FilingYear' 

2023-11-01 16:08:25 - [MESSAGE][PASSED] - All options with label '2022' are selected in object 'Object Repository/RAD_Pages/TaxTypeFilingYear_Page/select_FilingYear' 

2023-11-01 16:08:25 - [TEST_STEP][PASSED] - setText(findTestObject(orPath_TaxPayer + "/input_firstName"), " "): Text ' ' is set on object 'Object Repository/RAD_Pages/Taxpayer_Page/input_firstName'

2023-11-01 16:08:26 - [MESSAGE][PASSED] - Text ' ' is set on object 'Object Repository/RAD_Pages/Taxpayer_Page/input_firstName'

2023-11-01 16:08:26 - [TEST_STEP][PASSED] - setText(findTestObject(orPath_TaxPayer + "/input_lastName"), " "): Text ' ' is set on object 'Object Repository/RAD_Pages/Taxpayer_Page/input_lastName'

2023-11-01 16:08:27 - [MESSAGE][PASSED] - Text ' ' is set on object 'Object Repository/RAD_Pages/Taxpayer_Page/input_lastName'

2023-11-01 16:08:27 - [TEST_STEP][PASSED] - setText(findTestObject("RAD_RecordAndPlay/input_concatSSN"), " "): Text ' ' is set on object 'Object Repository/RAD_RecordAndPlay/input_concatSSN'

2023-11-01 16:08:27 - [MESSAGE][PASSED] - Text ' ' is set on object 'Object Repository/RAD_RecordAndPlay/input_concatSSN'

2023-11-01 16:08:27 - [TEST_STEP][PASSED] - setText(findTestObject("RAD_RecordAndPlay/input_concatReSSN"), " "): Text ' ' is set on object 'Object Repository/RAD_RecordAndPlay/input_concatReSSN'

2023-11-01 16:08:28 - [MESSAGE][PASSED] - Text ' ' is set on object 'Object Repository/RAD_RecordAndPlay/input_concatReSSN'

2023-11-01 16:08:28 - [TEST_STEP][PASSED] - setText(findTestObject(orPath_AddressContact + "/input_streetAddress1"), " "): Text ' ' is set on object 'Object Repository/RAD_Pages/AddressAndContactInfo_Page/input_streetAddress1'

2023-11-01 16:08:29 - [MESSAGE][PASSED] - Text ' ' is set on object 'Object Repository/RAD_Pages/AddressAndContactInfo_Page/input_streetAddress1'

2023-11-01 16:08:29 - [TEST_STEP][PASSED] - setText(findTestObject(orPath_AddressContact + "/input_city"), " "): Text ' ' is set on object 'Object Repository/RAD_Pages/AddressAndContactInfo_Page/input_city'

2023-11-01 16:08:29 - [MESSAGE][PASSED] - Text ' ' is set on object 'Object Repository/RAD_Pages/AddressAndContactInfo_Page/input_city'

2023-11-01 16:08:29 - [TEST_STEP][PASSED] - setText(findTestObject(orPath_AddressContact + "/input_zipCode"), " "): Text ' ' is set on object 'Object Repository/RAD_Pages/AddressAndContactInfo_Page/input_zipCode'

2023-11-01 16:08:30 - [MESSAGE][PASSED] - Text ' ' is set on object 'Object Repository/RAD_Pages/AddressAndContactInfo_Page/input_zipCode'

2023-11-01 16:08:30 - [TEST_STEP][PASSED] - setText(findTestObject(orPath_AddressContact + "/input_phoneNumber"), " "): Text ' ' is set on object 'Object Repository/RAD_Pages/AddressAndContactInfo_Page/input_phoneNumber'

2023-11-01 16:08:31 - [MESSAGE][PASSED] - Text ' ' is set on object 'Object Repository/RAD_Pages/AddressAndContactInfo_Page/input_phoneNumber'

2023-11-01 16:08:31 - [TEST_STEP][PASSED] - setText(findTestObject(orPath_AddressContact + "/input_eMailAddress"), " "): Text ' ' is set on object 'Object Repository/RAD_Pages/AddressAndContactInfo_Page/input_eMailAddress'

2023-11-01 16:08:32 - [MESSAGE][PASSED] - Text ' ' is set on object 'Object Repository/RAD_Pages/AddressAndContactInfo_Page/input_eMailAddress'

2023-11-01 16:08:32 - [TEST_STEP][PASSED] - setText(findTestObject(orPath_AddressContact + "/input_reEnterEMailAddress"), " "): Text ' ' is set on object 'Object Repository/RAD_Pages/AddressAndContactInfo_Page/input_reEnterEMailAddress'

2023-11-01 16:08:33 - [MESSAGE][PASSED] - Text ' ' is set on object 'Object Repository/RAD_Pages/AddressAndContactInfo_Page/input_reEnterEMailAddress'

2023-11-01 16:08:33 - [TEST_STEP][PASSED] - scrollToElement(findTestObject(orPath_Landing + "/button_Continue"), 3): Scroll to object 'Object Repository/RAD_Pages/Landing_Page/button_Continue' successfully

2023-11-01 16:08:33 - [MESSAGE][PASSED] - Scroll to object 'Object Repository/RAD_Pages/Landing_Page/button_Continue' successfully

2023-11-01 16:08:33 - [TEST_STEP][PASSED] - waitForElementClickable(findTestObject(orPath_FilingStatus + "/input_JointFiling_userType_New"), 5): Object 'Object Repository/RAD_Pages/FilingStatus_Page/input_JointFiling_userType_New' is clickable

2023-11-01 16:08:33 - [MESSAGE][PASSED] - Object 'Object Repository/RAD_Pages/FilingStatus_Page/input_JointFiling_userType_New' is clickable

2023-11-01 16:08:33 - [TEST_STEP][PASSED] - check(findTestObject(orPath_FilingStatus + "/input_JointFiling_userType_New")): Object 'Object Repository/RAD_Pages/FilingStatus_Page/input_JointFiling_userType_New' is checked

2023-11-01 16:08:34 - [MESSAGE][PASSED] - Object 'Object Repository/RAD_Pages/FilingStatus_Page/input_JointFiling_userType_New' is checked

2023-11-01 16:08:34 - [TEST_STEP][PASSED] - delay(2): Delayed 2 second(s)

2023-11-01 16:08:36 - [MESSAGE][PASSED] - Delayed 2 second(s)

2023-11-01 16:08:36 - [TEST_STEP][PASSED] - setText(findTestObject(orPath_FilingStatus + "/input_jointFirstName"), " "): Text ' ' is set on object 'Object Repository/RAD_Pages/FilingStatus_Page/input_jointFirstName'

2023-11-01 16:08:37 - [MESSAGE][PASSED] - Text ' ' is set on object 'Object Repository/RAD_Pages/FilingStatus_Page/input_jointFirstName'

2023-11-01 16:08:37 - [TEST_STEP][PASSED] - setText(findTestObject(orPath_FilingStatus + "/input_jointLastName"), " "): Text ' ' is set on object 'Object Repository/RAD_Pages/FilingStatus_Page/input_jointLastName'

2023-11-01 16:08:37 - [MESSAGE][PASSED] - Text ' ' is set on object 'Object Repository/RAD_Pages/FilingStatus_Page/input_jointLastName'

2023-11-01 16:08:37 - [TEST_STEP][PASSED] - setText(findTestObject("Object Repository/RAD_RecordAndPlay/input_JointFilerSSN"), " "): Text ' ' is set on object 'Object Repository/RAD_RecordAndPlay/input_JointFilerSSN'

2023-11-01 16:08:38 - [MESSAGE][PASSED] - Text ' ' is set on object 'Object Repository/RAD_RecordAndPlay/input_JointFilerSSN'

2023-11-01 16:08:38 - [TEST_STEP][PASSED] - setText(findTestObject("Object Repository/RAD_RecordAndPlay/input_reTypeJointFilerSSN"), " "): Text ' ' is set on object 'Object Repository/RAD_RecordAndPlay/input_reTypeJointFilerSSN'

2023-11-01 16:08:39 - [MESSAGE][PASSED] - Text ' ' is set on object 'Object Repository/RAD_RecordAndPlay/input_reTypeJointFilerSSN'

2023-11-01 16:08:39 - [TEST_STEP][PASSED] - resText = "Fail": null

2023-11-01 16:08:39 - [TEST_STEP][PASSED] - pages.WriteExcel.demoKey(resText, datText, resColumn, datCloumn, fileLoc, nameSheet, row): pages.WriteExcel.demoKey is PASSED

2023-11-01 16:08:39 - [MESSAGE][PASSED] - pages.WriteExcel.demoKey is PASSED

2023-11-01 16:08:39 - [TEST_STEP][PASSED] - verifyTextPresent("Enter first name", true, CONTINUE_ON_FAILURE): Text 'Enter first name' is present on page  using regular expression

2023-11-01 16:08:39 - [MESSAGE][PASSED] - Text 'Enter first name' is present on page  using regular expression

2023-11-01 16:08:39 - [TEST_STEP][PASSED] - verifyTextPresent("Enter last name", true, CONTINUE_ON_FAILURE): Text 'Enter last name' is present on page  using regular expression

2023-11-01 16:08:40 - [MESSAGE][PASSED] - Text 'Enter last name' is present on page  using regular expression

2023-11-01 16:08:40 - [TEST_STEP][PASSED] - verifyTextPresent("Please enter a valid SSN with 9 digits", true, CONTINUE_ON_FAILURE): Text 'Please enter a valid SSN with 9 digits' is present on page  using regular expression

2023-11-01 16:08:40 - [MESSAGE][PASSED] - Text 'Please enter a valid SSN with 9 digits' is present on page  using regular expression

2023-11-01 16:08:40 - [TEST_STEP][PASSED] - verifyTextPresent("Re-type SSN Validation Error", true, CONTINUE_ON_FAILURE): Text 'Re-type SSN Validation Error' is present on page  using regular expression

2023-11-01 16:08:40 - [MESSAGE][PASSED] - Text 'Re-type SSN Validation Error' is present on page  using regular expression

2023-11-01 16:08:40 - [TEST_STEP][PASSED] - verifyTextPresent("Enter address", true, CONTINUE_ON_FAILURE): Text 'Enter address' is present on page  using regular expression

2023-11-01 16:08:41 - [MESSAGE][PASSED] - Text 'Enter address' is present on page  using regular expression

2023-11-01 16:08:41 - [TEST_STEP][PASSED] - verifyTextPresent("Enter city", true, CONTINUE_ON_FAILURE): Text 'Enter city' is present on page  using regular expression

2023-11-01 16:08:41 - [MESSAGE][PASSED] - Text 'Enter city' is present on page  using regular expression

2023-11-01 16:08:41 - [TEST_STEP][PASSED] - verifyTextPresent("Enter ZIP code", true, CONTINUE_ON_FAILURE): Text 'Enter ZIP code' is present on page  using regular expression

2023-11-01 16:08:41 - [MESSAGE][PASSED] - Text 'Enter ZIP code' is present on page  using regular expression

2023-11-01 16:08:41 - [TEST_STEP][PASSED] - verifyTextPresent("Enter a valid phone number", true, CONTINUE_ON_FAILURE): Text 'Enter a valid phone number' is present on page  using regular expression

2023-11-01 16:08:42 - [MESSAGE][PASSED] - Text 'Enter a valid phone number' is present on page  using regular expression

2023-11-01 16:08:42 - [TEST_STEP][PASSED] - verifyTextPresent("Enter Email", true, CONTINUE_ON_FAILURE): Text 'Enter Email' is present on page  using regular expression

2023-11-01 16:08:42 - [MESSAGE][PASSED] - Text 'Enter Email' is present on page  using regular expression

2023-11-01 16:08:42 - [TEST_STEP][PASSED] - verifyTextPresent("Enter joint payer first name", true, CONTINUE_ON_FAILURE): Text 'Enter joint payer first name' is present on page  using regular expression

2023-11-01 16:08:43 - [MESSAGE][PASSED] - Text 'Enter joint payer first name' is present on page  using regular expression

2023-11-01 16:08:43 - [TEST_STEP][PASSED] - verifyTextPresent("Enter joint payer last name", true, CONTINUE_ON_FAILURE): Text 'Enter joint payer last name' is present on page  using regular expression

2023-11-01 16:08:43 - [MESSAGE][PASSED] - Text 'Enter joint payer last name' is present on page  using regular expression

2023-11-01 16:08:43 - [TEST_STEP][PASSED] - verifyTextPresent("Please enter a valid SSN with 9 digits", true, CONTINUE_ON_FAILURE): Text 'Please enter a valid SSN with 9 digits' is present on page  using regular expression

2023-11-01 16:08:43 - [MESSAGE][PASSED] - Text 'Please enter a valid SSN with 9 digits' is present on page  using regular expression

2023-11-01 16:08:43 - [TEST_STEP][PASSED] - verifyTextPresent("Re-type SSN Validation Error", true, CONTINUE_ON_FAILURE): Text 'Re-type SSN Validation Error' is present on page  using regular expression

2023-11-01 16:08:44 - [MESSAGE][PASSED] - Text 'Re-type SSN Validation Error' is present on page  using regular expression

2023-11-01 16:08:44 - [TEST_STEP][PASSED] - resText = "Pass": null

2023-11-01 16:08:44 - [TEST_STEP][PASSED] - pages.WriteExcel.demoKey(resText, datText, resColumn, datCloumn, fileLoc, nameSheet, row): pages.WriteExcel.demoKey is PASSED

2023-11-01 16:08:44 - [MESSAGE][PASSED] - pages.WriteExcel.demoKey is PASSED

2023-11-01 16:08:44 - [TEST_STEP][PASSED] - ExecuteTC = findTestData(dataFile).getValue("Execute", row): null

2023-11-01 16:08:44 - [TEST_STEP][PASSED] - TaxType = findTestData(dataFile).getValue("TaxType", row): null

2023-11-01 16:08:44 - [TEST_STEP][PASSED] - PaymentType = findTestData(dataFile).getValue("PaymentType", row): null

2023-11-01 16:08:44 - [TEST_STEP][PASSED] - FilingYear = findTestData(dataFile).getValue("Year", row): null

2023-11-01 16:08:44 - [TEST_STEP][PASSED] - if (ExecuteTC.equalsIgnoreCase("Y")): pages.WriteExcel.demoKey is PASSED

2023-11-01 16:08:44 - [TEST_STEP][PASSED] - out.println("Begin Record Number: " + row): null

2023-11-01 16:08:44 - [TEST_STEP][PASSED] - today = new java.util.Date(): null

2023-11-01 16:08:44 - [TEST_STEP][PASSED] - println(today): null

2023-11-01 16:08:44 - [TEST_STEP][PASSED] - datText = today: null

2023-11-01 16:08:44 - [TEST_STEP][PASSED] - logInfo("Payment Type: " + PaymentType): Payment Type: New Tax Return Amount Due

2023-11-01 16:08:44 - [MESSAGE][INFO] - Payment Type: New Tax Return Amount Due

2023-11-01 16:08:44 - [TEST_STEP][PASSED] - logInfo("Tax Type: " + TaxType): Tax Type: Personal Income Tax

2023-11-01 16:08:44 - [MESSAGE][INFO] - Tax Type: Personal Income Tax

2023-11-01 16:08:44 - [TEST_STEP][PASSED] - openBrowser(""): Browser is opened with url: ''

2023-11-01 16:08:44 - [MESSAGE][WARNING] - A browser is already opened. Closing browser and opening a new one

2023-11-01 16:08:45 - [MESSAGE][INFO] - Starting 'Chrome' driver

2023-11-01 16:08:45 - [MESSAGE][INFO] - User set preference: ['acceptInsecureCerts', 'true']

2023-11-01 16:08:45 - [MESSAGE][INFO] - Action delay is set to 0 milliseconds

2023-11-01 16:08:47 - [MESSAGE][PASSED] - Browser is opened with url: ''

2023-11-01 16:08:47 - [TEST_STEP][PASSED] - maximizeWindow(): Current window maximized

2023-11-01 16:08:47 - [MESSAGE][PASSED] - Current window maximized

2023-11-01 16:08:47 - [TEST_STEP][PASSED] - navigateToUrl(RADurl): Navigate to 'https://qa2.velocitypayment.com/client/rad/index.html' successfully

2023-11-01 16:08:48 - [MESSAGE][PASSED] - Navigate to 'https://qa2.velocitypayment.com/client/rad/index.html' successfully

2023-11-01 16:08:48 - [TEST_STEP][PASSED] - selectOptionByLabel(findTestObject(orPath_Landing + "/dd_TaxType"), PaymentType, false): All options with label 'New Tax Return Amount Due' are selected in object 'Object Repository/RAD_Pages/Landing_Page/dd_TaxType' 

2023-11-01 16:08:49 - [MESSAGE][PASSED] - All options with label 'New Tax Return Amount Due' are selected in object 'Object Repository/RAD_Pages/Landing_Page/dd_TaxType' 

2023-11-01 16:08:49 - [TEST_STEP][PASSED] - switch (PaymentType): null

2023-11-01 16:08:49 - [TEST_STEP][PASSED] - case "New Tax Return Amount Due":: null

2023-11-01 16:08:49 - [TEST_STEP][PASSED] - selectOptionByLabel(findTestObject("Object Repository/RAD_Pages/Landing_Page/select_NewTaxReturnAmountDue_TaxType"), TaxType, false): All options with label 'Personal Income Tax' are selected in object 'Object Repository/RAD_Pages/Landing_Page/select_NewTaxReturnAmountDue_TaxType' 

2023-11-01 16:08:50 - [MESSAGE][PASSED] - All options with label 'Personal Income Tax' are selected in object 'Object Repository/RAD_Pages/Landing_Page/select_NewTaxReturnAmountDue_TaxType' 

2023-11-01 16:08:50 - [TEST_STEP][PASSED] - break: null

2023-11-01 16:08:50 - [TEST_STEP][PASSED] - if (!(FilingYear.isEmpty())): All options with label '2021' are selected in object 'Object Repository/RAD_Pages/TaxTypeFilingYear_Page/select_FilingYear' 

2023-11-01 16:08:50 - [TEST_STEP][PASSED] - selectOptionByLabel(findTestObject(orPath_TaxTypeFilingYear + "/select_FilingYear"), FilingYear, false): All options with label '2021' are selected in object 'Object Repository/RAD_Pages/TaxTypeFilingYear_Page/select_FilingYear' 

2023-11-01 16:08:50 - [MESSAGE][PASSED] - All options with label '2021' are selected in object 'Object Repository/RAD_Pages/TaxTypeFilingYear_Page/select_FilingYear' 

2023-11-01 16:08:50 - [TEST_STEP][PASSED] - setText(findTestObject(orPath_TaxPayer + "/input_firstName"), " "): Text ' ' is set on object 'Object Repository/RAD_Pages/Taxpayer_Page/input_firstName'

2023-11-01 16:08:51 - [MESSAGE][PASSED] - Text ' ' is set on object 'Object Repository/RAD_Pages/Taxpayer_Page/input_firstName'

2023-11-01 16:08:51 - [TEST_STEP][PASSED] - setText(findTestObject(orPath_TaxPayer + "/input_lastName"), " "): Text ' ' is set on object 'Object Repository/RAD_Pages/Taxpayer_Page/input_lastName'

2023-11-01 16:08:52 - [MESSAGE][PASSED] - Text ' ' is set on object 'Object Repository/RAD_Pages/Taxpayer_Page/input_lastName'

2023-11-01 16:08:52 - [TEST_STEP][PASSED] - setText(findTestObject("RAD_RecordAndPlay/input_concatSSN"), " "): Text ' ' is set on object 'Object Repository/RAD_RecordAndPlay/input_concatSSN'

2023-11-01 16:08:53 - [MESSAGE][PASSED] - Text ' ' is set on object 'Object Repository/RAD_RecordAndPlay/input_concatSSN'

2023-11-01 16:08:53 - [TEST_STEP][PASSED] - setText(findTestObject("RAD_RecordAndPlay/input_concatReSSN"), " "): Text ' ' is set on object 'Object Repository/RAD_RecordAndPlay/input_concatReSSN'

2023-11-01 16:08:54 - [MESSAGE][PASSED] - Text ' ' is set on object 'Object Repository/RAD_RecordAndPlay/input_concatReSSN'

2023-11-01 16:08:54 - [TEST_STEP][PASSED] - setText(findTestObject(orPath_AddressContact + "/input_streetAddress1"), " "): Text ' ' is set on object 'Object Repository/RAD_Pages/AddressAndContactInfo_Page/input_streetAddress1'

2023-11-01 16:08:55 - [MESSAGE][PASSED] - Text ' ' is set on object 'Object Repository/RAD_Pages/AddressAndContactInfo_Page/input_streetAddress1'

2023-11-01 16:08:55 - [TEST_STEP][PASSED] - setText(findTestObject(orPath_AddressContact + "/input_city"), " "): Text ' ' is set on object 'Object Repository/RAD_Pages/AddressAndContactInfo_Page/input_city'

2023-11-01 16:08:55 - [MESSAGE][PASSED] - Text ' ' is set on object 'Object Repository/RAD_Pages/AddressAndContactInfo_Page/input_city'

2023-11-01 16:08:55 - [TEST_STEP][PASSED] - setText(findTestObject(orPath_AddressContact + "/input_zipCode"), " "): Text ' ' is set on object 'Object Repository/RAD_Pages/AddressAndContactInfo_Page/input_zipCode'

2023-11-01 16:08:56 - [MESSAGE][PASSED] - Text ' ' is set on object 'Object Repository/RAD_Pages/AddressAndContactInfo_Page/input_zipCode'

2023-11-01 16:08:56 - [TEST_STEP][PASSED] - setText(findTestObject(orPath_AddressContact + "/input_phoneNumber"), " "): Text ' ' is set on object 'Object Repository/RAD_Pages/AddressAndContactInfo_Page/input_phoneNumber'

2023-11-01 16:08:57 - [MESSAGE][PASSED] - Text ' ' is set on object 'Object Repository/RAD_Pages/AddressAndContactInfo_Page/input_phoneNumber'

2023-11-01 16:08:57 - [TEST_STEP][PASSED] - setText(findTestObject(orPath_AddressContact + "/input_eMailAddress"), " "): Text ' ' is set on object 'Object Repository/RAD_Pages/AddressAndContactInfo_Page/input_eMailAddress'

2023-11-01 16:08:58 - [MESSAGE][PASSED] - Text ' ' is set on object 'Object Repository/RAD_Pages/AddressAndContactInfo_Page/input_eMailAddress'

2023-11-01 16:08:58 - [TEST_STEP][PASSED] - setText(findTestObject(orPath_AddressContact + "/input_reEnterEMailAddress"), " "): Text ' ' is set on object 'Object Repository/RAD_Pages/AddressAndContactInfo_Page/input_reEnterEMailAddress'

2023-11-01 16:08:58 - [MESSAGE][PASSED] - Text ' ' is set on object 'Object Repository/RAD_Pages/AddressAndContactInfo_Page/input_reEnterEMailAddress'

2023-11-01 16:08:58 - [TEST_STEP][PASSED] - scrollToElement(findTestObject(orPath_Landing + "/button_Continue"), 3): Scroll to object 'Object Repository/RAD_Pages/Landing_Page/button_Continue' successfully

2023-11-01 16:08:59 - [MESSAGE][PASSED] - Scroll to object 'Object Repository/RAD_Pages/Landing_Page/button_Continue' successfully

2023-11-01 16:08:59 - [TEST_STEP][PASSED] - waitForElementClickable(findTestObject(orPath_FilingStatus + "/input_JointFiling_userType_New"), 5): Object 'Object Repository/RAD_Pages/FilingStatus_Page/input_JointFiling_userType_New' is clickable

2023-11-01 16:08:59 - [MESSAGE][PASSED] - Object 'Object Repository/RAD_Pages/FilingStatus_Page/input_JointFiling_userType_New' is clickable

2023-11-01 16:08:59 - [TEST_STEP][PASSED] - check(findTestObject(orPath_FilingStatus + "/input_JointFiling_userType_New")): Object 'Object Repository/RAD_Pages/FilingStatus_Page/input_JointFiling_userType_New' is checked

2023-11-01 16:08:59 - [MESSAGE][PASSED] - Object 'Object Repository/RAD_Pages/FilingStatus_Page/input_JointFiling_userType_New' is checked

2023-11-01 16:08:59 - [TEST_STEP][PASSED] - delay(2): Delayed 2 second(s)

2023-11-01 16:09:01 - [MESSAGE][PASSED] - Delayed 2 second(s)

2023-11-01 16:09:01 - [TEST_STEP][PASSED] - setText(findTestObject(orPath_FilingStatus + "/input_jointFirstName"), " "): Text ' ' is set on object 'Object Repository/RAD_Pages/FilingStatus_Page/input_jointFirstName'

2023-11-01 16:09:02 - [MESSAGE][PASSED] - Text ' ' is set on object 'Object Repository/RAD_Pages/FilingStatus_Page/input_jointFirstName'

2023-11-01 16:09:02 - [TEST_STEP][PASSED] - setText(findTestObject(orPath_FilingStatus + "/input_jointLastName"), " "): Text ' ' is set on object 'Object Repository/RAD_Pages/FilingStatus_Page/input_jointLastName'

2023-11-01 16:09:03 - [MESSAGE][PASSED] - Text ' ' is set on object 'Object Repository/RAD_Pages/FilingStatus_Page/input_jointLastName'

2023-11-01 16:09:03 - [TEST_STEP][PASSED] - setText(findTestObject("Object Repository/RAD_RecordAndPlay/input_JointFilerSSN"), " "): Text ' ' is set on object 'Object Repository/RAD_RecordAndPlay/input_JointFilerSSN'

2023-11-01 16:09:03 - [MESSAGE][PASSED] - Text ' ' is set on object 'Object Repository/RAD_RecordAndPlay/input_JointFilerSSN'

2023-11-01 16:09:03 - [TEST_STEP][PASSED] - setText(findTestObject("Object Repository/RAD_RecordAndPlay/input_reTypeJointFilerSSN"), " "): Text ' ' is set on object 'Object Repository/RAD_RecordAndPlay/input_reTypeJointFilerSSN'

2023-11-01 16:09:04 - [MESSAGE][PASSED] - Text ' ' is set on object 'Object Repository/RAD_RecordAndPlay/input_reTypeJointFilerSSN'

2023-11-01 16:09:04 - [TEST_STEP][PASSED] - resText = "Fail": null

2023-11-01 16:09:04 - [TEST_STEP][PASSED] - pages.WriteExcel.demoKey(resText, datText, resColumn, datCloumn, fileLoc, nameSheet, row): pages.WriteExcel.demoKey is PASSED

2023-11-01 16:09:04 - [MESSAGE][PASSED] - pages.WriteExcel.demoKey is PASSED

2023-11-01 16:09:04 - [TEST_STEP][PASSED] - verifyTextPresent("Enter first name", true, CONTINUE_ON_FAILURE): Text 'Enter first name' is present on page  using regular expression

2023-11-01 16:09:05 - [MESSAGE][PASSED] - Text 'Enter first name' is present on page  using regular expression

2023-11-01 16:09:05 - [TEST_STEP][PASSED] - verifyTextPresent("Enter last name", true, CONTINUE_ON_FAILURE): Text 'Enter last name' is present on page  using regular expression

2023-11-01 16:09:05 - [MESSAGE][PASSED] - Text 'Enter last name' is present on page  using regular expression

2023-11-01 16:09:05 - [TEST_STEP][PASSED] - verifyTextPresent("Please enter a valid SSN with 9 digits", true, CONTINUE_ON_FAILURE): Text 'Please enter a valid SSN with 9 digits' is present on page  using regular expression

2023-11-01 16:09:05 - [MESSAGE][PASSED] - Text 'Please enter a valid SSN with 9 digits' is present on page  using regular expression

2023-11-01 16:09:05 - [TEST_STEP][PASSED] - verifyTextPresent("Re-type SSN Validation Error", true, CONTINUE_ON_FAILURE): Text 'Re-type SSN Validation Error' is present on page  using regular expression

2023-11-01 16:09:06 - [MESSAGE][PASSED] - Text 'Re-type SSN Validation Error' is present on page  using regular expression

2023-11-01 16:09:06 - [TEST_STEP][PASSED] - verifyTextPresent("Enter address", true, CONTINUE_ON_FAILURE): Text 'Enter address' is present on page  using regular expression

2023-11-01 16:09:06 - [MESSAGE][PASSED] - Text 'Enter address' is present on page  using regular expression

2023-11-01 16:09:06 - [TEST_STEP][PASSED] - verifyTextPresent("Enter city", true, CONTINUE_ON_FAILURE): Text 'Enter city' is present on page  using regular expression

2023-11-01 16:09:06 - [MESSAGE][PASSED] - Text 'Enter city' is present on page  using regular expression

2023-11-01 16:09:06 - [TEST_STEP][PASSED] - verifyTextPresent("Enter ZIP code", true, CONTINUE_ON_FAILURE): Text 'Enter ZIP code' is present on page  using regular expression

2023-11-01 16:09:07 - [MESSAGE][PASSED] - Text 'Enter ZIP code' is present on page  using regular expression

2023-11-01 16:09:07 - [TEST_STEP][PASSED] - verifyTextPresent("Enter a valid phone number", true, CONTINUE_ON_FAILURE): Text 'Enter a valid phone number' is present on page  using regular expression

2023-11-01 16:09:07 - [MESSAGE][PASSED] - Text 'Enter a valid phone number' is present on page  using regular expression

2023-11-01 16:09:07 - [TEST_STEP][PASSED] - verifyTextPresent("Enter Email", true, CONTINUE_ON_FAILURE): Text 'Enter Email' is present on page  using regular expression

2023-11-01 16:09:08 - [MESSAGE][PASSED] - Text 'Enter Email' is present on page  using regular expression

2023-11-01 16:09:08 - [TEST_STEP][PASSED] - verifyTextPresent("Enter joint payer first name", true, CONTINUE_ON_FAILURE): Text 'Enter joint payer first name' is present on page  using regular expression

2023-11-01 16:09:08 - [MESSAGE][PASSED] - Text 'Enter joint payer first name' is present on page  using regular expression

2023-11-01 16:09:08 - [TEST_STEP][PASSED] - verifyTextPresent("Enter joint payer last name", true, CONTINUE_ON_FAILURE): Text 'Enter joint payer last name' is present on page  using regular expression

2023-11-01 16:09:08 - [MESSAGE][PASSED] - Text 'Enter joint payer last name' is present on page  using regular expression

2023-11-01 16:09:08 - [TEST_STEP][PASSED] - verifyTextPresent("Please enter a valid SSN with 9 digits", true, CONTINUE_ON_FAILURE): Text 'Please enter a valid SSN with 9 digits' is present on page  using regular expression

2023-11-01 16:09:09 - [MESSAGE][PASSED] - Text 'Please enter a valid SSN with 9 digits' is present on page  using regular expression

2023-11-01 16:09:09 - [TEST_STEP][PASSED] - verifyTextPresent("Re-type SSN Validation Error", true, CONTINUE_ON_FAILURE): Text 'Re-type SSN Validation Error' is present on page  using regular expression

2023-11-01 16:09:09 - [MESSAGE][PASSED] - Text 'Re-type SSN Validation Error' is present on page  using regular expression

2023-11-01 16:09:09 - [TEST_STEP][PASSED] - resText = "Pass": null

2023-11-01 16:09:09 - [TEST_STEP][PASSED] - pages.WriteExcel.demoKey(resText, datText, resColumn, datCloumn, fileLoc, nameSheet, row): pages.WriteExcel.demoKey is PASSED

2023-11-01 16:09:09 - [MESSAGE][PASSED] - pages.WriteExcel.demoKey is PASSED

2023-11-01 16:09:09 - [TEST_STEP][PASSED] - ExecuteTC = findTestData(dataFile).getValue("Execute", row): null

2023-11-01 16:09:09 - [TEST_STEP][PASSED] - TaxType = findTestData(dataFile).getValue("TaxType", row): null

2023-11-01 16:09:09 - [TEST_STEP][PASSED] - PaymentType = findTestData(dataFile).getValue("PaymentType", row): null

2023-11-01 16:09:09 - [TEST_STEP][PASSED] - FilingYear = findTestData(dataFile).getValue("Year", row): null

2023-11-01 16:09:09 - [TEST_STEP][PASSED] - if (ExecuteTC.equalsIgnoreCase("Y")): pages.WriteExcel.demoKey is PASSED

2023-11-01 16:09:09 - [TEST_STEP][PASSED] - out.println("Begin Record Number: " + row): null

2023-11-01 16:09:09 - [TEST_STEP][PASSED] - today = new java.util.Date(): null

2023-11-01 16:09:09 - [TEST_STEP][PASSED] - println(today): null

2023-11-01 16:09:09 - [TEST_STEP][PASSED] - datText = today: null

2023-11-01 16:09:09 - [TEST_STEP][PASSED] - logInfo("Payment Type: " + PaymentType): Payment Type: New Tax Return Amount Due

2023-11-01 16:09:09 - [MESSAGE][INFO] - Payment Type: New Tax Return Amount Due

2023-11-01 16:09:09 - [TEST_STEP][PASSED] - logInfo("Tax Type: " + TaxType): Tax Type: Personal Income Tax

2023-11-01 16:09:09 - [MESSAGE][INFO] - Tax Type: Personal Income Tax

2023-11-01 16:09:09 - [TEST_STEP][PASSED] - openBrowser(""): Browser is opened with url: ''

2023-11-01 16:09:09 - [MESSAGE][WARNING] - A browser is already opened. Closing browser and opening a new one

2023-11-01 16:09:10 - [MESSAGE][INFO] - Starting 'Chrome' driver

2023-11-01 16:09:10 - [MESSAGE][INFO] - User set preference: ['acceptInsecureCerts', 'true']

2023-11-01 16:09:10 - [MESSAGE][INFO] - Action delay is set to 0 milliseconds

2023-11-01 16:09:12 - [MESSAGE][PASSED] - Browser is opened with url: ''

2023-11-01 16:09:12 - [TEST_STEP][PASSED] - maximizeWindow(): Current window maximized

2023-11-01 16:09:12 - [MESSAGE][PASSED] - Current window maximized

2023-11-01 16:09:12 - [TEST_STEP][PASSED] - navigateToUrl(RADurl): Navigate to 'https://qa2.velocitypayment.com/client/rad/index.html' successfully

2023-11-01 16:09:12 - [MESSAGE][PASSED] - Navigate to 'https://qa2.velocitypayment.com/client/rad/index.html' successfully

2023-11-01 16:09:12 - [TEST_STEP][PASSED] - selectOptionByLabel(findTestObject(orPath_Landing + "/dd_TaxType"), PaymentType, false): All options with label 'New Tax Return Amount Due' are selected in object 'Object Repository/RAD_Pages/Landing_Page/dd_TaxType' 

2023-11-01 16:09:15 - [MESSAGE][PASSED] - All options with label 'New Tax Return Amount Due' are selected in object 'Object Repository/RAD_Pages/Landing_Page/dd_TaxType' 

2023-11-01 16:09:15 - [TEST_STEP][PASSED] - switch (PaymentType): null

2023-11-01 16:09:15 - [TEST_STEP][PASSED] - case "New Tax Return Amount Due":: null

2023-11-01 16:09:15 - [TEST_STEP][PASSED] - selectOptionByLabel(findTestObject("Object Repository/RAD_Pages/Landing_Page/select_NewTaxReturnAmountDue_TaxType"), TaxType, false): All options with label 'Personal Income Tax' are selected in object 'Object Repository/RAD_Pages/Landing_Page/select_NewTaxReturnAmountDue_TaxType' 

2023-11-01 16:09:16 - [MESSAGE][PASSED] - All options with label 'Personal Income Tax' are selected in object 'Object Repository/RAD_Pages/Landing_Page/select_NewTaxReturnAmountDue_TaxType' 

2023-11-01 16:09:16 - [TEST_STEP][PASSED] - break: null

2023-11-01 16:09:16 - [TEST_STEP][PASSED] - if (!(FilingYear.isEmpty())): All options with label '2020' are selected in object 'Object Repository/RAD_Pages/TaxTypeFilingYear_Page/select_FilingYear' 

2023-11-01 16:09:16 - [TEST_STEP][PASSED] - selectOptionByLabel(findTestObject(orPath_TaxTypeFilingYear + "/select_FilingYear"), FilingYear, false): All options with label '2020' are selected in object 'Object Repository/RAD_Pages/TaxTypeFilingYear_Page/select_FilingYear' 

2023-11-01 16:09:16 - [MESSAGE][PASSED] - All options with label '2020' are selected in object 'Object Repository/RAD_Pages/TaxTypeFilingYear_Page/select_FilingYear' 

2023-11-01 16:09:16 - [TEST_STEP][PASSED] - setText(findTestObject(orPath_TaxPayer + "/input_firstName"), " "): Text ' ' is set on object 'Object Repository/RAD_Pages/Taxpayer_Page/input_firstName'

2023-11-01 16:09:17 - [MESSAGE][PASSED] - Text ' ' is set on object 'Object Repository/RAD_Pages/Taxpayer_Page/input_firstName'

2023-11-01 16:09:17 - [TEST_STEP][PASSED] - setText(findTestObject(orPath_TaxPayer + "/input_lastName"), " "): Text ' ' is set on object 'Object Repository/RAD_Pages/Taxpayer_Page/input_lastName'

2023-11-01 16:09:18 - [MESSAGE][PASSED] - Text ' ' is set on object 'Object Repository/RAD_Pages/Taxpayer_Page/input_lastName'

2023-11-01 16:09:18 - [TEST_STEP][PASSED] - setText(findTestObject("RAD_RecordAndPlay/input_concatSSN"), " "): Text ' ' is set on object 'Object Repository/RAD_RecordAndPlay/input_concatSSN'

2023-11-01 16:09:18 - [MESSAGE][PASSED] - Text ' ' is set on object 'Object Repository/RAD_RecordAndPlay/input_concatSSN'

2023-11-01 16:09:18 - [TEST_STEP][PASSED] - setText(findTestObject("RAD_RecordAndPlay/input_concatReSSN"), " "): Text ' ' is set on object 'Object Repository/RAD_RecordAndPlay/input_concatReSSN'

2023-11-01 16:09:19 - [MESSAGE][PASSED] - Text ' ' is set on object 'Object Repository/RAD_RecordAndPlay/input_concatReSSN'

2023-11-01 16:09:19 - [TEST_STEP][PASSED] - setText(findTestObject(orPath_AddressContact + "/input_streetAddress1"), " "): Text ' ' is set on object 'Object Repository/RAD_Pages/AddressAndContactInfo_Page/input_streetAddress1'

2023-11-01 16:09:20 - [MESSAGE][PASSED] - Text ' ' is set on object 'Object Repository/RAD_Pages/AddressAndContactInfo_Page/input_streetAddress1'

2023-11-01 16:09:20 - [TEST_STEP][PASSED] - setText(findTestObject(orPath_AddressContact + "/input_city"), " "): Text ' ' is set on object 'Object Repository/RAD_Pages/AddressAndContactInfo_Page/input_city'

2023-11-01 16:09:21 - [MESSAGE][PASSED] - Text ' ' is set on object 'Object Repository/RAD_Pages/AddressAndContactInfo_Page/input_city'

2023-11-01 16:09:21 - [TEST_STEP][PASSED] - setText(findTestObject(orPath_AddressContact + "/input_zipCode"), " "): Text ' ' is set on object 'Object Repository/RAD_Pages/AddressAndContactInfo_Page/input_zipCode'

2023-11-01 16:09:21 - [MESSAGE][PASSED] - Text ' ' is set on object 'Object Repository/RAD_Pages/AddressAndContactInfo_Page/input_zipCode'

2023-11-01 16:09:21 - [TEST_STEP][PASSED] - setText(findTestObject(orPath_AddressContact + "/input_phoneNumber"), " "): Text ' ' is set on object 'Object Repository/RAD_Pages/AddressAndContactInfo_Page/input_phoneNumber'

2023-11-01 16:09:22 - [MESSAGE][PASSED] - Text ' ' is set on object 'Object Repository/RAD_Pages/AddressAndContactInfo_Page/input_phoneNumber'

2023-11-01 16:09:22 - [TEST_STEP][PASSED] - setText(findTestObject(orPath_AddressContact + "/input_eMailAddress"), " "): Text ' ' is set on object 'Object Repository/RAD_Pages/AddressAndContactInfo_Page/input_eMailAddress'

2023-11-01 16:09:23 - [MESSAGE][PASSED] - Text ' ' is set on object 'Object Repository/RAD_Pages/AddressAndContactInfo_Page/input_eMailAddress'

2023-11-01 16:09:23 - [TEST_STEP][PASSED] - setText(findTestObject(orPath_AddressContact + "/input_reEnterEMailAddress"), " "): Text ' ' is set on object 'Object Repository/RAD_Pages/AddressAndContactInfo_Page/input_reEnterEMailAddress'

2023-11-01 16:09:24 - [MESSAGE][PASSED] - Text ' ' is set on object 'Object Repository/RAD_Pages/AddressAndContactInfo_Page/input_reEnterEMailAddress'

2023-11-01 16:09:24 - [TEST_STEP][PASSED] - scrollToElement(findTestObject(orPath_Landing + "/button_Continue"), 3): Scroll to object 'Object Repository/RAD_Pages/Landing_Page/button_Continue' successfully

2023-11-01 16:09:24 - [MESSAGE][PASSED] - Scroll to object 'Object Repository/RAD_Pages/Landing_Page/button_Continue' successfully

2023-11-01 16:09:24 - [TEST_STEP][PASSED] - waitForElementClickable(findTestObject(orPath_FilingStatus + "/input_JointFiling_userType_New"), 5): Object 'Object Repository/RAD_Pages/FilingStatus_Page/input_JointFiling_userType_New' is clickable

2023-11-01 16:09:24 - [MESSAGE][PASSED] - Object 'Object Repository/RAD_Pages/FilingStatus_Page/input_JointFiling_userType_New' is clickable

2023-11-01 16:09:24 - [TEST_STEP][PASSED] - check(findTestObject(orPath_FilingStatus + "/input_JointFiling_userType_New")): Object 'Object Repository/RAD_Pages/FilingStatus_Page/input_JointFiling_userType_New' is checked

2023-11-01 16:09:25 - [MESSAGE][PASSED] - Object 'Object Repository/RAD_Pages/FilingStatus_Page/input_JointFiling_userType_New' is checked

2023-11-01 16:09:25 - [TEST_STEP][PASSED] - delay(2): Delayed 2 second(s)

2023-11-01 16:09:27 - [MESSAGE][PASSED] - Delayed 2 second(s)

2023-11-01 16:09:27 - [TEST_STEP][PASSED] - setText(findTestObject(orPath_FilingStatus + "/input_jointFirstName"), " "): Text ' ' is set on object 'Object Repository/RAD_Pages/FilingStatus_Page/input_jointFirstName'

2023-11-01 16:09:28 - [MESSAGE][PASSED] - Text ' ' is set on object 'Object Repository/RAD_Pages/FilingStatus_Page/input_jointFirstName'

2023-11-01 16:09:28 - [TEST_STEP][PASSED] - setText(findTestObject(orPath_FilingStatus + "/input_jointLastName"), " "): Text ' ' is set on object 'Object Repository/RAD_Pages/FilingStatus_Page/input_jointLastName'

2023-11-01 16:09:28 - [MESSAGE][PASSED] - Text ' ' is set on object 'Object Repository/RAD_Pages/FilingStatus_Page/input_jointLastName'

2023-11-01 16:09:28 - [TEST_STEP][PASSED] - setText(findTestObject("Object Repository/RAD_RecordAndPlay/input_JointFilerSSN"), " "): Text ' ' is set on object 'Object Repository/RAD_RecordAndPlay/input_JointFilerSSN'

2023-11-01 16:09:29 - [MESSAGE][PASSED] - Text ' ' is set on object 'Object Repository/RAD_RecordAndPlay/input_JointFilerSSN'

2023-11-01 16:09:29 - [TEST_STEP][PASSED] - setText(findTestObject("Object Repository/RAD_RecordAndPlay/input_reTypeJointFilerSSN"), " "): Text ' ' is set on object 'Object Repository/RAD_RecordAndPlay/input_reTypeJointFilerSSN'

2023-11-01 16:09:29 - [MESSAGE][PASSED] - Text ' ' is set on object 'Object Repository/RAD_RecordAndPlay/input_reTypeJointFilerSSN'

2023-11-01 16:09:30 - [TEST_STEP][PASSED] - resText = "Fail": null

2023-11-01 16:09:30 - [TEST_STEP][PASSED] - pages.WriteExcel.demoKey(resText, datText, resColumn, datCloumn, fileLoc, nameSheet, row): pages.WriteExcel.demoKey is PASSED

2023-11-01 16:09:30 - [MESSAGE][PASSED] - pages.WriteExcel.demoKey is PASSED

2023-11-01 16:09:30 - [TEST_STEP][PASSED] - verifyTextPresent("Enter first name", true, CONTINUE_ON_FAILURE): Text 'Enter first name' is present on page  using regular expression

2023-11-01 16:09:30 - [MESSAGE][PASSED] - Text 'Enter first name' is present on page  using regular expression

2023-11-01 16:09:30 - [TEST_STEP][PASSED] - verifyTextPresent("Enter last name", true, CONTINUE_ON_FAILURE): Text 'Enter last name' is present on page  using regular expression

2023-11-01 16:09:30 - [MESSAGE][PASSED] - Text 'Enter last name' is present on page  using regular expression

2023-11-01 16:09:30 - [TEST_STEP][PASSED] - verifyTextPresent("Please enter a valid SSN with 9 digits", true, CONTINUE_ON_FAILURE): Text 'Please enter a valid SSN with 9 digits' is present on page  using regular expression

2023-11-01 16:09:31 - [MESSAGE][PASSED] - Text 'Please enter a valid SSN with 9 digits' is present on page  using regular expression

2023-11-01 16:09:31 - [TEST_STEP][PASSED] - verifyTextPresent("Re-type SSN Validation Error", true, CONTINUE_ON_FAILURE): Text 'Re-type SSN Validation Error' is present on page  using regular expression

2023-11-01 16:09:31 - [MESSAGE][PASSED] - Text 'Re-type SSN Validation Error' is present on page  using regular expression

2023-11-01 16:09:31 - [TEST_STEP][PASSED] - verifyTextPresent("Enter address", true, CONTINUE_ON_FAILURE): Text 'Enter address' is present on page  using regular expression

2023-11-01 16:09:32 - [MESSAGE][PASSED] - Text 'Enter address' is present on page  using regular expression

2023-11-01 16:09:32 - [TEST_STEP][PASSED] - verifyTextPresent("Enter city", true, CONTINUE_ON_FAILURE): Text 'Enter city' is present on page  using regular expression

2023-11-01 16:09:32 - [MESSAGE][PASSED] - Text 'Enter city' is present on page  using regular expression

2023-11-01 16:09:32 - [TEST_STEP][PASSED] - verifyTextPresent("Enter ZIP code", true, CONTINUE_ON_FAILURE): Text 'Enter ZIP code' is present on page  using regular expression

2023-11-01 16:09:32 - [MESSAGE][PASSED] - Text 'Enter ZIP code' is present on page  using regular expression

2023-11-01 16:09:32 - [TEST_STEP][PASSED] - verifyTextPresent("Enter a valid phone number", true, CONTINUE_ON_FAILURE): Text 'Enter a valid phone number' is present on page  using regular expression

2023-11-01 16:09:33 - [MESSAGE][PASSED] - Text 'Enter a valid phone number' is present on page  using regular expression

2023-11-01 16:09:33 - [TEST_STEP][PASSED] - verifyTextPresent("Enter Email", true, CONTINUE_ON_FAILURE): Text 'Enter Email' is present on page  using regular expression

2023-11-01 16:09:33 - [MESSAGE][PASSED] - Text 'Enter Email' is present on page  using regular expression

2023-11-01 16:09:33 - [TEST_STEP][PASSED] - verifyTextPresent("Enter joint payer first name", true, CONTINUE_ON_FAILURE): Text 'Enter joint payer first name' is present on page  using regular expression

2023-11-01 16:09:33 - [MESSAGE][PASSED] - Text 'Enter joint payer first name' is present on page  using regular expression

2023-11-01 16:09:33 - [TEST_STEP][PASSED] - verifyTextPresent("Enter joint payer last name", true, CONTINUE_ON_FAILURE): Text 'Enter joint payer last name' is present on page  using regular expression

2023-11-01 16:09:34 - [MESSAGE][PASSED] - Text 'Enter joint payer last name' is present on page  using regular expression

2023-11-01 16:09:34 - [TEST_STEP][PASSED] - verifyTextPresent("Please enter a valid SSN with 9 digits", true, CONTINUE_ON_FAILURE): Text 'Please enter a valid SSN with 9 digits' is present on page  using regular expression

2023-11-01 16:09:34 - [MESSAGE][PASSED] - Text 'Please enter a valid SSN with 9 digits' is present on page  using regular expression

2023-11-01 16:09:34 - [TEST_STEP][PASSED] - verifyTextPresent("Re-type SSN Validation Error", true, CONTINUE_ON_FAILURE): Text 'Re-type SSN Validation Error' is present on page  using regular expression

2023-11-01 16:09:35 - [MESSAGE][PASSED] - Text 'Re-type SSN Validation Error' is present on page  using regular expression

2023-11-01 16:09:35 - [TEST_STEP][PASSED] - resText = "Pass": null

2023-11-01 16:09:35 - [TEST_STEP][PASSED] - pages.WriteExcel.demoKey(resText, datText, resColumn, datCloumn, fileLoc, nameSheet, row): pages.WriteExcel.demoKey is PASSED

2023-11-01 16:09:35 - [MESSAGE][PASSED] - pages.WriteExcel.demoKey is PASSED]]></system-out>
         <system-err><![CDATA[]]></system-err>
      </testcase>
      <system-out><![CDATA[2023-11-01 15:32:02 - [TEST_SUITE][PASSED] - RAD_UI_TestSuite: Test Cases/RAD_TestCases/MRF_TestCases/Personal_Joint_MRF_TC]]></system-out>
      <system-err><![CDATA[]]></system-err>
   </testsuite>
</testsuites>
