<?xml version="1.0" encoding="UTF-8"?>
<testsuites name="RAD_UI_TestSuite" time="2273.475" tests="10" failures="3" errors="0">
   <testsuite name="RAD_UI_TestSuite" tests="10" failures="3" errors="0" time="2273.475" skipped="0" timestamp="2024-01-13 22:29:46" hostname="imtiaz - DESKTOP-B2QI6NS.govolution.com" id="Test Suites/RAD_TestSuite/RAD_UI_TestSuite">
      <properties>
         <property name="deviceName" value=""/>
         <property name="devicePlatform" value=""/>
         <property name="logFolder" value="E:\\Cloned-Project-Katalon\\VPS-Katalon\\Reports\\20240113_222941\\RAD_TestSuite\\RAD_UI_TestSuite\\20240113_222941"/>
         <property name="logFiles" value="E:\\Cloned-Project-Katalon\\VPS-Katalon\\Reports\\20240113_222941\\RAD_TestSuite\\RAD_UI_TestSuite\\20240113_222941\\execution0.log, E:\\Cloned-Project-Katalon\\VPS-Katalon\\Reports\\20240113_222941\\RAD_TestSuite\\RAD_UI_TestSuite\\20240113_222941\\execution1.log"/>
         <property name="attachments" value="E:\\Cloned-Project-Katalon\\VPS-Katalon\\Reports\\20240113_222941\\RAD_TestSuite\\RAD_UI_TestSuite\\20240113_222941\\1705203121475.png, E:\\Cloned-Project-Katalon\\VPS-Katalon\\Reports\\20240113_222941\\RAD_TestSuite\\RAD_UI_TestSuite\\20240113_222941\\1705203122185.png, E:\\Cloned-Project-Katalon\\VPS-Katalon\\Reports\\20240113_222941\\RAD_TestSuite\\RAD_UI_TestSuite\\20240113_222941\\1705203153740.png, E:\\Cloned-Project-Katalon\\VPS-Katalon\\Reports\\20240113_222941\\RAD_TestSuite\\RAD_UI_TestSuite\\20240113_222941\\1705203154415.png, E:\\Cloned-Project-Katalon\\VPS-Katalon\\Reports\\20240113_222941\\RAD_TestSuite\\RAD_UI_TestSuite\\20240113_222941\\1705203239437.png, E:\\Cloned-Project-Katalon\\VPS-Katalon\\Reports\\20240113_222941\\RAD_TestSuite\\RAD_UI_TestSuite\\20240113_222941\\1705203240113.png, E:\\Cloned-Project-Katalon\\VPS-Katalon\\Reports\\20240113_222941\\RAD_TestSuite\\RAD_UI_TestSuite\\20240113_222941\\1705203292883.png, E:\\Cloned-Project-Katalon\\VPS-Katalon\\Reports\\20240113_222941\\RAD_TestSuite\\RAD_UI_TestSuite\\20240113_222941\\1705203293562.png, E:\\Cloned-Project-Katalon\\VPS-Katalon\\Reports\\20240113_222941\\RAD_TestSuite\\RAD_UI_TestSuite\\20240113_222941\\1705203569070.png, E:\\Cloned-Project-Katalon\\VPS-Katalon\\Reports\\20240113_222941\\RAD_TestSuite\\RAD_UI_TestSuite\\20240113_222941\\1705203569737.png, E:\\Cloned-Project-Katalon\\VPS-Katalon\\Reports\\20240113_222941\\RAD_TestSuite\\RAD_UI_TestSuite\\20240113_222941\\1705203598761.png, E:\\Cloned-Project-Katalon\\VPS-Katalon\\Reports\\20240113_222941\\RAD_TestSuite\\RAD_UI_TestSuite\\20240113_222941\\1705203599428.png, E:\\Cloned-Project-Katalon\\VPS-Katalon\\Reports\\20240113_222941\\RAD_TestSuite\\RAD_UI_TestSuite\\20240113_222941\\1705203676717.png, E:\\Cloned-Project-Katalon\\VPS-Katalon\\Reports\\20240113_222941\\RAD_TestSuite\\RAD_UI_TestSuite\\20240113_222941\\1705203677395.png, E:\\Cloned-Project-Katalon\\VPS-Katalon\\Reports\\20240113_222941\\RAD_TestSuite\\RAD_UI_TestSuite\\20240113_222941\\1705203725433.png, E:\\Cloned-Project-Katalon\\VPS-Katalon\\Reports\\20240113_222941\\RAD_TestSuite\\RAD_UI_TestSuite\\20240113_222941\\1705203726104.png, E:\\Cloned-Project-Katalon\\VPS-Katalon\\Reports\\20240113_222941\\RAD_TestSuite\\RAD_UI_TestSuite\\20240113_222941\\1705203982532.png, E:\\Cloned-Project-Katalon\\VPS-Katalon\\Reports\\20240113_222941\\RAD_TestSuite\\RAD_UI_TestSuite\\20240113_222941\\1705203983187.png, E:\\Cloned-Project-Katalon\\VPS-Katalon\\Reports\\20240113_222941\\RAD_TestSuite\\RAD_UI_TestSuite\\20240113_222941\\1705204011007.png, E:\\Cloned-Project-Katalon\\VPS-Katalon\\Reports\\20240113_222941\\RAD_TestSuite\\RAD_UI_TestSuite\\20240113_222941\\1705204011655.png, E:\\Cloned-Project-Katalon\\VPS-Katalon\\Reports\\20240113_222941\\RAD_TestSuite\\RAD_UI_TestSuite\\20240113_222941\\1705204086857.png, E:\\Cloned-Project-Katalon\\VPS-Katalon\\Reports\\20240113_222941\\RAD_TestSuite\\RAD_UI_TestSuite\\20240113_222941\\1705204087532.png, E:\\Cloned-Project-Katalon\\VPS-Katalon\\Reports\\20240113_222941\\RAD_TestSuite\\RAD_UI_TestSuite\\20240113_222941\\1705204133744.png, E:\\Cloned-Project-Katalon\\VPS-Katalon\\Reports\\20240113_222941\\RAD_TestSuite\\RAD_UI_TestSuite\\20240113_222941\\1705204134432.png"/>
         <property name="hostName" value="imtiaz - DESKTOP-B2QI6NS.govolution.com"/>
         <property name="os" value="Windows 10 64bit"/>
         <property name="katalonVersion" value="8.6.6.208"/>
         <property name="browser" value="Chrome 120.0.0.0"/>
         <property name="hostAddress" value="172.31.253.139"/>
         <property name="sessionId" value="6511816e81edce6841de71eefcdb5fae"/>
         <property name="seleniumVersion" value="3.141.59"/>
         <property name="proxyInformation" value="ProxyInformation { proxyOption=NO_PROXY, proxyServerType=HTTP, username=, password=********, proxyServerAddress=, proxyServerPort=0, executionList=&quot;&quot;, isApplyToDesiredCapabilities=true }"/>
         <property name="platform" value="Windows 10"/>
      </properties>
      <testcase name="Test Cases/RAD_TestCases/Negative_TestCases/FEINmismatchError" time="340.259" classname="Test Cases/RAD_TestCases/Negative_TestCases/FEINmismatchError" status="FAILED">
         <failure type="FAILED" message="Test Cases/RAD_TestCases/Negative_TestCases/FEINmismatchError FAILED.
Reason:
com.kms.katalon.core.exception.StepFailedException: Unable to set encrypted text for object 'Object Repository/RAD_RecordAndPlay/input_Existing_FEIN' (Root cause: com.kms.katalon.core.exception.StepFailedException: Unable to set encrypted text for object 'Object Repository/RAD_RecordAndPlay/input_Existing_FEIN'
	at com.kms.katalon.core.webui.keyword.internal.WebUIKeywordMain.stepFailed(WebUIKeywordMain.groovy:64)
	at com.kms.katalon.core.webui.keyword.internal.WebUIKeywordMain.runKeyword(WebUIKeywordMain.groovy:26)
	at com.kms.katalon.core.webui.keyword.builtin.SetEncryptedTextKeyword.setEncryptedText(SetEncryptedTextKeyword.groovy:65)
	at com.kms.katalon.core.webui.keyword.builtin.SetEncryptedTextKeyword.execute(SetEncryptedTextKeyword.groovy:34)
	at com.kms.katalon.core.keyword.internal.KeywordExecutor.executeKeywordForPlatform(KeywordExecutor.groovy:74)
	at com.kms.katalon.core.webui.keyword.WebUiBuiltInKeywords.setEncryptedText(WebUiBuiltInKeywords.groovy:1011)
	at com.kms.katalon.core.webui.keyword.WebUiBuiltInKeywords$setEncryptedText$4.call(Unknown Source)
	at FEINmismatchError.run(FEINmismatchError:142)
	at com.kms.katalon.core.main.ScriptEngine.run(ScriptEngine.java:194)
	at com.kms.katalon.core.main.ScriptEngine.runScriptAsRawText(ScriptEngine.java:119)
	at com.kms.katalon.core.main.TestCaseExecutor.runScript(TestCaseExecutor.java:448)
	at com.kms.katalon.core.main.TestCaseExecutor.doExecute(TestCaseExecutor.java:439)
	at com.kms.katalon.core.main.TestCaseExecutor.processExecutionPhase(TestCaseExecutor.java:418)
	at com.kms.katalon.core.main.TestCaseExecutor.accessMainPhase(TestCaseExecutor.java:410)
	at com.kms.katalon.core.main.TestCaseExecutor.execute(TestCaseExecutor.java:285)
	at com.kms.katalon.core.common.CommonExecutor.accessTestCaseMainPhase(CommonExecutor.java:65)
	at com.kms.katalon.core.main.TestSuiteExecutor.accessTestSuiteMainPhase(TestSuiteExecutor.java:148)
	at com.kms.katalon.core.main.TestSuiteExecutor.execute(TestSuiteExecutor.java:106)
	at com.kms.katalon.core.main.TestCaseMain.startTestSuite(TestCaseMain.java:187)
	at com.kms.katalon.core.main.TestCaseMain$startTestSuite$0.call(Unknown Source)
	at TempTestSuite1705202981112.run(TempTestSuite1705202981112.groovy:36)
Caused by: org.openqa.selenium.ElementNotInteractableException: element not interactable
  (Session info: chrome=120.0.6099.200)
Build info: version: '3.141.59', revision: 'e82be7d358', time: '2018-11-14T08:25:53'
System info: host: 'DESKTOP-B2QI6NS', ip: '172.31.253.139', os.name: 'Windows 10', os.arch: 'amd64', os.version: '10.0', java.version: '1.8.0_181'
Driver info: com.kms.katalon.selenium.driver.CChromeDriver
Capabilities {acceptInsecureCerts: true, browserName: chrome, browserVersion: 120.0.6099.200, chrome: {chromedriverVersion: 119.0.6045.105 (38c72552c5e..., userDataDir: C:\Users\imtiaz\AppData\Loc...}, fedcm:accounts: true, goog:chromeOptions: {debuggerAddress: localhost:55332}, javascriptEnabled: true, networkConnectionEnabled: false, pageLoadStrategy: normal, platform: WINDOWS, platformName: WINDOWS, proxy: Proxy(), setWindowRect: true, strictFileInteractability: false, timeouts: {implicit: 0, pageLoad: 300000, script: 30000}, unhandledPromptBehavior: dismiss and notify, webauthn:extension:credBlob: true, webauthn:extension:largeBlob: true, webauthn:extension:minPinLength: true, webauthn:extension:prf: true, webauthn:virtualAuthenticators: true}
Session ID: e5d88fbad1141ac5d028a4be2221b92d
	at org.openqa.selenium.remote.http.W3CHttpResponseCodec.createException(W3CHttpResponseCodec.java:187)
	at org.openqa.selenium.remote.http.W3CHttpResponseCodec.decode(W3CHttpResponseCodec.java:122)
	at org.openqa.selenium.remote.http.W3CHttpResponseCodec.decode(W3CHttpResponseCodec.java:49)
	at org.openqa.selenium.remote.HttpCommandExecutor.execute(HttpCommandExecutor.java:158)
	at org.openqa.selenium.remote.service.DriverCommandExecutor.execute(DriverCommandExecutor.java:83)
	at org.openqa.selenium.remote.RemoteWebDriver.execute(RemoteWebDriver.java:552)
	at com.kms.katalon.selenium.driver.CChromeDriver.execute(CChromeDriver.java:19)
	at org.openqa.selenium.remote.RemoteWebElement.execute(RemoteWebElement.java:285)
	at org.openqa.selenium.remote.RemoteWebElement.clear(RemoteWebElement.java:124)
	at org.openqa.selenium.support.events.EventFiringWebDriver$EventFiringWebElement.lambda$new$0(EventFiringWebDriver.java:404)
	at com.sun.proxy.$Proxy11.clear(Unknown Source)
	at org.openqa.selenium.support.events.EventFiringWebDriver$EventFiringWebElement.clear(EventFiringWebDriver.java:436)
	at com.kms.katalon.core.webui.keyword.builtin.SetEncryptedTextKeyword$_setEncryptedText_closure1.doCall(SetEncryptedTextKeyword.groovy:54)
	at com.kms.katalon.core.webui.keyword.builtin.SetEncryptedTextKeyword$_setEncryptedText_closure1.call(SetEncryptedTextKeyword.groovy)
	at com.kms.katalon.core.webui.keyword.internal.WebUIKeywordMain.runKeyword(WebUIKeywordMain.groovy:20)
	at com.kms.katalon.core.webui.keyword.builtin.SetEncryptedTextKeyword.setEncryptedText(SetEncryptedTextKeyword.groovy:65)
	at com.kms.katalon.core.webui.keyword.builtin.SetEncryptedTextKeyword.execute(SetEncryptedTextKeyword.groovy:34)
	at com.kms.katalon.core.keyword.internal.KeywordExecutor.executeKeywordForPlatform(KeywordExecutor.groovy:74)
	at com.kms.katalon.core.webui.keyword.WebUiBuiltInKeywords.setEncryptedText(WebUiBuiltInKeywords.groovy:1011)
	at com.kms.katalon.core.webui.keyword.WebUiBuiltInKeywords$setEncryptedText$4.call(Unknown Source)
	at Script1693763256792.run(Script1693763256792.groovy:142)
	... 13 more
)
	at com.kms.katalon.core.keyword.internal.KeywordMain.stepFailed(KeywordMain.groovy:39)
	at com.kms.katalon.core.webui.keyword.internal.WebUIKeywordMain.stepFailed(WebUIKeywordMain.groovy:64)
	at com.kms.katalon.core.webui.keyword.internal.WebUIKeywordMain.runKeyword(WebUIKeywordMain.groovy:26)
	at com.kms.katalon.core.webui.keyword.builtin.SetEncryptedTextKeyword.setEncryptedText(SetEncryptedTextKeyword.groovy:65)
	at com.kms.katalon.core.webui.keyword.builtin.SetEncryptedTextKeyword.execute(SetEncryptedTextKeyword.groovy:34)
	at com.kms.katalon.core.keyword.internal.KeywordExecutor.executeKeywordForPlatform(KeywordExecutor.groovy:74)
	at com.kms.katalon.core.webui.keyword.WebUiBuiltInKeywords.setEncryptedText(WebUiBuiltInKeywords.groovy:1011)
	at com.kms.katalon.core.webui.keyword.WebUiBuiltInKeywords$setEncryptedText$4.call(Unknown Source)
	at FEINmismatchError.run(FEINmismatchError:142)
	at com.kms.katalon.core.main.ScriptEngine.run(ScriptEngine.java:194)
	at com.kms.katalon.core.main.ScriptEngine.runScriptAsRawText(ScriptEngine.java:119)
	at com.kms.katalon.core.main.TestCaseExecutor.runScript(TestCaseExecutor.java:448)
	at com.kms.katalon.core.main.TestCaseExecutor.doExecute(TestCaseExecutor.java:439)
	at com.kms.katalon.core.main.TestCaseExecutor.processExecutionPhase(TestCaseExecutor.java:418)
	at com.kms.katalon.core.main.TestCaseExecutor.accessMainPhase(TestCaseExecutor.java:410)
	at com.kms.katalon.core.main.TestCaseExecutor.execute(TestCaseExecutor.java:285)
	at com.kms.katalon.core.common.CommonExecutor.accessTestCaseMainPhase(CommonExecutor.java:65)
	at com.kms.katalon.core.main.TestSuiteExecutor.accessTestSuiteMainPhase(TestSuiteExecutor.java:148)
	at com.kms.katalon.core.main.TestSuiteExecutor.execute(TestSuiteExecutor.java:106)
	at com.kms.katalon.core.main.TestCaseMain.startTestSuite(TestCaseMain.java:187)
	at com.kms.katalon.core.main.TestCaseMain$startTestSuite$0.call(Unknown Source)
	at TempTestSuite1705202981112.run(TempTestSuite1705202981112.groovy:36)
Caused by: com.kms.katalon.core.exception.StepFailedException: Unable to set encrypted text for object 'Object Repository/RAD_RecordAndPlay/input_Existing_FEIN'
	... 21 more
Caused by: org.openqa.selenium.ElementNotInteractableException: element not interactable
  (Session info: chrome=120.0.6099.200)
Build info: version: '3.141.59', revision: 'e82be7d358', time: '2018-11-14T08:25:53'
System info: host: 'DESKTOP-B2QI6NS', ip: '172.31.253.139', os.name: 'Windows 10', os.arch: 'amd64', os.version: '10.0', java.version: '1.8.0_181'
Driver info: com.kms.katalon.selenium.driver.CChromeDriver
Capabilities {acceptInsecureCerts: true, browserName: chrome, browserVersion: 120.0.6099.200, chrome: {chromedriverVersion: 119.0.6045.105 (38c72552c5e..., userDataDir: C:\Users\imtiaz\AppData\Loc...}, fedcm:accounts: true, goog:chromeOptions: {debuggerAddress: localhost:55332}, javascriptEnabled: true, networkConnectionEnabled: false, pageLoadStrategy: normal, platform: WINDOWS, platformName: WINDOWS, proxy: Proxy(), setWindowRect: true, strictFileInteractability: false, timeouts: {implicit: 0, pageLoad: 300000, script: 30000}, unhandledPromptBehavior: dismiss and notify, webauthn:extension:credBlob: true, webauthn:extension:largeBlob: true, webauthn:extension:minPinLength: true, webauthn:extension:prf: true, webauthn:virtualAuthenticators: true}
Session ID: e5d88fbad1141ac5d028a4be2221b92d
	at org.openqa.selenium.remote.http.W3CHttpResponseCodec.createException(W3CHttpResponseCodec.java:187)
	at org.openqa.selenium.remote.http.W3CHttpResponseCodec.decode(W3CHttpResponseCodec.java:122)
	at org.openqa.selenium.remote.http.W3CHttpResponseCodec.decode(W3CHttpResponseCodec.java:49)
	at org.openqa.selenium.remote.HttpCommandExecutor.execute(HttpCommandExecutor.java:158)
	at org.openqa.selenium.remote.service.DriverCommandExecutor.execute(DriverCommandExecutor.java:83)
	at org.openqa.selenium.remote.RemoteWebDriver.execute(RemoteWebDriver.java:552)
	at com.kms.katalon.selenium.driver.CChromeDriver.execute(CChromeDriver.java:19)
	at org.openqa.selenium.remote.RemoteWebElement.execute(RemoteWebElement.java:285)
	at org.openqa.selenium.remote.RemoteWebElement.clear(RemoteWebElement.java:124)
	at org.openqa.selenium.support.events.EventFiringWebDriver$EventFiringWebElement.lambda$new$0(EventFiringWebDriver.java:404)
	at com.sun.proxy.$Proxy11.clear(Unknown Source)
	at org.openqa.selenium.support.events.EventFiringWebDriver$EventFiringWebElement.clear(EventFiringWebDriver.java:436)
	at com.kms.katalon.core.webui.keyword.builtin.SetEncryptedTextKeyword$_setEncryptedText_closure1.doCall(SetEncryptedTextKeyword.groovy:54)
	at com.kms.katalon.core.webui.keyword.builtin.SetEncryptedTextKeyword$_setEncryptedText_closure1.call(SetEncryptedTextKeyword.groovy)
	at com.kms.katalon.core.webui.keyword.internal.WebUIKeywordMain.runKeyword(WebUIKeywordMain.groovy:20)
	... 19 more
"/>
         <system-out><![CDATA[2024-01-13 22:29:47 - [TEST_CASE][FAILED] - Test Cases/RAD_TestCases/Negative_TestCases/FEINmismatchError: Test Cases/RAD_TestCases/Negative_TestCases/FEINmismatchError FAILED.
Reason:
com.kms.katalon.core.exception.StepFailedException: Unable to set encrypted text for object 'Object Repository/RAD_RecordAndPlay/input_Existing_FEIN' (Root cause: com.kms.katalon.core.exception.StepFailedException: Unable to set encrypted text for object 'Object Repository/RAD_RecordAndPlay/input_Existing_FEIN'
	at com.kms.katalon.core.webui.keyword.internal.WebUIKeywordMain.stepFailed(WebUIKeywordMain.groovy:64)
	at com.kms.katalon.core.webui.keyword.internal.WebUIKeywordMain.runKeyword(WebUIKeywordMain.groovy:26)
	at com.kms.katalon.core.webui.keyword.builtin.SetEncryptedTextKeyword.setEncryptedText(SetEncryptedTextKeyword.groovy:65)
	at com.kms.katalon.core.webui.keyword.builtin.SetEncryptedTextKeyword.execute(SetEncryptedTextKeyword.groovy:34)
	at com.kms.katalon.core.keyword.internal.KeywordExecutor.executeKeywordForPlatform(KeywordExecutor.groovy:74)
	at com.kms.katalon.core.webui.keyword.WebUiBuiltInKeywords.setEncryptedText(WebUiBuiltInKeywords.groovy:1011)
	at com.kms.katalon.core.webui.keyword.WebUiBuiltInKeywords$setEncryptedText$4.call(Unknown Source)
	at FEINmismatchError.run(FEINmismatchError:142)
	at com.kms.katalon.core.main.ScriptEngine.run(ScriptEngine.java:194)
	at com.kms.katalon.core.main.ScriptEngine.runScriptAsRawText(ScriptEngine.java:119)
	at com.kms.katalon.core.main.TestCaseExecutor.runScript(TestCaseExecutor.java:448)
	at com.kms.katalon.core.main.TestCaseExecutor.doExecute(TestCaseExecutor.java:439)
	at com.kms.katalon.core.main.TestCaseExecutor.processExecutionPhase(TestCaseExecutor.java:418)
	at com.kms.katalon.core.main.TestCaseExecutor.accessMainPhase(TestCaseExecutor.java:410)
	at com.kms.katalon.core.main.TestCaseExecutor.execute(TestCaseExecutor.java:285)
	at com.kms.katalon.core.common.CommonExecutor.accessTestCaseMainPhase(CommonExecutor.java:65)
	at com.kms.katalon.core.main.TestSuiteExecutor.accessTestSuiteMainPhase(TestSuiteExecutor.java:148)
	at com.kms.katalon.core.main.TestSuiteExecutor.execute(TestSuiteExecutor.java:106)
	at com.kms.katalon.core.main.TestCaseMain.startTestSuite(TestCaseMain.java:187)
	at com.kms.katalon.core.main.TestCaseMain$startTestSuite$0.call(Unknown Source)
	at TempTestSuite1705202981112.run(TempTestSuite1705202981112.groovy:36)
Caused by: org.openqa.selenium.ElementNotInteractableException: element not interactable
  (Session info: chrome=120.0.6099.200)
Build info: version: '3.141.59', revision: 'e82be7d358', time: '2018-11-14T08:25:53'
System info: host: 'DESKTOP-B2QI6NS', ip: '172.31.253.139', os.name: 'Windows 10', os.arch: 'amd64', os.version: '10.0', java.version: '1.8.0_181'
Driver info: com.kms.katalon.selenium.driver.CChromeDriver
Capabilities {acceptInsecureCerts: true, browserName: chrome, browserVersion: 120.0.6099.200, chrome: {chromedriverVersion: 119.0.6045.105 (38c72552c5e..., userDataDir: C:\Users\imtiaz\AppData\Loc...}, fedcm:accounts: true, goog:chromeOptions: {debuggerAddress: localhost:55332}, javascriptEnabled: true, networkConnectionEnabled: false, pageLoadStrategy: normal, platform: WINDOWS, platformName: WINDOWS, proxy: Proxy(), setWindowRect: true, strictFileInteractability: false, timeouts: {implicit: 0, pageLoad: 300000, script: 30000}, unhandledPromptBehavior: dismiss and notify, webauthn:extension:credBlob: true, webauthn:extension:largeBlob: true, webauthn:extension:minPinLength: true, webauthn:extension:prf: true, webauthn:virtualAuthenticators: true}
Session ID: e5d88fbad1141ac5d028a4be2221b92d
	at org.openqa.selenium.remote.http.W3CHttpResponseCodec.createException(W3CHttpResponseCodec.java:187)
	at org.openqa.selenium.remote.http.W3CHttpResponseCodec.decode(W3CHttpResponseCodec.java:122)
	at org.openqa.selenium.remote.http.W3CHttpResponseCodec.decode(W3CHttpResponseCodec.java:49)
	at org.openqa.selenium.remote.HttpCommandExecutor.execute(HttpCommandExecutor.java:158)
	at org.openqa.selenium.remote.service.DriverCommandExecutor.execute(DriverCommandExecutor.java:83)
	at org.openqa.selenium.remote.RemoteWebDriver.execute(RemoteWebDriver.java:552)
	at com.kms.katalon.selenium.driver.CChromeDriver.execute(CChromeDriver.java:19)
	at org.openqa.selenium.remote.RemoteWebElement.execute(RemoteWebElement.java:285)
	at org.openqa.selenium.remote.RemoteWebElement.clear(RemoteWebElement.java:124)
	at org.openqa.selenium.support.events.EventFiringWebDriver$EventFiringWebElement.lambda$new$0(EventFiringWebDriver.java:404)
	at com.sun.proxy.$Proxy11.clear(Unknown Source)
	at org.openqa.selenium.support.events.EventFiringWebDriver$EventFiringWebElement.clear(EventFiringWebDriver.java:436)
	at com.kms.katalon.core.webui.keyword.builtin.SetEncryptedTextKeyword$_setEncryptedText_closure1.doCall(SetEncryptedTextKeyword.groovy:54)
	at com.kms.katalon.core.webui.keyword.builtin.SetEncryptedTextKeyword$_setEncryptedText_closure1.call(SetEncryptedTextKeyword.groovy)
	at com.kms.katalon.core.webui.keyword.internal.WebUIKeywordMain.runKeyword(WebUIKeywordMain.groovy:20)
	at com.kms.katalon.core.webui.keyword.builtin.SetEncryptedTextKeyword.setEncryptedText(SetEncryptedTextKeyword.groovy:65)
	at com.kms.katalon.core.webui.keyword.builtin.SetEncryptedTextKeyword.execute(SetEncryptedTextKeyword.groovy:34)
	at com.kms.katalon.core.keyword.internal.KeywordExecutor.executeKeywordForPlatform(KeywordExecutor.groovy:74)
	at com.kms.katalon.core.webui.keyword.WebUiBuiltInKeywords.setEncryptedText(WebUiBuiltInKeywords.groovy:1011)
	at com.kms.katalon.core.webui.keyword.WebUiBuiltInKeywords$setEncryptedText$4.call(Unknown Source)
	at Script1693763256792.run(Script1693763256792.groovy:142)
	... 13 more
)
	at com.kms.katalon.core.keyword.internal.KeywordMain.stepFailed(KeywordMain.groovy:39)
	at com.kms.katalon.core.webui.keyword.internal.WebUIKeywordMain.stepFailed(WebUIKeywordMain.groovy:64)
	at com.kms.katalon.core.webui.keyword.internal.WebUIKeywordMain.runKeyword(WebUIKeywordMain.groovy:26)
	at com.kms.katalon.core.webui.keyword.builtin.SetEncryptedTextKeyword.setEncryptedText(SetEncryptedTextKeyword.groovy:65)
	at com.kms.katalon.core.webui.keyword.builtin.SetEncryptedTextKeyword.execute(SetEncryptedTextKeyword.groovy:34)
	at com.kms.katalon.core.keyword.internal.KeywordExecutor.executeKeywordForPlatform(KeywordExecutor.groovy:74)
	at com.kms.katalon.core.webui.keyword.WebUiBuiltInKeywords.setEncryptedText(WebUiBuiltInKeywords.groovy:1011)
	at com.kms.katalon.core.webui.keyword.WebUiBuiltInKeywords$setEncryptedText$4.call(Unknown Source)
	at FEINmismatchError.run(FEINmismatchError:142)
	at com.kms.katalon.core.main.ScriptEngine.run(ScriptEngine.java:194)
	at com.kms.katalon.core.main.ScriptEngine.runScriptAsRawText(ScriptEngine.java:119)
	at com.kms.katalon.core.main.TestCaseExecutor.runScript(TestCaseExecutor.java:448)
	at com.kms.katalon.core.main.TestCaseExecutor.doExecute(TestCaseExecutor.java:439)
	at com.kms.katalon.core.main.TestCaseExecutor.processExecutionPhase(TestCaseExecutor.java:418)
	at com.kms.katalon.core.main.TestCaseExecutor.accessMainPhase(TestCaseExecutor.java:410)
	at com.kms.katalon.core.main.TestCaseExecutor.execute(TestCaseExecutor.java:285)
	at com.kms.katalon.core.common.CommonExecutor.accessTestCaseMainPhase(CommonExecutor.java:65)
	at com.kms.katalon.core.main.TestSuiteExecutor.accessTestSuiteMainPhase(TestSuiteExecutor.java:148)
	at com.kms.katalon.core.main.TestSuiteExecutor.execute(TestSuiteExecutor.java:106)
	at com.kms.katalon.core.main.TestCaseMain.startTestSuite(TestCaseMain.java:187)
	at com.kms.katalon.core.main.TestCaseMain$startTestSuite$0.call(Unknown Source)
	at TempTestSuite1705202981112.run(TempTestSuite1705202981112.groovy:36)
Caused by: com.kms.katalon.core.exception.StepFailedException: Unable to set encrypted text for object 'Object Repository/RAD_RecordAndPlay/input_Existing_FEIN'
	... 21 more
Caused by: org.openqa.selenium.ElementNotInteractableException: element not interactable
  (Session info: chrome=120.0.6099.200)
Build info: version: '3.141.59', revision: 'e82be7d358', time: '2018-11-14T08:25:53'
System info: host: 'DESKTOP-B2QI6NS', ip: '172.31.253.139', os.name: 'Windows 10', os.arch: 'amd64', os.version: '10.0', java.version: '1.8.0_181'
Driver info: com.kms.katalon.selenium.driver.CChromeDriver
Capabilities {acceptInsecureCerts: true, browserName: chrome, browserVersion: 120.0.6099.200, chrome: {chromedriverVersion: 119.0.6045.105 (38c72552c5e..., userDataDir: C:\Users\imtiaz\AppData\Loc...}, fedcm:accounts: true, goog:chromeOptions: {debuggerAddress: localhost:55332}, javascriptEnabled: true, networkConnectionEnabled: false, pageLoadStrategy: normal, platform: WINDOWS, platformName: WINDOWS, proxy: Proxy(), setWindowRect: true, strictFileInteractability: false, timeouts: {implicit: 0, pageLoad: 300000, script: 30000}, unhandledPromptBehavior: dismiss and notify, webauthn:extension:credBlob: true, webauthn:extension:largeBlob: true, webauthn:extension:minPinLength: true, webauthn:extension:prf: true, webauthn:virtualAuthenticators: true}
Session ID: e5d88fbad1141ac5d028a4be2221b92d
	at org.openqa.selenium.remote.http.W3CHttpResponseCodec.createException(W3CHttpResponseCodec.java:187)
	at org.openqa.selenium.remote.http.W3CHttpResponseCodec.decode(W3CHttpResponseCodec.java:122)
	at org.openqa.selenium.remote.http.W3CHttpResponseCodec.decode(W3CHttpResponseCodec.java:49)
	at org.openqa.selenium.remote.HttpCommandExecutor.execute(HttpCommandExecutor.java:158)
	at org.openqa.selenium.remote.service.DriverCommandExecutor.execute(DriverCommandExecutor.java:83)
	at org.openqa.selenium.remote.RemoteWebDriver.execute(RemoteWebDriver.java:552)
	at com.kms.katalon.selenium.driver.CChromeDriver.execute(CChromeDriver.java:19)
	at org.openqa.selenium.remote.RemoteWebElement.execute(RemoteWebElement.java:285)
	at org.openqa.selenium.remote.RemoteWebElement.clear(RemoteWebElement.java:124)
	at org.openqa.selenium.support.events.EventFiringWebDriver$EventFiringWebElement.lambda$new$0(EventFiringWebDriver.java:404)
	at com.sun.proxy.$Proxy11.clear(Unknown Source)
	at org.openqa.selenium.support.events.EventFiringWebDriver$EventFiringWebElement.clear(EventFiringWebDriver.java:436)
	at com.kms.katalon.core.webui.keyword.builtin.SetEncryptedTextKeyword$_setEncryptedText_closure1.doCall(SetEncryptedTextKeyword.groovy:54)
	at com.kms.katalon.core.webui.keyword.builtin.SetEncryptedTextKeyword$_setEncryptedText_closure1.call(SetEncryptedTextKeyword.groovy)
	at com.kms.katalon.core.webui.keyword.internal.WebUIKeywordMain.runKeyword(WebUIKeywordMain.groovy:20)
	... 19 more


2024-01-13 22:29:48 - [TEST_STEP][PASSED] - resText = "Fail": null

2024-01-13 22:29:48 - [TEST_STEP][PASSED] - resColumn = "Result": null

2024-01-13 22:29:48 - [TEST_STEP][PASSED] - datCloumn = "Date": null

2024-01-13 22:29:48 - [TEST_STEP][PASSED] - fileLoc = "KatalonData/RADTestData/FEINmismatch.xlsx": null

2024-01-13 22:29:48 - [TEST_STEP][PASSED] - nameSheet = "FEINmismatch": null

2024-01-13 22:29:48 - [TEST_STEP][PASSED] - dataFile = "RADTestData/FEINmismatch": null

2024-01-13 22:29:48 - [TEST_STEP][PASSED] - ExecuteTC = <not implemented yet for class: org.codehaus.groovy.ast.expr.EmptyExpression>: null

2024-01-13 22:29:48 - [TEST_STEP][PASSED] - Taxtype = <not implemented yet for class: org.codehaus.groovy.ast.expr.EmptyExpression>: null

2024-01-13 22:29:48 - [TEST_STEP][PASSED] - Paymenttype = <not implemented yet for class: org.codehaus.groovy.ast.expr.EmptyExpression>: null

2024-01-13 22:29:48 - [TEST_STEP][PASSED] - numOfRows = findTestData(dataFile).getRowNumbers(): null

2024-01-13 22:29:48 - [TEST_STEP][PASSED] - println("Number of Records: " + numOfRows): null

2024-01-13 22:29:48 - [TEST_STEP][FAILED] - for ([row = 1, row <= numOfRows, (row++)]): null

2024-01-13 22:29:48 - [TEST_STEP][PASSED] - ExecuteTC = findTestData(dataFile).getValue("Execute", row): null

2024-01-13 22:29:48 - [TEST_STEP][PASSED] - Taxtype = findTestData(dataFile).getValue("TaxType", row): null

2024-01-13 22:29:49 - [TEST_STEP][PASSED] - Paymenttype = findTestData(dataFile).getValue("PaymentType", row): null

2024-01-13 22:29:49 - [TEST_STEP][PASSED] - out.println("Value of Execute is : " + ExecuteTC): null

2024-01-13 22:29:49 - [TEST_STEP][PASSED] - if (ExecuteTC.equalsIgnoreCase("Y")): null

2024-01-13 22:29:49 - [TEST_STEP][PASSED] - out.println("Begin Record Number: " + row): null

2024-01-13 22:29:49 - [TEST_STEP][PASSED] - today = new java.util.Date(): null

2024-01-13 22:29:49 - [TEST_STEP][PASSED] - println(today): null

2024-01-13 22:29:49 - [TEST_STEP][PASSED] - datText = today: null

2024-01-13 22:29:49 - [TEST_STEP][PASSED] - Taxtype = findTestData(dataFile).getValue("TaxType", row): null

2024-01-13 22:29:49 - [TEST_STEP][PASSED] - out.println("Taxtype value is : " + Taxtype): null

2024-01-13 22:29:49 - [TEST_STEP][PASSED] - openBrowser(""): Browser is opened with url: ''

2024-01-13 22:29:49 - [MESSAGE][INFO] - Starting 'Chrome' driver

2024-01-13 22:29:49 - [MESSAGE][INFO] - User set preference: ['acceptInsecureCerts', 'true']

2024-01-13 22:29:49 - [MESSAGE][INFO] - Action delay is set to 0 milliseconds

2024-01-13 22:29:52 - [MESSAGE][PASSED] - Browser is opened with url: ''

2024-01-13 22:29:52 - [TEST_STEP][PASSED] - maximizeWindow(): Current window maximized

2024-01-13 22:29:52 - [MESSAGE][PASSED] - Current window maximized

2024-01-13 22:29:52 - [TEST_STEP][PASSED] - navigateToUrl(RADurl): Navigate to 'https://qa2.velocitypayment.com/client/rad/index.html' successfully

2024-01-13 22:29:54 - [MESSAGE][PASSED] - Navigate to 'https://qa2.velocitypayment.com/client/rad/index.html' successfully

2024-01-13 22:29:54 - [TEST_STEP][PASSED] - orPath_Landing = "Object Repository/RAD_Pages/Landing_Page": null

2024-01-13 22:29:54 - [TEST_STEP][PASSED] - orPath_TaxTypeFilingYear = "Object Repository/RAD_Pages/TaxTypeFilingYear_Page": null

2024-01-13 22:29:54 - [TEST_STEP][PASSED] - orPath_TaxPayer = "Object Repository/RAD_Pages/Taxpayer_Page": null

2024-01-13 22:29:54 - [TEST_STEP][PASSED] - orPath_AddressContact = "Object Repository/RAD_Pages/AddressAndContactInfo_Page": null

2024-01-13 22:29:54 - [TEST_STEP][PASSED] - orPath_FilingStatus = "Object Repository/RAD_Pages/FilingStatus_Page": null

2024-01-13 22:29:54 - [TEST_STEP][PASSED] - orPath_Amount = "Object Repository/RAD_Pages/PaymentAmount_Page": null

2024-01-13 22:29:54 - [TEST_STEP][PASSED] - orPath_TaxInfo = "Object Repository/RAD_Pages/TaxInfo_Page": null

2024-01-13 22:29:54 - [TEST_STEP][PASSED] - orPath_Withholding = "Object Repository/RAD_Pages/Withholding_Page": null

2024-01-13 22:29:54 - [TEST_STEP][PASSED] - orPath_Summary = "Object Repository/RAD_Pages/Summary_Page": null

2024-01-13 22:29:54 - [TEST_STEP][PASSED] - orPath_PaymentReady = "Object Repository/RAD_Pages/PaymentReady_Page": null

2024-01-13 22:29:54 - [TEST_STEP][PASSED] - orPath_PaymentEntry = "Object Repository/RAD_Pages/PaymentEntry_Page": null

2024-01-13 22:29:54 - [TEST_STEP][PASSED] - orPath_PaymentConfirmation = "Object Repository/RAD_Pages/PaymentConfirmation_Page": null

2024-01-13 22:29:54 - [TEST_STEP][PASSED] - orPath_ServiceFeesAccept = "Object Repository/RAD_Pages/ServiceFeeAccept_Page": null

2024-01-13 22:29:54 - [TEST_STEP][PASSED] - selectOptionByLabel(findTestObject(orPath_Landing + "/dd_TaxType"), Paymenttype, false): All options with label 'Existing Liability w/Notice Number' are selected in object 'Object Repository/RAD_Pages/Landing_Page/dd_TaxType' 

2024-01-13 22:29:55 - [MESSAGE][PASSED] - All options with label 'Existing Liability w/Notice Number' are selected in object 'Object Repository/RAD_Pages/Landing_Page/dd_TaxType' 

2024-01-13 22:29:55 - [TEST_STEP][PASSED] - delay(1): Delayed 1 second(s)

2024-01-13 22:29:56 - [MESSAGE][PASSED] - Delayed 1 second(s)

2024-01-13 22:29:56 - [TEST_STEP][PASSED] - switch (Paymenttype): null

2024-01-13 22:29:56 - [TEST_STEP][PASSED] - case "Existing Liability w/Notice Number":: null

2024-01-13 22:29:56 - [TEST_STEP][PASSED] - selectOptionByLabel(findTestObject(orPath_TaxTypeFilingYear + "/select_TaxType_ExistingLiability"), Taxtype, false): All options with label 'Bay Restoration Fee' are selected in object 'Object Repository/RAD_Pages/TaxTypeFilingYear_Page/select_TaxType_ExistingLiability' 

2024-01-13 22:29:57 - [MESSAGE][PASSED] - All options with label 'Bay Restoration Fee' are selected in object 'Object Repository/RAD_Pages/TaxTypeFilingYear_Page/select_TaxType_ExistingLiability' 

2024-01-13 22:29:57 - [TEST_STEP][PASSED] - break: null

2024-01-13 22:29:57 - [TEST_STEP][PASSED] - delay(1): Delayed 1 second(s)

2024-01-13 22:29:58 - [MESSAGE][PASSED] - Delayed 1 second(s)

2024-01-13 22:29:58 - [TEST_STEP][PASSED] - scrollToElement(findTestObject(orPath_Amount + "/input__paymentAmount"), 2, CONTINUE_ON_FAILURE): Scroll to object 'Object Repository/RAD_Pages/PaymentAmount_Page/input__paymentAmount' successfully

2024-01-13 22:29:58 - [MESSAGE][PASSED] - Scroll to object 'Object Repository/RAD_Pages/PaymentAmount_Page/input__paymentAmount' successfully

2024-01-13 22:29:58 - [TEST_STEP][PASSED] - switch (Paymenttype): null

2024-01-13 22:29:58 - [TEST_STEP][PASSED] - case "Existing Liability w/Notice Number":: null

2024-01-13 22:29:58 - [TEST_STEP][PASSED] - setEncryptedText(findTestObject("Object Repository/RAD_RecordAndPlay/input_Existing_FEIN"), "RigbBhfdqODKcAsiUrg+1Q=="): Text ****** has been set on object 'Object Repository/RAD_RecordAndPlay/input_Existing_FEIN'

2024-01-13 22:29:59 - [MESSAGE][PASSED] - Text ****** has been set on object 'Object Repository/RAD_RecordAndPlay/input_Existing_FEIN'

2024-01-13 22:29:59 - [TEST_STEP][PASSED] - setEncryptedText(findTestObject("Object Repository/RAD_RecordAndPlay/input_Existing_RetypeFEIN"), "RigbBhfdqOBBGbZqm4oFJQ=="): Text ****** has been set on object 'Object Repository/RAD_RecordAndPlay/input_Existing_RetypeFEIN'

2024-01-13 22:30:00 - [MESSAGE][PASSED] - Text ****** has been set on object 'Object Repository/RAD_RecordAndPlay/input_Existing_RetypeFEIN'

2024-01-13 22:30:00 - [TEST_STEP][PASSED] - break: null

2024-01-13 22:30:00 - [TEST_STEP][PASSED] - setText(findTestObject(orPath_Amount + "/input__paymentAmount"), ""): Text '' is set on object 'Object Repository/RAD_Pages/PaymentAmount_Page/input__paymentAmount'

2024-01-13 22:30:00 - [MESSAGE][PASSED] - Text '' is set on object 'Object Repository/RAD_Pages/PaymentAmount_Page/input__paymentAmount'

2024-01-13 22:30:00 - [TEST_STEP][PASSED] - verifyTextPresent("The FEIN and Re-type FEIN do not match", true): Text 'The FEIN and Re-type FEIN do not match' is present on page  using regular expression

2024-01-13 22:30:01 - [MESSAGE][PASSED] - Text 'The FEIN and Re-type FEIN do not match' is present on page  using regular expression

2024-01-13 22:30:01 - [TEST_STEP][PASSED] - if (verifyTextPresent("The FEIN and Re-type FEIN do not match", true)): null

2024-01-13 22:30:01 - [MESSAGE][PASSED] - Text 'The FEIN and Re-type FEIN do not match' is present on page  using regular expression

2024-01-13 22:30:01 - [TEST_STEP][PASSED] - println("Error Message is present on the page"): null

2024-01-13 22:30:01 - [TEST_STEP][PASSED] - out.println("Pass Record Number: " + row): null

2024-01-13 22:30:01 - [TEST_STEP][PASSED] - resText = "Pass": null

2024-01-13 22:30:01 - [TEST_STEP][PASSED] - pages.WriteExcel.demoKey(resText, datText, resColumn, datCloumn, fileLoc, nameSheet, row): pages.WriteExcel.demoKey is PASSED

2024-01-13 22:30:02 - [MESSAGE][PASSED] - pages.WriteExcel.demoKey is PASSED

2024-01-13 22:30:02 - [TEST_STEP][PASSED] - ExecuteTC = findTestData(dataFile).getValue("Execute", row): null

2024-01-13 22:30:02 - [TEST_STEP][PASSED] - Taxtype = findTestData(dataFile).getValue("TaxType", row): null

2024-01-13 22:30:02 - [TEST_STEP][PASSED] - Paymenttype = findTestData(dataFile).getValue("PaymentType", row): null

2024-01-13 22:30:02 - [TEST_STEP][PASSED] - out.println("Value of Execute is : " + ExecuteTC): null

2024-01-13 22:30:02 - [TEST_STEP][PASSED] - if (ExecuteTC.equalsIgnoreCase("Y")): null

2024-01-13 22:30:02 - [TEST_STEP][PASSED] - out.println("Begin Record Number: " + row): null

2024-01-13 22:30:02 - [TEST_STEP][PASSED] - today = new java.util.Date(): null

2024-01-13 22:30:02 - [TEST_STEP][PASSED] - println(today): null

2024-01-13 22:30:02 - [TEST_STEP][PASSED] - datText = today: null

2024-01-13 22:30:02 - [TEST_STEP][PASSED] - Taxtype = findTestData(dataFile).getValue("TaxType", row): null

2024-01-13 22:30:02 - [TEST_STEP][PASSED] - out.println("Taxtype value is : " + Taxtype): null

2024-01-13 22:30:02 - [TEST_STEP][PASSED] - openBrowser(""): Browser is opened with url: ''

2024-01-13 22:30:02 - [MESSAGE][WARNING] - A browser is already opened. Closing browser and opening a new one

2024-01-13 22:30:03 - [MESSAGE][INFO] - Starting 'Chrome' driver

2024-01-13 22:30:03 - [MESSAGE][INFO] - User set preference: ['acceptInsecureCerts', 'true']

2024-01-13 22:30:03 - [MESSAGE][INFO] - Action delay is set to 0 milliseconds

2024-01-13 22:30:05 - [MESSAGE][PASSED] - Browser is opened with url: ''

2024-01-13 22:30:05 - [TEST_STEP][PASSED] - maximizeWindow(): Current window maximized

2024-01-13 22:30:05 - [MESSAGE][PASSED] - Current window maximized

2024-01-13 22:30:05 - [TEST_STEP][PASSED] - navigateToUrl(RADurl): Navigate to 'https://qa2.velocitypayment.com/client/rad/index.html' successfully

2024-01-13 22:30:06 - [MESSAGE][PASSED] - Navigate to 'https://qa2.velocitypayment.com/client/rad/index.html' successfully

2024-01-13 22:30:06 - [TEST_STEP][PASSED] - orPath_Landing = "Object Repository/RAD_Pages/Landing_Page": null

2024-01-13 22:30:06 - [TEST_STEP][PASSED] - orPath_TaxTypeFilingYear = "Object Repository/RAD_Pages/TaxTypeFilingYear_Page": null

2024-01-13 22:30:06 - [TEST_STEP][PASSED] - orPath_TaxPayer = "Object Repository/RAD_Pages/Taxpayer_Page": null

2024-01-13 22:30:06 - [TEST_STEP][PASSED] - orPath_AddressContact = "Object Repository/RAD_Pages/AddressAndContactInfo_Page": null

2024-01-13 22:30:06 - [TEST_STEP][PASSED] - orPath_FilingStatus = "Object Repository/RAD_Pages/FilingStatus_Page": null

2024-01-13 22:30:06 - [TEST_STEP][PASSED] - orPath_Amount = "Object Repository/RAD_Pages/PaymentAmount_Page": null

2024-01-13 22:30:06 - [TEST_STEP][PASSED] - orPath_TaxInfo = "Object Repository/RAD_Pages/TaxInfo_Page": null

2024-01-13 22:30:06 - [TEST_STEP][PASSED] - orPath_Withholding = "Object Repository/RAD_Pages/Withholding_Page": null

2024-01-13 22:30:06 - [TEST_STEP][PASSED] - orPath_Summary = "Object Repository/RAD_Pages/Summary_Page": null

2024-01-13 22:30:06 - [TEST_STEP][PASSED] - orPath_PaymentReady = "Object Repository/RAD_Pages/PaymentReady_Page": null

2024-01-13 22:30:06 - [TEST_STEP][PASSED] - orPath_PaymentEntry = "Object Repository/RAD_Pages/PaymentEntry_Page": null

2024-01-13 22:30:06 - [TEST_STEP][PASSED] - orPath_PaymentConfirmation = "Object Repository/RAD_Pages/PaymentConfirmation_Page": null

2024-01-13 22:30:06 - [TEST_STEP][PASSED] - orPath_ServiceFeesAccept = "Object Repository/RAD_Pages/ServiceFeeAccept_Page": null

2024-01-13 22:30:06 - [TEST_STEP][PASSED] - selectOptionByLabel(findTestObject(orPath_Landing + "/dd_TaxType"), Paymenttype, false): All options with label 'Existing Liability w/Notice Number' are selected in object 'Object Repository/RAD_Pages/Landing_Page/dd_TaxType' 

2024-01-13 22:30:07 - [MESSAGE][PASSED] - All options with label 'Existing Liability w/Notice Number' are selected in object 'Object Repository/RAD_Pages/Landing_Page/dd_TaxType' 

2024-01-13 22:30:07 - [TEST_STEP][PASSED] - delay(1): Delayed 1 second(s)

2024-01-13 22:30:08 - [MESSAGE][PASSED] - Delayed 1 second(s)

2024-01-13 22:30:08 - [TEST_STEP][PASSED] - switch (Paymenttype): null

2024-01-13 22:30:08 - [TEST_STEP][PASSED] - case "Existing Liability w/Notice Number":: null

2024-01-13 22:30:08 - [TEST_STEP][PASSED] - selectOptionByLabel(findTestObject(orPath_TaxTypeFilingYear + "/select_TaxType_ExistingLiability"), Taxtype, false): All options with label 'Corporate Income Tax' are selected in object 'Object Repository/RAD_Pages/TaxTypeFilingYear_Page/select_TaxType_ExistingLiability' 

2024-01-13 22:30:09 - [MESSAGE][PASSED] - All options with label 'Corporate Income Tax' are selected in object 'Object Repository/RAD_Pages/TaxTypeFilingYear_Page/select_TaxType_ExistingLiability' 

2024-01-13 22:30:09 - [TEST_STEP][PASSED] - break: null

2024-01-13 22:30:09 - [TEST_STEP][PASSED] - delay(1): Delayed 1 second(s)

2024-01-13 22:30:10 - [MESSAGE][PASSED] - Delayed 1 second(s)

2024-01-13 22:30:10 - [TEST_STEP][PASSED] - scrollToElement(findTestObject(orPath_Amount + "/input__paymentAmount"), 2, CONTINUE_ON_FAILURE): Scroll to object 'Object Repository/RAD_Pages/PaymentAmount_Page/input__paymentAmount' successfully

2024-01-13 22:30:10 - [MESSAGE][PASSED] - Scroll to object 'Object Repository/RAD_Pages/PaymentAmount_Page/input__paymentAmount' successfully

2024-01-13 22:30:10 - [TEST_STEP][PASSED] - switch (Paymenttype): null

2024-01-13 22:30:10 - [TEST_STEP][PASSED] - case "Existing Liability w/Notice Number":: null

2024-01-13 22:30:10 - [TEST_STEP][PASSED] - setEncryptedText(findTestObject("Object Repository/RAD_RecordAndPlay/input_Existing_FEIN"), "RigbBhfdqODKcAsiUrg+1Q=="): Text ****** has been set on object 'Object Repository/RAD_RecordAndPlay/input_Existing_FEIN'

2024-01-13 22:30:11 - [MESSAGE][PASSED] - Text ****** has been set on object 'Object Repository/RAD_RecordAndPlay/input_Existing_FEIN'

2024-01-13 22:30:11 - [TEST_STEP][PASSED] - setEncryptedText(findTestObject("Object Repository/RAD_RecordAndPlay/input_Existing_RetypeFEIN"), "RigbBhfdqOBBGbZqm4oFJQ=="): Text ****** has been set on object 'Object Repository/RAD_RecordAndPlay/input_Existing_RetypeFEIN'

2024-01-13 22:30:11 - [MESSAGE][PASSED] - Text ****** has been set on object 'Object Repository/RAD_RecordAndPlay/input_Existing_RetypeFEIN'

2024-01-13 22:30:11 - [TEST_STEP][PASSED] - break: null

2024-01-13 22:30:11 - [TEST_STEP][PASSED] - setText(findTestObject(orPath_Amount + "/input__paymentAmount"), ""): Text '' is set on object 'Object Repository/RAD_Pages/PaymentAmount_Page/input__paymentAmount'

2024-01-13 22:30:12 - [MESSAGE][PASSED] - Text '' is set on object 'Object Repository/RAD_Pages/PaymentAmount_Page/input__paymentAmount'

2024-01-13 22:30:12 - [TEST_STEP][PASSED] - verifyTextPresent("The FEIN and Re-type FEIN do not match", true): Text 'The FEIN and Re-type FEIN do not match' is present on page  using regular expression

2024-01-13 22:30:13 - [MESSAGE][PASSED] - Text 'The FEIN and Re-type FEIN do not match' is present on page  using regular expression

2024-01-13 22:30:13 - [TEST_STEP][PASSED] - if (verifyTextPresent("The FEIN and Re-type FEIN do not match", true)): null

2024-01-13 22:30:13 - [MESSAGE][PASSED] - Text 'The FEIN and Re-type FEIN do not match' is present on page  using regular expression

2024-01-13 22:30:13 - [TEST_STEP][PASSED] - println("Error Message is present on the page"): null

2024-01-13 22:30:13 - [TEST_STEP][PASSED] - out.println("Pass Record Number: " + row): null

2024-01-13 22:30:13 - [TEST_STEP][PASSED] - resText = "Pass": null

2024-01-13 22:30:13 - [TEST_STEP][PASSED] - pages.WriteExcel.demoKey(resText, datText, resColumn, datCloumn, fileLoc, nameSheet, row): pages.WriteExcel.demoKey is PASSED

2024-01-13 22:30:13 - [MESSAGE][PASSED] - pages.WriteExcel.demoKey is PASSED

2024-01-13 22:30:13 - [TEST_STEP][PASSED] - ExecuteTC = findTestData(dataFile).getValue("Execute", row): null

2024-01-13 22:30:13 - [TEST_STEP][PASSED] - Taxtype = findTestData(dataFile).getValue("TaxType", row): null

2024-01-13 22:30:13 - [TEST_STEP][PASSED] - Paymenttype = findTestData(dataFile).getValue("PaymentType", row): null

2024-01-13 22:30:13 - [TEST_STEP][PASSED] - out.println("Value of Execute is : " + ExecuteTC): null

2024-01-13 22:30:13 - [TEST_STEP][PASSED] - if (ExecuteTC.equalsIgnoreCase("Y")): null

2024-01-13 22:30:13 - [TEST_STEP][PASSED] - out.println("Begin Record Number: " + row): null

2024-01-13 22:30:13 - [TEST_STEP][PASSED] - today = new java.util.Date(): null

2024-01-13 22:30:13 - [TEST_STEP][PASSED] - println(today): null

2024-01-13 22:30:13 - [TEST_STEP][PASSED] - datText = today: null

2024-01-13 22:30:13 - [TEST_STEP][PASSED] - Taxtype = findTestData(dataFile).getValue("TaxType", row): null

2024-01-13 22:30:13 - [TEST_STEP][PASSED] - out.println("Taxtype value is : " + Taxtype): null

2024-01-13 22:30:13 - [TEST_STEP][PASSED] - openBrowser(""): Browser is opened with url: ''

2024-01-13 22:30:13 - [MESSAGE][WARNING] - A browser is already opened. Closing browser and opening a new one

2024-01-13 22:30:14 - [MESSAGE][INFO] - Starting 'Chrome' driver

2024-01-13 22:30:14 - [MESSAGE][INFO] - User set preference: ['acceptInsecureCerts', 'true']

2024-01-13 22:30:14 - [MESSAGE][INFO] - Action delay is set to 0 milliseconds

2024-01-13 22:30:16 - [MESSAGE][PASSED] - Browser is opened with url: ''

2024-01-13 22:30:16 - [TEST_STEP][PASSED] - maximizeWindow(): Current window maximized

2024-01-13 22:30:16 - [MESSAGE][PASSED] - Current window maximized

2024-01-13 22:30:16 - [TEST_STEP][PASSED] - navigateToUrl(RADurl): Navigate to 'https://qa2.velocitypayment.com/client/rad/index.html' successfully

2024-01-13 22:30:17 - [MESSAGE][PASSED] - Navigate to 'https://qa2.velocitypayment.com/client/rad/index.html' successfully

2024-01-13 22:30:17 - [TEST_STEP][PASSED] - orPath_Landing = "Object Repository/RAD_Pages/Landing_Page": null

2024-01-13 22:30:17 - [TEST_STEP][PASSED] - orPath_TaxTypeFilingYear = "Object Repository/RAD_Pages/TaxTypeFilingYear_Page": null

2024-01-13 22:30:17 - [TEST_STEP][PASSED] - orPath_TaxPayer = "Object Repository/RAD_Pages/Taxpayer_Page": null

2024-01-13 22:30:17 - [TEST_STEP][PASSED] - orPath_AddressContact = "Object Repository/RAD_Pages/AddressAndContactInfo_Page": null

2024-01-13 22:30:17 - [TEST_STEP][PASSED] - orPath_FilingStatus = "Object Repository/RAD_Pages/FilingStatus_Page": null

2024-01-13 22:30:17 - [TEST_STEP][PASSED] - orPath_Amount = "Object Repository/RAD_Pages/PaymentAmount_Page": null

2024-01-13 22:30:17 - [TEST_STEP][PASSED] - orPath_TaxInfo = "Object Repository/RAD_Pages/TaxInfo_Page": null

2024-01-13 22:30:17 - [TEST_STEP][PASSED] - orPath_Withholding = "Object Repository/RAD_Pages/Withholding_Page": null

2024-01-13 22:30:17 - [TEST_STEP][PASSED] - orPath_Summary = "Object Repository/RAD_Pages/Summary_Page": null

2024-01-13 22:30:17 - [TEST_STEP][PASSED] - orPath_PaymentReady = "Object Repository/RAD_Pages/PaymentReady_Page": null

2024-01-13 22:30:17 - [TEST_STEP][PASSED] - orPath_PaymentEntry = "Object Repository/RAD_Pages/PaymentEntry_Page": null

2024-01-13 22:30:17 - [TEST_STEP][PASSED] - orPath_PaymentConfirmation = "Object Repository/RAD_Pages/PaymentConfirmation_Page": null

2024-01-13 22:30:17 - [TEST_STEP][PASSED] - orPath_ServiceFeesAccept = "Object Repository/RAD_Pages/ServiceFeeAccept_Page": null

2024-01-13 22:30:17 - [TEST_STEP][PASSED] - selectOptionByLabel(findTestObject(orPath_Landing + "/dd_TaxType"), Paymenttype, false): All options with label 'Existing Liability w/Notice Number' are selected in object 'Object Repository/RAD_Pages/Landing_Page/dd_TaxType' 

2024-01-13 22:30:18 - [MESSAGE][PASSED] - All options with label 'Existing Liability w/Notice Number' are selected in object 'Object Repository/RAD_Pages/Landing_Page/dd_TaxType' 

2024-01-13 22:30:18 - [TEST_STEP][PASSED] - delay(1): Delayed 1 second(s)

2024-01-13 22:30:19 - [MESSAGE][PASSED] - Delayed 1 second(s)

2024-01-13 22:30:19 - [TEST_STEP][PASSED] - switch (Paymenttype): null

2024-01-13 22:30:19 - [TEST_STEP][PASSED] - case "Existing Liability w/Notice Number":: null

2024-01-13 22:30:19 - [TEST_STEP][PASSED] - selectOptionByLabel(findTestObject(orPath_TaxTypeFilingYear + "/select_TaxType_ExistingLiability"), Taxtype, false): All options with label 'Fiduciary Tax' are selected in object 'Object Repository/RAD_Pages/TaxTypeFilingYear_Page/select_TaxType_ExistingLiability' 

2024-01-13 22:30:20 - [MESSAGE][PASSED] - All options with label 'Fiduciary Tax' are selected in object 'Object Repository/RAD_Pages/TaxTypeFilingYear_Page/select_TaxType_ExistingLiability' 

2024-01-13 22:30:20 - [TEST_STEP][PASSED] - break: null

2024-01-13 22:30:20 - [TEST_STEP][PASSED] - delay(1): Delayed 1 second(s)

2024-01-13 22:30:21 - [MESSAGE][PASSED] - Delayed 1 second(s)

2024-01-13 22:30:21 - [TEST_STEP][PASSED] - scrollToElement(findTestObject(orPath_Amount + "/input__paymentAmount"), 2, CONTINUE_ON_FAILURE): Scroll to object 'Object Repository/RAD_Pages/PaymentAmount_Page/input__paymentAmount' successfully

2024-01-13 22:30:21 - [MESSAGE][PASSED] - Scroll to object 'Object Repository/RAD_Pages/PaymentAmount_Page/input__paymentAmount' successfully

2024-01-13 22:30:21 - [TEST_STEP][PASSED] - switch (Paymenttype): null

2024-01-13 22:30:21 - [TEST_STEP][PASSED] - case "Existing Liability w/Notice Number":: null

2024-01-13 22:30:21 - [TEST_STEP][PASSED] - setEncryptedText(findTestObject("Object Repository/RAD_RecordAndPlay/input_Existing_FEIN"), "RigbBhfdqODKcAsiUrg+1Q=="): Text ****** has been set on object 'Object Repository/RAD_RecordAndPlay/input_Existing_FEIN'

2024-01-13 22:30:22 - [MESSAGE][PASSED] - Text ****** has been set on object 'Object Repository/RAD_RecordAndPlay/input_Existing_FEIN'

2024-01-13 22:30:22 - [TEST_STEP][PASSED] - setEncryptedText(findTestObject("Object Repository/RAD_RecordAndPlay/input_Existing_RetypeFEIN"), "RigbBhfdqOBBGbZqm4oFJQ=="): Text ****** has been set on object 'Object Repository/RAD_RecordAndPlay/input_Existing_RetypeFEIN'

2024-01-13 22:30:22 - [MESSAGE][PASSED] - Text ****** has been set on object 'Object Repository/RAD_RecordAndPlay/input_Existing_RetypeFEIN'

2024-01-13 22:30:22 - [TEST_STEP][PASSED] - break: null

2024-01-13 22:30:22 - [TEST_STEP][PASSED] - setText(findTestObject(orPath_Amount + "/input__paymentAmount"), ""): Text '' is set on object 'Object Repository/RAD_Pages/PaymentAmount_Page/input__paymentAmount'

2024-01-13 22:30:23 - [MESSAGE][PASSED] - Text '' is set on object 'Object Repository/RAD_Pages/PaymentAmount_Page/input__paymentAmount'

2024-01-13 22:30:23 - [TEST_STEP][PASSED] - verifyTextPresent("The FEIN and Re-type FEIN do not match", true): Text 'The FEIN and Re-type FEIN do not match' is present on page  using regular expression

2024-01-13 22:30:24 - [MESSAGE][PASSED] - Text 'The FEIN and Re-type FEIN do not match' is present on page  using regular expression

2024-01-13 22:30:24 - [TEST_STEP][PASSED] - if (verifyTextPresent("The FEIN and Re-type FEIN do not match", true)): null

2024-01-13 22:30:24 - [MESSAGE][PASSED] - Text 'The FEIN and Re-type FEIN do not match' is present on page  using regular expression

2024-01-13 22:30:24 - [TEST_STEP][PASSED] - println("Error Message is present on the page"): null

2024-01-13 22:30:24 - [TEST_STEP][PASSED] - out.println("Pass Record Number: " + row): null

2024-01-13 22:30:24 - [TEST_STEP][PASSED] - resText = "Pass": null

2024-01-13 22:30:24 - [TEST_STEP][PASSED] - pages.WriteExcel.demoKey(resText, datText, resColumn, datCloumn, fileLoc, nameSheet, row): pages.WriteExcel.demoKey is PASSED

2024-01-13 22:30:24 - [MESSAGE][PASSED] - pages.WriteExcel.demoKey is PASSED

2024-01-13 22:30:24 - [TEST_STEP][PASSED] - ExecuteTC = findTestData(dataFile).getValue("Execute", row): null

2024-01-13 22:30:24 - [TEST_STEP][PASSED] - Taxtype = findTestData(dataFile).getValue("TaxType", row): null

2024-01-13 22:30:24 - [TEST_STEP][PASSED] - Paymenttype = findTestData(dataFile).getValue("PaymentType", row): null

2024-01-13 22:30:24 - [TEST_STEP][PASSED] - out.println("Value of Execute is : " + ExecuteTC): null

2024-01-13 22:30:24 - [TEST_STEP][PASSED] - if (ExecuteTC.equalsIgnoreCase("Y")): null

2024-01-13 22:30:24 - [TEST_STEP][PASSED] - out.println("Begin Record Number: " + row): null

2024-01-13 22:30:24 - [TEST_STEP][PASSED] - today = new java.util.Date(): null

2024-01-13 22:30:24 - [TEST_STEP][PASSED] - println(today): null

2024-01-13 22:30:24 - [TEST_STEP][PASSED] - datText = today: null

2024-01-13 22:30:24 - [TEST_STEP][PASSED] - Taxtype = findTestData(dataFile).getValue("TaxType", row): null

2024-01-13 22:30:24 - [TEST_STEP][PASSED] - out.println("Taxtype value is : " + Taxtype): null

2024-01-13 22:30:24 - [TEST_STEP][PASSED] - openBrowser(""): Browser is opened with url: ''

2024-01-13 22:30:24 - [MESSAGE][WARNING] - A browser is already opened. Closing browser and opening a new one

2024-01-13 22:30:25 - [MESSAGE][INFO] - Starting 'Chrome' driver

2024-01-13 22:30:25 - [MESSAGE][INFO] - User set preference: ['acceptInsecureCerts', 'true']

2024-01-13 22:30:25 - [MESSAGE][INFO] - Action delay is set to 0 milliseconds

2024-01-13 22:30:27 - [MESSAGE][PASSED] - Browser is opened with url: ''

2024-01-13 22:30:27 - [TEST_STEP][PASSED] - maximizeWindow(): Current window maximized

2024-01-13 22:30:27 - [MESSAGE][PASSED] - Current window maximized

2024-01-13 22:30:27 - [TEST_STEP][PASSED] - navigateToUrl(RADurl): Navigate to 'https://qa2.velocitypayment.com/client/rad/index.html' successfully

2024-01-13 22:30:27 - [MESSAGE][PASSED] - Navigate to 'https://qa2.velocitypayment.com/client/rad/index.html' successfully

2024-01-13 22:30:27 - [TEST_STEP][PASSED] - orPath_Landing = "Object Repository/RAD_Pages/Landing_Page": null

2024-01-13 22:30:27 - [TEST_STEP][PASSED] - orPath_TaxTypeFilingYear = "Object Repository/RAD_Pages/TaxTypeFilingYear_Page": null

2024-01-13 22:30:27 - [TEST_STEP][PASSED] - orPath_TaxPayer = "Object Repository/RAD_Pages/Taxpayer_Page": null

2024-01-13 22:30:27 - [TEST_STEP][PASSED] - orPath_AddressContact = "Object Repository/RAD_Pages/AddressAndContactInfo_Page": null

2024-01-13 22:30:27 - [TEST_STEP][PASSED] - orPath_FilingStatus = "Object Repository/RAD_Pages/FilingStatus_Page": null

2024-01-13 22:30:27 - [TEST_STEP][PASSED] - orPath_Amount = "Object Repository/RAD_Pages/PaymentAmount_Page": null

2024-01-13 22:30:27 - [TEST_STEP][PASSED] - orPath_TaxInfo = "Object Repository/RAD_Pages/TaxInfo_Page": null

2024-01-13 22:30:27 - [TEST_STEP][PASSED] - orPath_Withholding = "Object Repository/RAD_Pages/Withholding_Page": null

2024-01-13 22:30:27 - [TEST_STEP][PASSED] - orPath_Summary = "Object Repository/RAD_Pages/Summary_Page": null

2024-01-13 22:30:27 - [TEST_STEP][PASSED] - orPath_PaymentReady = "Object Repository/RAD_Pages/PaymentReady_Page": null

2024-01-13 22:30:27 - [TEST_STEP][PASSED] - orPath_PaymentEntry = "Object Repository/RAD_Pages/PaymentEntry_Page": null

2024-01-13 22:30:27 - [TEST_STEP][PASSED] - orPath_PaymentConfirmation = "Object Repository/RAD_Pages/PaymentConfirmation_Page": null

2024-01-13 22:30:27 - [TEST_STEP][PASSED] - orPath_ServiceFeesAccept = "Object Repository/RAD_Pages/ServiceFeeAccept_Page": null

2024-01-13 22:30:27 - [TEST_STEP][PASSED] - selectOptionByLabel(findTestObject(orPath_Landing + "/dd_TaxType"), Paymenttype, false): All options with label 'Existing Liability w/Notice Number' are selected in object 'Object Repository/RAD_Pages/Landing_Page/dd_TaxType' 

2024-01-13 22:30:30 - [MESSAGE][PASSED] - All options with label 'Existing Liability w/Notice Number' are selected in object 'Object Repository/RAD_Pages/Landing_Page/dd_TaxType' 

2024-01-13 22:30:30 - [TEST_STEP][PASSED] - delay(1): Delayed 1 second(s)

2024-01-13 22:30:31 - [MESSAGE][PASSED] - Delayed 1 second(s)

2024-01-13 22:30:31 - [TEST_STEP][PASSED] - switch (Paymenttype): null

2024-01-13 22:30:31 - [TEST_STEP][PASSED] - case "Existing Liability w/Notice Number":: null

2024-01-13 22:30:31 - [TEST_STEP][PASSED] - selectOptionByLabel(findTestObject(orPath_TaxTypeFilingYear + "/select_TaxType_ExistingLiability"), Taxtype, false): All options with label 'Sales & Use Tax' are selected in object 'Object Repository/RAD_Pages/TaxTypeFilingYear_Page/select_TaxType_ExistingLiability' 

2024-01-13 22:30:31 - [MESSAGE][PASSED] - All options with label 'Sales & Use Tax' are selected in object 'Object Repository/RAD_Pages/TaxTypeFilingYear_Page/select_TaxType_ExistingLiability' 

2024-01-13 22:30:31 - [TEST_STEP][PASSED] - break: null

2024-01-13 22:30:31 - [TEST_STEP][PASSED] - delay(1): Delayed 1 second(s)

2024-01-13 22:30:32 - [MESSAGE][PASSED] - Delayed 1 second(s)

2024-01-13 22:30:32 - [TEST_STEP][PASSED] - scrollToElement(findTestObject(orPath_Amount + "/input__paymentAmount"), 2, CONTINUE_ON_FAILURE): Scroll to object 'Object Repository/RAD_Pages/PaymentAmount_Page/input__paymentAmount' successfully

2024-01-13 22:30:33 - [MESSAGE][PASSED] - Scroll to object 'Object Repository/RAD_Pages/PaymentAmount_Page/input__paymentAmount' successfully

2024-01-13 22:30:33 - [TEST_STEP][PASSED] - switch (Paymenttype): null

2024-01-13 22:30:33 - [TEST_STEP][PASSED] - case "Existing Liability w/Notice Number":: null

2024-01-13 22:30:33 - [TEST_STEP][PASSED] - setEncryptedText(findTestObject("Object Repository/RAD_RecordAndPlay/input_Existing_FEIN"), "RigbBhfdqODKcAsiUrg+1Q=="): Text ****** has been set on object 'Object Repository/RAD_RecordAndPlay/input_Existing_FEIN'

2024-01-13 22:30:33 - [MESSAGE][PASSED] - Text ****** has been set on object 'Object Repository/RAD_RecordAndPlay/input_Existing_FEIN'

2024-01-13 22:30:33 - [TEST_STEP][PASSED] - setEncryptedText(findTestObject("Object Repository/RAD_RecordAndPlay/input_Existing_RetypeFEIN"), "RigbBhfdqOBBGbZqm4oFJQ=="): Text ****** has been set on object 'Object Repository/RAD_RecordAndPlay/input_Existing_RetypeFEIN'

2024-01-13 22:30:34 - [MESSAGE][PASSED] - Text ****** has been set on object 'Object Repository/RAD_RecordAndPlay/input_Existing_RetypeFEIN'

2024-01-13 22:30:34 - [TEST_STEP][PASSED] - break: null

2024-01-13 22:30:34 - [TEST_STEP][PASSED] - setText(findTestObject(orPath_Amount + "/input__paymentAmount"), ""): Text '' is set on object 'Object Repository/RAD_Pages/PaymentAmount_Page/input__paymentAmount'

2024-01-13 22:30:35 - [MESSAGE][PASSED] - Text '' is set on object 'Object Repository/RAD_Pages/PaymentAmount_Page/input__paymentAmount'

2024-01-13 22:30:35 - [TEST_STEP][PASSED] - verifyTextPresent("The FEIN and Re-type FEIN do not match", true): Text 'The FEIN and Re-type FEIN do not match' is present on page  using regular expression

2024-01-13 22:30:36 - [MESSAGE][PASSED] - Text 'The FEIN and Re-type FEIN do not match' is present on page  using regular expression

2024-01-13 22:30:36 - [TEST_STEP][PASSED] - if (verifyTextPresent("The FEIN and Re-type FEIN do not match", true)): null

2024-01-13 22:30:36 - [MESSAGE][PASSED] - Text 'The FEIN and Re-type FEIN do not match' is present on page  using regular expression

2024-01-13 22:30:36 - [TEST_STEP][PASSED] - println("Error Message is present on the page"): null

2024-01-13 22:30:36 - [TEST_STEP][PASSED] - out.println("Pass Record Number: " + row): null

2024-01-13 22:30:36 - [TEST_STEP][PASSED] - resText = "Pass": null

2024-01-13 22:30:36 - [TEST_STEP][PASSED] - pages.WriteExcel.demoKey(resText, datText, resColumn, datCloumn, fileLoc, nameSheet, row): pages.WriteExcel.demoKey is PASSED

2024-01-13 22:30:36 - [MESSAGE][PASSED] - pages.WriteExcel.demoKey is PASSED

2024-01-13 22:30:36 - [TEST_STEP][PASSED] - ExecuteTC = findTestData(dataFile).getValue("Execute", row): null

2024-01-13 22:30:36 - [TEST_STEP][PASSED] - Taxtype = findTestData(dataFile).getValue("TaxType", row): null

2024-01-13 22:30:36 - [TEST_STEP][PASSED] - Paymenttype = findTestData(dataFile).getValue("PaymentType", row): null

2024-01-13 22:30:36 - [TEST_STEP][PASSED] - out.println("Value of Execute is : " + ExecuteTC): null

2024-01-13 22:30:36 - [TEST_STEP][PASSED] - if (ExecuteTC.equalsIgnoreCase("Y")): null

2024-01-13 22:30:36 - [TEST_STEP][PASSED] - out.println("Begin Record Number: " + row): null

2024-01-13 22:30:36 - [TEST_STEP][PASSED] - today = new java.util.Date(): null

2024-01-13 22:30:36 - [TEST_STEP][PASSED] - println(today): null

2024-01-13 22:30:36 - [TEST_STEP][PASSED] - datText = today: null

2024-01-13 22:30:36 - [TEST_STEP][PASSED] - Taxtype = findTestData(dataFile).getValue("TaxType", row): null

2024-01-13 22:30:36 - [TEST_STEP][PASSED] - out.println("Taxtype value is : " + Taxtype): null

2024-01-13 22:30:36 - [TEST_STEP][PASSED] - openBrowser(""): Browser is opened with url: ''

2024-01-13 22:30:36 - [MESSAGE][WARNING] - A browser is already opened. Closing browser and opening a new one

2024-01-13 22:30:37 - [MESSAGE][INFO] - Starting 'Chrome' driver

2024-01-13 22:30:37 - [MESSAGE][INFO] - User set preference: ['acceptInsecureCerts', 'true']

2024-01-13 22:30:37 - [MESSAGE][INFO] - Action delay is set to 0 milliseconds

2024-01-13 22:30:39 - [MESSAGE][PASSED] - Browser is opened with url: ''

2024-01-13 22:30:39 - [TEST_STEP][PASSED] - maximizeWindow(): Current window maximized

2024-01-13 22:30:39 - [MESSAGE][PASSED] - Current window maximized

2024-01-13 22:30:39 - [TEST_STEP][PASSED] - navigateToUrl(RADurl): Navigate to 'https://qa2.velocitypayment.com/client/rad/index.html' successfully

2024-01-13 22:30:41 - [MESSAGE][PASSED] - Navigate to 'https://qa2.velocitypayment.com/client/rad/index.html' successfully

2024-01-13 22:30:41 - [TEST_STEP][PASSED] - orPath_Landing = "Object Repository/RAD_Pages/Landing_Page": null

2024-01-13 22:30:41 - [TEST_STEP][PASSED] - orPath_TaxTypeFilingYear = "Object Repository/RAD_Pages/TaxTypeFilingYear_Page": null

2024-01-13 22:30:41 - [TEST_STEP][PASSED] - orPath_TaxPayer = "Object Repository/RAD_Pages/Taxpayer_Page": null

2024-01-13 22:30:41 - [TEST_STEP][PASSED] - orPath_AddressContact = "Object Repository/RAD_Pages/AddressAndContactInfo_Page": null

2024-01-13 22:30:41 - [TEST_STEP][PASSED] - orPath_FilingStatus = "Object Repository/RAD_Pages/FilingStatus_Page": null

2024-01-13 22:30:41 - [TEST_STEP][PASSED] - orPath_Amount = "Object Repository/RAD_Pages/PaymentAmount_Page": null

2024-01-13 22:30:41 - [TEST_STEP][PASSED] - orPath_TaxInfo = "Object Repository/RAD_Pages/TaxInfo_Page": null

2024-01-13 22:30:41 - [TEST_STEP][PASSED] - orPath_Withholding = "Object Repository/RAD_Pages/Withholding_Page": null

2024-01-13 22:30:41 - [TEST_STEP][PASSED] - orPath_Summary = "Object Repository/RAD_Pages/Summary_Page": null

2024-01-13 22:30:41 - [TEST_STEP][PASSED] - orPath_PaymentReady = "Object Repository/RAD_Pages/PaymentReady_Page": null

2024-01-13 22:30:41 - [TEST_STEP][PASSED] - orPath_PaymentEntry = "Object Repository/RAD_Pages/PaymentEntry_Page": null

2024-01-13 22:30:41 - [TEST_STEP][PASSED] - orPath_PaymentConfirmation = "Object Repository/RAD_Pages/PaymentConfirmation_Page": null

2024-01-13 22:30:41 - [TEST_STEP][PASSED] - orPath_ServiceFeesAccept = "Object Repository/RAD_Pages/ServiceFeeAccept_Page": null

2024-01-13 22:30:41 - [TEST_STEP][PASSED] - selectOptionByLabel(findTestObject(orPath_Landing + "/dd_TaxType"), Paymenttype, false): All options with label 'Existing Liability w/Notice Number' are selected in object 'Object Repository/RAD_Pages/Landing_Page/dd_TaxType' 

2024-01-13 22:30:42 - [MESSAGE][PASSED] - All options with label 'Existing Liability w/Notice Number' are selected in object 'Object Repository/RAD_Pages/Landing_Page/dd_TaxType' 

2024-01-13 22:30:42 - [TEST_STEP][PASSED] - delay(1): Delayed 1 second(s)

2024-01-13 22:30:43 - [MESSAGE][PASSED] - Delayed 1 second(s)

2024-01-13 22:30:43 - [TEST_STEP][PASSED] - switch (Paymenttype): null

2024-01-13 22:30:43 - [TEST_STEP][PASSED] - case "Existing Liability w/Notice Number":: null

2024-01-13 22:30:43 - [TEST_STEP][PASSED] - selectOptionByLabel(findTestObject(orPath_TaxTypeFilingYear + "/select_TaxType_ExistingLiability"), Taxtype, false): All options with label 'Tire Recycling Fee' are selected in object 'Object Repository/RAD_Pages/TaxTypeFilingYear_Page/select_TaxType_ExistingLiability' 

2024-01-13 22:30:43 - [MESSAGE][PASSED] - All options with label 'Tire Recycling Fee' are selected in object 'Object Repository/RAD_Pages/TaxTypeFilingYear_Page/select_TaxType_ExistingLiability' 

2024-01-13 22:30:43 - [TEST_STEP][PASSED] - break: null

2024-01-13 22:30:43 - [TEST_STEP][PASSED] - delay(1): Delayed 1 second(s)

2024-01-13 22:30:44 - [MESSAGE][PASSED] - Delayed 1 second(s)

2024-01-13 22:30:44 - [TEST_STEP][PASSED] - scrollToElement(findTestObject(orPath_Amount + "/input__paymentAmount"), 2, CONTINUE_ON_FAILURE): Scroll to object 'Object Repository/RAD_Pages/PaymentAmount_Page/input__paymentAmount' successfully

2024-01-13 22:30:45 - [MESSAGE][PASSED] - Scroll to object 'Object Repository/RAD_Pages/PaymentAmount_Page/input__paymentAmount' successfully

2024-01-13 22:30:45 - [TEST_STEP][PASSED] - switch (Paymenttype): null

2024-01-13 22:30:45 - [TEST_STEP][PASSED] - case "Existing Liability w/Notice Number":: null

2024-01-13 22:30:45 - [TEST_STEP][PASSED] - setEncryptedText(findTestObject("Object Repository/RAD_RecordAndPlay/input_Existing_FEIN"), "RigbBhfdqODKcAsiUrg+1Q=="): Text ****** has been set on object 'Object Repository/RAD_RecordAndPlay/input_Existing_FEIN'

2024-01-13 22:30:45 - [MESSAGE][PASSED] - Text ****** has been set on object 'Object Repository/RAD_RecordAndPlay/input_Existing_FEIN'

2024-01-13 22:30:45 - [TEST_STEP][PASSED] - setEncryptedText(findTestObject("Object Repository/RAD_RecordAndPlay/input_Existing_RetypeFEIN"), "RigbBhfdqOBBGbZqm4oFJQ=="): Text ****** has been set on object 'Object Repository/RAD_RecordAndPlay/input_Existing_RetypeFEIN'

2024-01-13 22:30:46 - [MESSAGE][PASSED] - Text ****** has been set on object 'Object Repository/RAD_RecordAndPlay/input_Existing_RetypeFEIN'

2024-01-13 22:30:46 - [TEST_STEP][PASSED] - break: null

2024-01-13 22:30:46 - [TEST_STEP][PASSED] - setText(findTestObject(orPath_Amount + "/input__paymentAmount"), ""): Text '' is set on object 'Object Repository/RAD_Pages/PaymentAmount_Page/input__paymentAmount'

2024-01-13 22:30:47 - [MESSAGE][PASSED] - Text '' is set on object 'Object Repository/RAD_Pages/PaymentAmount_Page/input__paymentAmount'

2024-01-13 22:30:47 - [TEST_STEP][PASSED] - verifyTextPresent("The FEIN and Re-type FEIN do not match", true): Text 'The FEIN and Re-type FEIN do not match' is present on page  using regular expression

2024-01-13 22:30:47 - [MESSAGE][PASSED] - Text 'The FEIN and Re-type FEIN do not match' is present on page  using regular expression

2024-01-13 22:30:47 - [TEST_STEP][PASSED] - if (verifyTextPresent("The FEIN and Re-type FEIN do not match", true)): null

2024-01-13 22:30:48 - [MESSAGE][PASSED] - Text 'The FEIN and Re-type FEIN do not match' is present on page  using regular expression

2024-01-13 22:30:48 - [TEST_STEP][PASSED] - println("Error Message is present on the page"): null

2024-01-13 22:30:48 - [TEST_STEP][PASSED] - out.println("Pass Record Number: " + row): null

2024-01-13 22:30:48 - [TEST_STEP][PASSED] - resText = "Pass": null

2024-01-13 22:30:48 - [TEST_STEP][PASSED] - pages.WriteExcel.demoKey(resText, datText, resColumn, datCloumn, fileLoc, nameSheet, row): pages.WriteExcel.demoKey is PASSED

2024-01-13 22:30:48 - [MESSAGE][PASSED] - pages.WriteExcel.demoKey is PASSED

2024-01-13 22:30:48 - [TEST_STEP][PASSED] - ExecuteTC = findTestData(dataFile).getValue("Execute", row): null

2024-01-13 22:30:48 - [TEST_STEP][PASSED] - Taxtype = findTestData(dataFile).getValue("TaxType", row): null

2024-01-13 22:30:48 - [TEST_STEP][PASSED] - Paymenttype = findTestData(dataFile).getValue("PaymentType", row): null

2024-01-13 22:30:48 - [TEST_STEP][PASSED] - out.println("Value of Execute is : " + ExecuteTC): null

2024-01-13 22:30:48 - [TEST_STEP][PASSED] - if (ExecuteTC.equalsIgnoreCase("Y")): null

2024-01-13 22:30:48 - [TEST_STEP][PASSED] - out.println("Begin Record Number: " + row): null

2024-01-13 22:30:48 - [TEST_STEP][PASSED] - today = new java.util.Date(): null

2024-01-13 22:30:48 - [TEST_STEP][PASSED] - println(today): null

2024-01-13 22:30:48 - [TEST_STEP][PASSED] - datText = today: null

2024-01-13 22:30:48 - [TEST_STEP][PASSED] - Taxtype = findTestData(dataFile).getValue("TaxType", row): null

2024-01-13 22:30:48 - [TEST_STEP][PASSED] - out.println("Taxtype value is : " + Taxtype): null

2024-01-13 22:30:48 - [TEST_STEP][PASSED] - openBrowser(""): Browser is opened with url: ''

2024-01-13 22:30:48 - [MESSAGE][WARNING] - A browser is already opened. Closing browser and opening a new one

2024-01-13 22:30:49 - [MESSAGE][INFO] - Starting 'Chrome' driver

2024-01-13 22:30:49 - [MESSAGE][INFO] - User set preference: ['acceptInsecureCerts', 'true']

2024-01-13 22:30:49 - [MESSAGE][INFO] - Action delay is set to 0 milliseconds

2024-01-13 22:30:50 - [MESSAGE][PASSED] - Browser is opened with url: ''

2024-01-13 22:30:50 - [TEST_STEP][PASSED] - maximizeWindow(): Current window maximized

2024-01-13 22:30:51 - [MESSAGE][PASSED] - Current window maximized

2024-01-13 22:30:51 - [TEST_STEP][PASSED] - navigateToUrl(RADurl): Navigate to 'https://qa2.velocitypayment.com/client/rad/index.html' successfully

2024-01-13 22:30:52 - [MESSAGE][PASSED] - Navigate to 'https://qa2.velocitypayment.com/client/rad/index.html' successfully

2024-01-13 22:30:52 - [TEST_STEP][PASSED] - orPath_Landing = "Object Repository/RAD_Pages/Landing_Page": null

2024-01-13 22:30:52 - [TEST_STEP][PASSED] - orPath_TaxTypeFilingYear = "Object Repository/RAD_Pages/TaxTypeFilingYear_Page": null

2024-01-13 22:30:52 - [TEST_STEP][PASSED] - orPath_TaxPayer = "Object Repository/RAD_Pages/Taxpayer_Page": null

2024-01-13 22:30:52 - [TEST_STEP][PASSED] - orPath_AddressContact = "Object Repository/RAD_Pages/AddressAndContactInfo_Page": null

2024-01-13 22:30:52 - [TEST_STEP][PASSED] - orPath_FilingStatus = "Object Repository/RAD_Pages/FilingStatus_Page": null

2024-01-13 22:30:52 - [TEST_STEP][PASSED] - orPath_Amount = "Object Repository/RAD_Pages/PaymentAmount_Page": null

2024-01-13 22:30:52 - [TEST_STEP][PASSED] - orPath_TaxInfo = "Object Repository/RAD_Pages/TaxInfo_Page": null

2024-01-13 22:30:52 - [TEST_STEP][PASSED] - orPath_Withholding = "Object Repository/RAD_Pages/Withholding_Page": null

2024-01-13 22:30:52 - [TEST_STEP][PASSED] - orPath_Summary = "Object Repository/RAD_Pages/Summary_Page": null

2024-01-13 22:30:52 - [TEST_STEP][PASSED] - orPath_PaymentReady = "Object Repository/RAD_Pages/PaymentReady_Page": null

2024-01-13 22:30:52 - [TEST_STEP][PASSED] - orPath_PaymentEntry = "Object Repository/RAD_Pages/PaymentEntry_Page": null

2024-01-13 22:30:52 - [TEST_STEP][PASSED] - orPath_PaymentConfirmation = "Object Repository/RAD_Pages/PaymentConfirmation_Page": null

2024-01-13 22:30:52 - [TEST_STEP][PASSED] - orPath_ServiceFeesAccept = "Object Repository/RAD_Pages/ServiceFeeAccept_Page": null

2024-01-13 22:30:52 - [TEST_STEP][PASSED] - selectOptionByLabel(findTestObject(orPath_Landing + "/dd_TaxType"), Paymenttype, false): All options with label 'Existing Liability w/Notice Number' are selected in object 'Object Repository/RAD_Pages/Landing_Page/dd_TaxType' 

2024-01-13 22:30:53 - [MESSAGE][PASSED] - All options with label 'Existing Liability w/Notice Number' are selected in object 'Object Repository/RAD_Pages/Landing_Page/dd_TaxType' 

2024-01-13 22:30:53 - [TEST_STEP][PASSED] - delay(1): Delayed 1 second(s)

2024-01-13 22:30:54 - [MESSAGE][PASSED] - Delayed 1 second(s)

2024-01-13 22:30:54 - [TEST_STEP][PASSED] - switch (Paymenttype): null

2024-01-13 22:30:54 - [TEST_STEP][PASSED] - case "Existing Liability w/Notice Number":: null

2024-01-13 22:30:54 - [TEST_STEP][PASSED] - selectOptionByLabel(findTestObject(orPath_TaxTypeFilingYear + "/select_TaxType_ExistingLiability"), Taxtype, false): All options with label 'Withholding Tax' are selected in object 'Object Repository/RAD_Pages/TaxTypeFilingYear_Page/select_TaxType_ExistingLiability' 

2024-01-13 22:30:54 - [MESSAGE][PASSED] - All options with label 'Withholding Tax' are selected in object 'Object Repository/RAD_Pages/TaxTypeFilingYear_Page/select_TaxType_ExistingLiability' 

2024-01-13 22:30:54 - [TEST_STEP][PASSED] - break: null

2024-01-13 22:30:54 - [TEST_STEP][PASSED] - delay(1): Delayed 1 second(s)

2024-01-13 22:30:55 - [MESSAGE][PASSED] - Delayed 1 second(s)

2024-01-13 22:30:55 - [TEST_STEP][PASSED] - scrollToElement(findTestObject(orPath_Amount + "/input__paymentAmount"), 2, CONTINUE_ON_FAILURE): Scroll to object 'Object Repository/RAD_Pages/PaymentAmount_Page/input__paymentAmount' successfully

2024-01-13 22:30:56 - [MESSAGE][PASSED] - Scroll to object 'Object Repository/RAD_Pages/PaymentAmount_Page/input__paymentAmount' successfully

2024-01-13 22:30:56 - [TEST_STEP][PASSED] - switch (Paymenttype): null

2024-01-13 22:30:56 - [TEST_STEP][PASSED] - case "Existing Liability w/Notice Number":: null

2024-01-13 22:30:56 - [TEST_STEP][PASSED] - setEncryptedText(findTestObject("Object Repository/RAD_RecordAndPlay/input_Existing_FEIN"), "RigbBhfdqODKcAsiUrg+1Q=="): Text ****** has been set on object 'Object Repository/RAD_RecordAndPlay/input_Existing_FEIN'

2024-01-13 22:30:56 - [MESSAGE][PASSED] - Text ****** has been set on object 'Object Repository/RAD_RecordAndPlay/input_Existing_FEIN'

2024-01-13 22:30:56 - [TEST_STEP][PASSED] - setEncryptedText(findTestObject("Object Repository/RAD_RecordAndPlay/input_Existing_RetypeFEIN"), "RigbBhfdqOBBGbZqm4oFJQ=="): Text ****** has been set on object 'Object Repository/RAD_RecordAndPlay/input_Existing_RetypeFEIN'

2024-01-13 22:30:57 - [MESSAGE][PASSED] - Text ****** has been set on object 'Object Repository/RAD_RecordAndPlay/input_Existing_RetypeFEIN'

2024-01-13 22:30:57 - [TEST_STEP][PASSED] - break: null

2024-01-13 22:30:57 - [TEST_STEP][PASSED] - setText(findTestObject(orPath_Amount + "/input__paymentAmount"), ""): Text '' is set on object 'Object Repository/RAD_Pages/PaymentAmount_Page/input__paymentAmount'

2024-01-13 22:30:57 - [MESSAGE][PASSED] - Text '' is set on object 'Object Repository/RAD_Pages/PaymentAmount_Page/input__paymentAmount'

2024-01-13 22:30:57 - [TEST_STEP][PASSED] - verifyTextPresent("The FEIN and Re-type FEIN do not match", true): Text 'The FEIN and Re-type FEIN do not match' is present on page  using regular expression

2024-01-13 22:30:58 - [MESSAGE][PASSED] - Text 'The FEIN and Re-type FEIN do not match' is present on page  using regular expression

2024-01-13 22:30:58 - [TEST_STEP][PASSED] - if (verifyTextPresent("The FEIN and Re-type FEIN do not match", true)): null

2024-01-13 22:30:58 - [MESSAGE][PASSED] - Text 'The FEIN and Re-type FEIN do not match' is present on page  using regular expression

2024-01-13 22:30:58 - [TEST_STEP][PASSED] - println("Error Message is present on the page"): null

2024-01-13 22:30:58 - [TEST_STEP][PASSED] - out.println("Pass Record Number: " + row): null

2024-01-13 22:30:58 - [TEST_STEP][PASSED] - resText = "Pass": null

2024-01-13 22:30:58 - [TEST_STEP][PASSED] - pages.WriteExcel.demoKey(resText, datText, resColumn, datCloumn, fileLoc, nameSheet, row): pages.WriteExcel.demoKey is PASSED

2024-01-13 22:30:58 - [MESSAGE][PASSED] - pages.WriteExcel.demoKey is PASSED

2024-01-13 22:30:58 - [TEST_STEP][PASSED] - ExecuteTC = findTestData(dataFile).getValue("Execute", row): null

2024-01-13 22:30:58 - [TEST_STEP][PASSED] - Taxtype = findTestData(dataFile).getValue("TaxType", row): null

2024-01-13 22:30:59 - [TEST_STEP][PASSED] - Paymenttype = findTestData(dataFile).getValue("PaymentType", row): null

2024-01-13 22:30:59 - [TEST_STEP][PASSED] - out.println("Value of Execute is : " + ExecuteTC): null

2024-01-13 22:30:59 - [TEST_STEP][PASSED] - if (ExecuteTC.equalsIgnoreCase("Y")): null

2024-01-13 22:30:59 - [TEST_STEP][PASSED] - out.println("Begin Record Number: " + row): null

2024-01-13 22:30:59 - [TEST_STEP][PASSED] - today = new java.util.Date(): null

2024-01-13 22:30:59 - [TEST_STEP][PASSED] - println(today): null

2024-01-13 22:30:59 - [TEST_STEP][PASSED] - datText = today: null

2024-01-13 22:30:59 - [TEST_STEP][PASSED] - Taxtype = findTestData(dataFile).getValue("TaxType", row): null

2024-01-13 22:30:59 - [TEST_STEP][PASSED] - out.println("Taxtype value is : " + Taxtype): null

2024-01-13 22:30:59 - [TEST_STEP][PASSED] - openBrowser(""): Browser is opened with url: ''

2024-01-13 22:30:59 - [MESSAGE][WARNING] - A browser is already opened. Closing browser and opening a new one

2024-01-13 22:31:00 - [MESSAGE][INFO] - Starting 'Chrome' driver

2024-01-13 22:31:00 - [MESSAGE][INFO] - User set preference: ['acceptInsecureCerts', 'true']

2024-01-13 22:31:00 - [MESSAGE][INFO] - Action delay is set to 0 milliseconds

2024-01-13 22:31:01 - [MESSAGE][PASSED] - Browser is opened with url: ''

2024-01-13 22:31:01 - [TEST_STEP][PASSED] - maximizeWindow(): Current window maximized

2024-01-13 22:31:01 - [MESSAGE][PASSED] - Current window maximized

2024-01-13 22:31:01 - [TEST_STEP][PASSED] - navigateToUrl(RADurl): Navigate to 'https://qa2.velocitypayment.com/client/rad/index.html' successfully

2024-01-13 22:31:01 - [MESSAGE][PASSED] - Navigate to 'https://qa2.velocitypayment.com/client/rad/index.html' successfully

2024-01-13 22:31:01 - [TEST_STEP][PASSED] - orPath_Landing = "Object Repository/RAD_Pages/Landing_Page": null

2024-01-13 22:31:01 - [TEST_STEP][PASSED] - orPath_TaxTypeFilingYear = "Object Repository/RAD_Pages/TaxTypeFilingYear_Page": null

2024-01-13 22:31:02 - [TEST_STEP][PASSED] - orPath_TaxPayer = "Object Repository/RAD_Pages/Taxpayer_Page": null

2024-01-13 22:31:02 - [TEST_STEP][PASSED] - orPath_AddressContact = "Object Repository/RAD_Pages/AddressAndContactInfo_Page": null

2024-01-13 22:31:02 - [TEST_STEP][PASSED] - orPath_FilingStatus = "Object Repository/RAD_Pages/FilingStatus_Page": null

2024-01-13 22:31:02 - [TEST_STEP][PASSED] - orPath_Amount = "Object Repository/RAD_Pages/PaymentAmount_Page": null

2024-01-13 22:31:02 - [TEST_STEP][PASSED] - orPath_TaxInfo = "Object Repository/RAD_Pages/TaxInfo_Page": null

2024-01-13 22:31:02 - [TEST_STEP][PASSED] - orPath_Withholding = "Object Repository/RAD_Pages/Withholding_Page": null

2024-01-13 22:31:02 - [TEST_STEP][PASSED] - orPath_Summary = "Object Repository/RAD_Pages/Summary_Page": null

2024-01-13 22:31:02 - [TEST_STEP][PASSED] - orPath_PaymentReady = "Object Repository/RAD_Pages/PaymentReady_Page": null

2024-01-13 22:31:02 - [TEST_STEP][PASSED] - orPath_PaymentEntry = "Object Repository/RAD_Pages/PaymentEntry_Page": null

2024-01-13 22:31:02 - [TEST_STEP][PASSED] - orPath_PaymentConfirmation = "Object Repository/RAD_Pages/PaymentConfirmation_Page": null

2024-01-13 22:31:02 - [TEST_STEP][PASSED] - orPath_ServiceFeesAccept = "Object Repository/RAD_Pages/ServiceFeeAccept_Page": null

2024-01-13 22:31:02 - [TEST_STEP][PASSED] - selectOptionByLabel(findTestObject(orPath_Landing + "/dd_TaxType"), Paymenttype, false): All options with label 'Existing Liability w/Notice Number' are selected in object 'Object Repository/RAD_Pages/Landing_Page/dd_TaxType' 

2024-01-13 22:31:03 - [MESSAGE][PASSED] - All options with label 'Existing Liability w/Notice Number' are selected in object 'Object Repository/RAD_Pages/Landing_Page/dd_TaxType' 

2024-01-13 22:31:03 - [TEST_STEP][PASSED] - delay(1): Delayed 1 second(s)

2024-01-13 22:31:04 - [MESSAGE][PASSED] - Delayed 1 second(s)

2024-01-13 22:31:04 - [TEST_STEP][PASSED] - switch (Paymenttype): null

2024-01-13 22:31:04 - [TEST_STEP][PASSED] - case "Existing Liability w/Notice Number":: null

2024-01-13 22:31:04 - [TEST_STEP][PASSED] - selectOptionByLabel(findTestObject(orPath_TaxTypeFilingYear + "/select_TaxType_ExistingLiability"), Taxtype, false): All options with label 'Alcohol Tax' are selected in object 'Object Repository/RAD_Pages/TaxTypeFilingYear_Page/select_TaxType_ExistingLiability' 

2024-01-13 22:31:05 - [MESSAGE][PASSED] - All options with label 'Alcohol Tax' are selected in object 'Object Repository/RAD_Pages/TaxTypeFilingYear_Page/select_TaxType_ExistingLiability' 

2024-01-13 22:31:05 - [TEST_STEP][PASSED] - break: null

2024-01-13 22:31:05 - [TEST_STEP][PASSED] - delay(1): Delayed 1 second(s)

2024-01-13 22:31:06 - [MESSAGE][PASSED] - Delayed 1 second(s)

2024-01-13 22:31:06 - [TEST_STEP][PASSED] - scrollToElement(findTestObject(orPath_Amount + "/input__paymentAmount"), 2, CONTINUE_ON_FAILURE): Scroll to object 'Object Repository/RAD_Pages/PaymentAmount_Page/input__paymentAmount' successfully

2024-01-13 22:31:06 - [MESSAGE][PASSED] - Scroll to object 'Object Repository/RAD_Pages/PaymentAmount_Page/input__paymentAmount' successfully

2024-01-13 22:31:06 - [TEST_STEP][PASSED] - switch (Paymenttype): null

2024-01-13 22:31:06 - [TEST_STEP][PASSED] - case "Existing Liability w/Notice Number":: null

2024-01-13 22:31:06 - [TEST_STEP][PASSED] - setEncryptedText(findTestObject("Object Repository/RAD_RecordAndPlay/input_Existing_FEIN"), "RigbBhfdqODKcAsiUrg+1Q=="): Text ****** has been set on object 'Object Repository/RAD_RecordAndPlay/input_Existing_FEIN'

2024-01-13 22:31:07 - [MESSAGE][PASSED] - Text ****** has been set on object 'Object Repository/RAD_RecordAndPlay/input_Existing_FEIN'

2024-01-13 22:31:07 - [TEST_STEP][PASSED] - setEncryptedText(findTestObject("Object Repository/RAD_RecordAndPlay/input_Existing_RetypeFEIN"), "RigbBhfdqOBBGbZqm4oFJQ=="): Text ****** has been set on object 'Object Repository/RAD_RecordAndPlay/input_Existing_RetypeFEIN'

2024-01-13 22:31:07 - [MESSAGE][PASSED] - Text ****** has been set on object 'Object Repository/RAD_RecordAndPlay/input_Existing_RetypeFEIN'

2024-01-13 22:31:07 - [TEST_STEP][PASSED] - break: null

2024-01-13 22:31:07 - [TEST_STEP][PASSED] - setText(findTestObject(orPath_Amount + "/input__paymentAmount"), ""): Text '' is set on object 'Object Repository/RAD_Pages/PaymentAmount_Page/input__paymentAmount'

2024-01-13 22:31:08 - [MESSAGE][PASSED] - Text '' is set on object 'Object Repository/RAD_Pages/PaymentAmount_Page/input__paymentAmount'

2024-01-13 22:31:08 - [TEST_STEP][PASSED] - verifyTextPresent("The FEIN and Re-type FEIN do not match", true): Text 'The FEIN and Re-type FEIN do not match' is present on page  using regular expression

2024-01-13 22:31:09 - [MESSAGE][PASSED] - Text 'The FEIN and Re-type FEIN do not match' is present on page  using regular expression

2024-01-13 22:31:09 - [TEST_STEP][PASSED] - if (verifyTextPresent("The FEIN and Re-type FEIN do not match", true)): null

2024-01-13 22:31:09 - [MESSAGE][PASSED] - Text 'The FEIN and Re-type FEIN do not match' is present on page  using regular expression

2024-01-13 22:31:09 - [TEST_STEP][PASSED] - println("Error Message is present on the page"): null

2024-01-13 22:31:09 - [TEST_STEP][PASSED] - out.println("Pass Record Number: " + row): null

2024-01-13 22:31:09 - [TEST_STEP][PASSED] - resText = "Pass": null

2024-01-13 22:31:09 - [TEST_STEP][PASSED] - pages.WriteExcel.demoKey(resText, datText, resColumn, datCloumn, fileLoc, nameSheet, row): pages.WriteExcel.demoKey is PASSED

2024-01-13 22:31:09 - [MESSAGE][PASSED] - pages.WriteExcel.demoKey is PASSED

2024-01-13 22:31:09 - [TEST_STEP][PASSED] - ExecuteTC = findTestData(dataFile).getValue("Execute", row): null

2024-01-13 22:31:09 - [TEST_STEP][PASSED] - Taxtype = findTestData(dataFile).getValue("TaxType", row): null

2024-01-13 22:31:09 - [TEST_STEP][PASSED] - Paymenttype = findTestData(dataFile).getValue("PaymentType", row): null

2024-01-13 22:31:09 - [TEST_STEP][PASSED] - out.println("Value of Execute is : " + ExecuteTC): null

2024-01-13 22:31:09 - [TEST_STEP][PASSED] - if (ExecuteTC.equalsIgnoreCase("Y")): null

2024-01-13 22:31:09 - [TEST_STEP][PASSED] - out.println("Begin Record Number: " + row): null

2024-01-13 22:31:09 - [TEST_STEP][PASSED] - today = new java.util.Date(): null

2024-01-13 22:31:09 - [TEST_STEP][PASSED] - println(today): null

2024-01-13 22:31:09 - [TEST_STEP][PASSED] - datText = today: null

2024-01-13 22:31:09 - [TEST_STEP][PASSED] - Taxtype = findTestData(dataFile).getValue("TaxType", row): null

2024-01-13 22:31:09 - [TEST_STEP][PASSED] - out.println("Taxtype value is : " + Taxtype): null

2024-01-13 22:31:09 - [TEST_STEP][PASSED] - openBrowser(""): Browser is opened with url: ''

2024-01-13 22:31:09 - [MESSAGE][WARNING] - A browser is already opened. Closing browser and opening a new one

2024-01-13 22:31:10 - [MESSAGE][INFO] - Starting 'Chrome' driver

2024-01-13 22:31:10 - [MESSAGE][INFO] - User set preference: ['acceptInsecureCerts', 'true']

2024-01-13 22:31:10 - [MESSAGE][INFO] - Action delay is set to 0 milliseconds

2024-01-13 22:31:12 - [MESSAGE][PASSED] - Browser is opened with url: ''

2024-01-13 22:31:12 - [TEST_STEP][PASSED] - maximizeWindow(): Current window maximized

2024-01-13 22:31:12 - [MESSAGE][PASSED] - Current window maximized

2024-01-13 22:31:12 - [TEST_STEP][PASSED] - navigateToUrl(RADurl): Navigate to 'https://qa2.velocitypayment.com/client/rad/index.html' successfully

2024-01-13 22:31:13 - [MESSAGE][PASSED] - Navigate to 'https://qa2.velocitypayment.com/client/rad/index.html' successfully

2024-01-13 22:31:13 - [TEST_STEP][PASSED] - orPath_Landing = "Object Repository/RAD_Pages/Landing_Page": null

2024-01-13 22:31:13 - [TEST_STEP][PASSED] - orPath_TaxTypeFilingYear = "Object Repository/RAD_Pages/TaxTypeFilingYear_Page": null

2024-01-13 22:31:13 - [TEST_STEP][PASSED] - orPath_TaxPayer = "Object Repository/RAD_Pages/Taxpayer_Page": null

2024-01-13 22:31:13 - [TEST_STEP][PASSED] - orPath_AddressContact = "Object Repository/RAD_Pages/AddressAndContactInfo_Page": null

2024-01-13 22:31:13 - [TEST_STEP][PASSED] - orPath_FilingStatus = "Object Repository/RAD_Pages/FilingStatus_Page": null

2024-01-13 22:31:13 - [TEST_STEP][PASSED] - orPath_Amount = "Object Repository/RAD_Pages/PaymentAmount_Page": null

2024-01-13 22:31:13 - [TEST_STEP][PASSED] - orPath_TaxInfo = "Object Repository/RAD_Pages/TaxInfo_Page": null

2024-01-13 22:31:13 - [TEST_STEP][PASSED] - orPath_Withholding = "Object Repository/RAD_Pages/Withholding_Page": null

2024-01-13 22:31:13 - [TEST_STEP][PASSED] - orPath_Summary = "Object Repository/RAD_Pages/Summary_Page": null

2024-01-13 22:31:13 - [TEST_STEP][PASSED] - orPath_PaymentReady = "Object Repository/RAD_Pages/PaymentReady_Page": null

2024-01-13 22:31:13 - [TEST_STEP][PASSED] - orPath_PaymentEntry = "Object Repository/RAD_Pages/PaymentEntry_Page": null

2024-01-13 22:31:13 - [TEST_STEP][PASSED] - orPath_PaymentConfirmation = "Object Repository/RAD_Pages/PaymentConfirmation_Page": null

2024-01-13 22:31:13 - [TEST_STEP][PASSED] - orPath_ServiceFeesAccept = "Object Repository/RAD_Pages/ServiceFeeAccept_Page": null

2024-01-13 22:31:13 - [TEST_STEP][PASSED] - selectOptionByLabel(findTestObject(orPath_Landing + "/dd_TaxType"), Paymenttype, false): All options with label 'Quarterly Estimated Tax' are selected in object 'Object Repository/RAD_Pages/Landing_Page/dd_TaxType' 

2024-01-13 22:31:14 - [MESSAGE][PASSED] - All options with label 'Quarterly Estimated Tax' are selected in object 'Object Repository/RAD_Pages/Landing_Page/dd_TaxType' 

2024-01-13 22:31:14 - [TEST_STEP][PASSED] - delay(1): Delayed 1 second(s)

2024-01-13 22:31:15 - [MESSAGE][PASSED] - Delayed 1 second(s)

2024-01-13 22:31:15 - [TEST_STEP][PASSED] - switch (Paymenttype): null

2024-01-13 22:31:15 - [TEST_STEP][PASSED] - case "Quarterly Estimated Tax":: null

2024-01-13 22:31:15 - [TEST_STEP][PASSED] - selectOptionByLabel(findTestObject(orPath_TaxTypeFilingYear + "/select_PaymentType"), Taxtype, false): All options with label 'Corporate Income Tax' are selected in object 'Object Repository/RAD_Pages/TaxTypeFilingYear_Page/select_PaymentType' 

2024-01-13 22:31:16 - [MESSAGE][PASSED] - All options with label 'Corporate Income Tax' are selected in object 'Object Repository/RAD_Pages/TaxTypeFilingYear_Page/select_PaymentType' 

2024-01-13 22:31:16 - [TEST_STEP][PASSED] - break: null

2024-01-13 22:31:16 - [TEST_STEP][PASSED] - delay(1): Delayed 1 second(s)

2024-01-13 22:31:17 - [MESSAGE][PASSED] - Delayed 1 second(s)

2024-01-13 22:31:17 - [TEST_STEP][PASSED] - scrollToElement(findTestObject(orPath_Amount + "/input__paymentAmount"), 2, CONTINUE_ON_FAILURE): Scroll to object 'Object Repository/RAD_Pages/PaymentAmount_Page/input__paymentAmount' successfully

2024-01-13 22:31:17 - [MESSAGE][PASSED] - Scroll to object 'Object Repository/RAD_Pages/PaymentAmount_Page/input__paymentAmount' successfully

2024-01-13 22:31:17 - [TEST_STEP][PASSED] - switch (Paymenttype): null

2024-01-13 22:31:17 - [TEST_STEP][PASSED] - case "Quarterly Estimated Tax":: null

2024-01-13 22:31:17 - [TEST_STEP][PASSED] - setEncryptedText(findTestObject(orPath_TaxInfo + "/input_FederalEIN"), "RigbBhfdqODKcAsiUrg+1Q=="): Text ****** has been set on object 'Object Repository/RAD_Pages/TaxInfo_Page/input_FederalEIN'

2024-01-13 22:31:18 - [MESSAGE][PASSED] - Text ****** has been set on object 'Object Repository/RAD_Pages/TaxInfo_Page/input_FederalEIN'

2024-01-13 22:31:18 - [TEST_STEP][PASSED] - setEncryptedText(findTestObject(orPath_TaxInfo + "/input_FederalEIN_ReEnter"), "RigbBhfdqOBBGbZqm4oFJQ=="): Text ****** has been set on object 'Object Repository/RAD_Pages/TaxInfo_Page/input_FederalEIN_ReEnter'

2024-01-13 22:31:18 - [MESSAGE][PASSED] - Text ****** has been set on object 'Object Repository/RAD_Pages/TaxInfo_Page/input_FederalEIN_ReEnter'

2024-01-13 22:31:18 - [TEST_STEP][PASSED] - break: null

2024-01-13 22:31:18 - [TEST_STEP][PASSED] - setText(findTestObject(orPath_Amount + "/input__paymentAmount"), ""): Text '' is set on object 'Object Repository/RAD_Pages/PaymentAmount_Page/input__paymentAmount'

2024-01-13 22:31:19 - [MESSAGE][PASSED] - Text '' is set on object 'Object Repository/RAD_Pages/PaymentAmount_Page/input__paymentAmount'

2024-01-13 22:31:19 - [TEST_STEP][PASSED] - verifyTextPresent("The FEIN and Re-type FEIN do not match", true): Text 'The FEIN and Re-type FEIN do not match' is present on page  using regular expression

2024-01-13 22:31:20 - [MESSAGE][PASSED] - Text 'The FEIN and Re-type FEIN do not match' is present on page  using regular expression

2024-01-13 22:31:20 - [TEST_STEP][PASSED] - if (verifyTextPresent("The FEIN and Re-type FEIN do not match", true)): null

2024-01-13 22:31:20 - [MESSAGE][PASSED] - Text 'The FEIN and Re-type FEIN do not match' is present on page  using regular expression

2024-01-13 22:31:20 - [TEST_STEP][PASSED] - println("Error Message is present on the page"): null

2024-01-13 22:31:20 - [TEST_STEP][PASSED] - out.println("Pass Record Number: " + row): null

2024-01-13 22:31:20 - [TEST_STEP][PASSED] - resText = "Pass": null

2024-01-13 22:31:20 - [TEST_STEP][PASSED] - pages.WriteExcel.demoKey(resText, datText, resColumn, datCloumn, fileLoc, nameSheet, row): pages.WriteExcel.demoKey is PASSED

2024-01-13 22:31:20 - [MESSAGE][PASSED] - pages.WriteExcel.demoKey is PASSED

2024-01-13 22:31:20 - [TEST_STEP][PASSED] - ExecuteTC = findTestData(dataFile).getValue("Execute", row): null

2024-01-13 22:31:20 - [TEST_STEP][PASSED] - Taxtype = findTestData(dataFile).getValue("TaxType", row): null

2024-01-13 22:31:20 - [TEST_STEP][PASSED] - Paymenttype = findTestData(dataFile).getValue("PaymentType", row): null

2024-01-13 22:31:20 - [TEST_STEP][PASSED] - out.println("Value of Execute is : " + ExecuteTC): null

2024-01-13 22:31:20 - [TEST_STEP][PASSED] - if (ExecuteTC.equalsIgnoreCase("Y")): null

2024-01-13 22:31:20 - [TEST_STEP][PASSED] - out.println("Begin Record Number: " + row): null

2024-01-13 22:31:20 - [TEST_STEP][PASSED] - today = new java.util.Date(): null

2024-01-13 22:31:20 - [TEST_STEP][PASSED] - println(today): null

2024-01-13 22:31:20 - [TEST_STEP][PASSED] - datText = today: null

2024-01-13 22:31:20 - [TEST_STEP][PASSED] - Taxtype = findTestData(dataFile).getValue("TaxType", row): null

2024-01-13 22:31:20 - [TEST_STEP][PASSED] - out.println("Taxtype value is : " + Taxtype): null

2024-01-13 22:31:20 - [TEST_STEP][PASSED] - openBrowser(""): Browser is opened with url: ''

2024-01-13 22:31:20 - [MESSAGE][WARNING] - A browser is already opened. Closing browser and opening a new one

2024-01-13 22:31:21 - [MESSAGE][INFO] - Starting 'Chrome' driver

2024-01-13 22:31:21 - [MESSAGE][INFO] - User set preference: ['acceptInsecureCerts', 'true']

2024-01-13 22:31:21 - [MESSAGE][INFO] - Action delay is set to 0 milliseconds

2024-01-13 22:31:23 - [MESSAGE][PASSED] - Browser is opened with url: ''

2024-01-13 22:31:23 - [TEST_STEP][PASSED] - maximizeWindow(): Current window maximized

2024-01-13 22:31:23 - [MESSAGE][PASSED] - Current window maximized

2024-01-13 22:31:23 - [TEST_STEP][PASSED] - navigateToUrl(RADurl): Navigate to 'https://qa2.velocitypayment.com/client/rad/index.html' successfully

2024-01-13 22:31:24 - [MESSAGE][PASSED] - Navigate to 'https://qa2.velocitypayment.com/client/rad/index.html' successfully

2024-01-13 22:31:24 - [TEST_STEP][PASSED] - orPath_Landing = "Object Repository/RAD_Pages/Landing_Page": null

2024-01-13 22:31:24 - [TEST_STEP][PASSED] - orPath_TaxTypeFilingYear = "Object Repository/RAD_Pages/TaxTypeFilingYear_Page": null

2024-01-13 22:31:24 - [TEST_STEP][PASSED] - orPath_TaxPayer = "Object Repository/RAD_Pages/Taxpayer_Page": null

2024-01-13 22:31:24 - [TEST_STEP][PASSED] - orPath_AddressContact = "Object Repository/RAD_Pages/AddressAndContactInfo_Page": null

2024-01-13 22:31:24 - [TEST_STEP][PASSED] - orPath_FilingStatus = "Object Repository/RAD_Pages/FilingStatus_Page": null

2024-01-13 22:31:24 - [TEST_STEP][PASSED] - orPath_Amount = "Object Repository/RAD_Pages/PaymentAmount_Page": null

2024-01-13 22:31:24 - [TEST_STEP][PASSED] - orPath_TaxInfo = "Object Repository/RAD_Pages/TaxInfo_Page": null

2024-01-13 22:31:24 - [TEST_STEP][PASSED] - orPath_Withholding = "Object Repository/RAD_Pages/Withholding_Page": null

2024-01-13 22:31:24 - [TEST_STEP][PASSED] - orPath_Summary = "Object Repository/RAD_Pages/Summary_Page": null

2024-01-13 22:31:24 - [TEST_STEP][PASSED] - orPath_PaymentReady = "Object Repository/RAD_Pages/PaymentReady_Page": null

2024-01-13 22:31:24 - [TEST_STEP][PASSED] - orPath_PaymentEntry = "Object Repository/RAD_Pages/PaymentEntry_Page": null

2024-01-13 22:31:24 - [TEST_STEP][PASSED] - orPath_PaymentConfirmation = "Object Repository/RAD_Pages/PaymentConfirmation_Page": null

2024-01-13 22:31:24 - [TEST_STEP][PASSED] - orPath_ServiceFeesAccept = "Object Repository/RAD_Pages/ServiceFeeAccept_Page": null

2024-01-13 22:31:24 - [TEST_STEP][PASSED] - selectOptionByLabel(findTestObject(orPath_Landing + "/dd_TaxType"), Paymenttype, false): All options with label 'Quarterly Estimated Tax' are selected in object 'Object Repository/RAD_Pages/Landing_Page/dd_TaxType' 

2024-01-13 22:31:25 - [MESSAGE][PASSED] - All options with label 'Quarterly Estimated Tax' are selected in object 'Object Repository/RAD_Pages/Landing_Page/dd_TaxType' 

2024-01-13 22:31:25 - [TEST_STEP][PASSED] - delay(1): Delayed 1 second(s)

2024-01-13 22:31:26 - [MESSAGE][PASSED] - Delayed 1 second(s)

2024-01-13 22:31:26 - [TEST_STEP][PASSED] - switch (Paymenttype): null

2024-01-13 22:31:26 - [TEST_STEP][PASSED] - case "Quarterly Estimated Tax":: null

2024-01-13 22:31:26 - [TEST_STEP][PASSED] - selectOptionByLabel(findTestObject(orPath_TaxTypeFilingYear + "/select_PaymentType"), Taxtype, false): All options with label 'Fiduciary Tax' are selected in object 'Object Repository/RAD_Pages/TaxTypeFilingYear_Page/select_PaymentType' 

2024-01-13 22:31:27 - [MESSAGE][PASSED] - All options with label 'Fiduciary Tax' are selected in object 'Object Repository/RAD_Pages/TaxTypeFilingYear_Page/select_PaymentType' 

2024-01-13 22:31:27 - [TEST_STEP][PASSED] - break: null

2024-01-13 22:31:27 - [TEST_STEP][PASSED] - delay(1): Delayed 1 second(s)

2024-01-13 22:31:28 - [MESSAGE][PASSED] - Delayed 1 second(s)

2024-01-13 22:31:28 - [TEST_STEP][PASSED] - scrollToElement(findTestObject(orPath_Amount + "/input__paymentAmount"), 2, CONTINUE_ON_FAILURE): Scroll to object 'Object Repository/RAD_Pages/PaymentAmount_Page/input__paymentAmount' successfully

2024-01-13 22:31:28 - [MESSAGE][PASSED] - Scroll to object 'Object Repository/RAD_Pages/PaymentAmount_Page/input__paymentAmount' successfully

2024-01-13 22:31:28 - [TEST_STEP][PASSED] - switch (Paymenttype): null

2024-01-13 22:31:28 - [TEST_STEP][PASSED] - case "Quarterly Estimated Tax":: null

2024-01-13 22:31:28 - [TEST_STEP][PASSED] - setEncryptedText(findTestObject(orPath_TaxInfo + "/input_FederalEIN"), "RigbBhfdqODKcAsiUrg+1Q=="): Text ****** has been set on object 'Object Repository/RAD_Pages/TaxInfo_Page/input_FederalEIN'

2024-01-13 22:31:29 - [MESSAGE][PASSED] - Text ****** has been set on object 'Object Repository/RAD_Pages/TaxInfo_Page/input_FederalEIN'

2024-01-13 22:31:29 - [TEST_STEP][PASSED] - setEncryptedText(findTestObject(orPath_TaxInfo + "/input_FederalEIN_ReEnter"), "RigbBhfdqOBBGbZqm4oFJQ=="): Text ****** has been set on object 'Object Repository/RAD_Pages/TaxInfo_Page/input_FederalEIN_ReEnter'

2024-01-13 22:31:29 - [MESSAGE][PASSED] - Text ****** has been set on object 'Object Repository/RAD_Pages/TaxInfo_Page/input_FederalEIN_ReEnter'

2024-01-13 22:31:29 - [TEST_STEP][PASSED] - break: null

2024-01-13 22:31:29 - [TEST_STEP][PASSED] - setText(findTestObject(orPath_Amount + "/input__paymentAmount"), ""): Text '' is set on object 'Object Repository/RAD_Pages/PaymentAmount_Page/input__paymentAmount'

2024-01-13 22:31:30 - [MESSAGE][PASSED] - Text '' is set on object 'Object Repository/RAD_Pages/PaymentAmount_Page/input__paymentAmount'

2024-01-13 22:31:30 - [TEST_STEP][PASSED] - verifyTextPresent("The FEIN and Re-type FEIN do not match", true): Text 'The FEIN and Re-type FEIN do not match' is present on page  using regular expression

2024-01-13 22:31:30 - [MESSAGE][PASSED] - Text 'The FEIN and Re-type FEIN do not match' is present on page  using regular expression

2024-01-13 22:31:30 - [TEST_STEP][PASSED] - if (verifyTextPresent("The FEIN and Re-type FEIN do not match", true)): null

2024-01-13 22:31:31 - [MESSAGE][PASSED] - Text 'The FEIN and Re-type FEIN do not match' is present on page  using regular expression

2024-01-13 22:31:31 - [TEST_STEP][PASSED] - println("Error Message is present on the page"): null

2024-01-13 22:31:31 - [TEST_STEP][PASSED] - out.println("Pass Record Number: " + row): null

2024-01-13 22:31:31 - [TEST_STEP][PASSED] - resText = "Pass": null

2024-01-13 22:31:31 - [TEST_STEP][PASSED] - pages.WriteExcel.demoKey(resText, datText, resColumn, datCloumn, fileLoc, nameSheet, row): pages.WriteExcel.demoKey is PASSED

2024-01-13 22:31:31 - [MESSAGE][PASSED] - pages.WriteExcel.demoKey is PASSED

2024-01-13 22:31:31 - [TEST_STEP][PASSED] - ExecuteTC = findTestData(dataFile).getValue("Execute", row): null

2024-01-13 22:31:31 - [TEST_STEP][PASSED] - Taxtype = findTestData(dataFile).getValue("TaxType", row): null

2024-01-13 22:31:31 - [TEST_STEP][PASSED] - Paymenttype = findTestData(dataFile).getValue("PaymentType", row): null

2024-01-13 22:31:31 - [TEST_STEP][PASSED] - out.println("Value of Execute is : " + ExecuteTC): null

2024-01-13 22:31:31 - [TEST_STEP][PASSED] - if (ExecuteTC.equalsIgnoreCase("Y")): null

2024-01-13 22:31:31 - [TEST_STEP][PASSED] - ExecuteTC = findTestData(dataFile).getValue("Execute", row): null

2024-01-13 22:31:31 - [TEST_STEP][PASSED] - Taxtype = findTestData(dataFile).getValue("TaxType", row): null

2024-01-13 22:31:31 - [TEST_STEP][PASSED] - Paymenttype = findTestData(dataFile).getValue("PaymentType", row): null

2024-01-13 22:31:31 - [TEST_STEP][PASSED] - out.println("Value of Execute is : " + ExecuteTC): null

2024-01-13 22:31:31 - [TEST_STEP][PASSED] - if (ExecuteTC.equalsIgnoreCase("Y")): null

2024-01-13 22:31:31 - [TEST_STEP][PASSED] - ExecuteTC = findTestData(dataFile).getValue("Execute", row): null

2024-01-13 22:31:31 - [TEST_STEP][PASSED] - Taxtype = findTestData(dataFile).getValue("TaxType", row): null

2024-01-13 22:31:31 - [TEST_STEP][PASSED] - Paymenttype = findTestData(dataFile).getValue("PaymentType", row): null

2024-01-13 22:31:31 - [TEST_STEP][PASSED] - out.println("Value of Execute is : " + ExecuteTC): null

2024-01-13 22:31:31 - [TEST_STEP][PASSED] - if (ExecuteTC.equalsIgnoreCase("Y")): null

2024-01-13 22:31:31 - [TEST_STEP][PASSED] - out.println("Begin Record Number: " + row): null

2024-01-13 22:31:31 - [TEST_STEP][PASSED] - today = new java.util.Date(): null

2024-01-13 22:31:31 - [TEST_STEP][PASSED] - println(today): null

2024-01-13 22:31:31 - [TEST_STEP][PASSED] - datText = today: null

2024-01-13 22:31:31 - [TEST_STEP][PASSED] - Taxtype = findTestData(dataFile).getValue("TaxType", row): null

2024-01-13 22:31:31 - [TEST_STEP][PASSED] - out.println("Taxtype value is : " + Taxtype): null

2024-01-13 22:31:31 - [TEST_STEP][PASSED] - openBrowser(""): Browser is opened with url: ''

2024-01-13 22:31:31 - [MESSAGE][WARNING] - A browser is already opened. Closing browser and opening a new one

2024-01-13 22:31:32 - [MESSAGE][INFO] - Starting 'Chrome' driver

2024-01-13 22:31:32 - [MESSAGE][INFO] - User set preference: ['acceptInsecureCerts', 'true']

2024-01-13 22:31:32 - [MESSAGE][INFO] - Action delay is set to 0 milliseconds

2024-01-13 22:31:34 - [MESSAGE][PASSED] - Browser is opened with url: ''

2024-01-13 22:31:34 - [TEST_STEP][PASSED] - maximizeWindow(): Current window maximized

2024-01-13 22:31:34 - [MESSAGE][PASSED] - Current window maximized

2024-01-13 22:31:34 - [TEST_STEP][PASSED] - navigateToUrl(RADurl): Navigate to 'https://qa2.velocitypayment.com/client/rad/index.html' successfully

2024-01-13 22:31:35 - [MESSAGE][PASSED] - Navigate to 'https://qa2.velocitypayment.com/client/rad/index.html' successfully

2024-01-13 22:31:35 - [TEST_STEP][PASSED] - orPath_Landing = "Object Repository/RAD_Pages/Landing_Page": null

2024-01-13 22:31:35 - [TEST_STEP][PASSED] - orPath_TaxTypeFilingYear = "Object Repository/RAD_Pages/TaxTypeFilingYear_Page": null

2024-01-13 22:31:35 - [TEST_STEP][PASSED] - orPath_TaxPayer = "Object Repository/RAD_Pages/Taxpayer_Page": null

2024-01-13 22:31:35 - [TEST_STEP][PASSED] - orPath_AddressContact = "Object Repository/RAD_Pages/AddressAndContactInfo_Page": null

2024-01-13 22:31:35 - [TEST_STEP][PASSED] - orPath_FilingStatus = "Object Repository/RAD_Pages/FilingStatus_Page": null

2024-01-13 22:31:35 - [TEST_STEP][PASSED] - orPath_Amount = "Object Repository/RAD_Pages/PaymentAmount_Page": null

2024-01-13 22:31:35 - [TEST_STEP][PASSED] - orPath_TaxInfo = "Object Repository/RAD_Pages/TaxInfo_Page": null

2024-01-13 22:31:35 - [TEST_STEP][PASSED] - orPath_Withholding = "Object Repository/RAD_Pages/Withholding_Page": null

2024-01-13 22:31:35 - [TEST_STEP][PASSED] - orPath_Summary = "Object Repository/RAD_Pages/Summary_Page": null

2024-01-13 22:31:35 - [TEST_STEP][PASSED] - orPath_PaymentReady = "Object Repository/RAD_Pages/PaymentReady_Page": null

2024-01-13 22:31:35 - [TEST_STEP][PASSED] - orPath_PaymentEntry = "Object Repository/RAD_Pages/PaymentEntry_Page": null

2024-01-13 22:31:35 - [TEST_STEP][PASSED] - orPath_PaymentConfirmation = "Object Repository/RAD_Pages/PaymentConfirmation_Page": null

2024-01-13 22:31:35 - [TEST_STEP][PASSED] - orPath_ServiceFeesAccept = "Object Repository/RAD_Pages/ServiceFeeAccept_Page": null

2024-01-13 22:31:35 - [TEST_STEP][PASSED] - selectOptionByLabel(findTestObject(orPath_Landing + "/dd_TaxType"), Paymenttype, false): All options with label 'New Tax Return Amount Due' are selected in object 'Object Repository/RAD_Pages/Landing_Page/dd_TaxType' 

2024-01-13 22:31:36 - [MESSAGE][PASSED] - All options with label 'New Tax Return Amount Due' are selected in object 'Object Repository/RAD_Pages/Landing_Page/dd_TaxType' 

2024-01-13 22:31:36 - [TEST_STEP][PASSED] - delay(1): Delayed 1 second(s)

2024-01-13 22:31:37 - [MESSAGE][PASSED] - Delayed 1 second(s)

2024-01-13 22:31:37 - [TEST_STEP][PASSED] - switch (Paymenttype): null

2024-01-13 22:31:37 - [TEST_STEP][PASSED] - case "New Tax Return Amount Due":: null

2024-01-13 22:31:37 - [TEST_STEP][PASSED] - selectOptionByLabel(findTestObject("Object Repository/RAD_Pages/Landing_Page/select_NewTaxReturnAmountDue_TaxType"), Taxtype, false): All options with label 'Fiduciary Tax' are selected in object 'Object Repository/RAD_Pages/Landing_Page/select_NewTaxReturnAmountDue_TaxType' 

2024-01-13 22:31:38 - [MESSAGE][PASSED] - All options with label 'Fiduciary Tax' are selected in object 'Object Repository/RAD_Pages/Landing_Page/select_NewTaxReturnAmountDue_TaxType' 

2024-01-13 22:31:38 - [TEST_STEP][PASSED] - break: null

2024-01-13 22:31:38 - [TEST_STEP][PASSED] - delay(1): Delayed 1 second(s)

2024-01-13 22:31:39 - [MESSAGE][PASSED] - Delayed 1 second(s)

2024-01-13 22:31:39 - [TEST_STEP][PASSED] - scrollToElement(findTestObject(orPath_Amount + "/input__paymentAmount"), 2, CONTINUE_ON_FAILURE): Scroll to object 'Object Repository/RAD_Pages/PaymentAmount_Page/input__paymentAmount' successfully

2024-01-13 22:31:39 - [MESSAGE][PASSED] - Scroll to object 'Object Repository/RAD_Pages/PaymentAmount_Page/input__paymentAmount' successfully

2024-01-13 22:31:39 - [TEST_STEP][PASSED] - switch (Paymenttype): null

2024-01-13 22:31:39 - [TEST_STEP][PASSED] - case "New Tax Return Amount Due":: null

2024-01-13 22:31:39 - [TEST_STEP][PASSED] - setEncryptedText(findTestObject(orPath_TaxInfo + "/input_FederalEIN-2"), "RigbBhfdqODKcAsiUrg+1Q=="): Text ****** has been set on object 'Object Repository/RAD_Pages/TaxInfo_Page/input_FederalEIN-2'

2024-01-13 22:31:39 - [MESSAGE][PASSED] - Text ****** has been set on object 'Object Repository/RAD_Pages/TaxInfo_Page/input_FederalEIN-2'

2024-01-13 22:31:39 - [TEST_STEP][PASSED] - setEncryptedText(findTestObject(orPath_TaxInfo + "/input_FederalEIN_ReEnter-2"), "RigbBhfdqOBBGbZqm4oFJQ=="): Text ****** has been set on object 'Object Repository/RAD_Pages/TaxInfo_Page/input_FederalEIN_ReEnter-2'

2024-01-13 22:31:40 - [MESSAGE][PASSED] - Text ****** has been set on object 'Object Repository/RAD_Pages/TaxInfo_Page/input_FederalEIN_ReEnter-2'

2024-01-13 22:31:40 - [TEST_STEP][PASSED] - break: null

2024-01-13 22:31:40 - [TEST_STEP][PASSED] - setText(findTestObject(orPath_Amount + "/input__paymentAmount"), ""): Text '' is set on object 'Object Repository/RAD_Pages/PaymentAmount_Page/input__paymentAmount'

2024-01-13 22:31:41 - [MESSAGE][PASSED] - Text '' is set on object 'Object Repository/RAD_Pages/PaymentAmount_Page/input__paymentAmount'

2024-01-13 22:31:41 - [TEST_STEP][PASSED] - verifyTextPresent("The FEIN and Re-type FEIN do not match", true): Text 'The FEIN and Re-type FEIN do not match' is present on page  using regular expression

2024-01-13 22:31:41 - [MESSAGE][PASSED] - Text 'The FEIN and Re-type FEIN do not match' is present on page  using regular expression

2024-01-13 22:31:41 - [TEST_STEP][PASSED] - if (verifyTextPresent("The FEIN and Re-type FEIN do not match", true)): null

2024-01-13 22:31:42 - [MESSAGE][PASSED] - Text 'The FEIN and Re-type FEIN do not match' is present on page  using regular expression

2024-01-13 22:31:42 - [TEST_STEP][PASSED] - println("Error Message is present on the page"): null

2024-01-13 22:31:42 - [TEST_STEP][PASSED] - out.println("Pass Record Number: " + row): null

2024-01-13 22:31:42 - [TEST_STEP][PASSED] - resText = "Pass": null

2024-01-13 22:31:42 - [TEST_STEP][PASSED] - pages.WriteExcel.demoKey(resText, datText, resColumn, datCloumn, fileLoc, nameSheet, row): pages.WriteExcel.demoKey is PASSED

2024-01-13 22:31:42 - [MESSAGE][PASSED] - pages.WriteExcel.demoKey is PASSED

2024-01-13 22:31:42 - [TEST_STEP][PASSED] - ExecuteTC = findTestData(dataFile).getValue("Execute", row): null

2024-01-13 22:31:42 - [TEST_STEP][PASSED] - Taxtype = findTestData(dataFile).getValue("TaxType", row): null

2024-01-13 22:31:42 - [TEST_STEP][PASSED] - Paymenttype = findTestData(dataFile).getValue("PaymentType", row): null

2024-01-13 22:31:42 - [TEST_STEP][PASSED] - out.println("Value of Execute is : " + ExecuteTC): null

2024-01-13 22:31:42 - [TEST_STEP][PASSED] - if (ExecuteTC.equalsIgnoreCase("Y")): null

2024-01-13 22:31:42 - [TEST_STEP][PASSED] - out.println("Begin Record Number: " + row): null

2024-01-13 22:31:42 - [TEST_STEP][PASSED] - today = new java.util.Date(): null

2024-01-13 22:31:42 - [TEST_STEP][PASSED] - println(today): null

2024-01-13 22:31:42 - [TEST_STEP][PASSED] - datText = today: null

2024-01-13 22:31:42 - [TEST_STEP][PASSED] - Taxtype = findTestData(dataFile).getValue("TaxType", row): null

2024-01-13 22:31:42 - [TEST_STEP][PASSED] - out.println("Taxtype value is : " + Taxtype): null

2024-01-13 22:31:42 - [TEST_STEP][PASSED] - openBrowser(""): Browser is opened with url: ''

2024-01-13 22:31:42 - [MESSAGE][WARNING] - A browser is already opened. Closing browser and opening a new one

2024-01-13 22:31:43 - [MESSAGE][INFO] - Starting 'Chrome' driver

2024-01-13 22:31:43 - [MESSAGE][INFO] - User set preference: ['acceptInsecureCerts', 'true']

2024-01-13 22:31:43 - [MESSAGE][INFO] - Action delay is set to 0 milliseconds

2024-01-13 22:31:44 - [MESSAGE][PASSED] - Browser is opened with url: ''

2024-01-13 22:31:44 - [TEST_STEP][PASSED] - maximizeWindow(): Current window maximized

2024-01-13 22:31:45 - [MESSAGE][PASSED] - Current window maximized

2024-01-13 22:31:45 - [TEST_STEP][PASSED] - navigateToUrl(RADurl): Navigate to 'https://qa2.velocitypayment.com/client/rad/index.html' successfully

2024-01-13 22:31:46 - [MESSAGE][PASSED] - Navigate to 'https://qa2.velocitypayment.com/client/rad/index.html' successfully

2024-01-13 22:31:46 - [TEST_STEP][PASSED] - orPath_Landing = "Object Repository/RAD_Pages/Landing_Page": null

2024-01-13 22:31:46 - [TEST_STEP][PASSED] - orPath_TaxTypeFilingYear = "Object Repository/RAD_Pages/TaxTypeFilingYear_Page": null

2024-01-13 22:31:46 - [TEST_STEP][PASSED] - orPath_TaxPayer = "Object Repository/RAD_Pages/Taxpayer_Page": null

2024-01-13 22:31:46 - [TEST_STEP][PASSED] - orPath_AddressContact = "Object Repository/RAD_Pages/AddressAndContactInfo_Page": null

2024-01-13 22:31:46 - [TEST_STEP][PASSED] - orPath_FilingStatus = "Object Repository/RAD_Pages/FilingStatus_Page": null

2024-01-13 22:31:46 - [TEST_STEP][PASSED] - orPath_Amount = "Object Repository/RAD_Pages/PaymentAmount_Page": null

2024-01-13 22:31:46 - [TEST_STEP][PASSED] - orPath_TaxInfo = "Object Repository/RAD_Pages/TaxInfo_Page": null

2024-01-13 22:31:46 - [TEST_STEP][PASSED] - orPath_Withholding = "Object Repository/RAD_Pages/Withholding_Page": null

2024-01-13 22:31:46 - [TEST_STEP][PASSED] - orPath_Summary = "Object Repository/RAD_Pages/Summary_Page": null

2024-01-13 22:31:46 - [TEST_STEP][PASSED] - orPath_PaymentReady = "Object Repository/RAD_Pages/PaymentReady_Page": null

2024-01-13 22:31:46 - [TEST_STEP][PASSED] - orPath_PaymentEntry = "Object Repository/RAD_Pages/PaymentEntry_Page": null

2024-01-13 22:31:46 - [TEST_STEP][PASSED] - orPath_PaymentConfirmation = "Object Repository/RAD_Pages/PaymentConfirmation_Page": null

2024-01-13 22:31:46 - [TEST_STEP][PASSED] - orPath_ServiceFeesAccept = "Object Repository/RAD_Pages/ServiceFeeAccept_Page": null

2024-01-13 22:31:46 - [TEST_STEP][PASSED] - selectOptionByLabel(findTestObject(orPath_Landing + "/dd_TaxType"), Paymenttype, false): All options with label 'Existing Liability w/Notice Number' are selected in object 'Object Repository/RAD_Pages/Landing_Page/dd_TaxType' 

2024-01-13 22:31:47 - [MESSAGE][PASSED] - All options with label 'Existing Liability w/Notice Number' are selected in object 'Object Repository/RAD_Pages/Landing_Page/dd_TaxType' 

2024-01-13 22:31:47 - [TEST_STEP][PASSED] - delay(1): Delayed 1 second(s)

2024-01-13 22:31:48 - [MESSAGE][PASSED] - Delayed 1 second(s)

2024-01-13 22:31:48 - [TEST_STEP][PASSED] - switch (Paymenttype): null

2024-01-13 22:31:48 - [TEST_STEP][PASSED] - case "Existing Liability w/Notice Number":: null

2024-01-13 22:31:48 - [TEST_STEP][PASSED] - selectOptionByLabel(findTestObject(orPath_TaxTypeFilingYear + "/select_TaxType_ExistingLiability"), Taxtype, false): All options with label 'Admissions and Amusement Tax' are selected in object 'Object Repository/RAD_Pages/TaxTypeFilingYear_Page/select_TaxType_ExistingLiability' 

2024-01-13 22:31:48 - [MESSAGE][PASSED] - All options with label 'Admissions and Amusement Tax' are selected in object 'Object Repository/RAD_Pages/TaxTypeFilingYear_Page/select_TaxType_ExistingLiability' 

2024-01-13 22:31:48 - [TEST_STEP][PASSED] - break: null

2024-01-13 22:31:48 - [TEST_STEP][PASSED] - delay(1): Delayed 1 second(s)

2024-01-13 22:31:49 - [MESSAGE][PASSED] - Delayed 1 second(s)

2024-01-13 22:31:49 - [TEST_STEP][PASSED] - scrollToElement(findTestObject(orPath_Amount + "/input__paymentAmount"), 2, CONTINUE_ON_FAILURE): Scroll to object 'Object Repository/RAD_Pages/PaymentAmount_Page/input__paymentAmount' successfully

2024-01-13 22:31:50 - [MESSAGE][PASSED] - Scroll to object 'Object Repository/RAD_Pages/PaymentAmount_Page/input__paymentAmount' successfully

2024-01-13 22:31:50 - [TEST_STEP][PASSED] - switch (Paymenttype): null

2024-01-13 22:31:50 - [TEST_STEP][PASSED] - case "Existing Liability w/Notice Number":: null

2024-01-13 22:31:50 - [TEST_STEP][PASSED] - setEncryptedText(findTestObject("Object Repository/RAD_RecordAndPlay/input_Existing_FEIN"), "RigbBhfdqODKcAsiUrg+1Q=="): Text ****** has been set on object 'Object Repository/RAD_RecordAndPlay/input_Existing_FEIN'

2024-01-13 22:31:50 - [MESSAGE][PASSED] - Text ****** has been set on object 'Object Repository/RAD_RecordAndPlay/input_Existing_FEIN'

2024-01-13 22:31:50 - [TEST_STEP][PASSED] - setEncryptedText(findTestObject("Object Repository/RAD_RecordAndPlay/input_Existing_RetypeFEIN"), "RigbBhfdqOBBGbZqm4oFJQ=="): Text ****** has been set on object 'Object Repository/RAD_RecordAndPlay/input_Existing_RetypeFEIN'

2024-01-13 22:31:51 - [MESSAGE][PASSED] - Text ****** has been set on object 'Object Repository/RAD_RecordAndPlay/input_Existing_RetypeFEIN'

2024-01-13 22:31:51 - [TEST_STEP][PASSED] - break: null

2024-01-13 22:31:51 - [TEST_STEP][PASSED] - setText(findTestObject(orPath_Amount + "/input__paymentAmount"), ""): Text '' is set on object 'Object Repository/RAD_Pages/PaymentAmount_Page/input__paymentAmount'

2024-01-13 22:31:52 - [MESSAGE][PASSED] - Text '' is set on object 'Object Repository/RAD_Pages/PaymentAmount_Page/input__paymentAmount'

2024-01-13 22:31:52 - [TEST_STEP][PASSED] - verifyTextPresent("The FEIN and Re-type FEIN do not match", true): Text 'The FEIN and Re-type FEIN do not match' is present on page  using regular expression

2024-01-13 22:31:52 - [MESSAGE][PASSED] - Text 'The FEIN and Re-type FEIN do not match' is present on page  using regular expression

2024-01-13 22:31:52 - [TEST_STEP][PASSED] - if (verifyTextPresent("The FEIN and Re-type FEIN do not match", true)): null

2024-01-13 22:31:53 - [MESSAGE][PASSED] - Text 'The FEIN and Re-type FEIN do not match' is present on page  using regular expression

2024-01-13 22:31:53 - [TEST_STEP][PASSED] - println("Error Message is present on the page"): null

2024-01-13 22:31:53 - [TEST_STEP][PASSED] - out.println("Pass Record Number: " + row): null

2024-01-13 22:31:53 - [TEST_STEP][PASSED] - resText = "Pass": null

2024-01-13 22:31:53 - [TEST_STEP][PASSED] - pages.WriteExcel.demoKey(resText, datText, resColumn, datCloumn, fileLoc, nameSheet, row): pages.WriteExcel.demoKey is PASSED

2024-01-13 22:31:53 - [MESSAGE][PASSED] - pages.WriteExcel.demoKey is PASSED

2024-01-13 22:31:53 - [TEST_STEP][PASSED] - ExecuteTC = findTestData(dataFile).getValue("Execute", row): null

2024-01-13 22:31:53 - [TEST_STEP][PASSED] - Taxtype = findTestData(dataFile).getValue("TaxType", row): null

2024-01-13 22:31:53 - [TEST_STEP][PASSED] - Paymenttype = findTestData(dataFile).getValue("PaymentType", row): null

2024-01-13 22:31:53 - [TEST_STEP][PASSED] - out.println("Value of Execute is : " + ExecuteTC): null

2024-01-13 22:31:53 - [TEST_STEP][FAILED] - if (ExecuteTC.equalsIgnoreCase("Y")): null

2024-01-13 22:31:53 - [TEST_STEP][PASSED] - out.println("Begin Record Number: " + row): null

2024-01-13 22:31:53 - [TEST_STEP][PASSED] - today = new java.util.Date(): null

2024-01-13 22:31:53 - [TEST_STEP][PASSED] - println(today): null

2024-01-13 22:31:53 - [TEST_STEP][PASSED] - datText = today: null

2024-01-13 22:31:53 - [TEST_STEP][PASSED] - Taxtype = findTestData(dataFile).getValue("TaxType", row): null

2024-01-13 22:31:53 - [TEST_STEP][PASSED] - out.println("Taxtype value is : " + Taxtype): null

2024-01-13 22:31:53 - [TEST_STEP][PASSED] - openBrowser(""): Browser is opened with url: ''

2024-01-13 22:31:53 - [MESSAGE][WARNING] - A browser is already opened. Closing browser and opening a new one

2024-01-13 22:31:54 - [MESSAGE][INFO] - Starting 'Chrome' driver

2024-01-13 22:31:54 - [MESSAGE][INFO] - User set preference: ['acceptInsecureCerts', 'true']

2024-01-13 22:31:54 - [MESSAGE][INFO] - Action delay is set to 0 milliseconds

2024-01-13 22:31:55 - [MESSAGE][PASSED] - Browser is opened with url: ''

2024-01-13 22:31:55 - [TEST_STEP][PASSED] - maximizeWindow(): Current window maximized

2024-01-13 22:31:55 - [MESSAGE][PASSED] - Current window maximized

2024-01-13 22:31:55 - [TEST_STEP][PASSED] - navigateToUrl(RADurl): Navigate to 'https://qa2.velocitypayment.com/client/rad/index.html' successfully

2024-01-13 22:31:56 - [MESSAGE][PASSED] - Navigate to 'https://qa2.velocitypayment.com/client/rad/index.html' successfully

2024-01-13 22:31:56 - [TEST_STEP][PASSED] - orPath_Landing = "Object Repository/RAD_Pages/Landing_Page": null

2024-01-13 22:31:56 - [TEST_STEP][PASSED] - orPath_TaxTypeFilingYear = "Object Repository/RAD_Pages/TaxTypeFilingYear_Page": null

2024-01-13 22:31:56 - [TEST_STEP][PASSED] - orPath_TaxPayer = "Object Repository/RAD_Pages/Taxpayer_Page": null

2024-01-13 22:31:56 - [TEST_STEP][PASSED] - orPath_AddressContact = "Object Repository/RAD_Pages/AddressAndContactInfo_Page": null

2024-01-13 22:31:56 - [TEST_STEP][PASSED] - orPath_FilingStatus = "Object Repository/RAD_Pages/FilingStatus_Page": null

2024-01-13 22:31:56 - [TEST_STEP][PASSED] - orPath_Amount = "Object Repository/RAD_Pages/PaymentAmount_Page": null

2024-01-13 22:31:56 - [TEST_STEP][PASSED] - orPath_TaxInfo = "Object Repository/RAD_Pages/TaxInfo_Page": null

2024-01-13 22:31:56 - [TEST_STEP][PASSED] - orPath_Withholding = "Object Repository/RAD_Pages/Withholding_Page": null

2024-01-13 22:31:56 - [TEST_STEP][PASSED] - orPath_Summary = "Object Repository/RAD_Pages/Summary_Page": null

2024-01-13 22:31:56 - [TEST_STEP][PASSED] - orPath_PaymentReady = "Object Repository/RAD_Pages/PaymentReady_Page": null

2024-01-13 22:31:56 - [TEST_STEP][PASSED] - orPath_PaymentEntry = "Object Repository/RAD_Pages/PaymentEntry_Page": null

2024-01-13 22:31:56 - [TEST_STEP][PASSED] - orPath_PaymentConfirmation = "Object Repository/RAD_Pages/PaymentConfirmation_Page": null

2024-01-13 22:31:56 - [TEST_STEP][PASSED] - orPath_ServiceFeesAccept = "Object Repository/RAD_Pages/ServiceFeeAccept_Page": null

2024-01-13 22:31:56 - [TEST_STEP][PASSED] - selectOptionByLabel(findTestObject(orPath_Landing + "/dd_TaxType"), Paymenttype, false): All options with label 'Existing Liability w/Notice Number' are selected in object 'Object Repository/RAD_Pages/Landing_Page/dd_TaxType' 

2024-01-13 22:31:58 - [MESSAGE][PASSED] - All options with label 'Existing Liability w/Notice Number' are selected in object 'Object Repository/RAD_Pages/Landing_Page/dd_TaxType' 

2024-01-13 22:31:58 - [TEST_STEP][PASSED] - delay(1): Delayed 1 second(s)

2024-01-13 22:31:59 - [MESSAGE][PASSED] - Delayed 1 second(s)

2024-01-13 22:31:59 - [TEST_STEP][PASSED] - switch (Paymenttype): null

2024-01-13 22:31:59 - [TEST_STEP][PASSED] - case "Existing Liability w/Notice Number":: null

2024-01-13 22:31:59 - [TEST_STEP][PASSED] - selectOptionByLabel(findTestObject(orPath_TaxTypeFilingYear + "/select_TaxType_ExistingLiability"), Taxtype, false): All options with label 'Estate Tax' are selected in object 'Object Repository/RAD_Pages/TaxTypeFilingYear_Page/select_TaxType_ExistingLiability' 

2024-01-13 22:31:59 - [MESSAGE][PASSED] - All options with label 'Estate Tax' are selected in object 'Object Repository/RAD_Pages/TaxTypeFilingYear_Page/select_TaxType_ExistingLiability' 

2024-01-13 22:31:59 - [TEST_STEP][PASSED] - break: null

2024-01-13 22:31:59 - [TEST_STEP][PASSED] - delay(1): Delayed 1 second(s)

2024-01-13 22:32:00 - [MESSAGE][PASSED] - Delayed 1 second(s)

2024-01-13 22:32:00 - [TEST_STEP][PASSED] - scrollToElement(findTestObject(orPath_Amount + "/input__paymentAmount"), 2, CONTINUE_ON_FAILURE): Scroll to object 'Object Repository/RAD_Pages/PaymentAmount_Page/input__paymentAmount' successfully

2024-01-13 22:32:00 - [MESSAGE][PASSED] - Scroll to object 'Object Repository/RAD_Pages/PaymentAmount_Page/input__paymentAmount' successfully

2024-01-13 22:32:00 - [TEST_STEP][FAILED] - switch (Paymenttype): null

2024-01-13 22:32:00 - [TEST_STEP][FAILED] - case "Existing Liability w/Notice Number":: null

2024-01-13 22:32:00 - [TEST_STEP][FAILED] - setEncryptedText(findTestObject("Object Repository/RAD_RecordAndPlay/input_Existing_FEIN"), "RigbBhfdqODKcAsiUrg+1Q=="): Unable to set encrypted text for object 'Object Repository/RAD_RecordAndPlay/input_Existing_FEIN' (Root cause: com.kms.katalon.core.exception.StepFailedException: Unable to set encrypted text for object 'Object Repository/RAD_RecordAndPlay/input_Existing_FEIN'
	at com.kms.katalon.core.webui.keyword.internal.WebUIKeywordMain.stepFailed(WebUIKeywordMain.groovy:64)
	at com.kms.katalon.core.webui.keyword.internal.WebUIKeywordMain.runKeyword(WebUIKeywordMain.groovy:26)
	at com.kms.katalon.core.webui.keyword.builtin.SetEncryptedTextKeyword.setEncryptedText(SetEncryptedTextKeyword.groovy:65)
	at com.kms.katalon.core.webui.keyword.builtin.SetEncryptedTextKeyword.execute(SetEncryptedTextKeyword.groovy:34)
	at com.kms.katalon.core.keyword.internal.KeywordExecutor.executeKeywordForPlatform(KeywordExecutor.groovy:74)
	at com.kms.katalon.core.webui.keyword.WebUiBuiltInKeywords.setEncryptedText(WebUiBuiltInKeywords.groovy:1011)
	at com.kms.katalon.core.webui.keyword.WebUiBuiltInKeywords$setEncryptedText$4.call(Unknown Source)
	at FEINmismatchError.run(FEINmismatchError:142)
	at com.kms.katalon.core.main.ScriptEngine.run(ScriptEngine.java:194)
	at com.kms.katalon.core.main.ScriptEngine.runScriptAsRawText(ScriptEngine.java:119)
	at com.kms.katalon.core.main.TestCaseExecutor.runScript(TestCaseExecutor.java:448)
	at com.kms.katalon.core.main.TestCaseExecutor.doExecute(TestCaseExecutor.java:439)
	at com.kms.katalon.core.main.TestCaseExecutor.processExecutionPhase(TestCaseExecutor.java:418)
	at com.kms.katalon.core.main.TestCaseExecutor.accessMainPhase(TestCaseExecutor.java:410)
	at com.kms.katalon.core.main.TestCaseExecutor.execute(TestCaseExecutor.java:285)
	at com.kms.katalon.core.common.CommonExecutor.accessTestCaseMainPhase(CommonExecutor.java:65)
	at com.kms.katalon.core.main.TestSuiteExecutor.accessTestSuiteMainPhase(TestSuiteExecutor.java:148)
	at com.kms.katalon.core.main.TestSuiteExecutor.execute(TestSuiteExecutor.java:106)
	at com.kms.katalon.core.main.TestCaseMain.startTestSuite(TestCaseMain.java:187)
	at com.kms.katalon.core.main.TestCaseMain$startTestSuite$0.call(Unknown Source)
	at TempTestSuite1705202981112.run(TempTestSuite1705202981112.groovy:36)
Caused by: org.openqa.selenium.ElementNotInteractableException: element not interactable
  (Session info: chrome=120.0.6099.200)
Build info: version: '3.141.59', revision: 'e82be7d358', time: '2018-11-14T08:25:53'
System info: host: 'DESKTOP-B2QI6NS', ip: '172.31.253.139', os.name: 'Windows 10', os.arch: 'amd64', os.version: '10.0', java.version: '1.8.0_181'
Driver info: com.kms.katalon.selenium.driver.CChromeDriver
Capabilities {acceptInsecureCerts: true, browserName: chrome, browserVersion: 120.0.6099.200, chrome: {chromedriverVersion: 119.0.6045.105 (38c72552c5e..., userDataDir: C:\Users\imtiaz\AppData\Loc...}, fedcm:accounts: true, goog:chromeOptions: {debuggerAddress: localhost:55332}, javascriptEnabled: true, networkConnectionEnabled: false, pageLoadStrategy: normal, platform: WINDOWS, platformName: WINDOWS, proxy: Proxy(), setWindowRect: true, strictFileInteractability: false, timeouts: {implicit: 0, pageLoad: 300000, script: 30000}, unhandledPromptBehavior: dismiss and notify, webauthn:extension:credBlob: true, webauthn:extension:largeBlob: true, webauthn:extension:minPinLength: true, webauthn:extension:prf: true, webauthn:virtualAuthenticators: true}
Session ID: e5d88fbad1141ac5d028a4be2221b92d
	at org.openqa.selenium.remote.http.W3CHttpResponseCodec.createException(W3CHttpResponseCodec.java:187)
	at org.openqa.selenium.remote.http.W3CHttpResponseCodec.decode(W3CHttpResponseCodec.java:122)
	at org.openqa.selenium.remote.http.W3CHttpResponseCodec.decode(W3CHttpResponseCodec.java:49)
	at org.openqa.selenium.remote.HttpCommandExecutor.execute(HttpCommandExecutor.java:158)
	at org.openqa.selenium.remote.service.DriverCommandExecutor.execute(DriverCommandExecutor.java:83)
	at org.openqa.selenium.remote.RemoteWebDriver.execute(RemoteWebDriver.java:552)
	at com.kms.katalon.selenium.driver.CChromeDriver.execute(CChromeDriver.java:19)
	at org.openqa.selenium.remote.RemoteWebElement.execute(RemoteWebElement.java:285)
	at org.openqa.selenium.remote.RemoteWebElement.clear(RemoteWebElement.java:124)
	at org.openqa.selenium.support.events.EventFiringWebDriver$EventFiringWebElement.lambda$new$0(EventFiringWebDriver.java:404)
	at com.sun.proxy.$Proxy11.clear(Unknown Source)
	at org.openqa.selenium.support.events.EventFiringWebDriver$EventFiringWebElement.clear(EventFiringWebDriver.java:436)
	at com.kms.katalon.core.webui.keyword.builtin.SetEncryptedTextKeyword$_setEncryptedText_closure1.doCall(SetEncryptedTextKeyword.groovy:54)
	at com.kms.katalon.core.webui.keyword.builtin.SetEncryptedTextKeyword$_setEncryptedText_closure1.call(SetEncryptedTextKeyword.groovy)
	at com.kms.katalon.core.webui.keyword.internal.WebUIKeywordMain.runKeyword(WebUIKeywordMain.groovy:20)
	at com.kms.katalon.core.webui.keyword.builtin.SetEncryptedTextKeyword.setEncryptedText(SetEncryptedTextKeyword.groovy:65)
	at com.kms.katalon.core.webui.keyword.builtin.SetEncryptedTextKeyword.execute(SetEncryptedTextKeyword.groovy:34)
	at com.kms.katalon.core.keyword.internal.KeywordExecutor.executeKeywordForPlatform(KeywordExecutor.groovy:74)
	at com.kms.katalon.core.webui.keyword.WebUiBuiltInKeywords.setEncryptedText(WebUiBuiltInKeywords.groovy:1011)
	at com.kms.katalon.core.webui.keyword.WebUiBuiltInKeywords$setEncryptedText$4.call(Unknown Source)
	at Script1693763256792.run(Script1693763256792.groovy:142)
	... 13 more
)

2024-01-13 22:32:01 - [MESSAGE][FAILED] - Unable to set encrypted text for object 'Object Repository/RAD_RecordAndPlay/input_Existing_FEIN' (Root cause: com.kms.katalon.core.exception.StepFailedException: Unable to set encrypted text for object 'Object Repository/RAD_RecordAndPlay/input_Existing_FEIN'
	at com.kms.katalon.core.webui.keyword.internal.WebUIKeywordMain.stepFailed(WebUIKeywordMain.groovy:64)
	at com.kms.katalon.core.webui.keyword.internal.WebUIKeywordMain.runKeyword(WebUIKeywordMain.groovy:26)
	at com.kms.katalon.core.webui.keyword.builtin.SetEncryptedTextKeyword.setEncryptedText(SetEncryptedTextKeyword.groovy:65)
	at com.kms.katalon.core.webui.keyword.builtin.SetEncryptedTextKeyword.execute(SetEncryptedTextKeyword.groovy:34)
	at com.kms.katalon.core.keyword.internal.KeywordExecutor.executeKeywordForPlatform(KeywordExecutor.groovy:74)
	at com.kms.katalon.core.webui.keyword.WebUiBuiltInKeywords.setEncryptedText(WebUiBuiltInKeywords.groovy:1011)
	at com.kms.katalon.core.webui.keyword.WebUiBuiltInKeywords$setEncryptedText$4.call(Unknown Source)
	at FEINmismatchError.run(FEINmismatchError:142)
	at com.kms.katalon.core.main.ScriptEngine.run(ScriptEngine.java:194)
	at com.kms.katalon.core.main.ScriptEngine.runScriptAsRawText(ScriptEngine.java:119)
	at com.kms.katalon.core.main.TestCaseExecutor.runScript(TestCaseExecutor.java:448)
	at com.kms.katalon.core.main.TestCaseExecutor.doExecute(TestCaseExecutor.java:439)
	at com.kms.katalon.core.main.TestCaseExecutor.processExecutionPhase(TestCaseExecutor.java:418)
	at com.kms.katalon.core.main.TestCaseExecutor.accessMainPhase(TestCaseExecutor.java:410)
	at com.kms.katalon.core.main.TestCaseExecutor.execute(TestCaseExecutor.java:285)
	at com.kms.katalon.core.common.CommonExecutor.accessTestCaseMainPhase(CommonExecutor.java:65)
	at com.kms.katalon.core.main.TestSuiteExecutor.accessTestSuiteMainPhase(TestSuiteExecutor.java:148)
	at com.kms.katalon.core.main.TestSuiteExecutor.execute(TestSuiteExecutor.java:106)
	at com.kms.katalon.core.main.TestCaseMain.startTestSuite(TestCaseMain.java:187)
	at com.kms.katalon.core.main.TestCaseMain$startTestSuite$0.call(Unknown Source)
	at TempTestSuite1705202981112.run(TempTestSuite1705202981112.groovy:36)
Caused by: org.openqa.selenium.ElementNotInteractableException: element not interactable
  (Session info: chrome=120.0.6099.200)
Build info: version: '3.141.59', revision: 'e82be7d358', time: '2018-11-14T08:25:53'
System info: host: 'DESKTOP-B2QI6NS', ip: '172.31.253.139', os.name: 'Windows 10', os.arch: 'amd64', os.version: '10.0', java.version: '1.8.0_181'
Driver info: com.kms.katalon.selenium.driver.CChromeDriver
Capabilities {acceptInsecureCerts: true, browserName: chrome, browserVersion: 120.0.6099.200, chrome: {chromedriverVersion: 119.0.6045.105 (38c72552c5e..., userDataDir: C:\Users\imtiaz\AppData\Loc...}, fedcm:accounts: true, goog:chromeOptions: {debuggerAddress: localhost:55332}, javascriptEnabled: true, networkConnectionEnabled: false, pageLoadStrategy: normal, platform: WINDOWS, platformName: WINDOWS, proxy: Proxy(), setWindowRect: true, strictFileInteractability: false, timeouts: {implicit: 0, pageLoad: 300000, script: 30000}, unhandledPromptBehavior: dismiss and notify, webauthn:extension:credBlob: true, webauthn:extension:largeBlob: true, webauthn:extension:minPinLength: true, webauthn:extension:prf: true, webauthn:virtualAuthenticators: true}
Session ID: e5d88fbad1141ac5d028a4be2221b92d
	at org.openqa.selenium.remote.http.W3CHttpResponseCodec.createException(W3CHttpResponseCodec.java:187)
	at org.openqa.selenium.remote.http.W3CHttpResponseCodec.decode(W3CHttpResponseCodec.java:122)
	at org.openqa.selenium.remote.http.W3CHttpResponseCodec.decode(W3CHttpResponseCodec.java:49)
	at org.openqa.selenium.remote.HttpCommandExecutor.execute(HttpCommandExecutor.java:158)
	at org.openqa.selenium.remote.service.DriverCommandExecutor.execute(DriverCommandExecutor.java:83)
	at org.openqa.selenium.remote.RemoteWebDriver.execute(RemoteWebDriver.java:552)
	at com.kms.katalon.selenium.driver.CChromeDriver.execute(CChromeDriver.java:19)
	at org.openqa.selenium.remote.RemoteWebElement.execute(RemoteWebElement.java:285)
	at org.openqa.selenium.remote.RemoteWebElement.clear(RemoteWebElement.java:124)
	at org.openqa.selenium.support.events.EventFiringWebDriver$EventFiringWebElement.lambda$new$0(EventFiringWebDriver.java:404)
	at com.sun.proxy.$Proxy11.clear(Unknown Source)
	at org.openqa.selenium.support.events.EventFiringWebDriver$EventFiringWebElement.clear(EventFiringWebDriver.java:436)
	at com.kms.katalon.core.webui.keyword.builtin.SetEncryptedTextKeyword$_setEncryptedText_closure1.doCall(SetEncryptedTextKeyword.groovy:54)
	at com.kms.katalon.core.webui.keyword.builtin.SetEncryptedTextKeyword$_setEncryptedText_closure1.call(SetEncryptedTextKeyword.groovy)
	at com.kms.katalon.core.webui.keyword.internal.WebUIKeywordMain.runKeyword(WebUIKeywordMain.groovy:20)
	at com.kms.katalon.core.webui.keyword.builtin.SetEncryptedTextKeyword.setEncryptedText(SetEncryptedTextKeyword.groovy:65)
	at com.kms.katalon.core.webui.keyword.builtin.SetEncryptedTextKeyword.execute(SetEncryptedTextKeyword.groovy:34)
	at com.kms.katalon.core.keyword.internal.KeywordExecutor.executeKeywordForPlatform(KeywordExecutor.groovy:74)
	at com.kms.katalon.core.webui.keyword.WebUiBuiltInKeywords.setEncryptedText(WebUiBuiltInKeywords.groovy:1011)
	at com.kms.katalon.core.webui.keyword.WebUiBuiltInKeywords$setEncryptedText$4.call(Unknown Source)
	at Script1693763256792.run(Script1693763256792.groovy:142)
	... 13 more
)
[[ATTACHMENT|E:\\Cloned-Project-Katalon\\VPS-Katalon\\Reports\\20240113_222941\\RAD_TestSuite\\RAD_UI_TestSuite\\20240113_222941\\1705203121475.png]]

2024-01-13 22:32:01 - [TEST_STEP][FAILED] - setEncryptedText(findTestObject("Object Repository/RAD_RecordAndPlay/input_Existing_RetypeFEIN"), "RigbBhfdqOBBGbZqm4oFJQ=="): Unable to set encrypted text for object 'Object Repository/RAD_RecordAndPlay/input_Existing_RetypeFEIN' (Root cause: com.kms.katalon.core.exception.StepFailedException: Unable to set encrypted text for object 'Object Repository/RAD_RecordAndPlay/input_Existing_RetypeFEIN'
	at com.kms.katalon.core.webui.keyword.internal.WebUIKeywordMain.stepFailed(WebUIKeywordMain.groovy:64)
	at com.kms.katalon.core.webui.keyword.internal.WebUIKeywordMain.runKeyword(WebUIKeywordMain.groovy:26)
	at com.kms.katalon.core.webui.keyword.builtin.SetEncryptedTextKeyword.setEncryptedText(SetEncryptedTextKeyword.groovy:65)
	at com.kms.katalon.core.webui.keyword.builtin.SetEncryptedTextKeyword.execute(SetEncryptedTextKeyword.groovy:34)
	at com.kms.katalon.core.keyword.internal.KeywordExecutor.executeKeywordForPlatform(KeywordExecutor.groovy:74)
	at com.kms.katalon.core.webui.keyword.WebUiBuiltInKeywords.setEncryptedText(WebUiBuiltInKeywords.groovy:1011)
	at com.kms.katalon.core.webui.keyword.WebUiBuiltInKeywords$setEncryptedText$4.call(Unknown Source)
	at FEINmismatchError.run(FEINmismatchError:143)
	at com.kms.katalon.core.main.ScriptEngine.run(ScriptEngine.java:194)
	at com.kms.katalon.core.main.ScriptEngine.runScriptAsRawText(ScriptEngine.java:119)
	at com.kms.katalon.core.main.TestCaseExecutor.runScript(TestCaseExecutor.java:448)
	at com.kms.katalon.core.main.TestCaseExecutor.doExecute(TestCaseExecutor.java:439)
	at com.kms.katalon.core.main.TestCaseExecutor.processExecutionPhase(TestCaseExecutor.java:418)
	at com.kms.katalon.core.main.TestCaseExecutor.accessMainPhase(TestCaseExecutor.java:410)
	at com.kms.katalon.core.main.TestCaseExecutor.execute(TestCaseExecutor.java:285)
	at com.kms.katalon.core.common.CommonExecutor.accessTestCaseMainPhase(CommonExecutor.java:65)
	at com.kms.katalon.core.main.TestSuiteExecutor.accessTestSuiteMainPhase(TestSuiteExecutor.java:148)
	at com.kms.katalon.core.main.TestSuiteExecutor.execute(TestSuiteExecutor.java:106)
	at com.kms.katalon.core.main.TestCaseMain.startTestSuite(TestCaseMain.java:187)
	at com.kms.katalon.core.main.TestCaseMain$startTestSuite$0.call(Unknown Source)
	at TempTestSuite1705202981112.run(TempTestSuite1705202981112.groovy:36)
Caused by: org.openqa.selenium.ElementNotInteractableException: element not interactable
  (Session info: chrome=120.0.6099.200)
Build info: version: '3.141.59', revision: 'e82be7d358', time: '2018-11-14T08:25:53'
System info: host: 'DESKTOP-B2QI6NS', ip: '172.31.253.139', os.name: 'Windows 10', os.arch: 'amd64', os.version: '10.0', java.version: '1.8.0_181'
Driver info: com.kms.katalon.selenium.driver.CChromeDriver
Capabilities {acceptInsecureCerts: true, browserName: chrome, browserVersion: 120.0.6099.200, chrome: {chromedriverVersion: 119.0.6045.105 (38c72552c5e..., userDataDir: C:\Users\imtiaz\AppData\Loc...}, fedcm:accounts: true, goog:chromeOptions: {debuggerAddress: localhost:55332}, javascriptEnabled: true, networkConnectionEnabled: false, pageLoadStrategy: normal, platform: WINDOWS, platformName: WINDOWS, proxy: Proxy(), setWindowRect: true, strictFileInteractability: false, timeouts: {implicit: 0, pageLoad: 300000, script: 30000}, unhandledPromptBehavior: dismiss and notify, webauthn:extension:credBlob: true, webauthn:extension:largeBlob: true, webauthn:extension:minPinLength: true, webauthn:extension:prf: true, webauthn:virtualAuthenticators: true}
Session ID: e5d88fbad1141ac5d028a4be2221b92d
	at org.openqa.selenium.remote.http.W3CHttpResponseCodec.createException(W3CHttpResponseCodec.java:187)
	at org.openqa.selenium.remote.http.W3CHttpResponseCodec.decode(W3CHttpResponseCodec.java:122)
	at org.openqa.selenium.remote.http.W3CHttpResponseCodec.decode(W3CHttpResponseCodec.java:49)
	at org.openqa.selenium.remote.HttpCommandExecutor.execute(HttpCommandExecutor.java:158)
	at org.openqa.selenium.remote.service.DriverCommandExecutor.execute(DriverCommandExecutor.java:83)
	at org.openqa.selenium.remote.RemoteWebDriver.execute(RemoteWebDriver.java:552)
	at com.kms.katalon.selenium.driver.CChromeDriver.execute(CChromeDriver.java:19)
	at org.openqa.selenium.remote.RemoteWebElement.execute(RemoteWebElement.java:285)
	at org.openqa.selenium.remote.RemoteWebElement.clear(RemoteWebElement.java:124)
	at org.openqa.selenium.support.events.EventFiringWebDriver$EventFiringWebElement.lambda$new$0(EventFiringWebDriver.java:404)
	at com.sun.proxy.$Proxy11.clear(Unknown Source)
	at org.openqa.selenium.support.events.EventFiringWebDriver$EventFiringWebElement.clear(EventFiringWebDriver.java:436)
	at com.kms.katalon.core.webui.keyword.builtin.SetEncryptedTextKeyword$_setEncryptedText_closure1.doCall(SetEncryptedTextKeyword.groovy:54)
	at com.kms.katalon.core.webui.keyword.builtin.SetEncryptedTextKeyword$_setEncryptedText_closure1.call(SetEncryptedTextKeyword.groovy)
	at com.kms.katalon.core.webui.keyword.internal.WebUIKeywordMain.runKeyword(WebUIKeywordMain.groovy:20)
	at com.kms.katalon.core.webui.keyword.builtin.SetEncryptedTextKeyword.setEncryptedText(SetEncryptedTextKeyword.groovy:65)
	at com.kms.katalon.core.webui.keyword.builtin.SetEncryptedTextKeyword.execute(SetEncryptedTextKeyword.groovy:34)
	at com.kms.katalon.core.keyword.internal.KeywordExecutor.executeKeywordForPlatform(KeywordExecutor.groovy:74)
	at com.kms.katalon.core.webui.keyword.WebUiBuiltInKeywords.setEncryptedText(WebUiBuiltInKeywords.groovy:1011)
	at com.kms.katalon.core.webui.keyword.WebUiBuiltInKeywords$setEncryptedText$4.call(Unknown Source)
	at Script1693763256792.run(Script1693763256792.groovy:143)
	... 13 more
)

2024-01-13 22:32:02 - [MESSAGE][FAILED] - Unable to set encrypted text for object 'Object Repository/RAD_RecordAndPlay/input_Existing_RetypeFEIN' (Root cause: com.kms.katalon.core.exception.StepFailedException: Unable to set encrypted text for object 'Object Repository/RAD_RecordAndPlay/input_Existing_RetypeFEIN'
	at com.kms.katalon.core.webui.keyword.internal.WebUIKeywordMain.stepFailed(WebUIKeywordMain.groovy:64)
	at com.kms.katalon.core.webui.keyword.internal.WebUIKeywordMain.runKeyword(WebUIKeywordMain.groovy:26)
	at com.kms.katalon.core.webui.keyword.builtin.SetEncryptedTextKeyword.setEncryptedText(SetEncryptedTextKeyword.groovy:65)
	at com.kms.katalon.core.webui.keyword.builtin.SetEncryptedTextKeyword.execute(SetEncryptedTextKeyword.groovy:34)
	at com.kms.katalon.core.keyword.internal.KeywordExecutor.executeKeywordForPlatform(KeywordExecutor.groovy:74)
	at com.kms.katalon.core.webui.keyword.WebUiBuiltInKeywords.setEncryptedText(WebUiBuiltInKeywords.groovy:1011)
	at com.kms.katalon.core.webui.keyword.WebUiBuiltInKeywords$setEncryptedText$4.call(Unknown Source)
	at FEINmismatchError.run(FEINmismatchError:143)
	at com.kms.katalon.core.main.ScriptEngine.run(ScriptEngine.java:194)
	at com.kms.katalon.core.main.ScriptEngine.runScriptAsRawText(ScriptEngine.java:119)
	at com.kms.katalon.core.main.TestCaseExecutor.runScript(TestCaseExecutor.java:448)
	at com.kms.katalon.core.main.TestCaseExecutor.doExecute(TestCaseExecutor.java:439)
	at com.kms.katalon.core.main.TestCaseExecutor.processExecutionPhase(TestCaseExecutor.java:418)
	at com.kms.katalon.core.main.TestCaseExecutor.accessMainPhase(TestCaseExecutor.java:410)
	at com.kms.katalon.core.main.TestCaseExecutor.execute(TestCaseExecutor.java:285)
	at com.kms.katalon.core.common.CommonExecutor.accessTestCaseMainPhase(CommonExecutor.java:65)
	at com.kms.katalon.core.main.TestSuiteExecutor.accessTestSuiteMainPhase(TestSuiteExecutor.java:148)
	at com.kms.katalon.core.main.TestSuiteExecutor.execute(TestSuiteExecutor.java:106)
	at com.kms.katalon.core.main.TestCaseMain.startTestSuite(TestCaseMain.java:187)
	at com.kms.katalon.core.main.TestCaseMain$startTestSuite$0.call(Unknown Source)
	at TempTestSuite1705202981112.run(TempTestSuite1705202981112.groovy:36)
Caused by: org.openqa.selenium.ElementNotInteractableException: element not interactable
  (Session info: chrome=120.0.6099.200)
Build info: version: '3.141.59', revision: 'e82be7d358', time: '2018-11-14T08:25:53'
System info: host: 'DESKTOP-B2QI6NS', ip: '172.31.253.139', os.name: 'Windows 10', os.arch: 'amd64', os.version: '10.0', java.version: '1.8.0_181'
Driver info: com.kms.katalon.selenium.driver.CChromeDriver
Capabilities {acceptInsecureCerts: true, browserName: chrome, browserVersion: 120.0.6099.200, chrome: {chromedriverVersion: 119.0.6045.105 (38c72552c5e..., userDataDir: C:\Users\imtiaz\AppData\Loc...}, fedcm:accounts: true, goog:chromeOptions: {debuggerAddress: localhost:55332}, javascriptEnabled: true, networkConnectionEnabled: false, pageLoadStrategy: normal, platform: WINDOWS, platformName: WINDOWS, proxy: Proxy(), setWindowRect: true, strictFileInteractability: false, timeouts: {implicit: 0, pageLoad: 300000, script: 30000}, unhandledPromptBehavior: dismiss and notify, webauthn:extension:credBlob: true, webauthn:extension:largeBlob: true, webauthn:extension:minPinLength: true, webauthn:extension:prf: true, webauthn:virtualAuthenticators: true}
Session ID: e5d88fbad1141ac5d028a4be2221b92d
	at org.openqa.selenium.remote.http.W3CHttpResponseCodec.createException(W3CHttpResponseCodec.java:187)
	at org.openqa.selenium.remote.http.W3CHttpResponseCodec.decode(W3CHttpResponseCodec.java:122)
	at org.openqa.selenium.remote.http.W3CHttpResponseCodec.decode(W3CHttpResponseCodec.java:49)
	at org.openqa.selenium.remote.HttpCommandExecutor.execute(HttpCommandExecutor.java:158)
	at org.openqa.selenium.remote.service.DriverCommandExecutor.execute(DriverCommandExecutor.java:83)
	at org.openqa.selenium.remote.RemoteWebDriver.execute(RemoteWebDriver.java:552)
	at com.kms.katalon.selenium.driver.CChromeDriver.execute(CChromeDriver.java:19)
	at org.openqa.selenium.remote.RemoteWebElement.execute(RemoteWebElement.java:285)
	at org.openqa.selenium.remote.RemoteWebElement.clear(RemoteWebElement.java:124)
	at org.openqa.selenium.support.events.EventFiringWebDriver$EventFiringWebElement.lambda$new$0(EventFiringWebDriver.java:404)
	at com.sun.proxy.$Proxy11.clear(Unknown Source)
	at org.openqa.selenium.support.events.EventFiringWebDriver$EventFiringWebElement.clear(EventFiringWebDriver.java:436)
	at com.kms.katalon.core.webui.keyword.builtin.SetEncryptedTextKeyword$_setEncryptedText_closure1.doCall(SetEncryptedTextKeyword.groovy:54)
	at com.kms.katalon.core.webui.keyword.builtin.SetEncryptedTextKeyword$_setEncryptedText_closure1.call(SetEncryptedTextKeyword.groovy)
	at com.kms.katalon.core.webui.keyword.internal.WebUIKeywordMain.runKeyword(WebUIKeywordMain.groovy:20)
	at com.kms.katalon.core.webui.keyword.builtin.SetEncryptedTextKeyword.setEncryptedText(SetEncryptedTextKeyword.groovy:65)
	at com.kms.katalon.core.webui.keyword.builtin.SetEncryptedTextKeyword.execute(SetEncryptedTextKeyword.groovy:34)
	at com.kms.katalon.core.keyword.internal.KeywordExecutor.executeKeywordForPlatform(KeywordExecutor.groovy:74)
	at com.kms.katalon.core.webui.keyword.WebUiBuiltInKeywords.setEncryptedText(WebUiBuiltInKeywords.groovy:1011)
	at com.kms.katalon.core.webui.keyword.WebUiBuiltInKeywords$setEncryptedText$4.call(Unknown Source)
	at Script1693763256792.run(Script1693763256792.groovy:143)
	... 13 more
)
[[ATTACHMENT|E:\\Cloned-Project-Katalon\\VPS-Katalon\\Reports\\20240113_222941\\RAD_TestSuite\\RAD_UI_TestSuite\\20240113_222941\\1705203122185.png]]

2024-01-13 22:32:02 - [TEST_STEP][PASSED] - break: null

2024-01-13 22:32:02 - [TEST_STEP][PASSED] - setText(findTestObject(orPath_Amount + "/input__paymentAmount"), ""): Text '' is set on object 'Object Repository/RAD_Pages/PaymentAmount_Page/input__paymentAmount'

2024-01-13 22:32:03 - [MESSAGE][PASSED] - Text '' is set on object 'Object Repository/RAD_Pages/PaymentAmount_Page/input__paymentAmount'

2024-01-13 22:32:03 - [TEST_STEP][FAILED] - verifyTextPresent("The FEIN and Re-type FEIN do not match", true): Text 'The FEIN and Re-type FEIN do not match' is not present on page  using regular expression (Root cause: com.kms.katalon.core.exception.StepFailedException: Text 'The FEIN and Re-type FEIN do not match' is not present on page  using regular expression
	at com.kms.katalon.core.webui.keyword.internal.WebUIKeywordMain.stepFailed(WebUIKeywordMain.groovy:64)
	at com.kms.katalon.core.webui.keyword.builtin.VerifyTextPresentKeyword$_verifyTextPresent_closure1.doCall(VerifyTextPresentKeyword.groovy:79)
	at com.kms.katalon.core.webui.keyword.builtin.VerifyTextPresentKeyword$_verifyTextPresent_closure1.call(VerifyTextPresentKeyword.groovy)
	at com.kms.katalon.core.webui.keyword.internal.WebUIKeywordMain.runKeyword(WebUIKeywordMain.groovy:20)
	at com.kms.katalon.core.webui.keyword.builtin.VerifyTextPresentKeyword.verifyTextPresent(VerifyTextPresentKeyword.groovy:83)
	at com.kms.katalon.core.webui.keyword.builtin.VerifyTextPresentKeyword.execute(VerifyTextPresentKeyword.groovy:68)
	at com.kms.katalon.core.keyword.internal.KeywordExecutor.executeKeywordForPlatform(KeywordExecutor.groovy:74)
	at com.kms.katalon.core.webui.keyword.WebUiBuiltInKeywords.verifyTextPresent(WebUiBuiltInKeywords.groovy:1723)
	at com.kms.katalon.core.webui.keyword.WebUiBuiltInKeywords$verifyTextPresent$6.call(Unknown Source)
	at FEINmismatchError.run(FEINmismatchError:181)
	at com.kms.katalon.core.main.ScriptEngine.run(ScriptEngine.java:194)
	at com.kms.katalon.core.main.ScriptEngine.runScriptAsRawText(ScriptEngine.java:119)
	at com.kms.katalon.core.main.TestCaseExecutor.runScript(TestCaseExecutor.java:448)
	at com.kms.katalon.core.main.TestCaseExecutor.doExecute(TestCaseExecutor.java:439)
	at com.kms.katalon.core.main.TestCaseExecutor.processExecutionPhase(TestCaseExecutor.java:418)
	at com.kms.katalon.core.main.TestCaseExecutor.accessMainPhase(TestCaseExecutor.java:410)
	at com.kms.katalon.core.main.TestCaseExecutor.execute(TestCaseExecutor.java:285)
	at com.kms.katalon.core.common.CommonExecutor.accessTestCaseMainPhase(CommonExecutor.java:65)
	at com.kms.katalon.core.main.TestSuiteExecutor.accessTestSuiteMainPhase(TestSuiteExecutor.java:148)
	at com.kms.katalon.core.main.TestSuiteExecutor.execute(TestSuiteExecutor.java:106)
	at com.kms.katalon.core.main.TestCaseMain.startTestSuite(TestCaseMain.java:187)
	at com.kms.katalon.core.main.TestCaseMain$startTestSuite$0.call(Unknown Source)
	at TempTestSuite1705202981112.run(TempTestSuite1705202981112.groovy:36)
)

2024-01-13 22:32:03 - [MESSAGE][FAILED] - Text 'The FEIN and Re-type FEIN do not match' is not present on page  using regular expression (Root cause: com.kms.katalon.core.exception.StepFailedException: Text 'The FEIN and Re-type FEIN do not match' is not present on page  using regular expression
	at com.kms.katalon.core.webui.keyword.internal.WebUIKeywordMain.stepFailed(WebUIKeywordMain.groovy:64)
	at com.kms.katalon.core.webui.keyword.builtin.VerifyTextPresentKeyword$_verifyTextPresent_closure1.doCall(VerifyTextPresentKeyword.groovy:79)
	at com.kms.katalon.core.webui.keyword.builtin.VerifyTextPresentKeyword$_verifyTextPresent_closure1.call(VerifyTextPresentKeyword.groovy)
	at com.kms.katalon.core.webui.keyword.internal.WebUIKeywordMain.runKeyword(WebUIKeywordMain.groovy:20)
	at com.kms.katalon.core.webui.keyword.builtin.VerifyTextPresentKeyword.verifyTextPresent(VerifyTextPresentKeyword.groovy:83)
	at com.kms.katalon.core.webui.keyword.builtin.VerifyTextPresentKeyword.execute(VerifyTextPresentKeyword.groovy:68)
	at com.kms.katalon.core.keyword.internal.KeywordExecutor.executeKeywordForPlatform(KeywordExecutor.groovy:74)
	at com.kms.katalon.core.webui.keyword.WebUiBuiltInKeywords.verifyTextPresent(WebUiBuiltInKeywords.groovy:1723)
	at com.kms.katalon.core.webui.keyword.WebUiBuiltInKeywords$verifyTextPresent$6.call(Unknown Source)
	at FEINmismatchError.run(FEINmismatchError:181)
	at com.kms.katalon.core.main.ScriptEngine.run(ScriptEngine.java:194)
	at com.kms.katalon.core.main.ScriptEngine.runScriptAsRawText(ScriptEngine.java:119)
	at com.kms.katalon.core.main.TestCaseExecutor.runScript(TestCaseExecutor.java:448)
	at com.kms.katalon.core.main.TestCaseExecutor.doExecute(TestCaseExecutor.java:439)
	at com.kms.katalon.core.main.TestCaseExecutor.processExecutionPhase(TestCaseExecutor.java:418)
	at com.kms.katalon.core.main.TestCaseExecutor.accessMainPhase(TestCaseExecutor.java:410)
	at com.kms.katalon.core.main.TestCaseExecutor.execute(TestCaseExecutor.java:285)
	at com.kms.katalon.core.common.CommonExecutor.accessTestCaseMainPhase(CommonExecutor.java:65)
	at com.kms.katalon.core.main.TestSuiteExecutor.accessTestSuiteMainPhase(TestSuiteExecutor.java:148)
	at com.kms.katalon.core.main.TestSuiteExecutor.execute(TestSuiteExecutor.java:106)
	at com.kms.katalon.core.main.TestCaseMain.startTestSuite(TestCaseMain.java:187)
	at com.kms.katalon.core.main.TestCaseMain$startTestSuite$0.call(Unknown Source)
	at TempTestSuite1705202981112.run(TempTestSuite1705202981112.groovy:36)
)

2024-01-13 22:32:03 - [TEST_STEP][FAILED] - if (verifyTextPresent("The FEIN and Re-type FEIN do not match", true)): Text 'The FEIN and Re-type FEIN do not match' is not present on page  using regular expression (Root cause: com.kms.katalon.core.exception.StepFailedException: Text 'The FEIN and Re-type FEIN do not match' is not present on page  using regular expression
	at com.kms.katalon.core.webui.keyword.internal.WebUIKeywordMain.stepFailed(WebUIKeywordMain.groovy:64)
	at com.kms.katalon.core.webui.keyword.builtin.VerifyTextPresentKeyword$_verifyTextPresent_closure1.doCall(VerifyTextPresentKeyword.groovy:79)
	at com.kms.katalon.core.webui.keyword.builtin.VerifyTextPresentKeyword$_verifyTextPresent_closure1.call(VerifyTextPresentKeyword.groovy)
	at com.kms.katalon.core.webui.keyword.internal.WebUIKeywordMain.runKeyword(WebUIKeywordMain.groovy:20)
	at com.kms.katalon.core.webui.keyword.builtin.VerifyTextPresentKeyword.verifyTextPresent(VerifyTextPresentKeyword.groovy:83)
	at com.kms.katalon.core.webui.keyword.builtin.VerifyTextPresentKeyword.execute(VerifyTextPresentKeyword.groovy:68)
	at com.kms.katalon.core.keyword.internal.KeywordExecutor.executeKeywordForPlatform(KeywordExecutor.groovy:74)
	at com.kms.katalon.core.webui.keyword.WebUiBuiltInKeywords.verifyTextPresent(WebUiBuiltInKeywords.groovy:1723)
	at com.kms.katalon.core.webui.keyword.WebUiBuiltInKeywords$verifyTextPresent$6.call(Unknown Source)
	at FEINmismatchError.run(FEINmismatchError:183)
	at com.kms.katalon.core.main.ScriptEngine.run(ScriptEngine.java:194)
	at com.kms.katalon.core.main.ScriptEngine.runScriptAsRawText(ScriptEngine.java:119)
	at com.kms.katalon.core.main.TestCaseExecutor.runScript(TestCaseExecutor.java:448)
	at com.kms.katalon.core.main.TestCaseExecutor.doExecute(TestCaseExecutor.java:439)
	at com.kms.katalon.core.main.TestCaseExecutor.processExecutionPhase(TestCaseExecutor.java:418)
	at com.kms.katalon.core.main.TestCaseExecutor.accessMainPhase(TestCaseExecutor.java:410)
	at com.kms.katalon.core.main.TestCaseExecutor.execute(TestCaseExecutor.java:285)
	at com.kms.katalon.core.common.CommonExecutor.accessTestCaseMainPhase(CommonExecutor.java:65)
	at com.kms.katalon.core.main.TestSuiteExecutor.accessTestSuiteMainPhase(TestSuiteExecutor.java:148)
	at com.kms.katalon.core.main.TestSuiteExecutor.execute(TestSuiteExecutor.java:106)
	at com.kms.katalon.core.main.TestCaseMain.startTestSuite(TestCaseMain.java:187)
	at com.kms.katalon.core.main.TestCaseMain$startTestSuite$0.call(Unknown Source)
	at TempTestSuite1705202981112.run(TempTestSuite1705202981112.groovy:36)
)

2024-01-13 22:32:03 - [MESSAGE][FAILED] - Text 'The FEIN and Re-type FEIN do not match' is not present on page  using regular expression (Root cause: com.kms.katalon.core.exception.StepFailedException: Text 'The FEIN and Re-type FEIN do not match' is not present on page  using regular expression
	at com.kms.katalon.core.webui.keyword.internal.WebUIKeywordMain.stepFailed(WebUIKeywordMain.groovy:64)
	at com.kms.katalon.core.webui.keyword.builtin.VerifyTextPresentKeyword$_verifyTextPresent_closure1.doCall(VerifyTextPresentKeyword.groovy:79)
	at com.kms.katalon.core.webui.keyword.builtin.VerifyTextPresentKeyword$_verifyTextPresent_closure1.call(VerifyTextPresentKeyword.groovy)
	at com.kms.katalon.core.webui.keyword.internal.WebUIKeywordMain.runKeyword(WebUIKeywordMain.groovy:20)
	at com.kms.katalon.core.webui.keyword.builtin.VerifyTextPresentKeyword.verifyTextPresent(VerifyTextPresentKeyword.groovy:83)
	at com.kms.katalon.core.webui.keyword.builtin.VerifyTextPresentKeyword.execute(VerifyTextPresentKeyword.groovy:68)
	at com.kms.katalon.core.keyword.internal.KeywordExecutor.executeKeywordForPlatform(KeywordExecutor.groovy:74)
	at com.kms.katalon.core.webui.keyword.WebUiBuiltInKeywords.verifyTextPresent(WebUiBuiltInKeywords.groovy:1723)
	at com.kms.katalon.core.webui.keyword.WebUiBuiltInKeywords$verifyTextPresent$6.call(Unknown Source)
	at FEINmismatchError.run(FEINmismatchError:183)
	at com.kms.katalon.core.main.ScriptEngine.run(ScriptEngine.java:194)
	at com.kms.katalon.core.main.ScriptEngine.runScriptAsRawText(ScriptEngine.java:119)
	at com.kms.katalon.core.main.TestCaseExecutor.runScript(TestCaseExecutor.java:448)
	at com.kms.katalon.core.main.TestCaseExecutor.doExecute(TestCaseExecutor.java:439)
	at com.kms.katalon.core.main.TestCaseExecutor.processExecutionPhase(TestCaseExecutor.java:418)
	at com.kms.katalon.core.main.TestCaseExecutor.accessMainPhase(TestCaseExecutor.java:410)
	at com.kms.katalon.core.main.TestCaseExecutor.execute(TestCaseExecutor.java:285)
	at com.kms.katalon.core.common.CommonExecutor.accessTestCaseMainPhase(CommonExecutor.java:65)
	at com.kms.katalon.core.main.TestSuiteExecutor.accessTestSuiteMainPhase(TestSuiteExecutor.java:148)
	at com.kms.katalon.core.main.TestSuiteExecutor.execute(TestSuiteExecutor.java:106)
	at com.kms.katalon.core.main.TestCaseMain.startTestSuite(TestCaseMain.java:187)
	at com.kms.katalon.core.main.TestCaseMain$startTestSuite$0.call(Unknown Source)
	at TempTestSuite1705202981112.run(TempTestSuite1705202981112.groovy:36)
)

2024-01-13 22:32:03 - [TEST_STEP][PASSED] - else: pages.WriteExcel.demoKey is PASSED

2024-01-13 22:32:03 - [TEST_STEP][PASSED] - println("Error Message is NOT present on the page"): null

2024-01-13 22:32:03 - [TEST_STEP][PASSED] - out.println("Fail Record Number: " + row): null

2024-01-13 22:32:03 - [TEST_STEP][PASSED] - resText = "Fail": null

2024-01-13 22:32:03 - [TEST_STEP][PASSED] - pages.WriteExcel.demoKey(resText, datText, resColumn, datCloumn, fileLoc, nameSheet, row): pages.WriteExcel.demoKey is PASSED

2024-01-13 22:32:03 - [MESSAGE][PASSED] - pages.WriteExcel.demoKey is PASSED

2024-01-13 22:32:03 - [TEST_STEP][PASSED] - ExecuteTC = findTestData(dataFile).getValue("Execute", row): null

2024-01-13 22:32:03 - [TEST_STEP][PASSED] - Taxtype = findTestData(dataFile).getValue("TaxType", row): null

2024-01-13 22:32:04 - [TEST_STEP][PASSED] - Paymenttype = findTestData(dataFile).getValue("PaymentType", row): null

2024-01-13 22:32:04 - [TEST_STEP][PASSED] - out.println("Value of Execute is : " + ExecuteTC): null

2024-01-13 22:32:04 - [TEST_STEP][PASSED] - if (ExecuteTC.equalsIgnoreCase("Y")): null

2024-01-13 22:32:04 - [TEST_STEP][PASSED] - out.println("Begin Record Number: " + row): null

2024-01-13 22:32:04 - [TEST_STEP][PASSED] - today = new java.util.Date(): null

2024-01-13 22:32:04 - [TEST_STEP][PASSED] - println(today): null

2024-01-13 22:32:04 - [TEST_STEP][PASSED] - datText = today: null

2024-01-13 22:32:04 - [TEST_STEP][PASSED] - Taxtype = findTestData(dataFile).getValue("TaxType", row): null

2024-01-13 22:32:04 - [TEST_STEP][PASSED] - out.println("Taxtype value is : " + Taxtype): null

2024-01-13 22:32:04 - [TEST_STEP][PASSED] - openBrowser(""): Browser is opened with url: ''

2024-01-13 22:32:04 - [MESSAGE][WARNING] - A browser is already opened. Closing browser and opening a new one

2024-01-13 22:32:05 - [MESSAGE][INFO] - Starting 'Chrome' driver

2024-01-13 22:32:05 - [MESSAGE][INFO] - User set preference: ['acceptInsecureCerts', 'true']

2024-01-13 22:32:05 - [MESSAGE][INFO] - Action delay is set to 0 milliseconds

2024-01-13 22:32:06 - [MESSAGE][PASSED] - Browser is opened with url: ''

2024-01-13 22:32:06 - [TEST_STEP][PASSED] - maximizeWindow(): Current window maximized

2024-01-13 22:32:06 - [MESSAGE][PASSED] - Current window maximized

2024-01-13 22:32:06 - [TEST_STEP][PASSED] - navigateToUrl(RADurl): Navigate to 'https://qa2.velocitypayment.com/client/rad/index.html' successfully

2024-01-13 22:32:07 - [MESSAGE][PASSED] - Navigate to 'https://qa2.velocitypayment.com/client/rad/index.html' successfully

2024-01-13 22:32:07 - [TEST_STEP][PASSED] - orPath_Landing = "Object Repository/RAD_Pages/Landing_Page": null

2024-01-13 22:32:07 - [TEST_STEP][PASSED] - orPath_TaxTypeFilingYear = "Object Repository/RAD_Pages/TaxTypeFilingYear_Page": null

2024-01-13 22:32:07 - [TEST_STEP][PASSED] - orPath_TaxPayer = "Object Repository/RAD_Pages/Taxpayer_Page": null

2024-01-13 22:32:07 - [TEST_STEP][PASSED] - orPath_AddressContact = "Object Repository/RAD_Pages/AddressAndContactInfo_Page": null

2024-01-13 22:32:07 - [TEST_STEP][PASSED] - orPath_FilingStatus = "Object Repository/RAD_Pages/FilingStatus_Page": null

2024-01-13 22:32:07 - [TEST_STEP][PASSED] - orPath_Amount = "Object Repository/RAD_Pages/PaymentAmount_Page": null

2024-01-13 22:32:07 - [TEST_STEP][PASSED] - orPath_TaxInfo = "Object Repository/RAD_Pages/TaxInfo_Page": null

2024-01-13 22:32:07 - [TEST_STEP][PASSED] - orPath_Withholding = "Object Repository/RAD_Pages/Withholding_Page": null

2024-01-13 22:32:07 - [TEST_STEP][PASSED] - orPath_Summary = "Object Repository/RAD_Pages/Summary_Page": null

2024-01-13 22:32:07 - [TEST_STEP][PASSED] - orPath_PaymentReady = "Object Repository/RAD_Pages/PaymentReady_Page": null

2024-01-13 22:32:07 - [TEST_STEP][PASSED] - orPath_PaymentEntry = "Object Repository/RAD_Pages/PaymentEntry_Page": null

2024-01-13 22:32:07 - [TEST_STEP][PASSED] - orPath_PaymentConfirmation = "Object Repository/RAD_Pages/PaymentConfirmation_Page": null

2024-01-13 22:32:07 - [TEST_STEP][PASSED] - orPath_ServiceFeesAccept = "Object Repository/RAD_Pages/ServiceFeeAccept_Page": null

2024-01-13 22:32:07 - [TEST_STEP][PASSED] - selectOptionByLabel(findTestObject(orPath_Landing + "/dd_TaxType"), Paymenttype, false): All options with label 'Existing Liability w/Notice Number' are selected in object 'Object Repository/RAD_Pages/Landing_Page/dd_TaxType' 

2024-01-13 22:32:08 - [MESSAGE][PASSED] - All options with label 'Existing Liability w/Notice Number' are selected in object 'Object Repository/RAD_Pages/Landing_Page/dd_TaxType' 

2024-01-13 22:32:08 - [TEST_STEP][PASSED] - delay(1): Delayed 1 second(s)

2024-01-13 22:32:09 - [MESSAGE][PASSED] - Delayed 1 second(s)

2024-01-13 22:32:09 - [TEST_STEP][PASSED] - switch (Paymenttype): null

2024-01-13 22:32:09 - [TEST_STEP][PASSED] - case "Existing Liability w/Notice Number":: null

2024-01-13 22:32:09 - [TEST_STEP][PASSED] - selectOptionByLabel(findTestObject(orPath_TaxTypeFilingYear + "/select_TaxType_ExistingLiability"), Taxtype, false): All options with label 'Motor Fuel Tax' are selected in object 'Object Repository/RAD_Pages/TaxTypeFilingYear_Page/select_TaxType_ExistingLiability' 

2024-01-13 22:32:10 - [MESSAGE][PASSED] - All options with label 'Motor Fuel Tax' are selected in object 'Object Repository/RAD_Pages/TaxTypeFilingYear_Page/select_TaxType_ExistingLiability' 

2024-01-13 22:32:10 - [TEST_STEP][PASSED] - break: null

2024-01-13 22:32:10 - [TEST_STEP][PASSED] - delay(1): Delayed 1 second(s)

2024-01-13 22:32:11 - [MESSAGE][PASSED] - Delayed 1 second(s)

2024-01-13 22:32:11 - [TEST_STEP][PASSED] - scrollToElement(findTestObject(orPath_Amount + "/input__paymentAmount"), 2, CONTINUE_ON_FAILURE): Scroll to object 'Object Repository/RAD_Pages/PaymentAmount_Page/input__paymentAmount' successfully

2024-01-13 22:32:11 - [MESSAGE][PASSED] - Scroll to object 'Object Repository/RAD_Pages/PaymentAmount_Page/input__paymentAmount' successfully

2024-01-13 22:32:11 - [TEST_STEP][PASSED] - switch (Paymenttype): null

2024-01-13 22:32:11 - [TEST_STEP][PASSED] - case "Existing Liability w/Notice Number":: null

2024-01-13 22:32:11 - [TEST_STEP][PASSED] - setEncryptedText(findTestObject("Object Repository/RAD_RecordAndPlay/input_Existing_FEIN"), "RigbBhfdqODKcAsiUrg+1Q=="): Text ****** has been set on object 'Object Repository/RAD_RecordAndPlay/input_Existing_FEIN'

2024-01-13 22:32:12 - [MESSAGE][PASSED] - Text ****** has been set on object 'Object Repository/RAD_RecordAndPlay/input_Existing_FEIN'

2024-01-13 22:32:12 - [TEST_STEP][PASSED] - setEncryptedText(findTestObject("Object Repository/RAD_RecordAndPlay/input_Existing_RetypeFEIN"), "RigbBhfdqOBBGbZqm4oFJQ=="): Text ****** has been set on object 'Object Repository/RAD_RecordAndPlay/input_Existing_RetypeFEIN'

2024-01-13 22:32:12 - [MESSAGE][PASSED] - Text ****** has been set on object 'Object Repository/RAD_RecordAndPlay/input_Existing_RetypeFEIN'

2024-01-13 22:32:12 - [TEST_STEP][PASSED] - break: null

2024-01-13 22:32:12 - [TEST_STEP][PASSED] - setText(findTestObject(orPath_Amount + "/input__paymentAmount"), ""): Text '' is set on object 'Object Repository/RAD_Pages/PaymentAmount_Page/input__paymentAmount'

2024-01-13 22:32:13 - [MESSAGE][PASSED] - Text '' is set on object 'Object Repository/RAD_Pages/PaymentAmount_Page/input__paymentAmount'

2024-01-13 22:32:13 - [TEST_STEP][PASSED] - verifyTextPresent("The FEIN and Re-type FEIN do not match", true): Text 'The FEIN and Re-type FEIN do not match' is present on page  using regular expression

2024-01-13 22:32:14 - [MESSAGE][PASSED] - Text 'The FEIN and Re-type FEIN do not match' is present on page  using regular expression

2024-01-13 22:32:14 - [TEST_STEP][PASSED] - if (verifyTextPresent("The FEIN and Re-type FEIN do not match", true)): null

2024-01-13 22:32:14 - [MESSAGE][PASSED] - Text 'The FEIN and Re-type FEIN do not match' is present on page  using regular expression

2024-01-13 22:32:14 - [TEST_STEP][PASSED] - println("Error Message is present on the page"): null

2024-01-13 22:32:14 - [TEST_STEP][PASSED] - out.println("Pass Record Number: " + row): null

2024-01-13 22:32:14 - [TEST_STEP][PASSED] - resText = "Pass": null

2024-01-13 22:32:14 - [TEST_STEP][PASSED] - pages.WriteExcel.demoKey(resText, datText, resColumn, datCloumn, fileLoc, nameSheet, row): pages.WriteExcel.demoKey is PASSED

2024-01-13 22:32:14 - [MESSAGE][PASSED] - pages.WriteExcel.demoKey is PASSED

2024-01-13 22:32:14 - [TEST_STEP][PASSED] - ExecuteTC = findTestData(dataFile).getValue("Execute", row): null

2024-01-13 22:32:14 - [TEST_STEP][PASSED] - Taxtype = findTestData(dataFile).getValue("TaxType", row): null

2024-01-13 22:32:14 - [TEST_STEP][PASSED] - Paymenttype = findTestData(dataFile).getValue("PaymentType", row): null

2024-01-13 22:32:14 - [TEST_STEP][PASSED] - out.println("Value of Execute is : " + ExecuteTC): null

2024-01-13 22:32:14 - [TEST_STEP][PASSED] - if (ExecuteTC.equalsIgnoreCase("Y")): null

2024-01-13 22:32:14 - [TEST_STEP][PASSED] - out.println("Begin Record Number: " + row): null

2024-01-13 22:32:14 - [TEST_STEP][PASSED] - today = new java.util.Date(): null

2024-01-13 22:32:14 - [TEST_STEP][PASSED] - println(today): null

2024-01-13 22:32:14 - [TEST_STEP][PASSED] - datText = today: null

2024-01-13 22:32:14 - [TEST_STEP][PASSED] - Taxtype = findTestData(dataFile).getValue("TaxType", row): null

2024-01-13 22:32:14 - [TEST_STEP][PASSED] - out.println("Taxtype value is : " + Taxtype): null

2024-01-13 22:32:14 - [TEST_STEP][PASSED] - openBrowser(""): Browser is opened with url: ''

2024-01-13 22:32:14 - [MESSAGE][WARNING] - A browser is already opened. Closing browser and opening a new one

2024-01-13 22:32:15 - [MESSAGE][INFO] - Starting 'Chrome' driver

2024-01-13 22:32:15 - [MESSAGE][INFO] - User set preference: ['acceptInsecureCerts', 'true']

2024-01-13 22:32:15 - [MESSAGE][INFO] - Action delay is set to 0 milliseconds

2024-01-13 22:32:17 - [MESSAGE][PASSED] - Browser is opened with url: ''

2024-01-13 22:32:17 - [TEST_STEP][PASSED] - maximizeWindow(): Current window maximized

2024-01-13 22:32:17 - [MESSAGE][PASSED] - Current window maximized

2024-01-13 22:32:17 - [TEST_STEP][PASSED] - navigateToUrl(RADurl): Navigate to 'https://qa2.velocitypayment.com/client/rad/index.html' successfully

2024-01-13 22:32:17 - [MESSAGE][PASSED] - Navigate to 'https://qa2.velocitypayment.com/client/rad/index.html' successfully

2024-01-13 22:32:17 - [TEST_STEP][PASSED] - orPath_Landing = "Object Repository/RAD_Pages/Landing_Page": null

2024-01-13 22:32:17 - [TEST_STEP][PASSED] - orPath_TaxTypeFilingYear = "Object Repository/RAD_Pages/TaxTypeFilingYear_Page": null

2024-01-13 22:32:17 - [TEST_STEP][PASSED] - orPath_TaxPayer = "Object Repository/RAD_Pages/Taxpayer_Page": null

2024-01-13 22:32:17 - [TEST_STEP][PASSED] - orPath_AddressContact = "Object Repository/RAD_Pages/AddressAndContactInfo_Page": null

2024-01-13 22:32:17 - [TEST_STEP][PASSED] - orPath_FilingStatus = "Object Repository/RAD_Pages/FilingStatus_Page": null

2024-01-13 22:32:17 - [TEST_STEP][PASSED] - orPath_Amount = "Object Repository/RAD_Pages/PaymentAmount_Page": null

2024-01-13 22:32:17 - [TEST_STEP][PASSED] - orPath_TaxInfo = "Object Repository/RAD_Pages/TaxInfo_Page": null

2024-01-13 22:32:17 - [TEST_STEP][PASSED] - orPath_Withholding = "Object Repository/RAD_Pages/Withholding_Page": null

2024-01-13 22:32:17 - [TEST_STEP][PASSED] - orPath_Summary = "Object Repository/RAD_Pages/Summary_Page": null

2024-01-13 22:32:17 - [TEST_STEP][PASSED] - orPath_PaymentReady = "Object Repository/RAD_Pages/PaymentReady_Page": null

2024-01-13 22:32:17 - [TEST_STEP][PASSED] - orPath_PaymentEntry = "Object Repository/RAD_Pages/PaymentEntry_Page": null

2024-01-13 22:32:17 - [TEST_STEP][PASSED] - orPath_PaymentConfirmation = "Object Repository/RAD_Pages/PaymentConfirmation_Page": null

2024-01-13 22:32:17 - [TEST_STEP][PASSED] - orPath_ServiceFeesAccept = "Object Repository/RAD_Pages/ServiceFeeAccept_Page": null

2024-01-13 22:32:17 - [TEST_STEP][PASSED] - selectOptionByLabel(findTestObject(orPath_Landing + "/dd_TaxType"), Paymenttype, false): All options with label 'Existing Liability w/Notice Number' are selected in object 'Object Repository/RAD_Pages/Landing_Page/dd_TaxType' 

2024-01-13 22:32:19 - [MESSAGE][PASSED] - All options with label 'Existing Liability w/Notice Number' are selected in object 'Object Repository/RAD_Pages/Landing_Page/dd_TaxType' 

2024-01-13 22:32:19 - [TEST_STEP][PASSED] - delay(1): Delayed 1 second(s)

2024-01-13 22:32:20 - [MESSAGE][PASSED] - Delayed 1 second(s)

2024-01-13 22:32:20 - [TEST_STEP][PASSED] - switch (Paymenttype): null

2024-01-13 22:32:20 - [TEST_STEP][PASSED] - case "Existing Liability w/Notice Number":: null

2024-01-13 22:32:20 - [TEST_STEP][PASSED] - selectOptionByLabel(findTestObject(orPath_TaxTypeFilingYear + "/select_TaxType_ExistingLiability"), Taxtype, false): All options with label 'Slots License Fee' are selected in object 'Object Repository/RAD_Pages/TaxTypeFilingYear_Page/select_TaxType_ExistingLiability' 

2024-01-13 22:32:21 - [MESSAGE][PASSED] - All options with label 'Slots License Fee' are selected in object 'Object Repository/RAD_Pages/TaxTypeFilingYear_Page/select_TaxType_ExistingLiability' 

2024-01-13 22:32:21 - [TEST_STEP][PASSED] - break: null

2024-01-13 22:32:21 - [TEST_STEP][PASSED] - delay(1): Delayed 1 second(s)

2024-01-13 22:32:22 - [MESSAGE][PASSED] - Delayed 1 second(s)

2024-01-13 22:32:22 - [TEST_STEP][PASSED] - scrollToElement(findTestObject(orPath_Amount + "/input__paymentAmount"), 2, CONTINUE_ON_FAILURE): Scroll to object 'Object Repository/RAD_Pages/PaymentAmount_Page/input__paymentAmount' successfully

2024-01-13 22:32:22 - [MESSAGE][PASSED] - Scroll to object 'Object Repository/RAD_Pages/PaymentAmount_Page/input__paymentAmount' successfully

2024-01-13 22:32:22 - [TEST_STEP][PASSED] - switch (Paymenttype): null

2024-01-13 22:32:22 - [TEST_STEP][PASSED] - case "Existing Liability w/Notice Number":: null

2024-01-13 22:32:22 - [TEST_STEP][PASSED] - setEncryptedText(findTestObject("Object Repository/RAD_RecordAndPlay/input_Existing_FEIN"), "RigbBhfdqODKcAsiUrg+1Q=="): Text ****** has been set on object 'Object Repository/RAD_RecordAndPlay/input_Existing_FEIN'

2024-01-13 22:32:23 - [MESSAGE][PASSED] - Text ****** has been set on object 'Object Repository/RAD_RecordAndPlay/input_Existing_FEIN'

2024-01-13 22:32:23 - [TEST_STEP][PASSED] - setEncryptedText(findTestObject("Object Repository/RAD_RecordAndPlay/input_Existing_RetypeFEIN"), "RigbBhfdqOBBGbZqm4oFJQ=="): Text ****** has been set on object 'Object Repository/RAD_RecordAndPlay/input_Existing_RetypeFEIN'

2024-01-13 22:32:23 - [MESSAGE][PASSED] - Text ****** has been set on object 'Object Repository/RAD_RecordAndPlay/input_Existing_RetypeFEIN'

2024-01-13 22:32:23 - [TEST_STEP][PASSED] - break: null

2024-01-13 22:32:23 - [TEST_STEP][PASSED] - setText(findTestObject(orPath_Amount + "/input__paymentAmount"), ""): Text '' is set on object 'Object Repository/RAD_Pages/PaymentAmount_Page/input__paymentAmount'

2024-01-13 22:32:24 - [MESSAGE][PASSED] - Text '' is set on object 'Object Repository/RAD_Pages/PaymentAmount_Page/input__paymentAmount'

2024-01-13 22:32:24 - [TEST_STEP][PASSED] - verifyTextPresent("The FEIN and Re-type FEIN do not match", true): Text 'The FEIN and Re-type FEIN do not match' is present on page  using regular expression

2024-01-13 22:32:25 - [MESSAGE][PASSED] - Text 'The FEIN and Re-type FEIN do not match' is present on page  using regular expression

2024-01-13 22:32:25 - [TEST_STEP][PASSED] - if (verifyTextPresent("The FEIN and Re-type FEIN do not match", true)): null

2024-01-13 22:32:25 - [MESSAGE][PASSED] - Text 'The FEIN and Re-type FEIN do not match' is present on page  using regular expression

2024-01-13 22:32:25 - [TEST_STEP][PASSED] - println("Error Message is present on the page"): null

2024-01-13 22:32:25 - [TEST_STEP][PASSED] - out.println("Pass Record Number: " + row): null

2024-01-13 22:32:25 - [TEST_STEP][PASSED] - resText = "Pass": null

2024-01-13 22:32:25 - [TEST_STEP][PASSED] - pages.WriteExcel.demoKey(resText, datText, resColumn, datCloumn, fileLoc, nameSheet, row): pages.WriteExcel.demoKey is PASSED

2024-01-13 22:32:25 - [MESSAGE][PASSED] - pages.WriteExcel.demoKey is PASSED

2024-01-13 22:32:25 - [TEST_STEP][PASSED] - ExecuteTC = findTestData(dataFile).getValue("Execute", row): null

2024-01-13 22:32:25 - [TEST_STEP][PASSED] - Taxtype = findTestData(dataFile).getValue("TaxType", row): null

2024-01-13 22:32:25 - [TEST_STEP][PASSED] - Paymenttype = findTestData(dataFile).getValue("PaymentType", row): null

2024-01-13 22:32:25 - [TEST_STEP][PASSED] - out.println("Value of Execute is : " + ExecuteTC): null

2024-01-13 22:32:25 - [TEST_STEP][FAILED] - if (ExecuteTC.equalsIgnoreCase("Y")): null

2024-01-13 22:32:25 - [TEST_STEP][PASSED] - out.println("Begin Record Number: " + row): null

2024-01-13 22:32:25 - [TEST_STEP][PASSED] - today = new java.util.Date(): null

2024-01-13 22:32:25 - [TEST_STEP][PASSED] - println(today): null

2024-01-13 22:32:25 - [TEST_STEP][PASSED] - datText = today: null

2024-01-13 22:32:25 - [TEST_STEP][PASSED] - Taxtype = findTestData(dataFile).getValue("TaxType", row): null

2024-01-13 22:32:25 - [TEST_STEP][PASSED] - out.println("Taxtype value is : " + Taxtype): null

2024-01-13 22:32:25 - [TEST_STEP][PASSED] - openBrowser(""): Browser is opened with url: ''

2024-01-13 22:32:25 - [MESSAGE][WARNING] - A browser is already opened. Closing browser and opening a new one

2024-01-13 22:32:26 - [MESSAGE][INFO] - Starting 'Chrome' driver

2024-01-13 22:32:26 - [MESSAGE][INFO] - User set preference: ['acceptInsecureCerts', 'true']

2024-01-13 22:32:26 - [MESSAGE][INFO] - Action delay is set to 0 milliseconds

2024-01-13 22:32:28 - [MESSAGE][PASSED] - Browser is opened with url: ''

2024-01-13 22:32:28 - [TEST_STEP][PASSED] - maximizeWindow(): Current window maximized

2024-01-13 22:32:28 - [MESSAGE][PASSED] - Current window maximized

2024-01-13 22:32:28 - [TEST_STEP][PASSED] - navigateToUrl(RADurl): Navigate to 'https://qa2.velocitypayment.com/client/rad/index.html' successfully

2024-01-13 22:32:29 - [MESSAGE][PASSED] - Navigate to 'https://qa2.velocitypayment.com/client/rad/index.html' successfully

2024-01-13 22:32:29 - [TEST_STEP][PASSED] - orPath_Landing = "Object Repository/RAD_Pages/Landing_Page": null

2024-01-13 22:32:29 - [TEST_STEP][PASSED] - orPath_TaxTypeFilingYear = "Object Repository/RAD_Pages/TaxTypeFilingYear_Page": null

2024-01-13 22:32:29 - [TEST_STEP][PASSED] - orPath_TaxPayer = "Object Repository/RAD_Pages/Taxpayer_Page": null

2024-01-13 22:32:29 - [TEST_STEP][PASSED] - orPath_AddressContact = "Object Repository/RAD_Pages/AddressAndContactInfo_Page": null

2024-01-13 22:32:29 - [TEST_STEP][PASSED] - orPath_FilingStatus = "Object Repository/RAD_Pages/FilingStatus_Page": null

2024-01-13 22:32:29 - [TEST_STEP][PASSED] - orPath_Amount = "Object Repository/RAD_Pages/PaymentAmount_Page": null

2024-01-13 22:32:29 - [TEST_STEP][PASSED] - orPath_TaxInfo = "Object Repository/RAD_Pages/TaxInfo_Page": null

2024-01-13 22:32:29 - [TEST_STEP][PASSED] - orPath_Withholding = "Object Repository/RAD_Pages/Withholding_Page": null

2024-01-13 22:32:29 - [TEST_STEP][PASSED] - orPath_Summary = "Object Repository/RAD_Pages/Summary_Page": null

2024-01-13 22:32:29 - [TEST_STEP][PASSED] - orPath_PaymentReady = "Object Repository/RAD_Pages/PaymentReady_Page": null

2024-01-13 22:32:29 - [TEST_STEP][PASSED] - orPath_PaymentEntry = "Object Repository/RAD_Pages/PaymentEntry_Page": null

2024-01-13 22:32:29 - [TEST_STEP][PASSED] - orPath_PaymentConfirmation = "Object Repository/RAD_Pages/PaymentConfirmation_Page": null

2024-01-13 22:32:29 - [TEST_STEP][PASSED] - orPath_ServiceFeesAccept = "Object Repository/RAD_Pages/ServiceFeeAccept_Page": null

2024-01-13 22:32:29 - [TEST_STEP][PASSED] - selectOptionByLabel(findTestObject(orPath_Landing + "/dd_TaxType"), Paymenttype, false): All options with label 'Existing Liability w/Notice Number' are selected in object 'Object Repository/RAD_Pages/Landing_Page/dd_TaxType' 

2024-01-13 22:32:30 - [MESSAGE][PASSED] - All options with label 'Existing Liability w/Notice Number' are selected in object 'Object Repository/RAD_Pages/Landing_Page/dd_TaxType' 

2024-01-13 22:32:30 - [TEST_STEP][PASSED] - delay(1): Delayed 1 second(s)

2024-01-13 22:32:31 - [MESSAGE][PASSED] - Delayed 1 second(s)

2024-01-13 22:32:31 - [TEST_STEP][PASSED] - switch (Paymenttype): null

2024-01-13 22:32:31 - [TEST_STEP][PASSED] - case "Existing Liability w/Notice Number":: null

2024-01-13 22:32:31 - [TEST_STEP][PASSED] - selectOptionByLabel(findTestObject(orPath_TaxTypeFilingYear + "/select_TaxType_ExistingLiability"), Taxtype, false): All options with label 'Tobacco Tax' are selected in object 'Object Repository/RAD_Pages/TaxTypeFilingYear_Page/select_TaxType_ExistingLiability' 

2024-01-13 22:32:31 - [MESSAGE][PASSED] - All options with label 'Tobacco Tax' are selected in object 'Object Repository/RAD_Pages/TaxTypeFilingYear_Page/select_TaxType_ExistingLiability' 

2024-01-13 22:32:31 - [TEST_STEP][PASSED] - break: null

2024-01-13 22:32:31 - [TEST_STEP][PASSED] - delay(1): Delayed 1 second(s)

2024-01-13 22:32:32 - [MESSAGE][PASSED] - Delayed 1 second(s)

2024-01-13 22:32:32 - [TEST_STEP][PASSED] - scrollToElement(findTestObject(orPath_Amount + "/input__paymentAmount"), 2, CONTINUE_ON_FAILURE): Scroll to object 'Object Repository/RAD_Pages/PaymentAmount_Page/input__paymentAmount' successfully

2024-01-13 22:32:33 - [MESSAGE][PASSED] - Scroll to object 'Object Repository/RAD_Pages/PaymentAmount_Page/input__paymentAmount' successfully

2024-01-13 22:32:33 - [TEST_STEP][FAILED] - switch (Paymenttype): null

2024-01-13 22:32:33 - [TEST_STEP][FAILED] - case "Existing Liability w/Notice Number":: null

2024-01-13 22:32:33 - [TEST_STEP][FAILED] - setEncryptedText(findTestObject("Object Repository/RAD_RecordAndPlay/input_Existing_FEIN"), "RigbBhfdqODKcAsiUrg+1Q=="): Unable to set encrypted text for object 'Object Repository/RAD_RecordAndPlay/input_Existing_FEIN' (Root cause: com.kms.katalon.core.exception.StepFailedException: Unable to set encrypted text for object 'Object Repository/RAD_RecordAndPlay/input_Existing_FEIN'
	at com.kms.katalon.core.webui.keyword.internal.WebUIKeywordMain.stepFailed(WebUIKeywordMain.groovy:64)
	at com.kms.katalon.core.webui.keyword.internal.WebUIKeywordMain.runKeyword(WebUIKeywordMain.groovy:26)
	at com.kms.katalon.core.webui.keyword.builtin.SetEncryptedTextKeyword.setEncryptedText(SetEncryptedTextKeyword.groovy:65)
	at com.kms.katalon.core.webui.keyword.builtin.SetEncryptedTextKeyword.execute(SetEncryptedTextKeyword.groovy:34)
	at com.kms.katalon.core.keyword.internal.KeywordExecutor.executeKeywordForPlatform(KeywordExecutor.groovy:74)
	at com.kms.katalon.core.webui.keyword.WebUiBuiltInKeywords.setEncryptedText(WebUiBuiltInKeywords.groovy:1011)
	at com.kms.katalon.core.webui.keyword.WebUiBuiltInKeywords$setEncryptedText$4.call(Unknown Source)
	at FEINmismatchError.run(FEINmismatchError:142)
	at com.kms.katalon.core.main.ScriptEngine.run(ScriptEngine.java:194)
	at com.kms.katalon.core.main.ScriptEngine.runScriptAsRawText(ScriptEngine.java:119)
	at com.kms.katalon.core.main.TestCaseExecutor.runScript(TestCaseExecutor.java:448)
	at com.kms.katalon.core.main.TestCaseExecutor.doExecute(TestCaseExecutor.java:439)
	at com.kms.katalon.core.main.TestCaseExecutor.processExecutionPhase(TestCaseExecutor.java:418)
	at com.kms.katalon.core.main.TestCaseExecutor.accessMainPhase(TestCaseExecutor.java:410)
	at com.kms.katalon.core.main.TestCaseExecutor.execute(TestCaseExecutor.java:285)
	at com.kms.katalon.core.common.CommonExecutor.accessTestCaseMainPhase(CommonExecutor.java:65)
	at com.kms.katalon.core.main.TestSuiteExecutor.accessTestSuiteMainPhase(TestSuiteExecutor.java:148)
	at com.kms.katalon.core.main.TestSuiteExecutor.execute(TestSuiteExecutor.java:106)
	at com.kms.katalon.core.main.TestCaseMain.startTestSuite(TestCaseMain.java:187)
	at com.kms.katalon.core.main.TestCaseMain$startTestSuite$0.call(Unknown Source)
	at TempTestSuite1705202981112.run(TempTestSuite1705202981112.groovy:36)
Caused by: org.openqa.selenium.ElementNotInteractableException: element not interactable
  (Session info: chrome=120.0.6099.200)
Build info: version: '3.141.59', revision: 'e82be7d358', time: '2018-11-14T08:25:53'
System info: host: 'DESKTOP-B2QI6NS', ip: '172.31.253.139', os.name: 'Windows 10', os.arch: 'amd64', os.version: '10.0', java.version: '1.8.0_181'
Driver info: com.kms.katalon.selenium.driver.CChromeDriver
Capabilities {acceptInsecureCerts: true, browserName: chrome, browserVersion: 120.0.6099.200, chrome: {chromedriverVersion: 119.0.6045.105 (38c72552c5e..., userDataDir: C:\Users\imtiaz\AppData\Loc...}, fedcm:accounts: true, goog:chromeOptions: {debuggerAddress: localhost:55587}, javascriptEnabled: true, networkConnectionEnabled: false, pageLoadStrategy: normal, platform: WINDOWS, platformName: WINDOWS, proxy: Proxy(), setWindowRect: true, strictFileInteractability: false, timeouts: {implicit: 0, pageLoad: 300000, script: 30000}, unhandledPromptBehavior: dismiss and notify, webauthn:extension:credBlob: true, webauthn:extension:largeBlob: true, webauthn:extension:minPinLength: true, webauthn:extension:prf: true, webauthn:virtualAuthenticators: true}
Session ID: f374ef17772b523a5225d57005e6603f
	at org.openqa.selenium.remote.http.W3CHttpResponseCodec.createException(W3CHttpResponseCodec.java:187)
	at org.openqa.selenium.remote.http.W3CHttpResponseCodec.decode(W3CHttpResponseCodec.java:122)
	at org.openqa.selenium.remote.http.W3CHttpResponseCodec.decode(W3CHttpResponseCodec.java:49)
	at org.openqa.selenium.remote.HttpCommandExecutor.execute(HttpCommandExecutor.java:158)
	at org.openqa.selenium.remote.service.DriverCommandExecutor.execute(DriverCommandExecutor.java:83)
	at org.openqa.selenium.remote.RemoteWebDriver.execute(RemoteWebDriver.java:552)
	at com.kms.katalon.selenium.driver.CChromeDriver.execute(CChromeDriver.java:19)
	at org.openqa.selenium.remote.RemoteWebElement.execute(RemoteWebElement.java:285)
	at org.openqa.selenium.remote.RemoteWebElement.clear(RemoteWebElement.java:124)
	at org.openqa.selenium.support.events.EventFiringWebDriver$EventFiringWebElement.lambda$new$0(EventFiringWebDriver.java:404)
	at com.sun.proxy.$Proxy11.clear(Unknown Source)
	at org.openqa.selenium.support.events.EventFiringWebDriver$EventFiringWebElement.clear(EventFiringWebDriver.java:436)
	at com.kms.katalon.core.webui.keyword.builtin.SetEncryptedTextKeyword$_setEncryptedText_closure1.doCall(SetEncryptedTextKeyword.groovy:54)
	at com.kms.katalon.core.webui.keyword.builtin.SetEncryptedTextKeyword$_setEncryptedText_closure1.call(SetEncryptedTextKeyword.groovy)
	at com.kms.katalon.core.webui.keyword.internal.WebUIKeywordMain.runKeyword(WebUIKeywordMain.groovy:20)
	at com.kms.katalon.core.webui.keyword.builtin.SetEncryptedTextKeyword.setEncryptedText(SetEncryptedTextKeyword.groovy:65)
	at com.kms.katalon.core.webui.keyword.builtin.SetEncryptedTextKeyword.execute(SetEncryptedTextKeyword.groovy:34)
	at com.kms.katalon.core.keyword.internal.KeywordExecutor.executeKeywordForPlatform(KeywordExecutor.groovy:74)
	at com.kms.katalon.core.webui.keyword.WebUiBuiltInKeywords.setEncryptedText(WebUiBuiltInKeywords.groovy:1011)
	at com.kms.katalon.core.webui.keyword.WebUiBuiltInKeywords$setEncryptedText$4.call(Unknown Source)
	at Script1693763256792.run(Script1693763256792.groovy:142)
	... 13 more
)

2024-01-13 22:32:33 - [MESSAGE][FAILED] - Unable to set encrypted text for object 'Object Repository/RAD_RecordAndPlay/input_Existing_FEIN' (Root cause: com.kms.katalon.core.exception.StepFailedException: Unable to set encrypted text for object 'Object Repository/RAD_RecordAndPlay/input_Existing_FEIN'
	at com.kms.katalon.core.webui.keyword.internal.WebUIKeywordMain.stepFailed(WebUIKeywordMain.groovy:64)
	at com.kms.katalon.core.webui.keyword.internal.WebUIKeywordMain.runKeyword(WebUIKeywordMain.groovy:26)
	at com.kms.katalon.core.webui.keyword.builtin.SetEncryptedTextKeyword.setEncryptedText(SetEncryptedTextKeyword.groovy:65)
	at com.kms.katalon.core.webui.keyword.builtin.SetEncryptedTextKeyword.execute(SetEncryptedTextKeyword.groovy:34)
	at com.kms.katalon.core.keyword.internal.KeywordExecutor.executeKeywordForPlatform(KeywordExecutor.groovy:74)
	at com.kms.katalon.core.webui.keyword.WebUiBuiltInKeywords.setEncryptedText(WebUiBuiltInKeywords.groovy:1011)
	at com.kms.katalon.core.webui.keyword.WebUiBuiltInKeywords$setEncryptedText$4.call(Unknown Source)
	at FEINmismatchError.run(FEINmismatchError:142)
	at com.kms.katalon.core.main.ScriptEngine.run(ScriptEngine.java:194)
	at com.kms.katalon.core.main.ScriptEngine.runScriptAsRawText(ScriptEngine.java:119)
	at com.kms.katalon.core.main.TestCaseExecutor.runScript(TestCaseExecutor.java:448)
	at com.kms.katalon.core.main.TestCaseExecutor.doExecute(TestCaseExecutor.java:439)
	at com.kms.katalon.core.main.TestCaseExecutor.processExecutionPhase(TestCaseExecutor.java:418)
	at com.kms.katalon.core.main.TestCaseExecutor.accessMainPhase(TestCaseExecutor.java:410)
	at com.kms.katalon.core.main.TestCaseExecutor.execute(TestCaseExecutor.java:285)
	at com.kms.katalon.core.common.CommonExecutor.accessTestCaseMainPhase(CommonExecutor.java:65)
	at com.kms.katalon.core.main.TestSuiteExecutor.accessTestSuiteMainPhase(TestSuiteExecutor.java:148)
	at com.kms.katalon.core.main.TestSuiteExecutor.execute(TestSuiteExecutor.java:106)
	at com.kms.katalon.core.main.TestCaseMain.startTestSuite(TestCaseMain.java:187)
	at com.kms.katalon.core.main.TestCaseMain$startTestSuite$0.call(Unknown Source)
	at TempTestSuite1705202981112.run(TempTestSuite1705202981112.groovy:36)
Caused by: org.openqa.selenium.ElementNotInteractableException: element not interactable
  (Session info: chrome=120.0.6099.200)
Build info: version: '3.141.59', revision: 'e82be7d358', time: '2018-11-14T08:25:53'
System info: host: 'DESKTOP-B2QI6NS', ip: '172.31.253.139', os.name: 'Windows 10', os.arch: 'amd64', os.version: '10.0', java.version: '1.8.0_181'
Driver info: com.kms.katalon.selenium.driver.CChromeDriver
Capabilities {acceptInsecureCerts: true, browserName: chrome, browserVersion: 120.0.6099.200, chrome: {chromedriverVersion: 119.0.6045.105 (38c72552c5e..., userDataDir: C:\Users\imtiaz\AppData\Loc...}, fedcm:accounts: true, goog:chromeOptions: {debuggerAddress: localhost:55587}, javascriptEnabled: true, networkConnectionEnabled: false, pageLoadStrategy: normal, platform: WINDOWS, platformName: WINDOWS, proxy: Proxy(), setWindowRect: true, strictFileInteractability: false, timeouts: {implicit: 0, pageLoad: 300000, script: 30000}, unhandledPromptBehavior: dismiss and notify, webauthn:extension:credBlob: true, webauthn:extension:largeBlob: true, webauthn:extension:minPinLength: true, webauthn:extension:prf: true, webauthn:virtualAuthenticators: true}
Session ID: f374ef17772b523a5225d57005e6603f
	at org.openqa.selenium.remote.http.W3CHttpResponseCodec.createException(W3CHttpResponseCodec.java:187)
	at org.openqa.selenium.remote.http.W3CHttpResponseCodec.decode(W3CHttpResponseCodec.java:122)
	at org.openqa.selenium.remote.http.W3CHttpResponseCodec.decode(W3CHttpResponseCodec.java:49)
	at org.openqa.selenium.remote.HttpCommandExecutor.execute(HttpCommandExecutor.java:158)
	at org.openqa.selenium.remote.service.DriverCommandExecutor.execute(DriverCommandExecutor.java:83)
	at org.openqa.selenium.remote.RemoteWebDriver.execute(RemoteWebDriver.java:552)
	at com.kms.katalon.selenium.driver.CChromeDriver.execute(CChromeDriver.java:19)
	at org.openqa.selenium.remote.RemoteWebElement.execute(RemoteWebElement.java:285)
	at org.openqa.selenium.remote.RemoteWebElement.clear(RemoteWebElement.java:124)
	at org.openqa.selenium.support.events.EventFiringWebDriver$EventFiringWebElement.lambda$new$0(EventFiringWebDriver.java:404)
	at com.sun.proxy.$Proxy11.clear(Unknown Source)
	at org.openqa.selenium.support.events.EventFiringWebDriver$EventFiringWebElement.clear(EventFiringWebDriver.java:436)
	at com.kms.katalon.core.webui.keyword.builtin.SetEncryptedTextKeyword$_setEncryptedText_closure1.doCall(SetEncryptedTextKeyword.groovy:54)
	at com.kms.katalon.core.webui.keyword.builtin.SetEncryptedTextKeyword$_setEncryptedText_closure1.call(SetEncryptedTextKeyword.groovy)
	at com.kms.katalon.core.webui.keyword.internal.WebUIKeywordMain.runKeyword(WebUIKeywordMain.groovy:20)
	at com.kms.katalon.core.webui.keyword.builtin.SetEncryptedTextKeyword.setEncryptedText(SetEncryptedTextKeyword.groovy:65)
	at com.kms.katalon.core.webui.keyword.builtin.SetEncryptedTextKeyword.execute(SetEncryptedTextKeyword.groovy:34)
	at com.kms.katalon.core.keyword.internal.KeywordExecutor.executeKeywordForPlatform(KeywordExecutor.groovy:74)
	at com.kms.katalon.core.webui.keyword.WebUiBuiltInKeywords.setEncryptedText(WebUiBuiltInKeywords.groovy:1011)
	at com.kms.katalon.core.webui.keyword.WebUiBuiltInKeywords$setEncryptedText$4.call(Unknown Source)
	at Script1693763256792.run(Script1693763256792.groovy:142)
	... 13 more
)
[[ATTACHMENT|E:\\Cloned-Project-Katalon\\VPS-Katalon\\Reports\\20240113_222941\\RAD_TestSuite\\RAD_UI_TestSuite\\20240113_222941\\1705203153740.png]]

2024-01-13 22:32:34 - [TEST_STEP][FAILED] - setEncryptedText(findTestObject("Object Repository/RAD_RecordAndPlay/input_Existing_RetypeFEIN"), "RigbBhfdqOBBGbZqm4oFJQ=="): Unable to set encrypted text for object 'Object Repository/RAD_RecordAndPlay/input_Existing_RetypeFEIN' (Root cause: com.kms.katalon.core.exception.StepFailedException: Unable to set encrypted text for object 'Object Repository/RAD_RecordAndPlay/input_Existing_RetypeFEIN'
	at com.kms.katalon.core.webui.keyword.internal.WebUIKeywordMain.stepFailed(WebUIKeywordMain.groovy:64)
	at com.kms.katalon.core.webui.keyword.internal.WebUIKeywordMain.runKeyword(WebUIKeywordMain.groovy:26)
	at com.kms.katalon.core.webui.keyword.builtin.SetEncryptedTextKeyword.setEncryptedText(SetEncryptedTextKeyword.groovy:65)
	at com.kms.katalon.core.webui.keyword.builtin.SetEncryptedTextKeyword.execute(SetEncryptedTextKeyword.groovy:34)
	at com.kms.katalon.core.keyword.internal.KeywordExecutor.executeKeywordForPlatform(KeywordExecutor.groovy:74)
	at com.kms.katalon.core.webui.keyword.WebUiBuiltInKeywords.setEncryptedText(WebUiBuiltInKeywords.groovy:1011)
	at com.kms.katalon.core.webui.keyword.WebUiBuiltInKeywords$setEncryptedText$4.call(Unknown Source)
	at FEINmismatchError.run(FEINmismatchError:143)
	at com.kms.katalon.core.main.ScriptEngine.run(ScriptEngine.java:194)
	at com.kms.katalon.core.main.ScriptEngine.runScriptAsRawText(ScriptEngine.java:119)
	at com.kms.katalon.core.main.TestCaseExecutor.runScript(TestCaseExecutor.java:448)
	at com.kms.katalon.core.main.TestCaseExecutor.doExecute(TestCaseExecutor.java:439)
	at com.kms.katalon.core.main.TestCaseExecutor.processExecutionPhase(TestCaseExecutor.java:418)
	at com.kms.katalon.core.main.TestCaseExecutor.accessMainPhase(TestCaseExecutor.java:410)
	at com.kms.katalon.core.main.TestCaseExecutor.execute(TestCaseExecutor.java:285)
	at com.kms.katalon.core.common.CommonExecutor.accessTestCaseMainPhase(CommonExecutor.java:65)
	at com.kms.katalon.core.main.TestSuiteExecutor.accessTestSuiteMainPhase(TestSuiteExecutor.java:148)
	at com.kms.katalon.core.main.TestSuiteExecutor.execute(TestSuiteExecutor.java:106)
	at com.kms.katalon.core.main.TestCaseMain.startTestSuite(TestCaseMain.java:187)
	at com.kms.katalon.core.main.TestCaseMain$startTestSuite$0.call(Unknown Source)
	at TempTestSuite1705202981112.run(TempTestSuite1705202981112.groovy:36)
Caused by: org.openqa.selenium.ElementNotInteractableException: element not interactable
  (Session info: chrome=120.0.6099.200)
Build info: version: '3.141.59', revision: 'e82be7d358', time: '2018-11-14T08:25:53'
System info: host: 'DESKTOP-B2QI6NS', ip: '172.31.253.139', os.name: 'Windows 10', os.arch: 'amd64', os.version: '10.0', java.version: '1.8.0_181'
Driver info: com.kms.katalon.selenium.driver.CChromeDriver
Capabilities {acceptInsecureCerts: true, browserName: chrome, browserVersion: 120.0.6099.200, chrome: {chromedriverVersion: 119.0.6045.105 (38c72552c5e..., userDataDir: C:\Users\imtiaz\AppData\Loc...}, fedcm:accounts: true, goog:chromeOptions: {debuggerAddress: localhost:55587}, javascriptEnabled: true, networkConnectionEnabled: false, pageLoadStrategy: normal, platform: WINDOWS, platformName: WINDOWS, proxy: Proxy(), setWindowRect: true, strictFileInteractability: false, timeouts: {implicit: 0, pageLoad: 300000, script: 30000}, unhandledPromptBehavior: dismiss and notify, webauthn:extension:credBlob: true, webauthn:extension:largeBlob: true, webauthn:extension:minPinLength: true, webauthn:extension:prf: true, webauthn:virtualAuthenticators: true}
Session ID: f374ef17772b523a5225d57005e6603f
	at org.openqa.selenium.remote.http.W3CHttpResponseCodec.createException(W3CHttpResponseCodec.java:187)
	at org.openqa.selenium.remote.http.W3CHttpResponseCodec.decode(W3CHttpResponseCodec.java:122)
	at org.openqa.selenium.remote.http.W3CHttpResponseCodec.decode(W3CHttpResponseCodec.java:49)
	at org.openqa.selenium.remote.HttpCommandExecutor.execute(HttpCommandExecutor.java:158)
	at org.openqa.selenium.remote.service.DriverCommandExecutor.execute(DriverCommandExecutor.java:83)
	at org.openqa.selenium.remote.RemoteWebDriver.execute(RemoteWebDriver.java:552)
	at com.kms.katalon.selenium.driver.CChromeDriver.execute(CChromeDriver.java:19)
	at org.openqa.selenium.remote.RemoteWebElement.execute(RemoteWebElement.java:285)
	at org.openqa.selenium.remote.RemoteWebElement.clear(RemoteWebElement.java:124)
	at org.openqa.selenium.support.events.EventFiringWebDriver$EventFiringWebElement.lambda$new$0(EventFiringWebDriver.java:404)
	at com.sun.proxy.$Proxy11.clear(Unknown Source)
	at org.openqa.selenium.support.events.EventFiringWebDriver$EventFiringWebElement.clear(EventFiringWebDriver.java:436)
	at com.kms.katalon.core.webui.keyword.builtin.SetEncryptedTextKeyword$_setEncryptedText_closure1.doCall(SetEncryptedTextKeyword.groovy:54)
	at com.kms.katalon.core.webui.keyword.builtin.SetEncryptedTextKeyword$_setEncryptedText_closure1.call(SetEncryptedTextKeyword.groovy)
	at com.kms.katalon.core.webui.keyword.internal.WebUIKeywordMain.runKeyword(WebUIKeywordMain.groovy:20)
	at com.kms.katalon.core.webui.keyword.builtin.SetEncryptedTextKeyword.setEncryptedText(SetEncryptedTextKeyword.groovy:65)
	at com.kms.katalon.core.webui.keyword.builtin.SetEncryptedTextKeyword.execute(SetEncryptedTextKeyword.groovy:34)
	at com.kms.katalon.core.keyword.internal.KeywordExecutor.executeKeywordForPlatform(KeywordExecutor.groovy:74)
	at com.kms.katalon.core.webui.keyword.WebUiBuiltInKeywords.setEncryptedText(WebUiBuiltInKeywords.groovy:1011)
	at com.kms.katalon.core.webui.keyword.WebUiBuiltInKeywords$setEncryptedText$4.call(Unknown Source)
	at Script1693763256792.run(Script1693763256792.groovy:143)
	... 13 more
)

2024-01-13 22:32:34 - [MESSAGE][FAILED] - Unable to set encrypted text for object 'Object Repository/RAD_RecordAndPlay/input_Existing_RetypeFEIN' (Root cause: com.kms.katalon.core.exception.StepFailedException: Unable to set encrypted text for object 'Object Repository/RAD_RecordAndPlay/input_Existing_RetypeFEIN'
	at com.kms.katalon.core.webui.keyword.internal.WebUIKeywordMain.stepFailed(WebUIKeywordMain.groovy:64)
	at com.kms.katalon.core.webui.keyword.internal.WebUIKeywordMain.runKeyword(WebUIKeywordMain.groovy:26)
	at com.kms.katalon.core.webui.keyword.builtin.SetEncryptedTextKeyword.setEncryptedText(SetEncryptedTextKeyword.groovy:65)
	at com.kms.katalon.core.webui.keyword.builtin.SetEncryptedTextKeyword.execute(SetEncryptedTextKeyword.groovy:34)
	at com.kms.katalon.core.keyword.internal.KeywordExecutor.executeKeywordForPlatform(KeywordExecutor.groovy:74)
	at com.kms.katalon.core.webui.keyword.WebUiBuiltInKeywords.setEncryptedText(WebUiBuiltInKeywords.groovy:1011)
	at com.kms.katalon.core.webui.keyword.WebUiBuiltInKeywords$setEncryptedText$4.call(Unknown Source)
	at FEINmismatchError.run(FEINmismatchError:143)
	at com.kms.katalon.core.main.ScriptEngine.run(ScriptEngine.java:194)
	at com.kms.katalon.core.main.ScriptEngine.runScriptAsRawText(ScriptEngine.java:119)
	at com.kms.katalon.core.main.TestCaseExecutor.runScript(TestCaseExecutor.java:448)
	at com.kms.katalon.core.main.TestCaseExecutor.doExecute(TestCaseExecutor.java:439)
	at com.kms.katalon.core.main.TestCaseExecutor.processExecutionPhase(TestCaseExecutor.java:418)
	at com.kms.katalon.core.main.TestCaseExecutor.accessMainPhase(TestCaseExecutor.java:410)
	at com.kms.katalon.core.main.TestCaseExecutor.execute(TestCaseExecutor.java:285)
	at com.kms.katalon.core.common.CommonExecutor.accessTestCaseMainPhase(CommonExecutor.java:65)
	at com.kms.katalon.core.main.TestSuiteExecutor.accessTestSuiteMainPhase(TestSuiteExecutor.java:148)
	at com.kms.katalon.core.main.TestSuiteExecutor.execute(TestSuiteExecutor.java:106)
	at com.kms.katalon.core.main.TestCaseMain.startTestSuite(TestCaseMain.java:187)
	at com.kms.katalon.core.main.TestCaseMain$startTestSuite$0.call(Unknown Source)
	at TempTestSuite1705202981112.run(TempTestSuite1705202981112.groovy:36)
Caused by: org.openqa.selenium.ElementNotInteractableException: element not interactable
  (Session info: chrome=120.0.6099.200)
Build info: version: '3.141.59', revision: 'e82be7d358', time: '2018-11-14T08:25:53'
System info: host: 'DESKTOP-B2QI6NS', ip: '172.31.253.139', os.name: 'Windows 10', os.arch: 'amd64', os.version: '10.0', java.version: '1.8.0_181'
Driver info: com.kms.katalon.selenium.driver.CChromeDriver
Capabilities {acceptInsecureCerts: true, browserName: chrome, browserVersion: 120.0.6099.200, chrome: {chromedriverVersion: 119.0.6045.105 (38c72552c5e..., userDataDir: C:\Users\imtiaz\AppData\Loc...}, fedcm:accounts: true, goog:chromeOptions: {debuggerAddress: localhost:55587}, javascriptEnabled: true, networkConnectionEnabled: false, pageLoadStrategy: normal, platform: WINDOWS, platformName: WINDOWS, proxy: Proxy(), setWindowRect: true, strictFileInteractability: false, timeouts: {implicit: 0, pageLoad: 300000, script: 30000}, unhandledPromptBehavior: dismiss and notify, webauthn:extension:credBlob: true, webauthn:extension:largeBlob: true, webauthn:extension:minPinLength: true, webauthn:extension:prf: true, webauthn:virtualAuthenticators: true}
Session ID: f374ef17772b523a5225d57005e6603f
	at org.openqa.selenium.remote.http.W3CHttpResponseCodec.createException(W3CHttpResponseCodec.java:187)
	at org.openqa.selenium.remote.http.W3CHttpResponseCodec.decode(W3CHttpResponseCodec.java:122)
	at org.openqa.selenium.remote.http.W3CHttpResponseCodec.decode(W3CHttpResponseCodec.java:49)
	at org.openqa.selenium.remote.HttpCommandExecutor.execute(HttpCommandExecutor.java:158)
	at org.openqa.selenium.remote.service.DriverCommandExecutor.execute(DriverCommandExecutor.java:83)
	at org.openqa.selenium.remote.RemoteWebDriver.execute(RemoteWebDriver.java:552)
	at com.kms.katalon.selenium.driver.CChromeDriver.execute(CChromeDriver.java:19)
	at org.openqa.selenium.remote.RemoteWebElement.execute(RemoteWebElement.java:285)
	at org.openqa.selenium.remote.RemoteWebElement.clear(RemoteWebElement.java:124)
	at org.openqa.selenium.support.events.EventFiringWebDriver$EventFiringWebElement.lambda$new$0(EventFiringWebDriver.java:404)
	at com.sun.proxy.$Proxy11.clear(Unknown Source)
	at org.openqa.selenium.support.events.EventFiringWebDriver$EventFiringWebElement.clear(EventFiringWebDriver.java:436)
	at com.kms.katalon.core.webui.keyword.builtin.SetEncryptedTextKeyword$_setEncryptedText_closure1.doCall(SetEncryptedTextKeyword.groovy:54)
	at com.kms.katalon.core.webui.keyword.builtin.SetEncryptedTextKeyword$_setEncryptedText_closure1.call(SetEncryptedTextKeyword.groovy)
	at com.kms.katalon.core.webui.keyword.internal.WebUIKeywordMain.runKeyword(WebUIKeywordMain.groovy:20)
	at com.kms.katalon.core.webui.keyword.builtin.SetEncryptedTextKeyword.setEncryptedText(SetEncryptedTextKeyword.groovy:65)
	at com.kms.katalon.core.webui.keyword.builtin.SetEncryptedTextKeyword.execute(SetEncryptedTextKeyword.groovy:34)
	at com.kms.katalon.core.keyword.internal.KeywordExecutor.executeKeywordForPlatform(KeywordExecutor.groovy:74)
	at com.kms.katalon.core.webui.keyword.WebUiBuiltInKeywords.setEncryptedText(WebUiBuiltInKeywords.groovy:1011)
	at com.kms.katalon.core.webui.keyword.WebUiBuiltInKeywords$setEncryptedText$4.call(Unknown Source)
	at Script1693763256792.run(Script1693763256792.groovy:143)
	... 13 more
)
[[ATTACHMENT|E:\\Cloned-Project-Katalon\\VPS-Katalon\\Reports\\20240113_222941\\RAD_TestSuite\\RAD_UI_TestSuite\\20240113_222941\\1705203154415.png]]

2024-01-13 22:32:34 - [TEST_STEP][PASSED] - break: null

2024-01-13 22:32:34 - [TEST_STEP][PASSED] - setText(findTestObject(orPath_Amount + "/input__paymentAmount"), ""): Text '' is set on object 'Object Repository/RAD_Pages/PaymentAmount_Page/input__paymentAmount'

2024-01-13 22:32:35 - [MESSAGE][PASSED] - Text '' is set on object 'Object Repository/RAD_Pages/PaymentAmount_Page/input__paymentAmount'

2024-01-13 22:32:35 - [TEST_STEP][FAILED] - verifyTextPresent("The FEIN and Re-type FEIN do not match", true): Text 'The FEIN and Re-type FEIN do not match' is not present on page  using regular expression (Root cause: com.kms.katalon.core.exception.StepFailedException: Text 'The FEIN and Re-type FEIN do not match' is not present on page  using regular expression
	at com.kms.katalon.core.webui.keyword.internal.WebUIKeywordMain.stepFailed(WebUIKeywordMain.groovy:64)
	at com.kms.katalon.core.webui.keyword.builtin.VerifyTextPresentKeyword$_verifyTextPresent_closure1.doCall(VerifyTextPresentKeyword.groovy:79)
	at com.kms.katalon.core.webui.keyword.builtin.VerifyTextPresentKeyword$_verifyTextPresent_closure1.call(VerifyTextPresentKeyword.groovy)
	at com.kms.katalon.core.webui.keyword.internal.WebUIKeywordMain.runKeyword(WebUIKeywordMain.groovy:20)
	at com.kms.katalon.core.webui.keyword.builtin.VerifyTextPresentKeyword.verifyTextPresent(VerifyTextPresentKeyword.groovy:83)
	at com.kms.katalon.core.webui.keyword.builtin.VerifyTextPresentKeyword.execute(VerifyTextPresentKeyword.groovy:68)
	at com.kms.katalon.core.keyword.internal.KeywordExecutor.executeKeywordForPlatform(KeywordExecutor.groovy:74)
	at com.kms.katalon.core.webui.keyword.WebUiBuiltInKeywords.verifyTextPresent(WebUiBuiltInKeywords.groovy:1723)
	at com.kms.katalon.core.webui.keyword.WebUiBuiltInKeywords$verifyTextPresent$6.call(Unknown Source)
	at FEINmismatchError.run(FEINmismatchError:181)
	at com.kms.katalon.core.main.ScriptEngine.run(ScriptEngine.java:194)
	at com.kms.katalon.core.main.ScriptEngine.runScriptAsRawText(ScriptEngine.java:119)
	at com.kms.katalon.core.main.TestCaseExecutor.runScript(TestCaseExecutor.java:448)
	at com.kms.katalon.core.main.TestCaseExecutor.doExecute(TestCaseExecutor.java:439)
	at com.kms.katalon.core.main.TestCaseExecutor.processExecutionPhase(TestCaseExecutor.java:418)
	at com.kms.katalon.core.main.TestCaseExecutor.accessMainPhase(TestCaseExecutor.java:410)
	at com.kms.katalon.core.main.TestCaseExecutor.execute(TestCaseExecutor.java:285)
	at com.kms.katalon.core.common.CommonExecutor.accessTestCaseMainPhase(CommonExecutor.java:65)
	at com.kms.katalon.core.main.TestSuiteExecutor.accessTestSuiteMainPhase(TestSuiteExecutor.java:148)
	at com.kms.katalon.core.main.TestSuiteExecutor.execute(TestSuiteExecutor.java:106)
	at com.kms.katalon.core.main.TestCaseMain.startTestSuite(TestCaseMain.java:187)
	at com.kms.katalon.core.main.TestCaseMain$startTestSuite$0.call(Unknown Source)
	at TempTestSuite1705202981112.run(TempTestSuite1705202981112.groovy:36)
)

2024-01-13 22:32:35 - [MESSAGE][FAILED] - Text 'The FEIN and Re-type FEIN do not match' is not present on page  using regular expression (Root cause: com.kms.katalon.core.exception.StepFailedException: Text 'The FEIN and Re-type FEIN do not match' is not present on page  using regular expression
	at com.kms.katalon.core.webui.keyword.internal.WebUIKeywordMain.stepFailed(WebUIKeywordMain.groovy:64)
	at com.kms.katalon.core.webui.keyword.builtin.VerifyTextPresentKeyword$_verifyTextPresent_closure1.doCall(VerifyTextPresentKeyword.groovy:79)
	at com.kms.katalon.core.webui.keyword.builtin.VerifyTextPresentKeyword$_verifyTextPresent_closure1.call(VerifyTextPresentKeyword.groovy)
	at com.kms.katalon.core.webui.keyword.internal.WebUIKeywordMain.runKeyword(WebUIKeywordMain.groovy:20)
	at com.kms.katalon.core.webui.keyword.builtin.VerifyTextPresentKeyword.verifyTextPresent(VerifyTextPresentKeyword.groovy:83)
	at com.kms.katalon.core.webui.keyword.builtin.VerifyTextPresentKeyword.execute(VerifyTextPresentKeyword.groovy:68)
	at com.kms.katalon.core.keyword.internal.KeywordExecutor.executeKeywordForPlatform(KeywordExecutor.groovy:74)
	at com.kms.katalon.core.webui.keyword.WebUiBuiltInKeywords.verifyTextPresent(WebUiBuiltInKeywords.groovy:1723)
	at com.kms.katalon.core.webui.keyword.WebUiBuiltInKeywords$verifyTextPresent$6.call(Unknown Source)
	at FEINmismatchError.run(FEINmismatchError:181)
	at com.kms.katalon.core.main.ScriptEngine.run(ScriptEngine.java:194)
	at com.kms.katalon.core.main.ScriptEngine.runScriptAsRawText(ScriptEngine.java:119)
	at com.kms.katalon.core.main.TestCaseExecutor.runScript(TestCaseExecutor.java:448)
	at com.kms.katalon.core.main.TestCaseExecutor.doExecute(TestCaseExecutor.java:439)
	at com.kms.katalon.core.main.TestCaseExecutor.processExecutionPhase(TestCaseExecutor.java:418)
	at com.kms.katalon.core.main.TestCaseExecutor.accessMainPhase(TestCaseExecutor.java:410)
	at com.kms.katalon.core.main.TestCaseExecutor.execute(TestCaseExecutor.java:285)
	at com.kms.katalon.core.common.CommonExecutor.accessTestCaseMainPhase(CommonExecutor.java:65)
	at com.kms.katalon.core.main.TestSuiteExecutor.accessTestSuiteMainPhase(TestSuiteExecutor.java:148)
	at com.kms.katalon.core.main.TestSuiteExecutor.execute(TestSuiteExecutor.java:106)
	at com.kms.katalon.core.main.TestCaseMain.startTestSuite(TestCaseMain.java:187)
	at com.kms.katalon.core.main.TestCaseMain$startTestSuite$0.call(Unknown Source)
	at TempTestSuite1705202981112.run(TempTestSuite1705202981112.groovy:36)
)

2024-01-13 22:32:35 - [TEST_STEP][FAILED] - if (verifyTextPresent("The FEIN and Re-type FEIN do not match", true)): Text 'The FEIN and Re-type FEIN do not match' is not present on page  using regular expression (Root cause: com.kms.katalon.core.exception.StepFailedException: Text 'The FEIN and Re-type FEIN do not match' is not present on page  using regular expression
	at com.kms.katalon.core.webui.keyword.internal.WebUIKeywordMain.stepFailed(WebUIKeywordMain.groovy:64)
	at com.kms.katalon.core.webui.keyword.builtin.VerifyTextPresentKeyword$_verifyTextPresent_closure1.doCall(VerifyTextPresentKeyword.groovy:79)
	at com.kms.katalon.core.webui.keyword.builtin.VerifyTextPresentKeyword$_verifyTextPresent_closure1.call(VerifyTextPresentKeyword.groovy)
	at com.kms.katalon.core.webui.keyword.internal.WebUIKeywordMain.runKeyword(WebUIKeywordMain.groovy:20)
	at com.kms.katalon.core.webui.keyword.builtin.VerifyTextPresentKeyword.verifyTextPresent(VerifyTextPresentKeyword.groovy:83)
	at com.kms.katalon.core.webui.keyword.builtin.VerifyTextPresentKeyword.execute(VerifyTextPresentKeyword.groovy:68)
	at com.kms.katalon.core.keyword.internal.KeywordExecutor.executeKeywordForPlatform(KeywordExecutor.groovy:74)
	at com.kms.katalon.core.webui.keyword.WebUiBuiltInKeywords.verifyTextPresent(WebUiBuiltInKeywords.groovy:1723)
	at com.kms.katalon.core.webui.keyword.WebUiBuiltInKeywords$verifyTextPresent$6.call(Unknown Source)
	at FEINmismatchError.run(FEINmismatchError:183)
	at com.kms.katalon.core.main.ScriptEngine.run(ScriptEngine.java:194)
	at com.kms.katalon.core.main.ScriptEngine.runScriptAsRawText(ScriptEngine.java:119)
	at com.kms.katalon.core.main.TestCaseExecutor.runScript(TestCaseExecutor.java:448)
	at com.kms.katalon.core.main.TestCaseExecutor.doExecute(TestCaseExecutor.java:439)
	at com.kms.katalon.core.main.TestCaseExecutor.processExecutionPhase(TestCaseExecutor.java:418)
	at com.kms.katalon.core.main.TestCaseExecutor.accessMainPhase(TestCaseExecutor.java:410)
	at com.kms.katalon.core.main.TestCaseExecutor.execute(TestCaseExecutor.java:285)
	at com.kms.katalon.core.common.CommonExecutor.accessTestCaseMainPhase(CommonExecutor.java:65)
	at com.kms.katalon.core.main.TestSuiteExecutor.accessTestSuiteMainPhase(TestSuiteExecutor.java:148)
	at com.kms.katalon.core.main.TestSuiteExecutor.execute(TestSuiteExecutor.java:106)
	at com.kms.katalon.core.main.TestCaseMain.startTestSuite(TestCaseMain.java:187)
	at com.kms.katalon.core.main.TestCaseMain$startTestSuite$0.call(Unknown Source)
	at TempTestSuite1705202981112.run(TempTestSuite1705202981112.groovy:36)
)

2024-01-13 22:32:36 - [MESSAGE][FAILED] - Text 'The FEIN and Re-type FEIN do not match' is not present on page  using regular expression (Root cause: com.kms.katalon.core.exception.StepFailedException: Text 'The FEIN and Re-type FEIN do not match' is not present on page  using regular expression
	at com.kms.katalon.core.webui.keyword.internal.WebUIKeywordMain.stepFailed(WebUIKeywordMain.groovy:64)
	at com.kms.katalon.core.webui.keyword.builtin.VerifyTextPresentKeyword$_verifyTextPresent_closure1.doCall(VerifyTextPresentKeyword.groovy:79)
	at com.kms.katalon.core.webui.keyword.builtin.VerifyTextPresentKeyword$_verifyTextPresent_closure1.call(VerifyTextPresentKeyword.groovy)
	at com.kms.katalon.core.webui.keyword.internal.WebUIKeywordMain.runKeyword(WebUIKeywordMain.groovy:20)
	at com.kms.katalon.core.webui.keyword.builtin.VerifyTextPresentKeyword.verifyTextPresent(VerifyTextPresentKeyword.groovy:83)
	at com.kms.katalon.core.webui.keyword.builtin.VerifyTextPresentKeyword.execute(VerifyTextPresentKeyword.groovy:68)
	at com.kms.katalon.core.keyword.internal.KeywordExecutor.executeKeywordForPlatform(KeywordExecutor.groovy:74)
	at com.kms.katalon.core.webui.keyword.WebUiBuiltInKeywords.verifyTextPresent(WebUiBuiltInKeywords.groovy:1723)
	at com.kms.katalon.core.webui.keyword.WebUiBuiltInKeywords$verifyTextPresent$6.call(Unknown Source)
	at FEINmismatchError.run(FEINmismatchError:183)
	at com.kms.katalon.core.main.ScriptEngine.run(ScriptEngine.java:194)
	at com.kms.katalon.core.main.ScriptEngine.runScriptAsRawText(ScriptEngine.java:119)
	at com.kms.katalon.core.main.TestCaseExecutor.runScript(TestCaseExecutor.java:448)
	at com.kms.katalon.core.main.TestCaseExecutor.doExecute(TestCaseExecutor.java:439)
	at com.kms.katalon.core.main.TestCaseExecutor.processExecutionPhase(TestCaseExecutor.java:418)
	at com.kms.katalon.core.main.TestCaseExecutor.accessMainPhase(TestCaseExecutor.java:410)
	at com.kms.katalon.core.main.TestCaseExecutor.execute(TestCaseExecutor.java:285)
	at com.kms.katalon.core.common.CommonExecutor.accessTestCaseMainPhase(CommonExecutor.java:65)
	at com.kms.katalon.core.main.TestSuiteExecutor.accessTestSuiteMainPhase(TestSuiteExecutor.java:148)
	at com.kms.katalon.core.main.TestSuiteExecutor.execute(TestSuiteExecutor.java:106)
	at com.kms.katalon.core.main.TestCaseMain.startTestSuite(TestCaseMain.java:187)
	at com.kms.katalon.core.main.TestCaseMain$startTestSuite$0.call(Unknown Source)
	at TempTestSuite1705202981112.run(TempTestSuite1705202981112.groovy:36)
)

2024-01-13 22:32:36 - [TEST_STEP][PASSED] - else: pages.WriteExcel.demoKey is PASSED

2024-01-13 22:32:36 - [TEST_STEP][PASSED] - println("Error Message is NOT present on the page"): null

2024-01-13 22:32:36 - [TEST_STEP][PASSED] - out.println("Fail Record Number: " + row): null

2024-01-13 22:32:36 - [TEST_STEP][PASSED] - resText = "Fail": null

2024-01-13 22:32:36 - [TEST_STEP][PASSED] - pages.WriteExcel.demoKey(resText, datText, resColumn, datCloumn, fileLoc, nameSheet, row): pages.WriteExcel.demoKey is PASSED

2024-01-13 22:32:36 - [MESSAGE][PASSED] - pages.WriteExcel.demoKey is PASSED

2024-01-13 22:32:36 - [TEST_STEP][PASSED] - ExecuteTC = findTestData(dataFile).getValue("Execute", row): null

2024-01-13 22:32:36 - [TEST_STEP][PASSED] - Taxtype = findTestData(dataFile).getValue("TaxType", row): null

2024-01-13 22:32:36 - [TEST_STEP][PASSED] - Paymenttype = findTestData(dataFile).getValue("PaymentType", row): null

2024-01-13 22:32:36 - [TEST_STEP][PASSED] - out.println("Value of Execute is : " + ExecuteTC): null

2024-01-13 22:32:36 - [TEST_STEP][PASSED] - if (ExecuteTC.equalsIgnoreCase("Y")): null

2024-01-13 22:32:36 - [TEST_STEP][PASSED] - out.println("Begin Record Number: " + row): null

2024-01-13 22:32:36 - [TEST_STEP][PASSED] - today = new java.util.Date(): null

2024-01-13 22:32:36 - [TEST_STEP][PASSED] - println(today): null

2024-01-13 22:32:36 - [TEST_STEP][PASSED] - datText = today: null

2024-01-13 22:32:36 - [TEST_STEP][PASSED] - Taxtype = findTestData(dataFile).getValue("TaxType", row): null

2024-01-13 22:32:36 - [TEST_STEP][PASSED] - out.println("Taxtype value is : " + Taxtype): null

2024-01-13 22:32:36 - [TEST_STEP][PASSED] - openBrowser(""): Browser is opened with url: ''

2024-01-13 22:32:36 - [MESSAGE][WARNING] - A browser is already opened. Closing browser and opening a new one

2024-01-13 22:32:37 - [MESSAGE][INFO] - Starting 'Chrome' driver

2024-01-13 22:32:37 - [MESSAGE][INFO] - User set preference: ['acceptInsecureCerts', 'true']

2024-01-13 22:32:37 - [MESSAGE][INFO] - Action delay is set to 0 milliseconds

2024-01-13 22:32:38 - [MESSAGE][PASSED] - Browser is opened with url: ''

2024-01-13 22:32:38 - [TEST_STEP][PASSED] - maximizeWindow(): Current window maximized

2024-01-13 22:32:38 - [MESSAGE][PASSED] - Current window maximized

2024-01-13 22:32:38 - [TEST_STEP][PASSED] - navigateToUrl(RADurl): Navigate to 'https://qa2.velocitypayment.com/client/rad/index.html' successfully

2024-01-13 22:32:40 - [MESSAGE][PASSED] - Navigate to 'https://qa2.velocitypayment.com/client/rad/index.html' successfully

2024-01-13 22:32:40 - [TEST_STEP][PASSED] - orPath_Landing = "Object Repository/RAD_Pages/Landing_Page": null

2024-01-13 22:32:40 - [TEST_STEP][PASSED] - orPath_TaxTypeFilingYear = "Object Repository/RAD_Pages/TaxTypeFilingYear_Page": null

2024-01-13 22:32:40 - [TEST_STEP][PASSED] - orPath_TaxPayer = "Object Repository/RAD_Pages/Taxpayer_Page": null

2024-01-13 22:32:40 - [TEST_STEP][PASSED] - orPath_AddressContact = "Object Repository/RAD_Pages/AddressAndContactInfo_Page": null

2024-01-13 22:32:40 - [TEST_STEP][PASSED] - orPath_FilingStatus = "Object Repository/RAD_Pages/FilingStatus_Page": null

2024-01-13 22:32:40 - [TEST_STEP][PASSED] - orPath_Amount = "Object Repository/RAD_Pages/PaymentAmount_Page": null

2024-01-13 22:32:40 - [TEST_STEP][PASSED] - orPath_TaxInfo = "Object Repository/RAD_Pages/TaxInfo_Page": null

2024-01-13 22:32:40 - [TEST_STEP][PASSED] - orPath_Withholding = "Object Repository/RAD_Pages/Withholding_Page": null

2024-01-13 22:32:40 - [TEST_STEP][PASSED] - orPath_Summary = "Object Repository/RAD_Pages/Summary_Page": null

2024-01-13 22:32:40 - [TEST_STEP][PASSED] - orPath_PaymentReady = "Object Repository/RAD_Pages/PaymentReady_Page": null

2024-01-13 22:32:40 - [TEST_STEP][PASSED] - orPath_PaymentEntry = "Object Repository/RAD_Pages/PaymentEntry_Page": null

2024-01-13 22:32:40 - [TEST_STEP][PASSED] - orPath_PaymentConfirmation = "Object Repository/RAD_Pages/PaymentConfirmation_Page": null

2024-01-13 22:32:40 - [TEST_STEP][PASSED] - orPath_ServiceFeesAccept = "Object Repository/RAD_Pages/ServiceFeeAccept_Page": null

2024-01-13 22:32:40 - [TEST_STEP][PASSED] - selectOptionByLabel(findTestObject(orPath_Landing + "/dd_TaxType"), Paymenttype, false): All options with label 'Existing Liability w/Notice Number' are selected in object 'Object Repository/RAD_Pages/Landing_Page/dd_TaxType' 

2024-01-13 22:32:40 - [MESSAGE][PASSED] - All options with label 'Existing Liability w/Notice Number' are selected in object 'Object Repository/RAD_Pages/Landing_Page/dd_TaxType' 

2024-01-13 22:32:40 - [TEST_STEP][PASSED] - delay(1): Delayed 1 second(s)

2024-01-13 22:32:41 - [MESSAGE][PASSED] - Delayed 1 second(s)

2024-01-13 22:32:41 - [TEST_STEP][PASSED] - switch (Paymenttype): null

2024-01-13 22:32:41 - [TEST_STEP][PASSED] - case "Existing Liability w/Notice Number":: null

2024-01-13 22:32:41 - [TEST_STEP][PASSED] - selectOptionByLabel(findTestObject(orPath_TaxTypeFilingYear + "/select_TaxType_ExistingLiability"), Taxtype, false): All options with label 'Transportation Network Services' are selected in object 'Object Repository/RAD_Pages/TaxTypeFilingYear_Page/select_TaxType_ExistingLiability' 

2024-01-13 22:32:42 - [MESSAGE][PASSED] - All options with label 'Transportation Network Services' are selected in object 'Object Repository/RAD_Pages/TaxTypeFilingYear_Page/select_TaxType_ExistingLiability' 

2024-01-13 22:32:42 - [TEST_STEP][PASSED] - break: null

2024-01-13 22:32:42 - [TEST_STEP][PASSED] - delay(1): Delayed 1 second(s)

2024-01-13 22:32:43 - [MESSAGE][PASSED] - Delayed 1 second(s)

2024-01-13 22:32:43 - [TEST_STEP][PASSED] - scrollToElement(findTestObject(orPath_Amount + "/input__paymentAmount"), 2, CONTINUE_ON_FAILURE): Scroll to object 'Object Repository/RAD_Pages/PaymentAmount_Page/input__paymentAmount' successfully

2024-01-13 22:32:43 - [MESSAGE][PASSED] - Scroll to object 'Object Repository/RAD_Pages/PaymentAmount_Page/input__paymentAmount' successfully

2024-01-13 22:32:43 - [TEST_STEP][PASSED] - switch (Paymenttype): null

2024-01-13 22:32:43 - [TEST_STEP][PASSED] - case "Existing Liability w/Notice Number":: null

2024-01-13 22:32:43 - [TEST_STEP][PASSED] - setEncryptedText(findTestObject("Object Repository/RAD_RecordAndPlay/input_Existing_FEIN"), "RigbBhfdqODKcAsiUrg+1Q=="): Text ****** has been set on object 'Object Repository/RAD_RecordAndPlay/input_Existing_FEIN'

2024-01-13 22:32:44 - [MESSAGE][PASSED] - Text ****** has been set on object 'Object Repository/RAD_RecordAndPlay/input_Existing_FEIN'

2024-01-13 22:32:44 - [TEST_STEP][PASSED] - setEncryptedText(findTestObject("Object Repository/RAD_RecordAndPlay/input_Existing_RetypeFEIN"), "RigbBhfdqOBBGbZqm4oFJQ=="): Text ****** has been set on object 'Object Repository/RAD_RecordAndPlay/input_Existing_RetypeFEIN'

2024-01-13 22:32:45 - [MESSAGE][PASSED] - Text ****** has been set on object 'Object Repository/RAD_RecordAndPlay/input_Existing_RetypeFEIN'

2024-01-13 22:32:45 - [TEST_STEP][PASSED] - break: null

2024-01-13 22:32:45 - [TEST_STEP][PASSED] - setText(findTestObject(orPath_Amount + "/input__paymentAmount"), ""): Text '' is set on object 'Object Repository/RAD_Pages/PaymentAmount_Page/input__paymentAmount'

2024-01-13 22:32:45 - [MESSAGE][PASSED] - Text '' is set on object 'Object Repository/RAD_Pages/PaymentAmount_Page/input__paymentAmount'

2024-01-13 22:32:45 - [TEST_STEP][PASSED] - verifyTextPresent("The FEIN and Re-type FEIN do not match", true): Text 'The FEIN and Re-type FEIN do not match' is present on page  using regular expression

2024-01-13 22:32:46 - [MESSAGE][PASSED] - Text 'The FEIN and Re-type FEIN do not match' is present on page  using regular expression

2024-01-13 22:32:46 - [TEST_STEP][PASSED] - if (verifyTextPresent("The FEIN and Re-type FEIN do not match", true)): null

2024-01-13 22:32:46 - [MESSAGE][PASSED] - Text 'The FEIN and Re-type FEIN do not match' is present on page  using regular expression

2024-01-13 22:32:46 - [TEST_STEP][PASSED] - println("Error Message is present on the page"): null

2024-01-13 22:32:46 - [TEST_STEP][PASSED] - out.println("Pass Record Number: " + row): null

2024-01-13 22:32:46 - [TEST_STEP][PASSED] - resText = "Pass": null

2024-01-13 22:32:46 - [TEST_STEP][PASSED] - pages.WriteExcel.demoKey(resText, datText, resColumn, datCloumn, fileLoc, nameSheet, row): pages.WriteExcel.demoKey is PASSED

2024-01-13 22:32:46 - [MESSAGE][PASSED] - pages.WriteExcel.demoKey is PASSED

2024-01-13 22:32:46 - [TEST_STEP][PASSED] - ExecuteTC = findTestData(dataFile).getValue("Execute", row): null

2024-01-13 22:32:46 - [TEST_STEP][PASSED] - Taxtype = findTestData(dataFile).getValue("TaxType", row): null

2024-01-13 22:32:46 - [TEST_STEP][PASSED] - Paymenttype = findTestData(dataFile).getValue("PaymentType", row): null

2024-01-13 22:32:47 - [TEST_STEP][PASSED] - out.println("Value of Execute is : " + ExecuteTC): null

2024-01-13 22:32:47 - [TEST_STEP][PASSED] - if (ExecuteTC.equalsIgnoreCase("Y")): null

2024-01-13 22:32:47 - [TEST_STEP][PASSED] - out.println("Begin Record Number: " + row): null

2024-01-13 22:32:47 - [TEST_STEP][PASSED] - today = new java.util.Date(): null

2024-01-13 22:32:47 - [TEST_STEP][PASSED] - println(today): null

2024-01-13 22:32:47 - [TEST_STEP][PASSED] - datText = today: null

2024-01-13 22:32:47 - [TEST_STEP][PASSED] - Taxtype = findTestData(dataFile).getValue("TaxType", row): null

2024-01-13 22:32:47 - [TEST_STEP][PASSED] - out.println("Taxtype value is : " + Taxtype): null

2024-01-13 22:32:47 - [TEST_STEP][PASSED] - openBrowser(""): Browser is opened with url: ''

2024-01-13 22:32:47 - [MESSAGE][WARNING] - A browser is already opened. Closing browser and opening a new one

2024-01-13 22:32:47 - [MESSAGE][INFO] - Starting 'Chrome' driver

2024-01-13 22:32:47 - [MESSAGE][INFO] - User set preference: ['acceptInsecureCerts', 'true']

2024-01-13 22:32:48 - [MESSAGE][INFO] - Action delay is set to 0 milliseconds

2024-01-13 22:32:49 - [MESSAGE][PASSED] - Browser is opened with url: ''

2024-01-13 22:32:49 - [TEST_STEP][PASSED] - maximizeWindow(): Current window maximized

2024-01-13 22:32:49 - [MESSAGE][PASSED] - Current window maximized

2024-01-13 22:32:49 - [TEST_STEP][PASSED] - navigateToUrl(RADurl): Navigate to 'https://qa2.velocitypayment.com/client/rad/index.html' successfully

2024-01-13 22:32:51 - [MESSAGE][PASSED] - Navigate to 'https://qa2.velocitypayment.com/client/rad/index.html' successfully

2024-01-13 22:32:51 - [TEST_STEP][PASSED] - orPath_Landing = "Object Repository/RAD_Pages/Landing_Page": null

2024-01-13 22:32:51 - [TEST_STEP][PASSED] - orPath_TaxTypeFilingYear = "Object Repository/RAD_Pages/TaxTypeFilingYear_Page": null

2024-01-13 22:32:51 - [TEST_STEP][PASSED] - orPath_TaxPayer = "Object Repository/RAD_Pages/Taxpayer_Page": null

2024-01-13 22:32:51 - [TEST_STEP][PASSED] - orPath_AddressContact = "Object Repository/RAD_Pages/AddressAndContactInfo_Page": null

2024-01-13 22:32:51 - [TEST_STEP][PASSED] - orPath_FilingStatus = "Object Repository/RAD_Pages/FilingStatus_Page": null

2024-01-13 22:32:51 - [TEST_STEP][PASSED] - orPath_Amount = "Object Repository/RAD_Pages/PaymentAmount_Page": null

2024-01-13 22:32:51 - [TEST_STEP][PASSED] - orPath_TaxInfo = "Object Repository/RAD_Pages/TaxInfo_Page": null

2024-01-13 22:32:51 - [TEST_STEP][PASSED] - orPath_Withholding = "Object Repository/RAD_Pages/Withholding_Page": null

2024-01-13 22:32:51 - [TEST_STEP][PASSED] - orPath_Summary = "Object Repository/RAD_Pages/Summary_Page": null

2024-01-13 22:32:51 - [TEST_STEP][PASSED] - orPath_PaymentReady = "Object Repository/RAD_Pages/PaymentReady_Page": null

2024-01-13 22:32:51 - [TEST_STEP][PASSED] - orPath_PaymentEntry = "Object Repository/RAD_Pages/PaymentEntry_Page": null

2024-01-13 22:32:51 - [TEST_STEP][PASSED] - orPath_PaymentConfirmation = "Object Repository/RAD_Pages/PaymentConfirmation_Page": null

2024-01-13 22:32:51 - [TEST_STEP][PASSED] - orPath_ServiceFeesAccept = "Object Repository/RAD_Pages/ServiceFeeAccept_Page": null

2024-01-13 22:32:51 - [TEST_STEP][PASSED] - selectOptionByLabel(findTestObject(orPath_Landing + "/dd_TaxType"), Paymenttype, false): All options with label 'Existing Liability w/Notice Number' are selected in object 'Object Repository/RAD_Pages/Landing_Page/dd_TaxType' 

2024-01-13 22:32:51 - [MESSAGE][PASSED] - All options with label 'Existing Liability w/Notice Number' are selected in object 'Object Repository/RAD_Pages/Landing_Page/dd_TaxType' 

2024-01-13 22:32:51 - [TEST_STEP][PASSED] - delay(1): Delayed 1 second(s)

2024-01-13 22:32:52 - [MESSAGE][PASSED] - Delayed 1 second(s)

2024-01-13 22:32:52 - [TEST_STEP][PASSED] - switch (Paymenttype): null

2024-01-13 22:32:52 - [TEST_STEP][PASSED] - case "Existing Liability w/Notice Number":: null

2024-01-13 22:32:52 - [TEST_STEP][PASSED] - selectOptionByLabel(findTestObject(orPath_TaxTypeFilingYear + "/select_TaxType_ExistingLiability"), Taxtype, false): All options with label 'Unclaimed Property' are selected in object 'Object Repository/RAD_Pages/TaxTypeFilingYear_Page/select_TaxType_ExistingLiability' 

2024-01-13 22:32:53 - [MESSAGE][PASSED] - All options with label 'Unclaimed Property' are selected in object 'Object Repository/RAD_Pages/TaxTypeFilingYear_Page/select_TaxType_ExistingLiability' 

2024-01-13 22:32:53 - [TEST_STEP][PASSED] - break: null

2024-01-13 22:32:53 - [TEST_STEP][PASSED] - delay(1): Delayed 1 second(s)

2024-01-13 22:32:54 - [MESSAGE][PASSED] - Delayed 1 second(s)

2024-01-13 22:32:54 - [TEST_STEP][PASSED] - scrollToElement(findTestObject(orPath_Amount + "/input__paymentAmount"), 2, CONTINUE_ON_FAILURE): Scroll to object 'Object Repository/RAD_Pages/PaymentAmount_Page/input__paymentAmount' successfully

2024-01-13 22:32:54 - [MESSAGE][PASSED] - Scroll to object 'Object Repository/RAD_Pages/PaymentAmount_Page/input__paymentAmount' successfully

2024-01-13 22:32:54 - [TEST_STEP][PASSED] - switch (Paymenttype): null

2024-01-13 22:32:54 - [TEST_STEP][PASSED] - case "Existing Liability w/Notice Number":: null

2024-01-13 22:32:54 - [TEST_STEP][PASSED] - setEncryptedText(findTestObject("Object Repository/RAD_RecordAndPlay/input_Existing_FEIN"), "RigbBhfdqODKcAsiUrg+1Q=="): Text ****** has been set on object 'Object Repository/RAD_RecordAndPlay/input_Existing_FEIN'

2024-01-13 22:32:55 - [MESSAGE][PASSED] - Text ****** has been set on object 'Object Repository/RAD_RecordAndPlay/input_Existing_FEIN'

2024-01-13 22:32:55 - [TEST_STEP][PASSED] - setEncryptedText(findTestObject("Object Repository/RAD_RecordAndPlay/input_Existing_RetypeFEIN"), "RigbBhfdqOBBGbZqm4oFJQ=="): Text ****** has been set on object 'Object Repository/RAD_RecordAndPlay/input_Existing_RetypeFEIN'

2024-01-13 22:32:55 - [MESSAGE][PASSED] - Text ****** has been set on object 'Object Repository/RAD_RecordAndPlay/input_Existing_RetypeFEIN'

2024-01-13 22:32:55 - [TEST_STEP][PASSED] - break: null

2024-01-13 22:32:55 - [TEST_STEP][PASSED] - setText(findTestObject(orPath_Amount + "/input__paymentAmount"), ""): Text '' is set on object 'Object Repository/RAD_Pages/PaymentAmount_Page/input__paymentAmount'

2024-01-13 22:32:56 - [MESSAGE][PASSED] - Text '' is set on object 'Object Repository/RAD_Pages/PaymentAmount_Page/input__paymentAmount'

2024-01-13 22:32:56 - [TEST_STEP][PASSED] - verifyTextPresent("The FEIN and Re-type FEIN do not match", true): Text 'The FEIN and Re-type FEIN do not match' is present on page  using regular expression

2024-01-13 22:32:57 - [MESSAGE][PASSED] - Text 'The FEIN and Re-type FEIN do not match' is present on page  using regular expression

2024-01-13 22:32:57 - [TEST_STEP][PASSED] - if (verifyTextPresent("The FEIN and Re-type FEIN do not match", true)): null

2024-01-13 22:32:57 - [MESSAGE][PASSED] - Text 'The FEIN and Re-type FEIN do not match' is present on page  using regular expression

2024-01-13 22:32:57 - [TEST_STEP][PASSED] - println("Error Message is present on the page"): null

2024-01-13 22:32:57 - [TEST_STEP][PASSED] - out.println("Pass Record Number: " + row): null

2024-01-13 22:32:57 - [TEST_STEP][PASSED] - resText = "Pass": null

2024-01-13 22:32:57 - [TEST_STEP][PASSED] - pages.WriteExcel.demoKey(resText, datText, resColumn, datCloumn, fileLoc, nameSheet, row): pages.WriteExcel.demoKey is PASSED

2024-01-13 22:32:57 - [MESSAGE][PASSED] - pages.WriteExcel.demoKey is PASSED

2024-01-13 22:32:57 - [TEST_STEP][PASSED] - ExecuteTC = findTestData(dataFile).getValue("Execute", row): null

2024-01-13 22:32:57 - [TEST_STEP][PASSED] - Taxtype = findTestData(dataFile).getValue("TaxType", row): null

2024-01-13 22:32:57 - [TEST_STEP][PASSED] - Paymenttype = findTestData(dataFile).getValue("PaymentType", row): null

2024-01-13 22:32:57 - [TEST_STEP][PASSED] - out.println("Value of Execute is : " + ExecuteTC): null

2024-01-13 22:32:57 - [TEST_STEP][PASSED] - if (ExecuteTC.equalsIgnoreCase("Y")): null

2024-01-13 22:32:57 - [TEST_STEP][PASSED] - out.println("Begin Record Number: " + row): null

2024-01-13 22:32:57 - [TEST_STEP][PASSED] - today = new java.util.Date(): null

2024-01-13 22:32:57 - [TEST_STEP][PASSED] - println(today): null

2024-01-13 22:32:57 - [TEST_STEP][PASSED] - datText = today: null

2024-01-13 22:32:57 - [TEST_STEP][PASSED] - Taxtype = findTestData(dataFile).getValue("TaxType", row): null

2024-01-13 22:32:57 - [TEST_STEP][PASSED] - out.println("Taxtype value is : " + Taxtype): null

2024-01-13 22:32:57 - [TEST_STEP][PASSED] - openBrowser(""): Browser is opened with url: ''

2024-01-13 22:32:57 - [MESSAGE][WARNING] - A browser is already opened. Closing browser and opening a new one

2024-01-13 22:32:58 - [MESSAGE][INFO] - Starting 'Chrome' driver

2024-01-13 22:32:58 - [MESSAGE][INFO] - User set preference: ['acceptInsecureCerts', 'true']

2024-01-13 22:32:58 - [MESSAGE][INFO] - Action delay is set to 0 milliseconds

2024-01-13 22:33:00 - [MESSAGE][PASSED] - Browser is opened with url: ''

2024-01-13 22:33:00 - [TEST_STEP][PASSED] - maximizeWindow(): Current window maximized

2024-01-13 22:33:00 - [MESSAGE][PASSED] - Current window maximized

2024-01-13 22:33:00 - [TEST_STEP][PASSED] - navigateToUrl(RADurl): Navigate to 'https://qa2.velocitypayment.com/client/rad/index.html' successfully

2024-01-13 22:33:00 - [MESSAGE][PASSED] - Navigate to 'https://qa2.velocitypayment.com/client/rad/index.html' successfully

2024-01-13 22:33:00 - [TEST_STEP][PASSED] - orPath_Landing = "Object Repository/RAD_Pages/Landing_Page": null

2024-01-13 22:33:00 - [TEST_STEP][PASSED] - orPath_TaxTypeFilingYear = "Object Repository/RAD_Pages/TaxTypeFilingYear_Page": null

2024-01-13 22:33:00 - [TEST_STEP][PASSED] - orPath_TaxPayer = "Object Repository/RAD_Pages/Taxpayer_Page": null

2024-01-13 22:33:00 - [TEST_STEP][PASSED] - orPath_AddressContact = "Object Repository/RAD_Pages/AddressAndContactInfo_Page": null

2024-01-13 22:33:00 - [TEST_STEP][PASSED] - orPath_FilingStatus = "Object Repository/RAD_Pages/FilingStatus_Page": null

2024-01-13 22:33:00 - [TEST_STEP][PASSED] - orPath_Amount = "Object Repository/RAD_Pages/PaymentAmount_Page": null

2024-01-13 22:33:00 - [TEST_STEP][PASSED] - orPath_TaxInfo = "Object Repository/RAD_Pages/TaxInfo_Page": null

2024-01-13 22:33:00 - [TEST_STEP][PASSED] - orPath_Withholding = "Object Repository/RAD_Pages/Withholding_Page": null

2024-01-13 22:33:00 - [TEST_STEP][PASSED] - orPath_Summary = "Object Repository/RAD_Pages/Summary_Page": null

2024-01-13 22:33:00 - [TEST_STEP][PASSED] - orPath_PaymentReady = "Object Repository/RAD_Pages/PaymentReady_Page": null

2024-01-13 22:33:00 - [TEST_STEP][PASSED] - orPath_PaymentEntry = "Object Repository/RAD_Pages/PaymentEntry_Page": null

2024-01-13 22:33:00 - [TEST_STEP][PASSED] - orPath_PaymentConfirmation = "Object Repository/RAD_Pages/PaymentConfirmation_Page": null

2024-01-13 22:33:00 - [TEST_STEP][PASSED] - orPath_ServiceFeesAccept = "Object Repository/RAD_Pages/ServiceFeeAccept_Page": null

2024-01-13 22:33:00 - [TEST_STEP][PASSED] - selectOptionByLabel(findTestObject(orPath_Landing + "/dd_TaxType"), Paymenttype, false): All options with label 'Existing Liability w/Notice Number' are selected in object 'Object Repository/RAD_Pages/Landing_Page/dd_TaxType' 

2024-01-13 22:33:02 - [MESSAGE][PASSED] - All options with label 'Existing Liability w/Notice Number' are selected in object 'Object Repository/RAD_Pages/Landing_Page/dd_TaxType' 

2024-01-13 22:33:02 - [TEST_STEP][PASSED] - delay(1): Delayed 1 second(s)

2024-01-13 22:33:03 - [MESSAGE][PASSED] - Delayed 1 second(s)

2024-01-13 22:33:03 - [TEST_STEP][PASSED] - switch (Paymenttype): null

2024-01-13 22:33:03 - [TEST_STEP][PASSED] - case "Existing Liability w/Notice Number":: null

2024-01-13 22:33:03 - [TEST_STEP][PASSED] - selectOptionByLabel(findTestObject(orPath_TaxTypeFilingYear + "/select_TaxType_ExistingLiability"), Taxtype, false): All options with label 'IFTA Tax' are selected in object 'Object Repository/RAD_Pages/TaxTypeFilingYear_Page/select_TaxType_ExistingLiability' 

2024-01-13 22:33:03 - [MESSAGE][PASSED] - All options with label 'IFTA Tax' are selected in object 'Object Repository/RAD_Pages/TaxTypeFilingYear_Page/select_TaxType_ExistingLiability' 

2024-01-13 22:33:03 - [TEST_STEP][PASSED] - break: null

2024-01-13 22:33:03 - [TEST_STEP][PASSED] - delay(1): Delayed 1 second(s)

2024-01-13 22:33:04 - [MESSAGE][PASSED] - Delayed 1 second(s)

2024-01-13 22:33:04 - [TEST_STEP][PASSED] - scrollToElement(findTestObject(orPath_Amount + "/input__paymentAmount"), 2, CONTINUE_ON_FAILURE): Scroll to object 'Object Repository/RAD_Pages/PaymentAmount_Page/input__paymentAmount' successfully

2024-01-13 22:33:05 - [MESSAGE][PASSED] - Scroll to object 'Object Repository/RAD_Pages/PaymentAmount_Page/input__paymentAmount' successfully

2024-01-13 22:33:05 - [TEST_STEP][PASSED] - switch (Paymenttype): null

2024-01-13 22:33:05 - [TEST_STEP][PASSED] - case "Existing Liability w/Notice Number":: null

2024-01-13 22:33:05 - [TEST_STEP][PASSED] - setEncryptedText(findTestObject("Object Repository/RAD_RecordAndPlay/input_Existing_FEIN"), "RigbBhfdqODKcAsiUrg+1Q=="): Text ****** has been set on object 'Object Repository/RAD_RecordAndPlay/input_Existing_FEIN'

2024-01-13 22:33:05 - [MESSAGE][PASSED] - Text ****** has been set on object 'Object Repository/RAD_RecordAndPlay/input_Existing_FEIN'

2024-01-13 22:33:05 - [TEST_STEP][PASSED] - setEncryptedText(findTestObject("Object Repository/RAD_RecordAndPlay/input_Existing_RetypeFEIN"), "RigbBhfdqOBBGbZqm4oFJQ=="): Text ****** has been set on object 'Object Repository/RAD_RecordAndPlay/input_Existing_RetypeFEIN'

2024-01-13 22:33:06 - [MESSAGE][PASSED] - Text ****** has been set on object 'Object Repository/RAD_RecordAndPlay/input_Existing_RetypeFEIN'

2024-01-13 22:33:06 - [TEST_STEP][PASSED] - break: null

2024-01-13 22:33:06 - [TEST_STEP][PASSED] - setText(findTestObject(orPath_Amount + "/input__paymentAmount"), ""): Text '' is set on object 'Object Repository/RAD_Pages/PaymentAmount_Page/input__paymentAmount'

2024-01-13 22:33:07 - [MESSAGE][PASSED] - Text '' is set on object 'Object Repository/RAD_Pages/PaymentAmount_Page/input__paymentAmount'

2024-01-13 22:33:07 - [TEST_STEP][PASSED] - verifyTextPresent("The FEIN and Re-type FEIN do not match", true): Text 'The FEIN and Re-type FEIN do not match' is present on page  using regular expression

2024-01-13 22:33:07 - [MESSAGE][PASSED] - Text 'The FEIN and Re-type FEIN do not match' is present on page  using regular expression

2024-01-13 22:33:07 - [TEST_STEP][PASSED] - if (verifyTextPresent("The FEIN and Re-type FEIN do not match", true)): null

2024-01-13 22:33:08 - [MESSAGE][PASSED] - Text 'The FEIN and Re-type FEIN do not match' is present on page  using regular expression

2024-01-13 22:33:08 - [TEST_STEP][PASSED] - println("Error Message is present on the page"): null

2024-01-13 22:33:08 - [TEST_STEP][PASSED] - out.println("Pass Record Number: " + row): null

2024-01-13 22:33:08 - [TEST_STEP][PASSED] - resText = "Pass": null

2024-01-13 22:33:08 - [TEST_STEP][PASSED] - pages.WriteExcel.demoKey(resText, datText, resColumn, datCloumn, fileLoc, nameSheet, row): pages.WriteExcel.demoKey is PASSED

2024-01-13 22:33:08 - [MESSAGE][PASSED] - pages.WriteExcel.demoKey is PASSED

2024-01-13 22:33:08 - [TEST_STEP][PASSED] - ExecuteTC = findTestData(dataFile).getValue("Execute", row): null

2024-01-13 22:33:08 - [TEST_STEP][PASSED] - Taxtype = findTestData(dataFile).getValue("TaxType", row): null

2024-01-13 22:33:08 - [TEST_STEP][PASSED] - Paymenttype = findTestData(dataFile).getValue("PaymentType", row): null

2024-01-13 22:33:08 - [TEST_STEP][PASSED] - out.println("Value of Execute is : " + ExecuteTC): null

2024-01-13 22:33:08 - [TEST_STEP][PASSED] - if (ExecuteTC.equalsIgnoreCase("Y")): null

2024-01-13 22:33:08 - [TEST_STEP][PASSED] - out.println("Begin Record Number: " + row): null

2024-01-13 22:33:08 - [TEST_STEP][PASSED] - today = new java.util.Date(): null

2024-01-13 22:33:08 - [TEST_STEP][PASSED] - println(today): null

2024-01-13 22:33:08 - [TEST_STEP][PASSED] - datText = today: null

2024-01-13 22:33:08 - [TEST_STEP][PASSED] - Taxtype = findTestData(dataFile).getValue("TaxType", row): null

2024-01-13 22:33:08 - [TEST_STEP][PASSED] - out.println("Taxtype value is : " + Taxtype): null

2024-01-13 22:33:08 - [TEST_STEP][PASSED] - openBrowser(""): Browser is opened with url: ''

2024-01-13 22:33:08 - [MESSAGE][WARNING] - A browser is already opened. Closing browser and opening a new one

2024-01-13 22:33:09 - [MESSAGE][INFO] - Starting 'Chrome' driver

2024-01-13 22:33:09 - [MESSAGE][INFO] - User set preference: ['acceptInsecureCerts', 'true']

2024-01-13 22:33:09 - [MESSAGE][INFO] - Action delay is set to 0 milliseconds

2024-01-13 22:33:10 - [MESSAGE][PASSED] - Browser is opened with url: ''

2024-01-13 22:33:10 - [TEST_STEP][PASSED] - maximizeWindow(): Current window maximized

2024-01-13 22:33:10 - [MESSAGE][PASSED] - Current window maximized

2024-01-13 22:33:10 - [TEST_STEP][PASSED] - navigateToUrl(RADurl): Navigate to 'https://qa2.velocitypayment.com/client/rad/index.html' successfully

2024-01-13 22:33:12 - [MESSAGE][PASSED] - Navigate to 'https://qa2.velocitypayment.com/client/rad/index.html' successfully

2024-01-13 22:33:12 - [TEST_STEP][PASSED] - orPath_Landing = "Object Repository/RAD_Pages/Landing_Page": null

2024-01-13 22:33:12 - [TEST_STEP][PASSED] - orPath_TaxTypeFilingYear = "Object Repository/RAD_Pages/TaxTypeFilingYear_Page": null

2024-01-13 22:33:12 - [TEST_STEP][PASSED] - orPath_TaxPayer = "Object Repository/RAD_Pages/Taxpayer_Page": null

2024-01-13 22:33:12 - [TEST_STEP][PASSED] - orPath_AddressContact = "Object Repository/RAD_Pages/AddressAndContactInfo_Page": null

2024-01-13 22:33:12 - [TEST_STEP][PASSED] - orPath_FilingStatus = "Object Repository/RAD_Pages/FilingStatus_Page": null

2024-01-13 22:33:12 - [TEST_STEP][PASSED] - orPath_Amount = "Object Repository/RAD_Pages/PaymentAmount_Page": null

2024-01-13 22:33:12 - [TEST_STEP][PASSED] - orPath_TaxInfo = "Object Repository/RAD_Pages/TaxInfo_Page": null

2024-01-13 22:33:12 - [TEST_STEP][PASSED] - orPath_Withholding = "Object Repository/RAD_Pages/Withholding_Page": null

2024-01-13 22:33:12 - [TEST_STEP][PASSED] - orPath_Summary = "Object Repository/RAD_Pages/Summary_Page": null

2024-01-13 22:33:12 - [TEST_STEP][PASSED] - orPath_PaymentReady = "Object Repository/RAD_Pages/PaymentReady_Page": null

2024-01-13 22:33:12 - [TEST_STEP][PASSED] - orPath_PaymentEntry = "Object Repository/RAD_Pages/PaymentEntry_Page": null

2024-01-13 22:33:12 - [TEST_STEP][PASSED] - orPath_PaymentConfirmation = "Object Repository/RAD_Pages/PaymentConfirmation_Page": null

2024-01-13 22:33:12 - [TEST_STEP][PASSED] - orPath_ServiceFeesAccept = "Object Repository/RAD_Pages/ServiceFeeAccept_Page": null

2024-01-13 22:33:12 - [TEST_STEP][PASSED] - selectOptionByLabel(findTestObject(orPath_Landing + "/dd_TaxType"), Paymenttype, false): All options with label 'New Tax Return Amount Due' are selected in object 'Object Repository/RAD_Pages/Landing_Page/dd_TaxType' 

2024-01-13 22:33:13 - [MESSAGE][PASSED] - All options with label 'New Tax Return Amount Due' are selected in object 'Object Repository/RAD_Pages/Landing_Page/dd_TaxType' 

2024-01-13 22:33:13 - [TEST_STEP][PASSED] - delay(1): Delayed 1 second(s)

2024-01-13 22:33:14 - [MESSAGE][PASSED] - Delayed 1 second(s)

2024-01-13 22:33:14 - [TEST_STEP][PASSED] - switch (Paymenttype): null

2024-01-13 22:33:14 - [TEST_STEP][PASSED] - case "New Tax Return Amount Due":: null

2024-01-13 22:33:14 - [TEST_STEP][PASSED] - selectOptionByLabel(findTestObject("Object Repository/RAD_Pages/Landing_Page/select_NewTaxReturnAmountDue_TaxType"), Taxtype, false): All options with label 'Admissions and Amusement Tax' are selected in object 'Object Repository/RAD_Pages/Landing_Page/select_NewTaxReturnAmountDue_TaxType' 

2024-01-13 22:33:14 - [MESSAGE][PASSED] - All options with label 'Admissions and Amusement Tax' are selected in object 'Object Repository/RAD_Pages/Landing_Page/select_NewTaxReturnAmountDue_TaxType' 

2024-01-13 22:33:14 - [TEST_STEP][PASSED] - break: null

2024-01-13 22:33:14 - [TEST_STEP][PASSED] - delay(1): Delayed 1 second(s)

2024-01-13 22:33:15 - [MESSAGE][PASSED] - Delayed 1 second(s)

2024-01-13 22:33:15 - [TEST_STEP][PASSED] - scrollToElement(findTestObject(orPath_Amount + "/input__paymentAmount"), 2, CONTINUE_ON_FAILURE): Scroll to object 'Object Repository/RAD_Pages/PaymentAmount_Page/input__paymentAmount' successfully

2024-01-13 22:33:15 - [MESSAGE][PASSED] - Scroll to object 'Object Repository/RAD_Pages/PaymentAmount_Page/input__paymentAmount' successfully

2024-01-13 22:33:15 - [TEST_STEP][PASSED] - switch (Paymenttype): null

2024-01-13 22:33:15 - [TEST_STEP][PASSED] - case "New Tax Return Amount Due":: null

2024-01-13 22:33:15 - [TEST_STEP][PASSED] - setEncryptedText(findTestObject(orPath_TaxInfo + "/input_FederalEIN-2"), "RigbBhfdqODKcAsiUrg+1Q=="): Text ****** has been set on object 'Object Repository/RAD_Pages/TaxInfo_Page/input_FederalEIN-2'

2024-01-13 22:33:16 - [MESSAGE][PASSED] - Text ****** has been set on object 'Object Repository/RAD_Pages/TaxInfo_Page/input_FederalEIN-2'

2024-01-13 22:33:16 - [TEST_STEP][PASSED] - setEncryptedText(findTestObject(orPath_TaxInfo + "/input_FederalEIN_ReEnter-2"), "RigbBhfdqOBBGbZqm4oFJQ=="): Text ****** has been set on object 'Object Repository/RAD_Pages/TaxInfo_Page/input_FederalEIN_ReEnter-2'

2024-01-13 22:33:17 - [MESSAGE][PASSED] - Text ****** has been set on object 'Object Repository/RAD_Pages/TaxInfo_Page/input_FederalEIN_ReEnter-2'

2024-01-13 22:33:17 - [TEST_STEP][PASSED] - break: null

2024-01-13 22:33:17 - [TEST_STEP][PASSED] - setText(findTestObject(orPath_Amount + "/input__paymentAmount"), ""): Text '' is set on object 'Object Repository/RAD_Pages/PaymentAmount_Page/input__paymentAmount'

2024-01-13 22:33:17 - [MESSAGE][PASSED] - Text '' is set on object 'Object Repository/RAD_Pages/PaymentAmount_Page/input__paymentAmount'

2024-01-13 22:33:17 - [TEST_STEP][PASSED] - verifyTextPresent("The FEIN and Re-type FEIN do not match", true): Text 'The FEIN and Re-type FEIN do not match' is present on page  using regular expression

2024-01-13 22:33:18 - [MESSAGE][PASSED] - Text 'The FEIN and Re-type FEIN do not match' is present on page  using regular expression

2024-01-13 22:33:18 - [TEST_STEP][PASSED] - if (verifyTextPresent("The FEIN and Re-type FEIN do not match", true)): null

2024-01-13 22:33:18 - [MESSAGE][PASSED] - Text 'The FEIN and Re-type FEIN do not match' is present on page  using regular expression

2024-01-13 22:33:18 - [TEST_STEP][PASSED] - println("Error Message is present on the page"): null

2024-01-13 22:33:18 - [TEST_STEP][PASSED] - out.println("Pass Record Number: " + row): null

2024-01-13 22:33:18 - [TEST_STEP][PASSED] - resText = "Pass": null

2024-01-13 22:33:18 - [TEST_STEP][PASSED] - pages.WriteExcel.demoKey(resText, datText, resColumn, datCloumn, fileLoc, nameSheet, row): pages.WriteExcel.demoKey is PASSED

2024-01-13 22:33:18 - [MESSAGE][PASSED] - pages.WriteExcel.demoKey is PASSED

2024-01-13 22:33:18 - [TEST_STEP][PASSED] - ExecuteTC = findTestData(dataFile).getValue("Execute", row): null

2024-01-13 22:33:19 - [TEST_STEP][PASSED] - Taxtype = findTestData(dataFile).getValue("TaxType", row): null

2024-01-13 22:33:19 - [TEST_STEP][PASSED] - Paymenttype = findTestData(dataFile).getValue("PaymentType", row): null

2024-01-13 22:33:19 - [TEST_STEP][PASSED] - out.println("Value of Execute is : " + ExecuteTC): null

2024-01-13 22:33:19 - [TEST_STEP][PASSED] - if (ExecuteTC.equalsIgnoreCase("Y")): null

2024-01-13 22:33:19 - [TEST_STEP][PASSED] - out.println("Begin Record Number: " + row): null

2024-01-13 22:33:19 - [TEST_STEP][PASSED] - today = new java.util.Date(): null

2024-01-13 22:33:19 - [TEST_STEP][PASSED] - println(today): null

2024-01-13 22:33:19 - [TEST_STEP][PASSED] - datText = today: null

2024-01-13 22:33:19 - [TEST_STEP][PASSED] - Taxtype = findTestData(dataFile).getValue("TaxType", row): null

2024-01-13 22:33:19 - [TEST_STEP][PASSED] - out.println("Taxtype value is : " + Taxtype): null

2024-01-13 22:33:19 - [TEST_STEP][PASSED] - openBrowser(""): Browser is opened with url: ''

2024-01-13 22:33:19 - [MESSAGE][WARNING] - A browser is already opened. Closing browser and opening a new one

2024-01-13 22:33:20 - [MESSAGE][INFO] - Starting 'Chrome' driver

2024-01-13 22:33:20 - [MESSAGE][INFO] - User set preference: ['acceptInsecureCerts', 'true']

2024-01-13 22:33:20 - [MESSAGE][INFO] - Action delay is set to 0 milliseconds

2024-01-13 22:33:21 - [MESSAGE][PASSED] - Browser is opened with url: ''

2024-01-13 22:33:21 - [TEST_STEP][PASSED] - maximizeWindow(): Current window maximized

2024-01-13 22:33:21 - [MESSAGE][PASSED] - Current window maximized

2024-01-13 22:33:21 - [TEST_STEP][PASSED] - navigateToUrl(RADurl): Navigate to 'https://qa2.velocitypayment.com/client/rad/index.html' successfully

2024-01-13 22:33:23 - [MESSAGE][PASSED] - Navigate to 'https://qa2.velocitypayment.com/client/rad/index.html' successfully

2024-01-13 22:33:23 - [TEST_STEP][PASSED] - orPath_Landing = "Object Repository/RAD_Pages/Landing_Page": null

2024-01-13 22:33:23 - [TEST_STEP][PASSED] - orPath_TaxTypeFilingYear = "Object Repository/RAD_Pages/TaxTypeFilingYear_Page": null

2024-01-13 22:33:23 - [TEST_STEP][PASSED] - orPath_TaxPayer = "Object Repository/RAD_Pages/Taxpayer_Page": null

2024-01-13 22:33:23 - [TEST_STEP][PASSED] - orPath_AddressContact = "Object Repository/RAD_Pages/AddressAndContactInfo_Page": null

2024-01-13 22:33:23 - [TEST_STEP][PASSED] - orPath_FilingStatus = "Object Repository/RAD_Pages/FilingStatus_Page": null

2024-01-13 22:33:23 - [TEST_STEP][PASSED] - orPath_Amount = "Object Repository/RAD_Pages/PaymentAmount_Page": null

2024-01-13 22:33:23 - [TEST_STEP][PASSED] - orPath_TaxInfo = "Object Repository/RAD_Pages/TaxInfo_Page": null

2024-01-13 22:33:23 - [TEST_STEP][PASSED] - orPath_Withholding = "Object Repository/RAD_Pages/Withholding_Page": null

2024-01-13 22:33:23 - [TEST_STEP][PASSED] - orPath_Summary = "Object Repository/RAD_Pages/Summary_Page": null

2024-01-13 22:33:23 - [TEST_STEP][PASSED] - orPath_PaymentReady = "Object Repository/RAD_Pages/PaymentReady_Page": null

2024-01-13 22:33:23 - [TEST_STEP][PASSED] - orPath_PaymentEntry = "Object Repository/RAD_Pages/PaymentEntry_Page": null

2024-01-13 22:33:23 - [TEST_STEP][PASSED] - orPath_PaymentConfirmation = "Object Repository/RAD_Pages/PaymentConfirmation_Page": null

2024-01-13 22:33:23 - [TEST_STEP][PASSED] - orPath_ServiceFeesAccept = "Object Repository/RAD_Pages/ServiceFeeAccept_Page": null

2024-01-13 22:33:23 - [TEST_STEP][PASSED] - selectOptionByLabel(findTestObject(orPath_Landing + "/dd_TaxType"), Paymenttype, false): All options with label 'New Tax Return Amount Due' are selected in object 'Object Repository/RAD_Pages/Landing_Page/dd_TaxType' 

2024-01-13 22:33:23 - [MESSAGE][PASSED] - All options with label 'New Tax Return Amount Due' are selected in object 'Object Repository/RAD_Pages/Landing_Page/dd_TaxType' 

2024-01-13 22:33:23 - [TEST_STEP][PASSED] - delay(1): Delayed 1 second(s)

2024-01-13 22:33:24 - [MESSAGE][PASSED] - Delayed 1 second(s)

2024-01-13 22:33:24 - [TEST_STEP][PASSED] - switch (Paymenttype): null

2024-01-13 22:33:24 - [TEST_STEP][PASSED] - case "New Tax Return Amount Due":: null

2024-01-13 22:33:24 - [TEST_STEP][PASSED] - selectOptionByLabel(findTestObject("Object Repository/RAD_Pages/Landing_Page/select_NewTaxReturnAmountDue_TaxType"), Taxtype, false): All options with label 'Alcohol Tax' are selected in object 'Object Repository/RAD_Pages/Landing_Page/select_NewTaxReturnAmountDue_TaxType' 

2024-01-13 22:33:25 - [MESSAGE][PASSED] - All options with label 'Alcohol Tax' are selected in object 'Object Repository/RAD_Pages/Landing_Page/select_NewTaxReturnAmountDue_TaxType' 

2024-01-13 22:33:25 - [TEST_STEP][PASSED] - break: null

2024-01-13 22:33:25 - [TEST_STEP][PASSED] - delay(1): Delayed 1 second(s)

2024-01-13 22:33:26 - [MESSAGE][PASSED] - Delayed 1 second(s)

2024-01-13 22:33:26 - [TEST_STEP][PASSED] - scrollToElement(findTestObject(orPath_Amount + "/input__paymentAmount"), 2, CONTINUE_ON_FAILURE): Scroll to object 'Object Repository/RAD_Pages/PaymentAmount_Page/input__paymentAmount' successfully

2024-01-13 22:33:26 - [MESSAGE][PASSED] - Scroll to object 'Object Repository/RAD_Pages/PaymentAmount_Page/input__paymentAmount' successfully

2024-01-13 22:33:26 - [TEST_STEP][PASSED] - switch (Paymenttype): null

2024-01-13 22:33:26 - [TEST_STEP][PASSED] - case "New Tax Return Amount Due":: null

2024-01-13 22:33:26 - [TEST_STEP][PASSED] - setEncryptedText(findTestObject(orPath_TaxInfo + "/input_FederalEIN-2"), "RigbBhfdqODKcAsiUrg+1Q=="): Text ****** has been set on object 'Object Repository/RAD_Pages/TaxInfo_Page/input_FederalEIN-2'

2024-01-13 22:33:27 - [MESSAGE][PASSED] - Text ****** has been set on object 'Object Repository/RAD_Pages/TaxInfo_Page/input_FederalEIN-2'

2024-01-13 22:33:27 - [TEST_STEP][PASSED] - setEncryptedText(findTestObject(orPath_TaxInfo + "/input_FederalEIN_ReEnter-2"), "RigbBhfdqOBBGbZqm4oFJQ=="): Text ****** has been set on object 'Object Repository/RAD_Pages/TaxInfo_Page/input_FederalEIN_ReEnter-2'

2024-01-13 22:33:27 - [MESSAGE][PASSED] - Text ****** has been set on object 'Object Repository/RAD_Pages/TaxInfo_Page/input_FederalEIN_ReEnter-2'

2024-01-13 22:33:27 - [TEST_STEP][PASSED] - break: null

2024-01-13 22:33:27 - [TEST_STEP][PASSED] - setText(findTestObject(orPath_Amount + "/input__paymentAmount"), ""): Text '' is set on object 'Object Repository/RAD_Pages/PaymentAmount_Page/input__paymentAmount'

2024-01-13 22:33:28 - [MESSAGE][PASSED] - Text '' is set on object 'Object Repository/RAD_Pages/PaymentAmount_Page/input__paymentAmount'

2024-01-13 22:33:28 - [TEST_STEP][PASSED] - verifyTextPresent("The FEIN and Re-type FEIN do not match", true): Text 'The FEIN and Re-type FEIN do not match' is present on page  using regular expression

2024-01-13 22:33:29 - [MESSAGE][PASSED] - Text 'The FEIN and Re-type FEIN do not match' is present on page  using regular expression

2024-01-13 22:33:29 - [TEST_STEP][PASSED] - if (verifyTextPresent("The FEIN and Re-type FEIN do not match", true)): null

2024-01-13 22:33:29 - [MESSAGE][PASSED] - Text 'The FEIN and Re-type FEIN do not match' is present on page  using regular expression

2024-01-13 22:33:29 - [TEST_STEP][PASSED] - println("Error Message is present on the page"): null

2024-01-13 22:33:29 - [TEST_STEP][PASSED] - out.println("Pass Record Number: " + row): null

2024-01-13 22:33:29 - [TEST_STEP][PASSED] - resText = "Pass": null

2024-01-13 22:33:29 - [TEST_STEP][PASSED] - pages.WriteExcel.demoKey(resText, datText, resColumn, datCloumn, fileLoc, nameSheet, row): pages.WriteExcel.demoKey is PASSED

2024-01-13 22:33:29 - [MESSAGE][PASSED] - pages.WriteExcel.demoKey is PASSED

2024-01-13 22:33:29 - [TEST_STEP][PASSED] - ExecuteTC = findTestData(dataFile).getValue("Execute", row): null

2024-01-13 22:33:29 - [TEST_STEP][PASSED] - Taxtype = findTestData(dataFile).getValue("TaxType", row): null

2024-01-13 22:33:29 - [TEST_STEP][PASSED] - Paymenttype = findTestData(dataFile).getValue("PaymentType", row): null

2024-01-13 22:33:29 - [TEST_STEP][PASSED] - out.println("Value of Execute is : " + ExecuteTC): null

2024-01-13 22:33:29 - [TEST_STEP][PASSED] - if (ExecuteTC.equalsIgnoreCase("Y")): null

2024-01-13 22:33:29 - [TEST_STEP][PASSED] - out.println("Begin Record Number: " + row): null

2024-01-13 22:33:29 - [TEST_STEP][PASSED] - today = new java.util.Date(): null

2024-01-13 22:33:29 - [TEST_STEP][PASSED] - println(today): null

2024-01-13 22:33:29 - [TEST_STEP][PASSED] - datText = today: null

2024-01-13 22:33:29 - [TEST_STEP][PASSED] - Taxtype = findTestData(dataFile).getValue("TaxType", row): null

2024-01-13 22:33:29 - [TEST_STEP][PASSED] - out.println("Taxtype value is : " + Taxtype): null

2024-01-13 22:33:29 - [TEST_STEP][PASSED] - openBrowser(""): Browser is opened with url: ''

2024-01-13 22:33:29 - [MESSAGE][WARNING] - A browser is already opened. Closing browser and opening a new one

2024-01-13 22:33:30 - [MESSAGE][INFO] - Starting 'Chrome' driver

2024-01-13 22:33:30 - [MESSAGE][INFO] - User set preference: ['acceptInsecureCerts', 'true']

2024-01-13 22:33:30 - [MESSAGE][INFO] - Action delay is set to 0 milliseconds

2024-01-13 22:33:32 - [MESSAGE][PASSED] - Browser is opened with url: ''

2024-01-13 22:33:32 - [TEST_STEP][PASSED] - maximizeWindow(): Current window maximized

2024-01-13 22:33:32 - [MESSAGE][PASSED] - Current window maximized

2024-01-13 22:33:32 - [TEST_STEP][PASSED] - navigateToUrl(RADurl): Navigate to 'https://qa2.velocitypayment.com/client/rad/index.html' successfully

2024-01-13 22:33:32 - [MESSAGE][PASSED] - Navigate to 'https://qa2.velocitypayment.com/client/rad/index.html' successfully

2024-01-13 22:33:32 - [TEST_STEP][PASSED] - orPath_Landing = "Object Repository/RAD_Pages/Landing_Page": null

2024-01-13 22:33:32 - [TEST_STEP][PASSED] - orPath_TaxTypeFilingYear = "Object Repository/RAD_Pages/TaxTypeFilingYear_Page": null

2024-01-13 22:33:32 - [TEST_STEP][PASSED] - orPath_TaxPayer = "Object Repository/RAD_Pages/Taxpayer_Page": null

2024-01-13 22:33:32 - [TEST_STEP][PASSED] - orPath_AddressContact = "Object Repository/RAD_Pages/AddressAndContactInfo_Page": null

2024-01-13 22:33:32 - [TEST_STEP][PASSED] - orPath_FilingStatus = "Object Repository/RAD_Pages/FilingStatus_Page": null

2024-01-13 22:33:32 - [TEST_STEP][PASSED] - orPath_Amount = "Object Repository/RAD_Pages/PaymentAmount_Page": null

2024-01-13 22:33:32 - [TEST_STEP][PASSED] - orPath_TaxInfo = "Object Repository/RAD_Pages/TaxInfo_Page": null

2024-01-13 22:33:32 - [TEST_STEP][PASSED] - orPath_Withholding = "Object Repository/RAD_Pages/Withholding_Page": null

2024-01-13 22:33:32 - [TEST_STEP][PASSED] - orPath_Summary = "Object Repository/RAD_Pages/Summary_Page": null

2024-01-13 22:33:32 - [TEST_STEP][PASSED] - orPath_PaymentReady = "Object Repository/RAD_Pages/PaymentReady_Page": null

2024-01-13 22:33:32 - [TEST_STEP][PASSED] - orPath_PaymentEntry = "Object Repository/RAD_Pages/PaymentEntry_Page": null

2024-01-13 22:33:32 - [TEST_STEP][PASSED] - orPath_PaymentConfirmation = "Object Repository/RAD_Pages/PaymentConfirmation_Page": null

2024-01-13 22:33:32 - [TEST_STEP][PASSED] - orPath_ServiceFeesAccept = "Object Repository/RAD_Pages/ServiceFeeAccept_Page": null

2024-01-13 22:33:32 - [TEST_STEP][PASSED] - selectOptionByLabel(findTestObject(orPath_Landing + "/dd_TaxType"), Paymenttype, false): All options with label 'New Tax Return Amount Due' are selected in object 'Object Repository/RAD_Pages/Landing_Page/dd_TaxType' 

2024-01-13 22:33:34 - [MESSAGE][PASSED] - All options with label 'New Tax Return Amount Due' are selected in object 'Object Repository/RAD_Pages/Landing_Page/dd_TaxType' 

2024-01-13 22:33:34 - [TEST_STEP][PASSED] - delay(1): Delayed 1 second(s)

2024-01-13 22:33:35 - [MESSAGE][PASSED] - Delayed 1 second(s)

2024-01-13 22:33:35 - [TEST_STEP][PASSED] - switch (Paymenttype): null

2024-01-13 22:33:35 - [TEST_STEP][PASSED] - case "New Tax Return Amount Due":: null

2024-01-13 22:33:35 - [TEST_STEP][PASSED] - selectOptionByLabel(findTestObject("Object Repository/RAD_Pages/Landing_Page/select_NewTaxReturnAmountDue_TaxType"), Taxtype, false): All options with label 'Bay Restoration Fee' are selected in object 'Object Repository/RAD_Pages/Landing_Page/select_NewTaxReturnAmountDue_TaxType' 

2024-01-13 22:33:36 - [MESSAGE][PASSED] - All options with label 'Bay Restoration Fee' are selected in object 'Object Repository/RAD_Pages/Landing_Page/select_NewTaxReturnAmountDue_TaxType' 

2024-01-13 22:33:36 - [TEST_STEP][PASSED] - break: null

2024-01-13 22:33:36 - [TEST_STEP][PASSED] - delay(1): Delayed 1 second(s)

2024-01-13 22:33:37 - [MESSAGE][PASSED] - Delayed 1 second(s)

2024-01-13 22:33:37 - [TEST_STEP][PASSED] - scrollToElement(findTestObject(orPath_Amount + "/input__paymentAmount"), 2, CONTINUE_ON_FAILURE): Scroll to object 'Object Repository/RAD_Pages/PaymentAmount_Page/input__paymentAmount' successfully

2024-01-13 22:33:37 - [MESSAGE][PASSED] - Scroll to object 'Object Repository/RAD_Pages/PaymentAmount_Page/input__paymentAmount' successfully

2024-01-13 22:33:37 - [TEST_STEP][PASSED] - switch (Paymenttype): null

2024-01-13 22:33:37 - [TEST_STEP][PASSED] - case "New Tax Return Amount Due":: null

2024-01-13 22:33:37 - [TEST_STEP][PASSED] - setEncryptedText(findTestObject(orPath_TaxInfo + "/input_FederalEIN-2"), "RigbBhfdqODKcAsiUrg+1Q=="): Text ****** has been set on object 'Object Repository/RAD_Pages/TaxInfo_Page/input_FederalEIN-2'

2024-01-13 22:33:38 - [MESSAGE][PASSED] - Text ****** has been set on object 'Object Repository/RAD_Pages/TaxInfo_Page/input_FederalEIN-2'

2024-01-13 22:33:38 - [TEST_STEP][PASSED] - setEncryptedText(findTestObject(orPath_TaxInfo + "/input_FederalEIN_ReEnter-2"), "RigbBhfdqOBBGbZqm4oFJQ=="): Text ****** has been set on object 'Object Repository/RAD_Pages/TaxInfo_Page/input_FederalEIN_ReEnter-2'

2024-01-13 22:33:38 - [MESSAGE][PASSED] - Text ****** has been set on object 'Object Repository/RAD_Pages/TaxInfo_Page/input_FederalEIN_ReEnter-2'

2024-01-13 22:33:38 - [TEST_STEP][PASSED] - break: null

2024-01-13 22:33:38 - [TEST_STEP][PASSED] - setText(findTestObject(orPath_Amount + "/input__paymentAmount"), ""): Text '' is set on object 'Object Repository/RAD_Pages/PaymentAmount_Page/input__paymentAmount'

2024-01-13 22:33:39 - [MESSAGE][PASSED] - Text '' is set on object 'Object Repository/RAD_Pages/PaymentAmount_Page/input__paymentAmount'

2024-01-13 22:33:39 - [TEST_STEP][PASSED] - verifyTextPresent("The FEIN and Re-type FEIN do not match", true): Text 'The FEIN and Re-type FEIN do not match' is present on page  using regular expression

2024-01-13 22:33:39 - [MESSAGE][PASSED] - Text 'The FEIN and Re-type FEIN do not match' is present on page  using regular expression

2024-01-13 22:33:39 - [TEST_STEP][PASSED] - if (verifyTextPresent("The FEIN and Re-type FEIN do not match", true)): null

2024-01-13 22:33:40 - [MESSAGE][PASSED] - Text 'The FEIN and Re-type FEIN do not match' is present on page  using regular expression

2024-01-13 22:33:40 - [TEST_STEP][PASSED] - println("Error Message is present on the page"): null

2024-01-13 22:33:40 - [TEST_STEP][PASSED] - out.println("Pass Record Number: " + row): null

2024-01-13 22:33:40 - [TEST_STEP][PASSED] - resText = "Pass": null

2024-01-13 22:33:40 - [TEST_STEP][PASSED] - pages.WriteExcel.demoKey(resText, datText, resColumn, datCloumn, fileLoc, nameSheet, row): pages.WriteExcel.demoKey is PASSED

2024-01-13 22:33:40 - [MESSAGE][PASSED] - pages.WriteExcel.demoKey is PASSED

2024-01-13 22:33:40 - [TEST_STEP][PASSED] - ExecuteTC = findTestData(dataFile).getValue("Execute", row): null

2024-01-13 22:33:40 - [TEST_STEP][PASSED] - Taxtype = findTestData(dataFile).getValue("TaxType", row): null

2024-01-13 22:33:40 - [TEST_STEP][PASSED] - Paymenttype = findTestData(dataFile).getValue("PaymentType", row): null

2024-01-13 22:33:40 - [TEST_STEP][PASSED] - out.println("Value of Execute is : " + ExecuteTC): null

2024-01-13 22:33:40 - [TEST_STEP][PASSED] - if (ExecuteTC.equalsIgnoreCase("Y")): null

2024-01-13 22:33:40 - [TEST_STEP][PASSED] - out.println("Begin Record Number: " + row): null

2024-01-13 22:33:40 - [TEST_STEP][PASSED] - today = new java.util.Date(): null

2024-01-13 22:33:40 - [TEST_STEP][PASSED] - println(today): null

2024-01-13 22:33:40 - [TEST_STEP][PASSED] - datText = today: null

2024-01-13 22:33:40 - [TEST_STEP][PASSED] - Taxtype = findTestData(dataFile).getValue("TaxType", row): null

2024-01-13 22:33:40 - [TEST_STEP][PASSED] - out.println("Taxtype value is : " + Taxtype): null

2024-01-13 22:33:40 - [TEST_STEP][PASSED] - openBrowser(""): Browser is opened with url: ''

2024-01-13 22:33:40 - [MESSAGE][WARNING] - A browser is already opened. Closing browser and opening a new one

2024-01-13 22:33:41 - [MESSAGE][INFO] - Starting 'Chrome' driver

2024-01-13 22:33:41 - [MESSAGE][INFO] - User set preference: ['acceptInsecureCerts', 'true']

2024-01-13 22:33:41 - [MESSAGE][INFO] - Action delay is set to 0 milliseconds

2024-01-13 22:33:42 - [MESSAGE][PASSED] - Browser is opened with url: ''

2024-01-13 22:33:42 - [TEST_STEP][PASSED] - maximizeWindow(): Current window maximized

2024-01-13 22:33:43 - [MESSAGE][PASSED] - Current window maximized

2024-01-13 22:33:43 - [TEST_STEP][PASSED] - navigateToUrl(RADurl): Navigate to 'https://qa2.velocitypayment.com/client/rad/index.html' successfully

2024-01-13 22:33:44 - [MESSAGE][PASSED] - Navigate to 'https://qa2.velocitypayment.com/client/rad/index.html' successfully

2024-01-13 22:33:44 - [TEST_STEP][PASSED] - orPath_Landing = "Object Repository/RAD_Pages/Landing_Page": null

2024-01-13 22:33:44 - [TEST_STEP][PASSED] - orPath_TaxTypeFilingYear = "Object Repository/RAD_Pages/TaxTypeFilingYear_Page": null

2024-01-13 22:33:44 - [TEST_STEP][PASSED] - orPath_TaxPayer = "Object Repository/RAD_Pages/Taxpayer_Page": null

2024-01-13 22:33:44 - [TEST_STEP][PASSED] - orPath_AddressContact = "Object Repository/RAD_Pages/AddressAndContactInfo_Page": null

2024-01-13 22:33:44 - [TEST_STEP][PASSED] - orPath_FilingStatus = "Object Repository/RAD_Pages/FilingStatus_Page": null

2024-01-13 22:33:44 - [TEST_STEP][PASSED] - orPath_Amount = "Object Repository/RAD_Pages/PaymentAmount_Page": null

2024-01-13 22:33:44 - [TEST_STEP][PASSED] - orPath_TaxInfo = "Object Repository/RAD_Pages/TaxInfo_Page": null

2024-01-13 22:33:44 - [TEST_STEP][PASSED] - orPath_Withholding = "Object Repository/RAD_Pages/Withholding_Page": null

2024-01-13 22:33:44 - [TEST_STEP][PASSED] - orPath_Summary = "Object Repository/RAD_Pages/Summary_Page": null

2024-01-13 22:33:44 - [TEST_STEP][PASSED] - orPath_PaymentReady = "Object Repository/RAD_Pages/PaymentReady_Page": null

2024-01-13 22:33:44 - [TEST_STEP][PASSED] - orPath_PaymentEntry = "Object Repository/RAD_Pages/PaymentEntry_Page": null

2024-01-13 22:33:44 - [TEST_STEP][PASSED] - orPath_PaymentConfirmation = "Object Repository/RAD_Pages/PaymentConfirmation_Page": null

2024-01-13 22:33:44 - [TEST_STEP][PASSED] - orPath_ServiceFeesAccept = "Object Repository/RAD_Pages/ServiceFeeAccept_Page": null

2024-01-13 22:33:44 - [TEST_STEP][PASSED] - selectOptionByLabel(findTestObject(orPath_Landing + "/dd_TaxType"), Paymenttype, false): All options with label 'New Tax Return Amount Due' are selected in object 'Object Repository/RAD_Pages/Landing_Page/dd_TaxType' 

2024-01-13 22:33:45 - [MESSAGE][PASSED] - All options with label 'New Tax Return Amount Due' are selected in object 'Object Repository/RAD_Pages/Landing_Page/dd_TaxType' 

2024-01-13 22:33:45 - [TEST_STEP][PASSED] - delay(1): Delayed 1 second(s)

2024-01-13 22:33:46 - [MESSAGE][PASSED] - Delayed 1 second(s)

2024-01-13 22:33:46 - [TEST_STEP][PASSED] - switch (Paymenttype): null

2024-01-13 22:33:46 - [TEST_STEP][PASSED] - case "New Tax Return Amount Due":: null

2024-01-13 22:33:46 - [TEST_STEP][PASSED] - selectOptionByLabel(findTestObject("Object Repository/RAD_Pages/Landing_Page/select_NewTaxReturnAmountDue_TaxType"), Taxtype, false): All options with label 'Corporate Income Tax' are selected in object 'Object Repository/RAD_Pages/Landing_Page/select_NewTaxReturnAmountDue_TaxType' 

2024-01-13 22:33:46 - [MESSAGE][PASSED] - All options with label 'Corporate Income Tax' are selected in object 'Object Repository/RAD_Pages/Landing_Page/select_NewTaxReturnAmountDue_TaxType' 

2024-01-13 22:33:46 - [TEST_STEP][PASSED] - break: null

2024-01-13 22:33:46 - [TEST_STEP][PASSED] - delay(1): Delayed 1 second(s)

2024-01-13 22:33:47 - [MESSAGE][PASSED] - Delayed 1 second(s)

2024-01-13 22:33:47 - [TEST_STEP][PASSED] - scrollToElement(findTestObject(orPath_Amount + "/input__paymentAmount"), 2, CONTINUE_ON_FAILURE): Scroll to object 'Object Repository/RAD_Pages/PaymentAmount_Page/input__paymentAmount' successfully

2024-01-13 22:33:48 - [MESSAGE][PASSED] - Scroll to object 'Object Repository/RAD_Pages/PaymentAmount_Page/input__paymentAmount' successfully

2024-01-13 22:33:48 - [TEST_STEP][PASSED] - switch (Paymenttype): null

2024-01-13 22:33:48 - [TEST_STEP][PASSED] - case "New Tax Return Amount Due":: null

2024-01-13 22:33:48 - [TEST_STEP][PASSED] - setEncryptedText(findTestObject(orPath_TaxInfo + "/input_FederalEIN-2"), "RigbBhfdqODKcAsiUrg+1Q=="): Text ****** has been set on object 'Object Repository/RAD_Pages/TaxInfo_Page/input_FederalEIN-2'

2024-01-13 22:33:48 - [MESSAGE][PASSED] - Text ****** has been set on object 'Object Repository/RAD_Pages/TaxInfo_Page/input_FederalEIN-2'

2024-01-13 22:33:48 - [TEST_STEP][PASSED] - setEncryptedText(findTestObject(orPath_TaxInfo + "/input_FederalEIN_ReEnter-2"), "RigbBhfdqOBBGbZqm4oFJQ=="): Text ****** has been set on object 'Object Repository/RAD_Pages/TaxInfo_Page/input_FederalEIN_ReEnter-2'

2024-01-13 22:33:49 - [MESSAGE][PASSED] - Text ****** has been set on object 'Object Repository/RAD_Pages/TaxInfo_Page/input_FederalEIN_ReEnter-2'

2024-01-13 22:33:49 - [TEST_STEP][PASSED] - break: null

2024-01-13 22:33:49 - [TEST_STEP][PASSED] - setText(findTestObject(orPath_Amount + "/input__paymentAmount"), ""): Text '' is set on object 'Object Repository/RAD_Pages/PaymentAmount_Page/input__paymentAmount'

2024-01-13 22:33:49 - [MESSAGE][PASSED] - Text '' is set on object 'Object Repository/RAD_Pages/PaymentAmount_Page/input__paymentAmount'

2024-01-13 22:33:49 - [TEST_STEP][PASSED] - verifyTextPresent("The FEIN and Re-type FEIN do not match", true): Text 'The FEIN and Re-type FEIN do not match' is present on page  using regular expression

2024-01-13 22:33:50 - [MESSAGE][PASSED] - Text 'The FEIN and Re-type FEIN do not match' is present on page  using regular expression

2024-01-13 22:33:50 - [TEST_STEP][PASSED] - if (verifyTextPresent("The FEIN and Re-type FEIN do not match", true)): null

2024-01-13 22:33:50 - [MESSAGE][PASSED] - Text 'The FEIN and Re-type FEIN do not match' is present on page  using regular expression

2024-01-13 22:33:50 - [TEST_STEP][PASSED] - println("Error Message is present on the page"): null

2024-01-13 22:33:50 - [TEST_STEP][PASSED] - out.println("Pass Record Number: " + row): null

2024-01-13 22:33:50 - [TEST_STEP][PASSED] - resText = "Pass": null

2024-01-13 22:33:50 - [TEST_STEP][PASSED] - pages.WriteExcel.demoKey(resText, datText, resColumn, datCloumn, fileLoc, nameSheet, row): pages.WriteExcel.demoKey is PASSED

2024-01-13 22:33:51 - [MESSAGE][PASSED] - pages.WriteExcel.demoKey is PASSED

2024-01-13 22:33:51 - [TEST_STEP][PASSED] - ExecuteTC = findTestData(dataFile).getValue("Execute", row): null

2024-01-13 22:33:51 - [TEST_STEP][PASSED] - Taxtype = findTestData(dataFile).getValue("TaxType", row): null

2024-01-13 22:33:51 - [TEST_STEP][PASSED] - Paymenttype = findTestData(dataFile).getValue("PaymentType", row): null

2024-01-13 22:33:51 - [TEST_STEP][PASSED] - out.println("Value of Execute is : " + ExecuteTC): null

2024-01-13 22:33:51 - [TEST_STEP][FAILED] - if (ExecuteTC.equalsIgnoreCase("Y")): null

2024-01-13 22:33:51 - [TEST_STEP][PASSED] - out.println("Begin Record Number: " + row): null

2024-01-13 22:33:51 - [TEST_STEP][PASSED] - today = new java.util.Date(): null

2024-01-13 22:33:51 - [TEST_STEP][PASSED] - println(today): null

2024-01-13 22:33:51 - [TEST_STEP][PASSED] - datText = today: null

2024-01-13 22:33:51 - [TEST_STEP][PASSED] - Taxtype = findTestData(dataFile).getValue("TaxType", row): null

2024-01-13 22:33:51 - [TEST_STEP][PASSED] - out.println("Taxtype value is : " + Taxtype): null

2024-01-13 22:33:51 - [TEST_STEP][PASSED] - openBrowser(""): Browser is opened with url: ''

2024-01-13 22:33:51 - [MESSAGE][WARNING] - A browser is already opened. Closing browser and opening a new one

2024-01-13 22:33:52 - [MESSAGE][INFO] - Starting 'Chrome' driver

2024-01-13 22:33:52 - [MESSAGE][INFO] - User set preference: ['acceptInsecureCerts', 'true']

2024-01-13 22:33:52 - [MESSAGE][INFO] - Action delay is set to 0 milliseconds

2024-01-13 22:33:53 - [MESSAGE][PASSED] - Browser is opened with url: ''

2024-01-13 22:33:53 - [TEST_STEP][PASSED] - maximizeWindow(): Current window maximized

2024-01-13 22:33:53 - [MESSAGE][PASSED] - Current window maximized

2024-01-13 22:33:53 - [TEST_STEP][PASSED] - navigateToUrl(RADurl): Navigate to 'https://qa2.velocitypayment.com/client/rad/index.html' successfully

2024-01-13 22:33:55 - [MESSAGE][PASSED] - Navigate to 'https://qa2.velocitypayment.com/client/rad/index.html' successfully

2024-01-13 22:33:55 - [TEST_STEP][PASSED] - orPath_Landing = "Object Repository/RAD_Pages/Landing_Page": null

2024-01-13 22:33:55 - [TEST_STEP][PASSED] - orPath_TaxTypeFilingYear = "Object Repository/RAD_Pages/TaxTypeFilingYear_Page": null

2024-01-13 22:33:55 - [TEST_STEP][PASSED] - orPath_TaxPayer = "Object Repository/RAD_Pages/Taxpayer_Page": null

2024-01-13 22:33:55 - [TEST_STEP][PASSED] - orPath_AddressContact = "Object Repository/RAD_Pages/AddressAndContactInfo_Page": null

2024-01-13 22:33:55 - [TEST_STEP][PASSED] - orPath_FilingStatus = "Object Repository/RAD_Pages/FilingStatus_Page": null

2024-01-13 22:33:55 - [TEST_STEP][PASSED] - orPath_Amount = "Object Repository/RAD_Pages/PaymentAmount_Page": null

2024-01-13 22:33:55 - [TEST_STEP][PASSED] - orPath_TaxInfo = "Object Repository/RAD_Pages/TaxInfo_Page": null

2024-01-13 22:33:55 - [TEST_STEP][PASSED] - orPath_Withholding = "Object Repository/RAD_Pages/Withholding_Page": null

2024-01-13 22:33:55 - [TEST_STEP][PASSED] - orPath_Summary = "Object Repository/RAD_Pages/Summary_Page": null

2024-01-13 22:33:55 - [TEST_STEP][PASSED] - orPath_PaymentReady = "Object Repository/RAD_Pages/PaymentReady_Page": null

2024-01-13 22:33:55 - [TEST_STEP][PASSED] - orPath_PaymentEntry = "Object Repository/RAD_Pages/PaymentEntry_Page": null

2024-01-13 22:33:55 - [TEST_STEP][PASSED] - orPath_PaymentConfirmation = "Object Repository/RAD_Pages/PaymentConfirmation_Page": null

2024-01-13 22:33:55 - [TEST_STEP][PASSED] - orPath_ServiceFeesAccept = "Object Repository/RAD_Pages/ServiceFeeAccept_Page": null

2024-01-13 22:33:55 - [TEST_STEP][PASSED] - selectOptionByLabel(findTestObject(orPath_Landing + "/dd_TaxType"), Paymenttype, false): All options with label 'New Tax Return Amount Due' are selected in object 'Object Repository/RAD_Pages/Landing_Page/dd_TaxType' 

2024-01-13 22:33:55 - [MESSAGE][PASSED] - All options with label 'New Tax Return Amount Due' are selected in object 'Object Repository/RAD_Pages/Landing_Page/dd_TaxType' 

2024-01-13 22:33:55 - [TEST_STEP][PASSED] - delay(1): Delayed 1 second(s)

2024-01-13 22:33:56 - [MESSAGE][PASSED] - Delayed 1 second(s)

2024-01-13 22:33:56 - [TEST_STEP][PASSED] - switch (Paymenttype): null

2024-01-13 22:33:56 - [TEST_STEP][PASSED] - case "New Tax Return Amount Due":: null

2024-01-13 22:33:56 - [TEST_STEP][PASSED] - selectOptionByLabel(findTestObject("Object Repository/RAD_Pages/Landing_Page/select_NewTaxReturnAmountDue_TaxType"), Taxtype, false): All options with label 'Estate Tax' are selected in object 'Object Repository/RAD_Pages/Landing_Page/select_NewTaxReturnAmountDue_TaxType' 

2024-01-13 22:33:57 - [MESSAGE][PASSED] - All options with label 'Estate Tax' are selected in object 'Object Repository/RAD_Pages/Landing_Page/select_NewTaxReturnAmountDue_TaxType' 

2024-01-13 22:33:57 - [TEST_STEP][PASSED] - break: null

2024-01-13 22:33:57 - [TEST_STEP][PASSED] - delay(1): Delayed 1 second(s)

2024-01-13 22:33:58 - [MESSAGE][PASSED] - Delayed 1 second(s)

2024-01-13 22:33:58 - [TEST_STEP][PASSED] - scrollToElement(findTestObject(orPath_Amount + "/input__paymentAmount"), 2, CONTINUE_ON_FAILURE): Scroll to object 'Object Repository/RAD_Pages/PaymentAmount_Page/input__paymentAmount' successfully

2024-01-13 22:33:58 - [MESSAGE][PASSED] - Scroll to object 'Object Repository/RAD_Pages/PaymentAmount_Page/input__paymentAmount' successfully

2024-01-13 22:33:58 - [TEST_STEP][FAILED] - switch (Paymenttype): null

2024-01-13 22:33:58 - [TEST_STEP][FAILED] - case "New Tax Return Amount Due":: null

2024-01-13 22:33:58 - [TEST_STEP][FAILED] - setEncryptedText(findTestObject(orPath_TaxInfo + "/input_FederalEIN-2"), "RigbBhfdqODKcAsiUrg+1Q=="): Unable to set encrypted text for object 'Object Repository/RAD_Pages/TaxInfo_Page/input_FederalEIN-2' (Root cause: com.kms.katalon.core.exception.StepFailedException: Unable to set encrypted text for object 'Object Repository/RAD_Pages/TaxInfo_Page/input_FederalEIN-2'
	at com.kms.katalon.core.webui.keyword.internal.WebUIKeywordMain.stepFailed(WebUIKeywordMain.groovy:64)
	at com.kms.katalon.core.webui.keyword.internal.WebUIKeywordMain.runKeyword(WebUIKeywordMain.groovy:26)
	at com.kms.katalon.core.webui.keyword.builtin.SetEncryptedTextKeyword.setEncryptedText(SetEncryptedTextKeyword.groovy:65)
	at com.kms.katalon.core.webui.keyword.builtin.SetEncryptedTextKeyword.execute(SetEncryptedTextKeyword.groovy:34)
	at com.kms.katalon.core.keyword.internal.KeywordExecutor.executeKeywordForPlatform(KeywordExecutor.groovy:74)
	at com.kms.katalon.core.webui.keyword.WebUiBuiltInKeywords.setEncryptedText(WebUiBuiltInKeywords.groovy:1011)
	at com.kms.katalon.core.webui.keyword.WebUiBuiltInKeywords$setEncryptedText$4.call(Unknown Source)
	at FEINmismatchError.run(FEINmismatchError:166)
	at com.kms.katalon.core.main.ScriptEngine.run(ScriptEngine.java:194)
	at com.kms.katalon.core.main.ScriptEngine.runScriptAsRawText(ScriptEngine.java:119)
	at com.kms.katalon.core.main.TestCaseExecutor.runScript(TestCaseExecutor.java:448)
	at com.kms.katalon.core.main.TestCaseExecutor.doExecute(TestCaseExecutor.java:439)
	at com.kms.katalon.core.main.TestCaseExecutor.processExecutionPhase(TestCaseExecutor.java:418)
	at com.kms.katalon.core.main.TestCaseExecutor.accessMainPhase(TestCaseExecutor.java:410)
	at com.kms.katalon.core.main.TestCaseExecutor.execute(TestCaseExecutor.java:285)
	at com.kms.katalon.core.common.CommonExecutor.accessTestCaseMainPhase(CommonExecutor.java:65)
	at com.kms.katalon.core.main.TestSuiteExecutor.accessTestSuiteMainPhase(TestSuiteExecutor.java:148)
	at com.kms.katalon.core.main.TestSuiteExecutor.execute(TestSuiteExecutor.java:106)
	at com.kms.katalon.core.main.TestCaseMain.startTestSuite(TestCaseMain.java:187)
	at com.kms.katalon.core.main.TestCaseMain$startTestSuite$0.call(Unknown Source)
	at TempTestSuite1705202981112.run(TempTestSuite1705202981112.groovy:36)
Caused by: org.openqa.selenium.ElementNotInteractableException: element not interactable
  (Session info: chrome=120.0.6099.200)
Build info: version: '3.141.59', revision: 'e82be7d358', time: '2018-11-14T08:25:53'
System info: host: 'DESKTOP-B2QI6NS', ip: '172.31.253.139', os.name: 'Windows 10', os.arch: 'amd64', os.version: '10.0', java.version: '1.8.0_181'
Driver info: com.kms.katalon.selenium.driver.CChromeDriver
Capabilities {acceptInsecureCerts: true, browserName: chrome, browserVersion: 120.0.6099.200, chrome: {chromedriverVersion: 119.0.6045.105 (38c72552c5e..., userDataDir: C:\Users\imtiaz\AppData\Loc...}, fedcm:accounts: true, goog:chromeOptions: {debuggerAddress: localhost:56226}, javascriptEnabled: true, networkConnectionEnabled: false, pageLoadStrategy: normal, platform: WINDOWS, platformName: WINDOWS, proxy: Proxy(), setWindowRect: true, strictFileInteractability: false, timeouts: {implicit: 0, pageLoad: 300000, script: 30000}, unhandledPromptBehavior: dismiss and notify, webauthn:extension:credBlob: true, webauthn:extension:largeBlob: true, webauthn:extension:minPinLength: true, webauthn:extension:prf: true, webauthn:virtualAuthenticators: true}
Session ID: abbf62dc58d1cb9dafefad353b8f20a7
	at org.openqa.selenium.remote.http.W3CHttpResponseCodec.createException(W3CHttpResponseCodec.java:187)
	at org.openqa.selenium.remote.http.W3CHttpResponseCodec.decode(W3CHttpResponseCodec.java:122)
	at org.openqa.selenium.remote.http.W3CHttpResponseCodec.decode(W3CHttpResponseCodec.java:49)
	at org.openqa.selenium.remote.HttpCommandExecutor.execute(HttpCommandExecutor.java:158)
	at org.openqa.selenium.remote.service.DriverCommandExecutor.execute(DriverCommandExecutor.java:83)
	at org.openqa.selenium.remote.RemoteWebDriver.execute(RemoteWebDriver.java:552)
	at com.kms.katalon.selenium.driver.CChromeDriver.execute(CChromeDriver.java:19)
	at org.openqa.selenium.remote.RemoteWebElement.execute(RemoteWebElement.java:285)
	at org.openqa.selenium.remote.RemoteWebElement.clear(RemoteWebElement.java:124)
	at org.openqa.selenium.support.events.EventFiringWebDriver$EventFiringWebElement.lambda$new$0(EventFiringWebDriver.java:404)
	at com.sun.proxy.$Proxy11.clear(Unknown Source)
	at org.openqa.selenium.support.events.EventFiringWebDriver$EventFiringWebElement.clear(EventFiringWebDriver.java:436)
	at com.kms.katalon.core.webui.keyword.builtin.SetEncryptedTextKeyword$_setEncryptedText_closure1.doCall(SetEncryptedTextKeyword.groovy:54)
	at com.kms.katalon.core.webui.keyword.builtin.SetEncryptedTextKeyword$_setEncryptedText_closure1.call(SetEncryptedTextKeyword.groovy)
	at com.kms.katalon.core.webui.keyword.internal.WebUIKeywordMain.runKeyword(WebUIKeywordMain.groovy:20)
	at com.kms.katalon.core.webui.keyword.builtin.SetEncryptedTextKeyword.setEncryptedText(SetEncryptedTextKeyword.groovy:65)
	at com.kms.katalon.core.webui.keyword.builtin.SetEncryptedTextKeyword.execute(SetEncryptedTextKeyword.groovy:34)
	at com.kms.katalon.core.keyword.internal.KeywordExecutor.executeKeywordForPlatform(KeywordExecutor.groovy:74)
	at com.kms.katalon.core.webui.keyword.WebUiBuiltInKeywords.setEncryptedText(WebUiBuiltInKeywords.groovy:1011)
	at com.kms.katalon.core.webui.keyword.WebUiBuiltInKeywords$setEncryptedText$4.call(Unknown Source)
	at Script1693763256792.run(Script1693763256792.groovy:166)
	... 13 more
)

2024-01-13 22:33:59 - [MESSAGE][FAILED] - Unable to set encrypted text for object 'Object Repository/RAD_Pages/TaxInfo_Page/input_FederalEIN-2' (Root cause: com.kms.katalon.core.exception.StepFailedException: Unable to set encrypted text for object 'Object Repository/RAD_Pages/TaxInfo_Page/input_FederalEIN-2'
	at com.kms.katalon.core.webui.keyword.internal.WebUIKeywordMain.stepFailed(WebUIKeywordMain.groovy:64)
	at com.kms.katalon.core.webui.keyword.internal.WebUIKeywordMain.runKeyword(WebUIKeywordMain.groovy:26)
	at com.kms.katalon.core.webui.keyword.builtin.SetEncryptedTextKeyword.setEncryptedText(SetEncryptedTextKeyword.groovy:65)
	at com.kms.katalon.core.webui.keyword.builtin.SetEncryptedTextKeyword.execute(SetEncryptedTextKeyword.groovy:34)
	at com.kms.katalon.core.keyword.internal.KeywordExecutor.executeKeywordForPlatform(KeywordExecutor.groovy:74)
	at com.kms.katalon.core.webui.keyword.WebUiBuiltInKeywords.setEncryptedText(WebUiBuiltInKeywords.groovy:1011)
	at com.kms.katalon.core.webui.keyword.WebUiBuiltInKeywords$setEncryptedText$4.call(Unknown Source)
	at FEINmismatchError.run(FEINmismatchError:166)
	at com.kms.katalon.core.main.ScriptEngine.run(ScriptEngine.java:194)
	at com.kms.katalon.core.main.ScriptEngine.runScriptAsRawText(ScriptEngine.java:119)
	at com.kms.katalon.core.main.TestCaseExecutor.runScript(TestCaseExecutor.java:448)
	at com.kms.katalon.core.main.TestCaseExecutor.doExecute(TestCaseExecutor.java:439)
	at com.kms.katalon.core.main.TestCaseExecutor.processExecutionPhase(TestCaseExecutor.java:418)
	at com.kms.katalon.core.main.TestCaseExecutor.accessMainPhase(TestCaseExecutor.java:410)
	at com.kms.katalon.core.main.TestCaseExecutor.execute(TestCaseExecutor.java:285)
	at com.kms.katalon.core.common.CommonExecutor.accessTestCaseMainPhase(CommonExecutor.java:65)
	at com.kms.katalon.core.main.TestSuiteExecutor.accessTestSuiteMainPhase(TestSuiteExecutor.java:148)
	at com.kms.katalon.core.main.TestSuiteExecutor.execute(TestSuiteExecutor.java:106)
	at com.kms.katalon.core.main.TestCaseMain.startTestSuite(TestCaseMain.java:187)
	at com.kms.katalon.core.main.TestCaseMain$startTestSuite$0.call(Unknown Source)
	at TempTestSuite1705202981112.run(TempTestSuite1705202981112.groovy:36)
Caused by: org.openqa.selenium.ElementNotInteractableException: element not interactable
  (Session info: chrome=120.0.6099.200)
Build info: version: '3.141.59', revision: 'e82be7d358', time: '2018-11-14T08:25:53'
System info: host: 'DESKTOP-B2QI6NS', ip: '172.31.253.139', os.name: 'Windows 10', os.arch: 'amd64', os.version: '10.0', java.version: '1.8.0_181'
Driver info: com.kms.katalon.selenium.driver.CChromeDriver
Capabilities {acceptInsecureCerts: true, browserName: chrome, browserVersion: 120.0.6099.200, chrome: {chromedriverVersion: 119.0.6045.105 (38c72552c5e..., userDataDir: C:\Users\imtiaz\AppData\Loc...}, fedcm:accounts: true, goog:chromeOptions: {debuggerAddress: localhost:56226}, javascriptEnabled: true, networkConnectionEnabled: false, pageLoadStrategy: normal, platform: WINDOWS, platformName: WINDOWS, proxy: Proxy(), setWindowRect: true, strictFileInteractability: false, timeouts: {implicit: 0, pageLoad: 300000, script: 30000}, unhandledPromptBehavior: dismiss and notify, webauthn:extension:credBlob: true, webauthn:extension:largeBlob: true, webauthn:extension:minPinLength: true, webauthn:extension:prf: true, webauthn:virtualAuthenticators: true}
Session ID: abbf62dc58d1cb9dafefad353b8f20a7
	at org.openqa.selenium.remote.http.W3CHttpResponseCodec.createException(W3CHttpResponseCodec.java:187)
	at org.openqa.selenium.remote.http.W3CHttpResponseCodec.decode(W3CHttpResponseCodec.java:122)
	at org.openqa.selenium.remote.http.W3CHttpResponseCodec.decode(W3CHttpResponseCodec.java:49)
	at org.openqa.selenium.remote.HttpCommandExecutor.execute(HttpCommandExecutor.java:158)
	at org.openqa.selenium.remote.service.DriverCommandExecutor.execute(DriverCommandExecutor.java:83)
	at org.openqa.selenium.remote.RemoteWebDriver.execute(RemoteWebDriver.java:552)
	at com.kms.katalon.selenium.driver.CChromeDriver.execute(CChromeDriver.java:19)
	at org.openqa.selenium.remote.RemoteWebElement.execute(RemoteWebElement.java:285)
	at org.openqa.selenium.remote.RemoteWebElement.clear(RemoteWebElement.java:124)
	at org.openqa.selenium.support.events.EventFiringWebDriver$EventFiringWebElement.lambda$new$0(EventFiringWebDriver.java:404)
	at com.sun.proxy.$Proxy11.clear(Unknown Source)
	at org.openqa.selenium.support.events.EventFiringWebDriver$EventFiringWebElement.clear(EventFiringWebDriver.java:436)
	at com.kms.katalon.core.webui.keyword.builtin.SetEncryptedTextKeyword$_setEncryptedText_closure1.doCall(SetEncryptedTextKeyword.groovy:54)
	at com.kms.katalon.core.webui.keyword.builtin.SetEncryptedTextKeyword$_setEncryptedText_closure1.call(SetEncryptedTextKeyword.groovy)
	at com.kms.katalon.core.webui.keyword.internal.WebUIKeywordMain.runKeyword(WebUIKeywordMain.groovy:20)
	at com.kms.katalon.core.webui.keyword.builtin.SetEncryptedTextKeyword.setEncryptedText(SetEncryptedTextKeyword.groovy:65)
	at com.kms.katalon.core.webui.keyword.builtin.SetEncryptedTextKeyword.execute(SetEncryptedTextKeyword.groovy:34)
	at com.kms.katalon.core.keyword.internal.KeywordExecutor.executeKeywordForPlatform(KeywordExecutor.groovy:74)
	at com.kms.katalon.core.webui.keyword.WebUiBuiltInKeywords.setEncryptedText(WebUiBuiltInKeywords.groovy:1011)
	at com.kms.katalon.core.webui.keyword.WebUiBuiltInKeywords$setEncryptedText$4.call(Unknown Source)
	at Script1693763256792.run(Script1693763256792.groovy:166)
	... 13 more
)
[[ATTACHMENT|E:\\Cloned-Project-Katalon\\VPS-Katalon\\Reports\\20240113_222941\\RAD_TestSuite\\RAD_UI_TestSuite\\20240113_222941\\1705203239437.png]]

2024-01-13 22:33:59 - [TEST_STEP][FAILED] - setEncryptedText(findTestObject(orPath_TaxInfo + "/input_FederalEIN_ReEnter-2"), "RigbBhfdqOBBGbZqm4oFJQ=="): Unable to set encrypted text for object 'Object Repository/RAD_Pages/TaxInfo_Page/input_FederalEIN_ReEnter-2' (Root cause: com.kms.katalon.core.exception.StepFailedException: Unable to set encrypted text for object 'Object Repository/RAD_Pages/TaxInfo_Page/input_FederalEIN_ReEnter-2'
	at com.kms.katalon.core.webui.keyword.internal.WebUIKeywordMain.stepFailed(WebUIKeywordMain.groovy:64)
	at com.kms.katalon.core.webui.keyword.internal.WebUIKeywordMain.runKeyword(WebUIKeywordMain.groovy:26)
	at com.kms.katalon.core.webui.keyword.builtin.SetEncryptedTextKeyword.setEncryptedText(SetEncryptedTextKeyword.groovy:65)
	at com.kms.katalon.core.webui.keyword.builtin.SetEncryptedTextKeyword.execute(SetEncryptedTextKeyword.groovy:34)
	at com.kms.katalon.core.keyword.internal.KeywordExecutor.executeKeywordForPlatform(KeywordExecutor.groovy:74)
	at com.kms.katalon.core.webui.keyword.WebUiBuiltInKeywords.setEncryptedText(WebUiBuiltInKeywords.groovy:1011)
	at com.kms.katalon.core.webui.keyword.WebUiBuiltInKeywords$setEncryptedText$4.call(Unknown Source)
	at FEINmismatchError.run(FEINmismatchError:167)
	at com.kms.katalon.core.main.ScriptEngine.run(ScriptEngine.java:194)
	at com.kms.katalon.core.main.ScriptEngine.runScriptAsRawText(ScriptEngine.java:119)
	at com.kms.katalon.core.main.TestCaseExecutor.runScript(TestCaseExecutor.java:448)
	at com.kms.katalon.core.main.TestCaseExecutor.doExecute(TestCaseExecutor.java:439)
	at com.kms.katalon.core.main.TestCaseExecutor.processExecutionPhase(TestCaseExecutor.java:418)
	at com.kms.katalon.core.main.TestCaseExecutor.accessMainPhase(TestCaseExecutor.java:410)
	at com.kms.katalon.core.main.TestCaseExecutor.execute(TestCaseExecutor.java:285)
	at com.kms.katalon.core.common.CommonExecutor.accessTestCaseMainPhase(CommonExecutor.java:65)
	at com.kms.katalon.core.main.TestSuiteExecutor.accessTestSuiteMainPhase(TestSuiteExecutor.java:148)
	at com.kms.katalon.core.main.TestSuiteExecutor.execute(TestSuiteExecutor.java:106)
	at com.kms.katalon.core.main.TestCaseMain.startTestSuite(TestCaseMain.java:187)
	at com.kms.katalon.core.main.TestCaseMain$startTestSuite$0.call(Unknown Source)
	at TempTestSuite1705202981112.run(TempTestSuite1705202981112.groovy:36)
Caused by: org.openqa.selenium.ElementNotInteractableException: element not interactable
  (Session info: chrome=120.0.6099.200)
Build info: version: '3.141.59', revision: 'e82be7d358', time: '2018-11-14T08:25:53'
System info: host: 'DESKTOP-B2QI6NS', ip: '172.31.253.139', os.name: 'Windows 10', os.arch: 'amd64', os.version: '10.0', java.version: '1.8.0_181'
Driver info: com.kms.katalon.selenium.driver.CChromeDriver
Capabilities {acceptInsecureCerts: true, browserName: chrome, browserVersion: 120.0.6099.200, chrome: {chromedriverVersion: 119.0.6045.105 (38c72552c5e..., userDataDir: C:\Users\imtiaz\AppData\Loc...}, fedcm:accounts: true, goog:chromeOptions: {debuggerAddress: localhost:56226}, javascriptEnabled: true, networkConnectionEnabled: false, pageLoadStrategy: normal, platform: WINDOWS, platformName: WINDOWS, proxy: Proxy(), setWindowRect: true, strictFileInteractability: false, timeouts: {implicit: 0, pageLoad: 300000, script: 30000}, unhandledPromptBehavior: dismiss and notify, webauthn:extension:credBlob: true, webauthn:extension:largeBlob: true, webauthn:extension:minPinLength: true, webauthn:extension:prf: true, webauthn:virtualAuthenticators: true}
Session ID: abbf62dc58d1cb9dafefad353b8f20a7
	at org.openqa.selenium.remote.http.W3CHttpResponseCodec.createException(W3CHttpResponseCodec.java:187)
	at org.openqa.selenium.remote.http.W3CHttpResponseCodec.decode(W3CHttpResponseCodec.java:122)
	at org.openqa.selenium.remote.http.W3CHttpResponseCodec.decode(W3CHttpResponseCodec.java:49)
	at org.openqa.selenium.remote.HttpCommandExecutor.execute(HttpCommandExecutor.java:158)
	at org.openqa.selenium.remote.service.DriverCommandExecutor.execute(DriverCommandExecutor.java:83)
	at org.openqa.selenium.remote.RemoteWebDriver.execute(RemoteWebDriver.java:552)
	at com.kms.katalon.selenium.driver.CChromeDriver.execute(CChromeDriver.java:19)
	at org.openqa.selenium.remote.RemoteWebElement.execute(RemoteWebElement.java:285)
	at org.openqa.selenium.remote.RemoteWebElement.clear(RemoteWebElement.java:124)
	at org.openqa.selenium.support.events.EventFiringWebDriver$EventFiringWebElement.lambda$new$0(EventFiringWebDriver.java:404)
	at com.sun.proxy.$Proxy11.clear(Unknown Source)
	at org.openqa.selenium.support.events.EventFiringWebDriver$EventFiringWebElement.clear(EventFiringWebDriver.java:436)
	at com.kms.katalon.core.webui.keyword.builtin.SetEncryptedTextKeyword$_setEncryptedText_closure1.doCall(SetEncryptedTextKeyword.groovy:54)
	at com.kms.katalon.core.webui.keyword.builtin.SetEncryptedTextKeyword$_setEncryptedText_closure1.call(SetEncryptedTextKeyword.groovy)
	at com.kms.katalon.core.webui.keyword.internal.WebUIKeywordMain.runKeyword(WebUIKeywordMain.groovy:20)
	at com.kms.katalon.core.webui.keyword.builtin.SetEncryptedTextKeyword.setEncryptedText(SetEncryptedTextKeyword.groovy:65)
	at com.kms.katalon.core.webui.keyword.builtin.SetEncryptedTextKeyword.execute(SetEncryptedTextKeyword.groovy:34)
	at com.kms.katalon.core.keyword.internal.KeywordExecutor.executeKeywordForPlatform(KeywordExecutor.groovy:74)
	at com.kms.katalon.core.webui.keyword.WebUiBuiltInKeywords.setEncryptedText(WebUiBuiltInKeywords.groovy:1011)
	at com.kms.katalon.core.webui.keyword.WebUiBuiltInKeywords$setEncryptedText$4.call(Unknown Source)
	at Script1693763256792.run(Script1693763256792.groovy:167)
	... 13 more
)

2024-01-13 22:34:00 - [MESSAGE][FAILED] - Unable to set encrypted text for object 'Object Repository/RAD_Pages/TaxInfo_Page/input_FederalEIN_ReEnter-2' (Root cause: com.kms.katalon.core.exception.StepFailedException: Unable to set encrypted text for object 'Object Repository/RAD_Pages/TaxInfo_Page/input_FederalEIN_ReEnter-2'
	at com.kms.katalon.core.webui.keyword.internal.WebUIKeywordMain.stepFailed(WebUIKeywordMain.groovy:64)
	at com.kms.katalon.core.webui.keyword.internal.WebUIKeywordMain.runKeyword(WebUIKeywordMain.groovy:26)
	at com.kms.katalon.core.webui.keyword.builtin.SetEncryptedTextKeyword.setEncryptedText(SetEncryptedTextKeyword.groovy:65)
	at com.kms.katalon.core.webui.keyword.builtin.SetEncryptedTextKeyword.execute(SetEncryptedTextKeyword.groovy:34)
	at com.kms.katalon.core.keyword.internal.KeywordExecutor.executeKeywordForPlatform(KeywordExecutor.groovy:74)
	at com.kms.katalon.core.webui.keyword.WebUiBuiltInKeywords.setEncryptedText(WebUiBuiltInKeywords.groovy:1011)
	at com.kms.katalon.core.webui.keyword.WebUiBuiltInKeywords$setEncryptedText$4.call(Unknown Source)
	at FEINmismatchError.run(FEINmismatchError:167)
	at com.kms.katalon.core.main.ScriptEngine.run(ScriptEngine.java:194)
	at com.kms.katalon.core.main.ScriptEngine.runScriptAsRawText(ScriptEngine.java:119)
	at com.kms.katalon.core.main.TestCaseExecutor.runScript(TestCaseExecutor.java:448)
	at com.kms.katalon.core.main.TestCaseExecutor.doExecute(TestCaseExecutor.java:439)
	at com.kms.katalon.core.main.TestCaseExecutor.processExecutionPhase(TestCaseExecutor.java:418)
	at com.kms.katalon.core.main.TestCaseExecutor.accessMainPhase(TestCaseExecutor.java:410)
	at com.kms.katalon.core.main.TestCaseExecutor.execute(TestCaseExecutor.java:285)
	at com.kms.katalon.core.common.CommonExecutor.accessTestCaseMainPhase(CommonExecutor.java:65)
	at com.kms.katalon.core.main.TestSuiteExecutor.accessTestSuiteMainPhase(TestSuiteExecutor.java:148)
	at com.kms.katalon.core.main.TestSuiteExecutor.execute(TestSuiteExecutor.java:106)
	at com.kms.katalon.core.main.TestCaseMain.startTestSuite(TestCaseMain.java:187)
	at com.kms.katalon.core.main.TestCaseMain$startTestSuite$0.call(Unknown Source)
	at TempTestSuite1705202981112.run(TempTestSuite1705202981112.groovy:36)
Caused by: org.openqa.selenium.ElementNotInteractableException: element not interactable
  (Session info: chrome=120.0.6099.200)
Build info: version: '3.141.59', revision: 'e82be7d358', time: '2018-11-14T08:25:53'
System info: host: 'DESKTOP-B2QI6NS', ip: '172.31.253.139', os.name: 'Windows 10', os.arch: 'amd64', os.version: '10.0', java.version: '1.8.0_181'
Driver info: com.kms.katalon.selenium.driver.CChromeDriver
Capabilities {acceptInsecureCerts: true, browserName: chrome, browserVersion: 120.0.6099.200, chrome: {chromedriverVersion: 119.0.6045.105 (38c72552c5e..., userDataDir: C:\Users\imtiaz\AppData\Loc...}, fedcm:accounts: true, goog:chromeOptions: {debuggerAddress: localhost:56226}, javascriptEnabled: true, networkConnectionEnabled: false, pageLoadStrategy: normal, platform: WINDOWS, platformName: WINDOWS, proxy: Proxy(), setWindowRect: true, strictFileInteractability: false, timeouts: {implicit: 0, pageLoad: 300000, script: 30000}, unhandledPromptBehavior: dismiss and notify, webauthn:extension:credBlob: true, webauthn:extension:largeBlob: true, webauthn:extension:minPinLength: true, webauthn:extension:prf: true, webauthn:virtualAuthenticators: true}
Session ID: abbf62dc58d1cb9dafefad353b8f20a7
	at org.openqa.selenium.remote.http.W3CHttpResponseCodec.createException(W3CHttpResponseCodec.java:187)
	at org.openqa.selenium.remote.http.W3CHttpResponseCodec.decode(W3CHttpResponseCodec.java:122)
	at org.openqa.selenium.remote.http.W3CHttpResponseCodec.decode(W3CHttpResponseCodec.java:49)
	at org.openqa.selenium.remote.HttpCommandExecutor.execute(HttpCommandExecutor.java:158)
	at org.openqa.selenium.remote.service.DriverCommandExecutor.execute(DriverCommandExecutor.java:83)
	at org.openqa.selenium.remote.RemoteWebDriver.execute(RemoteWebDriver.java:552)
	at com.kms.katalon.selenium.driver.CChromeDriver.execute(CChromeDriver.java:19)
	at org.openqa.selenium.remote.RemoteWebElement.execute(RemoteWebElement.java:285)
	at org.openqa.selenium.remote.RemoteWebElement.clear(RemoteWebElement.java:124)
	at org.openqa.selenium.support.events.EventFiringWebDriver$EventFiringWebElement.lambda$new$0(EventFiringWebDriver.java:404)
	at com.sun.proxy.$Proxy11.clear(Unknown Source)
	at org.openqa.selenium.support.events.EventFiringWebDriver$EventFiringWebElement.clear(EventFiringWebDriver.java:436)
	at com.kms.katalon.core.webui.keyword.builtin.SetEncryptedTextKeyword$_setEncryptedText_closure1.doCall(SetEncryptedTextKeyword.groovy:54)
	at com.kms.katalon.core.webui.keyword.builtin.SetEncryptedTextKeyword$_setEncryptedText_closure1.call(SetEncryptedTextKeyword.groovy)
	at com.kms.katalon.core.webui.keyword.internal.WebUIKeywordMain.runKeyword(WebUIKeywordMain.groovy:20)
	at com.kms.katalon.core.webui.keyword.builtin.SetEncryptedTextKeyword.setEncryptedText(SetEncryptedTextKeyword.groovy:65)
	at com.kms.katalon.core.webui.keyword.builtin.SetEncryptedTextKeyword.execute(SetEncryptedTextKeyword.groovy:34)
	at com.kms.katalon.core.keyword.internal.KeywordExecutor.executeKeywordForPlatform(KeywordExecutor.groovy:74)
	at com.kms.katalon.core.webui.keyword.WebUiBuiltInKeywords.setEncryptedText(WebUiBuiltInKeywords.groovy:1011)
	at com.kms.katalon.core.webui.keyword.WebUiBuiltInKeywords$setEncryptedText$4.call(Unknown Source)
	at Script1693763256792.run(Script1693763256792.groovy:167)
	... 13 more
)
[[ATTACHMENT|E:\\Cloned-Project-Katalon\\VPS-Katalon\\Reports\\20240113_222941\\RAD_TestSuite\\RAD_UI_TestSuite\\20240113_222941\\1705203240113.png]]

2024-01-13 22:34:00 - [TEST_STEP][PASSED] - break: null

2024-01-13 22:34:00 - [TEST_STEP][PASSED] - setText(findTestObject(orPath_Amount + "/input__paymentAmount"), ""): Text '' is set on object 'Object Repository/RAD_Pages/PaymentAmount_Page/input__paymentAmount'

2024-01-13 22:34:01 - [MESSAGE][PASSED] - Text '' is set on object 'Object Repository/RAD_Pages/PaymentAmount_Page/input__paymentAmount'

2024-01-13 22:34:01 - [TEST_STEP][FAILED] - verifyTextPresent("The FEIN and Re-type FEIN do not match", true): Text 'The FEIN and Re-type FEIN do not match' is not present on page  using regular expression (Root cause: com.kms.katalon.core.exception.StepFailedException: Text 'The FEIN and Re-type FEIN do not match' is not present on page  using regular expression
	at com.kms.katalon.core.webui.keyword.internal.WebUIKeywordMain.stepFailed(WebUIKeywordMain.groovy:64)
	at com.kms.katalon.core.webui.keyword.builtin.VerifyTextPresentKeyword$_verifyTextPresent_closure1.doCall(VerifyTextPresentKeyword.groovy:79)
	at com.kms.katalon.core.webui.keyword.builtin.VerifyTextPresentKeyword$_verifyTextPresent_closure1.call(VerifyTextPresentKeyword.groovy)
	at com.kms.katalon.core.webui.keyword.internal.WebUIKeywordMain.runKeyword(WebUIKeywordMain.groovy:20)
	at com.kms.katalon.core.webui.keyword.builtin.VerifyTextPresentKeyword.verifyTextPresent(VerifyTextPresentKeyword.groovy:83)
	at com.kms.katalon.core.webui.keyword.builtin.VerifyTextPresentKeyword.execute(VerifyTextPresentKeyword.groovy:68)
	at com.kms.katalon.core.keyword.internal.KeywordExecutor.executeKeywordForPlatform(KeywordExecutor.groovy:74)
	at com.kms.katalon.core.webui.keyword.WebUiBuiltInKeywords.verifyTextPresent(WebUiBuiltInKeywords.groovy:1723)
	at com.kms.katalon.core.webui.keyword.WebUiBuiltInKeywords$verifyTextPresent$6.call(Unknown Source)
	at FEINmismatchError.run(FEINmismatchError:181)
	at com.kms.katalon.core.main.ScriptEngine.run(ScriptEngine.java:194)
	at com.kms.katalon.core.main.ScriptEngine.runScriptAsRawText(ScriptEngine.java:119)
	at com.kms.katalon.core.main.TestCaseExecutor.runScript(TestCaseExecutor.java:448)
	at com.kms.katalon.core.main.TestCaseExecutor.doExecute(TestCaseExecutor.java:439)
	at com.kms.katalon.core.main.TestCaseExecutor.processExecutionPhase(TestCaseExecutor.java:418)
	at com.kms.katalon.core.main.TestCaseExecutor.accessMainPhase(TestCaseExecutor.java:410)
	at com.kms.katalon.core.main.TestCaseExecutor.execute(TestCaseExecutor.java:285)
	at com.kms.katalon.core.common.CommonExecutor.accessTestCaseMainPhase(CommonExecutor.java:65)
	at com.kms.katalon.core.main.TestSuiteExecutor.accessTestSuiteMainPhase(TestSuiteExecutor.java:148)
	at com.kms.katalon.core.main.TestSuiteExecutor.execute(TestSuiteExecutor.java:106)
	at com.kms.katalon.core.main.TestCaseMain.startTestSuite(TestCaseMain.java:187)
	at com.kms.katalon.core.main.TestCaseMain$startTestSuite$0.call(Unknown Source)
	at TempTestSuite1705202981112.run(TempTestSuite1705202981112.groovy:36)
)

2024-01-13 22:34:01 - [MESSAGE][FAILED] - Text 'The FEIN and Re-type FEIN do not match' is not present on page  using regular expression (Root cause: com.kms.katalon.core.exception.StepFailedException: Text 'The FEIN and Re-type FEIN do not match' is not present on page  using regular expression
	at com.kms.katalon.core.webui.keyword.internal.WebUIKeywordMain.stepFailed(WebUIKeywordMain.groovy:64)
	at com.kms.katalon.core.webui.keyword.builtin.VerifyTextPresentKeyword$_verifyTextPresent_closure1.doCall(VerifyTextPresentKeyword.groovy:79)
	at com.kms.katalon.core.webui.keyword.builtin.VerifyTextPresentKeyword$_verifyTextPresent_closure1.call(VerifyTextPresentKeyword.groovy)
	at com.kms.katalon.core.webui.keyword.internal.WebUIKeywordMain.runKeyword(WebUIKeywordMain.groovy:20)
	at com.kms.katalon.core.webui.keyword.builtin.VerifyTextPresentKeyword.verifyTextPresent(VerifyTextPresentKeyword.groovy:83)
	at com.kms.katalon.core.webui.keyword.builtin.VerifyTextPresentKeyword.execute(VerifyTextPresentKeyword.groovy:68)
	at com.kms.katalon.core.keyword.internal.KeywordExecutor.executeKeywordForPlatform(KeywordExecutor.groovy:74)
	at com.kms.katalon.core.webui.keyword.WebUiBuiltInKeywords.verifyTextPresent(WebUiBuiltInKeywords.groovy:1723)
	at com.kms.katalon.core.webui.keyword.WebUiBuiltInKeywords$verifyTextPresent$6.call(Unknown Source)
	at FEINmismatchError.run(FEINmismatchError:181)
	at com.kms.katalon.core.main.ScriptEngine.run(ScriptEngine.java:194)
	at com.kms.katalon.core.main.ScriptEngine.runScriptAsRawText(ScriptEngine.java:119)
	at com.kms.katalon.core.main.TestCaseExecutor.runScript(TestCaseExecutor.java:448)
	at com.kms.katalon.core.main.TestCaseExecutor.doExecute(TestCaseExecutor.java:439)
	at com.kms.katalon.core.main.TestCaseExecutor.processExecutionPhase(TestCaseExecutor.java:418)
	at com.kms.katalon.core.main.TestCaseExecutor.accessMainPhase(TestCaseExecutor.java:410)
	at com.kms.katalon.core.main.TestCaseExecutor.execute(TestCaseExecutor.java:285)
	at com.kms.katalon.core.common.CommonExecutor.accessTestCaseMainPhase(CommonExecutor.java:65)
	at com.kms.katalon.core.main.TestSuiteExecutor.accessTestSuiteMainPhase(TestSuiteExecutor.java:148)
	at com.kms.katalon.core.main.TestSuiteExecutor.execute(TestSuiteExecutor.java:106)
	at com.kms.katalon.core.main.TestCaseMain.startTestSuite(TestCaseMain.java:187)
	at com.kms.katalon.core.main.TestCaseMain$startTestSuite$0.call(Unknown Source)
	at TempTestSuite1705202981112.run(TempTestSuite1705202981112.groovy:36)
)

2024-01-13 22:34:01 - [TEST_STEP][FAILED] - if (verifyTextPresent("The FEIN and Re-type FEIN do not match", true)): Text 'The FEIN and Re-type FEIN do not match' is not present on page  using regular expression (Root cause: com.kms.katalon.core.exception.StepFailedException: Text 'The FEIN and Re-type FEIN do not match' is not present on page  using regular expression
	at com.kms.katalon.core.webui.keyword.internal.WebUIKeywordMain.stepFailed(WebUIKeywordMain.groovy:64)
	at com.kms.katalon.core.webui.keyword.builtin.VerifyTextPresentKeyword$_verifyTextPresent_closure1.doCall(VerifyTextPresentKeyword.groovy:79)
	at com.kms.katalon.core.webui.keyword.builtin.VerifyTextPresentKeyword$_verifyTextPresent_closure1.call(VerifyTextPresentKeyword.groovy)
	at com.kms.katalon.core.webui.keyword.internal.WebUIKeywordMain.runKeyword(WebUIKeywordMain.groovy:20)
	at com.kms.katalon.core.webui.keyword.builtin.VerifyTextPresentKeyword.verifyTextPresent(VerifyTextPresentKeyword.groovy:83)
	at com.kms.katalon.core.webui.keyword.builtin.VerifyTextPresentKeyword.execute(VerifyTextPresentKeyword.groovy:68)
	at com.kms.katalon.core.keyword.internal.KeywordExecutor.executeKeywordForPlatform(KeywordExecutor.groovy:74)
	at com.kms.katalon.core.webui.keyword.WebUiBuiltInKeywords.verifyTextPresent(WebUiBuiltInKeywords.groovy:1723)
	at com.kms.katalon.core.webui.keyword.WebUiBuiltInKeywords$verifyTextPresent$6.call(Unknown Source)
	at FEINmismatchError.run(FEINmismatchError:183)
	at com.kms.katalon.core.main.ScriptEngine.run(ScriptEngine.java:194)
	at com.kms.katalon.core.main.ScriptEngine.runScriptAsRawText(ScriptEngine.java:119)
	at com.kms.katalon.core.main.TestCaseExecutor.runScript(TestCaseExecutor.java:448)
	at com.kms.katalon.core.main.TestCaseExecutor.doExecute(TestCaseExecutor.java:439)
	at com.kms.katalon.core.main.TestCaseExecutor.processExecutionPhase(TestCaseExecutor.java:418)
	at com.kms.katalon.core.main.TestCaseExecutor.accessMainPhase(TestCaseExecutor.java:410)
	at com.kms.katalon.core.main.TestCaseExecutor.execute(TestCaseExecutor.java:285)
	at com.kms.katalon.core.common.CommonExecutor.accessTestCaseMainPhase(CommonExecutor.java:65)
	at com.kms.katalon.core.main.TestSuiteExecutor.accessTestSuiteMainPhase(TestSuiteExecutor.java:148)
	at com.kms.katalon.core.main.TestSuiteExecutor.execute(TestSuiteExecutor.java:106)
	at com.kms.katalon.core.main.TestCaseMain.startTestSuite(TestCaseMain.java:187)
	at com.kms.katalon.core.main.TestCaseMain$startTestSuite$0.call(Unknown Source)
	at TempTestSuite1705202981112.run(TempTestSuite1705202981112.groovy:36)
)

2024-01-13 22:34:01 - [MESSAGE][FAILED] - Text 'The FEIN and Re-type FEIN do not match' is not present on page  using regular expression (Root cause: com.kms.katalon.core.exception.StepFailedException: Text 'The FEIN and Re-type FEIN do not match' is not present on page  using regular expression
	at com.kms.katalon.core.webui.keyword.internal.WebUIKeywordMain.stepFailed(WebUIKeywordMain.groovy:64)
	at com.kms.katalon.core.webui.keyword.builtin.VerifyTextPresentKeyword$_verifyTextPresent_closure1.doCall(VerifyTextPresentKeyword.groovy:79)
	at com.kms.katalon.core.webui.keyword.builtin.VerifyTextPresentKeyword$_verifyTextPresent_closure1.call(VerifyTextPresentKeyword.groovy)
	at com.kms.katalon.core.webui.keyword.internal.WebUIKeywordMain.runKeyword(WebUIKeywordMain.groovy:20)
	at com.kms.katalon.core.webui.keyword.builtin.VerifyTextPresentKeyword.verifyTextPresent(VerifyTextPresentKeyword.groovy:83)
	at com.kms.katalon.core.webui.keyword.builtin.VerifyTextPresentKeyword.execute(VerifyTextPresentKeyword.groovy:68)
	at com.kms.katalon.core.keyword.internal.KeywordExecutor.executeKeywordForPlatform(KeywordExecutor.groovy:74)
	at com.kms.katalon.core.webui.keyword.WebUiBuiltInKeywords.verifyTextPresent(WebUiBuiltInKeywords.groovy:1723)
	at com.kms.katalon.core.webui.keyword.WebUiBuiltInKeywords$verifyTextPresent$6.call(Unknown Source)
	at FEINmismatchError.run(FEINmismatchError:183)
	at com.kms.katalon.core.main.ScriptEngine.run(ScriptEngine.java:194)
	at com.kms.katalon.core.main.ScriptEngine.runScriptAsRawText(ScriptEngine.java:119)
	at com.kms.katalon.core.main.TestCaseExecutor.runScript(TestCaseExecutor.java:448)
	at com.kms.katalon.core.main.TestCaseExecutor.doExecute(TestCaseExecutor.java:439)
	at com.kms.katalon.core.main.TestCaseExecutor.processExecutionPhase(TestCaseExecutor.java:418)
	at com.kms.katalon.core.main.TestCaseExecutor.accessMainPhase(TestCaseExecutor.java:410)
	at com.kms.katalon.core.main.TestCaseExecutor.execute(TestCaseExecutor.java:285)
	at com.kms.katalon.core.common.CommonExecutor.accessTestCaseMainPhase(CommonExecutor.java:65)
	at com.kms.katalon.core.main.TestSuiteExecutor.accessTestSuiteMainPhase(TestSuiteExecutor.java:148)
	at com.kms.katalon.core.main.TestSuiteExecutor.execute(TestSuiteExecutor.java:106)
	at com.kms.katalon.core.main.TestCaseMain.startTestSuite(TestCaseMain.java:187)
	at com.kms.katalon.core.main.TestCaseMain$startTestSuite$0.call(Unknown Source)
	at TempTestSuite1705202981112.run(TempTestSuite1705202981112.groovy:36)
)

2024-01-13 22:34:01 - [TEST_STEP][PASSED] - else: pages.WriteExcel.demoKey is PASSED

2024-01-13 22:34:01 - [TEST_STEP][PASSED] - println("Error Message is NOT present on the page"): null

2024-01-13 22:34:01 - [TEST_STEP][PASSED] - out.println("Fail Record Number: " + row): null

2024-01-13 22:34:01 - [TEST_STEP][PASSED] - resText = "Fail": null

2024-01-13 22:34:01 - [TEST_STEP][PASSED] - pages.WriteExcel.demoKey(resText, datText, resColumn, datCloumn, fileLoc, nameSheet, row): pages.WriteExcel.demoKey is PASSED

2024-01-13 22:34:01 - [MESSAGE][PASSED] - pages.WriteExcel.demoKey is PASSED

2024-01-13 22:34:01 - [TEST_STEP][PASSED] - ExecuteTC = findTestData(dataFile).getValue("Execute", row): null

2024-01-13 22:34:01 - [TEST_STEP][PASSED] - Taxtype = findTestData(dataFile).getValue("TaxType", row): null

2024-01-13 22:34:01 - [TEST_STEP][PASSED] - Paymenttype = findTestData(dataFile).getValue("PaymentType", row): null

2024-01-13 22:34:01 - [TEST_STEP][PASSED] - out.println("Value of Execute is : " + ExecuteTC): null

2024-01-13 22:34:01 - [TEST_STEP][PASSED] - if (ExecuteTC.equalsIgnoreCase("Y")): null

2024-01-13 22:34:01 - [TEST_STEP][PASSED] - out.println("Begin Record Number: " + row): null

2024-01-13 22:34:01 - [TEST_STEP][PASSED] - today = new java.util.Date(): null

2024-01-13 22:34:01 - [TEST_STEP][PASSED] - println(today): null

2024-01-13 22:34:01 - [TEST_STEP][PASSED] - datText = today: null

2024-01-13 22:34:01 - [TEST_STEP][PASSED] - Taxtype = findTestData(dataFile).getValue("TaxType", row): null

2024-01-13 22:34:02 - [TEST_STEP][PASSED] - out.println("Taxtype value is : " + Taxtype): null

2024-01-13 22:34:02 - [TEST_STEP][PASSED] - openBrowser(""): Browser is opened with url: ''

2024-01-13 22:34:02 - [MESSAGE][WARNING] - A browser is already opened. Closing browser and opening a new one

2024-01-13 22:34:02 - [MESSAGE][INFO] - Starting 'Chrome' driver

2024-01-13 22:34:02 - [MESSAGE][INFO] - User set preference: ['acceptInsecureCerts', 'true']

2024-01-13 22:34:02 - [MESSAGE][INFO] - Action delay is set to 0 milliseconds

2024-01-13 22:34:04 - [MESSAGE][PASSED] - Browser is opened with url: ''

2024-01-13 22:34:04 - [TEST_STEP][PASSED] - maximizeWindow(): Current window maximized

2024-01-13 22:34:04 - [MESSAGE][PASSED] - Current window maximized

2024-01-13 22:34:04 - [TEST_STEP][PASSED] - navigateToUrl(RADurl): Navigate to 'https://qa2.velocitypayment.com/client/rad/index.html' successfully

2024-01-13 22:34:06 - [MESSAGE][PASSED] - Navigate to 'https://qa2.velocitypayment.com/client/rad/index.html' successfully

2024-01-13 22:34:06 - [TEST_STEP][PASSED] - orPath_Landing = "Object Repository/RAD_Pages/Landing_Page": null

2024-01-13 22:34:06 - [TEST_STEP][PASSED] - orPath_TaxTypeFilingYear = "Object Repository/RAD_Pages/TaxTypeFilingYear_Page": null

2024-01-13 22:34:06 - [TEST_STEP][PASSED] - orPath_TaxPayer = "Object Repository/RAD_Pages/Taxpayer_Page": null

2024-01-13 22:34:06 - [TEST_STEP][PASSED] - orPath_AddressContact = "Object Repository/RAD_Pages/AddressAndContactInfo_Page": null

2024-01-13 22:34:06 - [TEST_STEP][PASSED] - orPath_FilingStatus = "Object Repository/RAD_Pages/FilingStatus_Page": null

2024-01-13 22:34:06 - [TEST_STEP][PASSED] - orPath_Amount = "Object Repository/RAD_Pages/PaymentAmount_Page": null

2024-01-13 22:34:06 - [TEST_STEP][PASSED] - orPath_TaxInfo = "Object Repository/RAD_Pages/TaxInfo_Page": null

2024-01-13 22:34:06 - [TEST_STEP][PASSED] - orPath_Withholding = "Object Repository/RAD_Pages/Withholding_Page": null

2024-01-13 22:34:06 - [TEST_STEP][PASSED] - orPath_Summary = "Object Repository/RAD_Pages/Summary_Page": null

2024-01-13 22:34:06 - [TEST_STEP][PASSED] - orPath_PaymentReady = "Object Repository/RAD_Pages/PaymentReady_Page": null

2024-01-13 22:34:06 - [TEST_STEP][PASSED] - orPath_PaymentEntry = "Object Repository/RAD_Pages/PaymentEntry_Page": null

2024-01-13 22:34:06 - [TEST_STEP][PASSED] - orPath_PaymentConfirmation = "Object Repository/RAD_Pages/PaymentConfirmation_Page": null

2024-01-13 22:34:06 - [TEST_STEP][PASSED] - orPath_ServiceFeesAccept = "Object Repository/RAD_Pages/ServiceFeeAccept_Page": null

2024-01-13 22:34:06 - [TEST_STEP][PASSED] - selectOptionByLabel(findTestObject(orPath_Landing + "/dd_TaxType"), Paymenttype, false): All options with label 'New Tax Return Amount Due' are selected in object 'Object Repository/RAD_Pages/Landing_Page/dd_TaxType' 

2024-01-13 22:34:06 - [MESSAGE][PASSED] - All options with label 'New Tax Return Amount Due' are selected in object 'Object Repository/RAD_Pages/Landing_Page/dd_TaxType' 

2024-01-13 22:34:06 - [TEST_STEP][PASSED] - delay(1): Delayed 1 second(s)

2024-01-13 22:34:07 - [MESSAGE][PASSED] - Delayed 1 second(s)

2024-01-13 22:34:07 - [TEST_STEP][PASSED] - switch (Paymenttype): null

2024-01-13 22:34:07 - [TEST_STEP][PASSED] - case "New Tax Return Amount Due":: null

2024-01-13 22:34:07 - [TEST_STEP][PASSED] - selectOptionByLabel(findTestObject("Object Repository/RAD_Pages/Landing_Page/select_NewTaxReturnAmountDue_TaxType"), Taxtype, false): All options with label 'Motor Fuel Tax' are selected in object 'Object Repository/RAD_Pages/Landing_Page/select_NewTaxReturnAmountDue_TaxType' 

2024-01-13 22:34:08 - [MESSAGE][PASSED] - All options with label 'Motor Fuel Tax' are selected in object 'Object Repository/RAD_Pages/Landing_Page/select_NewTaxReturnAmountDue_TaxType' 

2024-01-13 22:34:08 - [TEST_STEP][PASSED] - break: null

2024-01-13 22:34:08 - [TEST_STEP][PASSED] - delay(1): Delayed 1 second(s)

2024-01-13 22:34:09 - [MESSAGE][PASSED] - Delayed 1 second(s)

2024-01-13 22:34:09 - [TEST_STEP][PASSED] - scrollToElement(findTestObject(orPath_Amount + "/input__paymentAmount"), 2, CONTINUE_ON_FAILURE): Scroll to object 'Object Repository/RAD_Pages/PaymentAmount_Page/input__paymentAmount' successfully

2024-01-13 22:34:09 - [MESSAGE][PASSED] - Scroll to object 'Object Repository/RAD_Pages/PaymentAmount_Page/input__paymentAmount' successfully

2024-01-13 22:34:09 - [TEST_STEP][PASSED] - switch (Paymenttype): null

2024-01-13 22:34:09 - [TEST_STEP][PASSED] - case "New Tax Return Amount Due":: null

2024-01-13 22:34:09 - [TEST_STEP][PASSED] - setEncryptedText(findTestObject(orPath_TaxInfo + "/input_FederalEIN-2"), "RigbBhfdqODKcAsiUrg+1Q=="): Text ****** has been set on object 'Object Repository/RAD_Pages/TaxInfo_Page/input_FederalEIN-2'

2024-01-13 22:34:10 - [MESSAGE][PASSED] - Text ****** has been set on object 'Object Repository/RAD_Pages/TaxInfo_Page/input_FederalEIN-2'

2024-01-13 22:34:10 - [TEST_STEP][PASSED] - setEncryptedText(findTestObject(orPath_TaxInfo + "/input_FederalEIN_ReEnter-2"), "RigbBhfdqOBBGbZqm4oFJQ=="): Text ****** has been set on object 'Object Repository/RAD_Pages/TaxInfo_Page/input_FederalEIN_ReEnter-2'

2024-01-13 22:34:10 - [MESSAGE][PASSED] - Text ****** has been set on object 'Object Repository/RAD_Pages/TaxInfo_Page/input_FederalEIN_ReEnter-2'

2024-01-13 22:34:10 - [TEST_STEP][PASSED] - break: null

2024-01-13 22:34:10 - [TEST_STEP][PASSED] - setText(findTestObject(orPath_Amount + "/input__paymentAmount"), ""): Text '' is set on object 'Object Repository/RAD_Pages/PaymentAmount_Page/input__paymentAmount'

2024-01-13 22:34:11 - [MESSAGE][PASSED] - Text '' is set on object 'Object Repository/RAD_Pages/PaymentAmount_Page/input__paymentAmount'

2024-01-13 22:34:11 - [TEST_STEP][PASSED] - verifyTextPresent("The FEIN and Re-type FEIN do not match", true): Text 'The FEIN and Re-type FEIN do not match' is present on page  using regular expression

2024-01-13 22:34:12 - [MESSAGE][PASSED] - Text 'The FEIN and Re-type FEIN do not match' is present on page  using regular expression

2024-01-13 22:34:12 - [TEST_STEP][PASSED] - if (verifyTextPresent("The FEIN and Re-type FEIN do not match", true)): null

2024-01-13 22:34:12 - [MESSAGE][PASSED] - Text 'The FEIN and Re-type FEIN do not match' is present on page  using regular expression

2024-01-13 22:34:12 - [TEST_STEP][PASSED] - println("Error Message is present on the page"): null

2024-01-13 22:34:12 - [TEST_STEP][PASSED] - out.println("Pass Record Number: " + row): null

2024-01-13 22:34:12 - [TEST_STEP][PASSED] - resText = "Pass": null

2024-01-13 22:34:12 - [TEST_STEP][PASSED] - pages.WriteExcel.demoKey(resText, datText, resColumn, datCloumn, fileLoc, nameSheet, row): pages.WriteExcel.demoKey is PASSED

2024-01-13 22:34:12 - [MESSAGE][PASSED] - pages.WriteExcel.demoKey is PASSED

2024-01-13 22:34:12 - [TEST_STEP][PASSED] - ExecuteTC = findTestData(dataFile).getValue("Execute", row): null

2024-01-13 22:34:12 - [TEST_STEP][PASSED] - Taxtype = findTestData(dataFile).getValue("TaxType", row): null

2024-01-13 22:34:12 - [TEST_STEP][PASSED] - Paymenttype = findTestData(dataFile).getValue("PaymentType", row): null

2024-01-13 22:34:12 - [TEST_STEP][PASSED] - out.println("Value of Execute is : " + ExecuteTC): null

2024-01-13 22:34:12 - [TEST_STEP][PASSED] - if (ExecuteTC.equalsIgnoreCase("Y")): null

2024-01-13 22:34:12 - [TEST_STEP][PASSED] - out.println("Begin Record Number: " + row): null

2024-01-13 22:34:12 - [TEST_STEP][PASSED] - today = new java.util.Date(): null

2024-01-13 22:34:12 - [TEST_STEP][PASSED] - println(today): null

2024-01-13 22:34:12 - [TEST_STEP][PASSED] - datText = today: null

2024-01-13 22:34:12 - [TEST_STEP][PASSED] - Taxtype = findTestData(dataFile).getValue("TaxType", row): null

2024-01-13 22:34:12 - [TEST_STEP][PASSED] - out.println("Taxtype value is : " + Taxtype): null

2024-01-13 22:34:12 - [TEST_STEP][PASSED] - openBrowser(""): Browser is opened with url: ''

2024-01-13 22:34:12 - [MESSAGE][WARNING] - A browser is already opened. Closing browser and opening a new one

2024-01-13 22:34:13 - [MESSAGE][INFO] - Starting 'Chrome' driver

2024-01-13 22:34:13 - [MESSAGE][INFO] - User set preference: ['acceptInsecureCerts', 'true']

2024-01-13 22:34:13 - [MESSAGE][INFO] - Action delay is set to 0 milliseconds

2024-01-13 22:34:15 - [MESSAGE][PASSED] - Browser is opened with url: ''

2024-01-13 22:34:15 - [TEST_STEP][PASSED] - maximizeWindow(): Current window maximized

2024-01-13 22:34:15 - [MESSAGE][PASSED] - Current window maximized

2024-01-13 22:34:15 - [TEST_STEP][PASSED] - navigateToUrl(RADurl): Navigate to 'https://qa2.velocitypayment.com/client/rad/index.html' successfully

2024-01-13 22:34:15 - [MESSAGE][PASSED] - Navigate to 'https://qa2.velocitypayment.com/client/rad/index.html' successfully

2024-01-13 22:34:15 - [TEST_STEP][PASSED] - orPath_Landing = "Object Repository/RAD_Pages/Landing_Page": null

2024-01-13 22:34:15 - [TEST_STEP][PASSED] - orPath_TaxTypeFilingYear = "Object Repository/RAD_Pages/TaxTypeFilingYear_Page": null

2024-01-13 22:34:15 - [TEST_STEP][PASSED] - orPath_TaxPayer = "Object Repository/RAD_Pages/Taxpayer_Page": null

2024-01-13 22:34:15 - [TEST_STEP][PASSED] - orPath_AddressContact = "Object Repository/RAD_Pages/AddressAndContactInfo_Page": null

2024-01-13 22:34:15 - [TEST_STEP][PASSED] - orPath_FilingStatus = "Object Repository/RAD_Pages/FilingStatus_Page": null

2024-01-13 22:34:15 - [TEST_STEP][PASSED] - orPath_Amount = "Object Repository/RAD_Pages/PaymentAmount_Page": null

2024-01-13 22:34:15 - [TEST_STEP][PASSED] - orPath_TaxInfo = "Object Repository/RAD_Pages/TaxInfo_Page": null

2024-01-13 22:34:15 - [TEST_STEP][PASSED] - orPath_Withholding = "Object Repository/RAD_Pages/Withholding_Page": null

2024-01-13 22:34:15 - [TEST_STEP][PASSED] - orPath_Summary = "Object Repository/RAD_Pages/Summary_Page": null

2024-01-13 22:34:15 - [TEST_STEP][PASSED] - orPath_PaymentReady = "Object Repository/RAD_Pages/PaymentReady_Page": null

2024-01-13 22:34:15 - [TEST_STEP][PASSED] - orPath_PaymentEntry = "Object Repository/RAD_Pages/PaymentEntry_Page": null

2024-01-13 22:34:15 - [TEST_STEP][PASSED] - orPath_PaymentConfirmation = "Object Repository/RAD_Pages/PaymentConfirmation_Page": null

2024-01-13 22:34:15 - [TEST_STEP][PASSED] - orPath_ServiceFeesAccept = "Object Repository/RAD_Pages/ServiceFeeAccept_Page": null

2024-01-13 22:34:15 - [TEST_STEP][PASSED] - selectOptionByLabel(findTestObject(orPath_Landing + "/dd_TaxType"), Paymenttype, false): All options with label 'New Tax Return Amount Due' are selected in object 'Object Repository/RAD_Pages/Landing_Page/dd_TaxType' 

2024-01-13 22:34:17 - [MESSAGE][PASSED] - All options with label 'New Tax Return Amount Due' are selected in object 'Object Repository/RAD_Pages/Landing_Page/dd_TaxType' 

2024-01-13 22:34:17 - [TEST_STEP][PASSED] - delay(1): Delayed 1 second(s)

2024-01-13 22:34:18 - [MESSAGE][PASSED] - Delayed 1 second(s)

2024-01-13 22:34:18 - [TEST_STEP][PASSED] - switch (Paymenttype): null

2024-01-13 22:34:18 - [TEST_STEP][PASSED] - case "New Tax Return Amount Due":: null

2024-01-13 22:34:18 - [TEST_STEP][PASSED] - selectOptionByLabel(findTestObject("Object Repository/RAD_Pages/Landing_Page/select_NewTaxReturnAmountDue_TaxType"), Taxtype, false): All options with label 'Sales and Use Tax' are selected in object 'Object Repository/RAD_Pages/Landing_Page/select_NewTaxReturnAmountDue_TaxType' 

2024-01-13 22:34:18 - [MESSAGE][PASSED] - All options with label 'Sales and Use Tax' are selected in object 'Object Repository/RAD_Pages/Landing_Page/select_NewTaxReturnAmountDue_TaxType' 

2024-01-13 22:34:18 - [TEST_STEP][PASSED] - break: null

2024-01-13 22:34:18 - [TEST_STEP][PASSED] - delay(1): Delayed 1 second(s)

2024-01-13 22:34:19 - [MESSAGE][PASSED] - Delayed 1 second(s)

2024-01-13 22:34:19 - [TEST_STEP][PASSED] - scrollToElement(findTestObject(orPath_Amount + "/input__paymentAmount"), 2, CONTINUE_ON_FAILURE): Scroll to object 'Object Repository/RAD_Pages/PaymentAmount_Page/input__paymentAmount' successfully

2024-01-13 22:34:20 - [MESSAGE][PASSED] - Scroll to object 'Object Repository/RAD_Pages/PaymentAmount_Page/input__paymentAmount' successfully

2024-01-13 22:34:20 - [TEST_STEP][PASSED] - switch (Paymenttype): null

2024-01-13 22:34:20 - [TEST_STEP][PASSED] - case "New Tax Return Amount Due":: null

2024-01-13 22:34:20 - [TEST_STEP][PASSED] - setEncryptedText(findTestObject(orPath_TaxInfo + "/input_FederalEIN-2"), "RigbBhfdqODKcAsiUrg+1Q=="): Text ****** has been set on object 'Object Repository/RAD_Pages/TaxInfo_Page/input_FederalEIN-2'

2024-01-13 22:34:20 - [MESSAGE][PASSED] - Text ****** has been set on object 'Object Repository/RAD_Pages/TaxInfo_Page/input_FederalEIN-2'

2024-01-13 22:34:20 - [TEST_STEP][PASSED] - setEncryptedText(findTestObject(orPath_TaxInfo + "/input_FederalEIN_ReEnter-2"), "RigbBhfdqOBBGbZqm4oFJQ=="): Text ****** has been set on object 'Object Repository/RAD_Pages/TaxInfo_Page/input_FederalEIN_ReEnter-2'

2024-01-13 22:34:21 - [MESSAGE][PASSED] - Text ****** has been set on object 'Object Repository/RAD_Pages/TaxInfo_Page/input_FederalEIN_ReEnter-2'

2024-01-13 22:34:21 - [TEST_STEP][PASSED] - break: null

2024-01-13 22:34:21 - [TEST_STEP][PASSED] - setText(findTestObject(orPath_Amount + "/input__paymentAmount"), ""): Text '' is set on object 'Object Repository/RAD_Pages/PaymentAmount_Page/input__paymentAmount'

2024-01-13 22:34:21 - [MESSAGE][PASSED] - Text '' is set on object 'Object Repository/RAD_Pages/PaymentAmount_Page/input__paymentAmount'

2024-01-13 22:34:21 - [TEST_STEP][PASSED] - verifyTextPresent("The FEIN and Re-type FEIN do not match", true): Text 'The FEIN and Re-type FEIN do not match' is present on page  using regular expression

2024-01-13 22:34:22 - [MESSAGE][PASSED] - Text 'The FEIN and Re-type FEIN do not match' is present on page  using regular expression

2024-01-13 22:34:22 - [TEST_STEP][PASSED] - if (verifyTextPresent("The FEIN and Re-type FEIN do not match", true)): null

2024-01-13 22:34:22 - [MESSAGE][PASSED] - Text 'The FEIN and Re-type FEIN do not match' is present on page  using regular expression

2024-01-13 22:34:22 - [TEST_STEP][PASSED] - println("Error Message is present on the page"): null

2024-01-13 22:34:22 - [TEST_STEP][PASSED] - out.println("Pass Record Number: " + row): null

2024-01-13 22:34:22 - [TEST_STEP][PASSED] - resText = "Pass": null

2024-01-13 22:34:22 - [TEST_STEP][PASSED] - pages.WriteExcel.demoKey(resText, datText, resColumn, datCloumn, fileLoc, nameSheet, row): pages.WriteExcel.demoKey is PASSED

2024-01-13 22:34:22 - [MESSAGE][PASSED] - pages.WriteExcel.demoKey is PASSED

2024-01-13 22:34:22 - [TEST_STEP][PASSED] - ExecuteTC = findTestData(dataFile).getValue("Execute", row): null

2024-01-13 22:34:22 - [TEST_STEP][PASSED] - Taxtype = findTestData(dataFile).getValue("TaxType", row): null

2024-01-13 22:34:23 - [TEST_STEP][PASSED] - Paymenttype = findTestData(dataFile).getValue("PaymentType", row): null

2024-01-13 22:34:23 - [TEST_STEP][PASSED] - out.println("Value of Execute is : " + ExecuteTC): null

2024-01-13 22:34:23 - [TEST_STEP][PASSED] - if (ExecuteTC.equalsIgnoreCase("Y")): null

2024-01-13 22:34:23 - [TEST_STEP][PASSED] - out.println("Begin Record Number: " + row): null

2024-01-13 22:34:23 - [TEST_STEP][PASSED] - today = new java.util.Date(): null

2024-01-13 22:34:23 - [TEST_STEP][PASSED] - println(today): null

2024-01-13 22:34:23 - [TEST_STEP][PASSED] - datText = today: null

2024-01-13 22:34:23 - [TEST_STEP][PASSED] - Taxtype = findTestData(dataFile).getValue("TaxType", row): null

2024-01-13 22:34:23 - [TEST_STEP][PASSED] - out.println("Taxtype value is : " + Taxtype): null

2024-01-13 22:34:23 - [TEST_STEP][PASSED] - openBrowser(""): Browser is opened with url: ''

2024-01-13 22:34:23 - [MESSAGE][WARNING] - A browser is already opened. Closing browser and opening a new one

2024-01-13 22:34:24 - [MESSAGE][INFO] - Starting 'Chrome' driver

2024-01-13 22:34:24 - [MESSAGE][INFO] - User set preference: ['acceptInsecureCerts', 'true']

2024-01-13 22:34:24 - [MESSAGE][INFO] - Action delay is set to 0 milliseconds

2024-01-13 22:34:25 - [MESSAGE][PASSED] - Browser is opened with url: ''

2024-01-13 22:34:25 - [TEST_STEP][PASSED] - maximizeWindow(): Current window maximized

2024-01-13 22:34:25 - [MESSAGE][PASSED] - Current window maximized

2024-01-13 22:34:25 - [TEST_STEP][PASSED] - navigateToUrl(RADurl): Navigate to 'https://qa2.velocitypayment.com/client/rad/index.html' successfully

2024-01-13 22:34:27 - [MESSAGE][PASSED] - Navigate to 'https://qa2.velocitypayment.com/client/rad/index.html' successfully

2024-01-13 22:34:27 - [TEST_STEP][PASSED] - orPath_Landing = "Object Repository/RAD_Pages/Landing_Page": null

2024-01-13 22:34:27 - [TEST_STEP][PASSED] - orPath_TaxTypeFilingYear = "Object Repository/RAD_Pages/TaxTypeFilingYear_Page": null

2024-01-13 22:34:27 - [TEST_STEP][PASSED] - orPath_TaxPayer = "Object Repository/RAD_Pages/Taxpayer_Page": null

2024-01-13 22:34:27 - [TEST_STEP][PASSED] - orPath_AddressContact = "Object Repository/RAD_Pages/AddressAndContactInfo_Page": null

2024-01-13 22:34:27 - [TEST_STEP][PASSED] - orPath_FilingStatus = "Object Repository/RAD_Pages/FilingStatus_Page": null

2024-01-13 22:34:27 - [TEST_STEP][PASSED] - orPath_Amount = "Object Repository/RAD_Pages/PaymentAmount_Page": null

2024-01-13 22:34:27 - [TEST_STEP][PASSED] - orPath_TaxInfo = "Object Repository/RAD_Pages/TaxInfo_Page": null

2024-01-13 22:34:27 - [TEST_STEP][PASSED] - orPath_Withholding = "Object Repository/RAD_Pages/Withholding_Page": null

2024-01-13 22:34:27 - [TEST_STEP][PASSED] - orPath_Summary = "Object Repository/RAD_Pages/Summary_Page": null

2024-01-13 22:34:27 - [TEST_STEP][PASSED] - orPath_PaymentReady = "Object Repository/RAD_Pages/PaymentReady_Page": null

2024-01-13 22:34:27 - [TEST_STEP][PASSED] - orPath_PaymentEntry = "Object Repository/RAD_Pages/PaymentEntry_Page": null

2024-01-13 22:34:27 - [TEST_STEP][PASSED] - orPath_PaymentConfirmation = "Object Repository/RAD_Pages/PaymentConfirmation_Page": null

2024-01-13 22:34:27 - [TEST_STEP][PASSED] - orPath_ServiceFeesAccept = "Object Repository/RAD_Pages/ServiceFeeAccept_Page": null

2024-01-13 22:34:27 - [TEST_STEP][PASSED] - selectOptionByLabel(findTestObject(orPath_Landing + "/dd_TaxType"), Paymenttype, false): All options with label 'New Tax Return Amount Due' are selected in object 'Object Repository/RAD_Pages/Landing_Page/dd_TaxType' 

2024-01-13 22:34:27 - [MESSAGE][PASSED] - All options with label 'New Tax Return Amount Due' are selected in object 'Object Repository/RAD_Pages/Landing_Page/dd_TaxType' 

2024-01-13 22:34:27 - [TEST_STEP][PASSED] - delay(1): Delayed 1 second(s)

2024-01-13 22:34:28 - [MESSAGE][PASSED] - Delayed 1 second(s)

2024-01-13 22:34:28 - [TEST_STEP][PASSED] - switch (Paymenttype): null

2024-01-13 22:34:28 - [TEST_STEP][PASSED] - case "New Tax Return Amount Due":: null

2024-01-13 22:34:28 - [TEST_STEP][PASSED] - selectOptionByLabel(findTestObject("Object Repository/RAD_Pages/Landing_Page/select_NewTaxReturnAmountDue_TaxType"), Taxtype, false): All options with label 'Slots License Fee' are selected in object 'Object Repository/RAD_Pages/Landing_Page/select_NewTaxReturnAmountDue_TaxType' 

2024-01-13 22:34:29 - [MESSAGE][PASSED] - All options with label 'Slots License Fee' are selected in object 'Object Repository/RAD_Pages/Landing_Page/select_NewTaxReturnAmountDue_TaxType' 

2024-01-13 22:34:29 - [TEST_STEP][PASSED] - break: null

2024-01-13 22:34:29 - [TEST_STEP][PASSED] - delay(1): Delayed 1 second(s)

2024-01-13 22:34:30 - [MESSAGE][PASSED] - Delayed 1 second(s)

2024-01-13 22:34:30 - [TEST_STEP][PASSED] - scrollToElement(findTestObject(orPath_Amount + "/input__paymentAmount"), 2, CONTINUE_ON_FAILURE): Scroll to object 'Object Repository/RAD_Pages/PaymentAmount_Page/input__paymentAmount' successfully

2024-01-13 22:34:30 - [MESSAGE][PASSED] - Scroll to object 'Object Repository/RAD_Pages/PaymentAmount_Page/input__paymentAmount' successfully

2024-01-13 22:34:30 - [TEST_STEP][PASSED] - switch (Paymenttype): null

2024-01-13 22:34:30 - [TEST_STEP][PASSED] - case "New Tax Return Amount Due":: null

2024-01-13 22:34:30 - [TEST_STEP][PASSED] - setEncryptedText(findTestObject(orPath_TaxInfo + "/input_FederalEIN-2"), "RigbBhfdqODKcAsiUrg+1Q=="): Text ****** has been set on object 'Object Repository/RAD_Pages/TaxInfo_Page/input_FederalEIN-2'

2024-01-13 22:34:31 - [MESSAGE][PASSED] - Text ****** has been set on object 'Object Repository/RAD_Pages/TaxInfo_Page/input_FederalEIN-2'

2024-01-13 22:34:31 - [TEST_STEP][PASSED] - setEncryptedText(findTestObject(orPath_TaxInfo + "/input_FederalEIN_ReEnter-2"), "RigbBhfdqOBBGbZqm4oFJQ=="): Text ****** has been set on object 'Object Repository/RAD_Pages/TaxInfo_Page/input_FederalEIN_ReEnter-2'

2024-01-13 22:34:31 - [MESSAGE][PASSED] - Text ****** has been set on object 'Object Repository/RAD_Pages/TaxInfo_Page/input_FederalEIN_ReEnter-2'

2024-01-13 22:34:31 - [TEST_STEP][PASSED] - break: null

2024-01-13 22:34:31 - [TEST_STEP][PASSED] - setText(findTestObject(orPath_Amount + "/input__paymentAmount"), ""): Text '' is set on object 'Object Repository/RAD_Pages/PaymentAmount_Page/input__paymentAmount'

2024-01-13 22:34:32 - [MESSAGE][PASSED] - Text '' is set on object 'Object Repository/RAD_Pages/PaymentAmount_Page/input__paymentAmount'

2024-01-13 22:34:32 - [TEST_STEP][PASSED] - verifyTextPresent("The FEIN and Re-type FEIN do not match", true): Text 'The FEIN and Re-type FEIN do not match' is present on page  using regular expression

2024-01-13 22:34:33 - [MESSAGE][PASSED] - Text 'The FEIN and Re-type FEIN do not match' is present on page  using regular expression

2024-01-13 22:34:33 - [TEST_STEP][PASSED] - if (verifyTextPresent("The FEIN and Re-type FEIN do not match", true)): null

2024-01-13 22:34:33 - [MESSAGE][PASSED] - Text 'The FEIN and Re-type FEIN do not match' is present on page  using regular expression

2024-01-13 22:34:33 - [TEST_STEP][PASSED] - println("Error Message is present on the page"): null

2024-01-13 22:34:33 - [TEST_STEP][PASSED] - out.println("Pass Record Number: " + row): null

2024-01-13 22:34:33 - [TEST_STEP][PASSED] - resText = "Pass": null

2024-01-13 22:34:33 - [TEST_STEP][PASSED] - pages.WriteExcel.demoKey(resText, datText, resColumn, datCloumn, fileLoc, nameSheet, row): pages.WriteExcel.demoKey is PASSED

2024-01-13 22:34:33 - [MESSAGE][PASSED] - pages.WriteExcel.demoKey is PASSED

2024-01-13 22:34:33 - [TEST_STEP][PASSED] - ExecuteTC = findTestData(dataFile).getValue("Execute", row): null

2024-01-13 22:34:33 - [TEST_STEP][PASSED] - Taxtype = findTestData(dataFile).getValue("TaxType", row): null

2024-01-13 22:34:33 - [TEST_STEP][PASSED] - Paymenttype = findTestData(dataFile).getValue("PaymentType", row): null

2024-01-13 22:34:33 - [TEST_STEP][PASSED] - out.println("Value of Execute is : " + ExecuteTC): null

2024-01-13 22:34:33 - [TEST_STEP][PASSED] - if (ExecuteTC.equalsIgnoreCase("Y")): null

2024-01-13 22:34:33 - [TEST_STEP][PASSED] - out.println("Begin Record Number: " + row): null

2024-01-13 22:34:33 - [TEST_STEP][PASSED] - today = new java.util.Date(): null

2024-01-13 22:34:33 - [TEST_STEP][PASSED] - println(today): null

2024-01-13 22:34:33 - [TEST_STEP][PASSED] - datText = today: null

2024-01-13 22:34:33 - [TEST_STEP][PASSED] - Taxtype = findTestData(dataFile).getValue("TaxType", row): null

2024-01-13 22:34:33 - [TEST_STEP][PASSED] - out.println("Taxtype value is : " + Taxtype): null

2024-01-13 22:34:33 - [TEST_STEP][PASSED] - openBrowser(""): Browser is opened with url: ''

2024-01-13 22:34:33 - [MESSAGE][WARNING] - A browser is already opened. Closing browser and opening a new one

2024-01-13 22:34:34 - [MESSAGE][INFO] - Starting 'Chrome' driver

2024-01-13 22:34:34 - [MESSAGE][INFO] - User set preference: ['acceptInsecureCerts', 'true']

2024-01-13 22:34:34 - [MESSAGE][INFO] - Action delay is set to 0 milliseconds

2024-01-13 22:34:36 - [MESSAGE][PASSED] - Browser is opened with url: ''

2024-01-13 22:34:36 - [TEST_STEP][PASSED] - maximizeWindow(): Current window maximized

2024-01-13 22:34:36 - [MESSAGE][PASSED] - Current window maximized

2024-01-13 22:34:36 - [TEST_STEP][PASSED] - navigateToUrl(RADurl): Navigate to 'https://qa2.velocitypayment.com/client/rad/index.html' successfully

2024-01-13 22:34:37 - [MESSAGE][PASSED] - Navigate to 'https://qa2.velocitypayment.com/client/rad/index.html' successfully

2024-01-13 22:34:37 - [TEST_STEP][PASSED] - orPath_Landing = "Object Repository/RAD_Pages/Landing_Page": null

2024-01-13 22:34:37 - [TEST_STEP][PASSED] - orPath_TaxTypeFilingYear = "Object Repository/RAD_Pages/TaxTypeFilingYear_Page": null

2024-01-13 22:34:37 - [TEST_STEP][PASSED] - orPath_TaxPayer = "Object Repository/RAD_Pages/Taxpayer_Page": null

2024-01-13 22:34:37 - [TEST_STEP][PASSED] - orPath_AddressContact = "Object Repository/RAD_Pages/AddressAndContactInfo_Page": null

2024-01-13 22:34:37 - [TEST_STEP][PASSED] - orPath_FilingStatus = "Object Repository/RAD_Pages/FilingStatus_Page": null

2024-01-13 22:34:37 - [TEST_STEP][PASSED] - orPath_Amount = "Object Repository/RAD_Pages/PaymentAmount_Page": null

2024-01-13 22:34:37 - [TEST_STEP][PASSED] - orPath_TaxInfo = "Object Repository/RAD_Pages/TaxInfo_Page": null

2024-01-13 22:34:37 - [TEST_STEP][PASSED] - orPath_Withholding = "Object Repository/RAD_Pages/Withholding_Page": null

2024-01-13 22:34:37 - [TEST_STEP][PASSED] - orPath_Summary = "Object Repository/RAD_Pages/Summary_Page": null

2024-01-13 22:34:37 - [TEST_STEP][PASSED] - orPath_PaymentReady = "Object Repository/RAD_Pages/PaymentReady_Page": null

2024-01-13 22:34:37 - [TEST_STEP][PASSED] - orPath_PaymentEntry = "Object Repository/RAD_Pages/PaymentEntry_Page": null

2024-01-13 22:34:37 - [TEST_STEP][PASSED] - orPath_PaymentConfirmation = "Object Repository/RAD_Pages/PaymentConfirmation_Page": null

2024-01-13 22:34:37 - [TEST_STEP][PASSED] - orPath_ServiceFeesAccept = "Object Repository/RAD_Pages/ServiceFeeAccept_Page": null

2024-01-13 22:34:37 - [TEST_STEP][PASSED] - selectOptionByLabel(findTestObject(orPath_Landing + "/dd_TaxType"), Paymenttype, false): All options with label 'New Tax Return Amount Due' are selected in object 'Object Repository/RAD_Pages/Landing_Page/dd_TaxType' 

2024-01-13 22:34:38 - [MESSAGE][PASSED] - All options with label 'New Tax Return Amount Due' are selected in object 'Object Repository/RAD_Pages/Landing_Page/dd_TaxType' 

2024-01-13 22:34:38 - [TEST_STEP][PASSED] - delay(1): Delayed 1 second(s)

2024-01-13 22:34:39 - [MESSAGE][PASSED] - Delayed 1 second(s)

2024-01-13 22:34:39 - [TEST_STEP][PASSED] - switch (Paymenttype): null

2024-01-13 22:34:39 - [TEST_STEP][PASSED] - case "New Tax Return Amount Due":: null

2024-01-13 22:34:39 - [TEST_STEP][PASSED] - selectOptionByLabel(findTestObject("Object Repository/RAD_Pages/Landing_Page/select_NewTaxReturnAmountDue_TaxType"), Taxtype, false): All options with label 'Tire Recycling Fee' are selected in object 'Object Repository/RAD_Pages/Landing_Page/select_NewTaxReturnAmountDue_TaxType' 

2024-01-13 22:34:40 - [MESSAGE][PASSED] - All options with label 'Tire Recycling Fee' are selected in object 'Object Repository/RAD_Pages/Landing_Page/select_NewTaxReturnAmountDue_TaxType' 

2024-01-13 22:34:40 - [TEST_STEP][PASSED] - break: null

2024-01-13 22:34:40 - [TEST_STEP][PASSED] - delay(1): Delayed 1 second(s)

2024-01-13 22:34:41 - [MESSAGE][PASSED] - Delayed 1 second(s)

2024-01-13 22:34:41 - [TEST_STEP][PASSED] - scrollToElement(findTestObject(orPath_Amount + "/input__paymentAmount"), 2, CONTINUE_ON_FAILURE): Scroll to object 'Object Repository/RAD_Pages/PaymentAmount_Page/input__paymentAmount' successfully

2024-01-13 22:34:41 - [MESSAGE][PASSED] - Scroll to object 'Object Repository/RAD_Pages/PaymentAmount_Page/input__paymentAmount' successfully

2024-01-13 22:34:41 - [TEST_STEP][PASSED] - switch (Paymenttype): null

2024-01-13 22:34:41 - [TEST_STEP][PASSED] - case "New Tax Return Amount Due":: null

2024-01-13 22:34:41 - [TEST_STEP][PASSED] - setEncryptedText(findTestObject(orPath_TaxInfo + "/input_FederalEIN-2"), "RigbBhfdqODKcAsiUrg+1Q=="): Text ****** has been set on object 'Object Repository/RAD_Pages/TaxInfo_Page/input_FederalEIN-2'

2024-01-13 22:34:42 - [MESSAGE][PASSED] - Text ****** has been set on object 'Object Repository/RAD_Pages/TaxInfo_Page/input_FederalEIN-2'

2024-01-13 22:34:42 - [TEST_STEP][PASSED] - setEncryptedText(findTestObject(orPath_TaxInfo + "/input_FederalEIN_ReEnter-2"), "RigbBhfdqOBBGbZqm4oFJQ=="): Text ****** has been set on object 'Object Repository/RAD_Pages/TaxInfo_Page/input_FederalEIN_ReEnter-2'

2024-01-13 22:34:42 - [MESSAGE][PASSED] - Text ****** has been set on object 'Object Repository/RAD_Pages/TaxInfo_Page/input_FederalEIN_ReEnter-2'

2024-01-13 22:34:42 - [TEST_STEP][PASSED] - break: null

2024-01-13 22:34:42 - [TEST_STEP][PASSED] - setText(findTestObject(orPath_Amount + "/input__paymentAmount"), ""): Text '' is set on object 'Object Repository/RAD_Pages/PaymentAmount_Page/input__paymentAmount'

2024-01-13 22:34:43 - [MESSAGE][PASSED] - Text '' is set on object 'Object Repository/RAD_Pages/PaymentAmount_Page/input__paymentAmount'

2024-01-13 22:34:43 - [TEST_STEP][PASSED] - verifyTextPresent("The FEIN and Re-type FEIN do not match", true): Text 'The FEIN and Re-type FEIN do not match' is present on page  using regular expression

2024-01-13 22:34:44 - [MESSAGE][PASSED] - Text 'The FEIN and Re-type FEIN do not match' is present on page  using regular expression

2024-01-13 22:34:44 - [TEST_STEP][PASSED] - if (verifyTextPresent("The FEIN and Re-type FEIN do not match", true)): null

2024-01-13 22:34:44 - [MESSAGE][PASSED] - Text 'The FEIN and Re-type FEIN do not match' is present on page  using regular expression

2024-01-13 22:34:44 - [TEST_STEP][PASSED] - println("Error Message is present on the page"): null

2024-01-13 22:34:44 - [TEST_STEP][PASSED] - out.println("Pass Record Number: " + row): null

2024-01-13 22:34:44 - [TEST_STEP][PASSED] - resText = "Pass": null

2024-01-13 22:34:44 - [TEST_STEP][PASSED] - pages.WriteExcel.demoKey(resText, datText, resColumn, datCloumn, fileLoc, nameSheet, row): pages.WriteExcel.demoKey is PASSED

2024-01-13 22:34:44 - [MESSAGE][PASSED] - pages.WriteExcel.demoKey is PASSED

2024-01-13 22:34:44 - [TEST_STEP][PASSED] - ExecuteTC = findTestData(dataFile).getValue("Execute", row): null

2024-01-13 22:34:44 - [TEST_STEP][PASSED] - Taxtype = findTestData(dataFile).getValue("TaxType", row): null

2024-01-13 22:34:44 - [TEST_STEP][PASSED] - Paymenttype = findTestData(dataFile).getValue("PaymentType", row): null

2024-01-13 22:34:44 - [TEST_STEP][PASSED] - out.println("Value of Execute is : " + ExecuteTC): null

2024-01-13 22:34:44 - [TEST_STEP][FAILED] - if (ExecuteTC.equalsIgnoreCase("Y")): null

2024-01-13 22:34:44 - [TEST_STEP][PASSED] - out.println("Begin Record Number: " + row): null

2024-01-13 22:34:44 - [TEST_STEP][PASSED] - today = new java.util.Date(): null

2024-01-13 22:34:44 - [TEST_STEP][PASSED] - println(today): null

2024-01-13 22:34:44 - [TEST_STEP][PASSED] - datText = today: null

2024-01-13 22:34:44 - [TEST_STEP][PASSED] - Taxtype = findTestData(dataFile).getValue("TaxType", row): null

2024-01-13 22:34:44 - [TEST_STEP][PASSED] - out.println("Taxtype value is : " + Taxtype): null

2024-01-13 22:34:44 - [TEST_STEP][PASSED] - openBrowser(""): Browser is opened with url: ''

2024-01-13 22:34:44 - [MESSAGE][WARNING] - A browser is already opened. Closing browser and opening a new one

2024-01-13 22:34:45 - [MESSAGE][INFO] - Starting 'Chrome' driver

2024-01-13 22:34:45 - [MESSAGE][INFO] - User set preference: ['acceptInsecureCerts', 'true']

2024-01-13 22:34:45 - [MESSAGE][INFO] - Action delay is set to 0 milliseconds

2024-01-13 22:34:47 - [MESSAGE][PASSED] - Browser is opened with url: ''

2024-01-13 22:34:47 - [TEST_STEP][PASSED] - maximizeWindow(): Current window maximized

2024-01-13 22:34:47 - [MESSAGE][PASSED] - Current window maximized

2024-01-13 22:34:47 - [TEST_STEP][PASSED] - navigateToUrl(RADurl): Navigate to 'https://qa2.velocitypayment.com/client/rad/index.html' successfully

2024-01-13 22:34:48 - [MESSAGE][PASSED] - Navigate to 'https://qa2.velocitypayment.com/client/rad/index.html' successfully

2024-01-13 22:34:48 - [TEST_STEP][PASSED] - orPath_Landing = "Object Repository/RAD_Pages/Landing_Page": null

2024-01-13 22:34:48 - [TEST_STEP][PASSED] - orPath_TaxTypeFilingYear = "Object Repository/RAD_Pages/TaxTypeFilingYear_Page": null

2024-01-13 22:34:48 - [TEST_STEP][PASSED] - orPath_TaxPayer = "Object Repository/RAD_Pages/Taxpayer_Page": null

2024-01-13 22:34:48 - [TEST_STEP][PASSED] - orPath_AddressContact = "Object Repository/RAD_Pages/AddressAndContactInfo_Page": null

2024-01-13 22:34:48 - [TEST_STEP][PASSED] - orPath_FilingStatus = "Object Repository/RAD_Pages/FilingStatus_Page": null

2024-01-13 22:34:48 - [TEST_STEP][PASSED] - orPath_Amount = "Object Repository/RAD_Pages/PaymentAmount_Page": null

2024-01-13 22:34:48 - [TEST_STEP][PASSED] - orPath_TaxInfo = "Object Repository/RAD_Pages/TaxInfo_Page": null

2024-01-13 22:34:48 - [TEST_STEP][PASSED] - orPath_Withholding = "Object Repository/RAD_Pages/Withholding_Page": null

2024-01-13 22:34:48 - [TEST_STEP][PASSED] - orPath_Summary = "Object Repository/RAD_Pages/Summary_Page": null

2024-01-13 22:34:48 - [TEST_STEP][PASSED] - orPath_PaymentReady = "Object Repository/RAD_Pages/PaymentReady_Page": null

2024-01-13 22:34:48 - [TEST_STEP][PASSED] - orPath_PaymentEntry = "Object Repository/RAD_Pages/PaymentEntry_Page": null

2024-01-13 22:34:48 - [TEST_STEP][PASSED] - orPath_PaymentConfirmation = "Object Repository/RAD_Pages/PaymentConfirmation_Page": null

2024-01-13 22:34:48 - [TEST_STEP][PASSED] - orPath_ServiceFeesAccept = "Object Repository/RAD_Pages/ServiceFeeAccept_Page": null

2024-01-13 22:34:48 - [TEST_STEP][PASSED] - selectOptionByLabel(findTestObject(orPath_Landing + "/dd_TaxType"), Paymenttype, false): All options with label 'New Tax Return Amount Due' are selected in object 'Object Repository/RAD_Pages/Landing_Page/dd_TaxType' 

2024-01-13 22:34:49 - [MESSAGE][PASSED] - All options with label 'New Tax Return Amount Due' are selected in object 'Object Repository/RAD_Pages/Landing_Page/dd_TaxType' 

2024-01-13 22:34:49 - [TEST_STEP][PASSED] - delay(1): Delayed 1 second(s)

2024-01-13 22:34:50 - [MESSAGE][PASSED] - Delayed 1 second(s)

2024-01-13 22:34:50 - [TEST_STEP][PASSED] - switch (Paymenttype): null

2024-01-13 22:34:50 - [TEST_STEP][PASSED] - case "New Tax Return Amount Due":: null

2024-01-13 22:34:50 - [TEST_STEP][PASSED] - selectOptionByLabel(findTestObject("Object Repository/RAD_Pages/Landing_Page/select_NewTaxReturnAmountDue_TaxType"), Taxtype, false): All options with label 'Tobacco Tax' are selected in object 'Object Repository/RAD_Pages/Landing_Page/select_NewTaxReturnAmountDue_TaxType' 

2024-01-13 22:34:51 - [MESSAGE][PASSED] - All options with label 'Tobacco Tax' are selected in object 'Object Repository/RAD_Pages/Landing_Page/select_NewTaxReturnAmountDue_TaxType' 

2024-01-13 22:34:51 - [TEST_STEP][PASSED] - break: null

2024-01-13 22:34:51 - [TEST_STEP][PASSED] - delay(1): Delayed 1 second(s)

2024-01-13 22:34:52 - [MESSAGE][PASSED] - Delayed 1 second(s)

2024-01-13 22:34:52 - [TEST_STEP][PASSED] - scrollToElement(findTestObject(orPath_Amount + "/input__paymentAmount"), 2, CONTINUE_ON_FAILURE): Scroll to object 'Object Repository/RAD_Pages/PaymentAmount_Page/input__paymentAmount' successfully

2024-01-13 22:34:52 - [MESSAGE][PASSED] - Scroll to object 'Object Repository/RAD_Pages/PaymentAmount_Page/input__paymentAmount' successfully

2024-01-13 22:34:52 - [TEST_STEP][FAILED] - switch (Paymenttype): null

2024-01-13 22:34:52 - [TEST_STEP][FAILED] - case "New Tax Return Amount Due":: null

2024-01-13 22:34:52 - [TEST_STEP][FAILED] - setEncryptedText(findTestObject(orPath_TaxInfo + "/input_FederalEIN-2"), "RigbBhfdqODKcAsiUrg+1Q=="): Unable to set encrypted text for object 'Object Repository/RAD_Pages/TaxInfo_Page/input_FederalEIN-2' (Root cause: com.kms.katalon.core.exception.StepFailedException: Unable to set encrypted text for object 'Object Repository/RAD_Pages/TaxInfo_Page/input_FederalEIN-2'
	at com.kms.katalon.core.webui.keyword.internal.WebUIKeywordMain.stepFailed(WebUIKeywordMain.groovy:64)
	at com.kms.katalon.core.webui.keyword.internal.WebUIKeywordMain.runKeyword(WebUIKeywordMain.groovy:26)
	at com.kms.katalon.core.webui.keyword.builtin.SetEncryptedTextKeyword.setEncryptedText(SetEncryptedTextKeyword.groovy:65)
	at com.kms.katalon.core.webui.keyword.builtin.SetEncryptedTextKeyword.execute(SetEncryptedTextKeyword.groovy:34)
	at com.kms.katalon.core.keyword.internal.KeywordExecutor.executeKeywordForPlatform(KeywordExecutor.groovy:74)
	at com.kms.katalon.core.webui.keyword.WebUiBuiltInKeywords.setEncryptedText(WebUiBuiltInKeywords.groovy:1011)
	at com.kms.katalon.core.webui.keyword.WebUiBuiltInKeywords$setEncryptedText$4.call(Unknown Source)
	at FEINmismatchError.run(FEINmismatchError:166)
	at com.kms.katalon.core.main.ScriptEngine.run(ScriptEngine.java:194)
	at com.kms.katalon.core.main.ScriptEngine.runScriptAsRawText(ScriptEngine.java:119)
	at com.kms.katalon.core.main.TestCaseExecutor.runScript(TestCaseExecutor.java:448)
	at com.kms.katalon.core.main.TestCaseExecutor.doExecute(TestCaseExecutor.java:439)
	at com.kms.katalon.core.main.TestCaseExecutor.processExecutionPhase(TestCaseExecutor.java:418)
	at com.kms.katalon.core.main.TestCaseExecutor.accessMainPhase(TestCaseExecutor.java:410)
	at com.kms.katalon.core.main.TestCaseExecutor.execute(TestCaseExecutor.java:285)
	at com.kms.katalon.core.common.CommonExecutor.accessTestCaseMainPhase(CommonExecutor.java:65)
	at com.kms.katalon.core.main.TestSuiteExecutor.accessTestSuiteMainPhase(TestSuiteExecutor.java:148)
	at com.kms.katalon.core.main.TestSuiteExecutor.execute(TestSuiteExecutor.java:106)
	at com.kms.katalon.core.main.TestCaseMain.startTestSuite(TestCaseMain.java:187)
	at com.kms.katalon.core.main.TestCaseMain$startTestSuite$0.call(Unknown Source)
	at TempTestSuite1705202981112.run(TempTestSuite1705202981112.groovy:36)
Caused by: org.openqa.selenium.ElementNotInteractableException: element not interactable
  (Session info: chrome=120.0.6099.200)
Build info: version: '3.141.59', revision: 'e82be7d358', time: '2018-11-14T08:25:53'
System info: host: 'DESKTOP-B2QI6NS', ip: '172.31.253.139', os.name: 'Windows 10', os.arch: 'amd64', os.version: '10.0', java.version: '1.8.0_181'
Driver info: com.kms.katalon.selenium.driver.CChromeDriver
Capabilities {acceptInsecureCerts: true, browserName: chrome, browserVersion: 120.0.6099.200, chrome: {chromedriverVersion: 119.0.6045.105 (38c72552c5e..., userDataDir: C:\Users\imtiaz\AppData\Loc...}, fedcm:accounts: true, goog:chromeOptions: {debuggerAddress: localhost:56647}, javascriptEnabled: true, networkConnectionEnabled: false, pageLoadStrategy: normal, platform: WINDOWS, platformName: WINDOWS, proxy: Proxy(), setWindowRect: true, strictFileInteractability: false, timeouts: {implicit: 0, pageLoad: 300000, script: 30000}, unhandledPromptBehavior: dismiss and notify, webauthn:extension:credBlob: true, webauthn:extension:largeBlob: true, webauthn:extension:minPinLength: true, webauthn:extension:prf: true, webauthn:virtualAuthenticators: true}
Session ID: d1db379e7bd40221316cd89b7b32aa01
	at org.openqa.selenium.remote.http.W3CHttpResponseCodec.createException(W3CHttpResponseCodec.java:187)
	at org.openqa.selenium.remote.http.W3CHttpResponseCodec.decode(W3CHttpResponseCodec.java:122)
	at org.openqa.selenium.remote.http.W3CHttpResponseCodec.decode(W3CHttpResponseCodec.java:49)
	at org.openqa.selenium.remote.HttpCommandExecutor.execute(HttpCommandExecutor.java:158)
	at org.openqa.selenium.remote.service.DriverCommandExecutor.execute(DriverCommandExecutor.java:83)
	at org.openqa.selenium.remote.RemoteWebDriver.execute(RemoteWebDriver.java:552)
	at com.kms.katalon.selenium.driver.CChromeDriver.execute(CChromeDriver.java:19)
	at org.openqa.selenium.remote.RemoteWebElement.execute(RemoteWebElement.java:285)
	at org.openqa.selenium.remote.RemoteWebElement.clear(RemoteWebElement.java:124)
	at org.openqa.selenium.support.events.EventFiringWebDriver$EventFiringWebElement.lambda$new$0(EventFiringWebDriver.java:404)
	at com.sun.proxy.$Proxy11.clear(Unknown Source)
	at org.openqa.selenium.support.events.EventFiringWebDriver$EventFiringWebElement.clear(EventFiringWebDriver.java:436)
	at com.kms.katalon.core.webui.keyword.builtin.SetEncryptedTextKeyword$_setEncryptedText_closure1.doCall(SetEncryptedTextKeyword.groovy:54)
	at com.kms.katalon.core.webui.keyword.builtin.SetEncryptedTextKeyword$_setEncryptedText_closure1.call(SetEncryptedTextKeyword.groovy)
	at com.kms.katalon.core.webui.keyword.internal.WebUIKeywordMain.runKeyword(WebUIKeywordMain.groovy:20)
	at com.kms.katalon.core.webui.keyword.builtin.SetEncryptedTextKeyword.setEncryptedText(SetEncryptedTextKeyword.groovy:65)
	at com.kms.katalon.core.webui.keyword.builtin.SetEncryptedTextKeyword.execute(SetEncryptedTextKeyword.groovy:34)
	at com.kms.katalon.core.keyword.internal.KeywordExecutor.executeKeywordForPlatform(KeywordExecutor.groovy:74)
	at com.kms.katalon.core.webui.keyword.WebUiBuiltInKeywords.setEncryptedText(WebUiBuiltInKeywords.groovy:1011)
	at com.kms.katalon.core.webui.keyword.WebUiBuiltInKeywords$setEncryptedText$4.call(Unknown Source)
	at Script1693763256792.run(Script1693763256792.groovy:166)
	... 13 more
)

2024-01-13 22:34:53 - [MESSAGE][FAILED] - Unable to set encrypted text for object 'Object Repository/RAD_Pages/TaxInfo_Page/input_FederalEIN-2' (Root cause: com.kms.katalon.core.exception.StepFailedException: Unable to set encrypted text for object 'Object Repository/RAD_Pages/TaxInfo_Page/input_FederalEIN-2'
	at com.kms.katalon.core.webui.keyword.internal.WebUIKeywordMain.stepFailed(WebUIKeywordMain.groovy:64)
	at com.kms.katalon.core.webui.keyword.internal.WebUIKeywordMain.runKeyword(WebUIKeywordMain.groovy:26)
	at com.kms.katalon.core.webui.keyword.builtin.SetEncryptedTextKeyword.setEncryptedText(SetEncryptedTextKeyword.groovy:65)
	at com.kms.katalon.core.webui.keyword.builtin.SetEncryptedTextKeyword.execute(SetEncryptedTextKeyword.groovy:34)
	at com.kms.katalon.core.keyword.internal.KeywordExecutor.executeKeywordForPlatform(KeywordExecutor.groovy:74)
	at com.kms.katalon.core.webui.keyword.WebUiBuiltInKeywords.setEncryptedText(WebUiBuiltInKeywords.groovy:1011)
	at com.kms.katalon.core.webui.keyword.WebUiBuiltInKeywords$setEncryptedText$4.call(Unknown Source)
	at FEINmismatchError.run(FEINmismatchError:166)
	at com.kms.katalon.core.main.ScriptEngine.run(ScriptEngine.java:194)
	at com.kms.katalon.core.main.ScriptEngine.runScriptAsRawText(ScriptEngine.java:119)
	at com.kms.katalon.core.main.TestCaseExecutor.runScript(TestCaseExecutor.java:448)
	at com.kms.katalon.core.main.TestCaseExecutor.doExecute(TestCaseExecutor.java:439)
	at com.kms.katalon.core.main.TestCaseExecutor.processExecutionPhase(TestCaseExecutor.java:418)
	at com.kms.katalon.core.main.TestCaseExecutor.accessMainPhase(TestCaseExecutor.java:410)
	at com.kms.katalon.core.main.TestCaseExecutor.execute(TestCaseExecutor.java:285)
	at com.kms.katalon.core.common.CommonExecutor.accessTestCaseMainPhase(CommonExecutor.java:65)
	at com.kms.katalon.core.main.TestSuiteExecutor.accessTestSuiteMainPhase(TestSuiteExecutor.java:148)
	at com.kms.katalon.core.main.TestSuiteExecutor.execute(TestSuiteExecutor.java:106)
	at com.kms.katalon.core.main.TestCaseMain.startTestSuite(TestCaseMain.java:187)
	at com.kms.katalon.core.main.TestCaseMain$startTestSuite$0.call(Unknown Source)
	at TempTestSuite1705202981112.run(TempTestSuite1705202981112.groovy:36)
Caused by: org.openqa.selenium.ElementNotInteractableException: element not interactable
  (Session info: chrome=120.0.6099.200)
Build info: version: '3.141.59', revision: 'e82be7d358', time: '2018-11-14T08:25:53'
System info: host: 'DESKTOP-B2QI6NS', ip: '172.31.253.139', os.name: 'Windows 10', os.arch: 'amd64', os.version: '10.0', java.version: '1.8.0_181'
Driver info: com.kms.katalon.selenium.driver.CChromeDriver
Capabilities {acceptInsecureCerts: true, browserName: chrome, browserVersion: 120.0.6099.200, chrome: {chromedriverVersion: 119.0.6045.105 (38c72552c5e..., userDataDir: C:\Users\imtiaz\AppData\Loc...}, fedcm:accounts: true, goog:chromeOptions: {debuggerAddress: localhost:56647}, javascriptEnabled: true, networkConnectionEnabled: false, pageLoadStrategy: normal, platform: WINDOWS, platformName: WINDOWS, proxy: Proxy(), setWindowRect: true, strictFileInteractability: false, timeouts: {implicit: 0, pageLoad: 300000, script: 30000}, unhandledPromptBehavior: dismiss and notify, webauthn:extension:credBlob: true, webauthn:extension:largeBlob: true, webauthn:extension:minPinLength: true, webauthn:extension:prf: true, webauthn:virtualAuthenticators: true}
Session ID: d1db379e7bd40221316cd89b7b32aa01
	at org.openqa.selenium.remote.http.W3CHttpResponseCodec.createException(W3CHttpResponseCodec.java:187)
	at org.openqa.selenium.remote.http.W3CHttpResponseCodec.decode(W3CHttpResponseCodec.java:122)
	at org.openqa.selenium.remote.http.W3CHttpResponseCodec.decode(W3CHttpResponseCodec.java:49)
	at org.openqa.selenium.remote.HttpCommandExecutor.execute(HttpCommandExecutor.java:158)
	at org.openqa.selenium.remote.service.DriverCommandExecutor.execute(DriverCommandExecutor.java:83)
	at org.openqa.selenium.remote.RemoteWebDriver.execute(RemoteWebDriver.java:552)
	at com.kms.katalon.selenium.driver.CChromeDriver.execute(CChromeDriver.java:19)
	at org.openqa.selenium.remote.RemoteWebElement.execute(RemoteWebElement.java:285)
	at org.openqa.selenium.remote.RemoteWebElement.clear(RemoteWebElement.java:124)
	at org.openqa.selenium.support.events.EventFiringWebDriver$EventFiringWebElement.lambda$new$0(EventFiringWebDriver.java:404)
	at com.sun.proxy.$Proxy11.clear(Unknown Source)
	at org.openqa.selenium.support.events.EventFiringWebDriver$EventFiringWebElement.clear(EventFiringWebDriver.java:436)
	at com.kms.katalon.core.webui.keyword.builtin.SetEncryptedTextKeyword$_setEncryptedText_closure1.doCall(SetEncryptedTextKeyword.groovy:54)
	at com.kms.katalon.core.webui.keyword.builtin.SetEncryptedTextKeyword$_setEncryptedText_closure1.call(SetEncryptedTextKeyword.groovy)
	at com.kms.katalon.core.webui.keyword.internal.WebUIKeywordMain.runKeyword(WebUIKeywordMain.groovy:20)
	at com.kms.katalon.core.webui.keyword.builtin.SetEncryptedTextKeyword.setEncryptedText(SetEncryptedTextKeyword.groovy:65)
	at com.kms.katalon.core.webui.keyword.builtin.SetEncryptedTextKeyword.execute(SetEncryptedTextKeyword.groovy:34)
	at com.kms.katalon.core.keyword.internal.KeywordExecutor.executeKeywordForPlatform(KeywordExecutor.groovy:74)
	at com.kms.katalon.core.webui.keyword.WebUiBuiltInKeywords.setEncryptedText(WebUiBuiltInKeywords.groovy:1011)
	at com.kms.katalon.core.webui.keyword.WebUiBuiltInKeywords$setEncryptedText$4.call(Unknown Source)
	at Script1693763256792.run(Script1693763256792.groovy:166)
	... 13 more
)
[[ATTACHMENT|E:\\Cloned-Project-Katalon\\VPS-Katalon\\Reports\\20240113_222941\\RAD_TestSuite\\RAD_UI_TestSuite\\20240113_222941\\1705203292883.png]]

2024-01-13 22:34:53 - [TEST_STEP][FAILED] - setEncryptedText(findTestObject(orPath_TaxInfo + "/input_FederalEIN_ReEnter-2"), "RigbBhfdqOBBGbZqm4oFJQ=="): Unable to set encrypted text for object 'Object Repository/RAD_Pages/TaxInfo_Page/input_FederalEIN_ReEnter-2' (Root cause: com.kms.katalon.core.exception.StepFailedException: Unable to set encrypted text for object 'Object Repository/RAD_Pages/TaxInfo_Page/input_FederalEIN_ReEnter-2'
	at com.kms.katalon.core.webui.keyword.internal.WebUIKeywordMain.stepFailed(WebUIKeywordMain.groovy:64)
	at com.kms.katalon.core.webui.keyword.internal.WebUIKeywordMain.runKeyword(WebUIKeywordMain.groovy:26)
	at com.kms.katalon.core.webui.keyword.builtin.SetEncryptedTextKeyword.setEncryptedText(SetEncryptedTextKeyword.groovy:65)
	at com.kms.katalon.core.webui.keyword.builtin.SetEncryptedTextKeyword.execute(SetEncryptedTextKeyword.groovy:34)
	at com.kms.katalon.core.keyword.internal.KeywordExecutor.executeKeywordForPlatform(KeywordExecutor.groovy:74)
	at com.kms.katalon.core.webui.keyword.WebUiBuiltInKeywords.setEncryptedText(WebUiBuiltInKeywords.groovy:1011)
	at com.kms.katalon.core.webui.keyword.WebUiBuiltInKeywords$setEncryptedText$4.call(Unknown Source)
	at FEINmismatchError.run(FEINmismatchError:167)
	at com.kms.katalon.core.main.ScriptEngine.run(ScriptEngine.java:194)
	at com.kms.katalon.core.main.ScriptEngine.runScriptAsRawText(ScriptEngine.java:119)
	at com.kms.katalon.core.main.TestCaseExecutor.runScript(TestCaseExecutor.java:448)
	at com.kms.katalon.core.main.TestCaseExecutor.doExecute(TestCaseExecutor.java:439)
	at com.kms.katalon.core.main.TestCaseExecutor.processExecutionPhase(TestCaseExecutor.java:418)
	at com.kms.katalon.core.main.TestCaseExecutor.accessMainPhase(TestCaseExecutor.java:410)
	at com.kms.katalon.core.main.TestCaseExecutor.execute(TestCaseExecutor.java:285)
	at com.kms.katalon.core.common.CommonExecutor.accessTestCaseMainPhase(CommonExecutor.java:65)
	at com.kms.katalon.core.main.TestSuiteExecutor.accessTestSuiteMainPhase(TestSuiteExecutor.java:148)
	at com.kms.katalon.core.main.TestSuiteExecutor.execute(TestSuiteExecutor.java:106)
	at com.kms.katalon.core.main.TestCaseMain.startTestSuite(TestCaseMain.java:187)
	at com.kms.katalon.core.main.TestCaseMain$startTestSuite$0.call(Unknown Source)
	at TempTestSuite1705202981112.run(TempTestSuite1705202981112.groovy:36)
Caused by: org.openqa.selenium.ElementNotInteractableException: element not interactable
  (Session info: chrome=120.0.6099.200)
Build info: version: '3.141.59', revision: 'e82be7d358', time: '2018-11-14T08:25:53'
System info: host: 'DESKTOP-B2QI6NS', ip: '172.31.253.139', os.name: 'Windows 10', os.arch: 'amd64', os.version: '10.0', java.version: '1.8.0_181'
Driver info: com.kms.katalon.selenium.driver.CChromeDriver
Capabilities {acceptInsecureCerts: true, browserName: chrome, browserVersion: 120.0.6099.200, chrome: {chromedriverVersion: 119.0.6045.105 (38c72552c5e..., userDataDir: C:\Users\imtiaz\AppData\Loc...}, fedcm:accounts: true, goog:chromeOptions: {debuggerAddress: localhost:56647}, javascriptEnabled: true, networkConnectionEnabled: false, pageLoadStrategy: normal, platform: WINDOWS, platformName: WINDOWS, proxy: Proxy(), setWindowRect: true, strictFileInteractability: false, timeouts: {implicit: 0, pageLoad: 300000, script: 30000}, unhandledPromptBehavior: dismiss and notify, webauthn:extension:credBlob: true, webauthn:extension:largeBlob: true, webauthn:extension:minPinLength: true, webauthn:extension:prf: true, webauthn:virtualAuthenticators: true}
Session ID: d1db379e7bd40221316cd89b7b32aa01
	at org.openqa.selenium.remote.http.W3CHttpResponseCodec.createException(W3CHttpResponseCodec.java:187)
	at org.openqa.selenium.remote.http.W3CHttpResponseCodec.decode(W3CHttpResponseCodec.java:122)
	at org.openqa.selenium.remote.http.W3CHttpResponseCodec.decode(W3CHttpResponseCodec.java:49)
	at org.openqa.selenium.remote.HttpCommandExecutor.execute(HttpCommandExecutor.java:158)
	at org.openqa.selenium.remote.service.DriverCommandExecutor.execute(DriverCommandExecutor.java:83)
	at org.openqa.selenium.remote.RemoteWebDriver.execute(RemoteWebDriver.java:552)
	at com.kms.katalon.selenium.driver.CChromeDriver.execute(CChromeDriver.java:19)
	at org.openqa.selenium.remote.RemoteWebElement.execute(RemoteWebElement.java:285)
	at org.openqa.selenium.remote.RemoteWebElement.clear(RemoteWebElement.java:124)
	at org.openqa.selenium.support.events.EventFiringWebDriver$EventFiringWebElement.lambda$new$0(EventFiringWebDriver.java:404)
	at com.sun.proxy.$Proxy11.clear(Unknown Source)
	at org.openqa.selenium.support.events.EventFiringWebDriver$EventFiringWebElement.clear(EventFiringWebDriver.java:436)
	at com.kms.katalon.core.webui.keyword.builtin.SetEncryptedTextKeyword$_setEncryptedText_closure1.doCall(SetEncryptedTextKeyword.groovy:54)
	at com.kms.katalon.core.webui.keyword.builtin.SetEncryptedTextKeyword$_setEncryptedText_closure1.call(SetEncryptedTextKeyword.groovy)
	at com.kms.katalon.core.webui.keyword.internal.WebUIKeywordMain.runKeyword(WebUIKeywordMain.groovy:20)
	at com.kms.katalon.core.webui.keyword.builtin.SetEncryptedTextKeyword.setEncryptedText(SetEncryptedTextKeyword.groovy:65)
	at com.kms.katalon.core.webui.keyword.builtin.SetEncryptedTextKeyword.execute(SetEncryptedTextKeyword.groovy:34)
	at com.kms.katalon.core.keyword.internal.KeywordExecutor.executeKeywordForPlatform(KeywordExecutor.groovy:74)
	at com.kms.katalon.core.webui.keyword.WebUiBuiltInKeywords.setEncryptedText(WebUiBuiltInKeywords.groovy:1011)
	at com.kms.katalon.core.webui.keyword.WebUiBuiltInKeywords$setEncryptedText$4.call(Unknown Source)
	at Script1693763256792.run(Script1693763256792.groovy:167)
	... 13 more
)

2024-01-13 22:34:53 - [MESSAGE][FAILED] - Unable to set encrypted text for object 'Object Repository/RAD_Pages/TaxInfo_Page/input_FederalEIN_ReEnter-2' (Root cause: com.kms.katalon.core.exception.StepFailedException: Unable to set encrypted text for object 'Object Repository/RAD_Pages/TaxInfo_Page/input_FederalEIN_ReEnter-2'
	at com.kms.katalon.core.webui.keyword.internal.WebUIKeywordMain.stepFailed(WebUIKeywordMain.groovy:64)
	at com.kms.katalon.core.webui.keyword.internal.WebUIKeywordMain.runKeyword(WebUIKeywordMain.groovy:26)
	at com.kms.katalon.core.webui.keyword.builtin.SetEncryptedTextKeyword.setEncryptedText(SetEncryptedTextKeyword.groovy:65)
	at com.kms.katalon.core.webui.keyword.builtin.SetEncryptedTextKeyword.execute(SetEncryptedTextKeyword.groovy:34)
	at com.kms.katalon.core.keyword.internal.KeywordExecutor.executeKeywordForPlatform(KeywordExecutor.groovy:74)
	at com.kms.katalon.core.webui.keyword.WebUiBuiltInKeywords.setEncryptedText(WebUiBuiltInKeywords.groovy:1011)
	at com.kms.katalon.core.webui.keyword.WebUiBuiltInKeywords$setEncryptedText$4.call(Unknown Source)
	at FEINmismatchError.run(FEINmismatchError:167)
	at com.kms.katalon.core.main.ScriptEngine.run(ScriptEngine.java:194)
	at com.kms.katalon.core.main.ScriptEngine.runScriptAsRawText(ScriptEngine.java:119)
	at com.kms.katalon.core.main.TestCaseExecutor.runScript(TestCaseExecutor.java:448)
	at com.kms.katalon.core.main.TestCaseExecutor.doExecute(TestCaseExecutor.java:439)
	at com.kms.katalon.core.main.TestCaseExecutor.processExecutionPhase(TestCaseExecutor.java:418)
	at com.kms.katalon.core.main.TestCaseExecutor.accessMainPhase(TestCaseExecutor.java:410)
	at com.kms.katalon.core.main.TestCaseExecutor.execute(TestCaseExecutor.java:285)
	at com.kms.katalon.core.common.CommonExecutor.accessTestCaseMainPhase(CommonExecutor.java:65)
	at com.kms.katalon.core.main.TestSuiteExecutor.accessTestSuiteMainPhase(TestSuiteExecutor.java:148)
	at com.kms.katalon.core.main.TestSuiteExecutor.execute(TestSuiteExecutor.java:106)
	at com.kms.katalon.core.main.TestCaseMain.startTestSuite(TestCaseMain.java:187)
	at com.kms.katalon.core.main.TestCaseMain$startTestSuite$0.call(Unknown Source)
	at TempTestSuite1705202981112.run(TempTestSuite1705202981112.groovy:36)
Caused by: org.openqa.selenium.ElementNotInteractableException: element not interactable
  (Session info: chrome=120.0.6099.200)
Build info: version: '3.141.59', revision: 'e82be7d358', time: '2018-11-14T08:25:53'
System info: host: 'DESKTOP-B2QI6NS', ip: '172.31.253.139', os.name: 'Windows 10', os.arch: 'amd64', os.version: '10.0', java.version: '1.8.0_181'
Driver info: com.kms.katalon.selenium.driver.CChromeDriver
Capabilities {acceptInsecureCerts: true, browserName: chrome, browserVersion: 120.0.6099.200, chrome: {chromedriverVersion: 119.0.6045.105 (38c72552c5e..., userDataDir: C:\Users\imtiaz\AppData\Loc...}, fedcm:accounts: true, goog:chromeOptions: {debuggerAddress: localhost:56647}, javascriptEnabled: true, networkConnectionEnabled: false, pageLoadStrategy: normal, platform: WINDOWS, platformName: WINDOWS, proxy: Proxy(), setWindowRect: true, strictFileInteractability: false, timeouts: {implicit: 0, pageLoad: 300000, script: 30000}, unhandledPromptBehavior: dismiss and notify, webauthn:extension:credBlob: true, webauthn:extension:largeBlob: true, webauthn:extension:minPinLength: true, webauthn:extension:prf: true, webauthn:virtualAuthenticators: true}
Session ID: d1db379e7bd40221316cd89b7b32aa01
	at org.openqa.selenium.remote.http.W3CHttpResponseCodec.createException(W3CHttpResponseCodec.java:187)
	at org.openqa.selenium.remote.http.W3CHttpResponseCodec.decode(W3CHttpResponseCodec.java:122)
	at org.openqa.selenium.remote.http.W3CHttpResponseCodec.decode(W3CHttpResponseCodec.java:49)
	at org.openqa.selenium.remote.HttpCommandExecutor.execute(HttpCommandExecutor.java:158)
	at org.openqa.selenium.remote.service.DriverCommandExecutor.execute(DriverCommandExecutor.java:83)
	at org.openqa.selenium.remote.RemoteWebDriver.execute(RemoteWebDriver.java:552)
	at com.kms.katalon.selenium.driver.CChromeDriver.execute(CChromeDriver.java:19)
	at org.openqa.selenium.remote.RemoteWebElement.execute(RemoteWebElement.java:285)
	at org.openqa.selenium.remote.RemoteWebElement.clear(RemoteWebElement.java:124)
	at org.openqa.selenium.support.events.EventFiringWebDriver$EventFiringWebElement.lambda$new$0(EventFiringWebDriver.java:404)
	at com.sun.proxy.$Proxy11.clear(Unknown Source)
	at org.openqa.selenium.support.events.EventFiringWebDriver$EventFiringWebElement.clear(EventFiringWebDriver.java:436)
	at com.kms.katalon.core.webui.keyword.builtin.SetEncryptedTextKeyword$_setEncryptedText_closure1.doCall(SetEncryptedTextKeyword.groovy:54)
	at com.kms.katalon.core.webui.keyword.builtin.SetEncryptedTextKeyword$_setEncryptedText_closure1.call(SetEncryptedTextKeyword.groovy)
	at com.kms.katalon.core.webui.keyword.internal.WebUIKeywordMain.runKeyword(WebUIKeywordMain.groovy:20)
	at com.kms.katalon.core.webui.keyword.builtin.SetEncryptedTextKeyword.setEncryptedText(SetEncryptedTextKeyword.groovy:65)
	at com.kms.katalon.core.webui.keyword.builtin.SetEncryptedTextKeyword.execute(SetEncryptedTextKeyword.groovy:34)
	at com.kms.katalon.core.keyword.internal.KeywordExecutor.executeKeywordForPlatform(KeywordExecutor.groovy:74)
	at com.kms.katalon.core.webui.keyword.WebUiBuiltInKeywords.setEncryptedText(WebUiBuiltInKeywords.groovy:1011)
	at com.kms.katalon.core.webui.keyword.WebUiBuiltInKeywords$setEncryptedText$4.call(Unknown Source)
	at Script1693763256792.run(Script1693763256792.groovy:167)
	... 13 more
)
[[ATTACHMENT|E:\\Cloned-Project-Katalon\\VPS-Katalon\\Reports\\20240113_222941\\RAD_TestSuite\\RAD_UI_TestSuite\\20240113_222941\\1705203293562.png]]

2024-01-13 22:34:53 - [TEST_STEP][PASSED] - break: null

2024-01-13 22:34:53 - [TEST_STEP][PASSED] - setText(findTestObject(orPath_Amount + "/input__paymentAmount"), ""): Text '' is set on object 'Object Repository/RAD_Pages/PaymentAmount_Page/input__paymentAmount'

2024-01-13 22:34:54 - [MESSAGE][PASSED] - Text '' is set on object 'Object Repository/RAD_Pages/PaymentAmount_Page/input__paymentAmount'

2024-01-13 22:34:54 - [TEST_STEP][FAILED] - verifyTextPresent("The FEIN and Re-type FEIN do not match", true): Text 'The FEIN and Re-type FEIN do not match' is not present on page  using regular expression (Root cause: com.kms.katalon.core.exception.StepFailedException: Text 'The FEIN and Re-type FEIN do not match' is not present on page  using regular expression
	at com.kms.katalon.core.webui.keyword.internal.WebUIKeywordMain.stepFailed(WebUIKeywordMain.groovy:64)
	at com.kms.katalon.core.webui.keyword.builtin.VerifyTextPresentKeyword$_verifyTextPresent_closure1.doCall(VerifyTextPresentKeyword.groovy:79)
	at com.kms.katalon.core.webui.keyword.builtin.VerifyTextPresentKeyword$_verifyTextPresent_closure1.call(VerifyTextPresentKeyword.groovy)
	at com.kms.katalon.core.webui.keyword.internal.WebUIKeywordMain.runKeyword(WebUIKeywordMain.groovy:20)
	at com.kms.katalon.core.webui.keyword.builtin.VerifyTextPresentKeyword.verifyTextPresent(VerifyTextPresentKeyword.groovy:83)
	at com.kms.katalon.core.webui.keyword.builtin.VerifyTextPresentKeyword.execute(VerifyTextPresentKeyword.groovy:68)
	at com.kms.katalon.core.keyword.internal.KeywordExecutor.executeKeywordForPlatform(KeywordExecutor.groovy:74)
	at com.kms.katalon.core.webui.keyword.WebUiBuiltInKeywords.verifyTextPresent(WebUiBuiltInKeywords.groovy:1723)
	at com.kms.katalon.core.webui.keyword.WebUiBuiltInKeywords$verifyTextPresent$6.call(Unknown Source)
	at FEINmismatchError.run(FEINmismatchError:181)
	at com.kms.katalon.core.main.ScriptEngine.run(ScriptEngine.java:194)
	at com.kms.katalon.core.main.ScriptEngine.runScriptAsRawText(ScriptEngine.java:119)
	at com.kms.katalon.core.main.TestCaseExecutor.runScript(TestCaseExecutor.java:448)
	at com.kms.katalon.core.main.TestCaseExecutor.doExecute(TestCaseExecutor.java:439)
	at com.kms.katalon.core.main.TestCaseExecutor.processExecutionPhase(TestCaseExecutor.java:418)
	at com.kms.katalon.core.main.TestCaseExecutor.accessMainPhase(TestCaseExecutor.java:410)
	at com.kms.katalon.core.main.TestCaseExecutor.execute(TestCaseExecutor.java:285)
	at com.kms.katalon.core.common.CommonExecutor.accessTestCaseMainPhase(CommonExecutor.java:65)
	at com.kms.katalon.core.main.TestSuiteExecutor.accessTestSuiteMainPhase(TestSuiteExecutor.java:148)
	at com.kms.katalon.core.main.TestSuiteExecutor.execute(TestSuiteExecutor.java:106)
	at com.kms.katalon.core.main.TestCaseMain.startTestSuite(TestCaseMain.java:187)
	at com.kms.katalon.core.main.TestCaseMain$startTestSuite$0.call(Unknown Source)
	at TempTestSuite1705202981112.run(TempTestSuite1705202981112.groovy:36)
)

2024-01-13 22:34:54 - [MESSAGE][FAILED] - Text 'The FEIN and Re-type FEIN do not match' is not present on page  using regular expression (Root cause: com.kms.katalon.core.exception.StepFailedException: Text 'The FEIN and Re-type FEIN do not match' is not present on page  using regular expression
	at com.kms.katalon.core.webui.keyword.internal.WebUIKeywordMain.stepFailed(WebUIKeywordMain.groovy:64)
	at com.kms.katalon.core.webui.keyword.builtin.VerifyTextPresentKeyword$_verifyTextPresent_closure1.doCall(VerifyTextPresentKeyword.groovy:79)
	at com.kms.katalon.core.webui.keyword.builtin.VerifyTextPresentKeyword$_verifyTextPresent_closure1.call(VerifyTextPresentKeyword.groovy)
	at com.kms.katalon.core.webui.keyword.internal.WebUIKeywordMain.runKeyword(WebUIKeywordMain.groovy:20)
	at com.kms.katalon.core.webui.keyword.builtin.VerifyTextPresentKeyword.verifyTextPresent(VerifyTextPresentKeyword.groovy:83)
	at com.kms.katalon.core.webui.keyword.builtin.VerifyTextPresentKeyword.execute(VerifyTextPresentKeyword.groovy:68)
	at com.kms.katalon.core.keyword.internal.KeywordExecutor.executeKeywordForPlatform(KeywordExecutor.groovy:74)
	at com.kms.katalon.core.webui.keyword.WebUiBuiltInKeywords.verifyTextPresent(WebUiBuiltInKeywords.groovy:1723)
	at com.kms.katalon.core.webui.keyword.WebUiBuiltInKeywords$verifyTextPresent$6.call(Unknown Source)
	at FEINmismatchError.run(FEINmismatchError:181)
	at com.kms.katalon.core.main.ScriptEngine.run(ScriptEngine.java:194)
	at com.kms.katalon.core.main.ScriptEngine.runScriptAsRawText(ScriptEngine.java:119)
	at com.kms.katalon.core.main.TestCaseExecutor.runScript(TestCaseExecutor.java:448)
	at com.kms.katalon.core.main.TestCaseExecutor.doExecute(TestCaseExecutor.java:439)
	at com.kms.katalon.core.main.TestCaseExecutor.processExecutionPhase(TestCaseExecutor.java:418)
	at com.kms.katalon.core.main.TestCaseExecutor.accessMainPhase(TestCaseExecutor.java:410)
	at com.kms.katalon.core.main.TestCaseExecutor.execute(TestCaseExecutor.java:285)
	at com.kms.katalon.core.common.CommonExecutor.accessTestCaseMainPhase(CommonExecutor.java:65)
	at com.kms.katalon.core.main.TestSuiteExecutor.accessTestSuiteMainPhase(TestSuiteExecutor.java:148)
	at com.kms.katalon.core.main.TestSuiteExecutor.execute(TestSuiteExecutor.java:106)
	at com.kms.katalon.core.main.TestCaseMain.startTestSuite(TestCaseMain.java:187)
	at com.kms.katalon.core.main.TestCaseMain$startTestSuite$0.call(Unknown Source)
	at TempTestSuite1705202981112.run(TempTestSuite1705202981112.groovy:36)
)

2024-01-13 22:34:54 - [TEST_STEP][FAILED] - if (verifyTextPresent("The FEIN and Re-type FEIN do not match", true)): Text 'The FEIN and Re-type FEIN do not match' is not present on page  using regular expression (Root cause: com.kms.katalon.core.exception.StepFailedException: Text 'The FEIN and Re-type FEIN do not match' is not present on page  using regular expression
	at com.kms.katalon.core.webui.keyword.internal.WebUIKeywordMain.stepFailed(WebUIKeywordMain.groovy:64)
	at com.kms.katalon.core.webui.keyword.builtin.VerifyTextPresentKeyword$_verifyTextPresent_closure1.doCall(VerifyTextPresentKeyword.groovy:79)
	at com.kms.katalon.core.webui.keyword.builtin.VerifyTextPresentKeyword$_verifyTextPresent_closure1.call(VerifyTextPresentKeyword.groovy)
	at com.kms.katalon.core.webui.keyword.internal.WebUIKeywordMain.runKeyword(WebUIKeywordMain.groovy:20)
	at com.kms.katalon.core.webui.keyword.builtin.VerifyTextPresentKeyword.verifyTextPresent(VerifyTextPresentKeyword.groovy:83)
	at com.kms.katalon.core.webui.keyword.builtin.VerifyTextPresentKeyword.execute(VerifyTextPresentKeyword.groovy:68)
	at com.kms.katalon.core.keyword.internal.KeywordExecutor.executeKeywordForPlatform(KeywordExecutor.groovy:74)
	at com.kms.katalon.core.webui.keyword.WebUiBuiltInKeywords.verifyTextPresent(WebUiBuiltInKeywords.groovy:1723)
	at com.kms.katalon.core.webui.keyword.WebUiBuiltInKeywords$verifyTextPresent$6.call(Unknown Source)
	at FEINmismatchError.run(FEINmismatchError:183)
	at com.kms.katalon.core.main.ScriptEngine.run(ScriptEngine.java:194)
	at com.kms.katalon.core.main.ScriptEngine.runScriptAsRawText(ScriptEngine.java:119)
	at com.kms.katalon.core.main.TestCaseExecutor.runScript(TestCaseExecutor.java:448)
	at com.kms.katalon.core.main.TestCaseExecutor.doExecute(TestCaseExecutor.java:439)
	at com.kms.katalon.core.main.TestCaseExecutor.processExecutionPhase(TestCaseExecutor.java:418)
	at com.kms.katalon.core.main.TestCaseExecutor.accessMainPhase(TestCaseExecutor.java:410)
	at com.kms.katalon.core.main.TestCaseExecutor.execute(TestCaseExecutor.java:285)
	at com.kms.katalon.core.common.CommonExecutor.accessTestCaseMainPhase(CommonExecutor.java:65)
	at com.kms.katalon.core.main.TestSuiteExecutor.accessTestSuiteMainPhase(TestSuiteExecutor.java:148)
	at com.kms.katalon.core.main.TestSuiteExecutor.execute(TestSuiteExecutor.java:106)
	at com.kms.katalon.core.main.TestCaseMain.startTestSuite(TestCaseMain.java:187)
	at com.kms.katalon.core.main.TestCaseMain$startTestSuite$0.call(Unknown Source)
	at TempTestSuite1705202981112.run(TempTestSuite1705202981112.groovy:36)
)

2024-01-13 22:34:55 - [MESSAGE][FAILED] - Text 'The FEIN and Re-type FEIN do not match' is not present on page  using regular expression (Root cause: com.kms.katalon.core.exception.StepFailedException: Text 'The FEIN and Re-type FEIN do not match' is not present on page  using regular expression
	at com.kms.katalon.core.webui.keyword.internal.WebUIKeywordMain.stepFailed(WebUIKeywordMain.groovy:64)
	at com.kms.katalon.core.webui.keyword.builtin.VerifyTextPresentKeyword$_verifyTextPresent_closure1.doCall(VerifyTextPresentKeyword.groovy:79)
	at com.kms.katalon.core.webui.keyword.builtin.VerifyTextPresentKeyword$_verifyTextPresent_closure1.call(VerifyTextPresentKeyword.groovy)
	at com.kms.katalon.core.webui.keyword.internal.WebUIKeywordMain.runKeyword(WebUIKeywordMain.groovy:20)
	at com.kms.katalon.core.webui.keyword.builtin.VerifyTextPresentKeyword.verifyTextPresent(VerifyTextPresentKeyword.groovy:83)
	at com.kms.katalon.core.webui.keyword.builtin.VerifyTextPresentKeyword.execute(VerifyTextPresentKeyword.groovy:68)
	at com.kms.katalon.core.keyword.internal.KeywordExecutor.executeKeywordForPlatform(KeywordExecutor.groovy:74)
	at com.kms.katalon.core.webui.keyword.WebUiBuiltInKeywords.verifyTextPresent(WebUiBuiltInKeywords.groovy:1723)
	at com.kms.katalon.core.webui.keyword.WebUiBuiltInKeywords$verifyTextPresent$6.call(Unknown Source)
	at FEINmismatchError.run(FEINmismatchError:183)
	at com.kms.katalon.core.main.ScriptEngine.run(ScriptEngine.java:194)
	at com.kms.katalon.core.main.ScriptEngine.runScriptAsRawText(ScriptEngine.java:119)
	at com.kms.katalon.core.main.TestCaseExecutor.runScript(TestCaseExecutor.java:448)
	at com.kms.katalon.core.main.TestCaseExecutor.doExecute(TestCaseExecutor.java:439)
	at com.kms.katalon.core.main.TestCaseExecutor.processExecutionPhase(TestCaseExecutor.java:418)
	at com.kms.katalon.core.main.TestCaseExecutor.accessMainPhase(TestCaseExecutor.java:410)
	at com.kms.katalon.core.main.TestCaseExecutor.execute(TestCaseExecutor.java:285)
	at com.kms.katalon.core.common.CommonExecutor.accessTestCaseMainPhase(CommonExecutor.java:65)
	at com.kms.katalon.core.main.TestSuiteExecutor.accessTestSuiteMainPhase(TestSuiteExecutor.java:148)
	at com.kms.katalon.core.main.TestSuiteExecutor.execute(TestSuiteExecutor.java:106)
	at com.kms.katalon.core.main.TestCaseMain.startTestSuite(TestCaseMain.java:187)
	at com.kms.katalon.core.main.TestCaseMain$startTestSuite$0.call(Unknown Source)
	at TempTestSuite1705202981112.run(TempTestSuite1705202981112.groovy:36)
)

2024-01-13 22:34:55 - [TEST_STEP][PASSED] - else: pages.WriteExcel.demoKey is PASSED

2024-01-13 22:34:55 - [TEST_STEP][PASSED] - println("Error Message is NOT present on the page"): null

2024-01-13 22:34:55 - [TEST_STEP][PASSED] - out.println("Fail Record Number: " + row): null

2024-01-13 22:34:55 - [TEST_STEP][PASSED] - resText = "Fail": null

2024-01-13 22:34:55 - [TEST_STEP][PASSED] - pages.WriteExcel.demoKey(resText, datText, resColumn, datCloumn, fileLoc, nameSheet, row): pages.WriteExcel.demoKey is PASSED

2024-01-13 22:34:55 - [MESSAGE][PASSED] - pages.WriteExcel.demoKey is PASSED

2024-01-13 22:34:55 - [TEST_STEP][PASSED] - ExecuteTC = findTestData(dataFile).getValue("Execute", row): null

2024-01-13 22:34:55 - [TEST_STEP][PASSED] - Taxtype = findTestData(dataFile).getValue("TaxType", row): null

2024-01-13 22:34:55 - [TEST_STEP][PASSED] - Paymenttype = findTestData(dataFile).getValue("PaymentType", row): null

2024-01-13 22:34:55 - [TEST_STEP][PASSED] - out.println("Value of Execute is : " + ExecuteTC): null

2024-01-13 22:34:55 - [TEST_STEP][PASSED] - if (ExecuteTC.equalsIgnoreCase("Y")): null

2024-01-13 22:34:55 - [TEST_STEP][PASSED] - out.println("Begin Record Number: " + row): null

2024-01-13 22:34:55 - [TEST_STEP][PASSED] - today = new java.util.Date(): null

2024-01-13 22:34:55 - [TEST_STEP][PASSED] - println(today): null

2024-01-13 22:34:55 - [TEST_STEP][PASSED] - datText = today: null

2024-01-13 22:34:55 - [TEST_STEP][PASSED] - Taxtype = findTestData(dataFile).getValue("TaxType", row): null

2024-01-13 22:34:55 - [TEST_STEP][PASSED] - out.println("Taxtype value is : " + Taxtype): null

2024-01-13 22:34:55 - [TEST_STEP][PASSED] - openBrowser(""): Browser is opened with url: ''

2024-01-13 22:34:55 - [MESSAGE][WARNING] - A browser is already opened. Closing browser and opening a new one

2024-01-13 22:34:56 - [MESSAGE][INFO] - Starting 'Chrome' driver

2024-01-13 22:34:56 - [MESSAGE][INFO] - User set preference: ['acceptInsecureCerts', 'true']

2024-01-13 22:34:56 - [MESSAGE][INFO] - Action delay is set to 0 milliseconds

2024-01-13 22:34:57 - [MESSAGE][PASSED] - Browser is opened with url: ''

2024-01-13 22:34:57 - [TEST_STEP][PASSED] - maximizeWindow(): Current window maximized

2024-01-13 22:34:58 - [MESSAGE][PASSED] - Current window maximized

2024-01-13 22:34:58 - [TEST_STEP][PASSED] - navigateToUrl(RADurl): Navigate to 'https://qa2.velocitypayment.com/client/rad/index.html' successfully

2024-01-13 22:34:59 - [MESSAGE][PASSED] - Navigate to 'https://qa2.velocitypayment.com/client/rad/index.html' successfully

2024-01-13 22:34:59 - [TEST_STEP][PASSED] - orPath_Landing = "Object Repository/RAD_Pages/Landing_Page": null

2024-01-13 22:34:59 - [TEST_STEP][PASSED] - orPath_TaxTypeFilingYear = "Object Repository/RAD_Pages/TaxTypeFilingYear_Page": null

2024-01-13 22:34:59 - [TEST_STEP][PASSED] - orPath_TaxPayer = "Object Repository/RAD_Pages/Taxpayer_Page": null

2024-01-13 22:34:59 - [TEST_STEP][PASSED] - orPath_AddressContact = "Object Repository/RAD_Pages/AddressAndContactInfo_Page": null

2024-01-13 22:34:59 - [TEST_STEP][PASSED] - orPath_FilingStatus = "Object Repository/RAD_Pages/FilingStatus_Page": null

2024-01-13 22:34:59 - [TEST_STEP][PASSED] - orPath_Amount = "Object Repository/RAD_Pages/PaymentAmount_Page": null

2024-01-13 22:34:59 - [TEST_STEP][PASSED] - orPath_TaxInfo = "Object Repository/RAD_Pages/TaxInfo_Page": null

2024-01-13 22:34:59 - [TEST_STEP][PASSED] - orPath_Withholding = "Object Repository/RAD_Pages/Withholding_Page": null

2024-01-13 22:34:59 - [TEST_STEP][PASSED] - orPath_Summary = "Object Repository/RAD_Pages/Summary_Page": null

2024-01-13 22:34:59 - [TEST_STEP][PASSED] - orPath_PaymentReady = "Object Repository/RAD_Pages/PaymentReady_Page": null

2024-01-13 22:34:59 - [TEST_STEP][PASSED] - orPath_PaymentEntry = "Object Repository/RAD_Pages/PaymentEntry_Page": null

2024-01-13 22:34:59 - [TEST_STEP][PASSED] - orPath_PaymentConfirmation = "Object Repository/RAD_Pages/PaymentConfirmation_Page": null

2024-01-13 22:34:59 - [TEST_STEP][PASSED] - orPath_ServiceFeesAccept = "Object Repository/RAD_Pages/ServiceFeeAccept_Page": null

2024-01-13 22:34:59 - [TEST_STEP][PASSED] - selectOptionByLabel(findTestObject(orPath_Landing + "/dd_TaxType"), Paymenttype, false): All options with label 'New Tax Return Amount Due' are selected in object 'Object Repository/RAD_Pages/Landing_Page/dd_TaxType' 

2024-01-13 22:35:00 - [MESSAGE][PASSED] - All options with label 'New Tax Return Amount Due' are selected in object 'Object Repository/RAD_Pages/Landing_Page/dd_TaxType' 

2024-01-13 22:35:00 - [TEST_STEP][PASSED] - delay(1): Delayed 1 second(s)

2024-01-13 22:35:01 - [MESSAGE][PASSED] - Delayed 1 second(s)

2024-01-13 22:35:01 - [TEST_STEP][PASSED] - switch (Paymenttype): null

2024-01-13 22:35:01 - [TEST_STEP][PASSED] - case "New Tax Return Amount Due":: null

2024-01-13 22:35:01 - [TEST_STEP][PASSED] - selectOptionByLabel(findTestObject("Object Repository/RAD_Pages/Landing_Page/select_NewTaxReturnAmountDue_TaxType"), Taxtype, false): All options with label 'Transportation Network Services' are selected in object 'Object Repository/RAD_Pages/Landing_Page/select_NewTaxReturnAmountDue_TaxType' 

2024-01-13 22:35:01 - [MESSAGE][PASSED] - All options with label 'Transportation Network Services' are selected in object 'Object Repository/RAD_Pages/Landing_Page/select_NewTaxReturnAmountDue_TaxType' 

2024-01-13 22:35:01 - [TEST_STEP][PASSED] - break: null

2024-01-13 22:35:01 - [TEST_STEP][PASSED] - delay(1): Delayed 1 second(s)

2024-01-13 22:35:02 - [MESSAGE][PASSED] - Delayed 1 second(s)

2024-01-13 22:35:02 - [TEST_STEP][PASSED] - scrollToElement(findTestObject(orPath_Amount + "/input__paymentAmount"), 2, CONTINUE_ON_FAILURE): Scroll to object 'Object Repository/RAD_Pages/PaymentAmount_Page/input__paymentAmount' successfully

2024-01-13 22:35:03 - [MESSAGE][PASSED] - Scroll to object 'Object Repository/RAD_Pages/PaymentAmount_Page/input__paymentAmount' successfully

2024-01-13 22:35:03 - [TEST_STEP][PASSED] - switch (Paymenttype): null

2024-01-13 22:35:03 - [TEST_STEP][PASSED] - case "New Tax Return Amount Due":: null

2024-01-13 22:35:03 - [TEST_STEP][PASSED] - setEncryptedText(findTestObject(orPath_TaxInfo + "/input_FederalEIN-2"), "RigbBhfdqODKcAsiUrg+1Q=="): Text ****** has been set on object 'Object Repository/RAD_Pages/TaxInfo_Page/input_FederalEIN-2'

2024-01-13 22:35:03 - [MESSAGE][PASSED] - Text ****** has been set on object 'Object Repository/RAD_Pages/TaxInfo_Page/input_FederalEIN-2'

2024-01-13 22:35:03 - [TEST_STEP][PASSED] - setEncryptedText(findTestObject(orPath_TaxInfo + "/input_FederalEIN_ReEnter-2"), "RigbBhfdqOBBGbZqm4oFJQ=="): Text ****** has been set on object 'Object Repository/RAD_Pages/TaxInfo_Page/input_FederalEIN_ReEnter-2'

2024-01-13 22:35:04 - [MESSAGE][PASSED] - Text ****** has been set on object 'Object Repository/RAD_Pages/TaxInfo_Page/input_FederalEIN_ReEnter-2'

2024-01-13 22:35:04 - [TEST_STEP][PASSED] - break: null

2024-01-13 22:35:04 - [TEST_STEP][PASSED] - setText(findTestObject(orPath_Amount + "/input__paymentAmount"), ""): Text '' is set on object 'Object Repository/RAD_Pages/PaymentAmount_Page/input__paymentAmount'

2024-01-13 22:35:05 - [MESSAGE][PASSED] - Text '' is set on object 'Object Repository/RAD_Pages/PaymentAmount_Page/input__paymentAmount'

2024-01-13 22:35:05 - [TEST_STEP][PASSED] - verifyTextPresent("The FEIN and Re-type FEIN do not match", true): Text 'The FEIN and Re-type FEIN do not match' is present on page  using regular expression

2024-01-13 22:35:05 - [MESSAGE][PASSED] - Text 'The FEIN and Re-type FEIN do not match' is present on page  using regular expression

2024-01-13 22:35:05 - [TEST_STEP][PASSED] - if (verifyTextPresent("The FEIN and Re-type FEIN do not match", true)): null

2024-01-13 22:35:06 - [MESSAGE][PASSED] - Text 'The FEIN and Re-type FEIN do not match' is present on page  using regular expression

2024-01-13 22:35:06 - [TEST_STEP][PASSED] - println("Error Message is present on the page"): null

2024-01-13 22:35:06 - [TEST_STEP][PASSED] - out.println("Pass Record Number: " + row): null

2024-01-13 22:35:06 - [TEST_STEP][PASSED] - resText = "Pass": null

2024-01-13 22:35:06 - [TEST_STEP][PASSED] - pages.WriteExcel.demoKey(resText, datText, resColumn, datCloumn, fileLoc, nameSheet, row): pages.WriteExcel.demoKey is PASSED

2024-01-13 22:35:06 - [MESSAGE][PASSED] - pages.WriteExcel.demoKey is PASSED

2024-01-13 22:35:06 - [TEST_STEP][PASSED] - ExecuteTC = findTestData(dataFile).getValue("Execute", row): null

2024-01-13 22:35:06 - [TEST_STEP][PASSED] - Taxtype = findTestData(dataFile).getValue("TaxType", row): null

2024-01-13 22:35:06 - [TEST_STEP][PASSED] - Paymenttype = findTestData(dataFile).getValue("PaymentType", row): null

2024-01-13 22:35:06 - [TEST_STEP][PASSED] - out.println("Value of Execute is : " + ExecuteTC): null

2024-01-13 22:35:06 - [TEST_STEP][PASSED] - if (ExecuteTC.equalsIgnoreCase("Y")): null

2024-01-13 22:35:06 - [TEST_STEP][PASSED] - out.println("Begin Record Number: " + row): null

2024-01-13 22:35:06 - [TEST_STEP][PASSED] - today = new java.util.Date(): null

2024-01-13 22:35:06 - [TEST_STEP][PASSED] - println(today): null

2024-01-13 22:35:06 - [TEST_STEP][PASSED] - datText = today: null

2024-01-13 22:35:06 - [TEST_STEP][PASSED] - Taxtype = findTestData(dataFile).getValue("TaxType", row): null

2024-01-13 22:35:06 - [TEST_STEP][PASSED] - out.println("Taxtype value is : " + Taxtype): null

2024-01-13 22:35:06 - [TEST_STEP][PASSED] - openBrowser(""): Browser is opened with url: ''

2024-01-13 22:35:06 - [MESSAGE][WARNING] - A browser is already opened. Closing browser and opening a new one

2024-01-13 22:35:07 - [MESSAGE][INFO] - Starting 'Chrome' driver

2024-01-13 22:35:07 - [MESSAGE][INFO] - User set preference: ['acceptInsecureCerts', 'true']

2024-01-13 22:35:07 - [MESSAGE][INFO] - Action delay is set to 0 milliseconds

2024-01-13 22:35:08 - [MESSAGE][PASSED] - Browser is opened with url: ''

2024-01-13 22:35:08 - [TEST_STEP][PASSED] - maximizeWindow(): Current window maximized

2024-01-13 22:35:09 - [MESSAGE][PASSED] - Current window maximized

2024-01-13 22:35:09 - [TEST_STEP][PASSED] - navigateToUrl(RADurl): Navigate to 'https://qa2.velocitypayment.com/client/rad/index.html' successfully

2024-01-13 22:35:10 - [MESSAGE][PASSED] - Navigate to 'https://qa2.velocitypayment.com/client/rad/index.html' successfully

2024-01-13 22:35:10 - [TEST_STEP][PASSED] - orPath_Landing = "Object Repository/RAD_Pages/Landing_Page": null

2024-01-13 22:35:10 - [TEST_STEP][PASSED] - orPath_TaxTypeFilingYear = "Object Repository/RAD_Pages/TaxTypeFilingYear_Page": null

2024-01-13 22:35:10 - [TEST_STEP][PASSED] - orPath_TaxPayer = "Object Repository/RAD_Pages/Taxpayer_Page": null

2024-01-13 22:35:10 - [TEST_STEP][PASSED] - orPath_AddressContact = "Object Repository/RAD_Pages/AddressAndContactInfo_Page": null

2024-01-13 22:35:10 - [TEST_STEP][PASSED] - orPath_FilingStatus = "Object Repository/RAD_Pages/FilingStatus_Page": null

2024-01-13 22:35:10 - [TEST_STEP][PASSED] - orPath_Amount = "Object Repository/RAD_Pages/PaymentAmount_Page": null

2024-01-13 22:35:10 - [TEST_STEP][PASSED] - orPath_TaxInfo = "Object Repository/RAD_Pages/TaxInfo_Page": null

2024-01-13 22:35:10 - [TEST_STEP][PASSED] - orPath_Withholding = "Object Repository/RAD_Pages/Withholding_Page": null

2024-01-13 22:35:10 - [TEST_STEP][PASSED] - orPath_Summary = "Object Repository/RAD_Pages/Summary_Page": null

2024-01-13 22:35:10 - [TEST_STEP][PASSED] - orPath_PaymentReady = "Object Repository/RAD_Pages/PaymentReady_Page": null

2024-01-13 22:35:10 - [TEST_STEP][PASSED] - orPath_PaymentEntry = "Object Repository/RAD_Pages/PaymentEntry_Page": null

2024-01-13 22:35:10 - [TEST_STEP][PASSED] - orPath_PaymentConfirmation = "Object Repository/RAD_Pages/PaymentConfirmation_Page": null

2024-01-13 22:35:10 - [TEST_STEP][PASSED] - orPath_ServiceFeesAccept = "Object Repository/RAD_Pages/ServiceFeeAccept_Page": null

2024-01-13 22:35:10 - [TEST_STEP][PASSED] - selectOptionByLabel(findTestObject(orPath_Landing + "/dd_TaxType"), Paymenttype, false): All options with label 'New Tax Return Amount Due' are selected in object 'Object Repository/RAD_Pages/Landing_Page/dd_TaxType' 

2024-01-13 22:35:11 - [MESSAGE][PASSED] - All options with label 'New Tax Return Amount Due' are selected in object 'Object Repository/RAD_Pages/Landing_Page/dd_TaxType' 

2024-01-13 22:35:11 - [TEST_STEP][PASSED] - delay(1): Delayed 1 second(s)

2024-01-13 22:35:12 - [MESSAGE][PASSED] - Delayed 1 second(s)

2024-01-13 22:35:12 - [TEST_STEP][PASSED] - switch (Paymenttype): null

2024-01-13 22:35:12 - [TEST_STEP][PASSED] - case "New Tax Return Amount Due":: null

2024-01-13 22:35:12 - [TEST_STEP][PASSED] - selectOptionByLabel(findTestObject("Object Repository/RAD_Pages/Landing_Page/select_NewTaxReturnAmountDue_TaxType"), Taxtype, false): All options with label 'Unclaimed Property' are selected in object 'Object Repository/RAD_Pages/Landing_Page/select_NewTaxReturnAmountDue_TaxType' 

2024-01-13 22:35:12 - [MESSAGE][PASSED] - All options with label 'Unclaimed Property' are selected in object 'Object Repository/RAD_Pages/Landing_Page/select_NewTaxReturnAmountDue_TaxType' 

2024-01-13 22:35:12 - [TEST_STEP][PASSED] - break: null

2024-01-13 22:35:12 - [TEST_STEP][PASSED] - delay(1): Delayed 1 second(s)

2024-01-13 22:35:13 - [MESSAGE][PASSED] - Delayed 1 second(s)

2024-01-13 22:35:13 - [TEST_STEP][PASSED] - scrollToElement(findTestObject(orPath_Amount + "/input__paymentAmount"), 2, CONTINUE_ON_FAILURE): Scroll to object 'Object Repository/RAD_Pages/PaymentAmount_Page/input__paymentAmount' successfully

2024-01-13 22:35:14 - [MESSAGE][PASSED] - Scroll to object 'Object Repository/RAD_Pages/PaymentAmount_Page/input__paymentAmount' successfully

2024-01-13 22:35:14 - [TEST_STEP][PASSED] - switch (Paymenttype): null

2024-01-13 22:35:14 - [TEST_STEP][PASSED] - case "New Tax Return Amount Due":: null

2024-01-13 22:35:14 - [TEST_STEP][PASSED] - setEncryptedText(findTestObject(orPath_TaxInfo + "/input_FederalEIN-2"), "RigbBhfdqODKcAsiUrg+1Q=="): Text ****** has been set on object 'Object Repository/RAD_Pages/TaxInfo_Page/input_FederalEIN-2'

2024-01-13 22:35:14 - [MESSAGE][PASSED] - Text ****** has been set on object 'Object Repository/RAD_Pages/TaxInfo_Page/input_FederalEIN-2'

2024-01-13 22:35:14 - [TEST_STEP][PASSED] - setEncryptedText(findTestObject(orPath_TaxInfo + "/input_FederalEIN_ReEnter-2"), "RigbBhfdqOBBGbZqm4oFJQ=="): Text ****** has been set on object 'Object Repository/RAD_Pages/TaxInfo_Page/input_FederalEIN_ReEnter-2'

2024-01-13 22:35:15 - [MESSAGE][PASSED] - Text ****** has been set on object 'Object Repository/RAD_Pages/TaxInfo_Page/input_FederalEIN_ReEnter-2'

2024-01-13 22:35:15 - [TEST_STEP][PASSED] - break: null

2024-01-13 22:35:15 - [TEST_STEP][PASSED] - setText(findTestObject(orPath_Amount + "/input__paymentAmount"), ""): Text '' is set on object 'Object Repository/RAD_Pages/PaymentAmount_Page/input__paymentAmount'

2024-01-13 22:35:15 - [MESSAGE][PASSED] - Text '' is set on object 'Object Repository/RAD_Pages/PaymentAmount_Page/input__paymentAmount'

2024-01-13 22:35:15 - [TEST_STEP][PASSED] - verifyTextPresent("The FEIN and Re-type FEIN do not match", true): Text 'The FEIN and Re-type FEIN do not match' is present on page  using regular expression

2024-01-13 22:35:16 - [MESSAGE][PASSED] - Text 'The FEIN and Re-type FEIN do not match' is present on page  using regular expression

2024-01-13 22:35:16 - [TEST_STEP][PASSED] - if (verifyTextPresent("The FEIN and Re-type FEIN do not match", true)): null

2024-01-13 22:35:16 - [MESSAGE][PASSED] - Text 'The FEIN and Re-type FEIN do not match' is present on page  using regular expression

2024-01-13 22:35:16 - [TEST_STEP][PASSED] - println("Error Message is present on the page"): null

2024-01-13 22:35:16 - [TEST_STEP][PASSED] - out.println("Pass Record Number: " + row): null

2024-01-13 22:35:16 - [TEST_STEP][PASSED] - resText = "Pass": null

2024-01-13 22:35:16 - [TEST_STEP][PASSED] - pages.WriteExcel.demoKey(resText, datText, resColumn, datCloumn, fileLoc, nameSheet, row): pages.WriteExcel.demoKey is PASSED

2024-01-13 22:35:16 - [MESSAGE][PASSED] - pages.WriteExcel.demoKey is PASSED

2024-01-13 22:35:16 - [TEST_STEP][PASSED] - ExecuteTC = findTestData(dataFile).getValue("Execute", row): null

2024-01-13 22:35:16 - [TEST_STEP][PASSED] - Taxtype = findTestData(dataFile).getValue("TaxType", row): null

2024-01-13 22:35:16 - [TEST_STEP][PASSED] - Paymenttype = findTestData(dataFile).getValue("PaymentType", row): null

2024-01-13 22:35:17 - [TEST_STEP][PASSED] - out.println("Value of Execute is : " + ExecuteTC): null

2024-01-13 22:35:17 - [TEST_STEP][PASSED] - if (ExecuteTC.equalsIgnoreCase("Y")): null

2024-01-13 22:35:17 - [TEST_STEP][PASSED] - out.println("Begin Record Number: " + row): null

2024-01-13 22:35:17 - [TEST_STEP][PASSED] - today = new java.util.Date(): null

2024-01-13 22:35:17 - [TEST_STEP][PASSED] - println(today): null

2024-01-13 22:35:17 - [TEST_STEP][PASSED] - datText = today: null

2024-01-13 22:35:17 - [TEST_STEP][PASSED] - Taxtype = findTestData(dataFile).getValue("TaxType", row): null

2024-01-13 22:35:17 - [TEST_STEP][PASSED] - out.println("Taxtype value is : " + Taxtype): null

2024-01-13 22:35:17 - [TEST_STEP][PASSED] - openBrowser(""): Browser is opened with url: ''

2024-01-13 22:35:17 - [MESSAGE][WARNING] - A browser is already opened. Closing browser and opening a new one

2024-01-13 22:35:18 - [MESSAGE][INFO] - Starting 'Chrome' driver

2024-01-13 22:35:18 - [MESSAGE][INFO] - User set preference: ['acceptInsecureCerts', 'true']

2024-01-13 22:35:18 - [MESSAGE][INFO] - Action delay is set to 0 milliseconds

2024-01-13 22:35:19 - [MESSAGE][PASSED] - Browser is opened with url: ''

2024-01-13 22:35:19 - [TEST_STEP][PASSED] - maximizeWindow(): Current window maximized

2024-01-13 22:35:19 - [MESSAGE][PASSED] - Current window maximized

2024-01-13 22:35:19 - [TEST_STEP][PASSED] - navigateToUrl(RADurl): Navigate to 'https://qa2.velocitypayment.com/client/rad/index.html' successfully

2024-01-13 22:35:21 - [MESSAGE][PASSED] - Navigate to 'https://qa2.velocitypayment.com/client/rad/index.html' successfully

2024-01-13 22:35:21 - [TEST_STEP][PASSED] - orPath_Landing = "Object Repository/RAD_Pages/Landing_Page": null

2024-01-13 22:35:21 - [TEST_STEP][PASSED] - orPath_TaxTypeFilingYear = "Object Repository/RAD_Pages/TaxTypeFilingYear_Page": null

2024-01-13 22:35:21 - [TEST_STEP][PASSED] - orPath_TaxPayer = "Object Repository/RAD_Pages/Taxpayer_Page": null

2024-01-13 22:35:21 - [TEST_STEP][PASSED] - orPath_AddressContact = "Object Repository/RAD_Pages/AddressAndContactInfo_Page": null

2024-01-13 22:35:21 - [TEST_STEP][PASSED] - orPath_FilingStatus = "Object Repository/RAD_Pages/FilingStatus_Page": null

2024-01-13 22:35:21 - [TEST_STEP][PASSED] - orPath_Amount = "Object Repository/RAD_Pages/PaymentAmount_Page": null

2024-01-13 22:35:21 - [TEST_STEP][PASSED] - orPath_TaxInfo = "Object Repository/RAD_Pages/TaxInfo_Page": null

2024-01-13 22:35:21 - [TEST_STEP][PASSED] - orPath_Withholding = "Object Repository/RAD_Pages/Withholding_Page": null

2024-01-13 22:35:21 - [TEST_STEP][PASSED] - orPath_Summary = "Object Repository/RAD_Pages/Summary_Page": null

2024-01-13 22:35:21 - [TEST_STEP][PASSED] - orPath_PaymentReady = "Object Repository/RAD_Pages/PaymentReady_Page": null

2024-01-13 22:35:21 - [TEST_STEP][PASSED] - orPath_PaymentEntry = "Object Repository/RAD_Pages/PaymentEntry_Page": null

2024-01-13 22:35:21 - [TEST_STEP][PASSED] - orPath_PaymentConfirmation = "Object Repository/RAD_Pages/PaymentConfirmation_Page": null

2024-01-13 22:35:21 - [TEST_STEP][PASSED] - orPath_ServiceFeesAccept = "Object Repository/RAD_Pages/ServiceFeeAccept_Page": null

2024-01-13 22:35:21 - [TEST_STEP][PASSED] - selectOptionByLabel(findTestObject(orPath_Landing + "/dd_TaxType"), Paymenttype, false): All options with label 'New Tax Return Amount Due' are selected in object 'Object Repository/RAD_Pages/Landing_Page/dd_TaxType' 

2024-01-13 22:35:21 - [MESSAGE][PASSED] - All options with label 'New Tax Return Amount Due' are selected in object 'Object Repository/RAD_Pages/Landing_Page/dd_TaxType' 

2024-01-13 22:35:21 - [TEST_STEP][PASSED] - delay(1): Delayed 1 second(s)

2024-01-13 22:35:22 - [MESSAGE][PASSED] - Delayed 1 second(s)

2024-01-13 22:35:22 - [TEST_STEP][PASSED] - switch (Paymenttype): null

2024-01-13 22:35:22 - [TEST_STEP][PASSED] - case "New Tax Return Amount Due":: null

2024-01-13 22:35:22 - [TEST_STEP][PASSED] - selectOptionByLabel(findTestObject("Object Repository/RAD_Pages/Landing_Page/select_NewTaxReturnAmountDue_TaxType"), Taxtype, false): All options with label 'Withholding Tax' are selected in object 'Object Repository/RAD_Pages/Landing_Page/select_NewTaxReturnAmountDue_TaxType' 

2024-01-13 22:35:23 - [MESSAGE][PASSED] - All options with label 'Withholding Tax' are selected in object 'Object Repository/RAD_Pages/Landing_Page/select_NewTaxReturnAmountDue_TaxType' 

2024-01-13 22:35:23 - [TEST_STEP][PASSED] - break: null

2024-01-13 22:35:23 - [TEST_STEP][PASSED] - delay(1): Delayed 1 second(s)

2024-01-13 22:35:24 - [MESSAGE][PASSED] - Delayed 1 second(s)

2024-01-13 22:35:24 - [TEST_STEP][PASSED] - scrollToElement(findTestObject(orPath_Amount + "/input__paymentAmount"), 2, CONTINUE_ON_FAILURE): Scroll to object 'Object Repository/RAD_Pages/PaymentAmount_Page/input__paymentAmount' successfully

2024-01-13 22:35:24 - [MESSAGE][PASSED] - Scroll to object 'Object Repository/RAD_Pages/PaymentAmount_Page/input__paymentAmount' successfully

2024-01-13 22:35:24 - [TEST_STEP][PASSED] - switch (Paymenttype): null

2024-01-13 22:35:24 - [TEST_STEP][PASSED] - case "New Tax Return Amount Due":: null

2024-01-13 22:35:24 - [TEST_STEP][PASSED] - setEncryptedText(findTestObject(orPath_TaxInfo + "/input_FederalEIN-2"), "RigbBhfdqODKcAsiUrg+1Q=="): Text ****** has been set on object 'Object Repository/RAD_Pages/TaxInfo_Page/input_FederalEIN-2'

2024-01-13 22:35:25 - [MESSAGE][PASSED] - Text ****** has been set on object 'Object Repository/RAD_Pages/TaxInfo_Page/input_FederalEIN-2'

2024-01-13 22:35:25 - [TEST_STEP][PASSED] - setEncryptedText(findTestObject(orPath_TaxInfo + "/input_FederalEIN_ReEnter-2"), "RigbBhfdqOBBGbZqm4oFJQ=="): Text ****** has been set on object 'Object Repository/RAD_Pages/TaxInfo_Page/input_FederalEIN_ReEnter-2'

2024-01-13 22:35:25 - [MESSAGE][PASSED] - Text ****** has been set on object 'Object Repository/RAD_Pages/TaxInfo_Page/input_FederalEIN_ReEnter-2'

2024-01-13 22:35:25 - [TEST_STEP][PASSED] - break: null

2024-01-13 22:35:25 - [TEST_STEP][PASSED] - setText(findTestObject(orPath_Amount + "/input__paymentAmount"), ""): Text '' is set on object 'Object Repository/RAD_Pages/PaymentAmount_Page/input__paymentAmount'

2024-01-13 22:35:26 - [MESSAGE][PASSED] - Text '' is set on object 'Object Repository/RAD_Pages/PaymentAmount_Page/input__paymentAmount'

2024-01-13 22:35:26 - [TEST_STEP][PASSED] - verifyTextPresent("The FEIN and Re-type FEIN do not match", true): Text 'The FEIN and Re-type FEIN do not match' is present on page  using regular expression

2024-01-13 22:35:27 - [MESSAGE][PASSED] - Text 'The FEIN and Re-type FEIN do not match' is present on page  using regular expression

2024-01-13 22:35:27 - [TEST_STEP][PASSED] - if (verifyTextPresent("The FEIN and Re-type FEIN do not match", true)): null

2024-01-13 22:35:27 - [MESSAGE][PASSED] - Text 'The FEIN and Re-type FEIN do not match' is present on page  using regular expression

2024-01-13 22:35:27 - [TEST_STEP][PASSED] - println("Error Message is present on the page"): null

2024-01-13 22:35:27 - [TEST_STEP][PASSED] - out.println("Pass Record Number: " + row): null

2024-01-13 22:35:27 - [TEST_STEP][PASSED] - resText = "Pass": null

2024-01-13 22:35:27 - [TEST_STEP][PASSED] - pages.WriteExcel.demoKey(resText, datText, resColumn, datCloumn, fileLoc, nameSheet, row): pages.WriteExcel.demoKey is PASSED

2024-01-13 22:35:27 - [MESSAGE][PASSED] - pages.WriteExcel.demoKey is PASSED]]></system-out>
         <system-err><![CDATA[2024-01-13 22:29:47 - [TEST_CASE][FAILED] - Test Cases/RAD_TestCases/Negative_TestCases/FEINmismatchError: Test Cases/RAD_TestCases/Negative_TestCases/FEINmismatchError FAILED.
Reason:
com.kms.katalon.core.exception.StepFailedException: Unable to set encrypted text for object 'Object Repository/RAD_RecordAndPlay/input_Existing_FEIN' (Root cause: com.kms.katalon.core.exception.StepFailedException: Unable to set encrypted text for object 'Object Repository/RAD_RecordAndPlay/input_Existing_FEIN'
	at com.kms.katalon.core.webui.keyword.internal.WebUIKeywordMain.stepFailed(WebUIKeywordMain.groovy:64)
	at com.kms.katalon.core.webui.keyword.internal.WebUIKeywordMain.runKeyword(WebUIKeywordMain.groovy:26)
	at com.kms.katalon.core.webui.keyword.builtin.SetEncryptedTextKeyword.setEncryptedText(SetEncryptedTextKeyword.groovy:65)
	at com.kms.katalon.core.webui.keyword.builtin.SetEncryptedTextKeyword.execute(SetEncryptedTextKeyword.groovy:34)
	at com.kms.katalon.core.keyword.internal.KeywordExecutor.executeKeywordForPlatform(KeywordExecutor.groovy:74)
	at com.kms.katalon.core.webui.keyword.WebUiBuiltInKeywords.setEncryptedText(WebUiBuiltInKeywords.groovy:1011)
	at com.kms.katalon.core.webui.keyword.WebUiBuiltInKeywords$setEncryptedText$4.call(Unknown Source)
	at FEINmismatchError.run(FEINmismatchError:142)
	at com.kms.katalon.core.main.ScriptEngine.run(ScriptEngine.java:194)
	at com.kms.katalon.core.main.ScriptEngine.runScriptAsRawText(ScriptEngine.java:119)
	at com.kms.katalon.core.main.TestCaseExecutor.runScript(TestCaseExecutor.java:448)
	at com.kms.katalon.core.main.TestCaseExecutor.doExecute(TestCaseExecutor.java:439)
	at com.kms.katalon.core.main.TestCaseExecutor.processExecutionPhase(TestCaseExecutor.java:418)
	at com.kms.katalon.core.main.TestCaseExecutor.accessMainPhase(TestCaseExecutor.java:410)
	at com.kms.katalon.core.main.TestCaseExecutor.execute(TestCaseExecutor.java:285)
	at com.kms.katalon.core.common.CommonExecutor.accessTestCaseMainPhase(CommonExecutor.java:65)
	at com.kms.katalon.core.main.TestSuiteExecutor.accessTestSuiteMainPhase(TestSuiteExecutor.java:148)
	at com.kms.katalon.core.main.TestSuiteExecutor.execute(TestSuiteExecutor.java:106)
	at com.kms.katalon.core.main.TestCaseMain.startTestSuite(TestCaseMain.java:187)
	at com.kms.katalon.core.main.TestCaseMain$startTestSuite$0.call(Unknown Source)
	at TempTestSuite1705202981112.run(TempTestSuite1705202981112.groovy:36)
Caused by: org.openqa.selenium.ElementNotInteractableException: element not interactable
  (Session info: chrome=120.0.6099.200)
Build info: version: '3.141.59', revision: 'e82be7d358', time: '2018-11-14T08:25:53'
System info: host: 'DESKTOP-B2QI6NS', ip: '172.31.253.139', os.name: 'Windows 10', os.arch: 'amd64', os.version: '10.0', java.version: '1.8.0_181'
Driver info: com.kms.katalon.selenium.driver.CChromeDriver
Capabilities {acceptInsecureCerts: true, browserName: chrome, browserVersion: 120.0.6099.200, chrome: {chromedriverVersion: 119.0.6045.105 (38c72552c5e..., userDataDir: C:\Users\imtiaz\AppData\Loc...}, fedcm:accounts: true, goog:chromeOptions: {debuggerAddress: localhost:55332}, javascriptEnabled: true, networkConnectionEnabled: false, pageLoadStrategy: normal, platform: WINDOWS, platformName: WINDOWS, proxy: Proxy(), setWindowRect: true, strictFileInteractability: false, timeouts: {implicit: 0, pageLoad: 300000, script: 30000}, unhandledPromptBehavior: dismiss and notify, webauthn:extension:credBlob: true, webauthn:extension:largeBlob: true, webauthn:extension:minPinLength: true, webauthn:extension:prf: true, webauthn:virtualAuthenticators: true}
Session ID: e5d88fbad1141ac5d028a4be2221b92d
	at org.openqa.selenium.remote.http.W3CHttpResponseCodec.createException(W3CHttpResponseCodec.java:187)
	at org.openqa.selenium.remote.http.W3CHttpResponseCodec.decode(W3CHttpResponseCodec.java:122)
	at org.openqa.selenium.remote.http.W3CHttpResponseCodec.decode(W3CHttpResponseCodec.java:49)
	at org.openqa.selenium.remote.HttpCommandExecutor.execute(HttpCommandExecutor.java:158)
	at org.openqa.selenium.remote.service.DriverCommandExecutor.execute(DriverCommandExecutor.java:83)
	at org.openqa.selenium.remote.RemoteWebDriver.execute(RemoteWebDriver.java:552)
	at com.kms.katalon.selenium.driver.CChromeDriver.execute(CChromeDriver.java:19)
	at org.openqa.selenium.remote.RemoteWebElement.execute(RemoteWebElement.java:285)
	at org.openqa.selenium.remote.RemoteWebElement.clear(RemoteWebElement.java:124)
	at org.openqa.selenium.support.events.EventFiringWebDriver$EventFiringWebElement.lambda$new$0(EventFiringWebDriver.java:404)
	at com.sun.proxy.$Proxy11.clear(Unknown Source)
	at org.openqa.selenium.support.events.EventFiringWebDriver$EventFiringWebElement.clear(EventFiringWebDriver.java:436)
	at com.kms.katalon.core.webui.keyword.builtin.SetEncryptedTextKeyword$_setEncryptedText_closure1.doCall(SetEncryptedTextKeyword.groovy:54)
	at com.kms.katalon.core.webui.keyword.builtin.SetEncryptedTextKeyword$_setEncryptedText_closure1.call(SetEncryptedTextKeyword.groovy)
	at com.kms.katalon.core.webui.keyword.internal.WebUIKeywordMain.runKeyword(WebUIKeywordMain.groovy:20)
	at com.kms.katalon.core.webui.keyword.builtin.SetEncryptedTextKeyword.setEncryptedText(SetEncryptedTextKeyword.groovy:65)
	at com.kms.katalon.core.webui.keyword.builtin.SetEncryptedTextKeyword.execute(SetEncryptedTextKeyword.groovy:34)
	at com.kms.katalon.core.keyword.internal.KeywordExecutor.executeKeywordForPlatform(KeywordExecutor.groovy:74)
	at com.kms.katalon.core.webui.keyword.WebUiBuiltInKeywords.setEncryptedText(WebUiBuiltInKeywords.groovy:1011)
	at com.kms.katalon.core.webui.keyword.WebUiBuiltInKeywords$setEncryptedText$4.call(Unknown Source)
	at Script1693763256792.run(Script1693763256792.groovy:142)
	... 13 more
)
	at com.kms.katalon.core.keyword.internal.KeywordMain.stepFailed(KeywordMain.groovy:39)
	at com.kms.katalon.core.webui.keyword.internal.WebUIKeywordMain.stepFailed(WebUIKeywordMain.groovy:64)
	at com.kms.katalon.core.webui.keyword.internal.WebUIKeywordMain.runKeyword(WebUIKeywordMain.groovy:26)
	at com.kms.katalon.core.webui.keyword.builtin.SetEncryptedTextKeyword.setEncryptedText(SetEncryptedTextKeyword.groovy:65)
	at com.kms.katalon.core.webui.keyword.builtin.SetEncryptedTextKeyword.execute(SetEncryptedTextKeyword.groovy:34)
	at com.kms.katalon.core.keyword.internal.KeywordExecutor.executeKeywordForPlatform(KeywordExecutor.groovy:74)
	at com.kms.katalon.core.webui.keyword.WebUiBuiltInKeywords.setEncryptedText(WebUiBuiltInKeywords.groovy:1011)
	at com.kms.katalon.core.webui.keyword.WebUiBuiltInKeywords$setEncryptedText$4.call(Unknown Source)
	at FEINmismatchError.run(FEINmismatchError:142)
	at com.kms.katalon.core.main.ScriptEngine.run(ScriptEngine.java:194)
	at com.kms.katalon.core.main.ScriptEngine.runScriptAsRawText(ScriptEngine.java:119)
	at com.kms.katalon.core.main.TestCaseExecutor.runScript(TestCaseExecutor.java:448)
	at com.kms.katalon.core.main.TestCaseExecutor.doExecute(TestCaseExecutor.java:439)
	at com.kms.katalon.core.main.TestCaseExecutor.processExecutionPhase(TestCaseExecutor.java:418)
	at com.kms.katalon.core.main.TestCaseExecutor.accessMainPhase(TestCaseExecutor.java:410)
	at com.kms.katalon.core.main.TestCaseExecutor.execute(TestCaseExecutor.java:285)
	at com.kms.katalon.core.common.CommonExecutor.accessTestCaseMainPhase(CommonExecutor.java:65)
	at com.kms.katalon.core.main.TestSuiteExecutor.accessTestSuiteMainPhase(TestSuiteExecutor.java:148)
	at com.kms.katalon.core.main.TestSuiteExecutor.execute(TestSuiteExecutor.java:106)
	at com.kms.katalon.core.main.TestCaseMain.startTestSuite(TestCaseMain.java:187)
	at com.kms.katalon.core.main.TestCaseMain$startTestSuite$0.call(Unknown Source)
	at TempTestSuite1705202981112.run(TempTestSuite1705202981112.groovy:36)
Caused by: com.kms.katalon.core.exception.StepFailedException: Unable to set encrypted text for object 'Object Repository/RAD_RecordAndPlay/input_Existing_FEIN'
	... 21 more
Caused by: org.openqa.selenium.ElementNotInteractableException: element not interactable
  (Session info: chrome=120.0.6099.200)
Build info: version: '3.141.59', revision: 'e82be7d358', time: '2018-11-14T08:25:53'
System info: host: 'DESKTOP-B2QI6NS', ip: '172.31.253.139', os.name: 'Windows 10', os.arch: 'amd64', os.version: '10.0', java.version: '1.8.0_181'
Driver info: com.kms.katalon.selenium.driver.CChromeDriver
Capabilities {acceptInsecureCerts: true, browserName: chrome, browserVersion: 120.0.6099.200, chrome: {chromedriverVersion: 119.0.6045.105 (38c72552c5e..., userDataDir: C:\Users\imtiaz\AppData\Loc...}, fedcm:accounts: true, goog:chromeOptions: {debuggerAddress: localhost:55332}, javascriptEnabled: true, networkConnectionEnabled: false, pageLoadStrategy: normal, platform: WINDOWS, platformName: WINDOWS, proxy: Proxy(), setWindowRect: true, strictFileInteractability: false, timeouts: {implicit: 0, pageLoad: 300000, script: 30000}, unhandledPromptBehavior: dismiss and notify, webauthn:extension:credBlob: true, webauthn:extension:largeBlob: true, webauthn:extension:minPinLength: true, webauthn:extension:prf: true, webauthn:virtualAuthenticators: true}
Session ID: e5d88fbad1141ac5d028a4be2221b92d
	at org.openqa.selenium.remote.http.W3CHttpResponseCodec.createException(W3CHttpResponseCodec.java:187)
	at org.openqa.selenium.remote.http.W3CHttpResponseCodec.decode(W3CHttpResponseCodec.java:122)
	at org.openqa.selenium.remote.http.W3CHttpResponseCodec.decode(W3CHttpResponseCodec.java:49)
	at org.openqa.selenium.remote.HttpCommandExecutor.execute(HttpCommandExecutor.java:158)
	at org.openqa.selenium.remote.service.DriverCommandExecutor.execute(DriverCommandExecutor.java:83)
	at org.openqa.selenium.remote.RemoteWebDriver.execute(RemoteWebDriver.java:552)
	at com.kms.katalon.selenium.driver.CChromeDriver.execute(CChromeDriver.java:19)
	at org.openqa.selenium.remote.RemoteWebElement.execute(RemoteWebElement.java:285)
	at org.openqa.selenium.remote.RemoteWebElement.clear(RemoteWebElement.java:124)
	at org.openqa.selenium.support.events.EventFiringWebDriver$EventFiringWebElement.lambda$new$0(EventFiringWebDriver.java:404)
	at com.sun.proxy.$Proxy11.clear(Unknown Source)
	at org.openqa.selenium.support.events.EventFiringWebDriver$EventFiringWebElement.clear(EventFiringWebDriver.java:436)
	at com.kms.katalon.core.webui.keyword.builtin.SetEncryptedTextKeyword$_setEncryptedText_closure1.doCall(SetEncryptedTextKeyword.groovy:54)
	at com.kms.katalon.core.webui.keyword.builtin.SetEncryptedTextKeyword$_setEncryptedText_closure1.call(SetEncryptedTextKeyword.groovy)
	at com.kms.katalon.core.webui.keyword.internal.WebUIKeywordMain.runKeyword(WebUIKeywordMain.groovy:20)
	... 19 more]]></system-err>
      </testcase>
      <testcase name="Test Cases/RAD_TestCases/Negative_TestCases/FEINSSNmismatchError" time="125.594" classname="Test Cases/RAD_TestCases/Negative_TestCases/FEINSSNmismatchError" status="PASSED">
         <system-out><![CDATA[2024-01-13 22:35:27 - [TEST_CASE][PASSED] - Test Cases/RAD_TestCases/Negative_TestCases/FEINSSNmismatchError: Test Cases/RAD_TestCases/Negative_TestCases/FEINSSNmismatchError

2024-01-13 22:35:28 - [TEST_STEP][PASSED] - resText = "Fail": null

2024-01-13 22:35:28 - [TEST_STEP][PASSED] - resColumn = "Result": null

2024-01-13 22:35:28 - [TEST_STEP][PASSED] - datCloumn = "Date": null

2024-01-13 22:35:28 - [TEST_STEP][PASSED] - fileLoc = "KatalonData/RADTestData/FEINmismatch.xlsx": null

2024-01-13 22:35:28 - [TEST_STEP][PASSED] - nameSheet = "FEINSSNmismatch": null

2024-01-13 22:35:28 - [TEST_STEP][PASSED] - dataFile = "RADTestData/FEINSSNmismatch": null

2024-01-13 22:35:28 - [TEST_STEP][PASSED] - ExecuteTC = <not implemented yet for class: org.codehaus.groovy.ast.expr.EmptyExpression>: null

2024-01-13 22:35:28 - [TEST_STEP][PASSED] - Taxtype = <not implemented yet for class: org.codehaus.groovy.ast.expr.EmptyExpression>: null

2024-01-13 22:35:28 - [TEST_STEP][PASSED] - Paymenttype = <not implemented yet for class: org.codehaus.groovy.ast.expr.EmptyExpression>: null

2024-01-13 22:35:28 - [TEST_STEP][PASSED] - numOfRows = findTestData(dataFile).getRowNumbers(): null

2024-01-13 22:35:28 - [TEST_STEP][PASSED] - println("Number of Records: " + numOfRows): null

2024-01-13 22:35:28 - [TEST_STEP][PASSED] - for ([row = 1, row <= numOfRows, (row++)]): null

2024-01-13 22:35:28 - [TEST_STEP][PASSED] - ExecuteTC = findTestData(dataFile).getValue("Execute", row): null

2024-01-13 22:35:28 - [TEST_STEP][PASSED] - Taxtype = findTestData(dataFile).getValue("TaxType", row): null

2024-01-13 22:35:28 - [TEST_STEP][PASSED] - Paymenttype = findTestData(dataFile).getValue("PaymentType", row): null

2024-01-13 22:35:28 - [TEST_STEP][PASSED] - out.println("Value of Execute is : " + ExecuteTC): null

2024-01-13 22:35:28 - [TEST_STEP][PASSED] - if (ExecuteTC.equalsIgnoreCase("Y")): null

2024-01-13 22:35:28 - [TEST_STEP][PASSED] - out.println("Begin Record Number: " + row): null

2024-01-13 22:35:28 - [TEST_STEP][PASSED] - today = new java.util.Date(): null

2024-01-13 22:35:28 - [TEST_STEP][PASSED] - println(today): null

2024-01-13 22:35:28 - [TEST_STEP][PASSED] - datText = today: null

2024-01-13 22:35:28 - [TEST_STEP][PASSED] - Taxtype = findTestData(dataFile).getValue("TaxType", row): null

2024-01-13 22:35:28 - [TEST_STEP][PASSED] - out.println("Taxtype value is : " + Taxtype): null

2024-01-13 22:35:28 - [TEST_STEP][PASSED] - openBrowser(""): Browser is opened with url: ''

2024-01-13 22:35:28 - [MESSAGE][WARNING] - A browser is already opened. Closing browser and opening a new one

2024-01-13 22:35:29 - [MESSAGE][INFO] - Starting 'Chrome' driver

2024-01-13 22:35:29 - [MESSAGE][INFO] - User set preference: ['acceptInsecureCerts', 'true']

2024-01-13 22:35:29 - [MESSAGE][INFO] - Action delay is set to 0 milliseconds

2024-01-13 22:35:30 - [MESSAGE][PASSED] - Browser is opened with url: ''

2024-01-13 22:35:30 - [TEST_STEP][PASSED] - maximizeWindow(): Current window maximized

2024-01-13 22:35:30 - [MESSAGE][PASSED] - Current window maximized

2024-01-13 22:35:30 - [TEST_STEP][PASSED] - navigateToUrl(RADurl): Navigate to 'https://qa2.velocitypayment.com/client/rad/index.html' successfully

2024-01-13 22:35:31 - [MESSAGE][PASSED] - Navigate to 'https://qa2.velocitypayment.com/client/rad/index.html' successfully

2024-01-13 22:35:31 - [TEST_STEP][PASSED] - orPath_Landing = "Object Repository/RAD_Pages/Landing_Page": null

2024-01-13 22:35:31 - [TEST_STEP][PASSED] - orPath_TaxTypeFilingYear = "Object Repository/RAD_Pages/TaxTypeFilingYear_Page": null

2024-01-13 22:35:31 - [TEST_STEP][PASSED] - orPath_TaxPayer = "Object Repository/RAD_Pages/Taxpayer_Page": null

2024-01-13 22:35:31 - [TEST_STEP][PASSED] - orPath_AddressContact = "Object Repository/RAD_Pages/AddressAndContactInfo_Page": null

2024-01-13 22:35:31 - [TEST_STEP][PASSED] - orPath_FilingStatus = "Object Repository/RAD_Pages/FilingStatus_Page": null

2024-01-13 22:35:31 - [TEST_STEP][PASSED] - orPath_Amount = "Object Repository/RAD_Pages/PaymentAmount_Page": null

2024-01-13 22:35:31 - [TEST_STEP][PASSED] - orPath_TaxInfo = "Object Repository/RAD_Pages/TaxInfo_Page": null

2024-01-13 22:35:31 - [TEST_STEP][PASSED] - orPath_Withholding = "Object Repository/RAD_Pages/Withholding_Page": null

2024-01-13 22:35:31 - [TEST_STEP][PASSED] - orPath_Summary = "Object Repository/RAD_Pages/Summary_Page": null

2024-01-13 22:35:31 - [TEST_STEP][PASSED] - orPath_PaymentReady = "Object Repository/RAD_Pages/PaymentReady_Page": null

2024-01-13 22:35:31 - [TEST_STEP][PASSED] - orPath_PaymentEntry = "Object Repository/RAD_Pages/PaymentEntry_Page": null

2024-01-13 22:35:31 - [TEST_STEP][PASSED] - orPath_PaymentConfirmation = "Object Repository/RAD_Pages/PaymentConfirmation_Page": null

2024-01-13 22:35:31 - [TEST_STEP][PASSED] - orPath_ServiceFeesAccept = "Object Repository/RAD_Pages/ServiceFeeAccept_Page": null

2024-01-13 22:35:31 - [TEST_STEP][PASSED] - selectOptionByLabel(findTestObject(orPath_Landing + "/dd_TaxType"), Paymenttype, false): All options with label 'Existing Liability w/Notice Number' are selected in object 'Object Repository/RAD_Pages/Landing_Page/dd_TaxType' 

2024-01-13 22:35:32 - [MESSAGE][PASSED] - All options with label 'Existing Liability w/Notice Number' are selected in object 'Object Repository/RAD_Pages/Landing_Page/dd_TaxType' 

2024-01-13 22:35:32 - [TEST_STEP][PASSED] - delay(1): Delayed 1 second(s)

2024-01-13 22:35:33 - [MESSAGE][PASSED] - Delayed 1 second(s)

2024-01-13 22:35:33 - [TEST_STEP][PASSED] - switch (Paymenttype): null

2024-01-13 22:35:33 - [TEST_STEP][PASSED] - case "Existing Liability w/Notice Number":: null

2024-01-13 22:35:33 - [TEST_STEP][PASSED] - selectOptionByLabel(findTestObject(orPath_TaxTypeFilingYear + "/select_TaxType_ExistingLiability"), Taxtype, false): All options with label 'PTE Non-Electing Non-S Corp' are selected in object 'Object Repository/RAD_Pages/TaxTypeFilingYear_Page/select_TaxType_ExistingLiability' 

2024-01-13 22:35:34 - [MESSAGE][PASSED] - All options with label 'PTE Non-Electing Non-S Corp' are selected in object 'Object Repository/RAD_Pages/TaxTypeFilingYear_Page/select_TaxType_ExistingLiability' 

2024-01-13 22:35:34 - [TEST_STEP][PASSED] - break: null

2024-01-13 22:35:34 - [TEST_STEP][PASSED] - delay(1): Delayed 1 second(s)

2024-01-13 22:35:35 - [MESSAGE][PASSED] - Delayed 1 second(s)

2024-01-13 22:35:35 - [TEST_STEP][PASSED] - scrollToElement(findTestObject(orPath_Amount + "/input__paymentAmount"), 2, CONTINUE_ON_FAILURE): Scroll to object 'Object Repository/RAD_Pages/PaymentAmount_Page/input__paymentAmount' successfully

2024-01-13 22:35:35 - [MESSAGE][PASSED] - Scroll to object 'Object Repository/RAD_Pages/PaymentAmount_Page/input__paymentAmount' successfully

2024-01-13 22:35:35 - [TEST_STEP][PASSED] - switch (Paymenttype): null

2024-01-13 22:35:35 - [TEST_STEP][PASSED] - case "Existing Liability w/Notice Number":: null

2024-01-13 22:35:35 - [TEST_STEP][PASSED] - setEncryptedText(findTestObject(orPath_TaxInfo + "/input_TaxInfo_feinSsn_Existing_New"), "RigbBhfdqODKcAsiUrg+1Q=="): Text ****** has been set on object 'Object Repository/RAD_Pages/TaxInfo_Page/input_TaxInfo_feinSsn_Existing_New'

2024-01-13 22:35:36 - [MESSAGE][PASSED] - Text ****** has been set on object 'Object Repository/RAD_Pages/TaxInfo_Page/input_TaxInfo_feinSsn_Existing_New'

2024-01-13 22:35:36 - [TEST_STEP][PASSED] - setEncryptedText(findTestObject(orPath_TaxInfo + "/input_TaxInfo_RetypefeinSsn_Existing_New"), "RigbBhfdqOD+04WBHw5iKw=="): Text ****** has been set on object 'Object Repository/RAD_Pages/TaxInfo_Page/input_TaxInfo_RetypefeinSsn_Existing_New'

2024-01-13 22:35:37 - [MESSAGE][PASSED] - Text ****** has been set on object 'Object Repository/RAD_Pages/TaxInfo_Page/input_TaxInfo_RetypefeinSsn_Existing_New'

2024-01-13 22:35:37 - [TEST_STEP][PASSED] - break: null

2024-01-13 22:35:37 - [TEST_STEP][PASSED] - setText(findTestObject(orPath_Amount + "/input__paymentAmount"), ""): Text '' is set on object 'Object Repository/RAD_Pages/PaymentAmount_Page/input__paymentAmount'

2024-01-13 22:35:37 - [MESSAGE][PASSED] - Text '' is set on object 'Object Repository/RAD_Pages/PaymentAmount_Page/input__paymentAmount'

2024-01-13 22:35:37 - [TEST_STEP][PASSED] - if (verifyTextPresent("The FEIN/SSN and Re-type FEIN/SSN do not match", true)): null

2024-01-13 22:35:38 - [MESSAGE][PASSED] - Text 'The FEIN/SSN and Re-type FEIN/SSN do not match' is present on page  using regular expression

2024-01-13 22:35:38 - [TEST_STEP][PASSED] - println("Error Message is present on the page"): null

2024-01-13 22:35:38 - [TEST_STEP][PASSED] - out.println("Pass Record Number: " + row): null

2024-01-13 22:35:38 - [TEST_STEP][PASSED] - resText = "Pass": null

2024-01-13 22:35:38 - [TEST_STEP][PASSED] - pages.WriteExcel.demoKey(resText, datText, resColumn, datCloumn, fileLoc, nameSheet, row): pages.WriteExcel.demoKey is PASSED

2024-01-13 22:35:38 - [MESSAGE][PASSED] - pages.WriteExcel.demoKey is PASSED

2024-01-13 22:35:38 - [TEST_STEP][PASSED] - ExecuteTC = findTestData(dataFile).getValue("Execute", row): null

2024-01-13 22:35:38 - [TEST_STEP][PASSED] - Taxtype = findTestData(dataFile).getValue("TaxType", row): null

2024-01-13 22:35:38 - [TEST_STEP][PASSED] - Paymenttype = findTestData(dataFile).getValue("PaymentType", row): null

2024-01-13 22:35:38 - [TEST_STEP][PASSED] - out.println("Value of Execute is : " + ExecuteTC): null

2024-01-13 22:35:38 - [TEST_STEP][PASSED] - if (ExecuteTC.equalsIgnoreCase("Y")): null

2024-01-13 22:35:38 - [TEST_STEP][PASSED] - out.println("Begin Record Number: " + row): null

2024-01-13 22:35:38 - [TEST_STEP][PASSED] - today = new java.util.Date(): null

2024-01-13 22:35:38 - [TEST_STEP][PASSED] - println(today): null

2024-01-13 22:35:38 - [TEST_STEP][PASSED] - datText = today: null

2024-01-13 22:35:38 - [TEST_STEP][PASSED] - Taxtype = findTestData(dataFile).getValue("TaxType", row): null

2024-01-13 22:35:38 - [TEST_STEP][PASSED] - out.println("Taxtype value is : " + Taxtype): null

2024-01-13 22:35:38 - [TEST_STEP][PASSED] - openBrowser(""): Browser is opened with url: ''

2024-01-13 22:35:38 - [MESSAGE][WARNING] - A browser is already opened. Closing browser and opening a new one

2024-01-13 22:35:39 - [MESSAGE][INFO] - Starting 'Chrome' driver

2024-01-13 22:35:39 - [MESSAGE][INFO] - User set preference: ['acceptInsecureCerts', 'true']

2024-01-13 22:35:39 - [MESSAGE][INFO] - Action delay is set to 0 milliseconds

2024-01-13 22:35:41 - [MESSAGE][PASSED] - Browser is opened with url: ''

2024-01-13 22:35:41 - [TEST_STEP][PASSED] - maximizeWindow(): Current window maximized

2024-01-13 22:35:41 - [MESSAGE][PASSED] - Current window maximized

2024-01-13 22:35:41 - [TEST_STEP][PASSED] - navigateToUrl(RADurl): Navigate to 'https://qa2.velocitypayment.com/client/rad/index.html' successfully

2024-01-13 22:35:42 - [MESSAGE][PASSED] - Navigate to 'https://qa2.velocitypayment.com/client/rad/index.html' successfully

2024-01-13 22:35:42 - [TEST_STEP][PASSED] - orPath_Landing = "Object Repository/RAD_Pages/Landing_Page": null

2024-01-13 22:35:42 - [TEST_STEP][PASSED] - orPath_TaxTypeFilingYear = "Object Repository/RAD_Pages/TaxTypeFilingYear_Page": null

2024-01-13 22:35:42 - [TEST_STEP][PASSED] - orPath_TaxPayer = "Object Repository/RAD_Pages/Taxpayer_Page": null

2024-01-13 22:35:42 - [TEST_STEP][PASSED] - orPath_AddressContact = "Object Repository/RAD_Pages/AddressAndContactInfo_Page": null

2024-01-13 22:35:42 - [TEST_STEP][PASSED] - orPath_FilingStatus = "Object Repository/RAD_Pages/FilingStatus_Page": null

2024-01-13 22:35:42 - [TEST_STEP][PASSED] - orPath_Amount = "Object Repository/RAD_Pages/PaymentAmount_Page": null

2024-01-13 22:35:42 - [TEST_STEP][PASSED] - orPath_TaxInfo = "Object Repository/RAD_Pages/TaxInfo_Page": null

2024-01-13 22:35:42 - [TEST_STEP][PASSED] - orPath_Withholding = "Object Repository/RAD_Pages/Withholding_Page": null

2024-01-13 22:35:42 - [TEST_STEP][PASSED] - orPath_Summary = "Object Repository/RAD_Pages/Summary_Page": null

2024-01-13 22:35:42 - [TEST_STEP][PASSED] - orPath_PaymentReady = "Object Repository/RAD_Pages/PaymentReady_Page": null

2024-01-13 22:35:42 - [TEST_STEP][PASSED] - orPath_PaymentEntry = "Object Repository/RAD_Pages/PaymentEntry_Page": null

2024-01-13 22:35:42 - [TEST_STEP][PASSED] - orPath_PaymentConfirmation = "Object Repository/RAD_Pages/PaymentConfirmation_Page": null

2024-01-13 22:35:42 - [TEST_STEP][PASSED] - orPath_ServiceFeesAccept = "Object Repository/RAD_Pages/ServiceFeeAccept_Page": null

2024-01-13 22:35:42 - [TEST_STEP][PASSED] - selectOptionByLabel(findTestObject(orPath_Landing + "/dd_TaxType"), Paymenttype, false): All options with label 'Existing Liability w/Notice Number' are selected in object 'Object Repository/RAD_Pages/Landing_Page/dd_TaxType' 

2024-01-13 22:35:43 - [MESSAGE][PASSED] - All options with label 'Existing Liability w/Notice Number' are selected in object 'Object Repository/RAD_Pages/Landing_Page/dd_TaxType' 

2024-01-13 22:35:43 - [TEST_STEP][PASSED] - delay(1): Delayed 1 second(s)

2024-01-13 22:35:44 - [MESSAGE][PASSED] - Delayed 1 second(s)

2024-01-13 22:35:44 - [TEST_STEP][PASSED] - switch (Paymenttype): null

2024-01-13 22:35:44 - [TEST_STEP][PASSED] - case "Existing Liability w/Notice Number":: null

2024-01-13 22:35:44 - [TEST_STEP][PASSED] - selectOptionByLabel(findTestObject(orPath_TaxTypeFilingYear + "/select_TaxType_ExistingLiability"), Taxtype, false): All options with label 'PTE Non-Electing S Corp' are selected in object 'Object Repository/RAD_Pages/TaxTypeFilingYear_Page/select_TaxType_ExistingLiability' 

2024-01-13 22:35:44 - [MESSAGE][PASSED] - All options with label 'PTE Non-Electing S Corp' are selected in object 'Object Repository/RAD_Pages/TaxTypeFilingYear_Page/select_TaxType_ExistingLiability' 

2024-01-13 22:35:44 - [TEST_STEP][PASSED] - break: null

2024-01-13 22:35:44 - [TEST_STEP][PASSED] - delay(1): Delayed 1 second(s)

2024-01-13 22:35:45 - [MESSAGE][PASSED] - Delayed 1 second(s)

2024-01-13 22:35:45 - [TEST_STEP][PASSED] - scrollToElement(findTestObject(orPath_Amount + "/input__paymentAmount"), 2, CONTINUE_ON_FAILURE): Scroll to object 'Object Repository/RAD_Pages/PaymentAmount_Page/input__paymentAmount' successfully

2024-01-13 22:35:46 - [MESSAGE][PASSED] - Scroll to object 'Object Repository/RAD_Pages/PaymentAmount_Page/input__paymentAmount' successfully

2024-01-13 22:35:46 - [TEST_STEP][PASSED] - switch (Paymenttype): null

2024-01-13 22:35:46 - [TEST_STEP][PASSED] - case "Existing Liability w/Notice Number":: null

2024-01-13 22:35:46 - [TEST_STEP][PASSED] - setEncryptedText(findTestObject(orPath_TaxInfo + "/input_TaxInfo_feinSsn_Existing_New"), "RigbBhfdqODKcAsiUrg+1Q=="): Text ****** has been set on object 'Object Repository/RAD_Pages/TaxInfo_Page/input_TaxInfo_feinSsn_Existing_New'

2024-01-13 22:35:46 - [MESSAGE][PASSED] - Text ****** has been set on object 'Object Repository/RAD_Pages/TaxInfo_Page/input_TaxInfo_feinSsn_Existing_New'

2024-01-13 22:35:46 - [TEST_STEP][PASSED] - setEncryptedText(findTestObject(orPath_TaxInfo + "/input_TaxInfo_RetypefeinSsn_Existing_New"), "RigbBhfdqOD+04WBHw5iKw=="): Text ****** has been set on object 'Object Repository/RAD_Pages/TaxInfo_Page/input_TaxInfo_RetypefeinSsn_Existing_New'

2024-01-13 22:35:47 - [MESSAGE][PASSED] - Text ****** has been set on object 'Object Repository/RAD_Pages/TaxInfo_Page/input_TaxInfo_RetypefeinSsn_Existing_New'

2024-01-13 22:35:47 - [TEST_STEP][PASSED] - break: null

2024-01-13 22:35:47 - [TEST_STEP][PASSED] - setText(findTestObject(orPath_Amount + "/input__paymentAmount"), ""): Text '' is set on object 'Object Repository/RAD_Pages/PaymentAmount_Page/input__paymentAmount'

2024-01-13 22:35:48 - [MESSAGE][PASSED] - Text '' is set on object 'Object Repository/RAD_Pages/PaymentAmount_Page/input__paymentAmount'

2024-01-13 22:35:48 - [TEST_STEP][PASSED] - if (verifyTextPresent("The FEIN/SSN and Re-type FEIN/SSN do not match", true)): null

2024-01-13 22:35:48 - [MESSAGE][PASSED] - Text 'The FEIN/SSN and Re-type FEIN/SSN do not match' is present on page  using regular expression

2024-01-13 22:35:48 - [TEST_STEP][PASSED] - println("Error Message is present on the page"): null

2024-01-13 22:35:48 - [TEST_STEP][PASSED] - out.println("Pass Record Number: " + row): null

2024-01-13 22:35:48 - [TEST_STEP][PASSED] - resText = "Pass": null

2024-01-13 22:35:48 - [TEST_STEP][PASSED] - pages.WriteExcel.demoKey(resText, datText, resColumn, datCloumn, fileLoc, nameSheet, row): pages.WriteExcel.demoKey is PASSED

2024-01-13 22:35:48 - [MESSAGE][PASSED] - pages.WriteExcel.demoKey is PASSED

2024-01-13 22:35:48 - [TEST_STEP][PASSED] - ExecuteTC = findTestData(dataFile).getValue("Execute", row): null

2024-01-13 22:35:48 - [TEST_STEP][PASSED] - Taxtype = findTestData(dataFile).getValue("TaxType", row): null

2024-01-13 22:35:48 - [TEST_STEP][PASSED] - Paymenttype = findTestData(dataFile).getValue("PaymentType", row): null

2024-01-13 22:35:48 - [TEST_STEP][PASSED] - out.println("Value of Execute is : " + ExecuteTC): null

2024-01-13 22:35:48 - [TEST_STEP][PASSED] - if (ExecuteTC.equalsIgnoreCase("Y")): null

2024-01-13 22:35:48 - [TEST_STEP][PASSED] - out.println("Begin Record Number: " + row): null

2024-01-13 22:35:48 - [TEST_STEP][PASSED] - today = new java.util.Date(): null

2024-01-13 22:35:48 - [TEST_STEP][PASSED] - println(today): null

2024-01-13 22:35:48 - [TEST_STEP][PASSED] - datText = today: null

2024-01-13 22:35:48 - [TEST_STEP][PASSED] - Taxtype = findTestData(dataFile).getValue("TaxType", row): null

2024-01-13 22:35:48 - [TEST_STEP][PASSED] - out.println("Taxtype value is : " + Taxtype): null

2024-01-13 22:35:48 - [TEST_STEP][PASSED] - openBrowser(""): Browser is opened with url: ''

2024-01-13 22:35:48 - [MESSAGE][WARNING] - A browser is already opened. Closing browser and opening a new one

2024-01-13 22:35:49 - [MESSAGE][INFO] - Starting 'Chrome' driver

2024-01-13 22:35:49 - [MESSAGE][INFO] - User set preference: ['acceptInsecureCerts', 'true']

2024-01-13 22:35:49 - [MESSAGE][INFO] - Action delay is set to 0 milliseconds

2024-01-13 22:35:51 - [MESSAGE][PASSED] - Browser is opened with url: ''

2024-01-13 22:35:51 - [TEST_STEP][PASSED] - maximizeWindow(): Current window maximized

2024-01-13 22:35:51 - [MESSAGE][PASSED] - Current window maximized

2024-01-13 22:35:51 - [TEST_STEP][PASSED] - navigateToUrl(RADurl): Navigate to 'https://qa2.velocitypayment.com/client/rad/index.html' successfully

2024-01-13 22:35:51 - [MESSAGE][PASSED] - Navigate to 'https://qa2.velocitypayment.com/client/rad/index.html' successfully

2024-01-13 22:35:51 - [TEST_STEP][PASSED] - orPath_Landing = "Object Repository/RAD_Pages/Landing_Page": null

2024-01-13 22:35:51 - [TEST_STEP][PASSED] - orPath_TaxTypeFilingYear = "Object Repository/RAD_Pages/TaxTypeFilingYear_Page": null

2024-01-13 22:35:51 - [TEST_STEP][PASSED] - orPath_TaxPayer = "Object Repository/RAD_Pages/Taxpayer_Page": null

2024-01-13 22:35:51 - [TEST_STEP][PASSED] - orPath_AddressContact = "Object Repository/RAD_Pages/AddressAndContactInfo_Page": null

2024-01-13 22:35:51 - [TEST_STEP][PASSED] - orPath_FilingStatus = "Object Repository/RAD_Pages/FilingStatus_Page": null

2024-01-13 22:35:51 - [TEST_STEP][PASSED] - orPath_Amount = "Object Repository/RAD_Pages/PaymentAmount_Page": null

2024-01-13 22:35:51 - [TEST_STEP][PASSED] - orPath_TaxInfo = "Object Repository/RAD_Pages/TaxInfo_Page": null

2024-01-13 22:35:51 - [TEST_STEP][PASSED] - orPath_Withholding = "Object Repository/RAD_Pages/Withholding_Page": null

2024-01-13 22:35:51 - [TEST_STEP][PASSED] - orPath_Summary = "Object Repository/RAD_Pages/Summary_Page": null

2024-01-13 22:35:51 - [TEST_STEP][PASSED] - orPath_PaymentReady = "Object Repository/RAD_Pages/PaymentReady_Page": null

2024-01-13 22:35:51 - [TEST_STEP][PASSED] - orPath_PaymentEntry = "Object Repository/RAD_Pages/PaymentEntry_Page": null

2024-01-13 22:35:51 - [TEST_STEP][PASSED] - orPath_PaymentConfirmation = "Object Repository/RAD_Pages/PaymentConfirmation_Page": null

2024-01-13 22:35:51 - [TEST_STEP][PASSED] - orPath_ServiceFeesAccept = "Object Repository/RAD_Pages/ServiceFeeAccept_Page": null

2024-01-13 22:35:51 - [TEST_STEP][PASSED] - selectOptionByLabel(findTestObject(orPath_Landing + "/dd_TaxType"), Paymenttype, false): All options with label 'Existing Liability w/Notice Number' are selected in object 'Object Repository/RAD_Pages/Landing_Page/dd_TaxType' 

2024-01-13 22:35:53 - [MESSAGE][PASSED] - All options with label 'Existing Liability w/Notice Number' are selected in object 'Object Repository/RAD_Pages/Landing_Page/dd_TaxType' 

2024-01-13 22:35:53 - [TEST_STEP][PASSED] - delay(1): Delayed 1 second(s)

2024-01-13 22:35:54 - [MESSAGE][PASSED] - Delayed 1 second(s)

2024-01-13 22:35:54 - [TEST_STEP][PASSED] - switch (Paymenttype): null

2024-01-13 22:35:54 - [TEST_STEP][PASSED] - case "Existing Liability w/Notice Number":: null

2024-01-13 22:35:54 - [TEST_STEP][PASSED] - selectOptionByLabel(findTestObject(orPath_TaxTypeFilingYear + "/select_TaxType_ExistingLiability"), Taxtype, false): All options with label 'PTE Tax Electing Non-S Corp' are selected in object 'Object Repository/RAD_Pages/TaxTypeFilingYear_Page/select_TaxType_ExistingLiability' 

2024-01-13 22:35:55 - [MESSAGE][PASSED] - All options with label 'PTE Tax Electing Non-S Corp' are selected in object 'Object Repository/RAD_Pages/TaxTypeFilingYear_Page/select_TaxType_ExistingLiability' 

2024-01-13 22:35:55 - [TEST_STEP][PASSED] - break: null

2024-01-13 22:35:55 - [TEST_STEP][PASSED] - delay(1): Delayed 1 second(s)

2024-01-13 22:35:56 - [MESSAGE][PASSED] - Delayed 1 second(s)

2024-01-13 22:35:56 - [TEST_STEP][PASSED] - scrollToElement(findTestObject(orPath_Amount + "/input__paymentAmount"), 2, CONTINUE_ON_FAILURE): Scroll to object 'Object Repository/RAD_Pages/PaymentAmount_Page/input__paymentAmount' successfully

2024-01-13 22:35:56 - [MESSAGE][PASSED] - Scroll to object 'Object Repository/RAD_Pages/PaymentAmount_Page/input__paymentAmount' successfully

2024-01-13 22:35:56 - [TEST_STEP][PASSED] - switch (Paymenttype): null

2024-01-13 22:35:56 - [TEST_STEP][PASSED] - case "Existing Liability w/Notice Number":: null

2024-01-13 22:35:56 - [TEST_STEP][PASSED] - setEncryptedText(findTestObject(orPath_TaxInfo + "/input_TaxInfo_feinSsn_Existing_New"), "RigbBhfdqODKcAsiUrg+1Q=="): Text ****** has been set on object 'Object Repository/RAD_Pages/TaxInfo_Page/input_TaxInfo_feinSsn_Existing_New'

2024-01-13 22:35:57 - [MESSAGE][PASSED] - Text ****** has been set on object 'Object Repository/RAD_Pages/TaxInfo_Page/input_TaxInfo_feinSsn_Existing_New'

2024-01-13 22:35:57 - [TEST_STEP][PASSED] - setEncryptedText(findTestObject(orPath_TaxInfo + "/input_TaxInfo_RetypefeinSsn_Existing_New"), "RigbBhfdqOD+04WBHw5iKw=="): Text ****** has been set on object 'Object Repository/RAD_Pages/TaxInfo_Page/input_TaxInfo_RetypefeinSsn_Existing_New'

2024-01-13 22:35:57 - [MESSAGE][PASSED] - Text ****** has been set on object 'Object Repository/RAD_Pages/TaxInfo_Page/input_TaxInfo_RetypefeinSsn_Existing_New'

2024-01-13 22:35:57 - [TEST_STEP][PASSED] - break: null

2024-01-13 22:35:57 - [TEST_STEP][PASSED] - setText(findTestObject(orPath_Amount + "/input__paymentAmount"), ""): Text '' is set on object 'Object Repository/RAD_Pages/PaymentAmount_Page/input__paymentAmount'

2024-01-13 22:35:58 - [MESSAGE][PASSED] - Text '' is set on object 'Object Repository/RAD_Pages/PaymentAmount_Page/input__paymentAmount'

2024-01-13 22:35:58 - [TEST_STEP][PASSED] - if (verifyTextPresent("The FEIN/SSN and Re-type FEIN/SSN do not match", true)): null

2024-01-13 22:35:59 - [MESSAGE][PASSED] - Text 'The FEIN/SSN and Re-type FEIN/SSN do not match' is present on page  using regular expression

2024-01-13 22:35:59 - [TEST_STEP][PASSED] - println("Error Message is present on the page"): null

2024-01-13 22:35:59 - [TEST_STEP][PASSED] - out.println("Pass Record Number: " + row): null

2024-01-13 22:35:59 - [TEST_STEP][PASSED] - resText = "Pass": null

2024-01-13 22:35:59 - [TEST_STEP][PASSED] - pages.WriteExcel.demoKey(resText, datText, resColumn, datCloumn, fileLoc, nameSheet, row): pages.WriteExcel.demoKey is PASSED

2024-01-13 22:35:59 - [MESSAGE][PASSED] - pages.WriteExcel.demoKey is PASSED

2024-01-13 22:35:59 - [TEST_STEP][PASSED] - ExecuteTC = findTestData(dataFile).getValue("Execute", row): null

2024-01-13 22:35:59 - [TEST_STEP][PASSED] - Taxtype = findTestData(dataFile).getValue("TaxType", row): null

2024-01-13 22:35:59 - [TEST_STEP][PASSED] - Paymenttype = findTestData(dataFile).getValue("PaymentType", row): null

2024-01-13 22:35:59 - [TEST_STEP][PASSED] - out.println("Value of Execute is : " + ExecuteTC): null

2024-01-13 22:35:59 - [TEST_STEP][PASSED] - if (ExecuteTC.equalsIgnoreCase("Y")): null

2024-01-13 22:35:59 - [TEST_STEP][PASSED] - out.println("Begin Record Number: " + row): null

2024-01-13 22:35:59 - [TEST_STEP][PASSED] - today = new java.util.Date(): null

2024-01-13 22:35:59 - [TEST_STEP][PASSED] - println(today): null

2024-01-13 22:35:59 - [TEST_STEP][PASSED] - datText = today: null

2024-01-13 22:35:59 - [TEST_STEP][PASSED] - Taxtype = findTestData(dataFile).getValue("TaxType", row): null

2024-01-13 22:35:59 - [TEST_STEP][PASSED] - out.println("Taxtype value is : " + Taxtype): null

2024-01-13 22:35:59 - [TEST_STEP][PASSED] - openBrowser(""): Browser is opened with url: ''

2024-01-13 22:35:59 - [MESSAGE][WARNING] - A browser is already opened. Closing browser and opening a new one

2024-01-13 22:36:00 - [MESSAGE][INFO] - Starting 'Chrome' driver

2024-01-13 22:36:00 - [MESSAGE][INFO] - User set preference: ['acceptInsecureCerts', 'true']

2024-01-13 22:36:00 - [MESSAGE][INFO] - Action delay is set to 0 milliseconds

2024-01-13 22:36:01 - [MESSAGE][PASSED] - Browser is opened with url: ''

2024-01-13 22:36:01 - [TEST_STEP][PASSED] - maximizeWindow(): Current window maximized

2024-01-13 22:36:01 - [MESSAGE][PASSED] - Current window maximized

2024-01-13 22:36:01 - [TEST_STEP][PASSED] - navigateToUrl(RADurl): Navigate to 'https://qa2.velocitypayment.com/client/rad/index.html' successfully

2024-01-13 22:36:03 - [MESSAGE][PASSED] - Navigate to 'https://qa2.velocitypayment.com/client/rad/index.html' successfully

2024-01-13 22:36:03 - [TEST_STEP][PASSED] - orPath_Landing = "Object Repository/RAD_Pages/Landing_Page": null

2024-01-13 22:36:03 - [TEST_STEP][PASSED] - orPath_TaxTypeFilingYear = "Object Repository/RAD_Pages/TaxTypeFilingYear_Page": null

2024-01-13 22:36:03 - [TEST_STEP][PASSED] - orPath_TaxPayer = "Object Repository/RAD_Pages/Taxpayer_Page": null

2024-01-13 22:36:03 - [TEST_STEP][PASSED] - orPath_AddressContact = "Object Repository/RAD_Pages/AddressAndContactInfo_Page": null

2024-01-13 22:36:03 - [TEST_STEP][PASSED] - orPath_FilingStatus = "Object Repository/RAD_Pages/FilingStatus_Page": null

2024-01-13 22:36:03 - [TEST_STEP][PASSED] - orPath_Amount = "Object Repository/RAD_Pages/PaymentAmount_Page": null

2024-01-13 22:36:03 - [TEST_STEP][PASSED] - orPath_TaxInfo = "Object Repository/RAD_Pages/TaxInfo_Page": null

2024-01-13 22:36:03 - [TEST_STEP][PASSED] - orPath_Withholding = "Object Repository/RAD_Pages/Withholding_Page": null

2024-01-13 22:36:03 - [TEST_STEP][PASSED] - orPath_Summary = "Object Repository/RAD_Pages/Summary_Page": null

2024-01-13 22:36:03 - [TEST_STEP][PASSED] - orPath_PaymentReady = "Object Repository/RAD_Pages/PaymentReady_Page": null

2024-01-13 22:36:03 - [TEST_STEP][PASSED] - orPath_PaymentEntry = "Object Repository/RAD_Pages/PaymentEntry_Page": null

2024-01-13 22:36:03 - [TEST_STEP][PASSED] - orPath_PaymentConfirmation = "Object Repository/RAD_Pages/PaymentConfirmation_Page": null

2024-01-13 22:36:03 - [TEST_STEP][PASSED] - orPath_ServiceFeesAccept = "Object Repository/RAD_Pages/ServiceFeeAccept_Page": null

2024-01-13 22:36:03 - [TEST_STEP][PASSED] - selectOptionByLabel(findTestObject(orPath_Landing + "/dd_TaxType"), Paymenttype, false): All options with label 'Existing Liability w/Notice Number' are selected in object 'Object Repository/RAD_Pages/Landing_Page/dd_TaxType' 

2024-01-13 22:36:04 - [MESSAGE][PASSED] - All options with label 'Existing Liability w/Notice Number' are selected in object 'Object Repository/RAD_Pages/Landing_Page/dd_TaxType' 

2024-01-13 22:36:04 - [TEST_STEP][PASSED] - delay(1): Delayed 1 second(s)

2024-01-13 22:36:05 - [MESSAGE][PASSED] - Delayed 1 second(s)

2024-01-13 22:36:05 - [TEST_STEP][PASSED] - switch (Paymenttype): null

2024-01-13 22:36:05 - [TEST_STEP][PASSED] - case "Existing Liability w/Notice Number":: null

2024-01-13 22:36:05 - [TEST_STEP][PASSED] - selectOptionByLabel(findTestObject(orPath_TaxTypeFilingYear + "/select_TaxType_ExistingLiability"), Taxtype, false): All options with label 'PTE Tax Electing S Corp' are selected in object 'Object Repository/RAD_Pages/TaxTypeFilingYear_Page/select_TaxType_ExistingLiability' 

2024-01-13 22:36:05 - [MESSAGE][PASSED] - All options with label 'PTE Tax Electing S Corp' are selected in object 'Object Repository/RAD_Pages/TaxTypeFilingYear_Page/select_TaxType_ExistingLiability' 

2024-01-13 22:36:05 - [TEST_STEP][PASSED] - break: null

2024-01-13 22:36:05 - [TEST_STEP][PASSED] - delay(1): Delayed 1 second(s)

2024-01-13 22:36:06 - [MESSAGE][PASSED] - Delayed 1 second(s)

2024-01-13 22:36:06 - [TEST_STEP][PASSED] - scrollToElement(findTestObject(orPath_Amount + "/input__paymentAmount"), 2, CONTINUE_ON_FAILURE): Scroll to object 'Object Repository/RAD_Pages/PaymentAmount_Page/input__paymentAmount' successfully

2024-01-13 22:36:07 - [MESSAGE][PASSED] - Scroll to object 'Object Repository/RAD_Pages/PaymentAmount_Page/input__paymentAmount' successfully

2024-01-13 22:36:07 - [TEST_STEP][PASSED] - switch (Paymenttype): null

2024-01-13 22:36:07 - [TEST_STEP][PASSED] - case "Existing Liability w/Notice Number":: null

2024-01-13 22:36:07 - [TEST_STEP][PASSED] - setEncryptedText(findTestObject(orPath_TaxInfo + "/input_TaxInfo_feinSsn_Existing_New"), "RigbBhfdqODKcAsiUrg+1Q=="): Text ****** has been set on object 'Object Repository/RAD_Pages/TaxInfo_Page/input_TaxInfo_feinSsn_Existing_New'

2024-01-13 22:36:07 - [MESSAGE][PASSED] - Text ****** has been set on object 'Object Repository/RAD_Pages/TaxInfo_Page/input_TaxInfo_feinSsn_Existing_New'

2024-01-13 22:36:07 - [TEST_STEP][PASSED] - setEncryptedText(findTestObject(orPath_TaxInfo + "/input_TaxInfo_RetypefeinSsn_Existing_New"), "RigbBhfdqOD+04WBHw5iKw=="): Text ****** has been set on object 'Object Repository/RAD_Pages/TaxInfo_Page/input_TaxInfo_RetypefeinSsn_Existing_New'

2024-01-13 22:36:08 - [MESSAGE][PASSED] - Text ****** has been set on object 'Object Repository/RAD_Pages/TaxInfo_Page/input_TaxInfo_RetypefeinSsn_Existing_New'

2024-01-13 22:36:08 - [TEST_STEP][PASSED] - break: null

2024-01-13 22:36:08 - [TEST_STEP][PASSED] - setText(findTestObject(orPath_Amount + "/input__paymentAmount"), ""): Text '' is set on object 'Object Repository/RAD_Pages/PaymentAmount_Page/input__paymentAmount'

2024-01-13 22:36:09 - [MESSAGE][PASSED] - Text '' is set on object 'Object Repository/RAD_Pages/PaymentAmount_Page/input__paymentAmount'

2024-01-13 22:36:09 - [TEST_STEP][PASSED] - if (verifyTextPresent("The FEIN/SSN and Re-type FEIN/SSN do not match", true)): null

2024-01-13 22:36:09 - [MESSAGE][PASSED] - Text 'The FEIN/SSN and Re-type FEIN/SSN do not match' is present on page  using regular expression

2024-01-13 22:36:09 - [TEST_STEP][PASSED] - println("Error Message is present on the page"): null

2024-01-13 22:36:09 - [TEST_STEP][PASSED] - out.println("Pass Record Number: " + row): null

2024-01-13 22:36:09 - [TEST_STEP][PASSED] - resText = "Pass": null

2024-01-13 22:36:09 - [TEST_STEP][PASSED] - pages.WriteExcel.demoKey(resText, datText, resColumn, datCloumn, fileLoc, nameSheet, row): pages.WriteExcel.demoKey is PASSED

2024-01-13 22:36:09 - [MESSAGE][PASSED] - pages.WriteExcel.demoKey is PASSED

2024-01-13 22:36:09 - [TEST_STEP][PASSED] - ExecuteTC = findTestData(dataFile).getValue("Execute", row): null

2024-01-13 22:36:09 - [TEST_STEP][PASSED] - Taxtype = findTestData(dataFile).getValue("TaxType", row): null

2024-01-13 22:36:09 - [TEST_STEP][PASSED] - Paymenttype = findTestData(dataFile).getValue("PaymentType", row): null

2024-01-13 22:36:09 - [TEST_STEP][PASSED] - out.println("Value of Execute is : " + ExecuteTC): null

2024-01-13 22:36:09 - [TEST_STEP][PASSED] - if (ExecuteTC.equalsIgnoreCase("Y")): null

2024-01-13 22:36:09 - [TEST_STEP][PASSED] - out.println("Begin Record Number: " + row): null

2024-01-13 22:36:09 - [TEST_STEP][PASSED] - today = new java.util.Date(): null

2024-01-13 22:36:09 - [TEST_STEP][PASSED] - println(today): null

2024-01-13 22:36:09 - [TEST_STEP][PASSED] - datText = today: null

2024-01-13 22:36:09 - [TEST_STEP][PASSED] - Taxtype = findTestData(dataFile).getValue("TaxType", row): null

2024-01-13 22:36:10 - [TEST_STEP][PASSED] - out.println("Taxtype value is : " + Taxtype): null

2024-01-13 22:36:10 - [TEST_STEP][PASSED] - openBrowser(""): Browser is opened with url: ''

2024-01-13 22:36:10 - [MESSAGE][WARNING] - A browser is already opened. Closing browser and opening a new one

2024-01-13 22:36:10 - [MESSAGE][INFO] - Starting 'Chrome' driver

2024-01-13 22:36:10 - [MESSAGE][INFO] - User set preference: ['acceptInsecureCerts', 'true']

2024-01-13 22:36:10 - [MESSAGE][INFO] - Action delay is set to 0 milliseconds

2024-01-13 22:36:12 - [MESSAGE][PASSED] - Browser is opened with url: ''

2024-01-13 22:36:12 - [TEST_STEP][PASSED] - maximizeWindow(): Current window maximized

2024-01-13 22:36:12 - [MESSAGE][PASSED] - Current window maximized

2024-01-13 22:36:12 - [TEST_STEP][PASSED] - navigateToUrl(RADurl): Navigate to 'https://qa2.velocitypayment.com/client/rad/index.html' successfully

2024-01-13 22:36:12 - [MESSAGE][PASSED] - Navigate to 'https://qa2.velocitypayment.com/client/rad/index.html' successfully

2024-01-13 22:36:12 - [TEST_STEP][PASSED] - orPath_Landing = "Object Repository/RAD_Pages/Landing_Page": null

2024-01-13 22:36:12 - [TEST_STEP][PASSED] - orPath_TaxTypeFilingYear = "Object Repository/RAD_Pages/TaxTypeFilingYear_Page": null

2024-01-13 22:36:12 - [TEST_STEP][PASSED] - orPath_TaxPayer = "Object Repository/RAD_Pages/Taxpayer_Page": null

2024-01-13 22:36:12 - [TEST_STEP][PASSED] - orPath_AddressContact = "Object Repository/RAD_Pages/AddressAndContactInfo_Page": null

2024-01-13 22:36:12 - [TEST_STEP][PASSED] - orPath_FilingStatus = "Object Repository/RAD_Pages/FilingStatus_Page": null

2024-01-13 22:36:12 - [TEST_STEP][PASSED] - orPath_Amount = "Object Repository/RAD_Pages/PaymentAmount_Page": null

2024-01-13 22:36:12 - [TEST_STEP][PASSED] - orPath_TaxInfo = "Object Repository/RAD_Pages/TaxInfo_Page": null

2024-01-13 22:36:12 - [TEST_STEP][PASSED] - orPath_Withholding = "Object Repository/RAD_Pages/Withholding_Page": null

2024-01-13 22:36:12 - [TEST_STEP][PASSED] - orPath_Summary = "Object Repository/RAD_Pages/Summary_Page": null

2024-01-13 22:36:12 - [TEST_STEP][PASSED] - orPath_PaymentReady = "Object Repository/RAD_Pages/PaymentReady_Page": null

2024-01-13 22:36:12 - [TEST_STEP][PASSED] - orPath_PaymentEntry = "Object Repository/RAD_Pages/PaymentEntry_Page": null

2024-01-13 22:36:12 - [TEST_STEP][PASSED] - orPath_PaymentConfirmation = "Object Repository/RAD_Pages/PaymentConfirmation_Page": null

2024-01-13 22:36:12 - [TEST_STEP][PASSED] - orPath_ServiceFeesAccept = "Object Repository/RAD_Pages/ServiceFeeAccept_Page": null

2024-01-13 22:36:12 - [TEST_STEP][PASSED] - selectOptionByLabel(findTestObject(orPath_Landing + "/dd_TaxType"), Paymenttype, false): All options with label 'Quarterly Estimated Tax' are selected in object 'Object Repository/RAD_Pages/Landing_Page/dd_TaxType' 

2024-01-13 22:36:14 - [MESSAGE][PASSED] - All options with label 'Quarterly Estimated Tax' are selected in object 'Object Repository/RAD_Pages/Landing_Page/dd_TaxType' 

2024-01-13 22:36:14 - [TEST_STEP][PASSED] - delay(1): Delayed 1 second(s)

2024-01-13 22:36:15 - [MESSAGE][PASSED] - Delayed 1 second(s)

2024-01-13 22:36:15 - [TEST_STEP][PASSED] - switch (Paymenttype): null

2024-01-13 22:36:15 - [TEST_STEP][PASSED] - case "Quarterly Estimated Tax":: null

2024-01-13 22:36:15 - [TEST_STEP][PASSED] - selectOptionByLabel(findTestObject(orPath_TaxTypeFilingYear + "/select_PaymentType"), Taxtype, false): All options with label 'PTE Non-Electing Non-S Corp' are selected in object 'Object Repository/RAD_Pages/TaxTypeFilingYear_Page/select_PaymentType' 

2024-01-13 22:36:16 - [MESSAGE][PASSED] - All options with label 'PTE Non-Electing Non-S Corp' are selected in object 'Object Repository/RAD_Pages/TaxTypeFilingYear_Page/select_PaymentType' 

2024-01-13 22:36:16 - [TEST_STEP][PASSED] - break: null

2024-01-13 22:36:16 - [TEST_STEP][PASSED] - delay(1): Delayed 1 second(s)

2024-01-13 22:36:17 - [MESSAGE][PASSED] - Delayed 1 second(s)

2024-01-13 22:36:17 - [TEST_STEP][PASSED] - scrollToElement(findTestObject(orPath_Amount + "/input__paymentAmount"), 2, CONTINUE_ON_FAILURE): Scroll to object 'Object Repository/RAD_Pages/PaymentAmount_Page/input__paymentAmount' successfully

2024-01-13 22:36:17 - [MESSAGE][PASSED] - Scroll to object 'Object Repository/RAD_Pages/PaymentAmount_Page/input__paymentAmount' successfully

2024-01-13 22:36:17 - [TEST_STEP][PASSED] - switch (Paymenttype): null

2024-01-13 22:36:17 - [TEST_STEP][PASSED] - case "Quarterly Estimated Tax":: null

2024-01-13 22:36:17 - [TEST_STEP][PASSED] - setEncryptedText(findTestObject(orPath_TaxInfo + "/input_TaxInfo_FeinSsn_New_2"), "RigbBhfdqODKcAsiUrg+1Q=="): Text ****** has been set on object 'Object Repository/RAD_Pages/TaxInfo_Page/input_TaxInfo_FeinSsn_New_2'

2024-01-13 22:36:18 - [MESSAGE][PASSED] - Text ****** has been set on object 'Object Repository/RAD_Pages/TaxInfo_Page/input_TaxInfo_FeinSsn_New_2'

2024-01-13 22:36:18 - [TEST_STEP][PASSED] - setEncryptedText(findTestObject(orPath_TaxInfo + "/input_TaxInfo_RetypeFeinSsn_New_2"), "RigbBhfdqOD+04WBHw5iKw=="): Text ****** has been set on object 'Object Repository/RAD_Pages/TaxInfo_Page/input_TaxInfo_RetypeFeinSsn_New_2'

2024-01-13 22:36:18 - [MESSAGE][PASSED] - Text ****** has been set on object 'Object Repository/RAD_Pages/TaxInfo_Page/input_TaxInfo_RetypeFeinSsn_New_2'

2024-01-13 22:36:18 - [TEST_STEP][PASSED] - break: null

2024-01-13 22:36:18 - [TEST_STEP][PASSED] - setText(findTestObject(orPath_Amount + "/input__paymentAmount"), ""): Text '' is set on object 'Object Repository/RAD_Pages/PaymentAmount_Page/input__paymentAmount'

2024-01-13 22:36:19 - [MESSAGE][PASSED] - Text '' is set on object 'Object Repository/RAD_Pages/PaymentAmount_Page/input__paymentAmount'

2024-01-13 22:36:19 - [TEST_STEP][PASSED] - if (verifyTextPresent("The FEIN/SSN and Re-type FEIN/SSN do not match", true)): null

2024-01-13 22:36:20 - [MESSAGE][PASSED] - Text 'The FEIN/SSN and Re-type FEIN/SSN do not match' is present on page  using regular expression

2024-01-13 22:36:20 - [TEST_STEP][PASSED] - println("Error Message is present on the page"): null

2024-01-13 22:36:20 - [TEST_STEP][PASSED] - out.println("Pass Record Number: " + row): null

2024-01-13 22:36:20 - [TEST_STEP][PASSED] - resText = "Pass": null

2024-01-13 22:36:20 - [TEST_STEP][PASSED] - pages.WriteExcel.demoKey(resText, datText, resColumn, datCloumn, fileLoc, nameSheet, row): pages.WriteExcel.demoKey is PASSED

2024-01-13 22:36:20 - [MESSAGE][PASSED] - pages.WriteExcel.demoKey is PASSED

2024-01-13 22:36:20 - [TEST_STEP][PASSED] - ExecuteTC = findTestData(dataFile).getValue("Execute", row): null

2024-01-13 22:36:20 - [TEST_STEP][PASSED] - Taxtype = findTestData(dataFile).getValue("TaxType", row): null

2024-01-13 22:36:20 - [TEST_STEP][PASSED] - Paymenttype = findTestData(dataFile).getValue("PaymentType", row): null

2024-01-13 22:36:20 - [TEST_STEP][PASSED] - out.println("Value of Execute is : " + ExecuteTC): null

2024-01-13 22:36:20 - [TEST_STEP][PASSED] - if (ExecuteTC.equalsIgnoreCase("Y")): null

2024-01-13 22:36:20 - [TEST_STEP][PASSED] - out.println("Begin Record Number: " + row): null

2024-01-13 22:36:20 - [TEST_STEP][PASSED] - today = new java.util.Date(): null

2024-01-13 22:36:20 - [TEST_STEP][PASSED] - println(today): null

2024-01-13 22:36:20 - [TEST_STEP][PASSED] - datText = today: null

2024-01-13 22:36:20 - [TEST_STEP][PASSED] - Taxtype = findTestData(dataFile).getValue("TaxType", row): null

2024-01-13 22:36:20 - [TEST_STEP][PASSED] - out.println("Taxtype value is : " + Taxtype): null

2024-01-13 22:36:20 - [TEST_STEP][PASSED] - openBrowser(""): Browser is opened with url: ''

2024-01-13 22:36:20 - [MESSAGE][WARNING] - A browser is already opened. Closing browser and opening a new one

2024-01-13 22:36:21 - [MESSAGE][INFO] - Starting 'Chrome' driver

2024-01-13 22:36:21 - [MESSAGE][INFO] - User set preference: ['acceptInsecureCerts', 'true']

2024-01-13 22:36:21 - [MESSAGE][INFO] - Action delay is set to 0 milliseconds

2024-01-13 22:36:22 - [MESSAGE][PASSED] - Browser is opened with url: ''

2024-01-13 22:36:22 - [TEST_STEP][PASSED] - maximizeWindow(): Current window maximized

2024-01-13 22:36:22 - [MESSAGE][PASSED] - Current window maximized

2024-01-13 22:36:22 - [TEST_STEP][PASSED] - navigateToUrl(RADurl): Navigate to 'https://qa2.velocitypayment.com/client/rad/index.html' successfully

2024-01-13 22:36:24 - [MESSAGE][PASSED] - Navigate to 'https://qa2.velocitypayment.com/client/rad/index.html' successfully

2024-01-13 22:36:24 - [TEST_STEP][PASSED] - orPath_Landing = "Object Repository/RAD_Pages/Landing_Page": null

2024-01-13 22:36:24 - [TEST_STEP][PASSED] - orPath_TaxTypeFilingYear = "Object Repository/RAD_Pages/TaxTypeFilingYear_Page": null

2024-01-13 22:36:24 - [TEST_STEP][PASSED] - orPath_TaxPayer = "Object Repository/RAD_Pages/Taxpayer_Page": null

2024-01-13 22:36:24 - [TEST_STEP][PASSED] - orPath_AddressContact = "Object Repository/RAD_Pages/AddressAndContactInfo_Page": null

2024-01-13 22:36:24 - [TEST_STEP][PASSED] - orPath_FilingStatus = "Object Repository/RAD_Pages/FilingStatus_Page": null

2024-01-13 22:36:24 - [TEST_STEP][PASSED] - orPath_Amount = "Object Repository/RAD_Pages/PaymentAmount_Page": null

2024-01-13 22:36:24 - [TEST_STEP][PASSED] - orPath_TaxInfo = "Object Repository/RAD_Pages/TaxInfo_Page": null

2024-01-13 22:36:24 - [TEST_STEP][PASSED] - orPath_Withholding = "Object Repository/RAD_Pages/Withholding_Page": null

2024-01-13 22:36:24 - [TEST_STEP][PASSED] - orPath_Summary = "Object Repository/RAD_Pages/Summary_Page": null

2024-01-13 22:36:24 - [TEST_STEP][PASSED] - orPath_PaymentReady = "Object Repository/RAD_Pages/PaymentReady_Page": null

2024-01-13 22:36:24 - [TEST_STEP][PASSED] - orPath_PaymentEntry = "Object Repository/RAD_Pages/PaymentEntry_Page": null

2024-01-13 22:36:24 - [TEST_STEP][PASSED] - orPath_PaymentConfirmation = "Object Repository/RAD_Pages/PaymentConfirmation_Page": null

2024-01-13 22:36:24 - [TEST_STEP][PASSED] - orPath_ServiceFeesAccept = "Object Repository/RAD_Pages/ServiceFeeAccept_Page": null

2024-01-13 22:36:24 - [TEST_STEP][PASSED] - selectOptionByLabel(findTestObject(orPath_Landing + "/dd_TaxType"), Paymenttype, false): All options with label 'Quarterly Estimated Tax' are selected in object 'Object Repository/RAD_Pages/Landing_Page/dd_TaxType' 

2024-01-13 22:36:25 - [MESSAGE][PASSED] - All options with label 'Quarterly Estimated Tax' are selected in object 'Object Repository/RAD_Pages/Landing_Page/dd_TaxType' 

2024-01-13 22:36:25 - [TEST_STEP][PASSED] - delay(1): Delayed 1 second(s)

2024-01-13 22:36:26 - [MESSAGE][PASSED] - Delayed 1 second(s)

2024-01-13 22:36:26 - [TEST_STEP][PASSED] - switch (Paymenttype): null

2024-01-13 22:36:26 - [TEST_STEP][PASSED] - case "Quarterly Estimated Tax":: null

2024-01-13 22:36:26 - [TEST_STEP][PASSED] - selectOptionByLabel(findTestObject(orPath_TaxTypeFilingYear + "/select_PaymentType"), Taxtype, false): All options with label 'PTE Non-Electing S Corp' are selected in object 'Object Repository/RAD_Pages/TaxTypeFilingYear_Page/select_PaymentType' 

2024-01-13 22:36:26 - [MESSAGE][PASSED] - All options with label 'PTE Non-Electing S Corp' are selected in object 'Object Repository/RAD_Pages/TaxTypeFilingYear_Page/select_PaymentType' 

2024-01-13 22:36:26 - [TEST_STEP][PASSED] - break: null

2024-01-13 22:36:26 - [TEST_STEP][PASSED] - delay(1): Delayed 1 second(s)

2024-01-13 22:36:27 - [MESSAGE][PASSED] - Delayed 1 second(s)

2024-01-13 22:36:27 - [TEST_STEP][PASSED] - scrollToElement(findTestObject(orPath_Amount + "/input__paymentAmount"), 2, CONTINUE_ON_FAILURE): Scroll to object 'Object Repository/RAD_Pages/PaymentAmount_Page/input__paymentAmount' successfully

2024-01-13 22:36:28 - [MESSAGE][PASSED] - Scroll to object 'Object Repository/RAD_Pages/PaymentAmount_Page/input__paymentAmount' successfully

2024-01-13 22:36:28 - [TEST_STEP][PASSED] - switch (Paymenttype): null

2024-01-13 22:36:28 - [TEST_STEP][PASSED] - case "Quarterly Estimated Tax":: null

2024-01-13 22:36:28 - [TEST_STEP][PASSED] - setEncryptedText(findTestObject(orPath_TaxInfo + "/input_TaxInfo_FeinSsn_New_2"), "RigbBhfdqODKcAsiUrg+1Q=="): Text ****** has been set on object 'Object Repository/RAD_Pages/TaxInfo_Page/input_TaxInfo_FeinSsn_New_2'

2024-01-13 22:36:28 - [MESSAGE][PASSED] - Text ****** has been set on object 'Object Repository/RAD_Pages/TaxInfo_Page/input_TaxInfo_FeinSsn_New_2'

2024-01-13 22:36:28 - [TEST_STEP][PASSED] - setEncryptedText(findTestObject(orPath_TaxInfo + "/input_TaxInfo_RetypeFeinSsn_New_2"), "RigbBhfdqOD+04WBHw5iKw=="): Text ****** has been set on object 'Object Repository/RAD_Pages/TaxInfo_Page/input_TaxInfo_RetypeFeinSsn_New_2'

2024-01-13 22:36:29 - [MESSAGE][PASSED] - Text ****** has been set on object 'Object Repository/RAD_Pages/TaxInfo_Page/input_TaxInfo_RetypeFeinSsn_New_2'

2024-01-13 22:36:29 - [TEST_STEP][PASSED] - break: null

2024-01-13 22:36:29 - [TEST_STEP][PASSED] - setText(findTestObject(orPath_Amount + "/input__paymentAmount"), ""): Text '' is set on object 'Object Repository/RAD_Pages/PaymentAmount_Page/input__paymentAmount'

2024-01-13 22:36:29 - [MESSAGE][PASSED] - Text '' is set on object 'Object Repository/RAD_Pages/PaymentAmount_Page/input__paymentAmount'

2024-01-13 22:36:29 - [TEST_STEP][PASSED] - if (verifyTextPresent("The FEIN/SSN and Re-type FEIN/SSN do not match", true)): null

2024-01-13 22:36:30 - [MESSAGE][PASSED] - Text 'The FEIN/SSN and Re-type FEIN/SSN do not match' is present on page  using regular expression

2024-01-13 22:36:30 - [TEST_STEP][PASSED] - println("Error Message is present on the page"): null

2024-01-13 22:36:30 - [TEST_STEP][PASSED] - out.println("Pass Record Number: " + row): null

2024-01-13 22:36:30 - [TEST_STEP][PASSED] - resText = "Pass": null

2024-01-13 22:36:30 - [TEST_STEP][PASSED] - pages.WriteExcel.demoKey(resText, datText, resColumn, datCloumn, fileLoc, nameSheet, row): pages.WriteExcel.demoKey is PASSED

2024-01-13 22:36:30 - [MESSAGE][PASSED] - pages.WriteExcel.demoKey is PASSED

2024-01-13 22:36:30 - [TEST_STEP][PASSED] - ExecuteTC = findTestData(dataFile).getValue("Execute", row): null

2024-01-13 22:36:30 - [TEST_STEP][PASSED] - Taxtype = findTestData(dataFile).getValue("TaxType", row): null

2024-01-13 22:36:30 - [TEST_STEP][PASSED] - Paymenttype = findTestData(dataFile).getValue("PaymentType", row): null

2024-01-13 22:36:30 - [TEST_STEP][PASSED] - out.println("Value of Execute is : " + ExecuteTC): null

2024-01-13 22:36:30 - [TEST_STEP][PASSED] - if (ExecuteTC.equalsIgnoreCase("Y")): null

2024-01-13 22:36:30 - [TEST_STEP][PASSED] - out.println("Begin Record Number: " + row): null

2024-01-13 22:36:30 - [TEST_STEP][PASSED] - today = new java.util.Date(): null

2024-01-13 22:36:30 - [TEST_STEP][PASSED] - println(today): null

2024-01-13 22:36:30 - [TEST_STEP][PASSED] - datText = today: null

2024-01-13 22:36:30 - [TEST_STEP][PASSED] - Taxtype = findTestData(dataFile).getValue("TaxType", row): null

2024-01-13 22:36:30 - [TEST_STEP][PASSED] - out.println("Taxtype value is : " + Taxtype): null

2024-01-13 22:36:30 - [TEST_STEP][PASSED] - openBrowser(""): Browser is opened with url: ''

2024-01-13 22:36:30 - [MESSAGE][WARNING] - A browser is already opened. Closing browser and opening a new one

2024-01-13 22:36:31 - [MESSAGE][INFO] - Starting 'Chrome' driver

2024-01-13 22:36:31 - [MESSAGE][INFO] - User set preference: ['acceptInsecureCerts', 'true']

2024-01-13 22:36:31 - [MESSAGE][INFO] - Action delay is set to 0 milliseconds

2024-01-13 22:36:33 - [MESSAGE][PASSED] - Browser is opened with url: ''

2024-01-13 22:36:33 - [TEST_STEP][PASSED] - maximizeWindow(): Current window maximized

2024-01-13 22:36:33 - [MESSAGE][PASSED] - Current window maximized

2024-01-13 22:36:33 - [TEST_STEP][PASSED] - navigateToUrl(RADurl): Navigate to 'https://qa2.velocitypayment.com/client/rad/index.html' successfully

2024-01-13 22:36:34 - [MESSAGE][PASSED] - Navigate to 'https://qa2.velocitypayment.com/client/rad/index.html' successfully

2024-01-13 22:36:34 - [TEST_STEP][PASSED] - orPath_Landing = "Object Repository/RAD_Pages/Landing_Page": null

2024-01-13 22:36:34 - [TEST_STEP][PASSED] - orPath_TaxTypeFilingYear = "Object Repository/RAD_Pages/TaxTypeFilingYear_Page": null

2024-01-13 22:36:34 - [TEST_STEP][PASSED] - orPath_TaxPayer = "Object Repository/RAD_Pages/Taxpayer_Page": null

2024-01-13 22:36:34 - [TEST_STEP][PASSED] - orPath_AddressContact = "Object Repository/RAD_Pages/AddressAndContactInfo_Page": null

2024-01-13 22:36:34 - [TEST_STEP][PASSED] - orPath_FilingStatus = "Object Repository/RAD_Pages/FilingStatus_Page": null

2024-01-13 22:36:34 - [TEST_STEP][PASSED] - orPath_Amount = "Object Repository/RAD_Pages/PaymentAmount_Page": null

2024-01-13 22:36:34 - [TEST_STEP][PASSED] - orPath_TaxInfo = "Object Repository/RAD_Pages/TaxInfo_Page": null

2024-01-13 22:36:34 - [TEST_STEP][PASSED] - orPath_Withholding = "Object Repository/RAD_Pages/Withholding_Page": null

2024-01-13 22:36:34 - [TEST_STEP][PASSED] - orPath_Summary = "Object Repository/RAD_Pages/Summary_Page": null

2024-01-13 22:36:34 - [TEST_STEP][PASSED] - orPath_PaymentReady = "Object Repository/RAD_Pages/PaymentReady_Page": null

2024-01-13 22:36:34 - [TEST_STEP][PASSED] - orPath_PaymentEntry = "Object Repository/RAD_Pages/PaymentEntry_Page": null

2024-01-13 22:36:34 - [TEST_STEP][PASSED] - orPath_PaymentConfirmation = "Object Repository/RAD_Pages/PaymentConfirmation_Page": null

2024-01-13 22:36:34 - [TEST_STEP][PASSED] - orPath_ServiceFeesAccept = "Object Repository/RAD_Pages/ServiceFeeAccept_Page": null

2024-01-13 22:36:34 - [TEST_STEP][PASSED] - selectOptionByLabel(findTestObject(orPath_Landing + "/dd_TaxType"), Paymenttype, false): All options with label 'Quarterly Estimated Tax' are selected in object 'Object Repository/RAD_Pages/Landing_Page/dd_TaxType' 

2024-01-13 22:36:35 - [MESSAGE][PASSED] - All options with label 'Quarterly Estimated Tax' are selected in object 'Object Repository/RAD_Pages/Landing_Page/dd_TaxType' 

2024-01-13 22:36:35 - [TEST_STEP][PASSED] - delay(1): Delayed 1 second(s)

2024-01-13 22:36:36 - [MESSAGE][PASSED] - Delayed 1 second(s)

2024-01-13 22:36:36 - [TEST_STEP][PASSED] - switch (Paymenttype): null

2024-01-13 22:36:36 - [TEST_STEP][PASSED] - case "Quarterly Estimated Tax":: null

2024-01-13 22:36:36 - [TEST_STEP][PASSED] - selectOptionByLabel(findTestObject(orPath_TaxTypeFilingYear + "/select_PaymentType"), Taxtype, false): All options with label 'PTE Tax Electing Non-S Corp' are selected in object 'Object Repository/RAD_Pages/TaxTypeFilingYear_Page/select_PaymentType' 

2024-01-13 22:36:37 - [MESSAGE][PASSED] - All options with label 'PTE Tax Electing Non-S Corp' are selected in object 'Object Repository/RAD_Pages/TaxTypeFilingYear_Page/select_PaymentType' 

2024-01-13 22:36:37 - [TEST_STEP][PASSED] - break: null

2024-01-13 22:36:37 - [TEST_STEP][PASSED] - delay(1): Delayed 1 second(s)

2024-01-13 22:36:38 - [MESSAGE][PASSED] - Delayed 1 second(s)

2024-01-13 22:36:38 - [TEST_STEP][PASSED] - scrollToElement(findTestObject(orPath_Amount + "/input__paymentAmount"), 2, CONTINUE_ON_FAILURE): Scroll to object 'Object Repository/RAD_Pages/PaymentAmount_Page/input__paymentAmount' successfully

2024-01-13 22:36:38 - [MESSAGE][PASSED] - Scroll to object 'Object Repository/RAD_Pages/PaymentAmount_Page/input__paymentAmount' successfully

2024-01-13 22:36:38 - [TEST_STEP][PASSED] - switch (Paymenttype): null

2024-01-13 22:36:38 - [TEST_STEP][PASSED] - case "Quarterly Estimated Tax":: null

2024-01-13 22:36:38 - [TEST_STEP][PASSED] - setEncryptedText(findTestObject(orPath_TaxInfo + "/input_TaxInfo_FeinSsn_New_2"), "RigbBhfdqODKcAsiUrg+1Q=="): Text ****** has been set on object 'Object Repository/RAD_Pages/TaxInfo_Page/input_TaxInfo_FeinSsn_New_2'

2024-01-13 22:36:38 - [MESSAGE][PASSED] - Text ****** has been set on object 'Object Repository/RAD_Pages/TaxInfo_Page/input_TaxInfo_FeinSsn_New_2'

2024-01-13 22:36:38 - [TEST_STEP][PASSED] - setEncryptedText(findTestObject(orPath_TaxInfo + "/input_TaxInfo_RetypeFeinSsn_New_2"), "RigbBhfdqOD+04WBHw5iKw=="): Text ****** has been set on object 'Object Repository/RAD_Pages/TaxInfo_Page/input_TaxInfo_RetypeFeinSsn_New_2'

2024-01-13 22:36:39 - [MESSAGE][PASSED] - Text ****** has been set on object 'Object Repository/RAD_Pages/TaxInfo_Page/input_TaxInfo_RetypeFeinSsn_New_2'

2024-01-13 22:36:39 - [TEST_STEP][PASSED] - break: null

2024-01-13 22:36:39 - [TEST_STEP][PASSED] - setText(findTestObject(orPath_Amount + "/input__paymentAmount"), ""): Text '' is set on object 'Object Repository/RAD_Pages/PaymentAmount_Page/input__paymentAmount'

2024-01-13 22:36:40 - [MESSAGE][PASSED] - Text '' is set on object 'Object Repository/RAD_Pages/PaymentAmount_Page/input__paymentAmount'

2024-01-13 22:36:40 - [TEST_STEP][PASSED] - if (verifyTextPresent("The FEIN/SSN and Re-type FEIN/SSN do not match", true)): null

2024-01-13 22:36:40 - [MESSAGE][PASSED] - Text 'The FEIN/SSN and Re-type FEIN/SSN do not match' is present on page  using regular expression

2024-01-13 22:36:40 - [TEST_STEP][PASSED] - println("Error Message is present on the page"): null

2024-01-13 22:36:40 - [TEST_STEP][PASSED] - out.println("Pass Record Number: " + row): null

2024-01-13 22:36:40 - [TEST_STEP][PASSED] - resText = "Pass": null

2024-01-13 22:36:40 - [TEST_STEP][PASSED] - pages.WriteExcel.demoKey(resText, datText, resColumn, datCloumn, fileLoc, nameSheet, row): pages.WriteExcel.demoKey is PASSED

2024-01-13 22:36:40 - [MESSAGE][PASSED] - pages.WriteExcel.demoKey is PASSED

2024-01-13 22:36:40 - [TEST_STEP][PASSED] - ExecuteTC = findTestData(dataFile).getValue("Execute", row): null

2024-01-13 22:36:41 - [TEST_STEP][PASSED] - Taxtype = findTestData(dataFile).getValue("TaxType", row): null

2024-01-13 22:36:41 - [TEST_STEP][PASSED] - Paymenttype = findTestData(dataFile).getValue("PaymentType", row): null

2024-01-13 22:36:41 - [TEST_STEP][PASSED] - out.println("Value of Execute is : " + ExecuteTC): null

2024-01-13 22:36:41 - [TEST_STEP][PASSED] - if (ExecuteTC.equalsIgnoreCase("Y")): null

2024-01-13 22:36:41 - [TEST_STEP][PASSED] - out.println("Begin Record Number: " + row): null

2024-01-13 22:36:41 - [TEST_STEP][PASSED] - today = new java.util.Date(): null

2024-01-13 22:36:41 - [TEST_STEP][PASSED] - println(today): null

2024-01-13 22:36:41 - [TEST_STEP][PASSED] - datText = today: null

2024-01-13 22:36:41 - [TEST_STEP][PASSED] - Taxtype = findTestData(dataFile).getValue("TaxType", row): null

2024-01-13 22:36:41 - [TEST_STEP][PASSED] - out.println("Taxtype value is : " + Taxtype): null

2024-01-13 22:36:41 - [TEST_STEP][PASSED] - openBrowser(""): Browser is opened with url: ''

2024-01-13 22:36:41 - [MESSAGE][WARNING] - A browser is already opened. Closing browser and opening a new one

2024-01-13 22:36:42 - [MESSAGE][INFO] - Starting 'Chrome' driver

2024-01-13 22:36:42 - [MESSAGE][INFO] - User set preference: ['acceptInsecureCerts', 'true']

2024-01-13 22:36:42 - [MESSAGE][INFO] - Action delay is set to 0 milliseconds

2024-01-13 22:36:43 - [MESSAGE][PASSED] - Browser is opened with url: ''

2024-01-13 22:36:43 - [TEST_STEP][PASSED] - maximizeWindow(): Current window maximized

2024-01-13 22:36:43 - [MESSAGE][PASSED] - Current window maximized

2024-01-13 22:36:43 - [TEST_STEP][PASSED] - navigateToUrl(RADurl): Navigate to 'https://qa2.velocitypayment.com/client/rad/index.html' successfully

2024-01-13 22:36:43 - [MESSAGE][PASSED] - Navigate to 'https://qa2.velocitypayment.com/client/rad/index.html' successfully

2024-01-13 22:36:43 - [TEST_STEP][PASSED] - orPath_Landing = "Object Repository/RAD_Pages/Landing_Page": null

2024-01-13 22:36:43 - [TEST_STEP][PASSED] - orPath_TaxTypeFilingYear = "Object Repository/RAD_Pages/TaxTypeFilingYear_Page": null

2024-01-13 22:36:43 - [TEST_STEP][PASSED] - orPath_TaxPayer = "Object Repository/RAD_Pages/Taxpayer_Page": null

2024-01-13 22:36:43 - [TEST_STEP][PASSED] - orPath_AddressContact = "Object Repository/RAD_Pages/AddressAndContactInfo_Page": null

2024-01-13 22:36:43 - [TEST_STEP][PASSED] - orPath_FilingStatus = "Object Repository/RAD_Pages/FilingStatus_Page": null

2024-01-13 22:36:43 - [TEST_STEP][PASSED] - orPath_Amount = "Object Repository/RAD_Pages/PaymentAmount_Page": null

2024-01-13 22:36:43 - [TEST_STEP][PASSED] - orPath_TaxInfo = "Object Repository/RAD_Pages/TaxInfo_Page": null

2024-01-13 22:36:43 - [TEST_STEP][PASSED] - orPath_Withholding = "Object Repository/RAD_Pages/Withholding_Page": null

2024-01-13 22:36:43 - [TEST_STEP][PASSED] - orPath_Summary = "Object Repository/RAD_Pages/Summary_Page": null

2024-01-13 22:36:43 - [TEST_STEP][PASSED] - orPath_PaymentReady = "Object Repository/RAD_Pages/PaymentReady_Page": null

2024-01-13 22:36:43 - [TEST_STEP][PASSED] - orPath_PaymentEntry = "Object Repository/RAD_Pages/PaymentEntry_Page": null

2024-01-13 22:36:43 - [TEST_STEP][PASSED] - orPath_PaymentConfirmation = "Object Repository/RAD_Pages/PaymentConfirmation_Page": null

2024-01-13 22:36:43 - [TEST_STEP][PASSED] - orPath_ServiceFeesAccept = "Object Repository/RAD_Pages/ServiceFeeAccept_Page": null

2024-01-13 22:36:43 - [TEST_STEP][PASSED] - selectOptionByLabel(findTestObject(orPath_Landing + "/dd_TaxType"), Paymenttype, false): All options with label 'Quarterly Estimated Tax' are selected in object 'Object Repository/RAD_Pages/Landing_Page/dd_TaxType' 

2024-01-13 22:36:45 - [MESSAGE][PASSED] - All options with label 'Quarterly Estimated Tax' are selected in object 'Object Repository/RAD_Pages/Landing_Page/dd_TaxType' 

2024-01-13 22:36:45 - [TEST_STEP][PASSED] - delay(1): Delayed 1 second(s)

2024-01-13 22:36:46 - [MESSAGE][PASSED] - Delayed 1 second(s)

2024-01-13 22:36:46 - [TEST_STEP][PASSED] - switch (Paymenttype): null

2024-01-13 22:36:46 - [TEST_STEP][PASSED] - case "Quarterly Estimated Tax":: null

2024-01-13 22:36:46 - [TEST_STEP][PASSED] - selectOptionByLabel(findTestObject(orPath_TaxTypeFilingYear + "/select_PaymentType"), Taxtype, false): All options with label 'PTE Tax Electing S Corp' are selected in object 'Object Repository/RAD_Pages/TaxTypeFilingYear_Page/select_PaymentType' 

2024-01-13 22:36:47 - [MESSAGE][PASSED] - All options with label 'PTE Tax Electing S Corp' are selected in object 'Object Repository/RAD_Pages/TaxTypeFilingYear_Page/select_PaymentType' 

2024-01-13 22:36:47 - [TEST_STEP][PASSED] - break: null

2024-01-13 22:36:47 - [TEST_STEP][PASSED] - delay(1): Delayed 1 second(s)

2024-01-13 22:36:48 - [MESSAGE][PASSED] - Delayed 1 second(s)

2024-01-13 22:36:48 - [TEST_STEP][PASSED] - scrollToElement(findTestObject(orPath_Amount + "/input__paymentAmount"), 2, CONTINUE_ON_FAILURE): Scroll to object 'Object Repository/RAD_Pages/PaymentAmount_Page/input__paymentAmount' successfully

2024-01-13 22:36:48 - [MESSAGE][PASSED] - Scroll to object 'Object Repository/RAD_Pages/PaymentAmount_Page/input__paymentAmount' successfully

2024-01-13 22:36:48 - [TEST_STEP][PASSED] - switch (Paymenttype): null

2024-01-13 22:36:48 - [TEST_STEP][PASSED] - case "Quarterly Estimated Tax":: null

2024-01-13 22:36:48 - [TEST_STEP][PASSED] - setEncryptedText(findTestObject(orPath_TaxInfo + "/input_TaxInfo_FeinSsn_New_2"), "RigbBhfdqODKcAsiUrg+1Q=="): Text ****** has been set on object 'Object Repository/RAD_Pages/TaxInfo_Page/input_TaxInfo_FeinSsn_New_2'

2024-01-13 22:36:49 - [MESSAGE][PASSED] - Text ****** has been set on object 'Object Repository/RAD_Pages/TaxInfo_Page/input_TaxInfo_FeinSsn_New_2'

2024-01-13 22:36:49 - [TEST_STEP][PASSED] - setEncryptedText(findTestObject(orPath_TaxInfo + "/input_TaxInfo_RetypeFeinSsn_New_2"), "RigbBhfdqOD+04WBHw5iKw=="): Text ****** has been set on object 'Object Repository/RAD_Pages/TaxInfo_Page/input_TaxInfo_RetypeFeinSsn_New_2'

2024-01-13 22:36:49 - [MESSAGE][PASSED] - Text ****** has been set on object 'Object Repository/RAD_Pages/TaxInfo_Page/input_TaxInfo_RetypeFeinSsn_New_2'

2024-01-13 22:36:49 - [TEST_STEP][PASSED] - break: null

2024-01-13 22:36:49 - [TEST_STEP][PASSED] - setText(findTestObject(orPath_Amount + "/input__paymentAmount"), ""): Text '' is set on object 'Object Repository/RAD_Pages/PaymentAmount_Page/input__paymentAmount'

2024-01-13 22:36:50 - [MESSAGE][PASSED] - Text '' is set on object 'Object Repository/RAD_Pages/PaymentAmount_Page/input__paymentAmount'

2024-01-13 22:36:50 - [TEST_STEP][PASSED] - if (verifyTextPresent("The FEIN/SSN and Re-type FEIN/SSN do not match", true)): null

2024-01-13 22:36:51 - [MESSAGE][PASSED] - Text 'The FEIN/SSN and Re-type FEIN/SSN do not match' is present on page  using regular expression

2024-01-13 22:36:51 - [TEST_STEP][PASSED] - println("Error Message is present on the page"): null

2024-01-13 22:36:51 - [TEST_STEP][PASSED] - out.println("Pass Record Number: " + row): null

2024-01-13 22:36:51 - [TEST_STEP][PASSED] - resText = "Pass": null

2024-01-13 22:36:51 - [TEST_STEP][PASSED] - pages.WriteExcel.demoKey(resText, datText, resColumn, datCloumn, fileLoc, nameSheet, row): pages.WriteExcel.demoKey is PASSED

2024-01-13 22:36:51 - [MESSAGE][PASSED] - pages.WriteExcel.demoKey is PASSED

2024-01-13 22:36:51 - [TEST_STEP][PASSED] - ExecuteTC = findTestData(dataFile).getValue("Execute", row): null

2024-01-13 22:36:51 - [TEST_STEP][PASSED] - Taxtype = findTestData(dataFile).getValue("TaxType", row): null

2024-01-13 22:36:51 - [TEST_STEP][PASSED] - Paymenttype = findTestData(dataFile).getValue("PaymentType", row): null

2024-01-13 22:36:51 - [TEST_STEP][PASSED] - out.println("Value of Execute is : " + ExecuteTC): null

2024-01-13 22:36:51 - [TEST_STEP][PASSED] - if (ExecuteTC.equalsIgnoreCase("Y")): null

2024-01-13 22:36:51 - [TEST_STEP][PASSED] - ExecuteTC = findTestData(dataFile).getValue("Execute", row): null

2024-01-13 22:36:51 - [TEST_STEP][PASSED] - Taxtype = findTestData(dataFile).getValue("TaxType", row): null

2024-01-13 22:36:51 - [TEST_STEP][PASSED] - Paymenttype = findTestData(dataFile).getValue("PaymentType", row): null

2024-01-13 22:36:51 - [TEST_STEP][PASSED] - out.println("Value of Execute is : " + ExecuteTC): null

2024-01-13 22:36:51 - [TEST_STEP][PASSED] - if (ExecuteTC.equalsIgnoreCase("Y")): null

2024-01-13 22:36:51 - [TEST_STEP][PASSED] - ExecuteTC = findTestData(dataFile).getValue("Execute", row): null

2024-01-13 22:36:51 - [TEST_STEP][PASSED] - Taxtype = findTestData(dataFile).getValue("TaxType", row): null

2024-01-13 22:36:51 - [TEST_STEP][PASSED] - Paymenttype = findTestData(dataFile).getValue("PaymentType", row): null

2024-01-13 22:36:51 - [TEST_STEP][PASSED] - out.println("Value of Execute is : " + ExecuteTC): null

2024-01-13 22:36:51 - [TEST_STEP][PASSED] - if (ExecuteTC.equalsIgnoreCase("Y")): null

2024-01-13 22:36:51 - [TEST_STEP][PASSED] - ExecuteTC = findTestData(dataFile).getValue("Execute", row): null

2024-01-13 22:36:51 - [TEST_STEP][PASSED] - Taxtype = findTestData(dataFile).getValue("TaxType", row): null

2024-01-13 22:36:51 - [TEST_STEP][PASSED] - Paymenttype = findTestData(dataFile).getValue("PaymentType", row): null

2024-01-13 22:36:51 - [TEST_STEP][PASSED] - out.println("Value of Execute is : " + ExecuteTC): null

2024-01-13 22:36:51 - [TEST_STEP][PASSED] - if (ExecuteTC.equalsIgnoreCase("Y")): null

2024-01-13 22:36:51 - [TEST_STEP][PASSED] - ExecuteTC = findTestData(dataFile).getValue("Execute", row): null

2024-01-13 22:36:51 - [TEST_STEP][PASSED] - Taxtype = findTestData(dataFile).getValue("TaxType", row): null

2024-01-13 22:36:51 - [TEST_STEP][PASSED] - Paymenttype = findTestData(dataFile).getValue("PaymentType", row): null

2024-01-13 22:36:51 - [TEST_STEP][PASSED] - out.println("Value of Execute is : " + ExecuteTC): null

2024-01-13 22:36:51 - [TEST_STEP][PASSED] - if (ExecuteTC.equalsIgnoreCase("Y")): null

2024-01-13 22:36:51 - [TEST_STEP][PASSED] - out.println("Begin Record Number: " + row): null

2024-01-13 22:36:51 - [TEST_STEP][PASSED] - today = new java.util.Date(): null

2024-01-13 22:36:51 - [TEST_STEP][PASSED] - println(today): null

2024-01-13 22:36:51 - [TEST_STEP][PASSED] - datText = today: null

2024-01-13 22:36:51 - [TEST_STEP][PASSED] - Taxtype = findTestData(dataFile).getValue("TaxType", row): null

2024-01-13 22:36:51 - [TEST_STEP][PASSED] - out.println("Taxtype value is : " + Taxtype): null

2024-01-13 22:36:51 - [TEST_STEP][PASSED] - openBrowser(""): Browser is opened with url: ''

2024-01-13 22:36:51 - [MESSAGE][WARNING] - A browser is already opened. Closing browser and opening a new one

2024-01-13 22:36:52 - [MESSAGE][INFO] - Starting 'Chrome' driver

2024-01-13 22:36:52 - [MESSAGE][INFO] - User set preference: ['acceptInsecureCerts', 'true']

2024-01-13 22:36:52 - [MESSAGE][INFO] - Action delay is set to 0 milliseconds

2024-01-13 22:36:54 - [MESSAGE][PASSED] - Browser is opened with url: ''

2024-01-13 22:36:54 - [TEST_STEP][PASSED] - maximizeWindow(): Current window maximized

2024-01-13 22:36:54 - [MESSAGE][PASSED] - Current window maximized

2024-01-13 22:36:54 - [TEST_STEP][PASSED] - navigateToUrl(RADurl): Navigate to 'https://qa2.velocitypayment.com/client/rad/index.html' successfully

2024-01-13 22:36:56 - [MESSAGE][PASSED] - Navigate to 'https://qa2.velocitypayment.com/client/rad/index.html' successfully

2024-01-13 22:36:56 - [TEST_STEP][PASSED] - orPath_Landing = "Object Repository/RAD_Pages/Landing_Page": null

2024-01-13 22:36:56 - [TEST_STEP][PASSED] - orPath_TaxTypeFilingYear = "Object Repository/RAD_Pages/TaxTypeFilingYear_Page": null

2024-01-13 22:36:56 - [TEST_STEP][PASSED] - orPath_TaxPayer = "Object Repository/RAD_Pages/Taxpayer_Page": null

2024-01-13 22:36:56 - [TEST_STEP][PASSED] - orPath_AddressContact = "Object Repository/RAD_Pages/AddressAndContactInfo_Page": null

2024-01-13 22:36:56 - [TEST_STEP][PASSED] - orPath_FilingStatus = "Object Repository/RAD_Pages/FilingStatus_Page": null

2024-01-13 22:36:56 - [TEST_STEP][PASSED] - orPath_Amount = "Object Repository/RAD_Pages/PaymentAmount_Page": null

2024-01-13 22:36:56 - [TEST_STEP][PASSED] - orPath_TaxInfo = "Object Repository/RAD_Pages/TaxInfo_Page": null

2024-01-13 22:36:56 - [TEST_STEP][PASSED] - orPath_Withholding = "Object Repository/RAD_Pages/Withholding_Page": null

2024-01-13 22:36:56 - [TEST_STEP][PASSED] - orPath_Summary = "Object Repository/RAD_Pages/Summary_Page": null

2024-01-13 22:36:56 - [TEST_STEP][PASSED] - orPath_PaymentReady = "Object Repository/RAD_Pages/PaymentReady_Page": null

2024-01-13 22:36:56 - [TEST_STEP][PASSED] - orPath_PaymentEntry = "Object Repository/RAD_Pages/PaymentEntry_Page": null

2024-01-13 22:36:56 - [TEST_STEP][PASSED] - orPath_PaymentConfirmation = "Object Repository/RAD_Pages/PaymentConfirmation_Page": null

2024-01-13 22:36:56 - [TEST_STEP][PASSED] - orPath_ServiceFeesAccept = "Object Repository/RAD_Pages/ServiceFeeAccept_Page": null

2024-01-13 22:36:56 - [TEST_STEP][PASSED] - selectOptionByLabel(findTestObject(orPath_Landing + "/dd_TaxType"), Paymenttype, false): All options with label 'New Tax Return Amount Due' are selected in object 'Object Repository/RAD_Pages/Landing_Page/dd_TaxType' 

2024-01-13 22:36:56 - [MESSAGE][PASSED] - All options with label 'New Tax Return Amount Due' are selected in object 'Object Repository/RAD_Pages/Landing_Page/dd_TaxType' 

2024-01-13 22:36:56 - [TEST_STEP][PASSED] - delay(1): Delayed 1 second(s)

2024-01-13 22:36:57 - [MESSAGE][PASSED] - Delayed 1 second(s)

2024-01-13 22:36:57 - [TEST_STEP][PASSED] - switch (Paymenttype): null

2024-01-13 22:36:57 - [TEST_STEP][PASSED] - case "New Tax Return Amount Due":: null

2024-01-13 22:36:57 - [TEST_STEP][PASSED] - selectOptionByLabel(findTestObject("Object Repository/RAD_Pages/Landing_Page/select_NewTaxReturnAmountDue_TaxType"), Taxtype, false): All options with label 'PTE Non-Electing Non-S Corp' are selected in object 'Object Repository/RAD_Pages/Landing_Page/select_NewTaxReturnAmountDue_TaxType' 

2024-01-13 22:36:58 - [MESSAGE][PASSED] - All options with label 'PTE Non-Electing Non-S Corp' are selected in object 'Object Repository/RAD_Pages/Landing_Page/select_NewTaxReturnAmountDue_TaxType' 

2024-01-13 22:36:58 - [TEST_STEP][PASSED] - break: null

2024-01-13 22:36:58 - [TEST_STEP][PASSED] - delay(1): Delayed 1 second(s)

2024-01-13 22:36:59 - [MESSAGE][PASSED] - Delayed 1 second(s)

2024-01-13 22:36:59 - [TEST_STEP][PASSED] - scrollToElement(findTestObject(orPath_Amount + "/input__paymentAmount"), 2, CONTINUE_ON_FAILURE): Scroll to object 'Object Repository/RAD_Pages/PaymentAmount_Page/input__paymentAmount' successfully

2024-01-13 22:36:59 - [MESSAGE][PASSED] - Scroll to object 'Object Repository/RAD_Pages/PaymentAmount_Page/input__paymentAmount' successfully

2024-01-13 22:36:59 - [TEST_STEP][PASSED] - switch (Paymenttype): null

2024-01-13 22:36:59 - [TEST_STEP][PASSED] - case "New Tax Return Amount Due":: null

2024-01-13 22:36:59 - [TEST_STEP][PASSED] - setEncryptedText(findTestObject(orPath_TaxInfo + "/input_TaxInfo_FeinSsn_New_2"), "RigbBhfdqODKcAsiUrg+1Q=="): Text ****** has been set on object 'Object Repository/RAD_Pages/TaxInfo_Page/input_TaxInfo_FeinSsn_New_2'

2024-01-13 22:37:00 - [MESSAGE][PASSED] - Text ****** has been set on object 'Object Repository/RAD_Pages/TaxInfo_Page/input_TaxInfo_FeinSsn_New_2'

2024-01-13 22:37:00 - [TEST_STEP][PASSED] - setEncryptedText(findTestObject(orPath_TaxInfo + "/input_TaxInfo_RetypeFeinSsn_New_2"), "RigbBhfdqOD+04WBHw5iKw=="): Text ****** has been set on object 'Object Repository/RAD_Pages/TaxInfo_Page/input_TaxInfo_RetypeFeinSsn_New_2'

2024-01-13 22:37:00 - [MESSAGE][PASSED] - Text ****** has been set on object 'Object Repository/RAD_Pages/TaxInfo_Page/input_TaxInfo_RetypeFeinSsn_New_2'

2024-01-13 22:37:00 - [TEST_STEP][PASSED] - break: null

2024-01-13 22:37:00 - [TEST_STEP][PASSED] - setText(findTestObject(orPath_Amount + "/input__paymentAmount"), ""): Text '' is set on object 'Object Repository/RAD_Pages/PaymentAmount_Page/input__paymentAmount'

2024-01-13 22:37:01 - [MESSAGE][PASSED] - Text '' is set on object 'Object Repository/RAD_Pages/PaymentAmount_Page/input__paymentAmount'

2024-01-13 22:37:01 - [TEST_STEP][PASSED] - if (verifyTextPresent("The FEIN/SSN and Re-type FEIN/SSN do not match", true)): null

2024-01-13 22:37:02 - [MESSAGE][PASSED] - Text 'The FEIN/SSN and Re-type FEIN/SSN do not match' is present on page  using regular expression

2024-01-13 22:37:02 - [TEST_STEP][PASSED] - println("Error Message is present on the page"): null

2024-01-13 22:37:02 - [TEST_STEP][PASSED] - out.println("Pass Record Number: " + row): null

2024-01-13 22:37:02 - [TEST_STEP][PASSED] - resText = "Pass": null

2024-01-13 22:37:02 - [TEST_STEP][PASSED] - pages.WriteExcel.demoKey(resText, datText, resColumn, datCloumn, fileLoc, nameSheet, row): pages.WriteExcel.demoKey is PASSED

2024-01-13 22:37:02 - [MESSAGE][PASSED] - pages.WriteExcel.demoKey is PASSED

2024-01-13 22:37:02 - [TEST_STEP][PASSED] - ExecuteTC = findTestData(dataFile).getValue("Execute", row): null

2024-01-13 22:37:02 - [TEST_STEP][PASSED] - Taxtype = findTestData(dataFile).getValue("TaxType", row): null

2024-01-13 22:37:02 - [TEST_STEP][PASSED] - Paymenttype = findTestData(dataFile).getValue("PaymentType", row): null

2024-01-13 22:37:02 - [TEST_STEP][PASSED] - out.println("Value of Execute is : " + ExecuteTC): null

2024-01-13 22:37:02 - [TEST_STEP][PASSED] - if (ExecuteTC.equalsIgnoreCase("Y")): null

2024-01-13 22:37:02 - [TEST_STEP][PASSED] - out.println("Begin Record Number: " + row): null

2024-01-13 22:37:02 - [TEST_STEP][PASSED] - today = new java.util.Date(): null

2024-01-13 22:37:02 - [TEST_STEP][PASSED] - println(today): null

2024-01-13 22:37:02 - [TEST_STEP][PASSED] - datText = today: null

2024-01-13 22:37:02 - [TEST_STEP][PASSED] - Taxtype = findTestData(dataFile).getValue("TaxType", row): null

2024-01-13 22:37:02 - [TEST_STEP][PASSED] - out.println("Taxtype value is : " + Taxtype): null

2024-01-13 22:37:02 - [TEST_STEP][PASSED] - openBrowser(""): Browser is opened with url: ''

2024-01-13 22:37:02 - [MESSAGE][WARNING] - A browser is already opened. Closing browser and opening a new one

2024-01-13 22:37:03 - [MESSAGE][INFO] - Starting 'Chrome' driver

2024-01-13 22:37:03 - [MESSAGE][INFO] - User set preference: ['acceptInsecureCerts', 'true']

2024-01-13 22:37:03 - [MESSAGE][INFO] - Action delay is set to 0 milliseconds

2024-01-13 22:37:04 - [MESSAGE][PASSED] - Browser is opened with url: ''

2024-01-13 22:37:04 - [TEST_STEP][PASSED] - maximizeWindow(): Current window maximized

2024-01-13 22:37:04 - [MESSAGE][PASSED] - Current window maximized

2024-01-13 22:37:04 - [TEST_STEP][PASSED] - navigateToUrl(RADurl): Navigate to 'https://qa2.velocitypayment.com/client/rad/index.html' successfully

2024-01-13 22:37:06 - [MESSAGE][PASSED] - Navigate to 'https://qa2.velocitypayment.com/client/rad/index.html' successfully

2024-01-13 22:37:06 - [TEST_STEP][PASSED] - orPath_Landing = "Object Repository/RAD_Pages/Landing_Page": null

2024-01-13 22:37:06 - [TEST_STEP][PASSED] - orPath_TaxTypeFilingYear = "Object Repository/RAD_Pages/TaxTypeFilingYear_Page": null

2024-01-13 22:37:06 - [TEST_STEP][PASSED] - orPath_TaxPayer = "Object Repository/RAD_Pages/Taxpayer_Page": null

2024-01-13 22:37:06 - [TEST_STEP][PASSED] - orPath_AddressContact = "Object Repository/RAD_Pages/AddressAndContactInfo_Page": null

2024-01-13 22:37:06 - [TEST_STEP][PASSED] - orPath_FilingStatus = "Object Repository/RAD_Pages/FilingStatus_Page": null

2024-01-13 22:37:06 - [TEST_STEP][PASSED] - orPath_Amount = "Object Repository/RAD_Pages/PaymentAmount_Page": null

2024-01-13 22:37:06 - [TEST_STEP][PASSED] - orPath_TaxInfo = "Object Repository/RAD_Pages/TaxInfo_Page": null

2024-01-13 22:37:06 - [TEST_STEP][PASSED] - orPath_Withholding = "Object Repository/RAD_Pages/Withholding_Page": null

2024-01-13 22:37:06 - [TEST_STEP][PASSED] - orPath_Summary = "Object Repository/RAD_Pages/Summary_Page": null

2024-01-13 22:37:06 - [TEST_STEP][PASSED] - orPath_PaymentReady = "Object Repository/RAD_Pages/PaymentReady_Page": null

2024-01-13 22:37:06 - [TEST_STEP][PASSED] - orPath_PaymentEntry = "Object Repository/RAD_Pages/PaymentEntry_Page": null

2024-01-13 22:37:06 - [TEST_STEP][PASSED] - orPath_PaymentConfirmation = "Object Repository/RAD_Pages/PaymentConfirmation_Page": null

2024-01-13 22:37:06 - [TEST_STEP][PASSED] - orPath_ServiceFeesAccept = "Object Repository/RAD_Pages/ServiceFeeAccept_Page": null

2024-01-13 22:37:06 - [TEST_STEP][PASSED] - selectOptionByLabel(findTestObject(orPath_Landing + "/dd_TaxType"), Paymenttype, false): All options with label 'New Tax Return Amount Due' are selected in object 'Object Repository/RAD_Pages/Landing_Page/dd_TaxType' 

2024-01-13 22:37:07 - [MESSAGE][PASSED] - All options with label 'New Tax Return Amount Due' are selected in object 'Object Repository/RAD_Pages/Landing_Page/dd_TaxType' 

2024-01-13 22:37:07 - [TEST_STEP][PASSED] - delay(1): Delayed 1 second(s)

2024-01-13 22:37:08 - [MESSAGE][PASSED] - Delayed 1 second(s)

2024-01-13 22:37:08 - [TEST_STEP][PASSED] - switch (Paymenttype): null

2024-01-13 22:37:08 - [TEST_STEP][PASSED] - case "New Tax Return Amount Due":: null

2024-01-13 22:37:08 - [TEST_STEP][PASSED] - selectOptionByLabel(findTestObject("Object Repository/RAD_Pages/Landing_Page/select_NewTaxReturnAmountDue_TaxType"), Taxtype, false): All options with label 'PTE Non-Electing S Corp' are selected in object 'Object Repository/RAD_Pages/Landing_Page/select_NewTaxReturnAmountDue_TaxType' 

2024-01-13 22:37:08 - [MESSAGE][PASSED] - All options with label 'PTE Non-Electing S Corp' are selected in object 'Object Repository/RAD_Pages/Landing_Page/select_NewTaxReturnAmountDue_TaxType' 

2024-01-13 22:37:08 - [TEST_STEP][PASSED] - break: null

2024-01-13 22:37:08 - [TEST_STEP][PASSED] - delay(1): Delayed 1 second(s)

2024-01-13 22:37:09 - [MESSAGE][PASSED] - Delayed 1 second(s)

2024-01-13 22:37:09 - [TEST_STEP][PASSED] - scrollToElement(findTestObject(orPath_Amount + "/input__paymentAmount"), 2, CONTINUE_ON_FAILURE): Scroll to object 'Object Repository/RAD_Pages/PaymentAmount_Page/input__paymentAmount' successfully

2024-01-13 22:37:10 - [MESSAGE][PASSED] - Scroll to object 'Object Repository/RAD_Pages/PaymentAmount_Page/input__paymentAmount' successfully

2024-01-13 22:37:10 - [TEST_STEP][PASSED] - switch (Paymenttype): null

2024-01-13 22:37:10 - [TEST_STEP][PASSED] - case "New Tax Return Amount Due":: null

2024-01-13 22:37:10 - [TEST_STEP][PASSED] - setEncryptedText(findTestObject(orPath_TaxInfo + "/input_TaxInfo_FeinSsn_New_2"), "RigbBhfdqODKcAsiUrg+1Q=="): Text ****** has been set on object 'Object Repository/RAD_Pages/TaxInfo_Page/input_TaxInfo_FeinSsn_New_2'

2024-01-13 22:37:10 - [MESSAGE][PASSED] - Text ****** has been set on object 'Object Repository/RAD_Pages/TaxInfo_Page/input_TaxInfo_FeinSsn_New_2'

2024-01-13 22:37:10 - [TEST_STEP][PASSED] - setEncryptedText(findTestObject(orPath_TaxInfo + "/input_TaxInfo_RetypeFeinSsn_New_2"), "RigbBhfdqOD+04WBHw5iKw=="): Text ****** has been set on object 'Object Repository/RAD_Pages/TaxInfo_Page/input_TaxInfo_RetypeFeinSsn_New_2'

2024-01-13 22:37:11 - [MESSAGE][PASSED] - Text ****** has been set on object 'Object Repository/RAD_Pages/TaxInfo_Page/input_TaxInfo_RetypeFeinSsn_New_2'

2024-01-13 22:37:11 - [TEST_STEP][PASSED] - break: null

2024-01-13 22:37:11 - [TEST_STEP][PASSED] - setText(findTestObject(orPath_Amount + "/input__paymentAmount"), ""): Text '' is set on object 'Object Repository/RAD_Pages/PaymentAmount_Page/input__paymentAmount'

2024-01-13 22:37:11 - [MESSAGE][PASSED] - Text '' is set on object 'Object Repository/RAD_Pages/PaymentAmount_Page/input__paymentAmount'

2024-01-13 22:37:11 - [TEST_STEP][PASSED] - if (verifyTextPresent("The FEIN/SSN and Re-type FEIN/SSN do not match", true)): null

2024-01-13 22:37:12 - [MESSAGE][PASSED] - Text 'The FEIN/SSN and Re-type FEIN/SSN do not match' is present on page  using regular expression

2024-01-13 22:37:12 - [TEST_STEP][PASSED] - println("Error Message is present on the page"): null

2024-01-13 22:37:12 - [TEST_STEP][PASSED] - out.println("Pass Record Number: " + row): null

2024-01-13 22:37:12 - [TEST_STEP][PASSED] - resText = "Pass": null

2024-01-13 22:37:12 - [TEST_STEP][PASSED] - pages.WriteExcel.demoKey(resText, datText, resColumn, datCloumn, fileLoc, nameSheet, row): pages.WriteExcel.demoKey is PASSED

2024-01-13 22:37:12 - [MESSAGE][PASSED] - pages.WriteExcel.demoKey is PASSED

2024-01-13 22:37:12 - [TEST_STEP][PASSED] - ExecuteTC = findTestData(dataFile).getValue("Execute", row): null

2024-01-13 22:37:12 - [TEST_STEP][PASSED] - Taxtype = findTestData(dataFile).getValue("TaxType", row): null

2024-01-13 22:37:12 - [TEST_STEP][PASSED] - Paymenttype = findTestData(dataFile).getValue("PaymentType", row): null

2024-01-13 22:37:12 - [TEST_STEP][PASSED] - out.println("Value of Execute is : " + ExecuteTC): null

2024-01-13 22:37:12 - [TEST_STEP][PASSED] - if (ExecuteTC.equalsIgnoreCase("Y")): null

2024-01-13 22:37:12 - [TEST_STEP][PASSED] - out.println("Begin Record Number: " + row): null

2024-01-13 22:37:12 - [TEST_STEP][PASSED] - today = new java.util.Date(): null

2024-01-13 22:37:12 - [TEST_STEP][PASSED] - println(today): null

2024-01-13 22:37:12 - [TEST_STEP][PASSED] - datText = today: null

2024-01-13 22:37:12 - [TEST_STEP][PASSED] - Taxtype = findTestData(dataFile).getValue("TaxType", row): null

2024-01-13 22:37:12 - [TEST_STEP][PASSED] - out.println("Taxtype value is : " + Taxtype): null

2024-01-13 22:37:12 - [TEST_STEP][PASSED] - openBrowser(""): Browser is opened with url: ''

2024-01-13 22:37:12 - [MESSAGE][WARNING] - A browser is already opened. Closing browser and opening a new one

2024-01-13 22:37:13 - [MESSAGE][INFO] - Starting 'Chrome' driver

2024-01-13 22:37:13 - [MESSAGE][INFO] - User set preference: ['acceptInsecureCerts', 'true']

2024-01-13 22:37:13 - [MESSAGE][INFO] - Action delay is set to 0 milliseconds

2024-01-13 22:37:15 - [MESSAGE][PASSED] - Browser is opened with url: ''

2024-01-13 22:37:15 - [TEST_STEP][PASSED] - maximizeWindow(): Current window maximized

2024-01-13 22:37:15 - [MESSAGE][PASSED] - Current window maximized

2024-01-13 22:37:15 - [TEST_STEP][PASSED] - navigateToUrl(RADurl): Navigate to 'https://qa2.velocitypayment.com/client/rad/index.html' successfully

2024-01-13 22:37:16 - [MESSAGE][PASSED] - Navigate to 'https://qa2.velocitypayment.com/client/rad/index.html' successfully

2024-01-13 22:37:16 - [TEST_STEP][PASSED] - orPath_Landing = "Object Repository/RAD_Pages/Landing_Page": null

2024-01-13 22:37:16 - [TEST_STEP][PASSED] - orPath_TaxTypeFilingYear = "Object Repository/RAD_Pages/TaxTypeFilingYear_Page": null

2024-01-13 22:37:16 - [TEST_STEP][PASSED] - orPath_TaxPayer = "Object Repository/RAD_Pages/Taxpayer_Page": null

2024-01-13 22:37:16 - [TEST_STEP][PASSED] - orPath_AddressContact = "Object Repository/RAD_Pages/AddressAndContactInfo_Page": null

2024-01-13 22:37:16 - [TEST_STEP][PASSED] - orPath_FilingStatus = "Object Repository/RAD_Pages/FilingStatus_Page": null

2024-01-13 22:37:16 - [TEST_STEP][PASSED] - orPath_Amount = "Object Repository/RAD_Pages/PaymentAmount_Page": null

2024-01-13 22:37:16 - [TEST_STEP][PASSED] - orPath_TaxInfo = "Object Repository/RAD_Pages/TaxInfo_Page": null

2024-01-13 22:37:16 - [TEST_STEP][PASSED] - orPath_Withholding = "Object Repository/RAD_Pages/Withholding_Page": null

2024-01-13 22:37:16 - [TEST_STEP][PASSED] - orPath_Summary = "Object Repository/RAD_Pages/Summary_Page": null

2024-01-13 22:37:16 - [TEST_STEP][PASSED] - orPath_PaymentReady = "Object Repository/RAD_Pages/PaymentReady_Page": null

2024-01-13 22:37:16 - [TEST_STEP][PASSED] - orPath_PaymentEntry = "Object Repository/RAD_Pages/PaymentEntry_Page": null

2024-01-13 22:37:16 - [TEST_STEP][PASSED] - orPath_PaymentConfirmation = "Object Repository/RAD_Pages/PaymentConfirmation_Page": null

2024-01-13 22:37:16 - [TEST_STEP][PASSED] - orPath_ServiceFeesAccept = "Object Repository/RAD_Pages/ServiceFeeAccept_Page": null

2024-01-13 22:37:16 - [TEST_STEP][PASSED] - selectOptionByLabel(findTestObject(orPath_Landing + "/dd_TaxType"), Paymenttype, false): All options with label 'New Tax Return Amount Due' are selected in object 'Object Repository/RAD_Pages/Landing_Page/dd_TaxType' 

2024-01-13 22:37:17 - [MESSAGE][PASSED] - All options with label 'New Tax Return Amount Due' are selected in object 'Object Repository/RAD_Pages/Landing_Page/dd_TaxType' 

2024-01-13 22:37:17 - [TEST_STEP][PASSED] - delay(1): Delayed 1 second(s)

2024-01-13 22:37:18 - [MESSAGE][PASSED] - Delayed 1 second(s)

2024-01-13 22:37:18 - [TEST_STEP][PASSED] - switch (Paymenttype): null

2024-01-13 22:37:18 - [TEST_STEP][PASSED] - case "New Tax Return Amount Due":: null

2024-01-13 22:37:18 - [TEST_STEP][PASSED] - selectOptionByLabel(findTestObject("Object Repository/RAD_Pages/Landing_Page/select_NewTaxReturnAmountDue_TaxType"), Taxtype, false): All options with label 'PTE Tax Electing Non-S Corp' are selected in object 'Object Repository/RAD_Pages/Landing_Page/select_NewTaxReturnAmountDue_TaxType' 

2024-01-13 22:37:19 - [MESSAGE][PASSED] - All options with label 'PTE Tax Electing Non-S Corp' are selected in object 'Object Repository/RAD_Pages/Landing_Page/select_NewTaxReturnAmountDue_TaxType' 

2024-01-13 22:37:19 - [TEST_STEP][PASSED] - break: null

2024-01-13 22:37:19 - [TEST_STEP][PASSED] - delay(1): Delayed 1 second(s)

2024-01-13 22:37:20 - [MESSAGE][PASSED] - Delayed 1 second(s)

2024-01-13 22:37:20 - [TEST_STEP][PASSED] - scrollToElement(findTestObject(orPath_Amount + "/input__paymentAmount"), 2, CONTINUE_ON_FAILURE): Scroll to object 'Object Repository/RAD_Pages/PaymentAmount_Page/input__paymentAmount' successfully

2024-01-13 22:37:20 - [MESSAGE][PASSED] - Scroll to object 'Object Repository/RAD_Pages/PaymentAmount_Page/input__paymentAmount' successfully

2024-01-13 22:37:20 - [TEST_STEP][PASSED] - switch (Paymenttype): null

2024-01-13 22:37:20 - [TEST_STEP][PASSED] - case "New Tax Return Amount Due":: null

2024-01-13 22:37:20 - [TEST_STEP][PASSED] - setEncryptedText(findTestObject(orPath_TaxInfo + "/input_TaxInfo_FeinSsn_New_2"), "RigbBhfdqODKcAsiUrg+1Q=="): Text ****** has been set on object 'Object Repository/RAD_Pages/TaxInfo_Page/input_TaxInfo_FeinSsn_New_2'

2024-01-13 22:37:20 - [MESSAGE][PASSED] - Text ****** has been set on object 'Object Repository/RAD_Pages/TaxInfo_Page/input_TaxInfo_FeinSsn_New_2'

2024-01-13 22:37:21 - [TEST_STEP][PASSED] - setEncryptedText(findTestObject(orPath_TaxInfo + "/input_TaxInfo_RetypeFeinSsn_New_2"), "RigbBhfdqOD+04WBHw5iKw=="): Text ****** has been set on object 'Object Repository/RAD_Pages/TaxInfo_Page/input_TaxInfo_RetypeFeinSsn_New_2'

2024-01-13 22:37:21 - [MESSAGE][PASSED] - Text ****** has been set on object 'Object Repository/RAD_Pages/TaxInfo_Page/input_TaxInfo_RetypeFeinSsn_New_2'

2024-01-13 22:37:21 - [TEST_STEP][PASSED] - break: null

2024-01-13 22:37:21 - [TEST_STEP][PASSED] - setText(findTestObject(orPath_Amount + "/input__paymentAmount"), ""): Text '' is set on object 'Object Repository/RAD_Pages/PaymentAmount_Page/input__paymentAmount'

2024-01-13 22:37:22 - [MESSAGE][PASSED] - Text '' is set on object 'Object Repository/RAD_Pages/PaymentAmount_Page/input__paymentAmount'

2024-01-13 22:37:22 - [TEST_STEP][PASSED] - if (verifyTextPresent("The FEIN/SSN and Re-type FEIN/SSN do not match", true)): null

2024-01-13 22:37:22 - [MESSAGE][PASSED] - Text 'The FEIN/SSN and Re-type FEIN/SSN do not match' is present on page  using regular expression

2024-01-13 22:37:22 - [TEST_STEP][PASSED] - println("Error Message is present on the page"): null

2024-01-13 22:37:22 - [TEST_STEP][PASSED] - out.println("Pass Record Number: " + row): null

2024-01-13 22:37:22 - [TEST_STEP][PASSED] - resText = "Pass": null

2024-01-13 22:37:22 - [TEST_STEP][PASSED] - pages.WriteExcel.demoKey(resText, datText, resColumn, datCloumn, fileLoc, nameSheet, row): pages.WriteExcel.demoKey is PASSED

2024-01-13 22:37:22 - [MESSAGE][PASSED] - pages.WriteExcel.demoKey is PASSED

2024-01-13 22:37:22 - [TEST_STEP][PASSED] - ExecuteTC = findTestData(dataFile).getValue("Execute", row): null

2024-01-13 22:37:23 - [TEST_STEP][PASSED] - Taxtype = findTestData(dataFile).getValue("TaxType", row): null

2024-01-13 22:37:23 - [TEST_STEP][PASSED] - Paymenttype = findTestData(dataFile).getValue("PaymentType", row): null

2024-01-13 22:37:23 - [TEST_STEP][PASSED] - out.println("Value of Execute is : " + ExecuteTC): null

2024-01-13 22:37:23 - [TEST_STEP][PASSED] - if (ExecuteTC.equalsIgnoreCase("Y")): null

2024-01-13 22:37:23 - [TEST_STEP][PASSED] - out.println("Begin Record Number: " + row): null

2024-01-13 22:37:23 - [TEST_STEP][PASSED] - today = new java.util.Date(): null

2024-01-13 22:37:23 - [TEST_STEP][PASSED] - println(today): null

2024-01-13 22:37:23 - [TEST_STEP][PASSED] - datText = today: null

2024-01-13 22:37:23 - [TEST_STEP][PASSED] - Taxtype = findTestData(dataFile).getValue("TaxType", row): null

2024-01-13 22:37:23 - [TEST_STEP][PASSED] - out.println("Taxtype value is : " + Taxtype): null

2024-01-13 22:37:23 - [TEST_STEP][PASSED] - openBrowser(""): Browser is opened with url: ''

2024-01-13 22:37:23 - [MESSAGE][WARNING] - A browser is already opened. Closing browser and opening a new one

2024-01-13 22:37:24 - [MESSAGE][INFO] - Starting 'Chrome' driver

2024-01-13 22:37:24 - [MESSAGE][INFO] - User set preference: ['acceptInsecureCerts', 'true']

2024-01-13 22:37:24 - [MESSAGE][INFO] - Action delay is set to 0 milliseconds

2024-01-13 22:37:25 - [MESSAGE][PASSED] - Browser is opened with url: ''

2024-01-13 22:37:25 - [TEST_STEP][PASSED] - maximizeWindow(): Current window maximized

2024-01-13 22:37:25 - [MESSAGE][PASSED] - Current window maximized

2024-01-13 22:37:25 - [TEST_STEP][PASSED] - navigateToUrl(RADurl): Navigate to 'https://qa2.velocitypayment.com/client/rad/index.html' successfully

2024-01-13 22:37:27 - [MESSAGE][PASSED] - Navigate to 'https://qa2.velocitypayment.com/client/rad/index.html' successfully

2024-01-13 22:37:27 - [TEST_STEP][PASSED] - orPath_Landing = "Object Repository/RAD_Pages/Landing_Page": null

2024-01-13 22:37:27 - [TEST_STEP][PASSED] - orPath_TaxTypeFilingYear = "Object Repository/RAD_Pages/TaxTypeFilingYear_Page": null

2024-01-13 22:37:27 - [TEST_STEP][PASSED] - orPath_TaxPayer = "Object Repository/RAD_Pages/Taxpayer_Page": null

2024-01-13 22:37:27 - [TEST_STEP][PASSED] - orPath_AddressContact = "Object Repository/RAD_Pages/AddressAndContactInfo_Page": null

2024-01-13 22:37:27 - [TEST_STEP][PASSED] - orPath_FilingStatus = "Object Repository/RAD_Pages/FilingStatus_Page": null

2024-01-13 22:37:27 - [TEST_STEP][PASSED] - orPath_Amount = "Object Repository/RAD_Pages/PaymentAmount_Page": null

2024-01-13 22:37:27 - [TEST_STEP][PASSED] - orPath_TaxInfo = "Object Repository/RAD_Pages/TaxInfo_Page": null

2024-01-13 22:37:27 - [TEST_STEP][PASSED] - orPath_Withholding = "Object Repository/RAD_Pages/Withholding_Page": null

2024-01-13 22:37:27 - [TEST_STEP][PASSED] - orPath_Summary = "Object Repository/RAD_Pages/Summary_Page": null

2024-01-13 22:37:27 - [TEST_STEP][PASSED] - orPath_PaymentReady = "Object Repository/RAD_Pages/PaymentReady_Page": null

2024-01-13 22:37:27 - [TEST_STEP][PASSED] - orPath_PaymentEntry = "Object Repository/RAD_Pages/PaymentEntry_Page": null

2024-01-13 22:37:27 - [TEST_STEP][PASSED] - orPath_PaymentConfirmation = "Object Repository/RAD_Pages/PaymentConfirmation_Page": null

2024-01-13 22:37:27 - [TEST_STEP][PASSED] - orPath_ServiceFeesAccept = "Object Repository/RAD_Pages/ServiceFeeAccept_Page": null

2024-01-13 22:37:27 - [TEST_STEP][PASSED] - selectOptionByLabel(findTestObject(orPath_Landing + "/dd_TaxType"), Paymenttype, false): All options with label 'New Tax Return Amount Due' are selected in object 'Object Repository/RAD_Pages/Landing_Page/dd_TaxType' 

2024-01-13 22:37:27 - [MESSAGE][PASSED] - All options with label 'New Tax Return Amount Due' are selected in object 'Object Repository/RAD_Pages/Landing_Page/dd_TaxType' 

2024-01-13 22:37:27 - [TEST_STEP][PASSED] - delay(1): Delayed 1 second(s)

2024-01-13 22:37:28 - [MESSAGE][PASSED] - Delayed 1 second(s)

2024-01-13 22:37:28 - [TEST_STEP][PASSED] - switch (Paymenttype): null

2024-01-13 22:37:28 - [TEST_STEP][PASSED] - case "New Tax Return Amount Due":: null

2024-01-13 22:37:28 - [TEST_STEP][PASSED] - selectOptionByLabel(findTestObject("Object Repository/RAD_Pages/Landing_Page/select_NewTaxReturnAmountDue_TaxType"), Taxtype, false): All options with label 'PTE Tax Electing S Corp' are selected in object 'Object Repository/RAD_Pages/Landing_Page/select_NewTaxReturnAmountDue_TaxType' 

2024-01-13 22:37:29 - [MESSAGE][PASSED] - All options with label 'PTE Tax Electing S Corp' are selected in object 'Object Repository/RAD_Pages/Landing_Page/select_NewTaxReturnAmountDue_TaxType' 

2024-01-13 22:37:29 - [TEST_STEP][PASSED] - break: null

2024-01-13 22:37:29 - [TEST_STEP][PASSED] - delay(1): Delayed 1 second(s)

2024-01-13 22:37:30 - [MESSAGE][PASSED] - Delayed 1 second(s)

2024-01-13 22:37:30 - [TEST_STEP][PASSED] - scrollToElement(findTestObject(orPath_Amount + "/input__paymentAmount"), 2, CONTINUE_ON_FAILURE): Scroll to object 'Object Repository/RAD_Pages/PaymentAmount_Page/input__paymentAmount' successfully

2024-01-13 22:37:30 - [MESSAGE][PASSED] - Scroll to object 'Object Repository/RAD_Pages/PaymentAmount_Page/input__paymentAmount' successfully

2024-01-13 22:37:30 - [TEST_STEP][PASSED] - switch (Paymenttype): null

2024-01-13 22:37:30 - [TEST_STEP][PASSED] - case "New Tax Return Amount Due":: null

2024-01-13 22:37:30 - [TEST_STEP][PASSED] - setEncryptedText(findTestObject(orPath_TaxInfo + "/input_TaxInfo_FeinSsn_New_2"), "RigbBhfdqODKcAsiUrg+1Q=="): Text ****** has been set on object 'Object Repository/RAD_Pages/TaxInfo_Page/input_TaxInfo_FeinSsn_New_2'

2024-01-13 22:37:31 - [MESSAGE][PASSED] - Text ****** has been set on object 'Object Repository/RAD_Pages/TaxInfo_Page/input_TaxInfo_FeinSsn_New_2'

2024-01-13 22:37:31 - [TEST_STEP][PASSED] - setEncryptedText(findTestObject(orPath_TaxInfo + "/input_TaxInfo_RetypeFeinSsn_New_2"), "RigbBhfdqOD+04WBHw5iKw=="): Text ****** has been set on object 'Object Repository/RAD_Pages/TaxInfo_Page/input_TaxInfo_RetypeFeinSsn_New_2'

2024-01-13 22:37:31 - [MESSAGE][PASSED] - Text ****** has been set on object 'Object Repository/RAD_Pages/TaxInfo_Page/input_TaxInfo_RetypeFeinSsn_New_2'

2024-01-13 22:37:31 - [TEST_STEP][PASSED] - break: null

2024-01-13 22:37:31 - [TEST_STEP][PASSED] - setText(findTestObject(orPath_Amount + "/input__paymentAmount"), ""): Text '' is set on object 'Object Repository/RAD_Pages/PaymentAmount_Page/input__paymentAmount'

2024-01-13 22:37:32 - [MESSAGE][PASSED] - Text '' is set on object 'Object Repository/RAD_Pages/PaymentAmount_Page/input__paymentAmount'

2024-01-13 22:37:32 - [TEST_STEP][PASSED] - if (verifyTextPresent("The FEIN/SSN and Re-type FEIN/SSN do not match", true)): null

2024-01-13 22:37:33 - [MESSAGE][PASSED] - Text 'The FEIN/SSN and Re-type FEIN/SSN do not match' is present on page  using regular expression

2024-01-13 22:37:33 - [TEST_STEP][PASSED] - println("Error Message is present on the page"): null

2024-01-13 22:37:33 - [TEST_STEP][PASSED] - out.println("Pass Record Number: " + row): null

2024-01-13 22:37:33 - [TEST_STEP][PASSED] - resText = "Pass": null

2024-01-13 22:37:33 - [TEST_STEP][PASSED] - pages.WriteExcel.demoKey(resText, datText, resColumn, datCloumn, fileLoc, nameSheet, row): pages.WriteExcel.demoKey is PASSED

2024-01-13 22:37:33 - [MESSAGE][PASSED] - pages.WriteExcel.demoKey is PASSED]]></system-out>
         <system-err><![CDATA[]]></system-err>
      </testcase>
      <testcase name="Test Cases/RAD_TestCases/Negative_TestCases/FEINmoreThan9Error-NEW" time="302.898" classname="Test Cases/RAD_TestCases/Negative_TestCases/FEINmoreThan9Error-NEW" status="FAILED">
         <failure type="FAILED" message="Test Cases/RAD_TestCases/Negative_TestCases/FEINmoreThan9Error-NEW FAILED.
Reason:
com.kms.katalon.core.exception.StepFailedException: Unable to set encrypted text for object 'Object Repository/RAD_RecordAndPlay/input_Existing_FEIN' (Root cause: com.kms.katalon.core.exception.StepFailedException: Unable to set encrypted text for object 'Object Repository/RAD_RecordAndPlay/input_Existing_FEIN'
	at com.kms.katalon.core.webui.keyword.internal.WebUIKeywordMain.stepFailed(WebUIKeywordMain.groovy:64)
	at com.kms.katalon.core.webui.keyword.internal.WebUIKeywordMain.runKeyword(WebUIKeywordMain.groovy:26)
	at com.kms.katalon.core.webui.keyword.builtin.SetEncryptedTextKeyword.setEncryptedText(SetEncryptedTextKeyword.groovy:65)
	at com.kms.katalon.core.webui.keyword.builtin.SetEncryptedTextKeyword.execute(SetEncryptedTextKeyword.groovy:34)
	at com.kms.katalon.core.keyword.internal.KeywordExecutor.executeKeywordForPlatform(KeywordExecutor.groovy:74)
	at com.kms.katalon.core.webui.keyword.WebUiBuiltInKeywords.setEncryptedText(WebUiBuiltInKeywords.groovy:1011)
	at com.kms.katalon.core.webui.keyword.WebUiBuiltInKeywords$setEncryptedText$4.call(Unknown Source)
	at FEINmoreThan9Error-NEW.run(FEINmoreThan9Error-NEW:128)
	at com.kms.katalon.core.main.ScriptEngine.run(ScriptEngine.java:194)
	at com.kms.katalon.core.main.ScriptEngine.runScriptAsRawText(ScriptEngine.java:119)
	at com.kms.katalon.core.main.TestCaseExecutor.runScript(TestCaseExecutor.java:448)
	at com.kms.katalon.core.main.TestCaseExecutor.doExecute(TestCaseExecutor.java:439)
	at com.kms.katalon.core.main.TestCaseExecutor.processExecutionPhase(TestCaseExecutor.java:418)
	at com.kms.katalon.core.main.TestCaseExecutor.accessMainPhase(TestCaseExecutor.java:410)
	at com.kms.katalon.core.main.TestCaseExecutor.execute(TestCaseExecutor.java:285)
	at com.kms.katalon.core.common.CommonExecutor.accessTestCaseMainPhase(CommonExecutor.java:65)
	at com.kms.katalon.core.main.TestSuiteExecutor.accessTestSuiteMainPhase(TestSuiteExecutor.java:148)
	at com.kms.katalon.core.main.TestSuiteExecutor.execute(TestSuiteExecutor.java:106)
	at com.kms.katalon.core.main.TestCaseMain.startTestSuite(TestCaseMain.java:187)
	at com.kms.katalon.core.main.TestCaseMain$startTestSuite$0.call(Unknown Source)
	at TempTestSuite1705202981112.run(TempTestSuite1705202981112.groovy:36)
Caused by: org.openqa.selenium.ElementNotInteractableException: element not interactable
  (Session info: chrome=120.0.6099.200)
Build info: version: '3.141.59', revision: 'e82be7d358', time: '2018-11-14T08:25:53'
System info: host: 'DESKTOP-B2QI6NS', ip: '172.31.253.139', os.name: 'Windows 10', os.arch: 'amd64', os.version: '10.0', java.version: '1.8.0_181'
Driver info: com.kms.katalon.selenium.driver.CChromeDriver
Capabilities {acceptInsecureCerts: true, browserName: chrome, browserVersion: 120.0.6099.200, chrome: {chromedriverVersion: 119.0.6045.105 (38c72552c5e..., userDataDir: C:\Users\imtiaz\AppData\Loc...}, fedcm:accounts: true, goog:chromeOptions: {debuggerAddress: localhost:58976}, javascriptEnabled: true, networkConnectionEnabled: false, pageLoadStrategy: normal, platform: WINDOWS, platformName: WINDOWS, proxy: Proxy(), setWindowRect: true, strictFileInteractability: false, timeouts: {implicit: 0, pageLoad: 300000, script: 30000}, unhandledPromptBehavior: dismiss and notify, webauthn:extension:credBlob: true, webauthn:extension:largeBlob: true, webauthn:extension:minPinLength: true, webauthn:extension:prf: true, webauthn:virtualAuthenticators: true}
Session ID: 35588857da4ddb32d934b2fc0fc565c0
	at org.openqa.selenium.remote.http.W3CHttpResponseCodec.createException(W3CHttpResponseCodec.java:187)
	at org.openqa.selenium.remote.http.W3CHttpResponseCodec.decode(W3CHttpResponseCodec.java:122)
	at org.openqa.selenium.remote.http.W3CHttpResponseCodec.decode(W3CHttpResponseCodec.java:49)
	at org.openqa.selenium.remote.HttpCommandExecutor.execute(HttpCommandExecutor.java:158)
	at org.openqa.selenium.remote.service.DriverCommandExecutor.execute(DriverCommandExecutor.java:83)
	at org.openqa.selenium.remote.RemoteWebDriver.execute(RemoteWebDriver.java:552)
	at com.kms.katalon.selenium.driver.CChromeDriver.execute(CChromeDriver.java:19)
	at org.openqa.selenium.remote.RemoteWebElement.execute(RemoteWebElement.java:285)
	at org.openqa.selenium.remote.RemoteWebElement.clear(RemoteWebElement.java:124)
	at org.openqa.selenium.support.events.EventFiringWebDriver$EventFiringWebElement.lambda$new$0(EventFiringWebDriver.java:404)
	at com.sun.proxy.$Proxy11.clear(Unknown Source)
	at org.openqa.selenium.support.events.EventFiringWebDriver$EventFiringWebElement.clear(EventFiringWebDriver.java:436)
	at com.kms.katalon.core.webui.keyword.builtin.SetEncryptedTextKeyword$_setEncryptedText_closure1.doCall(SetEncryptedTextKeyword.groovy:54)
	at com.kms.katalon.core.webui.keyword.builtin.SetEncryptedTextKeyword$_setEncryptedText_closure1.call(SetEncryptedTextKeyword.groovy)
	at com.kms.katalon.core.webui.keyword.internal.WebUIKeywordMain.runKeyword(WebUIKeywordMain.groovy:20)
	at com.kms.katalon.core.webui.keyword.builtin.SetEncryptedTextKeyword.setEncryptedText(SetEncryptedTextKeyword.groovy:65)
	at com.kms.katalon.core.webui.keyword.builtin.SetEncryptedTextKeyword.execute(SetEncryptedTextKeyword.groovy:34)
	at com.kms.katalon.core.keyword.internal.KeywordExecutor.executeKeywordForPlatform(KeywordExecutor.groovy:74)
	at com.kms.katalon.core.webui.keyword.WebUiBuiltInKeywords.setEncryptedText(WebUiBuiltInKeywords.groovy:1011)
	at com.kms.katalon.core.webui.keyword.WebUiBuiltInKeywords$setEncryptedText$4.call(Unknown Source)
	at Script1693447938304.run(Script1693447938304.groovy:128)
	... 13 more
)
	at com.kms.katalon.core.keyword.internal.KeywordMain.stepFailed(KeywordMain.groovy:39)
	at com.kms.katalon.core.webui.keyword.internal.WebUIKeywordMain.stepFailed(WebUIKeywordMain.groovy:64)
	at com.kms.katalon.core.webui.keyword.internal.WebUIKeywordMain.runKeyword(WebUIKeywordMain.groovy:26)
	at com.kms.katalon.core.webui.keyword.builtin.SetEncryptedTextKeyword.setEncryptedText(SetEncryptedTextKeyword.groovy:65)
	at com.kms.katalon.core.webui.keyword.builtin.SetEncryptedTextKeyword.execute(SetEncryptedTextKeyword.groovy:34)
	at com.kms.katalon.core.keyword.internal.KeywordExecutor.executeKeywordForPlatform(KeywordExecutor.groovy:74)
	at com.kms.katalon.core.webui.keyword.WebUiBuiltInKeywords.setEncryptedText(WebUiBuiltInKeywords.groovy:1011)
	at com.kms.katalon.core.webui.keyword.WebUiBuiltInKeywords$setEncryptedText$4.call(Unknown Source)
	at FEINmoreThan9Error-NEW.run(FEINmoreThan9Error-NEW:128)
	at com.kms.katalon.core.main.ScriptEngine.run(ScriptEngine.java:194)
	at com.kms.katalon.core.main.ScriptEngine.runScriptAsRawText(ScriptEngine.java:119)
	at com.kms.katalon.core.main.TestCaseExecutor.runScript(TestCaseExecutor.java:448)
	at com.kms.katalon.core.main.TestCaseExecutor.doExecute(TestCaseExecutor.java:439)
	at com.kms.katalon.core.main.TestCaseExecutor.processExecutionPhase(TestCaseExecutor.java:418)
	at com.kms.katalon.core.main.TestCaseExecutor.accessMainPhase(TestCaseExecutor.java:410)
	at com.kms.katalon.core.main.TestCaseExecutor.execute(TestCaseExecutor.java:285)
	at com.kms.katalon.core.common.CommonExecutor.accessTestCaseMainPhase(CommonExecutor.java:65)
	at com.kms.katalon.core.main.TestSuiteExecutor.accessTestSuiteMainPhase(TestSuiteExecutor.java:148)
	at com.kms.katalon.core.main.TestSuiteExecutor.execute(TestSuiteExecutor.java:106)
	at com.kms.katalon.core.main.TestCaseMain.startTestSuite(TestCaseMain.java:187)
	at com.kms.katalon.core.main.TestCaseMain$startTestSuite$0.call(Unknown Source)
	at TempTestSuite1705202981112.run(TempTestSuite1705202981112.groovy:36)
Caused by: com.kms.katalon.core.exception.StepFailedException: Unable to set encrypted text for object 'Object Repository/RAD_RecordAndPlay/input_Existing_FEIN'
	... 21 more
Caused by: org.openqa.selenium.ElementNotInteractableException: element not interactable
  (Session info: chrome=120.0.6099.200)
Build info: version: '3.141.59', revision: 'e82be7d358', time: '2018-11-14T08:25:53'
System info: host: 'DESKTOP-B2QI6NS', ip: '172.31.253.139', os.name: 'Windows 10', os.arch: 'amd64', os.version: '10.0', java.version: '1.8.0_181'
Driver info: com.kms.katalon.selenium.driver.CChromeDriver
Capabilities {acceptInsecureCerts: true, browserName: chrome, browserVersion: 120.0.6099.200, chrome: {chromedriverVersion: 119.0.6045.105 (38c72552c5e..., userDataDir: C:\Users\imtiaz\AppData\Loc...}, fedcm:accounts: true, goog:chromeOptions: {debuggerAddress: localhost:58976}, javascriptEnabled: true, networkConnectionEnabled: false, pageLoadStrategy: normal, platform: WINDOWS, platformName: WINDOWS, proxy: Proxy(), setWindowRect: true, strictFileInteractability: false, timeouts: {implicit: 0, pageLoad: 300000, script: 30000}, unhandledPromptBehavior: dismiss and notify, webauthn:extension:credBlob: true, webauthn:extension:largeBlob: true, webauthn:extension:minPinLength: true, webauthn:extension:prf: true, webauthn:virtualAuthenticators: true}
Session ID: 35588857da4ddb32d934b2fc0fc565c0
	at org.openqa.selenium.remote.http.W3CHttpResponseCodec.createException(W3CHttpResponseCodec.java:187)
	at org.openqa.selenium.remote.http.W3CHttpResponseCodec.decode(W3CHttpResponseCodec.java:122)
	at org.openqa.selenium.remote.http.W3CHttpResponseCodec.decode(W3CHttpResponseCodec.java:49)
	at org.openqa.selenium.remote.HttpCommandExecutor.execute(HttpCommandExecutor.java:158)
	at org.openqa.selenium.remote.service.DriverCommandExecutor.execute(DriverCommandExecutor.java:83)
	at org.openqa.selenium.remote.RemoteWebDriver.execute(RemoteWebDriver.java:552)
	at com.kms.katalon.selenium.driver.CChromeDriver.execute(CChromeDriver.java:19)
	at org.openqa.selenium.remote.RemoteWebElement.execute(RemoteWebElement.java:285)
	at org.openqa.selenium.remote.RemoteWebElement.clear(RemoteWebElement.java:124)
	at org.openqa.selenium.support.events.EventFiringWebDriver$EventFiringWebElement.lambda$new$0(EventFiringWebDriver.java:404)
	at com.sun.proxy.$Proxy11.clear(Unknown Source)
	at org.openqa.selenium.support.events.EventFiringWebDriver$EventFiringWebElement.clear(EventFiringWebDriver.java:436)
	at com.kms.katalon.core.webui.keyword.builtin.SetEncryptedTextKeyword$_setEncryptedText_closure1.doCall(SetEncryptedTextKeyword.groovy:54)
	at com.kms.katalon.core.webui.keyword.builtin.SetEncryptedTextKeyword$_setEncryptedText_closure1.call(SetEncryptedTextKeyword.groovy)
	at com.kms.katalon.core.webui.keyword.internal.WebUIKeywordMain.runKeyword(WebUIKeywordMain.groovy:20)
	... 19 more
"/>
         <system-out><![CDATA[2024-01-13 22:37:33 - [TEST_CASE][FAILED] - Test Cases/RAD_TestCases/Negative_TestCases/FEINmoreThan9Error-NEW: Test Cases/RAD_TestCases/Negative_TestCases/FEINmoreThan9Error-NEW FAILED.
Reason:
com.kms.katalon.core.exception.StepFailedException: Unable to set encrypted text for object 'Object Repository/RAD_RecordAndPlay/input_Existing_FEIN' (Root cause: com.kms.katalon.core.exception.StepFailedException: Unable to set encrypted text for object 'Object Repository/RAD_RecordAndPlay/input_Existing_FEIN'
	at com.kms.katalon.core.webui.keyword.internal.WebUIKeywordMain.stepFailed(WebUIKeywordMain.groovy:64)
	at com.kms.katalon.core.webui.keyword.internal.WebUIKeywordMain.runKeyword(WebUIKeywordMain.groovy:26)
	at com.kms.katalon.core.webui.keyword.builtin.SetEncryptedTextKeyword.setEncryptedText(SetEncryptedTextKeyword.groovy:65)
	at com.kms.katalon.core.webui.keyword.builtin.SetEncryptedTextKeyword.execute(SetEncryptedTextKeyword.groovy:34)
	at com.kms.katalon.core.keyword.internal.KeywordExecutor.executeKeywordForPlatform(KeywordExecutor.groovy:74)
	at com.kms.katalon.core.webui.keyword.WebUiBuiltInKeywords.setEncryptedText(WebUiBuiltInKeywords.groovy:1011)
	at com.kms.katalon.core.webui.keyword.WebUiBuiltInKeywords$setEncryptedText$4.call(Unknown Source)
	at FEINmoreThan9Error-NEW.run(FEINmoreThan9Error-NEW:128)
	at com.kms.katalon.core.main.ScriptEngine.run(ScriptEngine.java:194)
	at com.kms.katalon.core.main.ScriptEngine.runScriptAsRawText(ScriptEngine.java:119)
	at com.kms.katalon.core.main.TestCaseExecutor.runScript(TestCaseExecutor.java:448)
	at com.kms.katalon.core.main.TestCaseExecutor.doExecute(TestCaseExecutor.java:439)
	at com.kms.katalon.core.main.TestCaseExecutor.processExecutionPhase(TestCaseExecutor.java:418)
	at com.kms.katalon.core.main.TestCaseExecutor.accessMainPhase(TestCaseExecutor.java:410)
	at com.kms.katalon.core.main.TestCaseExecutor.execute(TestCaseExecutor.java:285)
	at com.kms.katalon.core.common.CommonExecutor.accessTestCaseMainPhase(CommonExecutor.java:65)
	at com.kms.katalon.core.main.TestSuiteExecutor.accessTestSuiteMainPhase(TestSuiteExecutor.java:148)
	at com.kms.katalon.core.main.TestSuiteExecutor.execute(TestSuiteExecutor.java:106)
	at com.kms.katalon.core.main.TestCaseMain.startTestSuite(TestCaseMain.java:187)
	at com.kms.katalon.core.main.TestCaseMain$startTestSuite$0.call(Unknown Source)
	at TempTestSuite1705202981112.run(TempTestSuite1705202981112.groovy:36)
Caused by: org.openqa.selenium.ElementNotInteractableException: element not interactable
  (Session info: chrome=120.0.6099.200)
Build info: version: '3.141.59', revision: 'e82be7d358', time: '2018-11-14T08:25:53'
System info: host: 'DESKTOP-B2QI6NS', ip: '172.31.253.139', os.name: 'Windows 10', os.arch: 'amd64', os.version: '10.0', java.version: '1.8.0_181'
Driver info: com.kms.katalon.selenium.driver.CChromeDriver
Capabilities {acceptInsecureCerts: true, browserName: chrome, browserVersion: 120.0.6099.200, chrome: {chromedriverVersion: 119.0.6045.105 (38c72552c5e..., userDataDir: C:\Users\imtiaz\AppData\Loc...}, fedcm:accounts: true, goog:chromeOptions: {debuggerAddress: localhost:58976}, javascriptEnabled: true, networkConnectionEnabled: false, pageLoadStrategy: normal, platform: WINDOWS, platformName: WINDOWS, proxy: Proxy(), setWindowRect: true, strictFileInteractability: false, timeouts: {implicit: 0, pageLoad: 300000, script: 30000}, unhandledPromptBehavior: dismiss and notify, webauthn:extension:credBlob: true, webauthn:extension:largeBlob: true, webauthn:extension:minPinLength: true, webauthn:extension:prf: true, webauthn:virtualAuthenticators: true}
Session ID: 35588857da4ddb32d934b2fc0fc565c0
	at org.openqa.selenium.remote.http.W3CHttpResponseCodec.createException(W3CHttpResponseCodec.java:187)
	at org.openqa.selenium.remote.http.W3CHttpResponseCodec.decode(W3CHttpResponseCodec.java:122)
	at org.openqa.selenium.remote.http.W3CHttpResponseCodec.decode(W3CHttpResponseCodec.java:49)
	at org.openqa.selenium.remote.HttpCommandExecutor.execute(HttpCommandExecutor.java:158)
	at org.openqa.selenium.remote.service.DriverCommandExecutor.execute(DriverCommandExecutor.java:83)
	at org.openqa.selenium.remote.RemoteWebDriver.execute(RemoteWebDriver.java:552)
	at com.kms.katalon.selenium.driver.CChromeDriver.execute(CChromeDriver.java:19)
	at org.openqa.selenium.remote.RemoteWebElement.execute(RemoteWebElement.java:285)
	at org.openqa.selenium.remote.RemoteWebElement.clear(RemoteWebElement.java:124)
	at org.openqa.selenium.support.events.EventFiringWebDriver$EventFiringWebElement.lambda$new$0(EventFiringWebDriver.java:404)
	at com.sun.proxy.$Proxy11.clear(Unknown Source)
	at org.openqa.selenium.support.events.EventFiringWebDriver$EventFiringWebElement.clear(EventFiringWebDriver.java:436)
	at com.kms.katalon.core.webui.keyword.builtin.SetEncryptedTextKeyword$_setEncryptedText_closure1.doCall(SetEncryptedTextKeyword.groovy:54)
	at com.kms.katalon.core.webui.keyword.builtin.SetEncryptedTextKeyword$_setEncryptedText_closure1.call(SetEncryptedTextKeyword.groovy)
	at com.kms.katalon.core.webui.keyword.internal.WebUIKeywordMain.runKeyword(WebUIKeywordMain.groovy:20)
	at com.kms.katalon.core.webui.keyword.builtin.SetEncryptedTextKeyword.setEncryptedText(SetEncryptedTextKeyword.groovy:65)
	at com.kms.katalon.core.webui.keyword.builtin.SetEncryptedTextKeyword.execute(SetEncryptedTextKeyword.groovy:34)
	at com.kms.katalon.core.keyword.internal.KeywordExecutor.executeKeywordForPlatform(KeywordExecutor.groovy:74)
	at com.kms.katalon.core.webui.keyword.WebUiBuiltInKeywords.setEncryptedText(WebUiBuiltInKeywords.groovy:1011)
	at com.kms.katalon.core.webui.keyword.WebUiBuiltInKeywords$setEncryptedText$4.call(Unknown Source)
	at Script1693447938304.run(Script1693447938304.groovy:128)
	... 13 more
)
	at com.kms.katalon.core.keyword.internal.KeywordMain.stepFailed(KeywordMain.groovy:39)
	at com.kms.katalon.core.webui.keyword.internal.WebUIKeywordMain.stepFailed(WebUIKeywordMain.groovy:64)
	at com.kms.katalon.core.webui.keyword.internal.WebUIKeywordMain.runKeyword(WebUIKeywordMain.groovy:26)
	at com.kms.katalon.core.webui.keyword.builtin.SetEncryptedTextKeyword.setEncryptedText(SetEncryptedTextKeyword.groovy:65)
	at com.kms.katalon.core.webui.keyword.builtin.SetEncryptedTextKeyword.execute(SetEncryptedTextKeyword.groovy:34)
	at com.kms.katalon.core.keyword.internal.KeywordExecutor.executeKeywordForPlatform(KeywordExecutor.groovy:74)
	at com.kms.katalon.core.webui.keyword.WebUiBuiltInKeywords.setEncryptedText(WebUiBuiltInKeywords.groovy:1011)
	at com.kms.katalon.core.webui.keyword.WebUiBuiltInKeywords$setEncryptedText$4.call(Unknown Source)
	at FEINmoreThan9Error-NEW.run(FEINmoreThan9Error-NEW:128)
	at com.kms.katalon.core.main.ScriptEngine.run(ScriptEngine.java:194)
	at com.kms.katalon.core.main.ScriptEngine.runScriptAsRawText(ScriptEngine.java:119)
	at com.kms.katalon.core.main.TestCaseExecutor.runScript(TestCaseExecutor.java:448)
	at com.kms.katalon.core.main.TestCaseExecutor.doExecute(TestCaseExecutor.java:439)
	at com.kms.katalon.core.main.TestCaseExecutor.processExecutionPhase(TestCaseExecutor.java:418)
	at com.kms.katalon.core.main.TestCaseExecutor.accessMainPhase(TestCaseExecutor.java:410)
	at com.kms.katalon.core.main.TestCaseExecutor.execute(TestCaseExecutor.java:285)
	at com.kms.katalon.core.common.CommonExecutor.accessTestCaseMainPhase(CommonExecutor.java:65)
	at com.kms.katalon.core.main.TestSuiteExecutor.accessTestSuiteMainPhase(TestSuiteExecutor.java:148)
	at com.kms.katalon.core.main.TestSuiteExecutor.execute(TestSuiteExecutor.java:106)
	at com.kms.katalon.core.main.TestCaseMain.startTestSuite(TestCaseMain.java:187)
	at com.kms.katalon.core.main.TestCaseMain$startTestSuite$0.call(Unknown Source)
	at TempTestSuite1705202981112.run(TempTestSuite1705202981112.groovy:36)
Caused by: com.kms.katalon.core.exception.StepFailedException: Unable to set encrypted text for object 'Object Repository/RAD_RecordAndPlay/input_Existing_FEIN'
	... 21 more
Caused by: org.openqa.selenium.ElementNotInteractableException: element not interactable
  (Session info: chrome=120.0.6099.200)
Build info: version: '3.141.59', revision: 'e82be7d358', time: '2018-11-14T08:25:53'
System info: host: 'DESKTOP-B2QI6NS', ip: '172.31.253.139', os.name: 'Windows 10', os.arch: 'amd64', os.version: '10.0', java.version: '1.8.0_181'
Driver info: com.kms.katalon.selenium.driver.CChromeDriver
Capabilities {acceptInsecureCerts: true, browserName: chrome, browserVersion: 120.0.6099.200, chrome: {chromedriverVersion: 119.0.6045.105 (38c72552c5e..., userDataDir: C:\Users\imtiaz\AppData\Loc...}, fedcm:accounts: true, goog:chromeOptions: {debuggerAddress: localhost:58976}, javascriptEnabled: true, networkConnectionEnabled: false, pageLoadStrategy: normal, platform: WINDOWS, platformName: WINDOWS, proxy: Proxy(), setWindowRect: true, strictFileInteractability: false, timeouts: {implicit: 0, pageLoad: 300000, script: 30000}, unhandledPromptBehavior: dismiss and notify, webauthn:extension:credBlob: true, webauthn:extension:largeBlob: true, webauthn:extension:minPinLength: true, webauthn:extension:prf: true, webauthn:virtualAuthenticators: true}
Session ID: 35588857da4ddb32d934b2fc0fc565c0
	at org.openqa.selenium.remote.http.W3CHttpResponseCodec.createException(W3CHttpResponseCodec.java:187)
	at org.openqa.selenium.remote.http.W3CHttpResponseCodec.decode(W3CHttpResponseCodec.java:122)
	at org.openqa.selenium.remote.http.W3CHttpResponseCodec.decode(W3CHttpResponseCodec.java:49)
	at org.openqa.selenium.remote.HttpCommandExecutor.execute(HttpCommandExecutor.java:158)
	at org.openqa.selenium.remote.service.DriverCommandExecutor.execute(DriverCommandExecutor.java:83)
	at org.openqa.selenium.remote.RemoteWebDriver.execute(RemoteWebDriver.java:552)
	at com.kms.katalon.selenium.driver.CChromeDriver.execute(CChromeDriver.java:19)
	at org.openqa.selenium.remote.RemoteWebElement.execute(RemoteWebElement.java:285)
	at org.openqa.selenium.remote.RemoteWebElement.clear(RemoteWebElement.java:124)
	at org.openqa.selenium.support.events.EventFiringWebDriver$EventFiringWebElement.lambda$new$0(EventFiringWebDriver.java:404)
	at com.sun.proxy.$Proxy11.clear(Unknown Source)
	at org.openqa.selenium.support.events.EventFiringWebDriver$EventFiringWebElement.clear(EventFiringWebDriver.java:436)
	at com.kms.katalon.core.webui.keyword.builtin.SetEncryptedTextKeyword$_setEncryptedText_closure1.doCall(SetEncryptedTextKeyword.groovy:54)
	at com.kms.katalon.core.webui.keyword.builtin.SetEncryptedTextKeyword$_setEncryptedText_closure1.call(SetEncryptedTextKeyword.groovy)
	at com.kms.katalon.core.webui.keyword.internal.WebUIKeywordMain.runKeyword(WebUIKeywordMain.groovy:20)
	... 19 more


2024-01-13 22:37:33 - [TEST_STEP][PASSED] - resText = "Fail": null

2024-01-13 22:37:33 - [TEST_STEP][PASSED] - resColumn = "Result": null

2024-01-13 22:37:33 - [TEST_STEP][PASSED] - datCloumn = "Date": null

2024-01-13 22:37:33 - [TEST_STEP][PASSED] - fileLoc = "KatalonData/RADTestData/FEINmoreThan9Error.xlsx": null

2024-01-13 22:37:33 - [TEST_STEP][PASSED] - nameSheet = "Sheet1": null

2024-01-13 22:37:33 - [TEST_STEP][PASSED] - dataFile = "RADTestData/FEINmoreThan9Error": null

2024-01-13 22:37:33 - [TEST_STEP][PASSED] - ExecuteTC = <not implemented yet for class: org.codehaus.groovy.ast.expr.EmptyExpression>: null

2024-01-13 22:37:33 - [TEST_STEP][PASSED] - Taxtype = <not implemented yet for class: org.codehaus.groovy.ast.expr.EmptyExpression>: null

2024-01-13 22:37:33 - [TEST_STEP][PASSED] - Paymenttype = <not implemented yet for class: org.codehaus.groovy.ast.expr.EmptyExpression>: null

2024-01-13 22:37:33 - [TEST_STEP][PASSED] - numOfRows = findTestData(dataFile).getRowNumbers(): null

2024-01-13 22:37:33 - [TEST_STEP][PASSED] - println("Number of Records: " + numOfRows): null

2024-01-13 22:37:33 - [TEST_STEP][FAILED] - for ([row = 1, row <= numOfRows, (row++)]): null

2024-01-13 22:37:33 - [TEST_STEP][PASSED] - ExecuteTC = findTestData(dataFile).getValue("Execute", row): null

2024-01-13 22:37:33 - [TEST_STEP][PASSED] - Taxtype = findTestData(dataFile).getValue("TaxType", row): null

2024-01-13 22:37:33 - [TEST_STEP][PASSED] - Paymenttype = findTestData(dataFile).getValue("PaymentType", row): null

2024-01-13 22:37:33 - [TEST_STEP][PASSED] - out.println("Value of Execute is : " + ExecuteTC): null

2024-01-13 22:37:33 - [TEST_STEP][PASSED] - if (ExecuteTC.equalsIgnoreCase("Y")): null

2024-01-13 22:37:33 - [TEST_STEP][PASSED] - out.println("Begin Record Number: " + row): null

2024-01-13 22:37:33 - [TEST_STEP][PASSED] - today = new java.util.Date(): null

2024-01-13 22:37:33 - [TEST_STEP][PASSED] - println(today): null

2024-01-13 22:37:33 - [TEST_STEP][PASSED] - datText = today: null

2024-01-13 22:37:33 - [TEST_STEP][PASSED] - Taxtype = findTestData(dataFile).getValue("TaxType", row): null

2024-01-13 22:37:34 - [TEST_STEP][PASSED] - out.println("Taxtype value is : " + Taxtype): null

2024-01-13 22:37:34 - [TEST_STEP][PASSED] - openBrowser(""): Browser is opened with url: ''

2024-01-13 22:37:34 - [MESSAGE][WARNING] - A browser is already opened. Closing browser and opening a new one

2024-01-13 22:37:35 - [MESSAGE][INFO] - Starting 'Chrome' driver

2024-01-13 22:37:35 - [MESSAGE][INFO] - User set preference: ['acceptInsecureCerts', 'true']

2024-01-13 22:37:35 - [MESSAGE][INFO] - Action delay is set to 0 milliseconds

2024-01-13 22:37:36 - [MESSAGE][PASSED] - Browser is opened with url: ''

2024-01-13 22:37:36 - [TEST_STEP][PASSED] - maximizeWindow(): Current window maximized

2024-01-13 22:37:36 - [MESSAGE][PASSED] - Current window maximized

2024-01-13 22:37:36 - [TEST_STEP][PASSED] - navigateToUrl(RADurl): Navigate to 'https://qa2.velocitypayment.com/client/rad/index.html' successfully

2024-01-13 22:37:38 - [MESSAGE][PASSED] - Navigate to 'https://qa2.velocitypayment.com/client/rad/index.html' successfully

2024-01-13 22:37:38 - [TEST_STEP][PASSED] - orPath_Landing = "Object Repository/RAD_Pages/Landing_Page": null

2024-01-13 22:37:38 - [TEST_STEP][PASSED] - orPath_TaxTypeFilingYear = "Object Repository/RAD_Pages/TaxTypeFilingYear_Page": null

2024-01-13 22:37:38 - [TEST_STEP][PASSED] - orPath_TaxPayer = "Object Repository/RAD_Pages/Taxpayer_Page": null

2024-01-13 22:37:38 - [TEST_STEP][PASSED] - orPath_AddressContact = "Object Repository/RAD_Pages/AddressAndContactInfo_Page": null

2024-01-13 22:37:38 - [TEST_STEP][PASSED] - orPath_FilingStatus = "Object Repository/RAD_Pages/FilingStatus_Page": null

2024-01-13 22:37:38 - [TEST_STEP][PASSED] - orPath_Amount = "Object Repository/RAD_Pages/PaymentAmount_Page": null

2024-01-13 22:37:38 - [TEST_STEP][PASSED] - orPath_TaxInfo = "Object Repository/RAD_Pages/TaxInfo_Page": null

2024-01-13 22:37:38 - [TEST_STEP][PASSED] - orPath_Withholding = "Object Repository/RAD_Pages/Withholding_Page": null

2024-01-13 22:37:38 - [TEST_STEP][PASSED] - orPath_Summary = "Object Repository/RAD_Pages/Summary_Page": null

2024-01-13 22:37:38 - [TEST_STEP][PASSED] - orPath_PaymentReady = "Object Repository/RAD_Pages/PaymentReady_Page": null

2024-01-13 22:37:38 - [TEST_STEP][PASSED] - orPath_PaymentEntry = "Object Repository/RAD_Pages/PaymentEntry_Page": null

2024-01-13 22:37:38 - [TEST_STEP][PASSED] - orPath_PaymentConfirmation = "Object Repository/RAD_Pages/PaymentConfirmation_Page": null

2024-01-13 22:37:38 - [TEST_STEP][PASSED] - orPath_ServiceFeesAccept = "Object Repository/RAD_Pages/ServiceFeeAccept_Page": null

2024-01-13 22:37:38 - [TEST_STEP][PASSED] - selectOptionByLabel(findTestObject(orPath_Landing + "/dd_TaxType"), Paymenttype, false): All options with label 'Existing Liability w/Notice Number' are selected in object 'Object Repository/RAD_Pages/Landing_Page/dd_TaxType' 

2024-01-13 22:37:38 - [MESSAGE][PASSED] - All options with label 'Existing Liability w/Notice Number' are selected in object 'Object Repository/RAD_Pages/Landing_Page/dd_TaxType' 

2024-01-13 22:37:38 - [TEST_STEP][PASSED] - delay(1): Delayed 1 second(s)

2024-01-13 22:37:39 - [MESSAGE][PASSED] - Delayed 1 second(s)

2024-01-13 22:37:39 - [TEST_STEP][PASSED] - switch (Paymenttype): null

2024-01-13 22:37:39 - [TEST_STEP][PASSED] - case "Existing Liability w/Notice Number":: null

2024-01-13 22:37:39 - [TEST_STEP][PASSED] - selectOptionByLabel(findTestObject(orPath_TaxTypeFilingYear + "/select_TaxType_ExistingLiability"), Taxtype, false): All options with label 'Bay Restoration Fee' are selected in object 'Object Repository/RAD_Pages/TaxTypeFilingYear_Page/select_TaxType_ExistingLiability' 

2024-01-13 22:37:40 - [MESSAGE][PASSED] - All options with label 'Bay Restoration Fee' are selected in object 'Object Repository/RAD_Pages/TaxTypeFilingYear_Page/select_TaxType_ExistingLiability' 

2024-01-13 22:37:40 - [TEST_STEP][PASSED] - break: null

2024-01-13 22:37:40 - [TEST_STEP][PASSED] - delay(1): Delayed 1 second(s)

2024-01-13 22:37:41 - [MESSAGE][PASSED] - Delayed 1 second(s)

2024-01-13 22:37:41 - [TEST_STEP][PASSED] - switch (Paymenttype): null

2024-01-13 22:37:41 - [TEST_STEP][PASSED] - case "Existing Liability w/Notice Number":: null

2024-01-13 22:37:41 - [TEST_STEP][PASSED] - setEncryptedText(findTestObject("Object Repository/RAD_RecordAndPlay/input_Existing_FEIN"), "RigbBhfdqOBDK95asqKeHw=="): Text ****** has been set on object 'Object Repository/RAD_RecordAndPlay/input_Existing_FEIN'

2024-01-13 22:37:42 - [MESSAGE][PASSED] - Text ****** has been set on object 'Object Repository/RAD_RecordAndPlay/input_Existing_FEIN'

2024-01-13 22:37:42 - [TEST_STEP][PASSED] - setEncryptedText(findTestObject("Object Repository/RAD_RecordAndPlay/input_Existing_RetypeFEIN"), ""): Text ****** has been set on object 'Object Repository/RAD_RecordAndPlay/input_Existing_RetypeFEIN'

2024-01-13 22:37:42 - [MESSAGE][PASSED] - Text ****** has been set on object 'Object Repository/RAD_RecordAndPlay/input_Existing_RetypeFEIN'

2024-01-13 22:37:42 - [TEST_STEP][PASSED] - break: null

2024-01-13 22:37:42 - [TEST_STEP][PASSED] - verifyTextPresent("Please enter a valid FEIN with 9 digits.", true): Text 'Please enter a valid FEIN with 9 digits.' is present on page  using regular expression

2024-01-13 22:37:43 - [MESSAGE][PASSED] - Text 'Please enter a valid FEIN with 9 digits.' is present on page  using regular expression

2024-01-13 22:37:43 - [TEST_STEP][PASSED] - if (verifyTextPresent("Please enter a valid FEIN with 9 digits.", true)): null

2024-01-13 22:37:43 - [MESSAGE][PASSED] - Text 'Please enter a valid FEIN with 9 digits.' is present on page  using regular expression

2024-01-13 22:37:43 - [TEST_STEP][PASSED] - println("Error Message is present on the page"): null

2024-01-13 22:37:43 - [TEST_STEP][PASSED] - out.println("Pass Record Number: " + row): null

2024-01-13 22:37:43 - [TEST_STEP][PASSED] - resText = "Pass": null

2024-01-13 22:37:43 - [TEST_STEP][PASSED] - pages.WriteExcel.demoKey(resText, datText, resColumn, datCloumn, fileLoc, nameSheet, row): pages.WriteExcel.demoKey is PASSED

2024-01-13 22:37:43 - [MESSAGE][PASSED] - pages.WriteExcel.demoKey is PASSED

2024-01-13 22:37:43 - [TEST_STEP][PASSED] - ExecuteTC = findTestData(dataFile).getValue("Execute", row): null

2024-01-13 22:37:43 - [TEST_STEP][PASSED] - Taxtype = findTestData(dataFile).getValue("TaxType", row): null

2024-01-13 22:37:43 - [TEST_STEP][PASSED] - Paymenttype = findTestData(dataFile).getValue("PaymentType", row): null

2024-01-13 22:37:43 - [TEST_STEP][PASSED] - out.println("Value of Execute is : " + ExecuteTC): null

2024-01-13 22:37:43 - [TEST_STEP][PASSED] - if (ExecuteTC.equalsIgnoreCase("Y")): null

2024-01-13 22:37:43 - [TEST_STEP][PASSED] - out.println("Begin Record Number: " + row): null

2024-01-13 22:37:43 - [TEST_STEP][PASSED] - today = new java.util.Date(): null

2024-01-13 22:37:43 - [TEST_STEP][PASSED] - println(today): null

2024-01-13 22:37:43 - [TEST_STEP][PASSED] - datText = today: null

2024-01-13 22:37:43 - [TEST_STEP][PASSED] - Taxtype = findTestData(dataFile).getValue("TaxType", row): null

2024-01-13 22:37:43 - [TEST_STEP][PASSED] - out.println("Taxtype value is : " + Taxtype): null

2024-01-13 22:37:43 - [TEST_STEP][PASSED] - openBrowser(""): Browser is opened with url: ''

2024-01-13 22:37:43 - [MESSAGE][WARNING] - A browser is already opened. Closing browser and opening a new one

2024-01-13 22:37:44 - [MESSAGE][INFO] - Starting 'Chrome' driver

2024-01-13 22:37:44 - [MESSAGE][INFO] - User set preference: ['acceptInsecureCerts', 'true']

2024-01-13 22:37:44 - [MESSAGE][INFO] - Action delay is set to 0 milliseconds

2024-01-13 22:37:46 - [MESSAGE][PASSED] - Browser is opened with url: ''

2024-01-13 22:37:46 - [TEST_STEP][PASSED] - maximizeWindow(): Current window maximized

2024-01-13 22:37:46 - [MESSAGE][PASSED] - Current window maximized

2024-01-13 22:37:46 - [TEST_STEP][PASSED] - navigateToUrl(RADurl): Navigate to 'https://qa2.velocitypayment.com/client/rad/index.html' successfully

2024-01-13 22:37:47 - [MESSAGE][PASSED] - Navigate to 'https://qa2.velocitypayment.com/client/rad/index.html' successfully

2024-01-13 22:37:47 - [TEST_STEP][PASSED] - orPath_Landing = "Object Repository/RAD_Pages/Landing_Page": null

2024-01-13 22:37:47 - [TEST_STEP][PASSED] - orPath_TaxTypeFilingYear = "Object Repository/RAD_Pages/TaxTypeFilingYear_Page": null

2024-01-13 22:37:47 - [TEST_STEP][PASSED] - orPath_TaxPayer = "Object Repository/RAD_Pages/Taxpayer_Page": null

2024-01-13 22:37:47 - [TEST_STEP][PASSED] - orPath_AddressContact = "Object Repository/RAD_Pages/AddressAndContactInfo_Page": null

2024-01-13 22:37:47 - [TEST_STEP][PASSED] - orPath_FilingStatus = "Object Repository/RAD_Pages/FilingStatus_Page": null

2024-01-13 22:37:47 - [TEST_STEP][PASSED] - orPath_Amount = "Object Repository/RAD_Pages/PaymentAmount_Page": null

2024-01-13 22:37:47 - [TEST_STEP][PASSED] - orPath_TaxInfo = "Object Repository/RAD_Pages/TaxInfo_Page": null

2024-01-13 22:37:47 - [TEST_STEP][PASSED] - orPath_Withholding = "Object Repository/RAD_Pages/Withholding_Page": null

2024-01-13 22:37:47 - [TEST_STEP][PASSED] - orPath_Summary = "Object Repository/RAD_Pages/Summary_Page": null

2024-01-13 22:37:47 - [TEST_STEP][PASSED] - orPath_PaymentReady = "Object Repository/RAD_Pages/PaymentReady_Page": null

2024-01-13 22:37:47 - [TEST_STEP][PASSED] - orPath_PaymentEntry = "Object Repository/RAD_Pages/PaymentEntry_Page": null

2024-01-13 22:37:47 - [TEST_STEP][PASSED] - orPath_PaymentConfirmation = "Object Repository/RAD_Pages/PaymentConfirmation_Page": null

2024-01-13 22:37:47 - [TEST_STEP][PASSED] - orPath_ServiceFeesAccept = "Object Repository/RAD_Pages/ServiceFeeAccept_Page": null

2024-01-13 22:37:47 - [TEST_STEP][PASSED] - selectOptionByLabel(findTestObject(orPath_Landing + "/dd_TaxType"), Paymenttype, false): All options with label 'Existing Liability w/Notice Number' are selected in object 'Object Repository/RAD_Pages/Landing_Page/dd_TaxType' 

2024-01-13 22:37:48 - [MESSAGE][PASSED] - All options with label 'Existing Liability w/Notice Number' are selected in object 'Object Repository/RAD_Pages/Landing_Page/dd_TaxType' 

2024-01-13 22:37:48 - [TEST_STEP][PASSED] - delay(1): Delayed 1 second(s)

2024-01-13 22:37:49 - [MESSAGE][PASSED] - Delayed 1 second(s)

2024-01-13 22:37:49 - [TEST_STEP][PASSED] - switch (Paymenttype): null

2024-01-13 22:37:49 - [TEST_STEP][PASSED] - case "Existing Liability w/Notice Number":: null

2024-01-13 22:37:49 - [TEST_STEP][PASSED] - selectOptionByLabel(findTestObject(orPath_TaxTypeFilingYear + "/select_TaxType_ExistingLiability"), Taxtype, false): All options with label 'Corporate Income Tax' are selected in object 'Object Repository/RAD_Pages/TaxTypeFilingYear_Page/select_TaxType_ExistingLiability' 

2024-01-13 22:37:50 - [MESSAGE][PASSED] - All options with label 'Corporate Income Tax' are selected in object 'Object Repository/RAD_Pages/TaxTypeFilingYear_Page/select_TaxType_ExistingLiability' 

2024-01-13 22:37:50 - [TEST_STEP][PASSED] - break: null

2024-01-13 22:37:50 - [TEST_STEP][PASSED] - delay(1): Delayed 1 second(s)

2024-01-13 22:37:51 - [MESSAGE][PASSED] - Delayed 1 second(s)

2024-01-13 22:37:51 - [TEST_STEP][PASSED] - switch (Paymenttype): null

2024-01-13 22:37:51 - [TEST_STEP][PASSED] - case "Existing Liability w/Notice Number":: null

2024-01-13 22:37:51 - [TEST_STEP][PASSED] - setEncryptedText(findTestObject("Object Repository/RAD_RecordAndPlay/input_Existing_FEIN"), "RigbBhfdqOBDK95asqKeHw=="): Text ****** has been set on object 'Object Repository/RAD_RecordAndPlay/input_Existing_FEIN'

2024-01-13 22:37:51 - [MESSAGE][PASSED] - Text ****** has been set on object 'Object Repository/RAD_RecordAndPlay/input_Existing_FEIN'

2024-01-13 22:37:51 - [TEST_STEP][PASSED] - setEncryptedText(findTestObject("Object Repository/RAD_RecordAndPlay/input_Existing_RetypeFEIN"), ""): Text ****** has been set on object 'Object Repository/RAD_RecordAndPlay/input_Existing_RetypeFEIN'

2024-01-13 22:37:52 - [MESSAGE][PASSED] - Text ****** has been set on object 'Object Repository/RAD_RecordAndPlay/input_Existing_RetypeFEIN'

2024-01-13 22:37:52 - [TEST_STEP][PASSED] - break: null

2024-01-13 22:37:52 - [TEST_STEP][PASSED] - verifyTextPresent("Please enter a valid FEIN with 9 digits.", true): Text 'Please enter a valid FEIN with 9 digits.' is present on page  using regular expression

2024-01-13 22:37:52 - [MESSAGE][PASSED] - Text 'Please enter a valid FEIN with 9 digits.' is present on page  using regular expression

2024-01-13 22:37:52 - [TEST_STEP][PASSED] - if (verifyTextPresent("Please enter a valid FEIN with 9 digits.", true)): null

2024-01-13 22:37:53 - [MESSAGE][PASSED] - Text 'Please enter a valid FEIN with 9 digits.' is present on page  using regular expression

2024-01-13 22:37:53 - [TEST_STEP][PASSED] - println("Error Message is present on the page"): null

2024-01-13 22:37:53 - [TEST_STEP][PASSED] - out.println("Pass Record Number: " + row): null

2024-01-13 22:37:53 - [TEST_STEP][PASSED] - resText = "Pass": null

2024-01-13 22:37:53 - [TEST_STEP][PASSED] - pages.WriteExcel.demoKey(resText, datText, resColumn, datCloumn, fileLoc, nameSheet, row): pages.WriteExcel.demoKey is PASSED

2024-01-13 22:37:53 - [MESSAGE][PASSED] - pages.WriteExcel.demoKey is PASSED

2024-01-13 22:37:53 - [TEST_STEP][PASSED] - ExecuteTC = findTestData(dataFile).getValue("Execute", row): null

2024-01-13 22:37:53 - [TEST_STEP][PASSED] - Taxtype = findTestData(dataFile).getValue("TaxType", row): null

2024-01-13 22:37:53 - [TEST_STEP][PASSED] - Paymenttype = findTestData(dataFile).getValue("PaymentType", row): null

2024-01-13 22:37:53 - [TEST_STEP][PASSED] - out.println("Value of Execute is : " + ExecuteTC): null

2024-01-13 22:37:53 - [TEST_STEP][PASSED] - if (ExecuteTC.equalsIgnoreCase("Y")): null

2024-01-13 22:37:53 - [TEST_STEP][PASSED] - out.println("Begin Record Number: " + row): null

2024-01-13 22:37:53 - [TEST_STEP][PASSED] - today = new java.util.Date(): null

2024-01-13 22:37:53 - [TEST_STEP][PASSED] - println(today): null

2024-01-13 22:37:53 - [TEST_STEP][PASSED] - datText = today: null

2024-01-13 22:37:53 - [TEST_STEP][PASSED] - Taxtype = findTestData(dataFile).getValue("TaxType", row): null

2024-01-13 22:37:53 - [TEST_STEP][PASSED] - out.println("Taxtype value is : " + Taxtype): null

2024-01-13 22:37:53 - [TEST_STEP][PASSED] - openBrowser(""): Browser is opened with url: ''

2024-01-13 22:37:53 - [MESSAGE][WARNING] - A browser is already opened. Closing browser and opening a new one

2024-01-13 22:37:54 - [MESSAGE][INFO] - Starting 'Chrome' driver

2024-01-13 22:37:54 - [MESSAGE][INFO] - User set preference: ['acceptInsecureCerts', 'true']

2024-01-13 22:37:54 - [MESSAGE][INFO] - Action delay is set to 0 milliseconds

2024-01-13 22:37:56 - [MESSAGE][PASSED] - Browser is opened with url: ''

2024-01-13 22:37:56 - [TEST_STEP][PASSED] - maximizeWindow(): Current window maximized

2024-01-13 22:37:56 - [MESSAGE][PASSED] - Current window maximized

2024-01-13 22:37:56 - [TEST_STEP][PASSED] - navigateToUrl(RADurl): Navigate to 'https://qa2.velocitypayment.com/client/rad/index.html' successfully

2024-01-13 22:37:57 - [MESSAGE][PASSED] - Navigate to 'https://qa2.velocitypayment.com/client/rad/index.html' successfully

2024-01-13 22:37:57 - [TEST_STEP][PASSED] - orPath_Landing = "Object Repository/RAD_Pages/Landing_Page": null

2024-01-13 22:37:57 - [TEST_STEP][PASSED] - orPath_TaxTypeFilingYear = "Object Repository/RAD_Pages/TaxTypeFilingYear_Page": null

2024-01-13 22:37:57 - [TEST_STEP][PASSED] - orPath_TaxPayer = "Object Repository/RAD_Pages/Taxpayer_Page": null

2024-01-13 22:37:57 - [TEST_STEP][PASSED] - orPath_AddressContact = "Object Repository/RAD_Pages/AddressAndContactInfo_Page": null

2024-01-13 22:37:57 - [TEST_STEP][PASSED] - orPath_FilingStatus = "Object Repository/RAD_Pages/FilingStatus_Page": null

2024-01-13 22:37:57 - [TEST_STEP][PASSED] - orPath_Amount = "Object Repository/RAD_Pages/PaymentAmount_Page": null

2024-01-13 22:37:57 - [TEST_STEP][PASSED] - orPath_TaxInfo = "Object Repository/RAD_Pages/TaxInfo_Page": null

2024-01-13 22:37:57 - [TEST_STEP][PASSED] - orPath_Withholding = "Object Repository/RAD_Pages/Withholding_Page": null

2024-01-13 22:37:57 - [TEST_STEP][PASSED] - orPath_Summary = "Object Repository/RAD_Pages/Summary_Page": null

2024-01-13 22:37:57 - [TEST_STEP][PASSED] - orPath_PaymentReady = "Object Repository/RAD_Pages/PaymentReady_Page": null

2024-01-13 22:37:57 - [TEST_STEP][PASSED] - orPath_PaymentEntry = "Object Repository/RAD_Pages/PaymentEntry_Page": null

2024-01-13 22:37:57 - [TEST_STEP][PASSED] - orPath_PaymentConfirmation = "Object Repository/RAD_Pages/PaymentConfirmation_Page": null

2024-01-13 22:37:57 - [TEST_STEP][PASSED] - orPath_ServiceFeesAccept = "Object Repository/RAD_Pages/ServiceFeeAccept_Page": null

2024-01-13 22:37:57 - [TEST_STEP][PASSED] - selectOptionByLabel(findTestObject(orPath_Landing + "/dd_TaxType"), Paymenttype, false): All options with label 'Existing Liability w/Notice Number' are selected in object 'Object Repository/RAD_Pages/Landing_Page/dd_TaxType' 

2024-01-13 22:37:58 - [MESSAGE][PASSED] - All options with label 'Existing Liability w/Notice Number' are selected in object 'Object Repository/RAD_Pages/Landing_Page/dd_TaxType' 

2024-01-13 22:37:58 - [TEST_STEP][PASSED] - delay(1): Delayed 1 second(s)

2024-01-13 22:37:59 - [MESSAGE][PASSED] - Delayed 1 second(s)

2024-01-13 22:37:59 - [TEST_STEP][PASSED] - switch (Paymenttype): null

2024-01-13 22:37:59 - [TEST_STEP][PASSED] - case "Existing Liability w/Notice Number":: null

2024-01-13 22:37:59 - [TEST_STEP][PASSED] - selectOptionByLabel(findTestObject(orPath_TaxTypeFilingYear + "/select_TaxType_ExistingLiability"), Taxtype, false): All options with label 'Fiduciary Tax' are selected in object 'Object Repository/RAD_Pages/TaxTypeFilingYear_Page/select_TaxType_ExistingLiability' 

2024-01-13 22:37:59 - [MESSAGE][PASSED] - All options with label 'Fiduciary Tax' are selected in object 'Object Repository/RAD_Pages/TaxTypeFilingYear_Page/select_TaxType_ExistingLiability' 

2024-01-13 22:37:59 - [TEST_STEP][PASSED] - break: null

2024-01-13 22:37:59 - [TEST_STEP][PASSED] - delay(1): Delayed 1 second(s)

2024-01-13 22:38:00 - [MESSAGE][PASSED] - Delayed 1 second(s)

2024-01-13 22:38:00 - [TEST_STEP][PASSED] - switch (Paymenttype): null

2024-01-13 22:38:00 - [TEST_STEP][PASSED] - case "Existing Liability w/Notice Number":: null

2024-01-13 22:38:00 - [TEST_STEP][PASSED] - setEncryptedText(findTestObject("Object Repository/RAD_RecordAndPlay/input_Existing_FEIN"), "RigbBhfdqOBDK95asqKeHw=="): Text ****** has been set on object 'Object Repository/RAD_RecordAndPlay/input_Existing_FEIN'

2024-01-13 22:38:01 - [MESSAGE][PASSED] - Text ****** has been set on object 'Object Repository/RAD_RecordAndPlay/input_Existing_FEIN'

2024-01-13 22:38:01 - [TEST_STEP][PASSED] - setEncryptedText(findTestObject("Object Repository/RAD_RecordAndPlay/input_Existing_RetypeFEIN"), ""): Text ****** has been set on object 'Object Repository/RAD_RecordAndPlay/input_Existing_RetypeFEIN'

2024-01-13 22:38:01 - [MESSAGE][PASSED] - Text ****** has been set on object 'Object Repository/RAD_RecordAndPlay/input_Existing_RetypeFEIN'

2024-01-13 22:38:02 - [TEST_STEP][PASSED] - break: null

2024-01-13 22:38:02 - [TEST_STEP][PASSED] - verifyTextPresent("Please enter a valid FEIN with 9 digits.", true): Text 'Please enter a valid FEIN with 9 digits.' is present on page  using regular expression

2024-01-13 22:38:02 - [MESSAGE][PASSED] - Text 'Please enter a valid FEIN with 9 digits.' is present on page  using regular expression

2024-01-13 22:38:02 - [TEST_STEP][PASSED] - if (verifyTextPresent("Please enter a valid FEIN with 9 digits.", true)): null

2024-01-13 22:38:03 - [MESSAGE][PASSED] - Text 'Please enter a valid FEIN with 9 digits.' is present on page  using regular expression

2024-01-13 22:38:03 - [TEST_STEP][PASSED] - println("Error Message is present on the page"): null

2024-01-13 22:38:03 - [TEST_STEP][PASSED] - out.println("Pass Record Number: " + row): null

2024-01-13 22:38:03 - [TEST_STEP][PASSED] - resText = "Pass": null

2024-01-13 22:38:03 - [TEST_STEP][PASSED] - pages.WriteExcel.demoKey(resText, datText, resColumn, datCloumn, fileLoc, nameSheet, row): pages.WriteExcel.demoKey is PASSED

2024-01-13 22:38:03 - [MESSAGE][PASSED] - pages.WriteExcel.demoKey is PASSED

2024-01-13 22:38:03 - [TEST_STEP][PASSED] - ExecuteTC = findTestData(dataFile).getValue("Execute", row): null

2024-01-13 22:38:03 - [TEST_STEP][PASSED] - Taxtype = findTestData(dataFile).getValue("TaxType", row): null

2024-01-13 22:38:03 - [TEST_STEP][PASSED] - Paymenttype = findTestData(dataFile).getValue("PaymentType", row): null

2024-01-13 22:38:03 - [TEST_STEP][PASSED] - out.println("Value of Execute is : " + ExecuteTC): null

2024-01-13 22:38:03 - [TEST_STEP][PASSED] - if (ExecuteTC.equalsIgnoreCase("Y")): null

2024-01-13 22:38:03 - [TEST_STEP][PASSED] - out.println("Begin Record Number: " + row): null

2024-01-13 22:38:03 - [TEST_STEP][PASSED] - today = new java.util.Date(): null

2024-01-13 22:38:03 - [TEST_STEP][PASSED] - println(today): null

2024-01-13 22:38:03 - [TEST_STEP][PASSED] - datText = today: null

2024-01-13 22:38:03 - [TEST_STEP][PASSED] - Taxtype = findTestData(dataFile).getValue("TaxType", row): null

2024-01-13 22:38:03 - [TEST_STEP][PASSED] - out.println("Taxtype value is : " + Taxtype): null

2024-01-13 22:38:03 - [TEST_STEP][PASSED] - openBrowser(""): Browser is opened with url: ''

2024-01-13 22:38:03 - [MESSAGE][WARNING] - A browser is already opened. Closing browser and opening a new one

2024-01-13 22:38:04 - [MESSAGE][INFO] - Starting 'Chrome' driver

2024-01-13 22:38:04 - [MESSAGE][INFO] - User set preference: ['acceptInsecureCerts', 'true']

2024-01-13 22:38:04 - [MESSAGE][INFO] - Action delay is set to 0 milliseconds

2024-01-13 22:38:05 - [MESSAGE][PASSED] - Browser is opened with url: ''

2024-01-13 22:38:05 - [TEST_STEP][PASSED] - maximizeWindow(): Current window maximized

2024-01-13 22:38:05 - [MESSAGE][PASSED] - Current window maximized

2024-01-13 22:38:05 - [TEST_STEP][PASSED] - navigateToUrl(RADurl): Navigate to 'https://qa2.velocitypayment.com/client/rad/index.html' successfully

2024-01-13 22:38:06 - [MESSAGE][PASSED] - Navigate to 'https://qa2.velocitypayment.com/client/rad/index.html' successfully

2024-01-13 22:38:06 - [TEST_STEP][PASSED] - orPath_Landing = "Object Repository/RAD_Pages/Landing_Page": null

2024-01-13 22:38:06 - [TEST_STEP][PASSED] - orPath_TaxTypeFilingYear = "Object Repository/RAD_Pages/TaxTypeFilingYear_Page": null

2024-01-13 22:38:06 - [TEST_STEP][PASSED] - orPath_TaxPayer = "Object Repository/RAD_Pages/Taxpayer_Page": null

2024-01-13 22:38:06 - [TEST_STEP][PASSED] - orPath_AddressContact = "Object Repository/RAD_Pages/AddressAndContactInfo_Page": null

2024-01-13 22:38:06 - [TEST_STEP][PASSED] - orPath_FilingStatus = "Object Repository/RAD_Pages/FilingStatus_Page": null

2024-01-13 22:38:06 - [TEST_STEP][PASSED] - orPath_Amount = "Object Repository/RAD_Pages/PaymentAmount_Page": null

2024-01-13 22:38:06 - [TEST_STEP][PASSED] - orPath_TaxInfo = "Object Repository/RAD_Pages/TaxInfo_Page": null

2024-01-13 22:38:06 - [TEST_STEP][PASSED] - orPath_Withholding = "Object Repository/RAD_Pages/Withholding_Page": null

2024-01-13 22:38:06 - [TEST_STEP][PASSED] - orPath_Summary = "Object Repository/RAD_Pages/Summary_Page": null

2024-01-13 22:38:06 - [TEST_STEP][PASSED] - orPath_PaymentReady = "Object Repository/RAD_Pages/PaymentReady_Page": null

2024-01-13 22:38:06 - [TEST_STEP][PASSED] - orPath_PaymentEntry = "Object Repository/RAD_Pages/PaymentEntry_Page": null

2024-01-13 22:38:06 - [TEST_STEP][PASSED] - orPath_PaymentConfirmation = "Object Repository/RAD_Pages/PaymentConfirmation_Page": null

2024-01-13 22:38:06 - [TEST_STEP][PASSED] - orPath_ServiceFeesAccept = "Object Repository/RAD_Pages/ServiceFeeAccept_Page": null

2024-01-13 22:38:06 - [TEST_STEP][PASSED] - selectOptionByLabel(findTestObject(orPath_Landing + "/dd_TaxType"), Paymenttype, false): All options with label 'Existing Liability w/Notice Number' are selected in object 'Object Repository/RAD_Pages/Landing_Page/dd_TaxType' 

2024-01-13 22:38:07 - [MESSAGE][PASSED] - All options with label 'Existing Liability w/Notice Number' are selected in object 'Object Repository/RAD_Pages/Landing_Page/dd_TaxType' 

2024-01-13 22:38:07 - [TEST_STEP][PASSED] - delay(1): Delayed 1 second(s)

2024-01-13 22:38:08 - [MESSAGE][PASSED] - Delayed 1 second(s)

2024-01-13 22:38:08 - [TEST_STEP][PASSED] - switch (Paymenttype): null

2024-01-13 22:38:08 - [TEST_STEP][PASSED] - case "Existing Liability w/Notice Number":: null

2024-01-13 22:38:08 - [TEST_STEP][PASSED] - selectOptionByLabel(findTestObject(orPath_TaxTypeFilingYear + "/select_TaxType_ExistingLiability"), Taxtype, false): All options with label 'Sales & Use Tax' are selected in object 'Object Repository/RAD_Pages/TaxTypeFilingYear_Page/select_TaxType_ExistingLiability' 

2024-01-13 22:38:09 - [MESSAGE][PASSED] - All options with label 'Sales & Use Tax' are selected in object 'Object Repository/RAD_Pages/TaxTypeFilingYear_Page/select_TaxType_ExistingLiability' 

2024-01-13 22:38:09 - [TEST_STEP][PASSED] - break: null

2024-01-13 22:38:09 - [TEST_STEP][PASSED] - delay(1): Delayed 1 second(s)

2024-01-13 22:38:10 - [MESSAGE][PASSED] - Delayed 1 second(s)

2024-01-13 22:38:10 - [TEST_STEP][PASSED] - switch (Paymenttype): null

2024-01-13 22:38:10 - [TEST_STEP][PASSED] - case "Existing Liability w/Notice Number":: null

2024-01-13 22:38:10 - [TEST_STEP][PASSED] - setEncryptedText(findTestObject("Object Repository/RAD_RecordAndPlay/input_Existing_FEIN"), "RigbBhfdqOBDK95asqKeHw=="): Text ****** has been set on object 'Object Repository/RAD_RecordAndPlay/input_Existing_FEIN'

2024-01-13 22:38:10 - [MESSAGE][PASSED] - Text ****** has been set on object 'Object Repository/RAD_RecordAndPlay/input_Existing_FEIN'

2024-01-13 22:38:10 - [TEST_STEP][PASSED] - setEncryptedText(findTestObject("Object Repository/RAD_RecordAndPlay/input_Existing_RetypeFEIN"), ""): Text ****** has been set on object 'Object Repository/RAD_RecordAndPlay/input_Existing_RetypeFEIN'

2024-01-13 22:38:11 - [MESSAGE][PASSED] - Text ****** has been set on object 'Object Repository/RAD_RecordAndPlay/input_Existing_RetypeFEIN'

2024-01-13 22:38:11 - [TEST_STEP][PASSED] - break: null

2024-01-13 22:38:11 - [TEST_STEP][PASSED] - verifyTextPresent("Please enter a valid FEIN with 9 digits.", true): Text 'Please enter a valid FEIN with 9 digits.' is present on page  using regular expression

2024-01-13 22:38:12 - [MESSAGE][PASSED] - Text 'Please enter a valid FEIN with 9 digits.' is present on page  using regular expression

2024-01-13 22:38:12 - [TEST_STEP][PASSED] - if (verifyTextPresent("Please enter a valid FEIN with 9 digits.", true)): null

2024-01-13 22:38:12 - [MESSAGE][PASSED] - Text 'Please enter a valid FEIN with 9 digits.' is present on page  using regular expression

2024-01-13 22:38:12 - [TEST_STEP][PASSED] - println("Error Message is present on the page"): null

2024-01-13 22:38:12 - [TEST_STEP][PASSED] - out.println("Pass Record Number: " + row): null

2024-01-13 22:38:12 - [TEST_STEP][PASSED] - resText = "Pass": null

2024-01-13 22:38:12 - [TEST_STEP][PASSED] - pages.WriteExcel.demoKey(resText, datText, resColumn, datCloumn, fileLoc, nameSheet, row): pages.WriteExcel.demoKey is PASSED

2024-01-13 22:38:12 - [MESSAGE][PASSED] - pages.WriteExcel.demoKey is PASSED

2024-01-13 22:38:12 - [TEST_STEP][PASSED] - ExecuteTC = findTestData(dataFile).getValue("Execute", row): null

2024-01-13 22:38:12 - [TEST_STEP][PASSED] - Taxtype = findTestData(dataFile).getValue("TaxType", row): null

2024-01-13 22:38:12 - [TEST_STEP][PASSED] - Paymenttype = findTestData(dataFile).getValue("PaymentType", row): null

2024-01-13 22:38:12 - [TEST_STEP][PASSED] - out.println("Value of Execute is : " + ExecuteTC): null

2024-01-13 22:38:12 - [TEST_STEP][PASSED] - if (ExecuteTC.equalsIgnoreCase("Y")): null

2024-01-13 22:38:12 - [TEST_STEP][PASSED] - out.println("Begin Record Number: " + row): null

2024-01-13 22:38:12 - [TEST_STEP][PASSED] - today = new java.util.Date(): null

2024-01-13 22:38:12 - [TEST_STEP][PASSED] - println(today): null

2024-01-13 22:38:12 - [TEST_STEP][PASSED] - datText = today: null

2024-01-13 22:38:12 - [TEST_STEP][PASSED] - Taxtype = findTestData(dataFile).getValue("TaxType", row): null

2024-01-13 22:38:12 - [TEST_STEP][PASSED] - out.println("Taxtype value is : " + Taxtype): null

2024-01-13 22:38:12 - [TEST_STEP][PASSED] - openBrowser(""): Browser is opened with url: ''

2024-01-13 22:38:12 - [MESSAGE][WARNING] - A browser is already opened. Closing browser and opening a new one

2024-01-13 22:38:13 - [MESSAGE][INFO] - Starting 'Chrome' driver

2024-01-13 22:38:13 - [MESSAGE][INFO] - User set preference: ['acceptInsecureCerts', 'true']

2024-01-13 22:38:13 - [MESSAGE][INFO] - Action delay is set to 0 milliseconds

2024-01-13 22:38:15 - [MESSAGE][PASSED] - Browser is opened with url: ''

2024-01-13 22:38:15 - [TEST_STEP][PASSED] - maximizeWindow(): Current window maximized

2024-01-13 22:38:15 - [MESSAGE][PASSED] - Current window maximized

2024-01-13 22:38:15 - [TEST_STEP][PASSED] - navigateToUrl(RADurl): Navigate to 'https://qa2.velocitypayment.com/client/rad/index.html' successfully

2024-01-13 22:38:16 - [MESSAGE][PASSED] - Navigate to 'https://qa2.velocitypayment.com/client/rad/index.html' successfully

2024-01-13 22:38:16 - [TEST_STEP][PASSED] - orPath_Landing = "Object Repository/RAD_Pages/Landing_Page": null

2024-01-13 22:38:16 - [TEST_STEP][PASSED] - orPath_TaxTypeFilingYear = "Object Repository/RAD_Pages/TaxTypeFilingYear_Page": null

2024-01-13 22:38:16 - [TEST_STEP][PASSED] - orPath_TaxPayer = "Object Repository/RAD_Pages/Taxpayer_Page": null

2024-01-13 22:38:16 - [TEST_STEP][PASSED] - orPath_AddressContact = "Object Repository/RAD_Pages/AddressAndContactInfo_Page": null

2024-01-13 22:38:16 - [TEST_STEP][PASSED] - orPath_FilingStatus = "Object Repository/RAD_Pages/FilingStatus_Page": null

2024-01-13 22:38:16 - [TEST_STEP][PASSED] - orPath_Amount = "Object Repository/RAD_Pages/PaymentAmount_Page": null

2024-01-13 22:38:16 - [TEST_STEP][PASSED] - orPath_TaxInfo = "Object Repository/RAD_Pages/TaxInfo_Page": null

2024-01-13 22:38:16 - [TEST_STEP][PASSED] - orPath_Withholding = "Object Repository/RAD_Pages/Withholding_Page": null

2024-01-13 22:38:16 - [TEST_STEP][PASSED] - orPath_Summary = "Object Repository/RAD_Pages/Summary_Page": null

2024-01-13 22:38:16 - [TEST_STEP][PASSED] - orPath_PaymentReady = "Object Repository/RAD_Pages/PaymentReady_Page": null

2024-01-13 22:38:16 - [TEST_STEP][PASSED] - orPath_PaymentEntry = "Object Repository/RAD_Pages/PaymentEntry_Page": null

2024-01-13 22:38:16 - [TEST_STEP][PASSED] - orPath_PaymentConfirmation = "Object Repository/RAD_Pages/PaymentConfirmation_Page": null

2024-01-13 22:38:16 - [TEST_STEP][PASSED] - orPath_ServiceFeesAccept = "Object Repository/RAD_Pages/ServiceFeeAccept_Page": null

2024-01-13 22:38:16 - [TEST_STEP][PASSED] - selectOptionByLabel(findTestObject(orPath_Landing + "/dd_TaxType"), Paymenttype, false): All options with label 'Existing Liability w/Notice Number' are selected in object 'Object Repository/RAD_Pages/Landing_Page/dd_TaxType' 

2024-01-13 22:38:17 - [MESSAGE][PASSED] - All options with label 'Existing Liability w/Notice Number' are selected in object 'Object Repository/RAD_Pages/Landing_Page/dd_TaxType' 

2024-01-13 22:38:17 - [TEST_STEP][PASSED] - delay(1): Delayed 1 second(s)

2024-01-13 22:38:18 - [MESSAGE][PASSED] - Delayed 1 second(s)

2024-01-13 22:38:18 - [TEST_STEP][PASSED] - switch (Paymenttype): null

2024-01-13 22:38:18 - [TEST_STEP][PASSED] - case "Existing Liability w/Notice Number":: null

2024-01-13 22:38:18 - [TEST_STEP][PASSED] - selectOptionByLabel(findTestObject(orPath_TaxTypeFilingYear + "/select_TaxType_ExistingLiability"), Taxtype, false): All options with label 'Tire Recycling Fee' are selected in object 'Object Repository/RAD_Pages/TaxTypeFilingYear_Page/select_TaxType_ExistingLiability' 

2024-01-13 22:38:19 - [MESSAGE][PASSED] - All options with label 'Tire Recycling Fee' are selected in object 'Object Repository/RAD_Pages/TaxTypeFilingYear_Page/select_TaxType_ExistingLiability' 

2024-01-13 22:38:19 - [TEST_STEP][PASSED] - break: null

2024-01-13 22:38:19 - [TEST_STEP][PASSED] - delay(1): Delayed 1 second(s)

2024-01-13 22:38:20 - [MESSAGE][PASSED] - Delayed 1 second(s)

2024-01-13 22:38:20 - [TEST_STEP][PASSED] - switch (Paymenttype): null

2024-01-13 22:38:20 - [TEST_STEP][PASSED] - case "Existing Liability w/Notice Number":: null

2024-01-13 22:38:20 - [TEST_STEP][PASSED] - setEncryptedText(findTestObject("Object Repository/RAD_RecordAndPlay/input_Existing_FEIN"), "RigbBhfdqOBDK95asqKeHw=="): Text ****** has been set on object 'Object Repository/RAD_RecordAndPlay/input_Existing_FEIN'

2024-01-13 22:38:20 - [MESSAGE][PASSED] - Text ****** has been set on object 'Object Repository/RAD_RecordAndPlay/input_Existing_FEIN'

2024-01-13 22:38:20 - [TEST_STEP][PASSED] - setEncryptedText(findTestObject("Object Repository/RAD_RecordAndPlay/input_Existing_RetypeFEIN"), ""): Text ****** has been set on object 'Object Repository/RAD_RecordAndPlay/input_Existing_RetypeFEIN'

2024-01-13 22:38:21 - [MESSAGE][PASSED] - Text ****** has been set on object 'Object Repository/RAD_RecordAndPlay/input_Existing_RetypeFEIN'

2024-01-13 22:38:21 - [TEST_STEP][PASSED] - break: null

2024-01-13 22:38:21 - [TEST_STEP][PASSED] - verifyTextPresent("Please enter a valid FEIN with 9 digits.", true): Text 'Please enter a valid FEIN with 9 digits.' is present on page  using regular expression

2024-01-13 22:38:21 - [MESSAGE][PASSED] - Text 'Please enter a valid FEIN with 9 digits.' is present on page  using regular expression

2024-01-13 22:38:21 - [TEST_STEP][PASSED] - if (verifyTextPresent("Please enter a valid FEIN with 9 digits.", true)): null

2024-01-13 22:38:22 - [MESSAGE][PASSED] - Text 'Please enter a valid FEIN with 9 digits.' is present on page  using regular expression

2024-01-13 22:38:22 - [TEST_STEP][PASSED] - println("Error Message is present on the page"): null

2024-01-13 22:38:22 - [TEST_STEP][PASSED] - out.println("Pass Record Number: " + row): null

2024-01-13 22:38:22 - [TEST_STEP][PASSED] - resText = "Pass": null

2024-01-13 22:38:22 - [TEST_STEP][PASSED] - pages.WriteExcel.demoKey(resText, datText, resColumn, datCloumn, fileLoc, nameSheet, row): pages.WriteExcel.demoKey is PASSED

2024-01-13 22:38:22 - [MESSAGE][PASSED] - pages.WriteExcel.demoKey is PASSED

2024-01-13 22:38:22 - [TEST_STEP][PASSED] - ExecuteTC = findTestData(dataFile).getValue("Execute", row): null

2024-01-13 22:38:22 - [TEST_STEP][PASSED] - Taxtype = findTestData(dataFile).getValue("TaxType", row): null

2024-01-13 22:38:22 - [TEST_STEP][PASSED] - Paymenttype = findTestData(dataFile).getValue("PaymentType", row): null

2024-01-13 22:38:22 - [TEST_STEP][PASSED] - out.println("Value of Execute is : " + ExecuteTC): null

2024-01-13 22:38:22 - [TEST_STEP][PASSED] - if (ExecuteTC.equalsIgnoreCase("Y")): null

2024-01-13 22:38:22 - [TEST_STEP][PASSED] - out.println("Begin Record Number: " + row): null

2024-01-13 22:38:22 - [TEST_STEP][PASSED] - today = new java.util.Date(): null

2024-01-13 22:38:22 - [TEST_STEP][PASSED] - println(today): null

2024-01-13 22:38:22 - [TEST_STEP][PASSED] - datText = today: null

2024-01-13 22:38:22 - [TEST_STEP][PASSED] - Taxtype = findTestData(dataFile).getValue("TaxType", row): null

2024-01-13 22:38:22 - [TEST_STEP][PASSED] - out.println("Taxtype value is : " + Taxtype): null

2024-01-13 22:38:22 - [TEST_STEP][PASSED] - openBrowser(""): Browser is opened with url: ''

2024-01-13 22:38:22 - [MESSAGE][WARNING] - A browser is already opened. Closing browser and opening a new one

2024-01-13 22:38:23 - [MESSAGE][INFO] - Starting 'Chrome' driver

2024-01-13 22:38:23 - [MESSAGE][INFO] - User set preference: ['acceptInsecureCerts', 'true']

2024-01-13 22:38:23 - [MESSAGE][INFO] - Action delay is set to 0 milliseconds

2024-01-13 22:38:25 - [MESSAGE][PASSED] - Browser is opened with url: ''

2024-01-13 22:38:25 - [TEST_STEP][PASSED] - maximizeWindow(): Current window maximized

2024-01-13 22:38:25 - [MESSAGE][PASSED] - Current window maximized

2024-01-13 22:38:25 - [TEST_STEP][PASSED] - navigateToUrl(RADurl): Navigate to 'https://qa2.velocitypayment.com/client/rad/index.html' successfully

2024-01-13 22:38:26 - [MESSAGE][PASSED] - Navigate to 'https://qa2.velocitypayment.com/client/rad/index.html' successfully

2024-01-13 22:38:26 - [TEST_STEP][PASSED] - orPath_Landing = "Object Repository/RAD_Pages/Landing_Page": null

2024-01-13 22:38:26 - [TEST_STEP][PASSED] - orPath_TaxTypeFilingYear = "Object Repository/RAD_Pages/TaxTypeFilingYear_Page": null

2024-01-13 22:38:26 - [TEST_STEP][PASSED] - orPath_TaxPayer = "Object Repository/RAD_Pages/Taxpayer_Page": null

2024-01-13 22:38:26 - [TEST_STEP][PASSED] - orPath_AddressContact = "Object Repository/RAD_Pages/AddressAndContactInfo_Page": null

2024-01-13 22:38:26 - [TEST_STEP][PASSED] - orPath_FilingStatus = "Object Repository/RAD_Pages/FilingStatus_Page": null

2024-01-13 22:38:26 - [TEST_STEP][PASSED] - orPath_Amount = "Object Repository/RAD_Pages/PaymentAmount_Page": null

2024-01-13 22:38:26 - [TEST_STEP][PASSED] - orPath_TaxInfo = "Object Repository/RAD_Pages/TaxInfo_Page": null

2024-01-13 22:38:26 - [TEST_STEP][PASSED] - orPath_Withholding = "Object Repository/RAD_Pages/Withholding_Page": null

2024-01-13 22:38:26 - [TEST_STEP][PASSED] - orPath_Summary = "Object Repository/RAD_Pages/Summary_Page": null

2024-01-13 22:38:26 - [TEST_STEP][PASSED] - orPath_PaymentReady = "Object Repository/RAD_Pages/PaymentReady_Page": null

2024-01-13 22:38:26 - [TEST_STEP][PASSED] - orPath_PaymentEntry = "Object Repository/RAD_Pages/PaymentEntry_Page": null

2024-01-13 22:38:26 - [TEST_STEP][PASSED] - orPath_PaymentConfirmation = "Object Repository/RAD_Pages/PaymentConfirmation_Page": null

2024-01-13 22:38:26 - [TEST_STEP][PASSED] - orPath_ServiceFeesAccept = "Object Repository/RAD_Pages/ServiceFeeAccept_Page": null

2024-01-13 22:38:26 - [TEST_STEP][PASSED] - selectOptionByLabel(findTestObject(orPath_Landing + "/dd_TaxType"), Paymenttype, false): All options with label 'Existing Liability w/Notice Number' are selected in object 'Object Repository/RAD_Pages/Landing_Page/dd_TaxType' 

2024-01-13 22:38:27 - [MESSAGE][PASSED] - All options with label 'Existing Liability w/Notice Number' are selected in object 'Object Repository/RAD_Pages/Landing_Page/dd_TaxType' 

2024-01-13 22:38:27 - [TEST_STEP][PASSED] - delay(1): Delayed 1 second(s)

2024-01-13 22:38:28 - [MESSAGE][PASSED] - Delayed 1 second(s)

2024-01-13 22:38:28 - [TEST_STEP][PASSED] - switch (Paymenttype): null

2024-01-13 22:38:28 - [TEST_STEP][PASSED] - case "Existing Liability w/Notice Number":: null

2024-01-13 22:38:28 - [TEST_STEP][PASSED] - selectOptionByLabel(findTestObject(orPath_TaxTypeFilingYear + "/select_TaxType_ExistingLiability"), Taxtype, false): All options with label 'Withholding Tax' are selected in object 'Object Repository/RAD_Pages/TaxTypeFilingYear_Page/select_TaxType_ExistingLiability' 

2024-01-13 22:38:28 - [MESSAGE][PASSED] - All options with label 'Withholding Tax' are selected in object 'Object Repository/RAD_Pages/TaxTypeFilingYear_Page/select_TaxType_ExistingLiability' 

2024-01-13 22:38:28 - [TEST_STEP][PASSED] - break: null

2024-01-13 22:38:28 - [TEST_STEP][PASSED] - delay(1): Delayed 1 second(s)

2024-01-13 22:38:29 - [MESSAGE][PASSED] - Delayed 1 second(s)

2024-01-13 22:38:29 - [TEST_STEP][PASSED] - switch (Paymenttype): null

2024-01-13 22:38:29 - [TEST_STEP][PASSED] - case "Existing Liability w/Notice Number":: null

2024-01-13 22:38:29 - [TEST_STEP][PASSED] - setEncryptedText(findTestObject("Object Repository/RAD_RecordAndPlay/input_Existing_FEIN"), "RigbBhfdqOBDK95asqKeHw=="): Text ****** has been set on object 'Object Repository/RAD_RecordAndPlay/input_Existing_FEIN'

2024-01-13 22:38:30 - [MESSAGE][PASSED] - Text ****** has been set on object 'Object Repository/RAD_RecordAndPlay/input_Existing_FEIN'

2024-01-13 22:38:30 - [TEST_STEP][PASSED] - setEncryptedText(findTestObject("Object Repository/RAD_RecordAndPlay/input_Existing_RetypeFEIN"), ""): Text ****** has been set on object 'Object Repository/RAD_RecordAndPlay/input_Existing_RetypeFEIN'

2024-01-13 22:38:31 - [MESSAGE][PASSED] - Text ****** has been set on object 'Object Repository/RAD_RecordAndPlay/input_Existing_RetypeFEIN'

2024-01-13 22:38:31 - [TEST_STEP][PASSED] - break: null

2024-01-13 22:38:31 - [TEST_STEP][PASSED] - verifyTextPresent("Please enter a valid FEIN with 9 digits.", true): Text 'Please enter a valid FEIN with 9 digits.' is present on page  using regular expression

2024-01-13 22:38:31 - [MESSAGE][PASSED] - Text 'Please enter a valid FEIN with 9 digits.' is present on page  using regular expression

2024-01-13 22:38:31 - [TEST_STEP][PASSED] - if (verifyTextPresent("Please enter a valid FEIN with 9 digits.", true)): null

2024-01-13 22:38:32 - [MESSAGE][PASSED] - Text 'Please enter a valid FEIN with 9 digits.' is present on page  using regular expression

2024-01-13 22:38:32 - [TEST_STEP][PASSED] - println("Error Message is present on the page"): null

2024-01-13 22:38:32 - [TEST_STEP][PASSED] - out.println("Pass Record Number: " + row): null

2024-01-13 22:38:32 - [TEST_STEP][PASSED] - resText = "Pass": null

2024-01-13 22:38:32 - [TEST_STEP][PASSED] - pages.WriteExcel.demoKey(resText, datText, resColumn, datCloumn, fileLoc, nameSheet, row): pages.WriteExcel.demoKey is PASSED

2024-01-13 22:38:32 - [MESSAGE][PASSED] - pages.WriteExcel.demoKey is PASSED

2024-01-13 22:38:32 - [TEST_STEP][PASSED] - ExecuteTC = findTestData(dataFile).getValue("Execute", row): null

2024-01-13 22:38:32 - [TEST_STEP][PASSED] - Taxtype = findTestData(dataFile).getValue("TaxType", row): null

2024-01-13 22:38:32 - [TEST_STEP][PASSED] - Paymenttype = findTestData(dataFile).getValue("PaymentType", row): null

2024-01-13 22:38:32 - [TEST_STEP][PASSED] - out.println("Value of Execute is : " + ExecuteTC): null

2024-01-13 22:38:32 - [TEST_STEP][PASSED] - if (ExecuteTC.equalsIgnoreCase("Y")): null

2024-01-13 22:38:32 - [TEST_STEP][PASSED] - out.println("Begin Record Number: " + row): null

2024-01-13 22:38:32 - [TEST_STEP][PASSED] - today = new java.util.Date(): null

2024-01-13 22:38:32 - [TEST_STEP][PASSED] - println(today): null

2024-01-13 22:38:32 - [TEST_STEP][PASSED] - datText = today: null

2024-01-13 22:38:32 - [TEST_STEP][PASSED] - Taxtype = findTestData(dataFile).getValue("TaxType", row): null

2024-01-13 22:38:32 - [TEST_STEP][PASSED] - out.println("Taxtype value is : " + Taxtype): null

2024-01-13 22:38:32 - [TEST_STEP][PASSED] - openBrowser(""): Browser is opened with url: ''

2024-01-13 22:38:32 - [MESSAGE][WARNING] - A browser is already opened. Closing browser and opening a new one

2024-01-13 22:38:33 - [MESSAGE][INFO] - Starting 'Chrome' driver

2024-01-13 22:38:33 - [MESSAGE][INFO] - User set preference: ['acceptInsecureCerts', 'true']

2024-01-13 22:38:33 - [MESSAGE][INFO] - Action delay is set to 0 milliseconds

2024-01-13 22:38:34 - [MESSAGE][PASSED] - Browser is opened with url: ''

2024-01-13 22:38:34 - [TEST_STEP][PASSED] - maximizeWindow(): Current window maximized

2024-01-13 22:38:34 - [MESSAGE][PASSED] - Current window maximized

2024-01-13 22:38:34 - [TEST_STEP][PASSED] - navigateToUrl(RADurl): Navigate to 'https://qa2.velocitypayment.com/client/rad/index.html' successfully

2024-01-13 22:38:36 - [MESSAGE][PASSED] - Navigate to 'https://qa2.velocitypayment.com/client/rad/index.html' successfully

2024-01-13 22:38:36 - [TEST_STEP][PASSED] - orPath_Landing = "Object Repository/RAD_Pages/Landing_Page": null

2024-01-13 22:38:36 - [TEST_STEP][PASSED] - orPath_TaxTypeFilingYear = "Object Repository/RAD_Pages/TaxTypeFilingYear_Page": null

2024-01-13 22:38:36 - [TEST_STEP][PASSED] - orPath_TaxPayer = "Object Repository/RAD_Pages/Taxpayer_Page": null

2024-01-13 22:38:36 - [TEST_STEP][PASSED] - orPath_AddressContact = "Object Repository/RAD_Pages/AddressAndContactInfo_Page": null

2024-01-13 22:38:36 - [TEST_STEP][PASSED] - orPath_FilingStatus = "Object Repository/RAD_Pages/FilingStatus_Page": null

2024-01-13 22:38:36 - [TEST_STEP][PASSED] - orPath_Amount = "Object Repository/RAD_Pages/PaymentAmount_Page": null

2024-01-13 22:38:36 - [TEST_STEP][PASSED] - orPath_TaxInfo = "Object Repository/RAD_Pages/TaxInfo_Page": null

2024-01-13 22:38:36 - [TEST_STEP][PASSED] - orPath_Withholding = "Object Repository/RAD_Pages/Withholding_Page": null

2024-01-13 22:38:36 - [TEST_STEP][PASSED] - orPath_Summary = "Object Repository/RAD_Pages/Summary_Page": null

2024-01-13 22:38:36 - [TEST_STEP][PASSED] - orPath_PaymentReady = "Object Repository/RAD_Pages/PaymentReady_Page": null

2024-01-13 22:38:36 - [TEST_STEP][PASSED] - orPath_PaymentEntry = "Object Repository/RAD_Pages/PaymentEntry_Page": null

2024-01-13 22:38:36 - [TEST_STEP][PASSED] - orPath_PaymentConfirmation = "Object Repository/RAD_Pages/PaymentConfirmation_Page": null

2024-01-13 22:38:36 - [TEST_STEP][PASSED] - orPath_ServiceFeesAccept = "Object Repository/RAD_Pages/ServiceFeeAccept_Page": null

2024-01-13 22:38:36 - [TEST_STEP][PASSED] - selectOptionByLabel(findTestObject(orPath_Landing + "/dd_TaxType"), Paymenttype, false): All options with label 'Existing Liability w/Notice Number' are selected in object 'Object Repository/RAD_Pages/Landing_Page/dd_TaxType' 

2024-01-13 22:38:37 - [MESSAGE][PASSED] - All options with label 'Existing Liability w/Notice Number' are selected in object 'Object Repository/RAD_Pages/Landing_Page/dd_TaxType' 

2024-01-13 22:38:37 - [TEST_STEP][PASSED] - delay(1): Delayed 1 second(s)

2024-01-13 22:38:38 - [MESSAGE][PASSED] - Delayed 1 second(s)

2024-01-13 22:38:38 - [TEST_STEP][PASSED] - switch (Paymenttype): null

2024-01-13 22:38:38 - [TEST_STEP][PASSED] - case "Existing Liability w/Notice Number":: null

2024-01-13 22:38:38 - [TEST_STEP][PASSED] - selectOptionByLabel(findTestObject(orPath_TaxTypeFilingYear + "/select_TaxType_ExistingLiability"), Taxtype, false): All options with label 'Alcohol Tax' are selected in object 'Object Repository/RAD_Pages/TaxTypeFilingYear_Page/select_TaxType_ExistingLiability' 

2024-01-13 22:38:38 - [MESSAGE][PASSED] - All options with label 'Alcohol Tax' are selected in object 'Object Repository/RAD_Pages/TaxTypeFilingYear_Page/select_TaxType_ExistingLiability' 

2024-01-13 22:38:38 - [TEST_STEP][PASSED] - break: null

2024-01-13 22:38:38 - [TEST_STEP][PASSED] - delay(1): Delayed 1 second(s)

2024-01-13 22:38:39 - [MESSAGE][PASSED] - Delayed 1 second(s)

2024-01-13 22:38:39 - [TEST_STEP][PASSED] - switch (Paymenttype): null

2024-01-13 22:38:39 - [TEST_STEP][PASSED] - case "Existing Liability w/Notice Number":: null

2024-01-13 22:38:39 - [TEST_STEP][PASSED] - setEncryptedText(findTestObject("Object Repository/RAD_RecordAndPlay/input_Existing_FEIN"), "RigbBhfdqOBDK95asqKeHw=="): Text ****** has been set on object 'Object Repository/RAD_RecordAndPlay/input_Existing_FEIN'

2024-01-13 22:38:40 - [MESSAGE][PASSED] - Text ****** has been set on object 'Object Repository/RAD_RecordAndPlay/input_Existing_FEIN'

2024-01-13 22:38:40 - [TEST_STEP][PASSED] - setEncryptedText(findTestObject("Object Repository/RAD_RecordAndPlay/input_Existing_RetypeFEIN"), ""): Text ****** has been set on object 'Object Repository/RAD_RecordAndPlay/input_Existing_RetypeFEIN'

2024-01-13 22:38:40 - [MESSAGE][PASSED] - Text ****** has been set on object 'Object Repository/RAD_RecordAndPlay/input_Existing_RetypeFEIN'

2024-01-13 22:38:40 - [TEST_STEP][PASSED] - break: null

2024-01-13 22:38:40 - [TEST_STEP][PASSED] - verifyTextPresent("Please enter a valid FEIN with 9 digits.", true): Text 'Please enter a valid FEIN with 9 digits.' is present on page  using regular expression

2024-01-13 22:38:41 - [MESSAGE][PASSED] - Text 'Please enter a valid FEIN with 9 digits.' is present on page  using regular expression

2024-01-13 22:38:41 - [TEST_STEP][PASSED] - if (verifyTextPresent("Please enter a valid FEIN with 9 digits.", true)): null

2024-01-13 22:38:41 - [MESSAGE][PASSED] - Text 'Please enter a valid FEIN with 9 digits.' is present on page  using regular expression

2024-01-13 22:38:41 - [TEST_STEP][PASSED] - println("Error Message is present on the page"): null

2024-01-13 22:38:41 - [TEST_STEP][PASSED] - out.println("Pass Record Number: " + row): null

2024-01-13 22:38:41 - [TEST_STEP][PASSED] - resText = "Pass": null

2024-01-13 22:38:41 - [TEST_STEP][PASSED] - pages.WriteExcel.demoKey(resText, datText, resColumn, datCloumn, fileLoc, nameSheet, row): pages.WriteExcel.demoKey is PASSED

2024-01-13 22:38:41 - [MESSAGE][PASSED] - pages.WriteExcel.demoKey is PASSED

2024-01-13 22:38:41 - [TEST_STEP][PASSED] - ExecuteTC = findTestData(dataFile).getValue("Execute", row): null

2024-01-13 22:38:41 - [TEST_STEP][PASSED] - Taxtype = findTestData(dataFile).getValue("TaxType", row): null

2024-01-13 22:38:41 - [TEST_STEP][PASSED] - Paymenttype = findTestData(dataFile).getValue("PaymentType", row): null

2024-01-13 22:38:41 - [TEST_STEP][PASSED] - out.println("Value of Execute is : " + ExecuteTC): null

2024-01-13 22:38:41 - [TEST_STEP][PASSED] - if (ExecuteTC.equalsIgnoreCase("Y")): null

2024-01-13 22:38:41 - [TEST_STEP][PASSED] - out.println("Begin Record Number: " + row): null

2024-01-13 22:38:41 - [TEST_STEP][PASSED] - today = new java.util.Date(): null

2024-01-13 22:38:41 - [TEST_STEP][PASSED] - println(today): null

2024-01-13 22:38:41 - [TEST_STEP][PASSED] - datText = today: null

2024-01-13 22:38:41 - [TEST_STEP][PASSED] - Taxtype = findTestData(dataFile).getValue("TaxType", row): null

2024-01-13 22:38:41 - [TEST_STEP][PASSED] - out.println("Taxtype value is : " + Taxtype): null

2024-01-13 22:38:41 - [TEST_STEP][PASSED] - openBrowser(""): Browser is opened with url: ''

2024-01-13 22:38:41 - [MESSAGE][WARNING] - A browser is already opened. Closing browser and opening a new one

2024-01-13 22:38:42 - [MESSAGE][INFO] - Starting 'Chrome' driver

2024-01-13 22:38:42 - [MESSAGE][INFO] - User set preference: ['acceptInsecureCerts', 'true']

2024-01-13 22:38:42 - [MESSAGE][INFO] - Action delay is set to 0 milliseconds

2024-01-13 22:38:44 - [MESSAGE][PASSED] - Browser is opened with url: ''

2024-01-13 22:38:44 - [TEST_STEP][PASSED] - maximizeWindow(): Current window maximized

2024-01-13 22:38:44 - [MESSAGE][PASSED] - Current window maximized

2024-01-13 22:38:44 - [TEST_STEP][PASSED] - navigateToUrl(RADurl): Navigate to 'https://qa2.velocitypayment.com/client/rad/index.html' successfully

2024-01-13 22:38:46 - [MESSAGE][PASSED] - Navigate to 'https://qa2.velocitypayment.com/client/rad/index.html' successfully

2024-01-13 22:38:46 - [TEST_STEP][PASSED] - orPath_Landing = "Object Repository/RAD_Pages/Landing_Page": null

2024-01-13 22:38:46 - [TEST_STEP][PASSED] - orPath_TaxTypeFilingYear = "Object Repository/RAD_Pages/TaxTypeFilingYear_Page": null

2024-01-13 22:38:46 - [TEST_STEP][PASSED] - orPath_TaxPayer = "Object Repository/RAD_Pages/Taxpayer_Page": null

2024-01-13 22:38:46 - [TEST_STEP][PASSED] - orPath_AddressContact = "Object Repository/RAD_Pages/AddressAndContactInfo_Page": null

2024-01-13 22:38:46 - [TEST_STEP][PASSED] - orPath_FilingStatus = "Object Repository/RAD_Pages/FilingStatus_Page": null

2024-01-13 22:38:46 - [TEST_STEP][PASSED] - orPath_Amount = "Object Repository/RAD_Pages/PaymentAmount_Page": null

2024-01-13 22:38:46 - [TEST_STEP][PASSED] - orPath_TaxInfo = "Object Repository/RAD_Pages/TaxInfo_Page": null

2024-01-13 22:38:46 - [TEST_STEP][PASSED] - orPath_Withholding = "Object Repository/RAD_Pages/Withholding_Page": null

2024-01-13 22:38:46 - [TEST_STEP][PASSED] - orPath_Summary = "Object Repository/RAD_Pages/Summary_Page": null

2024-01-13 22:38:46 - [TEST_STEP][PASSED] - orPath_PaymentReady = "Object Repository/RAD_Pages/PaymentReady_Page": null

2024-01-13 22:38:46 - [TEST_STEP][PASSED] - orPath_PaymentEntry = "Object Repository/RAD_Pages/PaymentEntry_Page": null

2024-01-13 22:38:46 - [TEST_STEP][PASSED] - orPath_PaymentConfirmation = "Object Repository/RAD_Pages/PaymentConfirmation_Page": null

2024-01-13 22:38:46 - [TEST_STEP][PASSED] - orPath_ServiceFeesAccept = "Object Repository/RAD_Pages/ServiceFeeAccept_Page": null

2024-01-13 22:38:46 - [TEST_STEP][PASSED] - selectOptionByLabel(findTestObject(orPath_Landing + "/dd_TaxType"), Paymenttype, false): All options with label 'Quarterly Estimated Tax' are selected in object 'Object Repository/RAD_Pages/Landing_Page/dd_TaxType' 

2024-01-13 22:38:46 - [MESSAGE][PASSED] - All options with label 'Quarterly Estimated Tax' are selected in object 'Object Repository/RAD_Pages/Landing_Page/dd_TaxType' 

2024-01-13 22:38:46 - [TEST_STEP][PASSED] - delay(1): Delayed 1 second(s)

2024-01-13 22:38:47 - [MESSAGE][PASSED] - Delayed 1 second(s)

2024-01-13 22:38:47 - [TEST_STEP][PASSED] - switch (Paymenttype): null

2024-01-13 22:38:47 - [TEST_STEP][PASSED] - case "Quarterly Estimated Tax":: null

2024-01-13 22:38:47 - [TEST_STEP][PASSED] - selectOptionByLabel(findTestObject(orPath_TaxTypeFilingYear + "/select_PaymentType"), Taxtype, false): All options with label 'Corporate Income Tax' are selected in object 'Object Repository/RAD_Pages/TaxTypeFilingYear_Page/select_PaymentType' 

2024-01-13 22:38:48 - [MESSAGE][PASSED] - All options with label 'Corporate Income Tax' are selected in object 'Object Repository/RAD_Pages/TaxTypeFilingYear_Page/select_PaymentType' 

2024-01-13 22:38:48 - [TEST_STEP][PASSED] - break: null

2024-01-13 22:38:48 - [TEST_STEP][PASSED] - delay(1): Delayed 1 second(s)

2024-01-13 22:38:49 - [MESSAGE][PASSED] - Delayed 1 second(s)

2024-01-13 22:38:49 - [TEST_STEP][PASSED] - switch (Paymenttype): null

2024-01-13 22:38:49 - [TEST_STEP][PASSED] - case "Quarterly Estimated Tax":: null

2024-01-13 22:38:49 - [TEST_STEP][PASSED] - setEncryptedText(findTestObject(orPath_TaxInfo + "/input_FederalEIN"), "RigbBhfdqOBDK95asqKeHw=="): Text ****** has been set on object 'Object Repository/RAD_Pages/TaxInfo_Page/input_FederalEIN'

2024-01-13 22:38:49 - [MESSAGE][PASSED] - Text ****** has been set on object 'Object Repository/RAD_Pages/TaxInfo_Page/input_FederalEIN'

2024-01-13 22:38:49 - [TEST_STEP][PASSED] - setEncryptedText(findTestObject(orPath_TaxInfo + "/input_FederalEIN_ReEnter"), ""): Text ****** has been set on object 'Object Repository/RAD_Pages/TaxInfo_Page/input_FederalEIN_ReEnter'

2024-01-13 22:38:50 - [MESSAGE][PASSED] - Text ****** has been set on object 'Object Repository/RAD_Pages/TaxInfo_Page/input_FederalEIN_ReEnter'

2024-01-13 22:38:50 - [TEST_STEP][PASSED] - break: null

2024-01-13 22:38:50 - [TEST_STEP][PASSED] - verifyTextPresent("Please enter a valid FEIN with 9 digits.", true): Text 'Please enter a valid FEIN with 9 digits.' is present on page  using regular expression

2024-01-13 22:38:51 - [MESSAGE][PASSED] - Text 'Please enter a valid FEIN with 9 digits.' is present on page  using regular expression

2024-01-13 22:38:51 - [TEST_STEP][PASSED] - if (verifyTextPresent("Please enter a valid FEIN with 9 digits.", true)): null

2024-01-13 22:38:51 - [MESSAGE][PASSED] - Text 'Please enter a valid FEIN with 9 digits.' is present on page  using regular expression

2024-01-13 22:38:51 - [TEST_STEP][PASSED] - println("Error Message is present on the page"): null

2024-01-13 22:38:51 - [TEST_STEP][PASSED] - out.println("Pass Record Number: " + row): null

2024-01-13 22:38:51 - [TEST_STEP][PASSED] - resText = "Pass": null

2024-01-13 22:38:51 - [TEST_STEP][PASSED] - pages.WriteExcel.demoKey(resText, datText, resColumn, datCloumn, fileLoc, nameSheet, row): pages.WriteExcel.demoKey is PASSED

2024-01-13 22:38:51 - [MESSAGE][PASSED] - pages.WriteExcel.demoKey is PASSED

2024-01-13 22:38:51 - [TEST_STEP][PASSED] - ExecuteTC = findTestData(dataFile).getValue("Execute", row): null

2024-01-13 22:38:51 - [TEST_STEP][PASSED] - Taxtype = findTestData(dataFile).getValue("TaxType", row): null

2024-01-13 22:38:51 - [TEST_STEP][PASSED] - Paymenttype = findTestData(dataFile).getValue("PaymentType", row): null

2024-01-13 22:38:51 - [TEST_STEP][PASSED] - out.println("Value of Execute is : " + ExecuteTC): null

2024-01-13 22:38:51 - [TEST_STEP][PASSED] - if (ExecuteTC.equalsIgnoreCase("Y")): null

2024-01-13 22:38:51 - [TEST_STEP][PASSED] - out.println("Begin Record Number: " + row): null

2024-01-13 22:38:51 - [TEST_STEP][PASSED] - today = new java.util.Date(): null

2024-01-13 22:38:51 - [TEST_STEP][PASSED] - println(today): null

2024-01-13 22:38:51 - [TEST_STEP][PASSED] - datText = today: null

2024-01-13 22:38:51 - [TEST_STEP][PASSED] - Taxtype = findTestData(dataFile).getValue("TaxType", row): null

2024-01-13 22:38:51 - [TEST_STEP][PASSED] - out.println("Taxtype value is : " + Taxtype): null

2024-01-13 22:38:51 - [TEST_STEP][PASSED] - openBrowser(""): Browser is opened with url: ''

2024-01-13 22:38:51 - [MESSAGE][WARNING] - A browser is already opened. Closing browser and opening a new one

2024-01-13 22:38:52 - [MESSAGE][INFO] - Starting 'Chrome' driver

2024-01-13 22:38:52 - [MESSAGE][INFO] - User set preference: ['acceptInsecureCerts', 'true']

2024-01-13 22:38:52 - [MESSAGE][INFO] - Action delay is set to 0 milliseconds

2024-01-13 22:38:54 - [MESSAGE][PASSED] - Browser is opened with url: ''

2024-01-13 22:38:54 - [TEST_STEP][PASSED] - maximizeWindow(): Current window maximized

2024-01-13 22:38:54 - [MESSAGE][PASSED] - Current window maximized

2024-01-13 22:38:54 - [TEST_STEP][PASSED] - navigateToUrl(RADurl): Navigate to 'https://qa2.velocitypayment.com/client/rad/index.html' successfully

2024-01-13 22:38:55 - [MESSAGE][PASSED] - Navigate to 'https://qa2.velocitypayment.com/client/rad/index.html' successfully

2024-01-13 22:38:55 - [TEST_STEP][PASSED] - orPath_Landing = "Object Repository/RAD_Pages/Landing_Page": null

2024-01-13 22:38:55 - [TEST_STEP][PASSED] - orPath_TaxTypeFilingYear = "Object Repository/RAD_Pages/TaxTypeFilingYear_Page": null

2024-01-13 22:38:55 - [TEST_STEP][PASSED] - orPath_TaxPayer = "Object Repository/RAD_Pages/Taxpayer_Page": null

2024-01-13 22:38:55 - [TEST_STEP][PASSED] - orPath_AddressContact = "Object Repository/RAD_Pages/AddressAndContactInfo_Page": null

2024-01-13 22:38:55 - [TEST_STEP][PASSED] - orPath_FilingStatus = "Object Repository/RAD_Pages/FilingStatus_Page": null

2024-01-13 22:38:55 - [TEST_STEP][PASSED] - orPath_Amount = "Object Repository/RAD_Pages/PaymentAmount_Page": null

2024-01-13 22:38:55 - [TEST_STEP][PASSED] - orPath_TaxInfo = "Object Repository/RAD_Pages/TaxInfo_Page": null

2024-01-13 22:38:55 - [TEST_STEP][PASSED] - orPath_Withholding = "Object Repository/RAD_Pages/Withholding_Page": null

2024-01-13 22:38:55 - [TEST_STEP][PASSED] - orPath_Summary = "Object Repository/RAD_Pages/Summary_Page": null

2024-01-13 22:38:55 - [TEST_STEP][PASSED] - orPath_PaymentReady = "Object Repository/RAD_Pages/PaymentReady_Page": null

2024-01-13 22:38:55 - [TEST_STEP][PASSED] - orPath_PaymentEntry = "Object Repository/RAD_Pages/PaymentEntry_Page": null

2024-01-13 22:38:55 - [TEST_STEP][PASSED] - orPath_PaymentConfirmation = "Object Repository/RAD_Pages/PaymentConfirmation_Page": null

2024-01-13 22:38:55 - [TEST_STEP][PASSED] - orPath_ServiceFeesAccept = "Object Repository/RAD_Pages/ServiceFeeAccept_Page": null

2024-01-13 22:38:55 - [TEST_STEP][PASSED] - selectOptionByLabel(findTestObject(orPath_Landing + "/dd_TaxType"), Paymenttype, false): All options with label 'Quarterly Estimated Tax' are selected in object 'Object Repository/RAD_Pages/Landing_Page/dd_TaxType' 

2024-01-13 22:38:56 - [MESSAGE][PASSED] - All options with label 'Quarterly Estimated Tax' are selected in object 'Object Repository/RAD_Pages/Landing_Page/dd_TaxType' 

2024-01-13 22:38:56 - [TEST_STEP][PASSED] - delay(1): Delayed 1 second(s)

2024-01-13 22:38:57 - [MESSAGE][PASSED] - Delayed 1 second(s)

2024-01-13 22:38:57 - [TEST_STEP][PASSED] - switch (Paymenttype): null

2024-01-13 22:38:57 - [TEST_STEP][PASSED] - case "Quarterly Estimated Tax":: null

2024-01-13 22:38:57 - [TEST_STEP][PASSED] - selectOptionByLabel(findTestObject(orPath_TaxTypeFilingYear + "/select_PaymentType"), Taxtype, false): All options with label 'Fiduciary Tax' are selected in object 'Object Repository/RAD_Pages/TaxTypeFilingYear_Page/select_PaymentType' 

2024-01-13 22:38:58 - [MESSAGE][PASSED] - All options with label 'Fiduciary Tax' are selected in object 'Object Repository/RAD_Pages/TaxTypeFilingYear_Page/select_PaymentType' 

2024-01-13 22:38:58 - [TEST_STEP][PASSED] - break: null

2024-01-13 22:38:58 - [TEST_STEP][PASSED] - delay(1): Delayed 1 second(s)

2024-01-13 22:38:59 - [MESSAGE][PASSED] - Delayed 1 second(s)

2024-01-13 22:38:59 - [TEST_STEP][PASSED] - switch (Paymenttype): null

2024-01-13 22:38:59 - [TEST_STEP][PASSED] - case "Quarterly Estimated Tax":: null

2024-01-13 22:38:59 - [TEST_STEP][PASSED] - setEncryptedText(findTestObject(orPath_TaxInfo + "/input_FederalEIN"), "RigbBhfdqOBDK95asqKeHw=="): Text ****** has been set on object 'Object Repository/RAD_Pages/TaxInfo_Page/input_FederalEIN'

2024-01-13 22:38:59 - [MESSAGE][PASSED] - Text ****** has been set on object 'Object Repository/RAD_Pages/TaxInfo_Page/input_FederalEIN'

2024-01-13 22:38:59 - [TEST_STEP][PASSED] - setEncryptedText(findTestObject(orPath_TaxInfo + "/input_FederalEIN_ReEnter"), ""): Text ****** has been set on object 'Object Repository/RAD_Pages/TaxInfo_Page/input_FederalEIN_ReEnter'

2024-01-13 22:39:00 - [MESSAGE][PASSED] - Text ****** has been set on object 'Object Repository/RAD_Pages/TaxInfo_Page/input_FederalEIN_ReEnter'

2024-01-13 22:39:00 - [TEST_STEP][PASSED] - break: null

2024-01-13 22:39:00 - [TEST_STEP][PASSED] - verifyTextPresent("Please enter a valid FEIN with 9 digits.", true): Text 'Please enter a valid FEIN with 9 digits.' is present on page  using regular expression

2024-01-13 22:39:00 - [MESSAGE][PASSED] - Text 'Please enter a valid FEIN with 9 digits.' is present on page  using regular expression

2024-01-13 22:39:00 - [TEST_STEP][PASSED] - if (verifyTextPresent("Please enter a valid FEIN with 9 digits.", true)): null

2024-01-13 22:39:01 - [MESSAGE][PASSED] - Text 'Please enter a valid FEIN with 9 digits.' is present on page  using regular expression

2024-01-13 22:39:01 - [TEST_STEP][PASSED] - println("Error Message is present on the page"): null

2024-01-13 22:39:01 - [TEST_STEP][PASSED] - out.println("Pass Record Number: " + row): null

2024-01-13 22:39:01 - [TEST_STEP][PASSED] - resText = "Pass": null

2024-01-13 22:39:01 - [TEST_STEP][PASSED] - pages.WriteExcel.demoKey(resText, datText, resColumn, datCloumn, fileLoc, nameSheet, row): pages.WriteExcel.demoKey is PASSED

2024-01-13 22:39:01 - [MESSAGE][PASSED] - pages.WriteExcel.demoKey is PASSED

2024-01-13 22:39:01 - [TEST_STEP][PASSED] - ExecuteTC = findTestData(dataFile).getValue("Execute", row): null

2024-01-13 22:39:01 - [TEST_STEP][PASSED] - Taxtype = findTestData(dataFile).getValue("TaxType", row): null

2024-01-13 22:39:01 - [TEST_STEP][PASSED] - Paymenttype = findTestData(dataFile).getValue("PaymentType", row): null

2024-01-13 22:39:01 - [TEST_STEP][PASSED] - out.println("Value of Execute is : " + ExecuteTC): null

2024-01-13 22:39:01 - [TEST_STEP][PASSED] - if (ExecuteTC.equalsIgnoreCase("Y")): null

2024-01-13 22:39:01 - [TEST_STEP][PASSED] - ExecuteTC = findTestData(dataFile).getValue("Execute", row): null

2024-01-13 22:39:01 - [TEST_STEP][PASSED] - Taxtype = findTestData(dataFile).getValue("TaxType", row): null

2024-01-13 22:39:01 - [TEST_STEP][PASSED] - Paymenttype = findTestData(dataFile).getValue("PaymentType", row): null

2024-01-13 22:39:01 - [TEST_STEP][PASSED] - out.println("Value of Execute is : " + ExecuteTC): null

2024-01-13 22:39:01 - [TEST_STEP][PASSED] - if (ExecuteTC.equalsIgnoreCase("Y")): null

2024-01-13 22:39:01 - [TEST_STEP][PASSED] - ExecuteTC = findTestData(dataFile).getValue("Execute", row): null

2024-01-13 22:39:01 - [TEST_STEP][PASSED] - Taxtype = findTestData(dataFile).getValue("TaxType", row): null

2024-01-13 22:39:01 - [TEST_STEP][PASSED] - Paymenttype = findTestData(dataFile).getValue("PaymentType", row): null

2024-01-13 22:39:01 - [TEST_STEP][PASSED] - out.println("Value of Execute is : " + ExecuteTC): null

2024-01-13 22:39:01 - [TEST_STEP][PASSED] - if (ExecuteTC.equalsIgnoreCase("Y")): null

2024-01-13 22:39:01 - [TEST_STEP][PASSED] - out.println("Begin Record Number: " + row): null

2024-01-13 22:39:01 - [TEST_STEP][PASSED] - today = new java.util.Date(): null

2024-01-13 22:39:01 - [TEST_STEP][PASSED] - println(today): null

2024-01-13 22:39:01 - [TEST_STEP][PASSED] - datText = today: null

2024-01-13 22:39:01 - [TEST_STEP][PASSED] - Taxtype = findTestData(dataFile).getValue("TaxType", row): null

2024-01-13 22:39:01 - [TEST_STEP][PASSED] - out.println("Taxtype value is : " + Taxtype): null

2024-01-13 22:39:01 - [TEST_STEP][PASSED] - openBrowser(""): Browser is opened with url: ''

2024-01-13 22:39:01 - [MESSAGE][WARNING] - A browser is already opened. Closing browser and opening a new one

2024-01-13 22:39:02 - [MESSAGE][INFO] - Starting 'Chrome' driver

2024-01-13 22:39:02 - [MESSAGE][INFO] - User set preference: ['acceptInsecureCerts', 'true']

2024-01-13 22:39:02 - [MESSAGE][INFO] - Action delay is set to 0 milliseconds

2024-01-13 22:39:04 - [MESSAGE][PASSED] - Browser is opened with url: ''

2024-01-13 22:39:04 - [TEST_STEP][PASSED] - maximizeWindow(): Current window maximized

2024-01-13 22:39:04 - [MESSAGE][PASSED] - Current window maximized

2024-01-13 22:39:04 - [TEST_STEP][PASSED] - navigateToUrl(RADurl): Navigate to 'https://qa2.velocitypayment.com/client/rad/index.html' successfully

2024-01-13 22:39:05 - [MESSAGE][PASSED] - Navigate to 'https://qa2.velocitypayment.com/client/rad/index.html' successfully

2024-01-13 22:39:05 - [TEST_STEP][PASSED] - orPath_Landing = "Object Repository/RAD_Pages/Landing_Page": null

2024-01-13 22:39:05 - [TEST_STEP][PASSED] - orPath_TaxTypeFilingYear = "Object Repository/RAD_Pages/TaxTypeFilingYear_Page": null

2024-01-13 22:39:05 - [TEST_STEP][PASSED] - orPath_TaxPayer = "Object Repository/RAD_Pages/Taxpayer_Page": null

2024-01-13 22:39:05 - [TEST_STEP][PASSED] - orPath_AddressContact = "Object Repository/RAD_Pages/AddressAndContactInfo_Page": null

2024-01-13 22:39:05 - [TEST_STEP][PASSED] - orPath_FilingStatus = "Object Repository/RAD_Pages/FilingStatus_Page": null

2024-01-13 22:39:05 - [TEST_STEP][PASSED] - orPath_Amount = "Object Repository/RAD_Pages/PaymentAmount_Page": null

2024-01-13 22:39:05 - [TEST_STEP][PASSED] - orPath_TaxInfo = "Object Repository/RAD_Pages/TaxInfo_Page": null

2024-01-13 22:39:05 - [TEST_STEP][PASSED] - orPath_Withholding = "Object Repository/RAD_Pages/Withholding_Page": null

2024-01-13 22:39:05 - [TEST_STEP][PASSED] - orPath_Summary = "Object Repository/RAD_Pages/Summary_Page": null

2024-01-13 22:39:05 - [TEST_STEP][PASSED] - orPath_PaymentReady = "Object Repository/RAD_Pages/PaymentReady_Page": null

2024-01-13 22:39:05 - [TEST_STEP][PASSED] - orPath_PaymentEntry = "Object Repository/RAD_Pages/PaymentEntry_Page": null

2024-01-13 22:39:05 - [TEST_STEP][PASSED] - orPath_PaymentConfirmation = "Object Repository/RAD_Pages/PaymentConfirmation_Page": null

2024-01-13 22:39:05 - [TEST_STEP][PASSED] - orPath_ServiceFeesAccept = "Object Repository/RAD_Pages/ServiceFeeAccept_Page": null

2024-01-13 22:39:05 - [TEST_STEP][PASSED] - selectOptionByLabel(findTestObject(orPath_Landing + "/dd_TaxType"), Paymenttype, false): All options with label 'New Tax Return Amount Due' are selected in object 'Object Repository/RAD_Pages/Landing_Page/dd_TaxType' 

2024-01-13 22:39:06 - [MESSAGE][PASSED] - All options with label 'New Tax Return Amount Due' are selected in object 'Object Repository/RAD_Pages/Landing_Page/dd_TaxType' 

2024-01-13 22:39:06 - [TEST_STEP][PASSED] - delay(1): Delayed 1 second(s)

2024-01-13 22:39:07 - [MESSAGE][PASSED] - Delayed 1 second(s)

2024-01-13 22:39:07 - [TEST_STEP][PASSED] - switch (Paymenttype): null

2024-01-13 22:39:07 - [TEST_STEP][PASSED] - case "New Tax Return Amount Due":: null

2024-01-13 22:39:07 - [TEST_STEP][PASSED] - selectOptionByLabel(findTestObject("Object Repository/RAD_Pages/Landing_Page/select_NewTaxReturnAmountDue_TaxType"), Taxtype, false): All options with label 'Fiduciary Tax' are selected in object 'Object Repository/RAD_Pages/Landing_Page/select_NewTaxReturnAmountDue_TaxType' 

2024-01-13 22:39:08 - [MESSAGE][PASSED] - All options with label 'Fiduciary Tax' are selected in object 'Object Repository/RAD_Pages/Landing_Page/select_NewTaxReturnAmountDue_TaxType' 

2024-01-13 22:39:08 - [TEST_STEP][PASSED] - break: null

2024-01-13 22:39:08 - [TEST_STEP][PASSED] - delay(1): Delayed 1 second(s)

2024-01-13 22:39:09 - [MESSAGE][PASSED] - Delayed 1 second(s)

2024-01-13 22:39:09 - [TEST_STEP][PASSED] - switch (Paymenttype): null

2024-01-13 22:39:09 - [TEST_STEP][PASSED] - case "New Tax Return Amount Due":: null

2024-01-13 22:39:09 - [TEST_STEP][PASSED] - setEncryptedText(findTestObject(orPath_TaxInfo + "/input_FederalEIN-2"), "RigbBhfdqOBDK95asqKeHw=="): Text ****** has been set on object 'Object Repository/RAD_Pages/TaxInfo_Page/input_FederalEIN-2'

2024-01-13 22:39:09 - [MESSAGE][PASSED] - Text ****** has been set on object 'Object Repository/RAD_Pages/TaxInfo_Page/input_FederalEIN-2'

2024-01-13 22:39:09 - [TEST_STEP][PASSED] - setEncryptedText(findTestObject(orPath_TaxInfo + "/input_FederalEIN_ReEnter-2"), ""): Text ****** has been set on object 'Object Repository/RAD_Pages/TaxInfo_Page/input_FederalEIN_ReEnter-2'

2024-01-13 22:39:10 - [MESSAGE][PASSED] - Text ****** has been set on object 'Object Repository/RAD_Pages/TaxInfo_Page/input_FederalEIN_ReEnter-2'

2024-01-13 22:39:10 - [TEST_STEP][PASSED] - break: null

2024-01-13 22:39:10 - [TEST_STEP][PASSED] - verifyTextPresent("Please enter a valid FEIN with 9 digits.", true): Text 'Please enter a valid FEIN with 9 digits.' is present on page  using regular expression

2024-01-13 22:39:10 - [MESSAGE][PASSED] - Text 'Please enter a valid FEIN with 9 digits.' is present on page  using regular expression

2024-01-13 22:39:10 - [TEST_STEP][PASSED] - if (verifyTextPresent("Please enter a valid FEIN with 9 digits.", true)): null

2024-01-13 22:39:11 - [MESSAGE][PASSED] - Text 'Please enter a valid FEIN with 9 digits.' is present on page  using regular expression

2024-01-13 22:39:11 - [TEST_STEP][PASSED] - println("Error Message is present on the page"): null

2024-01-13 22:39:11 - [TEST_STEP][PASSED] - out.println("Pass Record Number: " + row): null

2024-01-13 22:39:11 - [TEST_STEP][PASSED] - resText = "Pass": null

2024-01-13 22:39:11 - [TEST_STEP][PASSED] - pages.WriteExcel.demoKey(resText, datText, resColumn, datCloumn, fileLoc, nameSheet, row): pages.WriteExcel.demoKey is PASSED

2024-01-13 22:39:11 - [MESSAGE][PASSED] - pages.WriteExcel.demoKey is PASSED

2024-01-13 22:39:11 - [TEST_STEP][PASSED] - ExecuteTC = findTestData(dataFile).getValue("Execute", row): null

2024-01-13 22:39:11 - [TEST_STEP][PASSED] - Taxtype = findTestData(dataFile).getValue("TaxType", row): null

2024-01-13 22:39:11 - [TEST_STEP][PASSED] - Paymenttype = findTestData(dataFile).getValue("PaymentType", row): null

2024-01-13 22:39:11 - [TEST_STEP][PASSED] - out.println("Value of Execute is : " + ExecuteTC): null

2024-01-13 22:39:11 - [TEST_STEP][PASSED] - if (ExecuteTC.equalsIgnoreCase("Y")): null

2024-01-13 22:39:11 - [TEST_STEP][PASSED] - out.println("Begin Record Number: " + row): null

2024-01-13 22:39:11 - [TEST_STEP][PASSED] - today = new java.util.Date(): null

2024-01-13 22:39:11 - [TEST_STEP][PASSED] - println(today): null

2024-01-13 22:39:11 - [TEST_STEP][PASSED] - datText = today: null

2024-01-13 22:39:11 - [TEST_STEP][PASSED] - Taxtype = findTestData(dataFile).getValue("TaxType", row): null

2024-01-13 22:39:11 - [TEST_STEP][PASSED] - out.println("Taxtype value is : " + Taxtype): null

2024-01-13 22:39:11 - [TEST_STEP][PASSED] - openBrowser(""): Browser is opened with url: ''

2024-01-13 22:39:11 - [MESSAGE][WARNING] - A browser is already opened. Closing browser and opening a new one

2024-01-13 22:39:12 - [MESSAGE][INFO] - Starting 'Chrome' driver

2024-01-13 22:39:12 - [MESSAGE][INFO] - User set preference: ['acceptInsecureCerts', 'true']

2024-01-13 22:39:12 - [MESSAGE][INFO] - Action delay is set to 0 milliseconds

2024-01-13 22:39:13 - [MESSAGE][PASSED] - Browser is opened with url: ''

2024-01-13 22:39:13 - [TEST_STEP][PASSED] - maximizeWindow(): Current window maximized

2024-01-13 22:39:14 - [MESSAGE][PASSED] - Current window maximized

2024-01-13 22:39:14 - [TEST_STEP][PASSED] - navigateToUrl(RADurl): Navigate to 'https://qa2.velocitypayment.com/client/rad/index.html' successfully

2024-01-13 22:39:15 - [MESSAGE][PASSED] - Navigate to 'https://qa2.velocitypayment.com/client/rad/index.html' successfully

2024-01-13 22:39:15 - [TEST_STEP][PASSED] - orPath_Landing = "Object Repository/RAD_Pages/Landing_Page": null

2024-01-13 22:39:15 - [TEST_STEP][PASSED] - orPath_TaxTypeFilingYear = "Object Repository/RAD_Pages/TaxTypeFilingYear_Page": null

2024-01-13 22:39:15 - [TEST_STEP][PASSED] - orPath_TaxPayer = "Object Repository/RAD_Pages/Taxpayer_Page": null

2024-01-13 22:39:15 - [TEST_STEP][PASSED] - orPath_AddressContact = "Object Repository/RAD_Pages/AddressAndContactInfo_Page": null

2024-01-13 22:39:15 - [TEST_STEP][PASSED] - orPath_FilingStatus = "Object Repository/RAD_Pages/FilingStatus_Page": null

2024-01-13 22:39:15 - [TEST_STEP][PASSED] - orPath_Amount = "Object Repository/RAD_Pages/PaymentAmount_Page": null

2024-01-13 22:39:15 - [TEST_STEP][PASSED] - orPath_TaxInfo = "Object Repository/RAD_Pages/TaxInfo_Page": null

2024-01-13 22:39:15 - [TEST_STEP][PASSED] - orPath_Withholding = "Object Repository/RAD_Pages/Withholding_Page": null

2024-01-13 22:39:15 - [TEST_STEP][PASSED] - orPath_Summary = "Object Repository/RAD_Pages/Summary_Page": null

2024-01-13 22:39:15 - [TEST_STEP][PASSED] - orPath_PaymentReady = "Object Repository/RAD_Pages/PaymentReady_Page": null

2024-01-13 22:39:15 - [TEST_STEP][PASSED] - orPath_PaymentEntry = "Object Repository/RAD_Pages/PaymentEntry_Page": null

2024-01-13 22:39:15 - [TEST_STEP][PASSED] - orPath_PaymentConfirmation = "Object Repository/RAD_Pages/PaymentConfirmation_Page": null

2024-01-13 22:39:15 - [TEST_STEP][PASSED] - orPath_ServiceFeesAccept = "Object Repository/RAD_Pages/ServiceFeeAccept_Page": null

2024-01-13 22:39:15 - [TEST_STEP][PASSED] - selectOptionByLabel(findTestObject(orPath_Landing + "/dd_TaxType"), Paymenttype, false): All options with label 'Existing Liability w/Notice Number' are selected in object 'Object Repository/RAD_Pages/Landing_Page/dd_TaxType' 

2024-01-13 22:39:16 - [MESSAGE][PASSED] - All options with label 'Existing Liability w/Notice Number' are selected in object 'Object Repository/RAD_Pages/Landing_Page/dd_TaxType' 

2024-01-13 22:39:16 - [TEST_STEP][PASSED] - delay(1): Delayed 1 second(s)

2024-01-13 22:39:17 - [MESSAGE][PASSED] - Delayed 1 second(s)

2024-01-13 22:39:17 - [TEST_STEP][PASSED] - switch (Paymenttype): null

2024-01-13 22:39:17 - [TEST_STEP][PASSED] - case "Existing Liability w/Notice Number":: null

2024-01-13 22:39:17 - [TEST_STEP][PASSED] - selectOptionByLabel(findTestObject(orPath_TaxTypeFilingYear + "/select_TaxType_ExistingLiability"), Taxtype, false): All options with label 'Admissions and Amusement Tax' are selected in object 'Object Repository/RAD_Pages/TaxTypeFilingYear_Page/select_TaxType_ExistingLiability' 

2024-01-13 22:39:17 - [MESSAGE][PASSED] - All options with label 'Admissions and Amusement Tax' are selected in object 'Object Repository/RAD_Pages/TaxTypeFilingYear_Page/select_TaxType_ExistingLiability' 

2024-01-13 22:39:17 - [TEST_STEP][PASSED] - break: null

2024-01-13 22:39:17 - [TEST_STEP][PASSED] - delay(1): Delayed 1 second(s)

2024-01-13 22:39:18 - [MESSAGE][PASSED] - Delayed 1 second(s)

2024-01-13 22:39:18 - [TEST_STEP][PASSED] - switch (Paymenttype): null

2024-01-13 22:39:18 - [TEST_STEP][PASSED] - case "Existing Liability w/Notice Number":: null

2024-01-13 22:39:18 - [TEST_STEP][PASSED] - setEncryptedText(findTestObject("Object Repository/RAD_RecordAndPlay/input_Existing_FEIN"), "RigbBhfdqOBDK95asqKeHw=="): Text ****** has been set on object 'Object Repository/RAD_RecordAndPlay/input_Existing_FEIN'

2024-01-13 22:39:19 - [MESSAGE][PASSED] - Text ****** has been set on object 'Object Repository/RAD_RecordAndPlay/input_Existing_FEIN'

2024-01-13 22:39:19 - [TEST_STEP][PASSED] - setEncryptedText(findTestObject("Object Repository/RAD_RecordAndPlay/input_Existing_RetypeFEIN"), ""): Text ****** has been set on object 'Object Repository/RAD_RecordAndPlay/input_Existing_RetypeFEIN'

2024-01-13 22:39:19 - [MESSAGE][PASSED] - Text ****** has been set on object 'Object Repository/RAD_RecordAndPlay/input_Existing_RetypeFEIN'

2024-01-13 22:39:19 - [TEST_STEP][PASSED] - break: null

2024-01-13 22:39:19 - [TEST_STEP][PASSED] - verifyTextPresent("Please enter a valid FEIN with 9 digits.", true): Text 'Please enter a valid FEIN with 9 digits.' is present on page  using regular expression

2024-01-13 22:39:20 - [MESSAGE][PASSED] - Text 'Please enter a valid FEIN with 9 digits.' is present on page  using regular expression

2024-01-13 22:39:20 - [TEST_STEP][PASSED] - if (verifyTextPresent("Please enter a valid FEIN with 9 digits.", true)): null

2024-01-13 22:39:20 - [MESSAGE][PASSED] - Text 'Please enter a valid FEIN with 9 digits.' is present on page  using regular expression

2024-01-13 22:39:20 - [TEST_STEP][PASSED] - println("Error Message is present on the page"): null

2024-01-13 22:39:20 - [TEST_STEP][PASSED] - out.println("Pass Record Number: " + row): null

2024-01-13 22:39:20 - [TEST_STEP][PASSED] - resText = "Pass": null

2024-01-13 22:39:20 - [TEST_STEP][PASSED] - pages.WriteExcel.demoKey(resText, datText, resColumn, datCloumn, fileLoc, nameSheet, row): pages.WriteExcel.demoKey is PASSED

2024-01-13 22:39:20 - [MESSAGE][PASSED] - pages.WriteExcel.demoKey is PASSED

2024-01-13 22:39:20 - [TEST_STEP][PASSED] - ExecuteTC = findTestData(dataFile).getValue("Execute", row): null

2024-01-13 22:39:20 - [TEST_STEP][PASSED] - Taxtype = findTestData(dataFile).getValue("TaxType", row): null

2024-01-13 22:39:21 - [TEST_STEP][PASSED] - Paymenttype = findTestData(dataFile).getValue("PaymentType", row): null

2024-01-13 22:39:21 - [TEST_STEP][PASSED] - out.println("Value of Execute is : " + ExecuteTC): null

2024-01-13 22:39:21 - [TEST_STEP][FAILED] - if (ExecuteTC.equalsIgnoreCase("Y")): null

2024-01-13 22:39:21 - [TEST_STEP][PASSED] - out.println("Begin Record Number: " + row): null

2024-01-13 22:39:21 - [TEST_STEP][PASSED] - today = new java.util.Date(): null

2024-01-13 22:39:21 - [TEST_STEP][PASSED] - println(today): null

2024-01-13 22:39:21 - [TEST_STEP][PASSED] - datText = today: null

2024-01-13 22:39:21 - [TEST_STEP][PASSED] - Taxtype = findTestData(dataFile).getValue("TaxType", row): null

2024-01-13 22:39:21 - [TEST_STEP][PASSED] - out.println("Taxtype value is : " + Taxtype): null

2024-01-13 22:39:21 - [TEST_STEP][PASSED] - openBrowser(""): Browser is opened with url: ''

2024-01-13 22:39:21 - [MESSAGE][WARNING] - A browser is already opened. Closing browser and opening a new one

2024-01-13 22:39:22 - [MESSAGE][INFO] - Starting 'Chrome' driver

2024-01-13 22:39:22 - [MESSAGE][INFO] - User set preference: ['acceptInsecureCerts', 'true']

2024-01-13 22:39:22 - [MESSAGE][INFO] - Action delay is set to 0 milliseconds

2024-01-13 22:39:23 - [MESSAGE][PASSED] - Browser is opened with url: ''

2024-01-13 22:39:23 - [TEST_STEP][PASSED] - maximizeWindow(): Current window maximized

2024-01-13 22:39:23 - [MESSAGE][PASSED] - Current window maximized

2024-01-13 22:39:23 - [TEST_STEP][PASSED] - navigateToUrl(RADurl): Navigate to 'https://qa2.velocitypayment.com/client/rad/index.html' successfully

2024-01-13 22:39:25 - [MESSAGE][PASSED] - Navigate to 'https://qa2.velocitypayment.com/client/rad/index.html' successfully

2024-01-13 22:39:25 - [TEST_STEP][PASSED] - orPath_Landing = "Object Repository/RAD_Pages/Landing_Page": null

2024-01-13 22:39:25 - [TEST_STEP][PASSED] - orPath_TaxTypeFilingYear = "Object Repository/RAD_Pages/TaxTypeFilingYear_Page": null

2024-01-13 22:39:25 - [TEST_STEP][PASSED] - orPath_TaxPayer = "Object Repository/RAD_Pages/Taxpayer_Page": null

2024-01-13 22:39:25 - [TEST_STEP][PASSED] - orPath_AddressContact = "Object Repository/RAD_Pages/AddressAndContactInfo_Page": null

2024-01-13 22:39:25 - [TEST_STEP][PASSED] - orPath_FilingStatus = "Object Repository/RAD_Pages/FilingStatus_Page": null

2024-01-13 22:39:25 - [TEST_STEP][PASSED] - orPath_Amount = "Object Repository/RAD_Pages/PaymentAmount_Page": null

2024-01-13 22:39:25 - [TEST_STEP][PASSED] - orPath_TaxInfo = "Object Repository/RAD_Pages/TaxInfo_Page": null

2024-01-13 22:39:25 - [TEST_STEP][PASSED] - orPath_Withholding = "Object Repository/RAD_Pages/Withholding_Page": null

2024-01-13 22:39:25 - [TEST_STEP][PASSED] - orPath_Summary = "Object Repository/RAD_Pages/Summary_Page": null

2024-01-13 22:39:25 - [TEST_STEP][PASSED] - orPath_PaymentReady = "Object Repository/RAD_Pages/PaymentReady_Page": null

2024-01-13 22:39:25 - [TEST_STEP][PASSED] - orPath_PaymentEntry = "Object Repository/RAD_Pages/PaymentEntry_Page": null

2024-01-13 22:39:25 - [TEST_STEP][PASSED] - orPath_PaymentConfirmation = "Object Repository/RAD_Pages/PaymentConfirmation_Page": null

2024-01-13 22:39:25 - [TEST_STEP][PASSED] - orPath_ServiceFeesAccept = "Object Repository/RAD_Pages/ServiceFeeAccept_Page": null

2024-01-13 22:39:25 - [TEST_STEP][PASSED] - selectOptionByLabel(findTestObject(orPath_Landing + "/dd_TaxType"), Paymenttype, false): All options with label 'Existing Liability w/Notice Number' are selected in object 'Object Repository/RAD_Pages/Landing_Page/dd_TaxType' 

2024-01-13 22:39:26 - [MESSAGE][PASSED] - All options with label 'Existing Liability w/Notice Number' are selected in object 'Object Repository/RAD_Pages/Landing_Page/dd_TaxType' 

2024-01-13 22:39:26 - [TEST_STEP][PASSED] - delay(1): Delayed 1 second(s)

2024-01-13 22:39:27 - [MESSAGE][PASSED] - Delayed 1 second(s)

2024-01-13 22:39:27 - [TEST_STEP][PASSED] - switch (Paymenttype): null

2024-01-13 22:39:27 - [TEST_STEP][PASSED] - case "Existing Liability w/Notice Number":: null

2024-01-13 22:39:27 - [TEST_STEP][PASSED] - selectOptionByLabel(findTestObject(orPath_TaxTypeFilingYear + "/select_TaxType_ExistingLiability"), Taxtype, false): All options with label 'Estate Tax' are selected in object 'Object Repository/RAD_Pages/TaxTypeFilingYear_Page/select_TaxType_ExistingLiability' 

2024-01-13 22:39:27 - [MESSAGE][PASSED] - All options with label 'Estate Tax' are selected in object 'Object Repository/RAD_Pages/TaxTypeFilingYear_Page/select_TaxType_ExistingLiability' 

2024-01-13 22:39:27 - [TEST_STEP][PASSED] - break: null

2024-01-13 22:39:27 - [TEST_STEP][PASSED] - delay(1): Delayed 1 second(s)

2024-01-13 22:39:28 - [MESSAGE][PASSED] - Delayed 1 second(s)

2024-01-13 22:39:28 - [TEST_STEP][FAILED] - switch (Paymenttype): null

2024-01-13 22:39:28 - [TEST_STEP][FAILED] - case "Existing Liability w/Notice Number":: null

2024-01-13 22:39:28 - [TEST_STEP][FAILED] - setEncryptedText(findTestObject("Object Repository/RAD_RecordAndPlay/input_Existing_FEIN"), "RigbBhfdqOBDK95asqKeHw=="): Unable to set encrypted text for object 'Object Repository/RAD_RecordAndPlay/input_Existing_FEIN' (Root cause: com.kms.katalon.core.exception.StepFailedException: Unable to set encrypted text for object 'Object Repository/RAD_RecordAndPlay/input_Existing_FEIN'
	at com.kms.katalon.core.webui.keyword.internal.WebUIKeywordMain.stepFailed(WebUIKeywordMain.groovy:64)
	at com.kms.katalon.core.webui.keyword.internal.WebUIKeywordMain.runKeyword(WebUIKeywordMain.groovy:26)
	at com.kms.katalon.core.webui.keyword.builtin.SetEncryptedTextKeyword.setEncryptedText(SetEncryptedTextKeyword.groovy:65)
	at com.kms.katalon.core.webui.keyword.builtin.SetEncryptedTextKeyword.execute(SetEncryptedTextKeyword.groovy:34)
	at com.kms.katalon.core.keyword.internal.KeywordExecutor.executeKeywordForPlatform(KeywordExecutor.groovy:74)
	at com.kms.katalon.core.webui.keyword.WebUiBuiltInKeywords.setEncryptedText(WebUiBuiltInKeywords.groovy:1011)
	at com.kms.katalon.core.webui.keyword.WebUiBuiltInKeywords$setEncryptedText$4.call(Unknown Source)
	at FEINmoreThan9Error-NEW.run(FEINmoreThan9Error-NEW:128)
	at com.kms.katalon.core.main.ScriptEngine.run(ScriptEngine.java:194)
	at com.kms.katalon.core.main.ScriptEngine.runScriptAsRawText(ScriptEngine.java:119)
	at com.kms.katalon.core.main.TestCaseExecutor.runScript(TestCaseExecutor.java:448)
	at com.kms.katalon.core.main.TestCaseExecutor.doExecute(TestCaseExecutor.java:439)
	at com.kms.katalon.core.main.TestCaseExecutor.processExecutionPhase(TestCaseExecutor.java:418)
	at com.kms.katalon.core.main.TestCaseExecutor.accessMainPhase(TestCaseExecutor.java:410)
	at com.kms.katalon.core.main.TestCaseExecutor.execute(TestCaseExecutor.java:285)
	at com.kms.katalon.core.common.CommonExecutor.accessTestCaseMainPhase(CommonExecutor.java:65)
	at com.kms.katalon.core.main.TestSuiteExecutor.accessTestSuiteMainPhase(TestSuiteExecutor.java:148)
	at com.kms.katalon.core.main.TestSuiteExecutor.execute(TestSuiteExecutor.java:106)
	at com.kms.katalon.core.main.TestCaseMain.startTestSuite(TestCaseMain.java:187)
	at com.kms.katalon.core.main.TestCaseMain$startTestSuite$0.call(Unknown Source)
	at TempTestSuite1705202981112.run(TempTestSuite1705202981112.groovy:36)
Caused by: org.openqa.selenium.ElementNotInteractableException: element not interactable
  (Session info: chrome=120.0.6099.200)
Build info: version: '3.141.59', revision: 'e82be7d358', time: '2018-11-14T08:25:53'
System info: host: 'DESKTOP-B2QI6NS', ip: '172.31.253.139', os.name: 'Windows 10', os.arch: 'amd64', os.version: '10.0', java.version: '1.8.0_181'
Driver info: com.kms.katalon.selenium.driver.CChromeDriver
Capabilities {acceptInsecureCerts: true, browserName: chrome, browserVersion: 120.0.6099.200, chrome: {chromedriverVersion: 119.0.6045.105 (38c72552c5e..., userDataDir: C:\Users\imtiaz\AppData\Loc...}, fedcm:accounts: true, goog:chromeOptions: {debuggerAddress: localhost:58976}, javascriptEnabled: true, networkConnectionEnabled: false, pageLoadStrategy: normal, platform: WINDOWS, platformName: WINDOWS, proxy: Proxy(), setWindowRect: true, strictFileInteractability: false, timeouts: {implicit: 0, pageLoad: 300000, script: 30000}, unhandledPromptBehavior: dismiss and notify, webauthn:extension:credBlob: true, webauthn:extension:largeBlob: true, webauthn:extension:minPinLength: true, webauthn:extension:prf: true, webauthn:virtualAuthenticators: true}
Session ID: 35588857da4ddb32d934b2fc0fc565c0
	at org.openqa.selenium.remote.http.W3CHttpResponseCodec.createException(W3CHttpResponseCodec.java:187)
	at org.openqa.selenium.remote.http.W3CHttpResponseCodec.decode(W3CHttpResponseCodec.java:122)
	at org.openqa.selenium.remote.http.W3CHttpResponseCodec.decode(W3CHttpResponseCodec.java:49)
	at org.openqa.selenium.remote.HttpCommandExecutor.execute(HttpCommandExecutor.java:158)
	at org.openqa.selenium.remote.service.DriverCommandExecutor.execute(DriverCommandExecutor.java:83)
	at org.openqa.selenium.remote.RemoteWebDriver.execute(RemoteWebDriver.java:552)
	at com.kms.katalon.selenium.driver.CChromeDriver.execute(CChromeDriver.java:19)
	at org.openqa.selenium.remote.RemoteWebElement.execute(RemoteWebElement.java:285)
	at org.openqa.selenium.remote.RemoteWebElement.clear(RemoteWebElement.java:124)
	at org.openqa.selenium.support.events.EventFiringWebDriver$EventFiringWebElement.lambda$new$0(EventFiringWebDriver.java:404)
	at com.sun.proxy.$Proxy11.clear(Unknown Source)
	at org.openqa.selenium.support.events.EventFiringWebDriver$EventFiringWebElement.clear(EventFiringWebDriver.java:436)
	at com.kms.katalon.core.webui.keyword.builtin.SetEncryptedTextKeyword$_setEncryptedText_closure1.doCall(SetEncryptedTextKeyword.groovy:54)
	at com.kms.katalon.core.webui.keyword.builtin.SetEncryptedTextKeyword$_setEncryptedText_closure1.call(SetEncryptedTextKeyword.groovy)
	at com.kms.katalon.core.webui.keyword.internal.WebUIKeywordMain.runKeyword(WebUIKeywordMain.groovy:20)
	at com.kms.katalon.core.webui.keyword.builtin.SetEncryptedTextKeyword.setEncryptedText(SetEncryptedTextKeyword.groovy:65)
	at com.kms.katalon.core.webui.keyword.builtin.SetEncryptedTextKeyword.execute(SetEncryptedTextKeyword.groovy:34)
	at com.kms.katalon.core.keyword.internal.KeywordExecutor.executeKeywordForPlatform(KeywordExecutor.groovy:74)
	at com.kms.katalon.core.webui.keyword.WebUiBuiltInKeywords.setEncryptedText(WebUiBuiltInKeywords.groovy:1011)
	at com.kms.katalon.core.webui.keyword.WebUiBuiltInKeywords$setEncryptedText$4.call(Unknown Source)
	at Script1693447938304.run(Script1693447938304.groovy:128)
	... 13 more
)

2024-01-13 22:39:29 - [MESSAGE][FAILED] - Unable to set encrypted text for object 'Object Repository/RAD_RecordAndPlay/input_Existing_FEIN' (Root cause: com.kms.katalon.core.exception.StepFailedException: Unable to set encrypted text for object 'Object Repository/RAD_RecordAndPlay/input_Existing_FEIN'
	at com.kms.katalon.core.webui.keyword.internal.WebUIKeywordMain.stepFailed(WebUIKeywordMain.groovy:64)
	at com.kms.katalon.core.webui.keyword.internal.WebUIKeywordMain.runKeyword(WebUIKeywordMain.groovy:26)
	at com.kms.katalon.core.webui.keyword.builtin.SetEncryptedTextKeyword.setEncryptedText(SetEncryptedTextKeyword.groovy:65)
	at com.kms.katalon.core.webui.keyword.builtin.SetEncryptedTextKeyword.execute(SetEncryptedTextKeyword.groovy:34)
	at com.kms.katalon.core.keyword.internal.KeywordExecutor.executeKeywordForPlatform(KeywordExecutor.groovy:74)
	at com.kms.katalon.core.webui.keyword.WebUiBuiltInKeywords.setEncryptedText(WebUiBuiltInKeywords.groovy:1011)
	at com.kms.katalon.core.webui.keyword.WebUiBuiltInKeywords$setEncryptedText$4.call(Unknown Source)
	at FEINmoreThan9Error-NEW.run(FEINmoreThan9Error-NEW:128)
	at com.kms.katalon.core.main.ScriptEngine.run(ScriptEngine.java:194)
	at com.kms.katalon.core.main.ScriptEngine.runScriptAsRawText(ScriptEngine.java:119)
	at com.kms.katalon.core.main.TestCaseExecutor.runScript(TestCaseExecutor.java:448)
	at com.kms.katalon.core.main.TestCaseExecutor.doExecute(TestCaseExecutor.java:439)
	at com.kms.katalon.core.main.TestCaseExecutor.processExecutionPhase(TestCaseExecutor.java:418)
	at com.kms.katalon.core.main.TestCaseExecutor.accessMainPhase(TestCaseExecutor.java:410)
	at com.kms.katalon.core.main.TestCaseExecutor.execute(TestCaseExecutor.java:285)
	at com.kms.katalon.core.common.CommonExecutor.accessTestCaseMainPhase(CommonExecutor.java:65)
	at com.kms.katalon.core.main.TestSuiteExecutor.accessTestSuiteMainPhase(TestSuiteExecutor.java:148)
	at com.kms.katalon.core.main.TestSuiteExecutor.execute(TestSuiteExecutor.java:106)
	at com.kms.katalon.core.main.TestCaseMain.startTestSuite(TestCaseMain.java:187)
	at com.kms.katalon.core.main.TestCaseMain$startTestSuite$0.call(Unknown Source)
	at TempTestSuite1705202981112.run(TempTestSuite1705202981112.groovy:36)
Caused by: org.openqa.selenium.ElementNotInteractableException: element not interactable
  (Session info: chrome=120.0.6099.200)
Build info: version: '3.141.59', revision: 'e82be7d358', time: '2018-11-14T08:25:53'
System info: host: 'DESKTOP-B2QI6NS', ip: '172.31.253.139', os.name: 'Windows 10', os.arch: 'amd64', os.version: '10.0', java.version: '1.8.0_181'
Driver info: com.kms.katalon.selenium.driver.CChromeDriver
Capabilities {acceptInsecureCerts: true, browserName: chrome, browserVersion: 120.0.6099.200, chrome: {chromedriverVersion: 119.0.6045.105 (38c72552c5e..., userDataDir: C:\Users\imtiaz\AppData\Loc...}, fedcm:accounts: true, goog:chromeOptions: {debuggerAddress: localhost:58976}, javascriptEnabled: true, networkConnectionEnabled: false, pageLoadStrategy: normal, platform: WINDOWS, platformName: WINDOWS, proxy: Proxy(), setWindowRect: true, strictFileInteractability: false, timeouts: {implicit: 0, pageLoad: 300000, script: 30000}, unhandledPromptBehavior: dismiss and notify, webauthn:extension:credBlob: true, webauthn:extension:largeBlob: true, webauthn:extension:minPinLength: true, webauthn:extension:prf: true, webauthn:virtualAuthenticators: true}
Session ID: 35588857da4ddb32d934b2fc0fc565c0
	at org.openqa.selenium.remote.http.W3CHttpResponseCodec.createException(W3CHttpResponseCodec.java:187)
	at org.openqa.selenium.remote.http.W3CHttpResponseCodec.decode(W3CHttpResponseCodec.java:122)
	at org.openqa.selenium.remote.http.W3CHttpResponseCodec.decode(W3CHttpResponseCodec.java:49)
	at org.openqa.selenium.remote.HttpCommandExecutor.execute(HttpCommandExecutor.java:158)
	at org.openqa.selenium.remote.service.DriverCommandExecutor.execute(DriverCommandExecutor.java:83)
	at org.openqa.selenium.remote.RemoteWebDriver.execute(RemoteWebDriver.java:552)
	at com.kms.katalon.selenium.driver.CChromeDriver.execute(CChromeDriver.java:19)
	at org.openqa.selenium.remote.RemoteWebElement.execute(RemoteWebElement.java:285)
	at org.openqa.selenium.remote.RemoteWebElement.clear(RemoteWebElement.java:124)
	at org.openqa.selenium.support.events.EventFiringWebDriver$EventFiringWebElement.lambda$new$0(EventFiringWebDriver.java:404)
	at com.sun.proxy.$Proxy11.clear(Unknown Source)
	at org.openqa.selenium.support.events.EventFiringWebDriver$EventFiringWebElement.clear(EventFiringWebDriver.java:436)
	at com.kms.katalon.core.webui.keyword.builtin.SetEncryptedTextKeyword$_setEncryptedText_closure1.doCall(SetEncryptedTextKeyword.groovy:54)
	at com.kms.katalon.core.webui.keyword.builtin.SetEncryptedTextKeyword$_setEncryptedText_closure1.call(SetEncryptedTextKeyword.groovy)
	at com.kms.katalon.core.webui.keyword.internal.WebUIKeywordMain.runKeyword(WebUIKeywordMain.groovy:20)
	at com.kms.katalon.core.webui.keyword.builtin.SetEncryptedTextKeyword.setEncryptedText(SetEncryptedTextKeyword.groovy:65)
	at com.kms.katalon.core.webui.keyword.builtin.SetEncryptedTextKeyword.execute(SetEncryptedTextKeyword.groovy:34)
	at com.kms.katalon.core.keyword.internal.KeywordExecutor.executeKeywordForPlatform(KeywordExecutor.groovy:74)
	at com.kms.katalon.core.webui.keyword.WebUiBuiltInKeywords.setEncryptedText(WebUiBuiltInKeywords.groovy:1011)
	at com.kms.katalon.core.webui.keyword.WebUiBuiltInKeywords$setEncryptedText$4.call(Unknown Source)
	at Script1693447938304.run(Script1693447938304.groovy:128)
	... 13 more
)
[[ATTACHMENT|E:\\Cloned-Project-Katalon\\VPS-Katalon\\Reports\\20240113_222941\\RAD_TestSuite\\RAD_UI_TestSuite\\20240113_222941\\1705203569070.png]]

2024-01-13 22:39:29 - [TEST_STEP][FAILED] - setEncryptedText(findTestObject("Object Repository/RAD_RecordAndPlay/input_Existing_RetypeFEIN"), ""): Unable to set encrypted text for object 'Object Repository/RAD_RecordAndPlay/input_Existing_RetypeFEIN' (Root cause: com.kms.katalon.core.exception.StepFailedException: Unable to set encrypted text for object 'Object Repository/RAD_RecordAndPlay/input_Existing_RetypeFEIN'
	at com.kms.katalon.core.webui.keyword.internal.WebUIKeywordMain.stepFailed(WebUIKeywordMain.groovy:64)
	at com.kms.katalon.core.webui.keyword.internal.WebUIKeywordMain.runKeyword(WebUIKeywordMain.groovy:26)
	at com.kms.katalon.core.webui.keyword.builtin.SetEncryptedTextKeyword.setEncryptedText(SetEncryptedTextKeyword.groovy:65)
	at com.kms.katalon.core.webui.keyword.builtin.SetEncryptedTextKeyword.execute(SetEncryptedTextKeyword.groovy:34)
	at com.kms.katalon.core.keyword.internal.KeywordExecutor.executeKeywordForPlatform(KeywordExecutor.groovy:74)
	at com.kms.katalon.core.webui.keyword.WebUiBuiltInKeywords.setEncryptedText(WebUiBuiltInKeywords.groovy:1011)
	at com.kms.katalon.core.webui.keyword.WebUiBuiltInKeywords$setEncryptedText$4.call(Unknown Source)
	at FEINmoreThan9Error-NEW.run(FEINmoreThan9Error-NEW:129)
	at com.kms.katalon.core.main.ScriptEngine.run(ScriptEngine.java:194)
	at com.kms.katalon.core.main.ScriptEngine.runScriptAsRawText(ScriptEngine.java:119)
	at com.kms.katalon.core.main.TestCaseExecutor.runScript(TestCaseExecutor.java:448)
	at com.kms.katalon.core.main.TestCaseExecutor.doExecute(TestCaseExecutor.java:439)
	at com.kms.katalon.core.main.TestCaseExecutor.processExecutionPhase(TestCaseExecutor.java:418)
	at com.kms.katalon.core.main.TestCaseExecutor.accessMainPhase(TestCaseExecutor.java:410)
	at com.kms.katalon.core.main.TestCaseExecutor.execute(TestCaseExecutor.java:285)
	at com.kms.katalon.core.common.CommonExecutor.accessTestCaseMainPhase(CommonExecutor.java:65)
	at com.kms.katalon.core.main.TestSuiteExecutor.accessTestSuiteMainPhase(TestSuiteExecutor.java:148)
	at com.kms.katalon.core.main.TestSuiteExecutor.execute(TestSuiteExecutor.java:106)
	at com.kms.katalon.core.main.TestCaseMain.startTestSuite(TestCaseMain.java:187)
	at com.kms.katalon.core.main.TestCaseMain$startTestSuite$0.call(Unknown Source)
	at TempTestSuite1705202981112.run(TempTestSuite1705202981112.groovy:36)
Caused by: org.openqa.selenium.ElementNotInteractableException: element not interactable
  (Session info: chrome=120.0.6099.200)
Build info: version: '3.141.59', revision: 'e82be7d358', time: '2018-11-14T08:25:53'
System info: host: 'DESKTOP-B2QI6NS', ip: '172.31.253.139', os.name: 'Windows 10', os.arch: 'amd64', os.version: '10.0', java.version: '1.8.0_181'
Driver info: com.kms.katalon.selenium.driver.CChromeDriver
Capabilities {acceptInsecureCerts: true, browserName: chrome, browserVersion: 120.0.6099.200, chrome: {chromedriverVersion: 119.0.6045.105 (38c72552c5e..., userDataDir: C:\Users\imtiaz\AppData\Loc...}, fedcm:accounts: true, goog:chromeOptions: {debuggerAddress: localhost:58976}, javascriptEnabled: true, networkConnectionEnabled: false, pageLoadStrategy: normal, platform: WINDOWS, platformName: WINDOWS, proxy: Proxy(), setWindowRect: true, strictFileInteractability: false, timeouts: {implicit: 0, pageLoad: 300000, script: 30000}, unhandledPromptBehavior: dismiss and notify, webauthn:extension:credBlob: true, webauthn:extension:largeBlob: true, webauthn:extension:minPinLength: true, webauthn:extension:prf: true, webauthn:virtualAuthenticators: true}
Session ID: 35588857da4ddb32d934b2fc0fc565c0
	at org.openqa.selenium.remote.http.W3CHttpResponseCodec.createException(W3CHttpResponseCodec.java:187)
	at org.openqa.selenium.remote.http.W3CHttpResponseCodec.decode(W3CHttpResponseCodec.java:122)
	at org.openqa.selenium.remote.http.W3CHttpResponseCodec.decode(W3CHttpResponseCodec.java:49)
	at org.openqa.selenium.remote.HttpCommandExecutor.execute(HttpCommandExecutor.java:158)
	at org.openqa.selenium.remote.service.DriverCommandExecutor.execute(DriverCommandExecutor.java:83)
	at org.openqa.selenium.remote.RemoteWebDriver.execute(RemoteWebDriver.java:552)
	at com.kms.katalon.selenium.driver.CChromeDriver.execute(CChromeDriver.java:19)
	at org.openqa.selenium.remote.RemoteWebElement.execute(RemoteWebElement.java:285)
	at org.openqa.selenium.remote.RemoteWebElement.clear(RemoteWebElement.java:124)
	at org.openqa.selenium.support.events.EventFiringWebDriver$EventFiringWebElement.lambda$new$0(EventFiringWebDriver.java:404)
	at com.sun.proxy.$Proxy11.clear(Unknown Source)
	at org.openqa.selenium.support.events.EventFiringWebDriver$EventFiringWebElement.clear(EventFiringWebDriver.java:436)
	at com.kms.katalon.core.webui.keyword.builtin.SetEncryptedTextKeyword$_setEncryptedText_closure1.doCall(SetEncryptedTextKeyword.groovy:54)
	at com.kms.katalon.core.webui.keyword.builtin.SetEncryptedTextKeyword$_setEncryptedText_closure1.call(SetEncryptedTextKeyword.groovy)
	at com.kms.katalon.core.webui.keyword.internal.WebUIKeywordMain.runKeyword(WebUIKeywordMain.groovy:20)
	at com.kms.katalon.core.webui.keyword.builtin.SetEncryptedTextKeyword.setEncryptedText(SetEncryptedTextKeyword.groovy:65)
	at com.kms.katalon.core.webui.keyword.builtin.SetEncryptedTextKeyword.execute(SetEncryptedTextKeyword.groovy:34)
	at com.kms.katalon.core.keyword.internal.KeywordExecutor.executeKeywordForPlatform(KeywordExecutor.groovy:74)
	at com.kms.katalon.core.webui.keyword.WebUiBuiltInKeywords.setEncryptedText(WebUiBuiltInKeywords.groovy:1011)
	at com.kms.katalon.core.webui.keyword.WebUiBuiltInKeywords$setEncryptedText$4.call(Unknown Source)
	at Script1693447938304.run(Script1693447938304.groovy:129)
	... 13 more
)

2024-01-13 22:39:29 - [MESSAGE][FAILED] - Unable to set encrypted text for object 'Object Repository/RAD_RecordAndPlay/input_Existing_RetypeFEIN' (Root cause: com.kms.katalon.core.exception.StepFailedException: Unable to set encrypted text for object 'Object Repository/RAD_RecordAndPlay/input_Existing_RetypeFEIN'
	at com.kms.katalon.core.webui.keyword.internal.WebUIKeywordMain.stepFailed(WebUIKeywordMain.groovy:64)
	at com.kms.katalon.core.webui.keyword.internal.WebUIKeywordMain.runKeyword(WebUIKeywordMain.groovy:26)
	at com.kms.katalon.core.webui.keyword.builtin.SetEncryptedTextKeyword.setEncryptedText(SetEncryptedTextKeyword.groovy:65)
	at com.kms.katalon.core.webui.keyword.builtin.SetEncryptedTextKeyword.execute(SetEncryptedTextKeyword.groovy:34)
	at com.kms.katalon.core.keyword.internal.KeywordExecutor.executeKeywordForPlatform(KeywordExecutor.groovy:74)
	at com.kms.katalon.core.webui.keyword.WebUiBuiltInKeywords.setEncryptedText(WebUiBuiltInKeywords.groovy:1011)
	at com.kms.katalon.core.webui.keyword.WebUiBuiltInKeywords$setEncryptedText$4.call(Unknown Source)
	at FEINmoreThan9Error-NEW.run(FEINmoreThan9Error-NEW:129)
	at com.kms.katalon.core.main.ScriptEngine.run(ScriptEngine.java:194)
	at com.kms.katalon.core.main.ScriptEngine.runScriptAsRawText(ScriptEngine.java:119)
	at com.kms.katalon.core.main.TestCaseExecutor.runScript(TestCaseExecutor.java:448)
	at com.kms.katalon.core.main.TestCaseExecutor.doExecute(TestCaseExecutor.java:439)
	at com.kms.katalon.core.main.TestCaseExecutor.processExecutionPhase(TestCaseExecutor.java:418)
	at com.kms.katalon.core.main.TestCaseExecutor.accessMainPhase(TestCaseExecutor.java:410)
	at com.kms.katalon.core.main.TestCaseExecutor.execute(TestCaseExecutor.java:285)
	at com.kms.katalon.core.common.CommonExecutor.accessTestCaseMainPhase(CommonExecutor.java:65)
	at com.kms.katalon.core.main.TestSuiteExecutor.accessTestSuiteMainPhase(TestSuiteExecutor.java:148)
	at com.kms.katalon.core.main.TestSuiteExecutor.execute(TestSuiteExecutor.java:106)
	at com.kms.katalon.core.main.TestCaseMain.startTestSuite(TestCaseMain.java:187)
	at com.kms.katalon.core.main.TestCaseMain$startTestSuite$0.call(Unknown Source)
	at TempTestSuite1705202981112.run(TempTestSuite1705202981112.groovy:36)
Caused by: org.openqa.selenium.ElementNotInteractableException: element not interactable
  (Session info: chrome=120.0.6099.200)
Build info: version: '3.141.59', revision: 'e82be7d358', time: '2018-11-14T08:25:53'
System info: host: 'DESKTOP-B2QI6NS', ip: '172.31.253.139', os.name: 'Windows 10', os.arch: 'amd64', os.version: '10.0', java.version: '1.8.0_181'
Driver info: com.kms.katalon.selenium.driver.CChromeDriver
Capabilities {acceptInsecureCerts: true, browserName: chrome, browserVersion: 120.0.6099.200, chrome: {chromedriverVersion: 119.0.6045.105 (38c72552c5e..., userDataDir: C:\Users\imtiaz\AppData\Loc...}, fedcm:accounts: true, goog:chromeOptions: {debuggerAddress: localhost:58976}, javascriptEnabled: true, networkConnectionEnabled: false, pageLoadStrategy: normal, platform: WINDOWS, platformName: WINDOWS, proxy: Proxy(), setWindowRect: true, strictFileInteractability: false, timeouts: {implicit: 0, pageLoad: 300000, script: 30000}, unhandledPromptBehavior: dismiss and notify, webauthn:extension:credBlob: true, webauthn:extension:largeBlob: true, webauthn:extension:minPinLength: true, webauthn:extension:prf: true, webauthn:virtualAuthenticators: true}
Session ID: 35588857da4ddb32d934b2fc0fc565c0
	at org.openqa.selenium.remote.http.W3CHttpResponseCodec.createException(W3CHttpResponseCodec.java:187)
	at org.openqa.selenium.remote.http.W3CHttpResponseCodec.decode(W3CHttpResponseCodec.java:122)
	at org.openqa.selenium.remote.http.W3CHttpResponseCodec.decode(W3CHttpResponseCodec.java:49)
	at org.openqa.selenium.remote.HttpCommandExecutor.execute(HttpCommandExecutor.java:158)
	at org.openqa.selenium.remote.service.DriverCommandExecutor.execute(DriverCommandExecutor.java:83)
	at org.openqa.selenium.remote.RemoteWebDriver.execute(RemoteWebDriver.java:552)
	at com.kms.katalon.selenium.driver.CChromeDriver.execute(CChromeDriver.java:19)
	at org.openqa.selenium.remote.RemoteWebElement.execute(RemoteWebElement.java:285)
	at org.openqa.selenium.remote.RemoteWebElement.clear(RemoteWebElement.java:124)
	at org.openqa.selenium.support.events.EventFiringWebDriver$EventFiringWebElement.lambda$new$0(EventFiringWebDriver.java:404)
	at com.sun.proxy.$Proxy11.clear(Unknown Source)
	at org.openqa.selenium.support.events.EventFiringWebDriver$EventFiringWebElement.clear(EventFiringWebDriver.java:436)
	at com.kms.katalon.core.webui.keyword.builtin.SetEncryptedTextKeyword$_setEncryptedText_closure1.doCall(SetEncryptedTextKeyword.groovy:54)
	at com.kms.katalon.core.webui.keyword.builtin.SetEncryptedTextKeyword$_setEncryptedText_closure1.call(SetEncryptedTextKeyword.groovy)
	at com.kms.katalon.core.webui.keyword.internal.WebUIKeywordMain.runKeyword(WebUIKeywordMain.groovy:20)
	at com.kms.katalon.core.webui.keyword.builtin.SetEncryptedTextKeyword.setEncryptedText(SetEncryptedTextKeyword.groovy:65)
	at com.kms.katalon.core.webui.keyword.builtin.SetEncryptedTextKeyword.execute(SetEncryptedTextKeyword.groovy:34)
	at com.kms.katalon.core.keyword.internal.KeywordExecutor.executeKeywordForPlatform(KeywordExecutor.groovy:74)
	at com.kms.katalon.core.webui.keyword.WebUiBuiltInKeywords.setEncryptedText(WebUiBuiltInKeywords.groovy:1011)
	at com.kms.katalon.core.webui.keyword.WebUiBuiltInKeywords$setEncryptedText$4.call(Unknown Source)
	at Script1693447938304.run(Script1693447938304.groovy:129)
	... 13 more
)
[[ATTACHMENT|E:\\Cloned-Project-Katalon\\VPS-Katalon\\Reports\\20240113_222941\\RAD_TestSuite\\RAD_UI_TestSuite\\20240113_222941\\1705203569737.png]]

2024-01-13 22:39:29 - [TEST_STEP][PASSED] - break: null

2024-01-13 22:39:29 - [TEST_STEP][FAILED] - verifyTextPresent("Please enter a valid FEIN with 9 digits.", true): Text 'Please enter a valid FEIN with 9 digits.' is not present on page  using regular expression (Root cause: com.kms.katalon.core.exception.StepFailedException: Text 'Please enter a valid FEIN with 9 digits.' is not present on page  using regular expression
	at com.kms.katalon.core.webui.keyword.internal.WebUIKeywordMain.stepFailed(WebUIKeywordMain.groovy:64)
	at com.kms.katalon.core.webui.keyword.builtin.VerifyTextPresentKeyword$_verifyTextPresent_closure1.doCall(VerifyTextPresentKeyword.groovy:79)
	at com.kms.katalon.core.webui.keyword.builtin.VerifyTextPresentKeyword$_verifyTextPresent_closure1.call(VerifyTextPresentKeyword.groovy)
	at com.kms.katalon.core.webui.keyword.internal.WebUIKeywordMain.runKeyword(WebUIKeywordMain.groovy:20)
	at com.kms.katalon.core.webui.keyword.builtin.VerifyTextPresentKeyword.verifyTextPresent(VerifyTextPresentKeyword.groovy:83)
	at com.kms.katalon.core.webui.keyword.builtin.VerifyTextPresentKeyword.execute(VerifyTextPresentKeyword.groovy:68)
	at com.kms.katalon.core.keyword.internal.KeywordExecutor.executeKeywordForPlatform(KeywordExecutor.groovy:74)
	at com.kms.katalon.core.webui.keyword.WebUiBuiltInKeywords.verifyTextPresent(WebUiBuiltInKeywords.groovy:1723)
	at com.kms.katalon.core.webui.keyword.WebUiBuiltInKeywords$verifyTextPresent$6.call(Unknown Source)
	at FEINmoreThan9Error-NEW.run(FEINmoreThan9Error-NEW:161)
	at com.kms.katalon.core.main.ScriptEngine.run(ScriptEngine.java:194)
	at com.kms.katalon.core.main.ScriptEngine.runScriptAsRawText(ScriptEngine.java:119)
	at com.kms.katalon.core.main.TestCaseExecutor.runScript(TestCaseExecutor.java:448)
	at com.kms.katalon.core.main.TestCaseExecutor.doExecute(TestCaseExecutor.java:439)
	at com.kms.katalon.core.main.TestCaseExecutor.processExecutionPhase(TestCaseExecutor.java:418)
	at com.kms.katalon.core.main.TestCaseExecutor.accessMainPhase(TestCaseExecutor.java:410)
	at com.kms.katalon.core.main.TestCaseExecutor.execute(TestCaseExecutor.java:285)
	at com.kms.katalon.core.common.CommonExecutor.accessTestCaseMainPhase(CommonExecutor.java:65)
	at com.kms.katalon.core.main.TestSuiteExecutor.accessTestSuiteMainPhase(TestSuiteExecutor.java:148)
	at com.kms.katalon.core.main.TestSuiteExecutor.execute(TestSuiteExecutor.java:106)
	at com.kms.katalon.core.main.TestCaseMain.startTestSuite(TestCaseMain.java:187)
	at com.kms.katalon.core.main.TestCaseMain$startTestSuite$0.call(Unknown Source)
	at TempTestSuite1705202981112.run(TempTestSuite1705202981112.groovy:36)
)

2024-01-13 22:39:30 - [MESSAGE][FAILED] - Text 'Please enter a valid FEIN with 9 digits.' is not present on page  using regular expression (Root cause: com.kms.katalon.core.exception.StepFailedException: Text 'Please enter a valid FEIN with 9 digits.' is not present on page  using regular expression
	at com.kms.katalon.core.webui.keyword.internal.WebUIKeywordMain.stepFailed(WebUIKeywordMain.groovy:64)
	at com.kms.katalon.core.webui.keyword.builtin.VerifyTextPresentKeyword$_verifyTextPresent_closure1.doCall(VerifyTextPresentKeyword.groovy:79)
	at com.kms.katalon.core.webui.keyword.builtin.VerifyTextPresentKeyword$_verifyTextPresent_closure1.call(VerifyTextPresentKeyword.groovy)
	at com.kms.katalon.core.webui.keyword.internal.WebUIKeywordMain.runKeyword(WebUIKeywordMain.groovy:20)
	at com.kms.katalon.core.webui.keyword.builtin.VerifyTextPresentKeyword.verifyTextPresent(VerifyTextPresentKeyword.groovy:83)
	at com.kms.katalon.core.webui.keyword.builtin.VerifyTextPresentKeyword.execute(VerifyTextPresentKeyword.groovy:68)
	at com.kms.katalon.core.keyword.internal.KeywordExecutor.executeKeywordForPlatform(KeywordExecutor.groovy:74)
	at com.kms.katalon.core.webui.keyword.WebUiBuiltInKeywords.verifyTextPresent(WebUiBuiltInKeywords.groovy:1723)
	at com.kms.katalon.core.webui.keyword.WebUiBuiltInKeywords$verifyTextPresent$6.call(Unknown Source)
	at FEINmoreThan9Error-NEW.run(FEINmoreThan9Error-NEW:161)
	at com.kms.katalon.core.main.ScriptEngine.run(ScriptEngine.java:194)
	at com.kms.katalon.core.main.ScriptEngine.runScriptAsRawText(ScriptEngine.java:119)
	at com.kms.katalon.core.main.TestCaseExecutor.runScript(TestCaseExecutor.java:448)
	at com.kms.katalon.core.main.TestCaseExecutor.doExecute(TestCaseExecutor.java:439)
	at com.kms.katalon.core.main.TestCaseExecutor.processExecutionPhase(TestCaseExecutor.java:418)
	at com.kms.katalon.core.main.TestCaseExecutor.accessMainPhase(TestCaseExecutor.java:410)
	at com.kms.katalon.core.main.TestCaseExecutor.execute(TestCaseExecutor.java:285)
	at com.kms.katalon.core.common.CommonExecutor.accessTestCaseMainPhase(CommonExecutor.java:65)
	at com.kms.katalon.core.main.TestSuiteExecutor.accessTestSuiteMainPhase(TestSuiteExecutor.java:148)
	at com.kms.katalon.core.main.TestSuiteExecutor.execute(TestSuiteExecutor.java:106)
	at com.kms.katalon.core.main.TestCaseMain.startTestSuite(TestCaseMain.java:187)
	at com.kms.katalon.core.main.TestCaseMain$startTestSuite$0.call(Unknown Source)
	at TempTestSuite1705202981112.run(TempTestSuite1705202981112.groovy:36)
)

2024-01-13 22:39:30 - [TEST_STEP][FAILED] - if (verifyTextPresent("Please enter a valid FEIN with 9 digits.", true)): Text 'Please enter a valid FEIN with 9 digits.' is not present on page  using regular expression (Root cause: com.kms.katalon.core.exception.StepFailedException: Text 'Please enter a valid FEIN with 9 digits.' is not present on page  using regular expression
	at com.kms.katalon.core.webui.keyword.internal.WebUIKeywordMain.stepFailed(WebUIKeywordMain.groovy:64)
	at com.kms.katalon.core.webui.keyword.builtin.VerifyTextPresentKeyword$_verifyTextPresent_closure1.doCall(VerifyTextPresentKeyword.groovy:79)
	at com.kms.katalon.core.webui.keyword.builtin.VerifyTextPresentKeyword$_verifyTextPresent_closure1.call(VerifyTextPresentKeyword.groovy)
	at com.kms.katalon.core.webui.keyword.internal.WebUIKeywordMain.runKeyword(WebUIKeywordMain.groovy:20)
	at com.kms.katalon.core.webui.keyword.builtin.VerifyTextPresentKeyword.verifyTextPresent(VerifyTextPresentKeyword.groovy:83)
	at com.kms.katalon.core.webui.keyword.builtin.VerifyTextPresentKeyword.execute(VerifyTextPresentKeyword.groovy:68)
	at com.kms.katalon.core.keyword.internal.KeywordExecutor.executeKeywordForPlatform(KeywordExecutor.groovy:74)
	at com.kms.katalon.core.webui.keyword.WebUiBuiltInKeywords.verifyTextPresent(WebUiBuiltInKeywords.groovy:1723)
	at com.kms.katalon.core.webui.keyword.WebUiBuiltInKeywords$verifyTextPresent$6.call(Unknown Source)
	at FEINmoreThan9Error-NEW.run(FEINmoreThan9Error-NEW:163)
	at com.kms.katalon.core.main.ScriptEngine.run(ScriptEngine.java:194)
	at com.kms.katalon.core.main.ScriptEngine.runScriptAsRawText(ScriptEngine.java:119)
	at com.kms.katalon.core.main.TestCaseExecutor.runScript(TestCaseExecutor.java:448)
	at com.kms.katalon.core.main.TestCaseExecutor.doExecute(TestCaseExecutor.java:439)
	at com.kms.katalon.core.main.TestCaseExecutor.processExecutionPhase(TestCaseExecutor.java:418)
	at com.kms.katalon.core.main.TestCaseExecutor.accessMainPhase(TestCaseExecutor.java:410)
	at com.kms.katalon.core.main.TestCaseExecutor.execute(TestCaseExecutor.java:285)
	at com.kms.katalon.core.common.CommonExecutor.accessTestCaseMainPhase(CommonExecutor.java:65)
	at com.kms.katalon.core.main.TestSuiteExecutor.accessTestSuiteMainPhase(TestSuiteExecutor.java:148)
	at com.kms.katalon.core.main.TestSuiteExecutor.execute(TestSuiteExecutor.java:106)
	at com.kms.katalon.core.main.TestCaseMain.startTestSuite(TestCaseMain.java:187)
	at com.kms.katalon.core.main.TestCaseMain$startTestSuite$0.call(Unknown Source)
	at TempTestSuite1705202981112.run(TempTestSuite1705202981112.groovy:36)
)

2024-01-13 22:39:30 - [MESSAGE][FAILED] - Text 'Please enter a valid FEIN with 9 digits.' is not present on page  using regular expression (Root cause: com.kms.katalon.core.exception.StepFailedException: Text 'Please enter a valid FEIN with 9 digits.' is not present on page  using regular expression
	at com.kms.katalon.core.webui.keyword.internal.WebUIKeywordMain.stepFailed(WebUIKeywordMain.groovy:64)
	at com.kms.katalon.core.webui.keyword.builtin.VerifyTextPresentKeyword$_verifyTextPresent_closure1.doCall(VerifyTextPresentKeyword.groovy:79)
	at com.kms.katalon.core.webui.keyword.builtin.VerifyTextPresentKeyword$_verifyTextPresent_closure1.call(VerifyTextPresentKeyword.groovy)
	at com.kms.katalon.core.webui.keyword.internal.WebUIKeywordMain.runKeyword(WebUIKeywordMain.groovy:20)
	at com.kms.katalon.core.webui.keyword.builtin.VerifyTextPresentKeyword.verifyTextPresent(VerifyTextPresentKeyword.groovy:83)
	at com.kms.katalon.core.webui.keyword.builtin.VerifyTextPresentKeyword.execute(VerifyTextPresentKeyword.groovy:68)
	at com.kms.katalon.core.keyword.internal.KeywordExecutor.executeKeywordForPlatform(KeywordExecutor.groovy:74)
	at com.kms.katalon.core.webui.keyword.WebUiBuiltInKeywords.verifyTextPresent(WebUiBuiltInKeywords.groovy:1723)
	at com.kms.katalon.core.webui.keyword.WebUiBuiltInKeywords$verifyTextPresent$6.call(Unknown Source)
	at FEINmoreThan9Error-NEW.run(FEINmoreThan9Error-NEW:163)
	at com.kms.katalon.core.main.ScriptEngine.run(ScriptEngine.java:194)
	at com.kms.katalon.core.main.ScriptEngine.runScriptAsRawText(ScriptEngine.java:119)
	at com.kms.katalon.core.main.TestCaseExecutor.runScript(TestCaseExecutor.java:448)
	at com.kms.katalon.core.main.TestCaseExecutor.doExecute(TestCaseExecutor.java:439)
	at com.kms.katalon.core.main.TestCaseExecutor.processExecutionPhase(TestCaseExecutor.java:418)
	at com.kms.katalon.core.main.TestCaseExecutor.accessMainPhase(TestCaseExecutor.java:410)
	at com.kms.katalon.core.main.TestCaseExecutor.execute(TestCaseExecutor.java:285)
	at com.kms.katalon.core.common.CommonExecutor.accessTestCaseMainPhase(CommonExecutor.java:65)
	at com.kms.katalon.core.main.TestSuiteExecutor.accessTestSuiteMainPhase(TestSuiteExecutor.java:148)
	at com.kms.katalon.core.main.TestSuiteExecutor.execute(TestSuiteExecutor.java:106)
	at com.kms.katalon.core.main.TestCaseMain.startTestSuite(TestCaseMain.java:187)
	at com.kms.katalon.core.main.TestCaseMain$startTestSuite$0.call(Unknown Source)
	at TempTestSuite1705202981112.run(TempTestSuite1705202981112.groovy:36)
)

2024-01-13 22:39:30 - [TEST_STEP][PASSED] - else: pages.WriteExcel.demoKey is PASSED

2024-01-13 22:39:30 - [TEST_STEP][PASSED] - println("Error Message is NOT present on the page"): null

2024-01-13 22:39:30 - [TEST_STEP][PASSED] - out.println("Fail Record Number: " + row): null

2024-01-13 22:39:30 - [TEST_STEP][PASSED] - resText = "Fail": null

2024-01-13 22:39:30 - [TEST_STEP][PASSED] - pages.WriteExcel.demoKey(resText, datText, resColumn, datCloumn, fileLoc, nameSheet, row): pages.WriteExcel.demoKey is PASSED

2024-01-13 22:39:30 - [MESSAGE][PASSED] - pages.WriteExcel.demoKey is PASSED

2024-01-13 22:39:30 - [TEST_STEP][PASSED] - ExecuteTC = findTestData(dataFile).getValue("Execute", row): null

2024-01-13 22:39:30 - [TEST_STEP][PASSED] - Taxtype = findTestData(dataFile).getValue("TaxType", row): null

2024-01-13 22:39:30 - [TEST_STEP][PASSED] - Paymenttype = findTestData(dataFile).getValue("PaymentType", row): null

2024-01-13 22:39:30 - [TEST_STEP][PASSED] - out.println("Value of Execute is : " + ExecuteTC): null

2024-01-13 22:39:30 - [TEST_STEP][PASSED] - if (ExecuteTC.equalsIgnoreCase("Y")): null

2024-01-13 22:39:30 - [TEST_STEP][PASSED] - out.println("Begin Record Number: " + row): null

2024-01-13 22:39:30 - [TEST_STEP][PASSED] - today = new java.util.Date(): null

2024-01-13 22:39:30 - [TEST_STEP][PASSED] - println(today): null

2024-01-13 22:39:30 - [TEST_STEP][PASSED] - datText = today: null

2024-01-13 22:39:30 - [TEST_STEP][PASSED] - Taxtype = findTestData(dataFile).getValue("TaxType", row): null

2024-01-13 22:39:30 - [TEST_STEP][PASSED] - out.println("Taxtype value is : " + Taxtype): null

2024-01-13 22:39:30 - [TEST_STEP][PASSED] - openBrowser(""): Browser is opened with url: ''

2024-01-13 22:39:30 - [MESSAGE][WARNING] - A browser is already opened. Closing browser and opening a new one

2024-01-13 22:39:31 - [MESSAGE][INFO] - Starting 'Chrome' driver

2024-01-13 22:39:31 - [MESSAGE][INFO] - User set preference: ['acceptInsecureCerts', 'true']

2024-01-13 22:39:31 - [MESSAGE][INFO] - Action delay is set to 0 milliseconds

2024-01-13 22:39:33 - [MESSAGE][PASSED] - Browser is opened with url: ''

2024-01-13 22:39:33 - [TEST_STEP][PASSED] - maximizeWindow(): Current window maximized

2024-01-13 22:39:33 - [MESSAGE][PASSED] - Current window maximized

2024-01-13 22:39:33 - [TEST_STEP][PASSED] - navigateToUrl(RADurl): Navigate to 'https://qa2.velocitypayment.com/client/rad/index.html' successfully

2024-01-13 22:39:35 - [MESSAGE][PASSED] - Navigate to 'https://qa2.velocitypayment.com/client/rad/index.html' successfully

2024-01-13 22:39:35 - [TEST_STEP][PASSED] - orPath_Landing = "Object Repository/RAD_Pages/Landing_Page": null

2024-01-13 22:39:35 - [TEST_STEP][PASSED] - orPath_TaxTypeFilingYear = "Object Repository/RAD_Pages/TaxTypeFilingYear_Page": null

2024-01-13 22:39:35 - [TEST_STEP][PASSED] - orPath_TaxPayer = "Object Repository/RAD_Pages/Taxpayer_Page": null

2024-01-13 22:39:35 - [TEST_STEP][PASSED] - orPath_AddressContact = "Object Repository/RAD_Pages/AddressAndContactInfo_Page": null

2024-01-13 22:39:35 - [TEST_STEP][PASSED] - orPath_FilingStatus = "Object Repository/RAD_Pages/FilingStatus_Page": null

2024-01-13 22:39:35 - [TEST_STEP][PASSED] - orPath_Amount = "Object Repository/RAD_Pages/PaymentAmount_Page": null

2024-01-13 22:39:35 - [TEST_STEP][PASSED] - orPath_TaxInfo = "Object Repository/RAD_Pages/TaxInfo_Page": null

2024-01-13 22:39:35 - [TEST_STEP][PASSED] - orPath_Withholding = "Object Repository/RAD_Pages/Withholding_Page": null

2024-01-13 22:39:35 - [TEST_STEP][PASSED] - orPath_Summary = "Object Repository/RAD_Pages/Summary_Page": null

2024-01-13 22:39:35 - [TEST_STEP][PASSED] - orPath_PaymentReady = "Object Repository/RAD_Pages/PaymentReady_Page": null

2024-01-13 22:39:35 - [TEST_STEP][PASSED] - orPath_PaymentEntry = "Object Repository/RAD_Pages/PaymentEntry_Page": null

2024-01-13 22:39:35 - [TEST_STEP][PASSED] - orPath_PaymentConfirmation = "Object Repository/RAD_Pages/PaymentConfirmation_Page": null

2024-01-13 22:39:35 - [TEST_STEP][PASSED] - orPath_ServiceFeesAccept = "Object Repository/RAD_Pages/ServiceFeeAccept_Page": null

2024-01-13 22:39:35 - [TEST_STEP][PASSED] - selectOptionByLabel(findTestObject(orPath_Landing + "/dd_TaxType"), Paymenttype, false): All options with label 'Existing Liability w/Notice Number' are selected in object 'Object Repository/RAD_Pages/Landing_Page/dd_TaxType' 

2024-01-13 22:39:36 - [MESSAGE][PASSED] - All options with label 'Existing Liability w/Notice Number' are selected in object 'Object Repository/RAD_Pages/Landing_Page/dd_TaxType' 

2024-01-13 22:39:36 - [TEST_STEP][PASSED] - delay(1): Delayed 1 second(s)

2024-01-13 22:39:37 - [MESSAGE][PASSED] - Delayed 1 second(s)

2024-01-13 22:39:37 - [TEST_STEP][PASSED] - switch (Paymenttype): null

2024-01-13 22:39:37 - [TEST_STEP][PASSED] - case "Existing Liability w/Notice Number":: null

2024-01-13 22:39:37 - [TEST_STEP][PASSED] - selectOptionByLabel(findTestObject(orPath_TaxTypeFilingYear + "/select_TaxType_ExistingLiability"), Taxtype, false): All options with label 'Motor Fuel Tax' are selected in object 'Object Repository/RAD_Pages/TaxTypeFilingYear_Page/select_TaxType_ExistingLiability' 

2024-01-13 22:39:37 - [MESSAGE][PASSED] - All options with label 'Motor Fuel Tax' are selected in object 'Object Repository/RAD_Pages/TaxTypeFilingYear_Page/select_TaxType_ExistingLiability' 

2024-01-13 22:39:37 - [TEST_STEP][PASSED] - break: null

2024-01-13 22:39:37 - [TEST_STEP][PASSED] - delay(1): Delayed 1 second(s)

2024-01-13 22:39:38 - [MESSAGE][PASSED] - Delayed 1 second(s)

2024-01-13 22:39:38 - [TEST_STEP][PASSED] - switch (Paymenttype): null

2024-01-13 22:39:38 - [TEST_STEP][PASSED] - case "Existing Liability w/Notice Number":: null

2024-01-13 22:39:38 - [TEST_STEP][PASSED] - setEncryptedText(findTestObject("Object Repository/RAD_RecordAndPlay/input_Existing_FEIN"), "RigbBhfdqOBDK95asqKeHw=="): Text ****** has been set on object 'Object Repository/RAD_RecordAndPlay/input_Existing_FEIN'

2024-01-13 22:39:39 - [MESSAGE][PASSED] - Text ****** has been set on object 'Object Repository/RAD_RecordAndPlay/input_Existing_FEIN'

2024-01-13 22:39:39 - [TEST_STEP][PASSED] - setEncryptedText(findTestObject("Object Repository/RAD_RecordAndPlay/input_Existing_RetypeFEIN"), ""): Text ****** has been set on object 'Object Repository/RAD_RecordAndPlay/input_Existing_RetypeFEIN'

2024-01-13 22:39:39 - [MESSAGE][PASSED] - Text ****** has been set on object 'Object Repository/RAD_RecordAndPlay/input_Existing_RetypeFEIN'

2024-01-13 22:39:39 - [TEST_STEP][PASSED] - break: null

2024-01-13 22:39:39 - [TEST_STEP][PASSED] - verifyTextPresent("Please enter a valid FEIN with 9 digits.", true): Text 'Please enter a valid FEIN with 9 digits.' is present on page  using regular expression

2024-01-13 22:39:40 - [MESSAGE][PASSED] - Text 'Please enter a valid FEIN with 9 digits.' is present on page  using regular expression

2024-01-13 22:39:40 - [TEST_STEP][PASSED] - if (verifyTextPresent("Please enter a valid FEIN with 9 digits.", true)): null

2024-01-13 22:39:40 - [MESSAGE][PASSED] - Text 'Please enter a valid FEIN with 9 digits.' is present on page  using regular expression

2024-01-13 22:39:40 - [TEST_STEP][PASSED] - println("Error Message is present on the page"): null

2024-01-13 22:39:40 - [TEST_STEP][PASSED] - out.println("Pass Record Number: " + row): null

2024-01-13 22:39:40 - [TEST_STEP][PASSED] - resText = "Pass": null

2024-01-13 22:39:40 - [TEST_STEP][PASSED] - pages.WriteExcel.demoKey(resText, datText, resColumn, datCloumn, fileLoc, nameSheet, row): pages.WriteExcel.demoKey is PASSED

2024-01-13 22:39:40 - [MESSAGE][PASSED] - pages.WriteExcel.demoKey is PASSED

2024-01-13 22:39:40 - [TEST_STEP][PASSED] - ExecuteTC = findTestData(dataFile).getValue("Execute", row): null

2024-01-13 22:39:41 - [TEST_STEP][PASSED] - Taxtype = findTestData(dataFile).getValue("TaxType", row): null

2024-01-13 22:39:41 - [TEST_STEP][PASSED] - Paymenttype = findTestData(dataFile).getValue("PaymentType", row): null

2024-01-13 22:39:41 - [TEST_STEP][PASSED] - out.println("Value of Execute is : " + ExecuteTC): null

2024-01-13 22:39:41 - [TEST_STEP][PASSED] - if (ExecuteTC.equalsIgnoreCase("Y")): null

2024-01-13 22:39:41 - [TEST_STEP][PASSED] - out.println("Begin Record Number: " + row): null

2024-01-13 22:39:41 - [TEST_STEP][PASSED] - today = new java.util.Date(): null

2024-01-13 22:39:41 - [TEST_STEP][PASSED] - println(today): null

2024-01-13 22:39:41 - [TEST_STEP][PASSED] - datText = today: null

2024-01-13 22:39:41 - [TEST_STEP][PASSED] - Taxtype = findTestData(dataFile).getValue("TaxType", row): null

2024-01-13 22:39:41 - [TEST_STEP][PASSED] - out.println("Taxtype value is : " + Taxtype): null

2024-01-13 22:39:41 - [TEST_STEP][PASSED] - openBrowser(""): Browser is opened with url: ''

2024-01-13 22:39:41 - [MESSAGE][WARNING] - A browser is already opened. Closing browser and opening a new one

2024-01-13 22:39:42 - [MESSAGE][INFO] - Starting 'Chrome' driver

2024-01-13 22:39:42 - [MESSAGE][INFO] - User set preference: ['acceptInsecureCerts', 'true']

2024-01-13 22:39:42 - [MESSAGE][INFO] - Action delay is set to 0 milliseconds

2024-01-13 22:39:43 - [MESSAGE][PASSED] - Browser is opened with url: ''

2024-01-13 22:39:43 - [TEST_STEP][PASSED] - maximizeWindow(): Current window maximized

2024-01-13 22:39:43 - [MESSAGE][PASSED] - Current window maximized

2024-01-13 22:39:43 - [TEST_STEP][PASSED] - navigateToUrl(RADurl): Navigate to 'https://qa2.velocitypayment.com/client/rad/index.html' successfully

2024-01-13 22:39:45 - [MESSAGE][PASSED] - Navigate to 'https://qa2.velocitypayment.com/client/rad/index.html' successfully

2024-01-13 22:39:45 - [TEST_STEP][PASSED] - orPath_Landing = "Object Repository/RAD_Pages/Landing_Page": null

2024-01-13 22:39:45 - [TEST_STEP][PASSED] - orPath_TaxTypeFilingYear = "Object Repository/RAD_Pages/TaxTypeFilingYear_Page": null

2024-01-13 22:39:45 - [TEST_STEP][PASSED] - orPath_TaxPayer = "Object Repository/RAD_Pages/Taxpayer_Page": null

2024-01-13 22:39:45 - [TEST_STEP][PASSED] - orPath_AddressContact = "Object Repository/RAD_Pages/AddressAndContactInfo_Page": null

2024-01-13 22:39:45 - [TEST_STEP][PASSED] - orPath_FilingStatus = "Object Repository/RAD_Pages/FilingStatus_Page": null

2024-01-13 22:39:45 - [TEST_STEP][PASSED] - orPath_Amount = "Object Repository/RAD_Pages/PaymentAmount_Page": null

2024-01-13 22:39:45 - [TEST_STEP][PASSED] - orPath_TaxInfo = "Object Repository/RAD_Pages/TaxInfo_Page": null

2024-01-13 22:39:45 - [TEST_STEP][PASSED] - orPath_Withholding = "Object Repository/RAD_Pages/Withholding_Page": null

2024-01-13 22:39:45 - [TEST_STEP][PASSED] - orPath_Summary = "Object Repository/RAD_Pages/Summary_Page": null

2024-01-13 22:39:45 - [TEST_STEP][PASSED] - orPath_PaymentReady = "Object Repository/RAD_Pages/PaymentReady_Page": null

2024-01-13 22:39:45 - [TEST_STEP][PASSED] - orPath_PaymentEntry = "Object Repository/RAD_Pages/PaymentEntry_Page": null

2024-01-13 22:39:45 - [TEST_STEP][PASSED] - orPath_PaymentConfirmation = "Object Repository/RAD_Pages/PaymentConfirmation_Page": null

2024-01-13 22:39:45 - [TEST_STEP][PASSED] - orPath_ServiceFeesAccept = "Object Repository/RAD_Pages/ServiceFeeAccept_Page": null

2024-01-13 22:39:45 - [TEST_STEP][PASSED] - selectOptionByLabel(findTestObject(orPath_Landing + "/dd_TaxType"), Paymenttype, false): All options with label 'Existing Liability w/Notice Number' are selected in object 'Object Repository/RAD_Pages/Landing_Page/dd_TaxType' 

2024-01-13 22:39:45 - [MESSAGE][PASSED] - All options with label 'Existing Liability w/Notice Number' are selected in object 'Object Repository/RAD_Pages/Landing_Page/dd_TaxType' 

2024-01-13 22:39:45 - [TEST_STEP][PASSED] - delay(1): Delayed 1 second(s)

2024-01-13 22:39:46 - [MESSAGE][PASSED] - Delayed 1 second(s)

2024-01-13 22:39:46 - [TEST_STEP][PASSED] - switch (Paymenttype): null

2024-01-13 22:39:46 - [TEST_STEP][PASSED] - case "Existing Liability w/Notice Number":: null

2024-01-13 22:39:46 - [TEST_STEP][PASSED] - selectOptionByLabel(findTestObject(orPath_TaxTypeFilingYear + "/select_TaxType_ExistingLiability"), Taxtype, false): All options with label 'Slots License Fee' are selected in object 'Object Repository/RAD_Pages/TaxTypeFilingYear_Page/select_TaxType_ExistingLiability' 

2024-01-13 22:39:47 - [MESSAGE][PASSED] - All options with label 'Slots License Fee' are selected in object 'Object Repository/RAD_Pages/TaxTypeFilingYear_Page/select_TaxType_ExistingLiability' 

2024-01-13 22:39:47 - [TEST_STEP][PASSED] - break: null

2024-01-13 22:39:47 - [TEST_STEP][PASSED] - delay(1): Delayed 1 second(s)

2024-01-13 22:39:48 - [MESSAGE][PASSED] - Delayed 1 second(s)

2024-01-13 22:39:48 - [TEST_STEP][PASSED] - switch (Paymenttype): null

2024-01-13 22:39:48 - [TEST_STEP][PASSED] - case "Existing Liability w/Notice Number":: null

2024-01-13 22:39:48 - [TEST_STEP][PASSED] - setEncryptedText(findTestObject("Object Repository/RAD_RecordAndPlay/input_Existing_FEIN"), "RigbBhfdqOBDK95asqKeHw=="): Text ****** has been set on object 'Object Repository/RAD_RecordAndPlay/input_Existing_FEIN'

2024-01-13 22:39:49 - [MESSAGE][PASSED] - Text ****** has been set on object 'Object Repository/RAD_RecordAndPlay/input_Existing_FEIN'

2024-01-13 22:39:49 - [TEST_STEP][PASSED] - setEncryptedText(findTestObject("Object Repository/RAD_RecordAndPlay/input_Existing_RetypeFEIN"), ""): Text ****** has been set on object 'Object Repository/RAD_RecordAndPlay/input_Existing_RetypeFEIN'

2024-01-13 22:39:49 - [MESSAGE][PASSED] - Text ****** has been set on object 'Object Repository/RAD_RecordAndPlay/input_Existing_RetypeFEIN'

2024-01-13 22:39:49 - [TEST_STEP][PASSED] - break: null

2024-01-13 22:39:49 - [TEST_STEP][PASSED] - verifyTextPresent("Please enter a valid FEIN with 9 digits.", true): Text 'Please enter a valid FEIN with 9 digits.' is present on page  using regular expression

2024-01-13 22:39:50 - [MESSAGE][PASSED] - Text 'Please enter a valid FEIN with 9 digits.' is present on page  using regular expression

2024-01-13 22:39:50 - [TEST_STEP][PASSED] - if (verifyTextPresent("Please enter a valid FEIN with 9 digits.", true)): null

2024-01-13 22:39:50 - [MESSAGE][PASSED] - Text 'Please enter a valid FEIN with 9 digits.' is present on page  using regular expression

2024-01-13 22:39:50 - [TEST_STEP][PASSED] - println("Error Message is present on the page"): null

2024-01-13 22:39:50 - [TEST_STEP][PASSED] - out.println("Pass Record Number: " + row): null

2024-01-13 22:39:50 - [TEST_STEP][PASSED] - resText = "Pass": null

2024-01-13 22:39:50 - [TEST_STEP][PASSED] - pages.WriteExcel.demoKey(resText, datText, resColumn, datCloumn, fileLoc, nameSheet, row): pages.WriteExcel.demoKey is PASSED

2024-01-13 22:39:50 - [MESSAGE][PASSED] - pages.WriteExcel.demoKey is PASSED

2024-01-13 22:39:50 - [TEST_STEP][PASSED] - ExecuteTC = findTestData(dataFile).getValue("Execute", row): null

2024-01-13 22:39:50 - [TEST_STEP][PASSED] - Taxtype = findTestData(dataFile).getValue("TaxType", row): null

2024-01-13 22:39:50 - [TEST_STEP][PASSED] - Paymenttype = findTestData(dataFile).getValue("PaymentType", row): null

2024-01-13 22:39:50 - [TEST_STEP][PASSED] - out.println("Value of Execute is : " + ExecuteTC): null

2024-01-13 22:39:50 - [TEST_STEP][FAILED] - if (ExecuteTC.equalsIgnoreCase("Y")): null

2024-01-13 22:39:50 - [TEST_STEP][PASSED] - out.println("Begin Record Number: " + row): null

2024-01-13 22:39:50 - [TEST_STEP][PASSED] - today = new java.util.Date(): null

2024-01-13 22:39:50 - [TEST_STEP][PASSED] - println(today): null

2024-01-13 22:39:50 - [TEST_STEP][PASSED] - datText = today: null

2024-01-13 22:39:50 - [TEST_STEP][PASSED] - Taxtype = findTestData(dataFile).getValue("TaxType", row): null

2024-01-13 22:39:50 - [TEST_STEP][PASSED] - out.println("Taxtype value is : " + Taxtype): null

2024-01-13 22:39:50 - [TEST_STEP][PASSED] - openBrowser(""): Browser is opened with url: ''

2024-01-13 22:39:50 - [MESSAGE][WARNING] - A browser is already opened. Closing browser and opening a new one

2024-01-13 22:39:51 - [MESSAGE][INFO] - Starting 'Chrome' driver

2024-01-13 22:39:51 - [MESSAGE][INFO] - User set preference: ['acceptInsecureCerts', 'true']

2024-01-13 22:39:51 - [MESSAGE][INFO] - Action delay is set to 0 milliseconds

2024-01-13 22:39:53 - [MESSAGE][PASSED] - Browser is opened with url: ''

2024-01-13 22:39:53 - [TEST_STEP][PASSED] - maximizeWindow(): Current window maximized

2024-01-13 22:39:53 - [MESSAGE][PASSED] - Current window maximized

2024-01-13 22:39:53 - [TEST_STEP][PASSED] - navigateToUrl(RADurl): Navigate to 'https://qa2.velocitypayment.com/client/rad/index.html' successfully

2024-01-13 22:39:54 - [MESSAGE][PASSED] - Navigate to 'https://qa2.velocitypayment.com/client/rad/index.html' successfully

2024-01-13 22:39:54 - [TEST_STEP][PASSED] - orPath_Landing = "Object Repository/RAD_Pages/Landing_Page": null

2024-01-13 22:39:54 - [TEST_STEP][PASSED] - orPath_TaxTypeFilingYear = "Object Repository/RAD_Pages/TaxTypeFilingYear_Page": null

2024-01-13 22:39:54 - [TEST_STEP][PASSED] - orPath_TaxPayer = "Object Repository/RAD_Pages/Taxpayer_Page": null

2024-01-13 22:39:54 - [TEST_STEP][PASSED] - orPath_AddressContact = "Object Repository/RAD_Pages/AddressAndContactInfo_Page": null

2024-01-13 22:39:54 - [TEST_STEP][PASSED] - orPath_FilingStatus = "Object Repository/RAD_Pages/FilingStatus_Page": null

2024-01-13 22:39:54 - [TEST_STEP][PASSED] - orPath_Amount = "Object Repository/RAD_Pages/PaymentAmount_Page": null

2024-01-13 22:39:55 - [TEST_STEP][PASSED] - orPath_TaxInfo = "Object Repository/RAD_Pages/TaxInfo_Page": null

2024-01-13 22:39:55 - [TEST_STEP][PASSED] - orPath_Withholding = "Object Repository/RAD_Pages/Withholding_Page": null

2024-01-13 22:39:55 - [TEST_STEP][PASSED] - orPath_Summary = "Object Repository/RAD_Pages/Summary_Page": null

2024-01-13 22:39:55 - [TEST_STEP][PASSED] - orPath_PaymentReady = "Object Repository/RAD_Pages/PaymentReady_Page": null

2024-01-13 22:39:55 - [TEST_STEP][PASSED] - orPath_PaymentEntry = "Object Repository/RAD_Pages/PaymentEntry_Page": null

2024-01-13 22:39:55 - [TEST_STEP][PASSED] - orPath_PaymentConfirmation = "Object Repository/RAD_Pages/PaymentConfirmation_Page": null

2024-01-13 22:39:55 - [TEST_STEP][PASSED] - orPath_ServiceFeesAccept = "Object Repository/RAD_Pages/ServiceFeeAccept_Page": null

2024-01-13 22:39:55 - [TEST_STEP][PASSED] - selectOptionByLabel(findTestObject(orPath_Landing + "/dd_TaxType"), Paymenttype, false): All options with label 'Existing Liability w/Notice Number' are selected in object 'Object Repository/RAD_Pages/Landing_Page/dd_TaxType' 

2024-01-13 22:39:55 - [MESSAGE][PASSED] - All options with label 'Existing Liability w/Notice Number' are selected in object 'Object Repository/RAD_Pages/Landing_Page/dd_TaxType' 

2024-01-13 22:39:55 - [TEST_STEP][PASSED] - delay(1): Delayed 1 second(s)

2024-01-13 22:39:56 - [MESSAGE][PASSED] - Delayed 1 second(s)

2024-01-13 22:39:56 - [TEST_STEP][PASSED] - switch (Paymenttype): null

2024-01-13 22:39:56 - [TEST_STEP][PASSED] - case "Existing Liability w/Notice Number":: null

2024-01-13 22:39:56 - [TEST_STEP][PASSED] - selectOptionByLabel(findTestObject(orPath_TaxTypeFilingYear + "/select_TaxType_ExistingLiability"), Taxtype, false): All options with label 'Tobacco Tax' are selected in object 'Object Repository/RAD_Pages/TaxTypeFilingYear_Page/select_TaxType_ExistingLiability' 

2024-01-13 22:39:57 - [MESSAGE][PASSED] - All options with label 'Tobacco Tax' are selected in object 'Object Repository/RAD_Pages/TaxTypeFilingYear_Page/select_TaxType_ExistingLiability' 

2024-01-13 22:39:57 - [TEST_STEP][PASSED] - break: null

2024-01-13 22:39:57 - [TEST_STEP][PASSED] - delay(1): Delayed 1 second(s)

2024-01-13 22:39:58 - [MESSAGE][PASSED] - Delayed 1 second(s)

2024-01-13 22:39:58 - [TEST_STEP][FAILED] - switch (Paymenttype): null

2024-01-13 22:39:58 - [TEST_STEP][FAILED] - case "Existing Liability w/Notice Number":: null

2024-01-13 22:39:58 - [TEST_STEP][FAILED] - setEncryptedText(findTestObject("Object Repository/RAD_RecordAndPlay/input_Existing_FEIN"), "RigbBhfdqOBDK95asqKeHw=="): Unable to set encrypted text for object 'Object Repository/RAD_RecordAndPlay/input_Existing_FEIN' (Root cause: com.kms.katalon.core.exception.StepFailedException: Unable to set encrypted text for object 'Object Repository/RAD_RecordAndPlay/input_Existing_FEIN'
	at com.kms.katalon.core.webui.keyword.internal.WebUIKeywordMain.stepFailed(WebUIKeywordMain.groovy:64)
	at com.kms.katalon.core.webui.keyword.internal.WebUIKeywordMain.runKeyword(WebUIKeywordMain.groovy:26)
	at com.kms.katalon.core.webui.keyword.builtin.SetEncryptedTextKeyword.setEncryptedText(SetEncryptedTextKeyword.groovy:65)
	at com.kms.katalon.core.webui.keyword.builtin.SetEncryptedTextKeyword.execute(SetEncryptedTextKeyword.groovy:34)
	at com.kms.katalon.core.keyword.internal.KeywordExecutor.executeKeywordForPlatform(KeywordExecutor.groovy:74)
	at com.kms.katalon.core.webui.keyword.WebUiBuiltInKeywords.setEncryptedText(WebUiBuiltInKeywords.groovy:1011)
	at com.kms.katalon.core.webui.keyword.WebUiBuiltInKeywords$setEncryptedText$4.call(Unknown Source)
	at FEINmoreThan9Error-NEW.run(FEINmoreThan9Error-NEW:128)
	at com.kms.katalon.core.main.ScriptEngine.run(ScriptEngine.java:194)
	at com.kms.katalon.core.main.ScriptEngine.runScriptAsRawText(ScriptEngine.java:119)
	at com.kms.katalon.core.main.TestCaseExecutor.runScript(TestCaseExecutor.java:448)
	at com.kms.katalon.core.main.TestCaseExecutor.doExecute(TestCaseExecutor.java:439)
	at com.kms.katalon.core.main.TestCaseExecutor.processExecutionPhase(TestCaseExecutor.java:418)
	at com.kms.katalon.core.main.TestCaseExecutor.accessMainPhase(TestCaseExecutor.java:410)
	at com.kms.katalon.core.main.TestCaseExecutor.execute(TestCaseExecutor.java:285)
	at com.kms.katalon.core.common.CommonExecutor.accessTestCaseMainPhase(CommonExecutor.java:65)
	at com.kms.katalon.core.main.TestSuiteExecutor.accessTestSuiteMainPhase(TestSuiteExecutor.java:148)
	at com.kms.katalon.core.main.TestSuiteExecutor.execute(TestSuiteExecutor.java:106)
	at com.kms.katalon.core.main.TestCaseMain.startTestSuite(TestCaseMain.java:187)
	at com.kms.katalon.core.main.TestCaseMain$startTestSuite$0.call(Unknown Source)
	at TempTestSuite1705202981112.run(TempTestSuite1705202981112.groovy:36)
Caused by: org.openqa.selenium.ElementNotInteractableException: element not interactable
  (Session info: chrome=120.0.6099.200)
Build info: version: '3.141.59', revision: 'e82be7d358', time: '2018-11-14T08:25:53'
System info: host: 'DESKTOP-B2QI6NS', ip: '172.31.253.139', os.name: 'Windows 10', os.arch: 'amd64', os.version: '10.0', java.version: '1.8.0_181'
Driver info: com.kms.katalon.selenium.driver.CChromeDriver
Capabilities {acceptInsecureCerts: true, browserName: chrome, browserVersion: 120.0.6099.200, chrome: {chromedriverVersion: 119.0.6045.105 (38c72552c5e..., userDataDir: C:\Users\imtiaz\AppData\Loc...}, fedcm:accounts: true, goog:chromeOptions: {debuggerAddress: localhost:59224}, javascriptEnabled: true, networkConnectionEnabled: false, pageLoadStrategy: normal, platform: WINDOWS, platformName: WINDOWS, proxy: Proxy(), setWindowRect: true, strictFileInteractability: false, timeouts: {implicit: 0, pageLoad: 300000, script: 30000}, unhandledPromptBehavior: dismiss and notify, webauthn:extension:credBlob: true, webauthn:extension:largeBlob: true, webauthn:extension:minPinLength: true, webauthn:extension:prf: true, webauthn:virtualAuthenticators: true}
Session ID: a588356ad71ed3f0be34fae5395c5240
	at org.openqa.selenium.remote.http.W3CHttpResponseCodec.createException(W3CHttpResponseCodec.java:187)
	at org.openqa.selenium.remote.http.W3CHttpResponseCodec.decode(W3CHttpResponseCodec.java:122)
	at org.openqa.selenium.remote.http.W3CHttpResponseCodec.decode(W3CHttpResponseCodec.java:49)
	at org.openqa.selenium.remote.HttpCommandExecutor.execute(HttpCommandExecutor.java:158)
	at org.openqa.selenium.remote.service.DriverCommandExecutor.execute(DriverCommandExecutor.java:83)
	at org.openqa.selenium.remote.RemoteWebDriver.execute(RemoteWebDriver.java:552)
	at com.kms.katalon.selenium.driver.CChromeDriver.execute(CChromeDriver.java:19)
	at org.openqa.selenium.remote.RemoteWebElement.execute(RemoteWebElement.java:285)
	at org.openqa.selenium.remote.RemoteWebElement.clear(RemoteWebElement.java:124)
	at org.openqa.selenium.support.events.EventFiringWebDriver$EventFiringWebElement.lambda$new$0(EventFiringWebDriver.java:404)
	at com.sun.proxy.$Proxy11.clear(Unknown Source)
	at org.openqa.selenium.support.events.EventFiringWebDriver$EventFiringWebElement.clear(EventFiringWebDriver.java:436)
	at com.kms.katalon.core.webui.keyword.builtin.SetEncryptedTextKeyword$_setEncryptedText_closure1.doCall(SetEncryptedTextKeyword.groovy:54)
	at com.kms.katalon.core.webui.keyword.builtin.SetEncryptedTextKeyword$_setEncryptedText_closure1.call(SetEncryptedTextKeyword.groovy)
	at com.kms.katalon.core.webui.keyword.internal.WebUIKeywordMain.runKeyword(WebUIKeywordMain.groovy:20)
	at com.kms.katalon.core.webui.keyword.builtin.SetEncryptedTextKeyword.setEncryptedText(SetEncryptedTextKeyword.groovy:65)
	at com.kms.katalon.core.webui.keyword.builtin.SetEncryptedTextKeyword.execute(SetEncryptedTextKeyword.groovy:34)
	at com.kms.katalon.core.keyword.internal.KeywordExecutor.executeKeywordForPlatform(KeywordExecutor.groovy:74)
	at com.kms.katalon.core.webui.keyword.WebUiBuiltInKeywords.setEncryptedText(WebUiBuiltInKeywords.groovy:1011)
	at com.kms.katalon.core.webui.keyword.WebUiBuiltInKeywords$setEncryptedText$4.call(Unknown Source)
	at Script1693447938304.run(Script1693447938304.groovy:128)
	... 13 more
)

2024-01-13 22:39:58 - [MESSAGE][FAILED] - Unable to set encrypted text for object 'Object Repository/RAD_RecordAndPlay/input_Existing_FEIN' (Root cause: com.kms.katalon.core.exception.StepFailedException: Unable to set encrypted text for object 'Object Repository/RAD_RecordAndPlay/input_Existing_FEIN'
	at com.kms.katalon.core.webui.keyword.internal.WebUIKeywordMain.stepFailed(WebUIKeywordMain.groovy:64)
	at com.kms.katalon.core.webui.keyword.internal.WebUIKeywordMain.runKeyword(WebUIKeywordMain.groovy:26)
	at com.kms.katalon.core.webui.keyword.builtin.SetEncryptedTextKeyword.setEncryptedText(SetEncryptedTextKeyword.groovy:65)
	at com.kms.katalon.core.webui.keyword.builtin.SetEncryptedTextKeyword.execute(SetEncryptedTextKeyword.groovy:34)
	at com.kms.katalon.core.keyword.internal.KeywordExecutor.executeKeywordForPlatform(KeywordExecutor.groovy:74)
	at com.kms.katalon.core.webui.keyword.WebUiBuiltInKeywords.setEncryptedText(WebUiBuiltInKeywords.groovy:1011)
	at com.kms.katalon.core.webui.keyword.WebUiBuiltInKeywords$setEncryptedText$4.call(Unknown Source)
	at FEINmoreThan9Error-NEW.run(FEINmoreThan9Error-NEW:128)
	at com.kms.katalon.core.main.ScriptEngine.run(ScriptEngine.java:194)
	at com.kms.katalon.core.main.ScriptEngine.runScriptAsRawText(ScriptEngine.java:119)
	at com.kms.katalon.core.main.TestCaseExecutor.runScript(TestCaseExecutor.java:448)
	at com.kms.katalon.core.main.TestCaseExecutor.doExecute(TestCaseExecutor.java:439)
	at com.kms.katalon.core.main.TestCaseExecutor.processExecutionPhase(TestCaseExecutor.java:418)
	at com.kms.katalon.core.main.TestCaseExecutor.accessMainPhase(TestCaseExecutor.java:410)
	at com.kms.katalon.core.main.TestCaseExecutor.execute(TestCaseExecutor.java:285)
	at com.kms.katalon.core.common.CommonExecutor.accessTestCaseMainPhase(CommonExecutor.java:65)
	at com.kms.katalon.core.main.TestSuiteExecutor.accessTestSuiteMainPhase(TestSuiteExecutor.java:148)
	at com.kms.katalon.core.main.TestSuiteExecutor.execute(TestSuiteExecutor.java:106)
	at com.kms.katalon.core.main.TestCaseMain.startTestSuite(TestCaseMain.java:187)
	at com.kms.katalon.core.main.TestCaseMain$startTestSuite$0.call(Unknown Source)
	at TempTestSuite1705202981112.run(TempTestSuite1705202981112.groovy:36)
Caused by: org.openqa.selenium.ElementNotInteractableException: element not interactable
  (Session info: chrome=120.0.6099.200)
Build info: version: '3.141.59', revision: 'e82be7d358', time: '2018-11-14T08:25:53'
System info: host: 'DESKTOP-B2QI6NS', ip: '172.31.253.139', os.name: 'Windows 10', os.arch: 'amd64', os.version: '10.0', java.version: '1.8.0_181'
Driver info: com.kms.katalon.selenium.driver.CChromeDriver
Capabilities {acceptInsecureCerts: true, browserName: chrome, browserVersion: 120.0.6099.200, chrome: {chromedriverVersion: 119.0.6045.105 (38c72552c5e..., userDataDir: C:\Users\imtiaz\AppData\Loc...}, fedcm:accounts: true, goog:chromeOptions: {debuggerAddress: localhost:59224}, javascriptEnabled: true, networkConnectionEnabled: false, pageLoadStrategy: normal, platform: WINDOWS, platformName: WINDOWS, proxy: Proxy(), setWindowRect: true, strictFileInteractability: false, timeouts: {implicit: 0, pageLoad: 300000, script: 30000}, unhandledPromptBehavior: dismiss and notify, webauthn:extension:credBlob: true, webauthn:extension:largeBlob: true, webauthn:extension:minPinLength: true, webauthn:extension:prf: true, webauthn:virtualAuthenticators: true}
Session ID: a588356ad71ed3f0be34fae5395c5240
	at org.openqa.selenium.remote.http.W3CHttpResponseCodec.createException(W3CHttpResponseCodec.java:187)
	at org.openqa.selenium.remote.http.W3CHttpResponseCodec.decode(W3CHttpResponseCodec.java:122)
	at org.openqa.selenium.remote.http.W3CHttpResponseCodec.decode(W3CHttpResponseCodec.java:49)
	at org.openqa.selenium.remote.HttpCommandExecutor.execute(HttpCommandExecutor.java:158)
	at org.openqa.selenium.remote.service.DriverCommandExecutor.execute(DriverCommandExecutor.java:83)
	at org.openqa.selenium.remote.RemoteWebDriver.execute(RemoteWebDriver.java:552)
	at com.kms.katalon.selenium.driver.CChromeDriver.execute(CChromeDriver.java:19)
	at org.openqa.selenium.remote.RemoteWebElement.execute(RemoteWebElement.java:285)
	at org.openqa.selenium.remote.RemoteWebElement.clear(RemoteWebElement.java:124)
	at org.openqa.selenium.support.events.EventFiringWebDriver$EventFiringWebElement.lambda$new$0(EventFiringWebDriver.java:404)
	at com.sun.proxy.$Proxy11.clear(Unknown Source)
	at org.openqa.selenium.support.events.EventFiringWebDriver$EventFiringWebElement.clear(EventFiringWebDriver.java:436)
	at com.kms.katalon.core.webui.keyword.builtin.SetEncryptedTextKeyword$_setEncryptedText_closure1.doCall(SetEncryptedTextKeyword.groovy:54)
	at com.kms.katalon.core.webui.keyword.builtin.SetEncryptedTextKeyword$_setEncryptedText_closure1.call(SetEncryptedTextKeyword.groovy)
	at com.kms.katalon.core.webui.keyword.internal.WebUIKeywordMain.runKeyword(WebUIKeywordMain.groovy:20)
	at com.kms.katalon.core.webui.keyword.builtin.SetEncryptedTextKeyword.setEncryptedText(SetEncryptedTextKeyword.groovy:65)
	at com.kms.katalon.core.webui.keyword.builtin.SetEncryptedTextKeyword.execute(SetEncryptedTextKeyword.groovy:34)
	at com.kms.katalon.core.keyword.internal.KeywordExecutor.executeKeywordForPlatform(KeywordExecutor.groovy:74)
	at com.kms.katalon.core.webui.keyword.WebUiBuiltInKeywords.setEncryptedText(WebUiBuiltInKeywords.groovy:1011)
	at com.kms.katalon.core.webui.keyword.WebUiBuiltInKeywords$setEncryptedText$4.call(Unknown Source)
	at Script1693447938304.run(Script1693447938304.groovy:128)
	... 13 more
)
[[ATTACHMENT|E:\\Cloned-Project-Katalon\\VPS-Katalon\\Reports\\20240113_222941\\RAD_TestSuite\\RAD_UI_TestSuite\\20240113_222941\\1705203598761.png]]

2024-01-13 22:39:58 - [TEST_STEP][FAILED] - setEncryptedText(findTestObject("Object Repository/RAD_RecordAndPlay/input_Existing_RetypeFEIN"), ""): Unable to set encrypted text for object 'Object Repository/RAD_RecordAndPlay/input_Existing_RetypeFEIN' (Root cause: com.kms.katalon.core.exception.StepFailedException: Unable to set encrypted text for object 'Object Repository/RAD_RecordAndPlay/input_Existing_RetypeFEIN'
	at com.kms.katalon.core.webui.keyword.internal.WebUIKeywordMain.stepFailed(WebUIKeywordMain.groovy:64)
	at com.kms.katalon.core.webui.keyword.internal.WebUIKeywordMain.runKeyword(WebUIKeywordMain.groovy:26)
	at com.kms.katalon.core.webui.keyword.builtin.SetEncryptedTextKeyword.setEncryptedText(SetEncryptedTextKeyword.groovy:65)
	at com.kms.katalon.core.webui.keyword.builtin.SetEncryptedTextKeyword.execute(SetEncryptedTextKeyword.groovy:34)
	at com.kms.katalon.core.keyword.internal.KeywordExecutor.executeKeywordForPlatform(KeywordExecutor.groovy:74)
	at com.kms.katalon.core.webui.keyword.WebUiBuiltInKeywords.setEncryptedText(WebUiBuiltInKeywords.groovy:1011)
	at com.kms.katalon.core.webui.keyword.WebUiBuiltInKeywords$setEncryptedText$4.call(Unknown Source)
	at FEINmoreThan9Error-NEW.run(FEINmoreThan9Error-NEW:129)
	at com.kms.katalon.core.main.ScriptEngine.run(ScriptEngine.java:194)
	at com.kms.katalon.core.main.ScriptEngine.runScriptAsRawText(ScriptEngine.java:119)
	at com.kms.katalon.core.main.TestCaseExecutor.runScript(TestCaseExecutor.java:448)
	at com.kms.katalon.core.main.TestCaseExecutor.doExecute(TestCaseExecutor.java:439)
	at com.kms.katalon.core.main.TestCaseExecutor.processExecutionPhase(TestCaseExecutor.java:418)
	at com.kms.katalon.core.main.TestCaseExecutor.accessMainPhase(TestCaseExecutor.java:410)
	at com.kms.katalon.core.main.TestCaseExecutor.execute(TestCaseExecutor.java:285)
	at com.kms.katalon.core.common.CommonExecutor.accessTestCaseMainPhase(CommonExecutor.java:65)
	at com.kms.katalon.core.main.TestSuiteExecutor.accessTestSuiteMainPhase(TestSuiteExecutor.java:148)
	at com.kms.katalon.core.main.TestSuiteExecutor.execute(TestSuiteExecutor.java:106)
	at com.kms.katalon.core.main.TestCaseMain.startTestSuite(TestCaseMain.java:187)
	at com.kms.katalon.core.main.TestCaseMain$startTestSuite$0.call(Unknown Source)
	at TempTestSuite1705202981112.run(TempTestSuite1705202981112.groovy:36)
Caused by: org.openqa.selenium.ElementNotInteractableException: element not interactable
  (Session info: chrome=120.0.6099.200)
Build info: version: '3.141.59', revision: 'e82be7d358', time: '2018-11-14T08:25:53'
System info: host: 'DESKTOP-B2QI6NS', ip: '172.31.253.139', os.name: 'Windows 10', os.arch: 'amd64', os.version: '10.0', java.version: '1.8.0_181'
Driver info: com.kms.katalon.selenium.driver.CChromeDriver
Capabilities {acceptInsecureCerts: true, browserName: chrome, browserVersion: 120.0.6099.200, chrome: {chromedriverVersion: 119.0.6045.105 (38c72552c5e..., userDataDir: C:\Users\imtiaz\AppData\Loc...}, fedcm:accounts: true, goog:chromeOptions: {debuggerAddress: localhost:59224}, javascriptEnabled: true, networkConnectionEnabled: false, pageLoadStrategy: normal, platform: WINDOWS, platformName: WINDOWS, proxy: Proxy(), setWindowRect: true, strictFileInteractability: false, timeouts: {implicit: 0, pageLoad: 300000, script: 30000}, unhandledPromptBehavior: dismiss and notify, webauthn:extension:credBlob: true, webauthn:extension:largeBlob: true, webauthn:extension:minPinLength: true, webauthn:extension:prf: true, webauthn:virtualAuthenticators: true}
Session ID: a588356ad71ed3f0be34fae5395c5240
	at org.openqa.selenium.remote.http.W3CHttpResponseCodec.createException(W3CHttpResponseCodec.java:187)
	at org.openqa.selenium.remote.http.W3CHttpResponseCodec.decode(W3CHttpResponseCodec.java:122)
	at org.openqa.selenium.remote.http.W3CHttpResponseCodec.decode(W3CHttpResponseCodec.java:49)
	at org.openqa.selenium.remote.HttpCommandExecutor.execute(HttpCommandExecutor.java:158)
	at org.openqa.selenium.remote.service.DriverCommandExecutor.execute(DriverCommandExecutor.java:83)
	at org.openqa.selenium.remote.RemoteWebDriver.execute(RemoteWebDriver.java:552)
	at com.kms.katalon.selenium.driver.CChromeDriver.execute(CChromeDriver.java:19)
	at org.openqa.selenium.remote.RemoteWebElement.execute(RemoteWebElement.java:285)
	at org.openqa.selenium.remote.RemoteWebElement.clear(RemoteWebElement.java:124)
	at org.openqa.selenium.support.events.EventFiringWebDriver$EventFiringWebElement.lambda$new$0(EventFiringWebDriver.java:404)
	at com.sun.proxy.$Proxy11.clear(Unknown Source)
	at org.openqa.selenium.support.events.EventFiringWebDriver$EventFiringWebElement.clear(EventFiringWebDriver.java:436)
	at com.kms.katalon.core.webui.keyword.builtin.SetEncryptedTextKeyword$_setEncryptedText_closure1.doCall(SetEncryptedTextKeyword.groovy:54)
	at com.kms.katalon.core.webui.keyword.builtin.SetEncryptedTextKeyword$_setEncryptedText_closure1.call(SetEncryptedTextKeyword.groovy)
	at com.kms.katalon.core.webui.keyword.internal.WebUIKeywordMain.runKeyword(WebUIKeywordMain.groovy:20)
	at com.kms.katalon.core.webui.keyword.builtin.SetEncryptedTextKeyword.setEncryptedText(SetEncryptedTextKeyword.groovy:65)
	at com.kms.katalon.core.webui.keyword.builtin.SetEncryptedTextKeyword.execute(SetEncryptedTextKeyword.groovy:34)
	at com.kms.katalon.core.keyword.internal.KeywordExecutor.executeKeywordForPlatform(KeywordExecutor.groovy:74)
	at com.kms.katalon.core.webui.keyword.WebUiBuiltInKeywords.setEncryptedText(WebUiBuiltInKeywords.groovy:1011)
	at com.kms.katalon.core.webui.keyword.WebUiBuiltInKeywords$setEncryptedText$4.call(Unknown Source)
	at Script1693447938304.run(Script1693447938304.groovy:129)
	... 13 more
)

2024-01-13 22:39:59 - [MESSAGE][FAILED] - Unable to set encrypted text for object 'Object Repository/RAD_RecordAndPlay/input_Existing_RetypeFEIN' (Root cause: com.kms.katalon.core.exception.StepFailedException: Unable to set encrypted text for object 'Object Repository/RAD_RecordAndPlay/input_Existing_RetypeFEIN'
	at com.kms.katalon.core.webui.keyword.internal.WebUIKeywordMain.stepFailed(WebUIKeywordMain.groovy:64)
	at com.kms.katalon.core.webui.keyword.internal.WebUIKeywordMain.runKeyword(WebUIKeywordMain.groovy:26)
	at com.kms.katalon.core.webui.keyword.builtin.SetEncryptedTextKeyword.setEncryptedText(SetEncryptedTextKeyword.groovy:65)
	at com.kms.katalon.core.webui.keyword.builtin.SetEncryptedTextKeyword.execute(SetEncryptedTextKeyword.groovy:34)
	at com.kms.katalon.core.keyword.internal.KeywordExecutor.executeKeywordForPlatform(KeywordExecutor.groovy:74)
	at com.kms.katalon.core.webui.keyword.WebUiBuiltInKeywords.setEncryptedText(WebUiBuiltInKeywords.groovy:1011)
	at com.kms.katalon.core.webui.keyword.WebUiBuiltInKeywords$setEncryptedText$4.call(Unknown Source)
	at FEINmoreThan9Error-NEW.run(FEINmoreThan9Error-NEW:129)
	at com.kms.katalon.core.main.ScriptEngine.run(ScriptEngine.java:194)
	at com.kms.katalon.core.main.ScriptEngine.runScriptAsRawText(ScriptEngine.java:119)
	at com.kms.katalon.core.main.TestCaseExecutor.runScript(TestCaseExecutor.java:448)
	at com.kms.katalon.core.main.TestCaseExecutor.doExecute(TestCaseExecutor.java:439)
	at com.kms.katalon.core.main.TestCaseExecutor.processExecutionPhase(TestCaseExecutor.java:418)
	at com.kms.katalon.core.main.TestCaseExecutor.accessMainPhase(TestCaseExecutor.java:410)
	at com.kms.katalon.core.main.TestCaseExecutor.execute(TestCaseExecutor.java:285)
	at com.kms.katalon.core.common.CommonExecutor.accessTestCaseMainPhase(CommonExecutor.java:65)
	at com.kms.katalon.core.main.TestSuiteExecutor.accessTestSuiteMainPhase(TestSuiteExecutor.java:148)
	at com.kms.katalon.core.main.TestSuiteExecutor.execute(TestSuiteExecutor.java:106)
	at com.kms.katalon.core.main.TestCaseMain.startTestSuite(TestCaseMain.java:187)
	at com.kms.katalon.core.main.TestCaseMain$startTestSuite$0.call(Unknown Source)
	at TempTestSuite1705202981112.run(TempTestSuite1705202981112.groovy:36)
Caused by: org.openqa.selenium.ElementNotInteractableException: element not interactable
  (Session info: chrome=120.0.6099.200)
Build info: version: '3.141.59', revision: 'e82be7d358', time: '2018-11-14T08:25:53'
System info: host: 'DESKTOP-B2QI6NS', ip: '172.31.253.139', os.name: 'Windows 10', os.arch: 'amd64', os.version: '10.0', java.version: '1.8.0_181'
Driver info: com.kms.katalon.selenium.driver.CChromeDriver
Capabilities {acceptInsecureCerts: true, browserName: chrome, browserVersion: 120.0.6099.200, chrome: {chromedriverVersion: 119.0.6045.105 (38c72552c5e..., userDataDir: C:\Users\imtiaz\AppData\Loc...}, fedcm:accounts: true, goog:chromeOptions: {debuggerAddress: localhost:59224}, javascriptEnabled: true, networkConnectionEnabled: false, pageLoadStrategy: normal, platform: WINDOWS, platformName: WINDOWS, proxy: Proxy(), setWindowRect: true, strictFileInteractability: false, timeouts: {implicit: 0, pageLoad: 300000, script: 30000}, unhandledPromptBehavior: dismiss and notify, webauthn:extension:credBlob: true, webauthn:extension:largeBlob: true, webauthn:extension:minPinLength: true, webauthn:extension:prf: true, webauthn:virtualAuthenticators: true}
Session ID: a588356ad71ed3f0be34fae5395c5240
	at org.openqa.selenium.remote.http.W3CHttpResponseCodec.createException(W3CHttpResponseCodec.java:187)
	at org.openqa.selenium.remote.http.W3CHttpResponseCodec.decode(W3CHttpResponseCodec.java:122)
	at org.openqa.selenium.remote.http.W3CHttpResponseCodec.decode(W3CHttpResponseCodec.java:49)
	at org.openqa.selenium.remote.HttpCommandExecutor.execute(HttpCommandExecutor.java:158)
	at org.openqa.selenium.remote.service.DriverCommandExecutor.execute(DriverCommandExecutor.java:83)
	at org.openqa.selenium.remote.RemoteWebDriver.execute(RemoteWebDriver.java:552)
	at com.kms.katalon.selenium.driver.CChromeDriver.execute(CChromeDriver.java:19)
	at org.openqa.selenium.remote.RemoteWebElement.execute(RemoteWebElement.java:285)
	at org.openqa.selenium.remote.RemoteWebElement.clear(RemoteWebElement.java:124)
	at org.openqa.selenium.support.events.EventFiringWebDriver$EventFiringWebElement.lambda$new$0(EventFiringWebDriver.java:404)
	at com.sun.proxy.$Proxy11.clear(Unknown Source)
	at org.openqa.selenium.support.events.EventFiringWebDriver$EventFiringWebElement.clear(EventFiringWebDriver.java:436)
	at com.kms.katalon.core.webui.keyword.builtin.SetEncryptedTextKeyword$_setEncryptedText_closure1.doCall(SetEncryptedTextKeyword.groovy:54)
	at com.kms.katalon.core.webui.keyword.builtin.SetEncryptedTextKeyword$_setEncryptedText_closure1.call(SetEncryptedTextKeyword.groovy)
	at com.kms.katalon.core.webui.keyword.internal.WebUIKeywordMain.runKeyword(WebUIKeywordMain.groovy:20)
	at com.kms.katalon.core.webui.keyword.builtin.SetEncryptedTextKeyword.setEncryptedText(SetEncryptedTextKeyword.groovy:65)
	at com.kms.katalon.core.webui.keyword.builtin.SetEncryptedTextKeyword.execute(SetEncryptedTextKeyword.groovy:34)
	at com.kms.katalon.core.keyword.internal.KeywordExecutor.executeKeywordForPlatform(KeywordExecutor.groovy:74)
	at com.kms.katalon.core.webui.keyword.WebUiBuiltInKeywords.setEncryptedText(WebUiBuiltInKeywords.groovy:1011)
	at com.kms.katalon.core.webui.keyword.WebUiBuiltInKeywords$setEncryptedText$4.call(Unknown Source)
	at Script1693447938304.run(Script1693447938304.groovy:129)
	... 13 more
)
[[ATTACHMENT|E:\\Cloned-Project-Katalon\\VPS-Katalon\\Reports\\20240113_222941\\RAD_TestSuite\\RAD_UI_TestSuite\\20240113_222941\\1705203599428.png]]

2024-01-13 22:39:59 - [TEST_STEP][PASSED] - break: null

2024-01-13 22:39:59 - [TEST_STEP][FAILED] - verifyTextPresent("Please enter a valid FEIN with 9 digits.", true): Text 'Please enter a valid FEIN with 9 digits.' is not present on page  using regular expression (Root cause: com.kms.katalon.core.exception.StepFailedException: Text 'Please enter a valid FEIN with 9 digits.' is not present on page  using regular expression
	at com.kms.katalon.core.webui.keyword.internal.WebUIKeywordMain.stepFailed(WebUIKeywordMain.groovy:64)
	at com.kms.katalon.core.webui.keyword.builtin.VerifyTextPresentKeyword$_verifyTextPresent_closure1.doCall(VerifyTextPresentKeyword.groovy:79)
	at com.kms.katalon.core.webui.keyword.builtin.VerifyTextPresentKeyword$_verifyTextPresent_closure1.call(VerifyTextPresentKeyword.groovy)
	at com.kms.katalon.core.webui.keyword.internal.WebUIKeywordMain.runKeyword(WebUIKeywordMain.groovy:20)
	at com.kms.katalon.core.webui.keyword.builtin.VerifyTextPresentKeyword.verifyTextPresent(VerifyTextPresentKeyword.groovy:83)
	at com.kms.katalon.core.webui.keyword.builtin.VerifyTextPresentKeyword.execute(VerifyTextPresentKeyword.groovy:68)
	at com.kms.katalon.core.keyword.internal.KeywordExecutor.executeKeywordForPlatform(KeywordExecutor.groovy:74)
	at com.kms.katalon.core.webui.keyword.WebUiBuiltInKeywords.verifyTextPresent(WebUiBuiltInKeywords.groovy:1723)
	at com.kms.katalon.core.webui.keyword.WebUiBuiltInKeywords$verifyTextPresent$6.call(Unknown Source)
	at FEINmoreThan9Error-NEW.run(FEINmoreThan9Error-NEW:161)
	at com.kms.katalon.core.main.ScriptEngine.run(ScriptEngine.java:194)
	at com.kms.katalon.core.main.ScriptEngine.runScriptAsRawText(ScriptEngine.java:119)
	at com.kms.katalon.core.main.TestCaseExecutor.runScript(TestCaseExecutor.java:448)
	at com.kms.katalon.core.main.TestCaseExecutor.doExecute(TestCaseExecutor.java:439)
	at com.kms.katalon.core.main.TestCaseExecutor.processExecutionPhase(TestCaseExecutor.java:418)
	at com.kms.katalon.core.main.TestCaseExecutor.accessMainPhase(TestCaseExecutor.java:410)
	at com.kms.katalon.core.main.TestCaseExecutor.execute(TestCaseExecutor.java:285)
	at com.kms.katalon.core.common.CommonExecutor.accessTestCaseMainPhase(CommonExecutor.java:65)
	at com.kms.katalon.core.main.TestSuiteExecutor.accessTestSuiteMainPhase(TestSuiteExecutor.java:148)
	at com.kms.katalon.core.main.TestSuiteExecutor.execute(TestSuiteExecutor.java:106)
	at com.kms.katalon.core.main.TestCaseMain.startTestSuite(TestCaseMain.java:187)
	at com.kms.katalon.core.main.TestCaseMain$startTestSuite$0.call(Unknown Source)
	at TempTestSuite1705202981112.run(TempTestSuite1705202981112.groovy:36)
)

2024-01-13 22:40:00 - [MESSAGE][FAILED] - Text 'Please enter a valid FEIN with 9 digits.' is not present on page  using regular expression (Root cause: com.kms.katalon.core.exception.StepFailedException: Text 'Please enter a valid FEIN with 9 digits.' is not present on page  using regular expression
	at com.kms.katalon.core.webui.keyword.internal.WebUIKeywordMain.stepFailed(WebUIKeywordMain.groovy:64)
	at com.kms.katalon.core.webui.keyword.builtin.VerifyTextPresentKeyword$_verifyTextPresent_closure1.doCall(VerifyTextPresentKeyword.groovy:79)
	at com.kms.katalon.core.webui.keyword.builtin.VerifyTextPresentKeyword$_verifyTextPresent_closure1.call(VerifyTextPresentKeyword.groovy)
	at com.kms.katalon.core.webui.keyword.internal.WebUIKeywordMain.runKeyword(WebUIKeywordMain.groovy:20)
	at com.kms.katalon.core.webui.keyword.builtin.VerifyTextPresentKeyword.verifyTextPresent(VerifyTextPresentKeyword.groovy:83)
	at com.kms.katalon.core.webui.keyword.builtin.VerifyTextPresentKeyword.execute(VerifyTextPresentKeyword.groovy:68)
	at com.kms.katalon.core.keyword.internal.KeywordExecutor.executeKeywordForPlatform(KeywordExecutor.groovy:74)
	at com.kms.katalon.core.webui.keyword.WebUiBuiltInKeywords.verifyTextPresent(WebUiBuiltInKeywords.groovy:1723)
	at com.kms.katalon.core.webui.keyword.WebUiBuiltInKeywords$verifyTextPresent$6.call(Unknown Source)
	at FEINmoreThan9Error-NEW.run(FEINmoreThan9Error-NEW:161)
	at com.kms.katalon.core.main.ScriptEngine.run(ScriptEngine.java:194)
	at com.kms.katalon.core.main.ScriptEngine.runScriptAsRawText(ScriptEngine.java:119)
	at com.kms.katalon.core.main.TestCaseExecutor.runScript(TestCaseExecutor.java:448)
	at com.kms.katalon.core.main.TestCaseExecutor.doExecute(TestCaseExecutor.java:439)
	at com.kms.katalon.core.main.TestCaseExecutor.processExecutionPhase(TestCaseExecutor.java:418)
	at com.kms.katalon.core.main.TestCaseExecutor.accessMainPhase(TestCaseExecutor.java:410)
	at com.kms.katalon.core.main.TestCaseExecutor.execute(TestCaseExecutor.java:285)
	at com.kms.katalon.core.common.CommonExecutor.accessTestCaseMainPhase(CommonExecutor.java:65)
	at com.kms.katalon.core.main.TestSuiteExecutor.accessTestSuiteMainPhase(TestSuiteExecutor.java:148)
	at com.kms.katalon.core.main.TestSuiteExecutor.execute(TestSuiteExecutor.java:106)
	at com.kms.katalon.core.main.TestCaseMain.startTestSuite(TestCaseMain.java:187)
	at com.kms.katalon.core.main.TestCaseMain$startTestSuite$0.call(Unknown Source)
	at TempTestSuite1705202981112.run(TempTestSuite1705202981112.groovy:36)
)

2024-01-13 22:40:00 - [TEST_STEP][FAILED] - if (verifyTextPresent("Please enter a valid FEIN with 9 digits.", true)): Text 'Please enter a valid FEIN with 9 digits.' is not present on page  using regular expression (Root cause: com.kms.katalon.core.exception.StepFailedException: Text 'Please enter a valid FEIN with 9 digits.' is not present on page  using regular expression
	at com.kms.katalon.core.webui.keyword.internal.WebUIKeywordMain.stepFailed(WebUIKeywordMain.groovy:64)
	at com.kms.katalon.core.webui.keyword.builtin.VerifyTextPresentKeyword$_verifyTextPresent_closure1.doCall(VerifyTextPresentKeyword.groovy:79)
	at com.kms.katalon.core.webui.keyword.builtin.VerifyTextPresentKeyword$_verifyTextPresent_closure1.call(VerifyTextPresentKeyword.groovy)
	at com.kms.katalon.core.webui.keyword.internal.WebUIKeywordMain.runKeyword(WebUIKeywordMain.groovy:20)
	at com.kms.katalon.core.webui.keyword.builtin.VerifyTextPresentKeyword.verifyTextPresent(VerifyTextPresentKeyword.groovy:83)
	at com.kms.katalon.core.webui.keyword.builtin.VerifyTextPresentKeyword.execute(VerifyTextPresentKeyword.groovy:68)
	at com.kms.katalon.core.keyword.internal.KeywordExecutor.executeKeywordForPlatform(KeywordExecutor.groovy:74)
	at com.kms.katalon.core.webui.keyword.WebUiBuiltInKeywords.verifyTextPresent(WebUiBuiltInKeywords.groovy:1723)
	at com.kms.katalon.core.webui.keyword.WebUiBuiltInKeywords$verifyTextPresent$6.call(Unknown Source)
	at FEINmoreThan9Error-NEW.run(FEINmoreThan9Error-NEW:163)
	at com.kms.katalon.core.main.ScriptEngine.run(ScriptEngine.java:194)
	at com.kms.katalon.core.main.ScriptEngine.runScriptAsRawText(ScriptEngine.java:119)
	at com.kms.katalon.core.main.TestCaseExecutor.runScript(TestCaseExecutor.java:448)
	at com.kms.katalon.core.main.TestCaseExecutor.doExecute(TestCaseExecutor.java:439)
	at com.kms.katalon.core.main.TestCaseExecutor.processExecutionPhase(TestCaseExecutor.java:418)
	at com.kms.katalon.core.main.TestCaseExecutor.accessMainPhase(TestCaseExecutor.java:410)
	at com.kms.katalon.core.main.TestCaseExecutor.execute(TestCaseExecutor.java:285)
	at com.kms.katalon.core.common.CommonExecutor.accessTestCaseMainPhase(CommonExecutor.java:65)
	at com.kms.katalon.core.main.TestSuiteExecutor.accessTestSuiteMainPhase(TestSuiteExecutor.java:148)
	at com.kms.katalon.core.main.TestSuiteExecutor.execute(TestSuiteExecutor.java:106)
	at com.kms.katalon.core.main.TestCaseMain.startTestSuite(TestCaseMain.java:187)
	at com.kms.katalon.core.main.TestCaseMain$startTestSuite$0.call(Unknown Source)
	at TempTestSuite1705202981112.run(TempTestSuite1705202981112.groovy:36)
)

2024-01-13 22:40:00 - [MESSAGE][FAILED] - Text 'Please enter a valid FEIN with 9 digits.' is not present on page  using regular expression (Root cause: com.kms.katalon.core.exception.StepFailedException: Text 'Please enter a valid FEIN with 9 digits.' is not present on page  using regular expression
	at com.kms.katalon.core.webui.keyword.internal.WebUIKeywordMain.stepFailed(WebUIKeywordMain.groovy:64)
	at com.kms.katalon.core.webui.keyword.builtin.VerifyTextPresentKeyword$_verifyTextPresent_closure1.doCall(VerifyTextPresentKeyword.groovy:79)
	at com.kms.katalon.core.webui.keyword.builtin.VerifyTextPresentKeyword$_verifyTextPresent_closure1.call(VerifyTextPresentKeyword.groovy)
	at com.kms.katalon.core.webui.keyword.internal.WebUIKeywordMain.runKeyword(WebUIKeywordMain.groovy:20)
	at com.kms.katalon.core.webui.keyword.builtin.VerifyTextPresentKeyword.verifyTextPresent(VerifyTextPresentKeyword.groovy:83)
	at com.kms.katalon.core.webui.keyword.builtin.VerifyTextPresentKeyword.execute(VerifyTextPresentKeyword.groovy:68)
	at com.kms.katalon.core.keyword.internal.KeywordExecutor.executeKeywordForPlatform(KeywordExecutor.groovy:74)
	at com.kms.katalon.core.webui.keyword.WebUiBuiltInKeywords.verifyTextPresent(WebUiBuiltInKeywords.groovy:1723)
	at com.kms.katalon.core.webui.keyword.WebUiBuiltInKeywords$verifyTextPresent$6.call(Unknown Source)
	at FEINmoreThan9Error-NEW.run(FEINmoreThan9Error-NEW:163)
	at com.kms.katalon.core.main.ScriptEngine.run(ScriptEngine.java:194)
	at com.kms.katalon.core.main.ScriptEngine.runScriptAsRawText(ScriptEngine.java:119)
	at com.kms.katalon.core.main.TestCaseExecutor.runScript(TestCaseExecutor.java:448)
	at com.kms.katalon.core.main.TestCaseExecutor.doExecute(TestCaseExecutor.java:439)
	at com.kms.katalon.core.main.TestCaseExecutor.processExecutionPhase(TestCaseExecutor.java:418)
	at com.kms.katalon.core.main.TestCaseExecutor.accessMainPhase(TestCaseExecutor.java:410)
	at com.kms.katalon.core.main.TestCaseExecutor.execute(TestCaseExecutor.java:285)
	at com.kms.katalon.core.common.CommonExecutor.accessTestCaseMainPhase(CommonExecutor.java:65)
	at com.kms.katalon.core.main.TestSuiteExecutor.accessTestSuiteMainPhase(TestSuiteExecutor.java:148)
	at com.kms.katalon.core.main.TestSuiteExecutor.execute(TestSuiteExecutor.java:106)
	at com.kms.katalon.core.main.TestCaseMain.startTestSuite(TestCaseMain.java:187)
	at com.kms.katalon.core.main.TestCaseMain$startTestSuite$0.call(Unknown Source)
	at TempTestSuite1705202981112.run(TempTestSuite1705202981112.groovy:36)
)

2024-01-13 22:40:00 - [TEST_STEP][PASSED] - else: pages.WriteExcel.demoKey is PASSED

2024-01-13 22:40:00 - [TEST_STEP][PASSED] - println("Error Message is NOT present on the page"): null

2024-01-13 22:40:00 - [TEST_STEP][PASSED] - out.println("Fail Record Number: " + row): null

2024-01-13 22:40:00 - [TEST_STEP][PASSED] - resText = "Fail": null

2024-01-13 22:40:00 - [TEST_STEP][PASSED] - pages.WriteExcel.demoKey(resText, datText, resColumn, datCloumn, fileLoc, nameSheet, row): pages.WriteExcel.demoKey is PASSED

2024-01-13 22:40:00 - [MESSAGE][PASSED] - pages.WriteExcel.demoKey is PASSED

2024-01-13 22:40:00 - [TEST_STEP][PASSED] - ExecuteTC = findTestData(dataFile).getValue("Execute", row): null

2024-01-13 22:40:00 - [TEST_STEP][PASSED] - Taxtype = findTestData(dataFile).getValue("TaxType", row): null

2024-01-13 22:40:00 - [TEST_STEP][PASSED] - Paymenttype = findTestData(dataFile).getValue("PaymentType", row): null

2024-01-13 22:40:00 - [TEST_STEP][PASSED] - out.println("Value of Execute is : " + ExecuteTC): null

2024-01-13 22:40:00 - [TEST_STEP][PASSED] - if (ExecuteTC.equalsIgnoreCase("Y")): null

2024-01-13 22:40:00 - [TEST_STEP][PASSED] - out.println("Begin Record Number: " + row): null

2024-01-13 22:40:00 - [TEST_STEP][PASSED] - today = new java.util.Date(): null

2024-01-13 22:40:00 - [TEST_STEP][PASSED] - println(today): null

2024-01-13 22:40:00 - [TEST_STEP][PASSED] - datText = today: null

2024-01-13 22:40:00 - [TEST_STEP][PASSED] - Taxtype = findTestData(dataFile).getValue("TaxType", row): null

2024-01-13 22:40:00 - [TEST_STEP][PASSED] - out.println("Taxtype value is : " + Taxtype): null

2024-01-13 22:40:00 - [TEST_STEP][PASSED] - openBrowser(""): Browser is opened with url: ''

2024-01-13 22:40:00 - [MESSAGE][WARNING] - A browser is already opened. Closing browser and opening a new one

2024-01-13 22:40:01 - [MESSAGE][INFO] - Starting 'Chrome' driver

2024-01-13 22:40:01 - [MESSAGE][INFO] - User set preference: ['acceptInsecureCerts', 'true']

2024-01-13 22:40:01 - [MESSAGE][INFO] - Action delay is set to 0 milliseconds

2024-01-13 22:40:03 - [MESSAGE][PASSED] - Browser is opened with url: ''

2024-01-13 22:40:03 - [TEST_STEP][PASSED] - maximizeWindow(): Current window maximized

2024-01-13 22:40:03 - [MESSAGE][PASSED] - Current window maximized

2024-01-13 22:40:03 - [TEST_STEP][PASSED] - navigateToUrl(RADurl): Navigate to 'https://qa2.velocitypayment.com/client/rad/index.html' successfully

2024-01-13 22:40:04 - [MESSAGE][PASSED] - Navigate to 'https://qa2.velocitypayment.com/client/rad/index.html' successfully

2024-01-13 22:40:04 - [TEST_STEP][PASSED] - orPath_Landing = "Object Repository/RAD_Pages/Landing_Page": null

2024-01-13 22:40:04 - [TEST_STEP][PASSED] - orPath_TaxTypeFilingYear = "Object Repository/RAD_Pages/TaxTypeFilingYear_Page": null

2024-01-13 22:40:04 - [TEST_STEP][PASSED] - orPath_TaxPayer = "Object Repository/RAD_Pages/Taxpayer_Page": null

2024-01-13 22:40:04 - [TEST_STEP][PASSED] - orPath_AddressContact = "Object Repository/RAD_Pages/AddressAndContactInfo_Page": null

2024-01-13 22:40:04 - [TEST_STEP][PASSED] - orPath_FilingStatus = "Object Repository/RAD_Pages/FilingStatus_Page": null

2024-01-13 22:40:04 - [TEST_STEP][PASSED] - orPath_Amount = "Object Repository/RAD_Pages/PaymentAmount_Page": null

2024-01-13 22:40:04 - [TEST_STEP][PASSED] - orPath_TaxInfo = "Object Repository/RAD_Pages/TaxInfo_Page": null

2024-01-13 22:40:04 - [TEST_STEP][PASSED] - orPath_Withholding = "Object Repository/RAD_Pages/Withholding_Page": null

2024-01-13 22:40:04 - [TEST_STEP][PASSED] - orPath_Summary = "Object Repository/RAD_Pages/Summary_Page": null

2024-01-13 22:40:04 - [TEST_STEP][PASSED] - orPath_PaymentReady = "Object Repository/RAD_Pages/PaymentReady_Page": null

2024-01-13 22:40:04 - [TEST_STEP][PASSED] - orPath_PaymentEntry = "Object Repository/RAD_Pages/PaymentEntry_Page": null

2024-01-13 22:40:04 - [TEST_STEP][PASSED] - orPath_PaymentConfirmation = "Object Repository/RAD_Pages/PaymentConfirmation_Page": null

2024-01-13 22:40:04 - [TEST_STEP][PASSED] - orPath_ServiceFeesAccept = "Object Repository/RAD_Pages/ServiceFeeAccept_Page": null

2024-01-13 22:40:04 - [TEST_STEP][PASSED] - selectOptionByLabel(findTestObject(orPath_Landing + "/dd_TaxType"), Paymenttype, false): All options with label 'Existing Liability w/Notice Number' are selected in object 'Object Repository/RAD_Pages/Landing_Page/dd_TaxType' 

2024-01-13 22:40:05 - [MESSAGE][PASSED] - All options with label 'Existing Liability w/Notice Number' are selected in object 'Object Repository/RAD_Pages/Landing_Page/dd_TaxType' 

2024-01-13 22:40:05 - [TEST_STEP][PASSED] - delay(1): Delayed 1 second(s)

2024-01-13 22:40:06 - [MESSAGE][PASSED] - Delayed 1 second(s)

2024-01-13 22:40:06 - [TEST_STEP][PASSED] - switch (Paymenttype): null

2024-01-13 22:40:06 - [TEST_STEP][PASSED] - case "Existing Liability w/Notice Number":: null

2024-01-13 22:40:06 - [TEST_STEP][PASSED] - selectOptionByLabel(findTestObject(orPath_TaxTypeFilingYear + "/select_TaxType_ExistingLiability"), Taxtype, false): All options with label 'Transportation Network Services' are selected in object 'Object Repository/RAD_Pages/TaxTypeFilingYear_Page/select_TaxType_ExistingLiability' 

2024-01-13 22:40:07 - [MESSAGE][PASSED] - All options with label 'Transportation Network Services' are selected in object 'Object Repository/RAD_Pages/TaxTypeFilingYear_Page/select_TaxType_ExistingLiability' 

2024-01-13 22:40:07 - [TEST_STEP][PASSED] - break: null

2024-01-13 22:40:07 - [TEST_STEP][PASSED] - delay(1): Delayed 1 second(s)

2024-01-13 22:40:08 - [MESSAGE][PASSED] - Delayed 1 second(s)

2024-01-13 22:40:08 - [TEST_STEP][PASSED] - switch (Paymenttype): null

2024-01-13 22:40:08 - [TEST_STEP][PASSED] - case "Existing Liability w/Notice Number":: null

2024-01-13 22:40:08 - [TEST_STEP][PASSED] - setEncryptedText(findTestObject("Object Repository/RAD_RecordAndPlay/input_Existing_FEIN"), "RigbBhfdqOBDK95asqKeHw=="): Text ****** has been set on object 'Object Repository/RAD_RecordAndPlay/input_Existing_FEIN'

2024-01-13 22:40:08 - [MESSAGE][PASSED] - Text ****** has been set on object 'Object Repository/RAD_RecordAndPlay/input_Existing_FEIN'

2024-01-13 22:40:08 - [TEST_STEP][PASSED] - setEncryptedText(findTestObject("Object Repository/RAD_RecordAndPlay/input_Existing_RetypeFEIN"), ""): Text ****** has been set on object 'Object Repository/RAD_RecordAndPlay/input_Existing_RetypeFEIN'

2024-01-13 22:40:09 - [MESSAGE][PASSED] - Text ****** has been set on object 'Object Repository/RAD_RecordAndPlay/input_Existing_RetypeFEIN'

2024-01-13 22:40:09 - [TEST_STEP][PASSED] - break: null

2024-01-13 22:40:09 - [TEST_STEP][PASSED] - verifyTextPresent("Please enter a valid FEIN with 9 digits.", true): Text 'Please enter a valid FEIN with 9 digits.' is present on page  using regular expression

2024-01-13 22:40:09 - [MESSAGE][PASSED] - Text 'Please enter a valid FEIN with 9 digits.' is present on page  using regular expression

2024-01-13 22:40:09 - [TEST_STEP][PASSED] - if (verifyTextPresent("Please enter a valid FEIN with 9 digits.", true)): null

2024-01-13 22:40:10 - [MESSAGE][PASSED] - Text 'Please enter a valid FEIN with 9 digits.' is present on page  using regular expression

2024-01-13 22:40:10 - [TEST_STEP][PASSED] - println("Error Message is present on the page"): null

2024-01-13 22:40:10 - [TEST_STEP][PASSED] - out.println("Pass Record Number: " + row): null

2024-01-13 22:40:10 - [TEST_STEP][PASSED] - resText = "Pass": null

2024-01-13 22:40:10 - [TEST_STEP][PASSED] - pages.WriteExcel.demoKey(resText, datText, resColumn, datCloumn, fileLoc, nameSheet, row): pages.WriteExcel.demoKey is PASSED

2024-01-13 22:40:10 - [MESSAGE][PASSED] - pages.WriteExcel.demoKey is PASSED

2024-01-13 22:40:10 - [TEST_STEP][PASSED] - ExecuteTC = findTestData(dataFile).getValue("Execute", row): null

2024-01-13 22:40:10 - [TEST_STEP][PASSED] - Taxtype = findTestData(dataFile).getValue("TaxType", row): null

2024-01-13 22:40:10 - [TEST_STEP][PASSED] - Paymenttype = findTestData(dataFile).getValue("PaymentType", row): null

2024-01-13 22:40:10 - [TEST_STEP][PASSED] - out.println("Value of Execute is : " + ExecuteTC): null

2024-01-13 22:40:10 - [TEST_STEP][PASSED] - if (ExecuteTC.equalsIgnoreCase("Y")): null

2024-01-13 22:40:10 - [TEST_STEP][PASSED] - out.println("Begin Record Number: " + row): null

2024-01-13 22:40:10 - [TEST_STEP][PASSED] - today = new java.util.Date(): null

2024-01-13 22:40:10 - [TEST_STEP][PASSED] - println(today): null

2024-01-13 22:40:10 - [TEST_STEP][PASSED] - datText = today: null

2024-01-13 22:40:10 - [TEST_STEP][PASSED] - Taxtype = findTestData(dataFile).getValue("TaxType", row): null

2024-01-13 22:40:10 - [TEST_STEP][PASSED] - out.println("Taxtype value is : " + Taxtype): null

2024-01-13 22:40:10 - [TEST_STEP][PASSED] - openBrowser(""): Browser is opened with url: ''

2024-01-13 22:40:10 - [MESSAGE][WARNING] - A browser is already opened. Closing browser and opening a new one

2024-01-13 22:40:11 - [MESSAGE][INFO] - Starting 'Chrome' driver

2024-01-13 22:40:11 - [MESSAGE][INFO] - User set preference: ['acceptInsecureCerts', 'true']

2024-01-13 22:40:11 - [MESSAGE][INFO] - Action delay is set to 0 milliseconds

2024-01-13 22:40:12 - [MESSAGE][PASSED] - Browser is opened with url: ''

2024-01-13 22:40:12 - [TEST_STEP][PASSED] - maximizeWindow(): Current window maximized

2024-01-13 22:40:13 - [MESSAGE][PASSED] - Current window maximized

2024-01-13 22:40:13 - [TEST_STEP][PASSED] - navigateToUrl(RADurl): Navigate to 'https://qa2.velocitypayment.com/client/rad/index.html' successfully

2024-01-13 22:40:14 - [MESSAGE][PASSED] - Navigate to 'https://qa2.velocitypayment.com/client/rad/index.html' successfully

2024-01-13 22:40:14 - [TEST_STEP][PASSED] - orPath_Landing = "Object Repository/RAD_Pages/Landing_Page": null

2024-01-13 22:40:14 - [TEST_STEP][PASSED] - orPath_TaxTypeFilingYear = "Object Repository/RAD_Pages/TaxTypeFilingYear_Page": null

2024-01-13 22:40:14 - [TEST_STEP][PASSED] - orPath_TaxPayer = "Object Repository/RAD_Pages/Taxpayer_Page": null

2024-01-13 22:40:14 - [TEST_STEP][PASSED] - orPath_AddressContact = "Object Repository/RAD_Pages/AddressAndContactInfo_Page": null

2024-01-13 22:40:14 - [TEST_STEP][PASSED] - orPath_FilingStatus = "Object Repository/RAD_Pages/FilingStatus_Page": null

2024-01-13 22:40:14 - [TEST_STEP][PASSED] - orPath_Amount = "Object Repository/RAD_Pages/PaymentAmount_Page": null

2024-01-13 22:40:14 - [TEST_STEP][PASSED] - orPath_TaxInfo = "Object Repository/RAD_Pages/TaxInfo_Page": null

2024-01-13 22:40:14 - [TEST_STEP][PASSED] - orPath_Withholding = "Object Repository/RAD_Pages/Withholding_Page": null

2024-01-13 22:40:14 - [TEST_STEP][PASSED] - orPath_Summary = "Object Repository/RAD_Pages/Summary_Page": null

2024-01-13 22:40:14 - [TEST_STEP][PASSED] - orPath_PaymentReady = "Object Repository/RAD_Pages/PaymentReady_Page": null

2024-01-13 22:40:14 - [TEST_STEP][PASSED] - orPath_PaymentEntry = "Object Repository/RAD_Pages/PaymentEntry_Page": null

2024-01-13 22:40:14 - [TEST_STEP][PASSED] - orPath_PaymentConfirmation = "Object Repository/RAD_Pages/PaymentConfirmation_Page": null

2024-01-13 22:40:14 - [TEST_STEP][PASSED] - orPath_ServiceFeesAccept = "Object Repository/RAD_Pages/ServiceFeeAccept_Page": null

2024-01-13 22:40:14 - [TEST_STEP][PASSED] - selectOptionByLabel(findTestObject(orPath_Landing + "/dd_TaxType"), Paymenttype, false): All options with label 'Existing Liability w/Notice Number' are selected in object 'Object Repository/RAD_Pages/Landing_Page/dd_TaxType' 

2024-01-13 22:40:15 - [MESSAGE][PASSED] - All options with label 'Existing Liability w/Notice Number' are selected in object 'Object Repository/RAD_Pages/Landing_Page/dd_TaxType' 

2024-01-13 22:40:15 - [TEST_STEP][PASSED] - delay(1): Delayed 1 second(s)

2024-01-13 22:40:16 - [MESSAGE][PASSED] - Delayed 1 second(s)

2024-01-13 22:40:16 - [TEST_STEP][PASSED] - switch (Paymenttype): null

2024-01-13 22:40:16 - [TEST_STEP][PASSED] - case "Existing Liability w/Notice Number":: null

2024-01-13 22:40:16 - [TEST_STEP][PASSED] - selectOptionByLabel(findTestObject(orPath_TaxTypeFilingYear + "/select_TaxType_ExistingLiability"), Taxtype, false): All options with label 'Unclaimed Property' are selected in object 'Object Repository/RAD_Pages/TaxTypeFilingYear_Page/select_TaxType_ExistingLiability' 

2024-01-13 22:40:16 - [MESSAGE][PASSED] - All options with label 'Unclaimed Property' are selected in object 'Object Repository/RAD_Pages/TaxTypeFilingYear_Page/select_TaxType_ExistingLiability' 

2024-01-13 22:40:16 - [TEST_STEP][PASSED] - break: null

2024-01-13 22:40:16 - [TEST_STEP][PASSED] - delay(1): Delayed 1 second(s)

2024-01-13 22:40:17 - [MESSAGE][PASSED] - Delayed 1 second(s)

2024-01-13 22:40:17 - [TEST_STEP][PASSED] - switch (Paymenttype): null

2024-01-13 22:40:17 - [TEST_STEP][PASSED] - case "Existing Liability w/Notice Number":: null

2024-01-13 22:40:17 - [TEST_STEP][PASSED] - setEncryptedText(findTestObject("Object Repository/RAD_RecordAndPlay/input_Existing_FEIN"), "RigbBhfdqOBDK95asqKeHw=="): Text ****** has been set on object 'Object Repository/RAD_RecordAndPlay/input_Existing_FEIN'

2024-01-13 22:40:18 - [MESSAGE][PASSED] - Text ****** has been set on object 'Object Repository/RAD_RecordAndPlay/input_Existing_FEIN'

2024-01-13 22:40:18 - [TEST_STEP][PASSED] - setEncryptedText(findTestObject("Object Repository/RAD_RecordAndPlay/input_Existing_RetypeFEIN"), ""): Text ****** has been set on object 'Object Repository/RAD_RecordAndPlay/input_Existing_RetypeFEIN'

2024-01-13 22:40:18 - [MESSAGE][PASSED] - Text ****** has been set on object 'Object Repository/RAD_RecordAndPlay/input_Existing_RetypeFEIN'

2024-01-13 22:40:18 - [TEST_STEP][PASSED] - break: null

2024-01-13 22:40:18 - [TEST_STEP][PASSED] - verifyTextPresent("Please enter a valid FEIN with 9 digits.", true): Text 'Please enter a valid FEIN with 9 digits.' is present on page  using regular expression

2024-01-13 22:40:19 - [MESSAGE][PASSED] - Text 'Please enter a valid FEIN with 9 digits.' is present on page  using regular expression

2024-01-13 22:40:19 - [TEST_STEP][PASSED] - if (verifyTextPresent("Please enter a valid FEIN with 9 digits.", true)): null

2024-01-13 22:40:19 - [MESSAGE][PASSED] - Text 'Please enter a valid FEIN with 9 digits.' is present on page  using regular expression

2024-01-13 22:40:19 - [TEST_STEP][PASSED] - println("Error Message is present on the page"): null

2024-01-13 22:40:19 - [TEST_STEP][PASSED] - out.println("Pass Record Number: " + row): null

2024-01-13 22:40:19 - [TEST_STEP][PASSED] - resText = "Pass": null

2024-01-13 22:40:19 - [TEST_STEP][PASSED] - pages.WriteExcel.demoKey(resText, datText, resColumn, datCloumn, fileLoc, nameSheet, row): pages.WriteExcel.demoKey is PASSED

2024-01-13 22:40:19 - [MESSAGE][PASSED] - pages.WriteExcel.demoKey is PASSED

2024-01-13 22:40:19 - [TEST_STEP][PASSED] - ExecuteTC = findTestData(dataFile).getValue("Execute", row): null

2024-01-13 22:40:19 - [TEST_STEP][PASSED] - Taxtype = findTestData(dataFile).getValue("TaxType", row): null

2024-01-13 22:40:19 - [TEST_STEP][PASSED] - Paymenttype = findTestData(dataFile).getValue("PaymentType", row): null

2024-01-13 22:40:20 - [TEST_STEP][PASSED] - out.println("Value of Execute is : " + ExecuteTC): null

2024-01-13 22:40:20 - [TEST_STEP][PASSED] - if (ExecuteTC.equalsIgnoreCase("Y")): null

2024-01-13 22:40:20 - [TEST_STEP][PASSED] - out.println("Begin Record Number: " + row): null

2024-01-13 22:40:20 - [TEST_STEP][PASSED] - today = new java.util.Date(): null

2024-01-13 22:40:20 - [TEST_STEP][PASSED] - println(today): null

2024-01-13 22:40:20 - [TEST_STEP][PASSED] - datText = today: null

2024-01-13 22:40:20 - [TEST_STEP][PASSED] - Taxtype = findTestData(dataFile).getValue("TaxType", row): null

2024-01-13 22:40:20 - [TEST_STEP][PASSED] - out.println("Taxtype value is : " + Taxtype): null

2024-01-13 22:40:20 - [TEST_STEP][PASSED] - openBrowser(""): Browser is opened with url: ''

2024-01-13 22:40:20 - [MESSAGE][WARNING] - A browser is already opened. Closing browser and opening a new one

2024-01-13 22:40:21 - [MESSAGE][INFO] - Starting 'Chrome' driver

2024-01-13 22:40:21 - [MESSAGE][INFO] - User set preference: ['acceptInsecureCerts', 'true']

2024-01-13 22:40:21 - [MESSAGE][INFO] - Action delay is set to 0 milliseconds

2024-01-13 22:40:22 - [MESSAGE][PASSED] - Browser is opened with url: ''

2024-01-13 22:40:22 - [TEST_STEP][PASSED] - maximizeWindow(): Current window maximized

2024-01-13 22:40:22 - [MESSAGE][PASSED] - Current window maximized

2024-01-13 22:40:22 - [TEST_STEP][PASSED] - navigateToUrl(RADurl): Navigate to 'https://qa2.velocitypayment.com/client/rad/index.html' successfully

2024-01-13 22:40:24 - [MESSAGE][PASSED] - Navigate to 'https://qa2.velocitypayment.com/client/rad/index.html' successfully

2024-01-13 22:40:24 - [TEST_STEP][PASSED] - orPath_Landing = "Object Repository/RAD_Pages/Landing_Page": null

2024-01-13 22:40:24 - [TEST_STEP][PASSED] - orPath_TaxTypeFilingYear = "Object Repository/RAD_Pages/TaxTypeFilingYear_Page": null

2024-01-13 22:40:24 - [TEST_STEP][PASSED] - orPath_TaxPayer = "Object Repository/RAD_Pages/Taxpayer_Page": null

2024-01-13 22:40:24 - [TEST_STEP][PASSED] - orPath_AddressContact = "Object Repository/RAD_Pages/AddressAndContactInfo_Page": null

2024-01-13 22:40:24 - [TEST_STEP][PASSED] - orPath_FilingStatus = "Object Repository/RAD_Pages/FilingStatus_Page": null

2024-01-13 22:40:24 - [TEST_STEP][PASSED] - orPath_Amount = "Object Repository/RAD_Pages/PaymentAmount_Page": null

2024-01-13 22:40:24 - [TEST_STEP][PASSED] - orPath_TaxInfo = "Object Repository/RAD_Pages/TaxInfo_Page": null

2024-01-13 22:40:24 - [TEST_STEP][PASSED] - orPath_Withholding = "Object Repository/RAD_Pages/Withholding_Page": null

2024-01-13 22:40:24 - [TEST_STEP][PASSED] - orPath_Summary = "Object Repository/RAD_Pages/Summary_Page": null

2024-01-13 22:40:24 - [TEST_STEP][PASSED] - orPath_PaymentReady = "Object Repository/RAD_Pages/PaymentReady_Page": null

2024-01-13 22:40:24 - [TEST_STEP][PASSED] - orPath_PaymentEntry = "Object Repository/RAD_Pages/PaymentEntry_Page": null

2024-01-13 22:40:24 - [TEST_STEP][PASSED] - orPath_PaymentConfirmation = "Object Repository/RAD_Pages/PaymentConfirmation_Page": null

2024-01-13 22:40:24 - [TEST_STEP][PASSED] - orPath_ServiceFeesAccept = "Object Repository/RAD_Pages/ServiceFeeAccept_Page": null

2024-01-13 22:40:24 - [TEST_STEP][PASSED] - selectOptionByLabel(findTestObject(orPath_Landing + "/dd_TaxType"), Paymenttype, false): All options with label 'Existing Liability w/Notice Number' are selected in object 'Object Repository/RAD_Pages/Landing_Page/dd_TaxType' 

2024-01-13 22:40:24 - [MESSAGE][PASSED] - All options with label 'Existing Liability w/Notice Number' are selected in object 'Object Repository/RAD_Pages/Landing_Page/dd_TaxType' 

2024-01-13 22:40:24 - [TEST_STEP][PASSED] - delay(1): Delayed 1 second(s)

2024-01-13 22:40:25 - [MESSAGE][PASSED] - Delayed 1 second(s)

2024-01-13 22:40:25 - [TEST_STEP][PASSED] - switch (Paymenttype): null

2024-01-13 22:40:25 - [TEST_STEP][PASSED] - case "Existing Liability w/Notice Number":: null

2024-01-13 22:40:25 - [TEST_STEP][PASSED] - selectOptionByLabel(findTestObject(orPath_TaxTypeFilingYear + "/select_TaxType_ExistingLiability"), Taxtype, false): All options with label 'IFTA Tax' are selected in object 'Object Repository/RAD_Pages/TaxTypeFilingYear_Page/select_TaxType_ExistingLiability' 

2024-01-13 22:40:26 - [MESSAGE][PASSED] - All options with label 'IFTA Tax' are selected in object 'Object Repository/RAD_Pages/TaxTypeFilingYear_Page/select_TaxType_ExistingLiability' 

2024-01-13 22:40:26 - [TEST_STEP][PASSED] - break: null

2024-01-13 22:40:26 - [TEST_STEP][PASSED] - delay(1): Delayed 1 second(s)

2024-01-13 22:40:27 - [MESSAGE][PASSED] - Delayed 1 second(s)

2024-01-13 22:40:27 - [TEST_STEP][PASSED] - switch (Paymenttype): null

2024-01-13 22:40:27 - [TEST_STEP][PASSED] - case "Existing Liability w/Notice Number":: null

2024-01-13 22:40:27 - [TEST_STEP][PASSED] - setEncryptedText(findTestObject("Object Repository/RAD_RecordAndPlay/input_Existing_FEIN"), "RigbBhfdqOBDK95asqKeHw=="): Text ****** has been set on object 'Object Repository/RAD_RecordAndPlay/input_Existing_FEIN'

2024-01-13 22:40:28 - [MESSAGE][PASSED] - Text ****** has been set on object 'Object Repository/RAD_RecordAndPlay/input_Existing_FEIN'

2024-01-13 22:40:28 - [TEST_STEP][PASSED] - setEncryptedText(findTestObject("Object Repository/RAD_RecordAndPlay/input_Existing_RetypeFEIN"), ""): Text ****** has been set on object 'Object Repository/RAD_RecordAndPlay/input_Existing_RetypeFEIN'

2024-01-13 22:40:28 - [MESSAGE][PASSED] - Text ****** has been set on object 'Object Repository/RAD_RecordAndPlay/input_Existing_RetypeFEIN'

2024-01-13 22:40:28 - [TEST_STEP][PASSED] - break: null

2024-01-13 22:40:28 - [TEST_STEP][PASSED] - verifyTextPresent("Please enter a valid FEIN with 9 digits.", true): Text 'Please enter a valid FEIN with 9 digits.' is present on page  using regular expression

2024-01-13 22:40:29 - [MESSAGE][PASSED] - Text 'Please enter a valid FEIN with 9 digits.' is present on page  using regular expression

2024-01-13 22:40:29 - [TEST_STEP][PASSED] - if (verifyTextPresent("Please enter a valid FEIN with 9 digits.", true)): null

2024-01-13 22:40:29 - [MESSAGE][PASSED] - Text 'Please enter a valid FEIN with 9 digits.' is present on page  using regular expression

2024-01-13 22:40:29 - [TEST_STEP][PASSED] - println("Error Message is present on the page"): null

2024-01-13 22:40:29 - [TEST_STEP][PASSED] - out.println("Pass Record Number: " + row): null

2024-01-13 22:40:29 - [TEST_STEP][PASSED] - resText = "Pass": null

2024-01-13 22:40:29 - [TEST_STEP][PASSED] - pages.WriteExcel.demoKey(resText, datText, resColumn, datCloumn, fileLoc, nameSheet, row): pages.WriteExcel.demoKey is PASSED

2024-01-13 22:40:29 - [MESSAGE][PASSED] - pages.WriteExcel.demoKey is PASSED

2024-01-13 22:40:29 - [TEST_STEP][PASSED] - ExecuteTC = findTestData(dataFile).getValue("Execute", row): null

2024-01-13 22:40:29 - [TEST_STEP][PASSED] - Taxtype = findTestData(dataFile).getValue("TaxType", row): null

2024-01-13 22:40:29 - [TEST_STEP][PASSED] - Paymenttype = findTestData(dataFile).getValue("PaymentType", row): null

2024-01-13 22:40:29 - [TEST_STEP][PASSED] - out.println("Value of Execute is : " + ExecuteTC): null

2024-01-13 22:40:29 - [TEST_STEP][PASSED] - if (ExecuteTC.equalsIgnoreCase("Y")): null

2024-01-13 22:40:29 - [TEST_STEP][PASSED] - out.println("Begin Record Number: " + row): null

2024-01-13 22:40:29 - [TEST_STEP][PASSED] - today = new java.util.Date(): null

2024-01-13 22:40:29 - [TEST_STEP][PASSED] - println(today): null

2024-01-13 22:40:29 - [TEST_STEP][PASSED] - datText = today: null

2024-01-13 22:40:29 - [TEST_STEP][PASSED] - Taxtype = findTestData(dataFile).getValue("TaxType", row): null

2024-01-13 22:40:29 - [TEST_STEP][PASSED] - out.println("Taxtype value is : " + Taxtype): null

2024-01-13 22:40:29 - [TEST_STEP][PASSED] - openBrowser(""): Browser is opened with url: ''

2024-01-13 22:40:29 - [MESSAGE][WARNING] - A browser is already opened. Closing browser and opening a new one

2024-01-13 22:40:30 - [MESSAGE][INFO] - Starting 'Chrome' driver

2024-01-13 22:40:30 - [MESSAGE][INFO] - User set preference: ['acceptInsecureCerts', 'true']

2024-01-13 22:40:30 - [MESSAGE][INFO] - Action delay is set to 0 milliseconds

2024-01-13 22:40:32 - [MESSAGE][PASSED] - Browser is opened with url: ''

2024-01-13 22:40:32 - [TEST_STEP][PASSED] - maximizeWindow(): Current window maximized

2024-01-13 22:40:32 - [MESSAGE][PASSED] - Current window maximized

2024-01-13 22:40:32 - [TEST_STEP][PASSED] - navigateToUrl(RADurl): Navigate to 'https://qa2.velocitypayment.com/client/rad/index.html' successfully

2024-01-13 22:40:34 - [MESSAGE][PASSED] - Navigate to 'https://qa2.velocitypayment.com/client/rad/index.html' successfully

2024-01-13 22:40:34 - [TEST_STEP][PASSED] - orPath_Landing = "Object Repository/RAD_Pages/Landing_Page": null

2024-01-13 22:40:34 - [TEST_STEP][PASSED] - orPath_TaxTypeFilingYear = "Object Repository/RAD_Pages/TaxTypeFilingYear_Page": null

2024-01-13 22:40:34 - [TEST_STEP][PASSED] - orPath_TaxPayer = "Object Repository/RAD_Pages/Taxpayer_Page": null

2024-01-13 22:40:34 - [TEST_STEP][PASSED] - orPath_AddressContact = "Object Repository/RAD_Pages/AddressAndContactInfo_Page": null

2024-01-13 22:40:34 - [TEST_STEP][PASSED] - orPath_FilingStatus = "Object Repository/RAD_Pages/FilingStatus_Page": null

2024-01-13 22:40:34 - [TEST_STEP][PASSED] - orPath_Amount = "Object Repository/RAD_Pages/PaymentAmount_Page": null

2024-01-13 22:40:34 - [TEST_STEP][PASSED] - orPath_TaxInfo = "Object Repository/RAD_Pages/TaxInfo_Page": null

2024-01-13 22:40:34 - [TEST_STEP][PASSED] - orPath_Withholding = "Object Repository/RAD_Pages/Withholding_Page": null

2024-01-13 22:40:34 - [TEST_STEP][PASSED] - orPath_Summary = "Object Repository/RAD_Pages/Summary_Page": null

2024-01-13 22:40:34 - [TEST_STEP][PASSED] - orPath_PaymentReady = "Object Repository/RAD_Pages/PaymentReady_Page": null

2024-01-13 22:40:34 - [TEST_STEP][PASSED] - orPath_PaymentEntry = "Object Repository/RAD_Pages/PaymentEntry_Page": null

2024-01-13 22:40:34 - [TEST_STEP][PASSED] - orPath_PaymentConfirmation = "Object Repository/RAD_Pages/PaymentConfirmation_Page": null

2024-01-13 22:40:34 - [TEST_STEP][PASSED] - orPath_ServiceFeesAccept = "Object Repository/RAD_Pages/ServiceFeeAccept_Page": null

2024-01-13 22:40:34 - [TEST_STEP][PASSED] - selectOptionByLabel(findTestObject(orPath_Landing + "/dd_TaxType"), Paymenttype, false): All options with label 'New Tax Return Amount Due' are selected in object 'Object Repository/RAD_Pages/Landing_Page/dd_TaxType' 

2024-01-13 22:40:34 - [MESSAGE][PASSED] - All options with label 'New Tax Return Amount Due' are selected in object 'Object Repository/RAD_Pages/Landing_Page/dd_TaxType' 

2024-01-13 22:40:34 - [TEST_STEP][PASSED] - delay(1): Delayed 1 second(s)

2024-01-13 22:40:35 - [MESSAGE][PASSED] - Delayed 1 second(s)

2024-01-13 22:40:35 - [TEST_STEP][PASSED] - switch (Paymenttype): null

2024-01-13 22:40:35 - [TEST_STEP][PASSED] - case "New Tax Return Amount Due":: null

2024-01-13 22:40:35 - [TEST_STEP][PASSED] - selectOptionByLabel(findTestObject("Object Repository/RAD_Pages/Landing_Page/select_NewTaxReturnAmountDue_TaxType"), Taxtype, false): All options with label 'Admissions and Amusement Tax' are selected in object 'Object Repository/RAD_Pages/Landing_Page/select_NewTaxReturnAmountDue_TaxType' 

2024-01-13 22:40:36 - [MESSAGE][PASSED] - All options with label 'Admissions and Amusement Tax' are selected in object 'Object Repository/RAD_Pages/Landing_Page/select_NewTaxReturnAmountDue_TaxType' 

2024-01-13 22:40:36 - [TEST_STEP][PASSED] - break: null

2024-01-13 22:40:36 - [TEST_STEP][PASSED] - delay(1): Delayed 1 second(s)

2024-01-13 22:40:37 - [MESSAGE][PASSED] - Delayed 1 second(s)

2024-01-13 22:40:37 - [TEST_STEP][PASSED] - switch (Paymenttype): null

2024-01-13 22:40:37 - [TEST_STEP][PASSED] - case "New Tax Return Amount Due":: null

2024-01-13 22:40:37 - [TEST_STEP][PASSED] - setEncryptedText(findTestObject(orPath_TaxInfo + "/input_FederalEIN-2"), "RigbBhfdqOBDK95asqKeHw=="): Text ****** has been set on object 'Object Repository/RAD_Pages/TaxInfo_Page/input_FederalEIN-2'

2024-01-13 22:40:37 - [MESSAGE][PASSED] - Text ****** has been set on object 'Object Repository/RAD_Pages/TaxInfo_Page/input_FederalEIN-2'

2024-01-13 22:40:37 - [TEST_STEP][PASSED] - setEncryptedText(findTestObject(orPath_TaxInfo + "/input_FederalEIN_ReEnter-2"), ""): Text ****** has been set on object 'Object Repository/RAD_Pages/TaxInfo_Page/input_FederalEIN_ReEnter-2'

2024-01-13 22:40:38 - [MESSAGE][PASSED] - Text ****** has been set on object 'Object Repository/RAD_Pages/TaxInfo_Page/input_FederalEIN_ReEnter-2'

2024-01-13 22:40:38 - [TEST_STEP][PASSED] - break: null

2024-01-13 22:40:38 - [TEST_STEP][PASSED] - verifyTextPresent("Please enter a valid FEIN with 9 digits.", true): Text 'Please enter a valid FEIN with 9 digits.' is present on page  using regular expression

2024-01-13 22:40:39 - [MESSAGE][PASSED] - Text 'Please enter a valid FEIN with 9 digits.' is present on page  using regular expression

2024-01-13 22:40:39 - [TEST_STEP][PASSED] - if (verifyTextPresent("Please enter a valid FEIN with 9 digits.", true)): null

2024-01-13 22:40:39 - [MESSAGE][PASSED] - Text 'Please enter a valid FEIN with 9 digits.' is present on page  using regular expression

2024-01-13 22:40:39 - [TEST_STEP][PASSED] - println("Error Message is present on the page"): null

2024-01-13 22:40:39 - [TEST_STEP][PASSED] - out.println("Pass Record Number: " + row): null

2024-01-13 22:40:39 - [TEST_STEP][PASSED] - resText = "Pass": null

2024-01-13 22:40:39 - [TEST_STEP][PASSED] - pages.WriteExcel.demoKey(resText, datText, resColumn, datCloumn, fileLoc, nameSheet, row): pages.WriteExcel.demoKey is PASSED

2024-01-13 22:40:39 - [MESSAGE][PASSED] - pages.WriteExcel.demoKey is PASSED

2024-01-13 22:40:39 - [TEST_STEP][PASSED] - ExecuteTC = findTestData(dataFile).getValue("Execute", row): null

2024-01-13 22:40:39 - [TEST_STEP][PASSED] - Taxtype = findTestData(dataFile).getValue("TaxType", row): null

2024-01-13 22:40:39 - [TEST_STEP][PASSED] - Paymenttype = findTestData(dataFile).getValue("PaymentType", row): null

2024-01-13 22:40:39 - [TEST_STEP][PASSED] - out.println("Value of Execute is : " + ExecuteTC): null

2024-01-13 22:40:39 - [TEST_STEP][PASSED] - if (ExecuteTC.equalsIgnoreCase("Y")): null

2024-01-13 22:40:39 - [TEST_STEP][PASSED] - out.println("Begin Record Number: " + row): null

2024-01-13 22:40:39 - [TEST_STEP][PASSED] - today = new java.util.Date(): null

2024-01-13 22:40:39 - [TEST_STEP][PASSED] - println(today): null

2024-01-13 22:40:39 - [TEST_STEP][PASSED] - datText = today: null

2024-01-13 22:40:39 - [TEST_STEP][PASSED] - Taxtype = findTestData(dataFile).getValue("TaxType", row): null

2024-01-13 22:40:39 - [TEST_STEP][PASSED] - out.println("Taxtype value is : " + Taxtype): null

2024-01-13 22:40:39 - [TEST_STEP][PASSED] - openBrowser(""): Browser is opened with url: ''

2024-01-13 22:40:39 - [MESSAGE][WARNING] - A browser is already opened. Closing browser and opening a new one

2024-01-13 22:40:40 - [MESSAGE][INFO] - Starting 'Chrome' driver

2024-01-13 22:40:40 - [MESSAGE][INFO] - User set preference: ['acceptInsecureCerts', 'true']

2024-01-13 22:40:40 - [MESSAGE][INFO] - Action delay is set to 0 milliseconds

2024-01-13 22:40:42 - [MESSAGE][PASSED] - Browser is opened with url: ''

2024-01-13 22:40:42 - [TEST_STEP][PASSED] - maximizeWindow(): Current window maximized

2024-01-13 22:40:42 - [MESSAGE][PASSED] - Current window maximized

2024-01-13 22:40:42 - [TEST_STEP][PASSED] - navigateToUrl(RADurl): Navigate to 'https://qa2.velocitypayment.com/client/rad/index.html' successfully

2024-01-13 22:40:42 - [MESSAGE][PASSED] - Navigate to 'https://qa2.velocitypayment.com/client/rad/index.html' successfully

2024-01-13 22:40:42 - [TEST_STEP][PASSED] - orPath_Landing = "Object Repository/RAD_Pages/Landing_Page": null

2024-01-13 22:40:42 - [TEST_STEP][PASSED] - orPath_TaxTypeFilingYear = "Object Repository/RAD_Pages/TaxTypeFilingYear_Page": null

2024-01-13 22:40:42 - [TEST_STEP][PASSED] - orPath_TaxPayer = "Object Repository/RAD_Pages/Taxpayer_Page": null

2024-01-13 22:40:42 - [TEST_STEP][PASSED] - orPath_AddressContact = "Object Repository/RAD_Pages/AddressAndContactInfo_Page": null

2024-01-13 22:40:42 - [TEST_STEP][PASSED] - orPath_FilingStatus = "Object Repository/RAD_Pages/FilingStatus_Page": null

2024-01-13 22:40:42 - [TEST_STEP][PASSED] - orPath_Amount = "Object Repository/RAD_Pages/PaymentAmount_Page": null

2024-01-13 22:40:42 - [TEST_STEP][PASSED] - orPath_TaxInfo = "Object Repository/RAD_Pages/TaxInfo_Page": null

2024-01-13 22:40:42 - [TEST_STEP][PASSED] - orPath_Withholding = "Object Repository/RAD_Pages/Withholding_Page": null

2024-01-13 22:40:42 - [TEST_STEP][PASSED] - orPath_Summary = "Object Repository/RAD_Pages/Summary_Page": null

2024-01-13 22:40:42 - [TEST_STEP][PASSED] - orPath_PaymentReady = "Object Repository/RAD_Pages/PaymentReady_Page": null

2024-01-13 22:40:42 - [TEST_STEP][PASSED] - orPath_PaymentEntry = "Object Repository/RAD_Pages/PaymentEntry_Page": null

2024-01-13 22:40:42 - [TEST_STEP][PASSED] - orPath_PaymentConfirmation = "Object Repository/RAD_Pages/PaymentConfirmation_Page": null

2024-01-13 22:40:42 - [TEST_STEP][PASSED] - orPath_ServiceFeesAccept = "Object Repository/RAD_Pages/ServiceFeeAccept_Page": null

2024-01-13 22:40:42 - [TEST_STEP][PASSED] - selectOptionByLabel(findTestObject(orPath_Landing + "/dd_TaxType"), Paymenttype, false): All options with label 'New Tax Return Amount Due' are selected in object 'Object Repository/RAD_Pages/Landing_Page/dd_TaxType' 

2024-01-13 22:40:44 - [MESSAGE][PASSED] - All options with label 'New Tax Return Amount Due' are selected in object 'Object Repository/RAD_Pages/Landing_Page/dd_TaxType' 

2024-01-13 22:40:44 - [TEST_STEP][PASSED] - delay(1): Delayed 1 second(s)

2024-01-13 22:40:45 - [MESSAGE][PASSED] - Delayed 1 second(s)

2024-01-13 22:40:45 - [TEST_STEP][PASSED] - switch (Paymenttype): null

2024-01-13 22:40:45 - [TEST_STEP][PASSED] - case "New Tax Return Amount Due":: null

2024-01-13 22:40:45 - [TEST_STEP][PASSED] - selectOptionByLabel(findTestObject("Object Repository/RAD_Pages/Landing_Page/select_NewTaxReturnAmountDue_TaxType"), Taxtype, false): All options with label 'Alcohol Tax' are selected in object 'Object Repository/RAD_Pages/Landing_Page/select_NewTaxReturnAmountDue_TaxType' 

2024-01-13 22:40:45 - [MESSAGE][PASSED] - All options with label 'Alcohol Tax' are selected in object 'Object Repository/RAD_Pages/Landing_Page/select_NewTaxReturnAmountDue_TaxType' 

2024-01-13 22:40:45 - [TEST_STEP][PASSED] - break: null

2024-01-13 22:40:45 - [TEST_STEP][PASSED] - delay(1): Delayed 1 second(s)

2024-01-13 22:40:46 - [MESSAGE][PASSED] - Delayed 1 second(s)

2024-01-13 22:40:46 - [TEST_STEP][PASSED] - switch (Paymenttype): null

2024-01-13 22:40:46 - [TEST_STEP][PASSED] - case "New Tax Return Amount Due":: null

2024-01-13 22:40:46 - [TEST_STEP][PASSED] - setEncryptedText(findTestObject(orPath_TaxInfo + "/input_FederalEIN-2"), "RigbBhfdqOBDK95asqKeHw=="): Text ****** has been set on object 'Object Repository/RAD_Pages/TaxInfo_Page/input_FederalEIN-2'

2024-01-13 22:40:47 - [MESSAGE][PASSED] - Text ****** has been set on object 'Object Repository/RAD_Pages/TaxInfo_Page/input_FederalEIN-2'

2024-01-13 22:40:47 - [TEST_STEP][PASSED] - setEncryptedText(findTestObject(orPath_TaxInfo + "/input_FederalEIN_ReEnter-2"), ""): Text ****** has been set on object 'Object Repository/RAD_Pages/TaxInfo_Page/input_FederalEIN_ReEnter-2'

2024-01-13 22:40:48 - [MESSAGE][PASSED] - Text ****** has been set on object 'Object Repository/RAD_Pages/TaxInfo_Page/input_FederalEIN_ReEnter-2'

2024-01-13 22:40:48 - [TEST_STEP][PASSED] - break: null

2024-01-13 22:40:48 - [TEST_STEP][PASSED] - verifyTextPresent("Please enter a valid FEIN with 9 digits.", true): Text 'Please enter a valid FEIN with 9 digits.' is present on page  using regular expression

2024-01-13 22:40:48 - [MESSAGE][PASSED] - Text 'Please enter a valid FEIN with 9 digits.' is present on page  using regular expression

2024-01-13 22:40:48 - [TEST_STEP][PASSED] - if (verifyTextPresent("Please enter a valid FEIN with 9 digits.", true)): null

2024-01-13 22:40:49 - [MESSAGE][PASSED] - Text 'Please enter a valid FEIN with 9 digits.' is present on page  using regular expression

2024-01-13 22:40:49 - [TEST_STEP][PASSED] - println("Error Message is present on the page"): null

2024-01-13 22:40:49 - [TEST_STEP][PASSED] - out.println("Pass Record Number: " + row): null

2024-01-13 22:40:49 - [TEST_STEP][PASSED] - resText = "Pass": null

2024-01-13 22:40:49 - [TEST_STEP][PASSED] - pages.WriteExcel.demoKey(resText, datText, resColumn, datCloumn, fileLoc, nameSheet, row): pages.WriteExcel.demoKey is PASSED

2024-01-13 22:40:49 - [MESSAGE][PASSED] - pages.WriteExcel.demoKey is PASSED

2024-01-13 22:40:49 - [TEST_STEP][PASSED] - ExecuteTC = findTestData(dataFile).getValue("Execute", row): null

2024-01-13 22:40:49 - [TEST_STEP][PASSED] - Taxtype = findTestData(dataFile).getValue("TaxType", row): null

2024-01-13 22:40:49 - [TEST_STEP][PASSED] - Paymenttype = findTestData(dataFile).getValue("PaymentType", row): null

2024-01-13 22:40:49 - [TEST_STEP][PASSED] - out.println("Value of Execute is : " + ExecuteTC): null

2024-01-13 22:40:49 - [TEST_STEP][PASSED] - if (ExecuteTC.equalsIgnoreCase("Y")): null

2024-01-13 22:40:49 - [TEST_STEP][PASSED] - out.println("Begin Record Number: " + row): null

2024-01-13 22:40:49 - [TEST_STEP][PASSED] - today = new java.util.Date(): null

2024-01-13 22:40:49 - [TEST_STEP][PASSED] - println(today): null

2024-01-13 22:40:49 - [TEST_STEP][PASSED] - datText = today: null

2024-01-13 22:40:49 - [TEST_STEP][PASSED] - Taxtype = findTestData(dataFile).getValue("TaxType", row): null

2024-01-13 22:40:49 - [TEST_STEP][PASSED] - out.println("Taxtype value is : " + Taxtype): null

2024-01-13 22:40:49 - [TEST_STEP][PASSED] - openBrowser(""): Browser is opened with url: ''

2024-01-13 22:40:49 - [MESSAGE][WARNING] - A browser is already opened. Closing browser and opening a new one

2024-01-13 22:40:50 - [MESSAGE][INFO] - Starting 'Chrome' driver

2024-01-13 22:40:50 - [MESSAGE][INFO] - User set preference: ['acceptInsecureCerts', 'true']

2024-01-13 22:40:50 - [MESSAGE][INFO] - Action delay is set to 0 milliseconds

2024-01-13 22:40:51 - [MESSAGE][PASSED] - Browser is opened with url: ''

2024-01-13 22:40:51 - [TEST_STEP][PASSED] - maximizeWindow(): Current window maximized

2024-01-13 22:40:51 - [MESSAGE][PASSED] - Current window maximized

2024-01-13 22:40:51 - [TEST_STEP][PASSED] - navigateToUrl(RADurl): Navigate to 'https://qa2.velocitypayment.com/client/rad/index.html' successfully

2024-01-13 22:40:53 - [MESSAGE][PASSED] - Navigate to 'https://qa2.velocitypayment.com/client/rad/index.html' successfully

2024-01-13 22:40:53 - [TEST_STEP][PASSED] - orPath_Landing = "Object Repository/RAD_Pages/Landing_Page": null

2024-01-13 22:40:53 - [TEST_STEP][PASSED] - orPath_TaxTypeFilingYear = "Object Repository/RAD_Pages/TaxTypeFilingYear_Page": null

2024-01-13 22:40:53 - [TEST_STEP][PASSED] - orPath_TaxPayer = "Object Repository/RAD_Pages/Taxpayer_Page": null

2024-01-13 22:40:53 - [TEST_STEP][PASSED] - orPath_AddressContact = "Object Repository/RAD_Pages/AddressAndContactInfo_Page": null

2024-01-13 22:40:53 - [TEST_STEP][PASSED] - orPath_FilingStatus = "Object Repository/RAD_Pages/FilingStatus_Page": null

2024-01-13 22:40:53 - [TEST_STEP][PASSED] - orPath_Amount = "Object Repository/RAD_Pages/PaymentAmount_Page": null

2024-01-13 22:40:53 - [TEST_STEP][PASSED] - orPath_TaxInfo = "Object Repository/RAD_Pages/TaxInfo_Page": null

2024-01-13 22:40:53 - [TEST_STEP][PASSED] - orPath_Withholding = "Object Repository/RAD_Pages/Withholding_Page": null

2024-01-13 22:40:53 - [TEST_STEP][PASSED] - orPath_Summary = "Object Repository/RAD_Pages/Summary_Page": null

2024-01-13 22:40:53 - [TEST_STEP][PASSED] - orPath_PaymentReady = "Object Repository/RAD_Pages/PaymentReady_Page": null

2024-01-13 22:40:53 - [TEST_STEP][PASSED] - orPath_PaymentEntry = "Object Repository/RAD_Pages/PaymentEntry_Page": null

2024-01-13 22:40:53 - [TEST_STEP][PASSED] - orPath_PaymentConfirmation = "Object Repository/RAD_Pages/PaymentConfirmation_Page": null

2024-01-13 22:40:53 - [TEST_STEP][PASSED] - orPath_ServiceFeesAccept = "Object Repository/RAD_Pages/ServiceFeeAccept_Page": null

2024-01-13 22:40:53 - [TEST_STEP][PASSED] - selectOptionByLabel(findTestObject(orPath_Landing + "/dd_TaxType"), Paymenttype, false): All options with label 'New Tax Return Amount Due' are selected in object 'Object Repository/RAD_Pages/Landing_Page/dd_TaxType' 

2024-01-13 22:40:54 - [MESSAGE][PASSED] - All options with label 'New Tax Return Amount Due' are selected in object 'Object Repository/RAD_Pages/Landing_Page/dd_TaxType' 

2024-01-13 22:40:54 - [TEST_STEP][PASSED] - delay(1): Delayed 1 second(s)

2024-01-13 22:40:55 - [MESSAGE][PASSED] - Delayed 1 second(s)

2024-01-13 22:40:55 - [TEST_STEP][PASSED] - switch (Paymenttype): null

2024-01-13 22:40:55 - [TEST_STEP][PASSED] - case "New Tax Return Amount Due":: null

2024-01-13 22:40:55 - [TEST_STEP][PASSED] - selectOptionByLabel(findTestObject("Object Repository/RAD_Pages/Landing_Page/select_NewTaxReturnAmountDue_TaxType"), Taxtype, false): All options with label 'Bay Restoration Fee' are selected in object 'Object Repository/RAD_Pages/Landing_Page/select_NewTaxReturnAmountDue_TaxType' 

2024-01-13 22:40:55 - [MESSAGE][PASSED] - All options with label 'Bay Restoration Fee' are selected in object 'Object Repository/RAD_Pages/Landing_Page/select_NewTaxReturnAmountDue_TaxType' 

2024-01-13 22:40:55 - [TEST_STEP][PASSED] - break: null

2024-01-13 22:40:55 - [TEST_STEP][PASSED] - delay(1): Delayed 1 second(s)

2024-01-13 22:40:56 - [MESSAGE][PASSED] - Delayed 1 second(s)

2024-01-13 22:40:56 - [TEST_STEP][PASSED] - switch (Paymenttype): null

2024-01-13 22:40:56 - [TEST_STEP][PASSED] - case "New Tax Return Amount Due":: null

2024-01-13 22:40:56 - [TEST_STEP][PASSED] - setEncryptedText(findTestObject(orPath_TaxInfo + "/input_FederalEIN-2"), "RigbBhfdqOBDK95asqKeHw=="): Text ****** has been set on object 'Object Repository/RAD_Pages/TaxInfo_Page/input_FederalEIN-2'

2024-01-13 22:40:57 - [MESSAGE][PASSED] - Text ****** has been set on object 'Object Repository/RAD_Pages/TaxInfo_Page/input_FederalEIN-2'

2024-01-13 22:40:57 - [TEST_STEP][PASSED] - setEncryptedText(findTestObject(orPath_TaxInfo + "/input_FederalEIN_ReEnter-2"), ""): Text ****** has been set on object 'Object Repository/RAD_Pages/TaxInfo_Page/input_FederalEIN_ReEnter-2'

2024-01-13 22:40:57 - [MESSAGE][PASSED] - Text ****** has been set on object 'Object Repository/RAD_Pages/TaxInfo_Page/input_FederalEIN_ReEnter-2'

2024-01-13 22:40:57 - [TEST_STEP][PASSED] - break: null

2024-01-13 22:40:57 - [TEST_STEP][PASSED] - verifyTextPresent("Please enter a valid FEIN with 9 digits.", true): Text 'Please enter a valid FEIN with 9 digits.' is present on page  using regular expression

2024-01-13 22:40:58 - [MESSAGE][PASSED] - Text 'Please enter a valid FEIN with 9 digits.' is present on page  using regular expression

2024-01-13 22:40:58 - [TEST_STEP][PASSED] - if (verifyTextPresent("Please enter a valid FEIN with 9 digits.", true)): null

2024-01-13 22:40:58 - [MESSAGE][PASSED] - Text 'Please enter a valid FEIN with 9 digits.' is present on page  using regular expression

2024-01-13 22:40:58 - [TEST_STEP][PASSED] - println("Error Message is present on the page"): null

2024-01-13 22:40:58 - [TEST_STEP][PASSED] - out.println("Pass Record Number: " + row): null

2024-01-13 22:40:58 - [TEST_STEP][PASSED] - resText = "Pass": null

2024-01-13 22:40:58 - [TEST_STEP][PASSED] - pages.WriteExcel.demoKey(resText, datText, resColumn, datCloumn, fileLoc, nameSheet, row): pages.WriteExcel.demoKey is PASSED

2024-01-13 22:40:58 - [MESSAGE][PASSED] - pages.WriteExcel.demoKey is PASSED

2024-01-13 22:40:58 - [TEST_STEP][PASSED] - ExecuteTC = findTestData(dataFile).getValue("Execute", row): null

2024-01-13 22:40:58 - [TEST_STEP][PASSED] - Taxtype = findTestData(dataFile).getValue("TaxType", row): null

2024-01-13 22:40:58 - [TEST_STEP][PASSED] - Paymenttype = findTestData(dataFile).getValue("PaymentType", row): null

2024-01-13 22:40:59 - [TEST_STEP][PASSED] - out.println("Value of Execute is : " + ExecuteTC): null

2024-01-13 22:40:59 - [TEST_STEP][PASSED] - if (ExecuteTC.equalsIgnoreCase("Y")): null

2024-01-13 22:40:59 - [TEST_STEP][PASSED] - out.println("Begin Record Number: " + row): null

2024-01-13 22:40:59 - [TEST_STEP][PASSED] - today = new java.util.Date(): null

2024-01-13 22:40:59 - [TEST_STEP][PASSED] - println(today): null

2024-01-13 22:40:59 - [TEST_STEP][PASSED] - datText = today: null

2024-01-13 22:40:59 - [TEST_STEP][PASSED] - Taxtype = findTestData(dataFile).getValue("TaxType", row): null

2024-01-13 22:40:59 - [TEST_STEP][PASSED] - out.println("Taxtype value is : " + Taxtype): null

2024-01-13 22:40:59 - [TEST_STEP][PASSED] - openBrowser(""): Browser is opened with url: ''

2024-01-13 22:40:59 - [MESSAGE][WARNING] - A browser is already opened. Closing browser and opening a new one

2024-01-13 22:41:00 - [MESSAGE][INFO] - Starting 'Chrome' driver

2024-01-13 22:41:00 - [MESSAGE][INFO] - User set preference: ['acceptInsecureCerts', 'true']

2024-01-13 22:41:00 - [MESSAGE][INFO] - Action delay is set to 0 milliseconds

2024-01-13 22:41:01 - [MESSAGE][PASSED] - Browser is opened with url: ''

2024-01-13 22:41:01 - [TEST_STEP][PASSED] - maximizeWindow(): Current window maximized

2024-01-13 22:41:01 - [MESSAGE][PASSED] - Current window maximized

2024-01-13 22:41:01 - [TEST_STEP][PASSED] - navigateToUrl(RADurl): Navigate to 'https://qa2.velocitypayment.com/client/rad/index.html' successfully

2024-01-13 22:41:03 - [MESSAGE][PASSED] - Navigate to 'https://qa2.velocitypayment.com/client/rad/index.html' successfully

2024-01-13 22:41:03 - [TEST_STEP][PASSED] - orPath_Landing = "Object Repository/RAD_Pages/Landing_Page": null

2024-01-13 22:41:03 - [TEST_STEP][PASSED] - orPath_TaxTypeFilingYear = "Object Repository/RAD_Pages/TaxTypeFilingYear_Page": null

2024-01-13 22:41:03 - [TEST_STEP][PASSED] - orPath_TaxPayer = "Object Repository/RAD_Pages/Taxpayer_Page": null

2024-01-13 22:41:03 - [TEST_STEP][PASSED] - orPath_AddressContact = "Object Repository/RAD_Pages/AddressAndContactInfo_Page": null

2024-01-13 22:41:03 - [TEST_STEP][PASSED] - orPath_FilingStatus = "Object Repository/RAD_Pages/FilingStatus_Page": null

2024-01-13 22:41:03 - [TEST_STEP][PASSED] - orPath_Amount = "Object Repository/RAD_Pages/PaymentAmount_Page": null

2024-01-13 22:41:03 - [TEST_STEP][PASSED] - orPath_TaxInfo = "Object Repository/RAD_Pages/TaxInfo_Page": null

2024-01-13 22:41:03 - [TEST_STEP][PASSED] - orPath_Withholding = "Object Repository/RAD_Pages/Withholding_Page": null

2024-01-13 22:41:03 - [TEST_STEP][PASSED] - orPath_Summary = "Object Repository/RAD_Pages/Summary_Page": null

2024-01-13 22:41:03 - [TEST_STEP][PASSED] - orPath_PaymentReady = "Object Repository/RAD_Pages/PaymentReady_Page": null

2024-01-13 22:41:03 - [TEST_STEP][PASSED] - orPath_PaymentEntry = "Object Repository/RAD_Pages/PaymentEntry_Page": null

2024-01-13 22:41:03 - [TEST_STEP][PASSED] - orPath_PaymentConfirmation = "Object Repository/RAD_Pages/PaymentConfirmation_Page": null

2024-01-13 22:41:03 - [TEST_STEP][PASSED] - orPath_ServiceFeesAccept = "Object Repository/RAD_Pages/ServiceFeeAccept_Page": null

2024-01-13 22:41:03 - [TEST_STEP][PASSED] - selectOptionByLabel(findTestObject(orPath_Landing + "/dd_TaxType"), Paymenttype, false): All options with label 'New Tax Return Amount Due' are selected in object 'Object Repository/RAD_Pages/Landing_Page/dd_TaxType' 

2024-01-13 22:41:03 - [MESSAGE][PASSED] - All options with label 'New Tax Return Amount Due' are selected in object 'Object Repository/RAD_Pages/Landing_Page/dd_TaxType' 

2024-01-13 22:41:03 - [TEST_STEP][PASSED] - delay(1): Delayed 1 second(s)

2024-01-13 22:41:04 - [MESSAGE][PASSED] - Delayed 1 second(s)

2024-01-13 22:41:04 - [TEST_STEP][PASSED] - switch (Paymenttype): null

2024-01-13 22:41:04 - [TEST_STEP][PASSED] - case "New Tax Return Amount Due":: null

2024-01-13 22:41:04 - [TEST_STEP][PASSED] - selectOptionByLabel(findTestObject("Object Repository/RAD_Pages/Landing_Page/select_NewTaxReturnAmountDue_TaxType"), Taxtype, false): All options with label 'Corporate Income Tax' are selected in object 'Object Repository/RAD_Pages/Landing_Page/select_NewTaxReturnAmountDue_TaxType' 

2024-01-13 22:41:05 - [MESSAGE][PASSED] - All options with label 'Corporate Income Tax' are selected in object 'Object Repository/RAD_Pages/Landing_Page/select_NewTaxReturnAmountDue_TaxType' 

2024-01-13 22:41:05 - [TEST_STEP][PASSED] - break: null

2024-01-13 22:41:05 - [TEST_STEP][PASSED] - delay(1): Delayed 1 second(s)

2024-01-13 22:41:06 - [MESSAGE][PASSED] - Delayed 1 second(s)

2024-01-13 22:41:06 - [TEST_STEP][PASSED] - switch (Paymenttype): null

2024-01-13 22:41:06 - [TEST_STEP][PASSED] - case "New Tax Return Amount Due":: null

2024-01-13 22:41:06 - [TEST_STEP][PASSED] - setEncryptedText(findTestObject(orPath_TaxInfo + "/input_FederalEIN-2"), "RigbBhfdqOBDK95asqKeHw=="): Text ****** has been set on object 'Object Repository/RAD_Pages/TaxInfo_Page/input_FederalEIN-2'

2024-01-13 22:41:07 - [MESSAGE][PASSED] - Text ****** has been set on object 'Object Repository/RAD_Pages/TaxInfo_Page/input_FederalEIN-2'

2024-01-13 22:41:07 - [TEST_STEP][PASSED] - setEncryptedText(findTestObject(orPath_TaxInfo + "/input_FederalEIN_ReEnter-2"), ""): Text ****** has been set on object 'Object Repository/RAD_Pages/TaxInfo_Page/input_FederalEIN_ReEnter-2'

2024-01-13 22:41:07 - [MESSAGE][PASSED] - Text ****** has been set on object 'Object Repository/RAD_Pages/TaxInfo_Page/input_FederalEIN_ReEnter-2'

2024-01-13 22:41:07 - [TEST_STEP][PASSED] - break: null

2024-01-13 22:41:07 - [TEST_STEP][PASSED] - verifyTextPresent("Please enter a valid FEIN with 9 digits.", true): Text 'Please enter a valid FEIN with 9 digits.' is present on page  using regular expression

2024-01-13 22:41:08 - [MESSAGE][PASSED] - Text 'Please enter a valid FEIN with 9 digits.' is present on page  using regular expression

2024-01-13 22:41:08 - [TEST_STEP][PASSED] - if (verifyTextPresent("Please enter a valid FEIN with 9 digits.", true)): null

2024-01-13 22:41:08 - [MESSAGE][PASSED] - Text 'Please enter a valid FEIN with 9 digits.' is present on page  using regular expression

2024-01-13 22:41:08 - [TEST_STEP][PASSED] - println("Error Message is present on the page"): null

2024-01-13 22:41:08 - [TEST_STEP][PASSED] - out.println("Pass Record Number: " + row): null

2024-01-13 22:41:08 - [TEST_STEP][PASSED] - resText = "Pass": null

2024-01-13 22:41:08 - [TEST_STEP][PASSED] - pages.WriteExcel.demoKey(resText, datText, resColumn, datCloumn, fileLoc, nameSheet, row): pages.WriteExcel.demoKey is PASSED

2024-01-13 22:41:08 - [MESSAGE][PASSED] - pages.WriteExcel.demoKey is PASSED

2024-01-13 22:41:08 - [TEST_STEP][PASSED] - ExecuteTC = findTestData(dataFile).getValue("Execute", row): null

2024-01-13 22:41:08 - [TEST_STEP][PASSED] - Taxtype = findTestData(dataFile).getValue("TaxType", row): null

2024-01-13 22:41:08 - [TEST_STEP][PASSED] - Paymenttype = findTestData(dataFile).getValue("PaymentType", row): null

2024-01-13 22:41:08 - [TEST_STEP][PASSED] - out.println("Value of Execute is : " + ExecuteTC): null

2024-01-13 22:41:08 - [TEST_STEP][FAILED] - if (ExecuteTC.equalsIgnoreCase("Y")): null

2024-01-13 22:41:08 - [TEST_STEP][PASSED] - out.println("Begin Record Number: " + row): null

2024-01-13 22:41:08 - [TEST_STEP][PASSED] - today = new java.util.Date(): null

2024-01-13 22:41:08 - [TEST_STEP][PASSED] - println(today): null

2024-01-13 22:41:08 - [TEST_STEP][PASSED] - datText = today: null

2024-01-13 22:41:08 - [TEST_STEP][PASSED] - Taxtype = findTestData(dataFile).getValue("TaxType", row): null

2024-01-13 22:41:08 - [TEST_STEP][PASSED] - out.println("Taxtype value is : " + Taxtype): null

2024-01-13 22:41:08 - [TEST_STEP][PASSED] - openBrowser(""): Browser is opened with url: ''

2024-01-13 22:41:08 - [MESSAGE][WARNING] - A browser is already opened. Closing browser and opening a new one

2024-01-13 22:41:09 - [MESSAGE][INFO] - Starting 'Chrome' driver

2024-01-13 22:41:09 - [MESSAGE][INFO] - User set preference: ['acceptInsecureCerts', 'true']

2024-01-13 22:41:09 - [MESSAGE][INFO] - Action delay is set to 0 milliseconds

2024-01-13 22:41:11 - [MESSAGE][PASSED] - Browser is opened with url: ''

2024-01-13 22:41:11 - [TEST_STEP][PASSED] - maximizeWindow(): Current window maximized

2024-01-13 22:41:11 - [MESSAGE][PASSED] - Current window maximized

2024-01-13 22:41:11 - [TEST_STEP][PASSED] - navigateToUrl(RADurl): Navigate to 'https://qa2.velocitypayment.com/client/rad/index.html' successfully

2024-01-13 22:41:12 - [MESSAGE][PASSED] - Navigate to 'https://qa2.velocitypayment.com/client/rad/index.html' successfully

2024-01-13 22:41:12 - [TEST_STEP][PASSED] - orPath_Landing = "Object Repository/RAD_Pages/Landing_Page": null

2024-01-13 22:41:12 - [TEST_STEP][PASSED] - orPath_TaxTypeFilingYear = "Object Repository/RAD_Pages/TaxTypeFilingYear_Page": null

2024-01-13 22:41:12 - [TEST_STEP][PASSED] - orPath_TaxPayer = "Object Repository/RAD_Pages/Taxpayer_Page": null

2024-01-13 22:41:12 - [TEST_STEP][PASSED] - orPath_AddressContact = "Object Repository/RAD_Pages/AddressAndContactInfo_Page": null

2024-01-13 22:41:12 - [TEST_STEP][PASSED] - orPath_FilingStatus = "Object Repository/RAD_Pages/FilingStatus_Page": null

2024-01-13 22:41:12 - [TEST_STEP][PASSED] - orPath_Amount = "Object Repository/RAD_Pages/PaymentAmount_Page": null

2024-01-13 22:41:12 - [TEST_STEP][PASSED] - orPath_TaxInfo = "Object Repository/RAD_Pages/TaxInfo_Page": null

2024-01-13 22:41:12 - [TEST_STEP][PASSED] - orPath_Withholding = "Object Repository/RAD_Pages/Withholding_Page": null

2024-01-13 22:41:12 - [TEST_STEP][PASSED] - orPath_Summary = "Object Repository/RAD_Pages/Summary_Page": null

2024-01-13 22:41:12 - [TEST_STEP][PASSED] - orPath_PaymentReady = "Object Repository/RAD_Pages/PaymentReady_Page": null

2024-01-13 22:41:12 - [TEST_STEP][PASSED] - orPath_PaymentEntry = "Object Repository/RAD_Pages/PaymentEntry_Page": null

2024-01-13 22:41:12 - [TEST_STEP][PASSED] - orPath_PaymentConfirmation = "Object Repository/RAD_Pages/PaymentConfirmation_Page": null

2024-01-13 22:41:12 - [TEST_STEP][PASSED] - orPath_ServiceFeesAccept = "Object Repository/RAD_Pages/ServiceFeeAccept_Page": null

2024-01-13 22:41:12 - [TEST_STEP][PASSED] - selectOptionByLabel(findTestObject(orPath_Landing + "/dd_TaxType"), Paymenttype, false): All options with label 'New Tax Return Amount Due' are selected in object 'Object Repository/RAD_Pages/Landing_Page/dd_TaxType' 

2024-01-13 22:41:13 - [MESSAGE][PASSED] - All options with label 'New Tax Return Amount Due' are selected in object 'Object Repository/RAD_Pages/Landing_Page/dd_TaxType' 

2024-01-13 22:41:13 - [TEST_STEP][PASSED] - delay(1): Delayed 1 second(s)

2024-01-13 22:41:14 - [MESSAGE][PASSED] - Delayed 1 second(s)

2024-01-13 22:41:14 - [TEST_STEP][PASSED] - switch (Paymenttype): null

2024-01-13 22:41:14 - [TEST_STEP][PASSED] - case "New Tax Return Amount Due":: null

2024-01-13 22:41:14 - [TEST_STEP][PASSED] - selectOptionByLabel(findTestObject("Object Repository/RAD_Pages/Landing_Page/select_NewTaxReturnAmountDue_TaxType"), Taxtype, false): All options with label 'Estate Tax' are selected in object 'Object Repository/RAD_Pages/Landing_Page/select_NewTaxReturnAmountDue_TaxType' 

2024-01-13 22:41:15 - [MESSAGE][PASSED] - All options with label 'Estate Tax' are selected in object 'Object Repository/RAD_Pages/Landing_Page/select_NewTaxReturnAmountDue_TaxType' 

2024-01-13 22:41:15 - [TEST_STEP][PASSED] - break: null

2024-01-13 22:41:15 - [TEST_STEP][PASSED] - delay(1): Delayed 1 second(s)

2024-01-13 22:41:16 - [MESSAGE][PASSED] - Delayed 1 second(s)

2024-01-13 22:41:16 - [TEST_STEP][FAILED] - switch (Paymenttype): null

2024-01-13 22:41:16 - [TEST_STEP][FAILED] - case "New Tax Return Amount Due":: null

2024-01-13 22:41:16 - [TEST_STEP][FAILED] - setEncryptedText(findTestObject(orPath_TaxInfo + "/input_FederalEIN-2"), "RigbBhfdqOBDK95asqKeHw=="): Unable to set encrypted text for object 'Object Repository/RAD_Pages/TaxInfo_Page/input_FederalEIN-2' (Root cause: com.kms.katalon.core.exception.StepFailedException: Unable to set encrypted text for object 'Object Repository/RAD_Pages/TaxInfo_Page/input_FederalEIN-2'
	at com.kms.katalon.core.webui.keyword.internal.WebUIKeywordMain.stepFailed(WebUIKeywordMain.groovy:64)
	at com.kms.katalon.core.webui.keyword.internal.WebUIKeywordMain.runKeyword(WebUIKeywordMain.groovy:26)
	at com.kms.katalon.core.webui.keyword.builtin.SetEncryptedTextKeyword.setEncryptedText(SetEncryptedTextKeyword.groovy:65)
	at com.kms.katalon.core.webui.keyword.builtin.SetEncryptedTextKeyword.execute(SetEncryptedTextKeyword.groovy:34)
	at com.kms.katalon.core.keyword.internal.KeywordExecutor.executeKeywordForPlatform(KeywordExecutor.groovy:74)
	at com.kms.katalon.core.webui.keyword.WebUiBuiltInKeywords.setEncryptedText(WebUiBuiltInKeywords.groovy:1011)
	at com.kms.katalon.core.webui.keyword.WebUiBuiltInKeywords$setEncryptedText$4.call(Unknown Source)
	at FEINmoreThan9Error-NEW.run(FEINmoreThan9Error-NEW:151)
	at com.kms.katalon.core.main.ScriptEngine.run(ScriptEngine.java:194)
	at com.kms.katalon.core.main.ScriptEngine.runScriptAsRawText(ScriptEngine.java:119)
	at com.kms.katalon.core.main.TestCaseExecutor.runScript(TestCaseExecutor.java:448)
	at com.kms.katalon.core.main.TestCaseExecutor.doExecute(TestCaseExecutor.java:439)
	at com.kms.katalon.core.main.TestCaseExecutor.processExecutionPhase(TestCaseExecutor.java:418)
	at com.kms.katalon.core.main.TestCaseExecutor.accessMainPhase(TestCaseExecutor.java:410)
	at com.kms.katalon.core.main.TestCaseExecutor.execute(TestCaseExecutor.java:285)
	at com.kms.katalon.core.common.CommonExecutor.accessTestCaseMainPhase(CommonExecutor.java:65)
	at com.kms.katalon.core.main.TestSuiteExecutor.accessTestSuiteMainPhase(TestSuiteExecutor.java:148)
	at com.kms.katalon.core.main.TestSuiteExecutor.execute(TestSuiteExecutor.java:106)
	at com.kms.katalon.core.main.TestCaseMain.startTestSuite(TestCaseMain.java:187)
	at com.kms.katalon.core.main.TestCaseMain$startTestSuite$0.call(Unknown Source)
	at TempTestSuite1705202981112.run(TempTestSuite1705202981112.groovy:36)
Caused by: org.openqa.selenium.ElementNotInteractableException: element not interactable
  (Session info: chrome=120.0.6099.200)
Build info: version: '3.141.59', revision: 'e82be7d358', time: '2018-11-14T08:25:53'
System info: host: 'DESKTOP-B2QI6NS', ip: '172.31.253.139', os.name: 'Windows 10', os.arch: 'amd64', os.version: '10.0', java.version: '1.8.0_181'
Driver info: com.kms.katalon.selenium.driver.CChromeDriver
Capabilities {acceptInsecureCerts: true, browserName: chrome, browserVersion: 120.0.6099.200, chrome: {chromedriverVersion: 119.0.6045.105 (38c72552c5e..., userDataDir: C:\Users\imtiaz\AppData\Loc...}, fedcm:accounts: true, goog:chromeOptions: {debuggerAddress: localhost:59880}, javascriptEnabled: true, networkConnectionEnabled: false, pageLoadStrategy: normal, platform: WINDOWS, platformName: WINDOWS, proxy: Proxy(), setWindowRect: true, strictFileInteractability: false, timeouts: {implicit: 0, pageLoad: 300000, script: 30000}, unhandledPromptBehavior: dismiss and notify, webauthn:extension:credBlob: true, webauthn:extension:largeBlob: true, webauthn:extension:minPinLength: true, webauthn:extension:prf: true, webauthn:virtualAuthenticators: true}
Session ID: 43c1841c66eb73f7e0229322f9e11983
	at org.openqa.selenium.remote.http.W3CHttpResponseCodec.createException(W3CHttpResponseCodec.java:187)
	at org.openqa.selenium.remote.http.W3CHttpResponseCodec.decode(W3CHttpResponseCodec.java:122)
	at org.openqa.selenium.remote.http.W3CHttpResponseCodec.decode(W3CHttpResponseCodec.java:49)
	at org.openqa.selenium.remote.HttpCommandExecutor.execute(HttpCommandExecutor.java:158)
	at org.openqa.selenium.remote.service.DriverCommandExecutor.execute(DriverCommandExecutor.java:83)
	at org.openqa.selenium.remote.RemoteWebDriver.execute(RemoteWebDriver.java:552)
	at com.kms.katalon.selenium.driver.CChromeDriver.execute(CChromeDriver.java:19)
	at org.openqa.selenium.remote.RemoteWebElement.execute(RemoteWebElement.java:285)
	at org.openqa.selenium.remote.RemoteWebElement.clear(RemoteWebElement.java:124)
	at org.openqa.selenium.support.events.EventFiringWebDriver$EventFiringWebElement.lambda$new$0(EventFiringWebDriver.java:404)
	at com.sun.proxy.$Proxy11.clear(Unknown Source)
	at org.openqa.selenium.support.events.EventFiringWebDriver$EventFiringWebElement.clear(EventFiringWebDriver.java:436)
	at com.kms.katalon.core.webui.keyword.builtin.SetEncryptedTextKeyword$_setEncryptedText_closure1.doCall(SetEncryptedTextKeyword.groovy:54)
	at com.kms.katalon.core.webui.keyword.builtin.SetEncryptedTextKeyword$_setEncryptedText_closure1.call(SetEncryptedTextKeyword.groovy)
	at com.kms.katalon.core.webui.keyword.internal.WebUIKeywordMain.runKeyword(WebUIKeywordMain.groovy:20)
	at com.kms.katalon.core.webui.keyword.builtin.SetEncryptedTextKeyword.setEncryptedText(SetEncryptedTextKeyword.groovy:65)
	at com.kms.katalon.core.webui.keyword.builtin.SetEncryptedTextKeyword.execute(SetEncryptedTextKeyword.groovy:34)
	at com.kms.katalon.core.keyword.internal.KeywordExecutor.executeKeywordForPlatform(KeywordExecutor.groovy:74)
	at com.kms.katalon.core.webui.keyword.WebUiBuiltInKeywords.setEncryptedText(WebUiBuiltInKeywords.groovy:1011)
	at com.kms.katalon.core.webui.keyword.WebUiBuiltInKeywords$setEncryptedText$4.call(Unknown Source)
	at Script1693447938304.run(Script1693447938304.groovy:151)
	... 13 more
)

2024-01-13 22:41:16 - [MESSAGE][FAILED] - Unable to set encrypted text for object 'Object Repository/RAD_Pages/TaxInfo_Page/input_FederalEIN-2' (Root cause: com.kms.katalon.core.exception.StepFailedException: Unable to set encrypted text for object 'Object Repository/RAD_Pages/TaxInfo_Page/input_FederalEIN-2'
	at com.kms.katalon.core.webui.keyword.internal.WebUIKeywordMain.stepFailed(WebUIKeywordMain.groovy:64)
	at com.kms.katalon.core.webui.keyword.internal.WebUIKeywordMain.runKeyword(WebUIKeywordMain.groovy:26)
	at com.kms.katalon.core.webui.keyword.builtin.SetEncryptedTextKeyword.setEncryptedText(SetEncryptedTextKeyword.groovy:65)
	at com.kms.katalon.core.webui.keyword.builtin.SetEncryptedTextKeyword.execute(SetEncryptedTextKeyword.groovy:34)
	at com.kms.katalon.core.keyword.internal.KeywordExecutor.executeKeywordForPlatform(KeywordExecutor.groovy:74)
	at com.kms.katalon.core.webui.keyword.WebUiBuiltInKeywords.setEncryptedText(WebUiBuiltInKeywords.groovy:1011)
	at com.kms.katalon.core.webui.keyword.WebUiBuiltInKeywords$setEncryptedText$4.call(Unknown Source)
	at FEINmoreThan9Error-NEW.run(FEINmoreThan9Error-NEW:151)
	at com.kms.katalon.core.main.ScriptEngine.run(ScriptEngine.java:194)
	at com.kms.katalon.core.main.ScriptEngine.runScriptAsRawText(ScriptEngine.java:119)
	at com.kms.katalon.core.main.TestCaseExecutor.runScript(TestCaseExecutor.java:448)
	at com.kms.katalon.core.main.TestCaseExecutor.doExecute(TestCaseExecutor.java:439)
	at com.kms.katalon.core.main.TestCaseExecutor.processExecutionPhase(TestCaseExecutor.java:418)
	at com.kms.katalon.core.main.TestCaseExecutor.accessMainPhase(TestCaseExecutor.java:410)
	at com.kms.katalon.core.main.TestCaseExecutor.execute(TestCaseExecutor.java:285)
	at com.kms.katalon.core.common.CommonExecutor.accessTestCaseMainPhase(CommonExecutor.java:65)
	at com.kms.katalon.core.main.TestSuiteExecutor.accessTestSuiteMainPhase(TestSuiteExecutor.java:148)
	at com.kms.katalon.core.main.TestSuiteExecutor.execute(TestSuiteExecutor.java:106)
	at com.kms.katalon.core.main.TestCaseMain.startTestSuite(TestCaseMain.java:187)
	at com.kms.katalon.core.main.TestCaseMain$startTestSuite$0.call(Unknown Source)
	at TempTestSuite1705202981112.run(TempTestSuite1705202981112.groovy:36)
Caused by: org.openqa.selenium.ElementNotInteractableException: element not interactable
  (Session info: chrome=120.0.6099.200)
Build info: version: '3.141.59', revision: 'e82be7d358', time: '2018-11-14T08:25:53'
System info: host: 'DESKTOP-B2QI6NS', ip: '172.31.253.139', os.name: 'Windows 10', os.arch: 'amd64', os.version: '10.0', java.version: '1.8.0_181'
Driver info: com.kms.katalon.selenium.driver.CChromeDriver
Capabilities {acceptInsecureCerts: true, browserName: chrome, browserVersion: 120.0.6099.200, chrome: {chromedriverVersion: 119.0.6045.105 (38c72552c5e..., userDataDir: C:\Users\imtiaz\AppData\Loc...}, fedcm:accounts: true, goog:chromeOptions: {debuggerAddress: localhost:59880}, javascriptEnabled: true, networkConnectionEnabled: false, pageLoadStrategy: normal, platform: WINDOWS, platformName: WINDOWS, proxy: Proxy(), setWindowRect: true, strictFileInteractability: false, timeouts: {implicit: 0, pageLoad: 300000, script: 30000}, unhandledPromptBehavior: dismiss and notify, webauthn:extension:credBlob: true, webauthn:extension:largeBlob: true, webauthn:extension:minPinLength: true, webauthn:extension:prf: true, webauthn:virtualAuthenticators: true}
Session ID: 43c1841c66eb73f7e0229322f9e11983
	at org.openqa.selenium.remote.http.W3CHttpResponseCodec.createException(W3CHttpResponseCodec.java:187)
	at org.openqa.selenium.remote.http.W3CHttpResponseCodec.decode(W3CHttpResponseCodec.java:122)
	at org.openqa.selenium.remote.http.W3CHttpResponseCodec.decode(W3CHttpResponseCodec.java:49)
	at org.openqa.selenium.remote.HttpCommandExecutor.execute(HttpCommandExecutor.java:158)
	at org.openqa.selenium.remote.service.DriverCommandExecutor.execute(DriverCommandExecutor.java:83)
	at org.openqa.selenium.remote.RemoteWebDriver.execute(RemoteWebDriver.java:552)
	at com.kms.katalon.selenium.driver.CChromeDriver.execute(CChromeDriver.java:19)
	at org.openqa.selenium.remote.RemoteWebElement.execute(RemoteWebElement.java:285)
	at org.openqa.selenium.remote.RemoteWebElement.clear(RemoteWebElement.java:124)
	at org.openqa.selenium.support.events.EventFiringWebDriver$EventFiringWebElement.lambda$new$0(EventFiringWebDriver.java:404)
	at com.sun.proxy.$Proxy11.clear(Unknown Source)
	at org.openqa.selenium.support.events.EventFiringWebDriver$EventFiringWebElement.clear(EventFiringWebDriver.java:436)
	at com.kms.katalon.core.webui.keyword.builtin.SetEncryptedTextKeyword$_setEncryptedText_closure1.doCall(SetEncryptedTextKeyword.groovy:54)
	at com.kms.katalon.core.webui.keyword.builtin.SetEncryptedTextKeyword$_setEncryptedText_closure1.call(SetEncryptedTextKeyword.groovy)
	at com.kms.katalon.core.webui.keyword.internal.WebUIKeywordMain.runKeyword(WebUIKeywordMain.groovy:20)
	at com.kms.katalon.core.webui.keyword.builtin.SetEncryptedTextKeyword.setEncryptedText(SetEncryptedTextKeyword.groovy:65)
	at com.kms.katalon.core.webui.keyword.builtin.SetEncryptedTextKeyword.execute(SetEncryptedTextKeyword.groovy:34)
	at com.kms.katalon.core.keyword.internal.KeywordExecutor.executeKeywordForPlatform(KeywordExecutor.groovy:74)
	at com.kms.katalon.core.webui.keyword.WebUiBuiltInKeywords.setEncryptedText(WebUiBuiltInKeywords.groovy:1011)
	at com.kms.katalon.core.webui.keyword.WebUiBuiltInKeywords$setEncryptedText$4.call(Unknown Source)
	at Script1693447938304.run(Script1693447938304.groovy:151)
	... 13 more
)
[[ATTACHMENT|E:\\Cloned-Project-Katalon\\VPS-Katalon\\Reports\\20240113_222941\\RAD_TestSuite\\RAD_UI_TestSuite\\20240113_222941\\1705203676717.png]]

2024-01-13 22:41:16 - [TEST_STEP][FAILED] - setEncryptedText(findTestObject(orPath_TaxInfo + "/input_FederalEIN_ReEnter-2"), ""): Unable to set encrypted text for object 'Object Repository/RAD_Pages/TaxInfo_Page/input_FederalEIN_ReEnter-2' (Root cause: com.kms.katalon.core.exception.StepFailedException: Unable to set encrypted text for object 'Object Repository/RAD_Pages/TaxInfo_Page/input_FederalEIN_ReEnter-2'
	at com.kms.katalon.core.webui.keyword.internal.WebUIKeywordMain.stepFailed(WebUIKeywordMain.groovy:64)
	at com.kms.katalon.core.webui.keyword.internal.WebUIKeywordMain.runKeyword(WebUIKeywordMain.groovy:26)
	at com.kms.katalon.core.webui.keyword.builtin.SetEncryptedTextKeyword.setEncryptedText(SetEncryptedTextKeyword.groovy:65)
	at com.kms.katalon.core.webui.keyword.builtin.SetEncryptedTextKeyword.execute(SetEncryptedTextKeyword.groovy:34)
	at com.kms.katalon.core.keyword.internal.KeywordExecutor.executeKeywordForPlatform(KeywordExecutor.groovy:74)
	at com.kms.katalon.core.webui.keyword.WebUiBuiltInKeywords.setEncryptedText(WebUiBuiltInKeywords.groovy:1011)
	at com.kms.katalon.core.webui.keyword.WebUiBuiltInKeywords$setEncryptedText$4.call(Unknown Source)
	at FEINmoreThan9Error-NEW.run(FEINmoreThan9Error-NEW:152)
	at com.kms.katalon.core.main.ScriptEngine.run(ScriptEngine.java:194)
	at com.kms.katalon.core.main.ScriptEngine.runScriptAsRawText(ScriptEngine.java:119)
	at com.kms.katalon.core.main.TestCaseExecutor.runScript(TestCaseExecutor.java:448)
	at com.kms.katalon.core.main.TestCaseExecutor.doExecute(TestCaseExecutor.java:439)
	at com.kms.katalon.core.main.TestCaseExecutor.processExecutionPhase(TestCaseExecutor.java:418)
	at com.kms.katalon.core.main.TestCaseExecutor.accessMainPhase(TestCaseExecutor.java:410)
	at com.kms.katalon.core.main.TestCaseExecutor.execute(TestCaseExecutor.java:285)
	at com.kms.katalon.core.common.CommonExecutor.accessTestCaseMainPhase(CommonExecutor.java:65)
	at com.kms.katalon.core.main.TestSuiteExecutor.accessTestSuiteMainPhase(TestSuiteExecutor.java:148)
	at com.kms.katalon.core.main.TestSuiteExecutor.execute(TestSuiteExecutor.java:106)
	at com.kms.katalon.core.main.TestCaseMain.startTestSuite(TestCaseMain.java:187)
	at com.kms.katalon.core.main.TestCaseMain$startTestSuite$0.call(Unknown Source)
	at TempTestSuite1705202981112.run(TempTestSuite1705202981112.groovy:36)
Caused by: org.openqa.selenium.ElementNotInteractableException: element not interactable
  (Session info: chrome=120.0.6099.200)
Build info: version: '3.141.59', revision: 'e82be7d358', time: '2018-11-14T08:25:53'
System info: host: 'DESKTOP-B2QI6NS', ip: '172.31.253.139', os.name: 'Windows 10', os.arch: 'amd64', os.version: '10.0', java.version: '1.8.0_181'
Driver info: com.kms.katalon.selenium.driver.CChromeDriver
Capabilities {acceptInsecureCerts: true, browserName: chrome, browserVersion: 120.0.6099.200, chrome: {chromedriverVersion: 119.0.6045.105 (38c72552c5e..., userDataDir: C:\Users\imtiaz\AppData\Loc...}, fedcm:accounts: true, goog:chromeOptions: {debuggerAddress: localhost:59880}, javascriptEnabled: true, networkConnectionEnabled: false, pageLoadStrategy: normal, platform: WINDOWS, platformName: WINDOWS, proxy: Proxy(), setWindowRect: true, strictFileInteractability: false, timeouts: {implicit: 0, pageLoad: 300000, script: 30000}, unhandledPromptBehavior: dismiss and notify, webauthn:extension:credBlob: true, webauthn:extension:largeBlob: true, webauthn:extension:minPinLength: true, webauthn:extension:prf: true, webauthn:virtualAuthenticators: true}
Session ID: 43c1841c66eb73f7e0229322f9e11983
	at org.openqa.selenium.remote.http.W3CHttpResponseCodec.createException(W3CHttpResponseCodec.java:187)
	at org.openqa.selenium.remote.http.W3CHttpResponseCodec.decode(W3CHttpResponseCodec.java:122)
	at org.openqa.selenium.remote.http.W3CHttpResponseCodec.decode(W3CHttpResponseCodec.java:49)
	at org.openqa.selenium.remote.HttpCommandExecutor.execute(HttpCommandExecutor.java:158)
	at org.openqa.selenium.remote.service.DriverCommandExecutor.execute(DriverCommandExecutor.java:83)
	at org.openqa.selenium.remote.RemoteWebDriver.execute(RemoteWebDriver.java:552)
	at com.kms.katalon.selenium.driver.CChromeDriver.execute(CChromeDriver.java:19)
	at org.openqa.selenium.remote.RemoteWebElement.execute(RemoteWebElement.java:285)
	at org.openqa.selenium.remote.RemoteWebElement.clear(RemoteWebElement.java:124)
	at org.openqa.selenium.support.events.EventFiringWebDriver$EventFiringWebElement.lambda$new$0(EventFiringWebDriver.java:404)
	at com.sun.proxy.$Proxy11.clear(Unknown Source)
	at org.openqa.selenium.support.events.EventFiringWebDriver$EventFiringWebElement.clear(EventFiringWebDriver.java:436)
	at com.kms.katalon.core.webui.keyword.builtin.SetEncryptedTextKeyword$_setEncryptedText_closure1.doCall(SetEncryptedTextKeyword.groovy:54)
	at com.kms.katalon.core.webui.keyword.builtin.SetEncryptedTextKeyword$_setEncryptedText_closure1.call(SetEncryptedTextKeyword.groovy)
	at com.kms.katalon.core.webui.keyword.internal.WebUIKeywordMain.runKeyword(WebUIKeywordMain.groovy:20)
	at com.kms.katalon.core.webui.keyword.builtin.SetEncryptedTextKeyword.setEncryptedText(SetEncryptedTextKeyword.groovy:65)
	at com.kms.katalon.core.webui.keyword.builtin.SetEncryptedTextKeyword.execute(SetEncryptedTextKeyword.groovy:34)
	at com.kms.katalon.core.keyword.internal.KeywordExecutor.executeKeywordForPlatform(KeywordExecutor.groovy:74)
	at com.kms.katalon.core.webui.keyword.WebUiBuiltInKeywords.setEncryptedText(WebUiBuiltInKeywords.groovy:1011)
	at com.kms.katalon.core.webui.keyword.WebUiBuiltInKeywords$setEncryptedText$4.call(Unknown Source)
	at Script1693447938304.run(Script1693447938304.groovy:152)
	... 13 more
)

2024-01-13 22:41:17 - [MESSAGE][FAILED] - Unable to set encrypted text for object 'Object Repository/RAD_Pages/TaxInfo_Page/input_FederalEIN_ReEnter-2' (Root cause: com.kms.katalon.core.exception.StepFailedException: Unable to set encrypted text for object 'Object Repository/RAD_Pages/TaxInfo_Page/input_FederalEIN_ReEnter-2'
	at com.kms.katalon.core.webui.keyword.internal.WebUIKeywordMain.stepFailed(WebUIKeywordMain.groovy:64)
	at com.kms.katalon.core.webui.keyword.internal.WebUIKeywordMain.runKeyword(WebUIKeywordMain.groovy:26)
	at com.kms.katalon.core.webui.keyword.builtin.SetEncryptedTextKeyword.setEncryptedText(SetEncryptedTextKeyword.groovy:65)
	at com.kms.katalon.core.webui.keyword.builtin.SetEncryptedTextKeyword.execute(SetEncryptedTextKeyword.groovy:34)
	at com.kms.katalon.core.keyword.internal.KeywordExecutor.executeKeywordForPlatform(KeywordExecutor.groovy:74)
	at com.kms.katalon.core.webui.keyword.WebUiBuiltInKeywords.setEncryptedText(WebUiBuiltInKeywords.groovy:1011)
	at com.kms.katalon.core.webui.keyword.WebUiBuiltInKeywords$setEncryptedText$4.call(Unknown Source)
	at FEINmoreThan9Error-NEW.run(FEINmoreThan9Error-NEW:152)
	at com.kms.katalon.core.main.ScriptEngine.run(ScriptEngine.java:194)
	at com.kms.katalon.core.main.ScriptEngine.runScriptAsRawText(ScriptEngine.java:119)
	at com.kms.katalon.core.main.TestCaseExecutor.runScript(TestCaseExecutor.java:448)
	at com.kms.katalon.core.main.TestCaseExecutor.doExecute(TestCaseExecutor.java:439)
	at com.kms.katalon.core.main.TestCaseExecutor.processExecutionPhase(TestCaseExecutor.java:418)
	at com.kms.katalon.core.main.TestCaseExecutor.accessMainPhase(TestCaseExecutor.java:410)
	at com.kms.katalon.core.main.TestCaseExecutor.execute(TestCaseExecutor.java:285)
	at com.kms.katalon.core.common.CommonExecutor.accessTestCaseMainPhase(CommonExecutor.java:65)
	at com.kms.katalon.core.main.TestSuiteExecutor.accessTestSuiteMainPhase(TestSuiteExecutor.java:148)
	at com.kms.katalon.core.main.TestSuiteExecutor.execute(TestSuiteExecutor.java:106)
	at com.kms.katalon.core.main.TestCaseMain.startTestSuite(TestCaseMain.java:187)
	at com.kms.katalon.core.main.TestCaseMain$startTestSuite$0.call(Unknown Source)
	at TempTestSuite1705202981112.run(TempTestSuite1705202981112.groovy:36)
Caused by: org.openqa.selenium.ElementNotInteractableException: element not interactable
  (Session info: chrome=120.0.6099.200)
Build info: version: '3.141.59', revision: 'e82be7d358', time: '2018-11-14T08:25:53'
System info: host: 'DESKTOP-B2QI6NS', ip: '172.31.253.139', os.name: 'Windows 10', os.arch: 'amd64', os.version: '10.0', java.version: '1.8.0_181'
Driver info: com.kms.katalon.selenium.driver.CChromeDriver
Capabilities {acceptInsecureCerts: true, browserName: chrome, browserVersion: 120.0.6099.200, chrome: {chromedriverVersion: 119.0.6045.105 (38c72552c5e..., userDataDir: C:\Users\imtiaz\AppData\Loc...}, fedcm:accounts: true, goog:chromeOptions: {debuggerAddress: localhost:59880}, javascriptEnabled: true, networkConnectionEnabled: false, pageLoadStrategy: normal, platform: WINDOWS, platformName: WINDOWS, proxy: Proxy(), setWindowRect: true, strictFileInteractability: false, timeouts: {implicit: 0, pageLoad: 300000, script: 30000}, unhandledPromptBehavior: dismiss and notify, webauthn:extension:credBlob: true, webauthn:extension:largeBlob: true, webauthn:extension:minPinLength: true, webauthn:extension:prf: true, webauthn:virtualAuthenticators: true}
Session ID: 43c1841c66eb73f7e0229322f9e11983
	at org.openqa.selenium.remote.http.W3CHttpResponseCodec.createException(W3CHttpResponseCodec.java:187)
	at org.openqa.selenium.remote.http.W3CHttpResponseCodec.decode(W3CHttpResponseCodec.java:122)
	at org.openqa.selenium.remote.http.W3CHttpResponseCodec.decode(W3CHttpResponseCodec.java:49)
	at org.openqa.selenium.remote.HttpCommandExecutor.execute(HttpCommandExecutor.java:158)
	at org.openqa.selenium.remote.service.DriverCommandExecutor.execute(DriverCommandExecutor.java:83)
	at org.openqa.selenium.remote.RemoteWebDriver.execute(RemoteWebDriver.java:552)
	at com.kms.katalon.selenium.driver.CChromeDriver.execute(CChromeDriver.java:19)
	at org.openqa.selenium.remote.RemoteWebElement.execute(RemoteWebElement.java:285)
	at org.openqa.selenium.remote.RemoteWebElement.clear(RemoteWebElement.java:124)
	at org.openqa.selenium.support.events.EventFiringWebDriver$EventFiringWebElement.lambda$new$0(EventFiringWebDriver.java:404)
	at com.sun.proxy.$Proxy11.clear(Unknown Source)
	at org.openqa.selenium.support.events.EventFiringWebDriver$EventFiringWebElement.clear(EventFiringWebDriver.java:436)
	at com.kms.katalon.core.webui.keyword.builtin.SetEncryptedTextKeyword$_setEncryptedText_closure1.doCall(SetEncryptedTextKeyword.groovy:54)
	at com.kms.katalon.core.webui.keyword.builtin.SetEncryptedTextKeyword$_setEncryptedText_closure1.call(SetEncryptedTextKeyword.groovy)
	at com.kms.katalon.core.webui.keyword.internal.WebUIKeywordMain.runKeyword(WebUIKeywordMain.groovy:20)
	at com.kms.katalon.core.webui.keyword.builtin.SetEncryptedTextKeyword.setEncryptedText(SetEncryptedTextKeyword.groovy:65)
	at com.kms.katalon.core.webui.keyword.builtin.SetEncryptedTextKeyword.execute(SetEncryptedTextKeyword.groovy:34)
	at com.kms.katalon.core.keyword.internal.KeywordExecutor.executeKeywordForPlatform(KeywordExecutor.groovy:74)
	at com.kms.katalon.core.webui.keyword.WebUiBuiltInKeywords.setEncryptedText(WebUiBuiltInKeywords.groovy:1011)
	at com.kms.katalon.core.webui.keyword.WebUiBuiltInKeywords$setEncryptedText$4.call(Unknown Source)
	at Script1693447938304.run(Script1693447938304.groovy:152)
	... 13 more
)
[[ATTACHMENT|E:\\Cloned-Project-Katalon\\VPS-Katalon\\Reports\\20240113_222941\\RAD_TestSuite\\RAD_UI_TestSuite\\20240113_222941\\1705203677395.png]]

2024-01-13 22:41:17 - [TEST_STEP][PASSED] - break: null

2024-01-13 22:41:17 - [TEST_STEP][FAILED] - verifyTextPresent("Please enter a valid FEIN with 9 digits.", true): Text 'Please enter a valid FEIN with 9 digits.' is not present on page  using regular expression (Root cause: com.kms.katalon.core.exception.StepFailedException: Text 'Please enter a valid FEIN with 9 digits.' is not present on page  using regular expression
	at com.kms.katalon.core.webui.keyword.internal.WebUIKeywordMain.stepFailed(WebUIKeywordMain.groovy:64)
	at com.kms.katalon.core.webui.keyword.builtin.VerifyTextPresentKeyword$_verifyTextPresent_closure1.doCall(VerifyTextPresentKeyword.groovy:79)
	at com.kms.katalon.core.webui.keyword.builtin.VerifyTextPresentKeyword$_verifyTextPresent_closure1.call(VerifyTextPresentKeyword.groovy)
	at com.kms.katalon.core.webui.keyword.internal.WebUIKeywordMain.runKeyword(WebUIKeywordMain.groovy:20)
	at com.kms.katalon.core.webui.keyword.builtin.VerifyTextPresentKeyword.verifyTextPresent(VerifyTextPresentKeyword.groovy:83)
	at com.kms.katalon.core.webui.keyword.builtin.VerifyTextPresentKeyword.execute(VerifyTextPresentKeyword.groovy:68)
	at com.kms.katalon.core.keyword.internal.KeywordExecutor.executeKeywordForPlatform(KeywordExecutor.groovy:74)
	at com.kms.katalon.core.webui.keyword.WebUiBuiltInKeywords.verifyTextPresent(WebUiBuiltInKeywords.groovy:1723)
	at com.kms.katalon.core.webui.keyword.WebUiBuiltInKeywords$verifyTextPresent$6.call(Unknown Source)
	at FEINmoreThan9Error-NEW.run(FEINmoreThan9Error-NEW:161)
	at com.kms.katalon.core.main.ScriptEngine.run(ScriptEngine.java:194)
	at com.kms.katalon.core.main.ScriptEngine.runScriptAsRawText(ScriptEngine.java:119)
	at com.kms.katalon.core.main.TestCaseExecutor.runScript(TestCaseExecutor.java:448)
	at com.kms.katalon.core.main.TestCaseExecutor.doExecute(TestCaseExecutor.java:439)
	at com.kms.katalon.core.main.TestCaseExecutor.processExecutionPhase(TestCaseExecutor.java:418)
	at com.kms.katalon.core.main.TestCaseExecutor.accessMainPhase(TestCaseExecutor.java:410)
	at com.kms.katalon.core.main.TestCaseExecutor.execute(TestCaseExecutor.java:285)
	at com.kms.katalon.core.common.CommonExecutor.accessTestCaseMainPhase(CommonExecutor.java:65)
	at com.kms.katalon.core.main.TestSuiteExecutor.accessTestSuiteMainPhase(TestSuiteExecutor.java:148)
	at com.kms.katalon.core.main.TestSuiteExecutor.execute(TestSuiteExecutor.java:106)
	at com.kms.katalon.core.main.TestCaseMain.startTestSuite(TestCaseMain.java:187)
	at com.kms.katalon.core.main.TestCaseMain$startTestSuite$0.call(Unknown Source)
	at TempTestSuite1705202981112.run(TempTestSuite1705202981112.groovy:36)
)

2024-01-13 22:41:18 - [MESSAGE][FAILED] - Text 'Please enter a valid FEIN with 9 digits.' is not present on page  using regular expression (Root cause: com.kms.katalon.core.exception.StepFailedException: Text 'Please enter a valid FEIN with 9 digits.' is not present on page  using regular expression
	at com.kms.katalon.core.webui.keyword.internal.WebUIKeywordMain.stepFailed(WebUIKeywordMain.groovy:64)
	at com.kms.katalon.core.webui.keyword.builtin.VerifyTextPresentKeyword$_verifyTextPresent_closure1.doCall(VerifyTextPresentKeyword.groovy:79)
	at com.kms.katalon.core.webui.keyword.builtin.VerifyTextPresentKeyword$_verifyTextPresent_closure1.call(VerifyTextPresentKeyword.groovy)
	at com.kms.katalon.core.webui.keyword.internal.WebUIKeywordMain.runKeyword(WebUIKeywordMain.groovy:20)
	at com.kms.katalon.core.webui.keyword.builtin.VerifyTextPresentKeyword.verifyTextPresent(VerifyTextPresentKeyword.groovy:83)
	at com.kms.katalon.core.webui.keyword.builtin.VerifyTextPresentKeyword.execute(VerifyTextPresentKeyword.groovy:68)
	at com.kms.katalon.core.keyword.internal.KeywordExecutor.executeKeywordForPlatform(KeywordExecutor.groovy:74)
	at com.kms.katalon.core.webui.keyword.WebUiBuiltInKeywords.verifyTextPresent(WebUiBuiltInKeywords.groovy:1723)
	at com.kms.katalon.core.webui.keyword.WebUiBuiltInKeywords$verifyTextPresent$6.call(Unknown Source)
	at FEINmoreThan9Error-NEW.run(FEINmoreThan9Error-NEW:161)
	at com.kms.katalon.core.main.ScriptEngine.run(ScriptEngine.java:194)
	at com.kms.katalon.core.main.ScriptEngine.runScriptAsRawText(ScriptEngine.java:119)
	at com.kms.katalon.core.main.TestCaseExecutor.runScript(TestCaseExecutor.java:448)
	at com.kms.katalon.core.main.TestCaseExecutor.doExecute(TestCaseExecutor.java:439)
	at com.kms.katalon.core.main.TestCaseExecutor.processExecutionPhase(TestCaseExecutor.java:418)
	at com.kms.katalon.core.main.TestCaseExecutor.accessMainPhase(TestCaseExecutor.java:410)
	at com.kms.katalon.core.main.TestCaseExecutor.execute(TestCaseExecutor.java:285)
	at com.kms.katalon.core.common.CommonExecutor.accessTestCaseMainPhase(CommonExecutor.java:65)
	at com.kms.katalon.core.main.TestSuiteExecutor.accessTestSuiteMainPhase(TestSuiteExecutor.java:148)
	at com.kms.katalon.core.main.TestSuiteExecutor.execute(TestSuiteExecutor.java:106)
	at com.kms.katalon.core.main.TestCaseMain.startTestSuite(TestCaseMain.java:187)
	at com.kms.katalon.core.main.TestCaseMain$startTestSuite$0.call(Unknown Source)
	at TempTestSuite1705202981112.run(TempTestSuite1705202981112.groovy:36)
)

2024-01-13 22:41:18 - [TEST_STEP][FAILED] - if (verifyTextPresent("Please enter a valid FEIN with 9 digits.", true)): Text 'Please enter a valid FEIN with 9 digits.' is not present on page  using regular expression (Root cause: com.kms.katalon.core.exception.StepFailedException: Text 'Please enter a valid FEIN with 9 digits.' is not present on page  using regular expression
	at com.kms.katalon.core.webui.keyword.internal.WebUIKeywordMain.stepFailed(WebUIKeywordMain.groovy:64)
	at com.kms.katalon.core.webui.keyword.builtin.VerifyTextPresentKeyword$_verifyTextPresent_closure1.doCall(VerifyTextPresentKeyword.groovy:79)
	at com.kms.katalon.core.webui.keyword.builtin.VerifyTextPresentKeyword$_verifyTextPresent_closure1.call(VerifyTextPresentKeyword.groovy)
	at com.kms.katalon.core.webui.keyword.internal.WebUIKeywordMain.runKeyword(WebUIKeywordMain.groovy:20)
	at com.kms.katalon.core.webui.keyword.builtin.VerifyTextPresentKeyword.verifyTextPresent(VerifyTextPresentKeyword.groovy:83)
	at com.kms.katalon.core.webui.keyword.builtin.VerifyTextPresentKeyword.execute(VerifyTextPresentKeyword.groovy:68)
	at com.kms.katalon.core.keyword.internal.KeywordExecutor.executeKeywordForPlatform(KeywordExecutor.groovy:74)
	at com.kms.katalon.core.webui.keyword.WebUiBuiltInKeywords.verifyTextPresent(WebUiBuiltInKeywords.groovy:1723)
	at com.kms.katalon.core.webui.keyword.WebUiBuiltInKeywords$verifyTextPresent$6.call(Unknown Source)
	at FEINmoreThan9Error-NEW.run(FEINmoreThan9Error-NEW:163)
	at com.kms.katalon.core.main.ScriptEngine.run(ScriptEngine.java:194)
	at com.kms.katalon.core.main.ScriptEngine.runScriptAsRawText(ScriptEngine.java:119)
	at com.kms.katalon.core.main.TestCaseExecutor.runScript(TestCaseExecutor.java:448)
	at com.kms.katalon.core.main.TestCaseExecutor.doExecute(TestCaseExecutor.java:439)
	at com.kms.katalon.core.main.TestCaseExecutor.processExecutionPhase(TestCaseExecutor.java:418)
	at com.kms.katalon.core.main.TestCaseExecutor.accessMainPhase(TestCaseExecutor.java:410)
	at com.kms.katalon.core.main.TestCaseExecutor.execute(TestCaseExecutor.java:285)
	at com.kms.katalon.core.common.CommonExecutor.accessTestCaseMainPhase(CommonExecutor.java:65)
	at com.kms.katalon.core.main.TestSuiteExecutor.accessTestSuiteMainPhase(TestSuiteExecutor.java:148)
	at com.kms.katalon.core.main.TestSuiteExecutor.execute(TestSuiteExecutor.java:106)
	at com.kms.katalon.core.main.TestCaseMain.startTestSuite(TestCaseMain.java:187)
	at com.kms.katalon.core.main.TestCaseMain$startTestSuite$0.call(Unknown Source)
	at TempTestSuite1705202981112.run(TempTestSuite1705202981112.groovy:36)
)

2024-01-13 22:41:18 - [MESSAGE][FAILED] - Text 'Please enter a valid FEIN with 9 digits.' is not present on page  using regular expression (Root cause: com.kms.katalon.core.exception.StepFailedException: Text 'Please enter a valid FEIN with 9 digits.' is not present on page  using regular expression
	at com.kms.katalon.core.webui.keyword.internal.WebUIKeywordMain.stepFailed(WebUIKeywordMain.groovy:64)
	at com.kms.katalon.core.webui.keyword.builtin.VerifyTextPresentKeyword$_verifyTextPresent_closure1.doCall(VerifyTextPresentKeyword.groovy:79)
	at com.kms.katalon.core.webui.keyword.builtin.VerifyTextPresentKeyword$_verifyTextPresent_closure1.call(VerifyTextPresentKeyword.groovy)
	at com.kms.katalon.core.webui.keyword.internal.WebUIKeywordMain.runKeyword(WebUIKeywordMain.groovy:20)
	at com.kms.katalon.core.webui.keyword.builtin.VerifyTextPresentKeyword.verifyTextPresent(VerifyTextPresentKeyword.groovy:83)
	at com.kms.katalon.core.webui.keyword.builtin.VerifyTextPresentKeyword.execute(VerifyTextPresentKeyword.groovy:68)
	at com.kms.katalon.core.keyword.internal.KeywordExecutor.executeKeywordForPlatform(KeywordExecutor.groovy:74)
	at com.kms.katalon.core.webui.keyword.WebUiBuiltInKeywords.verifyTextPresent(WebUiBuiltInKeywords.groovy:1723)
	at com.kms.katalon.core.webui.keyword.WebUiBuiltInKeywords$verifyTextPresent$6.call(Unknown Source)
	at FEINmoreThan9Error-NEW.run(FEINmoreThan9Error-NEW:163)
	at com.kms.katalon.core.main.ScriptEngine.run(ScriptEngine.java:194)
	at com.kms.katalon.core.main.ScriptEngine.runScriptAsRawText(ScriptEngine.java:119)
	at com.kms.katalon.core.main.TestCaseExecutor.runScript(TestCaseExecutor.java:448)
	at com.kms.katalon.core.main.TestCaseExecutor.doExecute(TestCaseExecutor.java:439)
	at com.kms.katalon.core.main.TestCaseExecutor.processExecutionPhase(TestCaseExecutor.java:418)
	at com.kms.katalon.core.main.TestCaseExecutor.accessMainPhase(TestCaseExecutor.java:410)
	at com.kms.katalon.core.main.TestCaseExecutor.execute(TestCaseExecutor.java:285)
	at com.kms.katalon.core.common.CommonExecutor.accessTestCaseMainPhase(CommonExecutor.java:65)
	at com.kms.katalon.core.main.TestSuiteExecutor.accessTestSuiteMainPhase(TestSuiteExecutor.java:148)
	at com.kms.katalon.core.main.TestSuiteExecutor.execute(TestSuiteExecutor.java:106)
	at com.kms.katalon.core.main.TestCaseMain.startTestSuite(TestCaseMain.java:187)
	at com.kms.katalon.core.main.TestCaseMain$startTestSuite$0.call(Unknown Source)
	at TempTestSuite1705202981112.run(TempTestSuite1705202981112.groovy:36)
)

2024-01-13 22:41:18 - [TEST_STEP][PASSED] - else: pages.WriteExcel.demoKey is PASSED

2024-01-13 22:41:18 - [TEST_STEP][PASSED] - println("Error Message is NOT present on the page"): null

2024-01-13 22:41:18 - [TEST_STEP][PASSED] - out.println("Fail Record Number: " + row): null

2024-01-13 22:41:18 - [TEST_STEP][PASSED] - resText = "Fail": null

2024-01-13 22:41:18 - [TEST_STEP][PASSED] - pages.WriteExcel.demoKey(resText, datText, resColumn, datCloumn, fileLoc, nameSheet, row): pages.WriteExcel.demoKey is PASSED

2024-01-13 22:41:18 - [MESSAGE][PASSED] - pages.WriteExcel.demoKey is PASSED

2024-01-13 22:41:18 - [TEST_STEP][PASSED] - ExecuteTC = findTestData(dataFile).getValue("Execute", row): null

2024-01-13 22:41:18 - [TEST_STEP][PASSED] - Taxtype = findTestData(dataFile).getValue("TaxType", row): null

2024-01-13 22:41:18 - [TEST_STEP][PASSED] - Paymenttype = findTestData(dataFile).getValue("PaymentType", row): null

2024-01-13 22:41:18 - [TEST_STEP][PASSED] - out.println("Value of Execute is : " + ExecuteTC): null

2024-01-13 22:41:18 - [TEST_STEP][PASSED] - if (ExecuteTC.equalsIgnoreCase("Y")): null

2024-01-13 22:41:18 - [TEST_STEP][PASSED] - out.println("Begin Record Number: " + row): null

2024-01-13 22:41:18 - [TEST_STEP][PASSED] - today = new java.util.Date(): null

2024-01-13 22:41:18 - [TEST_STEP][PASSED] - println(today): null

2024-01-13 22:41:18 - [TEST_STEP][PASSED] - datText = today: null

2024-01-13 22:41:18 - [TEST_STEP][PASSED] - Taxtype = findTestData(dataFile).getValue("TaxType", row): null

2024-01-13 22:41:18 - [TEST_STEP][PASSED] - out.println("Taxtype value is : " + Taxtype): null

2024-01-13 22:41:18 - [TEST_STEP][PASSED] - openBrowser(""): Browser is opened with url: ''

2024-01-13 22:41:18 - [MESSAGE][WARNING] - A browser is already opened. Closing browser and opening a new one

2024-01-13 22:41:19 - [MESSAGE][INFO] - Starting 'Chrome' driver

2024-01-13 22:41:19 - [MESSAGE][INFO] - User set preference: ['acceptInsecureCerts', 'true']

2024-01-13 22:41:19 - [MESSAGE][INFO] - Action delay is set to 0 milliseconds

2024-01-13 22:41:21 - [MESSAGE][PASSED] - Browser is opened with url: ''

2024-01-13 22:41:21 - [TEST_STEP][PASSED] - maximizeWindow(): Current window maximized

2024-01-13 22:41:21 - [MESSAGE][PASSED] - Current window maximized

2024-01-13 22:41:21 - [TEST_STEP][PASSED] - navigateToUrl(RADurl): Navigate to 'https://qa2.velocitypayment.com/client/rad/index.html' successfully

2024-01-13 22:41:22 - [MESSAGE][PASSED] - Navigate to 'https://qa2.velocitypayment.com/client/rad/index.html' successfully

2024-01-13 22:41:22 - [TEST_STEP][PASSED] - orPath_Landing = "Object Repository/RAD_Pages/Landing_Page": null

2024-01-13 22:41:22 - [TEST_STEP][PASSED] - orPath_TaxTypeFilingYear = "Object Repository/RAD_Pages/TaxTypeFilingYear_Page": null

2024-01-13 22:41:22 - [TEST_STEP][PASSED] - orPath_TaxPayer = "Object Repository/RAD_Pages/Taxpayer_Page": null

2024-01-13 22:41:22 - [TEST_STEP][PASSED] - orPath_AddressContact = "Object Repository/RAD_Pages/AddressAndContactInfo_Page": null

2024-01-13 22:41:22 - [TEST_STEP][PASSED] - orPath_FilingStatus = "Object Repository/RAD_Pages/FilingStatus_Page": null

2024-01-13 22:41:22 - [TEST_STEP][PASSED] - orPath_Amount = "Object Repository/RAD_Pages/PaymentAmount_Page": null

2024-01-13 22:41:22 - [TEST_STEP][PASSED] - orPath_TaxInfo = "Object Repository/RAD_Pages/TaxInfo_Page": null

2024-01-13 22:41:22 - [TEST_STEP][PASSED] - orPath_Withholding = "Object Repository/RAD_Pages/Withholding_Page": null

2024-01-13 22:41:22 - [TEST_STEP][PASSED] - orPath_Summary = "Object Repository/RAD_Pages/Summary_Page": null

2024-01-13 22:41:22 - [TEST_STEP][PASSED] - orPath_PaymentReady = "Object Repository/RAD_Pages/PaymentReady_Page": null

2024-01-13 22:41:22 - [TEST_STEP][PASSED] - orPath_PaymentEntry = "Object Repository/RAD_Pages/PaymentEntry_Page": null

2024-01-13 22:41:22 - [TEST_STEP][PASSED] - orPath_PaymentConfirmation = "Object Repository/RAD_Pages/PaymentConfirmation_Page": null

2024-01-13 22:41:22 - [TEST_STEP][PASSED] - orPath_ServiceFeesAccept = "Object Repository/RAD_Pages/ServiceFeeAccept_Page": null

2024-01-13 22:41:22 - [TEST_STEP][PASSED] - selectOptionByLabel(findTestObject(orPath_Landing + "/dd_TaxType"), Paymenttype, false): All options with label 'New Tax Return Amount Due' are selected in object 'Object Repository/RAD_Pages/Landing_Page/dd_TaxType' 

2024-01-13 22:41:23 - [MESSAGE][PASSED] - All options with label 'New Tax Return Amount Due' are selected in object 'Object Repository/RAD_Pages/Landing_Page/dd_TaxType' 

2024-01-13 22:41:23 - [TEST_STEP][PASSED] - delay(1): Delayed 1 second(s)

2024-01-13 22:41:24 - [MESSAGE][PASSED] - Delayed 1 second(s)

2024-01-13 22:41:24 - [TEST_STEP][PASSED] - switch (Paymenttype): null

2024-01-13 22:41:24 - [TEST_STEP][PASSED] - case "New Tax Return Amount Due":: null

2024-01-13 22:41:24 - [TEST_STEP][PASSED] - selectOptionByLabel(findTestObject("Object Repository/RAD_Pages/Landing_Page/select_NewTaxReturnAmountDue_TaxType"), Taxtype, false): All options with label 'Motor Fuel Tax' are selected in object 'Object Repository/RAD_Pages/Landing_Page/select_NewTaxReturnAmountDue_TaxType' 

2024-01-13 22:41:24 - [MESSAGE][PASSED] - All options with label 'Motor Fuel Tax' are selected in object 'Object Repository/RAD_Pages/Landing_Page/select_NewTaxReturnAmountDue_TaxType' 

2024-01-13 22:41:24 - [TEST_STEP][PASSED] - break: null

2024-01-13 22:41:24 - [TEST_STEP][PASSED] - delay(1): Delayed 1 second(s)

2024-01-13 22:41:25 - [MESSAGE][PASSED] - Delayed 1 second(s)

2024-01-13 22:41:25 - [TEST_STEP][PASSED] - switch (Paymenttype): null

2024-01-13 22:41:25 - [TEST_STEP][PASSED] - case "New Tax Return Amount Due":: null

2024-01-13 22:41:25 - [TEST_STEP][PASSED] - setEncryptedText(findTestObject(orPath_TaxInfo + "/input_FederalEIN-2"), "RigbBhfdqOBDK95asqKeHw=="): Text ****** has been set on object 'Object Repository/RAD_Pages/TaxInfo_Page/input_FederalEIN-2'

2024-01-13 22:41:26 - [MESSAGE][PASSED] - Text ****** has been set on object 'Object Repository/RAD_Pages/TaxInfo_Page/input_FederalEIN-2'

2024-01-13 22:41:26 - [TEST_STEP][PASSED] - setEncryptedText(findTestObject(orPath_TaxInfo + "/input_FederalEIN_ReEnter-2"), ""): Text ****** has been set on object 'Object Repository/RAD_Pages/TaxInfo_Page/input_FederalEIN_ReEnter-2'

2024-01-13 22:41:27 - [MESSAGE][PASSED] - Text ****** has been set on object 'Object Repository/RAD_Pages/TaxInfo_Page/input_FederalEIN_ReEnter-2'

2024-01-13 22:41:27 - [TEST_STEP][PASSED] - break: null

2024-01-13 22:41:27 - [TEST_STEP][PASSED] - verifyTextPresent("Please enter a valid FEIN with 9 digits.", true): Text 'Please enter a valid FEIN with 9 digits.' is present on page  using regular expression

2024-01-13 22:41:27 - [MESSAGE][PASSED] - Text 'Please enter a valid FEIN with 9 digits.' is present on page  using regular expression

2024-01-13 22:41:27 - [TEST_STEP][PASSED] - if (verifyTextPresent("Please enter a valid FEIN with 9 digits.", true)): null

2024-01-13 22:41:28 - [MESSAGE][PASSED] - Text 'Please enter a valid FEIN with 9 digits.' is present on page  using regular expression

2024-01-13 22:41:28 - [TEST_STEP][PASSED] - println("Error Message is present on the page"): null

2024-01-13 22:41:28 - [TEST_STEP][PASSED] - out.println("Pass Record Number: " + row): null

2024-01-13 22:41:28 - [TEST_STEP][PASSED] - resText = "Pass": null

2024-01-13 22:41:28 - [TEST_STEP][PASSED] - pages.WriteExcel.demoKey(resText, datText, resColumn, datCloumn, fileLoc, nameSheet, row): pages.WriteExcel.demoKey is PASSED

2024-01-13 22:41:28 - [MESSAGE][PASSED] - pages.WriteExcel.demoKey is PASSED

2024-01-13 22:41:28 - [TEST_STEP][PASSED] - ExecuteTC = findTestData(dataFile).getValue("Execute", row): null

2024-01-13 22:41:28 - [TEST_STEP][PASSED] - Taxtype = findTestData(dataFile).getValue("TaxType", row): null

2024-01-13 22:41:28 - [TEST_STEP][PASSED] - Paymenttype = findTestData(dataFile).getValue("PaymentType", row): null

2024-01-13 22:41:28 - [TEST_STEP][PASSED] - out.println("Value of Execute is : " + ExecuteTC): null

2024-01-13 22:41:28 - [TEST_STEP][PASSED] - if (ExecuteTC.equalsIgnoreCase("Y")): null

2024-01-13 22:41:28 - [TEST_STEP][PASSED] - out.println("Begin Record Number: " + row): null

2024-01-13 22:41:28 - [TEST_STEP][PASSED] - today = new java.util.Date(): null

2024-01-13 22:41:28 - [TEST_STEP][PASSED] - println(today): null

2024-01-13 22:41:28 - [TEST_STEP][PASSED] - datText = today: null

2024-01-13 22:41:28 - [TEST_STEP][PASSED] - Taxtype = findTestData(dataFile).getValue("TaxType", row): null

2024-01-13 22:41:28 - [TEST_STEP][PASSED] - out.println("Taxtype value is : " + Taxtype): null

2024-01-13 22:41:28 - [TEST_STEP][PASSED] - openBrowser(""): Browser is opened with url: ''

2024-01-13 22:41:28 - [MESSAGE][WARNING] - A browser is already opened. Closing browser and opening a new one

2024-01-13 22:41:29 - [MESSAGE][INFO] - Starting 'Chrome' driver

2024-01-13 22:41:29 - [MESSAGE][INFO] - User set preference: ['acceptInsecureCerts', 'true']

2024-01-13 22:41:29 - [MESSAGE][INFO] - Action delay is set to 0 milliseconds

2024-01-13 22:41:30 - [MESSAGE][PASSED] - Browser is opened with url: ''

2024-01-13 22:41:30 - [TEST_STEP][PASSED] - maximizeWindow(): Current window maximized

2024-01-13 22:41:30 - [MESSAGE][PASSED] - Current window maximized

2024-01-13 22:41:30 - [TEST_STEP][PASSED] - navigateToUrl(RADurl): Navigate to 'https://qa2.velocitypayment.com/client/rad/index.html' successfully

2024-01-13 22:41:32 - [MESSAGE][PASSED] - Navigate to 'https://qa2.velocitypayment.com/client/rad/index.html' successfully

2024-01-13 22:41:32 - [TEST_STEP][PASSED] - orPath_Landing = "Object Repository/RAD_Pages/Landing_Page": null

2024-01-13 22:41:32 - [TEST_STEP][PASSED] - orPath_TaxTypeFilingYear = "Object Repository/RAD_Pages/TaxTypeFilingYear_Page": null

2024-01-13 22:41:32 - [TEST_STEP][PASSED] - orPath_TaxPayer = "Object Repository/RAD_Pages/Taxpayer_Page": null

2024-01-13 22:41:32 - [TEST_STEP][PASSED] - orPath_AddressContact = "Object Repository/RAD_Pages/AddressAndContactInfo_Page": null

2024-01-13 22:41:32 - [TEST_STEP][PASSED] - orPath_FilingStatus = "Object Repository/RAD_Pages/FilingStatus_Page": null

2024-01-13 22:41:32 - [TEST_STEP][PASSED] - orPath_Amount = "Object Repository/RAD_Pages/PaymentAmount_Page": null

2024-01-13 22:41:32 - [TEST_STEP][PASSED] - orPath_TaxInfo = "Object Repository/RAD_Pages/TaxInfo_Page": null

2024-01-13 22:41:32 - [TEST_STEP][PASSED] - orPath_Withholding = "Object Repository/RAD_Pages/Withholding_Page": null

2024-01-13 22:41:32 - [TEST_STEP][PASSED] - orPath_Summary = "Object Repository/RAD_Pages/Summary_Page": null

2024-01-13 22:41:32 - [TEST_STEP][PASSED] - orPath_PaymentReady = "Object Repository/RAD_Pages/PaymentReady_Page": null

2024-01-13 22:41:32 - [TEST_STEP][PASSED] - orPath_PaymentEntry = "Object Repository/RAD_Pages/PaymentEntry_Page": null

2024-01-13 22:41:32 - [TEST_STEP][PASSED] - orPath_PaymentConfirmation = "Object Repository/RAD_Pages/PaymentConfirmation_Page": null

2024-01-13 22:41:32 - [TEST_STEP][PASSED] - orPath_ServiceFeesAccept = "Object Repository/RAD_Pages/ServiceFeeAccept_Page": null

2024-01-13 22:41:32 - [TEST_STEP][PASSED] - selectOptionByLabel(findTestObject(orPath_Landing + "/dd_TaxType"), Paymenttype, false): All options with label 'New Tax Return Amount Due' are selected in object 'Object Repository/RAD_Pages/Landing_Page/dd_TaxType' 

2024-01-13 22:41:33 - [MESSAGE][PASSED] - All options with label 'New Tax Return Amount Due' are selected in object 'Object Repository/RAD_Pages/Landing_Page/dd_TaxType' 

2024-01-13 22:41:33 - [TEST_STEP][PASSED] - delay(1): Delayed 1 second(s)

2024-01-13 22:41:34 - [MESSAGE][PASSED] - Delayed 1 second(s)

2024-01-13 22:41:34 - [TEST_STEP][PASSED] - switch (Paymenttype): null

2024-01-13 22:41:34 - [TEST_STEP][PASSED] - case "New Tax Return Amount Due":: null

2024-01-13 22:41:34 - [TEST_STEP][PASSED] - selectOptionByLabel(findTestObject("Object Repository/RAD_Pages/Landing_Page/select_NewTaxReturnAmountDue_TaxType"), Taxtype, false): All options with label 'Sales and Use Tax' are selected in object 'Object Repository/RAD_Pages/Landing_Page/select_NewTaxReturnAmountDue_TaxType' 

2024-01-13 22:41:34 - [MESSAGE][PASSED] - All options with label 'Sales and Use Tax' are selected in object 'Object Repository/RAD_Pages/Landing_Page/select_NewTaxReturnAmountDue_TaxType' 

2024-01-13 22:41:34 - [TEST_STEP][PASSED] - break: null

2024-01-13 22:41:34 - [TEST_STEP][PASSED] - delay(1): Delayed 1 second(s)

2024-01-13 22:41:35 - [MESSAGE][PASSED] - Delayed 1 second(s)

2024-01-13 22:41:35 - [TEST_STEP][PASSED] - switch (Paymenttype): null

2024-01-13 22:41:35 - [TEST_STEP][PASSED] - case "New Tax Return Amount Due":: null

2024-01-13 22:41:35 - [TEST_STEP][PASSED] - setEncryptedText(findTestObject(orPath_TaxInfo + "/input_FederalEIN-2"), "RigbBhfdqOBDK95asqKeHw=="): Text ****** has been set on object 'Object Repository/RAD_Pages/TaxInfo_Page/input_FederalEIN-2'

2024-01-13 22:41:36 - [MESSAGE][PASSED] - Text ****** has been set on object 'Object Repository/RAD_Pages/TaxInfo_Page/input_FederalEIN-2'

2024-01-13 22:41:36 - [TEST_STEP][PASSED] - setEncryptedText(findTestObject(orPath_TaxInfo + "/input_FederalEIN_ReEnter-2"), ""): Text ****** has been set on object 'Object Repository/RAD_Pages/TaxInfo_Page/input_FederalEIN_ReEnter-2'

2024-01-13 22:41:36 - [MESSAGE][PASSED] - Text ****** has been set on object 'Object Repository/RAD_Pages/TaxInfo_Page/input_FederalEIN_ReEnter-2'

2024-01-13 22:41:36 - [TEST_STEP][PASSED] - break: null

2024-01-13 22:41:36 - [TEST_STEP][PASSED] - verifyTextPresent("Please enter a valid FEIN with 9 digits.", true): Text 'Please enter a valid FEIN with 9 digits.' is present on page  using regular expression

2024-01-13 22:41:37 - [MESSAGE][PASSED] - Text 'Please enter a valid FEIN with 9 digits.' is present on page  using regular expression

2024-01-13 22:41:37 - [TEST_STEP][PASSED] - if (verifyTextPresent("Please enter a valid FEIN with 9 digits.", true)): null

2024-01-13 22:41:37 - [MESSAGE][PASSED] - Text 'Please enter a valid FEIN with 9 digits.' is present on page  using regular expression

2024-01-13 22:41:37 - [TEST_STEP][PASSED] - println("Error Message is present on the page"): null

2024-01-13 22:41:37 - [TEST_STEP][PASSED] - out.println("Pass Record Number: " + row): null

2024-01-13 22:41:37 - [TEST_STEP][PASSED] - resText = "Pass": null

2024-01-13 22:41:37 - [TEST_STEP][PASSED] - pages.WriteExcel.demoKey(resText, datText, resColumn, datCloumn, fileLoc, nameSheet, row): pages.WriteExcel.demoKey is PASSED

2024-01-13 22:41:37 - [MESSAGE][PASSED] - pages.WriteExcel.demoKey is PASSED

2024-01-13 22:41:37 - [TEST_STEP][PASSED] - ExecuteTC = findTestData(dataFile).getValue("Execute", row): null

2024-01-13 22:41:37 - [TEST_STEP][PASSED] - Taxtype = findTestData(dataFile).getValue("TaxType", row): null

2024-01-13 22:41:37 - [TEST_STEP][PASSED] - Paymenttype = findTestData(dataFile).getValue("PaymentType", row): null

2024-01-13 22:41:37 - [TEST_STEP][PASSED] - out.println("Value of Execute is : " + ExecuteTC): null

2024-01-13 22:41:37 - [TEST_STEP][PASSED] - if (ExecuteTC.equalsIgnoreCase("Y")): null

2024-01-13 22:41:37 - [TEST_STEP][PASSED] - out.println("Begin Record Number: " + row): null

2024-01-13 22:41:37 - [TEST_STEP][PASSED] - today = new java.util.Date(): null

2024-01-13 22:41:37 - [TEST_STEP][PASSED] - println(today): null

2024-01-13 22:41:37 - [TEST_STEP][PASSED] - datText = today: null

2024-01-13 22:41:37 - [TEST_STEP][PASSED] - Taxtype = findTestData(dataFile).getValue("TaxType", row): null

2024-01-13 22:41:37 - [TEST_STEP][PASSED] - out.println("Taxtype value is : " + Taxtype): null

2024-01-13 22:41:37 - [TEST_STEP][PASSED] - openBrowser(""): Browser is opened with url: ''

2024-01-13 22:41:37 - [MESSAGE][WARNING] - A browser is already opened. Closing browser and opening a new one

2024-01-13 22:41:38 - [MESSAGE][INFO] - Starting 'Chrome' driver

2024-01-13 22:41:38 - [MESSAGE][INFO] - User set preference: ['acceptInsecureCerts', 'true']

2024-01-13 22:41:38 - [MESSAGE][INFO] - Action delay is set to 0 milliseconds

2024-01-13 22:41:40 - [MESSAGE][PASSED] - Browser is opened with url: ''

2024-01-13 22:41:40 - [TEST_STEP][PASSED] - maximizeWindow(): Current window maximized

2024-01-13 22:41:40 - [MESSAGE][PASSED] - Current window maximized

2024-01-13 22:41:40 - [TEST_STEP][PASSED] - navigateToUrl(RADurl): Navigate to 'https://qa2.velocitypayment.com/client/rad/index.html' successfully

2024-01-13 22:41:42 - [MESSAGE][PASSED] - Navigate to 'https://qa2.velocitypayment.com/client/rad/index.html' successfully

2024-01-13 22:41:42 - [TEST_STEP][PASSED] - orPath_Landing = "Object Repository/RAD_Pages/Landing_Page": null

2024-01-13 22:41:42 - [TEST_STEP][PASSED] - orPath_TaxTypeFilingYear = "Object Repository/RAD_Pages/TaxTypeFilingYear_Page": null

2024-01-13 22:41:42 - [TEST_STEP][PASSED] - orPath_TaxPayer = "Object Repository/RAD_Pages/Taxpayer_Page": null

2024-01-13 22:41:42 - [TEST_STEP][PASSED] - orPath_AddressContact = "Object Repository/RAD_Pages/AddressAndContactInfo_Page": null

2024-01-13 22:41:42 - [TEST_STEP][PASSED] - orPath_FilingStatus = "Object Repository/RAD_Pages/FilingStatus_Page": null

2024-01-13 22:41:42 - [TEST_STEP][PASSED] - orPath_Amount = "Object Repository/RAD_Pages/PaymentAmount_Page": null

2024-01-13 22:41:42 - [TEST_STEP][PASSED] - orPath_TaxInfo = "Object Repository/RAD_Pages/TaxInfo_Page": null

2024-01-13 22:41:42 - [TEST_STEP][PASSED] - orPath_Withholding = "Object Repository/RAD_Pages/Withholding_Page": null

2024-01-13 22:41:42 - [TEST_STEP][PASSED] - orPath_Summary = "Object Repository/RAD_Pages/Summary_Page": null

2024-01-13 22:41:42 - [TEST_STEP][PASSED] - orPath_PaymentReady = "Object Repository/RAD_Pages/PaymentReady_Page": null

2024-01-13 22:41:42 - [TEST_STEP][PASSED] - orPath_PaymentEntry = "Object Repository/RAD_Pages/PaymentEntry_Page": null

2024-01-13 22:41:42 - [TEST_STEP][PASSED] - orPath_PaymentConfirmation = "Object Repository/RAD_Pages/PaymentConfirmation_Page": null

2024-01-13 22:41:42 - [TEST_STEP][PASSED] - orPath_ServiceFeesAccept = "Object Repository/RAD_Pages/ServiceFeeAccept_Page": null

2024-01-13 22:41:42 - [TEST_STEP][PASSED] - selectOptionByLabel(findTestObject(orPath_Landing + "/dd_TaxType"), Paymenttype, false): All options with label 'New Tax Return Amount Due' are selected in object 'Object Repository/RAD_Pages/Landing_Page/dd_TaxType' 

2024-01-13 22:41:42 - [MESSAGE][PASSED] - All options with label 'New Tax Return Amount Due' are selected in object 'Object Repository/RAD_Pages/Landing_Page/dd_TaxType' 

2024-01-13 22:41:42 - [TEST_STEP][PASSED] - delay(1): Delayed 1 second(s)

2024-01-13 22:41:43 - [MESSAGE][PASSED] - Delayed 1 second(s)

2024-01-13 22:41:43 - [TEST_STEP][PASSED] - switch (Paymenttype): null

2024-01-13 22:41:43 - [TEST_STEP][PASSED] - case "New Tax Return Amount Due":: null

2024-01-13 22:41:43 - [TEST_STEP][PASSED] - selectOptionByLabel(findTestObject("Object Repository/RAD_Pages/Landing_Page/select_NewTaxReturnAmountDue_TaxType"), Taxtype, false): All options with label 'Slots License Fee' are selected in object 'Object Repository/RAD_Pages/Landing_Page/select_NewTaxReturnAmountDue_TaxType' 

2024-01-13 22:41:44 - [MESSAGE][PASSED] - All options with label 'Slots License Fee' are selected in object 'Object Repository/RAD_Pages/Landing_Page/select_NewTaxReturnAmountDue_TaxType' 

2024-01-13 22:41:44 - [TEST_STEP][PASSED] - break: null

2024-01-13 22:41:44 - [TEST_STEP][PASSED] - delay(1): Delayed 1 second(s)

2024-01-13 22:41:45 - [MESSAGE][PASSED] - Delayed 1 second(s)

2024-01-13 22:41:45 - [TEST_STEP][PASSED] - switch (Paymenttype): null

2024-01-13 22:41:45 - [TEST_STEP][PASSED] - case "New Tax Return Amount Due":: null

2024-01-13 22:41:45 - [TEST_STEP][PASSED] - setEncryptedText(findTestObject(orPath_TaxInfo + "/input_FederalEIN-2"), "RigbBhfdqOBDK95asqKeHw=="): Text ****** has been set on object 'Object Repository/RAD_Pages/TaxInfo_Page/input_FederalEIN-2'

2024-01-13 22:41:45 - [MESSAGE][PASSED] - Text ****** has been set on object 'Object Repository/RAD_Pages/TaxInfo_Page/input_FederalEIN-2'

2024-01-13 22:41:45 - [TEST_STEP][PASSED] - setEncryptedText(findTestObject(orPath_TaxInfo + "/input_FederalEIN_ReEnter-2"), ""): Text ****** has been set on object 'Object Repository/RAD_Pages/TaxInfo_Page/input_FederalEIN_ReEnter-2'

2024-01-13 22:41:46 - [MESSAGE][PASSED] - Text ****** has been set on object 'Object Repository/RAD_Pages/TaxInfo_Page/input_FederalEIN_ReEnter-2'

2024-01-13 22:41:46 - [TEST_STEP][PASSED] - break: null

2024-01-13 22:41:46 - [TEST_STEP][PASSED] - verifyTextPresent("Please enter a valid FEIN with 9 digits.", true): Text 'Please enter a valid FEIN with 9 digits.' is present on page  using regular expression

2024-01-13 22:41:47 - [MESSAGE][PASSED] - Text 'Please enter a valid FEIN with 9 digits.' is present on page  using regular expression

2024-01-13 22:41:47 - [TEST_STEP][PASSED] - if (verifyTextPresent("Please enter a valid FEIN with 9 digits.", true)): null

2024-01-13 22:41:47 - [MESSAGE][PASSED] - Text 'Please enter a valid FEIN with 9 digits.' is present on page  using regular expression

2024-01-13 22:41:47 - [TEST_STEP][PASSED] - println("Error Message is present on the page"): null

2024-01-13 22:41:47 - [TEST_STEP][PASSED] - out.println("Pass Record Number: " + row): null

2024-01-13 22:41:47 - [TEST_STEP][PASSED] - resText = "Pass": null

2024-01-13 22:41:47 - [TEST_STEP][PASSED] - pages.WriteExcel.demoKey(resText, datText, resColumn, datCloumn, fileLoc, nameSheet, row): pages.WriteExcel.demoKey is PASSED

2024-01-13 22:41:47 - [MESSAGE][PASSED] - pages.WriteExcel.demoKey is PASSED

2024-01-13 22:41:47 - [TEST_STEP][PASSED] - ExecuteTC = findTestData(dataFile).getValue("Execute", row): null

2024-01-13 22:41:47 - [TEST_STEP][PASSED] - Taxtype = findTestData(dataFile).getValue("TaxType", row): null

2024-01-13 22:41:47 - [TEST_STEP][PASSED] - Paymenttype = findTestData(dataFile).getValue("PaymentType", row): null

2024-01-13 22:41:47 - [TEST_STEP][PASSED] - out.println("Value of Execute is : " + ExecuteTC): null

2024-01-13 22:41:47 - [TEST_STEP][PASSED] - if (ExecuteTC.equalsIgnoreCase("Y")): null

2024-01-13 22:41:47 - [TEST_STEP][PASSED] - out.println("Begin Record Number: " + row): null

2024-01-13 22:41:47 - [TEST_STEP][PASSED] - today = new java.util.Date(): null

2024-01-13 22:41:47 - [TEST_STEP][PASSED] - println(today): null

2024-01-13 22:41:47 - [TEST_STEP][PASSED] - datText = today: null

2024-01-13 22:41:47 - [TEST_STEP][PASSED] - Taxtype = findTestData(dataFile).getValue("TaxType", row): null

2024-01-13 22:41:47 - [TEST_STEP][PASSED] - out.println("Taxtype value is : " + Taxtype): null

2024-01-13 22:41:47 - [TEST_STEP][PASSED] - openBrowser(""): Browser is opened with url: ''

2024-01-13 22:41:47 - [MESSAGE][WARNING] - A browser is already opened. Closing browser and opening a new one

2024-01-13 22:41:48 - [MESSAGE][INFO] - Starting 'Chrome' driver

2024-01-13 22:41:48 - [MESSAGE][INFO] - User set preference: ['acceptInsecureCerts', 'true']

2024-01-13 22:41:48 - [MESSAGE][INFO] - Action delay is set to 0 milliseconds

2024-01-13 22:41:50 - [MESSAGE][PASSED] - Browser is opened with url: ''

2024-01-13 22:41:50 - [TEST_STEP][PASSED] - maximizeWindow(): Current window maximized

2024-01-13 22:41:50 - [MESSAGE][PASSED] - Current window maximized

2024-01-13 22:41:50 - [TEST_STEP][PASSED] - navigateToUrl(RADurl): Navigate to 'https://qa2.velocitypayment.com/client/rad/index.html' successfully

2024-01-13 22:41:50 - [MESSAGE][PASSED] - Navigate to 'https://qa2.velocitypayment.com/client/rad/index.html' successfully

2024-01-13 22:41:50 - [TEST_STEP][PASSED] - orPath_Landing = "Object Repository/RAD_Pages/Landing_Page": null

2024-01-13 22:41:50 - [TEST_STEP][PASSED] - orPath_TaxTypeFilingYear = "Object Repository/RAD_Pages/TaxTypeFilingYear_Page": null

2024-01-13 22:41:50 - [TEST_STEP][PASSED] - orPath_TaxPayer = "Object Repository/RAD_Pages/Taxpayer_Page": null

2024-01-13 22:41:50 - [TEST_STEP][PASSED] - orPath_AddressContact = "Object Repository/RAD_Pages/AddressAndContactInfo_Page": null

2024-01-13 22:41:50 - [TEST_STEP][PASSED] - orPath_FilingStatus = "Object Repository/RAD_Pages/FilingStatus_Page": null

2024-01-13 22:41:50 - [TEST_STEP][PASSED] - orPath_Amount = "Object Repository/RAD_Pages/PaymentAmount_Page": null

2024-01-13 22:41:50 - [TEST_STEP][PASSED] - orPath_TaxInfo = "Object Repository/RAD_Pages/TaxInfo_Page": null

2024-01-13 22:41:50 - [TEST_STEP][PASSED] - orPath_Withholding = "Object Repository/RAD_Pages/Withholding_Page": null

2024-01-13 22:41:50 - [TEST_STEP][PASSED] - orPath_Summary = "Object Repository/RAD_Pages/Summary_Page": null

2024-01-13 22:41:50 - [TEST_STEP][PASSED] - orPath_PaymentReady = "Object Repository/RAD_Pages/PaymentReady_Page": null

2024-01-13 22:41:50 - [TEST_STEP][PASSED] - orPath_PaymentEntry = "Object Repository/RAD_Pages/PaymentEntry_Page": null

2024-01-13 22:41:50 - [TEST_STEP][PASSED] - orPath_PaymentConfirmation = "Object Repository/RAD_Pages/PaymentConfirmation_Page": null

2024-01-13 22:41:50 - [TEST_STEP][PASSED] - orPath_ServiceFeesAccept = "Object Repository/RAD_Pages/ServiceFeeAccept_Page": null

2024-01-13 22:41:50 - [TEST_STEP][PASSED] - selectOptionByLabel(findTestObject(orPath_Landing + "/dd_TaxType"), Paymenttype, false): All options with label 'New Tax Return Amount Due' are selected in object 'Object Repository/RAD_Pages/Landing_Page/dd_TaxType' 

2024-01-13 22:41:52 - [MESSAGE][PASSED] - All options with label 'New Tax Return Amount Due' are selected in object 'Object Repository/RAD_Pages/Landing_Page/dd_TaxType' 

2024-01-13 22:41:52 - [TEST_STEP][PASSED] - delay(1): Delayed 1 second(s)

2024-01-13 22:41:53 - [MESSAGE][PASSED] - Delayed 1 second(s)

2024-01-13 22:41:53 - [TEST_STEP][PASSED] - switch (Paymenttype): null

2024-01-13 22:41:53 - [TEST_STEP][PASSED] - case "New Tax Return Amount Due":: null

2024-01-13 22:41:53 - [TEST_STEP][PASSED] - selectOptionByLabel(findTestObject("Object Repository/RAD_Pages/Landing_Page/select_NewTaxReturnAmountDue_TaxType"), Taxtype, false): All options with label 'Tire Recycling Fee' are selected in object 'Object Repository/RAD_Pages/Landing_Page/select_NewTaxReturnAmountDue_TaxType' 

2024-01-13 22:41:54 - [MESSAGE][PASSED] - All options with label 'Tire Recycling Fee' are selected in object 'Object Repository/RAD_Pages/Landing_Page/select_NewTaxReturnAmountDue_TaxType' 

2024-01-13 22:41:54 - [TEST_STEP][PASSED] - break: null

2024-01-13 22:41:54 - [TEST_STEP][PASSED] - delay(1): Delayed 1 second(s)

2024-01-13 22:41:55 - [MESSAGE][PASSED] - Delayed 1 second(s)

2024-01-13 22:41:55 - [TEST_STEP][PASSED] - switch (Paymenttype): null

2024-01-13 22:41:55 - [TEST_STEP][PASSED] - case "New Tax Return Amount Due":: null

2024-01-13 22:41:55 - [TEST_STEP][PASSED] - setEncryptedText(findTestObject(orPath_TaxInfo + "/input_FederalEIN-2"), "RigbBhfdqOBDK95asqKeHw=="): Text ****** has been set on object 'Object Repository/RAD_Pages/TaxInfo_Page/input_FederalEIN-2'

2024-01-13 22:41:55 - [MESSAGE][PASSED] - Text ****** has been set on object 'Object Repository/RAD_Pages/TaxInfo_Page/input_FederalEIN-2'

2024-01-13 22:41:55 - [TEST_STEP][PASSED] - setEncryptedText(findTestObject(orPath_TaxInfo + "/input_FederalEIN_ReEnter-2"), ""): Text ****** has been set on object 'Object Repository/RAD_Pages/TaxInfo_Page/input_FederalEIN_ReEnter-2'

2024-01-13 22:41:56 - [MESSAGE][PASSED] - Text ****** has been set on object 'Object Repository/RAD_Pages/TaxInfo_Page/input_FederalEIN_ReEnter-2'

2024-01-13 22:41:56 - [TEST_STEP][PASSED] - break: null

2024-01-13 22:41:56 - [TEST_STEP][PASSED] - verifyTextPresent("Please enter a valid FEIN with 9 digits.", true): Text 'Please enter a valid FEIN with 9 digits.' is present on page  using regular expression

2024-01-13 22:41:56 - [MESSAGE][PASSED] - Text 'Please enter a valid FEIN with 9 digits.' is present on page  using regular expression

2024-01-13 22:41:56 - [TEST_STEP][PASSED] - if (verifyTextPresent("Please enter a valid FEIN with 9 digits.", true)): null

2024-01-13 22:41:57 - [MESSAGE][PASSED] - Text 'Please enter a valid FEIN with 9 digits.' is present on page  using regular expression

2024-01-13 22:41:57 - [TEST_STEP][PASSED] - println("Error Message is present on the page"): null

2024-01-13 22:41:57 - [TEST_STEP][PASSED] - out.println("Pass Record Number: " + row): null

2024-01-13 22:41:57 - [TEST_STEP][PASSED] - resText = "Pass": null

2024-01-13 22:41:57 - [TEST_STEP][PASSED] - pages.WriteExcel.demoKey(resText, datText, resColumn, datCloumn, fileLoc, nameSheet, row): pages.WriteExcel.demoKey is PASSED

2024-01-13 22:41:57 - [MESSAGE][PASSED] - pages.WriteExcel.demoKey is PASSED

2024-01-13 22:41:57 - [TEST_STEP][PASSED] - ExecuteTC = findTestData(dataFile).getValue("Execute", row): null

2024-01-13 22:41:57 - [TEST_STEP][PASSED] - Taxtype = findTestData(dataFile).getValue("TaxType", row): null

2024-01-13 22:41:57 - [TEST_STEP][PASSED] - Paymenttype = findTestData(dataFile).getValue("PaymentType", row): null

2024-01-13 22:41:57 - [TEST_STEP][PASSED] - out.println("Value of Execute is : " + ExecuteTC): null

2024-01-13 22:41:57 - [TEST_STEP][FAILED] - if (ExecuteTC.equalsIgnoreCase("Y")): null

2024-01-13 22:41:57 - [TEST_STEP][PASSED] - out.println("Begin Record Number: " + row): null

2024-01-13 22:41:57 - [TEST_STEP][PASSED] - today = new java.util.Date(): null

2024-01-13 22:41:57 - [TEST_STEP][PASSED] - println(today): null

2024-01-13 22:41:57 - [TEST_STEP][PASSED] - datText = today: null

2024-01-13 22:41:57 - [TEST_STEP][PASSED] - Taxtype = findTestData(dataFile).getValue("TaxType", row): null

2024-01-13 22:41:57 - [TEST_STEP][PASSED] - out.println("Taxtype value is : " + Taxtype): null

2024-01-13 22:41:57 - [TEST_STEP][PASSED] - openBrowser(""): Browser is opened with url: ''

2024-01-13 22:41:57 - [MESSAGE][WARNING] - A browser is already opened. Closing browser and opening a new one

2024-01-13 22:41:58 - [MESSAGE][INFO] - Starting 'Chrome' driver

2024-01-13 22:41:58 - [MESSAGE][INFO] - User set preference: ['acceptInsecureCerts', 'true']

2024-01-13 22:41:58 - [MESSAGE][INFO] - Action delay is set to 0 milliseconds

2024-01-13 22:41:59 - [MESSAGE][PASSED] - Browser is opened with url: ''

2024-01-13 22:41:59 - [TEST_STEP][PASSED] - maximizeWindow(): Current window maximized

2024-01-13 22:42:00 - [MESSAGE][PASSED] - Current window maximized

2024-01-13 22:42:00 - [TEST_STEP][PASSED] - navigateToUrl(RADurl): Navigate to 'https://qa2.velocitypayment.com/client/rad/index.html' successfully

2024-01-13 22:42:01 - [MESSAGE][PASSED] - Navigate to 'https://qa2.velocitypayment.com/client/rad/index.html' successfully

2024-01-13 22:42:01 - [TEST_STEP][PASSED] - orPath_Landing = "Object Repository/RAD_Pages/Landing_Page": null

2024-01-13 22:42:01 - [TEST_STEP][PASSED] - orPath_TaxTypeFilingYear = "Object Repository/RAD_Pages/TaxTypeFilingYear_Page": null

2024-01-13 22:42:01 - [TEST_STEP][PASSED] - orPath_TaxPayer = "Object Repository/RAD_Pages/Taxpayer_Page": null

2024-01-13 22:42:01 - [TEST_STEP][PASSED] - orPath_AddressContact = "Object Repository/RAD_Pages/AddressAndContactInfo_Page": null

2024-01-13 22:42:01 - [TEST_STEP][PASSED] - orPath_FilingStatus = "Object Repository/RAD_Pages/FilingStatus_Page": null

2024-01-13 22:42:01 - [TEST_STEP][PASSED] - orPath_Amount = "Object Repository/RAD_Pages/PaymentAmount_Page": null

2024-01-13 22:42:01 - [TEST_STEP][PASSED] - orPath_TaxInfo = "Object Repository/RAD_Pages/TaxInfo_Page": null

2024-01-13 22:42:01 - [TEST_STEP][PASSED] - orPath_Withholding = "Object Repository/RAD_Pages/Withholding_Page": null

2024-01-13 22:42:01 - [TEST_STEP][PASSED] - orPath_Summary = "Object Repository/RAD_Pages/Summary_Page": null

2024-01-13 22:42:01 - [TEST_STEP][PASSED] - orPath_PaymentReady = "Object Repository/RAD_Pages/PaymentReady_Page": null

2024-01-13 22:42:01 - [TEST_STEP][PASSED] - orPath_PaymentEntry = "Object Repository/RAD_Pages/PaymentEntry_Page": null

2024-01-13 22:42:01 - [TEST_STEP][PASSED] - orPath_PaymentConfirmation = "Object Repository/RAD_Pages/PaymentConfirmation_Page": null

2024-01-13 22:42:01 - [TEST_STEP][PASSED] - orPath_ServiceFeesAccept = "Object Repository/RAD_Pages/ServiceFeeAccept_Page": null

2024-01-13 22:42:01 - [TEST_STEP][PASSED] - selectOptionByLabel(findTestObject(orPath_Landing + "/dd_TaxType"), Paymenttype, false): All options with label 'New Tax Return Amount Due' are selected in object 'Object Repository/RAD_Pages/Landing_Page/dd_TaxType' 

2024-01-13 22:42:02 - [MESSAGE][PASSED] - All options with label 'New Tax Return Amount Due' are selected in object 'Object Repository/RAD_Pages/Landing_Page/dd_TaxType' 

2024-01-13 22:42:02 - [TEST_STEP][PASSED] - delay(1): Delayed 1 second(s)

2024-01-13 22:42:03 - [MESSAGE][PASSED] - Delayed 1 second(s)

2024-01-13 22:42:03 - [TEST_STEP][PASSED] - switch (Paymenttype): null

2024-01-13 22:42:03 - [TEST_STEP][PASSED] - case "New Tax Return Amount Due":: null

2024-01-13 22:42:03 - [TEST_STEP][PASSED] - selectOptionByLabel(findTestObject("Object Repository/RAD_Pages/Landing_Page/select_NewTaxReturnAmountDue_TaxType"), Taxtype, false): All options with label 'Tobacco Tax' are selected in object 'Object Repository/RAD_Pages/Landing_Page/select_NewTaxReturnAmountDue_TaxType' 

2024-01-13 22:42:03 - [MESSAGE][PASSED] - All options with label 'Tobacco Tax' are selected in object 'Object Repository/RAD_Pages/Landing_Page/select_NewTaxReturnAmountDue_TaxType' 

2024-01-13 22:42:03 - [TEST_STEP][PASSED] - break: null

2024-01-13 22:42:03 - [TEST_STEP][PASSED] - delay(1): Delayed 1 second(s)

2024-01-13 22:42:04 - [MESSAGE][PASSED] - Delayed 1 second(s)

2024-01-13 22:42:04 - [TEST_STEP][FAILED] - switch (Paymenttype): null

2024-01-13 22:42:04 - [TEST_STEP][FAILED] - case "New Tax Return Amount Due":: null

2024-01-13 22:42:04 - [TEST_STEP][FAILED] - setEncryptedText(findTestObject(orPath_TaxInfo + "/input_FederalEIN-2"), "RigbBhfdqOBDK95asqKeHw=="): Unable to set encrypted text for object 'Object Repository/RAD_Pages/TaxInfo_Page/input_FederalEIN-2' (Root cause: com.kms.katalon.core.exception.StepFailedException: Unable to set encrypted text for object 'Object Repository/RAD_Pages/TaxInfo_Page/input_FederalEIN-2'
	at com.kms.katalon.core.webui.keyword.internal.WebUIKeywordMain.stepFailed(WebUIKeywordMain.groovy:64)
	at com.kms.katalon.core.webui.keyword.internal.WebUIKeywordMain.runKeyword(WebUIKeywordMain.groovy:26)
	at com.kms.katalon.core.webui.keyword.builtin.SetEncryptedTextKeyword.setEncryptedText(SetEncryptedTextKeyword.groovy:65)
	at com.kms.katalon.core.webui.keyword.builtin.SetEncryptedTextKeyword.execute(SetEncryptedTextKeyword.groovy:34)
	at com.kms.katalon.core.keyword.internal.KeywordExecutor.executeKeywordForPlatform(KeywordExecutor.groovy:74)
	at com.kms.katalon.core.webui.keyword.WebUiBuiltInKeywords.setEncryptedText(WebUiBuiltInKeywords.groovy:1011)
	at com.kms.katalon.core.webui.keyword.WebUiBuiltInKeywords$setEncryptedText$4.call(Unknown Source)
	at FEINmoreThan9Error-NEW.run(FEINmoreThan9Error-NEW:151)
	at com.kms.katalon.core.main.ScriptEngine.run(ScriptEngine.java:194)
	at com.kms.katalon.core.main.ScriptEngine.runScriptAsRawText(ScriptEngine.java:119)
	at com.kms.katalon.core.main.TestCaseExecutor.runScript(TestCaseExecutor.java:448)
	at com.kms.katalon.core.main.TestCaseExecutor.doExecute(TestCaseExecutor.java:439)
	at com.kms.katalon.core.main.TestCaseExecutor.processExecutionPhase(TestCaseExecutor.java:418)
	at com.kms.katalon.core.main.TestCaseExecutor.accessMainPhase(TestCaseExecutor.java:410)
	at com.kms.katalon.core.main.TestCaseExecutor.execute(TestCaseExecutor.java:285)
	at com.kms.katalon.core.common.CommonExecutor.accessTestCaseMainPhase(CommonExecutor.java:65)
	at com.kms.katalon.core.main.TestSuiteExecutor.accessTestSuiteMainPhase(TestSuiteExecutor.java:148)
	at com.kms.katalon.core.main.TestSuiteExecutor.execute(TestSuiteExecutor.java:106)
	at com.kms.katalon.core.main.TestCaseMain.startTestSuite(TestCaseMain.java:187)
	at com.kms.katalon.core.main.TestCaseMain$startTestSuite$0.call(Unknown Source)
	at TempTestSuite1705202981112.run(TempTestSuite1705202981112.groovy:36)
Caused by: org.openqa.selenium.ElementNotInteractableException: element not interactable
  (Session info: chrome=120.0.6099.200)
Build info: version: '3.141.59', revision: 'e82be7d358', time: '2018-11-14T08:25:53'
System info: host: 'DESKTOP-B2QI6NS', ip: '172.31.253.139', os.name: 'Windows 10', os.arch: 'amd64', os.version: '10.0', java.version: '1.8.0_181'
Driver info: com.kms.katalon.selenium.driver.CChromeDriver
Capabilities {acceptInsecureCerts: true, browserName: chrome, browserVersion: 120.0.6099.200, chrome: {chromedriverVersion: 119.0.6045.105 (38c72552c5e..., userDataDir: C:\Users\imtiaz\AppData\Loc...}, fedcm:accounts: true, goog:chromeOptions: {debuggerAddress: localhost:60276}, javascriptEnabled: true, networkConnectionEnabled: false, pageLoadStrategy: normal, platform: WINDOWS, platformName: WINDOWS, proxy: Proxy(), setWindowRect: true, strictFileInteractability: false, timeouts: {implicit: 0, pageLoad: 300000, script: 30000}, unhandledPromptBehavior: dismiss and notify, webauthn:extension:credBlob: true, webauthn:extension:largeBlob: true, webauthn:extension:minPinLength: true, webauthn:extension:prf: true, webauthn:virtualAuthenticators: true}
Session ID: 4e40e35066f2e35615e14251fce6c4f7
	at org.openqa.selenium.remote.http.W3CHttpResponseCodec.createException(W3CHttpResponseCodec.java:187)
	at org.openqa.selenium.remote.http.W3CHttpResponseCodec.decode(W3CHttpResponseCodec.java:122)
	at org.openqa.selenium.remote.http.W3CHttpResponseCodec.decode(W3CHttpResponseCodec.java:49)
	at org.openqa.selenium.remote.HttpCommandExecutor.execute(HttpCommandExecutor.java:158)
	at org.openqa.selenium.remote.service.DriverCommandExecutor.execute(DriverCommandExecutor.java:83)
	at org.openqa.selenium.remote.RemoteWebDriver.execute(RemoteWebDriver.java:552)
	at com.kms.katalon.selenium.driver.CChromeDriver.execute(CChromeDriver.java:19)
	at org.openqa.selenium.remote.RemoteWebElement.execute(RemoteWebElement.java:285)
	at org.openqa.selenium.remote.RemoteWebElement.clear(RemoteWebElement.java:124)
	at org.openqa.selenium.support.events.EventFiringWebDriver$EventFiringWebElement.lambda$new$0(EventFiringWebDriver.java:404)
	at com.sun.proxy.$Proxy11.clear(Unknown Source)
	at org.openqa.selenium.support.events.EventFiringWebDriver$EventFiringWebElement.clear(EventFiringWebDriver.java:436)
	at com.kms.katalon.core.webui.keyword.builtin.SetEncryptedTextKeyword$_setEncryptedText_closure1.doCall(SetEncryptedTextKeyword.groovy:54)
	at com.kms.katalon.core.webui.keyword.builtin.SetEncryptedTextKeyword$_setEncryptedText_closure1.call(SetEncryptedTextKeyword.groovy)
	at com.kms.katalon.core.webui.keyword.internal.WebUIKeywordMain.runKeyword(WebUIKeywordMain.groovy:20)
	at com.kms.katalon.core.webui.keyword.builtin.SetEncryptedTextKeyword.setEncryptedText(SetEncryptedTextKeyword.groovy:65)
	at com.kms.katalon.core.webui.keyword.builtin.SetEncryptedTextKeyword.execute(SetEncryptedTextKeyword.groovy:34)
	at com.kms.katalon.core.keyword.internal.KeywordExecutor.executeKeywordForPlatform(KeywordExecutor.groovy:74)
	at com.kms.katalon.core.webui.keyword.WebUiBuiltInKeywords.setEncryptedText(WebUiBuiltInKeywords.groovy:1011)
	at com.kms.katalon.core.webui.keyword.WebUiBuiltInKeywords$setEncryptedText$4.call(Unknown Source)
	at Script1693447938304.run(Script1693447938304.groovy:151)
	... 13 more
)

2024-01-13 22:42:05 - [MESSAGE][FAILED] - Unable to set encrypted text for object 'Object Repository/RAD_Pages/TaxInfo_Page/input_FederalEIN-2' (Root cause: com.kms.katalon.core.exception.StepFailedException: Unable to set encrypted text for object 'Object Repository/RAD_Pages/TaxInfo_Page/input_FederalEIN-2'
	at com.kms.katalon.core.webui.keyword.internal.WebUIKeywordMain.stepFailed(WebUIKeywordMain.groovy:64)
	at com.kms.katalon.core.webui.keyword.internal.WebUIKeywordMain.runKeyword(WebUIKeywordMain.groovy:26)
	at com.kms.katalon.core.webui.keyword.builtin.SetEncryptedTextKeyword.setEncryptedText(SetEncryptedTextKeyword.groovy:65)
	at com.kms.katalon.core.webui.keyword.builtin.SetEncryptedTextKeyword.execute(SetEncryptedTextKeyword.groovy:34)
	at com.kms.katalon.core.keyword.internal.KeywordExecutor.executeKeywordForPlatform(KeywordExecutor.groovy:74)
	at com.kms.katalon.core.webui.keyword.WebUiBuiltInKeywords.setEncryptedText(WebUiBuiltInKeywords.groovy:1011)
	at com.kms.katalon.core.webui.keyword.WebUiBuiltInKeywords$setEncryptedText$4.call(Unknown Source)
	at FEINmoreThan9Error-NEW.run(FEINmoreThan9Error-NEW:151)
	at com.kms.katalon.core.main.ScriptEngine.run(ScriptEngine.java:194)
	at com.kms.katalon.core.main.ScriptEngine.runScriptAsRawText(ScriptEngine.java:119)
	at com.kms.katalon.core.main.TestCaseExecutor.runScript(TestCaseExecutor.java:448)
	at com.kms.katalon.core.main.TestCaseExecutor.doExecute(TestCaseExecutor.java:439)
	at com.kms.katalon.core.main.TestCaseExecutor.processExecutionPhase(TestCaseExecutor.java:418)
	at com.kms.katalon.core.main.TestCaseExecutor.accessMainPhase(TestCaseExecutor.java:410)
	at com.kms.katalon.core.main.TestCaseExecutor.execute(TestCaseExecutor.java:285)
	at com.kms.katalon.core.common.CommonExecutor.accessTestCaseMainPhase(CommonExecutor.java:65)
	at com.kms.katalon.core.main.TestSuiteExecutor.accessTestSuiteMainPhase(TestSuiteExecutor.java:148)
	at com.kms.katalon.core.main.TestSuiteExecutor.execute(TestSuiteExecutor.java:106)
	at com.kms.katalon.core.main.TestCaseMain.startTestSuite(TestCaseMain.java:187)
	at com.kms.katalon.core.main.TestCaseMain$startTestSuite$0.call(Unknown Source)
	at TempTestSuite1705202981112.run(TempTestSuite1705202981112.groovy:36)
Caused by: org.openqa.selenium.ElementNotInteractableException: element not interactable
  (Session info: chrome=120.0.6099.200)
Build info: version: '3.141.59', revision: 'e82be7d358', time: '2018-11-14T08:25:53'
System info: host: 'DESKTOP-B2QI6NS', ip: '172.31.253.139', os.name: 'Windows 10', os.arch: 'amd64', os.version: '10.0', java.version: '1.8.0_181'
Driver info: com.kms.katalon.selenium.driver.CChromeDriver
Capabilities {acceptInsecureCerts: true, browserName: chrome, browserVersion: 120.0.6099.200, chrome: {chromedriverVersion: 119.0.6045.105 (38c72552c5e..., userDataDir: C:\Users\imtiaz\AppData\Loc...}, fedcm:accounts: true, goog:chromeOptions: {debuggerAddress: localhost:60276}, javascriptEnabled: true, networkConnectionEnabled: false, pageLoadStrategy: normal, platform: WINDOWS, platformName: WINDOWS, proxy: Proxy(), setWindowRect: true, strictFileInteractability: false, timeouts: {implicit: 0, pageLoad: 300000, script: 30000}, unhandledPromptBehavior: dismiss and notify, webauthn:extension:credBlob: true, webauthn:extension:largeBlob: true, webauthn:extension:minPinLength: true, webauthn:extension:prf: true, webauthn:virtualAuthenticators: true}
Session ID: 4e40e35066f2e35615e14251fce6c4f7
	at org.openqa.selenium.remote.http.W3CHttpResponseCodec.createException(W3CHttpResponseCodec.java:187)
	at org.openqa.selenium.remote.http.W3CHttpResponseCodec.decode(W3CHttpResponseCodec.java:122)
	at org.openqa.selenium.remote.http.W3CHttpResponseCodec.decode(W3CHttpResponseCodec.java:49)
	at org.openqa.selenium.remote.HttpCommandExecutor.execute(HttpCommandExecutor.java:158)
	at org.openqa.selenium.remote.service.DriverCommandExecutor.execute(DriverCommandExecutor.java:83)
	at org.openqa.selenium.remote.RemoteWebDriver.execute(RemoteWebDriver.java:552)
	at com.kms.katalon.selenium.driver.CChromeDriver.execute(CChromeDriver.java:19)
	at org.openqa.selenium.remote.RemoteWebElement.execute(RemoteWebElement.java:285)
	at org.openqa.selenium.remote.RemoteWebElement.clear(RemoteWebElement.java:124)
	at org.openqa.selenium.support.events.EventFiringWebDriver$EventFiringWebElement.lambda$new$0(EventFiringWebDriver.java:404)
	at com.sun.proxy.$Proxy11.clear(Unknown Source)
	at org.openqa.selenium.support.events.EventFiringWebDriver$EventFiringWebElement.clear(EventFiringWebDriver.java:436)
	at com.kms.katalon.core.webui.keyword.builtin.SetEncryptedTextKeyword$_setEncryptedText_closure1.doCall(SetEncryptedTextKeyword.groovy:54)
	at com.kms.katalon.core.webui.keyword.builtin.SetEncryptedTextKeyword$_setEncryptedText_closure1.call(SetEncryptedTextKeyword.groovy)
	at com.kms.katalon.core.webui.keyword.internal.WebUIKeywordMain.runKeyword(WebUIKeywordMain.groovy:20)
	at com.kms.katalon.core.webui.keyword.builtin.SetEncryptedTextKeyword.setEncryptedText(SetEncryptedTextKeyword.groovy:65)
	at com.kms.katalon.core.webui.keyword.builtin.SetEncryptedTextKeyword.execute(SetEncryptedTextKeyword.groovy:34)
	at com.kms.katalon.core.keyword.internal.KeywordExecutor.executeKeywordForPlatform(KeywordExecutor.groovy:74)
	at com.kms.katalon.core.webui.keyword.WebUiBuiltInKeywords.setEncryptedText(WebUiBuiltInKeywords.groovy:1011)
	at com.kms.katalon.core.webui.keyword.WebUiBuiltInKeywords$setEncryptedText$4.call(Unknown Source)
	at Script1693447938304.run(Script1693447938304.groovy:151)
	... 13 more
)
[[ATTACHMENT|E:\\Cloned-Project-Katalon\\VPS-Katalon\\Reports\\20240113_222941\\RAD_TestSuite\\RAD_UI_TestSuite\\20240113_222941\\1705203725433.png]]

2024-01-13 22:42:05 - [TEST_STEP][FAILED] - setEncryptedText(findTestObject(orPath_TaxInfo + "/input_FederalEIN_ReEnter-2"), ""): Unable to set encrypted text for object 'Object Repository/RAD_Pages/TaxInfo_Page/input_FederalEIN_ReEnter-2' (Root cause: com.kms.katalon.core.exception.StepFailedException: Unable to set encrypted text for object 'Object Repository/RAD_Pages/TaxInfo_Page/input_FederalEIN_ReEnter-2'
	at com.kms.katalon.core.webui.keyword.internal.WebUIKeywordMain.stepFailed(WebUIKeywordMain.groovy:64)
	at com.kms.katalon.core.webui.keyword.internal.WebUIKeywordMain.runKeyword(WebUIKeywordMain.groovy:26)
	at com.kms.katalon.core.webui.keyword.builtin.SetEncryptedTextKeyword.setEncryptedText(SetEncryptedTextKeyword.groovy:65)
	at com.kms.katalon.core.webui.keyword.builtin.SetEncryptedTextKeyword.execute(SetEncryptedTextKeyword.groovy:34)
	at com.kms.katalon.core.keyword.internal.KeywordExecutor.executeKeywordForPlatform(KeywordExecutor.groovy:74)
	at com.kms.katalon.core.webui.keyword.WebUiBuiltInKeywords.setEncryptedText(WebUiBuiltInKeywords.groovy:1011)
	at com.kms.katalon.core.webui.keyword.WebUiBuiltInKeywords$setEncryptedText$4.call(Unknown Source)
	at FEINmoreThan9Error-NEW.run(FEINmoreThan9Error-NEW:152)
	at com.kms.katalon.core.main.ScriptEngine.run(ScriptEngine.java:194)
	at com.kms.katalon.core.main.ScriptEngine.runScriptAsRawText(ScriptEngine.java:119)
	at com.kms.katalon.core.main.TestCaseExecutor.runScript(TestCaseExecutor.java:448)
	at com.kms.katalon.core.main.TestCaseExecutor.doExecute(TestCaseExecutor.java:439)
	at com.kms.katalon.core.main.TestCaseExecutor.processExecutionPhase(TestCaseExecutor.java:418)
	at com.kms.katalon.core.main.TestCaseExecutor.accessMainPhase(TestCaseExecutor.java:410)
	at com.kms.katalon.core.main.TestCaseExecutor.execute(TestCaseExecutor.java:285)
	at com.kms.katalon.core.common.CommonExecutor.accessTestCaseMainPhase(CommonExecutor.java:65)
	at com.kms.katalon.core.main.TestSuiteExecutor.accessTestSuiteMainPhase(TestSuiteExecutor.java:148)
	at com.kms.katalon.core.main.TestSuiteExecutor.execute(TestSuiteExecutor.java:106)
	at com.kms.katalon.core.main.TestCaseMain.startTestSuite(TestCaseMain.java:187)
	at com.kms.katalon.core.main.TestCaseMain$startTestSuite$0.call(Unknown Source)
	at TempTestSuite1705202981112.run(TempTestSuite1705202981112.groovy:36)
Caused by: org.openqa.selenium.ElementNotInteractableException: element not interactable
  (Session info: chrome=120.0.6099.200)
Build info: version: '3.141.59', revision: 'e82be7d358', time: '2018-11-14T08:25:53'
System info: host: 'DESKTOP-B2QI6NS', ip: '172.31.253.139', os.name: 'Windows 10', os.arch: 'amd64', os.version: '10.0', java.version: '1.8.0_181'
Driver info: com.kms.katalon.selenium.driver.CChromeDriver
Capabilities {acceptInsecureCerts: true, browserName: chrome, browserVersion: 120.0.6099.200, chrome: {chromedriverVersion: 119.0.6045.105 (38c72552c5e..., userDataDir: C:\Users\imtiaz\AppData\Loc...}, fedcm:accounts: true, goog:chromeOptions: {debuggerAddress: localhost:60276}, javascriptEnabled: true, networkConnectionEnabled: false, pageLoadStrategy: normal, platform: WINDOWS, platformName: WINDOWS, proxy: Proxy(), setWindowRect: true, strictFileInteractability: false, timeouts: {implicit: 0, pageLoad: 300000, script: 30000}, unhandledPromptBehavior: dismiss and notify, webauthn:extension:credBlob: true, webauthn:extension:largeBlob: true, webauthn:extension:minPinLength: true, webauthn:extension:prf: true, webauthn:virtualAuthenticators: true}
Session ID: 4e40e35066f2e35615e14251fce6c4f7
	at org.openqa.selenium.remote.http.W3CHttpResponseCodec.createException(W3CHttpResponseCodec.java:187)
	at org.openqa.selenium.remote.http.W3CHttpResponseCodec.decode(W3CHttpResponseCodec.java:122)
	at org.openqa.selenium.remote.http.W3CHttpResponseCodec.decode(W3CHttpResponseCodec.java:49)
	at org.openqa.selenium.remote.HttpCommandExecutor.execute(HttpCommandExecutor.java:158)
	at org.openqa.selenium.remote.service.DriverCommandExecutor.execute(DriverCommandExecutor.java:83)
	at org.openqa.selenium.remote.RemoteWebDriver.execute(RemoteWebDriver.java:552)
	at com.kms.katalon.selenium.driver.CChromeDriver.execute(CChromeDriver.java:19)
	at org.openqa.selenium.remote.RemoteWebElement.execute(RemoteWebElement.java:285)
	at org.openqa.selenium.remote.RemoteWebElement.clear(RemoteWebElement.java:124)
	at org.openqa.selenium.support.events.EventFiringWebDriver$EventFiringWebElement.lambda$new$0(EventFiringWebDriver.java:404)
	at com.sun.proxy.$Proxy11.clear(Unknown Source)
	at org.openqa.selenium.support.events.EventFiringWebDriver$EventFiringWebElement.clear(EventFiringWebDriver.java:436)
	at com.kms.katalon.core.webui.keyword.builtin.SetEncryptedTextKeyword$_setEncryptedText_closure1.doCall(SetEncryptedTextKeyword.groovy:54)
	at com.kms.katalon.core.webui.keyword.builtin.SetEncryptedTextKeyword$_setEncryptedText_closure1.call(SetEncryptedTextKeyword.groovy)
	at com.kms.katalon.core.webui.keyword.internal.WebUIKeywordMain.runKeyword(WebUIKeywordMain.groovy:20)
	at com.kms.katalon.core.webui.keyword.builtin.SetEncryptedTextKeyword.setEncryptedText(SetEncryptedTextKeyword.groovy:65)
	at com.kms.katalon.core.webui.keyword.builtin.SetEncryptedTextKeyword.execute(SetEncryptedTextKeyword.groovy:34)
	at com.kms.katalon.core.keyword.internal.KeywordExecutor.executeKeywordForPlatform(KeywordExecutor.groovy:74)
	at com.kms.katalon.core.webui.keyword.WebUiBuiltInKeywords.setEncryptedText(WebUiBuiltInKeywords.groovy:1011)
	at com.kms.katalon.core.webui.keyword.WebUiBuiltInKeywords$setEncryptedText$4.call(Unknown Source)
	at Script1693447938304.run(Script1693447938304.groovy:152)
	... 13 more
)

2024-01-13 22:42:06 - [MESSAGE][FAILED] - Unable to set encrypted text for object 'Object Repository/RAD_Pages/TaxInfo_Page/input_FederalEIN_ReEnter-2' (Root cause: com.kms.katalon.core.exception.StepFailedException: Unable to set encrypted text for object 'Object Repository/RAD_Pages/TaxInfo_Page/input_FederalEIN_ReEnter-2'
	at com.kms.katalon.core.webui.keyword.internal.WebUIKeywordMain.stepFailed(WebUIKeywordMain.groovy:64)
	at com.kms.katalon.core.webui.keyword.internal.WebUIKeywordMain.runKeyword(WebUIKeywordMain.groovy:26)
	at com.kms.katalon.core.webui.keyword.builtin.SetEncryptedTextKeyword.setEncryptedText(SetEncryptedTextKeyword.groovy:65)
	at com.kms.katalon.core.webui.keyword.builtin.SetEncryptedTextKeyword.execute(SetEncryptedTextKeyword.groovy:34)
	at com.kms.katalon.core.keyword.internal.KeywordExecutor.executeKeywordForPlatform(KeywordExecutor.groovy:74)
	at com.kms.katalon.core.webui.keyword.WebUiBuiltInKeywords.setEncryptedText(WebUiBuiltInKeywords.groovy:1011)
	at com.kms.katalon.core.webui.keyword.WebUiBuiltInKeywords$setEncryptedText$4.call(Unknown Source)
	at FEINmoreThan9Error-NEW.run(FEINmoreThan9Error-NEW:152)
	at com.kms.katalon.core.main.ScriptEngine.run(ScriptEngine.java:194)
	at com.kms.katalon.core.main.ScriptEngine.runScriptAsRawText(ScriptEngine.java:119)
	at com.kms.katalon.core.main.TestCaseExecutor.runScript(TestCaseExecutor.java:448)
	at com.kms.katalon.core.main.TestCaseExecutor.doExecute(TestCaseExecutor.java:439)
	at com.kms.katalon.core.main.TestCaseExecutor.processExecutionPhase(TestCaseExecutor.java:418)
	at com.kms.katalon.core.main.TestCaseExecutor.accessMainPhase(TestCaseExecutor.java:410)
	at com.kms.katalon.core.main.TestCaseExecutor.execute(TestCaseExecutor.java:285)
	at com.kms.katalon.core.common.CommonExecutor.accessTestCaseMainPhase(CommonExecutor.java:65)
	at com.kms.katalon.core.main.TestSuiteExecutor.accessTestSuiteMainPhase(TestSuiteExecutor.java:148)
	at com.kms.katalon.core.main.TestSuiteExecutor.execute(TestSuiteExecutor.java:106)
	at com.kms.katalon.core.main.TestCaseMain.startTestSuite(TestCaseMain.java:187)
	at com.kms.katalon.core.main.TestCaseMain$startTestSuite$0.call(Unknown Source)
	at TempTestSuite1705202981112.run(TempTestSuite1705202981112.groovy:36)
Caused by: org.openqa.selenium.ElementNotInteractableException: element not interactable
  (Session info: chrome=120.0.6099.200)
Build info: version: '3.141.59', revision: 'e82be7d358', time: '2018-11-14T08:25:53'
System info: host: 'DESKTOP-B2QI6NS', ip: '172.31.253.139', os.name: 'Windows 10', os.arch: 'amd64', os.version: '10.0', java.version: '1.8.0_181'
Driver info: com.kms.katalon.selenium.driver.CChromeDriver
Capabilities {acceptInsecureCerts: true, browserName: chrome, browserVersion: 120.0.6099.200, chrome: {chromedriverVersion: 119.0.6045.105 (38c72552c5e..., userDataDir: C:\Users\imtiaz\AppData\Loc...}, fedcm:accounts: true, goog:chromeOptions: {debuggerAddress: localhost:60276}, javascriptEnabled: true, networkConnectionEnabled: false, pageLoadStrategy: normal, platform: WINDOWS, platformName: WINDOWS, proxy: Proxy(), setWindowRect: true, strictFileInteractability: false, timeouts: {implicit: 0, pageLoad: 300000, script: 30000}, unhandledPromptBehavior: dismiss and notify, webauthn:extension:credBlob: true, webauthn:extension:largeBlob: true, webauthn:extension:minPinLength: true, webauthn:extension:prf: true, webauthn:virtualAuthenticators: true}
Session ID: 4e40e35066f2e35615e14251fce6c4f7
	at org.openqa.selenium.remote.http.W3CHttpResponseCodec.createException(W3CHttpResponseCodec.java:187)
	at org.openqa.selenium.remote.http.W3CHttpResponseCodec.decode(W3CHttpResponseCodec.java:122)
	at org.openqa.selenium.remote.http.W3CHttpResponseCodec.decode(W3CHttpResponseCodec.java:49)
	at org.openqa.selenium.remote.HttpCommandExecutor.execute(HttpCommandExecutor.java:158)
	at org.openqa.selenium.remote.service.DriverCommandExecutor.execute(DriverCommandExecutor.java:83)
	at org.openqa.selenium.remote.RemoteWebDriver.execute(RemoteWebDriver.java:552)
	at com.kms.katalon.selenium.driver.CChromeDriver.execute(CChromeDriver.java:19)
	at org.openqa.selenium.remote.RemoteWebElement.execute(RemoteWebElement.java:285)
	at org.openqa.selenium.remote.RemoteWebElement.clear(RemoteWebElement.java:124)
	at org.openqa.selenium.support.events.EventFiringWebDriver$EventFiringWebElement.lambda$new$0(EventFiringWebDriver.java:404)
	at com.sun.proxy.$Proxy11.clear(Unknown Source)
	at org.openqa.selenium.support.events.EventFiringWebDriver$EventFiringWebElement.clear(EventFiringWebDriver.java:436)
	at com.kms.katalon.core.webui.keyword.builtin.SetEncryptedTextKeyword$_setEncryptedText_closure1.doCall(SetEncryptedTextKeyword.groovy:54)
	at com.kms.katalon.core.webui.keyword.builtin.SetEncryptedTextKeyword$_setEncryptedText_closure1.call(SetEncryptedTextKeyword.groovy)
	at com.kms.katalon.core.webui.keyword.internal.WebUIKeywordMain.runKeyword(WebUIKeywordMain.groovy:20)
	at com.kms.katalon.core.webui.keyword.builtin.SetEncryptedTextKeyword.setEncryptedText(SetEncryptedTextKeyword.groovy:65)
	at com.kms.katalon.core.webui.keyword.builtin.SetEncryptedTextKeyword.execute(SetEncryptedTextKeyword.groovy:34)
	at com.kms.katalon.core.keyword.internal.KeywordExecutor.executeKeywordForPlatform(KeywordExecutor.groovy:74)
	at com.kms.katalon.core.webui.keyword.WebUiBuiltInKeywords.setEncryptedText(WebUiBuiltInKeywords.groovy:1011)
	at com.kms.katalon.core.webui.keyword.WebUiBuiltInKeywords$setEncryptedText$4.call(Unknown Source)
	at Script1693447938304.run(Script1693447938304.groovy:152)
	... 13 more
)
[[ATTACHMENT|E:\\Cloned-Project-Katalon\\VPS-Katalon\\Reports\\20240113_222941\\RAD_TestSuite\\RAD_UI_TestSuite\\20240113_222941\\1705203726104.png]]

2024-01-13 22:42:06 - [TEST_STEP][PASSED] - break: null

2024-01-13 22:42:06 - [TEST_STEP][FAILED] - verifyTextPresent("Please enter a valid FEIN with 9 digits.", true): Text 'Please enter a valid FEIN with 9 digits.' is not present on page  using regular expression (Root cause: com.kms.katalon.core.exception.StepFailedException: Text 'Please enter a valid FEIN with 9 digits.' is not present on page  using regular expression
	at com.kms.katalon.core.webui.keyword.internal.WebUIKeywordMain.stepFailed(WebUIKeywordMain.groovy:64)
	at com.kms.katalon.core.webui.keyword.builtin.VerifyTextPresentKeyword$_verifyTextPresent_closure1.doCall(VerifyTextPresentKeyword.groovy:79)
	at com.kms.katalon.core.webui.keyword.builtin.VerifyTextPresentKeyword$_verifyTextPresent_closure1.call(VerifyTextPresentKeyword.groovy)
	at com.kms.katalon.core.webui.keyword.internal.WebUIKeywordMain.runKeyword(WebUIKeywordMain.groovy:20)
	at com.kms.katalon.core.webui.keyword.builtin.VerifyTextPresentKeyword.verifyTextPresent(VerifyTextPresentKeyword.groovy:83)
	at com.kms.katalon.core.webui.keyword.builtin.VerifyTextPresentKeyword.execute(VerifyTextPresentKeyword.groovy:68)
	at com.kms.katalon.core.keyword.internal.KeywordExecutor.executeKeywordForPlatform(KeywordExecutor.groovy:74)
	at com.kms.katalon.core.webui.keyword.WebUiBuiltInKeywords.verifyTextPresent(WebUiBuiltInKeywords.groovy:1723)
	at com.kms.katalon.core.webui.keyword.WebUiBuiltInKeywords$verifyTextPresent$6.call(Unknown Source)
	at FEINmoreThan9Error-NEW.run(FEINmoreThan9Error-NEW:161)
	at com.kms.katalon.core.main.ScriptEngine.run(ScriptEngine.java:194)
	at com.kms.katalon.core.main.ScriptEngine.runScriptAsRawText(ScriptEngine.java:119)
	at com.kms.katalon.core.main.TestCaseExecutor.runScript(TestCaseExecutor.java:448)
	at com.kms.katalon.core.main.TestCaseExecutor.doExecute(TestCaseExecutor.java:439)
	at com.kms.katalon.core.main.TestCaseExecutor.processExecutionPhase(TestCaseExecutor.java:418)
	at com.kms.katalon.core.main.TestCaseExecutor.accessMainPhase(TestCaseExecutor.java:410)
	at com.kms.katalon.core.main.TestCaseExecutor.execute(TestCaseExecutor.java:285)
	at com.kms.katalon.core.common.CommonExecutor.accessTestCaseMainPhase(CommonExecutor.java:65)
	at com.kms.katalon.core.main.TestSuiteExecutor.accessTestSuiteMainPhase(TestSuiteExecutor.java:148)
	at com.kms.katalon.core.main.TestSuiteExecutor.execute(TestSuiteExecutor.java:106)
	at com.kms.katalon.core.main.TestCaseMain.startTestSuite(TestCaseMain.java:187)
	at com.kms.katalon.core.main.TestCaseMain$startTestSuite$0.call(Unknown Source)
	at TempTestSuite1705202981112.run(TempTestSuite1705202981112.groovy:36)
)

2024-01-13 22:42:06 - [MESSAGE][FAILED] - Text 'Please enter a valid FEIN with 9 digits.' is not present on page  using regular expression (Root cause: com.kms.katalon.core.exception.StepFailedException: Text 'Please enter a valid FEIN with 9 digits.' is not present on page  using regular expression
	at com.kms.katalon.core.webui.keyword.internal.WebUIKeywordMain.stepFailed(WebUIKeywordMain.groovy:64)
	at com.kms.katalon.core.webui.keyword.builtin.VerifyTextPresentKeyword$_verifyTextPresent_closure1.doCall(VerifyTextPresentKeyword.groovy:79)
	at com.kms.katalon.core.webui.keyword.builtin.VerifyTextPresentKeyword$_verifyTextPresent_closure1.call(VerifyTextPresentKeyword.groovy)
	at com.kms.katalon.core.webui.keyword.internal.WebUIKeywordMain.runKeyword(WebUIKeywordMain.groovy:20)
	at com.kms.katalon.core.webui.keyword.builtin.VerifyTextPresentKeyword.verifyTextPresent(VerifyTextPresentKeyword.groovy:83)
	at com.kms.katalon.core.webui.keyword.builtin.VerifyTextPresentKeyword.execute(VerifyTextPresentKeyword.groovy:68)
	at com.kms.katalon.core.keyword.internal.KeywordExecutor.executeKeywordForPlatform(KeywordExecutor.groovy:74)
	at com.kms.katalon.core.webui.keyword.WebUiBuiltInKeywords.verifyTextPresent(WebUiBuiltInKeywords.groovy:1723)
	at com.kms.katalon.core.webui.keyword.WebUiBuiltInKeywords$verifyTextPresent$6.call(Unknown Source)
	at FEINmoreThan9Error-NEW.run(FEINmoreThan9Error-NEW:161)
	at com.kms.katalon.core.main.ScriptEngine.run(ScriptEngine.java:194)
	at com.kms.katalon.core.main.ScriptEngine.runScriptAsRawText(ScriptEngine.java:119)
	at com.kms.katalon.core.main.TestCaseExecutor.runScript(TestCaseExecutor.java:448)
	at com.kms.katalon.core.main.TestCaseExecutor.doExecute(TestCaseExecutor.java:439)
	at com.kms.katalon.core.main.TestCaseExecutor.processExecutionPhase(TestCaseExecutor.java:418)
	at com.kms.katalon.core.main.TestCaseExecutor.accessMainPhase(TestCaseExecutor.java:410)
	at com.kms.katalon.core.main.TestCaseExecutor.execute(TestCaseExecutor.java:285)
	at com.kms.katalon.core.common.CommonExecutor.accessTestCaseMainPhase(CommonExecutor.java:65)
	at com.kms.katalon.core.main.TestSuiteExecutor.accessTestSuiteMainPhase(TestSuiteExecutor.java:148)
	at com.kms.katalon.core.main.TestSuiteExecutor.execute(TestSuiteExecutor.java:106)
	at com.kms.katalon.core.main.TestCaseMain.startTestSuite(TestCaseMain.java:187)
	at com.kms.katalon.core.main.TestCaseMain$startTestSuite$0.call(Unknown Source)
	at TempTestSuite1705202981112.run(TempTestSuite1705202981112.groovy:36)
)

2024-01-13 22:42:06 - [TEST_STEP][FAILED] - if (verifyTextPresent("Please enter a valid FEIN with 9 digits.", true)): Text 'Please enter a valid FEIN with 9 digits.' is not present on page  using regular expression (Root cause: com.kms.katalon.core.exception.StepFailedException: Text 'Please enter a valid FEIN with 9 digits.' is not present on page  using regular expression
	at com.kms.katalon.core.webui.keyword.internal.WebUIKeywordMain.stepFailed(WebUIKeywordMain.groovy:64)
	at com.kms.katalon.core.webui.keyword.builtin.VerifyTextPresentKeyword$_verifyTextPresent_closure1.doCall(VerifyTextPresentKeyword.groovy:79)
	at com.kms.katalon.core.webui.keyword.builtin.VerifyTextPresentKeyword$_verifyTextPresent_closure1.call(VerifyTextPresentKeyword.groovy)
	at com.kms.katalon.core.webui.keyword.internal.WebUIKeywordMain.runKeyword(WebUIKeywordMain.groovy:20)
	at com.kms.katalon.core.webui.keyword.builtin.VerifyTextPresentKeyword.verifyTextPresent(VerifyTextPresentKeyword.groovy:83)
	at com.kms.katalon.core.webui.keyword.builtin.VerifyTextPresentKeyword.execute(VerifyTextPresentKeyword.groovy:68)
	at com.kms.katalon.core.keyword.internal.KeywordExecutor.executeKeywordForPlatform(KeywordExecutor.groovy:74)
	at com.kms.katalon.core.webui.keyword.WebUiBuiltInKeywords.verifyTextPresent(WebUiBuiltInKeywords.groovy:1723)
	at com.kms.katalon.core.webui.keyword.WebUiBuiltInKeywords$verifyTextPresent$6.call(Unknown Source)
	at FEINmoreThan9Error-NEW.run(FEINmoreThan9Error-NEW:163)
	at com.kms.katalon.core.main.ScriptEngine.run(ScriptEngine.java:194)
	at com.kms.katalon.core.main.ScriptEngine.runScriptAsRawText(ScriptEngine.java:119)
	at com.kms.katalon.core.main.TestCaseExecutor.runScript(TestCaseExecutor.java:448)
	at com.kms.katalon.core.main.TestCaseExecutor.doExecute(TestCaseExecutor.java:439)
	at com.kms.katalon.core.main.TestCaseExecutor.processExecutionPhase(TestCaseExecutor.java:418)
	at com.kms.katalon.core.main.TestCaseExecutor.accessMainPhase(TestCaseExecutor.java:410)
	at com.kms.katalon.core.main.TestCaseExecutor.execute(TestCaseExecutor.java:285)
	at com.kms.katalon.core.common.CommonExecutor.accessTestCaseMainPhase(CommonExecutor.java:65)
	at com.kms.katalon.core.main.TestSuiteExecutor.accessTestSuiteMainPhase(TestSuiteExecutor.java:148)
	at com.kms.katalon.core.main.TestSuiteExecutor.execute(TestSuiteExecutor.java:106)
	at com.kms.katalon.core.main.TestCaseMain.startTestSuite(TestCaseMain.java:187)
	at com.kms.katalon.core.main.TestCaseMain$startTestSuite$0.call(Unknown Source)
	at TempTestSuite1705202981112.run(TempTestSuite1705202981112.groovy:36)
)

2024-01-13 22:42:07 - [MESSAGE][FAILED] - Text 'Please enter a valid FEIN with 9 digits.' is not present on page  using regular expression (Root cause: com.kms.katalon.core.exception.StepFailedException: Text 'Please enter a valid FEIN with 9 digits.' is not present on page  using regular expression
	at com.kms.katalon.core.webui.keyword.internal.WebUIKeywordMain.stepFailed(WebUIKeywordMain.groovy:64)
	at com.kms.katalon.core.webui.keyword.builtin.VerifyTextPresentKeyword$_verifyTextPresent_closure1.doCall(VerifyTextPresentKeyword.groovy:79)
	at com.kms.katalon.core.webui.keyword.builtin.VerifyTextPresentKeyword$_verifyTextPresent_closure1.call(VerifyTextPresentKeyword.groovy)
	at com.kms.katalon.core.webui.keyword.internal.WebUIKeywordMain.runKeyword(WebUIKeywordMain.groovy:20)
	at com.kms.katalon.core.webui.keyword.builtin.VerifyTextPresentKeyword.verifyTextPresent(VerifyTextPresentKeyword.groovy:83)
	at com.kms.katalon.core.webui.keyword.builtin.VerifyTextPresentKeyword.execute(VerifyTextPresentKeyword.groovy:68)
	at com.kms.katalon.core.keyword.internal.KeywordExecutor.executeKeywordForPlatform(KeywordExecutor.groovy:74)
	at com.kms.katalon.core.webui.keyword.WebUiBuiltInKeywords.verifyTextPresent(WebUiBuiltInKeywords.groovy:1723)
	at com.kms.katalon.core.webui.keyword.WebUiBuiltInKeywords$verifyTextPresent$6.call(Unknown Source)
	at FEINmoreThan9Error-NEW.run(FEINmoreThan9Error-NEW:163)
	at com.kms.katalon.core.main.ScriptEngine.run(ScriptEngine.java:194)
	at com.kms.katalon.core.main.ScriptEngine.runScriptAsRawText(ScriptEngine.java:119)
	at com.kms.katalon.core.main.TestCaseExecutor.runScript(TestCaseExecutor.java:448)
	at com.kms.katalon.core.main.TestCaseExecutor.doExecute(TestCaseExecutor.java:439)
	at com.kms.katalon.core.main.TestCaseExecutor.processExecutionPhase(TestCaseExecutor.java:418)
	at com.kms.katalon.core.main.TestCaseExecutor.accessMainPhase(TestCaseExecutor.java:410)
	at com.kms.katalon.core.main.TestCaseExecutor.execute(TestCaseExecutor.java:285)
	at com.kms.katalon.core.common.CommonExecutor.accessTestCaseMainPhase(CommonExecutor.java:65)
	at com.kms.katalon.core.main.TestSuiteExecutor.accessTestSuiteMainPhase(TestSuiteExecutor.java:148)
	at com.kms.katalon.core.main.TestSuiteExecutor.execute(TestSuiteExecutor.java:106)
	at com.kms.katalon.core.main.TestCaseMain.startTestSuite(TestCaseMain.java:187)
	at com.kms.katalon.core.main.TestCaseMain$startTestSuite$0.call(Unknown Source)
	at TempTestSuite1705202981112.run(TempTestSuite1705202981112.groovy:36)
)

2024-01-13 22:42:07 - [TEST_STEP][PASSED] - else: pages.WriteExcel.demoKey is PASSED

2024-01-13 22:42:07 - [TEST_STEP][PASSED] - println("Error Message is NOT present on the page"): null

2024-01-13 22:42:07 - [TEST_STEP][PASSED] - out.println("Fail Record Number: " + row): null

2024-01-13 22:42:07 - [TEST_STEP][PASSED] - resText = "Fail": null

2024-01-13 22:42:07 - [TEST_STEP][PASSED] - pages.WriteExcel.demoKey(resText, datText, resColumn, datCloumn, fileLoc, nameSheet, row): pages.WriteExcel.demoKey is PASSED

2024-01-13 22:42:07 - [MESSAGE][PASSED] - pages.WriteExcel.demoKey is PASSED

2024-01-13 22:42:07 - [TEST_STEP][PASSED] - ExecuteTC = findTestData(dataFile).getValue("Execute", row): null

2024-01-13 22:42:07 - [TEST_STEP][PASSED] - Taxtype = findTestData(dataFile).getValue("TaxType", row): null

2024-01-13 22:42:07 - [TEST_STEP][PASSED] - Paymenttype = findTestData(dataFile).getValue("PaymentType", row): null

2024-01-13 22:42:07 - [TEST_STEP][PASSED] - out.println("Value of Execute is : " + ExecuteTC): null

2024-01-13 22:42:07 - [TEST_STEP][PASSED] - if (ExecuteTC.equalsIgnoreCase("Y")): null

2024-01-13 22:42:07 - [TEST_STEP][PASSED] - out.println("Begin Record Number: " + row): null

2024-01-13 22:42:07 - [TEST_STEP][PASSED] - today = new java.util.Date(): null

2024-01-13 22:42:07 - [TEST_STEP][PASSED] - println(today): null

2024-01-13 22:42:07 - [TEST_STEP][PASSED] - datText = today: null

2024-01-13 22:42:07 - [TEST_STEP][PASSED] - Taxtype = findTestData(dataFile).getValue("TaxType", row): null

2024-01-13 22:42:07 - [TEST_STEP][PASSED] - out.println("Taxtype value is : " + Taxtype): null

2024-01-13 22:42:07 - [TEST_STEP][PASSED] - openBrowser(""): Browser is opened with url: ''

2024-01-13 22:42:07 - [MESSAGE][WARNING] - A browser is already opened. Closing browser and opening a new one

2024-01-13 22:42:08 - [MESSAGE][INFO] - Starting 'Chrome' driver

2024-01-13 22:42:08 - [MESSAGE][INFO] - User set preference: ['acceptInsecureCerts', 'true']

2024-01-13 22:42:08 - [MESSAGE][INFO] - Action delay is set to 0 milliseconds

2024-01-13 22:42:09 - [MESSAGE][PASSED] - Browser is opened with url: ''

2024-01-13 22:42:09 - [TEST_STEP][PASSED] - maximizeWindow(): Current window maximized

2024-01-13 22:42:09 - [MESSAGE][PASSED] - Current window maximized

2024-01-13 22:42:09 - [TEST_STEP][PASSED] - navigateToUrl(RADurl): Navigate to 'https://qa2.velocitypayment.com/client/rad/index.html' successfully

2024-01-13 22:42:10 - [MESSAGE][PASSED] - Navigate to 'https://qa2.velocitypayment.com/client/rad/index.html' successfully

2024-01-13 22:42:10 - [TEST_STEP][PASSED] - orPath_Landing = "Object Repository/RAD_Pages/Landing_Page": null

2024-01-13 22:42:10 - [TEST_STEP][PASSED] - orPath_TaxTypeFilingYear = "Object Repository/RAD_Pages/TaxTypeFilingYear_Page": null

2024-01-13 22:42:10 - [TEST_STEP][PASSED] - orPath_TaxPayer = "Object Repository/RAD_Pages/Taxpayer_Page": null

2024-01-13 22:42:10 - [TEST_STEP][PASSED] - orPath_AddressContact = "Object Repository/RAD_Pages/AddressAndContactInfo_Page": null

2024-01-13 22:42:10 - [TEST_STEP][PASSED] - orPath_FilingStatus = "Object Repository/RAD_Pages/FilingStatus_Page": null

2024-01-13 22:42:10 - [TEST_STEP][PASSED] - orPath_Amount = "Object Repository/RAD_Pages/PaymentAmount_Page": null

2024-01-13 22:42:10 - [TEST_STEP][PASSED] - orPath_TaxInfo = "Object Repository/RAD_Pages/TaxInfo_Page": null

2024-01-13 22:42:10 - [TEST_STEP][PASSED] - orPath_Withholding = "Object Repository/RAD_Pages/Withholding_Page": null

2024-01-13 22:42:10 - [TEST_STEP][PASSED] - orPath_Summary = "Object Repository/RAD_Pages/Summary_Page": null

2024-01-13 22:42:10 - [TEST_STEP][PASSED] - orPath_PaymentReady = "Object Repository/RAD_Pages/PaymentReady_Page": null

2024-01-13 22:42:10 - [TEST_STEP][PASSED] - orPath_PaymentEntry = "Object Repository/RAD_Pages/PaymentEntry_Page": null

2024-01-13 22:42:10 - [TEST_STEP][PASSED] - orPath_PaymentConfirmation = "Object Repository/RAD_Pages/PaymentConfirmation_Page": null

2024-01-13 22:42:10 - [TEST_STEP][PASSED] - orPath_ServiceFeesAccept = "Object Repository/RAD_Pages/ServiceFeeAccept_Page": null

2024-01-13 22:42:10 - [TEST_STEP][PASSED] - selectOptionByLabel(findTestObject(orPath_Landing + "/dd_TaxType"), Paymenttype, false): All options with label 'New Tax Return Amount Due' are selected in object 'Object Repository/RAD_Pages/Landing_Page/dd_TaxType' 

2024-01-13 22:42:11 - [MESSAGE][PASSED] - All options with label 'New Tax Return Amount Due' are selected in object 'Object Repository/RAD_Pages/Landing_Page/dd_TaxType' 

2024-01-13 22:42:11 - [TEST_STEP][PASSED] - delay(1): Delayed 1 second(s)

2024-01-13 22:42:12 - [MESSAGE][PASSED] - Delayed 1 second(s)

2024-01-13 22:42:12 - [TEST_STEP][PASSED] - switch (Paymenttype): null

2024-01-13 22:42:12 - [TEST_STEP][PASSED] - case "New Tax Return Amount Due":: null

2024-01-13 22:42:12 - [TEST_STEP][PASSED] - selectOptionByLabel(findTestObject("Object Repository/RAD_Pages/Landing_Page/select_NewTaxReturnAmountDue_TaxType"), Taxtype, false): All options with label 'Transportation Network Services' are selected in object 'Object Repository/RAD_Pages/Landing_Page/select_NewTaxReturnAmountDue_TaxType' 

2024-01-13 22:42:13 - [MESSAGE][PASSED] - All options with label 'Transportation Network Services' are selected in object 'Object Repository/RAD_Pages/Landing_Page/select_NewTaxReturnAmountDue_TaxType' 

2024-01-13 22:42:13 - [TEST_STEP][PASSED] - break: null

2024-01-13 22:42:13 - [TEST_STEP][PASSED] - delay(1): Delayed 1 second(s)

2024-01-13 22:42:14 - [MESSAGE][PASSED] - Delayed 1 second(s)

2024-01-13 22:42:14 - [TEST_STEP][PASSED] - switch (Paymenttype): null

2024-01-13 22:42:14 - [TEST_STEP][PASSED] - case "New Tax Return Amount Due":: null

2024-01-13 22:42:14 - [TEST_STEP][PASSED] - setEncryptedText(findTestObject(orPath_TaxInfo + "/input_FederalEIN-2"), "RigbBhfdqOBDK95asqKeHw=="): Text ****** has been set on object 'Object Repository/RAD_Pages/TaxInfo_Page/input_FederalEIN-2'

2024-01-13 22:42:15 - [MESSAGE][PASSED] - Text ****** has been set on object 'Object Repository/RAD_Pages/TaxInfo_Page/input_FederalEIN-2'

2024-01-13 22:42:15 - [TEST_STEP][PASSED] - setEncryptedText(findTestObject(orPath_TaxInfo + "/input_FederalEIN_ReEnter-2"), ""): Text ****** has been set on object 'Object Repository/RAD_Pages/TaxInfo_Page/input_FederalEIN_ReEnter-2'

2024-01-13 22:42:15 - [MESSAGE][PASSED] - Text ****** has been set on object 'Object Repository/RAD_Pages/TaxInfo_Page/input_FederalEIN_ReEnter-2'

2024-01-13 22:42:15 - [TEST_STEP][PASSED] - break: null

2024-01-13 22:42:15 - [TEST_STEP][PASSED] - verifyTextPresent("Please enter a valid FEIN with 9 digits.", true): Text 'Please enter a valid FEIN with 9 digits.' is present on page  using regular expression

2024-01-13 22:42:16 - [MESSAGE][PASSED] - Text 'Please enter a valid FEIN with 9 digits.' is present on page  using regular expression

2024-01-13 22:42:16 - [TEST_STEP][PASSED] - if (verifyTextPresent("Please enter a valid FEIN with 9 digits.", true)): null

2024-01-13 22:42:16 - [MESSAGE][PASSED] - Text 'Please enter a valid FEIN with 9 digits.' is present on page  using regular expression

2024-01-13 22:42:16 - [TEST_STEP][PASSED] - println("Error Message is present on the page"): null

2024-01-13 22:42:16 - [TEST_STEP][PASSED] - out.println("Pass Record Number: " + row): null

2024-01-13 22:42:16 - [TEST_STEP][PASSED] - resText = "Pass": null

2024-01-13 22:42:16 - [TEST_STEP][PASSED] - pages.WriteExcel.demoKey(resText, datText, resColumn, datCloumn, fileLoc, nameSheet, row): pages.WriteExcel.demoKey is PASSED

2024-01-13 22:42:16 - [MESSAGE][PASSED] - pages.WriteExcel.demoKey is PASSED

2024-01-13 22:42:16 - [TEST_STEP][PASSED] - ExecuteTC = findTestData(dataFile).getValue("Execute", row): null

2024-01-13 22:42:16 - [TEST_STEP][PASSED] - Taxtype = findTestData(dataFile).getValue("TaxType", row): null

2024-01-13 22:42:16 - [TEST_STEP][PASSED] - Paymenttype = findTestData(dataFile).getValue("PaymentType", row): null

2024-01-13 22:42:16 - [TEST_STEP][PASSED] - out.println("Value of Execute is : " + ExecuteTC): null

2024-01-13 22:42:16 - [TEST_STEP][PASSED] - if (ExecuteTC.equalsIgnoreCase("Y")): null

2024-01-13 22:42:16 - [TEST_STEP][PASSED] - out.println("Begin Record Number: " + row): null

2024-01-13 22:42:16 - [TEST_STEP][PASSED] - today = new java.util.Date(): null

2024-01-13 22:42:16 - [TEST_STEP][PASSED] - println(today): null

2024-01-13 22:42:16 - [TEST_STEP][PASSED] - datText = today: null

2024-01-13 22:42:16 - [TEST_STEP][PASSED] - Taxtype = findTestData(dataFile).getValue("TaxType", row): null

2024-01-13 22:42:16 - [TEST_STEP][PASSED] - out.println("Taxtype value is : " + Taxtype): null

2024-01-13 22:42:16 - [TEST_STEP][PASSED] - openBrowser(""): Browser is opened with url: ''

2024-01-13 22:42:16 - [MESSAGE][WARNING] - A browser is already opened. Closing browser and opening a new one

2024-01-13 22:42:17 - [MESSAGE][INFO] - Starting 'Chrome' driver

2024-01-13 22:42:17 - [MESSAGE][INFO] - User set preference: ['acceptInsecureCerts', 'true']

2024-01-13 22:42:17 - [MESSAGE][INFO] - Action delay is set to 0 milliseconds

2024-01-13 22:42:19 - [MESSAGE][PASSED] - Browser is opened with url: ''

2024-01-13 22:42:19 - [TEST_STEP][PASSED] - maximizeWindow(): Current window maximized

2024-01-13 22:42:19 - [MESSAGE][PASSED] - Current window maximized

2024-01-13 22:42:19 - [TEST_STEP][PASSED] - navigateToUrl(RADurl): Navigate to 'https://qa2.velocitypayment.com/client/rad/index.html' successfully

2024-01-13 22:42:21 - [MESSAGE][PASSED] - Navigate to 'https://qa2.velocitypayment.com/client/rad/index.html' successfully

2024-01-13 22:42:21 - [TEST_STEP][PASSED] - orPath_Landing = "Object Repository/RAD_Pages/Landing_Page": null

2024-01-13 22:42:21 - [TEST_STEP][PASSED] - orPath_TaxTypeFilingYear = "Object Repository/RAD_Pages/TaxTypeFilingYear_Page": null

2024-01-13 22:42:21 - [TEST_STEP][PASSED] - orPath_TaxPayer = "Object Repository/RAD_Pages/Taxpayer_Page": null

2024-01-13 22:42:21 - [TEST_STEP][PASSED] - orPath_AddressContact = "Object Repository/RAD_Pages/AddressAndContactInfo_Page": null

2024-01-13 22:42:21 - [TEST_STEP][PASSED] - orPath_FilingStatus = "Object Repository/RAD_Pages/FilingStatus_Page": null

2024-01-13 22:42:21 - [TEST_STEP][PASSED] - orPath_Amount = "Object Repository/RAD_Pages/PaymentAmount_Page": null

2024-01-13 22:42:21 - [TEST_STEP][PASSED] - orPath_TaxInfo = "Object Repository/RAD_Pages/TaxInfo_Page": null

2024-01-13 22:42:21 - [TEST_STEP][PASSED] - orPath_Withholding = "Object Repository/RAD_Pages/Withholding_Page": null

2024-01-13 22:42:21 - [TEST_STEP][PASSED] - orPath_Summary = "Object Repository/RAD_Pages/Summary_Page": null

2024-01-13 22:42:21 - [TEST_STEP][PASSED] - orPath_PaymentReady = "Object Repository/RAD_Pages/PaymentReady_Page": null

2024-01-13 22:42:21 - [TEST_STEP][PASSED] - orPath_PaymentEntry = "Object Repository/RAD_Pages/PaymentEntry_Page": null

2024-01-13 22:42:21 - [TEST_STEP][PASSED] - orPath_PaymentConfirmation = "Object Repository/RAD_Pages/PaymentConfirmation_Page": null

2024-01-13 22:42:21 - [TEST_STEP][PASSED] - orPath_ServiceFeesAccept = "Object Repository/RAD_Pages/ServiceFeeAccept_Page": null

2024-01-13 22:42:21 - [TEST_STEP][PASSED] - selectOptionByLabel(findTestObject(orPath_Landing + "/dd_TaxType"), Paymenttype, false): All options with label 'New Tax Return Amount Due' are selected in object 'Object Repository/RAD_Pages/Landing_Page/dd_TaxType' 

2024-01-13 22:42:21 - [MESSAGE][PASSED] - All options with label 'New Tax Return Amount Due' are selected in object 'Object Repository/RAD_Pages/Landing_Page/dd_TaxType' 

2024-01-13 22:42:21 - [TEST_STEP][PASSED] - delay(1): Delayed 1 second(s)

2024-01-13 22:42:22 - [MESSAGE][PASSED] - Delayed 1 second(s)

2024-01-13 22:42:22 - [TEST_STEP][PASSED] - switch (Paymenttype): null

2024-01-13 22:42:22 - [TEST_STEP][PASSED] - case "New Tax Return Amount Due":: null

2024-01-13 22:42:22 - [TEST_STEP][PASSED] - selectOptionByLabel(findTestObject("Object Repository/RAD_Pages/Landing_Page/select_NewTaxReturnAmountDue_TaxType"), Taxtype, false): All options with label 'Unclaimed Property' are selected in object 'Object Repository/RAD_Pages/Landing_Page/select_NewTaxReturnAmountDue_TaxType' 

2024-01-13 22:42:23 - [MESSAGE][PASSED] - All options with label 'Unclaimed Property' are selected in object 'Object Repository/RAD_Pages/Landing_Page/select_NewTaxReturnAmountDue_TaxType' 

2024-01-13 22:42:23 - [TEST_STEP][PASSED] - break: null

2024-01-13 22:42:23 - [TEST_STEP][PASSED] - delay(1): Delayed 1 second(s)

2024-01-13 22:42:24 - [MESSAGE][PASSED] - Delayed 1 second(s)

2024-01-13 22:42:24 - [TEST_STEP][PASSED] - switch (Paymenttype): null

2024-01-13 22:42:24 - [TEST_STEP][PASSED] - case "New Tax Return Amount Due":: null

2024-01-13 22:42:24 - [TEST_STEP][PASSED] - setEncryptedText(findTestObject(orPath_TaxInfo + "/input_FederalEIN-2"), "RigbBhfdqOBDK95asqKeHw=="): Text ****** has been set on object 'Object Repository/RAD_Pages/TaxInfo_Page/input_FederalEIN-2'

2024-01-13 22:42:24 - [MESSAGE][PASSED] - Text ****** has been set on object 'Object Repository/RAD_Pages/TaxInfo_Page/input_FederalEIN-2'

2024-01-13 22:42:24 - [TEST_STEP][PASSED] - setEncryptedText(findTestObject(orPath_TaxInfo + "/input_FederalEIN_ReEnter-2"), ""): Text ****** has been set on object 'Object Repository/RAD_Pages/TaxInfo_Page/input_FederalEIN_ReEnter-2'

2024-01-13 22:42:25 - [MESSAGE][PASSED] - Text ****** has been set on object 'Object Repository/RAD_Pages/TaxInfo_Page/input_FederalEIN_ReEnter-2'

2024-01-13 22:42:25 - [TEST_STEP][PASSED] - break: null

2024-01-13 22:42:25 - [TEST_STEP][PASSED] - verifyTextPresent("Please enter a valid FEIN with 9 digits.", true): Text 'Please enter a valid FEIN with 9 digits.' is present on page  using regular expression

2024-01-13 22:42:26 - [MESSAGE][PASSED] - Text 'Please enter a valid FEIN with 9 digits.' is present on page  using regular expression

2024-01-13 22:42:26 - [TEST_STEP][PASSED] - if (verifyTextPresent("Please enter a valid FEIN with 9 digits.", true)): null

2024-01-13 22:42:26 - [MESSAGE][PASSED] - Text 'Please enter a valid FEIN with 9 digits.' is present on page  using regular expression

2024-01-13 22:42:26 - [TEST_STEP][PASSED] - println("Error Message is present on the page"): null

2024-01-13 22:42:26 - [TEST_STEP][PASSED] - out.println("Pass Record Number: " + row): null

2024-01-13 22:42:26 - [TEST_STEP][PASSED] - resText = "Pass": null

2024-01-13 22:42:26 - [TEST_STEP][PASSED] - pages.WriteExcel.demoKey(resText, datText, resColumn, datCloumn, fileLoc, nameSheet, row): pages.WriteExcel.demoKey is PASSED

2024-01-13 22:42:26 - [MESSAGE][PASSED] - pages.WriteExcel.demoKey is PASSED

2024-01-13 22:42:26 - [TEST_STEP][PASSED] - ExecuteTC = findTestData(dataFile).getValue("Execute", row): null

2024-01-13 22:42:26 - [TEST_STEP][PASSED] - Taxtype = findTestData(dataFile).getValue("TaxType", row): null

2024-01-13 22:42:26 - [TEST_STEP][PASSED] - Paymenttype = findTestData(dataFile).getValue("PaymentType", row): null

2024-01-13 22:42:26 - [TEST_STEP][PASSED] - out.println("Value of Execute is : " + ExecuteTC): null

2024-01-13 22:42:26 - [TEST_STEP][PASSED] - if (ExecuteTC.equalsIgnoreCase("Y")): null

2024-01-13 22:42:26 - [TEST_STEP][PASSED] - out.println("Begin Record Number: " + row): null

2024-01-13 22:42:26 - [TEST_STEP][PASSED] - today = new java.util.Date(): null

2024-01-13 22:42:26 - [TEST_STEP][PASSED] - println(today): null

2024-01-13 22:42:26 - [TEST_STEP][PASSED] - datText = today: null

2024-01-13 22:42:26 - [TEST_STEP][PASSED] - Taxtype = findTestData(dataFile).getValue("TaxType", row): null

2024-01-13 22:42:26 - [TEST_STEP][PASSED] - out.println("Taxtype value is : " + Taxtype): null

2024-01-13 22:42:26 - [TEST_STEP][PASSED] - openBrowser(""): Browser is opened with url: ''

2024-01-13 22:42:26 - [MESSAGE][WARNING] - A browser is already opened. Closing browser and opening a new one

2024-01-13 22:42:27 - [MESSAGE][INFO] - Starting 'Chrome' driver

2024-01-13 22:42:27 - [MESSAGE][INFO] - User set preference: ['acceptInsecureCerts', 'true']

2024-01-13 22:42:27 - [MESSAGE][INFO] - Action delay is set to 0 milliseconds

2024-01-13 22:42:29 - [MESSAGE][PASSED] - Browser is opened with url: ''

2024-01-13 22:42:29 - [TEST_STEP][PASSED] - maximizeWindow(): Current window maximized

2024-01-13 22:42:29 - [MESSAGE][PASSED] - Current window maximized

2024-01-13 22:42:29 - [TEST_STEP][PASSED] - navigateToUrl(RADurl): Navigate to 'https://qa2.velocitypayment.com/client/rad/index.html' successfully

2024-01-13 22:42:30 - [MESSAGE][PASSED] - Navigate to 'https://qa2.velocitypayment.com/client/rad/index.html' successfully

2024-01-13 22:42:30 - [TEST_STEP][PASSED] - orPath_Landing = "Object Repository/RAD_Pages/Landing_Page": null

2024-01-13 22:42:30 - [TEST_STEP][PASSED] - orPath_TaxTypeFilingYear = "Object Repository/RAD_Pages/TaxTypeFilingYear_Page": null

2024-01-13 22:42:30 - [TEST_STEP][PASSED] - orPath_TaxPayer = "Object Repository/RAD_Pages/Taxpayer_Page": null

2024-01-13 22:42:30 - [TEST_STEP][PASSED] - orPath_AddressContact = "Object Repository/RAD_Pages/AddressAndContactInfo_Page": null

2024-01-13 22:42:30 - [TEST_STEP][PASSED] - orPath_FilingStatus = "Object Repository/RAD_Pages/FilingStatus_Page": null

2024-01-13 22:42:30 - [TEST_STEP][PASSED] - orPath_Amount = "Object Repository/RAD_Pages/PaymentAmount_Page": null

2024-01-13 22:42:30 - [TEST_STEP][PASSED] - orPath_TaxInfo = "Object Repository/RAD_Pages/TaxInfo_Page": null

2024-01-13 22:42:30 - [TEST_STEP][PASSED] - orPath_Withholding = "Object Repository/RAD_Pages/Withholding_Page": null

2024-01-13 22:42:30 - [TEST_STEP][PASSED] - orPath_Summary = "Object Repository/RAD_Pages/Summary_Page": null

2024-01-13 22:42:30 - [TEST_STEP][PASSED] - orPath_PaymentReady = "Object Repository/RAD_Pages/PaymentReady_Page": null

2024-01-13 22:42:30 - [TEST_STEP][PASSED] - orPath_PaymentEntry = "Object Repository/RAD_Pages/PaymentEntry_Page": null

2024-01-13 22:42:30 - [TEST_STEP][PASSED] - orPath_PaymentConfirmation = "Object Repository/RAD_Pages/PaymentConfirmation_Page": null

2024-01-13 22:42:30 - [TEST_STEP][PASSED] - orPath_ServiceFeesAccept = "Object Repository/RAD_Pages/ServiceFeeAccept_Page": null

2024-01-13 22:42:30 - [TEST_STEP][PASSED] - selectOptionByLabel(findTestObject(orPath_Landing + "/dd_TaxType"), Paymenttype, false): All options with label 'New Tax Return Amount Due' are selected in object 'Object Repository/RAD_Pages/Landing_Page/dd_TaxType' 

2024-01-13 22:42:31 - [MESSAGE][PASSED] - All options with label 'New Tax Return Amount Due' are selected in object 'Object Repository/RAD_Pages/Landing_Page/dd_TaxType' 

2024-01-13 22:42:31 - [TEST_STEP][PASSED] - delay(1): Delayed 1 second(s)

2024-01-13 22:42:32 - [MESSAGE][PASSED] - Delayed 1 second(s)

2024-01-13 22:42:32 - [TEST_STEP][PASSED] - switch (Paymenttype): null

2024-01-13 22:42:32 - [TEST_STEP][PASSED] - case "New Tax Return Amount Due":: null

2024-01-13 22:42:32 - [TEST_STEP][PASSED] - selectOptionByLabel(findTestObject("Object Repository/RAD_Pages/Landing_Page/select_NewTaxReturnAmountDue_TaxType"), Taxtype, false): All options with label 'Withholding Tax' are selected in object 'Object Repository/RAD_Pages/Landing_Page/select_NewTaxReturnAmountDue_TaxType' 

2024-01-13 22:42:33 - [MESSAGE][PASSED] - All options with label 'Withholding Tax' are selected in object 'Object Repository/RAD_Pages/Landing_Page/select_NewTaxReturnAmountDue_TaxType' 

2024-01-13 22:42:33 - [TEST_STEP][PASSED] - break: null

2024-01-13 22:42:33 - [TEST_STEP][PASSED] - delay(1): Delayed 1 second(s)

2024-01-13 22:42:34 - [MESSAGE][PASSED] - Delayed 1 second(s)

2024-01-13 22:42:34 - [TEST_STEP][PASSED] - switch (Paymenttype): null

2024-01-13 22:42:34 - [TEST_STEP][PASSED] - case "New Tax Return Amount Due":: null

2024-01-13 22:42:34 - [TEST_STEP][PASSED] - setEncryptedText(findTestObject(orPath_TaxInfo + "/input_FederalEIN-2"), "RigbBhfdqOBDK95asqKeHw=="): Text ****** has been set on object 'Object Repository/RAD_Pages/TaxInfo_Page/input_FederalEIN-2'

2024-01-13 22:42:34 - [MESSAGE][PASSED] - Text ****** has been set on object 'Object Repository/RAD_Pages/TaxInfo_Page/input_FederalEIN-2'

2024-01-13 22:42:34 - [TEST_STEP][PASSED] - setEncryptedText(findTestObject(orPath_TaxInfo + "/input_FederalEIN_ReEnter-2"), ""): Text ****** has been set on object 'Object Repository/RAD_Pages/TaxInfo_Page/input_FederalEIN_ReEnter-2'

2024-01-13 22:42:35 - [MESSAGE][PASSED] - Text ****** has been set on object 'Object Repository/RAD_Pages/TaxInfo_Page/input_FederalEIN_ReEnter-2'

2024-01-13 22:42:35 - [TEST_STEP][PASSED] - break: null

2024-01-13 22:42:35 - [TEST_STEP][PASSED] - verifyTextPresent("Please enter a valid FEIN with 9 digits.", true): Text 'Please enter a valid FEIN with 9 digits.' is present on page  using regular expression

2024-01-13 22:42:35 - [MESSAGE][PASSED] - Text 'Please enter a valid FEIN with 9 digits.' is present on page  using regular expression

2024-01-13 22:42:35 - [TEST_STEP][PASSED] - if (verifyTextPresent("Please enter a valid FEIN with 9 digits.", true)): null

2024-01-13 22:42:36 - [MESSAGE][PASSED] - Text 'Please enter a valid FEIN with 9 digits.' is present on page  using regular expression

2024-01-13 22:42:36 - [TEST_STEP][PASSED] - println("Error Message is present on the page"): null

2024-01-13 22:42:36 - [TEST_STEP][PASSED] - out.println("Pass Record Number: " + row): null

2024-01-13 22:42:36 - [TEST_STEP][PASSED] - resText = "Pass": null

2024-01-13 22:42:36 - [TEST_STEP][PASSED] - pages.WriteExcel.demoKey(resText, datText, resColumn, datCloumn, fileLoc, nameSheet, row): pages.WriteExcel.demoKey is PASSED

2024-01-13 22:42:36 - [MESSAGE][PASSED] - pages.WriteExcel.demoKey is PASSED]]></system-out>
         <system-err><![CDATA[2024-01-13 22:37:33 - [TEST_CASE][FAILED] - Test Cases/RAD_TestCases/Negative_TestCases/FEINmoreThan9Error-NEW: Test Cases/RAD_TestCases/Negative_TestCases/FEINmoreThan9Error-NEW FAILED.
Reason:
com.kms.katalon.core.exception.StepFailedException: Unable to set encrypted text for object 'Object Repository/RAD_RecordAndPlay/input_Existing_FEIN' (Root cause: com.kms.katalon.core.exception.StepFailedException: Unable to set encrypted text for object 'Object Repository/RAD_RecordAndPlay/input_Existing_FEIN'
	at com.kms.katalon.core.webui.keyword.internal.WebUIKeywordMain.stepFailed(WebUIKeywordMain.groovy:64)
	at com.kms.katalon.core.webui.keyword.internal.WebUIKeywordMain.runKeyword(WebUIKeywordMain.groovy:26)
	at com.kms.katalon.core.webui.keyword.builtin.SetEncryptedTextKeyword.setEncryptedText(SetEncryptedTextKeyword.groovy:65)
	at com.kms.katalon.core.webui.keyword.builtin.SetEncryptedTextKeyword.execute(SetEncryptedTextKeyword.groovy:34)
	at com.kms.katalon.core.keyword.internal.KeywordExecutor.executeKeywordForPlatform(KeywordExecutor.groovy:74)
	at com.kms.katalon.core.webui.keyword.WebUiBuiltInKeywords.setEncryptedText(WebUiBuiltInKeywords.groovy:1011)
	at com.kms.katalon.core.webui.keyword.WebUiBuiltInKeywords$setEncryptedText$4.call(Unknown Source)
	at FEINmoreThan9Error-NEW.run(FEINmoreThan9Error-NEW:128)
	at com.kms.katalon.core.main.ScriptEngine.run(ScriptEngine.java:194)
	at com.kms.katalon.core.main.ScriptEngine.runScriptAsRawText(ScriptEngine.java:119)
	at com.kms.katalon.core.main.TestCaseExecutor.runScript(TestCaseExecutor.java:448)
	at com.kms.katalon.core.main.TestCaseExecutor.doExecute(TestCaseExecutor.java:439)
	at com.kms.katalon.core.main.TestCaseExecutor.processExecutionPhase(TestCaseExecutor.java:418)
	at com.kms.katalon.core.main.TestCaseExecutor.accessMainPhase(TestCaseExecutor.java:410)
	at com.kms.katalon.core.main.TestCaseExecutor.execute(TestCaseExecutor.java:285)
	at com.kms.katalon.core.common.CommonExecutor.accessTestCaseMainPhase(CommonExecutor.java:65)
	at com.kms.katalon.core.main.TestSuiteExecutor.accessTestSuiteMainPhase(TestSuiteExecutor.java:148)
	at com.kms.katalon.core.main.TestSuiteExecutor.execute(TestSuiteExecutor.java:106)
	at com.kms.katalon.core.main.TestCaseMain.startTestSuite(TestCaseMain.java:187)
	at com.kms.katalon.core.main.TestCaseMain$startTestSuite$0.call(Unknown Source)
	at TempTestSuite1705202981112.run(TempTestSuite1705202981112.groovy:36)
Caused by: org.openqa.selenium.ElementNotInteractableException: element not interactable
  (Session info: chrome=120.0.6099.200)
Build info: version: '3.141.59', revision: 'e82be7d358', time: '2018-11-14T08:25:53'
System info: host: 'DESKTOP-B2QI6NS', ip: '172.31.253.139', os.name: 'Windows 10', os.arch: 'amd64', os.version: '10.0', java.version: '1.8.0_181'
Driver info: com.kms.katalon.selenium.driver.CChromeDriver
Capabilities {acceptInsecureCerts: true, browserName: chrome, browserVersion: 120.0.6099.200, chrome: {chromedriverVersion: 119.0.6045.105 (38c72552c5e..., userDataDir: C:\Users\imtiaz\AppData\Loc...}, fedcm:accounts: true, goog:chromeOptions: {debuggerAddress: localhost:58976}, javascriptEnabled: true, networkConnectionEnabled: false, pageLoadStrategy: normal, platform: WINDOWS, platformName: WINDOWS, proxy: Proxy(), setWindowRect: true, strictFileInteractability: false, timeouts: {implicit: 0, pageLoad: 300000, script: 30000}, unhandledPromptBehavior: dismiss and notify, webauthn:extension:credBlob: true, webauthn:extension:largeBlob: true, webauthn:extension:minPinLength: true, webauthn:extension:prf: true, webauthn:virtualAuthenticators: true}
Session ID: 35588857da4ddb32d934b2fc0fc565c0
	at org.openqa.selenium.remote.http.W3CHttpResponseCodec.createException(W3CHttpResponseCodec.java:187)
	at org.openqa.selenium.remote.http.W3CHttpResponseCodec.decode(W3CHttpResponseCodec.java:122)
	at org.openqa.selenium.remote.http.W3CHttpResponseCodec.decode(W3CHttpResponseCodec.java:49)
	at org.openqa.selenium.remote.HttpCommandExecutor.execute(HttpCommandExecutor.java:158)
	at org.openqa.selenium.remote.service.DriverCommandExecutor.execute(DriverCommandExecutor.java:83)
	at org.openqa.selenium.remote.RemoteWebDriver.execute(RemoteWebDriver.java:552)
	at com.kms.katalon.selenium.driver.CChromeDriver.execute(CChromeDriver.java:19)
	at org.openqa.selenium.remote.RemoteWebElement.execute(RemoteWebElement.java:285)
	at org.openqa.selenium.remote.RemoteWebElement.clear(RemoteWebElement.java:124)
	at org.openqa.selenium.support.events.EventFiringWebDriver$EventFiringWebElement.lambda$new$0(EventFiringWebDriver.java:404)
	at com.sun.proxy.$Proxy11.clear(Unknown Source)
	at org.openqa.selenium.support.events.EventFiringWebDriver$EventFiringWebElement.clear(EventFiringWebDriver.java:436)
	at com.kms.katalon.core.webui.keyword.builtin.SetEncryptedTextKeyword$_setEncryptedText_closure1.doCall(SetEncryptedTextKeyword.groovy:54)
	at com.kms.katalon.core.webui.keyword.builtin.SetEncryptedTextKeyword$_setEncryptedText_closure1.call(SetEncryptedTextKeyword.groovy)
	at com.kms.katalon.core.webui.keyword.internal.WebUIKeywordMain.runKeyword(WebUIKeywordMain.groovy:20)
	at com.kms.katalon.core.webui.keyword.builtin.SetEncryptedTextKeyword.setEncryptedText(SetEncryptedTextKeyword.groovy:65)
	at com.kms.katalon.core.webui.keyword.builtin.SetEncryptedTextKeyword.execute(SetEncryptedTextKeyword.groovy:34)
	at com.kms.katalon.core.keyword.internal.KeywordExecutor.executeKeywordForPlatform(KeywordExecutor.groovy:74)
	at com.kms.katalon.core.webui.keyword.WebUiBuiltInKeywords.setEncryptedText(WebUiBuiltInKeywords.groovy:1011)
	at com.kms.katalon.core.webui.keyword.WebUiBuiltInKeywords$setEncryptedText$4.call(Unknown Source)
	at Script1693447938304.run(Script1693447938304.groovy:128)
	... 13 more
)
	at com.kms.katalon.core.keyword.internal.KeywordMain.stepFailed(KeywordMain.groovy:39)
	at com.kms.katalon.core.webui.keyword.internal.WebUIKeywordMain.stepFailed(WebUIKeywordMain.groovy:64)
	at com.kms.katalon.core.webui.keyword.internal.WebUIKeywordMain.runKeyword(WebUIKeywordMain.groovy:26)
	at com.kms.katalon.core.webui.keyword.builtin.SetEncryptedTextKeyword.setEncryptedText(SetEncryptedTextKeyword.groovy:65)
	at com.kms.katalon.core.webui.keyword.builtin.SetEncryptedTextKeyword.execute(SetEncryptedTextKeyword.groovy:34)
	at com.kms.katalon.core.keyword.internal.KeywordExecutor.executeKeywordForPlatform(KeywordExecutor.groovy:74)
	at com.kms.katalon.core.webui.keyword.WebUiBuiltInKeywords.setEncryptedText(WebUiBuiltInKeywords.groovy:1011)
	at com.kms.katalon.core.webui.keyword.WebUiBuiltInKeywords$setEncryptedText$4.call(Unknown Source)
	at FEINmoreThan9Error-NEW.run(FEINmoreThan9Error-NEW:128)
	at com.kms.katalon.core.main.ScriptEngine.run(ScriptEngine.java:194)
	at com.kms.katalon.core.main.ScriptEngine.runScriptAsRawText(ScriptEngine.java:119)
	at com.kms.katalon.core.main.TestCaseExecutor.runScript(TestCaseExecutor.java:448)
	at com.kms.katalon.core.main.TestCaseExecutor.doExecute(TestCaseExecutor.java:439)
	at com.kms.katalon.core.main.TestCaseExecutor.processExecutionPhase(TestCaseExecutor.java:418)
	at com.kms.katalon.core.main.TestCaseExecutor.accessMainPhase(TestCaseExecutor.java:410)
	at com.kms.katalon.core.main.TestCaseExecutor.execute(TestCaseExecutor.java:285)
	at com.kms.katalon.core.common.CommonExecutor.accessTestCaseMainPhase(CommonExecutor.java:65)
	at com.kms.katalon.core.main.TestSuiteExecutor.accessTestSuiteMainPhase(TestSuiteExecutor.java:148)
	at com.kms.katalon.core.main.TestSuiteExecutor.execute(TestSuiteExecutor.java:106)
	at com.kms.katalon.core.main.TestCaseMain.startTestSuite(TestCaseMain.java:187)
	at com.kms.katalon.core.main.TestCaseMain$startTestSuite$0.call(Unknown Source)
	at TempTestSuite1705202981112.run(TempTestSuite1705202981112.groovy:36)
Caused by: com.kms.katalon.core.exception.StepFailedException: Unable to set encrypted text for object 'Object Repository/RAD_RecordAndPlay/input_Existing_FEIN'
	... 21 more
Caused by: org.openqa.selenium.ElementNotInteractableException: element not interactable
  (Session info: chrome=120.0.6099.200)
Build info: version: '3.141.59', revision: 'e82be7d358', time: '2018-11-14T08:25:53'
System info: host: 'DESKTOP-B2QI6NS', ip: '172.31.253.139', os.name: 'Windows 10', os.arch: 'amd64', os.version: '10.0', java.version: '1.8.0_181'
Driver info: com.kms.katalon.selenium.driver.CChromeDriver
Capabilities {acceptInsecureCerts: true, browserName: chrome, browserVersion: 120.0.6099.200, chrome: {chromedriverVersion: 119.0.6045.105 (38c72552c5e..., userDataDir: C:\Users\imtiaz\AppData\Loc...}, fedcm:accounts: true, goog:chromeOptions: {debuggerAddress: localhost:58976}, javascriptEnabled: true, networkConnectionEnabled: false, pageLoadStrategy: normal, platform: WINDOWS, platformName: WINDOWS, proxy: Proxy(), setWindowRect: true, strictFileInteractability: false, timeouts: {implicit: 0, pageLoad: 300000, script: 30000}, unhandledPromptBehavior: dismiss and notify, webauthn:extension:credBlob: true, webauthn:extension:largeBlob: true, webauthn:extension:minPinLength: true, webauthn:extension:prf: true, webauthn:virtualAuthenticators: true}
Session ID: 35588857da4ddb32d934b2fc0fc565c0
	at org.openqa.selenium.remote.http.W3CHttpResponseCodec.createException(W3CHttpResponseCodec.java:187)
	at org.openqa.selenium.remote.http.W3CHttpResponseCodec.decode(W3CHttpResponseCodec.java:122)
	at org.openqa.selenium.remote.http.W3CHttpResponseCodec.decode(W3CHttpResponseCodec.java:49)
	at org.openqa.selenium.remote.HttpCommandExecutor.execute(HttpCommandExecutor.java:158)
	at org.openqa.selenium.remote.service.DriverCommandExecutor.execute(DriverCommandExecutor.java:83)
	at org.openqa.selenium.remote.RemoteWebDriver.execute(RemoteWebDriver.java:552)
	at com.kms.katalon.selenium.driver.CChromeDriver.execute(CChromeDriver.java:19)
	at org.openqa.selenium.remote.RemoteWebElement.execute(RemoteWebElement.java:285)
	at org.openqa.selenium.remote.RemoteWebElement.clear(RemoteWebElement.java:124)
	at org.openqa.selenium.support.events.EventFiringWebDriver$EventFiringWebElement.lambda$new$0(EventFiringWebDriver.java:404)
	at com.sun.proxy.$Proxy11.clear(Unknown Source)
	at org.openqa.selenium.support.events.EventFiringWebDriver$EventFiringWebElement.clear(EventFiringWebDriver.java:436)
	at com.kms.katalon.core.webui.keyword.builtin.SetEncryptedTextKeyword$_setEncryptedText_closure1.doCall(SetEncryptedTextKeyword.groovy:54)
	at com.kms.katalon.core.webui.keyword.builtin.SetEncryptedTextKeyword$_setEncryptedText_closure1.call(SetEncryptedTextKeyword.groovy)
	at com.kms.katalon.core.webui.keyword.internal.WebUIKeywordMain.runKeyword(WebUIKeywordMain.groovy:20)
	... 19 more]]></system-err>
      </testcase>
      <testcase name="Test Cases/RAD_TestCases/Negative_TestCases/FEINandFEINSSNlessThan9Error" time="407.197" classname="Test Cases/RAD_TestCases/Negative_TestCases/FEINandFEINSSNlessThan9Error" status="FAILED">
         <failure type="FAILED" message="Test Cases/RAD_TestCases/Negative_TestCases/FEINandFEINSSNlessThan9Error FAILED.
Reason:
com.kms.katalon.core.exception.StepFailedException: Unable to set encrypted text for object 'Object Repository/RAD_RecordAndPlay/input_Existing_FEIN' (Root cause: com.kms.katalon.core.exception.StepFailedException: Unable to set encrypted text for object 'Object Repository/RAD_RecordAndPlay/input_Existing_FEIN'
	at com.kms.katalon.core.webui.keyword.internal.WebUIKeywordMain.stepFailed(WebUIKeywordMain.groovy:64)
	at com.kms.katalon.core.webui.keyword.internal.WebUIKeywordMain.runKeyword(WebUIKeywordMain.groovy:26)
	at com.kms.katalon.core.webui.keyword.builtin.SetEncryptedTextKeyword.setEncryptedText(SetEncryptedTextKeyword.groovy:65)
	at com.kms.katalon.core.webui.keyword.builtin.SetEncryptedTextKeyword.execute(SetEncryptedTextKeyword.groovy:34)
	at com.kms.katalon.core.keyword.internal.KeywordExecutor.executeKeywordForPlatform(KeywordExecutor.groovy:74)
	at com.kms.katalon.core.webui.keyword.WebUiBuiltInKeywords.setEncryptedText(WebUiBuiltInKeywords.groovy:1011)
	at com.kms.katalon.core.webui.keyword.WebUiBuiltInKeywords$setEncryptedText$4.call(Unknown Source)
	at FEINandFEINSSNlessThan9Error.run(FEINandFEINSSNlessThan9Error:139)
	at com.kms.katalon.core.main.ScriptEngine.run(ScriptEngine.java:194)
	at com.kms.katalon.core.main.ScriptEngine.runScriptAsRawText(ScriptEngine.java:119)
	at com.kms.katalon.core.main.TestCaseExecutor.runScript(TestCaseExecutor.java:448)
	at com.kms.katalon.core.main.TestCaseExecutor.doExecute(TestCaseExecutor.java:439)
	at com.kms.katalon.core.main.TestCaseExecutor.processExecutionPhase(TestCaseExecutor.java:418)
	at com.kms.katalon.core.main.TestCaseExecutor.accessMainPhase(TestCaseExecutor.java:410)
	at com.kms.katalon.core.main.TestCaseExecutor.execute(TestCaseExecutor.java:285)
	at com.kms.katalon.core.common.CommonExecutor.accessTestCaseMainPhase(CommonExecutor.java:65)
	at com.kms.katalon.core.main.TestSuiteExecutor.accessTestSuiteMainPhase(TestSuiteExecutor.java:148)
	at com.kms.katalon.core.main.TestSuiteExecutor.execute(TestSuiteExecutor.java:106)
	at com.kms.katalon.core.main.TestCaseMain.startTestSuite(TestCaseMain.java:187)
	at com.kms.katalon.core.main.TestCaseMain$startTestSuite$0.call(Unknown Source)
	at TempTestSuite1705202981112.run(TempTestSuite1705202981112.groovy:36)
Caused by: org.openqa.selenium.ElementNotInteractableException: element not interactable
  (Session info: chrome=120.0.6099.200)
Build info: version: '3.141.59', revision: 'e82be7d358', time: '2018-11-14T08:25:53'
System info: host: 'DESKTOP-B2QI6NS', ip: '172.31.253.139', os.name: 'Windows 10', os.arch: 'amd64', os.version: '10.0', java.version: '1.8.0_181'
Driver info: com.kms.katalon.selenium.driver.CChromeDriver
Capabilities {acceptInsecureCerts: true, browserName: chrome, browserVersion: 120.0.6099.200, chrome: {chromedriverVersion: 119.0.6045.105 (38c72552c5e..., userDataDir: C:\Users\imtiaz\AppData\Loc...}, fedcm:accounts: true, goog:chromeOptions: {debuggerAddress: localhost:62461}, javascriptEnabled: true, networkConnectionEnabled: false, pageLoadStrategy: normal, platform: WINDOWS, platformName: WINDOWS, proxy: Proxy(), setWindowRect: true, strictFileInteractability: false, timeouts: {implicit: 0, pageLoad: 300000, script: 30000}, unhandledPromptBehavior: dismiss and notify, webauthn:extension:credBlob: true, webauthn:extension:largeBlob: true, webauthn:extension:minPinLength: true, webauthn:extension:prf: true, webauthn:virtualAuthenticators: true}
Session ID: 1449da98c6d4c113bb9082065860b96a
	at org.openqa.selenium.remote.http.W3CHttpResponseCodec.createException(W3CHttpResponseCodec.java:187)
	at org.openqa.selenium.remote.http.W3CHttpResponseCodec.decode(W3CHttpResponseCodec.java:122)
	at org.openqa.selenium.remote.http.W3CHttpResponseCodec.decode(W3CHttpResponseCodec.java:49)
	at org.openqa.selenium.remote.HttpCommandExecutor.execute(HttpCommandExecutor.java:158)
	at org.openqa.selenium.remote.service.DriverCommandExecutor.execute(DriverCommandExecutor.java:83)
	at org.openqa.selenium.remote.RemoteWebDriver.execute(RemoteWebDriver.java:552)
	at com.kms.katalon.selenium.driver.CChromeDriver.execute(CChromeDriver.java:19)
	at org.openqa.selenium.remote.RemoteWebElement.execute(RemoteWebElement.java:285)
	at org.openqa.selenium.remote.RemoteWebElement.clear(RemoteWebElement.java:124)
	at org.openqa.selenium.support.events.EventFiringWebDriver$EventFiringWebElement.lambda$new$0(EventFiringWebDriver.java:404)
	at com.sun.proxy.$Proxy11.clear(Unknown Source)
	at org.openqa.selenium.support.events.EventFiringWebDriver$EventFiringWebElement.clear(EventFiringWebDriver.java:436)
	at com.kms.katalon.core.webui.keyword.builtin.SetEncryptedTextKeyword$_setEncryptedText_closure1.doCall(SetEncryptedTextKeyword.groovy:54)
	at com.kms.katalon.core.webui.keyword.builtin.SetEncryptedTextKeyword$_setEncryptedText_closure1.call(SetEncryptedTextKeyword.groovy)
	at com.kms.katalon.core.webui.keyword.internal.WebUIKeywordMain.runKeyword(WebUIKeywordMain.groovy:20)
	at com.kms.katalon.core.webui.keyword.builtin.SetEncryptedTextKeyword.setEncryptedText(SetEncryptedTextKeyword.groovy:65)
	at com.kms.katalon.core.webui.keyword.builtin.SetEncryptedTextKeyword.execute(SetEncryptedTextKeyword.groovy:34)
	at com.kms.katalon.core.keyword.internal.KeywordExecutor.executeKeywordForPlatform(KeywordExecutor.groovy:74)
	at com.kms.katalon.core.webui.keyword.WebUiBuiltInKeywords.setEncryptedText(WebUiBuiltInKeywords.groovy:1011)
	at com.kms.katalon.core.webui.keyword.WebUiBuiltInKeywords$setEncryptedText$4.call(Unknown Source)
	at Script1696014034709.run(Script1696014034709.groovy:139)
	... 13 more
)
	at com.kms.katalon.core.keyword.internal.KeywordMain.stepFailed(KeywordMain.groovy:39)
	at com.kms.katalon.core.webui.keyword.internal.WebUIKeywordMain.stepFailed(WebUIKeywordMain.groovy:64)
	at com.kms.katalon.core.webui.keyword.internal.WebUIKeywordMain.runKeyword(WebUIKeywordMain.groovy:26)
	at com.kms.katalon.core.webui.keyword.builtin.SetEncryptedTextKeyword.setEncryptedText(SetEncryptedTextKeyword.groovy:65)
	at com.kms.katalon.core.webui.keyword.builtin.SetEncryptedTextKeyword.execute(SetEncryptedTextKeyword.groovy:34)
	at com.kms.katalon.core.keyword.internal.KeywordExecutor.executeKeywordForPlatform(KeywordExecutor.groovy:74)
	at com.kms.katalon.core.webui.keyword.WebUiBuiltInKeywords.setEncryptedText(WebUiBuiltInKeywords.groovy:1011)
	at com.kms.katalon.core.webui.keyword.WebUiBuiltInKeywords$setEncryptedText$4.call(Unknown Source)
	at FEINandFEINSSNlessThan9Error.run(FEINandFEINSSNlessThan9Error:139)
	at com.kms.katalon.core.main.ScriptEngine.run(ScriptEngine.java:194)
	at com.kms.katalon.core.main.ScriptEngine.runScriptAsRawText(ScriptEngine.java:119)
	at com.kms.katalon.core.main.TestCaseExecutor.runScript(TestCaseExecutor.java:448)
	at com.kms.katalon.core.main.TestCaseExecutor.doExecute(TestCaseExecutor.java:439)
	at com.kms.katalon.core.main.TestCaseExecutor.processExecutionPhase(TestCaseExecutor.java:418)
	at com.kms.katalon.core.main.TestCaseExecutor.accessMainPhase(TestCaseExecutor.java:410)
	at com.kms.katalon.core.main.TestCaseExecutor.execute(TestCaseExecutor.java:285)
	at com.kms.katalon.core.common.CommonExecutor.accessTestCaseMainPhase(CommonExecutor.java:65)
	at com.kms.katalon.core.main.TestSuiteExecutor.accessTestSuiteMainPhase(TestSuiteExecutor.java:148)
	at com.kms.katalon.core.main.TestSuiteExecutor.execute(TestSuiteExecutor.java:106)
	at com.kms.katalon.core.main.TestCaseMain.startTestSuite(TestCaseMain.java:187)
	at com.kms.katalon.core.main.TestCaseMain$startTestSuite$0.call(Unknown Source)
	at TempTestSuite1705202981112.run(TempTestSuite1705202981112.groovy:36)
Caused by: com.kms.katalon.core.exception.StepFailedException: Unable to set encrypted text for object 'Object Repository/RAD_RecordAndPlay/input_Existing_FEIN'
	... 21 more
Caused by: org.openqa.selenium.ElementNotInteractableException: element not interactable
  (Session info: chrome=120.0.6099.200)
Build info: version: '3.141.59', revision: 'e82be7d358', time: '2018-11-14T08:25:53'
System info: host: 'DESKTOP-B2QI6NS', ip: '172.31.253.139', os.name: 'Windows 10', os.arch: 'amd64', os.version: '10.0', java.version: '1.8.0_181'
Driver info: com.kms.katalon.selenium.driver.CChromeDriver
Capabilities {acceptInsecureCerts: true, browserName: chrome, browserVersion: 120.0.6099.200, chrome: {chromedriverVersion: 119.0.6045.105 (38c72552c5e..., userDataDir: C:\Users\imtiaz\AppData\Loc...}, fedcm:accounts: true, goog:chromeOptions: {debuggerAddress: localhost:62461}, javascriptEnabled: true, networkConnectionEnabled: false, pageLoadStrategy: normal, platform: WINDOWS, platformName: WINDOWS, proxy: Proxy(), setWindowRect: true, strictFileInteractability: false, timeouts: {implicit: 0, pageLoad: 300000, script: 30000}, unhandledPromptBehavior: dismiss and notify, webauthn:extension:credBlob: true, webauthn:extension:largeBlob: true, webauthn:extension:minPinLength: true, webauthn:extension:prf: true, webauthn:virtualAuthenticators: true}
Session ID: 1449da98c6d4c113bb9082065860b96a
	at org.openqa.selenium.remote.http.W3CHttpResponseCodec.createException(W3CHttpResponseCodec.java:187)
	at org.openqa.selenium.remote.http.W3CHttpResponseCodec.decode(W3CHttpResponseCodec.java:122)
	at org.openqa.selenium.remote.http.W3CHttpResponseCodec.decode(W3CHttpResponseCodec.java:49)
	at org.openqa.selenium.remote.HttpCommandExecutor.execute(HttpCommandExecutor.java:158)
	at org.openqa.selenium.remote.service.DriverCommandExecutor.execute(DriverCommandExecutor.java:83)
	at org.openqa.selenium.remote.RemoteWebDriver.execute(RemoteWebDriver.java:552)
	at com.kms.katalon.selenium.driver.CChromeDriver.execute(CChromeDriver.java:19)
	at org.openqa.selenium.remote.RemoteWebElement.execute(RemoteWebElement.java:285)
	at org.openqa.selenium.remote.RemoteWebElement.clear(RemoteWebElement.java:124)
	at org.openqa.selenium.support.events.EventFiringWebDriver$EventFiringWebElement.lambda$new$0(EventFiringWebDriver.java:404)
	at com.sun.proxy.$Proxy11.clear(Unknown Source)
	at org.openqa.selenium.support.events.EventFiringWebDriver$EventFiringWebElement.clear(EventFiringWebDriver.java:436)
	at com.kms.katalon.core.webui.keyword.builtin.SetEncryptedTextKeyword$_setEncryptedText_closure1.doCall(SetEncryptedTextKeyword.groovy:54)
	at com.kms.katalon.core.webui.keyword.builtin.SetEncryptedTextKeyword$_setEncryptedText_closure1.call(SetEncryptedTextKeyword.groovy)
	at com.kms.katalon.core.webui.keyword.internal.WebUIKeywordMain.runKeyword(WebUIKeywordMain.groovy:20)
	... 19 more
"/>
         <system-out><![CDATA[2024-01-13 22:42:36 - [TEST_CASE][FAILED] - Test Cases/RAD_TestCases/Negative_TestCases/FEINandFEINSSNlessThan9Error: Test Cases/RAD_TestCases/Negative_TestCases/FEINandFEINSSNlessThan9Error FAILED.
Reason:
com.kms.katalon.core.exception.StepFailedException: Unable to set encrypted text for object 'Object Repository/RAD_RecordAndPlay/input_Existing_FEIN' (Root cause: com.kms.katalon.core.exception.StepFailedException: Unable to set encrypted text for object 'Object Repository/RAD_RecordAndPlay/input_Existing_FEIN'
	at com.kms.katalon.core.webui.keyword.internal.WebUIKeywordMain.stepFailed(WebUIKeywordMain.groovy:64)
	at com.kms.katalon.core.webui.keyword.internal.WebUIKeywordMain.runKeyword(WebUIKeywordMain.groovy:26)
	at com.kms.katalon.core.webui.keyword.builtin.SetEncryptedTextKeyword.setEncryptedText(SetEncryptedTextKeyword.groovy:65)
	at com.kms.katalon.core.webui.keyword.builtin.SetEncryptedTextKeyword.execute(SetEncryptedTextKeyword.groovy:34)
	at com.kms.katalon.core.keyword.internal.KeywordExecutor.executeKeywordForPlatform(KeywordExecutor.groovy:74)
	at com.kms.katalon.core.webui.keyword.WebUiBuiltInKeywords.setEncryptedText(WebUiBuiltInKeywords.groovy:1011)
	at com.kms.katalon.core.webui.keyword.WebUiBuiltInKeywords$setEncryptedText$4.call(Unknown Source)
	at FEINandFEINSSNlessThan9Error.run(FEINandFEINSSNlessThan9Error:139)
	at com.kms.katalon.core.main.ScriptEngine.run(ScriptEngine.java:194)
	at com.kms.katalon.core.main.ScriptEngine.runScriptAsRawText(ScriptEngine.java:119)
	at com.kms.katalon.core.main.TestCaseExecutor.runScript(TestCaseExecutor.java:448)
	at com.kms.katalon.core.main.TestCaseExecutor.doExecute(TestCaseExecutor.java:439)
	at com.kms.katalon.core.main.TestCaseExecutor.processExecutionPhase(TestCaseExecutor.java:418)
	at com.kms.katalon.core.main.TestCaseExecutor.accessMainPhase(TestCaseExecutor.java:410)
	at com.kms.katalon.core.main.TestCaseExecutor.execute(TestCaseExecutor.java:285)
	at com.kms.katalon.core.common.CommonExecutor.accessTestCaseMainPhase(CommonExecutor.java:65)
	at com.kms.katalon.core.main.TestSuiteExecutor.accessTestSuiteMainPhase(TestSuiteExecutor.java:148)
	at com.kms.katalon.core.main.TestSuiteExecutor.execute(TestSuiteExecutor.java:106)
	at com.kms.katalon.core.main.TestCaseMain.startTestSuite(TestCaseMain.java:187)
	at com.kms.katalon.core.main.TestCaseMain$startTestSuite$0.call(Unknown Source)
	at TempTestSuite1705202981112.run(TempTestSuite1705202981112.groovy:36)
Caused by: org.openqa.selenium.ElementNotInteractableException: element not interactable
  (Session info: chrome=120.0.6099.200)
Build info: version: '3.141.59', revision: 'e82be7d358', time: '2018-11-14T08:25:53'
System info: host: 'DESKTOP-B2QI6NS', ip: '172.31.253.139', os.name: 'Windows 10', os.arch: 'amd64', os.version: '10.0', java.version: '1.8.0_181'
Driver info: com.kms.katalon.selenium.driver.CChromeDriver
Capabilities {acceptInsecureCerts: true, browserName: chrome, browserVersion: 120.0.6099.200, chrome: {chromedriverVersion: 119.0.6045.105 (38c72552c5e..., userDataDir: C:\Users\imtiaz\AppData\Loc...}, fedcm:accounts: true, goog:chromeOptions: {debuggerAddress: localhost:62461}, javascriptEnabled: true, networkConnectionEnabled: false, pageLoadStrategy: normal, platform: WINDOWS, platformName: WINDOWS, proxy: Proxy(), setWindowRect: true, strictFileInteractability: false, timeouts: {implicit: 0, pageLoad: 300000, script: 30000}, unhandledPromptBehavior: dismiss and notify, webauthn:extension:credBlob: true, webauthn:extension:largeBlob: true, webauthn:extension:minPinLength: true, webauthn:extension:prf: true, webauthn:virtualAuthenticators: true}
Session ID: 1449da98c6d4c113bb9082065860b96a
	at org.openqa.selenium.remote.http.W3CHttpResponseCodec.createException(W3CHttpResponseCodec.java:187)
	at org.openqa.selenium.remote.http.W3CHttpResponseCodec.decode(W3CHttpResponseCodec.java:122)
	at org.openqa.selenium.remote.http.W3CHttpResponseCodec.decode(W3CHttpResponseCodec.java:49)
	at org.openqa.selenium.remote.HttpCommandExecutor.execute(HttpCommandExecutor.java:158)
	at org.openqa.selenium.remote.service.DriverCommandExecutor.execute(DriverCommandExecutor.java:83)
	at org.openqa.selenium.remote.RemoteWebDriver.execute(RemoteWebDriver.java:552)
	at com.kms.katalon.selenium.driver.CChromeDriver.execute(CChromeDriver.java:19)
	at org.openqa.selenium.remote.RemoteWebElement.execute(RemoteWebElement.java:285)
	at org.openqa.selenium.remote.RemoteWebElement.clear(RemoteWebElement.java:124)
	at org.openqa.selenium.support.events.EventFiringWebDriver$EventFiringWebElement.lambda$new$0(EventFiringWebDriver.java:404)
	at com.sun.proxy.$Proxy11.clear(Unknown Source)
	at org.openqa.selenium.support.events.EventFiringWebDriver$EventFiringWebElement.clear(EventFiringWebDriver.java:436)
	at com.kms.katalon.core.webui.keyword.builtin.SetEncryptedTextKeyword$_setEncryptedText_closure1.doCall(SetEncryptedTextKeyword.groovy:54)
	at com.kms.katalon.core.webui.keyword.builtin.SetEncryptedTextKeyword$_setEncryptedText_closure1.call(SetEncryptedTextKeyword.groovy)
	at com.kms.katalon.core.webui.keyword.internal.WebUIKeywordMain.runKeyword(WebUIKeywordMain.groovy:20)
	at com.kms.katalon.core.webui.keyword.builtin.SetEncryptedTextKeyword.setEncryptedText(SetEncryptedTextKeyword.groovy:65)
	at com.kms.katalon.core.webui.keyword.builtin.SetEncryptedTextKeyword.execute(SetEncryptedTextKeyword.groovy:34)
	at com.kms.katalon.core.keyword.internal.KeywordExecutor.executeKeywordForPlatform(KeywordExecutor.groovy:74)
	at com.kms.katalon.core.webui.keyword.WebUiBuiltInKeywords.setEncryptedText(WebUiBuiltInKeywords.groovy:1011)
	at com.kms.katalon.core.webui.keyword.WebUiBuiltInKeywords$setEncryptedText$4.call(Unknown Source)
	at Script1696014034709.run(Script1696014034709.groovy:139)
	... 13 more
)
	at com.kms.katalon.core.keyword.internal.KeywordMain.stepFailed(KeywordMain.groovy:39)
	at com.kms.katalon.core.webui.keyword.internal.WebUIKeywordMain.stepFailed(WebUIKeywordMain.groovy:64)
	at com.kms.katalon.core.webui.keyword.internal.WebUIKeywordMain.runKeyword(WebUIKeywordMain.groovy:26)
	at com.kms.katalon.core.webui.keyword.builtin.SetEncryptedTextKeyword.setEncryptedText(SetEncryptedTextKeyword.groovy:65)
	at com.kms.katalon.core.webui.keyword.builtin.SetEncryptedTextKeyword.execute(SetEncryptedTextKeyword.groovy:34)
	at com.kms.katalon.core.keyword.internal.KeywordExecutor.executeKeywordForPlatform(KeywordExecutor.groovy:74)
	at com.kms.katalon.core.webui.keyword.WebUiBuiltInKeywords.setEncryptedText(WebUiBuiltInKeywords.groovy:1011)
	at com.kms.katalon.core.webui.keyword.WebUiBuiltInKeywords$setEncryptedText$4.call(Unknown Source)
	at FEINandFEINSSNlessThan9Error.run(FEINandFEINSSNlessThan9Error:139)
	at com.kms.katalon.core.main.ScriptEngine.run(ScriptEngine.java:194)
	at com.kms.katalon.core.main.ScriptEngine.runScriptAsRawText(ScriptEngine.java:119)
	at com.kms.katalon.core.main.TestCaseExecutor.runScript(TestCaseExecutor.java:448)
	at com.kms.katalon.core.main.TestCaseExecutor.doExecute(TestCaseExecutor.java:439)
	at com.kms.katalon.core.main.TestCaseExecutor.processExecutionPhase(TestCaseExecutor.java:418)
	at com.kms.katalon.core.main.TestCaseExecutor.accessMainPhase(TestCaseExecutor.java:410)
	at com.kms.katalon.core.main.TestCaseExecutor.execute(TestCaseExecutor.java:285)
	at com.kms.katalon.core.common.CommonExecutor.accessTestCaseMainPhase(CommonExecutor.java:65)
	at com.kms.katalon.core.main.TestSuiteExecutor.accessTestSuiteMainPhase(TestSuiteExecutor.java:148)
	at com.kms.katalon.core.main.TestSuiteExecutor.execute(TestSuiteExecutor.java:106)
	at com.kms.katalon.core.main.TestCaseMain.startTestSuite(TestCaseMain.java:187)
	at com.kms.katalon.core.main.TestCaseMain$startTestSuite$0.call(Unknown Source)
	at TempTestSuite1705202981112.run(TempTestSuite1705202981112.groovy:36)
Caused by: com.kms.katalon.core.exception.StepFailedException: Unable to set encrypted text for object 'Object Repository/RAD_RecordAndPlay/input_Existing_FEIN'
	... 21 more
Caused by: org.openqa.selenium.ElementNotInteractableException: element not interactable
  (Session info: chrome=120.0.6099.200)
Build info: version: '3.141.59', revision: 'e82be7d358', time: '2018-11-14T08:25:53'
System info: host: 'DESKTOP-B2QI6NS', ip: '172.31.253.139', os.name: 'Windows 10', os.arch: 'amd64', os.version: '10.0', java.version: '1.8.0_181'
Driver info: com.kms.katalon.selenium.driver.CChromeDriver
Capabilities {acceptInsecureCerts: true, browserName: chrome, browserVersion: 120.0.6099.200, chrome: {chromedriverVersion: 119.0.6045.105 (38c72552c5e..., userDataDir: C:\Users\imtiaz\AppData\Loc...}, fedcm:accounts: true, goog:chromeOptions: {debuggerAddress: localhost:62461}, javascriptEnabled: true, networkConnectionEnabled: false, pageLoadStrategy: normal, platform: WINDOWS, platformName: WINDOWS, proxy: Proxy(), setWindowRect: true, strictFileInteractability: false, timeouts: {implicit: 0, pageLoad: 300000, script: 30000}, unhandledPromptBehavior: dismiss and notify, webauthn:extension:credBlob: true, webauthn:extension:largeBlob: true, webauthn:extension:minPinLength: true, webauthn:extension:prf: true, webauthn:virtualAuthenticators: true}
Session ID: 1449da98c6d4c113bb9082065860b96a
	at org.openqa.selenium.remote.http.W3CHttpResponseCodec.createException(W3CHttpResponseCodec.java:187)
	at org.openqa.selenium.remote.http.W3CHttpResponseCodec.decode(W3CHttpResponseCodec.java:122)
	at org.openqa.selenium.remote.http.W3CHttpResponseCodec.decode(W3CHttpResponseCodec.java:49)
	at org.openqa.selenium.remote.HttpCommandExecutor.execute(HttpCommandExecutor.java:158)
	at org.openqa.selenium.remote.service.DriverCommandExecutor.execute(DriverCommandExecutor.java:83)
	at org.openqa.selenium.remote.RemoteWebDriver.execute(RemoteWebDriver.java:552)
	at com.kms.katalon.selenium.driver.CChromeDriver.execute(CChromeDriver.java:19)
	at org.openqa.selenium.remote.RemoteWebElement.execute(RemoteWebElement.java:285)
	at org.openqa.selenium.remote.RemoteWebElement.clear(RemoteWebElement.java:124)
	at org.openqa.selenium.support.events.EventFiringWebDriver$EventFiringWebElement.lambda$new$0(EventFiringWebDriver.java:404)
	at com.sun.proxy.$Proxy11.clear(Unknown Source)
	at org.openqa.selenium.support.events.EventFiringWebDriver$EventFiringWebElement.clear(EventFiringWebDriver.java:436)
	at com.kms.katalon.core.webui.keyword.builtin.SetEncryptedTextKeyword$_setEncryptedText_closure1.doCall(SetEncryptedTextKeyword.groovy:54)
	at com.kms.katalon.core.webui.keyword.builtin.SetEncryptedTextKeyword$_setEncryptedText_closure1.call(SetEncryptedTextKeyword.groovy)
	at com.kms.katalon.core.webui.keyword.internal.WebUIKeywordMain.runKeyword(WebUIKeywordMain.groovy:20)
	... 19 more


2024-01-13 22:42:36 - [TEST_STEP][PASSED] - resText = "Fail": null

2024-01-13 22:42:36 - [TEST_STEP][PASSED] - resColumn = "Result": null

2024-01-13 22:42:36 - [TEST_STEP][PASSED] - datCloumn = "Date": null

2024-01-13 22:42:36 - [TEST_STEP][PASSED] - fileLoc = "KatalonData/RADTestData/FEINandFEINSSNlessThan9Error.xlsx": null

2024-01-13 22:42:36 - [TEST_STEP][PASSED] - nameSheet = "Sheet1": null

2024-01-13 22:42:36 - [TEST_STEP][PASSED] - dataFile = "RADTestData/FEINandFEINSSNlessThan9Error": null

2024-01-13 22:42:36 - [TEST_STEP][PASSED] - ExecuteTC = <not implemented yet for class: org.codehaus.groovy.ast.expr.EmptyExpression>: null

2024-01-13 22:42:36 - [TEST_STEP][PASSED] - Taxtype = <not implemented yet for class: org.codehaus.groovy.ast.expr.EmptyExpression>: null

2024-01-13 22:42:36 - [TEST_STEP][PASSED] - Paymenttype = <not implemented yet for class: org.codehaus.groovy.ast.expr.EmptyExpression>: null

2024-01-13 22:42:36 - [TEST_STEP][PASSED] - feinSsn = <not implemented yet for class: org.codehaus.groovy.ast.expr.EmptyExpression>: null

2024-01-13 22:42:36 - [TEST_STEP][PASSED] - numOfRows = findTestData(dataFile).getRowNumbers(): null

2024-01-13 22:42:36 - [TEST_STEP][PASSED] - println("Number of Records: " + numOfRows): null

2024-01-13 22:42:36 - [TEST_STEP][FAILED] - for ([row = 1, row <= numOfRows, (row++)]): null

2024-01-13 22:42:36 - [TEST_STEP][PASSED] - ExecuteTC = findTestData(dataFile).getValue("Execute", row): null

2024-01-13 22:42:36 - [TEST_STEP][PASSED] - Taxtype = findTestData(dataFile).getValue("TaxType", row): null

2024-01-13 22:42:36 - [TEST_STEP][PASSED] - Paymenttype = findTestData(dataFile).getValue("PaymentType", row): null

2024-01-13 22:42:36 - [TEST_STEP][PASSED] - feinSsn = findTestData(dataFile).getValue("FEINSSN", row): null

2024-01-13 22:42:36 - [TEST_STEP][PASSED] - out.println("Value of Execute is : " + ExecuteTC): null

2024-01-13 22:42:36 - [TEST_STEP][PASSED] - if (ExecuteTC.equalsIgnoreCase("Y")): null

2024-01-13 22:42:36 - [TEST_STEP][PASSED] - out.println("Begin Record Number: " + row): null

2024-01-13 22:42:36 - [TEST_STEP][PASSED] - today = new java.util.Date(): null

2024-01-13 22:42:36 - [TEST_STEP][PASSED] - println(today): null

2024-01-13 22:42:36 - [TEST_STEP][PASSED] - datText = today: null

2024-01-13 22:42:36 - [TEST_STEP][PASSED] - Taxtype = findTestData(dataFile).getValue("TaxType", row): null

2024-01-13 22:42:36 - [TEST_STEP][PASSED] - out.println("Taxtype value is : " + Taxtype): null

2024-01-13 22:42:36 - [TEST_STEP][PASSED] - openBrowser(""): Browser is opened with url: ''

2024-01-13 22:42:36 - [MESSAGE][WARNING] - A browser is already opened. Closing browser and opening a new one

2024-01-13 22:42:37 - [MESSAGE][INFO] - Starting 'Chrome' driver

2024-01-13 22:42:37 - [MESSAGE][INFO] - User set preference: ['acceptInsecureCerts', 'true']

2024-01-13 22:42:37 - [MESSAGE][INFO] - Action delay is set to 0 milliseconds

2024-01-13 22:42:39 - [MESSAGE][PASSED] - Browser is opened with url: ''

2024-01-13 22:42:39 - [TEST_STEP][PASSED] - maximizeWindow(): Current window maximized

2024-01-13 22:42:39 - [MESSAGE][PASSED] - Current window maximized

2024-01-13 22:42:39 - [TEST_STEP][PASSED] - navigateToUrl(RADurl): Navigate to 'https://qa2.velocitypayment.com/client/rad/index.html' successfully

2024-01-13 22:42:41 - [MESSAGE][PASSED] - Navigate to 'https://qa2.velocitypayment.com/client/rad/index.html' successfully

2024-01-13 22:42:41 - [TEST_STEP][PASSED] - orPath_Landing = "Object Repository/RAD_Pages/Landing_Page": null

2024-01-13 22:42:41 - [TEST_STEP][PASSED] - orPath_TaxTypeFilingYear = "Object Repository/RAD_Pages/TaxTypeFilingYear_Page": null

2024-01-13 22:42:41 - [TEST_STEP][PASSED] - orPath_TaxPayer = "Object Repository/RAD_Pages/Taxpayer_Page": null

2024-01-13 22:42:41 - [TEST_STEP][PASSED] - orPath_AddressContact = "Object Repository/RAD_Pages/AddressAndContactInfo_Page": null

2024-01-13 22:42:41 - [TEST_STEP][PASSED] - orPath_FilingStatus = "Object Repository/RAD_Pages/FilingStatus_Page": null

2024-01-13 22:42:41 - [TEST_STEP][PASSED] - orPath_Amount = "Object Repository/RAD_Pages/PaymentAmount_Page": null

2024-01-13 22:42:41 - [TEST_STEP][PASSED] - orPath_TaxInfo = "Object Repository/RAD_Pages/TaxInfo_Page": null

2024-01-13 22:42:41 - [TEST_STEP][PASSED] - orPath_Withholding = "Object Repository/RAD_Pages/Withholding_Page": null

2024-01-13 22:42:41 - [TEST_STEP][PASSED] - orPath_Summary = "Object Repository/RAD_Pages/Summary_Page": null

2024-01-13 22:42:41 - [TEST_STEP][PASSED] - orPath_PaymentReady = "Object Repository/RAD_Pages/PaymentReady_Page": null

2024-01-13 22:42:41 - [TEST_STEP][PASSED] - orPath_PaymentEntry = "Object Repository/RAD_Pages/PaymentEntry_Page": null

2024-01-13 22:42:41 - [TEST_STEP][PASSED] - orPath_PaymentConfirmation = "Object Repository/RAD_Pages/PaymentConfirmation_Page": null

2024-01-13 22:42:41 - [TEST_STEP][PASSED] - orPath_ServiceFeesAccept = "Object Repository/RAD_Pages/ServiceFeeAccept_Page": null

2024-01-13 22:42:41 - [TEST_STEP][PASSED] - selectOptionByLabel(findTestObject(orPath_Landing + "/dd_TaxType"), Paymenttype, false): All options with label 'Existing Liability w/Notice Number' are selected in object 'Object Repository/RAD_Pages/Landing_Page/dd_TaxType' 

2024-01-13 22:42:41 - [MESSAGE][PASSED] - All options with label 'Existing Liability w/Notice Number' are selected in object 'Object Repository/RAD_Pages/Landing_Page/dd_TaxType' 

2024-01-13 22:42:41 - [TEST_STEP][PASSED] - delay(1): Delayed 1 second(s)

2024-01-13 22:42:42 - [MESSAGE][PASSED] - Delayed 1 second(s)

2024-01-13 22:42:42 - [TEST_STEP][PASSED] - switch (Paymenttype): null

2024-01-13 22:42:42 - [TEST_STEP][PASSED] - case "Existing Liability w/Notice Number":: null

2024-01-13 22:42:42 - [TEST_STEP][PASSED] - selectOptionByLabel(findTestObject(orPath_TaxTypeFilingYear + "/select_TaxType_ExistingLiability"), Taxtype, false): All options with label 'Bay Restoration Fee' are selected in object 'Object Repository/RAD_Pages/TaxTypeFilingYear_Page/select_TaxType_ExistingLiability' 

2024-01-13 22:42:43 - [MESSAGE][PASSED] - All options with label 'Bay Restoration Fee' are selected in object 'Object Repository/RAD_Pages/TaxTypeFilingYear_Page/select_TaxType_ExistingLiability' 

2024-01-13 22:42:43 - [TEST_STEP][PASSED] - break: null

2024-01-13 22:42:43 - [TEST_STEP][PASSED] - delay(1): Delayed 1 second(s)

2024-01-13 22:42:44 - [MESSAGE][PASSED] - Delayed 1 second(s)

2024-01-13 22:42:44 - [TEST_STEP][PASSED] - switch (Paymenttype): null

2024-01-13 22:42:44 - [TEST_STEP][PASSED] - case "Existing Liability w/Notice Number":: null

2024-01-13 22:42:44 - [TEST_STEP][PASSED] - if (feinSsn.equalsIgnoreCase("Y")): null

2024-01-13 22:42:44 - [TEST_STEP][PASSED] - else: Text ****** has been set on object 'Object Repository/RAD_RecordAndPlay/input_Existing_RetypeFEIN'

2024-01-13 22:42:44 - [TEST_STEP][PASSED] - setEncryptedText(findTestObject("Object Repository/RAD_RecordAndPlay/input_Existing_FEIN"), "iGDxf8hSRT4="): Text ****** has been set on object 'Object Repository/RAD_RecordAndPlay/input_Existing_FEIN'

2024-01-13 22:42:44 - [MESSAGE][PASSED] - Text ****** has been set on object 'Object Repository/RAD_RecordAndPlay/input_Existing_FEIN'

2024-01-13 22:42:44 - [TEST_STEP][PASSED] - setEncryptedText(findTestObject("Object Repository/RAD_RecordAndPlay/input_Existing_RetypeFEIN"), ""): Text ****** has been set on object 'Object Repository/RAD_RecordAndPlay/input_Existing_RetypeFEIN'

2024-01-13 22:42:45 - [MESSAGE][PASSED] - Text ****** has been set on object 'Object Repository/RAD_RecordAndPlay/input_Existing_RetypeFEIN'

2024-01-13 22:42:45 - [TEST_STEP][PASSED] - break: null

2024-01-13 22:42:45 - [TEST_STEP][PASSED] - if (feinSsn.equalsIgnoreCase("Y")): null

2024-01-13 22:42:45 - [TEST_STEP][PASSED] - else: null

2024-01-13 22:42:45 - [TEST_STEP][PASSED] - if (verifyTextPresent("Please enter a valid FEIN with 9 digits.", true)): null

2024-01-13 22:42:46 - [MESSAGE][PASSED] - Text 'Please enter a valid FEIN with 9 digits.' is present on page  using regular expression

2024-01-13 22:42:46 - [TEST_STEP][PASSED] - println("Error Message is present on the page"): null

2024-01-13 22:42:46 - [TEST_STEP][PASSED] - out.println("Pass Record Number: " + row): null

2024-01-13 22:42:46 - [TEST_STEP][PASSED] - resText = "Pass": null

2024-01-13 22:42:46 - [TEST_STEP][PASSED] - pages.WriteExcel.demoKey(resText, datText, resColumn, datCloumn, fileLoc, nameSheet, row): pages.WriteExcel.demoKey is PASSED

2024-01-13 22:42:46 - [MESSAGE][PASSED] - pages.WriteExcel.demoKey is PASSED

2024-01-13 22:42:46 - [TEST_STEP][PASSED] - ExecuteTC = findTestData(dataFile).getValue("Execute", row): null

2024-01-13 22:42:46 - [TEST_STEP][PASSED] - Taxtype = findTestData(dataFile).getValue("TaxType", row): null

2024-01-13 22:42:46 - [TEST_STEP][PASSED] - Paymenttype = findTestData(dataFile).getValue("PaymentType", row): null

2024-01-13 22:42:46 - [TEST_STEP][PASSED] - feinSsn = findTestData(dataFile).getValue("FEINSSN", row): null

2024-01-13 22:42:46 - [TEST_STEP][PASSED] - out.println("Value of Execute is : " + ExecuteTC): null

2024-01-13 22:42:46 - [TEST_STEP][PASSED] - if (ExecuteTC.equalsIgnoreCase("Y")): null

2024-01-13 22:42:46 - [TEST_STEP][PASSED] - out.println("Begin Record Number: " + row): null

2024-01-13 22:42:46 - [TEST_STEP][PASSED] - today = new java.util.Date(): null

2024-01-13 22:42:46 - [TEST_STEP][PASSED] - println(today): null

2024-01-13 22:42:46 - [TEST_STEP][PASSED] - datText = today: null

2024-01-13 22:42:46 - [TEST_STEP][PASSED] - Taxtype = findTestData(dataFile).getValue("TaxType", row): null

2024-01-13 22:42:46 - [TEST_STEP][PASSED] - out.println("Taxtype value is : " + Taxtype): null

2024-01-13 22:42:46 - [TEST_STEP][PASSED] - openBrowser(""): Browser is opened with url: ''

2024-01-13 22:42:46 - [MESSAGE][WARNING] - A browser is already opened. Closing browser and opening a new one

2024-01-13 22:42:47 - [MESSAGE][INFO] - Starting 'Chrome' driver

2024-01-13 22:42:47 - [MESSAGE][INFO] - User set preference: ['acceptInsecureCerts', 'true']

2024-01-13 22:42:47 - [MESSAGE][INFO] - Action delay is set to 0 milliseconds

2024-01-13 22:42:48 - [MESSAGE][PASSED] - Browser is opened with url: ''

2024-01-13 22:42:48 - [TEST_STEP][PASSED] - maximizeWindow(): Current window maximized

2024-01-13 22:42:48 - [MESSAGE][PASSED] - Current window maximized

2024-01-13 22:42:48 - [TEST_STEP][PASSED] - navigateToUrl(RADurl): Navigate to 'https://qa2.velocitypayment.com/client/rad/index.html' successfully

2024-01-13 22:42:49 - [MESSAGE][PASSED] - Navigate to 'https://qa2.velocitypayment.com/client/rad/index.html' successfully

2024-01-13 22:42:49 - [TEST_STEP][PASSED] - orPath_Landing = "Object Repository/RAD_Pages/Landing_Page": null

2024-01-13 22:42:49 - [TEST_STEP][PASSED] - orPath_TaxTypeFilingYear = "Object Repository/RAD_Pages/TaxTypeFilingYear_Page": null

2024-01-13 22:42:49 - [TEST_STEP][PASSED] - orPath_TaxPayer = "Object Repository/RAD_Pages/Taxpayer_Page": null

2024-01-13 22:42:49 - [TEST_STEP][PASSED] - orPath_AddressContact = "Object Repository/RAD_Pages/AddressAndContactInfo_Page": null

2024-01-13 22:42:49 - [TEST_STEP][PASSED] - orPath_FilingStatus = "Object Repository/RAD_Pages/FilingStatus_Page": null

2024-01-13 22:42:49 - [TEST_STEP][PASSED] - orPath_Amount = "Object Repository/RAD_Pages/PaymentAmount_Page": null

2024-01-13 22:42:49 - [TEST_STEP][PASSED] - orPath_TaxInfo = "Object Repository/RAD_Pages/TaxInfo_Page": null

2024-01-13 22:42:49 - [TEST_STEP][PASSED] - orPath_Withholding = "Object Repository/RAD_Pages/Withholding_Page": null

2024-01-13 22:42:49 - [TEST_STEP][PASSED] - orPath_Summary = "Object Repository/RAD_Pages/Summary_Page": null

2024-01-13 22:42:49 - [TEST_STEP][PASSED] - orPath_PaymentReady = "Object Repository/RAD_Pages/PaymentReady_Page": null

2024-01-13 22:42:49 - [TEST_STEP][PASSED] - orPath_PaymentEntry = "Object Repository/RAD_Pages/PaymentEntry_Page": null

2024-01-13 22:42:49 - [TEST_STEP][PASSED] - orPath_PaymentConfirmation = "Object Repository/RAD_Pages/PaymentConfirmation_Page": null

2024-01-13 22:42:49 - [TEST_STEP][PASSED] - orPath_ServiceFeesAccept = "Object Repository/RAD_Pages/ServiceFeeAccept_Page": null

2024-01-13 22:42:49 - [TEST_STEP][PASSED] - selectOptionByLabel(findTestObject(orPath_Landing + "/dd_TaxType"), Paymenttype, false): All options with label 'Existing Liability w/Notice Number' are selected in object 'Object Repository/RAD_Pages/Landing_Page/dd_TaxType' 

2024-01-13 22:42:50 - [MESSAGE][PASSED] - All options with label 'Existing Liability w/Notice Number' are selected in object 'Object Repository/RAD_Pages/Landing_Page/dd_TaxType' 

2024-01-13 22:42:50 - [TEST_STEP][PASSED] - delay(1): Delayed 1 second(s)

2024-01-13 22:42:51 - [MESSAGE][PASSED] - Delayed 1 second(s)

2024-01-13 22:42:51 - [TEST_STEP][PASSED] - switch (Paymenttype): null

2024-01-13 22:42:51 - [TEST_STEP][PASSED] - case "Existing Liability w/Notice Number":: null

2024-01-13 22:42:51 - [TEST_STEP][PASSED] - selectOptionByLabel(findTestObject(orPath_TaxTypeFilingYear + "/select_TaxType_ExistingLiability"), Taxtype, false): All options with label 'Corporate Income Tax' are selected in object 'Object Repository/RAD_Pages/TaxTypeFilingYear_Page/select_TaxType_ExistingLiability' 

2024-01-13 22:42:52 - [MESSAGE][PASSED] - All options with label 'Corporate Income Tax' are selected in object 'Object Repository/RAD_Pages/TaxTypeFilingYear_Page/select_TaxType_ExistingLiability' 

2024-01-13 22:42:52 - [TEST_STEP][PASSED] - break: null

2024-01-13 22:42:52 - [TEST_STEP][PASSED] - delay(1): Delayed 1 second(s)

2024-01-13 22:42:53 - [MESSAGE][PASSED] - Delayed 1 second(s)

2024-01-13 22:42:53 - [TEST_STEP][PASSED] - switch (Paymenttype): null

2024-01-13 22:42:53 - [TEST_STEP][PASSED] - case "Existing Liability w/Notice Number":: null

2024-01-13 22:42:53 - [TEST_STEP][PASSED] - if (feinSsn.equalsIgnoreCase("Y")): null

2024-01-13 22:42:53 - [TEST_STEP][PASSED] - else: Text ****** has been set on object 'Object Repository/RAD_RecordAndPlay/input_Existing_RetypeFEIN'

2024-01-13 22:42:53 - [TEST_STEP][PASSED] - setEncryptedText(findTestObject("Object Repository/RAD_RecordAndPlay/input_Existing_FEIN"), "iGDxf8hSRT4="): Text ****** has been set on object 'Object Repository/RAD_RecordAndPlay/input_Existing_FEIN'

2024-01-13 22:42:54 - [MESSAGE][PASSED] - Text ****** has been set on object 'Object Repository/RAD_RecordAndPlay/input_Existing_FEIN'

2024-01-13 22:42:54 - [TEST_STEP][PASSED] - setEncryptedText(findTestObject("Object Repository/RAD_RecordAndPlay/input_Existing_RetypeFEIN"), ""): Text ****** has been set on object 'Object Repository/RAD_RecordAndPlay/input_Existing_RetypeFEIN'

2024-01-13 22:42:54 - [MESSAGE][PASSED] - Text ****** has been set on object 'Object Repository/RAD_RecordAndPlay/input_Existing_RetypeFEIN'

2024-01-13 22:42:54 - [TEST_STEP][PASSED] - break: null

2024-01-13 22:42:54 - [TEST_STEP][PASSED] - if (feinSsn.equalsIgnoreCase("Y")): null

2024-01-13 22:42:54 - [TEST_STEP][PASSED] - else: null

2024-01-13 22:42:54 - [TEST_STEP][PASSED] - if (verifyTextPresent("Please enter a valid FEIN with 9 digits.", true)): null

2024-01-13 22:42:55 - [MESSAGE][PASSED] - Text 'Please enter a valid FEIN with 9 digits.' is present on page  using regular expression

2024-01-13 22:42:55 - [TEST_STEP][PASSED] - println("Error Message is present on the page"): null

2024-01-13 22:42:55 - [TEST_STEP][PASSED] - out.println("Pass Record Number: " + row): null

2024-01-13 22:42:55 - [TEST_STEP][PASSED] - resText = "Pass": null

2024-01-13 22:42:55 - [TEST_STEP][PASSED] - pages.WriteExcel.demoKey(resText, datText, resColumn, datCloumn, fileLoc, nameSheet, row): pages.WriteExcel.demoKey is PASSED

2024-01-13 22:42:55 - [MESSAGE][PASSED] - pages.WriteExcel.demoKey is PASSED

2024-01-13 22:42:55 - [TEST_STEP][PASSED] - ExecuteTC = findTestData(dataFile).getValue("Execute", row): null

2024-01-13 22:42:55 - [TEST_STEP][PASSED] - Taxtype = findTestData(dataFile).getValue("TaxType", row): null

2024-01-13 22:42:55 - [TEST_STEP][PASSED] - Paymenttype = findTestData(dataFile).getValue("PaymentType", row): null

2024-01-13 22:42:55 - [TEST_STEP][PASSED] - feinSsn = findTestData(dataFile).getValue("FEINSSN", row): null

2024-01-13 22:42:55 - [TEST_STEP][PASSED] - out.println("Value of Execute is : " + ExecuteTC): null

2024-01-13 22:42:55 - [TEST_STEP][PASSED] - if (ExecuteTC.equalsIgnoreCase("Y")): null

2024-01-13 22:42:55 - [TEST_STEP][PASSED] - out.println("Begin Record Number: " + row): null

2024-01-13 22:42:55 - [TEST_STEP][PASSED] - today = new java.util.Date(): null

2024-01-13 22:42:55 - [TEST_STEP][PASSED] - println(today): null

2024-01-13 22:42:55 - [TEST_STEP][PASSED] - datText = today: null

2024-01-13 22:42:55 - [TEST_STEP][PASSED] - Taxtype = findTestData(dataFile).getValue("TaxType", row): null

2024-01-13 22:42:55 - [TEST_STEP][PASSED] - out.println("Taxtype value is : " + Taxtype): null

2024-01-13 22:42:55 - [TEST_STEP][PASSED] - openBrowser(""): Browser is opened with url: ''

2024-01-13 22:42:55 - [MESSAGE][WARNING] - A browser is already opened. Closing browser and opening a new one

2024-01-13 22:42:56 - [MESSAGE][INFO] - Starting 'Chrome' driver

2024-01-13 22:42:56 - [MESSAGE][INFO] - User set preference: ['acceptInsecureCerts', 'true']

2024-01-13 22:42:56 - [MESSAGE][INFO] - Action delay is set to 0 milliseconds

2024-01-13 22:42:58 - [MESSAGE][PASSED] - Browser is opened with url: ''

2024-01-13 22:42:58 - [TEST_STEP][PASSED] - maximizeWindow(): Current window maximized

2024-01-13 22:42:58 - [MESSAGE][PASSED] - Current window maximized

2024-01-13 22:42:58 - [TEST_STEP][PASSED] - navigateToUrl(RADurl): Navigate to 'https://qa2.velocitypayment.com/client/rad/index.html' successfully

2024-01-13 22:42:59 - [MESSAGE][PASSED] - Navigate to 'https://qa2.velocitypayment.com/client/rad/index.html' successfully

2024-01-13 22:42:59 - [TEST_STEP][PASSED] - orPath_Landing = "Object Repository/RAD_Pages/Landing_Page": null

2024-01-13 22:42:59 - [TEST_STEP][PASSED] - orPath_TaxTypeFilingYear = "Object Repository/RAD_Pages/TaxTypeFilingYear_Page": null

2024-01-13 22:42:59 - [TEST_STEP][PASSED] - orPath_TaxPayer = "Object Repository/RAD_Pages/Taxpayer_Page": null

2024-01-13 22:42:59 - [TEST_STEP][PASSED] - orPath_AddressContact = "Object Repository/RAD_Pages/AddressAndContactInfo_Page": null

2024-01-13 22:42:59 - [TEST_STEP][PASSED] - orPath_FilingStatus = "Object Repository/RAD_Pages/FilingStatus_Page": null

2024-01-13 22:42:59 - [TEST_STEP][PASSED] - orPath_Amount = "Object Repository/RAD_Pages/PaymentAmount_Page": null

2024-01-13 22:42:59 - [TEST_STEP][PASSED] - orPath_TaxInfo = "Object Repository/RAD_Pages/TaxInfo_Page": null

2024-01-13 22:42:59 - [TEST_STEP][PASSED] - orPath_Withholding = "Object Repository/RAD_Pages/Withholding_Page": null

2024-01-13 22:42:59 - [TEST_STEP][PASSED] - orPath_Summary = "Object Repository/RAD_Pages/Summary_Page": null

2024-01-13 22:42:59 - [TEST_STEP][PASSED] - orPath_PaymentReady = "Object Repository/RAD_Pages/PaymentReady_Page": null

2024-01-13 22:42:59 - [TEST_STEP][PASSED] - orPath_PaymentEntry = "Object Repository/RAD_Pages/PaymentEntry_Page": null

2024-01-13 22:42:59 - [TEST_STEP][PASSED] - orPath_PaymentConfirmation = "Object Repository/RAD_Pages/PaymentConfirmation_Page": null

2024-01-13 22:42:59 - [TEST_STEP][PASSED] - orPath_ServiceFeesAccept = "Object Repository/RAD_Pages/ServiceFeeAccept_Page": null

2024-01-13 22:42:59 - [TEST_STEP][PASSED] - selectOptionByLabel(findTestObject(orPath_Landing + "/dd_TaxType"), Paymenttype, false): All options with label 'Existing Liability w/Notice Number' are selected in object 'Object Repository/RAD_Pages/Landing_Page/dd_TaxType' 

2024-01-13 22:43:00 - [MESSAGE][PASSED] - All options with label 'Existing Liability w/Notice Number' are selected in object 'Object Repository/RAD_Pages/Landing_Page/dd_TaxType' 

2024-01-13 22:43:00 - [TEST_STEP][PASSED] - delay(1): Delayed 1 second(s)

2024-01-13 22:43:01 - [MESSAGE][PASSED] - Delayed 1 second(s)

2024-01-13 22:43:01 - [TEST_STEP][PASSED] - switch (Paymenttype): null

2024-01-13 22:43:01 - [TEST_STEP][PASSED] - case "Existing Liability w/Notice Number":: null

2024-01-13 22:43:01 - [TEST_STEP][PASSED] - selectOptionByLabel(findTestObject(orPath_TaxTypeFilingYear + "/select_TaxType_ExistingLiability"), Taxtype, false): All options with label 'Fiduciary Tax' are selected in object 'Object Repository/RAD_Pages/TaxTypeFilingYear_Page/select_TaxType_ExistingLiability' 

2024-01-13 22:43:01 - [MESSAGE][PASSED] - All options with label 'Fiduciary Tax' are selected in object 'Object Repository/RAD_Pages/TaxTypeFilingYear_Page/select_TaxType_ExistingLiability' 

2024-01-13 22:43:01 - [TEST_STEP][PASSED] - break: null

2024-01-13 22:43:01 - [TEST_STEP][PASSED] - delay(1): Delayed 1 second(s)

2024-01-13 22:43:02 - [MESSAGE][PASSED] - Delayed 1 second(s)

2024-01-13 22:43:02 - [TEST_STEP][PASSED] - switch (Paymenttype): null

2024-01-13 22:43:02 - [TEST_STEP][PASSED] - case "Existing Liability w/Notice Number":: null

2024-01-13 22:43:02 - [TEST_STEP][PASSED] - if (feinSsn.equalsIgnoreCase("Y")): null

2024-01-13 22:43:02 - [TEST_STEP][PASSED] - else: Text ****** has been set on object 'Object Repository/RAD_RecordAndPlay/input_Existing_RetypeFEIN'

2024-01-13 22:43:02 - [TEST_STEP][PASSED] - setEncryptedText(findTestObject("Object Repository/RAD_RecordAndPlay/input_Existing_FEIN"), "iGDxf8hSRT4="): Text ****** has been set on object 'Object Repository/RAD_RecordAndPlay/input_Existing_FEIN'

2024-01-13 22:43:03 - [MESSAGE][PASSED] - Text ****** has been set on object 'Object Repository/RAD_RecordAndPlay/input_Existing_FEIN'

2024-01-13 22:43:03 - [TEST_STEP][PASSED] - setEncryptedText(findTestObject("Object Repository/RAD_RecordAndPlay/input_Existing_RetypeFEIN"), ""): Text ****** has been set on object 'Object Repository/RAD_RecordAndPlay/input_Existing_RetypeFEIN'

2024-01-13 22:43:04 - [MESSAGE][PASSED] - Text ****** has been set on object 'Object Repository/RAD_RecordAndPlay/input_Existing_RetypeFEIN'

2024-01-13 22:43:04 - [TEST_STEP][PASSED] - break: null

2024-01-13 22:43:04 - [TEST_STEP][PASSED] - if (feinSsn.equalsIgnoreCase("Y")): null

2024-01-13 22:43:04 - [TEST_STEP][PASSED] - else: null

2024-01-13 22:43:04 - [TEST_STEP][PASSED] - if (verifyTextPresent("Please enter a valid FEIN with 9 digits.", true)): null

2024-01-13 22:43:04 - [MESSAGE][PASSED] - Text 'Please enter a valid FEIN with 9 digits.' is present on page  using regular expression

2024-01-13 22:43:04 - [TEST_STEP][PASSED] - println("Error Message is present on the page"): null

2024-01-13 22:43:04 - [TEST_STEP][PASSED] - out.println("Pass Record Number: " + row): null

2024-01-13 22:43:04 - [TEST_STEP][PASSED] - resText = "Pass": null

2024-01-13 22:43:04 - [TEST_STEP][PASSED] - pages.WriteExcel.demoKey(resText, datText, resColumn, datCloumn, fileLoc, nameSheet, row): pages.WriteExcel.demoKey is PASSED

2024-01-13 22:43:04 - [MESSAGE][PASSED] - pages.WriteExcel.demoKey is PASSED

2024-01-13 22:43:04 - [TEST_STEP][PASSED] - ExecuteTC = findTestData(dataFile).getValue("Execute", row): null

2024-01-13 22:43:04 - [TEST_STEP][PASSED] - Taxtype = findTestData(dataFile).getValue("TaxType", row): null

2024-01-13 22:43:04 - [TEST_STEP][PASSED] - Paymenttype = findTestData(dataFile).getValue("PaymentType", row): null

2024-01-13 22:43:04 - [TEST_STEP][PASSED] - feinSsn = findTestData(dataFile).getValue("FEINSSN", row): null

2024-01-13 22:43:04 - [TEST_STEP][PASSED] - out.println("Value of Execute is : " + ExecuteTC): null

2024-01-13 22:43:04 - [TEST_STEP][PASSED] - if (ExecuteTC.equalsIgnoreCase("Y")): null

2024-01-13 22:43:04 - [TEST_STEP][PASSED] - out.println("Begin Record Number: " + row): null

2024-01-13 22:43:04 - [TEST_STEP][PASSED] - today = new java.util.Date(): null

2024-01-13 22:43:04 - [TEST_STEP][PASSED] - println(today): null

2024-01-13 22:43:04 - [TEST_STEP][PASSED] - datText = today: null

2024-01-13 22:43:04 - [TEST_STEP][PASSED] - Taxtype = findTestData(dataFile).getValue("TaxType", row): null

2024-01-13 22:43:05 - [TEST_STEP][PASSED] - out.println("Taxtype value is : " + Taxtype): null

2024-01-13 22:43:05 - [TEST_STEP][PASSED] - openBrowser(""): Browser is opened with url: ''

2024-01-13 22:43:05 - [MESSAGE][WARNING] - A browser is already opened. Closing browser and opening a new one

2024-01-13 22:43:05 - [MESSAGE][INFO] - Starting 'Chrome' driver

2024-01-13 22:43:05 - [MESSAGE][INFO] - User set preference: ['acceptInsecureCerts', 'true']

2024-01-13 22:43:05 - [MESSAGE][INFO] - Action delay is set to 0 milliseconds

2024-01-13 22:43:07 - [MESSAGE][PASSED] - Browser is opened with url: ''

2024-01-13 22:43:07 - [TEST_STEP][PASSED] - maximizeWindow(): Current window maximized

2024-01-13 22:43:07 - [MESSAGE][PASSED] - Current window maximized

2024-01-13 22:43:07 - [TEST_STEP][PASSED] - navigateToUrl(RADurl): Navigate to 'https://qa2.velocitypayment.com/client/rad/index.html' successfully

2024-01-13 22:43:09 - [MESSAGE][PASSED] - Navigate to 'https://qa2.velocitypayment.com/client/rad/index.html' successfully

2024-01-13 22:43:09 - [TEST_STEP][PASSED] - orPath_Landing = "Object Repository/RAD_Pages/Landing_Page": null

2024-01-13 22:43:09 - [TEST_STEP][PASSED] - orPath_TaxTypeFilingYear = "Object Repository/RAD_Pages/TaxTypeFilingYear_Page": null

2024-01-13 22:43:09 - [TEST_STEP][PASSED] - orPath_TaxPayer = "Object Repository/RAD_Pages/Taxpayer_Page": null

2024-01-13 22:43:09 - [TEST_STEP][PASSED] - orPath_AddressContact = "Object Repository/RAD_Pages/AddressAndContactInfo_Page": null

2024-01-13 22:43:09 - [TEST_STEP][PASSED] - orPath_FilingStatus = "Object Repository/RAD_Pages/FilingStatus_Page": null

2024-01-13 22:43:09 - [TEST_STEP][PASSED] - orPath_Amount = "Object Repository/RAD_Pages/PaymentAmount_Page": null

2024-01-13 22:43:09 - [TEST_STEP][PASSED] - orPath_TaxInfo = "Object Repository/RAD_Pages/TaxInfo_Page": null

2024-01-13 22:43:09 - [TEST_STEP][PASSED] - orPath_Withholding = "Object Repository/RAD_Pages/Withholding_Page": null

2024-01-13 22:43:09 - [TEST_STEP][PASSED] - orPath_Summary = "Object Repository/RAD_Pages/Summary_Page": null

2024-01-13 22:43:09 - [TEST_STEP][PASSED] - orPath_PaymentReady = "Object Repository/RAD_Pages/PaymentReady_Page": null

2024-01-13 22:43:09 - [TEST_STEP][PASSED] - orPath_PaymentEntry = "Object Repository/RAD_Pages/PaymentEntry_Page": null

2024-01-13 22:43:09 - [TEST_STEP][PASSED] - orPath_PaymentConfirmation = "Object Repository/RAD_Pages/PaymentConfirmation_Page": null

2024-01-13 22:43:09 - [TEST_STEP][PASSED] - orPath_ServiceFeesAccept = "Object Repository/RAD_Pages/ServiceFeeAccept_Page": null

2024-01-13 22:43:09 - [TEST_STEP][PASSED] - selectOptionByLabel(findTestObject(orPath_Landing + "/dd_TaxType"), Paymenttype, false): All options with label 'Existing Liability w/Notice Number' are selected in object 'Object Repository/RAD_Pages/Landing_Page/dd_TaxType' 

2024-01-13 22:43:09 - [MESSAGE][PASSED] - All options with label 'Existing Liability w/Notice Number' are selected in object 'Object Repository/RAD_Pages/Landing_Page/dd_TaxType' 

2024-01-13 22:43:09 - [TEST_STEP][PASSED] - delay(1): Delayed 1 second(s)

2024-01-13 22:43:10 - [MESSAGE][PASSED] - Delayed 1 second(s)

2024-01-13 22:43:10 - [TEST_STEP][PASSED] - switch (Paymenttype): null

2024-01-13 22:43:10 - [TEST_STEP][PASSED] - case "Existing Liability w/Notice Number":: null

2024-01-13 22:43:10 - [TEST_STEP][PASSED] - selectOptionByLabel(findTestObject(orPath_TaxTypeFilingYear + "/select_TaxType_ExistingLiability"), Taxtype, false): All options with label 'PTE Non-Electing Non-S Corp' are selected in object 'Object Repository/RAD_Pages/TaxTypeFilingYear_Page/select_TaxType_ExistingLiability' 

2024-01-13 22:43:11 - [MESSAGE][PASSED] - All options with label 'PTE Non-Electing Non-S Corp' are selected in object 'Object Repository/RAD_Pages/TaxTypeFilingYear_Page/select_TaxType_ExistingLiability' 

2024-01-13 22:43:11 - [TEST_STEP][PASSED] - break: null

2024-01-13 22:43:11 - [TEST_STEP][PASSED] - delay(1): Delayed 1 second(s)

2024-01-13 22:43:12 - [MESSAGE][PASSED] - Delayed 1 second(s)

2024-01-13 22:43:12 - [TEST_STEP][PASSED] - switch (Paymenttype): null

2024-01-13 22:43:12 - [TEST_STEP][PASSED] - case "Existing Liability w/Notice Number":: null

2024-01-13 22:43:12 - [TEST_STEP][PASSED] - if (feinSsn.equalsIgnoreCase("Y")): Text ****** has been set on object 'Object Repository/RAD_Pages/TaxInfo_Page/input_TaxInfo_RetypefeinSsn_Existing_New'

2024-01-13 22:43:12 - [TEST_STEP][PASSED] - setEncryptedText(findTestObject(orPath_TaxInfo + "/input_TaxInfo_feinSsn_Existing_New"), "iGDxf8hSRT4="): Text ****** has been set on object 'Object Repository/RAD_Pages/TaxInfo_Page/input_TaxInfo_feinSsn_Existing_New'

2024-01-13 22:43:12 - [MESSAGE][PASSED] - Text ****** has been set on object 'Object Repository/RAD_Pages/TaxInfo_Page/input_TaxInfo_feinSsn_Existing_New'

2024-01-13 22:43:12 - [TEST_STEP][PASSED] - setEncryptedText(findTestObject(orPath_TaxInfo + "/input_TaxInfo_RetypefeinSsn_Existing_New"), ""): Text ****** has been set on object 'Object Repository/RAD_Pages/TaxInfo_Page/input_TaxInfo_RetypefeinSsn_Existing_New'

2024-01-13 22:43:13 - [MESSAGE][PASSED] - Text ****** has been set on object 'Object Repository/RAD_Pages/TaxInfo_Page/input_TaxInfo_RetypefeinSsn_Existing_New'

2024-01-13 22:43:13 - [TEST_STEP][PASSED] - break: null

2024-01-13 22:43:13 - [TEST_STEP][PASSED] - if (feinSsn.equalsIgnoreCase("Y")): null

2024-01-13 22:43:13 - [TEST_STEP][PASSED] - if (verifyTextPresent("Please enter a valid FEIN/SSN with 9 digits", true)): null

2024-01-13 22:43:14 - [MESSAGE][PASSED] - Text 'Please enter a valid FEIN/SSN with 9 digits' is present on page  using regular expression

2024-01-13 22:43:14 - [TEST_STEP][PASSED] - println("Error Message is present on the page"): null

2024-01-13 22:43:14 - [TEST_STEP][PASSED] - out.println("Pass Record Number: " + row): null

2024-01-13 22:43:14 - [TEST_STEP][PASSED] - resText = "Pass": null

2024-01-13 22:43:14 - [TEST_STEP][PASSED] - pages.WriteExcel.demoKey(resText, datText, resColumn, datCloumn, fileLoc, nameSheet, row): pages.WriteExcel.demoKey is PASSED

2024-01-13 22:43:14 - [MESSAGE][PASSED] - pages.WriteExcel.demoKey is PASSED

2024-01-13 22:43:14 - [TEST_STEP][PASSED] - ExecuteTC = findTestData(dataFile).getValue("Execute", row): null

2024-01-13 22:43:14 - [TEST_STEP][PASSED] - Taxtype = findTestData(dataFile).getValue("TaxType", row): null

2024-01-13 22:43:14 - [TEST_STEP][PASSED] - Paymenttype = findTestData(dataFile).getValue("PaymentType", row): null

2024-01-13 22:43:14 - [TEST_STEP][PASSED] - feinSsn = findTestData(dataFile).getValue("FEINSSN", row): null

2024-01-13 22:43:14 - [TEST_STEP][PASSED] - out.println("Value of Execute is : " + ExecuteTC): null

2024-01-13 22:43:14 - [TEST_STEP][PASSED] - if (ExecuteTC.equalsIgnoreCase("Y")): null

2024-01-13 22:43:14 - [TEST_STEP][PASSED] - out.println("Begin Record Number: " + row): null

2024-01-13 22:43:14 - [TEST_STEP][PASSED] - today = new java.util.Date(): null

2024-01-13 22:43:14 - [TEST_STEP][PASSED] - println(today): null

2024-01-13 22:43:14 - [TEST_STEP][PASSED] - datText = today: null

2024-01-13 22:43:14 - [TEST_STEP][PASSED] - Taxtype = findTestData(dataFile).getValue("TaxType", row): null

2024-01-13 22:43:14 - [TEST_STEP][PASSED] - out.println("Taxtype value is : " + Taxtype): null

2024-01-13 22:43:14 - [TEST_STEP][PASSED] - openBrowser(""): Browser is opened with url: ''

2024-01-13 22:43:14 - [MESSAGE][WARNING] - A browser is already opened. Closing browser and opening a new one

2024-01-13 22:43:15 - [MESSAGE][INFO] - Starting 'Chrome' driver

2024-01-13 22:43:15 - [MESSAGE][INFO] - User set preference: ['acceptInsecureCerts', 'true']

2024-01-13 22:43:15 - [MESSAGE][INFO] - Action delay is set to 0 milliseconds

2024-01-13 22:43:16 - [MESSAGE][PASSED] - Browser is opened with url: ''

2024-01-13 22:43:16 - [TEST_STEP][PASSED] - maximizeWindow(): Current window maximized

2024-01-13 22:43:16 - [MESSAGE][PASSED] - Current window maximized

2024-01-13 22:43:16 - [TEST_STEP][PASSED] - navigateToUrl(RADurl): Navigate to 'https://qa2.velocitypayment.com/client/rad/index.html' successfully

2024-01-13 22:43:18 - [MESSAGE][PASSED] - Navigate to 'https://qa2.velocitypayment.com/client/rad/index.html' successfully

2024-01-13 22:43:18 - [TEST_STEP][PASSED] - orPath_Landing = "Object Repository/RAD_Pages/Landing_Page": null

2024-01-13 22:43:18 - [TEST_STEP][PASSED] - orPath_TaxTypeFilingYear = "Object Repository/RAD_Pages/TaxTypeFilingYear_Page": null

2024-01-13 22:43:18 - [TEST_STEP][PASSED] - orPath_TaxPayer = "Object Repository/RAD_Pages/Taxpayer_Page": null

2024-01-13 22:43:18 - [TEST_STEP][PASSED] - orPath_AddressContact = "Object Repository/RAD_Pages/AddressAndContactInfo_Page": null

2024-01-13 22:43:18 - [TEST_STEP][PASSED] - orPath_FilingStatus = "Object Repository/RAD_Pages/FilingStatus_Page": null

2024-01-13 22:43:18 - [TEST_STEP][PASSED] - orPath_Amount = "Object Repository/RAD_Pages/PaymentAmount_Page": null

2024-01-13 22:43:18 - [TEST_STEP][PASSED] - orPath_TaxInfo = "Object Repository/RAD_Pages/TaxInfo_Page": null

2024-01-13 22:43:18 - [TEST_STEP][PASSED] - orPath_Withholding = "Object Repository/RAD_Pages/Withholding_Page": null

2024-01-13 22:43:18 - [TEST_STEP][PASSED] - orPath_Summary = "Object Repository/RAD_Pages/Summary_Page": null

2024-01-13 22:43:18 - [TEST_STEP][PASSED] - orPath_PaymentReady = "Object Repository/RAD_Pages/PaymentReady_Page": null

2024-01-13 22:43:18 - [TEST_STEP][PASSED] - orPath_PaymentEntry = "Object Repository/RAD_Pages/PaymentEntry_Page": null

2024-01-13 22:43:18 - [TEST_STEP][PASSED] - orPath_PaymentConfirmation = "Object Repository/RAD_Pages/PaymentConfirmation_Page": null

2024-01-13 22:43:18 - [TEST_STEP][PASSED] - orPath_ServiceFeesAccept = "Object Repository/RAD_Pages/ServiceFeeAccept_Page": null

2024-01-13 22:43:18 - [TEST_STEP][PASSED] - selectOptionByLabel(findTestObject(orPath_Landing + "/dd_TaxType"), Paymenttype, false): All options with label 'Existing Liability w/Notice Number' are selected in object 'Object Repository/RAD_Pages/Landing_Page/dd_TaxType' 

2024-01-13 22:43:19 - [MESSAGE][PASSED] - All options with label 'Existing Liability w/Notice Number' are selected in object 'Object Repository/RAD_Pages/Landing_Page/dd_TaxType' 

2024-01-13 22:43:19 - [TEST_STEP][PASSED] - delay(1): Delayed 1 second(s)

2024-01-13 22:43:20 - [MESSAGE][PASSED] - Delayed 1 second(s)

2024-01-13 22:43:20 - [TEST_STEP][PASSED] - switch (Paymenttype): null

2024-01-13 22:43:20 - [TEST_STEP][PASSED] - case "Existing Liability w/Notice Number":: null

2024-01-13 22:43:20 - [TEST_STEP][PASSED] - selectOptionByLabel(findTestObject(orPath_TaxTypeFilingYear + "/select_TaxType_ExistingLiability"), Taxtype, false): All options with label 'PTE Non-Electing S Corp' are selected in object 'Object Repository/RAD_Pages/TaxTypeFilingYear_Page/select_TaxType_ExistingLiability' 

2024-01-13 22:43:20 - [MESSAGE][PASSED] - All options with label 'PTE Non-Electing S Corp' are selected in object 'Object Repository/RAD_Pages/TaxTypeFilingYear_Page/select_TaxType_ExistingLiability' 

2024-01-13 22:43:20 - [TEST_STEP][PASSED] - break: null

2024-01-13 22:43:20 - [TEST_STEP][PASSED] - delay(1): Delayed 1 second(s)

2024-01-13 22:43:21 - [MESSAGE][PASSED] - Delayed 1 second(s)

2024-01-13 22:43:21 - [TEST_STEP][PASSED] - switch (Paymenttype): null

2024-01-13 22:43:21 - [TEST_STEP][PASSED] - case "Existing Liability w/Notice Number":: null

2024-01-13 22:43:21 - [TEST_STEP][PASSED] - if (feinSsn.equalsIgnoreCase("Y")): Text ****** has been set on object 'Object Repository/RAD_Pages/TaxInfo_Page/input_TaxInfo_RetypefeinSsn_Existing_New'

2024-01-13 22:43:21 - [TEST_STEP][PASSED] - setEncryptedText(findTestObject(orPath_TaxInfo + "/input_TaxInfo_feinSsn_Existing_New"), "iGDxf8hSRT4="): Text ****** has been set on object 'Object Repository/RAD_Pages/TaxInfo_Page/input_TaxInfo_feinSsn_Existing_New'

2024-01-13 22:43:22 - [MESSAGE][PASSED] - Text ****** has been set on object 'Object Repository/RAD_Pages/TaxInfo_Page/input_TaxInfo_feinSsn_Existing_New'

2024-01-13 22:43:22 - [TEST_STEP][PASSED] - setEncryptedText(findTestObject(orPath_TaxInfo + "/input_TaxInfo_RetypefeinSsn_Existing_New"), ""): Text ****** has been set on object 'Object Repository/RAD_Pages/TaxInfo_Page/input_TaxInfo_RetypefeinSsn_Existing_New'

2024-01-13 22:43:22 - [MESSAGE][PASSED] - Text ****** has been set on object 'Object Repository/RAD_Pages/TaxInfo_Page/input_TaxInfo_RetypefeinSsn_Existing_New'

2024-01-13 22:43:22 - [TEST_STEP][PASSED] - break: null

2024-01-13 22:43:22 - [TEST_STEP][PASSED] - if (feinSsn.equalsIgnoreCase("Y")): null

2024-01-13 22:43:22 - [TEST_STEP][PASSED] - if (verifyTextPresent("Please enter a valid FEIN/SSN with 9 digits", true)): null

2024-01-13 22:43:23 - [MESSAGE][PASSED] - Text 'Please enter a valid FEIN/SSN with 9 digits' is present on page  using regular expression

2024-01-13 22:43:23 - [TEST_STEP][PASSED] - println("Error Message is present on the page"): null

2024-01-13 22:43:23 - [TEST_STEP][PASSED] - out.println("Pass Record Number: " + row): null

2024-01-13 22:43:23 - [TEST_STEP][PASSED] - resText = "Pass": null

2024-01-13 22:43:23 - [TEST_STEP][PASSED] - pages.WriteExcel.demoKey(resText, datText, resColumn, datCloumn, fileLoc, nameSheet, row): pages.WriteExcel.demoKey is PASSED

2024-01-13 22:43:23 - [MESSAGE][PASSED] - pages.WriteExcel.demoKey is PASSED

2024-01-13 22:43:23 - [TEST_STEP][PASSED] - ExecuteTC = findTestData(dataFile).getValue("Execute", row): null

2024-01-13 22:43:23 - [TEST_STEP][PASSED] - Taxtype = findTestData(dataFile).getValue("TaxType", row): null

2024-01-13 22:43:23 - [TEST_STEP][PASSED] - Paymenttype = findTestData(dataFile).getValue("PaymentType", row): null

2024-01-13 22:43:23 - [TEST_STEP][PASSED] - feinSsn = findTestData(dataFile).getValue("FEINSSN", row): null

2024-01-13 22:43:23 - [TEST_STEP][PASSED] - out.println("Value of Execute is : " + ExecuteTC): null

2024-01-13 22:43:23 - [TEST_STEP][PASSED] - if (ExecuteTC.equalsIgnoreCase("Y")): null

2024-01-13 22:43:23 - [TEST_STEP][PASSED] - out.println("Begin Record Number: " + row): null

2024-01-13 22:43:23 - [TEST_STEP][PASSED] - today = new java.util.Date(): null

2024-01-13 22:43:23 - [TEST_STEP][PASSED] - println(today): null

2024-01-13 22:43:23 - [TEST_STEP][PASSED] - datText = today: null

2024-01-13 22:43:23 - [TEST_STEP][PASSED] - Taxtype = findTestData(dataFile).getValue("TaxType", row): null

2024-01-13 22:43:23 - [TEST_STEP][PASSED] - out.println("Taxtype value is : " + Taxtype): null

2024-01-13 22:43:23 - [TEST_STEP][PASSED] - openBrowser(""): Browser is opened with url: ''

2024-01-13 22:43:23 - [MESSAGE][WARNING] - A browser is already opened. Closing browser and opening a new one

2024-01-13 22:43:24 - [MESSAGE][INFO] - Starting 'Chrome' driver

2024-01-13 22:43:24 - [MESSAGE][INFO] - User set preference: ['acceptInsecureCerts', 'true']

2024-01-13 22:43:24 - [MESSAGE][INFO] - Action delay is set to 0 milliseconds

2024-01-13 22:43:26 - [MESSAGE][PASSED] - Browser is opened with url: ''

2024-01-13 22:43:26 - [TEST_STEP][PASSED] - maximizeWindow(): Current window maximized

2024-01-13 22:43:26 - [MESSAGE][PASSED] - Current window maximized

2024-01-13 22:43:26 - [TEST_STEP][PASSED] - navigateToUrl(RADurl): Navigate to 'https://qa2.velocitypayment.com/client/rad/index.html' successfully

2024-01-13 22:43:27 - [MESSAGE][PASSED] - Navigate to 'https://qa2.velocitypayment.com/client/rad/index.html' successfully

2024-01-13 22:43:27 - [TEST_STEP][PASSED] - orPath_Landing = "Object Repository/RAD_Pages/Landing_Page": null

2024-01-13 22:43:27 - [TEST_STEP][PASSED] - orPath_TaxTypeFilingYear = "Object Repository/RAD_Pages/TaxTypeFilingYear_Page": null

2024-01-13 22:43:27 - [TEST_STEP][PASSED] - orPath_TaxPayer = "Object Repository/RAD_Pages/Taxpayer_Page": null

2024-01-13 22:43:27 - [TEST_STEP][PASSED] - orPath_AddressContact = "Object Repository/RAD_Pages/AddressAndContactInfo_Page": null

2024-01-13 22:43:27 - [TEST_STEP][PASSED] - orPath_FilingStatus = "Object Repository/RAD_Pages/FilingStatus_Page": null

2024-01-13 22:43:27 - [TEST_STEP][PASSED] - orPath_Amount = "Object Repository/RAD_Pages/PaymentAmount_Page": null

2024-01-13 22:43:27 - [TEST_STEP][PASSED] - orPath_TaxInfo = "Object Repository/RAD_Pages/TaxInfo_Page": null

2024-01-13 22:43:27 - [TEST_STEP][PASSED] - orPath_Withholding = "Object Repository/RAD_Pages/Withholding_Page": null

2024-01-13 22:43:27 - [TEST_STEP][PASSED] - orPath_Summary = "Object Repository/RAD_Pages/Summary_Page": null

2024-01-13 22:43:27 - [TEST_STEP][PASSED] - orPath_PaymentReady = "Object Repository/RAD_Pages/PaymentReady_Page": null

2024-01-13 22:43:27 - [TEST_STEP][PASSED] - orPath_PaymentEntry = "Object Repository/RAD_Pages/PaymentEntry_Page": null

2024-01-13 22:43:27 - [TEST_STEP][PASSED] - orPath_PaymentConfirmation = "Object Repository/RAD_Pages/PaymentConfirmation_Page": null

2024-01-13 22:43:27 - [TEST_STEP][PASSED] - orPath_ServiceFeesAccept = "Object Repository/RAD_Pages/ServiceFeeAccept_Page": null

2024-01-13 22:43:27 - [TEST_STEP][PASSED] - selectOptionByLabel(findTestObject(orPath_Landing + "/dd_TaxType"), Paymenttype, false): All options with label 'Existing Liability w/Notice Number' are selected in object 'Object Repository/RAD_Pages/Landing_Page/dd_TaxType' 

2024-01-13 22:43:28 - [MESSAGE][PASSED] - All options with label 'Existing Liability w/Notice Number' are selected in object 'Object Repository/RAD_Pages/Landing_Page/dd_TaxType' 

2024-01-13 22:43:28 - [TEST_STEP][PASSED] - delay(1): Delayed 1 second(s)

2024-01-13 22:43:29 - [MESSAGE][PASSED] - Delayed 1 second(s)

2024-01-13 22:43:29 - [TEST_STEP][PASSED] - switch (Paymenttype): null

2024-01-13 22:43:29 - [TEST_STEP][PASSED] - case "Existing Liability w/Notice Number":: null

2024-01-13 22:43:29 - [TEST_STEP][PASSED] - selectOptionByLabel(findTestObject(orPath_TaxTypeFilingYear + "/select_TaxType_ExistingLiability"), Taxtype, false): All options with label 'Sales & Use Tax' are selected in object 'Object Repository/RAD_Pages/TaxTypeFilingYear_Page/select_TaxType_ExistingLiability' 

2024-01-13 22:43:30 - [MESSAGE][PASSED] - All options with label 'Sales & Use Tax' are selected in object 'Object Repository/RAD_Pages/TaxTypeFilingYear_Page/select_TaxType_ExistingLiability' 

2024-01-13 22:43:30 - [TEST_STEP][PASSED] - break: null

2024-01-13 22:43:30 - [TEST_STEP][PASSED] - delay(1): Delayed 1 second(s)

2024-01-13 22:43:31 - [MESSAGE][PASSED] - Delayed 1 second(s)

2024-01-13 22:43:31 - [TEST_STEP][PASSED] - switch (Paymenttype): null

2024-01-13 22:43:31 - [TEST_STEP][PASSED] - case "Existing Liability w/Notice Number":: null

2024-01-13 22:43:31 - [TEST_STEP][PASSED] - if (feinSsn.equalsIgnoreCase("Y")): null

2024-01-13 22:43:31 - [TEST_STEP][PASSED] - else: Text ****** has been set on object 'Object Repository/RAD_RecordAndPlay/input_Existing_RetypeFEIN'

2024-01-13 22:43:31 - [TEST_STEP][PASSED] - setEncryptedText(findTestObject("Object Repository/RAD_RecordAndPlay/input_Existing_FEIN"), "iGDxf8hSRT4="): Text ****** has been set on object 'Object Repository/RAD_RecordAndPlay/input_Existing_FEIN'

2024-01-13 22:43:31 - [MESSAGE][PASSED] - Text ****** has been set on object 'Object Repository/RAD_RecordAndPlay/input_Existing_FEIN'

2024-01-13 22:43:31 - [TEST_STEP][PASSED] - setEncryptedText(findTestObject("Object Repository/RAD_RecordAndPlay/input_Existing_RetypeFEIN"), ""): Text ****** has been set on object 'Object Repository/RAD_RecordAndPlay/input_Existing_RetypeFEIN'

2024-01-13 22:43:32 - [MESSAGE][PASSED] - Text ****** has been set on object 'Object Repository/RAD_RecordAndPlay/input_Existing_RetypeFEIN'

2024-01-13 22:43:32 - [TEST_STEP][PASSED] - break: null

2024-01-13 22:43:32 - [TEST_STEP][PASSED] - if (feinSsn.equalsIgnoreCase("Y")): null

2024-01-13 22:43:32 - [TEST_STEP][PASSED] - else: null

2024-01-13 22:43:32 - [TEST_STEP][PASSED] - if (verifyTextPresent("Please enter a valid FEIN with 9 digits.", true)): null

2024-01-13 22:43:32 - [MESSAGE][PASSED] - Text 'Please enter a valid FEIN with 9 digits.' is present on page  using regular expression

2024-01-13 22:43:32 - [TEST_STEP][PASSED] - println("Error Message is present on the page"): null

2024-01-13 22:43:32 - [TEST_STEP][PASSED] - out.println("Pass Record Number: " + row): null

2024-01-13 22:43:32 - [TEST_STEP][PASSED] - resText = "Pass": null

2024-01-13 22:43:32 - [TEST_STEP][PASSED] - pages.WriteExcel.demoKey(resText, datText, resColumn, datCloumn, fileLoc, nameSheet, row): pages.WriteExcel.demoKey is PASSED

2024-01-13 22:43:32 - [MESSAGE][PASSED] - pages.WriteExcel.demoKey is PASSED

2024-01-13 22:43:32 - [TEST_STEP][PASSED] - ExecuteTC = findTestData(dataFile).getValue("Execute", row): null

2024-01-13 22:43:32 - [TEST_STEP][PASSED] - Taxtype = findTestData(dataFile).getValue("TaxType", row): null

2024-01-13 22:43:33 - [TEST_STEP][PASSED] - Paymenttype = findTestData(dataFile).getValue("PaymentType", row): null

2024-01-13 22:43:33 - [TEST_STEP][PASSED] - feinSsn = findTestData(dataFile).getValue("FEINSSN", row): null

2024-01-13 22:43:33 - [TEST_STEP][PASSED] - out.println("Value of Execute is : " + ExecuteTC): null

2024-01-13 22:43:33 - [TEST_STEP][PASSED] - if (ExecuteTC.equalsIgnoreCase("Y")): null

2024-01-13 22:43:33 - [TEST_STEP][PASSED] - out.println("Begin Record Number: " + row): null

2024-01-13 22:43:33 - [TEST_STEP][PASSED] - today = new java.util.Date(): null

2024-01-13 22:43:33 - [TEST_STEP][PASSED] - println(today): null

2024-01-13 22:43:33 - [TEST_STEP][PASSED] - datText = today: null

2024-01-13 22:43:33 - [TEST_STEP][PASSED] - Taxtype = findTestData(dataFile).getValue("TaxType", row): null

2024-01-13 22:43:33 - [TEST_STEP][PASSED] - out.println("Taxtype value is : " + Taxtype): null

2024-01-13 22:43:33 - [TEST_STEP][PASSED] - openBrowser(""): Browser is opened with url: ''

2024-01-13 22:43:33 - [MESSAGE][WARNING] - A browser is already opened. Closing browser and opening a new one

2024-01-13 22:43:34 - [MESSAGE][INFO] - Starting 'Chrome' driver

2024-01-13 22:43:34 - [MESSAGE][INFO] - User set preference: ['acceptInsecureCerts', 'true']

2024-01-13 22:43:34 - [MESSAGE][INFO] - Action delay is set to 0 milliseconds

2024-01-13 22:43:35 - [MESSAGE][PASSED] - Browser is opened with url: ''

2024-01-13 22:43:35 - [TEST_STEP][PASSED] - maximizeWindow(): Current window maximized

2024-01-13 22:43:35 - [MESSAGE][PASSED] - Current window maximized

2024-01-13 22:43:35 - [TEST_STEP][PASSED] - navigateToUrl(RADurl): Navigate to 'https://qa2.velocitypayment.com/client/rad/index.html' successfully

2024-01-13 22:43:37 - [MESSAGE][PASSED] - Navigate to 'https://qa2.velocitypayment.com/client/rad/index.html' successfully

2024-01-13 22:43:37 - [TEST_STEP][PASSED] - orPath_Landing = "Object Repository/RAD_Pages/Landing_Page": null

2024-01-13 22:43:37 - [TEST_STEP][PASSED] - orPath_TaxTypeFilingYear = "Object Repository/RAD_Pages/TaxTypeFilingYear_Page": null

2024-01-13 22:43:37 - [TEST_STEP][PASSED] - orPath_TaxPayer = "Object Repository/RAD_Pages/Taxpayer_Page": null

2024-01-13 22:43:37 - [TEST_STEP][PASSED] - orPath_AddressContact = "Object Repository/RAD_Pages/AddressAndContactInfo_Page": null

2024-01-13 22:43:37 - [TEST_STEP][PASSED] - orPath_FilingStatus = "Object Repository/RAD_Pages/FilingStatus_Page": null

2024-01-13 22:43:37 - [TEST_STEP][PASSED] - orPath_Amount = "Object Repository/RAD_Pages/PaymentAmount_Page": null

2024-01-13 22:43:37 - [TEST_STEP][PASSED] - orPath_TaxInfo = "Object Repository/RAD_Pages/TaxInfo_Page": null

2024-01-13 22:43:37 - [TEST_STEP][PASSED] - orPath_Withholding = "Object Repository/RAD_Pages/Withholding_Page": null

2024-01-13 22:43:37 - [TEST_STEP][PASSED] - orPath_Summary = "Object Repository/RAD_Pages/Summary_Page": null

2024-01-13 22:43:37 - [TEST_STEP][PASSED] - orPath_PaymentReady = "Object Repository/RAD_Pages/PaymentReady_Page": null

2024-01-13 22:43:37 - [TEST_STEP][PASSED] - orPath_PaymentEntry = "Object Repository/RAD_Pages/PaymentEntry_Page": null

2024-01-13 22:43:37 - [TEST_STEP][PASSED] - orPath_PaymentConfirmation = "Object Repository/RAD_Pages/PaymentConfirmation_Page": null

2024-01-13 22:43:37 - [TEST_STEP][PASSED] - orPath_ServiceFeesAccept = "Object Repository/RAD_Pages/ServiceFeeAccept_Page": null

2024-01-13 22:43:37 - [TEST_STEP][PASSED] - selectOptionByLabel(findTestObject(orPath_Landing + "/dd_TaxType"), Paymenttype, false): All options with label 'Existing Liability w/Notice Number' are selected in object 'Object Repository/RAD_Pages/Landing_Page/dd_TaxType' 

2024-01-13 22:43:37 - [MESSAGE][PASSED] - All options with label 'Existing Liability w/Notice Number' are selected in object 'Object Repository/RAD_Pages/Landing_Page/dd_TaxType' 

2024-01-13 22:43:37 - [TEST_STEP][PASSED] - delay(1): Delayed 1 second(s)

2024-01-13 22:43:38 - [MESSAGE][PASSED] - Delayed 1 second(s)

2024-01-13 22:43:38 - [TEST_STEP][PASSED] - switch (Paymenttype): null

2024-01-13 22:43:38 - [TEST_STEP][PASSED] - case "Existing Liability w/Notice Number":: null

2024-01-13 22:43:38 - [TEST_STEP][PASSED] - selectOptionByLabel(findTestObject(orPath_TaxTypeFilingYear + "/select_TaxType_ExistingLiability"), Taxtype, false): All options with label 'Tire Recycling Fee' are selected in object 'Object Repository/RAD_Pages/TaxTypeFilingYear_Page/select_TaxType_ExistingLiability' 

2024-01-13 22:43:39 - [MESSAGE][PASSED] - All options with label 'Tire Recycling Fee' are selected in object 'Object Repository/RAD_Pages/TaxTypeFilingYear_Page/select_TaxType_ExistingLiability' 

2024-01-13 22:43:39 - [TEST_STEP][PASSED] - break: null

2024-01-13 22:43:39 - [TEST_STEP][PASSED] - delay(1): Delayed 1 second(s)

2024-01-13 22:43:40 - [MESSAGE][PASSED] - Delayed 1 second(s)

2024-01-13 22:43:40 - [TEST_STEP][PASSED] - switch (Paymenttype): null

2024-01-13 22:43:40 - [TEST_STEP][PASSED] - case "Existing Liability w/Notice Number":: null

2024-01-13 22:43:40 - [TEST_STEP][PASSED] - if (feinSsn.equalsIgnoreCase("Y")): null

2024-01-13 22:43:40 - [TEST_STEP][PASSED] - else: Text ****** has been set on object 'Object Repository/RAD_RecordAndPlay/input_Existing_RetypeFEIN'

2024-01-13 22:43:40 - [TEST_STEP][PASSED] - setEncryptedText(findTestObject("Object Repository/RAD_RecordAndPlay/input_Existing_FEIN"), "iGDxf8hSRT4="): Text ****** has been set on object 'Object Repository/RAD_RecordAndPlay/input_Existing_FEIN'

2024-01-13 22:43:41 - [MESSAGE][PASSED] - Text ****** has been set on object 'Object Repository/RAD_RecordAndPlay/input_Existing_FEIN'

2024-01-13 22:43:41 - [TEST_STEP][PASSED] - setEncryptedText(findTestObject("Object Repository/RAD_RecordAndPlay/input_Existing_RetypeFEIN"), ""): Text ****** has been set on object 'Object Repository/RAD_RecordAndPlay/input_Existing_RetypeFEIN'

2024-01-13 22:43:41 - [MESSAGE][PASSED] - Text ****** has been set on object 'Object Repository/RAD_RecordAndPlay/input_Existing_RetypeFEIN'

2024-01-13 22:43:41 - [TEST_STEP][PASSED] - break: null

2024-01-13 22:43:41 - [TEST_STEP][PASSED] - if (feinSsn.equalsIgnoreCase("Y")): null

2024-01-13 22:43:41 - [TEST_STEP][PASSED] - else: null

2024-01-13 22:43:41 - [TEST_STEP][PASSED] - if (verifyTextPresent("Please enter a valid FEIN with 9 digits.", true)): null

2024-01-13 22:43:42 - [MESSAGE][PASSED] - Text 'Please enter a valid FEIN with 9 digits.' is present on page  using regular expression

2024-01-13 22:43:42 - [TEST_STEP][PASSED] - println("Error Message is present on the page"): null

2024-01-13 22:43:42 - [TEST_STEP][PASSED] - out.println("Pass Record Number: " + row): null

2024-01-13 22:43:42 - [TEST_STEP][PASSED] - resText = "Pass": null

2024-01-13 22:43:42 - [TEST_STEP][PASSED] - pages.WriteExcel.demoKey(resText, datText, resColumn, datCloumn, fileLoc, nameSheet, row): pages.WriteExcel.demoKey is PASSED

2024-01-13 22:43:42 - [MESSAGE][PASSED] - pages.WriteExcel.demoKey is PASSED

2024-01-13 22:43:42 - [TEST_STEP][PASSED] - ExecuteTC = findTestData(dataFile).getValue("Execute", row): null

2024-01-13 22:43:42 - [TEST_STEP][PASSED] - Taxtype = findTestData(dataFile).getValue("TaxType", row): null

2024-01-13 22:43:42 - [TEST_STEP][PASSED] - Paymenttype = findTestData(dataFile).getValue("PaymentType", row): null

2024-01-13 22:43:42 - [TEST_STEP][PASSED] - feinSsn = findTestData(dataFile).getValue("FEINSSN", row): null

2024-01-13 22:43:42 - [TEST_STEP][PASSED] - out.println("Value of Execute is : " + ExecuteTC): null

2024-01-13 22:43:42 - [TEST_STEP][PASSED] - if (ExecuteTC.equalsIgnoreCase("Y")): null

2024-01-13 22:43:42 - [TEST_STEP][PASSED] - out.println("Begin Record Number: " + row): null

2024-01-13 22:43:42 - [TEST_STEP][PASSED] - today = new java.util.Date(): null

2024-01-13 22:43:42 - [TEST_STEP][PASSED] - println(today): null

2024-01-13 22:43:42 - [TEST_STEP][PASSED] - datText = today: null

2024-01-13 22:43:42 - [TEST_STEP][PASSED] - Taxtype = findTestData(dataFile).getValue("TaxType", row): null

2024-01-13 22:43:42 - [TEST_STEP][PASSED] - out.println("Taxtype value is : " + Taxtype): null

2024-01-13 22:43:42 - [TEST_STEP][PASSED] - openBrowser(""): Browser is opened with url: ''

2024-01-13 22:43:42 - [MESSAGE][WARNING] - A browser is already opened. Closing browser and opening a new one

2024-01-13 22:43:43 - [MESSAGE][INFO] - Starting 'Chrome' driver

2024-01-13 22:43:43 - [MESSAGE][INFO] - User set preference: ['acceptInsecureCerts', 'true']

2024-01-13 22:43:43 - [MESSAGE][INFO] - Action delay is set to 0 milliseconds

2024-01-13 22:43:45 - [MESSAGE][PASSED] - Browser is opened with url: ''

2024-01-13 22:43:45 - [TEST_STEP][PASSED] - maximizeWindow(): Current window maximized

2024-01-13 22:43:45 - [MESSAGE][PASSED] - Current window maximized

2024-01-13 22:43:45 - [TEST_STEP][PASSED] - navigateToUrl(RADurl): Navigate to 'https://qa2.velocitypayment.com/client/rad/index.html' successfully

2024-01-13 22:43:46 - [MESSAGE][PASSED] - Navigate to 'https://qa2.velocitypayment.com/client/rad/index.html' successfully

2024-01-13 22:43:46 - [TEST_STEP][PASSED] - orPath_Landing = "Object Repository/RAD_Pages/Landing_Page": null

2024-01-13 22:43:46 - [TEST_STEP][PASSED] - orPath_TaxTypeFilingYear = "Object Repository/RAD_Pages/TaxTypeFilingYear_Page": null

2024-01-13 22:43:46 - [TEST_STEP][PASSED] - orPath_TaxPayer = "Object Repository/RAD_Pages/Taxpayer_Page": null

2024-01-13 22:43:46 - [TEST_STEP][PASSED] - orPath_AddressContact = "Object Repository/RAD_Pages/AddressAndContactInfo_Page": null

2024-01-13 22:43:46 - [TEST_STEP][PASSED] - orPath_FilingStatus = "Object Repository/RAD_Pages/FilingStatus_Page": null

2024-01-13 22:43:46 - [TEST_STEP][PASSED] - orPath_Amount = "Object Repository/RAD_Pages/PaymentAmount_Page": null

2024-01-13 22:43:46 - [TEST_STEP][PASSED] - orPath_TaxInfo = "Object Repository/RAD_Pages/TaxInfo_Page": null

2024-01-13 22:43:46 - [TEST_STEP][PASSED] - orPath_Withholding = "Object Repository/RAD_Pages/Withholding_Page": null

2024-01-13 22:43:46 - [TEST_STEP][PASSED] - orPath_Summary = "Object Repository/RAD_Pages/Summary_Page": null

2024-01-13 22:43:46 - [TEST_STEP][PASSED] - orPath_PaymentReady = "Object Repository/RAD_Pages/PaymentReady_Page": null

2024-01-13 22:43:46 - [TEST_STEP][PASSED] - orPath_PaymentEntry = "Object Repository/RAD_Pages/PaymentEntry_Page": null

2024-01-13 22:43:46 - [TEST_STEP][PASSED] - orPath_PaymentConfirmation = "Object Repository/RAD_Pages/PaymentConfirmation_Page": null

2024-01-13 22:43:46 - [TEST_STEP][PASSED] - orPath_ServiceFeesAccept = "Object Repository/RAD_Pages/ServiceFeeAccept_Page": null

2024-01-13 22:43:46 - [TEST_STEP][PASSED] - selectOptionByLabel(findTestObject(orPath_Landing + "/dd_TaxType"), Paymenttype, false): All options with label 'Existing Liability w/Notice Number' are selected in object 'Object Repository/RAD_Pages/Landing_Page/dd_TaxType' 

2024-01-13 22:43:47 - [MESSAGE][PASSED] - All options with label 'Existing Liability w/Notice Number' are selected in object 'Object Repository/RAD_Pages/Landing_Page/dd_TaxType' 

2024-01-13 22:43:47 - [TEST_STEP][PASSED] - delay(1): Delayed 1 second(s)

2024-01-13 22:43:48 - [MESSAGE][PASSED] - Delayed 1 second(s)

2024-01-13 22:43:48 - [TEST_STEP][PASSED] - switch (Paymenttype): null

2024-01-13 22:43:48 - [TEST_STEP][PASSED] - case "Existing Liability w/Notice Number":: null

2024-01-13 22:43:48 - [TEST_STEP][PASSED] - selectOptionByLabel(findTestObject(orPath_TaxTypeFilingYear + "/select_TaxType_ExistingLiability"), Taxtype, false): All options with label 'Withholding Tax' are selected in object 'Object Repository/RAD_Pages/TaxTypeFilingYear_Page/select_TaxType_ExistingLiability' 

2024-01-13 22:43:48 - [MESSAGE][PASSED] - All options with label 'Withholding Tax' are selected in object 'Object Repository/RAD_Pages/TaxTypeFilingYear_Page/select_TaxType_ExistingLiability' 

2024-01-13 22:43:48 - [TEST_STEP][PASSED] - break: null

2024-01-13 22:43:48 - [TEST_STEP][PASSED] - delay(1): Delayed 1 second(s)

2024-01-13 22:43:49 - [MESSAGE][PASSED] - Delayed 1 second(s)

2024-01-13 22:43:49 - [TEST_STEP][PASSED] - switch (Paymenttype): null

2024-01-13 22:43:49 - [TEST_STEP][PASSED] - case "Existing Liability w/Notice Number":: null

2024-01-13 22:43:49 - [TEST_STEP][PASSED] - if (feinSsn.equalsIgnoreCase("Y")): null

2024-01-13 22:43:49 - [TEST_STEP][PASSED] - else: Text ****** has been set on object 'Object Repository/RAD_RecordAndPlay/input_Existing_RetypeFEIN'

2024-01-13 22:43:49 - [TEST_STEP][PASSED] - setEncryptedText(findTestObject("Object Repository/RAD_RecordAndPlay/input_Existing_FEIN"), "iGDxf8hSRT4="): Text ****** has been set on object 'Object Repository/RAD_RecordAndPlay/input_Existing_FEIN'

2024-01-13 22:43:50 - [MESSAGE][PASSED] - Text ****** has been set on object 'Object Repository/RAD_RecordAndPlay/input_Existing_FEIN'

2024-01-13 22:43:50 - [TEST_STEP][PASSED] - setEncryptedText(findTestObject("Object Repository/RAD_RecordAndPlay/input_Existing_RetypeFEIN"), ""): Text ****** has been set on object 'Object Repository/RAD_RecordAndPlay/input_Existing_RetypeFEIN'

2024-01-13 22:43:51 - [MESSAGE][PASSED] - Text ****** has been set on object 'Object Repository/RAD_RecordAndPlay/input_Existing_RetypeFEIN'

2024-01-13 22:43:51 - [TEST_STEP][PASSED] - break: null

2024-01-13 22:43:51 - [TEST_STEP][PASSED] - if (feinSsn.equalsIgnoreCase("Y")): null

2024-01-13 22:43:51 - [TEST_STEP][PASSED] - else: null

2024-01-13 22:43:51 - [TEST_STEP][PASSED] - if (verifyTextPresent("Please enter a valid FEIN with 9 digits.", true)): null

2024-01-13 22:43:51 - [MESSAGE][PASSED] - Text 'Please enter a valid FEIN with 9 digits.' is present on page  using regular expression

2024-01-13 22:43:51 - [TEST_STEP][PASSED] - println("Error Message is present on the page"): null

2024-01-13 22:43:51 - [TEST_STEP][PASSED] - out.println("Pass Record Number: " + row): null

2024-01-13 22:43:51 - [TEST_STEP][PASSED] - resText = "Pass": null

2024-01-13 22:43:51 - [TEST_STEP][PASSED] - pages.WriteExcel.demoKey(resText, datText, resColumn, datCloumn, fileLoc, nameSheet, row): pages.WriteExcel.demoKey is PASSED

2024-01-13 22:43:51 - [MESSAGE][PASSED] - pages.WriteExcel.demoKey is PASSED

2024-01-13 22:43:51 - [TEST_STEP][PASSED] - ExecuteTC = findTestData(dataFile).getValue("Execute", row): null

2024-01-13 22:43:51 - [TEST_STEP][PASSED] - Taxtype = findTestData(dataFile).getValue("TaxType", row): null

2024-01-13 22:43:51 - [TEST_STEP][PASSED] - Paymenttype = findTestData(dataFile).getValue("PaymentType", row): null

2024-01-13 22:43:51 - [TEST_STEP][PASSED] - feinSsn = findTestData(dataFile).getValue("FEINSSN", row): null

2024-01-13 22:43:51 - [TEST_STEP][PASSED] - out.println("Value of Execute is : " + ExecuteTC): null

2024-01-13 22:43:51 - [TEST_STEP][PASSED] - if (ExecuteTC.equalsIgnoreCase("Y")): null

2024-01-13 22:43:51 - [TEST_STEP][PASSED] - out.println("Begin Record Number: " + row): null

2024-01-13 22:43:51 - [TEST_STEP][PASSED] - today = new java.util.Date(): null

2024-01-13 22:43:51 - [TEST_STEP][PASSED] - println(today): null

2024-01-13 22:43:51 - [TEST_STEP][PASSED] - datText = today: null

2024-01-13 22:43:51 - [TEST_STEP][PASSED] - Taxtype = findTestData(dataFile).getValue("TaxType", row): null

2024-01-13 22:43:51 - [TEST_STEP][PASSED] - out.println("Taxtype value is : " + Taxtype): null

2024-01-13 22:43:51 - [TEST_STEP][PASSED] - openBrowser(""): Browser is opened with url: ''

2024-01-13 22:43:51 - [MESSAGE][WARNING] - A browser is already opened. Closing browser and opening a new one

2024-01-13 22:43:52 - [MESSAGE][INFO] - Starting 'Chrome' driver

2024-01-13 22:43:52 - [MESSAGE][INFO] - User set preference: ['acceptInsecureCerts', 'true']

2024-01-13 22:43:52 - [MESSAGE][INFO] - Action delay is set to 0 milliseconds

2024-01-13 22:43:54 - [MESSAGE][PASSED] - Browser is opened with url: ''

2024-01-13 22:43:54 - [TEST_STEP][PASSED] - maximizeWindow(): Current window maximized

2024-01-13 22:43:54 - [MESSAGE][PASSED] - Current window maximized

2024-01-13 22:43:54 - [TEST_STEP][PASSED] - navigateToUrl(RADurl): Navigate to 'https://qa2.velocitypayment.com/client/rad/index.html' successfully

2024-01-13 22:43:56 - [MESSAGE][PASSED] - Navigate to 'https://qa2.velocitypayment.com/client/rad/index.html' successfully

2024-01-13 22:43:56 - [TEST_STEP][PASSED] - orPath_Landing = "Object Repository/RAD_Pages/Landing_Page": null

2024-01-13 22:43:56 - [TEST_STEP][PASSED] - orPath_TaxTypeFilingYear = "Object Repository/RAD_Pages/TaxTypeFilingYear_Page": null

2024-01-13 22:43:56 - [TEST_STEP][PASSED] - orPath_TaxPayer = "Object Repository/RAD_Pages/Taxpayer_Page": null

2024-01-13 22:43:56 - [TEST_STEP][PASSED] - orPath_AddressContact = "Object Repository/RAD_Pages/AddressAndContactInfo_Page": null

2024-01-13 22:43:56 - [TEST_STEP][PASSED] - orPath_FilingStatus = "Object Repository/RAD_Pages/FilingStatus_Page": null

2024-01-13 22:43:56 - [TEST_STEP][PASSED] - orPath_Amount = "Object Repository/RAD_Pages/PaymentAmount_Page": null

2024-01-13 22:43:56 - [TEST_STEP][PASSED] - orPath_TaxInfo = "Object Repository/RAD_Pages/TaxInfo_Page": null

2024-01-13 22:43:56 - [TEST_STEP][PASSED] - orPath_Withholding = "Object Repository/RAD_Pages/Withholding_Page": null

2024-01-13 22:43:56 - [TEST_STEP][PASSED] - orPath_Summary = "Object Repository/RAD_Pages/Summary_Page": null

2024-01-13 22:43:56 - [TEST_STEP][PASSED] - orPath_PaymentReady = "Object Repository/RAD_Pages/PaymentReady_Page": null

2024-01-13 22:43:56 - [TEST_STEP][PASSED] - orPath_PaymentEntry = "Object Repository/RAD_Pages/PaymentEntry_Page": null

2024-01-13 22:43:56 - [TEST_STEP][PASSED] - orPath_PaymentConfirmation = "Object Repository/RAD_Pages/PaymentConfirmation_Page": null

2024-01-13 22:43:56 - [TEST_STEP][PASSED] - orPath_ServiceFeesAccept = "Object Repository/RAD_Pages/ServiceFeeAccept_Page": null

2024-01-13 22:43:56 - [TEST_STEP][PASSED] - selectOptionByLabel(findTestObject(orPath_Landing + "/dd_TaxType"), Paymenttype, false): All options with label 'Existing Liability w/Notice Number' are selected in object 'Object Repository/RAD_Pages/Landing_Page/dd_TaxType' 

2024-01-13 22:43:56 - [MESSAGE][PASSED] - All options with label 'Existing Liability w/Notice Number' are selected in object 'Object Repository/RAD_Pages/Landing_Page/dd_TaxType' 

2024-01-13 22:43:56 - [TEST_STEP][PASSED] - delay(1): Delayed 1 second(s)

2024-01-13 22:43:57 - [MESSAGE][PASSED] - Delayed 1 second(s)

2024-01-13 22:43:57 - [TEST_STEP][PASSED] - switch (Paymenttype): null

2024-01-13 22:43:57 - [TEST_STEP][PASSED] - case "Existing Liability w/Notice Number":: null

2024-01-13 22:43:57 - [TEST_STEP][PASSED] - selectOptionByLabel(findTestObject(orPath_TaxTypeFilingYear + "/select_TaxType_ExistingLiability"), Taxtype, false): All options with label 'Alcohol Tax' are selected in object 'Object Repository/RAD_Pages/TaxTypeFilingYear_Page/select_TaxType_ExistingLiability' 

2024-01-13 22:43:58 - [MESSAGE][PASSED] - All options with label 'Alcohol Tax' are selected in object 'Object Repository/RAD_Pages/TaxTypeFilingYear_Page/select_TaxType_ExistingLiability' 

2024-01-13 22:43:58 - [TEST_STEP][PASSED] - break: null

2024-01-13 22:43:58 - [TEST_STEP][PASSED] - delay(1): Delayed 1 second(s)

2024-01-13 22:43:59 - [MESSAGE][PASSED] - Delayed 1 second(s)

2024-01-13 22:43:59 - [TEST_STEP][PASSED] - switch (Paymenttype): null

2024-01-13 22:43:59 - [TEST_STEP][PASSED] - case "Existing Liability w/Notice Number":: null

2024-01-13 22:43:59 - [TEST_STEP][PASSED] - if (feinSsn.equalsIgnoreCase("Y")): null

2024-01-13 22:43:59 - [TEST_STEP][PASSED] - else: Text ****** has been set on object 'Object Repository/RAD_RecordAndPlay/input_Existing_RetypeFEIN'

2024-01-13 22:43:59 - [TEST_STEP][PASSED] - setEncryptedText(findTestObject("Object Repository/RAD_RecordAndPlay/input_Existing_FEIN"), "iGDxf8hSRT4="): Text ****** has been set on object 'Object Repository/RAD_RecordAndPlay/input_Existing_FEIN'

2024-01-13 22:44:00 - [MESSAGE][PASSED] - Text ****** has been set on object 'Object Repository/RAD_RecordAndPlay/input_Existing_FEIN'

2024-01-13 22:44:00 - [TEST_STEP][PASSED] - setEncryptedText(findTestObject("Object Repository/RAD_RecordAndPlay/input_Existing_RetypeFEIN"), ""): Text ****** has been set on object 'Object Repository/RAD_RecordAndPlay/input_Existing_RetypeFEIN'

2024-01-13 22:44:00 - [MESSAGE][PASSED] - Text ****** has been set on object 'Object Repository/RAD_RecordAndPlay/input_Existing_RetypeFEIN'

2024-01-13 22:44:00 - [TEST_STEP][PASSED] - break: null

2024-01-13 22:44:00 - [TEST_STEP][PASSED] - if (feinSsn.equalsIgnoreCase("Y")): null

2024-01-13 22:44:00 - [TEST_STEP][PASSED] - else: null

2024-01-13 22:44:00 - [TEST_STEP][PASSED] - if (verifyTextPresent("Please enter a valid FEIN with 9 digits.", true)): null

2024-01-13 22:44:01 - [MESSAGE][PASSED] - Text 'Please enter a valid FEIN with 9 digits.' is present on page  using regular expression

2024-01-13 22:44:01 - [TEST_STEP][PASSED] - println("Error Message is present on the page"): null

2024-01-13 22:44:01 - [TEST_STEP][PASSED] - out.println("Pass Record Number: " + row): null

2024-01-13 22:44:01 - [TEST_STEP][PASSED] - resText = "Pass": null

2024-01-13 22:44:01 - [TEST_STEP][PASSED] - pages.WriteExcel.demoKey(resText, datText, resColumn, datCloumn, fileLoc, nameSheet, row): pages.WriteExcel.demoKey is PASSED

2024-01-13 22:44:01 - [MESSAGE][PASSED] - pages.WriteExcel.demoKey is PASSED

2024-01-13 22:44:01 - [TEST_STEP][PASSED] - ExecuteTC = findTestData(dataFile).getValue("Execute", row): null

2024-01-13 22:44:01 - [TEST_STEP][PASSED] - Taxtype = findTestData(dataFile).getValue("TaxType", row): null

2024-01-13 22:44:01 - [TEST_STEP][PASSED] - Paymenttype = findTestData(dataFile).getValue("PaymentType", row): null

2024-01-13 22:44:01 - [TEST_STEP][PASSED] - feinSsn = findTestData(dataFile).getValue("FEINSSN", row): null

2024-01-13 22:44:01 - [TEST_STEP][PASSED] - out.println("Value of Execute is : " + ExecuteTC): null

2024-01-13 22:44:01 - [TEST_STEP][PASSED] - if (ExecuteTC.equalsIgnoreCase("Y")): null

2024-01-13 22:44:01 - [TEST_STEP][PASSED] - out.println("Begin Record Number: " + row): null

2024-01-13 22:44:01 - [TEST_STEP][PASSED] - today = new java.util.Date(): null

2024-01-13 22:44:01 - [TEST_STEP][PASSED] - println(today): null

2024-01-13 22:44:01 - [TEST_STEP][PASSED] - datText = today: null

2024-01-13 22:44:01 - [TEST_STEP][PASSED] - Taxtype = findTestData(dataFile).getValue("TaxType", row): null

2024-01-13 22:44:01 - [TEST_STEP][PASSED] - out.println("Taxtype value is : " + Taxtype): null

2024-01-13 22:44:01 - [TEST_STEP][PASSED] - openBrowser(""): Browser is opened with url: ''

2024-01-13 22:44:01 - [MESSAGE][WARNING] - A browser is already opened. Closing browser and opening a new one

2024-01-13 22:44:02 - [MESSAGE][INFO] - Starting 'Chrome' driver

2024-01-13 22:44:02 - [MESSAGE][INFO] - User set preference: ['acceptInsecureCerts', 'true']

2024-01-13 22:44:02 - [MESSAGE][INFO] - Action delay is set to 0 milliseconds

2024-01-13 22:44:04 - [MESSAGE][PASSED] - Browser is opened with url: ''

2024-01-13 22:44:04 - [TEST_STEP][PASSED] - maximizeWindow(): Current window maximized

2024-01-13 22:44:04 - [MESSAGE][PASSED] - Current window maximized

2024-01-13 22:44:04 - [TEST_STEP][PASSED] - navigateToUrl(RADurl): Navigate to 'https://qa2.velocitypayment.com/client/rad/index.html' successfully

2024-01-13 22:44:05 - [MESSAGE][PASSED] - Navigate to 'https://qa2.velocitypayment.com/client/rad/index.html' successfully

2024-01-13 22:44:05 - [TEST_STEP][PASSED] - orPath_Landing = "Object Repository/RAD_Pages/Landing_Page": null

2024-01-13 22:44:05 - [TEST_STEP][PASSED] - orPath_TaxTypeFilingYear = "Object Repository/RAD_Pages/TaxTypeFilingYear_Page": null

2024-01-13 22:44:05 - [TEST_STEP][PASSED] - orPath_TaxPayer = "Object Repository/RAD_Pages/Taxpayer_Page": null

2024-01-13 22:44:05 - [TEST_STEP][PASSED] - orPath_AddressContact = "Object Repository/RAD_Pages/AddressAndContactInfo_Page": null

2024-01-13 22:44:05 - [TEST_STEP][PASSED] - orPath_FilingStatus = "Object Repository/RAD_Pages/FilingStatus_Page": null

2024-01-13 22:44:05 - [TEST_STEP][PASSED] - orPath_Amount = "Object Repository/RAD_Pages/PaymentAmount_Page": null

2024-01-13 22:44:05 - [TEST_STEP][PASSED] - orPath_TaxInfo = "Object Repository/RAD_Pages/TaxInfo_Page": null

2024-01-13 22:44:05 - [TEST_STEP][PASSED] - orPath_Withholding = "Object Repository/RAD_Pages/Withholding_Page": null

2024-01-13 22:44:05 - [TEST_STEP][PASSED] - orPath_Summary = "Object Repository/RAD_Pages/Summary_Page": null

2024-01-13 22:44:05 - [TEST_STEP][PASSED] - orPath_PaymentReady = "Object Repository/RAD_Pages/PaymentReady_Page": null

2024-01-13 22:44:05 - [TEST_STEP][PASSED] - orPath_PaymentEntry = "Object Repository/RAD_Pages/PaymentEntry_Page": null

2024-01-13 22:44:05 - [TEST_STEP][PASSED] - orPath_PaymentConfirmation = "Object Repository/RAD_Pages/PaymentConfirmation_Page": null

2024-01-13 22:44:05 - [TEST_STEP][PASSED] - orPath_ServiceFeesAccept = "Object Repository/RAD_Pages/ServiceFeeAccept_Page": null

2024-01-13 22:44:05 - [TEST_STEP][PASSED] - selectOptionByLabel(findTestObject(orPath_Landing + "/dd_TaxType"), Paymenttype, false): All options with label 'Existing Liability w/Notice Number' are selected in object 'Object Repository/RAD_Pages/Landing_Page/dd_TaxType' 

2024-01-13 22:44:06 - [MESSAGE][PASSED] - All options with label 'Existing Liability w/Notice Number' are selected in object 'Object Repository/RAD_Pages/Landing_Page/dd_TaxType' 

2024-01-13 22:44:06 - [TEST_STEP][PASSED] - delay(1): Delayed 1 second(s)

2024-01-13 22:44:07 - [MESSAGE][PASSED] - Delayed 1 second(s)

2024-01-13 22:44:07 - [TEST_STEP][PASSED] - switch (Paymenttype): null

2024-01-13 22:44:07 - [TEST_STEP][PASSED] - case "Existing Liability w/Notice Number":: null

2024-01-13 22:44:07 - [TEST_STEP][PASSED] - selectOptionByLabel(findTestObject(orPath_TaxTypeFilingYear + "/select_TaxType_ExistingLiability"), Taxtype, false): All options with label 'PTE Tax Electing Non-S Corp' are selected in object 'Object Repository/RAD_Pages/TaxTypeFilingYear_Page/select_TaxType_ExistingLiability' 

2024-01-13 22:44:07 - [MESSAGE][PASSED] - All options with label 'PTE Tax Electing Non-S Corp' are selected in object 'Object Repository/RAD_Pages/TaxTypeFilingYear_Page/select_TaxType_ExistingLiability' 

2024-01-13 22:44:07 - [TEST_STEP][PASSED] - break: null

2024-01-13 22:44:07 - [TEST_STEP][PASSED] - delay(1): Delayed 1 second(s)

2024-01-13 22:44:08 - [MESSAGE][PASSED] - Delayed 1 second(s)

2024-01-13 22:44:08 - [TEST_STEP][PASSED] - switch (Paymenttype): null

2024-01-13 22:44:08 - [TEST_STEP][PASSED] - case "Existing Liability w/Notice Number":: null

2024-01-13 22:44:08 - [TEST_STEP][PASSED] - if (feinSsn.equalsIgnoreCase("Y")): Text ****** has been set on object 'Object Repository/RAD_Pages/TaxInfo_Page/input_TaxInfo_RetypefeinSsn_Existing_New'

2024-01-13 22:44:08 - [TEST_STEP][PASSED] - setEncryptedText(findTestObject(orPath_TaxInfo + "/input_TaxInfo_feinSsn_Existing_New"), "iGDxf8hSRT4="): Text ****** has been set on object 'Object Repository/RAD_Pages/TaxInfo_Page/input_TaxInfo_feinSsn_Existing_New'

2024-01-13 22:44:09 - [MESSAGE][PASSED] - Text ****** has been set on object 'Object Repository/RAD_Pages/TaxInfo_Page/input_TaxInfo_feinSsn_Existing_New'

2024-01-13 22:44:09 - [TEST_STEP][PASSED] - setEncryptedText(findTestObject(orPath_TaxInfo + "/input_TaxInfo_RetypefeinSsn_Existing_New"), ""): Text ****** has been set on object 'Object Repository/RAD_Pages/TaxInfo_Page/input_TaxInfo_RetypefeinSsn_Existing_New'

2024-01-13 22:44:10 - [MESSAGE][PASSED] - Text ****** has been set on object 'Object Repository/RAD_Pages/TaxInfo_Page/input_TaxInfo_RetypefeinSsn_Existing_New'

2024-01-13 22:44:10 - [TEST_STEP][PASSED] - break: null

2024-01-13 22:44:10 - [TEST_STEP][PASSED] - if (feinSsn.equalsIgnoreCase("Y")): null

2024-01-13 22:44:10 - [TEST_STEP][PASSED] - if (verifyTextPresent("Please enter a valid FEIN/SSN with 9 digits", true)): null

2024-01-13 22:44:10 - [MESSAGE][PASSED] - Text 'Please enter a valid FEIN/SSN with 9 digits' is present on page  using regular expression

2024-01-13 22:44:10 - [TEST_STEP][PASSED] - println("Error Message is present on the page"): null

2024-01-13 22:44:10 - [TEST_STEP][PASSED] - out.println("Pass Record Number: " + row): null

2024-01-13 22:44:10 - [TEST_STEP][PASSED] - resText = "Pass": null

2024-01-13 22:44:10 - [TEST_STEP][PASSED] - pages.WriteExcel.demoKey(resText, datText, resColumn, datCloumn, fileLoc, nameSheet, row): pages.WriteExcel.demoKey is PASSED

2024-01-13 22:44:10 - [MESSAGE][PASSED] - pages.WriteExcel.demoKey is PASSED

2024-01-13 22:44:10 - [TEST_STEP][PASSED] - ExecuteTC = findTestData(dataFile).getValue("Execute", row): null

2024-01-13 22:44:10 - [TEST_STEP][PASSED] - Taxtype = findTestData(dataFile).getValue("TaxType", row): null

2024-01-13 22:44:10 - [TEST_STEP][PASSED] - Paymenttype = findTestData(dataFile).getValue("PaymentType", row): null

2024-01-13 22:44:10 - [TEST_STEP][PASSED] - feinSsn = findTestData(dataFile).getValue("FEINSSN", row): null

2024-01-13 22:44:10 - [TEST_STEP][PASSED] - out.println("Value of Execute is : " + ExecuteTC): null

2024-01-13 22:44:10 - [TEST_STEP][PASSED] - if (ExecuteTC.equalsIgnoreCase("Y")): null

2024-01-13 22:44:10 - [TEST_STEP][PASSED] - out.println("Begin Record Number: " + row): null

2024-01-13 22:44:10 - [TEST_STEP][PASSED] - today = new java.util.Date(): null

2024-01-13 22:44:10 - [TEST_STEP][PASSED] - println(today): null

2024-01-13 22:44:10 - [TEST_STEP][PASSED] - datText = today: null

2024-01-13 22:44:10 - [TEST_STEP][PASSED] - Taxtype = findTestData(dataFile).getValue("TaxType", row): null

2024-01-13 22:44:10 - [TEST_STEP][PASSED] - out.println("Taxtype value is : " + Taxtype): null

2024-01-13 22:44:10 - [TEST_STEP][PASSED] - openBrowser(""): Browser is opened with url: ''

2024-01-13 22:44:10 - [MESSAGE][WARNING] - A browser is already opened. Closing browser and opening a new one

2024-01-13 22:44:11 - [MESSAGE][INFO] - Starting 'Chrome' driver

2024-01-13 22:44:11 - [MESSAGE][INFO] - User set preference: ['acceptInsecureCerts', 'true']

2024-01-13 22:44:11 - [MESSAGE][INFO] - Action delay is set to 0 milliseconds

2024-01-13 22:44:13 - [MESSAGE][PASSED] - Browser is opened with url: ''

2024-01-13 22:44:13 - [TEST_STEP][PASSED] - maximizeWindow(): Current window maximized

2024-01-13 22:44:13 - [MESSAGE][PASSED] - Current window maximized

2024-01-13 22:44:13 - [TEST_STEP][PASSED] - navigateToUrl(RADurl): Navigate to 'https://qa2.velocitypayment.com/client/rad/index.html' successfully

2024-01-13 22:44:15 - [MESSAGE][PASSED] - Navigate to 'https://qa2.velocitypayment.com/client/rad/index.html' successfully

2024-01-13 22:44:15 - [TEST_STEP][PASSED] - orPath_Landing = "Object Repository/RAD_Pages/Landing_Page": null

2024-01-13 22:44:15 - [TEST_STEP][PASSED] - orPath_TaxTypeFilingYear = "Object Repository/RAD_Pages/TaxTypeFilingYear_Page": null

2024-01-13 22:44:15 - [TEST_STEP][PASSED] - orPath_TaxPayer = "Object Repository/RAD_Pages/Taxpayer_Page": null

2024-01-13 22:44:15 - [TEST_STEP][PASSED] - orPath_AddressContact = "Object Repository/RAD_Pages/AddressAndContactInfo_Page": null

2024-01-13 22:44:15 - [TEST_STEP][PASSED] - orPath_FilingStatus = "Object Repository/RAD_Pages/FilingStatus_Page": null

2024-01-13 22:44:15 - [TEST_STEP][PASSED] - orPath_Amount = "Object Repository/RAD_Pages/PaymentAmount_Page": null

2024-01-13 22:44:15 - [TEST_STEP][PASSED] - orPath_TaxInfo = "Object Repository/RAD_Pages/TaxInfo_Page": null

2024-01-13 22:44:15 - [TEST_STEP][PASSED] - orPath_Withholding = "Object Repository/RAD_Pages/Withholding_Page": null

2024-01-13 22:44:15 - [TEST_STEP][PASSED] - orPath_Summary = "Object Repository/RAD_Pages/Summary_Page": null

2024-01-13 22:44:15 - [TEST_STEP][PASSED] - orPath_PaymentReady = "Object Repository/RAD_Pages/PaymentReady_Page": null

2024-01-13 22:44:15 - [TEST_STEP][PASSED] - orPath_PaymentEntry = "Object Repository/RAD_Pages/PaymentEntry_Page": null

2024-01-13 22:44:15 - [TEST_STEP][PASSED] - orPath_PaymentConfirmation = "Object Repository/RAD_Pages/PaymentConfirmation_Page": null

2024-01-13 22:44:15 - [TEST_STEP][PASSED] - orPath_ServiceFeesAccept = "Object Repository/RAD_Pages/ServiceFeeAccept_Page": null

2024-01-13 22:44:15 - [TEST_STEP][PASSED] - selectOptionByLabel(findTestObject(orPath_Landing + "/dd_TaxType"), Paymenttype, false): All options with label 'Existing Liability w/Notice Number' are selected in object 'Object Repository/RAD_Pages/Landing_Page/dd_TaxType' 

2024-01-13 22:44:15 - [MESSAGE][PASSED] - All options with label 'Existing Liability w/Notice Number' are selected in object 'Object Repository/RAD_Pages/Landing_Page/dd_TaxType' 

2024-01-13 22:44:15 - [TEST_STEP][PASSED] - delay(1): Delayed 1 second(s)

2024-01-13 22:44:16 - [MESSAGE][PASSED] - Delayed 1 second(s)

2024-01-13 22:44:16 - [TEST_STEP][PASSED] - switch (Paymenttype): null

2024-01-13 22:44:16 - [TEST_STEP][PASSED] - case "Existing Liability w/Notice Number":: null

2024-01-13 22:44:16 - [TEST_STEP][PASSED] - selectOptionByLabel(findTestObject(orPath_TaxTypeFilingYear + "/select_TaxType_ExistingLiability"), Taxtype, false): All options with label 'PTE Tax Electing S Corp' are selected in object 'Object Repository/RAD_Pages/TaxTypeFilingYear_Page/select_TaxType_ExistingLiability' 

2024-01-13 22:44:17 - [MESSAGE][PASSED] - All options with label 'PTE Tax Electing S Corp' are selected in object 'Object Repository/RAD_Pages/TaxTypeFilingYear_Page/select_TaxType_ExistingLiability' 

2024-01-13 22:44:17 - [TEST_STEP][PASSED] - break: null

2024-01-13 22:44:17 - [TEST_STEP][PASSED] - delay(1): Delayed 1 second(s)

2024-01-13 22:44:18 - [MESSAGE][PASSED] - Delayed 1 second(s)

2024-01-13 22:44:18 - [TEST_STEP][PASSED] - switch (Paymenttype): null

2024-01-13 22:44:18 - [TEST_STEP][PASSED] - case "Existing Liability w/Notice Number":: null

2024-01-13 22:44:18 - [TEST_STEP][PASSED] - if (feinSsn.equalsIgnoreCase("Y")): Text ****** has been set on object 'Object Repository/RAD_Pages/TaxInfo_Page/input_TaxInfo_RetypefeinSsn_Existing_New'

2024-01-13 22:44:18 - [TEST_STEP][PASSED] - setEncryptedText(findTestObject(orPath_TaxInfo + "/input_TaxInfo_feinSsn_Existing_New"), "iGDxf8hSRT4="): Text ****** has been set on object 'Object Repository/RAD_Pages/TaxInfo_Page/input_TaxInfo_feinSsn_Existing_New'

2024-01-13 22:44:18 - [MESSAGE][PASSED] - Text ****** has been set on object 'Object Repository/RAD_Pages/TaxInfo_Page/input_TaxInfo_feinSsn_Existing_New'

2024-01-13 22:44:18 - [TEST_STEP][PASSED] - setEncryptedText(findTestObject(orPath_TaxInfo + "/input_TaxInfo_RetypefeinSsn_Existing_New"), ""): Text ****** has been set on object 'Object Repository/RAD_Pages/TaxInfo_Page/input_TaxInfo_RetypefeinSsn_Existing_New'

2024-01-13 22:44:19 - [MESSAGE][PASSED] - Text ****** has been set on object 'Object Repository/RAD_Pages/TaxInfo_Page/input_TaxInfo_RetypefeinSsn_Existing_New'

2024-01-13 22:44:19 - [TEST_STEP][PASSED] - break: null

2024-01-13 22:44:19 - [TEST_STEP][PASSED] - if (feinSsn.equalsIgnoreCase("Y")): null

2024-01-13 22:44:19 - [TEST_STEP][PASSED] - if (verifyTextPresent("Please enter a valid FEIN/SSN with 9 digits", true)): null

2024-01-13 22:44:20 - [MESSAGE][PASSED] - Text 'Please enter a valid FEIN/SSN with 9 digits' is present on page  using regular expression

2024-01-13 22:44:20 - [TEST_STEP][PASSED] - println("Error Message is present on the page"): null

2024-01-13 22:44:20 - [TEST_STEP][PASSED] - out.println("Pass Record Number: " + row): null

2024-01-13 22:44:20 - [TEST_STEP][PASSED] - resText = "Pass": null

2024-01-13 22:44:20 - [TEST_STEP][PASSED] - pages.WriteExcel.demoKey(resText, datText, resColumn, datCloumn, fileLoc, nameSheet, row): pages.WriteExcel.demoKey is PASSED

2024-01-13 22:44:20 - [MESSAGE][PASSED] - pages.WriteExcel.demoKey is PASSED

2024-01-13 22:44:20 - [TEST_STEP][PASSED] - ExecuteTC = findTestData(dataFile).getValue("Execute", row): null

2024-01-13 22:44:20 - [TEST_STEP][PASSED] - Taxtype = findTestData(dataFile).getValue("TaxType", row): null

2024-01-13 22:44:20 - [TEST_STEP][PASSED] - Paymenttype = findTestData(dataFile).getValue("PaymentType", row): null

2024-01-13 22:44:20 - [TEST_STEP][PASSED] - feinSsn = findTestData(dataFile).getValue("FEINSSN", row): null

2024-01-13 22:44:20 - [TEST_STEP][PASSED] - out.println("Value of Execute is : " + ExecuteTC): null

2024-01-13 22:44:20 - [TEST_STEP][PASSED] - if (ExecuteTC.equalsIgnoreCase("Y")): null

2024-01-13 22:44:20 - [TEST_STEP][PASSED] - out.println("Begin Record Number: " + row): null

2024-01-13 22:44:20 - [TEST_STEP][PASSED] - today = new java.util.Date(): null

2024-01-13 22:44:20 - [TEST_STEP][PASSED] - println(today): null

2024-01-13 22:44:20 - [TEST_STEP][PASSED] - datText = today: null

2024-01-13 22:44:20 - [TEST_STEP][PASSED] - Taxtype = findTestData(dataFile).getValue("TaxType", row): null

2024-01-13 22:44:20 - [TEST_STEP][PASSED] - out.println("Taxtype value is : " + Taxtype): null

2024-01-13 22:44:20 - [TEST_STEP][PASSED] - openBrowser(""): Browser is opened with url: ''

2024-01-13 22:44:20 - [MESSAGE][WARNING] - A browser is already opened. Closing browser and opening a new one

2024-01-13 22:44:21 - [MESSAGE][INFO] - Starting 'Chrome' driver

2024-01-13 22:44:21 - [MESSAGE][INFO] - User set preference: ['acceptInsecureCerts', 'true']

2024-01-13 22:44:21 - [MESSAGE][INFO] - Action delay is set to 0 milliseconds

2024-01-13 22:44:22 - [MESSAGE][PASSED] - Browser is opened with url: ''

2024-01-13 22:44:22 - [TEST_STEP][PASSED] - maximizeWindow(): Current window maximized

2024-01-13 22:44:22 - [MESSAGE][PASSED] - Current window maximized

2024-01-13 22:44:22 - [TEST_STEP][PASSED] - navigateToUrl(RADurl): Navigate to 'https://qa2.velocitypayment.com/client/rad/index.html' successfully

2024-01-13 22:44:24 - [MESSAGE][PASSED] - Navigate to 'https://qa2.velocitypayment.com/client/rad/index.html' successfully

2024-01-13 22:44:24 - [TEST_STEP][PASSED] - orPath_Landing = "Object Repository/RAD_Pages/Landing_Page": null

2024-01-13 22:44:24 - [TEST_STEP][PASSED] - orPath_TaxTypeFilingYear = "Object Repository/RAD_Pages/TaxTypeFilingYear_Page": null

2024-01-13 22:44:24 - [TEST_STEP][PASSED] - orPath_TaxPayer = "Object Repository/RAD_Pages/Taxpayer_Page": null

2024-01-13 22:44:24 - [TEST_STEP][PASSED] - orPath_AddressContact = "Object Repository/RAD_Pages/AddressAndContactInfo_Page": null

2024-01-13 22:44:24 - [TEST_STEP][PASSED] - orPath_FilingStatus = "Object Repository/RAD_Pages/FilingStatus_Page": null

2024-01-13 22:44:24 - [TEST_STEP][PASSED] - orPath_Amount = "Object Repository/RAD_Pages/PaymentAmount_Page": null

2024-01-13 22:44:24 - [TEST_STEP][PASSED] - orPath_TaxInfo = "Object Repository/RAD_Pages/TaxInfo_Page": null

2024-01-13 22:44:24 - [TEST_STEP][PASSED] - orPath_Withholding = "Object Repository/RAD_Pages/Withholding_Page": null

2024-01-13 22:44:24 - [TEST_STEP][PASSED] - orPath_Summary = "Object Repository/RAD_Pages/Summary_Page": null

2024-01-13 22:44:24 - [TEST_STEP][PASSED] - orPath_PaymentReady = "Object Repository/RAD_Pages/PaymentReady_Page": null

2024-01-13 22:44:24 - [TEST_STEP][PASSED] - orPath_PaymentEntry = "Object Repository/RAD_Pages/PaymentEntry_Page": null

2024-01-13 22:44:24 - [TEST_STEP][PASSED] - orPath_PaymentConfirmation = "Object Repository/RAD_Pages/PaymentConfirmation_Page": null

2024-01-13 22:44:24 - [TEST_STEP][PASSED] - orPath_ServiceFeesAccept = "Object Repository/RAD_Pages/ServiceFeeAccept_Page": null

2024-01-13 22:44:24 - [TEST_STEP][PASSED] - selectOptionByLabel(findTestObject(orPath_Landing + "/dd_TaxType"), Paymenttype, false): All options with label 'Quarterly Estimated Tax' are selected in object 'Object Repository/RAD_Pages/Landing_Page/dd_TaxType' 

2024-01-13 22:44:25 - [MESSAGE][PASSED] - All options with label 'Quarterly Estimated Tax' are selected in object 'Object Repository/RAD_Pages/Landing_Page/dd_TaxType' 

2024-01-13 22:44:25 - [TEST_STEP][PASSED] - delay(1): Delayed 1 second(s)

2024-01-13 22:44:26 - [MESSAGE][PASSED] - Delayed 1 second(s)

2024-01-13 22:44:26 - [TEST_STEP][PASSED] - switch (Paymenttype): null

2024-01-13 22:44:26 - [TEST_STEP][PASSED] - case "Quarterly Estimated Tax":: null

2024-01-13 22:44:26 - [TEST_STEP][PASSED] - selectOptionByLabel(findTestObject(orPath_TaxTypeFilingYear + "/select_PaymentType"), Taxtype, false): All options with label 'Corporate Income Tax' are selected in object 'Object Repository/RAD_Pages/TaxTypeFilingYear_Page/select_PaymentType' 

2024-01-13 22:44:26 - [MESSAGE][PASSED] - All options with label 'Corporate Income Tax' are selected in object 'Object Repository/RAD_Pages/TaxTypeFilingYear_Page/select_PaymentType' 

2024-01-13 22:44:26 - [TEST_STEP][PASSED] - break: null

2024-01-13 22:44:26 - [TEST_STEP][PASSED] - delay(1): Delayed 1 second(s)

2024-01-13 22:44:27 - [MESSAGE][PASSED] - Delayed 1 second(s)

2024-01-13 22:44:27 - [TEST_STEP][PASSED] - switch (Paymenttype): null

2024-01-13 22:44:27 - [TEST_STEP][PASSED] - case "Quarterly Estimated Tax":: null

2024-01-13 22:44:27 - [TEST_STEP][PASSED] - if (feinSsn.equalsIgnoreCase("Y")): null

2024-01-13 22:44:27 - [TEST_STEP][PASSED] - else: Text ****** has been set on object 'Object Repository/RAD_Pages/TaxInfo_Page/input_FederalEIN_ReEnter'

2024-01-13 22:44:27 - [TEST_STEP][PASSED] - setEncryptedText(findTestObject(orPath_TaxInfo + "/input_FederalEIN"), "iGDxf8hSRT4="): Text ****** has been set on object 'Object Repository/RAD_Pages/TaxInfo_Page/input_FederalEIN'

2024-01-13 22:44:28 - [MESSAGE][PASSED] - Text ****** has been set on object 'Object Repository/RAD_Pages/TaxInfo_Page/input_FederalEIN'

2024-01-13 22:44:28 - [TEST_STEP][PASSED] - setEncryptedText(findTestObject(orPath_TaxInfo + "/input_FederalEIN_ReEnter"), ""): Text ****** has been set on object 'Object Repository/RAD_Pages/TaxInfo_Page/input_FederalEIN_ReEnter'

2024-01-13 22:44:28 - [MESSAGE][PASSED] - Text ****** has been set on object 'Object Repository/RAD_Pages/TaxInfo_Page/input_FederalEIN_ReEnter'

2024-01-13 22:44:28 - [TEST_STEP][PASSED] - break: null

2024-01-13 22:44:28 - [TEST_STEP][PASSED] - if (feinSsn.equalsIgnoreCase("Y")): null

2024-01-13 22:44:28 - [TEST_STEP][PASSED] - else: null

2024-01-13 22:44:28 - [TEST_STEP][PASSED] - if (verifyTextPresent("Please enter a valid FEIN with 9 digits.", true)): null

2024-01-13 22:44:29 - [MESSAGE][PASSED] - Text 'Please enter a valid FEIN with 9 digits.' is present on page  using regular expression

2024-01-13 22:44:29 - [TEST_STEP][PASSED] - println("Error Message is present on the page"): null

2024-01-13 22:44:29 - [TEST_STEP][PASSED] - out.println("Pass Record Number: " + row): null

2024-01-13 22:44:29 - [TEST_STEP][PASSED] - resText = "Pass": null

2024-01-13 22:44:29 - [TEST_STEP][PASSED] - pages.WriteExcel.demoKey(resText, datText, resColumn, datCloumn, fileLoc, nameSheet, row): pages.WriteExcel.demoKey is PASSED

2024-01-13 22:44:29 - [MESSAGE][PASSED] - pages.WriteExcel.demoKey is PASSED

2024-01-13 22:44:29 - [TEST_STEP][PASSED] - ExecuteTC = findTestData(dataFile).getValue("Execute", row): null

2024-01-13 22:44:29 - [TEST_STEP][PASSED] - Taxtype = findTestData(dataFile).getValue("TaxType", row): null

2024-01-13 22:44:29 - [TEST_STEP][PASSED] - Paymenttype = findTestData(dataFile).getValue("PaymentType", row): null

2024-01-13 22:44:29 - [TEST_STEP][PASSED] - feinSsn = findTestData(dataFile).getValue("FEINSSN", row): null

2024-01-13 22:44:29 - [TEST_STEP][PASSED] - out.println("Value of Execute is : " + ExecuteTC): null

2024-01-13 22:44:29 - [TEST_STEP][PASSED] - if (ExecuteTC.equalsIgnoreCase("Y")): null

2024-01-13 22:44:29 - [TEST_STEP][PASSED] - out.println("Begin Record Number: " + row): null

2024-01-13 22:44:29 - [TEST_STEP][PASSED] - today = new java.util.Date(): null

2024-01-13 22:44:29 - [TEST_STEP][PASSED] - println(today): null

2024-01-13 22:44:29 - [TEST_STEP][PASSED] - datText = today: null

2024-01-13 22:44:29 - [TEST_STEP][PASSED] - Taxtype = findTestData(dataFile).getValue("TaxType", row): null

2024-01-13 22:44:29 - [TEST_STEP][PASSED] - out.println("Taxtype value is : " + Taxtype): null

2024-01-13 22:44:29 - [TEST_STEP][PASSED] - openBrowser(""): Browser is opened with url: ''

2024-01-13 22:44:29 - [MESSAGE][WARNING] - A browser is already opened. Closing browser and opening a new one

2024-01-13 22:44:30 - [MESSAGE][INFO] - Starting 'Chrome' driver

2024-01-13 22:44:30 - [MESSAGE][INFO] - User set preference: ['acceptInsecureCerts', 'true']

2024-01-13 22:44:30 - [MESSAGE][INFO] - Action delay is set to 0 milliseconds

2024-01-13 22:44:32 - [MESSAGE][PASSED] - Browser is opened with url: ''

2024-01-13 22:44:32 - [TEST_STEP][PASSED] - maximizeWindow(): Current window maximized

2024-01-13 22:44:32 - [MESSAGE][PASSED] - Current window maximized

2024-01-13 22:44:32 - [TEST_STEP][PASSED] - navigateToUrl(RADurl): Navigate to 'https://qa2.velocitypayment.com/client/rad/index.html' successfully

2024-01-13 22:44:33 - [MESSAGE][PASSED] - Navigate to 'https://qa2.velocitypayment.com/client/rad/index.html' successfully

2024-01-13 22:44:33 - [TEST_STEP][PASSED] - orPath_Landing = "Object Repository/RAD_Pages/Landing_Page": null

2024-01-13 22:44:33 - [TEST_STEP][PASSED] - orPath_TaxTypeFilingYear = "Object Repository/RAD_Pages/TaxTypeFilingYear_Page": null

2024-01-13 22:44:33 - [TEST_STEP][PASSED] - orPath_TaxPayer = "Object Repository/RAD_Pages/Taxpayer_Page": null

2024-01-13 22:44:33 - [TEST_STEP][PASSED] - orPath_AddressContact = "Object Repository/RAD_Pages/AddressAndContactInfo_Page": null

2024-01-13 22:44:33 - [TEST_STEP][PASSED] - orPath_FilingStatus = "Object Repository/RAD_Pages/FilingStatus_Page": null

2024-01-13 22:44:33 - [TEST_STEP][PASSED] - orPath_Amount = "Object Repository/RAD_Pages/PaymentAmount_Page": null

2024-01-13 22:44:33 - [TEST_STEP][PASSED] - orPath_TaxInfo = "Object Repository/RAD_Pages/TaxInfo_Page": null

2024-01-13 22:44:33 - [TEST_STEP][PASSED] - orPath_Withholding = "Object Repository/RAD_Pages/Withholding_Page": null

2024-01-13 22:44:33 - [TEST_STEP][PASSED] - orPath_Summary = "Object Repository/RAD_Pages/Summary_Page": null

2024-01-13 22:44:33 - [TEST_STEP][PASSED] - orPath_PaymentReady = "Object Repository/RAD_Pages/PaymentReady_Page": null

2024-01-13 22:44:33 - [TEST_STEP][PASSED] - orPath_PaymentEntry = "Object Repository/RAD_Pages/PaymentEntry_Page": null

2024-01-13 22:44:33 - [TEST_STEP][PASSED] - orPath_PaymentConfirmation = "Object Repository/RAD_Pages/PaymentConfirmation_Page": null

2024-01-13 22:44:33 - [TEST_STEP][PASSED] - orPath_ServiceFeesAccept = "Object Repository/RAD_Pages/ServiceFeeAccept_Page": null

2024-01-13 22:44:33 - [TEST_STEP][PASSED] - selectOptionByLabel(findTestObject(orPath_Landing + "/dd_TaxType"), Paymenttype, false): All options with label 'Quarterly Estimated Tax' are selected in object 'Object Repository/RAD_Pages/Landing_Page/dd_TaxType' 

2024-01-13 22:44:34 - [MESSAGE][PASSED] - All options with label 'Quarterly Estimated Tax' are selected in object 'Object Repository/RAD_Pages/Landing_Page/dd_TaxType' 

2024-01-13 22:44:34 - [TEST_STEP][PASSED] - delay(1): Delayed 1 second(s)

2024-01-13 22:44:35 - [MESSAGE][PASSED] - Delayed 1 second(s)

2024-01-13 22:44:35 - [TEST_STEP][PASSED] - switch (Paymenttype): null

2024-01-13 22:44:35 - [TEST_STEP][PASSED] - case "Quarterly Estimated Tax":: null

2024-01-13 22:44:35 - [TEST_STEP][PASSED] - selectOptionByLabel(findTestObject(orPath_TaxTypeFilingYear + "/select_PaymentType"), Taxtype, false): All options with label 'Fiduciary Tax' are selected in object 'Object Repository/RAD_Pages/TaxTypeFilingYear_Page/select_PaymentType' 

2024-01-13 22:44:36 - [MESSAGE][PASSED] - All options with label 'Fiduciary Tax' are selected in object 'Object Repository/RAD_Pages/TaxTypeFilingYear_Page/select_PaymentType' 

2024-01-13 22:44:36 - [TEST_STEP][PASSED] - break: null

2024-01-13 22:44:36 - [TEST_STEP][PASSED] - delay(1): Delayed 1 second(s)

2024-01-13 22:44:37 - [MESSAGE][PASSED] - Delayed 1 second(s)

2024-01-13 22:44:37 - [TEST_STEP][PASSED] - switch (Paymenttype): null

2024-01-13 22:44:37 - [TEST_STEP][PASSED] - case "Quarterly Estimated Tax":: null

2024-01-13 22:44:37 - [TEST_STEP][PASSED] - if (feinSsn.equalsIgnoreCase("Y")): null

2024-01-13 22:44:37 - [TEST_STEP][PASSED] - else: Text ****** has been set on object 'Object Repository/RAD_Pages/TaxInfo_Page/input_FederalEIN_ReEnter'

2024-01-13 22:44:37 - [TEST_STEP][PASSED] - setEncryptedText(findTestObject(orPath_TaxInfo + "/input_FederalEIN"), "iGDxf8hSRT4="): Text ****** has been set on object 'Object Repository/RAD_Pages/TaxInfo_Page/input_FederalEIN'

2024-01-13 22:44:37 - [MESSAGE][PASSED] - Text ****** has been set on object 'Object Repository/RAD_Pages/TaxInfo_Page/input_FederalEIN'

2024-01-13 22:44:37 - [TEST_STEP][PASSED] - setEncryptedText(findTestObject(orPath_TaxInfo + "/input_FederalEIN_ReEnter"), ""): Text ****** has been set on object 'Object Repository/RAD_Pages/TaxInfo_Page/input_FederalEIN_ReEnter'

2024-01-13 22:44:38 - [MESSAGE][PASSED] - Text ****** has been set on object 'Object Repository/RAD_Pages/TaxInfo_Page/input_FederalEIN_ReEnter'

2024-01-13 22:44:38 - [TEST_STEP][PASSED] - break: null

2024-01-13 22:44:38 - [TEST_STEP][PASSED] - if (feinSsn.equalsIgnoreCase("Y")): null

2024-01-13 22:44:38 - [TEST_STEP][PASSED] - else: null

2024-01-13 22:44:38 - [TEST_STEP][PASSED] - if (verifyTextPresent("Please enter a valid FEIN with 9 digits.", true)): null

2024-01-13 22:44:38 - [MESSAGE][PASSED] - Text 'Please enter a valid FEIN with 9 digits.' is present on page  using regular expression

2024-01-13 22:44:38 - [TEST_STEP][PASSED] - println("Error Message is present on the page"): null

2024-01-13 22:44:38 - [TEST_STEP][PASSED] - out.println("Pass Record Number: " + row): null

2024-01-13 22:44:38 - [TEST_STEP][PASSED] - resText = "Pass": null

2024-01-13 22:44:38 - [TEST_STEP][PASSED] - pages.WriteExcel.demoKey(resText, datText, resColumn, datCloumn, fileLoc, nameSheet, row): pages.WriteExcel.demoKey is PASSED

2024-01-13 22:44:38 - [MESSAGE][PASSED] - pages.WriteExcel.demoKey is PASSED

2024-01-13 22:44:38 - [TEST_STEP][PASSED] - ExecuteTC = findTestData(dataFile).getValue("Execute", row): null

2024-01-13 22:44:39 - [TEST_STEP][PASSED] - Taxtype = findTestData(dataFile).getValue("TaxType", row): null

2024-01-13 22:44:39 - [TEST_STEP][PASSED] - Paymenttype = findTestData(dataFile).getValue("PaymentType", row): null

2024-01-13 22:44:39 - [TEST_STEP][PASSED] - feinSsn = findTestData(dataFile).getValue("FEINSSN", row): null

2024-01-13 22:44:39 - [TEST_STEP][PASSED] - out.println("Value of Execute is : " + ExecuteTC): null

2024-01-13 22:44:39 - [TEST_STEP][PASSED] - if (ExecuteTC.equalsIgnoreCase("Y")): null

2024-01-13 22:44:39 - [TEST_STEP][PASSED] - out.println("Begin Record Number: " + row): null

2024-01-13 22:44:39 - [TEST_STEP][PASSED] - today = new java.util.Date(): null

2024-01-13 22:44:39 - [TEST_STEP][PASSED] - println(today): null

2024-01-13 22:44:39 - [TEST_STEP][PASSED] - datText = today: null

2024-01-13 22:44:39 - [TEST_STEP][PASSED] - Taxtype = findTestData(dataFile).getValue("TaxType", row): null

2024-01-13 22:44:39 - [TEST_STEP][PASSED] - out.println("Taxtype value is : " + Taxtype): null

2024-01-13 22:44:39 - [TEST_STEP][PASSED] - openBrowser(""): Browser is opened with url: ''

2024-01-13 22:44:39 - [MESSAGE][WARNING] - A browser is already opened. Closing browser and opening a new one

2024-01-13 22:44:40 - [MESSAGE][INFO] - Starting 'Chrome' driver

2024-01-13 22:44:40 - [MESSAGE][INFO] - User set preference: ['acceptInsecureCerts', 'true']

2024-01-13 22:44:40 - [MESSAGE][INFO] - Action delay is set to 0 milliseconds

2024-01-13 22:44:41 - [MESSAGE][PASSED] - Browser is opened with url: ''

2024-01-13 22:44:41 - [TEST_STEP][PASSED] - maximizeWindow(): Current window maximized

2024-01-13 22:44:41 - [MESSAGE][PASSED] - Current window maximized

2024-01-13 22:44:41 - [TEST_STEP][PASSED] - navigateToUrl(RADurl): Navigate to 'https://qa2.velocitypayment.com/client/rad/index.html' successfully

2024-01-13 22:44:43 - [MESSAGE][PASSED] - Navigate to 'https://qa2.velocitypayment.com/client/rad/index.html' successfully

2024-01-13 22:44:43 - [TEST_STEP][PASSED] - orPath_Landing = "Object Repository/RAD_Pages/Landing_Page": null

2024-01-13 22:44:43 - [TEST_STEP][PASSED] - orPath_TaxTypeFilingYear = "Object Repository/RAD_Pages/TaxTypeFilingYear_Page": null

2024-01-13 22:44:43 - [TEST_STEP][PASSED] - orPath_TaxPayer = "Object Repository/RAD_Pages/Taxpayer_Page": null

2024-01-13 22:44:43 - [TEST_STEP][PASSED] - orPath_AddressContact = "Object Repository/RAD_Pages/AddressAndContactInfo_Page": null

2024-01-13 22:44:43 - [TEST_STEP][PASSED] - orPath_FilingStatus = "Object Repository/RAD_Pages/FilingStatus_Page": null

2024-01-13 22:44:43 - [TEST_STEP][PASSED] - orPath_Amount = "Object Repository/RAD_Pages/PaymentAmount_Page": null

2024-01-13 22:44:43 - [TEST_STEP][PASSED] - orPath_TaxInfo = "Object Repository/RAD_Pages/TaxInfo_Page": null

2024-01-13 22:44:43 - [TEST_STEP][PASSED] - orPath_Withholding = "Object Repository/RAD_Pages/Withholding_Page": null

2024-01-13 22:44:43 - [TEST_STEP][PASSED] - orPath_Summary = "Object Repository/RAD_Pages/Summary_Page": null

2024-01-13 22:44:43 - [TEST_STEP][PASSED] - orPath_PaymentReady = "Object Repository/RAD_Pages/PaymentReady_Page": null

2024-01-13 22:44:43 - [TEST_STEP][PASSED] - orPath_PaymentEntry = "Object Repository/RAD_Pages/PaymentEntry_Page": null

2024-01-13 22:44:43 - [TEST_STEP][PASSED] - orPath_PaymentConfirmation = "Object Repository/RAD_Pages/PaymentConfirmation_Page": null

2024-01-13 22:44:43 - [TEST_STEP][PASSED] - orPath_ServiceFeesAccept = "Object Repository/RAD_Pages/ServiceFeeAccept_Page": null

2024-01-13 22:44:43 - [TEST_STEP][PASSED] - selectOptionByLabel(findTestObject(orPath_Landing + "/dd_TaxType"), Paymenttype, false): All options with label 'Quarterly Estimated Tax' are selected in object 'Object Repository/RAD_Pages/Landing_Page/dd_TaxType' 

2024-01-13 22:44:44 - [MESSAGE][PASSED] - All options with label 'Quarterly Estimated Tax' are selected in object 'Object Repository/RAD_Pages/Landing_Page/dd_TaxType' 

2024-01-13 22:44:44 - [TEST_STEP][PASSED] - delay(1): Delayed 1 second(s)

2024-01-13 22:44:45 - [MESSAGE][PASSED] - Delayed 1 second(s)

2024-01-13 22:44:45 - [TEST_STEP][PASSED] - switch (Paymenttype): null

2024-01-13 22:44:45 - [TEST_STEP][PASSED] - case "Quarterly Estimated Tax":: null

2024-01-13 22:44:45 - [TEST_STEP][PASSED] - selectOptionByLabel(findTestObject(orPath_TaxTypeFilingYear + "/select_PaymentType"), Taxtype, false): All options with label 'PTE Non-Electing Non-S Corp' are selected in object 'Object Repository/RAD_Pages/TaxTypeFilingYear_Page/select_PaymentType' 

2024-01-13 22:44:45 - [MESSAGE][PASSED] - All options with label 'PTE Non-Electing Non-S Corp' are selected in object 'Object Repository/RAD_Pages/TaxTypeFilingYear_Page/select_PaymentType' 

2024-01-13 22:44:45 - [TEST_STEP][PASSED] - break: null

2024-01-13 22:44:45 - [TEST_STEP][PASSED] - delay(1): Delayed 1 second(s)

2024-01-13 22:44:46 - [MESSAGE][PASSED] - Delayed 1 second(s)

2024-01-13 22:44:46 - [TEST_STEP][PASSED] - switch (Paymenttype): null

2024-01-13 22:44:46 - [TEST_STEP][PASSED] - case "Quarterly Estimated Tax":: null

2024-01-13 22:44:46 - [TEST_STEP][PASSED] - if (feinSsn.equalsIgnoreCase("Y")): Text ****** has been set on object 'Object Repository/RAD_Pages/TaxInfo_Page/input_TaxInfo_RetypeFeinSsn_New_2'

2024-01-13 22:44:46 - [TEST_STEP][PASSED] - setEncryptedText(findTestObject(orPath_TaxInfo + "/input_TaxInfo_FeinSsn_New_2"), "iGDxf8hSRT4="): Text ****** has been set on object 'Object Repository/RAD_Pages/TaxInfo_Page/input_TaxInfo_FeinSsn_New_2'

2024-01-13 22:44:47 - [MESSAGE][PASSED] - Text ****** has been set on object 'Object Repository/RAD_Pages/TaxInfo_Page/input_TaxInfo_FeinSsn_New_2'

2024-01-13 22:44:47 - [TEST_STEP][PASSED] - setEncryptedText(findTestObject(orPath_TaxInfo + "/input_TaxInfo_RetypeFeinSsn_New_2"), ""): Text ****** has been set on object 'Object Repository/RAD_Pages/TaxInfo_Page/input_TaxInfo_RetypeFeinSsn_New_2'

2024-01-13 22:44:47 - [MESSAGE][PASSED] - Text ****** has been set on object 'Object Repository/RAD_Pages/TaxInfo_Page/input_TaxInfo_RetypeFeinSsn_New_2'

2024-01-13 22:44:47 - [TEST_STEP][PASSED] - break: null

2024-01-13 22:44:47 - [TEST_STEP][PASSED] - if (feinSsn.equalsIgnoreCase("Y")): null

2024-01-13 22:44:47 - [TEST_STEP][PASSED] - if (verifyTextPresent("Please enter a valid FEIN/SSN with 9 digits", true)): null

2024-01-13 22:44:48 - [MESSAGE][PASSED] - Text 'Please enter a valid FEIN/SSN with 9 digits' is present on page  using regular expression

2024-01-13 22:44:48 - [TEST_STEP][PASSED] - println("Error Message is present on the page"): null

2024-01-13 22:44:48 - [TEST_STEP][PASSED] - out.println("Pass Record Number: " + row): null

2024-01-13 22:44:48 - [TEST_STEP][PASSED] - resText = "Pass": null

2024-01-13 22:44:48 - [TEST_STEP][PASSED] - pages.WriteExcel.demoKey(resText, datText, resColumn, datCloumn, fileLoc, nameSheet, row): pages.WriteExcel.demoKey is PASSED

2024-01-13 22:44:48 - [MESSAGE][PASSED] - pages.WriteExcel.demoKey is PASSED

2024-01-13 22:44:48 - [TEST_STEP][PASSED] - ExecuteTC = findTestData(dataFile).getValue("Execute", row): null

2024-01-13 22:44:48 - [TEST_STEP][PASSED] - Taxtype = findTestData(dataFile).getValue("TaxType", row): null

2024-01-13 22:44:48 - [TEST_STEP][PASSED] - Paymenttype = findTestData(dataFile).getValue("PaymentType", row): null

2024-01-13 22:44:48 - [TEST_STEP][PASSED] - feinSsn = findTestData(dataFile).getValue("FEINSSN", row): null

2024-01-13 22:44:48 - [TEST_STEP][PASSED] - out.println("Value of Execute is : " + ExecuteTC): null

2024-01-13 22:44:48 - [TEST_STEP][PASSED] - if (ExecuteTC.equalsIgnoreCase("Y")): null

2024-01-13 22:44:48 - [TEST_STEP][PASSED] - out.println("Begin Record Number: " + row): null

2024-01-13 22:44:48 - [TEST_STEP][PASSED] - today = new java.util.Date(): null

2024-01-13 22:44:48 - [TEST_STEP][PASSED] - println(today): null

2024-01-13 22:44:48 - [TEST_STEP][PASSED] - datText = today: null

2024-01-13 22:44:48 - [TEST_STEP][PASSED] - Taxtype = findTestData(dataFile).getValue("TaxType", row): null

2024-01-13 22:44:48 - [TEST_STEP][PASSED] - out.println("Taxtype value is : " + Taxtype): null

2024-01-13 22:44:48 - [TEST_STEP][PASSED] - openBrowser(""): Browser is opened with url: ''

2024-01-13 22:44:48 - [MESSAGE][WARNING] - A browser is already opened. Closing browser and opening a new one

2024-01-13 22:44:49 - [MESSAGE][INFO] - Starting 'Chrome' driver

2024-01-13 22:44:49 - [MESSAGE][INFO] - User set preference: ['acceptInsecureCerts', 'true']

2024-01-13 22:44:49 - [MESSAGE][INFO] - Action delay is set to 0 milliseconds

2024-01-13 22:44:51 - [MESSAGE][PASSED] - Browser is opened with url: ''

2024-01-13 22:44:51 - [TEST_STEP][PASSED] - maximizeWindow(): Current window maximized

2024-01-13 22:44:51 - [MESSAGE][PASSED] - Current window maximized

2024-01-13 22:44:51 - [TEST_STEP][PASSED] - navigateToUrl(RADurl): Navigate to 'https://qa2.velocitypayment.com/client/rad/index.html' successfully

2024-01-13 22:44:51 - [MESSAGE][PASSED] - Navigate to 'https://qa2.velocitypayment.com/client/rad/index.html' successfully

2024-01-13 22:44:51 - [TEST_STEP][PASSED] - orPath_Landing = "Object Repository/RAD_Pages/Landing_Page": null

2024-01-13 22:44:51 - [TEST_STEP][PASSED] - orPath_TaxTypeFilingYear = "Object Repository/RAD_Pages/TaxTypeFilingYear_Page": null

2024-01-13 22:44:51 - [TEST_STEP][PASSED] - orPath_TaxPayer = "Object Repository/RAD_Pages/Taxpayer_Page": null

2024-01-13 22:44:51 - [TEST_STEP][PASSED] - orPath_AddressContact = "Object Repository/RAD_Pages/AddressAndContactInfo_Page": null

2024-01-13 22:44:51 - [TEST_STEP][PASSED] - orPath_FilingStatus = "Object Repository/RAD_Pages/FilingStatus_Page": null

2024-01-13 22:44:51 - [TEST_STEP][PASSED] - orPath_Amount = "Object Repository/RAD_Pages/PaymentAmount_Page": null

2024-01-13 22:44:51 - [TEST_STEP][PASSED] - orPath_TaxInfo = "Object Repository/RAD_Pages/TaxInfo_Page": null

2024-01-13 22:44:51 - [TEST_STEP][PASSED] - orPath_Withholding = "Object Repository/RAD_Pages/Withholding_Page": null

2024-01-13 22:44:51 - [TEST_STEP][PASSED] - orPath_Summary = "Object Repository/RAD_Pages/Summary_Page": null

2024-01-13 22:44:51 - [TEST_STEP][PASSED] - orPath_PaymentReady = "Object Repository/RAD_Pages/PaymentReady_Page": null

2024-01-13 22:44:51 - [TEST_STEP][PASSED] - orPath_PaymentEntry = "Object Repository/RAD_Pages/PaymentEntry_Page": null

2024-01-13 22:44:51 - [TEST_STEP][PASSED] - orPath_PaymentConfirmation = "Object Repository/RAD_Pages/PaymentConfirmation_Page": null

2024-01-13 22:44:51 - [TEST_STEP][PASSED] - orPath_ServiceFeesAccept = "Object Repository/RAD_Pages/ServiceFeeAccept_Page": null

2024-01-13 22:44:51 - [TEST_STEP][PASSED] - selectOptionByLabel(findTestObject(orPath_Landing + "/dd_TaxType"), Paymenttype, false): All options with label 'Quarterly Estimated Tax' are selected in object 'Object Repository/RAD_Pages/Landing_Page/dd_TaxType' 

2024-01-13 22:44:53 - [MESSAGE][PASSED] - All options with label 'Quarterly Estimated Tax' are selected in object 'Object Repository/RAD_Pages/Landing_Page/dd_TaxType' 

2024-01-13 22:44:53 - [TEST_STEP][PASSED] - delay(1): Delayed 1 second(s)

2024-01-13 22:44:54 - [MESSAGE][PASSED] - Delayed 1 second(s)

2024-01-13 22:44:54 - [TEST_STEP][PASSED] - switch (Paymenttype): null

2024-01-13 22:44:54 - [TEST_STEP][PASSED] - case "Quarterly Estimated Tax":: null

2024-01-13 22:44:54 - [TEST_STEP][PASSED] - selectOptionByLabel(findTestObject(orPath_TaxTypeFilingYear + "/select_PaymentType"), Taxtype, false): All options with label 'PTE Non-Electing S Corp' are selected in object 'Object Repository/RAD_Pages/TaxTypeFilingYear_Page/select_PaymentType' 

2024-01-13 22:44:55 - [MESSAGE][PASSED] - All options with label 'PTE Non-Electing S Corp' are selected in object 'Object Repository/RAD_Pages/TaxTypeFilingYear_Page/select_PaymentType' 

2024-01-13 22:44:55 - [TEST_STEP][PASSED] - break: null

2024-01-13 22:44:55 - [TEST_STEP][PASSED] - delay(1): Delayed 1 second(s)

2024-01-13 22:44:56 - [MESSAGE][PASSED] - Delayed 1 second(s)

2024-01-13 22:44:56 - [TEST_STEP][PASSED] - switch (Paymenttype): null

2024-01-13 22:44:56 - [TEST_STEP][PASSED] - case "Quarterly Estimated Tax":: null

2024-01-13 22:44:56 - [TEST_STEP][PASSED] - if (feinSsn.equalsIgnoreCase("Y")): Text ****** has been set on object 'Object Repository/RAD_Pages/TaxInfo_Page/input_TaxInfo_RetypeFeinSsn_New_2'

2024-01-13 22:44:56 - [TEST_STEP][PASSED] - setEncryptedText(findTestObject(orPath_TaxInfo + "/input_TaxInfo_FeinSsn_New_2"), "iGDxf8hSRT4="): Text ****** has been set on object 'Object Repository/RAD_Pages/TaxInfo_Page/input_TaxInfo_FeinSsn_New_2'

2024-01-13 22:44:56 - [MESSAGE][PASSED] - Text ****** has been set on object 'Object Repository/RAD_Pages/TaxInfo_Page/input_TaxInfo_FeinSsn_New_2'

2024-01-13 22:44:56 - [TEST_STEP][PASSED] - setEncryptedText(findTestObject(orPath_TaxInfo + "/input_TaxInfo_RetypeFeinSsn_New_2"), ""): Text ****** has been set on object 'Object Repository/RAD_Pages/TaxInfo_Page/input_TaxInfo_RetypeFeinSsn_New_2'

2024-01-13 22:44:57 - [MESSAGE][PASSED] - Text ****** has been set on object 'Object Repository/RAD_Pages/TaxInfo_Page/input_TaxInfo_RetypeFeinSsn_New_2'

2024-01-13 22:44:57 - [TEST_STEP][PASSED] - break: null

2024-01-13 22:44:57 - [TEST_STEP][PASSED] - if (feinSsn.equalsIgnoreCase("Y")): null

2024-01-13 22:44:57 - [TEST_STEP][PASSED] - if (verifyTextPresent("Please enter a valid FEIN/SSN with 9 digits", true)): null

2024-01-13 22:44:58 - [MESSAGE][PASSED] - Text 'Please enter a valid FEIN/SSN with 9 digits' is present on page  using regular expression

2024-01-13 22:44:58 - [TEST_STEP][PASSED] - println("Error Message is present on the page"): null

2024-01-13 22:44:58 - [TEST_STEP][PASSED] - out.println("Pass Record Number: " + row): null

2024-01-13 22:44:58 - [TEST_STEP][PASSED] - resText = "Pass": null

2024-01-13 22:44:58 - [TEST_STEP][PASSED] - pages.WriteExcel.demoKey(resText, datText, resColumn, datCloumn, fileLoc, nameSheet, row): pages.WriteExcel.demoKey is PASSED

2024-01-13 22:44:58 - [MESSAGE][PASSED] - pages.WriteExcel.demoKey is PASSED

2024-01-13 22:44:58 - [TEST_STEP][PASSED] - ExecuteTC = findTestData(dataFile).getValue("Execute", row): null

2024-01-13 22:44:58 - [TEST_STEP][PASSED] - Taxtype = findTestData(dataFile).getValue("TaxType", row): null

2024-01-13 22:44:58 - [TEST_STEP][PASSED] - Paymenttype = findTestData(dataFile).getValue("PaymentType", row): null

2024-01-13 22:44:58 - [TEST_STEP][PASSED] - feinSsn = findTestData(dataFile).getValue("FEINSSN", row): null

2024-01-13 22:44:58 - [TEST_STEP][PASSED] - out.println("Value of Execute is : " + ExecuteTC): null

2024-01-13 22:44:58 - [TEST_STEP][PASSED] - if (ExecuteTC.equalsIgnoreCase("Y")): null

2024-01-13 22:44:58 - [TEST_STEP][PASSED] - out.println("Begin Record Number: " + row): null

2024-01-13 22:44:58 - [TEST_STEP][PASSED] - today = new java.util.Date(): null

2024-01-13 22:44:58 - [TEST_STEP][PASSED] - println(today): null

2024-01-13 22:44:58 - [TEST_STEP][PASSED] - datText = today: null

2024-01-13 22:44:58 - [TEST_STEP][PASSED] - Taxtype = findTestData(dataFile).getValue("TaxType", row): null

2024-01-13 22:44:58 - [TEST_STEP][PASSED] - out.println("Taxtype value is : " + Taxtype): null

2024-01-13 22:44:58 - [TEST_STEP][PASSED] - openBrowser(""): Browser is opened with url: ''

2024-01-13 22:44:58 - [MESSAGE][WARNING] - A browser is already opened. Closing browser and opening a new one

2024-01-13 22:44:59 - [MESSAGE][INFO] - Starting 'Chrome' driver

2024-01-13 22:44:59 - [MESSAGE][INFO] - User set preference: ['acceptInsecureCerts', 'true']

2024-01-13 22:44:59 - [MESSAGE][INFO] - Action delay is set to 0 milliseconds

2024-01-13 22:45:00 - [MESSAGE][PASSED] - Browser is opened with url: ''

2024-01-13 22:45:00 - [TEST_STEP][PASSED] - maximizeWindow(): Current window maximized

2024-01-13 22:45:01 - [MESSAGE][PASSED] - Current window maximized

2024-01-13 22:45:01 - [TEST_STEP][PASSED] - navigateToUrl(RADurl): Navigate to 'https://qa2.velocitypayment.com/client/rad/index.html' successfully

2024-01-13 22:45:01 - [MESSAGE][PASSED] - Navigate to 'https://qa2.velocitypayment.com/client/rad/index.html' successfully

2024-01-13 22:45:01 - [TEST_STEP][PASSED] - orPath_Landing = "Object Repository/RAD_Pages/Landing_Page": null

2024-01-13 22:45:01 - [TEST_STEP][PASSED] - orPath_TaxTypeFilingYear = "Object Repository/RAD_Pages/TaxTypeFilingYear_Page": null

2024-01-13 22:45:01 - [TEST_STEP][PASSED] - orPath_TaxPayer = "Object Repository/RAD_Pages/Taxpayer_Page": null

2024-01-13 22:45:01 - [TEST_STEP][PASSED] - orPath_AddressContact = "Object Repository/RAD_Pages/AddressAndContactInfo_Page": null

2024-01-13 22:45:01 - [TEST_STEP][PASSED] - orPath_FilingStatus = "Object Repository/RAD_Pages/FilingStatus_Page": null

2024-01-13 22:45:01 - [TEST_STEP][PASSED] - orPath_Amount = "Object Repository/RAD_Pages/PaymentAmount_Page": null

2024-01-13 22:45:01 - [TEST_STEP][PASSED] - orPath_TaxInfo = "Object Repository/RAD_Pages/TaxInfo_Page": null

2024-01-13 22:45:01 - [TEST_STEP][PASSED] - orPath_Withholding = "Object Repository/RAD_Pages/Withholding_Page": null

2024-01-13 22:45:01 - [TEST_STEP][PASSED] - orPath_Summary = "Object Repository/RAD_Pages/Summary_Page": null

2024-01-13 22:45:01 - [TEST_STEP][PASSED] - orPath_PaymentReady = "Object Repository/RAD_Pages/PaymentReady_Page": null

2024-01-13 22:45:01 - [TEST_STEP][PASSED] - orPath_PaymentEntry = "Object Repository/RAD_Pages/PaymentEntry_Page": null

2024-01-13 22:45:01 - [TEST_STEP][PASSED] - orPath_PaymentConfirmation = "Object Repository/RAD_Pages/PaymentConfirmation_Page": null

2024-01-13 22:45:01 - [TEST_STEP][PASSED] - orPath_ServiceFeesAccept = "Object Repository/RAD_Pages/ServiceFeeAccept_Page": null

2024-01-13 22:45:01 - [TEST_STEP][PASSED] - selectOptionByLabel(findTestObject(orPath_Landing + "/dd_TaxType"), Paymenttype, false): All options with label 'Quarterly Estimated Tax' are selected in object 'Object Repository/RAD_Pages/Landing_Page/dd_TaxType' 

2024-01-13 22:45:03 - [MESSAGE][PASSED] - All options with label 'Quarterly Estimated Tax' are selected in object 'Object Repository/RAD_Pages/Landing_Page/dd_TaxType' 

2024-01-13 22:45:03 - [TEST_STEP][PASSED] - delay(1): Delayed 1 second(s)

2024-01-13 22:45:04 - [MESSAGE][PASSED] - Delayed 1 second(s)

2024-01-13 22:45:04 - [TEST_STEP][PASSED] - switch (Paymenttype): null

2024-01-13 22:45:04 - [TEST_STEP][PASSED] - case "Quarterly Estimated Tax":: null

2024-01-13 22:45:04 - [TEST_STEP][PASSED] - selectOptionByLabel(findTestObject(orPath_TaxTypeFilingYear + "/select_PaymentType"), Taxtype, false): All options with label 'PTE Tax Electing Non-S Corp' are selected in object 'Object Repository/RAD_Pages/TaxTypeFilingYear_Page/select_PaymentType' 

2024-01-13 22:45:04 - [MESSAGE][PASSED] - All options with label 'PTE Tax Electing Non-S Corp' are selected in object 'Object Repository/RAD_Pages/TaxTypeFilingYear_Page/select_PaymentType' 

2024-01-13 22:45:04 - [TEST_STEP][PASSED] - break: null

2024-01-13 22:45:04 - [TEST_STEP][PASSED] - delay(1): Delayed 1 second(s)

2024-01-13 22:45:05 - [MESSAGE][PASSED] - Delayed 1 second(s)

2024-01-13 22:45:05 - [TEST_STEP][PASSED] - switch (Paymenttype): null

2024-01-13 22:45:05 - [TEST_STEP][PASSED] - case "Quarterly Estimated Tax":: null

2024-01-13 22:45:05 - [TEST_STEP][PASSED] - if (feinSsn.equalsIgnoreCase("Y")): Text ****** has been set on object 'Object Repository/RAD_Pages/TaxInfo_Page/input_TaxInfo_RetypeFeinSsn_New_2'

2024-01-13 22:45:05 - [TEST_STEP][PASSED] - setEncryptedText(findTestObject(orPath_TaxInfo + "/input_TaxInfo_FeinSsn_New_2"), "iGDxf8hSRT4="): Text ****** has been set on object 'Object Repository/RAD_Pages/TaxInfo_Page/input_TaxInfo_FeinSsn_New_2'

2024-01-13 22:45:06 - [MESSAGE][PASSED] - Text ****** has been set on object 'Object Repository/RAD_Pages/TaxInfo_Page/input_TaxInfo_FeinSsn_New_2'

2024-01-13 22:45:06 - [TEST_STEP][PASSED] - setEncryptedText(findTestObject(orPath_TaxInfo + "/input_TaxInfo_RetypeFeinSsn_New_2"), ""): Text ****** has been set on object 'Object Repository/RAD_Pages/TaxInfo_Page/input_TaxInfo_RetypeFeinSsn_New_2'

2024-01-13 22:45:06 - [MESSAGE][PASSED] - Text ****** has been set on object 'Object Repository/RAD_Pages/TaxInfo_Page/input_TaxInfo_RetypeFeinSsn_New_2'

2024-01-13 22:45:06 - [TEST_STEP][PASSED] - break: null

2024-01-13 22:45:06 - [TEST_STEP][PASSED] - if (feinSsn.equalsIgnoreCase("Y")): null

2024-01-13 22:45:06 - [TEST_STEP][PASSED] - if (verifyTextPresent("Please enter a valid FEIN/SSN with 9 digits", true)): null

2024-01-13 22:45:07 - [MESSAGE][PASSED] - Text 'Please enter a valid FEIN/SSN with 9 digits' is present on page  using regular expression

2024-01-13 22:45:07 - [TEST_STEP][PASSED] - println("Error Message is present on the page"): null

2024-01-13 22:45:07 - [TEST_STEP][PASSED] - out.println("Pass Record Number: " + row): null

2024-01-13 22:45:07 - [TEST_STEP][PASSED] - resText = "Pass": null

2024-01-13 22:45:07 - [TEST_STEP][PASSED] - pages.WriteExcel.demoKey(resText, datText, resColumn, datCloumn, fileLoc, nameSheet, row): pages.WriteExcel.demoKey is PASSED

2024-01-13 22:45:07 - [MESSAGE][PASSED] - pages.WriteExcel.demoKey is PASSED

2024-01-13 22:45:07 - [TEST_STEP][PASSED] - ExecuteTC = findTestData(dataFile).getValue("Execute", row): null

2024-01-13 22:45:07 - [TEST_STEP][PASSED] - Taxtype = findTestData(dataFile).getValue("TaxType", row): null

2024-01-13 22:45:07 - [TEST_STEP][PASSED] - Paymenttype = findTestData(dataFile).getValue("PaymentType", row): null

2024-01-13 22:45:07 - [TEST_STEP][PASSED] - feinSsn = findTestData(dataFile).getValue("FEINSSN", row): null

2024-01-13 22:45:07 - [TEST_STEP][PASSED] - out.println("Value of Execute is : " + ExecuteTC): null

2024-01-13 22:45:07 - [TEST_STEP][PASSED] - if (ExecuteTC.equalsIgnoreCase("Y")): null

2024-01-13 22:45:07 - [TEST_STEP][PASSED] - out.println("Begin Record Number: " + row): null

2024-01-13 22:45:07 - [TEST_STEP][PASSED] - today = new java.util.Date(): null

2024-01-13 22:45:07 - [TEST_STEP][PASSED] - println(today): null

2024-01-13 22:45:07 - [TEST_STEP][PASSED] - datText = today: null

2024-01-13 22:45:07 - [TEST_STEP][PASSED] - Taxtype = findTestData(dataFile).getValue("TaxType", row): null

2024-01-13 22:45:07 - [TEST_STEP][PASSED] - out.println("Taxtype value is : " + Taxtype): null

2024-01-13 22:45:07 - [TEST_STEP][PASSED] - openBrowser(""): Browser is opened with url: ''

2024-01-13 22:45:07 - [MESSAGE][WARNING] - A browser is already opened. Closing browser and opening a new one

2024-01-13 22:45:08 - [MESSAGE][INFO] - Starting 'Chrome' driver

2024-01-13 22:45:08 - [MESSAGE][INFO] - User set preference: ['acceptInsecureCerts', 'true']

2024-01-13 22:45:08 - [MESSAGE][INFO] - Action delay is set to 0 milliseconds

2024-01-13 22:45:10 - [MESSAGE][PASSED] - Browser is opened with url: ''

2024-01-13 22:45:10 - [TEST_STEP][PASSED] - maximizeWindow(): Current window maximized

2024-01-13 22:45:10 - [MESSAGE][PASSED] - Current window maximized

2024-01-13 22:45:10 - [TEST_STEP][PASSED] - navigateToUrl(RADurl): Navigate to 'https://qa2.velocitypayment.com/client/rad/index.html' successfully

2024-01-13 22:45:11 - [MESSAGE][PASSED] - Navigate to 'https://qa2.velocitypayment.com/client/rad/index.html' successfully

2024-01-13 22:45:11 - [TEST_STEP][PASSED] - orPath_Landing = "Object Repository/RAD_Pages/Landing_Page": null

2024-01-13 22:45:11 - [TEST_STEP][PASSED] - orPath_TaxTypeFilingYear = "Object Repository/RAD_Pages/TaxTypeFilingYear_Page": null

2024-01-13 22:45:11 - [TEST_STEP][PASSED] - orPath_TaxPayer = "Object Repository/RAD_Pages/Taxpayer_Page": null

2024-01-13 22:45:11 - [TEST_STEP][PASSED] - orPath_AddressContact = "Object Repository/RAD_Pages/AddressAndContactInfo_Page": null

2024-01-13 22:45:11 - [TEST_STEP][PASSED] - orPath_FilingStatus = "Object Repository/RAD_Pages/FilingStatus_Page": null

2024-01-13 22:45:11 - [TEST_STEP][PASSED] - orPath_Amount = "Object Repository/RAD_Pages/PaymentAmount_Page": null

2024-01-13 22:45:11 - [TEST_STEP][PASSED] - orPath_TaxInfo = "Object Repository/RAD_Pages/TaxInfo_Page": null

2024-01-13 22:45:11 - [TEST_STEP][PASSED] - orPath_Withholding = "Object Repository/RAD_Pages/Withholding_Page": null

2024-01-13 22:45:11 - [TEST_STEP][PASSED] - orPath_Summary = "Object Repository/RAD_Pages/Summary_Page": null

2024-01-13 22:45:11 - [TEST_STEP][PASSED] - orPath_PaymentReady = "Object Repository/RAD_Pages/PaymentReady_Page": null

2024-01-13 22:45:11 - [TEST_STEP][PASSED] - orPath_PaymentEntry = "Object Repository/RAD_Pages/PaymentEntry_Page": null

2024-01-13 22:45:11 - [TEST_STEP][PASSED] - orPath_PaymentConfirmation = "Object Repository/RAD_Pages/PaymentConfirmation_Page": null

2024-01-13 22:45:11 - [TEST_STEP][PASSED] - orPath_ServiceFeesAccept = "Object Repository/RAD_Pages/ServiceFeeAccept_Page": null

2024-01-13 22:45:11 - [TEST_STEP][PASSED] - selectOptionByLabel(findTestObject(orPath_Landing + "/dd_TaxType"), Paymenttype, false): All options with label 'Quarterly Estimated Tax' are selected in object 'Object Repository/RAD_Pages/Landing_Page/dd_TaxType' 

2024-01-13 22:45:12 - [MESSAGE][PASSED] - All options with label 'Quarterly Estimated Tax' are selected in object 'Object Repository/RAD_Pages/Landing_Page/dd_TaxType' 

2024-01-13 22:45:12 - [TEST_STEP][PASSED] - delay(1): Delayed 1 second(s)

2024-01-13 22:45:13 - [MESSAGE][PASSED] - Delayed 1 second(s)

2024-01-13 22:45:13 - [TEST_STEP][PASSED] - switch (Paymenttype): null

2024-01-13 22:45:13 - [TEST_STEP][PASSED] - case "Quarterly Estimated Tax":: null

2024-01-13 22:45:13 - [TEST_STEP][PASSED] - selectOptionByLabel(findTestObject(orPath_TaxTypeFilingYear + "/select_PaymentType"), Taxtype, false): All options with label 'PTE Tax Electing S Corp' are selected in object 'Object Repository/RAD_Pages/TaxTypeFilingYear_Page/select_PaymentType' 

2024-01-13 22:45:14 - [MESSAGE][PASSED] - All options with label 'PTE Tax Electing S Corp' are selected in object 'Object Repository/RAD_Pages/TaxTypeFilingYear_Page/select_PaymentType' 

2024-01-13 22:45:14 - [TEST_STEP][PASSED] - break: null

2024-01-13 22:45:14 - [TEST_STEP][PASSED] - delay(1): Delayed 1 second(s)

2024-01-13 22:45:15 - [MESSAGE][PASSED] - Delayed 1 second(s)

2024-01-13 22:45:15 - [TEST_STEP][PASSED] - switch (Paymenttype): null

2024-01-13 22:45:15 - [TEST_STEP][PASSED] - case "Quarterly Estimated Tax":: null

2024-01-13 22:45:15 - [TEST_STEP][PASSED] - if (feinSsn.equalsIgnoreCase("Y")): Text ****** has been set on object 'Object Repository/RAD_Pages/TaxInfo_Page/input_TaxInfo_RetypeFeinSsn_New_2'

2024-01-13 22:45:15 - [TEST_STEP][PASSED] - setEncryptedText(findTestObject(orPath_TaxInfo + "/input_TaxInfo_FeinSsn_New_2"), "iGDxf8hSRT4="): Text ****** has been set on object 'Object Repository/RAD_Pages/TaxInfo_Page/input_TaxInfo_FeinSsn_New_2'

2024-01-13 22:45:15 - [MESSAGE][PASSED] - Text ****** has been set on object 'Object Repository/RAD_Pages/TaxInfo_Page/input_TaxInfo_FeinSsn_New_2'

2024-01-13 22:45:15 - [TEST_STEP][PASSED] - setEncryptedText(findTestObject(orPath_TaxInfo + "/input_TaxInfo_RetypeFeinSsn_New_2"), ""): Text ****** has been set on object 'Object Repository/RAD_Pages/TaxInfo_Page/input_TaxInfo_RetypeFeinSsn_New_2'

2024-01-13 22:45:16 - [MESSAGE][PASSED] - Text ****** has been set on object 'Object Repository/RAD_Pages/TaxInfo_Page/input_TaxInfo_RetypeFeinSsn_New_2'

2024-01-13 22:45:16 - [TEST_STEP][PASSED] - break: null

2024-01-13 22:45:16 - [TEST_STEP][PASSED] - if (feinSsn.equalsIgnoreCase("Y")): null

2024-01-13 22:45:16 - [TEST_STEP][PASSED] - if (verifyTextPresent("Please enter a valid FEIN/SSN with 9 digits", true)): null

2024-01-13 22:45:16 - [MESSAGE][PASSED] - Text 'Please enter a valid FEIN/SSN with 9 digits' is present on page  using regular expression

2024-01-13 22:45:16 - [TEST_STEP][PASSED] - println("Error Message is present on the page"): null

2024-01-13 22:45:16 - [TEST_STEP][PASSED] - out.println("Pass Record Number: " + row): null

2024-01-13 22:45:16 - [TEST_STEP][PASSED] - resText = "Pass": null

2024-01-13 22:45:16 - [TEST_STEP][PASSED] - pages.WriteExcel.demoKey(resText, datText, resColumn, datCloumn, fileLoc, nameSheet, row): pages.WriteExcel.demoKey is PASSED

2024-01-13 22:45:17 - [MESSAGE][PASSED] - pages.WriteExcel.demoKey is PASSED

2024-01-13 22:45:17 - [TEST_STEP][PASSED] - ExecuteTC = findTestData(dataFile).getValue("Execute", row): null

2024-01-13 22:45:17 - [TEST_STEP][PASSED] - Taxtype = findTestData(dataFile).getValue("TaxType", row): null

2024-01-13 22:45:17 - [TEST_STEP][PASSED] - Paymenttype = findTestData(dataFile).getValue("PaymentType", row): null

2024-01-13 22:45:17 - [TEST_STEP][PASSED] - feinSsn = findTestData(dataFile).getValue("FEINSSN", row): null

2024-01-13 22:45:17 - [TEST_STEP][PASSED] - out.println("Value of Execute is : " + ExecuteTC): null

2024-01-13 22:45:17 - [TEST_STEP][PASSED] - if (ExecuteTC.equalsIgnoreCase("Y")): null

2024-01-13 22:45:17 - [TEST_STEP][PASSED] - ExecuteTC = findTestData(dataFile).getValue("Execute", row): null

2024-01-13 22:45:17 - [TEST_STEP][PASSED] - Taxtype = findTestData(dataFile).getValue("TaxType", row): null

2024-01-13 22:45:17 - [TEST_STEP][PASSED] - Paymenttype = findTestData(dataFile).getValue("PaymentType", row): null

2024-01-13 22:45:17 - [TEST_STEP][PASSED] - feinSsn = findTestData(dataFile).getValue("FEINSSN", row): null

2024-01-13 22:45:17 - [TEST_STEP][PASSED] - out.println("Value of Execute is : " + ExecuteTC): null

2024-01-13 22:45:17 - [TEST_STEP][PASSED] - if (ExecuteTC.equalsIgnoreCase("Y")): null

2024-01-13 22:45:17 - [TEST_STEP][PASSED] - ExecuteTC = findTestData(dataFile).getValue("Execute", row): null

2024-01-13 22:45:17 - [TEST_STEP][PASSED] - Taxtype = findTestData(dataFile).getValue("TaxType", row): null

2024-01-13 22:45:17 - [TEST_STEP][PASSED] - Paymenttype = findTestData(dataFile).getValue("PaymentType", row): null

2024-01-13 22:45:17 - [TEST_STEP][PASSED] - feinSsn = findTestData(dataFile).getValue("FEINSSN", row): null

2024-01-13 22:45:17 - [TEST_STEP][PASSED] - out.println("Value of Execute is : " + ExecuteTC): null

2024-01-13 22:45:17 - [TEST_STEP][PASSED] - if (ExecuteTC.equalsIgnoreCase("Y")): null

2024-01-13 22:45:17 - [TEST_STEP][PASSED] - ExecuteTC = findTestData(dataFile).getValue("Execute", row): null

2024-01-13 22:45:17 - [TEST_STEP][PASSED] - Taxtype = findTestData(dataFile).getValue("TaxType", row): null

2024-01-13 22:45:17 - [TEST_STEP][PASSED] - Paymenttype = findTestData(dataFile).getValue("PaymentType", row): null

2024-01-13 22:45:17 - [TEST_STEP][PASSED] - feinSsn = findTestData(dataFile).getValue("FEINSSN", row): null

2024-01-13 22:45:17 - [TEST_STEP][PASSED] - out.println("Value of Execute is : " + ExecuteTC): null

2024-01-13 22:45:17 - [TEST_STEP][PASSED] - if (ExecuteTC.equalsIgnoreCase("Y")): null

2024-01-13 22:45:17 - [TEST_STEP][PASSED] - ExecuteTC = findTestData(dataFile).getValue("Execute", row): null

2024-01-13 22:45:17 - [TEST_STEP][PASSED] - Taxtype = findTestData(dataFile).getValue("TaxType", row): null

2024-01-13 22:45:17 - [TEST_STEP][PASSED] - Paymenttype = findTestData(dataFile).getValue("PaymentType", row): null

2024-01-13 22:45:17 - [TEST_STEP][PASSED] - feinSsn = findTestData(dataFile).getValue("FEINSSN", row): null

2024-01-13 22:45:17 - [TEST_STEP][PASSED] - out.println("Value of Execute is : " + ExecuteTC): null

2024-01-13 22:45:17 - [TEST_STEP][PASSED] - if (ExecuteTC.equalsIgnoreCase("Y")): null

2024-01-13 22:45:17 - [TEST_STEP][PASSED] - ExecuteTC = findTestData(dataFile).getValue("Execute", row): null

2024-01-13 22:45:17 - [TEST_STEP][PASSED] - Taxtype = findTestData(dataFile).getValue("TaxType", row): null

2024-01-13 22:45:17 - [TEST_STEP][PASSED] - Paymenttype = findTestData(dataFile).getValue("PaymentType", row): null

2024-01-13 22:45:17 - [TEST_STEP][PASSED] - feinSsn = findTestData(dataFile).getValue("FEINSSN", row): null

2024-01-13 22:45:17 - [TEST_STEP][PASSED] - out.println("Value of Execute is : " + ExecuteTC): null

2024-01-13 22:45:17 - [TEST_STEP][PASSED] - if (ExecuteTC.equalsIgnoreCase("Y")): null

2024-01-13 22:45:17 - [TEST_STEP][PASSED] - ExecuteTC = findTestData(dataFile).getValue("Execute", row): null

2024-01-13 22:45:17 - [TEST_STEP][PASSED] - Taxtype = findTestData(dataFile).getValue("TaxType", row): null

2024-01-13 22:45:17 - [TEST_STEP][PASSED] - Paymenttype = findTestData(dataFile).getValue("PaymentType", row): null

2024-01-13 22:45:18 - [TEST_STEP][PASSED] - feinSsn = findTestData(dataFile).getValue("FEINSSN", row): null

2024-01-13 22:45:18 - [TEST_STEP][PASSED] - out.println("Value of Execute is : " + ExecuteTC): null

2024-01-13 22:45:18 - [TEST_STEP][PASSED] - if (ExecuteTC.equalsIgnoreCase("Y")): null

2024-01-13 22:45:18 - [TEST_STEP][PASSED] - out.println("Begin Record Number: " + row): null

2024-01-13 22:45:18 - [TEST_STEP][PASSED] - today = new java.util.Date(): null

2024-01-13 22:45:18 - [TEST_STEP][PASSED] - println(today): null

2024-01-13 22:45:18 - [TEST_STEP][PASSED] - datText = today: null

2024-01-13 22:45:18 - [TEST_STEP][PASSED] - Taxtype = findTestData(dataFile).getValue("TaxType", row): null

2024-01-13 22:45:18 - [TEST_STEP][PASSED] - out.println("Taxtype value is : " + Taxtype): null

2024-01-13 22:45:18 - [TEST_STEP][PASSED] - openBrowser(""): Browser is opened with url: ''

2024-01-13 22:45:18 - [MESSAGE][WARNING] - A browser is already opened. Closing browser and opening a new one

2024-01-13 22:45:19 - [MESSAGE][INFO] - Starting 'Chrome' driver

2024-01-13 22:45:19 - [MESSAGE][INFO] - User set preference: ['acceptInsecureCerts', 'true']

2024-01-13 22:45:19 - [MESSAGE][INFO] - Action delay is set to 0 milliseconds

2024-01-13 22:45:20 - [MESSAGE][PASSED] - Browser is opened with url: ''

2024-01-13 22:45:20 - [TEST_STEP][PASSED] - maximizeWindow(): Current window maximized

2024-01-13 22:45:20 - [MESSAGE][PASSED] - Current window maximized

2024-01-13 22:45:20 - [TEST_STEP][PASSED] - navigateToUrl(RADurl): Navigate to 'https://qa2.velocitypayment.com/client/rad/index.html' successfully

2024-01-13 22:45:22 - [MESSAGE][PASSED] - Navigate to 'https://qa2.velocitypayment.com/client/rad/index.html' successfully

2024-01-13 22:45:22 - [TEST_STEP][PASSED] - orPath_Landing = "Object Repository/RAD_Pages/Landing_Page": null

2024-01-13 22:45:22 - [TEST_STEP][PASSED] - orPath_TaxTypeFilingYear = "Object Repository/RAD_Pages/TaxTypeFilingYear_Page": null

2024-01-13 22:45:22 - [TEST_STEP][PASSED] - orPath_TaxPayer = "Object Repository/RAD_Pages/Taxpayer_Page": null

2024-01-13 22:45:22 - [TEST_STEP][PASSED] - orPath_AddressContact = "Object Repository/RAD_Pages/AddressAndContactInfo_Page": null

2024-01-13 22:45:22 - [TEST_STEP][PASSED] - orPath_FilingStatus = "Object Repository/RAD_Pages/FilingStatus_Page": null

2024-01-13 22:45:22 - [TEST_STEP][PASSED] - orPath_Amount = "Object Repository/RAD_Pages/PaymentAmount_Page": null

2024-01-13 22:45:22 - [TEST_STEP][PASSED] - orPath_TaxInfo = "Object Repository/RAD_Pages/TaxInfo_Page": null

2024-01-13 22:45:22 - [TEST_STEP][PASSED] - orPath_Withholding = "Object Repository/RAD_Pages/Withholding_Page": null

2024-01-13 22:45:22 - [TEST_STEP][PASSED] - orPath_Summary = "Object Repository/RAD_Pages/Summary_Page": null

2024-01-13 22:45:22 - [TEST_STEP][PASSED] - orPath_PaymentReady = "Object Repository/RAD_Pages/PaymentReady_Page": null

2024-01-13 22:45:22 - [TEST_STEP][PASSED] - orPath_PaymentEntry = "Object Repository/RAD_Pages/PaymentEntry_Page": null

2024-01-13 22:45:22 - [TEST_STEP][PASSED] - orPath_PaymentConfirmation = "Object Repository/RAD_Pages/PaymentConfirmation_Page": null

2024-01-13 22:45:22 - [TEST_STEP][PASSED] - orPath_ServiceFeesAccept = "Object Repository/RAD_Pages/ServiceFeeAccept_Page": null

2024-01-13 22:45:22 - [TEST_STEP][PASSED] - selectOptionByLabel(findTestObject(orPath_Landing + "/dd_TaxType"), Paymenttype, false): All options with label 'New Tax Return Amount Due' are selected in object 'Object Repository/RAD_Pages/Landing_Page/dd_TaxType' 

2024-01-13 22:45:22 - [MESSAGE][PASSED] - All options with label 'New Tax Return Amount Due' are selected in object 'Object Repository/RAD_Pages/Landing_Page/dd_TaxType' 

2024-01-13 22:45:22 - [TEST_STEP][PASSED] - delay(1): Delayed 1 second(s)

2024-01-13 22:45:23 - [MESSAGE][PASSED] - Delayed 1 second(s)

2024-01-13 22:45:23 - [TEST_STEP][PASSED] - switch (Paymenttype): null

2024-01-13 22:45:23 - [TEST_STEP][PASSED] - case "New Tax Return Amount Due":: null

2024-01-13 22:45:23 - [TEST_STEP][PASSED] - selectOptionByLabel(findTestObject("Object Repository/RAD_Pages/Landing_Page/select_NewTaxReturnAmountDue_TaxType"), Taxtype, false): All options with label 'Fiduciary Tax' are selected in object 'Object Repository/RAD_Pages/Landing_Page/select_NewTaxReturnAmountDue_TaxType' 

2024-01-13 22:45:24 - [MESSAGE][PASSED] - All options with label 'Fiduciary Tax' are selected in object 'Object Repository/RAD_Pages/Landing_Page/select_NewTaxReturnAmountDue_TaxType' 

2024-01-13 22:45:24 - [TEST_STEP][PASSED] - break: null

2024-01-13 22:45:24 - [TEST_STEP][PASSED] - delay(1): Delayed 1 second(s)

2024-01-13 22:45:25 - [MESSAGE][PASSED] - Delayed 1 second(s)

2024-01-13 22:45:25 - [TEST_STEP][PASSED] - switch (Paymenttype): null

2024-01-13 22:45:25 - [TEST_STEP][PASSED] - case "New Tax Return Amount Due":: null

2024-01-13 22:45:25 - [TEST_STEP][PASSED] - if (feinSsn.equalsIgnoreCase("Y")): null

2024-01-13 22:45:25 - [TEST_STEP][PASSED] - else: Text ****** has been set on object 'Object Repository/RAD_Pages/TaxInfo_Page/input_FederalEIN_ReEnter-2'

2024-01-13 22:45:25 - [TEST_STEP][PASSED] - setEncryptedText(findTestObject(orPath_TaxInfo + "/input_FederalEIN-2"), "iGDxf8hSRT4="): Text ****** has been set on object 'Object Repository/RAD_Pages/TaxInfo_Page/input_FederalEIN-2'

2024-01-13 22:45:26 - [MESSAGE][PASSED] - Text ****** has been set on object 'Object Repository/RAD_Pages/TaxInfo_Page/input_FederalEIN-2'

2024-01-13 22:45:26 - [TEST_STEP][PASSED] - setEncryptedText(findTestObject(orPath_TaxInfo + "/input_FederalEIN_ReEnter-2"), ""): Text ****** has been set on object 'Object Repository/RAD_Pages/TaxInfo_Page/input_FederalEIN_ReEnter-2'

2024-01-13 22:45:26 - [MESSAGE][PASSED] - Text ****** has been set on object 'Object Repository/RAD_Pages/TaxInfo_Page/input_FederalEIN_ReEnter-2'

2024-01-13 22:45:26 - [TEST_STEP][PASSED] - break: null

2024-01-13 22:45:26 - [TEST_STEP][PASSED] - if (feinSsn.equalsIgnoreCase("Y")): null

2024-01-13 22:45:26 - [TEST_STEP][PASSED] - else: null

2024-01-13 22:45:26 - [TEST_STEP][PASSED] - if (verifyTextPresent("Please enter a valid FEIN with 9 digits.", true)): null

2024-01-13 22:45:27 - [MESSAGE][PASSED] - Text 'Please enter a valid FEIN with 9 digits.' is present on page  using regular expression

2024-01-13 22:45:27 - [TEST_STEP][PASSED] - println("Error Message is present on the page"): null

2024-01-13 22:45:27 - [TEST_STEP][PASSED] - out.println("Pass Record Number: " + row): null

2024-01-13 22:45:27 - [TEST_STEP][PASSED] - resText = "Pass": null

2024-01-13 22:45:27 - [TEST_STEP][PASSED] - pages.WriteExcel.demoKey(resText, datText, resColumn, datCloumn, fileLoc, nameSheet, row): pages.WriteExcel.demoKey is PASSED

2024-01-13 22:45:27 - [MESSAGE][PASSED] - pages.WriteExcel.demoKey is PASSED

2024-01-13 22:45:27 - [TEST_STEP][PASSED] - ExecuteTC = findTestData(dataFile).getValue("Execute", row): null

2024-01-13 22:45:27 - [TEST_STEP][PASSED] - Taxtype = findTestData(dataFile).getValue("TaxType", row): null

2024-01-13 22:45:27 - [TEST_STEP][PASSED] - Paymenttype = findTestData(dataFile).getValue("PaymentType", row): null

2024-01-13 22:45:27 - [TEST_STEP][PASSED] - feinSsn = findTestData(dataFile).getValue("FEINSSN", row): null

2024-01-13 22:45:27 - [TEST_STEP][PASSED] - out.println("Value of Execute is : " + ExecuteTC): null

2024-01-13 22:45:27 - [TEST_STEP][PASSED] - if (ExecuteTC.equalsIgnoreCase("Y")): null

2024-01-13 22:45:27 - [TEST_STEP][PASSED] - out.println("Begin Record Number: " + row): null

2024-01-13 22:45:27 - [TEST_STEP][PASSED] - today = new java.util.Date(): null

2024-01-13 22:45:27 - [TEST_STEP][PASSED] - println(today): null

2024-01-13 22:45:27 - [TEST_STEP][PASSED] - datText = today: null

2024-01-13 22:45:27 - [TEST_STEP][PASSED] - Taxtype = findTestData(dataFile).getValue("TaxType", row): null

2024-01-13 22:45:27 - [TEST_STEP][PASSED] - out.println("Taxtype value is : " + Taxtype): null

2024-01-13 22:45:27 - [TEST_STEP][PASSED] - openBrowser(""): Browser is opened with url: ''

2024-01-13 22:45:27 - [MESSAGE][WARNING] - A browser is already opened. Closing browser and opening a new one

2024-01-13 22:45:28 - [MESSAGE][INFO] - Starting 'Chrome' driver

2024-01-13 22:45:28 - [MESSAGE][INFO] - User set preference: ['acceptInsecureCerts', 'true']

2024-01-13 22:45:28 - [MESSAGE][INFO] - Action delay is set to 0 milliseconds

2024-01-13 22:45:30 - [MESSAGE][PASSED] - Browser is opened with url: ''

2024-01-13 22:45:30 - [TEST_STEP][PASSED] - maximizeWindow(): Current window maximized

2024-01-13 22:45:30 - [MESSAGE][PASSED] - Current window maximized

2024-01-13 22:45:30 - [TEST_STEP][PASSED] - navigateToUrl(RADurl): Navigate to 'https://qa2.velocitypayment.com/client/rad/index.html' successfully

2024-01-13 22:45:30 - [MESSAGE][PASSED] - Navigate to 'https://qa2.velocitypayment.com/client/rad/index.html' successfully

2024-01-13 22:45:30 - [TEST_STEP][PASSED] - orPath_Landing = "Object Repository/RAD_Pages/Landing_Page": null

2024-01-13 22:45:30 - [TEST_STEP][PASSED] - orPath_TaxTypeFilingYear = "Object Repository/RAD_Pages/TaxTypeFilingYear_Page": null

2024-01-13 22:45:30 - [TEST_STEP][PASSED] - orPath_TaxPayer = "Object Repository/RAD_Pages/Taxpayer_Page": null

2024-01-13 22:45:30 - [TEST_STEP][PASSED] - orPath_AddressContact = "Object Repository/RAD_Pages/AddressAndContactInfo_Page": null

2024-01-13 22:45:30 - [TEST_STEP][PASSED] - orPath_FilingStatus = "Object Repository/RAD_Pages/FilingStatus_Page": null

2024-01-13 22:45:30 - [TEST_STEP][PASSED] - orPath_Amount = "Object Repository/RAD_Pages/PaymentAmount_Page": null

2024-01-13 22:45:30 - [TEST_STEP][PASSED] - orPath_TaxInfo = "Object Repository/RAD_Pages/TaxInfo_Page": null

2024-01-13 22:45:30 - [TEST_STEP][PASSED] - orPath_Withholding = "Object Repository/RAD_Pages/Withholding_Page": null

2024-01-13 22:45:30 - [TEST_STEP][PASSED] - orPath_Summary = "Object Repository/RAD_Pages/Summary_Page": null

2024-01-13 22:45:30 - [TEST_STEP][PASSED] - orPath_PaymentReady = "Object Repository/RAD_Pages/PaymentReady_Page": null

2024-01-13 22:45:30 - [TEST_STEP][PASSED] - orPath_PaymentEntry = "Object Repository/RAD_Pages/PaymentEntry_Page": null

2024-01-13 22:45:30 - [TEST_STEP][PASSED] - orPath_PaymentConfirmation = "Object Repository/RAD_Pages/PaymentConfirmation_Page": null

2024-01-13 22:45:30 - [TEST_STEP][PASSED] - orPath_ServiceFeesAccept = "Object Repository/RAD_Pages/ServiceFeeAccept_Page": null

2024-01-13 22:45:30 - [TEST_STEP][PASSED] - selectOptionByLabel(findTestObject(orPath_Landing + "/dd_TaxType"), Paymenttype, false): All options with label 'New Tax Return Amount Due' are selected in object 'Object Repository/RAD_Pages/Landing_Page/dd_TaxType' 

2024-01-13 22:45:32 - [MESSAGE][PASSED] - All options with label 'New Tax Return Amount Due' are selected in object 'Object Repository/RAD_Pages/Landing_Page/dd_TaxType' 

2024-01-13 22:45:32 - [TEST_STEP][PASSED] - delay(1): Delayed 1 second(s)

2024-01-13 22:45:33 - [MESSAGE][PASSED] - Delayed 1 second(s)

2024-01-13 22:45:33 - [TEST_STEP][PASSED] - switch (Paymenttype): null

2024-01-13 22:45:33 - [TEST_STEP][PASSED] - case "New Tax Return Amount Due":: null

2024-01-13 22:45:33 - [TEST_STEP][PASSED] - selectOptionByLabel(findTestObject("Object Repository/RAD_Pages/Landing_Page/select_NewTaxReturnAmountDue_TaxType"), Taxtype, false): All options with label 'PTE Non-Electing Non-S Corp' are selected in object 'Object Repository/RAD_Pages/Landing_Page/select_NewTaxReturnAmountDue_TaxType' 

2024-01-13 22:45:33 - [MESSAGE][PASSED] - All options with label 'PTE Non-Electing Non-S Corp' are selected in object 'Object Repository/RAD_Pages/Landing_Page/select_NewTaxReturnAmountDue_TaxType' 

2024-01-13 22:45:33 - [TEST_STEP][PASSED] - break: null

2024-01-13 22:45:33 - [TEST_STEP][PASSED] - delay(1): Delayed 1 second(s)

2024-01-13 22:45:34 - [MESSAGE][PASSED] - Delayed 1 second(s)

2024-01-13 22:45:34 - [TEST_STEP][PASSED] - switch (Paymenttype): null

2024-01-13 22:45:34 - [TEST_STEP][PASSED] - case "New Tax Return Amount Due":: null

2024-01-13 22:45:34 - [TEST_STEP][PASSED] - if (feinSsn.equalsIgnoreCase("Y")): Text ****** has been set on object 'Object Repository/RAD_Pages/TaxInfo_Page/input_TaxInfo_RetypeFeinSsn_New_2'

2024-01-13 22:45:34 - [TEST_STEP][PASSED] - setEncryptedText(findTestObject(orPath_TaxInfo + "//input_TaxInfo_FeinSsn_New_2"), "iGDxf8hSRT4="): Text ****** has been set on object 'Object Repository/RAD_Pages/TaxInfo_Page//input_TaxInfo_FeinSsn_New_2'

2024-01-13 22:45:35 - [MESSAGE][PASSED] - Text ****** has been set on object 'Object Repository/RAD_Pages/TaxInfo_Page//input_TaxInfo_FeinSsn_New_2'

2024-01-13 22:45:35 - [TEST_STEP][PASSED] - setEncryptedText(findTestObject(orPath_TaxInfo + "/input_TaxInfo_RetypeFeinSsn_New_2"), ""): Text ****** has been set on object 'Object Repository/RAD_Pages/TaxInfo_Page/input_TaxInfo_RetypeFeinSsn_New_2'

2024-01-13 22:45:36 - [MESSAGE][PASSED] - Text ****** has been set on object 'Object Repository/RAD_Pages/TaxInfo_Page/input_TaxInfo_RetypeFeinSsn_New_2'

2024-01-13 22:45:36 - [TEST_STEP][PASSED] - break: null

2024-01-13 22:45:36 - [TEST_STEP][PASSED] - if (feinSsn.equalsIgnoreCase("Y")): null

2024-01-13 22:45:36 - [TEST_STEP][PASSED] - if (verifyTextPresent("Please enter a valid FEIN/SSN with 9 digits", true)): null

2024-01-13 22:45:36 - [MESSAGE][PASSED] - Text 'Please enter a valid FEIN/SSN with 9 digits' is present on page  using regular expression

2024-01-13 22:45:36 - [TEST_STEP][PASSED] - println("Error Message is present on the page"): null

2024-01-13 22:45:36 - [TEST_STEP][PASSED] - out.println("Pass Record Number: " + row): null

2024-01-13 22:45:36 - [TEST_STEP][PASSED] - resText = "Pass": null

2024-01-13 22:45:36 - [TEST_STEP][PASSED] - pages.WriteExcel.demoKey(resText, datText, resColumn, datCloumn, fileLoc, nameSheet, row): pages.WriteExcel.demoKey is PASSED

2024-01-13 22:45:36 - [MESSAGE][PASSED] - pages.WriteExcel.demoKey is PASSED

2024-01-13 22:45:36 - [TEST_STEP][PASSED] - ExecuteTC = findTestData(dataFile).getValue("Execute", row): null

2024-01-13 22:45:36 - [TEST_STEP][PASSED] - Taxtype = findTestData(dataFile).getValue("TaxType", row): null

2024-01-13 22:45:36 - [TEST_STEP][PASSED] - Paymenttype = findTestData(dataFile).getValue("PaymentType", row): null

2024-01-13 22:45:36 - [TEST_STEP][PASSED] - feinSsn = findTestData(dataFile).getValue("FEINSSN", row): null

2024-01-13 22:45:36 - [TEST_STEP][PASSED] - out.println("Value of Execute is : " + ExecuteTC): null

2024-01-13 22:45:36 - [TEST_STEP][PASSED] - if (ExecuteTC.equalsIgnoreCase("Y")): null

2024-01-13 22:45:36 - [TEST_STEP][PASSED] - out.println("Begin Record Number: " + row): null

2024-01-13 22:45:36 - [TEST_STEP][PASSED] - today = new java.util.Date(): null

2024-01-13 22:45:36 - [TEST_STEP][PASSED] - println(today): null

2024-01-13 22:45:36 - [TEST_STEP][PASSED] - datText = today: null

2024-01-13 22:45:36 - [TEST_STEP][PASSED] - Taxtype = findTestData(dataFile).getValue("TaxType", row): null

2024-01-13 22:45:37 - [TEST_STEP][PASSED] - out.println("Taxtype value is : " + Taxtype): null

2024-01-13 22:45:37 - [TEST_STEP][PASSED] - openBrowser(""): Browser is opened with url: ''

2024-01-13 22:45:37 - [MESSAGE][WARNING] - A browser is already opened. Closing browser and opening a new one

2024-01-13 22:45:38 - [MESSAGE][INFO] - Starting 'Chrome' driver

2024-01-13 22:45:38 - [MESSAGE][INFO] - User set preference: ['acceptInsecureCerts', 'true']

2024-01-13 22:45:38 - [MESSAGE][INFO] - Action delay is set to 0 milliseconds

2024-01-13 22:45:39 - [MESSAGE][PASSED] - Browser is opened with url: ''

2024-01-13 22:45:39 - [TEST_STEP][PASSED] - maximizeWindow(): Current window maximized

2024-01-13 22:45:39 - [MESSAGE][PASSED] - Current window maximized

2024-01-13 22:45:39 - [TEST_STEP][PASSED] - navigateToUrl(RADurl): Navigate to 'https://qa2.velocitypayment.com/client/rad/index.html' successfully

2024-01-13 22:45:41 - [MESSAGE][PASSED] - Navigate to 'https://qa2.velocitypayment.com/client/rad/index.html' successfully

2024-01-13 22:45:41 - [TEST_STEP][PASSED] - orPath_Landing = "Object Repository/RAD_Pages/Landing_Page": null

2024-01-13 22:45:41 - [TEST_STEP][PASSED] - orPath_TaxTypeFilingYear = "Object Repository/RAD_Pages/TaxTypeFilingYear_Page": null

2024-01-13 22:45:41 - [TEST_STEP][PASSED] - orPath_TaxPayer = "Object Repository/RAD_Pages/Taxpayer_Page": null

2024-01-13 22:45:41 - [TEST_STEP][PASSED] - orPath_AddressContact = "Object Repository/RAD_Pages/AddressAndContactInfo_Page": null

2024-01-13 22:45:41 - [TEST_STEP][PASSED] - orPath_FilingStatus = "Object Repository/RAD_Pages/FilingStatus_Page": null

2024-01-13 22:45:41 - [TEST_STEP][PASSED] - orPath_Amount = "Object Repository/RAD_Pages/PaymentAmount_Page": null

2024-01-13 22:45:41 - [TEST_STEP][PASSED] - orPath_TaxInfo = "Object Repository/RAD_Pages/TaxInfo_Page": null

2024-01-13 22:45:41 - [TEST_STEP][PASSED] - orPath_Withholding = "Object Repository/RAD_Pages/Withholding_Page": null

2024-01-13 22:45:41 - [TEST_STEP][PASSED] - orPath_Summary = "Object Repository/RAD_Pages/Summary_Page": null

2024-01-13 22:45:41 - [TEST_STEP][PASSED] - orPath_PaymentReady = "Object Repository/RAD_Pages/PaymentReady_Page": null

2024-01-13 22:45:41 - [TEST_STEP][PASSED] - orPath_PaymentEntry = "Object Repository/RAD_Pages/PaymentEntry_Page": null

2024-01-13 22:45:41 - [TEST_STEP][PASSED] - orPath_PaymentConfirmation = "Object Repository/RAD_Pages/PaymentConfirmation_Page": null

2024-01-13 22:45:41 - [TEST_STEP][PASSED] - orPath_ServiceFeesAccept = "Object Repository/RAD_Pages/ServiceFeeAccept_Page": null

2024-01-13 22:45:41 - [TEST_STEP][PASSED] - selectOptionByLabel(findTestObject(orPath_Landing + "/dd_TaxType"), Paymenttype, false): All options with label 'New Tax Return Amount Due' are selected in object 'Object Repository/RAD_Pages/Landing_Page/dd_TaxType' 

2024-01-13 22:45:41 - [MESSAGE][PASSED] - All options with label 'New Tax Return Amount Due' are selected in object 'Object Repository/RAD_Pages/Landing_Page/dd_TaxType' 

2024-01-13 22:45:41 - [TEST_STEP][PASSED] - delay(1): Delayed 1 second(s)

2024-01-13 22:45:42 - [MESSAGE][PASSED] - Delayed 1 second(s)

2024-01-13 22:45:42 - [TEST_STEP][PASSED] - switch (Paymenttype): null

2024-01-13 22:45:42 - [TEST_STEP][PASSED] - case "New Tax Return Amount Due":: null

2024-01-13 22:45:42 - [TEST_STEP][PASSED] - selectOptionByLabel(findTestObject("Object Repository/RAD_Pages/Landing_Page/select_NewTaxReturnAmountDue_TaxType"), Taxtype, false): All options with label 'PTE Non-Electing S Corp' are selected in object 'Object Repository/RAD_Pages/Landing_Page/select_NewTaxReturnAmountDue_TaxType' 

2024-01-13 22:45:43 - [MESSAGE][PASSED] - All options with label 'PTE Non-Electing S Corp' are selected in object 'Object Repository/RAD_Pages/Landing_Page/select_NewTaxReturnAmountDue_TaxType' 

2024-01-13 22:45:43 - [TEST_STEP][PASSED] - break: null

2024-01-13 22:45:43 - [TEST_STEP][PASSED] - delay(1): Delayed 1 second(s)

2024-01-13 22:45:44 - [MESSAGE][PASSED] - Delayed 1 second(s)

2024-01-13 22:45:44 - [TEST_STEP][PASSED] - switch (Paymenttype): null

2024-01-13 22:45:44 - [TEST_STEP][PASSED] - case "New Tax Return Amount Due":: null

2024-01-13 22:45:44 - [TEST_STEP][PASSED] - if (feinSsn.equalsIgnoreCase("Y")): Text ****** has been set on object 'Object Repository/RAD_Pages/TaxInfo_Page/input_TaxInfo_RetypeFeinSsn_New_2'

2024-01-13 22:45:44 - [TEST_STEP][PASSED] - setEncryptedText(findTestObject(orPath_TaxInfo + "//input_TaxInfo_FeinSsn_New_2"), "iGDxf8hSRT4="): Text ****** has been set on object 'Object Repository/RAD_Pages/TaxInfo_Page//input_TaxInfo_FeinSsn_New_2'

2024-01-13 22:45:44 - [MESSAGE][PASSED] - Text ****** has been set on object 'Object Repository/RAD_Pages/TaxInfo_Page//input_TaxInfo_FeinSsn_New_2'

2024-01-13 22:45:44 - [TEST_STEP][PASSED] - setEncryptedText(findTestObject(orPath_TaxInfo + "/input_TaxInfo_RetypeFeinSsn_New_2"), ""): Text ****** has been set on object 'Object Repository/RAD_Pages/TaxInfo_Page/input_TaxInfo_RetypeFeinSsn_New_2'

2024-01-13 22:45:45 - [MESSAGE][PASSED] - Text ****** has been set on object 'Object Repository/RAD_Pages/TaxInfo_Page/input_TaxInfo_RetypeFeinSsn_New_2'

2024-01-13 22:45:45 - [TEST_STEP][PASSED] - break: null

2024-01-13 22:45:45 - [TEST_STEP][PASSED] - if (feinSsn.equalsIgnoreCase("Y")): null

2024-01-13 22:45:45 - [TEST_STEP][PASSED] - if (verifyTextPresent("Please enter a valid FEIN/SSN with 9 digits", true)): null

2024-01-13 22:45:46 - [MESSAGE][PASSED] - Text 'Please enter a valid FEIN/SSN with 9 digits' is present on page  using regular expression

2024-01-13 22:45:46 - [TEST_STEP][PASSED] - println("Error Message is present on the page"): null

2024-01-13 22:45:46 - [TEST_STEP][PASSED] - out.println("Pass Record Number: " + row): null

2024-01-13 22:45:46 - [TEST_STEP][PASSED] - resText = "Pass": null

2024-01-13 22:45:46 - [TEST_STEP][PASSED] - pages.WriteExcel.demoKey(resText, datText, resColumn, datCloumn, fileLoc, nameSheet, row): pages.WriteExcel.demoKey is PASSED

2024-01-13 22:45:46 - [MESSAGE][PASSED] - pages.WriteExcel.demoKey is PASSED

2024-01-13 22:45:46 - [TEST_STEP][PASSED] - ExecuteTC = findTestData(dataFile).getValue("Execute", row): null

2024-01-13 22:45:46 - [TEST_STEP][PASSED] - Taxtype = findTestData(dataFile).getValue("TaxType", row): null

2024-01-13 22:45:46 - [TEST_STEP][PASSED] - Paymenttype = findTestData(dataFile).getValue("PaymentType", row): null

2024-01-13 22:45:46 - [TEST_STEP][PASSED] - feinSsn = findTestData(dataFile).getValue("FEINSSN", row): null

2024-01-13 22:45:46 - [TEST_STEP][PASSED] - out.println("Value of Execute is : " + ExecuteTC): null

2024-01-13 22:45:46 - [TEST_STEP][PASSED] - if (ExecuteTC.equalsIgnoreCase("Y")): null

2024-01-13 22:45:46 - [TEST_STEP][PASSED] - out.println("Begin Record Number: " + row): null

2024-01-13 22:45:46 - [TEST_STEP][PASSED] - today = new java.util.Date(): null

2024-01-13 22:45:46 - [TEST_STEP][PASSED] - println(today): null

2024-01-13 22:45:46 - [TEST_STEP][PASSED] - datText = today: null

2024-01-13 22:45:46 - [TEST_STEP][PASSED] - Taxtype = findTestData(dataFile).getValue("TaxType", row): null

2024-01-13 22:45:46 - [TEST_STEP][PASSED] - out.println("Taxtype value is : " + Taxtype): null

2024-01-13 22:45:46 - [TEST_STEP][PASSED] - openBrowser(""): Browser is opened with url: ''

2024-01-13 22:45:46 - [MESSAGE][WARNING] - A browser is already opened. Closing browser and opening a new one

2024-01-13 22:45:47 - [MESSAGE][INFO] - Starting 'Chrome' driver

2024-01-13 22:45:47 - [MESSAGE][INFO] - User set preference: ['acceptInsecureCerts', 'true']

2024-01-13 22:45:47 - [MESSAGE][INFO] - Action delay is set to 0 milliseconds

2024-01-13 22:45:48 - [MESSAGE][PASSED] - Browser is opened with url: ''

2024-01-13 22:45:48 - [TEST_STEP][PASSED] - maximizeWindow(): Current window maximized

2024-01-13 22:45:48 - [MESSAGE][PASSED] - Current window maximized

2024-01-13 22:45:48 - [TEST_STEP][PASSED] - navigateToUrl(RADurl): Navigate to 'https://qa2.velocitypayment.com/client/rad/index.html' successfully

2024-01-13 22:45:50 - [MESSAGE][PASSED] - Navigate to 'https://qa2.velocitypayment.com/client/rad/index.html' successfully

2024-01-13 22:45:50 - [TEST_STEP][PASSED] - orPath_Landing = "Object Repository/RAD_Pages/Landing_Page": null

2024-01-13 22:45:50 - [TEST_STEP][PASSED] - orPath_TaxTypeFilingYear = "Object Repository/RAD_Pages/TaxTypeFilingYear_Page": null

2024-01-13 22:45:50 - [TEST_STEP][PASSED] - orPath_TaxPayer = "Object Repository/RAD_Pages/Taxpayer_Page": null

2024-01-13 22:45:50 - [TEST_STEP][PASSED] - orPath_AddressContact = "Object Repository/RAD_Pages/AddressAndContactInfo_Page": null

2024-01-13 22:45:50 - [TEST_STEP][PASSED] - orPath_FilingStatus = "Object Repository/RAD_Pages/FilingStatus_Page": null

2024-01-13 22:45:50 - [TEST_STEP][PASSED] - orPath_Amount = "Object Repository/RAD_Pages/PaymentAmount_Page": null

2024-01-13 22:45:50 - [TEST_STEP][PASSED] - orPath_TaxInfo = "Object Repository/RAD_Pages/TaxInfo_Page": null

2024-01-13 22:45:50 - [TEST_STEP][PASSED] - orPath_Withholding = "Object Repository/RAD_Pages/Withholding_Page": null

2024-01-13 22:45:50 - [TEST_STEP][PASSED] - orPath_Summary = "Object Repository/RAD_Pages/Summary_Page": null

2024-01-13 22:45:50 - [TEST_STEP][PASSED] - orPath_PaymentReady = "Object Repository/RAD_Pages/PaymentReady_Page": null

2024-01-13 22:45:50 - [TEST_STEP][PASSED] - orPath_PaymentEntry = "Object Repository/RAD_Pages/PaymentEntry_Page": null

2024-01-13 22:45:50 - [TEST_STEP][PASSED] - orPath_PaymentConfirmation = "Object Repository/RAD_Pages/PaymentConfirmation_Page": null

2024-01-13 22:45:50 - [TEST_STEP][PASSED] - orPath_ServiceFeesAccept = "Object Repository/RAD_Pages/ServiceFeeAccept_Page": null

2024-01-13 22:45:50 - [TEST_STEP][PASSED] - selectOptionByLabel(findTestObject(orPath_Landing + "/dd_TaxType"), Paymenttype, false): All options with label 'New Tax Return Amount Due' are selected in object 'Object Repository/RAD_Pages/Landing_Page/dd_TaxType' 

2024-01-13 22:45:51 - [MESSAGE][PASSED] - All options with label 'New Tax Return Amount Due' are selected in object 'Object Repository/RAD_Pages/Landing_Page/dd_TaxType' 

2024-01-13 22:45:51 - [TEST_STEP][PASSED] - delay(1): Delayed 1 second(s)

2024-01-13 22:45:52 - [MESSAGE][PASSED] - Delayed 1 second(s)

2024-01-13 22:45:52 - [TEST_STEP][PASSED] - switch (Paymenttype): null

2024-01-13 22:45:52 - [TEST_STEP][PASSED] - case "New Tax Return Amount Due":: null

2024-01-13 22:45:52 - [TEST_STEP][PASSED] - selectOptionByLabel(findTestObject("Object Repository/RAD_Pages/Landing_Page/select_NewTaxReturnAmountDue_TaxType"), Taxtype, false): All options with label 'PTE Tax Electing Non-S Corp' are selected in object 'Object Repository/RAD_Pages/Landing_Page/select_NewTaxReturnAmountDue_TaxType' 

2024-01-13 22:45:52 - [MESSAGE][PASSED] - All options with label 'PTE Tax Electing Non-S Corp' are selected in object 'Object Repository/RAD_Pages/Landing_Page/select_NewTaxReturnAmountDue_TaxType' 

2024-01-13 22:45:52 - [TEST_STEP][PASSED] - break: null

2024-01-13 22:45:52 - [TEST_STEP][PASSED] - delay(1): Delayed 1 second(s)

2024-01-13 22:45:53 - [MESSAGE][PASSED] - Delayed 1 second(s)

2024-01-13 22:45:53 - [TEST_STEP][PASSED] - switch (Paymenttype): null

2024-01-13 22:45:53 - [TEST_STEP][PASSED] - case "New Tax Return Amount Due":: null

2024-01-13 22:45:53 - [TEST_STEP][PASSED] - if (feinSsn.equalsIgnoreCase("Y")): Text ****** has been set on object 'Object Repository/RAD_Pages/TaxInfo_Page/input_TaxInfo_RetypeFeinSsn_New_2'

2024-01-13 22:45:53 - [TEST_STEP][PASSED] - setEncryptedText(findTestObject(orPath_TaxInfo + "//input_TaxInfo_FeinSsn_New_2"), "iGDxf8hSRT4="): Text ****** has been set on object 'Object Repository/RAD_Pages/TaxInfo_Page//input_TaxInfo_FeinSsn_New_2'

2024-01-13 22:45:54 - [MESSAGE][PASSED] - Text ****** has been set on object 'Object Repository/RAD_Pages/TaxInfo_Page//input_TaxInfo_FeinSsn_New_2'

2024-01-13 22:45:54 - [TEST_STEP][PASSED] - setEncryptedText(findTestObject(orPath_TaxInfo + "/input_TaxInfo_RetypeFeinSsn_New_2"), ""): Text ****** has been set on object 'Object Repository/RAD_Pages/TaxInfo_Page/input_TaxInfo_RetypeFeinSsn_New_2'

2024-01-13 22:45:54 - [MESSAGE][PASSED] - Text ****** has been set on object 'Object Repository/RAD_Pages/TaxInfo_Page/input_TaxInfo_RetypeFeinSsn_New_2'

2024-01-13 22:45:54 - [TEST_STEP][PASSED] - break: null

2024-01-13 22:45:54 - [TEST_STEP][PASSED] - if (feinSsn.equalsIgnoreCase("Y")): null

2024-01-13 22:45:54 - [TEST_STEP][PASSED] - if (verifyTextPresent("Please enter a valid FEIN/SSN with 9 digits", true)): null

2024-01-13 22:45:55 - [MESSAGE][PASSED] - Text 'Please enter a valid FEIN/SSN with 9 digits' is present on page  using regular expression

2024-01-13 22:45:55 - [TEST_STEP][PASSED] - println("Error Message is present on the page"): null

2024-01-13 22:45:55 - [TEST_STEP][PASSED] - out.println("Pass Record Number: " + row): null

2024-01-13 22:45:55 - [TEST_STEP][PASSED] - resText = "Pass": null

2024-01-13 22:45:55 - [TEST_STEP][PASSED] - pages.WriteExcel.demoKey(resText, datText, resColumn, datCloumn, fileLoc, nameSheet, row): pages.WriteExcel.demoKey is PASSED

2024-01-13 22:45:55 - [MESSAGE][PASSED] - pages.WriteExcel.demoKey is PASSED

2024-01-13 22:45:55 - [TEST_STEP][PASSED] - ExecuteTC = findTestData(dataFile).getValue("Execute", row): null

2024-01-13 22:45:55 - [TEST_STEP][PASSED] - Taxtype = findTestData(dataFile).getValue("TaxType", row): null

2024-01-13 22:45:55 - [TEST_STEP][PASSED] - Paymenttype = findTestData(dataFile).getValue("PaymentType", row): null

2024-01-13 22:45:55 - [TEST_STEP][PASSED] - feinSsn = findTestData(dataFile).getValue("FEINSSN", row): null

2024-01-13 22:45:55 - [TEST_STEP][PASSED] - out.println("Value of Execute is : " + ExecuteTC): null

2024-01-13 22:45:55 - [TEST_STEP][PASSED] - if (ExecuteTC.equalsIgnoreCase("Y")): null

2024-01-13 22:45:55 - [TEST_STEP][PASSED] - out.println("Begin Record Number: " + row): null

2024-01-13 22:45:55 - [TEST_STEP][PASSED] - today = new java.util.Date(): null

2024-01-13 22:45:55 - [TEST_STEP][PASSED] - println(today): null

2024-01-13 22:45:55 - [TEST_STEP][PASSED] - datText = today: null

2024-01-13 22:45:55 - [TEST_STEP][PASSED] - Taxtype = findTestData(dataFile).getValue("TaxType", row): null

2024-01-13 22:45:55 - [TEST_STEP][PASSED] - out.println("Taxtype value is : " + Taxtype): null

2024-01-13 22:45:55 - [TEST_STEP][PASSED] - openBrowser(""): Browser is opened with url: ''

2024-01-13 22:45:55 - [MESSAGE][WARNING] - A browser is already opened. Closing browser and opening a new one

2024-01-13 22:45:56 - [MESSAGE][INFO] - Starting 'Chrome' driver

2024-01-13 22:45:56 - [MESSAGE][INFO] - User set preference: ['acceptInsecureCerts', 'true']

2024-01-13 22:45:56 - [MESSAGE][INFO] - Action delay is set to 0 milliseconds

2024-01-13 22:45:58 - [MESSAGE][PASSED] - Browser is opened with url: ''

2024-01-13 22:45:58 - [TEST_STEP][PASSED] - maximizeWindow(): Current window maximized

2024-01-13 22:45:58 - [MESSAGE][PASSED] - Current window maximized

2024-01-13 22:45:58 - [TEST_STEP][PASSED] - navigateToUrl(RADurl): Navigate to 'https://qa2.velocitypayment.com/client/rad/index.html' successfully

2024-01-13 22:45:59 - [MESSAGE][PASSED] - Navigate to 'https://qa2.velocitypayment.com/client/rad/index.html' successfully

2024-01-13 22:45:59 - [TEST_STEP][PASSED] - orPath_Landing = "Object Repository/RAD_Pages/Landing_Page": null

2024-01-13 22:45:59 - [TEST_STEP][PASSED] - orPath_TaxTypeFilingYear = "Object Repository/RAD_Pages/TaxTypeFilingYear_Page": null

2024-01-13 22:45:59 - [TEST_STEP][PASSED] - orPath_TaxPayer = "Object Repository/RAD_Pages/Taxpayer_Page": null

2024-01-13 22:45:59 - [TEST_STEP][PASSED] - orPath_AddressContact = "Object Repository/RAD_Pages/AddressAndContactInfo_Page": null

2024-01-13 22:45:59 - [TEST_STEP][PASSED] - orPath_FilingStatus = "Object Repository/RAD_Pages/FilingStatus_Page": null

2024-01-13 22:45:59 - [TEST_STEP][PASSED] - orPath_Amount = "Object Repository/RAD_Pages/PaymentAmount_Page": null

2024-01-13 22:45:59 - [TEST_STEP][PASSED] - orPath_TaxInfo = "Object Repository/RAD_Pages/TaxInfo_Page": null

2024-01-13 22:45:59 - [TEST_STEP][PASSED] - orPath_Withholding = "Object Repository/RAD_Pages/Withholding_Page": null

2024-01-13 22:45:59 - [TEST_STEP][PASSED] - orPath_Summary = "Object Repository/RAD_Pages/Summary_Page": null

2024-01-13 22:45:59 - [TEST_STEP][PASSED] - orPath_PaymentReady = "Object Repository/RAD_Pages/PaymentReady_Page": null

2024-01-13 22:45:59 - [TEST_STEP][PASSED] - orPath_PaymentEntry = "Object Repository/RAD_Pages/PaymentEntry_Page": null

2024-01-13 22:45:59 - [TEST_STEP][PASSED] - orPath_PaymentConfirmation = "Object Repository/RAD_Pages/PaymentConfirmation_Page": null

2024-01-13 22:45:59 - [TEST_STEP][PASSED] - orPath_ServiceFeesAccept = "Object Repository/RAD_Pages/ServiceFeeAccept_Page": null

2024-01-13 22:45:59 - [TEST_STEP][PASSED] - selectOptionByLabel(findTestObject(orPath_Landing + "/dd_TaxType"), Paymenttype, false): All options with label 'New Tax Return Amount Due' are selected in object 'Object Repository/RAD_Pages/Landing_Page/dd_TaxType' 

2024-01-13 22:46:00 - [MESSAGE][PASSED] - All options with label 'New Tax Return Amount Due' are selected in object 'Object Repository/RAD_Pages/Landing_Page/dd_TaxType' 

2024-01-13 22:46:00 - [TEST_STEP][PASSED] - delay(1): Delayed 1 second(s)

2024-01-13 22:46:01 - [MESSAGE][PASSED] - Delayed 1 second(s)

2024-01-13 22:46:01 - [TEST_STEP][PASSED] - switch (Paymenttype): null

2024-01-13 22:46:01 - [TEST_STEP][PASSED] - case "New Tax Return Amount Due":: null

2024-01-13 22:46:01 - [TEST_STEP][PASSED] - selectOptionByLabel(findTestObject("Object Repository/RAD_Pages/Landing_Page/select_NewTaxReturnAmountDue_TaxType"), Taxtype, false): All options with label 'PTE Tax Electing S Corp' are selected in object 'Object Repository/RAD_Pages/Landing_Page/select_NewTaxReturnAmountDue_TaxType' 

2024-01-13 22:46:02 - [MESSAGE][PASSED] - All options with label 'PTE Tax Electing S Corp' are selected in object 'Object Repository/RAD_Pages/Landing_Page/select_NewTaxReturnAmountDue_TaxType' 

2024-01-13 22:46:02 - [TEST_STEP][PASSED] - break: null

2024-01-13 22:46:02 - [TEST_STEP][PASSED] - delay(1): Delayed 1 second(s)

2024-01-13 22:46:03 - [MESSAGE][PASSED] - Delayed 1 second(s)

2024-01-13 22:46:03 - [TEST_STEP][PASSED] - switch (Paymenttype): null

2024-01-13 22:46:03 - [TEST_STEP][PASSED] - case "New Tax Return Amount Due":: null

2024-01-13 22:46:03 - [TEST_STEP][PASSED] - if (feinSsn.equalsIgnoreCase("Y")): Text ****** has been set on object 'Object Repository/RAD_Pages/TaxInfo_Page/input_TaxInfo_RetypeFeinSsn_New_2'

2024-01-13 22:46:03 - [TEST_STEP][PASSED] - setEncryptedText(findTestObject(orPath_TaxInfo + "//input_TaxInfo_FeinSsn_New_2"), "iGDxf8hSRT4="): Text ****** has been set on object 'Object Repository/RAD_Pages/TaxInfo_Page//input_TaxInfo_FeinSsn_New_2'

2024-01-13 22:46:03 - [MESSAGE][PASSED] - Text ****** has been set on object 'Object Repository/RAD_Pages/TaxInfo_Page//input_TaxInfo_FeinSsn_New_2'

2024-01-13 22:46:03 - [TEST_STEP][PASSED] - setEncryptedText(findTestObject(orPath_TaxInfo + "/input_TaxInfo_RetypeFeinSsn_New_2"), ""): Text ****** has been set on object 'Object Repository/RAD_Pages/TaxInfo_Page/input_TaxInfo_RetypeFeinSsn_New_2'

2024-01-13 22:46:04 - [MESSAGE][PASSED] - Text ****** has been set on object 'Object Repository/RAD_Pages/TaxInfo_Page/input_TaxInfo_RetypeFeinSsn_New_2'

2024-01-13 22:46:04 - [TEST_STEP][PASSED] - break: null

2024-01-13 22:46:04 - [TEST_STEP][PASSED] - if (feinSsn.equalsIgnoreCase("Y")): null

2024-01-13 22:46:04 - [TEST_STEP][PASSED] - if (verifyTextPresent("Please enter a valid FEIN/SSN with 9 digits", true)): null

2024-01-13 22:46:04 - [MESSAGE][PASSED] - Text 'Please enter a valid FEIN/SSN with 9 digits' is present on page  using regular expression

2024-01-13 22:46:04 - [TEST_STEP][PASSED] - println("Error Message is present on the page"): null

2024-01-13 22:46:04 - [TEST_STEP][PASSED] - out.println("Pass Record Number: " + row): null

2024-01-13 22:46:04 - [TEST_STEP][PASSED] - resText = "Pass": null

2024-01-13 22:46:04 - [TEST_STEP][PASSED] - pages.WriteExcel.demoKey(resText, datText, resColumn, datCloumn, fileLoc, nameSheet, row): pages.WriteExcel.demoKey is PASSED

2024-01-13 22:46:05 - [MESSAGE][PASSED] - pages.WriteExcel.demoKey is PASSED

2024-01-13 22:46:05 - [TEST_STEP][PASSED] - ExecuteTC = findTestData(dataFile).getValue("Execute", row): null

2024-01-13 22:46:05 - [TEST_STEP][PASSED] - Taxtype = findTestData(dataFile).getValue("TaxType", row): null

2024-01-13 22:46:05 - [TEST_STEP][PASSED] - Paymenttype = findTestData(dataFile).getValue("PaymentType", row): null

2024-01-13 22:46:05 - [TEST_STEP][PASSED] - feinSsn = findTestData(dataFile).getValue("FEINSSN", row): null

2024-01-13 22:46:05 - [TEST_STEP][PASSED] - out.println("Value of Execute is : " + ExecuteTC): null

2024-01-13 22:46:05 - [TEST_STEP][PASSED] - if (ExecuteTC.equalsIgnoreCase("Y")): null

2024-01-13 22:46:05 - [TEST_STEP][PASSED] - out.println("Begin Record Number: " + row): null

2024-01-13 22:46:05 - [TEST_STEP][PASSED] - today = new java.util.Date(): null

2024-01-13 22:46:05 - [TEST_STEP][PASSED] - println(today): null

2024-01-13 22:46:05 - [TEST_STEP][PASSED] - datText = today: null

2024-01-13 22:46:05 - [TEST_STEP][PASSED] - Taxtype = findTestData(dataFile).getValue("TaxType", row): null

2024-01-13 22:46:05 - [TEST_STEP][PASSED] - out.println("Taxtype value is : " + Taxtype): null

2024-01-13 22:46:05 - [TEST_STEP][PASSED] - openBrowser(""): Browser is opened with url: ''

2024-01-13 22:46:05 - [MESSAGE][WARNING] - A browser is already opened. Closing browser and opening a new one

2024-01-13 22:46:06 - [MESSAGE][INFO] - Starting 'Chrome' driver

2024-01-13 22:46:06 - [MESSAGE][INFO] - User set preference: ['acceptInsecureCerts', 'true']

2024-01-13 22:46:06 - [MESSAGE][INFO] - Action delay is set to 0 milliseconds

2024-01-13 22:46:07 - [MESSAGE][PASSED] - Browser is opened with url: ''

2024-01-13 22:46:07 - [TEST_STEP][PASSED] - maximizeWindow(): Current window maximized

2024-01-13 22:46:07 - [MESSAGE][PASSED] - Current window maximized

2024-01-13 22:46:07 - [TEST_STEP][PASSED] - navigateToUrl(RADurl): Navigate to 'https://qa2.velocitypayment.com/client/rad/index.html' successfully

2024-01-13 22:46:09 - [MESSAGE][PASSED] - Navigate to 'https://qa2.velocitypayment.com/client/rad/index.html' successfully

2024-01-13 22:46:09 - [TEST_STEP][PASSED] - orPath_Landing = "Object Repository/RAD_Pages/Landing_Page": null

2024-01-13 22:46:09 - [TEST_STEP][PASSED] - orPath_TaxTypeFilingYear = "Object Repository/RAD_Pages/TaxTypeFilingYear_Page": null

2024-01-13 22:46:09 - [TEST_STEP][PASSED] - orPath_TaxPayer = "Object Repository/RAD_Pages/Taxpayer_Page": null

2024-01-13 22:46:09 - [TEST_STEP][PASSED] - orPath_AddressContact = "Object Repository/RAD_Pages/AddressAndContactInfo_Page": null

2024-01-13 22:46:09 - [TEST_STEP][PASSED] - orPath_FilingStatus = "Object Repository/RAD_Pages/FilingStatus_Page": null

2024-01-13 22:46:09 - [TEST_STEP][PASSED] - orPath_Amount = "Object Repository/RAD_Pages/PaymentAmount_Page": null

2024-01-13 22:46:09 - [TEST_STEP][PASSED] - orPath_TaxInfo = "Object Repository/RAD_Pages/TaxInfo_Page": null

2024-01-13 22:46:09 - [TEST_STEP][PASSED] - orPath_Withholding = "Object Repository/RAD_Pages/Withholding_Page": null

2024-01-13 22:46:09 - [TEST_STEP][PASSED] - orPath_Summary = "Object Repository/RAD_Pages/Summary_Page": null

2024-01-13 22:46:09 - [TEST_STEP][PASSED] - orPath_PaymentReady = "Object Repository/RAD_Pages/PaymentReady_Page": null

2024-01-13 22:46:09 - [TEST_STEP][PASSED] - orPath_PaymentEntry = "Object Repository/RAD_Pages/PaymentEntry_Page": null

2024-01-13 22:46:09 - [TEST_STEP][PASSED] - orPath_PaymentConfirmation = "Object Repository/RAD_Pages/PaymentConfirmation_Page": null

2024-01-13 22:46:09 - [TEST_STEP][PASSED] - orPath_ServiceFeesAccept = "Object Repository/RAD_Pages/ServiceFeeAccept_Page": null

2024-01-13 22:46:09 - [TEST_STEP][PASSED] - selectOptionByLabel(findTestObject(orPath_Landing + "/dd_TaxType"), Paymenttype, false): All options with label 'Existing Liability w/Notice Number' are selected in object 'Object Repository/RAD_Pages/Landing_Page/dd_TaxType' 

2024-01-13 22:46:10 - [MESSAGE][PASSED] - All options with label 'Existing Liability w/Notice Number' are selected in object 'Object Repository/RAD_Pages/Landing_Page/dd_TaxType' 

2024-01-13 22:46:10 - [TEST_STEP][PASSED] - delay(1): Delayed 1 second(s)

2024-01-13 22:46:11 - [MESSAGE][PASSED] - Delayed 1 second(s)

2024-01-13 22:46:11 - [TEST_STEP][PASSED] - switch (Paymenttype): null

2024-01-13 22:46:11 - [TEST_STEP][PASSED] - case "Existing Liability w/Notice Number":: null

2024-01-13 22:46:11 - [TEST_STEP][PASSED] - selectOptionByLabel(findTestObject(orPath_TaxTypeFilingYear + "/select_TaxType_ExistingLiability"), Taxtype, false): All options with label 'Admissions and Amusement Tax' are selected in object 'Object Repository/RAD_Pages/TaxTypeFilingYear_Page/select_TaxType_ExistingLiability' 

2024-01-13 22:46:11 - [MESSAGE][PASSED] - All options with label 'Admissions and Amusement Tax' are selected in object 'Object Repository/RAD_Pages/TaxTypeFilingYear_Page/select_TaxType_ExistingLiability' 

2024-01-13 22:46:11 - [TEST_STEP][PASSED] - break: null

2024-01-13 22:46:11 - [TEST_STEP][PASSED] - delay(1): Delayed 1 second(s)

2024-01-13 22:46:12 - [MESSAGE][PASSED] - Delayed 1 second(s)

2024-01-13 22:46:12 - [TEST_STEP][PASSED] - switch (Paymenttype): null

2024-01-13 22:46:12 - [TEST_STEP][PASSED] - case "Existing Liability w/Notice Number":: null

2024-01-13 22:46:12 - [TEST_STEP][PASSED] - if (feinSsn.equalsIgnoreCase("Y")): null

2024-01-13 22:46:12 - [TEST_STEP][PASSED] - else: Text ****** has been set on object 'Object Repository/RAD_RecordAndPlay/input_Existing_RetypeFEIN'

2024-01-13 22:46:12 - [TEST_STEP][PASSED] - setEncryptedText(findTestObject("Object Repository/RAD_RecordAndPlay/input_Existing_FEIN"), "iGDxf8hSRT4="): Text ****** has been set on object 'Object Repository/RAD_RecordAndPlay/input_Existing_FEIN'

2024-01-13 22:46:13 - [MESSAGE][PASSED] - Text ****** has been set on object 'Object Repository/RAD_RecordAndPlay/input_Existing_FEIN'

2024-01-13 22:46:13 - [TEST_STEP][PASSED] - setEncryptedText(findTestObject("Object Repository/RAD_RecordAndPlay/input_Existing_RetypeFEIN"), ""): Text ****** has been set on object 'Object Repository/RAD_RecordAndPlay/input_Existing_RetypeFEIN'

2024-01-13 22:46:13 - [MESSAGE][PASSED] - Text ****** has been set on object 'Object Repository/RAD_RecordAndPlay/input_Existing_RetypeFEIN'

2024-01-13 22:46:13 - [TEST_STEP][PASSED] - break: null

2024-01-13 22:46:13 - [TEST_STEP][PASSED] - if (feinSsn.equalsIgnoreCase("Y")): null

2024-01-13 22:46:13 - [TEST_STEP][PASSED] - else: null

2024-01-13 22:46:13 - [TEST_STEP][PASSED] - if (verifyTextPresent("Please enter a valid FEIN with 9 digits.", true)): null

2024-01-13 22:46:14 - [MESSAGE][PASSED] - Text 'Please enter a valid FEIN with 9 digits.' is present on page  using regular expression

2024-01-13 22:46:14 - [TEST_STEP][PASSED] - println("Error Message is present on the page"): null

2024-01-13 22:46:14 - [TEST_STEP][PASSED] - out.println("Pass Record Number: " + row): null

2024-01-13 22:46:14 - [TEST_STEP][PASSED] - resText = "Pass": null

2024-01-13 22:46:14 - [TEST_STEP][PASSED] - pages.WriteExcel.demoKey(resText, datText, resColumn, datCloumn, fileLoc, nameSheet, row): pages.WriteExcel.demoKey is PASSED

2024-01-13 22:46:14 - [MESSAGE][PASSED] - pages.WriteExcel.demoKey is PASSED

2024-01-13 22:46:14 - [TEST_STEP][PASSED] - ExecuteTC = findTestData(dataFile).getValue("Execute", row): null

2024-01-13 22:46:14 - [TEST_STEP][PASSED] - Taxtype = findTestData(dataFile).getValue("TaxType", row): null

2024-01-13 22:46:14 - [TEST_STEP][PASSED] - Paymenttype = findTestData(dataFile).getValue("PaymentType", row): null

2024-01-13 22:46:14 - [TEST_STEP][PASSED] - feinSsn = findTestData(dataFile).getValue("FEINSSN", row): null

2024-01-13 22:46:14 - [TEST_STEP][PASSED] - out.println("Value of Execute is : " + ExecuteTC): null

2024-01-13 22:46:14 - [TEST_STEP][FAILED] - if (ExecuteTC.equalsIgnoreCase("Y")): null

2024-01-13 22:46:14 - [TEST_STEP][PASSED] - out.println("Begin Record Number: " + row): null

2024-01-13 22:46:14 - [TEST_STEP][PASSED] - today = new java.util.Date(): null

2024-01-13 22:46:14 - [TEST_STEP][PASSED] - println(today): null

2024-01-13 22:46:14 - [TEST_STEP][PASSED] - datText = today: null

2024-01-13 22:46:14 - [TEST_STEP][PASSED] - Taxtype = findTestData(dataFile).getValue("TaxType", row): null

2024-01-13 22:46:14 - [TEST_STEP][PASSED] - out.println("Taxtype value is : " + Taxtype): null

2024-01-13 22:46:14 - [TEST_STEP][PASSED] - openBrowser(""): Browser is opened with url: ''

2024-01-13 22:46:14 - [MESSAGE][WARNING] - A browser is already opened. Closing browser and opening a new one

2024-01-13 22:46:15 - [MESSAGE][INFO] - Starting 'Chrome' driver

2024-01-13 22:46:15 - [MESSAGE][INFO] - User set preference: ['acceptInsecureCerts', 'true']

2024-01-13 22:46:15 - [MESSAGE][INFO] - Action delay is set to 0 milliseconds

2024-01-13 22:46:17 - [MESSAGE][PASSED] - Browser is opened with url: ''

2024-01-13 22:46:17 - [TEST_STEP][PASSED] - maximizeWindow(): Current window maximized

2024-01-13 22:46:17 - [MESSAGE][PASSED] - Current window maximized

2024-01-13 22:46:17 - [TEST_STEP][PASSED] - navigateToUrl(RADurl): Navigate to 'https://qa2.velocitypayment.com/client/rad/index.html' successfully

2024-01-13 22:46:18 - [MESSAGE][PASSED] - Navigate to 'https://qa2.velocitypayment.com/client/rad/index.html' successfully

2024-01-13 22:46:18 - [TEST_STEP][PASSED] - orPath_Landing = "Object Repository/RAD_Pages/Landing_Page": null

2024-01-13 22:46:18 - [TEST_STEP][PASSED] - orPath_TaxTypeFilingYear = "Object Repository/RAD_Pages/TaxTypeFilingYear_Page": null

2024-01-13 22:46:18 - [TEST_STEP][PASSED] - orPath_TaxPayer = "Object Repository/RAD_Pages/Taxpayer_Page": null

2024-01-13 22:46:18 - [TEST_STEP][PASSED] - orPath_AddressContact = "Object Repository/RAD_Pages/AddressAndContactInfo_Page": null

2024-01-13 22:46:18 - [TEST_STEP][PASSED] - orPath_FilingStatus = "Object Repository/RAD_Pages/FilingStatus_Page": null

2024-01-13 22:46:18 - [TEST_STEP][PASSED] - orPath_Amount = "Object Repository/RAD_Pages/PaymentAmount_Page": null

2024-01-13 22:46:18 - [TEST_STEP][PASSED] - orPath_TaxInfo = "Object Repository/RAD_Pages/TaxInfo_Page": null

2024-01-13 22:46:18 - [TEST_STEP][PASSED] - orPath_Withholding = "Object Repository/RAD_Pages/Withholding_Page": null

2024-01-13 22:46:18 - [TEST_STEP][PASSED] - orPath_Summary = "Object Repository/RAD_Pages/Summary_Page": null

2024-01-13 22:46:18 - [TEST_STEP][PASSED] - orPath_PaymentReady = "Object Repository/RAD_Pages/PaymentReady_Page": null

2024-01-13 22:46:18 - [TEST_STEP][PASSED] - orPath_PaymentEntry = "Object Repository/RAD_Pages/PaymentEntry_Page": null

2024-01-13 22:46:18 - [TEST_STEP][PASSED] - orPath_PaymentConfirmation = "Object Repository/RAD_Pages/PaymentConfirmation_Page": null

2024-01-13 22:46:18 - [TEST_STEP][PASSED] - orPath_ServiceFeesAccept = "Object Repository/RAD_Pages/ServiceFeeAccept_Page": null

2024-01-13 22:46:18 - [TEST_STEP][PASSED] - selectOptionByLabel(findTestObject(orPath_Landing + "/dd_TaxType"), Paymenttype, false): All options with label 'Existing Liability w/Notice Number' are selected in object 'Object Repository/RAD_Pages/Landing_Page/dd_TaxType' 

2024-01-13 22:46:19 - [MESSAGE][PASSED] - All options with label 'Existing Liability w/Notice Number' are selected in object 'Object Repository/RAD_Pages/Landing_Page/dd_TaxType' 

2024-01-13 22:46:19 - [TEST_STEP][PASSED] - delay(1): Delayed 1 second(s)

2024-01-13 22:46:20 - [MESSAGE][PASSED] - Delayed 1 second(s)

2024-01-13 22:46:20 - [TEST_STEP][PASSED] - switch (Paymenttype): null

2024-01-13 22:46:20 - [TEST_STEP][PASSED] - case "Existing Liability w/Notice Number":: null

2024-01-13 22:46:20 - [TEST_STEP][PASSED] - selectOptionByLabel(findTestObject(orPath_TaxTypeFilingYear + "/select_TaxType_ExistingLiability"), Taxtype, false): All options with label 'Estate Tax' are selected in object 'Object Repository/RAD_Pages/TaxTypeFilingYear_Page/select_TaxType_ExistingLiability' 

2024-01-13 22:46:21 - [MESSAGE][PASSED] - All options with label 'Estate Tax' are selected in object 'Object Repository/RAD_Pages/TaxTypeFilingYear_Page/select_TaxType_ExistingLiability' 

2024-01-13 22:46:21 - [TEST_STEP][PASSED] - break: null

2024-01-13 22:46:21 - [TEST_STEP][PASSED] - delay(1): Delayed 1 second(s)

2024-01-13 22:46:22 - [MESSAGE][PASSED] - Delayed 1 second(s)

2024-01-13 22:46:22 - [TEST_STEP][FAILED] - switch (Paymenttype): null

2024-01-13 22:46:22 - [TEST_STEP][FAILED] - case "Existing Liability w/Notice Number":: null

2024-01-13 22:46:22 - [TEST_STEP][PASSED] - if (feinSsn.equalsIgnoreCase("Y")): null

2024-01-13 22:46:22 - [TEST_STEP][FAILED] - else: null

2024-01-13 22:46:22 - [TEST_STEP][FAILED] - setEncryptedText(findTestObject("Object Repository/RAD_RecordAndPlay/input_Existing_FEIN"), "iGDxf8hSRT4="): Unable to set encrypted text for object 'Object Repository/RAD_RecordAndPlay/input_Existing_FEIN' (Root cause: com.kms.katalon.core.exception.StepFailedException: Unable to set encrypted text for object 'Object Repository/RAD_RecordAndPlay/input_Existing_FEIN'
	at com.kms.katalon.core.webui.keyword.internal.WebUIKeywordMain.stepFailed(WebUIKeywordMain.groovy:64)
	at com.kms.katalon.core.webui.keyword.internal.WebUIKeywordMain.runKeyword(WebUIKeywordMain.groovy:26)
	at com.kms.katalon.core.webui.keyword.builtin.SetEncryptedTextKeyword.setEncryptedText(SetEncryptedTextKeyword.groovy:65)
	at com.kms.katalon.core.webui.keyword.builtin.SetEncryptedTextKeyword.execute(SetEncryptedTextKeyword.groovy:34)
	at com.kms.katalon.core.keyword.internal.KeywordExecutor.executeKeywordForPlatform(KeywordExecutor.groovy:74)
	at com.kms.katalon.core.webui.keyword.WebUiBuiltInKeywords.setEncryptedText(WebUiBuiltInKeywords.groovy:1011)
	at com.kms.katalon.core.webui.keyword.WebUiBuiltInKeywords$setEncryptedText$4.call(Unknown Source)
	at FEINandFEINSSNlessThan9Error.run(FEINandFEINSSNlessThan9Error:139)
	at com.kms.katalon.core.main.ScriptEngine.run(ScriptEngine.java:194)
	at com.kms.katalon.core.main.ScriptEngine.runScriptAsRawText(ScriptEngine.java:119)
	at com.kms.katalon.core.main.TestCaseExecutor.runScript(TestCaseExecutor.java:448)
	at com.kms.katalon.core.main.TestCaseExecutor.doExecute(TestCaseExecutor.java:439)
	at com.kms.katalon.core.main.TestCaseExecutor.processExecutionPhase(TestCaseExecutor.java:418)
	at com.kms.katalon.core.main.TestCaseExecutor.accessMainPhase(TestCaseExecutor.java:410)
	at com.kms.katalon.core.main.TestCaseExecutor.execute(TestCaseExecutor.java:285)
	at com.kms.katalon.core.common.CommonExecutor.accessTestCaseMainPhase(CommonExecutor.java:65)
	at com.kms.katalon.core.main.TestSuiteExecutor.accessTestSuiteMainPhase(TestSuiteExecutor.java:148)
	at com.kms.katalon.core.main.TestSuiteExecutor.execute(TestSuiteExecutor.java:106)
	at com.kms.katalon.core.main.TestCaseMain.startTestSuite(TestCaseMain.java:187)
	at com.kms.katalon.core.main.TestCaseMain$startTestSuite$0.call(Unknown Source)
	at TempTestSuite1705202981112.run(TempTestSuite1705202981112.groovy:36)
Caused by: org.openqa.selenium.ElementNotInteractableException: element not interactable
  (Session info: chrome=120.0.6099.200)
Build info: version: '3.141.59', revision: 'e82be7d358', time: '2018-11-14T08:25:53'
System info: host: 'DESKTOP-B2QI6NS', ip: '172.31.253.139', os.name: 'Windows 10', os.arch: 'amd64', os.version: '10.0', java.version: '1.8.0_181'
Driver info: com.kms.katalon.selenium.driver.CChromeDriver
Capabilities {acceptInsecureCerts: true, browserName: chrome, browserVersion: 120.0.6099.200, chrome: {chromedriverVersion: 119.0.6045.105 (38c72552c5e..., userDataDir: C:\Users\imtiaz\AppData\Loc...}, fedcm:accounts: true, goog:chromeOptions: {debuggerAddress: localhost:62461}, javascriptEnabled: true, networkConnectionEnabled: false, pageLoadStrategy: normal, platform: WINDOWS, platformName: WINDOWS, proxy: Proxy(), setWindowRect: true, strictFileInteractability: false, timeouts: {implicit: 0, pageLoad: 300000, script: 30000}, unhandledPromptBehavior: dismiss and notify, webauthn:extension:credBlob: true, webauthn:extension:largeBlob: true, webauthn:extension:minPinLength: true, webauthn:extension:prf: true, webauthn:virtualAuthenticators: true}
Session ID: 1449da98c6d4c113bb9082065860b96a
	at org.openqa.selenium.remote.http.W3CHttpResponseCodec.createException(W3CHttpResponseCodec.java:187)
	at org.openqa.selenium.remote.http.W3CHttpResponseCodec.decode(W3CHttpResponseCodec.java:122)
	at org.openqa.selenium.remote.http.W3CHttpResponseCodec.decode(W3CHttpResponseCodec.java:49)
	at org.openqa.selenium.remote.HttpCommandExecutor.execute(HttpCommandExecutor.java:158)
	at org.openqa.selenium.remote.service.DriverCommandExecutor.execute(DriverCommandExecutor.java:83)
	at org.openqa.selenium.remote.RemoteWebDriver.execute(RemoteWebDriver.java:552)
	at com.kms.katalon.selenium.driver.CChromeDriver.execute(CChromeDriver.java:19)
	at org.openqa.selenium.remote.RemoteWebElement.execute(RemoteWebElement.java:285)
	at org.openqa.selenium.remote.RemoteWebElement.clear(RemoteWebElement.java:124)
	at org.openqa.selenium.support.events.EventFiringWebDriver$EventFiringWebElement.lambda$new$0(EventFiringWebDriver.java:404)
	at com.sun.proxy.$Proxy11.clear(Unknown Source)
	at org.openqa.selenium.support.events.EventFiringWebDriver$EventFiringWebElement.clear(EventFiringWebDriver.java:436)
	at com.kms.katalon.core.webui.keyword.builtin.SetEncryptedTextKeyword$_setEncryptedText_closure1.doCall(SetEncryptedTextKeyword.groovy:54)
	at com.kms.katalon.core.webui.keyword.builtin.SetEncryptedTextKeyword$_setEncryptedText_closure1.call(SetEncryptedTextKeyword.groovy)
	at com.kms.katalon.core.webui.keyword.internal.WebUIKeywordMain.runKeyword(WebUIKeywordMain.groovy:20)
	at com.kms.katalon.core.webui.keyword.builtin.SetEncryptedTextKeyword.setEncryptedText(SetEncryptedTextKeyword.groovy:65)
	at com.kms.katalon.core.webui.keyword.builtin.SetEncryptedTextKeyword.execute(SetEncryptedTextKeyword.groovy:34)
	at com.kms.katalon.core.keyword.internal.KeywordExecutor.executeKeywordForPlatform(KeywordExecutor.groovy:74)
	at com.kms.katalon.core.webui.keyword.WebUiBuiltInKeywords.setEncryptedText(WebUiBuiltInKeywords.groovy:1011)
	at com.kms.katalon.core.webui.keyword.WebUiBuiltInKeywords$setEncryptedText$4.call(Unknown Source)
	at Script1696014034709.run(Script1696014034709.groovy:139)
	... 13 more
)

2024-01-13 22:46:22 - [MESSAGE][FAILED] - Unable to set encrypted text for object 'Object Repository/RAD_RecordAndPlay/input_Existing_FEIN' (Root cause: com.kms.katalon.core.exception.StepFailedException: Unable to set encrypted text for object 'Object Repository/RAD_RecordAndPlay/input_Existing_FEIN'
	at com.kms.katalon.core.webui.keyword.internal.WebUIKeywordMain.stepFailed(WebUIKeywordMain.groovy:64)
	at com.kms.katalon.core.webui.keyword.internal.WebUIKeywordMain.runKeyword(WebUIKeywordMain.groovy:26)
	at com.kms.katalon.core.webui.keyword.builtin.SetEncryptedTextKeyword.setEncryptedText(SetEncryptedTextKeyword.groovy:65)
	at com.kms.katalon.core.webui.keyword.builtin.SetEncryptedTextKeyword.execute(SetEncryptedTextKeyword.groovy:34)
	at com.kms.katalon.core.keyword.internal.KeywordExecutor.executeKeywordForPlatform(KeywordExecutor.groovy:74)
	at com.kms.katalon.core.webui.keyword.WebUiBuiltInKeywords.setEncryptedText(WebUiBuiltInKeywords.groovy:1011)
	at com.kms.katalon.core.webui.keyword.WebUiBuiltInKeywords$setEncryptedText$4.call(Unknown Source)
	at FEINandFEINSSNlessThan9Error.run(FEINandFEINSSNlessThan9Error:139)
	at com.kms.katalon.core.main.ScriptEngine.run(ScriptEngine.java:194)
	at com.kms.katalon.core.main.ScriptEngine.runScriptAsRawText(ScriptEngine.java:119)
	at com.kms.katalon.core.main.TestCaseExecutor.runScript(TestCaseExecutor.java:448)
	at com.kms.katalon.core.main.TestCaseExecutor.doExecute(TestCaseExecutor.java:439)
	at com.kms.katalon.core.main.TestCaseExecutor.processExecutionPhase(TestCaseExecutor.java:418)
	at com.kms.katalon.core.main.TestCaseExecutor.accessMainPhase(TestCaseExecutor.java:410)
	at com.kms.katalon.core.main.TestCaseExecutor.execute(TestCaseExecutor.java:285)
	at com.kms.katalon.core.common.CommonExecutor.accessTestCaseMainPhase(CommonExecutor.java:65)
	at com.kms.katalon.core.main.TestSuiteExecutor.accessTestSuiteMainPhase(TestSuiteExecutor.java:148)
	at com.kms.katalon.core.main.TestSuiteExecutor.execute(TestSuiteExecutor.java:106)
	at com.kms.katalon.core.main.TestCaseMain.startTestSuite(TestCaseMain.java:187)
	at com.kms.katalon.core.main.TestCaseMain$startTestSuite$0.call(Unknown Source)
	at TempTestSuite1705202981112.run(TempTestSuite1705202981112.groovy:36)
Caused by: org.openqa.selenium.ElementNotInteractableException: element not interactable
  (Session info: chrome=120.0.6099.200)
Build info: version: '3.141.59', revision: 'e82be7d358', time: '2018-11-14T08:25:53'
System info: host: 'DESKTOP-B2QI6NS', ip: '172.31.253.139', os.name: 'Windows 10', os.arch: 'amd64', os.version: '10.0', java.version: '1.8.0_181'
Driver info: com.kms.katalon.selenium.driver.CChromeDriver
Capabilities {acceptInsecureCerts: true, browserName: chrome, browserVersion: 120.0.6099.200, chrome: {chromedriverVersion: 119.0.6045.105 (38c72552c5e..., userDataDir: C:\Users\imtiaz\AppData\Loc...}, fedcm:accounts: true, goog:chromeOptions: {debuggerAddress: localhost:62461}, javascriptEnabled: true, networkConnectionEnabled: false, pageLoadStrategy: normal, platform: WINDOWS, platformName: WINDOWS, proxy: Proxy(), setWindowRect: true, strictFileInteractability: false, timeouts: {implicit: 0, pageLoad: 300000, script: 30000}, unhandledPromptBehavior: dismiss and notify, webauthn:extension:credBlob: true, webauthn:extension:largeBlob: true, webauthn:extension:minPinLength: true, webauthn:extension:prf: true, webauthn:virtualAuthenticators: true}
Session ID: 1449da98c6d4c113bb9082065860b96a
	at org.openqa.selenium.remote.http.W3CHttpResponseCodec.createException(W3CHttpResponseCodec.java:187)
	at org.openqa.selenium.remote.http.W3CHttpResponseCodec.decode(W3CHttpResponseCodec.java:122)
	at org.openqa.selenium.remote.http.W3CHttpResponseCodec.decode(W3CHttpResponseCodec.java:49)
	at org.openqa.selenium.remote.HttpCommandExecutor.execute(HttpCommandExecutor.java:158)
	at org.openqa.selenium.remote.service.DriverCommandExecutor.execute(DriverCommandExecutor.java:83)
	at org.openqa.selenium.remote.RemoteWebDriver.execute(RemoteWebDriver.java:552)
	at com.kms.katalon.selenium.driver.CChromeDriver.execute(CChromeDriver.java:19)
	at org.openqa.selenium.remote.RemoteWebElement.execute(RemoteWebElement.java:285)
	at org.openqa.selenium.remote.RemoteWebElement.clear(RemoteWebElement.java:124)
	at org.openqa.selenium.support.events.EventFiringWebDriver$EventFiringWebElement.lambda$new$0(EventFiringWebDriver.java:404)
	at com.sun.proxy.$Proxy11.clear(Unknown Source)
	at org.openqa.selenium.support.events.EventFiringWebDriver$EventFiringWebElement.clear(EventFiringWebDriver.java:436)
	at com.kms.katalon.core.webui.keyword.builtin.SetEncryptedTextKeyword$_setEncryptedText_closure1.doCall(SetEncryptedTextKeyword.groovy:54)
	at com.kms.katalon.core.webui.keyword.builtin.SetEncryptedTextKeyword$_setEncryptedText_closure1.call(SetEncryptedTextKeyword.groovy)
	at com.kms.katalon.core.webui.keyword.internal.WebUIKeywordMain.runKeyword(WebUIKeywordMain.groovy:20)
	at com.kms.katalon.core.webui.keyword.builtin.SetEncryptedTextKeyword.setEncryptedText(SetEncryptedTextKeyword.groovy:65)
	at com.kms.katalon.core.webui.keyword.builtin.SetEncryptedTextKeyword.execute(SetEncryptedTextKeyword.groovy:34)
	at com.kms.katalon.core.keyword.internal.KeywordExecutor.executeKeywordForPlatform(KeywordExecutor.groovy:74)
	at com.kms.katalon.core.webui.keyword.WebUiBuiltInKeywords.setEncryptedText(WebUiBuiltInKeywords.groovy:1011)
	at com.kms.katalon.core.webui.keyword.WebUiBuiltInKeywords$setEncryptedText$4.call(Unknown Source)
	at Script1696014034709.run(Script1696014034709.groovy:139)
	... 13 more
)
[[ATTACHMENT|E:\\Cloned-Project-Katalon\\VPS-Katalon\\Reports\\20240113_222941\\RAD_TestSuite\\RAD_UI_TestSuite\\20240113_222941\\1705203982532.png]]

2024-01-13 22:46:22 - [TEST_STEP][FAILED] - setEncryptedText(findTestObject("Object Repository/RAD_RecordAndPlay/input_Existing_RetypeFEIN"), ""): Unable to set encrypted text for object 'Object Repository/RAD_RecordAndPlay/input_Existing_RetypeFEIN' (Root cause: com.kms.katalon.core.exception.StepFailedException: Unable to set encrypted text for object 'Object Repository/RAD_RecordAndPlay/input_Existing_RetypeFEIN'
	at com.kms.katalon.core.webui.keyword.internal.WebUIKeywordMain.stepFailed(WebUIKeywordMain.groovy:64)
	at com.kms.katalon.core.webui.keyword.internal.WebUIKeywordMain.runKeyword(WebUIKeywordMain.groovy:26)
	at com.kms.katalon.core.webui.keyword.builtin.SetEncryptedTextKeyword.setEncryptedText(SetEncryptedTextKeyword.groovy:65)
	at com.kms.katalon.core.webui.keyword.builtin.SetEncryptedTextKeyword.execute(SetEncryptedTextKeyword.groovy:34)
	at com.kms.katalon.core.keyword.internal.KeywordExecutor.executeKeywordForPlatform(KeywordExecutor.groovy:74)
	at com.kms.katalon.core.webui.keyword.WebUiBuiltInKeywords.setEncryptedText(WebUiBuiltInKeywords.groovy:1011)
	at com.kms.katalon.core.webui.keyword.WebUiBuiltInKeywords$setEncryptedText$4.call(Unknown Source)
	at FEINandFEINSSNlessThan9Error.run(FEINandFEINSSNlessThan9Error:140)
	at com.kms.katalon.core.main.ScriptEngine.run(ScriptEngine.java:194)
	at com.kms.katalon.core.main.ScriptEngine.runScriptAsRawText(ScriptEngine.java:119)
	at com.kms.katalon.core.main.TestCaseExecutor.runScript(TestCaseExecutor.java:448)
	at com.kms.katalon.core.main.TestCaseExecutor.doExecute(TestCaseExecutor.java:439)
	at com.kms.katalon.core.main.TestCaseExecutor.processExecutionPhase(TestCaseExecutor.java:418)
	at com.kms.katalon.core.main.TestCaseExecutor.accessMainPhase(TestCaseExecutor.java:410)
	at com.kms.katalon.core.main.TestCaseExecutor.execute(TestCaseExecutor.java:285)
	at com.kms.katalon.core.common.CommonExecutor.accessTestCaseMainPhase(CommonExecutor.java:65)
	at com.kms.katalon.core.main.TestSuiteExecutor.accessTestSuiteMainPhase(TestSuiteExecutor.java:148)
	at com.kms.katalon.core.main.TestSuiteExecutor.execute(TestSuiteExecutor.java:106)
	at com.kms.katalon.core.main.TestCaseMain.startTestSuite(TestCaseMain.java:187)
	at com.kms.katalon.core.main.TestCaseMain$startTestSuite$0.call(Unknown Source)
	at TempTestSuite1705202981112.run(TempTestSuite1705202981112.groovy:36)
Caused by: org.openqa.selenium.ElementNotInteractableException: element not interactable
  (Session info: chrome=120.0.6099.200)
Build info: version: '3.141.59', revision: 'e82be7d358', time: '2018-11-14T08:25:53'
System info: host: 'DESKTOP-B2QI6NS', ip: '172.31.253.139', os.name: 'Windows 10', os.arch: 'amd64', os.version: '10.0', java.version: '1.8.0_181'
Driver info: com.kms.katalon.selenium.driver.CChromeDriver
Capabilities {acceptInsecureCerts: true, browserName: chrome, browserVersion: 120.0.6099.200, chrome: {chromedriverVersion: 119.0.6045.105 (38c72552c5e..., userDataDir: C:\Users\imtiaz\AppData\Loc...}, fedcm:accounts: true, goog:chromeOptions: {debuggerAddress: localhost:62461}, javascriptEnabled: true, networkConnectionEnabled: false, pageLoadStrategy: normal, platform: WINDOWS, platformName: WINDOWS, proxy: Proxy(), setWindowRect: true, strictFileInteractability: false, timeouts: {implicit: 0, pageLoad: 300000, script: 30000}, unhandledPromptBehavior: dismiss and notify, webauthn:extension:credBlob: true, webauthn:extension:largeBlob: true, webauthn:extension:minPinLength: true, webauthn:extension:prf: true, webauthn:virtualAuthenticators: true}
Session ID: 1449da98c6d4c113bb9082065860b96a
	at org.openqa.selenium.remote.http.W3CHttpResponseCodec.createException(W3CHttpResponseCodec.java:187)
	at org.openqa.selenium.remote.http.W3CHttpResponseCodec.decode(W3CHttpResponseCodec.java:122)
	at org.openqa.selenium.remote.http.W3CHttpResponseCodec.decode(W3CHttpResponseCodec.java:49)
	at org.openqa.selenium.remote.HttpCommandExecutor.execute(HttpCommandExecutor.java:158)
	at org.openqa.selenium.remote.service.DriverCommandExecutor.execute(DriverCommandExecutor.java:83)
	at org.openqa.selenium.remote.RemoteWebDriver.execute(RemoteWebDriver.java:552)
	at com.kms.katalon.selenium.driver.CChromeDriver.execute(CChromeDriver.java:19)
	at org.openqa.selenium.remote.RemoteWebElement.execute(RemoteWebElement.java:285)
	at org.openqa.selenium.remote.RemoteWebElement.clear(RemoteWebElement.java:124)
	at org.openqa.selenium.support.events.EventFiringWebDriver$EventFiringWebElement.lambda$new$0(EventFiringWebDriver.java:404)
	at com.sun.proxy.$Proxy11.clear(Unknown Source)
	at org.openqa.selenium.support.events.EventFiringWebDriver$EventFiringWebElement.clear(EventFiringWebDriver.java:436)
	at com.kms.katalon.core.webui.keyword.builtin.SetEncryptedTextKeyword$_setEncryptedText_closure1.doCall(SetEncryptedTextKeyword.groovy:54)
	at com.kms.katalon.core.webui.keyword.builtin.SetEncryptedTextKeyword$_setEncryptedText_closure1.call(SetEncryptedTextKeyword.groovy)
	at com.kms.katalon.core.webui.keyword.internal.WebUIKeywordMain.runKeyword(WebUIKeywordMain.groovy:20)
	at com.kms.katalon.core.webui.keyword.builtin.SetEncryptedTextKeyword.setEncryptedText(SetEncryptedTextKeyword.groovy:65)
	at com.kms.katalon.core.webui.keyword.builtin.SetEncryptedTextKeyword.execute(SetEncryptedTextKeyword.groovy:34)
	at com.kms.katalon.core.keyword.internal.KeywordExecutor.executeKeywordForPlatform(KeywordExecutor.groovy:74)
	at com.kms.katalon.core.webui.keyword.WebUiBuiltInKeywords.setEncryptedText(WebUiBuiltInKeywords.groovy:1011)
	at com.kms.katalon.core.webui.keyword.WebUiBuiltInKeywords$setEncryptedText$4.call(Unknown Source)
	at Script1696014034709.run(Script1696014034709.groovy:140)
	... 13 more
)

2024-01-13 22:46:23 - [MESSAGE][FAILED] - Unable to set encrypted text for object 'Object Repository/RAD_RecordAndPlay/input_Existing_RetypeFEIN' (Root cause: com.kms.katalon.core.exception.StepFailedException: Unable to set encrypted text for object 'Object Repository/RAD_RecordAndPlay/input_Existing_RetypeFEIN'
	at com.kms.katalon.core.webui.keyword.internal.WebUIKeywordMain.stepFailed(WebUIKeywordMain.groovy:64)
	at com.kms.katalon.core.webui.keyword.internal.WebUIKeywordMain.runKeyword(WebUIKeywordMain.groovy:26)
	at com.kms.katalon.core.webui.keyword.builtin.SetEncryptedTextKeyword.setEncryptedText(SetEncryptedTextKeyword.groovy:65)
	at com.kms.katalon.core.webui.keyword.builtin.SetEncryptedTextKeyword.execute(SetEncryptedTextKeyword.groovy:34)
	at com.kms.katalon.core.keyword.internal.KeywordExecutor.executeKeywordForPlatform(KeywordExecutor.groovy:74)
	at com.kms.katalon.core.webui.keyword.WebUiBuiltInKeywords.setEncryptedText(WebUiBuiltInKeywords.groovy:1011)
	at com.kms.katalon.core.webui.keyword.WebUiBuiltInKeywords$setEncryptedText$4.call(Unknown Source)
	at FEINandFEINSSNlessThan9Error.run(FEINandFEINSSNlessThan9Error:140)
	at com.kms.katalon.core.main.ScriptEngine.run(ScriptEngine.java:194)
	at com.kms.katalon.core.main.ScriptEngine.runScriptAsRawText(ScriptEngine.java:119)
	at com.kms.katalon.core.main.TestCaseExecutor.runScript(TestCaseExecutor.java:448)
	at com.kms.katalon.core.main.TestCaseExecutor.doExecute(TestCaseExecutor.java:439)
	at com.kms.katalon.core.main.TestCaseExecutor.processExecutionPhase(TestCaseExecutor.java:418)
	at com.kms.katalon.core.main.TestCaseExecutor.accessMainPhase(TestCaseExecutor.java:410)
	at com.kms.katalon.core.main.TestCaseExecutor.execute(TestCaseExecutor.java:285)
	at com.kms.katalon.core.common.CommonExecutor.accessTestCaseMainPhase(CommonExecutor.java:65)
	at com.kms.katalon.core.main.TestSuiteExecutor.accessTestSuiteMainPhase(TestSuiteExecutor.java:148)
	at com.kms.katalon.core.main.TestSuiteExecutor.execute(TestSuiteExecutor.java:106)
	at com.kms.katalon.core.main.TestCaseMain.startTestSuite(TestCaseMain.java:187)
	at com.kms.katalon.core.main.TestCaseMain$startTestSuite$0.call(Unknown Source)
	at TempTestSuite1705202981112.run(TempTestSuite1705202981112.groovy:36)
Caused by: org.openqa.selenium.ElementNotInteractableException: element not interactable
  (Session info: chrome=120.0.6099.200)
Build info: version: '3.141.59', revision: 'e82be7d358', time: '2018-11-14T08:25:53'
System info: host: 'DESKTOP-B2QI6NS', ip: '172.31.253.139', os.name: 'Windows 10', os.arch: 'amd64', os.version: '10.0', java.version: '1.8.0_181'
Driver info: com.kms.katalon.selenium.driver.CChromeDriver
Capabilities {acceptInsecureCerts: true, browserName: chrome, browserVersion: 120.0.6099.200, chrome: {chromedriverVersion: 119.0.6045.105 (38c72552c5e..., userDataDir: C:\Users\imtiaz\AppData\Loc...}, fedcm:accounts: true, goog:chromeOptions: {debuggerAddress: localhost:62461}, javascriptEnabled: true, networkConnectionEnabled: false, pageLoadStrategy: normal, platform: WINDOWS, platformName: WINDOWS, proxy: Proxy(), setWindowRect: true, strictFileInteractability: false, timeouts: {implicit: 0, pageLoad: 300000, script: 30000}, unhandledPromptBehavior: dismiss and notify, webauthn:extension:credBlob: true, webauthn:extension:largeBlob: true, webauthn:extension:minPinLength: true, webauthn:extension:prf: true, webauthn:virtualAuthenticators: true}
Session ID: 1449da98c6d4c113bb9082065860b96a
	at org.openqa.selenium.remote.http.W3CHttpResponseCodec.createException(W3CHttpResponseCodec.java:187)
	at org.openqa.selenium.remote.http.W3CHttpResponseCodec.decode(W3CHttpResponseCodec.java:122)
	at org.openqa.selenium.remote.http.W3CHttpResponseCodec.decode(W3CHttpResponseCodec.java:49)
	at org.openqa.selenium.remote.HttpCommandExecutor.execute(HttpCommandExecutor.java:158)
	at org.openqa.selenium.remote.service.DriverCommandExecutor.execute(DriverCommandExecutor.java:83)
	at org.openqa.selenium.remote.RemoteWebDriver.execute(RemoteWebDriver.java:552)
	at com.kms.katalon.selenium.driver.CChromeDriver.execute(CChromeDriver.java:19)
	at org.openqa.selenium.remote.RemoteWebElement.execute(RemoteWebElement.java:285)
	at org.openqa.selenium.remote.RemoteWebElement.clear(RemoteWebElement.java:124)
	at org.openqa.selenium.support.events.EventFiringWebDriver$EventFiringWebElement.lambda$new$0(EventFiringWebDriver.java:404)
	at com.sun.proxy.$Proxy11.clear(Unknown Source)
	at org.openqa.selenium.support.events.EventFiringWebDriver$EventFiringWebElement.clear(EventFiringWebDriver.java:436)
	at com.kms.katalon.core.webui.keyword.builtin.SetEncryptedTextKeyword$_setEncryptedText_closure1.doCall(SetEncryptedTextKeyword.groovy:54)
	at com.kms.katalon.core.webui.keyword.builtin.SetEncryptedTextKeyword$_setEncryptedText_closure1.call(SetEncryptedTextKeyword.groovy)
	at com.kms.katalon.core.webui.keyword.internal.WebUIKeywordMain.runKeyword(WebUIKeywordMain.groovy:20)
	at com.kms.katalon.core.webui.keyword.builtin.SetEncryptedTextKeyword.setEncryptedText(SetEncryptedTextKeyword.groovy:65)
	at com.kms.katalon.core.webui.keyword.builtin.SetEncryptedTextKeyword.execute(SetEncryptedTextKeyword.groovy:34)
	at com.kms.katalon.core.keyword.internal.KeywordExecutor.executeKeywordForPlatform(KeywordExecutor.groovy:74)
	at com.kms.katalon.core.webui.keyword.WebUiBuiltInKeywords.setEncryptedText(WebUiBuiltInKeywords.groovy:1011)
	at com.kms.katalon.core.webui.keyword.WebUiBuiltInKeywords$setEncryptedText$4.call(Unknown Source)
	at Script1696014034709.run(Script1696014034709.groovy:140)
	... 13 more
)
[[ATTACHMENT|E:\\Cloned-Project-Katalon\\VPS-Katalon\\Reports\\20240113_222941\\RAD_TestSuite\\RAD_UI_TestSuite\\20240113_222941\\1705203983187.png]]

2024-01-13 22:46:23 - [TEST_STEP][PASSED] - break: null

2024-01-13 22:46:23 - [TEST_STEP][PASSED] - if (feinSsn.equalsIgnoreCase("Y")): null

2024-01-13 22:46:23 - [TEST_STEP][FAILED] - else: null

2024-01-13 22:46:23 - [TEST_STEP][FAILED] - if (verifyTextPresent("Please enter a valid FEIN with 9 digits.", true)): Text 'Please enter a valid FEIN with 9 digits.' is not present on page  using regular expression (Root cause: com.kms.katalon.core.exception.StepFailedException: Text 'Please enter a valid FEIN with 9 digits.' is not present on page  using regular expression
	at com.kms.katalon.core.webui.keyword.internal.WebUIKeywordMain.stepFailed(WebUIKeywordMain.groovy:64)
	at com.kms.katalon.core.webui.keyword.builtin.VerifyTextPresentKeyword$_verifyTextPresent_closure1.doCall(VerifyTextPresentKeyword.groovy:79)
	at com.kms.katalon.core.webui.keyword.builtin.VerifyTextPresentKeyword$_verifyTextPresent_closure1.call(VerifyTextPresentKeyword.groovy)
	at com.kms.katalon.core.webui.keyword.internal.WebUIKeywordMain.runKeyword(WebUIKeywordMain.groovy:20)
	at com.kms.katalon.core.webui.keyword.builtin.VerifyTextPresentKeyword.verifyTextPresent(VerifyTextPresentKeyword.groovy:83)
	at com.kms.katalon.core.webui.keyword.builtin.VerifyTextPresentKeyword.execute(VerifyTextPresentKeyword.groovy:68)
	at com.kms.katalon.core.keyword.internal.KeywordExecutor.executeKeywordForPlatform(KeywordExecutor.groovy:74)
	at com.kms.katalon.core.webui.keyword.WebUiBuiltInKeywords.verifyTextPresent(WebUiBuiltInKeywords.groovy:1723)
	at com.kms.katalon.core.webui.keyword.WebUiBuiltInKeywords$verifyTextPresent$6.call(Unknown Source)
	at FEINandFEINSSNlessThan9Error.run(FEINandFEINSSNlessThan9Error:217)
	at com.kms.katalon.core.main.ScriptEngine.run(ScriptEngine.java:194)
	at com.kms.katalon.core.main.ScriptEngine.runScriptAsRawText(ScriptEngine.java:119)
	at com.kms.katalon.core.main.TestCaseExecutor.runScript(TestCaseExecutor.java:448)
	at com.kms.katalon.core.main.TestCaseExecutor.doExecute(TestCaseExecutor.java:439)
	at com.kms.katalon.core.main.TestCaseExecutor.processExecutionPhase(TestCaseExecutor.java:418)
	at com.kms.katalon.core.main.TestCaseExecutor.accessMainPhase(TestCaseExecutor.java:410)
	at com.kms.katalon.core.main.TestCaseExecutor.execute(TestCaseExecutor.java:285)
	at com.kms.katalon.core.common.CommonExecutor.accessTestCaseMainPhase(CommonExecutor.java:65)
	at com.kms.katalon.core.main.TestSuiteExecutor.accessTestSuiteMainPhase(TestSuiteExecutor.java:148)
	at com.kms.katalon.core.main.TestSuiteExecutor.execute(TestSuiteExecutor.java:106)
	at com.kms.katalon.core.main.TestCaseMain.startTestSuite(TestCaseMain.java:187)
	at com.kms.katalon.core.main.TestCaseMain$startTestSuite$0.call(Unknown Source)
	at TempTestSuite1705202981112.run(TempTestSuite1705202981112.groovy:36)
)

2024-01-13 22:46:23 - [MESSAGE][FAILED] - Text 'Please enter a valid FEIN with 9 digits.' is not present on page  using regular expression (Root cause: com.kms.katalon.core.exception.StepFailedException: Text 'Please enter a valid FEIN with 9 digits.' is not present on page  using regular expression
	at com.kms.katalon.core.webui.keyword.internal.WebUIKeywordMain.stepFailed(WebUIKeywordMain.groovy:64)
	at com.kms.katalon.core.webui.keyword.builtin.VerifyTextPresentKeyword$_verifyTextPresent_closure1.doCall(VerifyTextPresentKeyword.groovy:79)
	at com.kms.katalon.core.webui.keyword.builtin.VerifyTextPresentKeyword$_verifyTextPresent_closure1.call(VerifyTextPresentKeyword.groovy)
	at com.kms.katalon.core.webui.keyword.internal.WebUIKeywordMain.runKeyword(WebUIKeywordMain.groovy:20)
	at com.kms.katalon.core.webui.keyword.builtin.VerifyTextPresentKeyword.verifyTextPresent(VerifyTextPresentKeyword.groovy:83)
	at com.kms.katalon.core.webui.keyword.builtin.VerifyTextPresentKeyword.execute(VerifyTextPresentKeyword.groovy:68)
	at com.kms.katalon.core.keyword.internal.KeywordExecutor.executeKeywordForPlatform(KeywordExecutor.groovy:74)
	at com.kms.katalon.core.webui.keyword.WebUiBuiltInKeywords.verifyTextPresent(WebUiBuiltInKeywords.groovy:1723)
	at com.kms.katalon.core.webui.keyword.WebUiBuiltInKeywords$verifyTextPresent$6.call(Unknown Source)
	at FEINandFEINSSNlessThan9Error.run(FEINandFEINSSNlessThan9Error:217)
	at com.kms.katalon.core.main.ScriptEngine.run(ScriptEngine.java:194)
	at com.kms.katalon.core.main.ScriptEngine.runScriptAsRawText(ScriptEngine.java:119)
	at com.kms.katalon.core.main.TestCaseExecutor.runScript(TestCaseExecutor.java:448)
	at com.kms.katalon.core.main.TestCaseExecutor.doExecute(TestCaseExecutor.java:439)
	at com.kms.katalon.core.main.TestCaseExecutor.processExecutionPhase(TestCaseExecutor.java:418)
	at com.kms.katalon.core.main.TestCaseExecutor.accessMainPhase(TestCaseExecutor.java:410)
	at com.kms.katalon.core.main.TestCaseExecutor.execute(TestCaseExecutor.java:285)
	at com.kms.katalon.core.common.CommonExecutor.accessTestCaseMainPhase(CommonExecutor.java:65)
	at com.kms.katalon.core.main.TestSuiteExecutor.accessTestSuiteMainPhase(TestSuiteExecutor.java:148)
	at com.kms.katalon.core.main.TestSuiteExecutor.execute(TestSuiteExecutor.java:106)
	at com.kms.katalon.core.main.TestCaseMain.startTestSuite(TestCaseMain.java:187)
	at com.kms.katalon.core.main.TestCaseMain$startTestSuite$0.call(Unknown Source)
	at TempTestSuite1705202981112.run(TempTestSuite1705202981112.groovy:36)
)

2024-01-13 22:46:23 - [TEST_STEP][PASSED] - else: pages.WriteExcel.demoKey is PASSED

2024-01-13 22:46:23 - [TEST_STEP][PASSED] - println("Error Message is NOT present on the page"): null

2024-01-13 22:46:23 - [TEST_STEP][PASSED] - out.println("Fail Record Number: " + row): null

2024-01-13 22:46:23 - [TEST_STEP][PASSED] - resText = "Fail": null

2024-01-13 22:46:23 - [TEST_STEP][PASSED] - pages.WriteExcel.demoKey(resText, datText, resColumn, datCloumn, fileLoc, nameSheet, row): pages.WriteExcel.demoKey is PASSED

2024-01-13 22:46:23 - [MESSAGE][PASSED] - pages.WriteExcel.demoKey is PASSED

2024-01-13 22:46:23 - [TEST_STEP][PASSED] - ExecuteTC = findTestData(dataFile).getValue("Execute", row): null

2024-01-13 22:46:23 - [TEST_STEP][PASSED] - Taxtype = findTestData(dataFile).getValue("TaxType", row): null

2024-01-13 22:46:23 - [TEST_STEP][PASSED] - Paymenttype = findTestData(dataFile).getValue("PaymentType", row): null

2024-01-13 22:46:23 - [TEST_STEP][PASSED] - feinSsn = findTestData(dataFile).getValue("FEINSSN", row): null

2024-01-13 22:46:24 - [TEST_STEP][PASSED] - out.println("Value of Execute is : " + ExecuteTC): null

2024-01-13 22:46:24 - [TEST_STEP][PASSED] - if (ExecuteTC.equalsIgnoreCase("Y")): null

2024-01-13 22:46:24 - [TEST_STEP][PASSED] - out.println("Begin Record Number: " + row): null

2024-01-13 22:46:24 - [TEST_STEP][PASSED] - today = new java.util.Date(): null

2024-01-13 22:46:24 - [TEST_STEP][PASSED] - println(today): null

2024-01-13 22:46:24 - [TEST_STEP][PASSED] - datText = today: null

2024-01-13 22:46:24 - [TEST_STEP][PASSED] - Taxtype = findTestData(dataFile).getValue("TaxType", row): null

2024-01-13 22:46:24 - [TEST_STEP][PASSED] - out.println("Taxtype value is : " + Taxtype): null

2024-01-13 22:46:24 - [TEST_STEP][PASSED] - openBrowser(""): Browser is opened with url: ''

2024-01-13 22:46:24 - [MESSAGE][WARNING] - A browser is already opened. Closing browser and opening a new one

2024-01-13 22:46:24 - [MESSAGE][INFO] - Starting 'Chrome' driver

2024-01-13 22:46:24 - [MESSAGE][INFO] - User set preference: ['acceptInsecureCerts', 'true']

2024-01-13 22:46:24 - [MESSAGE][INFO] - Action delay is set to 0 milliseconds

2024-01-13 22:46:26 - [MESSAGE][PASSED] - Browser is opened with url: ''

2024-01-13 22:46:26 - [TEST_STEP][PASSED] - maximizeWindow(): Current window maximized

2024-01-13 22:46:26 - [MESSAGE][PASSED] - Current window maximized

2024-01-13 22:46:26 - [TEST_STEP][PASSED] - navigateToUrl(RADurl): Navigate to 'https://qa2.velocitypayment.com/client/rad/index.html' successfully

2024-01-13 22:46:28 - [MESSAGE][PASSED] - Navigate to 'https://qa2.velocitypayment.com/client/rad/index.html' successfully

2024-01-13 22:46:28 - [TEST_STEP][PASSED] - orPath_Landing = "Object Repository/RAD_Pages/Landing_Page": null

2024-01-13 22:46:28 - [TEST_STEP][PASSED] - orPath_TaxTypeFilingYear = "Object Repository/RAD_Pages/TaxTypeFilingYear_Page": null

2024-01-13 22:46:28 - [TEST_STEP][PASSED] - orPath_TaxPayer = "Object Repository/RAD_Pages/Taxpayer_Page": null

2024-01-13 22:46:28 - [TEST_STEP][PASSED] - orPath_AddressContact = "Object Repository/RAD_Pages/AddressAndContactInfo_Page": null

2024-01-13 22:46:28 - [TEST_STEP][PASSED] - orPath_FilingStatus = "Object Repository/RAD_Pages/FilingStatus_Page": null

2024-01-13 22:46:28 - [TEST_STEP][PASSED] - orPath_Amount = "Object Repository/RAD_Pages/PaymentAmount_Page": null

2024-01-13 22:46:28 - [TEST_STEP][PASSED] - orPath_TaxInfo = "Object Repository/RAD_Pages/TaxInfo_Page": null

2024-01-13 22:46:28 - [TEST_STEP][PASSED] - orPath_Withholding = "Object Repository/RAD_Pages/Withholding_Page": null

2024-01-13 22:46:28 - [TEST_STEP][PASSED] - orPath_Summary = "Object Repository/RAD_Pages/Summary_Page": null

2024-01-13 22:46:28 - [TEST_STEP][PASSED] - orPath_PaymentReady = "Object Repository/RAD_Pages/PaymentReady_Page": null

2024-01-13 22:46:28 - [TEST_STEP][PASSED] - orPath_PaymentEntry = "Object Repository/RAD_Pages/PaymentEntry_Page": null

2024-01-13 22:46:28 - [TEST_STEP][PASSED] - orPath_PaymentConfirmation = "Object Repository/RAD_Pages/PaymentConfirmation_Page": null

2024-01-13 22:46:28 - [TEST_STEP][PASSED] - orPath_ServiceFeesAccept = "Object Repository/RAD_Pages/ServiceFeeAccept_Page": null

2024-01-13 22:46:28 - [TEST_STEP][PASSED] - selectOptionByLabel(findTestObject(orPath_Landing + "/dd_TaxType"), Paymenttype, false): All options with label 'Existing Liability w/Notice Number' are selected in object 'Object Repository/RAD_Pages/Landing_Page/dd_TaxType' 

2024-01-13 22:46:28 - [MESSAGE][PASSED] - All options with label 'Existing Liability w/Notice Number' are selected in object 'Object Repository/RAD_Pages/Landing_Page/dd_TaxType' 

2024-01-13 22:46:28 - [TEST_STEP][PASSED] - delay(1): Delayed 1 second(s)

2024-01-13 22:46:29 - [MESSAGE][PASSED] - Delayed 1 second(s)

2024-01-13 22:46:29 - [TEST_STEP][PASSED] - switch (Paymenttype): null

2024-01-13 22:46:29 - [TEST_STEP][PASSED] - case "Existing Liability w/Notice Number":: null

2024-01-13 22:46:29 - [TEST_STEP][PASSED] - selectOptionByLabel(findTestObject(orPath_TaxTypeFilingYear + "/select_TaxType_ExistingLiability"), Taxtype, false): All options with label 'Motor Fuel Tax' are selected in object 'Object Repository/RAD_Pages/TaxTypeFilingYear_Page/select_TaxType_ExistingLiability' 

2024-01-13 22:46:30 - [MESSAGE][PASSED] - All options with label 'Motor Fuel Tax' are selected in object 'Object Repository/RAD_Pages/TaxTypeFilingYear_Page/select_TaxType_ExistingLiability' 

2024-01-13 22:46:30 - [TEST_STEP][PASSED] - break: null

2024-01-13 22:46:30 - [TEST_STEP][PASSED] - delay(1): Delayed 1 second(s)

2024-01-13 22:46:31 - [MESSAGE][PASSED] - Delayed 1 second(s)

2024-01-13 22:46:31 - [TEST_STEP][PASSED] - switch (Paymenttype): null

2024-01-13 22:46:31 - [TEST_STEP][PASSED] - case "Existing Liability w/Notice Number":: null

2024-01-13 22:46:31 - [TEST_STEP][PASSED] - if (feinSsn.equalsIgnoreCase("Y")): null

2024-01-13 22:46:31 - [TEST_STEP][PASSED] - else: Text ****** has been set on object 'Object Repository/RAD_RecordAndPlay/input_Existing_RetypeFEIN'

2024-01-13 22:46:31 - [TEST_STEP][PASSED] - setEncryptedText(findTestObject("Object Repository/RAD_RecordAndPlay/input_Existing_FEIN"), "iGDxf8hSRT4="): Text ****** has been set on object 'Object Repository/RAD_RecordAndPlay/input_Existing_FEIN'

2024-01-13 22:46:31 - [MESSAGE][PASSED] - Text ****** has been set on object 'Object Repository/RAD_RecordAndPlay/input_Existing_FEIN'

2024-01-13 22:46:31 - [TEST_STEP][PASSED] - setEncryptedText(findTestObject("Object Repository/RAD_RecordAndPlay/input_Existing_RetypeFEIN"), ""): Text ****** has been set on object 'Object Repository/RAD_RecordAndPlay/input_Existing_RetypeFEIN'

2024-01-13 22:46:32 - [MESSAGE][PASSED] - Text ****** has been set on object 'Object Repository/RAD_RecordAndPlay/input_Existing_RetypeFEIN'

2024-01-13 22:46:32 - [TEST_STEP][PASSED] - break: null

2024-01-13 22:46:32 - [TEST_STEP][PASSED] - if (feinSsn.equalsIgnoreCase("Y")): null

2024-01-13 22:46:32 - [TEST_STEP][PASSED] - else: null

2024-01-13 22:46:32 - [TEST_STEP][PASSED] - if (verifyTextPresent("Please enter a valid FEIN with 9 digits.", true)): null

2024-01-13 22:46:33 - [MESSAGE][PASSED] - Text 'Please enter a valid FEIN with 9 digits.' is present on page  using regular expression

2024-01-13 22:46:33 - [TEST_STEP][PASSED] - println("Error Message is present on the page"): null

2024-01-13 22:46:33 - [TEST_STEP][PASSED] - out.println("Pass Record Number: " + row): null

2024-01-13 22:46:33 - [TEST_STEP][PASSED] - resText = "Pass": null

2024-01-13 22:46:33 - [TEST_STEP][PASSED] - pages.WriteExcel.demoKey(resText, datText, resColumn, datCloumn, fileLoc, nameSheet, row): pages.WriteExcel.demoKey is PASSED

2024-01-13 22:46:33 - [MESSAGE][PASSED] - pages.WriteExcel.demoKey is PASSED

2024-01-13 22:46:33 - [TEST_STEP][PASSED] - ExecuteTC = findTestData(dataFile).getValue("Execute", row): null

2024-01-13 22:46:33 - [TEST_STEP][PASSED] - Taxtype = findTestData(dataFile).getValue("TaxType", row): null

2024-01-13 22:46:33 - [TEST_STEP][PASSED] - Paymenttype = findTestData(dataFile).getValue("PaymentType", row): null

2024-01-13 22:46:33 - [TEST_STEP][PASSED] - feinSsn = findTestData(dataFile).getValue("FEINSSN", row): null

2024-01-13 22:46:33 - [TEST_STEP][PASSED] - out.println("Value of Execute is : " + ExecuteTC): null

2024-01-13 22:46:33 - [TEST_STEP][PASSED] - if (ExecuteTC.equalsIgnoreCase("Y")): null

2024-01-13 22:46:33 - [TEST_STEP][PASSED] - out.println("Begin Record Number: " + row): null

2024-01-13 22:46:33 - [TEST_STEP][PASSED] - today = new java.util.Date(): null

2024-01-13 22:46:33 - [TEST_STEP][PASSED] - println(today): null

2024-01-13 22:46:33 - [TEST_STEP][PASSED] - datText = today: null

2024-01-13 22:46:33 - [TEST_STEP][PASSED] - Taxtype = findTestData(dataFile).getValue("TaxType", row): null

2024-01-13 22:46:33 - [TEST_STEP][PASSED] - out.println("Taxtype value is : " + Taxtype): null

2024-01-13 22:46:33 - [TEST_STEP][PASSED] - openBrowser(""): Browser is opened with url: ''

2024-01-13 22:46:33 - [MESSAGE][WARNING] - A browser is already opened. Closing browser and opening a new one

2024-01-13 22:46:34 - [MESSAGE][INFO] - Starting 'Chrome' driver

2024-01-13 22:46:34 - [MESSAGE][INFO] - User set preference: ['acceptInsecureCerts', 'true']

2024-01-13 22:46:34 - [MESSAGE][INFO] - Action delay is set to 0 milliseconds

2024-01-13 22:46:36 - [MESSAGE][PASSED] - Browser is opened with url: ''

2024-01-13 22:46:36 - [TEST_STEP][PASSED] - maximizeWindow(): Current window maximized

2024-01-13 22:46:36 - [MESSAGE][PASSED] - Current window maximized

2024-01-13 22:46:36 - [TEST_STEP][PASSED] - navigateToUrl(RADurl): Navigate to 'https://qa2.velocitypayment.com/client/rad/index.html' successfully

2024-01-13 22:46:37 - [MESSAGE][PASSED] - Navigate to 'https://qa2.velocitypayment.com/client/rad/index.html' successfully

2024-01-13 22:46:37 - [TEST_STEP][PASSED] - orPath_Landing = "Object Repository/RAD_Pages/Landing_Page": null

2024-01-13 22:46:37 - [TEST_STEP][PASSED] - orPath_TaxTypeFilingYear = "Object Repository/RAD_Pages/TaxTypeFilingYear_Page": null

2024-01-13 22:46:37 - [TEST_STEP][PASSED] - orPath_TaxPayer = "Object Repository/RAD_Pages/Taxpayer_Page": null

2024-01-13 22:46:37 - [TEST_STEP][PASSED] - orPath_AddressContact = "Object Repository/RAD_Pages/AddressAndContactInfo_Page": null

2024-01-13 22:46:37 - [TEST_STEP][PASSED] - orPath_FilingStatus = "Object Repository/RAD_Pages/FilingStatus_Page": null

2024-01-13 22:46:37 - [TEST_STEP][PASSED] - orPath_Amount = "Object Repository/RAD_Pages/PaymentAmount_Page": null

2024-01-13 22:46:37 - [TEST_STEP][PASSED] - orPath_TaxInfo = "Object Repository/RAD_Pages/TaxInfo_Page": null

2024-01-13 22:46:37 - [TEST_STEP][PASSED] - orPath_Withholding = "Object Repository/RAD_Pages/Withholding_Page": null

2024-01-13 22:46:37 - [TEST_STEP][PASSED] - orPath_Summary = "Object Repository/RAD_Pages/Summary_Page": null

2024-01-13 22:46:37 - [TEST_STEP][PASSED] - orPath_PaymentReady = "Object Repository/RAD_Pages/PaymentReady_Page": null

2024-01-13 22:46:37 - [TEST_STEP][PASSED] - orPath_PaymentEntry = "Object Repository/RAD_Pages/PaymentEntry_Page": null

2024-01-13 22:46:37 - [TEST_STEP][PASSED] - orPath_PaymentConfirmation = "Object Repository/RAD_Pages/PaymentConfirmation_Page": null

2024-01-13 22:46:37 - [TEST_STEP][PASSED] - orPath_ServiceFeesAccept = "Object Repository/RAD_Pages/ServiceFeeAccept_Page": null

2024-01-13 22:46:37 - [TEST_STEP][PASSED] - selectOptionByLabel(findTestObject(orPath_Landing + "/dd_TaxType"), Paymenttype, false): All options with label 'Existing Liability w/Notice Number' are selected in object 'Object Repository/RAD_Pages/Landing_Page/dd_TaxType' 

2024-01-13 22:46:38 - [MESSAGE][PASSED] - All options with label 'Existing Liability w/Notice Number' are selected in object 'Object Repository/RAD_Pages/Landing_Page/dd_TaxType' 

2024-01-13 22:46:38 - [TEST_STEP][PASSED] - delay(1): Delayed 1 second(s)

2024-01-13 22:46:39 - [MESSAGE][PASSED] - Delayed 1 second(s)

2024-01-13 22:46:39 - [TEST_STEP][PASSED] - switch (Paymenttype): null

2024-01-13 22:46:39 - [TEST_STEP][PASSED] - case "Existing Liability w/Notice Number":: null

2024-01-13 22:46:39 - [TEST_STEP][PASSED] - selectOptionByLabel(findTestObject(orPath_TaxTypeFilingYear + "/select_TaxType_ExistingLiability"), Taxtype, false): All options with label 'Slots License Fee' are selected in object 'Object Repository/RAD_Pages/TaxTypeFilingYear_Page/select_TaxType_ExistingLiability' 

2024-01-13 22:46:39 - [MESSAGE][PASSED] - All options with label 'Slots License Fee' are selected in object 'Object Repository/RAD_Pages/TaxTypeFilingYear_Page/select_TaxType_ExistingLiability' 

2024-01-13 22:46:39 - [TEST_STEP][PASSED] - break: null

2024-01-13 22:46:39 - [TEST_STEP][PASSED] - delay(1): Delayed 1 second(s)

2024-01-13 22:46:40 - [MESSAGE][PASSED] - Delayed 1 second(s)

2024-01-13 22:46:40 - [TEST_STEP][PASSED] - switch (Paymenttype): null

2024-01-13 22:46:40 - [TEST_STEP][PASSED] - case "Existing Liability w/Notice Number":: null

2024-01-13 22:46:40 - [TEST_STEP][PASSED] - if (feinSsn.equalsIgnoreCase("Y")): null

2024-01-13 22:46:40 - [TEST_STEP][PASSED] - else: Text ****** has been set on object 'Object Repository/RAD_RecordAndPlay/input_Existing_RetypeFEIN'

2024-01-13 22:46:40 - [TEST_STEP][PASSED] - setEncryptedText(findTestObject("Object Repository/RAD_RecordAndPlay/input_Existing_FEIN"), "iGDxf8hSRT4="): Text ****** has been set on object 'Object Repository/RAD_RecordAndPlay/input_Existing_FEIN'

2024-01-13 22:46:41 - [MESSAGE][PASSED] - Text ****** has been set on object 'Object Repository/RAD_RecordAndPlay/input_Existing_FEIN'

2024-01-13 22:46:41 - [TEST_STEP][PASSED] - setEncryptedText(findTestObject("Object Repository/RAD_RecordAndPlay/input_Existing_RetypeFEIN"), ""): Text ****** has been set on object 'Object Repository/RAD_RecordAndPlay/input_Existing_RetypeFEIN'

2024-01-13 22:46:42 - [MESSAGE][PASSED] - Text ****** has been set on object 'Object Repository/RAD_RecordAndPlay/input_Existing_RetypeFEIN'

2024-01-13 22:46:42 - [TEST_STEP][PASSED] - break: null

2024-01-13 22:46:42 - [TEST_STEP][PASSED] - if (feinSsn.equalsIgnoreCase("Y")): null

2024-01-13 22:46:42 - [TEST_STEP][PASSED] - else: null

2024-01-13 22:46:42 - [TEST_STEP][PASSED] - if (verifyTextPresent("Please enter a valid FEIN with 9 digits.", true)): null

2024-01-13 22:46:42 - [MESSAGE][PASSED] - Text 'Please enter a valid FEIN with 9 digits.' is present on page  using regular expression

2024-01-13 22:46:42 - [TEST_STEP][PASSED] - println("Error Message is present on the page"): null

2024-01-13 22:46:42 - [TEST_STEP][PASSED] - out.println("Pass Record Number: " + row): null

2024-01-13 22:46:42 - [TEST_STEP][PASSED] - resText = "Pass": null

2024-01-13 22:46:42 - [TEST_STEP][PASSED] - pages.WriteExcel.demoKey(resText, datText, resColumn, datCloumn, fileLoc, nameSheet, row): pages.WriteExcel.demoKey is PASSED

2024-01-13 22:46:42 - [MESSAGE][PASSED] - pages.WriteExcel.demoKey is PASSED

2024-01-13 22:46:42 - [TEST_STEP][PASSED] - ExecuteTC = findTestData(dataFile).getValue("Execute", row): null

2024-01-13 22:46:42 - [TEST_STEP][PASSED] - Taxtype = findTestData(dataFile).getValue("TaxType", row): null

2024-01-13 22:46:42 - [TEST_STEP][PASSED] - Paymenttype = findTestData(dataFile).getValue("PaymentType", row): null

2024-01-13 22:46:42 - [TEST_STEP][PASSED] - feinSsn = findTestData(dataFile).getValue("FEINSSN", row): null

2024-01-13 22:46:42 - [TEST_STEP][PASSED] - out.println("Value of Execute is : " + ExecuteTC): null

2024-01-13 22:46:42 - [TEST_STEP][FAILED] - if (ExecuteTC.equalsIgnoreCase("Y")): null

2024-01-13 22:46:42 - [TEST_STEP][PASSED] - out.println("Begin Record Number: " + row): null

2024-01-13 22:46:42 - [TEST_STEP][PASSED] - today = new java.util.Date(): null

2024-01-13 22:46:42 - [TEST_STEP][PASSED] - println(today): null

2024-01-13 22:46:42 - [TEST_STEP][PASSED] - datText = today: null

2024-01-13 22:46:42 - [TEST_STEP][PASSED] - Taxtype = findTestData(dataFile).getValue("TaxType", row): null

2024-01-13 22:46:42 - [TEST_STEP][PASSED] - out.println("Taxtype value is : " + Taxtype): null

2024-01-13 22:46:42 - [TEST_STEP][PASSED] - openBrowser(""): Browser is opened with url: ''

2024-01-13 22:46:42 - [MESSAGE][WARNING] - A browser is already opened. Closing browser and opening a new one

2024-01-13 22:46:44 - [MESSAGE][INFO] - Starting 'Chrome' driver

2024-01-13 22:46:44 - [MESSAGE][INFO] - User set preference: ['acceptInsecureCerts', 'true']

2024-01-13 22:46:44 - [MESSAGE][INFO] - Action delay is set to 0 milliseconds

2024-01-13 22:46:45 - [MESSAGE][PASSED] - Browser is opened with url: ''

2024-01-13 22:46:45 - [TEST_STEP][PASSED] - maximizeWindow(): Current window maximized

2024-01-13 22:46:45 - [MESSAGE][PASSED] - Current window maximized

2024-01-13 22:46:45 - [TEST_STEP][PASSED] - navigateToUrl(RADurl): Navigate to 'https://qa2.velocitypayment.com/client/rad/index.html' successfully

2024-01-13 22:46:47 - [MESSAGE][PASSED] - Navigate to 'https://qa2.velocitypayment.com/client/rad/index.html' successfully

2024-01-13 22:46:47 - [TEST_STEP][PASSED] - orPath_Landing = "Object Repository/RAD_Pages/Landing_Page": null

2024-01-13 22:46:47 - [TEST_STEP][PASSED] - orPath_TaxTypeFilingYear = "Object Repository/RAD_Pages/TaxTypeFilingYear_Page": null

2024-01-13 22:46:47 - [TEST_STEP][PASSED] - orPath_TaxPayer = "Object Repository/RAD_Pages/Taxpayer_Page": null

2024-01-13 22:46:47 - [TEST_STEP][PASSED] - orPath_AddressContact = "Object Repository/RAD_Pages/AddressAndContactInfo_Page": null

2024-01-13 22:46:47 - [TEST_STEP][PASSED] - orPath_FilingStatus = "Object Repository/RAD_Pages/FilingStatus_Page": null

2024-01-13 22:46:47 - [TEST_STEP][PASSED] - orPath_Amount = "Object Repository/RAD_Pages/PaymentAmount_Page": null

2024-01-13 22:46:47 - [TEST_STEP][PASSED] - orPath_TaxInfo = "Object Repository/RAD_Pages/TaxInfo_Page": null

2024-01-13 22:46:47 - [TEST_STEP][PASSED] - orPath_Withholding = "Object Repository/RAD_Pages/Withholding_Page": null

2024-01-13 22:46:47 - [TEST_STEP][PASSED] - orPath_Summary = "Object Repository/RAD_Pages/Summary_Page": null

2024-01-13 22:46:47 - [TEST_STEP][PASSED] - orPath_PaymentReady = "Object Repository/RAD_Pages/PaymentReady_Page": null

2024-01-13 22:46:47 - [TEST_STEP][PASSED] - orPath_PaymentEntry = "Object Repository/RAD_Pages/PaymentEntry_Page": null

2024-01-13 22:46:47 - [TEST_STEP][PASSED] - orPath_PaymentConfirmation = "Object Repository/RAD_Pages/PaymentConfirmation_Page": null

2024-01-13 22:46:47 - [TEST_STEP][PASSED] - orPath_ServiceFeesAccept = "Object Repository/RAD_Pages/ServiceFeeAccept_Page": null

2024-01-13 22:46:47 - [TEST_STEP][PASSED] - selectOptionByLabel(findTestObject(orPath_Landing + "/dd_TaxType"), Paymenttype, false): All options with label 'Existing Liability w/Notice Number' are selected in object 'Object Repository/RAD_Pages/Landing_Page/dd_TaxType' 

2024-01-13 22:46:47 - [MESSAGE][PASSED] - All options with label 'Existing Liability w/Notice Number' are selected in object 'Object Repository/RAD_Pages/Landing_Page/dd_TaxType' 

2024-01-13 22:46:47 - [TEST_STEP][PASSED] - delay(1): Delayed 1 second(s)

2024-01-13 22:46:48 - [MESSAGE][PASSED] - Delayed 1 second(s)

2024-01-13 22:46:48 - [TEST_STEP][PASSED] - switch (Paymenttype): null

2024-01-13 22:46:48 - [TEST_STEP][PASSED] - case "Existing Liability w/Notice Number":: null

2024-01-13 22:46:48 - [TEST_STEP][PASSED] - selectOptionByLabel(findTestObject(orPath_TaxTypeFilingYear + "/select_TaxType_ExistingLiability"), Taxtype, false): All options with label 'Tobacco Tax' are selected in object 'Object Repository/RAD_Pages/TaxTypeFilingYear_Page/select_TaxType_ExistingLiability' 

2024-01-13 22:46:49 - [MESSAGE][PASSED] - All options with label 'Tobacco Tax' are selected in object 'Object Repository/RAD_Pages/TaxTypeFilingYear_Page/select_TaxType_ExistingLiability' 

2024-01-13 22:46:49 - [TEST_STEP][PASSED] - break: null

2024-01-13 22:46:49 - [TEST_STEP][PASSED] - delay(1): Delayed 1 second(s)

2024-01-13 22:46:50 - [MESSAGE][PASSED] - Delayed 1 second(s)

2024-01-13 22:46:50 - [TEST_STEP][FAILED] - switch (Paymenttype): null

2024-01-13 22:46:50 - [TEST_STEP][FAILED] - case "Existing Liability w/Notice Number":: null

2024-01-13 22:46:50 - [TEST_STEP][PASSED] - if (feinSsn.equalsIgnoreCase("Y")): null

2024-01-13 22:46:50 - [TEST_STEP][FAILED] - else: null

2024-01-13 22:46:50 - [TEST_STEP][FAILED] - setEncryptedText(findTestObject("Object Repository/RAD_RecordAndPlay/input_Existing_FEIN"), "iGDxf8hSRT4="): Unable to set encrypted text for object 'Object Repository/RAD_RecordAndPlay/input_Existing_FEIN' (Root cause: com.kms.katalon.core.exception.StepFailedException: Unable to set encrypted text for object 'Object Repository/RAD_RecordAndPlay/input_Existing_FEIN'
	at com.kms.katalon.core.webui.keyword.internal.WebUIKeywordMain.stepFailed(WebUIKeywordMain.groovy:64)
	at com.kms.katalon.core.webui.keyword.internal.WebUIKeywordMain.runKeyword(WebUIKeywordMain.groovy:26)
	at com.kms.katalon.core.webui.keyword.builtin.SetEncryptedTextKeyword.setEncryptedText(SetEncryptedTextKeyword.groovy:65)
	at com.kms.katalon.core.webui.keyword.builtin.SetEncryptedTextKeyword.execute(SetEncryptedTextKeyword.groovy:34)
	at com.kms.katalon.core.keyword.internal.KeywordExecutor.executeKeywordForPlatform(KeywordExecutor.groovy:74)
	at com.kms.katalon.core.webui.keyword.WebUiBuiltInKeywords.setEncryptedText(WebUiBuiltInKeywords.groovy:1011)
	at com.kms.katalon.core.webui.keyword.WebUiBuiltInKeywords$setEncryptedText$4.call(Unknown Source)
	at FEINandFEINSSNlessThan9Error.run(FEINandFEINSSNlessThan9Error:139)
	at com.kms.katalon.core.main.ScriptEngine.run(ScriptEngine.java:194)
	at com.kms.katalon.core.main.ScriptEngine.runScriptAsRawText(ScriptEngine.java:119)
	at com.kms.katalon.core.main.TestCaseExecutor.runScript(TestCaseExecutor.java:448)
	at com.kms.katalon.core.main.TestCaseExecutor.doExecute(TestCaseExecutor.java:439)
	at com.kms.katalon.core.main.TestCaseExecutor.processExecutionPhase(TestCaseExecutor.java:418)
	at com.kms.katalon.core.main.TestCaseExecutor.accessMainPhase(TestCaseExecutor.java:410)
	at com.kms.katalon.core.main.TestCaseExecutor.execute(TestCaseExecutor.java:285)
	at com.kms.katalon.core.common.CommonExecutor.accessTestCaseMainPhase(CommonExecutor.java:65)
	at com.kms.katalon.core.main.TestSuiteExecutor.accessTestSuiteMainPhase(TestSuiteExecutor.java:148)
	at com.kms.katalon.core.main.TestSuiteExecutor.execute(TestSuiteExecutor.java:106)
	at com.kms.katalon.core.main.TestCaseMain.startTestSuite(TestCaseMain.java:187)
	at com.kms.katalon.core.main.TestCaseMain$startTestSuite$0.call(Unknown Source)
	at TempTestSuite1705202981112.run(TempTestSuite1705202981112.groovy:36)
Caused by: org.openqa.selenium.ElementNotInteractableException: element not interactable
  (Session info: chrome=120.0.6099.200)
Build info: version: '3.141.59', revision: 'e82be7d358', time: '2018-11-14T08:25:53'
System info: host: 'DESKTOP-B2QI6NS', ip: '172.31.253.139', os.name: 'Windows 10', os.arch: 'amd64', os.version: '10.0', java.version: '1.8.0_181'
Driver info: com.kms.katalon.selenium.driver.CChromeDriver
Capabilities {acceptInsecureCerts: true, browserName: chrome, browserVersion: 120.0.6099.200, chrome: {chromedriverVersion: 119.0.6045.105 (38c72552c5e..., userDataDir: C:\Users\imtiaz\AppData\Loc...}, fedcm:accounts: true, goog:chromeOptions: {debuggerAddress: localhost:62703}, javascriptEnabled: true, networkConnectionEnabled: false, pageLoadStrategy: normal, platform: WINDOWS, platformName: WINDOWS, proxy: Proxy(), setWindowRect: true, strictFileInteractability: false, timeouts: {implicit: 0, pageLoad: 300000, script: 30000}, unhandledPromptBehavior: dismiss and notify, webauthn:extension:credBlob: true, webauthn:extension:largeBlob: true, webauthn:extension:minPinLength: true, webauthn:extension:prf: true, webauthn:virtualAuthenticators: true}
Session ID: b9aff01102dcd3facd722e6eab81eaeb
	at org.openqa.selenium.remote.http.W3CHttpResponseCodec.createException(W3CHttpResponseCodec.java:187)
	at org.openqa.selenium.remote.http.W3CHttpResponseCodec.decode(W3CHttpResponseCodec.java:122)
	at org.openqa.selenium.remote.http.W3CHttpResponseCodec.decode(W3CHttpResponseCodec.java:49)
	at org.openqa.selenium.remote.HttpCommandExecutor.execute(HttpCommandExecutor.java:158)
	at org.openqa.selenium.remote.service.DriverCommandExecutor.execute(DriverCommandExecutor.java:83)
	at org.openqa.selenium.remote.RemoteWebDriver.execute(RemoteWebDriver.java:552)
	at com.kms.katalon.selenium.driver.CChromeDriver.execute(CChromeDriver.java:19)
	at org.openqa.selenium.remote.RemoteWebElement.execute(RemoteWebElement.java:285)
	at org.openqa.selenium.remote.RemoteWebElement.clear(RemoteWebElement.java:124)
	at org.openqa.selenium.support.events.EventFiringWebDriver$EventFiringWebElement.lambda$new$0(EventFiringWebDriver.java:404)
	at com.sun.proxy.$Proxy11.clear(Unknown Source)
	at org.openqa.selenium.support.events.EventFiringWebDriver$EventFiringWebElement.clear(EventFiringWebDriver.java:436)
	at com.kms.katalon.core.webui.keyword.builtin.SetEncryptedTextKeyword$_setEncryptedText_closure1.doCall(SetEncryptedTextKeyword.groovy:54)
	at com.kms.katalon.core.webui.keyword.builtin.SetEncryptedTextKeyword$_setEncryptedText_closure1.call(SetEncryptedTextKeyword.groovy)
	at com.kms.katalon.core.webui.keyword.internal.WebUIKeywordMain.runKeyword(WebUIKeywordMain.groovy:20)
	at com.kms.katalon.core.webui.keyword.builtin.SetEncryptedTextKeyword.setEncryptedText(SetEncryptedTextKeyword.groovy:65)
	at com.kms.katalon.core.webui.keyword.builtin.SetEncryptedTextKeyword.execute(SetEncryptedTextKeyword.groovy:34)
	at com.kms.katalon.core.keyword.internal.KeywordExecutor.executeKeywordForPlatform(KeywordExecutor.groovy:74)
	at com.kms.katalon.core.webui.keyword.WebUiBuiltInKeywords.setEncryptedText(WebUiBuiltInKeywords.groovy:1011)
	at com.kms.katalon.core.webui.keyword.WebUiBuiltInKeywords$setEncryptedText$4.call(Unknown Source)
	at Script1696014034709.run(Script1696014034709.groovy:139)
	... 13 more
)

2024-01-13 22:46:51 - [MESSAGE][FAILED] - Unable to set encrypted text for object 'Object Repository/RAD_RecordAndPlay/input_Existing_FEIN' (Root cause: com.kms.katalon.core.exception.StepFailedException: Unable to set encrypted text for object 'Object Repository/RAD_RecordAndPlay/input_Existing_FEIN'
	at com.kms.katalon.core.webui.keyword.internal.WebUIKeywordMain.stepFailed(WebUIKeywordMain.groovy:64)
	at com.kms.katalon.core.webui.keyword.internal.WebUIKeywordMain.runKeyword(WebUIKeywordMain.groovy:26)
	at com.kms.katalon.core.webui.keyword.builtin.SetEncryptedTextKeyword.setEncryptedText(SetEncryptedTextKeyword.groovy:65)
	at com.kms.katalon.core.webui.keyword.builtin.SetEncryptedTextKeyword.execute(SetEncryptedTextKeyword.groovy:34)
	at com.kms.katalon.core.keyword.internal.KeywordExecutor.executeKeywordForPlatform(KeywordExecutor.groovy:74)
	at com.kms.katalon.core.webui.keyword.WebUiBuiltInKeywords.setEncryptedText(WebUiBuiltInKeywords.groovy:1011)
	at com.kms.katalon.core.webui.keyword.WebUiBuiltInKeywords$setEncryptedText$4.call(Unknown Source)
	at FEINandFEINSSNlessThan9Error.run(FEINandFEINSSNlessThan9Error:139)
	at com.kms.katalon.core.main.ScriptEngine.run(ScriptEngine.java:194)
	at com.kms.katalon.core.main.ScriptEngine.runScriptAsRawText(ScriptEngine.java:119)
	at com.kms.katalon.core.main.TestCaseExecutor.runScript(TestCaseExecutor.java:448)
	at com.kms.katalon.core.main.TestCaseExecutor.doExecute(TestCaseExecutor.java:439)
	at com.kms.katalon.core.main.TestCaseExecutor.processExecutionPhase(TestCaseExecutor.java:418)
	at com.kms.katalon.core.main.TestCaseExecutor.accessMainPhase(TestCaseExecutor.java:410)
	at com.kms.katalon.core.main.TestCaseExecutor.execute(TestCaseExecutor.java:285)
	at com.kms.katalon.core.common.CommonExecutor.accessTestCaseMainPhase(CommonExecutor.java:65)
	at com.kms.katalon.core.main.TestSuiteExecutor.accessTestSuiteMainPhase(TestSuiteExecutor.java:148)
	at com.kms.katalon.core.main.TestSuiteExecutor.execute(TestSuiteExecutor.java:106)
	at com.kms.katalon.core.main.TestCaseMain.startTestSuite(TestCaseMain.java:187)
	at com.kms.katalon.core.main.TestCaseMain$startTestSuite$0.call(Unknown Source)
	at TempTestSuite1705202981112.run(TempTestSuite1705202981112.groovy:36)
Caused by: org.openqa.selenium.ElementNotInteractableException: element not interactable
  (Session info: chrome=120.0.6099.200)
Build info: version: '3.141.59', revision: 'e82be7d358', time: '2018-11-14T08:25:53'
System info: host: 'DESKTOP-B2QI6NS', ip: '172.31.253.139', os.name: 'Windows 10', os.arch: 'amd64', os.version: '10.0', java.version: '1.8.0_181'
Driver info: com.kms.katalon.selenium.driver.CChromeDriver
Capabilities {acceptInsecureCerts: true, browserName: chrome, browserVersion: 120.0.6099.200, chrome: {chromedriverVersion: 119.0.6045.105 (38c72552c5e..., userDataDir: C:\Users\imtiaz\AppData\Loc...}, fedcm:accounts: true, goog:chromeOptions: {debuggerAddress: localhost:62703}, javascriptEnabled: true, networkConnectionEnabled: false, pageLoadStrategy: normal, platform: WINDOWS, platformName: WINDOWS, proxy: Proxy(), setWindowRect: true, strictFileInteractability: false, timeouts: {implicit: 0, pageLoad: 300000, script: 30000}, unhandledPromptBehavior: dismiss and notify, webauthn:extension:credBlob: true, webauthn:extension:largeBlob: true, webauthn:extension:minPinLength: true, webauthn:extension:prf: true, webauthn:virtualAuthenticators: true}
Session ID: b9aff01102dcd3facd722e6eab81eaeb
	at org.openqa.selenium.remote.http.W3CHttpResponseCodec.createException(W3CHttpResponseCodec.java:187)
	at org.openqa.selenium.remote.http.W3CHttpResponseCodec.decode(W3CHttpResponseCodec.java:122)
	at org.openqa.selenium.remote.http.W3CHttpResponseCodec.decode(W3CHttpResponseCodec.java:49)
	at org.openqa.selenium.remote.HttpCommandExecutor.execute(HttpCommandExecutor.java:158)
	at org.openqa.selenium.remote.service.DriverCommandExecutor.execute(DriverCommandExecutor.java:83)
	at org.openqa.selenium.remote.RemoteWebDriver.execute(RemoteWebDriver.java:552)
	at com.kms.katalon.selenium.driver.CChromeDriver.execute(CChromeDriver.java:19)
	at org.openqa.selenium.remote.RemoteWebElement.execute(RemoteWebElement.java:285)
	at org.openqa.selenium.remote.RemoteWebElement.clear(RemoteWebElement.java:124)
	at org.openqa.selenium.support.events.EventFiringWebDriver$EventFiringWebElement.lambda$new$0(EventFiringWebDriver.java:404)
	at com.sun.proxy.$Proxy11.clear(Unknown Source)
	at org.openqa.selenium.support.events.EventFiringWebDriver$EventFiringWebElement.clear(EventFiringWebDriver.java:436)
	at com.kms.katalon.core.webui.keyword.builtin.SetEncryptedTextKeyword$_setEncryptedText_closure1.doCall(SetEncryptedTextKeyword.groovy:54)
	at com.kms.katalon.core.webui.keyword.builtin.SetEncryptedTextKeyword$_setEncryptedText_closure1.call(SetEncryptedTextKeyword.groovy)
	at com.kms.katalon.core.webui.keyword.internal.WebUIKeywordMain.runKeyword(WebUIKeywordMain.groovy:20)
	at com.kms.katalon.core.webui.keyword.builtin.SetEncryptedTextKeyword.setEncryptedText(SetEncryptedTextKeyword.groovy:65)
	at com.kms.katalon.core.webui.keyword.builtin.SetEncryptedTextKeyword.execute(SetEncryptedTextKeyword.groovy:34)
	at com.kms.katalon.core.keyword.internal.KeywordExecutor.executeKeywordForPlatform(KeywordExecutor.groovy:74)
	at com.kms.katalon.core.webui.keyword.WebUiBuiltInKeywords.setEncryptedText(WebUiBuiltInKeywords.groovy:1011)
	at com.kms.katalon.core.webui.keyword.WebUiBuiltInKeywords$setEncryptedText$4.call(Unknown Source)
	at Script1696014034709.run(Script1696014034709.groovy:139)
	... 13 more
)
[[ATTACHMENT|E:\\Cloned-Project-Katalon\\VPS-Katalon\\Reports\\20240113_222941\\RAD_TestSuite\\RAD_UI_TestSuite\\20240113_222941\\1705204011007.png]]

2024-01-13 22:46:51 - [TEST_STEP][FAILED] - setEncryptedText(findTestObject("Object Repository/RAD_RecordAndPlay/input_Existing_RetypeFEIN"), ""): Unable to set encrypted text for object 'Object Repository/RAD_RecordAndPlay/input_Existing_RetypeFEIN' (Root cause: com.kms.katalon.core.exception.StepFailedException: Unable to set encrypted text for object 'Object Repository/RAD_RecordAndPlay/input_Existing_RetypeFEIN'
	at com.kms.katalon.core.webui.keyword.internal.WebUIKeywordMain.stepFailed(WebUIKeywordMain.groovy:64)
	at com.kms.katalon.core.webui.keyword.internal.WebUIKeywordMain.runKeyword(WebUIKeywordMain.groovy:26)
	at com.kms.katalon.core.webui.keyword.builtin.SetEncryptedTextKeyword.setEncryptedText(SetEncryptedTextKeyword.groovy:65)
	at com.kms.katalon.core.webui.keyword.builtin.SetEncryptedTextKeyword.execute(SetEncryptedTextKeyword.groovy:34)
	at com.kms.katalon.core.keyword.internal.KeywordExecutor.executeKeywordForPlatform(KeywordExecutor.groovy:74)
	at com.kms.katalon.core.webui.keyword.WebUiBuiltInKeywords.setEncryptedText(WebUiBuiltInKeywords.groovy:1011)
	at com.kms.katalon.core.webui.keyword.WebUiBuiltInKeywords$setEncryptedText$4.call(Unknown Source)
	at FEINandFEINSSNlessThan9Error.run(FEINandFEINSSNlessThan9Error:140)
	at com.kms.katalon.core.main.ScriptEngine.run(ScriptEngine.java:194)
	at com.kms.katalon.core.main.ScriptEngine.runScriptAsRawText(ScriptEngine.java:119)
	at com.kms.katalon.core.main.TestCaseExecutor.runScript(TestCaseExecutor.java:448)
	at com.kms.katalon.core.main.TestCaseExecutor.doExecute(TestCaseExecutor.java:439)
	at com.kms.katalon.core.main.TestCaseExecutor.processExecutionPhase(TestCaseExecutor.java:418)
	at com.kms.katalon.core.main.TestCaseExecutor.accessMainPhase(TestCaseExecutor.java:410)
	at com.kms.katalon.core.main.TestCaseExecutor.execute(TestCaseExecutor.java:285)
	at com.kms.katalon.core.common.CommonExecutor.accessTestCaseMainPhase(CommonExecutor.java:65)
	at com.kms.katalon.core.main.TestSuiteExecutor.accessTestSuiteMainPhase(TestSuiteExecutor.java:148)
	at com.kms.katalon.core.main.TestSuiteExecutor.execute(TestSuiteExecutor.java:106)
	at com.kms.katalon.core.main.TestCaseMain.startTestSuite(TestCaseMain.java:187)
	at com.kms.katalon.core.main.TestCaseMain$startTestSuite$0.call(Unknown Source)
	at TempTestSuite1705202981112.run(TempTestSuite1705202981112.groovy:36)
Caused by: org.openqa.selenium.ElementNotInteractableException: element not interactable
  (Session info: chrome=120.0.6099.200)
Build info: version: '3.141.59', revision: 'e82be7d358', time: '2018-11-14T08:25:53'
System info: host: 'DESKTOP-B2QI6NS', ip: '172.31.253.139', os.name: 'Windows 10', os.arch: 'amd64', os.version: '10.0', java.version: '1.8.0_181'
Driver info: com.kms.katalon.selenium.driver.CChromeDriver
Capabilities {acceptInsecureCerts: true, browserName: chrome, browserVersion: 120.0.6099.200, chrome: {chromedriverVersion: 119.0.6045.105 (38c72552c5e..., userDataDir: C:\Users\imtiaz\AppData\Loc...}, fedcm:accounts: true, goog:chromeOptions: {debuggerAddress: localhost:62703}, javascriptEnabled: true, networkConnectionEnabled: false, pageLoadStrategy: normal, platform: WINDOWS, platformName: WINDOWS, proxy: Proxy(), setWindowRect: true, strictFileInteractability: false, timeouts: {implicit: 0, pageLoad: 300000, script: 30000}, unhandledPromptBehavior: dismiss and notify, webauthn:extension:credBlob: true, webauthn:extension:largeBlob: true, webauthn:extension:minPinLength: true, webauthn:extension:prf: true, webauthn:virtualAuthenticators: true}
Session ID: b9aff01102dcd3facd722e6eab81eaeb
	at org.openqa.selenium.remote.http.W3CHttpResponseCodec.createException(W3CHttpResponseCodec.java:187)
	at org.openqa.selenium.remote.http.W3CHttpResponseCodec.decode(W3CHttpResponseCodec.java:122)
	at org.openqa.selenium.remote.http.W3CHttpResponseCodec.decode(W3CHttpResponseCodec.java:49)
	at org.openqa.selenium.remote.HttpCommandExecutor.execute(HttpCommandExecutor.java:158)
	at org.openqa.selenium.remote.service.DriverCommandExecutor.execute(DriverCommandExecutor.java:83)
	at org.openqa.selenium.remote.RemoteWebDriver.execute(RemoteWebDriver.java:552)
	at com.kms.katalon.selenium.driver.CChromeDriver.execute(CChromeDriver.java:19)
	at org.openqa.selenium.remote.RemoteWebElement.execute(RemoteWebElement.java:285)
	at org.openqa.selenium.remote.RemoteWebElement.clear(RemoteWebElement.java:124)
	at org.openqa.selenium.support.events.EventFiringWebDriver$EventFiringWebElement.lambda$new$0(EventFiringWebDriver.java:404)
	at com.sun.proxy.$Proxy11.clear(Unknown Source)
	at org.openqa.selenium.support.events.EventFiringWebDriver$EventFiringWebElement.clear(EventFiringWebDriver.java:436)
	at com.kms.katalon.core.webui.keyword.builtin.SetEncryptedTextKeyword$_setEncryptedText_closure1.doCall(SetEncryptedTextKeyword.groovy:54)
	at com.kms.katalon.core.webui.keyword.builtin.SetEncryptedTextKeyword$_setEncryptedText_closure1.call(SetEncryptedTextKeyword.groovy)
	at com.kms.katalon.core.webui.keyword.internal.WebUIKeywordMain.runKeyword(WebUIKeywordMain.groovy:20)
	at com.kms.katalon.core.webui.keyword.builtin.SetEncryptedTextKeyword.setEncryptedText(SetEncryptedTextKeyword.groovy:65)
	at com.kms.katalon.core.webui.keyword.builtin.SetEncryptedTextKeyword.execute(SetEncryptedTextKeyword.groovy:34)
	at com.kms.katalon.core.keyword.internal.KeywordExecutor.executeKeywordForPlatform(KeywordExecutor.groovy:74)
	at com.kms.katalon.core.webui.keyword.WebUiBuiltInKeywords.setEncryptedText(WebUiBuiltInKeywords.groovy:1011)
	at com.kms.katalon.core.webui.keyword.WebUiBuiltInKeywords$setEncryptedText$4.call(Unknown Source)
	at Script1696014034709.run(Script1696014034709.groovy:140)
	... 13 more
)

2024-01-13 22:46:51 - [MESSAGE][FAILED] - Unable to set encrypted text for object 'Object Repository/RAD_RecordAndPlay/input_Existing_RetypeFEIN' (Root cause: com.kms.katalon.core.exception.StepFailedException: Unable to set encrypted text for object 'Object Repository/RAD_RecordAndPlay/input_Existing_RetypeFEIN'
	at com.kms.katalon.core.webui.keyword.internal.WebUIKeywordMain.stepFailed(WebUIKeywordMain.groovy:64)
	at com.kms.katalon.core.webui.keyword.internal.WebUIKeywordMain.runKeyword(WebUIKeywordMain.groovy:26)
	at com.kms.katalon.core.webui.keyword.builtin.SetEncryptedTextKeyword.setEncryptedText(SetEncryptedTextKeyword.groovy:65)
	at com.kms.katalon.core.webui.keyword.builtin.SetEncryptedTextKeyword.execute(SetEncryptedTextKeyword.groovy:34)
	at com.kms.katalon.core.keyword.internal.KeywordExecutor.executeKeywordForPlatform(KeywordExecutor.groovy:74)
	at com.kms.katalon.core.webui.keyword.WebUiBuiltInKeywords.setEncryptedText(WebUiBuiltInKeywords.groovy:1011)
	at com.kms.katalon.core.webui.keyword.WebUiBuiltInKeywords$setEncryptedText$4.call(Unknown Source)
	at FEINandFEINSSNlessThan9Error.run(FEINandFEINSSNlessThan9Error:140)
	at com.kms.katalon.core.main.ScriptEngine.run(ScriptEngine.java:194)
	at com.kms.katalon.core.main.ScriptEngine.runScriptAsRawText(ScriptEngine.java:119)
	at com.kms.katalon.core.main.TestCaseExecutor.runScript(TestCaseExecutor.java:448)
	at com.kms.katalon.core.main.TestCaseExecutor.doExecute(TestCaseExecutor.java:439)
	at com.kms.katalon.core.main.TestCaseExecutor.processExecutionPhase(TestCaseExecutor.java:418)
	at com.kms.katalon.core.main.TestCaseExecutor.accessMainPhase(TestCaseExecutor.java:410)
	at com.kms.katalon.core.main.TestCaseExecutor.execute(TestCaseExecutor.java:285)
	at com.kms.katalon.core.common.CommonExecutor.accessTestCaseMainPhase(CommonExecutor.java:65)
	at com.kms.katalon.core.main.TestSuiteExecutor.accessTestSuiteMainPhase(TestSuiteExecutor.java:148)
	at com.kms.katalon.core.main.TestSuiteExecutor.execute(TestSuiteExecutor.java:106)
	at com.kms.katalon.core.main.TestCaseMain.startTestSuite(TestCaseMain.java:187)
	at com.kms.katalon.core.main.TestCaseMain$startTestSuite$0.call(Unknown Source)
	at TempTestSuite1705202981112.run(TempTestSuite1705202981112.groovy:36)
Caused by: org.openqa.selenium.ElementNotInteractableException: element not interactable
  (Session info: chrome=120.0.6099.200)
Build info: version: '3.141.59', revision: 'e82be7d358', time: '2018-11-14T08:25:53'
System info: host: 'DESKTOP-B2QI6NS', ip: '172.31.253.139', os.name: 'Windows 10', os.arch: 'amd64', os.version: '10.0', java.version: '1.8.0_181'
Driver info: com.kms.katalon.selenium.driver.CChromeDriver
Capabilities {acceptInsecureCerts: true, browserName: chrome, browserVersion: 120.0.6099.200, chrome: {chromedriverVersion: 119.0.6045.105 (38c72552c5e..., userDataDir: C:\Users\imtiaz\AppData\Loc...}, fedcm:accounts: true, goog:chromeOptions: {debuggerAddress: localhost:62703}, javascriptEnabled: true, networkConnectionEnabled: false, pageLoadStrategy: normal, platform: WINDOWS, platformName: WINDOWS, proxy: Proxy(), setWindowRect: true, strictFileInteractability: false, timeouts: {implicit: 0, pageLoad: 300000, script: 30000}, unhandledPromptBehavior: dismiss and notify, webauthn:extension:credBlob: true, webauthn:extension:largeBlob: true, webauthn:extension:minPinLength: true, webauthn:extension:prf: true, webauthn:virtualAuthenticators: true}
Session ID: b9aff01102dcd3facd722e6eab81eaeb
	at org.openqa.selenium.remote.http.W3CHttpResponseCodec.createException(W3CHttpResponseCodec.java:187)
	at org.openqa.selenium.remote.http.W3CHttpResponseCodec.decode(W3CHttpResponseCodec.java:122)
	at org.openqa.selenium.remote.http.W3CHttpResponseCodec.decode(W3CHttpResponseCodec.java:49)
	at org.openqa.selenium.remote.HttpCommandExecutor.execute(HttpCommandExecutor.java:158)
	at org.openqa.selenium.remote.service.DriverCommandExecutor.execute(DriverCommandExecutor.java:83)
	at org.openqa.selenium.remote.RemoteWebDriver.execute(RemoteWebDriver.java:552)
	at com.kms.katalon.selenium.driver.CChromeDriver.execute(CChromeDriver.java:19)
	at org.openqa.selenium.remote.RemoteWebElement.execute(RemoteWebElement.java:285)
	at org.openqa.selenium.remote.RemoteWebElement.clear(RemoteWebElement.java:124)
	at org.openqa.selenium.support.events.EventFiringWebDriver$EventFiringWebElement.lambda$new$0(EventFiringWebDriver.java:404)
	at com.sun.proxy.$Proxy11.clear(Unknown Source)
	at org.openqa.selenium.support.events.EventFiringWebDriver$EventFiringWebElement.clear(EventFiringWebDriver.java:436)
	at com.kms.katalon.core.webui.keyword.builtin.SetEncryptedTextKeyword$_setEncryptedText_closure1.doCall(SetEncryptedTextKeyword.groovy:54)
	at com.kms.katalon.core.webui.keyword.builtin.SetEncryptedTextKeyword$_setEncryptedText_closure1.call(SetEncryptedTextKeyword.groovy)
	at com.kms.katalon.core.webui.keyword.internal.WebUIKeywordMain.runKeyword(WebUIKeywordMain.groovy:20)
	at com.kms.katalon.core.webui.keyword.builtin.SetEncryptedTextKeyword.setEncryptedText(SetEncryptedTextKeyword.groovy:65)
	at com.kms.katalon.core.webui.keyword.builtin.SetEncryptedTextKeyword.execute(SetEncryptedTextKeyword.groovy:34)
	at com.kms.katalon.core.keyword.internal.KeywordExecutor.executeKeywordForPlatform(KeywordExecutor.groovy:74)
	at com.kms.katalon.core.webui.keyword.WebUiBuiltInKeywords.setEncryptedText(WebUiBuiltInKeywords.groovy:1011)
	at com.kms.katalon.core.webui.keyword.WebUiBuiltInKeywords$setEncryptedText$4.call(Unknown Source)
	at Script1696014034709.run(Script1696014034709.groovy:140)
	... 13 more
)
[[ATTACHMENT|E:\\Cloned-Project-Katalon\\VPS-Katalon\\Reports\\20240113_222941\\RAD_TestSuite\\RAD_UI_TestSuite\\20240113_222941\\1705204011655.png]]

2024-01-13 22:46:51 - [TEST_STEP][PASSED] - break: null

2024-01-13 22:46:51 - [TEST_STEP][PASSED] - if (feinSsn.equalsIgnoreCase("Y")): null

2024-01-13 22:46:51 - [TEST_STEP][FAILED] - else: null

2024-01-13 22:46:51 - [TEST_STEP][FAILED] - if (verifyTextPresent("Please enter a valid FEIN with 9 digits.", true)): Text 'Please enter a valid FEIN with 9 digits.' is not present on page  using regular expression (Root cause: com.kms.katalon.core.exception.StepFailedException: Text 'Please enter a valid FEIN with 9 digits.' is not present on page  using regular expression
	at com.kms.katalon.core.webui.keyword.internal.WebUIKeywordMain.stepFailed(WebUIKeywordMain.groovy:64)
	at com.kms.katalon.core.webui.keyword.builtin.VerifyTextPresentKeyword$_verifyTextPresent_closure1.doCall(VerifyTextPresentKeyword.groovy:79)
	at com.kms.katalon.core.webui.keyword.builtin.VerifyTextPresentKeyword$_verifyTextPresent_closure1.call(VerifyTextPresentKeyword.groovy)
	at com.kms.katalon.core.webui.keyword.internal.WebUIKeywordMain.runKeyword(WebUIKeywordMain.groovy:20)
	at com.kms.katalon.core.webui.keyword.builtin.VerifyTextPresentKeyword.verifyTextPresent(VerifyTextPresentKeyword.groovy:83)
	at com.kms.katalon.core.webui.keyword.builtin.VerifyTextPresentKeyword.execute(VerifyTextPresentKeyword.groovy:68)
	at com.kms.katalon.core.keyword.internal.KeywordExecutor.executeKeywordForPlatform(KeywordExecutor.groovy:74)
	at com.kms.katalon.core.webui.keyword.WebUiBuiltInKeywords.verifyTextPresent(WebUiBuiltInKeywords.groovy:1723)
	at com.kms.katalon.core.webui.keyword.WebUiBuiltInKeywords$verifyTextPresent$6.call(Unknown Source)
	at FEINandFEINSSNlessThan9Error.run(FEINandFEINSSNlessThan9Error:217)
	at com.kms.katalon.core.main.ScriptEngine.run(ScriptEngine.java:194)
	at com.kms.katalon.core.main.ScriptEngine.runScriptAsRawText(ScriptEngine.java:119)
	at com.kms.katalon.core.main.TestCaseExecutor.runScript(TestCaseExecutor.java:448)
	at com.kms.katalon.core.main.TestCaseExecutor.doExecute(TestCaseExecutor.java:439)
	at com.kms.katalon.core.main.TestCaseExecutor.processExecutionPhase(TestCaseExecutor.java:418)
	at com.kms.katalon.core.main.TestCaseExecutor.accessMainPhase(TestCaseExecutor.java:410)
	at com.kms.katalon.core.main.TestCaseExecutor.execute(TestCaseExecutor.java:285)
	at com.kms.katalon.core.common.CommonExecutor.accessTestCaseMainPhase(CommonExecutor.java:65)
	at com.kms.katalon.core.main.TestSuiteExecutor.accessTestSuiteMainPhase(TestSuiteExecutor.java:148)
	at com.kms.katalon.core.main.TestSuiteExecutor.execute(TestSuiteExecutor.java:106)
	at com.kms.katalon.core.main.TestCaseMain.startTestSuite(TestCaseMain.java:187)
	at com.kms.katalon.core.main.TestCaseMain$startTestSuite$0.call(Unknown Source)
	at TempTestSuite1705202981112.run(TempTestSuite1705202981112.groovy:36)
)

2024-01-13 22:46:52 - [MESSAGE][FAILED] - Text 'Please enter a valid FEIN with 9 digits.' is not present on page  using regular expression (Root cause: com.kms.katalon.core.exception.StepFailedException: Text 'Please enter a valid FEIN with 9 digits.' is not present on page  using regular expression
	at com.kms.katalon.core.webui.keyword.internal.WebUIKeywordMain.stepFailed(WebUIKeywordMain.groovy:64)
	at com.kms.katalon.core.webui.keyword.builtin.VerifyTextPresentKeyword$_verifyTextPresent_closure1.doCall(VerifyTextPresentKeyword.groovy:79)
	at com.kms.katalon.core.webui.keyword.builtin.VerifyTextPresentKeyword$_verifyTextPresent_closure1.call(VerifyTextPresentKeyword.groovy)
	at com.kms.katalon.core.webui.keyword.internal.WebUIKeywordMain.runKeyword(WebUIKeywordMain.groovy:20)
	at com.kms.katalon.core.webui.keyword.builtin.VerifyTextPresentKeyword.verifyTextPresent(VerifyTextPresentKeyword.groovy:83)
	at com.kms.katalon.core.webui.keyword.builtin.VerifyTextPresentKeyword.execute(VerifyTextPresentKeyword.groovy:68)
	at com.kms.katalon.core.keyword.internal.KeywordExecutor.executeKeywordForPlatform(KeywordExecutor.groovy:74)
	at com.kms.katalon.core.webui.keyword.WebUiBuiltInKeywords.verifyTextPresent(WebUiBuiltInKeywords.groovy:1723)
	at com.kms.katalon.core.webui.keyword.WebUiBuiltInKeywords$verifyTextPresent$6.call(Unknown Source)
	at FEINandFEINSSNlessThan9Error.run(FEINandFEINSSNlessThan9Error:217)
	at com.kms.katalon.core.main.ScriptEngine.run(ScriptEngine.java:194)
	at com.kms.katalon.core.main.ScriptEngine.runScriptAsRawText(ScriptEngine.java:119)
	at com.kms.katalon.core.main.TestCaseExecutor.runScript(TestCaseExecutor.java:448)
	at com.kms.katalon.core.main.TestCaseExecutor.doExecute(TestCaseExecutor.java:439)
	at com.kms.katalon.core.main.TestCaseExecutor.processExecutionPhase(TestCaseExecutor.java:418)
	at com.kms.katalon.core.main.TestCaseExecutor.accessMainPhase(TestCaseExecutor.java:410)
	at com.kms.katalon.core.main.TestCaseExecutor.execute(TestCaseExecutor.java:285)
	at com.kms.katalon.core.common.CommonExecutor.accessTestCaseMainPhase(CommonExecutor.java:65)
	at com.kms.katalon.core.main.TestSuiteExecutor.accessTestSuiteMainPhase(TestSuiteExecutor.java:148)
	at com.kms.katalon.core.main.TestSuiteExecutor.execute(TestSuiteExecutor.java:106)
	at com.kms.katalon.core.main.TestCaseMain.startTestSuite(TestCaseMain.java:187)
	at com.kms.katalon.core.main.TestCaseMain$startTestSuite$0.call(Unknown Source)
	at TempTestSuite1705202981112.run(TempTestSuite1705202981112.groovy:36)
)

2024-01-13 22:46:52 - [TEST_STEP][PASSED] - else: pages.WriteExcel.demoKey is PASSED

2024-01-13 22:46:52 - [TEST_STEP][PASSED] - println("Error Message is NOT present on the page"): null

2024-01-13 22:46:52 - [TEST_STEP][PASSED] - out.println("Fail Record Number: " + row): null

2024-01-13 22:46:52 - [TEST_STEP][PASSED] - resText = "Fail": null

2024-01-13 22:46:52 - [TEST_STEP][PASSED] - pages.WriteExcel.demoKey(resText, datText, resColumn, datCloumn, fileLoc, nameSheet, row): pages.WriteExcel.demoKey is PASSED

2024-01-13 22:46:52 - [MESSAGE][PASSED] - pages.WriteExcel.demoKey is PASSED

2024-01-13 22:46:52 - [TEST_STEP][PASSED] - ExecuteTC = findTestData(dataFile).getValue("Execute", row): null

2024-01-13 22:46:52 - [TEST_STEP][PASSED] - Taxtype = findTestData(dataFile).getValue("TaxType", row): null

2024-01-13 22:46:52 - [TEST_STEP][PASSED] - Paymenttype = findTestData(dataFile).getValue("PaymentType", row): null

2024-01-13 22:46:52 - [TEST_STEP][PASSED] - feinSsn = findTestData(dataFile).getValue("FEINSSN", row): null

2024-01-13 22:46:52 - [TEST_STEP][PASSED] - out.println("Value of Execute is : " + ExecuteTC): null

2024-01-13 22:46:52 - [TEST_STEP][PASSED] - if (ExecuteTC.equalsIgnoreCase("Y")): null

2024-01-13 22:46:52 - [TEST_STEP][PASSED] - out.println("Begin Record Number: " + row): null

2024-01-13 22:46:52 - [TEST_STEP][PASSED] - today = new java.util.Date(): null

2024-01-13 22:46:52 - [TEST_STEP][PASSED] - println(today): null

2024-01-13 22:46:52 - [TEST_STEP][PASSED] - datText = today: null

2024-01-13 22:46:52 - [TEST_STEP][PASSED] - Taxtype = findTestData(dataFile).getValue("TaxType", row): null

2024-01-13 22:46:52 - [TEST_STEP][PASSED] - out.println("Taxtype value is : " + Taxtype): null

2024-01-13 22:46:52 - [TEST_STEP][PASSED] - openBrowser(""): Browser is opened with url: ''

2024-01-13 22:46:52 - [MESSAGE][WARNING] - A browser is already opened. Closing browser and opening a new one

2024-01-13 22:46:53 - [MESSAGE][INFO] - Starting 'Chrome' driver

2024-01-13 22:46:53 - [MESSAGE][INFO] - User set preference: ['acceptInsecureCerts', 'true']

2024-01-13 22:46:53 - [MESSAGE][INFO] - Action delay is set to 0 milliseconds

2024-01-13 22:46:54 - [MESSAGE][PASSED] - Browser is opened with url: ''

2024-01-13 22:46:54 - [TEST_STEP][PASSED] - maximizeWindow(): Current window maximized

2024-01-13 22:46:55 - [MESSAGE][PASSED] - Current window maximized

2024-01-13 22:46:55 - [TEST_STEP][PASSED] - navigateToUrl(RADurl): Navigate to 'https://qa2.velocitypayment.com/client/rad/index.html' successfully

2024-01-13 22:46:56 - [MESSAGE][PASSED] - Navigate to 'https://qa2.velocitypayment.com/client/rad/index.html' successfully

2024-01-13 22:46:56 - [TEST_STEP][PASSED] - orPath_Landing = "Object Repository/RAD_Pages/Landing_Page": null

2024-01-13 22:46:56 - [TEST_STEP][PASSED] - orPath_TaxTypeFilingYear = "Object Repository/RAD_Pages/TaxTypeFilingYear_Page": null

2024-01-13 22:46:56 - [TEST_STEP][PASSED] - orPath_TaxPayer = "Object Repository/RAD_Pages/Taxpayer_Page": null

2024-01-13 22:46:56 - [TEST_STEP][PASSED] - orPath_AddressContact = "Object Repository/RAD_Pages/AddressAndContactInfo_Page": null

2024-01-13 22:46:56 - [TEST_STEP][PASSED] - orPath_FilingStatus = "Object Repository/RAD_Pages/FilingStatus_Page": null

2024-01-13 22:46:56 - [TEST_STEP][PASSED] - orPath_Amount = "Object Repository/RAD_Pages/PaymentAmount_Page": null

2024-01-13 22:46:56 - [TEST_STEP][PASSED] - orPath_TaxInfo = "Object Repository/RAD_Pages/TaxInfo_Page": null

2024-01-13 22:46:56 - [TEST_STEP][PASSED] - orPath_Withholding = "Object Repository/RAD_Pages/Withholding_Page": null

2024-01-13 22:46:56 - [TEST_STEP][PASSED] - orPath_Summary = "Object Repository/RAD_Pages/Summary_Page": null

2024-01-13 22:46:56 - [TEST_STEP][PASSED] - orPath_PaymentReady = "Object Repository/RAD_Pages/PaymentReady_Page": null

2024-01-13 22:46:56 - [TEST_STEP][PASSED] - orPath_PaymentEntry = "Object Repository/RAD_Pages/PaymentEntry_Page": null

2024-01-13 22:46:56 - [TEST_STEP][PASSED] - orPath_PaymentConfirmation = "Object Repository/RAD_Pages/PaymentConfirmation_Page": null

2024-01-13 22:46:56 - [TEST_STEP][PASSED] - orPath_ServiceFeesAccept = "Object Repository/RAD_Pages/ServiceFeeAccept_Page": null

2024-01-13 22:46:56 - [TEST_STEP][PASSED] - selectOptionByLabel(findTestObject(orPath_Landing + "/dd_TaxType"), Paymenttype, false): All options with label 'Existing Liability w/Notice Number' are selected in object 'Object Repository/RAD_Pages/Landing_Page/dd_TaxType' 

2024-01-13 22:46:57 - [MESSAGE][PASSED] - All options with label 'Existing Liability w/Notice Number' are selected in object 'Object Repository/RAD_Pages/Landing_Page/dd_TaxType' 

2024-01-13 22:46:57 - [TEST_STEP][PASSED] - delay(1): Delayed 1 second(s)

2024-01-13 22:46:58 - [MESSAGE][PASSED] - Delayed 1 second(s)

2024-01-13 22:46:58 - [TEST_STEP][PASSED] - switch (Paymenttype): null

2024-01-13 22:46:58 - [TEST_STEP][PASSED] - case "Existing Liability w/Notice Number":: null

2024-01-13 22:46:58 - [TEST_STEP][PASSED] - selectOptionByLabel(findTestObject(orPath_TaxTypeFilingYear + "/select_TaxType_ExistingLiability"), Taxtype, false): All options with label 'Transportation Network Services' are selected in object 'Object Repository/RAD_Pages/TaxTypeFilingYear_Page/select_TaxType_ExistingLiability' 

2024-01-13 22:46:59 - [MESSAGE][PASSED] - All options with label 'Transportation Network Services' are selected in object 'Object Repository/RAD_Pages/TaxTypeFilingYear_Page/select_TaxType_ExistingLiability' 

2024-01-13 22:46:59 - [TEST_STEP][PASSED] - break: null

2024-01-13 22:46:59 - [TEST_STEP][PASSED] - delay(1): Delayed 1 second(s)

2024-01-13 22:47:00 - [MESSAGE][PASSED] - Delayed 1 second(s)

2024-01-13 22:47:00 - [TEST_STEP][PASSED] - switch (Paymenttype): null

2024-01-13 22:47:00 - [TEST_STEP][PASSED] - case "Existing Liability w/Notice Number":: null

2024-01-13 22:47:00 - [TEST_STEP][PASSED] - if (feinSsn.equalsIgnoreCase("Y")): null

2024-01-13 22:47:00 - [TEST_STEP][PASSED] - else: Text ****** has been set on object 'Object Repository/RAD_RecordAndPlay/input_Existing_RetypeFEIN'

2024-01-13 22:47:00 - [TEST_STEP][PASSED] - setEncryptedText(findTestObject("Object Repository/RAD_RecordAndPlay/input_Existing_FEIN"), "iGDxf8hSRT4="): Text ****** has been set on object 'Object Repository/RAD_RecordAndPlay/input_Existing_FEIN'

2024-01-13 22:47:00 - [MESSAGE][PASSED] - Text ****** has been set on object 'Object Repository/RAD_RecordAndPlay/input_Existing_FEIN'

2024-01-13 22:47:00 - [TEST_STEP][PASSED] - setEncryptedText(findTestObject("Object Repository/RAD_RecordAndPlay/input_Existing_RetypeFEIN"), ""): Text ****** has been set on object 'Object Repository/RAD_RecordAndPlay/input_Existing_RetypeFEIN'

2024-01-13 22:47:01 - [MESSAGE][PASSED] - Text ****** has been set on object 'Object Repository/RAD_RecordAndPlay/input_Existing_RetypeFEIN'

2024-01-13 22:47:01 - [TEST_STEP][PASSED] - break: null

2024-01-13 22:47:01 - [TEST_STEP][PASSED] - if (feinSsn.equalsIgnoreCase("Y")): null

2024-01-13 22:47:01 - [TEST_STEP][PASSED] - else: null

2024-01-13 22:47:01 - [TEST_STEP][PASSED] - if (verifyTextPresent("Please enter a valid FEIN with 9 digits.", true)): null

2024-01-13 22:47:01 - [MESSAGE][PASSED] - Text 'Please enter a valid FEIN with 9 digits.' is present on page  using regular expression

2024-01-13 22:47:01 - [TEST_STEP][PASSED] - println("Error Message is present on the page"): null

2024-01-13 22:47:01 - [TEST_STEP][PASSED] - out.println("Pass Record Number: " + row): null

2024-01-13 22:47:01 - [TEST_STEP][PASSED] - resText = "Pass": null

2024-01-13 22:47:01 - [TEST_STEP][PASSED] - pages.WriteExcel.demoKey(resText, datText, resColumn, datCloumn, fileLoc, nameSheet, row): pages.WriteExcel.demoKey is PASSED

2024-01-13 22:47:01 - [MESSAGE][PASSED] - pages.WriteExcel.demoKey is PASSED

2024-01-13 22:47:01 - [TEST_STEP][PASSED] - ExecuteTC = findTestData(dataFile).getValue("Execute", row): null

2024-01-13 22:47:01 - [TEST_STEP][PASSED] - Taxtype = findTestData(dataFile).getValue("TaxType", row): null

2024-01-13 22:47:01 - [TEST_STEP][PASSED] - Paymenttype = findTestData(dataFile).getValue("PaymentType", row): null

2024-01-13 22:47:01 - [TEST_STEP][PASSED] - feinSsn = findTestData(dataFile).getValue("FEINSSN", row): null

2024-01-13 22:47:02 - [TEST_STEP][PASSED] - out.println("Value of Execute is : " + ExecuteTC): null

2024-01-13 22:47:02 - [TEST_STEP][PASSED] - if (ExecuteTC.equalsIgnoreCase("Y")): null

2024-01-13 22:47:02 - [TEST_STEP][PASSED] - out.println("Begin Record Number: " + row): null

2024-01-13 22:47:02 - [TEST_STEP][PASSED] - today = new java.util.Date(): null

2024-01-13 22:47:02 - [TEST_STEP][PASSED] - println(today): null

2024-01-13 22:47:02 - [TEST_STEP][PASSED] - datText = today: null

2024-01-13 22:47:02 - [TEST_STEP][PASSED] - Taxtype = findTestData(dataFile).getValue("TaxType", row): null

2024-01-13 22:47:02 - [TEST_STEP][PASSED] - out.println("Taxtype value is : " + Taxtype): null

2024-01-13 22:47:02 - [TEST_STEP][PASSED] - openBrowser(""): Browser is opened with url: ''

2024-01-13 22:47:02 - [MESSAGE][WARNING] - A browser is already opened. Closing browser and opening a new one

2024-01-13 22:47:03 - [MESSAGE][INFO] - Starting 'Chrome' driver

2024-01-13 22:47:03 - [MESSAGE][INFO] - User set preference: ['acceptInsecureCerts', 'true']

2024-01-13 22:47:03 - [MESSAGE][INFO] - Action delay is set to 0 milliseconds

2024-01-13 22:47:04 - [MESSAGE][PASSED] - Browser is opened with url: ''

2024-01-13 22:47:04 - [TEST_STEP][PASSED] - maximizeWindow(): Current window maximized

2024-01-13 22:47:04 - [MESSAGE][PASSED] - Current window maximized

2024-01-13 22:47:04 - [TEST_STEP][PASSED] - navigateToUrl(RADurl): Navigate to 'https://qa2.velocitypayment.com/client/rad/index.html' successfully

2024-01-13 22:47:06 - [MESSAGE][PASSED] - Navigate to 'https://qa2.velocitypayment.com/client/rad/index.html' successfully

2024-01-13 22:47:06 - [TEST_STEP][PASSED] - orPath_Landing = "Object Repository/RAD_Pages/Landing_Page": null

2024-01-13 22:47:06 - [TEST_STEP][PASSED] - orPath_TaxTypeFilingYear = "Object Repository/RAD_Pages/TaxTypeFilingYear_Page": null

2024-01-13 22:47:06 - [TEST_STEP][PASSED] - orPath_TaxPayer = "Object Repository/RAD_Pages/Taxpayer_Page": null

2024-01-13 22:47:06 - [TEST_STEP][PASSED] - orPath_AddressContact = "Object Repository/RAD_Pages/AddressAndContactInfo_Page": null

2024-01-13 22:47:06 - [TEST_STEP][PASSED] - orPath_FilingStatus = "Object Repository/RAD_Pages/FilingStatus_Page": null

2024-01-13 22:47:06 - [TEST_STEP][PASSED] - orPath_Amount = "Object Repository/RAD_Pages/PaymentAmount_Page": null

2024-01-13 22:47:06 - [TEST_STEP][PASSED] - orPath_TaxInfo = "Object Repository/RAD_Pages/TaxInfo_Page": null

2024-01-13 22:47:06 - [TEST_STEP][PASSED] - orPath_Withholding = "Object Repository/RAD_Pages/Withholding_Page": null

2024-01-13 22:47:06 - [TEST_STEP][PASSED] - orPath_Summary = "Object Repository/RAD_Pages/Summary_Page": null

2024-01-13 22:47:06 - [TEST_STEP][PASSED] - orPath_PaymentReady = "Object Repository/RAD_Pages/PaymentReady_Page": null

2024-01-13 22:47:06 - [TEST_STEP][PASSED] - orPath_PaymentEntry = "Object Repository/RAD_Pages/PaymentEntry_Page": null

2024-01-13 22:47:06 - [TEST_STEP][PASSED] - orPath_PaymentConfirmation = "Object Repository/RAD_Pages/PaymentConfirmation_Page": null

2024-01-13 22:47:06 - [TEST_STEP][PASSED] - orPath_ServiceFeesAccept = "Object Repository/RAD_Pages/ServiceFeeAccept_Page": null

2024-01-13 22:47:06 - [TEST_STEP][PASSED] - selectOptionByLabel(findTestObject(orPath_Landing + "/dd_TaxType"), Paymenttype, false): All options with label 'Existing Liability w/Notice Number' are selected in object 'Object Repository/RAD_Pages/Landing_Page/dd_TaxType' 

2024-01-13 22:47:07 - [MESSAGE][PASSED] - All options with label 'Existing Liability w/Notice Number' are selected in object 'Object Repository/RAD_Pages/Landing_Page/dd_TaxType' 

2024-01-13 22:47:07 - [TEST_STEP][PASSED] - delay(1): Delayed 1 second(s)

2024-01-13 22:47:08 - [MESSAGE][PASSED] - Delayed 1 second(s)

2024-01-13 22:47:08 - [TEST_STEP][PASSED] - switch (Paymenttype): null

2024-01-13 22:47:08 - [TEST_STEP][PASSED] - case "Existing Liability w/Notice Number":: null

2024-01-13 22:47:08 - [TEST_STEP][PASSED] - selectOptionByLabel(findTestObject(orPath_TaxTypeFilingYear + "/select_TaxType_ExistingLiability"), Taxtype, false): All options with label 'Unclaimed Property' are selected in object 'Object Repository/RAD_Pages/TaxTypeFilingYear_Page/select_TaxType_ExistingLiability' 

2024-01-13 22:47:08 - [MESSAGE][PASSED] - All options with label 'Unclaimed Property' are selected in object 'Object Repository/RAD_Pages/TaxTypeFilingYear_Page/select_TaxType_ExistingLiability' 

2024-01-13 22:47:08 - [TEST_STEP][PASSED] - break: null

2024-01-13 22:47:08 - [TEST_STEP][PASSED] - delay(1): Delayed 1 second(s)

2024-01-13 22:47:09 - [MESSAGE][PASSED] - Delayed 1 second(s)

2024-01-13 22:47:09 - [TEST_STEP][PASSED] - switch (Paymenttype): null

2024-01-13 22:47:09 - [TEST_STEP][PASSED] - case "Existing Liability w/Notice Number":: null

2024-01-13 22:47:09 - [TEST_STEP][PASSED] - if (feinSsn.equalsIgnoreCase("Y")): null

2024-01-13 22:47:09 - [TEST_STEP][PASSED] - else: Text ****** has been set on object 'Object Repository/RAD_RecordAndPlay/input_Existing_RetypeFEIN'

2024-01-13 22:47:09 - [TEST_STEP][PASSED] - setEncryptedText(findTestObject("Object Repository/RAD_RecordAndPlay/input_Existing_FEIN"), "iGDxf8hSRT4="): Text ****** has been set on object 'Object Repository/RAD_RecordAndPlay/input_Existing_FEIN'

2024-01-13 22:47:10 - [MESSAGE][PASSED] - Text ****** has been set on object 'Object Repository/RAD_RecordAndPlay/input_Existing_FEIN'

2024-01-13 22:47:10 - [TEST_STEP][PASSED] - setEncryptedText(findTestObject("Object Repository/RAD_RecordAndPlay/input_Existing_RetypeFEIN"), ""): Text ****** has been set on object 'Object Repository/RAD_RecordAndPlay/input_Existing_RetypeFEIN'

2024-01-13 22:47:10 - [MESSAGE][PASSED] - Text ****** has been set on object 'Object Repository/RAD_RecordAndPlay/input_Existing_RetypeFEIN'

2024-01-13 22:47:10 - [TEST_STEP][PASSED] - break: null

2024-01-13 22:47:10 - [TEST_STEP][PASSED] - if (feinSsn.equalsIgnoreCase("Y")): null

2024-01-13 22:47:10 - [TEST_STEP][PASSED] - else: null

2024-01-13 22:47:10 - [TEST_STEP][PASSED] - if (verifyTextPresent("Please enter a valid FEIN with 9 digits.", true)): null

2024-01-13 22:47:11 - [MESSAGE][PASSED] - Text 'Please enter a valid FEIN with 9 digits.' is present on page  using regular expression

2024-01-13 22:47:11 - [TEST_STEP][PASSED] - println("Error Message is present on the page"): null

2024-01-13 22:47:11 - [TEST_STEP][PASSED] - out.println("Pass Record Number: " + row): null

2024-01-13 22:47:11 - [TEST_STEP][PASSED] - resText = "Pass": null

2024-01-13 22:47:11 - [TEST_STEP][PASSED] - pages.WriteExcel.demoKey(resText, datText, resColumn, datCloumn, fileLoc, nameSheet, row): pages.WriteExcel.demoKey is PASSED

2024-01-13 22:47:11 - [MESSAGE][PASSED] - pages.WriteExcel.demoKey is PASSED

2024-01-13 22:47:11 - [TEST_STEP][PASSED] - ExecuteTC = findTestData(dataFile).getValue("Execute", row): null

2024-01-13 22:47:11 - [TEST_STEP][PASSED] - Taxtype = findTestData(dataFile).getValue("TaxType", row): null

2024-01-13 22:47:11 - [TEST_STEP][PASSED] - Paymenttype = findTestData(dataFile).getValue("PaymentType", row): null

2024-01-13 22:47:11 - [TEST_STEP][PASSED] - feinSsn = findTestData(dataFile).getValue("FEINSSN", row): null

2024-01-13 22:47:11 - [TEST_STEP][PASSED] - out.println("Value of Execute is : " + ExecuteTC): null

2024-01-13 22:47:11 - [TEST_STEP][PASSED] - if (ExecuteTC.equalsIgnoreCase("Y")): null

2024-01-13 22:47:11 - [TEST_STEP][PASSED] - out.println("Begin Record Number: " + row): null

2024-01-13 22:47:11 - [TEST_STEP][PASSED] - today = new java.util.Date(): null

2024-01-13 22:47:11 - [TEST_STEP][PASSED] - println(today): null

2024-01-13 22:47:11 - [TEST_STEP][PASSED] - datText = today: null

2024-01-13 22:47:11 - [TEST_STEP][PASSED] - Taxtype = findTestData(dataFile).getValue("TaxType", row): null

2024-01-13 22:47:11 - [TEST_STEP][PASSED] - out.println("Taxtype value is : " + Taxtype): null

2024-01-13 22:47:11 - [TEST_STEP][PASSED] - openBrowser(""): Browser is opened with url: ''

2024-01-13 22:47:11 - [MESSAGE][WARNING] - A browser is already opened. Closing browser and opening a new one

2024-01-13 22:47:12 - [MESSAGE][INFO] - Starting 'Chrome' driver

2024-01-13 22:47:12 - [MESSAGE][INFO] - User set preference: ['acceptInsecureCerts', 'true']

2024-01-13 22:47:12 - [MESSAGE][INFO] - Action delay is set to 0 milliseconds

2024-01-13 22:47:14 - [MESSAGE][PASSED] - Browser is opened with url: ''

2024-01-13 22:47:14 - [TEST_STEP][PASSED] - maximizeWindow(): Current window maximized

2024-01-13 22:47:14 - [MESSAGE][PASSED] - Current window maximized

2024-01-13 22:47:14 - [TEST_STEP][PASSED] - navigateToUrl(RADurl): Navigate to 'https://qa2.velocitypayment.com/client/rad/index.html' successfully

2024-01-13 22:47:14 - [MESSAGE][PASSED] - Navigate to 'https://qa2.velocitypayment.com/client/rad/index.html' successfully

2024-01-13 22:47:14 - [TEST_STEP][PASSED] - orPath_Landing = "Object Repository/RAD_Pages/Landing_Page": null

2024-01-13 22:47:14 - [TEST_STEP][PASSED] - orPath_TaxTypeFilingYear = "Object Repository/RAD_Pages/TaxTypeFilingYear_Page": null

2024-01-13 22:47:14 - [TEST_STEP][PASSED] - orPath_TaxPayer = "Object Repository/RAD_Pages/Taxpayer_Page": null

2024-01-13 22:47:14 - [TEST_STEP][PASSED] - orPath_AddressContact = "Object Repository/RAD_Pages/AddressAndContactInfo_Page": null

2024-01-13 22:47:14 - [TEST_STEP][PASSED] - orPath_FilingStatus = "Object Repository/RAD_Pages/FilingStatus_Page": null

2024-01-13 22:47:14 - [TEST_STEP][PASSED] - orPath_Amount = "Object Repository/RAD_Pages/PaymentAmount_Page": null

2024-01-13 22:47:14 - [TEST_STEP][PASSED] - orPath_TaxInfo = "Object Repository/RAD_Pages/TaxInfo_Page": null

2024-01-13 22:47:14 - [TEST_STEP][PASSED] - orPath_Withholding = "Object Repository/RAD_Pages/Withholding_Page": null

2024-01-13 22:47:14 - [TEST_STEP][PASSED] - orPath_Summary = "Object Repository/RAD_Pages/Summary_Page": null

2024-01-13 22:47:14 - [TEST_STEP][PASSED] - orPath_PaymentReady = "Object Repository/RAD_Pages/PaymentReady_Page": null

2024-01-13 22:47:14 - [TEST_STEP][PASSED] - orPath_PaymentEntry = "Object Repository/RAD_Pages/PaymentEntry_Page": null

2024-01-13 22:47:14 - [TEST_STEP][PASSED] - orPath_PaymentConfirmation = "Object Repository/RAD_Pages/PaymentConfirmation_Page": null

2024-01-13 22:47:14 - [TEST_STEP][PASSED] - orPath_ServiceFeesAccept = "Object Repository/RAD_Pages/ServiceFeeAccept_Page": null

2024-01-13 22:47:14 - [TEST_STEP][PASSED] - selectOptionByLabel(findTestObject(orPath_Landing + "/dd_TaxType"), Paymenttype, false): All options with label 'Existing Liability w/Notice Number' are selected in object 'Object Repository/RAD_Pages/Landing_Page/dd_TaxType' 

2024-01-13 22:47:16 - [MESSAGE][PASSED] - All options with label 'Existing Liability w/Notice Number' are selected in object 'Object Repository/RAD_Pages/Landing_Page/dd_TaxType' 

2024-01-13 22:47:16 - [TEST_STEP][PASSED] - delay(1): Delayed 1 second(s)

2024-01-13 22:47:17 - [MESSAGE][PASSED] - Delayed 1 second(s)

2024-01-13 22:47:17 - [TEST_STEP][PASSED] - switch (Paymenttype): null

2024-01-13 22:47:17 - [TEST_STEP][PASSED] - case "Existing Liability w/Notice Number":: null

2024-01-13 22:47:17 - [TEST_STEP][PASSED] - selectOptionByLabel(findTestObject(orPath_TaxTypeFilingYear + "/select_TaxType_ExistingLiability"), Taxtype, false): All options with label 'IFTA Tax' are selected in object 'Object Repository/RAD_Pages/TaxTypeFilingYear_Page/select_TaxType_ExistingLiability' 

2024-01-13 22:47:18 - [MESSAGE][PASSED] - All options with label 'IFTA Tax' are selected in object 'Object Repository/RAD_Pages/TaxTypeFilingYear_Page/select_TaxType_ExistingLiability' 

2024-01-13 22:47:18 - [TEST_STEP][PASSED] - break: null

2024-01-13 22:47:18 - [TEST_STEP][PASSED] - delay(1): Delayed 1 second(s)

2024-01-13 22:47:19 - [MESSAGE][PASSED] - Delayed 1 second(s)

2024-01-13 22:47:19 - [TEST_STEP][PASSED] - switch (Paymenttype): null

2024-01-13 22:47:19 - [TEST_STEP][PASSED] - case "Existing Liability w/Notice Number":: null

2024-01-13 22:47:19 - [TEST_STEP][PASSED] - if (feinSsn.equalsIgnoreCase("Y")): null

2024-01-13 22:47:19 - [TEST_STEP][PASSED] - else: Text ****** has been set on object 'Object Repository/RAD_RecordAndPlay/input_Existing_RetypeFEIN'

2024-01-13 22:47:19 - [TEST_STEP][PASSED] - setEncryptedText(findTestObject("Object Repository/RAD_RecordAndPlay/input_Existing_FEIN"), "iGDxf8hSRT4="): Text ****** has been set on object 'Object Repository/RAD_RecordAndPlay/input_Existing_FEIN'

2024-01-13 22:47:19 - [MESSAGE][PASSED] - Text ****** has been set on object 'Object Repository/RAD_RecordAndPlay/input_Existing_FEIN'

2024-01-13 22:47:19 - [TEST_STEP][PASSED] - setEncryptedText(findTestObject("Object Repository/RAD_RecordAndPlay/input_Existing_RetypeFEIN"), ""): Text ****** has been set on object 'Object Repository/RAD_RecordAndPlay/input_Existing_RetypeFEIN'

2024-01-13 22:47:20 - [MESSAGE][PASSED] - Text ****** has been set on object 'Object Repository/RAD_RecordAndPlay/input_Existing_RetypeFEIN'

2024-01-13 22:47:20 - [TEST_STEP][PASSED] - break: null

2024-01-13 22:47:20 - [TEST_STEP][PASSED] - if (feinSsn.equalsIgnoreCase("Y")): null

2024-01-13 22:47:20 - [TEST_STEP][PASSED] - else: null

2024-01-13 22:47:20 - [TEST_STEP][PASSED] - if (verifyTextPresent("Please enter a valid FEIN with 9 digits.", true)): null

2024-01-13 22:47:20 - [MESSAGE][PASSED] - Text 'Please enter a valid FEIN with 9 digits.' is present on page  using regular expression

2024-01-13 22:47:20 - [TEST_STEP][PASSED] - println("Error Message is present on the page"): null

2024-01-13 22:47:20 - [TEST_STEP][PASSED] - out.println("Pass Record Number: " + row): null

2024-01-13 22:47:20 - [TEST_STEP][PASSED] - resText = "Pass": null

2024-01-13 22:47:20 - [TEST_STEP][PASSED] - pages.WriteExcel.demoKey(resText, datText, resColumn, datCloumn, fileLoc, nameSheet, row): pages.WriteExcel.demoKey is PASSED

2024-01-13 22:47:20 - [MESSAGE][PASSED] - pages.WriteExcel.demoKey is PASSED

2024-01-13 22:47:20 - [TEST_STEP][PASSED] - ExecuteTC = findTestData(dataFile).getValue("Execute", row): null

2024-01-13 22:47:20 - [TEST_STEP][PASSED] - Taxtype = findTestData(dataFile).getValue("TaxType", row): null

2024-01-13 22:47:20 - [TEST_STEP][PASSED] - Paymenttype = findTestData(dataFile).getValue("PaymentType", row): null

2024-01-13 22:47:21 - [TEST_STEP][PASSED] - feinSsn = findTestData(dataFile).getValue("FEINSSN", row): null

2024-01-13 22:47:21 - [TEST_STEP][PASSED] - out.println("Value of Execute is : " + ExecuteTC): null

2024-01-13 22:47:21 - [TEST_STEP][PASSED] - if (ExecuteTC.equalsIgnoreCase("Y")): null

2024-01-13 22:47:21 - [TEST_STEP][PASSED] - out.println("Begin Record Number: " + row): null

2024-01-13 22:47:21 - [TEST_STEP][PASSED] - today = new java.util.Date(): null

2024-01-13 22:47:21 - [TEST_STEP][PASSED] - println(today): null

2024-01-13 22:47:21 - [TEST_STEP][PASSED] - datText = today: null

2024-01-13 22:47:21 - [TEST_STEP][PASSED] - Taxtype = findTestData(dataFile).getValue("TaxType", row): null

2024-01-13 22:47:21 - [TEST_STEP][PASSED] - out.println("Taxtype value is : " + Taxtype): null

2024-01-13 22:47:21 - [TEST_STEP][PASSED] - openBrowser(""): Browser is opened with url: ''

2024-01-13 22:47:21 - [MESSAGE][WARNING] - A browser is already opened. Closing browser and opening a new one

2024-01-13 22:47:22 - [MESSAGE][INFO] - Starting 'Chrome' driver

2024-01-13 22:47:22 - [MESSAGE][INFO] - User set preference: ['acceptInsecureCerts', 'true']

2024-01-13 22:47:22 - [MESSAGE][INFO] - Action delay is set to 0 milliseconds

2024-01-13 22:47:23 - [MESSAGE][PASSED] - Browser is opened with url: ''

2024-01-13 22:47:23 - [TEST_STEP][PASSED] - maximizeWindow(): Current window maximized

2024-01-13 22:47:23 - [MESSAGE][PASSED] - Current window maximized

2024-01-13 22:47:23 - [TEST_STEP][PASSED] - navigateToUrl(RADurl): Navigate to 'https://qa2.velocitypayment.com/client/rad/index.html' successfully

2024-01-13 22:47:25 - [MESSAGE][PASSED] - Navigate to 'https://qa2.velocitypayment.com/client/rad/index.html' successfully

2024-01-13 22:47:25 - [TEST_STEP][PASSED] - orPath_Landing = "Object Repository/RAD_Pages/Landing_Page": null

2024-01-13 22:47:25 - [TEST_STEP][PASSED] - orPath_TaxTypeFilingYear = "Object Repository/RAD_Pages/TaxTypeFilingYear_Page": null

2024-01-13 22:47:25 - [TEST_STEP][PASSED] - orPath_TaxPayer = "Object Repository/RAD_Pages/Taxpayer_Page": null

2024-01-13 22:47:25 - [TEST_STEP][PASSED] - orPath_AddressContact = "Object Repository/RAD_Pages/AddressAndContactInfo_Page": null

2024-01-13 22:47:25 - [TEST_STEP][PASSED] - orPath_FilingStatus = "Object Repository/RAD_Pages/FilingStatus_Page": null

2024-01-13 22:47:25 - [TEST_STEP][PASSED] - orPath_Amount = "Object Repository/RAD_Pages/PaymentAmount_Page": null

2024-01-13 22:47:25 - [TEST_STEP][PASSED] - orPath_TaxInfo = "Object Repository/RAD_Pages/TaxInfo_Page": null

2024-01-13 22:47:25 - [TEST_STEP][PASSED] - orPath_Withholding = "Object Repository/RAD_Pages/Withholding_Page": null

2024-01-13 22:47:25 - [TEST_STEP][PASSED] - orPath_Summary = "Object Repository/RAD_Pages/Summary_Page": null

2024-01-13 22:47:25 - [TEST_STEP][PASSED] - orPath_PaymentReady = "Object Repository/RAD_Pages/PaymentReady_Page": null

2024-01-13 22:47:25 - [TEST_STEP][PASSED] - orPath_PaymentEntry = "Object Repository/RAD_Pages/PaymentEntry_Page": null

2024-01-13 22:47:25 - [TEST_STEP][PASSED] - orPath_PaymentConfirmation = "Object Repository/RAD_Pages/PaymentConfirmation_Page": null

2024-01-13 22:47:25 - [TEST_STEP][PASSED] - orPath_ServiceFeesAccept = "Object Repository/RAD_Pages/ServiceFeeAccept_Page": null

2024-01-13 22:47:25 - [TEST_STEP][PASSED] - selectOptionByLabel(findTestObject(orPath_Landing + "/dd_TaxType"), Paymenttype, false): All options with label 'New Tax Return Amount Due' are selected in object 'Object Repository/RAD_Pages/Landing_Page/dd_TaxType' 

2024-01-13 22:47:25 - [MESSAGE][PASSED] - All options with label 'New Tax Return Amount Due' are selected in object 'Object Repository/RAD_Pages/Landing_Page/dd_TaxType' 

2024-01-13 22:47:25 - [TEST_STEP][PASSED] - delay(1): Delayed 1 second(s)

2024-01-13 22:47:26 - [MESSAGE][PASSED] - Delayed 1 second(s)

2024-01-13 22:47:26 - [TEST_STEP][PASSED] - switch (Paymenttype): null

2024-01-13 22:47:26 - [TEST_STEP][PASSED] - case "New Tax Return Amount Due":: null

2024-01-13 22:47:26 - [TEST_STEP][PASSED] - selectOptionByLabel(findTestObject("Object Repository/RAD_Pages/Landing_Page/select_NewTaxReturnAmountDue_TaxType"), Taxtype, false): All options with label 'Admissions and Amusement Tax' are selected in object 'Object Repository/RAD_Pages/Landing_Page/select_NewTaxReturnAmountDue_TaxType' 

2024-01-13 22:47:27 - [MESSAGE][PASSED] - All options with label 'Admissions and Amusement Tax' are selected in object 'Object Repository/RAD_Pages/Landing_Page/select_NewTaxReturnAmountDue_TaxType' 

2024-01-13 22:47:27 - [TEST_STEP][PASSED] - break: null

2024-01-13 22:47:27 - [TEST_STEP][PASSED] - delay(1): Delayed 1 second(s)

2024-01-13 22:47:28 - [MESSAGE][PASSED] - Delayed 1 second(s)

2024-01-13 22:47:28 - [TEST_STEP][PASSED] - switch (Paymenttype): null

2024-01-13 22:47:28 - [TEST_STEP][PASSED] - case "New Tax Return Amount Due":: null

2024-01-13 22:47:28 - [TEST_STEP][PASSED] - if (feinSsn.equalsIgnoreCase("Y")): null

2024-01-13 22:47:28 - [TEST_STEP][PASSED] - else: Text ****** has been set on object 'Object Repository/RAD_Pages/TaxInfo_Page/input_FederalEIN_ReEnter-2'

2024-01-13 22:47:28 - [TEST_STEP][PASSED] - setEncryptedText(findTestObject(orPath_TaxInfo + "/input_FederalEIN-2"), "iGDxf8hSRT4="): Text ****** has been set on object 'Object Repository/RAD_Pages/TaxInfo_Page/input_FederalEIN-2'

2024-01-13 22:47:29 - [MESSAGE][PASSED] - Text ****** has been set on object 'Object Repository/RAD_Pages/TaxInfo_Page/input_FederalEIN-2'

2024-01-13 22:47:29 - [TEST_STEP][PASSED] - setEncryptedText(findTestObject(orPath_TaxInfo + "/input_FederalEIN_ReEnter-2"), ""): Text ****** has been set on object 'Object Repository/RAD_Pages/TaxInfo_Page/input_FederalEIN_ReEnter-2'

2024-01-13 22:47:29 - [MESSAGE][PASSED] - Text ****** has been set on object 'Object Repository/RAD_Pages/TaxInfo_Page/input_FederalEIN_ReEnter-2'

2024-01-13 22:47:29 - [TEST_STEP][PASSED] - break: null

2024-01-13 22:47:29 - [TEST_STEP][PASSED] - if (feinSsn.equalsIgnoreCase("Y")): null

2024-01-13 22:47:29 - [TEST_STEP][PASSED] - else: null

2024-01-13 22:47:29 - [TEST_STEP][PASSED] - if (verifyTextPresent("Please enter a valid FEIN with 9 digits.", true)): null

2024-01-13 22:47:30 - [MESSAGE][PASSED] - Text 'Please enter a valid FEIN with 9 digits.' is present on page  using regular expression

2024-01-13 22:47:30 - [TEST_STEP][PASSED] - println("Error Message is present on the page"): null

2024-01-13 22:47:30 - [TEST_STEP][PASSED] - out.println("Pass Record Number: " + row): null

2024-01-13 22:47:30 - [TEST_STEP][PASSED] - resText = "Pass": null

2024-01-13 22:47:30 - [TEST_STEP][PASSED] - pages.WriteExcel.demoKey(resText, datText, resColumn, datCloumn, fileLoc, nameSheet, row): pages.WriteExcel.demoKey is PASSED

2024-01-13 22:47:30 - [MESSAGE][PASSED] - pages.WriteExcel.demoKey is PASSED

2024-01-13 22:47:30 - [TEST_STEP][PASSED] - ExecuteTC = findTestData(dataFile).getValue("Execute", row): null

2024-01-13 22:47:30 - [TEST_STEP][PASSED] - Taxtype = findTestData(dataFile).getValue("TaxType", row): null

2024-01-13 22:47:30 - [TEST_STEP][PASSED] - Paymenttype = findTestData(dataFile).getValue("PaymentType", row): null

2024-01-13 22:47:30 - [TEST_STEP][PASSED] - feinSsn = findTestData(dataFile).getValue("FEINSSN", row): null

2024-01-13 22:47:30 - [TEST_STEP][PASSED] - out.println("Value of Execute is : " + ExecuteTC): null

2024-01-13 22:47:30 - [TEST_STEP][PASSED] - if (ExecuteTC.equalsIgnoreCase("Y")): null

2024-01-13 22:47:30 - [TEST_STEP][PASSED] - out.println("Begin Record Number: " + row): null

2024-01-13 22:47:30 - [TEST_STEP][PASSED] - today = new java.util.Date(): null

2024-01-13 22:47:30 - [TEST_STEP][PASSED] - println(today): null

2024-01-13 22:47:30 - [TEST_STEP][PASSED] - datText = today: null

2024-01-13 22:47:30 - [TEST_STEP][PASSED] - Taxtype = findTestData(dataFile).getValue("TaxType", row): null

2024-01-13 22:47:30 - [TEST_STEP][PASSED] - out.println("Taxtype value is : " + Taxtype): null

2024-01-13 22:47:30 - [TEST_STEP][PASSED] - openBrowser(""): Browser is opened with url: ''

2024-01-13 22:47:30 - [MESSAGE][WARNING] - A browser is already opened. Closing browser and opening a new one

2024-01-13 22:47:31 - [MESSAGE][INFO] - Starting 'Chrome' driver

2024-01-13 22:47:31 - [MESSAGE][INFO] - User set preference: ['acceptInsecureCerts', 'true']

2024-01-13 22:47:31 - [MESSAGE][INFO] - Action delay is set to 0 milliseconds

2024-01-13 22:47:33 - [MESSAGE][PASSED] - Browser is opened with url: ''

2024-01-13 22:47:33 - [TEST_STEP][PASSED] - maximizeWindow(): Current window maximized

2024-01-13 22:47:33 - [MESSAGE][PASSED] - Current window maximized

2024-01-13 22:47:33 - [TEST_STEP][PASSED] - navigateToUrl(RADurl): Navigate to 'https://qa2.velocitypayment.com/client/rad/index.html' successfully

2024-01-13 22:47:34 - [MESSAGE][PASSED] - Navigate to 'https://qa2.velocitypayment.com/client/rad/index.html' successfully

2024-01-13 22:47:34 - [TEST_STEP][PASSED] - orPath_Landing = "Object Repository/RAD_Pages/Landing_Page": null

2024-01-13 22:47:34 - [TEST_STEP][PASSED] - orPath_TaxTypeFilingYear = "Object Repository/RAD_Pages/TaxTypeFilingYear_Page": null

2024-01-13 22:47:34 - [TEST_STEP][PASSED] - orPath_TaxPayer = "Object Repository/RAD_Pages/Taxpayer_Page": null

2024-01-13 22:47:34 - [TEST_STEP][PASSED] - orPath_AddressContact = "Object Repository/RAD_Pages/AddressAndContactInfo_Page": null

2024-01-13 22:47:34 - [TEST_STEP][PASSED] - orPath_FilingStatus = "Object Repository/RAD_Pages/FilingStatus_Page": null

2024-01-13 22:47:34 - [TEST_STEP][PASSED] - orPath_Amount = "Object Repository/RAD_Pages/PaymentAmount_Page": null

2024-01-13 22:47:34 - [TEST_STEP][PASSED] - orPath_TaxInfo = "Object Repository/RAD_Pages/TaxInfo_Page": null

2024-01-13 22:47:34 - [TEST_STEP][PASSED] - orPath_Withholding = "Object Repository/RAD_Pages/Withholding_Page": null

2024-01-13 22:47:34 - [TEST_STEP][PASSED] - orPath_Summary = "Object Repository/RAD_Pages/Summary_Page": null

2024-01-13 22:47:34 - [TEST_STEP][PASSED] - orPath_PaymentReady = "Object Repository/RAD_Pages/PaymentReady_Page": null

2024-01-13 22:47:34 - [TEST_STEP][PASSED] - orPath_PaymentEntry = "Object Repository/RAD_Pages/PaymentEntry_Page": null

2024-01-13 22:47:34 - [TEST_STEP][PASSED] - orPath_PaymentConfirmation = "Object Repository/RAD_Pages/PaymentConfirmation_Page": null

2024-01-13 22:47:34 - [TEST_STEP][PASSED] - orPath_ServiceFeesAccept = "Object Repository/RAD_Pages/ServiceFeeAccept_Page": null

2024-01-13 22:47:34 - [TEST_STEP][PASSED] - selectOptionByLabel(findTestObject(orPath_Landing + "/dd_TaxType"), Paymenttype, false): All options with label 'New Tax Return Amount Due' are selected in object 'Object Repository/RAD_Pages/Landing_Page/dd_TaxType' 

2024-01-13 22:47:35 - [MESSAGE][PASSED] - All options with label 'New Tax Return Amount Due' are selected in object 'Object Repository/RAD_Pages/Landing_Page/dd_TaxType' 

2024-01-13 22:47:35 - [TEST_STEP][PASSED] - delay(1): Delayed 1 second(s)

2024-01-13 22:47:36 - [MESSAGE][PASSED] - Delayed 1 second(s)

2024-01-13 22:47:36 - [TEST_STEP][PASSED] - switch (Paymenttype): null

2024-01-13 22:47:36 - [TEST_STEP][PASSED] - case "New Tax Return Amount Due":: null

2024-01-13 22:47:36 - [TEST_STEP][PASSED] - selectOptionByLabel(findTestObject("Object Repository/RAD_Pages/Landing_Page/select_NewTaxReturnAmountDue_TaxType"), Taxtype, false): All options with label 'Alcohol Tax' are selected in object 'Object Repository/RAD_Pages/Landing_Page/select_NewTaxReturnAmountDue_TaxType' 

2024-01-13 22:47:36 - [MESSAGE][PASSED] - All options with label 'Alcohol Tax' are selected in object 'Object Repository/RAD_Pages/Landing_Page/select_NewTaxReturnAmountDue_TaxType' 

2024-01-13 22:47:36 - [TEST_STEP][PASSED] - break: null

2024-01-13 22:47:36 - [TEST_STEP][PASSED] - delay(1): Delayed 1 second(s)

2024-01-13 22:47:37 - [MESSAGE][PASSED] - Delayed 1 second(s)

2024-01-13 22:47:37 - [TEST_STEP][PASSED] - switch (Paymenttype): null

2024-01-13 22:47:37 - [TEST_STEP][PASSED] - case "New Tax Return Amount Due":: null

2024-01-13 22:47:37 - [TEST_STEP][PASSED] - if (feinSsn.equalsIgnoreCase("Y")): null

2024-01-13 22:47:37 - [TEST_STEP][PASSED] - else: Text ****** has been set on object 'Object Repository/RAD_Pages/TaxInfo_Page/input_FederalEIN_ReEnter-2'

2024-01-13 22:47:37 - [TEST_STEP][PASSED] - setEncryptedText(findTestObject(orPath_TaxInfo + "/input_FederalEIN-2"), "iGDxf8hSRT4="): Text ****** has been set on object 'Object Repository/RAD_Pages/TaxInfo_Page/input_FederalEIN-2'

2024-01-13 22:47:38 - [MESSAGE][PASSED] - Text ****** has been set on object 'Object Repository/RAD_Pages/TaxInfo_Page/input_FederalEIN-2'

2024-01-13 22:47:38 - [TEST_STEP][PASSED] - setEncryptedText(findTestObject(orPath_TaxInfo + "/input_FederalEIN_ReEnter-2"), ""): Text ****** has been set on object 'Object Repository/RAD_Pages/TaxInfo_Page/input_FederalEIN_ReEnter-2'

2024-01-13 22:47:39 - [MESSAGE][PASSED] - Text ****** has been set on object 'Object Repository/RAD_Pages/TaxInfo_Page/input_FederalEIN_ReEnter-2'

2024-01-13 22:47:39 - [TEST_STEP][PASSED] - break: null

2024-01-13 22:47:39 - [TEST_STEP][PASSED] - if (feinSsn.equalsIgnoreCase("Y")): null

2024-01-13 22:47:39 - [TEST_STEP][PASSED] - else: null

2024-01-13 22:47:39 - [TEST_STEP][PASSED] - if (verifyTextPresent("Please enter a valid FEIN with 9 digits.", true)): null

2024-01-13 22:47:39 - [MESSAGE][PASSED] - Text 'Please enter a valid FEIN with 9 digits.' is present on page  using regular expression

2024-01-13 22:47:39 - [TEST_STEP][PASSED] - println("Error Message is present on the page"): null

2024-01-13 22:47:39 - [TEST_STEP][PASSED] - out.println("Pass Record Number: " + row): null

2024-01-13 22:47:39 - [TEST_STEP][PASSED] - resText = "Pass": null

2024-01-13 22:47:39 - [TEST_STEP][PASSED] - pages.WriteExcel.demoKey(resText, datText, resColumn, datCloumn, fileLoc, nameSheet, row): pages.WriteExcel.demoKey is PASSED

2024-01-13 22:47:39 - [MESSAGE][PASSED] - pages.WriteExcel.demoKey is PASSED

2024-01-13 22:47:39 - [TEST_STEP][PASSED] - ExecuteTC = findTestData(dataFile).getValue("Execute", row): null

2024-01-13 22:47:39 - [TEST_STEP][PASSED] - Taxtype = findTestData(dataFile).getValue("TaxType", row): null

2024-01-13 22:47:39 - [TEST_STEP][PASSED] - Paymenttype = findTestData(dataFile).getValue("PaymentType", row): null

2024-01-13 22:47:39 - [TEST_STEP][PASSED] - feinSsn = findTestData(dataFile).getValue("FEINSSN", row): null

2024-01-13 22:47:39 - [TEST_STEP][PASSED] - out.println("Value of Execute is : " + ExecuteTC): null

2024-01-13 22:47:39 - [TEST_STEP][PASSED] - if (ExecuteTC.equalsIgnoreCase("Y")): null

2024-01-13 22:47:39 - [TEST_STEP][PASSED] - out.println("Begin Record Number: " + row): null

2024-01-13 22:47:39 - [TEST_STEP][PASSED] - today = new java.util.Date(): null

2024-01-13 22:47:39 - [TEST_STEP][PASSED] - println(today): null

2024-01-13 22:47:39 - [TEST_STEP][PASSED] - datText = today: null

2024-01-13 22:47:39 - [TEST_STEP][PASSED] - Taxtype = findTestData(dataFile).getValue("TaxType", row): null

2024-01-13 22:47:39 - [TEST_STEP][PASSED] - out.println("Taxtype value is : " + Taxtype): null

2024-01-13 22:47:39 - [TEST_STEP][PASSED] - openBrowser(""): Browser is opened with url: ''

2024-01-13 22:47:39 - [MESSAGE][WARNING] - A browser is already opened. Closing browser and opening a new one

2024-01-13 22:47:41 - [MESSAGE][INFO] - Starting 'Chrome' driver

2024-01-13 22:47:41 - [MESSAGE][INFO] - User set preference: ['acceptInsecureCerts', 'true']

2024-01-13 22:47:41 - [MESSAGE][INFO] - Action delay is set to 0 milliseconds

2024-01-13 22:47:42 - [MESSAGE][PASSED] - Browser is opened with url: ''

2024-01-13 22:47:42 - [TEST_STEP][PASSED] - maximizeWindow(): Current window maximized

2024-01-13 22:47:42 - [MESSAGE][PASSED] - Current window maximized

2024-01-13 22:47:42 - [TEST_STEP][PASSED] - navigateToUrl(RADurl): Navigate to 'https://qa2.velocitypayment.com/client/rad/index.html' successfully

2024-01-13 22:47:44 - [MESSAGE][PASSED] - Navigate to 'https://qa2.velocitypayment.com/client/rad/index.html' successfully

2024-01-13 22:47:44 - [TEST_STEP][PASSED] - orPath_Landing = "Object Repository/RAD_Pages/Landing_Page": null

2024-01-13 22:47:44 - [TEST_STEP][PASSED] - orPath_TaxTypeFilingYear = "Object Repository/RAD_Pages/TaxTypeFilingYear_Page": null

2024-01-13 22:47:44 - [TEST_STEP][PASSED] - orPath_TaxPayer = "Object Repository/RAD_Pages/Taxpayer_Page": null

2024-01-13 22:47:44 - [TEST_STEP][PASSED] - orPath_AddressContact = "Object Repository/RAD_Pages/AddressAndContactInfo_Page": null

2024-01-13 22:47:44 - [TEST_STEP][PASSED] - orPath_FilingStatus = "Object Repository/RAD_Pages/FilingStatus_Page": null

2024-01-13 22:47:44 - [TEST_STEP][PASSED] - orPath_Amount = "Object Repository/RAD_Pages/PaymentAmount_Page": null

2024-01-13 22:47:44 - [TEST_STEP][PASSED] - orPath_TaxInfo = "Object Repository/RAD_Pages/TaxInfo_Page": null

2024-01-13 22:47:44 - [TEST_STEP][PASSED] - orPath_Withholding = "Object Repository/RAD_Pages/Withholding_Page": null

2024-01-13 22:47:44 - [TEST_STEP][PASSED] - orPath_Summary = "Object Repository/RAD_Pages/Summary_Page": null

2024-01-13 22:47:44 - [TEST_STEP][PASSED] - orPath_PaymentReady = "Object Repository/RAD_Pages/PaymentReady_Page": null

2024-01-13 22:47:44 - [TEST_STEP][PASSED] - orPath_PaymentEntry = "Object Repository/RAD_Pages/PaymentEntry_Page": null

2024-01-13 22:47:44 - [TEST_STEP][PASSED] - orPath_PaymentConfirmation = "Object Repository/RAD_Pages/PaymentConfirmation_Page": null

2024-01-13 22:47:44 - [TEST_STEP][PASSED] - orPath_ServiceFeesAccept = "Object Repository/RAD_Pages/ServiceFeeAccept_Page": null

2024-01-13 22:47:44 - [TEST_STEP][PASSED] - selectOptionByLabel(findTestObject(orPath_Landing + "/dd_TaxType"), Paymenttype, false): All options with label 'New Tax Return Amount Due' are selected in object 'Object Repository/RAD_Pages/Landing_Page/dd_TaxType' 

2024-01-13 22:47:44 - [MESSAGE][PASSED] - All options with label 'New Tax Return Amount Due' are selected in object 'Object Repository/RAD_Pages/Landing_Page/dd_TaxType' 

2024-01-13 22:47:44 - [TEST_STEP][PASSED] - delay(1): Delayed 1 second(s)

2024-01-13 22:47:45 - [MESSAGE][PASSED] - Delayed 1 second(s)

2024-01-13 22:47:45 - [TEST_STEP][PASSED] - switch (Paymenttype): null

2024-01-13 22:47:45 - [TEST_STEP][PASSED] - case "New Tax Return Amount Due":: null

2024-01-13 22:47:45 - [TEST_STEP][PASSED] - selectOptionByLabel(findTestObject("Object Repository/RAD_Pages/Landing_Page/select_NewTaxReturnAmountDue_TaxType"), Taxtype, false): All options with label 'Bay Restoration Fee' are selected in object 'Object Repository/RAD_Pages/Landing_Page/select_NewTaxReturnAmountDue_TaxType' 

2024-01-13 22:47:46 - [MESSAGE][PASSED] - All options with label 'Bay Restoration Fee' are selected in object 'Object Repository/RAD_Pages/Landing_Page/select_NewTaxReturnAmountDue_TaxType' 

2024-01-13 22:47:46 - [TEST_STEP][PASSED] - break: null

2024-01-13 22:47:46 - [TEST_STEP][PASSED] - delay(1): Delayed 1 second(s)

2024-01-13 22:47:47 - [MESSAGE][PASSED] - Delayed 1 second(s)

2024-01-13 22:47:47 - [TEST_STEP][PASSED] - switch (Paymenttype): null

2024-01-13 22:47:47 - [TEST_STEP][PASSED] - case "New Tax Return Amount Due":: null

2024-01-13 22:47:47 - [TEST_STEP][PASSED] - if (feinSsn.equalsIgnoreCase("Y")): null

2024-01-13 22:47:47 - [TEST_STEP][PASSED] - else: Text ****** has been set on object 'Object Repository/RAD_Pages/TaxInfo_Page/input_FederalEIN_ReEnter-2'

2024-01-13 22:47:47 - [TEST_STEP][PASSED] - setEncryptedText(findTestObject(orPath_TaxInfo + "/input_FederalEIN-2"), "iGDxf8hSRT4="): Text ****** has been set on object 'Object Repository/RAD_Pages/TaxInfo_Page/input_FederalEIN-2'

2024-01-13 22:47:48 - [MESSAGE][PASSED] - Text ****** has been set on object 'Object Repository/RAD_Pages/TaxInfo_Page/input_FederalEIN-2'

2024-01-13 22:47:48 - [TEST_STEP][PASSED] - setEncryptedText(findTestObject(orPath_TaxInfo + "/input_FederalEIN_ReEnter-2"), ""): Text ****** has been set on object 'Object Repository/RAD_Pages/TaxInfo_Page/input_FederalEIN_ReEnter-2'

2024-01-13 22:47:48 - [MESSAGE][PASSED] - Text ****** has been set on object 'Object Repository/RAD_Pages/TaxInfo_Page/input_FederalEIN_ReEnter-2'

2024-01-13 22:47:48 - [TEST_STEP][PASSED] - break: null

2024-01-13 22:47:48 - [TEST_STEP][PASSED] - if (feinSsn.equalsIgnoreCase("Y")): null

2024-01-13 22:47:48 - [TEST_STEP][PASSED] - else: null

2024-01-13 22:47:48 - [TEST_STEP][PASSED] - if (verifyTextPresent("Please enter a valid FEIN with 9 digits.", true)): null

2024-01-13 22:47:49 - [MESSAGE][PASSED] - Text 'Please enter a valid FEIN with 9 digits.' is present on page  using regular expression

2024-01-13 22:47:49 - [TEST_STEP][PASSED] - println("Error Message is present on the page"): null

2024-01-13 22:47:49 - [TEST_STEP][PASSED] - out.println("Pass Record Number: " + row): null

2024-01-13 22:47:49 - [TEST_STEP][PASSED] - resText = "Pass": null

2024-01-13 22:47:49 - [TEST_STEP][PASSED] - pages.WriteExcel.demoKey(resText, datText, resColumn, datCloumn, fileLoc, nameSheet, row): pages.WriteExcel.demoKey is PASSED

2024-01-13 22:47:49 - [MESSAGE][PASSED] - pages.WriteExcel.demoKey is PASSED

2024-01-13 22:47:49 - [TEST_STEP][PASSED] - ExecuteTC = findTestData(dataFile).getValue("Execute", row): null

2024-01-13 22:47:49 - [TEST_STEP][PASSED] - Taxtype = findTestData(dataFile).getValue("TaxType", row): null

2024-01-13 22:47:49 - [TEST_STEP][PASSED] - Paymenttype = findTestData(dataFile).getValue("PaymentType", row): null

2024-01-13 22:47:49 - [TEST_STEP][PASSED] - feinSsn = findTestData(dataFile).getValue("FEINSSN", row): null

2024-01-13 22:47:49 - [TEST_STEP][PASSED] - out.println("Value of Execute is : " + ExecuteTC): null

2024-01-13 22:47:49 - [TEST_STEP][PASSED] - if (ExecuteTC.equalsIgnoreCase("Y")): null

2024-01-13 22:47:49 - [TEST_STEP][PASSED] - out.println("Begin Record Number: " + row): null

2024-01-13 22:47:49 - [TEST_STEP][PASSED] - today = new java.util.Date(): null

2024-01-13 22:47:49 - [TEST_STEP][PASSED] - println(today): null

2024-01-13 22:47:49 - [TEST_STEP][PASSED] - datText = today: null

2024-01-13 22:47:49 - [TEST_STEP][PASSED] - Taxtype = findTestData(dataFile).getValue("TaxType", row): null

2024-01-13 22:47:49 - [TEST_STEP][PASSED] - out.println("Taxtype value is : " + Taxtype): null

2024-01-13 22:47:49 - [TEST_STEP][PASSED] - openBrowser(""): Browser is opened with url: ''

2024-01-13 22:47:49 - [MESSAGE][WARNING] - A browser is already opened. Closing browser and opening a new one

2024-01-13 22:47:50 - [MESSAGE][INFO] - Starting 'Chrome' driver

2024-01-13 22:47:50 - [MESSAGE][INFO] - User set preference: ['acceptInsecureCerts', 'true']

2024-01-13 22:47:50 - [MESSAGE][INFO] - Action delay is set to 0 milliseconds

2024-01-13 22:47:52 - [MESSAGE][PASSED] - Browser is opened with url: ''

2024-01-13 22:47:52 - [TEST_STEP][PASSED] - maximizeWindow(): Current window maximized

2024-01-13 22:47:52 - [MESSAGE][PASSED] - Current window maximized

2024-01-13 22:47:52 - [TEST_STEP][PASSED] - navigateToUrl(RADurl): Navigate to 'https://qa2.velocitypayment.com/client/rad/index.html' successfully

2024-01-13 22:47:53 - [MESSAGE][PASSED] - Navigate to 'https://qa2.velocitypayment.com/client/rad/index.html' successfully

2024-01-13 22:47:53 - [TEST_STEP][PASSED] - orPath_Landing = "Object Repository/RAD_Pages/Landing_Page": null

2024-01-13 22:47:53 - [TEST_STEP][PASSED] - orPath_TaxTypeFilingYear = "Object Repository/RAD_Pages/TaxTypeFilingYear_Page": null

2024-01-13 22:47:53 - [TEST_STEP][PASSED] - orPath_TaxPayer = "Object Repository/RAD_Pages/Taxpayer_Page": null

2024-01-13 22:47:53 - [TEST_STEP][PASSED] - orPath_AddressContact = "Object Repository/RAD_Pages/AddressAndContactInfo_Page": null

2024-01-13 22:47:53 - [TEST_STEP][PASSED] - orPath_FilingStatus = "Object Repository/RAD_Pages/FilingStatus_Page": null

2024-01-13 22:47:53 - [TEST_STEP][PASSED] - orPath_Amount = "Object Repository/RAD_Pages/PaymentAmount_Page": null

2024-01-13 22:47:53 - [TEST_STEP][PASSED] - orPath_TaxInfo = "Object Repository/RAD_Pages/TaxInfo_Page": null

2024-01-13 22:47:53 - [TEST_STEP][PASSED] - orPath_Withholding = "Object Repository/RAD_Pages/Withholding_Page": null

2024-01-13 22:47:53 - [TEST_STEP][PASSED] - orPath_Summary = "Object Repository/RAD_Pages/Summary_Page": null

2024-01-13 22:47:53 - [TEST_STEP][PASSED] - orPath_PaymentReady = "Object Repository/RAD_Pages/PaymentReady_Page": null

2024-01-13 22:47:53 - [TEST_STEP][PASSED] - orPath_PaymentEntry = "Object Repository/RAD_Pages/PaymentEntry_Page": null

2024-01-13 22:47:53 - [TEST_STEP][PASSED] - orPath_PaymentConfirmation = "Object Repository/RAD_Pages/PaymentConfirmation_Page": null

2024-01-13 22:47:53 - [TEST_STEP][PASSED] - orPath_ServiceFeesAccept = "Object Repository/RAD_Pages/ServiceFeeAccept_Page": null

2024-01-13 22:47:53 - [TEST_STEP][PASSED] - selectOptionByLabel(findTestObject(orPath_Landing + "/dd_TaxType"), Paymenttype, false): All options with label 'New Tax Return Amount Due' are selected in object 'Object Repository/RAD_Pages/Landing_Page/dd_TaxType' 

2024-01-13 22:47:54 - [MESSAGE][PASSED] - All options with label 'New Tax Return Amount Due' are selected in object 'Object Repository/RAD_Pages/Landing_Page/dd_TaxType' 

2024-01-13 22:47:54 - [TEST_STEP][PASSED] - delay(1): Delayed 1 second(s)

2024-01-13 22:47:55 - [MESSAGE][PASSED] - Delayed 1 second(s)

2024-01-13 22:47:55 - [TEST_STEP][PASSED] - switch (Paymenttype): null

2024-01-13 22:47:55 - [TEST_STEP][PASSED] - case "New Tax Return Amount Due":: null

2024-01-13 22:47:55 - [TEST_STEP][PASSED] - selectOptionByLabel(findTestObject("Object Repository/RAD_Pages/Landing_Page/select_NewTaxReturnAmountDue_TaxType"), Taxtype, false): All options with label 'Corporate Income Tax' are selected in object 'Object Repository/RAD_Pages/Landing_Page/select_NewTaxReturnAmountDue_TaxType' 

2024-01-13 22:47:56 - [MESSAGE][PASSED] - All options with label 'Corporate Income Tax' are selected in object 'Object Repository/RAD_Pages/Landing_Page/select_NewTaxReturnAmountDue_TaxType' 

2024-01-13 22:47:56 - [TEST_STEP][PASSED] - break: null

2024-01-13 22:47:56 - [TEST_STEP][PASSED] - delay(1): Delayed 1 second(s)

2024-01-13 22:47:57 - [MESSAGE][PASSED] - Delayed 1 second(s)

2024-01-13 22:47:57 - [TEST_STEP][PASSED] - switch (Paymenttype): null

2024-01-13 22:47:57 - [TEST_STEP][PASSED] - case "New Tax Return Amount Due":: null

2024-01-13 22:47:57 - [TEST_STEP][PASSED] - if (feinSsn.equalsIgnoreCase("Y")): null

2024-01-13 22:47:57 - [TEST_STEP][PASSED] - else: Text ****** has been set on object 'Object Repository/RAD_Pages/TaxInfo_Page/input_FederalEIN_ReEnter-2'

2024-01-13 22:47:57 - [TEST_STEP][PASSED] - setEncryptedText(findTestObject(orPath_TaxInfo + "/input_FederalEIN-2"), "iGDxf8hSRT4="): Text ****** has been set on object 'Object Repository/RAD_Pages/TaxInfo_Page/input_FederalEIN-2'

2024-01-13 22:47:57 - [MESSAGE][PASSED] - Text ****** has been set on object 'Object Repository/RAD_Pages/TaxInfo_Page/input_FederalEIN-2'

2024-01-13 22:47:57 - [TEST_STEP][PASSED] - setEncryptedText(findTestObject(orPath_TaxInfo + "/input_FederalEIN_ReEnter-2"), ""): Text ****** has been set on object 'Object Repository/RAD_Pages/TaxInfo_Page/input_FederalEIN_ReEnter-2'

2024-01-13 22:47:58 - [MESSAGE][PASSED] - Text ****** has been set on object 'Object Repository/RAD_Pages/TaxInfo_Page/input_FederalEIN_ReEnter-2'

2024-01-13 22:47:58 - [TEST_STEP][PASSED] - break: null

2024-01-13 22:47:58 - [TEST_STEP][PASSED] - if (feinSsn.equalsIgnoreCase("Y")): null

2024-01-13 22:47:58 - [TEST_STEP][PASSED] - else: null

2024-01-13 22:47:58 - [TEST_STEP][PASSED] - if (verifyTextPresent("Please enter a valid FEIN with 9 digits.", true)): null

2024-01-13 22:47:58 - [MESSAGE][PASSED] - Text 'Please enter a valid FEIN with 9 digits.' is present on page  using regular expression

2024-01-13 22:47:58 - [TEST_STEP][PASSED] - println("Error Message is present on the page"): null

2024-01-13 22:47:58 - [TEST_STEP][PASSED] - out.println("Pass Record Number: " + row): null

2024-01-13 22:47:58 - [TEST_STEP][PASSED] - resText = "Pass": null

2024-01-13 22:47:58 - [TEST_STEP][PASSED] - pages.WriteExcel.demoKey(resText, datText, resColumn, datCloumn, fileLoc, nameSheet, row): pages.WriteExcel.demoKey is PASSED

2024-01-13 22:47:58 - [MESSAGE][PASSED] - pages.WriteExcel.demoKey is PASSED

2024-01-13 22:47:58 - [TEST_STEP][PASSED] - ExecuteTC = findTestData(dataFile).getValue("Execute", row): null

2024-01-13 22:47:58 - [TEST_STEP][PASSED] - Taxtype = findTestData(dataFile).getValue("TaxType", row): null

2024-01-13 22:47:58 - [TEST_STEP][PASSED] - Paymenttype = findTestData(dataFile).getValue("PaymentType", row): null

2024-01-13 22:47:58 - [TEST_STEP][PASSED] - feinSsn = findTestData(dataFile).getValue("FEINSSN", row): null

2024-01-13 22:47:58 - [TEST_STEP][PASSED] - out.println("Value of Execute is : " + ExecuteTC): null

2024-01-13 22:47:58 - [TEST_STEP][FAILED] - if (ExecuteTC.equalsIgnoreCase("Y")): null

2024-01-13 22:47:58 - [TEST_STEP][PASSED] - out.println("Begin Record Number: " + row): null

2024-01-13 22:47:58 - [TEST_STEP][PASSED] - today = new java.util.Date(): null

2024-01-13 22:47:58 - [TEST_STEP][PASSED] - println(today): null

2024-01-13 22:47:58 - [TEST_STEP][PASSED] - datText = today: null

2024-01-13 22:47:58 - [TEST_STEP][PASSED] - Taxtype = findTestData(dataFile).getValue("TaxType", row): null

2024-01-13 22:47:58 - [TEST_STEP][PASSED] - out.println("Taxtype value is : " + Taxtype): null

2024-01-13 22:47:58 - [TEST_STEP][PASSED] - openBrowser(""): Browser is opened with url: ''

2024-01-13 22:47:59 - [MESSAGE][WARNING] - A browser is already opened. Closing browser and opening a new one

2024-01-13 22:48:00 - [MESSAGE][INFO] - Starting 'Chrome' driver

2024-01-13 22:48:00 - [MESSAGE][INFO] - User set preference: ['acceptInsecureCerts', 'true']

2024-01-13 22:48:00 - [MESSAGE][INFO] - Action delay is set to 0 milliseconds

2024-01-13 22:48:01 - [MESSAGE][PASSED] - Browser is opened with url: ''

2024-01-13 22:48:01 - [TEST_STEP][PASSED] - maximizeWindow(): Current window maximized

2024-01-13 22:48:01 - [MESSAGE][PASSED] - Current window maximized

2024-01-13 22:48:01 - [TEST_STEP][PASSED] - navigateToUrl(RADurl): Navigate to 'https://qa2.velocitypayment.com/client/rad/index.html' successfully

2024-01-13 22:48:03 - [MESSAGE][PASSED] - Navigate to 'https://qa2.velocitypayment.com/client/rad/index.html' successfully

2024-01-13 22:48:03 - [TEST_STEP][PASSED] - orPath_Landing = "Object Repository/RAD_Pages/Landing_Page": null

2024-01-13 22:48:03 - [TEST_STEP][PASSED] - orPath_TaxTypeFilingYear = "Object Repository/RAD_Pages/TaxTypeFilingYear_Page": null

2024-01-13 22:48:03 - [TEST_STEP][PASSED] - orPath_TaxPayer = "Object Repository/RAD_Pages/Taxpayer_Page": null

2024-01-13 22:48:03 - [TEST_STEP][PASSED] - orPath_AddressContact = "Object Repository/RAD_Pages/AddressAndContactInfo_Page": null

2024-01-13 22:48:03 - [TEST_STEP][PASSED] - orPath_FilingStatus = "Object Repository/RAD_Pages/FilingStatus_Page": null

2024-01-13 22:48:03 - [TEST_STEP][PASSED] - orPath_Amount = "Object Repository/RAD_Pages/PaymentAmount_Page": null

2024-01-13 22:48:03 - [TEST_STEP][PASSED] - orPath_TaxInfo = "Object Repository/RAD_Pages/TaxInfo_Page": null

2024-01-13 22:48:03 - [TEST_STEP][PASSED] - orPath_Withholding = "Object Repository/RAD_Pages/Withholding_Page": null

2024-01-13 22:48:03 - [TEST_STEP][PASSED] - orPath_Summary = "Object Repository/RAD_Pages/Summary_Page": null

2024-01-13 22:48:03 - [TEST_STEP][PASSED] - orPath_PaymentReady = "Object Repository/RAD_Pages/PaymentReady_Page": null

2024-01-13 22:48:03 - [TEST_STEP][PASSED] - orPath_PaymentEntry = "Object Repository/RAD_Pages/PaymentEntry_Page": null

2024-01-13 22:48:03 - [TEST_STEP][PASSED] - orPath_PaymentConfirmation = "Object Repository/RAD_Pages/PaymentConfirmation_Page": null

2024-01-13 22:48:03 - [TEST_STEP][PASSED] - orPath_ServiceFeesAccept = "Object Repository/RAD_Pages/ServiceFeeAccept_Page": null

2024-01-13 22:48:03 - [TEST_STEP][PASSED] - selectOptionByLabel(findTestObject(orPath_Landing + "/dd_TaxType"), Paymenttype, false): All options with label 'New Tax Return Amount Due' are selected in object 'Object Repository/RAD_Pages/Landing_Page/dd_TaxType' 

2024-01-13 22:48:03 - [MESSAGE][PASSED] - All options with label 'New Tax Return Amount Due' are selected in object 'Object Repository/RAD_Pages/Landing_Page/dd_TaxType' 

2024-01-13 22:48:03 - [TEST_STEP][PASSED] - delay(1): Delayed 1 second(s)

2024-01-13 22:48:04 - [MESSAGE][PASSED] - Delayed 1 second(s)

2024-01-13 22:48:04 - [TEST_STEP][PASSED] - switch (Paymenttype): null

2024-01-13 22:48:04 - [TEST_STEP][PASSED] - case "New Tax Return Amount Due":: null

2024-01-13 22:48:04 - [TEST_STEP][PASSED] - selectOptionByLabel(findTestObject("Object Repository/RAD_Pages/Landing_Page/select_NewTaxReturnAmountDue_TaxType"), Taxtype, false): All options with label 'Estate Tax' are selected in object 'Object Repository/RAD_Pages/Landing_Page/select_NewTaxReturnAmountDue_TaxType' 

2024-01-13 22:48:05 - [MESSAGE][PASSED] - All options with label 'Estate Tax' are selected in object 'Object Repository/RAD_Pages/Landing_Page/select_NewTaxReturnAmountDue_TaxType' 

2024-01-13 22:48:05 - [TEST_STEP][PASSED] - break: null

2024-01-13 22:48:05 - [TEST_STEP][PASSED] - delay(1): Delayed 1 second(s)

2024-01-13 22:48:06 - [MESSAGE][PASSED] - Delayed 1 second(s)

2024-01-13 22:48:06 - [TEST_STEP][FAILED] - switch (Paymenttype): null

2024-01-13 22:48:06 - [TEST_STEP][FAILED] - case "New Tax Return Amount Due":: null

2024-01-13 22:48:06 - [TEST_STEP][PASSED] - if (feinSsn.equalsIgnoreCase("Y")): null

2024-01-13 22:48:06 - [TEST_STEP][FAILED] - else: null

2024-01-13 22:48:06 - [TEST_STEP][FAILED] - setEncryptedText(findTestObject(orPath_TaxInfo + "/input_FederalEIN-2"), "iGDxf8hSRT4="): Unable to set encrypted text for object 'Object Repository/RAD_Pages/TaxInfo_Page/input_FederalEIN-2' (Root cause: com.kms.katalon.core.exception.StepFailedException: Unable to set encrypted text for object 'Object Repository/RAD_Pages/TaxInfo_Page/input_FederalEIN-2'
	at com.kms.katalon.core.webui.keyword.internal.WebUIKeywordMain.stepFailed(WebUIKeywordMain.groovy:64)
	at com.kms.katalon.core.webui.keyword.internal.WebUIKeywordMain.runKeyword(WebUIKeywordMain.groovy:26)
	at com.kms.katalon.core.webui.keyword.builtin.SetEncryptedTextKeyword.setEncryptedText(SetEncryptedTextKeyword.groovy:65)
	at com.kms.katalon.core.webui.keyword.builtin.SetEncryptedTextKeyword.execute(SetEncryptedTextKeyword.groovy:34)
	at com.kms.katalon.core.keyword.internal.KeywordExecutor.executeKeywordForPlatform(KeywordExecutor.groovy:74)
	at com.kms.katalon.core.webui.keyword.WebUiBuiltInKeywords.setEncryptedText(WebUiBuiltInKeywords.groovy:1011)
	at com.kms.katalon.core.webui.keyword.WebUiBuiltInKeywords$setEncryptedText$4.call(Unknown Source)
	at FEINandFEINSSNlessThan9Error.run(FEINandFEINSSNlessThan9Error:184)
	at com.kms.katalon.core.main.ScriptEngine.run(ScriptEngine.java:194)
	at com.kms.katalon.core.main.ScriptEngine.runScriptAsRawText(ScriptEngine.java:119)
	at com.kms.katalon.core.main.TestCaseExecutor.runScript(TestCaseExecutor.java:448)
	at com.kms.katalon.core.main.TestCaseExecutor.doExecute(TestCaseExecutor.java:439)
	at com.kms.katalon.core.main.TestCaseExecutor.processExecutionPhase(TestCaseExecutor.java:418)
	at com.kms.katalon.core.main.TestCaseExecutor.accessMainPhase(TestCaseExecutor.java:410)
	at com.kms.katalon.core.main.TestCaseExecutor.execute(TestCaseExecutor.java:285)
	at com.kms.katalon.core.common.CommonExecutor.accessTestCaseMainPhase(CommonExecutor.java:65)
	at com.kms.katalon.core.main.TestSuiteExecutor.accessTestSuiteMainPhase(TestSuiteExecutor.java:148)
	at com.kms.katalon.core.main.TestSuiteExecutor.execute(TestSuiteExecutor.java:106)
	at com.kms.katalon.core.main.TestCaseMain.startTestSuite(TestCaseMain.java:187)
	at com.kms.katalon.core.main.TestCaseMain$startTestSuite$0.call(Unknown Source)
	at TempTestSuite1705202981112.run(TempTestSuite1705202981112.groovy:36)
Caused by: org.openqa.selenium.ElementNotInteractableException: element not interactable
  (Session info: chrome=120.0.6099.200)
Build info: version: '3.141.59', revision: 'e82be7d358', time: '2018-11-14T08:25:53'
System info: host: 'DESKTOP-B2QI6NS', ip: '172.31.253.139', os.name: 'Windows 10', os.arch: 'amd64', os.version: '10.0', java.version: '1.8.0_181'
Driver info: com.kms.katalon.selenium.driver.CChromeDriver
Capabilities {acceptInsecureCerts: true, browserName: chrome, browserVersion: 120.0.6099.200, chrome: {chromedriverVersion: 119.0.6045.105 (38c72552c5e..., userDataDir: C:\Users\imtiaz\AppData\Loc...}, fedcm:accounts: true, goog:chromeOptions: {debuggerAddress: localhost:63342}, javascriptEnabled: true, networkConnectionEnabled: false, pageLoadStrategy: normal, platform: WINDOWS, platformName: WINDOWS, proxy: Proxy(), setWindowRect: true, strictFileInteractability: false, timeouts: {implicit: 0, pageLoad: 300000, script: 30000}, unhandledPromptBehavior: dismiss and notify, webauthn:extension:credBlob: true, webauthn:extension:largeBlob: true, webauthn:extension:minPinLength: true, webauthn:extension:prf: true, webauthn:virtualAuthenticators: true}
Session ID: e1f41b36270a8adc56ba9f7c47882b60
	at org.openqa.selenium.remote.http.W3CHttpResponseCodec.createException(W3CHttpResponseCodec.java:187)
	at org.openqa.selenium.remote.http.W3CHttpResponseCodec.decode(W3CHttpResponseCodec.java:122)
	at org.openqa.selenium.remote.http.W3CHttpResponseCodec.decode(W3CHttpResponseCodec.java:49)
	at org.openqa.selenium.remote.HttpCommandExecutor.execute(HttpCommandExecutor.java:158)
	at org.openqa.selenium.remote.service.DriverCommandExecutor.execute(DriverCommandExecutor.java:83)
	at org.openqa.selenium.remote.RemoteWebDriver.execute(RemoteWebDriver.java:552)
	at com.kms.katalon.selenium.driver.CChromeDriver.execute(CChromeDriver.java:19)
	at org.openqa.selenium.remote.RemoteWebElement.execute(RemoteWebElement.java:285)
	at org.openqa.selenium.remote.RemoteWebElement.clear(RemoteWebElement.java:124)
	at org.openqa.selenium.support.events.EventFiringWebDriver$EventFiringWebElement.lambda$new$0(EventFiringWebDriver.java:404)
	at com.sun.proxy.$Proxy11.clear(Unknown Source)
	at org.openqa.selenium.support.events.EventFiringWebDriver$EventFiringWebElement.clear(EventFiringWebDriver.java:436)
	at com.kms.katalon.core.webui.keyword.builtin.SetEncryptedTextKeyword$_setEncryptedText_closure1.doCall(SetEncryptedTextKeyword.groovy:54)
	at com.kms.katalon.core.webui.keyword.builtin.SetEncryptedTextKeyword$_setEncryptedText_closure1.call(SetEncryptedTextKeyword.groovy)
	at com.kms.katalon.core.webui.keyword.internal.WebUIKeywordMain.runKeyword(WebUIKeywordMain.groovy:20)
	at com.kms.katalon.core.webui.keyword.builtin.SetEncryptedTextKeyword.setEncryptedText(SetEncryptedTextKeyword.groovy:65)
	at com.kms.katalon.core.webui.keyword.builtin.SetEncryptedTextKeyword.execute(SetEncryptedTextKeyword.groovy:34)
	at com.kms.katalon.core.keyword.internal.KeywordExecutor.executeKeywordForPlatform(KeywordExecutor.groovy:74)
	at com.kms.katalon.core.webui.keyword.WebUiBuiltInKeywords.setEncryptedText(WebUiBuiltInKeywords.groovy:1011)
	at com.kms.katalon.core.webui.keyword.WebUiBuiltInKeywords$setEncryptedText$4.call(Unknown Source)
	at Script1696014034709.run(Script1696014034709.groovy:184)
	... 13 more
)

2024-01-13 22:48:07 - [MESSAGE][FAILED] - Unable to set encrypted text for object 'Object Repository/RAD_Pages/TaxInfo_Page/input_FederalEIN-2' (Root cause: com.kms.katalon.core.exception.StepFailedException: Unable to set encrypted text for object 'Object Repository/RAD_Pages/TaxInfo_Page/input_FederalEIN-2'
	at com.kms.katalon.core.webui.keyword.internal.WebUIKeywordMain.stepFailed(WebUIKeywordMain.groovy:64)
	at com.kms.katalon.core.webui.keyword.internal.WebUIKeywordMain.runKeyword(WebUIKeywordMain.groovy:26)
	at com.kms.katalon.core.webui.keyword.builtin.SetEncryptedTextKeyword.setEncryptedText(SetEncryptedTextKeyword.groovy:65)
	at com.kms.katalon.core.webui.keyword.builtin.SetEncryptedTextKeyword.execute(SetEncryptedTextKeyword.groovy:34)
	at com.kms.katalon.core.keyword.internal.KeywordExecutor.executeKeywordForPlatform(KeywordExecutor.groovy:74)
	at com.kms.katalon.core.webui.keyword.WebUiBuiltInKeywords.setEncryptedText(WebUiBuiltInKeywords.groovy:1011)
	at com.kms.katalon.core.webui.keyword.WebUiBuiltInKeywords$setEncryptedText$4.call(Unknown Source)
	at FEINandFEINSSNlessThan9Error.run(FEINandFEINSSNlessThan9Error:184)
	at com.kms.katalon.core.main.ScriptEngine.run(ScriptEngine.java:194)
	at com.kms.katalon.core.main.ScriptEngine.runScriptAsRawText(ScriptEngine.java:119)
	at com.kms.katalon.core.main.TestCaseExecutor.runScript(TestCaseExecutor.java:448)
	at com.kms.katalon.core.main.TestCaseExecutor.doExecute(TestCaseExecutor.java:439)
	at com.kms.katalon.core.main.TestCaseExecutor.processExecutionPhase(TestCaseExecutor.java:418)
	at com.kms.katalon.core.main.TestCaseExecutor.accessMainPhase(TestCaseExecutor.java:410)
	at com.kms.katalon.core.main.TestCaseExecutor.execute(TestCaseExecutor.java:285)
	at com.kms.katalon.core.common.CommonExecutor.accessTestCaseMainPhase(CommonExecutor.java:65)
	at com.kms.katalon.core.main.TestSuiteExecutor.accessTestSuiteMainPhase(TestSuiteExecutor.java:148)
	at com.kms.katalon.core.main.TestSuiteExecutor.execute(TestSuiteExecutor.java:106)
	at com.kms.katalon.core.main.TestCaseMain.startTestSuite(TestCaseMain.java:187)
	at com.kms.katalon.core.main.TestCaseMain$startTestSuite$0.call(Unknown Source)
	at TempTestSuite1705202981112.run(TempTestSuite1705202981112.groovy:36)
Caused by: org.openqa.selenium.ElementNotInteractableException: element not interactable
  (Session info: chrome=120.0.6099.200)
Build info: version: '3.141.59', revision: 'e82be7d358', time: '2018-11-14T08:25:53'
System info: host: 'DESKTOP-B2QI6NS', ip: '172.31.253.139', os.name: 'Windows 10', os.arch: 'amd64', os.version: '10.0', java.version: '1.8.0_181'
Driver info: com.kms.katalon.selenium.driver.CChromeDriver
Capabilities {acceptInsecureCerts: true, browserName: chrome, browserVersion: 120.0.6099.200, chrome: {chromedriverVersion: 119.0.6045.105 (38c72552c5e..., userDataDir: C:\Users\imtiaz\AppData\Loc...}, fedcm:accounts: true, goog:chromeOptions: {debuggerAddress: localhost:63342}, javascriptEnabled: true, networkConnectionEnabled: false, pageLoadStrategy: normal, platform: WINDOWS, platformName: WINDOWS, proxy: Proxy(), setWindowRect: true, strictFileInteractability: false, timeouts: {implicit: 0, pageLoad: 300000, script: 30000}, unhandledPromptBehavior: dismiss and notify, webauthn:extension:credBlob: true, webauthn:extension:largeBlob: true, webauthn:extension:minPinLength: true, webauthn:extension:prf: true, webauthn:virtualAuthenticators: true}
Session ID: e1f41b36270a8adc56ba9f7c47882b60
	at org.openqa.selenium.remote.http.W3CHttpResponseCodec.createException(W3CHttpResponseCodec.java:187)
	at org.openqa.selenium.remote.http.W3CHttpResponseCodec.decode(W3CHttpResponseCodec.java:122)
	at org.openqa.selenium.remote.http.W3CHttpResponseCodec.decode(W3CHttpResponseCodec.java:49)
	at org.openqa.selenium.remote.HttpCommandExecutor.execute(HttpCommandExecutor.java:158)
	at org.openqa.selenium.remote.service.DriverCommandExecutor.execute(DriverCommandExecutor.java:83)
	at org.openqa.selenium.remote.RemoteWebDriver.execute(RemoteWebDriver.java:552)
	at com.kms.katalon.selenium.driver.CChromeDriver.execute(CChromeDriver.java:19)
	at org.openqa.selenium.remote.RemoteWebElement.execute(RemoteWebElement.java:285)
	at org.openqa.selenium.remote.RemoteWebElement.clear(RemoteWebElement.java:124)
	at org.openqa.selenium.support.events.EventFiringWebDriver$EventFiringWebElement.lambda$new$0(EventFiringWebDriver.java:404)
	at com.sun.proxy.$Proxy11.clear(Unknown Source)
	at org.openqa.selenium.support.events.EventFiringWebDriver$EventFiringWebElement.clear(EventFiringWebDriver.java:436)
	at com.kms.katalon.core.webui.keyword.builtin.SetEncryptedTextKeyword$_setEncryptedText_closure1.doCall(SetEncryptedTextKeyword.groovy:54)
	at com.kms.katalon.core.webui.keyword.builtin.SetEncryptedTextKeyword$_setEncryptedText_closure1.call(SetEncryptedTextKeyword.groovy)
	at com.kms.katalon.core.webui.keyword.internal.WebUIKeywordMain.runKeyword(WebUIKeywordMain.groovy:20)
	at com.kms.katalon.core.webui.keyword.builtin.SetEncryptedTextKeyword.setEncryptedText(SetEncryptedTextKeyword.groovy:65)
	at com.kms.katalon.core.webui.keyword.builtin.SetEncryptedTextKeyword.execute(SetEncryptedTextKeyword.groovy:34)
	at com.kms.katalon.core.keyword.internal.KeywordExecutor.executeKeywordForPlatform(KeywordExecutor.groovy:74)
	at com.kms.katalon.core.webui.keyword.WebUiBuiltInKeywords.setEncryptedText(WebUiBuiltInKeywords.groovy:1011)
	at com.kms.katalon.core.webui.keyword.WebUiBuiltInKeywords$setEncryptedText$4.call(Unknown Source)
	at Script1696014034709.run(Script1696014034709.groovy:184)
	... 13 more
)
[[ATTACHMENT|E:\\Cloned-Project-Katalon\\VPS-Katalon\\Reports\\20240113_222941\\RAD_TestSuite\\RAD_UI_TestSuite\\20240113_222941\\1705204086857.png]]

2024-01-13 22:48:07 - [TEST_STEP][FAILED] - setEncryptedText(findTestObject(orPath_TaxInfo + "/input_FederalEIN_ReEnter-2"), ""): Unable to set encrypted text for object 'Object Repository/RAD_Pages/TaxInfo_Page/input_FederalEIN_ReEnter-2' (Root cause: com.kms.katalon.core.exception.StepFailedException: Unable to set encrypted text for object 'Object Repository/RAD_Pages/TaxInfo_Page/input_FederalEIN_ReEnter-2'
	at com.kms.katalon.core.webui.keyword.internal.WebUIKeywordMain.stepFailed(WebUIKeywordMain.groovy:64)
	at com.kms.katalon.core.webui.keyword.internal.WebUIKeywordMain.runKeyword(WebUIKeywordMain.groovy:26)
	at com.kms.katalon.core.webui.keyword.builtin.SetEncryptedTextKeyword.setEncryptedText(SetEncryptedTextKeyword.groovy:65)
	at com.kms.katalon.core.webui.keyword.builtin.SetEncryptedTextKeyword.execute(SetEncryptedTextKeyword.groovy:34)
	at com.kms.katalon.core.keyword.internal.KeywordExecutor.executeKeywordForPlatform(KeywordExecutor.groovy:74)
	at com.kms.katalon.core.webui.keyword.WebUiBuiltInKeywords.setEncryptedText(WebUiBuiltInKeywords.groovy:1011)
	at com.kms.katalon.core.webui.keyword.WebUiBuiltInKeywords$setEncryptedText$4.call(Unknown Source)
	at FEINandFEINSSNlessThan9Error.run(FEINandFEINSSNlessThan9Error:185)
	at com.kms.katalon.core.main.ScriptEngine.run(ScriptEngine.java:194)
	at com.kms.katalon.core.main.ScriptEngine.runScriptAsRawText(ScriptEngine.java:119)
	at com.kms.katalon.core.main.TestCaseExecutor.runScript(TestCaseExecutor.java:448)
	at com.kms.katalon.core.main.TestCaseExecutor.doExecute(TestCaseExecutor.java:439)
	at com.kms.katalon.core.main.TestCaseExecutor.processExecutionPhase(TestCaseExecutor.java:418)
	at com.kms.katalon.core.main.TestCaseExecutor.accessMainPhase(TestCaseExecutor.java:410)
	at com.kms.katalon.core.main.TestCaseExecutor.execute(TestCaseExecutor.java:285)
	at com.kms.katalon.core.common.CommonExecutor.accessTestCaseMainPhase(CommonExecutor.java:65)
	at com.kms.katalon.core.main.TestSuiteExecutor.accessTestSuiteMainPhase(TestSuiteExecutor.java:148)
	at com.kms.katalon.core.main.TestSuiteExecutor.execute(TestSuiteExecutor.java:106)
	at com.kms.katalon.core.main.TestCaseMain.startTestSuite(TestCaseMain.java:187)
	at com.kms.katalon.core.main.TestCaseMain$startTestSuite$0.call(Unknown Source)
	at TempTestSuite1705202981112.run(TempTestSuite1705202981112.groovy:36)
Caused by: org.openqa.selenium.ElementNotInteractableException: element not interactable
  (Session info: chrome=120.0.6099.200)
Build info: version: '3.141.59', revision: 'e82be7d358', time: '2018-11-14T08:25:53'
System info: host: 'DESKTOP-B2QI6NS', ip: '172.31.253.139', os.name: 'Windows 10', os.arch: 'amd64', os.version: '10.0', java.version: '1.8.0_181'
Driver info: com.kms.katalon.selenium.driver.CChromeDriver
Capabilities {acceptInsecureCerts: true, browserName: chrome, browserVersion: 120.0.6099.200, chrome: {chromedriverVersion: 119.0.6045.105 (38c72552c5e..., userDataDir: C:\Users\imtiaz\AppData\Loc...}, fedcm:accounts: true, goog:chromeOptions: {debuggerAddress: localhost:63342}, javascriptEnabled: true, networkConnectionEnabled: false, pageLoadStrategy: normal, platform: WINDOWS, platformName: WINDOWS, proxy: Proxy(), setWindowRect: true, strictFileInteractability: false, timeouts: {implicit: 0, pageLoad: 300000, script: 30000}, unhandledPromptBehavior: dismiss and notify, webauthn:extension:credBlob: true, webauthn:extension:largeBlob: true, webauthn:extension:minPinLength: true, webauthn:extension:prf: true, webauthn:virtualAuthenticators: true}
Session ID: e1f41b36270a8adc56ba9f7c47882b60
	at org.openqa.selenium.remote.http.W3CHttpResponseCodec.createException(W3CHttpResponseCodec.java:187)
	at org.openqa.selenium.remote.http.W3CHttpResponseCodec.decode(W3CHttpResponseCodec.java:122)
	at org.openqa.selenium.remote.http.W3CHttpResponseCodec.decode(W3CHttpResponseCodec.java:49)
	at org.openqa.selenium.remote.HttpCommandExecutor.execute(HttpCommandExecutor.java:158)
	at org.openqa.selenium.remote.service.DriverCommandExecutor.execute(DriverCommandExecutor.java:83)
	at org.openqa.selenium.remote.RemoteWebDriver.execute(RemoteWebDriver.java:552)
	at com.kms.katalon.selenium.driver.CChromeDriver.execute(CChromeDriver.java:19)
	at org.openqa.selenium.remote.RemoteWebElement.execute(RemoteWebElement.java:285)
	at org.openqa.selenium.remote.RemoteWebElement.clear(RemoteWebElement.java:124)
	at org.openqa.selenium.support.events.EventFiringWebDriver$EventFiringWebElement.lambda$new$0(EventFiringWebDriver.java:404)
	at com.sun.proxy.$Proxy11.clear(Unknown Source)
	at org.openqa.selenium.support.events.EventFiringWebDriver$EventFiringWebElement.clear(EventFiringWebDriver.java:436)
	at com.kms.katalon.core.webui.keyword.builtin.SetEncryptedTextKeyword$_setEncryptedText_closure1.doCall(SetEncryptedTextKeyword.groovy:54)
	at com.kms.katalon.core.webui.keyword.builtin.SetEncryptedTextKeyword$_setEncryptedText_closure1.call(SetEncryptedTextKeyword.groovy)
	at com.kms.katalon.core.webui.keyword.internal.WebUIKeywordMain.runKeyword(WebUIKeywordMain.groovy:20)
	at com.kms.katalon.core.webui.keyword.builtin.SetEncryptedTextKeyword.setEncryptedText(SetEncryptedTextKeyword.groovy:65)
	at com.kms.katalon.core.webui.keyword.builtin.SetEncryptedTextKeyword.execute(SetEncryptedTextKeyword.groovy:34)
	at com.kms.katalon.core.keyword.internal.KeywordExecutor.executeKeywordForPlatform(KeywordExecutor.groovy:74)
	at com.kms.katalon.core.webui.keyword.WebUiBuiltInKeywords.setEncryptedText(WebUiBuiltInKeywords.groovy:1011)
	at com.kms.katalon.core.webui.keyword.WebUiBuiltInKeywords$setEncryptedText$4.call(Unknown Source)
	at Script1696014034709.run(Script1696014034709.groovy:185)
	... 13 more
)

2024-01-13 22:48:07 - [MESSAGE][FAILED] - Unable to set encrypted text for object 'Object Repository/RAD_Pages/TaxInfo_Page/input_FederalEIN_ReEnter-2' (Root cause: com.kms.katalon.core.exception.StepFailedException: Unable to set encrypted text for object 'Object Repository/RAD_Pages/TaxInfo_Page/input_FederalEIN_ReEnter-2'
	at com.kms.katalon.core.webui.keyword.internal.WebUIKeywordMain.stepFailed(WebUIKeywordMain.groovy:64)
	at com.kms.katalon.core.webui.keyword.internal.WebUIKeywordMain.runKeyword(WebUIKeywordMain.groovy:26)
	at com.kms.katalon.core.webui.keyword.builtin.SetEncryptedTextKeyword.setEncryptedText(SetEncryptedTextKeyword.groovy:65)
	at com.kms.katalon.core.webui.keyword.builtin.SetEncryptedTextKeyword.execute(SetEncryptedTextKeyword.groovy:34)
	at com.kms.katalon.core.keyword.internal.KeywordExecutor.executeKeywordForPlatform(KeywordExecutor.groovy:74)
	at com.kms.katalon.core.webui.keyword.WebUiBuiltInKeywords.setEncryptedText(WebUiBuiltInKeywords.groovy:1011)
	at com.kms.katalon.core.webui.keyword.WebUiBuiltInKeywords$setEncryptedText$4.call(Unknown Source)
	at FEINandFEINSSNlessThan9Error.run(FEINandFEINSSNlessThan9Error:185)
	at com.kms.katalon.core.main.ScriptEngine.run(ScriptEngine.java:194)
	at com.kms.katalon.core.main.ScriptEngine.runScriptAsRawText(ScriptEngine.java:119)
	at com.kms.katalon.core.main.TestCaseExecutor.runScript(TestCaseExecutor.java:448)
	at com.kms.katalon.core.main.TestCaseExecutor.doExecute(TestCaseExecutor.java:439)
	at com.kms.katalon.core.main.TestCaseExecutor.processExecutionPhase(TestCaseExecutor.java:418)
	at com.kms.katalon.core.main.TestCaseExecutor.accessMainPhase(TestCaseExecutor.java:410)
	at com.kms.katalon.core.main.TestCaseExecutor.execute(TestCaseExecutor.java:285)
	at com.kms.katalon.core.common.CommonExecutor.accessTestCaseMainPhase(CommonExecutor.java:65)
	at com.kms.katalon.core.main.TestSuiteExecutor.accessTestSuiteMainPhase(TestSuiteExecutor.java:148)
	at com.kms.katalon.core.main.TestSuiteExecutor.execute(TestSuiteExecutor.java:106)
	at com.kms.katalon.core.main.TestCaseMain.startTestSuite(TestCaseMain.java:187)
	at com.kms.katalon.core.main.TestCaseMain$startTestSuite$0.call(Unknown Source)
	at TempTestSuite1705202981112.run(TempTestSuite1705202981112.groovy:36)
Caused by: org.openqa.selenium.ElementNotInteractableException: element not interactable
  (Session info: chrome=120.0.6099.200)
Build info: version: '3.141.59', revision: 'e82be7d358', time: '2018-11-14T08:25:53'
System info: host: 'DESKTOP-B2QI6NS', ip: '172.31.253.139', os.name: 'Windows 10', os.arch: 'amd64', os.version: '10.0', java.version: '1.8.0_181'
Driver info: com.kms.katalon.selenium.driver.CChromeDriver
Capabilities {acceptInsecureCerts: true, browserName: chrome, browserVersion: 120.0.6099.200, chrome: {chromedriverVersion: 119.0.6045.105 (38c72552c5e..., userDataDir: C:\Users\imtiaz\AppData\Loc...}, fedcm:accounts: true, goog:chromeOptions: {debuggerAddress: localhost:63342}, javascriptEnabled: true, networkConnectionEnabled: false, pageLoadStrategy: normal, platform: WINDOWS, platformName: WINDOWS, proxy: Proxy(), setWindowRect: true, strictFileInteractability: false, timeouts: {implicit: 0, pageLoad: 300000, script: 30000}, unhandledPromptBehavior: dismiss and notify, webauthn:extension:credBlob: true, webauthn:extension:largeBlob: true, webauthn:extension:minPinLength: true, webauthn:extension:prf: true, webauthn:virtualAuthenticators: true}
Session ID: e1f41b36270a8adc56ba9f7c47882b60
	at org.openqa.selenium.remote.http.W3CHttpResponseCodec.createException(W3CHttpResponseCodec.java:187)
	at org.openqa.selenium.remote.http.W3CHttpResponseCodec.decode(W3CHttpResponseCodec.java:122)
	at org.openqa.selenium.remote.http.W3CHttpResponseCodec.decode(W3CHttpResponseCodec.java:49)
	at org.openqa.selenium.remote.HttpCommandExecutor.execute(HttpCommandExecutor.java:158)
	at org.openqa.selenium.remote.service.DriverCommandExecutor.execute(DriverCommandExecutor.java:83)
	at org.openqa.selenium.remote.RemoteWebDriver.execute(RemoteWebDriver.java:552)
	at com.kms.katalon.selenium.driver.CChromeDriver.execute(CChromeDriver.java:19)
	at org.openqa.selenium.remote.RemoteWebElement.execute(RemoteWebElement.java:285)
	at org.openqa.selenium.remote.RemoteWebElement.clear(RemoteWebElement.java:124)
	at org.openqa.selenium.support.events.EventFiringWebDriver$EventFiringWebElement.lambda$new$0(EventFiringWebDriver.java:404)
	at com.sun.proxy.$Proxy11.clear(Unknown Source)
	at org.openqa.selenium.support.events.EventFiringWebDriver$EventFiringWebElement.clear(EventFiringWebDriver.java:436)
	at com.kms.katalon.core.webui.keyword.builtin.SetEncryptedTextKeyword$_setEncryptedText_closure1.doCall(SetEncryptedTextKeyword.groovy:54)
	at com.kms.katalon.core.webui.keyword.builtin.SetEncryptedTextKeyword$_setEncryptedText_closure1.call(SetEncryptedTextKeyword.groovy)
	at com.kms.katalon.core.webui.keyword.internal.WebUIKeywordMain.runKeyword(WebUIKeywordMain.groovy:20)
	at com.kms.katalon.core.webui.keyword.builtin.SetEncryptedTextKeyword.setEncryptedText(SetEncryptedTextKeyword.groovy:65)
	at com.kms.katalon.core.webui.keyword.builtin.SetEncryptedTextKeyword.execute(SetEncryptedTextKeyword.groovy:34)
	at com.kms.katalon.core.keyword.internal.KeywordExecutor.executeKeywordForPlatform(KeywordExecutor.groovy:74)
	at com.kms.katalon.core.webui.keyword.WebUiBuiltInKeywords.setEncryptedText(WebUiBuiltInKeywords.groovy:1011)
	at com.kms.katalon.core.webui.keyword.WebUiBuiltInKeywords$setEncryptedText$4.call(Unknown Source)
	at Script1696014034709.run(Script1696014034709.groovy:185)
	... 13 more
)
[[ATTACHMENT|E:\\Cloned-Project-Katalon\\VPS-Katalon\\Reports\\20240113_222941\\RAD_TestSuite\\RAD_UI_TestSuite\\20240113_222941\\1705204087532.png]]

2024-01-13 22:48:07 - [TEST_STEP][PASSED] - break: null

2024-01-13 22:48:07 - [TEST_STEP][PASSED] - if (feinSsn.equalsIgnoreCase("Y")): null

2024-01-13 22:48:07 - [TEST_STEP][FAILED] - else: null

2024-01-13 22:48:07 - [TEST_STEP][FAILED] - if (verifyTextPresent("Please enter a valid FEIN with 9 digits.", true)): Text 'Please enter a valid FEIN with 9 digits.' is not present on page  using regular expression (Root cause: com.kms.katalon.core.exception.StepFailedException: Text 'Please enter a valid FEIN with 9 digits.' is not present on page  using regular expression
	at com.kms.katalon.core.webui.keyword.internal.WebUIKeywordMain.stepFailed(WebUIKeywordMain.groovy:64)
	at com.kms.katalon.core.webui.keyword.builtin.VerifyTextPresentKeyword$_verifyTextPresent_closure1.doCall(VerifyTextPresentKeyword.groovy:79)
	at com.kms.katalon.core.webui.keyword.builtin.VerifyTextPresentKeyword$_verifyTextPresent_closure1.call(VerifyTextPresentKeyword.groovy)
	at com.kms.katalon.core.webui.keyword.internal.WebUIKeywordMain.runKeyword(WebUIKeywordMain.groovy:20)
	at com.kms.katalon.core.webui.keyword.builtin.VerifyTextPresentKeyword.verifyTextPresent(VerifyTextPresentKeyword.groovy:83)
	at com.kms.katalon.core.webui.keyword.builtin.VerifyTextPresentKeyword.execute(VerifyTextPresentKeyword.groovy:68)
	at com.kms.katalon.core.keyword.internal.KeywordExecutor.executeKeywordForPlatform(KeywordExecutor.groovy:74)
	at com.kms.katalon.core.webui.keyword.WebUiBuiltInKeywords.verifyTextPresent(WebUiBuiltInKeywords.groovy:1723)
	at com.kms.katalon.core.webui.keyword.WebUiBuiltInKeywords$verifyTextPresent$6.call(Unknown Source)
	at FEINandFEINSSNlessThan9Error.run(FEINandFEINSSNlessThan9Error:217)
	at com.kms.katalon.core.main.ScriptEngine.run(ScriptEngine.java:194)
	at com.kms.katalon.core.main.ScriptEngine.runScriptAsRawText(ScriptEngine.java:119)
	at com.kms.katalon.core.main.TestCaseExecutor.runScript(TestCaseExecutor.java:448)
	at com.kms.katalon.core.main.TestCaseExecutor.doExecute(TestCaseExecutor.java:439)
	at com.kms.katalon.core.main.TestCaseExecutor.processExecutionPhase(TestCaseExecutor.java:418)
	at com.kms.katalon.core.main.TestCaseExecutor.accessMainPhase(TestCaseExecutor.java:410)
	at com.kms.katalon.core.main.TestCaseExecutor.execute(TestCaseExecutor.java:285)
	at com.kms.katalon.core.common.CommonExecutor.accessTestCaseMainPhase(CommonExecutor.java:65)
	at com.kms.katalon.core.main.TestSuiteExecutor.accessTestSuiteMainPhase(TestSuiteExecutor.java:148)
	at com.kms.katalon.core.main.TestSuiteExecutor.execute(TestSuiteExecutor.java:106)
	at com.kms.katalon.core.main.TestCaseMain.startTestSuite(TestCaseMain.java:187)
	at com.kms.katalon.core.main.TestCaseMain$startTestSuite$0.call(Unknown Source)
	at TempTestSuite1705202981112.run(TempTestSuite1705202981112.groovy:36)
)

2024-01-13 22:48:08 - [MESSAGE][FAILED] - Text 'Please enter a valid FEIN with 9 digits.' is not present on page  using regular expression (Root cause: com.kms.katalon.core.exception.StepFailedException: Text 'Please enter a valid FEIN with 9 digits.' is not present on page  using regular expression
	at com.kms.katalon.core.webui.keyword.internal.WebUIKeywordMain.stepFailed(WebUIKeywordMain.groovy:64)
	at com.kms.katalon.core.webui.keyword.builtin.VerifyTextPresentKeyword$_verifyTextPresent_closure1.doCall(VerifyTextPresentKeyword.groovy:79)
	at com.kms.katalon.core.webui.keyword.builtin.VerifyTextPresentKeyword$_verifyTextPresent_closure1.call(VerifyTextPresentKeyword.groovy)
	at com.kms.katalon.core.webui.keyword.internal.WebUIKeywordMain.runKeyword(WebUIKeywordMain.groovy:20)
	at com.kms.katalon.core.webui.keyword.builtin.VerifyTextPresentKeyword.verifyTextPresent(VerifyTextPresentKeyword.groovy:83)
	at com.kms.katalon.core.webui.keyword.builtin.VerifyTextPresentKeyword.execute(VerifyTextPresentKeyword.groovy:68)
	at com.kms.katalon.core.keyword.internal.KeywordExecutor.executeKeywordForPlatform(KeywordExecutor.groovy:74)
	at com.kms.katalon.core.webui.keyword.WebUiBuiltInKeywords.verifyTextPresent(WebUiBuiltInKeywords.groovy:1723)
	at com.kms.katalon.core.webui.keyword.WebUiBuiltInKeywords$verifyTextPresent$6.call(Unknown Source)
	at FEINandFEINSSNlessThan9Error.run(FEINandFEINSSNlessThan9Error:217)
	at com.kms.katalon.core.main.ScriptEngine.run(ScriptEngine.java:194)
	at com.kms.katalon.core.main.ScriptEngine.runScriptAsRawText(ScriptEngine.java:119)
	at com.kms.katalon.core.main.TestCaseExecutor.runScript(TestCaseExecutor.java:448)
	at com.kms.katalon.core.main.TestCaseExecutor.doExecute(TestCaseExecutor.java:439)
	at com.kms.katalon.core.main.TestCaseExecutor.processExecutionPhase(TestCaseExecutor.java:418)
	at com.kms.katalon.core.main.TestCaseExecutor.accessMainPhase(TestCaseExecutor.java:410)
	at com.kms.katalon.core.main.TestCaseExecutor.execute(TestCaseExecutor.java:285)
	at com.kms.katalon.core.common.CommonExecutor.accessTestCaseMainPhase(CommonExecutor.java:65)
	at com.kms.katalon.core.main.TestSuiteExecutor.accessTestSuiteMainPhase(TestSuiteExecutor.java:148)
	at com.kms.katalon.core.main.TestSuiteExecutor.execute(TestSuiteExecutor.java:106)
	at com.kms.katalon.core.main.TestCaseMain.startTestSuite(TestCaseMain.java:187)
	at com.kms.katalon.core.main.TestCaseMain$startTestSuite$0.call(Unknown Source)
	at TempTestSuite1705202981112.run(TempTestSuite1705202981112.groovy:36)
)

2024-01-13 22:48:08 - [TEST_STEP][PASSED] - else: pages.WriteExcel.demoKey is PASSED

2024-01-13 22:48:08 - [TEST_STEP][PASSED] - println("Error Message is NOT present on the page"): null

2024-01-13 22:48:08 - [TEST_STEP][PASSED] - out.println("Fail Record Number: " + row): null

2024-01-13 22:48:08 - [TEST_STEP][PASSED] - resText = "Fail": null

2024-01-13 22:48:08 - [TEST_STEP][PASSED] - pages.WriteExcel.demoKey(resText, datText, resColumn, datCloumn, fileLoc, nameSheet, row): pages.WriteExcel.demoKey is PASSED

2024-01-13 22:48:08 - [MESSAGE][PASSED] - pages.WriteExcel.demoKey is PASSED

2024-01-13 22:48:08 - [TEST_STEP][PASSED] - ExecuteTC = findTestData(dataFile).getValue("Execute", row): null

2024-01-13 22:48:08 - [TEST_STEP][PASSED] - Taxtype = findTestData(dataFile).getValue("TaxType", row): null

2024-01-13 22:48:08 - [TEST_STEP][PASSED] - Paymenttype = findTestData(dataFile).getValue("PaymentType", row): null

2024-01-13 22:48:08 - [TEST_STEP][PASSED] - feinSsn = findTestData(dataFile).getValue("FEINSSN", row): null

2024-01-13 22:48:08 - [TEST_STEP][PASSED] - out.println("Value of Execute is : " + ExecuteTC): null

2024-01-13 22:48:08 - [TEST_STEP][PASSED] - if (ExecuteTC.equalsIgnoreCase("Y")): null

2024-01-13 22:48:08 - [TEST_STEP][PASSED] - out.println("Begin Record Number: " + row): null

2024-01-13 22:48:08 - [TEST_STEP][PASSED] - today = new java.util.Date(): null

2024-01-13 22:48:08 - [TEST_STEP][PASSED] - println(today): null

2024-01-13 22:48:08 - [TEST_STEP][PASSED] - datText = today: null

2024-01-13 22:48:08 - [TEST_STEP][PASSED] - Taxtype = findTestData(dataFile).getValue("TaxType", row): null

2024-01-13 22:48:08 - [TEST_STEP][PASSED] - out.println("Taxtype value is : " + Taxtype): null

2024-01-13 22:48:08 - [TEST_STEP][PASSED] - openBrowser(""): Browser is opened with url: ''

2024-01-13 22:48:08 - [MESSAGE][WARNING] - A browser is already opened. Closing browser and opening a new one

2024-01-13 22:48:09 - [MESSAGE][INFO] - Starting 'Chrome' driver

2024-01-13 22:48:09 - [MESSAGE][INFO] - User set preference: ['acceptInsecureCerts', 'true']

2024-01-13 22:48:09 - [MESSAGE][INFO] - Action delay is set to 0 milliseconds

2024-01-13 22:48:10 - [MESSAGE][PASSED] - Browser is opened with url: ''

2024-01-13 22:48:10 - [TEST_STEP][PASSED] - maximizeWindow(): Current window maximized

2024-01-13 22:48:11 - [MESSAGE][PASSED] - Current window maximized

2024-01-13 22:48:11 - [TEST_STEP][PASSED] - navigateToUrl(RADurl): Navigate to 'https://qa2.velocitypayment.com/client/rad/index.html' successfully

2024-01-13 22:48:12 - [MESSAGE][PASSED] - Navigate to 'https://qa2.velocitypayment.com/client/rad/index.html' successfully

2024-01-13 22:48:12 - [TEST_STEP][PASSED] - orPath_Landing = "Object Repository/RAD_Pages/Landing_Page": null

2024-01-13 22:48:12 - [TEST_STEP][PASSED] - orPath_TaxTypeFilingYear = "Object Repository/RAD_Pages/TaxTypeFilingYear_Page": null

2024-01-13 22:48:12 - [TEST_STEP][PASSED] - orPath_TaxPayer = "Object Repository/RAD_Pages/Taxpayer_Page": null

2024-01-13 22:48:12 - [TEST_STEP][PASSED] - orPath_AddressContact = "Object Repository/RAD_Pages/AddressAndContactInfo_Page": null

2024-01-13 22:48:12 - [TEST_STEP][PASSED] - orPath_FilingStatus = "Object Repository/RAD_Pages/FilingStatus_Page": null

2024-01-13 22:48:12 - [TEST_STEP][PASSED] - orPath_Amount = "Object Repository/RAD_Pages/PaymentAmount_Page": null

2024-01-13 22:48:12 - [TEST_STEP][PASSED] - orPath_TaxInfo = "Object Repository/RAD_Pages/TaxInfo_Page": null

2024-01-13 22:48:12 - [TEST_STEP][PASSED] - orPath_Withholding = "Object Repository/RAD_Pages/Withholding_Page": null

2024-01-13 22:48:12 - [TEST_STEP][PASSED] - orPath_Summary = "Object Repository/RAD_Pages/Summary_Page": null

2024-01-13 22:48:12 - [TEST_STEP][PASSED] - orPath_PaymentReady = "Object Repository/RAD_Pages/PaymentReady_Page": null

2024-01-13 22:48:12 - [TEST_STEP][PASSED] - orPath_PaymentEntry = "Object Repository/RAD_Pages/PaymentEntry_Page": null

2024-01-13 22:48:12 - [TEST_STEP][PASSED] - orPath_PaymentConfirmation = "Object Repository/RAD_Pages/PaymentConfirmation_Page": null

2024-01-13 22:48:12 - [TEST_STEP][PASSED] - orPath_ServiceFeesAccept = "Object Repository/RAD_Pages/ServiceFeeAccept_Page": null

2024-01-13 22:48:12 - [TEST_STEP][PASSED] - selectOptionByLabel(findTestObject(orPath_Landing + "/dd_TaxType"), Paymenttype, false): All options with label 'New Tax Return Amount Due' are selected in object 'Object Repository/RAD_Pages/Landing_Page/dd_TaxType' 

2024-01-13 22:48:13 - [MESSAGE][PASSED] - All options with label 'New Tax Return Amount Due' are selected in object 'Object Repository/RAD_Pages/Landing_Page/dd_TaxType' 

2024-01-13 22:48:13 - [TEST_STEP][PASSED] - delay(1): Delayed 1 second(s)

2024-01-13 22:48:14 - [MESSAGE][PASSED] - Delayed 1 second(s)

2024-01-13 22:48:14 - [TEST_STEP][PASSED] - switch (Paymenttype): null

2024-01-13 22:48:14 - [TEST_STEP][PASSED] - case "New Tax Return Amount Due":: null

2024-01-13 22:48:14 - [TEST_STEP][PASSED] - selectOptionByLabel(findTestObject("Object Repository/RAD_Pages/Landing_Page/select_NewTaxReturnAmountDue_TaxType"), Taxtype, false): All options with label 'Motor Fuel Tax' are selected in object 'Object Repository/RAD_Pages/Landing_Page/select_NewTaxReturnAmountDue_TaxType' 

2024-01-13 22:48:14 - [MESSAGE][PASSED] - All options with label 'Motor Fuel Tax' are selected in object 'Object Repository/RAD_Pages/Landing_Page/select_NewTaxReturnAmountDue_TaxType' 

2024-01-13 22:48:14 - [TEST_STEP][PASSED] - break: null

2024-01-13 22:48:14 - [TEST_STEP][PASSED] - delay(1): Delayed 1 second(s)

2024-01-13 22:48:15 - [MESSAGE][PASSED] - Delayed 1 second(s)

2024-01-13 22:48:15 - [TEST_STEP][PASSED] - switch (Paymenttype): null

2024-01-13 22:48:15 - [TEST_STEP][PASSED] - case "New Tax Return Amount Due":: null

2024-01-13 22:48:15 - [TEST_STEP][PASSED] - if (feinSsn.equalsIgnoreCase("Y")): null

2024-01-13 22:48:15 - [TEST_STEP][PASSED] - else: Text ****** has been set on object 'Object Repository/RAD_Pages/TaxInfo_Page/input_FederalEIN_ReEnter-2'

2024-01-13 22:48:15 - [TEST_STEP][PASSED] - setEncryptedText(findTestObject(orPath_TaxInfo + "/input_FederalEIN-2"), "iGDxf8hSRT4="): Text ****** has been set on object 'Object Repository/RAD_Pages/TaxInfo_Page/input_FederalEIN-2'

2024-01-13 22:48:16 - [MESSAGE][PASSED] - Text ****** has been set on object 'Object Repository/RAD_Pages/TaxInfo_Page/input_FederalEIN-2'

2024-01-13 22:48:16 - [TEST_STEP][PASSED] - setEncryptedText(findTestObject(orPath_TaxInfo + "/input_FederalEIN_ReEnter-2"), ""): Text ****** has been set on object 'Object Repository/RAD_Pages/TaxInfo_Page/input_FederalEIN_ReEnter-2'

2024-01-13 22:48:16 - [MESSAGE][PASSED] - Text ****** has been set on object 'Object Repository/RAD_Pages/TaxInfo_Page/input_FederalEIN_ReEnter-2'

2024-01-13 22:48:16 - [TEST_STEP][PASSED] - break: null

2024-01-13 22:48:16 - [TEST_STEP][PASSED] - if (feinSsn.equalsIgnoreCase("Y")): null

2024-01-13 22:48:16 - [TEST_STEP][PASSED] - else: null

2024-01-13 22:48:16 - [TEST_STEP][PASSED] - if (verifyTextPresent("Please enter a valid FEIN with 9 digits.", true)): null

2024-01-13 22:48:17 - [MESSAGE][PASSED] - Text 'Please enter a valid FEIN with 9 digits.' is present on page  using regular expression

2024-01-13 22:48:17 - [TEST_STEP][PASSED] - println("Error Message is present on the page"): null

2024-01-13 22:48:17 - [TEST_STEP][PASSED] - out.println("Pass Record Number: " + row): null

2024-01-13 22:48:17 - [TEST_STEP][PASSED] - resText = "Pass": null

2024-01-13 22:48:17 - [TEST_STEP][PASSED] - pages.WriteExcel.demoKey(resText, datText, resColumn, datCloumn, fileLoc, nameSheet, row): pages.WriteExcel.demoKey is PASSED

2024-01-13 22:48:17 - [MESSAGE][PASSED] - pages.WriteExcel.demoKey is PASSED

2024-01-13 22:48:17 - [TEST_STEP][PASSED] - ExecuteTC = findTestData(dataFile).getValue("Execute", row): null

2024-01-13 22:48:17 - [TEST_STEP][PASSED] - Taxtype = findTestData(dataFile).getValue("TaxType", row): null

2024-01-13 22:48:17 - [TEST_STEP][PASSED] - Paymenttype = findTestData(dataFile).getValue("PaymentType", row): null

2024-01-13 22:48:17 - [TEST_STEP][PASSED] - feinSsn = findTestData(dataFile).getValue("FEINSSN", row): null

2024-01-13 22:48:17 - [TEST_STEP][PASSED] - out.println("Value of Execute is : " + ExecuteTC): null

2024-01-13 22:48:17 - [TEST_STEP][PASSED] - if (ExecuteTC.equalsIgnoreCase("Y")): null

2024-01-13 22:48:17 - [TEST_STEP][PASSED] - out.println("Begin Record Number: " + row): null

2024-01-13 22:48:17 - [TEST_STEP][PASSED] - today = new java.util.Date(): null

2024-01-13 22:48:17 - [TEST_STEP][PASSED] - println(today): null

2024-01-13 22:48:17 - [TEST_STEP][PASSED] - datText = today: null

2024-01-13 22:48:17 - [TEST_STEP][PASSED] - Taxtype = findTestData(dataFile).getValue("TaxType", row): null

2024-01-13 22:48:17 - [TEST_STEP][PASSED] - out.println("Taxtype value is : " + Taxtype): null

2024-01-13 22:48:17 - [TEST_STEP][PASSED] - openBrowser(""): Browser is opened with url: ''

2024-01-13 22:48:17 - [MESSAGE][WARNING] - A browser is already opened. Closing browser and opening a new one

2024-01-13 22:48:18 - [MESSAGE][INFO] - Starting 'Chrome' driver

2024-01-13 22:48:18 - [MESSAGE][INFO] - User set preference: ['acceptInsecureCerts', 'true']

2024-01-13 22:48:18 - [MESSAGE][INFO] - Action delay is set to 0 milliseconds

2024-01-13 22:48:20 - [MESSAGE][PASSED] - Browser is opened with url: ''

2024-01-13 22:48:20 - [TEST_STEP][PASSED] - maximizeWindow(): Current window maximized

2024-01-13 22:48:20 - [MESSAGE][PASSED] - Current window maximized

2024-01-13 22:48:20 - [TEST_STEP][PASSED] - navigateToUrl(RADurl): Navigate to 'https://qa2.velocitypayment.com/client/rad/index.html' successfully

2024-01-13 22:48:20 - [MESSAGE][PASSED] - Navigate to 'https://qa2.velocitypayment.com/client/rad/index.html' successfully

2024-01-13 22:48:20 - [TEST_STEP][PASSED] - orPath_Landing = "Object Repository/RAD_Pages/Landing_Page": null

2024-01-13 22:48:20 - [TEST_STEP][PASSED] - orPath_TaxTypeFilingYear = "Object Repository/RAD_Pages/TaxTypeFilingYear_Page": null

2024-01-13 22:48:20 - [TEST_STEP][PASSED] - orPath_TaxPayer = "Object Repository/RAD_Pages/Taxpayer_Page": null

2024-01-13 22:48:20 - [TEST_STEP][PASSED] - orPath_AddressContact = "Object Repository/RAD_Pages/AddressAndContactInfo_Page": null

2024-01-13 22:48:20 - [TEST_STEP][PASSED] - orPath_FilingStatus = "Object Repository/RAD_Pages/FilingStatus_Page": null

2024-01-13 22:48:20 - [TEST_STEP][PASSED] - orPath_Amount = "Object Repository/RAD_Pages/PaymentAmount_Page": null

2024-01-13 22:48:20 - [TEST_STEP][PASSED] - orPath_TaxInfo = "Object Repository/RAD_Pages/TaxInfo_Page": null

2024-01-13 22:48:20 - [TEST_STEP][PASSED] - orPath_Withholding = "Object Repository/RAD_Pages/Withholding_Page": null

2024-01-13 22:48:20 - [TEST_STEP][PASSED] - orPath_Summary = "Object Repository/RAD_Pages/Summary_Page": null

2024-01-13 22:48:20 - [TEST_STEP][PASSED] - orPath_PaymentReady = "Object Repository/RAD_Pages/PaymentReady_Page": null

2024-01-13 22:48:20 - [TEST_STEP][PASSED] - orPath_PaymentEntry = "Object Repository/RAD_Pages/PaymentEntry_Page": null

2024-01-13 22:48:20 - [TEST_STEP][PASSED] - orPath_PaymentConfirmation = "Object Repository/RAD_Pages/PaymentConfirmation_Page": null

2024-01-13 22:48:20 - [TEST_STEP][PASSED] - orPath_ServiceFeesAccept = "Object Repository/RAD_Pages/ServiceFeeAccept_Page": null

2024-01-13 22:48:20 - [TEST_STEP][PASSED] - selectOptionByLabel(findTestObject(orPath_Landing + "/dd_TaxType"), Paymenttype, false): All options with label 'New Tax Return Amount Due' are selected in object 'Object Repository/RAD_Pages/Landing_Page/dd_TaxType' 

2024-01-13 22:48:22 - [MESSAGE][PASSED] - All options with label 'New Tax Return Amount Due' are selected in object 'Object Repository/RAD_Pages/Landing_Page/dd_TaxType' 

2024-01-13 22:48:22 - [TEST_STEP][PASSED] - delay(1): Delayed 1 second(s)

2024-01-13 22:48:23 - [MESSAGE][PASSED] - Delayed 1 second(s)

2024-01-13 22:48:23 - [TEST_STEP][PASSED] - switch (Paymenttype): null

2024-01-13 22:48:23 - [TEST_STEP][PASSED] - case "New Tax Return Amount Due":: null

2024-01-13 22:48:23 - [TEST_STEP][PASSED] - selectOptionByLabel(findTestObject("Object Repository/RAD_Pages/Landing_Page/select_NewTaxReturnAmountDue_TaxType"), Taxtype, false): All options with label 'Sales and Use Tax' are selected in object 'Object Repository/RAD_Pages/Landing_Page/select_NewTaxReturnAmountDue_TaxType' 

2024-01-13 22:48:24 - [MESSAGE][PASSED] - All options with label 'Sales and Use Tax' are selected in object 'Object Repository/RAD_Pages/Landing_Page/select_NewTaxReturnAmountDue_TaxType' 

2024-01-13 22:48:24 - [TEST_STEP][PASSED] - break: null

2024-01-13 22:48:24 - [TEST_STEP][PASSED] - delay(1): Delayed 1 second(s)

2024-01-13 22:48:25 - [MESSAGE][PASSED] - Delayed 1 second(s)

2024-01-13 22:48:25 - [TEST_STEP][PASSED] - switch (Paymenttype): null

2024-01-13 22:48:25 - [TEST_STEP][PASSED] - case "New Tax Return Amount Due":: null

2024-01-13 22:48:25 - [TEST_STEP][PASSED] - if (feinSsn.equalsIgnoreCase("Y")): null

2024-01-13 22:48:25 - [TEST_STEP][PASSED] - else: Text ****** has been set on object 'Object Repository/RAD_Pages/TaxInfo_Page/input_FederalEIN_ReEnter-2'

2024-01-13 22:48:25 - [TEST_STEP][PASSED] - setEncryptedText(findTestObject(orPath_TaxInfo + "/input_FederalEIN-2"), "iGDxf8hSRT4="): Text ****** has been set on object 'Object Repository/RAD_Pages/TaxInfo_Page/input_FederalEIN-2'

2024-01-13 22:48:25 - [MESSAGE][PASSED] - Text ****** has been set on object 'Object Repository/RAD_Pages/TaxInfo_Page/input_FederalEIN-2'

2024-01-13 22:48:25 - [TEST_STEP][PASSED] - setEncryptedText(findTestObject(orPath_TaxInfo + "/input_FederalEIN_ReEnter-2"), ""): Text ****** has been set on object 'Object Repository/RAD_Pages/TaxInfo_Page/input_FederalEIN_ReEnter-2'

2024-01-13 22:48:26 - [MESSAGE][PASSED] - Text ****** has been set on object 'Object Repository/RAD_Pages/TaxInfo_Page/input_FederalEIN_ReEnter-2'

2024-01-13 22:48:26 - [TEST_STEP][PASSED] - break: null

2024-01-13 22:48:26 - [TEST_STEP][PASSED] - if (feinSsn.equalsIgnoreCase("Y")): null

2024-01-13 22:48:26 - [TEST_STEP][PASSED] - else: null

2024-01-13 22:48:26 - [TEST_STEP][PASSED] - if (verifyTextPresent("Please enter a valid FEIN with 9 digits.", true)): null

2024-01-13 22:48:26 - [MESSAGE][PASSED] - Text 'Please enter a valid FEIN with 9 digits.' is present on page  using regular expression

2024-01-13 22:48:26 - [TEST_STEP][PASSED] - println("Error Message is present on the page"): null

2024-01-13 22:48:26 - [TEST_STEP][PASSED] - out.println("Pass Record Number: " + row): null

2024-01-13 22:48:26 - [TEST_STEP][PASSED] - resText = "Pass": null

2024-01-13 22:48:26 - [TEST_STEP][PASSED] - pages.WriteExcel.demoKey(resText, datText, resColumn, datCloumn, fileLoc, nameSheet, row): pages.WriteExcel.demoKey is PASSED

2024-01-13 22:48:26 - [MESSAGE][PASSED] - pages.WriteExcel.demoKey is PASSED

2024-01-13 22:48:26 - [TEST_STEP][PASSED] - ExecuteTC = findTestData(dataFile).getValue("Execute", row): null

2024-01-13 22:48:26 - [TEST_STEP][PASSED] - Taxtype = findTestData(dataFile).getValue("TaxType", row): null

2024-01-13 22:48:26 - [TEST_STEP][PASSED] - Paymenttype = findTestData(dataFile).getValue("PaymentType", row): null

2024-01-13 22:48:26 - [TEST_STEP][PASSED] - feinSsn = findTestData(dataFile).getValue("FEINSSN", row): null

2024-01-13 22:48:26 - [TEST_STEP][PASSED] - out.println("Value of Execute is : " + ExecuteTC): null

2024-01-13 22:48:26 - [TEST_STEP][PASSED] - if (ExecuteTC.equalsIgnoreCase("Y")): null

2024-01-13 22:48:26 - [TEST_STEP][PASSED] - out.println("Begin Record Number: " + row): null

2024-01-13 22:48:26 - [TEST_STEP][PASSED] - today = new java.util.Date(): null

2024-01-13 22:48:26 - [TEST_STEP][PASSED] - println(today): null

2024-01-13 22:48:26 - [TEST_STEP][PASSED] - datText = today: null

2024-01-13 22:48:26 - [TEST_STEP][PASSED] - Taxtype = findTestData(dataFile).getValue("TaxType", row): null

2024-01-13 22:48:27 - [TEST_STEP][PASSED] - out.println("Taxtype value is : " + Taxtype): null

2024-01-13 22:48:27 - [TEST_STEP][PASSED] - openBrowser(""): Browser is opened with url: ''

2024-01-13 22:48:27 - [MESSAGE][WARNING] - A browser is already opened. Closing browser and opening a new one

2024-01-13 22:48:28 - [MESSAGE][INFO] - Starting 'Chrome' driver

2024-01-13 22:48:28 - [MESSAGE][INFO] - User set preference: ['acceptInsecureCerts', 'true']

2024-01-13 22:48:28 - [MESSAGE][INFO] - Action delay is set to 0 milliseconds

2024-01-13 22:48:29 - [MESSAGE][PASSED] - Browser is opened with url: ''

2024-01-13 22:48:29 - [TEST_STEP][PASSED] - maximizeWindow(): Current window maximized

2024-01-13 22:48:29 - [MESSAGE][PASSED] - Current window maximized

2024-01-13 22:48:29 - [TEST_STEP][PASSED] - navigateToUrl(RADurl): Navigate to 'https://qa2.velocitypayment.com/client/rad/index.html' successfully

2024-01-13 22:48:31 - [MESSAGE][PASSED] - Navigate to 'https://qa2.velocitypayment.com/client/rad/index.html' successfully

2024-01-13 22:48:31 - [TEST_STEP][PASSED] - orPath_Landing = "Object Repository/RAD_Pages/Landing_Page": null

2024-01-13 22:48:31 - [TEST_STEP][PASSED] - orPath_TaxTypeFilingYear = "Object Repository/RAD_Pages/TaxTypeFilingYear_Page": null

2024-01-13 22:48:31 - [TEST_STEP][PASSED] - orPath_TaxPayer = "Object Repository/RAD_Pages/Taxpayer_Page": null

2024-01-13 22:48:31 - [TEST_STEP][PASSED] - orPath_AddressContact = "Object Repository/RAD_Pages/AddressAndContactInfo_Page": null

2024-01-13 22:48:31 - [TEST_STEP][PASSED] - orPath_FilingStatus = "Object Repository/RAD_Pages/FilingStatus_Page": null

2024-01-13 22:48:31 - [TEST_STEP][PASSED] - orPath_Amount = "Object Repository/RAD_Pages/PaymentAmount_Page": null

2024-01-13 22:48:31 - [TEST_STEP][PASSED] - orPath_TaxInfo = "Object Repository/RAD_Pages/TaxInfo_Page": null

2024-01-13 22:48:31 - [TEST_STEP][PASSED] - orPath_Withholding = "Object Repository/RAD_Pages/Withholding_Page": null

2024-01-13 22:48:31 - [TEST_STEP][PASSED] - orPath_Summary = "Object Repository/RAD_Pages/Summary_Page": null

2024-01-13 22:48:31 - [TEST_STEP][PASSED] - orPath_PaymentReady = "Object Repository/RAD_Pages/PaymentReady_Page": null

2024-01-13 22:48:31 - [TEST_STEP][PASSED] - orPath_PaymentEntry = "Object Repository/RAD_Pages/PaymentEntry_Page": null

2024-01-13 22:48:31 - [TEST_STEP][PASSED] - orPath_PaymentConfirmation = "Object Repository/RAD_Pages/PaymentConfirmation_Page": null

2024-01-13 22:48:31 - [TEST_STEP][PASSED] - orPath_ServiceFeesAccept = "Object Repository/RAD_Pages/ServiceFeeAccept_Page": null

2024-01-13 22:48:31 - [TEST_STEP][PASSED] - selectOptionByLabel(findTestObject(orPath_Landing + "/dd_TaxType"), Paymenttype, false): All options with label 'New Tax Return Amount Due' are selected in object 'Object Repository/RAD_Pages/Landing_Page/dd_TaxType' 

2024-01-13 22:48:31 - [MESSAGE][PASSED] - All options with label 'New Tax Return Amount Due' are selected in object 'Object Repository/RAD_Pages/Landing_Page/dd_TaxType' 

2024-01-13 22:48:31 - [TEST_STEP][PASSED] - delay(1): Delayed 1 second(s)

2024-01-13 22:48:32 - [MESSAGE][PASSED] - Delayed 1 second(s)

2024-01-13 22:48:32 - [TEST_STEP][PASSED] - switch (Paymenttype): null

2024-01-13 22:48:32 - [TEST_STEP][PASSED] - case "New Tax Return Amount Due":: null

2024-01-13 22:48:32 - [TEST_STEP][PASSED] - selectOptionByLabel(findTestObject("Object Repository/RAD_Pages/Landing_Page/select_NewTaxReturnAmountDue_TaxType"), Taxtype, false): All options with label 'Slots License Fee' are selected in object 'Object Repository/RAD_Pages/Landing_Page/select_NewTaxReturnAmountDue_TaxType' 

2024-01-13 22:48:33 - [MESSAGE][PASSED] - All options with label 'Slots License Fee' are selected in object 'Object Repository/RAD_Pages/Landing_Page/select_NewTaxReturnAmountDue_TaxType' 

2024-01-13 22:48:33 - [TEST_STEP][PASSED] - break: null

2024-01-13 22:48:33 - [TEST_STEP][PASSED] - delay(1): Delayed 1 second(s)

2024-01-13 22:48:34 - [MESSAGE][PASSED] - Delayed 1 second(s)

2024-01-13 22:48:34 - [TEST_STEP][PASSED] - switch (Paymenttype): null

2024-01-13 22:48:34 - [TEST_STEP][PASSED] - case "New Tax Return Amount Due":: null

2024-01-13 22:48:34 - [TEST_STEP][PASSED] - if (feinSsn.equalsIgnoreCase("Y")): null

2024-01-13 22:48:34 - [TEST_STEP][PASSED] - else: Text ****** has been set on object 'Object Repository/RAD_Pages/TaxInfo_Page/input_FederalEIN_ReEnter-2'

2024-01-13 22:48:34 - [TEST_STEP][PASSED] - setEncryptedText(findTestObject(orPath_TaxInfo + "/input_FederalEIN-2"), "iGDxf8hSRT4="): Text ****** has been set on object 'Object Repository/RAD_Pages/TaxInfo_Page/input_FederalEIN-2'

2024-01-13 22:48:34 - [MESSAGE][PASSED] - Text ****** has been set on object 'Object Repository/RAD_Pages/TaxInfo_Page/input_FederalEIN-2'

2024-01-13 22:48:34 - [TEST_STEP][PASSED] - setEncryptedText(findTestObject(orPath_TaxInfo + "/input_FederalEIN_ReEnter-2"), ""): Text ****** has been set on object 'Object Repository/RAD_Pages/TaxInfo_Page/input_FederalEIN_ReEnter-2'

2024-01-13 22:48:35 - [MESSAGE][PASSED] - Text ****** has been set on object 'Object Repository/RAD_Pages/TaxInfo_Page/input_FederalEIN_ReEnter-2'

2024-01-13 22:48:35 - [TEST_STEP][PASSED] - break: null

2024-01-13 22:48:35 - [TEST_STEP][PASSED] - if (feinSsn.equalsIgnoreCase("Y")): null

2024-01-13 22:48:35 - [TEST_STEP][PASSED] - else: null

2024-01-13 22:48:35 - [TEST_STEP][PASSED] - if (verifyTextPresent("Please enter a valid FEIN with 9 digits.", true)): null

2024-01-13 22:48:36 - [MESSAGE][PASSED] - Text 'Please enter a valid FEIN with 9 digits.' is present on page  using regular expression

2024-01-13 22:48:36 - [TEST_STEP][PASSED] - println("Error Message is present on the page"): null

2024-01-13 22:48:36 - [TEST_STEP][PASSED] - out.println("Pass Record Number: " + row): null

2024-01-13 22:48:36 - [TEST_STEP][PASSED] - resText = "Pass": null

2024-01-13 22:48:36 - [TEST_STEP][PASSED] - pages.WriteExcel.demoKey(resText, datText, resColumn, datCloumn, fileLoc, nameSheet, row): pages.WriteExcel.demoKey is PASSED

2024-01-13 22:48:36 - [MESSAGE][PASSED] - pages.WriteExcel.demoKey is PASSED

2024-01-13 22:48:36 - [TEST_STEP][PASSED] - ExecuteTC = findTestData(dataFile).getValue("Execute", row): null

2024-01-13 22:48:36 - [TEST_STEP][PASSED] - Taxtype = findTestData(dataFile).getValue("TaxType", row): null

2024-01-13 22:48:36 - [TEST_STEP][PASSED] - Paymenttype = findTestData(dataFile).getValue("PaymentType", row): null

2024-01-13 22:48:36 - [TEST_STEP][PASSED] - feinSsn = findTestData(dataFile).getValue("FEINSSN", row): null

2024-01-13 22:48:36 - [TEST_STEP][PASSED] - out.println("Value of Execute is : " + ExecuteTC): null

2024-01-13 22:48:36 - [TEST_STEP][PASSED] - if (ExecuteTC.equalsIgnoreCase("Y")): null

2024-01-13 22:48:36 - [TEST_STEP][PASSED] - out.println("Begin Record Number: " + row): null

2024-01-13 22:48:36 - [TEST_STEP][PASSED] - today = new java.util.Date(): null

2024-01-13 22:48:36 - [TEST_STEP][PASSED] - println(today): null

2024-01-13 22:48:36 - [TEST_STEP][PASSED] - datText = today: null

2024-01-13 22:48:36 - [TEST_STEP][PASSED] - Taxtype = findTestData(dataFile).getValue("TaxType", row): null

2024-01-13 22:48:36 - [TEST_STEP][PASSED] - out.println("Taxtype value is : " + Taxtype): null

2024-01-13 22:48:36 - [TEST_STEP][PASSED] - openBrowser(""): Browser is opened with url: ''

2024-01-13 22:48:36 - [MESSAGE][WARNING] - A browser is already opened. Closing browser and opening a new one

2024-01-13 22:48:37 - [MESSAGE][INFO] - Starting 'Chrome' driver

2024-01-13 22:48:37 - [MESSAGE][INFO] - User set preference: ['acceptInsecureCerts', 'true']

2024-01-13 22:48:37 - [MESSAGE][INFO] - Action delay is set to 0 milliseconds

2024-01-13 22:48:39 - [MESSAGE][PASSED] - Browser is opened with url: ''

2024-01-13 22:48:39 - [TEST_STEP][PASSED] - maximizeWindow(): Current window maximized

2024-01-13 22:48:39 - [MESSAGE][PASSED] - Current window maximized

2024-01-13 22:48:39 - [TEST_STEP][PASSED] - navigateToUrl(RADurl): Navigate to 'https://qa2.velocitypayment.com/client/rad/index.html' successfully

2024-01-13 22:48:39 - [MESSAGE][PASSED] - Navigate to 'https://qa2.velocitypayment.com/client/rad/index.html' successfully

2024-01-13 22:48:39 - [TEST_STEP][PASSED] - orPath_Landing = "Object Repository/RAD_Pages/Landing_Page": null

2024-01-13 22:48:39 - [TEST_STEP][PASSED] - orPath_TaxTypeFilingYear = "Object Repository/RAD_Pages/TaxTypeFilingYear_Page": null

2024-01-13 22:48:39 - [TEST_STEP][PASSED] - orPath_TaxPayer = "Object Repository/RAD_Pages/Taxpayer_Page": null

2024-01-13 22:48:39 - [TEST_STEP][PASSED] - orPath_AddressContact = "Object Repository/RAD_Pages/AddressAndContactInfo_Page": null

2024-01-13 22:48:39 - [TEST_STEP][PASSED] - orPath_FilingStatus = "Object Repository/RAD_Pages/FilingStatus_Page": null

2024-01-13 22:48:39 - [TEST_STEP][PASSED] - orPath_Amount = "Object Repository/RAD_Pages/PaymentAmount_Page": null

2024-01-13 22:48:39 - [TEST_STEP][PASSED] - orPath_TaxInfo = "Object Repository/RAD_Pages/TaxInfo_Page": null

2024-01-13 22:48:39 - [TEST_STEP][PASSED] - orPath_Withholding = "Object Repository/RAD_Pages/Withholding_Page": null

2024-01-13 22:48:39 - [TEST_STEP][PASSED] - orPath_Summary = "Object Repository/RAD_Pages/Summary_Page": null

2024-01-13 22:48:39 - [TEST_STEP][PASSED] - orPath_PaymentReady = "Object Repository/RAD_Pages/PaymentReady_Page": null

2024-01-13 22:48:39 - [TEST_STEP][PASSED] - orPath_PaymentEntry = "Object Repository/RAD_Pages/PaymentEntry_Page": null

2024-01-13 22:48:39 - [TEST_STEP][PASSED] - orPath_PaymentConfirmation = "Object Repository/RAD_Pages/PaymentConfirmation_Page": null

2024-01-13 22:48:39 - [TEST_STEP][PASSED] - orPath_ServiceFeesAccept = "Object Repository/RAD_Pages/ServiceFeeAccept_Page": null

2024-01-13 22:48:39 - [TEST_STEP][PASSED] - selectOptionByLabel(findTestObject(orPath_Landing + "/dd_TaxType"), Paymenttype, false): All options with label 'New Tax Return Amount Due' are selected in object 'Object Repository/RAD_Pages/Landing_Page/dd_TaxType' 

2024-01-13 22:48:41 - [MESSAGE][PASSED] - All options with label 'New Tax Return Amount Due' are selected in object 'Object Repository/RAD_Pages/Landing_Page/dd_TaxType' 

2024-01-13 22:48:41 - [TEST_STEP][PASSED] - delay(1): Delayed 1 second(s)

2024-01-13 22:48:42 - [MESSAGE][PASSED] - Delayed 1 second(s)

2024-01-13 22:48:42 - [TEST_STEP][PASSED] - switch (Paymenttype): null

2024-01-13 22:48:42 - [TEST_STEP][PASSED] - case "New Tax Return Amount Due":: null

2024-01-13 22:48:42 - [TEST_STEP][PASSED] - selectOptionByLabel(findTestObject("Object Repository/RAD_Pages/Landing_Page/select_NewTaxReturnAmountDue_TaxType"), Taxtype, false): All options with label 'Tire Recycling Fee' are selected in object 'Object Repository/RAD_Pages/Landing_Page/select_NewTaxReturnAmountDue_TaxType' 

2024-01-13 22:48:42 - [MESSAGE][PASSED] - All options with label 'Tire Recycling Fee' are selected in object 'Object Repository/RAD_Pages/Landing_Page/select_NewTaxReturnAmountDue_TaxType' 

2024-01-13 22:48:42 - [TEST_STEP][PASSED] - break: null

2024-01-13 22:48:42 - [TEST_STEP][PASSED] - delay(1): Delayed 1 second(s)

2024-01-13 22:48:43 - [MESSAGE][PASSED] - Delayed 1 second(s)

2024-01-13 22:48:43 - [TEST_STEP][PASSED] - switch (Paymenttype): null

2024-01-13 22:48:43 - [TEST_STEP][PASSED] - case "New Tax Return Amount Due":: null

2024-01-13 22:48:43 - [TEST_STEP][PASSED] - if (feinSsn.equalsIgnoreCase("Y")): null

2024-01-13 22:48:43 - [TEST_STEP][PASSED] - else: Text ****** has been set on object 'Object Repository/RAD_Pages/TaxInfo_Page/input_FederalEIN_ReEnter-2'

2024-01-13 22:48:43 - [TEST_STEP][PASSED] - setEncryptedText(findTestObject(orPath_TaxInfo + "/input_FederalEIN-2"), "iGDxf8hSRT4="): Text ****** has been set on object 'Object Repository/RAD_Pages/TaxInfo_Page/input_FederalEIN-2'

2024-01-13 22:48:44 - [MESSAGE][PASSED] - Text ****** has been set on object 'Object Repository/RAD_Pages/TaxInfo_Page/input_FederalEIN-2'

2024-01-13 22:48:44 - [TEST_STEP][PASSED] - setEncryptedText(findTestObject(orPath_TaxInfo + "/input_FederalEIN_ReEnter-2"), ""): Text ****** has been set on object 'Object Repository/RAD_Pages/TaxInfo_Page/input_FederalEIN_ReEnter-2'

2024-01-13 22:48:44 - [MESSAGE][PASSED] - Text ****** has been set on object 'Object Repository/RAD_Pages/TaxInfo_Page/input_FederalEIN_ReEnter-2'

2024-01-13 22:48:44 - [TEST_STEP][PASSED] - break: null

2024-01-13 22:48:44 - [TEST_STEP][PASSED] - if (feinSsn.equalsIgnoreCase("Y")): null

2024-01-13 22:48:44 - [TEST_STEP][PASSED] - else: null

2024-01-13 22:48:44 - [TEST_STEP][PASSED] - if (verifyTextPresent("Please enter a valid FEIN with 9 digits.", true)): null

2024-01-13 22:48:45 - [MESSAGE][PASSED] - Text 'Please enter a valid FEIN with 9 digits.' is present on page  using regular expression

2024-01-13 22:48:45 - [TEST_STEP][PASSED] - println("Error Message is present on the page"): null

2024-01-13 22:48:45 - [TEST_STEP][PASSED] - out.println("Pass Record Number: " + row): null

2024-01-13 22:48:45 - [TEST_STEP][PASSED] - resText = "Pass": null

2024-01-13 22:48:45 - [TEST_STEP][PASSED] - pages.WriteExcel.demoKey(resText, datText, resColumn, datCloumn, fileLoc, nameSheet, row): pages.WriteExcel.demoKey is PASSED

2024-01-13 22:48:45 - [MESSAGE][PASSED] - pages.WriteExcel.demoKey is PASSED

2024-01-13 22:48:45 - [TEST_STEP][PASSED] - ExecuteTC = findTestData(dataFile).getValue("Execute", row): null

2024-01-13 22:48:45 - [TEST_STEP][PASSED] - Taxtype = findTestData(dataFile).getValue("TaxType", row): null

2024-01-13 22:48:45 - [TEST_STEP][PASSED] - Paymenttype = findTestData(dataFile).getValue("PaymentType", row): null

2024-01-13 22:48:45 - [TEST_STEP][PASSED] - feinSsn = findTestData(dataFile).getValue("FEINSSN", row): null

2024-01-13 22:48:45 - [TEST_STEP][PASSED] - out.println("Value of Execute is : " + ExecuteTC): null

2024-01-13 22:48:45 - [TEST_STEP][FAILED] - if (ExecuteTC.equalsIgnoreCase("Y")): null

2024-01-13 22:48:45 - [TEST_STEP][PASSED] - out.println("Begin Record Number: " + row): null

2024-01-13 22:48:45 - [TEST_STEP][PASSED] - today = new java.util.Date(): null

2024-01-13 22:48:45 - [TEST_STEP][PASSED] - println(today): null

2024-01-13 22:48:45 - [TEST_STEP][PASSED] - datText = today: null

2024-01-13 22:48:45 - [TEST_STEP][PASSED] - Taxtype = findTestData(dataFile).getValue("TaxType", row): null

2024-01-13 22:48:45 - [TEST_STEP][PASSED] - out.println("Taxtype value is : " + Taxtype): null

2024-01-13 22:48:45 - [TEST_STEP][PASSED] - openBrowser(""): Browser is opened with url: ''

2024-01-13 22:48:45 - [MESSAGE][WARNING] - A browser is already opened. Closing browser and opening a new one

2024-01-13 22:48:46 - [MESSAGE][INFO] - Starting 'Chrome' driver

2024-01-13 22:48:46 - [MESSAGE][INFO] - User set preference: ['acceptInsecureCerts', 'true']

2024-01-13 22:48:46 - [MESSAGE][INFO] - Action delay is set to 0 milliseconds

2024-01-13 22:48:48 - [MESSAGE][PASSED] - Browser is opened with url: ''

2024-01-13 22:48:48 - [TEST_STEP][PASSED] - maximizeWindow(): Current window maximized

2024-01-13 22:48:48 - [MESSAGE][PASSED] - Current window maximized

2024-01-13 22:48:48 - [TEST_STEP][PASSED] - navigateToUrl(RADurl): Navigate to 'https://qa2.velocitypayment.com/client/rad/index.html' successfully

2024-01-13 22:48:49 - [MESSAGE][PASSED] - Navigate to 'https://qa2.velocitypayment.com/client/rad/index.html' successfully

2024-01-13 22:48:49 - [TEST_STEP][PASSED] - orPath_Landing = "Object Repository/RAD_Pages/Landing_Page": null

2024-01-13 22:48:49 - [TEST_STEP][PASSED] - orPath_TaxTypeFilingYear = "Object Repository/RAD_Pages/TaxTypeFilingYear_Page": null

2024-01-13 22:48:49 - [TEST_STEP][PASSED] - orPath_TaxPayer = "Object Repository/RAD_Pages/Taxpayer_Page": null

2024-01-13 22:48:49 - [TEST_STEP][PASSED] - orPath_AddressContact = "Object Repository/RAD_Pages/AddressAndContactInfo_Page": null

2024-01-13 22:48:49 - [TEST_STEP][PASSED] - orPath_FilingStatus = "Object Repository/RAD_Pages/FilingStatus_Page": null

2024-01-13 22:48:49 - [TEST_STEP][PASSED] - orPath_Amount = "Object Repository/RAD_Pages/PaymentAmount_Page": null

2024-01-13 22:48:49 - [TEST_STEP][PASSED] - orPath_TaxInfo = "Object Repository/RAD_Pages/TaxInfo_Page": null

2024-01-13 22:48:49 - [TEST_STEP][PASSED] - orPath_Withholding = "Object Repository/RAD_Pages/Withholding_Page": null

2024-01-13 22:48:49 - [TEST_STEP][PASSED] - orPath_Summary = "Object Repository/RAD_Pages/Summary_Page": null

2024-01-13 22:48:49 - [TEST_STEP][PASSED] - orPath_PaymentReady = "Object Repository/RAD_Pages/PaymentReady_Page": null

2024-01-13 22:48:49 - [TEST_STEP][PASSED] - orPath_PaymentEntry = "Object Repository/RAD_Pages/PaymentEntry_Page": null

2024-01-13 22:48:49 - [TEST_STEP][PASSED] - orPath_PaymentConfirmation = "Object Repository/RAD_Pages/PaymentConfirmation_Page": null

2024-01-13 22:48:49 - [TEST_STEP][PASSED] - orPath_ServiceFeesAccept = "Object Repository/RAD_Pages/ServiceFeeAccept_Page": null

2024-01-13 22:48:49 - [TEST_STEP][PASSED] - selectOptionByLabel(findTestObject(orPath_Landing + "/dd_TaxType"), Paymenttype, false): All options with label 'New Tax Return Amount Due' are selected in object 'Object Repository/RAD_Pages/Landing_Page/dd_TaxType' 

2024-01-13 22:48:50 - [MESSAGE][PASSED] - All options with label 'New Tax Return Amount Due' are selected in object 'Object Repository/RAD_Pages/Landing_Page/dd_TaxType' 

2024-01-13 22:48:50 - [TEST_STEP][PASSED] - delay(1): Delayed 1 second(s)

2024-01-13 22:48:51 - [MESSAGE][PASSED] - Delayed 1 second(s)

2024-01-13 22:48:51 - [TEST_STEP][PASSED] - switch (Paymenttype): null

2024-01-13 22:48:51 - [TEST_STEP][PASSED] - case "New Tax Return Amount Due":: null

2024-01-13 22:48:51 - [TEST_STEP][PASSED] - selectOptionByLabel(findTestObject("Object Repository/RAD_Pages/Landing_Page/select_NewTaxReturnAmountDue_TaxType"), Taxtype, false): All options with label 'Tobacco Tax' are selected in object 'Object Repository/RAD_Pages/Landing_Page/select_NewTaxReturnAmountDue_TaxType' 

2024-01-13 22:48:52 - [MESSAGE][PASSED] - All options with label 'Tobacco Tax' are selected in object 'Object Repository/RAD_Pages/Landing_Page/select_NewTaxReturnAmountDue_TaxType' 

2024-01-13 22:48:52 - [TEST_STEP][PASSED] - break: null

2024-01-13 22:48:52 - [TEST_STEP][PASSED] - delay(1): Delayed 1 second(s)

2024-01-13 22:48:53 - [MESSAGE][PASSED] - Delayed 1 second(s)

2024-01-13 22:48:53 - [TEST_STEP][FAILED] - switch (Paymenttype): null

2024-01-13 22:48:53 - [TEST_STEP][FAILED] - case "New Tax Return Amount Due":: null

2024-01-13 22:48:53 - [TEST_STEP][PASSED] - if (feinSsn.equalsIgnoreCase("Y")): null

2024-01-13 22:48:53 - [TEST_STEP][FAILED] - else: null

2024-01-13 22:48:53 - [TEST_STEP][FAILED] - setEncryptedText(findTestObject(orPath_TaxInfo + "/input_FederalEIN-2"), "iGDxf8hSRT4="): Unable to set encrypted text for object 'Object Repository/RAD_Pages/TaxInfo_Page/input_FederalEIN-2' (Root cause: com.kms.katalon.core.exception.StepFailedException: Unable to set encrypted text for object 'Object Repository/RAD_Pages/TaxInfo_Page/input_FederalEIN-2'
	at com.kms.katalon.core.webui.keyword.internal.WebUIKeywordMain.stepFailed(WebUIKeywordMain.groovy:64)
	at com.kms.katalon.core.webui.keyword.internal.WebUIKeywordMain.runKeyword(WebUIKeywordMain.groovy:26)
	at com.kms.katalon.core.webui.keyword.builtin.SetEncryptedTextKeyword.setEncryptedText(SetEncryptedTextKeyword.groovy:65)
	at com.kms.katalon.core.webui.keyword.builtin.SetEncryptedTextKeyword.execute(SetEncryptedTextKeyword.groovy:34)
	at com.kms.katalon.core.keyword.internal.KeywordExecutor.executeKeywordForPlatform(KeywordExecutor.groovy:74)
	at com.kms.katalon.core.webui.keyword.WebUiBuiltInKeywords.setEncryptedText(WebUiBuiltInKeywords.groovy:1011)
	at com.kms.katalon.core.webui.keyword.WebUiBuiltInKeywords$setEncryptedText$4.call(Unknown Source)
	at FEINandFEINSSNlessThan9Error.run(FEINandFEINSSNlessThan9Error:184)
	at com.kms.katalon.core.main.ScriptEngine.run(ScriptEngine.java:194)
	at com.kms.katalon.core.main.ScriptEngine.runScriptAsRawText(ScriptEngine.java:119)
	at com.kms.katalon.core.main.TestCaseExecutor.runScript(TestCaseExecutor.java:448)
	at com.kms.katalon.core.main.TestCaseExecutor.doExecute(TestCaseExecutor.java:439)
	at com.kms.katalon.core.main.TestCaseExecutor.processExecutionPhase(TestCaseExecutor.java:418)
	at com.kms.katalon.core.main.TestCaseExecutor.accessMainPhase(TestCaseExecutor.java:410)
	at com.kms.katalon.core.main.TestCaseExecutor.execute(TestCaseExecutor.java:285)
	at com.kms.katalon.core.common.CommonExecutor.accessTestCaseMainPhase(CommonExecutor.java:65)
	at com.kms.katalon.core.main.TestSuiteExecutor.accessTestSuiteMainPhase(TestSuiteExecutor.java:148)
	at com.kms.katalon.core.main.TestSuiteExecutor.execute(TestSuiteExecutor.java:106)
	at com.kms.katalon.core.main.TestCaseMain.startTestSuite(TestCaseMain.java:187)
	at com.kms.katalon.core.main.TestCaseMain$startTestSuite$0.call(Unknown Source)
	at TempTestSuite1705202981112.run(TempTestSuite1705202981112.groovy:36)
Caused by: org.openqa.selenium.ElementNotInteractableException: element not interactable
  (Session info: chrome=120.0.6099.200)
Build info: version: '3.141.59', revision: 'e82be7d358', time: '2018-11-14T08:25:53'
System info: host: 'DESKTOP-B2QI6NS', ip: '172.31.253.139', os.name: 'Windows 10', os.arch: 'amd64', os.version: '10.0', java.version: '1.8.0_181'
Driver info: com.kms.katalon.selenium.driver.CChromeDriver
Capabilities {acceptInsecureCerts: true, browserName: chrome, browserVersion: 120.0.6099.200, chrome: {chromedriverVersion: 119.0.6045.105 (38c72552c5e..., userDataDir: C:\Users\imtiaz\AppData\Loc...}, fedcm:accounts: true, goog:chromeOptions: {debuggerAddress: localhost:63729}, javascriptEnabled: true, networkConnectionEnabled: false, pageLoadStrategy: normal, platform: WINDOWS, platformName: WINDOWS, proxy: Proxy(), setWindowRect: true, strictFileInteractability: false, timeouts: {implicit: 0, pageLoad: 300000, script: 30000}, unhandledPromptBehavior: dismiss and notify, webauthn:extension:credBlob: true, webauthn:extension:largeBlob: true, webauthn:extension:minPinLength: true, webauthn:extension:prf: true, webauthn:virtualAuthenticators: true}
Session ID: 716946f1600cd6da6d5866aebe30df3b
	at org.openqa.selenium.remote.http.W3CHttpResponseCodec.createException(W3CHttpResponseCodec.java:187)
	at org.openqa.selenium.remote.http.W3CHttpResponseCodec.decode(W3CHttpResponseCodec.java:122)
	at org.openqa.selenium.remote.http.W3CHttpResponseCodec.decode(W3CHttpResponseCodec.java:49)
	at org.openqa.selenium.remote.HttpCommandExecutor.execute(HttpCommandExecutor.java:158)
	at org.openqa.selenium.remote.service.DriverCommandExecutor.execute(DriverCommandExecutor.java:83)
	at org.openqa.selenium.remote.RemoteWebDriver.execute(RemoteWebDriver.java:552)
	at com.kms.katalon.selenium.driver.CChromeDriver.execute(CChromeDriver.java:19)
	at org.openqa.selenium.remote.RemoteWebElement.execute(RemoteWebElement.java:285)
	at org.openqa.selenium.remote.RemoteWebElement.clear(RemoteWebElement.java:124)
	at org.openqa.selenium.support.events.EventFiringWebDriver$EventFiringWebElement.lambda$new$0(EventFiringWebDriver.java:404)
	at com.sun.proxy.$Proxy11.clear(Unknown Source)
	at org.openqa.selenium.support.events.EventFiringWebDriver$EventFiringWebElement.clear(EventFiringWebDriver.java:436)
	at com.kms.katalon.core.webui.keyword.builtin.SetEncryptedTextKeyword$_setEncryptedText_closure1.doCall(SetEncryptedTextKeyword.groovy:54)
	at com.kms.katalon.core.webui.keyword.builtin.SetEncryptedTextKeyword$_setEncryptedText_closure1.call(SetEncryptedTextKeyword.groovy)
	at com.kms.katalon.core.webui.keyword.internal.WebUIKeywordMain.runKeyword(WebUIKeywordMain.groovy:20)
	at com.kms.katalon.core.webui.keyword.builtin.SetEncryptedTextKeyword.setEncryptedText(SetEncryptedTextKeyword.groovy:65)
	at com.kms.katalon.core.webui.keyword.builtin.SetEncryptedTextKeyword.execute(SetEncryptedTextKeyword.groovy:34)
	at com.kms.katalon.core.keyword.internal.KeywordExecutor.executeKeywordForPlatform(KeywordExecutor.groovy:74)
	at com.kms.katalon.core.webui.keyword.WebUiBuiltInKeywords.setEncryptedText(WebUiBuiltInKeywords.groovy:1011)
	at com.kms.katalon.core.webui.keyword.WebUiBuiltInKeywords$setEncryptedText$4.call(Unknown Source)
	at Script1696014034709.run(Script1696014034709.groovy:184)
	... 13 more
)

2024-01-13 22:48:54 - [MESSAGE][FAILED] - Unable to set encrypted text for object 'Object Repository/RAD_Pages/TaxInfo_Page/input_FederalEIN-2' (Root cause: com.kms.katalon.core.exception.StepFailedException: Unable to set encrypted text for object 'Object Repository/RAD_Pages/TaxInfo_Page/input_FederalEIN-2'
	at com.kms.katalon.core.webui.keyword.internal.WebUIKeywordMain.stepFailed(WebUIKeywordMain.groovy:64)
	at com.kms.katalon.core.webui.keyword.internal.WebUIKeywordMain.runKeyword(WebUIKeywordMain.groovy:26)
	at com.kms.katalon.core.webui.keyword.builtin.SetEncryptedTextKeyword.setEncryptedText(SetEncryptedTextKeyword.groovy:65)
	at com.kms.katalon.core.webui.keyword.builtin.SetEncryptedTextKeyword.execute(SetEncryptedTextKeyword.groovy:34)
	at com.kms.katalon.core.keyword.internal.KeywordExecutor.executeKeywordForPlatform(KeywordExecutor.groovy:74)
	at com.kms.katalon.core.webui.keyword.WebUiBuiltInKeywords.setEncryptedText(WebUiBuiltInKeywords.groovy:1011)
	at com.kms.katalon.core.webui.keyword.WebUiBuiltInKeywords$setEncryptedText$4.call(Unknown Source)
	at FEINandFEINSSNlessThan9Error.run(FEINandFEINSSNlessThan9Error:184)
	at com.kms.katalon.core.main.ScriptEngine.run(ScriptEngine.java:194)
	at com.kms.katalon.core.main.ScriptEngine.runScriptAsRawText(ScriptEngine.java:119)
	at com.kms.katalon.core.main.TestCaseExecutor.runScript(TestCaseExecutor.java:448)
	at com.kms.katalon.core.main.TestCaseExecutor.doExecute(TestCaseExecutor.java:439)
	at com.kms.katalon.core.main.TestCaseExecutor.processExecutionPhase(TestCaseExecutor.java:418)
	at com.kms.katalon.core.main.TestCaseExecutor.accessMainPhase(TestCaseExecutor.java:410)
	at com.kms.katalon.core.main.TestCaseExecutor.execute(TestCaseExecutor.java:285)
	at com.kms.katalon.core.common.CommonExecutor.accessTestCaseMainPhase(CommonExecutor.java:65)
	at com.kms.katalon.core.main.TestSuiteExecutor.accessTestSuiteMainPhase(TestSuiteExecutor.java:148)
	at com.kms.katalon.core.main.TestSuiteExecutor.execute(TestSuiteExecutor.java:106)
	at com.kms.katalon.core.main.TestCaseMain.startTestSuite(TestCaseMain.java:187)
	at com.kms.katalon.core.main.TestCaseMain$startTestSuite$0.call(Unknown Source)
	at TempTestSuite1705202981112.run(TempTestSuite1705202981112.groovy:36)
Caused by: org.openqa.selenium.ElementNotInteractableException: element not interactable
  (Session info: chrome=120.0.6099.200)
Build info: version: '3.141.59', revision: 'e82be7d358', time: '2018-11-14T08:25:53'
System info: host: 'DESKTOP-B2QI6NS', ip: '172.31.253.139', os.name: 'Windows 10', os.arch: 'amd64', os.version: '10.0', java.version: '1.8.0_181'
Driver info: com.kms.katalon.selenium.driver.CChromeDriver
Capabilities {acceptInsecureCerts: true, browserName: chrome, browserVersion: 120.0.6099.200, chrome: {chromedriverVersion: 119.0.6045.105 (38c72552c5e..., userDataDir: C:\Users\imtiaz\AppData\Loc...}, fedcm:accounts: true, goog:chromeOptions: {debuggerAddress: localhost:63729}, javascriptEnabled: true, networkConnectionEnabled: false, pageLoadStrategy: normal, platform: WINDOWS, platformName: WINDOWS, proxy: Proxy(), setWindowRect: true, strictFileInteractability: false, timeouts: {implicit: 0, pageLoad: 300000, script: 30000}, unhandledPromptBehavior: dismiss and notify, webauthn:extension:credBlob: true, webauthn:extension:largeBlob: true, webauthn:extension:minPinLength: true, webauthn:extension:prf: true, webauthn:virtualAuthenticators: true}
Session ID: 716946f1600cd6da6d5866aebe30df3b
	at org.openqa.selenium.remote.http.W3CHttpResponseCodec.createException(W3CHttpResponseCodec.java:187)
	at org.openqa.selenium.remote.http.W3CHttpResponseCodec.decode(W3CHttpResponseCodec.java:122)
	at org.openqa.selenium.remote.http.W3CHttpResponseCodec.decode(W3CHttpResponseCodec.java:49)
	at org.openqa.selenium.remote.HttpCommandExecutor.execute(HttpCommandExecutor.java:158)
	at org.openqa.selenium.remote.service.DriverCommandExecutor.execute(DriverCommandExecutor.java:83)
	at org.openqa.selenium.remote.RemoteWebDriver.execute(RemoteWebDriver.java:552)
	at com.kms.katalon.selenium.driver.CChromeDriver.execute(CChromeDriver.java:19)
	at org.openqa.selenium.remote.RemoteWebElement.execute(RemoteWebElement.java:285)
	at org.openqa.selenium.remote.RemoteWebElement.clear(RemoteWebElement.java:124)
	at org.openqa.selenium.support.events.EventFiringWebDriver$EventFiringWebElement.lambda$new$0(EventFiringWebDriver.java:404)
	at com.sun.proxy.$Proxy11.clear(Unknown Source)
	at org.openqa.selenium.support.events.EventFiringWebDriver$EventFiringWebElement.clear(EventFiringWebDriver.java:436)
	at com.kms.katalon.core.webui.keyword.builtin.SetEncryptedTextKeyword$_setEncryptedText_closure1.doCall(SetEncryptedTextKeyword.groovy:54)
	at com.kms.katalon.core.webui.keyword.builtin.SetEncryptedTextKeyword$_setEncryptedText_closure1.call(SetEncryptedTextKeyword.groovy)
	at com.kms.katalon.core.webui.keyword.internal.WebUIKeywordMain.runKeyword(WebUIKeywordMain.groovy:20)
	at com.kms.katalon.core.webui.keyword.builtin.SetEncryptedTextKeyword.setEncryptedText(SetEncryptedTextKeyword.groovy:65)
	at com.kms.katalon.core.webui.keyword.builtin.SetEncryptedTextKeyword.execute(SetEncryptedTextKeyword.groovy:34)
	at com.kms.katalon.core.keyword.internal.KeywordExecutor.executeKeywordForPlatform(KeywordExecutor.groovy:74)
	at com.kms.katalon.core.webui.keyword.WebUiBuiltInKeywords.setEncryptedText(WebUiBuiltInKeywords.groovy:1011)
	at com.kms.katalon.core.webui.keyword.WebUiBuiltInKeywords$setEncryptedText$4.call(Unknown Source)
	at Script1696014034709.run(Script1696014034709.groovy:184)
	... 13 more
)
[[ATTACHMENT|E:\\Cloned-Project-Katalon\\VPS-Katalon\\Reports\\20240113_222941\\RAD_TestSuite\\RAD_UI_TestSuite\\20240113_222941\\1705204133744.png]]

2024-01-13 22:48:54 - [TEST_STEP][FAILED] - setEncryptedText(findTestObject(orPath_TaxInfo + "/input_FederalEIN_ReEnter-2"), ""): Unable to set encrypted text for object 'Object Repository/RAD_Pages/TaxInfo_Page/input_FederalEIN_ReEnter-2' (Root cause: com.kms.katalon.core.exception.StepFailedException: Unable to set encrypted text for object 'Object Repository/RAD_Pages/TaxInfo_Page/input_FederalEIN_ReEnter-2'
	at com.kms.katalon.core.webui.keyword.internal.WebUIKeywordMain.stepFailed(WebUIKeywordMain.groovy:64)
	at com.kms.katalon.core.webui.keyword.internal.WebUIKeywordMain.runKeyword(WebUIKeywordMain.groovy:26)
	at com.kms.katalon.core.webui.keyword.builtin.SetEncryptedTextKeyword.setEncryptedText(SetEncryptedTextKeyword.groovy:65)
	at com.kms.katalon.core.webui.keyword.builtin.SetEncryptedTextKeyword.execute(SetEncryptedTextKeyword.groovy:34)
	at com.kms.katalon.core.keyword.internal.KeywordExecutor.executeKeywordForPlatform(KeywordExecutor.groovy:74)
	at com.kms.katalon.core.webui.keyword.WebUiBuiltInKeywords.setEncryptedText(WebUiBuiltInKeywords.groovy:1011)
	at com.kms.katalon.core.webui.keyword.WebUiBuiltInKeywords$setEncryptedText$4.call(Unknown Source)
	at FEINandFEINSSNlessThan9Error.run(FEINandFEINSSNlessThan9Error:185)
	at com.kms.katalon.core.main.ScriptEngine.run(ScriptEngine.java:194)
	at com.kms.katalon.core.main.ScriptEngine.runScriptAsRawText(ScriptEngine.java:119)
	at com.kms.katalon.core.main.TestCaseExecutor.runScript(TestCaseExecutor.java:448)
	at com.kms.katalon.core.main.TestCaseExecutor.doExecute(TestCaseExecutor.java:439)
	at com.kms.katalon.core.main.TestCaseExecutor.processExecutionPhase(TestCaseExecutor.java:418)
	at com.kms.katalon.core.main.TestCaseExecutor.accessMainPhase(TestCaseExecutor.java:410)
	at com.kms.katalon.core.main.TestCaseExecutor.execute(TestCaseExecutor.java:285)
	at com.kms.katalon.core.common.CommonExecutor.accessTestCaseMainPhase(CommonExecutor.java:65)
	at com.kms.katalon.core.main.TestSuiteExecutor.accessTestSuiteMainPhase(TestSuiteExecutor.java:148)
	at com.kms.katalon.core.main.TestSuiteExecutor.execute(TestSuiteExecutor.java:106)
	at com.kms.katalon.core.main.TestCaseMain.startTestSuite(TestCaseMain.java:187)
	at com.kms.katalon.core.main.TestCaseMain$startTestSuite$0.call(Unknown Source)
	at TempTestSuite1705202981112.run(TempTestSuite1705202981112.groovy:36)
Caused by: org.openqa.selenium.ElementNotInteractableException: element not interactable
  (Session info: chrome=120.0.6099.200)
Build info: version: '3.141.59', revision: 'e82be7d358', time: '2018-11-14T08:25:53'
System info: host: 'DESKTOP-B2QI6NS', ip: '172.31.253.139', os.name: 'Windows 10', os.arch: 'amd64', os.version: '10.0', java.version: '1.8.0_181'
Driver info: com.kms.katalon.selenium.driver.CChromeDriver
Capabilities {acceptInsecureCerts: true, browserName: chrome, browserVersion: 120.0.6099.200, chrome: {chromedriverVersion: 119.0.6045.105 (38c72552c5e..., userDataDir: C:\Users\imtiaz\AppData\Loc...}, fedcm:accounts: true, goog:chromeOptions: {debuggerAddress: localhost:63729}, javascriptEnabled: true, networkConnectionEnabled: false, pageLoadStrategy: normal, platform: WINDOWS, platformName: WINDOWS, proxy: Proxy(), setWindowRect: true, strictFileInteractability: false, timeouts: {implicit: 0, pageLoad: 300000, script: 30000}, unhandledPromptBehavior: dismiss and notify, webauthn:extension:credBlob: true, webauthn:extension:largeBlob: true, webauthn:extension:minPinLength: true, webauthn:extension:prf: true, webauthn:virtualAuthenticators: true}
Session ID: 716946f1600cd6da6d5866aebe30df3b
	at org.openqa.selenium.remote.http.W3CHttpResponseCodec.createException(W3CHttpResponseCodec.java:187)
	at org.openqa.selenium.remote.http.W3CHttpResponseCodec.decode(W3CHttpResponseCodec.java:122)
	at org.openqa.selenium.remote.http.W3CHttpResponseCodec.decode(W3CHttpResponseCodec.java:49)
	at org.openqa.selenium.remote.HttpCommandExecutor.execute(HttpCommandExecutor.java:158)
	at org.openqa.selenium.remote.service.DriverCommandExecutor.execute(DriverCommandExecutor.java:83)
	at org.openqa.selenium.remote.RemoteWebDriver.execute(RemoteWebDriver.java:552)
	at com.kms.katalon.selenium.driver.CChromeDriver.execute(CChromeDriver.java:19)
	at org.openqa.selenium.remote.RemoteWebElement.execute(RemoteWebElement.java:285)
	at org.openqa.selenium.remote.RemoteWebElement.clear(RemoteWebElement.java:124)
	at org.openqa.selenium.support.events.EventFiringWebDriver$EventFiringWebElement.lambda$new$0(EventFiringWebDriver.java:404)
	at com.sun.proxy.$Proxy11.clear(Unknown Source)
	at org.openqa.selenium.support.events.EventFiringWebDriver$EventFiringWebElement.clear(EventFiringWebDriver.java:436)
	at com.kms.katalon.core.webui.keyword.builtin.SetEncryptedTextKeyword$_setEncryptedText_closure1.doCall(SetEncryptedTextKeyword.groovy:54)
	at com.kms.katalon.core.webui.keyword.builtin.SetEncryptedTextKeyword$_setEncryptedText_closure1.call(SetEncryptedTextKeyword.groovy)
	at com.kms.katalon.core.webui.keyword.internal.WebUIKeywordMain.runKeyword(WebUIKeywordMain.groovy:20)
	at com.kms.katalon.core.webui.keyword.builtin.SetEncryptedTextKeyword.setEncryptedText(SetEncryptedTextKeyword.groovy:65)
	at com.kms.katalon.core.webui.keyword.builtin.SetEncryptedTextKeyword.execute(SetEncryptedTextKeyword.groovy:34)
	at com.kms.katalon.core.keyword.internal.KeywordExecutor.executeKeywordForPlatform(KeywordExecutor.groovy:74)
	at com.kms.katalon.core.webui.keyword.WebUiBuiltInKeywords.setEncryptedText(WebUiBuiltInKeywords.groovy:1011)
	at com.kms.katalon.core.webui.keyword.WebUiBuiltInKeywords$setEncryptedText$4.call(Unknown Source)
	at Script1696014034709.run(Script1696014034709.groovy:185)
	... 13 more
)

2024-01-13 22:48:54 - [MESSAGE][FAILED] - Unable to set encrypted text for object 'Object Repository/RAD_Pages/TaxInfo_Page/input_FederalEIN_ReEnter-2' (Root cause: com.kms.katalon.core.exception.StepFailedException: Unable to set encrypted text for object 'Object Repository/RAD_Pages/TaxInfo_Page/input_FederalEIN_ReEnter-2'
	at com.kms.katalon.core.webui.keyword.internal.WebUIKeywordMain.stepFailed(WebUIKeywordMain.groovy:64)
	at com.kms.katalon.core.webui.keyword.internal.WebUIKeywordMain.runKeyword(WebUIKeywordMain.groovy:26)
	at com.kms.katalon.core.webui.keyword.builtin.SetEncryptedTextKeyword.setEncryptedText(SetEncryptedTextKeyword.groovy:65)
	at com.kms.katalon.core.webui.keyword.builtin.SetEncryptedTextKeyword.execute(SetEncryptedTextKeyword.groovy:34)
	at com.kms.katalon.core.keyword.internal.KeywordExecutor.executeKeywordForPlatform(KeywordExecutor.groovy:74)
	at com.kms.katalon.core.webui.keyword.WebUiBuiltInKeywords.setEncryptedText(WebUiBuiltInKeywords.groovy:1011)
	at com.kms.katalon.core.webui.keyword.WebUiBuiltInKeywords$setEncryptedText$4.call(Unknown Source)
	at FEINandFEINSSNlessThan9Error.run(FEINandFEINSSNlessThan9Error:185)
	at com.kms.katalon.core.main.ScriptEngine.run(ScriptEngine.java:194)
	at com.kms.katalon.core.main.ScriptEngine.runScriptAsRawText(ScriptEngine.java:119)
	at com.kms.katalon.core.main.TestCaseExecutor.runScript(TestCaseExecutor.java:448)
	at com.kms.katalon.core.main.TestCaseExecutor.doExecute(TestCaseExecutor.java:439)
	at com.kms.katalon.core.main.TestCaseExecutor.processExecutionPhase(TestCaseExecutor.java:418)
	at com.kms.katalon.core.main.TestCaseExecutor.accessMainPhase(TestCaseExecutor.java:410)
	at com.kms.katalon.core.main.TestCaseExecutor.execute(TestCaseExecutor.java:285)
	at com.kms.katalon.core.common.CommonExecutor.accessTestCaseMainPhase(CommonExecutor.java:65)
	at com.kms.katalon.core.main.TestSuiteExecutor.accessTestSuiteMainPhase(TestSuiteExecutor.java:148)
	at com.kms.katalon.core.main.TestSuiteExecutor.execute(TestSuiteExecutor.java:106)
	at com.kms.katalon.core.main.TestCaseMain.startTestSuite(TestCaseMain.java:187)
	at com.kms.katalon.core.main.TestCaseMain$startTestSuite$0.call(Unknown Source)
	at TempTestSuite1705202981112.run(TempTestSuite1705202981112.groovy:36)
Caused by: org.openqa.selenium.ElementNotInteractableException: element not interactable
  (Session info: chrome=120.0.6099.200)
Build info: version: '3.141.59', revision: 'e82be7d358', time: '2018-11-14T08:25:53'
System info: host: 'DESKTOP-B2QI6NS', ip: '172.31.253.139', os.name: 'Windows 10', os.arch: 'amd64', os.version: '10.0', java.version: '1.8.0_181'
Driver info: com.kms.katalon.selenium.driver.CChromeDriver
Capabilities {acceptInsecureCerts: true, browserName: chrome, browserVersion: 120.0.6099.200, chrome: {chromedriverVersion: 119.0.6045.105 (38c72552c5e..., userDataDir: C:\Users\imtiaz\AppData\Loc...}, fedcm:accounts: true, goog:chromeOptions: {debuggerAddress: localhost:63729}, javascriptEnabled: true, networkConnectionEnabled: false, pageLoadStrategy: normal, platform: WINDOWS, platformName: WINDOWS, proxy: Proxy(), setWindowRect: true, strictFileInteractability: false, timeouts: {implicit: 0, pageLoad: 300000, script: 30000}, unhandledPromptBehavior: dismiss and notify, webauthn:extension:credBlob: true, webauthn:extension:largeBlob: true, webauthn:extension:minPinLength: true, webauthn:extension:prf: true, webauthn:virtualAuthenticators: true}
Session ID: 716946f1600cd6da6d5866aebe30df3b
	at org.openqa.selenium.remote.http.W3CHttpResponseCodec.createException(W3CHttpResponseCodec.java:187)
	at org.openqa.selenium.remote.http.W3CHttpResponseCodec.decode(W3CHttpResponseCodec.java:122)
	at org.openqa.selenium.remote.http.W3CHttpResponseCodec.decode(W3CHttpResponseCodec.java:49)
	at org.openqa.selenium.remote.HttpCommandExecutor.execute(HttpCommandExecutor.java:158)
	at org.openqa.selenium.remote.service.DriverCommandExecutor.execute(DriverCommandExecutor.java:83)
	at org.openqa.selenium.remote.RemoteWebDriver.execute(RemoteWebDriver.java:552)
	at com.kms.katalon.selenium.driver.CChromeDriver.execute(CChromeDriver.java:19)
	at org.openqa.selenium.remote.RemoteWebElement.execute(RemoteWebElement.java:285)
	at org.openqa.selenium.remote.RemoteWebElement.clear(RemoteWebElement.java:124)
	at org.openqa.selenium.support.events.EventFiringWebDriver$EventFiringWebElement.lambda$new$0(EventFiringWebDriver.java:404)
	at com.sun.proxy.$Proxy11.clear(Unknown Source)
	at org.openqa.selenium.support.events.EventFiringWebDriver$EventFiringWebElement.clear(EventFiringWebDriver.java:436)
	at com.kms.katalon.core.webui.keyword.builtin.SetEncryptedTextKeyword$_setEncryptedText_closure1.doCall(SetEncryptedTextKeyword.groovy:54)
	at com.kms.katalon.core.webui.keyword.builtin.SetEncryptedTextKeyword$_setEncryptedText_closure1.call(SetEncryptedTextKeyword.groovy)
	at com.kms.katalon.core.webui.keyword.internal.WebUIKeywordMain.runKeyword(WebUIKeywordMain.groovy:20)
	at com.kms.katalon.core.webui.keyword.builtin.SetEncryptedTextKeyword.setEncryptedText(SetEncryptedTextKeyword.groovy:65)
	at com.kms.katalon.core.webui.keyword.builtin.SetEncryptedTextKeyword.execute(SetEncryptedTextKeyword.groovy:34)
	at com.kms.katalon.core.keyword.internal.KeywordExecutor.executeKeywordForPlatform(KeywordExecutor.groovy:74)
	at com.kms.katalon.core.webui.keyword.WebUiBuiltInKeywords.setEncryptedText(WebUiBuiltInKeywords.groovy:1011)
	at com.kms.katalon.core.webui.keyword.WebUiBuiltInKeywords$setEncryptedText$4.call(Unknown Source)
	at Script1696014034709.run(Script1696014034709.groovy:185)
	... 13 more
)
[[ATTACHMENT|E:\\Cloned-Project-Katalon\\VPS-Katalon\\Reports\\20240113_222941\\RAD_TestSuite\\RAD_UI_TestSuite\\20240113_222941\\1705204134432.png]]

2024-01-13 22:48:54 - [TEST_STEP][PASSED] - break: null

2024-01-13 22:48:54 - [TEST_STEP][PASSED] - if (feinSsn.equalsIgnoreCase("Y")): null

2024-01-13 22:48:54 - [TEST_STEP][FAILED] - else: null

2024-01-13 22:48:54 - [TEST_STEP][FAILED] - if (verifyTextPresent("Please enter a valid FEIN with 9 digits.", true)): Text 'Please enter a valid FEIN with 9 digits.' is not present on page  using regular expression (Root cause: com.kms.katalon.core.exception.StepFailedException: Text 'Please enter a valid FEIN with 9 digits.' is not present on page  using regular expression
	at com.kms.katalon.core.webui.keyword.internal.WebUIKeywordMain.stepFailed(WebUIKeywordMain.groovy:64)
	at com.kms.katalon.core.webui.keyword.builtin.VerifyTextPresentKeyword$_verifyTextPresent_closure1.doCall(VerifyTextPresentKeyword.groovy:79)
	at com.kms.katalon.core.webui.keyword.builtin.VerifyTextPresentKeyword$_verifyTextPresent_closure1.call(VerifyTextPresentKeyword.groovy)
	at com.kms.katalon.core.webui.keyword.internal.WebUIKeywordMain.runKeyword(WebUIKeywordMain.groovy:20)
	at com.kms.katalon.core.webui.keyword.builtin.VerifyTextPresentKeyword.verifyTextPresent(VerifyTextPresentKeyword.groovy:83)
	at com.kms.katalon.core.webui.keyword.builtin.VerifyTextPresentKeyword.execute(VerifyTextPresentKeyword.groovy:68)
	at com.kms.katalon.core.keyword.internal.KeywordExecutor.executeKeywordForPlatform(KeywordExecutor.groovy:74)
	at com.kms.katalon.core.webui.keyword.WebUiBuiltInKeywords.verifyTextPresent(WebUiBuiltInKeywords.groovy:1723)
	at com.kms.katalon.core.webui.keyword.WebUiBuiltInKeywords$verifyTextPresent$6.call(Unknown Source)
	at FEINandFEINSSNlessThan9Error.run(FEINandFEINSSNlessThan9Error:217)
	at com.kms.katalon.core.main.ScriptEngine.run(ScriptEngine.java:194)
	at com.kms.katalon.core.main.ScriptEngine.runScriptAsRawText(ScriptEngine.java:119)
	at com.kms.katalon.core.main.TestCaseExecutor.runScript(TestCaseExecutor.java:448)
	at com.kms.katalon.core.main.TestCaseExecutor.doExecute(TestCaseExecutor.java:439)
	at com.kms.katalon.core.main.TestCaseExecutor.processExecutionPhase(TestCaseExecutor.java:418)
	at com.kms.katalon.core.main.TestCaseExecutor.accessMainPhase(TestCaseExecutor.java:410)
	at com.kms.katalon.core.main.TestCaseExecutor.execute(TestCaseExecutor.java:285)
	at com.kms.katalon.core.common.CommonExecutor.accessTestCaseMainPhase(CommonExecutor.java:65)
	at com.kms.katalon.core.main.TestSuiteExecutor.accessTestSuiteMainPhase(TestSuiteExecutor.java:148)
	at com.kms.katalon.core.main.TestSuiteExecutor.execute(TestSuiteExecutor.java:106)
	at com.kms.katalon.core.main.TestCaseMain.startTestSuite(TestCaseMain.java:187)
	at com.kms.katalon.core.main.TestCaseMain$startTestSuite$0.call(Unknown Source)
	at TempTestSuite1705202981112.run(TempTestSuite1705202981112.groovy:36)
)

2024-01-13 22:48:55 - [MESSAGE][FAILED] - Text 'Please enter a valid FEIN with 9 digits.' is not present on page  using regular expression (Root cause: com.kms.katalon.core.exception.StepFailedException: Text 'Please enter a valid FEIN with 9 digits.' is not present on page  using regular expression
	at com.kms.katalon.core.webui.keyword.internal.WebUIKeywordMain.stepFailed(WebUIKeywordMain.groovy:64)
	at com.kms.katalon.core.webui.keyword.builtin.VerifyTextPresentKeyword$_verifyTextPresent_closure1.doCall(VerifyTextPresentKeyword.groovy:79)
	at com.kms.katalon.core.webui.keyword.builtin.VerifyTextPresentKeyword$_verifyTextPresent_closure1.call(VerifyTextPresentKeyword.groovy)
	at com.kms.katalon.core.webui.keyword.internal.WebUIKeywordMain.runKeyword(WebUIKeywordMain.groovy:20)
	at com.kms.katalon.core.webui.keyword.builtin.VerifyTextPresentKeyword.verifyTextPresent(VerifyTextPresentKeyword.groovy:83)
	at com.kms.katalon.core.webui.keyword.builtin.VerifyTextPresentKeyword.execute(VerifyTextPresentKeyword.groovy:68)
	at com.kms.katalon.core.keyword.internal.KeywordExecutor.executeKeywordForPlatform(KeywordExecutor.groovy:74)
	at com.kms.katalon.core.webui.keyword.WebUiBuiltInKeywords.verifyTextPresent(WebUiBuiltInKeywords.groovy:1723)
	at com.kms.katalon.core.webui.keyword.WebUiBuiltInKeywords$verifyTextPresent$6.call(Unknown Source)
	at FEINandFEINSSNlessThan9Error.run(FEINandFEINSSNlessThan9Error:217)
	at com.kms.katalon.core.main.ScriptEngine.run(ScriptEngine.java:194)
	at com.kms.katalon.core.main.ScriptEngine.runScriptAsRawText(ScriptEngine.java:119)
	at com.kms.katalon.core.main.TestCaseExecutor.runScript(TestCaseExecutor.java:448)
	at com.kms.katalon.core.main.TestCaseExecutor.doExecute(TestCaseExecutor.java:439)
	at com.kms.katalon.core.main.TestCaseExecutor.processExecutionPhase(TestCaseExecutor.java:418)
	at com.kms.katalon.core.main.TestCaseExecutor.accessMainPhase(TestCaseExecutor.java:410)
	at com.kms.katalon.core.main.TestCaseExecutor.execute(TestCaseExecutor.java:285)
	at com.kms.katalon.core.common.CommonExecutor.accessTestCaseMainPhase(CommonExecutor.java:65)
	at com.kms.katalon.core.main.TestSuiteExecutor.accessTestSuiteMainPhase(TestSuiteExecutor.java:148)
	at com.kms.katalon.core.main.TestSuiteExecutor.execute(TestSuiteExecutor.java:106)
	at com.kms.katalon.core.main.TestCaseMain.startTestSuite(TestCaseMain.java:187)
	at com.kms.katalon.core.main.TestCaseMain$startTestSuite$0.call(Unknown Source)
	at TempTestSuite1705202981112.run(TempTestSuite1705202981112.groovy:36)
)

2024-01-13 22:48:55 - [TEST_STEP][PASSED] - else: pages.WriteExcel.demoKey is PASSED

2024-01-13 22:48:55 - [TEST_STEP][PASSED] - println("Error Message is NOT present on the page"): null

2024-01-13 22:48:55 - [TEST_STEP][PASSED] - out.println("Fail Record Number: " + row): null

2024-01-13 22:48:55 - [TEST_STEP][PASSED] - resText = "Fail": null

2024-01-13 22:48:55 - [TEST_STEP][PASSED] - pages.WriteExcel.demoKey(resText, datText, resColumn, datCloumn, fileLoc, nameSheet, row): pages.WriteExcel.demoKey is PASSED

2024-01-13 22:48:55 - [MESSAGE][PASSED] - pages.WriteExcel.demoKey is PASSED

2024-01-13 22:48:55 - [TEST_STEP][PASSED] - ExecuteTC = findTestData(dataFile).getValue("Execute", row): null

2024-01-13 22:48:55 - [TEST_STEP][PASSED] - Taxtype = findTestData(dataFile).getValue("TaxType", row): null

2024-01-13 22:48:55 - [TEST_STEP][PASSED] - Paymenttype = findTestData(dataFile).getValue("PaymentType", row): null

2024-01-13 22:48:55 - [TEST_STEP][PASSED] - feinSsn = findTestData(dataFile).getValue("FEINSSN", row): null

2024-01-13 22:48:55 - [TEST_STEP][PASSED] - out.println("Value of Execute is : " + ExecuteTC): null

2024-01-13 22:48:55 - [TEST_STEP][PASSED] - if (ExecuteTC.equalsIgnoreCase("Y")): null

2024-01-13 22:48:55 - [TEST_STEP][PASSED] - out.println("Begin Record Number: " + row): null

2024-01-13 22:48:55 - [TEST_STEP][PASSED] - today = new java.util.Date(): null

2024-01-13 22:48:55 - [TEST_STEP][PASSED] - println(today): null

2024-01-13 22:48:55 - [TEST_STEP][PASSED] - datText = today: null

2024-01-13 22:48:55 - [TEST_STEP][PASSED] - Taxtype = findTestData(dataFile).getValue("TaxType", row): null

2024-01-13 22:48:55 - [TEST_STEP][PASSED] - out.println("Taxtype value is : " + Taxtype): null

2024-01-13 22:48:55 - [TEST_STEP][PASSED] - openBrowser(""): Browser is opened with url: ''

2024-01-13 22:48:55 - [MESSAGE][WARNING] - A browser is already opened. Closing browser and opening a new one

2024-01-13 22:48:56 - [MESSAGE][INFO] - Starting 'Chrome' driver

2024-01-13 22:48:56 - [MESSAGE][INFO] - User set preference: ['acceptInsecureCerts', 'true']

2024-01-13 22:48:56 - [MESSAGE][INFO] - Action delay is set to 0 milliseconds

2024-01-13 22:48:57 - [MESSAGE][PASSED] - Browser is opened with url: ''

2024-01-13 22:48:57 - [TEST_STEP][PASSED] - maximizeWindow(): Current window maximized

2024-01-13 22:48:57 - [MESSAGE][PASSED] - Current window maximized

2024-01-13 22:48:57 - [TEST_STEP][PASSED] - navigateToUrl(RADurl): Navigate to 'https://qa2.velocitypayment.com/client/rad/index.html' successfully

2024-01-13 22:48:59 - [MESSAGE][PASSED] - Navigate to 'https://qa2.velocitypayment.com/client/rad/index.html' successfully

2024-01-13 22:48:59 - [TEST_STEP][PASSED] - orPath_Landing = "Object Repository/RAD_Pages/Landing_Page": null

2024-01-13 22:48:59 - [TEST_STEP][PASSED] - orPath_TaxTypeFilingYear = "Object Repository/RAD_Pages/TaxTypeFilingYear_Page": null

2024-01-13 22:48:59 - [TEST_STEP][PASSED] - orPath_TaxPayer = "Object Repository/RAD_Pages/Taxpayer_Page": null

2024-01-13 22:48:59 - [TEST_STEP][PASSED] - orPath_AddressContact = "Object Repository/RAD_Pages/AddressAndContactInfo_Page": null

2024-01-13 22:48:59 - [TEST_STEP][PASSED] - orPath_FilingStatus = "Object Repository/RAD_Pages/FilingStatus_Page": null

2024-01-13 22:48:59 - [TEST_STEP][PASSED] - orPath_Amount = "Object Repository/RAD_Pages/PaymentAmount_Page": null

2024-01-13 22:48:59 - [TEST_STEP][PASSED] - orPath_TaxInfo = "Object Repository/RAD_Pages/TaxInfo_Page": null

2024-01-13 22:48:59 - [TEST_STEP][PASSED] - orPath_Withholding = "Object Repository/RAD_Pages/Withholding_Page": null

2024-01-13 22:48:59 - [TEST_STEP][PASSED] - orPath_Summary = "Object Repository/RAD_Pages/Summary_Page": null

2024-01-13 22:48:59 - [TEST_STEP][PASSED] - orPath_PaymentReady = "Object Repository/RAD_Pages/PaymentReady_Page": null

2024-01-13 22:48:59 - [TEST_STEP][PASSED] - orPath_PaymentEntry = "Object Repository/RAD_Pages/PaymentEntry_Page": null

2024-01-13 22:48:59 - [TEST_STEP][PASSED] - orPath_PaymentConfirmation = "Object Repository/RAD_Pages/PaymentConfirmation_Page": null

2024-01-13 22:48:59 - [TEST_STEP][PASSED] - orPath_ServiceFeesAccept = "Object Repository/RAD_Pages/ServiceFeeAccept_Page": null

2024-01-13 22:48:59 - [TEST_STEP][PASSED] - selectOptionByLabel(findTestObject(orPath_Landing + "/dd_TaxType"), Paymenttype, false): All options with label 'New Tax Return Amount Due' are selected in object 'Object Repository/RAD_Pages/Landing_Page/dd_TaxType' 

2024-01-13 22:49:00 - [MESSAGE][PASSED] - All options with label 'New Tax Return Amount Due' are selected in object 'Object Repository/RAD_Pages/Landing_Page/dd_TaxType' 

2024-01-13 22:49:00 - [TEST_STEP][PASSED] - delay(1): Delayed 1 second(s)

2024-01-13 22:49:01 - [MESSAGE][PASSED] - Delayed 1 second(s)

2024-01-13 22:49:01 - [TEST_STEP][PASSED] - switch (Paymenttype): null

2024-01-13 22:49:01 - [TEST_STEP][PASSED] - case "New Tax Return Amount Due":: null

2024-01-13 22:49:01 - [TEST_STEP][PASSED] - selectOptionByLabel(findTestObject("Object Repository/RAD_Pages/Landing_Page/select_NewTaxReturnAmountDue_TaxType"), Taxtype, false): All options with label 'Transportation Network Services' are selected in object 'Object Repository/RAD_Pages/Landing_Page/select_NewTaxReturnAmountDue_TaxType' 

2024-01-13 22:49:01 - [MESSAGE][PASSED] - All options with label 'Transportation Network Services' are selected in object 'Object Repository/RAD_Pages/Landing_Page/select_NewTaxReturnAmountDue_TaxType' 

2024-01-13 22:49:01 - [TEST_STEP][PASSED] - break: null

2024-01-13 22:49:01 - [TEST_STEP][PASSED] - delay(1): Delayed 1 second(s)

2024-01-13 22:49:02 - [MESSAGE][PASSED] - Delayed 1 second(s)

2024-01-13 22:49:02 - [TEST_STEP][PASSED] - switch (Paymenttype): null

2024-01-13 22:49:02 - [TEST_STEP][PASSED] - case "New Tax Return Amount Due":: null

2024-01-13 22:49:02 - [TEST_STEP][PASSED] - if (feinSsn.equalsIgnoreCase("Y")): null

2024-01-13 22:49:02 - [TEST_STEP][PASSED] - else: Text ****** has been set on object 'Object Repository/RAD_Pages/TaxInfo_Page/input_FederalEIN_ReEnter-2'

2024-01-13 22:49:02 - [TEST_STEP][PASSED] - setEncryptedText(findTestObject(orPath_TaxInfo + "/input_FederalEIN-2"), "iGDxf8hSRT4="): Text ****** has been set on object 'Object Repository/RAD_Pages/TaxInfo_Page/input_FederalEIN-2'

2024-01-13 22:49:03 - [MESSAGE][PASSED] - Text ****** has been set on object 'Object Repository/RAD_Pages/TaxInfo_Page/input_FederalEIN-2'

2024-01-13 22:49:03 - [TEST_STEP][PASSED] - setEncryptedText(findTestObject(orPath_TaxInfo + "/input_FederalEIN_ReEnter-2"), ""): Text ****** has been set on object 'Object Repository/RAD_Pages/TaxInfo_Page/input_FederalEIN_ReEnter-2'

2024-01-13 22:49:03 - [MESSAGE][PASSED] - Text ****** has been set on object 'Object Repository/RAD_Pages/TaxInfo_Page/input_FederalEIN_ReEnter-2'

2024-01-13 22:49:03 - [TEST_STEP][PASSED] - break: null

2024-01-13 22:49:03 - [TEST_STEP][PASSED] - if (feinSsn.equalsIgnoreCase("Y")): null

2024-01-13 22:49:03 - [TEST_STEP][PASSED] - else: null

2024-01-13 22:49:03 - [TEST_STEP][PASSED] - if (verifyTextPresent("Please enter a valid FEIN with 9 digits.", true)): null

2024-01-13 22:49:04 - [MESSAGE][PASSED] - Text 'Please enter a valid FEIN with 9 digits.' is present on page  using regular expression

2024-01-13 22:49:04 - [TEST_STEP][PASSED] - println("Error Message is present on the page"): null

2024-01-13 22:49:04 - [TEST_STEP][PASSED] - out.println("Pass Record Number: " + row): null

2024-01-13 22:49:04 - [TEST_STEP][PASSED] - resText = "Pass": null

2024-01-13 22:49:04 - [TEST_STEP][PASSED] - pages.WriteExcel.demoKey(resText, datText, resColumn, datCloumn, fileLoc, nameSheet, row): pages.WriteExcel.demoKey is PASSED

2024-01-13 22:49:04 - [MESSAGE][PASSED] - pages.WriteExcel.demoKey is PASSED

2024-01-13 22:49:04 - [TEST_STEP][PASSED] - ExecuteTC = findTestData(dataFile).getValue("Execute", row): null

2024-01-13 22:49:04 - [TEST_STEP][PASSED] - Taxtype = findTestData(dataFile).getValue("TaxType", row): null

2024-01-13 22:49:04 - [TEST_STEP][PASSED] - Paymenttype = findTestData(dataFile).getValue("PaymentType", row): null

2024-01-13 22:49:04 - [TEST_STEP][PASSED] - feinSsn = findTestData(dataFile).getValue("FEINSSN", row): null

2024-01-13 22:49:04 - [TEST_STEP][PASSED] - out.println("Value of Execute is : " + ExecuteTC): null

2024-01-13 22:49:04 - [TEST_STEP][PASSED] - if (ExecuteTC.equalsIgnoreCase("Y")): null

2024-01-13 22:49:04 - [TEST_STEP][PASSED] - out.println("Begin Record Number: " + row): null

2024-01-13 22:49:04 - [TEST_STEP][PASSED] - today = new java.util.Date(): null

2024-01-13 22:49:04 - [TEST_STEP][PASSED] - println(today): null

2024-01-13 22:49:04 - [TEST_STEP][PASSED] - datText = today: null

2024-01-13 22:49:04 - [TEST_STEP][PASSED] - Taxtype = findTestData(dataFile).getValue("TaxType", row): null

2024-01-13 22:49:04 - [TEST_STEP][PASSED] - out.println("Taxtype value is : " + Taxtype): null

2024-01-13 22:49:04 - [TEST_STEP][PASSED] - openBrowser(""): Browser is opened with url: ''

2024-01-13 22:49:04 - [MESSAGE][WARNING] - A browser is already opened. Closing browser and opening a new one

2024-01-13 22:49:05 - [MESSAGE][INFO] - Starting 'Chrome' driver

2024-01-13 22:49:05 - [MESSAGE][INFO] - User set preference: ['acceptInsecureCerts', 'true']

2024-01-13 22:49:05 - [MESSAGE][INFO] - Action delay is set to 0 milliseconds

2024-01-13 22:49:07 - [MESSAGE][PASSED] - Browser is opened with url: ''

2024-01-13 22:49:07 - [TEST_STEP][PASSED] - maximizeWindow(): Current window maximized

2024-01-13 22:49:07 - [MESSAGE][PASSED] - Current window maximized

2024-01-13 22:49:07 - [TEST_STEP][PASSED] - navigateToUrl(RADurl): Navigate to 'https://qa2.velocitypayment.com/client/rad/index.html' successfully

2024-01-13 22:49:08 - [MESSAGE][PASSED] - Navigate to 'https://qa2.velocitypayment.com/client/rad/index.html' successfully

2024-01-13 22:49:08 - [TEST_STEP][PASSED] - orPath_Landing = "Object Repository/RAD_Pages/Landing_Page": null

2024-01-13 22:49:08 - [TEST_STEP][PASSED] - orPath_TaxTypeFilingYear = "Object Repository/RAD_Pages/TaxTypeFilingYear_Page": null

2024-01-13 22:49:08 - [TEST_STEP][PASSED] - orPath_TaxPayer = "Object Repository/RAD_Pages/Taxpayer_Page": null

2024-01-13 22:49:08 - [TEST_STEP][PASSED] - orPath_AddressContact = "Object Repository/RAD_Pages/AddressAndContactInfo_Page": null

2024-01-13 22:49:08 - [TEST_STEP][PASSED] - orPath_FilingStatus = "Object Repository/RAD_Pages/FilingStatus_Page": null

2024-01-13 22:49:08 - [TEST_STEP][PASSED] - orPath_Amount = "Object Repository/RAD_Pages/PaymentAmount_Page": null

2024-01-13 22:49:08 - [TEST_STEP][PASSED] - orPath_TaxInfo = "Object Repository/RAD_Pages/TaxInfo_Page": null

2024-01-13 22:49:08 - [TEST_STEP][PASSED] - orPath_Withholding = "Object Repository/RAD_Pages/Withholding_Page": null

2024-01-13 22:49:08 - [TEST_STEP][PASSED] - orPath_Summary = "Object Repository/RAD_Pages/Summary_Page": null

2024-01-13 22:49:08 - [TEST_STEP][PASSED] - orPath_PaymentReady = "Object Repository/RAD_Pages/PaymentReady_Page": null

2024-01-13 22:49:08 - [TEST_STEP][PASSED] - orPath_PaymentEntry = "Object Repository/RAD_Pages/PaymentEntry_Page": null

2024-01-13 22:49:08 - [TEST_STEP][PASSED] - orPath_PaymentConfirmation = "Object Repository/RAD_Pages/PaymentConfirmation_Page": null

2024-01-13 22:49:08 - [TEST_STEP][PASSED] - orPath_ServiceFeesAccept = "Object Repository/RAD_Pages/ServiceFeeAccept_Page": null

2024-01-13 22:49:08 - [TEST_STEP][PASSED] - selectOptionByLabel(findTestObject(orPath_Landing + "/dd_TaxType"), Paymenttype, false): All options with label 'New Tax Return Amount Due' are selected in object 'Object Repository/RAD_Pages/Landing_Page/dd_TaxType' 

2024-01-13 22:49:09 - [MESSAGE][PASSED] - All options with label 'New Tax Return Amount Due' are selected in object 'Object Repository/RAD_Pages/Landing_Page/dd_TaxType' 

2024-01-13 22:49:09 - [TEST_STEP][PASSED] - delay(1): Delayed 1 second(s)

2024-01-13 22:49:10 - [MESSAGE][PASSED] - Delayed 1 second(s)

2024-01-13 22:49:10 - [TEST_STEP][PASSED] - switch (Paymenttype): null

2024-01-13 22:49:10 - [TEST_STEP][PASSED] - case "New Tax Return Amount Due":: null

2024-01-13 22:49:10 - [TEST_STEP][PASSED] - selectOptionByLabel(findTestObject("Object Repository/RAD_Pages/Landing_Page/select_NewTaxReturnAmountDue_TaxType"), Taxtype, false): All options with label 'Unclaimed Property' are selected in object 'Object Repository/RAD_Pages/Landing_Page/select_NewTaxReturnAmountDue_TaxType' 

2024-01-13 22:49:11 - [MESSAGE][PASSED] - All options with label 'Unclaimed Property' are selected in object 'Object Repository/RAD_Pages/Landing_Page/select_NewTaxReturnAmountDue_TaxType' 

2024-01-13 22:49:11 - [TEST_STEP][PASSED] - break: null

2024-01-13 22:49:11 - [TEST_STEP][PASSED] - delay(1): Delayed 1 second(s)

2024-01-13 22:49:12 - [MESSAGE][PASSED] - Delayed 1 second(s)

2024-01-13 22:49:12 - [TEST_STEP][PASSED] - switch (Paymenttype): null

2024-01-13 22:49:12 - [TEST_STEP][PASSED] - case "New Tax Return Amount Due":: null

2024-01-13 22:49:12 - [TEST_STEP][PASSED] - if (feinSsn.equalsIgnoreCase("Y")): null

2024-01-13 22:49:12 - [TEST_STEP][PASSED] - else: Text ****** has been set on object 'Object Repository/RAD_Pages/TaxInfo_Page/input_FederalEIN_ReEnter-2'

2024-01-13 22:49:12 - [TEST_STEP][PASSED] - setEncryptedText(findTestObject(orPath_TaxInfo + "/input_FederalEIN-2"), "iGDxf8hSRT4="): Text ****** has been set on object 'Object Repository/RAD_Pages/TaxInfo_Page/input_FederalEIN-2'

2024-01-13 22:49:12 - [MESSAGE][PASSED] - Text ****** has been set on object 'Object Repository/RAD_Pages/TaxInfo_Page/input_FederalEIN-2'

2024-01-13 22:49:12 - [TEST_STEP][PASSED] - setEncryptedText(findTestObject(orPath_TaxInfo + "/input_FederalEIN_ReEnter-2"), ""): Text ****** has been set on object 'Object Repository/RAD_Pages/TaxInfo_Page/input_FederalEIN_ReEnter-2'

2024-01-13 22:49:13 - [MESSAGE][PASSED] - Text ****** has been set on object 'Object Repository/RAD_Pages/TaxInfo_Page/input_FederalEIN_ReEnter-2'

2024-01-13 22:49:13 - [TEST_STEP][PASSED] - break: null

2024-01-13 22:49:13 - [TEST_STEP][PASSED] - if (feinSsn.equalsIgnoreCase("Y")): null

2024-01-13 22:49:13 - [TEST_STEP][PASSED] - else: null

2024-01-13 22:49:13 - [TEST_STEP][PASSED] - if (verifyTextPresent("Please enter a valid FEIN with 9 digits.", true)): null

2024-01-13 22:49:13 - [MESSAGE][PASSED] - Text 'Please enter a valid FEIN with 9 digits.' is present on page  using regular expression

2024-01-13 22:49:13 - [TEST_STEP][PASSED] - println("Error Message is present on the page"): null

2024-01-13 22:49:13 - [TEST_STEP][PASSED] - out.println("Pass Record Number: " + row): null

2024-01-13 22:49:13 - [TEST_STEP][PASSED] - resText = "Pass": null

2024-01-13 22:49:13 - [TEST_STEP][PASSED] - pages.WriteExcel.demoKey(resText, datText, resColumn, datCloumn, fileLoc, nameSheet, row): pages.WriteExcel.demoKey is PASSED

2024-01-13 22:49:13 - [MESSAGE][PASSED] - pages.WriteExcel.demoKey is PASSED

2024-01-13 22:49:14 - [TEST_STEP][PASSED] - ExecuteTC = findTestData(dataFile).getValue("Execute", row): null

2024-01-13 22:49:14 - [TEST_STEP][PASSED] - Taxtype = findTestData(dataFile).getValue("TaxType", row): null

2024-01-13 22:49:14 - [TEST_STEP][PASSED] - Paymenttype = findTestData(dataFile).getValue("PaymentType", row): null

2024-01-13 22:49:14 - [TEST_STEP][PASSED] - feinSsn = findTestData(dataFile).getValue("FEINSSN", row): null

2024-01-13 22:49:14 - [TEST_STEP][PASSED] - out.println("Value of Execute is : " + ExecuteTC): null

2024-01-13 22:49:14 - [TEST_STEP][PASSED] - if (ExecuteTC.equalsIgnoreCase("Y")): null

2024-01-13 22:49:14 - [TEST_STEP][PASSED] - out.println("Begin Record Number: " + row): null

2024-01-13 22:49:14 - [TEST_STEP][PASSED] - today = new java.util.Date(): null

2024-01-13 22:49:14 - [TEST_STEP][PASSED] - println(today): null

2024-01-13 22:49:14 - [TEST_STEP][PASSED] - datText = today: null

2024-01-13 22:49:14 - [TEST_STEP][PASSED] - Taxtype = findTestData(dataFile).getValue("TaxType", row): null

2024-01-13 22:49:14 - [TEST_STEP][PASSED] - out.println("Taxtype value is : " + Taxtype): null

2024-01-13 22:49:14 - [TEST_STEP][PASSED] - openBrowser(""): Browser is opened with url: ''

2024-01-13 22:49:14 - [MESSAGE][WARNING] - A browser is already opened. Closing browser and opening a new one

2024-01-13 22:49:15 - [MESSAGE][INFO] - Starting 'Chrome' driver

2024-01-13 22:49:15 - [MESSAGE][INFO] - User set preference: ['acceptInsecureCerts', 'true']

2024-01-13 22:49:15 - [MESSAGE][INFO] - Action delay is set to 0 milliseconds

2024-01-13 22:49:16 - [MESSAGE][PASSED] - Browser is opened with url: ''

2024-01-13 22:49:16 - [TEST_STEP][PASSED] - maximizeWindow(): Current window maximized

2024-01-13 22:49:16 - [MESSAGE][PASSED] - Current window maximized

2024-01-13 22:49:16 - [TEST_STEP][PASSED] - navigateToUrl(RADurl): Navigate to 'https://qa2.velocitypayment.com/client/rad/index.html' successfully

2024-01-13 22:49:18 - [MESSAGE][PASSED] - Navigate to 'https://qa2.velocitypayment.com/client/rad/index.html' successfully

2024-01-13 22:49:18 - [TEST_STEP][PASSED] - orPath_Landing = "Object Repository/RAD_Pages/Landing_Page": null

2024-01-13 22:49:18 - [TEST_STEP][PASSED] - orPath_TaxTypeFilingYear = "Object Repository/RAD_Pages/TaxTypeFilingYear_Page": null

2024-01-13 22:49:18 - [TEST_STEP][PASSED] - orPath_TaxPayer = "Object Repository/RAD_Pages/Taxpayer_Page": null

2024-01-13 22:49:18 - [TEST_STEP][PASSED] - orPath_AddressContact = "Object Repository/RAD_Pages/AddressAndContactInfo_Page": null

2024-01-13 22:49:18 - [TEST_STEP][PASSED] - orPath_FilingStatus = "Object Repository/RAD_Pages/FilingStatus_Page": null

2024-01-13 22:49:18 - [TEST_STEP][PASSED] - orPath_Amount = "Object Repository/RAD_Pages/PaymentAmount_Page": null

2024-01-13 22:49:18 - [TEST_STEP][PASSED] - orPath_TaxInfo = "Object Repository/RAD_Pages/TaxInfo_Page": null

2024-01-13 22:49:18 - [TEST_STEP][PASSED] - orPath_Withholding = "Object Repository/RAD_Pages/Withholding_Page": null

2024-01-13 22:49:18 - [TEST_STEP][PASSED] - orPath_Summary = "Object Repository/RAD_Pages/Summary_Page": null

2024-01-13 22:49:18 - [TEST_STEP][PASSED] - orPath_PaymentReady = "Object Repository/RAD_Pages/PaymentReady_Page": null

2024-01-13 22:49:18 - [TEST_STEP][PASSED] - orPath_PaymentEntry = "Object Repository/RAD_Pages/PaymentEntry_Page": null

2024-01-13 22:49:18 - [TEST_STEP][PASSED] - orPath_PaymentConfirmation = "Object Repository/RAD_Pages/PaymentConfirmation_Page": null

2024-01-13 22:49:18 - [TEST_STEP][PASSED] - orPath_ServiceFeesAccept = "Object Repository/RAD_Pages/ServiceFeeAccept_Page": null

2024-01-13 22:49:18 - [TEST_STEP][PASSED] - selectOptionByLabel(findTestObject(orPath_Landing + "/dd_TaxType"), Paymenttype, false): All options with label 'New Tax Return Amount Due' are selected in object 'Object Repository/RAD_Pages/Landing_Page/dd_TaxType' 

2024-01-13 22:49:19 - [MESSAGE][PASSED] - All options with label 'New Tax Return Amount Due' are selected in object 'Object Repository/RAD_Pages/Landing_Page/dd_TaxType' 

2024-01-13 22:49:19 - [TEST_STEP][PASSED] - delay(1): Delayed 1 second(s)

2024-01-13 22:49:20 - [MESSAGE][PASSED] - Delayed 1 second(s)

2024-01-13 22:49:20 - [TEST_STEP][PASSED] - switch (Paymenttype): null

2024-01-13 22:49:20 - [TEST_STEP][PASSED] - case "New Tax Return Amount Due":: null

2024-01-13 22:49:20 - [TEST_STEP][PASSED] - selectOptionByLabel(findTestObject("Object Repository/RAD_Pages/Landing_Page/select_NewTaxReturnAmountDue_TaxType"), Taxtype, false): All options with label 'Withholding Tax' are selected in object 'Object Repository/RAD_Pages/Landing_Page/select_NewTaxReturnAmountDue_TaxType' 

2024-01-13 22:49:20 - [MESSAGE][PASSED] - All options with label 'Withholding Tax' are selected in object 'Object Repository/RAD_Pages/Landing_Page/select_NewTaxReturnAmountDue_TaxType' 

2024-01-13 22:49:20 - [TEST_STEP][PASSED] - break: null

2024-01-13 22:49:20 - [TEST_STEP][PASSED] - delay(1): Delayed 1 second(s)

2024-01-13 22:49:21 - [MESSAGE][PASSED] - Delayed 1 second(s)

2024-01-13 22:49:21 - [TEST_STEP][PASSED] - switch (Paymenttype): null

2024-01-13 22:49:21 - [TEST_STEP][PASSED] - case "New Tax Return Amount Due":: null

2024-01-13 22:49:21 - [TEST_STEP][PASSED] - if (feinSsn.equalsIgnoreCase("Y")): null

2024-01-13 22:49:21 - [TEST_STEP][PASSED] - else: Text ****** has been set on object 'Object Repository/RAD_Pages/TaxInfo_Page/input_FederalEIN_ReEnter-2'

2024-01-13 22:49:21 - [TEST_STEP][PASSED] - setEncryptedText(findTestObject(orPath_TaxInfo + "/input_FederalEIN-2"), "iGDxf8hSRT4="): Text ****** has been set on object 'Object Repository/RAD_Pages/TaxInfo_Page/input_FederalEIN-2'

2024-01-13 22:49:22 - [MESSAGE][PASSED] - Text ****** has been set on object 'Object Repository/RAD_Pages/TaxInfo_Page/input_FederalEIN-2'

2024-01-13 22:49:22 - [TEST_STEP][PASSED] - setEncryptedText(findTestObject(orPath_TaxInfo + "/input_FederalEIN_ReEnter-2"), ""): Text ****** has been set on object 'Object Repository/RAD_Pages/TaxInfo_Page/input_FederalEIN_ReEnter-2'

2024-01-13 22:49:22 - [MESSAGE][PASSED] - Text ****** has been set on object 'Object Repository/RAD_Pages/TaxInfo_Page/input_FederalEIN_ReEnter-2'

2024-01-13 22:49:22 - [TEST_STEP][PASSED] - break: null

2024-01-13 22:49:22 - [TEST_STEP][PASSED] - if (feinSsn.equalsIgnoreCase("Y")): null

2024-01-13 22:49:22 - [TEST_STEP][PASSED] - else: null

2024-01-13 22:49:22 - [TEST_STEP][PASSED] - if (verifyTextPresent("Please enter a valid FEIN with 9 digits.", true)): null

2024-01-13 22:49:23 - [MESSAGE][PASSED] - Text 'Please enter a valid FEIN with 9 digits.' is present on page  using regular expression

2024-01-13 22:49:23 - [TEST_STEP][PASSED] - println("Error Message is present on the page"): null

2024-01-13 22:49:23 - [TEST_STEP][PASSED] - out.println("Pass Record Number: " + row): null

2024-01-13 22:49:23 - [TEST_STEP][PASSED] - resText = "Pass": null

2024-01-13 22:49:23 - [TEST_STEP][PASSED] - pages.WriteExcel.demoKey(resText, datText, resColumn, datCloumn, fileLoc, nameSheet, row): pages.WriteExcel.demoKey is PASSED

2024-01-13 22:49:23 - [MESSAGE][PASSED] - pages.WriteExcel.demoKey is PASSED]]></system-out>
         <system-err><![CDATA[2024-01-13 22:42:36 - [TEST_CASE][FAILED] - Test Cases/RAD_TestCases/Negative_TestCases/FEINandFEINSSNlessThan9Error: Test Cases/RAD_TestCases/Negative_TestCases/FEINandFEINSSNlessThan9Error FAILED.
Reason:
com.kms.katalon.core.exception.StepFailedException: Unable to set encrypted text for object 'Object Repository/RAD_RecordAndPlay/input_Existing_FEIN' (Root cause: com.kms.katalon.core.exception.StepFailedException: Unable to set encrypted text for object 'Object Repository/RAD_RecordAndPlay/input_Existing_FEIN'
	at com.kms.katalon.core.webui.keyword.internal.WebUIKeywordMain.stepFailed(WebUIKeywordMain.groovy:64)
	at com.kms.katalon.core.webui.keyword.internal.WebUIKeywordMain.runKeyword(WebUIKeywordMain.groovy:26)
	at com.kms.katalon.core.webui.keyword.builtin.SetEncryptedTextKeyword.setEncryptedText(SetEncryptedTextKeyword.groovy:65)
	at com.kms.katalon.core.webui.keyword.builtin.SetEncryptedTextKeyword.execute(SetEncryptedTextKeyword.groovy:34)
	at com.kms.katalon.core.keyword.internal.KeywordExecutor.executeKeywordForPlatform(KeywordExecutor.groovy:74)
	at com.kms.katalon.core.webui.keyword.WebUiBuiltInKeywords.setEncryptedText(WebUiBuiltInKeywords.groovy:1011)
	at com.kms.katalon.core.webui.keyword.WebUiBuiltInKeywords$setEncryptedText$4.call(Unknown Source)
	at FEINandFEINSSNlessThan9Error.run(FEINandFEINSSNlessThan9Error:139)
	at com.kms.katalon.core.main.ScriptEngine.run(ScriptEngine.java:194)
	at com.kms.katalon.core.main.ScriptEngine.runScriptAsRawText(ScriptEngine.java:119)
	at com.kms.katalon.core.main.TestCaseExecutor.runScript(TestCaseExecutor.java:448)
	at com.kms.katalon.core.main.TestCaseExecutor.doExecute(TestCaseExecutor.java:439)
	at com.kms.katalon.core.main.TestCaseExecutor.processExecutionPhase(TestCaseExecutor.java:418)
	at com.kms.katalon.core.main.TestCaseExecutor.accessMainPhase(TestCaseExecutor.java:410)
	at com.kms.katalon.core.main.TestCaseExecutor.execute(TestCaseExecutor.java:285)
	at com.kms.katalon.core.common.CommonExecutor.accessTestCaseMainPhase(CommonExecutor.java:65)
	at com.kms.katalon.core.main.TestSuiteExecutor.accessTestSuiteMainPhase(TestSuiteExecutor.java:148)
	at com.kms.katalon.core.main.TestSuiteExecutor.execute(TestSuiteExecutor.java:106)
	at com.kms.katalon.core.main.TestCaseMain.startTestSuite(TestCaseMain.java:187)
	at com.kms.katalon.core.main.TestCaseMain$startTestSuite$0.call(Unknown Source)
	at TempTestSuite1705202981112.run(TempTestSuite1705202981112.groovy:36)
Caused by: org.openqa.selenium.ElementNotInteractableException: element not interactable
  (Session info: chrome=120.0.6099.200)
Build info: version: '3.141.59', revision: 'e82be7d358', time: '2018-11-14T08:25:53'
System info: host: 'DESKTOP-B2QI6NS', ip: '172.31.253.139', os.name: 'Windows 10', os.arch: 'amd64', os.version: '10.0', java.version: '1.8.0_181'
Driver info: com.kms.katalon.selenium.driver.CChromeDriver
Capabilities {acceptInsecureCerts: true, browserName: chrome, browserVersion: 120.0.6099.200, chrome: {chromedriverVersion: 119.0.6045.105 (38c72552c5e..., userDataDir: C:\Users\imtiaz\AppData\Loc...}, fedcm:accounts: true, goog:chromeOptions: {debuggerAddress: localhost:62461}, javascriptEnabled: true, networkConnectionEnabled: false, pageLoadStrategy: normal, platform: WINDOWS, platformName: WINDOWS, proxy: Proxy(), setWindowRect: true, strictFileInteractability: false, timeouts: {implicit: 0, pageLoad: 300000, script: 30000}, unhandledPromptBehavior: dismiss and notify, webauthn:extension:credBlob: true, webauthn:extension:largeBlob: true, webauthn:extension:minPinLength: true, webauthn:extension:prf: true, webauthn:virtualAuthenticators: true}
Session ID: 1449da98c6d4c113bb9082065860b96a
	at org.openqa.selenium.remote.http.W3CHttpResponseCodec.createException(W3CHttpResponseCodec.java:187)
	at org.openqa.selenium.remote.http.W3CHttpResponseCodec.decode(W3CHttpResponseCodec.java:122)
	at org.openqa.selenium.remote.http.W3CHttpResponseCodec.decode(W3CHttpResponseCodec.java:49)
	at org.openqa.selenium.remote.HttpCommandExecutor.execute(HttpCommandExecutor.java:158)
	at org.openqa.selenium.remote.service.DriverCommandExecutor.execute(DriverCommandExecutor.java:83)
	at org.openqa.selenium.remote.RemoteWebDriver.execute(RemoteWebDriver.java:552)
	at com.kms.katalon.selenium.driver.CChromeDriver.execute(CChromeDriver.java:19)
	at org.openqa.selenium.remote.RemoteWebElement.execute(RemoteWebElement.java:285)
	at org.openqa.selenium.remote.RemoteWebElement.clear(RemoteWebElement.java:124)
	at org.openqa.selenium.support.events.EventFiringWebDriver$EventFiringWebElement.lambda$new$0(EventFiringWebDriver.java:404)
	at com.sun.proxy.$Proxy11.clear(Unknown Source)
	at org.openqa.selenium.support.events.EventFiringWebDriver$EventFiringWebElement.clear(EventFiringWebDriver.java:436)
	at com.kms.katalon.core.webui.keyword.builtin.SetEncryptedTextKeyword$_setEncryptedText_closure1.doCall(SetEncryptedTextKeyword.groovy:54)
	at com.kms.katalon.core.webui.keyword.builtin.SetEncryptedTextKeyword$_setEncryptedText_closure1.call(SetEncryptedTextKeyword.groovy)
	at com.kms.katalon.core.webui.keyword.internal.WebUIKeywordMain.runKeyword(WebUIKeywordMain.groovy:20)
	at com.kms.katalon.core.webui.keyword.builtin.SetEncryptedTextKeyword.setEncryptedText(SetEncryptedTextKeyword.groovy:65)
	at com.kms.katalon.core.webui.keyword.builtin.SetEncryptedTextKeyword.execute(SetEncryptedTextKeyword.groovy:34)
	at com.kms.katalon.core.keyword.internal.KeywordExecutor.executeKeywordForPlatform(KeywordExecutor.groovy:74)
	at com.kms.katalon.core.webui.keyword.WebUiBuiltInKeywords.setEncryptedText(WebUiBuiltInKeywords.groovy:1011)
	at com.kms.katalon.core.webui.keyword.WebUiBuiltInKeywords$setEncryptedText$4.call(Unknown Source)
	at Script1696014034709.run(Script1696014034709.groovy:139)
	... 13 more
)
	at com.kms.katalon.core.keyword.internal.KeywordMain.stepFailed(KeywordMain.groovy:39)
	at com.kms.katalon.core.webui.keyword.internal.WebUIKeywordMain.stepFailed(WebUIKeywordMain.groovy:64)
	at com.kms.katalon.core.webui.keyword.internal.WebUIKeywordMain.runKeyword(WebUIKeywordMain.groovy:26)
	at com.kms.katalon.core.webui.keyword.builtin.SetEncryptedTextKeyword.setEncryptedText(SetEncryptedTextKeyword.groovy:65)
	at com.kms.katalon.core.webui.keyword.builtin.SetEncryptedTextKeyword.execute(SetEncryptedTextKeyword.groovy:34)
	at com.kms.katalon.core.keyword.internal.KeywordExecutor.executeKeywordForPlatform(KeywordExecutor.groovy:74)
	at com.kms.katalon.core.webui.keyword.WebUiBuiltInKeywords.setEncryptedText(WebUiBuiltInKeywords.groovy:1011)
	at com.kms.katalon.core.webui.keyword.WebUiBuiltInKeywords$setEncryptedText$4.call(Unknown Source)
	at FEINandFEINSSNlessThan9Error.run(FEINandFEINSSNlessThan9Error:139)
	at com.kms.katalon.core.main.ScriptEngine.run(ScriptEngine.java:194)
	at com.kms.katalon.core.main.ScriptEngine.runScriptAsRawText(ScriptEngine.java:119)
	at com.kms.katalon.core.main.TestCaseExecutor.runScript(TestCaseExecutor.java:448)
	at com.kms.katalon.core.main.TestCaseExecutor.doExecute(TestCaseExecutor.java:439)
	at com.kms.katalon.core.main.TestCaseExecutor.processExecutionPhase(TestCaseExecutor.java:418)
	at com.kms.katalon.core.main.TestCaseExecutor.accessMainPhase(TestCaseExecutor.java:410)
	at com.kms.katalon.core.main.TestCaseExecutor.execute(TestCaseExecutor.java:285)
	at com.kms.katalon.core.common.CommonExecutor.accessTestCaseMainPhase(CommonExecutor.java:65)
	at com.kms.katalon.core.main.TestSuiteExecutor.accessTestSuiteMainPhase(TestSuiteExecutor.java:148)
	at com.kms.katalon.core.main.TestSuiteExecutor.execute(TestSuiteExecutor.java:106)
	at com.kms.katalon.core.main.TestCaseMain.startTestSuite(TestCaseMain.java:187)
	at com.kms.katalon.core.main.TestCaseMain$startTestSuite$0.call(Unknown Source)
	at TempTestSuite1705202981112.run(TempTestSuite1705202981112.groovy:36)
Caused by: com.kms.katalon.core.exception.StepFailedException: Unable to set encrypted text for object 'Object Repository/RAD_RecordAndPlay/input_Existing_FEIN'
	... 21 more
Caused by: org.openqa.selenium.ElementNotInteractableException: element not interactable
  (Session info: chrome=120.0.6099.200)
Build info: version: '3.141.59', revision: 'e82be7d358', time: '2018-11-14T08:25:53'
System info: host: 'DESKTOP-B2QI6NS', ip: '172.31.253.139', os.name: 'Windows 10', os.arch: 'amd64', os.version: '10.0', java.version: '1.8.0_181'
Driver info: com.kms.katalon.selenium.driver.CChromeDriver
Capabilities {acceptInsecureCerts: true, browserName: chrome, browserVersion: 120.0.6099.200, chrome: {chromedriverVersion: 119.0.6045.105 (38c72552c5e..., userDataDir: C:\Users\imtiaz\AppData\Loc...}, fedcm:accounts: true, goog:chromeOptions: {debuggerAddress: localhost:62461}, javascriptEnabled: true, networkConnectionEnabled: false, pageLoadStrategy: normal, platform: WINDOWS, platformName: WINDOWS, proxy: Proxy(), setWindowRect: true, strictFileInteractability: false, timeouts: {implicit: 0, pageLoad: 300000, script: 30000}, unhandledPromptBehavior: dismiss and notify, webauthn:extension:credBlob: true, webauthn:extension:largeBlob: true, webauthn:extension:minPinLength: true, webauthn:extension:prf: true, webauthn:virtualAuthenticators: true}
Session ID: 1449da98c6d4c113bb9082065860b96a
	at org.openqa.selenium.remote.http.W3CHttpResponseCodec.createException(W3CHttpResponseCodec.java:187)
	at org.openqa.selenium.remote.http.W3CHttpResponseCodec.decode(W3CHttpResponseCodec.java:122)
	at org.openqa.selenium.remote.http.W3CHttpResponseCodec.decode(W3CHttpResponseCodec.java:49)
	at org.openqa.selenium.remote.HttpCommandExecutor.execute(HttpCommandExecutor.java:158)
	at org.openqa.selenium.remote.service.DriverCommandExecutor.execute(DriverCommandExecutor.java:83)
	at org.openqa.selenium.remote.RemoteWebDriver.execute(RemoteWebDriver.java:552)
	at com.kms.katalon.selenium.driver.CChromeDriver.execute(CChromeDriver.java:19)
	at org.openqa.selenium.remote.RemoteWebElement.execute(RemoteWebElement.java:285)
	at org.openqa.selenium.remote.RemoteWebElement.clear(RemoteWebElement.java:124)
	at org.openqa.selenium.support.events.EventFiringWebDriver$EventFiringWebElement.lambda$new$0(EventFiringWebDriver.java:404)
	at com.sun.proxy.$Proxy11.clear(Unknown Source)
	at org.openqa.selenium.support.events.EventFiringWebDriver$EventFiringWebElement.clear(EventFiringWebDriver.java:436)
	at com.kms.katalon.core.webui.keyword.builtin.SetEncryptedTextKeyword$_setEncryptedText_closure1.doCall(SetEncryptedTextKeyword.groovy:54)
	at com.kms.katalon.core.webui.keyword.builtin.SetEncryptedTextKeyword$_setEncryptedText_closure1.call(SetEncryptedTextKeyword.groovy)
	at com.kms.katalon.core.webui.keyword.internal.WebUIKeywordMain.runKeyword(WebUIKeywordMain.groovy:20)
	... 19 more]]></system-err>
      </testcase>
      <testcase name="Test Cases/RAD_TestCases/Negative_TestCases/EL-NumberValidation" time="419.785" classname="Test Cases/RAD_TestCases/Negative_TestCases/EL-NumberValidation" status="PASSED">
         <system-out><![CDATA[2024-01-13 22:49:23 - [TEST_CASE][PASSED] - Test Cases/RAD_TestCases/Negative_TestCases/EL-NumberValidation: Test Cases/RAD_TestCases/Negative_TestCases/EL-NumberValidation

2024-01-13 22:49:24 - [TEST_STEP][PASSED] - resText = "Fail": null

2024-01-13 22:49:24 - [TEST_STEP][PASSED] - resColumn = "Result": null

2024-01-13 22:49:24 - [TEST_STEP][PASSED] - datCloumn = "Date": null

2024-01-13 22:49:24 - [TEST_STEP][PASSED] - fileLoc = "KatalonData/RADTestData/EL-NumberValidation.xlsx": null

2024-01-13 22:49:24 - [TEST_STEP][PASSED] - nameSheet = "NumberError": null

2024-01-13 22:49:24 - [TEST_STEP][PASSED] - dataFile = "RADTestData/EL-NumberValidation": null

2024-01-13 22:49:24 - [TEST_STEP][PASSED] - ExecuteTC = <not implemented yet for class: org.codehaus.groovy.ast.expr.EmptyExpression>: null

2024-01-13 22:49:24 - [TEST_STEP][PASSED] - Taxtype = <not implemented yet for class: org.codehaus.groovy.ast.expr.EmptyExpression>: null

2024-01-13 22:49:24 - [TEST_STEP][PASSED] - TaxTypeEL = <not implemented yet for class: org.codehaus.groovy.ast.expr.EmptyExpression>: null

2024-01-13 22:49:24 - [TEST_STEP][PASSED] - notInvNumber = <not implemented yet for class: org.codehaus.groovy.ast.expr.EmptyExpression>: null

2024-01-13 22:49:24 - [TEST_STEP][PASSED] - errorMsg = <not implemented yet for class: org.codehaus.groovy.ast.expr.EmptyExpression>: null

2024-01-13 22:49:24 - [TEST_STEP][PASSED] - numOfRows = findTestData(dataFile).getRowNumbers(): null

2024-01-13 22:49:24 - [TEST_STEP][PASSED] - println("Number of Records: " + numOfRows): null

2024-01-13 22:49:24 - [TEST_STEP][PASSED] - for ([row = 1, row <= numOfRows, (row++)]): null

2024-01-13 22:49:24 - [TEST_STEP][PASSED] - ExecuteTC = findTestData(dataFile).getValue("Execute", row): null

2024-01-13 22:49:24 - [TEST_STEP][PASSED] - Taxtype = findTestData(dataFile).getValue("TaxType", row): null

2024-01-13 22:49:24 - [TEST_STEP][PASSED] - TaxTypeEL = findTestData(dataFile).getValue("TaxTypeEL", row): null

2024-01-13 22:49:24 - [TEST_STEP][PASSED] - notInvNumber = findTestData(dataFile).getValue("NotiInvoNumber", row): null

2024-01-13 22:49:24 - [TEST_STEP][PASSED] - errorMsg = findTestData(dataFile).getValue("ErrorMessage", row): null

2024-01-13 22:49:24 - [TEST_STEP][PASSED] - out.println("Value of Execute is : " + ExecuteTC): null

2024-01-13 22:49:24 - [TEST_STEP][PASSED] - if (ExecuteTC.equalsIgnoreCase("Y")): null

2024-01-13 22:49:24 - [TEST_STEP][PASSED] - out.println("Begin Record Number: " + row): null

2024-01-13 22:49:24 - [TEST_STEP][PASSED] - today = new java.util.Date(): null

2024-01-13 22:49:24 - [TEST_STEP][PASSED] - println(today): null

2024-01-13 22:49:24 - [TEST_STEP][PASSED] - datText = today: null

2024-01-13 22:49:24 - [TEST_STEP][PASSED] - Taxtype = findTestData(dataFile).getValue("TaxType", row): null

2024-01-13 22:49:24 - [TEST_STEP][PASSED] - out.println("Taxtype value is : " + Taxtype): null

2024-01-13 22:49:24 - [TEST_STEP][PASSED] - openBrowser(""): Browser is opened with url: ''

2024-01-13 22:49:24 - [MESSAGE][WARNING] - A browser is already opened. Closing browser and opening a new one

2024-01-13 22:49:25 - [MESSAGE][INFO] - Starting 'Chrome' driver

2024-01-13 22:49:25 - [MESSAGE][INFO] - User set preference: ['acceptInsecureCerts', 'true']

2024-01-13 22:49:25 - [MESSAGE][INFO] - Action delay is set to 0 milliseconds

2024-01-13 22:49:26 - [MESSAGE][PASSED] - Browser is opened with url: ''

2024-01-13 22:49:26 - [TEST_STEP][PASSED] - maximizeWindow(): Current window maximized

2024-01-13 22:49:26 - [MESSAGE][PASSED] - Current window maximized

2024-01-13 22:49:26 - [TEST_STEP][PASSED] - navigateToUrl(RADurl): Navigate to 'https://qa2.velocitypayment.com/client/rad/index.html' successfully

2024-01-13 22:49:27 - [MESSAGE][PASSED] - Navigate to 'https://qa2.velocitypayment.com/client/rad/index.html' successfully

2024-01-13 22:49:27 - [TEST_STEP][PASSED] - orPath_Landing = "Object Repository/RAD_Pages/Landing_Page": null

2024-01-13 22:49:27 - [TEST_STEP][PASSED] - orPath_TaxTypeFilingYear = "Object Repository/RAD_Pages/TaxTypeFilingYear_Page": null

2024-01-13 22:49:27 - [TEST_STEP][PASSED] - orPath_TaxPayer = "Object Repository/RAD_Pages/Taxpayer_Page": null

2024-01-13 22:49:27 - [TEST_STEP][PASSED] - orPath_AddressContact = "Object Repository/RAD_Pages/AddressAndContactInfo_Page": null

2024-01-13 22:49:27 - [TEST_STEP][PASSED] - orPath_FilingStatus = "Object Repository/RAD_Pages/FilingStatus_Page": null

2024-01-13 22:49:27 - [TEST_STEP][PASSED] - orPath_Amount = "Object Repository/RAD_Pages/PaymentAmount_Page": null

2024-01-13 22:49:27 - [TEST_STEP][PASSED] - orPath_TaxInfo = "Object Repository/RAD_Pages/TaxInfo_Page": null

2024-01-13 22:49:27 - [TEST_STEP][PASSED] - orPath_Withholding = "Object Repository/RAD_Pages/Withholding_Page": null

2024-01-13 22:49:27 - [TEST_STEP][PASSED] - orPath_Summary = "Object Repository/RAD_Pages/Summary_Page": null

2024-01-13 22:49:27 - [TEST_STEP][PASSED] - orPath_PaymentReady = "Object Repository/RAD_Pages/PaymentReady_Page": null

2024-01-13 22:49:27 - [TEST_STEP][PASSED] - orPath_PaymentEntry = "Object Repository/RAD_Pages/PaymentEntry_Page": null

2024-01-13 22:49:27 - [TEST_STEP][PASSED] - orPath_PaymentConfirmation = "Object Repository/RAD_Pages/PaymentConfirmation_Page": null

2024-01-13 22:49:27 - [TEST_STEP][PASSED] - orPath_ServiceFeesAccept = "Object Repository/RAD_Pages/ServiceFeeAccept_Page": null

2024-01-13 22:49:27 - [TEST_STEP][PASSED] - selectOptionByLabel(findTestObject(orPath_Landing + "/dd_TaxType"), Taxtype, false): All options with label 'Existing Liability w/Notice Number' are selected in object 'Object Repository/RAD_Pages/Landing_Page/dd_TaxType' 

2024-01-13 22:49:29 - [MESSAGE][PASSED] - All options with label 'Existing Liability w/Notice Number' are selected in object 'Object Repository/RAD_Pages/Landing_Page/dd_TaxType' 

2024-01-13 22:49:29 - [TEST_STEP][PASSED] - delay(1): Delayed 1 second(s)

2024-01-13 22:49:30 - [MESSAGE][PASSED] - Delayed 1 second(s)

2024-01-13 22:49:30 - [TEST_STEP][PASSED] - selectOptionByLabel(findTestObject(orPath_TaxTypeFilingYear + "/select_TaxType_ExistingLiability"), TaxTypeEL, false): All options with label 'Bay Restoration Fee' are selected in object 'Object Repository/RAD_Pages/TaxTypeFilingYear_Page/select_TaxType_ExistingLiability' 

2024-01-13 22:49:30 - [MESSAGE][PASSED] - All options with label 'Bay Restoration Fee' are selected in object 'Object Repository/RAD_Pages/TaxTypeFilingYear_Page/select_TaxType_ExistingLiability' 

2024-01-13 22:49:30 - [TEST_STEP][PASSED] - setText(findTestObject(orPath_TaxInfo + "/input_NoticeInvoiceNumber"), notInvNumber): Text '123456789' is set on object 'Object Repository/RAD_Pages/TaxInfo_Page/input_NoticeInvoiceNumber'

2024-01-13 22:49:31 - [MESSAGE][PASSED] - Text '123456789' is set on object 'Object Repository/RAD_Pages/TaxInfo_Page/input_NoticeInvoiceNumber'

2024-01-13 22:49:31 - [TEST_STEP][PASSED] - setText(findTestObject(orPath_TaxInfo + "/input_reTypeNoticeInvoiceNumber"), notInvNumber): Text '123456789' is set on object 'Object Repository/RAD_Pages/TaxInfo_Page/input_reTypeNoticeInvoiceNumber'

2024-01-13 22:49:32 - [MESSAGE][PASSED] - Text '123456789' is set on object 'Object Repository/RAD_Pages/TaxInfo_Page/input_reTypeNoticeInvoiceNumber'

2024-01-13 22:49:32 - [TEST_STEP][PASSED] - println(notInvNumber): null

2024-01-13 22:49:32 - [TEST_STEP][PASSED] - if (verifyTextPresent(errorMsg, true)): null

2024-01-13 22:49:33 - [MESSAGE][PASSED] - Text 'Notice Number must be 13 digits in length, with a value greater than zero' is present on page  using regular expression

2024-01-13 22:49:33 - [TEST_STEP][PASSED] - println("Error Message is present on the page"): null

2024-01-13 22:49:33 - [TEST_STEP][PASSED] - out.println("Pass Record Number: " + row): null

2024-01-13 22:49:33 - [TEST_STEP][PASSED] - resText = "Pass": null

2024-01-13 22:49:33 - [TEST_STEP][PASSED] - pages.WriteExcel.demoKey(resText, datText, resColumn, datCloumn, fileLoc, nameSheet, row): pages.WriteExcel.demoKey is PASSED

2024-01-13 22:49:33 - [MESSAGE][PASSED] - pages.WriteExcel.demoKey is PASSED

2024-01-13 22:49:33 - [TEST_STEP][PASSED] - ExecuteTC = findTestData(dataFile).getValue("Execute", row): null

2024-01-13 22:49:33 - [TEST_STEP][PASSED] - Taxtype = findTestData(dataFile).getValue("TaxType", row): null

2024-01-13 22:49:33 - [TEST_STEP][PASSED] - TaxTypeEL = findTestData(dataFile).getValue("TaxTypeEL", row): null

2024-01-13 22:49:33 - [TEST_STEP][PASSED] - notInvNumber = findTestData(dataFile).getValue("NotiInvoNumber", row): null

2024-01-13 22:49:33 - [TEST_STEP][PASSED] - errorMsg = findTestData(dataFile).getValue("ErrorMessage", row): null

2024-01-13 22:49:33 - [TEST_STEP][PASSED] - out.println("Value of Execute is : " + ExecuteTC): null

2024-01-13 22:49:33 - [TEST_STEP][PASSED] - if (ExecuteTC.equalsIgnoreCase("Y")): null

2024-01-13 22:49:33 - [TEST_STEP][PASSED] - out.println("Begin Record Number: " + row): null

2024-01-13 22:49:33 - [TEST_STEP][PASSED] - today = new java.util.Date(): null

2024-01-13 22:49:33 - [TEST_STEP][PASSED] - println(today): null

2024-01-13 22:49:33 - [TEST_STEP][PASSED] - datText = today: null

2024-01-13 22:49:33 - [TEST_STEP][PASSED] - Taxtype = findTestData(dataFile).getValue("TaxType", row): null

2024-01-13 22:49:33 - [TEST_STEP][PASSED] - out.println("Taxtype value is : " + Taxtype): null

2024-01-13 22:49:33 - [TEST_STEP][PASSED] - openBrowser(""): Browser is opened with url: ''

2024-01-13 22:49:33 - [MESSAGE][WARNING] - A browser is already opened. Closing browser and opening a new one

2024-01-13 22:49:34 - [MESSAGE][INFO] - Starting 'Chrome' driver

2024-01-13 22:49:34 - [MESSAGE][INFO] - User set preference: ['acceptInsecureCerts', 'true']

2024-01-13 22:49:34 - [MESSAGE][INFO] - Action delay is set to 0 milliseconds

2024-01-13 22:49:35 - [MESSAGE][PASSED] - Browser is opened with url: ''

2024-01-13 22:49:35 - [TEST_STEP][PASSED] - maximizeWindow(): Current window maximized

2024-01-13 22:49:35 - [MESSAGE][PASSED] - Current window maximized

2024-01-13 22:49:35 - [TEST_STEP][PASSED] - navigateToUrl(RADurl): Navigate to 'https://qa2.velocitypayment.com/client/rad/index.html' successfully

2024-01-13 22:49:37 - [MESSAGE][PASSED] - Navigate to 'https://qa2.velocitypayment.com/client/rad/index.html' successfully

2024-01-13 22:49:37 - [TEST_STEP][PASSED] - orPath_Landing = "Object Repository/RAD_Pages/Landing_Page": null

2024-01-13 22:49:37 - [TEST_STEP][PASSED] - orPath_TaxTypeFilingYear = "Object Repository/RAD_Pages/TaxTypeFilingYear_Page": null

2024-01-13 22:49:37 - [TEST_STEP][PASSED] - orPath_TaxPayer = "Object Repository/RAD_Pages/Taxpayer_Page": null

2024-01-13 22:49:37 - [TEST_STEP][PASSED] - orPath_AddressContact = "Object Repository/RAD_Pages/AddressAndContactInfo_Page": null

2024-01-13 22:49:37 - [TEST_STEP][PASSED] - orPath_FilingStatus = "Object Repository/RAD_Pages/FilingStatus_Page": null

2024-01-13 22:49:37 - [TEST_STEP][PASSED] - orPath_Amount = "Object Repository/RAD_Pages/PaymentAmount_Page": null

2024-01-13 22:49:37 - [TEST_STEP][PASSED] - orPath_TaxInfo = "Object Repository/RAD_Pages/TaxInfo_Page": null

2024-01-13 22:49:37 - [TEST_STEP][PASSED] - orPath_Withholding = "Object Repository/RAD_Pages/Withholding_Page": null

2024-01-13 22:49:37 - [TEST_STEP][PASSED] - orPath_Summary = "Object Repository/RAD_Pages/Summary_Page": null

2024-01-13 22:49:37 - [TEST_STEP][PASSED] - orPath_PaymentReady = "Object Repository/RAD_Pages/PaymentReady_Page": null

2024-01-13 22:49:37 - [TEST_STEP][PASSED] - orPath_PaymentEntry = "Object Repository/RAD_Pages/PaymentEntry_Page": null

2024-01-13 22:49:37 - [TEST_STEP][PASSED] - orPath_PaymentConfirmation = "Object Repository/RAD_Pages/PaymentConfirmation_Page": null

2024-01-13 22:49:37 - [TEST_STEP][PASSED] - orPath_ServiceFeesAccept = "Object Repository/RAD_Pages/ServiceFeeAccept_Page": null

2024-01-13 22:49:37 - [TEST_STEP][PASSED] - selectOptionByLabel(findTestObject(orPath_Landing + "/dd_TaxType"), Taxtype, false): All options with label 'Existing Liability w/Notice Number' are selected in object 'Object Repository/RAD_Pages/Landing_Page/dd_TaxType' 

2024-01-13 22:49:38 - [MESSAGE][PASSED] - All options with label 'Existing Liability w/Notice Number' are selected in object 'Object Repository/RAD_Pages/Landing_Page/dd_TaxType' 

2024-01-13 22:49:38 - [TEST_STEP][PASSED] - delay(1): Delayed 1 second(s)

2024-01-13 22:49:39 - [MESSAGE][PASSED] - Delayed 1 second(s)

2024-01-13 22:49:39 - [TEST_STEP][PASSED] - selectOptionByLabel(findTestObject(orPath_TaxTypeFilingYear + "/select_TaxType_ExistingLiability"), TaxTypeEL, false): All options with label 'Corporate Income Tax' are selected in object 'Object Repository/RAD_Pages/TaxTypeFilingYear_Page/select_TaxType_ExistingLiability' 

2024-01-13 22:49:39 - [MESSAGE][PASSED] - All options with label 'Corporate Income Tax' are selected in object 'Object Repository/RAD_Pages/TaxTypeFilingYear_Page/select_TaxType_ExistingLiability' 

2024-01-13 22:49:39 - [TEST_STEP][PASSED] - setText(findTestObject(orPath_TaxInfo + "/input_NoticeInvoiceNumber"), notInvNumber): Text '123456789' is set on object 'Object Repository/RAD_Pages/TaxInfo_Page/input_NoticeInvoiceNumber'

2024-01-13 22:49:40 - [MESSAGE][PASSED] - Text '123456789' is set on object 'Object Repository/RAD_Pages/TaxInfo_Page/input_NoticeInvoiceNumber'

2024-01-13 22:49:40 - [TEST_STEP][PASSED] - setText(findTestObject(orPath_TaxInfo + "/input_reTypeNoticeInvoiceNumber"), notInvNumber): Text '123456789' is set on object 'Object Repository/RAD_Pages/TaxInfo_Page/input_reTypeNoticeInvoiceNumber'

2024-01-13 22:49:41 - [MESSAGE][PASSED] - Text '123456789' is set on object 'Object Repository/RAD_Pages/TaxInfo_Page/input_reTypeNoticeInvoiceNumber'

2024-01-13 22:49:41 - [TEST_STEP][PASSED] - println(notInvNumber): null

2024-01-13 22:49:41 - [TEST_STEP][PASSED] - if (verifyTextPresent(errorMsg, true)): null

2024-01-13 22:49:42 - [MESSAGE][PASSED] - Text 'Invoice Number must be 10 or 13 digits in length, with a value greater than zero' is present on page  using regular expression

2024-01-13 22:49:42 - [TEST_STEP][PASSED] - println("Error Message is present on the page"): null

2024-01-13 22:49:42 - [TEST_STEP][PASSED] - out.println("Pass Record Number: " + row): null

2024-01-13 22:49:42 - [TEST_STEP][PASSED] - resText = "Pass": null

2024-01-13 22:49:42 - [TEST_STEP][PASSED] - pages.WriteExcel.demoKey(resText, datText, resColumn, datCloumn, fileLoc, nameSheet, row): pages.WriteExcel.demoKey is PASSED

2024-01-13 22:49:42 - [MESSAGE][PASSED] - pages.WriteExcel.demoKey is PASSED

2024-01-13 22:49:42 - [TEST_STEP][PASSED] - ExecuteTC = findTestData(dataFile).getValue("Execute", row): null

2024-01-13 22:49:42 - [TEST_STEP][PASSED] - Taxtype = findTestData(dataFile).getValue("TaxType", row): null

2024-01-13 22:49:42 - [TEST_STEP][PASSED] - TaxTypeEL = findTestData(dataFile).getValue("TaxTypeEL", row): null

2024-01-13 22:49:42 - [TEST_STEP][PASSED] - notInvNumber = findTestData(dataFile).getValue("NotiInvoNumber", row): null

2024-01-13 22:49:42 - [TEST_STEP][PASSED] - errorMsg = findTestData(dataFile).getValue("ErrorMessage", row): null

2024-01-13 22:49:42 - [TEST_STEP][PASSED] - out.println("Value of Execute is : " + ExecuteTC): null

2024-01-13 22:49:42 - [TEST_STEP][PASSED] - if (ExecuteTC.equalsIgnoreCase("Y")): null

2024-01-13 22:49:42 - [TEST_STEP][PASSED] - out.println("Begin Record Number: " + row): null

2024-01-13 22:49:42 - [TEST_STEP][PASSED] - today = new java.util.Date(): null

2024-01-13 22:49:42 - [TEST_STEP][PASSED] - println(today): null

2024-01-13 22:49:42 - [TEST_STEP][PASSED] - datText = today: null

2024-01-13 22:49:42 - [TEST_STEP][PASSED] - Taxtype = findTestData(dataFile).getValue("TaxType", row): null

2024-01-13 22:49:42 - [TEST_STEP][PASSED] - out.println("Taxtype value is : " + Taxtype): null

2024-01-13 22:49:42 - [TEST_STEP][PASSED] - openBrowser(""): Browser is opened with url: ''

2024-01-13 22:49:42 - [MESSAGE][WARNING] - A browser is already opened. Closing browser and opening a new one

2024-01-13 22:49:43 - [MESSAGE][INFO] - Starting 'Chrome' driver

2024-01-13 22:49:43 - [MESSAGE][INFO] - User set preference: ['acceptInsecureCerts', 'true']

2024-01-13 22:49:43 - [MESSAGE][INFO] - Action delay is set to 0 milliseconds

2024-01-13 22:49:44 - [MESSAGE][PASSED] - Browser is opened with url: ''

2024-01-13 22:49:44 - [TEST_STEP][PASSED] - maximizeWindow(): Current window maximized

2024-01-13 22:49:45 - [MESSAGE][PASSED] - Current window maximized

2024-01-13 22:49:45 - [TEST_STEP][PASSED] - navigateToUrl(RADurl): Navigate to 'https://qa2.velocitypayment.com/client/rad/index.html' successfully

2024-01-13 22:49:46 - [MESSAGE][PASSED] - Navigate to 'https://qa2.velocitypayment.com/client/rad/index.html' successfully

2024-01-13 22:49:46 - [TEST_STEP][PASSED] - orPath_Landing = "Object Repository/RAD_Pages/Landing_Page": null

2024-01-13 22:49:46 - [TEST_STEP][PASSED] - orPath_TaxTypeFilingYear = "Object Repository/RAD_Pages/TaxTypeFilingYear_Page": null

2024-01-13 22:49:46 - [TEST_STEP][PASSED] - orPath_TaxPayer = "Object Repository/RAD_Pages/Taxpayer_Page": null

2024-01-13 22:49:46 - [TEST_STEP][PASSED] - orPath_AddressContact = "Object Repository/RAD_Pages/AddressAndContactInfo_Page": null

2024-01-13 22:49:46 - [TEST_STEP][PASSED] - orPath_FilingStatus = "Object Repository/RAD_Pages/FilingStatus_Page": null

2024-01-13 22:49:46 - [TEST_STEP][PASSED] - orPath_Amount = "Object Repository/RAD_Pages/PaymentAmount_Page": null

2024-01-13 22:49:46 - [TEST_STEP][PASSED] - orPath_TaxInfo = "Object Repository/RAD_Pages/TaxInfo_Page": null

2024-01-13 22:49:46 - [TEST_STEP][PASSED] - orPath_Withholding = "Object Repository/RAD_Pages/Withholding_Page": null

2024-01-13 22:49:46 - [TEST_STEP][PASSED] - orPath_Summary = "Object Repository/RAD_Pages/Summary_Page": null

2024-01-13 22:49:46 - [TEST_STEP][PASSED] - orPath_PaymentReady = "Object Repository/RAD_Pages/PaymentReady_Page": null

2024-01-13 22:49:46 - [TEST_STEP][PASSED] - orPath_PaymentEntry = "Object Repository/RAD_Pages/PaymentEntry_Page": null

2024-01-13 22:49:46 - [TEST_STEP][PASSED] - orPath_PaymentConfirmation = "Object Repository/RAD_Pages/PaymentConfirmation_Page": null

2024-01-13 22:49:46 - [TEST_STEP][PASSED] - orPath_ServiceFeesAccept = "Object Repository/RAD_Pages/ServiceFeeAccept_Page": null

2024-01-13 22:49:46 - [TEST_STEP][PASSED] - selectOptionByLabel(findTestObject(orPath_Landing + "/dd_TaxType"), Taxtype, false): All options with label 'Existing Liability w/Notice Number' are selected in object 'Object Repository/RAD_Pages/Landing_Page/dd_TaxType' 

2024-01-13 22:49:47 - [MESSAGE][PASSED] - All options with label 'Existing Liability w/Notice Number' are selected in object 'Object Repository/RAD_Pages/Landing_Page/dd_TaxType' 

2024-01-13 22:49:47 - [TEST_STEP][PASSED] - delay(1): Delayed 1 second(s)

2024-01-13 22:49:48 - [MESSAGE][PASSED] - Delayed 1 second(s)

2024-01-13 22:49:48 - [TEST_STEP][PASSED] - selectOptionByLabel(findTestObject(orPath_TaxTypeFilingYear + "/select_TaxType_ExistingLiability"), TaxTypeEL, false): All options with label 'Corporate Income Tax' are selected in object 'Object Repository/RAD_Pages/TaxTypeFilingYear_Page/select_TaxType_ExistingLiability' 

2024-01-13 22:49:48 - [MESSAGE][PASSED] - All options with label 'Corporate Income Tax' are selected in object 'Object Repository/RAD_Pages/TaxTypeFilingYear_Page/select_TaxType_ExistingLiability' 

2024-01-13 22:49:48 - [TEST_STEP][PASSED] - setText(findTestObject(orPath_TaxInfo + "/input_NoticeInvoiceNumber"), notInvNumber): Text '12345678901' is set on object 'Object Repository/RAD_Pages/TaxInfo_Page/input_NoticeInvoiceNumber'

2024-01-13 22:49:49 - [MESSAGE][PASSED] - Text '12345678901' is set on object 'Object Repository/RAD_Pages/TaxInfo_Page/input_NoticeInvoiceNumber'

2024-01-13 22:49:49 - [TEST_STEP][PASSED] - setText(findTestObject(orPath_TaxInfo + "/input_reTypeNoticeInvoiceNumber"), notInvNumber): Text '12345678901' is set on object 'Object Repository/RAD_Pages/TaxInfo_Page/input_reTypeNoticeInvoiceNumber'

2024-01-13 22:49:50 - [MESSAGE][PASSED] - Text '12345678901' is set on object 'Object Repository/RAD_Pages/TaxInfo_Page/input_reTypeNoticeInvoiceNumber'

2024-01-13 22:49:50 - [TEST_STEP][PASSED] - println(notInvNumber): null

2024-01-13 22:49:50 - [TEST_STEP][PASSED] - if (verifyTextPresent(errorMsg, true)): null

2024-01-13 22:49:51 - [MESSAGE][PASSED] - Text 'Invoice Number must be 10 or 13 digits in length, with a value greater than zero' is present on page  using regular expression

2024-01-13 22:49:51 - [TEST_STEP][PASSED] - println("Error Message is present on the page"): null

2024-01-13 22:49:51 - [TEST_STEP][PASSED] - out.println("Pass Record Number: " + row): null

2024-01-13 22:49:51 - [TEST_STEP][PASSED] - resText = "Pass": null

2024-01-13 22:49:51 - [TEST_STEP][PASSED] - pages.WriteExcel.demoKey(resText, datText, resColumn, datCloumn, fileLoc, nameSheet, row): pages.WriteExcel.demoKey is PASSED

2024-01-13 22:49:51 - [MESSAGE][PASSED] - pages.WriteExcel.demoKey is PASSED

2024-01-13 22:49:51 - [TEST_STEP][PASSED] - ExecuteTC = findTestData(dataFile).getValue("Execute", row): null

2024-01-13 22:49:51 - [TEST_STEP][PASSED] - Taxtype = findTestData(dataFile).getValue("TaxType", row): null

2024-01-13 22:49:51 - [TEST_STEP][PASSED] - TaxTypeEL = findTestData(dataFile).getValue("TaxTypeEL", row): null

2024-01-13 22:49:51 - [TEST_STEP][PASSED] - notInvNumber = findTestData(dataFile).getValue("NotiInvoNumber", row): null

2024-01-13 22:49:51 - [TEST_STEP][PASSED] - errorMsg = findTestData(dataFile).getValue("ErrorMessage", row): null

2024-01-13 22:49:51 - [TEST_STEP][PASSED] - out.println("Value of Execute is : " + ExecuteTC): null

2024-01-13 22:49:51 - [TEST_STEP][PASSED] - if (ExecuteTC.equalsIgnoreCase("Y")): null

2024-01-13 22:49:51 - [TEST_STEP][PASSED] - out.println("Begin Record Number: " + row): null

2024-01-13 22:49:51 - [TEST_STEP][PASSED] - today = new java.util.Date(): null

2024-01-13 22:49:51 - [TEST_STEP][PASSED] - println(today): null

2024-01-13 22:49:51 - [TEST_STEP][PASSED] - datText = today: null

2024-01-13 22:49:51 - [TEST_STEP][PASSED] - Taxtype = findTestData(dataFile).getValue("TaxType", row): null

2024-01-13 22:49:51 - [TEST_STEP][PASSED] - out.println("Taxtype value is : " + Taxtype): null

2024-01-13 22:49:51 - [TEST_STEP][PASSED] - openBrowser(""): Browser is opened with url: ''

2024-01-13 22:49:51 - [MESSAGE][WARNING] - A browser is already opened. Closing browser and opening a new one

2024-01-13 22:49:52 - [MESSAGE][INFO] - Starting 'Chrome' driver

2024-01-13 22:49:52 - [MESSAGE][INFO] - User set preference: ['acceptInsecureCerts', 'true']

2024-01-13 22:49:52 - [MESSAGE][INFO] - Action delay is set to 0 milliseconds

2024-01-13 22:49:54 - [MESSAGE][PASSED] - Browser is opened with url: ''

2024-01-13 22:49:54 - [TEST_STEP][PASSED] - maximizeWindow(): Current window maximized

2024-01-13 22:49:54 - [MESSAGE][PASSED] - Current window maximized

2024-01-13 22:49:54 - [TEST_STEP][PASSED] - navigateToUrl(RADurl): Navigate to 'https://qa2.velocitypayment.com/client/rad/index.html' successfully

2024-01-13 22:49:55 - [MESSAGE][PASSED] - Navigate to 'https://qa2.velocitypayment.com/client/rad/index.html' successfully

2024-01-13 22:49:55 - [TEST_STEP][PASSED] - orPath_Landing = "Object Repository/RAD_Pages/Landing_Page": null

2024-01-13 22:49:55 - [TEST_STEP][PASSED] - orPath_TaxTypeFilingYear = "Object Repository/RAD_Pages/TaxTypeFilingYear_Page": null

2024-01-13 22:49:55 - [TEST_STEP][PASSED] - orPath_TaxPayer = "Object Repository/RAD_Pages/Taxpayer_Page": null

2024-01-13 22:49:55 - [TEST_STEP][PASSED] - orPath_AddressContact = "Object Repository/RAD_Pages/AddressAndContactInfo_Page": null

2024-01-13 22:49:55 - [TEST_STEP][PASSED] - orPath_FilingStatus = "Object Repository/RAD_Pages/FilingStatus_Page": null

2024-01-13 22:49:55 - [TEST_STEP][PASSED] - orPath_Amount = "Object Repository/RAD_Pages/PaymentAmount_Page": null

2024-01-13 22:49:55 - [TEST_STEP][PASSED] - orPath_TaxInfo = "Object Repository/RAD_Pages/TaxInfo_Page": null

2024-01-13 22:49:55 - [TEST_STEP][PASSED] - orPath_Withholding = "Object Repository/RAD_Pages/Withholding_Page": null

2024-01-13 22:49:55 - [TEST_STEP][PASSED] - orPath_Summary = "Object Repository/RAD_Pages/Summary_Page": null

2024-01-13 22:49:55 - [TEST_STEP][PASSED] - orPath_PaymentReady = "Object Repository/RAD_Pages/PaymentReady_Page": null

2024-01-13 22:49:55 - [TEST_STEP][PASSED] - orPath_PaymentEntry = "Object Repository/RAD_Pages/PaymentEntry_Page": null

2024-01-13 22:49:55 - [TEST_STEP][PASSED] - orPath_PaymentConfirmation = "Object Repository/RAD_Pages/PaymentConfirmation_Page": null

2024-01-13 22:49:55 - [TEST_STEP][PASSED] - orPath_ServiceFeesAccept = "Object Repository/RAD_Pages/ServiceFeeAccept_Page": null

2024-01-13 22:49:55 - [TEST_STEP][PASSED] - selectOptionByLabel(findTestObject(orPath_Landing + "/dd_TaxType"), Taxtype, false): All options with label 'Existing Liability w/Notice Number' are selected in object 'Object Repository/RAD_Pages/Landing_Page/dd_TaxType' 

2024-01-13 22:49:56 - [MESSAGE][PASSED] - All options with label 'Existing Liability w/Notice Number' are selected in object 'Object Repository/RAD_Pages/Landing_Page/dd_TaxType' 

2024-01-13 22:49:56 - [TEST_STEP][PASSED] - delay(1): Delayed 1 second(s)

2024-01-13 22:49:57 - [MESSAGE][PASSED] - Delayed 1 second(s)

2024-01-13 22:49:57 - [TEST_STEP][PASSED] - selectOptionByLabel(findTestObject(orPath_TaxTypeFilingYear + "/select_TaxType_ExistingLiability"), TaxTypeEL, false): All options with label 'Corporate Income Tax' are selected in object 'Object Repository/RAD_Pages/TaxTypeFilingYear_Page/select_TaxType_ExistingLiability' 

2024-01-13 22:49:58 - [MESSAGE][PASSED] - All options with label 'Corporate Income Tax' are selected in object 'Object Repository/RAD_Pages/TaxTypeFilingYear_Page/select_TaxType_ExistingLiability' 

2024-01-13 22:49:58 - [TEST_STEP][PASSED] - setText(findTestObject(orPath_TaxInfo + "/input_NoticeInvoiceNumber"), notInvNumber): Text '123456789012' is set on object 'Object Repository/RAD_Pages/TaxInfo_Page/input_NoticeInvoiceNumber'

2024-01-13 22:49:59 - [MESSAGE][PASSED] - Text '123456789012' is set on object 'Object Repository/RAD_Pages/TaxInfo_Page/input_NoticeInvoiceNumber'

2024-01-13 22:49:59 - [TEST_STEP][PASSED] - setText(findTestObject(orPath_TaxInfo + "/input_reTypeNoticeInvoiceNumber"), notInvNumber): Text '123456789012' is set on object 'Object Repository/RAD_Pages/TaxInfo_Page/input_reTypeNoticeInvoiceNumber'

2024-01-13 22:49:59 - [MESSAGE][PASSED] - Text '123456789012' is set on object 'Object Repository/RAD_Pages/TaxInfo_Page/input_reTypeNoticeInvoiceNumber'

2024-01-13 22:49:59 - [TEST_STEP][PASSED] - println(notInvNumber): null

2024-01-13 22:49:59 - [TEST_STEP][PASSED] - if (verifyTextPresent(errorMsg, true)): null

2024-01-13 22:50:00 - [MESSAGE][PASSED] - Text 'Invoice Number must be 10 or 13 digits in length, with a value greater than zero' is present on page  using regular expression

2024-01-13 22:50:00 - [TEST_STEP][PASSED] - println("Error Message is present on the page"): null

2024-01-13 22:50:00 - [TEST_STEP][PASSED] - out.println("Pass Record Number: " + row): null

2024-01-13 22:50:00 - [TEST_STEP][PASSED] - resText = "Pass": null

2024-01-13 22:50:00 - [TEST_STEP][PASSED] - pages.WriteExcel.demoKey(resText, datText, resColumn, datCloumn, fileLoc, nameSheet, row): pages.WriteExcel.demoKey is PASSED

2024-01-13 22:50:00 - [MESSAGE][PASSED] - pages.WriteExcel.demoKey is PASSED

2024-01-13 22:50:00 - [TEST_STEP][PASSED] - ExecuteTC = findTestData(dataFile).getValue("Execute", row): null

2024-01-13 22:50:00 - [TEST_STEP][PASSED] - Taxtype = findTestData(dataFile).getValue("TaxType", row): null

2024-01-13 22:50:00 - [TEST_STEP][PASSED] - TaxTypeEL = findTestData(dataFile).getValue("TaxTypeEL", row): null

2024-01-13 22:50:00 - [TEST_STEP][PASSED] - notInvNumber = findTestData(dataFile).getValue("NotiInvoNumber", row): null

2024-01-13 22:50:00 - [TEST_STEP][PASSED] - errorMsg = findTestData(dataFile).getValue("ErrorMessage", row): null

2024-01-13 22:50:00 - [TEST_STEP][PASSED] - out.println("Value of Execute is : " + ExecuteTC): null

2024-01-13 22:50:00 - [TEST_STEP][PASSED] - if (ExecuteTC.equalsIgnoreCase("Y")): null

2024-01-13 22:50:00 - [TEST_STEP][PASSED] - out.println("Begin Record Number: " + row): null

2024-01-13 22:50:00 - [TEST_STEP][PASSED] - today = new java.util.Date(): null

2024-01-13 22:50:00 - [TEST_STEP][PASSED] - println(today): null

2024-01-13 22:50:00 - [TEST_STEP][PASSED] - datText = today: null

2024-01-13 22:50:00 - [TEST_STEP][PASSED] - Taxtype = findTestData(dataFile).getValue("TaxType", row): null

2024-01-13 22:50:00 - [TEST_STEP][PASSED] - out.println("Taxtype value is : " + Taxtype): null

2024-01-13 22:50:00 - [TEST_STEP][PASSED] - openBrowser(""): Browser is opened with url: ''

2024-01-13 22:50:00 - [MESSAGE][WARNING] - A browser is already opened. Closing browser and opening a new one

2024-01-13 22:50:01 - [MESSAGE][INFO] - Starting 'Chrome' driver

2024-01-13 22:50:01 - [MESSAGE][INFO] - User set preference: ['acceptInsecureCerts', 'true']

2024-01-13 22:50:01 - [MESSAGE][INFO] - Action delay is set to 0 milliseconds

2024-01-13 22:50:03 - [MESSAGE][PASSED] - Browser is opened with url: ''

2024-01-13 22:50:03 - [TEST_STEP][PASSED] - maximizeWindow(): Current window maximized

2024-01-13 22:50:03 - [MESSAGE][PASSED] - Current window maximized

2024-01-13 22:50:03 - [TEST_STEP][PASSED] - navigateToUrl(RADurl): Navigate to 'https://qa2.velocitypayment.com/client/rad/index.html' successfully

2024-01-13 22:50:05 - [MESSAGE][PASSED] - Navigate to 'https://qa2.velocitypayment.com/client/rad/index.html' successfully

2024-01-13 22:50:05 - [TEST_STEP][PASSED] - orPath_Landing = "Object Repository/RAD_Pages/Landing_Page": null

2024-01-13 22:50:05 - [TEST_STEP][PASSED] - orPath_TaxTypeFilingYear = "Object Repository/RAD_Pages/TaxTypeFilingYear_Page": null

2024-01-13 22:50:05 - [TEST_STEP][PASSED] - orPath_TaxPayer = "Object Repository/RAD_Pages/Taxpayer_Page": null

2024-01-13 22:50:05 - [TEST_STEP][PASSED] - orPath_AddressContact = "Object Repository/RAD_Pages/AddressAndContactInfo_Page": null

2024-01-13 22:50:05 - [TEST_STEP][PASSED] - orPath_FilingStatus = "Object Repository/RAD_Pages/FilingStatus_Page": null

2024-01-13 22:50:05 - [TEST_STEP][PASSED] - orPath_Amount = "Object Repository/RAD_Pages/PaymentAmount_Page": null

2024-01-13 22:50:05 - [TEST_STEP][PASSED] - orPath_TaxInfo = "Object Repository/RAD_Pages/TaxInfo_Page": null

2024-01-13 22:50:05 - [TEST_STEP][PASSED] - orPath_Withholding = "Object Repository/RAD_Pages/Withholding_Page": null

2024-01-13 22:50:05 - [TEST_STEP][PASSED] - orPath_Summary = "Object Repository/RAD_Pages/Summary_Page": null

2024-01-13 22:50:05 - [TEST_STEP][PASSED] - orPath_PaymentReady = "Object Repository/RAD_Pages/PaymentReady_Page": null

2024-01-13 22:50:05 - [TEST_STEP][PASSED] - orPath_PaymentEntry = "Object Repository/RAD_Pages/PaymentEntry_Page": null

2024-01-13 22:50:05 - [TEST_STEP][PASSED] - orPath_PaymentConfirmation = "Object Repository/RAD_Pages/PaymentConfirmation_Page": null

2024-01-13 22:50:05 - [TEST_STEP][PASSED] - orPath_ServiceFeesAccept = "Object Repository/RAD_Pages/ServiceFeeAccept_Page": null

2024-01-13 22:50:05 - [TEST_STEP][PASSED] - selectOptionByLabel(findTestObject(orPath_Landing + "/dd_TaxType"), Taxtype, false): All options with label 'Existing Liability w/Notice Number' are selected in object 'Object Repository/RAD_Pages/Landing_Page/dd_TaxType' 

2024-01-13 22:50:05 - [MESSAGE][PASSED] - All options with label 'Existing Liability w/Notice Number' are selected in object 'Object Repository/RAD_Pages/Landing_Page/dd_TaxType' 

2024-01-13 22:50:05 - [TEST_STEP][PASSED] - delay(1): Delayed 1 second(s)

2024-01-13 22:50:06 - [MESSAGE][PASSED] - Delayed 1 second(s)

2024-01-13 22:50:06 - [TEST_STEP][PASSED] - selectOptionByLabel(findTestObject(orPath_TaxTypeFilingYear + "/select_TaxType_ExistingLiability"), TaxTypeEL, false): All options with label 'Fiduciary Tax' are selected in object 'Object Repository/RAD_Pages/TaxTypeFilingYear_Page/select_TaxType_ExistingLiability' 

2024-01-13 22:50:07 - [MESSAGE][PASSED] - All options with label 'Fiduciary Tax' are selected in object 'Object Repository/RAD_Pages/TaxTypeFilingYear_Page/select_TaxType_ExistingLiability' 

2024-01-13 22:50:07 - [TEST_STEP][PASSED] - setText(findTestObject(orPath_TaxInfo + "/input_NoticeInvoiceNumber"), notInvNumber): Text '123456789' is set on object 'Object Repository/RAD_Pages/TaxInfo_Page/input_NoticeInvoiceNumber'

2024-01-13 22:50:08 - [MESSAGE][PASSED] - Text '123456789' is set on object 'Object Repository/RAD_Pages/TaxInfo_Page/input_NoticeInvoiceNumber'

2024-01-13 22:50:08 - [TEST_STEP][PASSED] - setText(findTestObject(orPath_TaxInfo + "/input_reTypeNoticeInvoiceNumber"), notInvNumber): Text '123456789' is set on object 'Object Repository/RAD_Pages/TaxInfo_Page/input_reTypeNoticeInvoiceNumber'

2024-01-13 22:50:09 - [MESSAGE][PASSED] - Text '123456789' is set on object 'Object Repository/RAD_Pages/TaxInfo_Page/input_reTypeNoticeInvoiceNumber'

2024-01-13 22:50:09 - [TEST_STEP][PASSED] - println(notInvNumber): null

2024-01-13 22:50:09 - [TEST_STEP][PASSED] - if (verifyTextPresent(errorMsg, true)): null

2024-01-13 22:50:09 - [MESSAGE][PASSED] - Text 'Notice Number must be 13 digits in length, with a value greater than zero' is present on page  using regular expression

2024-01-13 22:50:09 - [TEST_STEP][PASSED] - println("Error Message is present on the page"): null

2024-01-13 22:50:09 - [TEST_STEP][PASSED] - out.println("Pass Record Number: " + row): null

2024-01-13 22:50:09 - [TEST_STEP][PASSED] - resText = "Pass": null

2024-01-13 22:50:09 - [TEST_STEP][PASSED] - pages.WriteExcel.demoKey(resText, datText, resColumn, datCloumn, fileLoc, nameSheet, row): pages.WriteExcel.demoKey is PASSED

2024-01-13 22:50:09 - [MESSAGE][PASSED] - pages.WriteExcel.demoKey is PASSED

2024-01-13 22:50:09 - [TEST_STEP][PASSED] - ExecuteTC = findTestData(dataFile).getValue("Execute", row): null

2024-01-13 22:50:09 - [TEST_STEP][PASSED] - Taxtype = findTestData(dataFile).getValue("TaxType", row): null

2024-01-13 22:50:09 - [TEST_STEP][PASSED] - TaxTypeEL = findTestData(dataFile).getValue("TaxTypeEL", row): null

2024-01-13 22:50:09 - [TEST_STEP][PASSED] - notInvNumber = findTestData(dataFile).getValue("NotiInvoNumber", row): null

2024-01-13 22:50:09 - [TEST_STEP][PASSED] - errorMsg = findTestData(dataFile).getValue("ErrorMessage", row): null

2024-01-13 22:50:09 - [TEST_STEP][PASSED] - out.println("Value of Execute is : " + ExecuteTC): null

2024-01-13 22:50:09 - [TEST_STEP][PASSED] - if (ExecuteTC.equalsIgnoreCase("Y")): null

2024-01-13 22:50:09 - [TEST_STEP][PASSED] - out.println("Begin Record Number: " + row): null

2024-01-13 22:50:09 - [TEST_STEP][PASSED] - today = new java.util.Date(): null

2024-01-13 22:50:09 - [TEST_STEP][PASSED] - println(today): null

2024-01-13 22:50:09 - [TEST_STEP][PASSED] - datText = today: null

2024-01-13 22:50:09 - [TEST_STEP][PASSED] - Taxtype = findTestData(dataFile).getValue("TaxType", row): null

2024-01-13 22:50:09 - [TEST_STEP][PASSED] - out.println("Taxtype value is : " + Taxtype): null

2024-01-13 22:50:09 - [TEST_STEP][PASSED] - openBrowser(""): Browser is opened with url: ''

2024-01-13 22:50:09 - [MESSAGE][WARNING] - A browser is already opened. Closing browser and opening a new one

2024-01-13 22:50:10 - [MESSAGE][INFO] - Starting 'Chrome' driver

2024-01-13 22:50:10 - [MESSAGE][INFO] - User set preference: ['acceptInsecureCerts', 'true']

2024-01-13 22:50:10 - [MESSAGE][INFO] - Action delay is set to 0 milliseconds

2024-01-13 22:50:12 - [MESSAGE][PASSED] - Browser is opened with url: ''

2024-01-13 22:50:12 - [TEST_STEP][PASSED] - maximizeWindow(): Current window maximized

2024-01-13 22:50:12 - [MESSAGE][PASSED] - Current window maximized

2024-01-13 22:50:12 - [TEST_STEP][PASSED] - navigateToUrl(RADurl): Navigate to 'https://qa2.velocitypayment.com/client/rad/index.html' successfully

2024-01-13 22:50:14 - [MESSAGE][PASSED] - Navigate to 'https://qa2.velocitypayment.com/client/rad/index.html' successfully

2024-01-13 22:50:14 - [TEST_STEP][PASSED] - orPath_Landing = "Object Repository/RAD_Pages/Landing_Page": null

2024-01-13 22:50:14 - [TEST_STEP][PASSED] - orPath_TaxTypeFilingYear = "Object Repository/RAD_Pages/TaxTypeFilingYear_Page": null

2024-01-13 22:50:14 - [TEST_STEP][PASSED] - orPath_TaxPayer = "Object Repository/RAD_Pages/Taxpayer_Page": null

2024-01-13 22:50:14 - [TEST_STEP][PASSED] - orPath_AddressContact = "Object Repository/RAD_Pages/AddressAndContactInfo_Page": null

2024-01-13 22:50:14 - [TEST_STEP][PASSED] - orPath_FilingStatus = "Object Repository/RAD_Pages/FilingStatus_Page": null

2024-01-13 22:50:14 - [TEST_STEP][PASSED] - orPath_Amount = "Object Repository/RAD_Pages/PaymentAmount_Page": null

2024-01-13 22:50:14 - [TEST_STEP][PASSED] - orPath_TaxInfo = "Object Repository/RAD_Pages/TaxInfo_Page": null

2024-01-13 22:50:14 - [TEST_STEP][PASSED] - orPath_Withholding = "Object Repository/RAD_Pages/Withholding_Page": null

2024-01-13 22:50:14 - [TEST_STEP][PASSED] - orPath_Summary = "Object Repository/RAD_Pages/Summary_Page": null

2024-01-13 22:50:14 - [TEST_STEP][PASSED] - orPath_PaymentReady = "Object Repository/RAD_Pages/PaymentReady_Page": null

2024-01-13 22:50:14 - [TEST_STEP][PASSED] - orPath_PaymentEntry = "Object Repository/RAD_Pages/PaymentEntry_Page": null

2024-01-13 22:50:14 - [TEST_STEP][PASSED] - orPath_PaymentConfirmation = "Object Repository/RAD_Pages/PaymentConfirmation_Page": null

2024-01-13 22:50:14 - [TEST_STEP][PASSED] - orPath_ServiceFeesAccept = "Object Repository/RAD_Pages/ServiceFeeAccept_Page": null

2024-01-13 22:50:14 - [TEST_STEP][PASSED] - selectOptionByLabel(findTestObject(orPath_Landing + "/dd_TaxType"), Taxtype, false): All options with label 'Existing Liability w/Notice Number' are selected in object 'Object Repository/RAD_Pages/Landing_Page/dd_TaxType' 

2024-01-13 22:50:14 - [MESSAGE][PASSED] - All options with label 'Existing Liability w/Notice Number' are selected in object 'Object Repository/RAD_Pages/Landing_Page/dd_TaxType' 

2024-01-13 22:50:14 - [TEST_STEP][PASSED] - delay(1): Delayed 1 second(s)

2024-01-13 22:50:15 - [MESSAGE][PASSED] - Delayed 1 second(s)

2024-01-13 22:50:15 - [TEST_STEP][PASSED] - selectOptionByLabel(findTestObject(orPath_TaxTypeFilingYear + "/select_TaxType_ExistingLiability"), TaxTypeEL, false): All options with label 'Personal Income Tax' are selected in object 'Object Repository/RAD_Pages/TaxTypeFilingYear_Page/select_TaxType_ExistingLiability' 

2024-01-13 22:50:16 - [MESSAGE][PASSED] - All options with label 'Personal Income Tax' are selected in object 'Object Repository/RAD_Pages/TaxTypeFilingYear_Page/select_TaxType_ExistingLiability' 

2024-01-13 22:50:16 - [TEST_STEP][PASSED] - setText(findTestObject(orPath_TaxInfo + "/input_NoticeInvoiceNumber"), notInvNumber): Text '123456789' is set on object 'Object Repository/RAD_Pages/TaxInfo_Page/input_NoticeInvoiceNumber'

2024-01-13 22:50:17 - [MESSAGE][PASSED] - Text '123456789' is set on object 'Object Repository/RAD_Pages/TaxInfo_Page/input_NoticeInvoiceNumber'

2024-01-13 22:50:17 - [TEST_STEP][PASSED] - setText(findTestObject(orPath_TaxInfo + "/input_reTypeNoticeInvoiceNumber"), notInvNumber): Text '123456789' is set on object 'Object Repository/RAD_Pages/TaxInfo_Page/input_reTypeNoticeInvoiceNumber'

2024-01-13 22:50:18 - [MESSAGE][PASSED] - Text '123456789' is set on object 'Object Repository/RAD_Pages/TaxInfo_Page/input_reTypeNoticeInvoiceNumber'

2024-01-13 22:50:18 - [TEST_STEP][PASSED] - println(notInvNumber): null

2024-01-13 22:50:18 - [TEST_STEP][PASSED] - if (verifyTextPresent(errorMsg, true)): null

2024-01-13 22:50:18 - [MESSAGE][PASSED] - Text 'Notice Number must be 13 digits in length, with a value greater than zero' is present on page  using regular expression

2024-01-13 22:50:18 - [TEST_STEP][PASSED] - println("Error Message is present on the page"): null

2024-01-13 22:50:18 - [TEST_STEP][PASSED] - out.println("Pass Record Number: " + row): null

2024-01-13 22:50:18 - [TEST_STEP][PASSED] - resText = "Pass": null

2024-01-13 22:50:18 - [TEST_STEP][PASSED] - pages.WriteExcel.demoKey(resText, datText, resColumn, datCloumn, fileLoc, nameSheet, row): pages.WriteExcel.demoKey is PASSED

2024-01-13 22:50:18 - [MESSAGE][PASSED] - pages.WriteExcel.demoKey is PASSED

2024-01-13 22:50:18 - [TEST_STEP][PASSED] - ExecuteTC = findTestData(dataFile).getValue("Execute", row): null

2024-01-13 22:50:18 - [TEST_STEP][PASSED] - Taxtype = findTestData(dataFile).getValue("TaxType", row): null

2024-01-13 22:50:18 - [TEST_STEP][PASSED] - TaxTypeEL = findTestData(dataFile).getValue("TaxTypeEL", row): null

2024-01-13 22:50:19 - [TEST_STEP][PASSED] - notInvNumber = findTestData(dataFile).getValue("NotiInvoNumber", row): null

2024-01-13 22:50:19 - [TEST_STEP][PASSED] - errorMsg = findTestData(dataFile).getValue("ErrorMessage", row): null

2024-01-13 22:50:19 - [TEST_STEP][PASSED] - out.println("Value of Execute is : " + ExecuteTC): null

2024-01-13 22:50:19 - [TEST_STEP][PASSED] - if (ExecuteTC.equalsIgnoreCase("Y")): null

2024-01-13 22:50:19 - [TEST_STEP][PASSED] - out.println("Begin Record Number: " + row): null

2024-01-13 22:50:19 - [TEST_STEP][PASSED] - today = new java.util.Date(): null

2024-01-13 22:50:19 - [TEST_STEP][PASSED] - println(today): null

2024-01-13 22:50:19 - [TEST_STEP][PASSED] - datText = today: null

2024-01-13 22:50:19 - [TEST_STEP][PASSED] - Taxtype = findTestData(dataFile).getValue("TaxType", row): null

2024-01-13 22:50:19 - [TEST_STEP][PASSED] - out.println("Taxtype value is : " + Taxtype): null

2024-01-13 22:50:19 - [TEST_STEP][PASSED] - openBrowser(""): Browser is opened with url: ''

2024-01-13 22:50:19 - [MESSAGE][WARNING] - A browser is already opened. Closing browser and opening a new one

2024-01-13 22:50:20 - [MESSAGE][INFO] - Starting 'Chrome' driver

2024-01-13 22:50:20 - [MESSAGE][INFO] - User set preference: ['acceptInsecureCerts', 'true']

2024-01-13 22:50:20 - [MESSAGE][INFO] - Action delay is set to 0 milliseconds

2024-01-13 22:50:21 - [MESSAGE][PASSED] - Browser is opened with url: ''

2024-01-13 22:50:21 - [TEST_STEP][PASSED] - maximizeWindow(): Current window maximized

2024-01-13 22:50:21 - [MESSAGE][PASSED] - Current window maximized

2024-01-13 22:50:21 - [TEST_STEP][PASSED] - navigateToUrl(RADurl): Navigate to 'https://qa2.velocitypayment.com/client/rad/index.html' successfully

2024-01-13 22:50:23 - [MESSAGE][PASSED] - Navigate to 'https://qa2.velocitypayment.com/client/rad/index.html' successfully

2024-01-13 22:50:23 - [TEST_STEP][PASSED] - orPath_Landing = "Object Repository/RAD_Pages/Landing_Page": null

2024-01-13 22:50:23 - [TEST_STEP][PASSED] - orPath_TaxTypeFilingYear = "Object Repository/RAD_Pages/TaxTypeFilingYear_Page": null

2024-01-13 22:50:23 - [TEST_STEP][PASSED] - orPath_TaxPayer = "Object Repository/RAD_Pages/Taxpayer_Page": null

2024-01-13 22:50:23 - [TEST_STEP][PASSED] - orPath_AddressContact = "Object Repository/RAD_Pages/AddressAndContactInfo_Page": null

2024-01-13 22:50:23 - [TEST_STEP][PASSED] - orPath_FilingStatus = "Object Repository/RAD_Pages/FilingStatus_Page": null

2024-01-13 22:50:23 - [TEST_STEP][PASSED] - orPath_Amount = "Object Repository/RAD_Pages/PaymentAmount_Page": null

2024-01-13 22:50:23 - [TEST_STEP][PASSED] - orPath_TaxInfo = "Object Repository/RAD_Pages/TaxInfo_Page": null

2024-01-13 22:50:23 - [TEST_STEP][PASSED] - orPath_Withholding = "Object Repository/RAD_Pages/Withholding_Page": null

2024-01-13 22:50:23 - [TEST_STEP][PASSED] - orPath_Summary = "Object Repository/RAD_Pages/Summary_Page": null

2024-01-13 22:50:23 - [TEST_STEP][PASSED] - orPath_PaymentReady = "Object Repository/RAD_Pages/PaymentReady_Page": null

2024-01-13 22:50:23 - [TEST_STEP][PASSED] - orPath_PaymentEntry = "Object Repository/RAD_Pages/PaymentEntry_Page": null

2024-01-13 22:50:23 - [TEST_STEP][PASSED] - orPath_PaymentConfirmation = "Object Repository/RAD_Pages/PaymentConfirmation_Page": null

2024-01-13 22:50:23 - [TEST_STEP][PASSED] - orPath_ServiceFeesAccept = "Object Repository/RAD_Pages/ServiceFeeAccept_Page": null

2024-01-13 22:50:23 - [TEST_STEP][PASSED] - selectOptionByLabel(findTestObject(orPath_Landing + "/dd_TaxType"), Taxtype, false): All options with label 'Existing Liability w/Notice Number' are selected in object 'Object Repository/RAD_Pages/Landing_Page/dd_TaxType' 

2024-01-13 22:50:23 - [MESSAGE][PASSED] - All options with label 'Existing Liability w/Notice Number' are selected in object 'Object Repository/RAD_Pages/Landing_Page/dd_TaxType' 

2024-01-13 22:50:23 - [TEST_STEP][PASSED] - delay(1): Delayed 1 second(s)

2024-01-13 22:50:24 - [MESSAGE][PASSED] - Delayed 1 second(s)

2024-01-13 22:50:24 - [TEST_STEP][PASSED] - selectOptionByLabel(findTestObject(orPath_TaxTypeFilingYear + "/select_TaxType_ExistingLiability"), TaxTypeEL, false): All options with label 'PTE Non-Electing Non-S Corp' are selected in object 'Object Repository/RAD_Pages/TaxTypeFilingYear_Page/select_TaxType_ExistingLiability' 

2024-01-13 22:50:25 - [MESSAGE][PASSED] - All options with label 'PTE Non-Electing Non-S Corp' are selected in object 'Object Repository/RAD_Pages/TaxTypeFilingYear_Page/select_TaxType_ExistingLiability' 

2024-01-13 22:50:25 - [TEST_STEP][PASSED] - setText(findTestObject(orPath_TaxInfo + "/input_NoticeInvoiceNumber"), notInvNumber): Text '123456789' is set on object 'Object Repository/RAD_Pages/TaxInfo_Page/input_NoticeInvoiceNumber'

2024-01-13 22:50:26 - [MESSAGE][PASSED] - Text '123456789' is set on object 'Object Repository/RAD_Pages/TaxInfo_Page/input_NoticeInvoiceNumber'

2024-01-13 22:50:26 - [TEST_STEP][PASSED] - setText(findTestObject(orPath_TaxInfo + "/input_reTypeNoticeInvoiceNumber"), notInvNumber): Text '123456789' is set on object 'Object Repository/RAD_Pages/TaxInfo_Page/input_reTypeNoticeInvoiceNumber'

2024-01-13 22:50:27 - [MESSAGE][PASSED] - Text '123456789' is set on object 'Object Repository/RAD_Pages/TaxInfo_Page/input_reTypeNoticeInvoiceNumber'

2024-01-13 22:50:27 - [TEST_STEP][PASSED] - println(notInvNumber): null

2024-01-13 22:50:27 - [TEST_STEP][PASSED] - if (verifyTextPresent(errorMsg, true)): null

2024-01-13 22:50:27 - [MESSAGE][PASSED] - Text 'Notice Number must be 13 digits in length, with a value greater than zero' is present on page  using regular expression

2024-01-13 22:50:27 - [TEST_STEP][PASSED] - println("Error Message is present on the page"): null

2024-01-13 22:50:27 - [TEST_STEP][PASSED] - out.println("Pass Record Number: " + row): null

2024-01-13 22:50:27 - [TEST_STEP][PASSED] - resText = "Pass": null

2024-01-13 22:50:27 - [TEST_STEP][PASSED] - pages.WriteExcel.demoKey(resText, datText, resColumn, datCloumn, fileLoc, nameSheet, row): pages.WriteExcel.demoKey is PASSED

2024-01-13 22:50:27 - [MESSAGE][PASSED] - pages.WriteExcel.demoKey is PASSED

2024-01-13 22:50:27 - [TEST_STEP][PASSED] - ExecuteTC = findTestData(dataFile).getValue("Execute", row): null

2024-01-13 22:50:27 - [TEST_STEP][PASSED] - Taxtype = findTestData(dataFile).getValue("TaxType", row): null

2024-01-13 22:50:27 - [TEST_STEP][PASSED] - TaxTypeEL = findTestData(dataFile).getValue("TaxTypeEL", row): null

2024-01-13 22:50:28 - [TEST_STEP][PASSED] - notInvNumber = findTestData(dataFile).getValue("NotiInvoNumber", row): null

2024-01-13 22:50:28 - [TEST_STEP][PASSED] - errorMsg = findTestData(dataFile).getValue("ErrorMessage", row): null

2024-01-13 22:50:28 - [TEST_STEP][PASSED] - out.println("Value of Execute is : " + ExecuteTC): null

2024-01-13 22:50:28 - [TEST_STEP][PASSED] - if (ExecuteTC.equalsIgnoreCase("Y")): null

2024-01-13 22:50:28 - [TEST_STEP][PASSED] - out.println("Begin Record Number: " + row): null

2024-01-13 22:50:28 - [TEST_STEP][PASSED] - today = new java.util.Date(): null

2024-01-13 22:50:28 - [TEST_STEP][PASSED] - println(today): null

2024-01-13 22:50:28 - [TEST_STEP][PASSED] - datText = today: null

2024-01-13 22:50:28 - [TEST_STEP][PASSED] - Taxtype = findTestData(dataFile).getValue("TaxType", row): null

2024-01-13 22:50:28 - [TEST_STEP][PASSED] - out.println("Taxtype value is : " + Taxtype): null

2024-01-13 22:50:28 - [TEST_STEP][PASSED] - openBrowser(""): Browser is opened with url: ''

2024-01-13 22:50:28 - [MESSAGE][WARNING] - A browser is already opened. Closing browser and opening a new one

2024-01-13 22:50:29 - [MESSAGE][INFO] - Starting 'Chrome' driver

2024-01-13 22:50:29 - [MESSAGE][INFO] - User set preference: ['acceptInsecureCerts', 'true']

2024-01-13 22:50:29 - [MESSAGE][INFO] - Action delay is set to 0 milliseconds

2024-01-13 22:50:30 - [MESSAGE][PASSED] - Browser is opened with url: ''

2024-01-13 22:50:30 - [TEST_STEP][PASSED] - maximizeWindow(): Current window maximized

2024-01-13 22:50:30 - [MESSAGE][PASSED] - Current window maximized

2024-01-13 22:50:30 - [TEST_STEP][PASSED] - navigateToUrl(RADurl): Navigate to 'https://qa2.velocitypayment.com/client/rad/index.html' successfully

2024-01-13 22:50:32 - [MESSAGE][PASSED] - Navigate to 'https://qa2.velocitypayment.com/client/rad/index.html' successfully

2024-01-13 22:50:32 - [TEST_STEP][PASSED] - orPath_Landing = "Object Repository/RAD_Pages/Landing_Page": null

2024-01-13 22:50:32 - [TEST_STEP][PASSED] - orPath_TaxTypeFilingYear = "Object Repository/RAD_Pages/TaxTypeFilingYear_Page": null

2024-01-13 22:50:32 - [TEST_STEP][PASSED] - orPath_TaxPayer = "Object Repository/RAD_Pages/Taxpayer_Page": null

2024-01-13 22:50:32 - [TEST_STEP][PASSED] - orPath_AddressContact = "Object Repository/RAD_Pages/AddressAndContactInfo_Page": null

2024-01-13 22:50:32 - [TEST_STEP][PASSED] - orPath_FilingStatus = "Object Repository/RAD_Pages/FilingStatus_Page": null

2024-01-13 22:50:32 - [TEST_STEP][PASSED] - orPath_Amount = "Object Repository/RAD_Pages/PaymentAmount_Page": null

2024-01-13 22:50:32 - [TEST_STEP][PASSED] - orPath_TaxInfo = "Object Repository/RAD_Pages/TaxInfo_Page": null

2024-01-13 22:50:32 - [TEST_STEP][PASSED] - orPath_Withholding = "Object Repository/RAD_Pages/Withholding_Page": null

2024-01-13 22:50:32 - [TEST_STEP][PASSED] - orPath_Summary = "Object Repository/RAD_Pages/Summary_Page": null

2024-01-13 22:50:32 - [TEST_STEP][PASSED] - orPath_PaymentReady = "Object Repository/RAD_Pages/PaymentReady_Page": null

2024-01-13 22:50:32 - [TEST_STEP][PASSED] - orPath_PaymentEntry = "Object Repository/RAD_Pages/PaymentEntry_Page": null

2024-01-13 22:50:32 - [TEST_STEP][PASSED] - orPath_PaymentConfirmation = "Object Repository/RAD_Pages/PaymentConfirmation_Page": null

2024-01-13 22:50:32 - [TEST_STEP][PASSED] - orPath_ServiceFeesAccept = "Object Repository/RAD_Pages/ServiceFeeAccept_Page": null

2024-01-13 22:50:32 - [TEST_STEP][PASSED] - selectOptionByLabel(findTestObject(orPath_Landing + "/dd_TaxType"), Taxtype, false): All options with label 'Existing Liability w/Notice Number' are selected in object 'Object Repository/RAD_Pages/Landing_Page/dd_TaxType' 

2024-01-13 22:50:32 - [MESSAGE][PASSED] - All options with label 'Existing Liability w/Notice Number' are selected in object 'Object Repository/RAD_Pages/Landing_Page/dd_TaxType' 

2024-01-13 22:50:32 - [TEST_STEP][PASSED] - delay(1): Delayed 1 second(s)

2024-01-13 22:50:33 - [MESSAGE][PASSED] - Delayed 1 second(s)

2024-01-13 22:50:33 - [TEST_STEP][PASSED] - selectOptionByLabel(findTestObject(orPath_TaxTypeFilingYear + "/select_TaxType_ExistingLiability"), TaxTypeEL, false): All options with label 'PTE Non-Electing S Corp' are selected in object 'Object Repository/RAD_Pages/TaxTypeFilingYear_Page/select_TaxType_ExistingLiability' 

2024-01-13 22:50:34 - [MESSAGE][PASSED] - All options with label 'PTE Non-Electing S Corp' are selected in object 'Object Repository/RAD_Pages/TaxTypeFilingYear_Page/select_TaxType_ExistingLiability' 

2024-01-13 22:50:34 - [TEST_STEP][PASSED] - setText(findTestObject(orPath_TaxInfo + "/input_NoticeInvoiceNumber"), notInvNumber): Text '123456789' is set on object 'Object Repository/RAD_Pages/TaxInfo_Page/input_NoticeInvoiceNumber'

2024-01-13 22:50:35 - [MESSAGE][PASSED] - Text '123456789' is set on object 'Object Repository/RAD_Pages/TaxInfo_Page/input_NoticeInvoiceNumber'

2024-01-13 22:50:35 - [TEST_STEP][PASSED] - setText(findTestObject(orPath_TaxInfo + "/input_reTypeNoticeInvoiceNumber"), notInvNumber): Text '123456789' is set on object 'Object Repository/RAD_Pages/TaxInfo_Page/input_reTypeNoticeInvoiceNumber'

2024-01-13 22:50:36 - [MESSAGE][PASSED] - Text '123456789' is set on object 'Object Repository/RAD_Pages/TaxInfo_Page/input_reTypeNoticeInvoiceNumber'

2024-01-13 22:50:36 - [TEST_STEP][PASSED] - println(notInvNumber): null

2024-01-13 22:50:36 - [TEST_STEP][PASSED] - if (verifyTextPresent(errorMsg, true)): null

2024-01-13 22:50:36 - [MESSAGE][PASSED] - Text 'Notice Number must be 13 digits in length, with a value greater than zero' is present on page  using regular expression

2024-01-13 22:50:36 - [TEST_STEP][PASSED] - println("Error Message is present on the page"): null

2024-01-13 22:50:36 - [TEST_STEP][PASSED] - out.println("Pass Record Number: " + row): null

2024-01-13 22:50:36 - [TEST_STEP][PASSED] - resText = "Pass": null

2024-01-13 22:50:36 - [TEST_STEP][PASSED] - pages.WriteExcel.demoKey(resText, datText, resColumn, datCloumn, fileLoc, nameSheet, row): pages.WriteExcel.demoKey is PASSED

2024-01-13 22:50:37 - [MESSAGE][PASSED] - pages.WriteExcel.demoKey is PASSED

2024-01-13 22:50:37 - [TEST_STEP][PASSED] - ExecuteTC = findTestData(dataFile).getValue("Execute", row): null

2024-01-13 22:50:37 - [TEST_STEP][PASSED] - Taxtype = findTestData(dataFile).getValue("TaxType", row): null

2024-01-13 22:50:37 - [TEST_STEP][PASSED] - TaxTypeEL = findTestData(dataFile).getValue("TaxTypeEL", row): null

2024-01-13 22:50:37 - [TEST_STEP][PASSED] - notInvNumber = findTestData(dataFile).getValue("NotiInvoNumber", row): null

2024-01-13 22:50:37 - [TEST_STEP][PASSED] - errorMsg = findTestData(dataFile).getValue("ErrorMessage", row): null

2024-01-13 22:50:37 - [TEST_STEP][PASSED] - out.println("Value of Execute is : " + ExecuteTC): null

2024-01-13 22:50:37 - [TEST_STEP][PASSED] - if (ExecuteTC.equalsIgnoreCase("Y")): null

2024-01-13 22:50:37 - [TEST_STEP][PASSED] - out.println("Begin Record Number: " + row): null

2024-01-13 22:50:37 - [TEST_STEP][PASSED] - today = new java.util.Date(): null

2024-01-13 22:50:37 - [TEST_STEP][PASSED] - println(today): null

2024-01-13 22:50:37 - [TEST_STEP][PASSED] - datText = today: null

2024-01-13 22:50:37 - [TEST_STEP][PASSED] - Taxtype = findTestData(dataFile).getValue("TaxType", row): null

2024-01-13 22:50:37 - [TEST_STEP][PASSED] - out.println("Taxtype value is : " + Taxtype): null

2024-01-13 22:50:37 - [TEST_STEP][PASSED] - openBrowser(""): Browser is opened with url: ''

2024-01-13 22:50:37 - [MESSAGE][WARNING] - A browser is already opened. Closing browser and opening a new one

2024-01-13 22:50:38 - [MESSAGE][INFO] - Starting 'Chrome' driver

2024-01-13 22:50:38 - [MESSAGE][INFO] - User set preference: ['acceptInsecureCerts', 'true']

2024-01-13 22:50:38 - [MESSAGE][INFO] - Action delay is set to 0 milliseconds

2024-01-13 22:50:39 - [MESSAGE][PASSED] - Browser is opened with url: ''

2024-01-13 22:50:39 - [TEST_STEP][PASSED] - maximizeWindow(): Current window maximized

2024-01-13 22:50:39 - [MESSAGE][PASSED] - Current window maximized

2024-01-13 22:50:39 - [TEST_STEP][PASSED] - navigateToUrl(RADurl): Navigate to 'https://qa2.velocitypayment.com/client/rad/index.html' successfully

2024-01-13 22:50:41 - [MESSAGE][PASSED] - Navigate to 'https://qa2.velocitypayment.com/client/rad/index.html' successfully

2024-01-13 22:50:41 - [TEST_STEP][PASSED] - orPath_Landing = "Object Repository/RAD_Pages/Landing_Page": null

2024-01-13 22:50:41 - [TEST_STEP][PASSED] - orPath_TaxTypeFilingYear = "Object Repository/RAD_Pages/TaxTypeFilingYear_Page": null

2024-01-13 22:50:41 - [TEST_STEP][PASSED] - orPath_TaxPayer = "Object Repository/RAD_Pages/Taxpayer_Page": null

2024-01-13 22:50:41 - [TEST_STEP][PASSED] - orPath_AddressContact = "Object Repository/RAD_Pages/AddressAndContactInfo_Page": null

2024-01-13 22:50:41 - [TEST_STEP][PASSED] - orPath_FilingStatus = "Object Repository/RAD_Pages/FilingStatus_Page": null

2024-01-13 22:50:41 - [TEST_STEP][PASSED] - orPath_Amount = "Object Repository/RAD_Pages/PaymentAmount_Page": null

2024-01-13 22:50:41 - [TEST_STEP][PASSED] - orPath_TaxInfo = "Object Repository/RAD_Pages/TaxInfo_Page": null

2024-01-13 22:50:41 - [TEST_STEP][PASSED] - orPath_Withholding = "Object Repository/RAD_Pages/Withholding_Page": null

2024-01-13 22:50:41 - [TEST_STEP][PASSED] - orPath_Summary = "Object Repository/RAD_Pages/Summary_Page": null

2024-01-13 22:50:41 - [TEST_STEP][PASSED] - orPath_PaymentReady = "Object Repository/RAD_Pages/PaymentReady_Page": null

2024-01-13 22:50:41 - [TEST_STEP][PASSED] - orPath_PaymentEntry = "Object Repository/RAD_Pages/PaymentEntry_Page": null

2024-01-13 22:50:41 - [TEST_STEP][PASSED] - orPath_PaymentConfirmation = "Object Repository/RAD_Pages/PaymentConfirmation_Page": null

2024-01-13 22:50:41 - [TEST_STEP][PASSED] - orPath_ServiceFeesAccept = "Object Repository/RAD_Pages/ServiceFeeAccept_Page": null

2024-01-13 22:50:41 - [TEST_STEP][PASSED] - selectOptionByLabel(findTestObject(orPath_Landing + "/dd_TaxType"), Taxtype, false): All options with label 'Existing Liability w/Notice Number' are selected in object 'Object Repository/RAD_Pages/Landing_Page/dd_TaxType' 

2024-01-13 22:50:42 - [MESSAGE][PASSED] - All options with label 'Existing Liability w/Notice Number' are selected in object 'Object Repository/RAD_Pages/Landing_Page/dd_TaxType' 

2024-01-13 22:50:42 - [TEST_STEP][PASSED] - delay(1): Delayed 1 second(s)

2024-01-13 22:50:43 - [MESSAGE][PASSED] - Delayed 1 second(s)

2024-01-13 22:50:43 - [TEST_STEP][PASSED] - selectOptionByLabel(findTestObject(orPath_TaxTypeFilingYear + "/select_TaxType_ExistingLiability"), TaxTypeEL, false): All options with label 'Sales & Use Tax' are selected in object 'Object Repository/RAD_Pages/TaxTypeFilingYear_Page/select_TaxType_ExistingLiability' 

2024-01-13 22:50:43 - [MESSAGE][PASSED] - All options with label 'Sales & Use Tax' are selected in object 'Object Repository/RAD_Pages/TaxTypeFilingYear_Page/select_TaxType_ExistingLiability' 

2024-01-13 22:50:43 - [TEST_STEP][PASSED] - setText(findTestObject(orPath_TaxInfo + "/input_NoticeInvoiceNumber"), notInvNumber): Text '123456789' is set on object 'Object Repository/RAD_Pages/TaxInfo_Page/input_NoticeInvoiceNumber'

2024-01-13 22:50:44 - [MESSAGE][PASSED] - Text '123456789' is set on object 'Object Repository/RAD_Pages/TaxInfo_Page/input_NoticeInvoiceNumber'

2024-01-13 22:50:44 - [TEST_STEP][PASSED] - setText(findTestObject(orPath_TaxInfo + "/input_reTypeNoticeInvoiceNumber"), notInvNumber): Text '123456789' is set on object 'Object Repository/RAD_Pages/TaxInfo_Page/input_reTypeNoticeInvoiceNumber'

2024-01-13 22:50:45 - [MESSAGE][PASSED] - Text '123456789' is set on object 'Object Repository/RAD_Pages/TaxInfo_Page/input_reTypeNoticeInvoiceNumber'

2024-01-13 22:50:45 - [TEST_STEP][PASSED] - println(notInvNumber): null

2024-01-13 22:50:45 - [TEST_STEP][PASSED] - if (verifyTextPresent(errorMsg, true)): null

2024-01-13 22:50:46 - [MESSAGE][PASSED] - Text 'Notice Number must be 13 digits in length, with a value greater than zero' is present on page  using regular expression

2024-01-13 22:50:46 - [TEST_STEP][PASSED] - println("Error Message is present on the page"): null

2024-01-13 22:50:46 - [TEST_STEP][PASSED] - out.println("Pass Record Number: " + row): null

2024-01-13 22:50:46 - [TEST_STEP][PASSED] - resText = "Pass": null

2024-01-13 22:50:46 - [TEST_STEP][PASSED] - pages.WriteExcel.demoKey(resText, datText, resColumn, datCloumn, fileLoc, nameSheet, row): pages.WriteExcel.demoKey is PASSED

2024-01-13 22:50:46 - [MESSAGE][PASSED] - pages.WriteExcel.demoKey is PASSED

2024-01-13 22:50:46 - [TEST_STEP][PASSED] - ExecuteTC = findTestData(dataFile).getValue("Execute", row): null

2024-01-13 22:50:46 - [TEST_STEP][PASSED] - Taxtype = findTestData(dataFile).getValue("TaxType", row): null

2024-01-13 22:50:46 - [TEST_STEP][PASSED] - TaxTypeEL = findTestData(dataFile).getValue("TaxTypeEL", row): null

2024-01-13 22:50:46 - [TEST_STEP][PASSED] - notInvNumber = findTestData(dataFile).getValue("NotiInvoNumber", row): null

2024-01-13 22:50:46 - [TEST_STEP][PASSED] - errorMsg = findTestData(dataFile).getValue("ErrorMessage", row): null

2024-01-13 22:50:46 - [TEST_STEP][PASSED] - out.println("Value of Execute is : " + ExecuteTC): null

2024-01-13 22:50:46 - [TEST_STEP][PASSED] - if (ExecuteTC.equalsIgnoreCase("Y")): null

2024-01-13 22:50:46 - [TEST_STEP][PASSED] - out.println("Begin Record Number: " + row): null

2024-01-13 22:50:46 - [TEST_STEP][PASSED] - today = new java.util.Date(): null

2024-01-13 22:50:46 - [TEST_STEP][PASSED] - println(today): null

2024-01-13 22:50:46 - [TEST_STEP][PASSED] - datText = today: null

2024-01-13 22:50:46 - [TEST_STEP][PASSED] - Taxtype = findTestData(dataFile).getValue("TaxType", row): null

2024-01-13 22:50:46 - [TEST_STEP][PASSED] - out.println("Taxtype value is : " + Taxtype): null

2024-01-13 22:50:46 - [TEST_STEP][PASSED] - openBrowser(""): Browser is opened with url: ''

2024-01-13 22:50:46 - [MESSAGE][WARNING] - A browser is already opened. Closing browser and opening a new one

2024-01-13 22:50:47 - [MESSAGE][INFO] - Starting 'Chrome' driver

2024-01-13 22:50:47 - [MESSAGE][INFO] - User set preference: ['acceptInsecureCerts', 'true']

2024-01-13 22:50:47 - [MESSAGE][INFO] - Action delay is set to 0 milliseconds

2024-01-13 22:50:48 - [MESSAGE][PASSED] - Browser is opened with url: ''

2024-01-13 22:50:48 - [TEST_STEP][PASSED] - maximizeWindow(): Current window maximized

2024-01-13 22:50:49 - [MESSAGE][PASSED] - Current window maximized

2024-01-13 22:50:49 - [TEST_STEP][PASSED] - navigateToUrl(RADurl): Navigate to 'https://qa2.velocitypayment.com/client/rad/index.html' successfully

2024-01-13 22:50:50 - [MESSAGE][PASSED] - Navigate to 'https://qa2.velocitypayment.com/client/rad/index.html' successfully

2024-01-13 22:50:50 - [TEST_STEP][PASSED] - orPath_Landing = "Object Repository/RAD_Pages/Landing_Page": null

2024-01-13 22:50:50 - [TEST_STEP][PASSED] - orPath_TaxTypeFilingYear = "Object Repository/RAD_Pages/TaxTypeFilingYear_Page": null

2024-01-13 22:50:50 - [TEST_STEP][PASSED] - orPath_TaxPayer = "Object Repository/RAD_Pages/Taxpayer_Page": null

2024-01-13 22:50:50 - [TEST_STEP][PASSED] - orPath_AddressContact = "Object Repository/RAD_Pages/AddressAndContactInfo_Page": null

2024-01-13 22:50:50 - [TEST_STEP][PASSED] - orPath_FilingStatus = "Object Repository/RAD_Pages/FilingStatus_Page": null

2024-01-13 22:50:50 - [TEST_STEP][PASSED] - orPath_Amount = "Object Repository/RAD_Pages/PaymentAmount_Page": null

2024-01-13 22:50:50 - [TEST_STEP][PASSED] - orPath_TaxInfo = "Object Repository/RAD_Pages/TaxInfo_Page": null

2024-01-13 22:50:50 - [TEST_STEP][PASSED] - orPath_Withholding = "Object Repository/RAD_Pages/Withholding_Page": null

2024-01-13 22:50:50 - [TEST_STEP][PASSED] - orPath_Summary = "Object Repository/RAD_Pages/Summary_Page": null

2024-01-13 22:50:50 - [TEST_STEP][PASSED] - orPath_PaymentReady = "Object Repository/RAD_Pages/PaymentReady_Page": null

2024-01-13 22:50:50 - [TEST_STEP][PASSED] - orPath_PaymentEntry = "Object Repository/RAD_Pages/PaymentEntry_Page": null

2024-01-13 22:50:50 - [TEST_STEP][PASSED] - orPath_PaymentConfirmation = "Object Repository/RAD_Pages/PaymentConfirmation_Page": null

2024-01-13 22:50:50 - [TEST_STEP][PASSED] - orPath_ServiceFeesAccept = "Object Repository/RAD_Pages/ServiceFeeAccept_Page": null

2024-01-13 22:50:50 - [TEST_STEP][PASSED] - selectOptionByLabel(findTestObject(orPath_Landing + "/dd_TaxType"), Taxtype, false): All options with label 'Existing Liability w/Notice Number' are selected in object 'Object Repository/RAD_Pages/Landing_Page/dd_TaxType' 

2024-01-13 22:50:51 - [MESSAGE][PASSED] - All options with label 'Existing Liability w/Notice Number' are selected in object 'Object Repository/RAD_Pages/Landing_Page/dd_TaxType' 

2024-01-13 22:50:51 - [TEST_STEP][PASSED] - delay(1): Delayed 1 second(s)

2024-01-13 22:50:52 - [MESSAGE][PASSED] - Delayed 1 second(s)

2024-01-13 22:50:52 - [TEST_STEP][PASSED] - selectOptionByLabel(findTestObject(orPath_TaxTypeFilingYear + "/select_TaxType_ExistingLiability"), TaxTypeEL, false): All options with label 'Tire Recycling Fee' are selected in object 'Object Repository/RAD_Pages/TaxTypeFilingYear_Page/select_TaxType_ExistingLiability' 

2024-01-13 22:50:52 - [MESSAGE][PASSED] - All options with label 'Tire Recycling Fee' are selected in object 'Object Repository/RAD_Pages/TaxTypeFilingYear_Page/select_TaxType_ExistingLiability' 

2024-01-13 22:50:52 - [TEST_STEP][PASSED] - setText(findTestObject(orPath_TaxInfo + "/input_NoticeInvoiceNumber"), notInvNumber): Text '123456789' is set on object 'Object Repository/RAD_Pages/TaxInfo_Page/input_NoticeInvoiceNumber'

2024-01-13 22:50:53 - [MESSAGE][PASSED] - Text '123456789' is set on object 'Object Repository/RAD_Pages/TaxInfo_Page/input_NoticeInvoiceNumber'

2024-01-13 22:50:53 - [TEST_STEP][PASSED] - setText(findTestObject(orPath_TaxInfo + "/input_reTypeNoticeInvoiceNumber"), notInvNumber): Text '123456789' is set on object 'Object Repository/RAD_Pages/TaxInfo_Page/input_reTypeNoticeInvoiceNumber'

2024-01-13 22:50:54 - [MESSAGE][PASSED] - Text '123456789' is set on object 'Object Repository/RAD_Pages/TaxInfo_Page/input_reTypeNoticeInvoiceNumber'

2024-01-13 22:50:54 - [TEST_STEP][PASSED] - println(notInvNumber): null

2024-01-13 22:50:54 - [TEST_STEP][PASSED] - if (verifyTextPresent(errorMsg, true)): null

2024-01-13 22:50:55 - [MESSAGE][PASSED] - Text 'Notice Number must be 13 digits in length, with a value greater than zero' is present on page  using regular expression

2024-01-13 22:50:55 - [TEST_STEP][PASSED] - println("Error Message is present on the page"): null

2024-01-13 22:50:55 - [TEST_STEP][PASSED] - out.println("Pass Record Number: " + row): null

2024-01-13 22:50:55 - [TEST_STEP][PASSED] - resText = "Pass": null

2024-01-13 22:50:55 - [TEST_STEP][PASSED] - pages.WriteExcel.demoKey(resText, datText, resColumn, datCloumn, fileLoc, nameSheet, row): pages.WriteExcel.demoKey is PASSED

2024-01-13 22:50:55 - [MESSAGE][PASSED] - pages.WriteExcel.demoKey is PASSED

2024-01-13 22:50:55 - [TEST_STEP][PASSED] - ExecuteTC = findTestData(dataFile).getValue("Execute", row): null

2024-01-13 22:50:55 - [TEST_STEP][PASSED] - Taxtype = findTestData(dataFile).getValue("TaxType", row): null

2024-01-13 22:50:55 - [TEST_STEP][PASSED] - TaxTypeEL = findTestData(dataFile).getValue("TaxTypeEL", row): null

2024-01-13 22:50:55 - [TEST_STEP][PASSED] - notInvNumber = findTestData(dataFile).getValue("NotiInvoNumber", row): null

2024-01-13 22:50:55 - [TEST_STEP][PASSED] - errorMsg = findTestData(dataFile).getValue("ErrorMessage", row): null

2024-01-13 22:50:55 - [TEST_STEP][PASSED] - out.println("Value of Execute is : " + ExecuteTC): null

2024-01-13 22:50:55 - [TEST_STEP][PASSED] - if (ExecuteTC.equalsIgnoreCase("Y")): null

2024-01-13 22:50:55 - [TEST_STEP][PASSED] - out.println("Begin Record Number: " + row): null

2024-01-13 22:50:55 - [TEST_STEP][PASSED] - today = new java.util.Date(): null

2024-01-13 22:50:55 - [TEST_STEP][PASSED] - println(today): null

2024-01-13 22:50:55 - [TEST_STEP][PASSED] - datText = today: null

2024-01-13 22:50:55 - [TEST_STEP][PASSED] - Taxtype = findTestData(dataFile).getValue("TaxType", row): null

2024-01-13 22:50:55 - [TEST_STEP][PASSED] - out.println("Taxtype value is : " + Taxtype): null

2024-01-13 22:50:55 - [TEST_STEP][PASSED] - openBrowser(""): Browser is opened with url: ''

2024-01-13 22:50:55 - [MESSAGE][WARNING] - A browser is already opened. Closing browser and opening a new one

2024-01-13 22:50:56 - [MESSAGE][INFO] - Starting 'Chrome' driver

2024-01-13 22:50:56 - [MESSAGE][INFO] - User set preference: ['acceptInsecureCerts', 'true']

2024-01-13 22:50:56 - [MESSAGE][INFO] - Action delay is set to 0 milliseconds

2024-01-13 22:50:57 - [MESSAGE][PASSED] - Browser is opened with url: ''

2024-01-13 22:50:57 - [TEST_STEP][PASSED] - maximizeWindow(): Current window maximized

2024-01-13 22:50:58 - [MESSAGE][PASSED] - Current window maximized

2024-01-13 22:50:58 - [TEST_STEP][PASSED] - navigateToUrl(RADurl): Navigate to 'https://qa2.velocitypayment.com/client/rad/index.html' successfully

2024-01-13 22:50:59 - [MESSAGE][PASSED] - Navigate to 'https://qa2.velocitypayment.com/client/rad/index.html' successfully

2024-01-13 22:50:59 - [TEST_STEP][PASSED] - orPath_Landing = "Object Repository/RAD_Pages/Landing_Page": null

2024-01-13 22:50:59 - [TEST_STEP][PASSED] - orPath_TaxTypeFilingYear = "Object Repository/RAD_Pages/TaxTypeFilingYear_Page": null

2024-01-13 22:50:59 - [TEST_STEP][PASSED] - orPath_TaxPayer = "Object Repository/RAD_Pages/Taxpayer_Page": null

2024-01-13 22:50:59 - [TEST_STEP][PASSED] - orPath_AddressContact = "Object Repository/RAD_Pages/AddressAndContactInfo_Page": null

2024-01-13 22:50:59 - [TEST_STEP][PASSED] - orPath_FilingStatus = "Object Repository/RAD_Pages/FilingStatus_Page": null

2024-01-13 22:50:59 - [TEST_STEP][PASSED] - orPath_Amount = "Object Repository/RAD_Pages/PaymentAmount_Page": null

2024-01-13 22:50:59 - [TEST_STEP][PASSED] - orPath_TaxInfo = "Object Repository/RAD_Pages/TaxInfo_Page": null

2024-01-13 22:50:59 - [TEST_STEP][PASSED] - orPath_Withholding = "Object Repository/RAD_Pages/Withholding_Page": null

2024-01-13 22:50:59 - [TEST_STEP][PASSED] - orPath_Summary = "Object Repository/RAD_Pages/Summary_Page": null

2024-01-13 22:50:59 - [TEST_STEP][PASSED] - orPath_PaymentReady = "Object Repository/RAD_Pages/PaymentReady_Page": null

2024-01-13 22:50:59 - [TEST_STEP][PASSED] - orPath_PaymentEntry = "Object Repository/RAD_Pages/PaymentEntry_Page": null

2024-01-13 22:50:59 - [TEST_STEP][PASSED] - orPath_PaymentConfirmation = "Object Repository/RAD_Pages/PaymentConfirmation_Page": null

2024-01-13 22:50:59 - [TEST_STEP][PASSED] - orPath_ServiceFeesAccept = "Object Repository/RAD_Pages/ServiceFeeAccept_Page": null

2024-01-13 22:50:59 - [TEST_STEP][PASSED] - selectOptionByLabel(findTestObject(orPath_Landing + "/dd_TaxType"), Taxtype, false): All options with label 'Existing Liability w/Notice Number' are selected in object 'Object Repository/RAD_Pages/Landing_Page/dd_TaxType' 

2024-01-13 22:51:00 - [MESSAGE][PASSED] - All options with label 'Existing Liability w/Notice Number' are selected in object 'Object Repository/RAD_Pages/Landing_Page/dd_TaxType' 

2024-01-13 22:51:00 - [TEST_STEP][PASSED] - delay(1): Delayed 1 second(s)

2024-01-13 22:51:01 - [MESSAGE][PASSED] - Delayed 1 second(s)

2024-01-13 22:51:01 - [TEST_STEP][PASSED] - selectOptionByLabel(findTestObject(orPath_TaxTypeFilingYear + "/select_TaxType_ExistingLiability"), TaxTypeEL, false): All options with label 'Withholding Tax' are selected in object 'Object Repository/RAD_Pages/TaxTypeFilingYear_Page/select_TaxType_ExistingLiability' 

2024-01-13 22:51:01 - [MESSAGE][PASSED] - All options with label 'Withholding Tax' are selected in object 'Object Repository/RAD_Pages/TaxTypeFilingYear_Page/select_TaxType_ExistingLiability' 

2024-01-13 22:51:01 - [TEST_STEP][PASSED] - setText(findTestObject(orPath_TaxInfo + "/input_NoticeInvoiceNumber"), notInvNumber): Text '123456789' is set on object 'Object Repository/RAD_Pages/TaxInfo_Page/input_NoticeInvoiceNumber'

2024-01-13 22:51:02 - [MESSAGE][PASSED] - Text '123456789' is set on object 'Object Repository/RAD_Pages/TaxInfo_Page/input_NoticeInvoiceNumber'

2024-01-13 22:51:02 - [TEST_STEP][PASSED] - setText(findTestObject(orPath_TaxInfo + "/input_reTypeNoticeInvoiceNumber"), notInvNumber): Text '123456789' is set on object 'Object Repository/RAD_Pages/TaxInfo_Page/input_reTypeNoticeInvoiceNumber'

2024-01-13 22:51:03 - [MESSAGE][PASSED] - Text '123456789' is set on object 'Object Repository/RAD_Pages/TaxInfo_Page/input_reTypeNoticeInvoiceNumber'

2024-01-13 22:51:03 - [TEST_STEP][PASSED] - println(notInvNumber): null

2024-01-13 22:51:03 - [TEST_STEP][PASSED] - if (verifyTextPresent(errorMsg, true)): null

2024-01-13 22:51:04 - [MESSAGE][PASSED] - Text 'Notice Number must be 13 digits in length, with a value greater than zero' is present on page  using regular expression

2024-01-13 22:51:04 - [TEST_STEP][PASSED] - println("Error Message is present on the page"): null

2024-01-13 22:51:04 - [TEST_STEP][PASSED] - out.println("Pass Record Number: " + row): null

2024-01-13 22:51:04 - [TEST_STEP][PASSED] - resText = "Pass": null

2024-01-13 22:51:04 - [TEST_STEP][PASSED] - pages.WriteExcel.demoKey(resText, datText, resColumn, datCloumn, fileLoc, nameSheet, row): pages.WriteExcel.demoKey is PASSED

2024-01-13 22:51:04 - [MESSAGE][PASSED] - pages.WriteExcel.demoKey is PASSED

2024-01-13 22:51:04 - [TEST_STEP][PASSED] - ExecuteTC = findTestData(dataFile).getValue("Execute", row): null

2024-01-13 22:51:04 - [TEST_STEP][PASSED] - Taxtype = findTestData(dataFile).getValue("TaxType", row): null

2024-01-13 22:51:04 - [TEST_STEP][PASSED] - TaxTypeEL = findTestData(dataFile).getValue("TaxTypeEL", row): null

2024-01-13 22:51:04 - [TEST_STEP][PASSED] - notInvNumber = findTestData(dataFile).getValue("NotiInvoNumber", row): null

2024-01-13 22:51:04 - [TEST_STEP][PASSED] - errorMsg = findTestData(dataFile).getValue("ErrorMessage", row): null

2024-01-13 22:51:04 - [TEST_STEP][PASSED] - out.println("Value of Execute is : " + ExecuteTC): null

2024-01-13 22:51:04 - [TEST_STEP][PASSED] - if (ExecuteTC.equalsIgnoreCase("Y")): null

2024-01-13 22:51:04 - [TEST_STEP][PASSED] - out.println("Begin Record Number: " + row): null

2024-01-13 22:51:04 - [TEST_STEP][PASSED] - today = new java.util.Date(): null

2024-01-13 22:51:04 - [TEST_STEP][PASSED] - println(today): null

2024-01-13 22:51:04 - [TEST_STEP][PASSED] - datText = today: null

2024-01-13 22:51:04 - [TEST_STEP][PASSED] - Taxtype = findTestData(dataFile).getValue("TaxType", row): null

2024-01-13 22:51:04 - [TEST_STEP][PASSED] - out.println("Taxtype value is : " + Taxtype): null

2024-01-13 22:51:04 - [TEST_STEP][PASSED] - openBrowser(""): Browser is opened with url: ''

2024-01-13 22:51:04 - [MESSAGE][WARNING] - A browser is already opened. Closing browser and opening a new one

2024-01-13 22:51:05 - [MESSAGE][INFO] - Starting 'Chrome' driver

2024-01-13 22:51:05 - [MESSAGE][INFO] - User set preference: ['acceptInsecureCerts', 'true']

2024-01-13 22:51:05 - [MESSAGE][INFO] - Action delay is set to 0 milliseconds

2024-01-13 22:51:07 - [MESSAGE][PASSED] - Browser is opened with url: ''

2024-01-13 22:51:07 - [TEST_STEP][PASSED] - maximizeWindow(): Current window maximized

2024-01-13 22:51:07 - [MESSAGE][PASSED] - Current window maximized

2024-01-13 22:51:07 - [TEST_STEP][PASSED] - navigateToUrl(RADurl): Navigate to 'https://qa2.velocitypayment.com/client/rad/index.html' successfully

2024-01-13 22:51:07 - [MESSAGE][PASSED] - Navigate to 'https://qa2.velocitypayment.com/client/rad/index.html' successfully

2024-01-13 22:51:07 - [TEST_STEP][PASSED] - orPath_Landing = "Object Repository/RAD_Pages/Landing_Page": null

2024-01-13 22:51:07 - [TEST_STEP][PASSED] - orPath_TaxTypeFilingYear = "Object Repository/RAD_Pages/TaxTypeFilingYear_Page": null

2024-01-13 22:51:07 - [TEST_STEP][PASSED] - orPath_TaxPayer = "Object Repository/RAD_Pages/Taxpayer_Page": null

2024-01-13 22:51:07 - [TEST_STEP][PASSED] - orPath_AddressContact = "Object Repository/RAD_Pages/AddressAndContactInfo_Page": null

2024-01-13 22:51:07 - [TEST_STEP][PASSED] - orPath_FilingStatus = "Object Repository/RAD_Pages/FilingStatus_Page": null

2024-01-13 22:51:07 - [TEST_STEP][PASSED] - orPath_Amount = "Object Repository/RAD_Pages/PaymentAmount_Page": null

2024-01-13 22:51:07 - [TEST_STEP][PASSED] - orPath_TaxInfo = "Object Repository/RAD_Pages/TaxInfo_Page": null

2024-01-13 22:51:07 - [TEST_STEP][PASSED] - orPath_Withholding = "Object Repository/RAD_Pages/Withholding_Page": null

2024-01-13 22:51:07 - [TEST_STEP][PASSED] - orPath_Summary = "Object Repository/RAD_Pages/Summary_Page": null

2024-01-13 22:51:07 - [TEST_STEP][PASSED] - orPath_PaymentReady = "Object Repository/RAD_Pages/PaymentReady_Page": null

2024-01-13 22:51:07 - [TEST_STEP][PASSED] - orPath_PaymentEntry = "Object Repository/RAD_Pages/PaymentEntry_Page": null

2024-01-13 22:51:07 - [TEST_STEP][PASSED] - orPath_PaymentConfirmation = "Object Repository/RAD_Pages/PaymentConfirmation_Page": null

2024-01-13 22:51:07 - [TEST_STEP][PASSED] - orPath_ServiceFeesAccept = "Object Repository/RAD_Pages/ServiceFeeAccept_Page": null

2024-01-13 22:51:07 - [TEST_STEP][PASSED] - selectOptionByLabel(findTestObject(orPath_Landing + "/dd_TaxType"), Taxtype, false): All options with label 'Existing Liability w/Notice Number' are selected in object 'Object Repository/RAD_Pages/Landing_Page/dd_TaxType' 

2024-01-13 22:51:09 - [MESSAGE][PASSED] - All options with label 'Existing Liability w/Notice Number' are selected in object 'Object Repository/RAD_Pages/Landing_Page/dd_TaxType' 

2024-01-13 22:51:09 - [TEST_STEP][PASSED] - delay(1): Delayed 1 second(s)

2024-01-13 22:51:10 - [MESSAGE][PASSED] - Delayed 1 second(s)

2024-01-13 22:51:10 - [TEST_STEP][PASSED] - selectOptionByLabel(findTestObject(orPath_TaxTypeFilingYear + "/select_TaxType_ExistingLiability"), TaxTypeEL, false): All options with label 'Alcohol Tax' are selected in object 'Object Repository/RAD_Pages/TaxTypeFilingYear_Page/select_TaxType_ExistingLiability' 

2024-01-13 22:51:10 - [MESSAGE][PASSED] - All options with label 'Alcohol Tax' are selected in object 'Object Repository/RAD_Pages/TaxTypeFilingYear_Page/select_TaxType_ExistingLiability' 

2024-01-13 22:51:10 - [TEST_STEP][PASSED] - setText(findTestObject(orPath_TaxInfo + "/input_NoticeInvoiceNumber"), notInvNumber): Text '123456789' is set on object 'Object Repository/RAD_Pages/TaxInfo_Page/input_NoticeInvoiceNumber'

2024-01-13 22:51:11 - [MESSAGE][PASSED] - Text '123456789' is set on object 'Object Repository/RAD_Pages/TaxInfo_Page/input_NoticeInvoiceNumber'

2024-01-13 22:51:11 - [TEST_STEP][PASSED] - setText(findTestObject(orPath_TaxInfo + "/input_reTypeNoticeInvoiceNumber"), notInvNumber): Text '123456789' is set on object 'Object Repository/RAD_Pages/TaxInfo_Page/input_reTypeNoticeInvoiceNumber'

2024-01-13 22:51:12 - [MESSAGE][PASSED] - Text '123456789' is set on object 'Object Repository/RAD_Pages/TaxInfo_Page/input_reTypeNoticeInvoiceNumber'

2024-01-13 22:51:12 - [TEST_STEP][PASSED] - println(notInvNumber): null

2024-01-13 22:51:12 - [TEST_STEP][PASSED] - if (verifyTextPresent(errorMsg, true)): null

2024-01-13 22:51:13 - [MESSAGE][PASSED] - Text 'Invoice Number must be 10 or 13 digits in length, with a value greater than zero' is present on page  using regular expression

2024-01-13 22:51:13 - [TEST_STEP][PASSED] - println("Error Message is present on the page"): null

2024-01-13 22:51:13 - [TEST_STEP][PASSED] - out.println("Pass Record Number: " + row): null

2024-01-13 22:51:13 - [TEST_STEP][PASSED] - resText = "Pass": null

2024-01-13 22:51:13 - [TEST_STEP][PASSED] - pages.WriteExcel.demoKey(resText, datText, resColumn, datCloumn, fileLoc, nameSheet, row): pages.WriteExcel.demoKey is PASSED

2024-01-13 22:51:13 - [MESSAGE][PASSED] - pages.WriteExcel.demoKey is PASSED

2024-01-13 22:51:13 - [TEST_STEP][PASSED] - ExecuteTC = findTestData(dataFile).getValue("Execute", row): null

2024-01-13 22:51:13 - [TEST_STEP][PASSED] - Taxtype = findTestData(dataFile).getValue("TaxType", row): null

2024-01-13 22:51:13 - [TEST_STEP][PASSED] - TaxTypeEL = findTestData(dataFile).getValue("TaxTypeEL", row): null

2024-01-13 22:51:13 - [TEST_STEP][PASSED] - notInvNumber = findTestData(dataFile).getValue("NotiInvoNumber", row): null

2024-01-13 22:51:13 - [TEST_STEP][PASSED] - errorMsg = findTestData(dataFile).getValue("ErrorMessage", row): null

2024-01-13 22:51:13 - [TEST_STEP][PASSED] - out.println("Value of Execute is : " + ExecuteTC): null

2024-01-13 22:51:13 - [TEST_STEP][PASSED] - if (ExecuteTC.equalsIgnoreCase("Y")): null

2024-01-13 22:51:13 - [TEST_STEP][PASSED] - out.println("Begin Record Number: " + row): null

2024-01-13 22:51:13 - [TEST_STEP][PASSED] - today = new java.util.Date(): null

2024-01-13 22:51:13 - [TEST_STEP][PASSED] - println(today): null

2024-01-13 22:51:13 - [TEST_STEP][PASSED] - datText = today: null

2024-01-13 22:51:13 - [TEST_STEP][PASSED] - Taxtype = findTestData(dataFile).getValue("TaxType", row): null

2024-01-13 22:51:13 - [TEST_STEP][PASSED] - out.println("Taxtype value is : " + Taxtype): null

2024-01-13 22:51:13 - [TEST_STEP][PASSED] - openBrowser(""): Browser is opened with url: ''

2024-01-13 22:51:13 - [MESSAGE][WARNING] - A browser is already opened. Closing browser and opening a new one

2024-01-13 22:51:14 - [MESSAGE][INFO] - Starting 'Chrome' driver

2024-01-13 22:51:14 - [MESSAGE][INFO] - User set preference: ['acceptInsecureCerts', 'true']

2024-01-13 22:51:14 - [MESSAGE][INFO] - Action delay is set to 0 milliseconds

2024-01-13 22:51:16 - [MESSAGE][PASSED] - Browser is opened with url: ''

2024-01-13 22:51:16 - [TEST_STEP][PASSED] - maximizeWindow(): Current window maximized

2024-01-13 22:51:16 - [MESSAGE][PASSED] - Current window maximized

2024-01-13 22:51:16 - [TEST_STEP][PASSED] - navigateToUrl(RADurl): Navigate to 'https://qa2.velocitypayment.com/client/rad/index.html' successfully

2024-01-13 22:51:17 - [MESSAGE][PASSED] - Navigate to 'https://qa2.velocitypayment.com/client/rad/index.html' successfully

2024-01-13 22:51:17 - [TEST_STEP][PASSED] - orPath_Landing = "Object Repository/RAD_Pages/Landing_Page": null

2024-01-13 22:51:17 - [TEST_STEP][PASSED] - orPath_TaxTypeFilingYear = "Object Repository/RAD_Pages/TaxTypeFilingYear_Page": null

2024-01-13 22:51:17 - [TEST_STEP][PASSED] - orPath_TaxPayer = "Object Repository/RAD_Pages/Taxpayer_Page": null

2024-01-13 22:51:17 - [TEST_STEP][PASSED] - orPath_AddressContact = "Object Repository/RAD_Pages/AddressAndContactInfo_Page": null

2024-01-13 22:51:17 - [TEST_STEP][PASSED] - orPath_FilingStatus = "Object Repository/RAD_Pages/FilingStatus_Page": null

2024-01-13 22:51:17 - [TEST_STEP][PASSED] - orPath_Amount = "Object Repository/RAD_Pages/PaymentAmount_Page": null

2024-01-13 22:51:17 - [TEST_STEP][PASSED] - orPath_TaxInfo = "Object Repository/RAD_Pages/TaxInfo_Page": null

2024-01-13 22:51:17 - [TEST_STEP][PASSED] - orPath_Withholding = "Object Repository/RAD_Pages/Withholding_Page": null

2024-01-13 22:51:17 - [TEST_STEP][PASSED] - orPath_Summary = "Object Repository/RAD_Pages/Summary_Page": null

2024-01-13 22:51:17 - [TEST_STEP][PASSED] - orPath_PaymentReady = "Object Repository/RAD_Pages/PaymentReady_Page": null

2024-01-13 22:51:17 - [TEST_STEP][PASSED] - orPath_PaymentEntry = "Object Repository/RAD_Pages/PaymentEntry_Page": null

2024-01-13 22:51:17 - [TEST_STEP][PASSED] - orPath_PaymentConfirmation = "Object Repository/RAD_Pages/PaymentConfirmation_Page": null

2024-01-13 22:51:17 - [TEST_STEP][PASSED] - orPath_ServiceFeesAccept = "Object Repository/RAD_Pages/ServiceFeeAccept_Page": null

2024-01-13 22:51:17 - [TEST_STEP][PASSED] - selectOptionByLabel(findTestObject(orPath_Landing + "/dd_TaxType"), Taxtype, false): All options with label 'Existing Liability w/Notice Number' are selected in object 'Object Repository/RAD_Pages/Landing_Page/dd_TaxType' 

2024-01-13 22:51:18 - [MESSAGE][PASSED] - All options with label 'Existing Liability w/Notice Number' are selected in object 'Object Repository/RAD_Pages/Landing_Page/dd_TaxType' 

2024-01-13 22:51:18 - [TEST_STEP][PASSED] - delay(1): Delayed 1 second(s)

2024-01-13 22:51:19 - [MESSAGE][PASSED] - Delayed 1 second(s)

2024-01-13 22:51:19 - [TEST_STEP][PASSED] - selectOptionByLabel(findTestObject(orPath_TaxTypeFilingYear + "/select_TaxType_ExistingLiability"), TaxTypeEL, false): All options with label 'Alcohol Tax' are selected in object 'Object Repository/RAD_Pages/TaxTypeFilingYear_Page/select_TaxType_ExistingLiability' 

2024-01-13 22:51:19 - [MESSAGE][PASSED] - All options with label 'Alcohol Tax' are selected in object 'Object Repository/RAD_Pages/TaxTypeFilingYear_Page/select_TaxType_ExistingLiability' 

2024-01-13 22:51:19 - [TEST_STEP][PASSED] - setText(findTestObject(orPath_TaxInfo + "/input_NoticeInvoiceNumber"), notInvNumber): Text '12345678901' is set on object 'Object Repository/RAD_Pages/TaxInfo_Page/input_NoticeInvoiceNumber'

2024-01-13 22:51:20 - [MESSAGE][PASSED] - Text '12345678901' is set on object 'Object Repository/RAD_Pages/TaxInfo_Page/input_NoticeInvoiceNumber'

2024-01-13 22:51:20 - [TEST_STEP][PASSED] - setText(findTestObject(orPath_TaxInfo + "/input_reTypeNoticeInvoiceNumber"), notInvNumber): Text '12345678901' is set on object 'Object Repository/RAD_Pages/TaxInfo_Page/input_reTypeNoticeInvoiceNumber'

2024-01-13 22:51:21 - [MESSAGE][PASSED] - Text '12345678901' is set on object 'Object Repository/RAD_Pages/TaxInfo_Page/input_reTypeNoticeInvoiceNumber'

2024-01-13 22:51:21 - [TEST_STEP][PASSED] - println(notInvNumber): null

2024-01-13 22:51:21 - [TEST_STEP][PASSED] - if (verifyTextPresent(errorMsg, true)): null

2024-01-13 22:51:22 - [MESSAGE][PASSED] - Text 'Invoice Number must be 10 or 13 digits in length, with a value greater than zero' is present on page  using regular expression

2024-01-13 22:51:22 - [TEST_STEP][PASSED] - println("Error Message is present on the page"): null

2024-01-13 22:51:22 - [TEST_STEP][PASSED] - out.println("Pass Record Number: " + row): null

2024-01-13 22:51:22 - [TEST_STEP][PASSED] - resText = "Pass": null

2024-01-13 22:51:22 - [TEST_STEP][PASSED] - pages.WriteExcel.demoKey(resText, datText, resColumn, datCloumn, fileLoc, nameSheet, row): pages.WriteExcel.demoKey is PASSED

2024-01-13 22:51:22 - [MESSAGE][PASSED] - pages.WriteExcel.demoKey is PASSED

2024-01-13 22:51:22 - [TEST_STEP][PASSED] - ExecuteTC = findTestData(dataFile).getValue("Execute", row): null

2024-01-13 22:51:22 - [TEST_STEP][PASSED] - Taxtype = findTestData(dataFile).getValue("TaxType", row): null

2024-01-13 22:51:22 - [TEST_STEP][PASSED] - TaxTypeEL = findTestData(dataFile).getValue("TaxTypeEL", row): null

2024-01-13 22:51:22 - [TEST_STEP][PASSED] - notInvNumber = findTestData(dataFile).getValue("NotiInvoNumber", row): null

2024-01-13 22:51:22 - [TEST_STEP][PASSED] - errorMsg = findTestData(dataFile).getValue("ErrorMessage", row): null

2024-01-13 22:51:22 - [TEST_STEP][PASSED] - out.println("Value of Execute is : " + ExecuteTC): null

2024-01-13 22:51:22 - [TEST_STEP][PASSED] - if (ExecuteTC.equalsIgnoreCase("Y")): null

2024-01-13 22:51:22 - [TEST_STEP][PASSED] - out.println("Begin Record Number: " + row): null

2024-01-13 22:51:22 - [TEST_STEP][PASSED] - today = new java.util.Date(): null

2024-01-13 22:51:22 - [TEST_STEP][PASSED] - println(today): null

2024-01-13 22:51:22 - [TEST_STEP][PASSED] - datText = today: null

2024-01-13 22:51:22 - [TEST_STEP][PASSED] - Taxtype = findTestData(dataFile).getValue("TaxType", row): null

2024-01-13 22:51:22 - [TEST_STEP][PASSED] - out.println("Taxtype value is : " + Taxtype): null

2024-01-13 22:51:22 - [TEST_STEP][PASSED] - openBrowser(""): Browser is opened with url: ''

2024-01-13 22:51:22 - [MESSAGE][WARNING] - A browser is already opened. Closing browser and opening a new one

2024-01-13 22:51:23 - [MESSAGE][INFO] - Starting 'Chrome' driver

2024-01-13 22:51:23 - [MESSAGE][INFO] - User set preference: ['acceptInsecureCerts', 'true']

2024-01-13 22:51:23 - [MESSAGE][INFO] - Action delay is set to 0 milliseconds

2024-01-13 22:51:25 - [MESSAGE][PASSED] - Browser is opened with url: ''

2024-01-13 22:51:25 - [TEST_STEP][PASSED] - maximizeWindow(): Current window maximized

2024-01-13 22:51:25 - [MESSAGE][PASSED] - Current window maximized

2024-01-13 22:51:25 - [TEST_STEP][PASSED] - navigateToUrl(RADurl): Navigate to 'https://qa2.velocitypayment.com/client/rad/index.html' successfully

2024-01-13 22:51:26 - [MESSAGE][PASSED] - Navigate to 'https://qa2.velocitypayment.com/client/rad/index.html' successfully

2024-01-13 22:51:26 - [TEST_STEP][PASSED] - orPath_Landing = "Object Repository/RAD_Pages/Landing_Page": null

2024-01-13 22:51:26 - [TEST_STEP][PASSED] - orPath_TaxTypeFilingYear = "Object Repository/RAD_Pages/TaxTypeFilingYear_Page": null

2024-01-13 22:51:26 - [TEST_STEP][PASSED] - orPath_TaxPayer = "Object Repository/RAD_Pages/Taxpayer_Page": null

2024-01-13 22:51:26 - [TEST_STEP][PASSED] - orPath_AddressContact = "Object Repository/RAD_Pages/AddressAndContactInfo_Page": null

2024-01-13 22:51:26 - [TEST_STEP][PASSED] - orPath_FilingStatus = "Object Repository/RAD_Pages/FilingStatus_Page": null

2024-01-13 22:51:26 - [TEST_STEP][PASSED] - orPath_Amount = "Object Repository/RAD_Pages/PaymentAmount_Page": null

2024-01-13 22:51:26 - [TEST_STEP][PASSED] - orPath_TaxInfo = "Object Repository/RAD_Pages/TaxInfo_Page": null

2024-01-13 22:51:26 - [TEST_STEP][PASSED] - orPath_Withholding = "Object Repository/RAD_Pages/Withholding_Page": null

2024-01-13 22:51:26 - [TEST_STEP][PASSED] - orPath_Summary = "Object Repository/RAD_Pages/Summary_Page": null

2024-01-13 22:51:26 - [TEST_STEP][PASSED] - orPath_PaymentReady = "Object Repository/RAD_Pages/PaymentReady_Page": null

2024-01-13 22:51:26 - [TEST_STEP][PASSED] - orPath_PaymentEntry = "Object Repository/RAD_Pages/PaymentEntry_Page": null

2024-01-13 22:51:26 - [TEST_STEP][PASSED] - orPath_PaymentConfirmation = "Object Repository/RAD_Pages/PaymentConfirmation_Page": null

2024-01-13 22:51:26 - [TEST_STEP][PASSED] - orPath_ServiceFeesAccept = "Object Repository/RAD_Pages/ServiceFeeAccept_Page": null

2024-01-13 22:51:26 - [TEST_STEP][PASSED] - selectOptionByLabel(findTestObject(orPath_Landing + "/dd_TaxType"), Taxtype, false): All options with label 'Existing Liability w/Notice Number' are selected in object 'Object Repository/RAD_Pages/Landing_Page/dd_TaxType' 

2024-01-13 22:51:27 - [MESSAGE][PASSED] - All options with label 'Existing Liability w/Notice Number' are selected in object 'Object Repository/RAD_Pages/Landing_Page/dd_TaxType' 

2024-01-13 22:51:27 - [TEST_STEP][PASSED] - delay(1): Delayed 1 second(s)

2024-01-13 22:51:28 - [MESSAGE][PASSED] - Delayed 1 second(s)

2024-01-13 22:51:28 - [TEST_STEP][PASSED] - selectOptionByLabel(findTestObject(orPath_TaxTypeFilingYear + "/select_TaxType_ExistingLiability"), TaxTypeEL, false): All options with label 'Alcohol Tax' are selected in object 'Object Repository/RAD_Pages/TaxTypeFilingYear_Page/select_TaxType_ExistingLiability' 

2024-01-13 22:51:28 - [MESSAGE][PASSED] - All options with label 'Alcohol Tax' are selected in object 'Object Repository/RAD_Pages/TaxTypeFilingYear_Page/select_TaxType_ExistingLiability' 

2024-01-13 22:51:28 - [TEST_STEP][PASSED] - setText(findTestObject(orPath_TaxInfo + "/input_NoticeInvoiceNumber"), notInvNumber): Text '123456789012' is set on object 'Object Repository/RAD_Pages/TaxInfo_Page/input_NoticeInvoiceNumber'

2024-01-13 22:51:29 - [MESSAGE][PASSED] - Text '123456789012' is set on object 'Object Repository/RAD_Pages/TaxInfo_Page/input_NoticeInvoiceNumber'

2024-01-13 22:51:29 - [TEST_STEP][PASSED] - setText(findTestObject(orPath_TaxInfo + "/input_reTypeNoticeInvoiceNumber"), notInvNumber): Text '123456789012' is set on object 'Object Repository/RAD_Pages/TaxInfo_Page/input_reTypeNoticeInvoiceNumber'

2024-01-13 22:51:30 - [MESSAGE][PASSED] - Text '123456789012' is set on object 'Object Repository/RAD_Pages/TaxInfo_Page/input_reTypeNoticeInvoiceNumber'

2024-01-13 22:51:30 - [TEST_STEP][PASSED] - println(notInvNumber): null

2024-01-13 22:51:30 - [TEST_STEP][PASSED] - if (verifyTextPresent(errorMsg, true)): null

2024-01-13 22:51:31 - [MESSAGE][PASSED] - Text 'Invoice Number must be 10 or 13 digits in length, with a value greater than zero' is present on page  using regular expression

2024-01-13 22:51:31 - [TEST_STEP][PASSED] - println("Error Message is present on the page"): null

2024-01-13 22:51:31 - [TEST_STEP][PASSED] - out.println("Pass Record Number: " + row): null

2024-01-13 22:51:31 - [TEST_STEP][PASSED] - resText = "Pass": null

2024-01-13 22:51:31 - [TEST_STEP][PASSED] - pages.WriteExcel.demoKey(resText, datText, resColumn, datCloumn, fileLoc, nameSheet, row): pages.WriteExcel.demoKey is PASSED

2024-01-13 22:51:31 - [MESSAGE][PASSED] - pages.WriteExcel.demoKey is PASSED

2024-01-13 22:51:31 - [TEST_STEP][PASSED] - ExecuteTC = findTestData(dataFile).getValue("Execute", row): null

2024-01-13 22:51:31 - [TEST_STEP][PASSED] - Taxtype = findTestData(dataFile).getValue("TaxType", row): null

2024-01-13 22:51:31 - [TEST_STEP][PASSED] - TaxTypeEL = findTestData(dataFile).getValue("TaxTypeEL", row): null

2024-01-13 22:51:31 - [TEST_STEP][PASSED] - notInvNumber = findTestData(dataFile).getValue("NotiInvoNumber", row): null

2024-01-13 22:51:31 - [TEST_STEP][PASSED] - errorMsg = findTestData(dataFile).getValue("ErrorMessage", row): null

2024-01-13 22:51:31 - [TEST_STEP][PASSED] - out.println("Value of Execute is : " + ExecuteTC): null

2024-01-13 22:51:31 - [TEST_STEP][PASSED] - if (ExecuteTC.equalsIgnoreCase("Y")): null

2024-01-13 22:51:31 - [TEST_STEP][PASSED] - out.println("Begin Record Number: " + row): null

2024-01-13 22:51:31 - [TEST_STEP][PASSED] - today = new java.util.Date(): null

2024-01-13 22:51:31 - [TEST_STEP][PASSED] - println(today): null

2024-01-13 22:51:31 - [TEST_STEP][PASSED] - datText = today: null

2024-01-13 22:51:31 - [TEST_STEP][PASSED] - Taxtype = findTestData(dataFile).getValue("TaxType", row): null

2024-01-13 22:51:31 - [TEST_STEP][PASSED] - out.println("Taxtype value is : " + Taxtype): null

2024-01-13 22:51:31 - [TEST_STEP][PASSED] - openBrowser(""): Browser is opened with url: ''

2024-01-13 22:51:31 - [MESSAGE][WARNING] - A browser is already opened. Closing browser and opening a new one

2024-01-13 22:51:32 - [MESSAGE][INFO] - Starting 'Chrome' driver

2024-01-13 22:51:32 - [MESSAGE][INFO] - User set preference: ['acceptInsecureCerts', 'true']

2024-01-13 22:51:32 - [MESSAGE][INFO] - Action delay is set to 0 milliseconds

2024-01-13 22:51:34 - [MESSAGE][PASSED] - Browser is opened with url: ''

2024-01-13 22:51:34 - [TEST_STEP][PASSED] - maximizeWindow(): Current window maximized

2024-01-13 22:51:34 - [MESSAGE][PASSED] - Current window maximized

2024-01-13 22:51:34 - [TEST_STEP][PASSED] - navigateToUrl(RADurl): Navigate to 'https://qa2.velocitypayment.com/client/rad/index.html' successfully

2024-01-13 22:51:35 - [MESSAGE][PASSED] - Navigate to 'https://qa2.velocitypayment.com/client/rad/index.html' successfully

2024-01-13 22:51:35 - [TEST_STEP][PASSED] - orPath_Landing = "Object Repository/RAD_Pages/Landing_Page": null

2024-01-13 22:51:35 - [TEST_STEP][PASSED] - orPath_TaxTypeFilingYear = "Object Repository/RAD_Pages/TaxTypeFilingYear_Page": null

2024-01-13 22:51:35 - [TEST_STEP][PASSED] - orPath_TaxPayer = "Object Repository/RAD_Pages/Taxpayer_Page": null

2024-01-13 22:51:35 - [TEST_STEP][PASSED] - orPath_AddressContact = "Object Repository/RAD_Pages/AddressAndContactInfo_Page": null

2024-01-13 22:51:35 - [TEST_STEP][PASSED] - orPath_FilingStatus = "Object Repository/RAD_Pages/FilingStatus_Page": null

2024-01-13 22:51:35 - [TEST_STEP][PASSED] - orPath_Amount = "Object Repository/RAD_Pages/PaymentAmount_Page": null

2024-01-13 22:51:35 - [TEST_STEP][PASSED] - orPath_TaxInfo = "Object Repository/RAD_Pages/TaxInfo_Page": null

2024-01-13 22:51:35 - [TEST_STEP][PASSED] - orPath_Withholding = "Object Repository/RAD_Pages/Withholding_Page": null

2024-01-13 22:51:35 - [TEST_STEP][PASSED] - orPath_Summary = "Object Repository/RAD_Pages/Summary_Page": null

2024-01-13 22:51:35 - [TEST_STEP][PASSED] - orPath_PaymentReady = "Object Repository/RAD_Pages/PaymentReady_Page": null

2024-01-13 22:51:35 - [TEST_STEP][PASSED] - orPath_PaymentEntry = "Object Repository/RAD_Pages/PaymentEntry_Page": null

2024-01-13 22:51:35 - [TEST_STEP][PASSED] - orPath_PaymentConfirmation = "Object Repository/RAD_Pages/PaymentConfirmation_Page": null

2024-01-13 22:51:35 - [TEST_STEP][PASSED] - orPath_ServiceFeesAccept = "Object Repository/RAD_Pages/ServiceFeeAccept_Page": null

2024-01-13 22:51:35 - [TEST_STEP][PASSED] - selectOptionByLabel(findTestObject(orPath_Landing + "/dd_TaxType"), Taxtype, false): All options with label 'Existing Liability w/Notice Number' are selected in object 'Object Repository/RAD_Pages/Landing_Page/dd_TaxType' 

2024-01-13 22:51:36 - [MESSAGE][PASSED] - All options with label 'Existing Liability w/Notice Number' are selected in object 'Object Repository/RAD_Pages/Landing_Page/dd_TaxType' 

2024-01-13 22:51:36 - [TEST_STEP][PASSED] - delay(1): Delayed 1 second(s)

2024-01-13 22:51:37 - [MESSAGE][PASSED] - Delayed 1 second(s)

2024-01-13 22:51:37 - [TEST_STEP][PASSED] - selectOptionByLabel(findTestObject(orPath_TaxTypeFilingYear + "/select_TaxType_ExistingLiability"), TaxTypeEL, false): All options with label 'PTE Tax Electing Non-S Corp' are selected in object 'Object Repository/RAD_Pages/TaxTypeFilingYear_Page/select_TaxType_ExistingLiability' 

2024-01-13 22:51:38 - [MESSAGE][PASSED] - All options with label 'PTE Tax Electing Non-S Corp' are selected in object 'Object Repository/RAD_Pages/TaxTypeFilingYear_Page/select_TaxType_ExistingLiability' 

2024-01-13 22:51:38 - [TEST_STEP][PASSED] - setText(findTestObject(orPath_TaxInfo + "/input_NoticeInvoiceNumber"), notInvNumber): Text '123456789' is set on object 'Object Repository/RAD_Pages/TaxInfo_Page/input_NoticeInvoiceNumber'

2024-01-13 22:51:38 - [MESSAGE][PASSED] - Text '123456789' is set on object 'Object Repository/RAD_Pages/TaxInfo_Page/input_NoticeInvoiceNumber'

2024-01-13 22:51:38 - [TEST_STEP][PASSED] - setText(findTestObject(orPath_TaxInfo + "/input_reTypeNoticeInvoiceNumber"), notInvNumber): Text '123456789' is set on object 'Object Repository/RAD_Pages/TaxInfo_Page/input_reTypeNoticeInvoiceNumber'

2024-01-13 22:51:39 - [MESSAGE][PASSED] - Text '123456789' is set on object 'Object Repository/RAD_Pages/TaxInfo_Page/input_reTypeNoticeInvoiceNumber'

2024-01-13 22:51:39 - [TEST_STEP][PASSED] - println(notInvNumber): null

2024-01-13 22:51:39 - [TEST_STEP][PASSED] - if (verifyTextPresent(errorMsg, true)): null

2024-01-13 22:51:40 - [MESSAGE][PASSED] - Text 'Notice Number must be 13 digits in length, with a value greater than zero' is present on page  using regular expression

2024-01-13 22:51:40 - [TEST_STEP][PASSED] - println("Error Message is present on the page"): null

2024-01-13 22:51:40 - [TEST_STEP][PASSED] - out.println("Pass Record Number: " + row): null

2024-01-13 22:51:40 - [TEST_STEP][PASSED] - resText = "Pass": null

2024-01-13 22:51:40 - [TEST_STEP][PASSED] - pages.WriteExcel.demoKey(resText, datText, resColumn, datCloumn, fileLoc, nameSheet, row): pages.WriteExcel.demoKey is PASSED

2024-01-13 22:51:40 - [MESSAGE][PASSED] - pages.WriteExcel.demoKey is PASSED

2024-01-13 22:51:40 - [TEST_STEP][PASSED] - ExecuteTC = findTestData(dataFile).getValue("Execute", row): null

2024-01-13 22:51:40 - [TEST_STEP][PASSED] - Taxtype = findTestData(dataFile).getValue("TaxType", row): null

2024-01-13 22:51:40 - [TEST_STEP][PASSED] - TaxTypeEL = findTestData(dataFile).getValue("TaxTypeEL", row): null

2024-01-13 22:51:40 - [TEST_STEP][PASSED] - notInvNumber = findTestData(dataFile).getValue("NotiInvoNumber", row): null

2024-01-13 22:51:40 - [TEST_STEP][PASSED] - errorMsg = findTestData(dataFile).getValue("ErrorMessage", row): null

2024-01-13 22:51:40 - [TEST_STEP][PASSED] - out.println("Value of Execute is : " + ExecuteTC): null

2024-01-13 22:51:40 - [TEST_STEP][PASSED] - if (ExecuteTC.equalsIgnoreCase("Y")): null

2024-01-13 22:51:40 - [TEST_STEP][PASSED] - out.println("Begin Record Number: " + row): null

2024-01-13 22:51:40 - [TEST_STEP][PASSED] - today = new java.util.Date(): null

2024-01-13 22:51:40 - [TEST_STEP][PASSED] - println(today): null

2024-01-13 22:51:40 - [TEST_STEP][PASSED] - datText = today: null

2024-01-13 22:51:40 - [TEST_STEP][PASSED] - Taxtype = findTestData(dataFile).getValue("TaxType", row): null

2024-01-13 22:51:40 - [TEST_STEP][PASSED] - out.println("Taxtype value is : " + Taxtype): null

2024-01-13 22:51:40 - [TEST_STEP][PASSED] - openBrowser(""): Browser is opened with url: ''

2024-01-13 22:51:40 - [MESSAGE][WARNING] - A browser is already opened. Closing browser and opening a new one

2024-01-13 22:51:41 - [MESSAGE][INFO] - Starting 'Chrome' driver

2024-01-13 22:51:41 - [MESSAGE][INFO] - User set preference: ['acceptInsecureCerts', 'true']

2024-01-13 22:51:41 - [MESSAGE][INFO] - Action delay is set to 0 milliseconds

2024-01-13 22:51:43 - [MESSAGE][PASSED] - Browser is opened with url: ''

2024-01-13 22:51:43 - [TEST_STEP][PASSED] - maximizeWindow(): Current window maximized

2024-01-13 22:51:43 - [MESSAGE][PASSED] - Current window maximized

2024-01-13 22:51:43 - [TEST_STEP][PASSED] - navigateToUrl(RADurl): Navigate to 'https://qa2.velocitypayment.com/client/rad/index.html' successfully

2024-01-13 22:51:44 - [MESSAGE][PASSED] - Navigate to 'https://qa2.velocitypayment.com/client/rad/index.html' successfully

2024-01-13 22:51:44 - [TEST_STEP][PASSED] - orPath_Landing = "Object Repository/RAD_Pages/Landing_Page": null

2024-01-13 22:51:44 - [TEST_STEP][PASSED] - orPath_TaxTypeFilingYear = "Object Repository/RAD_Pages/TaxTypeFilingYear_Page": null

2024-01-13 22:51:44 - [TEST_STEP][PASSED] - orPath_TaxPayer = "Object Repository/RAD_Pages/Taxpayer_Page": null

2024-01-13 22:51:44 - [TEST_STEP][PASSED] - orPath_AddressContact = "Object Repository/RAD_Pages/AddressAndContactInfo_Page": null

2024-01-13 22:51:44 - [TEST_STEP][PASSED] - orPath_FilingStatus = "Object Repository/RAD_Pages/FilingStatus_Page": null

2024-01-13 22:51:44 - [TEST_STEP][PASSED] - orPath_Amount = "Object Repository/RAD_Pages/PaymentAmount_Page": null

2024-01-13 22:51:44 - [TEST_STEP][PASSED] - orPath_TaxInfo = "Object Repository/RAD_Pages/TaxInfo_Page": null

2024-01-13 22:51:44 - [TEST_STEP][PASSED] - orPath_Withholding = "Object Repository/RAD_Pages/Withholding_Page": null

2024-01-13 22:51:44 - [TEST_STEP][PASSED] - orPath_Summary = "Object Repository/RAD_Pages/Summary_Page": null

2024-01-13 22:51:44 - [TEST_STEP][PASSED] - orPath_PaymentReady = "Object Repository/RAD_Pages/PaymentReady_Page": null

2024-01-13 22:51:44 - [TEST_STEP][PASSED] - orPath_PaymentEntry = "Object Repository/RAD_Pages/PaymentEntry_Page": null

2024-01-13 22:51:44 - [TEST_STEP][PASSED] - orPath_PaymentConfirmation = "Object Repository/RAD_Pages/PaymentConfirmation_Page": null

2024-01-13 22:51:44 - [TEST_STEP][PASSED] - orPath_ServiceFeesAccept = "Object Repository/RAD_Pages/ServiceFeeAccept_Page": null

2024-01-13 22:51:44 - [TEST_STEP][PASSED] - selectOptionByLabel(findTestObject(orPath_Landing + "/dd_TaxType"), Taxtype, false): All options with label 'Existing Liability w/Notice Number' are selected in object 'Object Repository/RAD_Pages/Landing_Page/dd_TaxType' 

2024-01-13 22:51:45 - [MESSAGE][PASSED] - All options with label 'Existing Liability w/Notice Number' are selected in object 'Object Repository/RAD_Pages/Landing_Page/dd_TaxType' 

2024-01-13 22:51:45 - [TEST_STEP][PASSED] - delay(1): Delayed 1 second(s)

2024-01-13 22:51:46 - [MESSAGE][PASSED] - Delayed 1 second(s)

2024-01-13 22:51:46 - [TEST_STEP][PASSED] - selectOptionByLabel(findTestObject(orPath_TaxTypeFilingYear + "/select_TaxType_ExistingLiability"), TaxTypeEL, false): All options with label 'PTE Tax Electing S Corp' are selected in object 'Object Repository/RAD_Pages/TaxTypeFilingYear_Page/select_TaxType_ExistingLiability' 

2024-01-13 22:51:47 - [MESSAGE][PASSED] - All options with label 'PTE Tax Electing S Corp' are selected in object 'Object Repository/RAD_Pages/TaxTypeFilingYear_Page/select_TaxType_ExistingLiability' 

2024-01-13 22:51:47 - [TEST_STEP][PASSED] - setText(findTestObject(orPath_TaxInfo + "/input_NoticeInvoiceNumber"), notInvNumber): Text '123456789' is set on object 'Object Repository/RAD_Pages/TaxInfo_Page/input_NoticeInvoiceNumber'

2024-01-13 22:51:48 - [MESSAGE][PASSED] - Text '123456789' is set on object 'Object Repository/RAD_Pages/TaxInfo_Page/input_NoticeInvoiceNumber'

2024-01-13 22:51:48 - [TEST_STEP][PASSED] - setText(findTestObject(orPath_TaxInfo + "/input_reTypeNoticeInvoiceNumber"), notInvNumber): Text '123456789' is set on object 'Object Repository/RAD_Pages/TaxInfo_Page/input_reTypeNoticeInvoiceNumber'

2024-01-13 22:51:48 - [MESSAGE][PASSED] - Text '123456789' is set on object 'Object Repository/RAD_Pages/TaxInfo_Page/input_reTypeNoticeInvoiceNumber'

2024-01-13 22:51:48 - [TEST_STEP][PASSED] - println(notInvNumber): null

2024-01-13 22:51:48 - [TEST_STEP][PASSED] - if (verifyTextPresent(errorMsg, true)): null

2024-01-13 22:51:49 - [MESSAGE][PASSED] - Text 'Notice Number must be 13 digits in length, with a value greater than zero' is present on page  using regular expression

2024-01-13 22:51:49 - [TEST_STEP][PASSED] - println("Error Message is present on the page"): null

2024-01-13 22:51:49 - [TEST_STEP][PASSED] - out.println("Pass Record Number: " + row): null

2024-01-13 22:51:49 - [TEST_STEP][PASSED] - resText = "Pass": null

2024-01-13 22:51:49 - [TEST_STEP][PASSED] - pages.WriteExcel.demoKey(resText, datText, resColumn, datCloumn, fileLoc, nameSheet, row): pages.WriteExcel.demoKey is PASSED

2024-01-13 22:51:49 - [MESSAGE][PASSED] - pages.WriteExcel.demoKey is PASSED

2024-01-13 22:51:49 - [TEST_STEP][PASSED] - ExecuteTC = findTestData(dataFile).getValue("Execute", row): null

2024-01-13 22:51:49 - [TEST_STEP][PASSED] - Taxtype = findTestData(dataFile).getValue("TaxType", row): null

2024-01-13 22:51:49 - [TEST_STEP][PASSED] - TaxTypeEL = findTestData(dataFile).getValue("TaxTypeEL", row): null

2024-01-13 22:51:49 - [TEST_STEP][PASSED] - notInvNumber = findTestData(dataFile).getValue("NotiInvoNumber", row): null

2024-01-13 22:51:49 - [TEST_STEP][PASSED] - errorMsg = findTestData(dataFile).getValue("ErrorMessage", row): null

2024-01-13 22:51:49 - [TEST_STEP][PASSED] - out.println("Value of Execute is : " + ExecuteTC): null

2024-01-13 22:51:49 - [TEST_STEP][PASSED] - if (ExecuteTC.equalsIgnoreCase("Y")): null

2024-01-13 22:51:49 - [TEST_STEP][PASSED] - out.println("Begin Record Number: " + row): null

2024-01-13 22:51:49 - [TEST_STEP][PASSED] - today = new java.util.Date(): null

2024-01-13 22:51:49 - [TEST_STEP][PASSED] - println(today): null

2024-01-13 22:51:49 - [TEST_STEP][PASSED] - datText = today: null

2024-01-13 22:51:49 - [TEST_STEP][PASSED] - Taxtype = findTestData(dataFile).getValue("TaxType", row): null

2024-01-13 22:51:49 - [TEST_STEP][PASSED] - out.println("Taxtype value is : " + Taxtype): null

2024-01-13 22:51:49 - [TEST_STEP][PASSED] - openBrowser(""): Browser is opened with url: ''

2024-01-13 22:51:49 - [MESSAGE][WARNING] - A browser is already opened. Closing browser and opening a new one

2024-01-13 22:51:50 - [MESSAGE][INFO] - Starting 'Chrome' driver

2024-01-13 22:51:50 - [MESSAGE][INFO] - User set preference: ['acceptInsecureCerts', 'true']

2024-01-13 22:51:50 - [MESSAGE][INFO] - Action delay is set to 0 milliseconds

2024-01-13 22:51:52 - [MESSAGE][PASSED] - Browser is opened with url: ''

2024-01-13 22:51:52 - [TEST_STEP][PASSED] - maximizeWindow(): Current window maximized

2024-01-13 22:51:52 - [MESSAGE][PASSED] - Current window maximized

2024-01-13 22:51:52 - [TEST_STEP][PASSED] - navigateToUrl(RADurl): Navigate to 'https://qa2.velocitypayment.com/client/rad/index.html' successfully

2024-01-13 22:51:52 - [MESSAGE][PASSED] - Navigate to 'https://qa2.velocitypayment.com/client/rad/index.html' successfully

2024-01-13 22:51:52 - [TEST_STEP][PASSED] - orPath_Landing = "Object Repository/RAD_Pages/Landing_Page": null

2024-01-13 22:51:52 - [TEST_STEP][PASSED] - orPath_TaxTypeFilingYear = "Object Repository/RAD_Pages/TaxTypeFilingYear_Page": null

2024-01-13 22:51:52 - [TEST_STEP][PASSED] - orPath_TaxPayer = "Object Repository/RAD_Pages/Taxpayer_Page": null

2024-01-13 22:51:52 - [TEST_STEP][PASSED] - orPath_AddressContact = "Object Repository/RAD_Pages/AddressAndContactInfo_Page": null

2024-01-13 22:51:52 - [TEST_STEP][PASSED] - orPath_FilingStatus = "Object Repository/RAD_Pages/FilingStatus_Page": null

2024-01-13 22:51:52 - [TEST_STEP][PASSED] - orPath_Amount = "Object Repository/RAD_Pages/PaymentAmount_Page": null

2024-01-13 22:51:52 - [TEST_STEP][PASSED] - orPath_TaxInfo = "Object Repository/RAD_Pages/TaxInfo_Page": null

2024-01-13 22:51:52 - [TEST_STEP][PASSED] - orPath_Withholding = "Object Repository/RAD_Pages/Withholding_Page": null

2024-01-13 22:51:52 - [TEST_STEP][PASSED] - orPath_Summary = "Object Repository/RAD_Pages/Summary_Page": null

2024-01-13 22:51:52 - [TEST_STEP][PASSED] - orPath_PaymentReady = "Object Repository/RAD_Pages/PaymentReady_Page": null

2024-01-13 22:51:52 - [TEST_STEP][PASSED] - orPath_PaymentEntry = "Object Repository/RAD_Pages/PaymentEntry_Page": null

2024-01-13 22:51:52 - [TEST_STEP][PASSED] - orPath_PaymentConfirmation = "Object Repository/RAD_Pages/PaymentConfirmation_Page": null

2024-01-13 22:51:52 - [TEST_STEP][PASSED] - orPath_ServiceFeesAccept = "Object Repository/RAD_Pages/ServiceFeeAccept_Page": null

2024-01-13 22:51:52 - [TEST_STEP][PASSED] - selectOptionByLabel(findTestObject(orPath_Landing + "/dd_TaxType"), Taxtype, false): All options with label 'Existing Liability w/Notice Number' are selected in object 'Object Repository/RAD_Pages/Landing_Page/dd_TaxType' 

2024-01-13 22:51:54 - [MESSAGE][PASSED] - All options with label 'Existing Liability w/Notice Number' are selected in object 'Object Repository/RAD_Pages/Landing_Page/dd_TaxType' 

2024-01-13 22:51:54 - [TEST_STEP][PASSED] - delay(1): Delayed 1 second(s)

2024-01-13 22:51:55 - [MESSAGE][PASSED] - Delayed 1 second(s)

2024-01-13 22:51:55 - [TEST_STEP][PASSED] - selectOptionByLabel(findTestObject(orPath_TaxTypeFilingYear + "/select_TaxType_ExistingLiability"), TaxTypeEL, false): All options with label 'Bay Restoration Fee' are selected in object 'Object Repository/RAD_Pages/TaxTypeFilingYear_Page/select_TaxType_ExistingLiability' 

2024-01-13 22:51:56 - [MESSAGE][PASSED] - All options with label 'Bay Restoration Fee' are selected in object 'Object Repository/RAD_Pages/TaxTypeFilingYear_Page/select_TaxType_ExistingLiability' 

2024-01-13 22:51:56 - [TEST_STEP][PASSED] - setText(findTestObject(orPath_TaxInfo + "/input_NoticeInvoiceNumber"), notInvNumber): Text '0000000000000' is set on object 'Object Repository/RAD_Pages/TaxInfo_Page/input_NoticeInvoiceNumber'

2024-01-13 22:51:57 - [MESSAGE][PASSED] - Text '0000000000000' is set on object 'Object Repository/RAD_Pages/TaxInfo_Page/input_NoticeInvoiceNumber'

2024-01-13 22:51:57 - [TEST_STEP][PASSED] - setText(findTestObject(orPath_TaxInfo + "/input_reTypeNoticeInvoiceNumber"), notInvNumber): Text '0000000000000' is set on object 'Object Repository/RAD_Pages/TaxInfo_Page/input_reTypeNoticeInvoiceNumber'

2024-01-13 22:51:58 - [MESSAGE][PASSED] - Text '0000000000000' is set on object 'Object Repository/RAD_Pages/TaxInfo_Page/input_reTypeNoticeInvoiceNumber'

2024-01-13 22:51:58 - [TEST_STEP][PASSED] - println(notInvNumber): null

2024-01-13 22:51:58 - [TEST_STEP][PASSED] - if (verifyTextPresent(errorMsg, true)): null

2024-01-13 22:51:58 - [MESSAGE][PASSED] - Text 'Notice Number must be 13 digits in length, with a value greater than zero' is present on page  using regular expression

2024-01-13 22:51:58 - [TEST_STEP][PASSED] - println("Error Message is present on the page"): null

2024-01-13 22:51:58 - [TEST_STEP][PASSED] - out.println("Pass Record Number: " + row): null

2024-01-13 22:51:58 - [TEST_STEP][PASSED] - resText = "Pass": null

2024-01-13 22:51:58 - [TEST_STEP][PASSED] - pages.WriteExcel.demoKey(resText, datText, resColumn, datCloumn, fileLoc, nameSheet, row): pages.WriteExcel.demoKey is PASSED

2024-01-13 22:51:58 - [MESSAGE][PASSED] - pages.WriteExcel.demoKey is PASSED

2024-01-13 22:51:58 - [TEST_STEP][PASSED] - ExecuteTC = findTestData(dataFile).getValue("Execute", row): null

2024-01-13 22:51:58 - [TEST_STEP][PASSED] - Taxtype = findTestData(dataFile).getValue("TaxType", row): null

2024-01-13 22:51:58 - [TEST_STEP][PASSED] - TaxTypeEL = findTestData(dataFile).getValue("TaxTypeEL", row): null

2024-01-13 22:51:59 - [TEST_STEP][PASSED] - notInvNumber = findTestData(dataFile).getValue("NotiInvoNumber", row): null

2024-01-13 22:51:59 - [TEST_STEP][PASSED] - errorMsg = findTestData(dataFile).getValue("ErrorMessage", row): null

2024-01-13 22:51:59 - [TEST_STEP][PASSED] - out.println("Value of Execute is : " + ExecuteTC): null

2024-01-13 22:51:59 - [TEST_STEP][PASSED] - if (ExecuteTC.equalsIgnoreCase("Y")): null

2024-01-13 22:51:59 - [TEST_STEP][PASSED] - out.println("Begin Record Number: " + row): null

2024-01-13 22:51:59 - [TEST_STEP][PASSED] - today = new java.util.Date(): null

2024-01-13 22:51:59 - [TEST_STEP][PASSED] - println(today): null

2024-01-13 22:51:59 - [TEST_STEP][PASSED] - datText = today: null

2024-01-13 22:51:59 - [TEST_STEP][PASSED] - Taxtype = findTestData(dataFile).getValue("TaxType", row): null

2024-01-13 22:51:59 - [TEST_STEP][PASSED] - out.println("Taxtype value is : " + Taxtype): null

2024-01-13 22:51:59 - [TEST_STEP][PASSED] - openBrowser(""): Browser is opened with url: ''

2024-01-13 22:51:59 - [MESSAGE][WARNING] - A browser is already opened. Closing browser and opening a new one

2024-01-13 22:52:00 - [MESSAGE][INFO] - Starting 'Chrome' driver

2024-01-13 22:52:00 - [MESSAGE][INFO] - User set preference: ['acceptInsecureCerts', 'true']

2024-01-13 22:52:00 - [MESSAGE][INFO] - Action delay is set to 0 milliseconds

2024-01-13 22:52:01 - [MESSAGE][PASSED] - Browser is opened with url: ''

2024-01-13 22:52:01 - [TEST_STEP][PASSED] - maximizeWindow(): Current window maximized

2024-01-13 22:52:01 - [MESSAGE][PASSED] - Current window maximized

2024-01-13 22:52:01 - [TEST_STEP][PASSED] - navigateToUrl(RADurl): Navigate to 'https://qa2.velocitypayment.com/client/rad/index.html' successfully

2024-01-13 22:52:02 - [MESSAGE][PASSED] - Navigate to 'https://qa2.velocitypayment.com/client/rad/index.html' successfully

2024-01-13 22:52:02 - [TEST_STEP][PASSED] - orPath_Landing = "Object Repository/RAD_Pages/Landing_Page": null

2024-01-13 22:52:02 - [TEST_STEP][PASSED] - orPath_TaxTypeFilingYear = "Object Repository/RAD_Pages/TaxTypeFilingYear_Page": null

2024-01-13 22:52:02 - [TEST_STEP][PASSED] - orPath_TaxPayer = "Object Repository/RAD_Pages/Taxpayer_Page": null

2024-01-13 22:52:02 - [TEST_STEP][PASSED] - orPath_AddressContact = "Object Repository/RAD_Pages/AddressAndContactInfo_Page": null

2024-01-13 22:52:02 - [TEST_STEP][PASSED] - orPath_FilingStatus = "Object Repository/RAD_Pages/FilingStatus_Page": null

2024-01-13 22:52:02 - [TEST_STEP][PASSED] - orPath_Amount = "Object Repository/RAD_Pages/PaymentAmount_Page": null

2024-01-13 22:52:02 - [TEST_STEP][PASSED] - orPath_TaxInfo = "Object Repository/RAD_Pages/TaxInfo_Page": null

2024-01-13 22:52:02 - [TEST_STEP][PASSED] - orPath_Withholding = "Object Repository/RAD_Pages/Withholding_Page": null

2024-01-13 22:52:02 - [TEST_STEP][PASSED] - orPath_Summary = "Object Repository/RAD_Pages/Summary_Page": null

2024-01-13 22:52:02 - [TEST_STEP][PASSED] - orPath_PaymentReady = "Object Repository/RAD_Pages/PaymentReady_Page": null

2024-01-13 22:52:02 - [TEST_STEP][PASSED] - orPath_PaymentEntry = "Object Repository/RAD_Pages/PaymentEntry_Page": null

2024-01-13 22:52:02 - [TEST_STEP][PASSED] - orPath_PaymentConfirmation = "Object Repository/RAD_Pages/PaymentConfirmation_Page": null

2024-01-13 22:52:02 - [TEST_STEP][PASSED] - orPath_ServiceFeesAccept = "Object Repository/RAD_Pages/ServiceFeeAccept_Page": null

2024-01-13 22:52:02 - [TEST_STEP][PASSED] - selectOptionByLabel(findTestObject(orPath_Landing + "/dd_TaxType"), Taxtype, false): All options with label 'Existing Liability w/Notice Number' are selected in object 'Object Repository/RAD_Pages/Landing_Page/dd_TaxType' 

2024-01-13 22:52:03 - [MESSAGE][PASSED] - All options with label 'Existing Liability w/Notice Number' are selected in object 'Object Repository/RAD_Pages/Landing_Page/dd_TaxType' 

2024-01-13 22:52:03 - [TEST_STEP][PASSED] - delay(1): Delayed 1 second(s)

2024-01-13 22:52:04 - [MESSAGE][PASSED] - Delayed 1 second(s)

2024-01-13 22:52:04 - [TEST_STEP][PASSED] - selectOptionByLabel(findTestObject(orPath_TaxTypeFilingYear + "/select_TaxType_ExistingLiability"), TaxTypeEL, false): All options with label 'Corporate Income Tax' are selected in object 'Object Repository/RAD_Pages/TaxTypeFilingYear_Page/select_TaxType_ExistingLiability' 

2024-01-13 22:52:05 - [MESSAGE][PASSED] - All options with label 'Corporate Income Tax' are selected in object 'Object Repository/RAD_Pages/TaxTypeFilingYear_Page/select_TaxType_ExistingLiability' 

2024-01-13 22:52:05 - [TEST_STEP][PASSED] - setText(findTestObject(orPath_TaxInfo + "/input_NoticeInvoiceNumber"), notInvNumber): Text '0000000000000' is set on object 'Object Repository/RAD_Pages/TaxInfo_Page/input_NoticeInvoiceNumber'

2024-01-13 22:52:06 - [MESSAGE][PASSED] - Text '0000000000000' is set on object 'Object Repository/RAD_Pages/TaxInfo_Page/input_NoticeInvoiceNumber'

2024-01-13 22:52:06 - [TEST_STEP][PASSED] - setText(findTestObject(orPath_TaxInfo + "/input_reTypeNoticeInvoiceNumber"), notInvNumber): Text '0000000000000' is set on object 'Object Repository/RAD_Pages/TaxInfo_Page/input_reTypeNoticeInvoiceNumber'

2024-01-13 22:52:07 - [MESSAGE][PASSED] - Text '0000000000000' is set on object 'Object Repository/RAD_Pages/TaxInfo_Page/input_reTypeNoticeInvoiceNumber'

2024-01-13 22:52:07 - [TEST_STEP][PASSED] - println(notInvNumber): null

2024-01-13 22:52:07 - [TEST_STEP][PASSED] - if (verifyTextPresent(errorMsg, true)): null

2024-01-13 22:52:07 - [MESSAGE][PASSED] - Text 'Invoice Number must be 10 or 13 digits in length, with a value greater than zero' is present on page  using regular expression

2024-01-13 22:52:07 - [TEST_STEP][PASSED] - println("Error Message is present on the page"): null

2024-01-13 22:52:07 - [TEST_STEP][PASSED] - out.println("Pass Record Number: " + row): null

2024-01-13 22:52:07 - [TEST_STEP][PASSED] - resText = "Pass": null

2024-01-13 22:52:07 - [TEST_STEP][PASSED] - pages.WriteExcel.demoKey(resText, datText, resColumn, datCloumn, fileLoc, nameSheet, row): pages.WriteExcel.demoKey is PASSED

2024-01-13 22:52:07 - [MESSAGE][PASSED] - pages.WriteExcel.demoKey is PASSED

2024-01-13 22:52:07 - [TEST_STEP][PASSED] - ExecuteTC = findTestData(dataFile).getValue("Execute", row): null

2024-01-13 22:52:08 - [TEST_STEP][PASSED] - Taxtype = findTestData(dataFile).getValue("TaxType", row): null

2024-01-13 22:52:08 - [TEST_STEP][PASSED] - TaxTypeEL = findTestData(dataFile).getValue("TaxTypeEL", row): null

2024-01-13 22:52:08 - [TEST_STEP][PASSED] - notInvNumber = findTestData(dataFile).getValue("NotiInvoNumber", row): null

2024-01-13 22:52:08 - [TEST_STEP][PASSED] - errorMsg = findTestData(dataFile).getValue("ErrorMessage", row): null

2024-01-13 22:52:08 - [TEST_STEP][PASSED] - out.println("Value of Execute is : " + ExecuteTC): null

2024-01-13 22:52:08 - [TEST_STEP][PASSED] - if (ExecuteTC.equalsIgnoreCase("Y")): null

2024-01-13 22:52:08 - [TEST_STEP][PASSED] - out.println("Begin Record Number: " + row): null

2024-01-13 22:52:08 - [TEST_STEP][PASSED] - today = new java.util.Date(): null

2024-01-13 22:52:08 - [TEST_STEP][PASSED] - println(today): null

2024-01-13 22:52:08 - [TEST_STEP][PASSED] - datText = today: null

2024-01-13 22:52:08 - [TEST_STEP][PASSED] - Taxtype = findTestData(dataFile).getValue("TaxType", row): null

2024-01-13 22:52:08 - [TEST_STEP][PASSED] - out.println("Taxtype value is : " + Taxtype): null

2024-01-13 22:52:08 - [TEST_STEP][PASSED] - openBrowser(""): Browser is opened with url: ''

2024-01-13 22:52:08 - [MESSAGE][WARNING] - A browser is already opened. Closing browser and opening a new one

2024-01-13 22:52:09 - [MESSAGE][INFO] - Starting 'Chrome' driver

2024-01-13 22:52:09 - [MESSAGE][INFO] - User set preference: ['acceptInsecureCerts', 'true']

2024-01-13 22:52:09 - [MESSAGE][INFO] - Action delay is set to 0 milliseconds

2024-01-13 22:52:10 - [MESSAGE][PASSED] - Browser is opened with url: ''

2024-01-13 22:52:10 - [TEST_STEP][PASSED] - maximizeWindow(): Current window maximized

2024-01-13 22:52:10 - [MESSAGE][PASSED] - Current window maximized

2024-01-13 22:52:10 - [TEST_STEP][PASSED] - navigateToUrl(RADurl): Navigate to 'https://qa2.velocitypayment.com/client/rad/index.html' successfully

2024-01-13 22:52:11 - [MESSAGE][PASSED] - Navigate to 'https://qa2.velocitypayment.com/client/rad/index.html' successfully

2024-01-13 22:52:11 - [TEST_STEP][PASSED] - orPath_Landing = "Object Repository/RAD_Pages/Landing_Page": null

2024-01-13 22:52:11 - [TEST_STEP][PASSED] - orPath_TaxTypeFilingYear = "Object Repository/RAD_Pages/TaxTypeFilingYear_Page": null

2024-01-13 22:52:11 - [TEST_STEP][PASSED] - orPath_TaxPayer = "Object Repository/RAD_Pages/Taxpayer_Page": null

2024-01-13 22:52:11 - [TEST_STEP][PASSED] - orPath_AddressContact = "Object Repository/RAD_Pages/AddressAndContactInfo_Page": null

2024-01-13 22:52:11 - [TEST_STEP][PASSED] - orPath_FilingStatus = "Object Repository/RAD_Pages/FilingStatus_Page": null

2024-01-13 22:52:11 - [TEST_STEP][PASSED] - orPath_Amount = "Object Repository/RAD_Pages/PaymentAmount_Page": null

2024-01-13 22:52:11 - [TEST_STEP][PASSED] - orPath_TaxInfo = "Object Repository/RAD_Pages/TaxInfo_Page": null

2024-01-13 22:52:11 - [TEST_STEP][PASSED] - orPath_Withholding = "Object Repository/RAD_Pages/Withholding_Page": null

2024-01-13 22:52:11 - [TEST_STEP][PASSED] - orPath_Summary = "Object Repository/RAD_Pages/Summary_Page": null

2024-01-13 22:52:11 - [TEST_STEP][PASSED] - orPath_PaymentReady = "Object Repository/RAD_Pages/PaymentReady_Page": null

2024-01-13 22:52:11 - [TEST_STEP][PASSED] - orPath_PaymentEntry = "Object Repository/RAD_Pages/PaymentEntry_Page": null

2024-01-13 22:52:11 - [TEST_STEP][PASSED] - orPath_PaymentConfirmation = "Object Repository/RAD_Pages/PaymentConfirmation_Page": null

2024-01-13 22:52:11 - [TEST_STEP][PASSED] - orPath_ServiceFeesAccept = "Object Repository/RAD_Pages/ServiceFeeAccept_Page": null

2024-01-13 22:52:11 - [TEST_STEP][PASSED] - selectOptionByLabel(findTestObject(orPath_Landing + "/dd_TaxType"), Taxtype, false): All options with label 'Existing Liability w/Notice Number' are selected in object 'Object Repository/RAD_Pages/Landing_Page/dd_TaxType' 

2024-01-13 22:52:12 - [MESSAGE][PASSED] - All options with label 'Existing Liability w/Notice Number' are selected in object 'Object Repository/RAD_Pages/Landing_Page/dd_TaxType' 

2024-01-13 22:52:12 - [TEST_STEP][PASSED] - delay(1): Delayed 1 second(s)

2024-01-13 22:52:13 - [MESSAGE][PASSED] - Delayed 1 second(s)

2024-01-13 22:52:13 - [TEST_STEP][PASSED] - selectOptionByLabel(findTestObject(orPath_TaxTypeFilingYear + "/select_TaxType_ExistingLiability"), TaxTypeEL, false): All options with label 'Corporate Income Tax' are selected in object 'Object Repository/RAD_Pages/TaxTypeFilingYear_Page/select_TaxType_ExistingLiability' 

2024-01-13 22:52:14 - [MESSAGE][PASSED] - All options with label 'Corporate Income Tax' are selected in object 'Object Repository/RAD_Pages/TaxTypeFilingYear_Page/select_TaxType_ExistingLiability' 

2024-01-13 22:52:14 - [TEST_STEP][PASSED] - setText(findTestObject(orPath_TaxInfo + "/input_NoticeInvoiceNumber"), notInvNumber): Text '0000000000' is set on object 'Object Repository/RAD_Pages/TaxInfo_Page/input_NoticeInvoiceNumber'

2024-01-13 22:52:15 - [MESSAGE][PASSED] - Text '0000000000' is set on object 'Object Repository/RAD_Pages/TaxInfo_Page/input_NoticeInvoiceNumber'

2024-01-13 22:52:15 - [TEST_STEP][PASSED] - setText(findTestObject(orPath_TaxInfo + "/input_reTypeNoticeInvoiceNumber"), notInvNumber): Text '0000000000' is set on object 'Object Repository/RAD_Pages/TaxInfo_Page/input_reTypeNoticeInvoiceNumber'

2024-01-13 22:52:16 - [MESSAGE][PASSED] - Text '0000000000' is set on object 'Object Repository/RAD_Pages/TaxInfo_Page/input_reTypeNoticeInvoiceNumber'

2024-01-13 22:52:16 - [TEST_STEP][PASSED] - println(notInvNumber): null

2024-01-13 22:52:16 - [TEST_STEP][PASSED] - if (verifyTextPresent(errorMsg, true)): null

2024-01-13 22:52:17 - [MESSAGE][PASSED] - Text 'Invoice Number must be 10 or 13 digits in length, with a value greater than zero' is present on page  using regular expression

2024-01-13 22:52:17 - [TEST_STEP][PASSED] - println("Error Message is present on the page"): null

2024-01-13 22:52:17 - [TEST_STEP][PASSED] - out.println("Pass Record Number: " + row): null

2024-01-13 22:52:17 - [TEST_STEP][PASSED] - resText = "Pass": null

2024-01-13 22:52:17 - [TEST_STEP][PASSED] - pages.WriteExcel.demoKey(resText, datText, resColumn, datCloumn, fileLoc, nameSheet, row): pages.WriteExcel.demoKey is PASSED

2024-01-13 22:52:17 - [MESSAGE][PASSED] - pages.WriteExcel.demoKey is PASSED

2024-01-13 22:52:17 - [TEST_STEP][PASSED] - ExecuteTC = findTestData(dataFile).getValue("Execute", row): null

2024-01-13 22:52:17 - [TEST_STEP][PASSED] - Taxtype = findTestData(dataFile).getValue("TaxType", row): null

2024-01-13 22:52:17 - [TEST_STEP][PASSED] - TaxTypeEL = findTestData(dataFile).getValue("TaxTypeEL", row): null

2024-01-13 22:52:17 - [TEST_STEP][PASSED] - notInvNumber = findTestData(dataFile).getValue("NotiInvoNumber", row): null

2024-01-13 22:52:17 - [TEST_STEP][PASSED] - errorMsg = findTestData(dataFile).getValue("ErrorMessage", row): null

2024-01-13 22:52:17 - [TEST_STEP][PASSED] - out.println("Value of Execute is : " + ExecuteTC): null

2024-01-13 22:52:17 - [TEST_STEP][PASSED] - if (ExecuteTC.equalsIgnoreCase("Y")): null

2024-01-13 22:52:17 - [TEST_STEP][PASSED] - out.println("Begin Record Number: " + row): null

2024-01-13 22:52:17 - [TEST_STEP][PASSED] - today = new java.util.Date(): null

2024-01-13 22:52:17 - [TEST_STEP][PASSED] - println(today): null

2024-01-13 22:52:17 - [TEST_STEP][PASSED] - datText = today: null

2024-01-13 22:52:17 - [TEST_STEP][PASSED] - Taxtype = findTestData(dataFile).getValue("TaxType", row): null

2024-01-13 22:52:17 - [TEST_STEP][PASSED] - out.println("Taxtype value is : " + Taxtype): null

2024-01-13 22:52:17 - [TEST_STEP][PASSED] - openBrowser(""): Browser is opened with url: ''

2024-01-13 22:52:17 - [MESSAGE][WARNING] - A browser is already opened. Closing browser and opening a new one

2024-01-13 22:52:18 - [MESSAGE][INFO] - Starting 'Chrome' driver

2024-01-13 22:52:18 - [MESSAGE][INFO] - User set preference: ['acceptInsecureCerts', 'true']

2024-01-13 22:52:18 - [MESSAGE][INFO] - Action delay is set to 0 milliseconds

2024-01-13 22:52:19 - [MESSAGE][PASSED] - Browser is opened with url: ''

2024-01-13 22:52:19 - [TEST_STEP][PASSED] - maximizeWindow(): Current window maximized

2024-01-13 22:52:19 - [MESSAGE][PASSED] - Current window maximized

2024-01-13 22:52:19 - [TEST_STEP][PASSED] - navigateToUrl(RADurl): Navigate to 'https://qa2.velocitypayment.com/client/rad/index.html' successfully

2024-01-13 22:52:21 - [MESSAGE][PASSED] - Navigate to 'https://qa2.velocitypayment.com/client/rad/index.html' successfully

2024-01-13 22:52:21 - [TEST_STEP][PASSED] - orPath_Landing = "Object Repository/RAD_Pages/Landing_Page": null

2024-01-13 22:52:21 - [TEST_STEP][PASSED] - orPath_TaxTypeFilingYear = "Object Repository/RAD_Pages/TaxTypeFilingYear_Page": null

2024-01-13 22:52:21 - [TEST_STEP][PASSED] - orPath_TaxPayer = "Object Repository/RAD_Pages/Taxpayer_Page": null

2024-01-13 22:52:21 - [TEST_STEP][PASSED] - orPath_AddressContact = "Object Repository/RAD_Pages/AddressAndContactInfo_Page": null

2024-01-13 22:52:21 - [TEST_STEP][PASSED] - orPath_FilingStatus = "Object Repository/RAD_Pages/FilingStatus_Page": null

2024-01-13 22:52:21 - [TEST_STEP][PASSED] - orPath_Amount = "Object Repository/RAD_Pages/PaymentAmount_Page": null

2024-01-13 22:52:21 - [TEST_STEP][PASSED] - orPath_TaxInfo = "Object Repository/RAD_Pages/TaxInfo_Page": null

2024-01-13 22:52:21 - [TEST_STEP][PASSED] - orPath_Withholding = "Object Repository/RAD_Pages/Withholding_Page": null

2024-01-13 22:52:21 - [TEST_STEP][PASSED] - orPath_Summary = "Object Repository/RAD_Pages/Summary_Page": null

2024-01-13 22:52:21 - [TEST_STEP][PASSED] - orPath_PaymentReady = "Object Repository/RAD_Pages/PaymentReady_Page": null

2024-01-13 22:52:21 - [TEST_STEP][PASSED] - orPath_PaymentEntry = "Object Repository/RAD_Pages/PaymentEntry_Page": null

2024-01-13 22:52:21 - [TEST_STEP][PASSED] - orPath_PaymentConfirmation = "Object Repository/RAD_Pages/PaymentConfirmation_Page": null

2024-01-13 22:52:21 - [TEST_STEP][PASSED] - orPath_ServiceFeesAccept = "Object Repository/RAD_Pages/ServiceFeeAccept_Page": null

2024-01-13 22:52:21 - [TEST_STEP][PASSED] - selectOptionByLabel(findTestObject(orPath_Landing + "/dd_TaxType"), Taxtype, false): All options with label 'Existing Liability w/Notice Number' are selected in object 'Object Repository/RAD_Pages/Landing_Page/dd_TaxType' 

2024-01-13 22:52:22 - [MESSAGE][PASSED] - All options with label 'Existing Liability w/Notice Number' are selected in object 'Object Repository/RAD_Pages/Landing_Page/dd_TaxType' 

2024-01-13 22:52:22 - [TEST_STEP][PASSED] - delay(1): Delayed 1 second(s)

2024-01-13 22:52:23 - [MESSAGE][PASSED] - Delayed 1 second(s)

2024-01-13 22:52:23 - [TEST_STEP][PASSED] - selectOptionByLabel(findTestObject(orPath_TaxTypeFilingYear + "/select_TaxType_ExistingLiability"), TaxTypeEL, false): All options with label 'Fiduciary Tax' are selected in object 'Object Repository/RAD_Pages/TaxTypeFilingYear_Page/select_TaxType_ExistingLiability' 

2024-01-13 22:52:23 - [MESSAGE][PASSED] - All options with label 'Fiduciary Tax' are selected in object 'Object Repository/RAD_Pages/TaxTypeFilingYear_Page/select_TaxType_ExistingLiability' 

2024-01-13 22:52:23 - [TEST_STEP][PASSED] - setText(findTestObject(orPath_TaxInfo + "/input_NoticeInvoiceNumber"), notInvNumber): Text '0000000000000' is set on object 'Object Repository/RAD_Pages/TaxInfo_Page/input_NoticeInvoiceNumber'

2024-01-13 22:52:24 - [MESSAGE][PASSED] - Text '0000000000000' is set on object 'Object Repository/RAD_Pages/TaxInfo_Page/input_NoticeInvoiceNumber'

2024-01-13 22:52:24 - [TEST_STEP][PASSED] - setText(findTestObject(orPath_TaxInfo + "/input_reTypeNoticeInvoiceNumber"), notInvNumber): Text '0000000000000' is set on object 'Object Repository/RAD_Pages/TaxInfo_Page/input_reTypeNoticeInvoiceNumber'

2024-01-13 22:52:25 - [MESSAGE][PASSED] - Text '0000000000000' is set on object 'Object Repository/RAD_Pages/TaxInfo_Page/input_reTypeNoticeInvoiceNumber'

2024-01-13 22:52:25 - [TEST_STEP][PASSED] - println(notInvNumber): null

2024-01-13 22:52:25 - [TEST_STEP][PASSED] - if (verifyTextPresent(errorMsg, true)): null

2024-01-13 22:52:26 - [MESSAGE][PASSED] - Text 'Notice Number must be 13 digits in length, with a value greater than zero' is present on page  using regular expression

2024-01-13 22:52:26 - [TEST_STEP][PASSED] - println("Error Message is present on the page"): null

2024-01-13 22:52:26 - [TEST_STEP][PASSED] - out.println("Pass Record Number: " + row): null

2024-01-13 22:52:26 - [TEST_STEP][PASSED] - resText = "Pass": null

2024-01-13 22:52:26 - [TEST_STEP][PASSED] - pages.WriteExcel.demoKey(resText, datText, resColumn, datCloumn, fileLoc, nameSheet, row): pages.WriteExcel.demoKey is PASSED

2024-01-13 22:52:26 - [MESSAGE][PASSED] - pages.WriteExcel.demoKey is PASSED

2024-01-13 22:52:26 - [TEST_STEP][PASSED] - ExecuteTC = findTestData(dataFile).getValue("Execute", row): null

2024-01-13 22:52:26 - [TEST_STEP][PASSED] - Taxtype = findTestData(dataFile).getValue("TaxType", row): null

2024-01-13 22:52:26 - [TEST_STEP][PASSED] - TaxTypeEL = findTestData(dataFile).getValue("TaxTypeEL", row): null

2024-01-13 22:52:26 - [TEST_STEP][PASSED] - notInvNumber = findTestData(dataFile).getValue("NotiInvoNumber", row): null

2024-01-13 22:52:26 - [TEST_STEP][PASSED] - errorMsg = findTestData(dataFile).getValue("ErrorMessage", row): null

2024-01-13 22:52:26 - [TEST_STEP][PASSED] - out.println("Value of Execute is : " + ExecuteTC): null

2024-01-13 22:52:26 - [TEST_STEP][PASSED] - if (ExecuteTC.equalsIgnoreCase("Y")): null

2024-01-13 22:52:26 - [TEST_STEP][PASSED] - out.println("Begin Record Number: " + row): null

2024-01-13 22:52:26 - [TEST_STEP][PASSED] - today = new java.util.Date(): null

2024-01-13 22:52:26 - [TEST_STEP][PASSED] - println(today): null

2024-01-13 22:52:26 - [TEST_STEP][PASSED] - datText = today: null

2024-01-13 22:52:26 - [TEST_STEP][PASSED] - Taxtype = findTestData(dataFile).getValue("TaxType", row): null

2024-01-13 22:52:26 - [TEST_STEP][PASSED] - out.println("Taxtype value is : " + Taxtype): null

2024-01-13 22:52:26 - [TEST_STEP][PASSED] - openBrowser(""): Browser is opened with url: ''

2024-01-13 22:52:26 - [MESSAGE][WARNING] - A browser is already opened. Closing browser and opening a new one

2024-01-13 22:52:27 - [MESSAGE][INFO] - Starting 'Chrome' driver

2024-01-13 22:52:27 - [MESSAGE][INFO] - User set preference: ['acceptInsecureCerts', 'true']

2024-01-13 22:52:27 - [MESSAGE][INFO] - Action delay is set to 0 milliseconds

2024-01-13 22:52:28 - [MESSAGE][PASSED] - Browser is opened with url: ''

2024-01-13 22:52:28 - [TEST_STEP][PASSED] - maximizeWindow(): Current window maximized

2024-01-13 22:52:29 - [MESSAGE][PASSED] - Current window maximized

2024-01-13 22:52:29 - [TEST_STEP][PASSED] - navigateToUrl(RADurl): Navigate to 'https://qa2.velocitypayment.com/client/rad/index.html' successfully

2024-01-13 22:52:30 - [MESSAGE][PASSED] - Navigate to 'https://qa2.velocitypayment.com/client/rad/index.html' successfully

2024-01-13 22:52:30 - [TEST_STEP][PASSED] - orPath_Landing = "Object Repository/RAD_Pages/Landing_Page": null

2024-01-13 22:52:30 - [TEST_STEP][PASSED] - orPath_TaxTypeFilingYear = "Object Repository/RAD_Pages/TaxTypeFilingYear_Page": null

2024-01-13 22:52:30 - [TEST_STEP][PASSED] - orPath_TaxPayer = "Object Repository/RAD_Pages/Taxpayer_Page": null

2024-01-13 22:52:30 - [TEST_STEP][PASSED] - orPath_AddressContact = "Object Repository/RAD_Pages/AddressAndContactInfo_Page": null

2024-01-13 22:52:30 - [TEST_STEP][PASSED] - orPath_FilingStatus = "Object Repository/RAD_Pages/FilingStatus_Page": null

2024-01-13 22:52:30 - [TEST_STEP][PASSED] - orPath_Amount = "Object Repository/RAD_Pages/PaymentAmount_Page": null

2024-01-13 22:52:30 - [TEST_STEP][PASSED] - orPath_TaxInfo = "Object Repository/RAD_Pages/TaxInfo_Page": null

2024-01-13 22:52:30 - [TEST_STEP][PASSED] - orPath_Withholding = "Object Repository/RAD_Pages/Withholding_Page": null

2024-01-13 22:52:30 - [TEST_STEP][PASSED] - orPath_Summary = "Object Repository/RAD_Pages/Summary_Page": null

2024-01-13 22:52:30 - [TEST_STEP][PASSED] - orPath_PaymentReady = "Object Repository/RAD_Pages/PaymentReady_Page": null

2024-01-13 22:52:30 - [TEST_STEP][PASSED] - orPath_PaymentEntry = "Object Repository/RAD_Pages/PaymentEntry_Page": null

2024-01-13 22:52:30 - [TEST_STEP][PASSED] - orPath_PaymentConfirmation = "Object Repository/RAD_Pages/PaymentConfirmation_Page": null

2024-01-13 22:52:30 - [TEST_STEP][PASSED] - orPath_ServiceFeesAccept = "Object Repository/RAD_Pages/ServiceFeeAccept_Page": null

2024-01-13 22:52:30 - [TEST_STEP][PASSED] - selectOptionByLabel(findTestObject(orPath_Landing + "/dd_TaxType"), Taxtype, false): All options with label 'Existing Liability w/Notice Number' are selected in object 'Object Repository/RAD_Pages/Landing_Page/dd_TaxType' 

2024-01-13 22:52:31 - [MESSAGE][PASSED] - All options with label 'Existing Liability w/Notice Number' are selected in object 'Object Repository/RAD_Pages/Landing_Page/dd_TaxType' 

2024-01-13 22:52:31 - [TEST_STEP][PASSED] - delay(1): Delayed 1 second(s)

2024-01-13 22:52:32 - [MESSAGE][PASSED] - Delayed 1 second(s)

2024-01-13 22:52:32 - [TEST_STEP][PASSED] - selectOptionByLabel(findTestObject(orPath_TaxTypeFilingYear + "/select_TaxType_ExistingLiability"), TaxTypeEL, false): All options with label 'Personal Income Tax' are selected in object 'Object Repository/RAD_Pages/TaxTypeFilingYear_Page/select_TaxType_ExistingLiability' 

2024-01-13 22:52:32 - [MESSAGE][PASSED] - All options with label 'Personal Income Tax' are selected in object 'Object Repository/RAD_Pages/TaxTypeFilingYear_Page/select_TaxType_ExistingLiability' 

2024-01-13 22:52:32 - [TEST_STEP][PASSED] - setText(findTestObject(orPath_TaxInfo + "/input_NoticeInvoiceNumber"), notInvNumber): Text '0000000000000' is set on object 'Object Repository/RAD_Pages/TaxInfo_Page/input_NoticeInvoiceNumber'

2024-01-13 22:52:33 - [MESSAGE][PASSED] - Text '0000000000000' is set on object 'Object Repository/RAD_Pages/TaxInfo_Page/input_NoticeInvoiceNumber'

2024-01-13 22:52:33 - [TEST_STEP][PASSED] - setText(findTestObject(orPath_TaxInfo + "/input_reTypeNoticeInvoiceNumber"), notInvNumber): Text '0000000000000' is set on object 'Object Repository/RAD_Pages/TaxInfo_Page/input_reTypeNoticeInvoiceNumber'

2024-01-13 22:52:34 - [MESSAGE][PASSED] - Text '0000000000000' is set on object 'Object Repository/RAD_Pages/TaxInfo_Page/input_reTypeNoticeInvoiceNumber'

2024-01-13 22:52:34 - [TEST_STEP][PASSED] - println(notInvNumber): null

2024-01-13 22:52:34 - [TEST_STEP][PASSED] - if (verifyTextPresent(errorMsg, true)): null

2024-01-13 22:52:35 - [MESSAGE][PASSED] - Text 'Notice Number must be 13 digits in length, with a value greater than zero' is present on page  using regular expression

2024-01-13 22:52:35 - [TEST_STEP][PASSED] - println("Error Message is present on the page"): null

2024-01-13 22:52:35 - [TEST_STEP][PASSED] - out.println("Pass Record Number: " + row): null

2024-01-13 22:52:35 - [TEST_STEP][PASSED] - resText = "Pass": null

2024-01-13 22:52:35 - [TEST_STEP][PASSED] - pages.WriteExcel.demoKey(resText, datText, resColumn, datCloumn, fileLoc, nameSheet, row): pages.WriteExcel.demoKey is PASSED

2024-01-13 22:52:35 - [MESSAGE][PASSED] - pages.WriteExcel.demoKey is PASSED

2024-01-13 22:52:35 - [TEST_STEP][PASSED] - ExecuteTC = findTestData(dataFile).getValue("Execute", row): null

2024-01-13 22:52:35 - [TEST_STEP][PASSED] - Taxtype = findTestData(dataFile).getValue("TaxType", row): null

2024-01-13 22:52:35 - [TEST_STEP][PASSED] - TaxTypeEL = findTestData(dataFile).getValue("TaxTypeEL", row): null

2024-01-13 22:52:35 - [TEST_STEP][PASSED] - notInvNumber = findTestData(dataFile).getValue("NotiInvoNumber", row): null

2024-01-13 22:52:35 - [TEST_STEP][PASSED] - errorMsg = findTestData(dataFile).getValue("ErrorMessage", row): null

2024-01-13 22:52:35 - [TEST_STEP][PASSED] - out.println("Value of Execute is : " + ExecuteTC): null

2024-01-13 22:52:35 - [TEST_STEP][PASSED] - if (ExecuteTC.equalsIgnoreCase("Y")): null

2024-01-13 22:52:35 - [TEST_STEP][PASSED] - out.println("Begin Record Number: " + row): null

2024-01-13 22:52:35 - [TEST_STEP][PASSED] - today = new java.util.Date(): null

2024-01-13 22:52:35 - [TEST_STEP][PASSED] - println(today): null

2024-01-13 22:52:35 - [TEST_STEP][PASSED] - datText = today: null

2024-01-13 22:52:35 - [TEST_STEP][PASSED] - Taxtype = findTestData(dataFile).getValue("TaxType", row): null

2024-01-13 22:52:35 - [TEST_STEP][PASSED] - out.println("Taxtype value is : " + Taxtype): null

2024-01-13 22:52:35 - [TEST_STEP][PASSED] - openBrowser(""): Browser is opened with url: ''

2024-01-13 22:52:35 - [MESSAGE][WARNING] - A browser is already opened. Closing browser and opening a new one

2024-01-13 22:52:36 - [MESSAGE][INFO] - Starting 'Chrome' driver

2024-01-13 22:52:36 - [MESSAGE][INFO] - User set preference: ['acceptInsecureCerts', 'true']

2024-01-13 22:52:36 - [MESSAGE][INFO] - Action delay is set to 0 milliseconds

2024-01-13 22:52:38 - [MESSAGE][PASSED] - Browser is opened with url: ''

2024-01-13 22:52:38 - [TEST_STEP][PASSED] - maximizeWindow(): Current window maximized

2024-01-13 22:52:38 - [MESSAGE][PASSED] - Current window maximized

2024-01-13 22:52:38 - [TEST_STEP][PASSED] - navigateToUrl(RADurl): Navigate to 'https://qa2.velocitypayment.com/client/rad/index.html' successfully

2024-01-13 22:52:38 - [MESSAGE][PASSED] - Navigate to 'https://qa2.velocitypayment.com/client/rad/index.html' successfully

2024-01-13 22:52:38 - [TEST_STEP][PASSED] - orPath_Landing = "Object Repository/RAD_Pages/Landing_Page": null

2024-01-13 22:52:38 - [TEST_STEP][PASSED] - orPath_TaxTypeFilingYear = "Object Repository/RAD_Pages/TaxTypeFilingYear_Page": null

2024-01-13 22:52:38 - [TEST_STEP][PASSED] - orPath_TaxPayer = "Object Repository/RAD_Pages/Taxpayer_Page": null

2024-01-13 22:52:38 - [TEST_STEP][PASSED] - orPath_AddressContact = "Object Repository/RAD_Pages/AddressAndContactInfo_Page": null

2024-01-13 22:52:38 - [TEST_STEP][PASSED] - orPath_FilingStatus = "Object Repository/RAD_Pages/FilingStatus_Page": null

2024-01-13 22:52:38 - [TEST_STEP][PASSED] - orPath_Amount = "Object Repository/RAD_Pages/PaymentAmount_Page": null

2024-01-13 22:52:38 - [TEST_STEP][PASSED] - orPath_TaxInfo = "Object Repository/RAD_Pages/TaxInfo_Page": null

2024-01-13 22:52:38 - [TEST_STEP][PASSED] - orPath_Withholding = "Object Repository/RAD_Pages/Withholding_Page": null

2024-01-13 22:52:38 - [TEST_STEP][PASSED] - orPath_Summary = "Object Repository/RAD_Pages/Summary_Page": null

2024-01-13 22:52:38 - [TEST_STEP][PASSED] - orPath_PaymentReady = "Object Repository/RAD_Pages/PaymentReady_Page": null

2024-01-13 22:52:38 - [TEST_STEP][PASSED] - orPath_PaymentEntry = "Object Repository/RAD_Pages/PaymentEntry_Page": null

2024-01-13 22:52:38 - [TEST_STEP][PASSED] - orPath_PaymentConfirmation = "Object Repository/RAD_Pages/PaymentConfirmation_Page": null

2024-01-13 22:52:38 - [TEST_STEP][PASSED] - orPath_ServiceFeesAccept = "Object Repository/RAD_Pages/ServiceFeeAccept_Page": null

2024-01-13 22:52:38 - [TEST_STEP][PASSED] - selectOptionByLabel(findTestObject(orPath_Landing + "/dd_TaxType"), Taxtype, false): All options with label 'Existing Liability w/Notice Number' are selected in object 'Object Repository/RAD_Pages/Landing_Page/dd_TaxType' 

2024-01-13 22:52:40 - [MESSAGE][PASSED] - All options with label 'Existing Liability w/Notice Number' are selected in object 'Object Repository/RAD_Pages/Landing_Page/dd_TaxType' 

2024-01-13 22:52:40 - [TEST_STEP][PASSED] - delay(1): Delayed 1 second(s)

2024-01-13 22:52:41 - [MESSAGE][PASSED] - Delayed 1 second(s)

2024-01-13 22:52:41 - [TEST_STEP][PASSED] - selectOptionByLabel(findTestObject(orPath_TaxTypeFilingYear + "/select_TaxType_ExistingLiability"), TaxTypeEL, false): All options with label 'PTE Non-Electing Non-S Corp' are selected in object 'Object Repository/RAD_Pages/TaxTypeFilingYear_Page/select_TaxType_ExistingLiability' 

2024-01-13 22:52:41 - [MESSAGE][PASSED] - All options with label 'PTE Non-Electing Non-S Corp' are selected in object 'Object Repository/RAD_Pages/TaxTypeFilingYear_Page/select_TaxType_ExistingLiability' 

2024-01-13 22:52:41 - [TEST_STEP][PASSED] - setText(findTestObject(orPath_TaxInfo + "/input_NoticeInvoiceNumber"), notInvNumber): Text '0000000000000' is set on object 'Object Repository/RAD_Pages/TaxInfo_Page/input_NoticeInvoiceNumber'

2024-01-13 22:52:42 - [MESSAGE][PASSED] - Text '0000000000000' is set on object 'Object Repository/RAD_Pages/TaxInfo_Page/input_NoticeInvoiceNumber'

2024-01-13 22:52:42 - [TEST_STEP][PASSED] - setText(findTestObject(orPath_TaxInfo + "/input_reTypeNoticeInvoiceNumber"), notInvNumber): Text '0000000000000' is set on object 'Object Repository/RAD_Pages/TaxInfo_Page/input_reTypeNoticeInvoiceNumber'

2024-01-13 22:52:43 - [MESSAGE][PASSED] - Text '0000000000000' is set on object 'Object Repository/RAD_Pages/TaxInfo_Page/input_reTypeNoticeInvoiceNumber'

2024-01-13 22:52:43 - [TEST_STEP][PASSED] - println(notInvNumber): null

2024-01-13 22:52:43 - [TEST_STEP][PASSED] - if (verifyTextPresent(errorMsg, true)): null

2024-01-13 22:52:44 - [MESSAGE][PASSED] - Text 'Notice Number must be 13 digits in length, with a value greater than zero' is present on page  using regular expression

2024-01-13 22:52:44 - [TEST_STEP][PASSED] - println("Error Message is present on the page"): null

2024-01-13 22:52:44 - [TEST_STEP][PASSED] - out.println("Pass Record Number: " + row): null

2024-01-13 22:52:44 - [TEST_STEP][PASSED] - resText = "Pass": null

2024-01-13 22:52:44 - [TEST_STEP][PASSED] - pages.WriteExcel.demoKey(resText, datText, resColumn, datCloumn, fileLoc, nameSheet, row): pages.WriteExcel.demoKey is PASSED

2024-01-13 22:52:44 - [MESSAGE][PASSED] - pages.WriteExcel.demoKey is PASSED

2024-01-13 22:52:44 - [TEST_STEP][PASSED] - ExecuteTC = findTestData(dataFile).getValue("Execute", row): null

2024-01-13 22:52:44 - [TEST_STEP][PASSED] - Taxtype = findTestData(dataFile).getValue("TaxType", row): null

2024-01-13 22:52:44 - [TEST_STEP][PASSED] - TaxTypeEL = findTestData(dataFile).getValue("TaxTypeEL", row): null

2024-01-13 22:52:44 - [TEST_STEP][PASSED] - notInvNumber = findTestData(dataFile).getValue("NotiInvoNumber", row): null

2024-01-13 22:52:44 - [TEST_STEP][PASSED] - errorMsg = findTestData(dataFile).getValue("ErrorMessage", row): null

2024-01-13 22:52:44 - [TEST_STEP][PASSED] - out.println("Value of Execute is : " + ExecuteTC): null

2024-01-13 22:52:44 - [TEST_STEP][PASSED] - if (ExecuteTC.equalsIgnoreCase("Y")): null

2024-01-13 22:52:44 - [TEST_STEP][PASSED] - out.println("Begin Record Number: " + row): null

2024-01-13 22:52:44 - [TEST_STEP][PASSED] - today = new java.util.Date(): null

2024-01-13 22:52:44 - [TEST_STEP][PASSED] - println(today): null

2024-01-13 22:52:44 - [TEST_STEP][PASSED] - datText = today: null

2024-01-13 22:52:44 - [TEST_STEP][PASSED] - Taxtype = findTestData(dataFile).getValue("TaxType", row): null

2024-01-13 22:52:44 - [TEST_STEP][PASSED] - out.println("Taxtype value is : " + Taxtype): null

2024-01-13 22:52:44 - [TEST_STEP][PASSED] - openBrowser(""): Browser is opened with url: ''

2024-01-13 22:52:44 - [MESSAGE][WARNING] - A browser is already opened. Closing browser and opening a new one

2024-01-13 22:52:45 - [MESSAGE][INFO] - Starting 'Chrome' driver

2024-01-13 22:52:45 - [MESSAGE][INFO] - User set preference: ['acceptInsecureCerts', 'true']

2024-01-13 22:52:45 - [MESSAGE][INFO] - Action delay is set to 0 milliseconds

2024-01-13 22:52:47 - [MESSAGE][PASSED] - Browser is opened with url: ''

2024-01-13 22:52:47 - [TEST_STEP][PASSED] - maximizeWindow(): Current window maximized

2024-01-13 22:52:47 - [MESSAGE][PASSED] - Current window maximized

2024-01-13 22:52:47 - [TEST_STEP][PASSED] - navigateToUrl(RADurl): Navigate to 'https://qa2.velocitypayment.com/client/rad/index.html' successfully

2024-01-13 22:52:48 - [MESSAGE][PASSED] - Navigate to 'https://qa2.velocitypayment.com/client/rad/index.html' successfully

2024-01-13 22:52:48 - [TEST_STEP][PASSED] - orPath_Landing = "Object Repository/RAD_Pages/Landing_Page": null

2024-01-13 22:52:48 - [TEST_STEP][PASSED] - orPath_TaxTypeFilingYear = "Object Repository/RAD_Pages/TaxTypeFilingYear_Page": null

2024-01-13 22:52:48 - [TEST_STEP][PASSED] - orPath_TaxPayer = "Object Repository/RAD_Pages/Taxpayer_Page": null

2024-01-13 22:52:48 - [TEST_STEP][PASSED] - orPath_AddressContact = "Object Repository/RAD_Pages/AddressAndContactInfo_Page": null

2024-01-13 22:52:48 - [TEST_STEP][PASSED] - orPath_FilingStatus = "Object Repository/RAD_Pages/FilingStatus_Page": null

2024-01-13 22:52:48 - [TEST_STEP][PASSED] - orPath_Amount = "Object Repository/RAD_Pages/PaymentAmount_Page": null

2024-01-13 22:52:48 - [TEST_STEP][PASSED] - orPath_TaxInfo = "Object Repository/RAD_Pages/TaxInfo_Page": null

2024-01-13 22:52:48 - [TEST_STEP][PASSED] - orPath_Withholding = "Object Repository/RAD_Pages/Withholding_Page": null

2024-01-13 22:52:48 - [TEST_STEP][PASSED] - orPath_Summary = "Object Repository/RAD_Pages/Summary_Page": null

2024-01-13 22:52:48 - [TEST_STEP][PASSED] - orPath_PaymentReady = "Object Repository/RAD_Pages/PaymentReady_Page": null

2024-01-13 22:52:48 - [TEST_STEP][PASSED] - orPath_PaymentEntry = "Object Repository/RAD_Pages/PaymentEntry_Page": null

2024-01-13 22:52:48 - [TEST_STEP][PASSED] - orPath_PaymentConfirmation = "Object Repository/RAD_Pages/PaymentConfirmation_Page": null

2024-01-13 22:52:48 - [TEST_STEP][PASSED] - orPath_ServiceFeesAccept = "Object Repository/RAD_Pages/ServiceFeeAccept_Page": null

2024-01-13 22:52:48 - [TEST_STEP][PASSED] - selectOptionByLabel(findTestObject(orPath_Landing + "/dd_TaxType"), Taxtype, false): All options with label 'Existing Liability w/Notice Number' are selected in object 'Object Repository/RAD_Pages/Landing_Page/dd_TaxType' 

2024-01-13 22:52:49 - [MESSAGE][PASSED] - All options with label 'Existing Liability w/Notice Number' are selected in object 'Object Repository/RAD_Pages/Landing_Page/dd_TaxType' 

2024-01-13 22:52:49 - [TEST_STEP][PASSED] - delay(1): Delayed 1 second(s)

2024-01-13 22:52:50 - [MESSAGE][PASSED] - Delayed 1 second(s)

2024-01-13 22:52:50 - [TEST_STEP][PASSED] - selectOptionByLabel(findTestObject(orPath_TaxTypeFilingYear + "/select_TaxType_ExistingLiability"), TaxTypeEL, false): All options with label 'PTE Non-Electing S Corp' are selected in object 'Object Repository/RAD_Pages/TaxTypeFilingYear_Page/select_TaxType_ExistingLiability' 

2024-01-13 22:52:51 - [MESSAGE][PASSED] - All options with label 'PTE Non-Electing S Corp' are selected in object 'Object Repository/RAD_Pages/TaxTypeFilingYear_Page/select_TaxType_ExistingLiability' 

2024-01-13 22:52:51 - [TEST_STEP][PASSED] - setText(findTestObject(orPath_TaxInfo + "/input_NoticeInvoiceNumber"), notInvNumber): Text '0000000000000' is set on object 'Object Repository/RAD_Pages/TaxInfo_Page/input_NoticeInvoiceNumber'

2024-01-13 22:52:52 - [MESSAGE][PASSED] - Text '0000000000000' is set on object 'Object Repository/RAD_Pages/TaxInfo_Page/input_NoticeInvoiceNumber'

2024-01-13 22:52:52 - [TEST_STEP][PASSED] - setText(findTestObject(orPath_TaxInfo + "/input_reTypeNoticeInvoiceNumber"), notInvNumber): Text '0000000000000' is set on object 'Object Repository/RAD_Pages/TaxInfo_Page/input_reTypeNoticeInvoiceNumber'

2024-01-13 22:52:53 - [MESSAGE][PASSED] - Text '0000000000000' is set on object 'Object Repository/RAD_Pages/TaxInfo_Page/input_reTypeNoticeInvoiceNumber'

2024-01-13 22:52:53 - [TEST_STEP][PASSED] - println(notInvNumber): null

2024-01-13 22:52:53 - [TEST_STEP][PASSED] - if (verifyTextPresent(errorMsg, true)): null

2024-01-13 22:52:53 - [MESSAGE][PASSED] - Text 'Notice Number must be 13 digits in length, with a value greater than zero' is present on page  using regular expression

2024-01-13 22:52:53 - [TEST_STEP][PASSED] - println("Error Message is present on the page"): null

2024-01-13 22:52:53 - [TEST_STEP][PASSED] - out.println("Pass Record Number: " + row): null

2024-01-13 22:52:53 - [TEST_STEP][PASSED] - resText = "Pass": null

2024-01-13 22:52:53 - [TEST_STEP][PASSED] - pages.WriteExcel.demoKey(resText, datText, resColumn, datCloumn, fileLoc, nameSheet, row): pages.WriteExcel.demoKey is PASSED

2024-01-13 22:52:53 - [MESSAGE][PASSED] - pages.WriteExcel.demoKey is PASSED

2024-01-13 22:52:53 - [TEST_STEP][PASSED] - ExecuteTC = findTestData(dataFile).getValue("Execute", row): null

2024-01-13 22:52:53 - [TEST_STEP][PASSED] - Taxtype = findTestData(dataFile).getValue("TaxType", row): null

2024-01-13 22:52:53 - [TEST_STEP][PASSED] - TaxTypeEL = findTestData(dataFile).getValue("TaxTypeEL", row): null

2024-01-13 22:52:53 - [TEST_STEP][PASSED] - notInvNumber = findTestData(dataFile).getValue("NotiInvoNumber", row): null

2024-01-13 22:52:53 - [TEST_STEP][PASSED] - errorMsg = findTestData(dataFile).getValue("ErrorMessage", row): null

2024-01-13 22:52:53 - [TEST_STEP][PASSED] - out.println("Value of Execute is : " + ExecuteTC): null

2024-01-13 22:52:53 - [TEST_STEP][PASSED] - if (ExecuteTC.equalsIgnoreCase("Y")): null

2024-01-13 22:52:53 - [TEST_STEP][PASSED] - out.println("Begin Record Number: " + row): null

2024-01-13 22:52:53 - [TEST_STEP][PASSED] - today = new java.util.Date(): null

2024-01-13 22:52:53 - [TEST_STEP][PASSED] - println(today): null

2024-01-13 22:52:53 - [TEST_STEP][PASSED] - datText = today: null

2024-01-13 22:52:53 - [TEST_STEP][PASSED] - Taxtype = findTestData(dataFile).getValue("TaxType", row): null

2024-01-13 22:52:53 - [TEST_STEP][PASSED] - out.println("Taxtype value is : " + Taxtype): null

2024-01-13 22:52:53 - [TEST_STEP][PASSED] - openBrowser(""): Browser is opened with url: ''

2024-01-13 22:52:53 - [MESSAGE][WARNING] - A browser is already opened. Closing browser and opening a new one

2024-01-13 22:52:54 - [MESSAGE][INFO] - Starting 'Chrome' driver

2024-01-13 22:52:54 - [MESSAGE][INFO] - User set preference: ['acceptInsecureCerts', 'true']

2024-01-13 22:52:54 - [MESSAGE][INFO] - Action delay is set to 0 milliseconds

2024-01-13 22:52:56 - [MESSAGE][PASSED] - Browser is opened with url: ''

2024-01-13 22:52:56 - [TEST_STEP][PASSED] - maximizeWindow(): Current window maximized

2024-01-13 22:52:56 - [MESSAGE][PASSED] - Current window maximized

2024-01-13 22:52:56 - [TEST_STEP][PASSED] - navigateToUrl(RADurl): Navigate to 'https://qa2.velocitypayment.com/client/rad/index.html' successfully

2024-01-13 22:52:57 - [MESSAGE][PASSED] - Navigate to 'https://qa2.velocitypayment.com/client/rad/index.html' successfully

2024-01-13 22:52:57 - [TEST_STEP][PASSED] - orPath_Landing = "Object Repository/RAD_Pages/Landing_Page": null

2024-01-13 22:52:57 - [TEST_STEP][PASSED] - orPath_TaxTypeFilingYear = "Object Repository/RAD_Pages/TaxTypeFilingYear_Page": null

2024-01-13 22:52:57 - [TEST_STEP][PASSED] - orPath_TaxPayer = "Object Repository/RAD_Pages/Taxpayer_Page": null

2024-01-13 22:52:57 - [TEST_STEP][PASSED] - orPath_AddressContact = "Object Repository/RAD_Pages/AddressAndContactInfo_Page": null

2024-01-13 22:52:57 - [TEST_STEP][PASSED] - orPath_FilingStatus = "Object Repository/RAD_Pages/FilingStatus_Page": null

2024-01-13 22:52:57 - [TEST_STEP][PASSED] - orPath_Amount = "Object Repository/RAD_Pages/PaymentAmount_Page": null

2024-01-13 22:52:57 - [TEST_STEP][PASSED] - orPath_TaxInfo = "Object Repository/RAD_Pages/TaxInfo_Page": null

2024-01-13 22:52:57 - [TEST_STEP][PASSED] - orPath_Withholding = "Object Repository/RAD_Pages/Withholding_Page": null

2024-01-13 22:52:57 - [TEST_STEP][PASSED] - orPath_Summary = "Object Repository/RAD_Pages/Summary_Page": null

2024-01-13 22:52:57 - [TEST_STEP][PASSED] - orPath_PaymentReady = "Object Repository/RAD_Pages/PaymentReady_Page": null

2024-01-13 22:52:57 - [TEST_STEP][PASSED] - orPath_PaymentEntry = "Object Repository/RAD_Pages/PaymentEntry_Page": null

2024-01-13 22:52:57 - [TEST_STEP][PASSED] - orPath_PaymentConfirmation = "Object Repository/RAD_Pages/PaymentConfirmation_Page": null

2024-01-13 22:52:57 - [TEST_STEP][PASSED] - orPath_ServiceFeesAccept = "Object Repository/RAD_Pages/ServiceFeeAccept_Page": null

2024-01-13 22:52:57 - [TEST_STEP][PASSED] - selectOptionByLabel(findTestObject(orPath_Landing + "/dd_TaxType"), Taxtype, false): All options with label 'Existing Liability w/Notice Number' are selected in object 'Object Repository/RAD_Pages/Landing_Page/dd_TaxType' 

2024-01-13 22:52:58 - [MESSAGE][PASSED] - All options with label 'Existing Liability w/Notice Number' are selected in object 'Object Repository/RAD_Pages/Landing_Page/dd_TaxType' 

2024-01-13 22:52:58 - [TEST_STEP][PASSED] - delay(1): Delayed 1 second(s)

2024-01-13 22:52:59 - [MESSAGE][PASSED] - Delayed 1 second(s)

2024-01-13 22:52:59 - [TEST_STEP][PASSED] - selectOptionByLabel(findTestObject(orPath_TaxTypeFilingYear + "/select_TaxType_ExistingLiability"), TaxTypeEL, false): All options with label 'Sales & Use Tax' are selected in object 'Object Repository/RAD_Pages/TaxTypeFilingYear_Page/select_TaxType_ExistingLiability' 

2024-01-13 22:53:00 - [MESSAGE][PASSED] - All options with label 'Sales & Use Tax' are selected in object 'Object Repository/RAD_Pages/TaxTypeFilingYear_Page/select_TaxType_ExistingLiability' 

2024-01-13 22:53:00 - [TEST_STEP][PASSED] - setText(findTestObject(orPath_TaxInfo + "/input_NoticeInvoiceNumber"), notInvNumber): Text '0000000000000' is set on object 'Object Repository/RAD_Pages/TaxInfo_Page/input_NoticeInvoiceNumber'

2024-01-13 22:53:01 - [MESSAGE][PASSED] - Text '0000000000000' is set on object 'Object Repository/RAD_Pages/TaxInfo_Page/input_NoticeInvoiceNumber'

2024-01-13 22:53:01 - [TEST_STEP][PASSED] - setText(findTestObject(orPath_TaxInfo + "/input_reTypeNoticeInvoiceNumber"), notInvNumber): Text '0000000000000' is set on object 'Object Repository/RAD_Pages/TaxInfo_Page/input_reTypeNoticeInvoiceNumber'

2024-01-13 22:53:02 - [MESSAGE][PASSED] - Text '0000000000000' is set on object 'Object Repository/RAD_Pages/TaxInfo_Page/input_reTypeNoticeInvoiceNumber'

2024-01-13 22:53:02 - [TEST_STEP][PASSED] - println(notInvNumber): null

2024-01-13 22:53:02 - [TEST_STEP][PASSED] - if (verifyTextPresent(errorMsg, true)): null

2024-01-13 22:53:02 - [MESSAGE][PASSED] - Text 'Notice Number must be 13 digits in length, with a value greater than zero' is present on page  using regular expression

2024-01-13 22:53:02 - [TEST_STEP][PASSED] - println("Error Message is present on the page"): null

2024-01-13 22:53:02 - [TEST_STEP][PASSED] - out.println("Pass Record Number: " + row): null

2024-01-13 22:53:02 - [TEST_STEP][PASSED] - resText = "Pass": null

2024-01-13 22:53:02 - [TEST_STEP][PASSED] - pages.WriteExcel.demoKey(resText, datText, resColumn, datCloumn, fileLoc, nameSheet, row): pages.WriteExcel.demoKey is PASSED

2024-01-13 22:53:02 - [MESSAGE][PASSED] - pages.WriteExcel.demoKey is PASSED

2024-01-13 22:53:02 - [TEST_STEP][PASSED] - ExecuteTC = findTestData(dataFile).getValue("Execute", row): null

2024-01-13 22:53:02 - [TEST_STEP][PASSED] - Taxtype = findTestData(dataFile).getValue("TaxType", row): null

2024-01-13 22:53:02 - [TEST_STEP][PASSED] - TaxTypeEL = findTestData(dataFile).getValue("TaxTypeEL", row): null

2024-01-13 22:53:02 - [TEST_STEP][PASSED] - notInvNumber = findTestData(dataFile).getValue("NotiInvoNumber", row): null

2024-01-13 22:53:02 - [TEST_STEP][PASSED] - errorMsg = findTestData(dataFile).getValue("ErrorMessage", row): null

2024-01-13 22:53:02 - [TEST_STEP][PASSED] - out.println("Value of Execute is : " + ExecuteTC): null

2024-01-13 22:53:02 - [TEST_STEP][PASSED] - if (ExecuteTC.equalsIgnoreCase("Y")): null

2024-01-13 22:53:02 - [TEST_STEP][PASSED] - out.println("Begin Record Number: " + row): null

2024-01-13 22:53:02 - [TEST_STEP][PASSED] - today = new java.util.Date(): null

2024-01-13 22:53:02 - [TEST_STEP][PASSED] - println(today): null

2024-01-13 22:53:02 - [TEST_STEP][PASSED] - datText = today: null

2024-01-13 22:53:02 - [TEST_STEP][PASSED] - Taxtype = findTestData(dataFile).getValue("TaxType", row): null

2024-01-13 22:53:02 - [TEST_STEP][PASSED] - out.println("Taxtype value is : " + Taxtype): null

2024-01-13 22:53:02 - [TEST_STEP][PASSED] - openBrowser(""): Browser is opened with url: ''

2024-01-13 22:53:02 - [MESSAGE][WARNING] - A browser is already opened. Closing browser and opening a new one

2024-01-13 22:53:03 - [MESSAGE][INFO] - Starting 'Chrome' driver

2024-01-13 22:53:03 - [MESSAGE][INFO] - User set preference: ['acceptInsecureCerts', 'true']

2024-01-13 22:53:03 - [MESSAGE][INFO] - Action delay is set to 0 milliseconds

2024-01-13 22:53:05 - [MESSAGE][PASSED] - Browser is opened with url: ''

2024-01-13 22:53:05 - [TEST_STEP][PASSED] - maximizeWindow(): Current window maximized

2024-01-13 22:53:05 - [MESSAGE][PASSED] - Current window maximized

2024-01-13 22:53:05 - [TEST_STEP][PASSED] - navigateToUrl(RADurl): Navigate to 'https://qa2.velocitypayment.com/client/rad/index.html' successfully

2024-01-13 22:53:07 - [MESSAGE][PASSED] - Navigate to 'https://qa2.velocitypayment.com/client/rad/index.html' successfully

2024-01-13 22:53:07 - [TEST_STEP][PASSED] - orPath_Landing = "Object Repository/RAD_Pages/Landing_Page": null

2024-01-13 22:53:07 - [TEST_STEP][PASSED] - orPath_TaxTypeFilingYear = "Object Repository/RAD_Pages/TaxTypeFilingYear_Page": null

2024-01-13 22:53:07 - [TEST_STEP][PASSED] - orPath_TaxPayer = "Object Repository/RAD_Pages/Taxpayer_Page": null

2024-01-13 22:53:07 - [TEST_STEP][PASSED] - orPath_AddressContact = "Object Repository/RAD_Pages/AddressAndContactInfo_Page": null

2024-01-13 22:53:07 - [TEST_STEP][PASSED] - orPath_FilingStatus = "Object Repository/RAD_Pages/FilingStatus_Page": null

2024-01-13 22:53:07 - [TEST_STEP][PASSED] - orPath_Amount = "Object Repository/RAD_Pages/PaymentAmount_Page": null

2024-01-13 22:53:07 - [TEST_STEP][PASSED] - orPath_TaxInfo = "Object Repository/RAD_Pages/TaxInfo_Page": null

2024-01-13 22:53:07 - [TEST_STEP][PASSED] - orPath_Withholding = "Object Repository/RAD_Pages/Withholding_Page": null

2024-01-13 22:53:07 - [TEST_STEP][PASSED] - orPath_Summary = "Object Repository/RAD_Pages/Summary_Page": null

2024-01-13 22:53:07 - [TEST_STEP][PASSED] - orPath_PaymentReady = "Object Repository/RAD_Pages/PaymentReady_Page": null

2024-01-13 22:53:07 - [TEST_STEP][PASSED] - orPath_PaymentEntry = "Object Repository/RAD_Pages/PaymentEntry_Page": null

2024-01-13 22:53:07 - [TEST_STEP][PASSED] - orPath_PaymentConfirmation = "Object Repository/RAD_Pages/PaymentConfirmation_Page": null

2024-01-13 22:53:07 - [TEST_STEP][PASSED] - orPath_ServiceFeesAccept = "Object Repository/RAD_Pages/ServiceFeeAccept_Page": null

2024-01-13 22:53:07 - [TEST_STEP][PASSED] - selectOptionByLabel(findTestObject(orPath_Landing + "/dd_TaxType"), Taxtype, false): All options with label 'Existing Liability w/Notice Number' are selected in object 'Object Repository/RAD_Pages/Landing_Page/dd_TaxType' 

2024-01-13 22:53:07 - [MESSAGE][PASSED] - All options with label 'Existing Liability w/Notice Number' are selected in object 'Object Repository/RAD_Pages/Landing_Page/dd_TaxType' 

2024-01-13 22:53:07 - [TEST_STEP][PASSED] - delay(1): Delayed 1 second(s)

2024-01-13 22:53:08 - [MESSAGE][PASSED] - Delayed 1 second(s)

2024-01-13 22:53:08 - [TEST_STEP][PASSED] - selectOptionByLabel(findTestObject(orPath_TaxTypeFilingYear + "/select_TaxType_ExistingLiability"), TaxTypeEL, false): All options with label 'Tire Recycling Fee' are selected in object 'Object Repository/RAD_Pages/TaxTypeFilingYear_Page/select_TaxType_ExistingLiability' 

2024-01-13 22:53:09 - [MESSAGE][PASSED] - All options with label 'Tire Recycling Fee' are selected in object 'Object Repository/RAD_Pages/TaxTypeFilingYear_Page/select_TaxType_ExistingLiability' 

2024-01-13 22:53:09 - [TEST_STEP][PASSED] - setText(findTestObject(orPath_TaxInfo + "/input_NoticeInvoiceNumber"), notInvNumber): Text '0000000000000' is set on object 'Object Repository/RAD_Pages/TaxInfo_Page/input_NoticeInvoiceNumber'

2024-01-13 22:53:10 - [MESSAGE][PASSED] - Text '0000000000000' is set on object 'Object Repository/RAD_Pages/TaxInfo_Page/input_NoticeInvoiceNumber'

2024-01-13 22:53:10 - [TEST_STEP][PASSED] - setText(findTestObject(orPath_TaxInfo + "/input_reTypeNoticeInvoiceNumber"), notInvNumber): Text '0000000000000' is set on object 'Object Repository/RAD_Pages/TaxInfo_Page/input_reTypeNoticeInvoiceNumber'

2024-01-13 22:53:11 - [MESSAGE][PASSED] - Text '0000000000000' is set on object 'Object Repository/RAD_Pages/TaxInfo_Page/input_reTypeNoticeInvoiceNumber'

2024-01-13 22:53:11 - [TEST_STEP][PASSED] - println(notInvNumber): null

2024-01-13 22:53:11 - [TEST_STEP][PASSED] - if (verifyTextPresent(errorMsg, true)): null

2024-01-13 22:53:11 - [MESSAGE][PASSED] - Text 'Notice Number must be 13 digits in length, with a value greater than zero' is present on page  using regular expression

2024-01-13 22:53:11 - [TEST_STEP][PASSED] - println("Error Message is present on the page"): null

2024-01-13 22:53:11 - [TEST_STEP][PASSED] - out.println("Pass Record Number: " + row): null

2024-01-13 22:53:11 - [TEST_STEP][PASSED] - resText = "Pass": null

2024-01-13 22:53:11 - [TEST_STEP][PASSED] - pages.WriteExcel.demoKey(resText, datText, resColumn, datCloumn, fileLoc, nameSheet, row): pages.WriteExcel.demoKey is PASSED

2024-01-13 22:53:11 - [MESSAGE][PASSED] - pages.WriteExcel.demoKey is PASSED

2024-01-13 22:53:11 - [TEST_STEP][PASSED] - ExecuteTC = findTestData(dataFile).getValue("Execute", row): null

2024-01-13 22:53:12 - [TEST_STEP][PASSED] - Taxtype = findTestData(dataFile).getValue("TaxType", row): null

2024-01-13 22:53:12 - [TEST_STEP][PASSED] - TaxTypeEL = findTestData(dataFile).getValue("TaxTypeEL", row): null

2024-01-13 22:53:12 - [TEST_STEP][PASSED] - notInvNumber = findTestData(dataFile).getValue("NotiInvoNumber", row): null

2024-01-13 22:53:12 - [TEST_STEP][PASSED] - errorMsg = findTestData(dataFile).getValue("ErrorMessage", row): null

2024-01-13 22:53:12 - [TEST_STEP][PASSED] - out.println("Value of Execute is : " + ExecuteTC): null

2024-01-13 22:53:12 - [TEST_STEP][PASSED] - if (ExecuteTC.equalsIgnoreCase("Y")): null

2024-01-13 22:53:12 - [TEST_STEP][PASSED] - out.println("Begin Record Number: " + row): null

2024-01-13 22:53:12 - [TEST_STEP][PASSED] - today = new java.util.Date(): null

2024-01-13 22:53:12 - [TEST_STEP][PASSED] - println(today): null

2024-01-13 22:53:12 - [TEST_STEP][PASSED] - datText = today: null

2024-01-13 22:53:12 - [TEST_STEP][PASSED] - Taxtype = findTestData(dataFile).getValue("TaxType", row): null

2024-01-13 22:53:12 - [TEST_STEP][PASSED] - out.println("Taxtype value is : " + Taxtype): null

2024-01-13 22:53:12 - [TEST_STEP][PASSED] - openBrowser(""): Browser is opened with url: ''

2024-01-13 22:53:12 - [MESSAGE][WARNING] - A browser is already opened. Closing browser and opening a new one

2024-01-13 22:53:13 - [MESSAGE][INFO] - Starting 'Chrome' driver

2024-01-13 22:53:13 - [MESSAGE][INFO] - User set preference: ['acceptInsecureCerts', 'true']

2024-01-13 22:53:13 - [MESSAGE][INFO] - Action delay is set to 0 milliseconds

2024-01-13 22:53:14 - [MESSAGE][PASSED] - Browser is opened with url: ''

2024-01-13 22:53:14 - [TEST_STEP][PASSED] - maximizeWindow(): Current window maximized

2024-01-13 22:53:14 - [MESSAGE][PASSED] - Current window maximized

2024-01-13 22:53:14 - [TEST_STEP][PASSED] - navigateToUrl(RADurl): Navigate to 'https://qa2.velocitypayment.com/client/rad/index.html' successfully

2024-01-13 22:53:16 - [MESSAGE][PASSED] - Navigate to 'https://qa2.velocitypayment.com/client/rad/index.html' successfully

2024-01-13 22:53:16 - [TEST_STEP][PASSED] - orPath_Landing = "Object Repository/RAD_Pages/Landing_Page": null

2024-01-13 22:53:16 - [TEST_STEP][PASSED] - orPath_TaxTypeFilingYear = "Object Repository/RAD_Pages/TaxTypeFilingYear_Page": null

2024-01-13 22:53:16 - [TEST_STEP][PASSED] - orPath_TaxPayer = "Object Repository/RAD_Pages/Taxpayer_Page": null

2024-01-13 22:53:16 - [TEST_STEP][PASSED] - orPath_AddressContact = "Object Repository/RAD_Pages/AddressAndContactInfo_Page": null

2024-01-13 22:53:16 - [TEST_STEP][PASSED] - orPath_FilingStatus = "Object Repository/RAD_Pages/FilingStatus_Page": null

2024-01-13 22:53:16 - [TEST_STEP][PASSED] - orPath_Amount = "Object Repository/RAD_Pages/PaymentAmount_Page": null

2024-01-13 22:53:16 - [TEST_STEP][PASSED] - orPath_TaxInfo = "Object Repository/RAD_Pages/TaxInfo_Page": null

2024-01-13 22:53:16 - [TEST_STEP][PASSED] - orPath_Withholding = "Object Repository/RAD_Pages/Withholding_Page": null

2024-01-13 22:53:16 - [TEST_STEP][PASSED] - orPath_Summary = "Object Repository/RAD_Pages/Summary_Page": null

2024-01-13 22:53:16 - [TEST_STEP][PASSED] - orPath_PaymentReady = "Object Repository/RAD_Pages/PaymentReady_Page": null

2024-01-13 22:53:16 - [TEST_STEP][PASSED] - orPath_PaymentEntry = "Object Repository/RAD_Pages/PaymentEntry_Page": null

2024-01-13 22:53:16 - [TEST_STEP][PASSED] - orPath_PaymentConfirmation = "Object Repository/RAD_Pages/PaymentConfirmation_Page": null

2024-01-13 22:53:16 - [TEST_STEP][PASSED] - orPath_ServiceFeesAccept = "Object Repository/RAD_Pages/ServiceFeeAccept_Page": null

2024-01-13 22:53:16 - [TEST_STEP][PASSED] - selectOptionByLabel(findTestObject(orPath_Landing + "/dd_TaxType"), Taxtype, false): All options with label 'Existing Liability w/Notice Number' are selected in object 'Object Repository/RAD_Pages/Landing_Page/dd_TaxType' 

2024-01-13 22:53:17 - [MESSAGE][PASSED] - All options with label 'Existing Liability w/Notice Number' are selected in object 'Object Repository/RAD_Pages/Landing_Page/dd_TaxType' 

2024-01-13 22:53:17 - [TEST_STEP][PASSED] - delay(1): Delayed 1 second(s)

2024-01-13 22:53:18 - [MESSAGE][PASSED] - Delayed 1 second(s)

2024-01-13 22:53:18 - [TEST_STEP][PASSED] - selectOptionByLabel(findTestObject(orPath_TaxTypeFilingYear + "/select_TaxType_ExistingLiability"), TaxTypeEL, false): All options with label 'Withholding Tax' are selected in object 'Object Repository/RAD_Pages/TaxTypeFilingYear_Page/select_TaxType_ExistingLiability' 

2024-01-13 22:53:18 - [MESSAGE][PASSED] - All options with label 'Withholding Tax' are selected in object 'Object Repository/RAD_Pages/TaxTypeFilingYear_Page/select_TaxType_ExistingLiability' 

2024-01-13 22:53:18 - [TEST_STEP][PASSED] - setText(findTestObject(orPath_TaxInfo + "/input_NoticeInvoiceNumber"), notInvNumber): Text '0000000000000' is set on object 'Object Repository/RAD_Pages/TaxInfo_Page/input_NoticeInvoiceNumber'

2024-01-13 22:53:19 - [MESSAGE][PASSED] - Text '0000000000000' is set on object 'Object Repository/RAD_Pages/TaxInfo_Page/input_NoticeInvoiceNumber'

2024-01-13 22:53:19 - [TEST_STEP][PASSED] - setText(findTestObject(orPath_TaxInfo + "/input_reTypeNoticeInvoiceNumber"), notInvNumber): Text '0000000000000' is set on object 'Object Repository/RAD_Pages/TaxInfo_Page/input_reTypeNoticeInvoiceNumber'

2024-01-13 22:53:20 - [MESSAGE][PASSED] - Text '0000000000000' is set on object 'Object Repository/RAD_Pages/TaxInfo_Page/input_reTypeNoticeInvoiceNumber'

2024-01-13 22:53:20 - [TEST_STEP][PASSED] - println(notInvNumber): null

2024-01-13 22:53:20 - [TEST_STEP][PASSED] - if (verifyTextPresent(errorMsg, true)): null

2024-01-13 22:53:21 - [MESSAGE][PASSED] - Text 'Notice Number must be 13 digits in length, with a value greater than zero' is present on page  using regular expression

2024-01-13 22:53:21 - [TEST_STEP][PASSED] - println("Error Message is present on the page"): null

2024-01-13 22:53:21 - [TEST_STEP][PASSED] - out.println("Pass Record Number: " + row): null

2024-01-13 22:53:21 - [TEST_STEP][PASSED] - resText = "Pass": null

2024-01-13 22:53:21 - [TEST_STEP][PASSED] - pages.WriteExcel.demoKey(resText, datText, resColumn, datCloumn, fileLoc, nameSheet, row): pages.WriteExcel.demoKey is PASSED

2024-01-13 22:53:21 - [MESSAGE][PASSED] - pages.WriteExcel.demoKey is PASSED

2024-01-13 22:53:21 - [TEST_STEP][PASSED] - ExecuteTC = findTestData(dataFile).getValue("Execute", row): null

2024-01-13 22:53:21 - [TEST_STEP][PASSED] - Taxtype = findTestData(dataFile).getValue("TaxType", row): null

2024-01-13 22:53:21 - [TEST_STEP][PASSED] - TaxTypeEL = findTestData(dataFile).getValue("TaxTypeEL", row): null

2024-01-13 22:53:21 - [TEST_STEP][PASSED] - notInvNumber = findTestData(dataFile).getValue("NotiInvoNumber", row): null

2024-01-13 22:53:21 - [TEST_STEP][PASSED] - errorMsg = findTestData(dataFile).getValue("ErrorMessage", row): null

2024-01-13 22:53:21 - [TEST_STEP][PASSED] - out.println("Value of Execute is : " + ExecuteTC): null

2024-01-13 22:53:21 - [TEST_STEP][PASSED] - if (ExecuteTC.equalsIgnoreCase("Y")): null

2024-01-13 22:53:21 - [TEST_STEP][PASSED] - out.println("Begin Record Number: " + row): null

2024-01-13 22:53:21 - [TEST_STEP][PASSED] - today = new java.util.Date(): null

2024-01-13 22:53:21 - [TEST_STEP][PASSED] - println(today): null

2024-01-13 22:53:21 - [TEST_STEP][PASSED] - datText = today: null

2024-01-13 22:53:21 - [TEST_STEP][PASSED] - Taxtype = findTestData(dataFile).getValue("TaxType", row): null

2024-01-13 22:53:21 - [TEST_STEP][PASSED] - out.println("Taxtype value is : " + Taxtype): null

2024-01-13 22:53:21 - [TEST_STEP][PASSED] - openBrowser(""): Browser is opened with url: ''

2024-01-13 22:53:21 - [MESSAGE][WARNING] - A browser is already opened. Closing browser and opening a new one

2024-01-13 22:53:22 - [MESSAGE][INFO] - Starting 'Chrome' driver

2024-01-13 22:53:22 - [MESSAGE][INFO] - User set preference: ['acceptInsecureCerts', 'true']

2024-01-13 22:53:22 - [MESSAGE][INFO] - Action delay is set to 0 milliseconds

2024-01-13 22:53:23 - [MESSAGE][PASSED] - Browser is opened with url: ''

2024-01-13 22:53:23 - [TEST_STEP][PASSED] - maximizeWindow(): Current window maximized

2024-01-13 22:53:23 - [MESSAGE][PASSED] - Current window maximized

2024-01-13 22:53:23 - [TEST_STEP][PASSED] - navigateToUrl(RADurl): Navigate to 'https://qa2.velocitypayment.com/client/rad/index.html' successfully

2024-01-13 22:53:25 - [MESSAGE][PASSED] - Navigate to 'https://qa2.velocitypayment.com/client/rad/index.html' successfully

2024-01-13 22:53:25 - [TEST_STEP][PASSED] - orPath_Landing = "Object Repository/RAD_Pages/Landing_Page": null

2024-01-13 22:53:25 - [TEST_STEP][PASSED] - orPath_TaxTypeFilingYear = "Object Repository/RAD_Pages/TaxTypeFilingYear_Page": null

2024-01-13 22:53:25 - [TEST_STEP][PASSED] - orPath_TaxPayer = "Object Repository/RAD_Pages/Taxpayer_Page": null

2024-01-13 22:53:25 - [TEST_STEP][PASSED] - orPath_AddressContact = "Object Repository/RAD_Pages/AddressAndContactInfo_Page": null

2024-01-13 22:53:25 - [TEST_STEP][PASSED] - orPath_FilingStatus = "Object Repository/RAD_Pages/FilingStatus_Page": null

2024-01-13 22:53:25 - [TEST_STEP][PASSED] - orPath_Amount = "Object Repository/RAD_Pages/PaymentAmount_Page": null

2024-01-13 22:53:25 - [TEST_STEP][PASSED] - orPath_TaxInfo = "Object Repository/RAD_Pages/TaxInfo_Page": null

2024-01-13 22:53:25 - [TEST_STEP][PASSED] - orPath_Withholding = "Object Repository/RAD_Pages/Withholding_Page": null

2024-01-13 22:53:25 - [TEST_STEP][PASSED] - orPath_Summary = "Object Repository/RAD_Pages/Summary_Page": null

2024-01-13 22:53:25 - [TEST_STEP][PASSED] - orPath_PaymentReady = "Object Repository/RAD_Pages/PaymentReady_Page": null

2024-01-13 22:53:25 - [TEST_STEP][PASSED] - orPath_PaymentEntry = "Object Repository/RAD_Pages/PaymentEntry_Page": null

2024-01-13 22:53:25 - [TEST_STEP][PASSED] - orPath_PaymentConfirmation = "Object Repository/RAD_Pages/PaymentConfirmation_Page": null

2024-01-13 22:53:25 - [TEST_STEP][PASSED] - orPath_ServiceFeesAccept = "Object Repository/RAD_Pages/ServiceFeeAccept_Page": null

2024-01-13 22:53:25 - [TEST_STEP][PASSED] - selectOptionByLabel(findTestObject(orPath_Landing + "/dd_TaxType"), Taxtype, false): All options with label 'Existing Liability w/Notice Number' are selected in object 'Object Repository/RAD_Pages/Landing_Page/dd_TaxType' 

2024-01-13 22:53:26 - [MESSAGE][PASSED] - All options with label 'Existing Liability w/Notice Number' are selected in object 'Object Repository/RAD_Pages/Landing_Page/dd_TaxType' 

2024-01-13 22:53:26 - [TEST_STEP][PASSED] - delay(1): Delayed 1 second(s)

2024-01-13 22:53:27 - [MESSAGE][PASSED] - Delayed 1 second(s)

2024-01-13 22:53:27 - [TEST_STEP][PASSED] - selectOptionByLabel(findTestObject(orPath_TaxTypeFilingYear + "/select_TaxType_ExistingLiability"), TaxTypeEL, false): All options with label 'Alcohol Tax' are selected in object 'Object Repository/RAD_Pages/TaxTypeFilingYear_Page/select_TaxType_ExistingLiability' 

2024-01-13 22:53:27 - [MESSAGE][PASSED] - All options with label 'Alcohol Tax' are selected in object 'Object Repository/RAD_Pages/TaxTypeFilingYear_Page/select_TaxType_ExistingLiability' 

2024-01-13 22:53:27 - [TEST_STEP][PASSED] - setText(findTestObject(orPath_TaxInfo + "/input_NoticeInvoiceNumber"), notInvNumber): Text '0000000000000' is set on object 'Object Repository/RAD_Pages/TaxInfo_Page/input_NoticeInvoiceNumber'

2024-01-13 22:53:28 - [MESSAGE][PASSED] - Text '0000000000000' is set on object 'Object Repository/RAD_Pages/TaxInfo_Page/input_NoticeInvoiceNumber'

2024-01-13 22:53:28 - [TEST_STEP][PASSED] - setText(findTestObject(orPath_TaxInfo + "/input_reTypeNoticeInvoiceNumber"), notInvNumber): Text '0000000000000' is set on object 'Object Repository/RAD_Pages/TaxInfo_Page/input_reTypeNoticeInvoiceNumber'

2024-01-13 22:53:29 - [MESSAGE][PASSED] - Text '0000000000000' is set on object 'Object Repository/RAD_Pages/TaxInfo_Page/input_reTypeNoticeInvoiceNumber'

2024-01-13 22:53:29 - [TEST_STEP][PASSED] - println(notInvNumber): null

2024-01-13 22:53:29 - [TEST_STEP][PASSED] - if (verifyTextPresent(errorMsg, true)): null

2024-01-13 22:53:30 - [MESSAGE][PASSED] - Text 'Invoice Number must be 10 or 13 digits in length, with a value greater than zero' is present on page  using regular expression

2024-01-13 22:53:30 - [TEST_STEP][PASSED] - println("Error Message is present on the page"): null

2024-01-13 22:53:30 - [TEST_STEP][PASSED] - out.println("Pass Record Number: " + row): null

2024-01-13 22:53:30 - [TEST_STEP][PASSED] - resText = "Pass": null

2024-01-13 22:53:30 - [TEST_STEP][PASSED] - pages.WriteExcel.demoKey(resText, datText, resColumn, datCloumn, fileLoc, nameSheet, row): pages.WriteExcel.demoKey is PASSED

2024-01-13 22:53:30 - [MESSAGE][PASSED] - pages.WriteExcel.demoKey is PASSED

2024-01-13 22:53:30 - [TEST_STEP][PASSED] - ExecuteTC = findTestData(dataFile).getValue("Execute", row): null

2024-01-13 22:53:30 - [TEST_STEP][PASSED] - Taxtype = findTestData(dataFile).getValue("TaxType", row): null

2024-01-13 22:53:30 - [TEST_STEP][PASSED] - TaxTypeEL = findTestData(dataFile).getValue("TaxTypeEL", row): null

2024-01-13 22:53:30 - [TEST_STEP][PASSED] - notInvNumber = findTestData(dataFile).getValue("NotiInvoNumber", row): null

2024-01-13 22:53:30 - [TEST_STEP][PASSED] - errorMsg = findTestData(dataFile).getValue("ErrorMessage", row): null

2024-01-13 22:53:30 - [TEST_STEP][PASSED] - out.println("Value of Execute is : " + ExecuteTC): null

2024-01-13 22:53:30 - [TEST_STEP][PASSED] - if (ExecuteTC.equalsIgnoreCase("Y")): null

2024-01-13 22:53:30 - [TEST_STEP][PASSED] - out.println("Begin Record Number: " + row): null

2024-01-13 22:53:30 - [TEST_STEP][PASSED] - today = new java.util.Date(): null

2024-01-13 22:53:30 - [TEST_STEP][PASSED] - println(today): null

2024-01-13 22:53:30 - [TEST_STEP][PASSED] - datText = today: null

2024-01-13 22:53:30 - [TEST_STEP][PASSED] - Taxtype = findTestData(dataFile).getValue("TaxType", row): null

2024-01-13 22:53:30 - [TEST_STEP][PASSED] - out.println("Taxtype value is : " + Taxtype): null

2024-01-13 22:53:30 - [TEST_STEP][PASSED] - openBrowser(""): Browser is opened with url: ''

2024-01-13 22:53:30 - [MESSAGE][WARNING] - A browser is already opened. Closing browser and opening a new one

2024-01-13 22:53:31 - [MESSAGE][INFO] - Starting 'Chrome' driver

2024-01-13 22:53:31 - [MESSAGE][INFO] - User set preference: ['acceptInsecureCerts', 'true']

2024-01-13 22:53:31 - [MESSAGE][INFO] - Action delay is set to 0 milliseconds

2024-01-13 22:53:32 - [MESSAGE][PASSED] - Browser is opened with url: ''

2024-01-13 22:53:32 - [TEST_STEP][PASSED] - maximizeWindow(): Current window maximized

2024-01-13 22:53:33 - [MESSAGE][PASSED] - Current window maximized

2024-01-13 22:53:33 - [TEST_STEP][PASSED] - navigateToUrl(RADurl): Navigate to 'https://qa2.velocitypayment.com/client/rad/index.html' successfully

2024-01-13 22:53:33 - [MESSAGE][PASSED] - Navigate to 'https://qa2.velocitypayment.com/client/rad/index.html' successfully

2024-01-13 22:53:33 - [TEST_STEP][PASSED] - orPath_Landing = "Object Repository/RAD_Pages/Landing_Page": null

2024-01-13 22:53:33 - [TEST_STEP][PASSED] - orPath_TaxTypeFilingYear = "Object Repository/RAD_Pages/TaxTypeFilingYear_Page": null

2024-01-13 22:53:33 - [TEST_STEP][PASSED] - orPath_TaxPayer = "Object Repository/RAD_Pages/Taxpayer_Page": null

2024-01-13 22:53:33 - [TEST_STEP][PASSED] - orPath_AddressContact = "Object Repository/RAD_Pages/AddressAndContactInfo_Page": null

2024-01-13 22:53:33 - [TEST_STEP][PASSED] - orPath_FilingStatus = "Object Repository/RAD_Pages/FilingStatus_Page": null

2024-01-13 22:53:33 - [TEST_STEP][PASSED] - orPath_Amount = "Object Repository/RAD_Pages/PaymentAmount_Page": null

2024-01-13 22:53:33 - [TEST_STEP][PASSED] - orPath_TaxInfo = "Object Repository/RAD_Pages/TaxInfo_Page": null

2024-01-13 22:53:33 - [TEST_STEP][PASSED] - orPath_Withholding = "Object Repository/RAD_Pages/Withholding_Page": null

2024-01-13 22:53:33 - [TEST_STEP][PASSED] - orPath_Summary = "Object Repository/RAD_Pages/Summary_Page": null

2024-01-13 22:53:33 - [TEST_STEP][PASSED] - orPath_PaymentReady = "Object Repository/RAD_Pages/PaymentReady_Page": null

2024-01-13 22:53:33 - [TEST_STEP][PASSED] - orPath_PaymentEntry = "Object Repository/RAD_Pages/PaymentEntry_Page": null

2024-01-13 22:53:33 - [TEST_STEP][PASSED] - orPath_PaymentConfirmation = "Object Repository/RAD_Pages/PaymentConfirmation_Page": null

2024-01-13 22:53:33 - [TEST_STEP][PASSED] - orPath_ServiceFeesAccept = "Object Repository/RAD_Pages/ServiceFeeAccept_Page": null

2024-01-13 22:53:33 - [TEST_STEP][PASSED] - selectOptionByLabel(findTestObject(orPath_Landing + "/dd_TaxType"), Taxtype, false): All options with label 'Existing Liability w/Notice Number' are selected in object 'Object Repository/RAD_Pages/Landing_Page/dd_TaxType' 

2024-01-13 22:53:35 - [MESSAGE][PASSED] - All options with label 'Existing Liability w/Notice Number' are selected in object 'Object Repository/RAD_Pages/Landing_Page/dd_TaxType' 

2024-01-13 22:53:35 - [TEST_STEP][PASSED] - delay(1): Delayed 1 second(s)

2024-01-13 22:53:36 - [MESSAGE][PASSED] - Delayed 1 second(s)

2024-01-13 22:53:36 - [TEST_STEP][PASSED] - selectOptionByLabel(findTestObject(orPath_TaxTypeFilingYear + "/select_TaxType_ExistingLiability"), TaxTypeEL, false): All options with label 'Alcohol Tax' are selected in object 'Object Repository/RAD_Pages/TaxTypeFilingYear_Page/select_TaxType_ExistingLiability' 

2024-01-13 22:53:36 - [MESSAGE][PASSED] - All options with label 'Alcohol Tax' are selected in object 'Object Repository/RAD_Pages/TaxTypeFilingYear_Page/select_TaxType_ExistingLiability' 

2024-01-13 22:53:36 - [TEST_STEP][PASSED] - setText(findTestObject(orPath_TaxInfo + "/input_NoticeInvoiceNumber"), notInvNumber): Text '0000000000' is set on object 'Object Repository/RAD_Pages/TaxInfo_Page/input_NoticeInvoiceNumber'

2024-01-13 22:53:37 - [MESSAGE][PASSED] - Text '0000000000' is set on object 'Object Repository/RAD_Pages/TaxInfo_Page/input_NoticeInvoiceNumber'

2024-01-13 22:53:37 - [TEST_STEP][PASSED] - setText(findTestObject(orPath_TaxInfo + "/input_reTypeNoticeInvoiceNumber"), notInvNumber): Text '0000000000' is set on object 'Object Repository/RAD_Pages/TaxInfo_Page/input_reTypeNoticeInvoiceNumber'

2024-01-13 22:53:38 - [MESSAGE][PASSED] - Text '0000000000' is set on object 'Object Repository/RAD_Pages/TaxInfo_Page/input_reTypeNoticeInvoiceNumber'

2024-01-13 22:53:38 - [TEST_STEP][PASSED] - println(notInvNumber): null

2024-01-13 22:53:38 - [TEST_STEP][PASSED] - if (verifyTextPresent(errorMsg, true)): null

2024-01-13 22:53:39 - [MESSAGE][PASSED] - Text 'Invoice Number must be 10 or 13 digits in length, with a value greater than zero' is present on page  using regular expression

2024-01-13 22:53:39 - [TEST_STEP][PASSED] - println("Error Message is present on the page"): null

2024-01-13 22:53:39 - [TEST_STEP][PASSED] - out.println("Pass Record Number: " + row): null

2024-01-13 22:53:39 - [TEST_STEP][PASSED] - resText = "Pass": null

2024-01-13 22:53:39 - [TEST_STEP][PASSED] - pages.WriteExcel.demoKey(resText, datText, resColumn, datCloumn, fileLoc, nameSheet, row): pages.WriteExcel.demoKey is PASSED

2024-01-13 22:53:39 - [MESSAGE][PASSED] - pages.WriteExcel.demoKey is PASSED

2024-01-13 22:53:39 - [TEST_STEP][PASSED] - ExecuteTC = findTestData(dataFile).getValue("Execute", row): null

2024-01-13 22:53:39 - [TEST_STEP][PASSED] - Taxtype = findTestData(dataFile).getValue("TaxType", row): null

2024-01-13 22:53:39 - [TEST_STEP][PASSED] - TaxTypeEL = findTestData(dataFile).getValue("TaxTypeEL", row): null

2024-01-13 22:53:39 - [TEST_STEP][PASSED] - notInvNumber = findTestData(dataFile).getValue("NotiInvoNumber", row): null

2024-01-13 22:53:39 - [TEST_STEP][PASSED] - errorMsg = findTestData(dataFile).getValue("ErrorMessage", row): null

2024-01-13 22:53:39 - [TEST_STEP][PASSED] - out.println("Value of Execute is : " + ExecuteTC): null

2024-01-13 22:53:39 - [TEST_STEP][PASSED] - if (ExecuteTC.equalsIgnoreCase("Y")): null

2024-01-13 22:53:39 - [TEST_STEP][PASSED] - out.println("Begin Record Number: " + row): null

2024-01-13 22:53:39 - [TEST_STEP][PASSED] - today = new java.util.Date(): null

2024-01-13 22:53:39 - [TEST_STEP][PASSED] - println(today): null

2024-01-13 22:53:39 - [TEST_STEP][PASSED] - datText = today: null

2024-01-13 22:53:39 - [TEST_STEP][PASSED] - Taxtype = findTestData(dataFile).getValue("TaxType", row): null

2024-01-13 22:53:39 - [TEST_STEP][PASSED] - out.println("Taxtype value is : " + Taxtype): null

2024-01-13 22:53:39 - [TEST_STEP][PASSED] - openBrowser(""): Browser is opened with url: ''

2024-01-13 22:53:39 - [MESSAGE][WARNING] - A browser is already opened. Closing browser and opening a new one

2024-01-13 22:53:40 - [MESSAGE][INFO] - Starting 'Chrome' driver

2024-01-13 22:53:40 - [MESSAGE][INFO] - User set preference: ['acceptInsecureCerts', 'true']

2024-01-13 22:53:40 - [MESSAGE][INFO] - Action delay is set to 0 milliseconds

2024-01-13 22:53:41 - [MESSAGE][PASSED] - Browser is opened with url: ''

2024-01-13 22:53:41 - [TEST_STEP][PASSED] - maximizeWindow(): Current window maximized

2024-01-13 22:53:41 - [MESSAGE][PASSED] - Current window maximized

2024-01-13 22:53:41 - [TEST_STEP][PASSED] - navigateToUrl(RADurl): Navigate to 'https://qa2.velocitypayment.com/client/rad/index.html' successfully

2024-01-13 22:53:43 - [MESSAGE][PASSED] - Navigate to 'https://qa2.velocitypayment.com/client/rad/index.html' successfully

2024-01-13 22:53:43 - [TEST_STEP][PASSED] - orPath_Landing = "Object Repository/RAD_Pages/Landing_Page": null

2024-01-13 22:53:43 - [TEST_STEP][PASSED] - orPath_TaxTypeFilingYear = "Object Repository/RAD_Pages/TaxTypeFilingYear_Page": null

2024-01-13 22:53:43 - [TEST_STEP][PASSED] - orPath_TaxPayer = "Object Repository/RAD_Pages/Taxpayer_Page": null

2024-01-13 22:53:43 - [TEST_STEP][PASSED] - orPath_AddressContact = "Object Repository/RAD_Pages/AddressAndContactInfo_Page": null

2024-01-13 22:53:43 - [TEST_STEP][PASSED] - orPath_FilingStatus = "Object Repository/RAD_Pages/FilingStatus_Page": null

2024-01-13 22:53:43 - [TEST_STEP][PASSED] - orPath_Amount = "Object Repository/RAD_Pages/PaymentAmount_Page": null

2024-01-13 22:53:43 - [TEST_STEP][PASSED] - orPath_TaxInfo = "Object Repository/RAD_Pages/TaxInfo_Page": null

2024-01-13 22:53:43 - [TEST_STEP][PASSED] - orPath_Withholding = "Object Repository/RAD_Pages/Withholding_Page": null

2024-01-13 22:53:43 - [TEST_STEP][PASSED] - orPath_Summary = "Object Repository/RAD_Pages/Summary_Page": null

2024-01-13 22:53:43 - [TEST_STEP][PASSED] - orPath_PaymentReady = "Object Repository/RAD_Pages/PaymentReady_Page": null

2024-01-13 22:53:43 - [TEST_STEP][PASSED] - orPath_PaymentEntry = "Object Repository/RAD_Pages/PaymentEntry_Page": null

2024-01-13 22:53:43 - [TEST_STEP][PASSED] - orPath_PaymentConfirmation = "Object Repository/RAD_Pages/PaymentConfirmation_Page": null

2024-01-13 22:53:43 - [TEST_STEP][PASSED] - orPath_ServiceFeesAccept = "Object Repository/RAD_Pages/ServiceFeeAccept_Page": null

2024-01-13 22:53:43 - [TEST_STEP][PASSED] - selectOptionByLabel(findTestObject(orPath_Landing + "/dd_TaxType"), Taxtype, false): All options with label 'Existing Liability w/Notice Number' are selected in object 'Object Repository/RAD_Pages/Landing_Page/dd_TaxType' 

2024-01-13 22:53:44 - [MESSAGE][PASSED] - All options with label 'Existing Liability w/Notice Number' are selected in object 'Object Repository/RAD_Pages/Landing_Page/dd_TaxType' 

2024-01-13 22:53:44 - [TEST_STEP][PASSED] - delay(1): Delayed 1 second(s)

2024-01-13 22:53:45 - [MESSAGE][PASSED] - Delayed 1 second(s)

2024-01-13 22:53:45 - [TEST_STEP][PASSED] - selectOptionByLabel(findTestObject(orPath_TaxTypeFilingYear + "/select_TaxType_ExistingLiability"), TaxTypeEL, false): All options with label 'PTE Tax Electing Non-S Corp' are selected in object 'Object Repository/RAD_Pages/TaxTypeFilingYear_Page/select_TaxType_ExistingLiability' 

2024-01-13 22:53:45 - [MESSAGE][PASSED] - All options with label 'PTE Tax Electing Non-S Corp' are selected in object 'Object Repository/RAD_Pages/TaxTypeFilingYear_Page/select_TaxType_ExistingLiability' 

2024-01-13 22:53:45 - [TEST_STEP][PASSED] - setText(findTestObject(orPath_TaxInfo + "/input_NoticeInvoiceNumber"), notInvNumber): Text '0000000000000' is set on object 'Object Repository/RAD_Pages/TaxInfo_Page/input_NoticeInvoiceNumber'

2024-01-13 22:53:46 - [MESSAGE][PASSED] - Text '0000000000000' is set on object 'Object Repository/RAD_Pages/TaxInfo_Page/input_NoticeInvoiceNumber'

2024-01-13 22:53:46 - [TEST_STEP][PASSED] - setText(findTestObject(orPath_TaxInfo + "/input_reTypeNoticeInvoiceNumber"), notInvNumber): Text '0000000000000' is set on object 'Object Repository/RAD_Pages/TaxInfo_Page/input_reTypeNoticeInvoiceNumber'

2024-01-13 22:53:47 - [MESSAGE][PASSED] - Text '0000000000000' is set on object 'Object Repository/RAD_Pages/TaxInfo_Page/input_reTypeNoticeInvoiceNumber'

2024-01-13 22:53:47 - [TEST_STEP][PASSED] - println(notInvNumber): null

2024-01-13 22:53:47 - [TEST_STEP][PASSED] - if (verifyTextPresent(errorMsg, true)): null

2024-01-13 22:53:48 - [MESSAGE][PASSED] - Text 'Notice Number must be 13 digits in length, with a value greater than zero' is present on page  using regular expression

2024-01-13 22:53:48 - [TEST_STEP][PASSED] - println("Error Message is present on the page"): null

2024-01-13 22:53:48 - [TEST_STEP][PASSED] - out.println("Pass Record Number: " + row): null

2024-01-13 22:53:48 - [TEST_STEP][PASSED] - resText = "Pass": null

2024-01-13 22:53:48 - [TEST_STEP][PASSED] - pages.WriteExcel.demoKey(resText, datText, resColumn, datCloumn, fileLoc, nameSheet, row): pages.WriteExcel.demoKey is PASSED

2024-01-13 22:53:48 - [MESSAGE][PASSED] - pages.WriteExcel.demoKey is PASSED

2024-01-13 22:53:48 - [TEST_STEP][PASSED] - ExecuteTC = findTestData(dataFile).getValue("Execute", row): null

2024-01-13 22:53:48 - [TEST_STEP][PASSED] - Taxtype = findTestData(dataFile).getValue("TaxType", row): null

2024-01-13 22:53:48 - [TEST_STEP][PASSED] - TaxTypeEL = findTestData(dataFile).getValue("TaxTypeEL", row): null

2024-01-13 22:53:48 - [TEST_STEP][PASSED] - notInvNumber = findTestData(dataFile).getValue("NotiInvoNumber", row): null

2024-01-13 22:53:48 - [TEST_STEP][PASSED] - errorMsg = findTestData(dataFile).getValue("ErrorMessage", row): null

2024-01-13 22:53:48 - [TEST_STEP][PASSED] - out.println("Value of Execute is : " + ExecuteTC): null

2024-01-13 22:53:48 - [TEST_STEP][PASSED] - if (ExecuteTC.equalsIgnoreCase("Y")): null

2024-01-13 22:53:48 - [TEST_STEP][PASSED] - out.println("Begin Record Number: " + row): null

2024-01-13 22:53:48 - [TEST_STEP][PASSED] - today = new java.util.Date(): null

2024-01-13 22:53:48 - [TEST_STEP][PASSED] - println(today): null

2024-01-13 22:53:48 - [TEST_STEP][PASSED] - datText = today: null

2024-01-13 22:53:48 - [TEST_STEP][PASSED] - Taxtype = findTestData(dataFile).getValue("TaxType", row): null

2024-01-13 22:53:48 - [TEST_STEP][PASSED] - out.println("Taxtype value is : " + Taxtype): null

2024-01-13 22:53:48 - [TEST_STEP][PASSED] - openBrowser(""): Browser is opened with url: ''

2024-01-13 22:53:48 - [MESSAGE][WARNING] - A browser is already opened. Closing browser and opening a new one

2024-01-13 22:53:49 - [MESSAGE][INFO] - Starting 'Chrome' driver

2024-01-13 22:53:49 - [MESSAGE][INFO] - User set preference: ['acceptInsecureCerts', 'true']

2024-01-13 22:53:49 - [MESSAGE][INFO] - Action delay is set to 0 milliseconds

2024-01-13 22:53:51 - [MESSAGE][PASSED] - Browser is opened with url: ''

2024-01-13 22:53:51 - [TEST_STEP][PASSED] - maximizeWindow(): Current window maximized

2024-01-13 22:53:51 - [MESSAGE][PASSED] - Current window maximized

2024-01-13 22:53:51 - [TEST_STEP][PASSED] - navigateToUrl(RADurl): Navigate to 'https://qa2.velocitypayment.com/client/rad/index.html' successfully

2024-01-13 22:53:52 - [MESSAGE][PASSED] - Navigate to 'https://qa2.velocitypayment.com/client/rad/index.html' successfully

2024-01-13 22:53:52 - [TEST_STEP][PASSED] - orPath_Landing = "Object Repository/RAD_Pages/Landing_Page": null

2024-01-13 22:53:52 - [TEST_STEP][PASSED] - orPath_TaxTypeFilingYear = "Object Repository/RAD_Pages/TaxTypeFilingYear_Page": null

2024-01-13 22:53:52 - [TEST_STEP][PASSED] - orPath_TaxPayer = "Object Repository/RAD_Pages/Taxpayer_Page": null

2024-01-13 22:53:52 - [TEST_STEP][PASSED] - orPath_AddressContact = "Object Repository/RAD_Pages/AddressAndContactInfo_Page": null

2024-01-13 22:53:52 - [TEST_STEP][PASSED] - orPath_FilingStatus = "Object Repository/RAD_Pages/FilingStatus_Page": null

2024-01-13 22:53:52 - [TEST_STEP][PASSED] - orPath_Amount = "Object Repository/RAD_Pages/PaymentAmount_Page": null

2024-01-13 22:53:52 - [TEST_STEP][PASSED] - orPath_TaxInfo = "Object Repository/RAD_Pages/TaxInfo_Page": null

2024-01-13 22:53:52 - [TEST_STEP][PASSED] - orPath_Withholding = "Object Repository/RAD_Pages/Withholding_Page": null

2024-01-13 22:53:52 - [TEST_STEP][PASSED] - orPath_Summary = "Object Repository/RAD_Pages/Summary_Page": null

2024-01-13 22:53:52 - [TEST_STEP][PASSED] - orPath_PaymentReady = "Object Repository/RAD_Pages/PaymentReady_Page": null

2024-01-13 22:53:52 - [TEST_STEP][PASSED] - orPath_PaymentEntry = "Object Repository/RAD_Pages/PaymentEntry_Page": null

2024-01-13 22:53:52 - [TEST_STEP][PASSED] - orPath_PaymentConfirmation = "Object Repository/RAD_Pages/PaymentConfirmation_Page": null

2024-01-13 22:53:52 - [TEST_STEP][PASSED] - orPath_ServiceFeesAccept = "Object Repository/RAD_Pages/ServiceFeeAccept_Page": null

2024-01-13 22:53:52 - [TEST_STEP][PASSED] - selectOptionByLabel(findTestObject(orPath_Landing + "/dd_TaxType"), Taxtype, false): All options with label 'Existing Liability w/Notice Number' are selected in object 'Object Repository/RAD_Pages/Landing_Page/dd_TaxType' 

2024-01-13 22:53:53 - [MESSAGE][PASSED] - All options with label 'Existing Liability w/Notice Number' are selected in object 'Object Repository/RAD_Pages/Landing_Page/dd_TaxType' 

2024-01-13 22:53:53 - [TEST_STEP][PASSED] - delay(1): Delayed 1 second(s)

2024-01-13 22:53:54 - [MESSAGE][PASSED] - Delayed 1 second(s)

2024-01-13 22:53:54 - [TEST_STEP][PASSED] - selectOptionByLabel(findTestObject(orPath_TaxTypeFilingYear + "/select_TaxType_ExistingLiability"), TaxTypeEL, false): All options with label 'PTE Tax Electing S Corp' are selected in object 'Object Repository/RAD_Pages/TaxTypeFilingYear_Page/select_TaxType_ExistingLiability' 

2024-01-13 22:53:54 - [MESSAGE][PASSED] - All options with label 'PTE Tax Electing S Corp' are selected in object 'Object Repository/RAD_Pages/TaxTypeFilingYear_Page/select_TaxType_ExistingLiability' 

2024-01-13 22:53:54 - [TEST_STEP][PASSED] - setText(findTestObject(orPath_TaxInfo + "/input_NoticeInvoiceNumber"), notInvNumber): Text '0000000000000' is set on object 'Object Repository/RAD_Pages/TaxInfo_Page/input_NoticeInvoiceNumber'

2024-01-13 22:53:55 - [MESSAGE][PASSED] - Text '0000000000000' is set on object 'Object Repository/RAD_Pages/TaxInfo_Page/input_NoticeInvoiceNumber'

2024-01-13 22:53:55 - [TEST_STEP][PASSED] - setText(findTestObject(orPath_TaxInfo + "/input_reTypeNoticeInvoiceNumber"), notInvNumber): Text '0000000000000' is set on object 'Object Repository/RAD_Pages/TaxInfo_Page/input_reTypeNoticeInvoiceNumber'

2024-01-13 22:53:56 - [MESSAGE][PASSED] - Text '0000000000000' is set on object 'Object Repository/RAD_Pages/TaxInfo_Page/input_reTypeNoticeInvoiceNumber'

2024-01-13 22:53:56 - [TEST_STEP][PASSED] - println(notInvNumber): null

2024-01-13 22:53:56 - [TEST_STEP][PASSED] - if (verifyTextPresent(errorMsg, true)): null

2024-01-13 22:53:57 - [MESSAGE][PASSED] - Text 'Notice Number must be 13 digits in length, with a value greater than zero' is present on page  using regular expression

2024-01-13 22:53:57 - [TEST_STEP][PASSED] - println("Error Message is present on the page"): null

2024-01-13 22:53:57 - [TEST_STEP][PASSED] - out.println("Pass Record Number: " + row): null

2024-01-13 22:53:57 - [TEST_STEP][PASSED] - resText = "Pass": null

2024-01-13 22:53:57 - [TEST_STEP][PASSED] - pages.WriteExcel.demoKey(resText, datText, resColumn, datCloumn, fileLoc, nameSheet, row): pages.WriteExcel.demoKey is PASSED

2024-01-13 22:53:57 - [MESSAGE][PASSED] - pages.WriteExcel.demoKey is PASSED

2024-01-13 22:53:57 - [TEST_STEP][PASSED] - ExecuteTC = findTestData(dataFile).getValue("Execute", row): null

2024-01-13 22:53:57 - [TEST_STEP][PASSED] - Taxtype = findTestData(dataFile).getValue("TaxType", row): null

2024-01-13 22:53:57 - [TEST_STEP][PASSED] - TaxTypeEL = findTestData(dataFile).getValue("TaxTypeEL", row): null

2024-01-13 22:53:57 - [TEST_STEP][PASSED] - notInvNumber = findTestData(dataFile).getValue("NotiInvoNumber", row): null

2024-01-13 22:53:57 - [TEST_STEP][PASSED] - errorMsg = findTestData(dataFile).getValue("ErrorMessage", row): null

2024-01-13 22:53:57 - [TEST_STEP][PASSED] - out.println("Value of Execute is : " + ExecuteTC): null

2024-01-13 22:53:57 - [TEST_STEP][PASSED] - if (ExecuteTC.equalsIgnoreCase("Y")): null

2024-01-13 22:53:57 - [TEST_STEP][PASSED] - out.println("Begin Record Number: " + row): null

2024-01-13 22:53:57 - [TEST_STEP][PASSED] - today = new java.util.Date(): null

2024-01-13 22:53:57 - [TEST_STEP][PASSED] - println(today): null

2024-01-13 22:53:57 - [TEST_STEP][PASSED] - datText = today: null

2024-01-13 22:53:57 - [TEST_STEP][PASSED] - Taxtype = findTestData(dataFile).getValue("TaxType", row): null

2024-01-13 22:53:57 - [TEST_STEP][PASSED] - out.println("Taxtype value is : " + Taxtype): null

2024-01-13 22:53:57 - [TEST_STEP][PASSED] - openBrowser(""): Browser is opened with url: ''

2024-01-13 22:53:57 - [MESSAGE][WARNING] - A browser is already opened. Closing browser and opening a new one

2024-01-13 22:53:58 - [MESSAGE][INFO] - Starting 'Chrome' driver

2024-01-13 22:53:58 - [MESSAGE][INFO] - User set preference: ['acceptInsecureCerts', 'true']

2024-01-13 22:53:58 - [MESSAGE][INFO] - Action delay is set to 0 milliseconds

2024-01-13 22:54:00 - [MESSAGE][PASSED] - Browser is opened with url: ''

2024-01-13 22:54:00 - [TEST_STEP][PASSED] - maximizeWindow(): Current window maximized

2024-01-13 22:54:00 - [MESSAGE][PASSED] - Current window maximized

2024-01-13 22:54:00 - [TEST_STEP][PASSED] - navigateToUrl(RADurl): Navigate to 'https://qa2.velocitypayment.com/client/rad/index.html' successfully

2024-01-13 22:54:01 - [MESSAGE][PASSED] - Navigate to 'https://qa2.velocitypayment.com/client/rad/index.html' successfully

2024-01-13 22:54:01 - [TEST_STEP][PASSED] - orPath_Landing = "Object Repository/RAD_Pages/Landing_Page": null

2024-01-13 22:54:01 - [TEST_STEP][PASSED] - orPath_TaxTypeFilingYear = "Object Repository/RAD_Pages/TaxTypeFilingYear_Page": null

2024-01-13 22:54:01 - [TEST_STEP][PASSED] - orPath_TaxPayer = "Object Repository/RAD_Pages/Taxpayer_Page": null

2024-01-13 22:54:01 - [TEST_STEP][PASSED] - orPath_AddressContact = "Object Repository/RAD_Pages/AddressAndContactInfo_Page": null

2024-01-13 22:54:01 - [TEST_STEP][PASSED] - orPath_FilingStatus = "Object Repository/RAD_Pages/FilingStatus_Page": null

2024-01-13 22:54:01 - [TEST_STEP][PASSED] - orPath_Amount = "Object Repository/RAD_Pages/PaymentAmount_Page": null

2024-01-13 22:54:01 - [TEST_STEP][PASSED] - orPath_TaxInfo = "Object Repository/RAD_Pages/TaxInfo_Page": null

2024-01-13 22:54:01 - [TEST_STEP][PASSED] - orPath_Withholding = "Object Repository/RAD_Pages/Withholding_Page": null

2024-01-13 22:54:01 - [TEST_STEP][PASSED] - orPath_Summary = "Object Repository/RAD_Pages/Summary_Page": null

2024-01-13 22:54:01 - [TEST_STEP][PASSED] - orPath_PaymentReady = "Object Repository/RAD_Pages/PaymentReady_Page": null

2024-01-13 22:54:01 - [TEST_STEP][PASSED] - orPath_PaymentEntry = "Object Repository/RAD_Pages/PaymentEntry_Page": null

2024-01-13 22:54:01 - [TEST_STEP][PASSED] - orPath_PaymentConfirmation = "Object Repository/RAD_Pages/PaymentConfirmation_Page": null

2024-01-13 22:54:01 - [TEST_STEP][PASSED] - orPath_ServiceFeesAccept = "Object Repository/RAD_Pages/ServiceFeeAccept_Page": null

2024-01-13 22:54:01 - [TEST_STEP][PASSED] - selectOptionByLabel(findTestObject(orPath_Landing + "/dd_TaxType"), Taxtype, false): All options with label 'Existing Liability w/Notice Number' are selected in object 'Object Repository/RAD_Pages/Landing_Page/dd_TaxType' 

2024-01-13 22:54:02 - [MESSAGE][PASSED] - All options with label 'Existing Liability w/Notice Number' are selected in object 'Object Repository/RAD_Pages/Landing_Page/dd_TaxType' 

2024-01-13 22:54:02 - [TEST_STEP][PASSED] - delay(1): Delayed 1 second(s)

2024-01-13 22:54:03 - [MESSAGE][PASSED] - Delayed 1 second(s)

2024-01-13 22:54:03 - [TEST_STEP][PASSED] - selectOptionByLabel(findTestObject(orPath_TaxTypeFilingYear + "/select_TaxType_ExistingLiability"), TaxTypeEL, false): All options with label 'Admissions and Amusement Tax' are selected in object 'Object Repository/RAD_Pages/TaxTypeFilingYear_Page/select_TaxType_ExistingLiability' 

2024-01-13 22:54:04 - [MESSAGE][PASSED] - All options with label 'Admissions and Amusement Tax' are selected in object 'Object Repository/RAD_Pages/TaxTypeFilingYear_Page/select_TaxType_ExistingLiability' 

2024-01-13 22:54:04 - [TEST_STEP][PASSED] - setText(findTestObject(orPath_TaxInfo + "/input_NoticeInvoiceNumber"), notInvNumber): Text '123456789' is set on object 'Object Repository/RAD_Pages/TaxInfo_Page/input_NoticeInvoiceNumber'

2024-01-13 22:54:05 - [MESSAGE][PASSED] - Text '123456789' is set on object 'Object Repository/RAD_Pages/TaxInfo_Page/input_NoticeInvoiceNumber'

2024-01-13 22:54:05 - [TEST_STEP][PASSED] - setText(findTestObject(orPath_TaxInfo + "/input_reTypeNoticeInvoiceNumber"), notInvNumber): Text '123456789' is set on object 'Object Repository/RAD_Pages/TaxInfo_Page/input_reTypeNoticeInvoiceNumber'

2024-01-13 22:54:05 - [MESSAGE][PASSED] - Text '123456789' is set on object 'Object Repository/RAD_Pages/TaxInfo_Page/input_reTypeNoticeInvoiceNumber'

2024-01-13 22:54:05 - [TEST_STEP][PASSED] - println(notInvNumber): null

2024-01-13 22:54:05 - [TEST_STEP][PASSED] - if (verifyTextPresent(errorMsg, true)): null

2024-01-13 22:54:06 - [MESSAGE][PASSED] - Text 'Notice Number must be 13 digits in length, with a value greater than zero' is present on page  using regular expression

2024-01-13 22:54:06 - [TEST_STEP][PASSED] - println("Error Message is present on the page"): null

2024-01-13 22:54:06 - [TEST_STEP][PASSED] - out.println("Pass Record Number: " + row): null

2024-01-13 22:54:06 - [TEST_STEP][PASSED] - resText = "Pass": null

2024-01-13 22:54:06 - [TEST_STEP][PASSED] - pages.WriteExcel.demoKey(resText, datText, resColumn, datCloumn, fileLoc, nameSheet, row): pages.WriteExcel.demoKey is PASSED

2024-01-13 22:54:06 - [MESSAGE][PASSED] - pages.WriteExcel.demoKey is PASSED

2024-01-13 22:54:06 - [TEST_STEP][PASSED] - ExecuteTC = findTestData(dataFile).getValue("Execute", row): null

2024-01-13 22:54:06 - [TEST_STEP][PASSED] - Taxtype = findTestData(dataFile).getValue("TaxType", row): null

2024-01-13 22:54:06 - [TEST_STEP][PASSED] - TaxTypeEL = findTestData(dataFile).getValue("TaxTypeEL", row): null

2024-01-13 22:54:06 - [TEST_STEP][PASSED] - notInvNumber = findTestData(dataFile).getValue("NotiInvoNumber", row): null

2024-01-13 22:54:06 - [TEST_STEP][PASSED] - errorMsg = findTestData(dataFile).getValue("ErrorMessage", row): null

2024-01-13 22:54:06 - [TEST_STEP][PASSED] - out.println("Value of Execute is : " + ExecuteTC): null

2024-01-13 22:54:06 - [TEST_STEP][PASSED] - if (ExecuteTC.equalsIgnoreCase("Y")): null

2024-01-13 22:54:06 - [TEST_STEP][PASSED] - out.println("Begin Record Number: " + row): null

2024-01-13 22:54:06 - [TEST_STEP][PASSED] - today = new java.util.Date(): null

2024-01-13 22:54:06 - [TEST_STEP][PASSED] - println(today): null

2024-01-13 22:54:06 - [TEST_STEP][PASSED] - datText = today: null

2024-01-13 22:54:06 - [TEST_STEP][PASSED] - Taxtype = findTestData(dataFile).getValue("TaxType", row): null

2024-01-13 22:54:06 - [TEST_STEP][PASSED] - out.println("Taxtype value is : " + Taxtype): null

2024-01-13 22:54:06 - [TEST_STEP][PASSED] - openBrowser(""): Browser is opened with url: ''

2024-01-13 22:54:06 - [MESSAGE][WARNING] - A browser is already opened. Closing browser and opening a new one

2024-01-13 22:54:08 - [MESSAGE][INFO] - Starting 'Chrome' driver

2024-01-13 22:54:08 - [MESSAGE][INFO] - User set preference: ['acceptInsecureCerts', 'true']

2024-01-13 22:54:08 - [MESSAGE][INFO] - Action delay is set to 0 milliseconds

2024-01-13 22:54:09 - [MESSAGE][PASSED] - Browser is opened with url: ''

2024-01-13 22:54:09 - [TEST_STEP][PASSED] - maximizeWindow(): Current window maximized

2024-01-13 22:54:09 - [MESSAGE][PASSED] - Current window maximized

2024-01-13 22:54:09 - [TEST_STEP][PASSED] - navigateToUrl(RADurl): Navigate to 'https://qa2.velocitypayment.com/client/rad/index.html' successfully

2024-01-13 22:54:11 - [MESSAGE][PASSED] - Navigate to 'https://qa2.velocitypayment.com/client/rad/index.html' successfully

2024-01-13 22:54:11 - [TEST_STEP][PASSED] - orPath_Landing = "Object Repository/RAD_Pages/Landing_Page": null

2024-01-13 22:54:11 - [TEST_STEP][PASSED] - orPath_TaxTypeFilingYear = "Object Repository/RAD_Pages/TaxTypeFilingYear_Page": null

2024-01-13 22:54:11 - [TEST_STEP][PASSED] - orPath_TaxPayer = "Object Repository/RAD_Pages/Taxpayer_Page": null

2024-01-13 22:54:11 - [TEST_STEP][PASSED] - orPath_AddressContact = "Object Repository/RAD_Pages/AddressAndContactInfo_Page": null

2024-01-13 22:54:11 - [TEST_STEP][PASSED] - orPath_FilingStatus = "Object Repository/RAD_Pages/FilingStatus_Page": null

2024-01-13 22:54:11 - [TEST_STEP][PASSED] - orPath_Amount = "Object Repository/RAD_Pages/PaymentAmount_Page": null

2024-01-13 22:54:11 - [TEST_STEP][PASSED] - orPath_TaxInfo = "Object Repository/RAD_Pages/TaxInfo_Page": null

2024-01-13 22:54:11 - [TEST_STEP][PASSED] - orPath_Withholding = "Object Repository/RAD_Pages/Withholding_Page": null

2024-01-13 22:54:11 - [TEST_STEP][PASSED] - orPath_Summary = "Object Repository/RAD_Pages/Summary_Page": null

2024-01-13 22:54:11 - [TEST_STEP][PASSED] - orPath_PaymentReady = "Object Repository/RAD_Pages/PaymentReady_Page": null

2024-01-13 22:54:11 - [TEST_STEP][PASSED] - orPath_PaymentEntry = "Object Repository/RAD_Pages/PaymentEntry_Page": null

2024-01-13 22:54:11 - [TEST_STEP][PASSED] - orPath_PaymentConfirmation = "Object Repository/RAD_Pages/PaymentConfirmation_Page": null

2024-01-13 22:54:11 - [TEST_STEP][PASSED] - orPath_ServiceFeesAccept = "Object Repository/RAD_Pages/ServiceFeeAccept_Page": null

2024-01-13 22:54:11 - [TEST_STEP][PASSED] - selectOptionByLabel(findTestObject(orPath_Landing + "/dd_TaxType"), Taxtype, false): All options with label 'Existing Liability w/Notice Number' are selected in object 'Object Repository/RAD_Pages/Landing_Page/dd_TaxType' 

2024-01-13 22:54:11 - [MESSAGE][PASSED] - All options with label 'Existing Liability w/Notice Number' are selected in object 'Object Repository/RAD_Pages/Landing_Page/dd_TaxType' 

2024-01-13 22:54:11 - [TEST_STEP][PASSED] - delay(1): Delayed 1 second(s)

2024-01-13 22:54:12 - [MESSAGE][PASSED] - Delayed 1 second(s)

2024-01-13 22:54:12 - [TEST_STEP][PASSED] - selectOptionByLabel(findTestObject(orPath_TaxTypeFilingYear + "/select_TaxType_ExistingLiability"), TaxTypeEL, false): All options with label 'Estate Tax' are selected in object 'Object Repository/RAD_Pages/TaxTypeFilingYear_Page/select_TaxType_ExistingLiability' 

2024-01-13 22:54:13 - [MESSAGE][PASSED] - All options with label 'Estate Tax' are selected in object 'Object Repository/RAD_Pages/TaxTypeFilingYear_Page/select_TaxType_ExistingLiability' 

2024-01-13 22:54:13 - [TEST_STEP][PASSED] - setText(findTestObject(orPath_TaxInfo + "/input_NoticeInvoiceNumber"), notInvNumber): Text '123456789' is set on object 'Object Repository/RAD_Pages/TaxInfo_Page/input_NoticeInvoiceNumber'

2024-01-13 22:54:14 - [MESSAGE][PASSED] - Text '123456789' is set on object 'Object Repository/RAD_Pages/TaxInfo_Page/input_NoticeInvoiceNumber'

2024-01-13 22:54:14 - [TEST_STEP][PASSED] - setText(findTestObject(orPath_TaxInfo + "/input_reTypeNoticeInvoiceNumber"), notInvNumber): Text '123456789' is set on object 'Object Repository/RAD_Pages/TaxInfo_Page/input_reTypeNoticeInvoiceNumber'

2024-01-13 22:54:15 - [MESSAGE][PASSED] - Text '123456789' is set on object 'Object Repository/RAD_Pages/TaxInfo_Page/input_reTypeNoticeInvoiceNumber'

2024-01-13 22:54:15 - [TEST_STEP][PASSED] - println(notInvNumber): null

2024-01-13 22:54:15 - [TEST_STEP][PASSED] - if (verifyTextPresent(errorMsg, true)): null

2024-01-13 22:54:15 - [MESSAGE][PASSED] - Text 'Notice Number must be 13 digits in length, with a value greater than zero' is present on page  using regular expression

2024-01-13 22:54:15 - [TEST_STEP][PASSED] - println("Error Message is present on the page"): null

2024-01-13 22:54:15 - [TEST_STEP][PASSED] - out.println("Pass Record Number: " + row): null

2024-01-13 22:54:15 - [TEST_STEP][PASSED] - resText = "Pass": null

2024-01-13 22:54:15 - [TEST_STEP][PASSED] - pages.WriteExcel.demoKey(resText, datText, resColumn, datCloumn, fileLoc, nameSheet, row): pages.WriteExcel.demoKey is PASSED

2024-01-13 22:54:15 - [MESSAGE][PASSED] - pages.WriteExcel.demoKey is PASSED

2024-01-13 22:54:15 - [TEST_STEP][PASSED] - ExecuteTC = findTestData(dataFile).getValue("Execute", row): null

2024-01-13 22:54:15 - [TEST_STEP][PASSED] - Taxtype = findTestData(dataFile).getValue("TaxType", row): null

2024-01-13 22:54:15 - [TEST_STEP][PASSED] - TaxTypeEL = findTestData(dataFile).getValue("TaxTypeEL", row): null

2024-01-13 22:54:16 - [TEST_STEP][PASSED] - notInvNumber = findTestData(dataFile).getValue("NotiInvoNumber", row): null

2024-01-13 22:54:16 - [TEST_STEP][PASSED] - errorMsg = findTestData(dataFile).getValue("ErrorMessage", row): null

2024-01-13 22:54:16 - [TEST_STEP][PASSED] - out.println("Value of Execute is : " + ExecuteTC): null

2024-01-13 22:54:16 - [TEST_STEP][PASSED] - if (ExecuteTC.equalsIgnoreCase("Y")): null

2024-01-13 22:54:16 - [TEST_STEP][PASSED] - out.println("Begin Record Number: " + row): null

2024-01-13 22:54:16 - [TEST_STEP][PASSED] - today = new java.util.Date(): null

2024-01-13 22:54:16 - [TEST_STEP][PASSED] - println(today): null

2024-01-13 22:54:16 - [TEST_STEP][PASSED] - datText = today: null

2024-01-13 22:54:16 - [TEST_STEP][PASSED] - Taxtype = findTestData(dataFile).getValue("TaxType", row): null

2024-01-13 22:54:16 - [TEST_STEP][PASSED] - out.println("Taxtype value is : " + Taxtype): null

2024-01-13 22:54:16 - [TEST_STEP][PASSED] - openBrowser(""): Browser is opened with url: ''

2024-01-13 22:54:16 - [MESSAGE][WARNING] - A browser is already opened. Closing browser and opening a new one

2024-01-13 22:54:17 - [MESSAGE][INFO] - Starting 'Chrome' driver

2024-01-13 22:54:17 - [MESSAGE][INFO] - User set preference: ['acceptInsecureCerts', 'true']

2024-01-13 22:54:17 - [MESSAGE][INFO] - Action delay is set to 0 milliseconds

2024-01-13 22:54:18 - [MESSAGE][PASSED] - Browser is opened with url: ''

2024-01-13 22:54:18 - [TEST_STEP][PASSED] - maximizeWindow(): Current window maximized

2024-01-13 22:54:18 - [MESSAGE][PASSED] - Current window maximized

2024-01-13 22:54:18 - [TEST_STEP][PASSED] - navigateToUrl(RADurl): Navigate to 'https://qa2.velocitypayment.com/client/rad/index.html' successfully

2024-01-13 22:54:20 - [MESSAGE][PASSED] - Navigate to 'https://qa2.velocitypayment.com/client/rad/index.html' successfully

2024-01-13 22:54:20 - [TEST_STEP][PASSED] - orPath_Landing = "Object Repository/RAD_Pages/Landing_Page": null

2024-01-13 22:54:20 - [TEST_STEP][PASSED] - orPath_TaxTypeFilingYear = "Object Repository/RAD_Pages/TaxTypeFilingYear_Page": null

2024-01-13 22:54:20 - [TEST_STEP][PASSED] - orPath_TaxPayer = "Object Repository/RAD_Pages/Taxpayer_Page": null

2024-01-13 22:54:20 - [TEST_STEP][PASSED] - orPath_AddressContact = "Object Repository/RAD_Pages/AddressAndContactInfo_Page": null

2024-01-13 22:54:20 - [TEST_STEP][PASSED] - orPath_FilingStatus = "Object Repository/RAD_Pages/FilingStatus_Page": null

2024-01-13 22:54:20 - [TEST_STEP][PASSED] - orPath_Amount = "Object Repository/RAD_Pages/PaymentAmount_Page": null

2024-01-13 22:54:20 - [TEST_STEP][PASSED] - orPath_TaxInfo = "Object Repository/RAD_Pages/TaxInfo_Page": null

2024-01-13 22:54:20 - [TEST_STEP][PASSED] - orPath_Withholding = "Object Repository/RAD_Pages/Withholding_Page": null

2024-01-13 22:54:20 - [TEST_STEP][PASSED] - orPath_Summary = "Object Repository/RAD_Pages/Summary_Page": null

2024-01-13 22:54:20 - [TEST_STEP][PASSED] - orPath_PaymentReady = "Object Repository/RAD_Pages/PaymentReady_Page": null

2024-01-13 22:54:20 - [TEST_STEP][PASSED] - orPath_PaymentEntry = "Object Repository/RAD_Pages/PaymentEntry_Page": null

2024-01-13 22:54:20 - [TEST_STEP][PASSED] - orPath_PaymentConfirmation = "Object Repository/RAD_Pages/PaymentConfirmation_Page": null

2024-01-13 22:54:20 - [TEST_STEP][PASSED] - orPath_ServiceFeesAccept = "Object Repository/RAD_Pages/ServiceFeeAccept_Page": null

2024-01-13 22:54:20 - [TEST_STEP][PASSED] - selectOptionByLabel(findTestObject(orPath_Landing + "/dd_TaxType"), Taxtype, false): All options with label 'Existing Liability w/Notice Number' are selected in object 'Object Repository/RAD_Pages/Landing_Page/dd_TaxType' 

2024-01-13 22:54:20 - [MESSAGE][PASSED] - All options with label 'Existing Liability w/Notice Number' are selected in object 'Object Repository/RAD_Pages/Landing_Page/dd_TaxType' 

2024-01-13 22:54:20 - [TEST_STEP][PASSED] - delay(1): Delayed 1 second(s)

2024-01-13 22:54:21 - [MESSAGE][PASSED] - Delayed 1 second(s)

2024-01-13 22:54:21 - [TEST_STEP][PASSED] - selectOptionByLabel(findTestObject(orPath_TaxTypeFilingYear + "/select_TaxType_ExistingLiability"), TaxTypeEL, false): All options with label 'Motor Fuel Tax' are selected in object 'Object Repository/RAD_Pages/TaxTypeFilingYear_Page/select_TaxType_ExistingLiability' 

2024-01-13 22:54:22 - [MESSAGE][PASSED] - All options with label 'Motor Fuel Tax' are selected in object 'Object Repository/RAD_Pages/TaxTypeFilingYear_Page/select_TaxType_ExistingLiability' 

2024-01-13 22:54:22 - [TEST_STEP][PASSED] - setText(findTestObject(orPath_TaxInfo + "/input_NoticeInvoiceNumber"), notInvNumber): Text '123456789' is set on object 'Object Repository/RAD_Pages/TaxInfo_Page/input_NoticeInvoiceNumber'

2024-01-13 22:54:23 - [MESSAGE][PASSED] - Text '123456789' is set on object 'Object Repository/RAD_Pages/TaxInfo_Page/input_NoticeInvoiceNumber'

2024-01-13 22:54:23 - [TEST_STEP][PASSED] - setText(findTestObject(orPath_TaxInfo + "/input_reTypeNoticeInvoiceNumber"), notInvNumber): Text '123456789' is set on object 'Object Repository/RAD_Pages/TaxInfo_Page/input_reTypeNoticeInvoiceNumber'

2024-01-13 22:54:24 - [MESSAGE][PASSED] - Text '123456789' is set on object 'Object Repository/RAD_Pages/TaxInfo_Page/input_reTypeNoticeInvoiceNumber'

2024-01-13 22:54:24 - [TEST_STEP][PASSED] - println(notInvNumber): null

2024-01-13 22:54:24 - [TEST_STEP][PASSED] - if (verifyTextPresent(errorMsg, true)): null

2024-01-13 22:54:24 - [MESSAGE][PASSED] - Text 'Notice Number must be 13 digits in length, with a value greater than zero' is present on page  using regular expression

2024-01-13 22:54:24 - [TEST_STEP][PASSED] - println("Error Message is present on the page"): null

2024-01-13 22:54:24 - [TEST_STEP][PASSED] - out.println("Pass Record Number: " + row): null

2024-01-13 22:54:24 - [TEST_STEP][PASSED] - resText = "Pass": null

2024-01-13 22:54:24 - [TEST_STEP][PASSED] - pages.WriteExcel.demoKey(resText, datText, resColumn, datCloumn, fileLoc, nameSheet, row): pages.WriteExcel.demoKey is PASSED

2024-01-13 22:54:24 - [MESSAGE][PASSED] - pages.WriteExcel.demoKey is PASSED

2024-01-13 22:54:24 - [TEST_STEP][PASSED] - ExecuteTC = findTestData(dataFile).getValue("Execute", row): null

2024-01-13 22:54:24 - [TEST_STEP][PASSED] - Taxtype = findTestData(dataFile).getValue("TaxType", row): null

2024-01-13 22:54:24 - [TEST_STEP][PASSED] - TaxTypeEL = findTestData(dataFile).getValue("TaxTypeEL", row): null

2024-01-13 22:54:24 - [TEST_STEP][PASSED] - notInvNumber = findTestData(dataFile).getValue("NotiInvoNumber", row): null

2024-01-13 22:54:24 - [TEST_STEP][PASSED] - errorMsg = findTestData(dataFile).getValue("ErrorMessage", row): null

2024-01-13 22:54:25 - [TEST_STEP][PASSED] - out.println("Value of Execute is : " + ExecuteTC): null

2024-01-13 22:54:25 - [TEST_STEP][PASSED] - if (ExecuteTC.equalsIgnoreCase("Y")): null

2024-01-13 22:54:25 - [TEST_STEP][PASSED] - out.println("Begin Record Number: " + row): null

2024-01-13 22:54:25 - [TEST_STEP][PASSED] - today = new java.util.Date(): null

2024-01-13 22:54:25 - [TEST_STEP][PASSED] - println(today): null

2024-01-13 22:54:25 - [TEST_STEP][PASSED] - datText = today: null

2024-01-13 22:54:25 - [TEST_STEP][PASSED] - Taxtype = findTestData(dataFile).getValue("TaxType", row): null

2024-01-13 22:54:25 - [TEST_STEP][PASSED] - out.println("Taxtype value is : " + Taxtype): null

2024-01-13 22:54:25 - [TEST_STEP][PASSED] - openBrowser(""): Browser is opened with url: ''

2024-01-13 22:54:25 - [MESSAGE][WARNING] - A browser is already opened. Closing browser and opening a new one

2024-01-13 22:54:26 - [MESSAGE][INFO] - Starting 'Chrome' driver

2024-01-13 22:54:26 - [MESSAGE][INFO] - User set preference: ['acceptInsecureCerts', 'true']

2024-01-13 22:54:26 - [MESSAGE][INFO] - Action delay is set to 0 milliseconds

2024-01-13 22:54:27 - [MESSAGE][PASSED] - Browser is opened with url: ''

2024-01-13 22:54:27 - [TEST_STEP][PASSED] - maximizeWindow(): Current window maximized

2024-01-13 22:54:27 - [MESSAGE][PASSED] - Current window maximized

2024-01-13 22:54:27 - [TEST_STEP][PASSED] - navigateToUrl(RADurl): Navigate to 'https://qa2.velocitypayment.com/client/rad/index.html' successfully

2024-01-13 22:54:29 - [MESSAGE][PASSED] - Navigate to 'https://qa2.velocitypayment.com/client/rad/index.html' successfully

2024-01-13 22:54:29 - [TEST_STEP][PASSED] - orPath_Landing = "Object Repository/RAD_Pages/Landing_Page": null

2024-01-13 22:54:29 - [TEST_STEP][PASSED] - orPath_TaxTypeFilingYear = "Object Repository/RAD_Pages/TaxTypeFilingYear_Page": null

2024-01-13 22:54:29 - [TEST_STEP][PASSED] - orPath_TaxPayer = "Object Repository/RAD_Pages/Taxpayer_Page": null

2024-01-13 22:54:29 - [TEST_STEP][PASSED] - orPath_AddressContact = "Object Repository/RAD_Pages/AddressAndContactInfo_Page": null

2024-01-13 22:54:29 - [TEST_STEP][PASSED] - orPath_FilingStatus = "Object Repository/RAD_Pages/FilingStatus_Page": null

2024-01-13 22:54:29 - [TEST_STEP][PASSED] - orPath_Amount = "Object Repository/RAD_Pages/PaymentAmount_Page": null

2024-01-13 22:54:29 - [TEST_STEP][PASSED] - orPath_TaxInfo = "Object Repository/RAD_Pages/TaxInfo_Page": null

2024-01-13 22:54:29 - [TEST_STEP][PASSED] - orPath_Withholding = "Object Repository/RAD_Pages/Withholding_Page": null

2024-01-13 22:54:29 - [TEST_STEP][PASSED] - orPath_Summary = "Object Repository/RAD_Pages/Summary_Page": null

2024-01-13 22:54:29 - [TEST_STEP][PASSED] - orPath_PaymentReady = "Object Repository/RAD_Pages/PaymentReady_Page": null

2024-01-13 22:54:29 - [TEST_STEP][PASSED] - orPath_PaymentEntry = "Object Repository/RAD_Pages/PaymentEntry_Page": null

2024-01-13 22:54:29 - [TEST_STEP][PASSED] - orPath_PaymentConfirmation = "Object Repository/RAD_Pages/PaymentConfirmation_Page": null

2024-01-13 22:54:29 - [TEST_STEP][PASSED] - orPath_ServiceFeesAccept = "Object Repository/RAD_Pages/ServiceFeeAccept_Page": null

2024-01-13 22:54:29 - [TEST_STEP][PASSED] - selectOptionByLabel(findTestObject(orPath_Landing + "/dd_TaxType"), Taxtype, false): All options with label 'Existing Liability w/Notice Number' are selected in object 'Object Repository/RAD_Pages/Landing_Page/dd_TaxType' 

2024-01-13 22:54:29 - [MESSAGE][PASSED] - All options with label 'Existing Liability w/Notice Number' are selected in object 'Object Repository/RAD_Pages/Landing_Page/dd_TaxType' 

2024-01-13 22:54:29 - [TEST_STEP][PASSED] - delay(1): Delayed 1 second(s)

2024-01-13 22:54:30 - [MESSAGE][PASSED] - Delayed 1 second(s)

2024-01-13 22:54:30 - [TEST_STEP][PASSED] - selectOptionByLabel(findTestObject(orPath_TaxTypeFilingYear + "/select_TaxType_ExistingLiability"), TaxTypeEL, false): All options with label 'Slots License Fee' are selected in object 'Object Repository/RAD_Pages/TaxTypeFilingYear_Page/select_TaxType_ExistingLiability' 

2024-01-13 22:54:31 - [MESSAGE][PASSED] - All options with label 'Slots License Fee' are selected in object 'Object Repository/RAD_Pages/TaxTypeFilingYear_Page/select_TaxType_ExistingLiability' 

2024-01-13 22:54:31 - [TEST_STEP][PASSED] - setText(findTestObject(orPath_TaxInfo + "/input_NoticeInvoiceNumber"), notInvNumber): Text '123456789' is set on object 'Object Repository/RAD_Pages/TaxInfo_Page/input_NoticeInvoiceNumber'

2024-01-13 22:54:32 - [MESSAGE][PASSED] - Text '123456789' is set on object 'Object Repository/RAD_Pages/TaxInfo_Page/input_NoticeInvoiceNumber'

2024-01-13 22:54:32 - [TEST_STEP][PASSED] - setText(findTestObject(orPath_TaxInfo + "/input_reTypeNoticeInvoiceNumber"), notInvNumber): Text '123456789' is set on object 'Object Repository/RAD_Pages/TaxInfo_Page/input_reTypeNoticeInvoiceNumber'

2024-01-13 22:54:33 - [MESSAGE][PASSED] - Text '123456789' is set on object 'Object Repository/RAD_Pages/TaxInfo_Page/input_reTypeNoticeInvoiceNumber'

2024-01-13 22:54:33 - [TEST_STEP][PASSED] - println(notInvNumber): null

2024-01-13 22:54:33 - [TEST_STEP][PASSED] - if (verifyTextPresent(errorMsg, true)): null

2024-01-13 22:54:33 - [MESSAGE][PASSED] - Text 'Notice Number must be 13 digits in length, with a value greater than zero' is present on page  using regular expression

2024-01-13 22:54:33 - [TEST_STEP][PASSED] - println("Error Message is present on the page"): null

2024-01-13 22:54:33 - [TEST_STEP][PASSED] - out.println("Pass Record Number: " + row): null

2024-01-13 22:54:33 - [TEST_STEP][PASSED] - resText = "Pass": null

2024-01-13 22:54:33 - [TEST_STEP][PASSED] - pages.WriteExcel.demoKey(resText, datText, resColumn, datCloumn, fileLoc, nameSheet, row): pages.WriteExcel.demoKey is PASSED

2024-01-13 22:54:34 - [MESSAGE][PASSED] - pages.WriteExcel.demoKey is PASSED

2024-01-13 22:54:34 - [TEST_STEP][PASSED] - ExecuteTC = findTestData(dataFile).getValue("Execute", row): null

2024-01-13 22:54:34 - [TEST_STEP][PASSED] - Taxtype = findTestData(dataFile).getValue("TaxType", row): null

2024-01-13 22:54:34 - [TEST_STEP][PASSED] - TaxTypeEL = findTestData(dataFile).getValue("TaxTypeEL", row): null

2024-01-13 22:54:34 - [TEST_STEP][PASSED] - notInvNumber = findTestData(dataFile).getValue("NotiInvoNumber", row): null

2024-01-13 22:54:34 - [TEST_STEP][PASSED] - errorMsg = findTestData(dataFile).getValue("ErrorMessage", row): null

2024-01-13 22:54:34 - [TEST_STEP][PASSED] - out.println("Value of Execute is : " + ExecuteTC): null

2024-01-13 22:54:34 - [TEST_STEP][PASSED] - if (ExecuteTC.equalsIgnoreCase("Y")): null

2024-01-13 22:54:34 - [TEST_STEP][PASSED] - out.println("Begin Record Number: " + row): null

2024-01-13 22:54:34 - [TEST_STEP][PASSED] - today = new java.util.Date(): null

2024-01-13 22:54:34 - [TEST_STEP][PASSED] - println(today): null

2024-01-13 22:54:34 - [TEST_STEP][PASSED] - datText = today: null

2024-01-13 22:54:34 - [TEST_STEP][PASSED] - Taxtype = findTestData(dataFile).getValue("TaxType", row): null

2024-01-13 22:54:34 - [TEST_STEP][PASSED] - out.println("Taxtype value is : " + Taxtype): null

2024-01-13 22:54:34 - [TEST_STEP][PASSED] - openBrowser(""): Browser is opened with url: ''

2024-01-13 22:54:34 - [MESSAGE][WARNING] - A browser is already opened. Closing browser and opening a new one

2024-01-13 22:54:35 - [MESSAGE][INFO] - Starting 'Chrome' driver

2024-01-13 22:54:35 - [MESSAGE][INFO] - User set preference: ['acceptInsecureCerts', 'true']

2024-01-13 22:54:35 - [MESSAGE][INFO] - Action delay is set to 0 milliseconds

2024-01-13 22:54:36 - [MESSAGE][PASSED] - Browser is opened with url: ''

2024-01-13 22:54:36 - [TEST_STEP][PASSED] - maximizeWindow(): Current window maximized

2024-01-13 22:54:36 - [MESSAGE][PASSED] - Current window maximized

2024-01-13 22:54:36 - [TEST_STEP][PASSED] - navigateToUrl(RADurl): Navigate to 'https://qa2.velocitypayment.com/client/rad/index.html' successfully

2024-01-13 22:54:38 - [MESSAGE][PASSED] - Navigate to 'https://qa2.velocitypayment.com/client/rad/index.html' successfully

2024-01-13 22:54:38 - [TEST_STEP][PASSED] - orPath_Landing = "Object Repository/RAD_Pages/Landing_Page": null

2024-01-13 22:54:38 - [TEST_STEP][PASSED] - orPath_TaxTypeFilingYear = "Object Repository/RAD_Pages/TaxTypeFilingYear_Page": null

2024-01-13 22:54:38 - [TEST_STEP][PASSED] - orPath_TaxPayer = "Object Repository/RAD_Pages/Taxpayer_Page": null

2024-01-13 22:54:38 - [TEST_STEP][PASSED] - orPath_AddressContact = "Object Repository/RAD_Pages/AddressAndContactInfo_Page": null

2024-01-13 22:54:38 - [TEST_STEP][PASSED] - orPath_FilingStatus = "Object Repository/RAD_Pages/FilingStatus_Page": null

2024-01-13 22:54:38 - [TEST_STEP][PASSED] - orPath_Amount = "Object Repository/RAD_Pages/PaymentAmount_Page": null

2024-01-13 22:54:38 - [TEST_STEP][PASSED] - orPath_TaxInfo = "Object Repository/RAD_Pages/TaxInfo_Page": null

2024-01-13 22:54:38 - [TEST_STEP][PASSED] - orPath_Withholding = "Object Repository/RAD_Pages/Withholding_Page": null

2024-01-13 22:54:38 - [TEST_STEP][PASSED] - orPath_Summary = "Object Repository/RAD_Pages/Summary_Page": null

2024-01-13 22:54:38 - [TEST_STEP][PASSED] - orPath_PaymentReady = "Object Repository/RAD_Pages/PaymentReady_Page": null

2024-01-13 22:54:38 - [TEST_STEP][PASSED] - orPath_PaymentEntry = "Object Repository/RAD_Pages/PaymentEntry_Page": null

2024-01-13 22:54:38 - [TEST_STEP][PASSED] - orPath_PaymentConfirmation = "Object Repository/RAD_Pages/PaymentConfirmation_Page": null

2024-01-13 22:54:38 - [TEST_STEP][PASSED] - orPath_ServiceFeesAccept = "Object Repository/RAD_Pages/ServiceFeeAccept_Page": null

2024-01-13 22:54:38 - [TEST_STEP][PASSED] - selectOptionByLabel(findTestObject(orPath_Landing + "/dd_TaxType"), Taxtype, false): All options with label 'Existing Liability w/Notice Number' are selected in object 'Object Repository/RAD_Pages/Landing_Page/dd_TaxType' 

2024-01-13 22:54:38 - [MESSAGE][PASSED] - All options with label 'Existing Liability w/Notice Number' are selected in object 'Object Repository/RAD_Pages/Landing_Page/dd_TaxType' 

2024-01-13 22:54:38 - [TEST_STEP][PASSED] - delay(1): Delayed 1 second(s)

2024-01-13 22:54:39 - [MESSAGE][PASSED] - Delayed 1 second(s)

2024-01-13 22:54:39 - [TEST_STEP][PASSED] - selectOptionByLabel(findTestObject(orPath_TaxTypeFilingYear + "/select_TaxType_ExistingLiability"), TaxTypeEL, false): All options with label 'Tobacco Tax' are selected in object 'Object Repository/RAD_Pages/TaxTypeFilingYear_Page/select_TaxType_ExistingLiability' 

2024-01-13 22:54:40 - [MESSAGE][PASSED] - All options with label 'Tobacco Tax' are selected in object 'Object Repository/RAD_Pages/TaxTypeFilingYear_Page/select_TaxType_ExistingLiability' 

2024-01-13 22:54:40 - [TEST_STEP][PASSED] - setText(findTestObject(orPath_TaxInfo + "/input_NoticeInvoiceNumber"), notInvNumber): Text '123456789' is set on object 'Object Repository/RAD_Pages/TaxInfo_Page/input_NoticeInvoiceNumber'

2024-01-13 22:54:41 - [MESSAGE][PASSED] - Text '123456789' is set on object 'Object Repository/RAD_Pages/TaxInfo_Page/input_NoticeInvoiceNumber'

2024-01-13 22:54:41 - [TEST_STEP][PASSED] - setText(findTestObject(orPath_TaxInfo + "/input_reTypeNoticeInvoiceNumber"), notInvNumber): Text '123456789' is set on object 'Object Repository/RAD_Pages/TaxInfo_Page/input_reTypeNoticeInvoiceNumber'

2024-01-13 22:54:42 - [MESSAGE][PASSED] - Text '123456789' is set on object 'Object Repository/RAD_Pages/TaxInfo_Page/input_reTypeNoticeInvoiceNumber'

2024-01-13 22:54:42 - [TEST_STEP][PASSED] - println(notInvNumber): null

2024-01-13 22:54:42 - [TEST_STEP][PASSED] - if (verifyTextPresent(errorMsg, true)): null

2024-01-13 22:54:42 - [MESSAGE][PASSED] - Text 'Notice Number must be 13 digits in length, with a value greater than zero' is present on page  using regular expression

2024-01-13 22:54:42 - [TEST_STEP][PASSED] - println("Error Message is present on the page"): null

2024-01-13 22:54:42 - [TEST_STEP][PASSED] - out.println("Pass Record Number: " + row): null

2024-01-13 22:54:42 - [TEST_STEP][PASSED] - resText = "Pass": null

2024-01-13 22:54:42 - [TEST_STEP][PASSED] - pages.WriteExcel.demoKey(resText, datText, resColumn, datCloumn, fileLoc, nameSheet, row): pages.WriteExcel.demoKey is PASSED

2024-01-13 22:54:42 - [MESSAGE][PASSED] - pages.WriteExcel.demoKey is PASSED

2024-01-13 22:54:42 - [TEST_STEP][PASSED] - ExecuteTC = findTestData(dataFile).getValue("Execute", row): null

2024-01-13 22:54:43 - [TEST_STEP][PASSED] - Taxtype = findTestData(dataFile).getValue("TaxType", row): null

2024-01-13 22:54:43 - [TEST_STEP][PASSED] - TaxTypeEL = findTestData(dataFile).getValue("TaxTypeEL", row): null

2024-01-13 22:54:43 - [TEST_STEP][PASSED] - notInvNumber = findTestData(dataFile).getValue("NotiInvoNumber", row): null

2024-01-13 22:54:43 - [TEST_STEP][PASSED] - errorMsg = findTestData(dataFile).getValue("ErrorMessage", row): null

2024-01-13 22:54:43 - [TEST_STEP][PASSED] - out.println("Value of Execute is : " + ExecuteTC): null

2024-01-13 22:54:43 - [TEST_STEP][PASSED] - if (ExecuteTC.equalsIgnoreCase("Y")): null

2024-01-13 22:54:43 - [TEST_STEP][PASSED] - out.println("Begin Record Number: " + row): null

2024-01-13 22:54:43 - [TEST_STEP][PASSED] - today = new java.util.Date(): null

2024-01-13 22:54:43 - [TEST_STEP][PASSED] - println(today): null

2024-01-13 22:54:43 - [TEST_STEP][PASSED] - datText = today: null

2024-01-13 22:54:43 - [TEST_STEP][PASSED] - Taxtype = findTestData(dataFile).getValue("TaxType", row): null

2024-01-13 22:54:43 - [TEST_STEP][PASSED] - out.println("Taxtype value is : " + Taxtype): null

2024-01-13 22:54:43 - [TEST_STEP][PASSED] - openBrowser(""): Browser is opened with url: ''

2024-01-13 22:54:43 - [MESSAGE][WARNING] - A browser is already opened. Closing browser and opening a new one

2024-01-13 22:54:44 - [MESSAGE][INFO] - Starting 'Chrome' driver

2024-01-13 22:54:44 - [MESSAGE][INFO] - User set preference: ['acceptInsecureCerts', 'true']

2024-01-13 22:54:44 - [MESSAGE][INFO] - Action delay is set to 0 milliseconds

2024-01-13 22:54:45 - [MESSAGE][PASSED] - Browser is opened with url: ''

2024-01-13 22:54:45 - [TEST_STEP][PASSED] - maximizeWindow(): Current window maximized

2024-01-13 22:54:45 - [MESSAGE][PASSED] - Current window maximized

2024-01-13 22:54:45 - [TEST_STEP][PASSED] - navigateToUrl(RADurl): Navigate to 'https://qa2.velocitypayment.com/client/rad/index.html' successfully

2024-01-13 22:54:45 - [MESSAGE][PASSED] - Navigate to 'https://qa2.velocitypayment.com/client/rad/index.html' successfully

2024-01-13 22:54:45 - [TEST_STEP][PASSED] - orPath_Landing = "Object Repository/RAD_Pages/Landing_Page": null

2024-01-13 22:54:45 - [TEST_STEP][PASSED] - orPath_TaxTypeFilingYear = "Object Repository/RAD_Pages/TaxTypeFilingYear_Page": null

2024-01-13 22:54:45 - [TEST_STEP][PASSED] - orPath_TaxPayer = "Object Repository/RAD_Pages/Taxpayer_Page": null

2024-01-13 22:54:45 - [TEST_STEP][PASSED] - orPath_AddressContact = "Object Repository/RAD_Pages/AddressAndContactInfo_Page": null

2024-01-13 22:54:45 - [TEST_STEP][PASSED] - orPath_FilingStatus = "Object Repository/RAD_Pages/FilingStatus_Page": null

2024-01-13 22:54:45 - [TEST_STEP][PASSED] - orPath_Amount = "Object Repository/RAD_Pages/PaymentAmount_Page": null

2024-01-13 22:54:45 - [TEST_STEP][PASSED] - orPath_TaxInfo = "Object Repository/RAD_Pages/TaxInfo_Page": null

2024-01-13 22:54:45 - [TEST_STEP][PASSED] - orPath_Withholding = "Object Repository/RAD_Pages/Withholding_Page": null

2024-01-13 22:54:45 - [TEST_STEP][PASSED] - orPath_Summary = "Object Repository/RAD_Pages/Summary_Page": null

2024-01-13 22:54:45 - [TEST_STEP][PASSED] - orPath_PaymentReady = "Object Repository/RAD_Pages/PaymentReady_Page": null

2024-01-13 22:54:45 - [TEST_STEP][PASSED] - orPath_PaymentEntry = "Object Repository/RAD_Pages/PaymentEntry_Page": null

2024-01-13 22:54:45 - [TEST_STEP][PASSED] - orPath_PaymentConfirmation = "Object Repository/RAD_Pages/PaymentConfirmation_Page": null

2024-01-13 22:54:45 - [TEST_STEP][PASSED] - orPath_ServiceFeesAccept = "Object Repository/RAD_Pages/ServiceFeeAccept_Page": null

2024-01-13 22:54:45 - [TEST_STEP][PASSED] - selectOptionByLabel(findTestObject(orPath_Landing + "/dd_TaxType"), Taxtype, false): All options with label 'Existing Liability w/Notice Number' are selected in object 'Object Repository/RAD_Pages/Landing_Page/dd_TaxType' 

2024-01-13 22:54:47 - [MESSAGE][PASSED] - All options with label 'Existing Liability w/Notice Number' are selected in object 'Object Repository/RAD_Pages/Landing_Page/dd_TaxType' 

2024-01-13 22:54:47 - [TEST_STEP][PASSED] - delay(1): Delayed 1 second(s)

2024-01-13 22:54:48 - [MESSAGE][PASSED] - Delayed 1 second(s)

2024-01-13 22:54:48 - [TEST_STEP][PASSED] - selectOptionByLabel(findTestObject(orPath_TaxTypeFilingYear + "/select_TaxType_ExistingLiability"), TaxTypeEL, false): All options with label 'Transportation Network Services' are selected in object 'Object Repository/RAD_Pages/TaxTypeFilingYear_Page/select_TaxType_ExistingLiability' 

2024-01-13 22:54:49 - [MESSAGE][PASSED] - All options with label 'Transportation Network Services' are selected in object 'Object Repository/RAD_Pages/TaxTypeFilingYear_Page/select_TaxType_ExistingLiability' 

2024-01-13 22:54:49 - [TEST_STEP][PASSED] - setText(findTestObject(orPath_TaxInfo + "/input_NoticeInvoiceNumber"), notInvNumber): Text '123456789' is set on object 'Object Repository/RAD_Pages/TaxInfo_Page/input_NoticeInvoiceNumber'

2024-01-13 22:54:50 - [MESSAGE][PASSED] - Text '123456789' is set on object 'Object Repository/RAD_Pages/TaxInfo_Page/input_NoticeInvoiceNumber'

2024-01-13 22:54:50 - [TEST_STEP][PASSED] - setText(findTestObject(orPath_TaxInfo + "/input_reTypeNoticeInvoiceNumber"), notInvNumber): Text '123456789' is set on object 'Object Repository/RAD_Pages/TaxInfo_Page/input_reTypeNoticeInvoiceNumber'

2024-01-13 22:54:51 - [MESSAGE][PASSED] - Text '123456789' is set on object 'Object Repository/RAD_Pages/TaxInfo_Page/input_reTypeNoticeInvoiceNumber'

2024-01-13 22:54:51 - [TEST_STEP][PASSED] - println(notInvNumber): null

2024-01-13 22:54:51 - [TEST_STEP][PASSED] - if (verifyTextPresent(errorMsg, true)): null

2024-01-13 22:54:51 - [MESSAGE][PASSED] - Text 'Notice Number must be 13 digits in length, with a value greater than zero' is present on page  using regular expression

2024-01-13 22:54:51 - [TEST_STEP][PASSED] - println("Error Message is present on the page"): null

2024-01-13 22:54:51 - [TEST_STEP][PASSED] - out.println("Pass Record Number: " + row): null

2024-01-13 22:54:51 - [TEST_STEP][PASSED] - resText = "Pass": null

2024-01-13 22:54:51 - [TEST_STEP][PASSED] - pages.WriteExcel.demoKey(resText, datText, resColumn, datCloumn, fileLoc, nameSheet, row): pages.WriteExcel.demoKey is PASSED

2024-01-13 22:54:51 - [MESSAGE][PASSED] - pages.WriteExcel.demoKey is PASSED

2024-01-13 22:54:51 - [TEST_STEP][PASSED] - ExecuteTC = findTestData(dataFile).getValue("Execute", row): null

2024-01-13 22:54:51 - [TEST_STEP][PASSED] - Taxtype = findTestData(dataFile).getValue("TaxType", row): null

2024-01-13 22:54:51 - [TEST_STEP][PASSED] - TaxTypeEL = findTestData(dataFile).getValue("TaxTypeEL", row): null

2024-01-13 22:54:51 - [TEST_STEP][PASSED] - notInvNumber = findTestData(dataFile).getValue("NotiInvoNumber", row): null

2024-01-13 22:54:51 - [TEST_STEP][PASSED] - errorMsg = findTestData(dataFile).getValue("ErrorMessage", row): null

2024-01-13 22:54:51 - [TEST_STEP][PASSED] - out.println("Value of Execute is : " + ExecuteTC): null

2024-01-13 22:54:51 - [TEST_STEP][PASSED] - if (ExecuteTC.equalsIgnoreCase("Y")): null

2024-01-13 22:54:51 - [TEST_STEP][PASSED] - out.println("Begin Record Number: " + row): null

2024-01-13 22:54:51 - [TEST_STEP][PASSED] - today = new java.util.Date(): null

2024-01-13 22:54:51 - [TEST_STEP][PASSED] - println(today): null

2024-01-13 22:54:51 - [TEST_STEP][PASSED] - datText = today: null

2024-01-13 22:54:51 - [TEST_STEP][PASSED] - Taxtype = findTestData(dataFile).getValue("TaxType", row): null

2024-01-13 22:54:52 - [TEST_STEP][PASSED] - out.println("Taxtype value is : " + Taxtype): null

2024-01-13 22:54:52 - [TEST_STEP][PASSED] - openBrowser(""): Browser is opened with url: ''

2024-01-13 22:54:52 - [MESSAGE][WARNING] - A browser is already opened. Closing browser and opening a new one

2024-01-13 22:54:53 - [MESSAGE][INFO] - Starting 'Chrome' driver

2024-01-13 22:54:53 - [MESSAGE][INFO] - User set preference: ['acceptInsecureCerts', 'true']

2024-01-13 22:54:53 - [MESSAGE][INFO] - Action delay is set to 0 milliseconds

2024-01-13 22:54:54 - [MESSAGE][PASSED] - Browser is opened with url: ''

2024-01-13 22:54:54 - [TEST_STEP][PASSED] - maximizeWindow(): Current window maximized

2024-01-13 22:54:54 - [MESSAGE][PASSED] - Current window maximized

2024-01-13 22:54:54 - [TEST_STEP][PASSED] - navigateToUrl(RADurl): Navigate to 'https://qa2.velocitypayment.com/client/rad/index.html' successfully

2024-01-13 22:54:56 - [MESSAGE][PASSED] - Navigate to 'https://qa2.velocitypayment.com/client/rad/index.html' successfully

2024-01-13 22:54:56 - [TEST_STEP][PASSED] - orPath_Landing = "Object Repository/RAD_Pages/Landing_Page": null

2024-01-13 22:54:56 - [TEST_STEP][PASSED] - orPath_TaxTypeFilingYear = "Object Repository/RAD_Pages/TaxTypeFilingYear_Page": null

2024-01-13 22:54:56 - [TEST_STEP][PASSED] - orPath_TaxPayer = "Object Repository/RAD_Pages/Taxpayer_Page": null

2024-01-13 22:54:56 - [TEST_STEP][PASSED] - orPath_AddressContact = "Object Repository/RAD_Pages/AddressAndContactInfo_Page": null

2024-01-13 22:54:56 - [TEST_STEP][PASSED] - orPath_FilingStatus = "Object Repository/RAD_Pages/FilingStatus_Page": null

2024-01-13 22:54:56 - [TEST_STEP][PASSED] - orPath_Amount = "Object Repository/RAD_Pages/PaymentAmount_Page": null

2024-01-13 22:54:56 - [TEST_STEP][PASSED] - orPath_TaxInfo = "Object Repository/RAD_Pages/TaxInfo_Page": null

2024-01-13 22:54:56 - [TEST_STEP][PASSED] - orPath_Withholding = "Object Repository/RAD_Pages/Withholding_Page": null

2024-01-13 22:54:56 - [TEST_STEP][PASSED] - orPath_Summary = "Object Repository/RAD_Pages/Summary_Page": null

2024-01-13 22:54:56 - [TEST_STEP][PASSED] - orPath_PaymentReady = "Object Repository/RAD_Pages/PaymentReady_Page": null

2024-01-13 22:54:56 - [TEST_STEP][PASSED] - orPath_PaymentEntry = "Object Repository/RAD_Pages/PaymentEntry_Page": null

2024-01-13 22:54:56 - [TEST_STEP][PASSED] - orPath_PaymentConfirmation = "Object Repository/RAD_Pages/PaymentConfirmation_Page": null

2024-01-13 22:54:56 - [TEST_STEP][PASSED] - orPath_ServiceFeesAccept = "Object Repository/RAD_Pages/ServiceFeeAccept_Page": null

2024-01-13 22:54:56 - [TEST_STEP][PASSED] - selectOptionByLabel(findTestObject(orPath_Landing + "/dd_TaxType"), Taxtype, false): All options with label 'Existing Liability w/Notice Number' are selected in object 'Object Repository/RAD_Pages/Landing_Page/dd_TaxType' 

2024-01-13 22:54:56 - [MESSAGE][PASSED] - All options with label 'Existing Liability w/Notice Number' are selected in object 'Object Repository/RAD_Pages/Landing_Page/dd_TaxType' 

2024-01-13 22:54:56 - [TEST_STEP][PASSED] - delay(1): Delayed 1 second(s)

2024-01-13 22:54:57 - [MESSAGE][PASSED] - Delayed 1 second(s)

2024-01-13 22:54:57 - [TEST_STEP][PASSED] - selectOptionByLabel(findTestObject(orPath_TaxTypeFilingYear + "/select_TaxType_ExistingLiability"), TaxTypeEL, false): All options with label 'Unclaimed Property' are selected in object 'Object Repository/RAD_Pages/TaxTypeFilingYear_Page/select_TaxType_ExistingLiability' 

2024-01-13 22:54:58 - [MESSAGE][PASSED] - All options with label 'Unclaimed Property' are selected in object 'Object Repository/RAD_Pages/TaxTypeFilingYear_Page/select_TaxType_ExistingLiability' 

2024-01-13 22:54:58 - [TEST_STEP][PASSED] - setText(findTestObject(orPath_TaxInfo + "/input_NoticeInvoiceNumber"), notInvNumber): Text '123456789' is set on object 'Object Repository/RAD_Pages/TaxInfo_Page/input_NoticeInvoiceNumber'

2024-01-13 22:54:59 - [MESSAGE][PASSED] - Text '123456789' is set on object 'Object Repository/RAD_Pages/TaxInfo_Page/input_NoticeInvoiceNumber'

2024-01-13 22:54:59 - [TEST_STEP][PASSED] - setText(findTestObject(orPath_TaxInfo + "/input_reTypeNoticeInvoiceNumber"), notInvNumber): Text '123456789' is set on object 'Object Repository/RAD_Pages/TaxInfo_Page/input_reTypeNoticeInvoiceNumber'

2024-01-13 22:55:00 - [MESSAGE][PASSED] - Text '123456789' is set on object 'Object Repository/RAD_Pages/TaxInfo_Page/input_reTypeNoticeInvoiceNumber'

2024-01-13 22:55:00 - [TEST_STEP][PASSED] - println(notInvNumber): null

2024-01-13 22:55:00 - [TEST_STEP][PASSED] - if (verifyTextPresent(errorMsg, true)): null

2024-01-13 22:55:01 - [MESSAGE][PASSED] - Text 'Notice Number must be 13 digits in length, with a value greater than zero' is present on page  using regular expression

2024-01-13 22:55:01 - [TEST_STEP][PASSED] - println("Error Message is present on the page"): null

2024-01-13 22:55:01 - [TEST_STEP][PASSED] - out.println("Pass Record Number: " + row): null

2024-01-13 22:55:01 - [TEST_STEP][PASSED] - resText = "Pass": null

2024-01-13 22:55:01 - [TEST_STEP][PASSED] - pages.WriteExcel.demoKey(resText, datText, resColumn, datCloumn, fileLoc, nameSheet, row): pages.WriteExcel.demoKey is PASSED

2024-01-13 22:55:01 - [MESSAGE][PASSED] - pages.WriteExcel.demoKey is PASSED

2024-01-13 22:55:01 - [TEST_STEP][PASSED] - ExecuteTC = findTestData(dataFile).getValue("Execute", row): null

2024-01-13 22:55:01 - [TEST_STEP][PASSED] - Taxtype = findTestData(dataFile).getValue("TaxType", row): null

2024-01-13 22:55:01 - [TEST_STEP][PASSED] - TaxTypeEL = findTestData(dataFile).getValue("TaxTypeEL", row): null

2024-01-13 22:55:01 - [TEST_STEP][PASSED] - notInvNumber = findTestData(dataFile).getValue("NotiInvoNumber", row): null

2024-01-13 22:55:01 - [TEST_STEP][PASSED] - errorMsg = findTestData(dataFile).getValue("ErrorMessage", row): null

2024-01-13 22:55:01 - [TEST_STEP][PASSED] - out.println("Value of Execute is : " + ExecuteTC): null

2024-01-13 22:55:01 - [TEST_STEP][PASSED] - if (ExecuteTC.equalsIgnoreCase("Y")): null

2024-01-13 22:55:01 - [TEST_STEP][PASSED] - out.println("Begin Record Number: " + row): null

2024-01-13 22:55:01 - [TEST_STEP][PASSED] - today = new java.util.Date(): null

2024-01-13 22:55:01 - [TEST_STEP][PASSED] - println(today): null

2024-01-13 22:55:01 - [TEST_STEP][PASSED] - datText = today: null

2024-01-13 22:55:01 - [TEST_STEP][PASSED] - Taxtype = findTestData(dataFile).getValue("TaxType", row): null

2024-01-13 22:55:01 - [TEST_STEP][PASSED] - out.println("Taxtype value is : " + Taxtype): null

2024-01-13 22:55:01 - [TEST_STEP][PASSED] - openBrowser(""): Browser is opened with url: ''

2024-01-13 22:55:01 - [MESSAGE][WARNING] - A browser is already opened. Closing browser and opening a new one

2024-01-13 22:55:02 - [MESSAGE][INFO] - Starting 'Chrome' driver

2024-01-13 22:55:02 - [MESSAGE][INFO] - User set preference: ['acceptInsecureCerts', 'true']

2024-01-13 22:55:02 - [MESSAGE][INFO] - Action delay is set to 0 milliseconds

2024-01-13 22:55:03 - [MESSAGE][PASSED] - Browser is opened with url: ''

2024-01-13 22:55:03 - [TEST_STEP][PASSED] - maximizeWindow(): Current window maximized

2024-01-13 22:55:03 - [MESSAGE][PASSED] - Current window maximized

2024-01-13 22:55:03 - [TEST_STEP][PASSED] - navigateToUrl(RADurl): Navigate to 'https://qa2.velocitypayment.com/client/rad/index.html' successfully

2024-01-13 22:55:05 - [MESSAGE][PASSED] - Navigate to 'https://qa2.velocitypayment.com/client/rad/index.html' successfully

2024-01-13 22:55:05 - [TEST_STEP][PASSED] - orPath_Landing = "Object Repository/RAD_Pages/Landing_Page": null

2024-01-13 22:55:05 - [TEST_STEP][PASSED] - orPath_TaxTypeFilingYear = "Object Repository/RAD_Pages/TaxTypeFilingYear_Page": null

2024-01-13 22:55:05 - [TEST_STEP][PASSED] - orPath_TaxPayer = "Object Repository/RAD_Pages/Taxpayer_Page": null

2024-01-13 22:55:05 - [TEST_STEP][PASSED] - orPath_AddressContact = "Object Repository/RAD_Pages/AddressAndContactInfo_Page": null

2024-01-13 22:55:05 - [TEST_STEP][PASSED] - orPath_FilingStatus = "Object Repository/RAD_Pages/FilingStatus_Page": null

2024-01-13 22:55:05 - [TEST_STEP][PASSED] - orPath_Amount = "Object Repository/RAD_Pages/PaymentAmount_Page": null

2024-01-13 22:55:05 - [TEST_STEP][PASSED] - orPath_TaxInfo = "Object Repository/RAD_Pages/TaxInfo_Page": null

2024-01-13 22:55:05 - [TEST_STEP][PASSED] - orPath_Withholding = "Object Repository/RAD_Pages/Withholding_Page": null

2024-01-13 22:55:05 - [TEST_STEP][PASSED] - orPath_Summary = "Object Repository/RAD_Pages/Summary_Page": null

2024-01-13 22:55:05 - [TEST_STEP][PASSED] - orPath_PaymentReady = "Object Repository/RAD_Pages/PaymentReady_Page": null

2024-01-13 22:55:05 - [TEST_STEP][PASSED] - orPath_PaymentEntry = "Object Repository/RAD_Pages/PaymentEntry_Page": null

2024-01-13 22:55:05 - [TEST_STEP][PASSED] - orPath_PaymentConfirmation = "Object Repository/RAD_Pages/PaymentConfirmation_Page": null

2024-01-13 22:55:05 - [TEST_STEP][PASSED] - orPath_ServiceFeesAccept = "Object Repository/RAD_Pages/ServiceFeeAccept_Page": null

2024-01-13 22:55:05 - [TEST_STEP][PASSED] - selectOptionByLabel(findTestObject(orPath_Landing + "/dd_TaxType"), Taxtype, false): All options with label 'Existing Liability w/Notice Number' are selected in object 'Object Repository/RAD_Pages/Landing_Page/dd_TaxType' 

2024-01-13 22:55:06 - [MESSAGE][PASSED] - All options with label 'Existing Liability w/Notice Number' are selected in object 'Object Repository/RAD_Pages/Landing_Page/dd_TaxType' 

2024-01-13 22:55:06 - [TEST_STEP][PASSED] - delay(1): Delayed 1 second(s)

2024-01-13 22:55:07 - [MESSAGE][PASSED] - Delayed 1 second(s)

2024-01-13 22:55:07 - [TEST_STEP][PASSED] - selectOptionByLabel(findTestObject(orPath_TaxTypeFilingYear + "/select_TaxType_ExistingLiability"), TaxTypeEL, false): All options with label 'IFTA Tax' are selected in object 'Object Repository/RAD_Pages/TaxTypeFilingYear_Page/select_TaxType_ExistingLiability' 

2024-01-13 22:55:07 - [MESSAGE][PASSED] - All options with label 'IFTA Tax' are selected in object 'Object Repository/RAD_Pages/TaxTypeFilingYear_Page/select_TaxType_ExistingLiability' 

2024-01-13 22:55:07 - [TEST_STEP][PASSED] - setText(findTestObject(orPath_TaxInfo + "/input_NoticeInvoiceNumber"), notInvNumber): Text '123456789' is set on object 'Object Repository/RAD_Pages/TaxInfo_Page/input_NoticeInvoiceNumber'

2024-01-13 22:55:08 - [MESSAGE][PASSED] - Text '123456789' is set on object 'Object Repository/RAD_Pages/TaxInfo_Page/input_NoticeInvoiceNumber'

2024-01-13 22:55:08 - [TEST_STEP][PASSED] - setText(findTestObject(orPath_TaxInfo + "/input_reTypeNoticeInvoiceNumber"), notInvNumber): Text '123456789' is set on object 'Object Repository/RAD_Pages/TaxInfo_Page/input_reTypeNoticeInvoiceNumber'

2024-01-13 22:55:09 - [MESSAGE][PASSED] - Text '123456789' is set on object 'Object Repository/RAD_Pages/TaxInfo_Page/input_reTypeNoticeInvoiceNumber'

2024-01-13 22:55:09 - [TEST_STEP][PASSED] - println(notInvNumber): null

2024-01-13 22:55:09 - [TEST_STEP][PASSED] - if (verifyTextPresent(errorMsg, true)): null

2024-01-13 22:55:10 - [MESSAGE][PASSED] - Text 'Notice Number must be 13 digits in length, with a value greater than zero' is present on page  using regular expression

2024-01-13 22:55:10 - [TEST_STEP][PASSED] - println("Error Message is present on the page"): null

2024-01-13 22:55:10 - [TEST_STEP][PASSED] - out.println("Pass Record Number: " + row): null

2024-01-13 22:55:10 - [TEST_STEP][PASSED] - resText = "Pass": null

2024-01-13 22:55:10 - [TEST_STEP][PASSED] - pages.WriteExcel.demoKey(resText, datText, resColumn, datCloumn, fileLoc, nameSheet, row): pages.WriteExcel.demoKey is PASSED

2024-01-13 22:55:10 - [MESSAGE][PASSED] - pages.WriteExcel.demoKey is PASSED

2024-01-13 22:55:10 - [TEST_STEP][PASSED] - ExecuteTC = findTestData(dataFile).getValue("Execute", row): null

2024-01-13 22:55:10 - [TEST_STEP][PASSED] - Taxtype = findTestData(dataFile).getValue("TaxType", row): null

2024-01-13 22:55:10 - [TEST_STEP][PASSED] - TaxTypeEL = findTestData(dataFile).getValue("TaxTypeEL", row): null

2024-01-13 22:55:10 - [TEST_STEP][PASSED] - notInvNumber = findTestData(dataFile).getValue("NotiInvoNumber", row): null

2024-01-13 22:55:10 - [TEST_STEP][PASSED] - errorMsg = findTestData(dataFile).getValue("ErrorMessage", row): null

2024-01-13 22:55:10 - [TEST_STEP][PASSED] - out.println("Value of Execute is : " + ExecuteTC): null

2024-01-13 22:55:10 - [TEST_STEP][PASSED] - if (ExecuteTC.equalsIgnoreCase("Y")): null

2024-01-13 22:55:10 - [TEST_STEP][PASSED] - out.println("Begin Record Number: " + row): null

2024-01-13 22:55:10 - [TEST_STEP][PASSED] - today = new java.util.Date(): null

2024-01-13 22:55:10 - [TEST_STEP][PASSED] - println(today): null

2024-01-13 22:55:10 - [TEST_STEP][PASSED] - datText = today: null

2024-01-13 22:55:10 - [TEST_STEP][PASSED] - Taxtype = findTestData(dataFile).getValue("TaxType", row): null

2024-01-13 22:55:10 - [TEST_STEP][PASSED] - out.println("Taxtype value is : " + Taxtype): null

2024-01-13 22:55:10 - [TEST_STEP][PASSED] - openBrowser(""): Browser is opened with url: ''

2024-01-13 22:55:10 - [MESSAGE][WARNING] - A browser is already opened. Closing browser and opening a new one

2024-01-13 22:55:11 - [MESSAGE][INFO] - Starting 'Chrome' driver

2024-01-13 22:55:11 - [MESSAGE][INFO] - User set preference: ['acceptInsecureCerts', 'true']

2024-01-13 22:55:11 - [MESSAGE][INFO] - Action delay is set to 0 milliseconds

2024-01-13 22:55:12 - [MESSAGE][PASSED] - Browser is opened with url: ''

2024-01-13 22:55:12 - [TEST_STEP][PASSED] - maximizeWindow(): Current window maximized

2024-01-13 22:55:12 - [MESSAGE][PASSED] - Current window maximized

2024-01-13 22:55:12 - [TEST_STEP][PASSED] - navigateToUrl(RADurl): Navigate to 'https://qa2.velocitypayment.com/client/rad/index.html' successfully

2024-01-13 22:55:14 - [MESSAGE][PASSED] - Navigate to 'https://qa2.velocitypayment.com/client/rad/index.html' successfully

2024-01-13 22:55:14 - [TEST_STEP][PASSED] - orPath_Landing = "Object Repository/RAD_Pages/Landing_Page": null

2024-01-13 22:55:14 - [TEST_STEP][PASSED] - orPath_TaxTypeFilingYear = "Object Repository/RAD_Pages/TaxTypeFilingYear_Page": null

2024-01-13 22:55:14 - [TEST_STEP][PASSED] - orPath_TaxPayer = "Object Repository/RAD_Pages/Taxpayer_Page": null

2024-01-13 22:55:14 - [TEST_STEP][PASSED] - orPath_AddressContact = "Object Repository/RAD_Pages/AddressAndContactInfo_Page": null

2024-01-13 22:55:14 - [TEST_STEP][PASSED] - orPath_FilingStatus = "Object Repository/RAD_Pages/FilingStatus_Page": null

2024-01-13 22:55:14 - [TEST_STEP][PASSED] - orPath_Amount = "Object Repository/RAD_Pages/PaymentAmount_Page": null

2024-01-13 22:55:14 - [TEST_STEP][PASSED] - orPath_TaxInfo = "Object Repository/RAD_Pages/TaxInfo_Page": null

2024-01-13 22:55:14 - [TEST_STEP][PASSED] - orPath_Withholding = "Object Repository/RAD_Pages/Withholding_Page": null

2024-01-13 22:55:14 - [TEST_STEP][PASSED] - orPath_Summary = "Object Repository/RAD_Pages/Summary_Page": null

2024-01-13 22:55:14 - [TEST_STEP][PASSED] - orPath_PaymentReady = "Object Repository/RAD_Pages/PaymentReady_Page": null

2024-01-13 22:55:14 - [TEST_STEP][PASSED] - orPath_PaymentEntry = "Object Repository/RAD_Pages/PaymentEntry_Page": null

2024-01-13 22:55:14 - [TEST_STEP][PASSED] - orPath_PaymentConfirmation = "Object Repository/RAD_Pages/PaymentConfirmation_Page": null

2024-01-13 22:55:14 - [TEST_STEP][PASSED] - orPath_ServiceFeesAccept = "Object Repository/RAD_Pages/ServiceFeeAccept_Page": null

2024-01-13 22:55:14 - [TEST_STEP][PASSED] - selectOptionByLabel(findTestObject(orPath_Landing + "/dd_TaxType"), Taxtype, false): All options with label 'Existing Liability w/Notice Number' are selected in object 'Object Repository/RAD_Pages/Landing_Page/dd_TaxType' 

2024-01-13 22:55:15 - [MESSAGE][PASSED] - All options with label 'Existing Liability w/Notice Number' are selected in object 'Object Repository/RAD_Pages/Landing_Page/dd_TaxType' 

2024-01-13 22:55:15 - [TEST_STEP][PASSED] - delay(1): Delayed 1 second(s)

2024-01-13 22:55:16 - [MESSAGE][PASSED] - Delayed 1 second(s)

2024-01-13 22:55:16 - [TEST_STEP][PASSED] - selectOptionByLabel(findTestObject(orPath_TaxTypeFilingYear + "/select_TaxType_ExistingLiability"), TaxTypeEL, false): All options with label 'Admissions and Amusement Tax' are selected in object 'Object Repository/RAD_Pages/TaxTypeFilingYear_Page/select_TaxType_ExistingLiability' 

2024-01-13 22:55:16 - [MESSAGE][PASSED] - All options with label 'Admissions and Amusement Tax' are selected in object 'Object Repository/RAD_Pages/TaxTypeFilingYear_Page/select_TaxType_ExistingLiability' 

2024-01-13 22:55:16 - [TEST_STEP][PASSED] - setText(findTestObject(orPath_TaxInfo + "/input_NoticeInvoiceNumber"), notInvNumber): Text '0000000000000' is set on object 'Object Repository/RAD_Pages/TaxInfo_Page/input_NoticeInvoiceNumber'

2024-01-13 22:55:17 - [MESSAGE][PASSED] - Text '0000000000000' is set on object 'Object Repository/RAD_Pages/TaxInfo_Page/input_NoticeInvoiceNumber'

2024-01-13 22:55:17 - [TEST_STEP][PASSED] - setText(findTestObject(orPath_TaxInfo + "/input_reTypeNoticeInvoiceNumber"), notInvNumber): Text '0000000000000' is set on object 'Object Repository/RAD_Pages/TaxInfo_Page/input_reTypeNoticeInvoiceNumber'

2024-01-13 22:55:18 - [MESSAGE][PASSED] - Text '0000000000000' is set on object 'Object Repository/RAD_Pages/TaxInfo_Page/input_reTypeNoticeInvoiceNumber'

2024-01-13 22:55:18 - [TEST_STEP][PASSED] - println(notInvNumber): null

2024-01-13 22:55:18 - [TEST_STEP][PASSED] - if (verifyTextPresent(errorMsg, true)): null

2024-01-13 22:55:19 - [MESSAGE][PASSED] - Text 'Notice Number must be 13 digits in length, with a value greater than zero' is present on page  using regular expression

2024-01-13 22:55:19 - [TEST_STEP][PASSED] - println("Error Message is present on the page"): null

2024-01-13 22:55:19 - [TEST_STEP][PASSED] - out.println("Pass Record Number: " + row): null

2024-01-13 22:55:19 - [TEST_STEP][PASSED] - resText = "Pass": null

2024-01-13 22:55:19 - [TEST_STEP][PASSED] - pages.WriteExcel.demoKey(resText, datText, resColumn, datCloumn, fileLoc, nameSheet, row): pages.WriteExcel.demoKey is PASSED

2024-01-13 22:55:19 - [MESSAGE][PASSED] - pages.WriteExcel.demoKey is PASSED

2024-01-13 22:55:19 - [TEST_STEP][PASSED] - ExecuteTC = findTestData(dataFile).getValue("Execute", row): null

2024-01-13 22:55:19 - [TEST_STEP][PASSED] - Taxtype = findTestData(dataFile).getValue("TaxType", row): null

2024-01-13 22:55:19 - [TEST_STEP][PASSED] - TaxTypeEL = findTestData(dataFile).getValue("TaxTypeEL", row): null

2024-01-13 22:55:19 - [TEST_STEP][PASSED] - notInvNumber = findTestData(dataFile).getValue("NotiInvoNumber", row): null

2024-01-13 22:55:19 - [TEST_STEP][PASSED] - errorMsg = findTestData(dataFile).getValue("ErrorMessage", row): null

2024-01-13 22:55:19 - [TEST_STEP][PASSED] - out.println("Value of Execute is : " + ExecuteTC): null

2024-01-13 22:55:19 - [TEST_STEP][PASSED] - if (ExecuteTC.equalsIgnoreCase("Y")): null

2024-01-13 22:55:19 - [TEST_STEP][PASSED] - out.println("Begin Record Number: " + row): null

2024-01-13 22:55:19 - [TEST_STEP][PASSED] - today = new java.util.Date(): null

2024-01-13 22:55:19 - [TEST_STEP][PASSED] - println(today): null

2024-01-13 22:55:19 - [TEST_STEP][PASSED] - datText = today: null

2024-01-13 22:55:19 - [TEST_STEP][PASSED] - Taxtype = findTestData(dataFile).getValue("TaxType", row): null

2024-01-13 22:55:19 - [TEST_STEP][PASSED] - out.println("Taxtype value is : " + Taxtype): null

2024-01-13 22:55:19 - [TEST_STEP][PASSED] - openBrowser(""): Browser is opened with url: ''

2024-01-13 22:55:19 - [MESSAGE][WARNING] - A browser is already opened. Closing browser and opening a new one

2024-01-13 22:55:20 - [MESSAGE][INFO] - Starting 'Chrome' driver

2024-01-13 22:55:20 - [MESSAGE][INFO] - User set preference: ['acceptInsecureCerts', 'true']

2024-01-13 22:55:20 - [MESSAGE][INFO] - Action delay is set to 0 milliseconds

2024-01-13 22:55:22 - [MESSAGE][PASSED] - Browser is opened with url: ''

2024-01-13 22:55:22 - [TEST_STEP][PASSED] - maximizeWindow(): Current window maximized

2024-01-13 22:55:22 - [MESSAGE][PASSED] - Current window maximized

2024-01-13 22:55:22 - [TEST_STEP][PASSED] - navigateToUrl(RADurl): Navigate to 'https://qa2.velocitypayment.com/client/rad/index.html' successfully

2024-01-13 22:55:22 - [MESSAGE][PASSED] - Navigate to 'https://qa2.velocitypayment.com/client/rad/index.html' successfully

2024-01-13 22:55:22 - [TEST_STEP][PASSED] - orPath_Landing = "Object Repository/RAD_Pages/Landing_Page": null

2024-01-13 22:55:22 - [TEST_STEP][PASSED] - orPath_TaxTypeFilingYear = "Object Repository/RAD_Pages/TaxTypeFilingYear_Page": null

2024-01-13 22:55:22 - [TEST_STEP][PASSED] - orPath_TaxPayer = "Object Repository/RAD_Pages/Taxpayer_Page": null

2024-01-13 22:55:22 - [TEST_STEP][PASSED] - orPath_AddressContact = "Object Repository/RAD_Pages/AddressAndContactInfo_Page": null

2024-01-13 22:55:22 - [TEST_STEP][PASSED] - orPath_FilingStatus = "Object Repository/RAD_Pages/FilingStatus_Page": null

2024-01-13 22:55:22 - [TEST_STEP][PASSED] - orPath_Amount = "Object Repository/RAD_Pages/PaymentAmount_Page": null

2024-01-13 22:55:22 - [TEST_STEP][PASSED] - orPath_TaxInfo = "Object Repository/RAD_Pages/TaxInfo_Page": null

2024-01-13 22:55:22 - [TEST_STEP][PASSED] - orPath_Withholding = "Object Repository/RAD_Pages/Withholding_Page": null

2024-01-13 22:55:22 - [TEST_STEP][PASSED] - orPath_Summary = "Object Repository/RAD_Pages/Summary_Page": null

2024-01-13 22:55:22 - [TEST_STEP][PASSED] - orPath_PaymentReady = "Object Repository/RAD_Pages/PaymentReady_Page": null

2024-01-13 22:55:22 - [TEST_STEP][PASSED] - orPath_PaymentEntry = "Object Repository/RAD_Pages/PaymentEntry_Page": null

2024-01-13 22:55:22 - [TEST_STEP][PASSED] - orPath_PaymentConfirmation = "Object Repository/RAD_Pages/PaymentConfirmation_Page": null

2024-01-13 22:55:22 - [TEST_STEP][PASSED] - orPath_ServiceFeesAccept = "Object Repository/RAD_Pages/ServiceFeeAccept_Page": null

2024-01-13 22:55:22 - [TEST_STEP][PASSED] - selectOptionByLabel(findTestObject(orPath_Landing + "/dd_TaxType"), Taxtype, false): All options with label 'Existing Liability w/Notice Number' are selected in object 'Object Repository/RAD_Pages/Landing_Page/dd_TaxType' 

2024-01-13 22:55:24 - [MESSAGE][PASSED] - All options with label 'Existing Liability w/Notice Number' are selected in object 'Object Repository/RAD_Pages/Landing_Page/dd_TaxType' 

2024-01-13 22:55:24 - [TEST_STEP][PASSED] - delay(1): Delayed 1 second(s)

2024-01-13 22:55:25 - [MESSAGE][PASSED] - Delayed 1 second(s)

2024-01-13 22:55:25 - [TEST_STEP][PASSED] - selectOptionByLabel(findTestObject(orPath_TaxTypeFilingYear + "/select_TaxType_ExistingLiability"), TaxTypeEL, false): All options with label 'Estate Tax' are selected in object 'Object Repository/RAD_Pages/TaxTypeFilingYear_Page/select_TaxType_ExistingLiability' 

2024-01-13 22:55:26 - [MESSAGE][PASSED] - All options with label 'Estate Tax' are selected in object 'Object Repository/RAD_Pages/TaxTypeFilingYear_Page/select_TaxType_ExistingLiability' 

2024-01-13 22:55:26 - [TEST_STEP][PASSED] - setText(findTestObject(orPath_TaxInfo + "/input_NoticeInvoiceNumber"), notInvNumber): Text '0000000000000' is set on object 'Object Repository/RAD_Pages/TaxInfo_Page/input_NoticeInvoiceNumber'

2024-01-13 22:55:26 - [MESSAGE][PASSED] - Text '0000000000000' is set on object 'Object Repository/RAD_Pages/TaxInfo_Page/input_NoticeInvoiceNumber'

2024-01-13 22:55:26 - [TEST_STEP][PASSED] - setText(findTestObject(orPath_TaxInfo + "/input_reTypeNoticeInvoiceNumber"), notInvNumber): Text '0000000000000' is set on object 'Object Repository/RAD_Pages/TaxInfo_Page/input_reTypeNoticeInvoiceNumber'

2024-01-13 22:55:27 - [MESSAGE][PASSED] - Text '0000000000000' is set on object 'Object Repository/RAD_Pages/TaxInfo_Page/input_reTypeNoticeInvoiceNumber'

2024-01-13 22:55:27 - [TEST_STEP][PASSED] - println(notInvNumber): null

2024-01-13 22:55:27 - [TEST_STEP][PASSED] - if (verifyTextPresent(errorMsg, true)): null

2024-01-13 22:55:28 - [MESSAGE][PASSED] - Text 'Notice Number must be 13 digits in length, with a value greater than zero' is present on page  using regular expression

2024-01-13 22:55:28 - [TEST_STEP][PASSED] - println("Error Message is present on the page"): null

2024-01-13 22:55:28 - [TEST_STEP][PASSED] - out.println("Pass Record Number: " + row): null

2024-01-13 22:55:28 - [TEST_STEP][PASSED] - resText = "Pass": null

2024-01-13 22:55:28 - [TEST_STEP][PASSED] - pages.WriteExcel.demoKey(resText, datText, resColumn, datCloumn, fileLoc, nameSheet, row): pages.WriteExcel.demoKey is PASSED

2024-01-13 22:55:28 - [MESSAGE][PASSED] - pages.WriteExcel.demoKey is PASSED

2024-01-13 22:55:28 - [TEST_STEP][PASSED] - ExecuteTC = findTestData(dataFile).getValue("Execute", row): null

2024-01-13 22:55:28 - [TEST_STEP][PASSED] - Taxtype = findTestData(dataFile).getValue("TaxType", row): null

2024-01-13 22:55:28 - [TEST_STEP][PASSED] - TaxTypeEL = findTestData(dataFile).getValue("TaxTypeEL", row): null

2024-01-13 22:55:28 - [TEST_STEP][PASSED] - notInvNumber = findTestData(dataFile).getValue("NotiInvoNumber", row): null

2024-01-13 22:55:28 - [TEST_STEP][PASSED] - errorMsg = findTestData(dataFile).getValue("ErrorMessage", row): null

2024-01-13 22:55:28 - [TEST_STEP][PASSED] - out.println("Value of Execute is : " + ExecuteTC): null

2024-01-13 22:55:28 - [TEST_STEP][PASSED] - if (ExecuteTC.equalsIgnoreCase("Y")): null

2024-01-13 22:55:28 - [TEST_STEP][PASSED] - out.println("Begin Record Number: " + row): null

2024-01-13 22:55:28 - [TEST_STEP][PASSED] - today = new java.util.Date(): null

2024-01-13 22:55:28 - [TEST_STEP][PASSED] - println(today): null

2024-01-13 22:55:28 - [TEST_STEP][PASSED] - datText = today: null

2024-01-13 22:55:28 - [TEST_STEP][PASSED] - Taxtype = findTestData(dataFile).getValue("TaxType", row): null

2024-01-13 22:55:28 - [TEST_STEP][PASSED] - out.println("Taxtype value is : " + Taxtype): null

2024-01-13 22:55:28 - [TEST_STEP][PASSED] - openBrowser(""): Browser is opened with url: ''

2024-01-13 22:55:28 - [MESSAGE][WARNING] - A browser is already opened. Closing browser and opening a new one

2024-01-13 22:55:29 - [MESSAGE][INFO] - Starting 'Chrome' driver

2024-01-13 22:55:29 - [MESSAGE][INFO] - User set preference: ['acceptInsecureCerts', 'true']

2024-01-13 22:55:29 - [MESSAGE][INFO] - Action delay is set to 0 milliseconds

2024-01-13 22:55:31 - [MESSAGE][PASSED] - Browser is opened with url: ''

2024-01-13 22:55:31 - [TEST_STEP][PASSED] - maximizeWindow(): Current window maximized

2024-01-13 22:55:31 - [MESSAGE][PASSED] - Current window maximized

2024-01-13 22:55:31 - [TEST_STEP][PASSED] - navigateToUrl(RADurl): Navigate to 'https://qa2.velocitypayment.com/client/rad/index.html' successfully

2024-01-13 22:55:33 - [MESSAGE][PASSED] - Navigate to 'https://qa2.velocitypayment.com/client/rad/index.html' successfully

2024-01-13 22:55:33 - [TEST_STEP][PASSED] - orPath_Landing = "Object Repository/RAD_Pages/Landing_Page": null

2024-01-13 22:55:33 - [TEST_STEP][PASSED] - orPath_TaxTypeFilingYear = "Object Repository/RAD_Pages/TaxTypeFilingYear_Page": null

2024-01-13 22:55:33 - [TEST_STEP][PASSED] - orPath_TaxPayer = "Object Repository/RAD_Pages/Taxpayer_Page": null

2024-01-13 22:55:33 - [TEST_STEP][PASSED] - orPath_AddressContact = "Object Repository/RAD_Pages/AddressAndContactInfo_Page": null

2024-01-13 22:55:33 - [TEST_STEP][PASSED] - orPath_FilingStatus = "Object Repository/RAD_Pages/FilingStatus_Page": null

2024-01-13 22:55:33 - [TEST_STEP][PASSED] - orPath_Amount = "Object Repository/RAD_Pages/PaymentAmount_Page": null

2024-01-13 22:55:33 - [TEST_STEP][PASSED] - orPath_TaxInfo = "Object Repository/RAD_Pages/TaxInfo_Page": null

2024-01-13 22:55:33 - [TEST_STEP][PASSED] - orPath_Withholding = "Object Repository/RAD_Pages/Withholding_Page": null

2024-01-13 22:55:33 - [TEST_STEP][PASSED] - orPath_Summary = "Object Repository/RAD_Pages/Summary_Page": null

2024-01-13 22:55:33 - [TEST_STEP][PASSED] - orPath_PaymentReady = "Object Repository/RAD_Pages/PaymentReady_Page": null

2024-01-13 22:55:33 - [TEST_STEP][PASSED] - orPath_PaymentEntry = "Object Repository/RAD_Pages/PaymentEntry_Page": null

2024-01-13 22:55:33 - [TEST_STEP][PASSED] - orPath_PaymentConfirmation = "Object Repository/RAD_Pages/PaymentConfirmation_Page": null

2024-01-13 22:55:33 - [TEST_STEP][PASSED] - orPath_ServiceFeesAccept = "Object Repository/RAD_Pages/ServiceFeeAccept_Page": null

2024-01-13 22:55:33 - [TEST_STEP][PASSED] - selectOptionByLabel(findTestObject(orPath_Landing + "/dd_TaxType"), Taxtype, false): All options with label 'Existing Liability w/Notice Number' are selected in object 'Object Repository/RAD_Pages/Landing_Page/dd_TaxType' 

2024-01-13 22:55:33 - [MESSAGE][PASSED] - All options with label 'Existing Liability w/Notice Number' are selected in object 'Object Repository/RAD_Pages/Landing_Page/dd_TaxType' 

2024-01-13 22:55:33 - [TEST_STEP][PASSED] - delay(1): Delayed 1 second(s)

2024-01-13 22:55:34 - [MESSAGE][PASSED] - Delayed 1 second(s)

2024-01-13 22:55:34 - [TEST_STEP][PASSED] - selectOptionByLabel(findTestObject(orPath_TaxTypeFilingYear + "/select_TaxType_ExistingLiability"), TaxTypeEL, false): All options with label 'Motor Fuel Tax' are selected in object 'Object Repository/RAD_Pages/TaxTypeFilingYear_Page/select_TaxType_ExistingLiability' 

2024-01-13 22:55:35 - [MESSAGE][PASSED] - All options with label 'Motor Fuel Tax' are selected in object 'Object Repository/RAD_Pages/TaxTypeFilingYear_Page/select_TaxType_ExistingLiability' 

2024-01-13 22:55:35 - [TEST_STEP][PASSED] - setText(findTestObject(orPath_TaxInfo + "/input_NoticeInvoiceNumber"), notInvNumber): Text '0000000000000' is set on object 'Object Repository/RAD_Pages/TaxInfo_Page/input_NoticeInvoiceNumber'

2024-01-13 22:55:36 - [MESSAGE][PASSED] - Text '0000000000000' is set on object 'Object Repository/RAD_Pages/TaxInfo_Page/input_NoticeInvoiceNumber'

2024-01-13 22:55:36 - [TEST_STEP][PASSED] - setText(findTestObject(orPath_TaxInfo + "/input_reTypeNoticeInvoiceNumber"), notInvNumber): Text '0000000000000' is set on object 'Object Repository/RAD_Pages/TaxInfo_Page/input_reTypeNoticeInvoiceNumber'

2024-01-13 22:55:37 - [MESSAGE][PASSED] - Text '0000000000000' is set on object 'Object Repository/RAD_Pages/TaxInfo_Page/input_reTypeNoticeInvoiceNumber'

2024-01-13 22:55:37 - [TEST_STEP][PASSED] - println(notInvNumber): null

2024-01-13 22:55:37 - [TEST_STEP][PASSED] - if (verifyTextPresent(errorMsg, true)): null

2024-01-13 22:55:37 - [MESSAGE][PASSED] - Text 'Notice Number must be 13 digits in length, with a value greater than zero' is present on page  using regular expression

2024-01-13 22:55:37 - [TEST_STEP][PASSED] - println("Error Message is present on the page"): null

2024-01-13 22:55:37 - [TEST_STEP][PASSED] - out.println("Pass Record Number: " + row): null

2024-01-13 22:55:37 - [TEST_STEP][PASSED] - resText = "Pass": null

2024-01-13 22:55:37 - [TEST_STEP][PASSED] - pages.WriteExcel.demoKey(resText, datText, resColumn, datCloumn, fileLoc, nameSheet, row): pages.WriteExcel.demoKey is PASSED

2024-01-13 22:55:37 - [MESSAGE][PASSED] - pages.WriteExcel.demoKey is PASSED

2024-01-13 22:55:37 - [TEST_STEP][PASSED] - ExecuteTC = findTestData(dataFile).getValue("Execute", row): null

2024-01-13 22:55:37 - [TEST_STEP][PASSED] - Taxtype = findTestData(dataFile).getValue("TaxType", row): null

2024-01-13 22:55:37 - [TEST_STEP][PASSED] - TaxTypeEL = findTestData(dataFile).getValue("TaxTypeEL", row): null

2024-01-13 22:55:37 - [TEST_STEP][PASSED] - notInvNumber = findTestData(dataFile).getValue("NotiInvoNumber", row): null

2024-01-13 22:55:37 - [TEST_STEP][PASSED] - errorMsg = findTestData(dataFile).getValue("ErrorMessage", row): null

2024-01-13 22:55:37 - [TEST_STEP][PASSED] - out.println("Value of Execute is : " + ExecuteTC): null

2024-01-13 22:55:37 - [TEST_STEP][PASSED] - if (ExecuteTC.equalsIgnoreCase("Y")): null

2024-01-13 22:55:37 - [TEST_STEP][PASSED] - out.println("Begin Record Number: " + row): null

2024-01-13 22:55:37 - [TEST_STEP][PASSED] - today = new java.util.Date(): null

2024-01-13 22:55:37 - [TEST_STEP][PASSED] - println(today): null

2024-01-13 22:55:37 - [TEST_STEP][PASSED] - datText = today: null

2024-01-13 22:55:37 - [TEST_STEP][PASSED] - Taxtype = findTestData(dataFile).getValue("TaxType", row): null

2024-01-13 22:55:37 - [TEST_STEP][PASSED] - out.println("Taxtype value is : " + Taxtype): null

2024-01-13 22:55:37 - [TEST_STEP][PASSED] - openBrowser(""): Browser is opened with url: ''

2024-01-13 22:55:37 - [MESSAGE][WARNING] - A browser is already opened. Closing browser and opening a new one

2024-01-13 22:55:39 - [MESSAGE][INFO] - Starting 'Chrome' driver

2024-01-13 22:55:39 - [MESSAGE][INFO] - User set preference: ['acceptInsecureCerts', 'true']

2024-01-13 22:55:39 - [MESSAGE][INFO] - Action delay is set to 0 milliseconds

2024-01-13 22:55:40 - [MESSAGE][PASSED] - Browser is opened with url: ''

2024-01-13 22:55:40 - [TEST_STEP][PASSED] - maximizeWindow(): Current window maximized

2024-01-13 22:55:40 - [MESSAGE][PASSED] - Current window maximized

2024-01-13 22:55:40 - [TEST_STEP][PASSED] - navigateToUrl(RADurl): Navigate to 'https://qa2.velocitypayment.com/client/rad/index.html' successfully

2024-01-13 22:55:40 - [MESSAGE][PASSED] - Navigate to 'https://qa2.velocitypayment.com/client/rad/index.html' successfully

2024-01-13 22:55:40 - [TEST_STEP][PASSED] - orPath_Landing = "Object Repository/RAD_Pages/Landing_Page": null

2024-01-13 22:55:40 - [TEST_STEP][PASSED] - orPath_TaxTypeFilingYear = "Object Repository/RAD_Pages/TaxTypeFilingYear_Page": null

2024-01-13 22:55:40 - [TEST_STEP][PASSED] - orPath_TaxPayer = "Object Repository/RAD_Pages/Taxpayer_Page": null

2024-01-13 22:55:40 - [TEST_STEP][PASSED] - orPath_AddressContact = "Object Repository/RAD_Pages/AddressAndContactInfo_Page": null

2024-01-13 22:55:40 - [TEST_STEP][PASSED] - orPath_FilingStatus = "Object Repository/RAD_Pages/FilingStatus_Page": null

2024-01-13 22:55:40 - [TEST_STEP][PASSED] - orPath_Amount = "Object Repository/RAD_Pages/PaymentAmount_Page": null

2024-01-13 22:55:40 - [TEST_STEP][PASSED] - orPath_TaxInfo = "Object Repository/RAD_Pages/TaxInfo_Page": null

2024-01-13 22:55:40 - [TEST_STEP][PASSED] - orPath_Withholding = "Object Repository/RAD_Pages/Withholding_Page": null

2024-01-13 22:55:40 - [TEST_STEP][PASSED] - orPath_Summary = "Object Repository/RAD_Pages/Summary_Page": null

2024-01-13 22:55:40 - [TEST_STEP][PASSED] - orPath_PaymentReady = "Object Repository/RAD_Pages/PaymentReady_Page": null

2024-01-13 22:55:40 - [TEST_STEP][PASSED] - orPath_PaymentEntry = "Object Repository/RAD_Pages/PaymentEntry_Page": null

2024-01-13 22:55:40 - [TEST_STEP][PASSED] - orPath_PaymentConfirmation = "Object Repository/RAD_Pages/PaymentConfirmation_Page": null

2024-01-13 22:55:40 - [TEST_STEP][PASSED] - orPath_ServiceFeesAccept = "Object Repository/RAD_Pages/ServiceFeeAccept_Page": null

2024-01-13 22:55:40 - [TEST_STEP][PASSED] - selectOptionByLabel(findTestObject(orPath_Landing + "/dd_TaxType"), Taxtype, false): All options with label 'Existing Liability w/Notice Number' are selected in object 'Object Repository/RAD_Pages/Landing_Page/dd_TaxType' 

2024-01-13 22:55:42 - [MESSAGE][PASSED] - All options with label 'Existing Liability w/Notice Number' are selected in object 'Object Repository/RAD_Pages/Landing_Page/dd_TaxType' 

2024-01-13 22:55:42 - [TEST_STEP][PASSED] - delay(1): Delayed 1 second(s)

2024-01-13 22:55:43 - [MESSAGE][PASSED] - Delayed 1 second(s)

2024-01-13 22:55:43 - [TEST_STEP][PASSED] - selectOptionByLabel(findTestObject(orPath_TaxTypeFilingYear + "/select_TaxType_ExistingLiability"), TaxTypeEL, false): All options with label 'Slots License Fee' are selected in object 'Object Repository/RAD_Pages/TaxTypeFilingYear_Page/select_TaxType_ExistingLiability' 

2024-01-13 22:55:44 - [MESSAGE][PASSED] - All options with label 'Slots License Fee' are selected in object 'Object Repository/RAD_Pages/TaxTypeFilingYear_Page/select_TaxType_ExistingLiability' 

2024-01-13 22:55:44 - [TEST_STEP][PASSED] - setText(findTestObject(orPath_TaxInfo + "/input_NoticeInvoiceNumber"), notInvNumber): Text '0000000000000' is set on object 'Object Repository/RAD_Pages/TaxInfo_Page/input_NoticeInvoiceNumber'

2024-01-13 22:55:45 - [MESSAGE][PASSED] - Text '0000000000000' is set on object 'Object Repository/RAD_Pages/TaxInfo_Page/input_NoticeInvoiceNumber'

2024-01-13 22:55:45 - [TEST_STEP][PASSED] - setText(findTestObject(orPath_TaxInfo + "/input_reTypeNoticeInvoiceNumber"), notInvNumber): Text '0000000000000' is set on object 'Object Repository/RAD_Pages/TaxInfo_Page/input_reTypeNoticeInvoiceNumber'

2024-01-13 22:55:46 - [MESSAGE][PASSED] - Text '0000000000000' is set on object 'Object Repository/RAD_Pages/TaxInfo_Page/input_reTypeNoticeInvoiceNumber'

2024-01-13 22:55:46 - [TEST_STEP][PASSED] - println(notInvNumber): null

2024-01-13 22:55:46 - [TEST_STEP][PASSED] - if (verifyTextPresent(errorMsg, true)): null

2024-01-13 22:55:46 - [MESSAGE][PASSED] - Text 'Notice Number must be 13 digits in length, with a value greater than zero' is present on page  using regular expression

2024-01-13 22:55:46 - [TEST_STEP][PASSED] - println("Error Message is present on the page"): null

2024-01-13 22:55:46 - [TEST_STEP][PASSED] - out.println("Pass Record Number: " + row): null

2024-01-13 22:55:46 - [TEST_STEP][PASSED] - resText = "Pass": null

2024-01-13 22:55:46 - [TEST_STEP][PASSED] - pages.WriteExcel.demoKey(resText, datText, resColumn, datCloumn, fileLoc, nameSheet, row): pages.WriteExcel.demoKey is PASSED

2024-01-13 22:55:46 - [MESSAGE][PASSED] - pages.WriteExcel.demoKey is PASSED

2024-01-13 22:55:46 - [TEST_STEP][PASSED] - ExecuteTC = findTestData(dataFile).getValue("Execute", row): null

2024-01-13 22:55:46 - [TEST_STEP][PASSED] - Taxtype = findTestData(dataFile).getValue("TaxType", row): null

2024-01-13 22:55:46 - [TEST_STEP][PASSED] - TaxTypeEL = findTestData(dataFile).getValue("TaxTypeEL", row): null

2024-01-13 22:55:46 - [TEST_STEP][PASSED] - notInvNumber = findTestData(dataFile).getValue("NotiInvoNumber", row): null

2024-01-13 22:55:47 - [TEST_STEP][PASSED] - errorMsg = findTestData(dataFile).getValue("ErrorMessage", row): null

2024-01-13 22:55:47 - [TEST_STEP][PASSED] - out.println("Value of Execute is : " + ExecuteTC): null

2024-01-13 22:55:47 - [TEST_STEP][PASSED] - if (ExecuteTC.equalsIgnoreCase("Y")): null

2024-01-13 22:55:47 - [TEST_STEP][PASSED] - out.println("Begin Record Number: " + row): null

2024-01-13 22:55:47 - [TEST_STEP][PASSED] - today = new java.util.Date(): null

2024-01-13 22:55:47 - [TEST_STEP][PASSED] - println(today): null

2024-01-13 22:55:47 - [TEST_STEP][PASSED] - datText = today: null

2024-01-13 22:55:47 - [TEST_STEP][PASSED] - Taxtype = findTestData(dataFile).getValue("TaxType", row): null

2024-01-13 22:55:47 - [TEST_STEP][PASSED] - out.println("Taxtype value is : " + Taxtype): null

2024-01-13 22:55:47 - [TEST_STEP][PASSED] - openBrowser(""): Browser is opened with url: ''

2024-01-13 22:55:47 - [MESSAGE][WARNING] - A browser is already opened. Closing browser and opening a new one

2024-01-13 22:55:48 - [MESSAGE][INFO] - Starting 'Chrome' driver

2024-01-13 22:55:48 - [MESSAGE][INFO] - User set preference: ['acceptInsecureCerts', 'true']

2024-01-13 22:55:48 - [MESSAGE][INFO] - Action delay is set to 0 milliseconds

2024-01-13 22:55:49 - [MESSAGE][PASSED] - Browser is opened with url: ''

2024-01-13 22:55:49 - [TEST_STEP][PASSED] - maximizeWindow(): Current window maximized

2024-01-13 22:55:49 - [MESSAGE][PASSED] - Current window maximized

2024-01-13 22:55:49 - [TEST_STEP][PASSED] - navigateToUrl(RADurl): Navigate to 'https://qa2.velocitypayment.com/client/rad/index.html' successfully

2024-01-13 22:55:51 - [MESSAGE][PASSED] - Navigate to 'https://qa2.velocitypayment.com/client/rad/index.html' successfully

2024-01-13 22:55:51 - [TEST_STEP][PASSED] - orPath_Landing = "Object Repository/RAD_Pages/Landing_Page": null

2024-01-13 22:55:51 - [TEST_STEP][PASSED] - orPath_TaxTypeFilingYear = "Object Repository/RAD_Pages/TaxTypeFilingYear_Page": null

2024-01-13 22:55:51 - [TEST_STEP][PASSED] - orPath_TaxPayer = "Object Repository/RAD_Pages/Taxpayer_Page": null

2024-01-13 22:55:51 - [TEST_STEP][PASSED] - orPath_AddressContact = "Object Repository/RAD_Pages/AddressAndContactInfo_Page": null

2024-01-13 22:55:51 - [TEST_STEP][PASSED] - orPath_FilingStatus = "Object Repository/RAD_Pages/FilingStatus_Page": null

2024-01-13 22:55:51 - [TEST_STEP][PASSED] - orPath_Amount = "Object Repository/RAD_Pages/PaymentAmount_Page": null

2024-01-13 22:55:51 - [TEST_STEP][PASSED] - orPath_TaxInfo = "Object Repository/RAD_Pages/TaxInfo_Page": null

2024-01-13 22:55:51 - [TEST_STEP][PASSED] - orPath_Withholding = "Object Repository/RAD_Pages/Withholding_Page": null

2024-01-13 22:55:51 - [TEST_STEP][PASSED] - orPath_Summary = "Object Repository/RAD_Pages/Summary_Page": null

2024-01-13 22:55:51 - [TEST_STEP][PASSED] - orPath_PaymentReady = "Object Repository/RAD_Pages/PaymentReady_Page": null

2024-01-13 22:55:51 - [TEST_STEP][PASSED] - orPath_PaymentEntry = "Object Repository/RAD_Pages/PaymentEntry_Page": null

2024-01-13 22:55:51 - [TEST_STEP][PASSED] - orPath_PaymentConfirmation = "Object Repository/RAD_Pages/PaymentConfirmation_Page": null

2024-01-13 22:55:51 - [TEST_STEP][PASSED] - orPath_ServiceFeesAccept = "Object Repository/RAD_Pages/ServiceFeeAccept_Page": null

2024-01-13 22:55:51 - [TEST_STEP][PASSED] - selectOptionByLabel(findTestObject(orPath_Landing + "/dd_TaxType"), Taxtype, false): All options with label 'Existing Liability w/Notice Number' are selected in object 'Object Repository/RAD_Pages/Landing_Page/dd_TaxType' 

2024-01-13 22:55:51 - [MESSAGE][PASSED] - All options with label 'Existing Liability w/Notice Number' are selected in object 'Object Repository/RAD_Pages/Landing_Page/dd_TaxType' 

2024-01-13 22:55:51 - [TEST_STEP][PASSED] - delay(1): Delayed 1 second(s)

2024-01-13 22:55:52 - [MESSAGE][PASSED] - Delayed 1 second(s)

2024-01-13 22:55:52 - [TEST_STEP][PASSED] - selectOptionByLabel(findTestObject(orPath_TaxTypeFilingYear + "/select_TaxType_ExistingLiability"), TaxTypeEL, false): All options with label 'Tobacco Tax' are selected in object 'Object Repository/RAD_Pages/TaxTypeFilingYear_Page/select_TaxType_ExistingLiability' 

2024-01-13 22:55:53 - [MESSAGE][PASSED] - All options with label 'Tobacco Tax' are selected in object 'Object Repository/RAD_Pages/TaxTypeFilingYear_Page/select_TaxType_ExistingLiability' 

2024-01-13 22:55:53 - [TEST_STEP][PASSED] - setText(findTestObject(orPath_TaxInfo + "/input_NoticeInvoiceNumber"), notInvNumber): Text '0000000000000' is set on object 'Object Repository/RAD_Pages/TaxInfo_Page/input_NoticeInvoiceNumber'

2024-01-13 22:55:54 - [MESSAGE][PASSED] - Text '0000000000000' is set on object 'Object Repository/RAD_Pages/TaxInfo_Page/input_NoticeInvoiceNumber'

2024-01-13 22:55:54 - [TEST_STEP][PASSED] - setText(findTestObject(orPath_TaxInfo + "/input_reTypeNoticeInvoiceNumber"), notInvNumber): Text '0000000000000' is set on object 'Object Repository/RAD_Pages/TaxInfo_Page/input_reTypeNoticeInvoiceNumber'

2024-01-13 22:55:55 - [MESSAGE][PASSED] - Text '0000000000000' is set on object 'Object Repository/RAD_Pages/TaxInfo_Page/input_reTypeNoticeInvoiceNumber'

2024-01-13 22:55:55 - [TEST_STEP][PASSED] - println(notInvNumber): null

2024-01-13 22:55:55 - [TEST_STEP][PASSED] - if (verifyTextPresent(errorMsg, true)): null

2024-01-13 22:55:55 - [MESSAGE][PASSED] - Text 'Notice Number must be 13 digits in length, with a value greater than zero' is present on page  using regular expression

2024-01-13 22:55:55 - [TEST_STEP][PASSED] - println("Error Message is present on the page"): null

2024-01-13 22:55:55 - [TEST_STEP][PASSED] - out.println("Pass Record Number: " + row): null

2024-01-13 22:55:55 - [TEST_STEP][PASSED] - resText = "Pass": null

2024-01-13 22:55:55 - [TEST_STEP][PASSED] - pages.WriteExcel.demoKey(resText, datText, resColumn, datCloumn, fileLoc, nameSheet, row): pages.WriteExcel.demoKey is PASSED

2024-01-13 22:55:55 - [MESSAGE][PASSED] - pages.WriteExcel.demoKey is PASSED

2024-01-13 22:55:55 - [TEST_STEP][PASSED] - ExecuteTC = findTestData(dataFile).getValue("Execute", row): null

2024-01-13 22:55:55 - [TEST_STEP][PASSED] - Taxtype = findTestData(dataFile).getValue("TaxType", row): null

2024-01-13 22:55:55 - [TEST_STEP][PASSED] - TaxTypeEL = findTestData(dataFile).getValue("TaxTypeEL", row): null

2024-01-13 22:55:55 - [TEST_STEP][PASSED] - notInvNumber = findTestData(dataFile).getValue("NotiInvoNumber", row): null

2024-01-13 22:55:56 - [TEST_STEP][PASSED] - errorMsg = findTestData(dataFile).getValue("ErrorMessage", row): null

2024-01-13 22:55:56 - [TEST_STEP][PASSED] - out.println("Value of Execute is : " + ExecuteTC): null

2024-01-13 22:55:56 - [TEST_STEP][PASSED] - if (ExecuteTC.equalsIgnoreCase("Y")): null

2024-01-13 22:55:56 - [TEST_STEP][PASSED] - out.println("Begin Record Number: " + row): null

2024-01-13 22:55:56 - [TEST_STEP][PASSED] - today = new java.util.Date(): null

2024-01-13 22:55:56 - [TEST_STEP][PASSED] - println(today): null

2024-01-13 22:55:56 - [TEST_STEP][PASSED] - datText = today: null

2024-01-13 22:55:56 - [TEST_STEP][PASSED] - Taxtype = findTestData(dataFile).getValue("TaxType", row): null

2024-01-13 22:55:56 - [TEST_STEP][PASSED] - out.println("Taxtype value is : " + Taxtype): null

2024-01-13 22:55:56 - [TEST_STEP][PASSED] - openBrowser(""): Browser is opened with url: ''

2024-01-13 22:55:56 - [MESSAGE][WARNING] - A browser is already opened. Closing browser and opening a new one

2024-01-13 22:55:57 - [MESSAGE][INFO] - Starting 'Chrome' driver

2024-01-13 22:55:57 - [MESSAGE][INFO] - User set preference: ['acceptInsecureCerts', 'true']

2024-01-13 22:55:57 - [MESSAGE][INFO] - Action delay is set to 0 milliseconds

2024-01-13 22:55:58 - [MESSAGE][PASSED] - Browser is opened with url: ''

2024-01-13 22:55:58 - [TEST_STEP][PASSED] - maximizeWindow(): Current window maximized

2024-01-13 22:55:58 - [MESSAGE][PASSED] - Current window maximized

2024-01-13 22:55:58 - [TEST_STEP][PASSED] - navigateToUrl(RADurl): Navigate to 'https://qa2.velocitypayment.com/client/rad/index.html' successfully

2024-01-13 22:56:00 - [MESSAGE][PASSED] - Navigate to 'https://qa2.velocitypayment.com/client/rad/index.html' successfully

2024-01-13 22:56:00 - [TEST_STEP][PASSED] - orPath_Landing = "Object Repository/RAD_Pages/Landing_Page": null

2024-01-13 22:56:00 - [TEST_STEP][PASSED] - orPath_TaxTypeFilingYear = "Object Repository/RAD_Pages/TaxTypeFilingYear_Page": null

2024-01-13 22:56:00 - [TEST_STEP][PASSED] - orPath_TaxPayer = "Object Repository/RAD_Pages/Taxpayer_Page": null

2024-01-13 22:56:00 - [TEST_STEP][PASSED] - orPath_AddressContact = "Object Repository/RAD_Pages/AddressAndContactInfo_Page": null

2024-01-13 22:56:00 - [TEST_STEP][PASSED] - orPath_FilingStatus = "Object Repository/RAD_Pages/FilingStatus_Page": null

2024-01-13 22:56:00 - [TEST_STEP][PASSED] - orPath_Amount = "Object Repository/RAD_Pages/PaymentAmount_Page": null

2024-01-13 22:56:00 - [TEST_STEP][PASSED] - orPath_TaxInfo = "Object Repository/RAD_Pages/TaxInfo_Page": null

2024-01-13 22:56:00 - [TEST_STEP][PASSED] - orPath_Withholding = "Object Repository/RAD_Pages/Withholding_Page": null

2024-01-13 22:56:00 - [TEST_STEP][PASSED] - orPath_Summary = "Object Repository/RAD_Pages/Summary_Page": null

2024-01-13 22:56:00 - [TEST_STEP][PASSED] - orPath_PaymentReady = "Object Repository/RAD_Pages/PaymentReady_Page": null

2024-01-13 22:56:00 - [TEST_STEP][PASSED] - orPath_PaymentEntry = "Object Repository/RAD_Pages/PaymentEntry_Page": null

2024-01-13 22:56:00 - [TEST_STEP][PASSED] - orPath_PaymentConfirmation = "Object Repository/RAD_Pages/PaymentConfirmation_Page": null

2024-01-13 22:56:00 - [TEST_STEP][PASSED] - orPath_ServiceFeesAccept = "Object Repository/RAD_Pages/ServiceFeeAccept_Page": null

2024-01-13 22:56:00 - [TEST_STEP][PASSED] - selectOptionByLabel(findTestObject(orPath_Landing + "/dd_TaxType"), Taxtype, false): All options with label 'Existing Liability w/Notice Number' are selected in object 'Object Repository/RAD_Pages/Landing_Page/dd_TaxType' 

2024-01-13 22:56:01 - [MESSAGE][PASSED] - All options with label 'Existing Liability w/Notice Number' are selected in object 'Object Repository/RAD_Pages/Landing_Page/dd_TaxType' 

2024-01-13 22:56:01 - [TEST_STEP][PASSED] - delay(1): Delayed 1 second(s)

2024-01-13 22:56:02 - [MESSAGE][PASSED] - Delayed 1 second(s)

2024-01-13 22:56:02 - [TEST_STEP][PASSED] - selectOptionByLabel(findTestObject(orPath_TaxTypeFilingYear + "/select_TaxType_ExistingLiability"), TaxTypeEL, false): All options with label 'Transportation Network Services' are selected in object 'Object Repository/RAD_Pages/TaxTypeFilingYear_Page/select_TaxType_ExistingLiability' 

2024-01-13 22:56:02 - [MESSAGE][PASSED] - All options with label 'Transportation Network Services' are selected in object 'Object Repository/RAD_Pages/TaxTypeFilingYear_Page/select_TaxType_ExistingLiability' 

2024-01-13 22:56:02 - [TEST_STEP][PASSED] - setText(findTestObject(orPath_TaxInfo + "/input_NoticeInvoiceNumber"), notInvNumber): Text '0000000000000' is set on object 'Object Repository/RAD_Pages/TaxInfo_Page/input_NoticeInvoiceNumber'

2024-01-13 22:56:03 - [MESSAGE][PASSED] - Text '0000000000000' is set on object 'Object Repository/RAD_Pages/TaxInfo_Page/input_NoticeInvoiceNumber'

2024-01-13 22:56:03 - [TEST_STEP][PASSED] - setText(findTestObject(orPath_TaxInfo + "/input_reTypeNoticeInvoiceNumber"), notInvNumber): Text '0000000000000' is set on object 'Object Repository/RAD_Pages/TaxInfo_Page/input_reTypeNoticeInvoiceNumber'

2024-01-13 22:56:04 - [MESSAGE][PASSED] - Text '0000000000000' is set on object 'Object Repository/RAD_Pages/TaxInfo_Page/input_reTypeNoticeInvoiceNumber'

2024-01-13 22:56:04 - [TEST_STEP][PASSED] - println(notInvNumber): null

2024-01-13 22:56:04 - [TEST_STEP][PASSED] - if (verifyTextPresent(errorMsg, true)): null

2024-01-13 22:56:05 - [MESSAGE][PASSED] - Text 'Notice Number must be 13 digits in length, with a value greater than zero' is present on page  using regular expression

2024-01-13 22:56:05 - [TEST_STEP][PASSED] - println("Error Message is present on the page"): null

2024-01-13 22:56:05 - [TEST_STEP][PASSED] - out.println("Pass Record Number: " + row): null

2024-01-13 22:56:05 - [TEST_STEP][PASSED] - resText = "Pass": null

2024-01-13 22:56:05 - [TEST_STEP][PASSED] - pages.WriteExcel.demoKey(resText, datText, resColumn, datCloumn, fileLoc, nameSheet, row): pages.WriteExcel.demoKey is PASSED

2024-01-13 22:56:05 - [MESSAGE][PASSED] - pages.WriteExcel.demoKey is PASSED

2024-01-13 22:56:05 - [TEST_STEP][PASSED] - ExecuteTC = findTestData(dataFile).getValue("Execute", row): null

2024-01-13 22:56:05 - [TEST_STEP][PASSED] - Taxtype = findTestData(dataFile).getValue("TaxType", row): null

2024-01-13 22:56:05 - [TEST_STEP][PASSED] - TaxTypeEL = findTestData(dataFile).getValue("TaxTypeEL", row): null

2024-01-13 22:56:05 - [TEST_STEP][PASSED] - notInvNumber = findTestData(dataFile).getValue("NotiInvoNumber", row): null

2024-01-13 22:56:05 - [TEST_STEP][PASSED] - errorMsg = findTestData(dataFile).getValue("ErrorMessage", row): null

2024-01-13 22:56:05 - [TEST_STEP][PASSED] - out.println("Value of Execute is : " + ExecuteTC): null

2024-01-13 22:56:05 - [TEST_STEP][PASSED] - if (ExecuteTC.equalsIgnoreCase("Y")): null

2024-01-13 22:56:05 - [TEST_STEP][PASSED] - out.println("Begin Record Number: " + row): null

2024-01-13 22:56:05 - [TEST_STEP][PASSED] - today = new java.util.Date(): null

2024-01-13 22:56:05 - [TEST_STEP][PASSED] - println(today): null

2024-01-13 22:56:05 - [TEST_STEP][PASSED] - datText = today: null

2024-01-13 22:56:05 - [TEST_STEP][PASSED] - Taxtype = findTestData(dataFile).getValue("TaxType", row): null

2024-01-13 22:56:05 - [TEST_STEP][PASSED] - out.println("Taxtype value is : " + Taxtype): null

2024-01-13 22:56:05 - [TEST_STEP][PASSED] - openBrowser(""): Browser is opened with url: ''

2024-01-13 22:56:05 - [MESSAGE][WARNING] - A browser is already opened. Closing browser and opening a new one

2024-01-13 22:56:06 - [MESSAGE][INFO] - Starting 'Chrome' driver

2024-01-13 22:56:06 - [MESSAGE][INFO] - User set preference: ['acceptInsecureCerts', 'true']

2024-01-13 22:56:06 - [MESSAGE][INFO] - Action delay is set to 0 milliseconds

2024-01-13 22:56:07 - [MESSAGE][PASSED] - Browser is opened with url: ''

2024-01-13 22:56:07 - [TEST_STEP][PASSED] - maximizeWindow(): Current window maximized

2024-01-13 22:56:08 - [MESSAGE][PASSED] - Current window maximized

2024-01-13 22:56:08 - [TEST_STEP][PASSED] - navigateToUrl(RADurl): Navigate to 'https://qa2.velocitypayment.com/client/rad/index.html' successfully

2024-01-13 22:56:09 - [MESSAGE][PASSED] - Navigate to 'https://qa2.velocitypayment.com/client/rad/index.html' successfully

2024-01-13 22:56:09 - [TEST_STEP][PASSED] - orPath_Landing = "Object Repository/RAD_Pages/Landing_Page": null

2024-01-13 22:56:09 - [TEST_STEP][PASSED] - orPath_TaxTypeFilingYear = "Object Repository/RAD_Pages/TaxTypeFilingYear_Page": null

2024-01-13 22:56:09 - [TEST_STEP][PASSED] - orPath_TaxPayer = "Object Repository/RAD_Pages/Taxpayer_Page": null

2024-01-13 22:56:09 - [TEST_STEP][PASSED] - orPath_AddressContact = "Object Repository/RAD_Pages/AddressAndContactInfo_Page": null

2024-01-13 22:56:09 - [TEST_STEP][PASSED] - orPath_FilingStatus = "Object Repository/RAD_Pages/FilingStatus_Page": null

2024-01-13 22:56:09 - [TEST_STEP][PASSED] - orPath_Amount = "Object Repository/RAD_Pages/PaymentAmount_Page": null

2024-01-13 22:56:09 - [TEST_STEP][PASSED] - orPath_TaxInfo = "Object Repository/RAD_Pages/TaxInfo_Page": null

2024-01-13 22:56:09 - [TEST_STEP][PASSED] - orPath_Withholding = "Object Repository/RAD_Pages/Withholding_Page": null

2024-01-13 22:56:09 - [TEST_STEP][PASSED] - orPath_Summary = "Object Repository/RAD_Pages/Summary_Page": null

2024-01-13 22:56:09 - [TEST_STEP][PASSED] - orPath_PaymentReady = "Object Repository/RAD_Pages/PaymentReady_Page": null

2024-01-13 22:56:09 - [TEST_STEP][PASSED] - orPath_PaymentEntry = "Object Repository/RAD_Pages/PaymentEntry_Page": null

2024-01-13 22:56:09 - [TEST_STEP][PASSED] - orPath_PaymentConfirmation = "Object Repository/RAD_Pages/PaymentConfirmation_Page": null

2024-01-13 22:56:09 - [TEST_STEP][PASSED] - orPath_ServiceFeesAccept = "Object Repository/RAD_Pages/ServiceFeeAccept_Page": null

2024-01-13 22:56:09 - [TEST_STEP][PASSED] - selectOptionByLabel(findTestObject(orPath_Landing + "/dd_TaxType"), Taxtype, false): All options with label 'Existing Liability w/Notice Number' are selected in object 'Object Repository/RAD_Pages/Landing_Page/dd_TaxType' 

2024-01-13 22:56:10 - [MESSAGE][PASSED] - All options with label 'Existing Liability w/Notice Number' are selected in object 'Object Repository/RAD_Pages/Landing_Page/dd_TaxType' 

2024-01-13 22:56:10 - [TEST_STEP][PASSED] - delay(1): Delayed 1 second(s)

2024-01-13 22:56:11 - [MESSAGE][PASSED] - Delayed 1 second(s)

2024-01-13 22:56:11 - [TEST_STEP][PASSED] - selectOptionByLabel(findTestObject(orPath_TaxTypeFilingYear + "/select_TaxType_ExistingLiability"), TaxTypeEL, false): All options with label 'Unclaimed Property' are selected in object 'Object Repository/RAD_Pages/TaxTypeFilingYear_Page/select_TaxType_ExistingLiability' 

2024-01-13 22:56:11 - [MESSAGE][PASSED] - All options with label 'Unclaimed Property' are selected in object 'Object Repository/RAD_Pages/TaxTypeFilingYear_Page/select_TaxType_ExistingLiability' 

2024-01-13 22:56:11 - [TEST_STEP][PASSED] - setText(findTestObject(orPath_TaxInfo + "/input_NoticeInvoiceNumber"), notInvNumber): Text '0000000000000' is set on object 'Object Repository/RAD_Pages/TaxInfo_Page/input_NoticeInvoiceNumber'

2024-01-13 22:56:12 - [MESSAGE][PASSED] - Text '0000000000000' is set on object 'Object Repository/RAD_Pages/TaxInfo_Page/input_NoticeInvoiceNumber'

2024-01-13 22:56:12 - [TEST_STEP][PASSED] - setText(findTestObject(orPath_TaxInfo + "/input_reTypeNoticeInvoiceNumber"), notInvNumber): Text '0000000000000' is set on object 'Object Repository/RAD_Pages/TaxInfo_Page/input_reTypeNoticeInvoiceNumber'

2024-01-13 22:56:13 - [MESSAGE][PASSED] - Text '0000000000000' is set on object 'Object Repository/RAD_Pages/TaxInfo_Page/input_reTypeNoticeInvoiceNumber'

2024-01-13 22:56:13 - [TEST_STEP][PASSED] - println(notInvNumber): null

2024-01-13 22:56:13 - [TEST_STEP][PASSED] - if (verifyTextPresent(errorMsg, true)): null

2024-01-13 22:56:14 - [MESSAGE][PASSED] - Text 'Notice Number must be 13 digits in length, with a value greater than zero' is present on page  using regular expression

2024-01-13 22:56:14 - [TEST_STEP][PASSED] - println("Error Message is present on the page"): null

2024-01-13 22:56:14 - [TEST_STEP][PASSED] - out.println("Pass Record Number: " + row): null

2024-01-13 22:56:14 - [TEST_STEP][PASSED] - resText = "Pass": null

2024-01-13 22:56:14 - [TEST_STEP][PASSED] - pages.WriteExcel.demoKey(resText, datText, resColumn, datCloumn, fileLoc, nameSheet, row): pages.WriteExcel.demoKey is PASSED

2024-01-13 22:56:14 - [MESSAGE][PASSED] - pages.WriteExcel.demoKey is PASSED

2024-01-13 22:56:14 - [TEST_STEP][PASSED] - ExecuteTC = findTestData(dataFile).getValue("Execute", row): null

2024-01-13 22:56:14 - [TEST_STEP][PASSED] - Taxtype = findTestData(dataFile).getValue("TaxType", row): null

2024-01-13 22:56:14 - [TEST_STEP][PASSED] - TaxTypeEL = findTestData(dataFile).getValue("TaxTypeEL", row): null

2024-01-13 22:56:14 - [TEST_STEP][PASSED] - notInvNumber = findTestData(dataFile).getValue("NotiInvoNumber", row): null

2024-01-13 22:56:14 - [TEST_STEP][PASSED] - errorMsg = findTestData(dataFile).getValue("ErrorMessage", row): null

2024-01-13 22:56:14 - [TEST_STEP][PASSED] - out.println("Value of Execute is : " + ExecuteTC): null

2024-01-13 22:56:14 - [TEST_STEP][PASSED] - if (ExecuteTC.equalsIgnoreCase("Y")): null

2024-01-13 22:56:14 - [TEST_STEP][PASSED] - out.println("Begin Record Number: " + row): null

2024-01-13 22:56:14 - [TEST_STEP][PASSED] - today = new java.util.Date(): null

2024-01-13 22:56:14 - [TEST_STEP][PASSED] - println(today): null

2024-01-13 22:56:14 - [TEST_STEP][PASSED] - datText = today: null

2024-01-13 22:56:14 - [TEST_STEP][PASSED] - Taxtype = findTestData(dataFile).getValue("TaxType", row): null

2024-01-13 22:56:14 - [TEST_STEP][PASSED] - out.println("Taxtype value is : " + Taxtype): null

2024-01-13 22:56:14 - [TEST_STEP][PASSED] - openBrowser(""): Browser is opened with url: ''

2024-01-13 22:56:14 - [MESSAGE][WARNING] - A browser is already opened. Closing browser and opening a new one

2024-01-13 22:56:15 - [MESSAGE][INFO] - Starting 'Chrome' driver

2024-01-13 22:56:15 - [MESSAGE][INFO] - User set preference: ['acceptInsecureCerts', 'true']

2024-01-13 22:56:15 - [MESSAGE][INFO] - Action delay is set to 0 milliseconds

2024-01-13 22:56:17 - [MESSAGE][PASSED] - Browser is opened with url: ''

2024-01-13 22:56:17 - [TEST_STEP][PASSED] - maximizeWindow(): Current window maximized

2024-01-13 22:56:17 - [MESSAGE][PASSED] - Current window maximized

2024-01-13 22:56:17 - [TEST_STEP][PASSED] - navigateToUrl(RADurl): Navigate to 'https://qa2.velocitypayment.com/client/rad/index.html' successfully

2024-01-13 22:56:18 - [MESSAGE][PASSED] - Navigate to 'https://qa2.velocitypayment.com/client/rad/index.html' successfully

2024-01-13 22:56:18 - [TEST_STEP][PASSED] - orPath_Landing = "Object Repository/RAD_Pages/Landing_Page": null

2024-01-13 22:56:18 - [TEST_STEP][PASSED] - orPath_TaxTypeFilingYear = "Object Repository/RAD_Pages/TaxTypeFilingYear_Page": null

2024-01-13 22:56:18 - [TEST_STEP][PASSED] - orPath_TaxPayer = "Object Repository/RAD_Pages/Taxpayer_Page": null

2024-01-13 22:56:18 - [TEST_STEP][PASSED] - orPath_AddressContact = "Object Repository/RAD_Pages/AddressAndContactInfo_Page": null

2024-01-13 22:56:18 - [TEST_STEP][PASSED] - orPath_FilingStatus = "Object Repository/RAD_Pages/FilingStatus_Page": null

2024-01-13 22:56:18 - [TEST_STEP][PASSED] - orPath_Amount = "Object Repository/RAD_Pages/PaymentAmount_Page": null

2024-01-13 22:56:18 - [TEST_STEP][PASSED] - orPath_TaxInfo = "Object Repository/RAD_Pages/TaxInfo_Page": null

2024-01-13 22:56:18 - [TEST_STEP][PASSED] - orPath_Withholding = "Object Repository/RAD_Pages/Withholding_Page": null

2024-01-13 22:56:18 - [TEST_STEP][PASSED] - orPath_Summary = "Object Repository/RAD_Pages/Summary_Page": null

2024-01-13 22:56:18 - [TEST_STEP][PASSED] - orPath_PaymentReady = "Object Repository/RAD_Pages/PaymentReady_Page": null

2024-01-13 22:56:18 - [TEST_STEP][PASSED] - orPath_PaymentEntry = "Object Repository/RAD_Pages/PaymentEntry_Page": null

2024-01-13 22:56:18 - [TEST_STEP][PASSED] - orPath_PaymentConfirmation = "Object Repository/RAD_Pages/PaymentConfirmation_Page": null

2024-01-13 22:56:18 - [TEST_STEP][PASSED] - orPath_ServiceFeesAccept = "Object Repository/RAD_Pages/ServiceFeeAccept_Page": null

2024-01-13 22:56:18 - [TEST_STEP][PASSED] - selectOptionByLabel(findTestObject(orPath_Landing + "/dd_TaxType"), Taxtype, false): All options with label 'Existing Liability w/Notice Number' are selected in object 'Object Repository/RAD_Pages/Landing_Page/dd_TaxType' 

2024-01-13 22:56:19 - [MESSAGE][PASSED] - All options with label 'Existing Liability w/Notice Number' are selected in object 'Object Repository/RAD_Pages/Landing_Page/dd_TaxType' 

2024-01-13 22:56:19 - [TEST_STEP][PASSED] - delay(1): Delayed 1 second(s)

2024-01-13 22:56:20 - [MESSAGE][PASSED] - Delayed 1 second(s)

2024-01-13 22:56:20 - [TEST_STEP][PASSED] - selectOptionByLabel(findTestObject(orPath_TaxTypeFilingYear + "/select_TaxType_ExistingLiability"), TaxTypeEL, false): All options with label 'IFTA Tax' are selected in object 'Object Repository/RAD_Pages/TaxTypeFilingYear_Page/select_TaxType_ExistingLiability' 

2024-01-13 22:56:20 - [MESSAGE][PASSED] - All options with label 'IFTA Tax' are selected in object 'Object Repository/RAD_Pages/TaxTypeFilingYear_Page/select_TaxType_ExistingLiability' 

2024-01-13 22:56:20 - [TEST_STEP][PASSED] - setText(findTestObject(orPath_TaxInfo + "/input_NoticeInvoiceNumber"), notInvNumber): Text '0000000000000' is set on object 'Object Repository/RAD_Pages/TaxInfo_Page/input_NoticeInvoiceNumber'

2024-01-13 22:56:21 - [MESSAGE][PASSED] - Text '0000000000000' is set on object 'Object Repository/RAD_Pages/TaxInfo_Page/input_NoticeInvoiceNumber'

2024-01-13 22:56:21 - [TEST_STEP][PASSED] - setText(findTestObject(orPath_TaxInfo + "/input_reTypeNoticeInvoiceNumber"), notInvNumber): Text '0000000000000' is set on object 'Object Repository/RAD_Pages/TaxInfo_Page/input_reTypeNoticeInvoiceNumber'

2024-01-13 22:56:22 - [MESSAGE][PASSED] - Text '0000000000000' is set on object 'Object Repository/RAD_Pages/TaxInfo_Page/input_reTypeNoticeInvoiceNumber'

2024-01-13 22:56:22 - [TEST_STEP][PASSED] - println(notInvNumber): null

2024-01-13 22:56:22 - [TEST_STEP][PASSED] - if (verifyTextPresent(errorMsg, true)): null

2024-01-13 22:56:23 - [MESSAGE][PASSED] - Text 'Notice Number must be 13 digits in length, with a value greater than zero' is present on page  using regular expression

2024-01-13 22:56:23 - [TEST_STEP][PASSED] - println("Error Message is present on the page"): null

2024-01-13 22:56:23 - [TEST_STEP][PASSED] - out.println("Pass Record Number: " + row): null

2024-01-13 22:56:23 - [TEST_STEP][PASSED] - resText = "Pass": null

2024-01-13 22:56:23 - [TEST_STEP][PASSED] - pages.WriteExcel.demoKey(resText, datText, resColumn, datCloumn, fileLoc, nameSheet, row): pages.WriteExcel.demoKey is PASSED

2024-01-13 22:56:23 - [MESSAGE][PASSED] - pages.WriteExcel.demoKey is PASSED]]></system-out>
         <system-err><![CDATA[]]></system-err>
      </testcase>
      <testcase name="Test Cases/RAD_TestCases/Negative_TestCases/EMailNoMatch" time="551.376" classname="Test Cases/RAD_TestCases/Negative_TestCases/EMailNoMatch" status="PASSED">
         <system-out><![CDATA[2024-01-13 22:56:23 - [TEST_CASE][PASSED] - Test Cases/RAD_TestCases/Negative_TestCases/EMailNoMatch: Test Cases/RAD_TestCases/Negative_TestCases/EMailNoMatch

2024-01-13 22:56:23 - [TEST_STEP][PASSED] - resText = "Fail": null

2024-01-13 22:56:23 - [TEST_STEP][PASSED] - resColumn = "Result": null

2024-01-13 22:56:23 - [TEST_STEP][PASSED] - datCloumn = "Date": null

2024-01-13 22:56:23 - [TEST_STEP][PASSED] - fileLoc = "KatalonData/RADTestData/EmailNoMatch.xlsx": null

2024-01-13 22:56:23 - [TEST_STEP][PASSED] - nameSheet = "Sheet1": null

2024-01-13 22:56:23 - [TEST_STEP][PASSED] - dataFile = "RADTestData/EmailNoMatch": null

2024-01-13 22:56:23 - [TEST_STEP][PASSED] - ExecuteTC = <not implemented yet for class: org.codehaus.groovy.ast.expr.EmptyExpression>: null

2024-01-13 22:56:23 - [TEST_STEP][PASSED] - Taxtype = <not implemented yet for class: org.codehaus.groovy.ast.expr.EmptyExpression>: null

2024-01-13 22:56:23 - [TEST_STEP][PASSED] - numOfRows = findTestData(dataFile).getRowNumbers(): null

2024-01-13 22:56:23 - [TEST_STEP][PASSED] - println("Number of Records: " + numOfRows): null

2024-01-13 22:56:23 - [TEST_STEP][PASSED] - for ([row = 1, row <= numOfRows, (row++)]): null

2024-01-13 22:56:23 - [TEST_STEP][PASSED] - ExecuteTC = findTestData(dataFile).getValue("Execute", row): null

2024-01-13 22:56:24 - [TEST_STEP][PASSED] - Taxtype = findTestData(dataFile).getValue("TaxType", row): null

2024-01-13 22:56:24 - [TEST_STEP][PASSED] - Paymenttype = findTestData(dataFile).getValue("PaymentType", row): null

2024-01-13 22:56:24 - [TEST_STEP][PASSED] - out.println("Value of Execute is : " + ExecuteTC): null

2024-01-13 22:56:24 - [TEST_STEP][PASSED] - if (ExecuteTC.equalsIgnoreCase("Y")): null

2024-01-13 22:56:24 - [TEST_STEP][PASSED] - out.println("Begin Record Number: " + row): null

2024-01-13 22:56:24 - [TEST_STEP][PASSED] - today = new java.util.Date(): null

2024-01-13 22:56:24 - [TEST_STEP][PASSED] - println(today): null

2024-01-13 22:56:24 - [TEST_STEP][PASSED] - datText = today: null

2024-01-13 22:56:24 - [TEST_STEP][PASSED] - Taxtype = findTestData(dataFile).getValue("TaxType", row): null

2024-01-13 22:56:24 - [TEST_STEP][PASSED] - out.println("Taxtype value is : " + Taxtype): null

2024-01-13 22:56:24 - [TEST_STEP][PASSED] - openBrowser(""): Browser is opened with url: ''

2024-01-13 22:56:24 - [MESSAGE][WARNING] - A browser is already opened. Closing browser and opening a new one

2024-01-13 22:56:25 - [MESSAGE][INFO] - Starting 'Chrome' driver

2024-01-13 22:56:25 - [MESSAGE][INFO] - User set preference: ['acceptInsecureCerts', 'true']

2024-01-13 22:56:25 - [MESSAGE][INFO] - Action delay is set to 0 milliseconds

2024-01-13 22:56:26 - [MESSAGE][PASSED] - Browser is opened with url: ''

2024-01-13 22:56:26 - [TEST_STEP][PASSED] - maximizeWindow(): Current window maximized

2024-01-13 22:56:26 - [MESSAGE][PASSED] - Current window maximized

2024-01-13 22:56:26 - [TEST_STEP][PASSED] - navigateToUrl(RADurl): Navigate to 'https://qa2.velocitypayment.com/client/rad/index.html' successfully

2024-01-13 22:56:28 - [MESSAGE][PASSED] - Navigate to 'https://qa2.velocitypayment.com/client/rad/index.html' successfully

2024-01-13 22:56:28 - [TEST_STEP][PASSED] - orPath_Landing = "Object Repository/RAD_Pages/Landing_Page": null

2024-01-13 22:56:28 - [TEST_STEP][PASSED] - orPath_TaxTypeFilingYear = "Object Repository/RAD_Pages/TaxTypeFilingYear_Page": null

2024-01-13 22:56:28 - [TEST_STEP][PASSED] - orPath_TaxPayer = "Object Repository/RAD_Pages/Taxpayer_Page": null

2024-01-13 22:56:28 - [TEST_STEP][PASSED] - orPath_AddressContact = "Object Repository/RAD_Pages/AddressAndContactInfo_Page": null

2024-01-13 22:56:28 - [TEST_STEP][PASSED] - orPath_FilingStatus = "Object Repository/RAD_Pages/FilingStatus_Page": null

2024-01-13 22:56:28 - [TEST_STEP][PASSED] - orPath_Amount = "Object Repository/RAD_Pages/PaymentAmount_Page": null

2024-01-13 22:56:28 - [TEST_STEP][PASSED] - selectOptionByLabel(findTestObject(orPath_Landing + "/dd_TaxType"), Paymenttype, false): All options with label 'Existing Liability w/Notice Number' are selected in object 'Object Repository/RAD_Pages/Landing_Page/dd_TaxType' 

2024-01-13 22:56:28 - [MESSAGE][PASSED] - All options with label 'Existing Liability w/Notice Number' are selected in object 'Object Repository/RAD_Pages/Landing_Page/dd_TaxType' 

2024-01-13 22:56:28 - [TEST_STEP][PASSED] - delay(1): Delayed 1 second(s)

2024-01-13 22:56:29 - [MESSAGE][PASSED] - Delayed 1 second(s)

2024-01-13 22:56:29 - [TEST_STEP][PASSED] - switch (Paymenttype): null

2024-01-13 22:56:29 - [TEST_STEP][PASSED] - case "Existing Liability w/Notice Number":: null

2024-01-13 22:56:29 - [TEST_STEP][PASSED] - selectOptionByLabel(findTestObject(orPath_TaxTypeFilingYear + "/select_TaxType_ExistingLiability"), Taxtype, false): All options with label 'Bay Restoration Fee' are selected in object 'Object Repository/RAD_Pages/TaxTypeFilingYear_Page/select_TaxType_ExistingLiability' 

2024-01-13 22:56:30 - [MESSAGE][PASSED] - All options with label 'Bay Restoration Fee' are selected in object 'Object Repository/RAD_Pages/TaxTypeFilingYear_Page/select_TaxType_ExistingLiability' 

2024-01-13 22:56:30 - [TEST_STEP][PASSED] - break: null

2024-01-13 22:56:30 - [TEST_STEP][PASSED] - delay(1): Delayed 1 second(s)

2024-01-13 22:56:31 - [MESSAGE][PASSED] - Delayed 1 second(s)

2024-01-13 22:56:31 - [TEST_STEP][PASSED] - scrollToElement(findTestObject(orPath_Amount + "/input__paymentAmount"), 3): Scroll to object 'Object Repository/RAD_Pages/PaymentAmount_Page/input__paymentAmount' successfully

2024-01-13 22:56:31 - [MESSAGE][PASSED] - Scroll to object 'Object Repository/RAD_Pages/PaymentAmount_Page/input__paymentAmount' successfully

2024-01-13 22:56:31 - [TEST_STEP][PASSED] - setText(findTestObject(orPath_AddressContact + "/input_eMailAddress"), "imtiazster@gmail.com"): Text 'imtiazster@gmail.com' is set on object 'Object Repository/RAD_Pages/AddressAndContactInfo_Page/input_eMailAddress'

2024-01-13 22:56:32 - [MESSAGE][PASSED] - Text 'imtiazster@gmail.com' is set on object 'Object Repository/RAD_Pages/AddressAndContactInfo_Page/input_eMailAddress'

2024-01-13 22:56:32 - [TEST_STEP][PASSED] - setText(findTestObject(orPath_AddressContact + "/input_reEnterEMailAddress"), "iahmed@govolution.com"): Text 'iahmed@govolution.com' is set on object 'Object Repository/RAD_Pages/AddressAndContactInfo_Page/input_reEnterEMailAddress'

2024-01-13 22:56:33 - [MESSAGE][PASSED] - Text 'iahmed@govolution.com' is set on object 'Object Repository/RAD_Pages/AddressAndContactInfo_Page/input_reEnterEMailAddress'

2024-01-13 22:56:33 - [TEST_STEP][PASSED] - delay(2): Delayed 2 second(s)

2024-01-13 22:56:35 - [MESSAGE][PASSED] - Delayed 2 second(s)

2024-01-13 22:56:35 - [TEST_STEP][PASSED] - if (verifyTextPresent("The Email and Re-enter email do not match", true)): null

2024-01-13 22:56:35 - [MESSAGE][PASSED] - Text 'The Email and Re-enter email do not match' is present on page  using regular expression

2024-01-13 22:56:35 - [TEST_STEP][PASSED] - println("Emails Dont match text is present"): null

2024-01-13 22:56:35 - [TEST_STEP][PASSED] - out.println("Pass Record Number: " + row): null

2024-01-13 22:56:35 - [TEST_STEP][PASSED] - resText = "Pass": null

2024-01-13 22:56:35 - [TEST_STEP][PASSED] - pages.WriteExcel.demoKey(resText, datText, resColumn, datCloumn, fileLoc, nameSheet, row): pages.WriteExcel.demoKey is PASSED

2024-01-13 22:56:36 - [MESSAGE][PASSED] - pages.WriteExcel.demoKey is PASSED

2024-01-13 22:56:36 - [TEST_STEP][PASSED] - ExecuteTC = findTestData(dataFile).getValue("Execute", row): null

2024-01-13 22:56:36 - [TEST_STEP][PASSED] - Taxtype = findTestData(dataFile).getValue("TaxType", row): null

2024-01-13 22:56:36 - [TEST_STEP][PASSED] - Paymenttype = findTestData(dataFile).getValue("PaymentType", row): null

2024-01-13 22:56:36 - [TEST_STEP][PASSED] - out.println("Value of Execute is : " + ExecuteTC): null

2024-01-13 22:56:36 - [TEST_STEP][PASSED] - if (ExecuteTC.equalsIgnoreCase("Y")): null

2024-01-13 22:56:36 - [TEST_STEP][PASSED] - out.println("Begin Record Number: " + row): null

2024-01-13 22:56:36 - [TEST_STEP][PASSED] - today = new java.util.Date(): null

2024-01-13 22:56:36 - [TEST_STEP][PASSED] - println(today): null

2024-01-13 22:56:36 - [TEST_STEP][PASSED] - datText = today: null

2024-01-13 22:56:36 - [TEST_STEP][PASSED] - Taxtype = findTestData(dataFile).getValue("TaxType", row): null

2024-01-13 22:56:36 - [TEST_STEP][PASSED] - out.println("Taxtype value is : " + Taxtype): null

2024-01-13 22:56:36 - [TEST_STEP][PASSED] - openBrowser(""): Browser is opened with url: ''

2024-01-13 22:56:36 - [MESSAGE][WARNING] - A browser is already opened. Closing browser and opening a new one

2024-01-13 22:56:37 - [MESSAGE][INFO] - Starting 'Chrome' driver

2024-01-13 22:56:37 - [MESSAGE][INFO] - User set preference: ['acceptInsecureCerts', 'true']

2024-01-13 22:56:37 - [MESSAGE][INFO] - Action delay is set to 0 milliseconds

2024-01-13 22:56:38 - [MESSAGE][PASSED] - Browser is opened with url: ''

2024-01-13 22:56:38 - [TEST_STEP][PASSED] - maximizeWindow(): Current window maximized

2024-01-13 22:56:38 - [MESSAGE][PASSED] - Current window maximized

2024-01-13 22:56:38 - [TEST_STEP][PASSED] - navigateToUrl(RADurl): Navigate to 'https://qa2.velocitypayment.com/client/rad/index.html' successfully

2024-01-13 22:56:38 - [MESSAGE][PASSED] - Navigate to 'https://qa2.velocitypayment.com/client/rad/index.html' successfully

2024-01-13 22:56:38 - [TEST_STEP][PASSED] - orPath_Landing = "Object Repository/RAD_Pages/Landing_Page": null

2024-01-13 22:56:38 - [TEST_STEP][PASSED] - orPath_TaxTypeFilingYear = "Object Repository/RAD_Pages/TaxTypeFilingYear_Page": null

2024-01-13 22:56:38 - [TEST_STEP][PASSED] - orPath_TaxPayer = "Object Repository/RAD_Pages/Taxpayer_Page": null

2024-01-13 22:56:38 - [TEST_STEP][PASSED] - orPath_AddressContact = "Object Repository/RAD_Pages/AddressAndContactInfo_Page": null

2024-01-13 22:56:38 - [TEST_STEP][PASSED] - orPath_FilingStatus = "Object Repository/RAD_Pages/FilingStatus_Page": null

2024-01-13 22:56:38 - [TEST_STEP][PASSED] - orPath_Amount = "Object Repository/RAD_Pages/PaymentAmount_Page": null

2024-01-13 22:56:38 - [TEST_STEP][PASSED] - selectOptionByLabel(findTestObject(orPath_Landing + "/dd_TaxType"), Paymenttype, false): All options with label 'Existing Liability w/Notice Number' are selected in object 'Object Repository/RAD_Pages/Landing_Page/dd_TaxType' 

2024-01-13 22:56:41 - [MESSAGE][PASSED] - All options with label 'Existing Liability w/Notice Number' are selected in object 'Object Repository/RAD_Pages/Landing_Page/dd_TaxType' 

2024-01-13 22:56:41 - [TEST_STEP][PASSED] - delay(1): Delayed 1 second(s)

2024-01-13 22:56:42 - [MESSAGE][PASSED] - Delayed 1 second(s)

2024-01-13 22:56:42 - [TEST_STEP][PASSED] - switch (Paymenttype): null

2024-01-13 22:56:42 - [TEST_STEP][PASSED] - case "Existing Liability w/Notice Number":: null

2024-01-13 22:56:42 - [TEST_STEP][PASSED] - selectOptionByLabel(findTestObject(orPath_TaxTypeFilingYear + "/select_TaxType_ExistingLiability"), Taxtype, false): All options with label 'Corporate Income Tax' are selected in object 'Object Repository/RAD_Pages/TaxTypeFilingYear_Page/select_TaxType_ExistingLiability' 

2024-01-13 22:56:42 - [MESSAGE][PASSED] - All options with label 'Corporate Income Tax' are selected in object 'Object Repository/RAD_Pages/TaxTypeFilingYear_Page/select_TaxType_ExistingLiability' 

2024-01-13 22:56:42 - [TEST_STEP][PASSED] - break: null

2024-01-13 22:56:42 - [TEST_STEP][PASSED] - delay(1): Delayed 1 second(s)

2024-01-13 22:56:43 - [MESSAGE][PASSED] - Delayed 1 second(s)

2024-01-13 22:56:43 - [TEST_STEP][PASSED] - scrollToElement(findTestObject(orPath_Amount + "/input__paymentAmount"), 3): Scroll to object 'Object Repository/RAD_Pages/PaymentAmount_Page/input__paymentAmount' successfully

2024-01-13 22:56:44 - [MESSAGE][PASSED] - Scroll to object 'Object Repository/RAD_Pages/PaymentAmount_Page/input__paymentAmount' successfully

2024-01-13 22:56:44 - [TEST_STEP][PASSED] - setText(findTestObject(orPath_AddressContact + "/input_eMailAddress"), "imtiazster@gmail.com"): Text 'imtiazster@gmail.com' is set on object 'Object Repository/RAD_Pages/AddressAndContactInfo_Page/input_eMailAddress'

2024-01-13 22:56:45 - [MESSAGE][PASSED] - Text 'imtiazster@gmail.com' is set on object 'Object Repository/RAD_Pages/AddressAndContactInfo_Page/input_eMailAddress'

2024-01-13 22:56:45 - [TEST_STEP][PASSED] - setText(findTestObject(orPath_AddressContact + "/input_reEnterEMailAddress"), "iahmed@govolution.com"): Text 'iahmed@govolution.com' is set on object 'Object Repository/RAD_Pages/AddressAndContactInfo_Page/input_reEnterEMailAddress'

2024-01-13 22:56:45 - [MESSAGE][PASSED] - Text 'iahmed@govolution.com' is set on object 'Object Repository/RAD_Pages/AddressAndContactInfo_Page/input_reEnterEMailAddress'

2024-01-13 22:56:45 - [TEST_STEP][PASSED] - delay(2): Delayed 2 second(s)

2024-01-13 22:56:47 - [MESSAGE][PASSED] - Delayed 2 second(s)

2024-01-13 22:56:47 - [TEST_STEP][PASSED] - if (verifyTextPresent("The Email and Re-enter email do not match", true)): null

2024-01-13 22:56:48 - [MESSAGE][PASSED] - Text 'The Email and Re-enter email do not match' is present on page  using regular expression

2024-01-13 22:56:48 - [TEST_STEP][PASSED] - println("Emails Dont match text is present"): null

2024-01-13 22:56:48 - [TEST_STEP][PASSED] - out.println("Pass Record Number: " + row): null

2024-01-13 22:56:48 - [TEST_STEP][PASSED] - resText = "Pass": null

2024-01-13 22:56:48 - [TEST_STEP][PASSED] - pages.WriteExcel.demoKey(resText, datText, resColumn, datCloumn, fileLoc, nameSheet, row): pages.WriteExcel.demoKey is PASSED

2024-01-13 22:56:48 - [MESSAGE][PASSED] - pages.WriteExcel.demoKey is PASSED

2024-01-13 22:56:48 - [TEST_STEP][PASSED] - ExecuteTC = findTestData(dataFile).getValue("Execute", row): null

2024-01-13 22:56:48 - [TEST_STEP][PASSED] - Taxtype = findTestData(dataFile).getValue("TaxType", row): null

2024-01-13 22:56:48 - [TEST_STEP][PASSED] - Paymenttype = findTestData(dataFile).getValue("PaymentType", row): null

2024-01-13 22:56:48 - [TEST_STEP][PASSED] - out.println("Value of Execute is : " + ExecuteTC): null

2024-01-13 22:56:48 - [TEST_STEP][PASSED] - if (ExecuteTC.equalsIgnoreCase("Y")): null

2024-01-13 22:56:48 - [TEST_STEP][PASSED] - out.println("Begin Record Number: " + row): null

2024-01-13 22:56:48 - [TEST_STEP][PASSED] - today = new java.util.Date(): null

2024-01-13 22:56:48 - [TEST_STEP][PASSED] - println(today): null

2024-01-13 22:56:48 - [TEST_STEP][PASSED] - datText = today: null

2024-01-13 22:56:48 - [TEST_STEP][PASSED] - Taxtype = findTestData(dataFile).getValue("TaxType", row): null

2024-01-13 22:56:48 - [TEST_STEP][PASSED] - out.println("Taxtype value is : " + Taxtype): null

2024-01-13 22:56:48 - [TEST_STEP][PASSED] - openBrowser(""): Browser is opened with url: ''

2024-01-13 22:56:48 - [MESSAGE][WARNING] - A browser is already opened. Closing browser and opening a new one

2024-01-13 22:56:49 - [MESSAGE][INFO] - Starting 'Chrome' driver

2024-01-13 22:56:49 - [MESSAGE][INFO] - User set preference: ['acceptInsecureCerts', 'true']

2024-01-13 22:56:49 - [MESSAGE][INFO] - Action delay is set to 0 milliseconds

2024-01-13 22:56:50 - [MESSAGE][PASSED] - Browser is opened with url: ''

2024-01-13 22:56:50 - [TEST_STEP][PASSED] - maximizeWindow(): Current window maximized

2024-01-13 22:56:51 - [MESSAGE][PASSED] - Current window maximized

2024-01-13 22:56:51 - [TEST_STEP][PASSED] - navigateToUrl(RADurl): Navigate to 'https://qa2.velocitypayment.com/client/rad/index.html' successfully

2024-01-13 22:56:52 - [MESSAGE][PASSED] - Navigate to 'https://qa2.velocitypayment.com/client/rad/index.html' successfully

2024-01-13 22:56:52 - [TEST_STEP][PASSED] - orPath_Landing = "Object Repository/RAD_Pages/Landing_Page": null

2024-01-13 22:56:52 - [TEST_STEP][PASSED] - orPath_TaxTypeFilingYear = "Object Repository/RAD_Pages/TaxTypeFilingYear_Page": null

2024-01-13 22:56:52 - [TEST_STEP][PASSED] - orPath_TaxPayer = "Object Repository/RAD_Pages/Taxpayer_Page": null

2024-01-13 22:56:52 - [TEST_STEP][PASSED] - orPath_AddressContact = "Object Repository/RAD_Pages/AddressAndContactInfo_Page": null

2024-01-13 22:56:52 - [TEST_STEP][PASSED] - orPath_FilingStatus = "Object Repository/RAD_Pages/FilingStatus_Page": null

2024-01-13 22:56:52 - [TEST_STEP][PASSED] - orPath_Amount = "Object Repository/RAD_Pages/PaymentAmount_Page": null

2024-01-13 22:56:52 - [TEST_STEP][PASSED] - selectOptionByLabel(findTestObject(orPath_Landing + "/dd_TaxType"), Paymenttype, false): All options with label 'Existing Liability w/Notice Number' are selected in object 'Object Repository/RAD_Pages/Landing_Page/dd_TaxType' 

2024-01-13 22:56:53 - [MESSAGE][PASSED] - All options with label 'Existing Liability w/Notice Number' are selected in object 'Object Repository/RAD_Pages/Landing_Page/dd_TaxType' 

2024-01-13 22:56:53 - [TEST_STEP][PASSED] - delay(1): Delayed 1 second(s)

2024-01-13 22:56:54 - [MESSAGE][PASSED] - Delayed 1 second(s)

2024-01-13 22:56:54 - [TEST_STEP][PASSED] - switch (Paymenttype): null

2024-01-13 22:56:54 - [TEST_STEP][PASSED] - case "Existing Liability w/Notice Number":: null

2024-01-13 22:56:54 - [TEST_STEP][PASSED] - selectOptionByLabel(findTestObject(orPath_TaxTypeFilingYear + "/select_TaxType_ExistingLiability"), Taxtype, false): All options with label 'Fiduciary Tax' are selected in object 'Object Repository/RAD_Pages/TaxTypeFilingYear_Page/select_TaxType_ExistingLiability' 

2024-01-13 22:56:54 - [MESSAGE][PASSED] - All options with label 'Fiduciary Tax' are selected in object 'Object Repository/RAD_Pages/TaxTypeFilingYear_Page/select_TaxType_ExistingLiability' 

2024-01-13 22:56:54 - [TEST_STEP][PASSED] - break: null

2024-01-13 22:56:54 - [TEST_STEP][PASSED] - delay(1): Delayed 1 second(s)

2024-01-13 22:56:55 - [MESSAGE][PASSED] - Delayed 1 second(s)

2024-01-13 22:56:55 - [TEST_STEP][PASSED] - scrollToElement(findTestObject(orPath_Amount + "/input__paymentAmount"), 3): Scroll to object 'Object Repository/RAD_Pages/PaymentAmount_Page/input__paymentAmount' successfully

2024-01-13 22:56:56 - [MESSAGE][PASSED] - Scroll to object 'Object Repository/RAD_Pages/PaymentAmount_Page/input__paymentAmount' successfully

2024-01-13 22:56:56 - [TEST_STEP][PASSED] - setText(findTestObject(orPath_AddressContact + "/input_eMailAddress"), "imtiazster@gmail.com"): Text 'imtiazster@gmail.com' is set on object 'Object Repository/RAD_Pages/AddressAndContactInfo_Page/input_eMailAddress'

2024-01-13 22:56:57 - [MESSAGE][PASSED] - Text 'imtiazster@gmail.com' is set on object 'Object Repository/RAD_Pages/AddressAndContactInfo_Page/input_eMailAddress'

2024-01-13 22:56:57 - [TEST_STEP][PASSED] - setText(findTestObject(orPath_AddressContact + "/input_reEnterEMailAddress"), "iahmed@govolution.com"): Text 'iahmed@govolution.com' is set on object 'Object Repository/RAD_Pages/AddressAndContactInfo_Page/input_reEnterEMailAddress'

2024-01-13 22:56:57 - [MESSAGE][PASSED] - Text 'iahmed@govolution.com' is set on object 'Object Repository/RAD_Pages/AddressAndContactInfo_Page/input_reEnterEMailAddress'

2024-01-13 22:56:57 - [TEST_STEP][PASSED] - delay(2): Delayed 2 second(s)

2024-01-13 22:56:59 - [MESSAGE][PASSED] - Delayed 2 second(s)

2024-01-13 22:56:59 - [TEST_STEP][PASSED] - if (verifyTextPresent("The Email and Re-enter email do not match", true)): null

2024-01-13 22:57:00 - [MESSAGE][PASSED] - Text 'The Email and Re-enter email do not match' is present on page  using regular expression

2024-01-13 22:57:00 - [TEST_STEP][PASSED] - println("Emails Dont match text is present"): null

2024-01-13 22:57:00 - [TEST_STEP][PASSED] - out.println("Pass Record Number: " + row): null

2024-01-13 22:57:00 - [TEST_STEP][PASSED] - resText = "Pass": null

2024-01-13 22:57:00 - [TEST_STEP][PASSED] - pages.WriteExcel.demoKey(resText, datText, resColumn, datCloumn, fileLoc, nameSheet, row): pages.WriteExcel.demoKey is PASSED

2024-01-13 22:57:00 - [MESSAGE][PASSED] - pages.WriteExcel.demoKey is PASSED

2024-01-13 22:57:00 - [TEST_STEP][PASSED] - ExecuteTC = findTestData(dataFile).getValue("Execute", row): null

2024-01-13 22:57:00 - [TEST_STEP][PASSED] - Taxtype = findTestData(dataFile).getValue("TaxType", row): null

2024-01-13 22:57:00 - [TEST_STEP][PASSED] - Paymenttype = findTestData(dataFile).getValue("PaymentType", row): null

2024-01-13 22:57:00 - [TEST_STEP][PASSED] - out.println("Value of Execute is : " + ExecuteTC): null

2024-01-13 22:57:00 - [TEST_STEP][PASSED] - if (ExecuteTC.equalsIgnoreCase("Y")): null

2024-01-13 22:57:00 - [TEST_STEP][PASSED] - out.println("Begin Record Number: " + row): null

2024-01-13 22:57:00 - [TEST_STEP][PASSED] - today = new java.util.Date(): null

2024-01-13 22:57:00 - [TEST_STEP][PASSED] - println(today): null

2024-01-13 22:57:00 - [TEST_STEP][PASSED] - datText = today: null

2024-01-13 22:57:00 - [TEST_STEP][PASSED] - Taxtype = findTestData(dataFile).getValue("TaxType", row): null

2024-01-13 22:57:00 - [TEST_STEP][PASSED] - out.println("Taxtype value is : " + Taxtype): null

2024-01-13 22:57:00 - [TEST_STEP][PASSED] - openBrowser(""): Browser is opened with url: ''

2024-01-13 22:57:00 - [MESSAGE][WARNING] - A browser is already opened. Closing browser and opening a new one

2024-01-13 22:57:01 - [MESSAGE][INFO] - Starting 'Chrome' driver

2024-01-13 22:57:01 - [MESSAGE][INFO] - User set preference: ['acceptInsecureCerts', 'true']

2024-01-13 22:57:01 - [MESSAGE][INFO] - Action delay is set to 0 milliseconds

2024-01-13 22:57:02 - [MESSAGE][PASSED] - Browser is opened with url: ''

2024-01-13 22:57:02 - [TEST_STEP][PASSED] - maximizeWindow(): Current window maximized

2024-01-13 22:57:03 - [MESSAGE][PASSED] - Current window maximized

2024-01-13 22:57:03 - [TEST_STEP][PASSED] - navigateToUrl(RADurl): Navigate to 'https://qa2.velocitypayment.com/client/rad/index.html' successfully

2024-01-13 22:57:04 - [MESSAGE][PASSED] - Navigate to 'https://qa2.velocitypayment.com/client/rad/index.html' successfully

2024-01-13 22:57:04 - [TEST_STEP][PASSED] - orPath_Landing = "Object Repository/RAD_Pages/Landing_Page": null

2024-01-13 22:57:04 - [TEST_STEP][PASSED] - orPath_TaxTypeFilingYear = "Object Repository/RAD_Pages/TaxTypeFilingYear_Page": null

2024-01-13 22:57:04 - [TEST_STEP][PASSED] - orPath_TaxPayer = "Object Repository/RAD_Pages/Taxpayer_Page": null

2024-01-13 22:57:04 - [TEST_STEP][PASSED] - orPath_AddressContact = "Object Repository/RAD_Pages/AddressAndContactInfo_Page": null

2024-01-13 22:57:04 - [TEST_STEP][PASSED] - orPath_FilingStatus = "Object Repository/RAD_Pages/FilingStatus_Page": null

2024-01-13 22:57:04 - [TEST_STEP][PASSED] - orPath_Amount = "Object Repository/RAD_Pages/PaymentAmount_Page": null

2024-01-13 22:57:04 - [TEST_STEP][PASSED] - selectOptionByLabel(findTestObject(orPath_Landing + "/dd_TaxType"), Paymenttype, false): All options with label 'Existing Liability w/Notice Number' are selected in object 'Object Repository/RAD_Pages/Landing_Page/dd_TaxType' 

2024-01-13 22:57:05 - [MESSAGE][PASSED] - All options with label 'Existing Liability w/Notice Number' are selected in object 'Object Repository/RAD_Pages/Landing_Page/dd_TaxType' 

2024-01-13 22:57:05 - [TEST_STEP][PASSED] - delay(1): Delayed 1 second(s)

2024-01-13 22:57:06 - [MESSAGE][PASSED] - Delayed 1 second(s)

2024-01-13 22:57:06 - [TEST_STEP][PASSED] - switch (Paymenttype): null

2024-01-13 22:57:06 - [TEST_STEP][PASSED] - case "Existing Liability w/Notice Number":: null

2024-01-13 22:57:06 - [TEST_STEP][PASSED] - selectOptionByLabel(findTestObject(orPath_TaxTypeFilingYear + "/select_TaxType_ExistingLiability"), Taxtype, false): All options with label 'PTE Non-Electing Non-S Corp' are selected in object 'Object Repository/RAD_Pages/TaxTypeFilingYear_Page/select_TaxType_ExistingLiability' 

2024-01-13 22:57:06 - [MESSAGE][PASSED] - All options with label 'PTE Non-Electing Non-S Corp' are selected in object 'Object Repository/RAD_Pages/TaxTypeFilingYear_Page/select_TaxType_ExistingLiability' 

2024-01-13 22:57:06 - [TEST_STEP][PASSED] - break: null

2024-01-13 22:57:06 - [TEST_STEP][PASSED] - delay(1): Delayed 1 second(s)

2024-01-13 22:57:07 - [MESSAGE][PASSED] - Delayed 1 second(s)

2024-01-13 22:57:07 - [TEST_STEP][PASSED] - scrollToElement(findTestObject(orPath_Amount + "/input__paymentAmount"), 3): Scroll to object 'Object Repository/RAD_Pages/PaymentAmount_Page/input__paymentAmount' successfully

2024-01-13 22:57:08 - [MESSAGE][PASSED] - Scroll to object 'Object Repository/RAD_Pages/PaymentAmount_Page/input__paymentAmount' successfully

2024-01-13 22:57:08 - [TEST_STEP][PASSED] - setText(findTestObject(orPath_AddressContact + "/input_eMailAddress"), "imtiazster@gmail.com"): Text 'imtiazster@gmail.com' is set on object 'Object Repository/RAD_Pages/AddressAndContactInfo_Page/input_eMailAddress'

2024-01-13 22:57:09 - [MESSAGE][PASSED] - Text 'imtiazster@gmail.com' is set on object 'Object Repository/RAD_Pages/AddressAndContactInfo_Page/input_eMailAddress'

2024-01-13 22:57:09 - [TEST_STEP][PASSED] - setText(findTestObject(orPath_AddressContact + "/input_reEnterEMailAddress"), "iahmed@govolution.com"): Text 'iahmed@govolution.com' is set on object 'Object Repository/RAD_Pages/AddressAndContactInfo_Page/input_reEnterEMailAddress'

2024-01-13 22:57:09 - [MESSAGE][PASSED] - Text 'iahmed@govolution.com' is set on object 'Object Repository/RAD_Pages/AddressAndContactInfo_Page/input_reEnterEMailAddress'

2024-01-13 22:57:09 - [TEST_STEP][PASSED] - delay(2): Delayed 2 second(s)

2024-01-13 22:57:11 - [MESSAGE][PASSED] - Delayed 2 second(s)

2024-01-13 22:57:11 - [TEST_STEP][PASSED] - if (verifyTextPresent("The Email and Re-enter email do not match", true)): null

2024-01-13 22:57:12 - [MESSAGE][PASSED] - Text 'The Email and Re-enter email do not match' is present on page  using regular expression

2024-01-13 22:57:12 - [TEST_STEP][PASSED] - println("Emails Dont match text is present"): null

2024-01-13 22:57:12 - [TEST_STEP][PASSED] - out.println("Pass Record Number: " + row): null

2024-01-13 22:57:12 - [TEST_STEP][PASSED] - resText = "Pass": null

2024-01-13 22:57:12 - [TEST_STEP][PASSED] - pages.WriteExcel.demoKey(resText, datText, resColumn, datCloumn, fileLoc, nameSheet, row): pages.WriteExcel.demoKey is PASSED

2024-01-13 22:57:12 - [MESSAGE][PASSED] - pages.WriteExcel.demoKey is PASSED

2024-01-13 22:57:12 - [TEST_STEP][PASSED] - ExecuteTC = findTestData(dataFile).getValue("Execute", row): null

2024-01-13 22:57:12 - [TEST_STEP][PASSED] - Taxtype = findTestData(dataFile).getValue("TaxType", row): null

2024-01-13 22:57:12 - [TEST_STEP][PASSED] - Paymenttype = findTestData(dataFile).getValue("PaymentType", row): null

2024-01-13 22:57:12 - [TEST_STEP][PASSED] - out.println("Value of Execute is : " + ExecuteTC): null

2024-01-13 22:57:12 - [TEST_STEP][PASSED] - if (ExecuteTC.equalsIgnoreCase("Y")): null

2024-01-13 22:57:12 - [TEST_STEP][PASSED] - out.println("Begin Record Number: " + row): null

2024-01-13 22:57:12 - [TEST_STEP][PASSED] - today = new java.util.Date(): null

2024-01-13 22:57:12 - [TEST_STEP][PASSED] - println(today): null

2024-01-13 22:57:12 - [TEST_STEP][PASSED] - datText = today: null

2024-01-13 22:57:12 - [TEST_STEP][PASSED] - Taxtype = findTestData(dataFile).getValue("TaxType", row): null

2024-01-13 22:57:12 - [TEST_STEP][PASSED] - out.println("Taxtype value is : " + Taxtype): null

2024-01-13 22:57:12 - [TEST_STEP][PASSED] - openBrowser(""): Browser is opened with url: ''

2024-01-13 22:57:12 - [MESSAGE][WARNING] - A browser is already opened. Closing browser and opening a new one

2024-01-13 22:57:13 - [MESSAGE][INFO] - Starting 'Chrome' driver

2024-01-13 22:57:13 - [MESSAGE][INFO] - User set preference: ['acceptInsecureCerts', 'true']

2024-01-13 22:57:13 - [MESSAGE][INFO] - Action delay is set to 0 milliseconds

2024-01-13 22:57:14 - [MESSAGE][PASSED] - Browser is opened with url: ''

2024-01-13 22:57:14 - [TEST_STEP][PASSED] - maximizeWindow(): Current window maximized

2024-01-13 22:57:15 - [MESSAGE][PASSED] - Current window maximized

2024-01-13 22:57:15 - [TEST_STEP][PASSED] - navigateToUrl(RADurl): Navigate to 'https://qa2.velocitypayment.com/client/rad/index.html' successfully

2024-01-13 22:57:16 - [MESSAGE][PASSED] - Navigate to 'https://qa2.velocitypayment.com/client/rad/index.html' successfully

2024-01-13 22:57:16 - [TEST_STEP][PASSED] - orPath_Landing = "Object Repository/RAD_Pages/Landing_Page": null

2024-01-13 22:57:16 - [TEST_STEP][PASSED] - orPath_TaxTypeFilingYear = "Object Repository/RAD_Pages/TaxTypeFilingYear_Page": null

2024-01-13 22:57:16 - [TEST_STEP][PASSED] - orPath_TaxPayer = "Object Repository/RAD_Pages/Taxpayer_Page": null

2024-01-13 22:57:16 - [TEST_STEP][PASSED] - orPath_AddressContact = "Object Repository/RAD_Pages/AddressAndContactInfo_Page": null

2024-01-13 22:57:16 - [TEST_STEP][PASSED] - orPath_FilingStatus = "Object Repository/RAD_Pages/FilingStatus_Page": null

2024-01-13 22:57:16 - [TEST_STEP][PASSED] - orPath_Amount = "Object Repository/RAD_Pages/PaymentAmount_Page": null

2024-01-13 22:57:16 - [TEST_STEP][PASSED] - selectOptionByLabel(findTestObject(orPath_Landing + "/dd_TaxType"), Paymenttype, false): All options with label 'Existing Liability w/Notice Number' are selected in object 'Object Repository/RAD_Pages/Landing_Page/dd_TaxType' 

2024-01-13 22:57:17 - [MESSAGE][PASSED] - All options with label 'Existing Liability w/Notice Number' are selected in object 'Object Repository/RAD_Pages/Landing_Page/dd_TaxType' 

2024-01-13 22:57:17 - [TEST_STEP][PASSED] - delay(1): Delayed 1 second(s)

2024-01-13 22:57:18 - [MESSAGE][PASSED] - Delayed 1 second(s)

2024-01-13 22:57:18 - [TEST_STEP][PASSED] - switch (Paymenttype): null

2024-01-13 22:57:18 - [TEST_STEP][PASSED] - case "Existing Liability w/Notice Number":: null

2024-01-13 22:57:18 - [TEST_STEP][PASSED] - selectOptionByLabel(findTestObject(orPath_TaxTypeFilingYear + "/select_TaxType_ExistingLiability"), Taxtype, false): All options with label 'PTE Non-Electing S Corp' are selected in object 'Object Repository/RAD_Pages/TaxTypeFilingYear_Page/select_TaxType_ExistingLiability' 

2024-01-13 22:57:18 - [MESSAGE][PASSED] - All options with label 'PTE Non-Electing S Corp' are selected in object 'Object Repository/RAD_Pages/TaxTypeFilingYear_Page/select_TaxType_ExistingLiability' 

2024-01-13 22:57:18 - [TEST_STEP][PASSED] - break: null

2024-01-13 22:57:18 - [TEST_STEP][PASSED] - delay(1): Delayed 1 second(s)

2024-01-13 22:57:19 - [MESSAGE][PASSED] - Delayed 1 second(s)

2024-01-13 22:57:19 - [TEST_STEP][PASSED] - scrollToElement(findTestObject(orPath_Amount + "/input__paymentAmount"), 3): Scroll to object 'Object Repository/RAD_Pages/PaymentAmount_Page/input__paymentAmount' successfully

2024-01-13 22:57:20 - [MESSAGE][PASSED] - Scroll to object 'Object Repository/RAD_Pages/PaymentAmount_Page/input__paymentAmount' successfully

2024-01-13 22:57:20 - [TEST_STEP][PASSED] - setText(findTestObject(orPath_AddressContact + "/input_eMailAddress"), "imtiazster@gmail.com"): Text 'imtiazster@gmail.com' is set on object 'Object Repository/RAD_Pages/AddressAndContactInfo_Page/input_eMailAddress'

2024-01-13 22:57:20 - [MESSAGE][PASSED] - Text 'imtiazster@gmail.com' is set on object 'Object Repository/RAD_Pages/AddressAndContactInfo_Page/input_eMailAddress'

2024-01-13 22:57:20 - [TEST_STEP][PASSED] - setText(findTestObject(orPath_AddressContact + "/input_reEnterEMailAddress"), "iahmed@govolution.com"): Text 'iahmed@govolution.com' is set on object 'Object Repository/RAD_Pages/AddressAndContactInfo_Page/input_reEnterEMailAddress'

2024-01-13 22:57:21 - [MESSAGE][PASSED] - Text 'iahmed@govolution.com' is set on object 'Object Repository/RAD_Pages/AddressAndContactInfo_Page/input_reEnterEMailAddress'

2024-01-13 22:57:21 - [TEST_STEP][PASSED] - delay(2): Delayed 2 second(s)

2024-01-13 22:57:23 - [MESSAGE][PASSED] - Delayed 2 second(s)

2024-01-13 22:57:23 - [TEST_STEP][PASSED] - if (verifyTextPresent("The Email and Re-enter email do not match", true)): null

2024-01-13 22:57:24 - [MESSAGE][PASSED] - Text 'The Email and Re-enter email do not match' is present on page  using regular expression

2024-01-13 22:57:24 - [TEST_STEP][PASSED] - println("Emails Dont match text is present"): null

2024-01-13 22:57:24 - [TEST_STEP][PASSED] - out.println("Pass Record Number: " + row): null

2024-01-13 22:57:24 - [TEST_STEP][PASSED] - resText = "Pass": null

2024-01-13 22:57:24 - [TEST_STEP][PASSED] - pages.WriteExcel.demoKey(resText, datText, resColumn, datCloumn, fileLoc, nameSheet, row): pages.WriteExcel.demoKey is PASSED

2024-01-13 22:57:24 - [MESSAGE][PASSED] - pages.WriteExcel.demoKey is PASSED

2024-01-13 22:57:24 - [TEST_STEP][PASSED] - ExecuteTC = findTestData(dataFile).getValue("Execute", row): null

2024-01-13 22:57:24 - [TEST_STEP][PASSED] - Taxtype = findTestData(dataFile).getValue("TaxType", row): null

2024-01-13 22:57:24 - [TEST_STEP][PASSED] - Paymenttype = findTestData(dataFile).getValue("PaymentType", row): null

2024-01-13 22:57:24 - [TEST_STEP][PASSED] - out.println("Value of Execute is : " + ExecuteTC): null

2024-01-13 22:57:24 - [TEST_STEP][PASSED] - if (ExecuteTC.equalsIgnoreCase("Y")): null

2024-01-13 22:57:24 - [TEST_STEP][PASSED] - out.println("Begin Record Number: " + row): null

2024-01-13 22:57:24 - [TEST_STEP][PASSED] - today = new java.util.Date(): null

2024-01-13 22:57:24 - [TEST_STEP][PASSED] - println(today): null

2024-01-13 22:57:24 - [TEST_STEP][PASSED] - datText = today: null

2024-01-13 22:57:24 - [TEST_STEP][PASSED] - Taxtype = findTestData(dataFile).getValue("TaxType", row): null

2024-01-13 22:57:24 - [TEST_STEP][PASSED] - out.println("Taxtype value is : " + Taxtype): null

2024-01-13 22:57:24 - [TEST_STEP][PASSED] - openBrowser(""): Browser is opened with url: ''

2024-01-13 22:57:24 - [MESSAGE][WARNING] - A browser is already opened. Closing browser and opening a new one

2024-01-13 22:57:25 - [MESSAGE][INFO] - Starting 'Chrome' driver

2024-01-13 22:57:25 - [MESSAGE][INFO] - User set preference: ['acceptInsecureCerts', 'true']

2024-01-13 22:57:25 - [MESSAGE][INFO] - Action delay is set to 0 milliseconds

2024-01-13 22:57:26 - [MESSAGE][PASSED] - Browser is opened with url: ''

2024-01-13 22:57:26 - [TEST_STEP][PASSED] - maximizeWindow(): Current window maximized

2024-01-13 22:57:27 - [MESSAGE][PASSED] - Current window maximized

2024-01-13 22:57:27 - [TEST_STEP][PASSED] - navigateToUrl(RADurl): Navigate to 'https://qa2.velocitypayment.com/client/rad/index.html' successfully

2024-01-13 22:57:28 - [MESSAGE][PASSED] - Navigate to 'https://qa2.velocitypayment.com/client/rad/index.html' successfully

2024-01-13 22:57:28 - [TEST_STEP][PASSED] - orPath_Landing = "Object Repository/RAD_Pages/Landing_Page": null

2024-01-13 22:57:28 - [TEST_STEP][PASSED] - orPath_TaxTypeFilingYear = "Object Repository/RAD_Pages/TaxTypeFilingYear_Page": null

2024-01-13 22:57:28 - [TEST_STEP][PASSED] - orPath_TaxPayer = "Object Repository/RAD_Pages/Taxpayer_Page": null

2024-01-13 22:57:28 - [TEST_STEP][PASSED] - orPath_AddressContact = "Object Repository/RAD_Pages/AddressAndContactInfo_Page": null

2024-01-13 22:57:28 - [TEST_STEP][PASSED] - orPath_FilingStatus = "Object Repository/RAD_Pages/FilingStatus_Page": null

2024-01-13 22:57:28 - [TEST_STEP][PASSED] - orPath_Amount = "Object Repository/RAD_Pages/PaymentAmount_Page": null

2024-01-13 22:57:28 - [TEST_STEP][PASSED] - selectOptionByLabel(findTestObject(orPath_Landing + "/dd_TaxType"), Paymenttype, false): All options with label 'Existing Liability w/Notice Number' are selected in object 'Object Repository/RAD_Pages/Landing_Page/dd_TaxType' 

2024-01-13 22:57:29 - [MESSAGE][PASSED] - All options with label 'Existing Liability w/Notice Number' are selected in object 'Object Repository/RAD_Pages/Landing_Page/dd_TaxType' 

2024-01-13 22:57:29 - [TEST_STEP][PASSED] - delay(1): Delayed 1 second(s)

2024-01-13 22:57:30 - [MESSAGE][PASSED] - Delayed 1 second(s)

2024-01-13 22:57:30 - [TEST_STEP][PASSED] - switch (Paymenttype): null

2024-01-13 22:57:30 - [TEST_STEP][PASSED] - case "Existing Liability w/Notice Number":: null

2024-01-13 22:57:30 - [TEST_STEP][PASSED] - selectOptionByLabel(findTestObject(orPath_TaxTypeFilingYear + "/select_TaxType_ExistingLiability"), Taxtype, false): All options with label 'Sales & Use Tax' are selected in object 'Object Repository/RAD_Pages/TaxTypeFilingYear_Page/select_TaxType_ExistingLiability' 

2024-01-13 22:57:30 - [MESSAGE][PASSED] - All options with label 'Sales & Use Tax' are selected in object 'Object Repository/RAD_Pages/TaxTypeFilingYear_Page/select_TaxType_ExistingLiability' 

2024-01-13 22:57:30 - [TEST_STEP][PASSED] - break: null

2024-01-13 22:57:30 - [TEST_STEP][PASSED] - delay(1): Delayed 1 second(s)

2024-01-13 22:57:31 - [MESSAGE][PASSED] - Delayed 1 second(s)

2024-01-13 22:57:31 - [TEST_STEP][PASSED] - scrollToElement(findTestObject(orPath_Amount + "/input__paymentAmount"), 3): Scroll to object 'Object Repository/RAD_Pages/PaymentAmount_Page/input__paymentAmount' successfully

2024-01-13 22:57:32 - [MESSAGE][PASSED] - Scroll to object 'Object Repository/RAD_Pages/PaymentAmount_Page/input__paymentAmount' successfully

2024-01-13 22:57:32 - [TEST_STEP][PASSED] - setText(findTestObject(orPath_AddressContact + "/input_eMailAddress"), "imtiazster@gmail.com"): Text 'imtiazster@gmail.com' is set on object 'Object Repository/RAD_Pages/AddressAndContactInfo_Page/input_eMailAddress'

2024-01-13 22:57:32 - [MESSAGE][PASSED] - Text 'imtiazster@gmail.com' is set on object 'Object Repository/RAD_Pages/AddressAndContactInfo_Page/input_eMailAddress'

2024-01-13 22:57:32 - [TEST_STEP][PASSED] - setText(findTestObject(orPath_AddressContact + "/input_reEnterEMailAddress"), "iahmed@govolution.com"): Text 'iahmed@govolution.com' is set on object 'Object Repository/RAD_Pages/AddressAndContactInfo_Page/input_reEnterEMailAddress'

2024-01-13 22:57:33 - [MESSAGE][PASSED] - Text 'iahmed@govolution.com' is set on object 'Object Repository/RAD_Pages/AddressAndContactInfo_Page/input_reEnterEMailAddress'

2024-01-13 22:57:33 - [TEST_STEP][PASSED] - delay(2): Delayed 2 second(s)

2024-01-13 22:57:35 - [MESSAGE][PASSED] - Delayed 2 second(s)

2024-01-13 22:57:35 - [TEST_STEP][PASSED] - if (verifyTextPresent("The Email and Re-enter email do not match", true)): null

2024-01-13 22:57:36 - [MESSAGE][PASSED] - Text 'The Email and Re-enter email do not match' is present on page  using regular expression

2024-01-13 22:57:36 - [TEST_STEP][PASSED] - println("Emails Dont match text is present"): null

2024-01-13 22:57:36 - [TEST_STEP][PASSED] - out.println("Pass Record Number: " + row): null

2024-01-13 22:57:36 - [TEST_STEP][PASSED] - resText = "Pass": null

2024-01-13 22:57:36 - [TEST_STEP][PASSED] - pages.WriteExcel.demoKey(resText, datText, resColumn, datCloumn, fileLoc, nameSheet, row): pages.WriteExcel.demoKey is PASSED

2024-01-13 22:57:36 - [MESSAGE][PASSED] - pages.WriteExcel.demoKey is PASSED

2024-01-13 22:57:36 - [TEST_STEP][PASSED] - ExecuteTC = findTestData(dataFile).getValue("Execute", row): null

2024-01-13 22:57:36 - [TEST_STEP][PASSED] - Taxtype = findTestData(dataFile).getValue("TaxType", row): null

2024-01-13 22:57:36 - [TEST_STEP][PASSED] - Paymenttype = findTestData(dataFile).getValue("PaymentType", row): null

2024-01-13 22:57:36 - [TEST_STEP][PASSED] - out.println("Value of Execute is : " + ExecuteTC): null

2024-01-13 22:57:36 - [TEST_STEP][PASSED] - if (ExecuteTC.equalsIgnoreCase("Y")): null

2024-01-13 22:57:36 - [TEST_STEP][PASSED] - out.println("Begin Record Number: " + row): null

2024-01-13 22:57:36 - [TEST_STEP][PASSED] - today = new java.util.Date(): null

2024-01-13 22:57:36 - [TEST_STEP][PASSED] - println(today): null

2024-01-13 22:57:36 - [TEST_STEP][PASSED] - datText = today: null

2024-01-13 22:57:36 - [TEST_STEP][PASSED] - Taxtype = findTestData(dataFile).getValue("TaxType", row): null

2024-01-13 22:57:36 - [TEST_STEP][PASSED] - out.println("Taxtype value is : " + Taxtype): null

2024-01-13 22:57:36 - [TEST_STEP][PASSED] - openBrowser(""): Browser is opened with url: ''

2024-01-13 22:57:36 - [MESSAGE][WARNING] - A browser is already opened. Closing browser and opening a new one

2024-01-13 22:57:37 - [MESSAGE][INFO] - Starting 'Chrome' driver

2024-01-13 22:57:37 - [MESSAGE][INFO] - User set preference: ['acceptInsecureCerts', 'true']

2024-01-13 22:57:37 - [MESSAGE][INFO] - Action delay is set to 0 milliseconds

2024-01-13 22:57:38 - [MESSAGE][PASSED] - Browser is opened with url: ''

2024-01-13 22:57:38 - [TEST_STEP][PASSED] - maximizeWindow(): Current window maximized

2024-01-13 22:57:38 - [MESSAGE][PASSED] - Current window maximized

2024-01-13 22:57:38 - [TEST_STEP][PASSED] - navigateToUrl(RADurl): Navigate to 'https://qa2.velocitypayment.com/client/rad/index.html' successfully

2024-01-13 22:57:40 - [MESSAGE][PASSED] - Navigate to 'https://qa2.velocitypayment.com/client/rad/index.html' successfully

2024-01-13 22:57:40 - [TEST_STEP][PASSED] - orPath_Landing = "Object Repository/RAD_Pages/Landing_Page": null

2024-01-13 22:57:40 - [TEST_STEP][PASSED] - orPath_TaxTypeFilingYear = "Object Repository/RAD_Pages/TaxTypeFilingYear_Page": null

2024-01-13 22:57:40 - [TEST_STEP][PASSED] - orPath_TaxPayer = "Object Repository/RAD_Pages/Taxpayer_Page": null

2024-01-13 22:57:40 - [TEST_STEP][PASSED] - orPath_AddressContact = "Object Repository/RAD_Pages/AddressAndContactInfo_Page": null

2024-01-13 22:57:40 - [TEST_STEP][PASSED] - orPath_FilingStatus = "Object Repository/RAD_Pages/FilingStatus_Page": null

2024-01-13 22:57:40 - [TEST_STEP][PASSED] - orPath_Amount = "Object Repository/RAD_Pages/PaymentAmount_Page": null

2024-01-13 22:57:40 - [TEST_STEP][PASSED] - selectOptionByLabel(findTestObject(orPath_Landing + "/dd_TaxType"), Paymenttype, false): All options with label 'Existing Liability w/Notice Number' are selected in object 'Object Repository/RAD_Pages/Landing_Page/dd_TaxType' 

2024-01-13 22:57:41 - [MESSAGE][PASSED] - All options with label 'Existing Liability w/Notice Number' are selected in object 'Object Repository/RAD_Pages/Landing_Page/dd_TaxType' 

2024-01-13 22:57:41 - [TEST_STEP][PASSED] - delay(1): Delayed 1 second(s)

2024-01-13 22:57:42 - [MESSAGE][PASSED] - Delayed 1 second(s)

2024-01-13 22:57:42 - [TEST_STEP][PASSED] - switch (Paymenttype): null

2024-01-13 22:57:42 - [TEST_STEP][PASSED] - case "Existing Liability w/Notice Number":: null

2024-01-13 22:57:42 - [TEST_STEP][PASSED] - selectOptionByLabel(findTestObject(orPath_TaxTypeFilingYear + "/select_TaxType_ExistingLiability"), Taxtype, false): All options with label 'Tire Recycling Fee' are selected in object 'Object Repository/RAD_Pages/TaxTypeFilingYear_Page/select_TaxType_ExistingLiability' 

2024-01-13 22:57:42 - [MESSAGE][PASSED] - All options with label 'Tire Recycling Fee' are selected in object 'Object Repository/RAD_Pages/TaxTypeFilingYear_Page/select_TaxType_ExistingLiability' 

2024-01-13 22:57:42 - [TEST_STEP][PASSED] - break: null

2024-01-13 22:57:42 - [TEST_STEP][PASSED] - delay(1): Delayed 1 second(s)

2024-01-13 22:57:43 - [MESSAGE][PASSED] - Delayed 1 second(s)

2024-01-13 22:57:43 - [TEST_STEP][PASSED] - scrollToElement(findTestObject(orPath_Amount + "/input__paymentAmount"), 3): Scroll to object 'Object Repository/RAD_Pages/PaymentAmount_Page/input__paymentAmount' successfully

2024-01-13 22:57:43 - [MESSAGE][PASSED] - Scroll to object 'Object Repository/RAD_Pages/PaymentAmount_Page/input__paymentAmount' successfully

2024-01-13 22:57:43 - [TEST_STEP][PASSED] - setText(findTestObject(orPath_AddressContact + "/input_eMailAddress"), "imtiazster@gmail.com"): Text 'imtiazster@gmail.com' is set on object 'Object Repository/RAD_Pages/AddressAndContactInfo_Page/input_eMailAddress'

2024-01-13 22:57:44 - [MESSAGE][PASSED] - Text 'imtiazster@gmail.com' is set on object 'Object Repository/RAD_Pages/AddressAndContactInfo_Page/input_eMailAddress'

2024-01-13 22:57:44 - [TEST_STEP][PASSED] - setText(findTestObject(orPath_AddressContact + "/input_reEnterEMailAddress"), "iahmed@govolution.com"): Text 'iahmed@govolution.com' is set on object 'Object Repository/RAD_Pages/AddressAndContactInfo_Page/input_reEnterEMailAddress'

2024-01-13 22:57:45 - [MESSAGE][PASSED] - Text 'iahmed@govolution.com' is set on object 'Object Repository/RAD_Pages/AddressAndContactInfo_Page/input_reEnterEMailAddress'

2024-01-13 22:57:45 - [TEST_STEP][PASSED] - delay(2): Delayed 2 second(s)

2024-01-13 22:57:47 - [MESSAGE][PASSED] - Delayed 2 second(s)

2024-01-13 22:57:47 - [TEST_STEP][PASSED] - if (verifyTextPresent("The Email and Re-enter email do not match", true)): null

2024-01-13 22:57:48 - [MESSAGE][PASSED] - Text 'The Email and Re-enter email do not match' is present on page  using regular expression

2024-01-13 22:57:48 - [TEST_STEP][PASSED] - println("Emails Dont match text is present"): null

2024-01-13 22:57:48 - [TEST_STEP][PASSED] - out.println("Pass Record Number: " + row): null

2024-01-13 22:57:48 - [TEST_STEP][PASSED] - resText = "Pass": null

2024-01-13 22:57:48 - [TEST_STEP][PASSED] - pages.WriteExcel.demoKey(resText, datText, resColumn, datCloumn, fileLoc, nameSheet, row): pages.WriteExcel.demoKey is PASSED

2024-01-13 22:57:48 - [MESSAGE][PASSED] - pages.WriteExcel.demoKey is PASSED

2024-01-13 22:57:48 - [TEST_STEP][PASSED] - ExecuteTC = findTestData(dataFile).getValue("Execute", row): null

2024-01-13 22:57:48 - [TEST_STEP][PASSED] - Taxtype = findTestData(dataFile).getValue("TaxType", row): null

2024-01-13 22:57:48 - [TEST_STEP][PASSED] - Paymenttype = findTestData(dataFile).getValue("PaymentType", row): null

2024-01-13 22:57:48 - [TEST_STEP][PASSED] - out.println("Value of Execute is : " + ExecuteTC): null

2024-01-13 22:57:48 - [TEST_STEP][PASSED] - if (ExecuteTC.equalsIgnoreCase("Y")): null

2024-01-13 22:57:48 - [TEST_STEP][PASSED] - out.println("Begin Record Number: " + row): null

2024-01-13 22:57:48 - [TEST_STEP][PASSED] - today = new java.util.Date(): null

2024-01-13 22:57:48 - [TEST_STEP][PASSED] - println(today): null

2024-01-13 22:57:48 - [TEST_STEP][PASSED] - datText = today: null

2024-01-13 22:57:48 - [TEST_STEP][PASSED] - Taxtype = findTestData(dataFile).getValue("TaxType", row): null

2024-01-13 22:57:48 - [TEST_STEP][PASSED] - out.println("Taxtype value is : " + Taxtype): null

2024-01-13 22:57:48 - [TEST_STEP][PASSED] - openBrowser(""): Browser is opened with url: ''

2024-01-13 22:57:48 - [MESSAGE][WARNING] - A browser is already opened. Closing browser and opening a new one

2024-01-13 22:57:49 - [MESSAGE][INFO] - Starting 'Chrome' driver

2024-01-13 22:57:49 - [MESSAGE][INFO] - User set preference: ['acceptInsecureCerts', 'true']

2024-01-13 22:57:49 - [MESSAGE][INFO] - Action delay is set to 0 milliseconds

2024-01-13 22:57:50 - [MESSAGE][PASSED] - Browser is opened with url: ''

2024-01-13 22:57:50 - [TEST_STEP][PASSED] - maximizeWindow(): Current window maximized

2024-01-13 22:57:50 - [MESSAGE][PASSED] - Current window maximized

2024-01-13 22:57:50 - [TEST_STEP][PASSED] - navigateToUrl(RADurl): Navigate to 'https://qa2.velocitypayment.com/client/rad/index.html' successfully

2024-01-13 22:57:52 - [MESSAGE][PASSED] - Navigate to 'https://qa2.velocitypayment.com/client/rad/index.html' successfully

2024-01-13 22:57:52 - [TEST_STEP][PASSED] - orPath_Landing = "Object Repository/RAD_Pages/Landing_Page": null

2024-01-13 22:57:52 - [TEST_STEP][PASSED] - orPath_TaxTypeFilingYear = "Object Repository/RAD_Pages/TaxTypeFilingYear_Page": null

2024-01-13 22:57:52 - [TEST_STEP][PASSED] - orPath_TaxPayer = "Object Repository/RAD_Pages/Taxpayer_Page": null

2024-01-13 22:57:52 - [TEST_STEP][PASSED] - orPath_AddressContact = "Object Repository/RAD_Pages/AddressAndContactInfo_Page": null

2024-01-13 22:57:52 - [TEST_STEP][PASSED] - orPath_FilingStatus = "Object Repository/RAD_Pages/FilingStatus_Page": null

2024-01-13 22:57:52 - [TEST_STEP][PASSED] - orPath_Amount = "Object Repository/RAD_Pages/PaymentAmount_Page": null

2024-01-13 22:57:52 - [TEST_STEP][PASSED] - selectOptionByLabel(findTestObject(orPath_Landing + "/dd_TaxType"), Paymenttype, false): All options with label 'Existing Liability w/Notice Number' are selected in object 'Object Repository/RAD_Pages/Landing_Page/dd_TaxType' 

2024-01-13 22:57:52 - [MESSAGE][PASSED] - All options with label 'Existing Liability w/Notice Number' are selected in object 'Object Repository/RAD_Pages/Landing_Page/dd_TaxType' 

2024-01-13 22:57:52 - [TEST_STEP][PASSED] - delay(1): Delayed 1 second(s)

2024-01-13 22:57:53 - [MESSAGE][PASSED] - Delayed 1 second(s)

2024-01-13 22:57:53 - [TEST_STEP][PASSED] - switch (Paymenttype): null

2024-01-13 22:57:53 - [TEST_STEP][PASSED] - case "Existing Liability w/Notice Number":: null

2024-01-13 22:57:53 - [TEST_STEP][PASSED] - selectOptionByLabel(findTestObject(orPath_TaxTypeFilingYear + "/select_TaxType_ExistingLiability"), Taxtype, false): All options with label 'Withholding Tax' are selected in object 'Object Repository/RAD_Pages/TaxTypeFilingYear_Page/select_TaxType_ExistingLiability' 

2024-01-13 22:57:54 - [MESSAGE][PASSED] - All options with label 'Withholding Tax' are selected in object 'Object Repository/RAD_Pages/TaxTypeFilingYear_Page/select_TaxType_ExistingLiability' 

2024-01-13 22:57:54 - [TEST_STEP][PASSED] - break: null

2024-01-13 22:57:54 - [TEST_STEP][PASSED] - delay(1): Delayed 1 second(s)

2024-01-13 22:57:55 - [MESSAGE][PASSED] - Delayed 1 second(s)

2024-01-13 22:57:55 - [TEST_STEP][PASSED] - scrollToElement(findTestObject(orPath_Amount + "/input__paymentAmount"), 3): Scroll to object 'Object Repository/RAD_Pages/PaymentAmount_Page/input__paymentAmount' successfully

2024-01-13 22:57:55 - [MESSAGE][PASSED] - Scroll to object 'Object Repository/RAD_Pages/PaymentAmount_Page/input__paymentAmount' successfully

2024-01-13 22:57:55 - [TEST_STEP][PASSED] - setText(findTestObject(orPath_AddressContact + "/input_eMailAddress"), "imtiazster@gmail.com"): Text 'imtiazster@gmail.com' is set on object 'Object Repository/RAD_Pages/AddressAndContactInfo_Page/input_eMailAddress'

2024-01-13 22:57:56 - [MESSAGE][PASSED] - Text 'imtiazster@gmail.com' is set on object 'Object Repository/RAD_Pages/AddressAndContactInfo_Page/input_eMailAddress'

2024-01-13 22:57:56 - [TEST_STEP][PASSED] - setText(findTestObject(orPath_AddressContact + "/input_reEnterEMailAddress"), "iahmed@govolution.com"): Text 'iahmed@govolution.com' is set on object 'Object Repository/RAD_Pages/AddressAndContactInfo_Page/input_reEnterEMailAddress'

2024-01-13 22:57:57 - [MESSAGE][PASSED] - Text 'iahmed@govolution.com' is set on object 'Object Repository/RAD_Pages/AddressAndContactInfo_Page/input_reEnterEMailAddress'

2024-01-13 22:57:57 - [TEST_STEP][PASSED] - delay(2): Delayed 2 second(s)

2024-01-13 22:57:59 - [MESSAGE][PASSED] - Delayed 2 second(s)

2024-01-13 22:57:59 - [TEST_STEP][PASSED] - if (verifyTextPresent("The Email and Re-enter email do not match", true)): null

2024-01-13 22:57:59 - [MESSAGE][PASSED] - Text 'The Email and Re-enter email do not match' is present on page  using regular expression

2024-01-13 22:57:59 - [TEST_STEP][PASSED] - println("Emails Dont match text is present"): null

2024-01-13 22:57:59 - [TEST_STEP][PASSED] - out.println("Pass Record Number: " + row): null

2024-01-13 22:57:59 - [TEST_STEP][PASSED] - resText = "Pass": null

2024-01-13 22:57:59 - [TEST_STEP][PASSED] - pages.WriteExcel.demoKey(resText, datText, resColumn, datCloumn, fileLoc, nameSheet, row): pages.WriteExcel.demoKey is PASSED

2024-01-13 22:58:00 - [MESSAGE][PASSED] - pages.WriteExcel.demoKey is PASSED

2024-01-13 22:58:00 - [TEST_STEP][PASSED] - ExecuteTC = findTestData(dataFile).getValue("Execute", row): null

2024-01-13 22:58:00 - [TEST_STEP][PASSED] - Taxtype = findTestData(dataFile).getValue("TaxType", row): null

2024-01-13 22:58:00 - [TEST_STEP][PASSED] - Paymenttype = findTestData(dataFile).getValue("PaymentType", row): null

2024-01-13 22:58:00 - [TEST_STEP][PASSED] - out.println("Value of Execute is : " + ExecuteTC): null

2024-01-13 22:58:00 - [TEST_STEP][PASSED] - if (ExecuteTC.equalsIgnoreCase("Y")): null

2024-01-13 22:58:00 - [TEST_STEP][PASSED] - out.println("Begin Record Number: " + row): null

2024-01-13 22:58:00 - [TEST_STEP][PASSED] - today = new java.util.Date(): null

2024-01-13 22:58:00 - [TEST_STEP][PASSED] - println(today): null

2024-01-13 22:58:00 - [TEST_STEP][PASSED] - datText = today: null

2024-01-13 22:58:00 - [TEST_STEP][PASSED] - Taxtype = findTestData(dataFile).getValue("TaxType", row): null

2024-01-13 22:58:00 - [TEST_STEP][PASSED] - out.println("Taxtype value is : " + Taxtype): null

2024-01-13 22:58:00 - [TEST_STEP][PASSED] - openBrowser(""): Browser is opened with url: ''

2024-01-13 22:58:00 - [MESSAGE][WARNING] - A browser is already opened. Closing browser and opening a new one

2024-01-13 22:58:01 - [MESSAGE][INFO] - Starting 'Chrome' driver

2024-01-13 22:58:01 - [MESSAGE][INFO] - User set preference: ['acceptInsecureCerts', 'true']

2024-01-13 22:58:01 - [MESSAGE][INFO] - Action delay is set to 0 milliseconds

2024-01-13 22:58:02 - [MESSAGE][PASSED] - Browser is opened with url: ''

2024-01-13 22:58:02 - [TEST_STEP][PASSED] - maximizeWindow(): Current window maximized

2024-01-13 22:58:02 - [MESSAGE][PASSED] - Current window maximized

2024-01-13 22:58:02 - [TEST_STEP][PASSED] - navigateToUrl(RADurl): Navigate to 'https://qa2.velocitypayment.com/client/rad/index.html' successfully

2024-01-13 22:58:04 - [MESSAGE][PASSED] - Navigate to 'https://qa2.velocitypayment.com/client/rad/index.html' successfully

2024-01-13 22:58:04 - [TEST_STEP][PASSED] - orPath_Landing = "Object Repository/RAD_Pages/Landing_Page": null

2024-01-13 22:58:04 - [TEST_STEP][PASSED] - orPath_TaxTypeFilingYear = "Object Repository/RAD_Pages/TaxTypeFilingYear_Page": null

2024-01-13 22:58:04 - [TEST_STEP][PASSED] - orPath_TaxPayer = "Object Repository/RAD_Pages/Taxpayer_Page": null

2024-01-13 22:58:04 - [TEST_STEP][PASSED] - orPath_AddressContact = "Object Repository/RAD_Pages/AddressAndContactInfo_Page": null

2024-01-13 22:58:04 - [TEST_STEP][PASSED] - orPath_FilingStatus = "Object Repository/RAD_Pages/FilingStatus_Page": null

2024-01-13 22:58:04 - [TEST_STEP][PASSED] - orPath_Amount = "Object Repository/RAD_Pages/PaymentAmount_Page": null

2024-01-13 22:58:04 - [TEST_STEP][PASSED] - selectOptionByLabel(findTestObject(orPath_Landing + "/dd_TaxType"), Paymenttype, false): All options with label 'Existing Liability w/Notice Number' are selected in object 'Object Repository/RAD_Pages/Landing_Page/dd_TaxType' 

2024-01-13 22:58:04 - [MESSAGE][PASSED] - All options with label 'Existing Liability w/Notice Number' are selected in object 'Object Repository/RAD_Pages/Landing_Page/dd_TaxType' 

2024-01-13 22:58:04 - [TEST_STEP][PASSED] - delay(1): Delayed 1 second(s)

2024-01-13 22:58:05 - [MESSAGE][PASSED] - Delayed 1 second(s)

2024-01-13 22:58:05 - [TEST_STEP][PASSED] - switch (Paymenttype): null

2024-01-13 22:58:05 - [TEST_STEP][PASSED] - case "Existing Liability w/Notice Number":: null

2024-01-13 22:58:05 - [TEST_STEP][PASSED] - selectOptionByLabel(findTestObject(orPath_TaxTypeFilingYear + "/select_TaxType_ExistingLiability"), Taxtype, false): All options with label 'Alcohol Tax' are selected in object 'Object Repository/RAD_Pages/TaxTypeFilingYear_Page/select_TaxType_ExistingLiability' 

2024-01-13 22:58:06 - [MESSAGE][PASSED] - All options with label 'Alcohol Tax' are selected in object 'Object Repository/RAD_Pages/TaxTypeFilingYear_Page/select_TaxType_ExistingLiability' 

2024-01-13 22:58:06 - [TEST_STEP][PASSED] - break: null

2024-01-13 22:58:06 - [TEST_STEP][PASSED] - delay(1): Delayed 1 second(s)

2024-01-13 22:58:07 - [MESSAGE][PASSED] - Delayed 1 second(s)

2024-01-13 22:58:07 - [TEST_STEP][PASSED] - scrollToElement(findTestObject(orPath_Amount + "/input__paymentAmount"), 3): Scroll to object 'Object Repository/RAD_Pages/PaymentAmount_Page/input__paymentAmount' successfully

2024-01-13 22:58:07 - [MESSAGE][PASSED] - Scroll to object 'Object Repository/RAD_Pages/PaymentAmount_Page/input__paymentAmount' successfully

2024-01-13 22:58:07 - [TEST_STEP][PASSED] - setText(findTestObject(orPath_AddressContact + "/input_eMailAddress"), "imtiazster@gmail.com"): Text 'imtiazster@gmail.com' is set on object 'Object Repository/RAD_Pages/AddressAndContactInfo_Page/input_eMailAddress'

2024-01-13 22:58:08 - [MESSAGE][PASSED] - Text 'imtiazster@gmail.com' is set on object 'Object Repository/RAD_Pages/AddressAndContactInfo_Page/input_eMailAddress'

2024-01-13 22:58:08 - [TEST_STEP][PASSED] - setText(findTestObject(orPath_AddressContact + "/input_reEnterEMailAddress"), "iahmed@govolution.com"): Text 'iahmed@govolution.com' is set on object 'Object Repository/RAD_Pages/AddressAndContactInfo_Page/input_reEnterEMailAddress'

2024-01-13 22:58:09 - [MESSAGE][PASSED] - Text 'iahmed@govolution.com' is set on object 'Object Repository/RAD_Pages/AddressAndContactInfo_Page/input_reEnterEMailAddress'

2024-01-13 22:58:09 - [TEST_STEP][PASSED] - delay(2): Delayed 2 second(s)

2024-01-13 22:58:11 - [MESSAGE][PASSED] - Delayed 2 second(s)

2024-01-13 22:58:11 - [TEST_STEP][PASSED] - if (verifyTextPresent("The Email and Re-enter email do not match", true)): null

2024-01-13 22:58:11 - [MESSAGE][PASSED] - Text 'The Email and Re-enter email do not match' is present on page  using regular expression

2024-01-13 22:58:11 - [TEST_STEP][PASSED] - println("Emails Dont match text is present"): null

2024-01-13 22:58:11 - [TEST_STEP][PASSED] - out.println("Pass Record Number: " + row): null

2024-01-13 22:58:11 - [TEST_STEP][PASSED] - resText = "Pass": null

2024-01-13 22:58:11 - [TEST_STEP][PASSED] - pages.WriteExcel.demoKey(resText, datText, resColumn, datCloumn, fileLoc, nameSheet, row): pages.WriteExcel.demoKey is PASSED

2024-01-13 22:58:11 - [MESSAGE][PASSED] - pages.WriteExcel.demoKey is PASSED

2024-01-13 22:58:11 - [TEST_STEP][PASSED] - ExecuteTC = findTestData(dataFile).getValue("Execute", row): null

2024-01-13 22:58:11 - [TEST_STEP][PASSED] - Taxtype = findTestData(dataFile).getValue("TaxType", row): null

2024-01-13 22:58:11 - [TEST_STEP][PASSED] - Paymenttype = findTestData(dataFile).getValue("PaymentType", row): null

2024-01-13 22:58:11 - [TEST_STEP][PASSED] - out.println("Value of Execute is : " + ExecuteTC): null

2024-01-13 22:58:11 - [TEST_STEP][PASSED] - if (ExecuteTC.equalsIgnoreCase("Y")): null

2024-01-13 22:58:11 - [TEST_STEP][PASSED] - out.println("Begin Record Number: " + row): null

2024-01-13 22:58:11 - [TEST_STEP][PASSED] - today = new java.util.Date(): null

2024-01-13 22:58:11 - [TEST_STEP][PASSED] - println(today): null

2024-01-13 22:58:11 - [TEST_STEP][PASSED] - datText = today: null

2024-01-13 22:58:11 - [TEST_STEP][PASSED] - Taxtype = findTestData(dataFile).getValue("TaxType", row): null

2024-01-13 22:58:12 - [TEST_STEP][PASSED] - out.println("Taxtype value is : " + Taxtype): null

2024-01-13 22:58:12 - [TEST_STEP][PASSED] - openBrowser(""): Browser is opened with url: ''

2024-01-13 22:58:12 - [MESSAGE][WARNING] - A browser is already opened. Closing browser and opening a new one

2024-01-13 22:58:12 - [MESSAGE][INFO] - Starting 'Chrome' driver

2024-01-13 22:58:12 - [MESSAGE][INFO] - User set preference: ['acceptInsecureCerts', 'true']

2024-01-13 22:58:12 - [MESSAGE][INFO] - Action delay is set to 0 milliseconds

2024-01-13 22:58:14 - [MESSAGE][PASSED] - Browser is opened with url: ''

2024-01-13 22:58:14 - [TEST_STEP][PASSED] - maximizeWindow(): Current window maximized

2024-01-13 22:58:14 - [MESSAGE][PASSED] - Current window maximized

2024-01-13 22:58:14 - [TEST_STEP][PASSED] - navigateToUrl(RADurl): Navigate to 'https://qa2.velocitypayment.com/client/rad/index.html' successfully

2024-01-13 22:58:16 - [MESSAGE][PASSED] - Navigate to 'https://qa2.velocitypayment.com/client/rad/index.html' successfully

2024-01-13 22:58:16 - [TEST_STEP][PASSED] - orPath_Landing = "Object Repository/RAD_Pages/Landing_Page": null

2024-01-13 22:58:16 - [TEST_STEP][PASSED] - orPath_TaxTypeFilingYear = "Object Repository/RAD_Pages/TaxTypeFilingYear_Page": null

2024-01-13 22:58:16 - [TEST_STEP][PASSED] - orPath_TaxPayer = "Object Repository/RAD_Pages/Taxpayer_Page": null

2024-01-13 22:58:16 - [TEST_STEP][PASSED] - orPath_AddressContact = "Object Repository/RAD_Pages/AddressAndContactInfo_Page": null

2024-01-13 22:58:16 - [TEST_STEP][PASSED] - orPath_FilingStatus = "Object Repository/RAD_Pages/FilingStatus_Page": null

2024-01-13 22:58:16 - [TEST_STEP][PASSED] - orPath_Amount = "Object Repository/RAD_Pages/PaymentAmount_Page": null

2024-01-13 22:58:16 - [TEST_STEP][PASSED] - selectOptionByLabel(findTestObject(orPath_Landing + "/dd_TaxType"), Paymenttype, false): All options with label 'Existing Liability w/Notice Number' are selected in object 'Object Repository/RAD_Pages/Landing_Page/dd_TaxType' 

2024-01-13 22:58:16 - [MESSAGE][PASSED] - All options with label 'Existing Liability w/Notice Number' are selected in object 'Object Repository/RAD_Pages/Landing_Page/dd_TaxType' 

2024-01-13 22:58:16 - [TEST_STEP][PASSED] - delay(1): Delayed 1 second(s)

2024-01-13 22:58:17 - [MESSAGE][PASSED] - Delayed 1 second(s)

2024-01-13 22:58:17 - [TEST_STEP][PASSED] - switch (Paymenttype): null

2024-01-13 22:58:17 - [TEST_STEP][PASSED] - case "Existing Liability w/Notice Number":: null

2024-01-13 22:58:17 - [TEST_STEP][PASSED] - selectOptionByLabel(findTestObject(orPath_TaxTypeFilingYear + "/select_TaxType_ExistingLiability"), Taxtype, false): All options with label 'PTE Tax Electing Non-S Corp' are selected in object 'Object Repository/RAD_Pages/TaxTypeFilingYear_Page/select_TaxType_ExistingLiability' 

2024-01-13 22:58:18 - [MESSAGE][PASSED] - All options with label 'PTE Tax Electing Non-S Corp' are selected in object 'Object Repository/RAD_Pages/TaxTypeFilingYear_Page/select_TaxType_ExistingLiability' 

2024-01-13 22:58:18 - [TEST_STEP][PASSED] - break: null

2024-01-13 22:58:18 - [TEST_STEP][PASSED] - delay(1): Delayed 1 second(s)

2024-01-13 22:58:19 - [MESSAGE][PASSED] - Delayed 1 second(s)

2024-01-13 22:58:19 - [TEST_STEP][PASSED] - scrollToElement(findTestObject(orPath_Amount + "/input__paymentAmount"), 3): Scroll to object 'Object Repository/RAD_Pages/PaymentAmount_Page/input__paymentAmount' successfully

2024-01-13 22:58:19 - [MESSAGE][PASSED] - Scroll to object 'Object Repository/RAD_Pages/PaymentAmount_Page/input__paymentAmount' successfully

2024-01-13 22:58:19 - [TEST_STEP][PASSED] - setText(findTestObject(orPath_AddressContact + "/input_eMailAddress"), "imtiazster@gmail.com"): Text 'imtiazster@gmail.com' is set on object 'Object Repository/RAD_Pages/AddressAndContactInfo_Page/input_eMailAddress'

2024-01-13 22:58:20 - [MESSAGE][PASSED] - Text 'imtiazster@gmail.com' is set on object 'Object Repository/RAD_Pages/AddressAndContactInfo_Page/input_eMailAddress'

2024-01-13 22:58:20 - [TEST_STEP][PASSED] - setText(findTestObject(orPath_AddressContact + "/input_reEnterEMailAddress"), "iahmed@govolution.com"): Text 'iahmed@govolution.com' is set on object 'Object Repository/RAD_Pages/AddressAndContactInfo_Page/input_reEnterEMailAddress'

2024-01-13 22:58:21 - [MESSAGE][PASSED] - Text 'iahmed@govolution.com' is set on object 'Object Repository/RAD_Pages/AddressAndContactInfo_Page/input_reEnterEMailAddress'

2024-01-13 22:58:21 - [TEST_STEP][PASSED] - delay(2): Delayed 2 second(s)

2024-01-13 22:58:23 - [MESSAGE][PASSED] - Delayed 2 second(s)

2024-01-13 22:58:23 - [TEST_STEP][PASSED] - if (verifyTextPresent("The Email and Re-enter email do not match", true)): null

2024-01-13 22:58:23 - [MESSAGE][PASSED] - Text 'The Email and Re-enter email do not match' is present on page  using regular expression

2024-01-13 22:58:23 - [TEST_STEP][PASSED] - println("Emails Dont match text is present"): null

2024-01-13 22:58:23 - [TEST_STEP][PASSED] - out.println("Pass Record Number: " + row): null

2024-01-13 22:58:23 - [TEST_STEP][PASSED] - resText = "Pass": null

2024-01-13 22:58:23 - [TEST_STEP][PASSED] - pages.WriteExcel.demoKey(resText, datText, resColumn, datCloumn, fileLoc, nameSheet, row): pages.WriteExcel.demoKey is PASSED

2024-01-13 22:58:23 - [MESSAGE][PASSED] - pages.WriteExcel.demoKey is PASSED

2024-01-13 22:58:23 - [TEST_STEP][PASSED] - ExecuteTC = findTestData(dataFile).getValue("Execute", row): null

2024-01-13 22:58:23 - [TEST_STEP][PASSED] - Taxtype = findTestData(dataFile).getValue("TaxType", row): null

2024-01-13 22:58:23 - [TEST_STEP][PASSED] - Paymenttype = findTestData(dataFile).getValue("PaymentType", row): null

2024-01-13 22:58:23 - [TEST_STEP][PASSED] - out.println("Value of Execute is : " + ExecuteTC): null

2024-01-13 22:58:23 - [TEST_STEP][PASSED] - if (ExecuteTC.equalsIgnoreCase("Y")): null

2024-01-13 22:58:23 - [TEST_STEP][PASSED] - out.println("Begin Record Number: " + row): null

2024-01-13 22:58:23 - [TEST_STEP][PASSED] - today = new java.util.Date(): null

2024-01-13 22:58:23 - [TEST_STEP][PASSED] - println(today): null

2024-01-13 22:58:23 - [TEST_STEP][PASSED] - datText = today: null

2024-01-13 22:58:23 - [TEST_STEP][PASSED] - Taxtype = findTestData(dataFile).getValue("TaxType", row): null

2024-01-13 22:58:23 - [TEST_STEP][PASSED] - out.println("Taxtype value is : " + Taxtype): null

2024-01-13 22:58:23 - [TEST_STEP][PASSED] - openBrowser(""): Browser is opened with url: ''

2024-01-13 22:58:23 - [MESSAGE][WARNING] - A browser is already opened. Closing browser and opening a new one

2024-01-13 22:58:24 - [MESSAGE][INFO] - Starting 'Chrome' driver

2024-01-13 22:58:24 - [MESSAGE][INFO] - User set preference: ['acceptInsecureCerts', 'true']

2024-01-13 22:58:24 - [MESSAGE][INFO] - Action delay is set to 0 milliseconds

2024-01-13 22:58:26 - [MESSAGE][PASSED] - Browser is opened with url: ''

2024-01-13 22:58:26 - [TEST_STEP][PASSED] - maximizeWindow(): Current window maximized

2024-01-13 22:58:26 - [MESSAGE][PASSED] - Current window maximized

2024-01-13 22:58:26 - [TEST_STEP][PASSED] - navigateToUrl(RADurl): Navigate to 'https://qa2.velocitypayment.com/client/rad/index.html' successfully

2024-01-13 22:58:27 - [MESSAGE][PASSED] - Navigate to 'https://qa2.velocitypayment.com/client/rad/index.html' successfully

2024-01-13 22:58:27 - [TEST_STEP][PASSED] - orPath_Landing = "Object Repository/RAD_Pages/Landing_Page": null

2024-01-13 22:58:27 - [TEST_STEP][PASSED] - orPath_TaxTypeFilingYear = "Object Repository/RAD_Pages/TaxTypeFilingYear_Page": null

2024-01-13 22:58:27 - [TEST_STEP][PASSED] - orPath_TaxPayer = "Object Repository/RAD_Pages/Taxpayer_Page": null

2024-01-13 22:58:27 - [TEST_STEP][PASSED] - orPath_AddressContact = "Object Repository/RAD_Pages/AddressAndContactInfo_Page": null

2024-01-13 22:58:27 - [TEST_STEP][PASSED] - orPath_FilingStatus = "Object Repository/RAD_Pages/FilingStatus_Page": null

2024-01-13 22:58:27 - [TEST_STEP][PASSED] - orPath_Amount = "Object Repository/RAD_Pages/PaymentAmount_Page": null

2024-01-13 22:58:27 - [TEST_STEP][PASSED] - selectOptionByLabel(findTestObject(orPath_Landing + "/dd_TaxType"), Paymenttype, false): All options with label 'Existing Liability w/Notice Number' are selected in object 'Object Repository/RAD_Pages/Landing_Page/dd_TaxType' 

2024-01-13 22:58:28 - [MESSAGE][PASSED] - All options with label 'Existing Liability w/Notice Number' are selected in object 'Object Repository/RAD_Pages/Landing_Page/dd_TaxType' 

2024-01-13 22:58:28 - [TEST_STEP][PASSED] - delay(1): Delayed 1 second(s)

2024-01-13 22:58:29 - [MESSAGE][PASSED] - Delayed 1 second(s)

2024-01-13 22:58:29 - [TEST_STEP][PASSED] - switch (Paymenttype): null

2024-01-13 22:58:29 - [TEST_STEP][PASSED] - case "Existing Liability w/Notice Number":: null

2024-01-13 22:58:29 - [TEST_STEP][PASSED] - selectOptionByLabel(findTestObject(orPath_TaxTypeFilingYear + "/select_TaxType_ExistingLiability"), Taxtype, false): All options with label 'PTE Tax Electing S Corp' are selected in object 'Object Repository/RAD_Pages/TaxTypeFilingYear_Page/select_TaxType_ExistingLiability' 

2024-01-13 22:58:30 - [MESSAGE][PASSED] - All options with label 'PTE Tax Electing S Corp' are selected in object 'Object Repository/RAD_Pages/TaxTypeFilingYear_Page/select_TaxType_ExistingLiability' 

2024-01-13 22:58:30 - [TEST_STEP][PASSED] - break: null

2024-01-13 22:58:30 - [TEST_STEP][PASSED] - delay(1): Delayed 1 second(s)

2024-01-13 22:58:31 - [MESSAGE][PASSED] - Delayed 1 second(s)

2024-01-13 22:58:31 - [TEST_STEP][PASSED] - scrollToElement(findTestObject(orPath_Amount + "/input__paymentAmount"), 3): Scroll to object 'Object Repository/RAD_Pages/PaymentAmount_Page/input__paymentAmount' successfully

2024-01-13 22:58:31 - [MESSAGE][PASSED] - Scroll to object 'Object Repository/RAD_Pages/PaymentAmount_Page/input__paymentAmount' successfully

2024-01-13 22:58:31 - [TEST_STEP][PASSED] - setText(findTestObject(orPath_AddressContact + "/input_eMailAddress"), "imtiazster@gmail.com"): Text 'imtiazster@gmail.com' is set on object 'Object Repository/RAD_Pages/AddressAndContactInfo_Page/input_eMailAddress'

2024-01-13 22:58:32 - [MESSAGE][PASSED] - Text 'imtiazster@gmail.com' is set on object 'Object Repository/RAD_Pages/AddressAndContactInfo_Page/input_eMailAddress'

2024-01-13 22:58:32 - [TEST_STEP][PASSED] - setText(findTestObject(orPath_AddressContact + "/input_reEnterEMailAddress"), "iahmed@govolution.com"): Text 'iahmed@govolution.com' is set on object 'Object Repository/RAD_Pages/AddressAndContactInfo_Page/input_reEnterEMailAddress'

2024-01-13 22:58:33 - [MESSAGE][PASSED] - Text 'iahmed@govolution.com' is set on object 'Object Repository/RAD_Pages/AddressAndContactInfo_Page/input_reEnterEMailAddress'

2024-01-13 22:58:33 - [TEST_STEP][PASSED] - delay(2): Delayed 2 second(s)

2024-01-13 22:58:35 - [MESSAGE][PASSED] - Delayed 2 second(s)

2024-01-13 22:58:35 - [TEST_STEP][PASSED] - if (verifyTextPresent("The Email and Re-enter email do not match", true)): null

2024-01-13 22:58:35 - [MESSAGE][PASSED] - Text 'The Email and Re-enter email do not match' is present on page  using regular expression

2024-01-13 22:58:35 - [TEST_STEP][PASSED] - println("Emails Dont match text is present"): null

2024-01-13 22:58:35 - [TEST_STEP][PASSED] - out.println("Pass Record Number: " + row): null

2024-01-13 22:58:35 - [TEST_STEP][PASSED] - resText = "Pass": null

2024-01-13 22:58:35 - [TEST_STEP][PASSED] - pages.WriteExcel.demoKey(resText, datText, resColumn, datCloumn, fileLoc, nameSheet, row): pages.WriteExcel.demoKey is PASSED

2024-01-13 22:58:35 - [MESSAGE][PASSED] - pages.WriteExcel.demoKey is PASSED

2024-01-13 22:58:35 - [TEST_STEP][PASSED] - ExecuteTC = findTestData(dataFile).getValue("Execute", row): null

2024-01-13 22:58:35 - [TEST_STEP][PASSED] - Taxtype = findTestData(dataFile).getValue("TaxType", row): null

2024-01-13 22:58:35 - [TEST_STEP][PASSED] - Paymenttype = findTestData(dataFile).getValue("PaymentType", row): null

2024-01-13 22:58:35 - [TEST_STEP][PASSED] - out.println("Value of Execute is : " + ExecuteTC): null

2024-01-13 22:58:35 - [TEST_STEP][PASSED] - if (ExecuteTC.equalsIgnoreCase("Y")): null

2024-01-13 22:58:35 - [TEST_STEP][PASSED] - out.println("Begin Record Number: " + row): null

2024-01-13 22:58:35 - [TEST_STEP][PASSED] - today = new java.util.Date(): null

2024-01-13 22:58:35 - [TEST_STEP][PASSED] - println(today): null

2024-01-13 22:58:35 - [TEST_STEP][PASSED] - datText = today: null

2024-01-13 22:58:35 - [TEST_STEP][PASSED] - Taxtype = findTestData(dataFile).getValue("TaxType", row): null

2024-01-13 22:58:35 - [TEST_STEP][PASSED] - out.println("Taxtype value is : " + Taxtype): null

2024-01-13 22:58:35 - [TEST_STEP][PASSED] - openBrowser(""): Browser is opened with url: ''

2024-01-13 22:58:35 - [MESSAGE][WARNING] - A browser is already opened. Closing browser and opening a new one

2024-01-13 22:58:36 - [MESSAGE][INFO] - Starting 'Chrome' driver

2024-01-13 22:58:36 - [MESSAGE][INFO] - User set preference: ['acceptInsecureCerts', 'true']

2024-01-13 22:58:36 - [MESSAGE][INFO] - Action delay is set to 0 milliseconds

2024-01-13 22:58:38 - [MESSAGE][PASSED] - Browser is opened with url: ''

2024-01-13 22:58:38 - [TEST_STEP][PASSED] - maximizeWindow(): Current window maximized

2024-01-13 22:58:38 - [MESSAGE][PASSED] - Current window maximized

2024-01-13 22:58:38 - [TEST_STEP][PASSED] - navigateToUrl(RADurl): Navigate to 'https://qa2.velocitypayment.com/client/rad/index.html' successfully

2024-01-13 22:58:40 - [MESSAGE][PASSED] - Navigate to 'https://qa2.velocitypayment.com/client/rad/index.html' successfully

2024-01-13 22:58:40 - [TEST_STEP][PASSED] - orPath_Landing = "Object Repository/RAD_Pages/Landing_Page": null

2024-01-13 22:58:40 - [TEST_STEP][PASSED] - orPath_TaxTypeFilingYear = "Object Repository/RAD_Pages/TaxTypeFilingYear_Page": null

2024-01-13 22:58:40 - [TEST_STEP][PASSED] - orPath_TaxPayer = "Object Repository/RAD_Pages/Taxpayer_Page": null

2024-01-13 22:58:40 - [TEST_STEP][PASSED] - orPath_AddressContact = "Object Repository/RAD_Pages/AddressAndContactInfo_Page": null

2024-01-13 22:58:40 - [TEST_STEP][PASSED] - orPath_FilingStatus = "Object Repository/RAD_Pages/FilingStatus_Page": null

2024-01-13 22:58:40 - [TEST_STEP][PASSED] - orPath_Amount = "Object Repository/RAD_Pages/PaymentAmount_Page": null

2024-01-13 22:58:40 - [TEST_STEP][PASSED] - selectOptionByLabel(findTestObject(orPath_Landing + "/dd_TaxType"), Paymenttype, false): All options with label 'Existing Liability w/Notice Number' are selected in object 'Object Repository/RAD_Pages/Landing_Page/dd_TaxType' 

2024-01-13 22:58:40 - [MESSAGE][PASSED] - All options with label 'Existing Liability w/Notice Number' are selected in object 'Object Repository/RAD_Pages/Landing_Page/dd_TaxType' 

2024-01-13 22:58:40 - [TEST_STEP][PASSED] - delay(1): Delayed 1 second(s)

2024-01-13 22:58:41 - [MESSAGE][PASSED] - Delayed 1 second(s)

2024-01-13 22:58:41 - [TEST_STEP][PASSED] - switch (Paymenttype): null

2024-01-13 22:58:41 - [TEST_STEP][PASSED] - case "Existing Liability w/Notice Number":: null

2024-01-13 22:58:41 - [TEST_STEP][PASSED] - selectOptionByLabel(findTestObject(orPath_TaxTypeFilingYear + "/select_TaxType_ExistingLiability"), Taxtype, false): All options with label 'Personal Income Tax' are selected in object 'Object Repository/RAD_Pages/TaxTypeFilingYear_Page/select_TaxType_ExistingLiability' 

2024-01-13 22:58:42 - [MESSAGE][PASSED] - All options with label 'Personal Income Tax' are selected in object 'Object Repository/RAD_Pages/TaxTypeFilingYear_Page/select_TaxType_ExistingLiability' 

2024-01-13 22:58:42 - [TEST_STEP][PASSED] - break: null

2024-01-13 22:58:42 - [TEST_STEP][PASSED] - delay(1): Delayed 1 second(s)

2024-01-13 22:58:43 - [MESSAGE][PASSED] - Delayed 1 second(s)

2024-01-13 22:58:43 - [TEST_STEP][PASSED] - scrollToElement(findTestObject(orPath_Amount + "/input__paymentAmount"), 3): Scroll to object 'Object Repository/RAD_Pages/PaymentAmount_Page/input__paymentAmount' successfully

2024-01-13 22:58:43 - [MESSAGE][PASSED] - Scroll to object 'Object Repository/RAD_Pages/PaymentAmount_Page/input__paymentAmount' successfully

2024-01-13 22:58:43 - [TEST_STEP][PASSED] - setText(findTestObject(orPath_AddressContact + "/input_eMailAddress"), "imtiazster@gmail.com"): Text 'imtiazster@gmail.com' is set on object 'Object Repository/RAD_Pages/AddressAndContactInfo_Page/input_eMailAddress'

2024-01-13 22:58:44 - [MESSAGE][PASSED] - Text 'imtiazster@gmail.com' is set on object 'Object Repository/RAD_Pages/AddressAndContactInfo_Page/input_eMailAddress'

2024-01-13 22:58:44 - [TEST_STEP][PASSED] - setText(findTestObject(orPath_AddressContact + "/input_reEnterEMailAddress"), "iahmed@govolution.com"): Text 'iahmed@govolution.com' is set on object 'Object Repository/RAD_Pages/AddressAndContactInfo_Page/input_reEnterEMailAddress'

2024-01-13 22:58:45 - [MESSAGE][PASSED] - Text 'iahmed@govolution.com' is set on object 'Object Repository/RAD_Pages/AddressAndContactInfo_Page/input_reEnterEMailAddress'

2024-01-13 22:58:45 - [TEST_STEP][PASSED] - delay(2): Delayed 2 second(s)

2024-01-13 22:58:47 - [MESSAGE][PASSED] - Delayed 2 second(s)

2024-01-13 22:58:47 - [TEST_STEP][PASSED] - if (verifyTextPresent("The Email and Re-enter email do not match", true)): null

2024-01-13 22:58:47 - [MESSAGE][PASSED] - Text 'The Email and Re-enter email do not match' is present on page  using regular expression

2024-01-13 22:58:47 - [TEST_STEP][PASSED] - println("Emails Dont match text is present"): null

2024-01-13 22:58:47 - [TEST_STEP][PASSED] - out.println("Pass Record Number: " + row): null

2024-01-13 22:58:47 - [TEST_STEP][PASSED] - resText = "Pass": null

2024-01-13 22:58:47 - [TEST_STEP][PASSED] - pages.WriteExcel.demoKey(resText, datText, resColumn, datCloumn, fileLoc, nameSheet, row): pages.WriteExcel.demoKey is PASSED

2024-01-13 22:58:47 - [MESSAGE][PASSED] - pages.WriteExcel.demoKey is PASSED

2024-01-13 22:58:47 - [TEST_STEP][PASSED] - ExecuteTC = findTestData(dataFile).getValue("Execute", row): null

2024-01-13 22:58:47 - [TEST_STEP][PASSED] - Taxtype = findTestData(dataFile).getValue("TaxType", row): null

2024-01-13 22:58:47 - [TEST_STEP][PASSED] - Paymenttype = findTestData(dataFile).getValue("PaymentType", row): null

2024-01-13 22:58:47 - [TEST_STEP][PASSED] - out.println("Value of Execute is : " + ExecuteTC): null

2024-01-13 22:58:47 - [TEST_STEP][PASSED] - if (ExecuteTC.equalsIgnoreCase("Y")): null

2024-01-13 22:58:47 - [TEST_STEP][PASSED] - out.println("Begin Record Number: " + row): null

2024-01-13 22:58:47 - [TEST_STEP][PASSED] - today = new java.util.Date(): null

2024-01-13 22:58:47 - [TEST_STEP][PASSED] - println(today): null

2024-01-13 22:58:47 - [TEST_STEP][PASSED] - datText = today: null

2024-01-13 22:58:47 - [TEST_STEP][PASSED] - Taxtype = findTestData(dataFile).getValue("TaxType", row): null

2024-01-13 22:58:47 - [TEST_STEP][PASSED] - out.println("Taxtype value is : " + Taxtype): null

2024-01-13 22:58:47 - [TEST_STEP][PASSED] - openBrowser(""): Browser is opened with url: ''

2024-01-13 22:58:47 - [MESSAGE][WARNING] - A browser is already opened. Closing browser and opening a new one

2024-01-13 22:58:48 - [MESSAGE][INFO] - Starting 'Chrome' driver

2024-01-13 22:58:48 - [MESSAGE][INFO] - User set preference: ['acceptInsecureCerts', 'true']

2024-01-13 22:58:48 - [MESSAGE][INFO] - Action delay is set to 0 milliseconds

2024-01-13 22:58:50 - [MESSAGE][PASSED] - Browser is opened with url: ''

2024-01-13 22:58:50 - [TEST_STEP][PASSED] - maximizeWindow(): Current window maximized

2024-01-13 22:58:50 - [MESSAGE][PASSED] - Current window maximized

2024-01-13 22:58:50 - [TEST_STEP][PASSED] - navigateToUrl(RADurl): Navigate to 'https://qa2.velocitypayment.com/client/rad/index.html' successfully

2024-01-13 22:58:52 - [MESSAGE][PASSED] - Navigate to 'https://qa2.velocitypayment.com/client/rad/index.html' successfully

2024-01-13 22:58:52 - [TEST_STEP][PASSED] - orPath_Landing = "Object Repository/RAD_Pages/Landing_Page": null

2024-01-13 22:58:52 - [TEST_STEP][PASSED] - orPath_TaxTypeFilingYear = "Object Repository/RAD_Pages/TaxTypeFilingYear_Page": null

2024-01-13 22:58:52 - [TEST_STEP][PASSED] - orPath_TaxPayer = "Object Repository/RAD_Pages/Taxpayer_Page": null

2024-01-13 22:58:52 - [TEST_STEP][PASSED] - orPath_AddressContact = "Object Repository/RAD_Pages/AddressAndContactInfo_Page": null

2024-01-13 22:58:52 - [TEST_STEP][PASSED] - orPath_FilingStatus = "Object Repository/RAD_Pages/FilingStatus_Page": null

2024-01-13 22:58:52 - [TEST_STEP][PASSED] - orPath_Amount = "Object Repository/RAD_Pages/PaymentAmount_Page": null

2024-01-13 22:58:52 - [TEST_STEP][PASSED] - selectOptionByLabel(findTestObject(orPath_Landing + "/dd_TaxType"), Paymenttype, false): All options with label 'Quarterly Estimated Tax' are selected in object 'Object Repository/RAD_Pages/Landing_Page/dd_TaxType' 

2024-01-13 22:58:52 - [MESSAGE][PASSED] - All options with label 'Quarterly Estimated Tax' are selected in object 'Object Repository/RAD_Pages/Landing_Page/dd_TaxType' 

2024-01-13 22:58:52 - [TEST_STEP][PASSED] - delay(1): Delayed 1 second(s)

2024-01-13 22:58:53 - [MESSAGE][PASSED] - Delayed 1 second(s)

2024-01-13 22:58:53 - [TEST_STEP][PASSED] - switch (Paymenttype): null

2024-01-13 22:58:53 - [TEST_STEP][PASSED] - case "Quarterly Estimated Tax":: null

2024-01-13 22:58:53 - [TEST_STEP][PASSED] - selectOptionByLabel(findTestObject(orPath_TaxTypeFilingYear + "/select_PaymentType"), Taxtype, false): All options with label 'Corporate Income Tax' are selected in object 'Object Repository/RAD_Pages/TaxTypeFilingYear_Page/select_PaymentType' 

2024-01-13 22:58:54 - [MESSAGE][PASSED] - All options with label 'Corporate Income Tax' are selected in object 'Object Repository/RAD_Pages/TaxTypeFilingYear_Page/select_PaymentType' 

2024-01-13 22:58:54 - [TEST_STEP][PASSED] - break: null

2024-01-13 22:58:54 - [TEST_STEP][PASSED] - delay(1): Delayed 1 second(s)

2024-01-13 22:58:55 - [MESSAGE][PASSED] - Delayed 1 second(s)

2024-01-13 22:58:55 - [TEST_STEP][PASSED] - scrollToElement(findTestObject(orPath_Amount + "/input__paymentAmount"), 3): Scroll to object 'Object Repository/RAD_Pages/PaymentAmount_Page/input__paymentAmount' successfully

2024-01-13 22:58:55 - [MESSAGE][PASSED] - Scroll to object 'Object Repository/RAD_Pages/PaymentAmount_Page/input__paymentAmount' successfully

2024-01-13 22:58:55 - [TEST_STEP][PASSED] - setText(findTestObject(orPath_AddressContact + "/input_eMailAddress"), "imtiazster@gmail.com"): Text 'imtiazster@gmail.com' is set on object 'Object Repository/RAD_Pages/AddressAndContactInfo_Page/input_eMailAddress'

2024-01-13 22:58:56 - [MESSAGE][PASSED] - Text 'imtiazster@gmail.com' is set on object 'Object Repository/RAD_Pages/AddressAndContactInfo_Page/input_eMailAddress'

2024-01-13 22:58:56 - [TEST_STEP][PASSED] - setText(findTestObject(orPath_AddressContact + "/input_reEnterEMailAddress"), "iahmed@govolution.com"): Text 'iahmed@govolution.com' is set on object 'Object Repository/RAD_Pages/AddressAndContactInfo_Page/input_reEnterEMailAddress'

2024-01-13 22:58:57 - [MESSAGE][PASSED] - Text 'iahmed@govolution.com' is set on object 'Object Repository/RAD_Pages/AddressAndContactInfo_Page/input_reEnterEMailAddress'

2024-01-13 22:58:57 - [TEST_STEP][PASSED] - delay(2): Delayed 2 second(s)

2024-01-13 22:58:59 - [MESSAGE][PASSED] - Delayed 2 second(s)

2024-01-13 22:58:59 - [TEST_STEP][PASSED] - if (verifyTextPresent("The Email and Re-enter email do not match", true)): null

2024-01-13 22:58:59 - [MESSAGE][PASSED] - Text 'The Email and Re-enter email do not match' is present on page  using regular expression

2024-01-13 22:58:59 - [TEST_STEP][PASSED] - println("Emails Dont match text is present"): null

2024-01-13 22:58:59 - [TEST_STEP][PASSED] - out.println("Pass Record Number: " + row): null

2024-01-13 22:58:59 - [TEST_STEP][PASSED] - resText = "Pass": null

2024-01-13 22:58:59 - [TEST_STEP][PASSED] - pages.WriteExcel.demoKey(resText, datText, resColumn, datCloumn, fileLoc, nameSheet, row): pages.WriteExcel.demoKey is PASSED

2024-01-13 22:58:59 - [MESSAGE][PASSED] - pages.WriteExcel.demoKey is PASSED

2024-01-13 22:58:59 - [TEST_STEP][PASSED] - ExecuteTC = findTestData(dataFile).getValue("Execute", row): null

2024-01-13 22:58:59 - [TEST_STEP][PASSED] - Taxtype = findTestData(dataFile).getValue("TaxType", row): null

2024-01-13 22:58:59 - [TEST_STEP][PASSED] - Paymenttype = findTestData(dataFile).getValue("PaymentType", row): null

2024-01-13 22:58:59 - [TEST_STEP][PASSED] - out.println("Value of Execute is : " + ExecuteTC): null

2024-01-13 22:58:59 - [TEST_STEP][PASSED] - if (ExecuteTC.equalsIgnoreCase("Y")): null

2024-01-13 22:58:59 - [TEST_STEP][PASSED] - out.println("Begin Record Number: " + row): null

2024-01-13 22:58:59 - [TEST_STEP][PASSED] - today = new java.util.Date(): null

2024-01-13 22:58:59 - [TEST_STEP][PASSED] - println(today): null

2024-01-13 22:58:59 - [TEST_STEP][PASSED] - datText = today: null

2024-01-13 22:58:59 - [TEST_STEP][PASSED] - Taxtype = findTestData(dataFile).getValue("TaxType", row): null

2024-01-13 22:58:59 - [TEST_STEP][PASSED] - out.println("Taxtype value is : " + Taxtype): null

2024-01-13 22:58:59 - [TEST_STEP][PASSED] - openBrowser(""): Browser is opened with url: ''

2024-01-13 22:58:59 - [MESSAGE][WARNING] - A browser is already opened. Closing browser and opening a new one

2024-01-13 22:59:00 - [MESSAGE][INFO] - Starting 'Chrome' driver

2024-01-13 22:59:00 - [MESSAGE][INFO] - User set preference: ['acceptInsecureCerts', 'true']

2024-01-13 22:59:00 - [MESSAGE][INFO] - Action delay is set to 0 milliseconds

2024-01-13 22:59:02 - [MESSAGE][PASSED] - Browser is opened with url: ''

2024-01-13 22:59:02 - [TEST_STEP][PASSED] - maximizeWindow(): Current window maximized

2024-01-13 22:59:02 - [MESSAGE][PASSED] - Current window maximized

2024-01-13 22:59:02 - [TEST_STEP][PASSED] - navigateToUrl(RADurl): Navigate to 'https://qa2.velocitypayment.com/client/rad/index.html' successfully

2024-01-13 22:59:03 - [MESSAGE][PASSED] - Navigate to 'https://qa2.velocitypayment.com/client/rad/index.html' successfully

2024-01-13 22:59:03 - [TEST_STEP][PASSED] - orPath_Landing = "Object Repository/RAD_Pages/Landing_Page": null

2024-01-13 22:59:03 - [TEST_STEP][PASSED] - orPath_TaxTypeFilingYear = "Object Repository/RAD_Pages/TaxTypeFilingYear_Page": null

2024-01-13 22:59:03 - [TEST_STEP][PASSED] - orPath_TaxPayer = "Object Repository/RAD_Pages/Taxpayer_Page": null

2024-01-13 22:59:03 - [TEST_STEP][PASSED] - orPath_AddressContact = "Object Repository/RAD_Pages/AddressAndContactInfo_Page": null

2024-01-13 22:59:03 - [TEST_STEP][PASSED] - orPath_FilingStatus = "Object Repository/RAD_Pages/FilingStatus_Page": null

2024-01-13 22:59:03 - [TEST_STEP][PASSED] - orPath_Amount = "Object Repository/RAD_Pages/PaymentAmount_Page": null

2024-01-13 22:59:03 - [TEST_STEP][PASSED] - selectOptionByLabel(findTestObject(orPath_Landing + "/dd_TaxType"), Paymenttype, false): All options with label 'Quarterly Estimated Tax' are selected in object 'Object Repository/RAD_Pages/Landing_Page/dd_TaxType' 

2024-01-13 22:59:04 - [MESSAGE][PASSED] - All options with label 'Quarterly Estimated Tax' are selected in object 'Object Repository/RAD_Pages/Landing_Page/dd_TaxType' 

2024-01-13 22:59:04 - [TEST_STEP][PASSED] - delay(1): Delayed 1 second(s)

2024-01-13 22:59:05 - [MESSAGE][PASSED] - Delayed 1 second(s)

2024-01-13 22:59:05 - [TEST_STEP][PASSED] - switch (Paymenttype): null

2024-01-13 22:59:05 - [TEST_STEP][PASSED] - case "Quarterly Estimated Tax":: null

2024-01-13 22:59:05 - [TEST_STEP][PASSED] - selectOptionByLabel(findTestObject(orPath_TaxTypeFilingYear + "/select_PaymentType"), Taxtype, false): All options with label 'Fiduciary Tax' are selected in object 'Object Repository/RAD_Pages/TaxTypeFilingYear_Page/select_PaymentType' 

2024-01-13 22:59:06 - [MESSAGE][PASSED] - All options with label 'Fiduciary Tax' are selected in object 'Object Repository/RAD_Pages/TaxTypeFilingYear_Page/select_PaymentType' 

2024-01-13 22:59:06 - [TEST_STEP][PASSED] - break: null

2024-01-13 22:59:06 - [TEST_STEP][PASSED] - delay(1): Delayed 1 second(s)

2024-01-13 22:59:07 - [MESSAGE][PASSED] - Delayed 1 second(s)

2024-01-13 22:59:07 - [TEST_STEP][PASSED] - scrollToElement(findTestObject(orPath_Amount + "/input__paymentAmount"), 3): Scroll to object 'Object Repository/RAD_Pages/PaymentAmount_Page/input__paymentAmount' successfully

2024-01-13 22:59:07 - [MESSAGE][PASSED] - Scroll to object 'Object Repository/RAD_Pages/PaymentAmount_Page/input__paymentAmount' successfully

2024-01-13 22:59:07 - [TEST_STEP][PASSED] - setText(findTestObject(orPath_AddressContact + "/input_eMailAddress"), "imtiazster@gmail.com"): Text 'imtiazster@gmail.com' is set on object 'Object Repository/RAD_Pages/AddressAndContactInfo_Page/input_eMailAddress'

2024-01-13 22:59:08 - [MESSAGE][PASSED] - Text 'imtiazster@gmail.com' is set on object 'Object Repository/RAD_Pages/AddressAndContactInfo_Page/input_eMailAddress'

2024-01-13 22:59:08 - [TEST_STEP][PASSED] - setText(findTestObject(orPath_AddressContact + "/input_reEnterEMailAddress"), "iahmed@govolution.com"): Text 'iahmed@govolution.com' is set on object 'Object Repository/RAD_Pages/AddressAndContactInfo_Page/input_reEnterEMailAddress'

2024-01-13 22:59:09 - [MESSAGE][PASSED] - Text 'iahmed@govolution.com' is set on object 'Object Repository/RAD_Pages/AddressAndContactInfo_Page/input_reEnterEMailAddress'

2024-01-13 22:59:09 - [TEST_STEP][PASSED] - delay(2): Delayed 2 second(s)

2024-01-13 22:59:11 - [MESSAGE][PASSED] - Delayed 2 second(s)

2024-01-13 22:59:11 - [TEST_STEP][PASSED] - if (verifyTextPresent("The Email and Re-enter email do not match", true)): null

2024-01-13 22:59:11 - [MESSAGE][PASSED] - Text 'The Email and Re-enter email do not match' is present on page  using regular expression

2024-01-13 22:59:11 - [TEST_STEP][PASSED] - println("Emails Dont match text is present"): null

2024-01-13 22:59:11 - [TEST_STEP][PASSED] - out.println("Pass Record Number: " + row): null

2024-01-13 22:59:11 - [TEST_STEP][PASSED] - resText = "Pass": null

2024-01-13 22:59:11 - [TEST_STEP][PASSED] - pages.WriteExcel.demoKey(resText, datText, resColumn, datCloumn, fileLoc, nameSheet, row): pages.WriteExcel.demoKey is PASSED

2024-01-13 22:59:11 - [MESSAGE][PASSED] - pages.WriteExcel.demoKey is PASSED

2024-01-13 22:59:11 - [TEST_STEP][PASSED] - ExecuteTC = findTestData(dataFile).getValue("Execute", row): null

2024-01-13 22:59:11 - [TEST_STEP][PASSED] - Taxtype = findTestData(dataFile).getValue("TaxType", row): null

2024-01-13 22:59:11 - [TEST_STEP][PASSED] - Paymenttype = findTestData(dataFile).getValue("PaymentType", row): null

2024-01-13 22:59:11 - [TEST_STEP][PASSED] - out.println("Value of Execute is : " + ExecuteTC): null

2024-01-13 22:59:11 - [TEST_STEP][PASSED] - if (ExecuteTC.equalsIgnoreCase("Y")): null

2024-01-13 22:59:11 - [TEST_STEP][PASSED] - out.println("Begin Record Number: " + row): null

2024-01-13 22:59:11 - [TEST_STEP][PASSED] - today = new java.util.Date(): null

2024-01-13 22:59:11 - [TEST_STEP][PASSED] - println(today): null

2024-01-13 22:59:11 - [TEST_STEP][PASSED] - datText = today: null

2024-01-13 22:59:11 - [TEST_STEP][PASSED] - Taxtype = findTestData(dataFile).getValue("TaxType", row): null

2024-01-13 22:59:11 - [TEST_STEP][PASSED] - out.println("Taxtype value is : " + Taxtype): null

2024-01-13 22:59:11 - [TEST_STEP][PASSED] - openBrowser(""): Browser is opened with url: ''

2024-01-13 22:59:11 - [MESSAGE][WARNING] - A browser is already opened. Closing browser and opening a new one

2024-01-13 22:59:12 - [MESSAGE][INFO] - Starting 'Chrome' driver

2024-01-13 22:59:12 - [MESSAGE][INFO] - User set preference: ['acceptInsecureCerts', 'true']

2024-01-13 22:59:12 - [MESSAGE][INFO] - Action delay is set to 0 milliseconds

2024-01-13 22:59:14 - [MESSAGE][PASSED] - Browser is opened with url: ''

2024-01-13 22:59:14 - [TEST_STEP][PASSED] - maximizeWindow(): Current window maximized

2024-01-13 22:59:14 - [MESSAGE][PASSED] - Current window maximized

2024-01-13 22:59:14 - [TEST_STEP][PASSED] - navigateToUrl(RADurl): Navigate to 'https://qa2.velocitypayment.com/client/rad/index.html' successfully

2024-01-13 22:59:15 - [MESSAGE][PASSED] - Navigate to 'https://qa2.velocitypayment.com/client/rad/index.html' successfully

2024-01-13 22:59:15 - [TEST_STEP][PASSED] - orPath_Landing = "Object Repository/RAD_Pages/Landing_Page": null

2024-01-13 22:59:15 - [TEST_STEP][PASSED] - orPath_TaxTypeFilingYear = "Object Repository/RAD_Pages/TaxTypeFilingYear_Page": null

2024-01-13 22:59:15 - [TEST_STEP][PASSED] - orPath_TaxPayer = "Object Repository/RAD_Pages/Taxpayer_Page": null

2024-01-13 22:59:15 - [TEST_STEP][PASSED] - orPath_AddressContact = "Object Repository/RAD_Pages/AddressAndContactInfo_Page": null

2024-01-13 22:59:15 - [TEST_STEP][PASSED] - orPath_FilingStatus = "Object Repository/RAD_Pages/FilingStatus_Page": null

2024-01-13 22:59:15 - [TEST_STEP][PASSED] - orPath_Amount = "Object Repository/RAD_Pages/PaymentAmount_Page": null

2024-01-13 22:59:15 - [TEST_STEP][PASSED] - selectOptionByLabel(findTestObject(orPath_Landing + "/dd_TaxType"), Paymenttype, false): All options with label 'Quarterly Estimated Tax' are selected in object 'Object Repository/RAD_Pages/Landing_Page/dd_TaxType' 

2024-01-13 22:59:16 - [MESSAGE][PASSED] - All options with label 'Quarterly Estimated Tax' are selected in object 'Object Repository/RAD_Pages/Landing_Page/dd_TaxType' 

2024-01-13 22:59:16 - [TEST_STEP][PASSED] - delay(1): Delayed 1 second(s)

2024-01-13 22:59:17 - [MESSAGE][PASSED] - Delayed 1 second(s)

2024-01-13 22:59:17 - [TEST_STEP][PASSED] - switch (Paymenttype): null

2024-01-13 22:59:17 - [TEST_STEP][PASSED] - case "Quarterly Estimated Tax":: null

2024-01-13 22:59:17 - [TEST_STEP][PASSED] - selectOptionByLabel(findTestObject(orPath_TaxTypeFilingYear + "/select_PaymentType"), Taxtype, false): All options with label 'PTE Non-Electing Non-S Corp' are selected in object 'Object Repository/RAD_Pages/TaxTypeFilingYear_Page/select_PaymentType' 

2024-01-13 22:59:18 - [MESSAGE][PASSED] - All options with label 'PTE Non-Electing Non-S Corp' are selected in object 'Object Repository/RAD_Pages/TaxTypeFilingYear_Page/select_PaymentType' 

2024-01-13 22:59:18 - [TEST_STEP][PASSED] - break: null

2024-01-13 22:59:18 - [TEST_STEP][PASSED] - delay(1): Delayed 1 second(s)

2024-01-13 22:59:19 - [MESSAGE][PASSED] - Delayed 1 second(s)

2024-01-13 22:59:19 - [TEST_STEP][PASSED] - scrollToElement(findTestObject(orPath_Amount + "/input__paymentAmount"), 3): Scroll to object 'Object Repository/RAD_Pages/PaymentAmount_Page/input__paymentAmount' successfully

2024-01-13 22:59:19 - [MESSAGE][PASSED] - Scroll to object 'Object Repository/RAD_Pages/PaymentAmount_Page/input__paymentAmount' successfully

2024-01-13 22:59:19 - [TEST_STEP][PASSED] - setText(findTestObject(orPath_AddressContact + "/input_eMailAddress"), "imtiazster@gmail.com"): Text 'imtiazster@gmail.com' is set on object 'Object Repository/RAD_Pages/AddressAndContactInfo_Page/input_eMailAddress'

2024-01-13 22:59:20 - [MESSAGE][PASSED] - Text 'imtiazster@gmail.com' is set on object 'Object Repository/RAD_Pages/AddressAndContactInfo_Page/input_eMailAddress'

2024-01-13 22:59:20 - [TEST_STEP][PASSED] - setText(findTestObject(orPath_AddressContact + "/input_reEnterEMailAddress"), "iahmed@govolution.com"): Text 'iahmed@govolution.com' is set on object 'Object Repository/RAD_Pages/AddressAndContactInfo_Page/input_reEnterEMailAddress'

2024-01-13 22:59:21 - [MESSAGE][PASSED] - Text 'iahmed@govolution.com' is set on object 'Object Repository/RAD_Pages/AddressAndContactInfo_Page/input_reEnterEMailAddress'

2024-01-13 22:59:21 - [TEST_STEP][PASSED] - delay(2): Delayed 2 second(s)

2024-01-13 22:59:23 - [MESSAGE][PASSED] - Delayed 2 second(s)

2024-01-13 22:59:23 - [TEST_STEP][PASSED] - if (verifyTextPresent("The Email and Re-enter email do not match", true)): null

2024-01-13 22:59:23 - [MESSAGE][PASSED] - Text 'The Email and Re-enter email do not match' is present on page  using regular expression

2024-01-13 22:59:23 - [TEST_STEP][PASSED] - println("Emails Dont match text is present"): null

2024-01-13 22:59:23 - [TEST_STEP][PASSED] - out.println("Pass Record Number: " + row): null

2024-01-13 22:59:23 - [TEST_STEP][PASSED] - resText = "Pass": null

2024-01-13 22:59:23 - [TEST_STEP][PASSED] - pages.WriteExcel.demoKey(resText, datText, resColumn, datCloumn, fileLoc, nameSheet, row): pages.WriteExcel.demoKey is PASSED

2024-01-13 22:59:23 - [MESSAGE][PASSED] - pages.WriteExcel.demoKey is PASSED

2024-01-13 22:59:23 - [TEST_STEP][PASSED] - ExecuteTC = findTestData(dataFile).getValue("Execute", row): null

2024-01-13 22:59:23 - [TEST_STEP][PASSED] - Taxtype = findTestData(dataFile).getValue("TaxType", row): null

2024-01-13 22:59:23 - [TEST_STEP][PASSED] - Paymenttype = findTestData(dataFile).getValue("PaymentType", row): null

2024-01-13 22:59:23 - [TEST_STEP][PASSED] - out.println("Value of Execute is : " + ExecuteTC): null

2024-01-13 22:59:23 - [TEST_STEP][PASSED] - if (ExecuteTC.equalsIgnoreCase("Y")): null

2024-01-13 22:59:23 - [TEST_STEP][PASSED] - out.println("Begin Record Number: " + row): null

2024-01-13 22:59:23 - [TEST_STEP][PASSED] - today = new java.util.Date(): null

2024-01-13 22:59:23 - [TEST_STEP][PASSED] - println(today): null

2024-01-13 22:59:23 - [TEST_STEP][PASSED] - datText = today: null

2024-01-13 22:59:23 - [TEST_STEP][PASSED] - Taxtype = findTestData(dataFile).getValue("TaxType", row): null

2024-01-13 22:59:23 - [TEST_STEP][PASSED] - out.println("Taxtype value is : " + Taxtype): null

2024-01-13 22:59:23 - [TEST_STEP][PASSED] - openBrowser(""): Browser is opened with url: ''

2024-01-13 22:59:23 - [MESSAGE][WARNING] - A browser is already opened. Closing browser and opening a new one

2024-01-13 22:59:24 - [MESSAGE][INFO] - Starting 'Chrome' driver

2024-01-13 22:59:24 - [MESSAGE][INFO] - User set preference: ['acceptInsecureCerts', 'true']

2024-01-13 22:59:24 - [MESSAGE][INFO] - Action delay is set to 0 milliseconds

2024-01-13 22:59:26 - [MESSAGE][PASSED] - Browser is opened with url: ''

2024-01-13 22:59:26 - [TEST_STEP][PASSED] - maximizeWindow(): Current window maximized

2024-01-13 22:59:26 - [MESSAGE][PASSED] - Current window maximized

2024-01-13 22:59:26 - [TEST_STEP][PASSED] - navigateToUrl(RADurl): Navigate to 'https://qa2.velocitypayment.com/client/rad/index.html' successfully

2024-01-13 22:59:27 - [MESSAGE][PASSED] - Navigate to 'https://qa2.velocitypayment.com/client/rad/index.html' successfully

2024-01-13 22:59:27 - [TEST_STEP][PASSED] - orPath_Landing = "Object Repository/RAD_Pages/Landing_Page": null

2024-01-13 22:59:27 - [TEST_STEP][PASSED] - orPath_TaxTypeFilingYear = "Object Repository/RAD_Pages/TaxTypeFilingYear_Page": null

2024-01-13 22:59:27 - [TEST_STEP][PASSED] - orPath_TaxPayer = "Object Repository/RAD_Pages/Taxpayer_Page": null

2024-01-13 22:59:27 - [TEST_STEP][PASSED] - orPath_AddressContact = "Object Repository/RAD_Pages/AddressAndContactInfo_Page": null

2024-01-13 22:59:27 - [TEST_STEP][PASSED] - orPath_FilingStatus = "Object Repository/RAD_Pages/FilingStatus_Page": null

2024-01-13 22:59:27 - [TEST_STEP][PASSED] - orPath_Amount = "Object Repository/RAD_Pages/PaymentAmount_Page": null

2024-01-13 22:59:27 - [TEST_STEP][PASSED] - selectOptionByLabel(findTestObject(orPath_Landing + "/dd_TaxType"), Paymenttype, false): All options with label 'Quarterly Estimated Tax' are selected in object 'Object Repository/RAD_Pages/Landing_Page/dd_TaxType' 

2024-01-13 22:59:28 - [MESSAGE][PASSED] - All options with label 'Quarterly Estimated Tax' are selected in object 'Object Repository/RAD_Pages/Landing_Page/dd_TaxType' 

2024-01-13 22:59:28 - [TEST_STEP][PASSED] - delay(1): Delayed 1 second(s)

2024-01-13 22:59:29 - [MESSAGE][PASSED] - Delayed 1 second(s)

2024-01-13 22:59:29 - [TEST_STEP][PASSED] - switch (Paymenttype): null

2024-01-13 22:59:29 - [TEST_STEP][PASSED] - case "Quarterly Estimated Tax":: null

2024-01-13 22:59:29 - [TEST_STEP][PASSED] - selectOptionByLabel(findTestObject(orPath_TaxTypeFilingYear + "/select_PaymentType"), Taxtype, false): All options with label 'PTE Non-Electing S Corp' are selected in object 'Object Repository/RAD_Pages/TaxTypeFilingYear_Page/select_PaymentType' 

2024-01-13 22:59:30 - [MESSAGE][PASSED] - All options with label 'PTE Non-Electing S Corp' are selected in object 'Object Repository/RAD_Pages/TaxTypeFilingYear_Page/select_PaymentType' 

2024-01-13 22:59:30 - [TEST_STEP][PASSED] - break: null

2024-01-13 22:59:30 - [TEST_STEP][PASSED] - delay(1): Delayed 1 second(s)

2024-01-13 22:59:31 - [MESSAGE][PASSED] - Delayed 1 second(s)

2024-01-13 22:59:31 - [TEST_STEP][PASSED] - scrollToElement(findTestObject(orPath_Amount + "/input__paymentAmount"), 3): Scroll to object 'Object Repository/RAD_Pages/PaymentAmount_Page/input__paymentAmount' successfully

2024-01-13 22:59:31 - [MESSAGE][PASSED] - Scroll to object 'Object Repository/RAD_Pages/PaymentAmount_Page/input__paymentAmount' successfully

2024-01-13 22:59:31 - [TEST_STEP][PASSED] - setText(findTestObject(orPath_AddressContact + "/input_eMailAddress"), "imtiazster@gmail.com"): Text 'imtiazster@gmail.com' is set on object 'Object Repository/RAD_Pages/AddressAndContactInfo_Page/input_eMailAddress'

2024-01-13 22:59:32 - [MESSAGE][PASSED] - Text 'imtiazster@gmail.com' is set on object 'Object Repository/RAD_Pages/AddressAndContactInfo_Page/input_eMailAddress'

2024-01-13 22:59:32 - [TEST_STEP][PASSED] - setText(findTestObject(orPath_AddressContact + "/input_reEnterEMailAddress"), "iahmed@govolution.com"): Text 'iahmed@govolution.com' is set on object 'Object Repository/RAD_Pages/AddressAndContactInfo_Page/input_reEnterEMailAddress'

2024-01-13 22:59:33 - [MESSAGE][PASSED] - Text 'iahmed@govolution.com' is set on object 'Object Repository/RAD_Pages/AddressAndContactInfo_Page/input_reEnterEMailAddress'

2024-01-13 22:59:33 - [TEST_STEP][PASSED] - delay(2): Delayed 2 second(s)

2024-01-13 22:59:35 - [MESSAGE][PASSED] - Delayed 2 second(s)

2024-01-13 22:59:35 - [TEST_STEP][PASSED] - if (verifyTextPresent("The Email and Re-enter email do not match", true)): null

2024-01-13 22:59:35 - [MESSAGE][PASSED] - Text 'The Email and Re-enter email do not match' is present on page  using regular expression

2024-01-13 22:59:35 - [TEST_STEP][PASSED] - println("Emails Dont match text is present"): null

2024-01-13 22:59:35 - [TEST_STEP][PASSED] - out.println("Pass Record Number: " + row): null

2024-01-13 22:59:35 - [TEST_STEP][PASSED] - resText = "Pass": null

2024-01-13 22:59:35 - [TEST_STEP][PASSED] - pages.WriteExcel.demoKey(resText, datText, resColumn, datCloumn, fileLoc, nameSheet, row): pages.WriteExcel.demoKey is PASSED

2024-01-13 22:59:35 - [MESSAGE][PASSED] - pages.WriteExcel.demoKey is PASSED

2024-01-13 22:59:35 - [TEST_STEP][PASSED] - ExecuteTC = findTestData(dataFile).getValue("Execute", row): null

2024-01-13 22:59:35 - [TEST_STEP][PASSED] - Taxtype = findTestData(dataFile).getValue("TaxType", row): null

2024-01-13 22:59:35 - [TEST_STEP][PASSED] - Paymenttype = findTestData(dataFile).getValue("PaymentType", row): null

2024-01-13 22:59:35 - [TEST_STEP][PASSED] - out.println("Value of Execute is : " + ExecuteTC): null

2024-01-13 22:59:35 - [TEST_STEP][PASSED] - if (ExecuteTC.equalsIgnoreCase("Y")): null

2024-01-13 22:59:35 - [TEST_STEP][PASSED] - out.println("Begin Record Number: " + row): null

2024-01-13 22:59:35 - [TEST_STEP][PASSED] - today = new java.util.Date(): null

2024-01-13 22:59:35 - [TEST_STEP][PASSED] - println(today): null

2024-01-13 22:59:35 - [TEST_STEP][PASSED] - datText = today: null

2024-01-13 22:59:35 - [TEST_STEP][PASSED] - Taxtype = findTestData(dataFile).getValue("TaxType", row): null

2024-01-13 22:59:35 - [TEST_STEP][PASSED] - out.println("Taxtype value is : " + Taxtype): null

2024-01-13 22:59:35 - [TEST_STEP][PASSED] - openBrowser(""): Browser is opened with url: ''

2024-01-13 22:59:35 - [MESSAGE][WARNING] - A browser is already opened. Closing browser and opening a new one

2024-01-13 22:59:36 - [MESSAGE][INFO] - Starting 'Chrome' driver

2024-01-13 22:59:36 - [MESSAGE][INFO] - User set preference: ['acceptInsecureCerts', 'true']

2024-01-13 22:59:36 - [MESSAGE][INFO] - Action delay is set to 0 milliseconds

2024-01-13 22:59:38 - [MESSAGE][PASSED] - Browser is opened with url: ''

2024-01-13 22:59:38 - [TEST_STEP][PASSED] - maximizeWindow(): Current window maximized

2024-01-13 22:59:38 - [MESSAGE][PASSED] - Current window maximized

2024-01-13 22:59:38 - [TEST_STEP][PASSED] - navigateToUrl(RADurl): Navigate to 'https://qa2.velocitypayment.com/client/rad/index.html' successfully

2024-01-13 22:59:38 - [MESSAGE][PASSED] - Navigate to 'https://qa2.velocitypayment.com/client/rad/index.html' successfully

2024-01-13 22:59:38 - [TEST_STEP][PASSED] - orPath_Landing = "Object Repository/RAD_Pages/Landing_Page": null

2024-01-13 22:59:38 - [TEST_STEP][PASSED] - orPath_TaxTypeFilingYear = "Object Repository/RAD_Pages/TaxTypeFilingYear_Page": null

2024-01-13 22:59:38 - [TEST_STEP][PASSED] - orPath_TaxPayer = "Object Repository/RAD_Pages/Taxpayer_Page": null

2024-01-13 22:59:38 - [TEST_STEP][PASSED] - orPath_AddressContact = "Object Repository/RAD_Pages/AddressAndContactInfo_Page": null

2024-01-13 22:59:38 - [TEST_STEP][PASSED] - orPath_FilingStatus = "Object Repository/RAD_Pages/FilingStatus_Page": null

2024-01-13 22:59:38 - [TEST_STEP][PASSED] - orPath_Amount = "Object Repository/RAD_Pages/PaymentAmount_Page": null

2024-01-13 22:59:38 - [TEST_STEP][PASSED] - selectOptionByLabel(findTestObject(orPath_Landing + "/dd_TaxType"), Paymenttype, false): All options with label 'Quarterly Estimated Tax' are selected in object 'Object Repository/RAD_Pages/Landing_Page/dd_TaxType' 

2024-01-13 22:59:40 - [MESSAGE][PASSED] - All options with label 'Quarterly Estimated Tax' are selected in object 'Object Repository/RAD_Pages/Landing_Page/dd_TaxType' 

2024-01-13 22:59:40 - [TEST_STEP][PASSED] - delay(1): Delayed 1 second(s)

2024-01-13 22:59:41 - [MESSAGE][PASSED] - Delayed 1 second(s)

2024-01-13 22:59:41 - [TEST_STEP][PASSED] - switch (Paymenttype): null

2024-01-13 22:59:41 - [TEST_STEP][PASSED] - case "Quarterly Estimated Tax":: null

2024-01-13 22:59:41 - [TEST_STEP][PASSED] - selectOptionByLabel(findTestObject(orPath_TaxTypeFilingYear + "/select_PaymentType"), Taxtype, false): All options with label 'PTE Tax Electing Non-S Corp' are selected in object 'Object Repository/RAD_Pages/TaxTypeFilingYear_Page/select_PaymentType' 

2024-01-13 22:59:42 - [MESSAGE][PASSED] - All options with label 'PTE Tax Electing Non-S Corp' are selected in object 'Object Repository/RAD_Pages/TaxTypeFilingYear_Page/select_PaymentType' 

2024-01-13 22:59:42 - [TEST_STEP][PASSED] - break: null

2024-01-13 22:59:42 - [TEST_STEP][PASSED] - delay(1): Delayed 1 second(s)

2024-01-13 22:59:43 - [MESSAGE][PASSED] - Delayed 1 second(s)

2024-01-13 22:59:43 - [TEST_STEP][PASSED] - scrollToElement(findTestObject(orPath_Amount + "/input__paymentAmount"), 3): Scroll to object 'Object Repository/RAD_Pages/PaymentAmount_Page/input__paymentAmount' successfully

2024-01-13 22:59:43 - [MESSAGE][PASSED] - Scroll to object 'Object Repository/RAD_Pages/PaymentAmount_Page/input__paymentAmount' successfully

2024-01-13 22:59:43 - [TEST_STEP][PASSED] - setText(findTestObject(orPath_AddressContact + "/input_eMailAddress"), "imtiazster@gmail.com"): Text 'imtiazster@gmail.com' is set on object 'Object Repository/RAD_Pages/AddressAndContactInfo_Page/input_eMailAddress'

2024-01-13 22:59:44 - [MESSAGE][PASSED] - Text 'imtiazster@gmail.com' is set on object 'Object Repository/RAD_Pages/AddressAndContactInfo_Page/input_eMailAddress'

2024-01-13 22:59:44 - [TEST_STEP][PASSED] - setText(findTestObject(orPath_AddressContact + "/input_reEnterEMailAddress"), "iahmed@govolution.com"): Text 'iahmed@govolution.com' is set on object 'Object Repository/RAD_Pages/AddressAndContactInfo_Page/input_reEnterEMailAddress'

2024-01-13 22:59:45 - [MESSAGE][PASSED] - Text 'iahmed@govolution.com' is set on object 'Object Repository/RAD_Pages/AddressAndContactInfo_Page/input_reEnterEMailAddress'

2024-01-13 22:59:45 - [TEST_STEP][PASSED] - delay(2): Delayed 2 second(s)

2024-01-13 22:59:47 - [MESSAGE][PASSED] - Delayed 2 second(s)

2024-01-13 22:59:47 - [TEST_STEP][PASSED] - if (verifyTextPresent("The Email and Re-enter email do not match", true)): null

2024-01-13 22:59:47 - [MESSAGE][PASSED] - Text 'The Email and Re-enter email do not match' is present on page  using regular expression

2024-01-13 22:59:47 - [TEST_STEP][PASSED] - println("Emails Dont match text is present"): null

2024-01-13 22:59:47 - [TEST_STEP][PASSED] - out.println("Pass Record Number: " + row): null

2024-01-13 22:59:47 - [TEST_STEP][PASSED] - resText = "Pass": null

2024-01-13 22:59:47 - [TEST_STEP][PASSED] - pages.WriteExcel.demoKey(resText, datText, resColumn, datCloumn, fileLoc, nameSheet, row): pages.WriteExcel.demoKey is PASSED

2024-01-13 22:59:47 - [MESSAGE][PASSED] - pages.WriteExcel.demoKey is PASSED

2024-01-13 22:59:47 - [TEST_STEP][PASSED] - ExecuteTC = findTestData(dataFile).getValue("Execute", row): null

2024-01-13 22:59:47 - [TEST_STEP][PASSED] - Taxtype = findTestData(dataFile).getValue("TaxType", row): null

2024-01-13 22:59:47 - [TEST_STEP][PASSED] - Paymenttype = findTestData(dataFile).getValue("PaymentType", row): null

2024-01-13 22:59:47 - [TEST_STEP][PASSED] - out.println("Value of Execute is : " + ExecuteTC): null

2024-01-13 22:59:47 - [TEST_STEP][PASSED] - if (ExecuteTC.equalsIgnoreCase("Y")): null

2024-01-13 22:59:47 - [TEST_STEP][PASSED] - out.println("Begin Record Number: " + row): null

2024-01-13 22:59:47 - [TEST_STEP][PASSED] - today = new java.util.Date(): null

2024-01-13 22:59:47 - [TEST_STEP][PASSED] - println(today): null

2024-01-13 22:59:47 - [TEST_STEP][PASSED] - datText = today: null

2024-01-13 22:59:47 - [TEST_STEP][PASSED] - Taxtype = findTestData(dataFile).getValue("TaxType", row): null

2024-01-13 22:59:47 - [TEST_STEP][PASSED] - out.println("Taxtype value is : " + Taxtype): null

2024-01-13 22:59:47 - [TEST_STEP][PASSED] - openBrowser(""): Browser is opened with url: ''

2024-01-13 22:59:47 - [MESSAGE][WARNING] - A browser is already opened. Closing browser and opening a new one

2024-01-13 22:59:48 - [MESSAGE][INFO] - Starting 'Chrome' driver

2024-01-13 22:59:48 - [MESSAGE][INFO] - User set preference: ['acceptInsecureCerts', 'true']

2024-01-13 22:59:48 - [MESSAGE][INFO] - Action delay is set to 0 milliseconds

2024-01-13 22:59:50 - [MESSAGE][PASSED] - Browser is opened with url: ''

2024-01-13 22:59:50 - [TEST_STEP][PASSED] - maximizeWindow(): Current window maximized

2024-01-13 22:59:50 - [MESSAGE][PASSED] - Current window maximized

2024-01-13 22:59:50 - [TEST_STEP][PASSED] - navigateToUrl(RADurl): Navigate to 'https://qa2.velocitypayment.com/client/rad/index.html' successfully

2024-01-13 22:59:51 - [MESSAGE][PASSED] - Navigate to 'https://qa2.velocitypayment.com/client/rad/index.html' successfully

2024-01-13 22:59:51 - [TEST_STEP][PASSED] - orPath_Landing = "Object Repository/RAD_Pages/Landing_Page": null

2024-01-13 22:59:51 - [TEST_STEP][PASSED] - orPath_TaxTypeFilingYear = "Object Repository/RAD_Pages/TaxTypeFilingYear_Page": null

2024-01-13 22:59:51 - [TEST_STEP][PASSED] - orPath_TaxPayer = "Object Repository/RAD_Pages/Taxpayer_Page": null

2024-01-13 22:59:51 - [TEST_STEP][PASSED] - orPath_AddressContact = "Object Repository/RAD_Pages/AddressAndContactInfo_Page": null

2024-01-13 22:59:51 - [TEST_STEP][PASSED] - orPath_FilingStatus = "Object Repository/RAD_Pages/FilingStatus_Page": null

2024-01-13 22:59:51 - [TEST_STEP][PASSED] - orPath_Amount = "Object Repository/RAD_Pages/PaymentAmount_Page": null

2024-01-13 22:59:51 - [TEST_STEP][PASSED] - selectOptionByLabel(findTestObject(orPath_Landing + "/dd_TaxType"), Paymenttype, false): All options with label 'Quarterly Estimated Tax' are selected in object 'Object Repository/RAD_Pages/Landing_Page/dd_TaxType' 

2024-01-13 22:59:52 - [MESSAGE][PASSED] - All options with label 'Quarterly Estimated Tax' are selected in object 'Object Repository/RAD_Pages/Landing_Page/dd_TaxType' 

2024-01-13 22:59:52 - [TEST_STEP][PASSED] - delay(1): Delayed 1 second(s)

2024-01-13 22:59:53 - [MESSAGE][PASSED] - Delayed 1 second(s)

2024-01-13 22:59:53 - [TEST_STEP][PASSED] - switch (Paymenttype): null

2024-01-13 22:59:53 - [TEST_STEP][PASSED] - case "Quarterly Estimated Tax":: null

2024-01-13 22:59:53 - [TEST_STEP][PASSED] - selectOptionByLabel(findTestObject(orPath_TaxTypeFilingYear + "/select_PaymentType"), Taxtype, false): All options with label 'PTE Tax Electing S Corp' are selected in object 'Object Repository/RAD_Pages/TaxTypeFilingYear_Page/select_PaymentType' 

2024-01-13 22:59:53 - [MESSAGE][PASSED] - All options with label 'PTE Tax Electing S Corp' are selected in object 'Object Repository/RAD_Pages/TaxTypeFilingYear_Page/select_PaymentType' 

2024-01-13 22:59:53 - [TEST_STEP][PASSED] - break: null

2024-01-13 22:59:53 - [TEST_STEP][PASSED] - delay(1): Delayed 1 second(s)

2024-01-13 22:59:54 - [MESSAGE][PASSED] - Delayed 1 second(s)

2024-01-13 22:59:54 - [TEST_STEP][PASSED] - scrollToElement(findTestObject(orPath_Amount + "/input__paymentAmount"), 3): Scroll to object 'Object Repository/RAD_Pages/PaymentAmount_Page/input__paymentAmount' successfully

2024-01-13 22:59:55 - [MESSAGE][PASSED] - Scroll to object 'Object Repository/RAD_Pages/PaymentAmount_Page/input__paymentAmount' successfully

2024-01-13 22:59:55 - [TEST_STEP][PASSED] - setText(findTestObject(orPath_AddressContact + "/input_eMailAddress"), "imtiazster@gmail.com"): Text 'imtiazster@gmail.com' is set on object 'Object Repository/RAD_Pages/AddressAndContactInfo_Page/input_eMailAddress'

2024-01-13 22:59:56 - [MESSAGE][PASSED] - Text 'imtiazster@gmail.com' is set on object 'Object Repository/RAD_Pages/AddressAndContactInfo_Page/input_eMailAddress'

2024-01-13 22:59:56 - [TEST_STEP][PASSED] - setText(findTestObject(orPath_AddressContact + "/input_reEnterEMailAddress"), "iahmed@govolution.com"): Text 'iahmed@govolution.com' is set on object 'Object Repository/RAD_Pages/AddressAndContactInfo_Page/input_reEnterEMailAddress'

2024-01-13 22:59:56 - [MESSAGE][PASSED] - Text 'iahmed@govolution.com' is set on object 'Object Repository/RAD_Pages/AddressAndContactInfo_Page/input_reEnterEMailAddress'

2024-01-13 22:59:56 - [TEST_STEP][PASSED] - delay(2): Delayed 2 second(s)

2024-01-13 22:59:58 - [MESSAGE][PASSED] - Delayed 2 second(s)

2024-01-13 22:59:58 - [TEST_STEP][PASSED] - if (verifyTextPresent("The Email and Re-enter email do not match", true)): null

2024-01-13 22:59:59 - [MESSAGE][PASSED] - Text 'The Email and Re-enter email do not match' is present on page  using regular expression

2024-01-13 22:59:59 - [TEST_STEP][PASSED] - println("Emails Dont match text is present"): null

2024-01-13 22:59:59 - [TEST_STEP][PASSED] - out.println("Pass Record Number: " + row): null

2024-01-13 22:59:59 - [TEST_STEP][PASSED] - resText = "Pass": null

2024-01-13 22:59:59 - [TEST_STEP][PASSED] - pages.WriteExcel.demoKey(resText, datText, resColumn, datCloumn, fileLoc, nameSheet, row): pages.WriteExcel.demoKey is PASSED

2024-01-13 22:59:59 - [MESSAGE][PASSED] - pages.WriteExcel.demoKey is PASSED

2024-01-13 22:59:59 - [TEST_STEP][PASSED] - ExecuteTC = findTestData(dataFile).getValue("Execute", row): null

2024-01-13 22:59:59 - [TEST_STEP][PASSED] - Taxtype = findTestData(dataFile).getValue("TaxType", row): null

2024-01-13 22:59:59 - [TEST_STEP][PASSED] - Paymenttype = findTestData(dataFile).getValue("PaymentType", row): null

2024-01-13 22:59:59 - [TEST_STEP][PASSED] - out.println("Value of Execute is : " + ExecuteTC): null

2024-01-13 22:59:59 - [TEST_STEP][PASSED] - if (ExecuteTC.equalsIgnoreCase("Y")): null

2024-01-13 22:59:59 - [TEST_STEP][PASSED] - out.println("Begin Record Number: " + row): null

2024-01-13 22:59:59 - [TEST_STEP][PASSED] - today = new java.util.Date(): null

2024-01-13 22:59:59 - [TEST_STEP][PASSED] - println(today): null

2024-01-13 22:59:59 - [TEST_STEP][PASSED] - datText = today: null

2024-01-13 22:59:59 - [TEST_STEP][PASSED] - Taxtype = findTestData(dataFile).getValue("TaxType", row): null

2024-01-13 22:59:59 - [TEST_STEP][PASSED] - out.println("Taxtype value is : " + Taxtype): null

2024-01-13 22:59:59 - [TEST_STEP][PASSED] - openBrowser(""): Browser is opened with url: ''

2024-01-13 22:59:59 - [MESSAGE][WARNING] - A browser is already opened. Closing browser and opening a new one

2024-01-13 23:00:00 - [MESSAGE][INFO] - Starting 'Chrome' driver

2024-01-13 23:00:00 - [MESSAGE][INFO] - User set preference: ['acceptInsecureCerts', 'true']

2024-01-13 23:00:00 - [MESSAGE][INFO] - Action delay is set to 0 milliseconds

2024-01-13 23:00:01 - [MESSAGE][PASSED] - Browser is opened with url: ''

2024-01-13 23:00:01 - [TEST_STEP][PASSED] - maximizeWindow(): Current window maximized

2024-01-13 23:00:02 - [MESSAGE][PASSED] - Current window maximized

2024-01-13 23:00:02 - [TEST_STEP][PASSED] - navigateToUrl(RADurl): Navigate to 'https://qa2.velocitypayment.com/client/rad/index.html' successfully

2024-01-13 23:00:03 - [MESSAGE][PASSED] - Navigate to 'https://qa2.velocitypayment.com/client/rad/index.html' successfully

2024-01-13 23:00:03 - [TEST_STEP][PASSED] - orPath_Landing = "Object Repository/RAD_Pages/Landing_Page": null

2024-01-13 23:00:03 - [TEST_STEP][PASSED] - orPath_TaxTypeFilingYear = "Object Repository/RAD_Pages/TaxTypeFilingYear_Page": null

2024-01-13 23:00:03 - [TEST_STEP][PASSED] - orPath_TaxPayer = "Object Repository/RAD_Pages/Taxpayer_Page": null

2024-01-13 23:00:03 - [TEST_STEP][PASSED] - orPath_AddressContact = "Object Repository/RAD_Pages/AddressAndContactInfo_Page": null

2024-01-13 23:00:03 - [TEST_STEP][PASSED] - orPath_FilingStatus = "Object Repository/RAD_Pages/FilingStatus_Page": null

2024-01-13 23:00:03 - [TEST_STEP][PASSED] - orPath_Amount = "Object Repository/RAD_Pages/PaymentAmount_Page": null

2024-01-13 23:00:03 - [TEST_STEP][PASSED] - selectOptionByLabel(findTestObject(orPath_Landing + "/dd_TaxType"), Paymenttype, false): All options with label 'Quarterly Estimated Tax' are selected in object 'Object Repository/RAD_Pages/Landing_Page/dd_TaxType' 

2024-01-13 23:00:04 - [MESSAGE][PASSED] - All options with label 'Quarterly Estimated Tax' are selected in object 'Object Repository/RAD_Pages/Landing_Page/dd_TaxType' 

2024-01-13 23:00:04 - [TEST_STEP][PASSED] - delay(1): Delayed 1 second(s)

2024-01-13 23:00:05 - [MESSAGE][PASSED] - Delayed 1 second(s)

2024-01-13 23:00:05 - [TEST_STEP][PASSED] - switch (Paymenttype): null

2024-01-13 23:00:05 - [TEST_STEP][PASSED] - case "Quarterly Estimated Tax":: null

2024-01-13 23:00:05 - [TEST_STEP][PASSED] - selectOptionByLabel(findTestObject(orPath_TaxTypeFilingYear + "/select_PaymentType"), Taxtype, false): All options with label 'Personal Income Tax' are selected in object 'Object Repository/RAD_Pages/TaxTypeFilingYear_Page/select_PaymentType' 

2024-01-13 23:00:05 - [MESSAGE][PASSED] - All options with label 'Personal Income Tax' are selected in object 'Object Repository/RAD_Pages/TaxTypeFilingYear_Page/select_PaymentType' 

2024-01-13 23:00:05 - [TEST_STEP][PASSED] - break: null

2024-01-13 23:00:05 - [TEST_STEP][PASSED] - delay(1): Delayed 1 second(s)

2024-01-13 23:00:06 - [MESSAGE][PASSED] - Delayed 1 second(s)

2024-01-13 23:00:06 - [TEST_STEP][PASSED] - scrollToElement(findTestObject(orPath_Amount + "/input__paymentAmount"), 3): Scroll to object 'Object Repository/RAD_Pages/PaymentAmount_Page/input__paymentAmount' successfully

2024-01-13 23:00:07 - [MESSAGE][PASSED] - Scroll to object 'Object Repository/RAD_Pages/PaymentAmount_Page/input__paymentAmount' successfully

2024-01-13 23:00:07 - [TEST_STEP][PASSED] - setText(findTestObject(orPath_AddressContact + "/input_eMailAddress"), "imtiazster@gmail.com"): Text 'imtiazster@gmail.com' is set on object 'Object Repository/RAD_Pages/AddressAndContactInfo_Page/input_eMailAddress'

2024-01-13 23:00:08 - [MESSAGE][PASSED] - Text 'imtiazster@gmail.com' is set on object 'Object Repository/RAD_Pages/AddressAndContactInfo_Page/input_eMailAddress'

2024-01-13 23:00:08 - [TEST_STEP][PASSED] - setText(findTestObject(orPath_AddressContact + "/input_reEnterEMailAddress"), "iahmed@govolution.com"): Text 'iahmed@govolution.com' is set on object 'Object Repository/RAD_Pages/AddressAndContactInfo_Page/input_reEnterEMailAddress'

2024-01-13 23:00:08 - [MESSAGE][PASSED] - Text 'iahmed@govolution.com' is set on object 'Object Repository/RAD_Pages/AddressAndContactInfo_Page/input_reEnterEMailAddress'

2024-01-13 23:00:08 - [TEST_STEP][PASSED] - delay(2): Delayed 2 second(s)

2024-01-13 23:00:10 - [MESSAGE][PASSED] - Delayed 2 second(s)

2024-01-13 23:00:10 - [TEST_STEP][PASSED] - if (verifyTextPresent("The Email and Re-enter email do not match", true)): null

2024-01-13 23:00:11 - [MESSAGE][PASSED] - Text 'The Email and Re-enter email do not match' is present on page  using regular expression

2024-01-13 23:00:11 - [TEST_STEP][PASSED] - println("Emails Dont match text is present"): null

2024-01-13 23:00:11 - [TEST_STEP][PASSED] - out.println("Pass Record Number: " + row): null

2024-01-13 23:00:11 - [TEST_STEP][PASSED] - resText = "Pass": null

2024-01-13 23:00:11 - [TEST_STEP][PASSED] - pages.WriteExcel.demoKey(resText, datText, resColumn, datCloumn, fileLoc, nameSheet, row): pages.WriteExcel.demoKey is PASSED

2024-01-13 23:00:11 - [MESSAGE][PASSED] - pages.WriteExcel.demoKey is PASSED

2024-01-13 23:00:11 - [TEST_STEP][PASSED] - ExecuteTC = findTestData(dataFile).getValue("Execute", row): null

2024-01-13 23:00:11 - [TEST_STEP][PASSED] - Taxtype = findTestData(dataFile).getValue("TaxType", row): null

2024-01-13 23:00:11 - [TEST_STEP][PASSED] - Paymenttype = findTestData(dataFile).getValue("PaymentType", row): null

2024-01-13 23:00:11 - [TEST_STEP][PASSED] - out.println("Value of Execute is : " + ExecuteTC): null

2024-01-13 23:00:11 - [TEST_STEP][PASSED] - if (ExecuteTC.equalsIgnoreCase("Y")): null

2024-01-13 23:00:11 - [TEST_STEP][PASSED] - ExecuteTC = findTestData(dataFile).getValue("Execute", row): null

2024-01-13 23:00:11 - [TEST_STEP][PASSED] - Taxtype = findTestData(dataFile).getValue("TaxType", row): null

2024-01-13 23:00:11 - [TEST_STEP][PASSED] - Paymenttype = findTestData(dataFile).getValue("PaymentType", row): null

2024-01-13 23:00:11 - [TEST_STEP][PASSED] - out.println("Value of Execute is : " + ExecuteTC): null

2024-01-13 23:00:11 - [TEST_STEP][PASSED] - if (ExecuteTC.equalsIgnoreCase("Y")): null

2024-01-13 23:00:11 - [TEST_STEP][PASSED] - ExecuteTC = findTestData(dataFile).getValue("Execute", row): null

2024-01-13 23:00:11 - [TEST_STEP][PASSED] - Taxtype = findTestData(dataFile).getValue("TaxType", row): null

2024-01-13 23:00:11 - [TEST_STEP][PASSED] - Paymenttype = findTestData(dataFile).getValue("PaymentType", row): null

2024-01-13 23:00:11 - [TEST_STEP][PASSED] - out.println("Value of Execute is : " + ExecuteTC): null

2024-01-13 23:00:11 - [TEST_STEP][PASSED] - if (ExecuteTC.equalsIgnoreCase("Y")): null

2024-01-13 23:00:11 - [TEST_STEP][PASSED] - ExecuteTC = findTestData(dataFile).getValue("Execute", row): null

2024-01-13 23:00:11 - [TEST_STEP][PASSED] - Taxtype = findTestData(dataFile).getValue("TaxType", row): null

2024-01-13 23:00:11 - [TEST_STEP][PASSED] - Paymenttype = findTestData(dataFile).getValue("PaymentType", row): null

2024-01-13 23:00:11 - [TEST_STEP][PASSED] - out.println("Value of Execute is : " + ExecuteTC): null

2024-01-13 23:00:11 - [TEST_STEP][PASSED] - if (ExecuteTC.equalsIgnoreCase("Y")): null

2024-01-13 23:00:11 - [TEST_STEP][PASSED] - ExecuteTC = findTestData(dataFile).getValue("Execute", row): null

2024-01-13 23:00:11 - [TEST_STEP][PASSED] - Taxtype = findTestData(dataFile).getValue("TaxType", row): null

2024-01-13 23:00:11 - [TEST_STEP][PASSED] - Paymenttype = findTestData(dataFile).getValue("PaymentType", row): null

2024-01-13 23:00:11 - [TEST_STEP][PASSED] - out.println("Value of Execute is : " + ExecuteTC): null

2024-01-13 23:00:11 - [TEST_STEP][PASSED] - if (ExecuteTC.equalsIgnoreCase("Y")): null

2024-01-13 23:00:11 - [TEST_STEP][PASSED] - ExecuteTC = findTestData(dataFile).getValue("Execute", row): null

2024-01-13 23:00:11 - [TEST_STEP][PASSED] - Taxtype = findTestData(dataFile).getValue("TaxType", row): null

2024-01-13 23:00:11 - [TEST_STEP][PASSED] - Paymenttype = findTestData(dataFile).getValue("PaymentType", row): null

2024-01-13 23:00:11 - [TEST_STEP][PASSED] - out.println("Value of Execute is : " + ExecuteTC): null

2024-01-13 23:00:11 - [TEST_STEP][PASSED] - if (ExecuteTC.equalsIgnoreCase("Y")): null

2024-01-13 23:00:11 - [TEST_STEP][PASSED] - ExecuteTC = findTestData(dataFile).getValue("Execute", row): null

2024-01-13 23:00:11 - [TEST_STEP][PASSED] - Taxtype = findTestData(dataFile).getValue("TaxType", row): null

2024-01-13 23:00:11 - [TEST_STEP][PASSED] - Paymenttype = findTestData(dataFile).getValue("PaymentType", row): null

2024-01-13 23:00:11 - [TEST_STEP][PASSED] - out.println("Value of Execute is : " + ExecuteTC): null

2024-01-13 23:00:11 - [TEST_STEP][PASSED] - if (ExecuteTC.equalsIgnoreCase("Y")): null

2024-01-13 23:00:11 - [TEST_STEP][PASSED] - ExecuteTC = findTestData(dataFile).getValue("Execute", row): null

2024-01-13 23:00:11 - [TEST_STEP][PASSED] - Taxtype = findTestData(dataFile).getValue("TaxType", row): null

2024-01-13 23:00:11 - [TEST_STEP][PASSED] - Paymenttype = findTestData(dataFile).getValue("PaymentType", row): null

2024-01-13 23:00:11 - [TEST_STEP][PASSED] - out.println("Value of Execute is : " + ExecuteTC): null

2024-01-13 23:00:11 - [TEST_STEP][PASSED] - if (ExecuteTC.equalsIgnoreCase("Y")): null

2024-01-13 23:00:11 - [TEST_STEP][PASSED] - out.println("Begin Record Number: " + row): null

2024-01-13 23:00:11 - [TEST_STEP][PASSED] - today = new java.util.Date(): null

2024-01-13 23:00:11 - [TEST_STEP][PASSED] - println(today): null

2024-01-13 23:00:11 - [TEST_STEP][PASSED] - datText = today: null

2024-01-13 23:00:11 - [TEST_STEP][PASSED] - Taxtype = findTestData(dataFile).getValue("TaxType", row): null

2024-01-13 23:00:12 - [TEST_STEP][PASSED] - out.println("Taxtype value is : " + Taxtype): null

2024-01-13 23:00:12 - [TEST_STEP][PASSED] - openBrowser(""): Browser is opened with url: ''

2024-01-13 23:00:12 - [MESSAGE][WARNING] - A browser is already opened. Closing browser and opening a new one

2024-01-13 23:00:12 - [MESSAGE][INFO] - Starting 'Chrome' driver

2024-01-13 23:00:12 - [MESSAGE][INFO] - User set preference: ['acceptInsecureCerts', 'true']

2024-01-13 23:00:12 - [MESSAGE][INFO] - Action delay is set to 0 milliseconds

2024-01-13 23:00:14 - [MESSAGE][PASSED] - Browser is opened with url: ''

2024-01-13 23:00:14 - [TEST_STEP][PASSED] - maximizeWindow(): Current window maximized

2024-01-13 23:00:14 - [MESSAGE][PASSED] - Current window maximized

2024-01-13 23:00:14 - [TEST_STEP][PASSED] - navigateToUrl(RADurl): Navigate to 'https://qa2.velocitypayment.com/client/rad/index.html' successfully

2024-01-13 23:00:16 - [MESSAGE][PASSED] - Navigate to 'https://qa2.velocitypayment.com/client/rad/index.html' successfully

2024-01-13 23:00:16 - [TEST_STEP][PASSED] - orPath_Landing = "Object Repository/RAD_Pages/Landing_Page": null

2024-01-13 23:00:16 - [TEST_STEP][PASSED] - orPath_TaxTypeFilingYear = "Object Repository/RAD_Pages/TaxTypeFilingYear_Page": null

2024-01-13 23:00:16 - [TEST_STEP][PASSED] - orPath_TaxPayer = "Object Repository/RAD_Pages/Taxpayer_Page": null

2024-01-13 23:00:16 - [TEST_STEP][PASSED] - orPath_AddressContact = "Object Repository/RAD_Pages/AddressAndContactInfo_Page": null

2024-01-13 23:00:16 - [TEST_STEP][PASSED] - orPath_FilingStatus = "Object Repository/RAD_Pages/FilingStatus_Page": null

2024-01-13 23:00:16 - [TEST_STEP][PASSED] - orPath_Amount = "Object Repository/RAD_Pages/PaymentAmount_Page": null

2024-01-13 23:00:16 - [TEST_STEP][PASSED] - selectOptionByLabel(findTestObject(orPath_Landing + "/dd_TaxType"), Paymenttype, false): All options with label 'New Tax Return Amount Due' are selected in object 'Object Repository/RAD_Pages/Landing_Page/dd_TaxType' 

2024-01-13 23:00:16 - [MESSAGE][PASSED] - All options with label 'New Tax Return Amount Due' are selected in object 'Object Repository/RAD_Pages/Landing_Page/dd_TaxType' 

2024-01-13 23:00:16 - [TEST_STEP][PASSED] - delay(1): Delayed 1 second(s)

2024-01-13 23:00:17 - [MESSAGE][PASSED] - Delayed 1 second(s)

2024-01-13 23:00:17 - [TEST_STEP][PASSED] - switch (Paymenttype): null

2024-01-13 23:00:17 - [TEST_STEP][PASSED] - case "New Tax Return Amount Due":: null

2024-01-13 23:00:17 - [TEST_STEP][PASSED] - selectOptionByLabel(findTestObject("Object Repository/RAD_Pages/Landing_Page/select_NewTaxReturnAmountDue_TaxType"), Taxtype, false): All options with label 'Fiduciary Tax' are selected in object 'Object Repository/RAD_Pages/Landing_Page/select_NewTaxReturnAmountDue_TaxType' 

2024-01-13 23:00:18 - [MESSAGE][PASSED] - All options with label 'Fiduciary Tax' are selected in object 'Object Repository/RAD_Pages/Landing_Page/select_NewTaxReturnAmountDue_TaxType' 

2024-01-13 23:00:18 - [TEST_STEP][PASSED] - break: null

2024-01-13 23:00:18 - [TEST_STEP][PASSED] - delay(1): Delayed 1 second(s)

2024-01-13 23:00:19 - [MESSAGE][PASSED] - Delayed 1 second(s)

2024-01-13 23:00:19 - [TEST_STEP][PASSED] - scrollToElement(findTestObject(orPath_Amount + "/input__paymentAmount"), 3): Scroll to object 'Object Repository/RAD_Pages/PaymentAmount_Page/input__paymentAmount' successfully

2024-01-13 23:00:19 - [MESSAGE][PASSED] - Scroll to object 'Object Repository/RAD_Pages/PaymentAmount_Page/input__paymentAmount' successfully

2024-01-13 23:00:19 - [TEST_STEP][PASSED] - setText(findTestObject(orPath_AddressContact + "/input_eMailAddress"), "imtiazster@gmail.com"): Text 'imtiazster@gmail.com' is set on object 'Object Repository/RAD_Pages/AddressAndContactInfo_Page/input_eMailAddress'

2024-01-13 23:00:20 - [MESSAGE][PASSED] - Text 'imtiazster@gmail.com' is set on object 'Object Repository/RAD_Pages/AddressAndContactInfo_Page/input_eMailAddress'

2024-01-13 23:00:20 - [TEST_STEP][PASSED] - setText(findTestObject(orPath_AddressContact + "/input_reEnterEMailAddress"), "iahmed@govolution.com"): Text 'iahmed@govolution.com' is set on object 'Object Repository/RAD_Pages/AddressAndContactInfo_Page/input_reEnterEMailAddress'

2024-01-13 23:00:21 - [MESSAGE][PASSED] - Text 'iahmed@govolution.com' is set on object 'Object Repository/RAD_Pages/AddressAndContactInfo_Page/input_reEnterEMailAddress'

2024-01-13 23:00:21 - [TEST_STEP][PASSED] - delay(2): Delayed 2 second(s)

2024-01-13 23:00:23 - [MESSAGE][PASSED] - Delayed 2 second(s)

2024-01-13 23:00:23 - [TEST_STEP][PASSED] - if (verifyTextPresent("The Email and Re-enter email do not match", true)): null

2024-01-13 23:00:23 - [MESSAGE][PASSED] - Text 'The Email and Re-enter email do not match' is present on page  using regular expression

2024-01-13 23:00:23 - [TEST_STEP][PASSED] - println("Emails Dont match text is present"): null

2024-01-13 23:00:23 - [TEST_STEP][PASSED] - out.println("Pass Record Number: " + row): null

2024-01-13 23:00:23 - [TEST_STEP][PASSED] - resText = "Pass": null

2024-01-13 23:00:23 - [TEST_STEP][PASSED] - pages.WriteExcel.demoKey(resText, datText, resColumn, datCloumn, fileLoc, nameSheet, row): pages.WriteExcel.demoKey is PASSED

2024-01-13 23:00:23 - [MESSAGE][PASSED] - pages.WriteExcel.demoKey is PASSED

2024-01-13 23:00:23 - [TEST_STEP][PASSED] - ExecuteTC = findTestData(dataFile).getValue("Execute", row): null

2024-01-13 23:00:23 - [TEST_STEP][PASSED] - Taxtype = findTestData(dataFile).getValue("TaxType", row): null

2024-01-13 23:00:23 - [TEST_STEP][PASSED] - Paymenttype = findTestData(dataFile).getValue("PaymentType", row): null

2024-01-13 23:00:23 - [TEST_STEP][PASSED] - out.println("Value of Execute is : " + ExecuteTC): null

2024-01-13 23:00:23 - [TEST_STEP][PASSED] - if (ExecuteTC.equalsIgnoreCase("Y")): null

2024-01-13 23:00:23 - [TEST_STEP][PASSED] - out.println("Begin Record Number: " + row): null

2024-01-13 23:00:23 - [TEST_STEP][PASSED] - today = new java.util.Date(): null

2024-01-13 23:00:23 - [TEST_STEP][PASSED] - println(today): null

2024-01-13 23:00:23 - [TEST_STEP][PASSED] - datText = today: null

2024-01-13 23:00:23 - [TEST_STEP][PASSED] - Taxtype = findTestData(dataFile).getValue("TaxType", row): null

2024-01-13 23:00:23 - [TEST_STEP][PASSED] - out.println("Taxtype value is : " + Taxtype): null

2024-01-13 23:00:23 - [TEST_STEP][PASSED] - openBrowser(""): Browser is opened with url: ''

2024-01-13 23:00:23 - [MESSAGE][WARNING] - A browser is already opened. Closing browser and opening a new one

2024-01-13 23:00:24 - [MESSAGE][INFO] - Starting 'Chrome' driver

2024-01-13 23:00:24 - [MESSAGE][INFO] - User set preference: ['acceptInsecureCerts', 'true']

2024-01-13 23:00:24 - [MESSAGE][INFO] - Action delay is set to 0 milliseconds

2024-01-13 23:00:26 - [MESSAGE][PASSED] - Browser is opened with url: ''

2024-01-13 23:00:26 - [TEST_STEP][PASSED] - maximizeWindow(): Current window maximized

2024-01-13 23:00:26 - [MESSAGE][PASSED] - Current window maximized

2024-01-13 23:00:26 - [TEST_STEP][PASSED] - navigateToUrl(RADurl): Navigate to 'https://qa2.velocitypayment.com/client/rad/index.html' successfully

2024-01-13 23:00:28 - [MESSAGE][PASSED] - Navigate to 'https://qa2.velocitypayment.com/client/rad/index.html' successfully

2024-01-13 23:00:28 - [TEST_STEP][PASSED] - orPath_Landing = "Object Repository/RAD_Pages/Landing_Page": null

2024-01-13 23:00:28 - [TEST_STEP][PASSED] - orPath_TaxTypeFilingYear = "Object Repository/RAD_Pages/TaxTypeFilingYear_Page": null

2024-01-13 23:00:28 - [TEST_STEP][PASSED] - orPath_TaxPayer = "Object Repository/RAD_Pages/Taxpayer_Page": null

2024-01-13 23:00:28 - [TEST_STEP][PASSED] - orPath_AddressContact = "Object Repository/RAD_Pages/AddressAndContactInfo_Page": null

2024-01-13 23:00:28 - [TEST_STEP][PASSED] - orPath_FilingStatus = "Object Repository/RAD_Pages/FilingStatus_Page": null

2024-01-13 23:00:28 - [TEST_STEP][PASSED] - orPath_Amount = "Object Repository/RAD_Pages/PaymentAmount_Page": null

2024-01-13 23:00:28 - [TEST_STEP][PASSED] - selectOptionByLabel(findTestObject(orPath_Landing + "/dd_TaxType"), Paymenttype, false): All options with label 'New Tax Return Amount Due' are selected in object 'Object Repository/RAD_Pages/Landing_Page/dd_TaxType' 

2024-01-13 23:00:28 - [MESSAGE][PASSED] - All options with label 'New Tax Return Amount Due' are selected in object 'Object Repository/RAD_Pages/Landing_Page/dd_TaxType' 

2024-01-13 23:00:28 - [TEST_STEP][PASSED] - delay(1): Delayed 1 second(s)

2024-01-13 23:00:29 - [MESSAGE][PASSED] - Delayed 1 second(s)

2024-01-13 23:00:29 - [TEST_STEP][PASSED] - switch (Paymenttype): null

2024-01-13 23:00:29 - [TEST_STEP][PASSED] - case "New Tax Return Amount Due":: null

2024-01-13 23:00:29 - [TEST_STEP][PASSED] - selectOptionByLabel(findTestObject("Object Repository/RAD_Pages/Landing_Page/select_NewTaxReturnAmountDue_TaxType"), Taxtype, false): All options with label 'PTE Non-Electing Non-S Corp' are selected in object 'Object Repository/RAD_Pages/Landing_Page/select_NewTaxReturnAmountDue_TaxType' 

2024-01-13 23:00:30 - [MESSAGE][PASSED] - All options with label 'PTE Non-Electing Non-S Corp' are selected in object 'Object Repository/RAD_Pages/Landing_Page/select_NewTaxReturnAmountDue_TaxType' 

2024-01-13 23:00:30 - [TEST_STEP][PASSED] - break: null

2024-01-13 23:00:30 - [TEST_STEP][PASSED] - delay(1): Delayed 1 second(s)

2024-01-13 23:00:31 - [MESSAGE][PASSED] - Delayed 1 second(s)

2024-01-13 23:00:31 - [TEST_STEP][PASSED] - scrollToElement(findTestObject(orPath_Amount + "/input__paymentAmount"), 3): Scroll to object 'Object Repository/RAD_Pages/PaymentAmount_Page/input__paymentAmount' successfully

2024-01-13 23:00:31 - [MESSAGE][PASSED] - Scroll to object 'Object Repository/RAD_Pages/PaymentAmount_Page/input__paymentAmount' successfully

2024-01-13 23:00:31 - [TEST_STEP][PASSED] - setText(findTestObject(orPath_AddressContact + "/input_eMailAddress"), "imtiazster@gmail.com"): Text 'imtiazster@gmail.com' is set on object 'Object Repository/RAD_Pages/AddressAndContactInfo_Page/input_eMailAddress'

2024-01-13 23:00:32 - [MESSAGE][PASSED] - Text 'imtiazster@gmail.com' is set on object 'Object Repository/RAD_Pages/AddressAndContactInfo_Page/input_eMailAddress'

2024-01-13 23:00:32 - [TEST_STEP][PASSED] - setText(findTestObject(orPath_AddressContact + "/input_reEnterEMailAddress"), "iahmed@govolution.com"): Text 'iahmed@govolution.com' is set on object 'Object Repository/RAD_Pages/AddressAndContactInfo_Page/input_reEnterEMailAddress'

2024-01-13 23:00:33 - [MESSAGE][PASSED] - Text 'iahmed@govolution.com' is set on object 'Object Repository/RAD_Pages/AddressAndContactInfo_Page/input_reEnterEMailAddress'

2024-01-13 23:00:33 - [TEST_STEP][PASSED] - delay(2): Delayed 2 second(s)

2024-01-13 23:00:35 - [MESSAGE][PASSED] - Delayed 2 second(s)

2024-01-13 23:00:35 - [TEST_STEP][PASSED] - if (verifyTextPresent("The Email and Re-enter email do not match", true)): null

2024-01-13 23:00:35 - [MESSAGE][PASSED] - Text 'The Email and Re-enter email do not match' is present on page  using regular expression

2024-01-13 23:00:35 - [TEST_STEP][PASSED] - println("Emails Dont match text is present"): null

2024-01-13 23:00:35 - [TEST_STEP][PASSED] - out.println("Pass Record Number: " + row): null

2024-01-13 23:00:35 - [TEST_STEP][PASSED] - resText = "Pass": null

2024-01-13 23:00:35 - [TEST_STEP][PASSED] - pages.WriteExcel.demoKey(resText, datText, resColumn, datCloumn, fileLoc, nameSheet, row): pages.WriteExcel.demoKey is PASSED

2024-01-13 23:00:35 - [MESSAGE][PASSED] - pages.WriteExcel.demoKey is PASSED

2024-01-13 23:00:35 - [TEST_STEP][PASSED] - ExecuteTC = findTestData(dataFile).getValue("Execute", row): null

2024-01-13 23:00:35 - [TEST_STEP][PASSED] - Taxtype = findTestData(dataFile).getValue("TaxType", row): null

2024-01-13 23:00:35 - [TEST_STEP][PASSED] - Paymenttype = findTestData(dataFile).getValue("PaymentType", row): null

2024-01-13 23:00:35 - [TEST_STEP][PASSED] - out.println("Value of Execute is : " + ExecuteTC): null

2024-01-13 23:00:35 - [TEST_STEP][PASSED] - if (ExecuteTC.equalsIgnoreCase("Y")): null

2024-01-13 23:00:35 - [TEST_STEP][PASSED] - out.println("Begin Record Number: " + row): null

2024-01-13 23:00:35 - [TEST_STEP][PASSED] - today = new java.util.Date(): null

2024-01-13 23:00:35 - [TEST_STEP][PASSED] - println(today): null

2024-01-13 23:00:35 - [TEST_STEP][PASSED] - datText = today: null

2024-01-13 23:00:35 - [TEST_STEP][PASSED] - Taxtype = findTestData(dataFile).getValue("TaxType", row): null

2024-01-13 23:00:35 - [TEST_STEP][PASSED] - out.println("Taxtype value is : " + Taxtype): null

2024-01-13 23:00:35 - [TEST_STEP][PASSED] - openBrowser(""): Browser is opened with url: ''

2024-01-13 23:00:35 - [MESSAGE][WARNING] - A browser is already opened. Closing browser and opening a new one

2024-01-13 23:00:36 - [MESSAGE][INFO] - Starting 'Chrome' driver

2024-01-13 23:00:36 - [MESSAGE][INFO] - User set preference: ['acceptInsecureCerts', 'true']

2024-01-13 23:00:36 - [MESSAGE][INFO] - Action delay is set to 0 milliseconds

2024-01-13 23:00:38 - [MESSAGE][PASSED] - Browser is opened with url: ''

2024-01-13 23:00:38 - [TEST_STEP][PASSED] - maximizeWindow(): Current window maximized

2024-01-13 23:00:38 - [MESSAGE][PASSED] - Current window maximized

2024-01-13 23:00:38 - [TEST_STEP][PASSED] - navigateToUrl(RADurl): Navigate to 'https://qa2.velocitypayment.com/client/rad/index.html' successfully

2024-01-13 23:00:38 - [MESSAGE][PASSED] - Navigate to 'https://qa2.velocitypayment.com/client/rad/index.html' successfully

2024-01-13 23:00:38 - [TEST_STEP][PASSED] - orPath_Landing = "Object Repository/RAD_Pages/Landing_Page": null

2024-01-13 23:00:38 - [TEST_STEP][PASSED] - orPath_TaxTypeFilingYear = "Object Repository/RAD_Pages/TaxTypeFilingYear_Page": null

2024-01-13 23:00:38 - [TEST_STEP][PASSED] - orPath_TaxPayer = "Object Repository/RAD_Pages/Taxpayer_Page": null

2024-01-13 23:00:38 - [TEST_STEP][PASSED] - orPath_AddressContact = "Object Repository/RAD_Pages/AddressAndContactInfo_Page": null

2024-01-13 23:00:38 - [TEST_STEP][PASSED] - orPath_FilingStatus = "Object Repository/RAD_Pages/FilingStatus_Page": null

2024-01-13 23:00:38 - [TEST_STEP][PASSED] - orPath_Amount = "Object Repository/RAD_Pages/PaymentAmount_Page": null

2024-01-13 23:00:38 - [TEST_STEP][PASSED] - selectOptionByLabel(findTestObject(orPath_Landing + "/dd_TaxType"), Paymenttype, false): All options with label 'New Tax Return Amount Due' are selected in object 'Object Repository/RAD_Pages/Landing_Page/dd_TaxType' 

2024-01-13 23:00:40 - [MESSAGE][PASSED] - All options with label 'New Tax Return Amount Due' are selected in object 'Object Repository/RAD_Pages/Landing_Page/dd_TaxType' 

2024-01-13 23:00:40 - [TEST_STEP][PASSED] - delay(1): Delayed 1 second(s)

2024-01-13 23:00:41 - [MESSAGE][PASSED] - Delayed 1 second(s)

2024-01-13 23:00:41 - [TEST_STEP][PASSED] - switch (Paymenttype): null

2024-01-13 23:00:41 - [TEST_STEP][PASSED] - case "New Tax Return Amount Due":: null

2024-01-13 23:00:41 - [TEST_STEP][PASSED] - selectOptionByLabel(findTestObject("Object Repository/RAD_Pages/Landing_Page/select_NewTaxReturnAmountDue_TaxType"), Taxtype, false): All options with label 'PTE Non-Electing S Corp' are selected in object 'Object Repository/RAD_Pages/Landing_Page/select_NewTaxReturnAmountDue_TaxType' 

2024-01-13 23:00:42 - [MESSAGE][PASSED] - All options with label 'PTE Non-Electing S Corp' are selected in object 'Object Repository/RAD_Pages/Landing_Page/select_NewTaxReturnAmountDue_TaxType' 

2024-01-13 23:00:42 - [TEST_STEP][PASSED] - break: null

2024-01-13 23:00:42 - [TEST_STEP][PASSED] - delay(1): Delayed 1 second(s)

2024-01-13 23:00:43 - [MESSAGE][PASSED] - Delayed 1 second(s)

2024-01-13 23:00:43 - [TEST_STEP][PASSED] - scrollToElement(findTestObject(orPath_Amount + "/input__paymentAmount"), 3): Scroll to object 'Object Repository/RAD_Pages/PaymentAmount_Page/input__paymentAmount' successfully

2024-01-13 23:00:43 - [MESSAGE][PASSED] - Scroll to object 'Object Repository/RAD_Pages/PaymentAmount_Page/input__paymentAmount' successfully

2024-01-13 23:00:43 - [TEST_STEP][PASSED] - setText(findTestObject(orPath_AddressContact + "/input_eMailAddress"), "imtiazster@gmail.com"): Text 'imtiazster@gmail.com' is set on object 'Object Repository/RAD_Pages/AddressAndContactInfo_Page/input_eMailAddress'

2024-01-13 23:00:44 - [MESSAGE][PASSED] - Text 'imtiazster@gmail.com' is set on object 'Object Repository/RAD_Pages/AddressAndContactInfo_Page/input_eMailAddress'

2024-01-13 23:00:44 - [TEST_STEP][PASSED] - setText(findTestObject(orPath_AddressContact + "/input_reEnterEMailAddress"), "iahmed@govolution.com"): Text 'iahmed@govolution.com' is set on object 'Object Repository/RAD_Pages/AddressAndContactInfo_Page/input_reEnterEMailAddress'

2024-01-13 23:00:45 - [MESSAGE][PASSED] - Text 'iahmed@govolution.com' is set on object 'Object Repository/RAD_Pages/AddressAndContactInfo_Page/input_reEnterEMailAddress'

2024-01-13 23:00:45 - [TEST_STEP][PASSED] - delay(2): Delayed 2 second(s)

2024-01-13 23:00:47 - [MESSAGE][PASSED] - Delayed 2 second(s)

2024-01-13 23:00:47 - [TEST_STEP][PASSED] - if (verifyTextPresent("The Email and Re-enter email do not match", true)): null

2024-01-13 23:00:47 - [MESSAGE][PASSED] - Text 'The Email and Re-enter email do not match' is present on page  using regular expression

2024-01-13 23:00:47 - [TEST_STEP][PASSED] - println("Emails Dont match text is present"): null

2024-01-13 23:00:47 - [TEST_STEP][PASSED] - out.println("Pass Record Number: " + row): null

2024-01-13 23:00:47 - [TEST_STEP][PASSED] - resText = "Pass": null

2024-01-13 23:00:47 - [TEST_STEP][PASSED] - pages.WriteExcel.demoKey(resText, datText, resColumn, datCloumn, fileLoc, nameSheet, row): pages.WriteExcel.demoKey is PASSED

2024-01-13 23:00:47 - [MESSAGE][PASSED] - pages.WriteExcel.demoKey is PASSED

2024-01-13 23:00:47 - [TEST_STEP][PASSED] - ExecuteTC = findTestData(dataFile).getValue("Execute", row): null

2024-01-13 23:00:47 - [TEST_STEP][PASSED] - Taxtype = findTestData(dataFile).getValue("TaxType", row): null

2024-01-13 23:00:47 - [TEST_STEP][PASSED] - Paymenttype = findTestData(dataFile).getValue("PaymentType", row): null

2024-01-13 23:00:47 - [TEST_STEP][PASSED] - out.println("Value of Execute is : " + ExecuteTC): null

2024-01-13 23:00:47 - [TEST_STEP][PASSED] - if (ExecuteTC.equalsIgnoreCase("Y")): null

2024-01-13 23:00:47 - [TEST_STEP][PASSED] - out.println("Begin Record Number: " + row): null

2024-01-13 23:00:47 - [TEST_STEP][PASSED] - today = new java.util.Date(): null

2024-01-13 23:00:47 - [TEST_STEP][PASSED] - println(today): null

2024-01-13 23:00:47 - [TEST_STEP][PASSED] - datText = today: null

2024-01-13 23:00:47 - [TEST_STEP][PASSED] - Taxtype = findTestData(dataFile).getValue("TaxType", row): null

2024-01-13 23:00:47 - [TEST_STEP][PASSED] - out.println("Taxtype value is : " + Taxtype): null

2024-01-13 23:00:47 - [TEST_STEP][PASSED] - openBrowser(""): Browser is opened with url: ''

2024-01-13 23:00:47 - [MESSAGE][WARNING] - A browser is already opened. Closing browser and opening a new one

2024-01-13 23:00:48 - [MESSAGE][INFO] - Starting 'Chrome' driver

2024-01-13 23:00:48 - [MESSAGE][INFO] - User set preference: ['acceptInsecureCerts', 'true']

2024-01-13 23:00:48 - [MESSAGE][INFO] - Action delay is set to 0 milliseconds

2024-01-13 23:00:50 - [MESSAGE][PASSED] - Browser is opened with url: ''

2024-01-13 23:00:50 - [TEST_STEP][PASSED] - maximizeWindow(): Current window maximized

2024-01-13 23:00:50 - [MESSAGE][PASSED] - Current window maximized

2024-01-13 23:00:50 - [TEST_STEP][PASSED] - navigateToUrl(RADurl): Navigate to 'https://qa2.velocitypayment.com/client/rad/index.html' successfully

2024-01-13 23:00:51 - [MESSAGE][PASSED] - Navigate to 'https://qa2.velocitypayment.com/client/rad/index.html' successfully

2024-01-13 23:00:51 - [TEST_STEP][PASSED] - orPath_Landing = "Object Repository/RAD_Pages/Landing_Page": null

2024-01-13 23:00:51 - [TEST_STEP][PASSED] - orPath_TaxTypeFilingYear = "Object Repository/RAD_Pages/TaxTypeFilingYear_Page": null

2024-01-13 23:00:51 - [TEST_STEP][PASSED] - orPath_TaxPayer = "Object Repository/RAD_Pages/Taxpayer_Page": null

2024-01-13 23:00:51 - [TEST_STEP][PASSED] - orPath_AddressContact = "Object Repository/RAD_Pages/AddressAndContactInfo_Page": null

2024-01-13 23:00:51 - [TEST_STEP][PASSED] - orPath_FilingStatus = "Object Repository/RAD_Pages/FilingStatus_Page": null

2024-01-13 23:00:51 - [TEST_STEP][PASSED] - orPath_Amount = "Object Repository/RAD_Pages/PaymentAmount_Page": null

2024-01-13 23:00:51 - [TEST_STEP][PASSED] - selectOptionByLabel(findTestObject(orPath_Landing + "/dd_TaxType"), Paymenttype, false): All options with label 'New Tax Return Amount Due' are selected in object 'Object Repository/RAD_Pages/Landing_Page/dd_TaxType' 

2024-01-13 23:00:52 - [MESSAGE][PASSED] - All options with label 'New Tax Return Amount Due' are selected in object 'Object Repository/RAD_Pages/Landing_Page/dd_TaxType' 

2024-01-13 23:00:52 - [TEST_STEP][PASSED] - delay(1): Delayed 1 second(s)

2024-01-13 23:00:53 - [MESSAGE][PASSED] - Delayed 1 second(s)

2024-01-13 23:00:53 - [TEST_STEP][PASSED] - switch (Paymenttype): null

2024-01-13 23:00:53 - [TEST_STEP][PASSED] - case "New Tax Return Amount Due":: null

2024-01-13 23:00:53 - [TEST_STEP][PASSED] - selectOptionByLabel(findTestObject("Object Repository/RAD_Pages/Landing_Page/select_NewTaxReturnAmountDue_TaxType"), Taxtype, false): All options with label 'PTE Tax Electing Non-S Corp' are selected in object 'Object Repository/RAD_Pages/Landing_Page/select_NewTaxReturnAmountDue_TaxType' 

2024-01-13 23:00:54 - [MESSAGE][PASSED] - All options with label 'PTE Tax Electing Non-S Corp' are selected in object 'Object Repository/RAD_Pages/Landing_Page/select_NewTaxReturnAmountDue_TaxType' 

2024-01-13 23:00:54 - [TEST_STEP][PASSED] - break: null

2024-01-13 23:00:54 - [TEST_STEP][PASSED] - delay(1): Delayed 1 second(s)

2024-01-13 23:00:55 - [MESSAGE][PASSED] - Delayed 1 second(s)

2024-01-13 23:00:55 - [TEST_STEP][PASSED] - scrollToElement(findTestObject(orPath_Amount + "/input__paymentAmount"), 3): Scroll to object 'Object Repository/RAD_Pages/PaymentAmount_Page/input__paymentAmount' successfully

2024-01-13 23:00:55 - [MESSAGE][PASSED] - Scroll to object 'Object Repository/RAD_Pages/PaymentAmount_Page/input__paymentAmount' successfully

2024-01-13 23:00:55 - [TEST_STEP][PASSED] - setText(findTestObject(orPath_AddressContact + "/input_eMailAddress"), "imtiazster@gmail.com"): Text 'imtiazster@gmail.com' is set on object 'Object Repository/RAD_Pages/AddressAndContactInfo_Page/input_eMailAddress'

2024-01-13 23:00:56 - [MESSAGE][PASSED] - Text 'imtiazster@gmail.com' is set on object 'Object Repository/RAD_Pages/AddressAndContactInfo_Page/input_eMailAddress'

2024-01-13 23:00:56 - [TEST_STEP][PASSED] - setText(findTestObject(orPath_AddressContact + "/input_reEnterEMailAddress"), "iahmed@govolution.com"): Text 'iahmed@govolution.com' is set on object 'Object Repository/RAD_Pages/AddressAndContactInfo_Page/input_reEnterEMailAddress'

2024-01-13 23:00:57 - [MESSAGE][PASSED] - Text 'iahmed@govolution.com' is set on object 'Object Repository/RAD_Pages/AddressAndContactInfo_Page/input_reEnterEMailAddress'

2024-01-13 23:00:57 - [TEST_STEP][PASSED] - delay(2): Delayed 2 second(s)

2024-01-13 23:00:59 - [MESSAGE][PASSED] - Delayed 2 second(s)

2024-01-13 23:00:59 - [TEST_STEP][PASSED] - if (verifyTextPresent("The Email and Re-enter email do not match", true)): null

2024-01-13 23:00:59 - [MESSAGE][PASSED] - Text 'The Email and Re-enter email do not match' is present on page  using regular expression

2024-01-13 23:00:59 - [TEST_STEP][PASSED] - println("Emails Dont match text is present"): null

2024-01-13 23:00:59 - [TEST_STEP][PASSED] - out.println("Pass Record Number: " + row): null

2024-01-13 23:00:59 - [TEST_STEP][PASSED] - resText = "Pass": null

2024-01-13 23:00:59 - [TEST_STEP][PASSED] - pages.WriteExcel.demoKey(resText, datText, resColumn, datCloumn, fileLoc, nameSheet, row): pages.WriteExcel.demoKey is PASSED

2024-01-13 23:00:59 - [MESSAGE][PASSED] - pages.WriteExcel.demoKey is PASSED

2024-01-13 23:00:59 - [TEST_STEP][PASSED] - ExecuteTC = findTestData(dataFile).getValue("Execute", row): null

2024-01-13 23:00:59 - [TEST_STEP][PASSED] - Taxtype = findTestData(dataFile).getValue("TaxType", row): null

2024-01-13 23:00:59 - [TEST_STEP][PASSED] - Paymenttype = findTestData(dataFile).getValue("PaymentType", row): null

2024-01-13 23:00:59 - [TEST_STEP][PASSED] - out.println("Value of Execute is : " + ExecuteTC): null

2024-01-13 23:00:59 - [TEST_STEP][PASSED] - if (ExecuteTC.equalsIgnoreCase("Y")): null

2024-01-13 23:00:59 - [TEST_STEP][PASSED] - out.println("Begin Record Number: " + row): null

2024-01-13 23:00:59 - [TEST_STEP][PASSED] - today = new java.util.Date(): null

2024-01-13 23:00:59 - [TEST_STEP][PASSED] - println(today): null

2024-01-13 23:00:59 - [TEST_STEP][PASSED] - datText = today: null

2024-01-13 23:00:59 - [TEST_STEP][PASSED] - Taxtype = findTestData(dataFile).getValue("TaxType", row): null

2024-01-13 23:00:59 - [TEST_STEP][PASSED] - out.println("Taxtype value is : " + Taxtype): null

2024-01-13 23:00:59 - [TEST_STEP][PASSED] - openBrowser(""): Browser is opened with url: ''

2024-01-13 23:00:59 - [MESSAGE][WARNING] - A browser is already opened. Closing browser and opening a new one

2024-01-13 23:01:00 - [MESSAGE][INFO] - Starting 'Chrome' driver

2024-01-13 23:01:00 - [MESSAGE][INFO] - User set preference: ['acceptInsecureCerts', 'true']

2024-01-13 23:01:00 - [MESSAGE][INFO] - Action delay is set to 0 milliseconds

2024-01-13 23:01:02 - [MESSAGE][PASSED] - Browser is opened with url: ''

2024-01-13 23:01:02 - [TEST_STEP][PASSED] - maximizeWindow(): Current window maximized

2024-01-13 23:01:02 - [MESSAGE][PASSED] - Current window maximized

2024-01-13 23:01:02 - [TEST_STEP][PASSED] - navigateToUrl(RADurl): Navigate to 'https://qa2.velocitypayment.com/client/rad/index.html' successfully

2024-01-13 23:01:03 - [MESSAGE][PASSED] - Navigate to 'https://qa2.velocitypayment.com/client/rad/index.html' successfully

2024-01-13 23:01:03 - [TEST_STEP][PASSED] - orPath_Landing = "Object Repository/RAD_Pages/Landing_Page": null

2024-01-13 23:01:03 - [TEST_STEP][PASSED] - orPath_TaxTypeFilingYear = "Object Repository/RAD_Pages/TaxTypeFilingYear_Page": null

2024-01-13 23:01:03 - [TEST_STEP][PASSED] - orPath_TaxPayer = "Object Repository/RAD_Pages/Taxpayer_Page": null

2024-01-13 23:01:03 - [TEST_STEP][PASSED] - orPath_AddressContact = "Object Repository/RAD_Pages/AddressAndContactInfo_Page": null

2024-01-13 23:01:03 - [TEST_STEP][PASSED] - orPath_FilingStatus = "Object Repository/RAD_Pages/FilingStatus_Page": null

2024-01-13 23:01:03 - [TEST_STEP][PASSED] - orPath_Amount = "Object Repository/RAD_Pages/PaymentAmount_Page": null

2024-01-13 23:01:03 - [TEST_STEP][PASSED] - selectOptionByLabel(findTestObject(orPath_Landing + "/dd_TaxType"), Paymenttype, false): All options with label 'New Tax Return Amount Due' are selected in object 'Object Repository/RAD_Pages/Landing_Page/dd_TaxType' 

2024-01-13 23:01:04 - [MESSAGE][PASSED] - All options with label 'New Tax Return Amount Due' are selected in object 'Object Repository/RAD_Pages/Landing_Page/dd_TaxType' 

2024-01-13 23:01:04 - [TEST_STEP][PASSED] - delay(1): Delayed 1 second(s)

2024-01-13 23:01:05 - [MESSAGE][PASSED] - Delayed 1 second(s)

2024-01-13 23:01:05 - [TEST_STEP][PASSED] - switch (Paymenttype): null

2024-01-13 23:01:05 - [TEST_STEP][PASSED] - case "New Tax Return Amount Due":: null

2024-01-13 23:01:05 - [TEST_STEP][PASSED] - selectOptionByLabel(findTestObject("Object Repository/RAD_Pages/Landing_Page/select_NewTaxReturnAmountDue_TaxType"), Taxtype, false): All options with label 'PTE Tax Electing S Corp' are selected in object 'Object Repository/RAD_Pages/Landing_Page/select_NewTaxReturnAmountDue_TaxType' 

2024-01-13 23:01:06 - [MESSAGE][PASSED] - All options with label 'PTE Tax Electing S Corp' are selected in object 'Object Repository/RAD_Pages/Landing_Page/select_NewTaxReturnAmountDue_TaxType' 

2024-01-13 23:01:06 - [TEST_STEP][PASSED] - break: null

2024-01-13 23:01:06 - [TEST_STEP][PASSED] - delay(1): Delayed 1 second(s)

2024-01-13 23:01:07 - [MESSAGE][PASSED] - Delayed 1 second(s)

2024-01-13 23:01:07 - [TEST_STEP][PASSED] - scrollToElement(findTestObject(orPath_Amount + "/input__paymentAmount"), 3): Scroll to object 'Object Repository/RAD_Pages/PaymentAmount_Page/input__paymentAmount' successfully

2024-01-13 23:01:07 - [MESSAGE][PASSED] - Scroll to object 'Object Repository/RAD_Pages/PaymentAmount_Page/input__paymentAmount' successfully

2024-01-13 23:01:07 - [TEST_STEP][PASSED] - setText(findTestObject(orPath_AddressContact + "/input_eMailAddress"), "imtiazster@gmail.com"): Text 'imtiazster@gmail.com' is set on object 'Object Repository/RAD_Pages/AddressAndContactInfo_Page/input_eMailAddress'

2024-01-13 23:01:08 - [MESSAGE][PASSED] - Text 'imtiazster@gmail.com' is set on object 'Object Repository/RAD_Pages/AddressAndContactInfo_Page/input_eMailAddress'

2024-01-13 23:01:08 - [TEST_STEP][PASSED] - setText(findTestObject(orPath_AddressContact + "/input_reEnterEMailAddress"), "iahmed@govolution.com"): Text 'iahmed@govolution.com' is set on object 'Object Repository/RAD_Pages/AddressAndContactInfo_Page/input_reEnterEMailAddress'

2024-01-13 23:01:09 - [MESSAGE][PASSED] - Text 'iahmed@govolution.com' is set on object 'Object Repository/RAD_Pages/AddressAndContactInfo_Page/input_reEnterEMailAddress'

2024-01-13 23:01:09 - [TEST_STEP][PASSED] - delay(2): Delayed 2 second(s)

2024-01-13 23:01:11 - [MESSAGE][PASSED] - Delayed 2 second(s)

2024-01-13 23:01:11 - [TEST_STEP][PASSED] - if (verifyTextPresent("The Email and Re-enter email do not match", true)): null

2024-01-13 23:01:11 - [MESSAGE][PASSED] - Text 'The Email and Re-enter email do not match' is present on page  using regular expression

2024-01-13 23:01:11 - [TEST_STEP][PASSED] - println("Emails Dont match text is present"): null

2024-01-13 23:01:11 - [TEST_STEP][PASSED] - out.println("Pass Record Number: " + row): null

2024-01-13 23:01:11 - [TEST_STEP][PASSED] - resText = "Pass": null

2024-01-13 23:01:11 - [TEST_STEP][PASSED] - pages.WriteExcel.demoKey(resText, datText, resColumn, datCloumn, fileLoc, nameSheet, row): pages.WriteExcel.demoKey is PASSED

2024-01-13 23:01:11 - [MESSAGE][PASSED] - pages.WriteExcel.demoKey is PASSED

2024-01-13 23:01:11 - [TEST_STEP][PASSED] - ExecuteTC = findTestData(dataFile).getValue("Execute", row): null

2024-01-13 23:01:11 - [TEST_STEP][PASSED] - Taxtype = findTestData(dataFile).getValue("TaxType", row): null

2024-01-13 23:01:11 - [TEST_STEP][PASSED] - Paymenttype = findTestData(dataFile).getValue("PaymentType", row): null

2024-01-13 23:01:11 - [TEST_STEP][PASSED] - out.println("Value of Execute is : " + ExecuteTC): null

2024-01-13 23:01:11 - [TEST_STEP][PASSED] - if (ExecuteTC.equalsIgnoreCase("Y")): null

2024-01-13 23:01:11 - [TEST_STEP][PASSED] - out.println("Begin Record Number: " + row): null

2024-01-13 23:01:11 - [TEST_STEP][PASSED] - today = new java.util.Date(): null

2024-01-13 23:01:11 - [TEST_STEP][PASSED] - println(today): null

2024-01-13 23:01:11 - [TEST_STEP][PASSED] - datText = today: null

2024-01-13 23:01:11 - [TEST_STEP][PASSED] - Taxtype = findTestData(dataFile).getValue("TaxType", row): null

2024-01-13 23:01:11 - [TEST_STEP][PASSED] - out.println("Taxtype value is : " + Taxtype): null

2024-01-13 23:01:11 - [TEST_STEP][PASSED] - openBrowser(""): Browser is opened with url: ''

2024-01-13 23:01:11 - [MESSAGE][WARNING] - A browser is already opened. Closing browser and opening a new one

2024-01-13 23:01:12 - [MESSAGE][INFO] - Starting 'Chrome' driver

2024-01-13 23:01:12 - [MESSAGE][INFO] - User set preference: ['acceptInsecureCerts', 'true']

2024-01-13 23:01:12 - [MESSAGE][INFO] - Action delay is set to 0 milliseconds

2024-01-13 23:01:14 - [MESSAGE][PASSED] - Browser is opened with url: ''

2024-01-13 23:01:14 - [TEST_STEP][PASSED] - maximizeWindow(): Current window maximized

2024-01-13 23:01:14 - [MESSAGE][PASSED] - Current window maximized

2024-01-13 23:01:14 - [TEST_STEP][PASSED] - navigateToUrl(RADurl): Navigate to 'https://qa2.velocitypayment.com/client/rad/index.html' successfully

2024-01-13 23:01:15 - [MESSAGE][PASSED] - Navigate to 'https://qa2.velocitypayment.com/client/rad/index.html' successfully

2024-01-13 23:01:15 - [TEST_STEP][PASSED] - orPath_Landing = "Object Repository/RAD_Pages/Landing_Page": null

2024-01-13 23:01:15 - [TEST_STEP][PASSED] - orPath_TaxTypeFilingYear = "Object Repository/RAD_Pages/TaxTypeFilingYear_Page": null

2024-01-13 23:01:15 - [TEST_STEP][PASSED] - orPath_TaxPayer = "Object Repository/RAD_Pages/Taxpayer_Page": null

2024-01-13 23:01:15 - [TEST_STEP][PASSED] - orPath_AddressContact = "Object Repository/RAD_Pages/AddressAndContactInfo_Page": null

2024-01-13 23:01:15 - [TEST_STEP][PASSED] - orPath_FilingStatus = "Object Repository/RAD_Pages/FilingStatus_Page": null

2024-01-13 23:01:15 - [TEST_STEP][PASSED] - orPath_Amount = "Object Repository/RAD_Pages/PaymentAmount_Page": null

2024-01-13 23:01:15 - [TEST_STEP][PASSED] - selectOptionByLabel(findTestObject(orPath_Landing + "/dd_TaxType"), Paymenttype, false): All options with label 'New Tax Return Amount Due' are selected in object 'Object Repository/RAD_Pages/Landing_Page/dd_TaxType' 

2024-01-13 23:01:16 - [MESSAGE][PASSED] - All options with label 'New Tax Return Amount Due' are selected in object 'Object Repository/RAD_Pages/Landing_Page/dd_TaxType' 

2024-01-13 23:01:16 - [TEST_STEP][PASSED] - delay(1): Delayed 1 second(s)

2024-01-13 23:01:17 - [MESSAGE][PASSED] - Delayed 1 second(s)

2024-01-13 23:01:17 - [TEST_STEP][PASSED] - switch (Paymenttype): null

2024-01-13 23:01:17 - [TEST_STEP][PASSED] - case "New Tax Return Amount Due":: null

2024-01-13 23:01:17 - [TEST_STEP][PASSED] - selectOptionByLabel(findTestObject("Object Repository/RAD_Pages/Landing_Page/select_NewTaxReturnAmountDue_TaxType"), Taxtype, false): All options with label 'Personal Income Tax' are selected in object 'Object Repository/RAD_Pages/Landing_Page/select_NewTaxReturnAmountDue_TaxType' 

2024-01-13 23:01:18 - [MESSAGE][PASSED] - All options with label 'Personal Income Tax' are selected in object 'Object Repository/RAD_Pages/Landing_Page/select_NewTaxReturnAmountDue_TaxType' 

2024-01-13 23:01:18 - [TEST_STEP][PASSED] - break: null

2024-01-13 23:01:18 - [TEST_STEP][PASSED] - delay(1): Delayed 1 second(s)

2024-01-13 23:01:19 - [MESSAGE][PASSED] - Delayed 1 second(s)

2024-01-13 23:01:19 - [TEST_STEP][PASSED] - scrollToElement(findTestObject(orPath_Amount + "/input__paymentAmount"), 3): Scroll to object 'Object Repository/RAD_Pages/PaymentAmount_Page/input__paymentAmount' successfully

2024-01-13 23:01:19 - [MESSAGE][PASSED] - Scroll to object 'Object Repository/RAD_Pages/PaymentAmount_Page/input__paymentAmount' successfully

2024-01-13 23:01:19 - [TEST_STEP][PASSED] - setText(findTestObject(orPath_AddressContact + "/input_eMailAddress"), "imtiazster@gmail.com"): Text 'imtiazster@gmail.com' is set on object 'Object Repository/RAD_Pages/AddressAndContactInfo_Page/input_eMailAddress'

2024-01-13 23:01:20 - [MESSAGE][PASSED] - Text 'imtiazster@gmail.com' is set on object 'Object Repository/RAD_Pages/AddressAndContactInfo_Page/input_eMailAddress'

2024-01-13 23:01:20 - [TEST_STEP][PASSED] - setText(findTestObject(orPath_AddressContact + "/input_reEnterEMailAddress"), "iahmed@govolution.com"): Text 'iahmed@govolution.com' is set on object 'Object Repository/RAD_Pages/AddressAndContactInfo_Page/input_reEnterEMailAddress'

2024-01-13 23:01:21 - [MESSAGE][PASSED] - Text 'iahmed@govolution.com' is set on object 'Object Repository/RAD_Pages/AddressAndContactInfo_Page/input_reEnterEMailAddress'

2024-01-13 23:01:21 - [TEST_STEP][PASSED] - delay(2): Delayed 2 second(s)

2024-01-13 23:01:23 - [MESSAGE][PASSED] - Delayed 2 second(s)

2024-01-13 23:01:23 - [TEST_STEP][PASSED] - if (verifyTextPresent("The Email and Re-enter email do not match", true)): null

2024-01-13 23:01:23 - [MESSAGE][PASSED] - Text 'The Email and Re-enter email do not match' is present on page  using regular expression

2024-01-13 23:01:23 - [TEST_STEP][PASSED] - println("Emails Dont match text is present"): null

2024-01-13 23:01:23 - [TEST_STEP][PASSED] - out.println("Pass Record Number: " + row): null

2024-01-13 23:01:23 - [TEST_STEP][PASSED] - resText = "Pass": null

2024-01-13 23:01:23 - [TEST_STEP][PASSED] - pages.WriteExcel.demoKey(resText, datText, resColumn, datCloumn, fileLoc, nameSheet, row): pages.WriteExcel.demoKey is PASSED

2024-01-13 23:01:23 - [MESSAGE][PASSED] - pages.WriteExcel.demoKey is PASSED

2024-01-13 23:01:23 - [TEST_STEP][PASSED] - ExecuteTC = findTestData(dataFile).getValue("Execute", row): null

2024-01-13 23:01:23 - [TEST_STEP][PASSED] - Taxtype = findTestData(dataFile).getValue("TaxType", row): null

2024-01-13 23:01:23 - [TEST_STEP][PASSED] - Paymenttype = findTestData(dataFile).getValue("PaymentType", row): null

2024-01-13 23:01:23 - [TEST_STEP][PASSED] - out.println("Value of Execute is : " + ExecuteTC): null

2024-01-13 23:01:23 - [TEST_STEP][PASSED] - if (ExecuteTC.equalsIgnoreCase("Y")): null

2024-01-13 23:01:23 - [TEST_STEP][PASSED] - out.println("Begin Record Number: " + row): null

2024-01-13 23:01:23 - [TEST_STEP][PASSED] - today = new java.util.Date(): null

2024-01-13 23:01:23 - [TEST_STEP][PASSED] - println(today): null

2024-01-13 23:01:23 - [TEST_STEP][PASSED] - datText = today: null

2024-01-13 23:01:23 - [TEST_STEP][PASSED] - Taxtype = findTestData(dataFile).getValue("TaxType", row): null

2024-01-13 23:01:23 - [TEST_STEP][PASSED] - out.println("Taxtype value is : " + Taxtype): null

2024-01-13 23:01:23 - [TEST_STEP][PASSED] - openBrowser(""): Browser is opened with url: ''

2024-01-13 23:01:23 - [MESSAGE][WARNING] - A browser is already opened. Closing browser and opening a new one

2024-01-13 23:01:24 - [MESSAGE][INFO] - Starting 'Chrome' driver

2024-01-13 23:01:24 - [MESSAGE][INFO] - User set preference: ['acceptInsecureCerts', 'true']

2024-01-13 23:01:24 - [MESSAGE][INFO] - Action delay is set to 0 milliseconds

2024-01-13 23:01:26 - [MESSAGE][PASSED] - Browser is opened with url: ''

2024-01-13 23:01:26 - [TEST_STEP][PASSED] - maximizeWindow(): Current window maximized

2024-01-13 23:01:26 - [MESSAGE][PASSED] - Current window maximized

2024-01-13 23:01:26 - [TEST_STEP][PASSED] - navigateToUrl(RADurl): Navigate to 'https://qa2.velocitypayment.com/client/rad/index.html' successfully

2024-01-13 23:01:27 - [MESSAGE][PASSED] - Navigate to 'https://qa2.velocitypayment.com/client/rad/index.html' successfully

2024-01-13 23:01:27 - [TEST_STEP][PASSED] - orPath_Landing = "Object Repository/RAD_Pages/Landing_Page": null

2024-01-13 23:01:27 - [TEST_STEP][PASSED] - orPath_TaxTypeFilingYear = "Object Repository/RAD_Pages/TaxTypeFilingYear_Page": null

2024-01-13 23:01:27 - [TEST_STEP][PASSED] - orPath_TaxPayer = "Object Repository/RAD_Pages/Taxpayer_Page": null

2024-01-13 23:01:27 - [TEST_STEP][PASSED] - orPath_AddressContact = "Object Repository/RAD_Pages/AddressAndContactInfo_Page": null

2024-01-13 23:01:27 - [TEST_STEP][PASSED] - orPath_FilingStatus = "Object Repository/RAD_Pages/FilingStatus_Page": null

2024-01-13 23:01:27 - [TEST_STEP][PASSED] - orPath_Amount = "Object Repository/RAD_Pages/PaymentAmount_Page": null

2024-01-13 23:01:27 - [TEST_STEP][PASSED] - selectOptionByLabel(findTestObject(orPath_Landing + "/dd_TaxType"), Paymenttype, false): All options with label 'Existing Liability w/Notice Number' are selected in object 'Object Repository/RAD_Pages/Landing_Page/dd_TaxType' 

2024-01-13 23:01:28 - [MESSAGE][PASSED] - All options with label 'Existing Liability w/Notice Number' are selected in object 'Object Repository/RAD_Pages/Landing_Page/dd_TaxType' 

2024-01-13 23:01:28 - [TEST_STEP][PASSED] - delay(1): Delayed 1 second(s)

2024-01-13 23:01:29 - [MESSAGE][PASSED] - Delayed 1 second(s)

2024-01-13 23:01:29 - [TEST_STEP][PASSED] - switch (Paymenttype): null

2024-01-13 23:01:29 - [TEST_STEP][PASSED] - case "Existing Liability w/Notice Number":: null

2024-01-13 23:01:29 - [TEST_STEP][PASSED] - selectOptionByLabel(findTestObject(orPath_TaxTypeFilingYear + "/select_TaxType_ExistingLiability"), Taxtype, false): All options with label 'Admissions and Amusement Tax' are selected in object 'Object Repository/RAD_Pages/TaxTypeFilingYear_Page/select_TaxType_ExistingLiability' 

2024-01-13 23:01:30 - [MESSAGE][PASSED] - All options with label 'Admissions and Amusement Tax' are selected in object 'Object Repository/RAD_Pages/TaxTypeFilingYear_Page/select_TaxType_ExistingLiability' 

2024-01-13 23:01:30 - [TEST_STEP][PASSED] - break: null

2024-01-13 23:01:30 - [TEST_STEP][PASSED] - delay(1): Delayed 1 second(s)

2024-01-13 23:01:31 - [MESSAGE][PASSED] - Delayed 1 second(s)

2024-01-13 23:01:31 - [TEST_STEP][PASSED] - scrollToElement(findTestObject(orPath_Amount + "/input__paymentAmount"), 3): Scroll to object 'Object Repository/RAD_Pages/PaymentAmount_Page/input__paymentAmount' successfully

2024-01-13 23:01:31 - [MESSAGE][PASSED] - Scroll to object 'Object Repository/RAD_Pages/PaymentAmount_Page/input__paymentAmount' successfully

2024-01-13 23:01:31 - [TEST_STEP][PASSED] - setText(findTestObject(orPath_AddressContact + "/input_eMailAddress"), "imtiazster@gmail.com"): Text 'imtiazster@gmail.com' is set on object 'Object Repository/RAD_Pages/AddressAndContactInfo_Page/input_eMailAddress'

2024-01-13 23:01:32 - [MESSAGE][PASSED] - Text 'imtiazster@gmail.com' is set on object 'Object Repository/RAD_Pages/AddressAndContactInfo_Page/input_eMailAddress'

2024-01-13 23:01:32 - [TEST_STEP][PASSED] - setText(findTestObject(orPath_AddressContact + "/input_reEnterEMailAddress"), "iahmed@govolution.com"): Text 'iahmed@govolution.com' is set on object 'Object Repository/RAD_Pages/AddressAndContactInfo_Page/input_reEnterEMailAddress'

2024-01-13 23:01:33 - [MESSAGE][PASSED] - Text 'iahmed@govolution.com' is set on object 'Object Repository/RAD_Pages/AddressAndContactInfo_Page/input_reEnterEMailAddress'

2024-01-13 23:01:33 - [TEST_STEP][PASSED] - delay(2): Delayed 2 second(s)

2024-01-13 23:01:35 - [MESSAGE][PASSED] - Delayed 2 second(s)

2024-01-13 23:01:35 - [TEST_STEP][PASSED] - if (verifyTextPresent("The Email and Re-enter email do not match", true)): null

2024-01-13 23:01:35 - [MESSAGE][PASSED] - Text 'The Email and Re-enter email do not match' is present on page  using regular expression

2024-01-13 23:01:35 - [TEST_STEP][PASSED] - println("Emails Dont match text is present"): null

2024-01-13 23:01:35 - [TEST_STEP][PASSED] - out.println("Pass Record Number: " + row): null

2024-01-13 23:01:35 - [TEST_STEP][PASSED] - resText = "Pass": null

2024-01-13 23:01:35 - [TEST_STEP][PASSED] - pages.WriteExcel.demoKey(resText, datText, resColumn, datCloumn, fileLoc, nameSheet, row): pages.WriteExcel.demoKey is PASSED

2024-01-13 23:01:35 - [MESSAGE][PASSED] - pages.WriteExcel.demoKey is PASSED

2024-01-13 23:01:35 - [TEST_STEP][PASSED] - ExecuteTC = findTestData(dataFile).getValue("Execute", row): null

2024-01-13 23:01:35 - [TEST_STEP][PASSED] - Taxtype = findTestData(dataFile).getValue("TaxType", row): null

2024-01-13 23:01:35 - [TEST_STEP][PASSED] - Paymenttype = findTestData(dataFile).getValue("PaymentType", row): null

2024-01-13 23:01:35 - [TEST_STEP][PASSED] - out.println("Value of Execute is : " + ExecuteTC): null

2024-01-13 23:01:35 - [TEST_STEP][PASSED] - if (ExecuteTC.equalsIgnoreCase("Y")): null

2024-01-13 23:01:35 - [TEST_STEP][PASSED] - out.println("Begin Record Number: " + row): null

2024-01-13 23:01:35 - [TEST_STEP][PASSED] - today = new java.util.Date(): null

2024-01-13 23:01:35 - [TEST_STEP][PASSED] - println(today): null

2024-01-13 23:01:35 - [TEST_STEP][PASSED] - datText = today: null

2024-01-13 23:01:35 - [TEST_STEP][PASSED] - Taxtype = findTestData(dataFile).getValue("TaxType", row): null

2024-01-13 23:01:35 - [TEST_STEP][PASSED] - out.println("Taxtype value is : " + Taxtype): null

2024-01-13 23:01:35 - [TEST_STEP][PASSED] - openBrowser(""): Browser is opened with url: ''

2024-01-13 23:01:35 - [MESSAGE][WARNING] - A browser is already opened. Closing browser and opening a new one

2024-01-13 23:01:36 - [MESSAGE][INFO] - Starting 'Chrome' driver

2024-01-13 23:01:36 - [MESSAGE][INFO] - User set preference: ['acceptInsecureCerts', 'true']

2024-01-13 23:01:36 - [MESSAGE][INFO] - Action delay is set to 0 milliseconds

2024-01-13 23:01:38 - [MESSAGE][PASSED] - Browser is opened with url: ''

2024-01-13 23:01:38 - [TEST_STEP][PASSED] - maximizeWindow(): Current window maximized

2024-01-13 23:01:38 - [MESSAGE][PASSED] - Current window maximized

2024-01-13 23:01:38 - [TEST_STEP][PASSED] - navigateToUrl(RADurl): Navigate to 'https://qa2.velocitypayment.com/client/rad/index.html' successfully

2024-01-13 23:01:39 - [MESSAGE][PASSED] - Navigate to 'https://qa2.velocitypayment.com/client/rad/index.html' successfully

2024-01-13 23:01:39 - [TEST_STEP][PASSED] - orPath_Landing = "Object Repository/RAD_Pages/Landing_Page": null

2024-01-13 23:01:39 - [TEST_STEP][PASSED] - orPath_TaxTypeFilingYear = "Object Repository/RAD_Pages/TaxTypeFilingYear_Page": null

2024-01-13 23:01:39 - [TEST_STEP][PASSED] - orPath_TaxPayer = "Object Repository/RAD_Pages/Taxpayer_Page": null

2024-01-13 23:01:39 - [TEST_STEP][PASSED] - orPath_AddressContact = "Object Repository/RAD_Pages/AddressAndContactInfo_Page": null

2024-01-13 23:01:39 - [TEST_STEP][PASSED] - orPath_FilingStatus = "Object Repository/RAD_Pages/FilingStatus_Page": null

2024-01-13 23:01:39 - [TEST_STEP][PASSED] - orPath_Amount = "Object Repository/RAD_Pages/PaymentAmount_Page": null

2024-01-13 23:01:39 - [TEST_STEP][PASSED] - selectOptionByLabel(findTestObject(orPath_Landing + "/dd_TaxType"), Paymenttype, false): All options with label 'Existing Liability w/Notice Number' are selected in object 'Object Repository/RAD_Pages/Landing_Page/dd_TaxType' 

2024-01-13 23:01:40 - [MESSAGE][PASSED] - All options with label 'Existing Liability w/Notice Number' are selected in object 'Object Repository/RAD_Pages/Landing_Page/dd_TaxType' 

2024-01-13 23:01:40 - [TEST_STEP][PASSED] - delay(1): Delayed 1 second(s)

2024-01-13 23:01:41 - [MESSAGE][PASSED] - Delayed 1 second(s)

2024-01-13 23:01:41 - [TEST_STEP][PASSED] - switch (Paymenttype): null

2024-01-13 23:01:41 - [TEST_STEP][PASSED] - case "Existing Liability w/Notice Number":: null

2024-01-13 23:01:41 - [TEST_STEP][PASSED] - selectOptionByLabel(findTestObject(orPath_TaxTypeFilingYear + "/select_TaxType_ExistingLiability"), Taxtype, false): All options with label 'Estate Tax' are selected in object 'Object Repository/RAD_Pages/TaxTypeFilingYear_Page/select_TaxType_ExistingLiability' 

2024-01-13 23:01:41 - [MESSAGE][PASSED] - All options with label 'Estate Tax' are selected in object 'Object Repository/RAD_Pages/TaxTypeFilingYear_Page/select_TaxType_ExistingLiability' 

2024-01-13 23:01:41 - [TEST_STEP][PASSED] - break: null

2024-01-13 23:01:41 - [TEST_STEP][PASSED] - delay(1): Delayed 1 second(s)

2024-01-13 23:01:42 - [MESSAGE][PASSED] - Delayed 1 second(s)

2024-01-13 23:01:42 - [TEST_STEP][PASSED] - scrollToElement(findTestObject(orPath_Amount + "/input__paymentAmount"), 3): Scroll to object 'Object Repository/RAD_Pages/PaymentAmount_Page/input__paymentAmount' successfully

2024-01-13 23:01:43 - [MESSAGE][PASSED] - Scroll to object 'Object Repository/RAD_Pages/PaymentAmount_Page/input__paymentAmount' successfully

2024-01-13 23:01:43 - [TEST_STEP][PASSED] - setText(findTestObject(orPath_AddressContact + "/input_eMailAddress"), "imtiazster@gmail.com"): Text 'imtiazster@gmail.com' is set on object 'Object Repository/RAD_Pages/AddressAndContactInfo_Page/input_eMailAddress'

2024-01-13 23:01:44 - [MESSAGE][PASSED] - Text 'imtiazster@gmail.com' is set on object 'Object Repository/RAD_Pages/AddressAndContactInfo_Page/input_eMailAddress'

2024-01-13 23:01:44 - [TEST_STEP][PASSED] - setText(findTestObject(orPath_AddressContact + "/input_reEnterEMailAddress"), "iahmed@govolution.com"): Text 'iahmed@govolution.com' is set on object 'Object Repository/RAD_Pages/AddressAndContactInfo_Page/input_reEnterEMailAddress'

2024-01-13 23:01:44 - [MESSAGE][PASSED] - Text 'iahmed@govolution.com' is set on object 'Object Repository/RAD_Pages/AddressAndContactInfo_Page/input_reEnterEMailAddress'

2024-01-13 23:01:44 - [TEST_STEP][PASSED] - delay(2): Delayed 2 second(s)

2024-01-13 23:01:46 - [MESSAGE][PASSED] - Delayed 2 second(s)

2024-01-13 23:01:46 - [TEST_STEP][PASSED] - if (verifyTextPresent("The Email and Re-enter email do not match", true)): null

2024-01-13 23:01:47 - [MESSAGE][PASSED] - Text 'The Email and Re-enter email do not match' is present on page  using regular expression

2024-01-13 23:01:47 - [TEST_STEP][PASSED] - println("Emails Dont match text is present"): null

2024-01-13 23:01:47 - [TEST_STEP][PASSED] - out.println("Pass Record Number: " + row): null

2024-01-13 23:01:47 - [TEST_STEP][PASSED] - resText = "Pass": null

2024-01-13 23:01:47 - [TEST_STEP][PASSED] - pages.WriteExcel.demoKey(resText, datText, resColumn, datCloumn, fileLoc, nameSheet, row): pages.WriteExcel.demoKey is PASSED

2024-01-13 23:01:47 - [MESSAGE][PASSED] - pages.WriteExcel.demoKey is PASSED

2024-01-13 23:01:47 - [TEST_STEP][PASSED] - ExecuteTC = findTestData(dataFile).getValue("Execute", row): null

2024-01-13 23:01:47 - [TEST_STEP][PASSED] - Taxtype = findTestData(dataFile).getValue("TaxType", row): null

2024-01-13 23:01:47 - [TEST_STEP][PASSED] - Paymenttype = findTestData(dataFile).getValue("PaymentType", row): null

2024-01-13 23:01:47 - [TEST_STEP][PASSED] - out.println("Value of Execute is : " + ExecuteTC): null

2024-01-13 23:01:47 - [TEST_STEP][PASSED] - if (ExecuteTC.equalsIgnoreCase("Y")): null

2024-01-13 23:01:47 - [TEST_STEP][PASSED] - out.println("Begin Record Number: " + row): null

2024-01-13 23:01:47 - [TEST_STEP][PASSED] - today = new java.util.Date(): null

2024-01-13 23:01:47 - [TEST_STEP][PASSED] - println(today): null

2024-01-13 23:01:47 - [TEST_STEP][PASSED] - datText = today: null

2024-01-13 23:01:47 - [TEST_STEP][PASSED] - Taxtype = findTestData(dataFile).getValue("TaxType", row): null

2024-01-13 23:01:47 - [TEST_STEP][PASSED] - out.println("Taxtype value is : " + Taxtype): null

2024-01-13 23:01:47 - [TEST_STEP][PASSED] - openBrowser(""): Browser is opened with url: ''

2024-01-13 23:01:47 - [MESSAGE][WARNING] - A browser is already opened. Closing browser and opening a new one

2024-01-13 23:01:48 - [MESSAGE][INFO] - Starting 'Chrome' driver

2024-01-13 23:01:48 - [MESSAGE][INFO] - User set preference: ['acceptInsecureCerts', 'true']

2024-01-13 23:01:48 - [MESSAGE][INFO] - Action delay is set to 0 milliseconds

2024-01-13 23:01:49 - [MESSAGE][PASSED] - Browser is opened with url: ''

2024-01-13 23:01:49 - [TEST_STEP][PASSED] - maximizeWindow(): Current window maximized

2024-01-13 23:01:50 - [MESSAGE][PASSED] - Current window maximized

2024-01-13 23:01:50 - [TEST_STEP][PASSED] - navigateToUrl(RADurl): Navigate to 'https://qa2.velocitypayment.com/client/rad/index.html' successfully

2024-01-13 23:01:51 - [MESSAGE][PASSED] - Navigate to 'https://qa2.velocitypayment.com/client/rad/index.html' successfully

2024-01-13 23:01:51 - [TEST_STEP][PASSED] - orPath_Landing = "Object Repository/RAD_Pages/Landing_Page": null

2024-01-13 23:01:51 - [TEST_STEP][PASSED] - orPath_TaxTypeFilingYear = "Object Repository/RAD_Pages/TaxTypeFilingYear_Page": null

2024-01-13 23:01:51 - [TEST_STEP][PASSED] - orPath_TaxPayer = "Object Repository/RAD_Pages/Taxpayer_Page": null

2024-01-13 23:01:51 - [TEST_STEP][PASSED] - orPath_AddressContact = "Object Repository/RAD_Pages/AddressAndContactInfo_Page": null

2024-01-13 23:01:51 - [TEST_STEP][PASSED] - orPath_FilingStatus = "Object Repository/RAD_Pages/FilingStatus_Page": null

2024-01-13 23:01:51 - [TEST_STEP][PASSED] - orPath_Amount = "Object Repository/RAD_Pages/PaymentAmount_Page": null

2024-01-13 23:01:51 - [TEST_STEP][PASSED] - selectOptionByLabel(findTestObject(orPath_Landing + "/dd_TaxType"), Paymenttype, false): All options with label 'Existing Liability w/Notice Number' are selected in object 'Object Repository/RAD_Pages/Landing_Page/dd_TaxType' 

2024-01-13 23:01:52 - [MESSAGE][PASSED] - All options with label 'Existing Liability w/Notice Number' are selected in object 'Object Repository/RAD_Pages/Landing_Page/dd_TaxType' 

2024-01-13 23:01:52 - [TEST_STEP][PASSED] - delay(1): Delayed 1 second(s)

2024-01-13 23:01:53 - [MESSAGE][PASSED] - Delayed 1 second(s)

2024-01-13 23:01:53 - [TEST_STEP][PASSED] - switch (Paymenttype): null

2024-01-13 23:01:53 - [TEST_STEP][PASSED] - case "Existing Liability w/Notice Number":: null

2024-01-13 23:01:53 - [TEST_STEP][PASSED] - selectOptionByLabel(findTestObject(orPath_TaxTypeFilingYear + "/select_TaxType_ExistingLiability"), Taxtype, false): All options with label 'Motor Fuel Tax' are selected in object 'Object Repository/RAD_Pages/TaxTypeFilingYear_Page/select_TaxType_ExistingLiability' 

2024-01-13 23:01:53 - [MESSAGE][PASSED] - All options with label 'Motor Fuel Tax' are selected in object 'Object Repository/RAD_Pages/TaxTypeFilingYear_Page/select_TaxType_ExistingLiability' 

2024-01-13 23:01:53 - [TEST_STEP][PASSED] - break: null

2024-01-13 23:01:53 - [TEST_STEP][PASSED] - delay(1): Delayed 1 second(s)

2024-01-13 23:01:54 - [MESSAGE][PASSED] - Delayed 1 second(s)

2024-01-13 23:01:54 - [TEST_STEP][PASSED] - scrollToElement(findTestObject(orPath_Amount + "/input__paymentAmount"), 3): Scroll to object 'Object Repository/RAD_Pages/PaymentAmount_Page/input__paymentAmount' successfully

2024-01-13 23:01:55 - [MESSAGE][PASSED] - Scroll to object 'Object Repository/RAD_Pages/PaymentAmount_Page/input__paymentAmount' successfully

2024-01-13 23:01:55 - [TEST_STEP][PASSED] - setText(findTestObject(orPath_AddressContact + "/input_eMailAddress"), "imtiazster@gmail.com"): Text 'imtiazster@gmail.com' is set on object 'Object Repository/RAD_Pages/AddressAndContactInfo_Page/input_eMailAddress'

2024-01-13 23:01:56 - [MESSAGE][PASSED] - Text 'imtiazster@gmail.com' is set on object 'Object Repository/RAD_Pages/AddressAndContactInfo_Page/input_eMailAddress'

2024-01-13 23:01:56 - [TEST_STEP][PASSED] - setText(findTestObject(orPath_AddressContact + "/input_reEnterEMailAddress"), "iahmed@govolution.com"): Text 'iahmed@govolution.com' is set on object 'Object Repository/RAD_Pages/AddressAndContactInfo_Page/input_reEnterEMailAddress'

2024-01-13 23:01:56 - [MESSAGE][PASSED] - Text 'iahmed@govolution.com' is set on object 'Object Repository/RAD_Pages/AddressAndContactInfo_Page/input_reEnterEMailAddress'

2024-01-13 23:01:56 - [TEST_STEP][PASSED] - delay(2): Delayed 2 second(s)

2024-01-13 23:01:58 - [MESSAGE][PASSED] - Delayed 2 second(s)

2024-01-13 23:01:58 - [TEST_STEP][PASSED] - if (verifyTextPresent("The Email and Re-enter email do not match", true)): null

2024-01-13 23:01:59 - [MESSAGE][PASSED] - Text 'The Email and Re-enter email do not match' is present on page  using regular expression

2024-01-13 23:01:59 - [TEST_STEP][PASSED] - println("Emails Dont match text is present"): null

2024-01-13 23:01:59 - [TEST_STEP][PASSED] - out.println("Pass Record Number: " + row): null

2024-01-13 23:01:59 - [TEST_STEP][PASSED] - resText = "Pass": null

2024-01-13 23:01:59 - [TEST_STEP][PASSED] - pages.WriteExcel.demoKey(resText, datText, resColumn, datCloumn, fileLoc, nameSheet, row): pages.WriteExcel.demoKey is PASSED

2024-01-13 23:01:59 - [MESSAGE][PASSED] - pages.WriteExcel.demoKey is PASSED

2024-01-13 23:01:59 - [TEST_STEP][PASSED] - ExecuteTC = findTestData(dataFile).getValue("Execute", row): null

2024-01-13 23:01:59 - [TEST_STEP][PASSED] - Taxtype = findTestData(dataFile).getValue("TaxType", row): null

2024-01-13 23:01:59 - [TEST_STEP][PASSED] - Paymenttype = findTestData(dataFile).getValue("PaymentType", row): null

2024-01-13 23:01:59 - [TEST_STEP][PASSED] - out.println("Value of Execute is : " + ExecuteTC): null

2024-01-13 23:01:59 - [TEST_STEP][PASSED] - if (ExecuteTC.equalsIgnoreCase("Y")): null

2024-01-13 23:01:59 - [TEST_STEP][PASSED] - out.println("Begin Record Number: " + row): null

2024-01-13 23:01:59 - [TEST_STEP][PASSED] - today = new java.util.Date(): null

2024-01-13 23:01:59 - [TEST_STEP][PASSED] - println(today): null

2024-01-13 23:01:59 - [TEST_STEP][PASSED] - datText = today: null

2024-01-13 23:01:59 - [TEST_STEP][PASSED] - Taxtype = findTestData(dataFile).getValue("TaxType", row): null

2024-01-13 23:01:59 - [TEST_STEP][PASSED] - out.println("Taxtype value is : " + Taxtype): null

2024-01-13 23:01:59 - [TEST_STEP][PASSED] - openBrowser(""): Browser is opened with url: ''

2024-01-13 23:01:59 - [MESSAGE][WARNING] - A browser is already opened. Closing browser and opening a new one

2024-01-13 23:02:00 - [MESSAGE][INFO] - Starting 'Chrome' driver

2024-01-13 23:02:00 - [MESSAGE][INFO] - User set preference: ['acceptInsecureCerts', 'true']

2024-01-13 23:02:00 - [MESSAGE][INFO] - Action delay is set to 0 milliseconds

2024-01-13 23:02:01 - [MESSAGE][PASSED] - Browser is opened with url: ''

2024-01-13 23:02:01 - [TEST_STEP][PASSED] - maximizeWindow(): Current window maximized

2024-01-13 23:02:02 - [MESSAGE][PASSED] - Current window maximized

2024-01-13 23:02:02 - [TEST_STEP][PASSED] - navigateToUrl(RADurl): Navigate to 'https://qa2.velocitypayment.com/client/rad/index.html' successfully

2024-01-13 23:02:03 - [MESSAGE][PASSED] - Navigate to 'https://qa2.velocitypayment.com/client/rad/index.html' successfully

2024-01-13 23:02:03 - [TEST_STEP][PASSED] - orPath_Landing = "Object Repository/RAD_Pages/Landing_Page": null

2024-01-13 23:02:03 - [TEST_STEP][PASSED] - orPath_TaxTypeFilingYear = "Object Repository/RAD_Pages/TaxTypeFilingYear_Page": null

2024-01-13 23:02:03 - [TEST_STEP][PASSED] - orPath_TaxPayer = "Object Repository/RAD_Pages/Taxpayer_Page": null

2024-01-13 23:02:03 - [TEST_STEP][PASSED] - orPath_AddressContact = "Object Repository/RAD_Pages/AddressAndContactInfo_Page": null

2024-01-13 23:02:03 - [TEST_STEP][PASSED] - orPath_FilingStatus = "Object Repository/RAD_Pages/FilingStatus_Page": null

2024-01-13 23:02:03 - [TEST_STEP][PASSED] - orPath_Amount = "Object Repository/RAD_Pages/PaymentAmount_Page": null

2024-01-13 23:02:03 - [TEST_STEP][PASSED] - selectOptionByLabel(findTestObject(orPath_Landing + "/dd_TaxType"), Paymenttype, false): All options with label 'Existing Liability w/Notice Number' are selected in object 'Object Repository/RAD_Pages/Landing_Page/dd_TaxType' 

2024-01-13 23:02:04 - [MESSAGE][PASSED] - All options with label 'Existing Liability w/Notice Number' are selected in object 'Object Repository/RAD_Pages/Landing_Page/dd_TaxType' 

2024-01-13 23:02:04 - [TEST_STEP][PASSED] - delay(1): Delayed 1 second(s)

2024-01-13 23:02:05 - [MESSAGE][PASSED] - Delayed 1 second(s)

2024-01-13 23:02:05 - [TEST_STEP][PASSED] - switch (Paymenttype): null

2024-01-13 23:02:05 - [TEST_STEP][PASSED] - case "Existing Liability w/Notice Number":: null

2024-01-13 23:02:05 - [TEST_STEP][PASSED] - selectOptionByLabel(findTestObject(orPath_TaxTypeFilingYear + "/select_TaxType_ExistingLiability"), Taxtype, false): All options with label 'Slots License Fee' are selected in object 'Object Repository/RAD_Pages/TaxTypeFilingYear_Page/select_TaxType_ExistingLiability' 

2024-01-13 23:02:05 - [MESSAGE][PASSED] - All options with label 'Slots License Fee' are selected in object 'Object Repository/RAD_Pages/TaxTypeFilingYear_Page/select_TaxType_ExistingLiability' 

2024-01-13 23:02:05 - [TEST_STEP][PASSED] - break: null

2024-01-13 23:02:05 - [TEST_STEP][PASSED] - delay(1): Delayed 1 second(s)

2024-01-13 23:02:06 - [MESSAGE][PASSED] - Delayed 1 second(s)

2024-01-13 23:02:06 - [TEST_STEP][PASSED] - scrollToElement(findTestObject(orPath_Amount + "/input__paymentAmount"), 3): Scroll to object 'Object Repository/RAD_Pages/PaymentAmount_Page/input__paymentAmount' successfully

2024-01-13 23:02:07 - [MESSAGE][PASSED] - Scroll to object 'Object Repository/RAD_Pages/PaymentAmount_Page/input__paymentAmount' successfully

2024-01-13 23:02:07 - [TEST_STEP][PASSED] - setText(findTestObject(orPath_AddressContact + "/input_eMailAddress"), "imtiazster@gmail.com"): Text 'imtiazster@gmail.com' is set on object 'Object Repository/RAD_Pages/AddressAndContactInfo_Page/input_eMailAddress'

2024-01-13 23:02:07 - [MESSAGE][PASSED] - Text 'imtiazster@gmail.com' is set on object 'Object Repository/RAD_Pages/AddressAndContactInfo_Page/input_eMailAddress'

2024-01-13 23:02:07 - [TEST_STEP][PASSED] - setText(findTestObject(orPath_AddressContact + "/input_reEnterEMailAddress"), "iahmed@govolution.com"): Text 'iahmed@govolution.com' is set on object 'Object Repository/RAD_Pages/AddressAndContactInfo_Page/input_reEnterEMailAddress'

2024-01-13 23:02:08 - [MESSAGE][PASSED] - Text 'iahmed@govolution.com' is set on object 'Object Repository/RAD_Pages/AddressAndContactInfo_Page/input_reEnterEMailAddress'

2024-01-13 23:02:08 - [TEST_STEP][PASSED] - delay(2): Delayed 2 second(s)

2024-01-13 23:02:10 - [MESSAGE][PASSED] - Delayed 2 second(s)

2024-01-13 23:02:10 - [TEST_STEP][PASSED] - if (verifyTextPresent("The Email and Re-enter email do not match", true)): null

2024-01-13 23:02:11 - [MESSAGE][PASSED] - Text 'The Email and Re-enter email do not match' is present on page  using regular expression

2024-01-13 23:02:11 - [TEST_STEP][PASSED] - println("Emails Dont match text is present"): null

2024-01-13 23:02:11 - [TEST_STEP][PASSED] - out.println("Pass Record Number: " + row): null

2024-01-13 23:02:11 - [TEST_STEP][PASSED] - resText = "Pass": null

2024-01-13 23:02:11 - [TEST_STEP][PASSED] - pages.WriteExcel.demoKey(resText, datText, resColumn, datCloumn, fileLoc, nameSheet, row): pages.WriteExcel.demoKey is PASSED

2024-01-13 23:02:11 - [MESSAGE][PASSED] - pages.WriteExcel.demoKey is PASSED

2024-01-13 23:02:11 - [TEST_STEP][PASSED] - ExecuteTC = findTestData(dataFile).getValue("Execute", row): null

2024-01-13 23:02:11 - [TEST_STEP][PASSED] - Taxtype = findTestData(dataFile).getValue("TaxType", row): null

2024-01-13 23:02:11 - [TEST_STEP][PASSED] - Paymenttype = findTestData(dataFile).getValue("PaymentType", row): null

2024-01-13 23:02:11 - [TEST_STEP][PASSED] - out.println("Value of Execute is : " + ExecuteTC): null

2024-01-13 23:02:11 - [TEST_STEP][PASSED] - if (ExecuteTC.equalsIgnoreCase("Y")): null

2024-01-13 23:02:11 - [TEST_STEP][PASSED] - out.println("Begin Record Number: " + row): null

2024-01-13 23:02:11 - [TEST_STEP][PASSED] - today = new java.util.Date(): null

2024-01-13 23:02:11 - [TEST_STEP][PASSED] - println(today): null

2024-01-13 23:02:11 - [TEST_STEP][PASSED] - datText = today: null

2024-01-13 23:02:11 - [TEST_STEP][PASSED] - Taxtype = findTestData(dataFile).getValue("TaxType", row): null

2024-01-13 23:02:11 - [TEST_STEP][PASSED] - out.println("Taxtype value is : " + Taxtype): null

2024-01-13 23:02:11 - [TEST_STEP][PASSED] - openBrowser(""): Browser is opened with url: ''

2024-01-13 23:02:11 - [MESSAGE][WARNING] - A browser is already opened. Closing browser and opening a new one

2024-01-13 23:02:12 - [MESSAGE][INFO] - Starting 'Chrome' driver

2024-01-13 23:02:12 - [MESSAGE][INFO] - User set preference: ['acceptInsecureCerts', 'true']

2024-01-13 23:02:12 - [MESSAGE][INFO] - Action delay is set to 0 milliseconds

2024-01-13 23:02:13 - [MESSAGE][PASSED] - Browser is opened with url: ''

2024-01-13 23:02:13 - [TEST_STEP][PASSED] - maximizeWindow(): Current window maximized

2024-01-13 23:02:14 - [MESSAGE][PASSED] - Current window maximized

2024-01-13 23:02:14 - [TEST_STEP][PASSED] - navigateToUrl(RADurl): Navigate to 'https://qa2.velocitypayment.com/client/rad/index.html' successfully

2024-01-13 23:02:15 - [MESSAGE][PASSED] - Navigate to 'https://qa2.velocitypayment.com/client/rad/index.html' successfully

2024-01-13 23:02:15 - [TEST_STEP][PASSED] - orPath_Landing = "Object Repository/RAD_Pages/Landing_Page": null

2024-01-13 23:02:15 - [TEST_STEP][PASSED] - orPath_TaxTypeFilingYear = "Object Repository/RAD_Pages/TaxTypeFilingYear_Page": null

2024-01-13 23:02:15 - [TEST_STEP][PASSED] - orPath_TaxPayer = "Object Repository/RAD_Pages/Taxpayer_Page": null

2024-01-13 23:02:15 - [TEST_STEP][PASSED] - orPath_AddressContact = "Object Repository/RAD_Pages/AddressAndContactInfo_Page": null

2024-01-13 23:02:15 - [TEST_STEP][PASSED] - orPath_FilingStatus = "Object Repository/RAD_Pages/FilingStatus_Page": null

2024-01-13 23:02:15 - [TEST_STEP][PASSED] - orPath_Amount = "Object Repository/RAD_Pages/PaymentAmount_Page": null

2024-01-13 23:02:15 - [TEST_STEP][PASSED] - selectOptionByLabel(findTestObject(orPath_Landing + "/dd_TaxType"), Paymenttype, false): All options with label 'Existing Liability w/Notice Number' are selected in object 'Object Repository/RAD_Pages/Landing_Page/dd_TaxType' 

2024-01-13 23:02:16 - [MESSAGE][PASSED] - All options with label 'Existing Liability w/Notice Number' are selected in object 'Object Repository/RAD_Pages/Landing_Page/dd_TaxType' 

2024-01-13 23:02:16 - [TEST_STEP][PASSED] - delay(1): Delayed 1 second(s)

2024-01-13 23:02:17 - [MESSAGE][PASSED] - Delayed 1 second(s)

2024-01-13 23:02:17 - [TEST_STEP][PASSED] - switch (Paymenttype): null

2024-01-13 23:02:17 - [TEST_STEP][PASSED] - case "Existing Liability w/Notice Number":: null

2024-01-13 23:02:17 - [TEST_STEP][PASSED] - selectOptionByLabel(findTestObject(orPath_TaxTypeFilingYear + "/select_TaxType_ExistingLiability"), Taxtype, false): All options with label 'Tobacco Tax' are selected in object 'Object Repository/RAD_Pages/TaxTypeFilingYear_Page/select_TaxType_ExistingLiability' 

2024-01-13 23:02:17 - [MESSAGE][PASSED] - All options with label 'Tobacco Tax' are selected in object 'Object Repository/RAD_Pages/TaxTypeFilingYear_Page/select_TaxType_ExistingLiability' 

2024-01-13 23:02:17 - [TEST_STEP][PASSED] - break: null

2024-01-13 23:02:17 - [TEST_STEP][PASSED] - delay(1): Delayed 1 second(s)

2024-01-13 23:02:18 - [MESSAGE][PASSED] - Delayed 1 second(s)

2024-01-13 23:02:18 - [TEST_STEP][PASSED] - scrollToElement(findTestObject(orPath_Amount + "/input__paymentAmount"), 3): Scroll to object 'Object Repository/RAD_Pages/PaymentAmount_Page/input__paymentAmount' successfully

2024-01-13 23:02:19 - [MESSAGE][PASSED] - Scroll to object 'Object Repository/RAD_Pages/PaymentAmount_Page/input__paymentAmount' successfully

2024-01-13 23:02:19 - [TEST_STEP][PASSED] - setText(findTestObject(orPath_AddressContact + "/input_eMailAddress"), "imtiazster@gmail.com"): Text 'imtiazster@gmail.com' is set on object 'Object Repository/RAD_Pages/AddressAndContactInfo_Page/input_eMailAddress'

2024-01-13 23:02:19 - [MESSAGE][PASSED] - Text 'imtiazster@gmail.com' is set on object 'Object Repository/RAD_Pages/AddressAndContactInfo_Page/input_eMailAddress'

2024-01-13 23:02:19 - [TEST_STEP][PASSED] - setText(findTestObject(orPath_AddressContact + "/input_reEnterEMailAddress"), "iahmed@govolution.com"): Text 'iahmed@govolution.com' is set on object 'Object Repository/RAD_Pages/AddressAndContactInfo_Page/input_reEnterEMailAddress'

2024-01-13 23:02:20 - [MESSAGE][PASSED] - Text 'iahmed@govolution.com' is set on object 'Object Repository/RAD_Pages/AddressAndContactInfo_Page/input_reEnterEMailAddress'

2024-01-13 23:02:20 - [TEST_STEP][PASSED] - delay(2): Delayed 2 second(s)

2024-01-13 23:02:22 - [MESSAGE][PASSED] - Delayed 2 second(s)

2024-01-13 23:02:22 - [TEST_STEP][PASSED] - if (verifyTextPresent("The Email and Re-enter email do not match", true)): null

2024-01-13 23:02:23 - [MESSAGE][PASSED] - Text 'The Email and Re-enter email do not match' is present on page  using regular expression

2024-01-13 23:02:23 - [TEST_STEP][PASSED] - println("Emails Dont match text is present"): null

2024-01-13 23:02:23 - [TEST_STEP][PASSED] - out.println("Pass Record Number: " + row): null

2024-01-13 23:02:23 - [TEST_STEP][PASSED] - resText = "Pass": null

2024-01-13 23:02:23 - [TEST_STEP][PASSED] - pages.WriteExcel.demoKey(resText, datText, resColumn, datCloumn, fileLoc, nameSheet, row): pages.WriteExcel.demoKey is PASSED

2024-01-13 23:02:23 - [MESSAGE][PASSED] - pages.WriteExcel.demoKey is PASSED

2024-01-13 23:02:23 - [TEST_STEP][PASSED] - ExecuteTC = findTestData(dataFile).getValue("Execute", row): null

2024-01-13 23:02:23 - [TEST_STEP][PASSED] - Taxtype = findTestData(dataFile).getValue("TaxType", row): null

2024-01-13 23:02:23 - [TEST_STEP][PASSED] - Paymenttype = findTestData(dataFile).getValue("PaymentType", row): null

2024-01-13 23:02:23 - [TEST_STEP][PASSED] - out.println("Value of Execute is : " + ExecuteTC): null

2024-01-13 23:02:23 - [TEST_STEP][PASSED] - if (ExecuteTC.equalsIgnoreCase("Y")): null

2024-01-13 23:02:23 - [TEST_STEP][PASSED] - out.println("Begin Record Number: " + row): null

2024-01-13 23:02:23 - [TEST_STEP][PASSED] - today = new java.util.Date(): null

2024-01-13 23:02:23 - [TEST_STEP][PASSED] - println(today): null

2024-01-13 23:02:23 - [TEST_STEP][PASSED] - datText = today: null

2024-01-13 23:02:23 - [TEST_STEP][PASSED] - Taxtype = findTestData(dataFile).getValue("TaxType", row): null

2024-01-13 23:02:23 - [TEST_STEP][PASSED] - out.println("Taxtype value is : " + Taxtype): null

2024-01-13 23:02:23 - [TEST_STEP][PASSED] - openBrowser(""): Browser is opened with url: ''

2024-01-13 23:02:23 - [MESSAGE][WARNING] - A browser is already opened. Closing browser and opening a new one

2024-01-13 23:02:24 - [MESSAGE][INFO] - Starting 'Chrome' driver

2024-01-13 23:02:24 - [MESSAGE][INFO] - User set preference: ['acceptInsecureCerts', 'true']

2024-01-13 23:02:24 - [MESSAGE][INFO] - Action delay is set to 0 milliseconds

2024-01-13 23:02:25 - [MESSAGE][PASSED] - Browser is opened with url: ''

2024-01-13 23:02:25 - [TEST_STEP][PASSED] - maximizeWindow(): Current window maximized

2024-01-13 23:02:25 - [MESSAGE][PASSED] - Current window maximized

2024-01-13 23:02:25 - [TEST_STEP][PASSED] - navigateToUrl(RADurl): Navigate to 'https://qa2.velocitypayment.com/client/rad/index.html' successfully

2024-01-13 23:02:26 - [MESSAGE][PASSED] - Navigate to 'https://qa2.velocitypayment.com/client/rad/index.html' successfully

2024-01-13 23:02:26 - [TEST_STEP][PASSED] - orPath_Landing = "Object Repository/RAD_Pages/Landing_Page": null

2024-01-13 23:02:26 - [TEST_STEP][PASSED] - orPath_TaxTypeFilingYear = "Object Repository/RAD_Pages/TaxTypeFilingYear_Page": null

2024-01-13 23:02:26 - [TEST_STEP][PASSED] - orPath_TaxPayer = "Object Repository/RAD_Pages/Taxpayer_Page": null

2024-01-13 23:02:26 - [TEST_STEP][PASSED] - orPath_AddressContact = "Object Repository/RAD_Pages/AddressAndContactInfo_Page": null

2024-01-13 23:02:26 - [TEST_STEP][PASSED] - orPath_FilingStatus = "Object Repository/RAD_Pages/FilingStatus_Page": null

2024-01-13 23:02:26 - [TEST_STEP][PASSED] - orPath_Amount = "Object Repository/RAD_Pages/PaymentAmount_Page": null

2024-01-13 23:02:26 - [TEST_STEP][PASSED] - selectOptionByLabel(findTestObject(orPath_Landing + "/dd_TaxType"), Paymenttype, false): All options with label 'Existing Liability w/Notice Number' are selected in object 'Object Repository/RAD_Pages/Landing_Page/dd_TaxType' 

2024-01-13 23:02:28 - [MESSAGE][PASSED] - All options with label 'Existing Liability w/Notice Number' are selected in object 'Object Repository/RAD_Pages/Landing_Page/dd_TaxType' 

2024-01-13 23:02:28 - [TEST_STEP][PASSED] - delay(1): Delayed 1 second(s)

2024-01-13 23:02:29 - [MESSAGE][PASSED] - Delayed 1 second(s)

2024-01-13 23:02:29 - [TEST_STEP][PASSED] - switch (Paymenttype): null

2024-01-13 23:02:29 - [TEST_STEP][PASSED] - case "Existing Liability w/Notice Number":: null

2024-01-13 23:02:29 - [TEST_STEP][PASSED] - selectOptionByLabel(findTestObject(orPath_TaxTypeFilingYear + "/select_TaxType_ExistingLiability"), Taxtype, false): All options with label 'Transportation Network Services' are selected in object 'Object Repository/RAD_Pages/TaxTypeFilingYear_Page/select_TaxType_ExistingLiability' 

2024-01-13 23:02:29 - [MESSAGE][PASSED] - All options with label 'Transportation Network Services' are selected in object 'Object Repository/RAD_Pages/TaxTypeFilingYear_Page/select_TaxType_ExistingLiability' 

2024-01-13 23:02:29 - [TEST_STEP][PASSED] - break: null

2024-01-13 23:02:29 - [TEST_STEP][PASSED] - delay(1): Delayed 1 second(s)

2024-01-13 23:02:30 - [MESSAGE][PASSED] - Delayed 1 second(s)

2024-01-13 23:02:30 - [TEST_STEP][PASSED] - scrollToElement(findTestObject(orPath_Amount + "/input__paymentAmount"), 3): Scroll to object 'Object Repository/RAD_Pages/PaymentAmount_Page/input__paymentAmount' successfully

2024-01-13 23:02:30 - [MESSAGE][PASSED] - Scroll to object 'Object Repository/RAD_Pages/PaymentAmount_Page/input__paymentAmount' successfully

2024-01-13 23:02:30 - [TEST_STEP][PASSED] - setText(findTestObject(orPath_AddressContact + "/input_eMailAddress"), "imtiazster@gmail.com"): Text 'imtiazster@gmail.com' is set on object 'Object Repository/RAD_Pages/AddressAndContactInfo_Page/input_eMailAddress'

2024-01-13 23:02:31 - [MESSAGE][PASSED] - Text 'imtiazster@gmail.com' is set on object 'Object Repository/RAD_Pages/AddressAndContactInfo_Page/input_eMailAddress'

2024-01-13 23:02:31 - [TEST_STEP][PASSED] - setText(findTestObject(orPath_AddressContact + "/input_reEnterEMailAddress"), "iahmed@govolution.com"): Text 'iahmed@govolution.com' is set on object 'Object Repository/RAD_Pages/AddressAndContactInfo_Page/input_reEnterEMailAddress'

2024-01-13 23:02:32 - [MESSAGE][PASSED] - Text 'iahmed@govolution.com' is set on object 'Object Repository/RAD_Pages/AddressAndContactInfo_Page/input_reEnterEMailAddress'

2024-01-13 23:02:32 - [TEST_STEP][PASSED] - delay(2): Delayed 2 second(s)

2024-01-13 23:02:34 - [MESSAGE][PASSED] - Delayed 2 second(s)

2024-01-13 23:02:34 - [TEST_STEP][PASSED] - if (verifyTextPresent("The Email and Re-enter email do not match", true)): null

2024-01-13 23:02:35 - [MESSAGE][PASSED] - Text 'The Email and Re-enter email do not match' is present on page  using regular expression

2024-01-13 23:02:35 - [TEST_STEP][PASSED] - println("Emails Dont match text is present"): null

2024-01-13 23:02:35 - [TEST_STEP][PASSED] - out.println("Pass Record Number: " + row): null

2024-01-13 23:02:35 - [TEST_STEP][PASSED] - resText = "Pass": null

2024-01-13 23:02:35 - [TEST_STEP][PASSED] - pages.WriteExcel.demoKey(resText, datText, resColumn, datCloumn, fileLoc, nameSheet, row): pages.WriteExcel.demoKey is PASSED

2024-01-13 23:02:35 - [MESSAGE][PASSED] - pages.WriteExcel.demoKey is PASSED

2024-01-13 23:02:35 - [TEST_STEP][PASSED] - ExecuteTC = findTestData(dataFile).getValue("Execute", row): null

2024-01-13 23:02:35 - [TEST_STEP][PASSED] - Taxtype = findTestData(dataFile).getValue("TaxType", row): null

2024-01-13 23:02:35 - [TEST_STEP][PASSED] - Paymenttype = findTestData(dataFile).getValue("PaymentType", row): null

2024-01-13 23:02:35 - [TEST_STEP][PASSED] - out.println("Value of Execute is : " + ExecuteTC): null

2024-01-13 23:02:35 - [TEST_STEP][PASSED] - if (ExecuteTC.equalsIgnoreCase("Y")): null

2024-01-13 23:02:35 - [TEST_STEP][PASSED] - out.println("Begin Record Number: " + row): null

2024-01-13 23:02:35 - [TEST_STEP][PASSED] - today = new java.util.Date(): null

2024-01-13 23:02:35 - [TEST_STEP][PASSED] - println(today): null

2024-01-13 23:02:35 - [TEST_STEP][PASSED] - datText = today: null

2024-01-13 23:02:35 - [TEST_STEP][PASSED] - Taxtype = findTestData(dataFile).getValue("TaxType", row): null

2024-01-13 23:02:35 - [TEST_STEP][PASSED] - out.println("Taxtype value is : " + Taxtype): null

2024-01-13 23:02:35 - [TEST_STEP][PASSED] - openBrowser(""): Browser is opened with url: ''

2024-01-13 23:02:35 - [MESSAGE][WARNING] - A browser is already opened. Closing browser and opening a new one

2024-01-13 23:02:36 - [MESSAGE][INFO] - Starting 'Chrome' driver

2024-01-13 23:02:36 - [MESSAGE][INFO] - User set preference: ['acceptInsecureCerts', 'true']

2024-01-13 23:02:36 - [MESSAGE][INFO] - Action delay is set to 0 milliseconds

2024-01-13 23:02:37 - [MESSAGE][PASSED] - Browser is opened with url: ''

2024-01-13 23:02:37 - [TEST_STEP][PASSED] - maximizeWindow(): Current window maximized

2024-01-13 23:02:37 - [MESSAGE][PASSED] - Current window maximized

2024-01-13 23:02:37 - [TEST_STEP][PASSED] - navigateToUrl(RADurl): Navigate to 'https://qa2.velocitypayment.com/client/rad/index.html' successfully

2024-01-13 23:02:39 - [MESSAGE][PASSED] - Navigate to 'https://qa2.velocitypayment.com/client/rad/index.html' successfully

2024-01-13 23:02:39 - [TEST_STEP][PASSED] - orPath_Landing = "Object Repository/RAD_Pages/Landing_Page": null

2024-01-13 23:02:39 - [TEST_STEP][PASSED] - orPath_TaxTypeFilingYear = "Object Repository/RAD_Pages/TaxTypeFilingYear_Page": null

2024-01-13 23:02:39 - [TEST_STEP][PASSED] - orPath_TaxPayer = "Object Repository/RAD_Pages/Taxpayer_Page": null

2024-01-13 23:02:39 - [TEST_STEP][PASSED] - orPath_AddressContact = "Object Repository/RAD_Pages/AddressAndContactInfo_Page": null

2024-01-13 23:02:39 - [TEST_STEP][PASSED] - orPath_FilingStatus = "Object Repository/RAD_Pages/FilingStatus_Page": null

2024-01-13 23:02:39 - [TEST_STEP][PASSED] - orPath_Amount = "Object Repository/RAD_Pages/PaymentAmount_Page": null

2024-01-13 23:02:39 - [TEST_STEP][PASSED] - selectOptionByLabel(findTestObject(orPath_Landing + "/dd_TaxType"), Paymenttype, false): All options with label 'Existing Liability w/Notice Number' are selected in object 'Object Repository/RAD_Pages/Landing_Page/dd_TaxType' 

2024-01-13 23:02:40 - [MESSAGE][PASSED] - All options with label 'Existing Liability w/Notice Number' are selected in object 'Object Repository/RAD_Pages/Landing_Page/dd_TaxType' 

2024-01-13 23:02:40 - [TEST_STEP][PASSED] - delay(1): Delayed 1 second(s)

2024-01-13 23:02:41 - [MESSAGE][PASSED] - Delayed 1 second(s)

2024-01-13 23:02:41 - [TEST_STEP][PASSED] - switch (Paymenttype): null

2024-01-13 23:02:41 - [TEST_STEP][PASSED] - case "Existing Liability w/Notice Number":: null

2024-01-13 23:02:41 - [TEST_STEP][PASSED] - selectOptionByLabel(findTestObject(orPath_TaxTypeFilingYear + "/select_TaxType_ExistingLiability"), Taxtype, false): All options with label 'Unclaimed Property' are selected in object 'Object Repository/RAD_Pages/TaxTypeFilingYear_Page/select_TaxType_ExistingLiability' 

2024-01-13 23:02:41 - [MESSAGE][PASSED] - All options with label 'Unclaimed Property' are selected in object 'Object Repository/RAD_Pages/TaxTypeFilingYear_Page/select_TaxType_ExistingLiability' 

2024-01-13 23:02:41 - [TEST_STEP][PASSED] - break: null

2024-01-13 23:02:41 - [TEST_STEP][PASSED] - delay(1): Delayed 1 second(s)

2024-01-13 23:02:42 - [MESSAGE][PASSED] - Delayed 1 second(s)

2024-01-13 23:02:42 - [TEST_STEP][PASSED] - scrollToElement(findTestObject(orPath_Amount + "/input__paymentAmount"), 3): Scroll to object 'Object Repository/RAD_Pages/PaymentAmount_Page/input__paymentAmount' successfully

2024-01-13 23:02:42 - [MESSAGE][PASSED] - Scroll to object 'Object Repository/RAD_Pages/PaymentAmount_Page/input__paymentAmount' successfully

2024-01-13 23:02:42 - [TEST_STEP][PASSED] - setText(findTestObject(orPath_AddressContact + "/input_eMailAddress"), "imtiazster@gmail.com"): Text 'imtiazster@gmail.com' is set on object 'Object Repository/RAD_Pages/AddressAndContactInfo_Page/input_eMailAddress'

2024-01-13 23:02:43 - [MESSAGE][PASSED] - Text 'imtiazster@gmail.com' is set on object 'Object Repository/RAD_Pages/AddressAndContactInfo_Page/input_eMailAddress'

2024-01-13 23:02:43 - [TEST_STEP][PASSED] - setText(findTestObject(orPath_AddressContact + "/input_reEnterEMailAddress"), "iahmed@govolution.com"): Text 'iahmed@govolution.com' is set on object 'Object Repository/RAD_Pages/AddressAndContactInfo_Page/input_reEnterEMailAddress'

2024-01-13 23:02:44 - [MESSAGE][PASSED] - Text 'iahmed@govolution.com' is set on object 'Object Repository/RAD_Pages/AddressAndContactInfo_Page/input_reEnterEMailAddress'

2024-01-13 23:02:44 - [TEST_STEP][PASSED] - delay(2): Delayed 2 second(s)

2024-01-13 23:02:46 - [MESSAGE][PASSED] - Delayed 2 second(s)

2024-01-13 23:02:46 - [TEST_STEP][PASSED] - if (verifyTextPresent("The Email and Re-enter email do not match", true)): null

2024-01-13 23:02:46 - [MESSAGE][PASSED] - Text 'The Email and Re-enter email do not match' is present on page  using regular expression

2024-01-13 23:02:46 - [TEST_STEP][PASSED] - println("Emails Dont match text is present"): null

2024-01-13 23:02:46 - [TEST_STEP][PASSED] - out.println("Pass Record Number: " + row): null

2024-01-13 23:02:46 - [TEST_STEP][PASSED] - resText = "Pass": null

2024-01-13 23:02:46 - [TEST_STEP][PASSED] - pages.WriteExcel.demoKey(resText, datText, resColumn, datCloumn, fileLoc, nameSheet, row): pages.WriteExcel.demoKey is PASSED

2024-01-13 23:02:47 - [MESSAGE][PASSED] - pages.WriteExcel.demoKey is PASSED

2024-01-13 23:02:47 - [TEST_STEP][PASSED] - ExecuteTC = findTestData(dataFile).getValue("Execute", row): null

2024-01-13 23:02:47 - [TEST_STEP][PASSED] - Taxtype = findTestData(dataFile).getValue("TaxType", row): null

2024-01-13 23:02:47 - [TEST_STEP][PASSED] - Paymenttype = findTestData(dataFile).getValue("PaymentType", row): null

2024-01-13 23:02:47 - [TEST_STEP][PASSED] - out.println("Value of Execute is : " + ExecuteTC): null

2024-01-13 23:02:47 - [TEST_STEP][PASSED] - if (ExecuteTC.equalsIgnoreCase("Y")): null

2024-01-13 23:02:47 - [TEST_STEP][PASSED] - out.println("Begin Record Number: " + row): null

2024-01-13 23:02:47 - [TEST_STEP][PASSED] - today = new java.util.Date(): null

2024-01-13 23:02:47 - [TEST_STEP][PASSED] - println(today): null

2024-01-13 23:02:47 - [TEST_STEP][PASSED] - datText = today: null

2024-01-13 23:02:47 - [TEST_STEP][PASSED] - Taxtype = findTestData(dataFile).getValue("TaxType", row): null

2024-01-13 23:02:47 - [TEST_STEP][PASSED] - out.println("Taxtype value is : " + Taxtype): null

2024-01-13 23:02:47 - [TEST_STEP][PASSED] - openBrowser(""): Browser is opened with url: ''

2024-01-13 23:02:47 - [MESSAGE][WARNING] - A browser is already opened. Closing browser and opening a new one

2024-01-13 23:02:48 - [MESSAGE][INFO] - Starting 'Chrome' driver

2024-01-13 23:02:48 - [MESSAGE][INFO] - User set preference: ['acceptInsecureCerts', 'true']

2024-01-13 23:02:48 - [MESSAGE][INFO] - Action delay is set to 0 milliseconds

2024-01-13 23:02:49 - [MESSAGE][PASSED] - Browser is opened with url: ''

2024-01-13 23:02:49 - [TEST_STEP][PASSED] - maximizeWindow(): Current window maximized

2024-01-13 23:02:49 - [MESSAGE][PASSED] - Current window maximized

2024-01-13 23:02:49 - [TEST_STEP][PASSED] - navigateToUrl(RADurl): Navigate to 'https://qa2.velocitypayment.com/client/rad/index.html' successfully

2024-01-13 23:02:50 - [MESSAGE][PASSED] - Navigate to 'https://qa2.velocitypayment.com/client/rad/index.html' successfully

2024-01-13 23:02:50 - [TEST_STEP][PASSED] - orPath_Landing = "Object Repository/RAD_Pages/Landing_Page": null

2024-01-13 23:02:50 - [TEST_STEP][PASSED] - orPath_TaxTypeFilingYear = "Object Repository/RAD_Pages/TaxTypeFilingYear_Page": null

2024-01-13 23:02:50 - [TEST_STEP][PASSED] - orPath_TaxPayer = "Object Repository/RAD_Pages/Taxpayer_Page": null

2024-01-13 23:02:50 - [TEST_STEP][PASSED] - orPath_AddressContact = "Object Repository/RAD_Pages/AddressAndContactInfo_Page": null

2024-01-13 23:02:50 - [TEST_STEP][PASSED] - orPath_FilingStatus = "Object Repository/RAD_Pages/FilingStatus_Page": null

2024-01-13 23:02:50 - [TEST_STEP][PASSED] - orPath_Amount = "Object Repository/RAD_Pages/PaymentAmount_Page": null

2024-01-13 23:02:50 - [TEST_STEP][PASSED] - selectOptionByLabel(findTestObject(orPath_Landing + "/dd_TaxType"), Paymenttype, false): All options with label 'Existing Liability w/Notice Number' are selected in object 'Object Repository/RAD_Pages/Landing_Page/dd_TaxType' 

2024-01-13 23:02:51 - [MESSAGE][PASSED] - All options with label 'Existing Liability w/Notice Number' are selected in object 'Object Repository/RAD_Pages/Landing_Page/dd_TaxType' 

2024-01-13 23:02:51 - [TEST_STEP][PASSED] - delay(1): Delayed 1 second(s)

2024-01-13 23:02:52 - [MESSAGE][PASSED] - Delayed 1 second(s)

2024-01-13 23:02:52 - [TEST_STEP][PASSED] - switch (Paymenttype): null

2024-01-13 23:02:52 - [TEST_STEP][PASSED] - case "Existing Liability w/Notice Number":: null

2024-01-13 23:02:52 - [TEST_STEP][PASSED] - selectOptionByLabel(findTestObject(orPath_TaxTypeFilingYear + "/select_TaxType_ExistingLiability"), Taxtype, false): All options with label 'IFTA Tax' are selected in object 'Object Repository/RAD_Pages/TaxTypeFilingYear_Page/select_TaxType_ExistingLiability' 

2024-01-13 23:02:53 - [MESSAGE][PASSED] - All options with label 'IFTA Tax' are selected in object 'Object Repository/RAD_Pages/TaxTypeFilingYear_Page/select_TaxType_ExistingLiability' 

2024-01-13 23:02:53 - [TEST_STEP][PASSED] - break: null

2024-01-13 23:02:53 - [TEST_STEP][PASSED] - delay(1): Delayed 1 second(s)

2024-01-13 23:02:54 - [MESSAGE][PASSED] - Delayed 1 second(s)

2024-01-13 23:02:54 - [TEST_STEP][PASSED] - scrollToElement(findTestObject(orPath_Amount + "/input__paymentAmount"), 3): Scroll to object 'Object Repository/RAD_Pages/PaymentAmount_Page/input__paymentAmount' successfully

2024-01-13 23:02:54 - [MESSAGE][PASSED] - Scroll to object 'Object Repository/RAD_Pages/PaymentAmount_Page/input__paymentAmount' successfully

2024-01-13 23:02:54 - [TEST_STEP][PASSED] - setText(findTestObject(orPath_AddressContact + "/input_eMailAddress"), "imtiazster@gmail.com"): Text 'imtiazster@gmail.com' is set on object 'Object Repository/RAD_Pages/AddressAndContactInfo_Page/input_eMailAddress'

2024-01-13 23:02:55 - [MESSAGE][PASSED] - Text 'imtiazster@gmail.com' is set on object 'Object Repository/RAD_Pages/AddressAndContactInfo_Page/input_eMailAddress'

2024-01-13 23:02:55 - [TEST_STEP][PASSED] - setText(findTestObject(orPath_AddressContact + "/input_reEnterEMailAddress"), "iahmed@govolution.com"): Text 'iahmed@govolution.com' is set on object 'Object Repository/RAD_Pages/AddressAndContactInfo_Page/input_reEnterEMailAddress'

2024-01-13 23:02:56 - [MESSAGE][PASSED] - Text 'iahmed@govolution.com' is set on object 'Object Repository/RAD_Pages/AddressAndContactInfo_Page/input_reEnterEMailAddress'

2024-01-13 23:02:56 - [TEST_STEP][PASSED] - delay(2): Delayed 2 second(s)

2024-01-13 23:02:58 - [MESSAGE][PASSED] - Delayed 2 second(s)

2024-01-13 23:02:58 - [TEST_STEP][PASSED] - if (verifyTextPresent("The Email and Re-enter email do not match", true)): null

2024-01-13 23:02:58 - [MESSAGE][PASSED] - Text 'The Email and Re-enter email do not match' is present on page  using regular expression

2024-01-13 23:02:58 - [TEST_STEP][PASSED] - println("Emails Dont match text is present"): null

2024-01-13 23:02:58 - [TEST_STEP][PASSED] - out.println("Pass Record Number: " + row): null

2024-01-13 23:02:58 - [TEST_STEP][PASSED] - resText = "Pass": null

2024-01-13 23:02:58 - [TEST_STEP][PASSED] - pages.WriteExcel.demoKey(resText, datText, resColumn, datCloumn, fileLoc, nameSheet, row): pages.WriteExcel.demoKey is PASSED

2024-01-13 23:02:58 - [MESSAGE][PASSED] - pages.WriteExcel.demoKey is PASSED

2024-01-13 23:02:58 - [TEST_STEP][PASSED] - ExecuteTC = findTestData(dataFile).getValue("Execute", row): null

2024-01-13 23:02:58 - [TEST_STEP][PASSED] - Taxtype = findTestData(dataFile).getValue("TaxType", row): null

2024-01-13 23:02:59 - [TEST_STEP][PASSED] - Paymenttype = findTestData(dataFile).getValue("PaymentType", row): null

2024-01-13 23:02:59 - [TEST_STEP][PASSED] - out.println("Value of Execute is : " + ExecuteTC): null

2024-01-13 23:02:59 - [TEST_STEP][PASSED] - if (ExecuteTC.equalsIgnoreCase("Y")): null

2024-01-13 23:02:59 - [TEST_STEP][PASSED] - out.println("Begin Record Number: " + row): null

2024-01-13 23:02:59 - [TEST_STEP][PASSED] - today = new java.util.Date(): null

2024-01-13 23:02:59 - [TEST_STEP][PASSED] - println(today): null

2024-01-13 23:02:59 - [TEST_STEP][PASSED] - datText = today: null

2024-01-13 23:02:59 - [TEST_STEP][PASSED] - Taxtype = findTestData(dataFile).getValue("TaxType", row): null

2024-01-13 23:02:59 - [TEST_STEP][PASSED] - out.println("Taxtype value is : " + Taxtype): null

2024-01-13 23:02:59 - [TEST_STEP][PASSED] - openBrowser(""): Browser is opened with url: ''

2024-01-13 23:02:59 - [MESSAGE][WARNING] - A browser is already opened. Closing browser and opening a new one

2024-01-13 23:03:00 - [MESSAGE][INFO] - Starting 'Chrome' driver

2024-01-13 23:03:00 - [MESSAGE][INFO] - User set preference: ['acceptInsecureCerts', 'true']

2024-01-13 23:03:00 - [MESSAGE][INFO] - Action delay is set to 0 milliseconds

2024-01-13 23:03:01 - [MESSAGE][PASSED] - Browser is opened with url: ''

2024-01-13 23:03:01 - [TEST_STEP][PASSED] - maximizeWindow(): Current window maximized

2024-01-13 23:03:01 - [MESSAGE][PASSED] - Current window maximized

2024-01-13 23:03:01 - [TEST_STEP][PASSED] - navigateToUrl(RADurl): Navigate to 'https://qa2.velocitypayment.com/client/rad/index.html' successfully

2024-01-13 23:03:03 - [MESSAGE][PASSED] - Navigate to 'https://qa2.velocitypayment.com/client/rad/index.html' successfully

2024-01-13 23:03:03 - [TEST_STEP][PASSED] - orPath_Landing = "Object Repository/RAD_Pages/Landing_Page": null

2024-01-13 23:03:03 - [TEST_STEP][PASSED] - orPath_TaxTypeFilingYear = "Object Repository/RAD_Pages/TaxTypeFilingYear_Page": null

2024-01-13 23:03:03 - [TEST_STEP][PASSED] - orPath_TaxPayer = "Object Repository/RAD_Pages/Taxpayer_Page": null

2024-01-13 23:03:03 - [TEST_STEP][PASSED] - orPath_AddressContact = "Object Repository/RAD_Pages/AddressAndContactInfo_Page": null

2024-01-13 23:03:03 - [TEST_STEP][PASSED] - orPath_FilingStatus = "Object Repository/RAD_Pages/FilingStatus_Page": null

2024-01-13 23:03:03 - [TEST_STEP][PASSED] - orPath_Amount = "Object Repository/RAD_Pages/PaymentAmount_Page": null

2024-01-13 23:03:03 - [TEST_STEP][PASSED] - selectOptionByLabel(findTestObject(orPath_Landing + "/dd_TaxType"), Paymenttype, false): All options with label 'New Tax Return Amount Due' are selected in object 'Object Repository/RAD_Pages/Landing_Page/dd_TaxType' 

2024-01-13 23:03:03 - [MESSAGE][PASSED] - All options with label 'New Tax Return Amount Due' are selected in object 'Object Repository/RAD_Pages/Landing_Page/dd_TaxType' 

2024-01-13 23:03:03 - [TEST_STEP][PASSED] - delay(1): Delayed 1 second(s)

2024-01-13 23:03:04 - [MESSAGE][PASSED] - Delayed 1 second(s)

2024-01-13 23:03:04 - [TEST_STEP][PASSED] - switch (Paymenttype): null

2024-01-13 23:03:04 - [TEST_STEP][PASSED] - case "New Tax Return Amount Due":: null

2024-01-13 23:03:04 - [TEST_STEP][PASSED] - selectOptionByLabel(findTestObject("Object Repository/RAD_Pages/Landing_Page/select_NewTaxReturnAmountDue_TaxType"), Taxtype, false): All options with label 'Admissions and Amusement Tax' are selected in object 'Object Repository/RAD_Pages/Landing_Page/select_NewTaxReturnAmountDue_TaxType' 

2024-01-13 23:03:05 - [MESSAGE][PASSED] - All options with label 'Admissions and Amusement Tax' are selected in object 'Object Repository/RAD_Pages/Landing_Page/select_NewTaxReturnAmountDue_TaxType' 

2024-01-13 23:03:05 - [TEST_STEP][PASSED] - break: null

2024-01-13 23:03:05 - [TEST_STEP][PASSED] - delay(1): Delayed 1 second(s)

2024-01-13 23:03:06 - [MESSAGE][PASSED] - Delayed 1 second(s)

2024-01-13 23:03:06 - [TEST_STEP][PASSED] - scrollToElement(findTestObject(orPath_Amount + "/input__paymentAmount"), 3): Scroll to object 'Object Repository/RAD_Pages/PaymentAmount_Page/input__paymentAmount' successfully

2024-01-13 23:03:06 - [MESSAGE][PASSED] - Scroll to object 'Object Repository/RAD_Pages/PaymentAmount_Page/input__paymentAmount' successfully

2024-01-13 23:03:06 - [TEST_STEP][PASSED] - setText(findTestObject(orPath_AddressContact + "/input_eMailAddress"), "imtiazster@gmail.com"): Text 'imtiazster@gmail.com' is set on object 'Object Repository/RAD_Pages/AddressAndContactInfo_Page/input_eMailAddress'

2024-01-13 23:03:07 - [MESSAGE][PASSED] - Text 'imtiazster@gmail.com' is set on object 'Object Repository/RAD_Pages/AddressAndContactInfo_Page/input_eMailAddress'

2024-01-13 23:03:07 - [TEST_STEP][PASSED] - setText(findTestObject(orPath_AddressContact + "/input_reEnterEMailAddress"), "iahmed@govolution.com"): Text 'iahmed@govolution.com' is set on object 'Object Repository/RAD_Pages/AddressAndContactInfo_Page/input_reEnterEMailAddress'

2024-01-13 23:03:08 - [MESSAGE][PASSED] - Text 'iahmed@govolution.com' is set on object 'Object Repository/RAD_Pages/AddressAndContactInfo_Page/input_reEnterEMailAddress'

2024-01-13 23:03:08 - [TEST_STEP][PASSED] - delay(2): Delayed 2 second(s)

2024-01-13 23:03:10 - [MESSAGE][PASSED] - Delayed 2 second(s)

2024-01-13 23:03:10 - [TEST_STEP][PASSED] - if (verifyTextPresent("The Email and Re-enter email do not match", true)): null

2024-01-13 23:03:10 - [MESSAGE][PASSED] - Text 'The Email and Re-enter email do not match' is present on page  using regular expression

2024-01-13 23:03:10 - [TEST_STEP][PASSED] - println("Emails Dont match text is present"): null

2024-01-13 23:03:10 - [TEST_STEP][PASSED] - out.println("Pass Record Number: " + row): null

2024-01-13 23:03:10 - [TEST_STEP][PASSED] - resText = "Pass": null

2024-01-13 23:03:10 - [TEST_STEP][PASSED] - pages.WriteExcel.demoKey(resText, datText, resColumn, datCloumn, fileLoc, nameSheet, row): pages.WriteExcel.demoKey is PASSED

2024-01-13 23:03:10 - [MESSAGE][PASSED] - pages.WriteExcel.demoKey is PASSED

2024-01-13 23:03:10 - [TEST_STEP][PASSED] - ExecuteTC = findTestData(dataFile).getValue("Execute", row): null

2024-01-13 23:03:10 - [TEST_STEP][PASSED] - Taxtype = findTestData(dataFile).getValue("TaxType", row): null

2024-01-13 23:03:11 - [TEST_STEP][PASSED] - Paymenttype = findTestData(dataFile).getValue("PaymentType", row): null

2024-01-13 23:03:11 - [TEST_STEP][PASSED] - out.println("Value of Execute is : " + ExecuteTC): null

2024-01-13 23:03:11 - [TEST_STEP][PASSED] - if (ExecuteTC.equalsIgnoreCase("Y")): null

2024-01-13 23:03:11 - [TEST_STEP][PASSED] - out.println("Begin Record Number: " + row): null

2024-01-13 23:03:11 - [TEST_STEP][PASSED] - today = new java.util.Date(): null

2024-01-13 23:03:11 - [TEST_STEP][PASSED] - println(today): null

2024-01-13 23:03:11 - [TEST_STEP][PASSED] - datText = today: null

2024-01-13 23:03:11 - [TEST_STEP][PASSED] - Taxtype = findTestData(dataFile).getValue("TaxType", row): null

2024-01-13 23:03:11 - [TEST_STEP][PASSED] - out.println("Taxtype value is : " + Taxtype): null

2024-01-13 23:03:11 - [TEST_STEP][PASSED] - openBrowser(""): Browser is opened with url: ''

2024-01-13 23:03:11 - [MESSAGE][WARNING] - A browser is already opened. Closing browser and opening a new one

2024-01-13 23:03:12 - [MESSAGE][INFO] - Starting 'Chrome' driver

2024-01-13 23:03:12 - [MESSAGE][INFO] - User set preference: ['acceptInsecureCerts', 'true']

2024-01-13 23:03:12 - [MESSAGE][INFO] - Action delay is set to 0 milliseconds

2024-01-13 23:03:13 - [MESSAGE][PASSED] - Browser is opened with url: ''

2024-01-13 23:03:13 - [TEST_STEP][PASSED] - maximizeWindow(): Current window maximized

2024-01-13 23:03:13 - [MESSAGE][PASSED] - Current window maximized

2024-01-13 23:03:13 - [TEST_STEP][PASSED] - navigateToUrl(RADurl): Navigate to 'https://qa2.velocitypayment.com/client/rad/index.html' successfully

2024-01-13 23:03:15 - [MESSAGE][PASSED] - Navigate to 'https://qa2.velocitypayment.com/client/rad/index.html' successfully

2024-01-13 23:03:15 - [TEST_STEP][PASSED] - orPath_Landing = "Object Repository/RAD_Pages/Landing_Page": null

2024-01-13 23:03:15 - [TEST_STEP][PASSED] - orPath_TaxTypeFilingYear = "Object Repository/RAD_Pages/TaxTypeFilingYear_Page": null

2024-01-13 23:03:15 - [TEST_STEP][PASSED] - orPath_TaxPayer = "Object Repository/RAD_Pages/Taxpayer_Page": null

2024-01-13 23:03:15 - [TEST_STEP][PASSED] - orPath_AddressContact = "Object Repository/RAD_Pages/AddressAndContactInfo_Page": null

2024-01-13 23:03:15 - [TEST_STEP][PASSED] - orPath_FilingStatus = "Object Repository/RAD_Pages/FilingStatus_Page": null

2024-01-13 23:03:15 - [TEST_STEP][PASSED] - orPath_Amount = "Object Repository/RAD_Pages/PaymentAmount_Page": null

2024-01-13 23:03:15 - [TEST_STEP][PASSED] - selectOptionByLabel(findTestObject(orPath_Landing + "/dd_TaxType"), Paymenttype, false): All options with label 'New Tax Return Amount Due' are selected in object 'Object Repository/RAD_Pages/Landing_Page/dd_TaxType' 

2024-01-13 23:03:15 - [MESSAGE][PASSED] - All options with label 'New Tax Return Amount Due' are selected in object 'Object Repository/RAD_Pages/Landing_Page/dd_TaxType' 

2024-01-13 23:03:15 - [TEST_STEP][PASSED] - delay(1): Delayed 1 second(s)

2024-01-13 23:03:16 - [MESSAGE][PASSED] - Delayed 1 second(s)

2024-01-13 23:03:16 - [TEST_STEP][PASSED] - switch (Paymenttype): null

2024-01-13 23:03:16 - [TEST_STEP][PASSED] - case "New Tax Return Amount Due":: null

2024-01-13 23:03:16 - [TEST_STEP][PASSED] - selectOptionByLabel(findTestObject("Object Repository/RAD_Pages/Landing_Page/select_NewTaxReturnAmountDue_TaxType"), Taxtype, false): All options with label 'Alcohol Tax' are selected in object 'Object Repository/RAD_Pages/Landing_Page/select_NewTaxReturnAmountDue_TaxType' 

2024-01-13 23:03:17 - [MESSAGE][PASSED] - All options with label 'Alcohol Tax' are selected in object 'Object Repository/RAD_Pages/Landing_Page/select_NewTaxReturnAmountDue_TaxType' 

2024-01-13 23:03:17 - [TEST_STEP][PASSED] - break: null

2024-01-13 23:03:17 - [TEST_STEP][PASSED] - delay(1): Delayed 1 second(s)

2024-01-13 23:03:18 - [MESSAGE][PASSED] - Delayed 1 second(s)

2024-01-13 23:03:18 - [TEST_STEP][PASSED] - scrollToElement(findTestObject(orPath_Amount + "/input__paymentAmount"), 3): Scroll to object 'Object Repository/RAD_Pages/PaymentAmount_Page/input__paymentAmount' successfully

2024-01-13 23:03:18 - [MESSAGE][PASSED] - Scroll to object 'Object Repository/RAD_Pages/PaymentAmount_Page/input__paymentAmount' successfully

2024-01-13 23:03:18 - [TEST_STEP][PASSED] - setText(findTestObject(orPath_AddressContact + "/input_eMailAddress"), "imtiazster@gmail.com"): Text 'imtiazster@gmail.com' is set on object 'Object Repository/RAD_Pages/AddressAndContactInfo_Page/input_eMailAddress'

2024-01-13 23:03:19 - [MESSAGE][PASSED] - Text 'imtiazster@gmail.com' is set on object 'Object Repository/RAD_Pages/AddressAndContactInfo_Page/input_eMailAddress'

2024-01-13 23:03:19 - [TEST_STEP][PASSED] - setText(findTestObject(orPath_AddressContact + "/input_reEnterEMailAddress"), "iahmed@govolution.com"): Text 'iahmed@govolution.com' is set on object 'Object Repository/RAD_Pages/AddressAndContactInfo_Page/input_reEnterEMailAddress'

2024-01-13 23:03:20 - [MESSAGE][PASSED] - Text 'iahmed@govolution.com' is set on object 'Object Repository/RAD_Pages/AddressAndContactInfo_Page/input_reEnterEMailAddress'

2024-01-13 23:03:20 - [TEST_STEP][PASSED] - delay(2): Delayed 2 second(s)

2024-01-13 23:03:22 - [MESSAGE][PASSED] - Delayed 2 second(s)

2024-01-13 23:03:22 - [TEST_STEP][PASSED] - if (verifyTextPresent("The Email and Re-enter email do not match", true)): null

2024-01-13 23:03:22 - [MESSAGE][PASSED] - Text 'The Email and Re-enter email do not match' is present on page  using regular expression

2024-01-13 23:03:22 - [TEST_STEP][PASSED] - println("Emails Dont match text is present"): null

2024-01-13 23:03:22 - [TEST_STEP][PASSED] - out.println("Pass Record Number: " + row): null

2024-01-13 23:03:22 - [TEST_STEP][PASSED] - resText = "Pass": null

2024-01-13 23:03:22 - [TEST_STEP][PASSED] - pages.WriteExcel.demoKey(resText, datText, resColumn, datCloumn, fileLoc, nameSheet, row): pages.WriteExcel.demoKey is PASSED

2024-01-13 23:03:22 - [MESSAGE][PASSED] - pages.WriteExcel.demoKey is PASSED

2024-01-13 23:03:22 - [TEST_STEP][PASSED] - ExecuteTC = findTestData(dataFile).getValue("Execute", row): null

2024-01-13 23:03:22 - [TEST_STEP][PASSED] - Taxtype = findTestData(dataFile).getValue("TaxType", row): null

2024-01-13 23:03:22 - [TEST_STEP][PASSED] - Paymenttype = findTestData(dataFile).getValue("PaymentType", row): null

2024-01-13 23:03:23 - [TEST_STEP][PASSED] - out.println("Value of Execute is : " + ExecuteTC): null

2024-01-13 23:03:23 - [TEST_STEP][PASSED] - if (ExecuteTC.equalsIgnoreCase("Y")): null

2024-01-13 23:03:23 - [TEST_STEP][PASSED] - out.println("Begin Record Number: " + row): null

2024-01-13 23:03:23 - [TEST_STEP][PASSED] - today = new java.util.Date(): null

2024-01-13 23:03:23 - [TEST_STEP][PASSED] - println(today): null

2024-01-13 23:03:23 - [TEST_STEP][PASSED] - datText = today: null

2024-01-13 23:03:23 - [TEST_STEP][PASSED] - Taxtype = findTestData(dataFile).getValue("TaxType", row): null

2024-01-13 23:03:23 - [TEST_STEP][PASSED] - out.println("Taxtype value is : " + Taxtype): null

2024-01-13 23:03:23 - [TEST_STEP][PASSED] - openBrowser(""): Browser is opened with url: ''

2024-01-13 23:03:23 - [MESSAGE][WARNING] - A browser is already opened. Closing browser and opening a new one

2024-01-13 23:03:23 - [MESSAGE][INFO] - Starting 'Chrome' driver

2024-01-13 23:03:23 - [MESSAGE][INFO] - User set preference: ['acceptInsecureCerts', 'true']

2024-01-13 23:03:23 - [MESSAGE][INFO] - Action delay is set to 0 milliseconds

2024-01-13 23:03:25 - [MESSAGE][PASSED] - Browser is opened with url: ''

2024-01-13 23:03:25 - [TEST_STEP][PASSED] - maximizeWindow(): Current window maximized

2024-01-13 23:03:25 - [MESSAGE][PASSED] - Current window maximized

2024-01-13 23:03:25 - [TEST_STEP][PASSED] - navigateToUrl(RADurl): Navigate to 'https://qa2.velocitypayment.com/client/rad/index.html' successfully

2024-01-13 23:03:27 - [MESSAGE][PASSED] - Navigate to 'https://qa2.velocitypayment.com/client/rad/index.html' successfully

2024-01-13 23:03:27 - [TEST_STEP][PASSED] - orPath_Landing = "Object Repository/RAD_Pages/Landing_Page": null

2024-01-13 23:03:27 - [TEST_STEP][PASSED] - orPath_TaxTypeFilingYear = "Object Repository/RAD_Pages/TaxTypeFilingYear_Page": null

2024-01-13 23:03:27 - [TEST_STEP][PASSED] - orPath_TaxPayer = "Object Repository/RAD_Pages/Taxpayer_Page": null

2024-01-13 23:03:27 - [TEST_STEP][PASSED] - orPath_AddressContact = "Object Repository/RAD_Pages/AddressAndContactInfo_Page": null

2024-01-13 23:03:27 - [TEST_STEP][PASSED] - orPath_FilingStatus = "Object Repository/RAD_Pages/FilingStatus_Page": null

2024-01-13 23:03:27 - [TEST_STEP][PASSED] - orPath_Amount = "Object Repository/RAD_Pages/PaymentAmount_Page": null

2024-01-13 23:03:27 - [TEST_STEP][PASSED] - selectOptionByLabel(findTestObject(orPath_Landing + "/dd_TaxType"), Paymenttype, false): All options with label 'New Tax Return Amount Due' are selected in object 'Object Repository/RAD_Pages/Landing_Page/dd_TaxType' 

2024-01-13 23:03:27 - [MESSAGE][PASSED] - All options with label 'New Tax Return Amount Due' are selected in object 'Object Repository/RAD_Pages/Landing_Page/dd_TaxType' 

2024-01-13 23:03:27 - [TEST_STEP][PASSED] - delay(1): Delayed 1 second(s)

2024-01-13 23:03:28 - [MESSAGE][PASSED] - Delayed 1 second(s)

2024-01-13 23:03:28 - [TEST_STEP][PASSED] - switch (Paymenttype): null

2024-01-13 23:03:28 - [TEST_STEP][PASSED] - case "New Tax Return Amount Due":: null

2024-01-13 23:03:28 - [TEST_STEP][PASSED] - selectOptionByLabel(findTestObject("Object Repository/RAD_Pages/Landing_Page/select_NewTaxReturnAmountDue_TaxType"), Taxtype, false): All options with label 'Bay Restoration Fee' are selected in object 'Object Repository/RAD_Pages/Landing_Page/select_NewTaxReturnAmountDue_TaxType' 

2024-01-13 23:03:29 - [MESSAGE][PASSED] - All options with label 'Bay Restoration Fee' are selected in object 'Object Repository/RAD_Pages/Landing_Page/select_NewTaxReturnAmountDue_TaxType' 

2024-01-13 23:03:29 - [TEST_STEP][PASSED] - break: null

2024-01-13 23:03:29 - [TEST_STEP][PASSED] - delay(1): Delayed 1 second(s)

2024-01-13 23:03:30 - [MESSAGE][PASSED] - Delayed 1 second(s)

2024-01-13 23:03:30 - [TEST_STEP][PASSED] - scrollToElement(findTestObject(orPath_Amount + "/input__paymentAmount"), 3): Scroll to object 'Object Repository/RAD_Pages/PaymentAmount_Page/input__paymentAmount' successfully

2024-01-13 23:03:30 - [MESSAGE][PASSED] - Scroll to object 'Object Repository/RAD_Pages/PaymentAmount_Page/input__paymentAmount' successfully

2024-01-13 23:03:30 - [TEST_STEP][PASSED] - setText(findTestObject(orPath_AddressContact + "/input_eMailAddress"), "imtiazster@gmail.com"): Text 'imtiazster@gmail.com' is set on object 'Object Repository/RAD_Pages/AddressAndContactInfo_Page/input_eMailAddress'

2024-01-13 23:03:31 - [MESSAGE][PASSED] - Text 'imtiazster@gmail.com' is set on object 'Object Repository/RAD_Pages/AddressAndContactInfo_Page/input_eMailAddress'

2024-01-13 23:03:31 - [TEST_STEP][PASSED] - setText(findTestObject(orPath_AddressContact + "/input_reEnterEMailAddress"), "iahmed@govolution.com"): Text 'iahmed@govolution.com' is set on object 'Object Repository/RAD_Pages/AddressAndContactInfo_Page/input_reEnterEMailAddress'

2024-01-13 23:03:32 - [MESSAGE][PASSED] - Text 'iahmed@govolution.com' is set on object 'Object Repository/RAD_Pages/AddressAndContactInfo_Page/input_reEnterEMailAddress'

2024-01-13 23:03:32 - [TEST_STEP][PASSED] - delay(2): Delayed 2 second(s)

2024-01-13 23:03:34 - [MESSAGE][PASSED] - Delayed 2 second(s)

2024-01-13 23:03:34 - [TEST_STEP][PASSED] - if (verifyTextPresent("The Email and Re-enter email do not match", true)): null

2024-01-13 23:03:34 - [MESSAGE][PASSED] - Text 'The Email and Re-enter email do not match' is present on page  using regular expression

2024-01-13 23:03:34 - [TEST_STEP][PASSED] - println("Emails Dont match text is present"): null

2024-01-13 23:03:34 - [TEST_STEP][PASSED] - out.println("Pass Record Number: " + row): null

2024-01-13 23:03:34 - [TEST_STEP][PASSED] - resText = "Pass": null

2024-01-13 23:03:34 - [TEST_STEP][PASSED] - pages.WriteExcel.demoKey(resText, datText, resColumn, datCloumn, fileLoc, nameSheet, row): pages.WriteExcel.demoKey is PASSED

2024-01-13 23:03:34 - [MESSAGE][PASSED] - pages.WriteExcel.demoKey is PASSED

2024-01-13 23:03:34 - [TEST_STEP][PASSED] - ExecuteTC = findTestData(dataFile).getValue("Execute", row): null

2024-01-13 23:03:34 - [TEST_STEP][PASSED] - Taxtype = findTestData(dataFile).getValue("TaxType", row): null

2024-01-13 23:03:34 - [TEST_STEP][PASSED] - Paymenttype = findTestData(dataFile).getValue("PaymentType", row): null

2024-01-13 23:03:34 - [TEST_STEP][PASSED] - out.println("Value of Execute is : " + ExecuteTC): null

2024-01-13 23:03:34 - [TEST_STEP][PASSED] - if (ExecuteTC.equalsIgnoreCase("Y")): null

2024-01-13 23:03:34 - [TEST_STEP][PASSED] - out.println("Begin Record Number: " + row): null

2024-01-13 23:03:34 - [TEST_STEP][PASSED] - today = new java.util.Date(): null

2024-01-13 23:03:34 - [TEST_STEP][PASSED] - println(today): null

2024-01-13 23:03:34 - [TEST_STEP][PASSED] - datText = today: null

2024-01-13 23:03:34 - [TEST_STEP][PASSED] - Taxtype = findTestData(dataFile).getValue("TaxType", row): null

2024-01-13 23:03:34 - [TEST_STEP][PASSED] - out.println("Taxtype value is : " + Taxtype): null

2024-01-13 23:03:34 - [TEST_STEP][PASSED] - openBrowser(""): Browser is opened with url: ''

2024-01-13 23:03:34 - [MESSAGE][WARNING] - A browser is already opened. Closing browser and opening a new one

2024-01-13 23:03:35 - [MESSAGE][INFO] - Starting 'Chrome' driver

2024-01-13 23:03:35 - [MESSAGE][INFO] - User set preference: ['acceptInsecureCerts', 'true']

2024-01-13 23:03:35 - [MESSAGE][INFO] - Action delay is set to 0 milliseconds

2024-01-13 23:03:37 - [MESSAGE][PASSED] - Browser is opened with url: ''

2024-01-13 23:03:37 - [TEST_STEP][PASSED] - maximizeWindow(): Current window maximized

2024-01-13 23:03:37 - [MESSAGE][PASSED] - Current window maximized

2024-01-13 23:03:37 - [TEST_STEP][PASSED] - navigateToUrl(RADurl): Navigate to 'https://qa2.velocitypayment.com/client/rad/index.html' successfully

2024-01-13 23:03:39 - [MESSAGE][PASSED] - Navigate to 'https://qa2.velocitypayment.com/client/rad/index.html' successfully

2024-01-13 23:03:39 - [TEST_STEP][PASSED] - orPath_Landing = "Object Repository/RAD_Pages/Landing_Page": null

2024-01-13 23:03:39 - [TEST_STEP][PASSED] - orPath_TaxTypeFilingYear = "Object Repository/RAD_Pages/TaxTypeFilingYear_Page": null

2024-01-13 23:03:39 - [TEST_STEP][PASSED] - orPath_TaxPayer = "Object Repository/RAD_Pages/Taxpayer_Page": null

2024-01-13 23:03:39 - [TEST_STEP][PASSED] - orPath_AddressContact = "Object Repository/RAD_Pages/AddressAndContactInfo_Page": null

2024-01-13 23:03:39 - [TEST_STEP][PASSED] - orPath_FilingStatus = "Object Repository/RAD_Pages/FilingStatus_Page": null

2024-01-13 23:03:39 - [TEST_STEP][PASSED] - orPath_Amount = "Object Repository/RAD_Pages/PaymentAmount_Page": null

2024-01-13 23:03:39 - [TEST_STEP][PASSED] - selectOptionByLabel(findTestObject(orPath_Landing + "/dd_TaxType"), Paymenttype, false): All options with label 'New Tax Return Amount Due' are selected in object 'Object Repository/RAD_Pages/Landing_Page/dd_TaxType' 

2024-01-13 23:03:39 - [MESSAGE][PASSED] - All options with label 'New Tax Return Amount Due' are selected in object 'Object Repository/RAD_Pages/Landing_Page/dd_TaxType' 

2024-01-13 23:03:39 - [TEST_STEP][PASSED] - delay(1): Delayed 1 second(s)

2024-01-13 23:03:40 - [MESSAGE][PASSED] - Delayed 1 second(s)

2024-01-13 23:03:40 - [TEST_STEP][PASSED] - switch (Paymenttype): null

2024-01-13 23:03:40 - [TEST_STEP][PASSED] - case "New Tax Return Amount Due":: null

2024-01-13 23:03:40 - [TEST_STEP][PASSED] - selectOptionByLabel(findTestObject("Object Repository/RAD_Pages/Landing_Page/select_NewTaxReturnAmountDue_TaxType"), Taxtype, false): All options with label 'Corporate Income Tax' are selected in object 'Object Repository/RAD_Pages/Landing_Page/select_NewTaxReturnAmountDue_TaxType' 

2024-01-13 23:03:41 - [MESSAGE][PASSED] - All options with label 'Corporate Income Tax' are selected in object 'Object Repository/RAD_Pages/Landing_Page/select_NewTaxReturnAmountDue_TaxType' 

2024-01-13 23:03:41 - [TEST_STEP][PASSED] - break: null

2024-01-13 23:03:41 - [TEST_STEP][PASSED] - delay(1): Delayed 1 second(s)

2024-01-13 23:03:42 - [MESSAGE][PASSED] - Delayed 1 second(s)

2024-01-13 23:03:42 - [TEST_STEP][PASSED] - scrollToElement(findTestObject(orPath_Amount + "/input__paymentAmount"), 3): Scroll to object 'Object Repository/RAD_Pages/PaymentAmount_Page/input__paymentAmount' successfully

2024-01-13 23:03:42 - [MESSAGE][PASSED] - Scroll to object 'Object Repository/RAD_Pages/PaymentAmount_Page/input__paymentAmount' successfully

2024-01-13 23:03:42 - [TEST_STEP][PASSED] - setText(findTestObject(orPath_AddressContact + "/input_eMailAddress"), "imtiazster@gmail.com"): Text 'imtiazster@gmail.com' is set on object 'Object Repository/RAD_Pages/AddressAndContactInfo_Page/input_eMailAddress'

2024-01-13 23:03:43 - [MESSAGE][PASSED] - Text 'imtiazster@gmail.com' is set on object 'Object Repository/RAD_Pages/AddressAndContactInfo_Page/input_eMailAddress'

2024-01-13 23:03:43 - [TEST_STEP][PASSED] - setText(findTestObject(orPath_AddressContact + "/input_reEnterEMailAddress"), "iahmed@govolution.com"): Text 'iahmed@govolution.com' is set on object 'Object Repository/RAD_Pages/AddressAndContactInfo_Page/input_reEnterEMailAddress'

2024-01-13 23:03:44 - [MESSAGE][PASSED] - Text 'iahmed@govolution.com' is set on object 'Object Repository/RAD_Pages/AddressAndContactInfo_Page/input_reEnterEMailAddress'

2024-01-13 23:03:44 - [TEST_STEP][PASSED] - delay(2): Delayed 2 second(s)

2024-01-13 23:03:46 - [MESSAGE][PASSED] - Delayed 2 second(s)

2024-01-13 23:03:46 - [TEST_STEP][PASSED] - if (verifyTextPresent("The Email and Re-enter email do not match", true)): null

2024-01-13 23:03:46 - [MESSAGE][PASSED] - Text 'The Email and Re-enter email do not match' is present on page  using regular expression

2024-01-13 23:03:46 - [TEST_STEP][PASSED] - println("Emails Dont match text is present"): null

2024-01-13 23:03:46 - [TEST_STEP][PASSED] - out.println("Pass Record Number: " + row): null

2024-01-13 23:03:46 - [TEST_STEP][PASSED] - resText = "Pass": null

2024-01-13 23:03:46 - [TEST_STEP][PASSED] - pages.WriteExcel.demoKey(resText, datText, resColumn, datCloumn, fileLoc, nameSheet, row): pages.WriteExcel.demoKey is PASSED

2024-01-13 23:03:46 - [MESSAGE][PASSED] - pages.WriteExcel.demoKey is PASSED

2024-01-13 23:03:46 - [TEST_STEP][PASSED] - ExecuteTC = findTestData(dataFile).getValue("Execute", row): null

2024-01-13 23:03:46 - [TEST_STEP][PASSED] - Taxtype = findTestData(dataFile).getValue("TaxType", row): null

2024-01-13 23:03:46 - [TEST_STEP][PASSED] - Paymenttype = findTestData(dataFile).getValue("PaymentType", row): null

2024-01-13 23:03:46 - [TEST_STEP][PASSED] - out.println("Value of Execute is : " + ExecuteTC): null

2024-01-13 23:03:46 - [TEST_STEP][PASSED] - if (ExecuteTC.equalsIgnoreCase("Y")): null

2024-01-13 23:03:46 - [TEST_STEP][PASSED] - out.println("Begin Record Number: " + row): null

2024-01-13 23:03:46 - [TEST_STEP][PASSED] - today = new java.util.Date(): null

2024-01-13 23:03:46 - [TEST_STEP][PASSED] - println(today): null

2024-01-13 23:03:46 - [TEST_STEP][PASSED] - datText = today: null

2024-01-13 23:03:46 - [TEST_STEP][PASSED] - Taxtype = findTestData(dataFile).getValue("TaxType", row): null

2024-01-13 23:03:46 - [TEST_STEP][PASSED] - out.println("Taxtype value is : " + Taxtype): null

2024-01-13 23:03:46 - [TEST_STEP][PASSED] - openBrowser(""): Browser is opened with url: ''

2024-01-13 23:03:46 - [MESSAGE][WARNING] - A browser is already opened. Closing browser and opening a new one

2024-01-13 23:03:47 - [MESSAGE][INFO] - Starting 'Chrome' driver

2024-01-13 23:03:47 - [MESSAGE][INFO] - User set preference: ['acceptInsecureCerts', 'true']

2024-01-13 23:03:47 - [MESSAGE][INFO] - Action delay is set to 0 milliseconds

2024-01-13 23:03:49 - [MESSAGE][PASSED] - Browser is opened with url: ''

2024-01-13 23:03:49 - [TEST_STEP][PASSED] - maximizeWindow(): Current window maximized

2024-01-13 23:03:49 - [MESSAGE][PASSED] - Current window maximized

2024-01-13 23:03:49 - [TEST_STEP][PASSED] - navigateToUrl(RADurl): Navigate to 'https://qa2.velocitypayment.com/client/rad/index.html' successfully

2024-01-13 23:03:50 - [MESSAGE][PASSED] - Navigate to 'https://qa2.velocitypayment.com/client/rad/index.html' successfully

2024-01-13 23:03:50 - [TEST_STEP][PASSED] - orPath_Landing = "Object Repository/RAD_Pages/Landing_Page": null

2024-01-13 23:03:50 - [TEST_STEP][PASSED] - orPath_TaxTypeFilingYear = "Object Repository/RAD_Pages/TaxTypeFilingYear_Page": null

2024-01-13 23:03:50 - [TEST_STEP][PASSED] - orPath_TaxPayer = "Object Repository/RAD_Pages/Taxpayer_Page": null

2024-01-13 23:03:50 - [TEST_STEP][PASSED] - orPath_AddressContact = "Object Repository/RAD_Pages/AddressAndContactInfo_Page": null

2024-01-13 23:03:50 - [TEST_STEP][PASSED] - orPath_FilingStatus = "Object Repository/RAD_Pages/FilingStatus_Page": null

2024-01-13 23:03:50 - [TEST_STEP][PASSED] - orPath_Amount = "Object Repository/RAD_Pages/PaymentAmount_Page": null

2024-01-13 23:03:50 - [TEST_STEP][PASSED] - selectOptionByLabel(findTestObject(orPath_Landing + "/dd_TaxType"), Paymenttype, false): All options with label 'New Tax Return Amount Due' are selected in object 'Object Repository/RAD_Pages/Landing_Page/dd_TaxType' 

2024-01-13 23:03:51 - [MESSAGE][PASSED] - All options with label 'New Tax Return Amount Due' are selected in object 'Object Repository/RAD_Pages/Landing_Page/dd_TaxType' 

2024-01-13 23:03:51 - [TEST_STEP][PASSED] - delay(1): Delayed 1 second(s)

2024-01-13 23:03:52 - [MESSAGE][PASSED] - Delayed 1 second(s)

2024-01-13 23:03:52 - [TEST_STEP][PASSED] - switch (Paymenttype): null

2024-01-13 23:03:52 - [TEST_STEP][PASSED] - case "New Tax Return Amount Due":: null

2024-01-13 23:03:52 - [TEST_STEP][PASSED] - selectOptionByLabel(findTestObject("Object Repository/RAD_Pages/Landing_Page/select_NewTaxReturnAmountDue_TaxType"), Taxtype, false): All options with label 'Estate Tax' are selected in object 'Object Repository/RAD_Pages/Landing_Page/select_NewTaxReturnAmountDue_TaxType' 

2024-01-13 23:03:53 - [MESSAGE][PASSED] - All options with label 'Estate Tax' are selected in object 'Object Repository/RAD_Pages/Landing_Page/select_NewTaxReturnAmountDue_TaxType' 

2024-01-13 23:03:53 - [TEST_STEP][PASSED] - break: null

2024-01-13 23:03:53 - [TEST_STEP][PASSED] - delay(1): Delayed 1 second(s)

2024-01-13 23:03:54 - [MESSAGE][PASSED] - Delayed 1 second(s)

2024-01-13 23:03:54 - [TEST_STEP][PASSED] - scrollToElement(findTestObject(orPath_Amount + "/input__paymentAmount"), 3): Scroll to object 'Object Repository/RAD_Pages/PaymentAmount_Page/input__paymentAmount' successfully

2024-01-13 23:03:54 - [MESSAGE][PASSED] - Scroll to object 'Object Repository/RAD_Pages/PaymentAmount_Page/input__paymentAmount' successfully

2024-01-13 23:03:54 - [TEST_STEP][PASSED] - setText(findTestObject(orPath_AddressContact + "/input_eMailAddress"), "imtiazster@gmail.com"): Text 'imtiazster@gmail.com' is set on object 'Object Repository/RAD_Pages/AddressAndContactInfo_Page/input_eMailAddress'

2024-01-13 23:03:55 - [MESSAGE][PASSED] - Text 'imtiazster@gmail.com' is set on object 'Object Repository/RAD_Pages/AddressAndContactInfo_Page/input_eMailAddress'

2024-01-13 23:03:55 - [TEST_STEP][PASSED] - setText(findTestObject(orPath_AddressContact + "/input_reEnterEMailAddress"), "iahmed@govolution.com"): Text 'iahmed@govolution.com' is set on object 'Object Repository/RAD_Pages/AddressAndContactInfo_Page/input_reEnterEMailAddress'

2024-01-13 23:03:56 - [MESSAGE][PASSED] - Text 'iahmed@govolution.com' is set on object 'Object Repository/RAD_Pages/AddressAndContactInfo_Page/input_reEnterEMailAddress'

2024-01-13 23:03:56 - [TEST_STEP][PASSED] - delay(2): Delayed 2 second(s)

2024-01-13 23:03:58 - [MESSAGE][PASSED] - Delayed 2 second(s)

2024-01-13 23:03:58 - [TEST_STEP][PASSED] - if (verifyTextPresent("The Email and Re-enter email do not match", true)): null

2024-01-13 23:03:58 - [MESSAGE][PASSED] - Text 'The Email and Re-enter email do not match' is present on page  using regular expression

2024-01-13 23:03:58 - [TEST_STEP][PASSED] - println("Emails Dont match text is present"): null

2024-01-13 23:03:58 - [TEST_STEP][PASSED] - out.println("Pass Record Number: " + row): null

2024-01-13 23:03:58 - [TEST_STEP][PASSED] - resText = "Pass": null

2024-01-13 23:03:58 - [TEST_STEP][PASSED] - pages.WriteExcel.demoKey(resText, datText, resColumn, datCloumn, fileLoc, nameSheet, row): pages.WriteExcel.demoKey is PASSED

2024-01-13 23:03:58 - [MESSAGE][PASSED] - pages.WriteExcel.demoKey is PASSED

2024-01-13 23:03:58 - [TEST_STEP][PASSED] - ExecuteTC = findTestData(dataFile).getValue("Execute", row): null

2024-01-13 23:03:58 - [TEST_STEP][PASSED] - Taxtype = findTestData(dataFile).getValue("TaxType", row): null

2024-01-13 23:03:58 - [TEST_STEP][PASSED] - Paymenttype = findTestData(dataFile).getValue("PaymentType", row): null

2024-01-13 23:03:58 - [TEST_STEP][PASSED] - out.println("Value of Execute is : " + ExecuteTC): null

2024-01-13 23:03:58 - [TEST_STEP][PASSED] - if (ExecuteTC.equalsIgnoreCase("Y")): null

2024-01-13 23:03:58 - [TEST_STEP][PASSED] - out.println("Begin Record Number: " + row): null

2024-01-13 23:03:58 - [TEST_STEP][PASSED] - today = new java.util.Date(): null

2024-01-13 23:03:58 - [TEST_STEP][PASSED] - println(today): null

2024-01-13 23:03:58 - [TEST_STEP][PASSED] - datText = today: null

2024-01-13 23:03:58 - [TEST_STEP][PASSED] - Taxtype = findTestData(dataFile).getValue("TaxType", row): null

2024-01-13 23:03:58 - [TEST_STEP][PASSED] - out.println("Taxtype value is : " + Taxtype): null

2024-01-13 23:03:58 - [TEST_STEP][PASSED] - openBrowser(""): Browser is opened with url: ''

2024-01-13 23:03:58 - [MESSAGE][WARNING] - A browser is already opened. Closing browser and opening a new one

2024-01-13 23:03:59 - [MESSAGE][INFO] - Starting 'Chrome' driver

2024-01-13 23:03:59 - [MESSAGE][INFO] - User set preference: ['acceptInsecureCerts', 'true']

2024-01-13 23:03:59 - [MESSAGE][INFO] - Action delay is set to 0 milliseconds

2024-01-13 23:04:01 - [MESSAGE][PASSED] - Browser is opened with url: ''

2024-01-13 23:04:01 - [TEST_STEP][PASSED] - maximizeWindow(): Current window maximized

2024-01-13 23:04:01 - [MESSAGE][PASSED] - Current window maximized

2024-01-13 23:04:01 - [TEST_STEP][PASSED] - navigateToUrl(RADurl): Navigate to 'https://qa2.velocitypayment.com/client/rad/index.html' successfully

2024-01-13 23:04:01 - [MESSAGE][PASSED] - Navigate to 'https://qa2.velocitypayment.com/client/rad/index.html' successfully

2024-01-13 23:04:01 - [TEST_STEP][PASSED] - orPath_Landing = "Object Repository/RAD_Pages/Landing_Page": null

2024-01-13 23:04:01 - [TEST_STEP][PASSED] - orPath_TaxTypeFilingYear = "Object Repository/RAD_Pages/TaxTypeFilingYear_Page": null

2024-01-13 23:04:01 - [TEST_STEP][PASSED] - orPath_TaxPayer = "Object Repository/RAD_Pages/Taxpayer_Page": null

2024-01-13 23:04:01 - [TEST_STEP][PASSED] - orPath_AddressContact = "Object Repository/RAD_Pages/AddressAndContactInfo_Page": null

2024-01-13 23:04:01 - [TEST_STEP][PASSED] - orPath_FilingStatus = "Object Repository/RAD_Pages/FilingStatus_Page": null

2024-01-13 23:04:01 - [TEST_STEP][PASSED] - orPath_Amount = "Object Repository/RAD_Pages/PaymentAmount_Page": null

2024-01-13 23:04:01 - [TEST_STEP][PASSED] - selectOptionByLabel(findTestObject(orPath_Landing + "/dd_TaxType"), Paymenttype, false): All options with label 'New Tax Return Amount Due' are selected in object 'Object Repository/RAD_Pages/Landing_Page/dd_TaxType' 

2024-01-13 23:04:03 - [MESSAGE][PASSED] - All options with label 'New Tax Return Amount Due' are selected in object 'Object Repository/RAD_Pages/Landing_Page/dd_TaxType' 

2024-01-13 23:04:03 - [TEST_STEP][PASSED] - delay(1): Delayed 1 second(s)

2024-01-13 23:04:04 - [MESSAGE][PASSED] - Delayed 1 second(s)

2024-01-13 23:04:04 - [TEST_STEP][PASSED] - switch (Paymenttype): null

2024-01-13 23:04:04 - [TEST_STEP][PASSED] - case "New Tax Return Amount Due":: null

2024-01-13 23:04:04 - [TEST_STEP][PASSED] - selectOptionByLabel(findTestObject("Object Repository/RAD_Pages/Landing_Page/select_NewTaxReturnAmountDue_TaxType"), Taxtype, false): All options with label 'Motor Fuel Tax' are selected in object 'Object Repository/RAD_Pages/Landing_Page/select_NewTaxReturnAmountDue_TaxType' 

2024-01-13 23:04:05 - [MESSAGE][PASSED] - All options with label 'Motor Fuel Tax' are selected in object 'Object Repository/RAD_Pages/Landing_Page/select_NewTaxReturnAmountDue_TaxType' 

2024-01-13 23:04:05 - [TEST_STEP][PASSED] - break: null

2024-01-13 23:04:05 - [TEST_STEP][PASSED] - delay(1): Delayed 1 second(s)

2024-01-13 23:04:06 - [MESSAGE][PASSED] - Delayed 1 second(s)

2024-01-13 23:04:06 - [TEST_STEP][PASSED] - scrollToElement(findTestObject(orPath_Amount + "/input__paymentAmount"), 3): Scroll to object 'Object Repository/RAD_Pages/PaymentAmount_Page/input__paymentAmount' successfully

2024-01-13 23:04:06 - [MESSAGE][PASSED] - Scroll to object 'Object Repository/RAD_Pages/PaymentAmount_Page/input__paymentAmount' successfully

2024-01-13 23:04:06 - [TEST_STEP][PASSED] - setText(findTestObject(orPath_AddressContact + "/input_eMailAddress"), "imtiazster@gmail.com"): Text 'imtiazster@gmail.com' is set on object 'Object Repository/RAD_Pages/AddressAndContactInfo_Page/input_eMailAddress'

2024-01-13 23:04:07 - [MESSAGE][PASSED] - Text 'imtiazster@gmail.com' is set on object 'Object Repository/RAD_Pages/AddressAndContactInfo_Page/input_eMailAddress'

2024-01-13 23:04:07 - [TEST_STEP][PASSED] - setText(findTestObject(orPath_AddressContact + "/input_reEnterEMailAddress"), "iahmed@govolution.com"): Text 'iahmed@govolution.com' is set on object 'Object Repository/RAD_Pages/AddressAndContactInfo_Page/input_reEnterEMailAddress'

2024-01-13 23:04:08 - [MESSAGE][PASSED] - Text 'iahmed@govolution.com' is set on object 'Object Repository/RAD_Pages/AddressAndContactInfo_Page/input_reEnterEMailAddress'

2024-01-13 23:04:08 - [TEST_STEP][PASSED] - delay(2): Delayed 2 second(s)

2024-01-13 23:04:10 - [MESSAGE][PASSED] - Delayed 2 second(s)

2024-01-13 23:04:10 - [TEST_STEP][PASSED] - if (verifyTextPresent("The Email and Re-enter email do not match", true)): null

2024-01-13 23:04:10 - [MESSAGE][PASSED] - Text 'The Email and Re-enter email do not match' is present on page  using regular expression

2024-01-13 23:04:10 - [TEST_STEP][PASSED] - println("Emails Dont match text is present"): null

2024-01-13 23:04:10 - [TEST_STEP][PASSED] - out.println("Pass Record Number: " + row): null

2024-01-13 23:04:10 - [TEST_STEP][PASSED] - resText = "Pass": null

2024-01-13 23:04:10 - [TEST_STEP][PASSED] - pages.WriteExcel.demoKey(resText, datText, resColumn, datCloumn, fileLoc, nameSheet, row): pages.WriteExcel.demoKey is PASSED

2024-01-13 23:04:10 - [MESSAGE][PASSED] - pages.WriteExcel.demoKey is PASSED

2024-01-13 23:04:10 - [TEST_STEP][PASSED] - ExecuteTC = findTestData(dataFile).getValue("Execute", row): null

2024-01-13 23:04:10 - [TEST_STEP][PASSED] - Taxtype = findTestData(dataFile).getValue("TaxType", row): null

2024-01-13 23:04:10 - [TEST_STEP][PASSED] - Paymenttype = findTestData(dataFile).getValue("PaymentType", row): null

2024-01-13 23:04:10 - [TEST_STEP][PASSED] - out.println("Value of Execute is : " + ExecuteTC): null

2024-01-13 23:04:10 - [TEST_STEP][PASSED] - if (ExecuteTC.equalsIgnoreCase("Y")): null

2024-01-13 23:04:10 - [TEST_STEP][PASSED] - out.println("Begin Record Number: " + row): null

2024-01-13 23:04:10 - [TEST_STEP][PASSED] - today = new java.util.Date(): null

2024-01-13 23:04:10 - [TEST_STEP][PASSED] - println(today): null

2024-01-13 23:04:10 - [TEST_STEP][PASSED] - datText = today: null

2024-01-13 23:04:10 - [TEST_STEP][PASSED] - Taxtype = findTestData(dataFile).getValue("TaxType", row): null

2024-01-13 23:04:10 - [TEST_STEP][PASSED] - out.println("Taxtype value is : " + Taxtype): null

2024-01-13 23:04:10 - [TEST_STEP][PASSED] - openBrowser(""): Browser is opened with url: ''

2024-01-13 23:04:10 - [MESSAGE][WARNING] - A browser is already opened. Closing browser and opening a new one

2024-01-13 23:04:11 - [MESSAGE][INFO] - Starting 'Chrome' driver

2024-01-13 23:04:11 - [MESSAGE][INFO] - User set preference: ['acceptInsecureCerts', 'true']

2024-01-13 23:04:11 - [MESSAGE][INFO] - Action delay is set to 0 milliseconds

2024-01-13 23:04:13 - [MESSAGE][PASSED] - Browser is opened with url: ''

2024-01-13 23:04:13 - [TEST_STEP][PASSED] - maximizeWindow(): Current window maximized

2024-01-13 23:04:13 - [MESSAGE][PASSED] - Current window maximized

2024-01-13 23:04:13 - [TEST_STEP][PASSED] - navigateToUrl(RADurl): Navigate to 'https://qa2.velocitypayment.com/client/rad/index.html' successfully

2024-01-13 23:04:14 - [MESSAGE][PASSED] - Navigate to 'https://qa2.velocitypayment.com/client/rad/index.html' successfully

2024-01-13 23:04:14 - [TEST_STEP][PASSED] - orPath_Landing = "Object Repository/RAD_Pages/Landing_Page": null

2024-01-13 23:04:14 - [TEST_STEP][PASSED] - orPath_TaxTypeFilingYear = "Object Repository/RAD_Pages/TaxTypeFilingYear_Page": null

2024-01-13 23:04:14 - [TEST_STEP][PASSED] - orPath_TaxPayer = "Object Repository/RAD_Pages/Taxpayer_Page": null

2024-01-13 23:04:14 - [TEST_STEP][PASSED] - orPath_AddressContact = "Object Repository/RAD_Pages/AddressAndContactInfo_Page": null

2024-01-13 23:04:14 - [TEST_STEP][PASSED] - orPath_FilingStatus = "Object Repository/RAD_Pages/FilingStatus_Page": null

2024-01-13 23:04:14 - [TEST_STEP][PASSED] - orPath_Amount = "Object Repository/RAD_Pages/PaymentAmount_Page": null

2024-01-13 23:04:14 - [TEST_STEP][PASSED] - selectOptionByLabel(findTestObject(orPath_Landing + "/dd_TaxType"), Paymenttype, false): All options with label 'New Tax Return Amount Due' are selected in object 'Object Repository/RAD_Pages/Landing_Page/dd_TaxType' 

2024-01-13 23:04:15 - [MESSAGE][PASSED] - All options with label 'New Tax Return Amount Due' are selected in object 'Object Repository/RAD_Pages/Landing_Page/dd_TaxType' 

2024-01-13 23:04:15 - [TEST_STEP][PASSED] - delay(1): Delayed 1 second(s)

2024-01-13 23:04:16 - [MESSAGE][PASSED] - Delayed 1 second(s)

2024-01-13 23:04:16 - [TEST_STEP][PASSED] - switch (Paymenttype): null

2024-01-13 23:04:16 - [TEST_STEP][PASSED] - case "New Tax Return Amount Due":: null

2024-01-13 23:04:16 - [TEST_STEP][PASSED] - selectOptionByLabel(findTestObject("Object Repository/RAD_Pages/Landing_Page/select_NewTaxReturnAmountDue_TaxType"), Taxtype, false): All options with label 'Sales and Use Tax' are selected in object 'Object Repository/RAD_Pages/Landing_Page/select_NewTaxReturnAmountDue_TaxType' 

2024-01-13 23:04:17 - [MESSAGE][PASSED] - All options with label 'Sales and Use Tax' are selected in object 'Object Repository/RAD_Pages/Landing_Page/select_NewTaxReturnAmountDue_TaxType' 

2024-01-13 23:04:17 - [TEST_STEP][PASSED] - break: null

2024-01-13 23:04:17 - [TEST_STEP][PASSED] - delay(1): Delayed 1 second(s)

2024-01-13 23:04:18 - [MESSAGE][PASSED] - Delayed 1 second(s)

2024-01-13 23:04:18 - [TEST_STEP][PASSED] - scrollToElement(findTestObject(orPath_Amount + "/input__paymentAmount"), 3): Scroll to object 'Object Repository/RAD_Pages/PaymentAmount_Page/input__paymentAmount' successfully

2024-01-13 23:04:18 - [MESSAGE][PASSED] - Scroll to object 'Object Repository/RAD_Pages/PaymentAmount_Page/input__paymentAmount' successfully

2024-01-13 23:04:18 - [TEST_STEP][PASSED] - setText(findTestObject(orPath_AddressContact + "/input_eMailAddress"), "imtiazster@gmail.com"): Text 'imtiazster@gmail.com' is set on object 'Object Repository/RAD_Pages/AddressAndContactInfo_Page/input_eMailAddress'

2024-01-13 23:04:19 - [MESSAGE][PASSED] - Text 'imtiazster@gmail.com' is set on object 'Object Repository/RAD_Pages/AddressAndContactInfo_Page/input_eMailAddress'

2024-01-13 23:04:19 - [TEST_STEP][PASSED] - setText(findTestObject(orPath_AddressContact + "/input_reEnterEMailAddress"), "iahmed@govolution.com"): Text 'iahmed@govolution.com' is set on object 'Object Repository/RAD_Pages/AddressAndContactInfo_Page/input_reEnterEMailAddress'

2024-01-13 23:04:20 - [MESSAGE][PASSED] - Text 'iahmed@govolution.com' is set on object 'Object Repository/RAD_Pages/AddressAndContactInfo_Page/input_reEnterEMailAddress'

2024-01-13 23:04:20 - [TEST_STEP][PASSED] - delay(2): Delayed 2 second(s)

2024-01-13 23:04:22 - [MESSAGE][PASSED] - Delayed 2 second(s)

2024-01-13 23:04:22 - [TEST_STEP][PASSED] - if (verifyTextPresent("The Email and Re-enter email do not match", true)): null

2024-01-13 23:04:22 - [MESSAGE][PASSED] - Text 'The Email and Re-enter email do not match' is present on page  using regular expression

2024-01-13 23:04:22 - [TEST_STEP][PASSED] - println("Emails Dont match text is present"): null

2024-01-13 23:04:22 - [TEST_STEP][PASSED] - out.println("Pass Record Number: " + row): null

2024-01-13 23:04:22 - [TEST_STEP][PASSED] - resText = "Pass": null

2024-01-13 23:04:22 - [TEST_STEP][PASSED] - pages.WriteExcel.demoKey(resText, datText, resColumn, datCloumn, fileLoc, nameSheet, row): pages.WriteExcel.demoKey is PASSED

2024-01-13 23:04:22 - [MESSAGE][PASSED] - pages.WriteExcel.demoKey is PASSED

2024-01-13 23:04:22 - [TEST_STEP][PASSED] - ExecuteTC = findTestData(dataFile).getValue("Execute", row): null

2024-01-13 23:04:22 - [TEST_STEP][PASSED] - Taxtype = findTestData(dataFile).getValue("TaxType", row): null

2024-01-13 23:04:22 - [TEST_STEP][PASSED] - Paymenttype = findTestData(dataFile).getValue("PaymentType", row): null

2024-01-13 23:04:22 - [TEST_STEP][PASSED] - out.println("Value of Execute is : " + ExecuteTC): null

2024-01-13 23:04:22 - [TEST_STEP][PASSED] - if (ExecuteTC.equalsIgnoreCase("Y")): null

2024-01-13 23:04:22 - [TEST_STEP][PASSED] - out.println("Begin Record Number: " + row): null

2024-01-13 23:04:22 - [TEST_STEP][PASSED] - today = new java.util.Date(): null

2024-01-13 23:04:22 - [TEST_STEP][PASSED] - println(today): null

2024-01-13 23:04:22 - [TEST_STEP][PASSED] - datText = today: null

2024-01-13 23:04:22 - [TEST_STEP][PASSED] - Taxtype = findTestData(dataFile).getValue("TaxType", row): null

2024-01-13 23:04:22 - [TEST_STEP][PASSED] - out.println("Taxtype value is : " + Taxtype): null

2024-01-13 23:04:22 - [TEST_STEP][PASSED] - openBrowser(""): Browser is opened with url: ''

2024-01-13 23:04:22 - [MESSAGE][WARNING] - A browser is already opened. Closing browser and opening a new one

2024-01-13 23:04:23 - [MESSAGE][INFO] - Starting 'Chrome' driver

2024-01-13 23:04:23 - [MESSAGE][INFO] - User set preference: ['acceptInsecureCerts', 'true']

2024-01-13 23:04:23 - [MESSAGE][INFO] - Action delay is set to 0 milliseconds

2024-01-13 23:04:25 - [MESSAGE][PASSED] - Browser is opened with url: ''

2024-01-13 23:04:25 - [TEST_STEP][PASSED] - maximizeWindow(): Current window maximized

2024-01-13 23:04:25 - [MESSAGE][PASSED] - Current window maximized

2024-01-13 23:04:25 - [TEST_STEP][PASSED] - navigateToUrl(RADurl): Navigate to 'https://qa2.velocitypayment.com/client/rad/index.html' successfully

2024-01-13 23:04:26 - [MESSAGE][PASSED] - Navigate to 'https://qa2.velocitypayment.com/client/rad/index.html' successfully

2024-01-13 23:04:26 - [TEST_STEP][PASSED] - orPath_Landing = "Object Repository/RAD_Pages/Landing_Page": null

2024-01-13 23:04:26 - [TEST_STEP][PASSED] - orPath_TaxTypeFilingYear = "Object Repository/RAD_Pages/TaxTypeFilingYear_Page": null

2024-01-13 23:04:26 - [TEST_STEP][PASSED] - orPath_TaxPayer = "Object Repository/RAD_Pages/Taxpayer_Page": null

2024-01-13 23:04:26 - [TEST_STEP][PASSED] - orPath_AddressContact = "Object Repository/RAD_Pages/AddressAndContactInfo_Page": null

2024-01-13 23:04:26 - [TEST_STEP][PASSED] - orPath_FilingStatus = "Object Repository/RAD_Pages/FilingStatus_Page": null

2024-01-13 23:04:26 - [TEST_STEP][PASSED] - orPath_Amount = "Object Repository/RAD_Pages/PaymentAmount_Page": null

2024-01-13 23:04:26 - [TEST_STEP][PASSED] - selectOptionByLabel(findTestObject(orPath_Landing + "/dd_TaxType"), Paymenttype, false): All options with label 'New Tax Return Amount Due' are selected in object 'Object Repository/RAD_Pages/Landing_Page/dd_TaxType' 

2024-01-13 23:04:27 - [MESSAGE][PASSED] - All options with label 'New Tax Return Amount Due' are selected in object 'Object Repository/RAD_Pages/Landing_Page/dd_TaxType' 

2024-01-13 23:04:27 - [TEST_STEP][PASSED] - delay(1): Delayed 1 second(s)

2024-01-13 23:04:28 - [MESSAGE][PASSED] - Delayed 1 second(s)

2024-01-13 23:04:28 - [TEST_STEP][PASSED] - switch (Paymenttype): null

2024-01-13 23:04:28 - [TEST_STEP][PASSED] - case "New Tax Return Amount Due":: null

2024-01-13 23:04:28 - [TEST_STEP][PASSED] - selectOptionByLabel(findTestObject("Object Repository/RAD_Pages/Landing_Page/select_NewTaxReturnAmountDue_TaxType"), Taxtype, false): All options with label 'Slots License Fee' are selected in object 'Object Repository/RAD_Pages/Landing_Page/select_NewTaxReturnAmountDue_TaxType' 

2024-01-13 23:04:29 - [MESSAGE][PASSED] - All options with label 'Slots License Fee' are selected in object 'Object Repository/RAD_Pages/Landing_Page/select_NewTaxReturnAmountDue_TaxType' 

2024-01-13 23:04:29 - [TEST_STEP][PASSED] - break: null

2024-01-13 23:04:29 - [TEST_STEP][PASSED] - delay(1): Delayed 1 second(s)

2024-01-13 23:04:30 - [MESSAGE][PASSED] - Delayed 1 second(s)

2024-01-13 23:04:30 - [TEST_STEP][PASSED] - scrollToElement(findTestObject(orPath_Amount + "/input__paymentAmount"), 3): Scroll to object 'Object Repository/RAD_Pages/PaymentAmount_Page/input__paymentAmount' successfully

2024-01-13 23:04:30 - [MESSAGE][PASSED] - Scroll to object 'Object Repository/RAD_Pages/PaymentAmount_Page/input__paymentAmount' successfully

2024-01-13 23:04:30 - [TEST_STEP][PASSED] - setText(findTestObject(orPath_AddressContact + "/input_eMailAddress"), "imtiazster@gmail.com"): Text 'imtiazster@gmail.com' is set on object 'Object Repository/RAD_Pages/AddressAndContactInfo_Page/input_eMailAddress'

2024-01-13 23:04:31 - [MESSAGE][PASSED] - Text 'imtiazster@gmail.com' is set on object 'Object Repository/RAD_Pages/AddressAndContactInfo_Page/input_eMailAddress'

2024-01-13 23:04:31 - [TEST_STEP][PASSED] - setText(findTestObject(orPath_AddressContact + "/input_reEnterEMailAddress"), "iahmed@govolution.com"): Text 'iahmed@govolution.com' is set on object 'Object Repository/RAD_Pages/AddressAndContactInfo_Page/input_reEnterEMailAddress'

2024-01-13 23:04:32 - [MESSAGE][PASSED] - Text 'iahmed@govolution.com' is set on object 'Object Repository/RAD_Pages/AddressAndContactInfo_Page/input_reEnterEMailAddress'

2024-01-13 23:04:32 - [TEST_STEP][PASSED] - delay(2): Delayed 2 second(s)

2024-01-13 23:04:34 - [MESSAGE][PASSED] - Delayed 2 second(s)

2024-01-13 23:04:34 - [TEST_STEP][PASSED] - if (verifyTextPresent("The Email and Re-enter email do not match", true)): null

2024-01-13 23:04:34 - [MESSAGE][PASSED] - Text 'The Email and Re-enter email do not match' is present on page  using regular expression

2024-01-13 23:04:34 - [TEST_STEP][PASSED] - println("Emails Dont match text is present"): null

2024-01-13 23:04:34 - [TEST_STEP][PASSED] - out.println("Pass Record Number: " + row): null

2024-01-13 23:04:34 - [TEST_STEP][PASSED] - resText = "Pass": null

2024-01-13 23:04:34 - [TEST_STEP][PASSED] - pages.WriteExcel.demoKey(resText, datText, resColumn, datCloumn, fileLoc, nameSheet, row): pages.WriteExcel.demoKey is PASSED

2024-01-13 23:04:34 - [MESSAGE][PASSED] - pages.WriteExcel.demoKey is PASSED

2024-01-13 23:04:34 - [TEST_STEP][PASSED] - ExecuteTC = findTestData(dataFile).getValue("Execute", row): null

2024-01-13 23:04:34 - [TEST_STEP][PASSED] - Taxtype = findTestData(dataFile).getValue("TaxType", row): null

2024-01-13 23:04:34 - [TEST_STEP][PASSED] - Paymenttype = findTestData(dataFile).getValue("PaymentType", row): null

2024-01-13 23:04:34 - [TEST_STEP][PASSED] - out.println("Value of Execute is : " + ExecuteTC): null

2024-01-13 23:04:34 - [TEST_STEP][PASSED] - if (ExecuteTC.equalsIgnoreCase("Y")): null

2024-01-13 23:04:34 - [TEST_STEP][PASSED] - out.println("Begin Record Number: " + row): null

2024-01-13 23:04:34 - [TEST_STEP][PASSED] - today = new java.util.Date(): null

2024-01-13 23:04:34 - [TEST_STEP][PASSED] - println(today): null

2024-01-13 23:04:34 - [TEST_STEP][PASSED] - datText = today: null

2024-01-13 23:04:34 - [TEST_STEP][PASSED] - Taxtype = findTestData(dataFile).getValue("TaxType", row): null

2024-01-13 23:04:34 - [TEST_STEP][PASSED] - out.println("Taxtype value is : " + Taxtype): null

2024-01-13 23:04:34 - [TEST_STEP][PASSED] - openBrowser(""): Browser is opened with url: ''

2024-01-13 23:04:34 - [MESSAGE][WARNING] - A browser is already opened. Closing browser and opening a new one

2024-01-13 23:04:35 - [MESSAGE][INFO] - Starting 'Chrome' driver

2024-01-13 23:04:35 - [MESSAGE][INFO] - User set preference: ['acceptInsecureCerts', 'true']

2024-01-13 23:04:35 - [MESSAGE][INFO] - Action delay is set to 0 milliseconds

2024-01-13 23:04:37 - [MESSAGE][PASSED] - Browser is opened with url: ''

2024-01-13 23:04:37 - [TEST_STEP][PASSED] - maximizeWindow(): Current window maximized

2024-01-13 23:04:37 - [MESSAGE][PASSED] - Current window maximized

2024-01-13 23:04:37 - [TEST_STEP][PASSED] - navigateToUrl(RADurl): Navigate to 'https://qa2.velocitypayment.com/client/rad/index.html' successfully

2024-01-13 23:04:38 - [MESSAGE][PASSED] - Navigate to 'https://qa2.velocitypayment.com/client/rad/index.html' successfully

2024-01-13 23:04:38 - [TEST_STEP][PASSED] - orPath_Landing = "Object Repository/RAD_Pages/Landing_Page": null

2024-01-13 23:04:38 - [TEST_STEP][PASSED] - orPath_TaxTypeFilingYear = "Object Repository/RAD_Pages/TaxTypeFilingYear_Page": null

2024-01-13 23:04:38 - [TEST_STEP][PASSED] - orPath_TaxPayer = "Object Repository/RAD_Pages/Taxpayer_Page": null

2024-01-13 23:04:38 - [TEST_STEP][PASSED] - orPath_AddressContact = "Object Repository/RAD_Pages/AddressAndContactInfo_Page": null

2024-01-13 23:04:38 - [TEST_STEP][PASSED] - orPath_FilingStatus = "Object Repository/RAD_Pages/FilingStatus_Page": null

2024-01-13 23:04:38 - [TEST_STEP][PASSED] - orPath_Amount = "Object Repository/RAD_Pages/PaymentAmount_Page": null

2024-01-13 23:04:38 - [TEST_STEP][PASSED] - selectOptionByLabel(findTestObject(orPath_Landing + "/dd_TaxType"), Paymenttype, false): All options with label 'New Tax Return Amount Due' are selected in object 'Object Repository/RAD_Pages/Landing_Page/dd_TaxType' 

2024-01-13 23:04:39 - [MESSAGE][PASSED] - All options with label 'New Tax Return Amount Due' are selected in object 'Object Repository/RAD_Pages/Landing_Page/dd_TaxType' 

2024-01-13 23:04:39 - [TEST_STEP][PASSED] - delay(1): Delayed 1 second(s)

2024-01-13 23:04:40 - [MESSAGE][PASSED] - Delayed 1 second(s)

2024-01-13 23:04:40 - [TEST_STEP][PASSED] - switch (Paymenttype): null

2024-01-13 23:04:40 - [TEST_STEP][PASSED] - case "New Tax Return Amount Due":: null

2024-01-13 23:04:40 - [TEST_STEP][PASSED] - selectOptionByLabel(findTestObject("Object Repository/RAD_Pages/Landing_Page/select_NewTaxReturnAmountDue_TaxType"), Taxtype, false): All options with label 'Tire Recycling Fee' are selected in object 'Object Repository/RAD_Pages/Landing_Page/select_NewTaxReturnAmountDue_TaxType' 

2024-01-13 23:04:41 - [MESSAGE][PASSED] - All options with label 'Tire Recycling Fee' are selected in object 'Object Repository/RAD_Pages/Landing_Page/select_NewTaxReturnAmountDue_TaxType' 

2024-01-13 23:04:41 - [TEST_STEP][PASSED] - break: null

2024-01-13 23:04:41 - [TEST_STEP][PASSED] - delay(1): Delayed 1 second(s)

2024-01-13 23:04:42 - [MESSAGE][PASSED] - Delayed 1 second(s)

2024-01-13 23:04:42 - [TEST_STEP][PASSED] - scrollToElement(findTestObject(orPath_Amount + "/input__paymentAmount"), 3): Scroll to object 'Object Repository/RAD_Pages/PaymentAmount_Page/input__paymentAmount' successfully

2024-01-13 23:04:42 - [MESSAGE][PASSED] - Scroll to object 'Object Repository/RAD_Pages/PaymentAmount_Page/input__paymentAmount' successfully

2024-01-13 23:04:42 - [TEST_STEP][PASSED] - setText(findTestObject(orPath_AddressContact + "/input_eMailAddress"), "imtiazster@gmail.com"): Text 'imtiazster@gmail.com' is set on object 'Object Repository/RAD_Pages/AddressAndContactInfo_Page/input_eMailAddress'

2024-01-13 23:04:43 - [MESSAGE][PASSED] - Text 'imtiazster@gmail.com' is set on object 'Object Repository/RAD_Pages/AddressAndContactInfo_Page/input_eMailAddress'

2024-01-13 23:04:43 - [TEST_STEP][PASSED] - setText(findTestObject(orPath_AddressContact + "/input_reEnterEMailAddress"), "iahmed@govolution.com"): Text 'iahmed@govolution.com' is set on object 'Object Repository/RAD_Pages/AddressAndContactInfo_Page/input_reEnterEMailAddress'

2024-01-13 23:04:44 - [MESSAGE][PASSED] - Text 'iahmed@govolution.com' is set on object 'Object Repository/RAD_Pages/AddressAndContactInfo_Page/input_reEnterEMailAddress'

2024-01-13 23:04:44 - [TEST_STEP][PASSED] - delay(2): Delayed 2 second(s)

2024-01-13 23:04:46 - [MESSAGE][PASSED] - Delayed 2 second(s)

2024-01-13 23:04:46 - [TEST_STEP][PASSED] - if (verifyTextPresent("The Email and Re-enter email do not match", true)): null

2024-01-13 23:04:46 - [MESSAGE][PASSED] - Text 'The Email and Re-enter email do not match' is present on page  using regular expression

2024-01-13 23:04:46 - [TEST_STEP][PASSED] - println("Emails Dont match text is present"): null

2024-01-13 23:04:46 - [TEST_STEP][PASSED] - out.println("Pass Record Number: " + row): null

2024-01-13 23:04:46 - [TEST_STEP][PASSED] - resText = "Pass": null

2024-01-13 23:04:46 - [TEST_STEP][PASSED] - pages.WriteExcel.demoKey(resText, datText, resColumn, datCloumn, fileLoc, nameSheet, row): pages.WriteExcel.demoKey is PASSED

2024-01-13 23:04:46 - [MESSAGE][PASSED] - pages.WriteExcel.demoKey is PASSED

2024-01-13 23:04:46 - [TEST_STEP][PASSED] - ExecuteTC = findTestData(dataFile).getValue("Execute", row): null

2024-01-13 23:04:46 - [TEST_STEP][PASSED] - Taxtype = findTestData(dataFile).getValue("TaxType", row): null

2024-01-13 23:04:46 - [TEST_STEP][PASSED] - Paymenttype = findTestData(dataFile).getValue("PaymentType", row): null

2024-01-13 23:04:46 - [TEST_STEP][PASSED] - out.println("Value of Execute is : " + ExecuteTC): null

2024-01-13 23:04:46 - [TEST_STEP][PASSED] - if (ExecuteTC.equalsIgnoreCase("Y")): null

2024-01-13 23:04:46 - [TEST_STEP][PASSED] - out.println("Begin Record Number: " + row): null

2024-01-13 23:04:46 - [TEST_STEP][PASSED] - today = new java.util.Date(): null

2024-01-13 23:04:46 - [TEST_STEP][PASSED] - println(today): null

2024-01-13 23:04:46 - [TEST_STEP][PASSED] - datText = today: null

2024-01-13 23:04:46 - [TEST_STEP][PASSED] - Taxtype = findTestData(dataFile).getValue("TaxType", row): null

2024-01-13 23:04:46 - [TEST_STEP][PASSED] - out.println("Taxtype value is : " + Taxtype): null

2024-01-13 23:04:46 - [TEST_STEP][PASSED] - openBrowser(""): Browser is opened with url: ''

2024-01-13 23:04:46 - [MESSAGE][WARNING] - A browser is already opened. Closing browser and opening a new one

2024-01-13 23:04:47 - [MESSAGE][INFO] - Starting 'Chrome' driver

2024-01-13 23:04:47 - [MESSAGE][INFO] - User set preference: ['acceptInsecureCerts', 'true']

2024-01-13 23:04:47 - [MESSAGE][INFO] - Action delay is set to 0 milliseconds

2024-01-13 23:04:49 - [MESSAGE][PASSED] - Browser is opened with url: ''

2024-01-13 23:04:49 - [TEST_STEP][PASSED] - maximizeWindow(): Current window maximized

2024-01-13 23:04:49 - [MESSAGE][PASSED] - Current window maximized

2024-01-13 23:04:49 - [TEST_STEP][PASSED] - navigateToUrl(RADurl): Navigate to 'https://qa2.velocitypayment.com/client/rad/index.html' successfully

2024-01-13 23:04:50 - [MESSAGE][PASSED] - Navigate to 'https://qa2.velocitypayment.com/client/rad/index.html' successfully

2024-01-13 23:04:50 - [TEST_STEP][PASSED] - orPath_Landing = "Object Repository/RAD_Pages/Landing_Page": null

2024-01-13 23:04:50 - [TEST_STEP][PASSED] - orPath_TaxTypeFilingYear = "Object Repository/RAD_Pages/TaxTypeFilingYear_Page": null

2024-01-13 23:04:50 - [TEST_STEP][PASSED] - orPath_TaxPayer = "Object Repository/RAD_Pages/Taxpayer_Page": null

2024-01-13 23:04:50 - [TEST_STEP][PASSED] - orPath_AddressContact = "Object Repository/RAD_Pages/AddressAndContactInfo_Page": null

2024-01-13 23:04:50 - [TEST_STEP][PASSED] - orPath_FilingStatus = "Object Repository/RAD_Pages/FilingStatus_Page": null

2024-01-13 23:04:50 - [TEST_STEP][PASSED] - orPath_Amount = "Object Repository/RAD_Pages/PaymentAmount_Page": null

2024-01-13 23:04:50 - [TEST_STEP][PASSED] - selectOptionByLabel(findTestObject(orPath_Landing + "/dd_TaxType"), Paymenttype, false): All options with label 'New Tax Return Amount Due' are selected in object 'Object Repository/RAD_Pages/Landing_Page/dd_TaxType' 

2024-01-13 23:04:51 - [MESSAGE][PASSED] - All options with label 'New Tax Return Amount Due' are selected in object 'Object Repository/RAD_Pages/Landing_Page/dd_TaxType' 

2024-01-13 23:04:51 - [TEST_STEP][PASSED] - delay(1): Delayed 1 second(s)

2024-01-13 23:04:52 - [MESSAGE][PASSED] - Delayed 1 second(s)

2024-01-13 23:04:52 - [TEST_STEP][PASSED] - switch (Paymenttype): null

2024-01-13 23:04:52 - [TEST_STEP][PASSED] - case "New Tax Return Amount Due":: null

2024-01-13 23:04:52 - [TEST_STEP][PASSED] - selectOptionByLabel(findTestObject("Object Repository/RAD_Pages/Landing_Page/select_NewTaxReturnAmountDue_TaxType"), Taxtype, false): All options with label 'Tobacco Tax' are selected in object 'Object Repository/RAD_Pages/Landing_Page/select_NewTaxReturnAmountDue_TaxType' 

2024-01-13 23:04:53 - [MESSAGE][PASSED] - All options with label 'Tobacco Tax' are selected in object 'Object Repository/RAD_Pages/Landing_Page/select_NewTaxReturnAmountDue_TaxType' 

2024-01-13 23:04:53 - [TEST_STEP][PASSED] - break: null

2024-01-13 23:04:53 - [TEST_STEP][PASSED] - delay(1): Delayed 1 second(s)

2024-01-13 23:04:54 - [MESSAGE][PASSED] - Delayed 1 second(s)

2024-01-13 23:04:54 - [TEST_STEP][PASSED] - scrollToElement(findTestObject(orPath_Amount + "/input__paymentAmount"), 3): Scroll to object 'Object Repository/RAD_Pages/PaymentAmount_Page/input__paymentAmount' successfully

2024-01-13 23:04:54 - [MESSAGE][PASSED] - Scroll to object 'Object Repository/RAD_Pages/PaymentAmount_Page/input__paymentAmount' successfully

2024-01-13 23:04:54 - [TEST_STEP][PASSED] - setText(findTestObject(orPath_AddressContact + "/input_eMailAddress"), "imtiazster@gmail.com"): Text 'imtiazster@gmail.com' is set on object 'Object Repository/RAD_Pages/AddressAndContactInfo_Page/input_eMailAddress'

2024-01-13 23:04:55 - [MESSAGE][PASSED] - Text 'imtiazster@gmail.com' is set on object 'Object Repository/RAD_Pages/AddressAndContactInfo_Page/input_eMailAddress'

2024-01-13 23:04:55 - [TEST_STEP][PASSED] - setText(findTestObject(orPath_AddressContact + "/input_reEnterEMailAddress"), "iahmed@govolution.com"): Text 'iahmed@govolution.com' is set on object 'Object Repository/RAD_Pages/AddressAndContactInfo_Page/input_reEnterEMailAddress'

2024-01-13 23:04:56 - [MESSAGE][PASSED] - Text 'iahmed@govolution.com' is set on object 'Object Repository/RAD_Pages/AddressAndContactInfo_Page/input_reEnterEMailAddress'

2024-01-13 23:04:56 - [TEST_STEP][PASSED] - delay(2): Delayed 2 second(s)

2024-01-13 23:04:58 - [MESSAGE][PASSED] - Delayed 2 second(s)

2024-01-13 23:04:58 - [TEST_STEP][PASSED] - if (verifyTextPresent("The Email and Re-enter email do not match", true)): null

2024-01-13 23:04:58 - [MESSAGE][PASSED] - Text 'The Email and Re-enter email do not match' is present on page  using regular expression

2024-01-13 23:04:58 - [TEST_STEP][PASSED] - println("Emails Dont match text is present"): null

2024-01-13 23:04:58 - [TEST_STEP][PASSED] - out.println("Pass Record Number: " + row): null

2024-01-13 23:04:58 - [TEST_STEP][PASSED] - resText = "Pass": null

2024-01-13 23:04:58 - [TEST_STEP][PASSED] - pages.WriteExcel.demoKey(resText, datText, resColumn, datCloumn, fileLoc, nameSheet, row): pages.WriteExcel.demoKey is PASSED

2024-01-13 23:04:58 - [MESSAGE][PASSED] - pages.WriteExcel.demoKey is PASSED

2024-01-13 23:04:58 - [TEST_STEP][PASSED] - ExecuteTC = findTestData(dataFile).getValue("Execute", row): null

2024-01-13 23:04:58 - [TEST_STEP][PASSED] - Taxtype = findTestData(dataFile).getValue("TaxType", row): null

2024-01-13 23:04:58 - [TEST_STEP][PASSED] - Paymenttype = findTestData(dataFile).getValue("PaymentType", row): null

2024-01-13 23:04:58 - [TEST_STEP][PASSED] - out.println("Value of Execute is : " + ExecuteTC): null

2024-01-13 23:04:58 - [TEST_STEP][PASSED] - if (ExecuteTC.equalsIgnoreCase("Y")): null

2024-01-13 23:04:58 - [TEST_STEP][PASSED] - out.println("Begin Record Number: " + row): null

2024-01-13 23:04:58 - [TEST_STEP][PASSED] - today = new java.util.Date(): null

2024-01-13 23:04:58 - [TEST_STEP][PASSED] - println(today): null

2024-01-13 23:04:58 - [TEST_STEP][PASSED] - datText = today: null

2024-01-13 23:04:58 - [TEST_STEP][PASSED] - Taxtype = findTestData(dataFile).getValue("TaxType", row): null

2024-01-13 23:04:58 - [TEST_STEP][PASSED] - out.println("Taxtype value is : " + Taxtype): null

2024-01-13 23:04:58 - [TEST_STEP][PASSED] - openBrowser(""): Browser is opened with url: ''

2024-01-13 23:04:58 - [MESSAGE][WARNING] - A browser is already opened. Closing browser and opening a new one

2024-01-13 23:04:59 - [MESSAGE][INFO] - Starting 'Chrome' driver

2024-01-13 23:04:59 - [MESSAGE][INFO] - User set preference: ['acceptInsecureCerts', 'true']

2024-01-13 23:04:59 - [MESSAGE][INFO] - Action delay is set to 0 milliseconds

2024-01-13 23:05:01 - [MESSAGE][PASSED] - Browser is opened with url: ''

2024-01-13 23:05:01 - [TEST_STEP][PASSED] - maximizeWindow(): Current window maximized

2024-01-13 23:05:01 - [MESSAGE][PASSED] - Current window maximized

2024-01-13 23:05:01 - [TEST_STEP][PASSED] - navigateToUrl(RADurl): Navigate to 'https://qa2.velocitypayment.com/client/rad/index.html' successfully

2024-01-13 23:05:01 - [MESSAGE][PASSED] - Navigate to 'https://qa2.velocitypayment.com/client/rad/index.html' successfully

2024-01-13 23:05:01 - [TEST_STEP][PASSED] - orPath_Landing = "Object Repository/RAD_Pages/Landing_Page": null

2024-01-13 23:05:01 - [TEST_STEP][PASSED] - orPath_TaxTypeFilingYear = "Object Repository/RAD_Pages/TaxTypeFilingYear_Page": null

2024-01-13 23:05:01 - [TEST_STEP][PASSED] - orPath_TaxPayer = "Object Repository/RAD_Pages/Taxpayer_Page": null

2024-01-13 23:05:01 - [TEST_STEP][PASSED] - orPath_AddressContact = "Object Repository/RAD_Pages/AddressAndContactInfo_Page": null

2024-01-13 23:05:01 - [TEST_STEP][PASSED] - orPath_FilingStatus = "Object Repository/RAD_Pages/FilingStatus_Page": null

2024-01-13 23:05:01 - [TEST_STEP][PASSED] - orPath_Amount = "Object Repository/RAD_Pages/PaymentAmount_Page": null

2024-01-13 23:05:01 - [TEST_STEP][PASSED] - selectOptionByLabel(findTestObject(orPath_Landing + "/dd_TaxType"), Paymenttype, false): All options with label 'New Tax Return Amount Due' are selected in object 'Object Repository/RAD_Pages/Landing_Page/dd_TaxType' 

2024-01-13 23:05:03 - [MESSAGE][PASSED] - All options with label 'New Tax Return Amount Due' are selected in object 'Object Repository/RAD_Pages/Landing_Page/dd_TaxType' 

2024-01-13 23:05:03 - [TEST_STEP][PASSED] - delay(1): Delayed 1 second(s)

2024-01-13 23:05:04 - [MESSAGE][PASSED] - Delayed 1 second(s)

2024-01-13 23:05:04 - [TEST_STEP][PASSED] - switch (Paymenttype): null

2024-01-13 23:05:04 - [TEST_STEP][PASSED] - case "New Tax Return Amount Due":: null

2024-01-13 23:05:04 - [TEST_STEP][PASSED] - selectOptionByLabel(findTestObject("Object Repository/RAD_Pages/Landing_Page/select_NewTaxReturnAmountDue_TaxType"), Taxtype, false): All options with label 'Transportation Network Services' are selected in object 'Object Repository/RAD_Pages/Landing_Page/select_NewTaxReturnAmountDue_TaxType' 

2024-01-13 23:05:05 - [MESSAGE][PASSED] - All options with label 'Transportation Network Services' are selected in object 'Object Repository/RAD_Pages/Landing_Page/select_NewTaxReturnAmountDue_TaxType' 

2024-01-13 23:05:05 - [TEST_STEP][PASSED] - break: null

2024-01-13 23:05:05 - [TEST_STEP][PASSED] - delay(1): Delayed 1 second(s)

2024-01-13 23:05:06 - [MESSAGE][PASSED] - Delayed 1 second(s)

2024-01-13 23:05:06 - [TEST_STEP][PASSED] - scrollToElement(findTestObject(orPath_Amount + "/input__paymentAmount"), 3): Scroll to object 'Object Repository/RAD_Pages/PaymentAmount_Page/input__paymentAmount' successfully

2024-01-13 23:05:06 - [MESSAGE][PASSED] - Scroll to object 'Object Repository/RAD_Pages/PaymentAmount_Page/input__paymentAmount' successfully

2024-01-13 23:05:06 - [TEST_STEP][PASSED] - setText(findTestObject(orPath_AddressContact + "/input_eMailAddress"), "imtiazster@gmail.com"): Text 'imtiazster@gmail.com' is set on object 'Object Repository/RAD_Pages/AddressAndContactInfo_Page/input_eMailAddress'

2024-01-13 23:05:07 - [MESSAGE][PASSED] - Text 'imtiazster@gmail.com' is set on object 'Object Repository/RAD_Pages/AddressAndContactInfo_Page/input_eMailAddress'

2024-01-13 23:05:07 - [TEST_STEP][PASSED] - setText(findTestObject(orPath_AddressContact + "/input_reEnterEMailAddress"), "iahmed@govolution.com"): Text 'iahmed@govolution.com' is set on object 'Object Repository/RAD_Pages/AddressAndContactInfo_Page/input_reEnterEMailAddress'

2024-01-13 23:05:08 - [MESSAGE][PASSED] - Text 'iahmed@govolution.com' is set on object 'Object Repository/RAD_Pages/AddressAndContactInfo_Page/input_reEnterEMailAddress'

2024-01-13 23:05:08 - [TEST_STEP][PASSED] - delay(2): Delayed 2 second(s)

2024-01-13 23:05:10 - [MESSAGE][PASSED] - Delayed 2 second(s)

2024-01-13 23:05:10 - [TEST_STEP][PASSED] - if (verifyTextPresent("The Email and Re-enter email do not match", true)): null

2024-01-13 23:05:10 - [MESSAGE][PASSED] - Text 'The Email and Re-enter email do not match' is present on page  using regular expression

2024-01-13 23:05:10 - [TEST_STEP][PASSED] - println("Emails Dont match text is present"): null

2024-01-13 23:05:10 - [TEST_STEP][PASSED] - out.println("Pass Record Number: " + row): null

2024-01-13 23:05:10 - [TEST_STEP][PASSED] - resText = "Pass": null

2024-01-13 23:05:10 - [TEST_STEP][PASSED] - pages.WriteExcel.demoKey(resText, datText, resColumn, datCloumn, fileLoc, nameSheet, row): pages.WriteExcel.demoKey is PASSED

2024-01-13 23:05:10 - [MESSAGE][PASSED] - pages.WriteExcel.demoKey is PASSED

2024-01-13 23:05:10 - [TEST_STEP][PASSED] - ExecuteTC = findTestData(dataFile).getValue("Execute", row): null

2024-01-13 23:05:10 - [TEST_STEP][PASSED] - Taxtype = findTestData(dataFile).getValue("TaxType", row): null

2024-01-13 23:05:10 - [TEST_STEP][PASSED] - Paymenttype = findTestData(dataFile).getValue("PaymentType", row): null

2024-01-13 23:05:10 - [TEST_STEP][PASSED] - out.println("Value of Execute is : " + ExecuteTC): null

2024-01-13 23:05:10 - [TEST_STEP][PASSED] - if (ExecuteTC.equalsIgnoreCase("Y")): null

2024-01-13 23:05:10 - [TEST_STEP][PASSED] - out.println("Begin Record Number: " + row): null

2024-01-13 23:05:10 - [TEST_STEP][PASSED] - today = new java.util.Date(): null

2024-01-13 23:05:10 - [TEST_STEP][PASSED] - println(today): null

2024-01-13 23:05:10 - [TEST_STEP][PASSED] - datText = today: null

2024-01-13 23:05:10 - [TEST_STEP][PASSED] - Taxtype = findTestData(dataFile).getValue("TaxType", row): null

2024-01-13 23:05:10 - [TEST_STEP][PASSED] - out.println("Taxtype value is : " + Taxtype): null

2024-01-13 23:05:10 - [TEST_STEP][PASSED] - openBrowser(""): Browser is opened with url: ''

2024-01-13 23:05:10 - [MESSAGE][WARNING] - A browser is already opened. Closing browser and opening a new one

2024-01-13 23:05:11 - [MESSAGE][INFO] - Starting 'Chrome' driver

2024-01-13 23:05:11 - [MESSAGE][INFO] - User set preference: ['acceptInsecureCerts', 'true']

2024-01-13 23:05:11 - [MESSAGE][INFO] - Action delay is set to 0 milliseconds

2024-01-13 23:05:13 - [MESSAGE][PASSED] - Browser is opened with url: ''

2024-01-13 23:05:13 - [TEST_STEP][PASSED] - maximizeWindow(): Current window maximized

2024-01-13 23:05:13 - [MESSAGE][PASSED] - Current window maximized

2024-01-13 23:05:13 - [TEST_STEP][PASSED] - navigateToUrl(RADurl): Navigate to 'https://qa2.velocitypayment.com/client/rad/index.html' successfully

2024-01-13 23:05:14 - [MESSAGE][PASSED] - Navigate to 'https://qa2.velocitypayment.com/client/rad/index.html' successfully

2024-01-13 23:05:14 - [TEST_STEP][PASSED] - orPath_Landing = "Object Repository/RAD_Pages/Landing_Page": null

2024-01-13 23:05:14 - [TEST_STEP][PASSED] - orPath_TaxTypeFilingYear = "Object Repository/RAD_Pages/TaxTypeFilingYear_Page": null

2024-01-13 23:05:14 - [TEST_STEP][PASSED] - orPath_TaxPayer = "Object Repository/RAD_Pages/Taxpayer_Page": null

2024-01-13 23:05:14 - [TEST_STEP][PASSED] - orPath_AddressContact = "Object Repository/RAD_Pages/AddressAndContactInfo_Page": null

2024-01-13 23:05:14 - [TEST_STEP][PASSED] - orPath_FilingStatus = "Object Repository/RAD_Pages/FilingStatus_Page": null

2024-01-13 23:05:14 - [TEST_STEP][PASSED] - orPath_Amount = "Object Repository/RAD_Pages/PaymentAmount_Page": null

2024-01-13 23:05:14 - [TEST_STEP][PASSED] - selectOptionByLabel(findTestObject(orPath_Landing + "/dd_TaxType"), Paymenttype, false): All options with label 'New Tax Return Amount Due' are selected in object 'Object Repository/RAD_Pages/Landing_Page/dd_TaxType' 

2024-01-13 23:05:15 - [MESSAGE][PASSED] - All options with label 'New Tax Return Amount Due' are selected in object 'Object Repository/RAD_Pages/Landing_Page/dd_TaxType' 

2024-01-13 23:05:15 - [TEST_STEP][PASSED] - delay(1): Delayed 1 second(s)

2024-01-13 23:05:16 - [MESSAGE][PASSED] - Delayed 1 second(s)

2024-01-13 23:05:16 - [TEST_STEP][PASSED] - switch (Paymenttype): null

2024-01-13 23:05:16 - [TEST_STEP][PASSED] - case "New Tax Return Amount Due":: null

2024-01-13 23:05:16 - [TEST_STEP][PASSED] - selectOptionByLabel(findTestObject("Object Repository/RAD_Pages/Landing_Page/select_NewTaxReturnAmountDue_TaxType"), Taxtype, false): All options with label 'Unclaimed Property' are selected in object 'Object Repository/RAD_Pages/Landing_Page/select_NewTaxReturnAmountDue_TaxType' 

2024-01-13 23:05:17 - [MESSAGE][PASSED] - All options with label 'Unclaimed Property' are selected in object 'Object Repository/RAD_Pages/Landing_Page/select_NewTaxReturnAmountDue_TaxType' 

2024-01-13 23:05:17 - [TEST_STEP][PASSED] - break: null

2024-01-13 23:05:17 - [TEST_STEP][PASSED] - delay(1): Delayed 1 second(s)

2024-01-13 23:05:18 - [MESSAGE][PASSED] - Delayed 1 second(s)

2024-01-13 23:05:18 - [TEST_STEP][PASSED] - scrollToElement(findTestObject(orPath_Amount + "/input__paymentAmount"), 3): Scroll to object 'Object Repository/RAD_Pages/PaymentAmount_Page/input__paymentAmount' successfully

2024-01-13 23:05:18 - [MESSAGE][PASSED] - Scroll to object 'Object Repository/RAD_Pages/PaymentAmount_Page/input__paymentAmount' successfully

2024-01-13 23:05:18 - [TEST_STEP][PASSED] - setText(findTestObject(orPath_AddressContact + "/input_eMailAddress"), "imtiazster@gmail.com"): Text 'imtiazster@gmail.com' is set on object 'Object Repository/RAD_Pages/AddressAndContactInfo_Page/input_eMailAddress'

2024-01-13 23:05:19 - [MESSAGE][PASSED] - Text 'imtiazster@gmail.com' is set on object 'Object Repository/RAD_Pages/AddressAndContactInfo_Page/input_eMailAddress'

2024-01-13 23:05:19 - [TEST_STEP][PASSED] - setText(findTestObject(orPath_AddressContact + "/input_reEnterEMailAddress"), "iahmed@govolution.com"): Text 'iahmed@govolution.com' is set on object 'Object Repository/RAD_Pages/AddressAndContactInfo_Page/input_reEnterEMailAddress'

2024-01-13 23:05:20 - [MESSAGE][PASSED] - Text 'iahmed@govolution.com' is set on object 'Object Repository/RAD_Pages/AddressAndContactInfo_Page/input_reEnterEMailAddress'

2024-01-13 23:05:20 - [TEST_STEP][PASSED] - delay(2): Delayed 2 second(s)

2024-01-13 23:05:22 - [MESSAGE][PASSED] - Delayed 2 second(s)

2024-01-13 23:05:22 - [TEST_STEP][PASSED] - if (verifyTextPresent("The Email and Re-enter email do not match", true)): null

2024-01-13 23:05:22 - [MESSAGE][PASSED] - Text 'The Email and Re-enter email do not match' is present on page  using regular expression

2024-01-13 23:05:22 - [TEST_STEP][PASSED] - println("Emails Dont match text is present"): null

2024-01-13 23:05:22 - [TEST_STEP][PASSED] - out.println("Pass Record Number: " + row): null

2024-01-13 23:05:22 - [TEST_STEP][PASSED] - resText = "Pass": null

2024-01-13 23:05:22 - [TEST_STEP][PASSED] - pages.WriteExcel.demoKey(resText, datText, resColumn, datCloumn, fileLoc, nameSheet, row): pages.WriteExcel.demoKey is PASSED

2024-01-13 23:05:22 - [MESSAGE][PASSED] - pages.WriteExcel.demoKey is PASSED

2024-01-13 23:05:22 - [TEST_STEP][PASSED] - ExecuteTC = findTestData(dataFile).getValue("Execute", row): null

2024-01-13 23:05:22 - [TEST_STEP][PASSED] - Taxtype = findTestData(dataFile).getValue("TaxType", row): null

2024-01-13 23:05:22 - [TEST_STEP][PASSED] - Paymenttype = findTestData(dataFile).getValue("PaymentType", row): null

2024-01-13 23:05:22 - [TEST_STEP][PASSED] - out.println("Value of Execute is : " + ExecuteTC): null

2024-01-13 23:05:22 - [TEST_STEP][PASSED] - if (ExecuteTC.equalsIgnoreCase("Y")): null

2024-01-13 23:05:22 - [TEST_STEP][PASSED] - out.println("Begin Record Number: " + row): null

2024-01-13 23:05:22 - [TEST_STEP][PASSED] - today = new java.util.Date(): null

2024-01-13 23:05:22 - [TEST_STEP][PASSED] - println(today): null

2024-01-13 23:05:22 - [TEST_STEP][PASSED] - datText = today: null

2024-01-13 23:05:22 - [TEST_STEP][PASSED] - Taxtype = findTestData(dataFile).getValue("TaxType", row): null

2024-01-13 23:05:22 - [TEST_STEP][PASSED] - out.println("Taxtype value is : " + Taxtype): null

2024-01-13 23:05:22 - [TEST_STEP][PASSED] - openBrowser(""): Browser is opened with url: ''

2024-01-13 23:05:22 - [MESSAGE][WARNING] - A browser is already opened. Closing browser and opening a new one

2024-01-13 23:05:23 - [MESSAGE][INFO] - Starting 'Chrome' driver

2024-01-13 23:05:23 - [MESSAGE][INFO] - User set preference: ['acceptInsecureCerts', 'true']

2024-01-13 23:05:23 - [MESSAGE][INFO] - Action delay is set to 0 milliseconds

2024-01-13 23:05:25 - [MESSAGE][PASSED] - Browser is opened with url: ''

2024-01-13 23:05:25 - [TEST_STEP][PASSED] - maximizeWindow(): Current window maximized

2024-01-13 23:05:25 - [MESSAGE][PASSED] - Current window maximized

2024-01-13 23:05:25 - [TEST_STEP][PASSED] - navigateToUrl(RADurl): Navigate to 'https://qa2.velocitypayment.com/client/rad/index.html' successfully

2024-01-13 23:05:26 - [MESSAGE][PASSED] - Navigate to 'https://qa2.velocitypayment.com/client/rad/index.html' successfully

2024-01-13 23:05:26 - [TEST_STEP][PASSED] - orPath_Landing = "Object Repository/RAD_Pages/Landing_Page": null

2024-01-13 23:05:26 - [TEST_STEP][PASSED] - orPath_TaxTypeFilingYear = "Object Repository/RAD_Pages/TaxTypeFilingYear_Page": null

2024-01-13 23:05:26 - [TEST_STEP][PASSED] - orPath_TaxPayer = "Object Repository/RAD_Pages/Taxpayer_Page": null

2024-01-13 23:05:26 - [TEST_STEP][PASSED] - orPath_AddressContact = "Object Repository/RAD_Pages/AddressAndContactInfo_Page": null

2024-01-13 23:05:26 - [TEST_STEP][PASSED] - orPath_FilingStatus = "Object Repository/RAD_Pages/FilingStatus_Page": null

2024-01-13 23:05:26 - [TEST_STEP][PASSED] - orPath_Amount = "Object Repository/RAD_Pages/PaymentAmount_Page": null

2024-01-13 23:05:26 - [TEST_STEP][PASSED] - selectOptionByLabel(findTestObject(orPath_Landing + "/dd_TaxType"), Paymenttype, false): All options with label 'New Tax Return Amount Due' are selected in object 'Object Repository/RAD_Pages/Landing_Page/dd_TaxType' 

2024-01-13 23:05:27 - [MESSAGE][PASSED] - All options with label 'New Tax Return Amount Due' are selected in object 'Object Repository/RAD_Pages/Landing_Page/dd_TaxType' 

2024-01-13 23:05:27 - [TEST_STEP][PASSED] - delay(1): Delayed 1 second(s)

2024-01-13 23:05:28 - [MESSAGE][PASSED] - Delayed 1 second(s)

2024-01-13 23:05:28 - [TEST_STEP][PASSED] - switch (Paymenttype): null

2024-01-13 23:05:28 - [TEST_STEP][PASSED] - case "New Tax Return Amount Due":: null

2024-01-13 23:05:28 - [TEST_STEP][PASSED] - selectOptionByLabel(findTestObject("Object Repository/RAD_Pages/Landing_Page/select_NewTaxReturnAmountDue_TaxType"), Taxtype, false): All options with label 'Withholding Tax' are selected in object 'Object Repository/RAD_Pages/Landing_Page/select_NewTaxReturnAmountDue_TaxType' 

2024-01-13 23:05:29 - [MESSAGE][PASSED] - All options with label 'Withholding Tax' are selected in object 'Object Repository/RAD_Pages/Landing_Page/select_NewTaxReturnAmountDue_TaxType' 

2024-01-13 23:05:29 - [TEST_STEP][PASSED] - break: null

2024-01-13 23:05:29 - [TEST_STEP][PASSED] - delay(1): Delayed 1 second(s)

2024-01-13 23:05:30 - [MESSAGE][PASSED] - Delayed 1 second(s)

2024-01-13 23:05:30 - [TEST_STEP][PASSED] - scrollToElement(findTestObject(orPath_Amount + "/input__paymentAmount"), 3): Scroll to object 'Object Repository/RAD_Pages/PaymentAmount_Page/input__paymentAmount' successfully

2024-01-13 23:05:30 - [MESSAGE][PASSED] - Scroll to object 'Object Repository/RAD_Pages/PaymentAmount_Page/input__paymentAmount' successfully

2024-01-13 23:05:30 - [TEST_STEP][PASSED] - setText(findTestObject(orPath_AddressContact + "/input_eMailAddress"), "imtiazster@gmail.com"): Text 'imtiazster@gmail.com' is set on object 'Object Repository/RAD_Pages/AddressAndContactInfo_Page/input_eMailAddress'

2024-01-13 23:05:31 - [MESSAGE][PASSED] - Text 'imtiazster@gmail.com' is set on object 'Object Repository/RAD_Pages/AddressAndContactInfo_Page/input_eMailAddress'

2024-01-13 23:05:31 - [TEST_STEP][PASSED] - setText(findTestObject(orPath_AddressContact + "/input_reEnterEMailAddress"), "iahmed@govolution.com"): Text 'iahmed@govolution.com' is set on object 'Object Repository/RAD_Pages/AddressAndContactInfo_Page/input_reEnterEMailAddress'

2024-01-13 23:05:32 - [MESSAGE][PASSED] - Text 'iahmed@govolution.com' is set on object 'Object Repository/RAD_Pages/AddressAndContactInfo_Page/input_reEnterEMailAddress'

2024-01-13 23:05:32 - [TEST_STEP][PASSED] - delay(2): Delayed 2 second(s)

2024-01-13 23:05:34 - [MESSAGE][PASSED] - Delayed 2 second(s)

2024-01-13 23:05:34 - [TEST_STEP][PASSED] - if (verifyTextPresent("The Email and Re-enter email do not match", true)): null

2024-01-13 23:05:34 - [MESSAGE][PASSED] - Text 'The Email and Re-enter email do not match' is present on page  using regular expression

2024-01-13 23:05:34 - [TEST_STEP][PASSED] - println("Emails Dont match text is present"): null

2024-01-13 23:05:34 - [TEST_STEP][PASSED] - out.println("Pass Record Number: " + row): null

2024-01-13 23:05:34 - [TEST_STEP][PASSED] - resText = "Pass": null

2024-01-13 23:05:34 - [TEST_STEP][PASSED] - pages.WriteExcel.demoKey(resText, datText, resColumn, datCloumn, fileLoc, nameSheet, row): pages.WriteExcel.demoKey is PASSED

2024-01-13 23:05:34 - [MESSAGE][PASSED] - pages.WriteExcel.demoKey is PASSED]]></system-out>
         <system-err><![CDATA[]]></system-err>
      </testcase>
      <testcase name="Test Cases/RAD_TestCases/Negative_TestCases/TaxPayerSSNNoMatch" time="37.807" classname="Test Cases/RAD_TestCases/Negative_TestCases/TaxPayerSSNNoMatch" status="PASSED">
         <system-out><![CDATA[2024-01-13 23:05:34 - [TEST_CASE][PASSED] - Test Cases/RAD_TestCases/Negative_TestCases/TaxPayerSSNNoMatch: Test Cases/RAD_TestCases/Negative_TestCases/TaxPayerSSNNoMatch

2024-01-13 23:05:35 - [TEST_STEP][PASSED] - resText = "Fail": null

2024-01-13 23:05:35 - [TEST_STEP][PASSED] - resColumn = "Result": null

2024-01-13 23:05:35 - [TEST_STEP][PASSED] - datCloumn = "Date": null

2024-01-13 23:05:35 - [TEST_STEP][PASSED] - fileLoc = "KatalonData/RADTestData/TaxPayerSSNNoMatch.xlsx": null

2024-01-13 23:05:35 - [TEST_STEP][PASSED] - nameSheet = "Sheet1": null

2024-01-13 23:05:35 - [TEST_STEP][PASSED] - dataFile = "RADTestData/TaxPayerSSNNoMatch": null

2024-01-13 23:05:35 - [TEST_STEP][PASSED] - ExecuteTC = <not implemented yet for class: org.codehaus.groovy.ast.expr.EmptyExpression>: null

2024-01-13 23:05:35 - [TEST_STEP][PASSED] - Taxtype = <not implemented yet for class: org.codehaus.groovy.ast.expr.EmptyExpression>: null

2024-01-13 23:05:35 - [TEST_STEP][PASSED] - numOfRows = findTestData(dataFile).getRowNumbers(): null

2024-01-13 23:05:35 - [TEST_STEP][PASSED] - println("Number of Records: " + numOfRows): null

2024-01-13 23:05:35 - [TEST_STEP][PASSED] - for ([row = 1, row <= numOfRows, (row++)]): null

2024-01-13 23:05:35 - [TEST_STEP][PASSED] - ExecuteTC = findTestData(dataFile).getValue("Execute", row): null

2024-01-13 23:05:35 - [TEST_STEP][PASSED] - Taxtype = findTestData(dataFile).getValue("TaxType", row): null

2024-01-13 23:05:35 - [TEST_STEP][PASSED] - Paymenttype = findTestData(dataFile).getValue("PaymentType", row): null

2024-01-13 23:05:35 - [TEST_STEP][PASSED] - out.println("Value of Execute is : " + ExecuteTC): null

2024-01-13 23:05:35 - [TEST_STEP][PASSED] - if (ExecuteTC.equalsIgnoreCase("Y")): null

2024-01-13 23:05:35 - [TEST_STEP][PASSED] - out.println("Begin Record Number: " + row): null

2024-01-13 23:05:35 - [TEST_STEP][PASSED] - today = new java.util.Date(): null

2024-01-13 23:05:35 - [TEST_STEP][PASSED] - println(today): null

2024-01-13 23:05:35 - [TEST_STEP][PASSED] - datText = today: null

2024-01-13 23:05:35 - [TEST_STEP][PASSED] - Taxtype = findTestData(dataFile).getValue("TaxType", row): null

2024-01-13 23:05:35 - [TEST_STEP][PASSED] - out.println("Taxtype value is : " + Taxtype): null

2024-01-13 23:05:35 - [TEST_STEP][PASSED] - openBrowser(""): Browser is opened with url: ''

2024-01-13 23:05:35 - [MESSAGE][WARNING] - A browser is already opened. Closing browser and opening a new one

2024-01-13 23:05:36 - [MESSAGE][INFO] - Starting 'Chrome' driver

2024-01-13 23:05:36 - [MESSAGE][INFO] - User set preference: ['acceptInsecureCerts', 'true']

2024-01-13 23:05:36 - [MESSAGE][INFO] - Action delay is set to 0 milliseconds

2024-01-13 23:05:37 - [MESSAGE][PASSED] - Browser is opened with url: ''

2024-01-13 23:05:37 - [TEST_STEP][PASSED] - maximizeWindow(): Current window maximized

2024-01-13 23:05:37 - [MESSAGE][PASSED] - Current window maximized

2024-01-13 23:05:37 - [TEST_STEP][PASSED] - navigateToUrl(RADurl): Navigate to 'https://qa2.velocitypayment.com/client/rad/index.html' successfully

2024-01-13 23:05:39 - [MESSAGE][PASSED] - Navigate to 'https://qa2.velocitypayment.com/client/rad/index.html' successfully

2024-01-13 23:05:39 - [TEST_STEP][PASSED] - orPath_Landing = "Object Repository/RAD_Pages/Landing_Page": null

2024-01-13 23:05:39 - [TEST_STEP][PASSED] - orPath_TaxTypeFilingYear = "Object Repository/RAD_Pages/TaxTypeFilingYear_Page": null

2024-01-13 23:05:39 - [TEST_STEP][PASSED] - orPath_TaxPayer = "Object Repository/RAD_Pages/Taxpayer_Page": null

2024-01-13 23:05:39 - [TEST_STEP][PASSED] - orPath_AddressContact = "Object Repository/RAD_Pages/AddressAndContactInfo_Page": null

2024-01-13 23:05:39 - [TEST_STEP][PASSED] - orPath_FilingStatus = "Object Repository/RAD_Pages/FilingStatus_Page": null

2024-01-13 23:05:39 - [TEST_STEP][PASSED] - orPath_Amount = "Object Repository/RAD_Pages/PaymentAmount_Page": null

2024-01-13 23:05:39 - [TEST_STEP][PASSED] - orPath_TaxInfo = "Object Repository/RAD_Pages/TaxInfo_Page": null

2024-01-13 23:05:39 - [TEST_STEP][PASSED] - selectOptionByLabel(findTestObject(orPath_Landing + "/dd_TaxType"), Paymenttype, false): All options with label 'Existing Liability w/Notice Number' are selected in object 'Object Repository/RAD_Pages/Landing_Page/dd_TaxType' 

2024-01-13 23:05:40 - [MESSAGE][PASSED] - All options with label 'Existing Liability w/Notice Number' are selected in object 'Object Repository/RAD_Pages/Landing_Page/dd_TaxType' 

2024-01-13 23:05:40 - [TEST_STEP][PASSED] - delay(1): Delayed 1 second(s)

2024-01-13 23:05:41 - [MESSAGE][PASSED] - Delayed 1 second(s)

2024-01-13 23:05:41 - [TEST_STEP][PASSED] - switch (Paymenttype): null

2024-01-13 23:05:41 - [TEST_STEP][PASSED] - case "Existing Liability w/Notice Number":: null

2024-01-13 23:05:41 - [TEST_STEP][PASSED] - selectOptionByLabel(findTestObject(orPath_TaxTypeFilingYear + "/select_TaxType_ExistingLiability"), Taxtype, false): All options with label 'Personal Income Tax' are selected in object 'Object Repository/RAD_Pages/TaxTypeFilingYear_Page/select_TaxType_ExistingLiability' 

2024-01-13 23:05:41 - [MESSAGE][PASSED] - All options with label 'Personal Income Tax' are selected in object 'Object Repository/RAD_Pages/TaxTypeFilingYear_Page/select_TaxType_ExistingLiability' 

2024-01-13 23:05:41 - [TEST_STEP][PASSED] - break: null

2024-01-13 23:05:41 - [TEST_STEP][PASSED] - delay(1): Delayed 1 second(s)

2024-01-13 23:05:42 - [MESSAGE][PASSED] - Delayed 1 second(s)

2024-01-13 23:05:42 - [TEST_STEP][PASSED] - scrollToElement(findTestObject(orPath_TaxPayer + "/input_firstName"), 3): Scroll to object 'Object Repository/RAD_Pages/Taxpayer_Page/input_firstName' successfully

2024-01-13 23:05:43 - [MESSAGE][PASSED] - Scroll to object 'Object Repository/RAD_Pages/Taxpayer_Page/input_firstName' successfully

2024-01-13 23:05:43 - [TEST_STEP][PASSED] - switch (Paymenttype): null

2024-01-13 23:05:43 - [TEST_STEP][PASSED] - case "Existing Liability w/Notice Number":: null

2024-01-13 23:05:43 - [TEST_STEP][PASSED] - setText(findTestObject(orPath_TaxInfo + "/input_Existing_SSN"), "111111111"): Text '111111111' is set on object 'Object Repository/RAD_Pages/TaxInfo_Page/input_Existing_SSN'

2024-01-13 23:05:43 - [MESSAGE][PASSED] - Text '111111111' is set on object 'Object Repository/RAD_Pages/TaxInfo_Page/input_Existing_SSN'

2024-01-13 23:05:43 - [TEST_STEP][PASSED] - setText(findTestObject(orPath_TaxInfo + "/input_Existing_RetypeSSN"), "222222222"): Text '222222222' is set on object 'Object Repository/RAD_Pages/TaxInfo_Page/input_Existing_RetypeSSN'

2024-01-13 23:05:44 - [MESSAGE][PASSED] - Text '222222222' is set on object 'Object Repository/RAD_Pages/TaxInfo_Page/input_Existing_RetypeSSN'

2024-01-13 23:05:44 - [TEST_STEP][PASSED] - setText(findTestObject(orPath_TaxPayer + "/input_lastName"), "Anderson"): Text 'Anderson' is set on object 'Object Repository/RAD_Pages/Taxpayer_Page/input_lastName'

2024-01-13 23:05:45 - [MESSAGE][PASSED] - Text 'Anderson' is set on object 'Object Repository/RAD_Pages/Taxpayer_Page/input_lastName'

2024-01-13 23:05:45 - [TEST_STEP][PASSED] - break: null

2024-01-13 23:05:45 - [TEST_STEP][PASSED] - delay(2): Delayed 2 second(s)

2024-01-13 23:05:47 - [MESSAGE][PASSED] - Delayed 2 second(s)

2024-01-13 23:05:47 - [TEST_STEP][PASSED] - if (verifyTextPresent("The SSN and Re-type SSN do not match", true)): null

2024-01-13 23:05:47 - [MESSAGE][PASSED] - Text 'The SSN and Re-type SSN do not match' is present on page  using regular expression

2024-01-13 23:05:47 - [TEST_STEP][PASSED] - println("Taxpayer SSN Dont match text is present"): null

2024-01-13 23:05:47 - [TEST_STEP][PASSED] - out.println("Pass Record Number: " + row): null

2024-01-13 23:05:47 - [TEST_STEP][PASSED] - resText = "Pass": null

2024-01-13 23:05:47 - [TEST_STEP][PASSED] - pages.WriteExcel.demoKey(resText, datText, resColumn, datCloumn, fileLoc, nameSheet, row): pages.WriteExcel.demoKey is PASSED

2024-01-13 23:05:47 - [MESSAGE][PASSED] - pages.WriteExcel.demoKey is PASSED

2024-01-13 23:05:47 - [TEST_STEP][PASSED] - ExecuteTC = findTestData(dataFile).getValue("Execute", row): null

2024-01-13 23:05:47 - [TEST_STEP][PASSED] - Taxtype = findTestData(dataFile).getValue("TaxType", row): null

2024-01-13 23:05:47 - [TEST_STEP][PASSED] - Paymenttype = findTestData(dataFile).getValue("PaymentType", row): null

2024-01-13 23:05:47 - [TEST_STEP][PASSED] - out.println("Value of Execute is : " + ExecuteTC): null

2024-01-13 23:05:47 - [TEST_STEP][PASSED] - if (ExecuteTC.equalsIgnoreCase("Y")): null

2024-01-13 23:05:47 - [TEST_STEP][PASSED] - out.println("Begin Record Number: " + row): null

2024-01-13 23:05:47 - [TEST_STEP][PASSED] - today = new java.util.Date(): null

2024-01-13 23:05:47 - [TEST_STEP][PASSED] - println(today): null

2024-01-13 23:05:47 - [TEST_STEP][PASSED] - datText = today: null

2024-01-13 23:05:47 - [TEST_STEP][PASSED] - Taxtype = findTestData(dataFile).getValue("TaxType", row): null

2024-01-13 23:05:47 - [TEST_STEP][PASSED] - out.println("Taxtype value is : " + Taxtype): null

2024-01-13 23:05:47 - [TEST_STEP][PASSED] - openBrowser(""): Browser is opened with url: ''

2024-01-13 23:05:47 - [MESSAGE][WARNING] - A browser is already opened. Closing browser and opening a new one

2024-01-13 23:05:48 - [MESSAGE][INFO] - Starting 'Chrome' driver

2024-01-13 23:05:48 - [MESSAGE][INFO] - User set preference: ['acceptInsecureCerts', 'true']

2024-01-13 23:05:48 - [MESSAGE][INFO] - Action delay is set to 0 milliseconds

2024-01-13 23:05:50 - [MESSAGE][PASSED] - Browser is opened with url: ''

2024-01-13 23:05:50 - [TEST_STEP][PASSED] - maximizeWindow(): Current window maximized

2024-01-13 23:05:50 - [MESSAGE][PASSED] - Current window maximized

2024-01-13 23:05:50 - [TEST_STEP][PASSED] - navigateToUrl(RADurl): Navigate to 'https://qa2.velocitypayment.com/client/rad/index.html' successfully

2024-01-13 23:05:50 - [MESSAGE][PASSED] - Navigate to 'https://qa2.velocitypayment.com/client/rad/index.html' successfully

2024-01-13 23:05:50 - [TEST_STEP][PASSED] - orPath_Landing = "Object Repository/RAD_Pages/Landing_Page": null

2024-01-13 23:05:50 - [TEST_STEP][PASSED] - orPath_TaxTypeFilingYear = "Object Repository/RAD_Pages/TaxTypeFilingYear_Page": null

2024-01-13 23:05:50 - [TEST_STEP][PASSED] - orPath_TaxPayer = "Object Repository/RAD_Pages/Taxpayer_Page": null

2024-01-13 23:05:50 - [TEST_STEP][PASSED] - orPath_AddressContact = "Object Repository/RAD_Pages/AddressAndContactInfo_Page": null

2024-01-13 23:05:50 - [TEST_STEP][PASSED] - orPath_FilingStatus = "Object Repository/RAD_Pages/FilingStatus_Page": null

2024-01-13 23:05:50 - [TEST_STEP][PASSED] - orPath_Amount = "Object Repository/RAD_Pages/PaymentAmount_Page": null

2024-01-13 23:05:50 - [TEST_STEP][PASSED] - orPath_TaxInfo = "Object Repository/RAD_Pages/TaxInfo_Page": null

2024-01-13 23:05:50 - [TEST_STEP][PASSED] - selectOptionByLabel(findTestObject(orPath_Landing + "/dd_TaxType"), Paymenttype, false): All options with label 'Quarterly Estimated Tax' are selected in object 'Object Repository/RAD_Pages/Landing_Page/dd_TaxType' 

2024-01-13 23:05:52 - [MESSAGE][PASSED] - All options with label 'Quarterly Estimated Tax' are selected in object 'Object Repository/RAD_Pages/Landing_Page/dd_TaxType' 

2024-01-13 23:05:52 - [TEST_STEP][PASSED] - delay(1): Delayed 1 second(s)

2024-01-13 23:05:53 - [MESSAGE][PASSED] - Delayed 1 second(s)

2024-01-13 23:05:53 - [TEST_STEP][PASSED] - switch (Paymenttype): null

2024-01-13 23:05:53 - [TEST_STEP][PASSED] - case "Quarterly Estimated Tax":: null

2024-01-13 23:05:53 - [TEST_STEP][PASSED] - selectOptionByLabel(findTestObject(orPath_TaxTypeFilingYear + "/select_PaymentType"), Taxtype, false): All options with label 'Personal Income Tax' are selected in object 'Object Repository/RAD_Pages/TaxTypeFilingYear_Page/select_PaymentType' 

2024-01-13 23:05:54 - [MESSAGE][PASSED] - All options with label 'Personal Income Tax' are selected in object 'Object Repository/RAD_Pages/TaxTypeFilingYear_Page/select_PaymentType' 

2024-01-13 23:05:54 - [TEST_STEP][PASSED] - break: null

2024-01-13 23:05:54 - [TEST_STEP][PASSED] - delay(1): Delayed 1 second(s)

2024-01-13 23:05:55 - [MESSAGE][PASSED] - Delayed 1 second(s)

2024-01-13 23:05:55 - [TEST_STEP][PASSED] - scrollToElement(findTestObject(orPath_TaxPayer + "/input_firstName"), 3): Scroll to object 'Object Repository/RAD_Pages/Taxpayer_Page/input_firstName' successfully

2024-01-13 23:05:55 - [MESSAGE][PASSED] - Scroll to object 'Object Repository/RAD_Pages/Taxpayer_Page/input_firstName' successfully

2024-01-13 23:05:55 - [TEST_STEP][PASSED] - switch (Paymenttype): null

2024-01-13 23:05:55 - [TEST_STEP][PASSED] - case "Quarterly Estimated Tax":: null

2024-01-13 23:05:55 - [TEST_STEP][PASSED] - setText(findTestObject("RAD_RecordAndPlay/input_concatSSN"), "111111111"): Text '111111111' is set on object 'Object Repository/RAD_RecordAndPlay/input_concatSSN'

2024-01-13 23:05:56 - [MESSAGE][PASSED] - Text '111111111' is set on object 'Object Repository/RAD_RecordAndPlay/input_concatSSN'

2024-01-13 23:05:56 - [TEST_STEP][PASSED] - setText(findTestObject("RAD_RecordAndPlay/input_concatReSSN"), "222222222"): Text '222222222' is set on object 'Object Repository/RAD_RecordAndPlay/input_concatReSSN'

2024-01-13 23:05:56 - [MESSAGE][PASSED] - Text '222222222' is set on object 'Object Repository/RAD_RecordAndPlay/input_concatReSSN'

2024-01-13 23:05:56 - [TEST_STEP][PASSED] - setText(findTestObject(orPath_TaxPayer + "/input_lastName"), "Anderson"): Text 'Anderson' is set on object 'Object Repository/RAD_Pages/Taxpayer_Page/input_lastName'

2024-01-13 23:05:57 - [MESSAGE][PASSED] - Text 'Anderson' is set on object 'Object Repository/RAD_Pages/Taxpayer_Page/input_lastName'

2024-01-13 23:05:57 - [TEST_STEP][PASSED] - break: null

2024-01-13 23:05:57 - [TEST_STEP][PASSED] - delay(2): Delayed 2 second(s)

2024-01-13 23:05:59 - [MESSAGE][PASSED] - Delayed 2 second(s)

2024-01-13 23:05:59 - [TEST_STEP][PASSED] - if (verifyTextPresent("The SSN and Re-type SSN do not match", true)): null

2024-01-13 23:06:00 - [MESSAGE][PASSED] - Text 'The SSN and Re-type SSN do not match' is present on page  using regular expression

2024-01-13 23:06:00 - [TEST_STEP][PASSED] - println("Taxpayer SSN Dont match text is present"): null

2024-01-13 23:06:00 - [TEST_STEP][PASSED] - out.println("Pass Record Number: " + row): null

2024-01-13 23:06:00 - [TEST_STEP][PASSED] - resText = "Pass": null

2024-01-13 23:06:00 - [TEST_STEP][PASSED] - pages.WriteExcel.demoKey(resText, datText, resColumn, datCloumn, fileLoc, nameSheet, row): pages.WriteExcel.demoKey is PASSED

2024-01-13 23:06:00 - [MESSAGE][PASSED] - pages.WriteExcel.demoKey is PASSED

2024-01-13 23:06:00 - [TEST_STEP][PASSED] - ExecuteTC = findTestData(dataFile).getValue("Execute", row): null

2024-01-13 23:06:00 - [TEST_STEP][PASSED] - Taxtype = findTestData(dataFile).getValue("TaxType", row): null

2024-01-13 23:06:00 - [TEST_STEP][PASSED] - Paymenttype = findTestData(dataFile).getValue("PaymentType", row): null

2024-01-13 23:06:00 - [TEST_STEP][PASSED] - out.println("Value of Execute is : " + ExecuteTC): null

2024-01-13 23:06:00 - [TEST_STEP][PASSED] - if (ExecuteTC.equalsIgnoreCase("Y")): null

2024-01-13 23:06:00 - [TEST_STEP][PASSED] - ExecuteTC = findTestData(dataFile).getValue("Execute", row): null

2024-01-13 23:06:00 - [TEST_STEP][PASSED] - Taxtype = findTestData(dataFile).getValue("TaxType", row): null

2024-01-13 23:06:00 - [TEST_STEP][PASSED] - Paymenttype = findTestData(dataFile).getValue("PaymentType", row): null

2024-01-13 23:06:00 - [TEST_STEP][PASSED] - out.println("Value of Execute is : " + ExecuteTC): null

2024-01-13 23:06:00 - [TEST_STEP][PASSED] - if (ExecuteTC.equalsIgnoreCase("Y")): null

2024-01-13 23:06:00 - [TEST_STEP][PASSED] - out.println("Begin Record Number: " + row): null

2024-01-13 23:06:00 - [TEST_STEP][PASSED] - today = new java.util.Date(): null

2024-01-13 23:06:00 - [TEST_STEP][PASSED] - println(today): null

2024-01-13 23:06:00 - [TEST_STEP][PASSED] - datText = today: null

2024-01-13 23:06:00 - [TEST_STEP][PASSED] - Taxtype = findTestData(dataFile).getValue("TaxType", row): null

2024-01-13 23:06:00 - [TEST_STEP][PASSED] - out.println("Taxtype value is : " + Taxtype): null

2024-01-13 23:06:00 - [TEST_STEP][PASSED] - openBrowser(""): Browser is opened with url: ''

2024-01-13 23:06:00 - [MESSAGE][WARNING] - A browser is already opened. Closing browser and opening a new one

2024-01-13 23:06:01 - [MESSAGE][INFO] - Starting 'Chrome' driver

2024-01-13 23:06:01 - [MESSAGE][INFO] - User set preference: ['acceptInsecureCerts', 'true']

2024-01-13 23:06:01 - [MESSAGE][INFO] - Action delay is set to 0 milliseconds

2024-01-13 23:06:02 - [MESSAGE][PASSED] - Browser is opened with url: ''

2024-01-13 23:06:02 - [TEST_STEP][PASSED] - maximizeWindow(): Current window maximized

2024-01-13 23:06:02 - [MESSAGE][PASSED] - Current window maximized

2024-01-13 23:06:02 - [TEST_STEP][PASSED] - navigateToUrl(RADurl): Navigate to 'https://qa2.velocitypayment.com/client/rad/index.html' successfully

2024-01-13 23:06:04 - [MESSAGE][PASSED] - Navigate to 'https://qa2.velocitypayment.com/client/rad/index.html' successfully

2024-01-13 23:06:04 - [TEST_STEP][PASSED] - orPath_Landing = "Object Repository/RAD_Pages/Landing_Page": null

2024-01-13 23:06:04 - [TEST_STEP][PASSED] - orPath_TaxTypeFilingYear = "Object Repository/RAD_Pages/TaxTypeFilingYear_Page": null

2024-01-13 23:06:04 - [TEST_STEP][PASSED] - orPath_TaxPayer = "Object Repository/RAD_Pages/Taxpayer_Page": null

2024-01-13 23:06:04 - [TEST_STEP][PASSED] - orPath_AddressContact = "Object Repository/RAD_Pages/AddressAndContactInfo_Page": null

2024-01-13 23:06:04 - [TEST_STEP][PASSED] - orPath_FilingStatus = "Object Repository/RAD_Pages/FilingStatus_Page": null

2024-01-13 23:06:04 - [TEST_STEP][PASSED] - orPath_Amount = "Object Repository/RAD_Pages/PaymentAmount_Page": null

2024-01-13 23:06:04 - [TEST_STEP][PASSED] - orPath_TaxInfo = "Object Repository/RAD_Pages/TaxInfo_Page": null

2024-01-13 23:06:04 - [TEST_STEP][PASSED] - selectOptionByLabel(findTestObject(orPath_Landing + "/dd_TaxType"), Paymenttype, false): All options with label 'New Tax Return Amount Due' are selected in object 'Object Repository/RAD_Pages/Landing_Page/dd_TaxType' 

2024-01-13 23:06:04 - [MESSAGE][PASSED] - All options with label 'New Tax Return Amount Due' are selected in object 'Object Repository/RAD_Pages/Landing_Page/dd_TaxType' 

2024-01-13 23:06:04 - [TEST_STEP][PASSED] - delay(1): Delayed 1 second(s)

2024-01-13 23:06:05 - [MESSAGE][PASSED] - Delayed 1 second(s)

2024-01-13 23:06:05 - [TEST_STEP][PASSED] - switch (Paymenttype): null

2024-01-13 23:06:05 - [TEST_STEP][PASSED] - case "New Tax Return Amount Due":: null

2024-01-13 23:06:05 - [TEST_STEP][PASSED] - selectOptionByLabel(findTestObject("Object Repository/RAD_Pages/Landing_Page/select_NewTaxReturnAmountDue_TaxType"), Taxtype, false): All options with label 'Personal Income Tax' are selected in object 'Object Repository/RAD_Pages/Landing_Page/select_NewTaxReturnAmountDue_TaxType' 

2024-01-13 23:06:06 - [MESSAGE][PASSED] - All options with label 'Personal Income Tax' are selected in object 'Object Repository/RAD_Pages/Landing_Page/select_NewTaxReturnAmountDue_TaxType' 

2024-01-13 23:06:06 - [TEST_STEP][PASSED] - break: null

2024-01-13 23:06:06 - [TEST_STEP][PASSED] - delay(1): Delayed 1 second(s)

2024-01-13 23:06:07 - [MESSAGE][PASSED] - Delayed 1 second(s)

2024-01-13 23:06:07 - [TEST_STEP][PASSED] - scrollToElement(findTestObject(orPath_TaxPayer + "/input_firstName"), 3): Scroll to object 'Object Repository/RAD_Pages/Taxpayer_Page/input_firstName' successfully

2024-01-13 23:06:07 - [MESSAGE][PASSED] - Scroll to object 'Object Repository/RAD_Pages/Taxpayer_Page/input_firstName' successfully

2024-01-13 23:06:07 - [TEST_STEP][PASSED] - switch (Paymenttype): null

2024-01-13 23:06:07 - [TEST_STEP][PASSED] - case "New Tax Return Amount Due":: null

2024-01-13 23:06:07 - [TEST_STEP][PASSED] - setText(findTestObject("RAD_RecordAndPlay/input_concatSSN"), "111111111"): Text '111111111' is set on object 'Object Repository/RAD_RecordAndPlay/input_concatSSN'

2024-01-13 23:06:08 - [MESSAGE][PASSED] - Text '111111111' is set on object 'Object Repository/RAD_RecordAndPlay/input_concatSSN'

2024-01-13 23:06:08 - [TEST_STEP][PASSED] - setText(findTestObject("RAD_RecordAndPlay/input_concatReSSN"), "222222222"): Text '222222222' is set on object 'Object Repository/RAD_RecordAndPlay/input_concatReSSN'

2024-01-13 23:06:09 - [MESSAGE][PASSED] - Text '222222222' is set on object 'Object Repository/RAD_RecordAndPlay/input_concatReSSN'

2024-01-13 23:06:09 - [TEST_STEP][PASSED] - setText(findTestObject(orPath_TaxPayer + "/input_lastName"), "Anderson"): Text 'Anderson' is set on object 'Object Repository/RAD_Pages/Taxpayer_Page/input_lastName'

2024-01-13 23:06:10 - [MESSAGE][PASSED] - Text 'Anderson' is set on object 'Object Repository/RAD_Pages/Taxpayer_Page/input_lastName'

2024-01-13 23:06:10 - [TEST_STEP][PASSED] - break: null

2024-01-13 23:06:10 - [TEST_STEP][PASSED] - delay(2): Delayed 2 second(s)

2024-01-13 23:06:12 - [MESSAGE][PASSED] - Delayed 2 second(s)

2024-01-13 23:06:12 - [TEST_STEP][PASSED] - if (verifyTextPresent("The SSN and Re-type SSN do not match", true)): null

2024-01-13 23:06:12 - [MESSAGE][PASSED] - Text 'The SSN and Re-type SSN do not match' is present on page  using regular expression

2024-01-13 23:06:12 - [TEST_STEP][PASSED] - println("Taxpayer SSN Dont match text is present"): null

2024-01-13 23:06:12 - [TEST_STEP][PASSED] - out.println("Pass Record Number: " + row): null

2024-01-13 23:06:12 - [TEST_STEP][PASSED] - resText = "Pass": null

2024-01-13 23:06:12 - [TEST_STEP][PASSED] - pages.WriteExcel.demoKey(resText, datText, resColumn, datCloumn, fileLoc, nameSheet, row): pages.WriteExcel.demoKey is PASSED

2024-01-13 23:06:12 - [MESSAGE][PASSED] - pages.WriteExcel.demoKey is PASSED]]></system-out>
         <system-err><![CDATA[]]></system-err>
      </testcase>
      <testcase name="Test Cases/RAD_TestCases/Negative_TestCases/SSNmoreThan9Error" time="35.416" classname="Test Cases/RAD_TestCases/Negative_TestCases/SSNmoreThan9Error" status="PASSED">
         <system-out><![CDATA[2024-01-13 23:06:12 - [TEST_CASE][PASSED] - Test Cases/RAD_TestCases/Negative_TestCases/SSNmoreThan9Error: Test Cases/RAD_TestCases/Negative_TestCases/SSNmoreThan9Error

2024-01-13 23:06:13 - [TEST_STEP][PASSED] - resText = "Fail": null

2024-01-13 23:06:13 - [TEST_STEP][PASSED] - resColumn = "Result": null

2024-01-13 23:06:13 - [TEST_STEP][PASSED] - datCloumn = "Date": null

2024-01-13 23:06:13 - [TEST_STEP][PASSED] - fileLoc = "KatalonData/RADTestData/SSNmoreThan9Error.xlsx": null

2024-01-13 23:06:13 - [TEST_STEP][PASSED] - nameSheet = "Sheet1": null

2024-01-13 23:06:13 - [TEST_STEP][PASSED] - dataFile = "RADTestData/SSNmoreThan9Error": null

2024-01-13 23:06:13 - [TEST_STEP][PASSED] - ExecuteTC = <not implemented yet for class: org.codehaus.groovy.ast.expr.EmptyExpression>: null

2024-01-13 23:06:13 - [TEST_STEP][PASSED] - Taxtype = <not implemented yet for class: org.codehaus.groovy.ast.expr.EmptyExpression>: null

2024-01-13 23:06:13 - [TEST_STEP][PASSED] - numOfRows = findTestData(dataFile).getRowNumbers(): null

2024-01-13 23:06:13 - [TEST_STEP][PASSED] - println("Number of Records: " + numOfRows): null

2024-01-13 23:06:13 - [TEST_STEP][PASSED] - for ([row = 1, row <= numOfRows, (row++)]): null

2024-01-13 23:06:13 - [TEST_STEP][PASSED] - ExecuteTC = findTestData(dataFile).getValue("Execute", row): null

2024-01-13 23:06:13 - [TEST_STEP][PASSED] - Taxtype = findTestData(dataFile).getValue("TaxType", row): null

2024-01-13 23:06:13 - [TEST_STEP][PASSED] - Paymenttype = findTestData(dataFile).getValue("PaymentType", row): null

2024-01-13 23:06:13 - [TEST_STEP][PASSED] - out.println("Value of Execute is : " + ExecuteTC): null

2024-01-13 23:06:13 - [TEST_STEP][PASSED] - if (ExecuteTC.equalsIgnoreCase("Y")): null

2024-01-13 23:06:13 - [TEST_STEP][PASSED] - out.println("Begin Record Number: " + row): null

2024-01-13 23:06:13 - [TEST_STEP][PASSED] - today = new java.util.Date(): null

2024-01-13 23:06:13 - [TEST_STEP][PASSED] - println(today): null

2024-01-13 23:06:13 - [TEST_STEP][PASSED] - datText = today: null

2024-01-13 23:06:13 - [TEST_STEP][PASSED] - Taxtype = findTestData(dataFile).getValue("TaxType", row): null

2024-01-13 23:06:13 - [TEST_STEP][PASSED] - out.println("Taxtype value is : " + Taxtype): null

2024-01-13 23:06:13 - [TEST_STEP][PASSED] - openBrowser(""): Browser is opened with url: ''

2024-01-13 23:06:13 - [MESSAGE][WARNING] - A browser is already opened. Closing browser and opening a new one

2024-01-13 23:06:14 - [MESSAGE][INFO] - Starting 'Chrome' driver

2024-01-13 23:06:14 - [MESSAGE][INFO] - User set preference: ['acceptInsecureCerts', 'true']

2024-01-13 23:06:14 - [MESSAGE][INFO] - Action delay is set to 0 milliseconds

2024-01-13 23:06:15 - [MESSAGE][PASSED] - Browser is opened with url: ''

2024-01-13 23:06:15 - [TEST_STEP][PASSED] - maximizeWindow(): Current window maximized

2024-01-13 23:06:15 - [MESSAGE][PASSED] - Current window maximized

2024-01-13 23:06:15 - [TEST_STEP][PASSED] - navigateToUrl(RADurl): Navigate to 'https://qa2.velocitypayment.com/client/rad/index.html' successfully

2024-01-13 23:06:16 - [MESSAGE][PASSED] - Navigate to 'https://qa2.velocitypayment.com/client/rad/index.html' successfully

2024-01-13 23:06:16 - [TEST_STEP][PASSED] - orPath_Landing = "Object Repository/RAD_Pages/Landing_Page": null

2024-01-13 23:06:16 - [TEST_STEP][PASSED] - orPath_TaxTypeFilingYear = "Object Repository/RAD_Pages/TaxTypeFilingYear_Page": null

2024-01-13 23:06:16 - [TEST_STEP][PASSED] - orPath_TaxPayer = "Object Repository/RAD_Pages/Taxpayer_Page": null

2024-01-13 23:06:16 - [TEST_STEP][PASSED] - orPath_AddressContact = "Object Repository/RAD_Pages/AddressAndContactInfo_Page": null

2024-01-13 23:06:16 - [TEST_STEP][PASSED] - orPath_FilingStatus = "Object Repository/RAD_Pages/FilingStatus_Page": null

2024-01-13 23:06:16 - [TEST_STEP][PASSED] - orPath_Amount = "Object Repository/RAD_Pages/PaymentAmount_Page": null

2024-01-13 23:06:16 - [TEST_STEP][PASSED] - orPath_TaxInfo = "Object Repository/RAD_Pages/TaxInfo_Page": null

2024-01-13 23:06:16 - [TEST_STEP][PASSED] - selectOptionByLabel(findTestObject(orPath_Landing + "/dd_TaxType"), Paymenttype, false): All options with label 'Existing Liability w/Notice Number' are selected in object 'Object Repository/RAD_Pages/Landing_Page/dd_TaxType' 

2024-01-13 23:06:17 - [MESSAGE][PASSED] - All options with label 'Existing Liability w/Notice Number' are selected in object 'Object Repository/RAD_Pages/Landing_Page/dd_TaxType' 

2024-01-13 23:06:17 - [TEST_STEP][PASSED] - delay(1): Delayed 1 second(s)

2024-01-13 23:06:18 - [MESSAGE][PASSED] - Delayed 1 second(s)

2024-01-13 23:06:18 - [TEST_STEP][PASSED] - switch (Paymenttype): null

2024-01-13 23:06:18 - [TEST_STEP][PASSED] - case "Existing Liability w/Notice Number":: null

2024-01-13 23:06:18 - [TEST_STEP][PASSED] - selectOptionByLabel(findTestObject(orPath_TaxTypeFilingYear + "/select_TaxType_ExistingLiability"), Taxtype, false): All options with label 'Personal Income Tax' are selected in object 'Object Repository/RAD_Pages/TaxTypeFilingYear_Page/select_TaxType_ExistingLiability' 

2024-01-13 23:06:19 - [MESSAGE][PASSED] - All options with label 'Personal Income Tax' are selected in object 'Object Repository/RAD_Pages/TaxTypeFilingYear_Page/select_TaxType_ExistingLiability' 

2024-01-13 23:06:19 - [TEST_STEP][PASSED] - break: null

2024-01-13 23:06:19 - [TEST_STEP][PASSED] - delay(1): Delayed 1 second(s)

2024-01-13 23:06:20 - [MESSAGE][PASSED] - Delayed 1 second(s)

2024-01-13 23:06:20 - [TEST_STEP][PASSED] - scrollToElement(findTestObject(orPath_TaxPayer + "/input_firstName"), 3): Scroll to object 'Object Repository/RAD_Pages/Taxpayer_Page/input_firstName' successfully

2024-01-13 23:06:20 - [MESSAGE][PASSED] - Scroll to object 'Object Repository/RAD_Pages/Taxpayer_Page/input_firstName' successfully

2024-01-13 23:06:20 - [TEST_STEP][PASSED] - switch (Paymenttype): null

2024-01-13 23:06:20 - [TEST_STEP][PASSED] - case "Existing Liability w/Notice Number":: null

2024-01-13 23:06:20 - [TEST_STEP][PASSED] - setText(findTestObject(orPath_TaxInfo + "/input_Existing_SSN"), "1111111111"): Text '1111111111' is set on object 'Object Repository/RAD_Pages/TaxInfo_Page/input_Existing_SSN'

2024-01-13 23:06:21 - [MESSAGE][PASSED] - Text '1111111111' is set on object 'Object Repository/RAD_Pages/TaxInfo_Page/input_Existing_SSN'

2024-01-13 23:06:21 - [TEST_STEP][PASSED] - setText(findTestObject(orPath_TaxInfo + "/input_Existing_RetypeSSN"), ""): Text '' is set on object 'Object Repository/RAD_Pages/TaxInfo_Page/input_Existing_RetypeSSN'

2024-01-13 23:06:22 - [MESSAGE][PASSED] - Text '' is set on object 'Object Repository/RAD_Pages/TaxInfo_Page/input_Existing_RetypeSSN'

2024-01-13 23:06:22 - [TEST_STEP][PASSED] - break: null

2024-01-13 23:06:22 - [TEST_STEP][PASSED] - delay(2): Delayed 2 second(s)

2024-01-13 23:06:24 - [MESSAGE][PASSED] - Delayed 2 second(s)

2024-01-13 23:06:24 - [TEST_STEP][PASSED] - if (verifyTextPresent("Please enter a valid SSN with 9 digits", true)): null

2024-01-13 23:06:24 - [MESSAGE][PASSED] - Text 'Please enter a valid SSN with 9 digits' is present on page  using regular expression

2024-01-13 23:06:24 - [TEST_STEP][PASSED] - println("Please enter a valid SSN with 9 digits"): null

2024-01-13 23:06:24 - [TEST_STEP][PASSED] - out.println("Pass Record Number: " + row): null

2024-01-13 23:06:24 - [TEST_STEP][PASSED] - resText = "Pass": null

2024-01-13 23:06:24 - [TEST_STEP][PASSED] - pages.WriteExcel.demoKey(resText, datText, resColumn, datCloumn, fileLoc, nameSheet, row): pages.WriteExcel.demoKey is PASSED

2024-01-13 23:06:24 - [MESSAGE][PASSED] - pages.WriteExcel.demoKey is PASSED

2024-01-13 23:06:24 - [TEST_STEP][PASSED] - ExecuteTC = findTestData(dataFile).getValue("Execute", row): null

2024-01-13 23:06:24 - [TEST_STEP][PASSED] - Taxtype = findTestData(dataFile).getValue("TaxType", row): null

2024-01-13 23:06:24 - [TEST_STEP][PASSED] - Paymenttype = findTestData(dataFile).getValue("PaymentType", row): null

2024-01-13 23:06:24 - [TEST_STEP][PASSED] - out.println("Value of Execute is : " + ExecuteTC): null

2024-01-13 23:06:24 - [TEST_STEP][PASSED] - if (ExecuteTC.equalsIgnoreCase("Y")): null

2024-01-13 23:06:24 - [TEST_STEP][PASSED] - out.println("Begin Record Number: " + row): null

2024-01-13 23:06:24 - [TEST_STEP][PASSED] - today = new java.util.Date(): null

2024-01-13 23:06:24 - [TEST_STEP][PASSED] - println(today): null

2024-01-13 23:06:24 - [TEST_STEP][PASSED] - datText = today: null

2024-01-13 23:06:24 - [TEST_STEP][PASSED] - Taxtype = findTestData(dataFile).getValue("TaxType", row): null

2024-01-13 23:06:24 - [TEST_STEP][PASSED] - out.println("Taxtype value is : " + Taxtype): null

2024-01-13 23:06:24 - [TEST_STEP][PASSED] - openBrowser(""): Browser is opened with url: ''

2024-01-13 23:06:24 - [MESSAGE][WARNING] - A browser is already opened. Closing browser and opening a new one

2024-01-13 23:06:25 - [MESSAGE][INFO] - Starting 'Chrome' driver

2024-01-13 23:06:25 - [MESSAGE][INFO] - User set preference: ['acceptInsecureCerts', 'true']

2024-01-13 23:06:25 - [MESSAGE][INFO] - Action delay is set to 0 milliseconds

2024-01-13 23:06:27 - [MESSAGE][PASSED] - Browser is opened with url: ''

2024-01-13 23:06:27 - [TEST_STEP][PASSED] - maximizeWindow(): Current window maximized

2024-01-13 23:06:27 - [MESSAGE][PASSED] - Current window maximized

2024-01-13 23:06:27 - [TEST_STEP][PASSED] - navigateToUrl(RADurl): Navigate to 'https://qa2.velocitypayment.com/client/rad/index.html' successfully

2024-01-13 23:06:27 - [MESSAGE][PASSED] - Navigate to 'https://qa2.velocitypayment.com/client/rad/index.html' successfully

2024-01-13 23:06:27 - [TEST_STEP][PASSED] - orPath_Landing = "Object Repository/RAD_Pages/Landing_Page": null

2024-01-13 23:06:27 - [TEST_STEP][PASSED] - orPath_TaxTypeFilingYear = "Object Repository/RAD_Pages/TaxTypeFilingYear_Page": null

2024-01-13 23:06:27 - [TEST_STEP][PASSED] - orPath_TaxPayer = "Object Repository/RAD_Pages/Taxpayer_Page": null

2024-01-13 23:06:27 - [TEST_STEP][PASSED] - orPath_AddressContact = "Object Repository/RAD_Pages/AddressAndContactInfo_Page": null

2024-01-13 23:06:27 - [TEST_STEP][PASSED] - orPath_FilingStatus = "Object Repository/RAD_Pages/FilingStatus_Page": null

2024-01-13 23:06:27 - [TEST_STEP][PASSED] - orPath_Amount = "Object Repository/RAD_Pages/PaymentAmount_Page": null

2024-01-13 23:06:27 - [TEST_STEP][PASSED] - orPath_TaxInfo = "Object Repository/RAD_Pages/TaxInfo_Page": null

2024-01-13 23:06:27 - [TEST_STEP][PASSED] - selectOptionByLabel(findTestObject(orPath_Landing + "/dd_TaxType"), Paymenttype, false): All options with label 'Quarterly Estimated Tax' are selected in object 'Object Repository/RAD_Pages/Landing_Page/dd_TaxType' 

2024-01-13 23:06:29 - [MESSAGE][PASSED] - All options with label 'Quarterly Estimated Tax' are selected in object 'Object Repository/RAD_Pages/Landing_Page/dd_TaxType' 

2024-01-13 23:06:29 - [TEST_STEP][PASSED] - delay(1): Delayed 1 second(s)

2024-01-13 23:06:30 - [MESSAGE][PASSED] - Delayed 1 second(s)

2024-01-13 23:06:30 - [TEST_STEP][PASSED] - switch (Paymenttype): null

2024-01-13 23:06:30 - [TEST_STEP][PASSED] - case "Quarterly Estimated Tax":: null

2024-01-13 23:06:30 - [TEST_STEP][PASSED] - selectOptionByLabel(findTestObject(orPath_TaxTypeFilingYear + "/select_PaymentType"), Taxtype, false): All options with label 'Personal Income Tax' are selected in object 'Object Repository/RAD_Pages/TaxTypeFilingYear_Page/select_PaymentType' 

2024-01-13 23:06:31 - [MESSAGE][PASSED] - All options with label 'Personal Income Tax' are selected in object 'Object Repository/RAD_Pages/TaxTypeFilingYear_Page/select_PaymentType' 

2024-01-13 23:06:31 - [TEST_STEP][PASSED] - break: null

2024-01-13 23:06:31 - [TEST_STEP][PASSED] - delay(1): Delayed 1 second(s)

2024-01-13 23:06:32 - [MESSAGE][PASSED] - Delayed 1 second(s)

2024-01-13 23:06:32 - [TEST_STEP][PASSED] - scrollToElement(findTestObject(orPath_TaxPayer + "/input_firstName"), 3): Scroll to object 'Object Repository/RAD_Pages/Taxpayer_Page/input_firstName' successfully

2024-01-13 23:06:32 - [MESSAGE][PASSED] - Scroll to object 'Object Repository/RAD_Pages/Taxpayer_Page/input_firstName' successfully

2024-01-13 23:06:32 - [TEST_STEP][PASSED] - switch (Paymenttype): null

2024-01-13 23:06:32 - [TEST_STEP][PASSED] - case "Quarterly Estimated Tax":: null

2024-01-13 23:06:32 - [TEST_STEP][PASSED] - setText(findTestObject("RAD_RecordAndPlay/input_concatSSN"), "1111111111"): Text '1111111111' is set on object 'Object Repository/RAD_RecordAndPlay/input_concatSSN'

2024-01-13 23:06:33 - [MESSAGE][PASSED] - Text '1111111111' is set on object 'Object Repository/RAD_RecordAndPlay/input_concatSSN'

2024-01-13 23:06:33 - [TEST_STEP][PASSED] - setText(findTestObject("RAD_RecordAndPlay/input_concatReSSN"), ""): Text '' is set on object 'Object Repository/RAD_RecordAndPlay/input_concatReSSN'

2024-01-13 23:06:33 - [MESSAGE][PASSED] - Text '' is set on object 'Object Repository/RAD_RecordAndPlay/input_concatReSSN'

2024-01-13 23:06:33 - [TEST_STEP][PASSED] - break: null

2024-01-13 23:06:33 - [TEST_STEP][PASSED] - delay(2): Delayed 2 second(s)

2024-01-13 23:06:35 - [MESSAGE][PASSED] - Delayed 2 second(s)

2024-01-13 23:06:35 - [TEST_STEP][PASSED] - if (verifyTextPresent("Please enter a valid SSN with 9 digits", true)): null

2024-01-13 23:06:36 - [MESSAGE][PASSED] - Text 'Please enter a valid SSN with 9 digits' is present on page  using regular expression

2024-01-13 23:06:36 - [TEST_STEP][PASSED] - println("Please enter a valid SSN with 9 digits"): null

2024-01-13 23:06:36 - [TEST_STEP][PASSED] - out.println("Pass Record Number: " + row): null

2024-01-13 23:06:36 - [TEST_STEP][PASSED] - resText = "Pass": null

2024-01-13 23:06:36 - [TEST_STEP][PASSED] - pages.WriteExcel.demoKey(resText, datText, resColumn, datCloumn, fileLoc, nameSheet, row): pages.WriteExcel.demoKey is PASSED

2024-01-13 23:06:36 - [MESSAGE][PASSED] - pages.WriteExcel.demoKey is PASSED

2024-01-13 23:06:36 - [TEST_STEP][PASSED] - ExecuteTC = findTestData(dataFile).getValue("Execute", row): null

2024-01-13 23:06:36 - [TEST_STEP][PASSED] - Taxtype = findTestData(dataFile).getValue("TaxType", row): null

2024-01-13 23:06:36 - [TEST_STEP][PASSED] - Paymenttype = findTestData(dataFile).getValue("PaymentType", row): null

2024-01-13 23:06:36 - [TEST_STEP][PASSED] - out.println("Value of Execute is : " + ExecuteTC): null

2024-01-13 23:06:36 - [TEST_STEP][PASSED] - if (ExecuteTC.equalsIgnoreCase("Y")): null

2024-01-13 23:06:36 - [TEST_STEP][PASSED] - ExecuteTC = findTestData(dataFile).getValue("Execute", row): null

2024-01-13 23:06:36 - [TEST_STEP][PASSED] - Taxtype = findTestData(dataFile).getValue("TaxType", row): null

2024-01-13 23:06:36 - [TEST_STEP][PASSED] - Paymenttype = findTestData(dataFile).getValue("PaymentType", row): null

2024-01-13 23:06:36 - [TEST_STEP][PASSED] - out.println("Value of Execute is : " + ExecuteTC): null

2024-01-13 23:06:36 - [TEST_STEP][PASSED] - if (ExecuteTC.equalsIgnoreCase("Y")): null

2024-01-13 23:06:36 - [TEST_STEP][PASSED] - out.println("Begin Record Number: " + row): null

2024-01-13 23:06:36 - [TEST_STEP][PASSED] - today = new java.util.Date(): null

2024-01-13 23:06:36 - [TEST_STEP][PASSED] - println(today): null

2024-01-13 23:06:36 - [TEST_STEP][PASSED] - datText = today: null

2024-01-13 23:06:36 - [TEST_STEP][PASSED] - Taxtype = findTestData(dataFile).getValue("TaxType", row): null

2024-01-13 23:06:36 - [TEST_STEP][PASSED] - out.println("Taxtype value is : " + Taxtype): null

2024-01-13 23:06:36 - [TEST_STEP][PASSED] - openBrowser(""): Browser is opened with url: ''

2024-01-13 23:06:36 - [MESSAGE][WARNING] - A browser is already opened. Closing browser and opening a new one

2024-01-13 23:06:37 - [MESSAGE][INFO] - Starting 'Chrome' driver

2024-01-13 23:06:37 - [MESSAGE][INFO] - User set preference: ['acceptInsecureCerts', 'true']

2024-01-13 23:06:37 - [MESSAGE][INFO] - Action delay is set to 0 milliseconds

2024-01-13 23:06:39 - [MESSAGE][PASSED] - Browser is opened with url: ''

2024-01-13 23:06:39 - [TEST_STEP][PASSED] - maximizeWindow(): Current window maximized

2024-01-13 23:06:39 - [MESSAGE][PASSED] - Current window maximized

2024-01-13 23:06:39 - [TEST_STEP][PASSED] - navigateToUrl(RADurl): Navigate to 'https://qa2.velocitypayment.com/client/rad/index.html' successfully

2024-01-13 23:06:40 - [MESSAGE][PASSED] - Navigate to 'https://qa2.velocitypayment.com/client/rad/index.html' successfully

2024-01-13 23:06:40 - [TEST_STEP][PASSED] - orPath_Landing = "Object Repository/RAD_Pages/Landing_Page": null

2024-01-13 23:06:40 - [TEST_STEP][PASSED] - orPath_TaxTypeFilingYear = "Object Repository/RAD_Pages/TaxTypeFilingYear_Page": null

2024-01-13 23:06:40 - [TEST_STEP][PASSED] - orPath_TaxPayer = "Object Repository/RAD_Pages/Taxpayer_Page": null

2024-01-13 23:06:40 - [TEST_STEP][PASSED] - orPath_AddressContact = "Object Repository/RAD_Pages/AddressAndContactInfo_Page": null

2024-01-13 23:06:40 - [TEST_STEP][PASSED] - orPath_FilingStatus = "Object Repository/RAD_Pages/FilingStatus_Page": null

2024-01-13 23:06:40 - [TEST_STEP][PASSED] - orPath_Amount = "Object Repository/RAD_Pages/PaymentAmount_Page": null

2024-01-13 23:06:40 - [TEST_STEP][PASSED] - orPath_TaxInfo = "Object Repository/RAD_Pages/TaxInfo_Page": null

2024-01-13 23:06:40 - [TEST_STEP][PASSED] - selectOptionByLabel(findTestObject(orPath_Landing + "/dd_TaxType"), Paymenttype, false): All options with label 'New Tax Return Amount Due' are selected in object 'Object Repository/RAD_Pages/Landing_Page/dd_TaxType' 

2024-01-13 23:06:41 - [MESSAGE][PASSED] - All options with label 'New Tax Return Amount Due' are selected in object 'Object Repository/RAD_Pages/Landing_Page/dd_TaxType' 

2024-01-13 23:06:41 - [TEST_STEP][PASSED] - delay(1): Delayed 1 second(s)

2024-01-13 23:06:42 - [MESSAGE][PASSED] - Delayed 1 second(s)

2024-01-13 23:06:42 - [TEST_STEP][PASSED] - switch (Paymenttype): null

2024-01-13 23:06:42 - [TEST_STEP][PASSED] - case "New Tax Return Amount Due":: null

2024-01-13 23:06:42 - [TEST_STEP][PASSED] - selectOptionByLabel(findTestObject("Object Repository/RAD_Pages/Landing_Page/select_NewTaxReturnAmountDue_TaxType"), Taxtype, false): All options with label 'Personal Income Tax' are selected in object 'Object Repository/RAD_Pages/Landing_Page/select_NewTaxReturnAmountDue_TaxType' 

2024-01-13 23:06:43 - [MESSAGE][PASSED] - All options with label 'Personal Income Tax' are selected in object 'Object Repository/RAD_Pages/Landing_Page/select_NewTaxReturnAmountDue_TaxType' 

2024-01-13 23:06:43 - [TEST_STEP][PASSED] - break: null

2024-01-13 23:06:43 - [TEST_STEP][PASSED] - delay(1): Delayed 1 second(s)

2024-01-13 23:06:44 - [MESSAGE][PASSED] - Delayed 1 second(s)

2024-01-13 23:06:44 - [TEST_STEP][PASSED] - scrollToElement(findTestObject(orPath_TaxPayer + "/input_firstName"), 3): Scroll to object 'Object Repository/RAD_Pages/Taxpayer_Page/input_firstName' successfully

2024-01-13 23:06:44 - [MESSAGE][PASSED] - Scroll to object 'Object Repository/RAD_Pages/Taxpayer_Page/input_firstName' successfully

2024-01-13 23:06:44 - [TEST_STEP][PASSED] - switch (Paymenttype): null

2024-01-13 23:06:44 - [TEST_STEP][PASSED] - case "New Tax Return Amount Due":: null

2024-01-13 23:06:44 - [TEST_STEP][PASSED] - setText(findTestObject("RAD_RecordAndPlay/input_concatSSN"), "1111111111"): Text '1111111111' is set on object 'Object Repository/RAD_RecordAndPlay/input_concatSSN'

2024-01-13 23:06:45 - [MESSAGE][PASSED] - Text '1111111111' is set on object 'Object Repository/RAD_RecordAndPlay/input_concatSSN'

2024-01-13 23:06:45 - [TEST_STEP][PASSED] - setText(findTestObject("RAD_RecordAndPlay/input_concatReSSN"), ""): Text '' is set on object 'Object Repository/RAD_RecordAndPlay/input_concatReSSN'

2024-01-13 23:06:45 - [MESSAGE][PASSED] - Text '' is set on object 'Object Repository/RAD_RecordAndPlay/input_concatReSSN'

2024-01-13 23:06:45 - [TEST_STEP][PASSED] - break: null

2024-01-13 23:06:45 - [TEST_STEP][PASSED] - delay(2): Delayed 2 second(s)

2024-01-13 23:06:47 - [MESSAGE][PASSED] - Delayed 2 second(s)

2024-01-13 23:06:47 - [TEST_STEP][PASSED] - if (verifyTextPresent("Please enter a valid SSN with 9 digits", true)): null

2024-01-13 23:06:47 - [MESSAGE][PASSED] - Text 'Please enter a valid SSN with 9 digits' is present on page  using regular expression

2024-01-13 23:06:47 - [TEST_STEP][PASSED] - println("Please enter a valid SSN with 9 digits"): null

2024-01-13 23:06:47 - [TEST_STEP][PASSED] - out.println("Pass Record Number: " + row): null

2024-01-13 23:06:47 - [TEST_STEP][PASSED] - resText = "Pass": null

2024-01-13 23:06:47 - [TEST_STEP][PASSED] - pages.WriteExcel.demoKey(resText, datText, resColumn, datCloumn, fileLoc, nameSheet, row): pages.WriteExcel.demoKey is PASSED

2024-01-13 23:06:48 - [MESSAGE][PASSED] - pages.WriteExcel.demoKey is PASSED]]></system-out>
         <system-err><![CDATA[]]></system-err>
      </testcase>
      <testcase name="Test Cases/RAD_TestCases/Negative_TestCases/JointFilerSSNnoMatch-NEW" time="26.953" classname="Test Cases/RAD_TestCases/Negative_TestCases/JointFilerSSNnoMatch-NEW" status="PASSED">
         <system-out><![CDATA[2024-01-13 23:06:48 - [TEST_CASE][PASSED] - Test Cases/RAD_TestCases/Negative_TestCases/JointFilerSSNnoMatch-NEW: Test Cases/RAD_TestCases/Negative_TestCases/JointFilerSSNnoMatch-NEW

2024-01-13 23:06:48 - [TEST_STEP][PASSED] - resText = "Fail": null

2024-01-13 23:06:48 - [TEST_STEP][PASSED] - resColumn = "Result": null

2024-01-13 23:06:48 - [TEST_STEP][PASSED] - datCloumn = "Date": null

2024-01-13 23:06:48 - [TEST_STEP][PASSED] - fileLoc = "KatalonData/RADTestData/JointFilerSSNnoMatch.xlsx": null

2024-01-13 23:06:48 - [TEST_STEP][PASSED] - nameSheet = "Sheet1": null

2024-01-13 23:06:48 - [TEST_STEP][PASSED] - dataFile = "RADTestData/JointFilerSSNnoMatch": null

2024-01-13 23:06:48 - [TEST_STEP][PASSED] - ExecuteTC = <not implemented yet for class: org.codehaus.groovy.ast.expr.EmptyExpression>: null

2024-01-13 23:06:48 - [TEST_STEP][PASSED] - Taxtype = <not implemented yet for class: org.codehaus.groovy.ast.expr.EmptyExpression>: null

2024-01-13 23:06:48 - [TEST_STEP][PASSED] - numOfRows = findTestData(dataFile).getRowNumbers(): null

2024-01-13 23:06:48 - [TEST_STEP][PASSED] - println("Number of Records: " + numOfRows): null

2024-01-13 23:06:48 - [TEST_STEP][PASSED] - for ([row = 1, row <= numOfRows, (row++)]): null

2024-01-13 23:06:48 - [TEST_STEP][PASSED] - ExecuteTC = findTestData(dataFile).getValue("Execute", row): null

2024-01-13 23:06:48 - [TEST_STEP][PASSED] - Taxtype = findTestData(dataFile).getValue("TaxType", row): null

2024-01-13 23:06:48 - [TEST_STEP][PASSED] - Paymenttype = findTestData(dataFile).getValue("PaymentType", row): null

2024-01-13 23:06:48 - [TEST_STEP][PASSED] - out.println("Value of Execute is : " + ExecuteTC): null

2024-01-13 23:06:48 - [TEST_STEP][PASSED] - if (ExecuteTC.equalsIgnoreCase("Y")): null

2024-01-13 23:06:48 - [TEST_STEP][PASSED] - out.println("Begin Record Number: " + row): null

2024-01-13 23:06:48 - [TEST_STEP][PASSED] - today = new java.util.Date(): null

2024-01-13 23:06:48 - [TEST_STEP][PASSED] - println(today): null

2024-01-13 23:06:48 - [TEST_STEP][PASSED] - datText = today: null

2024-01-13 23:06:48 - [TEST_STEP][PASSED] - Taxtype = findTestData(dataFile).getValue("TaxType", row): null

2024-01-13 23:06:48 - [TEST_STEP][PASSED] - out.println("Taxtype value is : " + Taxtype): null

2024-01-13 23:06:48 - [TEST_STEP][PASSED] - openBrowser(""): Browser is opened with url: ''

2024-01-13 23:06:48 - [MESSAGE][WARNING] - A browser is already opened. Closing browser and opening a new one

2024-01-13 23:06:49 - [MESSAGE][INFO] - Starting 'Chrome' driver

2024-01-13 23:06:49 - [MESSAGE][INFO] - User set preference: ['acceptInsecureCerts', 'true']

2024-01-13 23:06:49 - [MESSAGE][INFO] - Action delay is set to 0 milliseconds

2024-01-13 23:06:51 - [MESSAGE][PASSED] - Browser is opened with url: ''

2024-01-13 23:06:51 - [TEST_STEP][PASSED] - maximizeWindow(): Current window maximized

2024-01-13 23:06:51 - [MESSAGE][PASSED] - Current window maximized

2024-01-13 23:06:51 - [TEST_STEP][PASSED] - navigateToUrl(RADurl): Navigate to 'https://qa2.velocitypayment.com/client/rad/index.html' successfully

2024-01-13 23:06:52 - [MESSAGE][PASSED] - Navigate to 'https://qa2.velocitypayment.com/client/rad/index.html' successfully

2024-01-13 23:06:52 - [TEST_STEP][PASSED] - orPath_Landing = "Object Repository/RAD_Pages/Landing_Page": null

2024-01-13 23:06:52 - [TEST_STEP][PASSED] - orPath_TaxTypeFilingYear = "Object Repository/RAD_Pages/TaxTypeFilingYear_Page": null

2024-01-13 23:06:52 - [TEST_STEP][PASSED] - orPath_TaxPayer = "Object Repository/RAD_Pages/Taxpayer_Page": null

2024-01-13 23:06:52 - [TEST_STEP][PASSED] - orPath_AddressContact = "Object Repository/RAD_Pages/AddressAndContactInfo_Page": null

2024-01-13 23:06:52 - [TEST_STEP][PASSED] - orPath_FilingStatus = "Object Repository/RAD_Pages/FilingStatus_Page": null

2024-01-13 23:06:52 - [TEST_STEP][PASSED] - orPath_Amount = "Object Repository/RAD_Pages/PaymentAmount_Page": null

2024-01-13 23:06:52 - [TEST_STEP][PASSED] - orPath_TaxInfo = "Object Repository/RAD_Pages/TaxInfo_Page": null

2024-01-13 23:06:52 - [TEST_STEP][PASSED] - selectOptionByLabel(findTestObject(orPath_Landing + "/dd_TaxType"), Paymenttype, false): All options with label 'Quarterly Estimated Tax' are selected in object 'Object Repository/RAD_Pages/Landing_Page/dd_TaxType' 

2024-01-13 23:06:53 - [MESSAGE][PASSED] - All options with label 'Quarterly Estimated Tax' are selected in object 'Object Repository/RAD_Pages/Landing_Page/dd_TaxType' 

2024-01-13 23:06:53 - [TEST_STEP][PASSED] - delay(1): Delayed 1 second(s)

2024-01-13 23:06:54 - [MESSAGE][PASSED] - Delayed 1 second(s)

2024-01-13 23:06:54 - [TEST_STEP][PASSED] - switch (Paymenttype): null

2024-01-13 23:06:54 - [TEST_STEP][PASSED] - case "Quarterly Estimated Tax":: null

2024-01-13 23:06:54 - [TEST_STEP][PASSED] - selectOptionByLabel(findTestObject(orPath_TaxTypeFilingYear + "/select_PaymentType"), Taxtype, false): All options with label 'Personal Income Tax' are selected in object 'Object Repository/RAD_Pages/TaxTypeFilingYear_Page/select_PaymentType' 

2024-01-13 23:06:55 - [MESSAGE][PASSED] - All options with label 'Personal Income Tax' are selected in object 'Object Repository/RAD_Pages/TaxTypeFilingYear_Page/select_PaymentType' 

2024-01-13 23:06:55 - [TEST_STEP][PASSED] - break: null

2024-01-13 23:06:55 - [TEST_STEP][PASSED] - delay(1): Delayed 1 second(s)

2024-01-13 23:06:56 - [MESSAGE][PASSED] - Delayed 1 second(s)

2024-01-13 23:06:56 - [TEST_STEP][PASSED] - scrollToElement(findTestObject(orPath_Amount + "/input__paymentAmount"), 2, CONTINUE_ON_FAILURE): Scroll to object 'Object Repository/RAD_Pages/PaymentAmount_Page/input__paymentAmount' successfully

2024-01-13 23:06:56 - [MESSAGE][PASSED] - Scroll to object 'Object Repository/RAD_Pages/PaymentAmount_Page/input__paymentAmount' successfully

2024-01-13 23:06:56 - [TEST_STEP][PASSED] - waitForElementClickable(findTestObject(orPath_FilingStatus + "/input_userType_Joint"), 5): Object 'Object Repository/RAD_Pages/FilingStatus_Page/input_userType_Joint' is clickable

2024-01-13 23:06:56 - [MESSAGE][PASSED] - Object 'Object Repository/RAD_Pages/FilingStatus_Page/input_userType_Joint' is clickable

2024-01-13 23:06:56 - [TEST_STEP][PASSED] - click(findTestObject(orPath_FilingStatus + "/input_userType_Joint")): Object: 'Object Repository/RAD_Pages/FilingStatus_Page/input_userType_Joint' is clicked on

2024-01-13 23:06:57 - [MESSAGE][PASSED] - Object: 'Object Repository/RAD_Pages/FilingStatus_Page/input_userType_Joint' is clicked on

2024-01-13 23:06:57 - [TEST_STEP][PASSED] - setText(findTestObject("Object Repository/RAD_RecordAndPlay/input_JointFilerSSN"), "111116523"): Text '111116523' is set on object 'Object Repository/RAD_RecordAndPlay/input_JointFilerSSN'

2024-01-13 23:06:57 - [MESSAGE][PASSED] - Text '111116523' is set on object 'Object Repository/RAD_RecordAndPlay/input_JointFilerSSN'

2024-01-13 23:06:57 - [TEST_STEP][PASSED] - setText(findTestObject("Object Repository/RAD_RecordAndPlay/input_reTypeJointFilerSSN"), "222226523"): Text '222226523' is set on object 'Object Repository/RAD_RecordAndPlay/input_reTypeJointFilerSSN'

2024-01-13 23:06:58 - [MESSAGE][PASSED] - Text '222226523' is set on object 'Object Repository/RAD_RecordAndPlay/input_reTypeJointFilerSSN'

2024-01-13 23:06:58 - [TEST_STEP][PASSED] - setText(findTestObject(orPath_Amount + "/input__paymentAmount"), ""): Text '' is set on object 'Object Repository/RAD_Pages/PaymentAmount_Page/input__paymentAmount'

2024-01-13 23:06:59 - [MESSAGE][PASSED] - Text '' is set on object 'Object Repository/RAD_Pages/PaymentAmount_Page/input__paymentAmount'

2024-01-13 23:06:59 - [TEST_STEP][PASSED] - delay(2): Delayed 2 second(s)

2024-01-13 23:07:01 - [MESSAGE][PASSED] - Delayed 2 second(s)

2024-01-13 23:07:01 - [TEST_STEP][PASSED] - if (verifyTextPresent("The SSN and Re-type SSN do not match", true)): null

2024-01-13 23:07:01 - [MESSAGE][PASSED] - Text 'The SSN and Re-type SSN do not match' is present on page  using regular expression

2024-01-13 23:07:01 - [TEST_STEP][PASSED] - println("Joint Filer SSN Dont match text is present"): null

2024-01-13 23:07:01 - [TEST_STEP][PASSED] - out.println("Pass Record Number: " + row): null

2024-01-13 23:07:01 - [TEST_STEP][PASSED] - resText = "Pass": null

2024-01-13 23:07:01 - [TEST_STEP][PASSED] - pages.WriteExcel.demoKey(resText, datText, resColumn, datCloumn, fileLoc, nameSheet, row): pages.WriteExcel.demoKey is PASSED

2024-01-13 23:07:01 - [MESSAGE][PASSED] - pages.WriteExcel.demoKey is PASSED

2024-01-13 23:07:01 - [TEST_STEP][PASSED] - ExecuteTC = findTestData(dataFile).getValue("Execute", row): null

2024-01-13 23:07:01 - [TEST_STEP][PASSED] - Taxtype = findTestData(dataFile).getValue("TaxType", row): null

2024-01-13 23:07:01 - [TEST_STEP][PASSED] - Paymenttype = findTestData(dataFile).getValue("PaymentType", row): null

2024-01-13 23:07:01 - [TEST_STEP][PASSED] - out.println("Value of Execute is : " + ExecuteTC): null

2024-01-13 23:07:01 - [TEST_STEP][PASSED] - if (ExecuteTC.equalsIgnoreCase("Y")): null

2024-01-13 23:07:01 - [TEST_STEP][PASSED] - ExecuteTC = findTestData(dataFile).getValue("Execute", row): null

2024-01-13 23:07:02 - [TEST_STEP][PASSED] - Taxtype = findTestData(dataFile).getValue("TaxType", row): null

2024-01-13 23:07:02 - [TEST_STEP][PASSED] - Paymenttype = findTestData(dataFile).getValue("PaymentType", row): null

2024-01-13 23:07:02 - [TEST_STEP][PASSED] - out.println("Value of Execute is : " + ExecuteTC): null

2024-01-13 23:07:02 - [TEST_STEP][PASSED] - if (ExecuteTC.equalsIgnoreCase("Y")): null

2024-01-13 23:07:02 - [TEST_STEP][PASSED] - out.println("Begin Record Number: " + row): null

2024-01-13 23:07:02 - [TEST_STEP][PASSED] - today = new java.util.Date(): null

2024-01-13 23:07:02 - [TEST_STEP][PASSED] - println(today): null

2024-01-13 23:07:02 - [TEST_STEP][PASSED] - datText = today: null

2024-01-13 23:07:02 - [TEST_STEP][PASSED] - Taxtype = findTestData(dataFile).getValue("TaxType", row): null

2024-01-13 23:07:02 - [TEST_STEP][PASSED] - out.println("Taxtype value is : " + Taxtype): null

2024-01-13 23:07:02 - [TEST_STEP][PASSED] - openBrowser(""): Browser is opened with url: ''

2024-01-13 23:07:02 - [MESSAGE][WARNING] - A browser is already opened. Closing browser and opening a new one

2024-01-13 23:07:03 - [MESSAGE][INFO] - Starting 'Chrome' driver

2024-01-13 23:07:03 - [MESSAGE][INFO] - User set preference: ['acceptInsecureCerts', 'true']

2024-01-13 23:07:03 - [MESSAGE][INFO] - Action delay is set to 0 milliseconds

2024-01-13 23:07:04 - [MESSAGE][PASSED] - Browser is opened with url: ''

2024-01-13 23:07:04 - [TEST_STEP][PASSED] - maximizeWindow(): Current window maximized

2024-01-13 23:07:04 - [MESSAGE][PASSED] - Current window maximized

2024-01-13 23:07:04 - [TEST_STEP][PASSED] - navigateToUrl(RADurl): Navigate to 'https://qa2.velocitypayment.com/client/rad/index.html' successfully

2024-01-13 23:07:06 - [MESSAGE][PASSED] - Navigate to 'https://qa2.velocitypayment.com/client/rad/index.html' successfully

2024-01-13 23:07:06 - [TEST_STEP][PASSED] - orPath_Landing = "Object Repository/RAD_Pages/Landing_Page": null

2024-01-13 23:07:06 - [TEST_STEP][PASSED] - orPath_TaxTypeFilingYear = "Object Repository/RAD_Pages/TaxTypeFilingYear_Page": null

2024-01-13 23:07:06 - [TEST_STEP][PASSED] - orPath_TaxPayer = "Object Repository/RAD_Pages/Taxpayer_Page": null

2024-01-13 23:07:06 - [TEST_STEP][PASSED] - orPath_AddressContact = "Object Repository/RAD_Pages/AddressAndContactInfo_Page": null

2024-01-13 23:07:06 - [TEST_STEP][PASSED] - orPath_FilingStatus = "Object Repository/RAD_Pages/FilingStatus_Page": null

2024-01-13 23:07:06 - [TEST_STEP][PASSED] - orPath_Amount = "Object Repository/RAD_Pages/PaymentAmount_Page": null

2024-01-13 23:07:06 - [TEST_STEP][PASSED] - orPath_TaxInfo = "Object Repository/RAD_Pages/TaxInfo_Page": null

2024-01-13 23:07:06 - [TEST_STEP][PASSED] - selectOptionByLabel(findTestObject(orPath_Landing + "/dd_TaxType"), Paymenttype, false): All options with label 'New Tax Return Amount Due' are selected in object 'Object Repository/RAD_Pages/Landing_Page/dd_TaxType' 

2024-01-13 23:07:06 - [MESSAGE][PASSED] - All options with label 'New Tax Return Amount Due' are selected in object 'Object Repository/RAD_Pages/Landing_Page/dd_TaxType' 

2024-01-13 23:07:06 - [TEST_STEP][PASSED] - delay(1): Delayed 1 second(s)

2024-01-13 23:07:07 - [MESSAGE][PASSED] - Delayed 1 second(s)

2024-01-13 23:07:07 - [TEST_STEP][PASSED] - switch (Paymenttype): null

2024-01-13 23:07:07 - [TEST_STEP][PASSED] - case "New Tax Return Amount Due":: null

2024-01-13 23:07:07 - [TEST_STEP][PASSED] - selectOptionByLabel(findTestObject("Object Repository/RAD_Pages/Landing_Page/select_NewTaxReturnAmountDue_TaxType"), Taxtype, false): All options with label 'Personal Income Tax' are selected in object 'Object Repository/RAD_Pages/Landing_Page/select_NewTaxReturnAmountDue_TaxType' 

2024-01-13 23:07:08 - [MESSAGE][PASSED] - All options with label 'Personal Income Tax' are selected in object 'Object Repository/RAD_Pages/Landing_Page/select_NewTaxReturnAmountDue_TaxType' 

2024-01-13 23:07:08 - [TEST_STEP][PASSED] - break: null

2024-01-13 23:07:08 - [TEST_STEP][PASSED] - delay(1): Delayed 1 second(s)

2024-01-13 23:07:09 - [MESSAGE][PASSED] - Delayed 1 second(s)

2024-01-13 23:07:09 - [TEST_STEP][PASSED] - scrollToElement(findTestObject(orPath_Amount + "/input__paymentAmount"), 2, CONTINUE_ON_FAILURE): Scroll to object 'Object Repository/RAD_Pages/PaymentAmount_Page/input__paymentAmount' successfully

2024-01-13 23:07:09 - [MESSAGE][PASSED] - Scroll to object 'Object Repository/RAD_Pages/PaymentAmount_Page/input__paymentAmount' successfully

2024-01-13 23:07:09 - [TEST_STEP][PASSED] - waitForElementClickable(findTestObject(orPath_FilingStatus + "/input_userType_Joint"), 5): Object 'Object Repository/RAD_Pages/FilingStatus_Page/input_userType_Joint' is clickable

2024-01-13 23:07:10 - [MESSAGE][PASSED] - Object 'Object Repository/RAD_Pages/FilingStatus_Page/input_userType_Joint' is clickable

2024-01-13 23:07:10 - [TEST_STEP][PASSED] - click(findTestObject(orPath_FilingStatus + "/input_userType_Joint")): Object: 'Object Repository/RAD_Pages/FilingStatus_Page/input_userType_Joint' is clicked on

2024-01-13 23:07:10 - [MESSAGE][PASSED] - Object: 'Object Repository/RAD_Pages/FilingStatus_Page/input_userType_Joint' is clicked on

2024-01-13 23:07:10 - [TEST_STEP][PASSED] - setText(findTestObject("Object Repository/RAD_RecordAndPlay/input_JointFilerSSN"), "111116523"): Text '111116523' is set on object 'Object Repository/RAD_RecordAndPlay/input_JointFilerSSN'

2024-01-13 23:07:11 - [MESSAGE][PASSED] - Text '111116523' is set on object 'Object Repository/RAD_RecordAndPlay/input_JointFilerSSN'

2024-01-13 23:07:11 - [TEST_STEP][PASSED] - setText(findTestObject("Object Repository/RAD_RecordAndPlay/input_reTypeJointFilerSSN"), "222226523"): Text '222226523' is set on object 'Object Repository/RAD_RecordAndPlay/input_reTypeJointFilerSSN'

2024-01-13 23:07:11 - [MESSAGE][PASSED] - Text '222226523' is set on object 'Object Repository/RAD_RecordAndPlay/input_reTypeJointFilerSSN'

2024-01-13 23:07:11 - [TEST_STEP][PASSED] - setText(findTestObject(orPath_Amount + "/input__paymentAmount"), ""): Text '' is set on object 'Object Repository/RAD_Pages/PaymentAmount_Page/input__paymentAmount'

2024-01-13 23:07:12 - [MESSAGE][PASSED] - Text '' is set on object 'Object Repository/RAD_Pages/PaymentAmount_Page/input__paymentAmount'

2024-01-13 23:07:12 - [TEST_STEP][PASSED] - delay(2): Delayed 2 second(s)

2024-01-13 23:07:14 - [MESSAGE][PASSED] - Delayed 2 second(s)

2024-01-13 23:07:14 - [TEST_STEP][PASSED] - if (verifyTextPresent("The SSN and Re-type SSN do not match", true)): null

2024-01-13 23:07:14 - [MESSAGE][PASSED] - Text 'The SSN and Re-type SSN do not match' is present on page  using regular expression

2024-01-13 23:07:14 - [TEST_STEP][PASSED] - println("Joint Filer SSN Dont match text is present"): null

2024-01-13 23:07:14 - [TEST_STEP][PASSED] - out.println("Pass Record Number: " + row): null

2024-01-13 23:07:14 - [TEST_STEP][PASSED] - resText = "Pass": null

2024-01-13 23:07:14 - [TEST_STEP][PASSED] - pages.WriteExcel.demoKey(resText, datText, resColumn, datCloumn, fileLoc, nameSheet, row): pages.WriteExcel.demoKey is PASSED

2024-01-13 23:07:15 - [MESSAGE][PASSED] - pages.WriteExcel.demoKey is PASSED]]></system-out>
         <system-err><![CDATA[]]></system-err>
      </testcase>
      <testcase name="Test Cases/RAD_TestCases/Negative_TestCases/JointFilerSSNmoreThan9Error" time="25.395" classname="Test Cases/RAD_TestCases/Negative_TestCases/JointFilerSSNmoreThan9Error" status="PASSED">
         <system-out><![CDATA[2024-01-13 23:07:15 - [TEST_CASE][PASSED] - Test Cases/RAD_TestCases/Negative_TestCases/JointFilerSSNmoreThan9Error: Test Cases/RAD_TestCases/Negative_TestCases/JointFilerSSNmoreThan9Error

2024-01-13 23:07:15 - [TEST_STEP][PASSED] - resText = "Fail": null

2024-01-13 23:07:15 - [TEST_STEP][PASSED] - resColumn = "Result": null

2024-01-13 23:07:15 - [TEST_STEP][PASSED] - datCloumn = "Date": null

2024-01-13 23:07:15 - [TEST_STEP][PASSED] - fileLoc = "KatalonData/RADTestData/JointFilerSSNmoreThan9Error.xlsx": null

2024-01-13 23:07:15 - [TEST_STEP][PASSED] - nameSheet = "Sheet1": null

2024-01-13 23:07:15 - [TEST_STEP][PASSED] - dataFile = "RADTestData/JointFilerSSNmoreThan9Error": null

2024-01-13 23:07:15 - [TEST_STEP][PASSED] - ExecuteTC = <not implemented yet for class: org.codehaus.groovy.ast.expr.EmptyExpression>: null

2024-01-13 23:07:15 - [TEST_STEP][PASSED] - Taxtype = <not implemented yet for class: org.codehaus.groovy.ast.expr.EmptyExpression>: null

2024-01-13 23:07:15 - [TEST_STEP][PASSED] - numOfRows = findTestData(dataFile).getRowNumbers(): null

2024-01-13 23:07:15 - [TEST_STEP][PASSED] - println("Number of Records: " + numOfRows): null

2024-01-13 23:07:15 - [TEST_STEP][PASSED] - for ([row = 1, row <= numOfRows, (row++)]): null

2024-01-13 23:07:15 - [TEST_STEP][PASSED] - ExecuteTC = findTestData(dataFile).getValue("Execute", row): null

2024-01-13 23:07:15 - [TEST_STEP][PASSED] - Taxtype = findTestData(dataFile).getValue("TaxType", row): null

2024-01-13 23:07:15 - [TEST_STEP][PASSED] - Paymenttype = findTestData(dataFile).getValue("PaymentType", row): null

2024-01-13 23:07:15 - [TEST_STEP][PASSED] - out.println("Value of Execute is : " + ExecuteTC): null

2024-01-13 23:07:15 - [TEST_STEP][PASSED] - if (ExecuteTC.equalsIgnoreCase("Y")): null

2024-01-13 23:07:15 - [TEST_STEP][PASSED] - out.println("Begin Record Number: " + row): null

2024-01-13 23:07:15 - [TEST_STEP][PASSED] - today = new java.util.Date(): null

2024-01-13 23:07:15 - [TEST_STEP][PASSED] - println(today): null

2024-01-13 23:07:15 - [TEST_STEP][PASSED] - datText = today: null

2024-01-13 23:07:15 - [TEST_STEP][PASSED] - Taxtype = findTestData(dataFile).getValue("TaxType", row): null

2024-01-13 23:07:15 - [TEST_STEP][PASSED] - out.println("Taxtype value is : " + Taxtype): null

2024-01-13 23:07:15 - [TEST_STEP][PASSED] - openBrowser(""): Browser is opened with url: ''

2024-01-13 23:07:15 - [MESSAGE][WARNING] - A browser is already opened. Closing browser and opening a new one

2024-01-13 23:07:16 - [MESSAGE][INFO] - Starting 'Chrome' driver

2024-01-13 23:07:16 - [MESSAGE][INFO] - User set preference: ['acceptInsecureCerts', 'true']

2024-01-13 23:07:16 - [MESSAGE][INFO] - Action delay is set to 0 milliseconds

2024-01-13 23:07:18 - [MESSAGE][PASSED] - Browser is opened with url: ''

2024-01-13 23:07:18 - [TEST_STEP][PASSED] - maximizeWindow(): Current window maximized

2024-01-13 23:07:18 - [MESSAGE][PASSED] - Current window maximized

2024-01-13 23:07:18 - [TEST_STEP][PASSED] - navigateToUrl(RADurl): Navigate to 'https://qa2.velocitypayment.com/client/rad/index.html' successfully

2024-01-13 23:07:19 - [MESSAGE][PASSED] - Navigate to 'https://qa2.velocitypayment.com/client/rad/index.html' successfully

2024-01-13 23:07:19 - [TEST_STEP][PASSED] - orPath_Landing = "Object Repository/RAD_Pages/Landing_Page": null

2024-01-13 23:07:19 - [TEST_STEP][PASSED] - orPath_TaxTypeFilingYear = "Object Repository/RAD_Pages/TaxTypeFilingYear_Page": null

2024-01-13 23:07:19 - [TEST_STEP][PASSED] - orPath_TaxPayer = "Object Repository/RAD_Pages/Taxpayer_Page": null

2024-01-13 23:07:19 - [TEST_STEP][PASSED] - orPath_AddressContact = "Object Repository/RAD_Pages/AddressAndContactInfo_Page": null

2024-01-13 23:07:19 - [TEST_STEP][PASSED] - orPath_FilingStatus = "Object Repository/RAD_Pages/FilingStatus_Page": null

2024-01-13 23:07:19 - [TEST_STEP][PASSED] - orPath_Amount = "Object Repository/RAD_Pages/PaymentAmount_Page": null

2024-01-13 23:07:19 - [TEST_STEP][PASSED] - orPath_TaxInfo = "Object Repository/RAD_Pages/TaxInfo_Page": null

2024-01-13 23:07:19 - [TEST_STEP][PASSED] - selectOptionByLabel(findTestObject(orPath_Landing + "/dd_TaxType"), Paymenttype, false): All options with label 'Quarterly Estimated Tax' are selected in object 'Object Repository/RAD_Pages/Landing_Page/dd_TaxType' 

2024-01-13 23:07:20 - [MESSAGE][PASSED] - All options with label 'Quarterly Estimated Tax' are selected in object 'Object Repository/RAD_Pages/Landing_Page/dd_TaxType' 

2024-01-13 23:07:20 - [TEST_STEP][PASSED] - delay(1): Delayed 1 second(s)

2024-01-13 23:07:21 - [MESSAGE][PASSED] - Delayed 1 second(s)

2024-01-13 23:07:21 - [TEST_STEP][PASSED] - switch (Paymenttype): null

2024-01-13 23:07:21 - [TEST_STEP][PASSED] - case "Quarterly Estimated Tax":: null

2024-01-13 23:07:21 - [TEST_STEP][PASSED] - selectOptionByLabel(findTestObject(orPath_TaxTypeFilingYear + "/select_PaymentType"), Taxtype, false): All options with label 'Personal Income Tax' are selected in object 'Object Repository/RAD_Pages/TaxTypeFilingYear_Page/select_PaymentType' 

2024-01-13 23:07:21 - [MESSAGE][PASSED] - All options with label 'Personal Income Tax' are selected in object 'Object Repository/RAD_Pages/TaxTypeFilingYear_Page/select_PaymentType' 

2024-01-13 23:07:21 - [TEST_STEP][PASSED] - break: null

2024-01-13 23:07:21 - [TEST_STEP][PASSED] - delay(1): Delayed 1 second(s)

2024-01-13 23:07:22 - [MESSAGE][PASSED] - Delayed 1 second(s)

2024-01-13 23:07:22 - [TEST_STEP][PASSED] - scrollToElement(findTestObject(orPath_Amount + "/input__paymentAmount"), 2, CONTINUE_ON_FAILURE): Scroll to object 'Object Repository/RAD_Pages/PaymentAmount_Page/input__paymentAmount' successfully

2024-01-13 23:07:23 - [MESSAGE][PASSED] - Scroll to object 'Object Repository/RAD_Pages/PaymentAmount_Page/input__paymentAmount' successfully

2024-01-13 23:07:23 - [TEST_STEP][PASSED] - waitForElementClickable(findTestObject(orPath_FilingStatus + "/input_userType_Joint"), 5): Object 'Object Repository/RAD_Pages/FilingStatus_Page/input_userType_Joint' is clickable

2024-01-13 23:07:23 - [MESSAGE][PASSED] - Object 'Object Repository/RAD_Pages/FilingStatus_Page/input_userType_Joint' is clickable

2024-01-13 23:07:23 - [TEST_STEP][PASSED] - click(findTestObject(orPath_FilingStatus + "/input_userType_Joint")): Object: 'Object Repository/RAD_Pages/FilingStatus_Page/input_userType_Joint' is clicked on

2024-01-13 23:07:24 - [MESSAGE][PASSED] - Object: 'Object Repository/RAD_Pages/FilingStatus_Page/input_userType_Joint' is clicked on

2024-01-13 23:07:24 - [TEST_STEP][PASSED] - setText(findTestObject("Object Repository/RAD_RecordAndPlay/input_JointFilerSSN"), "1111165230"): Text '1111165230' is set on object 'Object Repository/RAD_RecordAndPlay/input_JointFilerSSN'

2024-01-13 23:07:24 - [MESSAGE][PASSED] - Text '1111165230' is set on object 'Object Repository/RAD_RecordAndPlay/input_JointFilerSSN'

2024-01-13 23:07:24 - [TEST_STEP][PASSED] - setText(findTestObject(orPath_Amount + "/input__paymentAmount"), ""): Text '' is set on object 'Object Repository/RAD_Pages/PaymentAmount_Page/input__paymentAmount'

2024-01-13 23:07:25 - [MESSAGE][PASSED] - Text '' is set on object 'Object Repository/RAD_Pages/PaymentAmount_Page/input__paymentAmount'

2024-01-13 23:07:25 - [TEST_STEP][PASSED] - delay(2): Delayed 2 second(s)

2024-01-13 23:07:27 - [MESSAGE][PASSED] - Delayed 2 second(s)

2024-01-13 23:07:27 - [TEST_STEP][PASSED] - if (verifyTextPresent("Please enter a valid SSN with 9 digits", true)): null

2024-01-13 23:07:27 - [MESSAGE][PASSED] - Text 'Please enter a valid SSN with 9 digits' is present on page  using regular expression

2024-01-13 23:07:27 - [TEST_STEP][PASSED] - println("Please enter a valid SSN with 9 digits"): null

2024-01-13 23:07:27 - [TEST_STEP][PASSED] - out.println("Pass Record Number: " + row): null

2024-01-13 23:07:27 - [TEST_STEP][PASSED] - resText = "Pass": null

2024-01-13 23:07:27 - [TEST_STEP][PASSED] - pages.WriteExcel.demoKey(resText, datText, resColumn, datCloumn, fileLoc, nameSheet, row): pages.WriteExcel.demoKey is PASSED

2024-01-13 23:07:28 - [MESSAGE][PASSED] - pages.WriteExcel.demoKey is PASSED

2024-01-13 23:07:28 - [TEST_STEP][PASSED] - ExecuteTC = findTestData(dataFile).getValue("Execute", row): null

2024-01-13 23:07:28 - [TEST_STEP][PASSED] - Taxtype = findTestData(dataFile).getValue("TaxType", row): null

2024-01-13 23:07:28 - [TEST_STEP][PASSED] - Paymenttype = findTestData(dataFile).getValue("PaymentType", row): null

2024-01-13 23:07:28 - [TEST_STEP][PASSED] - out.println("Value of Execute is : " + ExecuteTC): null

2024-01-13 23:07:28 - [TEST_STEP][PASSED] - if (ExecuteTC.equalsIgnoreCase("Y")): null

2024-01-13 23:07:28 - [TEST_STEP][PASSED] - ExecuteTC = findTestData(dataFile).getValue("Execute", row): null

2024-01-13 23:07:28 - [TEST_STEP][PASSED] - Taxtype = findTestData(dataFile).getValue("TaxType", row): null

2024-01-13 23:07:28 - [TEST_STEP][PASSED] - Paymenttype = findTestData(dataFile).getValue("PaymentType", row): null

2024-01-13 23:07:28 - [TEST_STEP][PASSED] - out.println("Value of Execute is : " + ExecuteTC): null

2024-01-13 23:07:28 - [TEST_STEP][PASSED] - if (ExecuteTC.equalsIgnoreCase("Y")): null

2024-01-13 23:07:28 - [TEST_STEP][PASSED] - out.println("Begin Record Number: " + row): null

2024-01-13 23:07:28 - [TEST_STEP][PASSED] - today = new java.util.Date(): null

2024-01-13 23:07:28 - [TEST_STEP][PASSED] - println(today): null

2024-01-13 23:07:28 - [TEST_STEP][PASSED] - datText = today: null

2024-01-13 23:07:28 - [TEST_STEP][PASSED] - Taxtype = findTestData(dataFile).getValue("TaxType", row): null

2024-01-13 23:07:28 - [TEST_STEP][PASSED] - out.println("Taxtype value is : " + Taxtype): null

2024-01-13 23:07:28 - [TEST_STEP][PASSED] - openBrowser(""): Browser is opened with url: ''

2024-01-13 23:07:28 - [MESSAGE][WARNING] - A browser is already opened. Closing browser and opening a new one

2024-01-13 23:07:29 - [MESSAGE][INFO] - Starting 'Chrome' driver

2024-01-13 23:07:29 - [MESSAGE][INFO] - User set preference: ['acceptInsecureCerts', 'true']

2024-01-13 23:07:29 - [MESSAGE][INFO] - Action delay is set to 0 milliseconds

2024-01-13 23:07:30 - [MESSAGE][PASSED] - Browser is opened with url: ''

2024-01-13 23:07:30 - [TEST_STEP][PASSED] - maximizeWindow(): Current window maximized

2024-01-13 23:07:30 - [MESSAGE][PASSED] - Current window maximized

2024-01-13 23:07:30 - [TEST_STEP][PASSED] - navigateToUrl(RADurl): Navigate to 'https://qa2.velocitypayment.com/client/rad/index.html' successfully

2024-01-13 23:07:31 - [MESSAGE][PASSED] - Navigate to 'https://qa2.velocitypayment.com/client/rad/index.html' successfully

2024-01-13 23:07:31 - [TEST_STEP][PASSED] - orPath_Landing = "Object Repository/RAD_Pages/Landing_Page": null

2024-01-13 23:07:31 - [TEST_STEP][PASSED] - orPath_TaxTypeFilingYear = "Object Repository/RAD_Pages/TaxTypeFilingYear_Page": null

2024-01-13 23:07:31 - [TEST_STEP][PASSED] - orPath_TaxPayer = "Object Repository/RAD_Pages/Taxpayer_Page": null

2024-01-13 23:07:31 - [TEST_STEP][PASSED] - orPath_AddressContact = "Object Repository/RAD_Pages/AddressAndContactInfo_Page": null

2024-01-13 23:07:31 - [TEST_STEP][PASSED] - orPath_FilingStatus = "Object Repository/RAD_Pages/FilingStatus_Page": null

2024-01-13 23:07:31 - [TEST_STEP][PASSED] - orPath_Amount = "Object Repository/RAD_Pages/PaymentAmount_Page": null

2024-01-13 23:07:31 - [TEST_STEP][PASSED] - orPath_TaxInfo = "Object Repository/RAD_Pages/TaxInfo_Page": null

2024-01-13 23:07:31 - [TEST_STEP][PASSED] - selectOptionByLabel(findTestObject(orPath_Landing + "/dd_TaxType"), Paymenttype, false): All options with label 'New Tax Return Amount Due' are selected in object 'Object Repository/RAD_Pages/Landing_Page/dd_TaxType' 

2024-01-13 23:07:33 - [MESSAGE][PASSED] - All options with label 'New Tax Return Amount Due' are selected in object 'Object Repository/RAD_Pages/Landing_Page/dd_TaxType' 

2024-01-13 23:07:33 - [TEST_STEP][PASSED] - delay(1): Delayed 1 second(s)

2024-01-13 23:07:34 - [MESSAGE][PASSED] - Delayed 1 second(s)

2024-01-13 23:07:34 - [TEST_STEP][PASSED] - switch (Paymenttype): null

2024-01-13 23:07:34 - [TEST_STEP][PASSED] - case "New Tax Return Amount Due":: null

2024-01-13 23:07:34 - [TEST_STEP][PASSED] - selectOptionByLabel(findTestObject("Object Repository/RAD_Pages/Landing_Page/select_NewTaxReturnAmountDue_TaxType"), Taxtype, false): All options with label 'Personal Income Tax' are selected in object 'Object Repository/RAD_Pages/Landing_Page/select_NewTaxReturnAmountDue_TaxType' 

2024-01-13 23:07:34 - [MESSAGE][PASSED] - All options with label 'Personal Income Tax' are selected in object 'Object Repository/RAD_Pages/Landing_Page/select_NewTaxReturnAmountDue_TaxType' 

2024-01-13 23:07:34 - [TEST_STEP][PASSED] - break: null

2024-01-13 23:07:34 - [TEST_STEP][PASSED] - delay(1): Delayed 1 second(s)

2024-01-13 23:07:35 - [MESSAGE][PASSED] - Delayed 1 second(s)

2024-01-13 23:07:35 - [TEST_STEP][PASSED] - scrollToElement(findTestObject(orPath_Amount + "/input__paymentAmount"), 2, CONTINUE_ON_FAILURE): Scroll to object 'Object Repository/RAD_Pages/PaymentAmount_Page/input__paymentAmount' successfully

2024-01-13 23:07:35 - [MESSAGE][PASSED] - Scroll to object 'Object Repository/RAD_Pages/PaymentAmount_Page/input__paymentAmount' successfully

2024-01-13 23:07:35 - [TEST_STEP][PASSED] - waitForElementClickable(findTestObject(orPath_FilingStatus + "/input_userType_Joint"), 5): Object 'Object Repository/RAD_Pages/FilingStatus_Page/input_userType_Joint' is clickable

2024-01-13 23:07:36 - [MESSAGE][PASSED] - Object 'Object Repository/RAD_Pages/FilingStatus_Page/input_userType_Joint' is clickable

2024-01-13 23:07:36 - [TEST_STEP][PASSED] - click(findTestObject(orPath_FilingStatus + "/input_userType_Joint")): Object: 'Object Repository/RAD_Pages/FilingStatus_Page/input_userType_Joint' is clicked on

2024-01-13 23:07:36 - [MESSAGE][PASSED] - Object: 'Object Repository/RAD_Pages/FilingStatus_Page/input_userType_Joint' is clicked on

2024-01-13 23:07:36 - [TEST_STEP][PASSED] - setText(findTestObject("Object Repository/RAD_RecordAndPlay/input_JointFilerSSN"), "1111165230"): Text '1111165230' is set on object 'Object Repository/RAD_RecordAndPlay/input_JointFilerSSN'

2024-01-13 23:07:37 - [MESSAGE][PASSED] - Text '1111165230' is set on object 'Object Repository/RAD_RecordAndPlay/input_JointFilerSSN'

2024-01-13 23:07:37 - [TEST_STEP][PASSED] - setText(findTestObject(orPath_Amount + "/input__paymentAmount"), ""): Text '' is set on object 'Object Repository/RAD_Pages/PaymentAmount_Page/input__paymentAmount'

2024-01-13 23:07:37 - [MESSAGE][PASSED] - Text '' is set on object 'Object Repository/RAD_Pages/PaymentAmount_Page/input__paymentAmount'

2024-01-13 23:07:37 - [TEST_STEP][PASSED] - delay(2): Delayed 2 second(s)

2024-01-13 23:07:39 - [MESSAGE][PASSED] - Delayed 2 second(s)

2024-01-13 23:07:39 - [TEST_STEP][PASSED] - if (verifyTextPresent("Please enter a valid SSN with 9 digits", true)): null

2024-01-13 23:07:40 - [MESSAGE][PASSED] - Text 'Please enter a valid SSN with 9 digits' is present on page  using regular expression

2024-01-13 23:07:40 - [TEST_STEP][PASSED] - println("Please enter a valid SSN with 9 digits"): null

2024-01-13 23:07:40 - [TEST_STEP][PASSED] - out.println("Pass Record Number: " + row): null

2024-01-13 23:07:40 - [TEST_STEP][PASSED] - resText = "Pass": null

2024-01-13 23:07:40 - [TEST_STEP][PASSED] - pages.WriteExcel.demoKey(resText, datText, resColumn, datCloumn, fileLoc, nameSheet, row): pages.WriteExcel.demoKey is PASSED

2024-01-13 23:07:40 - [MESSAGE][PASSED] - pages.WriteExcel.demoKey is PASSED]]></system-out>
         <system-err><![CDATA[]]></system-err>
      </testcase>
      <system-out><![CDATA[2024-01-13 22:29:46 - [TEST_SUITE][FAILED] - RAD_UI_TestSuite: Test Cases/RAD_TestCases/Negative_TestCases/FEINmismatchError FAILED.
Reason:
com.kms.katalon.core.exception.StepFailedException: Unable to set encrypted text for object 'Object Repository/RAD_RecordAndPlay/input_Existing_FEIN' (Root cause: com.kms.katalon.core.exception.StepFailedException: Unable to set encrypted text for object 'Object Repository/RAD_RecordAndPlay/input_Existing_FEIN'
	at com.kms.katalon.core.webui.keyword.internal.WebUIKeywordMain.stepFailed(WebUIKeywordMain.groovy:64)
	at com.kms.katalon.core.webui.keyword.internal.WebUIKeywordMain.runKeyword(WebUIKeywordMain.groovy:26)
	at com.kms.katalon.core.webui.keyword.builtin.SetEncryptedTextKeyword.setEncryptedText(SetEncryptedTextKeyword.groovy:65)
	at com.kms.katalon.core.webui.keyword.builtin.SetEncryptedTextKeyword.execute(SetEncryptedTextKeyword.groovy:34)
	at com.kms.katalon.core.keyword.internal.KeywordExecutor.executeKeywordForPlatform(KeywordExecutor.groovy:74)
	at com.kms.katalon.core.webui.keyword.WebUiBuiltInKeywords.setEncryptedText(WebUiBuiltInKeywords.groovy:1011)
	at com.kms.katalon.core.webui.keyword.WebUiBuiltInKeywords$setEncryptedText$4.call(Unknown Source)
	at FEINmismatchError.run(FEINmismatchError:142)
	at com.kms.katalon.core.main.ScriptEngine.run(ScriptEngine.java:194)
	at com.kms.katalon.core.main.ScriptEngine.runScriptAsRawText(ScriptEngine.java:119)
	at com.kms.katalon.core.main.TestCaseExecutor.runScript(TestCaseExecutor.java:448)
	at com.kms.katalon.core.main.TestCaseExecutor.doExecute(TestCaseExecutor.java:439)
	at com.kms.katalon.core.main.TestCaseExecutor.processExecutionPhase(TestCaseExecutor.java:418)
	at com.kms.katalon.core.main.TestCaseExecutor.accessMainPhase(TestCaseExecutor.java:410)
	at com.kms.katalon.core.main.TestCaseExecutor.execute(TestCaseExecutor.java:285)
	at com.kms.katalon.core.common.CommonExecutor.accessTestCaseMainPhase(CommonExecutor.java:65)
	at com.kms.katalon.core.main.TestSuiteExecutor.accessTestSuiteMainPhase(TestSuiteExecutor.java:148)
	at com.kms.katalon.core.main.TestSuiteExecutor.execute(TestSuiteExecutor.java:106)
	at com.kms.katalon.core.main.TestCaseMain.startTestSuite(TestCaseMain.java:187)
	at com.kms.katalon.core.main.TestCaseMain$startTestSuite$0.call(Unknown Source)
	at TempTestSuite1705202981112.run(TempTestSuite1705202981112.groovy:36)
Caused by: org.openqa.selenium.ElementNotInteractableException: element not interactable
  (Session info: chrome=120.0.6099.200)
Build info: version: '3.141.59', revision: 'e82be7d358', time: '2018-11-14T08:25:53'
System info: host: 'DESKTOP-B2QI6NS', ip: '172.31.253.139', os.name: 'Windows 10', os.arch: 'amd64', os.version: '10.0', java.version: '1.8.0_181'
Driver info: com.kms.katalon.selenium.driver.CChromeDriver
Capabilities {acceptInsecureCerts: true, browserName: chrome, browserVersion: 120.0.6099.200, chrome: {chromedriverVersion: 119.0.6045.105 (38c72552c5e..., userDataDir: C:\Users\imtiaz\AppData\Loc...}, fedcm:accounts: true, goog:chromeOptions: {debuggerAddress: localhost:55332}, javascriptEnabled: true, networkConnectionEnabled: false, pageLoadStrategy: normal, platform: WINDOWS, platformName: WINDOWS, proxy: Proxy(), setWindowRect: true, strictFileInteractability: false, timeouts: {implicit: 0, pageLoad: 300000, script: 30000}, unhandledPromptBehavior: dismiss and notify, webauthn:extension:credBlob: true, webauthn:extension:largeBlob: true, webauthn:extension:minPinLength: true, webauthn:extension:prf: true, webauthn:virtualAuthenticators: true}
Session ID: e5d88fbad1141ac5d028a4be2221b92d
	at org.openqa.selenium.remote.http.W3CHttpResponseCodec.createException(W3CHttpResponseCodec.java:187)
	at org.openqa.selenium.remote.http.W3CHttpResponseCodec.decode(W3CHttpResponseCodec.java:122)
	at org.openqa.selenium.remote.http.W3CHttpResponseCodec.decode(W3CHttpResponseCodec.java:49)
	at org.openqa.selenium.remote.HttpCommandExecutor.execute(HttpCommandExecutor.java:158)
	at org.openqa.selenium.remote.service.DriverCommandExecutor.execute(DriverCommandExecutor.java:83)
	at org.openqa.selenium.remote.RemoteWebDriver.execute(RemoteWebDriver.java:552)
	at com.kms.katalon.selenium.driver.CChromeDriver.execute(CChromeDriver.java:19)
	at org.openqa.selenium.remote.RemoteWebElement.execute(RemoteWebElement.java:285)
	at org.openqa.selenium.remote.RemoteWebElement.clear(RemoteWebElement.java:124)
	at org.openqa.selenium.support.events.EventFiringWebDriver$EventFiringWebElement.lambda$new$0(EventFiringWebDriver.java:404)
	at com.sun.proxy.$Proxy11.clear(Unknown Source)
	at org.openqa.selenium.support.events.EventFiringWebDriver$EventFiringWebElement.clear(EventFiringWebDriver.java:436)
	at com.kms.katalon.core.webui.keyword.builtin.SetEncryptedTextKeyword$_setEncryptedText_closure1.doCall(SetEncryptedTextKeyword.groovy:54)
	at com.kms.katalon.core.webui.keyword.builtin.SetEncryptedTextKeyword$_setEncryptedText_closure1.call(SetEncryptedTextKeyword.groovy)
	at com.kms.katalon.core.webui.keyword.internal.WebUIKeywordMain.runKeyword(WebUIKeywordMain.groovy:20)
	at com.kms.katalon.core.webui.keyword.builtin.SetEncryptedTextKeyword.setEncryptedText(SetEncryptedTextKeyword.groovy:65)
	at com.kms.katalon.core.webui.keyword.builtin.SetEncryptedTextKeyword.execute(SetEncryptedTextKeyword.groovy:34)
	at com.kms.katalon.core.keyword.internal.KeywordExecutor.executeKeywordForPlatform(KeywordExecutor.groovy:74)
	at com.kms.katalon.core.webui.keyword.WebUiBuiltInKeywords.setEncryptedText(WebUiBuiltInKeywords.groovy:1011)
	at com.kms.katalon.core.webui.keyword.WebUiBuiltInKeywords$setEncryptedText$4.call(Unknown Source)
	at Script1693763256792.run(Script1693763256792.groovy:142)
	... 13 more
)
	at com.kms.katalon.core.keyword.internal.KeywordMain.stepFailed(KeywordMain.groovy:39)
	at com.kms.katalon.core.webui.keyword.internal.WebUIKeywordMain.stepFailed(WebUIKeywordMain.groovy:64)
	at com.kms.katalon.core.webui.keyword.internal.WebUIKeywordMain.runKeyword(WebUIKeywordMain.groovy:26)
	at com.kms.katalon.core.webui.keyword.builtin.SetEncryptedTextKeyword.setEncryptedText(SetEncryptedTextKeyword.groovy:65)
	at com.kms.katalon.core.webui.keyword.builtin.SetEncryptedTextKeyword.execute(SetEncryptedTextKeyword.groovy:34)
	at com.kms.katalon.core.keyword.internal.KeywordExecutor.executeKeywordForPlatform(KeywordExecutor.groovy:74)
	at com.kms.katalon.core.webui.keyword.WebUiBuiltInKeywords.setEncryptedText(WebUiBuiltInKeywords.groovy:1011)
	at com.kms.katalon.core.webui.keyword.WebUiBuiltInKeywords$setEncryptedText$4.call(Unknown Source)
	at FEINmismatchError.run(FEINmismatchError:142)
	at com.kms.katalon.core.main.ScriptEngine.run(ScriptEngine.java:194)
	at com.kms.katalon.core.main.ScriptEngine.runScriptAsRawText(ScriptEngine.java:119)
	at com.kms.katalon.core.main.TestCaseExecutor.runScript(TestCaseExecutor.java:448)
	at com.kms.katalon.core.main.TestCaseExecutor.doExecute(TestCaseExecutor.java:439)
	at com.kms.katalon.core.main.TestCaseExecutor.processExecutionPhase(TestCaseExecutor.java:418)
	at com.kms.katalon.core.main.TestCaseExecutor.accessMainPhase(TestCaseExecutor.java:410)
	at com.kms.katalon.core.main.TestCaseExecutor.execute(TestCaseExecutor.java:285)
	at com.kms.katalon.core.common.CommonExecutor.accessTestCaseMainPhase(CommonExecutor.java:65)
	at com.kms.katalon.core.main.TestSuiteExecutor.accessTestSuiteMainPhase(TestSuiteExecutor.java:148)
	at com.kms.katalon.core.main.TestSuiteExecutor.execute(TestSuiteExecutor.java:106)
	at com.kms.katalon.core.main.TestCaseMain.startTestSuite(TestCaseMain.java:187)
	at com.kms.katalon.core.main.TestCaseMain$startTestSuite$0.call(Unknown Source)
	at TempTestSuite1705202981112.run(TempTestSuite1705202981112.groovy:36)
Caused by: com.kms.katalon.core.exception.StepFailedException: Unable to set encrypted text for object 'Object Repository/RAD_RecordAndPlay/input_Existing_FEIN'
	... 21 more
Caused by: org.openqa.selenium.ElementNotInteractableException: element not interactable
  (Session info: chrome=120.0.6099.200)
Build info: version: '3.141.59', revision: 'e82be7d358', time: '2018-11-14T08:25:53'
System info: host: 'DESKTOP-B2QI6NS', ip: '172.31.253.139', os.name: 'Windows 10', os.arch: 'amd64', os.version: '10.0', java.version: '1.8.0_181'
Driver info: com.kms.katalon.selenium.driver.CChromeDriver
Capabilities {acceptInsecureCerts: true, browserName: chrome, browserVersion: 120.0.6099.200, chrome: {chromedriverVersion: 119.0.6045.105 (38c72552c5e..., userDataDir: C:\Users\imtiaz\AppData\Loc...}, fedcm:accounts: true, goog:chromeOptions: {debuggerAddress: localhost:55332}, javascriptEnabled: true, networkConnectionEnabled: false, pageLoadStrategy: normal, platform: WINDOWS, platformName: WINDOWS, proxy: Proxy(), setWindowRect: true, strictFileInteractability: false, timeouts: {implicit: 0, pageLoad: 300000, script: 30000}, unhandledPromptBehavior: dismiss and notify, webauthn:extension:credBlob: true, webauthn:extension:largeBlob: true, webauthn:extension:minPinLength: true, webauthn:extension:prf: true, webauthn:virtualAuthenticators: true}
Session ID: e5d88fbad1141ac5d028a4be2221b92d
	at org.openqa.selenium.remote.http.W3CHttpResponseCodec.createException(W3CHttpResponseCodec.java:187)
	at org.openqa.selenium.remote.http.W3CHttpResponseCodec.decode(W3CHttpResponseCodec.java:122)
	at org.openqa.selenium.remote.http.W3CHttpResponseCodec.decode(W3CHttpResponseCodec.java:49)
	at org.openqa.selenium.remote.HttpCommandExecutor.execute(HttpCommandExecutor.java:158)
	at org.openqa.selenium.remote.service.DriverCommandExecutor.execute(DriverCommandExecutor.java:83)
	at org.openqa.selenium.remote.RemoteWebDriver.execute(RemoteWebDriver.java:552)
	at com.kms.katalon.selenium.driver.CChromeDriver.execute(CChromeDriver.java:19)
	at org.openqa.selenium.remote.RemoteWebElement.execute(RemoteWebElement.java:285)
	at org.openqa.selenium.remote.RemoteWebElement.clear(RemoteWebElement.java:124)
	at org.openqa.selenium.support.events.EventFiringWebDriver$EventFiringWebElement.lambda$new$0(EventFiringWebDriver.java:404)
	at com.sun.proxy.$Proxy11.clear(Unknown Source)
	at org.openqa.selenium.support.events.EventFiringWebDriver$EventFiringWebElement.clear(EventFiringWebDriver.java:436)
	at com.kms.katalon.core.webui.keyword.builtin.SetEncryptedTextKeyword$_setEncryptedText_closure1.doCall(SetEncryptedTextKeyword.groovy:54)
	at com.kms.katalon.core.webui.keyword.builtin.SetEncryptedTextKeyword$_setEncryptedText_closure1.call(SetEncryptedTextKeyword.groovy)
	at com.kms.katalon.core.webui.keyword.internal.WebUIKeywordMain.runKeyword(WebUIKeywordMain.groovy:20)
	... 19 more]]></system-out>
      <system-err><![CDATA[2024-01-13 22:29:46 - [TEST_SUITE][FAILED] - RAD_UI_TestSuite: Test Cases/RAD_TestCases/Negative_TestCases/FEINmismatchError FAILED.
Reason:
com.kms.katalon.core.exception.StepFailedException: Unable to set encrypted text for object 'Object Repository/RAD_RecordAndPlay/input_Existing_FEIN' (Root cause: com.kms.katalon.core.exception.StepFailedException: Unable to set encrypted text for object 'Object Repository/RAD_RecordAndPlay/input_Existing_FEIN'
	at com.kms.katalon.core.webui.keyword.internal.WebUIKeywordMain.stepFailed(WebUIKeywordMain.groovy:64)
	at com.kms.katalon.core.webui.keyword.internal.WebUIKeywordMain.runKeyword(WebUIKeywordMain.groovy:26)
	at com.kms.katalon.core.webui.keyword.builtin.SetEncryptedTextKeyword.setEncryptedText(SetEncryptedTextKeyword.groovy:65)
	at com.kms.katalon.core.webui.keyword.builtin.SetEncryptedTextKeyword.execute(SetEncryptedTextKeyword.groovy:34)
	at com.kms.katalon.core.keyword.internal.KeywordExecutor.executeKeywordForPlatform(KeywordExecutor.groovy:74)
	at com.kms.katalon.core.webui.keyword.WebUiBuiltInKeywords.setEncryptedText(WebUiBuiltInKeywords.groovy:1011)
	at com.kms.katalon.core.webui.keyword.WebUiBuiltInKeywords$setEncryptedText$4.call(Unknown Source)
	at FEINmismatchError.run(FEINmismatchError:142)
	at com.kms.katalon.core.main.ScriptEngine.run(ScriptEngine.java:194)
	at com.kms.katalon.core.main.ScriptEngine.runScriptAsRawText(ScriptEngine.java:119)
	at com.kms.katalon.core.main.TestCaseExecutor.runScript(TestCaseExecutor.java:448)
	at com.kms.katalon.core.main.TestCaseExecutor.doExecute(TestCaseExecutor.java:439)
	at com.kms.katalon.core.main.TestCaseExecutor.processExecutionPhase(TestCaseExecutor.java:418)
	at com.kms.katalon.core.main.TestCaseExecutor.accessMainPhase(TestCaseExecutor.java:410)
	at com.kms.katalon.core.main.TestCaseExecutor.execute(TestCaseExecutor.java:285)
	at com.kms.katalon.core.common.CommonExecutor.accessTestCaseMainPhase(CommonExecutor.java:65)
	at com.kms.katalon.core.main.TestSuiteExecutor.accessTestSuiteMainPhase(TestSuiteExecutor.java:148)
	at com.kms.katalon.core.main.TestSuiteExecutor.execute(TestSuiteExecutor.java:106)
	at com.kms.katalon.core.main.TestCaseMain.startTestSuite(TestCaseMain.java:187)
	at com.kms.katalon.core.main.TestCaseMain$startTestSuite$0.call(Unknown Source)
	at TempTestSuite1705202981112.run(TempTestSuite1705202981112.groovy:36)
Caused by: org.openqa.selenium.ElementNotInteractableException: element not interactable
  (Session info: chrome=120.0.6099.200)
Build info: version: '3.141.59', revision: 'e82be7d358', time: '2018-11-14T08:25:53'
System info: host: 'DESKTOP-B2QI6NS', ip: '172.31.253.139', os.name: 'Windows 10', os.arch: 'amd64', os.version: '10.0', java.version: '1.8.0_181'
Driver info: com.kms.katalon.selenium.driver.CChromeDriver
Capabilities {acceptInsecureCerts: true, browserName: chrome, browserVersion: 120.0.6099.200, chrome: {chromedriverVersion: 119.0.6045.105 (38c72552c5e..., userDataDir: C:\Users\imtiaz\AppData\Loc...}, fedcm:accounts: true, goog:chromeOptions: {debuggerAddress: localhost:55332}, javascriptEnabled: true, networkConnectionEnabled: false, pageLoadStrategy: normal, platform: WINDOWS, platformName: WINDOWS, proxy: Proxy(), setWindowRect: true, strictFileInteractability: false, timeouts: {implicit: 0, pageLoad: 300000, script: 30000}, unhandledPromptBehavior: dismiss and notify, webauthn:extension:credBlob: true, webauthn:extension:largeBlob: true, webauthn:extension:minPinLength: true, webauthn:extension:prf: true, webauthn:virtualAuthenticators: true}
Session ID: e5d88fbad1141ac5d028a4be2221b92d
	at org.openqa.selenium.remote.http.W3CHttpResponseCodec.createException(W3CHttpResponseCodec.java:187)
	at org.openqa.selenium.remote.http.W3CHttpResponseCodec.decode(W3CHttpResponseCodec.java:122)
	at org.openqa.selenium.remote.http.W3CHttpResponseCodec.decode(W3CHttpResponseCodec.java:49)
	at org.openqa.selenium.remote.HttpCommandExecutor.execute(HttpCommandExecutor.java:158)
	at org.openqa.selenium.remote.service.DriverCommandExecutor.execute(DriverCommandExecutor.java:83)
	at org.openqa.selenium.remote.RemoteWebDriver.execute(RemoteWebDriver.java:552)
	at com.kms.katalon.selenium.driver.CChromeDriver.execute(CChromeDriver.java:19)
	at org.openqa.selenium.remote.RemoteWebElement.execute(RemoteWebElement.java:285)
	at org.openqa.selenium.remote.RemoteWebElement.clear(RemoteWebElement.java:124)
	at org.openqa.selenium.support.events.EventFiringWebDriver$EventFiringWebElement.lambda$new$0(EventFiringWebDriver.java:404)
	at com.sun.proxy.$Proxy11.clear(Unknown Source)
	at org.openqa.selenium.support.events.EventFiringWebDriver$EventFiringWebElement.clear(EventFiringWebDriver.java:436)
	at com.kms.katalon.core.webui.keyword.builtin.SetEncryptedTextKeyword$_setEncryptedText_closure1.doCall(SetEncryptedTextKeyword.groovy:54)
	at com.kms.katalon.core.webui.keyword.builtin.SetEncryptedTextKeyword$_setEncryptedText_closure1.call(SetEncryptedTextKeyword.groovy)
	at com.kms.katalon.core.webui.keyword.internal.WebUIKeywordMain.runKeyword(WebUIKeywordMain.groovy:20)
	at com.kms.katalon.core.webui.keyword.builtin.SetEncryptedTextKeyword.setEncryptedText(SetEncryptedTextKeyword.groovy:65)
	at com.kms.katalon.core.webui.keyword.builtin.SetEncryptedTextKeyword.execute(SetEncryptedTextKeyword.groovy:34)
	at com.kms.katalon.core.keyword.internal.KeywordExecutor.executeKeywordForPlatform(KeywordExecutor.groovy:74)
	at com.kms.katalon.core.webui.keyword.WebUiBuiltInKeywords.setEncryptedText(WebUiBuiltInKeywords.groovy:1011)
	at com.kms.katalon.core.webui.keyword.WebUiBuiltInKeywords$setEncryptedText$4.call(Unknown Source)
	at Script1693763256792.run(Script1693763256792.groovy:142)
	... 13 more
)
	at com.kms.katalon.core.keyword.internal.KeywordMain.stepFailed(KeywordMain.groovy:39)
	at com.kms.katalon.core.webui.keyword.internal.WebUIKeywordMain.stepFailed(WebUIKeywordMain.groovy:64)
	at com.kms.katalon.core.webui.keyword.internal.WebUIKeywordMain.runKeyword(WebUIKeywordMain.groovy:26)
	at com.kms.katalon.core.webui.keyword.builtin.SetEncryptedTextKeyword.setEncryptedText(SetEncryptedTextKeyword.groovy:65)
	at com.kms.katalon.core.webui.keyword.builtin.SetEncryptedTextKeyword.execute(SetEncryptedTextKeyword.groovy:34)
	at com.kms.katalon.core.keyword.internal.KeywordExecutor.executeKeywordForPlatform(KeywordExecutor.groovy:74)
	at com.kms.katalon.core.webui.keyword.WebUiBuiltInKeywords.setEncryptedText(WebUiBuiltInKeywords.groovy:1011)
	at com.kms.katalon.core.webui.keyword.WebUiBuiltInKeywords$setEncryptedText$4.call(Unknown Source)
	at FEINmismatchError.run(FEINmismatchError:142)
	at com.kms.katalon.core.main.ScriptEngine.run(ScriptEngine.java:194)
	at com.kms.katalon.core.main.ScriptEngine.runScriptAsRawText(ScriptEngine.java:119)
	at com.kms.katalon.core.main.TestCaseExecutor.runScript(TestCaseExecutor.java:448)
	at com.kms.katalon.core.main.TestCaseExecutor.doExecute(TestCaseExecutor.java:439)
	at com.kms.katalon.core.main.TestCaseExecutor.processExecutionPhase(TestCaseExecutor.java:418)
	at com.kms.katalon.core.main.TestCaseExecutor.accessMainPhase(TestCaseExecutor.java:410)
	at com.kms.katalon.core.main.TestCaseExecutor.execute(TestCaseExecutor.java:285)
	at com.kms.katalon.core.common.CommonExecutor.accessTestCaseMainPhase(CommonExecutor.java:65)
	at com.kms.katalon.core.main.TestSuiteExecutor.accessTestSuiteMainPhase(TestSuiteExecutor.java:148)
	at com.kms.katalon.core.main.TestSuiteExecutor.execute(TestSuiteExecutor.java:106)
	at com.kms.katalon.core.main.TestCaseMain.startTestSuite(TestCaseMain.java:187)
	at com.kms.katalon.core.main.TestCaseMain$startTestSuite$0.call(Unknown Source)
	at TempTestSuite1705202981112.run(TempTestSuite1705202981112.groovy:36)
Caused by: com.kms.katalon.core.exception.StepFailedException: Unable to set encrypted text for object 'Object Repository/RAD_RecordAndPlay/input_Existing_FEIN'
	... 21 more
Caused by: org.openqa.selenium.ElementNotInteractableException: element not interactable
  (Session info: chrome=120.0.6099.200)
Build info: version: '3.141.59', revision: 'e82be7d358', time: '2018-11-14T08:25:53'
System info: host: 'DESKTOP-B2QI6NS', ip: '172.31.253.139', os.name: 'Windows 10', os.arch: 'amd64', os.version: '10.0', java.version: '1.8.0_181'
Driver info: com.kms.katalon.selenium.driver.CChromeDriver
Capabilities {acceptInsecureCerts: true, browserName: chrome, browserVersion: 120.0.6099.200, chrome: {chromedriverVersion: 119.0.6045.105 (38c72552c5e..., userDataDir: C:\Users\imtiaz\AppData\Loc...}, fedcm:accounts: true, goog:chromeOptions: {debuggerAddress: localhost:55332}, javascriptEnabled: true, networkConnectionEnabled: false, pageLoadStrategy: normal, platform: WINDOWS, platformName: WINDOWS, proxy: Proxy(), setWindowRect: true, strictFileInteractability: false, timeouts: {implicit: 0, pageLoad: 300000, script: 30000}, unhandledPromptBehavior: dismiss and notify, webauthn:extension:credBlob: true, webauthn:extension:largeBlob: true, webauthn:extension:minPinLength: true, webauthn:extension:prf: true, webauthn:virtualAuthenticators: true}
Session ID: e5d88fbad1141ac5d028a4be2221b92d
	at org.openqa.selenium.remote.http.W3CHttpResponseCodec.createException(W3CHttpResponseCodec.java:187)
	at org.openqa.selenium.remote.http.W3CHttpResponseCodec.decode(W3CHttpResponseCodec.java:122)
	at org.openqa.selenium.remote.http.W3CHttpResponseCodec.decode(W3CHttpResponseCodec.java:49)
	at org.openqa.selenium.remote.HttpCommandExecutor.execute(HttpCommandExecutor.java:158)
	at org.openqa.selenium.remote.service.DriverCommandExecutor.execute(DriverCommandExecutor.java:83)
	at org.openqa.selenium.remote.RemoteWebDriver.execute(RemoteWebDriver.java:552)
	at com.kms.katalon.selenium.driver.CChromeDriver.execute(CChromeDriver.java:19)
	at org.openqa.selenium.remote.RemoteWebElement.execute(RemoteWebElement.java:285)
	at org.openqa.selenium.remote.RemoteWebElement.clear(RemoteWebElement.java:124)
	at org.openqa.selenium.support.events.EventFiringWebDriver$EventFiringWebElement.lambda$new$0(EventFiringWebDriver.java:404)
	at com.sun.proxy.$Proxy11.clear(Unknown Source)
	at org.openqa.selenium.support.events.EventFiringWebDriver$EventFiringWebElement.clear(EventFiringWebDriver.java:436)
	at com.kms.katalon.core.webui.keyword.builtin.SetEncryptedTextKeyword$_setEncryptedText_closure1.doCall(SetEncryptedTextKeyword.groovy:54)
	at com.kms.katalon.core.webui.keyword.builtin.SetEncryptedTextKeyword$_setEncryptedText_closure1.call(SetEncryptedTextKeyword.groovy)
	at com.kms.katalon.core.webui.keyword.internal.WebUIKeywordMain.runKeyword(WebUIKeywordMain.groovy:20)
	... 19 more]]></system-err>
   </testsuite>
</testsuites>
