<?xml version="1.0" encoding="UTF-8"?>
<testsuites name="AdminSuiteBootstrap_Payments_TestSuite" time="1789.277" tests="10" failures="0" errors="0">
   <testsuite name="AdminSuiteBootstrap_Payments_TestSuite" tests="10" failures="0" errors="0" time="1789.277" skipped="0" timestamp="2023-09-20 11:48:52" hostname="imtiaz - DESKTOP-B2QI6NS.govolution.com" id="Test Suites/QA/VT-Bootstrap/AdminSuiteBootstrap_Payments_TestSuite">
      <properties>
         <property name="deviceName" value=""/>
         <property name="devicePlatform" value=""/>
         <property name="logFolder" value="E:\\Cloned-Project-Katalon\\VPS-Katalon\\Reports\\20230920_114846\\QA\\VT-Bootstrap\\AdminSuiteBootstrap_Payments_TestSuite\\20230920_114846"/>
         <property name="logFiles" value="E:\\Cloned-Project-Katalon\\VPS-Katalon\\Reports\\20230920_114846\\QA\\VT-Bootstrap\\AdminSuiteBootstrap_Payments_TestSuite\\20230920_114846\\execution0.log"/>
         <property name="attachments" value=""/>
         <property name="hostName" value="imtiaz - DESKTOP-B2QI6NS.govolution.com"/>
         <property name="os" value="Windows 10 64bit"/>
         <property name="katalonVersion" value="8.6.6.208"/>
         <property name="browser" value="Chrome 116.0.0.0"/>
         <property name="hostAddress" value="172.31.253.139"/>
         <property name="sessionId" value="0dda396148754dabd69d7489fac6142c"/>
         <property name="seleniumVersion" value="3.141.59"/>
         <property name="proxyInformation" value="ProxyInformation { proxyOption=NO_PROXY, proxyServerType=HTTP, username=, password=********, proxyServerAddress=, proxyServerPort=0, executionList=&quot;&quot;, isApplyToDesiredCapabilities=true }"/>
         <property name="platform" value="Windows 10"/>
      </properties>
      <testcase name="Test Cases/Admin Suite Bootstrap/VT_ACH_TestCases/DebitPersonalCredit_TP_NoCF_Generic_Payment_TC" time="210.01" classname="Test Cases/Admin Suite Bootstrap/VT_ACH_TestCases/DebitPersonalCredit_TP_NoCF_Generic_Payment_TC" status="PASSED">
         <system-out><![CDATA[2023-09-20 11:48:52 - [TEST_CASE][PASSED] - Test Cases/Admin Suite Bootstrap/VT_ACH_TestCases/DebitPersonalCredit_TP_NoCF_Generic_Payment_TC: Test Cases/Admin Suite Bootstrap/VT_ACH_TestCases/DebitPersonalCredit_TP_NoCF_Generic_Payment_TC

2023-09-20 11:48:53 - [TEST_STEP][PASSED] - path_Dashboard = "Object Repository/AdminSuiteBootstrap_Pages/Dashboard_Bootstrap/": null

2023-09-20 11:48:53 - [TEST_STEP][PASSED] - path_VT = "Object Repository/AdminSuiteBootstrap_Pages/VT_Bootstrap/IssueTransactions/": null

2023-09-20 11:48:53 - [TEST_STEP][PASSED] - path_Receipt = "Object Repository/AdminSuiteBootstrap_Pages/VT_Bootstrap/Receipt/": null

2023-09-20 11:48:53 - [TEST_STEP][PASSED] - path_CCSearch = "Object Repository/AdminSuiteBootstrap_Pages/VT_Bootstrap/CCCreditOrVoidSearch/": null

2023-09-20 11:48:53 - [TEST_STEP][PASSED] - path_SearchResults = "Object Repository/AdminSuiteBootstrap_Pages/VT_Bootstrap/SearchResults/": null

2023-09-20 11:48:53 - [TEST_STEP][PASSED] - path_TranxDetails = "Object Repository/AdminSuiteBootstrap_Pages/VT_Bootstrap/TransactionDetails/": null

2023-09-20 11:48:53 - [TEST_STEP][PASSED] - li_1 = vpos_Prefix: null

2023-09-20 11:48:53 - [TEST_STEP][PASSED] - li_2 = "/transactions/AuthCapForm/": null

2023-09-20 11:48:53 - [TEST_STEP][PASSED] - executionProfile = getExecutionProfile(): null

2023-09-20 11:48:53 - [TEST_STEP][PASSED] - out.println("executionProfile : " + executionProfile): null

2023-09-20 11:48:53 - [TEST_STEP][PASSED] - appName = <not implemented yet for class: org.codehaus.groovy.ast.expr.EmptyExpression>: null

2023-09-20 11:48:53 - [TEST_STEP][PASSED] - appID = <not implemented yet for class: org.codehaus.groovy.ast.expr.EmptyExpression>: null

2023-09-20 11:48:53 - [TEST_STEP][PASSED] - cardNameV = <not implemented yet for class: org.codehaus.groovy.ast.expr.EmptyExpression>: null

2023-09-20 11:48:53 - [TEST_STEP][PASSED] - al1V = <not implemented yet for class: org.codehaus.groovy.ast.expr.EmptyExpression>: null

2023-09-20 11:48:53 - [TEST_STEP][PASSED] - al2V = <not implemented yet for class: org.codehaus.groovy.ast.expr.EmptyExpression>: null

2023-09-20 11:48:53 - [TEST_STEP][PASSED] - zipV = <not implemented yet for class: org.codehaus.groovy.ast.expr.EmptyExpression>: null

2023-09-20 11:48:53 - [TEST_STEP][PASSED] - accType = <not implemented yet for class: org.codehaus.groovy.ast.expr.EmptyExpression>: null

2023-09-20 11:48:53 - [TEST_STEP][PASSED] - last4V = <not implemented yet for class: org.codehaus.groovy.ast.expr.EmptyExpression>: null

2023-09-20 11:48:53 - [TEST_STEP][PASSED] - resText = "Fail": null

2023-09-20 11:48:53 - [TEST_STEP][PASSED] - resColumn = "Result": null

2023-09-20 11:48:53 - [TEST_STEP][PASSED] - datCloumn = "Date": null

2023-09-20 11:48:53 - [TEST_STEP][PASSED] - fileLoc = "C:\KatalonData\Bootstrap\VT-ACH-Data.xlsx": null

2023-09-20 11:48:53 - [TEST_STEP][PASSED] - numOfRows = <not implemented yet for class: org.codehaus.groovy.ast.expr.EmptyExpression>: null

2023-09-20 11:48:53 - [TEST_STEP][PASSED] - dataFile = <not implemented yet for class: org.codehaus.groovy.ast.expr.EmptyExpression>: null

2023-09-20 11:48:53 - [TEST_STEP][PASSED] - nameSheet = <not implemented yet for class: org.codehaus.groovy.ast.expr.EmptyExpression>: null

2023-09-20 11:48:53 - [TEST_STEP][PASSED] - nameSheet = "VT-P-DebitCredit-NoCF-Generic": null

2023-09-20 11:48:53 - [TEST_STEP][PASSED] - numOfRows = findTestData("QA/Bootstrap/VT-ACH-TestData/VT-DebitCreditData-NoCF-Generic").getRowNumbers(): null

2023-09-20 11:48:54 - [TEST_STEP][PASSED] - println("Number of Records: " + numOfRows): null

2023-09-20 11:48:54 - [TEST_STEP][PASSED] - dataFile = "QA/Bootstrap/VT-ACH-TestData/VT-DebitCreditData-NoCF-Generic": null

2023-09-20 11:48:54 - [TEST_STEP][PASSED] - for ([row = 1, row <= numOfRows, (row++)]): Browser is closed

2023-09-20 11:48:54 - [TEST_STEP][PASSED] - ExecuteTC = findTestData(dataFile).getValue("Execute", row): null

2023-09-20 11:48:55 - [TEST_STEP][PASSED] - out.println("Value of Execute is : " + ExecuteTC): null

2023-09-20 11:48:55 - [TEST_STEP][PASSED] - switch (executionProfile): null

2023-09-20 11:48:55 - [TEST_STEP][PASSED] - case "QA2Profile":: null

2023-09-20 11:48:55 - [TEST_STEP][PASSED] - appName = findTestData(dataFile).getValue("AppNameQA", row): null

2023-09-20 11:48:55 - [TEST_STEP][PASSED] - appID = findTestData(dataFile).getValue("AppIDQA", row): null

2023-09-20 11:48:55 - [TEST_STEP][PASSED] - break: null

2023-09-20 11:48:55 - [TEST_STEP][PASSED] - hrefAppID = li_1 + appID + li_2: null

2023-09-20 11:48:55 - [TEST_STEP][PASSED] - hrefApp = li_1 + appID + "/": null

2023-09-20 11:48:55 - [TEST_STEP][PASSED] - println("hrefApp : " + hrefApp): null

2023-09-20 11:48:55 - [TEST_STEP][PASSED] - if (ExecuteTC.equalsIgnoreCase("Y")): Browser is closed

2023-09-20 11:48:55 - [TEST_STEP][PASSED] - out.println("Begin Record Number: " + row): null

2023-09-20 11:48:55 - [TEST_STEP][PASSED] - today = new java.util.Date(): null

2023-09-20 11:48:55 - [TEST_STEP][PASSED] - println(today): null

2023-09-20 11:48:55 - [TEST_STEP][PASSED] - datText = today: null

2023-09-20 11:48:55 - [TEST_STEP][PASSED] - adminSuiteBootstrap.loginFunctionality.login_AdminSuite(): adminSuiteBootstrap.loginFunctionality.login_AdminSuite is PASSED

2023-09-20 11:48:55 - [MESSAGE][INFO] - Starting 'Chrome' driver

2023-09-20 11:48:55 - [MESSAGE][INFO] - User set preference: ['acceptInsecureCerts', 'true']

2023-09-20 11:48:56 - [MESSAGE][INFO] - Action delay is set to 0 milliseconds

2023-09-20 11:49:01 - [MESSAGE][PASSED] - Browser is opened with url: 'https://qa2.velocitypayment.com/admin/imtiaz'

2023-09-20 11:49:01 - [MESSAGE][PASSED] - Current window maximized

2023-09-20 11:49:01 - [MESSAGE][PASSED] - Object 'Object Repository/Login_Page/Login_Username_Okta' is present

2023-09-20 11:49:02 - [MESSAGE][PASSED] - Text 'iahmed' is set on object 'Object Repository/Login_Page/Login_Username_Okta'

2023-09-20 11:49:03 - [MESSAGE][PASSED] - Text 'Hello1111111@' is set on object 'Object Repository/Login_Page/Login_Password_Okta'

2023-09-20 11:49:04 - [MESSAGE][PASSED] - Object: 'Object Repository/Login_Page/Login_Submit_Okta' is clicked on

2023-09-20 11:49:04 - [MESSAGE][PASSED] - adminSuiteBootstrap.loginFunctionality.login_AdminSuite is PASSED

2023-09-20 11:49:04 - [TEST_STEP][PASSED] - click(findTestObject(path_Dashboard + appName)): Object: 'Object Repository/AdminSuiteBootstrap_Pages/Dashboard_Bootstrap/a_Access AutoNoCFtp' is clicked on

2023-09-20 11:49:17 - [MESSAGE][PASSED] - Object: 'Object Repository/AdminSuiteBootstrap_Pages/Dashboard_Bootstrap/a_Access AutoNoCFtp' is clicked on

2023-09-20 11:49:17 - [TEST_STEP][PASSED] - click(findTestObject(path_VT + "button_Debit")): Object: 'Object Repository/AdminSuiteBootstrap_Pages/VT_Bootstrap/IssueTransactions/button_Debit' is clicked on

2023-09-20 11:49:17 - [MESSAGE][PASSED] - Object: 'Object Repository/AdminSuiteBootstrap_Pages/VT_Bootstrap/IssueTransactions/button_Debit' is clicked on

2023-09-20 11:49:17 - [TEST_STEP][PASSED] - click(findTestObject(path_VT + "a_Personal")): Object: 'Object Repository/AdminSuiteBootstrap_Pages/VT_Bootstrap/IssueTransactions/a_Personal' is clicked on

2023-09-20 11:49:19 - [MESSAGE][PASSED] - Object: 'Object Repository/AdminSuiteBootstrap_Pages/VT_Bootstrap/IssueTransactions/a_Personal' is clicked on

2023-09-20 11:49:19 - [TEST_STEP][PASSED] - adminSuiteBootstrap.debitPersonalsetData.debitPersonal_DataDriven(row, dataFile): adminSuiteBootstrap.debitPersonalsetData.debitPersonal_DataDriven is PASSED

2023-09-20 11:49:22 - [MESSAGE][PASSED] - Text 'John' is set on object 'Object Repository/AdminSuiteBootstrap_Pages/VT_Bootstrap/ACHPersonal/input_firstName'

2023-09-20 11:49:22 - [MESSAGE][PASSED] - Text 'Gordonas' is set on object 'Object Repository/AdminSuiteBootstrap_Pages/VT_Bootstrap/ACHPersonal/input_lastName'

2023-09-20 11:49:23 - [MESSAGE][PASSED] - Text '133 Meadow Ln' is set on object 'Object Repository/AdminSuiteBootstrap_Pages/VT_Bootstrap/ACHPersonal/input_address'

2023-09-20 11:49:24 - [MESSAGE][PASSED] - Text 'apt #123' is set on object 'Object Repository/AdminSuiteBootstrap_Pages/VT_Bootstrap/ACHPersonal/input_address2'

2023-09-20 11:49:25 - [MESSAGE][PASSED] - Text '22201' is set on object 'Object Repository/AdminSuiteBootstrap_Pages/VT_Bootstrap/ACHPersonal/input_zip'

2023-09-20 11:49:25 - [MESSAGE][PASSED] - Text '' is set on object 'Object Repository/AdminSuiteBootstrap_Pages/VT_Bootstrap/ACHPersonal/input_emailAddress'

2023-09-20 11:49:27 - [MESSAGE][PASSED] - Text '' is set on object 'Object Repository/AdminSuiteBootstrap_Pages/VT_Bootstrap/ACHPersonal/input_smsNumber'

2023-09-20 11:49:28 - [MESSAGE][PASSED] - Text '45681001' is set on object 'Object Repository/AdminSuiteBootstrap_Pages/VT_Bootstrap/ACHPersonal/input_accountNumber'

2023-09-20 11:49:28 - [MESSAGE][PASSED] - Text '256072691' is set on object 'Object Repository/AdminSuiteBootstrap_Pages/VT_Bootstrap/ACHPersonal/input_routingNumber'

2023-09-20 11:49:29 - [MESSAGE][PASSED] - All options with label 'Checking' are selected in object 'Object Repository/AdminSuiteBootstrap_Pages/VT_Bootstrap/ACHPersonal/select_AccountType'  using regular expression

2023-09-20 11:49:30 - [MESSAGE][PASSED] - All options with label 'PPD - Prearranged Payment and Deposit Entry' are selected in object 'Object Repository/AdminSuiteBootstrap_Pages/VT_Bootstrap/ACHPersonal/select_STD'  using regular expression

2023-09-20 11:49:31 - [MESSAGE][PASSED] - Text '11.5' is set on object 'Object Repository/AdminSuiteBootstrap_Pages/VT_Bootstrap/ACHPersonal/input_amount'

2023-09-20 11:49:32 - [MESSAGE][PASSED] - Text 'Denmark' is set on object 'Object Repository/AdminSuiteBootstrap_Pages/VT_Bootstrap/ACHPersonal/input_userDefined1'

2023-09-20 11:49:33 - [MESSAGE][PASSED] - Text 'Australia' is set on object 'Object Repository/AdminSuiteBootstrap_Pages/VT_Bootstrap/ACHPersonal/input_userDefined2'

2023-09-20 11:49:34 - [MESSAGE][PASSED] - Text 'Austria' is set on object 'Object Repository/AdminSuiteBootstrap_Pages/VT_Bootstrap/ACHPersonal/input_userDefined3'

2023-09-20 11:49:34 - [MESSAGE][PASSED] - Text 'Sweden' is set on object 'Object Repository/AdminSuiteBootstrap_Pages/VT_Bootstrap/ACHPersonal/input_userDefined4'

2023-09-20 11:49:35 - [MESSAGE][PASSED] - All options with label 'Yellow' are selected in object 'Object Repository/AdminSuiteBootstrap_Pages/VT_Bootstrap/ACHPersonal/select_UDF5'  using regular expression

2023-09-20 11:49:36 - [MESSAGE][PASSED] - All options with label 'Orange' are selected in object 'Object Repository/AdminSuiteBootstrap_Pages/VT_Bootstrap/ACHPersonal/select_UDF6'  using regular expression

2023-09-20 11:49:37 - [MESSAGE][PASSED] - Text 'Netherlands' is set on object 'Object Repository/AdminSuiteBootstrap_Pages/VT_Bootstrap/ACHPersonal/input_userDefined7'

2023-09-20 11:49:38 - [MESSAGE][PASSED] - Text 'Norway' is set on object 'Object Repository/AdminSuiteBootstrap_Pages/VT_Bootstrap/ACHPersonal/input_userDefined8'

2023-09-20 11:49:39 - [MESSAGE][PASSED] - Text 'France' is set on object 'Object Repository/AdminSuiteBootstrap_Pages/VT_Bootstrap/ACHPersonal/input_userDefined9'

2023-09-20 11:49:39 - [MESSAGE][PASSED] - Text 'Switzerland' is set on object 'Object Repository/AdminSuiteBootstrap_Pages/VT_Bootstrap/ACHPersonal/input_userDefined10'

2023-09-20 11:49:41 - [MESSAGE][PASSED] - Object: 'Object Repository/AdminSuiteBootstrap_Pages/VT_Bootstrap/ACHPersonal/button_Submit' is clicked on

2023-09-20 11:49:41 - [MESSAGE][PASSED] - adminSuiteBootstrap.debitPersonalsetData.debitPersonal_DataDriven is PASSED

2023-09-20 11:49:41 - [TEST_STEP][PASSED] - if (verifyTextPresent("Transaction Successful", true)): null

2023-09-20 11:49:42 - [MESSAGE][PASSED] - Text 'Transaction Successful' is present on page  using regular expression

2023-09-20 11:49:42 - [TEST_STEP][PASSED] - sdf = getText(findTestObject(path_Receipt + "td_AutoNoC031622113752957Ahm")): Text of object 'Object Repository/AdminSuiteBootstrap_Pages/VT_Bootstrap/Receipt/td_AutoNoC031622113752957Ahm' is: 'AutoNoCFtp092023114642Ahm'

2023-09-20 11:49:42 - [MESSAGE][PASSED] - Text of object 'Object Repository/AdminSuiteBootstrap_Pages/VT_Bootstrap/Receipt/td_AutoNoC031622113752957Ahm' is: 'AutoNoCFtp092023114642Ahm'

2023-09-20 11:49:42 - [TEST_STEP][PASSED] - out.println("sdf: " + sdf): null

2023-09-20 11:49:42 - [TEST_STEP][PASSED] - remID = sdf: null

2023-09-20 11:49:42 - [TEST_STEP][PASSED] - out.println("remID: " + remID): null

2023-09-20 11:49:42 - [TEST_STEP][PASSED] - click(findTestObject(path_Receipt + "button_Continue")): Object: 'Object Repository/AdminSuiteBootstrap_Pages/VT_Bootstrap/Receipt/button_Continue' is clicked on

2023-09-20 11:49:43 - [MESSAGE][PASSED] - Object: 'Object Repository/AdminSuiteBootstrap_Pages/VT_Bootstrap/Receipt/button_Continue' is clicked on

2023-09-20 11:49:43 - [TEST_STEP][PASSED] - click(findTestObject(path_VT + "a_Search Transactions")): Object: 'Object Repository/AdminSuiteBootstrap_Pages/VT_Bootstrap/IssueTransactions/a_Search Transactions' is clicked on

2023-09-20 11:49:45 - [MESSAGE][PASSED] - Object: 'Object Repository/AdminSuiteBootstrap_Pages/VT_Bootstrap/IssueTransactions/a_Search Transactions' is clicked on

2023-09-20 11:49:45 - [TEST_STEP][PASSED] - setText(findTestObject(path_CCSearch + "input_Search By_searchValue"), remID): Text 'AutoNoCFtp092023114642Ahm' is set on object 'Object Repository/AdminSuiteBootstrap_Pages/VT_Bootstrap/CCCreditOrVoidSearch/input_Search By_searchValue'

2023-09-20 11:49:46 - [MESSAGE][PASSED] - Text 'AutoNoCFtp092023114642Ahm' is set on object 'Object Repository/AdminSuiteBootstrap_Pages/VT_Bootstrap/CCCreditOrVoidSearch/input_Search By_searchValue'

2023-09-20 11:49:46 - [TEST_STEP][PASSED] - click(findTestObject(path_CCSearch + "button_Submit")): Object: 'Object Repository/AdminSuiteBootstrap_Pages/VT_Bootstrap/CCCreditOrVoidSearch/button_Submit' is clicked on

2023-09-20 11:49:47 - [MESSAGE][PASSED] - Object: 'Object Repository/AdminSuiteBootstrap_Pages/VT_Bootstrap/CCCreditOrVoidSearch/button_Submit' is clicked on

2023-09-20 11:49:47 - [TEST_STEP][PASSED] - click(findTestObject(path_SearchResults + "button_PaymentID")): Object: 'Object Repository/AdminSuiteBootstrap_Pages/VT_Bootstrap/SearchResults/button_PaymentID' is clicked on

2023-09-20 11:49:48 - [MESSAGE][PASSED] - Object: 'Object Repository/AdminSuiteBootstrap_Pages/VT_Bootstrap/SearchResults/button_PaymentID' is clicked on

2023-09-20 11:49:48 - [TEST_STEP][PASSED] - verifyTextPresent("Tender Type", true): Text 'Tender Type' is present on page  using regular expression

2023-09-20 11:49:49 - [MESSAGE][PASSED] - Text 'Tender Type' is present on page  using regular expression

2023-09-20 11:49:49 - [TEST_STEP][PASSED] - verifyTextPresent("Transaction Type", true): Text 'Transaction Type' is present on page  using regular expression

2023-09-20 11:49:49 - [MESSAGE][PASSED] - Text 'Transaction Type' is present on page  using regular expression

2023-09-20 11:49:49 - [TEST_STEP][PASSED] - verifyTextPresent("Transaction Posted by", true): Text 'Transaction Posted by' is present on page  using regular expression

2023-09-20 11:49:49 - [MESSAGE][PASSED] - Text 'Transaction Posted by' is present on page  using regular expression

2023-09-20 11:49:49 - [TEST_STEP][PASSED] - verifyTextPresent("iahmed", true): Text 'iahmed' is present on page  using regular expression

2023-09-20 11:49:50 - [MESSAGE][PASSED] - Text 'iahmed' is present on page  using regular expression

2023-09-20 11:49:50 - [TEST_STEP][PASSED] - verifyTextPresent("Debit", true): Text 'Debit' is present on page  using regular expression

2023-09-20 11:49:50 - [MESSAGE][PASSED] - Text 'Debit' is present on page  using regular expression

2023-09-20 11:49:50 - [TEST_STEP][PASSED] - click(findTestObject(path_TranxDetails + "a_Credit this transaction")): Object: 'Object Repository/AdminSuiteBootstrap_Pages/VT_Bootstrap/TransactionDetails/a_Credit this transaction' is clicked on

2023-09-20 11:49:52 - [MESSAGE][PASSED] - Object: 'Object Repository/AdminSuiteBootstrap_Pages/VT_Bootstrap/TransactionDetails/a_Credit this transaction' is clicked on

2023-09-20 11:49:52 - [TEST_STEP][PASSED] - click(findTestObject(path_TranxDetails + "button_Submit")): Object: 'Object Repository/AdminSuiteBootstrap_Pages/VT_Bootstrap/TransactionDetails/button_Submit' is clicked on

2023-09-20 11:49:54 - [MESSAGE][PASSED] - Object: 'Object Repository/AdminSuiteBootstrap_Pages/VT_Bootstrap/TransactionDetails/button_Submit' is clicked on

2023-09-20 11:49:54 - [TEST_STEP][PASSED] - verifyTextPresent("Transaction Successful", true): Text 'Transaction Successful' is present on page  using regular expression

2023-09-20 11:49:54 - [MESSAGE][PASSED] - Text 'Transaction Successful' is present on page  using regular expression

2023-09-20 11:49:54 - [TEST_STEP][PASSED] - verifyTextPresent("Transaction Type", true): Text 'Transaction Type' is present on page  using regular expression

2023-09-20 11:49:54 - [MESSAGE][PASSED] - Text 'Transaction Type' is present on page  using regular expression

2023-09-20 11:49:54 - [TEST_STEP][PASSED] - verifyTextPresent("Credit", true): Text 'Credit' is present on page  using regular expression

2023-09-20 11:49:55 - [MESSAGE][PASSED] - Text 'Credit' is present on page  using regular expression

2023-09-20 11:49:55 - [TEST_STEP][PASSED] - closeBrowser(): Browser is closed

2023-09-20 11:49:56 - [MESSAGE][PASSED] - Browser is closed

2023-09-20 11:49:56 - [TEST_STEP][PASSED] - ExecuteTC = findTestData(dataFile).getValue("Execute", row): null

2023-09-20 11:49:56 - [TEST_STEP][PASSED] - out.println("Value of Execute is : " + ExecuteTC): null

2023-09-20 11:49:56 - [TEST_STEP][PASSED] - switch (executionProfile): null

2023-09-20 11:49:56 - [TEST_STEP][PASSED] - case "QA2Profile":: null

2023-09-20 11:49:56 - [TEST_STEP][PASSED] - appName = findTestData(dataFile).getValue("AppNameQA", row): null

2023-09-20 11:49:56 - [TEST_STEP][PASSED] - appID = findTestData(dataFile).getValue("AppIDQA", row): null

2023-09-20 11:49:56 - [TEST_STEP][PASSED] - break: null

2023-09-20 11:49:56 - [TEST_STEP][PASSED] - hrefAppID = li_1 + appID + li_2: null

2023-09-20 11:49:56 - [TEST_STEP][PASSED] - hrefApp = li_1 + appID + "/": null

2023-09-20 11:49:56 - [TEST_STEP][PASSED] - println("hrefApp : " + hrefApp): null

2023-09-20 11:49:56 - [TEST_STEP][PASSED] - if (ExecuteTC.equalsIgnoreCase("Y")): Browser is closed

2023-09-20 11:49:56 - [TEST_STEP][PASSED] - out.println("Begin Record Number: " + row): null

2023-09-20 11:49:56 - [TEST_STEP][PASSED] - today = new java.util.Date(): null

2023-09-20 11:49:56 - [TEST_STEP][PASSED] - println(today): null

2023-09-20 11:49:56 - [TEST_STEP][PASSED] - datText = today: null

2023-09-20 11:49:56 - [TEST_STEP][PASSED] - adminSuiteBootstrap.loginFunctionality.login_AdminSuite(): adminSuiteBootstrap.loginFunctionality.login_AdminSuite is PASSED

2023-09-20 11:49:56 - [MESSAGE][INFO] - Starting 'Chrome' driver

2023-09-20 11:49:56 - [MESSAGE][INFO] - User set preference: ['acceptInsecureCerts', 'true']

2023-09-20 11:49:56 - [MESSAGE][INFO] - Action delay is set to 0 milliseconds

2023-09-20 11:50:00 - [MESSAGE][PASSED] - Browser is opened with url: 'https://qa2.velocitypayment.com/admin/imtiaz'

2023-09-20 11:50:00 - [MESSAGE][PASSED] - Current window maximized

2023-09-20 11:50:01 - [MESSAGE][PASSED] - Object 'Object Repository/Login_Page/Login_Username_Okta' is present

2023-09-20 11:50:01 - [MESSAGE][PASSED] - Text 'iahmed' is set on object 'Object Repository/Login_Page/Login_Username_Okta'

2023-09-20 11:50:02 - [MESSAGE][PASSED] - Text 'Hello1111111@' is set on object 'Object Repository/Login_Page/Login_Password_Okta'

2023-09-20 11:50:03 - [MESSAGE][PASSED] - Object: 'Object Repository/Login_Page/Login_Submit_Okta' is clicked on

2023-09-20 11:50:03 - [MESSAGE][PASSED] - adminSuiteBootstrap.loginFunctionality.login_AdminSuite is PASSED

2023-09-20 11:50:03 - [TEST_STEP][PASSED] - click(findTestObject(path_Dashboard + appName)): Object: 'Object Repository/AdminSuiteBootstrap_Pages/Dashboard_Bootstrap/a_Access AutoNoCFtp' is clicked on

2023-09-20 11:50:10 - [MESSAGE][PASSED] - Object: 'Object Repository/AdminSuiteBootstrap_Pages/Dashboard_Bootstrap/a_Access AutoNoCFtp' is clicked on

2023-09-20 11:50:10 - [TEST_STEP][PASSED] - click(findTestObject(path_VT + "button_Debit")): Object: 'Object Repository/AdminSuiteBootstrap_Pages/VT_Bootstrap/IssueTransactions/button_Debit' is clicked on

2023-09-20 11:50:11 - [MESSAGE][PASSED] - Object: 'Object Repository/AdminSuiteBootstrap_Pages/VT_Bootstrap/IssueTransactions/button_Debit' is clicked on

2023-09-20 11:50:11 - [TEST_STEP][PASSED] - click(findTestObject(path_VT + "a_Personal")): Object: 'Object Repository/AdminSuiteBootstrap_Pages/VT_Bootstrap/IssueTransactions/a_Personal' is clicked on

2023-09-20 11:50:12 - [MESSAGE][PASSED] - Object: 'Object Repository/AdminSuiteBootstrap_Pages/VT_Bootstrap/IssueTransactions/a_Personal' is clicked on

2023-09-20 11:50:12 - [TEST_STEP][PASSED] - adminSuiteBootstrap.debitPersonalsetData.debitPersonal_DataDriven(row, dataFile): adminSuiteBootstrap.debitPersonalsetData.debitPersonal_DataDriven is PASSED

2023-09-20 11:50:14 - [MESSAGE][PASSED] - Text 'Veronika' is set on object 'Object Repository/AdminSuiteBootstrap_Pages/VT_Bootstrap/ACHPersonal/input_firstName'

2023-09-20 11:50:15 - [MESSAGE][PASSED] - Text 'Inouye' is set on object 'Object Repository/AdminSuiteBootstrap_Pages/VT_Bootstrap/ACHPersonal/input_lastName'

2023-09-20 11:50:16 - [MESSAGE][PASSED] - Text '6 Greenleaf Ave' is set on object 'Object Repository/AdminSuiteBootstrap_Pages/VT_Bootstrap/ACHPersonal/input_address'

2023-09-20 11:50:16 - [MESSAGE][PASSED] - Text 'apt #3' is set on object 'Object Repository/AdminSuiteBootstrap_Pages/VT_Bootstrap/ACHPersonal/input_address2'

2023-09-20 11:50:17 - [MESSAGE][PASSED] - Text '22201' is set on object 'Object Repository/AdminSuiteBootstrap_Pages/VT_Bootstrap/ACHPersonal/input_zip'

2023-09-20 11:50:18 - [MESSAGE][PASSED] - Text '' is set on object 'Object Repository/AdminSuiteBootstrap_Pages/VT_Bootstrap/ACHPersonal/input_emailAddress'

2023-09-20 11:50:19 - [MESSAGE][PASSED] - Text '' is set on object 'Object Repository/AdminSuiteBootstrap_Pages/VT_Bootstrap/ACHPersonal/input_smsNumber'

2023-09-20 11:50:20 - [MESSAGE][PASSED] - Text '45681002' is set on object 'Object Repository/AdminSuiteBootstrap_Pages/VT_Bootstrap/ACHPersonal/input_accountNumber'

2023-09-20 11:50:21 - [MESSAGE][PASSED] - Text '256072691' is set on object 'Object Repository/AdminSuiteBootstrap_Pages/VT_Bootstrap/ACHPersonal/input_routingNumber'

2023-09-20 11:50:22 - [MESSAGE][PASSED] - All options with label 'Checking' are selected in object 'Object Repository/AdminSuiteBootstrap_Pages/VT_Bootstrap/ACHPersonal/select_AccountType'  using regular expression

2023-09-20 11:50:23 - [MESSAGE][PASSED] - All options with label 'TEL - Telephone-Initiated Entry' are selected in object 'Object Repository/AdminSuiteBootstrap_Pages/VT_Bootstrap/ACHPersonal/select_STD'  using regular expression

2023-09-20 11:50:24 - [MESSAGE][PASSED] - Text '11.5' is set on object 'Object Repository/AdminSuiteBootstrap_Pages/VT_Bootstrap/ACHPersonal/input_amount'

2023-09-20 11:50:24 - [MESSAGE][PASSED] - Text 'Denmark' is set on object 'Object Repository/AdminSuiteBootstrap_Pages/VT_Bootstrap/ACHPersonal/input_userDefined1'

2023-09-20 11:50:25 - [MESSAGE][PASSED] - Text 'Australia' is set on object 'Object Repository/AdminSuiteBootstrap_Pages/VT_Bootstrap/ACHPersonal/input_userDefined2'

2023-09-20 11:50:26 - [MESSAGE][PASSED] - Text 'Austria' is set on object 'Object Repository/AdminSuiteBootstrap_Pages/VT_Bootstrap/ACHPersonal/input_userDefined3'

2023-09-20 11:50:26 - [MESSAGE][PASSED] - Text 'Sweden' is set on object 'Object Repository/AdminSuiteBootstrap_Pages/VT_Bootstrap/ACHPersonal/input_userDefined4'

2023-09-20 11:50:27 - [MESSAGE][PASSED] - All options with label 'Yellow' are selected in object 'Object Repository/AdminSuiteBootstrap_Pages/VT_Bootstrap/ACHPersonal/select_UDF5'  using regular expression

2023-09-20 11:50:28 - [MESSAGE][PASSED] - All options with label 'Orange' are selected in object 'Object Repository/AdminSuiteBootstrap_Pages/VT_Bootstrap/ACHPersonal/select_UDF6'  using regular expression

2023-09-20 11:50:29 - [MESSAGE][PASSED] - Text 'Netherlands' is set on object 'Object Repository/AdminSuiteBootstrap_Pages/VT_Bootstrap/ACHPersonal/input_userDefined7'

2023-09-20 11:50:30 - [MESSAGE][PASSED] - Text 'Norway' is set on object 'Object Repository/AdminSuiteBootstrap_Pages/VT_Bootstrap/ACHPersonal/input_userDefined8'

2023-09-20 11:50:30 - [MESSAGE][PASSED] - Text 'France' is set on object 'Object Repository/AdminSuiteBootstrap_Pages/VT_Bootstrap/ACHPersonal/input_userDefined9'

2023-09-20 11:50:31 - [MESSAGE][PASSED] - Text 'Switzerland' is set on object 'Object Repository/AdminSuiteBootstrap_Pages/VT_Bootstrap/ACHPersonal/input_userDefined10'

2023-09-20 11:50:32 - [MESSAGE][PASSED] - Object: 'Object Repository/AdminSuiteBootstrap_Pages/VT_Bootstrap/ACHPersonal/button_Submit' is clicked on

2023-09-20 11:50:32 - [MESSAGE][PASSED] - adminSuiteBootstrap.debitPersonalsetData.debitPersonal_DataDriven is PASSED

2023-09-20 11:50:32 - [TEST_STEP][PASSED] - if (verifyTextPresent("Transaction Successful", true)): null

2023-09-20 11:50:33 - [MESSAGE][PASSED] - Text 'Transaction Successful' is present on page  using regular expression

2023-09-20 11:50:33 - [TEST_STEP][PASSED] - sdf = getText(findTestObject(path_Receipt + "td_AutoNoC031622113752957Ahm")): Text of object 'Object Repository/AdminSuiteBootstrap_Pages/VT_Bootstrap/Receipt/td_AutoNoC031622113752957Ahm' is: 'AutoNoCFtp092023114735Ahm'

2023-09-20 11:50:33 - [MESSAGE][PASSED] - Text of object 'Object Repository/AdminSuiteBootstrap_Pages/VT_Bootstrap/Receipt/td_AutoNoC031622113752957Ahm' is: 'AutoNoCFtp092023114735Ahm'

2023-09-20 11:50:33 - [TEST_STEP][PASSED] - out.println("sdf: " + sdf): null

2023-09-20 11:50:33 - [TEST_STEP][PASSED] - remID = sdf: null

2023-09-20 11:50:33 - [TEST_STEP][PASSED] - out.println("remID: " + remID): null

2023-09-20 11:50:33 - [TEST_STEP][PASSED] - click(findTestObject(path_Receipt + "button_Continue")): Object: 'Object Repository/AdminSuiteBootstrap_Pages/VT_Bootstrap/Receipt/button_Continue' is clicked on

2023-09-20 11:50:34 - [MESSAGE][PASSED] - Object: 'Object Repository/AdminSuiteBootstrap_Pages/VT_Bootstrap/Receipt/button_Continue' is clicked on

2023-09-20 11:50:34 - [TEST_STEP][PASSED] - click(findTestObject(path_VT + "a_Search Transactions")): Object: 'Object Repository/AdminSuiteBootstrap_Pages/VT_Bootstrap/IssueTransactions/a_Search Transactions' is clicked on

2023-09-20 11:50:35 - [MESSAGE][PASSED] - Object: 'Object Repository/AdminSuiteBootstrap_Pages/VT_Bootstrap/IssueTransactions/a_Search Transactions' is clicked on

2023-09-20 11:50:35 - [TEST_STEP][PASSED] - setText(findTestObject(path_CCSearch + "input_Search By_searchValue"), remID): Text 'AutoNoCFtp092023114735Ahm' is set on object 'Object Repository/AdminSuiteBootstrap_Pages/VT_Bootstrap/CCCreditOrVoidSearch/input_Search By_searchValue'

2023-09-20 11:50:36 - [MESSAGE][PASSED] - Text 'AutoNoCFtp092023114735Ahm' is set on object 'Object Repository/AdminSuiteBootstrap_Pages/VT_Bootstrap/CCCreditOrVoidSearch/input_Search By_searchValue'

2023-09-20 11:50:36 - [TEST_STEP][PASSED] - click(findTestObject(path_CCSearch + "button_Submit")): Object: 'Object Repository/AdminSuiteBootstrap_Pages/VT_Bootstrap/CCCreditOrVoidSearch/button_Submit' is clicked on

2023-09-20 11:50:37 - [MESSAGE][PASSED] - Object: 'Object Repository/AdminSuiteBootstrap_Pages/VT_Bootstrap/CCCreditOrVoidSearch/button_Submit' is clicked on

2023-09-20 11:50:37 - [TEST_STEP][PASSED] - click(findTestObject(path_SearchResults + "button_PaymentID")): Object: 'Object Repository/AdminSuiteBootstrap_Pages/VT_Bootstrap/SearchResults/button_PaymentID' is clicked on

2023-09-20 11:50:38 - [MESSAGE][PASSED] - Object: 'Object Repository/AdminSuiteBootstrap_Pages/VT_Bootstrap/SearchResults/button_PaymentID' is clicked on

2023-09-20 11:50:38 - [TEST_STEP][PASSED] - verifyTextPresent("Tender Type", true): Text 'Tender Type' is present on page  using regular expression

2023-09-20 11:50:38 - [MESSAGE][PASSED] - Text 'Tender Type' is present on page  using regular expression

2023-09-20 11:50:38 - [TEST_STEP][PASSED] - verifyTextPresent("Transaction Type", true): Text 'Transaction Type' is present on page  using regular expression

2023-09-20 11:50:39 - [MESSAGE][PASSED] - Text 'Transaction Type' is present on page  using regular expression

2023-09-20 11:50:39 - [TEST_STEP][PASSED] - verifyTextPresent("Transaction Posted by", true): Text 'Transaction Posted by' is present on page  using regular expression

2023-09-20 11:50:39 - [MESSAGE][PASSED] - Text 'Transaction Posted by' is present on page  using regular expression

2023-09-20 11:50:39 - [TEST_STEP][PASSED] - verifyTextPresent("iahmed", true): Text 'iahmed' is present on page  using regular expression

2023-09-20 11:50:39 - [MESSAGE][PASSED] - Text 'iahmed' is present on page  using regular expression

2023-09-20 11:50:39 - [TEST_STEP][PASSED] - verifyTextPresent("Debit", true): Text 'Debit' is present on page  using regular expression

2023-09-20 11:50:40 - [MESSAGE][PASSED] - Text 'Debit' is present on page  using regular expression

2023-09-20 11:50:40 - [TEST_STEP][PASSED] - click(findTestObject(path_TranxDetails + "a_Credit this transaction")): Object: 'Object Repository/AdminSuiteBootstrap_Pages/VT_Bootstrap/TransactionDetails/a_Credit this transaction' is clicked on

2023-09-20 11:50:41 - [MESSAGE][PASSED] - Object: 'Object Repository/AdminSuiteBootstrap_Pages/VT_Bootstrap/TransactionDetails/a_Credit this transaction' is clicked on

2023-09-20 11:50:41 - [TEST_STEP][PASSED] - click(findTestObject(path_TranxDetails + "button_Submit")): Object: 'Object Repository/AdminSuiteBootstrap_Pages/VT_Bootstrap/TransactionDetails/button_Submit' is clicked on

2023-09-20 11:50:42 - [MESSAGE][PASSED] - Object: 'Object Repository/AdminSuiteBootstrap_Pages/VT_Bootstrap/TransactionDetails/button_Submit' is clicked on

2023-09-20 11:50:42 - [TEST_STEP][PASSED] - verifyTextPresent("Transaction Successful", true): Text 'Transaction Successful' is present on page  using regular expression

2023-09-20 11:50:43 - [MESSAGE][PASSED] - Text 'Transaction Successful' is present on page  using regular expression

2023-09-20 11:50:43 - [TEST_STEP][PASSED] - verifyTextPresent("Transaction Type", true): Text 'Transaction Type' is present on page  using regular expression

2023-09-20 11:50:43 - [MESSAGE][PASSED] - Text 'Transaction Type' is present on page  using regular expression

2023-09-20 11:50:43 - [TEST_STEP][PASSED] - verifyTextPresent("Credit", true): Text 'Credit' is present on page  using regular expression

2023-09-20 11:50:43 - [MESSAGE][PASSED] - Text 'Credit' is present on page  using regular expression

2023-09-20 11:50:43 - [TEST_STEP][PASSED] - closeBrowser(): Browser is closed

2023-09-20 11:50:44 - [MESSAGE][PASSED] - Browser is closed

2023-09-20 11:50:44 - [TEST_STEP][PASSED] - ExecuteTC = findTestData(dataFile).getValue("Execute", row): null

2023-09-20 11:50:44 - [TEST_STEP][PASSED] - out.println("Value of Execute is : " + ExecuteTC): null

2023-09-20 11:50:44 - [TEST_STEP][PASSED] - switch (executionProfile): null

2023-09-20 11:50:44 - [TEST_STEP][PASSED] - case "QA2Profile":: null

2023-09-20 11:50:44 - [TEST_STEP][PASSED] - appName = findTestData(dataFile).getValue("AppNameQA", row): null

2023-09-20 11:50:44 - [TEST_STEP][PASSED] - appID = findTestData(dataFile).getValue("AppIDQA", row): null

2023-09-20 11:50:44 - [TEST_STEP][PASSED] - break: null

2023-09-20 11:50:44 - [TEST_STEP][PASSED] - hrefAppID = li_1 + appID + li_2: null

2023-09-20 11:50:44 - [TEST_STEP][PASSED] - hrefApp = li_1 + appID + "/": null

2023-09-20 11:50:44 - [TEST_STEP][PASSED] - println("hrefApp : " + hrefApp): null

2023-09-20 11:50:44 - [TEST_STEP][PASSED] - if (ExecuteTC.equalsIgnoreCase("Y")): Browser is closed

2023-09-20 11:50:44 - [TEST_STEP][PASSED] - out.println("Begin Record Number: " + row): null

2023-09-20 11:50:44 - [TEST_STEP][PASSED] - today = new java.util.Date(): null

2023-09-20 11:50:44 - [TEST_STEP][PASSED] - println(today): null

2023-09-20 11:50:44 - [TEST_STEP][PASSED] - datText = today: null

2023-09-20 11:50:45 - [TEST_STEP][PASSED] - adminSuiteBootstrap.loginFunctionality.login_AdminSuite(): adminSuiteBootstrap.loginFunctionality.login_AdminSuite is PASSED

2023-09-20 11:50:45 - [MESSAGE][INFO] - Starting 'Chrome' driver

2023-09-20 11:50:45 - [MESSAGE][INFO] - User set preference: ['acceptInsecureCerts', 'true']

2023-09-20 11:50:45 - [MESSAGE][INFO] - Action delay is set to 0 milliseconds

2023-09-20 11:50:48 - [MESSAGE][PASSED] - Browser is opened with url: 'https://qa2.velocitypayment.com/admin/imtiaz'

2023-09-20 11:50:48 - [MESSAGE][PASSED] - Current window maximized

2023-09-20 11:50:49 - [MESSAGE][PASSED] - Object 'Object Repository/Login_Page/Login_Username_Okta' is present

2023-09-20 11:50:49 - [MESSAGE][PASSED] - Text 'iahmed' is set on object 'Object Repository/Login_Page/Login_Username_Okta'

2023-09-20 11:50:50 - [MESSAGE][PASSED] - Text 'Hello1111111@' is set on object 'Object Repository/Login_Page/Login_Password_Okta'

2023-09-20 11:50:51 - [MESSAGE][PASSED] - Object: 'Object Repository/Login_Page/Login_Submit_Okta' is clicked on

2023-09-20 11:50:51 - [MESSAGE][PASSED] - adminSuiteBootstrap.loginFunctionality.login_AdminSuite is PASSED

2023-09-20 11:50:51 - [TEST_STEP][PASSED] - click(findTestObject(path_Dashboard + appName)): Object: 'Object Repository/AdminSuiteBootstrap_Pages/Dashboard_Bootstrap/a_Access AutoNoCFtp' is clicked on

2023-09-20 11:50:58 - [MESSAGE][PASSED] - Object: 'Object Repository/AdminSuiteBootstrap_Pages/Dashboard_Bootstrap/a_Access AutoNoCFtp' is clicked on

2023-09-20 11:50:58 - [TEST_STEP][PASSED] - click(findTestObject(path_VT + "button_Debit")): Object: 'Object Repository/AdminSuiteBootstrap_Pages/VT_Bootstrap/IssueTransactions/button_Debit' is clicked on

2023-09-20 11:50:59 - [MESSAGE][PASSED] - Object: 'Object Repository/AdminSuiteBootstrap_Pages/VT_Bootstrap/IssueTransactions/button_Debit' is clicked on

2023-09-20 11:50:59 - [TEST_STEP][PASSED] - click(findTestObject(path_VT + "a_Personal")): Object: 'Object Repository/AdminSuiteBootstrap_Pages/VT_Bootstrap/IssueTransactions/a_Personal' is clicked on

2023-09-20 11:51:00 - [MESSAGE][PASSED] - Object: 'Object Repository/AdminSuiteBootstrap_Pages/VT_Bootstrap/IssueTransactions/a_Personal' is clicked on

2023-09-20 11:51:00 - [TEST_STEP][PASSED] - adminSuiteBootstrap.debitPersonalsetData.debitPersonal_DataDriven(row, dataFile): adminSuiteBootstrap.debitPersonalsetData.debitPersonal_DataDriven is PASSED

2023-09-20 11:51:02 - [MESSAGE][PASSED] - Text 'Bette' is set on object 'Object Repository/AdminSuiteBootstrap_Pages/VT_Bootstrap/ACHPersonal/input_firstName'

2023-09-20 11:51:03 - [MESSAGE][PASSED] - Text 'Nicka' is set on object 'Object Repository/AdminSuiteBootstrap_Pages/VT_Bootstrap/ACHPersonal/input_lastName'

2023-09-20 11:51:03 - [MESSAGE][PASSED] - Text '6 S 33rd St' is set on object 'Object Repository/AdminSuiteBootstrap_Pages/VT_Bootstrap/ACHPersonal/input_address'

2023-09-20 11:51:04 - [MESSAGE][PASSED] - Text 'apt #2' is set on object 'Object Repository/AdminSuiteBootstrap_Pages/VT_Bootstrap/ACHPersonal/input_address2'

2023-09-20 11:51:05 - [MESSAGE][PASSED] - Text '22201' is set on object 'Object Repository/AdminSuiteBootstrap_Pages/VT_Bootstrap/ACHPersonal/input_zip'

2023-09-20 11:51:06 - [MESSAGE][PASSED] - Text '' is set on object 'Object Repository/AdminSuiteBootstrap_Pages/VT_Bootstrap/ACHPersonal/input_emailAddress'

2023-09-20 11:51:07 - [MESSAGE][PASSED] - Text '' is set on object 'Object Repository/AdminSuiteBootstrap_Pages/VT_Bootstrap/ACHPersonal/input_smsNumber'

2023-09-20 11:51:08 - [MESSAGE][PASSED] - Text '45681003' is set on object 'Object Repository/AdminSuiteBootstrap_Pages/VT_Bootstrap/ACHPersonal/input_accountNumber'

2023-09-20 11:51:08 - [MESSAGE][PASSED] - Text '256072691' is set on object 'Object Repository/AdminSuiteBootstrap_Pages/VT_Bootstrap/ACHPersonal/input_routingNumber'

2023-09-20 11:51:09 - [MESSAGE][PASSED] - All options with label 'Savings' are selected in object 'Object Repository/AdminSuiteBootstrap_Pages/VT_Bootstrap/ACHPersonal/select_AccountType'  using regular expression

2023-09-20 11:51:11 - [MESSAGE][PASSED] - All options with label 'PPD - Prearranged Payment and Deposit Entry' are selected in object 'Object Repository/AdminSuiteBootstrap_Pages/VT_Bootstrap/ACHPersonal/select_STD'  using regular expression

2023-09-20 11:51:11 - [MESSAGE][PASSED] - Text '11.5' is set on object 'Object Repository/AdminSuiteBootstrap_Pages/VT_Bootstrap/ACHPersonal/input_amount'

2023-09-20 11:51:12 - [MESSAGE][PASSED] - Text 'Denmark' is set on object 'Object Repository/AdminSuiteBootstrap_Pages/VT_Bootstrap/ACHPersonal/input_userDefined1'

2023-09-20 11:51:13 - [MESSAGE][PASSED] - Text 'Australia' is set on object 'Object Repository/AdminSuiteBootstrap_Pages/VT_Bootstrap/ACHPersonal/input_userDefined2'

2023-09-20 11:51:13 - [MESSAGE][PASSED] - Text 'Austria' is set on object 'Object Repository/AdminSuiteBootstrap_Pages/VT_Bootstrap/ACHPersonal/input_userDefined3'

2023-09-20 11:51:14 - [MESSAGE][PASSED] - Text 'Sweden' is set on object 'Object Repository/AdminSuiteBootstrap_Pages/VT_Bootstrap/ACHPersonal/input_userDefined4'

2023-09-20 11:51:15 - [MESSAGE][PASSED] - All options with label 'Yellow' are selected in object 'Object Repository/AdminSuiteBootstrap_Pages/VT_Bootstrap/ACHPersonal/select_UDF5'  using regular expression

2023-09-20 11:51:16 - [MESSAGE][PASSED] - All options with label 'Orange' are selected in object 'Object Repository/AdminSuiteBootstrap_Pages/VT_Bootstrap/ACHPersonal/select_UDF6'  using regular expression

2023-09-20 11:51:17 - [MESSAGE][PASSED] - Text 'Netherlands' is set on object 'Object Repository/AdminSuiteBootstrap_Pages/VT_Bootstrap/ACHPersonal/input_userDefined7'

2023-09-20 11:51:17 - [MESSAGE][PASSED] - Text 'Norway' is set on object 'Object Repository/AdminSuiteBootstrap_Pages/VT_Bootstrap/ACHPersonal/input_userDefined8'

2023-09-20 11:51:18 - [MESSAGE][PASSED] - Text 'France' is set on object 'Object Repository/AdminSuiteBootstrap_Pages/VT_Bootstrap/ACHPersonal/input_userDefined9'

2023-09-20 11:51:19 - [MESSAGE][PASSED] - Text 'Switzerland' is set on object 'Object Repository/AdminSuiteBootstrap_Pages/VT_Bootstrap/ACHPersonal/input_userDefined10'

2023-09-20 11:51:21 - [MESSAGE][PASSED] - Object: 'Object Repository/AdminSuiteBootstrap_Pages/VT_Bootstrap/ACHPersonal/button_Submit' is clicked on

2023-09-20 11:51:21 - [MESSAGE][PASSED] - adminSuiteBootstrap.debitPersonalsetData.debitPersonal_DataDriven is PASSED

2023-09-20 11:51:21 - [TEST_STEP][PASSED] - if (verifyTextPresent("Transaction Successful", true)): null

2023-09-20 11:51:21 - [MESSAGE][PASSED] - Text 'Transaction Successful' is present on page  using regular expression

2023-09-20 11:51:21 - [TEST_STEP][PASSED] - sdf = getText(findTestObject(path_Receipt + "td_AutoNoC031622113752957Ahm")): Text of object 'Object Repository/AdminSuiteBootstrap_Pages/VT_Bootstrap/Receipt/td_AutoNoC031622113752957Ahm' is: 'AutoNoCFtp092023114823Ahm'

2023-09-20 11:51:22 - [MESSAGE][PASSED] - Text of object 'Object Repository/AdminSuiteBootstrap_Pages/VT_Bootstrap/Receipt/td_AutoNoC031622113752957Ahm' is: 'AutoNoCFtp092023114823Ahm'

2023-09-20 11:51:22 - [TEST_STEP][PASSED] - out.println("sdf: " + sdf): null

2023-09-20 11:51:22 - [TEST_STEP][PASSED] - remID = sdf: null

2023-09-20 11:51:22 - [TEST_STEP][PASSED] - out.println("remID: " + remID): null

2023-09-20 11:51:22 - [TEST_STEP][PASSED] - click(findTestObject(path_Receipt + "button_Continue")): Object: 'Object Repository/AdminSuiteBootstrap_Pages/VT_Bootstrap/Receipt/button_Continue' is clicked on

2023-09-20 11:51:23 - [MESSAGE][PASSED] - Object: 'Object Repository/AdminSuiteBootstrap_Pages/VT_Bootstrap/Receipt/button_Continue' is clicked on

2023-09-20 11:51:23 - [TEST_STEP][PASSED] - click(findTestObject(path_VT + "a_Search Transactions")): Object: 'Object Repository/AdminSuiteBootstrap_Pages/VT_Bootstrap/IssueTransactions/a_Search Transactions' is clicked on

2023-09-20 11:51:24 - [MESSAGE][PASSED] - Object: 'Object Repository/AdminSuiteBootstrap_Pages/VT_Bootstrap/IssueTransactions/a_Search Transactions' is clicked on

2023-09-20 11:51:24 - [TEST_STEP][PASSED] - setText(findTestObject(path_CCSearch + "input_Search By_searchValue"), remID): Text 'AutoNoCFtp092023114823Ahm' is set on object 'Object Repository/AdminSuiteBootstrap_Pages/VT_Bootstrap/CCCreditOrVoidSearch/input_Search By_searchValue'

2023-09-20 11:51:25 - [MESSAGE][PASSED] - Text 'AutoNoCFtp092023114823Ahm' is set on object 'Object Repository/AdminSuiteBootstrap_Pages/VT_Bootstrap/CCCreditOrVoidSearch/input_Search By_searchValue'

2023-09-20 11:51:25 - [TEST_STEP][PASSED] - click(findTestObject(path_CCSearch + "button_Submit")): Object: 'Object Repository/AdminSuiteBootstrap_Pages/VT_Bootstrap/CCCreditOrVoidSearch/button_Submit' is clicked on

2023-09-20 11:51:26 - [MESSAGE][PASSED] - Object: 'Object Repository/AdminSuiteBootstrap_Pages/VT_Bootstrap/CCCreditOrVoidSearch/button_Submit' is clicked on

2023-09-20 11:51:26 - [TEST_STEP][PASSED] - click(findTestObject(path_SearchResults + "button_PaymentID")): Object: 'Object Repository/AdminSuiteBootstrap_Pages/VT_Bootstrap/SearchResults/button_PaymentID' is clicked on

2023-09-20 11:51:27 - [MESSAGE][PASSED] - Object: 'Object Repository/AdminSuiteBootstrap_Pages/VT_Bootstrap/SearchResults/button_PaymentID' is clicked on

2023-09-20 11:51:27 - [TEST_STEP][PASSED] - verifyTextPresent("Tender Type", true): Text 'Tender Type' is present on page  using regular expression

2023-09-20 11:51:28 - [MESSAGE][PASSED] - Text 'Tender Type' is present on page  using regular expression

2023-09-20 11:51:28 - [TEST_STEP][PASSED] - verifyTextPresent("Transaction Type", true): Text 'Transaction Type' is present on page  using regular expression

2023-09-20 11:51:28 - [MESSAGE][PASSED] - Text 'Transaction Type' is present on page  using regular expression

2023-09-20 11:51:28 - [TEST_STEP][PASSED] - verifyTextPresent("Transaction Posted by", true): Text 'Transaction Posted by' is present on page  using regular expression

2023-09-20 11:51:28 - [MESSAGE][PASSED] - Text 'Transaction Posted by' is present on page  using regular expression

2023-09-20 11:51:28 - [TEST_STEP][PASSED] - verifyTextPresent("iahmed", true): Text 'iahmed' is present on page  using regular expression

2023-09-20 11:51:29 - [MESSAGE][PASSED] - Text 'iahmed' is present on page  using regular expression

2023-09-20 11:51:29 - [TEST_STEP][PASSED] - verifyTextPresent("Debit", true): Text 'Debit' is present on page  using regular expression

2023-09-20 11:51:29 - [MESSAGE][PASSED] - Text 'Debit' is present on page  using regular expression

2023-09-20 11:51:29 - [TEST_STEP][PASSED] - click(findTestObject(path_TranxDetails + "a_Credit this transaction")): Object: 'Object Repository/AdminSuiteBootstrap_Pages/VT_Bootstrap/TransactionDetails/a_Credit this transaction' is clicked on

2023-09-20 11:51:30 - [MESSAGE][PASSED] - Object: 'Object Repository/AdminSuiteBootstrap_Pages/VT_Bootstrap/TransactionDetails/a_Credit this transaction' is clicked on

2023-09-20 11:51:30 - [TEST_STEP][PASSED] - click(findTestObject(path_TranxDetails + "button_Submit")): Object: 'Object Repository/AdminSuiteBootstrap_Pages/VT_Bootstrap/TransactionDetails/button_Submit' is clicked on

2023-09-20 11:51:31 - [MESSAGE][PASSED] - Object: 'Object Repository/AdminSuiteBootstrap_Pages/VT_Bootstrap/TransactionDetails/button_Submit' is clicked on

2023-09-20 11:51:31 - [TEST_STEP][PASSED] - verifyTextPresent("Transaction Successful", true): Text 'Transaction Successful' is present on page  using regular expression

2023-09-20 11:51:32 - [MESSAGE][PASSED] - Text 'Transaction Successful' is present on page  using regular expression

2023-09-20 11:51:32 - [TEST_STEP][PASSED] - verifyTextPresent("Transaction Type", true): Text 'Transaction Type' is present on page  using regular expression

2023-09-20 11:51:32 - [MESSAGE][PASSED] - Text 'Transaction Type' is present on page  using regular expression

2023-09-20 11:51:32 - [TEST_STEP][PASSED] - verifyTextPresent("Credit", true): Text 'Credit' is present on page  using regular expression

2023-09-20 11:51:33 - [MESSAGE][PASSED] - Text 'Credit' is present on page  using regular expression

2023-09-20 11:51:33 - [TEST_STEP][PASSED] - closeBrowser(): Browser is closed

2023-09-20 11:51:33 - [MESSAGE][PASSED] - Browser is closed

2023-09-20 11:51:33 - [TEST_STEP][PASSED] - ExecuteTC = findTestData(dataFile).getValue("Execute", row): null

2023-09-20 11:51:34 - [TEST_STEP][PASSED] - out.println("Value of Execute is : " + ExecuteTC): null

2023-09-20 11:51:34 - [TEST_STEP][PASSED] - switch (executionProfile): null

2023-09-20 11:51:34 - [TEST_STEP][PASSED] - case "QA2Profile":: null

2023-09-20 11:51:34 - [TEST_STEP][PASSED] - appName = findTestData(dataFile).getValue("AppNameQA", row): null

2023-09-20 11:51:34 - [TEST_STEP][PASSED] - appID = findTestData(dataFile).getValue("AppIDQA", row): null

2023-09-20 11:51:34 - [TEST_STEP][PASSED] - break: null

2023-09-20 11:51:34 - [TEST_STEP][PASSED] - hrefAppID = li_1 + appID + li_2: null

2023-09-20 11:51:34 - [TEST_STEP][PASSED] - hrefApp = li_1 + appID + "/": null

2023-09-20 11:51:34 - [TEST_STEP][PASSED] - println("hrefApp : " + hrefApp): null

2023-09-20 11:51:34 - [TEST_STEP][PASSED] - if (ExecuteTC.equalsIgnoreCase("Y")): Browser is closed

2023-09-20 11:51:34 - [TEST_STEP][PASSED] - out.println("Begin Record Number: " + row): null

2023-09-20 11:51:34 - [TEST_STEP][PASSED] - today = new java.util.Date(): null

2023-09-20 11:51:34 - [TEST_STEP][PASSED] - println(today): null

2023-09-20 11:51:34 - [TEST_STEP][PASSED] - datText = today: null

2023-09-20 11:51:34 - [TEST_STEP][PASSED] - adminSuiteBootstrap.loginFunctionality.login_AdminSuite(): adminSuiteBootstrap.loginFunctionality.login_AdminSuite is PASSED

2023-09-20 11:51:34 - [MESSAGE][INFO] - Starting 'Chrome' driver

2023-09-20 11:51:34 - [MESSAGE][INFO] - User set preference: ['acceptInsecureCerts', 'true']

2023-09-20 11:51:34 - [MESSAGE][INFO] - Action delay is set to 0 milliseconds

2023-09-20 11:51:37 - [MESSAGE][PASSED] - Browser is opened with url: 'https://qa2.velocitypayment.com/admin/imtiaz'

2023-09-20 11:51:37 - [MESSAGE][PASSED] - Current window maximized

2023-09-20 11:51:38 - [MESSAGE][PASSED] - Object 'Object Repository/Login_Page/Login_Username_Okta' is present

2023-09-20 11:51:38 - [MESSAGE][PASSED] - Text 'iahmed' is set on object 'Object Repository/Login_Page/Login_Username_Okta'

2023-09-20 11:51:39 - [MESSAGE][PASSED] - Text 'Hello1111111@' is set on object 'Object Repository/Login_Page/Login_Password_Okta'

2023-09-20 11:51:40 - [MESSAGE][PASSED] - Object: 'Object Repository/Login_Page/Login_Submit_Okta' is clicked on

2023-09-20 11:51:40 - [MESSAGE][PASSED] - adminSuiteBootstrap.loginFunctionality.login_AdminSuite is PASSED

2023-09-20 11:51:40 - [TEST_STEP][PASSED] - click(findTestObject(path_Dashboard + appName)): Object: 'Object Repository/AdminSuiteBootstrap_Pages/Dashboard_Bootstrap/a_Access AutoNoCFtp' is clicked on

2023-09-20 11:51:48 - [MESSAGE][PASSED] - Object: 'Object Repository/AdminSuiteBootstrap_Pages/Dashboard_Bootstrap/a_Access AutoNoCFtp' is clicked on

2023-09-20 11:51:48 - [TEST_STEP][PASSED] - click(findTestObject(path_VT + "button_Debit")): Object: 'Object Repository/AdminSuiteBootstrap_Pages/VT_Bootstrap/IssueTransactions/button_Debit' is clicked on

2023-09-20 11:51:48 - [MESSAGE][PASSED] - Object: 'Object Repository/AdminSuiteBootstrap_Pages/VT_Bootstrap/IssueTransactions/button_Debit' is clicked on

2023-09-20 11:51:48 - [TEST_STEP][PASSED] - click(findTestObject(path_VT + "a_Personal")): Object: 'Object Repository/AdminSuiteBootstrap_Pages/VT_Bootstrap/IssueTransactions/a_Personal' is clicked on

2023-09-20 11:51:49 - [MESSAGE][PASSED] - Object: 'Object Repository/AdminSuiteBootstrap_Pages/VT_Bootstrap/IssueTransactions/a_Personal' is clicked on

2023-09-20 11:51:49 - [TEST_STEP][PASSED] - adminSuiteBootstrap.debitPersonalsetData.debitPersonal_DataDriven(row, dataFile): adminSuiteBootstrap.debitPersonalsetData.debitPersonal_DataDriven is PASSED

2023-09-20 11:51:52 - [MESSAGE][PASSED] - Text 'Alisha' is set on object 'Object Repository/AdminSuiteBootstrap_Pages/VT_Bootstrap/ACHPersonal/input_firstName'

2023-09-20 11:51:52 - [MESSAGE][PASSED] - Text 'Slusarski' is set on object 'Object Repository/AdminSuiteBootstrap_Pages/VT_Bootstrap/ACHPersonal/input_lastName'

2023-09-20 11:51:53 - [MESSAGE][PASSED] - Text '3273 State St' is set on object 'Object Repository/AdminSuiteBootstrap_Pages/VT_Bootstrap/ACHPersonal/input_address'

2023-09-20 11:51:54 - [MESSAGE][PASSED] - Text 'apt #4' is set on object 'Object Repository/AdminSuiteBootstrap_Pages/VT_Bootstrap/ACHPersonal/input_address2'

2023-09-20 11:51:54 - [MESSAGE][PASSED] - Text '22201' is set on object 'Object Repository/AdminSuiteBootstrap_Pages/VT_Bootstrap/ACHPersonal/input_zip'

2023-09-20 11:51:55 - [MESSAGE][PASSED] - Text '' is set on object 'Object Repository/AdminSuiteBootstrap_Pages/VT_Bootstrap/ACHPersonal/input_emailAddress'

2023-09-20 11:51:56 - [MESSAGE][PASSED] - Text '' is set on object 'Object Repository/AdminSuiteBootstrap_Pages/VT_Bootstrap/ACHPersonal/input_smsNumber'

2023-09-20 11:51:57 - [MESSAGE][PASSED] - Text '45681004' is set on object 'Object Repository/AdminSuiteBootstrap_Pages/VT_Bootstrap/ACHPersonal/input_accountNumber'

2023-09-20 11:51:58 - [MESSAGE][PASSED] - Text '256072691' is set on object 'Object Repository/AdminSuiteBootstrap_Pages/VT_Bootstrap/ACHPersonal/input_routingNumber'

2023-09-20 11:51:59 - [MESSAGE][PASSED] - All options with label 'Savings' are selected in object 'Object Repository/AdminSuiteBootstrap_Pages/VT_Bootstrap/ACHPersonal/select_AccountType'  using regular expression

2023-09-20 11:52:00 - [MESSAGE][PASSED] - All options with label 'TEL - Telephone-Initiated Entry' are selected in object 'Object Repository/AdminSuiteBootstrap_Pages/VT_Bootstrap/ACHPersonal/select_STD'  using regular expression

2023-09-20 11:52:01 - [MESSAGE][PASSED] - Text '11.5' is set on object 'Object Repository/AdminSuiteBootstrap_Pages/VT_Bootstrap/ACHPersonal/input_amount'

2023-09-20 11:52:01 - [MESSAGE][PASSED] - Text 'Denmark' is set on object 'Object Repository/AdminSuiteBootstrap_Pages/VT_Bootstrap/ACHPersonal/input_userDefined1'

2023-09-20 11:52:02 - [MESSAGE][PASSED] - Text 'Australia' is set on object 'Object Repository/AdminSuiteBootstrap_Pages/VT_Bootstrap/ACHPersonal/input_userDefined2'

2023-09-20 11:52:03 - [MESSAGE][PASSED] - Text 'Austria' is set on object 'Object Repository/AdminSuiteBootstrap_Pages/VT_Bootstrap/ACHPersonal/input_userDefined3'

2023-09-20 11:52:04 - [MESSAGE][PASSED] - Text 'Sweden' is set on object 'Object Repository/AdminSuiteBootstrap_Pages/VT_Bootstrap/ACHPersonal/input_userDefined4'

2023-09-20 11:52:05 - [MESSAGE][PASSED] - All options with label 'Yellow' are selected in object 'Object Repository/AdminSuiteBootstrap_Pages/VT_Bootstrap/ACHPersonal/select_UDF5'  using regular expression

2023-09-20 11:52:06 - [MESSAGE][PASSED] - All options with label 'Orange' are selected in object 'Object Repository/AdminSuiteBootstrap_Pages/VT_Bootstrap/ACHPersonal/select_UDF6'  using regular expression

2023-09-20 11:52:06 - [MESSAGE][PASSED] - Text 'Netherlands' is set on object 'Object Repository/AdminSuiteBootstrap_Pages/VT_Bootstrap/ACHPersonal/input_userDefined7'

2023-09-20 11:52:07 - [MESSAGE][PASSED] - Text 'Norway' is set on object 'Object Repository/AdminSuiteBootstrap_Pages/VT_Bootstrap/ACHPersonal/input_userDefined8'

2023-09-20 11:52:08 - [MESSAGE][PASSED] - Text 'France' is set on object 'Object Repository/AdminSuiteBootstrap_Pages/VT_Bootstrap/ACHPersonal/input_userDefined9'

2023-09-20 11:52:08 - [MESSAGE][PASSED] - Text 'Switzerland' is set on object 'Object Repository/AdminSuiteBootstrap_Pages/VT_Bootstrap/ACHPersonal/input_userDefined10'

2023-09-20 11:52:09 - [MESSAGE][PASSED] - Object: 'Object Repository/AdminSuiteBootstrap_Pages/VT_Bootstrap/ACHPersonal/button_Submit' is clicked on

2023-09-20 11:52:09 - [MESSAGE][PASSED] - adminSuiteBootstrap.debitPersonalsetData.debitPersonal_DataDriven is PASSED

2023-09-20 11:52:09 - [TEST_STEP][PASSED] - if (verifyTextPresent("Transaction Successful", true)): null

2023-09-20 11:52:10 - [MESSAGE][PASSED] - Text 'Transaction Successful' is present on page  using regular expression

2023-09-20 11:52:10 - [TEST_STEP][PASSED] - sdf = getText(findTestObject(path_Receipt + "td_AutoNoC031622113752957Ahm")): Text of object 'Object Repository/AdminSuiteBootstrap_Pages/VT_Bootstrap/Receipt/td_AutoNoC031622113752957Ahm' is: 'AutoNoCFtp092023114913Ahm'

2023-09-20 11:52:10 - [MESSAGE][PASSED] - Text of object 'Object Repository/AdminSuiteBootstrap_Pages/VT_Bootstrap/Receipt/td_AutoNoC031622113752957Ahm' is: 'AutoNoCFtp092023114913Ahm'

2023-09-20 11:52:10 - [TEST_STEP][PASSED] - out.println("sdf: " + sdf): null

2023-09-20 11:52:10 - [TEST_STEP][PASSED] - remID = sdf: null

2023-09-20 11:52:10 - [TEST_STEP][PASSED] - out.println("remID: " + remID): null

2023-09-20 11:52:10 - [TEST_STEP][PASSED] - click(findTestObject(path_Receipt + "button_Continue")): Object: 'Object Repository/AdminSuiteBootstrap_Pages/VT_Bootstrap/Receipt/button_Continue' is clicked on

2023-09-20 11:52:11 - [MESSAGE][PASSED] - Object: 'Object Repository/AdminSuiteBootstrap_Pages/VT_Bootstrap/Receipt/button_Continue' is clicked on

2023-09-20 11:52:11 - [TEST_STEP][PASSED] - click(findTestObject(path_VT + "a_Search Transactions")): Object: 'Object Repository/AdminSuiteBootstrap_Pages/VT_Bootstrap/IssueTransactions/a_Search Transactions' is clicked on

2023-09-20 11:52:13 - [MESSAGE][PASSED] - Object: 'Object Repository/AdminSuiteBootstrap_Pages/VT_Bootstrap/IssueTransactions/a_Search Transactions' is clicked on

2023-09-20 11:52:13 - [TEST_STEP][PASSED] - setText(findTestObject(path_CCSearch + "input_Search By_searchValue"), remID): Text 'AutoNoCFtp092023114913Ahm' is set on object 'Object Repository/AdminSuiteBootstrap_Pages/VT_Bootstrap/CCCreditOrVoidSearch/input_Search By_searchValue'

2023-09-20 11:52:14 - [MESSAGE][PASSED] - Text 'AutoNoCFtp092023114913Ahm' is set on object 'Object Repository/AdminSuiteBootstrap_Pages/VT_Bootstrap/CCCreditOrVoidSearch/input_Search By_searchValue'

2023-09-20 11:52:14 - [TEST_STEP][PASSED] - click(findTestObject(path_CCSearch + "button_Submit")): Object: 'Object Repository/AdminSuiteBootstrap_Pages/VT_Bootstrap/CCCreditOrVoidSearch/button_Submit' is clicked on

2023-09-20 11:52:15 - [MESSAGE][PASSED] - Object: 'Object Repository/AdminSuiteBootstrap_Pages/VT_Bootstrap/CCCreditOrVoidSearch/button_Submit' is clicked on

2023-09-20 11:52:15 - [TEST_STEP][PASSED] - click(findTestObject(path_SearchResults + "button_PaymentID")): Object: 'Object Repository/AdminSuiteBootstrap_Pages/VT_Bootstrap/SearchResults/button_PaymentID' is clicked on

2023-09-20 11:52:15 - [MESSAGE][PASSED] - Object: 'Object Repository/AdminSuiteBootstrap_Pages/VT_Bootstrap/SearchResults/button_PaymentID' is clicked on

2023-09-20 11:52:15 - [TEST_STEP][PASSED] - verifyTextPresent("Tender Type", true): Text 'Tender Type' is present on page  using regular expression

2023-09-20 11:52:16 - [MESSAGE][PASSED] - Text 'Tender Type' is present on page  using regular expression

2023-09-20 11:52:16 - [TEST_STEP][PASSED] - verifyTextPresent("Transaction Type", true): Text 'Transaction Type' is present on page  using regular expression

2023-09-20 11:52:16 - [MESSAGE][PASSED] - Text 'Transaction Type' is present on page  using regular expression

2023-09-20 11:52:16 - [TEST_STEP][PASSED] - verifyTextPresent("Transaction Posted by", true): Text 'Transaction Posted by' is present on page  using regular expression

2023-09-20 11:52:17 - [MESSAGE][PASSED] - Text 'Transaction Posted by' is present on page  using regular expression

2023-09-20 11:52:17 - [TEST_STEP][PASSED] - verifyTextPresent("iahmed", true): Text 'iahmed' is present on page  using regular expression

2023-09-20 11:52:17 - [MESSAGE][PASSED] - Text 'iahmed' is present on page  using regular expression

2023-09-20 11:52:17 - [TEST_STEP][PASSED] - verifyTextPresent("Debit", true): Text 'Debit' is present on page  using regular expression

2023-09-20 11:52:17 - [MESSAGE][PASSED] - Text 'Debit' is present on page  using regular expression

2023-09-20 11:52:17 - [TEST_STEP][PASSED] - click(findTestObject(path_TranxDetails + "a_Credit this transaction")): Object: 'Object Repository/AdminSuiteBootstrap_Pages/VT_Bootstrap/TransactionDetails/a_Credit this transaction' is clicked on

2023-09-20 11:52:18 - [MESSAGE][PASSED] - Object: 'Object Repository/AdminSuiteBootstrap_Pages/VT_Bootstrap/TransactionDetails/a_Credit this transaction' is clicked on

2023-09-20 11:52:18 - [TEST_STEP][PASSED] - click(findTestObject(path_TranxDetails + "button_Submit")): Object: 'Object Repository/AdminSuiteBootstrap_Pages/VT_Bootstrap/TransactionDetails/button_Submit' is clicked on

2023-09-20 11:52:20 - [MESSAGE][PASSED] - Object: 'Object Repository/AdminSuiteBootstrap_Pages/VT_Bootstrap/TransactionDetails/button_Submit' is clicked on

2023-09-20 11:52:20 - [TEST_STEP][PASSED] - verifyTextPresent("Transaction Successful", true): Text 'Transaction Successful' is present on page  using regular expression

2023-09-20 11:52:20 - [MESSAGE][PASSED] - Text 'Transaction Successful' is present on page  using regular expression

2023-09-20 11:52:20 - [TEST_STEP][PASSED] - verifyTextPresent("Transaction Type", true): Text 'Transaction Type' is present on page  using regular expression

2023-09-20 11:52:21 - [MESSAGE][PASSED] - Text 'Transaction Type' is present on page  using regular expression

2023-09-20 11:52:21 - [TEST_STEP][PASSED] - verifyTextPresent("Credit", true): Text 'Credit' is present on page  using regular expression

2023-09-20 11:52:21 - [MESSAGE][PASSED] - Text 'Credit' is present on page  using regular expression

2023-09-20 11:52:21 - [TEST_STEP][PASSED] - closeBrowser(): Browser is closed

2023-09-20 11:52:22 - [MESSAGE][PASSED] - Browser is closed]]></system-out>
         <system-err><![CDATA[]]></system-err>
      </testcase>
      <testcase name="Test Cases/Admin Suite Bootstrap/VT_ACH_TestCases/DebitPersonalCredit_TP_SingleCF_Generic_Payment_TC" time="197.299" classname="Test Cases/Admin Suite Bootstrap/VT_ACH_TestCases/DebitPersonalCredit_TP_SingleCF_Generic_Payment_TC" status="PASSED">
         <system-out><![CDATA[2023-09-20 11:52:22 - [TEST_CASE][PASSED] - Test Cases/Admin Suite Bootstrap/VT_ACH_TestCases/DebitPersonalCredit_TP_SingleCF_Generic_Payment_TC: Test Cases/Admin Suite Bootstrap/VT_ACH_TestCases/DebitPersonalCredit_TP_SingleCF_Generic_Payment_TC

2023-09-20 11:52:22 - [TEST_STEP][PASSED] - path_Dashboard = "Object Repository/AdminSuiteBootstrap_Pages/Dashboard_Bootstrap/": null

2023-09-20 11:52:22 - [TEST_STEP][PASSED] - path_VT = "Object Repository/AdminSuiteBootstrap_Pages/VT_Bootstrap/IssueTransactions/": null

2023-09-20 11:52:22 - [TEST_STEP][PASSED] - path_Receipt = "Object Repository/AdminSuiteBootstrap_Pages/VT_Bootstrap/Receipt/": null

2023-09-20 11:52:22 - [TEST_STEP][PASSED] - path_CCSearch = "Object Repository/AdminSuiteBootstrap_Pages/VT_Bootstrap/CCCreditOrVoidSearch/": null

2023-09-20 11:52:22 - [TEST_STEP][PASSED] - path_SearchResults = "Object Repository/AdminSuiteBootstrap_Pages/VT_Bootstrap/SearchResults/": null

2023-09-20 11:52:22 - [TEST_STEP][PASSED] - path_TranxDetails = "Object Repository/AdminSuiteBootstrap_Pages/VT_Bootstrap/TransactionDetails/": null

2023-09-20 11:52:22 - [TEST_STEP][PASSED] - li_1 = vpos_Prefix: null

2023-09-20 11:52:22 - [TEST_STEP][PASSED] - li_2 = "/transactions/AuthCapForm/": null

2023-09-20 11:52:22 - [TEST_STEP][PASSED] - executionProfile = getExecutionProfile(): null

2023-09-20 11:52:22 - [TEST_STEP][PASSED] - out.println("executionProfile : " + executionProfile): null

2023-09-20 11:52:22 - [TEST_STEP][PASSED] - appName = <not implemented yet for class: org.codehaus.groovy.ast.expr.EmptyExpression>: null

2023-09-20 11:52:22 - [TEST_STEP][PASSED] - appID = <not implemented yet for class: org.codehaus.groovy.ast.expr.EmptyExpression>: null

2023-09-20 11:52:22 - [TEST_STEP][PASSED] - cardNameV = <not implemented yet for class: org.codehaus.groovy.ast.expr.EmptyExpression>: null

2023-09-20 11:52:22 - [TEST_STEP][PASSED] - al1V = <not implemented yet for class: org.codehaus.groovy.ast.expr.EmptyExpression>: null

2023-09-20 11:52:22 - [TEST_STEP][PASSED] - al2V = <not implemented yet for class: org.codehaus.groovy.ast.expr.EmptyExpression>: null

2023-09-20 11:52:22 - [TEST_STEP][PASSED] - zipV = <not implemented yet for class: org.codehaus.groovy.ast.expr.EmptyExpression>: null

2023-09-20 11:52:22 - [TEST_STEP][PASSED] - accType = <not implemented yet for class: org.codehaus.groovy.ast.expr.EmptyExpression>: null

2023-09-20 11:52:22 - [TEST_STEP][PASSED] - last4V = <not implemented yet for class: org.codehaus.groovy.ast.expr.EmptyExpression>: null

2023-09-20 11:52:22 - [TEST_STEP][PASSED] - resText = "Fail": null

2023-09-20 11:52:22 - [TEST_STEP][PASSED] - resColumn = "Result": null

2023-09-20 11:52:22 - [TEST_STEP][PASSED] - datCloumn = "Date": null

2023-09-20 11:52:22 - [TEST_STEP][PASSED] - fileLoc = "C:\KatalonData\Bootstrap\VT-ACH-Data.xlsx": null

2023-09-20 11:52:22 - [TEST_STEP][PASSED] - numOfRows = <not implemented yet for class: org.codehaus.groovy.ast.expr.EmptyExpression>: null

2023-09-20 11:52:22 - [TEST_STEP][PASSED] - dataFile = <not implemented yet for class: org.codehaus.groovy.ast.expr.EmptyExpression>: null

2023-09-20 11:52:22 - [TEST_STEP][PASSED] - nameSheet = <not implemented yet for class: org.codehaus.groovy.ast.expr.EmptyExpression>: null

2023-09-20 11:52:22 - [TEST_STEP][PASSED] - nameSheet = "VT-P-DebitCredit-SingleCF-Gener": null

2023-09-20 11:52:22 - [TEST_STEP][PASSED] - numOfRows = findTestData("QA/Bootstrap/VT-ACH-TestData/VT-DebitCreditData-SingleCF-Generic").getRowNumbers(): null

2023-09-20 11:52:23 - [TEST_STEP][PASSED] - println("Number of Records: " + numOfRows): null

2023-09-20 11:52:23 - [TEST_STEP][PASSED] - dataFile = "QA/Bootstrap/VT-ACH-TestData/VT-DebitCreditData-SingleCF-Generic": null

2023-09-20 11:52:23 - [TEST_STEP][PASSED] - for ([row = 1, row <= numOfRows, (row++)]): Browser is closed

2023-09-20 11:52:23 - [TEST_STEP][PASSED] - ExecuteTC = findTestData(dataFile).getValue("Execute", row): null

2023-09-20 11:52:23 - [TEST_STEP][PASSED] - out.println("Value of Execute is : " + ExecuteTC): null

2023-09-20 11:52:23 - [TEST_STEP][PASSED] - switch (executionProfile): null

2023-09-20 11:52:23 - [TEST_STEP][PASSED] - case "QA2Profile":: null

2023-09-20 11:52:23 - [TEST_STEP][PASSED] - appName = findTestData(dataFile).getValue("AppNameQA", row): null

2023-09-20 11:52:23 - [TEST_STEP][PASSED] - appID = findTestData(dataFile).getValue("AppIDQA", row): null

2023-09-20 11:52:23 - [TEST_STEP][PASSED] - break: null

2023-09-20 11:52:23 - [TEST_STEP][PASSED] - hrefAppID = li_1 + appID + li_2: null

2023-09-20 11:52:23 - [TEST_STEP][PASSED] - hrefApp = li_1 + appID + "/": null

2023-09-20 11:52:23 - [TEST_STEP][PASSED] - println("hrefApp : " + hrefApp): null

2023-09-20 11:52:23 - [TEST_STEP][PASSED] - if (ExecuteTC.equalsIgnoreCase("Y")): Browser is closed

2023-09-20 11:52:23 - [TEST_STEP][PASSED] - out.println("Begin Record Number: " + row): null

2023-09-20 11:52:23 - [TEST_STEP][PASSED] - today = new java.util.Date(): null

2023-09-20 11:52:23 - [TEST_STEP][PASSED] - println(today): null

2023-09-20 11:52:23 - [TEST_STEP][PASSED] - datText = today: null

2023-09-20 11:52:23 - [TEST_STEP][PASSED] - adminSuiteBootstrap.loginFunctionality.login_AdminSuite(): adminSuiteBootstrap.loginFunctionality.login_AdminSuite is PASSED

2023-09-20 11:52:23 - [MESSAGE][INFO] - Starting 'Chrome' driver

2023-09-20 11:52:23 - [MESSAGE][INFO] - User set preference: ['acceptInsecureCerts', 'true']

2023-09-20 11:52:23 - [MESSAGE][INFO] - Action delay is set to 0 milliseconds

2023-09-20 11:52:26 - [MESSAGE][PASSED] - Browser is opened with url: 'https://qa2.velocitypayment.com/admin/imtiaz'

2023-09-20 11:52:26 - [MESSAGE][PASSED] - Current window maximized

2023-09-20 11:52:27 - [MESSAGE][PASSED] - Object 'Object Repository/Login_Page/Login_Username_Okta' is present

2023-09-20 11:52:27 - [MESSAGE][PASSED] - Text 'iahmed' is set on object 'Object Repository/Login_Page/Login_Username_Okta'

2023-09-20 11:52:28 - [MESSAGE][PASSED] - Text 'Hello1111111@' is set on object 'Object Repository/Login_Page/Login_Password_Okta'

2023-09-20 11:52:29 - [MESSAGE][PASSED] - Object: 'Object Repository/Login_Page/Login_Submit_Okta' is clicked on

2023-09-20 11:52:29 - [MESSAGE][PASSED] - adminSuiteBootstrap.loginFunctionality.login_AdminSuite is PASSED

2023-09-20 11:52:29 - [TEST_STEP][PASSED] - click(findTestObject(path_Dashboard + appName)): Object: 'Object Repository/AdminSuiteBootstrap_Pages/Dashboard_Bootstrap/a_Access AutoSingleCFtpQA' is clicked on

2023-09-20 11:52:37 - [MESSAGE][PASSED] - Object: 'Object Repository/AdminSuiteBootstrap_Pages/Dashboard_Bootstrap/a_Access AutoSingleCFtpQA' is clicked on

2023-09-20 11:52:37 - [TEST_STEP][PASSED] - click(findTestObject(path_VT + "button_Debit")): Object: 'Object Repository/AdminSuiteBootstrap_Pages/VT_Bootstrap/IssueTransactions/button_Debit' is clicked on

2023-09-20 11:52:37 - [MESSAGE][PASSED] - Object: 'Object Repository/AdminSuiteBootstrap_Pages/VT_Bootstrap/IssueTransactions/button_Debit' is clicked on

2023-09-20 11:52:37 - [TEST_STEP][PASSED] - click(findTestObject(path_VT + "a_Personal")): Object: 'Object Repository/AdminSuiteBootstrap_Pages/VT_Bootstrap/IssueTransactions/a_Personal' is clicked on

2023-09-20 11:52:38 - [MESSAGE][PASSED] - Object: 'Object Repository/AdminSuiteBootstrap_Pages/VT_Bootstrap/IssueTransactions/a_Personal' is clicked on

2023-09-20 11:52:38 - [TEST_STEP][PASSED] - adminSuiteBootstrap.debitPersonalsetData.debitPersonal_DataDriven(row, dataFile): adminSuiteBootstrap.debitPersonalsetData.debitPersonal_DataDriven is PASSED

2023-09-20 11:52:41 - [MESSAGE][PASSED] - Text 'John' is set on object 'Object Repository/AdminSuiteBootstrap_Pages/VT_Bootstrap/ACHPersonal/input_firstName'

2023-09-20 11:52:41 - [MESSAGE][PASSED] - Text 'Gordonas' is set on object 'Object Repository/AdminSuiteBootstrap_Pages/VT_Bootstrap/ACHPersonal/input_lastName'

2023-09-20 11:52:42 - [MESSAGE][PASSED] - Text '133 Meadow Ln' is set on object 'Object Repository/AdminSuiteBootstrap_Pages/VT_Bootstrap/ACHPersonal/input_address'

2023-09-20 11:52:43 - [MESSAGE][PASSED] - Text 'apt #123' is set on object 'Object Repository/AdminSuiteBootstrap_Pages/VT_Bootstrap/ACHPersonal/input_address2'

2023-09-20 11:52:43 - [MESSAGE][PASSED] - Text '22201' is set on object 'Object Repository/AdminSuiteBootstrap_Pages/VT_Bootstrap/ACHPersonal/input_zip'

2023-09-20 11:52:44 - [MESSAGE][PASSED] - Text '' is set on object 'Object Repository/AdminSuiteBootstrap_Pages/VT_Bootstrap/ACHPersonal/input_emailAddress'

2023-09-20 11:52:45 - [MESSAGE][PASSED] - Text '' is set on object 'Object Repository/AdminSuiteBootstrap_Pages/VT_Bootstrap/ACHPersonal/input_smsNumber'

2023-09-20 11:52:46 - [MESSAGE][PASSED] - Text '45682001' is set on object 'Object Repository/AdminSuiteBootstrap_Pages/VT_Bootstrap/ACHPersonal/input_accountNumber'

2023-09-20 11:52:47 - [MESSAGE][PASSED] - Text '256072691' is set on object 'Object Repository/AdminSuiteBootstrap_Pages/VT_Bootstrap/ACHPersonal/input_routingNumber'

2023-09-20 11:52:48 - [MESSAGE][PASSED] - All options with label 'Checking' are selected in object 'Object Repository/AdminSuiteBootstrap_Pages/VT_Bootstrap/ACHPersonal/select_AccountType'  using regular expression

2023-09-20 11:52:48 - [MESSAGE][PASSED] - All options with label 'PPD - Prearranged Payment and Deposit Entry' are selected in object 'Object Repository/AdminSuiteBootstrap_Pages/VT_Bootstrap/ACHPersonal/select_STD'  using regular expression

2023-09-20 11:52:49 - [MESSAGE][PASSED] - Text '11.5' is set on object 'Object Repository/AdminSuiteBootstrap_Pages/VT_Bootstrap/ACHPersonal/input_amount'

2023-09-20 11:52:51 - [MESSAGE][PASSED] - Text 'Denmark' is set on object 'Object Repository/AdminSuiteBootstrap_Pages/VT_Bootstrap/ACHPersonal/input_userDefined1'

2023-09-20 11:52:51 - [MESSAGE][PASSED] - Text 'Australia' is set on object 'Object Repository/AdminSuiteBootstrap_Pages/VT_Bootstrap/ACHPersonal/input_userDefined2'

2023-09-20 11:52:52 - [MESSAGE][PASSED] - Text 'Austria' is set on object 'Object Repository/AdminSuiteBootstrap_Pages/VT_Bootstrap/ACHPersonal/input_userDefined3'

2023-09-20 11:52:53 - [MESSAGE][PASSED] - Text 'Sweden' is set on object 'Object Repository/AdminSuiteBootstrap_Pages/VT_Bootstrap/ACHPersonal/input_userDefined4'

2023-09-20 11:52:54 - [MESSAGE][PASSED] - All options with label 'Yellow' are selected in object 'Object Repository/AdminSuiteBootstrap_Pages/VT_Bootstrap/ACHPersonal/select_UDF5'  using regular expression

2023-09-20 11:52:55 - [MESSAGE][PASSED] - All options with label 'Orange' are selected in object 'Object Repository/AdminSuiteBootstrap_Pages/VT_Bootstrap/ACHPersonal/select_UDF6'  using regular expression

2023-09-20 11:52:55 - [MESSAGE][PASSED] - Text 'Netherlands' is set on object 'Object Repository/AdminSuiteBootstrap_Pages/VT_Bootstrap/ACHPersonal/input_userDefined7'

2023-09-20 11:52:56 - [MESSAGE][PASSED] - Text 'Norway' is set on object 'Object Repository/AdminSuiteBootstrap_Pages/VT_Bootstrap/ACHPersonal/input_userDefined8'

2023-09-20 11:52:57 - [MESSAGE][PASSED] - Text 'France' is set on object 'Object Repository/AdminSuiteBootstrap_Pages/VT_Bootstrap/ACHPersonal/input_userDefined9'

2023-09-20 11:52:57 - [MESSAGE][PASSED] - Text 'Switzerland' is set on object 'Object Repository/AdminSuiteBootstrap_Pages/VT_Bootstrap/ACHPersonal/input_userDefined10'

2023-09-20 11:52:59 - [MESSAGE][PASSED] - Object: 'Object Repository/AdminSuiteBootstrap_Pages/VT_Bootstrap/ACHPersonal/button_Submit' is clicked on

2023-09-20 11:52:59 - [MESSAGE][PASSED] - adminSuiteBootstrap.debitPersonalsetData.debitPersonal_DataDriven is PASSED

2023-09-20 11:52:59 - [TEST_STEP][PASSED] - if (verifyTextPresent("Transaction Successful", true)): null

2023-09-20 11:52:59 - [MESSAGE][PASSED] - Text 'Transaction Successful' is present on page  using regular expression

2023-09-20 11:52:59 - [TEST_STEP][PASSED] - sdf = getText(findTestObject(path_Receipt + "td_AutoNoC031622113752957Ahm")): Text of object 'Object Repository/AdminSuiteBootstrap_Pages/VT_Bootstrap/Receipt/td_AutoNoC031622113752957Ahm' is: 'AutoSingle092023115002Ahm'

2023-09-20 11:53:00 - [MESSAGE][PASSED] - Text of object 'Object Repository/AdminSuiteBootstrap_Pages/VT_Bootstrap/Receipt/td_AutoNoC031622113752957Ahm' is: 'AutoSingle092023115002Ahm'

2023-09-20 11:53:00 - [TEST_STEP][PASSED] - out.println("sdf: " + sdf): null

2023-09-20 11:53:00 - [TEST_STEP][PASSED] - remID = sdf: null

2023-09-20 11:53:00 - [TEST_STEP][PASSED] - out.println("remID: " + remID): null

2023-09-20 11:53:00 - [TEST_STEP][PASSED] - click(findTestObject(path_Receipt + "button_Continue")): Object: 'Object Repository/AdminSuiteBootstrap_Pages/VT_Bootstrap/Receipt/button_Continue' is clicked on

2023-09-20 11:53:00 - [MESSAGE][PASSED] - Object: 'Object Repository/AdminSuiteBootstrap_Pages/VT_Bootstrap/Receipt/button_Continue' is clicked on

2023-09-20 11:53:00 - [TEST_STEP][PASSED] - click(findTestObject(path_VT + "a_Search Transactions")): Object: 'Object Repository/AdminSuiteBootstrap_Pages/VT_Bootstrap/IssueTransactions/a_Search Transactions' is clicked on

2023-09-20 11:53:01 - [MESSAGE][PASSED] - Object: 'Object Repository/AdminSuiteBootstrap_Pages/VT_Bootstrap/IssueTransactions/a_Search Transactions' is clicked on

2023-09-20 11:53:01 - [TEST_STEP][PASSED] - setText(findTestObject(path_CCSearch + "input_Search By_searchValue"), remID): Text 'AutoSingle092023115002Ahm' is set on object 'Object Repository/AdminSuiteBootstrap_Pages/VT_Bootstrap/CCCreditOrVoidSearch/input_Search By_searchValue'

2023-09-20 11:53:02 - [MESSAGE][PASSED] - Text 'AutoSingle092023115002Ahm' is set on object 'Object Repository/AdminSuiteBootstrap_Pages/VT_Bootstrap/CCCreditOrVoidSearch/input_Search By_searchValue'

2023-09-20 11:53:02 - [TEST_STEP][PASSED] - click(findTestObject(path_CCSearch + "button_Submit")): Object: 'Object Repository/AdminSuiteBootstrap_Pages/VT_Bootstrap/CCCreditOrVoidSearch/button_Submit' is clicked on

2023-09-20 11:53:03 - [MESSAGE][PASSED] - Object: 'Object Repository/AdminSuiteBootstrap_Pages/VT_Bootstrap/CCCreditOrVoidSearch/button_Submit' is clicked on

2023-09-20 11:53:03 - [TEST_STEP][PASSED] - click(findTestObject(path_SearchResults + "button_PaymentID")): Object: 'Object Repository/AdminSuiteBootstrap_Pages/VT_Bootstrap/SearchResults/button_PaymentID' is clicked on

2023-09-20 11:53:04 - [MESSAGE][PASSED] - Object: 'Object Repository/AdminSuiteBootstrap_Pages/VT_Bootstrap/SearchResults/button_PaymentID' is clicked on

2023-09-20 11:53:04 - [TEST_STEP][PASSED] - verifyTextPresent("Tender Type", true): Text 'Tender Type' is present on page  using regular expression

2023-09-20 11:53:05 - [MESSAGE][PASSED] - Text 'Tender Type' is present on page  using regular expression

2023-09-20 11:53:05 - [TEST_STEP][PASSED] - verifyTextPresent("Transaction Type", true): Text 'Transaction Type' is present on page  using regular expression

2023-09-20 11:53:05 - [MESSAGE][PASSED] - Text 'Transaction Type' is present on page  using regular expression

2023-09-20 11:53:05 - [TEST_STEP][PASSED] - verifyTextPresent("Transaction Posted by", true): Text 'Transaction Posted by' is present on page  using regular expression

2023-09-20 11:53:05 - [MESSAGE][PASSED] - Text 'Transaction Posted by' is present on page  using regular expression

2023-09-20 11:53:05 - [TEST_STEP][PASSED] - verifyTextPresent("iahmed", true): Text 'iahmed' is present on page  using regular expression

2023-09-20 11:53:06 - [MESSAGE][PASSED] - Text 'iahmed' is present on page  using regular expression

2023-09-20 11:53:06 - [TEST_STEP][PASSED] - verifyTextPresent("Debit", true): Text 'Debit' is present on page  using regular expression

2023-09-20 11:53:06 - [MESSAGE][PASSED] - Text 'Debit' is present on page  using regular expression

2023-09-20 11:53:06 - [TEST_STEP][PASSED] - click(findTestObject(path_TranxDetails + "a_Credit this transaction")): Object: 'Object Repository/AdminSuiteBootstrap_Pages/VT_Bootstrap/TransactionDetails/a_Credit this transaction' is clicked on

2023-09-20 11:53:07 - [MESSAGE][PASSED] - Object: 'Object Repository/AdminSuiteBootstrap_Pages/VT_Bootstrap/TransactionDetails/a_Credit this transaction' is clicked on

2023-09-20 11:53:07 - [TEST_STEP][PASSED] - partialACNumber = findTestData(dataFile).getValue("AutoCreditNumber", row): null

2023-09-20 11:53:07 - [TEST_STEP][PASSED] - setText(findTestObject(path_TranxDetails + "input_P_accountNumberPrefix"), partialACNumber): Text '4568' is set on object 'Object Repository/AdminSuiteBootstrap_Pages/VT_Bootstrap/TransactionDetails/input_P_accountNumberPrefix'

2023-09-20 11:53:08 - [MESSAGE][PASSED] - Text '4568' is set on object 'Object Repository/AdminSuiteBootstrap_Pages/VT_Bootstrap/TransactionDetails/input_P_accountNumberPrefix'

2023-09-20 11:53:08 - [TEST_STEP][PASSED] - click(findTestObject(path_TranxDetails + "button_Submit")): Object: 'Object Repository/AdminSuiteBootstrap_Pages/VT_Bootstrap/TransactionDetails/button_Submit' is clicked on

2023-09-20 11:53:09 - [MESSAGE][PASSED] - Object: 'Object Repository/AdminSuiteBootstrap_Pages/VT_Bootstrap/TransactionDetails/button_Submit' is clicked on

2023-09-20 11:53:09 - [TEST_STEP][PASSED] - verifyTextPresent("Transaction Successful", true): Text 'Transaction Successful' is present on page  using regular expression

2023-09-20 11:53:10 - [MESSAGE][PASSED] - Text 'Transaction Successful' is present on page  using regular expression

2023-09-20 11:53:10 - [TEST_STEP][PASSED] - verifyTextPresent("Transaction Type", true): Text 'Transaction Type' is present on page  using regular expression

2023-09-20 11:53:10 - [MESSAGE][PASSED] - Text 'Transaction Type' is present on page  using regular expression

2023-09-20 11:53:10 - [TEST_STEP][PASSED] - verifyTextPresent("Credit", true): Text 'Credit' is present on page  using regular expression

2023-09-20 11:53:10 - [MESSAGE][PASSED] - Text 'Credit' is present on page  using regular expression

2023-09-20 11:53:10 - [TEST_STEP][PASSED] - closeBrowser(): Browser is closed

2023-09-20 11:53:11 - [MESSAGE][PASSED] - Browser is closed

2023-09-20 11:53:11 - [TEST_STEP][PASSED] - ExecuteTC = findTestData(dataFile).getValue("Execute", row): null

2023-09-20 11:53:11 - [TEST_STEP][PASSED] - out.println("Value of Execute is : " + ExecuteTC): null

2023-09-20 11:53:11 - [TEST_STEP][PASSED] - switch (executionProfile): null

2023-09-20 11:53:11 - [TEST_STEP][PASSED] - case "QA2Profile":: null

2023-09-20 11:53:11 - [TEST_STEP][PASSED] - appName = findTestData(dataFile).getValue("AppNameQA", row): null

2023-09-20 11:53:11 - [TEST_STEP][PASSED] - appID = findTestData(dataFile).getValue("AppIDQA", row): null

2023-09-20 11:53:11 - [TEST_STEP][PASSED] - break: null

2023-09-20 11:53:11 - [TEST_STEP][PASSED] - hrefAppID = li_1 + appID + li_2: null

2023-09-20 11:53:11 - [TEST_STEP][PASSED] - hrefApp = li_1 + appID + "/": null

2023-09-20 11:53:11 - [TEST_STEP][PASSED] - println("hrefApp : " + hrefApp): null

2023-09-20 11:53:11 - [TEST_STEP][PASSED] - if (ExecuteTC.equalsIgnoreCase("Y")): Browser is closed

2023-09-20 11:53:11 - [TEST_STEP][PASSED] - out.println("Begin Record Number: " + row): null

2023-09-20 11:53:11 - [TEST_STEP][PASSED] - today = new java.util.Date(): null

2023-09-20 11:53:11 - [TEST_STEP][PASSED] - println(today): null

2023-09-20 11:53:11 - [TEST_STEP][PASSED] - datText = today: null

2023-09-20 11:53:11 - [TEST_STEP][PASSED] - adminSuiteBootstrap.loginFunctionality.login_AdminSuite(): adminSuiteBootstrap.loginFunctionality.login_AdminSuite is PASSED

2023-09-20 11:53:11 - [MESSAGE][INFO] - Starting 'Chrome' driver

2023-09-20 11:53:11 - [MESSAGE][INFO] - User set preference: ['acceptInsecureCerts', 'true']

2023-09-20 11:53:11 - [MESSAGE][INFO] - Action delay is set to 0 milliseconds

2023-09-20 11:53:14 - [MESSAGE][PASSED] - Browser is opened with url: 'https://qa2.velocitypayment.com/admin/imtiaz'

2023-09-20 11:53:14 - [MESSAGE][PASSED] - Current window maximized

2023-09-20 11:53:15 - [MESSAGE][PASSED] - Object 'Object Repository/Login_Page/Login_Username_Okta' is present

2023-09-20 11:53:16 - [MESSAGE][PASSED] - Text 'iahmed' is set on object 'Object Repository/Login_Page/Login_Username_Okta'

2023-09-20 11:53:17 - [MESSAGE][PASSED] - Text 'Hello1111111@' is set on object 'Object Repository/Login_Page/Login_Password_Okta'

2023-09-20 11:53:17 - [MESSAGE][PASSED] - Object: 'Object Repository/Login_Page/Login_Submit_Okta' is clicked on

2023-09-20 11:53:17 - [MESSAGE][PASSED] - adminSuiteBootstrap.loginFunctionality.login_AdminSuite is PASSED

2023-09-20 11:53:17 - [TEST_STEP][PASSED] - click(findTestObject(path_Dashboard + appName)): Object: 'Object Repository/AdminSuiteBootstrap_Pages/Dashboard_Bootstrap/a_Access AutoSingleCFtpQA' is clicked on

2023-09-20 11:53:25 - [MESSAGE][PASSED] - Object: 'Object Repository/AdminSuiteBootstrap_Pages/Dashboard_Bootstrap/a_Access AutoSingleCFtpQA' is clicked on

2023-09-20 11:53:25 - [TEST_STEP][PASSED] - click(findTestObject(path_VT + "button_Debit")): Object: 'Object Repository/AdminSuiteBootstrap_Pages/VT_Bootstrap/IssueTransactions/button_Debit' is clicked on

2023-09-20 11:53:26 - [MESSAGE][PASSED] - Object: 'Object Repository/AdminSuiteBootstrap_Pages/VT_Bootstrap/IssueTransactions/button_Debit' is clicked on

2023-09-20 11:53:26 - [TEST_STEP][PASSED] - click(findTestObject(path_VT + "a_Personal")): Object: 'Object Repository/AdminSuiteBootstrap_Pages/VT_Bootstrap/IssueTransactions/a_Personal' is clicked on

2023-09-20 11:53:27 - [MESSAGE][PASSED] - Object: 'Object Repository/AdminSuiteBootstrap_Pages/VT_Bootstrap/IssueTransactions/a_Personal' is clicked on

2023-09-20 11:53:27 - [TEST_STEP][PASSED] - adminSuiteBootstrap.debitPersonalsetData.debitPersonal_DataDriven(row, dataFile): adminSuiteBootstrap.debitPersonalsetData.debitPersonal_DataDriven is PASSED

2023-09-20 11:53:29 - [MESSAGE][PASSED] - Text 'Veronika' is set on object 'Object Repository/AdminSuiteBootstrap_Pages/VT_Bootstrap/ACHPersonal/input_firstName'

2023-09-20 11:53:30 - [MESSAGE][PASSED] - Text 'Inouye' is set on object 'Object Repository/AdminSuiteBootstrap_Pages/VT_Bootstrap/ACHPersonal/input_lastName'

2023-09-20 11:53:30 - [MESSAGE][PASSED] - Text '6 Greenleaf Ave' is set on object 'Object Repository/AdminSuiteBootstrap_Pages/VT_Bootstrap/ACHPersonal/input_address'

2023-09-20 11:53:31 - [MESSAGE][PASSED] - Text 'apt #3' is set on object 'Object Repository/AdminSuiteBootstrap_Pages/VT_Bootstrap/ACHPersonal/input_address2'

2023-09-20 11:53:32 - [MESSAGE][PASSED] - Text '22201' is set on object 'Object Repository/AdminSuiteBootstrap_Pages/VT_Bootstrap/ACHPersonal/input_zip'

2023-09-20 11:53:33 - [MESSAGE][PASSED] - Text '' is set on object 'Object Repository/AdminSuiteBootstrap_Pages/VT_Bootstrap/ACHPersonal/input_emailAddress'

2023-09-20 11:53:34 - [MESSAGE][PASSED] - Text '' is set on object 'Object Repository/AdminSuiteBootstrap_Pages/VT_Bootstrap/ACHPersonal/input_smsNumber'

2023-09-20 11:53:35 - [MESSAGE][PASSED] - Text '45682002' is set on object 'Object Repository/AdminSuiteBootstrap_Pages/VT_Bootstrap/ACHPersonal/input_accountNumber'

2023-09-20 11:53:35 - [MESSAGE][PASSED] - Text '256072691' is set on object 'Object Repository/AdminSuiteBootstrap_Pages/VT_Bootstrap/ACHPersonal/input_routingNumber'

2023-09-20 11:53:36 - [MESSAGE][PASSED] - All options with label 'Checking' are selected in object 'Object Repository/AdminSuiteBootstrap_Pages/VT_Bootstrap/ACHPersonal/select_AccountType'  using regular expression

2023-09-20 11:53:37 - [MESSAGE][PASSED] - All options with label 'TEL - Telephone-Initiated Entry' are selected in object 'Object Repository/AdminSuiteBootstrap_Pages/VT_Bootstrap/ACHPersonal/select_STD'  using regular expression

2023-09-20 11:53:38 - [MESSAGE][PASSED] - Text '11.5' is set on object 'Object Repository/AdminSuiteBootstrap_Pages/VT_Bootstrap/ACHPersonal/input_amount'

2023-09-20 11:53:39 - [MESSAGE][PASSED] - Text 'Denmark' is set on object 'Object Repository/AdminSuiteBootstrap_Pages/VT_Bootstrap/ACHPersonal/input_userDefined1'

2023-09-20 11:53:40 - [MESSAGE][PASSED] - Text 'Australia' is set on object 'Object Repository/AdminSuiteBootstrap_Pages/VT_Bootstrap/ACHPersonal/input_userDefined2'

2023-09-20 11:53:41 - [MESSAGE][PASSED] - Text 'Austria' is set on object 'Object Repository/AdminSuiteBootstrap_Pages/VT_Bootstrap/ACHPersonal/input_userDefined3'

2023-09-20 11:53:41 - [MESSAGE][PASSED] - Text 'Sweden' is set on object 'Object Repository/AdminSuiteBootstrap_Pages/VT_Bootstrap/ACHPersonal/input_userDefined4'

2023-09-20 11:53:42 - [MESSAGE][PASSED] - All options with label 'Yellow' are selected in object 'Object Repository/AdminSuiteBootstrap_Pages/VT_Bootstrap/ACHPersonal/select_UDF5'  using regular expression

2023-09-20 11:53:43 - [MESSAGE][PASSED] - All options with label 'Orange' are selected in object 'Object Repository/AdminSuiteBootstrap_Pages/VT_Bootstrap/ACHPersonal/select_UDF6'  using regular expression

2023-09-20 11:53:44 - [MESSAGE][PASSED] - Text 'Netherlands' is set on object 'Object Repository/AdminSuiteBootstrap_Pages/VT_Bootstrap/ACHPersonal/input_userDefined7'

2023-09-20 11:53:45 - [MESSAGE][PASSED] - Text 'Norway' is set on object 'Object Repository/AdminSuiteBootstrap_Pages/VT_Bootstrap/ACHPersonal/input_userDefined8'

2023-09-20 11:53:45 - [MESSAGE][PASSED] - Text 'France' is set on object 'Object Repository/AdminSuiteBootstrap_Pages/VT_Bootstrap/ACHPersonal/input_userDefined9'

2023-09-20 11:53:46 - [MESSAGE][PASSED] - Text 'Switzerland' is set on object 'Object Repository/AdminSuiteBootstrap_Pages/VT_Bootstrap/ACHPersonal/input_userDefined10'

2023-09-20 11:53:47 - [MESSAGE][PASSED] - Object: 'Object Repository/AdminSuiteBootstrap_Pages/VT_Bootstrap/ACHPersonal/button_Submit' is clicked on

2023-09-20 11:53:47 - [MESSAGE][PASSED] - adminSuiteBootstrap.debitPersonalsetData.debitPersonal_DataDriven is PASSED

2023-09-20 11:53:47 - [TEST_STEP][PASSED] - if (verifyTextPresent("Transaction Successful", true)): null

2023-09-20 11:53:48 - [MESSAGE][PASSED] - Text 'Transaction Successful' is present on page  using regular expression

2023-09-20 11:53:48 - [TEST_STEP][PASSED] - sdf = getText(findTestObject(path_Receipt + "td_AutoNoC031622113752957Ahm")): Text of object 'Object Repository/AdminSuiteBootstrap_Pages/VT_Bootstrap/Receipt/td_AutoNoC031622113752957Ahm' is: 'AutoSingle092023115050Ahm'

2023-09-20 11:53:48 - [MESSAGE][PASSED] - Text of object 'Object Repository/AdminSuiteBootstrap_Pages/VT_Bootstrap/Receipt/td_AutoNoC031622113752957Ahm' is: 'AutoSingle092023115050Ahm'

2023-09-20 11:53:48 - [TEST_STEP][PASSED] - out.println("sdf: " + sdf): null

2023-09-20 11:53:48 - [TEST_STEP][PASSED] - remID = sdf: null

2023-09-20 11:53:48 - [TEST_STEP][PASSED] - out.println("remID: " + remID): null

2023-09-20 11:53:48 - [TEST_STEP][PASSED] - click(findTestObject(path_Receipt + "button_Continue")): Object: 'Object Repository/AdminSuiteBootstrap_Pages/VT_Bootstrap/Receipt/button_Continue' is clicked on

2023-09-20 11:53:49 - [MESSAGE][PASSED] - Object: 'Object Repository/AdminSuiteBootstrap_Pages/VT_Bootstrap/Receipt/button_Continue' is clicked on

2023-09-20 11:53:49 - [TEST_STEP][PASSED] - click(findTestObject(path_VT + "a_Search Transactions")): Object: 'Object Repository/AdminSuiteBootstrap_Pages/VT_Bootstrap/IssueTransactions/a_Search Transactions' is clicked on

2023-09-20 11:53:50 - [MESSAGE][PASSED] - Object: 'Object Repository/AdminSuiteBootstrap_Pages/VT_Bootstrap/IssueTransactions/a_Search Transactions' is clicked on

2023-09-20 11:53:50 - [TEST_STEP][PASSED] - setText(findTestObject(path_CCSearch + "input_Search By_searchValue"), remID): Text 'AutoSingle092023115050Ahm' is set on object 'Object Repository/AdminSuiteBootstrap_Pages/VT_Bootstrap/CCCreditOrVoidSearch/input_Search By_searchValue'

2023-09-20 11:53:51 - [MESSAGE][PASSED] - Text 'AutoSingle092023115050Ahm' is set on object 'Object Repository/AdminSuiteBootstrap_Pages/VT_Bootstrap/CCCreditOrVoidSearch/input_Search By_searchValue'

2023-09-20 11:53:51 - [TEST_STEP][PASSED] - click(findTestObject(path_CCSearch + "button_Submit")): Object: 'Object Repository/AdminSuiteBootstrap_Pages/VT_Bootstrap/CCCreditOrVoidSearch/button_Submit' is clicked on

2023-09-20 11:53:51 - [MESSAGE][PASSED] - Object: 'Object Repository/AdminSuiteBootstrap_Pages/VT_Bootstrap/CCCreditOrVoidSearch/button_Submit' is clicked on

2023-09-20 11:53:51 - [TEST_STEP][PASSED] - click(findTestObject(path_SearchResults + "button_PaymentID")): Object: 'Object Repository/AdminSuiteBootstrap_Pages/VT_Bootstrap/SearchResults/button_PaymentID' is clicked on

2023-09-20 11:53:53 - [MESSAGE][PASSED] - Object: 'Object Repository/AdminSuiteBootstrap_Pages/VT_Bootstrap/SearchResults/button_PaymentID' is clicked on

2023-09-20 11:53:53 - [TEST_STEP][PASSED] - verifyTextPresent("Tender Type", true): Text 'Tender Type' is present on page  using regular expression

2023-09-20 11:53:53 - [MESSAGE][PASSED] - Text 'Tender Type' is present on page  using regular expression

2023-09-20 11:53:53 - [TEST_STEP][PASSED] - verifyTextPresent("Transaction Type", true): Text 'Transaction Type' is present on page  using regular expression

2023-09-20 11:53:54 - [MESSAGE][PASSED] - Text 'Transaction Type' is present on page  using regular expression

2023-09-20 11:53:54 - [TEST_STEP][PASSED] - verifyTextPresent("Transaction Posted by", true): Text 'Transaction Posted by' is present on page  using regular expression

2023-09-20 11:53:54 - [MESSAGE][PASSED] - Text 'Transaction Posted by' is present on page  using regular expression

2023-09-20 11:53:54 - [TEST_STEP][PASSED] - verifyTextPresent("iahmed", true): Text 'iahmed' is present on page  using regular expression

2023-09-20 11:53:54 - [MESSAGE][PASSED] - Text 'iahmed' is present on page  using regular expression

2023-09-20 11:53:54 - [TEST_STEP][PASSED] - verifyTextPresent("Debit", true): Text 'Debit' is present on page  using regular expression

2023-09-20 11:53:55 - [MESSAGE][PASSED] - Text 'Debit' is present on page  using regular expression

2023-09-20 11:53:55 - [TEST_STEP][PASSED] - click(findTestObject(path_TranxDetails + "a_Credit this transaction")): Object: 'Object Repository/AdminSuiteBootstrap_Pages/VT_Bootstrap/TransactionDetails/a_Credit this transaction' is clicked on

2023-09-20 11:53:55 - [MESSAGE][PASSED] - Object: 'Object Repository/AdminSuiteBootstrap_Pages/VT_Bootstrap/TransactionDetails/a_Credit this transaction' is clicked on

2023-09-20 11:53:55 - [TEST_STEP][PASSED] - partialACNumber = findTestData(dataFile).getValue("AutoCreditNumber", row): null

2023-09-20 11:53:56 - [TEST_STEP][PASSED] - setText(findTestObject(path_TranxDetails + "input_P_accountNumberPrefix"), partialACNumber): Text '4568' is set on object 'Object Repository/AdminSuiteBootstrap_Pages/VT_Bootstrap/TransactionDetails/input_P_accountNumberPrefix'

2023-09-20 11:53:56 - [MESSAGE][PASSED] - Text '4568' is set on object 'Object Repository/AdminSuiteBootstrap_Pages/VT_Bootstrap/TransactionDetails/input_P_accountNumberPrefix'

2023-09-20 11:53:56 - [TEST_STEP][PASSED] - click(findTestObject(path_TranxDetails + "button_Submit")): Object: 'Object Repository/AdminSuiteBootstrap_Pages/VT_Bootstrap/TransactionDetails/button_Submit' is clicked on

2023-09-20 11:53:57 - [MESSAGE][PASSED] - Object: 'Object Repository/AdminSuiteBootstrap_Pages/VT_Bootstrap/TransactionDetails/button_Submit' is clicked on

2023-09-20 11:53:57 - [TEST_STEP][PASSED] - verifyTextPresent("Transaction Successful", true): Text 'Transaction Successful' is present on page  using regular expression

2023-09-20 11:53:58 - [MESSAGE][PASSED] - Text 'Transaction Successful' is present on page  using regular expression

2023-09-20 11:53:58 - [TEST_STEP][PASSED] - verifyTextPresent("Transaction Type", true): Text 'Transaction Type' is present on page  using regular expression

2023-09-20 11:53:58 - [MESSAGE][PASSED] - Text 'Transaction Type' is present on page  using regular expression

2023-09-20 11:53:58 - [TEST_STEP][PASSED] - verifyTextPresent("Credit", true): Text 'Credit' is present on page  using regular expression

2023-09-20 11:53:59 - [MESSAGE][PASSED] - Text 'Credit' is present on page  using regular expression

2023-09-20 11:53:59 - [TEST_STEP][PASSED] - closeBrowser(): Browser is closed

2023-09-20 11:54:00 - [MESSAGE][PASSED] - Browser is closed

2023-09-20 11:54:00 - [TEST_STEP][PASSED] - ExecuteTC = findTestData(dataFile).getValue("Execute", row): null

2023-09-20 11:54:00 - [TEST_STEP][PASSED] - out.println("Value of Execute is : " + ExecuteTC): null

2023-09-20 11:54:00 - [TEST_STEP][PASSED] - switch (executionProfile): null

2023-09-20 11:54:00 - [TEST_STEP][PASSED] - case "QA2Profile":: null

2023-09-20 11:54:00 - [TEST_STEP][PASSED] - appName = findTestData(dataFile).getValue("AppNameQA", row): null

2023-09-20 11:54:00 - [TEST_STEP][PASSED] - appID = findTestData(dataFile).getValue("AppIDQA", row): null

2023-09-20 11:54:00 - [TEST_STEP][PASSED] - break: null

2023-09-20 11:54:00 - [TEST_STEP][PASSED] - hrefAppID = li_1 + appID + li_2: null

2023-09-20 11:54:00 - [TEST_STEP][PASSED] - hrefApp = li_1 + appID + "/": null

2023-09-20 11:54:00 - [TEST_STEP][PASSED] - println("hrefApp : " + hrefApp): null

2023-09-20 11:54:00 - [TEST_STEP][PASSED] - if (ExecuteTC.equalsIgnoreCase("Y")): Browser is closed

2023-09-20 11:54:00 - [TEST_STEP][PASSED] - out.println("Begin Record Number: " + row): null

2023-09-20 11:54:00 - [TEST_STEP][PASSED] - today = new java.util.Date(): null

2023-09-20 11:54:00 - [TEST_STEP][PASSED] - println(today): null

2023-09-20 11:54:00 - [TEST_STEP][PASSED] - datText = today: null

2023-09-20 11:54:00 - [TEST_STEP][PASSED] - adminSuiteBootstrap.loginFunctionality.login_AdminSuite(): adminSuiteBootstrap.loginFunctionality.login_AdminSuite is PASSED

2023-09-20 11:54:00 - [MESSAGE][INFO] - Starting 'Chrome' driver

2023-09-20 11:54:00 - [MESSAGE][INFO] - User set preference: ['acceptInsecureCerts', 'true']

2023-09-20 11:54:00 - [MESSAGE][INFO] - Action delay is set to 0 milliseconds

2023-09-20 11:54:03 - [MESSAGE][PASSED] - Browser is opened with url: 'https://qa2.velocitypayment.com/admin/imtiaz'

2023-09-20 11:54:03 - [MESSAGE][PASSED] - Current window maximized

2023-09-20 11:54:04 - [MESSAGE][PASSED] - Object 'Object Repository/Login_Page/Login_Username_Okta' is present

2023-09-20 11:54:04 - [MESSAGE][PASSED] - Text 'iahmed' is set on object 'Object Repository/Login_Page/Login_Username_Okta'

2023-09-20 11:54:05 - [MESSAGE][PASSED] - Text 'Hello1111111@' is set on object 'Object Repository/Login_Page/Login_Password_Okta'

2023-09-20 11:54:06 - [MESSAGE][PASSED] - Object: 'Object Repository/Login_Page/Login_Submit_Okta' is clicked on

2023-09-20 11:54:06 - [MESSAGE][PASSED] - adminSuiteBootstrap.loginFunctionality.login_AdminSuite is PASSED

2023-09-20 11:54:06 - [TEST_STEP][PASSED] - click(findTestObject(path_Dashboard + appName)): Object: 'Object Repository/AdminSuiteBootstrap_Pages/Dashboard_Bootstrap/a_Access AutoSingleCFtpQA' is clicked on

2023-09-20 11:54:14 - [MESSAGE][PASSED] - Object: 'Object Repository/AdminSuiteBootstrap_Pages/Dashboard_Bootstrap/a_Access AutoSingleCFtpQA' is clicked on

2023-09-20 11:54:14 - [TEST_STEP][PASSED] - click(findTestObject(path_VT + "button_Debit")): Object: 'Object Repository/AdminSuiteBootstrap_Pages/VT_Bootstrap/IssueTransactions/button_Debit' is clicked on

2023-09-20 11:54:15 - [MESSAGE][PASSED] - Object: 'Object Repository/AdminSuiteBootstrap_Pages/VT_Bootstrap/IssueTransactions/button_Debit' is clicked on

2023-09-20 11:54:15 - [TEST_STEP][PASSED] - click(findTestObject(path_VT + "a_Personal")): Object: 'Object Repository/AdminSuiteBootstrap_Pages/VT_Bootstrap/IssueTransactions/a_Personal' is clicked on

2023-09-20 11:54:15 - [MESSAGE][PASSED] - Object: 'Object Repository/AdminSuiteBootstrap_Pages/VT_Bootstrap/IssueTransactions/a_Personal' is clicked on

2023-09-20 11:54:15 - [TEST_STEP][PASSED] - adminSuiteBootstrap.debitPersonalsetData.debitPersonal_DataDriven(row, dataFile): adminSuiteBootstrap.debitPersonalsetData.debitPersonal_DataDriven is PASSED

2023-09-20 11:54:18 - [MESSAGE][PASSED] - Text 'Bette' is set on object 'Object Repository/AdminSuiteBootstrap_Pages/VT_Bootstrap/ACHPersonal/input_firstName'

2023-09-20 11:54:19 - [MESSAGE][PASSED] - Text 'Nicka' is set on object 'Object Repository/AdminSuiteBootstrap_Pages/VT_Bootstrap/ACHPersonal/input_lastName'

2023-09-20 11:54:19 - [MESSAGE][PASSED] - Text '6 S 33rd St' is set on object 'Object Repository/AdminSuiteBootstrap_Pages/VT_Bootstrap/ACHPersonal/input_address'

2023-09-20 11:54:20 - [MESSAGE][PASSED] - Text 'apt #2' is set on object 'Object Repository/AdminSuiteBootstrap_Pages/VT_Bootstrap/ACHPersonal/input_address2'

2023-09-20 11:54:21 - [MESSAGE][PASSED] - Text '22201' is set on object 'Object Repository/AdminSuiteBootstrap_Pages/VT_Bootstrap/ACHPersonal/input_zip'

2023-09-20 11:54:22 - [MESSAGE][PASSED] - Text '' is set on object 'Object Repository/AdminSuiteBootstrap_Pages/VT_Bootstrap/ACHPersonal/input_emailAddress'

2023-09-20 11:54:23 - [MESSAGE][PASSED] - Text '' is set on object 'Object Repository/AdminSuiteBootstrap_Pages/VT_Bootstrap/ACHPersonal/input_smsNumber'

2023-09-20 11:54:24 - [MESSAGE][PASSED] - Text '45682003' is set on object 'Object Repository/AdminSuiteBootstrap_Pages/VT_Bootstrap/ACHPersonal/input_accountNumber'

2023-09-20 11:54:24 - [MESSAGE][PASSED] - Text '256072691' is set on object 'Object Repository/AdminSuiteBootstrap_Pages/VT_Bootstrap/ACHPersonal/input_routingNumber'

2023-09-20 11:54:25 - [MESSAGE][PASSED] - All options with label 'Savings' are selected in object 'Object Repository/AdminSuiteBootstrap_Pages/VT_Bootstrap/ACHPersonal/select_AccountType'  using regular expression

2023-09-20 11:54:27 - [MESSAGE][PASSED] - All options with label 'PPD - Prearranged Payment and Deposit Entry' are selected in object 'Object Repository/AdminSuiteBootstrap_Pages/VT_Bootstrap/ACHPersonal/select_STD'  using regular expression

2023-09-20 11:54:27 - [MESSAGE][PASSED] - Text '11.5' is set on object 'Object Repository/AdminSuiteBootstrap_Pages/VT_Bootstrap/ACHPersonal/input_amount'

2023-09-20 11:54:28 - [MESSAGE][PASSED] - Text 'Denmark' is set on object 'Object Repository/AdminSuiteBootstrap_Pages/VT_Bootstrap/ACHPersonal/input_userDefined1'

2023-09-20 11:54:29 - [MESSAGE][PASSED] - Text 'Australia' is set on object 'Object Repository/AdminSuiteBootstrap_Pages/VT_Bootstrap/ACHPersonal/input_userDefined2'

2023-09-20 11:54:30 - [MESSAGE][PASSED] - Text 'Austria' is set on object 'Object Repository/AdminSuiteBootstrap_Pages/VT_Bootstrap/ACHPersonal/input_userDefined3'

2023-09-20 11:54:30 - [MESSAGE][PASSED] - Text 'Sweden' is set on object 'Object Repository/AdminSuiteBootstrap_Pages/VT_Bootstrap/ACHPersonal/input_userDefined4'

2023-09-20 11:54:31 - [MESSAGE][PASSED] - All options with label 'Yellow' are selected in object 'Object Repository/AdminSuiteBootstrap_Pages/VT_Bootstrap/ACHPersonal/select_UDF5'  using regular expression

2023-09-20 11:54:32 - [MESSAGE][PASSED] - All options with label 'Orange' are selected in object 'Object Repository/AdminSuiteBootstrap_Pages/VT_Bootstrap/ACHPersonal/select_UDF6'  using regular expression

2023-09-20 11:54:33 - [MESSAGE][PASSED] - Text 'Netherlands' is set on object 'Object Repository/AdminSuiteBootstrap_Pages/VT_Bootstrap/ACHPersonal/input_userDefined7'

2023-09-20 11:54:34 - [MESSAGE][PASSED] - Text 'Norway' is set on object 'Object Repository/AdminSuiteBootstrap_Pages/VT_Bootstrap/ACHPersonal/input_userDefined8'

2023-09-20 11:54:34 - [MESSAGE][PASSED] - Text 'France' is set on object 'Object Repository/AdminSuiteBootstrap_Pages/VT_Bootstrap/ACHPersonal/input_userDefined9'

2023-09-20 11:54:35 - [MESSAGE][PASSED] - Text 'Switzerland' is set on object 'Object Repository/AdminSuiteBootstrap_Pages/VT_Bootstrap/ACHPersonal/input_userDefined10'

2023-09-20 11:54:36 - [MESSAGE][PASSED] - Object: 'Object Repository/AdminSuiteBootstrap_Pages/VT_Bootstrap/ACHPersonal/button_Submit' is clicked on

2023-09-20 11:54:36 - [MESSAGE][PASSED] - adminSuiteBootstrap.debitPersonalsetData.debitPersonal_DataDriven is PASSED

2023-09-20 11:54:36 - [TEST_STEP][PASSED] - if (verifyTextPresent("Transaction Successful", true)): null

2023-09-20 11:54:37 - [MESSAGE][PASSED] - Text 'Transaction Successful' is present on page  using regular expression

2023-09-20 11:54:37 - [TEST_STEP][PASSED] - sdf = getText(findTestObject(path_Receipt + "td_AutoNoC031622113752957Ahm")): Text of object 'Object Repository/AdminSuiteBootstrap_Pages/VT_Bootstrap/Receipt/td_AutoNoC031622113752957Ahm' is: 'AutoSingle092023115139Ahm'

2023-09-20 11:54:37 - [MESSAGE][PASSED] - Text of object 'Object Repository/AdminSuiteBootstrap_Pages/VT_Bootstrap/Receipt/td_AutoNoC031622113752957Ahm' is: 'AutoSingle092023115139Ahm'

2023-09-20 11:54:37 - [TEST_STEP][PASSED] - out.println("sdf: " + sdf): null

2023-09-20 11:54:37 - [TEST_STEP][PASSED] - remID = sdf: null

2023-09-20 11:54:37 - [TEST_STEP][PASSED] - out.println("remID: " + remID): null

2023-09-20 11:54:37 - [TEST_STEP][PASSED] - click(findTestObject(path_Receipt + "button_Continue")): Object: 'Object Repository/AdminSuiteBootstrap_Pages/VT_Bootstrap/Receipt/button_Continue' is clicked on

2023-09-20 11:54:38 - [MESSAGE][PASSED] - Object: 'Object Repository/AdminSuiteBootstrap_Pages/VT_Bootstrap/Receipt/button_Continue' is clicked on

2023-09-20 11:54:38 - [TEST_STEP][PASSED] - click(findTestObject(path_VT + "a_Search Transactions")): Object: 'Object Repository/AdminSuiteBootstrap_Pages/VT_Bootstrap/IssueTransactions/a_Search Transactions' is clicked on

2023-09-20 11:54:39 - [MESSAGE][PASSED] - Object: 'Object Repository/AdminSuiteBootstrap_Pages/VT_Bootstrap/IssueTransactions/a_Search Transactions' is clicked on

2023-09-20 11:54:39 - [TEST_STEP][PASSED] - setText(findTestObject(path_CCSearch + "input_Search By_searchValue"), remID): Text 'AutoSingle092023115139Ahm' is set on object 'Object Repository/AdminSuiteBootstrap_Pages/VT_Bootstrap/CCCreditOrVoidSearch/input_Search By_searchValue'

2023-09-20 11:54:40 - [MESSAGE][PASSED] - Text 'AutoSingle092023115139Ahm' is set on object 'Object Repository/AdminSuiteBootstrap_Pages/VT_Bootstrap/CCCreditOrVoidSearch/input_Search By_searchValue'

2023-09-20 11:54:40 - [TEST_STEP][PASSED] - click(findTestObject(path_CCSearch + "button_Submit")): Object: 'Object Repository/AdminSuiteBootstrap_Pages/VT_Bootstrap/CCCreditOrVoidSearch/button_Submit' is clicked on

2023-09-20 11:54:41 - [MESSAGE][PASSED] - Object: 'Object Repository/AdminSuiteBootstrap_Pages/VT_Bootstrap/CCCreditOrVoidSearch/button_Submit' is clicked on

2023-09-20 11:54:41 - [TEST_STEP][PASSED] - click(findTestObject(path_SearchResults + "button_PaymentID")): Object: 'Object Repository/AdminSuiteBootstrap_Pages/VT_Bootstrap/SearchResults/button_PaymentID' is clicked on

2023-09-20 11:54:42 - [MESSAGE][PASSED] - Object: 'Object Repository/AdminSuiteBootstrap_Pages/VT_Bootstrap/SearchResults/button_PaymentID' is clicked on

2023-09-20 11:54:42 - [TEST_STEP][PASSED] - verifyTextPresent("Tender Type", true): Text 'Tender Type' is present on page  using regular expression

2023-09-20 11:54:42 - [MESSAGE][PASSED] - Text 'Tender Type' is present on page  using regular expression

2023-09-20 11:54:42 - [TEST_STEP][PASSED] - verifyTextPresent("Transaction Type", true): Text 'Transaction Type' is present on page  using regular expression

2023-09-20 11:54:43 - [MESSAGE][PASSED] - Text 'Transaction Type' is present on page  using regular expression

2023-09-20 11:54:43 - [TEST_STEP][PASSED] - verifyTextPresent("Transaction Posted by", true): Text 'Transaction Posted by' is present on page  using regular expression

2023-09-20 11:54:43 - [MESSAGE][PASSED] - Text 'Transaction Posted by' is present on page  using regular expression

2023-09-20 11:54:43 - [TEST_STEP][PASSED] - verifyTextPresent("iahmed", true): Text 'iahmed' is present on page  using regular expression

2023-09-20 11:54:43 - [MESSAGE][PASSED] - Text 'iahmed' is present on page  using regular expression

2023-09-20 11:54:43 - [TEST_STEP][PASSED] - verifyTextPresent("Debit", true): Text 'Debit' is present on page  using regular expression

2023-09-20 11:54:44 - [MESSAGE][PASSED] - Text 'Debit' is present on page  using regular expression

2023-09-20 11:54:44 - [TEST_STEP][PASSED] - click(findTestObject(path_TranxDetails + "a_Credit this transaction")): Object: 'Object Repository/AdminSuiteBootstrap_Pages/VT_Bootstrap/TransactionDetails/a_Credit this transaction' is clicked on

2023-09-20 11:54:45 - [MESSAGE][PASSED] - Object: 'Object Repository/AdminSuiteBootstrap_Pages/VT_Bootstrap/TransactionDetails/a_Credit this transaction' is clicked on

2023-09-20 11:54:45 - [TEST_STEP][PASSED] - partialACNumber = findTestData(dataFile).getValue("AutoCreditNumber", row): null

2023-09-20 11:54:45 - [TEST_STEP][PASSED] - setText(findTestObject(path_TranxDetails + "input_P_accountNumberPrefix"), partialACNumber): Text '4568' is set on object 'Object Repository/AdminSuiteBootstrap_Pages/VT_Bootstrap/TransactionDetails/input_P_accountNumberPrefix'

2023-09-20 11:54:46 - [MESSAGE][PASSED] - Text '4568' is set on object 'Object Repository/AdminSuiteBootstrap_Pages/VT_Bootstrap/TransactionDetails/input_P_accountNumberPrefix'

2023-09-20 11:54:46 - [TEST_STEP][PASSED] - click(findTestObject(path_TranxDetails + "button_Submit")): Object: 'Object Repository/AdminSuiteBootstrap_Pages/VT_Bootstrap/TransactionDetails/button_Submit' is clicked on

2023-09-20 11:54:47 - [MESSAGE][PASSED] - Object: 'Object Repository/AdminSuiteBootstrap_Pages/VT_Bootstrap/TransactionDetails/button_Submit' is clicked on

2023-09-20 11:54:47 - [TEST_STEP][PASSED] - verifyTextPresent("Transaction Successful", true): Text 'Transaction Successful' is present on page  using regular expression

2023-09-20 11:54:48 - [MESSAGE][PASSED] - Text 'Transaction Successful' is present on page  using regular expression

2023-09-20 11:54:48 - [TEST_STEP][PASSED] - verifyTextPresent("Transaction Type", true): Text 'Transaction Type' is present on page  using regular expression

2023-09-20 11:54:48 - [MESSAGE][PASSED] - Text 'Transaction Type' is present on page  using regular expression

2023-09-20 11:54:48 - [TEST_STEP][PASSED] - verifyTextPresent("Credit", true): Text 'Credit' is present on page  using regular expression

2023-09-20 11:54:48 - [MESSAGE][PASSED] - Text 'Credit' is present on page  using regular expression

2023-09-20 11:54:48 - [TEST_STEP][PASSED] - closeBrowser(): Browser is closed

2023-09-20 11:54:49 - [MESSAGE][PASSED] - Browser is closed

2023-09-20 11:54:49 - [TEST_STEP][PASSED] - ExecuteTC = findTestData(dataFile).getValue("Execute", row): null

2023-09-20 11:54:49 - [TEST_STEP][PASSED] - out.println("Value of Execute is : " + ExecuteTC): null

2023-09-20 11:54:49 - [TEST_STEP][PASSED] - switch (executionProfile): null

2023-09-20 11:54:49 - [TEST_STEP][PASSED] - case "QA2Profile":: null

2023-09-20 11:54:49 - [TEST_STEP][PASSED] - appName = findTestData(dataFile).getValue("AppNameQA", row): null

2023-09-20 11:54:49 - [TEST_STEP][PASSED] - appID = findTestData(dataFile).getValue("AppIDQA", row): null

2023-09-20 11:54:49 - [TEST_STEP][PASSED] - break: null

2023-09-20 11:54:49 - [TEST_STEP][PASSED] - hrefAppID = li_1 + appID + li_2: null

2023-09-20 11:54:49 - [TEST_STEP][PASSED] - hrefApp = li_1 + appID + "/": null

2023-09-20 11:54:49 - [TEST_STEP][PASSED] - println("hrefApp : " + hrefApp): null

2023-09-20 11:54:49 - [TEST_STEP][PASSED] - if (ExecuteTC.equalsIgnoreCase("Y")): Browser is closed

2023-09-20 11:54:49 - [TEST_STEP][PASSED] - out.println("Begin Record Number: " + row): null

2023-09-20 11:54:49 - [TEST_STEP][PASSED] - today = new java.util.Date(): null

2023-09-20 11:54:49 - [TEST_STEP][PASSED] - println(today): null

2023-09-20 11:54:49 - [TEST_STEP][PASSED] - datText = today: null

2023-09-20 11:54:49 - [TEST_STEP][PASSED] - adminSuiteBootstrap.loginFunctionality.login_AdminSuite(): adminSuiteBootstrap.loginFunctionality.login_AdminSuite is PASSED

2023-09-20 11:54:49 - [MESSAGE][INFO] - Starting 'Chrome' driver

2023-09-20 11:54:49 - [MESSAGE][INFO] - User set preference: ['acceptInsecureCerts', 'true']

2023-09-20 11:54:49 - [MESSAGE][INFO] - Action delay is set to 0 milliseconds

2023-09-20 11:54:52 - [MESSAGE][PASSED] - Browser is opened with url: 'https://qa2.velocitypayment.com/admin/imtiaz'

2023-09-20 11:54:53 - [MESSAGE][PASSED] - Current window maximized

2023-09-20 11:54:53 - [MESSAGE][PASSED] - Object 'Object Repository/Login_Page/Login_Username_Okta' is present

2023-09-20 11:54:54 - [MESSAGE][PASSED] - Text 'iahmed' is set on object 'Object Repository/Login_Page/Login_Username_Okta'

2023-09-20 11:54:55 - [MESSAGE][PASSED] - Text 'Hello1111111@' is set on object 'Object Repository/Login_Page/Login_Password_Okta'

2023-09-20 11:54:55 - [MESSAGE][PASSED] - Object: 'Object Repository/Login_Page/Login_Submit_Okta' is clicked on

2023-09-20 11:54:55 - [MESSAGE][PASSED] - adminSuiteBootstrap.loginFunctionality.login_AdminSuite is PASSED

2023-09-20 11:54:55 - [TEST_STEP][PASSED] - click(findTestObject(path_Dashboard + appName)): Object: 'Object Repository/AdminSuiteBootstrap_Pages/Dashboard_Bootstrap/a_Access AutoSingleCFtpQA' is clicked on

2023-09-20 11:55:04 - [MESSAGE][PASSED] - Object: 'Object Repository/AdminSuiteBootstrap_Pages/Dashboard_Bootstrap/a_Access AutoSingleCFtpQA' is clicked on

2023-09-20 11:55:04 - [TEST_STEP][PASSED] - click(findTestObject(path_VT + "button_Debit")): Object: 'Object Repository/AdminSuiteBootstrap_Pages/VT_Bootstrap/IssueTransactions/button_Debit' is clicked on

2023-09-20 11:55:05 - [MESSAGE][PASSED] - Object: 'Object Repository/AdminSuiteBootstrap_Pages/VT_Bootstrap/IssueTransactions/button_Debit' is clicked on

2023-09-20 11:55:05 - [TEST_STEP][PASSED] - click(findTestObject(path_VT + "a_Personal")): Object: 'Object Repository/AdminSuiteBootstrap_Pages/VT_Bootstrap/IssueTransactions/a_Personal' is clicked on

2023-09-20 11:55:06 - [MESSAGE][PASSED] - Object: 'Object Repository/AdminSuiteBootstrap_Pages/VT_Bootstrap/IssueTransactions/a_Personal' is clicked on

2023-09-20 11:55:06 - [TEST_STEP][PASSED] - adminSuiteBootstrap.debitPersonalsetData.debitPersonal_DataDriven(row, dataFile): adminSuiteBootstrap.debitPersonalsetData.debitPersonal_DataDriven is PASSED

2023-09-20 11:55:08 - [MESSAGE][PASSED] - Text 'Alisha' is set on object 'Object Repository/AdminSuiteBootstrap_Pages/VT_Bootstrap/ACHPersonal/input_firstName'

2023-09-20 11:55:09 - [MESSAGE][PASSED] - Text 'Slusarski' is set on object 'Object Repository/AdminSuiteBootstrap_Pages/VT_Bootstrap/ACHPersonal/input_lastName'

2023-09-20 11:55:10 - [MESSAGE][PASSED] - Text '3273 State St' is set on object 'Object Repository/AdminSuiteBootstrap_Pages/VT_Bootstrap/ACHPersonal/input_address'

2023-09-20 11:55:10 - [MESSAGE][PASSED] - Text 'apt #4' is set on object 'Object Repository/AdminSuiteBootstrap_Pages/VT_Bootstrap/ACHPersonal/input_address2'

2023-09-20 11:55:11 - [MESSAGE][PASSED] - Text '22201' is set on object 'Object Repository/AdminSuiteBootstrap_Pages/VT_Bootstrap/ACHPersonal/input_zip'

2023-09-20 11:55:12 - [MESSAGE][PASSED] - Text '' is set on object 'Object Repository/AdminSuiteBootstrap_Pages/VT_Bootstrap/ACHPersonal/input_emailAddress'

2023-09-20 11:55:13 - [MESSAGE][PASSED] - Text '' is set on object 'Object Repository/AdminSuiteBootstrap_Pages/VT_Bootstrap/ACHPersonal/input_smsNumber'

2023-09-20 11:55:14 - [MESSAGE][PASSED] - Text '45682004' is set on object 'Object Repository/AdminSuiteBootstrap_Pages/VT_Bootstrap/ACHPersonal/input_accountNumber'

2023-09-20 11:55:15 - [MESSAGE][PASSED] - Text '256072691' is set on object 'Object Repository/AdminSuiteBootstrap_Pages/VT_Bootstrap/ACHPersonal/input_routingNumber'

2023-09-20 11:55:16 - [MESSAGE][PASSED] - All options with label 'Savings' are selected in object 'Object Repository/AdminSuiteBootstrap_Pages/VT_Bootstrap/ACHPersonal/select_AccountType'  using regular expression

2023-09-20 11:55:17 - [MESSAGE][PASSED] - All options with label 'TEL - Telephone-Initiated Entry' are selected in object 'Object Repository/AdminSuiteBootstrap_Pages/VT_Bootstrap/ACHPersonal/select_STD'  using regular expression

2023-09-20 11:55:18 - [MESSAGE][PASSED] - Text '11.5' is set on object 'Object Repository/AdminSuiteBootstrap_Pages/VT_Bootstrap/ACHPersonal/input_amount'

2023-09-20 11:55:19 - [MESSAGE][PASSED] - Text 'Denmark' is set on object 'Object Repository/AdminSuiteBootstrap_Pages/VT_Bootstrap/ACHPersonal/input_userDefined1'

2023-09-20 11:55:19 - [MESSAGE][PASSED] - Text 'Australia' is set on object 'Object Repository/AdminSuiteBootstrap_Pages/VT_Bootstrap/ACHPersonal/input_userDefined2'

2023-09-20 11:55:20 - [MESSAGE][PASSED] - Text 'Austria' is set on object 'Object Repository/AdminSuiteBootstrap_Pages/VT_Bootstrap/ACHPersonal/input_userDefined3'

2023-09-20 11:55:21 - [MESSAGE][PASSED] - Text 'Sweden' is set on object 'Object Repository/AdminSuiteBootstrap_Pages/VT_Bootstrap/ACHPersonal/input_userDefined4'

2023-09-20 11:55:22 - [MESSAGE][PASSED] - All options with label 'Yellow' are selected in object 'Object Repository/AdminSuiteBootstrap_Pages/VT_Bootstrap/ACHPersonal/select_UDF5'  using regular expression

2023-09-20 11:55:23 - [MESSAGE][PASSED] - All options with label 'Orange' are selected in object 'Object Repository/AdminSuiteBootstrap_Pages/VT_Bootstrap/ACHPersonal/select_UDF6'  using regular expression

2023-09-20 11:55:23 - [MESSAGE][PASSED] - Text 'Netherlands' is set on object 'Object Repository/AdminSuiteBootstrap_Pages/VT_Bootstrap/ACHPersonal/input_userDefined7'

2023-09-20 11:55:24 - [MESSAGE][PASSED] - Text 'Norway' is set on object 'Object Repository/AdminSuiteBootstrap_Pages/VT_Bootstrap/ACHPersonal/input_userDefined8'

2023-09-20 11:55:25 - [MESSAGE][PASSED] - Text 'France' is set on object 'Object Repository/AdminSuiteBootstrap_Pages/VT_Bootstrap/ACHPersonal/input_userDefined9'

2023-09-20 11:55:26 - [MESSAGE][PASSED] - Text 'Switzerland' is set on object 'Object Repository/AdminSuiteBootstrap_Pages/VT_Bootstrap/ACHPersonal/input_userDefined10'

2023-09-20 11:55:27 - [MESSAGE][PASSED] - Object: 'Object Repository/AdminSuiteBootstrap_Pages/VT_Bootstrap/ACHPersonal/button_Submit' is clicked on

2023-09-20 11:55:27 - [MESSAGE][PASSED] - adminSuiteBootstrap.debitPersonalsetData.debitPersonal_DataDriven is PASSED

2023-09-20 11:55:27 - [TEST_STEP][PASSED] - if (verifyTextPresent("Transaction Successful", true)): null

2023-09-20 11:55:27 - [MESSAGE][PASSED] - Text 'Transaction Successful' is present on page  using regular expression

2023-09-20 11:55:27 - [TEST_STEP][PASSED] - sdf = getText(findTestObject(path_Receipt + "td_AutoNoC031622113752957Ahm")): Text of object 'Object Repository/AdminSuiteBootstrap_Pages/VT_Bootstrap/Receipt/td_AutoNoC031622113752957Ahm' is: 'AutoSingle092023115229Ahm'

2023-09-20 11:55:28 - [MESSAGE][PASSED] - Text of object 'Object Repository/AdminSuiteBootstrap_Pages/VT_Bootstrap/Receipt/td_AutoNoC031622113752957Ahm' is: 'AutoSingle092023115229Ahm'

2023-09-20 11:55:28 - [TEST_STEP][PASSED] - out.println("sdf: " + sdf): null

2023-09-20 11:55:28 - [TEST_STEP][PASSED] - remID = sdf: null

2023-09-20 11:55:28 - [TEST_STEP][PASSED] - out.println("remID: " + remID): null

2023-09-20 11:55:28 - [TEST_STEP][PASSED] - click(findTestObject(path_Receipt + "button_Continue")): Object: 'Object Repository/AdminSuiteBootstrap_Pages/VT_Bootstrap/Receipt/button_Continue' is clicked on

2023-09-20 11:55:28 - [MESSAGE][PASSED] - Object: 'Object Repository/AdminSuiteBootstrap_Pages/VT_Bootstrap/Receipt/button_Continue' is clicked on

2023-09-20 11:55:28 - [TEST_STEP][PASSED] - click(findTestObject(path_VT + "a_Search Transactions")): Object: 'Object Repository/AdminSuiteBootstrap_Pages/VT_Bootstrap/IssueTransactions/a_Search Transactions' is clicked on

2023-09-20 11:55:29 - [MESSAGE][PASSED] - Object: 'Object Repository/AdminSuiteBootstrap_Pages/VT_Bootstrap/IssueTransactions/a_Search Transactions' is clicked on

2023-09-20 11:55:29 - [TEST_STEP][PASSED] - setText(findTestObject(path_CCSearch + "input_Search By_searchValue"), remID): Text 'AutoSingle092023115229Ahm' is set on object 'Object Repository/AdminSuiteBootstrap_Pages/VT_Bootstrap/CCCreditOrVoidSearch/input_Search By_searchValue'

2023-09-20 11:55:30 - [MESSAGE][PASSED] - Text 'AutoSingle092023115229Ahm' is set on object 'Object Repository/AdminSuiteBootstrap_Pages/VT_Bootstrap/CCCreditOrVoidSearch/input_Search By_searchValue'

2023-09-20 11:55:30 - [TEST_STEP][PASSED] - click(findTestObject(path_CCSearch + "button_Submit")): Object: 'Object Repository/AdminSuiteBootstrap_Pages/VT_Bootstrap/CCCreditOrVoidSearch/button_Submit' is clicked on

2023-09-20 11:55:31 - [MESSAGE][PASSED] - Object: 'Object Repository/AdminSuiteBootstrap_Pages/VT_Bootstrap/CCCreditOrVoidSearch/button_Submit' is clicked on

2023-09-20 11:55:31 - [TEST_STEP][PASSED] - click(findTestObject(path_SearchResults + "button_PaymentID")): Object: 'Object Repository/AdminSuiteBootstrap_Pages/VT_Bootstrap/SearchResults/button_PaymentID' is clicked on

2023-09-20 11:55:32 - [MESSAGE][PASSED] - Object: 'Object Repository/AdminSuiteBootstrap_Pages/VT_Bootstrap/SearchResults/button_PaymentID' is clicked on

2023-09-20 11:55:32 - [TEST_STEP][PASSED] - verifyTextPresent("Tender Type", true): Text 'Tender Type' is present on page  using regular expression

2023-09-20 11:55:33 - [MESSAGE][PASSED] - Text 'Tender Type' is present on page  using regular expression

2023-09-20 11:55:33 - [TEST_STEP][PASSED] - verifyTextPresent("Transaction Type", true): Text 'Transaction Type' is present on page  using regular expression

2023-09-20 11:55:33 - [MESSAGE][PASSED] - Text 'Transaction Type' is present on page  using regular expression

2023-09-20 11:55:33 - [TEST_STEP][PASSED] - verifyTextPresent("Transaction Posted by", true): Text 'Transaction Posted by' is present on page  using regular expression

2023-09-20 11:55:33 - [MESSAGE][PASSED] - Text 'Transaction Posted by' is present on page  using regular expression

2023-09-20 11:55:33 - [TEST_STEP][PASSED] - verifyTextPresent("iahmed", true): Text 'iahmed' is present on page  using regular expression

2023-09-20 11:55:34 - [MESSAGE][PASSED] - Text 'iahmed' is present on page  using regular expression

2023-09-20 11:55:34 - [TEST_STEP][PASSED] - verifyTextPresent("Debit", true): Text 'Debit' is present on page  using regular expression

2023-09-20 11:55:34 - [MESSAGE][PASSED] - Text 'Debit' is present on page  using regular expression

2023-09-20 11:55:34 - [TEST_STEP][PASSED] - click(findTestObject(path_TranxDetails + "a_Credit this transaction")): Object: 'Object Repository/AdminSuiteBootstrap_Pages/VT_Bootstrap/TransactionDetails/a_Credit this transaction' is clicked on

2023-09-20 11:55:35 - [MESSAGE][PASSED] - Object: 'Object Repository/AdminSuiteBootstrap_Pages/VT_Bootstrap/TransactionDetails/a_Credit this transaction' is clicked on

2023-09-20 11:55:35 - [TEST_STEP][PASSED] - partialACNumber = findTestData(dataFile).getValue("AutoCreditNumber", row): null

2023-09-20 11:55:35 - [TEST_STEP][PASSED] - setText(findTestObject(path_TranxDetails + "input_P_accountNumberPrefix"), partialACNumber): Text '4568' is set on object 'Object Repository/AdminSuiteBootstrap_Pages/VT_Bootstrap/TransactionDetails/input_P_accountNumberPrefix'

2023-09-20 11:55:36 - [MESSAGE][PASSED] - Text '4568' is set on object 'Object Repository/AdminSuiteBootstrap_Pages/VT_Bootstrap/TransactionDetails/input_P_accountNumberPrefix'

2023-09-20 11:55:36 - [TEST_STEP][PASSED] - click(findTestObject(path_TranxDetails + "button_Submit")): Object: 'Object Repository/AdminSuiteBootstrap_Pages/VT_Bootstrap/TransactionDetails/button_Submit' is clicked on

2023-09-20 11:55:37 - [MESSAGE][PASSED] - Object: 'Object Repository/AdminSuiteBootstrap_Pages/VT_Bootstrap/TransactionDetails/button_Submit' is clicked on

2023-09-20 11:55:37 - [TEST_STEP][PASSED] - verifyTextPresent("Transaction Successful", true): Text 'Transaction Successful' is present on page  using regular expression

2023-09-20 11:55:38 - [MESSAGE][PASSED] - Text 'Transaction Successful' is present on page  using regular expression

2023-09-20 11:55:38 - [TEST_STEP][PASSED] - verifyTextPresent("Transaction Type", true): Text 'Transaction Type' is present on page  using regular expression

2023-09-20 11:55:38 - [MESSAGE][PASSED] - Text 'Transaction Type' is present on page  using regular expression

2023-09-20 11:55:38 - [TEST_STEP][PASSED] - verifyTextPresent("Credit", true): Text 'Credit' is present on page  using regular expression

2023-09-20 11:55:38 - [MESSAGE][PASSED] - Text 'Credit' is present on page  using regular expression

2023-09-20 11:55:38 - [TEST_STEP][PASSED] - closeBrowser(): Browser is closed

2023-09-20 11:55:39 - [MESSAGE][PASSED] - Browser is closed]]></system-out>
         <system-err><![CDATA[]]></system-err>
      </testcase>
      <testcase name="Test Cases/Admin Suite Bootstrap/VT_ACH_TestCases/DebitPersonalVoid_TP_DualCF_Generic_Payment_TC" time="194.691" classname="Test Cases/Admin Suite Bootstrap/VT_ACH_TestCases/DebitPersonalVoid_TP_DualCF_Generic_Payment_TC" status="PASSED">
         <system-out><![CDATA[2023-09-20 11:55:39 - [TEST_CASE][PASSED] - Test Cases/Admin Suite Bootstrap/VT_ACH_TestCases/DebitPersonalVoid_TP_DualCF_Generic_Payment_TC: Test Cases/Admin Suite Bootstrap/VT_ACH_TestCases/DebitPersonalVoid_TP_DualCF_Generic_Payment_TC

2023-09-20 11:55:40 - [TEST_STEP][PASSED] - path_Dashboard = "Object Repository/AdminSuiteBootstrap_Pages/Dashboard_Bootstrap/": null

2023-09-20 11:55:40 - [TEST_STEP][PASSED] - path_VT = "Object Repository/AdminSuiteBootstrap_Pages/VT_Bootstrap/IssueTransactions/": null

2023-09-20 11:55:40 - [TEST_STEP][PASSED] - path_Receipt = "Object Repository/AdminSuiteBootstrap_Pages/VT_Bootstrap/Receipt/": null

2023-09-20 11:55:40 - [TEST_STEP][PASSED] - path_CCSearch = "Object Repository/AdminSuiteBootstrap_Pages/VT_Bootstrap/CCCreditOrVoidSearch/": null

2023-09-20 11:55:40 - [TEST_STEP][PASSED] - path_SearchResults = "Object Repository/AdminSuiteBootstrap_Pages/VT_Bootstrap/SearchResults/": null

2023-09-20 11:55:40 - [TEST_STEP][PASSED] - path_TranxDetails = "Object Repository/AdminSuiteBootstrap_Pages/VT_Bootstrap/TransactionDetails/": null

2023-09-20 11:55:40 - [TEST_STEP][PASSED] - li_1 = vpos_Prefix: null

2023-09-20 11:55:40 - [TEST_STEP][PASSED] - li_2 = "/transactions/AuthCapForm/": null

2023-09-20 11:55:40 - [TEST_STEP][PASSED] - executionProfile = getExecutionProfile(): null

2023-09-20 11:55:40 - [TEST_STEP][PASSED] - out.println("executionProfile : " + executionProfile): null

2023-09-20 11:55:40 - [TEST_STEP][PASSED] - appName = <not implemented yet for class: org.codehaus.groovy.ast.expr.EmptyExpression>: null

2023-09-20 11:55:40 - [TEST_STEP][PASSED] - appID = <not implemented yet for class: org.codehaus.groovy.ast.expr.EmptyExpression>: null

2023-09-20 11:55:40 - [TEST_STEP][PASSED] - cardNameV = <not implemented yet for class: org.codehaus.groovy.ast.expr.EmptyExpression>: null

2023-09-20 11:55:40 - [TEST_STEP][PASSED] - al1V = <not implemented yet for class: org.codehaus.groovy.ast.expr.EmptyExpression>: null

2023-09-20 11:55:40 - [TEST_STEP][PASSED] - al2V = <not implemented yet for class: org.codehaus.groovy.ast.expr.EmptyExpression>: null

2023-09-20 11:55:40 - [TEST_STEP][PASSED] - zipV = <not implemented yet for class: org.codehaus.groovy.ast.expr.EmptyExpression>: null

2023-09-20 11:55:40 - [TEST_STEP][PASSED] - accType = <not implemented yet for class: org.codehaus.groovy.ast.expr.EmptyExpression>: null

2023-09-20 11:55:40 - [TEST_STEP][PASSED] - last4V = <not implemented yet for class: org.codehaus.groovy.ast.expr.EmptyExpression>: null

2023-09-20 11:55:40 - [TEST_STEP][PASSED] - resText = "Fail": null

2023-09-20 11:55:40 - [TEST_STEP][PASSED] - resColumn = "Result": null

2023-09-20 11:55:40 - [TEST_STEP][PASSED] - datCloumn = "Date": null

2023-09-20 11:55:40 - [TEST_STEP][PASSED] - fileLoc = "C:\KatalonData\Bootstrap\VT-ACH-Data.xlsx": null

2023-09-20 11:55:40 - [TEST_STEP][PASSED] - numOfRows = <not implemented yet for class: org.codehaus.groovy.ast.expr.EmptyExpression>: null

2023-09-20 11:55:40 - [TEST_STEP][PASSED] - dataFile = <not implemented yet for class: org.codehaus.groovy.ast.expr.EmptyExpression>: null

2023-09-20 11:55:40 - [TEST_STEP][PASSED] - nameSheet = <not implemented yet for class: org.codehaus.groovy.ast.expr.EmptyExpression>: null

2023-09-20 11:55:40 - [TEST_STEP][PASSED] - nameSheet = "VT-P-DebitVoid-DualCF-Generic": null

2023-09-20 11:55:40 - [TEST_STEP][PASSED] - numOfRows = findTestData("QA/Bootstrap/VT-ACH-TestData/VT-DebitVoidData-DualCF-Generic").getRowNumbers(): null

2023-09-20 11:55:40 - [TEST_STEP][PASSED] - println("Number of Records: " + numOfRows): null

2023-09-20 11:55:40 - [TEST_STEP][PASSED] - dataFile = "QA/Bootstrap/VT-ACH-TestData/VT-DebitVoidData-DualCF-Generic": null

2023-09-20 11:55:40 - [TEST_STEP][PASSED] - for ([row = 1, row <= numOfRows, (row++)]): Browser is closed

2023-09-20 11:55:40 - [TEST_STEP][PASSED] - ExecuteTC = findTestData(dataFile).getValue("Execute", row): null

2023-09-20 11:55:40 - [TEST_STEP][PASSED] - out.println("Value of Execute is : " + ExecuteTC): null

2023-09-20 11:55:40 - [TEST_STEP][PASSED] - switch (executionProfile): null

2023-09-20 11:55:40 - [TEST_STEP][PASSED] - case "QA2Profile":: null

2023-09-20 11:55:40 - [TEST_STEP][PASSED] - appName = findTestData(dataFile).getValue("AppNameQA", row): null

2023-09-20 11:55:40 - [TEST_STEP][PASSED] - appID = findTestData(dataFile).getValue("AppIDQA", row): null

2023-09-20 11:55:40 - [TEST_STEP][PASSED] - break: null

2023-09-20 11:55:40 - [TEST_STEP][PASSED] - hrefAppID = li_1 + appID + li_2: null

2023-09-20 11:55:40 - [TEST_STEP][PASSED] - hrefApp = li_1 + appID + "/": null

2023-09-20 11:55:40 - [TEST_STEP][PASSED] - println("hrefApp : " + hrefApp): null

2023-09-20 11:55:40 - [TEST_STEP][PASSED] - if (ExecuteTC.equalsIgnoreCase("Y")): Browser is closed

2023-09-20 11:55:40 - [TEST_STEP][PASSED] - out.println("Begin Record Number: " + row): null

2023-09-20 11:55:40 - [TEST_STEP][PASSED] - today = new java.util.Date(): null

2023-09-20 11:55:40 - [TEST_STEP][PASSED] - println(today): null

2023-09-20 11:55:40 - [TEST_STEP][PASSED] - datText = today: null

2023-09-20 11:55:40 - [TEST_STEP][PASSED] - adminSuiteBootstrap.loginFunctionality.login_AdminSuite(): adminSuiteBootstrap.loginFunctionality.login_AdminSuite is PASSED

2023-09-20 11:55:40 - [MESSAGE][INFO] - Starting 'Chrome' driver

2023-09-20 11:55:40 - [MESSAGE][INFO] - User set preference: ['acceptInsecureCerts', 'true']

2023-09-20 11:55:40 - [MESSAGE][INFO] - Action delay is set to 0 milliseconds

2023-09-20 11:55:43 - [MESSAGE][PASSED] - Browser is opened with url: 'https://qa2.velocitypayment.com/admin/imtiaz'

2023-09-20 11:55:43 - [MESSAGE][PASSED] - Current window maximized

2023-09-20 11:55:44 - [MESSAGE][PASSED] - Object 'Object Repository/Login_Page/Login_Username_Okta' is present

2023-09-20 11:55:44 - [MESSAGE][PASSED] - Text 'iahmed' is set on object 'Object Repository/Login_Page/Login_Username_Okta'

2023-09-20 11:55:45 - [MESSAGE][PASSED] - Text 'Hello1111111@' is set on object 'Object Repository/Login_Page/Login_Password_Okta'

2023-09-20 11:55:46 - [MESSAGE][PASSED] - Object: 'Object Repository/Login_Page/Login_Submit_Okta' is clicked on

2023-09-20 11:55:46 - [MESSAGE][PASSED] - adminSuiteBootstrap.loginFunctionality.login_AdminSuite is PASSED

2023-09-20 11:55:46 - [TEST_STEP][PASSED] - click(findTestObject(path_Dashboard + appName)): Object: 'Object Repository/AdminSuiteBootstrap_Pages/Dashboard_Bootstrap/a_Access AutoDualCFtpQA' is clicked on

2023-09-20 11:55:53 - [MESSAGE][PASSED] - Object: 'Object Repository/AdminSuiteBootstrap_Pages/Dashboard_Bootstrap/a_Access AutoDualCFtpQA' is clicked on

2023-09-20 11:55:53 - [TEST_STEP][PASSED] - click(findTestObject(path_VT + "button_Debit")): Object: 'Object Repository/AdminSuiteBootstrap_Pages/VT_Bootstrap/IssueTransactions/button_Debit' is clicked on

2023-09-20 11:55:53 - [MESSAGE][PASSED] - Object: 'Object Repository/AdminSuiteBootstrap_Pages/VT_Bootstrap/IssueTransactions/button_Debit' is clicked on

2023-09-20 11:55:53 - [TEST_STEP][PASSED] - click(findTestObject(path_VT + "a_Personal")): Object: 'Object Repository/AdminSuiteBootstrap_Pages/VT_Bootstrap/IssueTransactions/a_Personal' is clicked on

2023-09-20 11:55:54 - [MESSAGE][PASSED] - Object: 'Object Repository/AdminSuiteBootstrap_Pages/VT_Bootstrap/IssueTransactions/a_Personal' is clicked on

2023-09-20 11:55:54 - [TEST_STEP][PASSED] - adminSuiteBootstrap.debitPersonalsetData.debitPersonal_DataDriven(row, dataFile): adminSuiteBootstrap.debitPersonalsetData.debitPersonal_DataDriven is PASSED

2023-09-20 11:55:56 - [MESSAGE][PASSED] - Text 'John' is set on object 'Object Repository/AdminSuiteBootstrap_Pages/VT_Bootstrap/ACHPersonal/input_firstName'

2023-09-20 11:55:57 - [MESSAGE][PASSED] - Text 'Gordonas' is set on object 'Object Repository/AdminSuiteBootstrap_Pages/VT_Bootstrap/ACHPersonal/input_lastName'

2023-09-20 11:55:58 - [MESSAGE][PASSED] - Text '133 Meadow Ln' is set on object 'Object Repository/AdminSuiteBootstrap_Pages/VT_Bootstrap/ACHPersonal/input_address'

2023-09-20 11:55:59 - [MESSAGE][PASSED] - Text 'apt #123' is set on object 'Object Repository/AdminSuiteBootstrap_Pages/VT_Bootstrap/ACHPersonal/input_address2'

2023-09-20 11:55:59 - [MESSAGE][PASSED] - Text '22201' is set on object 'Object Repository/AdminSuiteBootstrap_Pages/VT_Bootstrap/ACHPersonal/input_zip'

2023-09-20 11:56:00 - [MESSAGE][PASSED] - Text '' is set on object 'Object Repository/AdminSuiteBootstrap_Pages/VT_Bootstrap/ACHPersonal/input_emailAddress'

2023-09-20 11:56:01 - [MESSAGE][PASSED] - Text '' is set on object 'Object Repository/AdminSuiteBootstrap_Pages/VT_Bootstrap/ACHPersonal/input_smsNumber'

2023-09-20 11:56:02 - [MESSAGE][PASSED] - Text '45671001' is set on object 'Object Repository/AdminSuiteBootstrap_Pages/VT_Bootstrap/ACHPersonal/input_accountNumber'

2023-09-20 11:56:03 - [MESSAGE][PASSED] - Text '256072691' is set on object 'Object Repository/AdminSuiteBootstrap_Pages/VT_Bootstrap/ACHPersonal/input_routingNumber'

2023-09-20 11:56:04 - [MESSAGE][PASSED] - All options with label 'Checking' are selected in object 'Object Repository/AdminSuiteBootstrap_Pages/VT_Bootstrap/ACHPersonal/select_AccountType'  using regular expression

2023-09-20 11:56:05 - [MESSAGE][PASSED] - All options with label 'PPD - Prearranged Payment and Deposit Entry' are selected in object 'Object Repository/AdminSuiteBootstrap_Pages/VT_Bootstrap/ACHPersonal/select_STD'  using regular expression

2023-09-20 11:56:05 - [MESSAGE][PASSED] - Text '11.5' is set on object 'Object Repository/AdminSuiteBootstrap_Pages/VT_Bootstrap/ACHPersonal/input_amount'

2023-09-20 11:56:07 - [MESSAGE][PASSED] - Text 'Denmark' is set on object 'Object Repository/AdminSuiteBootstrap_Pages/VT_Bootstrap/ACHPersonal/input_userDefined1'

2023-09-20 11:56:07 - [MESSAGE][PASSED] - Text 'Australia' is set on object 'Object Repository/AdminSuiteBootstrap_Pages/VT_Bootstrap/ACHPersonal/input_userDefined2'

2023-09-20 11:56:08 - [MESSAGE][PASSED] - Text 'Austria' is set on object 'Object Repository/AdminSuiteBootstrap_Pages/VT_Bootstrap/ACHPersonal/input_userDefined3'

2023-09-20 11:56:09 - [MESSAGE][PASSED] - Text 'Sweden' is set on object 'Object Repository/AdminSuiteBootstrap_Pages/VT_Bootstrap/ACHPersonal/input_userDefined4'

2023-09-20 11:56:10 - [MESSAGE][PASSED] - All options with label 'Yellow' are selected in object 'Object Repository/AdminSuiteBootstrap_Pages/VT_Bootstrap/ACHPersonal/select_UDF5'  using regular expression

2023-09-20 11:56:11 - [MESSAGE][PASSED] - All options with label 'Orange' are selected in object 'Object Repository/AdminSuiteBootstrap_Pages/VT_Bootstrap/ACHPersonal/select_UDF6'  using regular expression

2023-09-20 11:56:11 - [MESSAGE][PASSED] - Text 'Netherlands' is set on object 'Object Repository/AdminSuiteBootstrap_Pages/VT_Bootstrap/ACHPersonal/input_userDefined7'

2023-09-20 11:56:12 - [MESSAGE][PASSED] - Text 'Norway' is set on object 'Object Repository/AdminSuiteBootstrap_Pages/VT_Bootstrap/ACHPersonal/input_userDefined8'

2023-09-20 11:56:13 - [MESSAGE][PASSED] - Text 'France' is set on object 'Object Repository/AdminSuiteBootstrap_Pages/VT_Bootstrap/ACHPersonal/input_userDefined9'

2023-09-20 11:56:14 - [MESSAGE][PASSED] - Text 'Switzerland' is set on object 'Object Repository/AdminSuiteBootstrap_Pages/VT_Bootstrap/ACHPersonal/input_userDefined10'

2023-09-20 11:56:15 - [MESSAGE][PASSED] - Object: 'Object Repository/AdminSuiteBootstrap_Pages/VT_Bootstrap/ACHPersonal/button_Submit' is clicked on

2023-09-20 11:56:15 - [MESSAGE][PASSED] - adminSuiteBootstrap.debitPersonalsetData.debitPersonal_DataDriven is PASSED

2023-09-20 11:56:15 - [TEST_STEP][PASSED] - if (verifyTextPresent("Transaction Successful", true)): null

2023-09-20 11:56:15 - [MESSAGE][PASSED] - Text 'Transaction Successful' is present on page  using regular expression

2023-09-20 11:56:15 - [TEST_STEP][PASSED] - sdf = getText(findTestObject(path_Receipt + "td_AutoNoC031622113752957Ahm")): Text of object 'Object Repository/AdminSuiteBootstrap_Pages/VT_Bootstrap/Receipt/td_AutoNoC031622113752957Ahm' is: 'AutoDualCF092023115318Ahm'

2023-09-20 11:56:16 - [MESSAGE][PASSED] - Text of object 'Object Repository/AdminSuiteBootstrap_Pages/VT_Bootstrap/Receipt/td_AutoNoC031622113752957Ahm' is: 'AutoDualCF092023115318Ahm'

2023-09-20 11:56:16 - [TEST_STEP][PASSED] - out.println("sdf: " + sdf): null

2023-09-20 11:56:16 - [TEST_STEP][PASSED] - remID = sdf: null

2023-09-20 11:56:16 - [TEST_STEP][PASSED] - out.println("remID: " + remID): null

2023-09-20 11:56:16 - [TEST_STEP][PASSED] - click(findTestObject(path_Receipt + "button_Continue")): Object: 'Object Repository/AdminSuiteBootstrap_Pages/VT_Bootstrap/Receipt/button_Continue' is clicked on

2023-09-20 11:56:16 - [MESSAGE][PASSED] - Object: 'Object Repository/AdminSuiteBootstrap_Pages/VT_Bootstrap/Receipt/button_Continue' is clicked on

2023-09-20 11:56:16 - [TEST_STEP][PASSED] - click(findTestObject(path_VT + "a_Search Transactions")): Object: 'Object Repository/AdminSuiteBootstrap_Pages/VT_Bootstrap/IssueTransactions/a_Search Transactions' is clicked on

2023-09-20 11:56:17 - [MESSAGE][PASSED] - Object: 'Object Repository/AdminSuiteBootstrap_Pages/VT_Bootstrap/IssueTransactions/a_Search Transactions' is clicked on

2023-09-20 11:56:17 - [TEST_STEP][PASSED] - setText(findTestObject(path_CCSearch + "input_Search By_searchValue"), remID): Text 'AutoDualCF092023115318Ahm' is set on object 'Object Repository/AdminSuiteBootstrap_Pages/VT_Bootstrap/CCCreditOrVoidSearch/input_Search By_searchValue'

2023-09-20 11:56:18 - [MESSAGE][PASSED] - Text 'AutoDualCF092023115318Ahm' is set on object 'Object Repository/AdminSuiteBootstrap_Pages/VT_Bootstrap/CCCreditOrVoidSearch/input_Search By_searchValue'

2023-09-20 11:56:18 - [TEST_STEP][PASSED] - click(findTestObject(path_CCSearch + "button_Submit")): Object: 'Object Repository/AdminSuiteBootstrap_Pages/VT_Bootstrap/CCCreditOrVoidSearch/button_Submit' is clicked on

2023-09-20 11:56:19 - [MESSAGE][PASSED] - Object: 'Object Repository/AdminSuiteBootstrap_Pages/VT_Bootstrap/CCCreditOrVoidSearch/button_Submit' is clicked on

2023-09-20 11:56:19 - [TEST_STEP][PASSED] - click(findTestObject(path_SearchResults + "button_PaymentID")): Object: 'Object Repository/AdminSuiteBootstrap_Pages/VT_Bootstrap/SearchResults/button_PaymentID' is clicked on

2023-09-20 11:56:20 - [MESSAGE][PASSED] - Object: 'Object Repository/AdminSuiteBootstrap_Pages/VT_Bootstrap/SearchResults/button_PaymentID' is clicked on

2023-09-20 11:56:20 - [TEST_STEP][PASSED] - verifyTextPresent("Tender Type", true): Text 'Tender Type' is present on page  using regular expression

2023-09-20 11:56:20 - [MESSAGE][PASSED] - Text 'Tender Type' is present on page  using regular expression

2023-09-20 11:56:20 - [TEST_STEP][PASSED] - verifyTextPresent("Transaction Type", true): Text 'Transaction Type' is present on page  using regular expression

2023-09-20 11:56:21 - [MESSAGE][PASSED] - Text 'Transaction Type' is present on page  using regular expression

2023-09-20 11:56:21 - [TEST_STEP][PASSED] - verifyTextPresent("Transaction Posted by", true): Text 'Transaction Posted by' is present on page  using regular expression

2023-09-20 11:56:21 - [MESSAGE][PASSED] - Text 'Transaction Posted by' is present on page  using regular expression

2023-09-20 11:56:21 - [TEST_STEP][PASSED] - verifyTextPresent("iahmed", true): Text 'iahmed' is present on page  using regular expression

2023-09-20 11:56:21 - [MESSAGE][PASSED] - Text 'iahmed' is present on page  using regular expression

2023-09-20 11:56:21 - [TEST_STEP][PASSED] - verifyTextPresent("Debit", true): Text 'Debit' is present on page  using regular expression

2023-09-20 11:56:22 - [MESSAGE][PASSED] - Text 'Debit' is present on page  using regular expression

2023-09-20 11:56:22 - [TEST_STEP][PASSED] - click(findTestObject(path_TranxDetails + "a_Void this transaction")): Object: 'Object Repository/AdminSuiteBootstrap_Pages/VT_Bootstrap/TransactionDetails/a_Void this transaction' is clicked on

2023-09-20 11:56:23 - [MESSAGE][PASSED] - Object: 'Object Repository/AdminSuiteBootstrap_Pages/VT_Bootstrap/TransactionDetails/a_Void this transaction' is clicked on

2023-09-20 11:56:23 - [TEST_STEP][PASSED] - verifyTextPresent("The following transaction will be voided", true): Text 'The following transaction will be voided' is present on page  using regular expression

2023-09-20 11:56:23 - [MESSAGE][PASSED] - Text 'The following transaction will be voided' is present on page  using regular expression

2023-09-20 11:56:23 - [TEST_STEP][PASSED] - verifyTextPresent("Please press submit to continue", true): Text 'Please press submit to continue' is present on page  using regular expression

2023-09-20 11:56:24 - [MESSAGE][PASSED] - Text 'Please press submit to continue' is present on page  using regular expression

2023-09-20 11:56:24 - [TEST_STEP][PASSED] - click(findTestObject(path_TranxDetails + "button_Submit")): Object: 'Object Repository/AdminSuiteBootstrap_Pages/VT_Bootstrap/TransactionDetails/button_Submit' is clicked on

2023-09-20 11:56:25 - [MESSAGE][PASSED] - Object: 'Object Repository/AdminSuiteBootstrap_Pages/VT_Bootstrap/TransactionDetails/button_Submit' is clicked on

2023-09-20 11:56:25 - [TEST_STEP][PASSED] - verifyTextPresent("Transaction Successful", true): Text 'Transaction Successful' is present on page  using regular expression

2023-09-20 11:56:25 - [MESSAGE][PASSED] - Text 'Transaction Successful' is present on page  using regular expression

2023-09-20 11:56:25 - [TEST_STEP][PASSED] - verifyTextPresent("Transaction Type", true): Text 'Transaction Type' is present on page  using regular expression

2023-09-20 11:56:26 - [MESSAGE][PASSED] - Text 'Transaction Type' is present on page  using regular expression

2023-09-20 11:56:26 - [TEST_STEP][PASSED] - verifyTextPresent("Void", true): Text 'Void' is present on page  using regular expression

2023-09-20 11:56:26 - [MESSAGE][PASSED] - Text 'Void' is present on page  using regular expression

2023-09-20 11:56:26 - [TEST_STEP][PASSED] - closeBrowser(): Browser is closed

2023-09-20 11:56:27 - [MESSAGE][PASSED] - Browser is closed

2023-09-20 11:56:27 - [TEST_STEP][PASSED] - ExecuteTC = findTestData(dataFile).getValue("Execute", row): null

2023-09-20 11:56:27 - [TEST_STEP][PASSED] - out.println("Value of Execute is : " + ExecuteTC): null

2023-09-20 11:56:27 - [TEST_STEP][PASSED] - switch (executionProfile): null

2023-09-20 11:56:27 - [TEST_STEP][PASSED] - case "QA2Profile":: null

2023-09-20 11:56:27 - [TEST_STEP][PASSED] - appName = findTestData(dataFile).getValue("AppNameQA", row): null

2023-09-20 11:56:27 - [TEST_STEP][PASSED] - appID = findTestData(dataFile).getValue("AppIDQA", row): null

2023-09-20 11:56:27 - [TEST_STEP][PASSED] - break: null

2023-09-20 11:56:27 - [TEST_STEP][PASSED] - hrefAppID = li_1 + appID + li_2: null

2023-09-20 11:56:27 - [TEST_STEP][PASSED] - hrefApp = li_1 + appID + "/": null

2023-09-20 11:56:27 - [TEST_STEP][PASSED] - println("hrefApp : " + hrefApp): null

2023-09-20 11:56:27 - [TEST_STEP][PASSED] - if (ExecuteTC.equalsIgnoreCase("Y")): Browser is closed

2023-09-20 11:56:27 - [TEST_STEP][PASSED] - out.println("Begin Record Number: " + row): null

2023-09-20 11:56:27 - [TEST_STEP][PASSED] - today = new java.util.Date(): null

2023-09-20 11:56:27 - [TEST_STEP][PASSED] - println(today): null

2023-09-20 11:56:27 - [TEST_STEP][PASSED] - datText = today: null

2023-09-20 11:56:27 - [TEST_STEP][PASSED] - adminSuiteBootstrap.loginFunctionality.login_AdminSuite(): adminSuiteBootstrap.loginFunctionality.login_AdminSuite is PASSED

2023-09-20 11:56:27 - [MESSAGE][INFO] - Starting 'Chrome' driver

2023-09-20 11:56:27 - [MESSAGE][INFO] - User set preference: ['acceptInsecureCerts', 'true']

2023-09-20 11:56:27 - [MESSAGE][INFO] - Action delay is set to 0 milliseconds

2023-09-20 11:56:30 - [MESSAGE][PASSED] - Browser is opened with url: 'https://qa2.velocitypayment.com/admin/imtiaz'

2023-09-20 11:56:30 - [MESSAGE][PASSED] - Current window maximized

2023-09-20 11:56:31 - [MESSAGE][PASSED] - Object 'Object Repository/Login_Page/Login_Username_Okta' is present

2023-09-20 11:56:32 - [MESSAGE][PASSED] - Text 'iahmed' is set on object 'Object Repository/Login_Page/Login_Username_Okta'

2023-09-20 11:56:32 - [MESSAGE][PASSED] - Text 'Hello1111111@' is set on object 'Object Repository/Login_Page/Login_Password_Okta'

2023-09-20 11:56:33 - [MESSAGE][PASSED] - Object: 'Object Repository/Login_Page/Login_Submit_Okta' is clicked on

2023-09-20 11:56:33 - [MESSAGE][PASSED] - adminSuiteBootstrap.loginFunctionality.login_AdminSuite is PASSED

2023-09-20 11:56:33 - [TEST_STEP][PASSED] - click(findTestObject(path_Dashboard + appName)): Object: 'Object Repository/AdminSuiteBootstrap_Pages/Dashboard_Bootstrap/a_Access AutoDualCFtpQA' is clicked on

2023-09-20 11:56:41 - [MESSAGE][PASSED] - Object: 'Object Repository/AdminSuiteBootstrap_Pages/Dashboard_Bootstrap/a_Access AutoDualCFtpQA' is clicked on

2023-09-20 11:56:41 - [TEST_STEP][PASSED] - click(findTestObject(path_VT + "button_Debit")): Object: 'Object Repository/AdminSuiteBootstrap_Pages/VT_Bootstrap/IssueTransactions/button_Debit' is clicked on

2023-09-20 11:56:42 - [MESSAGE][PASSED] - Object: 'Object Repository/AdminSuiteBootstrap_Pages/VT_Bootstrap/IssueTransactions/button_Debit' is clicked on

2023-09-20 11:56:42 - [TEST_STEP][PASSED] - click(findTestObject(path_VT + "a_Personal")): Object: 'Object Repository/AdminSuiteBootstrap_Pages/VT_Bootstrap/IssueTransactions/a_Personal' is clicked on

2023-09-20 11:56:43 - [MESSAGE][PASSED] - Object: 'Object Repository/AdminSuiteBootstrap_Pages/VT_Bootstrap/IssueTransactions/a_Personal' is clicked on

2023-09-20 11:56:43 - [TEST_STEP][PASSED] - adminSuiteBootstrap.debitPersonalsetData.debitPersonal_DataDriven(row, dataFile): adminSuiteBootstrap.debitPersonalsetData.debitPersonal_DataDriven is PASSED

2023-09-20 11:56:45 - [MESSAGE][PASSED] - Text 'Veronika' is set on object 'Object Repository/AdminSuiteBootstrap_Pages/VT_Bootstrap/ACHPersonal/input_firstName'

2023-09-20 11:56:46 - [MESSAGE][PASSED] - Text 'Inouye' is set on object 'Object Repository/AdminSuiteBootstrap_Pages/VT_Bootstrap/ACHPersonal/input_lastName'

2023-09-20 11:56:47 - [MESSAGE][PASSED] - Text '6 Greenleaf Ave' is set on object 'Object Repository/AdminSuiteBootstrap_Pages/VT_Bootstrap/ACHPersonal/input_address'

2023-09-20 11:56:48 - [MESSAGE][PASSED] - Text 'apt #3' is set on object 'Object Repository/AdminSuiteBootstrap_Pages/VT_Bootstrap/ACHPersonal/input_address2'

2023-09-20 11:56:48 - [MESSAGE][PASSED] - Text '22201' is set on object 'Object Repository/AdminSuiteBootstrap_Pages/VT_Bootstrap/ACHPersonal/input_zip'

2023-09-20 11:56:49 - [MESSAGE][PASSED] - Text '' is set on object 'Object Repository/AdminSuiteBootstrap_Pages/VT_Bootstrap/ACHPersonal/input_emailAddress'

2023-09-20 11:56:50 - [MESSAGE][PASSED] - Text '' is set on object 'Object Repository/AdminSuiteBootstrap_Pages/VT_Bootstrap/ACHPersonal/input_smsNumber'

2023-09-20 11:56:51 - [MESSAGE][PASSED] - Text '45671002' is set on object 'Object Repository/AdminSuiteBootstrap_Pages/VT_Bootstrap/ACHPersonal/input_accountNumber'

2023-09-20 11:56:52 - [MESSAGE][PASSED] - Text '256072691' is set on object 'Object Repository/AdminSuiteBootstrap_Pages/VT_Bootstrap/ACHPersonal/input_routingNumber'

2023-09-20 11:56:53 - [MESSAGE][PASSED] - All options with label 'Checking' are selected in object 'Object Repository/AdminSuiteBootstrap_Pages/VT_Bootstrap/ACHPersonal/select_AccountType'  using regular expression

2023-09-20 11:56:54 - [MESSAGE][PASSED] - All options with label 'TEL - Telephone-Initiated Entry' are selected in object 'Object Repository/AdminSuiteBootstrap_Pages/VT_Bootstrap/ACHPersonal/select_STD'  using regular expression

2023-09-20 11:56:55 - [MESSAGE][PASSED] - Text '11.5' is set on object 'Object Repository/AdminSuiteBootstrap_Pages/VT_Bootstrap/ACHPersonal/input_amount'

2023-09-20 11:56:56 - [MESSAGE][PASSED] - Text 'Denmark' is set on object 'Object Repository/AdminSuiteBootstrap_Pages/VT_Bootstrap/ACHPersonal/input_userDefined1'

2023-09-20 11:56:57 - [MESSAGE][PASSED] - Text 'Australia' is set on object 'Object Repository/AdminSuiteBootstrap_Pages/VT_Bootstrap/ACHPersonal/input_userDefined2'

2023-09-20 11:56:57 - [MESSAGE][PASSED] - Text 'Austria' is set on object 'Object Repository/AdminSuiteBootstrap_Pages/VT_Bootstrap/ACHPersonal/input_userDefined3'

2023-09-20 11:56:58 - [MESSAGE][PASSED] - Text 'Sweden' is set on object 'Object Repository/AdminSuiteBootstrap_Pages/VT_Bootstrap/ACHPersonal/input_userDefined4'

2023-09-20 11:56:59 - [MESSAGE][PASSED] - All options with label 'Yellow' are selected in object 'Object Repository/AdminSuiteBootstrap_Pages/VT_Bootstrap/ACHPersonal/select_UDF5'  using regular expression

2023-09-20 11:57:00 - [MESSAGE][PASSED] - All options with label 'Orange' are selected in object 'Object Repository/AdminSuiteBootstrap_Pages/VT_Bootstrap/ACHPersonal/select_UDF6'  using regular expression

2023-09-20 11:57:01 - [MESSAGE][PASSED] - Text 'Netherlands' is set on object 'Object Repository/AdminSuiteBootstrap_Pages/VT_Bootstrap/ACHPersonal/input_userDefined7'

2023-09-20 11:57:01 - [MESSAGE][PASSED] - Text 'Norway' is set on object 'Object Repository/AdminSuiteBootstrap_Pages/VT_Bootstrap/ACHPersonal/input_userDefined8'

2023-09-20 11:57:02 - [MESSAGE][PASSED] - Text 'France' is set on object 'Object Repository/AdminSuiteBootstrap_Pages/VT_Bootstrap/ACHPersonal/input_userDefined9'

2023-09-20 11:57:03 - [MESSAGE][PASSED] - Text 'Switzerland' is set on object 'Object Repository/AdminSuiteBootstrap_Pages/VT_Bootstrap/ACHPersonal/input_userDefined10'

2023-09-20 11:57:04 - [MESSAGE][PASSED] - Object: 'Object Repository/AdminSuiteBootstrap_Pages/VT_Bootstrap/ACHPersonal/button_Submit' is clicked on

2023-09-20 11:57:04 - [MESSAGE][PASSED] - adminSuiteBootstrap.debitPersonalsetData.debitPersonal_DataDriven is PASSED

2023-09-20 11:57:04 - [TEST_STEP][PASSED] - if (verifyTextPresent("Transaction Successful", true)): null

2023-09-20 11:57:05 - [MESSAGE][PASSED] - Text 'Transaction Successful' is present on page  using regular expression

2023-09-20 11:57:05 - [TEST_STEP][PASSED] - sdf = getText(findTestObject(path_Receipt + "td_AutoNoC031622113752957Ahm")): Text of object 'Object Repository/AdminSuiteBootstrap_Pages/VT_Bootstrap/Receipt/td_AutoNoC031622113752957Ahm' is: 'AutoDualCF092023115406Ahm'

2023-09-20 11:57:05 - [MESSAGE][PASSED] - Text of object 'Object Repository/AdminSuiteBootstrap_Pages/VT_Bootstrap/Receipt/td_AutoNoC031622113752957Ahm' is: 'AutoDualCF092023115406Ahm'

2023-09-20 11:57:05 - [TEST_STEP][PASSED] - out.println("sdf: " + sdf): null

2023-09-20 11:57:05 - [TEST_STEP][PASSED] - remID = sdf: null

2023-09-20 11:57:05 - [TEST_STEP][PASSED] - out.println("remID: " + remID): null

2023-09-20 11:57:05 - [TEST_STEP][PASSED] - click(findTestObject(path_Receipt + "button_Continue")): Object: 'Object Repository/AdminSuiteBootstrap_Pages/VT_Bootstrap/Receipt/button_Continue' is clicked on

2023-09-20 11:57:06 - [MESSAGE][PASSED] - Object: 'Object Repository/AdminSuiteBootstrap_Pages/VT_Bootstrap/Receipt/button_Continue' is clicked on

2023-09-20 11:57:06 - [TEST_STEP][PASSED] - click(findTestObject(path_VT + "a_Search Transactions")): Object: 'Object Repository/AdminSuiteBootstrap_Pages/VT_Bootstrap/IssueTransactions/a_Search Transactions' is clicked on

2023-09-20 11:57:07 - [MESSAGE][PASSED] - Object: 'Object Repository/AdminSuiteBootstrap_Pages/VT_Bootstrap/IssueTransactions/a_Search Transactions' is clicked on

2023-09-20 11:57:07 - [TEST_STEP][PASSED] - setText(findTestObject(path_CCSearch + "input_Search By_searchValue"), remID): Text 'AutoDualCF092023115406Ahm' is set on object 'Object Repository/AdminSuiteBootstrap_Pages/VT_Bootstrap/CCCreditOrVoidSearch/input_Search By_searchValue'

2023-09-20 11:57:08 - [MESSAGE][PASSED] - Text 'AutoDualCF092023115406Ahm' is set on object 'Object Repository/AdminSuiteBootstrap_Pages/VT_Bootstrap/CCCreditOrVoidSearch/input_Search By_searchValue'

2023-09-20 11:57:08 - [TEST_STEP][PASSED] - click(findTestObject(path_CCSearch + "button_Submit")): Object: 'Object Repository/AdminSuiteBootstrap_Pages/VT_Bootstrap/CCCreditOrVoidSearch/button_Submit' is clicked on

2023-09-20 11:57:08 - [MESSAGE][PASSED] - Object: 'Object Repository/AdminSuiteBootstrap_Pages/VT_Bootstrap/CCCreditOrVoidSearch/button_Submit' is clicked on

2023-09-20 11:57:08 - [TEST_STEP][PASSED] - click(findTestObject(path_SearchResults + "button_PaymentID")): Object: 'Object Repository/AdminSuiteBootstrap_Pages/VT_Bootstrap/SearchResults/button_PaymentID' is clicked on

2023-09-20 11:57:09 - [MESSAGE][PASSED] - Object: 'Object Repository/AdminSuiteBootstrap_Pages/VT_Bootstrap/SearchResults/button_PaymentID' is clicked on

2023-09-20 11:57:09 - [TEST_STEP][PASSED] - verifyTextPresent("Tender Type", true): Text 'Tender Type' is present on page  using regular expression

2023-09-20 11:57:10 - [MESSAGE][PASSED] - Text 'Tender Type' is present on page  using regular expression

2023-09-20 11:57:10 - [TEST_STEP][PASSED] - verifyTextPresent("Transaction Type", true): Text 'Transaction Type' is present on page  using regular expression

2023-09-20 11:57:10 - [MESSAGE][PASSED] - Text 'Transaction Type' is present on page  using regular expression

2023-09-20 11:57:10 - [TEST_STEP][PASSED] - verifyTextPresent("Transaction Posted by", true): Text 'Transaction Posted by' is present on page  using regular expression

2023-09-20 11:57:11 - [MESSAGE][PASSED] - Text 'Transaction Posted by' is present on page  using regular expression

2023-09-20 11:57:11 - [TEST_STEP][PASSED] - verifyTextPresent("iahmed", true): Text 'iahmed' is present on page  using regular expression

2023-09-20 11:57:11 - [MESSAGE][PASSED] - Text 'iahmed' is present on page  using regular expression

2023-09-20 11:57:11 - [TEST_STEP][PASSED] - verifyTextPresent("Debit", true): Text 'Debit' is present on page  using regular expression

2023-09-20 11:57:11 - [MESSAGE][PASSED] - Text 'Debit' is present on page  using regular expression

2023-09-20 11:57:11 - [TEST_STEP][PASSED] - click(findTestObject(path_TranxDetails + "a_Void this transaction")): Object: 'Object Repository/AdminSuiteBootstrap_Pages/VT_Bootstrap/TransactionDetails/a_Void this transaction' is clicked on

2023-09-20 11:57:12 - [MESSAGE][PASSED] - Object: 'Object Repository/AdminSuiteBootstrap_Pages/VT_Bootstrap/TransactionDetails/a_Void this transaction' is clicked on

2023-09-20 11:57:12 - [TEST_STEP][PASSED] - verifyTextPresent("The following transaction will be voided", true): Text 'The following transaction will be voided' is present on page  using regular expression

2023-09-20 11:57:13 - [MESSAGE][PASSED] - Text 'The following transaction will be voided' is present on page  using regular expression

2023-09-20 11:57:13 - [TEST_STEP][PASSED] - verifyTextPresent("Please press submit to continue", true): Text 'Please press submit to continue' is present on page  using regular expression

2023-09-20 11:57:13 - [MESSAGE][PASSED] - Text 'Please press submit to continue' is present on page  using regular expression

2023-09-20 11:57:13 - [TEST_STEP][PASSED] - click(findTestObject(path_TranxDetails + "button_Submit")): Object: 'Object Repository/AdminSuiteBootstrap_Pages/VT_Bootstrap/TransactionDetails/button_Submit' is clicked on

2023-09-20 11:57:14 - [MESSAGE][PASSED] - Object: 'Object Repository/AdminSuiteBootstrap_Pages/VT_Bootstrap/TransactionDetails/button_Submit' is clicked on

2023-09-20 11:57:14 - [TEST_STEP][PASSED] - verifyTextPresent("Transaction Successful", true): Text 'Transaction Successful' is present on page  using regular expression

2023-09-20 11:57:15 - [MESSAGE][PASSED] - Text 'Transaction Successful' is present on page  using regular expression

2023-09-20 11:57:15 - [TEST_STEP][PASSED] - verifyTextPresent("Transaction Type", true): Text 'Transaction Type' is present on page  using regular expression

2023-09-20 11:57:15 - [MESSAGE][PASSED] - Text 'Transaction Type' is present on page  using regular expression

2023-09-20 11:57:15 - [TEST_STEP][PASSED] - verifyTextPresent("Void", true): Text 'Void' is present on page  using regular expression

2023-09-20 11:57:15 - [MESSAGE][PASSED] - Text 'Void' is present on page  using regular expression

2023-09-20 11:57:15 - [TEST_STEP][PASSED] - closeBrowser(): Browser is closed

2023-09-20 11:57:16 - [MESSAGE][PASSED] - Browser is closed

2023-09-20 11:57:16 - [TEST_STEP][PASSED] - ExecuteTC = findTestData(dataFile).getValue("Execute", row): null

2023-09-20 11:57:16 - [TEST_STEP][PASSED] - out.println("Value of Execute is : " + ExecuteTC): null

2023-09-20 11:57:16 - [TEST_STEP][PASSED] - switch (executionProfile): null

2023-09-20 11:57:16 - [TEST_STEP][PASSED] - case "QA2Profile":: null

2023-09-20 11:57:16 - [TEST_STEP][PASSED] - appName = findTestData(dataFile).getValue("AppNameQA", row): null

2023-09-20 11:57:16 - [TEST_STEP][PASSED] - appID = findTestData(dataFile).getValue("AppIDQA", row): null

2023-09-20 11:57:16 - [TEST_STEP][PASSED] - break: null

2023-09-20 11:57:16 - [TEST_STEP][PASSED] - hrefAppID = li_1 + appID + li_2: null

2023-09-20 11:57:16 - [TEST_STEP][PASSED] - hrefApp = li_1 + appID + "/": null

2023-09-20 11:57:16 - [TEST_STEP][PASSED] - println("hrefApp : " + hrefApp): null

2023-09-20 11:57:16 - [TEST_STEP][PASSED] - if (ExecuteTC.equalsIgnoreCase("Y")): Browser is closed

2023-09-20 11:57:16 - [TEST_STEP][PASSED] - out.println("Begin Record Number: " + row): null

2023-09-20 11:57:16 - [TEST_STEP][PASSED] - today = new java.util.Date(): null

2023-09-20 11:57:16 - [TEST_STEP][PASSED] - println(today): null

2023-09-20 11:57:16 - [TEST_STEP][PASSED] - datText = today: null

2023-09-20 11:57:16 - [TEST_STEP][PASSED] - adminSuiteBootstrap.loginFunctionality.login_AdminSuite(): adminSuiteBootstrap.loginFunctionality.login_AdminSuite is PASSED

2023-09-20 11:57:16 - [MESSAGE][INFO] - Starting 'Chrome' driver

2023-09-20 11:57:16 - [MESSAGE][INFO] - User set preference: ['acceptInsecureCerts', 'true']

2023-09-20 11:57:16 - [MESSAGE][INFO] - Action delay is set to 0 milliseconds

2023-09-20 11:57:20 - [MESSAGE][PASSED] - Browser is opened with url: 'https://qa2.velocitypayment.com/admin/imtiaz'

2023-09-20 11:57:21 - [MESSAGE][PASSED] - Current window maximized

2023-09-20 11:57:21 - [MESSAGE][PASSED] - Object 'Object Repository/Login_Page/Login_Username_Okta' is present

2023-09-20 11:57:22 - [MESSAGE][PASSED] - Text 'iahmed' is set on object 'Object Repository/Login_Page/Login_Username_Okta'

2023-09-20 11:57:23 - [MESSAGE][PASSED] - Text 'Hello1111111@' is set on object 'Object Repository/Login_Page/Login_Password_Okta'

2023-09-20 11:57:23 - [MESSAGE][PASSED] - Object: 'Object Repository/Login_Page/Login_Submit_Okta' is clicked on

2023-09-20 11:57:23 - [MESSAGE][PASSED] - adminSuiteBootstrap.loginFunctionality.login_AdminSuite is PASSED

2023-09-20 11:57:23 - [TEST_STEP][PASSED] - click(findTestObject(path_Dashboard + appName)): Object: 'Object Repository/AdminSuiteBootstrap_Pages/Dashboard_Bootstrap/a_Access AutoDualCFtpQA' is clicked on

2023-09-20 11:57:31 - [MESSAGE][PASSED] - Object: 'Object Repository/AdminSuiteBootstrap_Pages/Dashboard_Bootstrap/a_Access AutoDualCFtpQA' is clicked on

2023-09-20 11:57:31 - [TEST_STEP][PASSED] - click(findTestObject(path_VT + "button_Debit")): Object: 'Object Repository/AdminSuiteBootstrap_Pages/VT_Bootstrap/IssueTransactions/button_Debit' is clicked on

2023-09-20 11:57:32 - [MESSAGE][PASSED] - Object: 'Object Repository/AdminSuiteBootstrap_Pages/VT_Bootstrap/IssueTransactions/button_Debit' is clicked on

2023-09-20 11:57:32 - [TEST_STEP][PASSED] - click(findTestObject(path_VT + "a_Personal")): Object: 'Object Repository/AdminSuiteBootstrap_Pages/VT_Bootstrap/IssueTransactions/a_Personal' is clicked on

2023-09-20 11:57:33 - [MESSAGE][PASSED] - Object: 'Object Repository/AdminSuiteBootstrap_Pages/VT_Bootstrap/IssueTransactions/a_Personal' is clicked on

2023-09-20 11:57:33 - [TEST_STEP][PASSED] - adminSuiteBootstrap.debitPersonalsetData.debitPersonal_DataDriven(row, dataFile): adminSuiteBootstrap.debitPersonalsetData.debitPersonal_DataDriven is PASSED

2023-09-20 11:57:35 - [MESSAGE][PASSED] - Text 'Bette' is set on object 'Object Repository/AdminSuiteBootstrap_Pages/VT_Bootstrap/ACHPersonal/input_firstName'

2023-09-20 11:57:36 - [MESSAGE][PASSED] - Text 'Nicka' is set on object 'Object Repository/AdminSuiteBootstrap_Pages/VT_Bootstrap/ACHPersonal/input_lastName'

2023-09-20 11:57:36 - [MESSAGE][PASSED] - Text '6 S 33rd St' is set on object 'Object Repository/AdminSuiteBootstrap_Pages/VT_Bootstrap/ACHPersonal/input_address'

2023-09-20 11:57:37 - [MESSAGE][PASSED] - Text 'apt #2' is set on object 'Object Repository/AdminSuiteBootstrap_Pages/VT_Bootstrap/ACHPersonal/input_address2'

2023-09-20 11:57:38 - [MESSAGE][PASSED] - Text '22201' is set on object 'Object Repository/AdminSuiteBootstrap_Pages/VT_Bootstrap/ACHPersonal/input_zip'

2023-09-20 11:57:39 - [MESSAGE][PASSED] - Text '' is set on object 'Object Repository/AdminSuiteBootstrap_Pages/VT_Bootstrap/ACHPersonal/input_emailAddress'

2023-09-20 11:57:40 - [MESSAGE][PASSED] - Text '' is set on object 'Object Repository/AdminSuiteBootstrap_Pages/VT_Bootstrap/ACHPersonal/input_smsNumber'

2023-09-20 11:57:41 - [MESSAGE][PASSED] - Text '45671003' is set on object 'Object Repository/AdminSuiteBootstrap_Pages/VT_Bootstrap/ACHPersonal/input_accountNumber'

2023-09-20 11:57:41 - [MESSAGE][PASSED] - Text '256072691' is set on object 'Object Repository/AdminSuiteBootstrap_Pages/VT_Bootstrap/ACHPersonal/input_routingNumber'

2023-09-20 11:57:42 - [MESSAGE][PASSED] - All options with label 'Savings' are selected in object 'Object Repository/AdminSuiteBootstrap_Pages/VT_Bootstrap/ACHPersonal/select_AccountType'  using regular expression

2023-09-20 11:57:44 - [MESSAGE][PASSED] - All options with label 'PPD - Prearranged Payment and Deposit Entry' are selected in object 'Object Repository/AdminSuiteBootstrap_Pages/VT_Bootstrap/ACHPersonal/select_STD'  using regular expression

2023-09-20 11:57:44 - [MESSAGE][PASSED] - Text '11.5' is set on object 'Object Repository/AdminSuiteBootstrap_Pages/VT_Bootstrap/ACHPersonal/input_amount'

2023-09-20 11:57:46 - [MESSAGE][PASSED] - Text 'Denmark' is set on object 'Object Repository/AdminSuiteBootstrap_Pages/VT_Bootstrap/ACHPersonal/input_userDefined1'

2023-09-20 11:57:46 - [MESSAGE][PASSED] - Text 'Australia' is set on object 'Object Repository/AdminSuiteBootstrap_Pages/VT_Bootstrap/ACHPersonal/input_userDefined2'

2023-09-20 11:57:47 - [MESSAGE][PASSED] - Text 'Austria' is set on object 'Object Repository/AdminSuiteBootstrap_Pages/VT_Bootstrap/ACHPersonal/input_userDefined3'

2023-09-20 11:57:48 - [MESSAGE][PASSED] - Text 'Sweden' is set on object 'Object Repository/AdminSuiteBootstrap_Pages/VT_Bootstrap/ACHPersonal/input_userDefined4'

2023-09-20 11:57:49 - [MESSAGE][PASSED] - All options with label 'Yellow' are selected in object 'Object Repository/AdminSuiteBootstrap_Pages/VT_Bootstrap/ACHPersonal/select_UDF5'  using regular expression

2023-09-20 11:57:50 - [MESSAGE][PASSED] - All options with label 'Orange' are selected in object 'Object Repository/AdminSuiteBootstrap_Pages/VT_Bootstrap/ACHPersonal/select_UDF6'  using regular expression

2023-09-20 11:57:50 - [MESSAGE][PASSED] - Text 'Netherlands' is set on object 'Object Repository/AdminSuiteBootstrap_Pages/VT_Bootstrap/ACHPersonal/input_userDefined7'

2023-09-20 11:57:51 - [MESSAGE][PASSED] - Text 'Norway' is set on object 'Object Repository/AdminSuiteBootstrap_Pages/VT_Bootstrap/ACHPersonal/input_userDefined8'

2023-09-20 11:57:52 - [MESSAGE][PASSED] - Text 'France' is set on object 'Object Repository/AdminSuiteBootstrap_Pages/VT_Bootstrap/ACHPersonal/input_userDefined9'

2023-09-20 11:57:53 - [MESSAGE][PASSED] - Text 'Switzerland' is set on object 'Object Repository/AdminSuiteBootstrap_Pages/VT_Bootstrap/ACHPersonal/input_userDefined10'

2023-09-20 11:57:54 - [MESSAGE][PASSED] - Object: 'Object Repository/AdminSuiteBootstrap_Pages/VT_Bootstrap/ACHPersonal/button_Submit' is clicked on

2023-09-20 11:57:54 - [MESSAGE][PASSED] - adminSuiteBootstrap.debitPersonalsetData.debitPersonal_DataDriven is PASSED

2023-09-20 11:57:54 - [TEST_STEP][PASSED] - if (verifyTextPresent("Transaction Successful", true)): null

2023-09-20 11:57:54 - [MESSAGE][PASSED] - Text 'Transaction Successful' is present on page  using regular expression

2023-09-20 11:57:54 - [TEST_STEP][PASSED] - sdf = getText(findTestObject(path_Receipt + "td_AutoNoC031622113752957Ahm")): Text of object 'Object Repository/AdminSuiteBootstrap_Pages/VT_Bootstrap/Receipt/td_AutoNoC031622113752957Ahm' is: 'AutoDualCF092023115456Ahm'

2023-09-20 11:57:55 - [MESSAGE][PASSED] - Text of object 'Object Repository/AdminSuiteBootstrap_Pages/VT_Bootstrap/Receipt/td_AutoNoC031622113752957Ahm' is: 'AutoDualCF092023115456Ahm'

2023-09-20 11:57:55 - [TEST_STEP][PASSED] - out.println("sdf: " + sdf): null

2023-09-20 11:57:55 - [TEST_STEP][PASSED] - remID = sdf: null

2023-09-20 11:57:55 - [TEST_STEP][PASSED] - out.println("remID: " + remID): null

2023-09-20 11:57:55 - [TEST_STEP][PASSED] - click(findTestObject(path_Receipt + "button_Continue")): Object: 'Object Repository/AdminSuiteBootstrap_Pages/VT_Bootstrap/Receipt/button_Continue' is clicked on

2023-09-20 11:57:55 - [MESSAGE][PASSED] - Object: 'Object Repository/AdminSuiteBootstrap_Pages/VT_Bootstrap/Receipt/button_Continue' is clicked on

2023-09-20 11:57:55 - [TEST_STEP][PASSED] - click(findTestObject(path_VT + "a_Search Transactions")): Object: 'Object Repository/AdminSuiteBootstrap_Pages/VT_Bootstrap/IssueTransactions/a_Search Transactions' is clicked on

2023-09-20 11:57:56 - [MESSAGE][PASSED] - Object: 'Object Repository/AdminSuiteBootstrap_Pages/VT_Bootstrap/IssueTransactions/a_Search Transactions' is clicked on

2023-09-20 11:57:56 - [TEST_STEP][PASSED] - setText(findTestObject(path_CCSearch + "input_Search By_searchValue"), remID): Text 'AutoDualCF092023115456Ahm' is set on object 'Object Repository/AdminSuiteBootstrap_Pages/VT_Bootstrap/CCCreditOrVoidSearch/input_Search By_searchValue'

2023-09-20 11:57:57 - [MESSAGE][PASSED] - Text 'AutoDualCF092023115456Ahm' is set on object 'Object Repository/AdminSuiteBootstrap_Pages/VT_Bootstrap/CCCreditOrVoidSearch/input_Search By_searchValue'

2023-09-20 11:57:57 - [TEST_STEP][PASSED] - click(findTestObject(path_CCSearch + "button_Submit")): Object: 'Object Repository/AdminSuiteBootstrap_Pages/VT_Bootstrap/CCCreditOrVoidSearch/button_Submit' is clicked on

2023-09-20 11:57:58 - [MESSAGE][PASSED] - Object: 'Object Repository/AdminSuiteBootstrap_Pages/VT_Bootstrap/CCCreditOrVoidSearch/button_Submit' is clicked on

2023-09-20 11:57:58 - [TEST_STEP][PASSED] - click(findTestObject(path_SearchResults + "button_PaymentID")): Object: 'Object Repository/AdminSuiteBootstrap_Pages/VT_Bootstrap/SearchResults/button_PaymentID' is clicked on

2023-09-20 11:57:59 - [MESSAGE][PASSED] - Object: 'Object Repository/AdminSuiteBootstrap_Pages/VT_Bootstrap/SearchResults/button_PaymentID' is clicked on

2023-09-20 11:57:59 - [TEST_STEP][PASSED] - verifyTextPresent("Tender Type", true): Text 'Tender Type' is present on page  using regular expression

2023-09-20 11:58:00 - [MESSAGE][PASSED] - Text 'Tender Type' is present on page  using regular expression

2023-09-20 11:58:00 - [TEST_STEP][PASSED] - verifyTextPresent("Transaction Type", true): Text 'Transaction Type' is present on page  using regular expression

2023-09-20 11:58:00 - [MESSAGE][PASSED] - Text 'Transaction Type' is present on page  using regular expression

2023-09-20 11:58:00 - [TEST_STEP][PASSED] - verifyTextPresent("Transaction Posted by", true): Text 'Transaction Posted by' is present on page  using regular expression

2023-09-20 11:58:00 - [MESSAGE][PASSED] - Text 'Transaction Posted by' is present on page  using regular expression

2023-09-20 11:58:00 - [TEST_STEP][PASSED] - verifyTextPresent("iahmed", true): Text 'iahmed' is present on page  using regular expression

2023-09-20 11:58:01 - [MESSAGE][PASSED] - Text 'iahmed' is present on page  using regular expression

2023-09-20 11:58:01 - [TEST_STEP][PASSED] - verifyTextPresent("Debit", true): Text 'Debit' is present on page  using regular expression

2023-09-20 11:58:01 - [MESSAGE][PASSED] - Text 'Debit' is present on page  using regular expression

2023-09-20 11:58:01 - [TEST_STEP][PASSED] - click(findTestObject(path_TranxDetails + "a_Void this transaction")): Object: 'Object Repository/AdminSuiteBootstrap_Pages/VT_Bootstrap/TransactionDetails/a_Void this transaction' is clicked on

2023-09-20 11:58:02 - [MESSAGE][PASSED] - Object: 'Object Repository/AdminSuiteBootstrap_Pages/VT_Bootstrap/TransactionDetails/a_Void this transaction' is clicked on

2023-09-20 11:58:02 - [TEST_STEP][PASSED] - verifyTextPresent("The following transaction will be voided", true): Text 'The following transaction will be voided' is present on page  using regular expression

2023-09-20 11:58:02 - [MESSAGE][PASSED] - Text 'The following transaction will be voided' is present on page  using regular expression

2023-09-20 11:58:02 - [TEST_STEP][PASSED] - verifyTextPresent("Please press submit to continue", true): Text 'Please press submit to continue' is present on page  using regular expression

2023-09-20 11:58:02 - [MESSAGE][PASSED] - Text 'Please press submit to continue' is present on page  using regular expression

2023-09-20 11:58:02 - [TEST_STEP][PASSED] - click(findTestObject(path_TranxDetails + "button_Submit")): Object: 'Object Repository/AdminSuiteBootstrap_Pages/VT_Bootstrap/TransactionDetails/button_Submit' is clicked on

2023-09-20 11:58:03 - [MESSAGE][PASSED] - Object: 'Object Repository/AdminSuiteBootstrap_Pages/VT_Bootstrap/TransactionDetails/button_Submit' is clicked on

2023-09-20 11:58:03 - [TEST_STEP][PASSED] - verifyTextPresent("Transaction Successful", true): Text 'Transaction Successful' is present on page  using regular expression

2023-09-20 11:58:04 - [MESSAGE][PASSED] - Text 'Transaction Successful' is present on page  using regular expression

2023-09-20 11:58:04 - [TEST_STEP][PASSED] - verifyTextPresent("Transaction Type", true): Text 'Transaction Type' is present on page  using regular expression

2023-09-20 11:58:04 - [MESSAGE][PASSED] - Text 'Transaction Type' is present on page  using regular expression

2023-09-20 11:58:04 - [TEST_STEP][PASSED] - verifyTextPresent("Void", true): Text 'Void' is present on page  using regular expression

2023-09-20 11:58:05 - [MESSAGE][PASSED] - Text 'Void' is present on page  using regular expression

2023-09-20 11:58:05 - [TEST_STEP][PASSED] - closeBrowser(): Browser is closed

2023-09-20 11:58:06 - [MESSAGE][PASSED] - Browser is closed

2023-09-20 11:58:06 - [TEST_STEP][PASSED] - ExecuteTC = findTestData(dataFile).getValue("Execute", row): null

2023-09-20 11:58:06 - [TEST_STEP][PASSED] - out.println("Value of Execute is : " + ExecuteTC): null

2023-09-20 11:58:06 - [TEST_STEP][PASSED] - switch (executionProfile): null

2023-09-20 11:58:06 - [TEST_STEP][PASSED] - case "QA2Profile":: null

2023-09-20 11:58:06 - [TEST_STEP][PASSED] - appName = findTestData(dataFile).getValue("AppNameQA", row): null

2023-09-20 11:58:06 - [TEST_STEP][PASSED] - appID = findTestData(dataFile).getValue("AppIDQA", row): null

2023-09-20 11:58:06 - [TEST_STEP][PASSED] - break: null

2023-09-20 11:58:06 - [TEST_STEP][PASSED] - hrefAppID = li_1 + appID + li_2: null

2023-09-20 11:58:06 - [TEST_STEP][PASSED] - hrefApp = li_1 + appID + "/": null

2023-09-20 11:58:06 - [TEST_STEP][PASSED] - println("hrefApp : " + hrefApp): null

2023-09-20 11:58:06 - [TEST_STEP][PASSED] - if (ExecuteTC.equalsIgnoreCase("Y")): Browser is closed

2023-09-20 11:58:06 - [TEST_STEP][PASSED] - out.println("Begin Record Number: " + row): null

2023-09-20 11:58:06 - [TEST_STEP][PASSED] - today = new java.util.Date(): null

2023-09-20 11:58:06 - [TEST_STEP][PASSED] - println(today): null

2023-09-20 11:58:06 - [TEST_STEP][PASSED] - datText = today: null

2023-09-20 11:58:06 - [TEST_STEP][PASSED] - adminSuiteBootstrap.loginFunctionality.login_AdminSuite(): adminSuiteBootstrap.loginFunctionality.login_AdminSuite is PASSED

2023-09-20 11:58:06 - [MESSAGE][INFO] - Starting 'Chrome' driver

2023-09-20 11:58:06 - [MESSAGE][INFO] - User set preference: ['acceptInsecureCerts', 'true']

2023-09-20 11:58:06 - [MESSAGE][INFO] - Action delay is set to 0 milliseconds

2023-09-20 11:58:09 - [MESSAGE][PASSED] - Browser is opened with url: 'https://qa2.velocitypayment.com/admin/imtiaz'

2023-09-20 11:58:09 - [MESSAGE][PASSED] - Current window maximized

2023-09-20 11:58:09 - [MESSAGE][PASSED] - Object 'Object Repository/Login_Page/Login_Username_Okta' is present

2023-09-20 11:58:10 - [MESSAGE][PASSED] - Text 'iahmed' is set on object 'Object Repository/Login_Page/Login_Username_Okta'

2023-09-20 11:58:11 - [MESSAGE][PASSED] - Text 'Hello1111111@' is set on object 'Object Repository/Login_Page/Login_Password_Okta'

2023-09-20 11:58:11 - [MESSAGE][PASSED] - Object: 'Object Repository/Login_Page/Login_Submit_Okta' is clicked on

2023-09-20 11:58:11 - [MESSAGE][PASSED] - adminSuiteBootstrap.loginFunctionality.login_AdminSuite is PASSED

2023-09-20 11:58:11 - [TEST_STEP][PASSED] - click(findTestObject(path_Dashboard + appName)): Object: 'Object Repository/AdminSuiteBootstrap_Pages/Dashboard_Bootstrap/a_Access AutoDualCFtpQA' is clicked on

2023-09-20 11:58:20 - [MESSAGE][PASSED] - Object: 'Object Repository/AdminSuiteBootstrap_Pages/Dashboard_Bootstrap/a_Access AutoDualCFtpQA' is clicked on

2023-09-20 11:58:20 - [TEST_STEP][PASSED] - click(findTestObject(path_VT + "button_Debit")): Object: 'Object Repository/AdminSuiteBootstrap_Pages/VT_Bootstrap/IssueTransactions/button_Debit' is clicked on

2023-09-20 11:58:20 - [MESSAGE][PASSED] - Object: 'Object Repository/AdminSuiteBootstrap_Pages/VT_Bootstrap/IssueTransactions/button_Debit' is clicked on

2023-09-20 11:58:20 - [TEST_STEP][PASSED] - click(findTestObject(path_VT + "a_Personal")): Object: 'Object Repository/AdminSuiteBootstrap_Pages/VT_Bootstrap/IssueTransactions/a_Personal' is clicked on

2023-09-20 11:58:21 - [MESSAGE][PASSED] - Object: 'Object Repository/AdminSuiteBootstrap_Pages/VT_Bootstrap/IssueTransactions/a_Personal' is clicked on

2023-09-20 11:58:21 - [TEST_STEP][PASSED] - adminSuiteBootstrap.debitPersonalsetData.debitPersonal_DataDriven(row, dataFile): adminSuiteBootstrap.debitPersonalsetData.debitPersonal_DataDriven is PASSED

2023-09-20 11:58:23 - [MESSAGE][PASSED] - Text 'Alisha' is set on object 'Object Repository/AdminSuiteBootstrap_Pages/VT_Bootstrap/ACHPersonal/input_firstName'

2023-09-20 11:58:24 - [MESSAGE][PASSED] - Text 'Slusarski' is set on object 'Object Repository/AdminSuiteBootstrap_Pages/VT_Bootstrap/ACHPersonal/input_lastName'

2023-09-20 11:58:25 - [MESSAGE][PASSED] - Text '3273 State St' is set on object 'Object Repository/AdminSuiteBootstrap_Pages/VT_Bootstrap/ACHPersonal/input_address'

2023-09-20 11:58:25 - [MESSAGE][PASSED] - Text 'apt #4' is set on object 'Object Repository/AdminSuiteBootstrap_Pages/VT_Bootstrap/ACHPersonal/input_address2'

2023-09-20 11:58:26 - [MESSAGE][PASSED] - Text '22201' is set on object 'Object Repository/AdminSuiteBootstrap_Pages/VT_Bootstrap/ACHPersonal/input_zip'

2023-09-20 11:58:27 - [MESSAGE][PASSED] - Text '' is set on object 'Object Repository/AdminSuiteBootstrap_Pages/VT_Bootstrap/ACHPersonal/input_emailAddress'

2023-09-20 11:58:28 - [MESSAGE][PASSED] - Text '' is set on object 'Object Repository/AdminSuiteBootstrap_Pages/VT_Bootstrap/ACHPersonal/input_smsNumber'

2023-09-20 11:58:29 - [MESSAGE][PASSED] - Text '45671004' is set on object 'Object Repository/AdminSuiteBootstrap_Pages/VT_Bootstrap/ACHPersonal/input_accountNumber'

2023-09-20 11:58:29 - [MESSAGE][PASSED] - Text '256072691' is set on object 'Object Repository/AdminSuiteBootstrap_Pages/VT_Bootstrap/ACHPersonal/input_routingNumber'

2023-09-20 11:58:30 - [MESSAGE][PASSED] - All options with label 'Savings' are selected in object 'Object Repository/AdminSuiteBootstrap_Pages/VT_Bootstrap/ACHPersonal/select_AccountType'  using regular expression

2023-09-20 11:58:32 - [MESSAGE][PASSED] - All options with label 'TEL - Telephone-Initiated Entry' are selected in object 'Object Repository/AdminSuiteBootstrap_Pages/VT_Bootstrap/ACHPersonal/select_STD'  using regular expression

2023-09-20 11:58:32 - [MESSAGE][PASSED] - Text '11.5' is set on object 'Object Repository/AdminSuiteBootstrap_Pages/VT_Bootstrap/ACHPersonal/input_amount'

2023-09-20 11:58:34 - [MESSAGE][PASSED] - Text 'Denmark' is set on object 'Object Repository/AdminSuiteBootstrap_Pages/VT_Bootstrap/ACHPersonal/input_userDefined1'

2023-09-20 11:58:34 - [MESSAGE][PASSED] - Text 'Australia' is set on object 'Object Repository/AdminSuiteBootstrap_Pages/VT_Bootstrap/ACHPersonal/input_userDefined2'

2023-09-20 11:58:35 - [MESSAGE][PASSED] - Text 'Austria' is set on object 'Object Repository/AdminSuiteBootstrap_Pages/VT_Bootstrap/ACHPersonal/input_userDefined3'

2023-09-20 11:58:36 - [MESSAGE][PASSED] - Text 'Sweden' is set on object 'Object Repository/AdminSuiteBootstrap_Pages/VT_Bootstrap/ACHPersonal/input_userDefined4'

2023-09-20 11:58:37 - [MESSAGE][PASSED] - All options with label 'Yellow' are selected in object 'Object Repository/AdminSuiteBootstrap_Pages/VT_Bootstrap/ACHPersonal/select_UDF5'  using regular expression

2023-09-20 11:58:38 - [MESSAGE][PASSED] - All options with label 'Orange' are selected in object 'Object Repository/AdminSuiteBootstrap_Pages/VT_Bootstrap/ACHPersonal/select_UDF6'  using regular expression

2023-09-20 11:58:38 - [MESSAGE][PASSED] - Text 'Netherlands' is set on object 'Object Repository/AdminSuiteBootstrap_Pages/VT_Bootstrap/ACHPersonal/input_userDefined7'

2023-09-20 11:58:39 - [MESSAGE][PASSED] - Text 'Norway' is set on object 'Object Repository/AdminSuiteBootstrap_Pages/VT_Bootstrap/ACHPersonal/input_userDefined8'

2023-09-20 11:58:40 - [MESSAGE][PASSED] - Text 'France' is set on object 'Object Repository/AdminSuiteBootstrap_Pages/VT_Bootstrap/ACHPersonal/input_userDefined9'

2023-09-20 11:58:40 - [MESSAGE][PASSED] - Text 'Switzerland' is set on object 'Object Repository/AdminSuiteBootstrap_Pages/VT_Bootstrap/ACHPersonal/input_userDefined10'

2023-09-20 11:58:42 - [MESSAGE][PASSED] - Object: 'Object Repository/AdminSuiteBootstrap_Pages/VT_Bootstrap/ACHPersonal/button_Submit' is clicked on

2023-09-20 11:58:42 - [MESSAGE][PASSED] - adminSuiteBootstrap.debitPersonalsetData.debitPersonal_DataDriven is PASSED

2023-09-20 11:58:42 - [TEST_STEP][PASSED] - if (verifyTextPresent("Transaction Successful", true)): null

2023-09-20 11:58:42 - [MESSAGE][PASSED] - Text 'Transaction Successful' is present on page  using regular expression

2023-09-20 11:58:42 - [TEST_STEP][PASSED] - sdf = getText(findTestObject(path_Receipt + "td_AutoNoC031622113752957Ahm")): Text of object 'Object Repository/AdminSuiteBootstrap_Pages/VT_Bootstrap/Receipt/td_AutoNoC031622113752957Ahm' is: 'AutoDualCF092023115545Ahm'

2023-09-20 11:58:43 - [MESSAGE][PASSED] - Text of object 'Object Repository/AdminSuiteBootstrap_Pages/VT_Bootstrap/Receipt/td_AutoNoC031622113752957Ahm' is: 'AutoDualCF092023115545Ahm'

2023-09-20 11:58:43 - [TEST_STEP][PASSED] - out.println("sdf: " + sdf): null

2023-09-20 11:58:43 - [TEST_STEP][PASSED] - remID = sdf: null

2023-09-20 11:58:43 - [TEST_STEP][PASSED] - out.println("remID: " + remID): null

2023-09-20 11:58:43 - [TEST_STEP][PASSED] - click(findTestObject(path_Receipt + "button_Continue")): Object: 'Object Repository/AdminSuiteBootstrap_Pages/VT_Bootstrap/Receipt/button_Continue' is clicked on

2023-09-20 11:58:43 - [MESSAGE][PASSED] - Object: 'Object Repository/AdminSuiteBootstrap_Pages/VT_Bootstrap/Receipt/button_Continue' is clicked on

2023-09-20 11:58:43 - [TEST_STEP][PASSED] - click(findTestObject(path_VT + "a_Search Transactions")): Object: 'Object Repository/AdminSuiteBootstrap_Pages/VT_Bootstrap/IssueTransactions/a_Search Transactions' is clicked on

2023-09-20 11:58:45 - [MESSAGE][PASSED] - Object: 'Object Repository/AdminSuiteBootstrap_Pages/VT_Bootstrap/IssueTransactions/a_Search Transactions' is clicked on

2023-09-20 11:58:45 - [TEST_STEP][PASSED] - setText(findTestObject(path_CCSearch + "input_Search By_searchValue"), remID): Text 'AutoDualCF092023115545Ahm' is set on object 'Object Repository/AdminSuiteBootstrap_Pages/VT_Bootstrap/CCCreditOrVoidSearch/input_Search By_searchValue'

2023-09-20 11:58:46 - [MESSAGE][PASSED] - Text 'AutoDualCF092023115545Ahm' is set on object 'Object Repository/AdminSuiteBootstrap_Pages/VT_Bootstrap/CCCreditOrVoidSearch/input_Search By_searchValue'

2023-09-20 11:58:46 - [TEST_STEP][PASSED] - click(findTestObject(path_CCSearch + "button_Submit")): Object: 'Object Repository/AdminSuiteBootstrap_Pages/VT_Bootstrap/CCCreditOrVoidSearch/button_Submit' is clicked on

2023-09-20 11:58:46 - [MESSAGE][PASSED] - Object: 'Object Repository/AdminSuiteBootstrap_Pages/VT_Bootstrap/CCCreditOrVoidSearch/button_Submit' is clicked on

2023-09-20 11:58:46 - [TEST_STEP][PASSED] - click(findTestObject(path_SearchResults + "button_PaymentID")): Object: 'Object Repository/AdminSuiteBootstrap_Pages/VT_Bootstrap/SearchResults/button_PaymentID' is clicked on

2023-09-20 11:58:47 - [MESSAGE][PASSED] - Object: 'Object Repository/AdminSuiteBootstrap_Pages/VT_Bootstrap/SearchResults/button_PaymentID' is clicked on

2023-09-20 11:58:47 - [TEST_STEP][PASSED] - verifyTextPresent("Tender Type", true): Text 'Tender Type' is present on page  using regular expression

2023-09-20 11:58:48 - [MESSAGE][PASSED] - Text 'Tender Type' is present on page  using regular expression

2023-09-20 11:58:48 - [TEST_STEP][PASSED] - verifyTextPresent("Transaction Type", true): Text 'Transaction Type' is present on page  using regular expression

2023-09-20 11:58:48 - [MESSAGE][PASSED] - Text 'Transaction Type' is present on page  using regular expression

2023-09-20 11:58:48 - [TEST_STEP][PASSED] - verifyTextPresent("Transaction Posted by", true): Text 'Transaction Posted by' is present on page  using regular expression

2023-09-20 11:58:49 - [MESSAGE][PASSED] - Text 'Transaction Posted by' is present on page  using regular expression

2023-09-20 11:58:49 - [TEST_STEP][PASSED] - verifyTextPresent("iahmed", true): Text 'iahmed' is present on page  using regular expression

2023-09-20 11:58:49 - [MESSAGE][PASSED] - Text 'iahmed' is present on page  using regular expression

2023-09-20 11:58:49 - [TEST_STEP][PASSED] - verifyTextPresent("Debit", true): Text 'Debit' is present on page  using regular expression

2023-09-20 11:58:49 - [MESSAGE][PASSED] - Text 'Debit' is present on page  using regular expression

2023-09-20 11:58:49 - [TEST_STEP][PASSED] - click(findTestObject(path_TranxDetails + "a_Void this transaction")): Object: 'Object Repository/AdminSuiteBootstrap_Pages/VT_Bootstrap/TransactionDetails/a_Void this transaction' is clicked on

2023-09-20 11:58:50 - [MESSAGE][PASSED] - Object: 'Object Repository/AdminSuiteBootstrap_Pages/VT_Bootstrap/TransactionDetails/a_Void this transaction' is clicked on

2023-09-20 11:58:50 - [TEST_STEP][PASSED] - verifyTextPresent("The following transaction will be voided", true): Text 'The following transaction will be voided' is present on page  using regular expression

2023-09-20 11:58:51 - [MESSAGE][PASSED] - Text 'The following transaction will be voided' is present on page  using regular expression

2023-09-20 11:58:51 - [TEST_STEP][PASSED] - verifyTextPresent("Please press submit to continue", true): Text 'Please press submit to continue' is present on page  using regular expression

2023-09-20 11:58:51 - [MESSAGE][PASSED] - Text 'Please press submit to continue' is present on page  using regular expression

2023-09-20 11:58:51 - [TEST_STEP][PASSED] - click(findTestObject(path_TranxDetails + "button_Submit")): Object: 'Object Repository/AdminSuiteBootstrap_Pages/VT_Bootstrap/TransactionDetails/button_Submit' is clicked on

2023-09-20 11:58:52 - [MESSAGE][PASSED] - Object: 'Object Repository/AdminSuiteBootstrap_Pages/VT_Bootstrap/TransactionDetails/button_Submit' is clicked on

2023-09-20 11:58:52 - [TEST_STEP][PASSED] - verifyTextPresent("Transaction Successful", true): Text 'Transaction Successful' is present on page  using regular expression

2023-09-20 11:58:52 - [MESSAGE][PASSED] - Text 'Transaction Successful' is present on page  using regular expression

2023-09-20 11:58:52 - [TEST_STEP][PASSED] - verifyTextPresent("Transaction Type", true): Text 'Transaction Type' is present on page  using regular expression

2023-09-20 11:58:53 - [MESSAGE][PASSED] - Text 'Transaction Type' is present on page  using regular expression

2023-09-20 11:58:53 - [TEST_STEP][PASSED] - verifyTextPresent("Void", true): Text 'Void' is present on page  using regular expression

2023-09-20 11:58:53 - [MESSAGE][PASSED] - Text 'Void' is present on page  using regular expression

2023-09-20 11:58:53 - [TEST_STEP][PASSED] - closeBrowser(): Browser is closed

2023-09-20 11:58:54 - [MESSAGE][PASSED] - Browser is closed]]></system-out>
         <system-err><![CDATA[]]></system-err>
      </testcase>
      <testcase name="Test Cases/Admin Suite Bootstrap/VT_ACH_TestCases/DebitPersonalVoid_TP_NoCF_Generic_Payment_TC" time="192.236" classname="Test Cases/Admin Suite Bootstrap/VT_ACH_TestCases/DebitPersonalVoid_TP_NoCF_Generic_Payment_TC" status="PASSED">
         <system-out><![CDATA[2023-09-20 11:58:54 - [TEST_CASE][PASSED] - Test Cases/Admin Suite Bootstrap/VT_ACH_TestCases/DebitPersonalVoid_TP_NoCF_Generic_Payment_TC: Test Cases/Admin Suite Bootstrap/VT_ACH_TestCases/DebitPersonalVoid_TP_NoCF_Generic_Payment_TC

2023-09-20 11:58:54 - [TEST_STEP][PASSED] - path_Dashboard = "Object Repository/AdminSuiteBootstrap_Pages/Dashboard_Bootstrap/": null

2023-09-20 11:58:54 - [TEST_STEP][PASSED] - path_VT = "Object Repository/AdminSuiteBootstrap_Pages/VT_Bootstrap/IssueTransactions/": null

2023-09-20 11:58:54 - [TEST_STEP][PASSED] - path_Receipt = "Object Repository/AdminSuiteBootstrap_Pages/VT_Bootstrap/Receipt/": null

2023-09-20 11:58:54 - [TEST_STEP][PASSED] - path_CCSearch = "Object Repository/AdminSuiteBootstrap_Pages/VT_Bootstrap/CCCreditOrVoidSearch/": null

2023-09-20 11:58:54 - [TEST_STEP][PASSED] - path_SearchResults = "Object Repository/AdminSuiteBootstrap_Pages/VT_Bootstrap/SearchResults/": null

2023-09-20 11:58:54 - [TEST_STEP][PASSED] - path_TranxDetails = "Object Repository/AdminSuiteBootstrap_Pages/VT_Bootstrap/TransactionDetails/": null

2023-09-20 11:58:54 - [TEST_STEP][PASSED] - li_1 = vpos_Prefix: null

2023-09-20 11:58:54 - [TEST_STEP][PASSED] - li_2 = "/transactions/AuthCapForm/": null

2023-09-20 11:58:54 - [TEST_STEP][PASSED] - executionProfile = getExecutionProfile(): null

2023-09-20 11:58:54 - [TEST_STEP][PASSED] - out.println("executionProfile : " + executionProfile): null

2023-09-20 11:58:54 - [TEST_STEP][PASSED] - appName = <not implemented yet for class: org.codehaus.groovy.ast.expr.EmptyExpression>: null

2023-09-20 11:58:54 - [TEST_STEP][PASSED] - appID = <not implemented yet for class: org.codehaus.groovy.ast.expr.EmptyExpression>: null

2023-09-20 11:58:54 - [TEST_STEP][PASSED] - cardNameV = <not implemented yet for class: org.codehaus.groovy.ast.expr.EmptyExpression>: null

2023-09-20 11:58:54 - [TEST_STEP][PASSED] - al1V = <not implemented yet for class: org.codehaus.groovy.ast.expr.EmptyExpression>: null

2023-09-20 11:58:54 - [TEST_STEP][PASSED] - al2V = <not implemented yet for class: org.codehaus.groovy.ast.expr.EmptyExpression>: null

2023-09-20 11:58:54 - [TEST_STEP][PASSED] - zipV = <not implemented yet for class: org.codehaus.groovy.ast.expr.EmptyExpression>: null

2023-09-20 11:58:54 - [TEST_STEP][PASSED] - accType = <not implemented yet for class: org.codehaus.groovy.ast.expr.EmptyExpression>: null

2023-09-20 11:58:54 - [TEST_STEP][PASSED] - last4V = <not implemented yet for class: org.codehaus.groovy.ast.expr.EmptyExpression>: null

2023-09-20 11:58:54 - [TEST_STEP][PASSED] - resText = "Fail": null

2023-09-20 11:58:54 - [TEST_STEP][PASSED] - resColumn = "Result": null

2023-09-20 11:58:54 - [TEST_STEP][PASSED] - datCloumn = "Date": null

2023-09-20 11:58:54 - [TEST_STEP][PASSED] - fileLoc = "C:\KatalonData\Bootstrap\VT-ACH-Data.xlsx": null

2023-09-20 11:58:54 - [TEST_STEP][PASSED] - numOfRows = <not implemented yet for class: org.codehaus.groovy.ast.expr.EmptyExpression>: null

2023-09-20 11:58:54 - [TEST_STEP][PASSED] - dataFile = <not implemented yet for class: org.codehaus.groovy.ast.expr.EmptyExpression>: null

2023-09-20 11:58:54 - [TEST_STEP][PASSED] - nameSheet = <not implemented yet for class: org.codehaus.groovy.ast.expr.EmptyExpression>: null

2023-09-20 11:58:54 - [TEST_STEP][PASSED] - nameSheet = "VT-P-DebitVoid-NoCF-Generic": null

2023-09-20 11:58:54 - [TEST_STEP][PASSED] - numOfRows = findTestData("QA/Bootstrap/VT-ACH-TestData/VT-DebitVoidData-NoCF-Generic").getRowNumbers(): null

2023-09-20 11:58:55 - [TEST_STEP][PASSED] - println("Number of Records: " + numOfRows): null

2023-09-20 11:58:55 - [TEST_STEP][PASSED] - dataFile = "QA/Bootstrap/VT-ACH-TestData/VT-DebitVoidData-NoCF-Generic": null

2023-09-20 11:58:55 - [TEST_STEP][PASSED] - for ([row = 1, row <= numOfRows, (row++)]): Browser is closed

2023-09-20 11:58:55 - [TEST_STEP][PASSED] - ExecuteTC = findTestData(dataFile).getValue("Execute", row): null

2023-09-20 11:58:55 - [TEST_STEP][PASSED] - out.println("Value of Execute is : " + ExecuteTC): null

2023-09-20 11:58:55 - [TEST_STEP][PASSED] - switch (executionProfile): null

2023-09-20 11:58:55 - [TEST_STEP][PASSED] - case "QA2Profile":: null

2023-09-20 11:58:55 - [TEST_STEP][PASSED] - appName = findTestData(dataFile).getValue("AppNameQA", row): null

2023-09-20 11:58:55 - [TEST_STEP][PASSED] - appID = findTestData(dataFile).getValue("AppIDQA", row): null

2023-09-20 11:58:55 - [TEST_STEP][PASSED] - break: null

2023-09-20 11:58:55 - [TEST_STEP][PASSED] - hrefAppID = li_1 + appID + li_2: null

2023-09-20 11:58:55 - [TEST_STEP][PASSED] - hrefApp = li_1 + appID + "/": null

2023-09-20 11:58:55 - [TEST_STEP][PASSED] - println("hrefApp : " + hrefApp): null

2023-09-20 11:58:55 - [TEST_STEP][PASSED] - if (ExecuteTC.equalsIgnoreCase("Y")): Browser is closed

2023-09-20 11:58:55 - [TEST_STEP][PASSED] - out.println("Begin Record Number: " + row): null

2023-09-20 11:58:55 - [TEST_STEP][PASSED] - today = new java.util.Date(): null

2023-09-20 11:58:55 - [TEST_STEP][PASSED] - println(today): null

2023-09-20 11:58:55 - [TEST_STEP][PASSED] - datText = today: null

2023-09-20 11:58:55 - [TEST_STEP][PASSED] - adminSuiteBootstrap.loginFunctionality.login_AdminSuite(): adminSuiteBootstrap.loginFunctionality.login_AdminSuite is PASSED

2023-09-20 11:58:55 - [MESSAGE][INFO] - Starting 'Chrome' driver

2023-09-20 11:58:55 - [MESSAGE][INFO] - User set preference: ['acceptInsecureCerts', 'true']

2023-09-20 11:58:55 - [MESSAGE][INFO] - Action delay is set to 0 milliseconds

2023-09-20 11:58:58 - [MESSAGE][PASSED] - Browser is opened with url: 'https://qa2.velocitypayment.com/admin/imtiaz'

2023-09-20 11:58:58 - [MESSAGE][PASSED] - Current window maximized

2023-09-20 11:58:58 - [MESSAGE][PASSED] - Object 'Object Repository/Login_Page/Login_Username_Okta' is present

2023-09-20 11:58:59 - [MESSAGE][PASSED] - Text 'iahmed' is set on object 'Object Repository/Login_Page/Login_Username_Okta'

2023-09-20 11:59:00 - [MESSAGE][PASSED] - Text 'Hello1111111@' is set on object 'Object Repository/Login_Page/Login_Password_Okta'

2023-09-20 11:59:00 - [MESSAGE][PASSED] - Object: 'Object Repository/Login_Page/Login_Submit_Okta' is clicked on

2023-09-20 11:59:00 - [MESSAGE][PASSED] - adminSuiteBootstrap.loginFunctionality.login_AdminSuite is PASSED

2023-09-20 11:59:00 - [TEST_STEP][PASSED] - click(findTestObject(path_Dashboard + appName)): Object: 'Object Repository/AdminSuiteBootstrap_Pages/Dashboard_Bootstrap/a_Access AutoNoCFtp' is clicked on

2023-09-20 11:59:10 - [MESSAGE][PASSED] - Object: 'Object Repository/AdminSuiteBootstrap_Pages/Dashboard_Bootstrap/a_Access AutoNoCFtp' is clicked on

2023-09-20 11:59:10 - [TEST_STEP][PASSED] - click(findTestObject(path_VT + "button_Debit")): Object: 'Object Repository/AdminSuiteBootstrap_Pages/VT_Bootstrap/IssueTransactions/button_Debit' is clicked on

2023-09-20 11:59:11 - [MESSAGE][PASSED] - Object: 'Object Repository/AdminSuiteBootstrap_Pages/VT_Bootstrap/IssueTransactions/button_Debit' is clicked on

2023-09-20 11:59:11 - [TEST_STEP][PASSED] - click(findTestObject(path_VT + "a_Personal")): Object: 'Object Repository/AdminSuiteBootstrap_Pages/VT_Bootstrap/IssueTransactions/a_Personal' is clicked on

2023-09-20 11:59:12 - [MESSAGE][PASSED] - Object: 'Object Repository/AdminSuiteBootstrap_Pages/VT_Bootstrap/IssueTransactions/a_Personal' is clicked on

2023-09-20 11:59:12 - [TEST_STEP][PASSED] - adminSuiteBootstrap.debitPersonalsetData.debitPersonal_DataDriven(row, dataFile): adminSuiteBootstrap.debitPersonalsetData.debitPersonal_DataDriven is PASSED

2023-09-20 11:59:14 - [MESSAGE][PASSED] - Text 'John' is set on object 'Object Repository/AdminSuiteBootstrap_Pages/VT_Bootstrap/ACHPersonal/input_firstName'

2023-09-20 11:59:15 - [MESSAGE][PASSED] - Text 'Gordonas' is set on object 'Object Repository/AdminSuiteBootstrap_Pages/VT_Bootstrap/ACHPersonal/input_lastName'

2023-09-20 11:59:16 - [MESSAGE][PASSED] - Text '133 Meadow Ln' is set on object 'Object Repository/AdminSuiteBootstrap_Pages/VT_Bootstrap/ACHPersonal/input_address'

2023-09-20 11:59:16 - [MESSAGE][PASSED] - Text 'apt #123' is set on object 'Object Repository/AdminSuiteBootstrap_Pages/VT_Bootstrap/ACHPersonal/input_address2'

2023-09-20 11:59:17 - [MESSAGE][PASSED] - Text '22201' is set on object 'Object Repository/AdminSuiteBootstrap_Pages/VT_Bootstrap/ACHPersonal/input_zip'

2023-09-20 11:59:18 - [MESSAGE][PASSED] - Text '' is set on object 'Object Repository/AdminSuiteBootstrap_Pages/VT_Bootstrap/ACHPersonal/input_emailAddress'

2023-09-20 11:59:19 - [MESSAGE][PASSED] - Text '' is set on object 'Object Repository/AdminSuiteBootstrap_Pages/VT_Bootstrap/ACHPersonal/input_smsNumber'

2023-09-20 11:59:20 - [MESSAGE][PASSED] - Text '45681001' is set on object 'Object Repository/AdminSuiteBootstrap_Pages/VT_Bootstrap/ACHPersonal/input_accountNumber'

2023-09-20 11:59:21 - [MESSAGE][PASSED] - Text '256072691' is set on object 'Object Repository/AdminSuiteBootstrap_Pages/VT_Bootstrap/ACHPersonal/input_routingNumber'

2023-09-20 11:59:22 - [MESSAGE][PASSED] - All options with label 'Checking' are selected in object 'Object Repository/AdminSuiteBootstrap_Pages/VT_Bootstrap/ACHPersonal/select_AccountType'  using regular expression

2023-09-20 11:59:22 - [MESSAGE][PASSED] - All options with label 'PPD - Prearranged Payment and Deposit Entry' are selected in object 'Object Repository/AdminSuiteBootstrap_Pages/VT_Bootstrap/ACHPersonal/select_STD'  using regular expression

2023-09-20 11:59:23 - [MESSAGE][PASSED] - Text '11.5' is set on object 'Object Repository/AdminSuiteBootstrap_Pages/VT_Bootstrap/ACHPersonal/input_amount'

2023-09-20 11:59:24 - [MESSAGE][PASSED] - Text 'Denmark' is set on object 'Object Repository/AdminSuiteBootstrap_Pages/VT_Bootstrap/ACHPersonal/input_userDefined1'

2023-09-20 11:59:25 - [MESSAGE][PASSED] - Text 'Australia' is set on object 'Object Repository/AdminSuiteBootstrap_Pages/VT_Bootstrap/ACHPersonal/input_userDefined2'

2023-09-20 11:59:26 - [MESSAGE][PASSED] - Text 'Austria' is set on object 'Object Repository/AdminSuiteBootstrap_Pages/VT_Bootstrap/ACHPersonal/input_userDefined3'

2023-09-20 11:59:26 - [MESSAGE][PASSED] - Text 'Sweden' is set on object 'Object Repository/AdminSuiteBootstrap_Pages/VT_Bootstrap/ACHPersonal/input_userDefined4'

2023-09-20 11:59:27 - [MESSAGE][PASSED] - All options with label 'Yellow' are selected in object 'Object Repository/AdminSuiteBootstrap_Pages/VT_Bootstrap/ACHPersonal/select_UDF5'  using regular expression

2023-09-20 11:59:28 - [MESSAGE][PASSED] - All options with label 'Orange' are selected in object 'Object Repository/AdminSuiteBootstrap_Pages/VT_Bootstrap/ACHPersonal/select_UDF6'  using regular expression

2023-09-20 11:59:29 - [MESSAGE][PASSED] - Text 'Netherlands' is set on object 'Object Repository/AdminSuiteBootstrap_Pages/VT_Bootstrap/ACHPersonal/input_userDefined7'

2023-09-20 11:59:30 - [MESSAGE][PASSED] - Text 'Norway' is set on object 'Object Repository/AdminSuiteBootstrap_Pages/VT_Bootstrap/ACHPersonal/input_userDefined8'

2023-09-20 11:59:30 - [MESSAGE][PASSED] - Text 'France' is set on object 'Object Repository/AdminSuiteBootstrap_Pages/VT_Bootstrap/ACHPersonal/input_userDefined9'

2023-09-20 11:59:31 - [MESSAGE][PASSED] - Text 'Switzerland' is set on object 'Object Repository/AdminSuiteBootstrap_Pages/VT_Bootstrap/ACHPersonal/input_userDefined10'

2023-09-20 11:59:32 - [MESSAGE][PASSED] - Object: 'Object Repository/AdminSuiteBootstrap_Pages/VT_Bootstrap/ACHPersonal/button_Submit' is clicked on

2023-09-20 11:59:32 - [MESSAGE][PASSED] - adminSuiteBootstrap.debitPersonalsetData.debitPersonal_DataDriven is PASSED

2023-09-20 11:59:32 - [TEST_STEP][PASSED] - if (verifyTextPresent("Transaction Successful", true)): null

2023-09-20 11:59:33 - [MESSAGE][PASSED] - Text 'Transaction Successful' is present on page  using regular expression

2023-09-20 11:59:33 - [TEST_STEP][PASSED] - sdf = getText(findTestObject(path_Receipt + "td_AutoNoC031622113752957Ahm")): Text of object 'Object Repository/AdminSuiteBootstrap_Pages/VT_Bootstrap/Receipt/td_AutoNoC031622113752957Ahm' is: 'AutoNoCFtp092023115635Ahm'

2023-09-20 11:59:33 - [MESSAGE][PASSED] - Text of object 'Object Repository/AdminSuiteBootstrap_Pages/VT_Bootstrap/Receipt/td_AutoNoC031622113752957Ahm' is: 'AutoNoCFtp092023115635Ahm'

2023-09-20 11:59:33 - [TEST_STEP][PASSED] - out.println("sdf: " + sdf): null

2023-09-20 11:59:33 - [TEST_STEP][PASSED] - remID = sdf: null

2023-09-20 11:59:33 - [TEST_STEP][PASSED] - out.println("remID: " + remID): null

2023-09-20 11:59:33 - [TEST_STEP][PASSED] - click(findTestObject(path_Receipt + "button_Continue")): Object: 'Object Repository/AdminSuiteBootstrap_Pages/VT_Bootstrap/Receipt/button_Continue' is clicked on

2023-09-20 11:59:34 - [MESSAGE][PASSED] - Object: 'Object Repository/AdminSuiteBootstrap_Pages/VT_Bootstrap/Receipt/button_Continue' is clicked on

2023-09-20 11:59:34 - [TEST_STEP][PASSED] - click(findTestObject(path_VT + "a_Search Transactions")): Object: 'Object Repository/AdminSuiteBootstrap_Pages/VT_Bootstrap/IssueTransactions/a_Search Transactions' is clicked on

2023-09-20 11:59:35 - [MESSAGE][PASSED] - Object: 'Object Repository/AdminSuiteBootstrap_Pages/VT_Bootstrap/IssueTransactions/a_Search Transactions' is clicked on

2023-09-20 11:59:35 - [TEST_STEP][PASSED] - setText(findTestObject(path_CCSearch + "input_Search By_searchValue"), remID): Text 'AutoNoCFtp092023115635Ahm' is set on object 'Object Repository/AdminSuiteBootstrap_Pages/VT_Bootstrap/CCCreditOrVoidSearch/input_Search By_searchValue'

2023-09-20 11:59:36 - [MESSAGE][PASSED] - Text 'AutoNoCFtp092023115635Ahm' is set on object 'Object Repository/AdminSuiteBootstrap_Pages/VT_Bootstrap/CCCreditOrVoidSearch/input_Search By_searchValue'

2023-09-20 11:59:36 - [TEST_STEP][PASSED] - click(findTestObject(path_CCSearch + "button_Submit")): Object: 'Object Repository/AdminSuiteBootstrap_Pages/VT_Bootstrap/CCCreditOrVoidSearch/button_Submit' is clicked on

2023-09-20 11:59:36 - [MESSAGE][PASSED] - Object: 'Object Repository/AdminSuiteBootstrap_Pages/VT_Bootstrap/CCCreditOrVoidSearch/button_Submit' is clicked on

2023-09-20 11:59:36 - [TEST_STEP][PASSED] - click(findTestObject(path_SearchResults + "button_PaymentID")): Object: 'Object Repository/AdminSuiteBootstrap_Pages/VT_Bootstrap/SearchResults/button_PaymentID' is clicked on

2023-09-20 11:59:38 - [MESSAGE][PASSED] - Object: 'Object Repository/AdminSuiteBootstrap_Pages/VT_Bootstrap/SearchResults/button_PaymentID' is clicked on

2023-09-20 11:59:38 - [TEST_STEP][PASSED] - verifyTextPresent("Tender Type", true): Text 'Tender Type' is present on page  using regular expression

2023-09-20 11:59:38 - [MESSAGE][PASSED] - Text 'Tender Type' is present on page  using regular expression

2023-09-20 11:59:38 - [TEST_STEP][PASSED] - verifyTextPresent("Transaction Type", true): Text 'Transaction Type' is present on page  using regular expression

2023-09-20 11:59:39 - [MESSAGE][PASSED] - Text 'Transaction Type' is present on page  using regular expression

2023-09-20 11:59:39 - [TEST_STEP][PASSED] - verifyTextPresent("Transaction Posted by", true): Text 'Transaction Posted by' is present on page  using regular expression

2023-09-20 11:59:39 - [MESSAGE][PASSED] - Text 'Transaction Posted by' is present on page  using regular expression

2023-09-20 11:59:39 - [TEST_STEP][PASSED] - verifyTextPresent("iahmed", true): Text 'iahmed' is present on page  using regular expression

2023-09-20 11:59:39 - [MESSAGE][PASSED] - Text 'iahmed' is present on page  using regular expression

2023-09-20 11:59:39 - [TEST_STEP][PASSED] - verifyTextPresent("Debit", true): Text 'Debit' is present on page  using regular expression

2023-09-20 11:59:40 - [MESSAGE][PASSED] - Text 'Debit' is present on page  using regular expression

2023-09-20 11:59:40 - [TEST_STEP][PASSED] - click(findTestObject(path_TranxDetails + "a_Void this transaction")): Object: 'Object Repository/AdminSuiteBootstrap_Pages/VT_Bootstrap/TransactionDetails/a_Void this transaction' is clicked on

2023-09-20 11:59:40 - [MESSAGE][PASSED] - Object: 'Object Repository/AdminSuiteBootstrap_Pages/VT_Bootstrap/TransactionDetails/a_Void this transaction' is clicked on

2023-09-20 11:59:40 - [TEST_STEP][PASSED] - verifyTextPresent("The following transaction will be voided", true): Text 'The following transaction will be voided' is present on page  using regular expression

2023-09-20 11:59:41 - [MESSAGE][PASSED] - Text 'The following transaction will be voided' is present on page  using regular expression

2023-09-20 11:59:41 - [TEST_STEP][PASSED] - verifyTextPresent("Please press submit to continue", true): Text 'Please press submit to continue' is present on page  using regular expression

2023-09-20 11:59:41 - [MESSAGE][PASSED] - Text 'Please press submit to continue' is present on page  using regular expression

2023-09-20 11:59:41 - [TEST_STEP][PASSED] - click(findTestObject(path_TranxDetails + "button_Submit")): Object: 'Object Repository/AdminSuiteBootstrap_Pages/VT_Bootstrap/TransactionDetails/button_Submit' is clicked on

2023-09-20 11:59:42 - [MESSAGE][PASSED] - Object: 'Object Repository/AdminSuiteBootstrap_Pages/VT_Bootstrap/TransactionDetails/button_Submit' is clicked on

2023-09-20 11:59:42 - [TEST_STEP][PASSED] - verifyTextPresent("Transaction Successful", true): Text 'Transaction Successful' is present on page  using regular expression

2023-09-20 11:59:43 - [MESSAGE][PASSED] - Text 'Transaction Successful' is present on page  using regular expression

2023-09-20 11:59:43 - [TEST_STEP][PASSED] - verifyTextPresent("Transaction Type", true): Text 'Transaction Type' is present on page  using regular expression

2023-09-20 11:59:43 - [MESSAGE][PASSED] - Text 'Transaction Type' is present on page  using regular expression

2023-09-20 11:59:43 - [TEST_STEP][PASSED] - verifyTextPresent("Void", true): Text 'Void' is present on page  using regular expression

2023-09-20 11:59:43 - [MESSAGE][PASSED] - Text 'Void' is present on page  using regular expression

2023-09-20 11:59:43 - [TEST_STEP][PASSED] - closeBrowser(): Browser is closed

2023-09-20 11:59:44 - [MESSAGE][PASSED] - Browser is closed

2023-09-20 11:59:44 - [TEST_STEP][PASSED] - ExecuteTC = findTestData(dataFile).getValue("Execute", row): null

2023-09-20 11:59:44 - [TEST_STEP][PASSED] - out.println("Value of Execute is : " + ExecuteTC): null

2023-09-20 11:59:44 - [TEST_STEP][PASSED] - switch (executionProfile): null

2023-09-20 11:59:44 - [TEST_STEP][PASSED] - case "QA2Profile":: null

2023-09-20 11:59:44 - [TEST_STEP][PASSED] - appName = findTestData(dataFile).getValue("AppNameQA", row): null

2023-09-20 11:59:44 - [TEST_STEP][PASSED] - appID = findTestData(dataFile).getValue("AppIDQA", row): null

2023-09-20 11:59:44 - [TEST_STEP][PASSED] - break: null

2023-09-20 11:59:44 - [TEST_STEP][PASSED] - hrefAppID = li_1 + appID + li_2: null

2023-09-20 11:59:44 - [TEST_STEP][PASSED] - hrefApp = li_1 + appID + "/": null

2023-09-20 11:59:44 - [TEST_STEP][PASSED] - println("hrefApp : " + hrefApp): null

2023-09-20 11:59:44 - [TEST_STEP][PASSED] - if (ExecuteTC.equalsIgnoreCase("Y")): Browser is closed

2023-09-20 11:59:44 - [TEST_STEP][PASSED] - out.println("Begin Record Number: " + row): null

2023-09-20 11:59:44 - [TEST_STEP][PASSED] - today = new java.util.Date(): null

2023-09-20 11:59:44 - [TEST_STEP][PASSED] - println(today): null

2023-09-20 11:59:44 - [TEST_STEP][PASSED] - datText = today: null

2023-09-20 11:59:44 - [TEST_STEP][PASSED] - adminSuiteBootstrap.loginFunctionality.login_AdminSuite(): adminSuiteBootstrap.loginFunctionality.login_AdminSuite is PASSED

2023-09-20 11:59:44 - [MESSAGE][INFO] - Starting 'Chrome' driver

2023-09-20 11:59:44 - [MESSAGE][INFO] - User set preference: ['acceptInsecureCerts', 'true']

2023-09-20 11:59:44 - [MESSAGE][INFO] - Action delay is set to 0 milliseconds

2023-09-20 11:59:47 - [MESSAGE][PASSED] - Browser is opened with url: 'https://qa2.velocitypayment.com/admin/imtiaz'

2023-09-20 11:59:47 - [MESSAGE][PASSED] - Current window maximized

2023-09-20 11:59:48 - [MESSAGE][PASSED] - Object 'Object Repository/Login_Page/Login_Username_Okta' is present

2023-09-20 11:59:49 - [MESSAGE][PASSED] - Text 'iahmed' is set on object 'Object Repository/Login_Page/Login_Username_Okta'

2023-09-20 11:59:50 - [MESSAGE][PASSED] - Text 'Hello1111111@' is set on object 'Object Repository/Login_Page/Login_Password_Okta'

2023-09-20 11:59:50 - [MESSAGE][PASSED] - Object: 'Object Repository/Login_Page/Login_Submit_Okta' is clicked on

2023-09-20 11:59:50 - [MESSAGE][PASSED] - adminSuiteBootstrap.loginFunctionality.login_AdminSuite is PASSED

2023-09-20 11:59:50 - [TEST_STEP][PASSED] - click(findTestObject(path_Dashboard + appName)): Object: 'Object Repository/AdminSuiteBootstrap_Pages/Dashboard_Bootstrap/a_Access AutoNoCFtp' is clicked on

2023-09-20 11:59:57 - [MESSAGE][PASSED] - Object: 'Object Repository/AdminSuiteBootstrap_Pages/Dashboard_Bootstrap/a_Access AutoNoCFtp' is clicked on

2023-09-20 11:59:57 - [TEST_STEP][PASSED] - click(findTestObject(path_VT + "button_Debit")): Object: 'Object Repository/AdminSuiteBootstrap_Pages/VT_Bootstrap/IssueTransactions/button_Debit' is clicked on

2023-09-20 11:59:58 - [MESSAGE][PASSED] - Object: 'Object Repository/AdminSuiteBootstrap_Pages/VT_Bootstrap/IssueTransactions/button_Debit' is clicked on

2023-09-20 11:59:58 - [TEST_STEP][PASSED] - click(findTestObject(path_VT + "a_Personal")): Object: 'Object Repository/AdminSuiteBootstrap_Pages/VT_Bootstrap/IssueTransactions/a_Personal' is clicked on

2023-09-20 11:59:59 - [MESSAGE][PASSED] - Object: 'Object Repository/AdminSuiteBootstrap_Pages/VT_Bootstrap/IssueTransactions/a_Personal' is clicked on

2023-09-20 11:59:59 - [TEST_STEP][PASSED] - adminSuiteBootstrap.debitPersonalsetData.debitPersonal_DataDriven(row, dataFile): adminSuiteBootstrap.debitPersonalsetData.debitPersonal_DataDriven is PASSED

2023-09-20 12:00:01 - [MESSAGE][PASSED] - Text 'Veronika' is set on object 'Object Repository/AdminSuiteBootstrap_Pages/VT_Bootstrap/ACHPersonal/input_firstName'

2023-09-20 12:00:02 - [MESSAGE][PASSED] - Text 'Inouye' is set on object 'Object Repository/AdminSuiteBootstrap_Pages/VT_Bootstrap/ACHPersonal/input_lastName'

2023-09-20 12:00:02 - [MESSAGE][PASSED] - Text '6 Greenleaf Ave' is set on object 'Object Repository/AdminSuiteBootstrap_Pages/VT_Bootstrap/ACHPersonal/input_address'

2023-09-20 12:00:03 - [MESSAGE][PASSED] - Text 'apt #3' is set on object 'Object Repository/AdminSuiteBootstrap_Pages/VT_Bootstrap/ACHPersonal/input_address2'

2023-09-20 12:00:04 - [MESSAGE][PASSED] - Text '22201' is set on object 'Object Repository/AdminSuiteBootstrap_Pages/VT_Bootstrap/ACHPersonal/input_zip'

2023-09-20 12:00:05 - [MESSAGE][PASSED] - Text '' is set on object 'Object Repository/AdminSuiteBootstrap_Pages/VT_Bootstrap/ACHPersonal/input_emailAddress'

2023-09-20 12:00:06 - [MESSAGE][PASSED] - Text '' is set on object 'Object Repository/AdminSuiteBootstrap_Pages/VT_Bootstrap/ACHPersonal/input_smsNumber'

2023-09-20 12:00:07 - [MESSAGE][PASSED] - Text '45681002' is set on object 'Object Repository/AdminSuiteBootstrap_Pages/VT_Bootstrap/ACHPersonal/input_accountNumber'

2023-09-20 12:00:07 - [MESSAGE][PASSED] - Text '256072691' is set on object 'Object Repository/AdminSuiteBootstrap_Pages/VT_Bootstrap/ACHPersonal/input_routingNumber'

2023-09-20 12:00:08 - [MESSAGE][PASSED] - All options with label 'Checking' are selected in object 'Object Repository/AdminSuiteBootstrap_Pages/VT_Bootstrap/ACHPersonal/select_AccountType'  using regular expression

2023-09-20 12:00:09 - [MESSAGE][PASSED] - All options with label 'TEL - Telephone-Initiated Entry' are selected in object 'Object Repository/AdminSuiteBootstrap_Pages/VT_Bootstrap/ACHPersonal/select_STD'  using regular expression

2023-09-20 12:00:10 - [MESSAGE][PASSED] - Text '11.5' is set on object 'Object Repository/AdminSuiteBootstrap_Pages/VT_Bootstrap/ACHPersonal/input_amount'

2023-09-20 12:00:11 - [MESSAGE][PASSED] - Text 'Denmark' is set on object 'Object Repository/AdminSuiteBootstrap_Pages/VT_Bootstrap/ACHPersonal/input_userDefined1'

2023-09-20 12:00:12 - [MESSAGE][PASSED] - Text 'Australia' is set on object 'Object Repository/AdminSuiteBootstrap_Pages/VT_Bootstrap/ACHPersonal/input_userDefined2'

2023-09-20 12:00:12 - [MESSAGE][PASSED] - Text 'Austria' is set on object 'Object Repository/AdminSuiteBootstrap_Pages/VT_Bootstrap/ACHPersonal/input_userDefined3'

2023-09-20 12:00:13 - [MESSAGE][PASSED] - Text 'Sweden' is set on object 'Object Repository/AdminSuiteBootstrap_Pages/VT_Bootstrap/ACHPersonal/input_userDefined4'

2023-09-20 12:00:14 - [MESSAGE][PASSED] - All options with label 'Yellow' are selected in object 'Object Repository/AdminSuiteBootstrap_Pages/VT_Bootstrap/ACHPersonal/select_UDF5'  using regular expression

2023-09-20 12:00:15 - [MESSAGE][PASSED] - All options with label 'Orange' are selected in object 'Object Repository/AdminSuiteBootstrap_Pages/VT_Bootstrap/ACHPersonal/select_UDF6'  using regular expression

2023-09-20 12:00:16 - [MESSAGE][PASSED] - Text 'Netherlands' is set on object 'Object Repository/AdminSuiteBootstrap_Pages/VT_Bootstrap/ACHPersonal/input_userDefined7'

2023-09-20 12:00:16 - [MESSAGE][PASSED] - Text 'Norway' is set on object 'Object Repository/AdminSuiteBootstrap_Pages/VT_Bootstrap/ACHPersonal/input_userDefined8'

2023-09-20 12:00:17 - [MESSAGE][PASSED] - Text 'France' is set on object 'Object Repository/AdminSuiteBootstrap_Pages/VT_Bootstrap/ACHPersonal/input_userDefined9'

2023-09-20 12:00:18 - [MESSAGE][PASSED] - Text 'Switzerland' is set on object 'Object Repository/AdminSuiteBootstrap_Pages/VT_Bootstrap/ACHPersonal/input_userDefined10'

2023-09-20 12:00:19 - [MESSAGE][PASSED] - Object: 'Object Repository/AdminSuiteBootstrap_Pages/VT_Bootstrap/ACHPersonal/button_Submit' is clicked on

2023-09-20 12:00:19 - [MESSAGE][PASSED] - adminSuiteBootstrap.debitPersonalsetData.debitPersonal_DataDriven is PASSED

2023-09-20 12:00:19 - [TEST_STEP][PASSED] - if (verifyTextPresent("Transaction Successful", true)): null

2023-09-20 12:00:20 - [MESSAGE][PASSED] - Text 'Transaction Successful' is present on page  using regular expression

2023-09-20 12:00:20 - [TEST_STEP][PASSED] - sdf = getText(findTestObject(path_Receipt + "td_AutoNoC031622113752957Ahm")): Text of object 'Object Repository/AdminSuiteBootstrap_Pages/VT_Bootstrap/Receipt/td_AutoNoC031622113752957Ahm' is: 'AutoNoCFtp092023115722Ahm'

2023-09-20 12:00:20 - [MESSAGE][PASSED] - Text of object 'Object Repository/AdminSuiteBootstrap_Pages/VT_Bootstrap/Receipt/td_AutoNoC031622113752957Ahm' is: 'AutoNoCFtp092023115722Ahm'

2023-09-20 12:00:20 - [TEST_STEP][PASSED] - out.println("sdf: " + sdf): null

2023-09-20 12:00:20 - [TEST_STEP][PASSED] - remID = sdf: null

2023-09-20 12:00:20 - [TEST_STEP][PASSED] - out.println("remID: " + remID): null

2023-09-20 12:00:20 - [TEST_STEP][PASSED] - click(findTestObject(path_Receipt + "button_Continue")): Object: 'Object Repository/AdminSuiteBootstrap_Pages/VT_Bootstrap/Receipt/button_Continue' is clicked on

2023-09-20 12:00:21 - [MESSAGE][PASSED] - Object: 'Object Repository/AdminSuiteBootstrap_Pages/VT_Bootstrap/Receipt/button_Continue' is clicked on

2023-09-20 12:00:21 - [TEST_STEP][PASSED] - click(findTestObject(path_VT + "a_Search Transactions")): Object: 'Object Repository/AdminSuiteBootstrap_Pages/VT_Bootstrap/IssueTransactions/a_Search Transactions' is clicked on

2023-09-20 12:00:22 - [MESSAGE][PASSED] - Object: 'Object Repository/AdminSuiteBootstrap_Pages/VT_Bootstrap/IssueTransactions/a_Search Transactions' is clicked on

2023-09-20 12:00:22 - [TEST_STEP][PASSED] - setText(findTestObject(path_CCSearch + "input_Search By_searchValue"), remID): Text 'AutoNoCFtp092023115722Ahm' is set on object 'Object Repository/AdminSuiteBootstrap_Pages/VT_Bootstrap/CCCreditOrVoidSearch/input_Search By_searchValue'

2023-09-20 12:00:23 - [MESSAGE][PASSED] - Text 'AutoNoCFtp092023115722Ahm' is set on object 'Object Repository/AdminSuiteBootstrap_Pages/VT_Bootstrap/CCCreditOrVoidSearch/input_Search By_searchValue'

2023-09-20 12:00:23 - [TEST_STEP][PASSED] - click(findTestObject(path_CCSearch + "button_Submit")): Object: 'Object Repository/AdminSuiteBootstrap_Pages/VT_Bootstrap/CCCreditOrVoidSearch/button_Submit' is clicked on

2023-09-20 12:00:23 - [MESSAGE][PASSED] - Object: 'Object Repository/AdminSuiteBootstrap_Pages/VT_Bootstrap/CCCreditOrVoidSearch/button_Submit' is clicked on

2023-09-20 12:00:23 - [TEST_STEP][PASSED] - click(findTestObject(path_SearchResults + "button_PaymentID")): Object: 'Object Repository/AdminSuiteBootstrap_Pages/VT_Bootstrap/SearchResults/button_PaymentID' is clicked on

2023-09-20 12:00:24 - [MESSAGE][PASSED] - Object: 'Object Repository/AdminSuiteBootstrap_Pages/VT_Bootstrap/SearchResults/button_PaymentID' is clicked on

2023-09-20 12:00:24 - [TEST_STEP][PASSED] - verifyTextPresent("Tender Type", true): Text 'Tender Type' is present on page  using regular expression

2023-09-20 12:00:25 - [MESSAGE][PASSED] - Text 'Tender Type' is present on page  using regular expression

2023-09-20 12:00:25 - [TEST_STEP][PASSED] - verifyTextPresent("Transaction Type", true): Text 'Transaction Type' is present on page  using regular expression

2023-09-20 12:00:25 - [MESSAGE][PASSED] - Text 'Transaction Type' is present on page  using regular expression

2023-09-20 12:00:25 - [TEST_STEP][PASSED] - verifyTextPresent("Transaction Posted by", true): Text 'Transaction Posted by' is present on page  using regular expression

2023-09-20 12:00:26 - [MESSAGE][PASSED] - Text 'Transaction Posted by' is present on page  using regular expression

2023-09-20 12:00:26 - [TEST_STEP][PASSED] - verifyTextPresent("iahmed", true): Text 'iahmed' is present on page  using regular expression

2023-09-20 12:00:26 - [MESSAGE][PASSED] - Text 'iahmed' is present on page  using regular expression

2023-09-20 12:00:26 - [TEST_STEP][PASSED] - verifyTextPresent("Debit", true): Text 'Debit' is present on page  using regular expression

2023-09-20 12:00:26 - [MESSAGE][PASSED] - Text 'Debit' is present on page  using regular expression

2023-09-20 12:00:26 - [TEST_STEP][PASSED] - click(findTestObject(path_TranxDetails + "a_Void this transaction")): Object: 'Object Repository/AdminSuiteBootstrap_Pages/VT_Bootstrap/TransactionDetails/a_Void this transaction' is clicked on

2023-09-20 12:00:27 - [MESSAGE][PASSED] - Object: 'Object Repository/AdminSuiteBootstrap_Pages/VT_Bootstrap/TransactionDetails/a_Void this transaction' is clicked on

2023-09-20 12:00:27 - [TEST_STEP][PASSED] - verifyTextPresent("The following transaction will be voided", true): Text 'The following transaction will be voided' is present on page  using regular expression

2023-09-20 12:00:28 - [MESSAGE][PASSED] - Text 'The following transaction will be voided' is present on page  using regular expression

2023-09-20 12:00:28 - [TEST_STEP][PASSED] - verifyTextPresent("Please press submit to continue", true): Text 'Please press submit to continue' is present on page  using regular expression

2023-09-20 12:00:28 - [MESSAGE][PASSED] - Text 'Please press submit to continue' is present on page  using regular expression

2023-09-20 12:00:28 - [TEST_STEP][PASSED] - click(findTestObject(path_TranxDetails + "button_Submit")): Object: 'Object Repository/AdminSuiteBootstrap_Pages/VT_Bootstrap/TransactionDetails/button_Submit' is clicked on

2023-09-20 12:00:29 - [MESSAGE][PASSED] - Object: 'Object Repository/AdminSuiteBootstrap_Pages/VT_Bootstrap/TransactionDetails/button_Submit' is clicked on

2023-09-20 12:00:29 - [TEST_STEP][PASSED] - verifyTextPresent("Transaction Successful", true): Text 'Transaction Successful' is present on page  using regular expression

2023-09-20 12:00:30 - [MESSAGE][PASSED] - Text 'Transaction Successful' is present on page  using regular expression

2023-09-20 12:00:30 - [TEST_STEP][PASSED] - verifyTextPresent("Transaction Type", true): Text 'Transaction Type' is present on page  using regular expression

2023-09-20 12:00:30 - [MESSAGE][PASSED] - Text 'Transaction Type' is present on page  using regular expression

2023-09-20 12:00:30 - [TEST_STEP][PASSED] - verifyTextPresent("Void", true): Text 'Void' is present on page  using regular expression

2023-09-20 12:00:30 - [MESSAGE][PASSED] - Text 'Void' is present on page  using regular expression

2023-09-20 12:00:30 - [TEST_STEP][PASSED] - closeBrowser(): Browser is closed

2023-09-20 12:00:31 - [MESSAGE][PASSED] - Browser is closed

2023-09-20 12:00:31 - [TEST_STEP][PASSED] - ExecuteTC = findTestData(dataFile).getValue("Execute", row): null

2023-09-20 12:00:31 - [TEST_STEP][PASSED] - out.println("Value of Execute is : " + ExecuteTC): null

2023-09-20 12:00:31 - [TEST_STEP][PASSED] - switch (executionProfile): null

2023-09-20 12:00:31 - [TEST_STEP][PASSED] - case "QA2Profile":: null

2023-09-20 12:00:31 - [TEST_STEP][PASSED] - appName = findTestData(dataFile).getValue("AppNameQA", row): null

2023-09-20 12:00:31 - [TEST_STEP][PASSED] - appID = findTestData(dataFile).getValue("AppIDQA", row): null

2023-09-20 12:00:31 - [TEST_STEP][PASSED] - break: null

2023-09-20 12:00:31 - [TEST_STEP][PASSED] - hrefAppID = li_1 + appID + li_2: null

2023-09-20 12:00:31 - [TEST_STEP][PASSED] - hrefApp = li_1 + appID + "/": null

2023-09-20 12:00:31 - [TEST_STEP][PASSED] - println("hrefApp : " + hrefApp): null

2023-09-20 12:00:31 - [TEST_STEP][PASSED] - if (ExecuteTC.equalsIgnoreCase("Y")): Browser is closed

2023-09-20 12:00:31 - [TEST_STEP][PASSED] - out.println("Begin Record Number: " + row): null

2023-09-20 12:00:31 - [TEST_STEP][PASSED] - today = new java.util.Date(): null

2023-09-20 12:00:31 - [TEST_STEP][PASSED] - println(today): null

2023-09-20 12:00:31 - [TEST_STEP][PASSED] - datText = today: null

2023-09-20 12:00:31 - [TEST_STEP][PASSED] - adminSuiteBootstrap.loginFunctionality.login_AdminSuite(): adminSuiteBootstrap.loginFunctionality.login_AdminSuite is PASSED

2023-09-20 12:00:31 - [MESSAGE][INFO] - Starting 'Chrome' driver

2023-09-20 12:00:31 - [MESSAGE][INFO] - User set preference: ['acceptInsecureCerts', 'true']

2023-09-20 12:00:31 - [MESSAGE][INFO] - Action delay is set to 0 milliseconds

2023-09-20 12:00:34 - [MESSAGE][PASSED] - Browser is opened with url: 'https://qa2.velocitypayment.com/admin/imtiaz'

2023-09-20 12:00:34 - [MESSAGE][PASSED] - Current window maximized

2023-09-20 12:00:35 - [MESSAGE][PASSED] - Object 'Object Repository/Login_Page/Login_Username_Okta' is present

2023-09-20 12:00:36 - [MESSAGE][PASSED] - Text 'iahmed' is set on object 'Object Repository/Login_Page/Login_Username_Okta'

2023-09-20 12:00:37 - [MESSAGE][PASSED] - Text 'Hello1111111@' is set on object 'Object Repository/Login_Page/Login_Password_Okta'

2023-09-20 12:00:37 - [MESSAGE][PASSED] - Object: 'Object Repository/Login_Page/Login_Submit_Okta' is clicked on

2023-09-20 12:00:37 - [MESSAGE][PASSED] - adminSuiteBootstrap.loginFunctionality.login_AdminSuite is PASSED

2023-09-20 12:00:37 - [TEST_STEP][PASSED] - click(findTestObject(path_Dashboard + appName)): Object: 'Object Repository/AdminSuiteBootstrap_Pages/Dashboard_Bootstrap/a_Access AutoNoCFtp' is clicked on

2023-09-20 12:00:46 - [MESSAGE][PASSED] - Object: 'Object Repository/AdminSuiteBootstrap_Pages/Dashboard_Bootstrap/a_Access AutoNoCFtp' is clicked on

2023-09-20 12:00:46 - [TEST_STEP][PASSED] - click(findTestObject(path_VT + "button_Debit")): Object: 'Object Repository/AdminSuiteBootstrap_Pages/VT_Bootstrap/IssueTransactions/button_Debit' is clicked on

2023-09-20 12:00:46 - [MESSAGE][PASSED] - Object: 'Object Repository/AdminSuiteBootstrap_Pages/VT_Bootstrap/IssueTransactions/button_Debit' is clicked on

2023-09-20 12:00:46 - [TEST_STEP][PASSED] - click(findTestObject(path_VT + "a_Personal")): Object: 'Object Repository/AdminSuiteBootstrap_Pages/VT_Bootstrap/IssueTransactions/a_Personal' is clicked on

2023-09-20 12:00:47 - [MESSAGE][PASSED] - Object: 'Object Repository/AdminSuiteBootstrap_Pages/VT_Bootstrap/IssueTransactions/a_Personal' is clicked on

2023-09-20 12:00:47 - [TEST_STEP][PASSED] - adminSuiteBootstrap.debitPersonalsetData.debitPersonal_DataDriven(row, dataFile): adminSuiteBootstrap.debitPersonalsetData.debitPersonal_DataDriven is PASSED

2023-09-20 12:00:49 - [MESSAGE][PASSED] - Text 'Bette' is set on object 'Object Repository/AdminSuiteBootstrap_Pages/VT_Bootstrap/ACHPersonal/input_firstName'

2023-09-20 12:00:50 - [MESSAGE][PASSED] - Text 'Nicka' is set on object 'Object Repository/AdminSuiteBootstrap_Pages/VT_Bootstrap/ACHPersonal/input_lastName'

2023-09-20 12:00:51 - [MESSAGE][PASSED] - Text '6 S 33rd St' is set on object 'Object Repository/AdminSuiteBootstrap_Pages/VT_Bootstrap/ACHPersonal/input_address'

2023-09-20 12:00:51 - [MESSAGE][PASSED] - Text 'apt #2' is set on object 'Object Repository/AdminSuiteBootstrap_Pages/VT_Bootstrap/ACHPersonal/input_address2'

2023-09-20 12:00:52 - [MESSAGE][PASSED] - Text '22201' is set on object 'Object Repository/AdminSuiteBootstrap_Pages/VT_Bootstrap/ACHPersonal/input_zip'

2023-09-20 12:00:53 - [MESSAGE][PASSED] - Text '' is set on object 'Object Repository/AdminSuiteBootstrap_Pages/VT_Bootstrap/ACHPersonal/input_emailAddress'

2023-09-20 12:00:54 - [MESSAGE][PASSED] - Text '' is set on object 'Object Repository/AdminSuiteBootstrap_Pages/VT_Bootstrap/ACHPersonal/input_smsNumber'

2023-09-20 12:00:55 - [MESSAGE][PASSED] - Text '45681003' is set on object 'Object Repository/AdminSuiteBootstrap_Pages/VT_Bootstrap/ACHPersonal/input_accountNumber'

2023-09-20 12:00:56 - [MESSAGE][PASSED] - Text '256072691' is set on object 'Object Repository/AdminSuiteBootstrap_Pages/VT_Bootstrap/ACHPersonal/input_routingNumber'

2023-09-20 12:00:57 - [MESSAGE][PASSED] - All options with label 'Savings' are selected in object 'Object Repository/AdminSuiteBootstrap_Pages/VT_Bootstrap/ACHPersonal/select_AccountType'  using regular expression

2023-09-20 12:00:58 - [MESSAGE][PASSED] - All options with label 'PPD - Prearranged Payment and Deposit Entry' are selected in object 'Object Repository/AdminSuiteBootstrap_Pages/VT_Bootstrap/ACHPersonal/select_STD'  using regular expression

2023-09-20 12:00:59 - [MESSAGE][PASSED] - Text '11.5' is set on object 'Object Repository/AdminSuiteBootstrap_Pages/VT_Bootstrap/ACHPersonal/input_amount'

2023-09-20 12:00:59 - [MESSAGE][PASSED] - Text 'Denmark' is set on object 'Object Repository/AdminSuiteBootstrap_Pages/VT_Bootstrap/ACHPersonal/input_userDefined1'

2023-09-20 12:01:00 - [MESSAGE][PASSED] - Text 'Australia' is set on object 'Object Repository/AdminSuiteBootstrap_Pages/VT_Bootstrap/ACHPersonal/input_userDefined2'

2023-09-20 12:01:01 - [MESSAGE][PASSED] - Text 'Austria' is set on object 'Object Repository/AdminSuiteBootstrap_Pages/VT_Bootstrap/ACHPersonal/input_userDefined3'

2023-09-20 12:01:01 - [MESSAGE][PASSED] - Text 'Sweden' is set on object 'Object Repository/AdminSuiteBootstrap_Pages/VT_Bootstrap/ACHPersonal/input_userDefined4'

2023-09-20 12:01:02 - [MESSAGE][PASSED] - All options with label 'Yellow' are selected in object 'Object Repository/AdminSuiteBootstrap_Pages/VT_Bootstrap/ACHPersonal/select_UDF5'  using regular expression

2023-09-20 12:01:03 - [MESSAGE][PASSED] - All options with label 'Orange' are selected in object 'Object Repository/AdminSuiteBootstrap_Pages/VT_Bootstrap/ACHPersonal/select_UDF6'  using regular expression

2023-09-20 12:01:04 - [MESSAGE][PASSED] - Text 'Netherlands' is set on object 'Object Repository/AdminSuiteBootstrap_Pages/VT_Bootstrap/ACHPersonal/input_userDefined7'

2023-09-20 12:01:05 - [MESSAGE][PASSED] - Text 'Norway' is set on object 'Object Repository/AdminSuiteBootstrap_Pages/VT_Bootstrap/ACHPersonal/input_userDefined8'

2023-09-20 12:01:05 - [MESSAGE][PASSED] - Text 'France' is set on object 'Object Repository/AdminSuiteBootstrap_Pages/VT_Bootstrap/ACHPersonal/input_userDefined9'

2023-09-20 12:01:06 - [MESSAGE][PASSED] - Text 'Switzerland' is set on object 'Object Repository/AdminSuiteBootstrap_Pages/VT_Bootstrap/ACHPersonal/input_userDefined10'

2023-09-20 12:01:07 - [MESSAGE][PASSED] - Object: 'Object Repository/AdminSuiteBootstrap_Pages/VT_Bootstrap/ACHPersonal/button_Submit' is clicked on

2023-09-20 12:01:07 - [MESSAGE][PASSED] - adminSuiteBootstrap.debitPersonalsetData.debitPersonal_DataDriven is PASSED

2023-09-20 12:01:07 - [TEST_STEP][PASSED] - if (verifyTextPresent("Transaction Successful", true)): null

2023-09-20 12:01:08 - [MESSAGE][PASSED] - Text 'Transaction Successful' is present on page  using regular expression

2023-09-20 12:01:08 - [TEST_STEP][PASSED] - sdf = getText(findTestObject(path_Receipt + "td_AutoNoC031622113752957Ahm")): Text of object 'Object Repository/AdminSuiteBootstrap_Pages/VT_Bootstrap/Receipt/td_AutoNoC031622113752957Ahm' is: 'AutoNoCFtp092023115811Ahm'

2023-09-20 12:01:08 - [MESSAGE][PASSED] - Text of object 'Object Repository/AdminSuiteBootstrap_Pages/VT_Bootstrap/Receipt/td_AutoNoC031622113752957Ahm' is: 'AutoNoCFtp092023115811Ahm'

2023-09-20 12:01:08 - [TEST_STEP][PASSED] - out.println("sdf: " + sdf): null

2023-09-20 12:01:08 - [TEST_STEP][PASSED] - remID = sdf: null

2023-09-20 12:01:08 - [TEST_STEP][PASSED] - out.println("remID: " + remID): null

2023-09-20 12:01:08 - [TEST_STEP][PASSED] - click(findTestObject(path_Receipt + "button_Continue")): Object: 'Object Repository/AdminSuiteBootstrap_Pages/VT_Bootstrap/Receipt/button_Continue' is clicked on

2023-09-20 12:01:09 - [MESSAGE][PASSED] - Object: 'Object Repository/AdminSuiteBootstrap_Pages/VT_Bootstrap/Receipt/button_Continue' is clicked on

2023-09-20 12:01:09 - [TEST_STEP][PASSED] - click(findTestObject(path_VT + "a_Search Transactions")): Object: 'Object Repository/AdminSuiteBootstrap_Pages/VT_Bootstrap/IssueTransactions/a_Search Transactions' is clicked on

2023-09-20 12:01:10 - [MESSAGE][PASSED] - Object: 'Object Repository/AdminSuiteBootstrap_Pages/VT_Bootstrap/IssueTransactions/a_Search Transactions' is clicked on

2023-09-20 12:01:10 - [TEST_STEP][PASSED] - setText(findTestObject(path_CCSearch + "input_Search By_searchValue"), remID): Text 'AutoNoCFtp092023115811Ahm' is set on object 'Object Repository/AdminSuiteBootstrap_Pages/VT_Bootstrap/CCCreditOrVoidSearch/input_Search By_searchValue'

2023-09-20 12:01:11 - [MESSAGE][PASSED] - Text 'AutoNoCFtp092023115811Ahm' is set on object 'Object Repository/AdminSuiteBootstrap_Pages/VT_Bootstrap/CCCreditOrVoidSearch/input_Search By_searchValue'

2023-09-20 12:01:11 - [TEST_STEP][PASSED] - click(findTestObject(path_CCSearch + "button_Submit")): Object: 'Object Repository/AdminSuiteBootstrap_Pages/VT_Bootstrap/CCCreditOrVoidSearch/button_Submit' is clicked on

2023-09-20 12:01:11 - [MESSAGE][PASSED] - Object: 'Object Repository/AdminSuiteBootstrap_Pages/VT_Bootstrap/CCCreditOrVoidSearch/button_Submit' is clicked on

2023-09-20 12:01:11 - [TEST_STEP][PASSED] - click(findTestObject(path_SearchResults + "button_PaymentID")): Object: 'Object Repository/AdminSuiteBootstrap_Pages/VT_Bootstrap/SearchResults/button_PaymentID' is clicked on

2023-09-20 12:01:12 - [MESSAGE][PASSED] - Object: 'Object Repository/AdminSuiteBootstrap_Pages/VT_Bootstrap/SearchResults/button_PaymentID' is clicked on

2023-09-20 12:01:12 - [TEST_STEP][PASSED] - verifyTextPresent("Tender Type", true): Text 'Tender Type' is present on page  using regular expression

2023-09-20 12:01:13 - [MESSAGE][PASSED] - Text 'Tender Type' is present on page  using regular expression

2023-09-20 12:01:13 - [TEST_STEP][PASSED] - verifyTextPresent("Transaction Type", true): Text 'Transaction Type' is present on page  using regular expression

2023-09-20 12:01:13 - [MESSAGE][PASSED] - Text 'Transaction Type' is present on page  using regular expression

2023-09-20 12:01:13 - [TEST_STEP][PASSED] - verifyTextPresent("Transaction Posted by", true): Text 'Transaction Posted by' is present on page  using regular expression

2023-09-20 12:01:14 - [MESSAGE][PASSED] - Text 'Transaction Posted by' is present on page  using regular expression

2023-09-20 12:01:14 - [TEST_STEP][PASSED] - verifyTextPresent("iahmed", true): Text 'iahmed' is present on page  using regular expression

2023-09-20 12:01:14 - [MESSAGE][PASSED] - Text 'iahmed' is present on page  using regular expression

2023-09-20 12:01:14 - [TEST_STEP][PASSED] - verifyTextPresent("Debit", true): Text 'Debit' is present on page  using regular expression

2023-09-20 12:01:14 - [MESSAGE][PASSED] - Text 'Debit' is present on page  using regular expression

2023-09-20 12:01:14 - [TEST_STEP][PASSED] - click(findTestObject(path_TranxDetails + "a_Void this transaction")): Object: 'Object Repository/AdminSuiteBootstrap_Pages/VT_Bootstrap/TransactionDetails/a_Void this transaction' is clicked on

2023-09-20 12:01:15 - [MESSAGE][PASSED] - Object: 'Object Repository/AdminSuiteBootstrap_Pages/VT_Bootstrap/TransactionDetails/a_Void this transaction' is clicked on

2023-09-20 12:01:15 - [TEST_STEP][PASSED] - verifyTextPresent("The following transaction will be voided", true): Text 'The following transaction will be voided' is present on page  using regular expression

2023-09-20 12:01:16 - [MESSAGE][PASSED] - Text 'The following transaction will be voided' is present on page  using regular expression

2023-09-20 12:01:16 - [TEST_STEP][PASSED] - verifyTextPresent("Please press submit to continue", true): Text 'Please press submit to continue' is present on page  using regular expression

2023-09-20 12:01:16 - [MESSAGE][PASSED] - Text 'Please press submit to continue' is present on page  using regular expression

2023-09-20 12:01:16 - [TEST_STEP][PASSED] - click(findTestObject(path_TranxDetails + "button_Submit")): Object: 'Object Repository/AdminSuiteBootstrap_Pages/VT_Bootstrap/TransactionDetails/button_Submit' is clicked on

2023-09-20 12:01:17 - [MESSAGE][PASSED] - Object: 'Object Repository/AdminSuiteBootstrap_Pages/VT_Bootstrap/TransactionDetails/button_Submit' is clicked on

2023-09-20 12:01:17 - [TEST_STEP][PASSED] - verifyTextPresent("Transaction Successful", true): Text 'Transaction Successful' is present on page  using regular expression

2023-09-20 12:01:17 - [MESSAGE][PASSED] - Text 'Transaction Successful' is present on page  using regular expression

2023-09-20 12:01:17 - [TEST_STEP][PASSED] - verifyTextPresent("Transaction Type", true): Text 'Transaction Type' is present on page  using regular expression

2023-09-20 12:01:18 - [MESSAGE][PASSED] - Text 'Transaction Type' is present on page  using regular expression

2023-09-20 12:01:18 - [TEST_STEP][PASSED] - verifyTextPresent("Void", true): Text 'Void' is present on page  using regular expression

2023-09-20 12:01:18 - [MESSAGE][PASSED] - Text 'Void' is present on page  using regular expression

2023-09-20 12:01:18 - [TEST_STEP][PASSED] - closeBrowser(): Browser is closed

2023-09-20 12:01:19 - [MESSAGE][PASSED] - Browser is closed

2023-09-20 12:01:19 - [TEST_STEP][PASSED] - ExecuteTC = findTestData(dataFile).getValue("Execute", row): null

2023-09-20 12:01:19 - [TEST_STEP][PASSED] - out.println("Value of Execute is : " + ExecuteTC): null

2023-09-20 12:01:19 - [TEST_STEP][PASSED] - switch (executionProfile): null

2023-09-20 12:01:19 - [TEST_STEP][PASSED] - case "QA2Profile":: null

2023-09-20 12:01:19 - [TEST_STEP][PASSED] - appName = findTestData(dataFile).getValue("AppNameQA", row): null

2023-09-20 12:01:19 - [TEST_STEP][PASSED] - appID = findTestData(dataFile).getValue("AppIDQA", row): null

2023-09-20 12:01:19 - [TEST_STEP][PASSED] - break: null

2023-09-20 12:01:19 - [TEST_STEP][PASSED] - hrefAppID = li_1 + appID + li_2: null

2023-09-20 12:01:19 - [TEST_STEP][PASSED] - hrefApp = li_1 + appID + "/": null

2023-09-20 12:01:19 - [TEST_STEP][PASSED] - println("hrefApp : " + hrefApp): null

2023-09-20 12:01:19 - [TEST_STEP][PASSED] - if (ExecuteTC.equalsIgnoreCase("Y")): Browser is closed

2023-09-20 12:01:19 - [TEST_STEP][PASSED] - out.println("Begin Record Number: " + row): null

2023-09-20 12:01:19 - [TEST_STEP][PASSED] - today = new java.util.Date(): null

2023-09-20 12:01:19 - [TEST_STEP][PASSED] - println(today): null

2023-09-20 12:01:19 - [TEST_STEP][PASSED] - datText = today: null

2023-09-20 12:01:19 - [TEST_STEP][PASSED] - adminSuiteBootstrap.loginFunctionality.login_AdminSuite(): adminSuiteBootstrap.loginFunctionality.login_AdminSuite is PASSED

2023-09-20 12:01:19 - [MESSAGE][INFO] - Starting 'Chrome' driver

2023-09-20 12:01:19 - [MESSAGE][INFO] - User set preference: ['acceptInsecureCerts', 'true']

2023-09-20 12:01:19 - [MESSAGE][INFO] - Action delay is set to 0 milliseconds

2023-09-20 12:01:22 - [MESSAGE][PASSED] - Browser is opened with url: 'https://qa2.velocitypayment.com/admin/imtiaz'

2023-09-20 12:01:22 - [MESSAGE][PASSED] - Current window maximized

2023-09-20 12:01:23 - [MESSAGE][PASSED] - Object 'Object Repository/Login_Page/Login_Username_Okta' is present

2023-09-20 12:01:23 - [MESSAGE][PASSED] - Text 'iahmed' is set on object 'Object Repository/Login_Page/Login_Username_Okta'

2023-09-20 12:01:24 - [MESSAGE][PASSED] - Text 'Hello1111111@' is set on object 'Object Repository/Login_Page/Login_Password_Okta'

2023-09-20 12:01:25 - [MESSAGE][PASSED] - Object: 'Object Repository/Login_Page/Login_Submit_Okta' is clicked on

2023-09-20 12:01:25 - [MESSAGE][PASSED] - adminSuiteBootstrap.loginFunctionality.login_AdminSuite is PASSED

2023-09-20 12:01:25 - [TEST_STEP][PASSED] - click(findTestObject(path_Dashboard + appName)): Object: 'Object Repository/AdminSuiteBootstrap_Pages/Dashboard_Bootstrap/a_Access AutoNoCFtp' is clicked on

2023-09-20 12:01:32 - [MESSAGE][PASSED] - Object: 'Object Repository/AdminSuiteBootstrap_Pages/Dashboard_Bootstrap/a_Access AutoNoCFtp' is clicked on

2023-09-20 12:01:32 - [TEST_STEP][PASSED] - click(findTestObject(path_VT + "button_Debit")): Object: 'Object Repository/AdminSuiteBootstrap_Pages/VT_Bootstrap/IssueTransactions/button_Debit' is clicked on

2023-09-20 12:01:33 - [MESSAGE][PASSED] - Object: 'Object Repository/AdminSuiteBootstrap_Pages/VT_Bootstrap/IssueTransactions/button_Debit' is clicked on

2023-09-20 12:01:33 - [TEST_STEP][PASSED] - click(findTestObject(path_VT + "a_Personal")): Object: 'Object Repository/AdminSuiteBootstrap_Pages/VT_Bootstrap/IssueTransactions/a_Personal' is clicked on

2023-09-20 12:01:34 - [MESSAGE][PASSED] - Object: 'Object Repository/AdminSuiteBootstrap_Pages/VT_Bootstrap/IssueTransactions/a_Personal' is clicked on

2023-09-20 12:01:34 - [TEST_STEP][PASSED] - adminSuiteBootstrap.debitPersonalsetData.debitPersonal_DataDriven(row, dataFile): adminSuiteBootstrap.debitPersonalsetData.debitPersonal_DataDriven is PASSED

2023-09-20 12:01:36 - [MESSAGE][PASSED] - Text 'Alisha' is set on object 'Object Repository/AdminSuiteBootstrap_Pages/VT_Bootstrap/ACHPersonal/input_firstName'

2023-09-20 12:01:37 - [MESSAGE][PASSED] - Text 'Slusarski' is set on object 'Object Repository/AdminSuiteBootstrap_Pages/VT_Bootstrap/ACHPersonal/input_lastName'

2023-09-20 12:01:37 - [MESSAGE][PASSED] - Text '3273 State St' is set on object 'Object Repository/AdminSuiteBootstrap_Pages/VT_Bootstrap/ACHPersonal/input_address'

2023-09-20 12:01:38 - [MESSAGE][PASSED] - Text 'apt #4' is set on object 'Object Repository/AdminSuiteBootstrap_Pages/VT_Bootstrap/ACHPersonal/input_address2'

2023-09-20 12:01:39 - [MESSAGE][PASSED] - Text '22201' is set on object 'Object Repository/AdminSuiteBootstrap_Pages/VT_Bootstrap/ACHPersonal/input_zip'

2023-09-20 12:01:40 - [MESSAGE][PASSED] - Text '' is set on object 'Object Repository/AdminSuiteBootstrap_Pages/VT_Bootstrap/ACHPersonal/input_emailAddress'

2023-09-20 12:01:41 - [MESSAGE][PASSED] - Text '' is set on object 'Object Repository/AdminSuiteBootstrap_Pages/VT_Bootstrap/ACHPersonal/input_smsNumber'

2023-09-20 12:01:42 - [MESSAGE][PASSED] - Text '45681004' is set on object 'Object Repository/AdminSuiteBootstrap_Pages/VT_Bootstrap/ACHPersonal/input_accountNumber'

2023-09-20 12:01:42 - [MESSAGE][PASSED] - Text '256072691' is set on object 'Object Repository/AdminSuiteBootstrap_Pages/VT_Bootstrap/ACHPersonal/input_routingNumber'

2023-09-20 12:01:43 - [MESSAGE][PASSED] - All options with label 'Savings' are selected in object 'Object Repository/AdminSuiteBootstrap_Pages/VT_Bootstrap/ACHPersonal/select_AccountType'  using regular expression

2023-09-20 12:01:44 - [MESSAGE][PASSED] - All options with label 'TEL - Telephone-Initiated Entry' are selected in object 'Object Repository/AdminSuiteBootstrap_Pages/VT_Bootstrap/ACHPersonal/select_STD'  using regular expression

2023-09-20 12:01:45 - [MESSAGE][PASSED] - Text '11.5' is set on object 'Object Repository/AdminSuiteBootstrap_Pages/VT_Bootstrap/ACHPersonal/input_amount'

2023-09-20 12:01:46 - [MESSAGE][PASSED] - Text 'Denmark' is set on object 'Object Repository/AdminSuiteBootstrap_Pages/VT_Bootstrap/ACHPersonal/input_userDefined1'

2023-09-20 12:01:47 - [MESSAGE][PASSED] - Text 'Australia' is set on object 'Object Repository/AdminSuiteBootstrap_Pages/VT_Bootstrap/ACHPersonal/input_userDefined2'

2023-09-20 12:01:47 - [MESSAGE][PASSED] - Text 'Austria' is set on object 'Object Repository/AdminSuiteBootstrap_Pages/VT_Bootstrap/ACHPersonal/input_userDefined3'

2023-09-20 12:01:48 - [MESSAGE][PASSED] - Text 'Sweden' is set on object 'Object Repository/AdminSuiteBootstrap_Pages/VT_Bootstrap/ACHPersonal/input_userDefined4'

2023-09-20 12:01:49 - [MESSAGE][PASSED] - All options with label 'Yellow' are selected in object 'Object Repository/AdminSuiteBootstrap_Pages/VT_Bootstrap/ACHPersonal/select_UDF5'  using regular expression

2023-09-20 12:01:50 - [MESSAGE][PASSED] - All options with label 'Orange' are selected in object 'Object Repository/AdminSuiteBootstrap_Pages/VT_Bootstrap/ACHPersonal/select_UDF6'  using regular expression

2023-09-20 12:01:51 - [MESSAGE][PASSED] - Text 'Netherlands' is set on object 'Object Repository/AdminSuiteBootstrap_Pages/VT_Bootstrap/ACHPersonal/input_userDefined7'

2023-09-20 12:01:51 - [MESSAGE][PASSED] - Text 'Norway' is set on object 'Object Repository/AdminSuiteBootstrap_Pages/VT_Bootstrap/ACHPersonal/input_userDefined8'

2023-09-20 12:01:52 - [MESSAGE][PASSED] - Text 'France' is set on object 'Object Repository/AdminSuiteBootstrap_Pages/VT_Bootstrap/ACHPersonal/input_userDefined9'

2023-09-20 12:01:53 - [MESSAGE][PASSED] - Text 'Switzerland' is set on object 'Object Repository/AdminSuiteBootstrap_Pages/VT_Bootstrap/ACHPersonal/input_userDefined10'

2023-09-20 12:01:54 - [MESSAGE][PASSED] - Object: 'Object Repository/AdminSuiteBootstrap_Pages/VT_Bootstrap/ACHPersonal/button_Submit' is clicked on

2023-09-20 12:01:54 - [MESSAGE][PASSED] - adminSuiteBootstrap.debitPersonalsetData.debitPersonal_DataDriven is PASSED

2023-09-20 12:01:54 - [TEST_STEP][PASSED] - if (verifyTextPresent("Transaction Successful", true)): null

2023-09-20 12:01:55 - [MESSAGE][PASSED] - Text 'Transaction Successful' is present on page  using regular expression

2023-09-20 12:01:55 - [TEST_STEP][PASSED] - sdf = getText(findTestObject(path_Receipt + "td_AutoNoC031622113752957Ahm")): Text of object 'Object Repository/AdminSuiteBootstrap_Pages/VT_Bootstrap/Receipt/td_AutoNoC031622113752957Ahm' is: 'AutoNoCFtp092023115857Ahm'

2023-09-20 12:01:55 - [MESSAGE][PASSED] - Text of object 'Object Repository/AdminSuiteBootstrap_Pages/VT_Bootstrap/Receipt/td_AutoNoC031622113752957Ahm' is: 'AutoNoCFtp092023115857Ahm'

2023-09-20 12:01:55 - [TEST_STEP][PASSED] - out.println("sdf: " + sdf): null

2023-09-20 12:01:55 - [TEST_STEP][PASSED] - remID = sdf: null

2023-09-20 12:01:55 - [TEST_STEP][PASSED] - out.println("remID: " + remID): null

2023-09-20 12:01:55 - [TEST_STEP][PASSED] - click(findTestObject(path_Receipt + "button_Continue")): Object: 'Object Repository/AdminSuiteBootstrap_Pages/VT_Bootstrap/Receipt/button_Continue' is clicked on

2023-09-20 12:01:56 - [MESSAGE][PASSED] - Object: 'Object Repository/AdminSuiteBootstrap_Pages/VT_Bootstrap/Receipt/button_Continue' is clicked on

2023-09-20 12:01:56 - [TEST_STEP][PASSED] - click(findTestObject(path_VT + "a_Search Transactions")): Object: 'Object Repository/AdminSuiteBootstrap_Pages/VT_Bootstrap/IssueTransactions/a_Search Transactions' is clicked on

2023-09-20 12:01:57 - [MESSAGE][PASSED] - Object: 'Object Repository/AdminSuiteBootstrap_Pages/VT_Bootstrap/IssueTransactions/a_Search Transactions' is clicked on

2023-09-20 12:01:57 - [TEST_STEP][PASSED] - setText(findTestObject(path_CCSearch + "input_Search By_searchValue"), remID): Text 'AutoNoCFtp092023115857Ahm' is set on object 'Object Repository/AdminSuiteBootstrap_Pages/VT_Bootstrap/CCCreditOrVoidSearch/input_Search By_searchValue'

2023-09-20 12:01:58 - [MESSAGE][PASSED] - Text 'AutoNoCFtp092023115857Ahm' is set on object 'Object Repository/AdminSuiteBootstrap_Pages/VT_Bootstrap/CCCreditOrVoidSearch/input_Search By_searchValue'

2023-09-20 12:01:58 - [TEST_STEP][PASSED] - click(findTestObject(path_CCSearch + "button_Submit")): Object: 'Object Repository/AdminSuiteBootstrap_Pages/VT_Bootstrap/CCCreditOrVoidSearch/button_Submit' is clicked on

2023-09-20 12:01:58 - [MESSAGE][PASSED] - Object: 'Object Repository/AdminSuiteBootstrap_Pages/VT_Bootstrap/CCCreditOrVoidSearch/button_Submit' is clicked on

2023-09-20 12:01:58 - [TEST_STEP][PASSED] - click(findTestObject(path_SearchResults + "button_PaymentID")): Object: 'Object Repository/AdminSuiteBootstrap_Pages/VT_Bootstrap/SearchResults/button_PaymentID' is clicked on

2023-09-20 12:02:00 - [MESSAGE][PASSED] - Object: 'Object Repository/AdminSuiteBootstrap_Pages/VT_Bootstrap/SearchResults/button_PaymentID' is clicked on

2023-09-20 12:02:00 - [TEST_STEP][PASSED] - verifyTextPresent("Tender Type", true): Text 'Tender Type' is present on page  using regular expression

2023-09-20 12:02:00 - [MESSAGE][PASSED] - Text 'Tender Type' is present on page  using regular expression

2023-09-20 12:02:00 - [TEST_STEP][PASSED] - verifyTextPresent("Transaction Type", true): Text 'Transaction Type' is present on page  using regular expression

2023-09-20 12:02:01 - [MESSAGE][PASSED] - Text 'Transaction Type' is present on page  using regular expression

2023-09-20 12:02:01 - [TEST_STEP][PASSED] - verifyTextPresent("Transaction Posted by", true): Text 'Transaction Posted by' is present on page  using regular expression

2023-09-20 12:02:01 - [MESSAGE][PASSED] - Text 'Transaction Posted by' is present on page  using regular expression

2023-09-20 12:02:01 - [TEST_STEP][PASSED] - verifyTextPresent("iahmed", true): Text 'iahmed' is present on page  using regular expression

2023-09-20 12:02:01 - [MESSAGE][PASSED] - Text 'iahmed' is present on page  using regular expression

2023-09-20 12:02:01 - [TEST_STEP][PASSED] - verifyTextPresent("Debit", true): Text 'Debit' is present on page  using regular expression

2023-09-20 12:02:02 - [MESSAGE][PASSED] - Text 'Debit' is present on page  using regular expression

2023-09-20 12:02:02 - [TEST_STEP][PASSED] - click(findTestObject(path_TranxDetails + "a_Void this transaction")): Object: 'Object Repository/AdminSuiteBootstrap_Pages/VT_Bootstrap/TransactionDetails/a_Void this transaction' is clicked on

2023-09-20 12:02:02 - [MESSAGE][PASSED] - Object: 'Object Repository/AdminSuiteBootstrap_Pages/VT_Bootstrap/TransactionDetails/a_Void this transaction' is clicked on

2023-09-20 12:02:02 - [TEST_STEP][PASSED] - verifyTextPresent("The following transaction will be voided", true): Text 'The following transaction will be voided' is present on page  using regular expression

2023-09-20 12:02:03 - [MESSAGE][PASSED] - Text 'The following transaction will be voided' is present on page  using regular expression

2023-09-20 12:02:03 - [TEST_STEP][PASSED] - verifyTextPresent("Please press submit to continue", true): Text 'Please press submit to continue' is present on page  using regular expression

2023-09-20 12:02:03 - [MESSAGE][PASSED] - Text 'Please press submit to continue' is present on page  using regular expression

2023-09-20 12:02:03 - [TEST_STEP][PASSED] - click(findTestObject(path_TranxDetails + "button_Submit")): Object: 'Object Repository/AdminSuiteBootstrap_Pages/VT_Bootstrap/TransactionDetails/button_Submit' is clicked on

2023-09-20 12:02:04 - [MESSAGE][PASSED] - Object: 'Object Repository/AdminSuiteBootstrap_Pages/VT_Bootstrap/TransactionDetails/button_Submit' is clicked on

2023-09-20 12:02:04 - [TEST_STEP][PASSED] - verifyTextPresent("Transaction Successful", true): Text 'Transaction Successful' is present on page  using regular expression

2023-09-20 12:02:05 - [MESSAGE][PASSED] - Text 'Transaction Successful' is present on page  using regular expression

2023-09-20 12:02:05 - [TEST_STEP][PASSED] - verifyTextPresent("Transaction Type", true): Text 'Transaction Type' is present on page  using regular expression

2023-09-20 12:02:05 - [MESSAGE][PASSED] - Text 'Transaction Type' is present on page  using regular expression

2023-09-20 12:02:05 - [TEST_STEP][PASSED] - verifyTextPresent("Void", true): Text 'Void' is present on page  using regular expression

2023-09-20 12:02:05 - [MESSAGE][PASSED] - Text 'Void' is present on page  using regular expression

2023-09-20 12:02:05 - [TEST_STEP][PASSED] - closeBrowser(): Browser is closed

2023-09-20 12:02:06 - [MESSAGE][PASSED] - Browser is closed]]></system-out>
         <system-err><![CDATA[]]></system-err>
      </testcase>
      <testcase name="Test Cases/Admin Suite Bootstrap/VT_ACH_TestCases/DebitPersonalVoid_TP_SingleCF_Generic_Payment_TC" time="187.86" classname="Test Cases/Admin Suite Bootstrap/VT_ACH_TestCases/DebitPersonalVoid_TP_SingleCF_Generic_Payment_TC" status="PASSED">
         <system-out><![CDATA[2023-09-20 12:02:06 - [TEST_CASE][PASSED] - Test Cases/Admin Suite Bootstrap/VT_ACH_TestCases/DebitPersonalVoid_TP_SingleCF_Generic_Payment_TC: Test Cases/Admin Suite Bootstrap/VT_ACH_TestCases/DebitPersonalVoid_TP_SingleCF_Generic_Payment_TC

2023-09-20 12:02:07 - [TEST_STEP][PASSED] - path_Dashboard = "Object Repository/AdminSuiteBootstrap_Pages/Dashboard_Bootstrap/": null

2023-09-20 12:02:07 - [TEST_STEP][PASSED] - path_VT = "Object Repository/AdminSuiteBootstrap_Pages/VT_Bootstrap/IssueTransactions/": null

2023-09-20 12:02:07 - [TEST_STEP][PASSED] - path_Receipt = "Object Repository/AdminSuiteBootstrap_Pages/VT_Bootstrap/Receipt/": null

2023-09-20 12:02:07 - [TEST_STEP][PASSED] - path_CCSearch = "Object Repository/AdminSuiteBootstrap_Pages/VT_Bootstrap/CCCreditOrVoidSearch/": null

2023-09-20 12:02:07 - [TEST_STEP][PASSED] - path_SearchResults = "Object Repository/AdminSuiteBootstrap_Pages/VT_Bootstrap/SearchResults/": null

2023-09-20 12:02:07 - [TEST_STEP][PASSED] - path_TranxDetails = "Object Repository/AdminSuiteBootstrap_Pages/VT_Bootstrap/TransactionDetails/": null

2023-09-20 12:02:07 - [TEST_STEP][PASSED] - li_1 = vpos_Prefix: null

2023-09-20 12:02:07 - [TEST_STEP][PASSED] - li_2 = "/transactions/AuthCapForm/": null

2023-09-20 12:02:07 - [TEST_STEP][PASSED] - executionProfile = getExecutionProfile(): null

2023-09-20 12:02:07 - [TEST_STEP][PASSED] - out.println("executionProfile : " + executionProfile): null

2023-09-20 12:02:07 - [TEST_STEP][PASSED] - appName = <not implemented yet for class: org.codehaus.groovy.ast.expr.EmptyExpression>: null

2023-09-20 12:02:07 - [TEST_STEP][PASSED] - appID = <not implemented yet for class: org.codehaus.groovy.ast.expr.EmptyExpression>: null

2023-09-20 12:02:07 - [TEST_STEP][PASSED] - cardNameV = <not implemented yet for class: org.codehaus.groovy.ast.expr.EmptyExpression>: null

2023-09-20 12:02:07 - [TEST_STEP][PASSED] - al1V = <not implemented yet for class: org.codehaus.groovy.ast.expr.EmptyExpression>: null

2023-09-20 12:02:07 - [TEST_STEP][PASSED] - al2V = <not implemented yet for class: org.codehaus.groovy.ast.expr.EmptyExpression>: null

2023-09-20 12:02:07 - [TEST_STEP][PASSED] - zipV = <not implemented yet for class: org.codehaus.groovy.ast.expr.EmptyExpression>: null

2023-09-20 12:02:07 - [TEST_STEP][PASSED] - accType = <not implemented yet for class: org.codehaus.groovy.ast.expr.EmptyExpression>: null

2023-09-20 12:02:07 - [TEST_STEP][PASSED] - last4V = <not implemented yet for class: org.codehaus.groovy.ast.expr.EmptyExpression>: null

2023-09-20 12:02:07 - [TEST_STEP][PASSED] - resText = "Fail": null

2023-09-20 12:02:07 - [TEST_STEP][PASSED] - resColumn = "Result": null

2023-09-20 12:02:07 - [TEST_STEP][PASSED] - datCloumn = "Date": null

2023-09-20 12:02:07 - [TEST_STEP][PASSED] - fileLoc = "C:\KatalonData\Bootstrap\VT-ACH-Data.xlsx": null

2023-09-20 12:02:07 - [TEST_STEP][PASSED] - numOfRows = <not implemented yet for class: org.codehaus.groovy.ast.expr.EmptyExpression>: null

2023-09-20 12:02:07 - [TEST_STEP][PASSED] - dataFile = <not implemented yet for class: org.codehaus.groovy.ast.expr.EmptyExpression>: null

2023-09-20 12:02:07 - [TEST_STEP][PASSED] - nameSheet = <not implemented yet for class: org.codehaus.groovy.ast.expr.EmptyExpression>: null

2023-09-20 12:02:07 - [TEST_STEP][PASSED] - nameSheet = "VT-P-DebitVoid-SingleCF-Generic": null

2023-09-20 12:02:07 - [TEST_STEP][PASSED] - numOfRows = findTestData("QA/Bootstrap/VT-ACH-TestData/VT-DebitVoidData-SingleCF-Generic").getRowNumbers(): null

2023-09-20 12:02:07 - [TEST_STEP][PASSED] - println("Number of Records: " + numOfRows): null

2023-09-20 12:02:07 - [TEST_STEP][PASSED] - dataFile = "QA/Bootstrap/VT-ACH-TestData/VT-DebitVoidData-SingleCF-Generic": null

2023-09-20 12:02:07 - [TEST_STEP][PASSED] - for ([row = 1, row <= numOfRows, (row++)]): Browser is closed

2023-09-20 12:02:07 - [TEST_STEP][PASSED] - ExecuteTC = findTestData(dataFile).getValue("Execute", row): null

2023-09-20 12:02:07 - [TEST_STEP][PASSED] - out.println("Value of Execute is : " + ExecuteTC): null

2023-09-20 12:02:07 - [TEST_STEP][PASSED] - switch (executionProfile): null

2023-09-20 12:02:07 - [TEST_STEP][PASSED] - case "QA2Profile":: null

2023-09-20 12:02:07 - [TEST_STEP][PASSED] - appName = findTestData(dataFile).getValue("AppNameQA", row): null

2023-09-20 12:02:07 - [TEST_STEP][PASSED] - appID = findTestData(dataFile).getValue("AppIDQA", row): null

2023-09-20 12:02:07 - [TEST_STEP][PASSED] - break: null

2023-09-20 12:02:07 - [TEST_STEP][PASSED] - hrefAppID = li_1 + appID + li_2: null

2023-09-20 12:02:07 - [TEST_STEP][PASSED] - hrefApp = li_1 + appID + "/": null

2023-09-20 12:02:07 - [TEST_STEP][PASSED] - println("hrefApp : " + hrefApp): null

2023-09-20 12:02:07 - [TEST_STEP][PASSED] - if (ExecuteTC.equalsIgnoreCase("Y")): Browser is closed

2023-09-20 12:02:07 - [TEST_STEP][PASSED] - out.println("Begin Record Number: " + row): null

2023-09-20 12:02:07 - [TEST_STEP][PASSED] - today = new java.util.Date(): null

2023-09-20 12:02:07 - [TEST_STEP][PASSED] - println(today): null

2023-09-20 12:02:07 - [TEST_STEP][PASSED] - datText = today: null

2023-09-20 12:02:07 - [TEST_STEP][PASSED] - adminSuiteBootstrap.loginFunctionality.login_AdminSuite(): adminSuiteBootstrap.loginFunctionality.login_AdminSuite is PASSED

2023-09-20 12:02:07 - [MESSAGE][INFO] - Starting 'Chrome' driver

2023-09-20 12:02:07 - [MESSAGE][INFO] - User set preference: ['acceptInsecureCerts', 'true']

2023-09-20 12:02:07 - [MESSAGE][INFO] - Action delay is set to 0 milliseconds

2023-09-20 12:02:10 - [MESSAGE][PASSED] - Browser is opened with url: 'https://qa2.velocitypayment.com/admin/imtiaz'

2023-09-20 12:02:10 - [MESSAGE][PASSED] - Current window maximized

2023-09-20 12:02:11 - [MESSAGE][PASSED] - Object 'Object Repository/Login_Page/Login_Username_Okta' is present

2023-09-20 12:02:11 - [MESSAGE][PASSED] - Text 'iahmed' is set on object 'Object Repository/Login_Page/Login_Username_Okta'

2023-09-20 12:02:12 - [MESSAGE][PASSED] - Text 'Hello1111111@' is set on object 'Object Repository/Login_Page/Login_Password_Okta'

2023-09-20 12:02:13 - [MESSAGE][PASSED] - Object: 'Object Repository/Login_Page/Login_Submit_Okta' is clicked on

2023-09-20 12:02:13 - [MESSAGE][PASSED] - adminSuiteBootstrap.loginFunctionality.login_AdminSuite is PASSED

2023-09-20 12:02:13 - [TEST_STEP][PASSED] - click(findTestObject(path_Dashboard + appName)): Object: 'Object Repository/AdminSuiteBootstrap_Pages/Dashboard_Bootstrap/a_Access AutoSingleCFtpQA' is clicked on

2023-09-20 12:02:20 - [MESSAGE][PASSED] - Object: 'Object Repository/AdminSuiteBootstrap_Pages/Dashboard_Bootstrap/a_Access AutoSingleCFtpQA' is clicked on

2023-09-20 12:02:20 - [TEST_STEP][PASSED] - click(findTestObject(path_VT + "button_Debit")): Object: 'Object Repository/AdminSuiteBootstrap_Pages/VT_Bootstrap/IssueTransactions/button_Debit' is clicked on

2023-09-20 12:02:21 - [MESSAGE][PASSED] - Object: 'Object Repository/AdminSuiteBootstrap_Pages/VT_Bootstrap/IssueTransactions/button_Debit' is clicked on

2023-09-20 12:02:21 - [TEST_STEP][PASSED] - click(findTestObject(path_VT + "a_Personal")): Object: 'Object Repository/AdminSuiteBootstrap_Pages/VT_Bootstrap/IssueTransactions/a_Personal' is clicked on

2023-09-20 12:02:22 - [MESSAGE][PASSED] - Object: 'Object Repository/AdminSuiteBootstrap_Pages/VT_Bootstrap/IssueTransactions/a_Personal' is clicked on

2023-09-20 12:02:22 - [TEST_STEP][PASSED] - adminSuiteBootstrap.debitPersonalsetData.debitPersonal_DataDriven(row, dataFile): adminSuiteBootstrap.debitPersonalsetData.debitPersonal_DataDriven is PASSED

2023-09-20 12:02:24 - [MESSAGE][PASSED] - Text 'John' is set on object 'Object Repository/AdminSuiteBootstrap_Pages/VT_Bootstrap/ACHPersonal/input_firstName'

2023-09-20 12:02:25 - [MESSAGE][PASSED] - Text 'Gordonas' is set on object 'Object Repository/AdminSuiteBootstrap_Pages/VT_Bootstrap/ACHPersonal/input_lastName'

2023-09-20 12:02:25 - [MESSAGE][PASSED] - Text '133 Meadow Ln' is set on object 'Object Repository/AdminSuiteBootstrap_Pages/VT_Bootstrap/ACHPersonal/input_address'

2023-09-20 12:02:26 - [MESSAGE][PASSED] - Text 'apt #123' is set on object 'Object Repository/AdminSuiteBootstrap_Pages/VT_Bootstrap/ACHPersonal/input_address2'

2023-09-20 12:02:27 - [MESSAGE][PASSED] - Text '22201' is set on object 'Object Repository/AdminSuiteBootstrap_Pages/VT_Bootstrap/ACHPersonal/input_zip'

2023-09-20 12:02:27 - [MESSAGE][PASSED] - Text '' is set on object 'Object Repository/AdminSuiteBootstrap_Pages/VT_Bootstrap/ACHPersonal/input_emailAddress'

2023-09-20 12:02:29 - [MESSAGE][PASSED] - Text '' is set on object 'Object Repository/AdminSuiteBootstrap_Pages/VT_Bootstrap/ACHPersonal/input_smsNumber'

2023-09-20 12:02:29 - [MESSAGE][PASSED] - Text '45682001' is set on object 'Object Repository/AdminSuiteBootstrap_Pages/VT_Bootstrap/ACHPersonal/input_accountNumber'

2023-09-20 12:02:30 - [MESSAGE][PASSED] - Text '256072691' is set on object 'Object Repository/AdminSuiteBootstrap_Pages/VT_Bootstrap/ACHPersonal/input_routingNumber'

2023-09-20 12:02:31 - [MESSAGE][PASSED] - All options with label 'Checking' are selected in object 'Object Repository/AdminSuiteBootstrap_Pages/VT_Bootstrap/ACHPersonal/select_AccountType'  using regular expression

2023-09-20 12:02:32 - [MESSAGE][PASSED] - All options with label 'PPD - Prearranged Payment and Deposit Entry' are selected in object 'Object Repository/AdminSuiteBootstrap_Pages/VT_Bootstrap/ACHPersonal/select_STD'  using regular expression

2023-09-20 12:02:33 - [MESSAGE][PASSED] - Text '11.5' is set on object 'Object Repository/AdminSuiteBootstrap_Pages/VT_Bootstrap/ACHPersonal/input_amount'

2023-09-20 12:02:34 - [MESSAGE][PASSED] - Text 'Denmark' is set on object 'Object Repository/AdminSuiteBootstrap_Pages/VT_Bootstrap/ACHPersonal/input_userDefined1'

2023-09-20 12:02:35 - [MESSAGE][PASSED] - Text 'Australia' is set on object 'Object Repository/AdminSuiteBootstrap_Pages/VT_Bootstrap/ACHPersonal/input_userDefined2'

2023-09-20 12:02:35 - [MESSAGE][PASSED] - Text 'Austria' is set on object 'Object Repository/AdminSuiteBootstrap_Pages/VT_Bootstrap/ACHPersonal/input_userDefined3'

2023-09-20 12:02:36 - [MESSAGE][PASSED] - Text 'Sweden' is set on object 'Object Repository/AdminSuiteBootstrap_Pages/VT_Bootstrap/ACHPersonal/input_userDefined4'

2023-09-20 12:02:37 - [MESSAGE][PASSED] - All options with label 'Yellow' are selected in object 'Object Repository/AdminSuiteBootstrap_Pages/VT_Bootstrap/ACHPersonal/select_UDF5'  using regular expression

2023-09-20 12:02:38 - [MESSAGE][PASSED] - All options with label 'Orange' are selected in object 'Object Repository/AdminSuiteBootstrap_Pages/VT_Bootstrap/ACHPersonal/select_UDF6'  using regular expression

2023-09-20 12:02:39 - [MESSAGE][PASSED] - Text 'Netherlands' is set on object 'Object Repository/AdminSuiteBootstrap_Pages/VT_Bootstrap/ACHPersonal/input_userDefined7'

2023-09-20 12:02:39 - [MESSAGE][PASSED] - Text 'Norway' is set on object 'Object Repository/AdminSuiteBootstrap_Pages/VT_Bootstrap/ACHPersonal/input_userDefined8'

2023-09-20 12:02:40 - [MESSAGE][PASSED] - Text 'France' is set on object 'Object Repository/AdminSuiteBootstrap_Pages/VT_Bootstrap/ACHPersonal/input_userDefined9'

2023-09-20 12:02:41 - [MESSAGE][PASSED] - Text 'Switzerland' is set on object 'Object Repository/AdminSuiteBootstrap_Pages/VT_Bootstrap/ACHPersonal/input_userDefined10'

2023-09-20 12:02:42 - [MESSAGE][PASSED] - Object: 'Object Repository/AdminSuiteBootstrap_Pages/VT_Bootstrap/ACHPersonal/button_Submit' is clicked on

2023-09-20 12:02:42 - [MESSAGE][PASSED] - adminSuiteBootstrap.debitPersonalsetData.debitPersonal_DataDriven is PASSED

2023-09-20 12:02:42 - [TEST_STEP][PASSED] - if (verifyTextPresent("Transaction Successful", true)): null

2023-09-20 12:02:43 - [MESSAGE][PASSED] - Text 'Transaction Successful' is present on page  using regular expression

2023-09-20 12:02:43 - [TEST_STEP][PASSED] - sdf = getText(findTestObject(path_Receipt + "td_AutoNoC031622113752957Ahm")): Text of object 'Object Repository/AdminSuiteBootstrap_Pages/VT_Bootstrap/Receipt/td_AutoNoC031622113752957Ahm' is: 'AutoSingle092023115945Ahm'

2023-09-20 12:02:43 - [MESSAGE][PASSED] - Text of object 'Object Repository/AdminSuiteBootstrap_Pages/VT_Bootstrap/Receipt/td_AutoNoC031622113752957Ahm' is: 'AutoSingle092023115945Ahm'

2023-09-20 12:02:43 - [TEST_STEP][PASSED] - out.println("sdf: " + sdf): null

2023-09-20 12:02:43 - [TEST_STEP][PASSED] - remID = sdf: null

2023-09-20 12:02:43 - [TEST_STEP][PASSED] - out.println("remID: " + remID): null

2023-09-20 12:02:43 - [TEST_STEP][PASSED] - click(findTestObject(path_Receipt + "button_Continue")): Object: 'Object Repository/AdminSuiteBootstrap_Pages/VT_Bootstrap/Receipt/button_Continue' is clicked on

2023-09-20 12:02:44 - [MESSAGE][PASSED] - Object: 'Object Repository/AdminSuiteBootstrap_Pages/VT_Bootstrap/Receipt/button_Continue' is clicked on

2023-09-20 12:02:44 - [TEST_STEP][PASSED] - click(findTestObject(path_VT + "a_Search Transactions")): Object: 'Object Repository/AdminSuiteBootstrap_Pages/VT_Bootstrap/IssueTransactions/a_Search Transactions' is clicked on

2023-09-20 12:02:45 - [MESSAGE][PASSED] - Object: 'Object Repository/AdminSuiteBootstrap_Pages/VT_Bootstrap/IssueTransactions/a_Search Transactions' is clicked on

2023-09-20 12:02:45 - [TEST_STEP][PASSED] - setText(findTestObject(path_CCSearch + "input_Search By_searchValue"), remID): Text 'AutoSingle092023115945Ahm' is set on object 'Object Repository/AdminSuiteBootstrap_Pages/VT_Bootstrap/CCCreditOrVoidSearch/input_Search By_searchValue'

2023-09-20 12:02:45 - [MESSAGE][PASSED] - Text 'AutoSingle092023115945Ahm' is set on object 'Object Repository/AdminSuiteBootstrap_Pages/VT_Bootstrap/CCCreditOrVoidSearch/input_Search By_searchValue'

2023-09-20 12:02:45 - [TEST_STEP][PASSED] - click(findTestObject(path_CCSearch + "button_Submit")): Object: 'Object Repository/AdminSuiteBootstrap_Pages/VT_Bootstrap/CCCreditOrVoidSearch/button_Submit' is clicked on

2023-09-20 12:02:46 - [MESSAGE][PASSED] - Object: 'Object Repository/AdminSuiteBootstrap_Pages/VT_Bootstrap/CCCreditOrVoidSearch/button_Submit' is clicked on

2023-09-20 12:02:46 - [TEST_STEP][PASSED] - click(findTestObject(path_SearchResults + "button_PaymentID")): Object: 'Object Repository/AdminSuiteBootstrap_Pages/VT_Bootstrap/SearchResults/button_PaymentID' is clicked on

2023-09-20 12:02:47 - [MESSAGE][PASSED] - Object: 'Object Repository/AdminSuiteBootstrap_Pages/VT_Bootstrap/SearchResults/button_PaymentID' is clicked on

2023-09-20 12:02:47 - [TEST_STEP][PASSED] - verifyTextPresent("Tender Type", true): Text 'Tender Type' is present on page  using regular expression

2023-09-20 12:02:48 - [MESSAGE][PASSED] - Text 'Tender Type' is present on page  using regular expression

2023-09-20 12:02:48 - [TEST_STEP][PASSED] - verifyTextPresent("Transaction Type", true): Text 'Transaction Type' is present on page  using regular expression

2023-09-20 12:02:48 - [MESSAGE][PASSED] - Text 'Transaction Type' is present on page  using regular expression

2023-09-20 12:02:48 - [TEST_STEP][PASSED] - verifyTextPresent("Transaction Posted by", true): Text 'Transaction Posted by' is present on page  using regular expression

2023-09-20 12:02:48 - [MESSAGE][PASSED] - Text 'Transaction Posted by' is present on page  using regular expression

2023-09-20 12:02:48 - [TEST_STEP][PASSED] - verifyTextPresent("iahmed", true): Text 'iahmed' is present on page  using regular expression

2023-09-20 12:02:49 - [MESSAGE][PASSED] - Text 'iahmed' is present on page  using regular expression

2023-09-20 12:02:49 - [TEST_STEP][PASSED] - verifyTextPresent("Debit", true): Text 'Debit' is present on page  using regular expression

2023-09-20 12:02:49 - [MESSAGE][PASSED] - Text 'Debit' is present on page  using regular expression

2023-09-20 12:02:49 - [TEST_STEP][PASSED] - click(findTestObject(path_TranxDetails + "a_Void this transaction")): Object: 'Object Repository/AdminSuiteBootstrap_Pages/VT_Bootstrap/TransactionDetails/a_Void this transaction' is clicked on

2023-09-20 12:02:50 - [MESSAGE][PASSED] - Object: 'Object Repository/AdminSuiteBootstrap_Pages/VT_Bootstrap/TransactionDetails/a_Void this transaction' is clicked on

2023-09-20 12:02:50 - [TEST_STEP][PASSED] - verifyTextPresent("The following transaction will be voided", true): Text 'The following transaction will be voided' is present on page  using regular expression

2023-09-20 12:02:50 - [MESSAGE][PASSED] - Text 'The following transaction will be voided' is present on page  using regular expression

2023-09-20 12:02:50 - [TEST_STEP][PASSED] - verifyTextPresent("Please press submit to continue", true): Text 'Please press submit to continue' is present on page  using regular expression

2023-09-20 12:02:51 - [MESSAGE][PASSED] - Text 'Please press submit to continue' is present on page  using regular expression

2023-09-20 12:02:51 - [TEST_STEP][PASSED] - click(findTestObject(path_TranxDetails + "button_Submit")): Object: 'Object Repository/AdminSuiteBootstrap_Pages/VT_Bootstrap/TransactionDetails/button_Submit' is clicked on

2023-09-20 12:02:51 - [MESSAGE][PASSED] - Object: 'Object Repository/AdminSuiteBootstrap_Pages/VT_Bootstrap/TransactionDetails/button_Submit' is clicked on

2023-09-20 12:02:51 - [TEST_STEP][PASSED] - verifyTextPresent("Transaction Successful", true): Text 'Transaction Successful' is present on page  using regular expression

2023-09-20 12:02:52 - [MESSAGE][PASSED] - Text 'Transaction Successful' is present on page  using regular expression

2023-09-20 12:02:52 - [TEST_STEP][PASSED] - verifyTextPresent("Transaction Type", true): Text 'Transaction Type' is present on page  using regular expression

2023-09-20 12:02:53 - [MESSAGE][PASSED] - Text 'Transaction Type' is present on page  using regular expression

2023-09-20 12:02:53 - [TEST_STEP][PASSED] - verifyTextPresent("Void", true): Text 'Void' is present on page  using regular expression

2023-09-20 12:02:53 - [MESSAGE][PASSED] - Text 'Void' is present on page  using regular expression

2023-09-20 12:02:53 - [TEST_STEP][PASSED] - closeBrowser(): Browser is closed

2023-09-20 12:02:54 - [MESSAGE][PASSED] - Browser is closed

2023-09-20 12:02:54 - [TEST_STEP][PASSED] - ExecuteTC = findTestData(dataFile).getValue("Execute", row): null

2023-09-20 12:02:54 - [TEST_STEP][PASSED] - out.println("Value of Execute is : " + ExecuteTC): null

2023-09-20 12:02:54 - [TEST_STEP][PASSED] - switch (executionProfile): null

2023-09-20 12:02:54 - [TEST_STEP][PASSED] - case "QA2Profile":: null

2023-09-20 12:02:54 - [TEST_STEP][PASSED] - appName = findTestData(dataFile).getValue("AppNameQA", row): null

2023-09-20 12:02:54 - [TEST_STEP][PASSED] - appID = findTestData(dataFile).getValue("AppIDQA", row): null

2023-09-20 12:02:54 - [TEST_STEP][PASSED] - break: null

2023-09-20 12:02:54 - [TEST_STEP][PASSED] - hrefAppID = li_1 + appID + li_2: null

2023-09-20 12:02:54 - [TEST_STEP][PASSED] - hrefApp = li_1 + appID + "/": null

2023-09-20 12:02:54 - [TEST_STEP][PASSED] - println("hrefApp : " + hrefApp): null

2023-09-20 12:02:54 - [TEST_STEP][PASSED] - if (ExecuteTC.equalsIgnoreCase("Y")): Browser is closed

2023-09-20 12:02:54 - [TEST_STEP][PASSED] - out.println("Begin Record Number: " + row): null

2023-09-20 12:02:54 - [TEST_STEP][PASSED] - today = new java.util.Date(): null

2023-09-20 12:02:54 - [TEST_STEP][PASSED] - println(today): null

2023-09-20 12:02:54 - [TEST_STEP][PASSED] - datText = today: null

2023-09-20 12:02:54 - [TEST_STEP][PASSED] - adminSuiteBootstrap.loginFunctionality.login_AdminSuite(): adminSuiteBootstrap.loginFunctionality.login_AdminSuite is PASSED

2023-09-20 12:02:54 - [MESSAGE][INFO] - Starting 'Chrome' driver

2023-09-20 12:02:54 - [MESSAGE][INFO] - User set preference: ['acceptInsecureCerts', 'true']

2023-09-20 12:02:54 - [MESSAGE][INFO] - Action delay is set to 0 milliseconds

2023-09-20 12:02:57 - [MESSAGE][PASSED] - Browser is opened with url: 'https://qa2.velocitypayment.com/admin/imtiaz'

2023-09-20 12:02:57 - [MESSAGE][PASSED] - Current window maximized

2023-09-20 12:02:58 - [MESSAGE][PASSED] - Object 'Object Repository/Login_Page/Login_Username_Okta' is present

2023-09-20 12:02:58 - [MESSAGE][PASSED] - Text 'iahmed' is set on object 'Object Repository/Login_Page/Login_Username_Okta'

2023-09-20 12:02:59 - [MESSAGE][PASSED] - Text 'Hello1111111@' is set on object 'Object Repository/Login_Page/Login_Password_Okta'

2023-09-20 12:03:00 - [MESSAGE][PASSED] - Object: 'Object Repository/Login_Page/Login_Submit_Okta' is clicked on

2023-09-20 12:03:00 - [MESSAGE][PASSED] - adminSuiteBootstrap.loginFunctionality.login_AdminSuite is PASSED

2023-09-20 12:03:00 - [TEST_STEP][PASSED] - click(findTestObject(path_Dashboard + appName)): Object: 'Object Repository/AdminSuiteBootstrap_Pages/Dashboard_Bootstrap/a_Access AutoSingleCFtpQA' is clicked on

2023-09-20 12:03:07 - [MESSAGE][PASSED] - Object: 'Object Repository/AdminSuiteBootstrap_Pages/Dashboard_Bootstrap/a_Access AutoSingleCFtpQA' is clicked on

2023-09-20 12:03:07 - [TEST_STEP][PASSED] - click(findTestObject(path_VT + "button_Debit")): Object: 'Object Repository/AdminSuiteBootstrap_Pages/VT_Bootstrap/IssueTransactions/button_Debit' is clicked on

2023-09-20 12:03:07 - [MESSAGE][PASSED] - Object: 'Object Repository/AdminSuiteBootstrap_Pages/VT_Bootstrap/IssueTransactions/button_Debit' is clicked on

2023-09-20 12:03:07 - [TEST_STEP][PASSED] - click(findTestObject(path_VT + "a_Personal")): Object: 'Object Repository/AdminSuiteBootstrap_Pages/VT_Bootstrap/IssueTransactions/a_Personal' is clicked on

2023-09-20 12:03:08 - [MESSAGE][PASSED] - Object: 'Object Repository/AdminSuiteBootstrap_Pages/VT_Bootstrap/IssueTransactions/a_Personal' is clicked on

2023-09-20 12:03:08 - [TEST_STEP][PASSED] - adminSuiteBootstrap.debitPersonalsetData.debitPersonal_DataDriven(row, dataFile): adminSuiteBootstrap.debitPersonalsetData.debitPersonal_DataDriven is PASSED

2023-09-20 12:03:11 - [MESSAGE][PASSED] - Text 'Veronika' is set on object 'Object Repository/AdminSuiteBootstrap_Pages/VT_Bootstrap/ACHPersonal/input_firstName'

2023-09-20 12:03:11 - [MESSAGE][PASSED] - Text 'Inouye' is set on object 'Object Repository/AdminSuiteBootstrap_Pages/VT_Bootstrap/ACHPersonal/input_lastName'

2023-09-20 12:03:12 - [MESSAGE][PASSED] - Text '6 Greenleaf Ave' is set on object 'Object Repository/AdminSuiteBootstrap_Pages/VT_Bootstrap/ACHPersonal/input_address'

2023-09-20 12:03:13 - [MESSAGE][PASSED] - Text 'apt #3' is set on object 'Object Repository/AdminSuiteBootstrap_Pages/VT_Bootstrap/ACHPersonal/input_address2'

2023-09-20 12:03:13 - [MESSAGE][PASSED] - Text '22201' is set on object 'Object Repository/AdminSuiteBootstrap_Pages/VT_Bootstrap/ACHPersonal/input_zip'

2023-09-20 12:03:14 - [MESSAGE][PASSED] - Text '' is set on object 'Object Repository/AdminSuiteBootstrap_Pages/VT_Bootstrap/ACHPersonal/input_emailAddress'

2023-09-20 12:03:15 - [MESSAGE][PASSED] - Text '' is set on object 'Object Repository/AdminSuiteBootstrap_Pages/VT_Bootstrap/ACHPersonal/input_smsNumber'

2023-09-20 12:03:16 - [MESSAGE][PASSED] - Text '45682002' is set on object 'Object Repository/AdminSuiteBootstrap_Pages/VT_Bootstrap/ACHPersonal/input_accountNumber'

2023-09-20 12:03:17 - [MESSAGE][PASSED] - Text '256072691' is set on object 'Object Repository/AdminSuiteBootstrap_Pages/VT_Bootstrap/ACHPersonal/input_routingNumber'

2023-09-20 12:03:18 - [MESSAGE][PASSED] - All options with label 'Checking' are selected in object 'Object Repository/AdminSuiteBootstrap_Pages/VT_Bootstrap/ACHPersonal/select_AccountType'  using regular expression

2023-09-20 12:03:19 - [MESSAGE][PASSED] - All options with label 'TEL - Telephone-Initiated Entry' are selected in object 'Object Repository/AdminSuiteBootstrap_Pages/VT_Bootstrap/ACHPersonal/select_STD'  using regular expression

2023-09-20 12:03:20 - [MESSAGE][PASSED] - Text '11.5' is set on object 'Object Repository/AdminSuiteBootstrap_Pages/VT_Bootstrap/ACHPersonal/input_amount'

2023-09-20 12:03:21 - [MESSAGE][PASSED] - Text 'Denmark' is set on object 'Object Repository/AdminSuiteBootstrap_Pages/VT_Bootstrap/ACHPersonal/input_userDefined1'

2023-09-20 12:03:21 - [MESSAGE][PASSED] - Text 'Australia' is set on object 'Object Repository/AdminSuiteBootstrap_Pages/VT_Bootstrap/ACHPersonal/input_userDefined2'

2023-09-20 12:03:22 - [MESSAGE][PASSED] - Text 'Austria' is set on object 'Object Repository/AdminSuiteBootstrap_Pages/VT_Bootstrap/ACHPersonal/input_userDefined3'

2023-09-20 12:03:23 - [MESSAGE][PASSED] - Text 'Sweden' is set on object 'Object Repository/AdminSuiteBootstrap_Pages/VT_Bootstrap/ACHPersonal/input_userDefined4'

2023-09-20 12:03:24 - [MESSAGE][PASSED] - All options with label 'Yellow' are selected in object 'Object Repository/AdminSuiteBootstrap_Pages/VT_Bootstrap/ACHPersonal/select_UDF5'  using regular expression

2023-09-20 12:03:25 - [MESSAGE][PASSED] - All options with label 'Orange' are selected in object 'Object Repository/AdminSuiteBootstrap_Pages/VT_Bootstrap/ACHPersonal/select_UDF6'  using regular expression

2023-09-20 12:03:25 - [MESSAGE][PASSED] - Text 'Netherlands' is set on object 'Object Repository/AdminSuiteBootstrap_Pages/VT_Bootstrap/ACHPersonal/input_userDefined7'

2023-09-20 12:03:26 - [MESSAGE][PASSED] - Text 'Norway' is set on object 'Object Repository/AdminSuiteBootstrap_Pages/VT_Bootstrap/ACHPersonal/input_userDefined8'

2023-09-20 12:03:27 - [MESSAGE][PASSED] - Text 'France' is set on object 'Object Repository/AdminSuiteBootstrap_Pages/VT_Bootstrap/ACHPersonal/input_userDefined9'

2023-09-20 12:03:27 - [MESSAGE][PASSED] - Text 'Switzerland' is set on object 'Object Repository/AdminSuiteBootstrap_Pages/VT_Bootstrap/ACHPersonal/input_userDefined10'

2023-09-20 12:03:29 - [MESSAGE][PASSED] - Object: 'Object Repository/AdminSuiteBootstrap_Pages/VT_Bootstrap/ACHPersonal/button_Submit' is clicked on

2023-09-20 12:03:29 - [MESSAGE][PASSED] - adminSuiteBootstrap.debitPersonalsetData.debitPersonal_DataDriven is PASSED

2023-09-20 12:03:29 - [TEST_STEP][PASSED] - if (verifyTextPresent("Transaction Successful", true)): null

2023-09-20 12:03:29 - [MESSAGE][PASSED] - Text 'Transaction Successful' is present on page  using regular expression

2023-09-20 12:03:29 - [TEST_STEP][PASSED] - sdf = getText(findTestObject(path_Receipt + "td_AutoNoC031622113752957Ahm")): Text of object 'Object Repository/AdminSuiteBootstrap_Pages/VT_Bootstrap/Receipt/td_AutoNoC031622113752957Ahm' is: 'AutoSingle092023120031Ahm'

2023-09-20 12:03:30 - [MESSAGE][PASSED] - Text of object 'Object Repository/AdminSuiteBootstrap_Pages/VT_Bootstrap/Receipt/td_AutoNoC031622113752957Ahm' is: 'AutoSingle092023120031Ahm'

2023-09-20 12:03:30 - [TEST_STEP][PASSED] - out.println("sdf: " + sdf): null

2023-09-20 12:03:30 - [TEST_STEP][PASSED] - remID = sdf: null

2023-09-20 12:03:30 - [TEST_STEP][PASSED] - out.println("remID: " + remID): null

2023-09-20 12:03:30 - [TEST_STEP][PASSED] - click(findTestObject(path_Receipt + "button_Continue")): Object: 'Object Repository/AdminSuiteBootstrap_Pages/VT_Bootstrap/Receipt/button_Continue' is clicked on

2023-09-20 12:03:30 - [MESSAGE][PASSED] - Object: 'Object Repository/AdminSuiteBootstrap_Pages/VT_Bootstrap/Receipt/button_Continue' is clicked on

2023-09-20 12:03:30 - [TEST_STEP][PASSED] - click(findTestObject(path_VT + "a_Search Transactions")): Object: 'Object Repository/AdminSuiteBootstrap_Pages/VT_Bootstrap/IssueTransactions/a_Search Transactions' is clicked on

2023-09-20 12:03:32 - [MESSAGE][PASSED] - Object: 'Object Repository/AdminSuiteBootstrap_Pages/VT_Bootstrap/IssueTransactions/a_Search Transactions' is clicked on

2023-09-20 12:03:32 - [TEST_STEP][PASSED] - setText(findTestObject(path_CCSearch + "input_Search By_searchValue"), remID): Text 'AutoSingle092023120031Ahm' is set on object 'Object Repository/AdminSuiteBootstrap_Pages/VT_Bootstrap/CCCreditOrVoidSearch/input_Search By_searchValue'

2023-09-20 12:03:33 - [MESSAGE][PASSED] - Text 'AutoSingle092023120031Ahm' is set on object 'Object Repository/AdminSuiteBootstrap_Pages/VT_Bootstrap/CCCreditOrVoidSearch/input_Search By_searchValue'

2023-09-20 12:03:33 - [TEST_STEP][PASSED] - click(findTestObject(path_CCSearch + "button_Submit")): Object: 'Object Repository/AdminSuiteBootstrap_Pages/VT_Bootstrap/CCCreditOrVoidSearch/button_Submit' is clicked on

2023-09-20 12:03:33 - [MESSAGE][PASSED] - Object: 'Object Repository/AdminSuiteBootstrap_Pages/VT_Bootstrap/CCCreditOrVoidSearch/button_Submit' is clicked on

2023-09-20 12:03:33 - [TEST_STEP][PASSED] - click(findTestObject(path_SearchResults + "button_PaymentID")): Object: 'Object Repository/AdminSuiteBootstrap_Pages/VT_Bootstrap/SearchResults/button_PaymentID' is clicked on

2023-09-20 12:03:34 - [MESSAGE][PASSED] - Object: 'Object Repository/AdminSuiteBootstrap_Pages/VT_Bootstrap/SearchResults/button_PaymentID' is clicked on

2023-09-20 12:03:34 - [TEST_STEP][PASSED] - verifyTextPresent("Tender Type", true): Text 'Tender Type' is present on page  using regular expression

2023-09-20 12:03:35 - [MESSAGE][PASSED] - Text 'Tender Type' is present on page  using regular expression

2023-09-20 12:03:35 - [TEST_STEP][PASSED] - verifyTextPresent("Transaction Type", true): Text 'Transaction Type' is present on page  using regular expression

2023-09-20 12:03:35 - [MESSAGE][PASSED] - Text 'Transaction Type' is present on page  using regular expression

2023-09-20 12:03:35 - [TEST_STEP][PASSED] - verifyTextPresent("Transaction Posted by", true): Text 'Transaction Posted by' is present on page  using regular expression

2023-09-20 12:03:36 - [MESSAGE][PASSED] - Text 'Transaction Posted by' is present on page  using regular expression

2023-09-20 12:03:36 - [TEST_STEP][PASSED] - verifyTextPresent("iahmed", true): Text 'iahmed' is present on page  using regular expression

2023-09-20 12:03:36 - [MESSAGE][PASSED] - Text 'iahmed' is present on page  using regular expression

2023-09-20 12:03:36 - [TEST_STEP][PASSED] - verifyTextPresent("Debit", true): Text 'Debit' is present on page  using regular expression

2023-09-20 12:03:36 - [MESSAGE][PASSED] - Text 'Debit' is present on page  using regular expression

2023-09-20 12:03:36 - [TEST_STEP][PASSED] - click(findTestObject(path_TranxDetails + "a_Void this transaction")): Object: 'Object Repository/AdminSuiteBootstrap_Pages/VT_Bootstrap/TransactionDetails/a_Void this transaction' is clicked on

2023-09-20 12:03:37 - [MESSAGE][PASSED] - Object: 'Object Repository/AdminSuiteBootstrap_Pages/VT_Bootstrap/TransactionDetails/a_Void this transaction' is clicked on

2023-09-20 12:03:37 - [TEST_STEP][PASSED] - verifyTextPresent("The following transaction will be voided", true): Text 'The following transaction will be voided' is present on page  using regular expression

2023-09-20 12:03:38 - [MESSAGE][PASSED] - Text 'The following transaction will be voided' is present on page  using regular expression

2023-09-20 12:03:38 - [TEST_STEP][PASSED] - verifyTextPresent("Please press submit to continue", true): Text 'Please press submit to continue' is present on page  using regular expression

2023-09-20 12:03:38 - [MESSAGE][PASSED] - Text 'Please press submit to continue' is present on page  using regular expression

2023-09-20 12:03:38 - [TEST_STEP][PASSED] - click(findTestObject(path_TranxDetails + "button_Submit")): Object: 'Object Repository/AdminSuiteBootstrap_Pages/VT_Bootstrap/TransactionDetails/button_Submit' is clicked on

2023-09-20 12:03:39 - [MESSAGE][PASSED] - Object: 'Object Repository/AdminSuiteBootstrap_Pages/VT_Bootstrap/TransactionDetails/button_Submit' is clicked on

2023-09-20 12:03:39 - [TEST_STEP][PASSED] - verifyTextPresent("Transaction Successful", true): Text 'Transaction Successful' is present on page  using regular expression

2023-09-20 12:03:39 - [MESSAGE][PASSED] - Text 'Transaction Successful' is present on page  using regular expression

2023-09-20 12:03:39 - [TEST_STEP][PASSED] - verifyTextPresent("Transaction Type", true): Text 'Transaction Type' is present on page  using regular expression

2023-09-20 12:03:40 - [MESSAGE][PASSED] - Text 'Transaction Type' is present on page  using regular expression

2023-09-20 12:03:40 - [TEST_STEP][PASSED] - verifyTextPresent("Void", true): Text 'Void' is present on page  using regular expression

2023-09-20 12:03:40 - [MESSAGE][PASSED] - Text 'Void' is present on page  using regular expression

2023-09-20 12:03:40 - [TEST_STEP][PASSED] - closeBrowser(): Browser is closed

2023-09-20 12:03:41 - [MESSAGE][PASSED] - Browser is closed

2023-09-20 12:03:41 - [TEST_STEP][PASSED] - ExecuteTC = findTestData(dataFile).getValue("Execute", row): null

2023-09-20 12:03:41 - [TEST_STEP][PASSED] - out.println("Value of Execute is : " + ExecuteTC): null

2023-09-20 12:03:41 - [TEST_STEP][PASSED] - switch (executionProfile): null

2023-09-20 12:03:41 - [TEST_STEP][PASSED] - case "QA2Profile":: null

2023-09-20 12:03:41 - [TEST_STEP][PASSED] - appName = findTestData(dataFile).getValue("AppNameQA", row): null

2023-09-20 12:03:41 - [TEST_STEP][PASSED] - appID = findTestData(dataFile).getValue("AppIDQA", row): null

2023-09-20 12:03:41 - [TEST_STEP][PASSED] - break: null

2023-09-20 12:03:41 - [TEST_STEP][PASSED] - hrefAppID = li_1 + appID + li_2: null

2023-09-20 12:03:41 - [TEST_STEP][PASSED] - hrefApp = li_1 + appID + "/": null

2023-09-20 12:03:41 - [TEST_STEP][PASSED] - println("hrefApp : " + hrefApp): null

2023-09-20 12:03:41 - [TEST_STEP][PASSED] - if (ExecuteTC.equalsIgnoreCase("Y")): Browser is closed

2023-09-20 12:03:41 - [TEST_STEP][PASSED] - out.println("Begin Record Number: " + row): null

2023-09-20 12:03:41 - [TEST_STEP][PASSED] - today = new java.util.Date(): null

2023-09-20 12:03:41 - [TEST_STEP][PASSED] - println(today): null

2023-09-20 12:03:41 - [TEST_STEP][PASSED] - datText = today: null

2023-09-20 12:03:41 - [TEST_STEP][PASSED] - adminSuiteBootstrap.loginFunctionality.login_AdminSuite(): adminSuiteBootstrap.loginFunctionality.login_AdminSuite is PASSED

2023-09-20 12:03:41 - [MESSAGE][INFO] - Starting 'Chrome' driver

2023-09-20 12:03:41 - [MESSAGE][INFO] - User set preference: ['acceptInsecureCerts', 'true']

2023-09-20 12:03:41 - [MESSAGE][INFO] - Action delay is set to 0 milliseconds

2023-09-20 12:03:44 - [MESSAGE][PASSED] - Browser is opened with url: 'https://qa2.velocitypayment.com/admin/imtiaz'

2023-09-20 12:03:44 - [MESSAGE][PASSED] - Current window maximized

2023-09-20 12:03:45 - [MESSAGE][PASSED] - Object 'Object Repository/Login_Page/Login_Username_Okta' is present

2023-09-20 12:03:46 - [MESSAGE][PASSED] - Text 'iahmed' is set on object 'Object Repository/Login_Page/Login_Username_Okta'

2023-09-20 12:03:46 - [MESSAGE][PASSED] - Text 'Hello1111111@' is set on object 'Object Repository/Login_Page/Login_Password_Okta'

2023-09-20 12:03:47 - [MESSAGE][PASSED] - Object: 'Object Repository/Login_Page/Login_Submit_Okta' is clicked on

2023-09-20 12:03:47 - [MESSAGE][PASSED] - adminSuiteBootstrap.loginFunctionality.login_AdminSuite is PASSED

2023-09-20 12:03:47 - [TEST_STEP][PASSED] - click(findTestObject(path_Dashboard + appName)): Object: 'Object Repository/AdminSuiteBootstrap_Pages/Dashboard_Bootstrap/a_Access AutoSingleCFtpQA' is clicked on

2023-09-20 12:03:54 - [MESSAGE][PASSED] - Object: 'Object Repository/AdminSuiteBootstrap_Pages/Dashboard_Bootstrap/a_Access AutoSingleCFtpQA' is clicked on

2023-09-20 12:03:54 - [TEST_STEP][PASSED] - click(findTestObject(path_VT + "button_Debit")): Object: 'Object Repository/AdminSuiteBootstrap_Pages/VT_Bootstrap/IssueTransactions/button_Debit' is clicked on

2023-09-20 12:03:54 - [MESSAGE][PASSED] - Object: 'Object Repository/AdminSuiteBootstrap_Pages/VT_Bootstrap/IssueTransactions/button_Debit' is clicked on

2023-09-20 12:03:54 - [TEST_STEP][PASSED] - click(findTestObject(path_VT + "a_Personal")): Object: 'Object Repository/AdminSuiteBootstrap_Pages/VT_Bootstrap/IssueTransactions/a_Personal' is clicked on

2023-09-20 12:03:55 - [MESSAGE][PASSED] - Object: 'Object Repository/AdminSuiteBootstrap_Pages/VT_Bootstrap/IssueTransactions/a_Personal' is clicked on

2023-09-20 12:03:55 - [TEST_STEP][PASSED] - adminSuiteBootstrap.debitPersonalsetData.debitPersonal_DataDriven(row, dataFile): adminSuiteBootstrap.debitPersonalsetData.debitPersonal_DataDriven is PASSED

2023-09-20 12:03:58 - [MESSAGE][PASSED] - Text 'Bette' is set on object 'Object Repository/AdminSuiteBootstrap_Pages/VT_Bootstrap/ACHPersonal/input_firstName'

2023-09-20 12:03:58 - [MESSAGE][PASSED] - Text 'Nicka' is set on object 'Object Repository/AdminSuiteBootstrap_Pages/VT_Bootstrap/ACHPersonal/input_lastName'

2023-09-20 12:03:59 - [MESSAGE][PASSED] - Text '6 S 33rd St' is set on object 'Object Repository/AdminSuiteBootstrap_Pages/VT_Bootstrap/ACHPersonal/input_address'

2023-09-20 12:04:00 - [MESSAGE][PASSED] - Text 'apt #2' is set on object 'Object Repository/AdminSuiteBootstrap_Pages/VT_Bootstrap/ACHPersonal/input_address2'

2023-09-20 12:04:00 - [MESSAGE][PASSED] - Text '22201' is set on object 'Object Repository/AdminSuiteBootstrap_Pages/VT_Bootstrap/ACHPersonal/input_zip'

2023-09-20 12:04:01 - [MESSAGE][PASSED] - Text '' is set on object 'Object Repository/AdminSuiteBootstrap_Pages/VT_Bootstrap/ACHPersonal/input_emailAddress'

2023-09-20 12:04:02 - [MESSAGE][PASSED] - Text '' is set on object 'Object Repository/AdminSuiteBootstrap_Pages/VT_Bootstrap/ACHPersonal/input_smsNumber'

2023-09-20 12:04:03 - [MESSAGE][PASSED] - Text '45682003' is set on object 'Object Repository/AdminSuiteBootstrap_Pages/VT_Bootstrap/ACHPersonal/input_accountNumber'

2023-09-20 12:04:04 - [MESSAGE][PASSED] - Text '256072691' is set on object 'Object Repository/AdminSuiteBootstrap_Pages/VT_Bootstrap/ACHPersonal/input_routingNumber'

2023-09-20 12:04:05 - [MESSAGE][PASSED] - All options with label 'Savings' are selected in object 'Object Repository/AdminSuiteBootstrap_Pages/VT_Bootstrap/ACHPersonal/select_AccountType'  using regular expression

2023-09-20 12:04:06 - [MESSAGE][PASSED] - All options with label 'PPD - Prearranged Payment and Deposit Entry' are selected in object 'Object Repository/AdminSuiteBootstrap_Pages/VT_Bootstrap/ACHPersonal/select_STD'  using regular expression

2023-09-20 12:04:07 - [MESSAGE][PASSED] - Text '11.5' is set on object 'Object Repository/AdminSuiteBootstrap_Pages/VT_Bootstrap/ACHPersonal/input_amount'

2023-09-20 12:04:08 - [MESSAGE][PASSED] - Text 'Denmark' is set on object 'Object Repository/AdminSuiteBootstrap_Pages/VT_Bootstrap/ACHPersonal/input_userDefined1'

2023-09-20 12:04:09 - [MESSAGE][PASSED] - Text 'Australia' is set on object 'Object Repository/AdminSuiteBootstrap_Pages/VT_Bootstrap/ACHPersonal/input_userDefined2'

2023-09-20 12:04:09 - [MESSAGE][PASSED] - Text 'Austria' is set on object 'Object Repository/AdminSuiteBootstrap_Pages/VT_Bootstrap/ACHPersonal/input_userDefined3'

2023-09-20 12:04:10 - [MESSAGE][PASSED] - Text 'Sweden' is set on object 'Object Repository/AdminSuiteBootstrap_Pages/VT_Bootstrap/ACHPersonal/input_userDefined4'

2023-09-20 12:04:11 - [MESSAGE][PASSED] - All options with label 'Yellow' are selected in object 'Object Repository/AdminSuiteBootstrap_Pages/VT_Bootstrap/ACHPersonal/select_UDF5'  using regular expression

2023-09-20 12:04:12 - [MESSAGE][PASSED] - All options with label 'Orange' are selected in object 'Object Repository/AdminSuiteBootstrap_Pages/VT_Bootstrap/ACHPersonal/select_UDF6'  using regular expression

2023-09-20 12:04:13 - [MESSAGE][PASSED] - Text 'Netherlands' is set on object 'Object Repository/AdminSuiteBootstrap_Pages/VT_Bootstrap/ACHPersonal/input_userDefined7'

2023-09-20 12:04:13 - [MESSAGE][PASSED] - Text 'Norway' is set on object 'Object Repository/AdminSuiteBootstrap_Pages/VT_Bootstrap/ACHPersonal/input_userDefined8'

2023-09-20 12:04:14 - [MESSAGE][PASSED] - Text 'France' is set on object 'Object Repository/AdminSuiteBootstrap_Pages/VT_Bootstrap/ACHPersonal/input_userDefined9'

2023-09-20 12:04:15 - [MESSAGE][PASSED] - Text 'Switzerland' is set on object 'Object Repository/AdminSuiteBootstrap_Pages/VT_Bootstrap/ACHPersonal/input_userDefined10'

2023-09-20 12:04:16 - [MESSAGE][PASSED] - Object: 'Object Repository/AdminSuiteBootstrap_Pages/VT_Bootstrap/ACHPersonal/button_Submit' is clicked on

2023-09-20 12:04:16 - [MESSAGE][PASSED] - adminSuiteBootstrap.debitPersonalsetData.debitPersonal_DataDriven is PASSED

2023-09-20 12:04:16 - [TEST_STEP][PASSED] - if (verifyTextPresent("Transaction Successful", true)): null

2023-09-20 12:04:17 - [MESSAGE][PASSED] - Text 'Transaction Successful' is present on page  using regular expression

2023-09-20 12:04:17 - [TEST_STEP][PASSED] - sdf = getText(findTestObject(path_Receipt + "td_AutoNoC031622113752957Ahm")): Text of object 'Object Repository/AdminSuiteBootstrap_Pages/VT_Bootstrap/Receipt/td_AutoNoC031622113752957Ahm' is: 'AutoSingle092023120119Ahm'

2023-09-20 12:04:17 - [MESSAGE][PASSED] - Text of object 'Object Repository/AdminSuiteBootstrap_Pages/VT_Bootstrap/Receipt/td_AutoNoC031622113752957Ahm' is: 'AutoSingle092023120119Ahm'

2023-09-20 12:04:17 - [TEST_STEP][PASSED] - out.println("sdf: " + sdf): null

2023-09-20 12:04:17 - [TEST_STEP][PASSED] - remID = sdf: null

2023-09-20 12:04:17 - [TEST_STEP][PASSED] - out.println("remID: " + remID): null

2023-09-20 12:04:17 - [TEST_STEP][PASSED] - click(findTestObject(path_Receipt + "button_Continue")): Object: 'Object Repository/AdminSuiteBootstrap_Pages/VT_Bootstrap/Receipt/button_Continue' is clicked on

2023-09-20 12:04:18 - [MESSAGE][PASSED] - Object: 'Object Repository/AdminSuiteBootstrap_Pages/VT_Bootstrap/Receipt/button_Continue' is clicked on

2023-09-20 12:04:18 - [TEST_STEP][PASSED] - click(findTestObject(path_VT + "a_Search Transactions")): Object: 'Object Repository/AdminSuiteBootstrap_Pages/VT_Bootstrap/IssueTransactions/a_Search Transactions' is clicked on

2023-09-20 12:04:19 - [MESSAGE][PASSED] - Object: 'Object Repository/AdminSuiteBootstrap_Pages/VT_Bootstrap/IssueTransactions/a_Search Transactions' is clicked on

2023-09-20 12:04:19 - [TEST_STEP][PASSED] - setText(findTestObject(path_CCSearch + "input_Search By_searchValue"), remID): Text 'AutoSingle092023120119Ahm' is set on object 'Object Repository/AdminSuiteBootstrap_Pages/VT_Bootstrap/CCCreditOrVoidSearch/input_Search By_searchValue'

2023-09-20 12:04:20 - [MESSAGE][PASSED] - Text 'AutoSingle092023120119Ahm' is set on object 'Object Repository/AdminSuiteBootstrap_Pages/VT_Bootstrap/CCCreditOrVoidSearch/input_Search By_searchValue'

2023-09-20 12:04:20 - [TEST_STEP][PASSED] - click(findTestObject(path_CCSearch + "button_Submit")): Object: 'Object Repository/AdminSuiteBootstrap_Pages/VT_Bootstrap/CCCreditOrVoidSearch/button_Submit' is clicked on

2023-09-20 12:04:20 - [MESSAGE][PASSED] - Object: 'Object Repository/AdminSuiteBootstrap_Pages/VT_Bootstrap/CCCreditOrVoidSearch/button_Submit' is clicked on

2023-09-20 12:04:20 - [TEST_STEP][PASSED] - click(findTestObject(path_SearchResults + "button_PaymentID")): Object: 'Object Repository/AdminSuiteBootstrap_Pages/VT_Bootstrap/SearchResults/button_PaymentID' is clicked on

2023-09-20 12:04:21 - [MESSAGE][PASSED] - Object: 'Object Repository/AdminSuiteBootstrap_Pages/VT_Bootstrap/SearchResults/button_PaymentID' is clicked on

2023-09-20 12:04:21 - [TEST_STEP][PASSED] - verifyTextPresent("Tender Type", true): Text 'Tender Type' is present on page  using regular expression

2023-09-20 12:04:22 - [MESSAGE][PASSED] - Text 'Tender Type' is present on page  using regular expression

2023-09-20 12:04:22 - [TEST_STEP][PASSED] - verifyTextPresent("Transaction Type", true): Text 'Transaction Type' is present on page  using regular expression

2023-09-20 12:04:22 - [MESSAGE][PASSED] - Text 'Transaction Type' is present on page  using regular expression

2023-09-20 12:04:22 - [TEST_STEP][PASSED] - verifyTextPresent("Transaction Posted by", true): Text 'Transaction Posted by' is present on page  using regular expression

2023-09-20 12:04:23 - [MESSAGE][PASSED] - Text 'Transaction Posted by' is present on page  using regular expression

2023-09-20 12:04:23 - [TEST_STEP][PASSED] - verifyTextPresent("iahmed", true): Text 'iahmed' is present on page  using regular expression

2023-09-20 12:04:23 - [MESSAGE][PASSED] - Text 'iahmed' is present on page  using regular expression

2023-09-20 12:04:23 - [TEST_STEP][PASSED] - verifyTextPresent("Debit", true): Text 'Debit' is present on page  using regular expression

2023-09-20 12:04:23 - [MESSAGE][PASSED] - Text 'Debit' is present on page  using regular expression

2023-09-20 12:04:23 - [TEST_STEP][PASSED] - click(findTestObject(path_TranxDetails + "a_Void this transaction")): Object: 'Object Repository/AdminSuiteBootstrap_Pages/VT_Bootstrap/TransactionDetails/a_Void this transaction' is clicked on

2023-09-20 12:04:24 - [MESSAGE][PASSED] - Object: 'Object Repository/AdminSuiteBootstrap_Pages/VT_Bootstrap/TransactionDetails/a_Void this transaction' is clicked on

2023-09-20 12:04:24 - [TEST_STEP][PASSED] - verifyTextPresent("The following transaction will be voided", true): Text 'The following transaction will be voided' is present on page  using regular expression

2023-09-20 12:04:24 - [MESSAGE][PASSED] - Text 'The following transaction will be voided' is present on page  using regular expression

2023-09-20 12:04:24 - [TEST_STEP][PASSED] - verifyTextPresent("Please press submit to continue", true): Text 'Please press submit to continue' is present on page  using regular expression

2023-09-20 12:04:25 - [MESSAGE][PASSED] - Text 'Please press submit to continue' is present on page  using regular expression

2023-09-20 12:04:25 - [TEST_STEP][PASSED] - click(findTestObject(path_TranxDetails + "button_Submit")): Object: 'Object Repository/AdminSuiteBootstrap_Pages/VT_Bootstrap/TransactionDetails/button_Submit' is clicked on

2023-09-20 12:04:26 - [MESSAGE][PASSED] - Object: 'Object Repository/AdminSuiteBootstrap_Pages/VT_Bootstrap/TransactionDetails/button_Submit' is clicked on

2023-09-20 12:04:26 - [TEST_STEP][PASSED] - verifyTextPresent("Transaction Successful", true): Text 'Transaction Successful' is present on page  using regular expression

2023-09-20 12:04:26 - [MESSAGE][PASSED] - Text 'Transaction Successful' is present on page  using regular expression

2023-09-20 12:04:26 - [TEST_STEP][PASSED] - verifyTextPresent("Transaction Type", true): Text 'Transaction Type' is present on page  using regular expression

2023-09-20 12:04:27 - [MESSAGE][PASSED] - Text 'Transaction Type' is present on page  using regular expression

2023-09-20 12:04:27 - [TEST_STEP][PASSED] - verifyTextPresent("Void", true): Text 'Void' is present on page  using regular expression

2023-09-20 12:04:27 - [MESSAGE][PASSED] - Text 'Void' is present on page  using regular expression

2023-09-20 12:04:27 - [TEST_STEP][PASSED] - closeBrowser(): Browser is closed

2023-09-20 12:04:28 - [MESSAGE][PASSED] - Browser is closed

2023-09-20 12:04:28 - [TEST_STEP][PASSED] - ExecuteTC = findTestData(dataFile).getValue("Execute", row): null

2023-09-20 12:04:28 - [TEST_STEP][PASSED] - out.println("Value of Execute is : " + ExecuteTC): null

2023-09-20 12:04:28 - [TEST_STEP][PASSED] - switch (executionProfile): null

2023-09-20 12:04:28 - [TEST_STEP][PASSED] - case "QA2Profile":: null

2023-09-20 12:04:28 - [TEST_STEP][PASSED] - appName = findTestData(dataFile).getValue("AppNameQA", row): null

2023-09-20 12:04:28 - [TEST_STEP][PASSED] - appID = findTestData(dataFile).getValue("AppIDQA", row): null

2023-09-20 12:04:28 - [TEST_STEP][PASSED] - break: null

2023-09-20 12:04:28 - [TEST_STEP][PASSED] - hrefAppID = li_1 + appID + li_2: null

2023-09-20 12:04:28 - [TEST_STEP][PASSED] - hrefApp = li_1 + appID + "/": null

2023-09-20 12:04:28 - [TEST_STEP][PASSED] - println("hrefApp : " + hrefApp): null

2023-09-20 12:04:28 - [TEST_STEP][PASSED] - if (ExecuteTC.equalsIgnoreCase("Y")): Browser is closed

2023-09-20 12:04:28 - [TEST_STEP][PASSED] - out.println("Begin Record Number: " + row): null

2023-09-20 12:04:28 - [TEST_STEP][PASSED] - today = new java.util.Date(): null

2023-09-20 12:04:28 - [TEST_STEP][PASSED] - println(today): null

2023-09-20 12:04:28 - [TEST_STEP][PASSED] - datText = today: null

2023-09-20 12:04:28 - [TEST_STEP][PASSED] - adminSuiteBootstrap.loginFunctionality.login_AdminSuite(): adminSuiteBootstrap.loginFunctionality.login_AdminSuite is PASSED

2023-09-20 12:04:28 - [MESSAGE][INFO] - Starting 'Chrome' driver

2023-09-20 12:04:28 - [MESSAGE][INFO] - User set preference: ['acceptInsecureCerts', 'true']

2023-09-20 12:04:28 - [MESSAGE][INFO] - Action delay is set to 0 milliseconds

2023-09-20 12:04:31 - [MESSAGE][PASSED] - Browser is opened with url: 'https://qa2.velocitypayment.com/admin/imtiaz'

2023-09-20 12:04:31 - [MESSAGE][PASSED] - Current window maximized

2023-09-20 12:04:32 - [MESSAGE][PASSED] - Object 'Object Repository/Login_Page/Login_Username_Okta' is present

2023-09-20 12:04:32 - [MESSAGE][PASSED] - Text 'iahmed' is set on object 'Object Repository/Login_Page/Login_Username_Okta'

2023-09-20 12:04:33 - [MESSAGE][PASSED] - Text 'Hello1111111@' is set on object 'Object Repository/Login_Page/Login_Password_Okta'

2023-09-20 12:04:34 - [MESSAGE][PASSED] - Object: 'Object Repository/Login_Page/Login_Submit_Okta' is clicked on

2023-09-20 12:04:34 - [MESSAGE][PASSED] - adminSuiteBootstrap.loginFunctionality.login_AdminSuite is PASSED

2023-09-20 12:04:34 - [TEST_STEP][PASSED] - click(findTestObject(path_Dashboard + appName)): Object: 'Object Repository/AdminSuiteBootstrap_Pages/Dashboard_Bootstrap/a_Access AutoSingleCFtpQA' is clicked on

2023-09-20 12:04:41 - [MESSAGE][PASSED] - Object: 'Object Repository/AdminSuiteBootstrap_Pages/Dashboard_Bootstrap/a_Access AutoSingleCFtpQA' is clicked on

2023-09-20 12:04:41 - [TEST_STEP][PASSED] - click(findTestObject(path_VT + "button_Debit")): Object: 'Object Repository/AdminSuiteBootstrap_Pages/VT_Bootstrap/IssueTransactions/button_Debit' is clicked on

2023-09-20 12:04:41 - [MESSAGE][PASSED] - Object: 'Object Repository/AdminSuiteBootstrap_Pages/VT_Bootstrap/IssueTransactions/button_Debit' is clicked on

2023-09-20 12:04:41 - [TEST_STEP][PASSED] - click(findTestObject(path_VT + "a_Personal")): Object: 'Object Repository/AdminSuiteBootstrap_Pages/VT_Bootstrap/IssueTransactions/a_Personal' is clicked on

2023-09-20 12:04:42 - [MESSAGE][PASSED] - Object: 'Object Repository/AdminSuiteBootstrap_Pages/VT_Bootstrap/IssueTransactions/a_Personal' is clicked on

2023-09-20 12:04:42 - [TEST_STEP][PASSED] - adminSuiteBootstrap.debitPersonalsetData.debitPersonal_DataDriven(row, dataFile): adminSuiteBootstrap.debitPersonalsetData.debitPersonal_DataDriven is PASSED

2023-09-20 12:04:44 - [MESSAGE][PASSED] - Text 'Alisha' is set on object 'Object Repository/AdminSuiteBootstrap_Pages/VT_Bootstrap/ACHPersonal/input_firstName'

2023-09-20 12:04:45 - [MESSAGE][PASSED] - Text 'Slusarski' is set on object 'Object Repository/AdminSuiteBootstrap_Pages/VT_Bootstrap/ACHPersonal/input_lastName'

2023-09-20 12:04:46 - [MESSAGE][PASSED] - Text '3273 State St' is set on object 'Object Repository/AdminSuiteBootstrap_Pages/VT_Bootstrap/ACHPersonal/input_address'

2023-09-20 12:04:46 - [MESSAGE][PASSED] - Text 'apt #4' is set on object 'Object Repository/AdminSuiteBootstrap_Pages/VT_Bootstrap/ACHPersonal/input_address2'

2023-09-20 12:04:47 - [MESSAGE][PASSED] - Text '22201' is set on object 'Object Repository/AdminSuiteBootstrap_Pages/VT_Bootstrap/ACHPersonal/input_zip'

2023-09-20 12:04:48 - [MESSAGE][PASSED] - Text '' is set on object 'Object Repository/AdminSuiteBootstrap_Pages/VT_Bootstrap/ACHPersonal/input_emailAddress'

2023-09-20 12:04:49 - [MESSAGE][PASSED] - Text '' is set on object 'Object Repository/AdminSuiteBootstrap_Pages/VT_Bootstrap/ACHPersonal/input_smsNumber'

2023-09-20 12:04:50 - [MESSAGE][PASSED] - Text '45682004' is set on object 'Object Repository/AdminSuiteBootstrap_Pages/VT_Bootstrap/ACHPersonal/input_accountNumber'

2023-09-20 12:04:50 - [MESSAGE][PASSED] - Text '256072691' is set on object 'Object Repository/AdminSuiteBootstrap_Pages/VT_Bootstrap/ACHPersonal/input_routingNumber'

2023-09-20 12:04:51 - [MESSAGE][PASSED] - All options with label 'Savings' are selected in object 'Object Repository/AdminSuiteBootstrap_Pages/VT_Bootstrap/ACHPersonal/select_AccountType'  using regular expression

2023-09-20 12:04:53 - [MESSAGE][PASSED] - All options with label 'TEL - Telephone-Initiated Entry' are selected in object 'Object Repository/AdminSuiteBootstrap_Pages/VT_Bootstrap/ACHPersonal/select_STD'  using regular expression

2023-09-20 12:04:53 - [MESSAGE][PASSED] - Text '11.5' is set on object 'Object Repository/AdminSuiteBootstrap_Pages/VT_Bootstrap/ACHPersonal/input_amount'

2023-09-20 12:04:54 - [MESSAGE][PASSED] - Text 'Denmark' is set on object 'Object Repository/AdminSuiteBootstrap_Pages/VT_Bootstrap/ACHPersonal/input_userDefined1'

2023-09-20 12:04:55 - [MESSAGE][PASSED] - Text 'Australia' is set on object 'Object Repository/AdminSuiteBootstrap_Pages/VT_Bootstrap/ACHPersonal/input_userDefined2'

2023-09-20 12:04:56 - [MESSAGE][PASSED] - Text 'Austria' is set on object 'Object Repository/AdminSuiteBootstrap_Pages/VT_Bootstrap/ACHPersonal/input_userDefined3'

2023-09-20 12:04:56 - [MESSAGE][PASSED] - Text 'Sweden' is set on object 'Object Repository/AdminSuiteBootstrap_Pages/VT_Bootstrap/ACHPersonal/input_userDefined4'

2023-09-20 12:04:57 - [MESSAGE][PASSED] - All options with label 'Yellow' are selected in object 'Object Repository/AdminSuiteBootstrap_Pages/VT_Bootstrap/ACHPersonal/select_UDF5'  using regular expression

2023-09-20 12:04:58 - [MESSAGE][PASSED] - All options with label 'Orange' are selected in object 'Object Repository/AdminSuiteBootstrap_Pages/VT_Bootstrap/ACHPersonal/select_UDF6'  using regular expression

2023-09-20 12:04:59 - [MESSAGE][PASSED] - Text 'Netherlands' is set on object 'Object Repository/AdminSuiteBootstrap_Pages/VT_Bootstrap/ACHPersonal/input_userDefined7'

2023-09-20 12:05:00 - [MESSAGE][PASSED] - Text 'Norway' is set on object 'Object Repository/AdminSuiteBootstrap_Pages/VT_Bootstrap/ACHPersonal/input_userDefined8'

2023-09-20 12:05:00 - [MESSAGE][PASSED] - Text 'France' is set on object 'Object Repository/AdminSuiteBootstrap_Pages/VT_Bootstrap/ACHPersonal/input_userDefined9'

2023-09-20 12:05:01 - [MESSAGE][PASSED] - Text 'Switzerland' is set on object 'Object Repository/AdminSuiteBootstrap_Pages/VT_Bootstrap/ACHPersonal/input_userDefined10'

2023-09-20 12:05:02 - [MESSAGE][PASSED] - Object: 'Object Repository/AdminSuiteBootstrap_Pages/VT_Bootstrap/ACHPersonal/button_Submit' is clicked on

2023-09-20 12:05:02 - [MESSAGE][PASSED] - adminSuiteBootstrap.debitPersonalsetData.debitPersonal_DataDriven is PASSED

2023-09-20 12:05:02 - [TEST_STEP][PASSED] - if (verifyTextPresent("Transaction Successful", true)): null

2023-09-20 12:05:03 - [MESSAGE][PASSED] - Text 'Transaction Successful' is present on page  using regular expression

2023-09-20 12:05:03 - [TEST_STEP][PASSED] - sdf = getText(findTestObject(path_Receipt + "td_AutoNoC031622113752957Ahm")): Text of object 'Object Repository/AdminSuiteBootstrap_Pages/VT_Bootstrap/Receipt/td_AutoNoC031622113752957Ahm' is: 'AutoSingle092023120205Ahm'

2023-09-20 12:05:03 - [MESSAGE][PASSED] - Text of object 'Object Repository/AdminSuiteBootstrap_Pages/VT_Bootstrap/Receipt/td_AutoNoC031622113752957Ahm' is: 'AutoSingle092023120205Ahm'

2023-09-20 12:05:03 - [TEST_STEP][PASSED] - out.println("sdf: " + sdf): null

2023-09-20 12:05:03 - [TEST_STEP][PASSED] - remID = sdf: null

2023-09-20 12:05:03 - [TEST_STEP][PASSED] - out.println("remID: " + remID): null

2023-09-20 12:05:03 - [TEST_STEP][PASSED] - click(findTestObject(path_Receipt + "button_Continue")): Object: 'Object Repository/AdminSuiteBootstrap_Pages/VT_Bootstrap/Receipt/button_Continue' is clicked on

2023-09-20 12:05:04 - [MESSAGE][PASSED] - Object: 'Object Repository/AdminSuiteBootstrap_Pages/VT_Bootstrap/Receipt/button_Continue' is clicked on

2023-09-20 12:05:04 - [TEST_STEP][PASSED] - click(findTestObject(path_VT + "a_Search Transactions")): Object: 'Object Repository/AdminSuiteBootstrap_Pages/VT_Bootstrap/IssueTransactions/a_Search Transactions' is clicked on

2023-09-20 12:05:05 - [MESSAGE][PASSED] - Object: 'Object Repository/AdminSuiteBootstrap_Pages/VT_Bootstrap/IssueTransactions/a_Search Transactions' is clicked on

2023-09-20 12:05:05 - [TEST_STEP][PASSED] - setText(findTestObject(path_CCSearch + "input_Search By_searchValue"), remID): Text 'AutoSingle092023120205Ahm' is set on object 'Object Repository/AdminSuiteBootstrap_Pages/VT_Bootstrap/CCCreditOrVoidSearch/input_Search By_searchValue'

2023-09-20 12:05:06 - [MESSAGE][PASSED] - Text 'AutoSingle092023120205Ahm' is set on object 'Object Repository/AdminSuiteBootstrap_Pages/VT_Bootstrap/CCCreditOrVoidSearch/input_Search By_searchValue'

2023-09-20 12:05:06 - [TEST_STEP][PASSED] - click(findTestObject(path_CCSearch + "button_Submit")): Object: 'Object Repository/AdminSuiteBootstrap_Pages/VT_Bootstrap/CCCreditOrVoidSearch/button_Submit' is clicked on

2023-09-20 12:05:06 - [MESSAGE][PASSED] - Object: 'Object Repository/AdminSuiteBootstrap_Pages/VT_Bootstrap/CCCreditOrVoidSearch/button_Submit' is clicked on

2023-09-20 12:05:06 - [TEST_STEP][PASSED] - click(findTestObject(path_SearchResults + "button_PaymentID")): Object: 'Object Repository/AdminSuiteBootstrap_Pages/VT_Bootstrap/SearchResults/button_PaymentID' is clicked on

2023-09-20 12:05:07 - [MESSAGE][PASSED] - Object: 'Object Repository/AdminSuiteBootstrap_Pages/VT_Bootstrap/SearchResults/button_PaymentID' is clicked on

2023-09-20 12:05:07 - [TEST_STEP][PASSED] - verifyTextPresent("Tender Type", true): Text 'Tender Type' is present on page  using regular expression

2023-09-20 12:05:08 - [MESSAGE][PASSED] - Text 'Tender Type' is present on page  using regular expression

2023-09-20 12:05:08 - [TEST_STEP][PASSED] - verifyTextPresent("Transaction Type", true): Text 'Transaction Type' is present on page  using regular expression

2023-09-20 12:05:08 - [MESSAGE][PASSED] - Text 'Transaction Type' is present on page  using regular expression

2023-09-20 12:05:08 - [TEST_STEP][PASSED] - verifyTextPresent("Transaction Posted by", true): Text 'Transaction Posted by' is present on page  using regular expression

2023-09-20 12:05:09 - [MESSAGE][PASSED] - Text 'Transaction Posted by' is present on page  using regular expression

2023-09-20 12:05:09 - [TEST_STEP][PASSED] - verifyTextPresent("iahmed", true): Text 'iahmed' is present on page  using regular expression

2023-09-20 12:05:09 - [MESSAGE][PASSED] - Text 'iahmed' is present on page  using regular expression

2023-09-20 12:05:09 - [TEST_STEP][PASSED] - verifyTextPresent("Debit", true): Text 'Debit' is present on page  using regular expression

2023-09-20 12:05:09 - [MESSAGE][PASSED] - Text 'Debit' is present on page  using regular expression

2023-09-20 12:05:09 - [TEST_STEP][PASSED] - click(findTestObject(path_TranxDetails + "a_Void this transaction")): Object: 'Object Repository/AdminSuiteBootstrap_Pages/VT_Bootstrap/TransactionDetails/a_Void this transaction' is clicked on

2023-09-20 12:05:10 - [MESSAGE][PASSED] - Object: 'Object Repository/AdminSuiteBootstrap_Pages/VT_Bootstrap/TransactionDetails/a_Void this transaction' is clicked on

2023-09-20 12:05:10 - [TEST_STEP][PASSED] - verifyTextPresent("The following transaction will be voided", true): Text 'The following transaction will be voided' is present on page  using regular expression

2023-09-20 12:05:11 - [MESSAGE][PASSED] - Text 'The following transaction will be voided' is present on page  using regular expression

2023-09-20 12:05:11 - [TEST_STEP][PASSED] - verifyTextPresent("Please press submit to continue", true): Text 'Please press submit to continue' is present on page  using regular expression

2023-09-20 12:05:11 - [MESSAGE][PASSED] - Text 'Please press submit to continue' is present on page  using regular expression

2023-09-20 12:05:11 - [TEST_STEP][PASSED] - click(findTestObject(path_TranxDetails + "button_Submit")): Object: 'Object Repository/AdminSuiteBootstrap_Pages/VT_Bootstrap/TransactionDetails/button_Submit' is clicked on

2023-09-20 12:05:12 - [MESSAGE][PASSED] - Object: 'Object Repository/AdminSuiteBootstrap_Pages/VT_Bootstrap/TransactionDetails/button_Submit' is clicked on

2023-09-20 12:05:12 - [TEST_STEP][PASSED] - verifyTextPresent("Transaction Successful", true): Text 'Transaction Successful' is present on page  using regular expression

2023-09-20 12:05:13 - [MESSAGE][PASSED] - Text 'Transaction Successful' is present on page  using regular expression

2023-09-20 12:05:13 - [TEST_STEP][PASSED] - verifyTextPresent("Transaction Type", true): Text 'Transaction Type' is present on page  using regular expression

2023-09-20 12:05:13 - [MESSAGE][PASSED] - Text 'Transaction Type' is present on page  using regular expression

2023-09-20 12:05:13 - [TEST_STEP][PASSED] - verifyTextPresent("Void", true): Text 'Void' is present on page  using regular expression

2023-09-20 12:05:13 - [MESSAGE][PASSED] - Text 'Void' is present on page  using regular expression

2023-09-20 12:05:13 - [TEST_STEP][PASSED] - closeBrowser(): Browser is closed

2023-09-20 12:05:14 - [MESSAGE][PASSED] - Browser is closed]]></system-out>
         <system-err><![CDATA[]]></system-err>
      </testcase>
      <testcase name="Test Cases/Admin Suite Bootstrap/VT_ACH_TestCases/DebitPersonal_TP_DualCF_Generic_Payment_TC" time="218.885" classname="Test Cases/Admin Suite Bootstrap/VT_ACH_TestCases/DebitPersonal_TP_DualCF_Generic_Payment_TC" status="PASSED">
         <system-out><![CDATA[2023-09-20 12:05:14 - [TEST_CASE][PASSED] - Test Cases/Admin Suite Bootstrap/VT_ACH_TestCases/DebitPersonal_TP_DualCF_Generic_Payment_TC: Test Cases/Admin Suite Bootstrap/VT_ACH_TestCases/DebitPersonal_TP_DualCF_Generic_Payment_TC

2023-09-20 12:05:15 - [TEST_STEP][PASSED] - path_Dashboard = "Object Repository/AdminSuiteBootstrap_Pages/Dashboard_Bootstrap/": null

2023-09-20 12:05:15 - [TEST_STEP][PASSED] - path_VT = "Object Repository/AdminSuiteBootstrap_Pages/VT_Bootstrap/IssueTransactions/": null

2023-09-20 12:05:15 - [TEST_STEP][PASSED] - li_1 = vpos_Prefix: null

2023-09-20 12:05:15 - [TEST_STEP][PASSED] - li_2 = "/transactions/AuthCapForm/": null

2023-09-20 12:05:15 - [TEST_STEP][PASSED] - executionProfile = getExecutionProfile(): null

2023-09-20 12:05:15 - [TEST_STEP][PASSED] - out.println("executionProfile : " + executionProfile): null

2023-09-20 12:05:15 - [TEST_STEP][PASSED] - appName = <not implemented yet for class: org.codehaus.groovy.ast.expr.EmptyExpression>: null

2023-09-20 12:05:15 - [TEST_STEP][PASSED] - appID = <not implemented yet for class: org.codehaus.groovy.ast.expr.EmptyExpression>: null

2023-09-20 12:05:15 - [TEST_STEP][PASSED] - cardNameV = <not implemented yet for class: org.codehaus.groovy.ast.expr.EmptyExpression>: null

2023-09-20 12:05:15 - [TEST_STEP][PASSED] - al1V = <not implemented yet for class: org.codehaus.groovy.ast.expr.EmptyExpression>: null

2023-09-20 12:05:15 - [TEST_STEP][PASSED] - al2V = <not implemented yet for class: org.codehaus.groovy.ast.expr.EmptyExpression>: null

2023-09-20 12:05:15 - [TEST_STEP][PASSED] - zipV = <not implemented yet for class: org.codehaus.groovy.ast.expr.EmptyExpression>: null

2023-09-20 12:05:15 - [TEST_STEP][PASSED] - accType = <not implemented yet for class: org.codehaus.groovy.ast.expr.EmptyExpression>: null

2023-09-20 12:05:15 - [TEST_STEP][PASSED] - last4V = <not implemented yet for class: org.codehaus.groovy.ast.expr.EmptyExpression>: null

2023-09-20 12:05:15 - [TEST_STEP][PASSED] - resText = "Fail": null

2023-09-20 12:05:15 - [TEST_STEP][PASSED] - resColumn = "Result": null

2023-09-20 12:05:15 - [TEST_STEP][PASSED] - datCloumn = "Date": null

2023-09-20 12:05:15 - [TEST_STEP][PASSED] - fileLoc = "C:\KatalonData\Bootstrap\VT-ACH-Data.xlsx": null

2023-09-20 12:05:15 - [TEST_STEP][PASSED] - numOfRows = <not implemented yet for class: org.codehaus.groovy.ast.expr.EmptyExpression>: null

2023-09-20 12:05:15 - [TEST_STEP][PASSED] - dataFile = <not implemented yet for class: org.codehaus.groovy.ast.expr.EmptyExpression>: null

2023-09-20 12:05:15 - [TEST_STEP][PASSED] - nameSheet = <not implemented yet for class: org.codehaus.groovy.ast.expr.EmptyExpression>: null

2023-09-20 12:05:15 - [TEST_STEP][PASSED] - nameSheet = "VT-ACHPersonal-DualCF-Generic": null

2023-09-20 12:05:15 - [TEST_STEP][PASSED] - numOfRows = findTestData("QA/Bootstrap/VT-ACH-TestData/VT-DebitData-DualCF-Generic").getRowNumbers(): null

2023-09-20 12:05:15 - [TEST_STEP][PASSED] - println("Number of Records: " + numOfRows): null

2023-09-20 12:05:15 - [TEST_STEP][PASSED] - dataFile = "QA/Bootstrap/VT-ACH-TestData/VT-DebitData-DualCF-Generic": null

2023-09-20 12:05:15 - [TEST_STEP][PASSED] - for ([row = 1, row <= numOfRows, (row++)]): Browser is closed

2023-09-20 12:05:15 - [TEST_STEP][PASSED] - ExecuteTC = findTestData(dataFile).getValue("Execute", row): null

2023-09-20 12:05:15 - [TEST_STEP][PASSED] - out.println("Value of Execute is : " + ExecuteTC): null

2023-09-20 12:05:15 - [TEST_STEP][PASSED] - switch (executionProfile): null

2023-09-20 12:05:15 - [TEST_STEP][PASSED] - case "QA2Profile":: null

2023-09-20 12:05:15 - [TEST_STEP][PASSED] - appName = findTestData(dataFile).getValue("AppNameQA", row): null

2023-09-20 12:05:15 - [TEST_STEP][PASSED] - appID = findTestData(dataFile).getValue("AppIDQA", row): null

2023-09-20 12:05:15 - [TEST_STEP][PASSED] - break: null

2023-09-20 12:05:15 - [TEST_STEP][PASSED] - hrefAppID = li_1 + appID + li_2: null

2023-09-20 12:05:15 - [TEST_STEP][PASSED] - hrefApp = li_1 + appID + "/": null

2023-09-20 12:05:15 - [TEST_STEP][PASSED] - println("hrefApp : " + hrefApp): null

2023-09-20 12:05:15 - [TEST_STEP][PASSED] - if (ExecuteTC.equalsIgnoreCase("Y")): Browser is closed

2023-09-20 12:05:15 - [TEST_STEP][PASSED] - out.println("Begin Record Number: " + row): null

2023-09-20 12:05:15 - [TEST_STEP][PASSED] - today = new java.util.Date(): null

2023-09-20 12:05:15 - [TEST_STEP][PASSED] - println(today): null

2023-09-20 12:05:15 - [TEST_STEP][PASSED] - datText = today: null

2023-09-20 12:05:15 - [TEST_STEP][PASSED] - adminSuiteBootstrap.loginFunctionality.login_AdminSuite(): adminSuiteBootstrap.loginFunctionality.login_AdminSuite is PASSED

2023-09-20 12:05:15 - [MESSAGE][INFO] - Starting 'Chrome' driver

2023-09-20 12:05:15 - [MESSAGE][INFO] - User set preference: ['acceptInsecureCerts', 'true']

2023-09-20 12:05:15 - [MESSAGE][INFO] - Action delay is set to 0 milliseconds

2023-09-20 12:05:18 - [MESSAGE][PASSED] - Browser is opened with url: 'https://qa2.velocitypayment.com/admin/imtiaz'

2023-09-20 12:05:18 - [MESSAGE][PASSED] - Current window maximized

2023-09-20 12:05:19 - [MESSAGE][PASSED] - Object 'Object Repository/Login_Page/Login_Username_Okta' is present

2023-09-20 12:05:19 - [MESSAGE][PASSED] - Text 'iahmed' is set on object 'Object Repository/Login_Page/Login_Username_Okta'

2023-09-20 12:05:20 - [MESSAGE][PASSED] - Text 'Hello1111111@' is set on object 'Object Repository/Login_Page/Login_Password_Okta'

2023-09-20 12:05:21 - [MESSAGE][PASSED] - Object: 'Object Repository/Login_Page/Login_Submit_Okta' is clicked on

2023-09-20 12:05:21 - [MESSAGE][PASSED] - adminSuiteBootstrap.loginFunctionality.login_AdminSuite is PASSED

2023-09-20 12:05:21 - [TEST_STEP][PASSED] - click(findTestObject(path_Dashboard + appName)): Object: 'Object Repository/AdminSuiteBootstrap_Pages/Dashboard_Bootstrap/a_Access AutoDualCFtpQA' is clicked on

2023-09-20 12:05:29 - [MESSAGE][PASSED] - Object: 'Object Repository/AdminSuiteBootstrap_Pages/Dashboard_Bootstrap/a_Access AutoDualCFtpQA' is clicked on

2023-09-20 12:05:29 - [TEST_STEP][PASSED] - click(findTestObject(path_VT + "button_Debit")): Object: 'Object Repository/AdminSuiteBootstrap_Pages/VT_Bootstrap/IssueTransactions/button_Debit' is clicked on

2023-09-20 12:05:29 - [MESSAGE][PASSED] - Object: 'Object Repository/AdminSuiteBootstrap_Pages/VT_Bootstrap/IssueTransactions/button_Debit' is clicked on

2023-09-20 12:05:29 - [TEST_STEP][PASSED] - click(findTestObject(path_VT + "a_Personal")): Object: 'Object Repository/AdminSuiteBootstrap_Pages/VT_Bootstrap/IssueTransactions/a_Personal' is clicked on

2023-09-20 12:05:30 - [MESSAGE][PASSED] - Object: 'Object Repository/AdminSuiteBootstrap_Pages/VT_Bootstrap/IssueTransactions/a_Personal' is clicked on

2023-09-20 12:05:30 - [TEST_STEP][PASSED] - adminSuiteBootstrap.debitPersonalsetData.debitPersonal_DataDriven(row, dataFile): adminSuiteBootstrap.debitPersonalsetData.debitPersonal_DataDriven is PASSED

2023-09-20 12:05:33 - [MESSAGE][PASSED] - Text 'John' is set on object 'Object Repository/AdminSuiteBootstrap_Pages/VT_Bootstrap/ACHPersonal/input_firstName'

2023-09-20 12:05:33 - [MESSAGE][PASSED] - Text 'Gordonas' is set on object 'Object Repository/AdminSuiteBootstrap_Pages/VT_Bootstrap/ACHPersonal/input_lastName'

2023-09-20 12:05:34 - [MESSAGE][PASSED] - Text '133 Meadow Ln' is set on object 'Object Repository/AdminSuiteBootstrap_Pages/VT_Bootstrap/ACHPersonal/input_address'

2023-09-20 12:05:35 - [MESSAGE][PASSED] - Text 'apt #123' is set on object 'Object Repository/AdminSuiteBootstrap_Pages/VT_Bootstrap/ACHPersonal/input_address2'

2023-09-20 12:05:35 - [MESSAGE][PASSED] - Text '22201' is set on object 'Object Repository/AdminSuiteBootstrap_Pages/VT_Bootstrap/ACHPersonal/input_zip'

2023-09-20 12:05:36 - [MESSAGE][PASSED] - Text '' is set on object 'Object Repository/AdminSuiteBootstrap_Pages/VT_Bootstrap/ACHPersonal/input_emailAddress'

2023-09-20 12:05:37 - [MESSAGE][PASSED] - Text '' is set on object 'Object Repository/AdminSuiteBootstrap_Pages/VT_Bootstrap/ACHPersonal/input_smsNumber'

2023-09-20 12:05:38 - [MESSAGE][PASSED] - Text '45671001' is set on object 'Object Repository/AdminSuiteBootstrap_Pages/VT_Bootstrap/ACHPersonal/input_accountNumber'

2023-09-20 12:05:39 - [MESSAGE][PASSED] - Text '256072691' is set on object 'Object Repository/AdminSuiteBootstrap_Pages/VT_Bootstrap/ACHPersonal/input_routingNumber'

2023-09-20 12:05:40 - [MESSAGE][PASSED] - All options with label 'Checking' are selected in object 'Object Repository/AdminSuiteBootstrap_Pages/VT_Bootstrap/ACHPersonal/select_AccountType'  using regular expression

2023-09-20 12:05:41 - [MESSAGE][PASSED] - All options with label 'PPD - Prearranged Payment and Deposit Entry' are selected in object 'Object Repository/AdminSuiteBootstrap_Pages/VT_Bootstrap/ACHPersonal/select_STD'  using regular expression

2023-09-20 12:05:42 - [MESSAGE][PASSED] - Text '11.5' is set on object 'Object Repository/AdminSuiteBootstrap_Pages/VT_Bootstrap/ACHPersonal/input_amount'

2023-09-20 12:05:43 - [MESSAGE][PASSED] - Text 'Denmark' is set on object 'Object Repository/AdminSuiteBootstrap_Pages/VT_Bootstrap/ACHPersonal/input_userDefined1'

2023-09-20 12:05:44 - [MESSAGE][PASSED] - Text 'Australia' is set on object 'Object Repository/AdminSuiteBootstrap_Pages/VT_Bootstrap/ACHPersonal/input_userDefined2'

2023-09-20 12:05:45 - [MESSAGE][PASSED] - Text 'Austria' is set on object 'Object Repository/AdminSuiteBootstrap_Pages/VT_Bootstrap/ACHPersonal/input_userDefined3'

2023-09-20 12:05:46 - [MESSAGE][PASSED] - Text 'Sweden' is set on object 'Object Repository/AdminSuiteBootstrap_Pages/VT_Bootstrap/ACHPersonal/input_userDefined4'

2023-09-20 12:05:47 - [MESSAGE][PASSED] - All options with label 'Yellow' are selected in object 'Object Repository/AdminSuiteBootstrap_Pages/VT_Bootstrap/ACHPersonal/select_UDF5'  using regular expression

2023-09-20 12:05:48 - [MESSAGE][PASSED] - All options with label 'Orange' are selected in object 'Object Repository/AdminSuiteBootstrap_Pages/VT_Bootstrap/ACHPersonal/select_UDF6'  using regular expression

2023-09-20 12:05:48 - [MESSAGE][PASSED] - Text 'Netherlands' is set on object 'Object Repository/AdminSuiteBootstrap_Pages/VT_Bootstrap/ACHPersonal/input_userDefined7'

2023-09-20 12:05:49 - [MESSAGE][PASSED] - Text 'Norway' is set on object 'Object Repository/AdminSuiteBootstrap_Pages/VT_Bootstrap/ACHPersonal/input_userDefined8'

2023-09-20 12:05:50 - [MESSAGE][PASSED] - Text 'France' is set on object 'Object Repository/AdminSuiteBootstrap_Pages/VT_Bootstrap/ACHPersonal/input_userDefined9'

2023-09-20 12:05:50 - [MESSAGE][PASSED] - Text 'Switzerland' is set on object 'Object Repository/AdminSuiteBootstrap_Pages/VT_Bootstrap/ACHPersonal/input_userDefined10'

2023-09-20 12:05:52 - [MESSAGE][PASSED] - Object: 'Object Repository/AdminSuiteBootstrap_Pages/VT_Bootstrap/ACHPersonal/button_Submit' is clicked on

2023-09-20 12:05:52 - [MESSAGE][PASSED] - adminSuiteBootstrap.debitPersonalsetData.debitPersonal_DataDriven is PASSED

2023-09-20 12:05:52 - [TEST_STEP][PASSED] - verifyTextPresent("Transaction Successful", true): Text 'Transaction Successful' is present on page  using regular expression

2023-09-20 12:05:52 - [MESSAGE][PASSED] - Text 'Transaction Successful' is present on page  using regular expression

2023-09-20 12:05:52 - [TEST_STEP][PASSED] - verifyTextPresent("Remittance ID", true): Text 'Remittance ID' is present on page  using regular expression

2023-09-20 12:05:52 - [MESSAGE][PASSED] - Text 'Remittance ID' is present on page  using regular expression

2023-09-20 12:05:52 - [TEST_STEP][PASSED] - verifyTextPresent("Received", true): Text 'Received' is present on page  using regular expression

2023-09-20 12:05:53 - [MESSAGE][PASSED] - Text 'Received' is present on page  using regular expression

2023-09-20 12:05:53 - [TEST_STEP][PASSED] - verifyTextPresent("UDF1", true): Text 'UDF1' is present on page  using regular expression

2023-09-20 12:05:53 - [MESSAGE][PASSED] - Text 'UDF1' is present on page  using regular expression

2023-09-20 12:05:53 - [TEST_STEP][PASSED] - verifyTextPresent("UDF2", true): Text 'UDF2' is present on page  using regular expression

2023-09-20 12:05:53 - [MESSAGE][PASSED] - Text 'UDF2' is present on page  using regular expression

2023-09-20 12:05:53 - [TEST_STEP][PASSED] - verifyTextPresent("UDF3", true): Text 'UDF3' is present on page  using regular expression

2023-09-20 12:05:54 - [MESSAGE][PASSED] - Text 'UDF3' is present on page  using regular expression

2023-09-20 12:05:54 - [TEST_STEP][PASSED] - verifyTextPresent("UDF4", true): Text 'UDF4' is present on page  using regular expression

2023-09-20 12:05:54 - [MESSAGE][PASSED] - Text 'UDF4' is present on page  using regular expression

2023-09-20 12:05:54 - [TEST_STEP][PASSED] - verifyTextPresent("UDF5", true): Text 'UDF5' is present on page  using regular expression

2023-09-20 12:05:54 - [MESSAGE][PASSED] - Text 'UDF5' is present on page  using regular expression

2023-09-20 12:05:54 - [TEST_STEP][PASSED] - verifyTextPresent("UDF6", true): Text 'UDF6' is present on page  using regular expression

2023-09-20 12:05:55 - [MESSAGE][PASSED] - Text 'UDF6' is present on page  using regular expression

2023-09-20 12:05:55 - [TEST_STEP][PASSED] - verifyTextPresent("UDF7", true): Text 'UDF7' is present on page  using regular expression

2023-09-20 12:05:55 - [MESSAGE][PASSED] - Text 'UDF7' is present on page  using regular expression

2023-09-20 12:05:55 - [TEST_STEP][PASSED] - verifyTextPresent("UDF8", true): Text 'UDF8' is present on page  using regular expression

2023-09-20 12:05:55 - [MESSAGE][PASSED] - Text 'UDF8' is present on page  using regular expression

2023-09-20 12:05:55 - [TEST_STEP][PASSED] - verifyTextPresent("UDF9", true): Text 'UDF9' is present on page  using regular expression

2023-09-20 12:05:56 - [MESSAGE][PASSED] - Text 'UDF9' is present on page  using regular expression

2023-09-20 12:05:56 - [TEST_STEP][PASSED] - verifyTextPresent("UDF 10", true): Text 'UDF 10' is present on page  using regular expression

2023-09-20 12:05:56 - [MESSAGE][PASSED] - Text 'UDF 10' is present on page  using regular expression

2023-09-20 12:05:56 - [TEST_STEP][PASSED] - verifyTextPresent("Australia", true): Text 'Australia' is present on page  using regular expression

2023-09-20 12:05:56 - [MESSAGE][PASSED] - Text 'Australia' is present on page  using regular expression

2023-09-20 12:05:56 - [TEST_STEP][PASSED] - verifyTextPresent("Denmark", true): Text 'Denmark' is present on page  using regular expression

2023-09-20 12:05:57 - [MESSAGE][PASSED] - Text 'Denmark' is present on page  using regular expression

2023-09-20 12:05:57 - [TEST_STEP][PASSED] - verifyTextPresent("Sweden", true): Text 'Sweden' is present on page  using regular expression

2023-09-20 12:05:57 - [MESSAGE][PASSED] - Text 'Sweden' is present on page  using regular expression

2023-09-20 12:05:57 - [TEST_STEP][PASSED] - verifyTextPresent("Austria", true): Text 'Austria' is present on page  using regular expression

2023-09-20 12:05:57 - [MESSAGE][PASSED] - Text 'Austria' is present on page  using regular expression

2023-09-20 12:05:57 - [TEST_STEP][PASSED] - verifyTextPresent("Orange Recorded", true): Text 'Orange Recorded' is present on page  using regular expression

2023-09-20 12:05:58 - [MESSAGE][PASSED] - Text 'Orange Recorded' is present on page  using regular expression

2023-09-20 12:05:58 - [TEST_STEP][PASSED] - verifyTextPresent("Yellow Recorded", true): Text 'Yellow Recorded' is present on page  using regular expression

2023-09-20 12:05:58 - [MESSAGE][PASSED] - Text 'Yellow Recorded' is present on page  using regular expression

2023-09-20 12:05:58 - [TEST_STEP][PASSED] - verifyTextPresent("Norway", true): Text 'Norway' is present on page  using regular expression

2023-09-20 12:05:58 - [MESSAGE][PASSED] - Text 'Norway' is present on page  using regular expression

2023-09-20 12:05:58 - [TEST_STEP][PASSED] - verifyTextPresent("Netherlands", true): Text 'Netherlands' is present on page  using regular expression

2023-09-20 12:05:59 - [MESSAGE][PASSED] - Text 'Netherlands' is present on page  using regular expression

2023-09-20 12:05:59 - [TEST_STEP][PASSED] - verifyTextPresent("Switzerland", true): Text 'Switzerland' is present on page  using regular expression

2023-09-20 12:05:59 - [MESSAGE][PASSED] - Text 'Switzerland' is present on page  using regular expression

2023-09-20 12:05:59 - [TEST_STEP][PASSED] - verifyTextPresent("France", true): Text 'France' is present on page  using regular expression

2023-09-20 12:05:59 - [MESSAGE][PASSED] - Text 'France' is present on page  using regular expression

2023-09-20 12:05:59 - [TEST_STEP][PASSED] - verifyTextPresent("Amount", true): Text 'Amount' is present on page  using regular expression

2023-09-20 12:06:00 - [MESSAGE][PASSED] - Text 'Amount' is present on page  using regular expression

2023-09-20 12:06:00 - [TEST_STEP][PASSED] - verifyTextPresent("Service Fee", true): Text 'Service Fee' is present on page  using regular expression

2023-09-20 12:06:00 - [MESSAGE][PASSED] - Text 'Service Fee' is present on page  using regular expression

2023-09-20 12:06:00 - [TEST_STEP][PASSED] - verifyTextPresent("Service Fee Type", true): Text 'Service Fee Type' is present on page  using regular expression

2023-09-20 12:06:00 - [MESSAGE][PASSED] - Text 'Service Fee Type' is present on page  using regular expression

2023-09-20 12:06:00 - [TEST_STEP][PASSED] - verifyTextPresent("Total Amount", true): Text 'Total Amount' is present on page  using regular expression

2023-09-20 12:06:01 - [MESSAGE][PASSED] - Text 'Total Amount' is present on page  using regular expression

2023-09-20 12:06:01 - [TEST_STEP][PASSED] - verifyTextPresent("Transaction Type", true): Text 'Transaction Type' is present on page  using regular expression

2023-09-20 12:06:01 - [MESSAGE][PASSED] - Text 'Transaction Type' is present on page  using regular expression

2023-09-20 12:06:01 - [TEST_STEP][PASSED] - verifyTextPresent("11.50", true): Text '11.50' is present on page  using regular expression

2023-09-20 12:06:01 - [MESSAGE][PASSED] - Text '11.50' is present on page  using regular expression

2023-09-20 12:06:01 - [TEST_STEP][PASSED] - verifyTextPresent("5.00", true): Text '5.00' is present on page  using regular expression

2023-09-20 12:06:02 - [MESSAGE][PASSED] - Text '5.00' is present on page  using regular expression

2023-09-20 12:06:02 - [TEST_STEP][PASSED] - verifyTextPresent("Dual Transaction", true): Text 'Dual Transaction' is present on page  using regular expression

2023-09-20 12:06:02 - [MESSAGE][PASSED] - Text 'Dual Transaction' is present on page  using regular expression

2023-09-20 12:06:02 - [TEST_STEP][PASSED] - verifyTextPresent("16.50", true): Text '16.50' is present on page  using regular expression

2023-09-20 12:06:02 - [MESSAGE][PASSED] - Text '16.50' is present on page  using regular expression

2023-09-20 12:06:02 - [TEST_STEP][PASSED] - verifyTextPresent("Debit", true): Text 'Debit' is present on page  using regular expression

2023-09-20 12:06:03 - [MESSAGE][PASSED] - Text 'Debit' is present on page  using regular expression

2023-09-20 12:06:03 - [TEST_STEP][PASSED] - verifyTextPresent("Check Information", true): Text 'Check Information' is present on page  using regular expression

2023-09-20 12:06:03 - [MESSAGE][PASSED] - Text 'Check Information' is present on page  using regular expression

2023-09-20 12:06:03 - [TEST_STEP][PASSED] - verifyTextPresent("Account Type", true): Text 'Account Type' is present on page  using regular expression

2023-09-20 12:06:03 - [MESSAGE][PASSED] - Text 'Account Type' is present on page  using regular expression

2023-09-20 12:06:03 - [TEST_STEP][PASSED] - verifyTextPresent("Account Number", true): Text 'Account Number' is present on page  using regular expression

2023-09-20 12:06:04 - [MESSAGE][PASSED] - Text 'Account Number' is present on page  using regular expression

2023-09-20 12:06:04 - [TEST_STEP][PASSED] - verifyTextPresent("Routing Number", true): Text 'Routing Number' is present on page  using regular expression

2023-09-20 12:06:04 - [MESSAGE][PASSED] - Text 'Routing Number' is present on page  using regular expression

2023-09-20 12:06:04 - [TEST_STEP][PASSED] - verifyTextPresent("2691", true): Text '2691' is present on page  using regular expression

2023-09-20 12:06:04 - [MESSAGE][PASSED] - Text '2691' is present on page  using regular expression

2023-09-20 12:06:04 - [TEST_STEP][PASSED] - cardNameV = findTestData(dataFile).getValue("NameV", row): null

2023-09-20 12:06:04 - [TEST_STEP][PASSED] - al1V = findTestData(dataFile).getValue("AL1", row): null

2023-09-20 12:06:04 - [TEST_STEP][PASSED] - al2V = findTestData(dataFile).getValue("AL2", row): null

2023-09-20 12:06:05 - [TEST_STEP][PASSED] - last4V = findTestData(dataFile).getValue("Last4", row): null

2023-09-20 12:06:05 - [TEST_STEP][PASSED] - accType = findTestData(dataFile).getValue("AccountType", row): null

2023-09-20 12:06:05 - [TEST_STEP][PASSED] - verifyTextPresent(cardNameV, true): Text 'JOHN GORDONAS' is present on page  using regular expression

2023-09-20 12:06:05 - [MESSAGE][PASSED] - Text 'JOHN GORDONAS' is present on page  using regular expression

2023-09-20 12:06:05 - [TEST_STEP][PASSED] - verifyTextPresent("Address Line 1", true): Text 'Address Line 1' is present on page  using regular expression

2023-09-20 12:06:05 - [MESSAGE][PASSED] - Text 'Address Line 1' is present on page  using regular expression

2023-09-20 12:06:05 - [TEST_STEP][PASSED] - verifyTextPresent("Address Line 2", true): Text 'Address Line 2' is present on page  using regular expression

2023-09-20 12:06:06 - [MESSAGE][PASSED] - Text 'Address Line 2' is present on page  using regular expression

2023-09-20 12:06:06 - [TEST_STEP][PASSED] - verifyTextPresent("Country", true): Text 'Country' is present on page  using regular expression

2023-09-20 12:06:06 - [MESSAGE][PASSED] - Text 'Country' is present on page  using regular expression

2023-09-20 12:06:06 - [TEST_STEP][PASSED] - verifyTextPresent("City", true): Text 'City' is present on page  using regular expression

2023-09-20 12:06:06 - [MESSAGE][PASSED] - Text 'City' is present on page  using regular expression

2023-09-20 12:06:06 - [TEST_STEP][PASSED] - verifyTextPresent("State", true): Text 'State' is present on page  using regular expression

2023-09-20 12:06:07 - [MESSAGE][PASSED] - Text 'State' is present on page  using regular expression

2023-09-20 12:06:07 - [TEST_STEP][PASSED] - verifyTextPresent("ZIP Code", true): Text 'ZIP Code' is present on page  using regular expression

2023-09-20 12:06:07 - [MESSAGE][PASSED] - Text 'ZIP Code' is present on page  using regular expression

2023-09-20 12:06:07 - [TEST_STEP][PASSED] - verifyTextPresent(al1V, true): Text '133 Meadow Ln' is present on page  using regular expression

2023-09-20 12:06:07 - [MESSAGE][PASSED] - Text '133 Meadow Ln' is present on page  using regular expression

2023-09-20 12:06:07 - [TEST_STEP][PASSED] - verifyTextPresent(al2V, true): Text 'apt #123' is present on page  using regular expression

2023-09-20 12:06:08 - [MESSAGE][PASSED] - Text 'apt #123' is present on page  using regular expression

2023-09-20 12:06:08 - [TEST_STEP][PASSED] - verifyTextPresent("United States", true): Text 'United States' is present on page  using regular expression

2023-09-20 12:06:08 - [MESSAGE][PASSED] - Text 'United States' is present on page  using regular expression

2023-09-20 12:06:08 - [TEST_STEP][PASSED] - verifyTextPresent("ARLINGTON", true): Text 'ARLINGTON' is present on page  using regular expression

2023-09-20 12:06:08 - [MESSAGE][PASSED] - Text 'ARLINGTON' is present on page  using regular expression

2023-09-20 12:06:08 - [TEST_STEP][PASSED] - verifyTextPresent("Virginia", true): Text 'Virginia' is present on page  using regular expression

2023-09-20 12:06:09 - [MESSAGE][PASSED] - Text 'Virginia' is present on page  using regular expression

2023-09-20 12:06:09 - [TEST_STEP][PASSED] - verifyTextPresent("22201", true): Text '22201' is present on page  using regular expression

2023-09-20 12:06:09 - [MESSAGE][PASSED] - Text '22201' is present on page  using regular expression

2023-09-20 12:06:09 - [TEST_STEP][PASSED] - verifyTextPresent(accType, true): Text 'Checking' is present on page  using regular expression

2023-09-20 12:06:09 - [MESSAGE][PASSED] - Text 'Checking' is present on page  using regular expression

2023-09-20 12:06:09 - [TEST_STEP][PASSED] - verifyTextPresent(last4V, true): Text '1001' is present on page  using regular expression

2023-09-20 12:06:10 - [MESSAGE][PASSED] - Text '1001' is present on page  using regular expression

2023-09-20 12:06:10 - [TEST_STEP][PASSED] - closeBrowser(): Browser is closed

2023-09-20 12:06:11 - [MESSAGE][PASSED] - Browser is closed

2023-09-20 12:06:11 - [TEST_STEP][PASSED] - ExecuteTC = findTestData(dataFile).getValue("Execute", row): null

2023-09-20 12:06:11 - [TEST_STEP][PASSED] - out.println("Value of Execute is : " + ExecuteTC): null

2023-09-20 12:06:11 - [TEST_STEP][PASSED] - switch (executionProfile): null

2023-09-20 12:06:11 - [TEST_STEP][PASSED] - case "QA2Profile":: null

2023-09-20 12:06:11 - [TEST_STEP][PASSED] - appName = findTestData(dataFile).getValue("AppNameQA", row): null

2023-09-20 12:06:11 - [TEST_STEP][PASSED] - appID = findTestData(dataFile).getValue("AppIDQA", row): null

2023-09-20 12:06:11 - [TEST_STEP][PASSED] - break: null

2023-09-20 12:06:11 - [TEST_STEP][PASSED] - hrefAppID = li_1 + appID + li_2: null

2023-09-20 12:06:11 - [TEST_STEP][PASSED] - hrefApp = li_1 + appID + "/": null

2023-09-20 12:06:11 - [TEST_STEP][PASSED] - println("hrefApp : " + hrefApp): null

2023-09-20 12:06:11 - [TEST_STEP][PASSED] - if (ExecuteTC.equalsIgnoreCase("Y")): Browser is closed

2023-09-20 12:06:11 - [TEST_STEP][PASSED] - out.println("Begin Record Number: " + row): null

2023-09-20 12:06:11 - [TEST_STEP][PASSED] - today = new java.util.Date(): null

2023-09-20 12:06:11 - [TEST_STEP][PASSED] - println(today): null

2023-09-20 12:06:11 - [TEST_STEP][PASSED] - datText = today: null

2023-09-20 12:06:11 - [TEST_STEP][PASSED] - adminSuiteBootstrap.loginFunctionality.login_AdminSuite(): adminSuiteBootstrap.loginFunctionality.login_AdminSuite is PASSED

2023-09-20 12:06:11 - [MESSAGE][INFO] - Starting 'Chrome' driver

2023-09-20 12:06:11 - [MESSAGE][INFO] - User set preference: ['acceptInsecureCerts', 'true']

2023-09-20 12:06:11 - [MESSAGE][INFO] - Action delay is set to 0 milliseconds

2023-09-20 12:06:14 - [MESSAGE][PASSED] - Browser is opened with url: 'https://qa2.velocitypayment.com/admin/imtiaz'

2023-09-20 12:06:14 - [MESSAGE][PASSED] - Current window maximized

2023-09-20 12:06:14 - [MESSAGE][PASSED] - Object 'Object Repository/Login_Page/Login_Username_Okta' is present

2023-09-20 12:06:15 - [MESSAGE][PASSED] - Text 'iahmed' is set on object 'Object Repository/Login_Page/Login_Username_Okta'

2023-09-20 12:06:16 - [MESSAGE][PASSED] - Text 'Hello1111111@' is set on object 'Object Repository/Login_Page/Login_Password_Okta'

2023-09-20 12:06:17 - [MESSAGE][PASSED] - Object: 'Object Repository/Login_Page/Login_Submit_Okta' is clicked on

2023-09-20 12:06:17 - [MESSAGE][PASSED] - adminSuiteBootstrap.loginFunctionality.login_AdminSuite is PASSED

2023-09-20 12:06:17 - [TEST_STEP][PASSED] - click(findTestObject(path_Dashboard + appName)): Object: 'Object Repository/AdminSuiteBootstrap_Pages/Dashboard_Bootstrap/a_Access AutoDualCFtpQA' is clicked on

2023-09-20 12:06:24 - [MESSAGE][PASSED] - Object: 'Object Repository/AdminSuiteBootstrap_Pages/Dashboard_Bootstrap/a_Access AutoDualCFtpQA' is clicked on

2023-09-20 12:06:24 - [TEST_STEP][PASSED] - click(findTestObject(path_VT + "button_Debit")): Object: 'Object Repository/AdminSuiteBootstrap_Pages/VT_Bootstrap/IssueTransactions/button_Debit' is clicked on

2023-09-20 12:06:24 - [MESSAGE][PASSED] - Object: 'Object Repository/AdminSuiteBootstrap_Pages/VT_Bootstrap/IssueTransactions/button_Debit' is clicked on

2023-09-20 12:06:24 - [TEST_STEP][PASSED] - click(findTestObject(path_VT + "a_Personal")): Object: 'Object Repository/AdminSuiteBootstrap_Pages/VT_Bootstrap/IssueTransactions/a_Personal' is clicked on

2023-09-20 12:06:25 - [MESSAGE][PASSED] - Object: 'Object Repository/AdminSuiteBootstrap_Pages/VT_Bootstrap/IssueTransactions/a_Personal' is clicked on

2023-09-20 12:06:25 - [TEST_STEP][PASSED] - adminSuiteBootstrap.debitPersonalsetData.debitPersonal_DataDriven(row, dataFile): adminSuiteBootstrap.debitPersonalsetData.debitPersonal_DataDriven is PASSED

2023-09-20 12:06:27 - [MESSAGE][PASSED] - Text 'Veronika' is set on object 'Object Repository/AdminSuiteBootstrap_Pages/VT_Bootstrap/ACHPersonal/input_firstName'

2023-09-20 12:06:28 - [MESSAGE][PASSED] - Text 'Inouye' is set on object 'Object Repository/AdminSuiteBootstrap_Pages/VT_Bootstrap/ACHPersonal/input_lastName'

2023-09-20 12:06:29 - [MESSAGE][PASSED] - Text '6 Greenleaf Ave' is set on object 'Object Repository/AdminSuiteBootstrap_Pages/VT_Bootstrap/ACHPersonal/input_address'

2023-09-20 12:06:30 - [MESSAGE][PASSED] - Text 'apt #3' is set on object 'Object Repository/AdminSuiteBootstrap_Pages/VT_Bootstrap/ACHPersonal/input_address2'

2023-09-20 12:06:30 - [MESSAGE][PASSED] - Text '22201' is set on object 'Object Repository/AdminSuiteBootstrap_Pages/VT_Bootstrap/ACHPersonal/input_zip'

2023-09-20 12:06:31 - [MESSAGE][PASSED] - Text '' is set on object 'Object Repository/AdminSuiteBootstrap_Pages/VT_Bootstrap/ACHPersonal/input_emailAddress'

2023-09-20 12:06:32 - [MESSAGE][PASSED] - Text '' is set on object 'Object Repository/AdminSuiteBootstrap_Pages/VT_Bootstrap/ACHPersonal/input_smsNumber'

2023-09-20 12:06:33 - [MESSAGE][PASSED] - Text '45671002' is set on object 'Object Repository/AdminSuiteBootstrap_Pages/VT_Bootstrap/ACHPersonal/input_accountNumber'

2023-09-20 12:06:34 - [MESSAGE][PASSED] - Text '256072691' is set on object 'Object Repository/AdminSuiteBootstrap_Pages/VT_Bootstrap/ACHPersonal/input_routingNumber'

2023-09-20 12:06:34 - [MESSAGE][PASSED] - All options with label 'Checking' are selected in object 'Object Repository/AdminSuiteBootstrap_Pages/VT_Bootstrap/ACHPersonal/select_AccountType'  using regular expression

2023-09-20 12:06:35 - [MESSAGE][PASSED] - All options with label 'TEL - Telephone-Initiated Entry' are selected in object 'Object Repository/AdminSuiteBootstrap_Pages/VT_Bootstrap/ACHPersonal/select_STD'  using regular expression

2023-09-20 12:06:36 - [MESSAGE][PASSED] - Text '11.5' is set on object 'Object Repository/AdminSuiteBootstrap_Pages/VT_Bootstrap/ACHPersonal/input_amount'

2023-09-20 12:06:37 - [MESSAGE][PASSED] - Text 'Denmark' is set on object 'Object Repository/AdminSuiteBootstrap_Pages/VT_Bootstrap/ACHPersonal/input_userDefined1'

2023-09-20 12:06:38 - [MESSAGE][PASSED] - Text 'Australia' is set on object 'Object Repository/AdminSuiteBootstrap_Pages/VT_Bootstrap/ACHPersonal/input_userDefined2'

2023-09-20 12:06:39 - [MESSAGE][PASSED] - Text 'Austria' is set on object 'Object Repository/AdminSuiteBootstrap_Pages/VT_Bootstrap/ACHPersonal/input_userDefined3'

2023-09-20 12:06:40 - [MESSAGE][PASSED] - Text 'Sweden' is set on object 'Object Repository/AdminSuiteBootstrap_Pages/VT_Bootstrap/ACHPersonal/input_userDefined4'

2023-09-20 12:06:41 - [MESSAGE][PASSED] - All options with label 'Yellow' are selected in object 'Object Repository/AdminSuiteBootstrap_Pages/VT_Bootstrap/ACHPersonal/select_UDF5'  using regular expression

2023-09-20 12:06:42 - [MESSAGE][PASSED] - All options with label 'Orange' are selected in object 'Object Repository/AdminSuiteBootstrap_Pages/VT_Bootstrap/ACHPersonal/select_UDF6'  using regular expression

2023-09-20 12:06:42 - [MESSAGE][PASSED] - Text 'Netherlands' is set on object 'Object Repository/AdminSuiteBootstrap_Pages/VT_Bootstrap/ACHPersonal/input_userDefined7'

2023-09-20 12:06:43 - [MESSAGE][PASSED] - Text 'Norway' is set on object 'Object Repository/AdminSuiteBootstrap_Pages/VT_Bootstrap/ACHPersonal/input_userDefined8'

2023-09-20 12:06:44 - [MESSAGE][PASSED] - Text 'France' is set on object 'Object Repository/AdminSuiteBootstrap_Pages/VT_Bootstrap/ACHPersonal/input_userDefined9'

2023-09-20 12:06:44 - [MESSAGE][PASSED] - Text 'Switzerland' is set on object 'Object Repository/AdminSuiteBootstrap_Pages/VT_Bootstrap/ACHPersonal/input_userDefined10'

2023-09-20 12:06:46 - [MESSAGE][PASSED] - Object: 'Object Repository/AdminSuiteBootstrap_Pages/VT_Bootstrap/ACHPersonal/button_Submit' is clicked on

2023-09-20 12:06:46 - [MESSAGE][PASSED] - adminSuiteBootstrap.debitPersonalsetData.debitPersonal_DataDriven is PASSED

2023-09-20 12:06:46 - [TEST_STEP][PASSED] - verifyTextPresent("Transaction Successful", true): Text 'Transaction Successful' is present on page  using regular expression

2023-09-20 12:06:46 - [MESSAGE][PASSED] - Text 'Transaction Successful' is present on page  using regular expression

2023-09-20 12:06:46 - [TEST_STEP][PASSED] - verifyTextPresent("Remittance ID", true): Text 'Remittance ID' is present on page  using regular expression

2023-09-20 12:06:47 - [MESSAGE][PASSED] - Text 'Remittance ID' is present on page  using regular expression

2023-09-20 12:06:47 - [TEST_STEP][PASSED] - verifyTextPresent("Received", true): Text 'Received' is present on page  using regular expression

2023-09-20 12:06:47 - [MESSAGE][PASSED] - Text 'Received' is present on page  using regular expression

2023-09-20 12:06:47 - [TEST_STEP][PASSED] - verifyTextPresent("UDF1", true): Text 'UDF1' is present on page  using regular expression

2023-09-20 12:06:47 - [MESSAGE][PASSED] - Text 'UDF1' is present on page  using regular expression

2023-09-20 12:06:47 - [TEST_STEP][PASSED] - verifyTextPresent("UDF2", true): Text 'UDF2' is present on page  using regular expression

2023-09-20 12:06:48 - [MESSAGE][PASSED] - Text 'UDF2' is present on page  using regular expression

2023-09-20 12:06:48 - [TEST_STEP][PASSED] - verifyTextPresent("UDF3", true): Text 'UDF3' is present on page  using regular expression

2023-09-20 12:06:48 - [MESSAGE][PASSED] - Text 'UDF3' is present on page  using regular expression

2023-09-20 12:06:48 - [TEST_STEP][PASSED] - verifyTextPresent("UDF4", true): Text 'UDF4' is present on page  using regular expression

2023-09-20 12:06:48 - [MESSAGE][PASSED] - Text 'UDF4' is present on page  using regular expression

2023-09-20 12:06:48 - [TEST_STEP][PASSED] - verifyTextPresent("UDF5", true): Text 'UDF5' is present on page  using regular expression

2023-09-20 12:06:49 - [MESSAGE][PASSED] - Text 'UDF5' is present on page  using regular expression

2023-09-20 12:06:49 - [TEST_STEP][PASSED] - verifyTextPresent("UDF6", true): Text 'UDF6' is present on page  using regular expression

2023-09-20 12:06:49 - [MESSAGE][PASSED] - Text 'UDF6' is present on page  using regular expression

2023-09-20 12:06:49 - [TEST_STEP][PASSED] - verifyTextPresent("UDF7", true): Text 'UDF7' is present on page  using regular expression

2023-09-20 12:06:49 - [MESSAGE][PASSED] - Text 'UDF7' is present on page  using regular expression

2023-09-20 12:06:49 - [TEST_STEP][PASSED] - verifyTextPresent("UDF8", true): Text 'UDF8' is present on page  using regular expression

2023-09-20 12:06:50 - [MESSAGE][PASSED] - Text 'UDF8' is present on page  using regular expression

2023-09-20 12:06:50 - [TEST_STEP][PASSED] - verifyTextPresent("UDF9", true): Text 'UDF9' is present on page  using regular expression

2023-09-20 12:06:50 - [MESSAGE][PASSED] - Text 'UDF9' is present on page  using regular expression

2023-09-20 12:06:50 - [TEST_STEP][PASSED] - verifyTextPresent("UDF 10", true): Text 'UDF 10' is present on page  using regular expression

2023-09-20 12:06:50 - [MESSAGE][PASSED] - Text 'UDF 10' is present on page  using regular expression

2023-09-20 12:06:50 - [TEST_STEP][PASSED] - verifyTextPresent("Australia", true): Text 'Australia' is present on page  using regular expression

2023-09-20 12:06:51 - [MESSAGE][PASSED] - Text 'Australia' is present on page  using regular expression

2023-09-20 12:06:51 - [TEST_STEP][PASSED] - verifyTextPresent("Denmark", true): Text 'Denmark' is present on page  using regular expression

2023-09-20 12:06:51 - [MESSAGE][PASSED] - Text 'Denmark' is present on page  using regular expression

2023-09-20 12:06:51 - [TEST_STEP][PASSED] - verifyTextPresent("Sweden", true): Text 'Sweden' is present on page  using regular expression

2023-09-20 12:06:51 - [MESSAGE][PASSED] - Text 'Sweden' is present on page  using regular expression

2023-09-20 12:06:51 - [TEST_STEP][PASSED] - verifyTextPresent("Austria", true): Text 'Austria' is present on page  using regular expression

2023-09-20 12:06:52 - [MESSAGE][PASSED] - Text 'Austria' is present on page  using regular expression

2023-09-20 12:06:52 - [TEST_STEP][PASSED] - verifyTextPresent("Orange Recorded", true): Text 'Orange Recorded' is present on page  using regular expression

2023-09-20 12:06:52 - [MESSAGE][PASSED] - Text 'Orange Recorded' is present on page  using regular expression

2023-09-20 12:06:52 - [TEST_STEP][PASSED] - verifyTextPresent("Yellow Recorded", true): Text 'Yellow Recorded' is present on page  using regular expression

2023-09-20 12:06:52 - [MESSAGE][PASSED] - Text 'Yellow Recorded' is present on page  using regular expression

2023-09-20 12:06:52 - [TEST_STEP][PASSED] - verifyTextPresent("Norway", true): Text 'Norway' is present on page  using regular expression

2023-09-20 12:06:53 - [MESSAGE][PASSED] - Text 'Norway' is present on page  using regular expression

2023-09-20 12:06:53 - [TEST_STEP][PASSED] - verifyTextPresent("Netherlands", true): Text 'Netherlands' is present on page  using regular expression

2023-09-20 12:06:53 - [MESSAGE][PASSED] - Text 'Netherlands' is present on page  using regular expression

2023-09-20 12:06:53 - [TEST_STEP][PASSED] - verifyTextPresent("Switzerland", true): Text 'Switzerland' is present on page  using regular expression

2023-09-20 12:06:53 - [MESSAGE][PASSED] - Text 'Switzerland' is present on page  using regular expression

2023-09-20 12:06:53 - [TEST_STEP][PASSED] - verifyTextPresent("France", true): Text 'France' is present on page  using regular expression

2023-09-20 12:06:54 - [MESSAGE][PASSED] - Text 'France' is present on page  using regular expression

2023-09-20 12:06:54 - [TEST_STEP][PASSED] - verifyTextPresent("Amount", true): Text 'Amount' is present on page  using regular expression

2023-09-20 12:06:54 - [MESSAGE][PASSED] - Text 'Amount' is present on page  using regular expression

2023-09-20 12:06:54 - [TEST_STEP][PASSED] - verifyTextPresent("Service Fee", true): Text 'Service Fee' is present on page  using regular expression

2023-09-20 12:06:54 - [MESSAGE][PASSED] - Text 'Service Fee' is present on page  using regular expression

2023-09-20 12:06:54 - [TEST_STEP][PASSED] - verifyTextPresent("Service Fee Type", true): Text 'Service Fee Type' is present on page  using regular expression

2023-09-20 12:06:54 - [MESSAGE][PASSED] - Text 'Service Fee Type' is present on page  using regular expression

2023-09-20 12:06:54 - [TEST_STEP][PASSED] - verifyTextPresent("Total Amount", true): Text 'Total Amount' is present on page  using regular expression

2023-09-20 12:06:55 - [MESSAGE][PASSED] - Text 'Total Amount' is present on page  using regular expression

2023-09-20 12:06:55 - [TEST_STEP][PASSED] - verifyTextPresent("Transaction Type", true): Text 'Transaction Type' is present on page  using regular expression

2023-09-20 12:06:55 - [MESSAGE][PASSED] - Text 'Transaction Type' is present on page  using regular expression

2023-09-20 12:06:55 - [TEST_STEP][PASSED] - verifyTextPresent("11.50", true): Text '11.50' is present on page  using regular expression

2023-09-20 12:06:55 - [MESSAGE][PASSED] - Text '11.50' is present on page  using regular expression

2023-09-20 12:06:55 - [TEST_STEP][PASSED] - verifyTextPresent("5.00", true): Text '5.00' is present on page  using regular expression

2023-09-20 12:06:56 - [MESSAGE][PASSED] - Text '5.00' is present on page  using regular expression

2023-09-20 12:06:56 - [TEST_STEP][PASSED] - verifyTextPresent("Dual Transaction", true): Text 'Dual Transaction' is present on page  using regular expression

2023-09-20 12:06:56 - [MESSAGE][PASSED] - Text 'Dual Transaction' is present on page  using regular expression

2023-09-20 12:06:56 - [TEST_STEP][PASSED] - verifyTextPresent("16.50", true): Text '16.50' is present on page  using regular expression

2023-09-20 12:06:56 - [MESSAGE][PASSED] - Text '16.50' is present on page  using regular expression

2023-09-20 12:06:56 - [TEST_STEP][PASSED] - verifyTextPresent("Debit", true): Text 'Debit' is present on page  using regular expression

2023-09-20 12:06:57 - [MESSAGE][PASSED] - Text 'Debit' is present on page  using regular expression

2023-09-20 12:06:57 - [TEST_STEP][PASSED] - verifyTextPresent("Check Information", true): Text 'Check Information' is present on page  using regular expression

2023-09-20 12:06:57 - [MESSAGE][PASSED] - Text 'Check Information' is present on page  using regular expression

2023-09-20 12:06:57 - [TEST_STEP][PASSED] - verifyTextPresent("Account Type", true): Text 'Account Type' is present on page  using regular expression

2023-09-20 12:06:57 - [MESSAGE][PASSED] - Text 'Account Type' is present on page  using regular expression

2023-09-20 12:06:57 - [TEST_STEP][PASSED] - verifyTextPresent("Account Number", true): Text 'Account Number' is present on page  using regular expression

2023-09-20 12:06:58 - [MESSAGE][PASSED] - Text 'Account Number' is present on page  using regular expression

2023-09-20 12:06:58 - [TEST_STEP][PASSED] - verifyTextPresent("Routing Number", true): Text 'Routing Number' is present on page  using regular expression

2023-09-20 12:06:58 - [MESSAGE][PASSED] - Text 'Routing Number' is present on page  using regular expression

2023-09-20 12:06:58 - [TEST_STEP][PASSED] - verifyTextPresent("2691", true): Text '2691' is present on page  using regular expression

2023-09-20 12:06:58 - [MESSAGE][PASSED] - Text '2691' is present on page  using regular expression

2023-09-20 12:06:58 - [TEST_STEP][PASSED] - cardNameV = findTestData(dataFile).getValue("NameV", row): null

2023-09-20 12:06:58 - [TEST_STEP][PASSED] - al1V = findTestData(dataFile).getValue("AL1", row): null

2023-09-20 12:06:59 - [TEST_STEP][PASSED] - al2V = findTestData(dataFile).getValue("AL2", row): null

2023-09-20 12:06:59 - [TEST_STEP][PASSED] - last4V = findTestData(dataFile).getValue("Last4", row): null

2023-09-20 12:06:59 - [TEST_STEP][PASSED] - accType = findTestData(dataFile).getValue("AccountType", row): null

2023-09-20 12:06:59 - [TEST_STEP][PASSED] - verifyTextPresent(cardNameV, true): Text 'VERONIKA INOUYE' is present on page  using regular expression

2023-09-20 12:06:59 - [MESSAGE][PASSED] - Text 'VERONIKA INOUYE' is present on page  using regular expression

2023-09-20 12:06:59 - [TEST_STEP][PASSED] - verifyTextPresent("Address Line 1", true): Text 'Address Line 1' is present on page  using regular expression

2023-09-20 12:06:59 - [MESSAGE][PASSED] - Text 'Address Line 1' is present on page  using regular expression

2023-09-20 12:06:59 - [TEST_STEP][PASSED] - verifyTextPresent("Address Line 2", true): Text 'Address Line 2' is present on page  using regular expression

2023-09-20 12:07:00 - [MESSAGE][PASSED] - Text 'Address Line 2' is present on page  using regular expression

2023-09-20 12:07:00 - [TEST_STEP][PASSED] - verifyTextPresent("Country", true): Text 'Country' is present on page  using regular expression

2023-09-20 12:07:00 - [MESSAGE][PASSED] - Text 'Country' is present on page  using regular expression

2023-09-20 12:07:00 - [TEST_STEP][PASSED] - verifyTextPresent("City", true): Text 'City' is present on page  using regular expression

2023-09-20 12:07:00 - [MESSAGE][PASSED] - Text 'City' is present on page  using regular expression

2023-09-20 12:07:00 - [TEST_STEP][PASSED] - verifyTextPresent("State", true): Text 'State' is present on page  using regular expression

2023-09-20 12:07:01 - [MESSAGE][PASSED] - Text 'State' is present on page  using regular expression

2023-09-20 12:07:01 - [TEST_STEP][PASSED] - verifyTextPresent("ZIP Code", true): Text 'ZIP Code' is present on page  using regular expression

2023-09-20 12:07:01 - [MESSAGE][PASSED] - Text 'ZIP Code' is present on page  using regular expression

2023-09-20 12:07:01 - [TEST_STEP][PASSED] - verifyTextPresent(al1V, true): Text '6 Greenleaf Ave' is present on page  using regular expression

2023-09-20 12:07:01 - [MESSAGE][PASSED] - Text '6 Greenleaf Ave' is present on page  using regular expression

2023-09-20 12:07:01 - [TEST_STEP][PASSED] - verifyTextPresent(al2V, true): Text 'apt #3' is present on page  using regular expression

2023-09-20 12:07:02 - [MESSAGE][PASSED] - Text 'apt #3' is present on page  using regular expression

2023-09-20 12:07:02 - [TEST_STEP][PASSED] - verifyTextPresent("United States", true): Text 'United States' is present on page  using regular expression

2023-09-20 12:07:02 - [MESSAGE][PASSED] - Text 'United States' is present on page  using regular expression

2023-09-20 12:07:02 - [TEST_STEP][PASSED] - verifyTextPresent("ARLINGTON", true): Text 'ARLINGTON' is present on page  using regular expression

2023-09-20 12:07:02 - [MESSAGE][PASSED] - Text 'ARLINGTON' is present on page  using regular expression

2023-09-20 12:07:02 - [TEST_STEP][PASSED] - verifyTextPresent("Virginia", true): Text 'Virginia' is present on page  using regular expression

2023-09-20 12:07:03 - [MESSAGE][PASSED] - Text 'Virginia' is present on page  using regular expression

2023-09-20 12:07:03 - [TEST_STEP][PASSED] - verifyTextPresent("22201", true): Text '22201' is present on page  using regular expression

2023-09-20 12:07:03 - [MESSAGE][PASSED] - Text '22201' is present on page  using regular expression

2023-09-20 12:07:03 - [TEST_STEP][PASSED] - verifyTextPresent(accType, true): Text 'Checking' is present on page  using regular expression

2023-09-20 12:07:03 - [MESSAGE][PASSED] - Text 'Checking' is present on page  using regular expression

2023-09-20 12:07:03 - [TEST_STEP][PASSED] - verifyTextPresent(last4V, true): Text '1002' is present on page  using regular expression

2023-09-20 12:07:04 - [MESSAGE][PASSED] - Text '1002' is present on page  using regular expression

2023-09-20 12:07:04 - [TEST_STEP][PASSED] - closeBrowser(): Browser is closed

2023-09-20 12:07:05 - [MESSAGE][PASSED] - Browser is closed

2023-09-20 12:07:05 - [TEST_STEP][PASSED] - ExecuteTC = findTestData(dataFile).getValue("Execute", row): null

2023-09-20 12:07:05 - [TEST_STEP][PASSED] - out.println("Value of Execute is : " + ExecuteTC): null

2023-09-20 12:07:05 - [TEST_STEP][PASSED] - switch (executionProfile): null

2023-09-20 12:07:05 - [TEST_STEP][PASSED] - case "QA2Profile":: null

2023-09-20 12:07:05 - [TEST_STEP][PASSED] - appName = findTestData(dataFile).getValue("AppNameQA", row): null

2023-09-20 12:07:05 - [TEST_STEP][PASSED] - appID = findTestData(dataFile).getValue("AppIDQA", row): null

2023-09-20 12:07:05 - [TEST_STEP][PASSED] - break: null

2023-09-20 12:07:05 - [TEST_STEP][PASSED] - hrefAppID = li_1 + appID + li_2: null

2023-09-20 12:07:05 - [TEST_STEP][PASSED] - hrefApp = li_1 + appID + "/": null

2023-09-20 12:07:05 - [TEST_STEP][PASSED] - println("hrefApp : " + hrefApp): null

2023-09-20 12:07:05 - [TEST_STEP][PASSED] - if (ExecuteTC.equalsIgnoreCase("Y")): Browser is closed

2023-09-20 12:07:05 - [TEST_STEP][PASSED] - out.println("Begin Record Number: " + row): null

2023-09-20 12:07:05 - [TEST_STEP][PASSED] - today = new java.util.Date(): null

2023-09-20 12:07:05 - [TEST_STEP][PASSED] - println(today): null

2023-09-20 12:07:05 - [TEST_STEP][PASSED] - datText = today: null

2023-09-20 12:07:05 - [TEST_STEP][PASSED] - adminSuiteBootstrap.loginFunctionality.login_AdminSuite(): adminSuiteBootstrap.loginFunctionality.login_AdminSuite is PASSED

2023-09-20 12:07:05 - [MESSAGE][INFO] - Starting 'Chrome' driver

2023-09-20 12:07:05 - [MESSAGE][INFO] - User set preference: ['acceptInsecureCerts', 'true']

2023-09-20 12:07:05 - [MESSAGE][INFO] - Action delay is set to 0 milliseconds

2023-09-20 12:07:08 - [MESSAGE][PASSED] - Browser is opened with url: 'https://qa2.velocitypayment.com/admin/imtiaz'

2023-09-20 12:07:08 - [MESSAGE][PASSED] - Current window maximized

2023-09-20 12:07:08 - [MESSAGE][PASSED] - Object 'Object Repository/Login_Page/Login_Username_Okta' is present

2023-09-20 12:07:09 - [MESSAGE][PASSED] - Text 'iahmed' is set on object 'Object Repository/Login_Page/Login_Username_Okta'

2023-09-20 12:07:10 - [MESSAGE][PASSED] - Text 'Hello1111111@' is set on object 'Object Repository/Login_Page/Login_Password_Okta'

2023-09-20 12:07:11 - [MESSAGE][PASSED] - Object: 'Object Repository/Login_Page/Login_Submit_Okta' is clicked on

2023-09-20 12:07:11 - [MESSAGE][PASSED] - adminSuiteBootstrap.loginFunctionality.login_AdminSuite is PASSED

2023-09-20 12:07:11 - [TEST_STEP][PASSED] - click(findTestObject(path_Dashboard + appName)): Object: 'Object Repository/AdminSuiteBootstrap_Pages/Dashboard_Bootstrap/a_Access AutoDualCFtpQA' is clicked on

2023-09-20 12:07:18 - [MESSAGE][PASSED] - Object: 'Object Repository/AdminSuiteBootstrap_Pages/Dashboard_Bootstrap/a_Access AutoDualCFtpQA' is clicked on

2023-09-20 12:07:18 - [TEST_STEP][PASSED] - click(findTestObject(path_VT + "button_Debit")): Object: 'Object Repository/AdminSuiteBootstrap_Pages/VT_Bootstrap/IssueTransactions/button_Debit' is clicked on

2023-09-20 12:07:18 - [MESSAGE][PASSED] - Object: 'Object Repository/AdminSuiteBootstrap_Pages/VT_Bootstrap/IssueTransactions/button_Debit' is clicked on

2023-09-20 12:07:18 - [TEST_STEP][PASSED] - click(findTestObject(path_VT + "a_Personal")): Object: 'Object Repository/AdminSuiteBootstrap_Pages/VT_Bootstrap/IssueTransactions/a_Personal' is clicked on

2023-09-20 12:07:19 - [MESSAGE][PASSED] - Object: 'Object Repository/AdminSuiteBootstrap_Pages/VT_Bootstrap/IssueTransactions/a_Personal' is clicked on

2023-09-20 12:07:19 - [TEST_STEP][PASSED] - adminSuiteBootstrap.debitPersonalsetData.debitPersonal_DataDriven(row, dataFile): adminSuiteBootstrap.debitPersonalsetData.debitPersonal_DataDriven is PASSED

2023-09-20 12:07:21 - [MESSAGE][PASSED] - Text 'Bette' is set on object 'Object Repository/AdminSuiteBootstrap_Pages/VT_Bootstrap/ACHPersonal/input_firstName'

2023-09-20 12:07:22 - [MESSAGE][PASSED] - Text 'Nicka' is set on object 'Object Repository/AdminSuiteBootstrap_Pages/VT_Bootstrap/ACHPersonal/input_lastName'

2023-09-20 12:07:22 - [MESSAGE][PASSED] - Text '6 S 33rd St' is set on object 'Object Repository/AdminSuiteBootstrap_Pages/VT_Bootstrap/ACHPersonal/input_address'

2023-09-20 12:07:23 - [MESSAGE][PASSED] - Text 'apt #2' is set on object 'Object Repository/AdminSuiteBootstrap_Pages/VT_Bootstrap/ACHPersonal/input_address2'

2023-09-20 12:07:24 - [MESSAGE][PASSED] - Text '22201' is set on object 'Object Repository/AdminSuiteBootstrap_Pages/VT_Bootstrap/ACHPersonal/input_zip'

2023-09-20 12:07:25 - [MESSAGE][PASSED] - Text '' is set on object 'Object Repository/AdminSuiteBootstrap_Pages/VT_Bootstrap/ACHPersonal/input_emailAddress'

2023-09-20 12:07:26 - [MESSAGE][PASSED] - Text '' is set on object 'Object Repository/AdminSuiteBootstrap_Pages/VT_Bootstrap/ACHPersonal/input_smsNumber'

2023-09-20 12:07:27 - [MESSAGE][PASSED] - Text '45671003' is set on object 'Object Repository/AdminSuiteBootstrap_Pages/VT_Bootstrap/ACHPersonal/input_accountNumber'

2023-09-20 12:07:27 - [MESSAGE][PASSED] - Text '256072691' is set on object 'Object Repository/AdminSuiteBootstrap_Pages/VT_Bootstrap/ACHPersonal/input_routingNumber'

2023-09-20 12:07:28 - [MESSAGE][PASSED] - All options with label 'Savings' are selected in object 'Object Repository/AdminSuiteBootstrap_Pages/VT_Bootstrap/ACHPersonal/select_AccountType'  using regular expression

2023-09-20 12:07:30 - [MESSAGE][PASSED] - All options with label 'PPD - Prearranged Payment and Deposit Entry' are selected in object 'Object Repository/AdminSuiteBootstrap_Pages/VT_Bootstrap/ACHPersonal/select_STD'  using regular expression

2023-09-20 12:07:30 - [MESSAGE][PASSED] - Text '11.5' is set on object 'Object Repository/AdminSuiteBootstrap_Pages/VT_Bootstrap/ACHPersonal/input_amount'

2023-09-20 12:07:31 - [MESSAGE][PASSED] - Text 'Denmark' is set on object 'Object Repository/AdminSuiteBootstrap_Pages/VT_Bootstrap/ACHPersonal/input_userDefined1'

2023-09-20 12:07:32 - [MESSAGE][PASSED] - Text 'Australia' is set on object 'Object Repository/AdminSuiteBootstrap_Pages/VT_Bootstrap/ACHPersonal/input_userDefined2'

2023-09-20 12:07:33 - [MESSAGE][PASSED] - Text 'Austria' is set on object 'Object Repository/AdminSuiteBootstrap_Pages/VT_Bootstrap/ACHPersonal/input_userDefined3'

2023-09-20 12:07:34 - [MESSAGE][PASSED] - Text 'Sweden' is set on object 'Object Repository/AdminSuiteBootstrap_Pages/VT_Bootstrap/ACHPersonal/input_userDefined4'

2023-09-20 12:07:34 - [MESSAGE][PASSED] - All options with label 'Yellow' are selected in object 'Object Repository/AdminSuiteBootstrap_Pages/VT_Bootstrap/ACHPersonal/select_UDF5'  using regular expression

2023-09-20 12:07:35 - [MESSAGE][PASSED] - All options with label 'Orange' are selected in object 'Object Repository/AdminSuiteBootstrap_Pages/VT_Bootstrap/ACHPersonal/select_UDF6'  using regular expression

2023-09-20 12:07:36 - [MESSAGE][PASSED] - Text 'Netherlands' is set on object 'Object Repository/AdminSuiteBootstrap_Pages/VT_Bootstrap/ACHPersonal/input_userDefined7'

2023-09-20 12:07:37 - [MESSAGE][PASSED] - Text 'Norway' is set on object 'Object Repository/AdminSuiteBootstrap_Pages/VT_Bootstrap/ACHPersonal/input_userDefined8'

2023-09-20 12:07:37 - [MESSAGE][PASSED] - Text 'France' is set on object 'Object Repository/AdminSuiteBootstrap_Pages/VT_Bootstrap/ACHPersonal/input_userDefined9'

2023-09-20 12:07:38 - [MESSAGE][PASSED] - Text 'Switzerland' is set on object 'Object Repository/AdminSuiteBootstrap_Pages/VT_Bootstrap/ACHPersonal/input_userDefined10'

2023-09-20 12:07:40 - [MESSAGE][PASSED] - Object: 'Object Repository/AdminSuiteBootstrap_Pages/VT_Bootstrap/ACHPersonal/button_Submit' is clicked on

2023-09-20 12:07:40 - [MESSAGE][PASSED] - adminSuiteBootstrap.debitPersonalsetData.debitPersonal_DataDriven is PASSED

2023-09-20 12:07:40 - [TEST_STEP][PASSED] - verifyTextPresent("Transaction Successful", true): Text 'Transaction Successful' is present on page  using regular expression

2023-09-20 12:07:40 - [MESSAGE][PASSED] - Text 'Transaction Successful' is present on page  using regular expression

2023-09-20 12:07:40 - [TEST_STEP][PASSED] - verifyTextPresent("Remittance ID", true): Text 'Remittance ID' is present on page  using regular expression

2023-09-20 12:07:41 - [MESSAGE][PASSED] - Text 'Remittance ID' is present on page  using regular expression

2023-09-20 12:07:41 - [TEST_STEP][PASSED] - verifyTextPresent("Received", true): Text 'Received' is present on page  using regular expression

2023-09-20 12:07:41 - [MESSAGE][PASSED] - Text 'Received' is present on page  using regular expression

2023-09-20 12:07:41 - [TEST_STEP][PASSED] - verifyTextPresent("UDF1", true): Text 'UDF1' is present on page  using regular expression

2023-09-20 12:07:41 - [MESSAGE][PASSED] - Text 'UDF1' is present on page  using regular expression

2023-09-20 12:07:41 - [TEST_STEP][PASSED] - verifyTextPresent("UDF2", true): Text 'UDF2' is present on page  using regular expression

2023-09-20 12:07:42 - [MESSAGE][PASSED] - Text 'UDF2' is present on page  using regular expression

2023-09-20 12:07:42 - [TEST_STEP][PASSED] - verifyTextPresent("UDF3", true): Text 'UDF3' is present on page  using regular expression

2023-09-20 12:07:42 - [MESSAGE][PASSED] - Text 'UDF3' is present on page  using regular expression

2023-09-20 12:07:42 - [TEST_STEP][PASSED] - verifyTextPresent("UDF4", true): Text 'UDF4' is present on page  using regular expression

2023-09-20 12:07:42 - [MESSAGE][PASSED] - Text 'UDF4' is present on page  using regular expression

2023-09-20 12:07:42 - [TEST_STEP][PASSED] - verifyTextPresent("UDF5", true): Text 'UDF5' is present on page  using regular expression

2023-09-20 12:07:43 - [MESSAGE][PASSED] - Text 'UDF5' is present on page  using regular expression

2023-09-20 12:07:43 - [TEST_STEP][PASSED] - verifyTextPresent("UDF6", true): Text 'UDF6' is present on page  using regular expression

2023-09-20 12:07:43 - [MESSAGE][PASSED] - Text 'UDF6' is present on page  using regular expression

2023-09-20 12:07:43 - [TEST_STEP][PASSED] - verifyTextPresent("UDF7", true): Text 'UDF7' is present on page  using regular expression

2023-09-20 12:07:43 - [MESSAGE][PASSED] - Text 'UDF7' is present on page  using regular expression

2023-09-20 12:07:43 - [TEST_STEP][PASSED] - verifyTextPresent("UDF8", true): Text 'UDF8' is present on page  using regular expression

2023-09-20 12:07:44 - [MESSAGE][PASSED] - Text 'UDF8' is present on page  using regular expression

2023-09-20 12:07:44 - [TEST_STEP][PASSED] - verifyTextPresent("UDF9", true): Text 'UDF9' is present on page  using regular expression

2023-09-20 12:07:44 - [MESSAGE][PASSED] - Text 'UDF9' is present on page  using regular expression

2023-09-20 12:07:44 - [TEST_STEP][PASSED] - verifyTextPresent("UDF 10", true): Text 'UDF 10' is present on page  using regular expression

2023-09-20 12:07:44 - [MESSAGE][PASSED] - Text 'UDF 10' is present on page  using regular expression

2023-09-20 12:07:44 - [TEST_STEP][PASSED] - verifyTextPresent("Australia", true): Text 'Australia' is present on page  using regular expression

2023-09-20 12:07:45 - [MESSAGE][PASSED] - Text 'Australia' is present on page  using regular expression

2023-09-20 12:07:45 - [TEST_STEP][PASSED] - verifyTextPresent("Denmark", true): Text 'Denmark' is present on page  using regular expression

2023-09-20 12:07:45 - [MESSAGE][PASSED] - Text 'Denmark' is present on page  using regular expression

2023-09-20 12:07:45 - [TEST_STEP][PASSED] - verifyTextPresent("Sweden", true): Text 'Sweden' is present on page  using regular expression

2023-09-20 12:07:45 - [MESSAGE][PASSED] - Text 'Sweden' is present on page  using regular expression

2023-09-20 12:07:45 - [TEST_STEP][PASSED] - verifyTextPresent("Austria", true): Text 'Austria' is present on page  using regular expression

2023-09-20 12:07:46 - [MESSAGE][PASSED] - Text 'Austria' is present on page  using regular expression

2023-09-20 12:07:46 - [TEST_STEP][PASSED] - verifyTextPresent("Orange Recorded", true): Text 'Orange Recorded' is present on page  using regular expression

2023-09-20 12:07:46 - [MESSAGE][PASSED] - Text 'Orange Recorded' is present on page  using regular expression

2023-09-20 12:07:46 - [TEST_STEP][PASSED] - verifyTextPresent("Yellow Recorded", true): Text 'Yellow Recorded' is present on page  using regular expression

2023-09-20 12:07:46 - [MESSAGE][PASSED] - Text 'Yellow Recorded' is present on page  using regular expression

2023-09-20 12:07:46 - [TEST_STEP][PASSED] - verifyTextPresent("Norway", true): Text 'Norway' is present on page  using regular expression

2023-09-20 12:07:47 - [MESSAGE][PASSED] - Text 'Norway' is present on page  using regular expression

2023-09-20 12:07:47 - [TEST_STEP][PASSED] - verifyTextPresent("Netherlands", true): Text 'Netherlands' is present on page  using regular expression

2023-09-20 12:07:47 - [MESSAGE][PASSED] - Text 'Netherlands' is present on page  using regular expression

2023-09-20 12:07:47 - [TEST_STEP][PASSED] - verifyTextPresent("Switzerland", true): Text 'Switzerland' is present on page  using regular expression

2023-09-20 12:07:47 - [MESSAGE][PASSED] - Text 'Switzerland' is present on page  using regular expression

2023-09-20 12:07:47 - [TEST_STEP][PASSED] - verifyTextPresent("France", true): Text 'France' is present on page  using regular expression

2023-09-20 12:07:48 - [MESSAGE][PASSED] - Text 'France' is present on page  using regular expression

2023-09-20 12:07:48 - [TEST_STEP][PASSED] - verifyTextPresent("Amount", true): Text 'Amount' is present on page  using regular expression

2023-09-20 12:07:48 - [MESSAGE][PASSED] - Text 'Amount' is present on page  using regular expression

2023-09-20 12:07:48 - [TEST_STEP][PASSED] - verifyTextPresent("Service Fee", true): Text 'Service Fee' is present on page  using regular expression

2023-09-20 12:07:48 - [MESSAGE][PASSED] - Text 'Service Fee' is present on page  using regular expression

2023-09-20 12:07:48 - [TEST_STEP][PASSED] - verifyTextPresent("Service Fee Type", true): Text 'Service Fee Type' is present on page  using regular expression

2023-09-20 12:07:49 - [MESSAGE][PASSED] - Text 'Service Fee Type' is present on page  using regular expression

2023-09-20 12:07:49 - [TEST_STEP][PASSED] - verifyTextPresent("Total Amount", true): Text 'Total Amount' is present on page  using regular expression

2023-09-20 12:07:49 - [MESSAGE][PASSED] - Text 'Total Amount' is present on page  using regular expression

2023-09-20 12:07:49 - [TEST_STEP][PASSED] - verifyTextPresent("Transaction Type", true): Text 'Transaction Type' is present on page  using regular expression

2023-09-20 12:07:49 - [MESSAGE][PASSED] - Text 'Transaction Type' is present on page  using regular expression

2023-09-20 12:07:49 - [TEST_STEP][PASSED] - verifyTextPresent("11.50", true): Text '11.50' is present on page  using regular expression

2023-09-20 12:07:50 - [MESSAGE][PASSED] - Text '11.50' is present on page  using regular expression

2023-09-20 12:07:50 - [TEST_STEP][PASSED] - verifyTextPresent("5.00", true): Text '5.00' is present on page  using regular expression

2023-09-20 12:07:50 - [MESSAGE][PASSED] - Text '5.00' is present on page  using regular expression

2023-09-20 12:07:50 - [TEST_STEP][PASSED] - verifyTextPresent("Dual Transaction", true): Text 'Dual Transaction' is present on page  using regular expression

2023-09-20 12:07:50 - [MESSAGE][PASSED] - Text 'Dual Transaction' is present on page  using regular expression

2023-09-20 12:07:50 - [TEST_STEP][PASSED] - verifyTextPresent("16.50", true): Text '16.50' is present on page  using regular expression

2023-09-20 12:07:51 - [MESSAGE][PASSED] - Text '16.50' is present on page  using regular expression

2023-09-20 12:07:51 - [TEST_STEP][PASSED] - verifyTextPresent("Debit", true): Text 'Debit' is present on page  using regular expression

2023-09-20 12:07:51 - [MESSAGE][PASSED] - Text 'Debit' is present on page  using regular expression

2023-09-20 12:07:51 - [TEST_STEP][PASSED] - verifyTextPresent("Check Information", true): Text 'Check Information' is present on page  using regular expression

2023-09-20 12:07:51 - [MESSAGE][PASSED] - Text 'Check Information' is present on page  using regular expression

2023-09-20 12:07:51 - [TEST_STEP][PASSED] - verifyTextPresent("Account Type", true): Text 'Account Type' is present on page  using regular expression

2023-09-20 12:07:52 - [MESSAGE][PASSED] - Text 'Account Type' is present on page  using regular expression

2023-09-20 12:07:52 - [TEST_STEP][PASSED] - verifyTextPresent("Account Number", true): Text 'Account Number' is present on page  using regular expression

2023-09-20 12:07:52 - [MESSAGE][PASSED] - Text 'Account Number' is present on page  using regular expression

2023-09-20 12:07:52 - [TEST_STEP][PASSED] - verifyTextPresent("Routing Number", true): Text 'Routing Number' is present on page  using regular expression

2023-09-20 12:07:52 - [MESSAGE][PASSED] - Text 'Routing Number' is present on page  using regular expression

2023-09-20 12:07:52 - [TEST_STEP][PASSED] - verifyTextPresent("2691", true): Text '2691' is present on page  using regular expression

2023-09-20 12:07:53 - [MESSAGE][PASSED] - Text '2691' is present on page  using regular expression

2023-09-20 12:07:53 - [TEST_STEP][PASSED] - cardNameV = findTestData(dataFile).getValue("NameV", row): null

2023-09-20 12:07:53 - [TEST_STEP][PASSED] - al1V = findTestData(dataFile).getValue("AL1", row): null

2023-09-20 12:07:53 - [TEST_STEP][PASSED] - al2V = findTestData(dataFile).getValue("AL2", row): null

2023-09-20 12:07:53 - [TEST_STEP][PASSED] - last4V = findTestData(dataFile).getValue("Last4", row): null

2023-09-20 12:07:53 - [TEST_STEP][PASSED] - accType = findTestData(dataFile).getValue("AccountType", row): null

2023-09-20 12:07:53 - [TEST_STEP][PASSED] - verifyTextPresent(cardNameV, true): Text 'BETTE NICKA' is present on page  using regular expression

2023-09-20 12:07:53 - [MESSAGE][PASSED] - Text 'BETTE NICKA' is present on page  using regular expression

2023-09-20 12:07:53 - [TEST_STEP][PASSED] - verifyTextPresent("Address Line 1", true): Text 'Address Line 1' is present on page  using regular expression

2023-09-20 12:07:54 - [MESSAGE][PASSED] - Text 'Address Line 1' is present on page  using regular expression

2023-09-20 12:07:54 - [TEST_STEP][PASSED] - verifyTextPresent("Address Line 2", true): Text 'Address Line 2' is present on page  using regular expression

2023-09-20 12:07:54 - [MESSAGE][PASSED] - Text 'Address Line 2' is present on page  using regular expression

2023-09-20 12:07:54 - [TEST_STEP][PASSED] - verifyTextPresent("Country", true): Text 'Country' is present on page  using regular expression

2023-09-20 12:07:54 - [MESSAGE][PASSED] - Text 'Country' is present on page  using regular expression

2023-09-20 12:07:54 - [TEST_STEP][PASSED] - verifyTextPresent("City", true): Text 'City' is present on page  using regular expression

2023-09-20 12:07:55 - [MESSAGE][PASSED] - Text 'City' is present on page  using regular expression

2023-09-20 12:07:55 - [TEST_STEP][PASSED] - verifyTextPresent("State", true): Text 'State' is present on page  using regular expression

2023-09-20 12:07:55 - [MESSAGE][PASSED] - Text 'State' is present on page  using regular expression

2023-09-20 12:07:55 - [TEST_STEP][PASSED] - verifyTextPresent("ZIP Code", true): Text 'ZIP Code' is present on page  using regular expression

2023-09-20 12:07:55 - [MESSAGE][PASSED] - Text 'ZIP Code' is present on page  using regular expression

2023-09-20 12:07:55 - [TEST_STEP][PASSED] - verifyTextPresent(al1V, true): Text '6 S 33rd St' is present on page  using regular expression

2023-09-20 12:07:56 - [MESSAGE][PASSED] - Text '6 S 33rd St' is present on page  using regular expression

2023-09-20 12:07:56 - [TEST_STEP][PASSED] - verifyTextPresent(al2V, true): Text 'apt #2' is present on page  using regular expression

2023-09-20 12:07:56 - [MESSAGE][PASSED] - Text 'apt #2' is present on page  using regular expression

2023-09-20 12:07:56 - [TEST_STEP][PASSED] - verifyTextPresent("United States", true): Text 'United States' is present on page  using regular expression

2023-09-20 12:07:56 - [MESSAGE][PASSED] - Text 'United States' is present on page  using regular expression

2023-09-20 12:07:56 - [TEST_STEP][PASSED] - verifyTextPresent("ARLINGTON", true): Text 'ARLINGTON' is present on page  using regular expression

2023-09-20 12:07:57 - [MESSAGE][PASSED] - Text 'ARLINGTON' is present on page  using regular expression

2023-09-20 12:07:57 - [TEST_STEP][PASSED] - verifyTextPresent("Virginia", true): Text 'Virginia' is present on page  using regular expression

2023-09-20 12:07:57 - [MESSAGE][PASSED] - Text 'Virginia' is present on page  using regular expression

2023-09-20 12:07:57 - [TEST_STEP][PASSED] - verifyTextPresent("22201", true): Text '22201' is present on page  using regular expression

2023-09-20 12:07:57 - [MESSAGE][PASSED] - Text '22201' is present on page  using regular expression

2023-09-20 12:07:57 - [TEST_STEP][PASSED] - verifyTextPresent(accType, true): Text 'Savings' is present on page  using regular expression

2023-09-20 12:07:58 - [MESSAGE][PASSED] - Text 'Savings' is present on page  using regular expression

2023-09-20 12:07:58 - [TEST_STEP][PASSED] - verifyTextPresent(last4V, true): Text '1003' is present on page  using regular expression

2023-09-20 12:07:58 - [MESSAGE][PASSED] - Text '1003' is present on page  using regular expression

2023-09-20 12:07:58 - [TEST_STEP][PASSED] - closeBrowser(): Browser is closed

2023-09-20 12:07:59 - [MESSAGE][PASSED] - Browser is closed

2023-09-20 12:07:59 - [TEST_STEP][PASSED] - ExecuteTC = findTestData(dataFile).getValue("Execute", row): null

2023-09-20 12:07:59 - [TEST_STEP][PASSED] - out.println("Value of Execute is : " + ExecuteTC): null

2023-09-20 12:07:59 - [TEST_STEP][PASSED] - switch (executionProfile): null

2023-09-20 12:07:59 - [TEST_STEP][PASSED] - case "QA2Profile":: null

2023-09-20 12:07:59 - [TEST_STEP][PASSED] - appName = findTestData(dataFile).getValue("AppNameQA", row): null

2023-09-20 12:07:59 - [TEST_STEP][PASSED] - appID = findTestData(dataFile).getValue("AppIDQA", row): null

2023-09-20 12:07:59 - [TEST_STEP][PASSED] - break: null

2023-09-20 12:07:59 - [TEST_STEP][PASSED] - hrefAppID = li_1 + appID + li_2: null

2023-09-20 12:07:59 - [TEST_STEP][PASSED] - hrefApp = li_1 + appID + "/": null

2023-09-20 12:07:59 - [TEST_STEP][PASSED] - println("hrefApp : " + hrefApp): null

2023-09-20 12:07:59 - [TEST_STEP][PASSED] - if (ExecuteTC.equalsIgnoreCase("Y")): Browser is closed

2023-09-20 12:07:59 - [TEST_STEP][PASSED] - out.println("Begin Record Number: " + row): null

2023-09-20 12:07:59 - [TEST_STEP][PASSED] - today = new java.util.Date(): null

2023-09-20 12:07:59 - [TEST_STEP][PASSED] - println(today): null

2023-09-20 12:07:59 - [TEST_STEP][PASSED] - datText = today: null

2023-09-20 12:07:59 - [TEST_STEP][PASSED] - adminSuiteBootstrap.loginFunctionality.login_AdminSuite(): adminSuiteBootstrap.loginFunctionality.login_AdminSuite is PASSED

2023-09-20 12:07:59 - [MESSAGE][INFO] - Starting 'Chrome' driver

2023-09-20 12:07:59 - [MESSAGE][INFO] - User set preference: ['acceptInsecureCerts', 'true']

2023-09-20 12:07:59 - [MESSAGE][INFO] - Action delay is set to 0 milliseconds

2023-09-20 12:08:02 - [MESSAGE][PASSED] - Browser is opened with url: 'https://qa2.velocitypayment.com/admin/imtiaz'

2023-09-20 12:08:02 - [MESSAGE][PASSED] - Current window maximized

2023-09-20 12:08:03 - [MESSAGE][PASSED] - Object 'Object Repository/Login_Page/Login_Username_Okta' is present

2023-09-20 12:08:03 - [MESSAGE][PASSED] - Text 'iahmed' is set on object 'Object Repository/Login_Page/Login_Username_Okta'

2023-09-20 12:08:04 - [MESSAGE][PASSED] - Text 'Hello1111111@' is set on object 'Object Repository/Login_Page/Login_Password_Okta'

2023-09-20 12:08:05 - [MESSAGE][PASSED] - Object: 'Object Repository/Login_Page/Login_Submit_Okta' is clicked on

2023-09-20 12:08:05 - [MESSAGE][PASSED] - adminSuiteBootstrap.loginFunctionality.login_AdminSuite is PASSED

2023-09-20 12:08:05 - [TEST_STEP][PASSED] - click(findTestObject(path_Dashboard + appName)): Object: 'Object Repository/AdminSuiteBootstrap_Pages/Dashboard_Bootstrap/a_Access AutoDualCFtpQA' is clicked on

2023-09-20 12:08:12 - [MESSAGE][PASSED] - Object: 'Object Repository/AdminSuiteBootstrap_Pages/Dashboard_Bootstrap/a_Access AutoDualCFtpQA' is clicked on

2023-09-20 12:08:12 - [TEST_STEP][PASSED] - click(findTestObject(path_VT + "button_Debit")): Object: 'Object Repository/AdminSuiteBootstrap_Pages/VT_Bootstrap/IssueTransactions/button_Debit' is clicked on

2023-09-20 12:08:13 - [MESSAGE][PASSED] - Object: 'Object Repository/AdminSuiteBootstrap_Pages/VT_Bootstrap/IssueTransactions/button_Debit' is clicked on

2023-09-20 12:08:13 - [TEST_STEP][PASSED] - click(findTestObject(path_VT + "a_Personal")): Object: 'Object Repository/AdminSuiteBootstrap_Pages/VT_Bootstrap/IssueTransactions/a_Personal' is clicked on

2023-09-20 12:08:13 - [MESSAGE][PASSED] - Object: 'Object Repository/AdminSuiteBootstrap_Pages/VT_Bootstrap/IssueTransactions/a_Personal' is clicked on

2023-09-20 12:08:13 - [TEST_STEP][PASSED] - adminSuiteBootstrap.debitPersonalsetData.debitPersonal_DataDriven(row, dataFile): adminSuiteBootstrap.debitPersonalsetData.debitPersonal_DataDriven is PASSED

2023-09-20 12:08:16 - [MESSAGE][PASSED] - Text 'Alisha' is set on object 'Object Repository/AdminSuiteBootstrap_Pages/VT_Bootstrap/ACHPersonal/input_firstName'

2023-09-20 12:08:16 - [MESSAGE][PASSED] - Text 'Slusarski' is set on object 'Object Repository/AdminSuiteBootstrap_Pages/VT_Bootstrap/ACHPersonal/input_lastName'

2023-09-20 12:08:17 - [MESSAGE][PASSED] - Text '3273 State St' is set on object 'Object Repository/AdminSuiteBootstrap_Pages/VT_Bootstrap/ACHPersonal/input_address'

2023-09-20 12:08:18 - [MESSAGE][PASSED] - Text 'apt #4' is set on object 'Object Repository/AdminSuiteBootstrap_Pages/VT_Bootstrap/ACHPersonal/input_address2'

2023-09-20 12:08:18 - [MESSAGE][PASSED] - Text '22201' is set on object 'Object Repository/AdminSuiteBootstrap_Pages/VT_Bootstrap/ACHPersonal/input_zip'

2023-09-20 12:08:19 - [MESSAGE][PASSED] - Text '' is set on object 'Object Repository/AdminSuiteBootstrap_Pages/VT_Bootstrap/ACHPersonal/input_emailAddress'

2023-09-20 12:08:20 - [MESSAGE][PASSED] - Text '' is set on object 'Object Repository/AdminSuiteBootstrap_Pages/VT_Bootstrap/ACHPersonal/input_smsNumber'

2023-09-20 12:08:21 - [MESSAGE][PASSED] - Text '45671004' is set on object 'Object Repository/AdminSuiteBootstrap_Pages/VT_Bootstrap/ACHPersonal/input_accountNumber'

2023-09-20 12:08:22 - [MESSAGE][PASSED] - Text '256072691' is set on object 'Object Repository/AdminSuiteBootstrap_Pages/VT_Bootstrap/ACHPersonal/input_routingNumber'

2023-09-20 12:08:23 - [MESSAGE][PASSED] - All options with label 'Savings' are selected in object 'Object Repository/AdminSuiteBootstrap_Pages/VT_Bootstrap/ACHPersonal/select_AccountType'  using regular expression

2023-09-20 12:08:24 - [MESSAGE][PASSED] - All options with label 'TEL - Telephone-Initiated Entry' are selected in object 'Object Repository/AdminSuiteBootstrap_Pages/VT_Bootstrap/ACHPersonal/select_STD'  using regular expression

2023-09-20 12:08:25 - [MESSAGE][PASSED] - Text '11.5' is set on object 'Object Repository/AdminSuiteBootstrap_Pages/VT_Bootstrap/ACHPersonal/input_amount'

2023-09-20 12:08:26 - [MESSAGE][PASSED] - Text 'Denmark' is set on object 'Object Repository/AdminSuiteBootstrap_Pages/VT_Bootstrap/ACHPersonal/input_userDefined1'

2023-09-20 12:08:27 - [MESSAGE][PASSED] - Text 'Australia' is set on object 'Object Repository/AdminSuiteBootstrap_Pages/VT_Bootstrap/ACHPersonal/input_userDefined2'

2023-09-20 12:08:27 - [MESSAGE][PASSED] - Text 'Austria' is set on object 'Object Repository/AdminSuiteBootstrap_Pages/VT_Bootstrap/ACHPersonal/input_userDefined3'

2023-09-20 12:08:28 - [MESSAGE][PASSED] - Text 'Sweden' is set on object 'Object Repository/AdminSuiteBootstrap_Pages/VT_Bootstrap/ACHPersonal/input_userDefined4'

2023-09-20 12:08:29 - [MESSAGE][PASSED] - All options with label 'Yellow' are selected in object 'Object Repository/AdminSuiteBootstrap_Pages/VT_Bootstrap/ACHPersonal/select_UDF5'  using regular expression

2023-09-20 12:08:30 - [MESSAGE][PASSED] - All options with label 'Orange' are selected in object 'Object Repository/AdminSuiteBootstrap_Pages/VT_Bootstrap/ACHPersonal/select_UDF6'  using regular expression

2023-09-20 12:08:31 - [MESSAGE][PASSED] - Text 'Netherlands' is set on object 'Object Repository/AdminSuiteBootstrap_Pages/VT_Bootstrap/ACHPersonal/input_userDefined7'

2023-09-20 12:08:31 - [MESSAGE][PASSED] - Text 'Norway' is set on object 'Object Repository/AdminSuiteBootstrap_Pages/VT_Bootstrap/ACHPersonal/input_userDefined8'

2023-09-20 12:08:32 - [MESSAGE][PASSED] - Text 'France' is set on object 'Object Repository/AdminSuiteBootstrap_Pages/VT_Bootstrap/ACHPersonal/input_userDefined9'

2023-09-20 12:08:33 - [MESSAGE][PASSED] - Text 'Switzerland' is set on object 'Object Repository/AdminSuiteBootstrap_Pages/VT_Bootstrap/ACHPersonal/input_userDefined10'

2023-09-20 12:08:34 - [MESSAGE][PASSED] - Object: 'Object Repository/AdminSuiteBootstrap_Pages/VT_Bootstrap/ACHPersonal/button_Submit' is clicked on

2023-09-20 12:08:34 - [MESSAGE][PASSED] - adminSuiteBootstrap.debitPersonalsetData.debitPersonal_DataDriven is PASSED

2023-09-20 12:08:34 - [TEST_STEP][PASSED] - verifyTextPresent("Transaction Successful", true): Text 'Transaction Successful' is present on page  using regular expression

2023-09-20 12:08:35 - [MESSAGE][PASSED] - Text 'Transaction Successful' is present on page  using regular expression

2023-09-20 12:08:35 - [TEST_STEP][PASSED] - verifyTextPresent("Remittance ID", true): Text 'Remittance ID' is present on page  using regular expression

2023-09-20 12:08:35 - [MESSAGE][PASSED] - Text 'Remittance ID' is present on page  using regular expression

2023-09-20 12:08:35 - [TEST_STEP][PASSED] - verifyTextPresent("Received", true): Text 'Received' is present on page  using regular expression

2023-09-20 12:08:35 - [MESSAGE][PASSED] - Text 'Received' is present on page  using regular expression

2023-09-20 12:08:35 - [TEST_STEP][PASSED] - verifyTextPresent("UDF1", true): Text 'UDF1' is present on page  using regular expression

2023-09-20 12:08:36 - [MESSAGE][PASSED] - Text 'UDF1' is present on page  using regular expression

2023-09-20 12:08:36 - [TEST_STEP][PASSED] - verifyTextPresent("UDF2", true): Text 'UDF2' is present on page  using regular expression

2023-09-20 12:08:36 - [MESSAGE][PASSED] - Text 'UDF2' is present on page  using regular expression

2023-09-20 12:08:36 - [TEST_STEP][PASSED] - verifyTextPresent("UDF3", true): Text 'UDF3' is present on page  using regular expression

2023-09-20 12:08:36 - [MESSAGE][PASSED] - Text 'UDF3' is present on page  using regular expression

2023-09-20 12:08:36 - [TEST_STEP][PASSED] - verifyTextPresent("UDF4", true): Text 'UDF4' is present on page  using regular expression

2023-09-20 12:08:37 - [MESSAGE][PASSED] - Text 'UDF4' is present on page  using regular expression

2023-09-20 12:08:37 - [TEST_STEP][PASSED] - verifyTextPresent("UDF5", true): Text 'UDF5' is present on page  using regular expression

2023-09-20 12:08:37 - [MESSAGE][PASSED] - Text 'UDF5' is present on page  using regular expression

2023-09-20 12:08:37 - [TEST_STEP][PASSED] - verifyTextPresent("UDF6", true): Text 'UDF6' is present on page  using regular expression

2023-09-20 12:08:37 - [MESSAGE][PASSED] - Text 'UDF6' is present on page  using regular expression

2023-09-20 12:08:37 - [TEST_STEP][PASSED] - verifyTextPresent("UDF7", true): Text 'UDF7' is present on page  using regular expression

2023-09-20 12:08:38 - [MESSAGE][PASSED] - Text 'UDF7' is present on page  using regular expression

2023-09-20 12:08:38 - [TEST_STEP][PASSED] - verifyTextPresent("UDF8", true): Text 'UDF8' is present on page  using regular expression

2023-09-20 12:08:38 - [MESSAGE][PASSED] - Text 'UDF8' is present on page  using regular expression

2023-09-20 12:08:38 - [TEST_STEP][PASSED] - verifyTextPresent("UDF9", true): Text 'UDF9' is present on page  using regular expression

2023-09-20 12:08:38 - [MESSAGE][PASSED] - Text 'UDF9' is present on page  using regular expression

2023-09-20 12:08:38 - [TEST_STEP][PASSED] - verifyTextPresent("UDF 10", true): Text 'UDF 10' is present on page  using regular expression

2023-09-20 12:08:39 - [MESSAGE][PASSED] - Text 'UDF 10' is present on page  using regular expression

2023-09-20 12:08:39 - [TEST_STEP][PASSED] - verifyTextPresent("Australia", true): Text 'Australia' is present on page  using regular expression

2023-09-20 12:08:39 - [MESSAGE][PASSED] - Text 'Australia' is present on page  using regular expression

2023-09-20 12:08:39 - [TEST_STEP][PASSED] - verifyTextPresent("Denmark", true): Text 'Denmark' is present on page  using regular expression

2023-09-20 12:08:39 - [MESSAGE][PASSED] - Text 'Denmark' is present on page  using regular expression

2023-09-20 12:08:39 - [TEST_STEP][PASSED] - verifyTextPresent("Sweden", true): Text 'Sweden' is present on page  using regular expression

2023-09-20 12:08:40 - [MESSAGE][PASSED] - Text 'Sweden' is present on page  using regular expression

2023-09-20 12:08:40 - [TEST_STEP][PASSED] - verifyTextPresent("Austria", true): Text 'Austria' is present on page  using regular expression

2023-09-20 12:08:40 - [MESSAGE][PASSED] - Text 'Austria' is present on page  using regular expression

2023-09-20 12:08:40 - [TEST_STEP][PASSED] - verifyTextPresent("Orange Recorded", true): Text 'Orange Recorded' is present on page  using regular expression

2023-09-20 12:08:40 - [MESSAGE][PASSED] - Text 'Orange Recorded' is present on page  using regular expression

2023-09-20 12:08:40 - [TEST_STEP][PASSED] - verifyTextPresent("Yellow Recorded", true): Text 'Yellow Recorded' is present on page  using regular expression

2023-09-20 12:08:41 - [MESSAGE][PASSED] - Text 'Yellow Recorded' is present on page  using regular expression

2023-09-20 12:08:41 - [TEST_STEP][PASSED] - verifyTextPresent("Norway", true): Text 'Norway' is present on page  using regular expression

2023-09-20 12:08:41 - [MESSAGE][PASSED] - Text 'Norway' is present on page  using regular expression

2023-09-20 12:08:41 - [TEST_STEP][PASSED] - verifyTextPresent("Netherlands", true): Text 'Netherlands' is present on page  using regular expression

2023-09-20 12:08:41 - [MESSAGE][PASSED] - Text 'Netherlands' is present on page  using regular expression

2023-09-20 12:08:41 - [TEST_STEP][PASSED] - verifyTextPresent("Switzerland", true): Text 'Switzerland' is present on page  using regular expression

2023-09-20 12:08:41 - [MESSAGE][PASSED] - Text 'Switzerland' is present on page  using regular expression

2023-09-20 12:08:41 - [TEST_STEP][PASSED] - verifyTextPresent("France", true): Text 'France' is present on page  using regular expression

2023-09-20 12:08:42 - [MESSAGE][PASSED] - Text 'France' is present on page  using regular expression

2023-09-20 12:08:42 - [TEST_STEP][PASSED] - verifyTextPresent("Amount", true): Text 'Amount' is present on page  using regular expression

2023-09-20 12:08:42 - [MESSAGE][PASSED] - Text 'Amount' is present on page  using regular expression

2023-09-20 12:08:42 - [TEST_STEP][PASSED] - verifyTextPresent("Service Fee", true): Text 'Service Fee' is present on page  using regular expression

2023-09-20 12:08:42 - [MESSAGE][PASSED] - Text 'Service Fee' is present on page  using regular expression

2023-09-20 12:08:42 - [TEST_STEP][PASSED] - verifyTextPresent("Service Fee Type", true): Text 'Service Fee Type' is present on page  using regular expression

2023-09-20 12:08:43 - [MESSAGE][PASSED] - Text 'Service Fee Type' is present on page  using regular expression

2023-09-20 12:08:43 - [TEST_STEP][PASSED] - verifyTextPresent("Total Amount", true): Text 'Total Amount' is present on page  using regular expression

2023-09-20 12:08:43 - [MESSAGE][PASSED] - Text 'Total Amount' is present on page  using regular expression

2023-09-20 12:08:43 - [TEST_STEP][PASSED] - verifyTextPresent("Transaction Type", true): Text 'Transaction Type' is present on page  using regular expression

2023-09-20 12:08:44 - [MESSAGE][PASSED] - Text 'Transaction Type' is present on page  using regular expression

2023-09-20 12:08:44 - [TEST_STEP][PASSED] - verifyTextPresent("11.50", true): Text '11.50' is present on page  using regular expression

2023-09-20 12:08:44 - [MESSAGE][PASSED] - Text '11.50' is present on page  using regular expression

2023-09-20 12:08:44 - [TEST_STEP][PASSED] - verifyTextPresent("5.00", true): Text '5.00' is present on page  using regular expression

2023-09-20 12:08:44 - [MESSAGE][PASSED] - Text '5.00' is present on page  using regular expression

2023-09-20 12:08:44 - [TEST_STEP][PASSED] - verifyTextPresent("Dual Transaction", true): Text 'Dual Transaction' is present on page  using regular expression

2023-09-20 12:08:45 - [MESSAGE][PASSED] - Text 'Dual Transaction' is present on page  using regular expression

2023-09-20 12:08:45 - [TEST_STEP][PASSED] - verifyTextPresent("16.50", true): Text '16.50' is present on page  using regular expression

2023-09-20 12:08:45 - [MESSAGE][PASSED] - Text '16.50' is present on page  using regular expression

2023-09-20 12:08:45 - [TEST_STEP][PASSED] - verifyTextPresent("Debit", true): Text 'Debit' is present on page  using regular expression

2023-09-20 12:08:45 - [MESSAGE][PASSED] - Text 'Debit' is present on page  using regular expression

2023-09-20 12:08:45 - [TEST_STEP][PASSED] - verifyTextPresent("Check Information", true): Text 'Check Information' is present on page  using regular expression

2023-09-20 12:08:46 - [MESSAGE][PASSED] - Text 'Check Information' is present on page  using regular expression

2023-09-20 12:08:46 - [TEST_STEP][PASSED] - verifyTextPresent("Account Type", true): Text 'Account Type' is present on page  using regular expression

2023-09-20 12:08:46 - [MESSAGE][PASSED] - Text 'Account Type' is present on page  using regular expression

2023-09-20 12:08:46 - [TEST_STEP][PASSED] - verifyTextPresent("Account Number", true): Text 'Account Number' is present on page  using regular expression

2023-09-20 12:08:46 - [MESSAGE][PASSED] - Text 'Account Number' is present on page  using regular expression

2023-09-20 12:08:46 - [TEST_STEP][PASSED] - verifyTextPresent("Routing Number", true): Text 'Routing Number' is present on page  using regular expression

2023-09-20 12:08:47 - [MESSAGE][PASSED] - Text 'Routing Number' is present on page  using regular expression

2023-09-20 12:08:47 - [TEST_STEP][PASSED] - verifyTextPresent("2691", true): Text '2691' is present on page  using regular expression

2023-09-20 12:08:47 - [MESSAGE][PASSED] - Text '2691' is present on page  using regular expression

2023-09-20 12:08:47 - [TEST_STEP][PASSED] - cardNameV = findTestData(dataFile).getValue("NameV", row): null

2023-09-20 12:08:47 - [TEST_STEP][PASSED] - al1V = findTestData(dataFile).getValue("AL1", row): null

2023-09-20 12:08:47 - [TEST_STEP][PASSED] - al2V = findTestData(dataFile).getValue("AL2", row): null

2023-09-20 12:08:47 - [TEST_STEP][PASSED] - last4V = findTestData(dataFile).getValue("Last4", row): null

2023-09-20 12:08:47 - [TEST_STEP][PASSED] - accType = findTestData(dataFile).getValue("AccountType", row): null

2023-09-20 12:08:47 - [TEST_STEP][PASSED] - verifyTextPresent(cardNameV, true): Text 'ALISHA SLUSARSKI' is present on page  using regular expression

2023-09-20 12:08:48 - [MESSAGE][PASSED] - Text 'ALISHA SLUSARSKI' is present on page  using regular expression

2023-09-20 12:08:48 - [TEST_STEP][PASSED] - verifyTextPresent("Address Line 1", true): Text 'Address Line 1' is present on page  using regular expression

2023-09-20 12:08:48 - [MESSAGE][PASSED] - Text 'Address Line 1' is present on page  using regular expression

2023-09-20 12:08:48 - [TEST_STEP][PASSED] - verifyTextPresent("Address Line 2", true): Text 'Address Line 2' is present on page  using regular expression

2023-09-20 12:08:48 - [MESSAGE][PASSED] - Text 'Address Line 2' is present on page  using regular expression

2023-09-20 12:08:48 - [TEST_STEP][PASSED] - verifyTextPresent("Country", true): Text 'Country' is present on page  using regular expression

2023-09-20 12:08:49 - [MESSAGE][PASSED] - Text 'Country' is present on page  using regular expression

2023-09-20 12:08:49 - [TEST_STEP][PASSED] - verifyTextPresent("City", true): Text 'City' is present on page  using regular expression

2023-09-20 12:08:49 - [MESSAGE][PASSED] - Text 'City' is present on page  using regular expression

2023-09-20 12:08:49 - [TEST_STEP][PASSED] - verifyTextPresent("State", true): Text 'State' is present on page  using regular expression

2023-09-20 12:08:49 - [MESSAGE][PASSED] - Text 'State' is present on page  using regular expression

2023-09-20 12:08:49 - [TEST_STEP][PASSED] - verifyTextPresent("ZIP Code", true): Text 'ZIP Code' is present on page  using regular expression

2023-09-20 12:08:50 - [MESSAGE][PASSED] - Text 'ZIP Code' is present on page  using regular expression

2023-09-20 12:08:50 - [TEST_STEP][PASSED] - verifyTextPresent(al1V, true): Text '3273 State St' is present on page  using regular expression

2023-09-20 12:08:50 - [MESSAGE][PASSED] - Text '3273 State St' is present on page  using regular expression

2023-09-20 12:08:50 - [TEST_STEP][PASSED] - verifyTextPresent(al2V, true): Text 'apt #4' is present on page  using regular expression

2023-09-20 12:08:50 - [MESSAGE][PASSED] - Text 'apt #4' is present on page  using regular expression

2023-09-20 12:08:50 - [TEST_STEP][PASSED] - verifyTextPresent("United States", true): Text 'United States' is present on page  using regular expression

2023-09-20 12:08:50 - [MESSAGE][PASSED] - Text 'United States' is present on page  using regular expression

2023-09-20 12:08:50 - [TEST_STEP][PASSED] - verifyTextPresent("ARLINGTON", true): Text 'ARLINGTON' is present on page  using regular expression

2023-09-20 12:08:51 - [MESSAGE][PASSED] - Text 'ARLINGTON' is present on page  using regular expression

2023-09-20 12:08:51 - [TEST_STEP][PASSED] - verifyTextPresent("Virginia", true): Text 'Virginia' is present on page  using regular expression

2023-09-20 12:08:51 - [MESSAGE][PASSED] - Text 'Virginia' is present on page  using regular expression

2023-09-20 12:08:51 - [TEST_STEP][PASSED] - verifyTextPresent("22201", true): Text '22201' is present on page  using regular expression

2023-09-20 12:08:51 - [MESSAGE][PASSED] - Text '22201' is present on page  using regular expression

2023-09-20 12:08:51 - [TEST_STEP][PASSED] - verifyTextPresent(accType, true): Text 'Savings' is present on page  using regular expression

2023-09-20 12:08:52 - [MESSAGE][PASSED] - Text 'Savings' is present on page  using regular expression

2023-09-20 12:08:52 - [TEST_STEP][PASSED] - verifyTextPresent(last4V, true): Text '1004' is present on page  using regular expression

2023-09-20 12:08:52 - [MESSAGE][PASSED] - Text '1004' is present on page  using regular expression

2023-09-20 12:08:52 - [TEST_STEP][PASSED] - closeBrowser(): Browser is closed

2023-09-20 12:08:53 - [MESSAGE][PASSED] - Browser is closed]]></system-out>
         <system-err><![CDATA[]]></system-err>
      </testcase>
      <testcase name="Test Cases/Admin Suite Bootstrap/VT_ACH_TestCases/DebitPersonal_TP_NoCF_Generic_Payment_TC" time="209.537" classname="Test Cases/Admin Suite Bootstrap/VT_ACH_TestCases/DebitPersonal_TP_NoCF_Generic_Payment_TC" status="PASSED">
         <system-out><![CDATA[2023-09-20 12:08:53 - [TEST_CASE][PASSED] - Test Cases/Admin Suite Bootstrap/VT_ACH_TestCases/DebitPersonal_TP_NoCF_Generic_Payment_TC: Test Cases/Admin Suite Bootstrap/VT_ACH_TestCases/DebitPersonal_TP_NoCF_Generic_Payment_TC

2023-09-20 12:08:54 - [TEST_STEP][PASSED] - path_Dashboard = "Object Repository/AdminSuiteBootstrap_Pages/Dashboard_Bootstrap/": null

2023-09-20 12:08:54 - [TEST_STEP][PASSED] - path_VT = "Object Repository/AdminSuiteBootstrap_Pages/VT_Bootstrap/IssueTransactions/": null

2023-09-20 12:08:54 - [TEST_STEP][PASSED] - li_1 = vpos_Prefix: null

2023-09-20 12:08:54 - [TEST_STEP][PASSED] - li_2 = "/transactions/AuthCapForm/": null

2023-09-20 12:08:54 - [TEST_STEP][PASSED] - executionProfile = getExecutionProfile(): null

2023-09-20 12:08:54 - [TEST_STEP][PASSED] - out.println("executionProfile : " + executionProfile): null

2023-09-20 12:08:54 - [TEST_STEP][PASSED] - appName = <not implemented yet for class: org.codehaus.groovy.ast.expr.EmptyExpression>: null

2023-09-20 12:08:54 - [TEST_STEP][PASSED] - appID = <not implemented yet for class: org.codehaus.groovy.ast.expr.EmptyExpression>: null

2023-09-20 12:08:54 - [TEST_STEP][PASSED] - cardNameV = <not implemented yet for class: org.codehaus.groovy.ast.expr.EmptyExpression>: null

2023-09-20 12:08:54 - [TEST_STEP][PASSED] - al1V = <not implemented yet for class: org.codehaus.groovy.ast.expr.EmptyExpression>: null

2023-09-20 12:08:54 - [TEST_STEP][PASSED] - al2V = <not implemented yet for class: org.codehaus.groovy.ast.expr.EmptyExpression>: null

2023-09-20 12:08:54 - [TEST_STEP][PASSED] - zipV = <not implemented yet for class: org.codehaus.groovy.ast.expr.EmptyExpression>: null

2023-09-20 12:08:54 - [TEST_STEP][PASSED] - accType = <not implemented yet for class: org.codehaus.groovy.ast.expr.EmptyExpression>: null

2023-09-20 12:08:54 - [TEST_STEP][PASSED] - last4V = <not implemented yet for class: org.codehaus.groovy.ast.expr.EmptyExpression>: null

2023-09-20 12:08:54 - [TEST_STEP][PASSED] - resText = "Fail": null

2023-09-20 12:08:54 - [TEST_STEP][PASSED] - resColumn = "Result": null

2023-09-20 12:08:54 - [TEST_STEP][PASSED] - datCloumn = "Date": null

2023-09-20 12:08:54 - [TEST_STEP][PASSED] - fileLoc = "C:\KatalonData\Bootstrap\VT-ACH-Data.xlsx": null

2023-09-20 12:08:54 - [TEST_STEP][PASSED] - numOfRows = <not implemented yet for class: org.codehaus.groovy.ast.expr.EmptyExpression>: null

2023-09-20 12:08:54 - [TEST_STEP][PASSED] - dataFile = <not implemented yet for class: org.codehaus.groovy.ast.expr.EmptyExpression>: null

2023-09-20 12:08:54 - [TEST_STEP][PASSED] - nameSheet = <not implemented yet for class: org.codehaus.groovy.ast.expr.EmptyExpression>: null

2023-09-20 12:08:54 - [TEST_STEP][PASSED] - nameSheet = "VT-ACHPersonal-NoCF-Generic": null

2023-09-20 12:08:54 - [TEST_STEP][PASSED] - numOfRows = findTestData("QA/Bootstrap/VT-ACH-TestData/VT-DebitData-NoCF-Generic").getRowNumbers(): null

2023-09-20 12:08:54 - [TEST_STEP][PASSED] - println("Number of Records: " + numOfRows): null

2023-09-20 12:08:54 - [TEST_STEP][PASSED] - dataFile = "QA/Bootstrap/VT-ACH-TestData/VT-DebitData-NoCF-Generic": null

2023-09-20 12:08:54 - [TEST_STEP][PASSED] - for ([row = 1, row <= numOfRows, (row++)]): Browser is closed

2023-09-20 12:08:54 - [TEST_STEP][PASSED] - ExecuteTC = findTestData(dataFile).getValue("Execute", row): null

2023-09-20 12:08:54 - [TEST_STEP][PASSED] - out.println("Value of Execute is : " + ExecuteTC): null

2023-09-20 12:08:54 - [TEST_STEP][PASSED] - switch (executionProfile): null

2023-09-20 12:08:54 - [TEST_STEP][PASSED] - case "QA2Profile":: null

2023-09-20 12:08:54 - [TEST_STEP][PASSED] - appName = findTestData(dataFile).getValue("AppNameQA", row): null

2023-09-20 12:08:54 - [TEST_STEP][PASSED] - appID = findTestData(dataFile).getValue("AppIDQA", row): null

2023-09-20 12:08:54 - [TEST_STEP][PASSED] - break: null

2023-09-20 12:08:54 - [TEST_STEP][PASSED] - hrefAppID = li_1 + appID + li_2: null

2023-09-20 12:08:54 - [TEST_STEP][PASSED] - hrefApp = li_1 + appID + "/": null

2023-09-20 12:08:54 - [TEST_STEP][PASSED] - println("hrefApp : " + hrefApp): null

2023-09-20 12:08:54 - [TEST_STEP][PASSED] - if (ExecuteTC.equalsIgnoreCase("Y")): Browser is closed

2023-09-20 12:08:54 - [TEST_STEP][PASSED] - out.println("Begin Record Number: " + row): null

2023-09-20 12:08:54 - [TEST_STEP][PASSED] - today = new java.util.Date(): null

2023-09-20 12:08:54 - [TEST_STEP][PASSED] - println(today): null

2023-09-20 12:08:54 - [TEST_STEP][PASSED] - datText = today: null

2023-09-20 12:08:54 - [TEST_STEP][PASSED] - adminSuiteBootstrap.loginFunctionality.login_AdminSuite(): adminSuiteBootstrap.loginFunctionality.login_AdminSuite is PASSED

2023-09-20 12:08:54 - [MESSAGE][INFO] - Starting 'Chrome' driver

2023-09-20 12:08:54 - [MESSAGE][INFO] - User set preference: ['acceptInsecureCerts', 'true']

2023-09-20 12:08:54 - [MESSAGE][INFO] - Action delay is set to 0 milliseconds

2023-09-20 12:08:57 - [MESSAGE][PASSED] - Browser is opened with url: 'https://qa2.velocitypayment.com/admin/imtiaz'

2023-09-20 12:08:57 - [MESSAGE][PASSED] - Current window maximized

2023-09-20 12:08:57 - [MESSAGE][PASSED] - Object 'Object Repository/Login_Page/Login_Username_Okta' is present

2023-09-20 12:08:58 - [MESSAGE][PASSED] - Text 'iahmed' is set on object 'Object Repository/Login_Page/Login_Username_Okta'

2023-09-20 12:08:59 - [MESSAGE][PASSED] - Text 'Hello1111111@' is set on object 'Object Repository/Login_Page/Login_Password_Okta'

2023-09-20 12:09:00 - [MESSAGE][PASSED] - Object: 'Object Repository/Login_Page/Login_Submit_Okta' is clicked on

2023-09-20 12:09:00 - [MESSAGE][PASSED] - adminSuiteBootstrap.loginFunctionality.login_AdminSuite is PASSED

2023-09-20 12:09:00 - [TEST_STEP][PASSED] - click(findTestObject(path_Dashboard + appName)): Object: 'Object Repository/AdminSuiteBootstrap_Pages/Dashboard_Bootstrap/a_Access AutoNoCFtp' is clicked on

2023-09-20 12:09:08 - [MESSAGE][PASSED] - Object: 'Object Repository/AdminSuiteBootstrap_Pages/Dashboard_Bootstrap/a_Access AutoNoCFtp' is clicked on

2023-09-20 12:09:08 - [TEST_STEP][PASSED] - click(findTestObject(path_VT + "button_Debit")): Object: 'Object Repository/AdminSuiteBootstrap_Pages/VT_Bootstrap/IssueTransactions/button_Debit' is clicked on

2023-09-20 12:09:09 - [MESSAGE][PASSED] - Object: 'Object Repository/AdminSuiteBootstrap_Pages/VT_Bootstrap/IssueTransactions/button_Debit' is clicked on

2023-09-20 12:09:09 - [TEST_STEP][PASSED] - click(findTestObject(path_VT + "a_Personal")): Object: 'Object Repository/AdminSuiteBootstrap_Pages/VT_Bootstrap/IssueTransactions/a_Personal' is clicked on

2023-09-20 12:09:10 - [MESSAGE][PASSED] - Object: 'Object Repository/AdminSuiteBootstrap_Pages/VT_Bootstrap/IssueTransactions/a_Personal' is clicked on

2023-09-20 12:09:10 - [TEST_STEP][PASSED] - adminSuiteBootstrap.debitPersonalsetData.debitPersonal_DataDriven(row, dataFile): adminSuiteBootstrap.debitPersonalsetData.debitPersonal_DataDriven is PASSED

2023-09-20 12:09:12 - [MESSAGE][PASSED] - Text 'John' is set on object 'Object Repository/AdminSuiteBootstrap_Pages/VT_Bootstrap/ACHPersonal/input_firstName'

2023-09-20 12:09:13 - [MESSAGE][PASSED] - Text 'Gordonas' is set on object 'Object Repository/AdminSuiteBootstrap_Pages/VT_Bootstrap/ACHPersonal/input_lastName'

2023-09-20 12:09:14 - [MESSAGE][PASSED] - Text '133 Meadow Ln' is set on object 'Object Repository/AdminSuiteBootstrap_Pages/VT_Bootstrap/ACHPersonal/input_address'

2023-09-20 12:09:14 - [MESSAGE][PASSED] - Text 'apt #123' is set on object 'Object Repository/AdminSuiteBootstrap_Pages/VT_Bootstrap/ACHPersonal/input_address2'

2023-09-20 12:09:15 - [MESSAGE][PASSED] - Text '22201' is set on object 'Object Repository/AdminSuiteBootstrap_Pages/VT_Bootstrap/ACHPersonal/input_zip'

2023-09-20 12:09:16 - [MESSAGE][PASSED] - Text '' is set on object 'Object Repository/AdminSuiteBootstrap_Pages/VT_Bootstrap/ACHPersonal/input_emailAddress'

2023-09-20 12:09:17 - [MESSAGE][PASSED] - Text '' is set on object 'Object Repository/AdminSuiteBootstrap_Pages/VT_Bootstrap/ACHPersonal/input_smsNumber'

2023-09-20 12:09:18 - [MESSAGE][PASSED] - Text '45681001' is set on object 'Object Repository/AdminSuiteBootstrap_Pages/VT_Bootstrap/ACHPersonal/input_accountNumber'

2023-09-20 12:09:18 - [MESSAGE][PASSED] - Text '256072691' is set on object 'Object Repository/AdminSuiteBootstrap_Pages/VT_Bootstrap/ACHPersonal/input_routingNumber'

2023-09-20 12:09:19 - [MESSAGE][PASSED] - All options with label 'Checking' are selected in object 'Object Repository/AdminSuiteBootstrap_Pages/VT_Bootstrap/ACHPersonal/select_AccountType'  using regular expression

2023-09-20 12:09:20 - [MESSAGE][PASSED] - All options with label 'PPD - Prearranged Payment and Deposit Entry' are selected in object 'Object Repository/AdminSuiteBootstrap_Pages/VT_Bootstrap/ACHPersonal/select_STD'  using regular expression

2023-09-20 12:09:21 - [MESSAGE][PASSED] - Text '11.5' is set on object 'Object Repository/AdminSuiteBootstrap_Pages/VT_Bootstrap/ACHPersonal/input_amount'

2023-09-20 12:09:22 - [MESSAGE][PASSED] - Text 'Denmark' is set on object 'Object Repository/AdminSuiteBootstrap_Pages/VT_Bootstrap/ACHPersonal/input_userDefined1'

2023-09-20 12:09:23 - [MESSAGE][PASSED] - Text 'Australia' is set on object 'Object Repository/AdminSuiteBootstrap_Pages/VT_Bootstrap/ACHPersonal/input_userDefined2'

2023-09-20 12:09:24 - [MESSAGE][PASSED] - Text 'Austria' is set on object 'Object Repository/AdminSuiteBootstrap_Pages/VT_Bootstrap/ACHPersonal/input_userDefined3'

2023-09-20 12:09:24 - [MESSAGE][PASSED] - Text 'Sweden' is set on object 'Object Repository/AdminSuiteBootstrap_Pages/VT_Bootstrap/ACHPersonal/input_userDefined4'

2023-09-20 12:09:25 - [MESSAGE][PASSED] - All options with label 'Yellow' are selected in object 'Object Repository/AdminSuiteBootstrap_Pages/VT_Bootstrap/ACHPersonal/select_UDF5'  using regular expression

2023-09-20 12:09:26 - [MESSAGE][PASSED] - All options with label 'Orange' are selected in object 'Object Repository/AdminSuiteBootstrap_Pages/VT_Bootstrap/ACHPersonal/select_UDF6'  using regular expression

2023-09-20 12:09:27 - [MESSAGE][PASSED] - Text 'Netherlands' is set on object 'Object Repository/AdminSuiteBootstrap_Pages/VT_Bootstrap/ACHPersonal/input_userDefined7'

2023-09-20 12:09:27 - [MESSAGE][PASSED] - Text 'Norway' is set on object 'Object Repository/AdminSuiteBootstrap_Pages/VT_Bootstrap/ACHPersonal/input_userDefined8'

2023-09-20 12:09:28 - [MESSAGE][PASSED] - Text 'France' is set on object 'Object Repository/AdminSuiteBootstrap_Pages/VT_Bootstrap/ACHPersonal/input_userDefined9'

2023-09-20 12:09:29 - [MESSAGE][PASSED] - Text 'Switzerland' is set on object 'Object Repository/AdminSuiteBootstrap_Pages/VT_Bootstrap/ACHPersonal/input_userDefined10'

2023-09-20 12:09:30 - [MESSAGE][PASSED] - Object: 'Object Repository/AdminSuiteBootstrap_Pages/VT_Bootstrap/ACHPersonal/button_Submit' is clicked on

2023-09-20 12:09:30 - [MESSAGE][PASSED] - adminSuiteBootstrap.debitPersonalsetData.debitPersonal_DataDriven is PASSED

2023-09-20 12:09:30 - [TEST_STEP][PASSED] - verifyTextPresent("Transaction Successful", true): Text 'Transaction Successful' is present on page  using regular expression

2023-09-20 12:09:30 - [MESSAGE][PASSED] - Text 'Transaction Successful' is present on page  using regular expression

2023-09-20 12:09:30 - [TEST_STEP][PASSED] - verifyTextPresent("Remittance ID", true): Text 'Remittance ID' is present on page  using regular expression

2023-09-20 12:09:31 - [MESSAGE][PASSED] - Text 'Remittance ID' is present on page  using regular expression

2023-09-20 12:09:31 - [TEST_STEP][PASSED] - verifyTextPresent("Received", true): Text 'Received' is present on page  using regular expression

2023-09-20 12:09:31 - [MESSAGE][PASSED] - Text 'Received' is present on page  using regular expression

2023-09-20 12:09:31 - [TEST_STEP][PASSED] - verifyTextPresent("UDF1", true): Text 'UDF1' is present on page  using regular expression

2023-09-20 12:09:31 - [MESSAGE][PASSED] - Text 'UDF1' is present on page  using regular expression

2023-09-20 12:09:31 - [TEST_STEP][PASSED] - verifyTextPresent("UDF2", true): Text 'UDF2' is present on page  using regular expression

2023-09-20 12:09:32 - [MESSAGE][PASSED] - Text 'UDF2' is present on page  using regular expression

2023-09-20 12:09:32 - [TEST_STEP][PASSED] - verifyTextPresent("UDF3", true): Text 'UDF3' is present on page  using regular expression

2023-09-20 12:09:32 - [MESSAGE][PASSED] - Text 'UDF3' is present on page  using regular expression

2023-09-20 12:09:32 - [TEST_STEP][PASSED] - verifyTextPresent("UDF4", true): Text 'UDF4' is present on page  using regular expression

2023-09-20 12:09:32 - [MESSAGE][PASSED] - Text 'UDF4' is present on page  using regular expression

2023-09-20 12:09:32 - [TEST_STEP][PASSED] - verifyTextPresent("UDF5", true): Text 'UDF5' is present on page  using regular expression

2023-09-20 12:09:33 - [MESSAGE][PASSED] - Text 'UDF5' is present on page  using regular expression

2023-09-20 12:09:33 - [TEST_STEP][PASSED] - verifyTextPresent("UDF6", true): Text 'UDF6' is present on page  using regular expression

2023-09-20 12:09:33 - [MESSAGE][PASSED] - Text 'UDF6' is present on page  using regular expression

2023-09-20 12:09:33 - [TEST_STEP][PASSED] - verifyTextPresent("UDF7", true): Text 'UDF7' is present on page  using regular expression

2023-09-20 12:09:33 - [MESSAGE][PASSED] - Text 'UDF7' is present on page  using regular expression

2023-09-20 12:09:33 - [TEST_STEP][PASSED] - verifyTextPresent("UDF8", true): Text 'UDF8' is present on page  using regular expression

2023-09-20 12:09:34 - [MESSAGE][PASSED] - Text 'UDF8' is present on page  using regular expression

2023-09-20 12:09:34 - [TEST_STEP][PASSED] - verifyTextPresent("UDF9", true): Text 'UDF9' is present on page  using regular expression

2023-09-20 12:09:34 - [MESSAGE][PASSED] - Text 'UDF9' is present on page  using regular expression

2023-09-20 12:09:34 - [TEST_STEP][PASSED] - verifyTextPresent("UDF 10", true): Text 'UDF 10' is present on page  using regular expression

2023-09-20 12:09:34 - [MESSAGE][PASSED] - Text 'UDF 10' is present on page  using regular expression

2023-09-20 12:09:34 - [TEST_STEP][PASSED] - verifyTextPresent("Australia", true): Text 'Australia' is present on page  using regular expression

2023-09-20 12:09:34 - [MESSAGE][PASSED] - Text 'Australia' is present on page  using regular expression

2023-09-20 12:09:34 - [TEST_STEP][PASSED] - verifyTextPresent("Denmark", true): Text 'Denmark' is present on page  using regular expression

2023-09-20 12:09:35 - [MESSAGE][PASSED] - Text 'Denmark' is present on page  using regular expression

2023-09-20 12:09:35 - [TEST_STEP][PASSED] - verifyTextPresent("Sweden", true): Text 'Sweden' is present on page  using regular expression

2023-09-20 12:09:35 - [MESSAGE][PASSED] - Text 'Sweden' is present on page  using regular expression

2023-09-20 12:09:35 - [TEST_STEP][PASSED] - verifyTextPresent("Austria", true): Text 'Austria' is present on page  using regular expression

2023-09-20 12:09:35 - [MESSAGE][PASSED] - Text 'Austria' is present on page  using regular expression

2023-09-20 12:09:35 - [TEST_STEP][PASSED] - verifyTextPresent("Orange Recorded", true): Text 'Orange Recorded' is present on page  using regular expression

2023-09-20 12:09:36 - [MESSAGE][PASSED] - Text 'Orange Recorded' is present on page  using regular expression

2023-09-20 12:09:36 - [TEST_STEP][PASSED] - verifyTextPresent("Yellow Recorded", true): Text 'Yellow Recorded' is present on page  using regular expression

2023-09-20 12:09:36 - [MESSAGE][PASSED] - Text 'Yellow Recorded' is present on page  using regular expression

2023-09-20 12:09:36 - [TEST_STEP][PASSED] - verifyTextPresent("Norway", true): Text 'Norway' is present on page  using regular expression

2023-09-20 12:09:36 - [MESSAGE][PASSED] - Text 'Norway' is present on page  using regular expression

2023-09-20 12:09:36 - [TEST_STEP][PASSED] - verifyTextPresent("Netherlands", true): Text 'Netherlands' is present on page  using regular expression

2023-09-20 12:09:37 - [MESSAGE][PASSED] - Text 'Netherlands' is present on page  using regular expression

2023-09-20 12:09:37 - [TEST_STEP][PASSED] - verifyTextPresent("Switzerland", true): Text 'Switzerland' is present on page  using regular expression

2023-09-20 12:09:37 - [MESSAGE][PASSED] - Text 'Switzerland' is present on page  using regular expression

2023-09-20 12:09:37 - [TEST_STEP][PASSED] - verifyTextPresent("France", true): Text 'France' is present on page  using regular expression

2023-09-20 12:09:37 - [MESSAGE][PASSED] - Text 'France' is present on page  using regular expression

2023-09-20 12:09:37 - [TEST_STEP][PASSED] - verifyTextPresent("Amount", true): Text 'Amount' is present on page  using regular expression

2023-09-20 12:09:38 - [MESSAGE][PASSED] - Text 'Amount' is present on page  using regular expression

2023-09-20 12:09:38 - [TEST_STEP][PASSED] - verifyTextPresent("Total Amount", true): Text 'Total Amount' is present on page  using regular expression

2023-09-20 12:09:38 - [MESSAGE][PASSED] - Text 'Total Amount' is present on page  using regular expression

2023-09-20 12:09:38 - [TEST_STEP][PASSED] - verifyTextPresent("Transaction Type", true): Text 'Transaction Type' is present on page  using regular expression

2023-09-20 12:09:38 - [MESSAGE][PASSED] - Text 'Transaction Type' is present on page  using regular expression

2023-09-20 12:09:38 - [TEST_STEP][PASSED] - verifyTextPresent("11.50", true): Text '11.50' is present on page  using regular expression

2023-09-20 12:09:39 - [MESSAGE][PASSED] - Text '11.50' is present on page  using regular expression

2023-09-20 12:09:39 - [TEST_STEP][PASSED] - verifyTextPresent("Debit", true): Text 'Debit' is present on page  using regular expression

2023-09-20 12:09:39 - [MESSAGE][PASSED] - Text 'Debit' is present on page  using regular expression

2023-09-20 12:09:39 - [TEST_STEP][PASSED] - verifyTextPresent("Check Information", true): Text 'Check Information' is present on page  using regular expression

2023-09-20 12:09:39 - [MESSAGE][PASSED] - Text 'Check Information' is present on page  using regular expression

2023-09-20 12:09:39 - [TEST_STEP][PASSED] - verifyTextPresent("Account Type", true): Text 'Account Type' is present on page  using regular expression

2023-09-20 12:09:40 - [MESSAGE][PASSED] - Text 'Account Type' is present on page  using regular expression

2023-09-20 12:09:40 - [TEST_STEP][PASSED] - verifyTextPresent("Account Number", true): Text 'Account Number' is present on page  using regular expression

2023-09-20 12:09:40 - [MESSAGE][PASSED] - Text 'Account Number' is present on page  using regular expression

2023-09-20 12:09:40 - [TEST_STEP][PASSED] - verifyTextPresent("Routing Number", true): Text 'Routing Number' is present on page  using regular expression

2023-09-20 12:09:40 - [MESSAGE][PASSED] - Text 'Routing Number' is present on page  using regular expression

2023-09-20 12:09:40 - [TEST_STEP][PASSED] - verifyTextPresent("2691", true): Text '2691' is present on page  using regular expression

2023-09-20 12:09:40 - [MESSAGE][PASSED] - Text '2691' is present on page  using regular expression

2023-09-20 12:09:40 - [TEST_STEP][PASSED] - cardNameV = findTestData(dataFile).getValue("NameV", row): null

2023-09-20 12:09:41 - [TEST_STEP][PASSED] - al1V = findTestData(dataFile).getValue("AL1", row): null

2023-09-20 12:09:41 - [TEST_STEP][PASSED] - al2V = findTestData(dataFile).getValue("AL2", row): null

2023-09-20 12:09:41 - [TEST_STEP][PASSED] - last4V = findTestData(dataFile).getValue("Last4", row): null

2023-09-20 12:09:41 - [TEST_STEP][PASSED] - accType = findTestData(dataFile).getValue("AccountType", row): null

2023-09-20 12:09:41 - [TEST_STEP][PASSED] - verifyTextPresent(cardNameV, true): Text 'JOHN GORDONAS' is present on page  using regular expression

2023-09-20 12:09:41 - [MESSAGE][PASSED] - Text 'JOHN GORDONAS' is present on page  using regular expression

2023-09-20 12:09:41 - [TEST_STEP][PASSED] - verifyTextPresent("Address Line 1", true): Text 'Address Line 1' is present on page  using regular expression

2023-09-20 12:09:42 - [MESSAGE][PASSED] - Text 'Address Line 1' is present on page  using regular expression

2023-09-20 12:09:42 - [TEST_STEP][PASSED] - verifyTextPresent("Address Line 2", true): Text 'Address Line 2' is present on page  using regular expression

2023-09-20 12:09:42 - [MESSAGE][PASSED] - Text 'Address Line 2' is present on page  using regular expression

2023-09-20 12:09:42 - [TEST_STEP][PASSED] - verifyTextPresent("Country", true): Text 'Country' is present on page  using regular expression

2023-09-20 12:09:42 - [MESSAGE][PASSED] - Text 'Country' is present on page  using regular expression

2023-09-20 12:09:42 - [TEST_STEP][PASSED] - verifyTextPresent("City", true): Text 'City' is present on page  using regular expression

2023-09-20 12:09:42 - [MESSAGE][PASSED] - Text 'City' is present on page  using regular expression

2023-09-20 12:09:42 - [TEST_STEP][PASSED] - verifyTextPresent("State", true): Text 'State' is present on page  using regular expression

2023-09-20 12:09:43 - [MESSAGE][PASSED] - Text 'State' is present on page  using regular expression

2023-09-20 12:09:43 - [TEST_STEP][PASSED] - verifyTextPresent("ZIP Code", true): Text 'ZIP Code' is present on page  using regular expression

2023-09-20 12:09:43 - [MESSAGE][PASSED] - Text 'ZIP Code' is present on page  using regular expression

2023-09-20 12:09:43 - [TEST_STEP][PASSED] - verifyTextPresent(al1V, true): Text '133 Meadow Ln' is present on page  using regular expression

2023-09-20 12:09:43 - [MESSAGE][PASSED] - Text '133 Meadow Ln' is present on page  using regular expression

2023-09-20 12:09:43 - [TEST_STEP][PASSED] - verifyTextPresent(al2V, true): Text 'apt #123' is present on page  using regular expression

2023-09-20 12:09:44 - [MESSAGE][PASSED] - Text 'apt #123' is present on page  using regular expression

2023-09-20 12:09:44 - [TEST_STEP][PASSED] - verifyTextPresent("United States", true): Text 'United States' is present on page  using regular expression

2023-09-20 12:09:44 - [MESSAGE][PASSED] - Text 'United States' is present on page  using regular expression

2023-09-20 12:09:44 - [TEST_STEP][PASSED] - verifyTextPresent("ARLINGTON", true): Text 'ARLINGTON' is present on page  using regular expression

2023-09-20 12:09:44 - [MESSAGE][PASSED] - Text 'ARLINGTON' is present on page  using regular expression

2023-09-20 12:09:44 - [TEST_STEP][PASSED] - verifyTextPresent("Virginia", true): Text 'Virginia' is present on page  using regular expression

2023-09-20 12:09:45 - [MESSAGE][PASSED] - Text 'Virginia' is present on page  using regular expression

2023-09-20 12:09:45 - [TEST_STEP][PASSED] - verifyTextPresent("22201", true): Text '22201' is present on page  using regular expression

2023-09-20 12:09:45 - [MESSAGE][PASSED] - Text '22201' is present on page  using regular expression

2023-09-20 12:09:45 - [TEST_STEP][PASSED] - verifyTextPresent(accType, true): Text 'Checking' is present on page  using regular expression

2023-09-20 12:09:45 - [MESSAGE][PASSED] - Text 'Checking' is present on page  using regular expression

2023-09-20 12:09:45 - [TEST_STEP][PASSED] - verifyTextPresent(last4V, true): Text '1001' is present on page  using regular expression

2023-09-20 12:09:46 - [MESSAGE][PASSED] - Text '1001' is present on page  using regular expression

2023-09-20 12:09:46 - [TEST_STEP][PASSED] - closeBrowser(): Browser is closed

2023-09-20 12:09:47 - [MESSAGE][PASSED] - Browser is closed

2023-09-20 12:09:47 - [TEST_STEP][PASSED] - ExecuteTC = findTestData(dataFile).getValue("Execute", row): null

2023-09-20 12:09:47 - [TEST_STEP][PASSED] - out.println("Value of Execute is : " + ExecuteTC): null

2023-09-20 12:09:47 - [TEST_STEP][PASSED] - switch (executionProfile): null

2023-09-20 12:09:47 - [TEST_STEP][PASSED] - case "QA2Profile":: null

2023-09-20 12:09:47 - [TEST_STEP][PASSED] - appName = findTestData(dataFile).getValue("AppNameQA", row): null

2023-09-20 12:09:47 - [TEST_STEP][PASSED] - appID = findTestData(dataFile).getValue("AppIDQA", row): null

2023-09-20 12:09:47 - [TEST_STEP][PASSED] - break: null

2023-09-20 12:09:47 - [TEST_STEP][PASSED] - hrefAppID = li_1 + appID + li_2: null

2023-09-20 12:09:47 - [TEST_STEP][PASSED] - hrefApp = li_1 + appID + "/": null

2023-09-20 12:09:47 - [TEST_STEP][PASSED] - println("hrefApp : " + hrefApp): null

2023-09-20 12:09:47 - [TEST_STEP][PASSED] - if (ExecuteTC.equalsIgnoreCase("Y")): Browser is closed

2023-09-20 12:09:47 - [TEST_STEP][PASSED] - out.println("Begin Record Number: " + row): null

2023-09-20 12:09:47 - [TEST_STEP][PASSED] - today = new java.util.Date(): null

2023-09-20 12:09:47 - [TEST_STEP][PASSED] - println(today): null

2023-09-20 12:09:47 - [TEST_STEP][PASSED] - datText = today: null

2023-09-20 12:09:47 - [TEST_STEP][PASSED] - adminSuiteBootstrap.loginFunctionality.login_AdminSuite(): adminSuiteBootstrap.loginFunctionality.login_AdminSuite is PASSED

2023-09-20 12:09:47 - [MESSAGE][INFO] - Starting 'Chrome' driver

2023-09-20 12:09:47 - [MESSAGE][INFO] - User set preference: ['acceptInsecureCerts', 'true']

2023-09-20 12:09:47 - [MESSAGE][INFO] - Action delay is set to 0 milliseconds

2023-09-20 12:09:50 - [MESSAGE][PASSED] - Browser is opened with url: 'https://qa2.velocitypayment.com/admin/imtiaz'

2023-09-20 12:09:50 - [MESSAGE][PASSED] - Current window maximized

2023-09-20 12:09:50 - [MESSAGE][PASSED] - Object 'Object Repository/Login_Page/Login_Username_Okta' is present

2023-09-20 12:09:51 - [MESSAGE][PASSED] - Text 'iahmed' is set on object 'Object Repository/Login_Page/Login_Username_Okta'

2023-09-20 12:09:52 - [MESSAGE][PASSED] - Text 'Hello1111111@' is set on object 'Object Repository/Login_Page/Login_Password_Okta'

2023-09-20 12:09:52 - [MESSAGE][PASSED] - Object: 'Object Repository/Login_Page/Login_Submit_Okta' is clicked on

2023-09-20 12:09:52 - [MESSAGE][PASSED] - adminSuiteBootstrap.loginFunctionality.login_AdminSuite is PASSED

2023-09-20 12:09:52 - [TEST_STEP][PASSED] - click(findTestObject(path_Dashboard + appName)): Object: 'Object Repository/AdminSuiteBootstrap_Pages/Dashboard_Bootstrap/a_Access AutoNoCFtp' is clicked on

2023-09-20 12:10:00 - [MESSAGE][PASSED] - Object: 'Object Repository/AdminSuiteBootstrap_Pages/Dashboard_Bootstrap/a_Access AutoNoCFtp' is clicked on

2023-09-20 12:10:00 - [TEST_STEP][PASSED] - click(findTestObject(path_VT + "button_Debit")): Object: 'Object Repository/AdminSuiteBootstrap_Pages/VT_Bootstrap/IssueTransactions/button_Debit' is clicked on

2023-09-20 12:10:00 - [MESSAGE][PASSED] - Object: 'Object Repository/AdminSuiteBootstrap_Pages/VT_Bootstrap/IssueTransactions/button_Debit' is clicked on

2023-09-20 12:10:00 - [TEST_STEP][PASSED] - click(findTestObject(path_VT + "a_Personal")): Object: 'Object Repository/AdminSuiteBootstrap_Pages/VT_Bootstrap/IssueTransactions/a_Personal' is clicked on

2023-09-20 12:10:01 - [MESSAGE][PASSED] - Object: 'Object Repository/AdminSuiteBootstrap_Pages/VT_Bootstrap/IssueTransactions/a_Personal' is clicked on

2023-09-20 12:10:01 - [TEST_STEP][PASSED] - adminSuiteBootstrap.debitPersonalsetData.debitPersonal_DataDriven(row, dataFile): adminSuiteBootstrap.debitPersonalsetData.debitPersonal_DataDriven is PASSED

2023-09-20 12:10:03 - [MESSAGE][PASSED] - Text 'Veronika' is set on object 'Object Repository/AdminSuiteBootstrap_Pages/VT_Bootstrap/ACHPersonal/input_firstName'

2023-09-20 12:10:04 - [MESSAGE][PASSED] - Text 'Inouye' is set on object 'Object Repository/AdminSuiteBootstrap_Pages/VT_Bootstrap/ACHPersonal/input_lastName'

2023-09-20 12:10:05 - [MESSAGE][PASSED] - Text '6 Greenleaf Ave' is set on object 'Object Repository/AdminSuiteBootstrap_Pages/VT_Bootstrap/ACHPersonal/input_address'

2023-09-20 12:10:06 - [MESSAGE][PASSED] - Text 'apt #3' is set on object 'Object Repository/AdminSuiteBootstrap_Pages/VT_Bootstrap/ACHPersonal/input_address2'

2023-09-20 12:10:06 - [MESSAGE][PASSED] - Text '22201' is set on object 'Object Repository/AdminSuiteBootstrap_Pages/VT_Bootstrap/ACHPersonal/input_zip'

2023-09-20 12:10:07 - [MESSAGE][PASSED] - Text '' is set on object 'Object Repository/AdminSuiteBootstrap_Pages/VT_Bootstrap/ACHPersonal/input_emailAddress'

2023-09-20 12:10:08 - [MESSAGE][PASSED] - Text '' is set on object 'Object Repository/AdminSuiteBootstrap_Pages/VT_Bootstrap/ACHPersonal/input_smsNumber'

2023-09-20 12:10:09 - [MESSAGE][PASSED] - Text '45681002' is set on object 'Object Repository/AdminSuiteBootstrap_Pages/VT_Bootstrap/ACHPersonal/input_accountNumber'

2023-09-20 12:10:10 - [MESSAGE][PASSED] - Text '256072691' is set on object 'Object Repository/AdminSuiteBootstrap_Pages/VT_Bootstrap/ACHPersonal/input_routingNumber'

2023-09-20 12:10:11 - [MESSAGE][PASSED] - All options with label 'Checking' are selected in object 'Object Repository/AdminSuiteBootstrap_Pages/VT_Bootstrap/ACHPersonal/select_AccountType'  using regular expression

2023-09-20 12:10:12 - [MESSAGE][PASSED] - All options with label 'TEL - Telephone-Initiated Entry' are selected in object 'Object Repository/AdminSuiteBootstrap_Pages/VT_Bootstrap/ACHPersonal/select_STD'  using regular expression

2023-09-20 12:10:13 - [MESSAGE][PASSED] - Text '11.5' is set on object 'Object Repository/AdminSuiteBootstrap_Pages/VT_Bootstrap/ACHPersonal/input_amount'

2023-09-20 12:10:13 - [MESSAGE][PASSED] - Text 'Denmark' is set on object 'Object Repository/AdminSuiteBootstrap_Pages/VT_Bootstrap/ACHPersonal/input_userDefined1'

2023-09-20 12:10:14 - [MESSAGE][PASSED] - Text 'Australia' is set on object 'Object Repository/AdminSuiteBootstrap_Pages/VT_Bootstrap/ACHPersonal/input_userDefined2'

2023-09-20 12:10:15 - [MESSAGE][PASSED] - Text 'Austria' is set on object 'Object Repository/AdminSuiteBootstrap_Pages/VT_Bootstrap/ACHPersonal/input_userDefined3'

2023-09-20 12:10:16 - [MESSAGE][PASSED] - Text 'Sweden' is set on object 'Object Repository/AdminSuiteBootstrap_Pages/VT_Bootstrap/ACHPersonal/input_userDefined4'

2023-09-20 12:10:16 - [MESSAGE][PASSED] - All options with label 'Yellow' are selected in object 'Object Repository/AdminSuiteBootstrap_Pages/VT_Bootstrap/ACHPersonal/select_UDF5'  using regular expression

2023-09-20 12:10:17 - [MESSAGE][PASSED] - All options with label 'Orange' are selected in object 'Object Repository/AdminSuiteBootstrap_Pages/VT_Bootstrap/ACHPersonal/select_UDF6'  using regular expression

2023-09-20 12:10:18 - [MESSAGE][PASSED] - Text 'Netherlands' is set on object 'Object Repository/AdminSuiteBootstrap_Pages/VT_Bootstrap/ACHPersonal/input_userDefined7'

2023-09-20 12:10:19 - [MESSAGE][PASSED] - Text 'Norway' is set on object 'Object Repository/AdminSuiteBootstrap_Pages/VT_Bootstrap/ACHPersonal/input_userDefined8'

2023-09-20 12:10:20 - [MESSAGE][PASSED] - Text 'France' is set on object 'Object Repository/AdminSuiteBootstrap_Pages/VT_Bootstrap/ACHPersonal/input_userDefined9'

2023-09-20 12:10:20 - [MESSAGE][PASSED] - Text 'Switzerland' is set on object 'Object Repository/AdminSuiteBootstrap_Pages/VT_Bootstrap/ACHPersonal/input_userDefined10'

2023-09-20 12:10:21 - [MESSAGE][PASSED] - Object: 'Object Repository/AdminSuiteBootstrap_Pages/VT_Bootstrap/ACHPersonal/button_Submit' is clicked on

2023-09-20 12:10:21 - [MESSAGE][PASSED] - adminSuiteBootstrap.debitPersonalsetData.debitPersonal_DataDriven is PASSED

2023-09-20 12:10:21 - [TEST_STEP][PASSED] - verifyTextPresent("Transaction Successful", true): Text 'Transaction Successful' is present on page  using regular expression

2023-09-20 12:10:22 - [MESSAGE][PASSED] - Text 'Transaction Successful' is present on page  using regular expression

2023-09-20 12:10:22 - [TEST_STEP][PASSED] - verifyTextPresent("Remittance ID", true): Text 'Remittance ID' is present on page  using regular expression

2023-09-20 12:10:22 - [MESSAGE][PASSED] - Text 'Remittance ID' is present on page  using regular expression

2023-09-20 12:10:22 - [TEST_STEP][PASSED] - verifyTextPresent("Received", true): Text 'Received' is present on page  using regular expression

2023-09-20 12:10:23 - [MESSAGE][PASSED] - Text 'Received' is present on page  using regular expression

2023-09-20 12:10:23 - [TEST_STEP][PASSED] - verifyTextPresent("UDF1", true): Text 'UDF1' is present on page  using regular expression

2023-09-20 12:10:23 - [MESSAGE][PASSED] - Text 'UDF1' is present on page  using regular expression

2023-09-20 12:10:23 - [TEST_STEP][PASSED] - verifyTextPresent("UDF2", true): Text 'UDF2' is present on page  using regular expression

2023-09-20 12:10:23 - [MESSAGE][PASSED] - Text 'UDF2' is present on page  using regular expression

2023-09-20 12:10:23 - [TEST_STEP][PASSED] - verifyTextPresent("UDF3", true): Text 'UDF3' is present on page  using regular expression

2023-09-20 12:10:24 - [MESSAGE][PASSED] - Text 'UDF3' is present on page  using regular expression

2023-09-20 12:10:24 - [TEST_STEP][PASSED] - verifyTextPresent("UDF4", true): Text 'UDF4' is present on page  using regular expression

2023-09-20 12:10:24 - [MESSAGE][PASSED] - Text 'UDF4' is present on page  using regular expression

2023-09-20 12:10:24 - [TEST_STEP][PASSED] - verifyTextPresent("UDF5", true): Text 'UDF5' is present on page  using regular expression

2023-09-20 12:10:24 - [MESSAGE][PASSED] - Text 'UDF5' is present on page  using regular expression

2023-09-20 12:10:24 - [TEST_STEP][PASSED] - verifyTextPresent("UDF6", true): Text 'UDF6' is present on page  using regular expression

2023-09-20 12:10:25 - [MESSAGE][PASSED] - Text 'UDF6' is present on page  using regular expression

2023-09-20 12:10:25 - [TEST_STEP][PASSED] - verifyTextPresent("UDF7", true): Text 'UDF7' is present on page  using regular expression

2023-09-20 12:10:25 - [MESSAGE][PASSED] - Text 'UDF7' is present on page  using regular expression

2023-09-20 12:10:25 - [TEST_STEP][PASSED] - verifyTextPresent("UDF8", true): Text 'UDF8' is present on page  using regular expression

2023-09-20 12:10:25 - [MESSAGE][PASSED] - Text 'UDF8' is present on page  using regular expression

2023-09-20 12:10:25 - [TEST_STEP][PASSED] - verifyTextPresent("UDF9", true): Text 'UDF9' is present on page  using regular expression

2023-09-20 12:10:26 - [MESSAGE][PASSED] - Text 'UDF9' is present on page  using regular expression

2023-09-20 12:10:26 - [TEST_STEP][PASSED] - verifyTextPresent("UDF 10", true): Text 'UDF 10' is present on page  using regular expression

2023-09-20 12:10:26 - [MESSAGE][PASSED] - Text 'UDF 10' is present on page  using regular expression

2023-09-20 12:10:26 - [TEST_STEP][PASSED] - verifyTextPresent("Australia", true): Text 'Australia' is present on page  using regular expression

2023-09-20 12:10:26 - [MESSAGE][PASSED] - Text 'Australia' is present on page  using regular expression

2023-09-20 12:10:26 - [TEST_STEP][PASSED] - verifyTextPresent("Denmark", true): Text 'Denmark' is present on page  using regular expression

2023-09-20 12:10:26 - [MESSAGE][PASSED] - Text 'Denmark' is present on page  using regular expression

2023-09-20 12:10:26 - [TEST_STEP][PASSED] - verifyTextPresent("Sweden", true): Text 'Sweden' is present on page  using regular expression

2023-09-20 12:10:27 - [MESSAGE][PASSED] - Text 'Sweden' is present on page  using regular expression

2023-09-20 12:10:27 - [TEST_STEP][PASSED] - verifyTextPresent("Austria", true): Text 'Austria' is present on page  using regular expression

2023-09-20 12:10:27 - [MESSAGE][PASSED] - Text 'Austria' is present on page  using regular expression

2023-09-20 12:10:27 - [TEST_STEP][PASSED] - verifyTextPresent("Orange Recorded", true): Text 'Orange Recorded' is present on page  using regular expression

2023-09-20 12:10:27 - [MESSAGE][PASSED] - Text 'Orange Recorded' is present on page  using regular expression

2023-09-20 12:10:27 - [TEST_STEP][PASSED] - verifyTextPresent("Yellow Recorded", true): Text 'Yellow Recorded' is present on page  using regular expression

2023-09-20 12:10:28 - [MESSAGE][PASSED] - Text 'Yellow Recorded' is present on page  using regular expression

2023-09-20 12:10:28 - [TEST_STEP][PASSED] - verifyTextPresent("Norway", true): Text 'Norway' is present on page  using regular expression

2023-09-20 12:10:28 - [MESSAGE][PASSED] - Text 'Norway' is present on page  using regular expression

2023-09-20 12:10:28 - [TEST_STEP][PASSED] - verifyTextPresent("Netherlands", true): Text 'Netherlands' is present on page  using regular expression

2023-09-20 12:10:28 - [MESSAGE][PASSED] - Text 'Netherlands' is present on page  using regular expression

2023-09-20 12:10:28 - [TEST_STEP][PASSED] - verifyTextPresent("Switzerland", true): Text 'Switzerland' is present on page  using regular expression

2023-09-20 12:10:29 - [MESSAGE][PASSED] - Text 'Switzerland' is present on page  using regular expression

2023-09-20 12:10:29 - [TEST_STEP][PASSED] - verifyTextPresent("France", true): Text 'France' is present on page  using regular expression

2023-09-20 12:10:29 - [MESSAGE][PASSED] - Text 'France' is present on page  using regular expression

2023-09-20 12:10:29 - [TEST_STEP][PASSED] - verifyTextPresent("Amount", true): Text 'Amount' is present on page  using regular expression

2023-09-20 12:10:29 - [MESSAGE][PASSED] - Text 'Amount' is present on page  using regular expression

2023-09-20 12:10:29 - [TEST_STEP][PASSED] - verifyTextPresent("Total Amount", true): Text 'Total Amount' is present on page  using regular expression

2023-09-20 12:10:30 - [MESSAGE][PASSED] - Text 'Total Amount' is present on page  using regular expression

2023-09-20 12:10:30 - [TEST_STEP][PASSED] - verifyTextPresent("Transaction Type", true): Text 'Transaction Type' is present on page  using regular expression

2023-09-20 12:10:30 - [MESSAGE][PASSED] - Text 'Transaction Type' is present on page  using regular expression

2023-09-20 12:10:30 - [TEST_STEP][PASSED] - verifyTextPresent("11.50", true): Text '11.50' is present on page  using regular expression

2023-09-20 12:10:30 - [MESSAGE][PASSED] - Text '11.50' is present on page  using regular expression

2023-09-20 12:10:30 - [TEST_STEP][PASSED] - verifyTextPresent("Debit", true): Text 'Debit' is present on page  using regular expression

2023-09-20 12:10:31 - [MESSAGE][PASSED] - Text 'Debit' is present on page  using regular expression

2023-09-20 12:10:31 - [TEST_STEP][PASSED] - verifyTextPresent("Check Information", true): Text 'Check Information' is present on page  using regular expression

2023-09-20 12:10:31 - [MESSAGE][PASSED] - Text 'Check Information' is present on page  using regular expression

2023-09-20 12:10:31 - [TEST_STEP][PASSED] - verifyTextPresent("Account Type", true): Text 'Account Type' is present on page  using regular expression

2023-09-20 12:10:31 - [MESSAGE][PASSED] - Text 'Account Type' is present on page  using regular expression

2023-09-20 12:10:31 - [TEST_STEP][PASSED] - verifyTextPresent("Account Number", true): Text 'Account Number' is present on page  using regular expression

2023-09-20 12:10:32 - [MESSAGE][PASSED] - Text 'Account Number' is present on page  using regular expression

2023-09-20 12:10:32 - [TEST_STEP][PASSED] - verifyTextPresent("Routing Number", true): Text 'Routing Number' is present on page  using regular expression

2023-09-20 12:10:32 - [MESSAGE][PASSED] - Text 'Routing Number' is present on page  using regular expression

2023-09-20 12:10:32 - [TEST_STEP][PASSED] - verifyTextPresent("2691", true): Text '2691' is present on page  using regular expression

2023-09-20 12:10:32 - [MESSAGE][PASSED] - Text '2691' is present on page  using regular expression

2023-09-20 12:10:32 - [TEST_STEP][PASSED] - cardNameV = findTestData(dataFile).getValue("NameV", row): null

2023-09-20 12:10:32 - [TEST_STEP][PASSED] - al1V = findTestData(dataFile).getValue("AL1", row): null

2023-09-20 12:10:33 - [TEST_STEP][PASSED] - al2V = findTestData(dataFile).getValue("AL2", row): null

2023-09-20 12:10:33 - [TEST_STEP][PASSED] - last4V = findTestData(dataFile).getValue("Last4", row): null

2023-09-20 12:10:33 - [TEST_STEP][PASSED] - accType = findTestData(dataFile).getValue("AccountType", row): null

2023-09-20 12:10:33 - [TEST_STEP][PASSED] - verifyTextPresent(cardNameV, true): Text 'VERONIKA INOUYE' is present on page  using regular expression

2023-09-20 12:10:33 - [MESSAGE][PASSED] - Text 'VERONIKA INOUYE' is present on page  using regular expression

2023-09-20 12:10:33 - [TEST_STEP][PASSED] - verifyTextPresent("Address Line 1", true): Text 'Address Line 1' is present on page  using regular expression

2023-09-20 12:10:33 - [MESSAGE][PASSED] - Text 'Address Line 1' is present on page  using regular expression

2023-09-20 12:10:33 - [TEST_STEP][PASSED] - verifyTextPresent("Address Line 2", true): Text 'Address Line 2' is present on page  using regular expression

2023-09-20 12:10:34 - [MESSAGE][PASSED] - Text 'Address Line 2' is present on page  using regular expression

2023-09-20 12:10:34 - [TEST_STEP][PASSED] - verifyTextPresent("Country", true): Text 'Country' is present on page  using regular expression

2023-09-20 12:10:34 - [MESSAGE][PASSED] - Text 'Country' is present on page  using regular expression

2023-09-20 12:10:34 - [TEST_STEP][PASSED] - verifyTextPresent("City", true): Text 'City' is present on page  using regular expression

2023-09-20 12:10:34 - [MESSAGE][PASSED] - Text 'City' is present on page  using regular expression

2023-09-20 12:10:34 - [TEST_STEP][PASSED] - verifyTextPresent("State", true): Text 'State' is present on page  using regular expression

2023-09-20 12:10:35 - [MESSAGE][PASSED] - Text 'State' is present on page  using regular expression

2023-09-20 12:10:35 - [TEST_STEP][PASSED] - verifyTextPresent("ZIP Code", true): Text 'ZIP Code' is present on page  using regular expression

2023-09-20 12:10:35 - [MESSAGE][PASSED] - Text 'ZIP Code' is present on page  using regular expression

2023-09-20 12:10:35 - [TEST_STEP][PASSED] - verifyTextPresent(al1V, true): Text '6 Greenleaf Ave' is present on page  using regular expression

2023-09-20 12:10:35 - [MESSAGE][PASSED] - Text '6 Greenleaf Ave' is present on page  using regular expression

2023-09-20 12:10:35 - [TEST_STEP][PASSED] - verifyTextPresent(al2V, true): Text 'apt #3' is present on page  using regular expression

2023-09-20 12:10:36 - [MESSAGE][PASSED] - Text 'apt #3' is present on page  using regular expression

2023-09-20 12:10:36 - [TEST_STEP][PASSED] - verifyTextPresent("United States", true): Text 'United States' is present on page  using regular expression

2023-09-20 12:10:36 - [MESSAGE][PASSED] - Text 'United States' is present on page  using regular expression

2023-09-20 12:10:36 - [TEST_STEP][PASSED] - verifyTextPresent("ARLINGTON", true): Text 'ARLINGTON' is present on page  using regular expression

2023-09-20 12:10:36 - [MESSAGE][PASSED] - Text 'ARLINGTON' is present on page  using regular expression

2023-09-20 12:10:36 - [TEST_STEP][PASSED] - verifyTextPresent("Virginia", true): Text 'Virginia' is present on page  using regular expression

2023-09-20 12:10:37 - [MESSAGE][PASSED] - Text 'Virginia' is present on page  using regular expression

2023-09-20 12:10:37 - [TEST_STEP][PASSED] - verifyTextPresent("22201", true): Text '22201' is present on page  using regular expression

2023-09-20 12:10:37 - [MESSAGE][PASSED] - Text '22201' is present on page  using regular expression

2023-09-20 12:10:37 - [TEST_STEP][PASSED] - verifyTextPresent(accType, true): Text 'Checking' is present on page  using regular expression

2023-09-20 12:10:37 - [MESSAGE][PASSED] - Text 'Checking' is present on page  using regular expression

2023-09-20 12:10:37 - [TEST_STEP][PASSED] - verifyTextPresent(last4V, true): Text '1002' is present on page  using regular expression

2023-09-20 12:10:38 - [MESSAGE][PASSED] - Text '1002' is present on page  using regular expression

2023-09-20 12:10:38 - [TEST_STEP][PASSED] - closeBrowser(): Browser is closed

2023-09-20 12:10:39 - [MESSAGE][PASSED] - Browser is closed

2023-09-20 12:10:39 - [TEST_STEP][PASSED] - ExecuteTC = findTestData(dataFile).getValue("Execute", row): null

2023-09-20 12:10:39 - [TEST_STEP][PASSED] - out.println("Value of Execute is : " + ExecuteTC): null

2023-09-20 12:10:39 - [TEST_STEP][PASSED] - switch (executionProfile): null

2023-09-20 12:10:39 - [TEST_STEP][PASSED] - case "QA2Profile":: null

2023-09-20 12:10:39 - [TEST_STEP][PASSED] - appName = findTestData(dataFile).getValue("AppNameQA", row): null

2023-09-20 12:10:39 - [TEST_STEP][PASSED] - appID = findTestData(dataFile).getValue("AppIDQA", row): null

2023-09-20 12:10:39 - [TEST_STEP][PASSED] - break: null

2023-09-20 12:10:39 - [TEST_STEP][PASSED] - hrefAppID = li_1 + appID + li_2: null

2023-09-20 12:10:39 - [TEST_STEP][PASSED] - hrefApp = li_1 + appID + "/": null

2023-09-20 12:10:39 - [TEST_STEP][PASSED] - println("hrefApp : " + hrefApp): null

2023-09-20 12:10:39 - [TEST_STEP][PASSED] - if (ExecuteTC.equalsIgnoreCase("Y")): Browser is closed

2023-09-20 12:10:39 - [TEST_STEP][PASSED] - out.println("Begin Record Number: " + row): null

2023-09-20 12:10:39 - [TEST_STEP][PASSED] - today = new java.util.Date(): null

2023-09-20 12:10:39 - [TEST_STEP][PASSED] - println(today): null

2023-09-20 12:10:39 - [TEST_STEP][PASSED] - datText = today: null

2023-09-20 12:10:39 - [TEST_STEP][PASSED] - adminSuiteBootstrap.loginFunctionality.login_AdminSuite(): adminSuiteBootstrap.loginFunctionality.login_AdminSuite is PASSED

2023-09-20 12:10:39 - [MESSAGE][INFO] - Starting 'Chrome' driver

2023-09-20 12:10:39 - [MESSAGE][INFO] - User set preference: ['acceptInsecureCerts', 'true']

2023-09-20 12:10:39 - [MESSAGE][INFO] - Action delay is set to 0 milliseconds

2023-09-20 12:10:42 - [MESSAGE][PASSED] - Browser is opened with url: 'https://qa2.velocitypayment.com/admin/imtiaz'

2023-09-20 12:10:42 - [MESSAGE][PASSED] - Current window maximized

2023-09-20 12:10:42 - [MESSAGE][PASSED] - Object 'Object Repository/Login_Page/Login_Username_Okta' is present

2023-09-20 12:10:43 - [MESSAGE][PASSED] - Text 'iahmed' is set on object 'Object Repository/Login_Page/Login_Username_Okta'

2023-09-20 12:10:44 - [MESSAGE][PASSED] - Text 'Hello1111111@' is set on object 'Object Repository/Login_Page/Login_Password_Okta'

2023-09-20 12:10:45 - [MESSAGE][PASSED] - Object: 'Object Repository/Login_Page/Login_Submit_Okta' is clicked on

2023-09-20 12:10:45 - [MESSAGE][PASSED] - adminSuiteBootstrap.loginFunctionality.login_AdminSuite is PASSED

2023-09-20 12:10:45 - [TEST_STEP][PASSED] - click(findTestObject(path_Dashboard + appName)): Object: 'Object Repository/AdminSuiteBootstrap_Pages/Dashboard_Bootstrap/a_Access AutoNoCFtp' is clicked on

2023-09-20 12:10:52 - [MESSAGE][PASSED] - Object: 'Object Repository/AdminSuiteBootstrap_Pages/Dashboard_Bootstrap/a_Access AutoNoCFtp' is clicked on

2023-09-20 12:10:52 - [TEST_STEP][PASSED] - click(findTestObject(path_VT + "button_Debit")): Object: 'Object Repository/AdminSuiteBootstrap_Pages/VT_Bootstrap/IssueTransactions/button_Debit' is clicked on

2023-09-20 12:10:52 - [MESSAGE][PASSED] - Object: 'Object Repository/AdminSuiteBootstrap_Pages/VT_Bootstrap/IssueTransactions/button_Debit' is clicked on

2023-09-20 12:10:52 - [TEST_STEP][PASSED] - click(findTestObject(path_VT + "a_Personal")): Object: 'Object Repository/AdminSuiteBootstrap_Pages/VT_Bootstrap/IssueTransactions/a_Personal' is clicked on

2023-09-20 12:10:53 - [MESSAGE][PASSED] - Object: 'Object Repository/AdminSuiteBootstrap_Pages/VT_Bootstrap/IssueTransactions/a_Personal' is clicked on

2023-09-20 12:10:53 - [TEST_STEP][PASSED] - adminSuiteBootstrap.debitPersonalsetData.debitPersonal_DataDriven(row, dataFile): adminSuiteBootstrap.debitPersonalsetData.debitPersonal_DataDriven is PASSED

2023-09-20 12:10:55 - [MESSAGE][PASSED] - Text 'Bette' is set on object 'Object Repository/AdminSuiteBootstrap_Pages/VT_Bootstrap/ACHPersonal/input_firstName'

2023-09-20 12:10:56 - [MESSAGE][PASSED] - Text 'Nicka' is set on object 'Object Repository/AdminSuiteBootstrap_Pages/VT_Bootstrap/ACHPersonal/input_lastName'

2023-09-20 12:10:57 - [MESSAGE][PASSED] - Text '6 S 33rd St' is set on object 'Object Repository/AdminSuiteBootstrap_Pages/VT_Bootstrap/ACHPersonal/input_address'

2023-09-20 12:10:58 - [MESSAGE][PASSED] - Text 'apt #2' is set on object 'Object Repository/AdminSuiteBootstrap_Pages/VT_Bootstrap/ACHPersonal/input_address2'

2023-09-20 12:10:58 - [MESSAGE][PASSED] - Text '22201' is set on object 'Object Repository/AdminSuiteBootstrap_Pages/VT_Bootstrap/ACHPersonal/input_zip'

2023-09-20 12:10:59 - [MESSAGE][PASSED] - Text '' is set on object 'Object Repository/AdminSuiteBootstrap_Pages/VT_Bootstrap/ACHPersonal/input_emailAddress'

2023-09-20 12:11:00 - [MESSAGE][PASSED] - Text '' is set on object 'Object Repository/AdminSuiteBootstrap_Pages/VT_Bootstrap/ACHPersonal/input_smsNumber'

2023-09-20 12:11:01 - [MESSAGE][PASSED] - Text '45681003' is set on object 'Object Repository/AdminSuiteBootstrap_Pages/VT_Bootstrap/ACHPersonal/input_accountNumber'

2023-09-20 12:11:02 - [MESSAGE][PASSED] - Text '256072691' is set on object 'Object Repository/AdminSuiteBootstrap_Pages/VT_Bootstrap/ACHPersonal/input_routingNumber'

2023-09-20 12:11:03 - [MESSAGE][PASSED] - All options with label 'Savings' are selected in object 'Object Repository/AdminSuiteBootstrap_Pages/VT_Bootstrap/ACHPersonal/select_AccountType'  using regular expression

2023-09-20 12:11:04 - [MESSAGE][PASSED] - All options with label 'PPD - Prearranged Payment and Deposit Entry' are selected in object 'Object Repository/AdminSuiteBootstrap_Pages/VT_Bootstrap/ACHPersonal/select_STD'  using regular expression

2023-09-20 12:11:05 - [MESSAGE][PASSED] - Text '11.5' is set on object 'Object Repository/AdminSuiteBootstrap_Pages/VT_Bootstrap/ACHPersonal/input_amount'

2023-09-20 12:11:05 - [MESSAGE][PASSED] - Text 'Denmark' is set on object 'Object Repository/AdminSuiteBootstrap_Pages/VT_Bootstrap/ACHPersonal/input_userDefined1'

2023-09-20 12:11:06 - [MESSAGE][PASSED] - Text 'Australia' is set on object 'Object Repository/AdminSuiteBootstrap_Pages/VT_Bootstrap/ACHPersonal/input_userDefined2'

2023-09-20 12:11:07 - [MESSAGE][PASSED] - Text 'Austria' is set on object 'Object Repository/AdminSuiteBootstrap_Pages/VT_Bootstrap/ACHPersonal/input_userDefined3'

2023-09-20 12:11:07 - [MESSAGE][PASSED] - Text 'Sweden' is set on object 'Object Repository/AdminSuiteBootstrap_Pages/VT_Bootstrap/ACHPersonal/input_userDefined4'

2023-09-20 12:11:08 - [MESSAGE][PASSED] - All options with label 'Yellow' are selected in object 'Object Repository/AdminSuiteBootstrap_Pages/VT_Bootstrap/ACHPersonal/select_UDF5'  using regular expression

2023-09-20 12:11:09 - [MESSAGE][PASSED] - All options with label 'Orange' are selected in object 'Object Repository/AdminSuiteBootstrap_Pages/VT_Bootstrap/ACHPersonal/select_UDF6'  using regular expression

2023-09-20 12:11:10 - [MESSAGE][PASSED] - Text 'Netherlands' is set on object 'Object Repository/AdminSuiteBootstrap_Pages/VT_Bootstrap/ACHPersonal/input_userDefined7'

2023-09-20 12:11:11 - [MESSAGE][PASSED] - Text 'Norway' is set on object 'Object Repository/AdminSuiteBootstrap_Pages/VT_Bootstrap/ACHPersonal/input_userDefined8'

2023-09-20 12:11:11 - [MESSAGE][PASSED] - Text 'France' is set on object 'Object Repository/AdminSuiteBootstrap_Pages/VT_Bootstrap/ACHPersonal/input_userDefined9'

2023-09-20 12:11:12 - [MESSAGE][PASSED] - Text 'Switzerland' is set on object 'Object Repository/AdminSuiteBootstrap_Pages/VT_Bootstrap/ACHPersonal/input_userDefined10'

2023-09-20 12:11:13 - [MESSAGE][PASSED] - Object: 'Object Repository/AdminSuiteBootstrap_Pages/VT_Bootstrap/ACHPersonal/button_Submit' is clicked on

2023-09-20 12:11:13 - [MESSAGE][PASSED] - adminSuiteBootstrap.debitPersonalsetData.debitPersonal_DataDriven is PASSED

2023-09-20 12:11:13 - [TEST_STEP][PASSED] - verifyTextPresent("Transaction Successful", true): Text 'Transaction Successful' is present on page  using regular expression

2023-09-20 12:11:14 - [MESSAGE][PASSED] - Text 'Transaction Successful' is present on page  using regular expression

2023-09-20 12:11:14 - [TEST_STEP][PASSED] - verifyTextPresent("Remittance ID", true): Text 'Remittance ID' is present on page  using regular expression

2023-09-20 12:11:14 - [MESSAGE][PASSED] - Text 'Remittance ID' is present on page  using regular expression

2023-09-20 12:11:14 - [TEST_STEP][PASSED] - verifyTextPresent("Received", true): Text 'Received' is present on page  using regular expression

2023-09-20 12:11:14 - [MESSAGE][PASSED] - Text 'Received' is present on page  using regular expression

2023-09-20 12:11:14 - [TEST_STEP][PASSED] - verifyTextPresent("UDF1", true): Text 'UDF1' is present on page  using regular expression

2023-09-20 12:11:15 - [MESSAGE][PASSED] - Text 'UDF1' is present on page  using regular expression

2023-09-20 12:11:15 - [TEST_STEP][PASSED] - verifyTextPresent("UDF2", true): Text 'UDF2' is present on page  using regular expression

2023-09-20 12:11:15 - [MESSAGE][PASSED] - Text 'UDF2' is present on page  using regular expression

2023-09-20 12:11:15 - [TEST_STEP][PASSED] - verifyTextPresent("UDF3", true): Text 'UDF3' is present on page  using regular expression

2023-09-20 12:11:15 - [MESSAGE][PASSED] - Text 'UDF3' is present on page  using regular expression

2023-09-20 12:11:15 - [TEST_STEP][PASSED] - verifyTextPresent("UDF4", true): Text 'UDF4' is present on page  using regular expression

2023-09-20 12:11:16 - [MESSAGE][PASSED] - Text 'UDF4' is present on page  using regular expression

2023-09-20 12:11:16 - [TEST_STEP][PASSED] - verifyTextPresent("UDF5", true): Text 'UDF5' is present on page  using regular expression

2023-09-20 12:11:16 - [MESSAGE][PASSED] - Text 'UDF5' is present on page  using regular expression

2023-09-20 12:11:16 - [TEST_STEP][PASSED] - verifyTextPresent("UDF6", true): Text 'UDF6' is present on page  using regular expression

2023-09-20 12:11:16 - [MESSAGE][PASSED] - Text 'UDF6' is present on page  using regular expression

2023-09-20 12:11:16 - [TEST_STEP][PASSED] - verifyTextPresent("UDF7", true): Text 'UDF7' is present on page  using regular expression

2023-09-20 12:11:17 - [MESSAGE][PASSED] - Text 'UDF7' is present on page  using regular expression

2023-09-20 12:11:17 - [TEST_STEP][PASSED] - verifyTextPresent("UDF8", true): Text 'UDF8' is present on page  using regular expression

2023-09-20 12:11:17 - [MESSAGE][PASSED] - Text 'UDF8' is present on page  using regular expression

2023-09-20 12:11:17 - [TEST_STEP][PASSED] - verifyTextPresent("UDF9", true): Text 'UDF9' is present on page  using regular expression

2023-09-20 12:11:17 - [MESSAGE][PASSED] - Text 'UDF9' is present on page  using regular expression

2023-09-20 12:11:17 - [TEST_STEP][PASSED] - verifyTextPresent("UDF 10", true): Text 'UDF 10' is present on page  using regular expression

2023-09-20 12:11:18 - [MESSAGE][PASSED] - Text 'UDF 10' is present on page  using regular expression

2023-09-20 12:11:18 - [TEST_STEP][PASSED] - verifyTextPresent("Australia", true): Text 'Australia' is present on page  using regular expression

2023-09-20 12:11:18 - [MESSAGE][PASSED] - Text 'Australia' is present on page  using regular expression

2023-09-20 12:11:18 - [TEST_STEP][PASSED] - verifyTextPresent("Denmark", true): Text 'Denmark' is present on page  using regular expression

2023-09-20 12:11:18 - [MESSAGE][PASSED] - Text 'Denmark' is present on page  using regular expression

2023-09-20 12:11:18 - [TEST_STEP][PASSED] - verifyTextPresent("Sweden", true): Text 'Sweden' is present on page  using regular expression

2023-09-20 12:11:19 - [MESSAGE][PASSED] - Text 'Sweden' is present on page  using regular expression

2023-09-20 12:11:19 - [TEST_STEP][PASSED] - verifyTextPresent("Austria", true): Text 'Austria' is present on page  using regular expression

2023-09-20 12:11:19 - [MESSAGE][PASSED] - Text 'Austria' is present on page  using regular expression

2023-09-20 12:11:19 - [TEST_STEP][PASSED] - verifyTextPresent("Orange Recorded", true): Text 'Orange Recorded' is present on page  using regular expression

2023-09-20 12:11:19 - [MESSAGE][PASSED] - Text 'Orange Recorded' is present on page  using regular expression

2023-09-20 12:11:19 - [TEST_STEP][PASSED] - verifyTextPresent("Yellow Recorded", true): Text 'Yellow Recorded' is present on page  using regular expression

2023-09-20 12:11:20 - [MESSAGE][PASSED] - Text 'Yellow Recorded' is present on page  using regular expression

2023-09-20 12:11:20 - [TEST_STEP][PASSED] - verifyTextPresent("Norway", true): Text 'Norway' is present on page  using regular expression

2023-09-20 12:11:20 - [MESSAGE][PASSED] - Text 'Norway' is present on page  using regular expression

2023-09-20 12:11:20 - [TEST_STEP][PASSED] - verifyTextPresent("Netherlands", true): Text 'Netherlands' is present on page  using regular expression

2023-09-20 12:11:20 - [MESSAGE][PASSED] - Text 'Netherlands' is present on page  using regular expression

2023-09-20 12:11:20 - [TEST_STEP][PASSED] - verifyTextPresent("Switzerland", true): Text 'Switzerland' is present on page  using regular expression

2023-09-20 12:11:21 - [MESSAGE][PASSED] - Text 'Switzerland' is present on page  using regular expression

2023-09-20 12:11:21 - [TEST_STEP][PASSED] - verifyTextPresent("France", true): Text 'France' is present on page  using regular expression

2023-09-20 12:11:21 - [MESSAGE][PASSED] - Text 'France' is present on page  using regular expression

2023-09-20 12:11:21 - [TEST_STEP][PASSED] - verifyTextPresent("Amount", true): Text 'Amount' is present on page  using regular expression

2023-09-20 12:11:21 - [MESSAGE][PASSED] - Text 'Amount' is present on page  using regular expression

2023-09-20 12:11:21 - [TEST_STEP][PASSED] - verifyTextPresent("Total Amount", true): Text 'Total Amount' is present on page  using regular expression

2023-09-20 12:11:22 - [MESSAGE][PASSED] - Text 'Total Amount' is present on page  using regular expression

2023-09-20 12:11:22 - [TEST_STEP][PASSED] - verifyTextPresent("Transaction Type", true): Text 'Transaction Type' is present on page  using regular expression

2023-09-20 12:11:22 - [MESSAGE][PASSED] - Text 'Transaction Type' is present on page  using regular expression

2023-09-20 12:11:22 - [TEST_STEP][PASSED] - verifyTextPresent("11.50", true): Text '11.50' is present on page  using regular expression

2023-09-20 12:11:22 - [MESSAGE][PASSED] - Text '11.50' is present on page  using regular expression

2023-09-20 12:11:22 - [TEST_STEP][PASSED] - verifyTextPresent("Debit", true): Text 'Debit' is present on page  using regular expression

2023-09-20 12:11:23 - [MESSAGE][PASSED] - Text 'Debit' is present on page  using regular expression

2023-09-20 12:11:23 - [TEST_STEP][PASSED] - verifyTextPresent("Check Information", true): Text 'Check Information' is present on page  using regular expression

2023-09-20 12:11:23 - [MESSAGE][PASSED] - Text 'Check Information' is present on page  using regular expression

2023-09-20 12:11:23 - [TEST_STEP][PASSED] - verifyTextPresent("Account Type", true): Text 'Account Type' is present on page  using regular expression

2023-09-20 12:11:23 - [MESSAGE][PASSED] - Text 'Account Type' is present on page  using regular expression

2023-09-20 12:11:23 - [TEST_STEP][PASSED] - verifyTextPresent("Account Number", true): Text 'Account Number' is present on page  using regular expression

2023-09-20 12:11:23 - [MESSAGE][PASSED] - Text 'Account Number' is present on page  using regular expression

2023-09-20 12:11:23 - [TEST_STEP][PASSED] - verifyTextPresent("Routing Number", true): Text 'Routing Number' is present on page  using regular expression

2023-09-20 12:11:24 - [MESSAGE][PASSED] - Text 'Routing Number' is present on page  using regular expression

2023-09-20 12:11:24 - [TEST_STEP][PASSED] - verifyTextPresent("2691", true): Text '2691' is present on page  using regular expression

2023-09-20 12:11:24 - [MESSAGE][PASSED] - Text '2691' is present on page  using regular expression

2023-09-20 12:11:24 - [TEST_STEP][PASSED] - cardNameV = findTestData(dataFile).getValue("NameV", row): null

2023-09-20 12:11:24 - [TEST_STEP][PASSED] - al1V = findTestData(dataFile).getValue("AL1", row): null

2023-09-20 12:11:24 - [TEST_STEP][PASSED] - al2V = findTestData(dataFile).getValue("AL2", row): null

2023-09-20 12:11:24 - [TEST_STEP][PASSED] - last4V = findTestData(dataFile).getValue("Last4", row): null

2023-09-20 12:11:24 - [TEST_STEP][PASSED] - accType = findTestData(dataFile).getValue("AccountType", row): null

2023-09-20 12:11:24 - [TEST_STEP][PASSED] - verifyTextPresent(cardNameV, true): Text 'BETTE NICKA' is present on page  using regular expression

2023-09-20 12:11:25 - [MESSAGE][PASSED] - Text 'BETTE NICKA' is present on page  using regular expression

2023-09-20 12:11:25 - [TEST_STEP][PASSED] - verifyTextPresent("Address Line 1", true): Text 'Address Line 1' is present on page  using regular expression

2023-09-20 12:11:25 - [MESSAGE][PASSED] - Text 'Address Line 1' is present on page  using regular expression

2023-09-20 12:11:25 - [TEST_STEP][PASSED] - verifyTextPresent("Address Line 2", true): Text 'Address Line 2' is present on page  using regular expression

2023-09-20 12:11:26 - [MESSAGE][PASSED] - Text 'Address Line 2' is present on page  using regular expression

2023-09-20 12:11:26 - [TEST_STEP][PASSED] - verifyTextPresent("Country", true): Text 'Country' is present on page  using regular expression

2023-09-20 12:11:26 - [MESSAGE][PASSED] - Text 'Country' is present on page  using regular expression

2023-09-20 12:11:26 - [TEST_STEP][PASSED] - verifyTextPresent("City", true): Text 'City' is present on page  using regular expression

2023-09-20 12:11:26 - [MESSAGE][PASSED] - Text 'City' is present on page  using regular expression

2023-09-20 12:11:26 - [TEST_STEP][PASSED] - verifyTextPresent("State", true): Text 'State' is present on page  using regular expression

2023-09-20 12:11:26 - [MESSAGE][PASSED] - Text 'State' is present on page  using regular expression

2023-09-20 12:11:26 - [TEST_STEP][PASSED] - verifyTextPresent("ZIP Code", true): Text 'ZIP Code' is present on page  using regular expression

2023-09-20 12:11:27 - [MESSAGE][PASSED] - Text 'ZIP Code' is present on page  using regular expression

2023-09-20 12:11:27 - [TEST_STEP][PASSED] - verifyTextPresent(al1V, true): Text '6 S 33rd St' is present on page  using regular expression

2023-09-20 12:11:27 - [MESSAGE][PASSED] - Text '6 S 33rd St' is present on page  using regular expression

2023-09-20 12:11:27 - [TEST_STEP][PASSED] - verifyTextPresent(al2V, true): Text 'apt #2' is present on page  using regular expression

2023-09-20 12:11:28 - [MESSAGE][PASSED] - Text 'apt #2' is present on page  using regular expression

2023-09-20 12:11:28 - [TEST_STEP][PASSED] - verifyTextPresent("United States", true): Text 'United States' is present on page  using regular expression

2023-09-20 12:11:28 - [MESSAGE][PASSED] - Text 'United States' is present on page  using regular expression

2023-09-20 12:11:28 - [TEST_STEP][PASSED] - verifyTextPresent("ARLINGTON", true): Text 'ARLINGTON' is present on page  using regular expression

2023-09-20 12:11:28 - [MESSAGE][PASSED] - Text 'ARLINGTON' is present on page  using regular expression

2023-09-20 12:11:28 - [TEST_STEP][PASSED] - verifyTextPresent("Virginia", true): Text 'Virginia' is present on page  using regular expression

2023-09-20 12:11:28 - [MESSAGE][PASSED] - Text 'Virginia' is present on page  using regular expression

2023-09-20 12:11:28 - [TEST_STEP][PASSED] - verifyTextPresent("22201", true): Text '22201' is present on page  using regular expression

2023-09-20 12:11:29 - [MESSAGE][PASSED] - Text '22201' is present on page  using regular expression

2023-09-20 12:11:29 - [TEST_STEP][PASSED] - verifyTextPresent(accType, true): Text 'Savings' is present on page  using regular expression

2023-09-20 12:11:29 - [MESSAGE][PASSED] - Text 'Savings' is present on page  using regular expression

2023-09-20 12:11:29 - [TEST_STEP][PASSED] - verifyTextPresent(last4V, true): Text '1003' is present on page  using regular expression

2023-09-20 12:11:29 - [MESSAGE][PASSED] - Text '1003' is present on page  using regular expression

2023-09-20 12:11:29 - [TEST_STEP][PASSED] - closeBrowser(): Browser is closed

2023-09-20 12:11:30 - [MESSAGE][PASSED] - Browser is closed

2023-09-20 12:11:30 - [TEST_STEP][PASSED] - ExecuteTC = findTestData(dataFile).getValue("Execute", row): null

2023-09-20 12:11:30 - [TEST_STEP][PASSED] - out.println("Value of Execute is : " + ExecuteTC): null

2023-09-20 12:11:30 - [TEST_STEP][PASSED] - switch (executionProfile): null

2023-09-20 12:11:30 - [TEST_STEP][PASSED] - case "QA2Profile":: null

2023-09-20 12:11:30 - [TEST_STEP][PASSED] - appName = findTestData(dataFile).getValue("AppNameQA", row): null

2023-09-20 12:11:31 - [TEST_STEP][PASSED] - appID = findTestData(dataFile).getValue("AppIDQA", row): null

2023-09-20 12:11:31 - [TEST_STEP][PASSED] - break: null

2023-09-20 12:11:31 - [TEST_STEP][PASSED] - hrefAppID = li_1 + appID + li_2: null

2023-09-20 12:11:31 - [TEST_STEP][PASSED] - hrefApp = li_1 + appID + "/": null

2023-09-20 12:11:31 - [TEST_STEP][PASSED] - println("hrefApp : " + hrefApp): null

2023-09-20 12:11:31 - [TEST_STEP][PASSED] - if (ExecuteTC.equalsIgnoreCase("Y")): Browser is closed

2023-09-20 12:11:31 - [TEST_STEP][PASSED] - out.println("Begin Record Number: " + row): null

2023-09-20 12:11:31 - [TEST_STEP][PASSED] - today = new java.util.Date(): null

2023-09-20 12:11:31 - [TEST_STEP][PASSED] - println(today): null

2023-09-20 12:11:31 - [TEST_STEP][PASSED] - datText = today: null

2023-09-20 12:11:31 - [TEST_STEP][PASSED] - adminSuiteBootstrap.loginFunctionality.login_AdminSuite(): adminSuiteBootstrap.loginFunctionality.login_AdminSuite is PASSED

2023-09-20 12:11:31 - [MESSAGE][INFO] - Starting 'Chrome' driver

2023-09-20 12:11:31 - [MESSAGE][INFO] - User set preference: ['acceptInsecureCerts', 'true']

2023-09-20 12:11:31 - [MESSAGE][INFO] - Action delay is set to 0 milliseconds

2023-09-20 12:11:34 - [MESSAGE][PASSED] - Browser is opened with url: 'https://qa2.velocitypayment.com/admin/imtiaz'

2023-09-20 12:11:34 - [MESSAGE][PASSED] - Current window maximized

2023-09-20 12:11:34 - [MESSAGE][PASSED] - Object 'Object Repository/Login_Page/Login_Username_Okta' is present

2023-09-20 12:11:35 - [MESSAGE][PASSED] - Text 'iahmed' is set on object 'Object Repository/Login_Page/Login_Username_Okta'

2023-09-20 12:11:36 - [MESSAGE][PASSED] - Text 'Hello1111111@' is set on object 'Object Repository/Login_Page/Login_Password_Okta'

2023-09-20 12:11:36 - [MESSAGE][PASSED] - Object: 'Object Repository/Login_Page/Login_Submit_Okta' is clicked on

2023-09-20 12:11:36 - [MESSAGE][PASSED] - adminSuiteBootstrap.loginFunctionality.login_AdminSuite is PASSED

2023-09-20 12:11:36 - [TEST_STEP][PASSED] - click(findTestObject(path_Dashboard + appName)): Object: 'Object Repository/AdminSuiteBootstrap_Pages/Dashboard_Bootstrap/a_Access AutoNoCFtp' is clicked on

2023-09-20 12:11:44 - [MESSAGE][PASSED] - Object: 'Object Repository/AdminSuiteBootstrap_Pages/Dashboard_Bootstrap/a_Access AutoNoCFtp' is clicked on

2023-09-20 12:11:44 - [TEST_STEP][PASSED] - click(findTestObject(path_VT + "button_Debit")): Object: 'Object Repository/AdminSuiteBootstrap_Pages/VT_Bootstrap/IssueTransactions/button_Debit' is clicked on

2023-09-20 12:11:45 - [MESSAGE][PASSED] - Object: 'Object Repository/AdminSuiteBootstrap_Pages/VT_Bootstrap/IssueTransactions/button_Debit' is clicked on

2023-09-20 12:11:45 - [TEST_STEP][PASSED] - click(findTestObject(path_VT + "a_Personal")): Object: 'Object Repository/AdminSuiteBootstrap_Pages/VT_Bootstrap/IssueTransactions/a_Personal' is clicked on

2023-09-20 12:11:45 - [MESSAGE][PASSED] - Object: 'Object Repository/AdminSuiteBootstrap_Pages/VT_Bootstrap/IssueTransactions/a_Personal' is clicked on

2023-09-20 12:11:45 - [TEST_STEP][PASSED] - adminSuiteBootstrap.debitPersonalsetData.debitPersonal_DataDriven(row, dataFile): adminSuiteBootstrap.debitPersonalsetData.debitPersonal_DataDriven is PASSED

2023-09-20 12:11:48 - [MESSAGE][PASSED] - Text 'Alisha' is set on object 'Object Repository/AdminSuiteBootstrap_Pages/VT_Bootstrap/ACHPersonal/input_firstName'

2023-09-20 12:11:48 - [MESSAGE][PASSED] - Text 'Slusarski' is set on object 'Object Repository/AdminSuiteBootstrap_Pages/VT_Bootstrap/ACHPersonal/input_lastName'

2023-09-20 12:11:49 - [MESSAGE][PASSED] - Text '3273 State St' is set on object 'Object Repository/AdminSuiteBootstrap_Pages/VT_Bootstrap/ACHPersonal/input_address'

2023-09-20 12:11:50 - [MESSAGE][PASSED] - Text 'apt #4' is set on object 'Object Repository/AdminSuiteBootstrap_Pages/VT_Bootstrap/ACHPersonal/input_address2'

2023-09-20 12:11:51 - [MESSAGE][PASSED] - Text '22201' is set on object 'Object Repository/AdminSuiteBootstrap_Pages/VT_Bootstrap/ACHPersonal/input_zip'

2023-09-20 12:11:51 - [MESSAGE][PASSED] - Text '' is set on object 'Object Repository/AdminSuiteBootstrap_Pages/VT_Bootstrap/ACHPersonal/input_emailAddress'

2023-09-20 12:11:52 - [MESSAGE][PASSED] - Text '' is set on object 'Object Repository/AdminSuiteBootstrap_Pages/VT_Bootstrap/ACHPersonal/input_smsNumber'

2023-09-20 12:11:53 - [MESSAGE][PASSED] - Text '45681004' is set on object 'Object Repository/AdminSuiteBootstrap_Pages/VT_Bootstrap/ACHPersonal/input_accountNumber'

2023-09-20 12:11:54 - [MESSAGE][PASSED] - Text '256072691' is set on object 'Object Repository/AdminSuiteBootstrap_Pages/VT_Bootstrap/ACHPersonal/input_routingNumber'

2023-09-20 12:11:55 - [MESSAGE][PASSED] - All options with label 'Savings' are selected in object 'Object Repository/AdminSuiteBootstrap_Pages/VT_Bootstrap/ACHPersonal/select_AccountType'  using regular expression

2023-09-20 12:11:56 - [MESSAGE][PASSED] - All options with label 'TEL - Telephone-Initiated Entry' are selected in object 'Object Repository/AdminSuiteBootstrap_Pages/VT_Bootstrap/ACHPersonal/select_STD'  using regular expression

2023-09-20 12:11:57 - [MESSAGE][PASSED] - Text '11.5' is set on object 'Object Repository/AdminSuiteBootstrap_Pages/VT_Bootstrap/ACHPersonal/input_amount'

2023-09-20 12:11:58 - [MESSAGE][PASSED] - Text 'Denmark' is set on object 'Object Repository/AdminSuiteBootstrap_Pages/VT_Bootstrap/ACHPersonal/input_userDefined1'

2023-09-20 12:11:58 - [MESSAGE][PASSED] - Text 'Australia' is set on object 'Object Repository/AdminSuiteBootstrap_Pages/VT_Bootstrap/ACHPersonal/input_userDefined2'

2023-09-20 12:11:59 - [MESSAGE][PASSED] - Text 'Austria' is set on object 'Object Repository/AdminSuiteBootstrap_Pages/VT_Bootstrap/ACHPersonal/input_userDefined3'

2023-09-20 12:12:00 - [MESSAGE][PASSED] - Text 'Sweden' is set on object 'Object Repository/AdminSuiteBootstrap_Pages/VT_Bootstrap/ACHPersonal/input_userDefined4'

2023-09-20 12:12:01 - [MESSAGE][PASSED] - All options with label 'Yellow' are selected in object 'Object Repository/AdminSuiteBootstrap_Pages/VT_Bootstrap/ACHPersonal/select_UDF5'  using regular expression

2023-09-20 12:12:02 - [MESSAGE][PASSED] - All options with label 'Orange' are selected in object 'Object Repository/AdminSuiteBootstrap_Pages/VT_Bootstrap/ACHPersonal/select_UDF6'  using regular expression

2023-09-20 12:12:02 - [MESSAGE][PASSED] - Text 'Netherlands' is set on object 'Object Repository/AdminSuiteBootstrap_Pages/VT_Bootstrap/ACHPersonal/input_userDefined7'

2023-09-20 12:12:03 - [MESSAGE][PASSED] - Text 'Norway' is set on object 'Object Repository/AdminSuiteBootstrap_Pages/VT_Bootstrap/ACHPersonal/input_userDefined8'

2023-09-20 12:12:04 - [MESSAGE][PASSED] - Text 'France' is set on object 'Object Repository/AdminSuiteBootstrap_Pages/VT_Bootstrap/ACHPersonal/input_userDefined9'

2023-09-20 12:12:04 - [MESSAGE][PASSED] - Text 'Switzerland' is set on object 'Object Repository/AdminSuiteBootstrap_Pages/VT_Bootstrap/ACHPersonal/input_userDefined10'

2023-09-20 12:12:05 - [MESSAGE][PASSED] - Object: 'Object Repository/AdminSuiteBootstrap_Pages/VT_Bootstrap/ACHPersonal/button_Submit' is clicked on

2023-09-20 12:12:05 - [MESSAGE][PASSED] - adminSuiteBootstrap.debitPersonalsetData.debitPersonal_DataDriven is PASSED

2023-09-20 12:12:05 - [TEST_STEP][PASSED] - verifyTextPresent("Transaction Successful", true): Text 'Transaction Successful' is present on page  using regular expression

2023-09-20 12:12:06 - [MESSAGE][PASSED] - Text 'Transaction Successful' is present on page  using regular expression

2023-09-20 12:12:06 - [TEST_STEP][PASSED] - verifyTextPresent("Remittance ID", true): Text 'Remittance ID' is present on page  using regular expression

2023-09-20 12:12:06 - [MESSAGE][PASSED] - Text 'Remittance ID' is present on page  using regular expression

2023-09-20 12:12:06 - [TEST_STEP][PASSED] - verifyTextPresent("Received", true): Text 'Received' is present on page  using regular expression

2023-09-20 12:12:07 - [MESSAGE][PASSED] - Text 'Received' is present on page  using regular expression

2023-09-20 12:12:07 - [TEST_STEP][PASSED] - verifyTextPresent("UDF1", true): Text 'UDF1' is present on page  using regular expression

2023-09-20 12:12:07 - [MESSAGE][PASSED] - Text 'UDF1' is present on page  using regular expression

2023-09-20 12:12:07 - [TEST_STEP][PASSED] - verifyTextPresent("UDF2", true): Text 'UDF2' is present on page  using regular expression

2023-09-20 12:12:07 - [MESSAGE][PASSED] - Text 'UDF2' is present on page  using regular expression

2023-09-20 12:12:07 - [TEST_STEP][PASSED] - verifyTextPresent("UDF3", true): Text 'UDF3' is present on page  using regular expression

2023-09-20 12:12:08 - [MESSAGE][PASSED] - Text 'UDF3' is present on page  using regular expression

2023-09-20 12:12:08 - [TEST_STEP][PASSED] - verifyTextPresent("UDF4", true): Text 'UDF4' is present on page  using regular expression

2023-09-20 12:12:08 - [MESSAGE][PASSED] - Text 'UDF4' is present on page  using regular expression

2023-09-20 12:12:08 - [TEST_STEP][PASSED] - verifyTextPresent("UDF5", true): Text 'UDF5' is present on page  using regular expression

2023-09-20 12:12:08 - [MESSAGE][PASSED] - Text 'UDF5' is present on page  using regular expression

2023-09-20 12:12:08 - [TEST_STEP][PASSED] - verifyTextPresent("UDF6", true): Text 'UDF6' is present on page  using regular expression

2023-09-20 12:12:09 - [MESSAGE][PASSED] - Text 'UDF6' is present on page  using regular expression

2023-09-20 12:12:09 - [TEST_STEP][PASSED] - verifyTextPresent("UDF7", true): Text 'UDF7' is present on page  using regular expression

2023-09-20 12:12:09 - [MESSAGE][PASSED] - Text 'UDF7' is present on page  using regular expression

2023-09-20 12:12:09 - [TEST_STEP][PASSED] - verifyTextPresent("UDF8", true): Text 'UDF8' is present on page  using regular expression

2023-09-20 12:12:09 - [MESSAGE][PASSED] - Text 'UDF8' is present on page  using regular expression

2023-09-20 12:12:09 - [TEST_STEP][PASSED] - verifyTextPresent("UDF9", true): Text 'UDF9' is present on page  using regular expression

2023-09-20 12:12:10 - [MESSAGE][PASSED] - Text 'UDF9' is present on page  using regular expression

2023-09-20 12:12:10 - [TEST_STEP][PASSED] - verifyTextPresent("UDF 10", true): Text 'UDF 10' is present on page  using regular expression

2023-09-20 12:12:10 - [MESSAGE][PASSED] - Text 'UDF 10' is present on page  using regular expression

2023-09-20 12:12:10 - [TEST_STEP][PASSED] - verifyTextPresent("Australia", true): Text 'Australia' is present on page  using regular expression

2023-09-20 12:12:10 - [MESSAGE][PASSED] - Text 'Australia' is present on page  using regular expression

2023-09-20 12:12:10 - [TEST_STEP][PASSED] - verifyTextPresent("Denmark", true): Text 'Denmark' is present on page  using regular expression

2023-09-20 12:12:11 - [MESSAGE][PASSED] - Text 'Denmark' is present on page  using regular expression

2023-09-20 12:12:11 - [TEST_STEP][PASSED] - verifyTextPresent("Sweden", true): Text 'Sweden' is present on page  using regular expression

2023-09-20 12:12:11 - [MESSAGE][PASSED] - Text 'Sweden' is present on page  using regular expression

2023-09-20 12:12:11 - [TEST_STEP][PASSED] - verifyTextPresent("Austria", true): Text 'Austria' is present on page  using regular expression

2023-09-20 12:12:11 - [MESSAGE][PASSED] - Text 'Austria' is present on page  using regular expression

2023-09-20 12:12:11 - [TEST_STEP][PASSED] - verifyTextPresent("Orange Recorded", true): Text 'Orange Recorded' is present on page  using regular expression

2023-09-20 12:12:12 - [MESSAGE][PASSED] - Text 'Orange Recorded' is present on page  using regular expression

2023-09-20 12:12:12 - [TEST_STEP][PASSED] - verifyTextPresent("Yellow Recorded", true): Text 'Yellow Recorded' is present on page  using regular expression

2023-09-20 12:12:12 - [MESSAGE][PASSED] - Text 'Yellow Recorded' is present on page  using regular expression

2023-09-20 12:12:12 - [TEST_STEP][PASSED] - verifyTextPresent("Norway", true): Text 'Norway' is present on page  using regular expression

2023-09-20 12:12:12 - [MESSAGE][PASSED] - Text 'Norway' is present on page  using regular expression

2023-09-20 12:12:12 - [TEST_STEP][PASSED] - verifyTextPresent("Netherlands", true): Text 'Netherlands' is present on page  using regular expression

2023-09-20 12:12:13 - [MESSAGE][PASSED] - Text 'Netherlands' is present on page  using regular expression

2023-09-20 12:12:13 - [TEST_STEP][PASSED] - verifyTextPresent("Switzerland", true): Text 'Switzerland' is present on page  using regular expression

2023-09-20 12:12:13 - [MESSAGE][PASSED] - Text 'Switzerland' is present on page  using regular expression

2023-09-20 12:12:13 - [TEST_STEP][PASSED] - verifyTextPresent("France", true): Text 'France' is present on page  using regular expression

2023-09-20 12:12:13 - [MESSAGE][PASSED] - Text 'France' is present on page  using regular expression

2023-09-20 12:12:13 - [TEST_STEP][PASSED] - verifyTextPresent("Amount", true): Text 'Amount' is present on page  using regular expression

2023-09-20 12:12:14 - [MESSAGE][PASSED] - Text 'Amount' is present on page  using regular expression

2023-09-20 12:12:14 - [TEST_STEP][PASSED] - verifyTextPresent("Total Amount", true): Text 'Total Amount' is present on page  using regular expression

2023-09-20 12:12:14 - [MESSAGE][PASSED] - Text 'Total Amount' is present on page  using regular expression

2023-09-20 12:12:14 - [TEST_STEP][PASSED] - verifyTextPresent("Transaction Type", true): Text 'Transaction Type' is present on page  using regular expression

2023-09-20 12:12:14 - [MESSAGE][PASSED] - Text 'Transaction Type' is present on page  using regular expression

2023-09-20 12:12:14 - [TEST_STEP][PASSED] - verifyTextPresent("11.50", true): Text '11.50' is present on page  using regular expression

2023-09-20 12:12:14 - [MESSAGE][PASSED] - Text '11.50' is present on page  using regular expression

2023-09-20 12:12:14 - [TEST_STEP][PASSED] - verifyTextPresent("Debit", true): Text 'Debit' is present on page  using regular expression

2023-09-20 12:12:15 - [MESSAGE][PASSED] - Text 'Debit' is present on page  using regular expression

2023-09-20 12:12:15 - [TEST_STEP][PASSED] - verifyTextPresent("Check Information", true): Text 'Check Information' is present on page  using regular expression

2023-09-20 12:12:15 - [MESSAGE][PASSED] - Text 'Check Information' is present on page  using regular expression

2023-09-20 12:12:15 - [TEST_STEP][PASSED] - verifyTextPresent("Account Type", true): Text 'Account Type' is present on page  using regular expression

2023-09-20 12:12:15 - [MESSAGE][PASSED] - Text 'Account Type' is present on page  using regular expression

2023-09-20 12:12:15 - [TEST_STEP][PASSED] - verifyTextPresent("Account Number", true): Text 'Account Number' is present on page  using regular expression

2023-09-20 12:12:16 - [MESSAGE][PASSED] - Text 'Account Number' is present on page  using regular expression

2023-09-20 12:12:16 - [TEST_STEP][PASSED] - verifyTextPresent("Routing Number", true): Text 'Routing Number' is present on page  using regular expression

2023-09-20 12:12:16 - [MESSAGE][PASSED] - Text 'Routing Number' is present on page  using regular expression

2023-09-20 12:12:16 - [TEST_STEP][PASSED] - verifyTextPresent("2691", true): Text '2691' is present on page  using regular expression

2023-09-20 12:12:16 - [MESSAGE][PASSED] - Text '2691' is present on page  using regular expression

2023-09-20 12:12:16 - [TEST_STEP][PASSED] - cardNameV = findTestData(dataFile).getValue("NameV", row): null

2023-09-20 12:12:16 - [TEST_STEP][PASSED] - al1V = findTestData(dataFile).getValue("AL1", row): null

2023-09-20 12:12:17 - [TEST_STEP][PASSED] - al2V = findTestData(dataFile).getValue("AL2", row): null

2023-09-20 12:12:17 - [TEST_STEP][PASSED] - last4V = findTestData(dataFile).getValue("Last4", row): null

2023-09-20 12:12:17 - [TEST_STEP][PASSED] - accType = findTestData(dataFile).getValue("AccountType", row): null

2023-09-20 12:12:17 - [TEST_STEP][PASSED] - verifyTextPresent(cardNameV, true): Text 'ALISHA SLUSARSKI' is present on page  using regular expression

2023-09-20 12:12:17 - [MESSAGE][PASSED] - Text 'ALISHA SLUSARSKI' is present on page  using regular expression

2023-09-20 12:12:17 - [TEST_STEP][PASSED] - verifyTextPresent("Address Line 1", true): Text 'Address Line 1' is present on page  using regular expression

2023-09-20 12:12:17 - [MESSAGE][PASSED] - Text 'Address Line 1' is present on page  using regular expression

2023-09-20 12:12:17 - [TEST_STEP][PASSED] - verifyTextPresent("Address Line 2", true): Text 'Address Line 2' is present on page  using regular expression

2023-09-20 12:12:18 - [MESSAGE][PASSED] - Text 'Address Line 2' is present on page  using regular expression

2023-09-20 12:12:18 - [TEST_STEP][PASSED] - verifyTextPresent("Country", true): Text 'Country' is present on page  using regular expression

2023-09-20 12:12:18 - [MESSAGE][PASSED] - Text 'Country' is present on page  using regular expression

2023-09-20 12:12:18 - [TEST_STEP][PASSED] - verifyTextPresent("City", true): Text 'City' is present on page  using regular expression

2023-09-20 12:12:18 - [MESSAGE][PASSED] - Text 'City' is present on page  using regular expression

2023-09-20 12:12:18 - [TEST_STEP][PASSED] - verifyTextPresent("State", true): Text 'State' is present on page  using regular expression

2023-09-20 12:12:19 - [MESSAGE][PASSED] - Text 'State' is present on page  using regular expression

2023-09-20 12:12:19 - [TEST_STEP][PASSED] - verifyTextPresent("ZIP Code", true): Text 'ZIP Code' is present on page  using regular expression

2023-09-20 12:12:19 - [MESSAGE][PASSED] - Text 'ZIP Code' is present on page  using regular expression

2023-09-20 12:12:19 - [TEST_STEP][PASSED] - verifyTextPresent(al1V, true): Text '3273 State St' is present on page  using regular expression

2023-09-20 12:12:19 - [MESSAGE][PASSED] - Text '3273 State St' is present on page  using regular expression

2023-09-20 12:12:19 - [TEST_STEP][PASSED] - verifyTextPresent(al2V, true): Text 'apt #4' is present on page  using regular expression

2023-09-20 12:12:20 - [MESSAGE][PASSED] - Text 'apt #4' is present on page  using regular expression

2023-09-20 12:12:20 - [TEST_STEP][PASSED] - verifyTextPresent("United States", true): Text 'United States' is present on page  using regular expression

2023-09-20 12:12:20 - [MESSAGE][PASSED] - Text 'United States' is present on page  using regular expression

2023-09-20 12:12:20 - [TEST_STEP][PASSED] - verifyTextPresent("ARLINGTON", true): Text 'ARLINGTON' is present on page  using regular expression

2023-09-20 12:12:20 - [MESSAGE][PASSED] - Text 'ARLINGTON' is present on page  using regular expression

2023-09-20 12:12:20 - [TEST_STEP][PASSED] - verifyTextPresent("Virginia", true): Text 'Virginia' is present on page  using regular expression

2023-09-20 12:12:21 - [MESSAGE][PASSED] - Text 'Virginia' is present on page  using regular expression

2023-09-20 12:12:21 - [TEST_STEP][PASSED] - verifyTextPresent("22201", true): Text '22201' is present on page  using regular expression

2023-09-20 12:12:21 - [MESSAGE][PASSED] - Text '22201' is present on page  using regular expression

2023-09-20 12:12:21 - [TEST_STEP][PASSED] - verifyTextPresent(accType, true): Text 'Savings' is present on page  using regular expression

2023-09-20 12:12:21 - [MESSAGE][PASSED] - Text 'Savings' is present on page  using regular expression

2023-09-20 12:12:21 - [TEST_STEP][PASSED] - verifyTextPresent(last4V, true): Text '1004' is present on page  using regular expression

2023-09-20 12:12:22 - [MESSAGE][PASSED] - Text '1004' is present on page  using regular expression

2023-09-20 12:12:22 - [TEST_STEP][PASSED] - closeBrowser(): Browser is closed

2023-09-20 12:12:23 - [MESSAGE][PASSED] - Browser is closed]]></system-out>
         <system-err><![CDATA[]]></system-err>
      </testcase>
      <testcase name="Test Cases/Admin Suite Bootstrap/VT_ACH_TestCases/DebitPersonal_TP_SingleCF_Generic_Payment_TC" time="224.232" classname="Test Cases/Admin Suite Bootstrap/VT_ACH_TestCases/DebitPersonal_TP_SingleCF_Generic_Payment_TC" status="PASSED">
         <system-out><![CDATA[2023-09-20 12:12:23 - [TEST_CASE][PASSED] - Test Cases/Admin Suite Bootstrap/VT_ACH_TestCases/DebitPersonal_TP_SingleCF_Generic_Payment_TC: Test Cases/Admin Suite Bootstrap/VT_ACH_TestCases/DebitPersonal_TP_SingleCF_Generic_Payment_TC

2023-09-20 12:12:23 - [TEST_STEP][PASSED] - path_Dashboard = "Object Repository/AdminSuiteBootstrap_Pages/Dashboard_Bootstrap/": null

2023-09-20 12:12:23 - [TEST_STEP][PASSED] - path_VT = "Object Repository/AdminSuiteBootstrap_Pages/VT_Bootstrap/IssueTransactions/": null

2023-09-20 12:12:23 - [TEST_STEP][PASSED] - li_1 = vpos_Prefix: null

2023-09-20 12:12:23 - [TEST_STEP][PASSED] - li_2 = "/transactions/AuthCapForm/": null

2023-09-20 12:12:23 - [TEST_STEP][PASSED] - executionProfile = getExecutionProfile(): null

2023-09-20 12:12:23 - [TEST_STEP][PASSED] - out.println("executionProfile : " + executionProfile): null

2023-09-20 12:12:23 - [TEST_STEP][PASSED] - appName = <not implemented yet for class: org.codehaus.groovy.ast.expr.EmptyExpression>: null

2023-09-20 12:12:23 - [TEST_STEP][PASSED] - appID = <not implemented yet for class: org.codehaus.groovy.ast.expr.EmptyExpression>: null

2023-09-20 12:12:23 - [TEST_STEP][PASSED] - cardNameV = <not implemented yet for class: org.codehaus.groovy.ast.expr.EmptyExpression>: null

2023-09-20 12:12:23 - [TEST_STEP][PASSED] - al1V = <not implemented yet for class: org.codehaus.groovy.ast.expr.EmptyExpression>: null

2023-09-20 12:12:23 - [TEST_STEP][PASSED] - al2V = <not implemented yet for class: org.codehaus.groovy.ast.expr.EmptyExpression>: null

2023-09-20 12:12:23 - [TEST_STEP][PASSED] - zipV = <not implemented yet for class: org.codehaus.groovy.ast.expr.EmptyExpression>: null

2023-09-20 12:12:23 - [TEST_STEP][PASSED] - accType = <not implemented yet for class: org.codehaus.groovy.ast.expr.EmptyExpression>: null

2023-09-20 12:12:23 - [TEST_STEP][PASSED] - last4V = <not implemented yet for class: org.codehaus.groovy.ast.expr.EmptyExpression>: null

2023-09-20 12:12:23 - [TEST_STEP][PASSED] - resText = "Fail": null

2023-09-20 12:12:23 - [TEST_STEP][PASSED] - resColumn = "Result": null

2023-09-20 12:12:23 - [TEST_STEP][PASSED] - datCloumn = "Date": null

2023-09-20 12:12:23 - [TEST_STEP][PASSED] - fileLoc = "C:\KatalonData\Bootstrap\VT-ACH-Data.xlsx": null

2023-09-20 12:12:23 - [TEST_STEP][PASSED] - numOfRows = <not implemented yet for class: org.codehaus.groovy.ast.expr.EmptyExpression>: null

2023-09-20 12:12:23 - [TEST_STEP][PASSED] - dataFile = <not implemented yet for class: org.codehaus.groovy.ast.expr.EmptyExpression>: null

2023-09-20 12:12:23 - [TEST_STEP][PASSED] - nameSheet = <not implemented yet for class: org.codehaus.groovy.ast.expr.EmptyExpression>: null

2023-09-20 12:12:23 - [TEST_STEP][PASSED] - nameSheet = "VT-ACHPersonal-SingleCF-Generic": null

2023-09-20 12:12:23 - [TEST_STEP][PASSED] - numOfRows = findTestData("QA/Bootstrap/VT-ACH-TestData/VT-DebitData-SingleCF-Generic").getRowNumbers(): null

2023-09-20 12:12:23 - [TEST_STEP][PASSED] - println("Number of Records: " + numOfRows): null

2023-09-20 12:12:23 - [TEST_STEP][PASSED] - dataFile = "QA/Bootstrap/VT-ACH-TestData/VT-DebitData-SingleCF-Generic": null

2023-09-20 12:12:23 - [TEST_STEP][PASSED] - for ([row = 1, row <= numOfRows, (row++)]): Browser is closed

2023-09-20 12:12:23 - [TEST_STEP][PASSED] - ExecuteTC = findTestData(dataFile).getValue("Execute", row): null

2023-09-20 12:12:23 - [TEST_STEP][PASSED] - out.println("Value of Execute is : " + ExecuteTC): null

2023-09-20 12:12:23 - [TEST_STEP][PASSED] - switch (executionProfile): null

2023-09-20 12:12:23 - [TEST_STEP][PASSED] - case "QA2Profile":: null

2023-09-20 12:12:23 - [TEST_STEP][PASSED] - appName = findTestData(dataFile).getValue("AppNameQA", row): null

2023-09-20 12:12:23 - [TEST_STEP][PASSED] - appID = findTestData(dataFile).getValue("AppIDQA", row): null

2023-09-20 12:12:23 - [TEST_STEP][PASSED] - break: null

2023-09-20 12:12:23 - [TEST_STEP][PASSED] - hrefAppID = li_1 + appID + li_2: null

2023-09-20 12:12:23 - [TEST_STEP][PASSED] - hrefApp = li_1 + appID + "/": null

2023-09-20 12:12:23 - [TEST_STEP][PASSED] - println("hrefApp : " + hrefApp): null

2023-09-20 12:12:23 - [TEST_STEP][PASSED] - if (ExecuteTC.equalsIgnoreCase("Y")): Browser is closed

2023-09-20 12:12:23 - [TEST_STEP][PASSED] - out.println("Begin Record Number: " + row): null

2023-09-20 12:12:23 - [TEST_STEP][PASSED] - today = new java.util.Date(): null

2023-09-20 12:12:23 - [TEST_STEP][PASSED] - println(today): null

2023-09-20 12:12:23 - [TEST_STEP][PASSED] - datText = today: null

2023-09-20 12:12:23 - [TEST_STEP][PASSED] - adminSuiteBootstrap.loginFunctionality.login_AdminSuite(): adminSuiteBootstrap.loginFunctionality.login_AdminSuite is PASSED

2023-09-20 12:12:23 - [MESSAGE][INFO] - Starting 'Chrome' driver

2023-09-20 12:12:23 - [MESSAGE][INFO] - User set preference: ['acceptInsecureCerts', 'true']

2023-09-20 12:12:23 - [MESSAGE][INFO] - Action delay is set to 0 milliseconds

2023-09-20 12:12:26 - [MESSAGE][PASSED] - Browser is opened with url: 'https://qa2.velocitypayment.com/admin/imtiaz'

2023-09-20 12:12:27 - [MESSAGE][PASSED] - Current window maximized

2023-09-20 12:12:27 - [MESSAGE][PASSED] - Object 'Object Repository/Login_Page/Login_Username_Okta' is present

2023-09-20 12:12:28 - [MESSAGE][PASSED] - Text 'iahmed' is set on object 'Object Repository/Login_Page/Login_Username_Okta'

2023-09-20 12:12:29 - [MESSAGE][PASSED] - Text 'Hello1111111@' is set on object 'Object Repository/Login_Page/Login_Password_Okta'

2023-09-20 12:12:29 - [MESSAGE][PASSED] - Object: 'Object Repository/Login_Page/Login_Submit_Okta' is clicked on

2023-09-20 12:12:29 - [MESSAGE][PASSED] - adminSuiteBootstrap.loginFunctionality.login_AdminSuite is PASSED

2023-09-20 12:12:29 - [TEST_STEP][PASSED] - click(findTestObject(path_Dashboard + appName)): Object: 'Object Repository/AdminSuiteBootstrap_Pages/Dashboard_Bootstrap/a_Access AutoSingleCFtpQA' is clicked on

2023-09-20 12:12:37 - [MESSAGE][PASSED] - Object: 'Object Repository/AdminSuiteBootstrap_Pages/Dashboard_Bootstrap/a_Access AutoSingleCFtpQA' is clicked on

2023-09-20 12:12:37 - [TEST_STEP][PASSED] - click(findTestObject(path_VT + "button_Debit")): Object: 'Object Repository/AdminSuiteBootstrap_Pages/VT_Bootstrap/IssueTransactions/button_Debit' is clicked on

2023-09-20 12:12:38 - [MESSAGE][PASSED] - Object: 'Object Repository/AdminSuiteBootstrap_Pages/VT_Bootstrap/IssueTransactions/button_Debit' is clicked on

2023-09-20 12:12:38 - [TEST_STEP][PASSED] - click(findTestObject(path_VT + "a_Personal")): Object: 'Object Repository/AdminSuiteBootstrap_Pages/VT_Bootstrap/IssueTransactions/a_Personal' is clicked on

2023-09-20 12:12:39 - [MESSAGE][PASSED] - Object: 'Object Repository/AdminSuiteBootstrap_Pages/VT_Bootstrap/IssueTransactions/a_Personal' is clicked on

2023-09-20 12:12:39 - [TEST_STEP][PASSED] - adminSuiteBootstrap.debitPersonalsetData.debitPersonal_DataDriven(row, dataFile): adminSuiteBootstrap.debitPersonalsetData.debitPersonal_DataDriven is PASSED

2023-09-20 12:12:42 - [MESSAGE][PASSED] - Text 'John' is set on object 'Object Repository/AdminSuiteBootstrap_Pages/VT_Bootstrap/ACHPersonal/input_firstName'

2023-09-20 12:12:42 - [MESSAGE][PASSED] - Text 'Gordonas' is set on object 'Object Repository/AdminSuiteBootstrap_Pages/VT_Bootstrap/ACHPersonal/input_lastName'

2023-09-20 12:12:43 - [MESSAGE][PASSED] - Text '133 Meadow Ln' is set on object 'Object Repository/AdminSuiteBootstrap_Pages/VT_Bootstrap/ACHPersonal/input_address'

2023-09-20 12:12:44 - [MESSAGE][PASSED] - Text 'apt #123' is set on object 'Object Repository/AdminSuiteBootstrap_Pages/VT_Bootstrap/ACHPersonal/input_address2'

2023-09-20 12:12:44 - [MESSAGE][PASSED] - Text '22201' is set on object 'Object Repository/AdminSuiteBootstrap_Pages/VT_Bootstrap/ACHPersonal/input_zip'

2023-09-20 12:12:45 - [MESSAGE][PASSED] - Text '' is set on object 'Object Repository/AdminSuiteBootstrap_Pages/VT_Bootstrap/ACHPersonal/input_emailAddress'

2023-09-20 12:12:46 - [MESSAGE][PASSED] - Text '' is set on object 'Object Repository/AdminSuiteBootstrap_Pages/VT_Bootstrap/ACHPersonal/input_smsNumber'

2023-09-20 12:12:47 - [MESSAGE][PASSED] - Text '45682001' is set on object 'Object Repository/AdminSuiteBootstrap_Pages/VT_Bootstrap/ACHPersonal/input_accountNumber'

2023-09-20 12:12:48 - [MESSAGE][PASSED] - Text '256072691' is set on object 'Object Repository/AdminSuiteBootstrap_Pages/VT_Bootstrap/ACHPersonal/input_routingNumber'

2023-09-20 12:12:49 - [MESSAGE][PASSED] - All options with label 'Checking' are selected in object 'Object Repository/AdminSuiteBootstrap_Pages/VT_Bootstrap/ACHPersonal/select_AccountType'  using regular expression

2023-09-20 12:12:50 - [MESSAGE][PASSED] - All options with label 'PPD - Prearranged Payment and Deposit Entry' are selected in object 'Object Repository/AdminSuiteBootstrap_Pages/VT_Bootstrap/ACHPersonal/select_STD'  using regular expression

2023-09-20 12:12:50 - [MESSAGE][PASSED] - Text '11.5' is set on object 'Object Repository/AdminSuiteBootstrap_Pages/VT_Bootstrap/ACHPersonal/input_amount'

2023-09-20 12:12:52 - [MESSAGE][PASSED] - Text 'Denmark' is set on object 'Object Repository/AdminSuiteBootstrap_Pages/VT_Bootstrap/ACHPersonal/input_userDefined1'

2023-09-20 12:12:53 - [MESSAGE][PASSED] - Text 'Australia' is set on object 'Object Repository/AdminSuiteBootstrap_Pages/VT_Bootstrap/ACHPersonal/input_userDefined2'

2023-09-20 12:12:53 - [MESSAGE][PASSED] - Text 'Austria' is set on object 'Object Repository/AdminSuiteBootstrap_Pages/VT_Bootstrap/ACHPersonal/input_userDefined3'

2023-09-20 12:12:54 - [MESSAGE][PASSED] - Text 'Sweden' is set on object 'Object Repository/AdminSuiteBootstrap_Pages/VT_Bootstrap/ACHPersonal/input_userDefined4'

2023-09-20 12:12:55 - [MESSAGE][PASSED] - All options with label 'Yellow' are selected in object 'Object Repository/AdminSuiteBootstrap_Pages/VT_Bootstrap/ACHPersonal/select_UDF5'  using regular expression

2023-09-20 12:12:56 - [MESSAGE][PASSED] - All options with label 'Orange' are selected in object 'Object Repository/AdminSuiteBootstrap_Pages/VT_Bootstrap/ACHPersonal/select_UDF6'  using regular expression

2023-09-20 12:12:57 - [MESSAGE][PASSED] - Text 'Netherlands' is set on object 'Object Repository/AdminSuiteBootstrap_Pages/VT_Bootstrap/ACHPersonal/input_userDefined7'

2023-09-20 12:12:57 - [MESSAGE][PASSED] - Text 'Norway' is set on object 'Object Repository/AdminSuiteBootstrap_Pages/VT_Bootstrap/ACHPersonal/input_userDefined8'

2023-09-20 12:12:58 - [MESSAGE][PASSED] - Text 'France' is set on object 'Object Repository/AdminSuiteBootstrap_Pages/VT_Bootstrap/ACHPersonal/input_userDefined9'

2023-09-20 12:12:59 - [MESSAGE][PASSED] - Text 'Switzerland' is set on object 'Object Repository/AdminSuiteBootstrap_Pages/VT_Bootstrap/ACHPersonal/input_userDefined10'

2023-09-20 12:13:00 - [MESSAGE][PASSED] - Object: 'Object Repository/AdminSuiteBootstrap_Pages/VT_Bootstrap/ACHPersonal/button_Submit' is clicked on

2023-09-20 12:13:00 - [MESSAGE][PASSED] - adminSuiteBootstrap.debitPersonalsetData.debitPersonal_DataDriven is PASSED

2023-09-20 12:13:00 - [TEST_STEP][PASSED] - verifyTextPresent("Transaction Successful", true): Text 'Transaction Successful' is present on page  using regular expression

2023-09-20 12:13:00 - [MESSAGE][PASSED] - Text 'Transaction Successful' is present on page  using regular expression

2023-09-20 12:13:00 - [TEST_STEP][PASSED] - verifyTextPresent("Remittance ID", true): Text 'Remittance ID' is present on page  using regular expression

2023-09-20 12:13:01 - [MESSAGE][PASSED] - Text 'Remittance ID' is present on page  using regular expression

2023-09-20 12:13:01 - [TEST_STEP][PASSED] - verifyTextPresent("Received", true): Text 'Received' is present on page  using regular expression

2023-09-20 12:13:01 - [MESSAGE][PASSED] - Text 'Received' is present on page  using regular expression

2023-09-20 12:13:01 - [TEST_STEP][PASSED] - verifyTextPresent("UDF1", true): Text 'UDF1' is present on page  using regular expression

2023-09-20 12:13:01 - [MESSAGE][PASSED] - Text 'UDF1' is present on page  using regular expression

2023-09-20 12:13:01 - [TEST_STEP][PASSED] - verifyTextPresent("UDF2", true): Text 'UDF2' is present on page  using regular expression

2023-09-20 12:13:02 - [MESSAGE][PASSED] - Text 'UDF2' is present on page  using regular expression

2023-09-20 12:13:02 - [TEST_STEP][PASSED] - verifyTextPresent("UDF3", true): Text 'UDF3' is present on page  using regular expression

2023-09-20 12:13:02 - [MESSAGE][PASSED] - Text 'UDF3' is present on page  using regular expression

2023-09-20 12:13:02 - [TEST_STEP][PASSED] - verifyTextPresent("UDF4", true): Text 'UDF4' is present on page  using regular expression

2023-09-20 12:13:02 - [MESSAGE][PASSED] - Text 'UDF4' is present on page  using regular expression

2023-09-20 12:13:02 - [TEST_STEP][PASSED] - verifyTextPresent("UDF5", true): Text 'UDF5' is present on page  using regular expression

2023-09-20 12:13:03 - [MESSAGE][PASSED] - Text 'UDF5' is present on page  using regular expression

2023-09-20 12:13:03 - [TEST_STEP][PASSED] - verifyTextPresent("UDF6", true): Text 'UDF6' is present on page  using regular expression

2023-09-20 12:13:03 - [MESSAGE][PASSED] - Text 'UDF6' is present on page  using regular expression

2023-09-20 12:13:03 - [TEST_STEP][PASSED] - verifyTextPresent("UDF7", true): Text 'UDF7' is present on page  using regular expression

2023-09-20 12:13:03 - [MESSAGE][PASSED] - Text 'UDF7' is present on page  using regular expression

2023-09-20 12:13:03 - [TEST_STEP][PASSED] - verifyTextPresent("UDF8", true): Text 'UDF8' is present on page  using regular expression

2023-09-20 12:13:04 - [MESSAGE][PASSED] - Text 'UDF8' is present on page  using regular expression

2023-09-20 12:13:04 - [TEST_STEP][PASSED] - verifyTextPresent("UDF9", true): Text 'UDF9' is present on page  using regular expression

2023-09-20 12:13:04 - [MESSAGE][PASSED] - Text 'UDF9' is present on page  using regular expression

2023-09-20 12:13:04 - [TEST_STEP][PASSED] - verifyTextPresent("UDF 10", true): Text 'UDF 10' is present on page  using regular expression

2023-09-20 12:13:04 - [MESSAGE][PASSED] - Text 'UDF 10' is present on page  using regular expression

2023-09-20 12:13:04 - [TEST_STEP][PASSED] - verifyTextPresent("Australia", true): Text 'Australia' is present on page  using regular expression

2023-09-20 12:13:05 - [MESSAGE][PASSED] - Text 'Australia' is present on page  using regular expression

2023-09-20 12:13:05 - [TEST_STEP][PASSED] - verifyTextPresent("Denmark", true): Text 'Denmark' is present on page  using regular expression

2023-09-20 12:13:05 - [MESSAGE][PASSED] - Text 'Denmark' is present on page  using regular expression

2023-09-20 12:13:05 - [TEST_STEP][PASSED] - verifyTextPresent("Sweden", true): Text 'Sweden' is present on page  using regular expression

2023-09-20 12:13:05 - [MESSAGE][PASSED] - Text 'Sweden' is present on page  using regular expression

2023-09-20 12:13:05 - [TEST_STEP][PASSED] - verifyTextPresent("Austria", true): Text 'Austria' is present on page  using regular expression

2023-09-20 12:13:06 - [MESSAGE][PASSED] - Text 'Austria' is present on page  using regular expression

2023-09-20 12:13:06 - [TEST_STEP][PASSED] - verifyTextPresent("Orange Recorded", true): Text 'Orange Recorded' is present on page  using regular expression

2023-09-20 12:13:06 - [MESSAGE][PASSED] - Text 'Orange Recorded' is present on page  using regular expression

2023-09-20 12:13:06 - [TEST_STEP][PASSED] - verifyTextPresent("Yellow Recorded", true): Text 'Yellow Recorded' is present on page  using regular expression

2023-09-20 12:13:06 - [MESSAGE][PASSED] - Text 'Yellow Recorded' is present on page  using regular expression

2023-09-20 12:13:06 - [TEST_STEP][PASSED] - verifyTextPresent("Norway", true): Text 'Norway' is present on page  using regular expression

2023-09-20 12:13:07 - [MESSAGE][PASSED] - Text 'Norway' is present on page  using regular expression

2023-09-20 12:13:07 - [TEST_STEP][PASSED] - verifyTextPresent("Netherlands", true): Text 'Netherlands' is present on page  using regular expression

2023-09-20 12:13:07 - [MESSAGE][PASSED] - Text 'Netherlands' is present on page  using regular expression

2023-09-20 12:13:07 - [TEST_STEP][PASSED] - verifyTextPresent("Switzerland", true): Text 'Switzerland' is present on page  using regular expression

2023-09-20 12:13:07 - [MESSAGE][PASSED] - Text 'Switzerland' is present on page  using regular expression

2023-09-20 12:13:07 - [TEST_STEP][PASSED] - verifyTextPresent("France", true): Text 'France' is present on page  using regular expression

2023-09-20 12:13:08 - [MESSAGE][PASSED] - Text 'France' is present on page  using regular expression

2023-09-20 12:13:08 - [TEST_STEP][PASSED] - verifyTextPresent("Amount", true): Text 'Amount' is present on page  using regular expression

2023-09-20 12:13:08 - [MESSAGE][PASSED] - Text 'Amount' is present on page  using regular expression

2023-09-20 12:13:08 - [TEST_STEP][PASSED] - verifyTextPresent("Service Fee", true): Text 'Service Fee' is present on page  using regular expression

2023-09-20 12:13:08 - [MESSAGE][PASSED] - Text 'Service Fee' is present on page  using regular expression

2023-09-20 12:13:08 - [TEST_STEP][PASSED] - verifyTextPresent("Service Fee Type", true): Text 'Service Fee Type' is present on page  using regular expression

2023-09-20 12:13:09 - [MESSAGE][PASSED] - Text 'Service Fee Type' is present on page  using regular expression

2023-09-20 12:13:09 - [TEST_STEP][PASSED] - verifyTextPresent("Total Amount", true): Text 'Total Amount' is present on page  using regular expression

2023-09-20 12:13:09 - [MESSAGE][PASSED] - Text 'Total Amount' is present on page  using regular expression

2023-09-20 12:13:09 - [TEST_STEP][PASSED] - verifyTextPresent("Transaction Type", true): Text 'Transaction Type' is present on page  using regular expression

2023-09-20 12:13:09 - [MESSAGE][PASSED] - Text 'Transaction Type' is present on page  using regular expression

2023-09-20 12:13:09 - [TEST_STEP][PASSED] - verifyTextPresent("11.50", true): Text '11.50' is present on page  using regular expression

2023-09-20 12:13:10 - [MESSAGE][PASSED] - Text '11.50' is present on page  using regular expression

2023-09-20 12:13:10 - [TEST_STEP][PASSED] - verifyTextPresent("5.00", true): Text '5.00' is present on page  using regular expression

2023-09-20 12:13:10 - [MESSAGE][PASSED] - Text '5.00' is present on page  using regular expression

2023-09-20 12:13:10 - [TEST_STEP][PASSED] - verifyTextPresent("Single Transaction", true): Text 'Single Transaction' is present on page  using regular expression

2023-09-20 12:13:10 - [MESSAGE][PASSED] - Text 'Single Transaction' is present on page  using regular expression

2023-09-20 12:13:10 - [TEST_STEP][PASSED] - verifyTextPresent("16.50", true): Text '16.50' is present on page  using regular expression

2023-09-20 12:13:11 - [MESSAGE][PASSED] - Text '16.50' is present on page  using regular expression

2023-09-20 12:13:11 - [TEST_STEP][PASSED] - verifyTextPresent("Debit", true): Text 'Debit' is present on page  using regular expression

2023-09-20 12:13:11 - [MESSAGE][PASSED] - Text 'Debit' is present on page  using regular expression

2023-09-20 12:13:11 - [TEST_STEP][PASSED] - verifyTextPresent("Check Information", true): Text 'Check Information' is present on page  using regular expression

2023-09-20 12:13:11 - [MESSAGE][PASSED] - Text 'Check Information' is present on page  using regular expression

2023-09-20 12:13:11 - [TEST_STEP][PASSED] - verifyTextPresent("Account Type", true): Text 'Account Type' is present on page  using regular expression

2023-09-20 12:13:12 - [MESSAGE][PASSED] - Text 'Account Type' is present on page  using regular expression

2023-09-20 12:13:12 - [TEST_STEP][PASSED] - verifyTextPresent("Account Number", true): Text 'Account Number' is present on page  using regular expression

2023-09-20 12:13:12 - [MESSAGE][PASSED] - Text 'Account Number' is present on page  using regular expression

2023-09-20 12:13:12 - [TEST_STEP][PASSED] - verifyTextPresent("Routing Number", true): Text 'Routing Number' is present on page  using regular expression

2023-09-20 12:13:12 - [MESSAGE][PASSED] - Text 'Routing Number' is present on page  using regular expression

2023-09-20 12:13:12 - [TEST_STEP][PASSED] - verifyTextPresent("2691", true): Text '2691' is present on page  using regular expression

2023-09-20 12:13:13 - [MESSAGE][PASSED] - Text '2691' is present on page  using regular expression

2023-09-20 12:13:13 - [TEST_STEP][PASSED] - cardNameV = findTestData(dataFile).getValue("NameV", row): null

2023-09-20 12:13:13 - [TEST_STEP][PASSED] - al1V = findTestData(dataFile).getValue("AL1", row): null

2023-09-20 12:13:13 - [TEST_STEP][PASSED] - al2V = findTestData(dataFile).getValue("AL2", row): null

2023-09-20 12:13:13 - [TEST_STEP][PASSED] - last4V = findTestData(dataFile).getValue("Last4", row): null

2023-09-20 12:13:13 - [TEST_STEP][PASSED] - accType = findTestData(dataFile).getValue("AccountType", row): null

2023-09-20 12:13:13 - [TEST_STEP][PASSED] - verifyTextPresent(cardNameV, true): Text 'JOHN GORDONAS' is present on page  using regular expression

2023-09-20 12:13:13 - [MESSAGE][PASSED] - Text 'JOHN GORDONAS' is present on page  using regular expression

2023-09-20 12:13:13 - [TEST_STEP][PASSED] - verifyTextPresent("Address Line 1", true): Text 'Address Line 1' is present on page  using regular expression

2023-09-20 12:13:14 - [MESSAGE][PASSED] - Text 'Address Line 1' is present on page  using regular expression

2023-09-20 12:13:14 - [TEST_STEP][PASSED] - verifyTextPresent("Address Line 2", true): Text 'Address Line 2' is present on page  using regular expression

2023-09-20 12:13:14 - [MESSAGE][PASSED] - Text 'Address Line 2' is present on page  using regular expression

2023-09-20 12:13:14 - [TEST_STEP][PASSED] - verifyTextPresent("Country", true): Text 'Country' is present on page  using regular expression

2023-09-20 12:13:14 - [MESSAGE][PASSED] - Text 'Country' is present on page  using regular expression

2023-09-20 12:13:14 - [TEST_STEP][PASSED] - verifyTextPresent("City", true): Text 'City' is present on page  using regular expression

2023-09-20 12:13:15 - [MESSAGE][PASSED] - Text 'City' is present on page  using regular expression

2023-09-20 12:13:15 - [TEST_STEP][PASSED] - verifyTextPresent("State", true): Text 'State' is present on page  using regular expression

2023-09-20 12:13:15 - [MESSAGE][PASSED] - Text 'State' is present on page  using regular expression

2023-09-20 12:13:15 - [TEST_STEP][PASSED] - verifyTextPresent("ZIP Code", true): Text 'ZIP Code' is present on page  using regular expression

2023-09-20 12:13:15 - [MESSAGE][PASSED] - Text 'ZIP Code' is present on page  using regular expression

2023-09-20 12:13:15 - [TEST_STEP][PASSED] - verifyTextPresent(al1V, true): Text '133 Meadow Ln' is present on page  using regular expression

2023-09-20 12:13:16 - [MESSAGE][PASSED] - Text '133 Meadow Ln' is present on page  using regular expression

2023-09-20 12:13:16 - [TEST_STEP][PASSED] - verifyTextPresent(al2V, true): Text 'apt #123' is present on page  using regular expression

2023-09-20 12:13:16 - [MESSAGE][PASSED] - Text 'apt #123' is present on page  using regular expression

2023-09-20 12:13:16 - [TEST_STEP][PASSED] - verifyTextPresent("United States", true): Text 'United States' is present on page  using regular expression

2023-09-20 12:13:16 - [MESSAGE][PASSED] - Text 'United States' is present on page  using regular expression

2023-09-20 12:13:16 - [TEST_STEP][PASSED] - verifyTextPresent("ARLINGTON", true): Text 'ARLINGTON' is present on page  using regular expression

2023-09-20 12:13:17 - [MESSAGE][PASSED] - Text 'ARLINGTON' is present on page  using regular expression

2023-09-20 12:13:17 - [TEST_STEP][PASSED] - verifyTextPresent("Virginia", true): Text 'Virginia' is present on page  using regular expression

2023-09-20 12:13:17 - [MESSAGE][PASSED] - Text 'Virginia' is present on page  using regular expression

2023-09-20 12:13:17 - [TEST_STEP][PASSED] - verifyTextPresent("22201", true): Text '22201' is present on page  using regular expression

2023-09-20 12:13:17 - [MESSAGE][PASSED] - Text '22201' is present on page  using regular expression

2023-09-20 12:13:17 - [TEST_STEP][PASSED] - verifyTextPresent(accType, true): Text 'Checking' is present on page  using regular expression

2023-09-20 12:13:18 - [MESSAGE][PASSED] - Text 'Checking' is present on page  using regular expression

2023-09-20 12:13:18 - [TEST_STEP][PASSED] - verifyTextPresent(last4V, true): Text '2001' is present on page  using regular expression

2023-09-20 12:13:18 - [MESSAGE][PASSED] - Text '2001' is present on page  using regular expression

2023-09-20 12:13:18 - [TEST_STEP][PASSED] - closeBrowser(): Browser is closed

2023-09-20 12:13:19 - [MESSAGE][PASSED] - Browser is closed

2023-09-20 12:13:19 - [TEST_STEP][PASSED] - ExecuteTC = findTestData(dataFile).getValue("Execute", row): null

2023-09-20 12:13:19 - [TEST_STEP][PASSED] - out.println("Value of Execute is : " + ExecuteTC): null

2023-09-20 12:13:19 - [TEST_STEP][PASSED] - switch (executionProfile): null

2023-09-20 12:13:19 - [TEST_STEP][PASSED] - case "QA2Profile":: null

2023-09-20 12:13:19 - [TEST_STEP][PASSED] - appName = findTestData(dataFile).getValue("AppNameQA", row): null

2023-09-20 12:13:19 - [TEST_STEP][PASSED] - appID = findTestData(dataFile).getValue("AppIDQA", row): null

2023-09-20 12:13:19 - [TEST_STEP][PASSED] - break: null

2023-09-20 12:13:19 - [TEST_STEP][PASSED] - hrefAppID = li_1 + appID + li_2: null

2023-09-20 12:13:19 - [TEST_STEP][PASSED] - hrefApp = li_1 + appID + "/": null

2023-09-20 12:13:19 - [TEST_STEP][PASSED] - println("hrefApp : " + hrefApp): null

2023-09-20 12:13:19 - [TEST_STEP][PASSED] - if (ExecuteTC.equalsIgnoreCase("Y")): Browser is closed

2023-09-20 12:13:19 - [TEST_STEP][PASSED] - out.println("Begin Record Number: " + row): null

2023-09-20 12:13:19 - [TEST_STEP][PASSED] - today = new java.util.Date(): null

2023-09-20 12:13:19 - [TEST_STEP][PASSED] - println(today): null

2023-09-20 12:13:19 - [TEST_STEP][PASSED] - datText = today: null

2023-09-20 12:13:19 - [TEST_STEP][PASSED] - adminSuiteBootstrap.loginFunctionality.login_AdminSuite(): adminSuiteBootstrap.loginFunctionality.login_AdminSuite is PASSED

2023-09-20 12:13:19 - [MESSAGE][INFO] - Starting 'Chrome' driver

2023-09-20 12:13:19 - [MESSAGE][INFO] - User set preference: ['acceptInsecureCerts', 'true']

2023-09-20 12:13:19 - [MESSAGE][INFO] - Action delay is set to 0 milliseconds

2023-09-20 12:13:22 - [MESSAGE][PASSED] - Browser is opened with url: 'https://qa2.velocitypayment.com/admin/imtiaz'

2023-09-20 12:13:22 - [MESSAGE][PASSED] - Current window maximized

2023-09-20 12:13:23 - [MESSAGE][PASSED] - Object 'Object Repository/Login_Page/Login_Username_Okta' is present

2023-09-20 12:13:23 - [MESSAGE][PASSED] - Text 'iahmed' is set on object 'Object Repository/Login_Page/Login_Username_Okta'

2023-09-20 12:13:24 - [MESSAGE][PASSED] - Text 'Hello1111111@' is set on object 'Object Repository/Login_Page/Login_Password_Okta'

2023-09-20 12:13:25 - [MESSAGE][PASSED] - Object: 'Object Repository/Login_Page/Login_Submit_Okta' is clicked on

2023-09-20 12:13:25 - [MESSAGE][PASSED] - adminSuiteBootstrap.loginFunctionality.login_AdminSuite is PASSED

2023-09-20 12:13:25 - [TEST_STEP][PASSED] - click(findTestObject(path_Dashboard + appName)): Object: 'Object Repository/AdminSuiteBootstrap_Pages/Dashboard_Bootstrap/a_Access AutoSingleCFtpQA' is clicked on

2023-09-20 12:13:33 - [MESSAGE][PASSED] - Object: 'Object Repository/AdminSuiteBootstrap_Pages/Dashboard_Bootstrap/a_Access AutoSingleCFtpQA' is clicked on

2023-09-20 12:13:33 - [TEST_STEP][PASSED] - click(findTestObject(path_VT + "button_Debit")): Object: 'Object Repository/AdminSuiteBootstrap_Pages/VT_Bootstrap/IssueTransactions/button_Debit' is clicked on

2023-09-20 12:13:34 - [MESSAGE][PASSED] - Object: 'Object Repository/AdminSuiteBootstrap_Pages/VT_Bootstrap/IssueTransactions/button_Debit' is clicked on

2023-09-20 12:13:34 - [TEST_STEP][PASSED] - click(findTestObject(path_VT + "a_Personal")): Object: 'Object Repository/AdminSuiteBootstrap_Pages/VT_Bootstrap/IssueTransactions/a_Personal' is clicked on

2023-09-20 12:13:35 - [MESSAGE][PASSED] - Object: 'Object Repository/AdminSuiteBootstrap_Pages/VT_Bootstrap/IssueTransactions/a_Personal' is clicked on

2023-09-20 12:13:35 - [TEST_STEP][PASSED] - adminSuiteBootstrap.debitPersonalsetData.debitPersonal_DataDriven(row, dataFile): adminSuiteBootstrap.debitPersonalsetData.debitPersonal_DataDriven is PASSED

2023-09-20 12:13:37 - [MESSAGE][PASSED] - Text 'Veronika' is set on object 'Object Repository/AdminSuiteBootstrap_Pages/VT_Bootstrap/ACHPersonal/input_firstName'

2023-09-20 12:13:38 - [MESSAGE][PASSED] - Text 'Inouye' is set on object 'Object Repository/AdminSuiteBootstrap_Pages/VT_Bootstrap/ACHPersonal/input_lastName'

2023-09-20 12:13:38 - [MESSAGE][PASSED] - Text '6 Greenleaf Ave' is set on object 'Object Repository/AdminSuiteBootstrap_Pages/VT_Bootstrap/ACHPersonal/input_address'

2023-09-20 12:13:39 - [MESSAGE][PASSED] - Text 'apt #3' is set on object 'Object Repository/AdminSuiteBootstrap_Pages/VT_Bootstrap/ACHPersonal/input_address2'

2023-09-20 12:13:40 - [MESSAGE][PASSED] - Text '22201' is set on object 'Object Repository/AdminSuiteBootstrap_Pages/VT_Bootstrap/ACHPersonal/input_zip'

2023-09-20 12:13:40 - [MESSAGE][PASSED] - Text '' is set on object 'Object Repository/AdminSuiteBootstrap_Pages/VT_Bootstrap/ACHPersonal/input_emailAddress'

2023-09-20 12:13:42 - [MESSAGE][PASSED] - Text '' is set on object 'Object Repository/AdminSuiteBootstrap_Pages/VT_Bootstrap/ACHPersonal/input_smsNumber'

2023-09-20 12:13:43 - [MESSAGE][PASSED] - Text '45682002' is set on object 'Object Repository/AdminSuiteBootstrap_Pages/VT_Bootstrap/ACHPersonal/input_accountNumber'

2023-09-20 12:13:43 - [MESSAGE][PASSED] - Text '256072691' is set on object 'Object Repository/AdminSuiteBootstrap_Pages/VT_Bootstrap/ACHPersonal/input_routingNumber'

2023-09-20 12:13:44 - [MESSAGE][PASSED] - All options with label 'Checking' are selected in object 'Object Repository/AdminSuiteBootstrap_Pages/VT_Bootstrap/ACHPersonal/select_AccountType'  using regular expression

2023-09-20 12:13:45 - [MESSAGE][PASSED] - All options with label 'TEL - Telephone-Initiated Entry' are selected in object 'Object Repository/AdminSuiteBootstrap_Pages/VT_Bootstrap/ACHPersonal/select_STD'  using regular expression

2023-09-20 12:13:46 - [MESSAGE][PASSED] - Text '11.5' is set on object 'Object Repository/AdminSuiteBootstrap_Pages/VT_Bootstrap/ACHPersonal/input_amount'

2023-09-20 12:13:47 - [MESSAGE][PASSED] - Text 'Denmark' is set on object 'Object Repository/AdminSuiteBootstrap_Pages/VT_Bootstrap/ACHPersonal/input_userDefined1'

2023-09-20 12:13:48 - [MESSAGE][PASSED] - Text 'Australia' is set on object 'Object Repository/AdminSuiteBootstrap_Pages/VT_Bootstrap/ACHPersonal/input_userDefined2'

2023-09-20 12:13:49 - [MESSAGE][PASSED] - Text 'Austria' is set on object 'Object Repository/AdminSuiteBootstrap_Pages/VT_Bootstrap/ACHPersonal/input_userDefined3'

2023-09-20 12:13:50 - [MESSAGE][PASSED] - Text 'Sweden' is set on object 'Object Repository/AdminSuiteBootstrap_Pages/VT_Bootstrap/ACHPersonal/input_userDefined4'

2023-09-20 12:13:51 - [MESSAGE][PASSED] - All options with label 'Yellow' are selected in object 'Object Repository/AdminSuiteBootstrap_Pages/VT_Bootstrap/ACHPersonal/select_UDF5'  using regular expression

2023-09-20 12:13:52 - [MESSAGE][PASSED] - All options with label 'Orange' are selected in object 'Object Repository/AdminSuiteBootstrap_Pages/VT_Bootstrap/ACHPersonal/select_UDF6'  using regular expression

2023-09-20 12:13:52 - [MESSAGE][PASSED] - Text 'Netherlands' is set on object 'Object Repository/AdminSuiteBootstrap_Pages/VT_Bootstrap/ACHPersonal/input_userDefined7'

2023-09-20 12:13:53 - [MESSAGE][PASSED] - Text 'Norway' is set on object 'Object Repository/AdminSuiteBootstrap_Pages/VT_Bootstrap/ACHPersonal/input_userDefined8'

2023-09-20 12:13:54 - [MESSAGE][PASSED] - Text 'France' is set on object 'Object Repository/AdminSuiteBootstrap_Pages/VT_Bootstrap/ACHPersonal/input_userDefined9'

2023-09-20 12:13:54 - [MESSAGE][PASSED] - Text 'Switzerland' is set on object 'Object Repository/AdminSuiteBootstrap_Pages/VT_Bootstrap/ACHPersonal/input_userDefined10'

2023-09-20 12:13:56 - [MESSAGE][PASSED] - Object: 'Object Repository/AdminSuiteBootstrap_Pages/VT_Bootstrap/ACHPersonal/button_Submit' is clicked on

2023-09-20 12:13:56 - [MESSAGE][PASSED] - adminSuiteBootstrap.debitPersonalsetData.debitPersonal_DataDriven is PASSED

2023-09-20 12:13:56 - [TEST_STEP][PASSED] - verifyTextPresent("Transaction Successful", true): Text 'Transaction Successful' is present on page  using regular expression

2023-09-20 12:13:56 - [MESSAGE][PASSED] - Text 'Transaction Successful' is present on page  using regular expression

2023-09-20 12:13:56 - [TEST_STEP][PASSED] - verifyTextPresent("Remittance ID", true): Text 'Remittance ID' is present on page  using regular expression

2023-09-20 12:13:56 - [MESSAGE][PASSED] - Text 'Remittance ID' is present on page  using regular expression

2023-09-20 12:13:56 - [TEST_STEP][PASSED] - verifyTextPresent("Received", true): Text 'Received' is present on page  using regular expression

2023-09-20 12:13:57 - [MESSAGE][PASSED] - Text 'Received' is present on page  using regular expression

2023-09-20 12:13:57 - [TEST_STEP][PASSED] - verifyTextPresent("UDF1", true): Text 'UDF1' is present on page  using regular expression

2023-09-20 12:13:57 - [MESSAGE][PASSED] - Text 'UDF1' is present on page  using regular expression

2023-09-20 12:13:57 - [TEST_STEP][PASSED] - verifyTextPresent("UDF2", true): Text 'UDF2' is present on page  using regular expression

2023-09-20 12:13:57 - [MESSAGE][PASSED] - Text 'UDF2' is present on page  using regular expression

2023-09-20 12:13:57 - [TEST_STEP][PASSED] - verifyTextPresent("UDF3", true): Text 'UDF3' is present on page  using regular expression

2023-09-20 12:13:58 - [MESSAGE][PASSED] - Text 'UDF3' is present on page  using regular expression

2023-09-20 12:13:58 - [TEST_STEP][PASSED] - verifyTextPresent("UDF4", true): Text 'UDF4' is present on page  using regular expression

2023-09-20 12:13:58 - [MESSAGE][PASSED] - Text 'UDF4' is present on page  using regular expression

2023-09-20 12:13:58 - [TEST_STEP][PASSED] - verifyTextPresent("UDF5", true): Text 'UDF5' is present on page  using regular expression

2023-09-20 12:13:58 - [MESSAGE][PASSED] - Text 'UDF5' is present on page  using regular expression

2023-09-20 12:13:58 - [TEST_STEP][PASSED] - verifyTextPresent("UDF6", true): Text 'UDF6' is present on page  using regular expression

2023-09-20 12:13:59 - [MESSAGE][PASSED] - Text 'UDF6' is present on page  using regular expression

2023-09-20 12:13:59 - [TEST_STEP][PASSED] - verifyTextPresent("UDF7", true): Text 'UDF7' is present on page  using regular expression

2023-09-20 12:13:59 - [MESSAGE][PASSED] - Text 'UDF7' is present on page  using regular expression

2023-09-20 12:13:59 - [TEST_STEP][PASSED] - verifyTextPresent("UDF8", true): Text 'UDF8' is present on page  using regular expression

2023-09-20 12:13:59 - [MESSAGE][PASSED] - Text 'UDF8' is present on page  using regular expression

2023-09-20 12:13:59 - [TEST_STEP][PASSED] - verifyTextPresent("UDF9", true): Text 'UDF9' is present on page  using regular expression

2023-09-20 12:14:00 - [MESSAGE][PASSED] - Text 'UDF9' is present on page  using regular expression

2023-09-20 12:14:00 - [TEST_STEP][PASSED] - verifyTextPresent("UDF 10", true): Text 'UDF 10' is present on page  using regular expression

2023-09-20 12:14:00 - [MESSAGE][PASSED] - Text 'UDF 10' is present on page  using regular expression

2023-09-20 12:14:00 - [TEST_STEP][PASSED] - verifyTextPresent("Australia", true): Text 'Australia' is present on page  using regular expression

2023-09-20 12:14:00 - [MESSAGE][PASSED] - Text 'Australia' is present on page  using regular expression

2023-09-20 12:14:00 - [TEST_STEP][PASSED] - verifyTextPresent("Denmark", true): Text 'Denmark' is present on page  using regular expression

2023-09-20 12:14:01 - [MESSAGE][PASSED] - Text 'Denmark' is present on page  using regular expression

2023-09-20 12:14:01 - [TEST_STEP][PASSED] - verifyTextPresent("Sweden", true): Text 'Sweden' is present on page  using regular expression

2023-09-20 12:14:01 - [MESSAGE][PASSED] - Text 'Sweden' is present on page  using regular expression

2023-09-20 12:14:01 - [TEST_STEP][PASSED] - verifyTextPresent("Austria", true): Text 'Austria' is present on page  using regular expression

2023-09-20 12:14:01 - [MESSAGE][PASSED] - Text 'Austria' is present on page  using regular expression

2023-09-20 12:14:01 - [TEST_STEP][PASSED] - verifyTextPresent("Orange Recorded", true): Text 'Orange Recorded' is present on page  using regular expression

2023-09-20 12:14:02 - [MESSAGE][PASSED] - Text 'Orange Recorded' is present on page  using regular expression

2023-09-20 12:14:02 - [TEST_STEP][PASSED] - verifyTextPresent("Yellow Recorded", true): Text 'Yellow Recorded' is present on page  using regular expression

2023-09-20 12:14:02 - [MESSAGE][PASSED] - Text 'Yellow Recorded' is present on page  using regular expression

2023-09-20 12:14:02 - [TEST_STEP][PASSED] - verifyTextPresent("Norway", true): Text 'Norway' is present on page  using regular expression

2023-09-20 12:14:02 - [MESSAGE][PASSED] - Text 'Norway' is present on page  using regular expression

2023-09-20 12:14:02 - [TEST_STEP][PASSED] - verifyTextPresent("Netherlands", true): Text 'Netherlands' is present on page  using regular expression

2023-09-20 12:14:03 - [MESSAGE][PASSED] - Text 'Netherlands' is present on page  using regular expression

2023-09-20 12:14:03 - [TEST_STEP][PASSED] - verifyTextPresent("Switzerland", true): Text 'Switzerland' is present on page  using regular expression

2023-09-20 12:14:03 - [MESSAGE][PASSED] - Text 'Switzerland' is present on page  using regular expression

2023-09-20 12:14:03 - [TEST_STEP][PASSED] - verifyTextPresent("France", true): Text 'France' is present on page  using regular expression

2023-09-20 12:14:03 - [MESSAGE][PASSED] - Text 'France' is present on page  using regular expression

2023-09-20 12:14:03 - [TEST_STEP][PASSED] - verifyTextPresent("Amount", true): Text 'Amount' is present on page  using regular expression

2023-09-20 12:14:04 - [MESSAGE][PASSED] - Text 'Amount' is present on page  using regular expression

2023-09-20 12:14:04 - [TEST_STEP][PASSED] - verifyTextPresent("Service Fee", true): Text 'Service Fee' is present on page  using regular expression

2023-09-20 12:14:04 - [MESSAGE][PASSED] - Text 'Service Fee' is present on page  using regular expression

2023-09-20 12:14:04 - [TEST_STEP][PASSED] - verifyTextPresent("Service Fee Type", true): Text 'Service Fee Type' is present on page  using regular expression

2023-09-20 12:14:04 - [MESSAGE][PASSED] - Text 'Service Fee Type' is present on page  using regular expression

2023-09-20 12:14:04 - [TEST_STEP][PASSED] - verifyTextPresent("Total Amount", true): Text 'Total Amount' is present on page  using regular expression

2023-09-20 12:14:05 - [MESSAGE][PASSED] - Text 'Total Amount' is present on page  using regular expression

2023-09-20 12:14:05 - [TEST_STEP][PASSED] - verifyTextPresent("Transaction Type", true): Text 'Transaction Type' is present on page  using regular expression

2023-09-20 12:14:05 - [MESSAGE][PASSED] - Text 'Transaction Type' is present on page  using regular expression

2023-09-20 12:14:05 - [TEST_STEP][PASSED] - verifyTextPresent("11.50", true): Text '11.50' is present on page  using regular expression

2023-09-20 12:14:05 - [MESSAGE][PASSED] - Text '11.50' is present on page  using regular expression

2023-09-20 12:14:05 - [TEST_STEP][PASSED] - verifyTextPresent("5.00", true): Text '5.00' is present on page  using regular expression

2023-09-20 12:14:06 - [MESSAGE][PASSED] - Text '5.00' is present on page  using regular expression

2023-09-20 12:14:06 - [TEST_STEP][PASSED] - verifyTextPresent("Single Transaction", true): Text 'Single Transaction' is present on page  using regular expression

2023-09-20 12:14:06 - [MESSAGE][PASSED] - Text 'Single Transaction' is present on page  using regular expression

2023-09-20 12:14:06 - [TEST_STEP][PASSED] - verifyTextPresent("16.50", true): Text '16.50' is present on page  using regular expression

2023-09-20 12:14:06 - [MESSAGE][PASSED] - Text '16.50' is present on page  using regular expression

2023-09-20 12:14:06 - [TEST_STEP][PASSED] - verifyTextPresent("Debit", true): Text 'Debit' is present on page  using regular expression

2023-09-20 12:14:07 - [MESSAGE][PASSED] - Text 'Debit' is present on page  using regular expression

2023-09-20 12:14:07 - [TEST_STEP][PASSED] - verifyTextPresent("Check Information", true): Text 'Check Information' is present on page  using regular expression

2023-09-20 12:14:07 - [MESSAGE][PASSED] - Text 'Check Information' is present on page  using regular expression

2023-09-20 12:14:07 - [TEST_STEP][PASSED] - verifyTextPresent("Account Type", true): Text 'Account Type' is present on page  using regular expression

2023-09-20 12:14:07 - [MESSAGE][PASSED] - Text 'Account Type' is present on page  using regular expression

2023-09-20 12:14:07 - [TEST_STEP][PASSED] - verifyTextPresent("Account Number", true): Text 'Account Number' is present on page  using regular expression

2023-09-20 12:14:08 - [MESSAGE][PASSED] - Text 'Account Number' is present on page  using regular expression

2023-09-20 12:14:08 - [TEST_STEP][PASSED] - verifyTextPresent("Routing Number", true): Text 'Routing Number' is present on page  using regular expression

2023-09-20 12:14:08 - [MESSAGE][PASSED] - Text 'Routing Number' is present on page  using regular expression

2023-09-20 12:14:08 - [TEST_STEP][PASSED] - verifyTextPresent("2691", true): Text '2691' is present on page  using regular expression

2023-09-20 12:14:08 - [MESSAGE][PASSED] - Text '2691' is present on page  using regular expression

2023-09-20 12:14:08 - [TEST_STEP][PASSED] - cardNameV = findTestData(dataFile).getValue("NameV", row): null

2023-09-20 12:14:08 - [TEST_STEP][PASSED] - al1V = findTestData(dataFile).getValue("AL1", row): null

2023-09-20 12:14:08 - [TEST_STEP][PASSED] - al2V = findTestData(dataFile).getValue("AL2", row): null

2023-09-20 12:14:09 - [TEST_STEP][PASSED] - last4V = findTestData(dataFile).getValue("Last4", row): null

2023-09-20 12:14:09 - [TEST_STEP][PASSED] - accType = findTestData(dataFile).getValue("AccountType", row): null

2023-09-20 12:14:09 - [TEST_STEP][PASSED] - verifyTextPresent(cardNameV, true): Text 'VERONIKA INOUYE' is present on page  using regular expression

2023-09-20 12:14:09 - [MESSAGE][PASSED] - Text 'VERONIKA INOUYE' is present on page  using regular expression

2023-09-20 12:14:09 - [TEST_STEP][PASSED] - verifyTextPresent("Address Line 1", true): Text 'Address Line 1' is present on page  using regular expression

2023-09-20 12:14:09 - [MESSAGE][PASSED] - Text 'Address Line 1' is present on page  using regular expression

2023-09-20 12:14:09 - [TEST_STEP][PASSED] - verifyTextPresent("Address Line 2", true): Text 'Address Line 2' is present on page  using regular expression

2023-09-20 12:14:10 - [MESSAGE][PASSED] - Text 'Address Line 2' is present on page  using regular expression

2023-09-20 12:14:10 - [TEST_STEP][PASSED] - verifyTextPresent("Country", true): Text 'Country' is present on page  using regular expression

2023-09-20 12:14:10 - [MESSAGE][PASSED] - Text 'Country' is present on page  using regular expression

2023-09-20 12:14:10 - [TEST_STEP][PASSED] - verifyTextPresent("City", true): Text 'City' is present on page  using regular expression

2023-09-20 12:14:10 - [MESSAGE][PASSED] - Text 'City' is present on page  using regular expression

2023-09-20 12:14:10 - [TEST_STEP][PASSED] - verifyTextPresent("State", true): Text 'State' is present on page  using regular expression

2023-09-20 12:14:11 - [MESSAGE][PASSED] - Text 'State' is present on page  using regular expression

2023-09-20 12:14:11 - [TEST_STEP][PASSED] - verifyTextPresent("ZIP Code", true): Text 'ZIP Code' is present on page  using regular expression

2023-09-20 12:14:11 - [MESSAGE][PASSED] - Text 'ZIP Code' is present on page  using regular expression

2023-09-20 12:14:11 - [TEST_STEP][PASSED] - verifyTextPresent(al1V, true): Text '6 Greenleaf Ave' is present on page  using regular expression

2023-09-20 12:14:11 - [MESSAGE][PASSED] - Text '6 Greenleaf Ave' is present on page  using regular expression

2023-09-20 12:14:11 - [TEST_STEP][PASSED] - verifyTextPresent(al2V, true): Text 'apt #3' is present on page  using regular expression

2023-09-20 12:14:12 - [MESSAGE][PASSED] - Text 'apt #3' is present on page  using regular expression

2023-09-20 12:14:12 - [TEST_STEP][PASSED] - verifyTextPresent("United States", true): Text 'United States' is present on page  using regular expression

2023-09-20 12:14:12 - [MESSAGE][PASSED] - Text 'United States' is present on page  using regular expression

2023-09-20 12:14:12 - [TEST_STEP][PASSED] - verifyTextPresent("ARLINGTON", true): Text 'ARLINGTON' is present on page  using regular expression

2023-09-20 12:14:12 - [MESSAGE][PASSED] - Text 'ARLINGTON' is present on page  using regular expression

2023-09-20 12:14:12 - [TEST_STEP][PASSED] - verifyTextPresent("Virginia", true): Text 'Virginia' is present on page  using regular expression

2023-09-20 12:14:13 - [MESSAGE][PASSED] - Text 'Virginia' is present on page  using regular expression

2023-09-20 12:14:13 - [TEST_STEP][PASSED] - verifyTextPresent("22201", true): Text '22201' is present on page  using regular expression

2023-09-20 12:14:13 - [MESSAGE][PASSED] - Text '22201' is present on page  using regular expression

2023-09-20 12:14:13 - [TEST_STEP][PASSED] - verifyTextPresent(accType, true): Text 'Checking' is present on page  using regular expression

2023-09-20 12:14:13 - [MESSAGE][PASSED] - Text 'Checking' is present on page  using regular expression

2023-09-20 12:14:13 - [TEST_STEP][PASSED] - verifyTextPresent(last4V, true): Text '2002' is present on page  using regular expression

2023-09-20 12:14:14 - [MESSAGE][PASSED] - Text '2002' is present on page  using regular expression

2023-09-20 12:14:14 - [TEST_STEP][PASSED] - closeBrowser(): Browser is closed

2023-09-20 12:14:15 - [MESSAGE][PASSED] - Browser is closed

2023-09-20 12:14:15 - [TEST_STEP][PASSED] - ExecuteTC = findTestData(dataFile).getValue("Execute", row): null

2023-09-20 12:14:15 - [TEST_STEP][PASSED] - out.println("Value of Execute is : " + ExecuteTC): null

2023-09-20 12:14:15 - [TEST_STEP][PASSED] - switch (executionProfile): null

2023-09-20 12:14:15 - [TEST_STEP][PASSED] - case "QA2Profile":: null

2023-09-20 12:14:15 - [TEST_STEP][PASSED] - appName = findTestData(dataFile).getValue("AppNameQA", row): null

2023-09-20 12:14:15 - [TEST_STEP][PASSED] - appID = findTestData(dataFile).getValue("AppIDQA", row): null

2023-09-20 12:14:15 - [TEST_STEP][PASSED] - break: null

2023-09-20 12:14:15 - [TEST_STEP][PASSED] - hrefAppID = li_1 + appID + li_2: null

2023-09-20 12:14:15 - [TEST_STEP][PASSED] - hrefApp = li_1 + appID + "/": null

2023-09-20 12:14:15 - [TEST_STEP][PASSED] - println("hrefApp : " + hrefApp): null

2023-09-20 12:14:15 - [TEST_STEP][PASSED] - if (ExecuteTC.equalsIgnoreCase("Y")): Browser is closed

2023-09-20 12:14:15 - [TEST_STEP][PASSED] - out.println("Begin Record Number: " + row): null

2023-09-20 12:14:15 - [TEST_STEP][PASSED] - today = new java.util.Date(): null

2023-09-20 12:14:15 - [TEST_STEP][PASSED] - println(today): null

2023-09-20 12:14:15 - [TEST_STEP][PASSED] - datText = today: null

2023-09-20 12:14:15 - [TEST_STEP][PASSED] - adminSuiteBootstrap.loginFunctionality.login_AdminSuite(): adminSuiteBootstrap.loginFunctionality.login_AdminSuite is PASSED

2023-09-20 12:14:15 - [MESSAGE][INFO] - Starting 'Chrome' driver

2023-09-20 12:14:15 - [MESSAGE][INFO] - User set preference: ['acceptInsecureCerts', 'true']

2023-09-20 12:14:15 - [MESSAGE][INFO] - Action delay is set to 0 milliseconds

2023-09-20 12:14:18 - [MESSAGE][PASSED] - Browser is opened with url: 'https://qa2.velocitypayment.com/admin/imtiaz'

2023-09-20 12:14:18 - [MESSAGE][PASSED] - Current window maximized

2023-09-20 12:14:19 - [MESSAGE][PASSED] - Object 'Object Repository/Login_Page/Login_Username_Okta' is present

2023-09-20 12:14:19 - [MESSAGE][PASSED] - Text 'iahmed' is set on object 'Object Repository/Login_Page/Login_Username_Okta'

2023-09-20 12:14:20 - [MESSAGE][PASSED] - Text 'Hello1111111@' is set on object 'Object Repository/Login_Page/Login_Password_Okta'

2023-09-20 12:14:21 - [MESSAGE][PASSED] - Object: 'Object Repository/Login_Page/Login_Submit_Okta' is clicked on

2023-09-20 12:14:21 - [MESSAGE][PASSED] - adminSuiteBootstrap.loginFunctionality.login_AdminSuite is PASSED

2023-09-20 12:14:21 - [TEST_STEP][PASSED] - click(findTestObject(path_Dashboard + appName)): Object: 'Object Repository/AdminSuiteBootstrap_Pages/Dashboard_Bootstrap/a_Access AutoSingleCFtpQA' is clicked on

2023-09-20 12:14:30 - [MESSAGE][PASSED] - Object: 'Object Repository/AdminSuiteBootstrap_Pages/Dashboard_Bootstrap/a_Access AutoSingleCFtpQA' is clicked on

2023-09-20 12:14:30 - [TEST_STEP][PASSED] - click(findTestObject(path_VT + "button_Debit")): Object: 'Object Repository/AdminSuiteBootstrap_Pages/VT_Bootstrap/IssueTransactions/button_Debit' is clicked on

2023-09-20 12:14:31 - [MESSAGE][PASSED] - Object: 'Object Repository/AdminSuiteBootstrap_Pages/VT_Bootstrap/IssueTransactions/button_Debit' is clicked on

2023-09-20 12:14:31 - [TEST_STEP][PASSED] - click(findTestObject(path_VT + "a_Personal")): Object: 'Object Repository/AdminSuiteBootstrap_Pages/VT_Bootstrap/IssueTransactions/a_Personal' is clicked on

2023-09-20 12:14:31 - [MESSAGE][PASSED] - Object: 'Object Repository/AdminSuiteBootstrap_Pages/VT_Bootstrap/IssueTransactions/a_Personal' is clicked on

2023-09-20 12:14:31 - [TEST_STEP][PASSED] - adminSuiteBootstrap.debitPersonalsetData.debitPersonal_DataDriven(row, dataFile): adminSuiteBootstrap.debitPersonalsetData.debitPersonal_DataDriven is PASSED

2023-09-20 12:14:34 - [MESSAGE][PASSED] - Text 'Bette' is set on object 'Object Repository/AdminSuiteBootstrap_Pages/VT_Bootstrap/ACHPersonal/input_firstName'

2023-09-20 12:14:35 - [MESSAGE][PASSED] - Text 'Nicka' is set on object 'Object Repository/AdminSuiteBootstrap_Pages/VT_Bootstrap/ACHPersonal/input_lastName'

2023-09-20 12:14:35 - [MESSAGE][PASSED] - Text '6 S 33rd St' is set on object 'Object Repository/AdminSuiteBootstrap_Pages/VT_Bootstrap/ACHPersonal/input_address'

2023-09-20 12:14:36 - [MESSAGE][PASSED] - Text 'apt #2' is set on object 'Object Repository/AdminSuiteBootstrap_Pages/VT_Bootstrap/ACHPersonal/input_address2'

2023-09-20 12:14:37 - [MESSAGE][PASSED] - Text '22201' is set on object 'Object Repository/AdminSuiteBootstrap_Pages/VT_Bootstrap/ACHPersonal/input_zip'

2023-09-20 12:14:38 - [MESSAGE][PASSED] - Text '' is set on object 'Object Repository/AdminSuiteBootstrap_Pages/VT_Bootstrap/ACHPersonal/input_emailAddress'

2023-09-20 12:14:39 - [MESSAGE][PASSED] - Text '' is set on object 'Object Repository/AdminSuiteBootstrap_Pages/VT_Bootstrap/ACHPersonal/input_smsNumber'

2023-09-20 12:14:40 - [MESSAGE][PASSED] - Text '45682003' is set on object 'Object Repository/AdminSuiteBootstrap_Pages/VT_Bootstrap/ACHPersonal/input_accountNumber'

2023-09-20 12:14:40 - [MESSAGE][PASSED] - Text '256072691' is set on object 'Object Repository/AdminSuiteBootstrap_Pages/VT_Bootstrap/ACHPersonal/input_routingNumber'

2023-09-20 12:14:41 - [MESSAGE][PASSED] - All options with label 'Savings' are selected in object 'Object Repository/AdminSuiteBootstrap_Pages/VT_Bootstrap/ACHPersonal/select_AccountType'  using regular expression

2023-09-20 12:14:43 - [MESSAGE][PASSED] - All options with label 'PPD - Prearranged Payment and Deposit Entry' are selected in object 'Object Repository/AdminSuiteBootstrap_Pages/VT_Bootstrap/ACHPersonal/select_STD'  using regular expression

2023-09-20 12:14:43 - [MESSAGE][PASSED] - Text '11.5' is set on object 'Object Repository/AdminSuiteBootstrap_Pages/VT_Bootstrap/ACHPersonal/input_amount'

2023-09-20 12:14:44 - [MESSAGE][PASSED] - Text 'Denmark' is set on object 'Object Repository/AdminSuiteBootstrap_Pages/VT_Bootstrap/ACHPersonal/input_userDefined1'

2023-09-20 12:14:45 - [MESSAGE][PASSED] - Text 'Australia' is set on object 'Object Repository/AdminSuiteBootstrap_Pages/VT_Bootstrap/ACHPersonal/input_userDefined2'

2023-09-20 12:14:46 - [MESSAGE][PASSED] - Text 'Austria' is set on object 'Object Repository/AdminSuiteBootstrap_Pages/VT_Bootstrap/ACHPersonal/input_userDefined3'

2023-09-20 12:14:46 - [MESSAGE][PASSED] - Text 'Sweden' is set on object 'Object Repository/AdminSuiteBootstrap_Pages/VT_Bootstrap/ACHPersonal/input_userDefined4'

2023-09-20 12:14:47 - [MESSAGE][PASSED] - All options with label 'Yellow' are selected in object 'Object Repository/AdminSuiteBootstrap_Pages/VT_Bootstrap/ACHPersonal/select_UDF5'  using regular expression

2023-09-20 12:14:48 - [MESSAGE][PASSED] - All options with label 'Orange' are selected in object 'Object Repository/AdminSuiteBootstrap_Pages/VT_Bootstrap/ACHPersonal/select_UDF6'  using regular expression

2023-09-20 12:14:49 - [MESSAGE][PASSED] - Text 'Netherlands' is set on object 'Object Repository/AdminSuiteBootstrap_Pages/VT_Bootstrap/ACHPersonal/input_userDefined7'

2023-09-20 12:14:50 - [MESSAGE][PASSED] - Text 'Norway' is set on object 'Object Repository/AdminSuiteBootstrap_Pages/VT_Bootstrap/ACHPersonal/input_userDefined8'

2023-09-20 12:14:50 - [MESSAGE][PASSED] - Text 'France' is set on object 'Object Repository/AdminSuiteBootstrap_Pages/VT_Bootstrap/ACHPersonal/input_userDefined9'

2023-09-20 12:14:51 - [MESSAGE][PASSED] - Text 'Switzerland' is set on object 'Object Repository/AdminSuiteBootstrap_Pages/VT_Bootstrap/ACHPersonal/input_userDefined10'

2023-09-20 12:14:52 - [MESSAGE][PASSED] - Object: 'Object Repository/AdminSuiteBootstrap_Pages/VT_Bootstrap/ACHPersonal/button_Submit' is clicked on

2023-09-20 12:14:52 - [MESSAGE][PASSED] - adminSuiteBootstrap.debitPersonalsetData.debitPersonal_DataDriven is PASSED

2023-09-20 12:14:52 - [TEST_STEP][PASSED] - verifyTextPresent("Transaction Successful", true): Text 'Transaction Successful' is present on page  using regular expression

2023-09-20 12:14:53 - [MESSAGE][PASSED] - Text 'Transaction Successful' is present on page  using regular expression

2023-09-20 12:14:53 - [TEST_STEP][PASSED] - verifyTextPresent("Remittance ID", true): Text 'Remittance ID' is present on page  using regular expression

2023-09-20 12:14:53 - [MESSAGE][PASSED] - Text 'Remittance ID' is present on page  using regular expression

2023-09-20 12:14:53 - [TEST_STEP][PASSED] - verifyTextPresent("Received", true): Text 'Received' is present on page  using regular expression

2023-09-20 12:14:53 - [MESSAGE][PASSED] - Text 'Received' is present on page  using regular expression

2023-09-20 12:14:53 - [TEST_STEP][PASSED] - verifyTextPresent("UDF1", true): Text 'UDF1' is present on page  using regular expression

2023-09-20 12:14:54 - [MESSAGE][PASSED] - Text 'UDF1' is present on page  using regular expression

2023-09-20 12:14:54 - [TEST_STEP][PASSED] - verifyTextPresent("UDF2", true): Text 'UDF2' is present on page  using regular expression

2023-09-20 12:14:54 - [MESSAGE][PASSED] - Text 'UDF2' is present on page  using regular expression

2023-09-20 12:14:54 - [TEST_STEP][PASSED] - verifyTextPresent("UDF3", true): Text 'UDF3' is present on page  using regular expression

2023-09-20 12:14:54 - [MESSAGE][PASSED] - Text 'UDF3' is present on page  using regular expression

2023-09-20 12:14:54 - [TEST_STEP][PASSED] - verifyTextPresent("UDF4", true): Text 'UDF4' is present on page  using regular expression

2023-09-20 12:14:55 - [MESSAGE][PASSED] - Text 'UDF4' is present on page  using regular expression

2023-09-20 12:14:55 - [TEST_STEP][PASSED] - verifyTextPresent("UDF5", true): Text 'UDF5' is present on page  using regular expression

2023-09-20 12:14:55 - [MESSAGE][PASSED] - Text 'UDF5' is present on page  using regular expression

2023-09-20 12:14:55 - [TEST_STEP][PASSED] - verifyTextPresent("UDF6", true): Text 'UDF6' is present on page  using regular expression

2023-09-20 12:14:55 - [MESSAGE][PASSED] - Text 'UDF6' is present on page  using regular expression

2023-09-20 12:14:55 - [TEST_STEP][PASSED] - verifyTextPresent("UDF7", true): Text 'UDF7' is present on page  using regular expression

2023-09-20 12:14:56 - [MESSAGE][PASSED] - Text 'UDF7' is present on page  using regular expression

2023-09-20 12:14:56 - [TEST_STEP][PASSED] - verifyTextPresent("UDF8", true): Text 'UDF8' is present on page  using regular expression

2023-09-20 12:14:56 - [MESSAGE][PASSED] - Text 'UDF8' is present on page  using regular expression

2023-09-20 12:14:56 - [TEST_STEP][PASSED] - verifyTextPresent("UDF9", true): Text 'UDF9' is present on page  using regular expression

2023-09-20 12:14:56 - [MESSAGE][PASSED] - Text 'UDF9' is present on page  using regular expression

2023-09-20 12:14:56 - [TEST_STEP][PASSED] - verifyTextPresent("UDF 10", true): Text 'UDF 10' is present on page  using regular expression

2023-09-20 12:14:57 - [MESSAGE][PASSED] - Text 'UDF 10' is present on page  using regular expression

2023-09-20 12:14:57 - [TEST_STEP][PASSED] - verifyTextPresent("Australia", true): Text 'Australia' is present on page  using regular expression

2023-09-20 12:14:57 - [MESSAGE][PASSED] - Text 'Australia' is present on page  using regular expression

2023-09-20 12:14:57 - [TEST_STEP][PASSED] - verifyTextPresent("Denmark", true): Text 'Denmark' is present on page  using regular expression

2023-09-20 12:14:57 - [MESSAGE][PASSED] - Text 'Denmark' is present on page  using regular expression

2023-09-20 12:14:57 - [TEST_STEP][PASSED] - verifyTextPresent("Sweden", true): Text 'Sweden' is present on page  using regular expression

2023-09-20 12:14:58 - [MESSAGE][PASSED] - Text 'Sweden' is present on page  using regular expression

2023-09-20 12:14:58 - [TEST_STEP][PASSED] - verifyTextPresent("Austria", true): Text 'Austria' is present on page  using regular expression

2023-09-20 12:14:58 - [MESSAGE][PASSED] - Text 'Austria' is present on page  using regular expression

2023-09-20 12:14:58 - [TEST_STEP][PASSED] - verifyTextPresent("Orange Recorded", true): Text 'Orange Recorded' is present on page  using regular expression

2023-09-20 12:14:58 - [MESSAGE][PASSED] - Text 'Orange Recorded' is present on page  using regular expression

2023-09-20 12:14:58 - [TEST_STEP][PASSED] - verifyTextPresent("Yellow Recorded", true): Text 'Yellow Recorded' is present on page  using regular expression

2023-09-20 12:14:59 - [MESSAGE][PASSED] - Text 'Yellow Recorded' is present on page  using regular expression

2023-09-20 12:14:59 - [TEST_STEP][PASSED] - verifyTextPresent("Norway", true): Text 'Norway' is present on page  using regular expression

2023-09-20 12:14:59 - [MESSAGE][PASSED] - Text 'Norway' is present on page  using regular expression

2023-09-20 12:14:59 - [TEST_STEP][PASSED] - verifyTextPresent("Netherlands", true): Text 'Netherlands' is present on page  using regular expression

2023-09-20 12:14:59 - [MESSAGE][PASSED] - Text 'Netherlands' is present on page  using regular expression

2023-09-20 12:14:59 - [TEST_STEP][PASSED] - verifyTextPresent("Switzerland", true): Text 'Switzerland' is present on page  using regular expression

2023-09-20 12:15:00 - [MESSAGE][PASSED] - Text 'Switzerland' is present on page  using regular expression

2023-09-20 12:15:00 - [TEST_STEP][PASSED] - verifyTextPresent("France", true): Text 'France' is present on page  using regular expression

2023-09-20 12:15:00 - [MESSAGE][PASSED] - Text 'France' is present on page  using regular expression

2023-09-20 12:15:00 - [TEST_STEP][PASSED] - verifyTextPresent("Amount", true): Text 'Amount' is present on page  using regular expression

2023-09-20 12:15:00 - [MESSAGE][PASSED] - Text 'Amount' is present on page  using regular expression

2023-09-20 12:15:00 - [TEST_STEP][PASSED] - verifyTextPresent("Service Fee", true): Text 'Service Fee' is present on page  using regular expression

2023-09-20 12:15:01 - [MESSAGE][PASSED] - Text 'Service Fee' is present on page  using regular expression

2023-09-20 12:15:01 - [TEST_STEP][PASSED] - verifyTextPresent("Service Fee Type", true): Text 'Service Fee Type' is present on page  using regular expression

2023-09-20 12:15:01 - [MESSAGE][PASSED] - Text 'Service Fee Type' is present on page  using regular expression

2023-09-20 12:15:01 - [TEST_STEP][PASSED] - verifyTextPresent("Total Amount", true): Text 'Total Amount' is present on page  using regular expression

2023-09-20 12:15:01 - [MESSAGE][PASSED] - Text 'Total Amount' is present on page  using regular expression

2023-09-20 12:15:01 - [TEST_STEP][PASSED] - verifyTextPresent("Transaction Type", true): Text 'Transaction Type' is present on page  using regular expression

2023-09-20 12:15:02 - [MESSAGE][PASSED] - Text 'Transaction Type' is present on page  using regular expression

2023-09-20 12:15:02 - [TEST_STEP][PASSED] - verifyTextPresent("11.50", true): Text '11.50' is present on page  using regular expression

2023-09-20 12:15:02 - [MESSAGE][PASSED] - Text '11.50' is present on page  using regular expression

2023-09-20 12:15:02 - [TEST_STEP][PASSED] - verifyTextPresent("5.00", true): Text '5.00' is present on page  using regular expression

2023-09-20 12:15:02 - [MESSAGE][PASSED] - Text '5.00' is present on page  using regular expression

2023-09-20 12:15:02 - [TEST_STEP][PASSED] - verifyTextPresent("Single Transaction", true): Text 'Single Transaction' is present on page  using regular expression

2023-09-20 12:15:03 - [MESSAGE][PASSED] - Text 'Single Transaction' is present on page  using regular expression

2023-09-20 12:15:03 - [TEST_STEP][PASSED] - verifyTextPresent("16.50", true): Text '16.50' is present on page  using regular expression

2023-09-20 12:15:03 - [MESSAGE][PASSED] - Text '16.50' is present on page  using regular expression

2023-09-20 12:15:03 - [TEST_STEP][PASSED] - verifyTextPresent("Debit", true): Text 'Debit' is present on page  using regular expression

2023-09-20 12:15:03 - [MESSAGE][PASSED] - Text 'Debit' is present on page  using regular expression

2023-09-20 12:15:03 - [TEST_STEP][PASSED] - verifyTextPresent("Check Information", true): Text 'Check Information' is present on page  using regular expression

2023-09-20 12:15:04 - [MESSAGE][PASSED] - Text 'Check Information' is present on page  using regular expression

2023-09-20 12:15:04 - [TEST_STEP][PASSED] - verifyTextPresent("Account Type", true): Text 'Account Type' is present on page  using regular expression

2023-09-20 12:15:04 - [MESSAGE][PASSED] - Text 'Account Type' is present on page  using regular expression

2023-09-20 12:15:04 - [TEST_STEP][PASSED] - verifyTextPresent("Account Number", true): Text 'Account Number' is present on page  using regular expression

2023-09-20 12:15:04 - [MESSAGE][PASSED] - Text 'Account Number' is present on page  using regular expression

2023-09-20 12:15:04 - [TEST_STEP][PASSED] - verifyTextPresent("Routing Number", true): Text 'Routing Number' is present on page  using regular expression

2023-09-20 12:15:05 - [MESSAGE][PASSED] - Text 'Routing Number' is present on page  using regular expression

2023-09-20 12:15:05 - [TEST_STEP][PASSED] - verifyTextPresent("2691", true): Text '2691' is present on page  using regular expression

2023-09-20 12:15:05 - [MESSAGE][PASSED] - Text '2691' is present on page  using regular expression

2023-09-20 12:15:05 - [TEST_STEP][PASSED] - cardNameV = findTestData(dataFile).getValue("NameV", row): null

2023-09-20 12:15:05 - [TEST_STEP][PASSED] - al1V = findTestData(dataFile).getValue("AL1", row): null

2023-09-20 12:15:05 - [TEST_STEP][PASSED] - al2V = findTestData(dataFile).getValue("AL2", row): null

2023-09-20 12:15:05 - [TEST_STEP][PASSED] - last4V = findTestData(dataFile).getValue("Last4", row): null

2023-09-20 12:15:05 - [TEST_STEP][PASSED] - accType = findTestData(dataFile).getValue("AccountType", row): null

2023-09-20 12:15:05 - [TEST_STEP][PASSED] - verifyTextPresent(cardNameV, true): Text 'BETTE NICKA' is present on page  using regular expression

2023-09-20 12:15:06 - [MESSAGE][PASSED] - Text 'BETTE NICKA' is present on page  using regular expression

2023-09-20 12:15:06 - [TEST_STEP][PASSED] - verifyTextPresent("Address Line 1", true): Text 'Address Line 1' is present on page  using regular expression

2023-09-20 12:15:06 - [MESSAGE][PASSED] - Text 'Address Line 1' is present on page  using regular expression

2023-09-20 12:15:06 - [TEST_STEP][PASSED] - verifyTextPresent("Address Line 2", true): Text 'Address Line 2' is present on page  using regular expression

2023-09-20 12:15:07 - [MESSAGE][PASSED] - Text 'Address Line 2' is present on page  using regular expression

2023-09-20 12:15:07 - [TEST_STEP][PASSED] - verifyTextPresent("Country", true): Text 'Country' is present on page  using regular expression

2023-09-20 12:15:07 - [MESSAGE][PASSED] - Text 'Country' is present on page  using regular expression

2023-09-20 12:15:07 - [TEST_STEP][PASSED] - verifyTextPresent("City", true): Text 'City' is present on page  using regular expression

2023-09-20 12:15:07 - [MESSAGE][PASSED] - Text 'City' is present on page  using regular expression

2023-09-20 12:15:07 - [TEST_STEP][PASSED] - verifyTextPresent("State", true): Text 'State' is present on page  using regular expression

2023-09-20 12:15:07 - [MESSAGE][PASSED] - Text 'State' is present on page  using regular expression

2023-09-20 12:15:07 - [TEST_STEP][PASSED] - verifyTextPresent("ZIP Code", true): Text 'ZIP Code' is present on page  using regular expression

2023-09-20 12:15:08 - [MESSAGE][PASSED] - Text 'ZIP Code' is present on page  using regular expression

2023-09-20 12:15:08 - [TEST_STEP][PASSED] - verifyTextPresent(al1V, true): Text '6 S 33rd St' is present on page  using regular expression

2023-09-20 12:15:08 - [MESSAGE][PASSED] - Text '6 S 33rd St' is present on page  using regular expression

2023-09-20 12:15:08 - [TEST_STEP][PASSED] - verifyTextPresent(al2V, true): Text 'apt #2' is present on page  using regular expression

2023-09-20 12:15:08 - [MESSAGE][PASSED] - Text 'apt #2' is present on page  using regular expression

2023-09-20 12:15:08 - [TEST_STEP][PASSED] - verifyTextPresent("United States", true): Text 'United States' is present on page  using regular expression

2023-09-20 12:15:09 - [MESSAGE][PASSED] - Text 'United States' is present on page  using regular expression

2023-09-20 12:15:09 - [TEST_STEP][PASSED] - verifyTextPresent("ARLINGTON", true): Text 'ARLINGTON' is present on page  using regular expression

2023-09-20 12:15:09 - [MESSAGE][PASSED] - Text 'ARLINGTON' is present on page  using regular expression

2023-09-20 12:15:09 - [TEST_STEP][PASSED] - verifyTextPresent("Virginia", true): Text 'Virginia' is present on page  using regular expression

2023-09-20 12:15:09 - [MESSAGE][PASSED] - Text 'Virginia' is present on page  using regular expression

2023-09-20 12:15:09 - [TEST_STEP][PASSED] - verifyTextPresent("22201", true): Text '22201' is present on page  using regular expression

2023-09-20 12:15:10 - [MESSAGE][PASSED] - Text '22201' is present on page  using regular expression

2023-09-20 12:15:10 - [TEST_STEP][PASSED] - verifyTextPresent(accType, true): Text 'Savings' is present on page  using regular expression

2023-09-20 12:15:10 - [MESSAGE][PASSED] - Text 'Savings' is present on page  using regular expression

2023-09-20 12:15:10 - [TEST_STEP][PASSED] - verifyTextPresent(last4V, true): Text '2003' is present on page  using regular expression

2023-09-20 12:15:10 - [MESSAGE][PASSED] - Text '2003' is present on page  using regular expression

2023-09-20 12:15:10 - [TEST_STEP][PASSED] - closeBrowser(): Browser is closed

2023-09-20 12:15:11 - [MESSAGE][PASSED] - Browser is closed

2023-09-20 12:15:11 - [TEST_STEP][PASSED] - ExecuteTC = findTestData(dataFile).getValue("Execute", row): null

2023-09-20 12:15:11 - [TEST_STEP][PASSED] - out.println("Value of Execute is : " + ExecuteTC): null

2023-09-20 12:15:11 - [TEST_STEP][PASSED] - switch (executionProfile): null

2023-09-20 12:15:11 - [TEST_STEP][PASSED] - case "QA2Profile":: null

2023-09-20 12:15:11 - [TEST_STEP][PASSED] - appName = findTestData(dataFile).getValue("AppNameQA", row): null

2023-09-20 12:15:11 - [TEST_STEP][PASSED] - appID = findTestData(dataFile).getValue("AppIDQA", row): null

2023-09-20 12:15:12 - [TEST_STEP][PASSED] - break: null

2023-09-20 12:15:12 - [TEST_STEP][PASSED] - hrefAppID = li_1 + appID + li_2: null

2023-09-20 12:15:12 - [TEST_STEP][PASSED] - hrefApp = li_1 + appID + "/": null

2023-09-20 12:15:12 - [TEST_STEP][PASSED] - println("hrefApp : " + hrefApp): null

2023-09-20 12:15:12 - [TEST_STEP][PASSED] - if (ExecuteTC.equalsIgnoreCase("Y")): Browser is closed

2023-09-20 12:15:12 - [TEST_STEP][PASSED] - out.println("Begin Record Number: " + row): null

2023-09-20 12:15:12 - [TEST_STEP][PASSED] - today = new java.util.Date(): null

2023-09-20 12:15:12 - [TEST_STEP][PASSED] - println(today): null

2023-09-20 12:15:12 - [TEST_STEP][PASSED] - datText = today: null

2023-09-20 12:15:12 - [TEST_STEP][PASSED] - adminSuiteBootstrap.loginFunctionality.login_AdminSuite(): adminSuiteBootstrap.loginFunctionality.login_AdminSuite is PASSED

2023-09-20 12:15:12 - [MESSAGE][INFO] - Starting 'Chrome' driver

2023-09-20 12:15:12 - [MESSAGE][INFO] - User set preference: ['acceptInsecureCerts', 'true']

2023-09-20 12:15:12 - [MESSAGE][INFO] - Action delay is set to 0 milliseconds

2023-09-20 12:15:15 - [MESSAGE][PASSED] - Browser is opened with url: 'https://qa2.velocitypayment.com/admin/imtiaz'

2023-09-20 12:15:15 - [MESSAGE][PASSED] - Current window maximized

2023-09-20 12:15:15 - [MESSAGE][PASSED] - Object 'Object Repository/Login_Page/Login_Username_Okta' is present

2023-09-20 12:15:16 - [MESSAGE][PASSED] - Text 'iahmed' is set on object 'Object Repository/Login_Page/Login_Username_Okta'

2023-09-20 12:15:17 - [MESSAGE][PASSED] - Text 'Hello1111111@' is set on object 'Object Repository/Login_Page/Login_Password_Okta'

2023-09-20 12:15:18 - [MESSAGE][PASSED] - Object: 'Object Repository/Login_Page/Login_Submit_Okta' is clicked on

2023-09-20 12:15:18 - [MESSAGE][PASSED] - adminSuiteBootstrap.loginFunctionality.login_AdminSuite is PASSED

2023-09-20 12:15:18 - [TEST_STEP][PASSED] - click(findTestObject(path_Dashboard + appName)): Object: 'Object Repository/AdminSuiteBootstrap_Pages/Dashboard_Bootstrap/a_Access AutoSingleCFtpQA' is clicked on

2023-09-20 12:15:26 - [MESSAGE][PASSED] - Object: 'Object Repository/AdminSuiteBootstrap_Pages/Dashboard_Bootstrap/a_Access AutoSingleCFtpQA' is clicked on

2023-09-20 12:15:26 - [TEST_STEP][PASSED] - click(findTestObject(path_VT + "button_Debit")): Object: 'Object Repository/AdminSuiteBootstrap_Pages/VT_Bootstrap/IssueTransactions/button_Debit' is clicked on

2023-09-20 12:15:26 - [MESSAGE][PASSED] - Object: 'Object Repository/AdminSuiteBootstrap_Pages/VT_Bootstrap/IssueTransactions/button_Debit' is clicked on

2023-09-20 12:15:26 - [TEST_STEP][PASSED] - click(findTestObject(path_VT + "a_Personal")): Object: 'Object Repository/AdminSuiteBootstrap_Pages/VT_Bootstrap/IssueTransactions/a_Personal' is clicked on

2023-09-20 12:15:27 - [MESSAGE][PASSED] - Object: 'Object Repository/AdminSuiteBootstrap_Pages/VT_Bootstrap/IssueTransactions/a_Personal' is clicked on

2023-09-20 12:15:27 - [TEST_STEP][PASSED] - adminSuiteBootstrap.debitPersonalsetData.debitPersonal_DataDriven(row, dataFile): adminSuiteBootstrap.debitPersonalsetData.debitPersonal_DataDriven is PASSED

2023-09-20 12:15:30 - [MESSAGE][PASSED] - Text 'Alisha' is set on object 'Object Repository/AdminSuiteBootstrap_Pages/VT_Bootstrap/ACHPersonal/input_firstName'

2023-09-20 12:15:30 - [MESSAGE][PASSED] - Text 'Slusarski' is set on object 'Object Repository/AdminSuiteBootstrap_Pages/VT_Bootstrap/ACHPersonal/input_lastName'

2023-09-20 12:15:31 - [MESSAGE][PASSED] - Text '3273 State St' is set on object 'Object Repository/AdminSuiteBootstrap_Pages/VT_Bootstrap/ACHPersonal/input_address'

2023-09-20 12:15:32 - [MESSAGE][PASSED] - Text 'apt #4' is set on object 'Object Repository/AdminSuiteBootstrap_Pages/VT_Bootstrap/ACHPersonal/input_address2'

2023-09-20 12:15:32 - [MESSAGE][PASSED] - Text '22201' is set on object 'Object Repository/AdminSuiteBootstrap_Pages/VT_Bootstrap/ACHPersonal/input_zip'

2023-09-20 12:15:33 - [MESSAGE][PASSED] - Text '' is set on object 'Object Repository/AdminSuiteBootstrap_Pages/VT_Bootstrap/ACHPersonal/input_emailAddress'

2023-09-20 12:15:34 - [MESSAGE][PASSED] - Text '' is set on object 'Object Repository/AdminSuiteBootstrap_Pages/VT_Bootstrap/ACHPersonal/input_smsNumber'

2023-09-20 12:15:35 - [MESSAGE][PASSED] - Text '45682004' is set on object 'Object Repository/AdminSuiteBootstrap_Pages/VT_Bootstrap/ACHPersonal/input_accountNumber'

2023-09-20 12:15:36 - [MESSAGE][PASSED] - Text '256072691' is set on object 'Object Repository/AdminSuiteBootstrap_Pages/VT_Bootstrap/ACHPersonal/input_routingNumber'

2023-09-20 12:15:37 - [MESSAGE][PASSED] - All options with label 'Savings' are selected in object 'Object Repository/AdminSuiteBootstrap_Pages/VT_Bootstrap/ACHPersonal/select_AccountType'  using regular expression

2023-09-20 12:15:38 - [MESSAGE][PASSED] - All options with label 'TEL - Telephone-Initiated Entry' are selected in object 'Object Repository/AdminSuiteBootstrap_Pages/VT_Bootstrap/ACHPersonal/select_STD'  using regular expression

2023-09-20 12:15:39 - [MESSAGE][PASSED] - Text '11.5' is set on object 'Object Repository/AdminSuiteBootstrap_Pages/VT_Bootstrap/ACHPersonal/input_amount'

2023-09-20 12:15:40 - [MESSAGE][PASSED] - Text 'Denmark' is set on object 'Object Repository/AdminSuiteBootstrap_Pages/VT_Bootstrap/ACHPersonal/input_userDefined1'

2023-09-20 12:15:40 - [MESSAGE][PASSED] - Text 'Australia' is set on object 'Object Repository/AdminSuiteBootstrap_Pages/VT_Bootstrap/ACHPersonal/input_userDefined2'

2023-09-20 12:15:41 - [MESSAGE][PASSED] - Text 'Austria' is set on object 'Object Repository/AdminSuiteBootstrap_Pages/VT_Bootstrap/ACHPersonal/input_userDefined3'

2023-09-20 12:15:42 - [MESSAGE][PASSED] - Text 'Sweden' is set on object 'Object Repository/AdminSuiteBootstrap_Pages/VT_Bootstrap/ACHPersonal/input_userDefined4'

2023-09-20 12:15:43 - [MESSAGE][PASSED] - All options with label 'Yellow' are selected in object 'Object Repository/AdminSuiteBootstrap_Pages/VT_Bootstrap/ACHPersonal/select_UDF5'  using regular expression

2023-09-20 12:15:44 - [MESSAGE][PASSED] - All options with label 'Orange' are selected in object 'Object Repository/AdminSuiteBootstrap_Pages/VT_Bootstrap/ACHPersonal/select_UDF6'  using regular expression

2023-09-20 12:15:45 - [MESSAGE][PASSED] - Text 'Netherlands' is set on object 'Object Repository/AdminSuiteBootstrap_Pages/VT_Bootstrap/ACHPersonal/input_userDefined7'

2023-09-20 12:15:45 - [MESSAGE][PASSED] - Text 'Norway' is set on object 'Object Repository/AdminSuiteBootstrap_Pages/VT_Bootstrap/ACHPersonal/input_userDefined8'

2023-09-20 12:15:46 - [MESSAGE][PASSED] - Text 'France' is set on object 'Object Repository/AdminSuiteBootstrap_Pages/VT_Bootstrap/ACHPersonal/input_userDefined9'

2023-09-20 12:15:47 - [MESSAGE][PASSED] - Text 'Switzerland' is set on object 'Object Repository/AdminSuiteBootstrap_Pages/VT_Bootstrap/ACHPersonal/input_userDefined10'

2023-09-20 12:15:48 - [MESSAGE][PASSED] - Object: 'Object Repository/AdminSuiteBootstrap_Pages/VT_Bootstrap/ACHPersonal/button_Submit' is clicked on

2023-09-20 12:15:48 - [MESSAGE][PASSED] - adminSuiteBootstrap.debitPersonalsetData.debitPersonal_DataDriven is PASSED

2023-09-20 12:15:48 - [TEST_STEP][PASSED] - verifyTextPresent("Transaction Successful", true): Text 'Transaction Successful' is present on page  using regular expression

2023-09-20 12:15:48 - [MESSAGE][PASSED] - Text 'Transaction Successful' is present on page  using regular expression

2023-09-20 12:15:48 - [TEST_STEP][PASSED] - verifyTextPresent("Remittance ID", true): Text 'Remittance ID' is present on page  using regular expression

2023-09-20 12:15:49 - [MESSAGE][PASSED] - Text 'Remittance ID' is present on page  using regular expression

2023-09-20 12:15:49 - [TEST_STEP][PASSED] - verifyTextPresent("Received", true): Text 'Received' is present on page  using regular expression

2023-09-20 12:15:49 - [MESSAGE][PASSED] - Text 'Received' is present on page  using regular expression

2023-09-20 12:15:49 - [TEST_STEP][PASSED] - verifyTextPresent("UDF1", true): Text 'UDF1' is present on page  using regular expression

2023-09-20 12:15:49 - [MESSAGE][PASSED] - Text 'UDF1' is present on page  using regular expression

2023-09-20 12:15:49 - [TEST_STEP][PASSED] - verifyTextPresent("UDF2", true): Text 'UDF2' is present on page  using regular expression

2023-09-20 12:15:50 - [MESSAGE][PASSED] - Text 'UDF2' is present on page  using regular expression

2023-09-20 12:15:50 - [TEST_STEP][PASSED] - verifyTextPresent("UDF3", true): Text 'UDF3' is present on page  using regular expression

2023-09-20 12:15:50 - [MESSAGE][PASSED] - Text 'UDF3' is present on page  using regular expression

2023-09-20 12:15:50 - [TEST_STEP][PASSED] - verifyTextPresent("UDF4", true): Text 'UDF4' is present on page  using regular expression

2023-09-20 12:15:50 - [MESSAGE][PASSED] - Text 'UDF4' is present on page  using regular expression

2023-09-20 12:15:50 - [TEST_STEP][PASSED] - verifyTextPresent("UDF5", true): Text 'UDF5' is present on page  using regular expression

2023-09-20 12:15:51 - [MESSAGE][PASSED] - Text 'UDF5' is present on page  using regular expression

2023-09-20 12:15:51 - [TEST_STEP][PASSED] - verifyTextPresent("UDF6", true): Text 'UDF6' is present on page  using regular expression

2023-09-20 12:15:51 - [MESSAGE][PASSED] - Text 'UDF6' is present on page  using regular expression

2023-09-20 12:15:51 - [TEST_STEP][PASSED] - verifyTextPresent("UDF7", true): Text 'UDF7' is present on page  using regular expression

2023-09-20 12:15:51 - [MESSAGE][PASSED] - Text 'UDF7' is present on page  using regular expression

2023-09-20 12:15:51 - [TEST_STEP][PASSED] - verifyTextPresent("UDF8", true): Text 'UDF8' is present on page  using regular expression

2023-09-20 12:15:52 - [MESSAGE][PASSED] - Text 'UDF8' is present on page  using regular expression

2023-09-20 12:15:52 - [TEST_STEP][PASSED] - verifyTextPresent("UDF9", true): Text 'UDF9' is present on page  using regular expression

2023-09-20 12:15:52 - [MESSAGE][PASSED] - Text 'UDF9' is present on page  using regular expression

2023-09-20 12:15:52 - [TEST_STEP][PASSED] - verifyTextPresent("UDF 10", true): Text 'UDF 10' is present on page  using regular expression

2023-09-20 12:15:52 - [MESSAGE][PASSED] - Text 'UDF 10' is present on page  using regular expression

2023-09-20 12:15:52 - [TEST_STEP][PASSED] - verifyTextPresent("Australia", true): Text 'Australia' is present on page  using regular expression

2023-09-20 12:15:53 - [MESSAGE][PASSED] - Text 'Australia' is present on page  using regular expression

2023-09-20 12:15:53 - [TEST_STEP][PASSED] - verifyTextPresent("Denmark", true): Text 'Denmark' is present on page  using regular expression

2023-09-20 12:15:53 - [MESSAGE][PASSED] - Text 'Denmark' is present on page  using regular expression

2023-09-20 12:15:53 - [TEST_STEP][PASSED] - verifyTextPresent("Sweden", true): Text 'Sweden' is present on page  using regular expression

2023-09-20 12:15:53 - [MESSAGE][PASSED] - Text 'Sweden' is present on page  using regular expression

2023-09-20 12:15:53 - [TEST_STEP][PASSED] - verifyTextPresent("Austria", true): Text 'Austria' is present on page  using regular expression

2023-09-20 12:15:54 - [MESSAGE][PASSED] - Text 'Austria' is present on page  using regular expression

2023-09-20 12:15:54 - [TEST_STEP][PASSED] - verifyTextPresent("Orange Recorded", true): Text 'Orange Recorded' is present on page  using regular expression

2023-09-20 12:15:54 - [MESSAGE][PASSED] - Text 'Orange Recorded' is present on page  using regular expression

2023-09-20 12:15:54 - [TEST_STEP][PASSED] - verifyTextPresent("Yellow Recorded", true): Text 'Yellow Recorded' is present on page  using regular expression

2023-09-20 12:15:54 - [MESSAGE][PASSED] - Text 'Yellow Recorded' is present on page  using regular expression

2023-09-20 12:15:54 - [TEST_STEP][PASSED] - verifyTextPresent("Norway", true): Text 'Norway' is present on page  using regular expression

2023-09-20 12:15:55 - [MESSAGE][PASSED] - Text 'Norway' is present on page  using regular expression

2023-09-20 12:15:55 - [TEST_STEP][PASSED] - verifyTextPresent("Netherlands", true): Text 'Netherlands' is present on page  using regular expression

2023-09-20 12:15:55 - [MESSAGE][PASSED] - Text 'Netherlands' is present on page  using regular expression

2023-09-20 12:15:55 - [TEST_STEP][PASSED] - verifyTextPresent("Switzerland", true): Text 'Switzerland' is present on page  using regular expression

2023-09-20 12:15:55 - [MESSAGE][PASSED] - Text 'Switzerland' is present on page  using regular expression

2023-09-20 12:15:55 - [TEST_STEP][PASSED] - verifyTextPresent("France", true): Text 'France' is present on page  using regular expression

2023-09-20 12:15:56 - [MESSAGE][PASSED] - Text 'France' is present on page  using regular expression

2023-09-20 12:15:56 - [TEST_STEP][PASSED] - verifyTextPresent("Amount", true): Text 'Amount' is present on page  using regular expression

2023-09-20 12:15:56 - [MESSAGE][PASSED] - Text 'Amount' is present on page  using regular expression

2023-09-20 12:15:56 - [TEST_STEP][PASSED] - verifyTextPresent("Service Fee", true): Text 'Service Fee' is present on page  using regular expression

2023-09-20 12:15:56 - [MESSAGE][PASSED] - Text 'Service Fee' is present on page  using regular expression

2023-09-20 12:15:56 - [TEST_STEP][PASSED] - verifyTextPresent("Service Fee Type", true): Text 'Service Fee Type' is present on page  using regular expression

2023-09-20 12:15:57 - [MESSAGE][PASSED] - Text 'Service Fee Type' is present on page  using regular expression

2023-09-20 12:15:57 - [TEST_STEP][PASSED] - verifyTextPresent("Total Amount", true): Text 'Total Amount' is present on page  using regular expression

2023-09-20 12:15:57 - [MESSAGE][PASSED] - Text 'Total Amount' is present on page  using regular expression

2023-09-20 12:15:57 - [TEST_STEP][PASSED] - verifyTextPresent("Transaction Type", true): Text 'Transaction Type' is present on page  using regular expression

2023-09-20 12:15:57 - [MESSAGE][PASSED] - Text 'Transaction Type' is present on page  using regular expression

2023-09-20 12:15:57 - [TEST_STEP][PASSED] - verifyTextPresent("11.50", true): Text '11.50' is present on page  using regular expression

2023-09-20 12:15:58 - [MESSAGE][PASSED] - Text '11.50' is present on page  using regular expression

2023-09-20 12:15:58 - [TEST_STEP][PASSED] - verifyTextPresent("5.00", true): Text '5.00' is present on page  using regular expression

2023-09-20 12:15:58 - [MESSAGE][PASSED] - Text '5.00' is present on page  using regular expression

2023-09-20 12:15:58 - [TEST_STEP][PASSED] - verifyTextPresent("Single Transaction", true): Text 'Single Transaction' is present on page  using regular expression

2023-09-20 12:15:58 - [MESSAGE][PASSED] - Text 'Single Transaction' is present on page  using regular expression

2023-09-20 12:15:58 - [TEST_STEP][PASSED] - verifyTextPresent("16.50", true): Text '16.50' is present on page  using regular expression

2023-09-20 12:15:59 - [MESSAGE][PASSED] - Text '16.50' is present on page  using regular expression

2023-09-20 12:15:59 - [TEST_STEP][PASSED] - verifyTextPresent("Debit", true): Text 'Debit' is present on page  using regular expression

2023-09-20 12:15:59 - [MESSAGE][PASSED] - Text 'Debit' is present on page  using regular expression

2023-09-20 12:15:59 - [TEST_STEP][PASSED] - verifyTextPresent("Check Information", true): Text 'Check Information' is present on page  using regular expression

2023-09-20 12:15:59 - [MESSAGE][PASSED] - Text 'Check Information' is present on page  using regular expression

2023-09-20 12:15:59 - [TEST_STEP][PASSED] - verifyTextPresent("Account Type", true): Text 'Account Type' is present on page  using regular expression

2023-09-20 12:16:00 - [MESSAGE][PASSED] - Text 'Account Type' is present on page  using regular expression

2023-09-20 12:16:00 - [TEST_STEP][PASSED] - verifyTextPresent("Account Number", true): Text 'Account Number' is present on page  using regular expression

2023-09-20 12:16:00 - [MESSAGE][PASSED] - Text 'Account Number' is present on page  using regular expression

2023-09-20 12:16:00 - [TEST_STEP][PASSED] - verifyTextPresent("Routing Number", true): Text 'Routing Number' is present on page  using regular expression

2023-09-20 12:16:00 - [MESSAGE][PASSED] - Text 'Routing Number' is present on page  using regular expression

2023-09-20 12:16:00 - [TEST_STEP][PASSED] - verifyTextPresent("2691", true): Text '2691' is present on page  using regular expression

2023-09-20 12:16:01 - [MESSAGE][PASSED] - Text '2691' is present on page  using regular expression

2023-09-20 12:16:01 - [TEST_STEP][PASSED] - cardNameV = findTestData(dataFile).getValue("NameV", row): null

2023-09-20 12:16:01 - [TEST_STEP][PASSED] - al1V = findTestData(dataFile).getValue("AL1", row): null

2023-09-20 12:16:01 - [TEST_STEP][PASSED] - al2V = findTestData(dataFile).getValue("AL2", row): null

2023-09-20 12:16:01 - [TEST_STEP][PASSED] - last4V = findTestData(dataFile).getValue("Last4", row): null

2023-09-20 12:16:01 - [TEST_STEP][PASSED] - accType = findTestData(dataFile).getValue("AccountType", row): null

2023-09-20 12:16:01 - [TEST_STEP][PASSED] - verifyTextPresent(cardNameV, true): Text 'ALISHA SLUSARSKI' is present on page  using regular expression

2023-09-20 12:16:01 - [MESSAGE][PASSED] - Text 'ALISHA SLUSARSKI' is present on page  using regular expression

2023-09-20 12:16:01 - [TEST_STEP][PASSED] - verifyTextPresent("Address Line 1", true): Text 'Address Line 1' is present on page  using regular expression

2023-09-20 12:16:02 - [MESSAGE][PASSED] - Text 'Address Line 1' is present on page  using regular expression

2023-09-20 12:16:02 - [TEST_STEP][PASSED] - verifyTextPresent("Address Line 2", true): Text 'Address Line 2' is present on page  using regular expression

2023-09-20 12:16:02 - [MESSAGE][PASSED] - Text 'Address Line 2' is present on page  using regular expression

2023-09-20 12:16:02 - [TEST_STEP][PASSED] - verifyTextPresent("Country", true): Text 'Country' is present on page  using regular expression

2023-09-20 12:16:02 - [MESSAGE][PASSED] - Text 'Country' is present on page  using regular expression

2023-09-20 12:16:02 - [TEST_STEP][PASSED] - verifyTextPresent("City", true): Text 'City' is present on page  using regular expression

2023-09-20 12:16:03 - [MESSAGE][PASSED] - Text 'City' is present on page  using regular expression

2023-09-20 12:16:03 - [TEST_STEP][PASSED] - verifyTextPresent("State", true): Text 'State' is present on page  using regular expression

2023-09-20 12:16:03 - [MESSAGE][PASSED] - Text 'State' is present on page  using regular expression

2023-09-20 12:16:03 - [TEST_STEP][PASSED] - verifyTextPresent("ZIP Code", true): Text 'ZIP Code' is present on page  using regular expression

2023-09-20 12:16:03 - [MESSAGE][PASSED] - Text 'ZIP Code' is present on page  using regular expression

2023-09-20 12:16:03 - [TEST_STEP][PASSED] - verifyTextPresent(al1V, true): Text '3273 State St' is present on page  using regular expression

2023-09-20 12:16:04 - [MESSAGE][PASSED] - Text '3273 State St' is present on page  using regular expression

2023-09-20 12:16:04 - [TEST_STEP][PASSED] - verifyTextPresent(al2V, true): Text 'apt #4' is present on page  using regular expression

2023-09-20 12:16:04 - [MESSAGE][PASSED] - Text 'apt #4' is present on page  using regular expression

2023-09-20 12:16:04 - [TEST_STEP][PASSED] - verifyTextPresent("United States", true): Text 'United States' is present on page  using regular expression

2023-09-20 12:16:04 - [MESSAGE][PASSED] - Text 'United States' is present on page  using regular expression

2023-09-20 12:16:04 - [TEST_STEP][PASSED] - verifyTextPresent("ARLINGTON", true): Text 'ARLINGTON' is present on page  using regular expression

2023-09-20 12:16:05 - [MESSAGE][PASSED] - Text 'ARLINGTON' is present on page  using regular expression

2023-09-20 12:16:05 - [TEST_STEP][PASSED] - verifyTextPresent("Virginia", true): Text 'Virginia' is present on page  using regular expression

2023-09-20 12:16:05 - [MESSAGE][PASSED] - Text 'Virginia' is present on page  using regular expression

2023-09-20 12:16:05 - [TEST_STEP][PASSED] - verifyTextPresent("22201", true): Text '22201' is present on page  using regular expression

2023-09-20 12:16:05 - [MESSAGE][PASSED] - Text '22201' is present on page  using regular expression

2023-09-20 12:16:05 - [TEST_STEP][PASSED] - verifyTextPresent(accType, true): Text 'Savings' is present on page  using regular expression

2023-09-20 12:16:06 - [MESSAGE][PASSED] - Text 'Savings' is present on page  using regular expression

2023-09-20 12:16:06 - [TEST_STEP][PASSED] - verifyTextPresent(last4V, true): Text '2004' is present on page  using regular expression

2023-09-20 12:16:06 - [MESSAGE][PASSED] - Text '2004' is present on page  using regular expression

2023-09-20 12:16:06 - [TEST_STEP][PASSED] - closeBrowser(): Browser is closed

2023-09-20 12:16:07 - [MESSAGE][PASSED] - Browser is closed]]></system-out>
         <system-err><![CDATA[]]></system-err>
      </testcase>
      <testcase name="Test Cases/Admin Suite Bootstrap/VT_ACH_TestCases/DebitPersonal_CAN_SearchVoid_TC" time="52.362" classname="Test Cases/Admin Suite Bootstrap/VT_ACH_TestCases/DebitPersonal_CAN_SearchVoid_TC" status="PASSED">
         <system-out><![CDATA[2023-09-20 12:16:07 - [TEST_CASE][PASSED] - Test Cases/Admin Suite Bootstrap/VT_ACH_TestCases/DebitPersonal_CAN_SearchVoid_TC: Test Cases/Admin Suite Bootstrap/VT_ACH_TestCases/DebitPersonal_CAN_SearchVoid_TC

2023-09-20 12:16:07 - [TEST_STEP][PASSED] - path_Dashboard = "Object Repository/AdminSuiteBootstrap_Pages/Dashboard_Bootstrap/": null

2023-09-20 12:16:07 - [TEST_STEP][PASSED] - path_VT = "Object Repository/AdminSuiteBootstrap_Pages/VT_Bootstrap/IssueTransactions/": null

2023-09-20 12:16:07 - [TEST_STEP][PASSED] - path_Receipt = "Object Repository/AdminSuiteBootstrap_Pages/VT_Bootstrap/Receipt/": null

2023-09-20 12:16:07 - [TEST_STEP][PASSED] - path_CCSearch = "Object Repository/AdminSuiteBootstrap_Pages/VT_Bootstrap/CCCreditOrVoidSearch/": null

2023-09-20 12:16:07 - [TEST_STEP][PASSED] - path_SearchResults = "Object Repository/AdminSuiteBootstrap_Pages/VT_Bootstrap/SearchResults/": null

2023-09-20 12:16:07 - [TEST_STEP][PASSED] - path_TranxDetails = "Object Repository/AdminSuiteBootstrap_Pages/VT_Bootstrap/TransactionDetails/": null

2023-09-20 12:16:07 - [TEST_STEP][PASSED] - path_DebitPersonal = "Object Repository/AdminSuiteBootstrap_Pages/VT_Bootstrap/ACHPersonal/": null

2023-09-20 12:16:07 - [TEST_STEP][PASSED] - li_1 = vpos_Prefix: null

2023-09-20 12:16:07 - [TEST_STEP][PASSED] - li_2 = "/transactions/AuthCapForm/": null

2023-09-20 12:16:07 - [TEST_STEP][PASSED] - executionProfile = getExecutionProfile(): null

2023-09-20 12:16:07 - [TEST_STEP][PASSED] - out.println("executionProfile : " + executionProfile): null

2023-09-20 12:16:07 - [TEST_STEP][PASSED] - appName = <not implemented yet for class: org.codehaus.groovy.ast.expr.EmptyExpression>: null

2023-09-20 12:16:07 - [TEST_STEP][PASSED] - appID = <not implemented yet for class: org.codehaus.groovy.ast.expr.EmptyExpression>: null

2023-09-20 12:16:07 - [TEST_STEP][PASSED] - cardNameV = <not implemented yet for class: org.codehaus.groovy.ast.expr.EmptyExpression>: null

2023-09-20 12:16:07 - [TEST_STEP][PASSED] - al1V = <not implemented yet for class: org.codehaus.groovy.ast.expr.EmptyExpression>: null

2023-09-20 12:16:07 - [TEST_STEP][PASSED] - al2V = <not implemented yet for class: org.codehaus.groovy.ast.expr.EmptyExpression>: null

2023-09-20 12:16:07 - [TEST_STEP][PASSED] - zipV = <not implemented yet for class: org.codehaus.groovy.ast.expr.EmptyExpression>: null

2023-09-20 12:16:07 - [TEST_STEP][PASSED] - accType = <not implemented yet for class: org.codehaus.groovy.ast.expr.EmptyExpression>: null

2023-09-20 12:16:07 - [TEST_STEP][PASSED] - last4V = <not implemented yet for class: org.codehaus.groovy.ast.expr.EmptyExpression>: null

2023-09-20 12:16:07 - [TEST_STEP][PASSED] - resText = "Fail": null

2023-09-20 12:16:07 - [TEST_STEP][PASSED] - resColumn = "Result": null

2023-09-20 12:16:07 - [TEST_STEP][PASSED] - datCloumn = "Date": null

2023-09-20 12:16:07 - [TEST_STEP][PASSED] - fileLoc = "C:\KatalonData\Bootstrap\VT-ACH-Data.xlsx": null

2023-09-20 12:16:07 - [TEST_STEP][PASSED] - numOfRows = <not implemented yet for class: org.codehaus.groovy.ast.expr.EmptyExpression>: null

2023-09-20 12:16:07 - [TEST_STEP][PASSED] - dataFile = <not implemented yet for class: org.codehaus.groovy.ast.expr.EmptyExpression>: null

2023-09-20 12:16:07 - [TEST_STEP][PASSED] - nameSheet = <not implemented yet for class: org.codehaus.groovy.ast.expr.EmptyExpression>: null

2023-09-20 12:16:07 - [TEST_STEP][PASSED] - nameSheet = "Debit-CAN": null

2023-09-20 12:16:07 - [TEST_STEP][PASSED] - numOfRows = findTestData("QA/Bootstrap/VT-ACH-TestData/VT-DebitVoidSearchCAN").getRowNumbers(): null

2023-09-20 12:16:07 - [TEST_STEP][PASSED] - println("Number of Records: " + numOfRows): null

2023-09-20 12:16:07 - [TEST_STEP][PASSED] - dataFile = "QA/Bootstrap/VT-ACH-TestData/VT-DebitVoidSearchCAN": null

2023-09-20 12:16:07 - [TEST_STEP][PASSED] - for ([row = 1, row <= numOfRows, (row++)]): Browser is closed

2023-09-20 12:16:07 - [TEST_STEP][PASSED] - ExecuteTC = findTestData(dataFile).getValue("Execute", row): null

2023-09-20 12:16:07 - [TEST_STEP][PASSED] - out.println("Value of Execute is : " + ExecuteTC): null

2023-09-20 12:16:07 - [TEST_STEP][PASSED] - switch (executionProfile): null

2023-09-20 12:16:07 - [TEST_STEP][PASSED] - case "QA2Profile":: null

2023-09-20 12:16:07 - [TEST_STEP][PASSED] - appName = findTestData(dataFile).getValue("AppNameQA", row): null

2023-09-20 12:16:08 - [TEST_STEP][PASSED] - appID = findTestData(dataFile).getValue("AppIDQA", row): null

2023-09-20 12:16:08 - [TEST_STEP][PASSED] - break: null

2023-09-20 12:16:08 - [TEST_STEP][PASSED] - hrefAppID = li_1 + appID + li_2: null

2023-09-20 12:16:08 - [TEST_STEP][PASSED] - hrefApp = li_1 + appID + "/": null

2023-09-20 12:16:08 - [TEST_STEP][PASSED] - println("hrefApp : " + hrefApp): null

2023-09-20 12:16:08 - [TEST_STEP][PASSED] - if (ExecuteTC.equalsIgnoreCase("Y")): Browser is closed

2023-09-20 12:16:08 - [TEST_STEP][PASSED] - out.println("Begin Record Number: " + row): null

2023-09-20 12:16:08 - [TEST_STEP][PASSED] - today = new java.util.Date(): null

2023-09-20 12:16:08 - [TEST_STEP][PASSED] - println(today): null

2023-09-20 12:16:08 - [TEST_STEP][PASSED] - datText = today: null

2023-09-20 12:16:08 - [TEST_STEP][PASSED] - adminSuiteBootstrap.loginFunctionality.login_AdminSuite(): adminSuiteBootstrap.loginFunctionality.login_AdminSuite is PASSED

2023-09-20 12:16:08 - [MESSAGE][INFO] - Starting 'Chrome' driver

2023-09-20 12:16:08 - [MESSAGE][INFO] - User set preference: ['acceptInsecureCerts', 'true']

2023-09-20 12:16:08 - [MESSAGE][INFO] - Action delay is set to 0 milliseconds

2023-09-20 12:16:11 - [MESSAGE][PASSED] - Browser is opened with url: 'https://qa2.velocitypayment.com/admin/imtiaz'

2023-09-20 12:16:11 - [MESSAGE][PASSED] - Current window maximized

2023-09-20 12:16:12 - [MESSAGE][PASSED] - Object 'Object Repository/Login_Page/Login_Username_Okta' is present

2023-09-20 12:16:12 - [MESSAGE][PASSED] - Text 'iahmed' is set on object 'Object Repository/Login_Page/Login_Username_Okta'

2023-09-20 12:16:13 - [MESSAGE][PASSED] - Text 'Hello1111111@' is set on object 'Object Repository/Login_Page/Login_Password_Okta'

2023-09-20 12:16:14 - [MESSAGE][PASSED] - Object: 'Object Repository/Login_Page/Login_Submit_Okta' is clicked on

2023-09-20 12:16:14 - [MESSAGE][PASSED] - adminSuiteBootstrap.loginFunctionality.login_AdminSuite is PASSED

2023-09-20 12:16:14 - [TEST_STEP][PASSED] - click(findTestObject(path_Dashboard + appName)): Object: 'Object Repository/AdminSuiteBootstrap_Pages/Dashboard_Bootstrap/a_Access Prod 1182 App' is clicked on

2023-09-20 12:16:23 - [MESSAGE][PASSED] - Object: 'Object Repository/AdminSuiteBootstrap_Pages/Dashboard_Bootstrap/a_Access Prod 1182 App' is clicked on

2023-09-20 12:16:23 - [TEST_STEP][PASSED] - click(findTestObject(path_VT + "button_Debit")): Object: 'Object Repository/AdminSuiteBootstrap_Pages/VT_Bootstrap/IssueTransactions/button_Debit' is clicked on

2023-09-20 12:16:24 - [MESSAGE][PASSED] - Object: 'Object Repository/AdminSuiteBootstrap_Pages/VT_Bootstrap/IssueTransactions/button_Debit' is clicked on

2023-09-20 12:16:24 - [TEST_STEP][PASSED] - click(findTestObject(path_VT + "a_Personal")): Object: 'Object Repository/AdminSuiteBootstrap_Pages/VT_Bootstrap/IssueTransactions/a_Personal' is clicked on

2023-09-20 12:16:25 - [MESSAGE][PASSED] - Object: 'Object Repository/AdminSuiteBootstrap_Pages/VT_Bootstrap/IssueTransactions/a_Personal' is clicked on

2023-09-20 12:16:25 - [TEST_STEP][PASSED] - setText(findTestObject(path_DebitPersonal + "input_clientAccountNumber"), "CAN555ab"): Text 'CAN555ab' is set on object 'Object Repository/AdminSuiteBootstrap_Pages/VT_Bootstrap/ACHPersonal/input_clientAccountNumber'

2023-09-20 12:16:26 - [MESSAGE][PASSED] - Text 'CAN555ab' is set on object 'Object Repository/AdminSuiteBootstrap_Pages/VT_Bootstrap/ACHPersonal/input_clientAccountNumber'

2023-09-20 12:16:26 - [TEST_STEP][PASSED] - setText(findTestObject(path_DebitPersonal + "input_confirmAccountNumber"), "25362145"): Text '25362145' is set on object 'Object Repository/AdminSuiteBootstrap_Pages/VT_Bootstrap/ACHPersonal/input_confirmAccountNumber'

2023-09-20 12:16:26 - [MESSAGE][PASSED] - Text '25362145' is set on object 'Object Repository/AdminSuiteBootstrap_Pages/VT_Bootstrap/ACHPersonal/input_confirmAccountNumber'

2023-09-20 12:16:26 - [TEST_STEP][PASSED] - adminSuiteBootstrap.debitPersonalsetData.debitPersonal_DataDriven(row, dataFile): adminSuiteBootstrap.debitPersonalsetData.debitPersonal_DataDriven is PASSED

2023-09-20 12:16:28 - [MESSAGE][PASSED] - Text 'Can' is set on object 'Object Repository/AdminSuiteBootstrap_Pages/VT_Bootstrap/ACHPersonal/input_firstName'

2023-09-20 12:16:29 - [MESSAGE][PASSED] - Text 'debitvoid' is set on object 'Object Repository/AdminSuiteBootstrap_Pages/VT_Bootstrap/ACHPersonal/input_lastName'

2023-09-20 12:16:30 - [MESSAGE][PASSED] - Text '25698 Elmond rd' is set on object 'Object Repository/AdminSuiteBootstrap_Pages/VT_Bootstrap/ACHPersonal/input_address'

2023-09-20 12:16:30 - [MESSAGE][PASSED] - Text '' is set on object 'Object Repository/AdminSuiteBootstrap_Pages/VT_Bootstrap/ACHPersonal/input_address2'

2023-09-20 12:16:31 - [MESSAGE][PASSED] - Text '22201' is set on object 'Object Repository/AdminSuiteBootstrap_Pages/VT_Bootstrap/ACHPersonal/input_zip'

2023-09-20 12:16:32 - [MESSAGE][PASSED] - Text '' is set on object 'Object Repository/AdminSuiteBootstrap_Pages/VT_Bootstrap/ACHPersonal/input_emailAddress'

2023-09-20 12:16:33 - [MESSAGE][PASSED] - Text '' is set on object 'Object Repository/AdminSuiteBootstrap_Pages/VT_Bootstrap/ACHPersonal/input_smsNumber'

2023-09-20 12:16:34 - [MESSAGE][PASSED] - Text '25362145' is set on object 'Object Repository/AdminSuiteBootstrap_Pages/VT_Bootstrap/ACHPersonal/input_accountNumber'

2023-09-20 12:16:35 - [MESSAGE][PASSED] - Text '256072691' is set on object 'Object Repository/AdminSuiteBootstrap_Pages/VT_Bootstrap/ACHPersonal/input_routingNumber'

2023-09-20 12:16:36 - [MESSAGE][PASSED] - All options with label 'Checking' are selected in object 'Object Repository/AdminSuiteBootstrap_Pages/VT_Bootstrap/ACHPersonal/select_AccountType'  using regular expression

2023-09-20 12:16:37 - [MESSAGE][PASSED] - All options with label 'PPD - Prearranged Payment and Deposit Entry' are selected in object 'Object Repository/AdminSuiteBootstrap_Pages/VT_Bootstrap/ACHPersonal/select_STD'  using regular expression

2023-09-20 12:16:37 - [MESSAGE][PASSED] - Text '13.50' is set on object 'Object Repository/AdminSuiteBootstrap_Pages/VT_Bootstrap/ACHPersonal/input_amount'

2023-09-20 12:16:39 - [MESSAGE][PASSED] - Text 'Denmark' is set on object 'Object Repository/AdminSuiteBootstrap_Pages/VT_Bootstrap/ACHPersonal/input_userDefined1'

2023-09-20 12:16:39 - [MESSAGE][PASSED] - Text 'Australia' is set on object 'Object Repository/AdminSuiteBootstrap_Pages/VT_Bootstrap/ACHPersonal/input_userDefined2'

2023-09-20 12:16:40 - [MESSAGE][PASSED] - Text 'Austria' is set on object 'Object Repository/AdminSuiteBootstrap_Pages/VT_Bootstrap/ACHPersonal/input_userDefined3'

2023-09-20 12:16:41 - [MESSAGE][PASSED] - Text 'Sweden' is set on object 'Object Repository/AdminSuiteBootstrap_Pages/VT_Bootstrap/ACHPersonal/input_userDefined4'

2023-09-20 12:16:42 - [MESSAGE][PASSED] - All options with label 'Yellow' are selected in object 'Object Repository/AdminSuiteBootstrap_Pages/VT_Bootstrap/ACHPersonal/select_UDF5'  using regular expression

2023-09-20 12:16:43 - [MESSAGE][PASSED] - All options with label 'Orange' are selected in object 'Object Repository/AdminSuiteBootstrap_Pages/VT_Bootstrap/ACHPersonal/select_UDF6'  using regular expression

2023-09-20 12:16:43 - [MESSAGE][PASSED] - Text 'Netherlands' is set on object 'Object Repository/AdminSuiteBootstrap_Pages/VT_Bootstrap/ACHPersonal/input_userDefined7'

2023-09-20 12:16:44 - [MESSAGE][PASSED] - Text 'Norway' is set on object 'Object Repository/AdminSuiteBootstrap_Pages/VT_Bootstrap/ACHPersonal/input_userDefined8'

2023-09-20 12:16:45 - [MESSAGE][PASSED] - Text 'France' is set on object 'Object Repository/AdminSuiteBootstrap_Pages/VT_Bootstrap/ACHPersonal/input_userDefined9'

2023-09-20 12:16:45 - [MESSAGE][PASSED] - Text 'Switzerland' is set on object 'Object Repository/AdminSuiteBootstrap_Pages/VT_Bootstrap/ACHPersonal/input_userDefined10'

2023-09-20 12:16:47 - [MESSAGE][PASSED] - Object: 'Object Repository/AdminSuiteBootstrap_Pages/VT_Bootstrap/ACHPersonal/button_Submit' is clicked on

2023-09-20 12:16:47 - [MESSAGE][PASSED] - adminSuiteBootstrap.debitPersonalsetData.debitPersonal_DataDriven is PASSED

2023-09-20 12:16:47 - [TEST_STEP][PASSED] - if (verifyTextPresent("Transaction Successful", true)): null

2023-09-20 12:16:47 - [MESSAGE][PASSED] - Text 'Transaction Successful' is present on page  using regular expression

2023-09-20 12:16:47 - [TEST_STEP][PASSED] - click(findTestObject(path_Receipt + "button_Continue")): Object: 'Object Repository/AdminSuiteBootstrap_Pages/VT_Bootstrap/Receipt/button_Continue' is clicked on

2023-09-20 12:16:48 - [MESSAGE][PASSED] - Object: 'Object Repository/AdminSuiteBootstrap_Pages/VT_Bootstrap/Receipt/button_Continue' is clicked on

2023-09-20 12:16:48 - [TEST_STEP][PASSED] - click(findTestObject(path_VT + "a_Search Transactions")): Object: 'Object Repository/AdminSuiteBootstrap_Pages/VT_Bootstrap/IssueTransactions/a_Search Transactions' is clicked on

2023-09-20 12:16:49 - [MESSAGE][PASSED] - Object: 'Object Repository/AdminSuiteBootstrap_Pages/VT_Bootstrap/IssueTransactions/a_Search Transactions' is clicked on

2023-09-20 12:16:49 - [TEST_STEP][PASSED] - selectOptionByLabel(findTestObject(path_CCSearch + "select_SearchBy"), "Client Account Number", false): All options with label 'Client Account Number' are selected in object 'Object Repository/AdminSuiteBootstrap_Pages/VT_Bootstrap/CCCreditOrVoidSearch/select_SearchBy' 

2023-09-20 12:16:50 - [MESSAGE][PASSED] - All options with label 'Client Account Number' are selected in object 'Object Repository/AdminSuiteBootstrap_Pages/VT_Bootstrap/CCCreditOrVoidSearch/select_SearchBy' 

2023-09-20 12:16:50 - [TEST_STEP][PASSED] - setText(findTestObject(path_CCSearch + "input_Search By_searchValue"), "CAN555ab"): Text 'CAN555ab' is set on object 'Object Repository/AdminSuiteBootstrap_Pages/VT_Bootstrap/CCCreditOrVoidSearch/input_Search By_searchValue'

2023-09-20 12:16:51 - [MESSAGE][PASSED] - Text 'CAN555ab' is set on object 'Object Repository/AdminSuiteBootstrap_Pages/VT_Bootstrap/CCCreditOrVoidSearch/input_Search By_searchValue'

2023-09-20 12:16:51 - [TEST_STEP][PASSED] - click(findTestObject(path_CCSearch + "button_Submit")): Object: 'Object Repository/AdminSuiteBootstrap_Pages/VT_Bootstrap/CCCreditOrVoidSearch/button_Submit' is clicked on

2023-09-20 12:16:51 - [MESSAGE][PASSED] - Object: 'Object Repository/AdminSuiteBootstrap_Pages/VT_Bootstrap/CCCreditOrVoidSearch/button_Submit' is clicked on

2023-09-20 12:16:51 - [TEST_STEP][PASSED] - click(findTestObject(path_SearchResults + "button_PaymentID")): Object: 'Object Repository/AdminSuiteBootstrap_Pages/VT_Bootstrap/SearchResults/button_PaymentID' is clicked on

2023-09-20 12:16:52 - [MESSAGE][PASSED] - Object: 'Object Repository/AdminSuiteBootstrap_Pages/VT_Bootstrap/SearchResults/button_PaymentID' is clicked on

2023-09-20 12:16:52 - [TEST_STEP][PASSED] - verifyTextPresent("Tender Type", true): Text 'Tender Type' is present on page  using regular expression

2023-09-20 12:16:53 - [MESSAGE][PASSED] - Text 'Tender Type' is present on page  using regular expression

2023-09-20 12:16:53 - [TEST_STEP][PASSED] - verifyTextPresent("Transaction Type", true): Text 'Transaction Type' is present on page  using regular expression

2023-09-20 12:16:53 - [MESSAGE][PASSED] - Text 'Transaction Type' is present on page  using regular expression

2023-09-20 12:16:53 - [TEST_STEP][PASSED] - verifyTextPresent("Transaction Posted by", true): Text 'Transaction Posted by' is present on page  using regular expression

2023-09-20 12:16:54 - [MESSAGE][PASSED] - Text 'Transaction Posted by' is present on page  using regular expression

2023-09-20 12:16:54 - [TEST_STEP][PASSED] - verifyTextPresent("iahmed", true): Text 'iahmed' is present on page  using regular expression

2023-09-20 12:16:54 - [MESSAGE][PASSED] - Text 'iahmed' is present on page  using regular expression

2023-09-20 12:16:54 - [TEST_STEP][PASSED] - verifyTextPresent("Debit", true): Text 'Debit' is present on page  using regular expression

2023-09-20 12:16:54 - [MESSAGE][PASSED] - Text 'Debit' is present on page  using regular expression

2023-09-20 12:16:54 - [TEST_STEP][PASSED] - click(findTestObject(path_TranxDetails + "a_Void this transaction")): Object: 'Object Repository/AdminSuiteBootstrap_Pages/VT_Bootstrap/TransactionDetails/a_Void this transaction' is clicked on

2023-09-20 12:16:55 - [MESSAGE][PASSED] - Object: 'Object Repository/AdminSuiteBootstrap_Pages/VT_Bootstrap/TransactionDetails/a_Void this transaction' is clicked on

2023-09-20 12:16:55 - [TEST_STEP][PASSED] - verifyTextPresent("The following transaction will be voided", true): Text 'The following transaction will be voided' is present on page  using regular expression

2023-09-20 12:16:56 - [MESSAGE][PASSED] - Text 'The following transaction will be voided' is present on page  using regular expression

2023-09-20 12:16:56 - [TEST_STEP][PASSED] - verifyTextPresent("Please press submit to continue", true): Text 'Please press submit to continue' is present on page  using regular expression

2023-09-20 12:16:56 - [MESSAGE][PASSED] - Text 'Please press submit to continue' is present on page  using regular expression

2023-09-20 12:16:56 - [TEST_STEP][PASSED] - click(findTestObject(path_TranxDetails + "button_Submit")): Object: 'Object Repository/AdminSuiteBootstrap_Pages/VT_Bootstrap/TransactionDetails/button_Submit' is clicked on

2023-09-20 12:16:57 - [MESSAGE][PASSED] - Object: 'Object Repository/AdminSuiteBootstrap_Pages/VT_Bootstrap/TransactionDetails/button_Submit' is clicked on

2023-09-20 12:16:57 - [TEST_STEP][PASSED] - verifyTextPresent("Transaction Successful", true): Text 'Transaction Successful' is present on page  using regular expression

2023-09-20 12:16:58 - [MESSAGE][PASSED] - Text 'Transaction Successful' is present on page  using regular expression

2023-09-20 12:16:58 - [TEST_STEP][PASSED] - verifyTextPresent("Transaction Type", true): Text 'Transaction Type' is present on page  using regular expression

2023-09-20 12:16:58 - [MESSAGE][PASSED] - Text 'Transaction Type' is present on page  using regular expression

2023-09-20 12:16:58 - [TEST_STEP][PASSED] - verifyTextPresent("Void", true): Text 'Void' is present on page  using regular expression

2023-09-20 12:16:58 - [MESSAGE][PASSED] - Text 'Void' is present on page  using regular expression

2023-09-20 12:16:58 - [TEST_STEP][PASSED] - closeBrowser(): Browser is closed

2023-09-20 12:16:59 - [MESSAGE][PASSED] - Browser is closed]]></system-out>
         <system-err><![CDATA[]]></system-err>
      </testcase>
      <testcase name="Test Cases/Admin Suite Bootstrap/VT_TestCases/Sale_CAN_SearchVoid_Payment_TC" time="101.576" classname="Test Cases/Admin Suite Bootstrap/VT_TestCases/Sale_CAN_SearchVoid_Payment_TC" status="PASSED">
         <system-out><![CDATA[2023-09-20 12:16:59 - [TEST_CASE][PASSED] - Test Cases/Admin Suite Bootstrap/VT_TestCases/Sale_CAN_SearchVoid_Payment_TC: Test Cases/Admin Suite Bootstrap/VT_TestCases/Sale_CAN_SearchVoid_Payment_TC

2023-09-20 12:17:00 - [TEST_STEP][PASSED] - path_Dashboard = "Object Repository/AdminSuiteBootstrap_Pages/Dashboard_Bootstrap/": null

2023-09-20 12:17:00 - [TEST_STEP][PASSED] - path_VT = "Object Repository/AdminSuiteBootstrap_Pages/VT_Bootstrap/IssueTransactions/": null

2023-09-20 12:17:00 - [TEST_STEP][PASSED] - path_SaleKB = "Object Repository/AdminSuiteBootstrap_Pages/VT_Bootstrap/SaleKeyboard/": null

2023-09-20 12:17:00 - [TEST_STEP][PASSED] - path_TestMinus = "Object Repository/Page_TestMinusAndAtSigns/": null

2023-09-20 12:17:00 - [TEST_STEP][PASSED] - path_Receipt = "Object Repository/AdminSuiteBootstrap_Pages/VT_Bootstrap/Receipt/": null

2023-09-20 12:17:00 - [TEST_STEP][PASSED] - path_CCSearch = "Object Repository/AdminSuiteBootstrap_Pages/VT_Bootstrap/CCCreditOrVoidSearch/": null

2023-09-20 12:17:00 - [TEST_STEP][PASSED] - path_SearchResults = "Object Repository/AdminSuiteBootstrap_Pages/VT_Bootstrap/SearchResults/": null

2023-09-20 12:17:00 - [TEST_STEP][PASSED] - path_TranxDetails = "Object Repository/AdminSuiteBootstrap_Pages/VT_Bootstrap/TransactionDetails/": null

2023-09-20 12:17:00 - [TEST_STEP][PASSED] - li_1 = vpos_Prefix: null

2023-09-20 12:17:00 - [TEST_STEP][PASSED] - li_2 = "/transactions/AuthCapForm/": null

2023-09-20 12:17:00 - [TEST_STEP][PASSED] - executionProfile = getExecutionProfile(): null

2023-09-20 12:17:00 - [TEST_STEP][PASSED] - out.println("executionProfile : " + executionProfile): null

2023-09-20 12:17:00 - [TEST_STEP][PASSED] - appName = <not implemented yet for class: org.codehaus.groovy.ast.expr.EmptyExpression>: null

2023-09-20 12:17:00 - [TEST_STEP][PASSED] - appID = <not implemented yet for class: org.codehaus.groovy.ast.expr.EmptyExpression>: null

2023-09-20 12:17:00 - [TEST_STEP][PASSED] - cardNameV = <not implemented yet for class: org.codehaus.groovy.ast.expr.EmptyExpression>: null

2023-09-20 12:17:00 - [TEST_STEP][PASSED] - al1V = <not implemented yet for class: org.codehaus.groovy.ast.expr.EmptyExpression>: null

2023-09-20 12:17:00 - [TEST_STEP][PASSED] - al2V = <not implemented yet for class: org.codehaus.groovy.ast.expr.EmptyExpression>: null

2023-09-20 12:17:00 - [TEST_STEP][PASSED] - zipV = <not implemented yet for class: org.codehaus.groovy.ast.expr.EmptyExpression>: null

2023-09-20 12:17:00 - [TEST_STEP][PASSED] - cardTypeV = <not implemented yet for class: org.codehaus.groovy.ast.expr.EmptyExpression>: null

2023-09-20 12:17:00 - [TEST_STEP][PASSED] - last4V = <not implemented yet for class: org.codehaus.groovy.ast.expr.EmptyExpression>: null

2023-09-20 12:17:00 - [TEST_STEP][PASSED] - resText = "Fail": null

2023-09-20 12:17:00 - [TEST_STEP][PASSED] - resColumn = "Result": null

2023-09-20 12:17:00 - [TEST_STEP][PASSED] - datCloumn = "Date": null

2023-09-20 12:17:00 - [TEST_STEP][PASSED] - fileLoc = "C:\KatalonData\Bootstrap\VT-Misc-Data.xlsx": null

2023-09-20 12:17:00 - [TEST_STEP][PASSED] - numOfRows = <not implemented yet for class: org.codehaus.groovy.ast.expr.EmptyExpression>: null

2023-09-20 12:17:00 - [TEST_STEP][PASSED] - dataFile = <not implemented yet for class: org.codehaus.groovy.ast.expr.EmptyExpression>: null

2023-09-20 12:17:00 - [TEST_STEP][PASSED] - nameSheet = <not implemented yet for class: org.codehaus.groovy.ast.expr.EmptyExpression>: null

2023-09-20 12:17:00 - [TEST_STEP][PASSED] - nameSheet = "VT-SaleVoid-NoCF-Generic": null

2023-09-20 12:17:00 - [TEST_STEP][PASSED] - numOfRows = findTestData("QA/Bootstrap/VT-TestData/VT-SaleVoidSearchCAN").getRowNumbers(): null

2023-09-20 12:17:00 - [TEST_STEP][PASSED] - println("Number of Records: " + numOfRows): null

2023-09-20 12:17:00 - [TEST_STEP][PASSED] - dataFile = "QA/Bootstrap/VT-TestData/VT-SaleVoidSearchCAN": null

2023-09-20 12:17:00 - [TEST_STEP][PASSED] - for ([row = 1, row <= numOfRows, (row++)]): null

2023-09-20 12:17:00 - [TEST_STEP][PASSED] - ExecuteTC = findTestData(dataFile).getValue("Execute", row): null

2023-09-20 12:17:00 - [TEST_STEP][PASSED] - out.println("Value of Execute is : " + ExecuteTC): null

2023-09-20 12:17:00 - [TEST_STEP][PASSED] - switch (executionProfile): null

2023-09-20 12:17:00 - [TEST_STEP][PASSED] - case "QA2Profile":: null

2023-09-20 12:17:00 - [TEST_STEP][PASSED] - appName = findTestData(dataFile).getValue("AppName", row): null

2023-09-20 12:17:00 - [TEST_STEP][PASSED] - appID = findTestData(dataFile).getValue("AppID", row): null

2023-09-20 12:17:00 - [TEST_STEP][PASSED] - break: null

2023-09-20 12:17:00 - [TEST_STEP][PASSED] - hrefAppID = li_1 + appID + li_2: null

2023-09-20 12:17:00 - [TEST_STEP][PASSED] - hrefApp = li_1 + appID + "/": null

2023-09-20 12:17:00 - [TEST_STEP][PASSED] - println("hrefApp : " + hrefApp): null

2023-09-20 12:17:00 - [TEST_STEP][PASSED] - if (ExecuteTC.equalsIgnoreCase("Y")): null

2023-09-20 12:17:00 - [TEST_STEP][PASSED] - out.println("Begin Record Number: " + row): null

2023-09-20 12:17:00 - [TEST_STEP][PASSED] - today = new java.util.Date(): null

2023-09-20 12:17:00 - [TEST_STEP][PASSED] - println(today): null

2023-09-20 12:17:00 - [TEST_STEP][PASSED] - datText = today: null

2023-09-20 12:17:00 - [TEST_STEP][PASSED] - adminSuiteBootstrap.loginFunctionality.login_AdminSuite(): adminSuiteBootstrap.loginFunctionality.login_AdminSuite is PASSED

2023-09-20 12:17:00 - [MESSAGE][INFO] - Starting 'Chrome' driver

2023-09-20 12:17:00 - [MESSAGE][INFO] - User set preference: ['acceptInsecureCerts', 'true']

2023-09-20 12:17:00 - [MESSAGE][INFO] - Action delay is set to 0 milliseconds

2023-09-20 12:17:04 - [MESSAGE][PASSED] - Browser is opened with url: 'https://qa2.velocitypayment.com/admin/imtiaz'

2023-09-20 12:17:04 - [MESSAGE][PASSED] - Current window maximized

2023-09-20 12:17:04 - [MESSAGE][PASSED] - Object 'Object Repository/Login_Page/Login_Username_Okta' is present

2023-09-20 12:17:05 - [MESSAGE][PASSED] - Text 'iahmed' is set on object 'Object Repository/Login_Page/Login_Username_Okta'

2023-09-20 12:17:06 - [MESSAGE][PASSED] - Text 'Hello1111111@' is set on object 'Object Repository/Login_Page/Login_Password_Okta'

2023-09-20 12:17:06 - [MESSAGE][PASSED] - Object: 'Object Repository/Login_Page/Login_Submit_Okta' is clicked on

2023-09-20 12:17:06 - [MESSAGE][PASSED] - adminSuiteBootstrap.loginFunctionality.login_AdminSuite is PASSED

2023-09-20 12:17:06 - [TEST_STEP][PASSED] - click(findTestObject(path_Dashboard + appName)): Object: 'Object Repository/AdminSuiteBootstrap_Pages/Dashboard_Bootstrap/a_Access Prod 1182 App' is clicked on

2023-09-20 12:17:15 - [MESSAGE][PASSED] - Object: 'Object Repository/AdminSuiteBootstrap_Pages/Dashboard_Bootstrap/a_Access Prod 1182 App' is clicked on

2023-09-20 12:17:15 - [TEST_STEP][PASSED] - click(findTestObject(path_VT + "button_Authorization  Capture (Sale)")): Object: 'Object Repository/AdminSuiteBootstrap_Pages/VT_Bootstrap/IssueTransactions/button_Authorization  Capture (Sale)' is clicked on

2023-09-20 12:17:15 - [MESSAGE][PASSED] - Object: 'Object Repository/AdminSuiteBootstrap_Pages/VT_Bootstrap/IssueTransactions/button_Authorization  Capture (Sale)' is clicked on

2023-09-20 12:17:15 - [TEST_STEP][PASSED] - saleKeyboardEntryLink = modifyObjectProperty(findTestObject(path_VT + "a_KeyboardEntry_Sale"), "href", "equals", hrefAppID, true): Modify property of object successfully

2023-09-20 12:17:15 - [MESSAGE][PASSED] - Modify property of object successfully

2023-09-20 12:17:15 - [TEST_STEP][PASSED] - click(saleKeyboardEntryLink): Object: 'Object Repository/AdminSuiteBootstrap_Pages/VT_Bootstrap/IssueTransactions/a_KeyboardEntry_Sale' is clicked on

2023-09-20 12:17:17 - [MESSAGE][PASSED] - Object: 'Object Repository/AdminSuiteBootstrap_Pages/VT_Bootstrap/IssueTransactions/a_KeyboardEntry_Sale' is clicked on

2023-09-20 12:17:17 - [TEST_STEP][PASSED] - setText(findTestObject(path_SaleKB + "input_CC_clientAccountNumber"), "CAN666ab"): Text 'CAN666ab' is set on object 'Object Repository/AdminSuiteBootstrap_Pages/VT_Bootstrap/SaleKeyboard/input_CC_clientAccountNumber'

2023-09-20 12:17:18 - [MESSAGE][PASSED] - Text 'CAN666ab' is set on object 'Object Repository/AdminSuiteBootstrap_Pages/VT_Bootstrap/SaleKeyboard/input_CC_clientAccountNumber'

2023-09-20 12:17:18 - [TEST_STEP][PASSED] - adminSuiteBootstrap.virtualTerminalSetData.saleKeyboard_DataDriven(row, dataFile): adminSuiteBootstrap.virtualTerminalSetData.saleKeyboard_DataDriven is PASSED

2023-09-20 12:17:20 - [MESSAGE][PASSED] - Text 'Can Salevoid' is set on object 'Object Repository/AdminSuiteBootstrap_Pages/VT_Bootstrap/SaleKeyboard/input_cardName'

2023-09-20 12:17:21 - [MESSAGE][PASSED] - All options with value 'RETL' are selected in object 'Object Repository/AdminSuiteBootstrap_Pages/VT_Bootstrap/SaleKeyboard/select_transactionCategory'  using regular expression

2023-09-20 12:17:22 - [MESSAGE][PASSED] - Execute JavaScript 'arguments[0].value ='4012000098765439' ' successfully

2023-09-20 12:17:22 - [MESSAGE][PASSED] - Execute JavaScript 'arguments[0].value ='123' ' successfully

2023-09-20 12:17:23 - [MESSAGE][PASSED] - All options with value '12' are selected in object 'Object Repository/AdminSuiteBootstrap_Pages/VT_Bootstrap/SaleKeyboard/select_MM'  using regular expression

2023-09-20 12:17:24 - [MESSAGE][PASSED] - All options with value '2025' are selected in object 'Object Repository/AdminSuiteBootstrap_Pages/VT_Bootstrap/SaleKeyboard/select_YYYY'  using regular expression

2023-09-20 12:17:25 - [MESSAGE][PASSED] - Text '25415 Elmore drive' is set on object 'Object Repository/AdminSuiteBootstrap_Pages/VT_Bootstrap/SaleKeyboard/input__address'

2023-09-20 12:17:25 - [MESSAGE][PASSED] - Text '' is set on object 'Object Repository/AdminSuiteBootstrap_Pages/VT_Bootstrap/SaleKeyboard/input__address2'

2023-09-20 12:17:26 - [MESSAGE][PASSED] - Text '22201' is set on object 'Object Repository/AdminSuiteBootstrap_Pages/VT_Bootstrap/SaleKeyboard/input__zip'

2023-09-20 12:17:27 - [MESSAGE][PASSED] - Text '' is set on object 'Object Repository/AdminSuiteBootstrap_Pages/VT_Bootstrap/SaleKeyboard/input_emailAddress'

2023-09-20 12:17:28 - [MESSAGE][PASSED] - Text '' is set on object 'Object Repository/AdminSuiteBootstrap_Pages/VT_Bootstrap/SaleKeyboard/input_smsNumber'

2023-09-20 12:17:29 - [MESSAGE][PASSED] - Text '14.50' is set on object 'Object Repository/AdminSuiteBootstrap_Pages/VT_Bootstrap/SaleKeyboard/input_amount'

2023-09-20 12:17:30 - [MESSAGE][PASSED] - Text 'Australia' is set on object 'Object Repository/AdminSuiteBootstrap_Pages/VT_Bootstrap/SaleKeyboard/input_userDefined1'

2023-09-20 12:17:31 - [MESSAGE][PASSED] - Text 'Denmark' is set on object 'Object Repository/AdminSuiteBootstrap_Pages/VT_Bootstrap/SaleKeyboard/input_userDefined2'

2023-09-20 12:17:31 - [MESSAGE][PASSED] - Text 'Sweden' is set on object 'Object Repository/AdminSuiteBootstrap_Pages/VT_Bootstrap/SaleKeyboard/input_userDefined3'

2023-09-20 12:17:32 - [MESSAGE][PASSED] - Text 'Austria' is set on object 'Object Repository/AdminSuiteBootstrap_Pages/VT_Bootstrap/SaleKeyboard/input_userDefined4'

2023-09-20 12:17:33 - [MESSAGE][PASSED] - All options with label 'Orange' are selected in object 'Object Repository/AdminSuiteBootstrap_Pages/VT_Bootstrap/SaleKeyboard/select_UDF5_DropDown'  using regular expression

2023-09-20 12:17:34 - [MESSAGE][PASSED] - All options with label 'Yellow' are selected in object 'Object Repository/AdminSuiteBootstrap_Pages/VT_Bootstrap/SaleKeyboard/select_UDF6_DropDown'  using regular expression

2023-09-20 12:17:35 - [MESSAGE][PASSED] - Text 'Norway' is set on object 'Object Repository/AdminSuiteBootstrap_Pages/VT_Bootstrap/SaleKeyboard/input_userDefined7'

2023-09-20 12:17:36 - [MESSAGE][PASSED] - Text 'Netherlands' is set on object 'Object Repository/AdminSuiteBootstrap_Pages/VT_Bootstrap/SaleKeyboard/input_userDefined8'

2023-09-20 12:17:36 - [MESSAGE][PASSED] - Text 'Switzerland' is set on object 'Object Repository/AdminSuiteBootstrap_Pages/VT_Bootstrap/SaleKeyboard/input_userDefined9'

2023-09-20 12:17:37 - [MESSAGE][PASSED] - Text 'France' is set on object 'Object Repository/AdminSuiteBootstrap_Pages/VT_Bootstrap/SaleKeyboard/input_userDefined10'

2023-09-20 12:17:40 - [MESSAGE][PASSED] - Object: 'Object Repository/AdminSuiteBootstrap_Pages/VT_Bootstrap/SaleKeyboard/button_Submit' is clicked on

2023-09-20 12:17:40 - [MESSAGE][PASSED] - adminSuiteBootstrap.virtualTerminalSetData.saleKeyboard_DataDriven is PASSED

2023-09-20 12:17:40 - [TEST_STEP][PASSED] - if (verifyTextPresent("Transaction Successful", true)): null

2023-09-20 12:17:40 - [MESSAGE][PASSED] - Text 'Transaction Successful' is present on page  using regular expression

2023-09-20 12:17:40 - [TEST_STEP][PASSED] - click(findTestObject(path_Receipt + "button_Continue")): Object: 'Object Repository/AdminSuiteBootstrap_Pages/VT_Bootstrap/Receipt/button_Continue' is clicked on

2023-09-20 12:17:41 - [MESSAGE][PASSED] - Object: 'Object Repository/AdminSuiteBootstrap_Pages/VT_Bootstrap/Receipt/button_Continue' is clicked on

2023-09-20 12:17:41 - [TEST_STEP][PASSED] - click(findTestObject(path_VT + "a_Search Transactions")): Object: 'Object Repository/AdminSuiteBootstrap_Pages/VT_Bootstrap/IssueTransactions/a_Search Transactions' is clicked on

2023-09-20 12:17:42 - [MESSAGE][PASSED] - Object: 'Object Repository/AdminSuiteBootstrap_Pages/VT_Bootstrap/IssueTransactions/a_Search Transactions' is clicked on

2023-09-20 12:17:42 - [TEST_STEP][PASSED] - selectOptionByLabel(findTestObject(path_CCSearch + "select_SearchBy"), "Client Account Number", false): All options with label 'Client Account Number' are selected in object 'Object Repository/AdminSuiteBootstrap_Pages/VT_Bootstrap/CCCreditOrVoidSearch/select_SearchBy' 

2023-09-20 12:17:43 - [MESSAGE][PASSED] - All options with label 'Client Account Number' are selected in object 'Object Repository/AdminSuiteBootstrap_Pages/VT_Bootstrap/CCCreditOrVoidSearch/select_SearchBy' 

2023-09-20 12:17:43 - [TEST_STEP][PASSED] - setText(findTestObject(path_CCSearch + "input_Search By_searchValue"), "CAN666ab"): Text 'CAN666ab' is set on object 'Object Repository/AdminSuiteBootstrap_Pages/VT_Bootstrap/CCCreditOrVoidSearch/input_Search By_searchValue'

2023-09-20 12:17:44 - [MESSAGE][PASSED] - Text 'CAN666ab' is set on object 'Object Repository/AdminSuiteBootstrap_Pages/VT_Bootstrap/CCCreditOrVoidSearch/input_Search By_searchValue'

2023-09-20 12:17:44 - [TEST_STEP][PASSED] - click(findTestObject(path_CCSearch + "button_Submit")): Object: 'Object Repository/AdminSuiteBootstrap_Pages/VT_Bootstrap/CCCreditOrVoidSearch/button_Submit' is clicked on

2023-09-20 12:17:44 - [MESSAGE][PASSED] - Object: 'Object Repository/AdminSuiteBootstrap_Pages/VT_Bootstrap/CCCreditOrVoidSearch/button_Submit' is clicked on

2023-09-20 12:17:44 - [TEST_STEP][PASSED] - click(findTestObject(path_SearchResults + "button_PaymentID")): Object: 'Object Repository/AdminSuiteBootstrap_Pages/VT_Bootstrap/SearchResults/button_PaymentID' is clicked on

2023-09-20 12:17:45 - [MESSAGE][PASSED] - Object: 'Object Repository/AdminSuiteBootstrap_Pages/VT_Bootstrap/SearchResults/button_PaymentID' is clicked on

2023-09-20 12:17:45 - [TEST_STEP][PASSED] - verifyTextPresent("Tender Type", true): Text 'Tender Type' is present on page  using regular expression

2023-09-20 12:17:46 - [MESSAGE][PASSED] - Text 'Tender Type' is present on page  using regular expression

2023-09-20 12:17:46 - [TEST_STEP][PASSED] - verifyTextPresent("Credit Card", true): Text 'Credit Card' is present on page  using regular expression

2023-09-20 12:17:46 - [MESSAGE][PASSED] - Text 'Credit Card' is present on page  using regular expression

2023-09-20 12:17:46 - [TEST_STEP][PASSED] - verifyTextPresent("Transaction Type", true): Text 'Transaction Type' is present on page  using regular expression

2023-09-20 12:17:47 - [MESSAGE][PASSED] - Text 'Transaction Type' is present on page  using regular expression

2023-09-20 12:17:47 - [TEST_STEP][PASSED] - verifyTextPresent("Authorization and Capture", true): Text 'Authorization and Capture' is present on page  using regular expression

2023-09-20 12:17:47 - [MESSAGE][PASSED] - Text 'Authorization and Capture' is present on page  using regular expression

2023-09-20 12:17:47 - [TEST_STEP][PASSED] - verifyTextPresent("Transaction Posted by", true): Text 'Transaction Posted by' is present on page  using regular expression

2023-09-20 12:17:47 - [MESSAGE][PASSED] - Text 'Transaction Posted by' is present on page  using regular expression

2023-09-20 12:17:47 - [TEST_STEP][PASSED] - verifyTextPresent("iahmed", true): Text 'iahmed' is present on page  using regular expression

2023-09-20 12:17:48 - [MESSAGE][PASSED] - Text 'iahmed' is present on page  using regular expression

2023-09-20 12:17:48 - [TEST_STEP][PASSED] - click(findTestObject(path_TranxDetails + "a_Void this transaction")): Object: 'Object Repository/AdminSuiteBootstrap_Pages/VT_Bootstrap/TransactionDetails/a_Void this transaction' is clicked on

2023-09-20 12:17:48 - [MESSAGE][PASSED] - Object: 'Object Repository/AdminSuiteBootstrap_Pages/VT_Bootstrap/TransactionDetails/a_Void this transaction' is clicked on

2023-09-20 12:17:48 - [TEST_STEP][PASSED] - verifyTextPresent("The following transaction will be voided", true): Text 'The following transaction will be voided' is present on page  using regular expression

2023-09-20 12:17:49 - [MESSAGE][PASSED] - Text 'The following transaction will be voided' is present on page  using regular expression

2023-09-20 12:17:49 - [TEST_STEP][PASSED] - verifyTextPresent("Please press submit to continue", true): Text 'Please press submit to continue' is present on page  using regular expression

2023-09-20 12:17:49 - [MESSAGE][PASSED] - Text 'Please press submit to continue' is present on page  using regular expression

2023-09-20 12:17:49 - [TEST_STEP][PASSED] - click(findTestObject(path_TranxDetails + "button_Submit")): Object: 'Object Repository/AdminSuiteBootstrap_Pages/VT_Bootstrap/TransactionDetails/button_Submit' is clicked on

2023-09-20 12:17:51 - [MESSAGE][PASSED] - Object: 'Object Repository/AdminSuiteBootstrap_Pages/VT_Bootstrap/TransactionDetails/button_Submit' is clicked on

2023-09-20 12:17:51 - [TEST_STEP][PASSED] - verifyTextPresent("Transaction Successful", true): Text 'Transaction Successful' is present on page  using regular expression

2023-09-20 12:17:51 - [MESSAGE][PASSED] - Text 'Transaction Successful' is present on page  using regular expression

2023-09-20 12:17:51 - [TEST_STEP][PASSED] - verifyTextPresent("Transaction Type", true): Text 'Transaction Type' is present on page  using regular expression

2023-09-20 12:17:52 - [MESSAGE][PASSED] - Text 'Transaction Type' is present on page  using regular expression

2023-09-20 12:17:52 - [TEST_STEP][PASSED] - verifyTextPresent("Void", true): Text 'Void' is present on page  using regular expression

2023-09-20 12:17:52 - [MESSAGE][PASSED] - Text 'Void' is present on page  using regular expression

2023-09-20 12:17:52 - [TEST_STEP][PASSED] - closeBrowser(): Browser is closed

2023-09-20 12:17:53 - [MESSAGE][PASSED] - Browser is closed

2023-09-20 12:17:53 - [TEST_STEP][PASSED] - ExecuteTC = findTestData(dataFile).getValue("Execute", row): null

2023-09-20 12:17:53 - [TEST_STEP][PASSED] - out.println("Value of Execute is : " + ExecuteTC): null

2023-09-20 12:17:53 - [TEST_STEP][PASSED] - switch (executionProfile): null

2023-09-20 12:17:53 - [TEST_STEP][PASSED] - case "QA2Profile":: null

2023-09-20 12:17:53 - [TEST_STEP][PASSED] - appName = findTestData(dataFile).getValue("AppName", row): null

2023-09-20 12:17:53 - [TEST_STEP][PASSED] - appID = findTestData(dataFile).getValue("AppID", row): null

2023-09-20 12:17:53 - [TEST_STEP][PASSED] - break: null

2023-09-20 12:17:53 - [TEST_STEP][PASSED] - hrefAppID = li_1 + appID + li_2: null

2023-09-20 12:17:53 - [TEST_STEP][PASSED] - hrefApp = li_1 + appID + "/": null

2023-09-20 12:17:53 - [TEST_STEP][PASSED] - println("hrefApp : " + hrefApp): null

2023-09-20 12:17:53 - [TEST_STEP][PASSED] - if (ExecuteTC.equalsIgnoreCase("Y")): null

2023-09-20 12:17:53 - [TEST_STEP][PASSED] - out.println("Begin Record Number: " + row): null

2023-09-20 12:17:53 - [TEST_STEP][PASSED] - today = new java.util.Date(): null

2023-09-20 12:17:53 - [TEST_STEP][PASSED] - println(today): null

2023-09-20 12:17:53 - [TEST_STEP][PASSED] - datText = today: null

2023-09-20 12:17:53 - [TEST_STEP][PASSED] - adminSuiteBootstrap.loginFunctionality.login_AdminSuite(): adminSuiteBootstrap.loginFunctionality.login_AdminSuite is PASSED

2023-09-20 12:17:53 - [MESSAGE][INFO] - Starting 'Chrome' driver

2023-09-20 12:17:53 - [MESSAGE][INFO] - User set preference: ['acceptInsecureCerts', 'true']

2023-09-20 12:17:53 - [MESSAGE][INFO] - Action delay is set to 0 milliseconds

2023-09-20 12:17:56 - [MESSAGE][PASSED] - Browser is opened with url: 'https://qa2.velocitypayment.com/admin/imtiaz'

2023-09-20 12:17:56 - [MESSAGE][PASSED] - Current window maximized

2023-09-20 12:17:57 - [MESSAGE][PASSED] - Object 'Object Repository/Login_Page/Login_Username_Okta' is present

2023-09-20 12:17:57 - [MESSAGE][PASSED] - Text 'iahmed' is set on object 'Object Repository/Login_Page/Login_Username_Okta'

2023-09-20 12:17:58 - [MESSAGE][PASSED] - Text 'Hello1111111@' is set on object 'Object Repository/Login_Page/Login_Password_Okta'

2023-09-20 12:17:59 - [MESSAGE][PASSED] - Object: 'Object Repository/Login_Page/Login_Submit_Okta' is clicked on

2023-09-20 12:17:59 - [MESSAGE][PASSED] - adminSuiteBootstrap.loginFunctionality.login_AdminSuite is PASSED

2023-09-20 12:17:59 - [TEST_STEP][PASSED] - click(findTestObject(path_Dashboard + appName)): Object: 'Object Repository/AdminSuiteBootstrap_Pages/Dashboard_Bootstrap/a_Access Prod 1182 App' is clicked on

2023-09-20 12:18:06 - [MESSAGE][PASSED] - Object: 'Object Repository/AdminSuiteBootstrap_Pages/Dashboard_Bootstrap/a_Access Prod 1182 App' is clicked on

2023-09-20 12:18:06 - [TEST_STEP][PASSED] - click(findTestObject(path_VT + "button_Authorization  Capture (Sale)")): Object: 'Object Repository/AdminSuiteBootstrap_Pages/VT_Bootstrap/IssueTransactions/button_Authorization  Capture (Sale)' is clicked on

2023-09-20 12:18:07 - [MESSAGE][PASSED] - Object: 'Object Repository/AdminSuiteBootstrap_Pages/VT_Bootstrap/IssueTransactions/button_Authorization  Capture (Sale)' is clicked on

2023-09-20 12:18:07 - [TEST_STEP][PASSED] - saleKeyboardEntryLink = modifyObjectProperty(findTestObject(path_VT + "a_KeyboardEntry_Sale"), "href", "equals", hrefAppID, true): Modify property of object successfully

2023-09-20 12:18:07 - [MESSAGE][PASSED] - Modify property of object successfully

2023-09-20 12:18:07 - [TEST_STEP][PASSED] - click(saleKeyboardEntryLink): Object: 'Object Repository/AdminSuiteBootstrap_Pages/VT_Bootstrap/IssueTransactions/a_KeyboardEntry_Sale' is clicked on

2023-09-20 12:18:08 - [MESSAGE][PASSED] - Object: 'Object Repository/AdminSuiteBootstrap_Pages/VT_Bootstrap/IssueTransactions/a_KeyboardEntry_Sale' is clicked on

2023-09-20 12:18:08 - [TEST_STEP][PASSED] - setText(findTestObject(path_SaleKB + "input_CC_clientAccountNumber"), "CAN666ab"): Text 'CAN666ab' is set on object 'Object Repository/AdminSuiteBootstrap_Pages/VT_Bootstrap/SaleKeyboard/input_CC_clientAccountNumber'

2023-09-20 12:18:09 - [MESSAGE][PASSED] - Text 'CAN666ab' is set on object 'Object Repository/AdminSuiteBootstrap_Pages/VT_Bootstrap/SaleKeyboard/input_CC_clientAccountNumber'

2023-09-20 12:18:09 - [TEST_STEP][PASSED] - adminSuiteBootstrap.virtualTerminalSetData.saleKeyboard_DataDriven(row, dataFile): adminSuiteBootstrap.virtualTerminalSetData.saleKeyboard_DataDriven is PASSED

2023-09-20 12:18:10 - [MESSAGE][PASSED] - Text 'Can Salevoid' is set on object 'Object Repository/AdminSuiteBootstrap_Pages/VT_Bootstrap/SaleKeyboard/input_cardName'

2023-09-20 12:18:11 - [MESSAGE][PASSED] - All options with value 'MOTO' are selected in object 'Object Repository/AdminSuiteBootstrap_Pages/VT_Bootstrap/SaleKeyboard/select_transactionCategory'  using regular expression

2023-09-20 12:18:12 - [MESSAGE][PASSED] - Execute JavaScript 'arguments[0].value ='4012000098765439' ' successfully

2023-09-20 12:18:12 - [MESSAGE][PASSED] - Execute JavaScript 'arguments[0].value ='123' ' successfully

2023-09-20 12:18:13 - [MESSAGE][PASSED] - All options with value '12' are selected in object 'Object Repository/AdminSuiteBootstrap_Pages/VT_Bootstrap/SaleKeyboard/select_MM'  using regular expression

2023-09-20 12:18:14 - [MESSAGE][PASSED] - All options with value '2025' are selected in object 'Object Repository/AdminSuiteBootstrap_Pages/VT_Bootstrap/SaleKeyboard/select_YYYY'  using regular expression

2023-09-20 12:18:15 - [MESSAGE][PASSED] - Text '25415 Elmore drive' is set on object 'Object Repository/AdminSuiteBootstrap_Pages/VT_Bootstrap/SaleKeyboard/input__address'

2023-09-20 12:18:16 - [MESSAGE][PASSED] - Text '' is set on object 'Object Repository/AdminSuiteBootstrap_Pages/VT_Bootstrap/SaleKeyboard/input__address2'

2023-09-20 12:18:16 - [MESSAGE][PASSED] - Text '22201' is set on object 'Object Repository/AdminSuiteBootstrap_Pages/VT_Bootstrap/SaleKeyboard/input__zip'

2023-09-20 12:18:17 - [MESSAGE][PASSED] - Text '' is set on object 'Object Repository/AdminSuiteBootstrap_Pages/VT_Bootstrap/SaleKeyboard/input_emailAddress'

2023-09-20 12:18:18 - [MESSAGE][PASSED] - Text '' is set on object 'Object Repository/AdminSuiteBootstrap_Pages/VT_Bootstrap/SaleKeyboard/input_smsNumber'

2023-09-20 12:18:19 - [MESSAGE][PASSED] - Text '14.50' is set on object 'Object Repository/AdminSuiteBootstrap_Pages/VT_Bootstrap/SaleKeyboard/input_amount'

2023-09-20 12:18:20 - [MESSAGE][PASSED] - Text 'Australia' is set on object 'Object Repository/AdminSuiteBootstrap_Pages/VT_Bootstrap/SaleKeyboard/input_userDefined1'

2023-09-20 12:18:21 - [MESSAGE][PASSED] - Text 'Denmark' is set on object 'Object Repository/AdminSuiteBootstrap_Pages/VT_Bootstrap/SaleKeyboard/input_userDefined2'

2023-09-20 12:18:21 - [MESSAGE][PASSED] - Text 'Sweden' is set on object 'Object Repository/AdminSuiteBootstrap_Pages/VT_Bootstrap/SaleKeyboard/input_userDefined3'

2023-09-20 12:18:22 - [MESSAGE][PASSED] - Text 'Austria' is set on object 'Object Repository/AdminSuiteBootstrap_Pages/VT_Bootstrap/SaleKeyboard/input_userDefined4'

2023-09-20 12:18:23 - [MESSAGE][PASSED] - All options with label 'Orange' are selected in object 'Object Repository/AdminSuiteBootstrap_Pages/VT_Bootstrap/SaleKeyboard/select_UDF5_DropDown'  using regular expression

2023-09-20 12:18:24 - [MESSAGE][PASSED] - All options with label 'Yellow' are selected in object 'Object Repository/AdminSuiteBootstrap_Pages/VT_Bootstrap/SaleKeyboard/select_UDF6_DropDown'  using regular expression

2023-09-20 12:18:25 - [MESSAGE][PASSED] - Text 'Norway' is set on object 'Object Repository/AdminSuiteBootstrap_Pages/VT_Bootstrap/SaleKeyboard/input_userDefined7'

2023-09-20 12:18:25 - [MESSAGE][PASSED] - Text 'Netherlands' is set on object 'Object Repository/AdminSuiteBootstrap_Pages/VT_Bootstrap/SaleKeyboard/input_userDefined8'

2023-09-20 12:18:26 - [MESSAGE][PASSED] - Text 'Switzerland' is set on object 'Object Repository/AdminSuiteBootstrap_Pages/VT_Bootstrap/SaleKeyboard/input_userDefined9'

2023-09-20 12:18:27 - [MESSAGE][PASSED] - Text 'France' is set on object 'Object Repository/AdminSuiteBootstrap_Pages/VT_Bootstrap/SaleKeyboard/input_userDefined10'

2023-09-20 12:18:28 - [MESSAGE][PASSED] - Object: 'Object Repository/AdminSuiteBootstrap_Pages/VT_Bootstrap/SaleKeyboard/button_Submit' is clicked on

2023-09-20 12:18:28 - [MESSAGE][PASSED] - adminSuiteBootstrap.virtualTerminalSetData.saleKeyboard_DataDriven is PASSED

2023-09-20 12:18:28 - [TEST_STEP][PASSED] - if (verifyTextPresent("Transaction Successful", true)): null

2023-09-20 12:18:29 - [MESSAGE][PASSED] - Text 'Transaction Successful' is present on page  using regular expression

2023-09-20 12:18:29 - [TEST_STEP][PASSED] - click(findTestObject(path_Receipt + "button_Continue")): Object: 'Object Repository/AdminSuiteBootstrap_Pages/VT_Bootstrap/Receipt/button_Continue' is clicked on

2023-09-20 12:18:29 - [MESSAGE][PASSED] - Object: 'Object Repository/AdminSuiteBootstrap_Pages/VT_Bootstrap/Receipt/button_Continue' is clicked on

2023-09-20 12:18:29 - [TEST_STEP][PASSED] - click(findTestObject(path_VT + "a_Search Transactions")): Object: 'Object Repository/AdminSuiteBootstrap_Pages/VT_Bootstrap/IssueTransactions/a_Search Transactions' is clicked on

2023-09-20 12:18:30 - [MESSAGE][PASSED] - Object: 'Object Repository/AdminSuiteBootstrap_Pages/VT_Bootstrap/IssueTransactions/a_Search Transactions' is clicked on

2023-09-20 12:18:30 - [TEST_STEP][PASSED] - selectOptionByLabel(findTestObject(path_CCSearch + "select_SearchBy"), "Client Account Number", false): All options with label 'Client Account Number' are selected in object 'Object Repository/AdminSuiteBootstrap_Pages/VT_Bootstrap/CCCreditOrVoidSearch/select_SearchBy' 

2023-09-20 12:18:31 - [MESSAGE][PASSED] - All options with label 'Client Account Number' are selected in object 'Object Repository/AdminSuiteBootstrap_Pages/VT_Bootstrap/CCCreditOrVoidSearch/select_SearchBy' 

2023-09-20 12:18:31 - [TEST_STEP][PASSED] - setText(findTestObject(path_CCSearch + "input_Search By_searchValue"), "CAN666ab"): Text 'CAN666ab' is set on object 'Object Repository/AdminSuiteBootstrap_Pages/VT_Bootstrap/CCCreditOrVoidSearch/input_Search By_searchValue'

2023-09-20 12:18:32 - [MESSAGE][PASSED] - Text 'CAN666ab' is set on object 'Object Repository/AdminSuiteBootstrap_Pages/VT_Bootstrap/CCCreditOrVoidSearch/input_Search By_searchValue'

2023-09-20 12:18:32 - [TEST_STEP][PASSED] - click(findTestObject(path_CCSearch + "button_Submit")): Object: 'Object Repository/AdminSuiteBootstrap_Pages/VT_Bootstrap/CCCreditOrVoidSearch/button_Submit' is clicked on

2023-09-20 12:18:32 - [MESSAGE][PASSED] - Object: 'Object Repository/AdminSuiteBootstrap_Pages/VT_Bootstrap/CCCreditOrVoidSearch/button_Submit' is clicked on

2023-09-20 12:18:32 - [TEST_STEP][PASSED] - click(findTestObject(path_SearchResults + "button_PaymentID")): Object: 'Object Repository/AdminSuiteBootstrap_Pages/VT_Bootstrap/SearchResults/button_PaymentID' is clicked on

2023-09-20 12:18:33 - [MESSAGE][PASSED] - Object: 'Object Repository/AdminSuiteBootstrap_Pages/VT_Bootstrap/SearchResults/button_PaymentID' is clicked on

2023-09-20 12:18:33 - [TEST_STEP][PASSED] - verifyTextPresent("Tender Type", true): Text 'Tender Type' is present on page  using regular expression

2023-09-20 12:18:34 - [MESSAGE][PASSED] - Text 'Tender Type' is present on page  using regular expression

2023-09-20 12:18:34 - [TEST_STEP][PASSED] - verifyTextPresent("Credit Card", true): Text 'Credit Card' is present on page  using regular expression

2023-09-20 12:18:34 - [MESSAGE][PASSED] - Text 'Credit Card' is present on page  using regular expression

2023-09-20 12:18:34 - [TEST_STEP][PASSED] - verifyTextPresent("Transaction Type", true): Text 'Transaction Type' is present on page  using regular expression

2023-09-20 12:18:35 - [MESSAGE][PASSED] - Text 'Transaction Type' is present on page  using regular expression

2023-09-20 12:18:35 - [TEST_STEP][PASSED] - verifyTextPresent("Authorization and Capture", true): Text 'Authorization and Capture' is present on page  using regular expression

2023-09-20 12:18:35 - [MESSAGE][PASSED] - Text 'Authorization and Capture' is present on page  using regular expression

2023-09-20 12:18:35 - [TEST_STEP][PASSED] - verifyTextPresent("Transaction Posted by", true): Text 'Transaction Posted by' is present on page  using regular expression

2023-09-20 12:18:35 - [MESSAGE][PASSED] - Text 'Transaction Posted by' is present on page  using regular expression

2023-09-20 12:18:35 - [TEST_STEP][PASSED] - verifyTextPresent("iahmed", true): Text 'iahmed' is present on page  using regular expression

2023-09-20 12:18:36 - [MESSAGE][PASSED] - Text 'iahmed' is present on page  using regular expression

2023-09-20 12:18:36 - [TEST_STEP][PASSED] - click(findTestObject(path_TranxDetails + "a_Void this transaction")): Object: 'Object Repository/AdminSuiteBootstrap_Pages/VT_Bootstrap/TransactionDetails/a_Void this transaction' is clicked on

2023-09-20 12:18:36 - [MESSAGE][PASSED] - Object: 'Object Repository/AdminSuiteBootstrap_Pages/VT_Bootstrap/TransactionDetails/a_Void this transaction' is clicked on

2023-09-20 12:18:36 - [TEST_STEP][PASSED] - verifyTextPresent("The following transaction will be voided", true): Text 'The following transaction will be voided' is present on page  using regular expression

2023-09-20 12:18:37 - [MESSAGE][PASSED] - Text 'The following transaction will be voided' is present on page  using regular expression

2023-09-20 12:18:37 - [TEST_STEP][PASSED] - verifyTextPresent("Please press submit to continue", true): Text 'Please press submit to continue' is present on page  using regular expression

2023-09-20 12:18:37 - [MESSAGE][PASSED] - Text 'Please press submit to continue' is present on page  using regular expression

2023-09-20 12:18:37 - [TEST_STEP][PASSED] - click(findTestObject(path_TranxDetails + "button_Submit")): Object: 'Object Repository/AdminSuiteBootstrap_Pages/VT_Bootstrap/TransactionDetails/button_Submit' is clicked on

2023-09-20 12:18:39 - [MESSAGE][PASSED] - Object: 'Object Repository/AdminSuiteBootstrap_Pages/VT_Bootstrap/TransactionDetails/button_Submit' is clicked on

2023-09-20 12:18:39 - [TEST_STEP][PASSED] - verifyTextPresent("Transaction Successful", true): Text 'Transaction Successful' is present on page  using regular expression

2023-09-20 12:18:39 - [MESSAGE][PASSED] - Text 'Transaction Successful' is present on page  using regular expression

2023-09-20 12:18:39 - [TEST_STEP][PASSED] - verifyTextPresent("Transaction Type", true): Text 'Transaction Type' is present on page  using regular expression

2023-09-20 12:18:40 - [MESSAGE][PASSED] - Text 'Transaction Type' is present on page  using regular expression

2023-09-20 12:18:40 - [TEST_STEP][PASSED] - verifyTextPresent("Void", true): Text 'Void' is present on page  using regular expression

2023-09-20 12:18:40 - [MESSAGE][PASSED] - Text 'Void' is present on page  using regular expression

2023-09-20 12:18:40 - [TEST_STEP][PASSED] - closeBrowser(): Browser is closed

2023-09-20 12:18:41 - [MESSAGE][PASSED] - Browser is closed]]></system-out>
         <system-err><![CDATA[]]></system-err>
      </testcase>
      <system-out><![CDATA[2023-09-20 11:48:52 - [TEST_SUITE][PASSED] - AdminSuiteBootstrap_Payments_TestSuite: Test Cases/Admin Suite Bootstrap/VT_TestCases/Sale_CAN_SearchVoid_Payment_TC]]></system-out>
      <system-err><![CDATA[]]></system-err>
   </testsuite>
</testsuites>
