<?xml version="1.0" encoding="UTF-8"?>
<testsuites name="QA_Smoke_Test" time="88.005" tests="1" failures="0" errors="0">
   <testsuite name="QA_Smoke_Test" tests="1" failures="0" errors="0" time="88.005" skipped="0" timestamp="2022-10-03 22:14:58" hostname="imtiaz - DESKTOP-B2QI6NS.govolution.com" id="Test Suites/QA/VLink/QA_Smoke_Test">
      <properties>
         <property name="deviceName" value=""/>
         <property name="devicePlatform" value=""/>
         <property name="logFolder" value="E:\\Cloned-Project-Katalon\\VPS-Katalon\\Reports\\20221003_221454\\QA\\VLink\\QA_Smoke_Test\\20221003_221454"/>
         <property name="logFiles" value="E:\\Cloned-Project-Katalon\\VPS-Katalon\\Reports\\20221003_221454\\QA\\VLink\\QA_Smoke_Test\\20221003_221454\\execution0.log"/>
         <property name="attachments" value=""/>
         <property name="hostName" value="imtiaz - DESKTOP-B2QI6NS.govolution.com"/>
         <property name="os" value="Windows 10 64bit"/>
         <property name="katalonVersion" value="8.2.5.208"/>
         <property name="browser" value="Chrome 105.0.0.0"/>
         <property name="hostAddress" value="172.31.253.54"/>
         <property name="sessionId" value="f380320828e1c2b07179daccb1b7e5fa"/>
         <property name="seleniumVersion" value="3.141.59"/>
         <property name="proxyInformation" value="ProxyInformation { proxyOption=NO_PROXY, proxyServerType=HTTP, username=, password=********, proxyServerAddress=, proxyServerPort=0, executionList=&quot;&quot;, isApplyToDesiredCapabilities=true }"/>
         <property name="platform" value="Windows 10"/>
      </properties>
      <testcase name="Test Cases/RecAndPlayBk/VLink/AuthOnly" time="87.478" classname="Test Cases/RecAndPlayBk/VLink/AuthOnly" status="PASSED">
         <system-out><![CDATA[2022-10-03 22:14:59 - [TEST_CASE][PASSED] - Test Cases/RecAndPlayBk/VLink/AuthOnly: Test Cases/RecAndPlayBk/VLink/AuthOnly

2022-10-03 22:14:59 - [TEST_STEP][PASSED] - executionProfile = getExecutionProfile(): null

2022-10-03 22:14:59 - [TEST_STEP][PASSED] - out.println("executionProfile : " + executionProfile): null

2022-10-03 22:14:59 - [TEST_STEP][PASSED] - appName = <not implemented yet for class: org.codehaus.groovy.ast.expr.EmptyExpression>: null

2022-10-03 22:14:59 - [TEST_STEP][PASSED] - appID = <not implemented yet for class: org.codehaus.groovy.ast.expr.EmptyExpression>: null

2022-10-03 22:14:59 - [TEST_STEP][PASSED] - username = <not implemented yet for class: org.codehaus.groovy.ast.expr.EmptyExpression>: null

2022-10-03 22:14:59 - [TEST_STEP][PASSED] - password = <not implemented yet for class: org.codehaus.groovy.ast.expr.EmptyExpression>: null

2022-10-03 22:14:59 - [TEST_STEP][PASSED] - cardNameV = <not implemented yet for class: org.codehaus.groovy.ast.expr.EmptyExpression>: null

2022-10-03 22:14:59 - [TEST_STEP][PASSED] - al1V = <not implemented yet for class: org.codehaus.groovy.ast.expr.EmptyExpression>: null

2022-10-03 22:14:59 - [TEST_STEP][PASSED] - al2V = <not implemented yet for class: org.codehaus.groovy.ast.expr.EmptyExpression>: null

2022-10-03 22:14:59 - [TEST_STEP][PASSED] - zipV = <not implemented yet for class: org.codehaus.groovy.ast.expr.EmptyExpression>: null

2022-10-03 22:14:59 - [TEST_STEP][PASSED] - cardTypeV = <not implemented yet for class: org.codehaus.groovy.ast.expr.EmptyExpression>: null

2022-10-03 22:14:59 - [TEST_STEP][PASSED] - last4V = <not implemented yet for class: org.codehaus.groovy.ast.expr.EmptyExpression>: null

2022-10-03 22:14:59 - [TEST_STEP][PASSED] - resText = "Fail": null

2022-10-03 22:14:59 - [TEST_STEP][PASSED] - resColumn = "Result": null

2022-10-03 22:14:59 - [TEST_STEP][PASSED] - datCloumn = "Date": null

2022-10-03 22:14:59 - [TEST_STEP][PASSED] - fileLoc = "KatalonData/VLinkSmokeData.xlsx": null

2022-10-03 22:14:59 - [TEST_STEP][PASSED] - numOfRows = <not implemented yet for class: org.codehaus.groovy.ast.expr.EmptyExpression>: null

2022-10-03 22:14:59 - [TEST_STEP][PASSED] - dataFile = <not implemented yet for class: org.codehaus.groovy.ast.expr.EmptyExpression>: null

2022-10-03 22:14:59 - [TEST_STEP][PASSED] - nameSheet = <not implemented yet for class: org.codehaus.groovy.ast.expr.EmptyExpression>: null

2022-10-03 22:14:59 - [TEST_STEP][PASSED] - nameSheet = "Auth": null

2022-10-03 22:14:59 - [TEST_STEP][PASSED] - numOfRows = findTestData("QA/VLinkTestData/VLinkSmokeData").getRowNumbers(): null

2022-10-03 22:15:00 - [TEST_STEP][PASSED] - println("Number of Records: " + numOfRows): null

2022-10-03 22:15:00 - [TEST_STEP][PASSED] - dataFile = "QA/VLinkTestData/VLinkSmokeData": null

2022-10-03 22:15:00 - [TEST_STEP][PASSED] - for ([row = 1, row <= numOfRows, (row++)]): null

2022-10-03 22:15:00 - [TEST_STEP][PASSED] - ExecuteTC = findTestData(dataFile).getValue("Execute", row): null

2022-10-03 22:15:00 - [TEST_STEP][PASSED] - out.println("Value of Execute is : " + ExecuteTC): null

2022-10-03 22:15:00 - [TEST_STEP][PASSED] - switch (executionProfile): null

2022-10-03 22:15:00 - [TEST_STEP][PASSED] - case "QAProfile":: null

2022-10-03 22:15:00 - [TEST_STEP][PASSED] - appID = findTestData(dataFile).getValue("AppIDQA", row): null

2022-10-03 22:15:00 - [TEST_STEP][PASSED] - username = findTestData(dataFile).getValue("UsernameQA", row): null

2022-10-03 22:15:00 - [TEST_STEP][PASSED] - password = findTestData(dataFile).getValue("PasswordQA", row): null

2022-10-03 22:15:00 - [TEST_STEP][PASSED] - break: null

2022-10-03 22:15:00 - [TEST_STEP][PASSED] - if (ExecuteTC.equalsIgnoreCase("Y")): null

2022-10-03 22:15:00 - [TEST_STEP][PASSED] - out.println("Begin Record Number: " + row): null

2022-10-03 22:15:00 - [TEST_STEP][PASSED] - today = new java.util.Date(): null

2022-10-03 22:15:00 - [TEST_STEP][PASSED] - println(today): null

2022-10-03 22:15:00 - [TEST_STEP][PASSED] - datText = today: null

2022-10-03 22:15:00 - [TEST_STEP][PASSED] - category = findTestData(dataFile).getValue("Category", row): null

2022-10-03 22:15:00 - [TEST_STEP][PASSED] - amount = findTestData(dataFile).getValue("Amount", row): null

2022-10-03 22:15:01 - [TEST_STEP][PASSED] - cardNumber = findTestData(dataFile).getValue("CardNumber", row): null

2022-10-03 22:15:01 - [TEST_STEP][PASSED] - exM = findTestData(dataFile).getValue("ExM", row): null

2022-10-03 22:15:01 - [TEST_STEP][PASSED] - exY = findTestData(dataFile).getValue("ExY", row): null

2022-10-03 22:15:01 - [TEST_STEP][PASSED] - openBrowser(VLinkURL + "auth.html"): Browser is opened with url: 'https://dev-algorithm.govolution.com/vlinktest/QA/version_2_0/auth.html'

2022-10-03 22:15:01 - [MESSAGE][INFO] - Starting 'Chrome' driver

2022-10-03 22:15:01 - [MESSAGE][INFO] - User set preference: ['acceptInsecureCerts', 'true']

2022-10-03 22:15:01 - [MESSAGE][INFO] - Action delay is set to 0 milliseconds

2022-10-03 22:15:04 - [MESSAGE][PASSED] - Browser is opened with url: 'https://dev-algorithm.govolution.com/vlinktest/QA/version_2_0/auth.html'

2022-10-03 22:15:04 - [TEST_STEP][PASSED] - maximizeWindow(): Current window maximized

2022-10-03 22:15:05 - [MESSAGE][PASSED] - Current window maximized

2022-10-03 22:15:05 - [TEST_STEP][PASSED] - maximizeWindow(): Current window maximized

2022-10-03 22:15:05 - [MESSAGE][PASSED] - Current window maximized

2022-10-03 22:15:05 - [TEST_STEP][PASSED] - genRemID = RandomStringUtils.random(12, true, true): null

2022-10-03 22:15:05 - [TEST_STEP][PASSED] - setText(findTestObject("Object Repository/VLink/Page_CCSale/txt_RemID"), genRemID): Text 'yiZswJxpWhXi' is set on object 'Object Repository/VLink/Page_CCSale/txt_RemID'

2022-10-03 22:15:05 - [MESSAGE][PASSED] - Text 'yiZswJxpWhXi' is set on object 'Object Repository/VLink/Page_CCSale/txt_RemID'

2022-10-03 22:15:05 - [TEST_STEP][PASSED] - setText(findTestObject("Object Repository/RecAndPlayBk/Page-Vlink-AuthOnly/input_Remittance Id_remittance_id"), genRemID): Text 'yiZswJxpWhXi' is set on object 'Object Repository/RecAndPlayBk/Page-Vlink-AuthOnly/input_Remittance Id_remittance_id'

2022-10-03 22:15:06 - [MESSAGE][PASSED] - Text 'yiZswJxpWhXi' is set on object 'Object Repository/RecAndPlayBk/Page-Vlink-AuthOnly/input_Remittance Id_remittance_id'

2022-10-03 22:15:06 - [TEST_STEP][PASSED] - setText(findTestObject("Object Repository/RecAndPlayBk/Page-Vlink-AuthOnly/input_Application Id_application_id"), appID): Text '234' is set on object 'Object Repository/RecAndPlayBk/Page-Vlink-AuthOnly/input_Application Id_application_id'

2022-10-03 22:15:07 - [MESSAGE][PASSED] - Text '234' is set on object 'Object Repository/RecAndPlayBk/Page-Vlink-AuthOnly/input_Application Id_application_id'

2022-10-03 22:15:07 - [TEST_STEP][PASSED] - setText(findTestObject("Object Repository/RecAndPlayBk/Page-Vlink-AuthOnly/input_Username_username"), username): Text 'username' is set on object 'Object Repository/RecAndPlayBk/Page-Vlink-AuthOnly/input_Username_username'

2022-10-03 22:15:07 - [MESSAGE][PASSED] - Text 'username' is set on object 'Object Repository/RecAndPlayBk/Page-Vlink-AuthOnly/input_Username_username'

2022-10-03 22:15:07 - [TEST_STEP][PASSED] - setText(findTestObject("Object Repository/RecAndPlayBk/Page-Vlink-AuthOnly/input_Password_password"), password): Text 'password' is set on object 'Object Repository/RecAndPlayBk/Page-Vlink-AuthOnly/input_Password_password'

2022-10-03 22:15:08 - [MESSAGE][PASSED] - Text 'password' is set on object 'Object Repository/RecAndPlayBk/Page-Vlink-AuthOnly/input_Password_password'

2022-10-03 22:15:08 - [TEST_STEP][PASSED] - setText(findTestObject("Object Repository/RecAndPlayBk/Page-Vlink-AuthOnly/input_Category_category"), category): Text 'ECOM' is set on object 'Object Repository/RecAndPlayBk/Page-Vlink-AuthOnly/input_Category_category'

2022-10-03 22:15:09 - [MESSAGE][PASSED] - Text 'ECOM' is set on object 'Object Repository/RecAndPlayBk/Page-Vlink-AuthOnly/input_Category_category'

2022-10-03 22:15:09 - [TEST_STEP][PASSED] - setText(findTestObject("Object Repository/RecAndPlayBk/Page-Vlink-AuthOnly/input_Amount_amount"), amount): Text '10.5' is set on object 'Object Repository/RecAndPlayBk/Page-Vlink-AuthOnly/input_Amount_amount'

2022-10-03 22:15:09 - [MESSAGE][PASSED] - Text '10.5' is set on object 'Object Repository/RecAndPlayBk/Page-Vlink-AuthOnly/input_Amount_amount'

2022-10-03 22:15:09 - [TEST_STEP][PASSED] - doubleClick(findTestObject("Object Repository/RecAndPlayBk/Page-Vlink-AuthOnly/input_Card number_card_number")): Object: 'Object Repository/RecAndPlayBk/Page-Vlink-AuthOnly/input_Card number_card_number' is double clicked on

2022-10-03 22:15:10 - [MESSAGE][PASSED] - Object: 'Object Repository/RecAndPlayBk/Page-Vlink-AuthOnly/input_Card number_card_number' is double clicked on

2022-10-03 22:15:10 - [TEST_STEP][PASSED] - setText(findTestObject("Object Repository/RecAndPlayBk/Page-Vlink-AuthOnly/input_Card number_card_number"), cardNumber): Text '4111111111111111' is set on object 'Object Repository/RecAndPlayBk/Page-Vlink-AuthOnly/input_Card number_card_number'

2022-10-03 22:15:10 - [MESSAGE][PASSED] - Text '4111111111111111' is set on object 'Object Repository/RecAndPlayBk/Page-Vlink-AuthOnly/input_Card number_card_number'

2022-10-03 22:15:10 - [TEST_STEP][PASSED] - setText(findTestObject("Object Repository/RecAndPlayBk/Page-Vlink-AuthOnly/input_Card ex month_card_exmo"), exM): Text '12' is set on object 'Object Repository/RecAndPlayBk/Page-Vlink-AuthOnly/input_Card ex month_card_exmo'

2022-10-03 22:15:11 - [MESSAGE][PASSED] - Text '12' is set on object 'Object Repository/RecAndPlayBk/Page-Vlink-AuthOnly/input_Card ex month_card_exmo'

2022-10-03 22:15:11 - [TEST_STEP][PASSED] - setText(findTestObject("Object Repository/RecAndPlayBk/Page-Vlink-AuthOnly/input_Card ex year_card_exyr"), exY): Text '2029' is set on object 'Object Repository/RecAndPlayBk/Page-Vlink-AuthOnly/input_Card ex year_card_exyr'

2022-10-03 22:15:12 - [MESSAGE][PASSED] - Text '2029' is set on object 'Object Repository/RecAndPlayBk/Page-Vlink-AuthOnly/input_Card ex year_card_exyr'

2022-10-03 22:15:12 - [TEST_STEP][PASSED] - click(findTestObject("Object Repository/RecAndPlayBk/Page-Vlink-AuthOnly/input_Track Data_track_data")): Object: 'Object Repository/RecAndPlayBk/Page-Vlink-AuthOnly/input_Track Data_track_data' is clicked on

2022-10-03 22:15:12 - [MESSAGE][PASSED] - Object: 'Object Repository/RecAndPlayBk/Page-Vlink-AuthOnly/input_Track Data_track_data' is clicked on

2022-10-03 22:15:12 - [TEST_STEP][PASSED] - click(findTestObject("Object Repository/RecAndPlayBk/Page-Vlink-AuthOnly/input_CVV state_cvv_state")): Object: 'Object Repository/RecAndPlayBk/Page-Vlink-AuthOnly/input_CVV state_cvv_state' is clicked on

2022-10-03 22:15:12 - [MESSAGE][PASSED] - Object: 'Object Repository/RecAndPlayBk/Page-Vlink-AuthOnly/input_CVV state_cvv_state' is clicked on

2022-10-03 22:15:12 - [TEST_STEP][PASSED] - setText(findTestObject("Object Repository/RecAndPlayBk/Page-Vlink-AuthOnly/input_Track Data_track_data"), ""): Text '' is set on object 'Object Repository/RecAndPlayBk/Page-Vlink-AuthOnly/input_Track Data_track_data'

2022-10-03 22:15:13 - [MESSAGE][PASSED] - Text '' is set on object 'Object Repository/RecAndPlayBk/Page-Vlink-AuthOnly/input_Track Data_track_data'

2022-10-03 22:15:13 - [TEST_STEP][PASSED] - setText(findTestObject("Object Repository/RecAndPlayBk/Page-Vlink-AuthOnly/input_concat(Cardholder, , s email)_email"), ""): Text '' is set on object 'Object Repository/RecAndPlayBk/Page-Vlink-AuthOnly/input_concat(Cardholder, , s email)_email'

2022-10-03 22:15:14 - [MESSAGE][PASSED] - Text '' is set on object 'Object Repository/RecAndPlayBk/Page-Vlink-AuthOnly/input_concat(Cardholder, , s email)_email'

2022-10-03 22:15:14 - [TEST_STEP][PASSED] - click(findTestObject("Object Repository/RecAndPlayBk/Page-Vlink-AuthOnly/input_user_defined10_user_defined10")): Object: 'Object Repository/RecAndPlayBk/Page-Vlink-AuthOnly/input_user_defined10_user_defined10' is clicked on

2022-10-03 22:15:14 - [MESSAGE][PASSED] - Object: 'Object Repository/RecAndPlayBk/Page-Vlink-AuthOnly/input_user_defined10_user_defined10' is clicked on

2022-10-03 22:15:14 - [TEST_STEP][PASSED] - if (executionProfile.equalsIgnoreCase("QAProfile")): Text '' is set on object 'Object Repository/RecAndPlayBk/Page-Vlink-AuthOnly/input_COF Transaction Initiated by_cof_tran_6cded5'

2022-10-03 22:15:14 - [TEST_STEP][PASSED] - setText(findTestObject("Object Repository/RecAndPlayBk/Page-Vlink-AuthOnly/input_Card on File Indicator_card_on_file_i_157dae"), ""): Text '' is set on object 'Object Repository/RecAndPlayBk/Page-Vlink-AuthOnly/input_Card on File Indicator_card_on_file_i_157dae'

2022-10-03 22:15:15 - [MESSAGE][PASSED] - Text '' is set on object 'Object Repository/RecAndPlayBk/Page-Vlink-AuthOnly/input_Card on File Indicator_card_on_file_i_157dae'

2022-10-03 22:15:15 - [TEST_STEP][PASSED] - setText(findTestObject("Object Repository/RecAndPlayBk/Page-Vlink-AuthOnly/input_Stored Credential Indicator_stored_cr_4ae73c"), ""): Text '' is set on object 'Object Repository/RecAndPlayBk/Page-Vlink-AuthOnly/input_Stored Credential Indicator_stored_cr_4ae73c'

2022-10-03 22:15:15 - [MESSAGE][PASSED] - Text '' is set on object 'Object Repository/RecAndPlayBk/Page-Vlink-AuthOnly/input_Stored Credential Indicator_stored_cr_4ae73c'

2022-10-03 22:15:15 - [TEST_STEP][PASSED] - setText(findTestObject("Object Repository/RecAndPlayBk/Page-Vlink-AuthOnly/input_COF Scheduled indicator_cof_scheduled_8df7d8"), ""): Text '' is set on object 'Object Repository/RecAndPlayBk/Page-Vlink-AuthOnly/input_COF Scheduled indicator_cof_scheduled_8df7d8'

2022-10-03 22:15:16 - [MESSAGE][PASSED] - Text '' is set on object 'Object Repository/RecAndPlayBk/Page-Vlink-AuthOnly/input_COF Scheduled indicator_cof_scheduled_8df7d8'

2022-10-03 22:15:16 - [TEST_STEP][PASSED] - setText(findTestObject("Object Repository/RecAndPlayBk/Page-Vlink-AuthOnly/input_COF Transaction Initiated by_cof_tran_6cded5"), ""): Text '' is set on object 'Object Repository/RecAndPlayBk/Page-Vlink-AuthOnly/input_COF Transaction Initiated by_cof_tran_6cded5'

2022-10-03 22:15:17 - [MESSAGE][PASSED] - Text '' is set on object 'Object Repository/RecAndPlayBk/Page-Vlink-AuthOnly/input_COF Transaction Initiated by_cof_tran_6cded5'

2022-10-03 22:15:17 - [TEST_STEP][PASSED] - click(findTestObject("Object Repository/RecAndPlayBk/Page-Vlink-AuthOnly/input")): Object: 'Object Repository/RecAndPlayBk/Page-Vlink-AuthOnly/input' is clicked on

2022-10-03 22:15:18 - [MESSAGE][PASSED] - Object: 'Object Repository/RecAndPlayBk/Page-Vlink-AuthOnly/input' is clicked on

2022-10-03 22:15:18 - [TEST_STEP][PASSED] - if (verifyTextPresent("Transaction approved, no errors", true)): null

2022-10-03 22:15:18 - [MESSAGE][PASSED] - Text 'Transaction approved, no errors' is present on page  using regular expression

2022-10-03 22:15:18 - [TEST_STEP][PASSED] - println("Transaction Approved, no errors text is present on the Confirmation page"): null

2022-10-03 22:15:18 - [TEST_STEP][PASSED] - out.println("Pass Record Number: " + row): null

2022-10-03 22:15:18 - [TEST_STEP][PASSED] - resText = "Pass": null

2022-10-03 22:15:18 - [TEST_STEP][PASSED] - pages.WriteExcel.demoKey(resText, datText, resColumn, datCloumn, fileLoc, nameSheet, row): pages.WriteExcel.demoKey is PASSED

2022-10-03 22:15:18 - [MESSAGE][PASSED] - pages.WriteExcel.demoKey is PASSED

2022-10-03 22:15:18 - [TEST_STEP][PASSED] - ExecuteTC = findTestData(dataFile).getValue("Execute", row): null

2022-10-03 22:15:19 - [TEST_STEP][PASSED] - out.println("Value of Execute is : " + ExecuteTC): null

2022-10-03 22:15:19 - [TEST_STEP][PASSED] - switch (executionProfile): null

2022-10-03 22:15:19 - [TEST_STEP][PASSED] - case "QAProfile":: null

2022-10-03 22:15:19 - [TEST_STEP][PASSED] - appID = findTestData(dataFile).getValue("AppIDQA", row): null

2022-10-03 22:15:19 - [TEST_STEP][PASSED] - username = findTestData(dataFile).getValue("UsernameQA", row): null

2022-10-03 22:15:19 - [TEST_STEP][PASSED] - password = findTestData(dataFile).getValue("PasswordQA", row): null

2022-10-03 22:15:19 - [TEST_STEP][PASSED] - break: null

2022-10-03 22:15:19 - [TEST_STEP][PASSED] - if (ExecuteTC.equalsIgnoreCase("Y")): null

2022-10-03 22:15:19 - [TEST_STEP][PASSED] - out.println("Begin Record Number: " + row): null

2022-10-03 22:15:19 - [TEST_STEP][PASSED] - today = new java.util.Date(): null

2022-10-03 22:15:19 - [TEST_STEP][PASSED] - println(today): null

2022-10-03 22:15:19 - [TEST_STEP][PASSED] - datText = today: null

2022-10-03 22:15:19 - [TEST_STEP][PASSED] - category = findTestData(dataFile).getValue("Category", row): null

2022-10-03 22:15:19 - [TEST_STEP][PASSED] - amount = findTestData(dataFile).getValue("Amount", row): null

2022-10-03 22:15:19 - [TEST_STEP][PASSED] - cardNumber = findTestData(dataFile).getValue("CardNumber", row): null

2022-10-03 22:15:19 - [TEST_STEP][PASSED] - exM = findTestData(dataFile).getValue("ExM", row): null

2022-10-03 22:15:19 - [TEST_STEP][PASSED] - exY = findTestData(dataFile).getValue("ExY", row): null

2022-10-03 22:15:19 - [TEST_STEP][PASSED] - openBrowser(VLinkURL + "auth.html"): Browser is opened with url: 'https://dev-algorithm.govolution.com/vlinktest/QA/version_2_0/auth.html'

2022-10-03 22:15:19 - [MESSAGE][WARNING] - A browser is already opened. Closing browser and opening a new one

2022-10-03 22:15:20 - [MESSAGE][INFO] - Starting 'Chrome' driver

2022-10-03 22:15:20 - [MESSAGE][INFO] - User set preference: ['acceptInsecureCerts', 'true']

2022-10-03 22:15:20 - [MESSAGE][INFO] - Action delay is set to 0 milliseconds

2022-10-03 22:15:22 - [MESSAGE][PASSED] - Browser is opened with url: 'https://dev-algorithm.govolution.com/vlinktest/QA/version_2_0/auth.html'

2022-10-03 22:15:22 - [TEST_STEP][PASSED] - maximizeWindow(): Current window maximized

2022-10-03 22:15:22 - [MESSAGE][PASSED] - Current window maximized

2022-10-03 22:15:22 - [TEST_STEP][PASSED] - maximizeWindow(): Current window maximized

2022-10-03 22:15:22 - [MESSAGE][PASSED] - Current window maximized

2022-10-03 22:15:22 - [TEST_STEP][PASSED] - genRemID = RandomStringUtils.random(12, true, true): null

2022-10-03 22:15:22 - [TEST_STEP][PASSED] - setText(findTestObject("Object Repository/VLink/Page_CCSale/txt_RemID"), genRemID): Text 'ndRWLiRbMAbH' is set on object 'Object Repository/VLink/Page_CCSale/txt_RemID'

2022-10-03 22:15:23 - [MESSAGE][PASSED] - Text 'ndRWLiRbMAbH' is set on object 'Object Repository/VLink/Page_CCSale/txt_RemID'

2022-10-03 22:15:23 - [TEST_STEP][PASSED] - setText(findTestObject("Object Repository/RecAndPlayBk/Page-Vlink-AuthOnly/input_Remittance Id_remittance_id"), genRemID): Text 'ndRWLiRbMAbH' is set on object 'Object Repository/RecAndPlayBk/Page-Vlink-AuthOnly/input_Remittance Id_remittance_id'

2022-10-03 22:15:24 - [MESSAGE][PASSED] - Text 'ndRWLiRbMAbH' is set on object 'Object Repository/RecAndPlayBk/Page-Vlink-AuthOnly/input_Remittance Id_remittance_id'

2022-10-03 22:15:24 - [TEST_STEP][PASSED] - setText(findTestObject("Object Repository/RecAndPlayBk/Page-Vlink-AuthOnly/input_Application Id_application_id"), appID): Text '234' is set on object 'Object Repository/RecAndPlayBk/Page-Vlink-AuthOnly/input_Application Id_application_id'

2022-10-03 22:15:24 - [MESSAGE][PASSED] - Text '234' is set on object 'Object Repository/RecAndPlayBk/Page-Vlink-AuthOnly/input_Application Id_application_id'

2022-10-03 22:15:24 - [TEST_STEP][PASSED] - setText(findTestObject("Object Repository/RecAndPlayBk/Page-Vlink-AuthOnly/input_Username_username"), username): Text 'username' is set on object 'Object Repository/RecAndPlayBk/Page-Vlink-AuthOnly/input_Username_username'

2022-10-03 22:15:25 - [MESSAGE][PASSED] - Text 'username' is set on object 'Object Repository/RecAndPlayBk/Page-Vlink-AuthOnly/input_Username_username'

2022-10-03 22:15:25 - [TEST_STEP][PASSED] - setText(findTestObject("Object Repository/RecAndPlayBk/Page-Vlink-AuthOnly/input_Password_password"), password): Text 'password' is set on object 'Object Repository/RecAndPlayBk/Page-Vlink-AuthOnly/input_Password_password'

2022-10-03 22:15:25 - [MESSAGE][PASSED] - Text 'password' is set on object 'Object Repository/RecAndPlayBk/Page-Vlink-AuthOnly/input_Password_password'

2022-10-03 22:15:25 - [TEST_STEP][PASSED] - setText(findTestObject("Object Repository/RecAndPlayBk/Page-Vlink-AuthOnly/input_Category_category"), category): Text 'MOTO' is set on object 'Object Repository/RecAndPlayBk/Page-Vlink-AuthOnly/input_Category_category'

2022-10-03 22:15:26 - [MESSAGE][PASSED] - Text 'MOTO' is set on object 'Object Repository/RecAndPlayBk/Page-Vlink-AuthOnly/input_Category_category'

2022-10-03 22:15:26 - [TEST_STEP][PASSED] - setText(findTestObject("Object Repository/RecAndPlayBk/Page-Vlink-AuthOnly/input_Amount_amount"), amount): Text '10.5' is set on object 'Object Repository/RecAndPlayBk/Page-Vlink-AuthOnly/input_Amount_amount'

2022-10-03 22:15:27 - [MESSAGE][PASSED] - Text '10.5' is set on object 'Object Repository/RecAndPlayBk/Page-Vlink-AuthOnly/input_Amount_amount'

2022-10-03 22:15:27 - [TEST_STEP][PASSED] - doubleClick(findTestObject("Object Repository/RecAndPlayBk/Page-Vlink-AuthOnly/input_Card number_card_number")): Object: 'Object Repository/RecAndPlayBk/Page-Vlink-AuthOnly/input_Card number_card_number' is double clicked on

2022-10-03 22:15:27 - [MESSAGE][PASSED] - Object: 'Object Repository/RecAndPlayBk/Page-Vlink-AuthOnly/input_Card number_card_number' is double clicked on

2022-10-03 22:15:27 - [TEST_STEP][PASSED] - setText(findTestObject("Object Repository/RecAndPlayBk/Page-Vlink-AuthOnly/input_Card number_card_number"), cardNumber): Text '5424000000000015' is set on object 'Object Repository/RecAndPlayBk/Page-Vlink-AuthOnly/input_Card number_card_number'

2022-10-03 22:15:28 - [MESSAGE][PASSED] - Text '5424000000000015' is set on object 'Object Repository/RecAndPlayBk/Page-Vlink-AuthOnly/input_Card number_card_number'

2022-10-03 22:15:28 - [TEST_STEP][PASSED] - setText(findTestObject("Object Repository/RecAndPlayBk/Page-Vlink-AuthOnly/input_Card ex month_card_exmo"), exM): Text '12' is set on object 'Object Repository/RecAndPlayBk/Page-Vlink-AuthOnly/input_Card ex month_card_exmo'

2022-10-03 22:15:28 - [MESSAGE][PASSED] - Text '12' is set on object 'Object Repository/RecAndPlayBk/Page-Vlink-AuthOnly/input_Card ex month_card_exmo'

2022-10-03 22:15:28 - [TEST_STEP][PASSED] - setText(findTestObject("Object Repository/RecAndPlayBk/Page-Vlink-AuthOnly/input_Card ex year_card_exyr"), exY): Text '2029' is set on object 'Object Repository/RecAndPlayBk/Page-Vlink-AuthOnly/input_Card ex year_card_exyr'

2022-10-03 22:15:29 - [MESSAGE][PASSED] - Text '2029' is set on object 'Object Repository/RecAndPlayBk/Page-Vlink-AuthOnly/input_Card ex year_card_exyr'

2022-10-03 22:15:29 - [TEST_STEP][PASSED] - click(findTestObject("Object Repository/RecAndPlayBk/Page-Vlink-AuthOnly/input_Track Data_track_data")): Object: 'Object Repository/RecAndPlayBk/Page-Vlink-AuthOnly/input_Track Data_track_data' is clicked on

2022-10-03 22:15:29 - [MESSAGE][PASSED] - Object: 'Object Repository/RecAndPlayBk/Page-Vlink-AuthOnly/input_Track Data_track_data' is clicked on

2022-10-03 22:15:29 - [TEST_STEP][PASSED] - click(findTestObject("Object Repository/RecAndPlayBk/Page-Vlink-AuthOnly/input_CVV state_cvv_state")): Object: 'Object Repository/RecAndPlayBk/Page-Vlink-AuthOnly/input_CVV state_cvv_state' is clicked on

2022-10-03 22:15:30 - [MESSAGE][PASSED] - Object: 'Object Repository/RecAndPlayBk/Page-Vlink-AuthOnly/input_CVV state_cvv_state' is clicked on

2022-10-03 22:15:30 - [TEST_STEP][PASSED] - setText(findTestObject("Object Repository/RecAndPlayBk/Page-Vlink-AuthOnly/input_Track Data_track_data"), ""): Text '' is set on object 'Object Repository/RecAndPlayBk/Page-Vlink-AuthOnly/input_Track Data_track_data'

2022-10-03 22:15:30 - [MESSAGE][PASSED] - Text '' is set on object 'Object Repository/RecAndPlayBk/Page-Vlink-AuthOnly/input_Track Data_track_data'

2022-10-03 22:15:30 - [TEST_STEP][PASSED] - setText(findTestObject("Object Repository/RecAndPlayBk/Page-Vlink-AuthOnly/input_concat(Cardholder, , s email)_email"), ""): Text '' is set on object 'Object Repository/RecAndPlayBk/Page-Vlink-AuthOnly/input_concat(Cardholder, , s email)_email'

2022-10-03 22:15:31 - [MESSAGE][PASSED] - Text '' is set on object 'Object Repository/RecAndPlayBk/Page-Vlink-AuthOnly/input_concat(Cardholder, , s email)_email'

2022-10-03 22:15:31 - [TEST_STEP][PASSED] - click(findTestObject("Object Repository/RecAndPlayBk/Page-Vlink-AuthOnly/input_user_defined10_user_defined10")): Object: 'Object Repository/RecAndPlayBk/Page-Vlink-AuthOnly/input_user_defined10_user_defined10' is clicked on

2022-10-03 22:15:31 - [MESSAGE][PASSED] - Object: 'Object Repository/RecAndPlayBk/Page-Vlink-AuthOnly/input_user_defined10_user_defined10' is clicked on

2022-10-03 22:15:31 - [TEST_STEP][PASSED] - if (executionProfile.equalsIgnoreCase("QAProfile")): Text '' is set on object 'Object Repository/RecAndPlayBk/Page-Vlink-AuthOnly/input_COF Transaction Initiated by_cof_tran_6cded5'

2022-10-03 22:15:31 - [TEST_STEP][PASSED] - setText(findTestObject("Object Repository/RecAndPlayBk/Page-Vlink-AuthOnly/input_Card on File Indicator_card_on_file_i_157dae"), ""): Text '' is set on object 'Object Repository/RecAndPlayBk/Page-Vlink-AuthOnly/input_Card on File Indicator_card_on_file_i_157dae'

2022-10-03 22:15:32 - [MESSAGE][PASSED] - Text '' is set on object 'Object Repository/RecAndPlayBk/Page-Vlink-AuthOnly/input_Card on File Indicator_card_on_file_i_157dae'

2022-10-03 22:15:32 - [TEST_STEP][PASSED] - setText(findTestObject("Object Repository/RecAndPlayBk/Page-Vlink-AuthOnly/input_Stored Credential Indicator_stored_cr_4ae73c"), ""): Text '' is set on object 'Object Repository/RecAndPlayBk/Page-Vlink-AuthOnly/input_Stored Credential Indicator_stored_cr_4ae73c'

2022-10-03 22:15:33 - [MESSAGE][PASSED] - Text '' is set on object 'Object Repository/RecAndPlayBk/Page-Vlink-AuthOnly/input_Stored Credential Indicator_stored_cr_4ae73c'

2022-10-03 22:15:33 - [TEST_STEP][PASSED] - setText(findTestObject("Object Repository/RecAndPlayBk/Page-Vlink-AuthOnly/input_COF Scheduled indicator_cof_scheduled_8df7d8"), ""): Text '' is set on object 'Object Repository/RecAndPlayBk/Page-Vlink-AuthOnly/input_COF Scheduled indicator_cof_scheduled_8df7d8'

2022-10-03 22:15:33 - [MESSAGE][PASSED] - Text '' is set on object 'Object Repository/RecAndPlayBk/Page-Vlink-AuthOnly/input_COF Scheduled indicator_cof_scheduled_8df7d8'

2022-10-03 22:15:33 - [TEST_STEP][PASSED] - setText(findTestObject("Object Repository/RecAndPlayBk/Page-Vlink-AuthOnly/input_COF Transaction Initiated by_cof_tran_6cded5"), ""): Text '' is set on object 'Object Repository/RecAndPlayBk/Page-Vlink-AuthOnly/input_COF Transaction Initiated by_cof_tran_6cded5'

2022-10-03 22:15:34 - [MESSAGE][PASSED] - Text '' is set on object 'Object Repository/RecAndPlayBk/Page-Vlink-AuthOnly/input_COF Transaction Initiated by_cof_tran_6cded5'

2022-10-03 22:15:34 - [TEST_STEP][PASSED] - click(findTestObject("Object Repository/RecAndPlayBk/Page-Vlink-AuthOnly/input")): Object: 'Object Repository/RecAndPlayBk/Page-Vlink-AuthOnly/input' is clicked on

2022-10-03 22:15:35 - [MESSAGE][PASSED] - Object: 'Object Repository/RecAndPlayBk/Page-Vlink-AuthOnly/input' is clicked on

2022-10-03 22:15:35 - [TEST_STEP][PASSED] - if (verifyTextPresent("Transaction approved, no errors", true)): null

2022-10-03 22:15:35 - [MESSAGE][PASSED] - Text 'Transaction approved, no errors' is present on page  using regular expression

2022-10-03 22:15:35 - [TEST_STEP][PASSED] - println("Transaction Approved, no errors text is present on the Confirmation page"): null

2022-10-03 22:15:35 - [TEST_STEP][PASSED] - out.println("Pass Record Number: " + row): null

2022-10-03 22:15:35 - [TEST_STEP][PASSED] - resText = "Pass": null

2022-10-03 22:15:35 - [TEST_STEP][PASSED] - pages.WriteExcel.demoKey(resText, datText, resColumn, datCloumn, fileLoc, nameSheet, row): pages.WriteExcel.demoKey is PASSED

2022-10-03 22:15:35 - [MESSAGE][PASSED] - pages.WriteExcel.demoKey is PASSED

2022-10-03 22:15:35 - [TEST_STEP][PASSED] - ExecuteTC = findTestData(dataFile).getValue("Execute", row): null

2022-10-03 22:15:35 - [TEST_STEP][PASSED] - out.println("Value of Execute is : " + ExecuteTC): null

2022-10-03 22:15:35 - [TEST_STEP][PASSED] - switch (executionProfile): null

2022-10-03 22:15:35 - [TEST_STEP][PASSED] - case "QAProfile":: null

2022-10-03 22:15:35 - [TEST_STEP][PASSED] - appID = findTestData(dataFile).getValue("AppIDQA", row): null

2022-10-03 22:15:36 - [TEST_STEP][PASSED] - username = findTestData(dataFile).getValue("UsernameQA", row): null

2022-10-03 22:15:36 - [TEST_STEP][PASSED] - password = findTestData(dataFile).getValue("PasswordQA", row): null

2022-10-03 22:15:36 - [TEST_STEP][PASSED] - break: null

2022-10-03 22:15:36 - [TEST_STEP][PASSED] - if (ExecuteTC.equalsIgnoreCase("Y")): null

2022-10-03 22:15:36 - [TEST_STEP][PASSED] - out.println("Begin Record Number: " + row): null

2022-10-03 22:15:36 - [TEST_STEP][PASSED] - today = new java.util.Date(): null

2022-10-03 22:15:36 - [TEST_STEP][PASSED] - println(today): null

2022-10-03 22:15:36 - [TEST_STEP][PASSED] - datText = today: null

2022-10-03 22:15:36 - [TEST_STEP][PASSED] - category = findTestData(dataFile).getValue("Category", row): null

2022-10-03 22:15:36 - [TEST_STEP][PASSED] - amount = findTestData(dataFile).getValue("Amount", row): null

2022-10-03 22:15:36 - [TEST_STEP][PASSED] - cardNumber = findTestData(dataFile).getValue("CardNumber", row): null

2022-10-03 22:15:36 - [TEST_STEP][PASSED] - exM = findTestData(dataFile).getValue("ExM", row): null

2022-10-03 22:15:36 - [TEST_STEP][PASSED] - exY = findTestData(dataFile).getValue("ExY", row): null

2022-10-03 22:15:36 - [TEST_STEP][PASSED] - openBrowser(VLinkURL + "auth.html"): Browser is opened with url: 'https://dev-algorithm.govolution.com/vlinktest/QA/version_2_0/auth.html'

2022-10-03 22:15:36 - [MESSAGE][WARNING] - A browser is already opened. Closing browser and opening a new one

2022-10-03 22:15:37 - [MESSAGE][INFO] - Starting 'Chrome' driver

2022-10-03 22:15:37 - [MESSAGE][INFO] - User set preference: ['acceptInsecureCerts', 'true']

2022-10-03 22:15:37 - [MESSAGE][INFO] - Action delay is set to 0 milliseconds

2022-10-03 22:15:39 - [MESSAGE][PASSED] - Browser is opened with url: 'https://dev-algorithm.govolution.com/vlinktest/QA/version_2_0/auth.html'

2022-10-03 22:15:39 - [TEST_STEP][PASSED] - maximizeWindow(): Current window maximized

2022-10-03 22:15:39 - [MESSAGE][PASSED] - Current window maximized

2022-10-03 22:15:39 - [TEST_STEP][PASSED] - maximizeWindow(): Current window maximized

2022-10-03 22:15:39 - [MESSAGE][PASSED] - Current window maximized

2022-10-03 22:15:39 - [TEST_STEP][PASSED] - genRemID = RandomStringUtils.random(12, true, true): null

2022-10-03 22:15:39 - [TEST_STEP][PASSED] - setText(findTestObject("Object Repository/VLink/Page_CCSale/txt_RemID"), genRemID): Text 'CbfAUYeGjdKB' is set on object 'Object Repository/VLink/Page_CCSale/txt_RemID'

2022-10-03 22:15:40 - [MESSAGE][PASSED] - Text 'CbfAUYeGjdKB' is set on object 'Object Repository/VLink/Page_CCSale/txt_RemID'

2022-10-03 22:15:40 - [TEST_STEP][PASSED] - setText(findTestObject("Object Repository/RecAndPlayBk/Page-Vlink-AuthOnly/input_Remittance Id_remittance_id"), genRemID): Text 'CbfAUYeGjdKB' is set on object 'Object Repository/RecAndPlayBk/Page-Vlink-AuthOnly/input_Remittance Id_remittance_id'

2022-10-03 22:15:40 - [MESSAGE][PASSED] - Text 'CbfAUYeGjdKB' is set on object 'Object Repository/RecAndPlayBk/Page-Vlink-AuthOnly/input_Remittance Id_remittance_id'

2022-10-03 22:15:40 - [TEST_STEP][PASSED] - setText(findTestObject("Object Repository/RecAndPlayBk/Page-Vlink-AuthOnly/input_Application Id_application_id"), appID): Text '234' is set on object 'Object Repository/RecAndPlayBk/Page-Vlink-AuthOnly/input_Application Id_application_id'

2022-10-03 22:15:41 - [MESSAGE][PASSED] - Text '234' is set on object 'Object Repository/RecAndPlayBk/Page-Vlink-AuthOnly/input_Application Id_application_id'

2022-10-03 22:15:41 - [TEST_STEP][PASSED] - setText(findTestObject("Object Repository/RecAndPlayBk/Page-Vlink-AuthOnly/input_Username_username"), username): Text 'username' is set on object 'Object Repository/RecAndPlayBk/Page-Vlink-AuthOnly/input_Username_username'

2022-10-03 22:15:42 - [MESSAGE][PASSED] - Text 'username' is set on object 'Object Repository/RecAndPlayBk/Page-Vlink-AuthOnly/input_Username_username'

2022-10-03 22:15:42 - [TEST_STEP][PASSED] - setText(findTestObject("Object Repository/RecAndPlayBk/Page-Vlink-AuthOnly/input_Password_password"), password): Text 'password' is set on object 'Object Repository/RecAndPlayBk/Page-Vlink-AuthOnly/input_Password_password'

2022-10-03 22:15:42 - [MESSAGE][PASSED] - Text 'password' is set on object 'Object Repository/RecAndPlayBk/Page-Vlink-AuthOnly/input_Password_password'

2022-10-03 22:15:42 - [TEST_STEP][PASSED] - setText(findTestObject("Object Repository/RecAndPlayBk/Page-Vlink-AuthOnly/input_Category_category"), category): Text 'RETL' is set on object 'Object Repository/RecAndPlayBk/Page-Vlink-AuthOnly/input_Category_category'

2022-10-03 22:15:43 - [MESSAGE][PASSED] - Text 'RETL' is set on object 'Object Repository/RecAndPlayBk/Page-Vlink-AuthOnly/input_Category_category'

2022-10-03 22:15:43 - [TEST_STEP][PASSED] - setText(findTestObject("Object Repository/RecAndPlayBk/Page-Vlink-AuthOnly/input_Amount_amount"), amount): Text '10.5' is set on object 'Object Repository/RecAndPlayBk/Page-Vlink-AuthOnly/input_Amount_amount'

2022-10-03 22:15:44 - [MESSAGE][PASSED] - Text '10.5' is set on object 'Object Repository/RecAndPlayBk/Page-Vlink-AuthOnly/input_Amount_amount'

2022-10-03 22:15:44 - [TEST_STEP][PASSED] - doubleClick(findTestObject("Object Repository/RecAndPlayBk/Page-Vlink-AuthOnly/input_Card number_card_number")): Object: 'Object Repository/RecAndPlayBk/Page-Vlink-AuthOnly/input_Card number_card_number' is double clicked on

2022-10-03 22:15:44 - [MESSAGE][PASSED] - Object: 'Object Repository/RecAndPlayBk/Page-Vlink-AuthOnly/input_Card number_card_number' is double clicked on

2022-10-03 22:15:44 - [TEST_STEP][PASSED] - setText(findTestObject("Object Repository/RecAndPlayBk/Page-Vlink-AuthOnly/input_Card number_card_number"), cardNumber): Text '370000000000002' is set on object 'Object Repository/RecAndPlayBk/Page-Vlink-AuthOnly/input_Card number_card_number'

2022-10-03 22:15:45 - [MESSAGE][PASSED] - Text '370000000000002' is set on object 'Object Repository/RecAndPlayBk/Page-Vlink-AuthOnly/input_Card number_card_number'

2022-10-03 22:15:45 - [TEST_STEP][PASSED] - setText(findTestObject("Object Repository/RecAndPlayBk/Page-Vlink-AuthOnly/input_Card ex month_card_exmo"), exM): Text '12' is set on object 'Object Repository/RecAndPlayBk/Page-Vlink-AuthOnly/input_Card ex month_card_exmo'

2022-10-03 22:15:45 - [MESSAGE][PASSED] - Text '12' is set on object 'Object Repository/RecAndPlayBk/Page-Vlink-AuthOnly/input_Card ex month_card_exmo'

2022-10-03 22:15:45 - [TEST_STEP][PASSED] - setText(findTestObject("Object Repository/RecAndPlayBk/Page-Vlink-AuthOnly/input_Card ex year_card_exyr"), exY): Text '2029' is set on object 'Object Repository/RecAndPlayBk/Page-Vlink-AuthOnly/input_Card ex year_card_exyr'

2022-10-03 22:15:46 - [MESSAGE][PASSED] - Text '2029' is set on object 'Object Repository/RecAndPlayBk/Page-Vlink-AuthOnly/input_Card ex year_card_exyr'

2022-10-03 22:15:46 - [TEST_STEP][PASSED] - click(findTestObject("Object Repository/RecAndPlayBk/Page-Vlink-AuthOnly/input_Track Data_track_data")): Object: 'Object Repository/RecAndPlayBk/Page-Vlink-AuthOnly/input_Track Data_track_data' is clicked on

2022-10-03 22:15:46 - [MESSAGE][PASSED] - Object: 'Object Repository/RecAndPlayBk/Page-Vlink-AuthOnly/input_Track Data_track_data' is clicked on

2022-10-03 22:15:46 - [TEST_STEP][PASSED] - click(findTestObject("Object Repository/RecAndPlayBk/Page-Vlink-AuthOnly/input_CVV state_cvv_state")): Object: 'Object Repository/RecAndPlayBk/Page-Vlink-AuthOnly/input_CVV state_cvv_state' is clicked on

2022-10-03 22:15:46 - [MESSAGE][PASSED] - Object: 'Object Repository/RecAndPlayBk/Page-Vlink-AuthOnly/input_CVV state_cvv_state' is clicked on

2022-10-03 22:15:46 - [TEST_STEP][PASSED] - setText(findTestObject("Object Repository/RecAndPlayBk/Page-Vlink-AuthOnly/input_Track Data_track_data"), ""): Text '' is set on object 'Object Repository/RecAndPlayBk/Page-Vlink-AuthOnly/input_Track Data_track_data'

2022-10-03 22:15:47 - [MESSAGE][PASSED] - Text '' is set on object 'Object Repository/RecAndPlayBk/Page-Vlink-AuthOnly/input_Track Data_track_data'

2022-10-03 22:15:47 - [TEST_STEP][PASSED] - setText(findTestObject("Object Repository/RecAndPlayBk/Page-Vlink-AuthOnly/input_concat(Cardholder, , s email)_email"), ""): Text '' is set on object 'Object Repository/RecAndPlayBk/Page-Vlink-AuthOnly/input_concat(Cardholder, , s email)_email'

2022-10-03 22:15:48 - [MESSAGE][PASSED] - Text '' is set on object 'Object Repository/RecAndPlayBk/Page-Vlink-AuthOnly/input_concat(Cardholder, , s email)_email'

2022-10-03 22:15:48 - [TEST_STEP][PASSED] - click(findTestObject("Object Repository/RecAndPlayBk/Page-Vlink-AuthOnly/input_user_defined10_user_defined10")): Object: 'Object Repository/RecAndPlayBk/Page-Vlink-AuthOnly/input_user_defined10_user_defined10' is clicked on

2022-10-03 22:15:48 - [MESSAGE][PASSED] - Object: 'Object Repository/RecAndPlayBk/Page-Vlink-AuthOnly/input_user_defined10_user_defined10' is clicked on

2022-10-03 22:15:48 - [TEST_STEP][PASSED] - if (executionProfile.equalsIgnoreCase("QAProfile")): Text '' is set on object 'Object Repository/RecAndPlayBk/Page-Vlink-AuthOnly/input_COF Transaction Initiated by_cof_tran_6cded5'

2022-10-03 22:15:48 - [TEST_STEP][PASSED] - setText(findTestObject("Object Repository/RecAndPlayBk/Page-Vlink-AuthOnly/input_Card on File Indicator_card_on_file_i_157dae"), ""): Text '' is set on object 'Object Repository/RecAndPlayBk/Page-Vlink-AuthOnly/input_Card on File Indicator_card_on_file_i_157dae'

2022-10-03 22:15:49 - [MESSAGE][PASSED] - Text '' is set on object 'Object Repository/RecAndPlayBk/Page-Vlink-AuthOnly/input_Card on File Indicator_card_on_file_i_157dae'

2022-10-03 22:15:49 - [TEST_STEP][PASSED] - setText(findTestObject("Object Repository/RecAndPlayBk/Page-Vlink-AuthOnly/input_Stored Credential Indicator_stored_cr_4ae73c"), ""): Text '' is set on object 'Object Repository/RecAndPlayBk/Page-Vlink-AuthOnly/input_Stored Credential Indicator_stored_cr_4ae73c'

2022-10-03 22:15:49 - [MESSAGE][PASSED] - Text '' is set on object 'Object Repository/RecAndPlayBk/Page-Vlink-AuthOnly/input_Stored Credential Indicator_stored_cr_4ae73c'

2022-10-03 22:15:49 - [TEST_STEP][PASSED] - setText(findTestObject("Object Repository/RecAndPlayBk/Page-Vlink-AuthOnly/input_COF Scheduled indicator_cof_scheduled_8df7d8"), ""): Text '' is set on object 'Object Repository/RecAndPlayBk/Page-Vlink-AuthOnly/input_COF Scheduled indicator_cof_scheduled_8df7d8'

2022-10-03 22:15:50 - [MESSAGE][PASSED] - Text '' is set on object 'Object Repository/RecAndPlayBk/Page-Vlink-AuthOnly/input_COF Scheduled indicator_cof_scheduled_8df7d8'

2022-10-03 22:15:50 - [TEST_STEP][PASSED] - setText(findTestObject("Object Repository/RecAndPlayBk/Page-Vlink-AuthOnly/input_COF Transaction Initiated by_cof_tran_6cded5"), ""): Text '' is set on object 'Object Repository/RecAndPlayBk/Page-Vlink-AuthOnly/input_COF Transaction Initiated by_cof_tran_6cded5'

2022-10-03 22:15:51 - [MESSAGE][PASSED] - Text '' is set on object 'Object Repository/RecAndPlayBk/Page-Vlink-AuthOnly/input_COF Transaction Initiated by_cof_tran_6cded5'

2022-10-03 22:15:51 - [TEST_STEP][PASSED] - click(findTestObject("Object Repository/RecAndPlayBk/Page-Vlink-AuthOnly/input")): Object: 'Object Repository/RecAndPlayBk/Page-Vlink-AuthOnly/input' is clicked on

2022-10-03 22:15:52 - [MESSAGE][PASSED] - Object: 'Object Repository/RecAndPlayBk/Page-Vlink-AuthOnly/input' is clicked on

2022-10-03 22:15:52 - [TEST_STEP][PASSED] - if (verifyTextPresent("Transaction approved, no errors", true)): null

2022-10-03 22:15:52 - [MESSAGE][PASSED] - Text 'Transaction approved, no errors' is present on page  using regular expression

2022-10-03 22:15:52 - [TEST_STEP][PASSED] - println("Transaction Approved, no errors text is present on the Confirmation page"): null

2022-10-03 22:15:52 - [TEST_STEP][PASSED] - out.println("Pass Record Number: " + row): null

2022-10-03 22:15:52 - [TEST_STEP][PASSED] - resText = "Pass": null

2022-10-03 22:15:52 - [TEST_STEP][PASSED] - pages.WriteExcel.demoKey(resText, datText, resColumn, datCloumn, fileLoc, nameSheet, row): pages.WriteExcel.demoKey is PASSED

2022-10-03 22:15:52 - [MESSAGE][PASSED] - pages.WriteExcel.demoKey is PASSED

2022-10-03 22:15:52 - [TEST_STEP][PASSED] - ExecuteTC = findTestData(dataFile).getValue("Execute", row): null

2022-10-03 22:15:52 - [TEST_STEP][PASSED] - out.println("Value of Execute is : " + ExecuteTC): null

2022-10-03 22:15:52 - [TEST_STEP][PASSED] - switch (executionProfile): null

2022-10-03 22:15:52 - [TEST_STEP][PASSED] - case "QAProfile":: null

2022-10-03 22:15:52 - [TEST_STEP][PASSED] - appID = findTestData(dataFile).getValue("AppIDQA", row): null

2022-10-03 22:15:52 - [TEST_STEP][PASSED] - username = findTestData(dataFile).getValue("UsernameQA", row): null

2022-10-03 22:15:52 - [TEST_STEP][PASSED] - password = findTestData(dataFile).getValue("PasswordQA", row): null

2022-10-03 22:15:52 - [TEST_STEP][PASSED] - break: null

2022-10-03 22:15:52 - [TEST_STEP][PASSED] - if (ExecuteTC.equalsIgnoreCase("Y")): null

2022-10-03 22:15:52 - [TEST_STEP][PASSED] - out.println("Begin Record Number: " + row): null

2022-10-03 22:15:52 - [TEST_STEP][PASSED] - today = new java.util.Date(): null

2022-10-03 22:15:52 - [TEST_STEP][PASSED] - println(today): null

2022-10-03 22:15:52 - [TEST_STEP][PASSED] - datText = today: null

2022-10-03 22:15:52 - [TEST_STEP][PASSED] - category = findTestData(dataFile).getValue("Category", row): null

2022-10-03 22:15:52 - [TEST_STEP][PASSED] - amount = findTestData(dataFile).getValue("Amount", row): null

2022-10-03 22:15:52 - [TEST_STEP][PASSED] - cardNumber = findTestData(dataFile).getValue("CardNumber", row): null

2022-10-03 22:15:53 - [TEST_STEP][PASSED] - exM = findTestData(dataFile).getValue("ExM", row): null

2022-10-03 22:15:53 - [TEST_STEP][PASSED] - exY = findTestData(dataFile).getValue("ExY", row): null

2022-10-03 22:15:53 - [TEST_STEP][PASSED] - openBrowser(VLinkURL + "auth.html"): Browser is opened with url: 'https://dev-algorithm.govolution.com/vlinktest/QA/version_2_0/auth.html'

2022-10-03 22:15:53 - [MESSAGE][WARNING] - A browser is already opened. Closing browser and opening a new one

2022-10-03 22:15:54 - [MESSAGE][INFO] - Starting 'Chrome' driver

2022-10-03 22:15:54 - [MESSAGE][INFO] - User set preference: ['acceptInsecureCerts', 'true']

2022-10-03 22:15:54 - [MESSAGE][INFO] - Action delay is set to 0 milliseconds

2022-10-03 22:15:55 - [MESSAGE][PASSED] - Browser is opened with url: 'https://dev-algorithm.govolution.com/vlinktest/QA/version_2_0/auth.html'

2022-10-03 22:15:55 - [TEST_STEP][PASSED] - maximizeWindow(): Current window maximized

2022-10-03 22:15:56 - [MESSAGE][PASSED] - Current window maximized

2022-10-03 22:15:56 - [TEST_STEP][PASSED] - maximizeWindow(): Current window maximized

2022-10-03 22:15:56 - [MESSAGE][PASSED] - Current window maximized

2022-10-03 22:15:56 - [TEST_STEP][PASSED] - genRemID = RandomStringUtils.random(12, true, true): null

2022-10-03 22:15:56 - [TEST_STEP][PASSED] - setText(findTestObject("Object Repository/VLink/Page_CCSale/txt_RemID"), genRemID): Text '9EhhtDLcpmnE' is set on object 'Object Repository/VLink/Page_CCSale/txt_RemID'

2022-10-03 22:15:56 - [MESSAGE][PASSED] - Text '9EhhtDLcpmnE' is set on object 'Object Repository/VLink/Page_CCSale/txt_RemID'

2022-10-03 22:15:56 - [TEST_STEP][PASSED] - setText(findTestObject("Object Repository/RecAndPlayBk/Page-Vlink-AuthOnly/input_Remittance Id_remittance_id"), genRemID): Text '9EhhtDLcpmnE' is set on object 'Object Repository/RecAndPlayBk/Page-Vlink-AuthOnly/input_Remittance Id_remittance_id'

2022-10-03 22:15:57 - [MESSAGE][PASSED] - Text '9EhhtDLcpmnE' is set on object 'Object Repository/RecAndPlayBk/Page-Vlink-AuthOnly/input_Remittance Id_remittance_id'

2022-10-03 22:15:57 - [TEST_STEP][PASSED] - setText(findTestObject("Object Repository/RecAndPlayBk/Page-Vlink-AuthOnly/input_Application Id_application_id"), appID): Text '87' is set on object 'Object Repository/RecAndPlayBk/Page-Vlink-AuthOnly/input_Application Id_application_id'

2022-10-03 22:15:58 - [MESSAGE][PASSED] - Text '87' is set on object 'Object Repository/RecAndPlayBk/Page-Vlink-AuthOnly/input_Application Id_application_id'

2022-10-03 22:15:58 - [TEST_STEP][PASSED] - setText(findTestObject("Object Repository/RecAndPlayBk/Page-Vlink-AuthOnly/input_Username_username"), username): Text 'username' is set on object 'Object Repository/RecAndPlayBk/Page-Vlink-AuthOnly/input_Username_username'

2022-10-03 22:15:58 - [MESSAGE][PASSED] - Text 'username' is set on object 'Object Repository/RecAndPlayBk/Page-Vlink-AuthOnly/input_Username_username'

2022-10-03 22:15:58 - [TEST_STEP][PASSED] - setText(findTestObject("Object Repository/RecAndPlayBk/Page-Vlink-AuthOnly/input_Password_password"), password): Text 'password' is set on object 'Object Repository/RecAndPlayBk/Page-Vlink-AuthOnly/input_Password_password'

2022-10-03 22:15:59 - [MESSAGE][PASSED] - Text 'password' is set on object 'Object Repository/RecAndPlayBk/Page-Vlink-AuthOnly/input_Password_password'

2022-10-03 22:15:59 - [TEST_STEP][PASSED] - setText(findTestObject("Object Repository/RecAndPlayBk/Page-Vlink-AuthOnly/input_Category_category"), category): Text 'ECOM' is set on object 'Object Repository/RecAndPlayBk/Page-Vlink-AuthOnly/input_Category_category'

2022-10-03 22:16:00 - [MESSAGE][PASSED] - Text 'ECOM' is set on object 'Object Repository/RecAndPlayBk/Page-Vlink-AuthOnly/input_Category_category'

2022-10-03 22:16:00 - [TEST_STEP][PASSED] - setText(findTestObject("Object Repository/RecAndPlayBk/Page-Vlink-AuthOnly/input_Amount_amount"), amount): Text '10.5' is set on object 'Object Repository/RecAndPlayBk/Page-Vlink-AuthOnly/input_Amount_amount'

2022-10-03 22:16:00 - [MESSAGE][PASSED] - Text '10.5' is set on object 'Object Repository/RecAndPlayBk/Page-Vlink-AuthOnly/input_Amount_amount'

2022-10-03 22:16:00 - [TEST_STEP][PASSED] - doubleClick(findTestObject("Object Repository/RecAndPlayBk/Page-Vlink-AuthOnly/input_Card number_card_number")): Object: 'Object Repository/RecAndPlayBk/Page-Vlink-AuthOnly/input_Card number_card_number' is double clicked on

2022-10-03 22:16:01 - [MESSAGE][PASSED] - Object: 'Object Repository/RecAndPlayBk/Page-Vlink-AuthOnly/input_Card number_card_number' is double clicked on

2022-10-03 22:16:01 - [TEST_STEP][PASSED] - setText(findTestObject("Object Repository/RecAndPlayBk/Page-Vlink-AuthOnly/input_Card number_card_number"), cardNumber): Text '4012000098765439' is set on object 'Object Repository/RecAndPlayBk/Page-Vlink-AuthOnly/input_Card number_card_number'

2022-10-03 22:16:01 - [MESSAGE][PASSED] - Text '4012000098765439' is set on object 'Object Repository/RecAndPlayBk/Page-Vlink-AuthOnly/input_Card number_card_number'

2022-10-03 22:16:01 - [TEST_STEP][PASSED] - setText(findTestObject("Object Repository/RecAndPlayBk/Page-Vlink-AuthOnly/input_Card ex month_card_exmo"), exM): Text '12' is set on object 'Object Repository/RecAndPlayBk/Page-Vlink-AuthOnly/input_Card ex month_card_exmo'

2022-10-03 22:16:02 - [MESSAGE][PASSED] - Text '12' is set on object 'Object Repository/RecAndPlayBk/Page-Vlink-AuthOnly/input_Card ex month_card_exmo'

2022-10-03 22:16:02 - [TEST_STEP][PASSED] - setText(findTestObject("Object Repository/RecAndPlayBk/Page-Vlink-AuthOnly/input_Card ex year_card_exyr"), exY): Text '2029' is set on object 'Object Repository/RecAndPlayBk/Page-Vlink-AuthOnly/input_Card ex year_card_exyr'

2022-10-03 22:16:02 - [MESSAGE][PASSED] - Text '2029' is set on object 'Object Repository/RecAndPlayBk/Page-Vlink-AuthOnly/input_Card ex year_card_exyr'

2022-10-03 22:16:02 - [TEST_STEP][PASSED] - click(findTestObject("Object Repository/RecAndPlayBk/Page-Vlink-AuthOnly/input_Track Data_track_data")): Object: 'Object Repository/RecAndPlayBk/Page-Vlink-AuthOnly/input_Track Data_track_data' is clicked on

2022-10-03 22:16:03 - [MESSAGE][PASSED] - Object: 'Object Repository/RecAndPlayBk/Page-Vlink-AuthOnly/input_Track Data_track_data' is clicked on

2022-10-03 22:16:03 - [TEST_STEP][PASSED] - click(findTestObject("Object Repository/RecAndPlayBk/Page-Vlink-AuthOnly/input_CVV state_cvv_state")): Object: 'Object Repository/RecAndPlayBk/Page-Vlink-AuthOnly/input_CVV state_cvv_state' is clicked on

2022-10-03 22:16:03 - [MESSAGE][PASSED] - Object: 'Object Repository/RecAndPlayBk/Page-Vlink-AuthOnly/input_CVV state_cvv_state' is clicked on

2022-10-03 22:16:03 - [TEST_STEP][PASSED] - setText(findTestObject("Object Repository/RecAndPlayBk/Page-Vlink-AuthOnly/input_Track Data_track_data"), ""): Text '' is set on object 'Object Repository/RecAndPlayBk/Page-Vlink-AuthOnly/input_Track Data_track_data'

2022-10-03 22:16:04 - [MESSAGE][PASSED] - Text '' is set on object 'Object Repository/RecAndPlayBk/Page-Vlink-AuthOnly/input_Track Data_track_data'

2022-10-03 22:16:04 - [TEST_STEP][PASSED] - setText(findTestObject("Object Repository/RecAndPlayBk/Page-Vlink-AuthOnly/input_concat(Cardholder, , s email)_email"), ""): Text '' is set on object 'Object Repository/RecAndPlayBk/Page-Vlink-AuthOnly/input_concat(Cardholder, , s email)_email'

2022-10-03 22:16:04 - [MESSAGE][PASSED] - Text '' is set on object 'Object Repository/RecAndPlayBk/Page-Vlink-AuthOnly/input_concat(Cardholder, , s email)_email'

2022-10-03 22:16:04 - [TEST_STEP][PASSED] - click(findTestObject("Object Repository/RecAndPlayBk/Page-Vlink-AuthOnly/input_user_defined10_user_defined10")): Object: 'Object Repository/RecAndPlayBk/Page-Vlink-AuthOnly/input_user_defined10_user_defined10' is clicked on

2022-10-03 22:16:05 - [MESSAGE][PASSED] - Object: 'Object Repository/RecAndPlayBk/Page-Vlink-AuthOnly/input_user_defined10_user_defined10' is clicked on

2022-10-03 22:16:05 - [TEST_STEP][PASSED] - if (executionProfile.equalsIgnoreCase("QAProfile")): Text '' is set on object 'Object Repository/RecAndPlayBk/Page-Vlink-AuthOnly/input_COF Transaction Initiated by_cof_tran_6cded5'

2022-10-03 22:16:05 - [TEST_STEP][PASSED] - setText(findTestObject("Object Repository/RecAndPlayBk/Page-Vlink-AuthOnly/input_Card on File Indicator_card_on_file_i_157dae"), ""): Text '' is set on object 'Object Repository/RecAndPlayBk/Page-Vlink-AuthOnly/input_Card on File Indicator_card_on_file_i_157dae'

2022-10-03 22:16:06 - [MESSAGE][PASSED] - Text '' is set on object 'Object Repository/RecAndPlayBk/Page-Vlink-AuthOnly/input_Card on File Indicator_card_on_file_i_157dae'

2022-10-03 22:16:06 - [TEST_STEP][PASSED] - setText(findTestObject("Object Repository/RecAndPlayBk/Page-Vlink-AuthOnly/input_Stored Credential Indicator_stored_cr_4ae73c"), ""): Text '' is set on object 'Object Repository/RecAndPlayBk/Page-Vlink-AuthOnly/input_Stored Credential Indicator_stored_cr_4ae73c'

2022-10-03 22:16:06 - [MESSAGE][PASSED] - Text '' is set on object 'Object Repository/RecAndPlayBk/Page-Vlink-AuthOnly/input_Stored Credential Indicator_stored_cr_4ae73c'

2022-10-03 22:16:06 - [TEST_STEP][PASSED] - setText(findTestObject("Object Repository/RecAndPlayBk/Page-Vlink-AuthOnly/input_COF Scheduled indicator_cof_scheduled_8df7d8"), ""): Text '' is set on object 'Object Repository/RecAndPlayBk/Page-Vlink-AuthOnly/input_COF Scheduled indicator_cof_scheduled_8df7d8'

2022-10-03 22:16:07 - [MESSAGE][PASSED] - Text '' is set on object 'Object Repository/RecAndPlayBk/Page-Vlink-AuthOnly/input_COF Scheduled indicator_cof_scheduled_8df7d8'

2022-10-03 22:16:07 - [TEST_STEP][PASSED] - setText(findTestObject("Object Repository/RecAndPlayBk/Page-Vlink-AuthOnly/input_COF Transaction Initiated by_cof_tran_6cded5"), ""): Text '' is set on object 'Object Repository/RecAndPlayBk/Page-Vlink-AuthOnly/input_COF Transaction Initiated by_cof_tran_6cded5'

2022-10-03 22:16:08 - [MESSAGE][PASSED] - Text '' is set on object 'Object Repository/RecAndPlayBk/Page-Vlink-AuthOnly/input_COF Transaction Initiated by_cof_tran_6cded5'

2022-10-03 22:16:08 - [TEST_STEP][PASSED] - click(findTestObject("Object Repository/RecAndPlayBk/Page-Vlink-AuthOnly/input")): Object: 'Object Repository/RecAndPlayBk/Page-Vlink-AuthOnly/input' is clicked on

2022-10-03 22:16:09 - [MESSAGE][PASSED] - Object: 'Object Repository/RecAndPlayBk/Page-Vlink-AuthOnly/input' is clicked on

2022-10-03 22:16:09 - [TEST_STEP][PASSED] - if (verifyTextPresent("Transaction approved, no errors", true)): null

2022-10-03 22:16:09 - [MESSAGE][PASSED] - Text 'Transaction approved, no errors' is present on page  using regular expression

2022-10-03 22:16:09 - [TEST_STEP][PASSED] - println("Transaction Approved, no errors text is present on the Confirmation page"): null

2022-10-03 22:16:09 - [TEST_STEP][PASSED] - out.println("Pass Record Number: " + row): null

2022-10-03 22:16:09 - [TEST_STEP][PASSED] - resText = "Pass": null

2022-10-03 22:16:09 - [TEST_STEP][PASSED] - pages.WriteExcel.demoKey(resText, datText, resColumn, datCloumn, fileLoc, nameSheet, row): pages.WriteExcel.demoKey is PASSED

2022-10-03 22:16:09 - [MESSAGE][PASSED] - pages.WriteExcel.demoKey is PASSED

2022-10-03 22:16:09 - [TEST_STEP][PASSED] - ExecuteTC = findTestData(dataFile).getValue("Execute", row): null

2022-10-03 22:16:10 - [TEST_STEP][PASSED] - out.println("Value of Execute is : " + ExecuteTC): null

2022-10-03 22:16:10 - [TEST_STEP][PASSED] - switch (executionProfile): null

2022-10-03 22:16:10 - [TEST_STEP][PASSED] - case "QAProfile":: null

2022-10-03 22:16:10 - [TEST_STEP][PASSED] - appID = findTestData(dataFile).getValue("AppIDQA", row): null

2022-10-03 22:16:10 - [TEST_STEP][PASSED] - username = findTestData(dataFile).getValue("UsernameQA", row): null

2022-10-03 22:16:10 - [TEST_STEP][PASSED] - password = findTestData(dataFile).getValue("PasswordQA", row): null

2022-10-03 22:16:10 - [TEST_STEP][PASSED] - break: null

2022-10-03 22:16:10 - [TEST_STEP][PASSED] - if (ExecuteTC.equalsIgnoreCase("Y")): null

2022-10-03 22:16:10 - [TEST_STEP][PASSED] - out.println("Begin Record Number: " + row): null

2022-10-03 22:16:10 - [TEST_STEP][PASSED] - today = new java.util.Date(): null

2022-10-03 22:16:10 - [TEST_STEP][PASSED] - println(today): null

2022-10-03 22:16:10 - [TEST_STEP][PASSED] - datText = today: null

2022-10-03 22:16:10 - [TEST_STEP][PASSED] - category = findTestData(dataFile).getValue("Category", row): null

2022-10-03 22:16:10 - [TEST_STEP][PASSED] - amount = findTestData(dataFile).getValue("Amount", row): null

2022-10-03 22:16:10 - [TEST_STEP][PASSED] - cardNumber = findTestData(dataFile).getValue("CardNumber", row): null

2022-10-03 22:16:10 - [TEST_STEP][PASSED] - exM = findTestData(dataFile).getValue("ExM", row): null

2022-10-03 22:16:10 - [TEST_STEP][PASSED] - exY = findTestData(dataFile).getValue("ExY", row): null

2022-10-03 22:16:10 - [TEST_STEP][PASSED] - openBrowser(VLinkURL + "auth.html"): Browser is opened with url: 'https://dev-algorithm.govolution.com/vlinktest/QA/version_2_0/auth.html'

2022-10-03 22:16:10 - [MESSAGE][WARNING] - A browser is already opened. Closing browser and opening a new one

2022-10-03 22:16:11 - [MESSAGE][INFO] - Starting 'Chrome' driver

2022-10-03 22:16:11 - [MESSAGE][INFO] - User set preference: ['acceptInsecureCerts', 'true']

2022-10-03 22:16:11 - [MESSAGE][INFO] - Action delay is set to 0 milliseconds

2022-10-03 22:16:13 - [MESSAGE][PASSED] - Browser is opened with url: 'https://dev-algorithm.govolution.com/vlinktest/QA/version_2_0/auth.html'

2022-10-03 22:16:13 - [TEST_STEP][PASSED] - maximizeWindow(): Current window maximized

2022-10-03 22:16:13 - [MESSAGE][PASSED] - Current window maximized

2022-10-03 22:16:13 - [TEST_STEP][PASSED] - maximizeWindow(): Current window maximized

2022-10-03 22:16:13 - [MESSAGE][PASSED] - Current window maximized

2022-10-03 22:16:13 - [TEST_STEP][PASSED] - genRemID = RandomStringUtils.random(12, true, true): null

2022-10-03 22:16:13 - [TEST_STEP][PASSED] - setText(findTestObject("Object Repository/VLink/Page_CCSale/txt_RemID"), genRemID): Text 'IXKPYrXFRJJV' is set on object 'Object Repository/VLink/Page_CCSale/txt_RemID'

2022-10-03 22:16:14 - [MESSAGE][PASSED] - Text 'IXKPYrXFRJJV' is set on object 'Object Repository/VLink/Page_CCSale/txt_RemID'

2022-10-03 22:16:14 - [TEST_STEP][PASSED] - setText(findTestObject("Object Repository/RecAndPlayBk/Page-Vlink-AuthOnly/input_Remittance Id_remittance_id"), genRemID): Text 'IXKPYrXFRJJV' is set on object 'Object Repository/RecAndPlayBk/Page-Vlink-AuthOnly/input_Remittance Id_remittance_id'

2022-10-03 22:16:14 - [MESSAGE][PASSED] - Text 'IXKPYrXFRJJV' is set on object 'Object Repository/RecAndPlayBk/Page-Vlink-AuthOnly/input_Remittance Id_remittance_id'

2022-10-03 22:16:14 - [TEST_STEP][PASSED] - setText(findTestObject("Object Repository/RecAndPlayBk/Page-Vlink-AuthOnly/input_Application Id_application_id"), appID): Text '581' is set on object 'Object Repository/RecAndPlayBk/Page-Vlink-AuthOnly/input_Application Id_application_id'

2022-10-03 22:16:15 - [MESSAGE][PASSED] - Text '581' is set on object 'Object Repository/RecAndPlayBk/Page-Vlink-AuthOnly/input_Application Id_application_id'

2022-10-03 22:16:15 - [TEST_STEP][PASSED] - setText(findTestObject("Object Repository/RecAndPlayBk/Page-Vlink-AuthOnly/input_Username_username"), username): Text 'usr581' is set on object 'Object Repository/RecAndPlayBk/Page-Vlink-AuthOnly/input_Username_username'

2022-10-03 22:16:16 - [MESSAGE][PASSED] - Text 'usr581' is set on object 'Object Repository/RecAndPlayBk/Page-Vlink-AuthOnly/input_Username_username'

2022-10-03 22:16:16 - [TEST_STEP][PASSED] - setText(findTestObject("Object Repository/RecAndPlayBk/Page-Vlink-AuthOnly/input_Password_password"), password): Text 'pwd581' is set on object 'Object Repository/RecAndPlayBk/Page-Vlink-AuthOnly/input_Password_password'

2022-10-03 22:16:16 - [MESSAGE][PASSED] - Text 'pwd581' is set on object 'Object Repository/RecAndPlayBk/Page-Vlink-AuthOnly/input_Password_password'

2022-10-03 22:16:16 - [TEST_STEP][PASSED] - setText(findTestObject("Object Repository/RecAndPlayBk/Page-Vlink-AuthOnly/input_Category_category"), category): Text 'ECOM' is set on object 'Object Repository/RecAndPlayBk/Page-Vlink-AuthOnly/input_Category_category'

2022-10-03 22:16:17 - [MESSAGE][PASSED] - Text 'ECOM' is set on object 'Object Repository/RecAndPlayBk/Page-Vlink-AuthOnly/input_Category_category'

2022-10-03 22:16:17 - [TEST_STEP][PASSED] - setText(findTestObject("Object Repository/RecAndPlayBk/Page-Vlink-AuthOnly/input_Amount_amount"), amount): Text '10.5' is set on object 'Object Repository/RecAndPlayBk/Page-Vlink-AuthOnly/input_Amount_amount'

2022-10-03 22:16:17 - [MESSAGE][PASSED] - Text '10.5' is set on object 'Object Repository/RecAndPlayBk/Page-Vlink-AuthOnly/input_Amount_amount'

2022-10-03 22:16:17 - [TEST_STEP][PASSED] - doubleClick(findTestObject("Object Repository/RecAndPlayBk/Page-Vlink-AuthOnly/input_Card number_card_number")): Object: 'Object Repository/RecAndPlayBk/Page-Vlink-AuthOnly/input_Card number_card_number' is double clicked on

2022-10-03 22:16:18 - [MESSAGE][PASSED] - Object: 'Object Repository/RecAndPlayBk/Page-Vlink-AuthOnly/input_Card number_card_number' is double clicked on

2022-10-03 22:16:18 - [TEST_STEP][PASSED] - setText(findTestObject("Object Repository/RecAndPlayBk/Page-Vlink-AuthOnly/input_Card number_card_number"), cardNumber): Text '5146312200000035' is set on object 'Object Repository/RecAndPlayBk/Page-Vlink-AuthOnly/input_Card number_card_number'

2022-10-03 22:16:18 - [MESSAGE][PASSED] - Text '5146312200000035' is set on object 'Object Repository/RecAndPlayBk/Page-Vlink-AuthOnly/input_Card number_card_number'

2022-10-03 22:16:18 - [TEST_STEP][PASSED] - setText(findTestObject("Object Repository/RecAndPlayBk/Page-Vlink-AuthOnly/input_Card ex month_card_exmo"), exM): Text '12' is set on object 'Object Repository/RecAndPlayBk/Page-Vlink-AuthOnly/input_Card ex month_card_exmo'

2022-10-03 22:16:19 - [MESSAGE][PASSED] - Text '12' is set on object 'Object Repository/RecAndPlayBk/Page-Vlink-AuthOnly/input_Card ex month_card_exmo'

2022-10-03 22:16:19 - [TEST_STEP][PASSED] - setText(findTestObject("Object Repository/RecAndPlayBk/Page-Vlink-AuthOnly/input_Card ex year_card_exyr"), exY): Text '2029' is set on object 'Object Repository/RecAndPlayBk/Page-Vlink-AuthOnly/input_Card ex year_card_exyr'

2022-10-03 22:16:20 - [MESSAGE][PASSED] - Text '2029' is set on object 'Object Repository/RecAndPlayBk/Page-Vlink-AuthOnly/input_Card ex year_card_exyr'

2022-10-03 22:16:20 - [TEST_STEP][PASSED] - click(findTestObject("Object Repository/RecAndPlayBk/Page-Vlink-AuthOnly/input_Track Data_track_data")): Object: 'Object Repository/RecAndPlayBk/Page-Vlink-AuthOnly/input_Track Data_track_data' is clicked on

2022-10-03 22:16:20 - [MESSAGE][PASSED] - Object: 'Object Repository/RecAndPlayBk/Page-Vlink-AuthOnly/input_Track Data_track_data' is clicked on

2022-10-03 22:16:20 - [TEST_STEP][PASSED] - click(findTestObject("Object Repository/RecAndPlayBk/Page-Vlink-AuthOnly/input_CVV state_cvv_state")): Object: 'Object Repository/RecAndPlayBk/Page-Vlink-AuthOnly/input_CVV state_cvv_state' is clicked on

2022-10-03 22:16:20 - [MESSAGE][PASSED] - Object: 'Object Repository/RecAndPlayBk/Page-Vlink-AuthOnly/input_CVV state_cvv_state' is clicked on

2022-10-03 22:16:20 - [TEST_STEP][PASSED] - setText(findTestObject("Object Repository/RecAndPlayBk/Page-Vlink-AuthOnly/input_Track Data_track_data"), ""): Text '' is set on object 'Object Repository/RecAndPlayBk/Page-Vlink-AuthOnly/input_Track Data_track_data'

2022-10-03 22:16:21 - [MESSAGE][PASSED] - Text '' is set on object 'Object Repository/RecAndPlayBk/Page-Vlink-AuthOnly/input_Track Data_track_data'

2022-10-03 22:16:21 - [TEST_STEP][PASSED] - setText(findTestObject("Object Repository/RecAndPlayBk/Page-Vlink-AuthOnly/input_concat(Cardholder, , s email)_email"), ""): Text '' is set on object 'Object Repository/RecAndPlayBk/Page-Vlink-AuthOnly/input_concat(Cardholder, , s email)_email'

2022-10-03 22:16:22 - [MESSAGE][PASSED] - Text '' is set on object 'Object Repository/RecAndPlayBk/Page-Vlink-AuthOnly/input_concat(Cardholder, , s email)_email'

2022-10-03 22:16:22 - [TEST_STEP][PASSED] - click(findTestObject("Object Repository/RecAndPlayBk/Page-Vlink-AuthOnly/input_user_defined10_user_defined10")): Object: 'Object Repository/RecAndPlayBk/Page-Vlink-AuthOnly/input_user_defined10_user_defined10' is clicked on

2022-10-03 22:16:22 - [MESSAGE][PASSED] - Object: 'Object Repository/RecAndPlayBk/Page-Vlink-AuthOnly/input_user_defined10_user_defined10' is clicked on

2022-10-03 22:16:22 - [TEST_STEP][PASSED] - if (executionProfile.equalsIgnoreCase("QAProfile")): Text '' is set on object 'Object Repository/RecAndPlayBk/Page-Vlink-AuthOnly/input_COF Transaction Initiated by_cof_tran_6cded5'

2022-10-03 22:16:22 - [TEST_STEP][PASSED] - setText(findTestObject("Object Repository/RecAndPlayBk/Page-Vlink-AuthOnly/input_Card on File Indicator_card_on_file_i_157dae"), ""): Text '' is set on object 'Object Repository/RecAndPlayBk/Page-Vlink-AuthOnly/input_Card on File Indicator_card_on_file_i_157dae'

2022-10-03 22:16:23 - [MESSAGE][PASSED] - Text '' is set on object 'Object Repository/RecAndPlayBk/Page-Vlink-AuthOnly/input_Card on File Indicator_card_on_file_i_157dae'

2022-10-03 22:16:23 - [TEST_STEP][PASSED] - setText(findTestObject("Object Repository/RecAndPlayBk/Page-Vlink-AuthOnly/input_Stored Credential Indicator_stored_cr_4ae73c"), ""): Text '' is set on object 'Object Repository/RecAndPlayBk/Page-Vlink-AuthOnly/input_Stored Credential Indicator_stored_cr_4ae73c'

2022-10-03 22:16:23 - [MESSAGE][PASSED] - Text '' is set on object 'Object Repository/RecAndPlayBk/Page-Vlink-AuthOnly/input_Stored Credential Indicator_stored_cr_4ae73c'

2022-10-03 22:16:23 - [TEST_STEP][PASSED] - setText(findTestObject("Object Repository/RecAndPlayBk/Page-Vlink-AuthOnly/input_COF Scheduled indicator_cof_scheduled_8df7d8"), ""): Text '' is set on object 'Object Repository/RecAndPlayBk/Page-Vlink-AuthOnly/input_COF Scheduled indicator_cof_scheduled_8df7d8'

2022-10-03 22:16:24 - [MESSAGE][PASSED] - Text '' is set on object 'Object Repository/RecAndPlayBk/Page-Vlink-AuthOnly/input_COF Scheduled indicator_cof_scheduled_8df7d8'

2022-10-03 22:16:24 - [TEST_STEP][PASSED] - setText(findTestObject("Object Repository/RecAndPlayBk/Page-Vlink-AuthOnly/input_COF Transaction Initiated by_cof_tran_6cded5"), ""): Text '' is set on object 'Object Repository/RecAndPlayBk/Page-Vlink-AuthOnly/input_COF Transaction Initiated by_cof_tran_6cded5'

2022-10-03 22:16:25 - [MESSAGE][PASSED] - Text '' is set on object 'Object Repository/RecAndPlayBk/Page-Vlink-AuthOnly/input_COF Transaction Initiated by_cof_tran_6cded5'

2022-10-03 22:16:25 - [TEST_STEP][PASSED] - click(findTestObject("Object Repository/RecAndPlayBk/Page-Vlink-AuthOnly/input")): Object: 'Object Repository/RecAndPlayBk/Page-Vlink-AuthOnly/input' is clicked on

2022-10-03 22:16:26 - [MESSAGE][PASSED] - Object: 'Object Repository/RecAndPlayBk/Page-Vlink-AuthOnly/input' is clicked on

2022-10-03 22:16:26 - [TEST_STEP][PASSED] - if (verifyTextPresent("Transaction approved, no errors", true)): null

2022-10-03 22:16:26 - [MESSAGE][PASSED] - Text 'Transaction approved, no errors' is present on page  using regular expression

2022-10-03 22:16:26 - [TEST_STEP][PASSED] - println("Transaction Approved, no errors text is present on the Confirmation page"): null

2022-10-03 22:16:26 - [TEST_STEP][PASSED] - out.println("Pass Record Number: " + row): null

2022-10-03 22:16:26 - [TEST_STEP][PASSED] - resText = "Pass": null

2022-10-03 22:16:26 - [TEST_STEP][PASSED] - pages.WriteExcel.demoKey(resText, datText, resColumn, datCloumn, fileLoc, nameSheet, row): pages.WriteExcel.demoKey is PASSED

2022-10-03 22:16:26 - [MESSAGE][PASSED] - pages.WriteExcel.demoKey is PASSED]]></system-out>
         <system-err><![CDATA[]]></system-err>
      </testcase>
      <system-out><![CDATA[2022-10-03 22:14:58 - [TEST_SUITE][PASSED] - QA_Smoke_Test: Test Cases/RecAndPlayBk/VLink/AuthOnly]]></system-out>
      <system-err><![CDATA[]]></system-err>
   </testsuite>
</testsuites>
