<?xml version="1.0" encoding="UTF-8"?>
<testsuites name="RAD_UI_TestSuite" time="19.472" tests="1" failures="0" errors="0">
   <testsuite name="RAD_UI_TestSuite" tests="1" failures="0" errors="0" time="19.472" skipped="0" timestamp="2021-10-15 18:20:39" hostname="iahmed - DESKTOP-B2QI6NS.govolution.com" id="Test Suites/RAD_TestSuite/RAD_UI_TestSuite">
      <properties>
         <property name="deviceName" value=""/>
         <property name="devicePlatform" value=""/>
         <property name="logFolder" value="E:\\Cloned-Project-Katalon\\VPS-Katalon\\Reports\\20211015_182036\\RAD_TestSuite\\RAD_UI_TestSuite\\20211015_182036"/>
         <property name="logFiles" value="E:\\Cloned-Project-Katalon\\VPS-Katalon\\Reports\\20211015_182036\\RAD_TestSuite\\RAD_UI_TestSuite\\20211015_182036\\execution0.log"/>
         <property name="attachments" value=""/>
         <property name="hostName" value="iahmed - DESKTOP-B2QI6NS.govolution.com"/>
         <property name="os" value="Windows 10 64bit"/>
         <property name="katalonVersion" value="8.0.5.208"/>
         <property name="browser" value="Chrome 94.0.4606.81"/>
         <property name="hostAddress" value="172.30.2.167"/>
         <property name="sessionId" value="de07790ef4992efff2ad9f26195e0fe2"/>
         <property name="seleniumVersion" value="3.141.59"/>
         <property name="proxyInformation" value="ProxyInformation { proxyOption=NO_PROXY, proxyServerType=HTTP, username=, password=********, proxyServerAddress=, proxyServerPort=0, executionList=&quot;&quot;, isApplyToDesiredCapabilities=true }"/>
         <property name="platform" value="Windows 10"/>
      </properties>
      <testcase name="Test Cases/RAD_TestCases/EstimatedTaxUI_TC" time="17.787" classname="Test Cases/RAD_TestCases/EstimatedTaxUI_TC" status="PASSED">
         <system-out><![CDATA[2021-10-15 18:20:40 - [TEST_CASE][PASSED] - Test Cases/RAD_TestCases/EstimatedTaxUI_TC: Test Cases/RAD_TestCases/EstimatedTaxUI_TC

2021-10-15 18:20:40 - [TEST_STEP][PASSED] - openBrowser(""): Browser is opened with url: ''

2021-10-15 18:20:40 - [MESSAGE][INFO] - Starting 'Chrome' driver

2021-10-15 18:20:40 - [MESSAGE][INFO] - User set preference: ['acceptInsecureCerts', 'true']

2021-10-15 18:20:41 - [MESSAGE][INFO] - Action delay is set to 0 milliseconds

2021-10-15 18:20:43 - [MESSAGE][PASSED] - Browser is opened with url: ''

2021-10-15 18:20:43 - [TEST_STEP][PASSED] - maximizeWindow(): Current window maximized

2021-10-15 18:20:43 - [MESSAGE][PASSED] - Current window maximized

2021-10-15 18:20:43 - [TEST_STEP][PASSED] - navigateToUrl(RADurl): Navigate to 'https://qa.velocitypayment.com/client/rad/index.html' successfully

2021-10-15 18:20:45 - [MESSAGE][PASSED] - Navigate to 'https://qa.velocitypayment.com/client/rad/index.html' successfully

2021-10-15 18:20:45 - [TEST_STEP][PASSED] - orPath_Landing = "Object Repository/RAD_Pages/Landing_Page": null

2021-10-15 18:20:45 - [TEST_STEP][PASSED] - orPath_TaxTypeFilingYear = "Object Repository/RAD_Pages/TaxTypeFilingYear_Page": null

2021-10-15 18:20:45 - [TEST_STEP][PASSED] - orPath_TaxPayer = "Object Repository/RAD_Pages/Taxpayer_Page": null

2021-10-15 18:20:45 - [TEST_STEP][PASSED] - orPath_AddressContact = "Object Repository/RAD_Pages/AddressAndContactInfo_Page": null

2021-10-15 18:20:45 - [TEST_STEP][PASSED] - orPath_FilingStatus = "Object Repository/RAD_Pages/FilingStatus_Page": null

2021-10-15 18:20:45 - [TEST_STEP][PASSED] - orPath_Amount = "Object Repository/RAD_Pages/PaymentAmount_Page": null

2021-10-15 18:20:45 - [TEST_STEP][PASSED] - selectOptionByLabel(findTestObject(orPath_Landing + "/dd_TaxType"), "Estimated Tax", false): All options with label 'Estimated Tax' are selected in object 'Object Repository/RAD_Pages/Landing_Page/dd_TaxType' 

2021-10-15 18:20:46 - [MESSAGE][PASSED] - All options with label 'Estimated Tax' are selected in object 'Object Repository/RAD_Pages/Landing_Page/dd_TaxType' 

2021-10-15 18:20:46 - [TEST_STEP][PASSED] - if (verifyElementPresent(findTestObject(orPath_TaxTypeFilingYear + "/select_PaymentType"), 30)): null

2021-10-15 18:20:46 - [MESSAGE][PASSED] - Object 'Object Repository/RAD_Pages/TaxTypeFilingYear_Page/select_PaymentType' is present

2021-10-15 18:20:46 - [TEST_STEP][PASSED] - out.println("Payment Type drop down was found on the Estimated Tax Page"): null

2021-10-15 18:20:46 - [TEST_STEP][PASSED] - if (verifyElementPresent(findTestObject(orPath_TaxTypeFilingYear + "/select_FilingYear"), 30)): null

2021-10-15 18:20:47 - [MESSAGE][PASSED] - Object 'Object Repository/RAD_Pages/TaxTypeFilingYear_Page/select_FilingYear' is present

2021-10-15 18:20:47 - [TEST_STEP][PASSED] - out.println("Filing Year drop down was found on the Estimated Tax Page"): null

2021-10-15 18:20:47 - [TEST_STEP][PASSED] - totalOptionsPaymentType = getNumberOfTotalOption(findTestObject(orPath_TaxTypeFilingYear + "/select_PaymentType")): 3 options of object 'Object Repository/RAD_Pages/TaxTypeFilingYear_Page/select_PaymentType' counted

2021-10-15 18:20:47 - [MESSAGE][PASSED] - 3 options of object 'Object Repository/RAD_Pages/TaxTypeFilingYear_Page/select_PaymentType' counted

2021-10-15 18:20:47 - [TEST_STEP][PASSED] - if (verifyEqual(totalOptionsPaymentType, 3)): null

2021-10-15 18:20:47 - [MESSAGE][PASSED] - Actual object '3' and expected object '3' are equal

2021-10-15 18:20:47 - [TEST_STEP][PASSED] - out.println("Total Options for Payment Type are correct: " + totalOptionsPaymentType): null

2021-10-15 18:20:47 - [TEST_STEP][PASSED] - markPassed("Total Options are correct for Payment Type"): Total Options are correct for Payment Type

2021-10-15 18:20:47 - [MESSAGE][PASSED] - Total Options are correct for Payment Type

2021-10-15 18:20:47 - [TEST_STEP][PASSED] - totalOptionsFilingYear = getNumberOfTotalOption(findTestObject(orPath_TaxTypeFilingYear + "/select_FilingYear")): 4 options of object 'Object Repository/RAD_Pages/TaxTypeFilingYear_Page/select_FilingYear' counted

2021-10-15 18:20:48 - [MESSAGE][PASSED] - 4 options of object 'Object Repository/RAD_Pages/TaxTypeFilingYear_Page/select_FilingYear' counted

2021-10-15 18:20:48 - [TEST_STEP][PASSED] - if (verifyEqual(totalOptionsFilingYear, 4)): null

2021-10-15 18:20:48 - [MESSAGE][PASSED] - Actual object '4' and expected object '4' are equal

2021-10-15 18:20:48 - [TEST_STEP][PASSED] - out.println("Total Options for Filing Year are correct: " + totalOptionsFilingYear): null

2021-10-15 18:20:48 - [TEST_STEP][PASSED] - markPassed("Total Options are correct for Filing Year"): Total Options are correct for Filing Year

2021-10-15 18:20:48 - [MESSAGE][PASSED] - Total Options are correct for Filing Year

2021-10-15 18:20:48 - [TEST_STEP][PASSED] - verifyOptionsPresent(findTestObject(orPath_TaxTypeFilingYear + "/select_PaymentType"), ["Personal", "Corporate"]): Options [Personal, Corporate] present.

2021-10-15 18:20:49 - [MESSAGE][PASSED] - Options [Personal, Corporate] present.

2021-10-15 18:20:49 - [TEST_STEP][PASSED] - verifyOptionsPresent(findTestObject(orPath_TaxTypeFilingYear + "/select_FilingYear"), ["2022", "2021", "2020"]): Options [2022, 2021, 2020] present.

2021-10-15 18:20:49 - [MESSAGE][PASSED] - Options [2022, 2021, 2020] present.

2021-10-15 18:20:49 - [TEST_STEP][PASSED] - verifyTextPresent("Tax Type/Filing Year", true): Text 'Tax Type/Filing Year' is present on page  using regular expression

2021-10-15 18:20:50 - [MESSAGE][PASSED] - Text 'Tax Type/Filing Year' is present on page  using regular expression

2021-10-15 18:20:50 - [TEST_STEP][PASSED] - verifyTextPresent("Taxpayer", true): Text 'Taxpayer' is present on page  using regular expression

2021-10-15 18:20:50 - [MESSAGE][PASSED] - Text 'Taxpayer' is present on page  using regular expression

2021-10-15 18:20:50 - [TEST_STEP][PASSED] - verifyTextPresent("Provide the following taxpayer information", true): Text 'Provide the following taxpayer information' is present on page  using regular expression

2021-10-15 18:20:51 - [MESSAGE][PASSED] - Text 'Provide the following taxpayer information' is present on page  using regular expression

2021-10-15 18:20:51 - [TEST_STEP][PASSED] - verifyTextPresent("Note: If you are paying on behalf of the Taxpayer, enter Taxpayer", true): Text 'Note: If you are paying on behalf of the Taxpayer, enter Taxpayer' is present on page  using regular expression

2021-10-15 18:20:51 - [MESSAGE][PASSED] - Text 'Note: If you are paying on behalf of the Taxpayer, enter Taxpayer' is present on page  using regular expression

2021-10-15 18:20:51 - [TEST_STEP][PASSED] - verifyTextPresent("information here. If you are making a payment for the Taxpayer, you will be required later to enter your own credit card, billing address and other pertinent information", true): Text 'information here. If you are making a payment for the Taxpayer, you will be required later to enter your own credit card, billing address and other pertinent information' is present on page  using regular expression

2021-10-15 18:20:51 - [MESSAGE][PASSED] - Text 'information here. If you are making a payment for the Taxpayer, you will be required later to enter your own credit card, billing address and other pertinent information' is present on page  using regular expression

2021-10-15 18:20:51 - [TEST_STEP][PASSED] - verifyTextPresent("Address and Contact Information", true): Text 'Address and Contact Information' is present on page  using regular expression

2021-10-15 18:20:52 - [MESSAGE][PASSED] - Text 'Address and Contact Information' is present on page  using regular expression

2021-10-15 18:20:52 - [TEST_STEP][PASSED] - verifyTextPresent("Enter the taxpayer", true): Text 'Enter the taxpayer' is present on page  using regular expression

2021-10-15 18:20:52 - [MESSAGE][PASSED] - Text 'Enter the taxpayer' is present on page  using regular expression

2021-10-15 18:20:52 - [TEST_STEP][PASSED] - verifyTextPresent("address and contact information", true): Text 'address and contact information' is present on page  using regular expression

2021-10-15 18:20:52 - [MESSAGE][PASSED] - Text 'address and contact information' is present on page  using regular expression

2021-10-15 18:20:52 - [TEST_STEP][PASSED] - verifyTextPresent("Filing Status", true): Text 'Filing Status' is present on page  using regular expression

2021-10-15 18:20:53 - [MESSAGE][PASSED] - Text 'Filing Status' is present on page  using regular expression

2021-10-15 18:20:53 - [TEST_STEP][PASSED] - verifyTextPresent("Is this an Individual or Joint Filing?", true): Text 'Is this an Individual or Joint Filing?' is present on page  using regular expression

2021-10-15 18:20:53 - [MESSAGE][PASSED] - Text 'Is this an Individual or Joint Filing?' is present on page  using regular expression

2021-10-15 18:20:53 - [TEST_STEP][PASSED] - verifyTextPresent("Filing type", true): Text 'Filing type' is present on page  using regular expression

2021-10-15 18:20:53 - [MESSAGE][PASSED] - Text 'Filing type' is present on page  using regular expression

2021-10-15 18:20:53 - [TEST_STEP][PASSED] - verifyTextPresent("Individual Filing", true): Text 'Individual Filing' is present on page  using regular expression

2021-10-15 18:20:54 - [MESSAGE][PASSED] - Text 'Individual Filing' is present on page  using regular expression

2021-10-15 18:20:54 - [TEST_STEP][PASSED] - verifyTextPresent("Joint Filing", true): Text 'Joint Filing' is present on page  using regular expression

2021-10-15 18:20:54 - [MESSAGE][PASSED] - Text 'Joint Filing' is present on page  using regular expression

2021-10-15 18:20:54 - [TEST_STEP][PASSED] - verifyTextPresent("Payment Amount", true): Text 'Payment Amount' is present on page  using regular expression

2021-10-15 18:20:54 - [MESSAGE][PASSED] - Text 'Payment Amount' is present on page  using regular expression

2021-10-15 18:20:54 - [TEST_STEP][PASSED] - verifyTextPresent("Service Fee: This electronic government service includes a service/convenience fee. Click here for details", true): Text 'Service Fee: This electronic government service includes a service/convenience fee. Click here for details' is present on page  using regular expression

2021-10-15 18:20:55 - [MESSAGE][PASSED] - Text 'Service Fee: This electronic government service includes a service/convenience fee. Click here for details' is present on page  using regular expression

2021-10-15 18:20:55 - [TEST_STEP][PASSED] - verifyElementPresent(findTestObject(orPath_Amount + "/a_Click here for details"), 30): Object 'Object Repository/RAD_Pages/PaymentAmount_Page/a_Click here for details' is present

2021-10-15 18:20:55 - [MESSAGE][PASSED] - Object 'Object Repository/RAD_Pages/PaymentAmount_Page/a_Click here for details' is present

2021-10-15 18:20:55 - [TEST_STEP][PASSED] - verifyElementPresent(findTestObject(orPath_Landing + "/button_Continue"), 30): Object 'Object Repository/RAD_Pages/Landing_Page/button_Continue' is present

2021-10-15 18:20:55 - [MESSAGE][PASSED] - Object 'Object Repository/RAD_Pages/Landing_Page/button_Continue' is present

2021-10-15 18:20:55 - [TEST_STEP][PASSED] - verifyElementPresent(findTestObject(orPath_TaxPayer + "/input_firstName"), 30): Object 'Object Repository/RAD_Pages/Taxpayer_Page/input_firstName' is present

2021-10-15 18:20:56 - [MESSAGE][PASSED] - Object 'Object Repository/RAD_Pages/Taxpayer_Page/input_firstName' is present

2021-10-15 18:20:56 - [TEST_STEP][PASSED] - verifyElementPresent(findTestObject(orPath_TaxPayer + "/input_middleName"), 30): Object 'Object Repository/RAD_Pages/Taxpayer_Page/input_middleName' is present

2021-10-15 18:20:56 - [MESSAGE][PASSED] - Object 'Object Repository/RAD_Pages/Taxpayer_Page/input_middleName' is present

2021-10-15 18:20:56 - [TEST_STEP][PASSED] - verifyElementPresent(findTestObject(orPath_TaxPayer + "/input_lastName"), 30): Object 'Object Repository/RAD_Pages/Taxpayer_Page/input_lastName' is present

2021-10-15 18:20:56 - [MESSAGE][PASSED] - Object 'Object Repository/RAD_Pages/Taxpayer_Page/input_lastName' is present

2021-10-15 18:20:56 - [TEST_STEP][PASSED] - verifyElementPresent(findTestObject(orPath_TaxPayer + "/input_suffix"), 30): Object 'Object Repository/RAD_Pages/Taxpayer_Page/input_suffix' is present

2021-10-15 18:20:57 - [MESSAGE][PASSED] - Object 'Object Repository/RAD_Pages/Taxpayer_Page/input_suffix' is present

2021-10-15 18:20:57 - [TEST_STEP][PASSED] - verifyElementPresent(findTestObject(orPath_TaxPayer + "/input_PSSN"), 30): Object 'Object Repository/RAD_Pages/Taxpayer_Page/input_PSSN' is present

2021-10-15 18:20:57 - [MESSAGE][PASSED] - Object 'Object Repository/RAD_Pages/Taxpayer_Page/input_PSSN' is present

2021-10-15 18:20:57 - [TEST_STEP][PASSED] - verifyElementPresent(findTestObject(orPath_TaxPayer + "/input_reEnterPSSN"), 30): Object 'Object Repository/RAD_Pages/Taxpayer_Page/input_reEnterPSSN' is present

2021-10-15 18:20:57 - [MESSAGE][PASSED] - Object 'Object Repository/RAD_Pages/Taxpayer_Page/input_reEnterPSSN' is present]]></system-out>
         <system-err><![CDATA[]]></system-err>
      </testcase>
      <system-out><![CDATA[2021-10-15 18:20:39 - [TEST_SUITE][PASSED] - RAD_UI_TestSuite: Test Cases/RAD_TestCases/EstimatedTaxUI_TC]]></system-out>
      <system-err><![CDATA[]]></system-err>
   </testsuite>
</testsuites>
