<?xml version="1.0" encoding="UTF-8"?>
<testsuites name="VSP-Profile-TestSuite" time="1092.687" tests="10" failures="0" errors="0">
   <testsuite name="VSP-Profile-TestSuite" tests="10" failures="0" errors="0" time="1092.687" skipped="0" timestamp="2023-09-20 21:33:21" hostname="imtiaz - DESKTOP-B2QI6NS.govolution.com" id="Test Suites/QA/VSP-Bootstrap/VSP-Profile-TestSuite">
      <properties>
         <property name="deviceName" value=""/>
         <property name="devicePlatform" value=""/>
         <property name="logFolder" value="E:\\Cloned-Project-Katalon\\VPS-Katalon\\Reports\\20230920_213316\\QA\\VSP-Bootstrap\\VSP-Profile-TestSuite\\20230920_213316"/>
         <property name="logFiles" value="E:\\Cloned-Project-Katalon\\VPS-Katalon\\Reports\\20230920_213316\\QA\\VSP-Bootstrap\\VSP-Profile-TestSuite\\20230920_213316\\execution0.log"/>
         <property name="attachments" value=""/>
         <property name="hostName" value="imtiaz - DESKTOP-B2QI6NS.govolution.com"/>
         <property name="os" value="Windows 10 64bit"/>
         <property name="katalonVersion" value="8.6.6.208"/>
         <property name="browser" value="Chrome 116.0.0.0"/>
         <property name="hostAddress" value="172.31.253.139"/>
         <property name="sessionId" value="6098d34c90508fd4f95e1e8e6f70b663"/>
         <property name="seleniumVersion" value="3.141.59"/>
         <property name="proxyInformation" value="ProxyInformation { proxyOption=NO_PROXY, proxyServerType=HTTP, username=, password=********, proxyServerAddress=, proxyServerPort=0, executionList=&quot;&quot;, isApplyToDesiredCapabilities=true }"/>
         <property name="platform" value="Windows 10"/>
      </properties>
      <testcase name="Test Cases/Admin Suite Bootstrap/VSP_Profile_TestCases/CreateAndDeleteProfile_Generic_TC" time="91.432" classname="Test Cases/Admin Suite Bootstrap/VSP_Profile_TestCases/CreateAndDeleteProfile_Generic_TC" status="PASSED">
         <system-out><![CDATA[2023-09-20 21:33:22 - [TEST_CASE][PASSED] - Test Cases/Admin Suite Bootstrap/VSP_Profile_TestCases/CreateAndDeleteProfile_Generic_TC: Test Cases/Admin Suite Bootstrap/VSP_Profile_TestCases/CreateAndDeleteProfile_Generic_TC

2023-09-20 21:33:22 - [TEST_STEP][PASSED] - path_Dashboard = "Object Repository/AdminSuiteBootstrap_Pages/Dashboard_Bootstrap/": null

2023-09-20 21:33:22 - [TEST_STEP][PASSED] - path_VT = "Object Repository/AdminSuiteBootstrap_Pages/VT_Bootstrap/IssueTransactions/": null

2023-09-20 21:33:22 - [TEST_STEP][PASSED] - path_CreateProfile = "Object Repository/AdminSuiteBootstrap_Pages/VSP_Bootstrap/CreateProfile/": null

2023-09-20 21:33:22 - [TEST_STEP][PASSED] - path_AddAccount = "Object Repository/AdminSuiteBootstrap_Pages/VSP_Bootstrap/AddAccount/": null

2023-09-20 21:33:22 - [TEST_STEP][PASSED] - path_Add_ACH = "Object Repository/AdminSuiteBootstrap_Pages/VSP_Bootstrap/AddACH/": null

2023-09-20 21:33:22 - [TEST_STEP][PASSED] - path_Add_CC = "Object Repository/AdminSuiteBootstrap_Pages/VSP_Bootstrap/AddCreditCard/": null

2023-09-20 21:33:22 - [TEST_STEP][PASSED] - path_App_Plan = "Object Repository/AdminSuiteBootstrap_Pages/VSP_Bootstrap/AddPaymentPlan/": null

2023-09-20 21:33:22 - [TEST_STEP][PASSED] - path_DeleteProfile = "Object Repository/AdminSuiteBootstrap_Pages/VSP_Bootstrap/DeleteProfile/": null

2023-09-20 21:33:22 - [TEST_STEP][PASSED] - path_ModifyProfile = "Object Repository/AdminSuiteBootstrap_Pages/VSP_Bootstrap/ModifyProfile/": null

2023-09-20 21:33:22 - [TEST_STEP][PASSED] - path_ViewProfile = "Object Repository/AdminSuiteBootstrap_Pages/VSP_Bootstrap/View Profile/": null

2023-09-20 21:33:22 - [TEST_STEP][PASSED] - path_VSPAuth = "Object Repository/AdminSuiteBootstrap_Pages/VSP_Bootstrap/VSP_Auth/": null

2023-09-20 21:33:22 - [TEST_STEP][PASSED] - path_VSPAuthCap = "Object Repository/AdminSuiteBootstrap_Pages/VSP_Bootstrap/VSP_Authcap/": null

2023-09-20 21:33:22 - [TEST_STEP][PASSED] - path_Debit = "Object Repository/AdminSuiteBootstrap_Pages/VSP_Bootstrap/VSP_Debit/": null

2023-09-20 21:33:22 - [TEST_STEP][PASSED] - path_DeleteProfileConfirm = "Object Repository/AdminSuiteBootstrap_Pages/VSP_Bootstrap/DeleteProfileConfirm/": null

2023-09-20 21:33:22 - [TEST_STEP][PASSED] - executionProfile = getExecutionProfile(): null

2023-09-20 21:33:22 - [TEST_STEP][PASSED] - out.println("executionProfile : " + executionProfile): null

2023-09-20 21:33:22 - [TEST_STEP][PASSED] - appName = <not implemented yet for class: org.codehaus.groovy.ast.expr.EmptyExpression>: null

2023-09-20 21:33:22 - [TEST_STEP][PASSED] - appID = <not implemented yet for class: org.codehaus.groovy.ast.expr.EmptyExpression>: null

2023-09-20 21:33:22 - [TEST_STEP][PASSED] - cardNameV = <not implemented yet for class: org.codehaus.groovy.ast.expr.EmptyExpression>: null

2023-09-20 21:33:22 - [TEST_STEP][PASSED] - al1V = <not implemented yet for class: org.codehaus.groovy.ast.expr.EmptyExpression>: null

2023-09-20 21:33:22 - [TEST_STEP][PASSED] - al2V = <not implemented yet for class: org.codehaus.groovy.ast.expr.EmptyExpression>: null

2023-09-20 21:33:22 - [TEST_STEP][PASSED] - zipV = <not implemented yet for class: org.codehaus.groovy.ast.expr.EmptyExpression>: null

2023-09-20 21:33:22 - [TEST_STEP][PASSED] - cardTypeV = <not implemented yet for class: org.codehaus.groovy.ast.expr.EmptyExpression>: null

2023-09-20 21:33:22 - [TEST_STEP][PASSED] - last4V = <not implemented yet for class: org.codehaus.groovy.ast.expr.EmptyExpression>: null

2023-09-20 21:33:22 - [TEST_STEP][PASSED] - nameSheet = "CreateProfile": null

2023-09-20 21:33:22 - [TEST_STEP][PASSED] - numOfRows = findTestData("QA/Bootstrap/VSP-Profile-TestData/CreateAndDeleteProfile").getRowNumbers(): null

2023-09-20 21:33:23 - [TEST_STEP][PASSED] - println("Number of Records: " + numOfRows): null

2023-09-20 21:33:23 - [TEST_STEP][PASSED] - dataFile = "QA/Bootstrap/VSP-Profile-TestData/CreateAndDeleteProfile": null

2023-09-20 21:33:23 - [TEST_STEP][PASSED] - for ([row = 1, row <= numOfRows, (row++)]): Browser is closed

2023-09-20 21:33:23 - [TEST_STEP][PASSED] - ExecuteTC = findTestData(dataFile).getValue("Execute", row): null

2023-09-20 21:33:23 - [TEST_STEP][PASSED] - out.println("Value of Execute is : " + ExecuteTC): null

2023-09-20 21:33:23 - [TEST_STEP][PASSED] - switch (executionProfile): null

2023-09-20 21:33:23 - [TEST_STEP][PASSED] - case "QA2Profile":: null

2023-09-20 21:33:23 - [TEST_STEP][PASSED] - appName = findTestData(dataFile).getValue("AppNameQA", row): null

2023-09-20 21:33:24 - [TEST_STEP][PASSED] - appID = findTestData(dataFile).getValue("AppIDQA", row): null

2023-09-20 21:33:24 - [TEST_STEP][PASSED] - break: null

2023-09-20 21:33:24 - [TEST_STEP][PASSED] - if (ExecuteTC.equalsIgnoreCase("Y")): Browser is closed

2023-09-20 21:33:24 - [TEST_STEP][PASSED] - out.println("Begin Record Number: " + row): null

2023-09-20 21:33:24 - [TEST_STEP][PASSED] - today = new java.util.Date(): null

2023-09-20 21:33:24 - [TEST_STEP][PASSED] - println(today): null

2023-09-20 21:33:24 - [TEST_STEP][PASSED] - datText = today: null

2023-09-20 21:33:24 - [TEST_STEP][PASSED] - adminSuiteBootstrap.loginFunctionality.login_AdminSuite(): adminSuiteBootstrap.loginFunctionality.login_AdminSuite is PASSED

2023-09-20 21:33:25 - [MESSAGE][INFO] - Starting 'Chrome' driver

2023-09-20 21:33:25 - [MESSAGE][INFO] - User set preference: ['acceptInsecureCerts', 'true']

2023-09-20 21:33:25 - [MESSAGE][INFO] - Action delay is set to 0 milliseconds

2023-09-20 21:33:29 - [MESSAGE][PASSED] - Browser is opened with url: 'https://qa2.velocitypayment.com/admin/imtiaz'

2023-09-20 21:33:29 - [MESSAGE][PASSED] - Current window maximized

2023-09-20 21:33:29 - [MESSAGE][PASSED] - Object 'Object Repository/Login_Page/Login_Username_Okta' is present

2023-09-20 21:33:30 - [MESSAGE][PASSED] - Text 'iahmed' is set on object 'Object Repository/Login_Page/Login_Username_Okta'

2023-09-20 21:33:31 - [MESSAGE][PASSED] - Text 'Hello1111111@' is set on object 'Object Repository/Login_Page/Login_Password_Okta'

2023-09-20 21:33:32 - [MESSAGE][PASSED] - Object: 'Object Repository/Login_Page/Login_Submit_Okta' is clicked on

2023-09-20 21:33:32 - [MESSAGE][PASSED] - adminSuiteBootstrap.loginFunctionality.login_AdminSuite is PASSED

2023-09-20 21:33:32 - [TEST_STEP][PASSED] - click(findTestObject(path_Dashboard + appName)): Object: 'Object Repository/AdminSuiteBootstrap_Pages/Dashboard_Bootstrap/a_Access AutoNoCFtp' is clicked on

2023-09-20 21:33:41 - [MESSAGE][PASSED] - Object: 'Object Repository/AdminSuiteBootstrap_Pages/Dashboard_Bootstrap/a_Access AutoNoCFtp' is clicked on

2023-09-20 21:33:41 - [TEST_STEP][PASSED] - click(findTestObject(path_VT + "a_Create")): Object: 'Object Repository/AdminSuiteBootstrap_Pages/VT_Bootstrap/IssueTransactions/a_Create' is clicked on

2023-09-20 21:33:43 - [MESSAGE][PASSED] - Object: 'Object Repository/AdminSuiteBootstrap_Pages/VT_Bootstrap/IssueTransactions/a_Create' is clicked on

2023-09-20 21:33:43 - [TEST_STEP][PASSED] - vspBootstrap.CreateProfilePage.setDataCreateProfile(row, dataFile): vspBootstrap.CreateProfilePage.setDataCreateProfile is PASSED

2023-09-20 21:33:47 - [MESSAGE][PASSED] - Text '22201' is set on object 'Object Repository/AdminSuiteBootstrap_Pages/VSP_Bootstrap/CreateProfile/input_PostalCode'

2023-09-20 21:33:48 - [MESSAGE][PASSED] - Text '4uXl04cMamo5' is set on object 'Object Repository/AdminSuiteBootstrap_Pages/VSP_Bootstrap/CreateProfile/input_profileName'

2023-09-20 21:33:48 - [MESSAGE][PASSED] - Text '' is set on object 'Object Repository/AdminSuiteBootstrap_Pages/VSP_Bootstrap/CreateProfile/input_CompanyName'

2023-09-20 21:33:49 - [MESSAGE][PASSED] - All options with label '' are selected in object 'Object Repository/AdminSuiteBootstrap_Pages/VSP_Bootstrap/CreateProfile/select_Title'  using regular expression

2023-09-20 21:33:50 - [MESSAGE][PASSED] - Text '' is set on object 'Object Repository/AdminSuiteBootstrap_Pages/VSP_Bootstrap/CreateProfile/input_FirstName'

2023-09-20 21:33:51 - [MESSAGE][PASSED] - Text '' is set on object 'Object Repository/AdminSuiteBootstrap_Pages/VSP_Bootstrap/CreateProfile/input_MiddleName'

2023-09-20 21:33:52 - [MESSAGE][PASSED] - Text '' is set on object 'Object Repository/AdminSuiteBootstrap_Pages/VSP_Bootstrap/CreateProfile/input_LastName'

2023-09-20 21:33:53 - [MESSAGE][PASSED] - All options with label '' are selected in object 'Object Repository/AdminSuiteBootstrap_Pages/VSP_Bootstrap/CreateProfile/select_Suffix'  using regular expression

2023-09-20 21:33:53 - [MESSAGE][PASSED] - Text '15 Toledo Road' is set on object 'Object Repository/AdminSuiteBootstrap_Pages/VSP_Bootstrap/CreateProfile/input_address1'

2023-09-20 21:33:54 - [MESSAGE][PASSED] - Text '' is set on object 'Object Repository/AdminSuiteBootstrap_Pages/VSP_Bootstrap/CreateProfile/input_AddressLine2'

2023-09-20 21:33:55 - [MESSAGE][PASSED] - Text '' is set on object 'Object Repository/AdminSuiteBootstrap_Pages/VSP_Bootstrap/CreateProfile/input_PostalCodeExt'

2023-09-20 21:33:55 - [MESSAGE][PASSED] - Text '' is set on object 'Object Repository/AdminSuiteBootstrap_Pages/VSP_Bootstrap/CreateProfile/input_EmaiAddress'

2023-09-20 21:33:56 - [MESSAGE][PASSED] - Text '' is set on object 'Object Repository/AdminSuiteBootstrap_Pages/VSP_Bootstrap/CreateProfile/input_HomePhoneNumber_HomeAreaCode'

2023-09-20 21:33:57 - [MESSAGE][PASSED] - Text '' is set on object 'Object Repository/AdminSuiteBootstrap_Pages/VSP_Bootstrap/CreateProfile/input_homePrefixNumber'

2023-09-20 21:33:57 - [MESSAGE][PASSED] - Text '' is set on object 'Object Repository/AdminSuiteBootstrap_Pages/VSP_Bootstrap/CreateProfile/input_homeSuffixNumber'

2023-09-20 21:33:58 - [MESSAGE][PASSED] - Text '' is set on object 'Object Repository/AdminSuiteBootstrap_Pages/VSP_Bootstrap/CreateProfile/input_MobilePhoneNumber_mobileAreaCode'

2023-09-20 21:33:59 - [MESSAGE][PASSED] - Text '' is set on object 'Object Repository/AdminSuiteBootstrap_Pages/VSP_Bootstrap/CreateProfile/input_mobilePrefixNumber'

2023-09-20 21:33:59 - [MESSAGE][PASSED] - Text '' is set on object 'Object Repository/AdminSuiteBootstrap_Pages/VSP_Bootstrap/CreateProfile/input_mobileSuffixNumber'

2023-09-20 21:34:00 - [MESSAGE][PASSED] - Text '' is set on object 'Object Repository/AdminSuiteBootstrap_Pages/VSP_Bootstrap/CreateProfile/input_WorkPhoneNumber_workAreaCode'

2023-09-20 21:34:01 - [MESSAGE][PASSED] - Text '' is set on object 'Object Repository/AdminSuiteBootstrap_Pages/VSP_Bootstrap/CreateProfile/input_workPrefixNumber'

2023-09-20 21:34:02 - [MESSAGE][PASSED] - Text '' is set on object 'Object Repository/AdminSuiteBootstrap_Pages/VSP_Bootstrap/CreateProfile/input_workSuffixNumber'

2023-09-20 21:34:02 - [MESSAGE][PASSED] - Text '' is set on object 'Object Repository/AdminSuiteBootstrap_Pages/VSP_Bootstrap/CreateProfile/input_Ext_workExtension'

2023-09-20 21:34:03 - [MESSAGE][PASSED] - Text '' is set on object 'Object Repository/AdminSuiteBootstrap_Pages/VSP_Bootstrap/CreateProfile/textarea_NotesComments_note'

2023-09-20 21:34:06 - [MESSAGE][PASSED] - Object: 'Object Repository/AdminSuiteBootstrap_Pages/VSP_Bootstrap/CreateProfile/button_Save' is clicked on

2023-09-20 21:34:06 - [MESSAGE][PASSED] - vspBootstrap.CreateProfilePage.setDataCreateProfile is PASSED

2023-09-20 21:34:06 - [TEST_STEP][PASSED] - verifyTextPresent("Profile successfully created", true): Text 'Profile successfully created' is present on page  using regular expression

2023-09-20 21:34:06 - [MESSAGE][PASSED] - Text 'Profile successfully created' is present on page  using regular expression

2023-09-20 21:34:06 - [TEST_STEP][PASSED] - verifyElementVisible(findTestObject(path_ViewProfile + "a_Modify Profile")): Object 'Object Repository/AdminSuiteBootstrap_Pages/VSP_Bootstrap/View Profile/a_Modify Profile' is visible

2023-09-20 21:34:07 - [MESSAGE][PASSED] - Object 'Object Repository/AdminSuiteBootstrap_Pages/VSP_Bootstrap/View Profile/a_Modify Profile' is visible

2023-09-20 21:34:07 - [TEST_STEP][PASSED] - verifyElementPresent(findTestObject(path_ViewProfile + "a_Modify Profile"), 30): Object 'Object Repository/AdminSuiteBootstrap_Pages/VSP_Bootstrap/View Profile/a_Modify Profile' is present

2023-09-20 21:34:07 - [MESSAGE][PASSED] - Object 'Object Repository/AdminSuiteBootstrap_Pages/VSP_Bootstrap/View Profile/a_Modify Profile' is present

2023-09-20 21:34:07 - [TEST_STEP][PASSED] - click(findTestObject(path_ViewProfile + "a_Delete Profile")): Object: 'Object Repository/AdminSuiteBootstrap_Pages/VSP_Bootstrap/View Profile/a_Delete Profile' is clicked on

2023-09-20 21:34:08 - [MESSAGE][PASSED] - Object: 'Object Repository/AdminSuiteBootstrap_Pages/VSP_Bootstrap/View Profile/a_Delete Profile' is clicked on

2023-09-20 21:34:08 - [TEST_STEP][PASSED] - verifyTextPresent("This will delete all of the following information. Are you sure you want to do this?", true): Text 'This will delete all of the following information. Are you sure you want to do this?' is present on page  using regular expression

2023-09-20 21:34:09 - [MESSAGE][PASSED] - Text 'This will delete all of the following information. Are you sure you want to do this?' is present on page  using regular expression

2023-09-20 21:34:09 - [TEST_STEP][PASSED] - click(findTestObject(path_DeleteProfileConfirm + "button_Delete")): Object: 'Object Repository/AdminSuiteBootstrap_Pages/VSP_Bootstrap/DeleteProfileConfirm/button_Delete' is clicked on

2023-09-20 21:34:10 - [MESSAGE][PASSED] - Object: 'Object Repository/AdminSuiteBootstrap_Pages/VSP_Bootstrap/DeleteProfileConfirm/button_Delete' is clicked on

2023-09-20 21:34:10 - [TEST_STEP][PASSED] - verifyTextPresent("No Search String", true): Text 'No Search String' is present on page  using regular expression

2023-09-20 21:34:10 - [MESSAGE][PASSED] - Text 'No Search String' is present on page  using regular expression

2023-09-20 21:34:10 - [TEST_STEP][PASSED] - verifyTextPresent("You must provide a search string of at least 2 characters", true): Text 'You must provide a search string of at least 2 characters' is present on page  using regular expression

2023-09-20 21:34:11 - [MESSAGE][PASSED] - Text 'You must provide a search string of at least 2 characters' is present on page  using regular expression

2023-09-20 21:34:11 - [TEST_STEP][PASSED] - closeBrowser(): Browser is closed

2023-09-20 21:34:12 - [MESSAGE][PASSED] - Browser is closed

2023-09-20 21:34:12 - [TEST_STEP][PASSED] - ExecuteTC = findTestData(dataFile).getValue("Execute", row): null

2023-09-20 21:34:12 - [TEST_STEP][PASSED] - out.println("Value of Execute is : " + ExecuteTC): null

2023-09-20 21:34:12 - [TEST_STEP][PASSED] - switch (executionProfile): null

2023-09-20 21:34:12 - [TEST_STEP][PASSED] - case "QA2Profile":: null

2023-09-20 21:34:12 - [TEST_STEP][PASSED] - appName = findTestData(dataFile).getValue("AppNameQA", row): null

2023-09-20 21:34:12 - [TEST_STEP][PASSED] - appID = findTestData(dataFile).getValue("AppIDQA", row): null

2023-09-20 21:34:12 - [TEST_STEP][PASSED] - break: null

2023-09-20 21:34:12 - [TEST_STEP][PASSED] - if (ExecuteTC.equalsIgnoreCase("Y")): Browser is closed

2023-09-20 21:34:12 - [TEST_STEP][PASSED] - out.println("Begin Record Number: " + row): null

2023-09-20 21:34:12 - [TEST_STEP][PASSED] - today = new java.util.Date(): null

2023-09-20 21:34:12 - [TEST_STEP][PASSED] - println(today): null

2023-09-20 21:34:12 - [TEST_STEP][PASSED] - datText = today: null

2023-09-20 21:34:12 - [TEST_STEP][PASSED] - adminSuiteBootstrap.loginFunctionality.login_AdminSuite(): adminSuiteBootstrap.loginFunctionality.login_AdminSuite is PASSED

2023-09-20 21:34:12 - [MESSAGE][INFO] - Starting 'Chrome' driver

2023-09-20 21:34:12 - [MESSAGE][INFO] - User set preference: ['acceptInsecureCerts', 'true']

2023-09-20 21:34:12 - [MESSAGE][INFO] - Action delay is set to 0 milliseconds

2023-09-20 21:34:15 - [MESSAGE][PASSED] - Browser is opened with url: 'https://qa2.velocitypayment.com/admin/imtiaz'

2023-09-20 21:34:15 - [MESSAGE][PASSED] - Current window maximized

2023-09-20 21:34:15 - [MESSAGE][PASSED] - Object 'Object Repository/Login_Page/Login_Username_Okta' is present

2023-09-20 21:34:16 - [MESSAGE][PASSED] - Text 'iahmed' is set on object 'Object Repository/Login_Page/Login_Username_Okta'

2023-09-20 21:34:17 - [MESSAGE][PASSED] - Text 'Hello1111111@' is set on object 'Object Repository/Login_Page/Login_Password_Okta'

2023-09-20 21:34:18 - [MESSAGE][PASSED] - Object: 'Object Repository/Login_Page/Login_Submit_Okta' is clicked on

2023-09-20 21:34:18 - [MESSAGE][PASSED] - adminSuiteBootstrap.loginFunctionality.login_AdminSuite is PASSED

2023-09-20 21:34:18 - [TEST_STEP][PASSED] - click(findTestObject(path_Dashboard + appName)): Object: 'Object Repository/AdminSuiteBootstrap_Pages/Dashboard_Bootstrap/a_Access AutoNoCFtp' is clicked on

2023-09-20 21:34:27 - [MESSAGE][PASSED] - Object: 'Object Repository/AdminSuiteBootstrap_Pages/Dashboard_Bootstrap/a_Access AutoNoCFtp' is clicked on

2023-09-20 21:34:27 - [TEST_STEP][PASSED] - click(findTestObject(path_VT + "a_Create")): Object: 'Object Repository/AdminSuiteBootstrap_Pages/VT_Bootstrap/IssueTransactions/a_Create' is clicked on

2023-09-20 21:34:28 - [MESSAGE][PASSED] - Object: 'Object Repository/AdminSuiteBootstrap_Pages/VT_Bootstrap/IssueTransactions/a_Create' is clicked on

2023-09-20 21:34:28 - [TEST_STEP][PASSED] - vspBootstrap.CreateProfilePage.setDataCreateProfile(row, dataFile): vspBootstrap.CreateProfilePage.setDataCreateProfile is PASSED

2023-09-20 21:34:30 - [MESSAGE][PASSED] - Text '21054' is set on object 'Object Repository/AdminSuiteBootstrap_Pages/VSP_Bootstrap/CreateProfile/input_PostalCode'

2023-09-20 21:34:31 - [MESSAGE][PASSED] - Text 'UmQWjTWjVNMo' is set on object 'Object Repository/AdminSuiteBootstrap_Pages/VSP_Bootstrap/CreateProfile/input_profileName'

2023-09-20 21:34:32 - [MESSAGE][PASSED] - Text 'Ace Company' is set on object 'Object Repository/AdminSuiteBootstrap_Pages/VSP_Bootstrap/CreateProfile/input_CompanyName'

2023-09-20 21:34:33 - [MESSAGE][PASSED] - All options with label 'Mr.' are selected in object 'Object Repository/AdminSuiteBootstrap_Pages/VSP_Bootstrap/CreateProfile/select_Title'  using regular expression

2023-09-20 21:34:33 - [MESSAGE][PASSED] - Text 'Alexander' is set on object 'Object Repository/AdminSuiteBootstrap_Pages/VSP_Bootstrap/CreateProfile/input_FirstName'

2023-09-20 21:34:34 - [MESSAGE][PASSED] - Text 'KT' is set on object 'Object Repository/AdminSuiteBootstrap_Pages/VSP_Bootstrap/CreateProfile/input_MiddleName'

2023-09-20 21:34:35 - [MESSAGE][PASSED] - Text 'Lewis' is set on object 'Object Repository/AdminSuiteBootstrap_Pages/VSP_Bootstrap/CreateProfile/input_LastName'

2023-09-20 21:34:36 - [MESSAGE][PASSED] - All options with label 'Sr.' are selected in object 'Object Repository/AdminSuiteBootstrap_Pages/VSP_Bootstrap/CreateProfile/select_Suffix'  using regular expression

2023-09-20 21:34:36 - [MESSAGE][PASSED] - Text '256987 Nolm Ct' is set on object 'Object Repository/AdminSuiteBootstrap_Pages/VSP_Bootstrap/CreateProfile/input_address1'

2023-09-20 21:34:37 - [MESSAGE][PASSED] - Text 'Suite 678' is set on object 'Object Repository/AdminSuiteBootstrap_Pages/VSP_Bootstrap/CreateProfile/input_AddressLine2'

2023-09-20 21:34:38 - [MESSAGE][PASSED] - Text '1234' is set on object 'Object Repository/AdminSuiteBootstrap_Pages/VSP_Bootstrap/CreateProfile/input_PostalCodeExt'

2023-09-20 21:34:39 - [MESSAGE][PASSED] - Text 'iahmed@govolution.com' is set on object 'Object Repository/AdminSuiteBootstrap_Pages/VSP_Bootstrap/CreateProfile/input_EmaiAddress'

2023-09-20 21:34:39 - [MESSAGE][PASSED] - Text '240' is set on object 'Object Repository/AdminSuiteBootstrap_Pages/VSP_Bootstrap/CreateProfile/input_HomePhoneNumber_HomeAreaCode'

2023-09-20 21:34:40 - [MESSAGE][PASSED] - Text '628' is set on object 'Object Repository/AdminSuiteBootstrap_Pages/VSP_Bootstrap/CreateProfile/input_homePrefixNumber'

2023-09-20 21:34:41 - [MESSAGE][PASSED] - Text '0790' is set on object 'Object Repository/AdminSuiteBootstrap_Pages/VSP_Bootstrap/CreateProfile/input_homeSuffixNumber'

2023-09-20 21:34:41 - [MESSAGE][PASSED] - Text '240' is set on object 'Object Repository/AdminSuiteBootstrap_Pages/VSP_Bootstrap/CreateProfile/input_MobilePhoneNumber_mobileAreaCode'

2023-09-20 21:34:42 - [MESSAGE][PASSED] - Text '628' is set on object 'Object Repository/AdminSuiteBootstrap_Pages/VSP_Bootstrap/CreateProfile/input_mobilePrefixNumber'

2023-09-20 21:34:43 - [MESSAGE][PASSED] - Text '0791' is set on object 'Object Repository/AdminSuiteBootstrap_Pages/VSP_Bootstrap/CreateProfile/input_mobileSuffixNumber'

2023-09-20 21:34:43 - [MESSAGE][PASSED] - Text '410' is set on object 'Object Repository/AdminSuiteBootstrap_Pages/VSP_Bootstrap/CreateProfile/input_WorkPhoneNumber_workAreaCode'

2023-09-20 21:34:44 - [MESSAGE][PASSED] - Text '628' is set on object 'Object Repository/AdminSuiteBootstrap_Pages/VSP_Bootstrap/CreateProfile/input_workPrefixNumber'

2023-09-20 21:34:45 - [MESSAGE][PASSED] - Text '0792' is set on object 'Object Repository/AdminSuiteBootstrap_Pages/VSP_Bootstrap/CreateProfile/input_workSuffixNumber'

2023-09-20 21:34:45 - [MESSAGE][PASSED] - Text '123' is set on object 'Object Repository/AdminSuiteBootstrap_Pages/VSP_Bootstrap/CreateProfile/input_Ext_workExtension'

2023-09-20 21:34:46 - [MESSAGE][PASSED] - Text 'This Profile will be deleted' is set on object 'Object Repository/AdminSuiteBootstrap_Pages/VSP_Bootstrap/CreateProfile/textarea_NotesComments_note'

2023-09-20 21:34:48 - [MESSAGE][PASSED] - Object: 'Object Repository/AdminSuiteBootstrap_Pages/VSP_Bootstrap/CreateProfile/button_Save' is clicked on

2023-09-20 21:34:48 - [MESSAGE][PASSED] - vspBootstrap.CreateProfilePage.setDataCreateProfile is PASSED

2023-09-20 21:34:48 - [TEST_STEP][PASSED] - verifyTextPresent("Profile successfully created", true): Text 'Profile successfully created' is present on page  using regular expression

2023-09-20 21:34:48 - [MESSAGE][PASSED] - Text 'Profile successfully created' is present on page  using regular expression

2023-09-20 21:34:48 - [TEST_STEP][PASSED] - verifyElementVisible(findTestObject(path_ViewProfile + "a_Modify Profile")): Object 'Object Repository/AdminSuiteBootstrap_Pages/VSP_Bootstrap/View Profile/a_Modify Profile' is visible

2023-09-20 21:34:49 - [MESSAGE][PASSED] - Object 'Object Repository/AdminSuiteBootstrap_Pages/VSP_Bootstrap/View Profile/a_Modify Profile' is visible

2023-09-20 21:34:49 - [TEST_STEP][PASSED] - verifyElementPresent(findTestObject(path_ViewProfile + "a_Modify Profile"), 30): Object 'Object Repository/AdminSuiteBootstrap_Pages/VSP_Bootstrap/View Profile/a_Modify Profile' is present

2023-09-20 21:34:49 - [MESSAGE][PASSED] - Object 'Object Repository/AdminSuiteBootstrap_Pages/VSP_Bootstrap/View Profile/a_Modify Profile' is present

2023-09-20 21:34:49 - [TEST_STEP][PASSED] - click(findTestObject(path_ViewProfile + "a_Delete Profile")): Object: 'Object Repository/AdminSuiteBootstrap_Pages/VSP_Bootstrap/View Profile/a_Delete Profile' is clicked on

2023-09-20 21:34:50 - [MESSAGE][PASSED] - Object: 'Object Repository/AdminSuiteBootstrap_Pages/VSP_Bootstrap/View Profile/a_Delete Profile' is clicked on

2023-09-20 21:34:50 - [TEST_STEP][PASSED] - verifyTextPresent("This will delete all of the following information. Are you sure you want to do this?", true): Text 'This will delete all of the following information. Are you sure you want to do this?' is present on page  using regular expression

2023-09-20 21:34:50 - [MESSAGE][PASSED] - Text 'This will delete all of the following information. Are you sure you want to do this?' is present on page  using regular expression

2023-09-20 21:34:50 - [TEST_STEP][PASSED] - click(findTestObject(path_DeleteProfileConfirm + "button_Delete")): Object: 'Object Repository/AdminSuiteBootstrap_Pages/VSP_Bootstrap/DeleteProfileConfirm/button_Delete' is clicked on

2023-09-20 21:34:51 - [MESSAGE][PASSED] - Object: 'Object Repository/AdminSuiteBootstrap_Pages/VSP_Bootstrap/DeleteProfileConfirm/button_Delete' is clicked on

2023-09-20 21:34:51 - [TEST_STEP][PASSED] - verifyTextPresent("No Search String", true): Text 'No Search String' is present on page  using regular expression

2023-09-20 21:34:52 - [MESSAGE][PASSED] - Text 'No Search String' is present on page  using regular expression

2023-09-20 21:34:52 - [TEST_STEP][PASSED] - verifyTextPresent("You must provide a search string of at least 2 characters", true): Text 'You must provide a search string of at least 2 characters' is present on page  using regular expression

2023-09-20 21:34:52 - [MESSAGE][PASSED] - Text 'You must provide a search string of at least 2 characters' is present on page  using regular expression

2023-09-20 21:34:52 - [TEST_STEP][PASSED] - closeBrowser(): Browser is closed

2023-09-20 21:34:53 - [MESSAGE][PASSED] - Browser is closed]]></system-out>
         <system-err><![CDATA[]]></system-err>
      </testcase>
      <testcase name="Test Cases/Admin Suite Bootstrap/VSP_Profile_TestCases/AddDeleteCCNotPre_Generic_TC" time="115.907" classname="Test Cases/Admin Suite Bootstrap/VSP_Profile_TestCases/AddDeleteCCNotPre_Generic_TC" status="PASSED">
         <system-out><![CDATA[2023-09-20 21:34:53 - [TEST_CASE][PASSED] - Test Cases/Admin Suite Bootstrap/VSP_Profile_TestCases/AddDeleteCCNotPre_Generic_TC: Test Cases/Admin Suite Bootstrap/VSP_Profile_TestCases/AddDeleteCCNotPre_Generic_TC

2023-09-20 21:34:54 - [TEST_STEP][PASSED] - path_Dashboard = "Object Repository/AdminSuiteBootstrap_Pages/Dashboard_Bootstrap/": null

2023-09-20 21:34:54 - [TEST_STEP][PASSED] - path_VT = "Object Repository/AdminSuiteBootstrap_Pages/VT_Bootstrap/IssueTransactions/": null

2023-09-20 21:34:54 - [TEST_STEP][PASSED] - path_CreateProfile = "Object Repository/AdminSuiteBootstrap_Pages/VSP_Bootstrap/CreateProfile/": null

2023-09-20 21:34:54 - [TEST_STEP][PASSED] - path_AddAccount = "Object Repository/AdminSuiteBootstrap_Pages/VSP_Bootstrap/AddAccount/": null

2023-09-20 21:34:54 - [TEST_STEP][PASSED] - path_Add_ACH = "Object Repository/AdminSuiteBootstrap_Pages/VSP_Bootstrap/AddACH/": null

2023-09-20 21:34:54 - [TEST_STEP][PASSED] - path_Add_CC = "Object Repository/AdminSuiteBootstrap_Pages/VSP_Bootstrap/AddCreditCard/": null

2023-09-20 21:34:54 - [TEST_STEP][PASSED] - path_App_Plan = "Object Repository/AdminSuiteBootstrap_Pages/VSP_Bootstrap/AddPaymentPlan/": null

2023-09-20 21:34:54 - [TEST_STEP][PASSED] - path_DeleteProfile = "Object Repository/AdminSuiteBootstrap_Pages/VSP_Bootstrap/DeleteProfile/": null

2023-09-20 21:34:54 - [TEST_STEP][PASSED] - path_ModifyProfile = "Object Repository/AdminSuiteBootstrap_Pages/VSP_Bootstrap/ModifyProfile/": null

2023-09-20 21:34:54 - [TEST_STEP][PASSED] - path_ViewProfile = "Object Repository/AdminSuiteBootstrap_Pages/VSP_Bootstrap/View Profile/": null

2023-09-20 21:34:54 - [TEST_STEP][PASSED] - path_VSPAuth = "Object Repository/AdminSuiteBootstrap_Pages/VSP_Bootstrap/VSP_Auth/": null

2023-09-20 21:34:54 - [TEST_STEP][PASSED] - path_VSPAuthCap = "Object Repository/AdminSuiteBootstrap_Pages/VSP_Bootstrap/VSP_Authcap/": null

2023-09-20 21:34:54 - [TEST_STEP][PASSED] - path_Debit = "Object Repository/AdminSuiteBootstrap_Pages/VSP_Bootstrap/VSP_Debit/": null

2023-09-20 21:34:54 - [TEST_STEP][PASSED] - path_DeleteProfileConfirm = "Object Repository/AdminSuiteBootstrap_Pages/VSP_Bootstrap/DeleteProfileConfirm/": null

2023-09-20 21:34:54 - [TEST_STEP][PASSED] - executionProfile = getExecutionProfile(): null

2023-09-20 21:34:54 - [TEST_STEP][PASSED] - out.println("executionProfile : " + executionProfile): null

2023-09-20 21:34:54 - [TEST_STEP][PASSED] - appName = <not implemented yet for class: org.codehaus.groovy.ast.expr.EmptyExpression>: null

2023-09-20 21:34:54 - [TEST_STEP][PASSED] - appID = <not implemented yet for class: org.codehaus.groovy.ast.expr.EmptyExpression>: null

2023-09-20 21:34:54 - [TEST_STEP][PASSED] - cardNameV = <not implemented yet for class: org.codehaus.groovy.ast.expr.EmptyExpression>: null

2023-09-20 21:34:54 - [TEST_STEP][PASSED] - al1V = <not implemented yet for class: org.codehaus.groovy.ast.expr.EmptyExpression>: null

2023-09-20 21:34:54 - [TEST_STEP][PASSED] - al2V = <not implemented yet for class: org.codehaus.groovy.ast.expr.EmptyExpression>: null

2023-09-20 21:34:54 - [TEST_STEP][PASSED] - zipV = <not implemented yet for class: org.codehaus.groovy.ast.expr.EmptyExpression>: null

2023-09-20 21:34:54 - [TEST_STEP][PASSED] - cardTypeV = <not implemented yet for class: org.codehaus.groovy.ast.expr.EmptyExpression>: null

2023-09-20 21:34:54 - [TEST_STEP][PASSED] - last4V = <not implemented yet for class: org.codehaus.groovy.ast.expr.EmptyExpression>: null

2023-09-20 21:34:54 - [TEST_STEP][PASSED] - nameSheet = "AddDeleteCCNotPrepopulated": null

2023-09-20 21:34:54 - [TEST_STEP][PASSED] - numOfRows = findTestData("QA/Bootstrap/VSP-Profile-TestData/AddCCNotPrepopulated").getRowNumbers(): null

2023-09-20 21:34:54 - [TEST_STEP][PASSED] - println("Number of Records: " + numOfRows): null

2023-09-20 21:34:54 - [TEST_STEP][PASSED] - dataFile = "QA/Bootstrap/VSP-Profile-TestData/AddCCNotPrepopulated": null

2023-09-20 21:34:54 - [TEST_STEP][PASSED] - for ([row = 1, row <= numOfRows, (row++)]): Browser is closed

2023-09-20 21:34:54 - [TEST_STEP][PASSED] - ExecuteTC = findTestData(dataFile).getValue("Execute", row): null

2023-09-20 21:34:54 - [TEST_STEP][PASSED] - out.println("Value of Execute is : " + ExecuteTC): null

2023-09-20 21:34:54 - [TEST_STEP][PASSED] - switch (executionProfile): null

2023-09-20 21:34:54 - [TEST_STEP][PASSED] - case "QA2Profile":: null

2023-09-20 21:34:54 - [TEST_STEP][PASSED] - appName = findTestData(dataFile).getValue("AppNameQA", row): null

2023-09-20 21:34:54 - [TEST_STEP][PASSED] - appID = findTestData(dataFile).getValue("AppIDQA", row): null

2023-09-20 21:34:54 - [TEST_STEP][PASSED] - break: null

2023-09-20 21:34:54 - [TEST_STEP][PASSED] - if (ExecuteTC.equalsIgnoreCase("Y")): Browser is closed

2023-09-20 21:34:54 - [TEST_STEP][PASSED] - out.println("Begin Record Number: " + row): null

2023-09-20 21:34:54 - [TEST_STEP][PASSED] - today = new java.util.Date(): null

2023-09-20 21:34:54 - [TEST_STEP][PASSED] - println(today): null

2023-09-20 21:34:54 - [TEST_STEP][PASSED] - datText = today: null

2023-09-20 21:34:54 - [TEST_STEP][PASSED] - adminSuiteBootstrap.loginFunctionality.login_AdminSuite(): adminSuiteBootstrap.loginFunctionality.login_AdminSuite is PASSED

2023-09-20 21:34:54 - [MESSAGE][INFO] - Starting 'Chrome' driver

2023-09-20 21:34:54 - [MESSAGE][INFO] - User set preference: ['acceptInsecureCerts', 'true']

2023-09-20 21:34:54 - [MESSAGE][INFO] - Action delay is set to 0 milliseconds

2023-09-20 21:34:57 - [MESSAGE][PASSED] - Browser is opened with url: 'https://qa2.velocitypayment.com/admin/imtiaz'

2023-09-20 21:34:57 - [MESSAGE][PASSED] - Current window maximized

2023-09-20 21:34:57 - [MESSAGE][PASSED] - Object 'Object Repository/Login_Page/Login_Username_Okta' is present

2023-09-20 21:34:58 - [MESSAGE][PASSED] - Text 'iahmed' is set on object 'Object Repository/Login_Page/Login_Username_Okta'

2023-09-20 21:34:59 - [MESSAGE][PASSED] - Text 'Hello1111111@' is set on object 'Object Repository/Login_Page/Login_Password_Okta'

2023-09-20 21:35:00 - [MESSAGE][PASSED] - Object: 'Object Repository/Login_Page/Login_Submit_Okta' is clicked on

2023-09-20 21:35:00 - [MESSAGE][PASSED] - adminSuiteBootstrap.loginFunctionality.login_AdminSuite is PASSED

2023-09-20 21:35:00 - [TEST_STEP][PASSED] - click(findTestObject(path_Dashboard + appName)): Object: 'Object Repository/AdminSuiteBootstrap_Pages/Dashboard_Bootstrap/a_Access AutoNoCFtp' is clicked on

2023-09-20 21:35:06 - [MESSAGE][PASSED] - Object: 'Object Repository/AdminSuiteBootstrap_Pages/Dashboard_Bootstrap/a_Access AutoNoCFtp' is clicked on

2023-09-20 21:35:06 - [TEST_STEP][PASSED] - click(findTestObject(path_VT + "a_Create")): Object: 'Object Repository/AdminSuiteBootstrap_Pages/VT_Bootstrap/IssueTransactions/a_Create' is clicked on

2023-09-20 21:35:07 - [MESSAGE][PASSED] - Object: 'Object Repository/AdminSuiteBootstrap_Pages/VT_Bootstrap/IssueTransactions/a_Create' is clicked on

2023-09-20 21:35:07 - [TEST_STEP][PASSED] - vspBootstrap.CreateProfilePage.setDataONLYCreateProfile(row, dataFile): vspBootstrap.CreateProfilePage.setDataONLYCreateProfile is PASSED

2023-09-20 21:35:10 - [MESSAGE][PASSED] - Text '22201' is set on object 'Object Repository/AdminSuiteBootstrap_Pages/VSP_Bootstrap/CreateProfile/input_PostalCode'

2023-09-20 21:35:10 - [MESSAGE][PASSED] - Text 'D7xXIajczb4c' is set on object 'Object Repository/AdminSuiteBootstrap_Pages/VSP_Bootstrap/CreateProfile/input_profileName'

2023-09-20 21:35:11 - [MESSAGE][PASSED] - Text '' is set on object 'Object Repository/AdminSuiteBootstrap_Pages/VSP_Bootstrap/CreateProfile/input_CompanyName'

2023-09-20 21:35:12 - [MESSAGE][PASSED] - All options with label '' are selected in object 'Object Repository/AdminSuiteBootstrap_Pages/VSP_Bootstrap/CreateProfile/select_Title'  using regular expression

2023-09-20 21:35:13 - [MESSAGE][PASSED] - Text '' is set on object 'Object Repository/AdminSuiteBootstrap_Pages/VSP_Bootstrap/CreateProfile/input_FirstName'

2023-09-20 21:35:13 - [MESSAGE][PASSED] - Text '' is set on object 'Object Repository/AdminSuiteBootstrap_Pages/VSP_Bootstrap/CreateProfile/input_MiddleName'

2023-09-20 21:35:14 - [MESSAGE][PASSED] - Text '' is set on object 'Object Repository/AdminSuiteBootstrap_Pages/VSP_Bootstrap/CreateProfile/input_LastName'

2023-09-20 21:35:15 - [MESSAGE][PASSED] - All options with label '' are selected in object 'Object Repository/AdminSuiteBootstrap_Pages/VSP_Bootstrap/CreateProfile/select_Suffix'  using regular expression

2023-09-20 21:35:16 - [MESSAGE][PASSED] - Text '15 Toledo Road' is set on object 'Object Repository/AdminSuiteBootstrap_Pages/VSP_Bootstrap/CreateProfile/input_address1'

2023-09-20 21:35:16 - [MESSAGE][PASSED] - Text '' is set on object 'Object Repository/AdminSuiteBootstrap_Pages/VSP_Bootstrap/CreateProfile/input_AddressLine2'

2023-09-20 21:35:17 - [MESSAGE][PASSED] - Text '' is set on object 'Object Repository/AdminSuiteBootstrap_Pages/VSP_Bootstrap/CreateProfile/input_PostalCodeExt'

2023-09-20 21:35:18 - [MESSAGE][PASSED] - Text '' is set on object 'Object Repository/AdminSuiteBootstrap_Pages/VSP_Bootstrap/CreateProfile/input_EmaiAddress'

2023-09-20 21:35:18 - [MESSAGE][PASSED] - Text '' is set on object 'Object Repository/AdminSuiteBootstrap_Pages/VSP_Bootstrap/CreateProfile/input_HomePhoneNumber_HomeAreaCode'

2023-09-20 21:35:19 - [MESSAGE][PASSED] - Text '' is set on object 'Object Repository/AdminSuiteBootstrap_Pages/VSP_Bootstrap/CreateProfile/input_homePrefixNumber'

2023-09-20 21:35:20 - [MESSAGE][PASSED] - Text '' is set on object 'Object Repository/AdminSuiteBootstrap_Pages/VSP_Bootstrap/CreateProfile/input_homeSuffixNumber'

2023-09-20 21:35:20 - [MESSAGE][PASSED] - Text '' is set on object 'Object Repository/AdminSuiteBootstrap_Pages/VSP_Bootstrap/CreateProfile/input_MobilePhoneNumber_mobileAreaCode'

2023-09-20 21:35:21 - [MESSAGE][PASSED] - Text '' is set on object 'Object Repository/AdminSuiteBootstrap_Pages/VSP_Bootstrap/CreateProfile/input_mobilePrefixNumber'

2023-09-20 21:35:22 - [MESSAGE][PASSED] - Text '' is set on object 'Object Repository/AdminSuiteBootstrap_Pages/VSP_Bootstrap/CreateProfile/input_mobileSuffixNumber'

2023-09-20 21:35:22 - [MESSAGE][PASSED] - Text '' is set on object 'Object Repository/AdminSuiteBootstrap_Pages/VSP_Bootstrap/CreateProfile/input_WorkPhoneNumber_workAreaCode'

2023-09-20 21:35:23 - [MESSAGE][PASSED] - Text '' is set on object 'Object Repository/AdminSuiteBootstrap_Pages/VSP_Bootstrap/CreateProfile/input_workPrefixNumber'

2023-09-20 21:35:24 - [MESSAGE][PASSED] - Text '' is set on object 'Object Repository/AdminSuiteBootstrap_Pages/VSP_Bootstrap/CreateProfile/input_workSuffixNumber'

2023-09-20 21:35:24 - [MESSAGE][PASSED] - Text '' is set on object 'Object Repository/AdminSuiteBootstrap_Pages/VSP_Bootstrap/CreateProfile/input_Ext_workExtension'

2023-09-20 21:35:25 - [MESSAGE][PASSED] - Text '' is set on object 'Object Repository/AdminSuiteBootstrap_Pages/VSP_Bootstrap/CreateProfile/textarea_NotesComments_note'

2023-09-20 21:35:25 - [MESSAGE][PASSED] - vspBootstrap.CreateProfilePage.setDataONLYCreateProfile is PASSED

2023-09-20 21:35:25 - [TEST_STEP][PASSED] - click(findTestObject(path_CreateProfile + "button_Save  Add Credit Card")): Object: 'Object Repository/AdminSuiteBootstrap_Pages/VSP_Bootstrap/CreateProfile/button_Save  Add Credit Card' is clicked on

2023-09-20 21:35:26 - [MESSAGE][PASSED] - Object: 'Object Repository/AdminSuiteBootstrap_Pages/VSP_Bootstrap/CreateProfile/button_Save  Add Credit Card' is clicked on

2023-09-20 21:35:26 - [TEST_STEP][PASSED] - verifyTextPresent("Profile successfully created", true): Text 'Profile successfully created' is present on page  using regular expression

2023-09-20 21:35:27 - [MESSAGE][PASSED] - Text 'Profile successfully created' is present on page  using regular expression

2023-09-20 21:35:27 - [TEST_STEP][PASSED] - vspBootstrap.AddCreditCardPage.setDataCreditCardNotPre(row, dataFile): vspBootstrap.AddCreditCardPage.setDataCreditCardNotPre is PASSED

2023-09-20 21:35:29 - [MESSAGE][PASSED] - Text '22201' is set on object 'Object Repository/AdminSuiteBootstrap_Pages/VSP_Bootstrap/AddCreditCard/input_postalCode'

2023-09-20 21:35:30 - [MESSAGE][PASSED] - All options with label 'Mr.' are selected in object 'Object Repository/AdminSuiteBootstrap_Pages/VSP_Bootstrap/AddCreditCard/select_Title'  using regular expression

2023-09-20 21:35:30 - [MESSAGE][PASSED] - Text 'Timothy' is set on object 'Object Repository/AdminSuiteBootstrap_Pages/VSP_Bootstrap/AddCreditCard/input_firstName'

2023-09-20 21:35:31 - [MESSAGE][PASSED] - Text 'Mac' is set on object 'Object Repository/AdminSuiteBootstrap_Pages/VSP_Bootstrap/AddCreditCard/input_MiddleName'

2023-09-20 21:35:32 - [MESSAGE][PASSED] - Text 'Siefert' is set on object 'Object Repository/AdminSuiteBootstrap_Pages/VSP_Bootstrap/AddCreditCard/input_lastName'

2023-09-20 21:35:33 - [MESSAGE][PASSED] - All options with label 'Sr.' are selected in object 'Object Repository/AdminSuiteBootstrap_Pages/VSP_Bootstrap/AddCreditCard/select_Suffix'  using regular expression

2023-09-20 21:35:33 - [MESSAGE][PASSED] - Text 'Tim MasterCard' is set on object 'Object Repository/AdminSuiteBootstrap_Pages/VSP_Bootstrap/AddCreditCard/input_nickName'

2023-09-20 21:35:34 - [MESSAGE][PASSED] - Text '5146312200000035' is set on object 'Object Repository/AdminSuiteBootstrap_Pages/VSP_Bootstrap/AddCreditCard/input_cardNumber'

2023-09-20 21:35:35 - [MESSAGE][PASSED] - All options with label '12- DEC' are selected in object 'Object Repository/AdminSuiteBootstrap_Pages/VSP_Bootstrap/AddCreditCard/select_ExpMonth'  using regular expression

2023-09-20 21:35:36 - [MESSAGE][PASSED] - All options with label '2028' are selected in object 'Object Repository/AdminSuiteBootstrap_Pages/VSP_Bootstrap/AddCreditCard/select_ExpYear'  using regular expression

2023-09-20 21:35:37 - [MESSAGE][PASSED] - Text '365 Kanyakumari' is set on object 'Object Repository/AdminSuiteBootstrap_Pages/VSP_Bootstrap/AddCreditCard/input_address1'

2023-09-20 21:35:38 - [MESSAGE][PASSED] - Text 'Room 8' is set on object 'Object Repository/AdminSuiteBootstrap_Pages/VSP_Bootstrap/AddCreditCard/input_AddressLine2'

2023-09-20 21:35:38 - [MESSAGE][PASSED] - Text '1234' is set on object 'Object Repository/AdminSuiteBootstrap_Pages/VSP_Bootstrap/AddCreditCard/input_postalCodeExtension'

2023-09-20 21:35:40 - [MESSAGE][PASSED] - Object: 'Object Repository/AdminSuiteBootstrap_Pages/VSP_Bootstrap/AddCreditCard/button_Create' is clicked on

2023-09-20 21:35:40 - [MESSAGE][PASSED] - vspBootstrap.AddCreditCardPage.setDataCreditCardNotPre is PASSED

2023-09-20 21:35:40 - [TEST_STEP][PASSED] - verifyTextPresent("Payment Method Created", true): Text 'Payment Method Created' is present on page  using regular expression

2023-09-20 21:35:41 - [MESSAGE][PASSED] - Text 'Payment Method Created' is present on page  using regular expression

2023-09-20 21:35:41 - [TEST_STEP][PASSED] - verifyTextPresent("Payment method creation successful", true): Text 'Payment method creation successful' is present on page  using regular expression

2023-09-20 21:35:41 - [MESSAGE][PASSED] - Text 'Payment method creation successful' is present on page  using regular expression

2023-09-20 21:35:41 - [TEST_STEP][PASSED] - verifyElementVisible(findTestObject(path_ViewProfile + "a_nickNameCC")): Object 'Object Repository/AdminSuiteBootstrap_Pages/VSP_Bootstrap/View Profile/a_nickNameCC' is visible

2023-09-20 21:35:41 - [MESSAGE][PASSED] - Object 'Object Repository/AdminSuiteBootstrap_Pages/VSP_Bootstrap/View Profile/a_nickNameCC' is visible

2023-09-20 21:35:41 - [TEST_STEP][PASSED] - verifyElementPresent(findTestObject(path_ViewProfile + "a_nickNameCC"), 30): Object 'Object Repository/AdminSuiteBootstrap_Pages/VSP_Bootstrap/View Profile/a_nickNameCC' is present

2023-09-20 21:35:42 - [MESSAGE][PASSED] - Object 'Object Repository/AdminSuiteBootstrap_Pages/VSP_Bootstrap/View Profile/a_nickNameCC' is present

2023-09-20 21:35:42 - [TEST_STEP][PASSED] - click(findTestObject(path_ViewProfile + "a_nickNameCC")): Object: 'Object Repository/AdminSuiteBootstrap_Pages/VSP_Bootstrap/View Profile/a_nickNameCC' is clicked on

2023-09-20 21:35:43 - [MESSAGE][PASSED] - Object: 'Object Repository/AdminSuiteBootstrap_Pages/VSP_Bootstrap/View Profile/a_nickNameCC' is clicked on

2023-09-20 21:35:43 - [TEST_STEP][PASSED] - verifyTextPresent("Credit Card Billing Information", true): Text 'Credit Card Billing Information' is present on page  using regular expression

2023-09-20 21:35:43 - [MESSAGE][PASSED] - Text 'Credit Card Billing Information' is present on page  using regular expression

2023-09-20 21:35:43 - [TEST_STEP][PASSED] - nickName = findTestData(dataFile).getValue("NickNameCC", row): null

2023-09-20 21:35:43 - [TEST_STEP][PASSED] - verifyTextPresent(nickName, true): Text 'Tim MasterCard' is present on page  using regular expression

2023-09-20 21:35:44 - [MESSAGE][PASSED] - Text 'Tim MasterCard' is present on page  using regular expression

2023-09-20 21:35:44 - [TEST_STEP][PASSED] - click(findTestObject(path_ViewProfile + "a_Delete Credit Card")): Object: 'Object Repository/AdminSuiteBootstrap_Pages/VSP_Bootstrap/View Profile/a_Delete Credit Card' is clicked on

2023-09-20 21:35:45 - [MESSAGE][PASSED] - Object: 'Object Repository/AdminSuiteBootstrap_Pages/VSP_Bootstrap/View Profile/a_Delete Credit Card' is clicked on

2023-09-20 21:35:45 - [TEST_STEP][PASSED] - verifyTextPresent("Delete Credit Card Confirmation", true): Text 'Delete Credit Card Confirmation' is present on page  using regular expression

2023-09-20 21:35:45 - [MESSAGE][PASSED] - Text 'Delete Credit Card Confirmation' is present on page  using regular expression

2023-09-20 21:35:45 - [TEST_STEP][PASSED] - verifyTextPresent("This will delete the credit card account. Are you sure you want to do this?", true): Text 'This will delete the credit card account. Are you sure you want to do this?' is present on page  using regular expression

2023-09-20 21:35:46 - [MESSAGE][PASSED] - Text 'This will delete the credit card account. Are you sure you want to do this?' is present on page  using regular expression

2023-09-20 21:35:46 - [TEST_STEP][PASSED] - click(findTestObject(path_ViewProfile + "button_DeleteCCConfirm")): Object: 'Object Repository/AdminSuiteBootstrap_Pages/VSP_Bootstrap/View Profile/button_DeleteCCConfirm' is clicked on

2023-09-20 21:35:47 - [MESSAGE][PASSED] - Object: 'Object Repository/AdminSuiteBootstrap_Pages/VSP_Bootstrap/View Profile/button_DeleteCCConfirm' is clicked on

2023-09-20 21:35:47 - [TEST_STEP][PASSED] - verifyTextPresent("Payment Method Deletion", true): Text 'Payment Method Deletion' is present on page  using regular expression

2023-09-20 21:35:48 - [MESSAGE][PASSED] - Text 'Payment Method Deletion' is present on page  using regular expression

2023-09-20 21:35:48 - [TEST_STEP][PASSED] - verifyTextPresent("Payment method was successfully deleted.", true): Text 'Payment method was successfully deleted.' is present on page  using regular expression

2023-09-20 21:35:48 - [MESSAGE][PASSED] - Text 'Payment method was successfully deleted.' is present on page  using regular expression

2023-09-20 21:35:48 - [TEST_STEP][PASSED] - click(findTestObject(path_ViewProfile + "a_Delete Profile")): Object: 'Object Repository/AdminSuiteBootstrap_Pages/VSP_Bootstrap/View Profile/a_Delete Profile' is clicked on

2023-09-20 21:35:49 - [MESSAGE][PASSED] - Object: 'Object Repository/AdminSuiteBootstrap_Pages/VSP_Bootstrap/View Profile/a_Delete Profile' is clicked on

2023-09-20 21:35:49 - [TEST_STEP][PASSED] - verifyTextPresent("This will delete all of the following information. Are you sure you want to do this?", true): Text 'This will delete all of the following information. Are you sure you want to do this?' is present on page  using regular expression

2023-09-20 21:35:49 - [MESSAGE][PASSED] - Text 'This will delete all of the following information. Are you sure you want to do this?' is present on page  using regular expression

2023-09-20 21:35:49 - [TEST_STEP][PASSED] - click(findTestObject(path_DeleteProfileConfirm + "button_Delete")): Object: 'Object Repository/AdminSuiteBootstrap_Pages/VSP_Bootstrap/DeleteProfileConfirm/button_Delete' is clicked on

2023-09-20 21:35:50 - [MESSAGE][PASSED] - Object: 'Object Repository/AdminSuiteBootstrap_Pages/VSP_Bootstrap/DeleteProfileConfirm/button_Delete' is clicked on

2023-09-20 21:35:50 - [TEST_STEP][PASSED] - verifyTextPresent("No Search String", true): Text 'No Search String' is present on page  using regular expression

2023-09-20 21:35:51 - [MESSAGE][PASSED] - Text 'No Search String' is present on page  using regular expression

2023-09-20 21:35:51 - [TEST_STEP][PASSED] - verifyTextPresent("You must provide a search string of at least 2 characters", true): Text 'You must provide a search string of at least 2 characters' is present on page  using regular expression

2023-09-20 21:35:51 - [MESSAGE][PASSED] - Text 'You must provide a search string of at least 2 characters' is present on page  using regular expression

2023-09-20 21:35:51 - [TEST_STEP][PASSED] - closeBrowser(): Browser is closed

2023-09-20 21:35:52 - [MESSAGE][PASSED] - Browser is closed

2023-09-20 21:35:52 - [TEST_STEP][PASSED] - ExecuteTC = findTestData(dataFile).getValue("Execute", row): null

2023-09-20 21:35:52 - [TEST_STEP][PASSED] - out.println("Value of Execute is : " + ExecuteTC): null

2023-09-20 21:35:52 - [TEST_STEP][PASSED] - switch (executionProfile): null

2023-09-20 21:35:52 - [TEST_STEP][PASSED] - case "QA2Profile":: null

2023-09-20 21:35:52 - [TEST_STEP][PASSED] - appName = findTestData(dataFile).getValue("AppNameQA", row): null

2023-09-20 21:35:52 - [TEST_STEP][PASSED] - appID = findTestData(dataFile).getValue("AppIDQA", row): null

2023-09-20 21:35:52 - [TEST_STEP][PASSED] - break: null

2023-09-20 21:35:52 - [TEST_STEP][PASSED] - if (ExecuteTC.equalsIgnoreCase("Y")): Browser is closed

2023-09-20 21:35:52 - [TEST_STEP][PASSED] - out.println("Begin Record Number: " + row): null

2023-09-20 21:35:52 - [TEST_STEP][PASSED] - today = new java.util.Date(): null

2023-09-20 21:35:52 - [TEST_STEP][PASSED] - println(today): null

2023-09-20 21:35:52 - [TEST_STEP][PASSED] - datText = today: null

2023-09-20 21:35:52 - [TEST_STEP][PASSED] - adminSuiteBootstrap.loginFunctionality.login_AdminSuite(): adminSuiteBootstrap.loginFunctionality.login_AdminSuite is PASSED

2023-09-20 21:35:52 - [MESSAGE][INFO] - Starting 'Chrome' driver

2023-09-20 21:35:52 - [MESSAGE][INFO] - User set preference: ['acceptInsecureCerts', 'true']

2023-09-20 21:35:52 - [MESSAGE][INFO] - Action delay is set to 0 milliseconds

2023-09-20 21:35:55 - [MESSAGE][PASSED] - Browser is opened with url: 'https://qa2.velocitypayment.com/admin/imtiaz'

2023-09-20 21:35:55 - [MESSAGE][PASSED] - Current window maximized

2023-09-20 21:35:55 - [MESSAGE][PASSED] - Object 'Object Repository/Login_Page/Login_Username_Okta' is present

2023-09-20 21:35:56 - [MESSAGE][PASSED] - Text 'iahmed' is set on object 'Object Repository/Login_Page/Login_Username_Okta'

2023-09-20 21:35:57 - [MESSAGE][PASSED] - Text 'Hello1111111@' is set on object 'Object Repository/Login_Page/Login_Password_Okta'

2023-09-20 21:35:58 - [MESSAGE][PASSED] - Object: 'Object Repository/Login_Page/Login_Submit_Okta' is clicked on

2023-09-20 21:35:58 - [MESSAGE][PASSED] - adminSuiteBootstrap.loginFunctionality.login_AdminSuite is PASSED

2023-09-20 21:35:58 - [TEST_STEP][PASSED] - click(findTestObject(path_Dashboard + appName)): Object: 'Object Repository/AdminSuiteBootstrap_Pages/Dashboard_Bootstrap/a_Access AutoNoCFtp' is clicked on

2023-09-20 21:36:05 - [MESSAGE][PASSED] - Object: 'Object Repository/AdminSuiteBootstrap_Pages/Dashboard_Bootstrap/a_Access AutoNoCFtp' is clicked on

2023-09-20 21:36:05 - [TEST_STEP][PASSED] - click(findTestObject(path_VT + "a_Create")): Object: 'Object Repository/AdminSuiteBootstrap_Pages/VT_Bootstrap/IssueTransactions/a_Create' is clicked on

2023-09-20 21:36:06 - [MESSAGE][PASSED] - Object: 'Object Repository/AdminSuiteBootstrap_Pages/VT_Bootstrap/IssueTransactions/a_Create' is clicked on

2023-09-20 21:36:06 - [TEST_STEP][PASSED] - vspBootstrap.CreateProfilePage.setDataONLYCreateProfile(row, dataFile): vspBootstrap.CreateProfilePage.setDataONLYCreateProfile is PASSED

2023-09-20 21:36:08 - [MESSAGE][PASSED] - Text '22201' is set on object 'Object Repository/AdminSuiteBootstrap_Pages/VSP_Bootstrap/CreateProfile/input_PostalCode'

2023-09-20 21:36:09 - [MESSAGE][PASSED] - Text 'gKjBhbrLYpHb' is set on object 'Object Repository/AdminSuiteBootstrap_Pages/VSP_Bootstrap/CreateProfile/input_profileName'

2023-09-20 21:36:10 - [MESSAGE][PASSED] - Text '' is set on object 'Object Repository/AdminSuiteBootstrap_Pages/VSP_Bootstrap/CreateProfile/input_CompanyName'

2023-09-20 21:36:10 - [MESSAGE][PASSED] - All options with label '' are selected in object 'Object Repository/AdminSuiteBootstrap_Pages/VSP_Bootstrap/CreateProfile/select_Title'  using regular expression

2023-09-20 21:36:11 - [MESSAGE][PASSED] - Text '' is set on object 'Object Repository/AdminSuiteBootstrap_Pages/VSP_Bootstrap/CreateProfile/input_FirstName'

2023-09-20 21:36:12 - [MESSAGE][PASSED] - Text '' is set on object 'Object Repository/AdminSuiteBootstrap_Pages/VSP_Bootstrap/CreateProfile/input_MiddleName'

2023-09-20 21:36:12 - [MESSAGE][PASSED] - Text '' is set on object 'Object Repository/AdminSuiteBootstrap_Pages/VSP_Bootstrap/CreateProfile/input_LastName'

2023-09-20 21:36:13 - [MESSAGE][PASSED] - All options with label '' are selected in object 'Object Repository/AdminSuiteBootstrap_Pages/VSP_Bootstrap/CreateProfile/select_Suffix'  using regular expression

2023-09-20 21:36:14 - [MESSAGE][PASSED] - Text '15 Toledo Road' is set on object 'Object Repository/AdminSuiteBootstrap_Pages/VSP_Bootstrap/CreateProfile/input_address1'

2023-09-20 21:36:15 - [MESSAGE][PASSED] - Text '' is set on object 'Object Repository/AdminSuiteBootstrap_Pages/VSP_Bootstrap/CreateProfile/input_AddressLine2'

2023-09-20 21:36:15 - [MESSAGE][PASSED] - Text '' is set on object 'Object Repository/AdminSuiteBootstrap_Pages/VSP_Bootstrap/CreateProfile/input_PostalCodeExt'

2023-09-20 21:36:16 - [MESSAGE][PASSED] - Text '' is set on object 'Object Repository/AdminSuiteBootstrap_Pages/VSP_Bootstrap/CreateProfile/input_EmaiAddress'

2023-09-20 21:36:17 - [MESSAGE][PASSED] - Text '' is set on object 'Object Repository/AdminSuiteBootstrap_Pages/VSP_Bootstrap/CreateProfile/input_HomePhoneNumber_HomeAreaCode'

2023-09-20 21:36:17 - [MESSAGE][PASSED] - Text '' is set on object 'Object Repository/AdminSuiteBootstrap_Pages/VSP_Bootstrap/CreateProfile/input_homePrefixNumber'

2023-09-20 21:36:18 - [MESSAGE][PASSED] - Text '' is set on object 'Object Repository/AdminSuiteBootstrap_Pages/VSP_Bootstrap/CreateProfile/input_homeSuffixNumber'

2023-09-20 21:36:19 - [MESSAGE][PASSED] - Text '' is set on object 'Object Repository/AdminSuiteBootstrap_Pages/VSP_Bootstrap/CreateProfile/input_MobilePhoneNumber_mobileAreaCode'

2023-09-20 21:36:19 - [MESSAGE][PASSED] - Text '' is set on object 'Object Repository/AdminSuiteBootstrap_Pages/VSP_Bootstrap/CreateProfile/input_mobilePrefixNumber'

2023-09-20 21:36:20 - [MESSAGE][PASSED] - Text '' is set on object 'Object Repository/AdminSuiteBootstrap_Pages/VSP_Bootstrap/CreateProfile/input_mobileSuffixNumber'

2023-09-20 21:36:20 - [MESSAGE][PASSED] - Text '' is set on object 'Object Repository/AdminSuiteBootstrap_Pages/VSP_Bootstrap/CreateProfile/input_WorkPhoneNumber_workAreaCode'

2023-09-20 21:36:21 - [MESSAGE][PASSED] - Text '' is set on object 'Object Repository/AdminSuiteBootstrap_Pages/VSP_Bootstrap/CreateProfile/input_workPrefixNumber'

2023-09-20 21:36:22 - [MESSAGE][PASSED] - Text '' is set on object 'Object Repository/AdminSuiteBootstrap_Pages/VSP_Bootstrap/CreateProfile/input_workSuffixNumber'

2023-09-20 21:36:22 - [MESSAGE][PASSED] - Text '' is set on object 'Object Repository/AdminSuiteBootstrap_Pages/VSP_Bootstrap/CreateProfile/input_Ext_workExtension'

2023-09-20 21:36:23 - [MESSAGE][PASSED] - Text '' is set on object 'Object Repository/AdminSuiteBootstrap_Pages/VSP_Bootstrap/CreateProfile/textarea_NotesComments_note'

2023-09-20 21:36:23 - [MESSAGE][PASSED] - vspBootstrap.CreateProfilePage.setDataONLYCreateProfile is PASSED

2023-09-20 21:36:23 - [TEST_STEP][PASSED] - click(findTestObject(path_CreateProfile + "button_Save  Add Credit Card")): Object: 'Object Repository/AdminSuiteBootstrap_Pages/VSP_Bootstrap/CreateProfile/button_Save  Add Credit Card' is clicked on

2023-09-20 21:36:24 - [MESSAGE][PASSED] - Object: 'Object Repository/AdminSuiteBootstrap_Pages/VSP_Bootstrap/CreateProfile/button_Save  Add Credit Card' is clicked on

2023-09-20 21:36:24 - [TEST_STEP][PASSED] - verifyTextPresent("Profile successfully created", true): Text 'Profile successfully created' is present on page  using regular expression

2023-09-20 21:36:25 - [MESSAGE][PASSED] - Text 'Profile successfully created' is present on page  using regular expression

2023-09-20 21:36:25 - [TEST_STEP][PASSED] - vspBootstrap.AddCreditCardPage.setDataCreditCardNotPre(row, dataFile): vspBootstrap.AddCreditCardPage.setDataCreditCardNotPre is PASSED

2023-09-20 21:36:27 - [MESSAGE][PASSED] - Text '21093' is set on object 'Object Repository/AdminSuiteBootstrap_Pages/VSP_Bootstrap/AddCreditCard/input_postalCode'

2023-09-20 21:36:28 - [MESSAGE][PASSED] - All options with label '' are selected in object 'Object Repository/AdminSuiteBootstrap_Pages/VSP_Bootstrap/AddCreditCard/select_Title'  using regular expression

2023-09-20 21:36:28 - [MESSAGE][PASSED] - Text 'Brandon' is set on object 'Object Repository/AdminSuiteBootstrap_Pages/VSP_Bootstrap/AddCreditCard/input_firstName'

2023-09-20 21:36:29 - [MESSAGE][PASSED] - Text '' is set on object 'Object Repository/AdminSuiteBootstrap_Pages/VSP_Bootstrap/AddCreditCard/input_MiddleName'

2023-09-20 21:36:30 - [MESSAGE][PASSED] - Text 'McCulumm' is set on object 'Object Repository/AdminSuiteBootstrap_Pages/VSP_Bootstrap/AddCreditCard/input_lastName'

2023-09-20 21:36:31 - [MESSAGE][PASSED] - All options with label '' are selected in object 'Object Repository/AdminSuiteBootstrap_Pages/VSP_Bootstrap/AddCreditCard/select_Suffix'  using regular expression

2023-09-20 21:36:31 - [MESSAGE][PASSED] - Text 'Brandon Amex' is set on object 'Object Repository/AdminSuiteBootstrap_Pages/VSP_Bootstrap/AddCreditCard/input_nickName'

2023-09-20 21:36:32 - [MESSAGE][PASSED] - Text '371449635392376' is set on object 'Object Repository/AdminSuiteBootstrap_Pages/VSP_Bootstrap/AddCreditCard/input_cardNumber'

2023-09-20 21:36:33 - [MESSAGE][PASSED] - All options with label '1 - JAN' are selected in object 'Object Repository/AdminSuiteBootstrap_Pages/VSP_Bootstrap/AddCreditCard/select_ExpMonth'  using regular expression

2023-09-20 21:36:34 - [MESSAGE][PASSED] - All options with label '2028' are selected in object 'Object Repository/AdminSuiteBootstrap_Pages/VSP_Bootstrap/AddCreditCard/select_ExpYear'  using regular expression

2023-09-20 21:36:35 - [MESSAGE][PASSED] - Text '2225 Kendsha road' is set on object 'Object Repository/AdminSuiteBootstrap_Pages/VSP_Bootstrap/AddCreditCard/input_address1'

2023-09-20 21:36:35 - [MESSAGE][PASSED] - Text '' is set on object 'Object Repository/AdminSuiteBootstrap_Pages/VSP_Bootstrap/AddCreditCard/input_AddressLine2'

2023-09-20 21:36:36 - [MESSAGE][PASSED] - Text '' is set on object 'Object Repository/AdminSuiteBootstrap_Pages/VSP_Bootstrap/AddCreditCard/input_postalCodeExtension'

2023-09-20 21:36:37 - [MESSAGE][PASSED] - Object: 'Object Repository/AdminSuiteBootstrap_Pages/VSP_Bootstrap/AddCreditCard/button_Create' is clicked on

2023-09-20 21:36:37 - [MESSAGE][PASSED] - vspBootstrap.AddCreditCardPage.setDataCreditCardNotPre is PASSED

2023-09-20 21:36:37 - [TEST_STEP][PASSED] - verifyTextPresent("Payment Method Created", true): Text 'Payment Method Created' is present on page  using regular expression

2023-09-20 21:36:38 - [MESSAGE][PASSED] - Text 'Payment Method Created' is present on page  using regular expression

2023-09-20 21:36:38 - [TEST_STEP][PASSED] - verifyTextPresent("Payment method creation successful", true): Text 'Payment method creation successful' is present on page  using regular expression

2023-09-20 21:36:38 - [MESSAGE][PASSED] - Text 'Payment method creation successful' is present on page  using regular expression

2023-09-20 21:36:38 - [TEST_STEP][PASSED] - verifyElementVisible(findTestObject(path_ViewProfile + "a_nickNameCC")): Object 'Object Repository/AdminSuiteBootstrap_Pages/VSP_Bootstrap/View Profile/a_nickNameCC' is visible

2023-09-20 21:36:39 - [MESSAGE][PASSED] - Object 'Object Repository/AdminSuiteBootstrap_Pages/VSP_Bootstrap/View Profile/a_nickNameCC' is visible

2023-09-20 21:36:39 - [TEST_STEP][PASSED] - verifyElementPresent(findTestObject(path_ViewProfile + "a_nickNameCC"), 30): Object 'Object Repository/AdminSuiteBootstrap_Pages/VSP_Bootstrap/View Profile/a_nickNameCC' is present

2023-09-20 21:36:39 - [MESSAGE][PASSED] - Object 'Object Repository/AdminSuiteBootstrap_Pages/VSP_Bootstrap/View Profile/a_nickNameCC' is present

2023-09-20 21:36:39 - [TEST_STEP][PASSED] - click(findTestObject(path_ViewProfile + "a_nickNameCC")): Object: 'Object Repository/AdminSuiteBootstrap_Pages/VSP_Bootstrap/View Profile/a_nickNameCC' is clicked on

2023-09-20 21:36:40 - [MESSAGE][PASSED] - Object: 'Object Repository/AdminSuiteBootstrap_Pages/VSP_Bootstrap/View Profile/a_nickNameCC' is clicked on

2023-09-20 21:36:40 - [TEST_STEP][PASSED] - verifyTextPresent("Credit Card Billing Information", true): Text 'Credit Card Billing Information' is present on page  using regular expression

2023-09-20 21:36:41 - [MESSAGE][PASSED] - Text 'Credit Card Billing Information' is present on page  using regular expression

2023-09-20 21:36:41 - [TEST_STEP][PASSED] - nickName = findTestData(dataFile).getValue("NickNameCC", row): null

2023-09-20 21:36:41 - [TEST_STEP][PASSED] - verifyTextPresent(nickName, true): Text 'Brandon Amex' is present on page  using regular expression

2023-09-20 21:36:41 - [MESSAGE][PASSED] - Text 'Brandon Amex' is present on page  using regular expression

2023-09-20 21:36:41 - [TEST_STEP][PASSED] - click(findTestObject(path_ViewProfile + "a_Delete Credit Card")): Object: 'Object Repository/AdminSuiteBootstrap_Pages/VSP_Bootstrap/View Profile/a_Delete Credit Card' is clicked on

2023-09-20 21:36:42 - [MESSAGE][PASSED] - Object: 'Object Repository/AdminSuiteBootstrap_Pages/VSP_Bootstrap/View Profile/a_Delete Credit Card' is clicked on

2023-09-20 21:36:42 - [TEST_STEP][PASSED] - verifyTextPresent("Delete Credit Card Confirmation", true): Text 'Delete Credit Card Confirmation' is present on page  using regular expression

2023-09-20 21:36:42 - [MESSAGE][PASSED] - Text 'Delete Credit Card Confirmation' is present on page  using regular expression

2023-09-20 21:36:42 - [TEST_STEP][PASSED] - verifyTextPresent("This will delete the credit card account. Are you sure you want to do this?", true): Text 'This will delete the credit card account. Are you sure you want to do this?' is present on page  using regular expression

2023-09-20 21:36:43 - [MESSAGE][PASSED] - Text 'This will delete the credit card account. Are you sure you want to do this?' is present on page  using regular expression

2023-09-20 21:36:43 - [TEST_STEP][PASSED] - click(findTestObject(path_ViewProfile + "button_DeleteCCConfirm")): Object: 'Object Repository/AdminSuiteBootstrap_Pages/VSP_Bootstrap/View Profile/button_DeleteCCConfirm' is clicked on

2023-09-20 21:36:44 - [MESSAGE][PASSED] - Object: 'Object Repository/AdminSuiteBootstrap_Pages/VSP_Bootstrap/View Profile/button_DeleteCCConfirm' is clicked on

2023-09-20 21:36:44 - [TEST_STEP][PASSED] - verifyTextPresent("Payment Method Deletion", true): Text 'Payment Method Deletion' is present on page  using regular expression

2023-09-20 21:36:45 - [MESSAGE][PASSED] - Text 'Payment Method Deletion' is present on page  using regular expression

2023-09-20 21:36:45 - [TEST_STEP][PASSED] - verifyTextPresent("Payment method was successfully deleted.", true): Text 'Payment method was successfully deleted.' is present on page  using regular expression

2023-09-20 21:36:45 - [MESSAGE][PASSED] - Text 'Payment method was successfully deleted.' is present on page  using regular expression

2023-09-20 21:36:45 - [TEST_STEP][PASSED] - click(findTestObject(path_ViewProfile + "a_Delete Profile")): Object: 'Object Repository/AdminSuiteBootstrap_Pages/VSP_Bootstrap/View Profile/a_Delete Profile' is clicked on

2023-09-20 21:36:46 - [MESSAGE][PASSED] - Object: 'Object Repository/AdminSuiteBootstrap_Pages/VSP_Bootstrap/View Profile/a_Delete Profile' is clicked on

2023-09-20 21:36:46 - [TEST_STEP][PASSED] - verifyTextPresent("This will delete all of the following information. Are you sure you want to do this?", true): Text 'This will delete all of the following information. Are you sure you want to do this?' is present on page  using regular expression

2023-09-20 21:36:46 - [MESSAGE][PASSED] - Text 'This will delete all of the following information. Are you sure you want to do this?' is present on page  using regular expression

2023-09-20 21:36:46 - [TEST_STEP][PASSED] - click(findTestObject(path_DeleteProfileConfirm + "button_Delete")): Object: 'Object Repository/AdminSuiteBootstrap_Pages/VSP_Bootstrap/DeleteProfileConfirm/button_Delete' is clicked on

2023-09-20 21:36:47 - [MESSAGE][PASSED] - Object: 'Object Repository/AdminSuiteBootstrap_Pages/VSP_Bootstrap/DeleteProfileConfirm/button_Delete' is clicked on

2023-09-20 21:36:47 - [TEST_STEP][PASSED] - verifyTextPresent("No Search String", true): Text 'No Search String' is present on page  using regular expression

2023-09-20 21:36:48 - [MESSAGE][PASSED] - Text 'No Search String' is present on page  using regular expression

2023-09-20 21:36:48 - [TEST_STEP][PASSED] - verifyTextPresent("You must provide a search string of at least 2 characters", true): Text 'You must provide a search string of at least 2 characters' is present on page  using regular expression

2023-09-20 21:36:48 - [MESSAGE][PASSED] - Text 'You must provide a search string of at least 2 characters' is present on page  using regular expression

2023-09-20 21:36:48 - [TEST_STEP][PASSED] - closeBrowser(): Browser is closed

2023-09-20 21:36:49 - [MESSAGE][PASSED] - Browser is closed]]></system-out>
         <system-err><![CDATA[]]></system-err>
      </testcase>
      <testcase name="Test Cases/Admin Suite Bootstrap/VSP_Profile_TestCases/AddDeleteCCPre_Generic_TC" time="52.214" classname="Test Cases/Admin Suite Bootstrap/VSP_Profile_TestCases/AddDeleteCCPre_Generic_TC" status="PASSED">
         <system-out><![CDATA[2023-09-20 21:36:49 - [TEST_CASE][PASSED] - Test Cases/Admin Suite Bootstrap/VSP_Profile_TestCases/AddDeleteCCPre_Generic_TC: Test Cases/Admin Suite Bootstrap/VSP_Profile_TestCases/AddDeleteCCPre_Generic_TC

2023-09-20 21:36:49 - [TEST_STEP][PASSED] - path_Dashboard = "Object Repository/AdminSuiteBootstrap_Pages/Dashboard_Bootstrap/": null

2023-09-20 21:36:49 - [TEST_STEP][PASSED] - path_VT = "Object Repository/AdminSuiteBootstrap_Pages/VT_Bootstrap/IssueTransactions/": null

2023-09-20 21:36:49 - [TEST_STEP][PASSED] - path_CreateProfile = "Object Repository/AdminSuiteBootstrap_Pages/VSP_Bootstrap/CreateProfile/": null

2023-09-20 21:36:49 - [TEST_STEP][PASSED] - path_AddAccount = "Object Repository/AdminSuiteBootstrap_Pages/VSP_Bootstrap/AddAccount/": null

2023-09-20 21:36:49 - [TEST_STEP][PASSED] - path_Add_ACH = "Object Repository/AdminSuiteBootstrap_Pages/VSP_Bootstrap/AddACH/": null

2023-09-20 21:36:49 - [TEST_STEP][PASSED] - path_Add_CC = "Object Repository/AdminSuiteBootstrap_Pages/VSP_Bootstrap/AddCreditCard/": null

2023-09-20 21:36:49 - [TEST_STEP][PASSED] - path_App_Plan = "Object Repository/AdminSuiteBootstrap_Pages/VSP_Bootstrap/AddPaymentPlan/": null

2023-09-20 21:36:49 - [TEST_STEP][PASSED] - path_DeleteProfile = "Object Repository/AdminSuiteBootstrap_Pages/VSP_Bootstrap/DeleteProfile/": null

2023-09-20 21:36:49 - [TEST_STEP][PASSED] - path_ModifyProfile = "Object Repository/AdminSuiteBootstrap_Pages/VSP_Bootstrap/ModifyProfile/": null

2023-09-20 21:36:49 - [TEST_STEP][PASSED] - path_ViewProfile = "Object Repository/AdminSuiteBootstrap_Pages/VSP_Bootstrap/View Profile/": null

2023-09-20 21:36:49 - [TEST_STEP][PASSED] - path_VSPAuth = "Object Repository/AdminSuiteBootstrap_Pages/VSP_Bootstrap/VSP_Auth/": null

2023-09-20 21:36:49 - [TEST_STEP][PASSED] - path_VSPAuthCap = "Object Repository/AdminSuiteBootstrap_Pages/VSP_Bootstrap/VSP_Authcap/": null

2023-09-20 21:36:49 - [TEST_STEP][PASSED] - path_Debit = "Object Repository/AdminSuiteBootstrap_Pages/VSP_Bootstrap/VSP_Debit/": null

2023-09-20 21:36:49 - [TEST_STEP][PASSED] - path_DeleteProfileConfirm = "Object Repository/AdminSuiteBootstrap_Pages/VSP_Bootstrap/DeleteProfileConfirm/": null

2023-09-20 21:36:49 - [TEST_STEP][PASSED] - executionProfile = getExecutionProfile(): null

2023-09-20 21:36:49 - [TEST_STEP][PASSED] - out.println("executionProfile : " + executionProfile): null

2023-09-20 21:36:49 - [TEST_STEP][PASSED] - appName = <not implemented yet for class: org.codehaus.groovy.ast.expr.EmptyExpression>: null

2023-09-20 21:36:49 - [TEST_STEP][PASSED] - appID = <not implemented yet for class: org.codehaus.groovy.ast.expr.EmptyExpression>: null

2023-09-20 21:36:49 - [TEST_STEP][PASSED] - cardNameV = <not implemented yet for class: org.codehaus.groovy.ast.expr.EmptyExpression>: null

2023-09-20 21:36:49 - [TEST_STEP][PASSED] - al1V = <not implemented yet for class: org.codehaus.groovy.ast.expr.EmptyExpression>: null

2023-09-20 21:36:49 - [TEST_STEP][PASSED] - al2V = <not implemented yet for class: org.codehaus.groovy.ast.expr.EmptyExpression>: null

2023-09-20 21:36:49 - [TEST_STEP][PASSED] - zipV = <not implemented yet for class: org.codehaus.groovy.ast.expr.EmptyExpression>: null

2023-09-20 21:36:49 - [TEST_STEP][PASSED] - cardTypeV = <not implemented yet for class: org.codehaus.groovy.ast.expr.EmptyExpression>: null

2023-09-20 21:36:49 - [TEST_STEP][PASSED] - last4V = <not implemented yet for class: org.codehaus.groovy.ast.expr.EmptyExpression>: null

2023-09-20 21:36:49 - [TEST_STEP][PASSED] - nameSheet = "AddDeleteCCPrepopulated": null

2023-09-20 21:36:49 - [TEST_STEP][PASSED] - numOfRows = findTestData("QA/Bootstrap/VSP-Profile-TestData/AddCCPrepopulated").getRowNumbers(): null

2023-09-20 21:36:50 - [TEST_STEP][PASSED] - println("Number of Records: " + numOfRows): null

2023-09-20 21:36:50 - [TEST_STEP][PASSED] - dataFile = "QA/Bootstrap/VSP-Profile-TestData/AddCCPrepopulated": null

2023-09-20 21:36:50 - [TEST_STEP][PASSED] - for ([row = 1, row <= numOfRows, (row++)]): Browser is closed

2023-09-20 21:36:50 - [TEST_STEP][PASSED] - ExecuteTC = findTestData(dataFile).getValue("Execute", row): null

2023-09-20 21:36:50 - [TEST_STEP][PASSED] - out.println("Value of Execute is : " + ExecuteTC): null

2023-09-20 21:36:50 - [TEST_STEP][PASSED] - switch (executionProfile): null

2023-09-20 21:36:50 - [TEST_STEP][PASSED] - case "QA2Profile":: null

2023-09-20 21:36:50 - [TEST_STEP][PASSED] - appName = findTestData(dataFile).getValue("AppNameQA", row): null

2023-09-20 21:36:50 - [TEST_STEP][PASSED] - appID = findTestData(dataFile).getValue("AppIDQA", row): null

2023-09-20 21:36:50 - [TEST_STEP][PASSED] - break: null

2023-09-20 21:36:50 - [TEST_STEP][PASSED] - if (ExecuteTC.equalsIgnoreCase("Y")): Browser is closed

2023-09-20 21:36:50 - [TEST_STEP][PASSED] - out.println("Begin Record Number: " + row): null

2023-09-20 21:36:50 - [TEST_STEP][PASSED] - today = new java.util.Date(): null

2023-09-20 21:36:50 - [TEST_STEP][PASSED] - println(today): null

2023-09-20 21:36:50 - [TEST_STEP][PASSED] - datText = today: null

2023-09-20 21:36:50 - [TEST_STEP][PASSED] - adminSuiteBootstrap.loginFunctionality.login_AdminSuite(): adminSuiteBootstrap.loginFunctionality.login_AdminSuite is PASSED

2023-09-20 21:36:50 - [MESSAGE][INFO] - Starting 'Chrome' driver

2023-09-20 21:36:50 - [MESSAGE][INFO] - User set preference: ['acceptInsecureCerts', 'true']

2023-09-20 21:36:50 - [MESSAGE][INFO] - Action delay is set to 0 milliseconds

2023-09-20 21:36:53 - [MESSAGE][PASSED] - Browser is opened with url: 'https://qa2.velocitypayment.com/admin/imtiaz'

2023-09-20 21:36:53 - [MESSAGE][PASSED] - Current window maximized

2023-09-20 21:36:53 - [MESSAGE][PASSED] - Object 'Object Repository/Login_Page/Login_Username_Okta' is present

2023-09-20 21:36:54 - [MESSAGE][PASSED] - Text 'iahmed' is set on object 'Object Repository/Login_Page/Login_Username_Okta'

2023-09-20 21:36:55 - [MESSAGE][PASSED] - Text 'Hello1111111@' is set on object 'Object Repository/Login_Page/Login_Password_Okta'

2023-09-20 21:36:56 - [MESSAGE][PASSED] - Object: 'Object Repository/Login_Page/Login_Submit_Okta' is clicked on

2023-09-20 21:36:56 - [MESSAGE][PASSED] - adminSuiteBootstrap.loginFunctionality.login_AdminSuite is PASSED

2023-09-20 21:36:56 - [TEST_STEP][PASSED] - click(findTestObject(path_Dashboard + appName)): Object: 'Object Repository/AdminSuiteBootstrap_Pages/Dashboard_Bootstrap/a_Access AutoNoCFtp' is clicked on

2023-09-20 21:37:04 - [MESSAGE][PASSED] - Object: 'Object Repository/AdminSuiteBootstrap_Pages/Dashboard_Bootstrap/a_Access AutoNoCFtp' is clicked on

2023-09-20 21:37:04 - [TEST_STEP][PASSED] - click(findTestObject(path_VT + "a_Create")): Object: 'Object Repository/AdminSuiteBootstrap_Pages/VT_Bootstrap/IssueTransactions/a_Create' is clicked on

2023-09-20 21:37:04 - [MESSAGE][PASSED] - Object: 'Object Repository/AdminSuiteBootstrap_Pages/VT_Bootstrap/IssueTransactions/a_Create' is clicked on

2023-09-20 21:37:04 - [TEST_STEP][PASSED] - vspBootstrap.CreateProfilePage.setDataONLYCreateProfile(row, dataFile): vspBootstrap.CreateProfilePage.setDataONLYCreateProfile is PASSED

2023-09-20 21:37:07 - [MESSAGE][PASSED] - Text '21054' is set on object 'Object Repository/AdminSuiteBootstrap_Pages/VSP_Bootstrap/CreateProfile/input_PostalCode'

2023-09-20 21:37:07 - [MESSAGE][PASSED] - Text 'fq8G4K1v469U' is set on object 'Object Repository/AdminSuiteBootstrap_Pages/VSP_Bootstrap/CreateProfile/input_profileName'

2023-09-20 21:37:08 - [MESSAGE][PASSED] - Text 'Delta Corp' is set on object 'Object Repository/AdminSuiteBootstrap_Pages/VSP_Bootstrap/CreateProfile/input_CompanyName'

2023-09-20 21:37:09 - [MESSAGE][PASSED] - All options with label 'Mr.' are selected in object 'Object Repository/AdminSuiteBootstrap_Pages/VSP_Bootstrap/CreateProfile/select_Title'  using regular expression

2023-09-20 21:37:10 - [MESSAGE][PASSED] - Text 'Ross' is set on object 'Object Repository/AdminSuiteBootstrap_Pages/VSP_Bootstrap/CreateProfile/input_FirstName'

2023-09-20 21:37:10 - [MESSAGE][PASSED] - Text 'KT' is set on object 'Object Repository/AdminSuiteBootstrap_Pages/VSP_Bootstrap/CreateProfile/input_MiddleName'

2023-09-20 21:37:11 - [MESSAGE][PASSED] - Text 'Evan' is set on object 'Object Repository/AdminSuiteBootstrap_Pages/VSP_Bootstrap/CreateProfile/input_LastName'

2023-09-20 21:37:12 - [MESSAGE][PASSED] - All options with label 'Sr.' are selected in object 'Object Repository/AdminSuiteBootstrap_Pages/VSP_Bootstrap/CreateProfile/select_Suffix'  using regular expression

2023-09-20 21:37:13 - [MESSAGE][PASSED] - Text '256987 Nolm Ct' is set on object 'Object Repository/AdminSuiteBootstrap_Pages/VSP_Bootstrap/CreateProfile/input_address1'

2023-09-20 21:37:13 - [MESSAGE][PASSED] - Text 'Suite 678' is set on object 'Object Repository/AdminSuiteBootstrap_Pages/VSP_Bootstrap/CreateProfile/input_AddressLine2'

2023-09-20 21:37:14 - [MESSAGE][PASSED] - Text '1234' is set on object 'Object Repository/AdminSuiteBootstrap_Pages/VSP_Bootstrap/CreateProfile/input_PostalCodeExt'

2023-09-20 21:37:15 - [MESSAGE][PASSED] - Text 'iahmed@govolution.com' is set on object 'Object Repository/AdminSuiteBootstrap_Pages/VSP_Bootstrap/CreateProfile/input_EmaiAddress'

2023-09-20 21:37:16 - [MESSAGE][PASSED] - Text '240' is set on object 'Object Repository/AdminSuiteBootstrap_Pages/VSP_Bootstrap/CreateProfile/input_HomePhoneNumber_HomeAreaCode'

2023-09-20 21:37:16 - [MESSAGE][PASSED] - Text '628' is set on object 'Object Repository/AdminSuiteBootstrap_Pages/VSP_Bootstrap/CreateProfile/input_homePrefixNumber'

2023-09-20 21:37:17 - [MESSAGE][PASSED] - Text '0790' is set on object 'Object Repository/AdminSuiteBootstrap_Pages/VSP_Bootstrap/CreateProfile/input_homeSuffixNumber'

2023-09-20 21:37:18 - [MESSAGE][PASSED] - Text '240' is set on object 'Object Repository/AdminSuiteBootstrap_Pages/VSP_Bootstrap/CreateProfile/input_MobilePhoneNumber_mobileAreaCode'

2023-09-20 21:37:18 - [MESSAGE][PASSED] - Text '628' is set on object 'Object Repository/AdminSuiteBootstrap_Pages/VSP_Bootstrap/CreateProfile/input_mobilePrefixNumber'

2023-09-20 21:37:19 - [MESSAGE][PASSED] - Text '0791' is set on object 'Object Repository/AdminSuiteBootstrap_Pages/VSP_Bootstrap/CreateProfile/input_mobileSuffixNumber'

2023-09-20 21:37:20 - [MESSAGE][PASSED] - Text '410' is set on object 'Object Repository/AdminSuiteBootstrap_Pages/VSP_Bootstrap/CreateProfile/input_WorkPhoneNumber_workAreaCode'

2023-09-20 21:37:20 - [MESSAGE][PASSED] - Text '628' is set on object 'Object Repository/AdminSuiteBootstrap_Pages/VSP_Bootstrap/CreateProfile/input_workPrefixNumber'

2023-09-20 21:37:21 - [MESSAGE][PASSED] - Text '0792' is set on object 'Object Repository/AdminSuiteBootstrap_Pages/VSP_Bootstrap/CreateProfile/input_workSuffixNumber'

2023-09-20 21:37:22 - [MESSAGE][PASSED] - Text '123' is set on object 'Object Repository/AdminSuiteBootstrap_Pages/VSP_Bootstrap/CreateProfile/input_Ext_workExtension'

2023-09-20 21:37:22 - [MESSAGE][PASSED] - Text 'This Profile is for Add CC' is set on object 'Object Repository/AdminSuiteBootstrap_Pages/VSP_Bootstrap/CreateProfile/textarea_NotesComments_note'

2023-09-20 21:37:22 - [MESSAGE][PASSED] - vspBootstrap.CreateProfilePage.setDataONLYCreateProfile is PASSED

2023-09-20 21:37:22 - [TEST_STEP][PASSED] - click(findTestObject(path_CreateProfile + "button_Save  Add Credit Card")): Object: 'Object Repository/AdminSuiteBootstrap_Pages/VSP_Bootstrap/CreateProfile/button_Save  Add Credit Card' is clicked on

2023-09-20 21:37:24 - [MESSAGE][PASSED] - Object: 'Object Repository/AdminSuiteBootstrap_Pages/VSP_Bootstrap/CreateProfile/button_Save  Add Credit Card' is clicked on

2023-09-20 21:37:24 - [TEST_STEP][PASSED] - verifyTextPresent("Profile successfully created", true): Text 'Profile successfully created' is present on page  using regular expression

2023-09-20 21:37:24 - [MESSAGE][PASSED] - Text 'Profile successfully created' is present on page  using regular expression

2023-09-20 21:37:24 - [TEST_STEP][PASSED] - vspBootstrap.AddCreditCardPage.setDataCreditCardPre(row, dataFile): vspBootstrap.AddCreditCardPage.setDataCreditCardPre is PASSED

2023-09-20 21:37:25 - [MESSAGE][PASSED] - Text 'Ross Discover' is set on object 'Object Repository/AdminSuiteBootstrap_Pages/VSP_Bootstrap/AddCreditCard/input_nickName'

2023-09-20 21:37:26 - [MESSAGE][PASSED] - Text '6011000993026909' is set on object 'Object Repository/AdminSuiteBootstrap_Pages/VSP_Bootstrap/AddCreditCard/input_cardNumber'

2023-09-20 21:37:27 - [MESSAGE][PASSED] - All options with label '1 - JAN' are selected in object 'Object Repository/AdminSuiteBootstrap_Pages/VSP_Bootstrap/AddCreditCard/select_ExpMonth'  using regular expression

2023-09-20 21:37:28 - [MESSAGE][PASSED] - All options with label '2028' are selected in object 'Object Repository/AdminSuiteBootstrap_Pages/VSP_Bootstrap/AddCreditCard/select_ExpYear'  using regular expression

2023-09-20 21:37:30 - [MESSAGE][PASSED] - Object: 'Object Repository/AdminSuiteBootstrap_Pages/VSP_Bootstrap/AddCreditCard/button_Create' is clicked on

2023-09-20 21:37:30 - [MESSAGE][PASSED] - vspBootstrap.AddCreditCardPage.setDataCreditCardPre is PASSED

2023-09-20 21:37:30 - [TEST_STEP][PASSED] - verifyTextPresent("Payment Method Created", true): Text 'Payment Method Created' is present on page  using regular expression

2023-09-20 21:37:30 - [MESSAGE][PASSED] - Text 'Payment Method Created' is present on page  using regular expression

2023-09-20 21:37:30 - [TEST_STEP][PASSED] - verifyTextPresent("Payment method creation successful", true): Text 'Payment method creation successful' is present on page  using regular expression

2023-09-20 21:37:31 - [MESSAGE][PASSED] - Text 'Payment method creation successful' is present on page  using regular expression

2023-09-20 21:37:31 - [TEST_STEP][PASSED] - verifyElementVisible(findTestObject(path_ViewProfile + "a_nickNameCC")): Object 'Object Repository/AdminSuiteBootstrap_Pages/VSP_Bootstrap/View Profile/a_nickNameCC' is visible

2023-09-20 21:37:31 - [MESSAGE][PASSED] - Object 'Object Repository/AdminSuiteBootstrap_Pages/VSP_Bootstrap/View Profile/a_nickNameCC' is visible

2023-09-20 21:37:31 - [TEST_STEP][PASSED] - verifyElementPresent(findTestObject(path_ViewProfile + "a_nickNameCC"), 30): Object 'Object Repository/AdminSuiteBootstrap_Pages/VSP_Bootstrap/View Profile/a_nickNameCC' is present

2023-09-20 21:37:31 - [MESSAGE][PASSED] - Object 'Object Repository/AdminSuiteBootstrap_Pages/VSP_Bootstrap/View Profile/a_nickNameCC' is present

2023-09-20 21:37:31 - [TEST_STEP][PASSED] - click(findTestObject(path_ViewProfile + "a_nickNameCC")): Object: 'Object Repository/AdminSuiteBootstrap_Pages/VSP_Bootstrap/View Profile/a_nickNameCC' is clicked on

2023-09-20 21:37:32 - [MESSAGE][PASSED] - Object: 'Object Repository/AdminSuiteBootstrap_Pages/VSP_Bootstrap/View Profile/a_nickNameCC' is clicked on

2023-09-20 21:37:32 - [TEST_STEP][PASSED] - verifyTextPresent("Credit Card Billing Information", true): Text 'Credit Card Billing Information' is present on page  using regular expression

2023-09-20 21:37:33 - [MESSAGE][PASSED] - Text 'Credit Card Billing Information' is present on page  using regular expression

2023-09-20 21:37:33 - [TEST_STEP][PASSED] - nickName = findTestData(dataFile).getValue("NickNameCC", row): null

2023-09-20 21:37:33 - [TEST_STEP][PASSED] - verifyTextPresent(nickName, true): Text 'Ross Discover' is present on page  using regular expression

2023-09-20 21:37:33 - [MESSAGE][PASSED] - Text 'Ross Discover' is present on page  using regular expression

2023-09-20 21:37:33 - [TEST_STEP][PASSED] - click(findTestObject(path_ViewProfile + "a_Delete Credit Card")): Object: 'Object Repository/AdminSuiteBootstrap_Pages/VSP_Bootstrap/View Profile/a_Delete Credit Card' is clicked on

2023-09-20 21:37:34 - [MESSAGE][PASSED] - Object: 'Object Repository/AdminSuiteBootstrap_Pages/VSP_Bootstrap/View Profile/a_Delete Credit Card' is clicked on

2023-09-20 21:37:34 - [TEST_STEP][PASSED] - verifyTextPresent("Delete Credit Card Confirmation", true): Text 'Delete Credit Card Confirmation' is present on page  using regular expression

2023-09-20 21:37:34 - [MESSAGE][PASSED] - Text 'Delete Credit Card Confirmation' is present on page  using regular expression

2023-09-20 21:37:34 - [TEST_STEP][PASSED] - verifyTextPresent("This will delete the credit card account. Are you sure you want to do this?", true): Text 'This will delete the credit card account. Are you sure you want to do this?' is present on page  using regular expression

2023-09-20 21:37:35 - [MESSAGE][PASSED] - Text 'This will delete the credit card account. Are you sure you want to do this?' is present on page  using regular expression

2023-09-20 21:37:35 - [TEST_STEP][PASSED] - click(findTestObject(path_ViewProfile + "button_DeleteCCConfirm")): Object: 'Object Repository/AdminSuiteBootstrap_Pages/VSP_Bootstrap/View Profile/button_DeleteCCConfirm' is clicked on

2023-09-20 21:37:36 - [MESSAGE][PASSED] - Object: 'Object Repository/AdminSuiteBootstrap_Pages/VSP_Bootstrap/View Profile/button_DeleteCCConfirm' is clicked on

2023-09-20 21:37:36 - [TEST_STEP][PASSED] - verifyTextPresent("Payment Method Deletion", true): Text 'Payment Method Deletion' is present on page  using regular expression

2023-09-20 21:37:37 - [MESSAGE][PASSED] - Text 'Payment Method Deletion' is present on page  using regular expression

2023-09-20 21:37:37 - [TEST_STEP][PASSED] - verifyTextPresent("Payment method was successfully deleted.", true): Text 'Payment method was successfully deleted.' is present on page  using regular expression

2023-09-20 21:37:37 - [MESSAGE][PASSED] - Text 'Payment method was successfully deleted.' is present on page  using regular expression

2023-09-20 21:37:37 - [TEST_STEP][PASSED] - click(findTestObject(path_ViewProfile + "a_Delete Profile")): Object: 'Object Repository/AdminSuiteBootstrap_Pages/VSP_Bootstrap/View Profile/a_Delete Profile' is clicked on

2023-09-20 21:37:38 - [MESSAGE][PASSED] - Object: 'Object Repository/AdminSuiteBootstrap_Pages/VSP_Bootstrap/View Profile/a_Delete Profile' is clicked on

2023-09-20 21:37:38 - [TEST_STEP][PASSED] - verifyTextPresent("This will delete all of the following information. Are you sure you want to do this?", true): Text 'This will delete all of the following information. Are you sure you want to do this?' is present on page  using regular expression

2023-09-20 21:37:38 - [MESSAGE][PASSED] - Text 'This will delete all of the following information. Are you sure you want to do this?' is present on page  using regular expression

2023-09-20 21:37:38 - [TEST_STEP][PASSED] - click(findTestObject(path_DeleteProfileConfirm + "button_Delete")): Object: 'Object Repository/AdminSuiteBootstrap_Pages/VSP_Bootstrap/DeleteProfileConfirm/button_Delete' is clicked on

2023-09-20 21:37:39 - [MESSAGE][PASSED] - Object: 'Object Repository/AdminSuiteBootstrap_Pages/VSP_Bootstrap/DeleteProfileConfirm/button_Delete' is clicked on

2023-09-20 21:37:39 - [TEST_STEP][PASSED] - verifyTextPresent("No Search String", true): Text 'No Search String' is present on page  using regular expression

2023-09-20 21:37:40 - [MESSAGE][PASSED] - Text 'No Search String' is present on page  using regular expression

2023-09-20 21:37:40 - [TEST_STEP][PASSED] - verifyTextPresent("You must provide a search string of at least 2 characters", true): Text 'You must provide a search string of at least 2 characters' is present on page  using regular expression

2023-09-20 21:37:40 - [MESSAGE][PASSED] - Text 'You must provide a search string of at least 2 characters' is present on page  using regular expression

2023-09-20 21:37:40 - [TEST_STEP][PASSED] - closeBrowser(): Browser is closed

2023-09-20 21:37:41 - [MESSAGE][PASSED] - Browser is closed]]></system-out>
         <system-err><![CDATA[]]></system-err>
      </testcase>
      <testcase name="Test Cases/Admin Suite Bootstrap/VSP_Profile_TestCases/AddDeleteCCNotPre2_Generic_TC" time="119.175" classname="Test Cases/Admin Suite Bootstrap/VSP_Profile_TestCases/AddDeleteCCNotPre2_Generic_TC" status="PASSED">
         <system-out><![CDATA[2023-09-20 21:37:41 - [TEST_CASE][PASSED] - Test Cases/Admin Suite Bootstrap/VSP_Profile_TestCases/AddDeleteCCNotPre2_Generic_TC: Test Cases/Admin Suite Bootstrap/VSP_Profile_TestCases/AddDeleteCCNotPre2_Generic_TC

2023-09-20 21:37:42 - [TEST_STEP][PASSED] - path_Dashboard = "Object Repository/AdminSuiteBootstrap_Pages/Dashboard_Bootstrap/": null

2023-09-20 21:37:42 - [TEST_STEP][PASSED] - path_VT = "Object Repository/AdminSuiteBootstrap_Pages/VT_Bootstrap/IssueTransactions/": null

2023-09-20 21:37:42 - [TEST_STEP][PASSED] - path_CreateProfile = "Object Repository/AdminSuiteBootstrap_Pages/VSP_Bootstrap/CreateProfile/": null

2023-09-20 21:37:42 - [TEST_STEP][PASSED] - path_AddAccount = "Object Repository/AdminSuiteBootstrap_Pages/VSP_Bootstrap/AddAccount/": null

2023-09-20 21:37:42 - [TEST_STEP][PASSED] - path_Add_ACH = "Object Repository/AdminSuiteBootstrap_Pages/VSP_Bootstrap/AddACH/": null

2023-09-20 21:37:42 - [TEST_STEP][PASSED] - path_Add_CC = "Object Repository/AdminSuiteBootstrap_Pages/VSP_Bootstrap/AddCreditCard/": null

2023-09-20 21:37:42 - [TEST_STEP][PASSED] - path_App_Plan = "Object Repository/AdminSuiteBootstrap_Pages/VSP_Bootstrap/AddPaymentPlan/": null

2023-09-20 21:37:42 - [TEST_STEP][PASSED] - path_DeleteProfile = "Object Repository/AdminSuiteBootstrap_Pages/VSP_Bootstrap/DeleteProfile/": null

2023-09-20 21:37:42 - [TEST_STEP][PASSED] - path_ModifyProfile = "Object Repository/AdminSuiteBootstrap_Pages/VSP_Bootstrap/ModifyProfile/": null

2023-09-20 21:37:42 - [TEST_STEP][PASSED] - path_ViewProfile = "Object Repository/AdminSuiteBootstrap_Pages/VSP_Bootstrap/View Profile/": null

2023-09-20 21:37:42 - [TEST_STEP][PASSED] - path_VSPAuth = "Object Repository/AdminSuiteBootstrap_Pages/VSP_Bootstrap/VSP_Auth/": null

2023-09-20 21:37:42 - [TEST_STEP][PASSED] - path_VSPAuthCap = "Object Repository/AdminSuiteBootstrap_Pages/VSP_Bootstrap/VSP_Authcap/": null

2023-09-20 21:37:42 - [TEST_STEP][PASSED] - path_Debit = "Object Repository/AdminSuiteBootstrap_Pages/VSP_Bootstrap/VSP_Debit/": null

2023-09-20 21:37:42 - [TEST_STEP][PASSED] - path_DeleteProfileConfirm = "Object Repository/AdminSuiteBootstrap_Pages/VSP_Bootstrap/DeleteProfileConfirm/": null

2023-09-20 21:37:42 - [TEST_STEP][PASSED] - path_ViewProfilePre = "Object Repository/AdminSuiteBootstrap_Pages/VSP_Bootstrap/ViewProfilePre/": null

2023-09-20 21:37:42 - [TEST_STEP][PASSED] - executionProfile = getExecutionProfile(): null

2023-09-20 21:37:42 - [TEST_STEP][PASSED] - out.println("executionProfile : " + executionProfile): null

2023-09-20 21:37:42 - [TEST_STEP][PASSED] - appName = <not implemented yet for class: org.codehaus.groovy.ast.expr.EmptyExpression>: null

2023-09-20 21:37:42 - [TEST_STEP][PASSED] - appID = <not implemented yet for class: org.codehaus.groovy.ast.expr.EmptyExpression>: null

2023-09-20 21:37:42 - [TEST_STEP][PASSED] - cardNameV = <not implemented yet for class: org.codehaus.groovy.ast.expr.EmptyExpression>: null

2023-09-20 21:37:42 - [TEST_STEP][PASSED] - al1V = <not implemented yet for class: org.codehaus.groovy.ast.expr.EmptyExpression>: null

2023-09-20 21:37:42 - [TEST_STEP][PASSED] - al2V = <not implemented yet for class: org.codehaus.groovy.ast.expr.EmptyExpression>: null

2023-09-20 21:37:42 - [TEST_STEP][PASSED] - zipV = <not implemented yet for class: org.codehaus.groovy.ast.expr.EmptyExpression>: null

2023-09-20 21:37:42 - [TEST_STEP][PASSED] - cardTypeV = <not implemented yet for class: org.codehaus.groovy.ast.expr.EmptyExpression>: null

2023-09-20 21:37:42 - [TEST_STEP][PASSED] - last4V = <not implemented yet for class: org.codehaus.groovy.ast.expr.EmptyExpression>: null

2023-09-20 21:37:42 - [TEST_STEP][PASSED] - nameSheet = "AddDeleteCCNotPrepopulated": null

2023-09-20 21:37:42 - [TEST_STEP][PASSED] - numOfRows = findTestData("QA/Bootstrap/VSP-Profile-TestData/AddCCNotPrepopulated").getRowNumbers(): null

2023-09-20 21:37:42 - [TEST_STEP][PASSED] - println("Number of Records: " + numOfRows): null

2023-09-20 21:37:42 - [TEST_STEP][PASSED] - dataFile = "QA/Bootstrap/VSP-Profile-TestData/AddCCNotPrepopulated": null

2023-09-20 21:37:42 - [TEST_STEP][PASSED] - for ([row = 1, row <= numOfRows, (row++)]): Browser is closed

2023-09-20 21:37:42 - [TEST_STEP][PASSED] - ExecuteTC = findTestData(dataFile).getValue("Execute", row): null

2023-09-20 21:37:42 - [TEST_STEP][PASSED] - out.println("Value of Execute is : " + ExecuteTC): null

2023-09-20 21:37:42 - [TEST_STEP][PASSED] - switch (executionProfile): null

2023-09-20 21:37:42 - [TEST_STEP][PASSED] - case "QA2Profile":: null

2023-09-20 21:37:42 - [TEST_STEP][PASSED] - appName = findTestData(dataFile).getValue("AppNameQA", row): null

2023-09-20 21:37:42 - [TEST_STEP][PASSED] - appID = findTestData(dataFile).getValue("AppIDQA", row): null

2023-09-20 21:37:42 - [TEST_STEP][PASSED] - break: null

2023-09-20 21:37:42 - [TEST_STEP][PASSED] - if (ExecuteTC.equalsIgnoreCase("Y")): Browser is closed

2023-09-20 21:37:42 - [TEST_STEP][PASSED] - out.println("Begin Record Number: " + row): null

2023-09-20 21:37:42 - [TEST_STEP][PASSED] - today = new java.util.Date(): null

2023-09-20 21:37:42 - [TEST_STEP][PASSED] - println(today): null

2023-09-20 21:37:42 - [TEST_STEP][PASSED] - datText = today: null

2023-09-20 21:37:42 - [TEST_STEP][PASSED] - adminSuiteBootstrap.loginFunctionality.login_AdminSuite(): adminSuiteBootstrap.loginFunctionality.login_AdminSuite is PASSED

2023-09-20 21:37:42 - [MESSAGE][INFO] - Starting 'Chrome' driver

2023-09-20 21:37:42 - [MESSAGE][INFO] - User set preference: ['acceptInsecureCerts', 'true']

2023-09-20 21:37:42 - [MESSAGE][INFO] - Action delay is set to 0 milliseconds

2023-09-20 21:37:45 - [MESSAGE][PASSED] - Browser is opened with url: 'https://qa2.velocitypayment.com/admin/imtiaz'

2023-09-20 21:37:45 - [MESSAGE][PASSED] - Current window maximized

2023-09-20 21:37:45 - [MESSAGE][PASSED] - Object 'Object Repository/Login_Page/Login_Username_Okta' is present

2023-09-20 21:37:46 - [MESSAGE][PASSED] - Text 'iahmed' is set on object 'Object Repository/Login_Page/Login_Username_Okta'

2023-09-20 21:37:47 - [MESSAGE][PASSED] - Text 'Hello1111111@' is set on object 'Object Repository/Login_Page/Login_Password_Okta'

2023-09-20 21:37:48 - [MESSAGE][PASSED] - Object: 'Object Repository/Login_Page/Login_Submit_Okta' is clicked on

2023-09-20 21:37:48 - [MESSAGE][PASSED] - adminSuiteBootstrap.loginFunctionality.login_AdminSuite is PASSED

2023-09-20 21:37:48 - [TEST_STEP][PASSED] - click(findTestObject(path_Dashboard + appName)): Object: 'Object Repository/AdminSuiteBootstrap_Pages/Dashboard_Bootstrap/a_Access AutoNoCFtp' is clicked on

2023-09-20 21:37:57 - [MESSAGE][PASSED] - Object: 'Object Repository/AdminSuiteBootstrap_Pages/Dashboard_Bootstrap/a_Access AutoNoCFtp' is clicked on

2023-09-20 21:37:57 - [TEST_STEP][PASSED] - click(findTestObject(path_VT + "a_Create")): Object: 'Object Repository/AdminSuiteBootstrap_Pages/VT_Bootstrap/IssueTransactions/a_Create' is clicked on

2023-09-20 21:37:57 - [MESSAGE][PASSED] - Object: 'Object Repository/AdminSuiteBootstrap_Pages/VT_Bootstrap/IssueTransactions/a_Create' is clicked on

2023-09-20 21:37:57 - [TEST_STEP][PASSED] - vspBootstrap.CreateProfilePage.setDataCreateProfile(row, dataFile): vspBootstrap.CreateProfilePage.setDataCreateProfile is PASSED

2023-09-20 21:38:00 - [MESSAGE][PASSED] - Text '22201' is set on object 'Object Repository/AdminSuiteBootstrap_Pages/VSP_Bootstrap/CreateProfile/input_PostalCode'

2023-09-20 21:38:00 - [MESSAGE][PASSED] - Text 'jpaUZnKRensK' is set on object 'Object Repository/AdminSuiteBootstrap_Pages/VSP_Bootstrap/CreateProfile/input_profileName'

2023-09-20 21:38:01 - [MESSAGE][PASSED] - Text '' is set on object 'Object Repository/AdminSuiteBootstrap_Pages/VSP_Bootstrap/CreateProfile/input_CompanyName'

2023-09-20 21:38:02 - [MESSAGE][PASSED] - All options with label '' are selected in object 'Object Repository/AdminSuiteBootstrap_Pages/VSP_Bootstrap/CreateProfile/select_Title'  using regular expression

2023-09-20 21:38:02 - [MESSAGE][PASSED] - Text '' is set on object 'Object Repository/AdminSuiteBootstrap_Pages/VSP_Bootstrap/CreateProfile/input_FirstName'

2023-09-20 21:38:03 - [MESSAGE][PASSED] - Text '' is set on object 'Object Repository/AdminSuiteBootstrap_Pages/VSP_Bootstrap/CreateProfile/input_MiddleName'

2023-09-20 21:38:04 - [MESSAGE][PASSED] - Text '' is set on object 'Object Repository/AdminSuiteBootstrap_Pages/VSP_Bootstrap/CreateProfile/input_LastName'

2023-09-20 21:38:05 - [MESSAGE][PASSED] - All options with label '' are selected in object 'Object Repository/AdminSuiteBootstrap_Pages/VSP_Bootstrap/CreateProfile/select_Suffix'  using regular expression

2023-09-20 21:38:05 - [MESSAGE][PASSED] - Text '15 Toledo Road' is set on object 'Object Repository/AdminSuiteBootstrap_Pages/VSP_Bootstrap/CreateProfile/input_address1'

2023-09-20 21:38:06 - [MESSAGE][PASSED] - Text '' is set on object 'Object Repository/AdminSuiteBootstrap_Pages/VSP_Bootstrap/CreateProfile/input_AddressLine2'

2023-09-20 21:38:07 - [MESSAGE][PASSED] - Text '' is set on object 'Object Repository/AdminSuiteBootstrap_Pages/VSP_Bootstrap/CreateProfile/input_PostalCodeExt'

2023-09-20 21:38:07 - [MESSAGE][PASSED] - Text '' is set on object 'Object Repository/AdminSuiteBootstrap_Pages/VSP_Bootstrap/CreateProfile/input_EmaiAddress'

2023-09-20 21:38:08 - [MESSAGE][PASSED] - Text '' is set on object 'Object Repository/AdminSuiteBootstrap_Pages/VSP_Bootstrap/CreateProfile/input_HomePhoneNumber_HomeAreaCode'

2023-09-20 21:38:09 - [MESSAGE][PASSED] - Text '' is set on object 'Object Repository/AdminSuiteBootstrap_Pages/VSP_Bootstrap/CreateProfile/input_homePrefixNumber'

2023-09-20 21:38:09 - [MESSAGE][PASSED] - Text '' is set on object 'Object Repository/AdminSuiteBootstrap_Pages/VSP_Bootstrap/CreateProfile/input_homeSuffixNumber'

2023-09-20 21:38:10 - [MESSAGE][PASSED] - Text '' is set on object 'Object Repository/AdminSuiteBootstrap_Pages/VSP_Bootstrap/CreateProfile/input_MobilePhoneNumber_mobileAreaCode'

2023-09-20 21:38:11 - [MESSAGE][PASSED] - Text '' is set on object 'Object Repository/AdminSuiteBootstrap_Pages/VSP_Bootstrap/CreateProfile/input_mobilePrefixNumber'

2023-09-20 21:38:12 - [MESSAGE][PASSED] - Text '' is set on object 'Object Repository/AdminSuiteBootstrap_Pages/VSP_Bootstrap/CreateProfile/input_mobileSuffixNumber'

2023-09-20 21:38:12 - [MESSAGE][PASSED] - Text '' is set on object 'Object Repository/AdminSuiteBootstrap_Pages/VSP_Bootstrap/CreateProfile/input_WorkPhoneNumber_workAreaCode'

2023-09-20 21:38:13 - [MESSAGE][PASSED] - Text '' is set on object 'Object Repository/AdminSuiteBootstrap_Pages/VSP_Bootstrap/CreateProfile/input_workPrefixNumber'

2023-09-20 21:38:14 - [MESSAGE][PASSED] - Text '' is set on object 'Object Repository/AdminSuiteBootstrap_Pages/VSP_Bootstrap/CreateProfile/input_workSuffixNumber'

2023-09-20 21:38:14 - [MESSAGE][PASSED] - Text '' is set on object 'Object Repository/AdminSuiteBootstrap_Pages/VSP_Bootstrap/CreateProfile/input_Ext_workExtension'

2023-09-20 21:38:15 - [MESSAGE][PASSED] - Text '' is set on object 'Object Repository/AdminSuiteBootstrap_Pages/VSP_Bootstrap/CreateProfile/textarea_NotesComments_note'

2023-09-20 21:38:16 - [MESSAGE][PASSED] - Object: 'Object Repository/AdminSuiteBootstrap_Pages/VSP_Bootstrap/CreateProfile/button_Save' is clicked on

2023-09-20 21:38:16 - [MESSAGE][PASSED] - vspBootstrap.CreateProfilePage.setDataCreateProfile is PASSED

2023-09-20 21:38:16 - [TEST_STEP][PASSED] - verifyTextPresent("Profile successfully created", true): Text 'Profile successfully created' is present on page  using regular expression

2023-09-20 21:38:17 - [MESSAGE][PASSED] - Text 'Profile successfully created' is present on page  using regular expression

2023-09-20 21:38:17 - [TEST_STEP][PASSED] - click(findTestObject(path_ViewProfilePre + "button_Add Credit Card")): Object: 'Object Repository/AdminSuiteBootstrap_Pages/VSP_Bootstrap/ViewProfilePre/button_Add Credit Card' is clicked on

2023-09-20 21:38:18 - [MESSAGE][PASSED] - Object: 'Object Repository/AdminSuiteBootstrap_Pages/VSP_Bootstrap/ViewProfilePre/button_Add Credit Card' is clicked on

2023-09-20 21:38:18 - [TEST_STEP][PASSED] - vspBootstrap.AddCreditCardPage.setDataCreditCardNotPre(row, dataFile): vspBootstrap.AddCreditCardPage.setDataCreditCardNotPre is PASSED

2023-09-20 21:38:19 - [MESSAGE][PASSED] - Text '22201' is set on object 'Object Repository/AdminSuiteBootstrap_Pages/VSP_Bootstrap/AddCreditCard/input_postalCode'

2023-09-20 21:38:20 - [MESSAGE][PASSED] - All options with label 'Mr.' are selected in object 'Object Repository/AdminSuiteBootstrap_Pages/VSP_Bootstrap/AddCreditCard/select_Title'  using regular expression

2023-09-20 21:38:21 - [MESSAGE][PASSED] - Text 'Timothy' is set on object 'Object Repository/AdminSuiteBootstrap_Pages/VSP_Bootstrap/AddCreditCard/input_firstName'

2023-09-20 21:38:22 - [MESSAGE][PASSED] - Text 'Mac' is set on object 'Object Repository/AdminSuiteBootstrap_Pages/VSP_Bootstrap/AddCreditCard/input_MiddleName'

2023-09-20 21:38:22 - [MESSAGE][PASSED] - Text 'Siefert' is set on object 'Object Repository/AdminSuiteBootstrap_Pages/VSP_Bootstrap/AddCreditCard/input_lastName'

2023-09-20 21:38:23 - [MESSAGE][PASSED] - All options with label 'Sr.' are selected in object 'Object Repository/AdminSuiteBootstrap_Pages/VSP_Bootstrap/AddCreditCard/select_Suffix'  using regular expression

2023-09-20 21:38:24 - [MESSAGE][PASSED] - Text 'Tim MasterCard' is set on object 'Object Repository/AdminSuiteBootstrap_Pages/VSP_Bootstrap/AddCreditCard/input_nickName'

2023-09-20 21:38:25 - [MESSAGE][PASSED] - Text '5146312200000035' is set on object 'Object Repository/AdminSuiteBootstrap_Pages/VSP_Bootstrap/AddCreditCard/input_cardNumber'

2023-09-20 21:38:26 - [MESSAGE][PASSED] - All options with label '12- DEC' are selected in object 'Object Repository/AdminSuiteBootstrap_Pages/VSP_Bootstrap/AddCreditCard/select_ExpMonth'  using regular expression

2023-09-20 21:38:27 - [MESSAGE][PASSED] - All options with label '2028' are selected in object 'Object Repository/AdminSuiteBootstrap_Pages/VSP_Bootstrap/AddCreditCard/select_ExpYear'  using regular expression

2023-09-20 21:38:28 - [MESSAGE][PASSED] - Text '365 Kanyakumari' is set on object 'Object Repository/AdminSuiteBootstrap_Pages/VSP_Bootstrap/AddCreditCard/input_address1'

2023-09-20 21:38:28 - [MESSAGE][PASSED] - Text 'Room 8' is set on object 'Object Repository/AdminSuiteBootstrap_Pages/VSP_Bootstrap/AddCreditCard/input_AddressLine2'

2023-09-20 21:38:29 - [MESSAGE][PASSED] - Text '1234' is set on object 'Object Repository/AdminSuiteBootstrap_Pages/VSP_Bootstrap/AddCreditCard/input_postalCodeExtension'

2023-09-20 21:38:30 - [MESSAGE][PASSED] - Object: 'Object Repository/AdminSuiteBootstrap_Pages/VSP_Bootstrap/AddCreditCard/button_Create' is clicked on

2023-09-20 21:38:30 - [MESSAGE][PASSED] - vspBootstrap.AddCreditCardPage.setDataCreditCardNotPre is PASSED

2023-09-20 21:38:30 - [TEST_STEP][PASSED] - verifyTextPresent("Payment Method Created", true): Text 'Payment Method Created' is present on page  using regular expression

2023-09-20 21:38:31 - [MESSAGE][PASSED] - Text 'Payment Method Created' is present on page  using regular expression

2023-09-20 21:38:31 - [TEST_STEP][PASSED] - verifyTextPresent("Payment method creation successful", true): Text 'Payment method creation successful' is present on page  using regular expression

2023-09-20 21:38:31 - [MESSAGE][PASSED] - Text 'Payment method creation successful' is present on page  using regular expression

2023-09-20 21:38:31 - [TEST_STEP][PASSED] - verifyElementVisible(findTestObject(path_ViewProfile + "a_nickNameCC")): Object 'Object Repository/AdminSuiteBootstrap_Pages/VSP_Bootstrap/View Profile/a_nickNameCC' is visible

2023-09-20 21:38:32 - [MESSAGE][PASSED] - Object 'Object Repository/AdminSuiteBootstrap_Pages/VSP_Bootstrap/View Profile/a_nickNameCC' is visible

2023-09-20 21:38:32 - [TEST_STEP][PASSED] - verifyElementPresent(findTestObject(path_ViewProfile + "a_nickNameCC"), 30): Object 'Object Repository/AdminSuiteBootstrap_Pages/VSP_Bootstrap/View Profile/a_nickNameCC' is present

2023-09-20 21:38:32 - [MESSAGE][PASSED] - Object 'Object Repository/AdminSuiteBootstrap_Pages/VSP_Bootstrap/View Profile/a_nickNameCC' is present

2023-09-20 21:38:32 - [TEST_STEP][PASSED] - click(findTestObject(path_ViewProfile + "a_nickNameCC")): Object: 'Object Repository/AdminSuiteBootstrap_Pages/VSP_Bootstrap/View Profile/a_nickNameCC' is clicked on

2023-09-20 21:38:33 - [MESSAGE][PASSED] - Object: 'Object Repository/AdminSuiteBootstrap_Pages/VSP_Bootstrap/View Profile/a_nickNameCC' is clicked on

2023-09-20 21:38:33 - [TEST_STEP][PASSED] - verifyTextPresent("Credit Card Billing Information", true): Text 'Credit Card Billing Information' is present on page  using regular expression

2023-09-20 21:38:34 - [MESSAGE][PASSED] - Text 'Credit Card Billing Information' is present on page  using regular expression

2023-09-20 21:38:34 - [TEST_STEP][PASSED] - nickName = findTestData(dataFile).getValue("NickNameCC", row): null

2023-09-20 21:38:34 - [TEST_STEP][PASSED] - verifyTextPresent(nickName, true): Text 'Tim MasterCard' is present on page  using regular expression

2023-09-20 21:38:34 - [MESSAGE][PASSED] - Text 'Tim MasterCard' is present on page  using regular expression

2023-09-20 21:38:34 - [TEST_STEP][PASSED] - click(findTestObject(path_ViewProfile + "a_Delete Credit Card")): Object: 'Object Repository/AdminSuiteBootstrap_Pages/VSP_Bootstrap/View Profile/a_Delete Credit Card' is clicked on

2023-09-20 21:38:35 - [MESSAGE][PASSED] - Object: 'Object Repository/AdminSuiteBootstrap_Pages/VSP_Bootstrap/View Profile/a_Delete Credit Card' is clicked on

2023-09-20 21:38:35 - [TEST_STEP][PASSED] - verifyTextPresent("Delete Credit Card Confirmation", true): Text 'Delete Credit Card Confirmation' is present on page  using regular expression

2023-09-20 21:38:35 - [MESSAGE][PASSED] - Text 'Delete Credit Card Confirmation' is present on page  using regular expression

2023-09-20 21:38:35 - [TEST_STEP][PASSED] - verifyTextPresent("This will delete the credit card account. Are you sure you want to do this?", true): Text 'This will delete the credit card account. Are you sure you want to do this?' is present on page  using regular expression

2023-09-20 21:38:36 - [MESSAGE][PASSED] - Text 'This will delete the credit card account. Are you sure you want to do this?' is present on page  using regular expression

2023-09-20 21:38:36 - [TEST_STEP][PASSED] - click(findTestObject(path_ViewProfile + "button_DeleteCCConfirm")): Object: 'Object Repository/AdminSuiteBootstrap_Pages/VSP_Bootstrap/View Profile/button_DeleteCCConfirm' is clicked on

2023-09-20 21:38:37 - [MESSAGE][PASSED] - Object: 'Object Repository/AdminSuiteBootstrap_Pages/VSP_Bootstrap/View Profile/button_DeleteCCConfirm' is clicked on

2023-09-20 21:38:37 - [TEST_STEP][PASSED] - verifyTextPresent("Payment Method Deletion", true): Text 'Payment Method Deletion' is present on page  using regular expression

2023-09-20 21:38:37 - [MESSAGE][PASSED] - Text 'Payment Method Deletion' is present on page  using regular expression

2023-09-20 21:38:37 - [TEST_STEP][PASSED] - verifyTextPresent("Payment method was successfully deleted.", true): Text 'Payment method was successfully deleted.' is present on page  using regular expression

2023-09-20 21:38:38 - [MESSAGE][PASSED] - Text 'Payment method was successfully deleted.' is present on page  using regular expression

2023-09-20 21:38:38 - [TEST_STEP][PASSED] - click(findTestObject(path_ViewProfile + "a_Delete Profile")): Object: 'Object Repository/AdminSuiteBootstrap_Pages/VSP_Bootstrap/View Profile/a_Delete Profile' is clicked on

2023-09-20 21:38:39 - [MESSAGE][PASSED] - Object: 'Object Repository/AdminSuiteBootstrap_Pages/VSP_Bootstrap/View Profile/a_Delete Profile' is clicked on

2023-09-20 21:38:39 - [TEST_STEP][PASSED] - verifyTextPresent("This will delete all of the following information. Are you sure you want to do this?", true): Text 'This will delete all of the following information. Are you sure you want to do this?' is present on page  using regular expression

2023-09-20 21:38:39 - [MESSAGE][PASSED] - Text 'This will delete all of the following information. Are you sure you want to do this?' is present on page  using regular expression

2023-09-20 21:38:39 - [TEST_STEP][PASSED] - click(findTestObject(path_DeleteProfileConfirm + "button_Delete")): Object: 'Object Repository/AdminSuiteBootstrap_Pages/VSP_Bootstrap/DeleteProfileConfirm/button_Delete' is clicked on

2023-09-20 21:38:40 - [MESSAGE][PASSED] - Object: 'Object Repository/AdminSuiteBootstrap_Pages/VSP_Bootstrap/DeleteProfileConfirm/button_Delete' is clicked on

2023-09-20 21:38:40 - [TEST_STEP][PASSED] - verifyTextPresent("No Search String", true): Text 'No Search String' is present on page  using regular expression

2023-09-20 21:38:41 - [MESSAGE][PASSED] - Text 'No Search String' is present on page  using regular expression

2023-09-20 21:38:41 - [TEST_STEP][PASSED] - verifyTextPresent("You must provide a search string of at least 2 characters", true): Text 'You must provide a search string of at least 2 characters' is present on page  using regular expression

2023-09-20 21:38:41 - [MESSAGE][PASSED] - Text 'You must provide a search string of at least 2 characters' is present on page  using regular expression

2023-09-20 21:38:41 - [TEST_STEP][PASSED] - closeBrowser(): Browser is closed

2023-09-20 21:38:42 - [MESSAGE][PASSED] - Browser is closed

2023-09-20 21:38:42 - [TEST_STEP][PASSED] - ExecuteTC = findTestData(dataFile).getValue("Execute", row): null

2023-09-20 21:38:42 - [TEST_STEP][PASSED] - out.println("Value of Execute is : " + ExecuteTC): null

2023-09-20 21:38:42 - [TEST_STEP][PASSED] - switch (executionProfile): null

2023-09-20 21:38:42 - [TEST_STEP][PASSED] - case "QA2Profile":: null

2023-09-20 21:38:42 - [TEST_STEP][PASSED] - appName = findTestData(dataFile).getValue("AppNameQA", row): null

2023-09-20 21:38:42 - [TEST_STEP][PASSED] - appID = findTestData(dataFile).getValue("AppIDQA", row): null

2023-09-20 21:38:42 - [TEST_STEP][PASSED] - break: null

2023-09-20 21:38:42 - [TEST_STEP][PASSED] - if (ExecuteTC.equalsIgnoreCase("Y")): Browser is closed

2023-09-20 21:38:42 - [TEST_STEP][PASSED] - out.println("Begin Record Number: " + row): null

2023-09-20 21:38:42 - [TEST_STEP][PASSED] - today = new java.util.Date(): null

2023-09-20 21:38:42 - [TEST_STEP][PASSED] - println(today): null

2023-09-20 21:38:42 - [TEST_STEP][PASSED] - datText = today: null

2023-09-20 21:38:42 - [TEST_STEP][PASSED] - adminSuiteBootstrap.loginFunctionality.login_AdminSuite(): adminSuiteBootstrap.loginFunctionality.login_AdminSuite is PASSED

2023-09-20 21:38:42 - [MESSAGE][INFO] - Starting 'Chrome' driver

2023-09-20 21:38:42 - [MESSAGE][INFO] - User set preference: ['acceptInsecureCerts', 'true']

2023-09-20 21:38:42 - [MESSAGE][INFO] - Action delay is set to 0 milliseconds

2023-09-20 21:38:45 - [MESSAGE][PASSED] - Browser is opened with url: 'https://qa2.velocitypayment.com/admin/imtiaz'

2023-09-20 21:38:45 - [MESSAGE][PASSED] - Current window maximized

2023-09-20 21:38:46 - [MESSAGE][PASSED] - Object 'Object Repository/Login_Page/Login_Username_Okta' is present

2023-09-20 21:38:46 - [MESSAGE][PASSED] - Text 'iahmed' is set on object 'Object Repository/Login_Page/Login_Username_Okta'

2023-09-20 21:38:47 - [MESSAGE][PASSED] - Text 'Hello1111111@' is set on object 'Object Repository/Login_Page/Login_Password_Okta'

2023-09-20 21:38:48 - [MESSAGE][PASSED] - Object: 'Object Repository/Login_Page/Login_Submit_Okta' is clicked on

2023-09-20 21:38:48 - [MESSAGE][PASSED] - adminSuiteBootstrap.loginFunctionality.login_AdminSuite is PASSED

2023-09-20 21:38:48 - [TEST_STEP][PASSED] - click(findTestObject(path_Dashboard + appName)): Object: 'Object Repository/AdminSuiteBootstrap_Pages/Dashboard_Bootstrap/a_Access AutoNoCFtp' is clicked on

2023-09-20 21:38:56 - [MESSAGE][PASSED] - Object: 'Object Repository/AdminSuiteBootstrap_Pages/Dashboard_Bootstrap/a_Access AutoNoCFtp' is clicked on

2023-09-20 21:38:56 - [TEST_STEP][PASSED] - click(findTestObject(path_VT + "a_Create")): Object: 'Object Repository/AdminSuiteBootstrap_Pages/VT_Bootstrap/IssueTransactions/a_Create' is clicked on

2023-09-20 21:38:56 - [MESSAGE][PASSED] - Object: 'Object Repository/AdminSuiteBootstrap_Pages/VT_Bootstrap/IssueTransactions/a_Create' is clicked on

2023-09-20 21:38:56 - [TEST_STEP][PASSED] - vspBootstrap.CreateProfilePage.setDataCreateProfile(row, dataFile): vspBootstrap.CreateProfilePage.setDataCreateProfile is PASSED

2023-09-20 21:38:58 - [MESSAGE][PASSED] - Text '22201' is set on object 'Object Repository/AdminSuiteBootstrap_Pages/VSP_Bootstrap/CreateProfile/input_PostalCode'

2023-09-20 21:38:59 - [MESSAGE][PASSED] - Text 'JrfiwRztLGLL' is set on object 'Object Repository/AdminSuiteBootstrap_Pages/VSP_Bootstrap/CreateProfile/input_profileName'

2023-09-20 21:39:00 - [MESSAGE][PASSED] - Text '' is set on object 'Object Repository/AdminSuiteBootstrap_Pages/VSP_Bootstrap/CreateProfile/input_CompanyName'

2023-09-20 21:39:01 - [MESSAGE][PASSED] - All options with label '' are selected in object 'Object Repository/AdminSuiteBootstrap_Pages/VSP_Bootstrap/CreateProfile/select_Title'  using regular expression

2023-09-20 21:39:02 - [MESSAGE][PASSED] - Text '' is set on object 'Object Repository/AdminSuiteBootstrap_Pages/VSP_Bootstrap/CreateProfile/input_FirstName'

2023-09-20 21:39:02 - [MESSAGE][PASSED] - Text '' is set on object 'Object Repository/AdminSuiteBootstrap_Pages/VSP_Bootstrap/CreateProfile/input_MiddleName'

2023-09-20 21:39:03 - [MESSAGE][PASSED] - Text '' is set on object 'Object Repository/AdminSuiteBootstrap_Pages/VSP_Bootstrap/CreateProfile/input_LastName'

2023-09-20 21:39:04 - [MESSAGE][PASSED] - All options with label '' are selected in object 'Object Repository/AdminSuiteBootstrap_Pages/VSP_Bootstrap/CreateProfile/select_Suffix'  using regular expression

2023-09-20 21:39:05 - [MESSAGE][PASSED] - Text '15 Toledo Road' is set on object 'Object Repository/AdminSuiteBootstrap_Pages/VSP_Bootstrap/CreateProfile/input_address1'

2023-09-20 21:39:05 - [MESSAGE][PASSED] - Text '' is set on object 'Object Repository/AdminSuiteBootstrap_Pages/VSP_Bootstrap/CreateProfile/input_AddressLine2'

2023-09-20 21:39:06 - [MESSAGE][PASSED] - Text '' is set on object 'Object Repository/AdminSuiteBootstrap_Pages/VSP_Bootstrap/CreateProfile/input_PostalCodeExt'

2023-09-20 21:39:07 - [MESSAGE][PASSED] - Text '' is set on object 'Object Repository/AdminSuiteBootstrap_Pages/VSP_Bootstrap/CreateProfile/input_EmaiAddress'

2023-09-20 21:39:07 - [MESSAGE][PASSED] - Text '' is set on object 'Object Repository/AdminSuiteBootstrap_Pages/VSP_Bootstrap/CreateProfile/input_HomePhoneNumber_HomeAreaCode'

2023-09-20 21:39:08 - [MESSAGE][PASSED] - Text '' is set on object 'Object Repository/AdminSuiteBootstrap_Pages/VSP_Bootstrap/CreateProfile/input_homePrefixNumber'

2023-09-20 21:39:09 - [MESSAGE][PASSED] - Text '' is set on object 'Object Repository/AdminSuiteBootstrap_Pages/VSP_Bootstrap/CreateProfile/input_homeSuffixNumber'

2023-09-20 21:39:09 - [MESSAGE][PASSED] - Text '' is set on object 'Object Repository/AdminSuiteBootstrap_Pages/VSP_Bootstrap/CreateProfile/input_MobilePhoneNumber_mobileAreaCode'

2023-09-20 21:39:10 - [MESSAGE][PASSED] - Text '' is set on object 'Object Repository/AdminSuiteBootstrap_Pages/VSP_Bootstrap/CreateProfile/input_mobilePrefixNumber'

2023-09-20 21:39:11 - [MESSAGE][PASSED] - Text '' is set on object 'Object Repository/AdminSuiteBootstrap_Pages/VSP_Bootstrap/CreateProfile/input_mobileSuffixNumber'

2023-09-20 21:39:11 - [MESSAGE][PASSED] - Text '' is set on object 'Object Repository/AdminSuiteBootstrap_Pages/VSP_Bootstrap/CreateProfile/input_WorkPhoneNumber_workAreaCode'

2023-09-20 21:39:12 - [MESSAGE][PASSED] - Text '' is set on object 'Object Repository/AdminSuiteBootstrap_Pages/VSP_Bootstrap/CreateProfile/input_workPrefixNumber'

2023-09-20 21:39:13 - [MESSAGE][PASSED] - Text '' is set on object 'Object Repository/AdminSuiteBootstrap_Pages/VSP_Bootstrap/CreateProfile/input_workSuffixNumber'

2023-09-20 21:39:14 - [MESSAGE][PASSED] - Text '' is set on object 'Object Repository/AdminSuiteBootstrap_Pages/VSP_Bootstrap/CreateProfile/input_Ext_workExtension'

2023-09-20 21:39:14 - [MESSAGE][PASSED] - Text '' is set on object 'Object Repository/AdminSuiteBootstrap_Pages/VSP_Bootstrap/CreateProfile/textarea_NotesComments_note'

2023-09-20 21:39:16 - [MESSAGE][PASSED] - Object: 'Object Repository/AdminSuiteBootstrap_Pages/VSP_Bootstrap/CreateProfile/button_Save' is clicked on

2023-09-20 21:39:16 - [MESSAGE][PASSED] - vspBootstrap.CreateProfilePage.setDataCreateProfile is PASSED

2023-09-20 21:39:16 - [TEST_STEP][PASSED] - verifyTextPresent("Profile successfully created", true): Text 'Profile successfully created' is present on page  using regular expression

2023-09-20 21:39:16 - [MESSAGE][PASSED] - Text 'Profile successfully created' is present on page  using regular expression

2023-09-20 21:39:16 - [TEST_STEP][PASSED] - click(findTestObject(path_ViewProfilePre + "button_Add Credit Card")): Object: 'Object Repository/AdminSuiteBootstrap_Pages/VSP_Bootstrap/ViewProfilePre/button_Add Credit Card' is clicked on

2023-09-20 21:39:17 - [MESSAGE][PASSED] - Object: 'Object Repository/AdminSuiteBootstrap_Pages/VSP_Bootstrap/ViewProfilePre/button_Add Credit Card' is clicked on

2023-09-20 21:39:17 - [TEST_STEP][PASSED] - vspBootstrap.AddCreditCardPage.setDataCreditCardNotPre(row, dataFile): vspBootstrap.AddCreditCardPage.setDataCreditCardNotPre is PASSED

2023-09-20 21:39:18 - [MESSAGE][PASSED] - Text '21093' is set on object 'Object Repository/AdminSuiteBootstrap_Pages/VSP_Bootstrap/AddCreditCard/input_postalCode'

2023-09-20 21:39:19 - [MESSAGE][PASSED] - All options with label '' are selected in object 'Object Repository/AdminSuiteBootstrap_Pages/VSP_Bootstrap/AddCreditCard/select_Title'  using regular expression

2023-09-20 21:39:20 - [MESSAGE][PASSED] - Text 'Brandon' is set on object 'Object Repository/AdminSuiteBootstrap_Pages/VSP_Bootstrap/AddCreditCard/input_firstName'

2023-09-20 21:39:21 - [MESSAGE][PASSED] - Text '' is set on object 'Object Repository/AdminSuiteBootstrap_Pages/VSP_Bootstrap/AddCreditCard/input_MiddleName'

2023-09-20 21:39:21 - [MESSAGE][PASSED] - Text 'McCulumm' is set on object 'Object Repository/AdminSuiteBootstrap_Pages/VSP_Bootstrap/AddCreditCard/input_lastName'

2023-09-20 21:39:22 - [MESSAGE][PASSED] - All options with label '' are selected in object 'Object Repository/AdminSuiteBootstrap_Pages/VSP_Bootstrap/AddCreditCard/select_Suffix'  using regular expression

2023-09-20 21:39:23 - [MESSAGE][PASSED] - Text 'Brandon Amex' is set on object 'Object Repository/AdminSuiteBootstrap_Pages/VSP_Bootstrap/AddCreditCard/input_nickName'

2023-09-20 21:39:24 - [MESSAGE][PASSED] - Text '371449635392376' is set on object 'Object Repository/AdminSuiteBootstrap_Pages/VSP_Bootstrap/AddCreditCard/input_cardNumber'

2023-09-20 21:39:25 - [MESSAGE][PASSED] - All options with label '1 - JAN' are selected in object 'Object Repository/AdminSuiteBootstrap_Pages/VSP_Bootstrap/AddCreditCard/select_ExpMonth'  using regular expression

2023-09-20 21:39:26 - [MESSAGE][PASSED] - All options with label '2028' are selected in object 'Object Repository/AdminSuiteBootstrap_Pages/VSP_Bootstrap/AddCreditCard/select_ExpYear'  using regular expression

2023-09-20 21:39:26 - [MESSAGE][PASSED] - Text '2225 Kendsha road' is set on object 'Object Repository/AdminSuiteBootstrap_Pages/VSP_Bootstrap/AddCreditCard/input_address1'

2023-09-20 21:39:27 - [MESSAGE][PASSED] - Text '' is set on object 'Object Repository/AdminSuiteBootstrap_Pages/VSP_Bootstrap/AddCreditCard/input_AddressLine2'

2023-09-20 21:39:28 - [MESSAGE][PASSED] - Text '' is set on object 'Object Repository/AdminSuiteBootstrap_Pages/VSP_Bootstrap/AddCreditCard/input_postalCodeExtension'

2023-09-20 21:39:29 - [MESSAGE][PASSED] - Object: 'Object Repository/AdminSuiteBootstrap_Pages/VSP_Bootstrap/AddCreditCard/button_Create' is clicked on

2023-09-20 21:39:29 - [MESSAGE][PASSED] - vspBootstrap.AddCreditCardPage.setDataCreditCardNotPre is PASSED

2023-09-20 21:39:29 - [TEST_STEP][PASSED] - verifyTextPresent("Payment Method Created", true): Text 'Payment Method Created' is present on page  using regular expression

2023-09-20 21:39:30 - [MESSAGE][PASSED] - Text 'Payment Method Created' is present on page  using regular expression

2023-09-20 21:39:30 - [TEST_STEP][PASSED] - verifyTextPresent("Payment method creation successful", true): Text 'Payment method creation successful' is present on page  using regular expression

2023-09-20 21:39:30 - [MESSAGE][PASSED] - Text 'Payment method creation successful' is present on page  using regular expression

2023-09-20 21:39:30 - [TEST_STEP][PASSED] - verifyElementVisible(findTestObject(path_ViewProfile + "a_nickNameCC")): Object 'Object Repository/AdminSuiteBootstrap_Pages/VSP_Bootstrap/View Profile/a_nickNameCC' is visible

2023-09-20 21:39:30 - [MESSAGE][PASSED] - Object 'Object Repository/AdminSuiteBootstrap_Pages/VSP_Bootstrap/View Profile/a_nickNameCC' is visible

2023-09-20 21:39:30 - [TEST_STEP][PASSED] - verifyElementPresent(findTestObject(path_ViewProfile + "a_nickNameCC"), 30): Object 'Object Repository/AdminSuiteBootstrap_Pages/VSP_Bootstrap/View Profile/a_nickNameCC' is present

2023-09-20 21:39:31 - [MESSAGE][PASSED] - Object 'Object Repository/AdminSuiteBootstrap_Pages/VSP_Bootstrap/View Profile/a_nickNameCC' is present

2023-09-20 21:39:31 - [TEST_STEP][PASSED] - click(findTestObject(path_ViewProfile + "a_nickNameCC")): Object: 'Object Repository/AdminSuiteBootstrap_Pages/VSP_Bootstrap/View Profile/a_nickNameCC' is clicked on

2023-09-20 21:39:31 - [MESSAGE][PASSED] - Object: 'Object Repository/AdminSuiteBootstrap_Pages/VSP_Bootstrap/View Profile/a_nickNameCC' is clicked on

2023-09-20 21:39:31 - [TEST_STEP][PASSED] - verifyTextPresent("Credit Card Billing Information", true): Text 'Credit Card Billing Information' is present on page  using regular expression

2023-09-20 21:39:32 - [MESSAGE][PASSED] - Text 'Credit Card Billing Information' is present on page  using regular expression

2023-09-20 21:39:32 - [TEST_STEP][PASSED] - nickName = findTestData(dataFile).getValue("NickNameCC", row): null

2023-09-20 21:39:32 - [TEST_STEP][PASSED] - verifyTextPresent(nickName, true): Text 'Brandon Amex' is present on page  using regular expression

2023-09-20 21:39:32 - [MESSAGE][PASSED] - Text 'Brandon Amex' is present on page  using regular expression

2023-09-20 21:39:32 - [TEST_STEP][PASSED] - click(findTestObject(path_ViewProfile + "a_Delete Credit Card")): Object: 'Object Repository/AdminSuiteBootstrap_Pages/VSP_Bootstrap/View Profile/a_Delete Credit Card' is clicked on

2023-09-20 21:39:33 - [MESSAGE][PASSED] - Object: 'Object Repository/AdminSuiteBootstrap_Pages/VSP_Bootstrap/View Profile/a_Delete Credit Card' is clicked on

2023-09-20 21:39:33 - [TEST_STEP][PASSED] - verifyTextPresent("Delete Credit Card Confirmation", true): Text 'Delete Credit Card Confirmation' is present on page  using regular expression

2023-09-20 21:39:34 - [MESSAGE][PASSED] - Text 'Delete Credit Card Confirmation' is present on page  using regular expression

2023-09-20 21:39:34 - [TEST_STEP][PASSED] - verifyTextPresent("This will delete the credit card account. Are you sure you want to do this?", true): Text 'This will delete the credit card account. Are you sure you want to do this?' is present on page  using regular expression

2023-09-20 21:39:34 - [MESSAGE][PASSED] - Text 'This will delete the credit card account. Are you sure you want to do this?' is present on page  using regular expression

2023-09-20 21:39:34 - [TEST_STEP][PASSED] - click(findTestObject(path_ViewProfile + "button_DeleteCCConfirm")): Object: 'Object Repository/AdminSuiteBootstrap_Pages/VSP_Bootstrap/View Profile/button_DeleteCCConfirm' is clicked on

2023-09-20 21:39:35 - [MESSAGE][PASSED] - Object: 'Object Repository/AdminSuiteBootstrap_Pages/VSP_Bootstrap/View Profile/button_DeleteCCConfirm' is clicked on

2023-09-20 21:39:35 - [TEST_STEP][PASSED] - verifyTextPresent("Payment Method Deletion", true): Text 'Payment Method Deletion' is present on page  using regular expression

2023-09-20 21:39:36 - [MESSAGE][PASSED] - Text 'Payment Method Deletion' is present on page  using regular expression

2023-09-20 21:39:36 - [TEST_STEP][PASSED] - verifyTextPresent("Payment method was successfully deleted.", true): Text 'Payment method was successfully deleted.' is present on page  using regular expression

2023-09-20 21:39:36 - [MESSAGE][PASSED] - Text 'Payment method was successfully deleted.' is present on page  using regular expression

2023-09-20 21:39:36 - [TEST_STEP][PASSED] - click(findTestObject(path_ViewProfile + "a_Delete Profile")): Object: 'Object Repository/AdminSuiteBootstrap_Pages/VSP_Bootstrap/View Profile/a_Delete Profile' is clicked on

2023-09-20 21:39:37 - [MESSAGE][PASSED] - Object: 'Object Repository/AdminSuiteBootstrap_Pages/VSP_Bootstrap/View Profile/a_Delete Profile' is clicked on

2023-09-20 21:39:37 - [TEST_STEP][PASSED] - verifyTextPresent("This will delete all of the following information. Are you sure you want to do this?", true): Text 'This will delete all of the following information. Are you sure you want to do this?' is present on page  using regular expression

2023-09-20 21:39:38 - [MESSAGE][PASSED] - Text 'This will delete all of the following information. Are you sure you want to do this?' is present on page  using regular expression

2023-09-20 21:39:38 - [TEST_STEP][PASSED] - click(findTestObject(path_DeleteProfileConfirm + "button_Delete")): Object: 'Object Repository/AdminSuiteBootstrap_Pages/VSP_Bootstrap/DeleteProfileConfirm/button_Delete' is clicked on

2023-09-20 21:39:39 - [MESSAGE][PASSED] - Object: 'Object Repository/AdminSuiteBootstrap_Pages/VSP_Bootstrap/DeleteProfileConfirm/button_Delete' is clicked on

2023-09-20 21:39:39 - [TEST_STEP][PASSED] - verifyTextPresent("No Search String", true): Text 'No Search String' is present on page  using regular expression

2023-09-20 21:39:39 - [MESSAGE][PASSED] - Text 'No Search String' is present on page  using regular expression

2023-09-20 21:39:39 - [TEST_STEP][PASSED] - verifyTextPresent("You must provide a search string of at least 2 characters", true): Text 'You must provide a search string of at least 2 characters' is present on page  using regular expression

2023-09-20 21:39:39 - [MESSAGE][PASSED] - Text 'You must provide a search string of at least 2 characters' is present on page  using regular expression

2023-09-20 21:39:39 - [TEST_STEP][PASSED] - closeBrowser(): Browser is closed

2023-09-20 21:39:40 - [MESSAGE][PASSED] - Browser is closed]]></system-out>
         <system-err><![CDATA[]]></system-err>
      </testcase>
      <testcase name="Test Cases/Admin Suite Bootstrap/VSP_Profile_TestCases/AddDeleteCCNotPre3_Generic_TC" time="126.103" classname="Test Cases/Admin Suite Bootstrap/VSP_Profile_TestCases/AddDeleteCCNotPre3_Generic_TC" status="PASSED">
         <system-out><![CDATA[2023-09-20 21:39:40 - [TEST_CASE][PASSED] - Test Cases/Admin Suite Bootstrap/VSP_Profile_TestCases/AddDeleteCCNotPre3_Generic_TC: Test Cases/Admin Suite Bootstrap/VSP_Profile_TestCases/AddDeleteCCNotPre3_Generic_TC

2023-09-20 21:39:41 - [TEST_STEP][PASSED] - path_Dashboard = "Object Repository/AdminSuiteBootstrap_Pages/Dashboard_Bootstrap/": null

2023-09-20 21:39:41 - [TEST_STEP][PASSED] - path_VT = "Object Repository/AdminSuiteBootstrap_Pages/VT_Bootstrap/IssueTransactions/": null

2023-09-20 21:39:41 - [TEST_STEP][PASSED] - path_CreateProfile = "Object Repository/AdminSuiteBootstrap_Pages/VSP_Bootstrap/CreateProfile/": null

2023-09-20 21:39:41 - [TEST_STEP][PASSED] - path_AddAccount = "Object Repository/AdminSuiteBootstrap_Pages/VSP_Bootstrap/AddAccount/": null

2023-09-20 21:39:41 - [TEST_STEP][PASSED] - path_Add_ACH = "Object Repository/AdminSuiteBootstrap_Pages/VSP_Bootstrap/AddACH/": null

2023-09-20 21:39:41 - [TEST_STEP][PASSED] - path_Add_CC = "Object Repository/AdminSuiteBootstrap_Pages/VSP_Bootstrap/AddCreditCard/": null

2023-09-20 21:39:41 - [TEST_STEP][PASSED] - path_App_Plan = "Object Repository/AdminSuiteBootstrap_Pages/VSP_Bootstrap/AddPaymentPlan/": null

2023-09-20 21:39:41 - [TEST_STEP][PASSED] - path_DeleteProfile = "Object Repository/AdminSuiteBootstrap_Pages/VSP_Bootstrap/DeleteProfile/": null

2023-09-20 21:39:41 - [TEST_STEP][PASSED] - path_ModifyProfile = "Object Repository/AdminSuiteBootstrap_Pages/VSP_Bootstrap/ModifyProfile/": null

2023-09-20 21:39:41 - [TEST_STEP][PASSED] - path_ViewProfile = "Object Repository/AdminSuiteBootstrap_Pages/VSP_Bootstrap/View Profile/": null

2023-09-20 21:39:41 - [TEST_STEP][PASSED] - path_VSPAuth = "Object Repository/AdminSuiteBootstrap_Pages/VSP_Bootstrap/VSP_Auth/": null

2023-09-20 21:39:41 - [TEST_STEP][PASSED] - path_VSPAuthCap = "Object Repository/AdminSuiteBootstrap_Pages/VSP_Bootstrap/VSP_Authcap/": null

2023-09-20 21:39:41 - [TEST_STEP][PASSED] - path_Debit = "Object Repository/AdminSuiteBootstrap_Pages/VSP_Bootstrap/VSP_Debit/": null

2023-09-20 21:39:41 - [TEST_STEP][PASSED] - path_DeleteProfileConfirm = "Object Repository/AdminSuiteBootstrap_Pages/VSP_Bootstrap/DeleteProfileConfirm/": null

2023-09-20 21:39:41 - [TEST_STEP][PASSED] - path_ViewProfilePre = "Object Repository/AdminSuiteBootstrap_Pages/VSP_Bootstrap/ViewProfilePre/": null

2023-09-20 21:39:41 - [TEST_STEP][PASSED] - path_SearchProfile = "Object Repository/AdminSuiteBootstrap_Pages/VSP_Bootstrap/SearchProfile/": null

2023-09-20 21:39:41 - [TEST_STEP][PASSED] - executionProfile = getExecutionProfile(): null

2023-09-20 21:39:41 - [TEST_STEP][PASSED] - out.println("executionProfile : " + executionProfile): null

2023-09-20 21:39:41 - [TEST_STEP][PASSED] - appName = <not implemented yet for class: org.codehaus.groovy.ast.expr.EmptyExpression>: null

2023-09-20 21:39:41 - [TEST_STEP][PASSED] - appID = <not implemented yet for class: org.codehaus.groovy.ast.expr.EmptyExpression>: null

2023-09-20 21:39:41 - [TEST_STEP][PASSED] - cardNameV = <not implemented yet for class: org.codehaus.groovy.ast.expr.EmptyExpression>: null

2023-09-20 21:39:41 - [TEST_STEP][PASSED] - al1V = <not implemented yet for class: org.codehaus.groovy.ast.expr.EmptyExpression>: null

2023-09-20 21:39:41 - [TEST_STEP][PASSED] - al2V = <not implemented yet for class: org.codehaus.groovy.ast.expr.EmptyExpression>: null

2023-09-20 21:39:41 - [TEST_STEP][PASSED] - zipV = <not implemented yet for class: org.codehaus.groovy.ast.expr.EmptyExpression>: null

2023-09-20 21:39:41 - [TEST_STEP][PASSED] - cardTypeV = <not implemented yet for class: org.codehaus.groovy.ast.expr.EmptyExpression>: null

2023-09-20 21:39:41 - [TEST_STEP][PASSED] - last4V = <not implemented yet for class: org.codehaus.groovy.ast.expr.EmptyExpression>: null

2023-09-20 21:39:41 - [TEST_STEP][PASSED] - nameSheet = "AddDeleteCCNotPrepopulated": null

2023-09-20 21:39:41 - [TEST_STEP][PASSED] - numOfRows = findTestData("QA/Bootstrap/VSP-Profile-TestData/AddCCNotPrepopulated").getRowNumbers(): null

2023-09-20 21:39:41 - [TEST_STEP][PASSED] - println("Number of Records: " + numOfRows): null

2023-09-20 21:39:41 - [TEST_STEP][PASSED] - dataFile = "QA/Bootstrap/VSP-Profile-TestData/AddCCNotPrepopulated": null

2023-09-20 21:39:41 - [TEST_STEP][PASSED] - for ([row = 1, row <= numOfRows, (row++)]): Browser is closed

2023-09-20 21:39:41 - [TEST_STEP][PASSED] - ExecuteTC = findTestData(dataFile).getValue("Execute", row): null

2023-09-20 21:39:41 - [TEST_STEP][PASSED] - out.println("Value of Execute is : " + ExecuteTC): null

2023-09-20 21:39:41 - [TEST_STEP][PASSED] - switch (executionProfile): null

2023-09-20 21:39:41 - [TEST_STEP][PASSED] - case "QA2Profile":: null

2023-09-20 21:39:41 - [TEST_STEP][PASSED] - appName = findTestData(dataFile).getValue("AppNameQA", row): null

2023-09-20 21:39:41 - [TEST_STEP][PASSED] - appID = findTestData(dataFile).getValue("AppIDQA", row): null

2023-09-20 21:39:41 - [TEST_STEP][PASSED] - break: null

2023-09-20 21:39:41 - [TEST_STEP][PASSED] - if (ExecuteTC.equalsIgnoreCase("Y")): Browser is closed

2023-09-20 21:39:41 - [TEST_STEP][PASSED] - out.println("Begin Record Number: " + row): null

2023-09-20 21:39:41 - [TEST_STEP][PASSED] - today = new java.util.Date(): null

2023-09-20 21:39:41 - [TEST_STEP][PASSED] - println(today): null

2023-09-20 21:39:41 - [TEST_STEP][PASSED] - datText = today: null

2023-09-20 21:39:41 - [TEST_STEP][PASSED] - adminSuiteBootstrap.loginFunctionality.login_AdminSuite(): adminSuiteBootstrap.loginFunctionality.login_AdminSuite is PASSED

2023-09-20 21:39:41 - [MESSAGE][INFO] - Starting 'Chrome' driver

2023-09-20 21:39:41 - [MESSAGE][INFO] - User set preference: ['acceptInsecureCerts', 'true']

2023-09-20 21:39:41 - [MESSAGE][INFO] - Action delay is set to 0 milliseconds

2023-09-20 21:39:44 - [MESSAGE][PASSED] - Browser is opened with url: 'https://qa2.velocitypayment.com/admin/imtiaz'

2023-09-20 21:39:44 - [MESSAGE][PASSED] - Current window maximized

2023-09-20 21:39:45 - [MESSAGE][PASSED] - Object 'Object Repository/Login_Page/Login_Username_Okta' is present

2023-09-20 21:39:45 - [MESSAGE][PASSED] - Text 'iahmed' is set on object 'Object Repository/Login_Page/Login_Username_Okta'

2023-09-20 21:39:46 - [MESSAGE][PASSED] - Text 'Hello1111111@' is set on object 'Object Repository/Login_Page/Login_Password_Okta'

2023-09-20 21:39:47 - [MESSAGE][PASSED] - Object: 'Object Repository/Login_Page/Login_Submit_Okta' is clicked on

2023-09-20 21:39:47 - [MESSAGE][PASSED] - adminSuiteBootstrap.loginFunctionality.login_AdminSuite is PASSED

2023-09-20 21:39:47 - [TEST_STEP][PASSED] - click(findTestObject(path_Dashboard + appName)): Object: 'Object Repository/AdminSuiteBootstrap_Pages/Dashboard_Bootstrap/a_Access AutoNoCFtp' is clicked on

2023-09-20 21:39:56 - [MESSAGE][PASSED] - Object: 'Object Repository/AdminSuiteBootstrap_Pages/Dashboard_Bootstrap/a_Access AutoNoCFtp' is clicked on

2023-09-20 21:39:56 - [TEST_STEP][PASSED] - click(findTestObject(path_VT + "a_Create")): Object: 'Object Repository/AdminSuiteBootstrap_Pages/VT_Bootstrap/IssueTransactions/a_Create' is clicked on

2023-09-20 21:39:56 - [MESSAGE][PASSED] - Object: 'Object Repository/AdminSuiteBootstrap_Pages/VT_Bootstrap/IssueTransactions/a_Create' is clicked on

2023-09-20 21:39:56 - [TEST_STEP][PASSED] - vspBootstrap.CreateProfilePage.setDataCreateProfile(row, dataFile): vspBootstrap.CreateProfilePage.setDataCreateProfile is PASSED

2023-09-20 21:39:59 - [MESSAGE][PASSED] - Text '22201' is set on object 'Object Repository/AdminSuiteBootstrap_Pages/VSP_Bootstrap/CreateProfile/input_PostalCode'

2023-09-20 21:39:59 - [MESSAGE][PASSED] - Text 'l8DSE55whXsP' is set on object 'Object Repository/AdminSuiteBootstrap_Pages/VSP_Bootstrap/CreateProfile/input_profileName'

2023-09-20 21:40:00 - [MESSAGE][PASSED] - Text '' is set on object 'Object Repository/AdminSuiteBootstrap_Pages/VSP_Bootstrap/CreateProfile/input_CompanyName'

2023-09-20 21:40:01 - [MESSAGE][PASSED] - All options with label '' are selected in object 'Object Repository/AdminSuiteBootstrap_Pages/VSP_Bootstrap/CreateProfile/select_Title'  using regular expression

2023-09-20 21:40:02 - [MESSAGE][PASSED] - Text '' is set on object 'Object Repository/AdminSuiteBootstrap_Pages/VSP_Bootstrap/CreateProfile/input_FirstName'

2023-09-20 21:40:02 - [MESSAGE][PASSED] - Text '' is set on object 'Object Repository/AdminSuiteBootstrap_Pages/VSP_Bootstrap/CreateProfile/input_MiddleName'

2023-09-20 21:40:03 - [MESSAGE][PASSED] - Text '' is set on object 'Object Repository/AdminSuiteBootstrap_Pages/VSP_Bootstrap/CreateProfile/input_LastName'

2023-09-20 21:40:04 - [MESSAGE][PASSED] - All options with label '' are selected in object 'Object Repository/AdminSuiteBootstrap_Pages/VSP_Bootstrap/CreateProfile/select_Suffix'  using regular expression

2023-09-20 21:40:05 - [MESSAGE][PASSED] - Text '15 Toledo Road' is set on object 'Object Repository/AdminSuiteBootstrap_Pages/VSP_Bootstrap/CreateProfile/input_address1'

2023-09-20 21:40:05 - [MESSAGE][PASSED] - Text '' is set on object 'Object Repository/AdminSuiteBootstrap_Pages/VSP_Bootstrap/CreateProfile/input_AddressLine2'

2023-09-20 21:40:06 - [MESSAGE][PASSED] - Text '' is set on object 'Object Repository/AdminSuiteBootstrap_Pages/VSP_Bootstrap/CreateProfile/input_PostalCodeExt'

2023-09-20 21:40:06 - [MESSAGE][PASSED] - Text '' is set on object 'Object Repository/AdminSuiteBootstrap_Pages/VSP_Bootstrap/CreateProfile/input_EmaiAddress'

2023-09-20 21:40:07 - [MESSAGE][PASSED] - Text '' is set on object 'Object Repository/AdminSuiteBootstrap_Pages/VSP_Bootstrap/CreateProfile/input_HomePhoneNumber_HomeAreaCode'

2023-09-20 21:40:08 - [MESSAGE][PASSED] - Text '' is set on object 'Object Repository/AdminSuiteBootstrap_Pages/VSP_Bootstrap/CreateProfile/input_homePrefixNumber'

2023-09-20 21:40:08 - [MESSAGE][PASSED] - Text '' is set on object 'Object Repository/AdminSuiteBootstrap_Pages/VSP_Bootstrap/CreateProfile/input_homeSuffixNumber'

2023-09-20 21:40:09 - [MESSAGE][PASSED] - Text '' is set on object 'Object Repository/AdminSuiteBootstrap_Pages/VSP_Bootstrap/CreateProfile/input_MobilePhoneNumber_mobileAreaCode'

2023-09-20 21:40:10 - [MESSAGE][PASSED] - Text '' is set on object 'Object Repository/AdminSuiteBootstrap_Pages/VSP_Bootstrap/CreateProfile/input_mobilePrefixNumber'

2023-09-20 21:40:10 - [MESSAGE][PASSED] - Text '' is set on object 'Object Repository/AdminSuiteBootstrap_Pages/VSP_Bootstrap/CreateProfile/input_mobileSuffixNumber'

2023-09-20 21:40:11 - [MESSAGE][PASSED] - Text '' is set on object 'Object Repository/AdminSuiteBootstrap_Pages/VSP_Bootstrap/CreateProfile/input_WorkPhoneNumber_workAreaCode'

2023-09-20 21:40:12 - [MESSAGE][PASSED] - Text '' is set on object 'Object Repository/AdminSuiteBootstrap_Pages/VSP_Bootstrap/CreateProfile/input_workPrefixNumber'

2023-09-20 21:40:12 - [MESSAGE][PASSED] - Text '' is set on object 'Object Repository/AdminSuiteBootstrap_Pages/VSP_Bootstrap/CreateProfile/input_workSuffixNumber'

2023-09-20 21:40:13 - [MESSAGE][PASSED] - Text '' is set on object 'Object Repository/AdminSuiteBootstrap_Pages/VSP_Bootstrap/CreateProfile/input_Ext_workExtension'

2023-09-20 21:40:14 - [MESSAGE][PASSED] - Text '' is set on object 'Object Repository/AdminSuiteBootstrap_Pages/VSP_Bootstrap/CreateProfile/textarea_NotesComments_note'

2023-09-20 21:40:15 - [MESSAGE][PASSED] - Object: 'Object Repository/AdminSuiteBootstrap_Pages/VSP_Bootstrap/CreateProfile/button_Save' is clicked on

2023-09-20 21:40:15 - [MESSAGE][PASSED] - vspBootstrap.CreateProfilePage.setDataCreateProfile is PASSED

2023-09-20 21:40:15 - [TEST_STEP][PASSED] - verifyTextPresent("Profile successfully created", true): Text 'Profile successfully created' is present on page  using regular expression

2023-09-20 21:40:16 - [MESSAGE][PASSED] - Text 'Profile successfully created' is present on page  using regular expression

2023-09-20 21:40:16 - [TEST_STEP][PASSED] - profileName = ProfileName: null

2023-09-20 21:40:16 - [TEST_STEP][PASSED] - println("profileName : " + profileName): null

2023-09-20 21:40:16 - [TEST_STEP][PASSED] - click(findTestObject(path_ViewProfile + "a_Return to Main Menu")): Object: 'Object Repository/AdminSuiteBootstrap_Pages/VSP_Bootstrap/View Profile/a_Return to Main Menu' is clicked on

2023-09-20 21:40:16 - [MESSAGE][PASSED] - Object: 'Object Repository/AdminSuiteBootstrap_Pages/VSP_Bootstrap/View Profile/a_Return to Main Menu' is clicked on

2023-09-20 21:40:16 - [TEST_STEP][PASSED] - click(findTestObject(path_VT + "a_Find Profile")): Object: 'Object Repository/AdminSuiteBootstrap_Pages/VT_Bootstrap/IssueTransactions/a_Find Profile' is clicked on

2023-09-20 21:40:17 - [MESSAGE][PASSED] - Object: 'Object Repository/AdminSuiteBootstrap_Pages/VT_Bootstrap/IssueTransactions/a_Find Profile' is clicked on

2023-09-20 21:40:17 - [TEST_STEP][PASSED] - setText(findTestObject(path_SearchProfile + "input_Criteria"), profileName): Text 'l8DSE55whXsP' is set on object 'Object Repository/AdminSuiteBootstrap_Pages/VSP_Bootstrap/SearchProfile/input_Criteria'

2023-09-20 21:40:18 - [MESSAGE][PASSED] - Text 'l8DSE55whXsP' is set on object 'Object Repository/AdminSuiteBootstrap_Pages/VSP_Bootstrap/SearchProfile/input_Criteria'

2023-09-20 21:40:18 - [TEST_STEP][PASSED] - click(findTestObject(path_SearchProfile + "button_Search")): Object: 'Object Repository/AdminSuiteBootstrap_Pages/VSP_Bootstrap/SearchProfile/button_Search' is clicked on

2023-09-20 21:40:18 - [MESSAGE][PASSED] - Object: 'Object Repository/AdminSuiteBootstrap_Pages/VSP_Bootstrap/SearchProfile/button_Search' is clicked on

2023-09-20 21:40:18 - [TEST_STEP][PASSED] - click(findTestObject(path_ViewProfilePre + "a_View")): Object: 'Object Repository/AdminSuiteBootstrap_Pages/VSP_Bootstrap/ViewProfilePre/a_View' is clicked on

2023-09-20 21:40:20 - [MESSAGE][PASSED] - Object: 'Object Repository/AdminSuiteBootstrap_Pages/VSP_Bootstrap/ViewProfilePre/a_View' is clicked on

2023-09-20 21:40:20 - [TEST_STEP][PASSED] - click(findTestObject(path_ViewProfilePre + "button_Add Credit Card")): Object: 'Object Repository/AdminSuiteBootstrap_Pages/VSP_Bootstrap/ViewProfilePre/button_Add Credit Card' is clicked on

2023-09-20 21:40:20 - [MESSAGE][PASSED] - Object: 'Object Repository/AdminSuiteBootstrap_Pages/VSP_Bootstrap/ViewProfilePre/button_Add Credit Card' is clicked on

2023-09-20 21:40:20 - [TEST_STEP][PASSED] - vspBootstrap.AddCreditCardPage.setDataCreditCardNotPre(row, dataFile): vspBootstrap.AddCreditCardPage.setDataCreditCardNotPre is PASSED

2023-09-20 21:40:22 - [MESSAGE][PASSED] - Text '22201' is set on object 'Object Repository/AdminSuiteBootstrap_Pages/VSP_Bootstrap/AddCreditCard/input_postalCode'

2023-09-20 21:40:23 - [MESSAGE][PASSED] - All options with label 'Mr.' are selected in object 'Object Repository/AdminSuiteBootstrap_Pages/VSP_Bootstrap/AddCreditCard/select_Title'  using regular expression

2023-09-20 21:40:24 - [MESSAGE][PASSED] - Text 'Timothy' is set on object 'Object Repository/AdminSuiteBootstrap_Pages/VSP_Bootstrap/AddCreditCard/input_firstName'

2023-09-20 21:40:24 - [MESSAGE][PASSED] - Text 'Mac' is set on object 'Object Repository/AdminSuiteBootstrap_Pages/VSP_Bootstrap/AddCreditCard/input_MiddleName'

2023-09-20 21:40:25 - [MESSAGE][PASSED] - Text 'Siefert' is set on object 'Object Repository/AdminSuiteBootstrap_Pages/VSP_Bootstrap/AddCreditCard/input_lastName'

2023-09-20 21:40:26 - [MESSAGE][PASSED] - All options with label 'Sr.' are selected in object 'Object Repository/AdminSuiteBootstrap_Pages/VSP_Bootstrap/AddCreditCard/select_Suffix'  using regular expression

2023-09-20 21:40:27 - [MESSAGE][PASSED] - Text 'Tim MasterCard' is set on object 'Object Repository/AdminSuiteBootstrap_Pages/VSP_Bootstrap/AddCreditCard/input_nickName'

2023-09-20 21:40:27 - [MESSAGE][PASSED] - Text '5146312200000035' is set on object 'Object Repository/AdminSuiteBootstrap_Pages/VSP_Bootstrap/AddCreditCard/input_cardNumber'

2023-09-20 21:40:29 - [MESSAGE][PASSED] - All options with label '12- DEC' are selected in object 'Object Repository/AdminSuiteBootstrap_Pages/VSP_Bootstrap/AddCreditCard/select_ExpMonth'  using regular expression

2023-09-20 21:40:30 - [MESSAGE][PASSED] - All options with label '2028' are selected in object 'Object Repository/AdminSuiteBootstrap_Pages/VSP_Bootstrap/AddCreditCard/select_ExpYear'  using regular expression

2023-09-20 21:40:30 - [MESSAGE][PASSED] - Text '365 Kanyakumari' is set on object 'Object Repository/AdminSuiteBootstrap_Pages/VSP_Bootstrap/AddCreditCard/input_address1'

2023-09-20 21:40:31 - [MESSAGE][PASSED] - Text 'Room 8' is set on object 'Object Repository/AdminSuiteBootstrap_Pages/VSP_Bootstrap/AddCreditCard/input_AddressLine2'

2023-09-20 21:40:32 - [MESSAGE][PASSED] - Text '1234' is set on object 'Object Repository/AdminSuiteBootstrap_Pages/VSP_Bootstrap/AddCreditCard/input_postalCodeExtension'

2023-09-20 21:40:33 - [MESSAGE][PASSED] - Object: 'Object Repository/AdminSuiteBootstrap_Pages/VSP_Bootstrap/AddCreditCard/button_Create' is clicked on

2023-09-20 21:40:33 - [MESSAGE][PASSED] - vspBootstrap.AddCreditCardPage.setDataCreditCardNotPre is PASSED

2023-09-20 21:40:33 - [TEST_STEP][PASSED] - verifyTextPresent("Payment Method Created", true): Text 'Payment Method Created' is present on page  using regular expression

2023-09-20 21:40:34 - [MESSAGE][PASSED] - Text 'Payment Method Created' is present on page  using regular expression

2023-09-20 21:40:34 - [TEST_STEP][PASSED] - verifyTextPresent("Payment method creation successful", true): Text 'Payment method creation successful' is present on page  using regular expression

2023-09-20 21:40:34 - [MESSAGE][PASSED] - Text 'Payment method creation successful' is present on page  using regular expression

2023-09-20 21:40:34 - [TEST_STEP][PASSED] - verifyElementVisible(findTestObject(path_ViewProfile + "a_nickNameCC")): Object 'Object Repository/AdminSuiteBootstrap_Pages/VSP_Bootstrap/View Profile/a_nickNameCC' is visible

2023-09-20 21:40:34 - [MESSAGE][PASSED] - Object 'Object Repository/AdminSuiteBootstrap_Pages/VSP_Bootstrap/View Profile/a_nickNameCC' is visible

2023-09-20 21:40:34 - [TEST_STEP][PASSED] - verifyElementPresent(findTestObject(path_ViewProfile + "a_nickNameCC"), 30): Object 'Object Repository/AdminSuiteBootstrap_Pages/VSP_Bootstrap/View Profile/a_nickNameCC' is present

2023-09-20 21:40:35 - [MESSAGE][PASSED] - Object 'Object Repository/AdminSuiteBootstrap_Pages/VSP_Bootstrap/View Profile/a_nickNameCC' is present

2023-09-20 21:40:35 - [TEST_STEP][PASSED] - click(findTestObject(path_ViewProfile + "a_nickNameCC")): Object: 'Object Repository/AdminSuiteBootstrap_Pages/VSP_Bootstrap/View Profile/a_nickNameCC' is clicked on

2023-09-20 21:40:36 - [MESSAGE][PASSED] - Object: 'Object Repository/AdminSuiteBootstrap_Pages/VSP_Bootstrap/View Profile/a_nickNameCC' is clicked on

2023-09-20 21:40:36 - [TEST_STEP][PASSED] - verifyTextPresent("Credit Card Billing Information", true): Text 'Credit Card Billing Information' is present on page  using regular expression

2023-09-20 21:40:36 - [MESSAGE][PASSED] - Text 'Credit Card Billing Information' is present on page  using regular expression

2023-09-20 21:40:36 - [TEST_STEP][PASSED] - nickName = findTestData(dataFile).getValue("NickNameCC", row): null

2023-09-20 21:40:36 - [TEST_STEP][PASSED] - verifyTextPresent(nickName, true): Text 'Tim MasterCard' is present on page  using regular expression

2023-09-20 21:40:37 - [MESSAGE][PASSED] - Text 'Tim MasterCard' is present on page  using regular expression

2023-09-20 21:40:37 - [TEST_STEP][PASSED] - click(findTestObject(path_ViewProfile + "a_Delete Credit Card")): Object: 'Object Repository/AdminSuiteBootstrap_Pages/VSP_Bootstrap/View Profile/a_Delete Credit Card' is clicked on

2023-09-20 21:40:37 - [MESSAGE][PASSED] - Object: 'Object Repository/AdminSuiteBootstrap_Pages/VSP_Bootstrap/View Profile/a_Delete Credit Card' is clicked on

2023-09-20 21:40:37 - [TEST_STEP][PASSED] - verifyTextPresent("Delete Credit Card Confirmation", true): Text 'Delete Credit Card Confirmation' is present on page  using regular expression

2023-09-20 21:40:38 - [MESSAGE][PASSED] - Text 'Delete Credit Card Confirmation' is present on page  using regular expression

2023-09-20 21:40:38 - [TEST_STEP][PASSED] - verifyTextPresent("This will delete the credit card account. Are you sure you want to do this?", true): Text 'This will delete the credit card account. Are you sure you want to do this?' is present on page  using regular expression

2023-09-20 21:40:38 - [MESSAGE][PASSED] - Text 'This will delete the credit card account. Are you sure you want to do this?' is present on page  using regular expression

2023-09-20 21:40:38 - [TEST_STEP][PASSED] - click(findTestObject(path_ViewProfile + "button_DeleteCCConfirm")): Object: 'Object Repository/AdminSuiteBootstrap_Pages/VSP_Bootstrap/View Profile/button_DeleteCCConfirm' is clicked on

2023-09-20 21:40:39 - [MESSAGE][PASSED] - Object: 'Object Repository/AdminSuiteBootstrap_Pages/VSP_Bootstrap/View Profile/button_DeleteCCConfirm' is clicked on

2023-09-20 21:40:39 - [TEST_STEP][PASSED] - verifyTextPresent("Payment Method Deletion", true): Text 'Payment Method Deletion' is present on page  using regular expression

2023-09-20 21:40:40 - [MESSAGE][PASSED] - Text 'Payment Method Deletion' is present on page  using regular expression

2023-09-20 21:40:40 - [TEST_STEP][PASSED] - verifyTextPresent("Payment method was successfully deleted.", true): Text 'Payment method was successfully deleted.' is present on page  using regular expression

2023-09-20 21:40:40 - [MESSAGE][PASSED] - Text 'Payment method was successfully deleted.' is present on page  using regular expression

2023-09-20 21:40:40 - [TEST_STEP][PASSED] - click(findTestObject(path_ViewProfile + "a_Delete Profile")): Object: 'Object Repository/AdminSuiteBootstrap_Pages/VSP_Bootstrap/View Profile/a_Delete Profile' is clicked on

2023-09-20 21:40:41 - [MESSAGE][PASSED] - Object: 'Object Repository/AdminSuiteBootstrap_Pages/VSP_Bootstrap/View Profile/a_Delete Profile' is clicked on

2023-09-20 21:40:41 - [TEST_STEP][PASSED] - verifyTextPresent("This will delete all of the following information. Are you sure you want to do this?", true): Text 'This will delete all of the following information. Are you sure you want to do this?' is present on page  using regular expression

2023-09-20 21:40:42 - [MESSAGE][PASSED] - Text 'This will delete all of the following information. Are you sure you want to do this?' is present on page  using regular expression

2023-09-20 21:40:42 - [TEST_STEP][PASSED] - click(findTestObject(path_DeleteProfileConfirm + "button_Delete")): Object: 'Object Repository/AdminSuiteBootstrap_Pages/VSP_Bootstrap/DeleteProfileConfirm/button_Delete' is clicked on

2023-09-20 21:40:43 - [MESSAGE][PASSED] - Object: 'Object Repository/AdminSuiteBootstrap_Pages/VSP_Bootstrap/DeleteProfileConfirm/button_Delete' is clicked on

2023-09-20 21:40:43 - [TEST_STEP][PASSED] - verifyTextPresent("There were no results from your search", true): Text 'There were no results from your search' is present on page  using regular expression

2023-09-20 21:40:43 - [MESSAGE][PASSED] - Text 'There were no results from your search' is present on page  using regular expression

2023-09-20 21:40:43 - [TEST_STEP][PASSED] - closeBrowser(): Browser is closed

2023-09-20 21:40:44 - [MESSAGE][PASSED] - Browser is closed

2023-09-20 21:40:44 - [TEST_STEP][PASSED] - ExecuteTC = findTestData(dataFile).getValue("Execute", row): null

2023-09-20 21:40:44 - [TEST_STEP][PASSED] - out.println("Value of Execute is : " + ExecuteTC): null

2023-09-20 21:40:44 - [TEST_STEP][PASSED] - switch (executionProfile): null

2023-09-20 21:40:44 - [TEST_STEP][PASSED] - case "QA2Profile":: null

2023-09-20 21:40:44 - [TEST_STEP][PASSED] - appName = findTestData(dataFile).getValue("AppNameQA", row): null

2023-09-20 21:40:44 - [TEST_STEP][PASSED] - appID = findTestData(dataFile).getValue("AppIDQA", row): null

2023-09-20 21:40:45 - [TEST_STEP][PASSED] - break: null

2023-09-20 21:40:45 - [TEST_STEP][PASSED] - if (ExecuteTC.equalsIgnoreCase("Y")): Browser is closed

2023-09-20 21:40:45 - [TEST_STEP][PASSED] - out.println("Begin Record Number: " + row): null

2023-09-20 21:40:45 - [TEST_STEP][PASSED] - today = new java.util.Date(): null

2023-09-20 21:40:45 - [TEST_STEP][PASSED] - println(today): null

2023-09-20 21:40:45 - [TEST_STEP][PASSED] - datText = today: null

2023-09-20 21:40:45 - [TEST_STEP][PASSED] - adminSuiteBootstrap.loginFunctionality.login_AdminSuite(): adminSuiteBootstrap.loginFunctionality.login_AdminSuite is PASSED

2023-09-20 21:40:45 - [MESSAGE][INFO] - Starting 'Chrome' driver

2023-09-20 21:40:45 - [MESSAGE][INFO] - User set preference: ['acceptInsecureCerts', 'true']

2023-09-20 21:40:45 - [MESSAGE][INFO] - Action delay is set to 0 milliseconds

2023-09-20 21:40:47 - [MESSAGE][PASSED] - Browser is opened with url: 'https://qa2.velocitypayment.com/admin/imtiaz'

2023-09-20 21:40:48 - [MESSAGE][PASSED] - Current window maximized

2023-09-20 21:40:48 - [MESSAGE][PASSED] - Object 'Object Repository/Login_Page/Login_Username_Okta' is present

2023-09-20 21:40:49 - [MESSAGE][PASSED] - Text 'iahmed' is set on object 'Object Repository/Login_Page/Login_Username_Okta'

2023-09-20 21:40:50 - [MESSAGE][PASSED] - Text 'Hello1111111@' is set on object 'Object Repository/Login_Page/Login_Password_Okta'

2023-09-20 21:40:50 - [MESSAGE][PASSED] - Object: 'Object Repository/Login_Page/Login_Submit_Okta' is clicked on

2023-09-20 21:40:50 - [MESSAGE][PASSED] - adminSuiteBootstrap.loginFunctionality.login_AdminSuite is PASSED

2023-09-20 21:40:50 - [TEST_STEP][PASSED] - click(findTestObject(path_Dashboard + appName)): Object: 'Object Repository/AdminSuiteBootstrap_Pages/Dashboard_Bootstrap/a_Access AutoNoCFtp' is clicked on

2023-09-20 21:40:58 - [MESSAGE][PASSED] - Object: 'Object Repository/AdminSuiteBootstrap_Pages/Dashboard_Bootstrap/a_Access AutoNoCFtp' is clicked on

2023-09-20 21:40:58 - [TEST_STEP][PASSED] - click(findTestObject(path_VT + "a_Create")): Object: 'Object Repository/AdminSuiteBootstrap_Pages/VT_Bootstrap/IssueTransactions/a_Create' is clicked on

2023-09-20 21:40:59 - [MESSAGE][PASSED] - Object: 'Object Repository/AdminSuiteBootstrap_Pages/VT_Bootstrap/IssueTransactions/a_Create' is clicked on

2023-09-20 21:40:59 - [TEST_STEP][PASSED] - vspBootstrap.CreateProfilePage.setDataCreateProfile(row, dataFile): vspBootstrap.CreateProfilePage.setDataCreateProfile is PASSED

2023-09-20 21:41:01 - [MESSAGE][PASSED] - Text '22201' is set on object 'Object Repository/AdminSuiteBootstrap_Pages/VSP_Bootstrap/CreateProfile/input_PostalCode'

2023-09-20 21:41:02 - [MESSAGE][PASSED] - Text 'qDyNqF9Nm84M' is set on object 'Object Repository/AdminSuiteBootstrap_Pages/VSP_Bootstrap/CreateProfile/input_profileName'

2023-09-20 21:41:03 - [MESSAGE][PASSED] - Text '' is set on object 'Object Repository/AdminSuiteBootstrap_Pages/VSP_Bootstrap/CreateProfile/input_CompanyName'

2023-09-20 21:41:04 - [MESSAGE][PASSED] - All options with label '' are selected in object 'Object Repository/AdminSuiteBootstrap_Pages/VSP_Bootstrap/CreateProfile/select_Title'  using regular expression

2023-09-20 21:41:04 - [MESSAGE][PASSED] - Text '' is set on object 'Object Repository/AdminSuiteBootstrap_Pages/VSP_Bootstrap/CreateProfile/input_FirstName'

2023-09-20 21:41:05 - [MESSAGE][PASSED] - Text '' is set on object 'Object Repository/AdminSuiteBootstrap_Pages/VSP_Bootstrap/CreateProfile/input_MiddleName'

2023-09-20 21:41:06 - [MESSAGE][PASSED] - Text '' is set on object 'Object Repository/AdminSuiteBootstrap_Pages/VSP_Bootstrap/CreateProfile/input_LastName'

2023-09-20 21:41:07 - [MESSAGE][PASSED] - All options with label '' are selected in object 'Object Repository/AdminSuiteBootstrap_Pages/VSP_Bootstrap/CreateProfile/select_Suffix'  using regular expression

2023-09-20 21:41:07 - [MESSAGE][PASSED] - Text '15 Toledo Road' is set on object 'Object Repository/AdminSuiteBootstrap_Pages/VSP_Bootstrap/CreateProfile/input_address1'

2023-09-20 21:41:08 - [MESSAGE][PASSED] - Text '' is set on object 'Object Repository/AdminSuiteBootstrap_Pages/VSP_Bootstrap/CreateProfile/input_AddressLine2'

2023-09-20 21:41:09 - [MESSAGE][PASSED] - Text '' is set on object 'Object Repository/AdminSuiteBootstrap_Pages/VSP_Bootstrap/CreateProfile/input_PostalCodeExt'

2023-09-20 21:41:09 - [MESSAGE][PASSED] - Text '' is set on object 'Object Repository/AdminSuiteBootstrap_Pages/VSP_Bootstrap/CreateProfile/input_EmaiAddress'

2023-09-20 21:41:10 - [MESSAGE][PASSED] - Text '' is set on object 'Object Repository/AdminSuiteBootstrap_Pages/VSP_Bootstrap/CreateProfile/input_HomePhoneNumber_HomeAreaCode'

2023-09-20 21:41:11 - [MESSAGE][PASSED] - Text '' is set on object 'Object Repository/AdminSuiteBootstrap_Pages/VSP_Bootstrap/CreateProfile/input_homePrefixNumber'

2023-09-20 21:41:11 - [MESSAGE][PASSED] - Text '' is set on object 'Object Repository/AdminSuiteBootstrap_Pages/VSP_Bootstrap/CreateProfile/input_homeSuffixNumber'

2023-09-20 21:41:12 - [MESSAGE][PASSED] - Text '' is set on object 'Object Repository/AdminSuiteBootstrap_Pages/VSP_Bootstrap/CreateProfile/input_MobilePhoneNumber_mobileAreaCode'

2023-09-20 21:41:13 - [MESSAGE][PASSED] - Text '' is set on object 'Object Repository/AdminSuiteBootstrap_Pages/VSP_Bootstrap/CreateProfile/input_mobilePrefixNumber'

2023-09-20 21:41:13 - [MESSAGE][PASSED] - Text '' is set on object 'Object Repository/AdminSuiteBootstrap_Pages/VSP_Bootstrap/CreateProfile/input_mobileSuffixNumber'

2023-09-20 21:41:14 - [MESSAGE][PASSED] - Text '' is set on object 'Object Repository/AdminSuiteBootstrap_Pages/VSP_Bootstrap/CreateProfile/input_WorkPhoneNumber_workAreaCode'

2023-09-20 21:41:15 - [MESSAGE][PASSED] - Text '' is set on object 'Object Repository/AdminSuiteBootstrap_Pages/VSP_Bootstrap/CreateProfile/input_workPrefixNumber'

2023-09-20 21:41:15 - [MESSAGE][PASSED] - Text '' is set on object 'Object Repository/AdminSuiteBootstrap_Pages/VSP_Bootstrap/CreateProfile/input_workSuffixNumber'

2023-09-20 21:41:16 - [MESSAGE][PASSED] - Text '' is set on object 'Object Repository/AdminSuiteBootstrap_Pages/VSP_Bootstrap/CreateProfile/input_Ext_workExtension'

2023-09-20 21:41:17 - [MESSAGE][PASSED] - Text '' is set on object 'Object Repository/AdminSuiteBootstrap_Pages/VSP_Bootstrap/CreateProfile/textarea_NotesComments_note'

2023-09-20 21:41:18 - [MESSAGE][PASSED] - Object: 'Object Repository/AdminSuiteBootstrap_Pages/VSP_Bootstrap/CreateProfile/button_Save' is clicked on

2023-09-20 21:41:18 - [MESSAGE][PASSED] - vspBootstrap.CreateProfilePage.setDataCreateProfile is PASSED

2023-09-20 21:41:18 - [TEST_STEP][PASSED] - verifyTextPresent("Profile successfully created", true): Text 'Profile successfully created' is present on page  using regular expression

2023-09-20 21:41:19 - [MESSAGE][PASSED] - Text 'Profile successfully created' is present on page  using regular expression

2023-09-20 21:41:19 - [TEST_STEP][PASSED] - profileName = ProfileName: null

2023-09-20 21:41:19 - [TEST_STEP][PASSED] - println("profileName : " + profileName): null

2023-09-20 21:41:19 - [TEST_STEP][PASSED] - click(findTestObject(path_ViewProfile + "a_Return to Main Menu")): Object: 'Object Repository/AdminSuiteBootstrap_Pages/VSP_Bootstrap/View Profile/a_Return to Main Menu' is clicked on

2023-09-20 21:41:19 - [MESSAGE][PASSED] - Object: 'Object Repository/AdminSuiteBootstrap_Pages/VSP_Bootstrap/View Profile/a_Return to Main Menu' is clicked on

2023-09-20 21:41:19 - [TEST_STEP][PASSED] - click(findTestObject(path_VT + "a_Find Profile")): Object: 'Object Repository/AdminSuiteBootstrap_Pages/VT_Bootstrap/IssueTransactions/a_Find Profile' is clicked on

2023-09-20 21:41:20 - [MESSAGE][PASSED] - Object: 'Object Repository/AdminSuiteBootstrap_Pages/VT_Bootstrap/IssueTransactions/a_Find Profile' is clicked on

2023-09-20 21:41:20 - [TEST_STEP][PASSED] - setText(findTestObject(path_SearchProfile + "input_Criteria"), profileName): Text 'qDyNqF9Nm84M' is set on object 'Object Repository/AdminSuiteBootstrap_Pages/VSP_Bootstrap/SearchProfile/input_Criteria'

2023-09-20 21:41:20 - [MESSAGE][PASSED] - Text 'qDyNqF9Nm84M' is set on object 'Object Repository/AdminSuiteBootstrap_Pages/VSP_Bootstrap/SearchProfile/input_Criteria'

2023-09-20 21:41:20 - [TEST_STEP][PASSED] - click(findTestObject(path_SearchProfile + "button_Search")): Object: 'Object Repository/AdminSuiteBootstrap_Pages/VSP_Bootstrap/SearchProfile/button_Search' is clicked on

2023-09-20 21:41:21 - [MESSAGE][PASSED] - Object: 'Object Repository/AdminSuiteBootstrap_Pages/VSP_Bootstrap/SearchProfile/button_Search' is clicked on

2023-09-20 21:41:21 - [TEST_STEP][PASSED] - click(findTestObject(path_ViewProfilePre + "a_View")): Object: 'Object Repository/AdminSuiteBootstrap_Pages/VSP_Bootstrap/ViewProfilePre/a_View' is clicked on

2023-09-20 21:41:22 - [MESSAGE][PASSED] - Object: 'Object Repository/AdminSuiteBootstrap_Pages/VSP_Bootstrap/ViewProfilePre/a_View' is clicked on

2023-09-20 21:41:22 - [TEST_STEP][PASSED] - click(findTestObject(path_ViewProfilePre + "button_Add Credit Card")): Object: 'Object Repository/AdminSuiteBootstrap_Pages/VSP_Bootstrap/ViewProfilePre/button_Add Credit Card' is clicked on

2023-09-20 21:41:23 - [MESSAGE][PASSED] - Object: 'Object Repository/AdminSuiteBootstrap_Pages/VSP_Bootstrap/ViewProfilePre/button_Add Credit Card' is clicked on

2023-09-20 21:41:23 - [TEST_STEP][PASSED] - vspBootstrap.AddCreditCardPage.setDataCreditCardNotPre(row, dataFile): vspBootstrap.AddCreditCardPage.setDataCreditCardNotPre is PASSED

2023-09-20 21:41:25 - [MESSAGE][PASSED] - Text '21093' is set on object 'Object Repository/AdminSuiteBootstrap_Pages/VSP_Bootstrap/AddCreditCard/input_postalCode'

2023-09-20 21:41:26 - [MESSAGE][PASSED] - All options with label '' are selected in object 'Object Repository/AdminSuiteBootstrap_Pages/VSP_Bootstrap/AddCreditCard/select_Title'  using regular expression

2023-09-20 21:41:27 - [MESSAGE][PASSED] - Text 'Brandon' is set on object 'Object Repository/AdminSuiteBootstrap_Pages/VSP_Bootstrap/AddCreditCard/input_firstName'

2023-09-20 21:41:27 - [MESSAGE][PASSED] - Text '' is set on object 'Object Repository/AdminSuiteBootstrap_Pages/VSP_Bootstrap/AddCreditCard/input_MiddleName'

2023-09-20 21:41:28 - [MESSAGE][PASSED] - Text 'McCulumm' is set on object 'Object Repository/AdminSuiteBootstrap_Pages/VSP_Bootstrap/AddCreditCard/input_lastName'

2023-09-20 21:41:29 - [MESSAGE][PASSED] - All options with label '' are selected in object 'Object Repository/AdminSuiteBootstrap_Pages/VSP_Bootstrap/AddCreditCard/select_Suffix'  using regular expression

2023-09-20 21:41:30 - [MESSAGE][PASSED] - Text 'Brandon Amex' is set on object 'Object Repository/AdminSuiteBootstrap_Pages/VSP_Bootstrap/AddCreditCard/input_nickName'

2023-09-20 21:41:30 - [MESSAGE][PASSED] - Text '371449635392376' is set on object 'Object Repository/AdminSuiteBootstrap_Pages/VSP_Bootstrap/AddCreditCard/input_cardNumber'

2023-09-20 21:41:31 - [MESSAGE][PASSED] - All options with label '1 - JAN' are selected in object 'Object Repository/AdminSuiteBootstrap_Pages/VSP_Bootstrap/AddCreditCard/select_ExpMonth'  using regular expression

2023-09-20 21:41:32 - [MESSAGE][PASSED] - All options with label '2028' are selected in object 'Object Repository/AdminSuiteBootstrap_Pages/VSP_Bootstrap/AddCreditCard/select_ExpYear'  using regular expression

2023-09-20 21:41:33 - [MESSAGE][PASSED] - Text '2225 Kendsha road' is set on object 'Object Repository/AdminSuiteBootstrap_Pages/VSP_Bootstrap/AddCreditCard/input_address1'

2023-09-20 21:41:34 - [MESSAGE][PASSED] - Text '' is set on object 'Object Repository/AdminSuiteBootstrap_Pages/VSP_Bootstrap/AddCreditCard/input_AddressLine2'

2023-09-20 21:41:34 - [MESSAGE][PASSED] - Text '' is set on object 'Object Repository/AdminSuiteBootstrap_Pages/VSP_Bootstrap/AddCreditCard/input_postalCodeExtension'

2023-09-20 21:41:36 - [MESSAGE][PASSED] - Object: 'Object Repository/AdminSuiteBootstrap_Pages/VSP_Bootstrap/AddCreditCard/button_Create' is clicked on

2023-09-20 21:41:36 - [MESSAGE][PASSED] - vspBootstrap.AddCreditCardPage.setDataCreditCardNotPre is PASSED

2023-09-20 21:41:36 - [TEST_STEP][PASSED] - verifyTextPresent("Payment Method Created", true): Text 'Payment Method Created' is present on page  using regular expression

2023-09-20 21:41:36 - [MESSAGE][PASSED] - Text 'Payment Method Created' is present on page  using regular expression

2023-09-20 21:41:36 - [TEST_STEP][PASSED] - verifyTextPresent("Payment method creation successful", true): Text 'Payment method creation successful' is present on page  using regular expression

2023-09-20 21:41:37 - [MESSAGE][PASSED] - Text 'Payment method creation successful' is present on page  using regular expression

2023-09-20 21:41:37 - [TEST_STEP][PASSED] - verifyElementVisible(findTestObject(path_ViewProfile + "a_nickNameCC")): Object 'Object Repository/AdminSuiteBootstrap_Pages/VSP_Bootstrap/View Profile/a_nickNameCC' is visible

2023-09-20 21:41:37 - [MESSAGE][PASSED] - Object 'Object Repository/AdminSuiteBootstrap_Pages/VSP_Bootstrap/View Profile/a_nickNameCC' is visible

2023-09-20 21:41:37 - [TEST_STEP][PASSED] - verifyElementPresent(findTestObject(path_ViewProfile + "a_nickNameCC"), 30): Object 'Object Repository/AdminSuiteBootstrap_Pages/VSP_Bootstrap/View Profile/a_nickNameCC' is present

2023-09-20 21:41:37 - [MESSAGE][PASSED] - Object 'Object Repository/AdminSuiteBootstrap_Pages/VSP_Bootstrap/View Profile/a_nickNameCC' is present

2023-09-20 21:41:37 - [TEST_STEP][PASSED] - click(findTestObject(path_ViewProfile + "a_nickNameCC")): Object: 'Object Repository/AdminSuiteBootstrap_Pages/VSP_Bootstrap/View Profile/a_nickNameCC' is clicked on

2023-09-20 21:41:38 - [MESSAGE][PASSED] - Object: 'Object Repository/AdminSuiteBootstrap_Pages/VSP_Bootstrap/View Profile/a_nickNameCC' is clicked on

2023-09-20 21:41:38 - [TEST_STEP][PASSED] - verifyTextPresent("Credit Card Billing Information", true): Text 'Credit Card Billing Information' is present on page  using regular expression

2023-09-20 21:41:39 - [MESSAGE][PASSED] - Text 'Credit Card Billing Information' is present on page  using regular expression

2023-09-20 21:41:39 - [TEST_STEP][PASSED] - nickName = findTestData(dataFile).getValue("NickNameCC", row): null

2023-09-20 21:41:39 - [TEST_STEP][PASSED] - verifyTextPresent(nickName, true): Text 'Brandon Amex' is present on page  using regular expression

2023-09-20 21:41:39 - [MESSAGE][PASSED] - Text 'Brandon Amex' is present on page  using regular expression

2023-09-20 21:41:39 - [TEST_STEP][PASSED] - click(findTestObject(path_ViewProfile + "a_Delete Credit Card")): Object: 'Object Repository/AdminSuiteBootstrap_Pages/VSP_Bootstrap/View Profile/a_Delete Credit Card' is clicked on

2023-09-20 21:41:40 - [MESSAGE][PASSED] - Object: 'Object Repository/AdminSuiteBootstrap_Pages/VSP_Bootstrap/View Profile/a_Delete Credit Card' is clicked on

2023-09-20 21:41:40 - [TEST_STEP][PASSED] - verifyTextPresent("Delete Credit Card Confirmation", true): Text 'Delete Credit Card Confirmation' is present on page  using regular expression

2023-09-20 21:41:40 - [MESSAGE][PASSED] - Text 'Delete Credit Card Confirmation' is present on page  using regular expression

2023-09-20 21:41:40 - [TEST_STEP][PASSED] - verifyTextPresent("This will delete the credit card account. Are you sure you want to do this?", true): Text 'This will delete the credit card account. Are you sure you want to do this?' is present on page  using regular expression

2023-09-20 21:41:41 - [MESSAGE][PASSED] - Text 'This will delete the credit card account. Are you sure you want to do this?' is present on page  using regular expression

2023-09-20 21:41:41 - [TEST_STEP][PASSED] - click(findTestObject(path_ViewProfile + "button_DeleteCCConfirm")): Object: 'Object Repository/AdminSuiteBootstrap_Pages/VSP_Bootstrap/View Profile/button_DeleteCCConfirm' is clicked on

2023-09-20 21:41:42 - [MESSAGE][PASSED] - Object: 'Object Repository/AdminSuiteBootstrap_Pages/VSP_Bootstrap/View Profile/button_DeleteCCConfirm' is clicked on

2023-09-20 21:41:42 - [TEST_STEP][PASSED] - verifyTextPresent("Payment Method Deletion", true): Text 'Payment Method Deletion' is present on page  using regular expression

2023-09-20 21:41:42 - [MESSAGE][PASSED] - Text 'Payment Method Deletion' is present on page  using regular expression

2023-09-20 21:41:42 - [TEST_STEP][PASSED] - verifyTextPresent("Payment method was successfully deleted.", true): Text 'Payment method was successfully deleted.' is present on page  using regular expression

2023-09-20 21:41:43 - [MESSAGE][PASSED] - Text 'Payment method was successfully deleted.' is present on page  using regular expression

2023-09-20 21:41:43 - [TEST_STEP][PASSED] - click(findTestObject(path_ViewProfile + "a_Delete Profile")): Object: 'Object Repository/AdminSuiteBootstrap_Pages/VSP_Bootstrap/View Profile/a_Delete Profile' is clicked on

2023-09-20 21:41:43 - [MESSAGE][PASSED] - Object: 'Object Repository/AdminSuiteBootstrap_Pages/VSP_Bootstrap/View Profile/a_Delete Profile' is clicked on

2023-09-20 21:41:43 - [TEST_STEP][PASSED] - verifyTextPresent("This will delete all of the following information. Are you sure you want to do this?", true): Text 'This will delete all of the following information. Are you sure you want to do this?' is present on page  using regular expression

2023-09-20 21:41:44 - [MESSAGE][PASSED] - Text 'This will delete all of the following information. Are you sure you want to do this?' is present on page  using regular expression

2023-09-20 21:41:44 - [TEST_STEP][PASSED] - click(findTestObject(path_DeleteProfileConfirm + "button_Delete")): Object: 'Object Repository/AdminSuiteBootstrap_Pages/VSP_Bootstrap/DeleteProfileConfirm/button_Delete' is clicked on

2023-09-20 21:41:45 - [MESSAGE][PASSED] - Object: 'Object Repository/AdminSuiteBootstrap_Pages/VSP_Bootstrap/DeleteProfileConfirm/button_Delete' is clicked on

2023-09-20 21:41:45 - [TEST_STEP][PASSED] - verifyTextPresent("There were no results from your search", true): Text 'There were no results from your search' is present on page  using regular expression

2023-09-20 21:41:46 - [MESSAGE][PASSED] - Text 'There were no results from your search' is present on page  using regular expression

2023-09-20 21:41:46 - [TEST_STEP][PASSED] - closeBrowser(): Browser is closed

2023-09-20 21:41:46 - [MESSAGE][PASSED] - Browser is closed]]></system-out>
         <system-err><![CDATA[]]></system-err>
      </testcase>
      <testcase name="Test Cases/Admin Suite Bootstrap/VSP_Profile_TestCases/CreateModifyDeleteProfile_Generic_TC" time="57.631" classname="Test Cases/Admin Suite Bootstrap/VSP_Profile_TestCases/CreateModifyDeleteProfile_Generic_TC" status="PASSED">
         <system-out><![CDATA[2023-09-20 21:41:47 - [TEST_CASE][PASSED] - Test Cases/Admin Suite Bootstrap/VSP_Profile_TestCases/CreateModifyDeleteProfile_Generic_TC: Test Cases/Admin Suite Bootstrap/VSP_Profile_TestCases/CreateModifyDeleteProfile_Generic_TC

2023-09-20 21:41:47 - [TEST_STEP][PASSED] - path_Dashboard = "Object Repository/AdminSuiteBootstrap_Pages/Dashboard_Bootstrap/": null

2023-09-20 21:41:47 - [TEST_STEP][PASSED] - path_VT = "Object Repository/AdminSuiteBootstrap_Pages/VT_Bootstrap/IssueTransactions/": null

2023-09-20 21:41:47 - [TEST_STEP][PASSED] - path_CreateProfile = "Object Repository/AdminSuiteBootstrap_Pages/VSP_Bootstrap/CreateProfile/": null

2023-09-20 21:41:47 - [TEST_STEP][PASSED] - path_AddAccount = "Object Repository/AdminSuiteBootstrap_Pages/VSP_Bootstrap/AddAccount/": null

2023-09-20 21:41:47 - [TEST_STEP][PASSED] - path_Add_ACH = "Object Repository/AdminSuiteBootstrap_Pages/VSP_Bootstrap/AddACH/": null

2023-09-20 21:41:47 - [TEST_STEP][PASSED] - path_Add_CC = "Object Repository/AdminSuiteBootstrap_Pages/VSP_Bootstrap/AddCreditCard/": null

2023-09-20 21:41:47 - [TEST_STEP][PASSED] - path_App_Plan = "Object Repository/AdminSuiteBootstrap_Pages/VSP_Bootstrap/AddPaymentPlan/": null

2023-09-20 21:41:47 - [TEST_STEP][PASSED] - path_DeleteProfile = "Object Repository/AdminSuiteBootstrap_Pages/VSP_Bootstrap/DeleteProfile/": null

2023-09-20 21:41:47 - [TEST_STEP][PASSED] - path_ModifyProfile = "Object Repository/AdminSuiteBootstrap_Pages/VSP_Bootstrap/ModifyProfile/": null

2023-09-20 21:41:47 - [TEST_STEP][PASSED] - path_ViewProfile = "Object Repository/AdminSuiteBootstrap_Pages/VSP_Bootstrap/View Profile/": null

2023-09-20 21:41:47 - [TEST_STEP][PASSED] - path_VSPAuth = "Object Repository/AdminSuiteBootstrap_Pages/VSP_Bootstrap/VSP_Auth/": null

2023-09-20 21:41:47 - [TEST_STEP][PASSED] - path_VSPAuthCap = "Object Repository/AdminSuiteBootstrap_Pages/VSP_Bootstrap/VSP_Authcap/": null

2023-09-20 21:41:47 - [TEST_STEP][PASSED] - path_Debit = "Object Repository/AdminSuiteBootstrap_Pages/VSP_Bootstrap/VSP_Debit/": null

2023-09-20 21:41:47 - [TEST_STEP][PASSED] - path_DeleteProfileConfirm = "Object Repository/AdminSuiteBootstrap_Pages/VSP_Bootstrap/DeleteProfileConfirm/": null

2023-09-20 21:41:47 - [TEST_STEP][PASSED] - executionProfile = getExecutionProfile(): null

2023-09-20 21:41:47 - [TEST_STEP][PASSED] - out.println("executionProfile : " + executionProfile): null

2023-09-20 21:41:47 - [TEST_STEP][PASSED] - appName = <not implemented yet for class: org.codehaus.groovy.ast.expr.EmptyExpression>: null

2023-09-20 21:41:47 - [TEST_STEP][PASSED] - appID = <not implemented yet for class: org.codehaus.groovy.ast.expr.EmptyExpression>: null

2023-09-20 21:41:47 - [TEST_STEP][PASSED] - cardNameV = <not implemented yet for class: org.codehaus.groovy.ast.expr.EmptyExpression>: null

2023-09-20 21:41:47 - [TEST_STEP][PASSED] - al1V = <not implemented yet for class: org.codehaus.groovy.ast.expr.EmptyExpression>: null

2023-09-20 21:41:47 - [TEST_STEP][PASSED] - al2V = <not implemented yet for class: org.codehaus.groovy.ast.expr.EmptyExpression>: null

2023-09-20 21:41:47 - [TEST_STEP][PASSED] - zipV = <not implemented yet for class: org.codehaus.groovy.ast.expr.EmptyExpression>: null

2023-09-20 21:41:47 - [TEST_STEP][PASSED] - cardTypeV = <not implemented yet for class: org.codehaus.groovy.ast.expr.EmptyExpression>: null

2023-09-20 21:41:47 - [TEST_STEP][PASSED] - last4V = <not implemented yet for class: org.codehaus.groovy.ast.expr.EmptyExpression>: null

2023-09-20 21:41:47 - [TEST_STEP][PASSED] - nameSheet = "CreateModifyDeleteProfile": null

2023-09-20 21:41:47 - [TEST_STEP][PASSED] - numOfRows = findTestData("QA/Bootstrap/VSP-Profile-TestData/CreateModifyDeleteProfile").getRowNumbers(): null

2023-09-20 21:41:47 - [TEST_STEP][PASSED] - println("Number of Records: " + numOfRows): null

2023-09-20 21:41:47 - [TEST_STEP][PASSED] - dataFile = "QA/Bootstrap/VSP-Profile-TestData/CreateModifyDeleteProfile": null

2023-09-20 21:41:47 - [TEST_STEP][PASSED] - for ([row = 1, row <= numOfRows, (row++)]): Browser is closed

2023-09-20 21:41:47 - [TEST_STEP][PASSED] - ExecuteTC = findTestData(dataFile).getValue("Execute", row): null

2023-09-20 21:41:47 - [TEST_STEP][PASSED] - out.println("Value of Execute is : " + ExecuteTC): null

2023-09-20 21:41:47 - [TEST_STEP][PASSED] - switch (executionProfile): null

2023-09-20 21:41:47 - [TEST_STEP][PASSED] - case "QA2Profile":: null

2023-09-20 21:41:47 - [TEST_STEP][PASSED] - appName = findTestData(dataFile).getValue("AppNameQA", row): null

2023-09-20 21:41:47 - [TEST_STEP][PASSED] - appID = findTestData(dataFile).getValue("AppIDQA", row): null

2023-09-20 21:41:47 - [TEST_STEP][PASSED] - break: null

2023-09-20 21:41:47 - [TEST_STEP][PASSED] - if (ExecuteTC.equalsIgnoreCase("Y")): Browser is closed

2023-09-20 21:41:47 - [TEST_STEP][PASSED] - out.println("Begin Record Number: " + row): null

2023-09-20 21:41:47 - [TEST_STEP][PASSED] - today = new java.util.Date(): null

2023-09-20 21:41:47 - [TEST_STEP][PASSED] - println(today): null

2023-09-20 21:41:47 - [TEST_STEP][PASSED] - datText = today: null

2023-09-20 21:41:47 - [TEST_STEP][PASSED] - adminSuiteBootstrap.loginFunctionality.login_AdminSuite(): adminSuiteBootstrap.loginFunctionality.login_AdminSuite is PASSED

2023-09-20 21:41:47 - [MESSAGE][INFO] - Starting 'Chrome' driver

2023-09-20 21:41:47 - [MESSAGE][INFO] - User set preference: ['acceptInsecureCerts', 'true']

2023-09-20 21:41:47 - [MESSAGE][INFO] - Action delay is set to 0 milliseconds

2023-09-20 21:41:50 - [MESSAGE][PASSED] - Browser is opened with url: 'https://qa2.velocitypayment.com/admin/imtiaz'

2023-09-20 21:41:50 - [MESSAGE][PASSED] - Current window maximized

2023-09-20 21:41:51 - [MESSAGE][PASSED] - Object 'Object Repository/Login_Page/Login_Username_Okta' is present

2023-09-20 21:41:52 - [MESSAGE][PASSED] - Text 'iahmed' is set on object 'Object Repository/Login_Page/Login_Username_Okta'

2023-09-20 21:41:52 - [MESSAGE][PASSED] - Text 'Hello1111111@' is set on object 'Object Repository/Login_Page/Login_Password_Okta'

2023-09-20 21:41:53 - [MESSAGE][PASSED] - Object: 'Object Repository/Login_Page/Login_Submit_Okta' is clicked on

2023-09-20 21:41:53 - [MESSAGE][PASSED] - adminSuiteBootstrap.loginFunctionality.login_AdminSuite is PASSED

2023-09-20 21:41:53 - [TEST_STEP][PASSED] - click(findTestObject(path_Dashboard + appName)): Object: 'Object Repository/AdminSuiteBootstrap_Pages/Dashboard_Bootstrap/a_Access AutoNoCFtp' is clicked on

2023-09-20 21:42:01 - [MESSAGE][PASSED] - Object: 'Object Repository/AdminSuiteBootstrap_Pages/Dashboard_Bootstrap/a_Access AutoNoCFtp' is clicked on

2023-09-20 21:42:01 - [TEST_STEP][PASSED] - click(findTestObject(path_VT + "a_Create")): Object: 'Object Repository/AdminSuiteBootstrap_Pages/VT_Bootstrap/IssueTransactions/a_Create' is clicked on

2023-09-20 21:42:02 - [MESSAGE][PASSED] - Object: 'Object Repository/AdminSuiteBootstrap_Pages/VT_Bootstrap/IssueTransactions/a_Create' is clicked on

2023-09-20 21:42:02 - [TEST_STEP][PASSED] - vspBootstrap.CreateProfilePage.setDataCreateProfile(row, dataFile): vspBootstrap.CreateProfilePage.setDataCreateProfile is PASSED

2023-09-20 21:42:04 - [MESSAGE][PASSED] - Text '21054' is set on object 'Object Repository/AdminSuiteBootstrap_Pages/VSP_Bootstrap/CreateProfile/input_PostalCode'

2023-09-20 21:42:05 - [MESSAGE][PASSED] - Text 'mYuZzToqjc4Y' is set on object 'Object Repository/AdminSuiteBootstrap_Pages/VSP_Bootstrap/CreateProfile/input_profileName'

2023-09-20 21:42:06 - [MESSAGE][PASSED] - Text 'Quick Company' is set on object 'Object Repository/AdminSuiteBootstrap_Pages/VSP_Bootstrap/CreateProfile/input_CompanyName'

2023-09-20 21:42:07 - [MESSAGE][PASSED] - All options with label 'Mr.' are selected in object 'Object Repository/AdminSuiteBootstrap_Pages/VSP_Bootstrap/CreateProfile/select_Title'  using regular expression

2023-09-20 21:42:07 - [MESSAGE][PASSED] - Text 'Lewinsky' is set on object 'Object Repository/AdminSuiteBootstrap_Pages/VSP_Bootstrap/CreateProfile/input_FirstName'

2023-09-20 21:42:08 - [MESSAGE][PASSED] - Text 'A' is set on object 'Object Repository/AdminSuiteBootstrap_Pages/VSP_Bootstrap/CreateProfile/input_MiddleName'

2023-09-20 21:42:09 - [MESSAGE][PASSED] - Text 'Garama' is set on object 'Object Repository/AdminSuiteBootstrap_Pages/VSP_Bootstrap/CreateProfile/input_LastName'

2023-09-20 21:42:10 - [MESSAGE][PASSED] - All options with label 'Sr.' are selected in object 'Object Repository/AdminSuiteBootstrap_Pages/VSP_Bootstrap/CreateProfile/select_Suffix'  using regular expression

2023-09-20 21:42:10 - [MESSAGE][PASSED] - Text '256987 Nolm Ct' is set on object 'Object Repository/AdminSuiteBootstrap_Pages/VSP_Bootstrap/CreateProfile/input_address1'

2023-09-20 21:42:11 - [MESSAGE][PASSED] - Text 'Suite 678' is set on object 'Object Repository/AdminSuiteBootstrap_Pages/VSP_Bootstrap/CreateProfile/input_AddressLine2'

2023-09-20 21:42:12 - [MESSAGE][PASSED] - Text '1234' is set on object 'Object Repository/AdminSuiteBootstrap_Pages/VSP_Bootstrap/CreateProfile/input_PostalCodeExt'

2023-09-20 21:42:13 - [MESSAGE][PASSED] - Text 'iahmed@govolution.com' is set on object 'Object Repository/AdminSuiteBootstrap_Pages/VSP_Bootstrap/CreateProfile/input_EmaiAddress'

2023-09-20 21:42:13 - [MESSAGE][PASSED] - Text '240' is set on object 'Object Repository/AdminSuiteBootstrap_Pages/VSP_Bootstrap/CreateProfile/input_HomePhoneNumber_HomeAreaCode'

2023-09-20 21:42:14 - [MESSAGE][PASSED] - Text '628' is set on object 'Object Repository/AdminSuiteBootstrap_Pages/VSP_Bootstrap/CreateProfile/input_homePrefixNumber'

2023-09-20 21:42:15 - [MESSAGE][PASSED] - Text '0790' is set on object 'Object Repository/AdminSuiteBootstrap_Pages/VSP_Bootstrap/CreateProfile/input_homeSuffixNumber'

2023-09-20 21:42:15 - [MESSAGE][PASSED] - Text '240' is set on object 'Object Repository/AdminSuiteBootstrap_Pages/VSP_Bootstrap/CreateProfile/input_MobilePhoneNumber_mobileAreaCode'

2023-09-20 21:42:16 - [MESSAGE][PASSED] - Text '628' is set on object 'Object Repository/AdminSuiteBootstrap_Pages/VSP_Bootstrap/CreateProfile/input_mobilePrefixNumber'

2023-09-20 21:42:17 - [MESSAGE][PASSED] - Text '0791' is set on object 'Object Repository/AdminSuiteBootstrap_Pages/VSP_Bootstrap/CreateProfile/input_mobileSuffixNumber'

2023-09-20 21:42:17 - [MESSAGE][PASSED] - Text '410' is set on object 'Object Repository/AdminSuiteBootstrap_Pages/VSP_Bootstrap/CreateProfile/input_WorkPhoneNumber_workAreaCode'

2023-09-20 21:42:18 - [MESSAGE][PASSED] - Text '628' is set on object 'Object Repository/AdminSuiteBootstrap_Pages/VSP_Bootstrap/CreateProfile/input_workPrefixNumber'

2023-09-20 21:42:19 - [MESSAGE][PASSED] - Text '0792' is set on object 'Object Repository/AdminSuiteBootstrap_Pages/VSP_Bootstrap/CreateProfile/input_workSuffixNumber'

2023-09-20 21:42:19 - [MESSAGE][PASSED] - Text '123' is set on object 'Object Repository/AdminSuiteBootstrap_Pages/VSP_Bootstrap/CreateProfile/input_Ext_workExtension'

2023-09-20 21:42:20 - [MESSAGE][PASSED] - Text 'This Profile will be modified and deleted' is set on object 'Object Repository/AdminSuiteBootstrap_Pages/VSP_Bootstrap/CreateProfile/textarea_NotesComments_note'

2023-09-20 21:42:21 - [MESSAGE][PASSED] - Object: 'Object Repository/AdminSuiteBootstrap_Pages/VSP_Bootstrap/CreateProfile/button_Save' is clicked on

2023-09-20 21:42:21 - [MESSAGE][PASSED] - vspBootstrap.CreateProfilePage.setDataCreateProfile is PASSED

2023-09-20 21:42:21 - [TEST_STEP][PASSED] - verifyTextPresent("Profile successfully created", true): Text 'Profile successfully created' is present on page  using regular expression

2023-09-20 21:42:22 - [MESSAGE][PASSED] - Text 'Profile successfully created' is present on page  using regular expression

2023-09-20 21:42:22 - [TEST_STEP][PASSED] - click(findTestObject(path_ViewProfile + "a_Modify Profile")): Object: 'Object Repository/AdminSuiteBootstrap_Pages/VSP_Bootstrap/View Profile/a_Modify Profile' is clicked on

2023-09-20 21:42:23 - [MESSAGE][PASSED] - Object: 'Object Repository/AdminSuiteBootstrap_Pages/VSP_Bootstrap/View Profile/a_Modify Profile' is clicked on

2023-09-20 21:42:23 - [TEST_STEP][PASSED] - vspBootstrap.ModifyProfilePage.setDataModifyProfile(row, dataFile): vspBootstrap.ModifyProfilePage.setDataModifyProfile is PASSED

2023-09-20 21:42:25 - [MESSAGE][PASSED] - Text '22201' is set on object 'Object Repository/AdminSuiteBootstrap_Pages/VSP_Bootstrap/ModifyProfile/input_postalCode'

2023-09-20 21:42:25 - [MESSAGE][PASSED] - Text 'ProfileNameModified' is set on object 'Object Repository/AdminSuiteBootstrap_Pages/VSP_Bootstrap/ModifyProfile/input_profileName'

2023-09-20 21:42:26 - [MESSAGE][PASSED] - Text 'CompaneNameModified' is set on object 'Object Repository/AdminSuiteBootstrap_Pages/VSP_Bootstrap/ModifyProfile/input_CompanyName'

2023-09-20 21:42:27 - [MESSAGE][PASSED] - All options with label 'Mrs.' are selected in object 'Object Repository/AdminSuiteBootstrap_Pages/VSP_Bootstrap/ModifyProfile/select_Title'  using regular expression

2023-09-20 21:42:28 - [MESSAGE][PASSED] - Text 'Bhaichung' is set on object 'Object Repository/AdminSuiteBootstrap_Pages/VSP_Bootstrap/ModifyProfile/input_FirstName'

2023-09-20 21:42:29 - [MESSAGE][PASSED] - Text 'FG' is set on object 'Object Repository/AdminSuiteBootstrap_Pages/VSP_Bootstrap/ModifyProfile/input_MiddleName'

2023-09-20 21:42:29 - [MESSAGE][PASSED] - Text 'Bhutia' is set on object 'Object Repository/AdminSuiteBootstrap_Pages/VSP_Bootstrap/ModifyProfile/input_LastName'

2023-09-20 21:42:30 - [MESSAGE][PASSED] - All options with label 'Jr.' are selected in object 'Object Repository/AdminSuiteBootstrap_Pages/VSP_Bootstrap/ModifyProfile/select_Suffix'  using regular expression

2023-09-20 21:42:31 - [MESSAGE][PASSED] - Text '47 Sasha ct' is set on object 'Object Repository/AdminSuiteBootstrap_Pages/VSP_Bootstrap/ModifyProfile/input_address1'

2023-09-20 21:42:32 - [MESSAGE][PASSED] - Text 'Room 1' is set on object 'Object Repository/AdminSuiteBootstrap_Pages/VSP_Bootstrap/ModifyProfile/input_AddressLine2'

2023-09-20 21:42:32 - [MESSAGE][PASSED] - Text '2587' is set on object 'Object Repository/AdminSuiteBootstrap_Pages/VSP_Bootstrap/ModifyProfile/input_postalCodeExtension'

2023-09-20 21:42:33 - [MESSAGE][PASSED] - Text 'iahmed2@govolution.com' is set on object 'Object Repository/AdminSuiteBootstrap_Pages/VSP_Bootstrap/ModifyProfile/input_EmailAddress'

2023-09-20 21:42:34 - [MESSAGE][PASSED] - Text '603' is set on object 'Object Repository/AdminSuiteBootstrap_Pages/VSP_Bootstrap/ModifyProfile/input_Home Phone Number_homeAreaCode'

2023-09-20 21:42:34 - [MESSAGE][PASSED] - Text '258' is set on object 'Object Repository/AdminSuiteBootstrap_Pages/VSP_Bootstrap/ModifyProfile/input_homePrefixNumber'

2023-09-20 21:42:35 - [MESSAGE][PASSED] - Text '3697' is set on object 'Object Repository/AdminSuiteBootstrap_Pages/VSP_Bootstrap/ModifyProfile/input_homeSuffixNumber'

2023-09-20 21:42:36 - [MESSAGE][PASSED] - Text 'This Profile has been modified' is set on object 'Object Repository/AdminSuiteBootstrap_Pages/VSP_Bootstrap/ModifyProfile/textarea_NotesComments_note'

2023-09-20 21:42:37 - [MESSAGE][PASSED] - Object: 'Object Repository/AdminSuiteBootstrap_Pages/VSP_Bootstrap/ModifyProfile/button_Modify' is clicked on

2023-09-20 21:42:37 - [MESSAGE][PASSED] - vspBootstrap.ModifyProfilePage.setDataModifyProfile is PASSED

2023-09-20 21:42:37 - [TEST_STEP][PASSED] - verifyTextPresent("Profile Modification", true): Text 'Profile Modification' is present on page  using regular expression

2023-09-20 21:42:37 - [MESSAGE][PASSED] - Text 'Profile Modification' is present on page  using regular expression

2023-09-20 21:42:37 - [TEST_STEP][PASSED] - verifyTextPresent("Profile successfully modified.", true): Text 'Profile successfully modified.' is present on page  using regular expression

2023-09-20 21:42:38 - [MESSAGE][PASSED] - Text 'Profile successfully modified.' is present on page  using regular expression

2023-09-20 21:42:38 - [TEST_STEP][PASSED] - verifyTextPresent("CompaneNameModified", true): Text 'CompaneNameModified' is present on page  using regular expression

2023-09-20 21:42:38 - [MESSAGE][PASSED] - Text 'CompaneNameModified' is present on page  using regular expression

2023-09-20 21:42:38 - [TEST_STEP][PASSED] - verifyTextPresent("Mrs. Bhaichung FG Bhutia Jr.", true): Text 'Mrs. Bhaichung FG Bhutia Jr.' is present on page  using regular expression

2023-09-20 21:42:38 - [MESSAGE][PASSED] - Text 'Mrs. Bhaichung FG Bhutia Jr.' is present on page  using regular expression

2023-09-20 21:42:38 - [TEST_STEP][PASSED] - verifyTextPresent("47 Sasha ct", true): Text '47 Sasha ct' is present on page  using regular expression

2023-09-20 21:42:39 - [MESSAGE][PASSED] - Text '47 Sasha ct' is present on page  using regular expression

2023-09-20 21:42:39 - [TEST_STEP][PASSED] - verifyTextPresent("ARLINGTON ,  VA    22201  - 2587", true): Text 'ARLINGTON ,  VA    22201  - 2587' is present on page  using regular expression

2023-09-20 21:42:39 - [MESSAGE][PASSED] - Text 'ARLINGTON ,  VA    22201  - 2587' is present on page  using regular expression

2023-09-20 21:42:39 - [TEST_STEP][PASSED] - verifyTextPresent("Email: iahmed2@govolution.com", true): Text 'Email: iahmed2@govolution.com' is present on page  using regular expression

2023-09-20 21:42:39 - [MESSAGE][PASSED] - Text 'Email: iahmed2@govolution.com' is present on page  using regular expression

2023-09-20 21:42:39 - [TEST_STEP][PASSED] - verifyTextPresent("258-3697", true): Text '258-3697' is present on page  using regular expression

2023-09-20 21:42:40 - [MESSAGE][PASSED] - Text '258-3697' is present on page  using regular expression

2023-09-20 21:42:40 - [TEST_STEP][PASSED] - verifyTextPresent("Notes/Comments: This Profile has been modified", true): Text 'Notes/Comments: This Profile has been modified' is present on page  using regular expression

2023-09-20 21:42:40 - [MESSAGE][PASSED] - Text 'Notes/Comments: This Profile has been modified' is present on page  using regular expression

2023-09-20 21:42:40 - [TEST_STEP][PASSED] - click(findTestObject(path_ViewProfile + "a_Delete Profile")): Object: 'Object Repository/AdminSuiteBootstrap_Pages/VSP_Bootstrap/View Profile/a_Delete Profile' is clicked on

2023-09-20 21:42:41 - [MESSAGE][PASSED] - Object: 'Object Repository/AdminSuiteBootstrap_Pages/VSP_Bootstrap/View Profile/a_Delete Profile' is clicked on

2023-09-20 21:42:41 - [TEST_STEP][PASSED] - verifyTextPresent("This will delete all of the following information. Are you sure you want to do this?", true): Text 'This will delete all of the following information. Are you sure you want to do this?' is present on page  using regular expression

2023-09-20 21:42:41 - [MESSAGE][PASSED] - Text 'This will delete all of the following information. Are you sure you want to do this?' is present on page  using regular expression

2023-09-20 21:42:41 - [TEST_STEP][PASSED] - click(findTestObject(path_DeleteProfileConfirm + "button_Delete")): Object: 'Object Repository/AdminSuiteBootstrap_Pages/VSP_Bootstrap/DeleteProfileConfirm/button_Delete' is clicked on

2023-09-20 21:42:42 - [MESSAGE][PASSED] - Object: 'Object Repository/AdminSuiteBootstrap_Pages/VSP_Bootstrap/DeleteProfileConfirm/button_Delete' is clicked on

2023-09-20 21:42:42 - [TEST_STEP][PASSED] - verifyTextPresent("No Search String", true): Text 'No Search String' is present on page  using regular expression

2023-09-20 21:42:43 - [MESSAGE][PASSED] - Text 'No Search String' is present on page  using regular expression

2023-09-20 21:42:43 - [TEST_STEP][PASSED] - verifyTextPresent("You must provide a search string of at least 2 characters", true): Text 'You must provide a search string of at least 2 characters' is present on page  using regular expression

2023-09-20 21:42:43 - [MESSAGE][PASSED] - Text 'You must provide a search string of at least 2 characters' is present on page  using regular expression

2023-09-20 21:42:43 - [TEST_STEP][PASSED] - closeBrowser(): Browser is closed

2023-09-20 21:42:44 - [MESSAGE][PASSED] - Browser is closed]]></system-out>
         <system-err><![CDATA[]]></system-err>
      </testcase>
      <testcase name="Test Cases/Admin Suite Bootstrap/VSP_Profile_TestCases/AddModifyDeleteCCPre_Generic_TC" time="55.921" classname="Test Cases/Admin Suite Bootstrap/VSP_Profile_TestCases/AddModifyDeleteCCPre_Generic_TC" status="PASSED">
         <system-out><![CDATA[2023-09-20 21:42:44 - [TEST_CASE][PASSED] - Test Cases/Admin Suite Bootstrap/VSP_Profile_TestCases/AddModifyDeleteCCPre_Generic_TC: Test Cases/Admin Suite Bootstrap/VSP_Profile_TestCases/AddModifyDeleteCCPre_Generic_TC

2023-09-20 21:42:45 - [TEST_STEP][PASSED] - path_Dashboard = "Object Repository/AdminSuiteBootstrap_Pages/Dashboard_Bootstrap/": null

2023-09-20 21:42:45 - [TEST_STEP][PASSED] - path_VT = "Object Repository/AdminSuiteBootstrap_Pages/VT_Bootstrap/IssueTransactions/": null

2023-09-20 21:42:45 - [TEST_STEP][PASSED] - path_CreateProfile = "Object Repository/AdminSuiteBootstrap_Pages/VSP_Bootstrap/CreateProfile/": null

2023-09-20 21:42:45 - [TEST_STEP][PASSED] - path_AddAccount = "Object Repository/AdminSuiteBootstrap_Pages/VSP_Bootstrap/AddAccount/": null

2023-09-20 21:42:45 - [TEST_STEP][PASSED] - path_Add_ACH = "Object Repository/AdminSuiteBootstrap_Pages/VSP_Bootstrap/AddACH/": null

2023-09-20 21:42:45 - [TEST_STEP][PASSED] - path_Add_CC = "Object Repository/AdminSuiteBootstrap_Pages/VSP_Bootstrap/AddCreditCard/": null

2023-09-20 21:42:45 - [TEST_STEP][PASSED] - path_App_Plan = "Object Repository/AdminSuiteBootstrap_Pages/VSP_Bootstrap/AddPaymentPlan/": null

2023-09-20 21:42:45 - [TEST_STEP][PASSED] - path_DeleteProfile = "Object Repository/AdminSuiteBootstrap_Pages/VSP_Bootstrap/DeleteProfile/": null

2023-09-20 21:42:45 - [TEST_STEP][PASSED] - path_ModifyProfile = "Object Repository/AdminSuiteBootstrap_Pages/VSP_Bootstrap/ModifyProfile/": null

2023-09-20 21:42:45 - [TEST_STEP][PASSED] - path_ViewProfile = "Object Repository/AdminSuiteBootstrap_Pages/VSP_Bootstrap/View Profile/": null

2023-09-20 21:42:45 - [TEST_STEP][PASSED] - path_VSPAuth = "Object Repository/AdminSuiteBootstrap_Pages/VSP_Bootstrap/VSP_Auth/": null

2023-09-20 21:42:45 - [TEST_STEP][PASSED] - path_VSPAuthCap = "Object Repository/AdminSuiteBootstrap_Pages/VSP_Bootstrap/VSP_Authcap/": null

2023-09-20 21:42:45 - [TEST_STEP][PASSED] - path_Debit = "Object Repository/AdminSuiteBootstrap_Pages/VSP_Bootstrap/VSP_Debit/": null

2023-09-20 21:42:45 - [TEST_STEP][PASSED] - path_DeleteProfileConfirm = "Object Repository/AdminSuiteBootstrap_Pages/VSP_Bootstrap/DeleteProfileConfirm/": null

2023-09-20 21:42:45 - [TEST_STEP][PASSED] - executionProfile = getExecutionProfile(): null

2023-09-20 21:42:45 - [TEST_STEP][PASSED] - out.println("executionProfile : " + executionProfile): null

2023-09-20 21:42:45 - [TEST_STEP][PASSED] - appName = <not implemented yet for class: org.codehaus.groovy.ast.expr.EmptyExpression>: null

2023-09-20 21:42:45 - [TEST_STEP][PASSED] - appID = <not implemented yet for class: org.codehaus.groovy.ast.expr.EmptyExpression>: null

2023-09-20 21:42:45 - [TEST_STEP][PASSED] - cardNameV = <not implemented yet for class: org.codehaus.groovy.ast.expr.EmptyExpression>: null

2023-09-20 21:42:45 - [TEST_STEP][PASSED] - al1V = <not implemented yet for class: org.codehaus.groovy.ast.expr.EmptyExpression>: null

2023-09-20 21:42:45 - [TEST_STEP][PASSED] - al2V = <not implemented yet for class: org.codehaus.groovy.ast.expr.EmptyExpression>: null

2023-09-20 21:42:45 - [TEST_STEP][PASSED] - zipV = <not implemented yet for class: org.codehaus.groovy.ast.expr.EmptyExpression>: null

2023-09-20 21:42:45 - [TEST_STEP][PASSED] - cardTypeV = <not implemented yet for class: org.codehaus.groovy.ast.expr.EmptyExpression>: null

2023-09-20 21:42:45 - [TEST_STEP][PASSED] - last4V = <not implemented yet for class: org.codehaus.groovy.ast.expr.EmptyExpression>: null

2023-09-20 21:42:45 - [TEST_STEP][PASSED] - nameSheet = "AddModifyDeleteCC": null

2023-09-20 21:42:45 - [TEST_STEP][PASSED] - numOfRows = findTestData("QA/Bootstrap/VSP-Profile-TestData/AddModifyDeleteCC").getRowNumbers(): null

2023-09-20 21:42:45 - [TEST_STEP][PASSED] - println("Number of Records: " + numOfRows): null

2023-09-20 21:42:45 - [TEST_STEP][PASSED] - dataFile = "QA/Bootstrap/VSP-Profile-TestData/AddModifyDeleteCC": null

2023-09-20 21:42:45 - [TEST_STEP][PASSED] - for ([row = 1, row <= numOfRows, (row++)]): Browser is closed

2023-09-20 21:42:45 - [TEST_STEP][PASSED] - ExecuteTC = findTestData(dataFile).getValue("Execute", row): null

2023-09-20 21:42:45 - [TEST_STEP][PASSED] - out.println("Value of Execute is : " + ExecuteTC): null

2023-09-20 21:42:45 - [TEST_STEP][PASSED] - switch (executionProfile): null

2023-09-20 21:42:45 - [TEST_STEP][PASSED] - case "QA2Profile":: null

2023-09-20 21:42:45 - [TEST_STEP][PASSED] - appName = findTestData(dataFile).getValue("AppNameQA", row): null

2023-09-20 21:42:45 - [TEST_STEP][PASSED] - appID = findTestData(dataFile).getValue("AppIDQA", row): null

2023-09-20 21:42:45 - [TEST_STEP][PASSED] - break: null

2023-09-20 21:42:45 - [TEST_STEP][PASSED] - if (ExecuteTC.equalsIgnoreCase("Y")): Browser is closed

2023-09-20 21:42:45 - [TEST_STEP][PASSED] - out.println("Begin Record Number: " + row): null

2023-09-20 21:42:45 - [TEST_STEP][PASSED] - today = new java.util.Date(): null

2023-09-20 21:42:45 - [TEST_STEP][PASSED] - println(today): null

2023-09-20 21:42:45 - [TEST_STEP][PASSED] - datText = today: null

2023-09-20 21:42:45 - [TEST_STEP][PASSED] - adminSuiteBootstrap.loginFunctionality.login_AdminSuite(): adminSuiteBootstrap.loginFunctionality.login_AdminSuite is PASSED

2023-09-20 21:42:45 - [MESSAGE][INFO] - Starting 'Chrome' driver

2023-09-20 21:42:45 - [MESSAGE][INFO] - User set preference: ['acceptInsecureCerts', 'true']

2023-09-20 21:42:45 - [MESSAGE][INFO] - Action delay is set to 0 milliseconds

2023-09-20 21:42:48 - [MESSAGE][PASSED] - Browser is opened with url: 'https://qa2.velocitypayment.com/admin/imtiaz'

2023-09-20 21:42:48 - [MESSAGE][PASSED] - Current window maximized

2023-09-20 21:42:48 - [MESSAGE][PASSED] - Object 'Object Repository/Login_Page/Login_Username_Okta' is present

2023-09-20 21:42:49 - [MESSAGE][PASSED] - Text 'iahmed' is set on object 'Object Repository/Login_Page/Login_Username_Okta'

2023-09-20 21:42:50 - [MESSAGE][PASSED] - Text 'Hello1111111@' is set on object 'Object Repository/Login_Page/Login_Password_Okta'

2023-09-20 21:42:51 - [MESSAGE][PASSED] - Object: 'Object Repository/Login_Page/Login_Submit_Okta' is clicked on

2023-09-20 21:42:51 - [MESSAGE][PASSED] - adminSuiteBootstrap.loginFunctionality.login_AdminSuite is PASSED

2023-09-20 21:42:51 - [TEST_STEP][PASSED] - click(findTestObject(path_Dashboard + appName)): Object: 'Object Repository/AdminSuiteBootstrap_Pages/Dashboard_Bootstrap/a_Access AutoNoCFtp' is clicked on

2023-09-20 21:42:59 - [MESSAGE][PASSED] - Object: 'Object Repository/AdminSuiteBootstrap_Pages/Dashboard_Bootstrap/a_Access AutoNoCFtp' is clicked on

2023-09-20 21:42:59 - [TEST_STEP][PASSED] - click(findTestObject(path_VT + "a_Create")): Object: 'Object Repository/AdminSuiteBootstrap_Pages/VT_Bootstrap/IssueTransactions/a_Create' is clicked on

2023-09-20 21:43:00 - [MESSAGE][PASSED] - Object: 'Object Repository/AdminSuiteBootstrap_Pages/VT_Bootstrap/IssueTransactions/a_Create' is clicked on

2023-09-20 21:43:00 - [TEST_STEP][PASSED] - vspBootstrap.CreateProfilePage.setDataONLYCreateProfile(row, dataFile): vspBootstrap.CreateProfilePage.setDataONLYCreateProfile is PASSED

2023-09-20 21:43:02 - [MESSAGE][PASSED] - Text '21054' is set on object 'Object Repository/AdminSuiteBootstrap_Pages/VSP_Bootstrap/CreateProfile/input_PostalCode'

2023-09-20 21:43:03 - [MESSAGE][PASSED] - Text 'hdNc0AkaEaRP' is set on object 'Object Repository/AdminSuiteBootstrap_Pages/VSP_Bootstrap/CreateProfile/input_profileName'

2023-09-20 21:43:03 - [MESSAGE][PASSED] - Text 'Delta Corp' is set on object 'Object Repository/AdminSuiteBootstrap_Pages/VSP_Bootstrap/CreateProfile/input_CompanyName'

2023-09-20 21:43:04 - [MESSAGE][PASSED] - All options with label 'Mr.' are selected in object 'Object Repository/AdminSuiteBootstrap_Pages/VSP_Bootstrap/CreateProfile/select_Title'  using regular expression

2023-09-20 21:43:05 - [MESSAGE][PASSED] - Text 'Ross' is set on object 'Object Repository/AdminSuiteBootstrap_Pages/VSP_Bootstrap/CreateProfile/input_FirstName'

2023-09-20 21:43:06 - [MESSAGE][PASSED] - Text 'KT' is set on object 'Object Repository/AdminSuiteBootstrap_Pages/VSP_Bootstrap/CreateProfile/input_MiddleName'

2023-09-20 21:43:06 - [MESSAGE][PASSED] - Text 'Evan' is set on object 'Object Repository/AdminSuiteBootstrap_Pages/VSP_Bootstrap/CreateProfile/input_LastName'

2023-09-20 21:43:07 - [MESSAGE][PASSED] - All options with label 'Sr.' are selected in object 'Object Repository/AdminSuiteBootstrap_Pages/VSP_Bootstrap/CreateProfile/select_Suffix'  using regular expression

2023-09-20 21:43:08 - [MESSAGE][PASSED] - Text '256987 Nolm Ct' is set on object 'Object Repository/AdminSuiteBootstrap_Pages/VSP_Bootstrap/CreateProfile/input_address1'

2023-09-20 21:43:09 - [MESSAGE][PASSED] - Text 'Suite 678' is set on object 'Object Repository/AdminSuiteBootstrap_Pages/VSP_Bootstrap/CreateProfile/input_AddressLine2'

2023-09-20 21:43:10 - [MESSAGE][PASSED] - Text '1234' is set on object 'Object Repository/AdminSuiteBootstrap_Pages/VSP_Bootstrap/CreateProfile/input_PostalCodeExt'

2023-09-20 21:43:10 - [MESSAGE][PASSED] - Text 'iahmed@govolution.com' is set on object 'Object Repository/AdminSuiteBootstrap_Pages/VSP_Bootstrap/CreateProfile/input_EmaiAddress'

2023-09-20 21:43:11 - [MESSAGE][PASSED] - Text '240' is set on object 'Object Repository/AdminSuiteBootstrap_Pages/VSP_Bootstrap/CreateProfile/input_HomePhoneNumber_HomeAreaCode'

2023-09-20 21:43:12 - [MESSAGE][PASSED] - Text '628' is set on object 'Object Repository/AdminSuiteBootstrap_Pages/VSP_Bootstrap/CreateProfile/input_homePrefixNumber'

2023-09-20 21:43:12 - [MESSAGE][PASSED] - Text '0790' is set on object 'Object Repository/AdminSuiteBootstrap_Pages/VSP_Bootstrap/CreateProfile/input_homeSuffixNumber'

2023-09-20 21:43:13 - [MESSAGE][PASSED] - Text '240' is set on object 'Object Repository/AdminSuiteBootstrap_Pages/VSP_Bootstrap/CreateProfile/input_MobilePhoneNumber_mobileAreaCode'

2023-09-20 21:43:14 - [MESSAGE][PASSED] - Text '628' is set on object 'Object Repository/AdminSuiteBootstrap_Pages/VSP_Bootstrap/CreateProfile/input_mobilePrefixNumber'

2023-09-20 21:43:14 - [MESSAGE][PASSED] - Text '0791' is set on object 'Object Repository/AdminSuiteBootstrap_Pages/VSP_Bootstrap/CreateProfile/input_mobileSuffixNumber'

2023-09-20 21:43:15 - [MESSAGE][PASSED] - Text '410' is set on object 'Object Repository/AdminSuiteBootstrap_Pages/VSP_Bootstrap/CreateProfile/input_WorkPhoneNumber_workAreaCode'

2023-09-20 21:43:16 - [MESSAGE][PASSED] - Text '628' is set on object 'Object Repository/AdminSuiteBootstrap_Pages/VSP_Bootstrap/CreateProfile/input_workPrefixNumber'

2023-09-20 21:43:16 - [MESSAGE][PASSED] - Text '0792' is set on object 'Object Repository/AdminSuiteBootstrap_Pages/VSP_Bootstrap/CreateProfile/input_workSuffixNumber'

2023-09-20 21:43:17 - [MESSAGE][PASSED] - Text '123' is set on object 'Object Repository/AdminSuiteBootstrap_Pages/VSP_Bootstrap/CreateProfile/input_Ext_workExtension'

2023-09-20 21:43:18 - [MESSAGE][PASSED] - Text 'This Profile is for Add CC' is set on object 'Object Repository/AdminSuiteBootstrap_Pages/VSP_Bootstrap/CreateProfile/textarea_NotesComments_note'

2023-09-20 21:43:18 - [MESSAGE][PASSED] - vspBootstrap.CreateProfilePage.setDataONLYCreateProfile is PASSED

2023-09-20 21:43:18 - [TEST_STEP][PASSED] - click(findTestObject(path_CreateProfile + "button_Save  Add Credit Card")): Object: 'Object Repository/AdminSuiteBootstrap_Pages/VSP_Bootstrap/CreateProfile/button_Save  Add Credit Card' is clicked on

2023-09-20 21:43:19 - [MESSAGE][PASSED] - Object: 'Object Repository/AdminSuiteBootstrap_Pages/VSP_Bootstrap/CreateProfile/button_Save  Add Credit Card' is clicked on

2023-09-20 21:43:19 - [TEST_STEP][PASSED] - verifyTextPresent("Profile successfully created", true): Text 'Profile successfully created' is present on page  using regular expression

2023-09-20 21:43:20 - [MESSAGE][PASSED] - Text 'Profile successfully created' is present on page  using regular expression

2023-09-20 21:43:20 - [TEST_STEP][PASSED] - vspBootstrap.AddCreditCardPage.setDataCreditCardPre(row, dataFile): vspBootstrap.AddCreditCardPage.setDataCreditCardPre is PASSED

2023-09-20 21:43:21 - [MESSAGE][PASSED] - Text 'Ross Discover' is set on object 'Object Repository/AdminSuiteBootstrap_Pages/VSP_Bootstrap/AddCreditCard/input_nickName'

2023-09-20 21:43:21 - [MESSAGE][PASSED] - Text '6011000993026909' is set on object 'Object Repository/AdminSuiteBootstrap_Pages/VSP_Bootstrap/AddCreditCard/input_cardNumber'

2023-09-20 21:43:22 - [MESSAGE][PASSED] - All options with label '1 - JAN' are selected in object 'Object Repository/AdminSuiteBootstrap_Pages/VSP_Bootstrap/AddCreditCard/select_ExpMonth'  using regular expression

2023-09-20 21:43:23 - [MESSAGE][PASSED] - All options with label '2025' are selected in object 'Object Repository/AdminSuiteBootstrap_Pages/VSP_Bootstrap/AddCreditCard/select_ExpYear'  using regular expression

2023-09-20 21:43:25 - [MESSAGE][PASSED] - Object: 'Object Repository/AdminSuiteBootstrap_Pages/VSP_Bootstrap/AddCreditCard/button_Create' is clicked on

2023-09-20 21:43:25 - [MESSAGE][PASSED] - vspBootstrap.AddCreditCardPage.setDataCreditCardPre is PASSED

2023-09-20 21:43:25 - [TEST_STEP][PASSED] - verifyTextPresent("Payment Method Created", true): Text 'Payment Method Created' is present on page  using regular expression

2023-09-20 21:43:25 - [MESSAGE][PASSED] - Text 'Payment Method Created' is present on page  using regular expression

2023-09-20 21:43:25 - [TEST_STEP][PASSED] - verifyTextPresent("Payment method creation successful", true): Text 'Payment method creation successful' is present on page  using regular expression

2023-09-20 21:43:26 - [MESSAGE][PASSED] - Text 'Payment method creation successful' is present on page  using regular expression

2023-09-20 21:43:26 - [TEST_STEP][PASSED] - click(findTestObject(path_ViewProfile + "a_Edit_CC")): Object: 'Object Repository/AdminSuiteBootstrap_Pages/VSP_Bootstrap/View Profile/a_Edit_CC' is clicked on

2023-09-20 21:43:27 - [MESSAGE][PASSED] - Object: 'Object Repository/AdminSuiteBootstrap_Pages/VSP_Bootstrap/View Profile/a_Edit_CC' is clicked on

2023-09-20 21:43:27 - [TEST_STEP][PASSED] - vspBootstrap.ModifyCreditCardPage.setDataModifyCreditCard(row, dataFile): vspBootstrap.ModifyCreditCardPage.setDataModifyCreditCard is PASSED

2023-09-20 21:43:28 - [MESSAGE][PASSED] - All options with label '6 - JUN' are selected in object 'Object Repository/AdminSuiteBootstrap_Pages/VSP_Bootstrap/ModifyCreditCard/select_ExpMonth'  using regular expression

2023-09-20 21:43:29 - [MESSAGE][PASSED] - All options with label '2028' are selected in object 'Object Repository/AdminSuiteBootstrap_Pages/VSP_Bootstrap/ModifyCreditCard/select_ExpYear'  using regular expression

2023-09-20 21:43:31 - [MESSAGE][PASSED] - Object: 'Object Repository/AdminSuiteBootstrap_Pages/VSP_Bootstrap/ModifyCreditCard/button_Modify' is clicked on

2023-09-20 21:43:31 - [MESSAGE][PASSED] - vspBootstrap.ModifyCreditCardPage.setDataModifyCreditCard is PASSED

2023-09-20 21:43:31 - [TEST_STEP][PASSED] - verifyTextPresent("Payment Method Modification", true): Text 'Payment Method Modification' is present on page  using regular expression

2023-09-20 21:43:31 - [MESSAGE][PASSED] - Text 'Payment Method Modification' is present on page  using regular expression

2023-09-20 21:43:31 - [TEST_STEP][PASSED] - verifyTextPresent("Payment method successfully modified", true): Text 'Payment method successfully modified' is present on page  using regular expression

2023-09-20 21:43:32 - [MESSAGE][PASSED] - Text 'Payment method successfully modified' is present on page  using regular expression

2023-09-20 21:43:32 - [TEST_STEP][PASSED] - verifyTextPresent("Expiration:  06/2028", true): Text 'Expiration:  06/2028' is present on page  using regular expression

2023-09-20 21:43:32 - [MESSAGE][PASSED] - Text 'Expiration:  06/2028' is present on page  using regular expression

2023-09-20 21:43:32 - [TEST_STEP][PASSED] - click(findTestObject(path_ViewProfile + "a_Delete Credit Card")): Object: 'Object Repository/AdminSuiteBootstrap_Pages/VSP_Bootstrap/View Profile/a_Delete Credit Card' is clicked on

2023-09-20 21:43:33 - [MESSAGE][PASSED] - Object: 'Object Repository/AdminSuiteBootstrap_Pages/VSP_Bootstrap/View Profile/a_Delete Credit Card' is clicked on

2023-09-20 21:43:33 - [TEST_STEP][PASSED] - verifyTextPresent("Delete Credit Card Confirmation", true): Text 'Delete Credit Card Confirmation' is present on page  using regular expression

2023-09-20 21:43:33 - [MESSAGE][PASSED] - Text 'Delete Credit Card Confirmation' is present on page  using regular expression

2023-09-20 21:43:33 - [TEST_STEP][PASSED] - verifyTextPresent("This will delete the credit card account. Are you sure you want to do this?", true): Text 'This will delete the credit card account. Are you sure you want to do this?' is present on page  using regular expression

2023-09-20 21:43:34 - [MESSAGE][PASSED] - Text 'This will delete the credit card account. Are you sure you want to do this?' is present on page  using regular expression

2023-09-20 21:43:34 - [TEST_STEP][PASSED] - click(findTestObject(path_ViewProfile + "button_DeleteCCConfirm")): Object: 'Object Repository/AdminSuiteBootstrap_Pages/VSP_Bootstrap/View Profile/button_DeleteCCConfirm' is clicked on

2023-09-20 21:43:35 - [MESSAGE][PASSED] - Object: 'Object Repository/AdminSuiteBootstrap_Pages/VSP_Bootstrap/View Profile/button_DeleteCCConfirm' is clicked on

2023-09-20 21:43:35 - [TEST_STEP][PASSED] - verifyTextPresent("Payment Method Deletion", true): Text 'Payment Method Deletion' is present on page  using regular expression

2023-09-20 21:43:36 - [MESSAGE][PASSED] - Text 'Payment Method Deletion' is present on page  using regular expression

2023-09-20 21:43:36 - [TEST_STEP][PASSED] - verifyTextPresent("Payment method was successfully deleted.", true): Text 'Payment method was successfully deleted.' is present on page  using regular expression

2023-09-20 21:43:36 - [MESSAGE][PASSED] - Text 'Payment method was successfully deleted.' is present on page  using regular expression

2023-09-20 21:43:36 - [TEST_STEP][PASSED] - click(findTestObject(path_ViewProfile + "a_Delete Profile")): Object: 'Object Repository/AdminSuiteBootstrap_Pages/VSP_Bootstrap/View Profile/a_Delete Profile' is clicked on

2023-09-20 21:43:37 - [MESSAGE][PASSED] - Object: 'Object Repository/AdminSuiteBootstrap_Pages/VSP_Bootstrap/View Profile/a_Delete Profile' is clicked on

2023-09-20 21:43:37 - [TEST_STEP][PASSED] - verifyTextPresent("This will delete all of the following information. Are you sure you want to do this?", true): Text 'This will delete all of the following information. Are you sure you want to do this?' is present on page  using regular expression

2023-09-20 21:43:37 - [MESSAGE][PASSED] - Text 'This will delete all of the following information. Are you sure you want to do this?' is present on page  using regular expression

2023-09-20 21:43:37 - [TEST_STEP][PASSED] - click(findTestObject(path_DeleteProfileConfirm + "button_Delete")): Object: 'Object Repository/AdminSuiteBootstrap_Pages/VSP_Bootstrap/DeleteProfileConfirm/button_Delete' is clicked on

2023-09-20 21:43:38 - [MESSAGE][PASSED] - Object: 'Object Repository/AdminSuiteBootstrap_Pages/VSP_Bootstrap/DeleteProfileConfirm/button_Delete' is clicked on

2023-09-20 21:43:38 - [TEST_STEP][PASSED] - verifyTextPresent("No Search String", true): Text 'No Search String' is present on page  using regular expression

2023-09-20 21:43:39 - [MESSAGE][PASSED] - Text 'No Search String' is present on page  using regular expression

2023-09-20 21:43:39 - [TEST_STEP][PASSED] - verifyTextPresent("You must provide a search string of at least 2 characters", true): Text 'You must provide a search string of at least 2 characters' is present on page  using regular expression

2023-09-20 21:43:39 - [MESSAGE][PASSED] - Text 'You must provide a search string of at least 2 characters' is present on page  using regular expression

2023-09-20 21:43:39 - [TEST_STEP][PASSED] - closeBrowser(): Browser is closed

2023-09-20 21:43:40 - [MESSAGE][PASSED] - Browser is closed]]></system-out>
         <system-err><![CDATA[]]></system-err>
      </testcase>
      <testcase name="Test Cases/Admin Suite Bootstrap/VSP_Profile_TestCases/AddModifyDeleteACH_Generic_TC" time="155.604" classname="Test Cases/Admin Suite Bootstrap/VSP_Profile_TestCases/AddModifyDeleteACH_Generic_TC" status="PASSED">
         <system-out><![CDATA[2023-09-20 21:43:40 - [TEST_CASE][PASSED] - Test Cases/Admin Suite Bootstrap/VSP_Profile_TestCases/AddModifyDeleteACH_Generic_TC: Test Cases/Admin Suite Bootstrap/VSP_Profile_TestCases/AddModifyDeleteACH_Generic_TC

2023-09-20 21:43:40 - [TEST_STEP][PASSED] - path_Dashboard = "Object Repository/AdminSuiteBootstrap_Pages/Dashboard_Bootstrap/": null

2023-09-20 21:43:40 - [TEST_STEP][PASSED] - path_VT = "Object Repository/AdminSuiteBootstrap_Pages/VT_Bootstrap/IssueTransactions/": null

2023-09-20 21:43:40 - [TEST_STEP][PASSED] - path_CreateProfile = "Object Repository/AdminSuiteBootstrap_Pages/VSP_Bootstrap/CreateProfile/": null

2023-09-20 21:43:40 - [TEST_STEP][PASSED] - path_AddAccount = "Object Repository/AdminSuiteBootstrap_Pages/VSP_Bootstrap/AddAccount/": null

2023-09-20 21:43:40 - [TEST_STEP][PASSED] - path_Add_ACH = "Object Repository/AdminSuiteBootstrap_Pages/VSP_Bootstrap/AddACH/": null

2023-09-20 21:43:40 - [TEST_STEP][PASSED] - path_Add_CC = "Object Repository/AdminSuiteBootstrap_Pages/VSP_Bootstrap/AddCreditCard/": null

2023-09-20 21:43:40 - [TEST_STEP][PASSED] - path_App_Plan = "Object Repository/AdminSuiteBootstrap_Pages/VSP_Bootstrap/AddPaymentPlan/": null

2023-09-20 21:43:40 - [TEST_STEP][PASSED] - path_DeleteProfile = "Object Repository/AdminSuiteBootstrap_Pages/VSP_Bootstrap/DeleteProfile/": null

2023-09-20 21:43:40 - [TEST_STEP][PASSED] - path_ModifyProfile = "Object Repository/AdminSuiteBootstrap_Pages/VSP_Bootstrap/ModifyProfile/": null

2023-09-20 21:43:40 - [TEST_STEP][PASSED] - path_ViewProfile = "Object Repository/AdminSuiteBootstrap_Pages/VSP_Bootstrap/View Profile/": null

2023-09-20 21:43:40 - [TEST_STEP][PASSED] - path_VSPAuth = "Object Repository/AdminSuiteBootstrap_Pages/VSP_Bootstrap/VSP_Auth/": null

2023-09-20 21:43:40 - [TEST_STEP][PASSED] - path_VSPAuthCap = "Object Repository/AdminSuiteBootstrap_Pages/VSP_Bootstrap/VSP_Authcap/": null

2023-09-20 21:43:40 - [TEST_STEP][PASSED] - path_Debit = "Object Repository/AdminSuiteBootstrap_Pages/VSP_Bootstrap/VSP_Debit/": null

2023-09-20 21:43:40 - [TEST_STEP][PASSED] - path_DeleteProfileConfirm = "Object Repository/AdminSuiteBootstrap_Pages/VSP_Bootstrap/DeleteProfileConfirm/": null

2023-09-20 21:43:40 - [TEST_STEP][PASSED] - path_ModifyACH = "Object Repository/AdminSuiteBootstrap_Pages/VSP_Bootstrap/ModifyACH/": null

2023-09-20 21:43:40 - [TEST_STEP][PASSED] - executionProfile = getExecutionProfile(): null

2023-09-20 21:43:40 - [TEST_STEP][PASSED] - out.println("executionProfile : " + executionProfile): null

2023-09-20 21:43:40 - [TEST_STEP][PASSED] - appName = <not implemented yet for class: org.codehaus.groovy.ast.expr.EmptyExpression>: null

2023-09-20 21:43:40 - [TEST_STEP][PASSED] - appID = <not implemented yet for class: org.codehaus.groovy.ast.expr.EmptyExpression>: null

2023-09-20 21:43:40 - [TEST_STEP][PASSED] - cardNameV = <not implemented yet for class: org.codehaus.groovy.ast.expr.EmptyExpression>: null

2023-09-20 21:43:40 - [TEST_STEP][PASSED] - al1V = <not implemented yet for class: org.codehaus.groovy.ast.expr.EmptyExpression>: null

2023-09-20 21:43:40 - [TEST_STEP][PASSED] - al2V = <not implemented yet for class: org.codehaus.groovy.ast.expr.EmptyExpression>: null

2023-09-20 21:43:40 - [TEST_STEP][PASSED] - zipV = <not implemented yet for class: org.codehaus.groovy.ast.expr.EmptyExpression>: null

2023-09-20 21:43:40 - [TEST_STEP][PASSED] - cardTypeV = <not implemented yet for class: org.codehaus.groovy.ast.expr.EmptyExpression>: null

2023-09-20 21:43:40 - [TEST_STEP][PASSED] - last4V = <not implemented yet for class: org.codehaus.groovy.ast.expr.EmptyExpression>: null

2023-09-20 21:43:40 - [TEST_STEP][PASSED] - nameSheet = "AddModifyDeleteACH": null

2023-09-20 21:43:40 - [TEST_STEP][PASSED] - numOfRows = findTestData("QA/Bootstrap/VSP-Profile-TestData/AddModifyDeleteACH").getRowNumbers(): null

2023-09-20 21:43:41 - [TEST_STEP][PASSED] - println("Number of Records: " + numOfRows): null

2023-09-20 21:43:41 - [TEST_STEP][PASSED] - dataFile = "QA/Bootstrap/VSP-Profile-TestData/AddModifyDeleteACH": null

2023-09-20 21:43:41 - [TEST_STEP][PASSED] - for ([row = 1, row <= numOfRows, (row++)]): Browser is closed

2023-09-20 21:43:41 - [TEST_STEP][PASSED] - ExecuteTC = findTestData(dataFile).getValue("Execute", row): null

2023-09-20 21:43:41 - [TEST_STEP][PASSED] - out.println("Value of Execute is : " + ExecuteTC): null

2023-09-20 21:43:41 - [TEST_STEP][PASSED] - switch (executionProfile): null

2023-09-20 21:43:41 - [TEST_STEP][PASSED] - case "QA2Profile":: null

2023-09-20 21:43:41 - [TEST_STEP][PASSED] - appName = findTestData(dataFile).getValue("AppNameQA", row): null

2023-09-20 21:43:41 - [TEST_STEP][PASSED] - appID = findTestData(dataFile).getValue("AppIDQA", row): null

2023-09-20 21:43:41 - [TEST_STEP][PASSED] - break: null

2023-09-20 21:43:41 - [TEST_STEP][PASSED] - if (ExecuteTC.equalsIgnoreCase("Y")): Browser is closed

2023-09-20 21:43:41 - [TEST_STEP][PASSED] - out.println("Begin Record Number: " + row): null

2023-09-20 21:43:41 - [TEST_STEP][PASSED] - today = new java.util.Date(): null

2023-09-20 21:43:41 - [TEST_STEP][PASSED] - println(today): null

2023-09-20 21:43:41 - [TEST_STEP][PASSED] - datText = today: null

2023-09-20 21:43:41 - [TEST_STEP][PASSED] - adminSuiteBootstrap.loginFunctionality.login_AdminSuite(): adminSuiteBootstrap.loginFunctionality.login_AdminSuite is PASSED

2023-09-20 21:43:41 - [MESSAGE][INFO] - Starting 'Chrome' driver

2023-09-20 21:43:41 - [MESSAGE][INFO] - User set preference: ['acceptInsecureCerts', 'true']

2023-09-20 21:43:41 - [MESSAGE][INFO] - Action delay is set to 0 milliseconds

2023-09-20 21:43:44 - [MESSAGE][PASSED] - Browser is opened with url: 'https://qa2.velocitypayment.com/admin/imtiaz'

2023-09-20 21:43:44 - [MESSAGE][PASSED] - Current window maximized

2023-09-20 21:43:44 - [MESSAGE][PASSED] - Object 'Object Repository/Login_Page/Login_Username_Okta' is present

2023-09-20 21:43:45 - [MESSAGE][PASSED] - Text 'iahmed' is set on object 'Object Repository/Login_Page/Login_Username_Okta'

2023-09-20 21:43:46 - [MESSAGE][PASSED] - Text 'Hello1111111@' is set on object 'Object Repository/Login_Page/Login_Password_Okta'

2023-09-20 21:43:46 - [MESSAGE][PASSED] - Object: 'Object Repository/Login_Page/Login_Submit_Okta' is clicked on

2023-09-20 21:43:46 - [MESSAGE][PASSED] - adminSuiteBootstrap.loginFunctionality.login_AdminSuite is PASSED

2023-09-20 21:43:46 - [TEST_STEP][PASSED] - click(findTestObject(path_Dashboard + appName)): Object: 'Object Repository/AdminSuiteBootstrap_Pages/Dashboard_Bootstrap/a_Access AutoNoCFtp' is clicked on

2023-09-20 21:43:53 - [MESSAGE][PASSED] - Object: 'Object Repository/AdminSuiteBootstrap_Pages/Dashboard_Bootstrap/a_Access AutoNoCFtp' is clicked on

2023-09-20 21:43:53 - [TEST_STEP][PASSED] - click(findTestObject(path_VT + "a_Create")): Object: 'Object Repository/AdminSuiteBootstrap_Pages/VT_Bootstrap/IssueTransactions/a_Create' is clicked on

2023-09-20 21:43:54 - [MESSAGE][PASSED] - Object: 'Object Repository/AdminSuiteBootstrap_Pages/VT_Bootstrap/IssueTransactions/a_Create' is clicked on

2023-09-20 21:43:54 - [TEST_STEP][PASSED] - vspBootstrap.CreateProfilePage.setDataONLYCreateProfile(row, dataFile): vspBootstrap.CreateProfilePage.setDataONLYCreateProfile is PASSED

2023-09-20 21:43:57 - [MESSAGE][PASSED] - Text '21054' is set on object 'Object Repository/AdminSuiteBootstrap_Pages/VSP_Bootstrap/CreateProfile/input_PostalCode'

2023-09-20 21:43:57 - [MESSAGE][PASSED] - Text '7WyGUONjujfG' is set on object 'Object Repository/AdminSuiteBootstrap_Pages/VSP_Bootstrap/CreateProfile/input_profileName'

2023-09-20 21:43:58 - [MESSAGE][PASSED] - Text 'Delta Corp' is set on object 'Object Repository/AdminSuiteBootstrap_Pages/VSP_Bootstrap/CreateProfile/input_CompanyName'

2023-09-20 21:43:59 - [MESSAGE][PASSED] - All options with label 'Mr.' are selected in object 'Object Repository/AdminSuiteBootstrap_Pages/VSP_Bootstrap/CreateProfile/select_Title'  using regular expression

2023-09-20 21:44:00 - [MESSAGE][PASSED] - Text 'Ross' is set on object 'Object Repository/AdminSuiteBootstrap_Pages/VSP_Bootstrap/CreateProfile/input_FirstName'

2023-09-20 21:44:00 - [MESSAGE][PASSED] - Text 'KT' is set on object 'Object Repository/AdminSuiteBootstrap_Pages/VSP_Bootstrap/CreateProfile/input_MiddleName'

2023-09-20 21:44:01 - [MESSAGE][PASSED] - Text 'Evan' is set on object 'Object Repository/AdminSuiteBootstrap_Pages/VSP_Bootstrap/CreateProfile/input_LastName'

2023-09-20 21:44:02 - [MESSAGE][PASSED] - All options with label 'Sr.' are selected in object 'Object Repository/AdminSuiteBootstrap_Pages/VSP_Bootstrap/CreateProfile/select_Suffix'  using regular expression

2023-09-20 21:44:03 - [MESSAGE][PASSED] - Text '256987 Nolm Ct' is set on object 'Object Repository/AdminSuiteBootstrap_Pages/VSP_Bootstrap/CreateProfile/input_address1'

2023-09-20 21:44:03 - [MESSAGE][PASSED] - Text 'Suite 678' is set on object 'Object Repository/AdminSuiteBootstrap_Pages/VSP_Bootstrap/CreateProfile/input_AddressLine2'

2023-09-20 21:44:04 - [MESSAGE][PASSED] - Text '1234' is set on object 'Object Repository/AdminSuiteBootstrap_Pages/VSP_Bootstrap/CreateProfile/input_PostalCodeExt'

2023-09-20 21:44:05 - [MESSAGE][PASSED] - Text 'iahmed@govolution.com' is set on object 'Object Repository/AdminSuiteBootstrap_Pages/VSP_Bootstrap/CreateProfile/input_EmaiAddress'

2023-09-20 21:44:05 - [MESSAGE][PASSED] - Text '240' is set on object 'Object Repository/AdminSuiteBootstrap_Pages/VSP_Bootstrap/CreateProfile/input_HomePhoneNumber_HomeAreaCode'

2023-09-20 21:44:06 - [MESSAGE][PASSED] - Text '628' is set on object 'Object Repository/AdminSuiteBootstrap_Pages/VSP_Bootstrap/CreateProfile/input_homePrefixNumber'

2023-09-20 21:44:07 - [MESSAGE][PASSED] - Text '0790' is set on object 'Object Repository/AdminSuiteBootstrap_Pages/VSP_Bootstrap/CreateProfile/input_homeSuffixNumber'

2023-09-20 21:44:08 - [MESSAGE][PASSED] - Text '240' is set on object 'Object Repository/AdminSuiteBootstrap_Pages/VSP_Bootstrap/CreateProfile/input_MobilePhoneNumber_mobileAreaCode'

2023-09-20 21:44:08 - [MESSAGE][PASSED] - Text '628' is set on object 'Object Repository/AdminSuiteBootstrap_Pages/VSP_Bootstrap/CreateProfile/input_mobilePrefixNumber'

2023-09-20 21:44:09 - [MESSAGE][PASSED] - Text '0791' is set on object 'Object Repository/AdminSuiteBootstrap_Pages/VSP_Bootstrap/CreateProfile/input_mobileSuffixNumber'

2023-09-20 21:44:10 - [MESSAGE][PASSED] - Text '410' is set on object 'Object Repository/AdminSuiteBootstrap_Pages/VSP_Bootstrap/CreateProfile/input_WorkPhoneNumber_workAreaCode'

2023-09-20 21:44:10 - [MESSAGE][PASSED] - Text '628' is set on object 'Object Repository/AdminSuiteBootstrap_Pages/VSP_Bootstrap/CreateProfile/input_workPrefixNumber'

2023-09-20 21:44:11 - [MESSAGE][PASSED] - Text '0792' is set on object 'Object Repository/AdminSuiteBootstrap_Pages/VSP_Bootstrap/CreateProfile/input_workSuffixNumber'

2023-09-20 21:44:12 - [MESSAGE][PASSED] - Text '123' is set on object 'Object Repository/AdminSuiteBootstrap_Pages/VSP_Bootstrap/CreateProfile/input_Ext_workExtension'

2023-09-20 21:44:12 - [MESSAGE][PASSED] - Text 'This Profile is for Add ACH' is set on object 'Object Repository/AdminSuiteBootstrap_Pages/VSP_Bootstrap/CreateProfile/textarea_NotesComments_note'

2023-09-20 21:44:12 - [MESSAGE][PASSED] - vspBootstrap.CreateProfilePage.setDataONLYCreateProfile is PASSED

2023-09-20 21:44:12 - [TEST_STEP][PASSED] - click(findTestObject(path_CreateProfile + "button_Save  Add ACH")): Object: 'Object Repository/AdminSuiteBootstrap_Pages/VSP_Bootstrap/CreateProfile/button_Save  Add ACH' is clicked on

2023-09-20 21:44:14 - [MESSAGE][PASSED] - Object: 'Object Repository/AdminSuiteBootstrap_Pages/VSP_Bootstrap/CreateProfile/button_Save  Add ACH' is clicked on

2023-09-20 21:44:14 - [TEST_STEP][PASSED] - verifyTextPresent("Profile successfully created", true): Text 'Profile successfully created' is present on page  using regular expression

2023-09-20 21:44:15 - [MESSAGE][PASSED] - Text 'Profile successfully created' is present on page  using regular expression

2023-09-20 21:44:15 - [TEST_STEP][PASSED] - vspBootstrap.AddACHPage.setDataAddACH(row, dataFile): vspBootstrap.AddACHPage.setDataAddACH is PASSED

2023-09-20 21:44:15 - [MESSAGE][PASSED] - Text '256072691' is set on object 'Object Repository/AdminSuiteBootstrap_Pages/VSP_Bootstrap/AddACH/input_routingTransitNumber'

2023-09-20 21:44:16 - [MESSAGE][PASSED] - All options with label 'Personal Checking' are selected in object 'Object Repository/AdminSuiteBootstrap_Pages/VSP_Bootstrap/AddACH/select_PaymentType'  using regular expression

2023-09-20 21:44:17 - [MESSAGE][PASSED] - Text 'Ross PC' is set on object 'Object Repository/AdminSuiteBootstrap_Pages/VSP_Bootstrap/AddACH/input_nickName'

2023-09-20 21:44:18 - [MESSAGE][PASSED] - Text '25872222' is set on object 'Object Repository/AdminSuiteBootstrap_Pages/VSP_Bootstrap/AddACH/input_accountNumber'

2023-09-20 21:44:19 - [MESSAGE][PASSED] - Object: 'Object Repository/AdminSuiteBootstrap_Pages/VSP_Bootstrap/AddACH/button_Create' is clicked on

2023-09-20 21:44:19 - [MESSAGE][PASSED] - vspBootstrap.AddACHPage.setDataAddACH is PASSED

2023-09-20 21:44:19 - [TEST_STEP][PASSED] - verifyTextPresent("Payment Method Created", true): Text 'Payment Method Created' is present on page  using regular expression

2023-09-20 21:44:20 - [MESSAGE][PASSED] - Text 'Payment Method Created' is present on page  using regular expression

2023-09-20 21:44:20 - [TEST_STEP][PASSED] - verifyTextPresent("Payment method creation successful", true): Text 'Payment method creation successful' is present on page  using regular expression

2023-09-20 21:44:20 - [MESSAGE][PASSED] - Text 'Payment method creation successful' is present on page  using regular expression

2023-09-20 21:44:20 - [TEST_STEP][PASSED] - click(findTestObject(path_ViewProfile + "a_Edit_ACH")): Object: 'Object Repository/AdminSuiteBootstrap_Pages/VSP_Bootstrap/View Profile/a_Edit_ACH' is clicked on

2023-09-20 21:44:21 - [MESSAGE][PASSED] - Object: 'Object Repository/AdminSuiteBootstrap_Pages/VSP_Bootstrap/View Profile/a_Edit_ACH' is clicked on

2023-09-20 21:44:21 - [TEST_STEP][PASSED] - nicknameMod = findTestData(dataFile).getValue("NicknameACHMod", row): null

2023-09-20 21:44:21 - [TEST_STEP][PASSED] - setText(findTestObject(path_ModifyACH + "input_nickName"), nicknameMod): Text 'Ross PC Mod' is set on object 'Object Repository/AdminSuiteBootstrap_Pages/VSP_Bootstrap/ModifyACH/input_nickName'

2023-09-20 21:44:22 - [MESSAGE][PASSED] - Text 'Ross PC Mod' is set on object 'Object Repository/AdminSuiteBootstrap_Pages/VSP_Bootstrap/ModifyACH/input_nickName'

2023-09-20 21:44:22 - [TEST_STEP][PASSED] - click(findTestObject(path_ModifyACH + "button_Modify")): Object: 'Object Repository/AdminSuiteBootstrap_Pages/VSP_Bootstrap/ModifyACH/button_Modify' is clicked on

2023-09-20 21:44:24 - [MESSAGE][PASSED] - Object: 'Object Repository/AdminSuiteBootstrap_Pages/VSP_Bootstrap/ModifyACH/button_Modify' is clicked on

2023-09-20 21:44:24 - [TEST_STEP][PASSED] - verifyTextPresent("Payment Method Modification", true): Text 'Payment Method Modification' is present on page  using regular expression

2023-09-20 21:44:24 - [MESSAGE][PASSED] - Text 'Payment Method Modification' is present on page  using regular expression

2023-09-20 21:44:24 - [TEST_STEP][PASSED] - verifyTextPresent("Payment method successfully modified", true): Text 'Payment method successfully modified' is present on page  using regular expression

2023-09-20 21:44:25 - [MESSAGE][PASSED] - Text 'Payment method successfully modified' is present on page  using regular expression

2023-09-20 21:44:25 - [TEST_STEP][PASSED] - verifyTextPresent(nicknameMod, true): Text 'Ross PC Mod' is present on page  using regular expression

2023-09-20 21:44:25 - [MESSAGE][PASSED] - Text 'Ross PC Mod' is present on page  using regular expression

2023-09-20 21:44:25 - [TEST_STEP][PASSED] - click(findTestObject(path_ViewProfile + "a_DeleteACH2")): Object: 'Object Repository/AdminSuiteBootstrap_Pages/VSP_Bootstrap/View Profile/a_DeleteACH2' is clicked on

2023-09-20 21:44:26 - [MESSAGE][PASSED] - Object: 'Object Repository/AdminSuiteBootstrap_Pages/VSP_Bootstrap/View Profile/a_DeleteACH2' is clicked on

2023-09-20 21:44:26 - [TEST_STEP][PASSED] - verifyTextPresent("Delete Bank Account Confirmation", true): Text 'Delete Bank Account Confirmation' is present on page  using regular expression

2023-09-20 21:44:27 - [MESSAGE][PASSED] - Text 'Delete Bank Account Confirmation' is present on page  using regular expression

2023-09-20 21:44:27 - [TEST_STEP][PASSED] - verifyTextPresent("This will delete the bank account. Are you sure you want to do this?", true): Text 'This will delete the bank account. Are you sure you want to do this?' is present on page  using regular expression

2023-09-20 21:44:27 - [MESSAGE][PASSED] - Text 'This will delete the bank account. Are you sure you want to do this?' is present on page  using regular expression

2023-09-20 21:44:27 - [TEST_STEP][PASSED] - click(findTestObject(path_ViewProfile + "button_DeleteACHConfirm")): Object: 'Object Repository/AdminSuiteBootstrap_Pages/VSP_Bootstrap/View Profile/button_DeleteACHConfirm' is clicked on

2023-09-20 21:44:28 - [MESSAGE][PASSED] - Object: 'Object Repository/AdminSuiteBootstrap_Pages/VSP_Bootstrap/View Profile/button_DeleteACHConfirm' is clicked on

2023-09-20 21:44:28 - [TEST_STEP][PASSED] - verifyTextPresent("Payment Method Deletion", true): Text 'Payment Method Deletion' is present on page  using regular expression

2023-09-20 21:44:29 - [MESSAGE][PASSED] - Text 'Payment Method Deletion' is present on page  using regular expression

2023-09-20 21:44:29 - [TEST_STEP][PASSED] - verifyTextPresent("Payment method was successfully deleted.", true): Text 'Payment method was successfully deleted.' is present on page  using regular expression

2023-09-20 21:44:29 - [MESSAGE][PASSED] - Text 'Payment method was successfully deleted.' is present on page  using regular expression

2023-09-20 21:44:29 - [TEST_STEP][PASSED] - click(findTestObject(path_ViewProfile + "a_Delete Profile")): Object: 'Object Repository/AdminSuiteBootstrap_Pages/VSP_Bootstrap/View Profile/a_Delete Profile' is clicked on

2023-09-20 21:44:30 - [MESSAGE][PASSED] - Object: 'Object Repository/AdminSuiteBootstrap_Pages/VSP_Bootstrap/View Profile/a_Delete Profile' is clicked on

2023-09-20 21:44:30 - [TEST_STEP][PASSED] - verifyTextPresent("This will delete all of the following information. Are you sure you want to do this?", true): Text 'This will delete all of the following information. Are you sure you want to do this?' is present on page  using regular expression

2023-09-20 21:44:31 - [MESSAGE][PASSED] - Text 'This will delete all of the following information. Are you sure you want to do this?' is present on page  using regular expression

2023-09-20 21:44:31 - [TEST_STEP][PASSED] - click(findTestObject(path_DeleteProfileConfirm + "button_Delete")): Object: 'Object Repository/AdminSuiteBootstrap_Pages/VSP_Bootstrap/DeleteProfileConfirm/button_Delete' is clicked on

2023-09-20 21:44:32 - [MESSAGE][PASSED] - Object: 'Object Repository/AdminSuiteBootstrap_Pages/VSP_Bootstrap/DeleteProfileConfirm/button_Delete' is clicked on

2023-09-20 21:44:32 - [TEST_STEP][PASSED] - verifyTextPresent("No Search String", true): Text 'No Search String' is present on page  using regular expression

2023-09-20 21:44:32 - [MESSAGE][PASSED] - Text 'No Search String' is present on page  using regular expression

2023-09-20 21:44:32 - [TEST_STEP][PASSED] - verifyTextPresent("You must provide a search string of at least 2 characters", true): Text 'You must provide a search string of at least 2 characters' is present on page  using regular expression

2023-09-20 21:44:32 - [MESSAGE][PASSED] - Text 'You must provide a search string of at least 2 characters' is present on page  using regular expression

2023-09-20 21:44:32 - [TEST_STEP][PASSED] - closeBrowser(): Browser is closed

2023-09-20 21:44:33 - [MESSAGE][PASSED] - Browser is closed

2023-09-20 21:44:33 - [TEST_STEP][PASSED] - ExecuteTC = findTestData(dataFile).getValue("Execute", row): null

2023-09-20 21:44:33 - [TEST_STEP][PASSED] - out.println("Value of Execute is : " + ExecuteTC): null

2023-09-20 21:44:33 - [TEST_STEP][PASSED] - switch (executionProfile): null

2023-09-20 21:44:33 - [TEST_STEP][PASSED] - case "QA2Profile":: null

2023-09-20 21:44:33 - [TEST_STEP][PASSED] - appName = findTestData(dataFile).getValue("AppNameQA", row): null

2023-09-20 21:44:34 - [TEST_STEP][PASSED] - appID = findTestData(dataFile).getValue("AppIDQA", row): null

2023-09-20 21:44:34 - [TEST_STEP][PASSED] - break: null

2023-09-20 21:44:34 - [TEST_STEP][PASSED] - if (ExecuteTC.equalsIgnoreCase("Y")): Browser is closed

2023-09-20 21:44:34 - [TEST_STEP][PASSED] - out.println("Begin Record Number: " + row): null

2023-09-20 21:44:34 - [TEST_STEP][PASSED] - today = new java.util.Date(): null

2023-09-20 21:44:34 - [TEST_STEP][PASSED] - println(today): null

2023-09-20 21:44:34 - [TEST_STEP][PASSED] - datText = today: null

2023-09-20 21:44:34 - [TEST_STEP][PASSED] - adminSuiteBootstrap.loginFunctionality.login_AdminSuite(): adminSuiteBootstrap.loginFunctionality.login_AdminSuite is PASSED

2023-09-20 21:44:34 - [MESSAGE][INFO] - Starting 'Chrome' driver

2023-09-20 21:44:34 - [MESSAGE][INFO] - User set preference: ['acceptInsecureCerts', 'true']

2023-09-20 21:44:34 - [MESSAGE][INFO] - Action delay is set to 0 milliseconds

2023-09-20 21:44:36 - [MESSAGE][PASSED] - Browser is opened with url: 'https://qa2.velocitypayment.com/admin/imtiaz'

2023-09-20 21:44:36 - [MESSAGE][PASSED] - Current window maximized

2023-09-20 21:44:37 - [MESSAGE][PASSED] - Object 'Object Repository/Login_Page/Login_Username_Okta' is present

2023-09-20 21:44:38 - [MESSAGE][PASSED] - Text 'iahmed' is set on object 'Object Repository/Login_Page/Login_Username_Okta'

2023-09-20 21:44:39 - [MESSAGE][PASSED] - Text 'Hello1111111@' is set on object 'Object Repository/Login_Page/Login_Password_Okta'

2023-09-20 21:44:39 - [MESSAGE][PASSED] - Object: 'Object Repository/Login_Page/Login_Submit_Okta' is clicked on

2023-09-20 21:44:39 - [MESSAGE][PASSED] - adminSuiteBootstrap.loginFunctionality.login_AdminSuite is PASSED

2023-09-20 21:44:39 - [TEST_STEP][PASSED] - click(findTestObject(path_Dashboard + appName)): Object: 'Object Repository/AdminSuiteBootstrap_Pages/Dashboard_Bootstrap/a_Access AutoNoCFtp' is clicked on

2023-09-20 21:44:46 - [MESSAGE][PASSED] - Object: 'Object Repository/AdminSuiteBootstrap_Pages/Dashboard_Bootstrap/a_Access AutoNoCFtp' is clicked on

2023-09-20 21:44:46 - [TEST_STEP][PASSED] - click(findTestObject(path_VT + "a_Create")): Object: 'Object Repository/AdminSuiteBootstrap_Pages/VT_Bootstrap/IssueTransactions/a_Create' is clicked on

2023-09-20 21:44:47 - [MESSAGE][PASSED] - Object: 'Object Repository/AdminSuiteBootstrap_Pages/VT_Bootstrap/IssueTransactions/a_Create' is clicked on

2023-09-20 21:44:47 - [TEST_STEP][PASSED] - vspBootstrap.CreateProfilePage.setDataONLYCreateProfile(row, dataFile): vspBootstrap.CreateProfilePage.setDataONLYCreateProfile is PASSED

2023-09-20 21:44:49 - [MESSAGE][PASSED] - Text '21054' is set on object 'Object Repository/AdminSuiteBootstrap_Pages/VSP_Bootstrap/CreateProfile/input_PostalCode'

2023-09-20 21:44:49 - [MESSAGE][PASSED] - Text 'kcXo9br1FffD' is set on object 'Object Repository/AdminSuiteBootstrap_Pages/VSP_Bootstrap/CreateProfile/input_profileName'

2023-09-20 21:44:50 - [MESSAGE][PASSED] - Text 'Delta Corp' is set on object 'Object Repository/AdminSuiteBootstrap_Pages/VSP_Bootstrap/CreateProfile/input_CompanyName'

2023-09-20 21:44:51 - [MESSAGE][PASSED] - All options with label 'Mr.' are selected in object 'Object Repository/AdminSuiteBootstrap_Pages/VSP_Bootstrap/CreateProfile/select_Title'  using regular expression

2023-09-20 21:44:52 - [MESSAGE][PASSED] - Text 'Ross' is set on object 'Object Repository/AdminSuiteBootstrap_Pages/VSP_Bootstrap/CreateProfile/input_FirstName'

2023-09-20 21:44:52 - [MESSAGE][PASSED] - Text 'KT' is set on object 'Object Repository/AdminSuiteBootstrap_Pages/VSP_Bootstrap/CreateProfile/input_MiddleName'

2023-09-20 21:44:53 - [MESSAGE][PASSED] - Text 'Evan' is set on object 'Object Repository/AdminSuiteBootstrap_Pages/VSP_Bootstrap/CreateProfile/input_LastName'

2023-09-20 21:44:54 - [MESSAGE][PASSED] - All options with label 'Sr.' are selected in object 'Object Repository/AdminSuiteBootstrap_Pages/VSP_Bootstrap/CreateProfile/select_Suffix'  using regular expression

2023-09-20 21:44:55 - [MESSAGE][PASSED] - Text '256987 Nolm Ct' is set on object 'Object Repository/AdminSuiteBootstrap_Pages/VSP_Bootstrap/CreateProfile/input_address1'

2023-09-20 21:44:56 - [MESSAGE][PASSED] - Text 'Suite 678' is set on object 'Object Repository/AdminSuiteBootstrap_Pages/VSP_Bootstrap/CreateProfile/input_AddressLine2'

2023-09-20 21:44:56 - [MESSAGE][PASSED] - Text '1234' is set on object 'Object Repository/AdminSuiteBootstrap_Pages/VSP_Bootstrap/CreateProfile/input_PostalCodeExt'

2023-09-20 21:44:57 - [MESSAGE][PASSED] - Text 'iahmed@govolution.com' is set on object 'Object Repository/AdminSuiteBootstrap_Pages/VSP_Bootstrap/CreateProfile/input_EmaiAddress'

2023-09-20 21:44:58 - [MESSAGE][PASSED] - Text '240' is set on object 'Object Repository/AdminSuiteBootstrap_Pages/VSP_Bootstrap/CreateProfile/input_HomePhoneNumber_HomeAreaCode'

2023-09-20 21:44:58 - [MESSAGE][PASSED] - Text '628' is set on object 'Object Repository/AdminSuiteBootstrap_Pages/VSP_Bootstrap/CreateProfile/input_homePrefixNumber'

2023-09-20 21:44:59 - [MESSAGE][PASSED] - Text '0790' is set on object 'Object Repository/AdminSuiteBootstrap_Pages/VSP_Bootstrap/CreateProfile/input_homeSuffixNumber'

2023-09-20 21:45:00 - [MESSAGE][PASSED] - Text '240' is set on object 'Object Repository/AdminSuiteBootstrap_Pages/VSP_Bootstrap/CreateProfile/input_MobilePhoneNumber_mobileAreaCode'

2023-09-20 21:45:00 - [MESSAGE][PASSED] - Text '628' is set on object 'Object Repository/AdminSuiteBootstrap_Pages/VSP_Bootstrap/CreateProfile/input_mobilePrefixNumber'

2023-09-20 21:45:01 - [MESSAGE][PASSED] - Text '0791' is set on object 'Object Repository/AdminSuiteBootstrap_Pages/VSP_Bootstrap/CreateProfile/input_mobileSuffixNumber'

2023-09-20 21:45:02 - [MESSAGE][PASSED] - Text '410' is set on object 'Object Repository/AdminSuiteBootstrap_Pages/VSP_Bootstrap/CreateProfile/input_WorkPhoneNumber_workAreaCode'

2023-09-20 21:45:02 - [MESSAGE][PASSED] - Text '628' is set on object 'Object Repository/AdminSuiteBootstrap_Pages/VSP_Bootstrap/CreateProfile/input_workPrefixNumber'

2023-09-20 21:45:03 - [MESSAGE][PASSED] - Text '0792' is set on object 'Object Repository/AdminSuiteBootstrap_Pages/VSP_Bootstrap/CreateProfile/input_workSuffixNumber'

2023-09-20 21:45:04 - [MESSAGE][PASSED] - Text '123' is set on object 'Object Repository/AdminSuiteBootstrap_Pages/VSP_Bootstrap/CreateProfile/input_Ext_workExtension'

2023-09-20 21:45:04 - [MESSAGE][PASSED] - Text 'This Profile is for Add ACH' is set on object 'Object Repository/AdminSuiteBootstrap_Pages/VSP_Bootstrap/CreateProfile/textarea_NotesComments_note'

2023-09-20 21:45:04 - [MESSAGE][PASSED] - vspBootstrap.CreateProfilePage.setDataONLYCreateProfile is PASSED

2023-09-20 21:45:04 - [TEST_STEP][PASSED] - click(findTestObject(path_CreateProfile + "button_Save  Add ACH")): Object: 'Object Repository/AdminSuiteBootstrap_Pages/VSP_Bootstrap/CreateProfile/button_Save  Add ACH' is clicked on

2023-09-20 21:45:05 - [MESSAGE][PASSED] - Object: 'Object Repository/AdminSuiteBootstrap_Pages/VSP_Bootstrap/CreateProfile/button_Save  Add ACH' is clicked on

2023-09-20 21:45:05 - [TEST_STEP][PASSED] - verifyTextPresent("Profile successfully created", true): Text 'Profile successfully created' is present on page  using regular expression

2023-09-20 21:45:06 - [MESSAGE][PASSED] - Text 'Profile successfully created' is present on page  using regular expression

2023-09-20 21:45:06 - [TEST_STEP][PASSED] - vspBootstrap.AddACHPage.setDataAddACH(row, dataFile): vspBootstrap.AddACHPage.setDataAddACH is PASSED

2023-09-20 21:45:07 - [MESSAGE][PASSED] - Text '256072691' is set on object 'Object Repository/AdminSuiteBootstrap_Pages/VSP_Bootstrap/AddACH/input_routingTransitNumber'

2023-09-20 21:45:08 - [MESSAGE][PASSED] - All options with label 'Personal Savings' are selected in object 'Object Repository/AdminSuiteBootstrap_Pages/VSP_Bootstrap/AddACH/select_PaymentType'  using regular expression

2023-09-20 21:45:09 - [MESSAGE][PASSED] - Text 'Ross PS' is set on object 'Object Repository/AdminSuiteBootstrap_Pages/VSP_Bootstrap/AddACH/input_nickName'

2023-09-20 21:45:09 - [MESSAGE][PASSED] - Text '25873333' is set on object 'Object Repository/AdminSuiteBootstrap_Pages/VSP_Bootstrap/AddACH/input_accountNumber'

2023-09-20 21:45:11 - [MESSAGE][PASSED] - Object: 'Object Repository/AdminSuiteBootstrap_Pages/VSP_Bootstrap/AddACH/button_Create' is clicked on

2023-09-20 21:45:11 - [MESSAGE][PASSED] - vspBootstrap.AddACHPage.setDataAddACH is PASSED

2023-09-20 21:45:11 - [TEST_STEP][PASSED] - verifyTextPresent("Payment Method Created", true): Text 'Payment Method Created' is present on page  using regular expression

2023-09-20 21:45:11 - [MESSAGE][PASSED] - Text 'Payment Method Created' is present on page  using regular expression

2023-09-20 21:45:11 - [TEST_STEP][PASSED] - verifyTextPresent("Payment method creation successful", true): Text 'Payment method creation successful' is present on page  using regular expression

2023-09-20 21:45:12 - [MESSAGE][PASSED] - Text 'Payment method creation successful' is present on page  using regular expression

2023-09-20 21:45:12 - [TEST_STEP][PASSED] - click(findTestObject(path_ViewProfile + "a_Edit_ACH")): Object: 'Object Repository/AdminSuiteBootstrap_Pages/VSP_Bootstrap/View Profile/a_Edit_ACH' is clicked on

2023-09-20 21:45:13 - [MESSAGE][PASSED] - Object: 'Object Repository/AdminSuiteBootstrap_Pages/VSP_Bootstrap/View Profile/a_Edit_ACH' is clicked on

2023-09-20 21:45:13 - [TEST_STEP][PASSED] - nicknameMod = findTestData(dataFile).getValue("NicknameACHMod", row): null

2023-09-20 21:45:13 - [TEST_STEP][PASSED] - setText(findTestObject(path_ModifyACH + "input_nickName"), nicknameMod): Text 'Ross PS Mod' is set on object 'Object Repository/AdminSuiteBootstrap_Pages/VSP_Bootstrap/ModifyACH/input_nickName'

2023-09-20 21:45:14 - [MESSAGE][PASSED] - Text 'Ross PS Mod' is set on object 'Object Repository/AdminSuiteBootstrap_Pages/VSP_Bootstrap/ModifyACH/input_nickName'

2023-09-20 21:45:14 - [TEST_STEP][PASSED] - click(findTestObject(path_ModifyACH + "button_Modify")): Object: 'Object Repository/AdminSuiteBootstrap_Pages/VSP_Bootstrap/ModifyACH/button_Modify' is clicked on

2023-09-20 21:45:15 - [MESSAGE][PASSED] - Object: 'Object Repository/AdminSuiteBootstrap_Pages/VSP_Bootstrap/ModifyACH/button_Modify' is clicked on

2023-09-20 21:45:15 - [TEST_STEP][PASSED] - verifyTextPresent("Payment Method Modification", true): Text 'Payment Method Modification' is present on page  using regular expression

2023-09-20 21:45:16 - [MESSAGE][PASSED] - Text 'Payment Method Modification' is present on page  using regular expression

2023-09-20 21:45:16 - [TEST_STEP][PASSED] - verifyTextPresent("Payment method successfully modified", true): Text 'Payment method successfully modified' is present on page  using regular expression

2023-09-20 21:45:16 - [MESSAGE][PASSED] - Text 'Payment method successfully modified' is present on page  using regular expression

2023-09-20 21:45:16 - [TEST_STEP][PASSED] - verifyTextPresent(nicknameMod, true): Text 'Ross PS Mod' is present on page  using regular expression

2023-09-20 21:45:16 - [MESSAGE][PASSED] - Text 'Ross PS Mod' is present on page  using regular expression

2023-09-20 21:45:16 - [TEST_STEP][PASSED] - click(findTestObject(path_ViewProfile + "a_DeleteACH2")): Object: 'Object Repository/AdminSuiteBootstrap_Pages/VSP_Bootstrap/View Profile/a_DeleteACH2' is clicked on

2023-09-20 21:45:17 - [MESSAGE][PASSED] - Object: 'Object Repository/AdminSuiteBootstrap_Pages/VSP_Bootstrap/View Profile/a_DeleteACH2' is clicked on

2023-09-20 21:45:17 - [TEST_STEP][PASSED] - verifyTextPresent("Delete Bank Account Confirmation", true): Text 'Delete Bank Account Confirmation' is present on page  using regular expression

2023-09-20 21:45:18 - [MESSAGE][PASSED] - Text 'Delete Bank Account Confirmation' is present on page  using regular expression

2023-09-20 21:45:18 - [TEST_STEP][PASSED] - verifyTextPresent("This will delete the bank account. Are you sure you want to do this?", true): Text 'This will delete the bank account. Are you sure you want to do this?' is present on page  using regular expression

2023-09-20 21:45:18 - [MESSAGE][PASSED] - Text 'This will delete the bank account. Are you sure you want to do this?' is present on page  using regular expression

2023-09-20 21:45:18 - [TEST_STEP][PASSED] - click(findTestObject(path_ViewProfile + "button_DeleteACHConfirm")): Object: 'Object Repository/AdminSuiteBootstrap_Pages/VSP_Bootstrap/View Profile/button_DeleteACHConfirm' is clicked on

2023-09-20 21:45:19 - [MESSAGE][PASSED] - Object: 'Object Repository/AdminSuiteBootstrap_Pages/VSP_Bootstrap/View Profile/button_DeleteACHConfirm' is clicked on

2023-09-20 21:45:19 - [TEST_STEP][PASSED] - verifyTextPresent("Payment Method Deletion", true): Text 'Payment Method Deletion' is present on page  using regular expression

2023-09-20 21:45:20 - [MESSAGE][PASSED] - Text 'Payment Method Deletion' is present on page  using regular expression

2023-09-20 21:45:20 - [TEST_STEP][PASSED] - verifyTextPresent("Payment method was successfully deleted.", true): Text 'Payment method was successfully deleted.' is present on page  using regular expression

2023-09-20 21:45:20 - [MESSAGE][PASSED] - Text 'Payment method was successfully deleted.' is present on page  using regular expression

2023-09-20 21:45:20 - [TEST_STEP][PASSED] - click(findTestObject(path_ViewProfile + "a_Delete Profile")): Object: 'Object Repository/AdminSuiteBootstrap_Pages/VSP_Bootstrap/View Profile/a_Delete Profile' is clicked on

2023-09-20 21:45:21 - [MESSAGE][PASSED] - Object: 'Object Repository/AdminSuiteBootstrap_Pages/VSP_Bootstrap/View Profile/a_Delete Profile' is clicked on

2023-09-20 21:45:21 - [TEST_STEP][PASSED] - verifyTextPresent("This will delete all of the following information. Are you sure you want to do this?", true): Text 'This will delete all of the following information. Are you sure you want to do this?' is present on page  using regular expression

2023-09-20 21:45:21 - [MESSAGE][PASSED] - Text 'This will delete all of the following information. Are you sure you want to do this?' is present on page  using regular expression

2023-09-20 21:45:21 - [TEST_STEP][PASSED] - click(findTestObject(path_DeleteProfileConfirm + "button_Delete")): Object: 'Object Repository/AdminSuiteBootstrap_Pages/VSP_Bootstrap/DeleteProfileConfirm/button_Delete' is clicked on

2023-09-20 21:45:22 - [MESSAGE][PASSED] - Object: 'Object Repository/AdminSuiteBootstrap_Pages/VSP_Bootstrap/DeleteProfileConfirm/button_Delete' is clicked on

2023-09-20 21:45:22 - [TEST_STEP][PASSED] - verifyTextPresent("No Search String", true): Text 'No Search String' is present on page  using regular expression

2023-09-20 21:45:23 - [MESSAGE][PASSED] - Text 'No Search String' is present on page  using regular expression

2023-09-20 21:45:23 - [TEST_STEP][PASSED] - verifyTextPresent("You must provide a search string of at least 2 characters", true): Text 'You must provide a search string of at least 2 characters' is present on page  using regular expression

2023-09-20 21:45:23 - [MESSAGE][PASSED] - Text 'You must provide a search string of at least 2 characters' is present on page  using regular expression

2023-09-20 21:45:23 - [TEST_STEP][PASSED] - closeBrowser(): Browser is closed

2023-09-20 21:45:24 - [MESSAGE][PASSED] - Browser is closed

2023-09-20 21:45:24 - [TEST_STEP][PASSED] - ExecuteTC = findTestData(dataFile).getValue("Execute", row): null

2023-09-20 21:45:24 - [TEST_STEP][PASSED] - out.println("Value of Execute is : " + ExecuteTC): null

2023-09-20 21:45:24 - [TEST_STEP][PASSED] - switch (executionProfile): null

2023-09-20 21:45:24 - [TEST_STEP][PASSED] - case "QA2Profile":: null

2023-09-20 21:45:24 - [TEST_STEP][PASSED] - appName = findTestData(dataFile).getValue("AppNameQA", row): null

2023-09-20 21:45:24 - [TEST_STEP][PASSED] - appID = findTestData(dataFile).getValue("AppIDQA", row): null

2023-09-20 21:45:24 - [TEST_STEP][PASSED] - break: null

2023-09-20 21:45:24 - [TEST_STEP][PASSED] - if (ExecuteTC.equalsIgnoreCase("Y")): Browser is closed

2023-09-20 21:45:24 - [TEST_STEP][PASSED] - out.println("Begin Record Number: " + row): null

2023-09-20 21:45:24 - [TEST_STEP][PASSED] - today = new java.util.Date(): null

2023-09-20 21:45:24 - [TEST_STEP][PASSED] - println(today): null

2023-09-20 21:45:24 - [TEST_STEP][PASSED] - datText = today: null

2023-09-20 21:45:24 - [TEST_STEP][PASSED] - adminSuiteBootstrap.loginFunctionality.login_AdminSuite(): adminSuiteBootstrap.loginFunctionality.login_AdminSuite is PASSED

2023-09-20 21:45:24 - [MESSAGE][INFO] - Starting 'Chrome' driver

2023-09-20 21:45:24 - [MESSAGE][INFO] - User set preference: ['acceptInsecureCerts', 'true']

2023-09-20 21:45:24 - [MESSAGE][INFO] - Action delay is set to 0 milliseconds

2023-09-20 21:45:27 - [MESSAGE][PASSED] - Browser is opened with url: 'https://qa2.velocitypayment.com/admin/imtiaz'

2023-09-20 21:45:28 - [MESSAGE][PASSED] - Current window maximized

2023-09-20 21:45:28 - [MESSAGE][PASSED] - Object 'Object Repository/Login_Page/Login_Username_Okta' is present

2023-09-20 21:45:29 - [MESSAGE][PASSED] - Text 'iahmed' is set on object 'Object Repository/Login_Page/Login_Username_Okta'

2023-09-20 21:45:30 - [MESSAGE][PASSED] - Text 'Hello1111111@' is set on object 'Object Repository/Login_Page/Login_Password_Okta'

2023-09-20 21:45:30 - [MESSAGE][PASSED] - Object: 'Object Repository/Login_Page/Login_Submit_Okta' is clicked on

2023-09-20 21:45:30 - [MESSAGE][PASSED] - adminSuiteBootstrap.loginFunctionality.login_AdminSuite is PASSED

2023-09-20 21:45:30 - [TEST_STEP][PASSED] - click(findTestObject(path_Dashboard + appName)): Object: 'Object Repository/AdminSuiteBootstrap_Pages/Dashboard_Bootstrap/a_Access AutoNoCFtp' is clicked on

2023-09-20 21:45:37 - [MESSAGE][PASSED] - Object: 'Object Repository/AdminSuiteBootstrap_Pages/Dashboard_Bootstrap/a_Access AutoNoCFtp' is clicked on

2023-09-20 21:45:37 - [TEST_STEP][PASSED] - click(findTestObject(path_VT + "a_Create")): Object: 'Object Repository/AdminSuiteBootstrap_Pages/VT_Bootstrap/IssueTransactions/a_Create' is clicked on

2023-09-20 21:45:38 - [MESSAGE][PASSED] - Object: 'Object Repository/AdminSuiteBootstrap_Pages/VT_Bootstrap/IssueTransactions/a_Create' is clicked on

2023-09-20 21:45:38 - [TEST_STEP][PASSED] - vspBootstrap.CreateProfilePage.setDataONLYCreateProfile(row, dataFile): vspBootstrap.CreateProfilePage.setDataONLYCreateProfile is PASSED

2023-09-20 21:45:40 - [MESSAGE][PASSED] - Text '21054' is set on object 'Object Repository/AdminSuiteBootstrap_Pages/VSP_Bootstrap/CreateProfile/input_PostalCode'

2023-09-20 21:45:41 - [MESSAGE][PASSED] - Text 'GNNAcGLvU0zi' is set on object 'Object Repository/AdminSuiteBootstrap_Pages/VSP_Bootstrap/CreateProfile/input_profileName'

2023-09-20 21:45:42 - [MESSAGE][PASSED] - Text 'Delta Corp' is set on object 'Object Repository/AdminSuiteBootstrap_Pages/VSP_Bootstrap/CreateProfile/input_CompanyName'

2023-09-20 21:45:43 - [MESSAGE][PASSED] - All options with label 'Mr.' are selected in object 'Object Repository/AdminSuiteBootstrap_Pages/VSP_Bootstrap/CreateProfile/select_Title'  using regular expression

2023-09-20 21:45:44 - [MESSAGE][PASSED] - Text 'Ross' is set on object 'Object Repository/AdminSuiteBootstrap_Pages/VSP_Bootstrap/CreateProfile/input_FirstName'

2023-09-20 21:45:44 - [MESSAGE][PASSED] - Text 'KT' is set on object 'Object Repository/AdminSuiteBootstrap_Pages/VSP_Bootstrap/CreateProfile/input_MiddleName'

2023-09-20 21:45:45 - [MESSAGE][PASSED] - Text 'Evan' is set on object 'Object Repository/AdminSuiteBootstrap_Pages/VSP_Bootstrap/CreateProfile/input_LastName'

2023-09-20 21:45:46 - [MESSAGE][PASSED] - All options with label 'Sr.' are selected in object 'Object Repository/AdminSuiteBootstrap_Pages/VSP_Bootstrap/CreateProfile/select_Suffix'  using regular expression

2023-09-20 21:45:47 - [MESSAGE][PASSED] - Text '256987 Nolm Ct' is set on object 'Object Repository/AdminSuiteBootstrap_Pages/VSP_Bootstrap/CreateProfile/input_address1'

2023-09-20 21:45:47 - [MESSAGE][PASSED] - Text 'Suite 678' is set on object 'Object Repository/AdminSuiteBootstrap_Pages/VSP_Bootstrap/CreateProfile/input_AddressLine2'

2023-09-20 21:45:48 - [MESSAGE][PASSED] - Text '1234' is set on object 'Object Repository/AdminSuiteBootstrap_Pages/VSP_Bootstrap/CreateProfile/input_PostalCodeExt'

2023-09-20 21:45:49 - [MESSAGE][PASSED] - Text 'iahmed@govolution.com' is set on object 'Object Repository/AdminSuiteBootstrap_Pages/VSP_Bootstrap/CreateProfile/input_EmaiAddress'

2023-09-20 21:45:49 - [MESSAGE][PASSED] - Text '240' is set on object 'Object Repository/AdminSuiteBootstrap_Pages/VSP_Bootstrap/CreateProfile/input_HomePhoneNumber_HomeAreaCode'

2023-09-20 21:45:50 - [MESSAGE][PASSED] - Text '628' is set on object 'Object Repository/AdminSuiteBootstrap_Pages/VSP_Bootstrap/CreateProfile/input_homePrefixNumber'

2023-09-20 21:45:51 - [MESSAGE][PASSED] - Text '0790' is set on object 'Object Repository/AdminSuiteBootstrap_Pages/VSP_Bootstrap/CreateProfile/input_homeSuffixNumber'

2023-09-20 21:45:51 - [MESSAGE][PASSED] - Text '240' is set on object 'Object Repository/AdminSuiteBootstrap_Pages/VSP_Bootstrap/CreateProfile/input_MobilePhoneNumber_mobileAreaCode'

2023-09-20 21:45:52 - [MESSAGE][PASSED] - Text '628' is set on object 'Object Repository/AdminSuiteBootstrap_Pages/VSP_Bootstrap/CreateProfile/input_mobilePrefixNumber'

2023-09-20 21:45:53 - [MESSAGE][PASSED] - Text '0791' is set on object 'Object Repository/AdminSuiteBootstrap_Pages/VSP_Bootstrap/CreateProfile/input_mobileSuffixNumber'

2023-09-20 21:45:53 - [MESSAGE][PASSED] - Text '410' is set on object 'Object Repository/AdminSuiteBootstrap_Pages/VSP_Bootstrap/CreateProfile/input_WorkPhoneNumber_workAreaCode'

2023-09-20 21:45:54 - [MESSAGE][PASSED] - Text '628' is set on object 'Object Repository/AdminSuiteBootstrap_Pages/VSP_Bootstrap/CreateProfile/input_workPrefixNumber'

2023-09-20 21:45:55 - [MESSAGE][PASSED] - Text '0792' is set on object 'Object Repository/AdminSuiteBootstrap_Pages/VSP_Bootstrap/CreateProfile/input_workSuffixNumber'

2023-09-20 21:45:55 - [MESSAGE][PASSED] - Text '123' is set on object 'Object Repository/AdminSuiteBootstrap_Pages/VSP_Bootstrap/CreateProfile/input_Ext_workExtension'

2023-09-20 21:45:56 - [MESSAGE][PASSED] - Text 'This Profile is for Add ACH' is set on object 'Object Repository/AdminSuiteBootstrap_Pages/VSP_Bootstrap/CreateProfile/textarea_NotesComments_note'

2023-09-20 21:45:56 - [MESSAGE][PASSED] - vspBootstrap.CreateProfilePage.setDataONLYCreateProfile is PASSED

2023-09-20 21:45:56 - [TEST_STEP][PASSED] - click(findTestObject(path_CreateProfile + "button_Save  Add ACH")): Object: 'Object Repository/AdminSuiteBootstrap_Pages/VSP_Bootstrap/CreateProfile/button_Save  Add ACH' is clicked on

2023-09-20 21:45:57 - [MESSAGE][PASSED] - Object: 'Object Repository/AdminSuiteBootstrap_Pages/VSP_Bootstrap/CreateProfile/button_Save  Add ACH' is clicked on

2023-09-20 21:45:57 - [TEST_STEP][PASSED] - verifyTextPresent("Profile successfully created", true): Text 'Profile successfully created' is present on page  using regular expression

2023-09-20 21:45:58 - [MESSAGE][PASSED] - Text 'Profile successfully created' is present on page  using regular expression

2023-09-20 21:45:58 - [TEST_STEP][PASSED] - vspBootstrap.AddACHPage.setDataAddACH(row, dataFile): vspBootstrap.AddACHPage.setDataAddACH is PASSED

2023-09-20 21:45:59 - [MESSAGE][PASSED] - Text '256072691' is set on object 'Object Repository/AdminSuiteBootstrap_Pages/VSP_Bootstrap/AddACH/input_routingTransitNumber'

2023-09-20 21:46:00 - [MESSAGE][PASSED] - All options with label 'Business Checking' are selected in object 'Object Repository/AdminSuiteBootstrap_Pages/VSP_Bootstrap/AddACH/select_PaymentType'  using regular expression

2023-09-20 21:46:01 - [MESSAGE][PASSED] - Text 'Ross Corp' is set on object 'Object Repository/AdminSuiteBootstrap_Pages/VSP_Bootstrap/AddACH/input_nickName'

2023-09-20 21:46:01 - [MESSAGE][PASSED] - Text '25874444' is set on object 'Object Repository/AdminSuiteBootstrap_Pages/VSP_Bootstrap/AddACH/input_accountNumber'

2023-09-20 21:46:03 - [MESSAGE][PASSED] - Object: 'Object Repository/AdminSuiteBootstrap_Pages/VSP_Bootstrap/AddACH/button_Create' is clicked on

2023-09-20 21:46:03 - [MESSAGE][PASSED] - vspBootstrap.AddACHPage.setDataAddACH is PASSED

2023-09-20 21:46:03 - [TEST_STEP][PASSED] - verifyTextPresent("Payment Method Created", true): Text 'Payment Method Created' is present on page  using regular expression

2023-09-20 21:46:03 - [MESSAGE][PASSED] - Text 'Payment Method Created' is present on page  using regular expression

2023-09-20 21:46:03 - [TEST_STEP][PASSED] - verifyTextPresent("Payment method creation successful", true): Text 'Payment method creation successful' is present on page  using regular expression

2023-09-20 21:46:04 - [MESSAGE][PASSED] - Text 'Payment method creation successful' is present on page  using regular expression

2023-09-20 21:46:04 - [TEST_STEP][PASSED] - click(findTestObject(path_ViewProfile + "a_Edit_ACH")): Object: 'Object Repository/AdminSuiteBootstrap_Pages/VSP_Bootstrap/View Profile/a_Edit_ACH' is clicked on

2023-09-20 21:46:04 - [MESSAGE][PASSED] - Object: 'Object Repository/AdminSuiteBootstrap_Pages/VSP_Bootstrap/View Profile/a_Edit_ACH' is clicked on

2023-09-20 21:46:04 - [TEST_STEP][PASSED] - nicknameMod = findTestData(dataFile).getValue("NicknameACHMod", row): null

2023-09-20 21:46:05 - [TEST_STEP][PASSED] - setText(findTestObject(path_ModifyACH + "input_nickName"), nicknameMod): Text 'Ross Corp Mod' is set on object 'Object Repository/AdminSuiteBootstrap_Pages/VSP_Bootstrap/ModifyACH/input_nickName'

2023-09-20 21:46:05 - [MESSAGE][PASSED] - Text 'Ross Corp Mod' is set on object 'Object Repository/AdminSuiteBootstrap_Pages/VSP_Bootstrap/ModifyACH/input_nickName'

2023-09-20 21:46:05 - [TEST_STEP][PASSED] - click(findTestObject(path_ModifyACH + "button_Modify")): Object: 'Object Repository/AdminSuiteBootstrap_Pages/VSP_Bootstrap/ModifyACH/button_Modify' is clicked on

2023-09-20 21:46:07 - [MESSAGE][PASSED] - Object: 'Object Repository/AdminSuiteBootstrap_Pages/VSP_Bootstrap/ModifyACH/button_Modify' is clicked on

2023-09-20 21:46:07 - [TEST_STEP][PASSED] - verifyTextPresent("Payment Method Modification", true): Text 'Payment Method Modification' is present on page  using regular expression

2023-09-20 21:46:07 - [MESSAGE][PASSED] - Text 'Payment Method Modification' is present on page  using regular expression

2023-09-20 21:46:07 - [TEST_STEP][PASSED] - verifyTextPresent("Payment method successfully modified", true): Text 'Payment method successfully modified' is present on page  using regular expression

2023-09-20 21:46:08 - [MESSAGE][PASSED] - Text 'Payment method successfully modified' is present on page  using regular expression

2023-09-20 21:46:08 - [TEST_STEP][PASSED] - verifyTextPresent(nicknameMod, true): Text 'Ross Corp Mod' is present on page  using regular expression

2023-09-20 21:46:08 - [MESSAGE][PASSED] - Text 'Ross Corp Mod' is present on page  using regular expression

2023-09-20 21:46:08 - [TEST_STEP][PASSED] - click(findTestObject(path_ViewProfile + "a_DeleteACH2")): Object: 'Object Repository/AdminSuiteBootstrap_Pages/VSP_Bootstrap/View Profile/a_DeleteACH2' is clicked on

2023-09-20 21:46:09 - [MESSAGE][PASSED] - Object: 'Object Repository/AdminSuiteBootstrap_Pages/VSP_Bootstrap/View Profile/a_DeleteACH2' is clicked on

2023-09-20 21:46:09 - [TEST_STEP][PASSED] - verifyTextPresent("Delete Bank Account Confirmation", true): Text 'Delete Bank Account Confirmation' is present on page  using regular expression

2023-09-20 21:46:09 - [MESSAGE][PASSED] - Text 'Delete Bank Account Confirmation' is present on page  using regular expression

2023-09-20 21:46:09 - [TEST_STEP][PASSED] - verifyTextPresent("This will delete the bank account. Are you sure you want to do this?", true): Text 'This will delete the bank account. Are you sure you want to do this?' is present on page  using regular expression

2023-09-20 21:46:10 - [MESSAGE][PASSED] - Text 'This will delete the bank account. Are you sure you want to do this?' is present on page  using regular expression

2023-09-20 21:46:10 - [TEST_STEP][PASSED] - click(findTestObject(path_ViewProfile + "button_DeleteACHConfirm")): Object: 'Object Repository/AdminSuiteBootstrap_Pages/VSP_Bootstrap/View Profile/button_DeleteACHConfirm' is clicked on

2023-09-20 21:46:11 - [MESSAGE][PASSED] - Object: 'Object Repository/AdminSuiteBootstrap_Pages/VSP_Bootstrap/View Profile/button_DeleteACHConfirm' is clicked on

2023-09-20 21:46:11 - [TEST_STEP][PASSED] - verifyTextPresent("Payment Method Deletion", true): Text 'Payment Method Deletion' is present on page  using regular expression

2023-09-20 21:46:11 - [MESSAGE][PASSED] - Text 'Payment Method Deletion' is present on page  using regular expression

2023-09-20 21:46:11 - [TEST_STEP][PASSED] - verifyTextPresent("Payment method was successfully deleted.", true): Text 'Payment method was successfully deleted.' is present on page  using regular expression

2023-09-20 21:46:12 - [MESSAGE][PASSED] - Text 'Payment method was successfully deleted.' is present on page  using regular expression

2023-09-20 21:46:12 - [TEST_STEP][PASSED] - click(findTestObject(path_ViewProfile + "a_Delete Profile")): Object: 'Object Repository/AdminSuiteBootstrap_Pages/VSP_Bootstrap/View Profile/a_Delete Profile' is clicked on

2023-09-20 21:46:12 - [MESSAGE][PASSED] - Object: 'Object Repository/AdminSuiteBootstrap_Pages/VSP_Bootstrap/View Profile/a_Delete Profile' is clicked on

2023-09-20 21:46:12 - [TEST_STEP][PASSED] - verifyTextPresent("This will delete all of the following information. Are you sure you want to do this?", true): Text 'This will delete all of the following information. Are you sure you want to do this?' is present on page  using regular expression

2023-09-20 21:46:13 - [MESSAGE][PASSED] - Text 'This will delete all of the following information. Are you sure you want to do this?' is present on page  using regular expression

2023-09-20 21:46:13 - [TEST_STEP][PASSED] - click(findTestObject(path_DeleteProfileConfirm + "button_Delete")): Object: 'Object Repository/AdminSuiteBootstrap_Pages/VSP_Bootstrap/DeleteProfileConfirm/button_Delete' is clicked on

2023-09-20 21:46:14 - [MESSAGE][PASSED] - Object: 'Object Repository/AdminSuiteBootstrap_Pages/VSP_Bootstrap/DeleteProfileConfirm/button_Delete' is clicked on

2023-09-20 21:46:14 - [TEST_STEP][PASSED] - verifyTextPresent("No Search String", true): Text 'No Search String' is present on page  using regular expression

2023-09-20 21:46:14 - [MESSAGE][PASSED] - Text 'No Search String' is present on page  using regular expression

2023-09-20 21:46:14 - [TEST_STEP][PASSED] - verifyTextPresent("You must provide a search string of at least 2 characters", true): Text 'You must provide a search string of at least 2 characters' is present on page  using regular expression

2023-09-20 21:46:15 - [MESSAGE][PASSED] - Text 'You must provide a search string of at least 2 characters' is present on page  using regular expression

2023-09-20 21:46:15 - [TEST_STEP][PASSED] - closeBrowser(): Browser is closed

2023-09-20 21:46:16 - [MESSAGE][PASSED] - Browser is closed]]></system-out>
         <system-err><![CDATA[]]></system-err>
      </testcase>
      <testcase name="Test Cases/Admin Suite Bootstrap/VSP_Profile_TestCases/AddModifyDeleteACH2_Generic_TC" time="160.144" classname="Test Cases/Admin Suite Bootstrap/VSP_Profile_TestCases/AddModifyDeleteACH2_Generic_TC" status="PASSED">
         <system-out><![CDATA[2023-09-20 21:46:16 - [TEST_CASE][PASSED] - Test Cases/Admin Suite Bootstrap/VSP_Profile_TestCases/AddModifyDeleteACH2_Generic_TC: Test Cases/Admin Suite Bootstrap/VSP_Profile_TestCases/AddModifyDeleteACH2_Generic_TC

2023-09-20 21:46:16 - [TEST_STEP][PASSED] - path_Dashboard = "Object Repository/AdminSuiteBootstrap_Pages/Dashboard_Bootstrap/": null

2023-09-20 21:46:16 - [TEST_STEP][PASSED] - path_VT = "Object Repository/AdminSuiteBootstrap_Pages/VT_Bootstrap/IssueTransactions/": null

2023-09-20 21:46:16 - [TEST_STEP][PASSED] - path_CreateProfile = "Object Repository/AdminSuiteBootstrap_Pages/VSP_Bootstrap/CreateProfile/": null

2023-09-20 21:46:16 - [TEST_STEP][PASSED] - path_AddAccount = "Object Repository/AdminSuiteBootstrap_Pages/VSP_Bootstrap/AddAccount/": null

2023-09-20 21:46:16 - [TEST_STEP][PASSED] - path_Add_ACH = "Object Repository/AdminSuiteBootstrap_Pages/VSP_Bootstrap/AddACH/": null

2023-09-20 21:46:16 - [TEST_STEP][PASSED] - path_Add_CC = "Object Repository/AdminSuiteBootstrap_Pages/VSP_Bootstrap/AddCreditCard/": null

2023-09-20 21:46:16 - [TEST_STEP][PASSED] - path_App_Plan = "Object Repository/AdminSuiteBootstrap_Pages/VSP_Bootstrap/AddPaymentPlan/": null

2023-09-20 21:46:16 - [TEST_STEP][PASSED] - path_DeleteProfile = "Object Repository/AdminSuiteBootstrap_Pages/VSP_Bootstrap/DeleteProfile/": null

2023-09-20 21:46:16 - [TEST_STEP][PASSED] - path_ModifyProfile = "Object Repository/AdminSuiteBootstrap_Pages/VSP_Bootstrap/ModifyProfile/": null

2023-09-20 21:46:16 - [TEST_STEP][PASSED] - path_ViewProfile = "Object Repository/AdminSuiteBootstrap_Pages/VSP_Bootstrap/View Profile/": null

2023-09-20 21:46:16 - [TEST_STEP][PASSED] - path_VSPAuth = "Object Repository/AdminSuiteBootstrap_Pages/VSP_Bootstrap/VSP_Auth/": null

2023-09-20 21:46:16 - [TEST_STEP][PASSED] - path_VSPAuthCap = "Object Repository/AdminSuiteBootstrap_Pages/VSP_Bootstrap/VSP_Authcap/": null

2023-09-20 21:46:16 - [TEST_STEP][PASSED] - path_Debit = "Object Repository/AdminSuiteBootstrap_Pages/VSP_Bootstrap/VSP_Debit/": null

2023-09-20 21:46:16 - [TEST_STEP][PASSED] - path_DeleteProfileConfirm = "Object Repository/AdminSuiteBootstrap_Pages/VSP_Bootstrap/DeleteProfileConfirm/": null

2023-09-20 21:46:16 - [TEST_STEP][PASSED] - path_ModifyACH = "Object Repository/AdminSuiteBootstrap_Pages/VSP_Bootstrap/ModifyACH/": null

2023-09-20 21:46:16 - [TEST_STEP][PASSED] - executionProfile = getExecutionProfile(): null

2023-09-20 21:46:16 - [TEST_STEP][PASSED] - out.println("executionProfile : " + executionProfile): null

2023-09-20 21:46:16 - [TEST_STEP][PASSED] - appName = <not implemented yet for class: org.codehaus.groovy.ast.expr.EmptyExpression>: null

2023-09-20 21:46:16 - [TEST_STEP][PASSED] - appID = <not implemented yet for class: org.codehaus.groovy.ast.expr.EmptyExpression>: null

2023-09-20 21:46:16 - [TEST_STEP][PASSED] - cardNameV = <not implemented yet for class: org.codehaus.groovy.ast.expr.EmptyExpression>: null

2023-09-20 21:46:16 - [TEST_STEP][PASSED] - al1V = <not implemented yet for class: org.codehaus.groovy.ast.expr.EmptyExpression>: null

2023-09-20 21:46:16 - [TEST_STEP][PASSED] - al2V = <not implemented yet for class: org.codehaus.groovy.ast.expr.EmptyExpression>: null

2023-09-20 21:46:16 - [TEST_STEP][PASSED] - zipV = <not implemented yet for class: org.codehaus.groovy.ast.expr.EmptyExpression>: null

2023-09-20 21:46:16 - [TEST_STEP][PASSED] - cardTypeV = <not implemented yet for class: org.codehaus.groovy.ast.expr.EmptyExpression>: null

2023-09-20 21:46:16 - [TEST_STEP][PASSED] - last4V = <not implemented yet for class: org.codehaus.groovy.ast.expr.EmptyExpression>: null

2023-09-20 21:46:16 - [TEST_STEP][PASSED] - nameSheet = "AddModifyDeleteACH": null

2023-09-20 21:46:16 - [TEST_STEP][PASSED] - numOfRows = findTestData("QA/Bootstrap/VSP-Profile-TestData/AddModifyDeleteACH").getRowNumbers(): null

2023-09-20 21:46:16 - [TEST_STEP][PASSED] - println("Number of Records: " + numOfRows): null

2023-09-20 21:46:16 - [TEST_STEP][PASSED] - dataFile = "QA/Bootstrap/VSP-Profile-TestData/AddModifyDeleteACH": null

2023-09-20 21:46:16 - [TEST_STEP][PASSED] - for ([row = 1, row <= numOfRows, (row++)]): Browser is closed

2023-09-20 21:46:16 - [TEST_STEP][PASSED] - ExecuteTC = findTestData(dataFile).getValue("Execute", row): null

2023-09-20 21:46:16 - [TEST_STEP][PASSED] - out.println("Value of Execute is : " + ExecuteTC): null

2023-09-20 21:46:16 - [TEST_STEP][PASSED] - switch (executionProfile): null

2023-09-20 21:46:16 - [TEST_STEP][PASSED] - case "QA2Profile":: null

2023-09-20 21:46:16 - [TEST_STEP][PASSED] - appName = findTestData(dataFile).getValue("AppNameQA", row): null

2023-09-20 21:46:16 - [TEST_STEP][PASSED] - appID = findTestData(dataFile).getValue("AppIDQA", row): null

2023-09-20 21:46:16 - [TEST_STEP][PASSED] - break: null

2023-09-20 21:46:16 - [TEST_STEP][PASSED] - if (ExecuteTC.equalsIgnoreCase("Y")): Browser is closed

2023-09-20 21:46:16 - [TEST_STEP][PASSED] - out.println("Begin Record Number: " + row): null

2023-09-20 21:46:16 - [TEST_STEP][PASSED] - today = new java.util.Date(): null

2023-09-20 21:46:16 - [TEST_STEP][PASSED] - println(today): null

2023-09-20 21:46:16 - [TEST_STEP][PASSED] - datText = today: null

2023-09-20 21:46:16 - [TEST_STEP][PASSED] - adminSuiteBootstrap.loginFunctionality.login_AdminSuite(): adminSuiteBootstrap.loginFunctionality.login_AdminSuite is PASSED

2023-09-20 21:46:16 - [MESSAGE][INFO] - Starting 'Chrome' driver

2023-09-20 21:46:16 - [MESSAGE][INFO] - User set preference: ['acceptInsecureCerts', 'true']

2023-09-20 21:46:16 - [MESSAGE][INFO] - Action delay is set to 0 milliseconds

2023-09-20 21:46:19 - [MESSAGE][PASSED] - Browser is opened with url: 'https://qa2.velocitypayment.com/admin/imtiaz'

2023-09-20 21:46:19 - [MESSAGE][PASSED] - Current window maximized

2023-09-20 21:46:20 - [MESSAGE][PASSED] - Object 'Object Repository/Login_Page/Login_Username_Okta' is present

2023-09-20 21:46:20 - [MESSAGE][PASSED] - Text 'iahmed' is set on object 'Object Repository/Login_Page/Login_Username_Okta'

2023-09-20 21:46:21 - [MESSAGE][PASSED] - Text 'Hello1111111@' is set on object 'Object Repository/Login_Page/Login_Password_Okta'

2023-09-20 21:46:22 - [MESSAGE][PASSED] - Object: 'Object Repository/Login_Page/Login_Submit_Okta' is clicked on

2023-09-20 21:46:22 - [MESSAGE][PASSED] - adminSuiteBootstrap.loginFunctionality.login_AdminSuite is PASSED

2023-09-20 21:46:22 - [TEST_STEP][PASSED] - click(findTestObject(path_Dashboard + appName)): Object: 'Object Repository/AdminSuiteBootstrap_Pages/Dashboard_Bootstrap/a_Access AutoNoCFtp' is clicked on

2023-09-20 21:46:30 - [MESSAGE][PASSED] - Object: 'Object Repository/AdminSuiteBootstrap_Pages/Dashboard_Bootstrap/a_Access AutoNoCFtp' is clicked on

2023-09-20 21:46:30 - [TEST_STEP][PASSED] - click(findTestObject(path_VT + "a_Create")): Object: 'Object Repository/AdminSuiteBootstrap_Pages/VT_Bootstrap/IssueTransactions/a_Create' is clicked on

2023-09-20 21:46:31 - [MESSAGE][PASSED] - Object: 'Object Repository/AdminSuiteBootstrap_Pages/VT_Bootstrap/IssueTransactions/a_Create' is clicked on

2023-09-20 21:46:31 - [TEST_STEP][PASSED] - vspBootstrap.CreateProfilePage.setDataCreateProfile(row, dataFile): vspBootstrap.CreateProfilePage.setDataCreateProfile is PASSED

2023-09-20 21:46:33 - [MESSAGE][PASSED] - Text '21054' is set on object 'Object Repository/AdminSuiteBootstrap_Pages/VSP_Bootstrap/CreateProfile/input_PostalCode'

2023-09-20 21:46:34 - [MESSAGE][PASSED] - Text 'jPQeeP7Ji6fB' is set on object 'Object Repository/AdminSuiteBootstrap_Pages/VSP_Bootstrap/CreateProfile/input_profileName'

2023-09-20 21:46:34 - [MESSAGE][PASSED] - Text 'Delta Corp' is set on object 'Object Repository/AdminSuiteBootstrap_Pages/VSP_Bootstrap/CreateProfile/input_CompanyName'

2023-09-20 21:46:35 - [MESSAGE][PASSED] - All options with label 'Mr.' are selected in object 'Object Repository/AdminSuiteBootstrap_Pages/VSP_Bootstrap/CreateProfile/select_Title'  using regular expression

2023-09-20 21:46:36 - [MESSAGE][PASSED] - Text 'Ross' is set on object 'Object Repository/AdminSuiteBootstrap_Pages/VSP_Bootstrap/CreateProfile/input_FirstName'

2023-09-20 21:46:36 - [MESSAGE][PASSED] - Text 'KT' is set on object 'Object Repository/AdminSuiteBootstrap_Pages/VSP_Bootstrap/CreateProfile/input_MiddleName'

2023-09-20 21:46:37 - [MESSAGE][PASSED] - Text 'Evan' is set on object 'Object Repository/AdminSuiteBootstrap_Pages/VSP_Bootstrap/CreateProfile/input_LastName'

2023-09-20 21:46:38 - [MESSAGE][PASSED] - All options with label 'Sr.' are selected in object 'Object Repository/AdminSuiteBootstrap_Pages/VSP_Bootstrap/CreateProfile/select_Suffix'  using regular expression

2023-09-20 21:46:39 - [MESSAGE][PASSED] - Text '256987 Nolm Ct' is set on object 'Object Repository/AdminSuiteBootstrap_Pages/VSP_Bootstrap/CreateProfile/input_address1'

2023-09-20 21:46:40 - [MESSAGE][PASSED] - Text 'Suite 678' is set on object 'Object Repository/AdminSuiteBootstrap_Pages/VSP_Bootstrap/CreateProfile/input_AddressLine2'

2023-09-20 21:46:40 - [MESSAGE][PASSED] - Text '1234' is set on object 'Object Repository/AdminSuiteBootstrap_Pages/VSP_Bootstrap/CreateProfile/input_PostalCodeExt'

2023-09-20 21:46:41 - [MESSAGE][PASSED] - Text 'iahmed@govolution.com' is set on object 'Object Repository/AdminSuiteBootstrap_Pages/VSP_Bootstrap/CreateProfile/input_EmaiAddress'

2023-09-20 21:46:42 - [MESSAGE][PASSED] - Text '240' is set on object 'Object Repository/AdminSuiteBootstrap_Pages/VSP_Bootstrap/CreateProfile/input_HomePhoneNumber_HomeAreaCode'

2023-09-20 21:46:42 - [MESSAGE][PASSED] - Text '628' is set on object 'Object Repository/AdminSuiteBootstrap_Pages/VSP_Bootstrap/CreateProfile/input_homePrefixNumber'

2023-09-20 21:46:43 - [MESSAGE][PASSED] - Text '0790' is set on object 'Object Repository/AdminSuiteBootstrap_Pages/VSP_Bootstrap/CreateProfile/input_homeSuffixNumber'

2023-09-20 21:46:44 - [MESSAGE][PASSED] - Text '240' is set on object 'Object Repository/AdminSuiteBootstrap_Pages/VSP_Bootstrap/CreateProfile/input_MobilePhoneNumber_mobileAreaCode'

2023-09-20 21:46:44 - [MESSAGE][PASSED] - Text '628' is set on object 'Object Repository/AdminSuiteBootstrap_Pages/VSP_Bootstrap/CreateProfile/input_mobilePrefixNumber'

2023-09-20 21:46:45 - [MESSAGE][PASSED] - Text '0791' is set on object 'Object Repository/AdminSuiteBootstrap_Pages/VSP_Bootstrap/CreateProfile/input_mobileSuffixNumber'

2023-09-20 21:46:46 - [MESSAGE][PASSED] - Text '410' is set on object 'Object Repository/AdminSuiteBootstrap_Pages/VSP_Bootstrap/CreateProfile/input_WorkPhoneNumber_workAreaCode'

2023-09-20 21:46:46 - [MESSAGE][PASSED] - Text '628' is set on object 'Object Repository/AdminSuiteBootstrap_Pages/VSP_Bootstrap/CreateProfile/input_workPrefixNumber'

2023-09-20 21:46:47 - [MESSAGE][PASSED] - Text '0792' is set on object 'Object Repository/AdminSuiteBootstrap_Pages/VSP_Bootstrap/CreateProfile/input_workSuffixNumber'

2023-09-20 21:46:48 - [MESSAGE][PASSED] - Text '123' is set on object 'Object Repository/AdminSuiteBootstrap_Pages/VSP_Bootstrap/CreateProfile/input_Ext_workExtension'

2023-09-20 21:46:48 - [MESSAGE][PASSED] - Text 'This Profile is for Add ACH' is set on object 'Object Repository/AdminSuiteBootstrap_Pages/VSP_Bootstrap/CreateProfile/textarea_NotesComments_note'

2023-09-20 21:46:50 - [MESSAGE][PASSED] - Object: 'Object Repository/AdminSuiteBootstrap_Pages/VSP_Bootstrap/CreateProfile/button_Save' is clicked on

2023-09-20 21:46:50 - [MESSAGE][PASSED] - vspBootstrap.CreateProfilePage.setDataCreateProfile is PASSED

2023-09-20 21:46:50 - [TEST_STEP][PASSED] - verifyTextPresent("Profile successfully created", true): Text 'Profile successfully created' is present on page  using regular expression

2023-09-20 21:46:50 - [MESSAGE][PASSED] - Text 'Profile successfully created' is present on page  using regular expression

2023-09-20 21:46:50 - [TEST_STEP][PASSED] - click(findTestObject(path_ViewProfile + "button_Add ACH")): Object: 'Object Repository/AdminSuiteBootstrap_Pages/VSP_Bootstrap/View Profile/button_Add ACH' is clicked on

2023-09-20 21:46:51 - [MESSAGE][PASSED] - Object: 'Object Repository/AdminSuiteBootstrap_Pages/VSP_Bootstrap/View Profile/button_Add ACH' is clicked on

2023-09-20 21:46:51 - [TEST_STEP][PASSED] - vspBootstrap.AddACHPage.setDataAddACH(row, dataFile): vspBootstrap.AddACHPage.setDataAddACH is PASSED

2023-09-20 21:46:52 - [MESSAGE][PASSED] - Text '256072691' is set on object 'Object Repository/AdminSuiteBootstrap_Pages/VSP_Bootstrap/AddACH/input_routingTransitNumber'

2023-09-20 21:46:53 - [MESSAGE][PASSED] - All options with label 'Personal Checking' are selected in object 'Object Repository/AdminSuiteBootstrap_Pages/VSP_Bootstrap/AddACH/select_PaymentType'  using regular expression

2023-09-20 21:46:54 - [MESSAGE][PASSED] - Text 'Ross PC' is set on object 'Object Repository/AdminSuiteBootstrap_Pages/VSP_Bootstrap/AddACH/input_nickName'

2023-09-20 21:46:55 - [MESSAGE][PASSED] - Text '25872222' is set on object 'Object Repository/AdminSuiteBootstrap_Pages/VSP_Bootstrap/AddACH/input_accountNumber'

2023-09-20 21:46:56 - [MESSAGE][PASSED] - Object: 'Object Repository/AdminSuiteBootstrap_Pages/VSP_Bootstrap/AddACH/button_Create' is clicked on

2023-09-20 21:46:56 - [MESSAGE][PASSED] - vspBootstrap.AddACHPage.setDataAddACH is PASSED

2023-09-20 21:46:56 - [TEST_STEP][PASSED] - verifyTextPresent("Payment Method Created", true): Text 'Payment Method Created' is present on page  using regular expression

2023-09-20 21:46:56 - [MESSAGE][PASSED] - Text 'Payment Method Created' is present on page  using regular expression

2023-09-20 21:46:56 - [TEST_STEP][PASSED] - verifyTextPresent("Payment method creation successful", true): Text 'Payment method creation successful' is present on page  using regular expression

2023-09-20 21:46:57 - [MESSAGE][PASSED] - Text 'Payment method creation successful' is present on page  using regular expression

2023-09-20 21:46:57 - [TEST_STEP][PASSED] - click(findTestObject(path_ViewProfile + "a_Edit_ACH")): Object: 'Object Repository/AdminSuiteBootstrap_Pages/VSP_Bootstrap/View Profile/a_Edit_ACH' is clicked on

2023-09-20 21:46:58 - [MESSAGE][PASSED] - Object: 'Object Repository/AdminSuiteBootstrap_Pages/VSP_Bootstrap/View Profile/a_Edit_ACH' is clicked on

2023-09-20 21:46:58 - [TEST_STEP][PASSED] - nicknameMod = findTestData(dataFile).getValue("NicknameACHMod", row): null

2023-09-20 21:46:58 - [TEST_STEP][PASSED] - setText(findTestObject(path_ModifyACH + "input_nickName"), nicknameMod): Text 'Ross PC Mod' is set on object 'Object Repository/AdminSuiteBootstrap_Pages/VSP_Bootstrap/ModifyACH/input_nickName'

2023-09-20 21:46:59 - [MESSAGE][PASSED] - Text 'Ross PC Mod' is set on object 'Object Repository/AdminSuiteBootstrap_Pages/VSP_Bootstrap/ModifyACH/input_nickName'

2023-09-20 21:46:59 - [TEST_STEP][PASSED] - click(findTestObject(path_ModifyACH + "button_Modify")): Object: 'Object Repository/AdminSuiteBootstrap_Pages/VSP_Bootstrap/ModifyACH/button_Modify' is clicked on

2023-09-20 21:47:00 - [MESSAGE][PASSED] - Object: 'Object Repository/AdminSuiteBootstrap_Pages/VSP_Bootstrap/ModifyACH/button_Modify' is clicked on

2023-09-20 21:47:00 - [TEST_STEP][PASSED] - verifyTextPresent("Payment Method Modification", true): Text 'Payment Method Modification' is present on page  using regular expression

2023-09-20 21:47:00 - [MESSAGE][PASSED] - Text 'Payment Method Modification' is present on page  using regular expression

2023-09-20 21:47:00 - [TEST_STEP][PASSED] - verifyTextPresent("Payment method successfully modified", true): Text 'Payment method successfully modified' is present on page  using regular expression

2023-09-20 21:47:01 - [MESSAGE][PASSED] - Text 'Payment method successfully modified' is present on page  using regular expression

2023-09-20 21:47:01 - [TEST_STEP][PASSED] - verifyTextPresent(nicknameMod, true): Text 'Ross PC Mod' is present on page  using regular expression

2023-09-20 21:47:01 - [MESSAGE][PASSED] - Text 'Ross PC Mod' is present on page  using regular expression

2023-09-20 21:47:01 - [TEST_STEP][PASSED] - click(findTestObject(path_ViewProfile + "a_DeleteACH2")): Object: 'Object Repository/AdminSuiteBootstrap_Pages/VSP_Bootstrap/View Profile/a_DeleteACH2' is clicked on

2023-09-20 21:47:02 - [MESSAGE][PASSED] - Object: 'Object Repository/AdminSuiteBootstrap_Pages/VSP_Bootstrap/View Profile/a_DeleteACH2' is clicked on

2023-09-20 21:47:02 - [TEST_STEP][PASSED] - verifyTextPresent("Delete Bank Account Confirmation", true): Text 'Delete Bank Account Confirmation' is present on page  using regular expression

2023-09-20 21:47:02 - [MESSAGE][PASSED] - Text 'Delete Bank Account Confirmation' is present on page  using regular expression

2023-09-20 21:47:02 - [TEST_STEP][PASSED] - verifyTextPresent("This will delete the bank account. Are you sure you want to do this?", true): Text 'This will delete the bank account. Are you sure you want to do this?' is present on page  using regular expression

2023-09-20 21:47:03 - [MESSAGE][PASSED] - Text 'This will delete the bank account. Are you sure you want to do this?' is present on page  using regular expression

2023-09-20 21:47:03 - [TEST_STEP][PASSED] - click(findTestObject(path_ViewProfile + "button_DeleteACHConfirm")): Object: 'Object Repository/AdminSuiteBootstrap_Pages/VSP_Bootstrap/View Profile/button_DeleteACHConfirm' is clicked on

2023-09-20 21:47:04 - [MESSAGE][PASSED] - Object: 'Object Repository/AdminSuiteBootstrap_Pages/VSP_Bootstrap/View Profile/button_DeleteACHConfirm' is clicked on

2023-09-20 21:47:04 - [TEST_STEP][PASSED] - verifyTextPresent("Payment Method Deletion", true): Text 'Payment Method Deletion' is present on page  using regular expression

2023-09-20 21:47:05 - [MESSAGE][PASSED] - Text 'Payment Method Deletion' is present on page  using regular expression

2023-09-20 21:47:05 - [TEST_STEP][PASSED] - verifyTextPresent("Payment method was successfully deleted.", true): Text 'Payment method was successfully deleted.' is present on page  using regular expression

2023-09-20 21:47:05 - [MESSAGE][PASSED] - Text 'Payment method was successfully deleted.' is present on page  using regular expression

2023-09-20 21:47:05 - [TEST_STEP][PASSED] - click(findTestObject(path_ViewProfile + "a_Delete Profile")): Object: 'Object Repository/AdminSuiteBootstrap_Pages/VSP_Bootstrap/View Profile/a_Delete Profile' is clicked on

2023-09-20 21:47:06 - [MESSAGE][PASSED] - Object: 'Object Repository/AdminSuiteBootstrap_Pages/VSP_Bootstrap/View Profile/a_Delete Profile' is clicked on

2023-09-20 21:47:06 - [TEST_STEP][PASSED] - verifyTextPresent("This will delete all of the following information. Are you sure you want to do this?", true): Text 'This will delete all of the following information. Are you sure you want to do this?' is present on page  using regular expression

2023-09-20 21:47:06 - [MESSAGE][PASSED] - Text 'This will delete all of the following information. Are you sure you want to do this?' is present on page  using regular expression

2023-09-20 21:47:06 - [TEST_STEP][PASSED] - click(findTestObject(path_DeleteProfileConfirm + "button_Delete")): Object: 'Object Repository/AdminSuiteBootstrap_Pages/VSP_Bootstrap/DeleteProfileConfirm/button_Delete' is clicked on

2023-09-20 21:47:07 - [MESSAGE][PASSED] - Object: 'Object Repository/AdminSuiteBootstrap_Pages/VSP_Bootstrap/DeleteProfileConfirm/button_Delete' is clicked on

2023-09-20 21:47:07 - [TEST_STEP][PASSED] - verifyTextPresent("No Search String", true): Text 'No Search String' is present on page  using regular expression

2023-09-20 21:47:08 - [MESSAGE][PASSED] - Text 'No Search String' is present on page  using regular expression

2023-09-20 21:47:08 - [TEST_STEP][PASSED] - verifyTextPresent("You must provide a search string of at least 2 characters", true): Text 'You must provide a search string of at least 2 characters' is present on page  using regular expression

2023-09-20 21:47:08 - [MESSAGE][PASSED] - Text 'You must provide a search string of at least 2 characters' is present on page  using regular expression

2023-09-20 21:47:08 - [TEST_STEP][PASSED] - closeBrowser(): Browser is closed

2023-09-20 21:47:09 - [MESSAGE][PASSED] - Browser is closed

2023-09-20 21:47:09 - [TEST_STEP][PASSED] - ExecuteTC = findTestData(dataFile).getValue("Execute", row): null

2023-09-20 21:47:09 - [TEST_STEP][PASSED] - out.println("Value of Execute is : " + ExecuteTC): null

2023-09-20 21:47:09 - [TEST_STEP][PASSED] - switch (executionProfile): null

2023-09-20 21:47:09 - [TEST_STEP][PASSED] - case "QA2Profile":: null

2023-09-20 21:47:09 - [TEST_STEP][PASSED] - appName = findTestData(dataFile).getValue("AppNameQA", row): null

2023-09-20 21:47:09 - [TEST_STEP][PASSED] - appID = findTestData(dataFile).getValue("AppIDQA", row): null

2023-09-20 21:47:09 - [TEST_STEP][PASSED] - break: null

2023-09-20 21:47:09 - [TEST_STEP][PASSED] - if (ExecuteTC.equalsIgnoreCase("Y")): Browser is closed

2023-09-20 21:47:09 - [TEST_STEP][PASSED] - out.println("Begin Record Number: " + row): null

2023-09-20 21:47:09 - [TEST_STEP][PASSED] - today = new java.util.Date(): null

2023-09-20 21:47:09 - [TEST_STEP][PASSED] - println(today): null

2023-09-20 21:47:09 - [TEST_STEP][PASSED] - datText = today: null

2023-09-20 21:47:09 - [TEST_STEP][PASSED] - adminSuiteBootstrap.loginFunctionality.login_AdminSuite(): adminSuiteBootstrap.loginFunctionality.login_AdminSuite is PASSED

2023-09-20 21:47:09 - [MESSAGE][INFO] - Starting 'Chrome' driver

2023-09-20 21:47:09 - [MESSAGE][INFO] - User set preference: ['acceptInsecureCerts', 'true']

2023-09-20 21:47:09 - [MESSAGE][INFO] - Action delay is set to 0 milliseconds

2023-09-20 21:47:12 - [MESSAGE][PASSED] - Browser is opened with url: 'https://qa2.velocitypayment.com/admin/imtiaz'

2023-09-20 21:47:12 - [MESSAGE][PASSED] - Current window maximized

2023-09-20 21:47:13 - [MESSAGE][PASSED] - Object 'Object Repository/Login_Page/Login_Username_Okta' is present

2023-09-20 21:47:13 - [MESSAGE][PASSED] - Text 'iahmed' is set on object 'Object Repository/Login_Page/Login_Username_Okta'

2023-09-20 21:47:14 - [MESSAGE][PASSED] - Text 'Hello1111111@' is set on object 'Object Repository/Login_Page/Login_Password_Okta'

2023-09-20 21:47:15 - [MESSAGE][PASSED] - Object: 'Object Repository/Login_Page/Login_Submit_Okta' is clicked on

2023-09-20 21:47:15 - [MESSAGE][PASSED] - adminSuiteBootstrap.loginFunctionality.login_AdminSuite is PASSED

2023-09-20 21:47:15 - [TEST_STEP][PASSED] - click(findTestObject(path_Dashboard + appName)): Object: 'Object Repository/AdminSuiteBootstrap_Pages/Dashboard_Bootstrap/a_Access AutoNoCFtp' is clicked on

2023-09-20 21:47:22 - [MESSAGE][PASSED] - Object: 'Object Repository/AdminSuiteBootstrap_Pages/Dashboard_Bootstrap/a_Access AutoNoCFtp' is clicked on

2023-09-20 21:47:22 - [TEST_STEP][PASSED] - click(findTestObject(path_VT + "a_Create")): Object: 'Object Repository/AdminSuiteBootstrap_Pages/VT_Bootstrap/IssueTransactions/a_Create' is clicked on

2023-09-20 21:47:23 - [MESSAGE][PASSED] - Object: 'Object Repository/AdminSuiteBootstrap_Pages/VT_Bootstrap/IssueTransactions/a_Create' is clicked on

2023-09-20 21:47:23 - [TEST_STEP][PASSED] - vspBootstrap.CreateProfilePage.setDataCreateProfile(row, dataFile): vspBootstrap.CreateProfilePage.setDataCreateProfile is PASSED

2023-09-20 21:47:25 - [MESSAGE][PASSED] - Text '21054' is set on object 'Object Repository/AdminSuiteBootstrap_Pages/VSP_Bootstrap/CreateProfile/input_PostalCode'

2023-09-20 21:47:26 - [MESSAGE][PASSED] - Text 'NoItpMriOmoB' is set on object 'Object Repository/AdminSuiteBootstrap_Pages/VSP_Bootstrap/CreateProfile/input_profileName'

2023-09-20 21:47:26 - [MESSAGE][PASSED] - Text 'Delta Corp' is set on object 'Object Repository/AdminSuiteBootstrap_Pages/VSP_Bootstrap/CreateProfile/input_CompanyName'

2023-09-20 21:47:27 - [MESSAGE][PASSED] - All options with label 'Mr.' are selected in object 'Object Repository/AdminSuiteBootstrap_Pages/VSP_Bootstrap/CreateProfile/select_Title'  using regular expression

2023-09-20 21:47:28 - [MESSAGE][PASSED] - Text 'Ross' is set on object 'Object Repository/AdminSuiteBootstrap_Pages/VSP_Bootstrap/CreateProfile/input_FirstName'

2023-09-20 21:47:29 - [MESSAGE][PASSED] - Text 'KT' is set on object 'Object Repository/AdminSuiteBootstrap_Pages/VSP_Bootstrap/CreateProfile/input_MiddleName'

2023-09-20 21:47:29 - [MESSAGE][PASSED] - Text 'Evan' is set on object 'Object Repository/AdminSuiteBootstrap_Pages/VSP_Bootstrap/CreateProfile/input_LastName'

2023-09-20 21:47:30 - [MESSAGE][PASSED] - All options with label 'Sr.' are selected in object 'Object Repository/AdminSuiteBootstrap_Pages/VSP_Bootstrap/CreateProfile/select_Suffix'  using regular expression

2023-09-20 21:47:31 - [MESSAGE][PASSED] - Text '256987 Nolm Ct' is set on object 'Object Repository/AdminSuiteBootstrap_Pages/VSP_Bootstrap/CreateProfile/input_address1'

2023-09-20 21:47:32 - [MESSAGE][PASSED] - Text 'Suite 678' is set on object 'Object Repository/AdminSuiteBootstrap_Pages/VSP_Bootstrap/CreateProfile/input_AddressLine2'

2023-09-20 21:47:32 - [MESSAGE][PASSED] - Text '1234' is set on object 'Object Repository/AdminSuiteBootstrap_Pages/VSP_Bootstrap/CreateProfile/input_PostalCodeExt'

2023-09-20 21:47:33 - [MESSAGE][PASSED] - Text 'iahmed@govolution.com' is set on object 'Object Repository/AdminSuiteBootstrap_Pages/VSP_Bootstrap/CreateProfile/input_EmaiAddress'

2023-09-20 21:47:34 - [MESSAGE][PASSED] - Text '240' is set on object 'Object Repository/AdminSuiteBootstrap_Pages/VSP_Bootstrap/CreateProfile/input_HomePhoneNumber_HomeAreaCode'

2023-09-20 21:47:34 - [MESSAGE][PASSED] - Text '628' is set on object 'Object Repository/AdminSuiteBootstrap_Pages/VSP_Bootstrap/CreateProfile/input_homePrefixNumber'

2023-09-20 21:47:35 - [MESSAGE][PASSED] - Text '0790' is set on object 'Object Repository/AdminSuiteBootstrap_Pages/VSP_Bootstrap/CreateProfile/input_homeSuffixNumber'

2023-09-20 21:47:36 - [MESSAGE][PASSED] - Text '240' is set on object 'Object Repository/AdminSuiteBootstrap_Pages/VSP_Bootstrap/CreateProfile/input_MobilePhoneNumber_mobileAreaCode'

2023-09-20 21:47:36 - [MESSAGE][PASSED] - Text '628' is set on object 'Object Repository/AdminSuiteBootstrap_Pages/VSP_Bootstrap/CreateProfile/input_mobilePrefixNumber'

2023-09-20 21:47:37 - [MESSAGE][PASSED] - Text '0791' is set on object 'Object Repository/AdminSuiteBootstrap_Pages/VSP_Bootstrap/CreateProfile/input_mobileSuffixNumber'

2023-09-20 21:47:38 - [MESSAGE][PASSED] - Text '410' is set on object 'Object Repository/AdminSuiteBootstrap_Pages/VSP_Bootstrap/CreateProfile/input_WorkPhoneNumber_workAreaCode'

2023-09-20 21:47:39 - [MESSAGE][PASSED] - Text '628' is set on object 'Object Repository/AdminSuiteBootstrap_Pages/VSP_Bootstrap/CreateProfile/input_workPrefixNumber'

2023-09-20 21:47:39 - [MESSAGE][PASSED] - Text '0792' is set on object 'Object Repository/AdminSuiteBootstrap_Pages/VSP_Bootstrap/CreateProfile/input_workSuffixNumber'

2023-09-20 21:47:40 - [MESSAGE][PASSED] - Text '123' is set on object 'Object Repository/AdminSuiteBootstrap_Pages/VSP_Bootstrap/CreateProfile/input_Ext_workExtension'

2023-09-20 21:47:41 - [MESSAGE][PASSED] - Text 'This Profile is for Add ACH' is set on object 'Object Repository/AdminSuiteBootstrap_Pages/VSP_Bootstrap/CreateProfile/textarea_NotesComments_note'

2023-09-20 21:47:42 - [MESSAGE][PASSED] - Object: 'Object Repository/AdminSuiteBootstrap_Pages/VSP_Bootstrap/CreateProfile/button_Save' is clicked on

2023-09-20 21:47:42 - [MESSAGE][PASSED] - vspBootstrap.CreateProfilePage.setDataCreateProfile is PASSED

2023-09-20 21:47:42 - [TEST_STEP][PASSED] - verifyTextPresent("Profile successfully created", true): Text 'Profile successfully created' is present on page  using regular expression

2023-09-20 21:47:43 - [MESSAGE][PASSED] - Text 'Profile successfully created' is present on page  using regular expression

2023-09-20 21:47:43 - [TEST_STEP][PASSED] - click(findTestObject(path_ViewProfile + "button_Add ACH")): Object: 'Object Repository/AdminSuiteBootstrap_Pages/VSP_Bootstrap/View Profile/button_Add ACH' is clicked on

2023-09-20 21:47:43 - [MESSAGE][PASSED] - Object: 'Object Repository/AdminSuiteBootstrap_Pages/VSP_Bootstrap/View Profile/button_Add ACH' is clicked on

2023-09-20 21:47:43 - [TEST_STEP][PASSED] - vspBootstrap.AddACHPage.setDataAddACH(row, dataFile): vspBootstrap.AddACHPage.setDataAddACH is PASSED

2023-09-20 21:47:44 - [MESSAGE][PASSED] - Text '256072691' is set on object 'Object Repository/AdminSuiteBootstrap_Pages/VSP_Bootstrap/AddACH/input_routingTransitNumber'

2023-09-20 21:47:45 - [MESSAGE][PASSED] - All options with label 'Personal Savings' are selected in object 'Object Repository/AdminSuiteBootstrap_Pages/VSP_Bootstrap/AddACH/select_PaymentType'  using regular expression

2023-09-20 21:47:46 - [MESSAGE][PASSED] - Text 'Ross PS' is set on object 'Object Repository/AdminSuiteBootstrap_Pages/VSP_Bootstrap/AddACH/input_nickName'

2023-09-20 21:47:47 - [MESSAGE][PASSED] - Text '25873333' is set on object 'Object Repository/AdminSuiteBootstrap_Pages/VSP_Bootstrap/AddACH/input_accountNumber'

2023-09-20 21:47:48 - [MESSAGE][PASSED] - Object: 'Object Repository/AdminSuiteBootstrap_Pages/VSP_Bootstrap/AddACH/button_Create' is clicked on

2023-09-20 21:47:48 - [MESSAGE][PASSED] - vspBootstrap.AddACHPage.setDataAddACH is PASSED

2023-09-20 21:47:48 - [TEST_STEP][PASSED] - verifyTextPresent("Payment Method Created", true): Text 'Payment Method Created' is present on page  using regular expression

2023-09-20 21:47:49 - [MESSAGE][PASSED] - Text 'Payment Method Created' is present on page  using regular expression

2023-09-20 21:47:49 - [TEST_STEP][PASSED] - verifyTextPresent("Payment method creation successful", true): Text 'Payment method creation successful' is present on page  using regular expression

2023-09-20 21:47:49 - [MESSAGE][PASSED] - Text 'Payment method creation successful' is present on page  using regular expression

2023-09-20 21:47:49 - [TEST_STEP][PASSED] - click(findTestObject(path_ViewProfile + "a_Edit_ACH")): Object: 'Object Repository/AdminSuiteBootstrap_Pages/VSP_Bootstrap/View Profile/a_Edit_ACH' is clicked on

2023-09-20 21:47:50 - [MESSAGE][PASSED] - Object: 'Object Repository/AdminSuiteBootstrap_Pages/VSP_Bootstrap/View Profile/a_Edit_ACH' is clicked on

2023-09-20 21:47:50 - [TEST_STEP][PASSED] - nicknameMod = findTestData(dataFile).getValue("NicknameACHMod", row): null

2023-09-20 21:47:50 - [TEST_STEP][PASSED] - setText(findTestObject(path_ModifyACH + "input_nickName"), nicknameMod): Text 'Ross PS Mod' is set on object 'Object Repository/AdminSuiteBootstrap_Pages/VSP_Bootstrap/ModifyACH/input_nickName'

2023-09-20 21:47:51 - [MESSAGE][PASSED] - Text 'Ross PS Mod' is set on object 'Object Repository/AdminSuiteBootstrap_Pages/VSP_Bootstrap/ModifyACH/input_nickName'

2023-09-20 21:47:51 - [TEST_STEP][PASSED] - click(findTestObject(path_ModifyACH + "button_Modify")): Object: 'Object Repository/AdminSuiteBootstrap_Pages/VSP_Bootstrap/ModifyACH/button_Modify' is clicked on

2023-09-20 21:47:52 - [MESSAGE][PASSED] - Object: 'Object Repository/AdminSuiteBootstrap_Pages/VSP_Bootstrap/ModifyACH/button_Modify' is clicked on

2023-09-20 21:47:52 - [TEST_STEP][PASSED] - verifyTextPresent("Payment Method Modification", true): Text 'Payment Method Modification' is present on page  using regular expression

2023-09-20 21:47:53 - [MESSAGE][PASSED] - Text 'Payment Method Modification' is present on page  using regular expression

2023-09-20 21:47:53 - [TEST_STEP][PASSED] - verifyTextPresent("Payment method successfully modified", true): Text 'Payment method successfully modified' is present on page  using regular expression

2023-09-20 21:47:53 - [MESSAGE][PASSED] - Text 'Payment method successfully modified' is present on page  using regular expression

2023-09-20 21:47:53 - [TEST_STEP][PASSED] - verifyTextPresent(nicknameMod, true): Text 'Ross PS Mod' is present on page  using regular expression

2023-09-20 21:47:53 - [MESSAGE][PASSED] - Text 'Ross PS Mod' is present on page  using regular expression

2023-09-20 21:47:53 - [TEST_STEP][PASSED] - click(findTestObject(path_ViewProfile + "a_DeleteACH2")): Object: 'Object Repository/AdminSuiteBootstrap_Pages/VSP_Bootstrap/View Profile/a_DeleteACH2' is clicked on

2023-09-20 21:47:54 - [MESSAGE][PASSED] - Object: 'Object Repository/AdminSuiteBootstrap_Pages/VSP_Bootstrap/View Profile/a_DeleteACH2' is clicked on

2023-09-20 21:47:54 - [TEST_STEP][PASSED] - verifyTextPresent("Delete Bank Account Confirmation", true): Text 'Delete Bank Account Confirmation' is present on page  using regular expression

2023-09-20 21:47:55 - [MESSAGE][PASSED] - Text 'Delete Bank Account Confirmation' is present on page  using regular expression

2023-09-20 21:47:55 - [TEST_STEP][PASSED] - verifyTextPresent("This will delete the bank account. Are you sure you want to do this?", true): Text 'This will delete the bank account. Are you sure you want to do this?' is present on page  using regular expression

2023-09-20 21:47:55 - [MESSAGE][PASSED] - Text 'This will delete the bank account. Are you sure you want to do this?' is present on page  using regular expression

2023-09-20 21:47:55 - [TEST_STEP][PASSED] - click(findTestObject(path_ViewProfile + "button_DeleteACHConfirm")): Object: 'Object Repository/AdminSuiteBootstrap_Pages/VSP_Bootstrap/View Profile/button_DeleteACHConfirm' is clicked on

2023-09-20 21:47:56 - [MESSAGE][PASSED] - Object: 'Object Repository/AdminSuiteBootstrap_Pages/VSP_Bootstrap/View Profile/button_DeleteACHConfirm' is clicked on

2023-09-20 21:47:56 - [TEST_STEP][PASSED] - verifyTextPresent("Payment Method Deletion", true): Text 'Payment Method Deletion' is present on page  using regular expression

2023-09-20 21:47:57 - [MESSAGE][PASSED] - Text 'Payment Method Deletion' is present on page  using regular expression

2023-09-20 21:47:57 - [TEST_STEP][PASSED] - verifyTextPresent("Payment method was successfully deleted.", true): Text 'Payment method was successfully deleted.' is present on page  using regular expression

2023-09-20 21:47:57 - [MESSAGE][PASSED] - Text 'Payment method was successfully deleted.' is present on page  using regular expression

2023-09-20 21:47:57 - [TEST_STEP][PASSED] - click(findTestObject(path_ViewProfile + "a_Delete Profile")): Object: 'Object Repository/AdminSuiteBootstrap_Pages/VSP_Bootstrap/View Profile/a_Delete Profile' is clicked on

2023-09-20 21:47:58 - [MESSAGE][PASSED] - Object: 'Object Repository/AdminSuiteBootstrap_Pages/VSP_Bootstrap/View Profile/a_Delete Profile' is clicked on

2023-09-20 21:47:58 - [TEST_STEP][PASSED] - verifyTextPresent("This will delete all of the following information. Are you sure you want to do this?", true): Text 'This will delete all of the following information. Are you sure you want to do this?' is present on page  using regular expression

2023-09-20 21:47:58 - [MESSAGE][PASSED] - Text 'This will delete all of the following information. Are you sure you want to do this?' is present on page  using regular expression

2023-09-20 21:47:58 - [TEST_STEP][PASSED] - click(findTestObject(path_DeleteProfileConfirm + "button_Delete")): Object: 'Object Repository/AdminSuiteBootstrap_Pages/VSP_Bootstrap/DeleteProfileConfirm/button_Delete' is clicked on

2023-09-20 21:48:00 - [MESSAGE][PASSED] - Object: 'Object Repository/AdminSuiteBootstrap_Pages/VSP_Bootstrap/DeleteProfileConfirm/button_Delete' is clicked on

2023-09-20 21:48:00 - [TEST_STEP][PASSED] - verifyTextPresent("No Search String", true): Text 'No Search String' is present on page  using regular expression

2023-09-20 21:48:00 - [MESSAGE][PASSED] - Text 'No Search String' is present on page  using regular expression

2023-09-20 21:48:00 - [TEST_STEP][PASSED] - verifyTextPresent("You must provide a search string of at least 2 characters", true): Text 'You must provide a search string of at least 2 characters' is present on page  using regular expression

2023-09-20 21:48:00 - [MESSAGE][PASSED] - Text 'You must provide a search string of at least 2 characters' is present on page  using regular expression

2023-09-20 21:48:00 - [TEST_STEP][PASSED] - closeBrowser(): Browser is closed

2023-09-20 21:48:01 - [MESSAGE][PASSED] - Browser is closed

2023-09-20 21:48:01 - [TEST_STEP][PASSED] - ExecuteTC = findTestData(dataFile).getValue("Execute", row): null

2023-09-20 21:48:01 - [TEST_STEP][PASSED] - out.println("Value of Execute is : " + ExecuteTC): null

2023-09-20 21:48:01 - [TEST_STEP][PASSED] - switch (executionProfile): null

2023-09-20 21:48:01 - [TEST_STEP][PASSED] - case "QA2Profile":: null

2023-09-20 21:48:01 - [TEST_STEP][PASSED] - appName = findTestData(dataFile).getValue("AppNameQA", row): null

2023-09-20 21:48:01 - [TEST_STEP][PASSED] - appID = findTestData(dataFile).getValue("AppIDQA", row): null

2023-09-20 21:48:01 - [TEST_STEP][PASSED] - break: null

2023-09-20 21:48:01 - [TEST_STEP][PASSED] - if (ExecuteTC.equalsIgnoreCase("Y")): Browser is closed

2023-09-20 21:48:01 - [TEST_STEP][PASSED] - out.println("Begin Record Number: " + row): null

2023-09-20 21:48:01 - [TEST_STEP][PASSED] - today = new java.util.Date(): null

2023-09-20 21:48:01 - [TEST_STEP][PASSED] - println(today): null

2023-09-20 21:48:01 - [TEST_STEP][PASSED] - datText = today: null

2023-09-20 21:48:01 - [TEST_STEP][PASSED] - adminSuiteBootstrap.loginFunctionality.login_AdminSuite(): adminSuiteBootstrap.loginFunctionality.login_AdminSuite is PASSED

2023-09-20 21:48:02 - [MESSAGE][INFO] - Starting 'Chrome' driver

2023-09-20 21:48:02 - [MESSAGE][INFO] - User set preference: ['acceptInsecureCerts', 'true']

2023-09-20 21:48:02 - [MESSAGE][INFO] - Action delay is set to 0 milliseconds

2023-09-20 21:48:04 - [MESSAGE][PASSED] - Browser is opened with url: 'https://qa2.velocitypayment.com/admin/imtiaz'

2023-09-20 21:48:04 - [MESSAGE][PASSED] - Current window maximized

2023-09-20 21:48:05 - [MESSAGE][PASSED] - Object 'Object Repository/Login_Page/Login_Username_Okta' is present

2023-09-20 21:48:06 - [MESSAGE][PASSED] - Text 'iahmed' is set on object 'Object Repository/Login_Page/Login_Username_Okta'

2023-09-20 21:48:07 - [MESSAGE][PASSED] - Text 'Hello1111111@' is set on object 'Object Repository/Login_Page/Login_Password_Okta'

2023-09-20 21:48:07 - [MESSAGE][PASSED] - Object: 'Object Repository/Login_Page/Login_Submit_Okta' is clicked on

2023-09-20 21:48:07 - [MESSAGE][PASSED] - adminSuiteBootstrap.loginFunctionality.login_AdminSuite is PASSED

2023-09-20 21:48:07 - [TEST_STEP][PASSED] - click(findTestObject(path_Dashboard + appName)): Object: 'Object Repository/AdminSuiteBootstrap_Pages/Dashboard_Bootstrap/a_Access AutoNoCFtp' is clicked on

2023-09-20 21:48:16 - [MESSAGE][PASSED] - Object: 'Object Repository/AdminSuiteBootstrap_Pages/Dashboard_Bootstrap/a_Access AutoNoCFtp' is clicked on

2023-09-20 21:48:16 - [TEST_STEP][PASSED] - click(findTestObject(path_VT + "a_Create")): Object: 'Object Repository/AdminSuiteBootstrap_Pages/VT_Bootstrap/IssueTransactions/a_Create' is clicked on

2023-09-20 21:48:17 - [MESSAGE][PASSED] - Object: 'Object Repository/AdminSuiteBootstrap_Pages/VT_Bootstrap/IssueTransactions/a_Create' is clicked on

2023-09-20 21:48:17 - [TEST_STEP][PASSED] - vspBootstrap.CreateProfilePage.setDataCreateProfile(row, dataFile): vspBootstrap.CreateProfilePage.setDataCreateProfile is PASSED

2023-09-20 21:48:19 - [MESSAGE][PASSED] - Text '21054' is set on object 'Object Repository/AdminSuiteBootstrap_Pages/VSP_Bootstrap/CreateProfile/input_PostalCode'

2023-09-20 21:48:20 - [MESSAGE][PASSED] - Text '2X76pOxZ8JE9' is set on object 'Object Repository/AdminSuiteBootstrap_Pages/VSP_Bootstrap/CreateProfile/input_profileName'

2023-09-20 21:48:20 - [MESSAGE][PASSED] - Text 'Delta Corp' is set on object 'Object Repository/AdminSuiteBootstrap_Pages/VSP_Bootstrap/CreateProfile/input_CompanyName'

2023-09-20 21:48:21 - [MESSAGE][PASSED] - All options with label 'Mr.' are selected in object 'Object Repository/AdminSuiteBootstrap_Pages/VSP_Bootstrap/CreateProfile/select_Title'  using regular expression

2023-09-20 21:48:22 - [MESSAGE][PASSED] - Text 'Ross' is set on object 'Object Repository/AdminSuiteBootstrap_Pages/VSP_Bootstrap/CreateProfile/input_FirstName'

2023-09-20 21:48:23 - [MESSAGE][PASSED] - Text 'KT' is set on object 'Object Repository/AdminSuiteBootstrap_Pages/VSP_Bootstrap/CreateProfile/input_MiddleName'

2023-09-20 21:48:24 - [MESSAGE][PASSED] - Text 'Evan' is set on object 'Object Repository/AdminSuiteBootstrap_Pages/VSP_Bootstrap/CreateProfile/input_LastName'

2023-09-20 21:48:25 - [MESSAGE][PASSED] - All options with label 'Sr.' are selected in object 'Object Repository/AdminSuiteBootstrap_Pages/VSP_Bootstrap/CreateProfile/select_Suffix'  using regular expression

2023-09-20 21:48:25 - [MESSAGE][PASSED] - Text '256987 Nolm Ct' is set on object 'Object Repository/AdminSuiteBootstrap_Pages/VSP_Bootstrap/CreateProfile/input_address1'

2023-09-20 21:48:26 - [MESSAGE][PASSED] - Text 'Suite 678' is set on object 'Object Repository/AdminSuiteBootstrap_Pages/VSP_Bootstrap/CreateProfile/input_AddressLine2'

2023-09-20 21:48:27 - [MESSAGE][PASSED] - Text '1234' is set on object 'Object Repository/AdminSuiteBootstrap_Pages/VSP_Bootstrap/CreateProfile/input_PostalCodeExt'

2023-09-20 21:48:27 - [MESSAGE][PASSED] - Text 'iahmed@govolution.com' is set on object 'Object Repository/AdminSuiteBootstrap_Pages/VSP_Bootstrap/CreateProfile/input_EmaiAddress'

2023-09-20 21:48:28 - [MESSAGE][PASSED] - Text '240' is set on object 'Object Repository/AdminSuiteBootstrap_Pages/VSP_Bootstrap/CreateProfile/input_HomePhoneNumber_HomeAreaCode'

2023-09-20 21:48:29 - [MESSAGE][PASSED] - Text '628' is set on object 'Object Repository/AdminSuiteBootstrap_Pages/VSP_Bootstrap/CreateProfile/input_homePrefixNumber'

2023-09-20 21:48:29 - [MESSAGE][PASSED] - Text '0790' is set on object 'Object Repository/AdminSuiteBootstrap_Pages/VSP_Bootstrap/CreateProfile/input_homeSuffixNumber'

2023-09-20 21:48:30 - [MESSAGE][PASSED] - Text '240' is set on object 'Object Repository/AdminSuiteBootstrap_Pages/VSP_Bootstrap/CreateProfile/input_MobilePhoneNumber_mobileAreaCode'

2023-09-20 21:48:31 - [MESSAGE][PASSED] - Text '628' is set on object 'Object Repository/AdminSuiteBootstrap_Pages/VSP_Bootstrap/CreateProfile/input_mobilePrefixNumber'

2023-09-20 21:48:32 - [MESSAGE][PASSED] - Text '0791' is set on object 'Object Repository/AdminSuiteBootstrap_Pages/VSP_Bootstrap/CreateProfile/input_mobileSuffixNumber'

2023-09-20 21:48:32 - [MESSAGE][PASSED] - Text '410' is set on object 'Object Repository/AdminSuiteBootstrap_Pages/VSP_Bootstrap/CreateProfile/input_WorkPhoneNumber_workAreaCode'

2023-09-20 21:48:33 - [MESSAGE][PASSED] - Text '628' is set on object 'Object Repository/AdminSuiteBootstrap_Pages/VSP_Bootstrap/CreateProfile/input_workPrefixNumber'

2023-09-20 21:48:34 - [MESSAGE][PASSED] - Text '0792' is set on object 'Object Repository/AdminSuiteBootstrap_Pages/VSP_Bootstrap/CreateProfile/input_workSuffixNumber'

2023-09-20 21:48:34 - [MESSAGE][PASSED] - Text '123' is set on object 'Object Repository/AdminSuiteBootstrap_Pages/VSP_Bootstrap/CreateProfile/input_Ext_workExtension'

2023-09-20 21:48:35 - [MESSAGE][PASSED] - Text 'This Profile is for Add ACH' is set on object 'Object Repository/AdminSuiteBootstrap_Pages/VSP_Bootstrap/CreateProfile/textarea_NotesComments_note'

2023-09-20 21:48:36 - [MESSAGE][PASSED] - Object: 'Object Repository/AdminSuiteBootstrap_Pages/VSP_Bootstrap/CreateProfile/button_Save' is clicked on

2023-09-20 21:48:36 - [MESSAGE][PASSED] - vspBootstrap.CreateProfilePage.setDataCreateProfile is PASSED

2023-09-20 21:48:36 - [TEST_STEP][PASSED] - verifyTextPresent("Profile successfully created", true): Text 'Profile successfully created' is present on page  using regular expression

2023-09-20 21:48:37 - [MESSAGE][PASSED] - Text 'Profile successfully created' is present on page  using regular expression

2023-09-20 21:48:37 - [TEST_STEP][PASSED] - click(findTestObject(path_ViewProfile + "button_Add ACH")): Object: 'Object Repository/AdminSuiteBootstrap_Pages/VSP_Bootstrap/View Profile/button_Add ACH' is clicked on

2023-09-20 21:48:38 - [MESSAGE][PASSED] - Object: 'Object Repository/AdminSuiteBootstrap_Pages/VSP_Bootstrap/View Profile/button_Add ACH' is clicked on

2023-09-20 21:48:38 - [TEST_STEP][PASSED] - vspBootstrap.AddACHPage.setDataAddACH(row, dataFile): vspBootstrap.AddACHPage.setDataAddACH is PASSED

2023-09-20 21:48:39 - [MESSAGE][PASSED] - Text '256072691' is set on object 'Object Repository/AdminSuiteBootstrap_Pages/VSP_Bootstrap/AddACH/input_routingTransitNumber'

2023-09-20 21:48:40 - [MESSAGE][PASSED] - All options with label 'Business Checking' are selected in object 'Object Repository/AdminSuiteBootstrap_Pages/VSP_Bootstrap/AddACH/select_PaymentType'  using regular expression

2023-09-20 21:48:41 - [MESSAGE][PASSED] - Text 'Ross Corp' is set on object 'Object Repository/AdminSuiteBootstrap_Pages/VSP_Bootstrap/AddACH/input_nickName'

2023-09-20 21:48:41 - [MESSAGE][PASSED] - Text '25874444' is set on object 'Object Repository/AdminSuiteBootstrap_Pages/VSP_Bootstrap/AddACH/input_accountNumber'

2023-09-20 21:48:42 - [MESSAGE][PASSED] - Object: 'Object Repository/AdminSuiteBootstrap_Pages/VSP_Bootstrap/AddACH/button_Create' is clicked on

2023-09-20 21:48:42 - [MESSAGE][PASSED] - vspBootstrap.AddACHPage.setDataAddACH is PASSED

2023-09-20 21:48:42 - [TEST_STEP][PASSED] - verifyTextPresent("Payment Method Created", true): Text 'Payment Method Created' is present on page  using regular expression

2023-09-20 21:48:43 - [MESSAGE][PASSED] - Text 'Payment Method Created' is present on page  using regular expression

2023-09-20 21:48:43 - [TEST_STEP][PASSED] - verifyTextPresent("Payment method creation successful", true): Text 'Payment method creation successful' is present on page  using regular expression

2023-09-20 21:48:43 - [MESSAGE][PASSED] - Text 'Payment method creation successful' is present on page  using regular expression

2023-09-20 21:48:43 - [TEST_STEP][PASSED] - click(findTestObject(path_ViewProfile + "a_Edit_ACH")): Object: 'Object Repository/AdminSuiteBootstrap_Pages/VSP_Bootstrap/View Profile/a_Edit_ACH' is clicked on

2023-09-20 21:48:44 - [MESSAGE][PASSED] - Object: 'Object Repository/AdminSuiteBootstrap_Pages/VSP_Bootstrap/View Profile/a_Edit_ACH' is clicked on

2023-09-20 21:48:44 - [TEST_STEP][PASSED] - nicknameMod = findTestData(dataFile).getValue("NicknameACHMod", row): null

2023-09-20 21:48:44 - [TEST_STEP][PASSED] - setText(findTestObject(path_ModifyACH + "input_nickName"), nicknameMod): Text 'Ross Corp Mod' is set on object 'Object Repository/AdminSuiteBootstrap_Pages/VSP_Bootstrap/ModifyACH/input_nickName'

2023-09-20 21:48:45 - [MESSAGE][PASSED] - Text 'Ross Corp Mod' is set on object 'Object Repository/AdminSuiteBootstrap_Pages/VSP_Bootstrap/ModifyACH/input_nickName'

2023-09-20 21:48:45 - [TEST_STEP][PASSED] - click(findTestObject(path_ModifyACH + "button_Modify")): Object: 'Object Repository/AdminSuiteBootstrap_Pages/VSP_Bootstrap/ModifyACH/button_Modify' is clicked on

2023-09-20 21:48:47 - [MESSAGE][PASSED] - Object: 'Object Repository/AdminSuiteBootstrap_Pages/VSP_Bootstrap/ModifyACH/button_Modify' is clicked on

2023-09-20 21:48:47 - [TEST_STEP][PASSED] - verifyTextPresent("Payment Method Modification", true): Text 'Payment Method Modification' is present on page  using regular expression

2023-09-20 21:48:47 - [MESSAGE][PASSED] - Text 'Payment Method Modification' is present on page  using regular expression

2023-09-20 21:48:47 - [TEST_STEP][PASSED] - verifyTextPresent("Payment method successfully modified", true): Text 'Payment method successfully modified' is present on page  using regular expression

2023-09-20 21:48:48 - [MESSAGE][PASSED] - Text 'Payment method successfully modified' is present on page  using regular expression

2023-09-20 21:48:48 - [TEST_STEP][PASSED] - verifyTextPresent(nicknameMod, true): Text 'Ross Corp Mod' is present on page  using regular expression

2023-09-20 21:48:48 - [MESSAGE][PASSED] - Text 'Ross Corp Mod' is present on page  using regular expression

2023-09-20 21:48:48 - [TEST_STEP][PASSED] - click(findTestObject(path_ViewProfile + "a_DeleteACH2")): Object: 'Object Repository/AdminSuiteBootstrap_Pages/VSP_Bootstrap/View Profile/a_DeleteACH2' is clicked on

2023-09-20 21:48:49 - [MESSAGE][PASSED] - Object: 'Object Repository/AdminSuiteBootstrap_Pages/VSP_Bootstrap/View Profile/a_DeleteACH2' is clicked on

2023-09-20 21:48:49 - [TEST_STEP][PASSED] - verifyTextPresent("Delete Bank Account Confirmation", true): Text 'Delete Bank Account Confirmation' is present on page  using regular expression

2023-09-20 21:48:49 - [MESSAGE][PASSED] - Text 'Delete Bank Account Confirmation' is present on page  using regular expression

2023-09-20 21:48:49 - [TEST_STEP][PASSED] - verifyTextPresent("This will delete the bank account. Are you sure you want to do this?", true): Text 'This will delete the bank account. Are you sure you want to do this?' is present on page  using regular expression

2023-09-20 21:48:50 - [MESSAGE][PASSED] - Text 'This will delete the bank account. Are you sure you want to do this?' is present on page  using regular expression

2023-09-20 21:48:50 - [TEST_STEP][PASSED] - click(findTestObject(path_ViewProfile + "button_DeleteACHConfirm")): Object: 'Object Repository/AdminSuiteBootstrap_Pages/VSP_Bootstrap/View Profile/button_DeleteACHConfirm' is clicked on

2023-09-20 21:48:51 - [MESSAGE][PASSED] - Object: 'Object Repository/AdminSuiteBootstrap_Pages/VSP_Bootstrap/View Profile/button_DeleteACHConfirm' is clicked on

2023-09-20 21:48:51 - [TEST_STEP][PASSED] - verifyTextPresent("Payment Method Deletion", true): Text 'Payment Method Deletion' is present on page  using regular expression

2023-09-20 21:48:51 - [MESSAGE][PASSED] - Text 'Payment Method Deletion' is present on page  using regular expression

2023-09-20 21:48:51 - [TEST_STEP][PASSED] - verifyTextPresent("Payment method was successfully deleted.", true): Text 'Payment method was successfully deleted.' is present on page  using regular expression

2023-09-20 21:48:52 - [MESSAGE][PASSED] - Text 'Payment method was successfully deleted.' is present on page  using regular expression

2023-09-20 21:48:52 - [TEST_STEP][PASSED] - click(findTestObject(path_ViewProfile + "a_Delete Profile")): Object: 'Object Repository/AdminSuiteBootstrap_Pages/VSP_Bootstrap/View Profile/a_Delete Profile' is clicked on

2023-09-20 21:48:53 - [MESSAGE][PASSED] - Object: 'Object Repository/AdminSuiteBootstrap_Pages/VSP_Bootstrap/View Profile/a_Delete Profile' is clicked on

2023-09-20 21:48:53 - [TEST_STEP][PASSED] - verifyTextPresent("This will delete all of the following information. Are you sure you want to do this?", true): Text 'This will delete all of the following information. Are you sure you want to do this?' is present on page  using regular expression

2023-09-20 21:48:53 - [MESSAGE][PASSED] - Text 'This will delete all of the following information. Are you sure you want to do this?' is present on page  using regular expression

2023-09-20 21:48:53 - [TEST_STEP][PASSED] - click(findTestObject(path_DeleteProfileConfirm + "button_Delete")): Object: 'Object Repository/AdminSuiteBootstrap_Pages/VSP_Bootstrap/DeleteProfileConfirm/button_Delete' is clicked on

2023-09-20 21:48:54 - [MESSAGE][PASSED] - Object: 'Object Repository/AdminSuiteBootstrap_Pages/VSP_Bootstrap/DeleteProfileConfirm/button_Delete' is clicked on

2023-09-20 21:48:54 - [TEST_STEP][PASSED] - verifyTextPresent("No Search String", true): Text 'No Search String' is present on page  using regular expression

2023-09-20 21:48:55 - [MESSAGE][PASSED] - Text 'No Search String' is present on page  using regular expression

2023-09-20 21:48:55 - [TEST_STEP][PASSED] - verifyTextPresent("You must provide a search string of at least 2 characters", true): Text 'You must provide a search string of at least 2 characters' is present on page  using regular expression

2023-09-20 21:48:55 - [MESSAGE][PASSED] - Text 'You must provide a search string of at least 2 characters' is present on page  using regular expression

2023-09-20 21:48:55 - [TEST_STEP][PASSED] - closeBrowser(): Browser is closed

2023-09-20 21:48:56 - [MESSAGE][PASSED] - Browser is closed]]></system-out>
         <system-err><![CDATA[]]></system-err>
      </testcase>
      <testcase name="Test Cases/Admin Suite Bootstrap/VSP_Profile_TestCases/SearchProfile_Generic_TC" time="158.024" classname="Test Cases/Admin Suite Bootstrap/VSP_Profile_TestCases/SearchProfile_Generic_TC" status="PASSED">
         <system-out><![CDATA[2023-09-20 21:48:56 - [TEST_CASE][PASSED] - Test Cases/Admin Suite Bootstrap/VSP_Profile_TestCases/SearchProfile_Generic_TC: Test Cases/Admin Suite Bootstrap/VSP_Profile_TestCases/SearchProfile_Generic_TC

2023-09-20 21:48:56 - [TEST_STEP][PASSED] - path_Dashboard = "Object Repository/AdminSuiteBootstrap_Pages/Dashboard_Bootstrap/": null

2023-09-20 21:48:56 - [TEST_STEP][PASSED] - path_VT = "Object Repository/AdminSuiteBootstrap_Pages/VT_Bootstrap/IssueTransactions/": null

2023-09-20 21:48:56 - [TEST_STEP][PASSED] - path_CreateProfile = "Object Repository/AdminSuiteBootstrap_Pages/VSP_Bootstrap/CreateProfile/": null

2023-09-20 21:48:56 - [TEST_STEP][PASSED] - path_AddAccount = "Object Repository/AdminSuiteBootstrap_Pages/VSP_Bootstrap/AddAccount/": null

2023-09-20 21:48:56 - [TEST_STEP][PASSED] - path_Add_ACH = "Object Repository/AdminSuiteBootstrap_Pages/VSP_Bootstrap/AddACH/": null

2023-09-20 21:48:56 - [TEST_STEP][PASSED] - path_Add_CC = "Object Repository/AdminSuiteBootstrap_Pages/VSP_Bootstrap/AddCreditCard/": null

2023-09-20 21:48:56 - [TEST_STEP][PASSED] - path_App_Plan = "Object Repository/AdminSuiteBootstrap_Pages/VSP_Bootstrap/AddPaymentPlan/": null

2023-09-20 21:48:56 - [TEST_STEP][PASSED] - path_DeleteProfile = "Object Repository/AdminSuiteBootstrap_Pages/VSP_Bootstrap/DeleteProfile/": null

2023-09-20 21:48:56 - [TEST_STEP][PASSED] - path_ModifyProfile = "Object Repository/AdminSuiteBootstrap_Pages/VSP_Bootstrap/ModifyProfile/": null

2023-09-20 21:48:56 - [TEST_STEP][PASSED] - path_ViewProfile = "Object Repository/AdminSuiteBootstrap_Pages/VSP_Bootstrap/View Profile/": null

2023-09-20 21:48:56 - [TEST_STEP][PASSED] - path_VSPAuth = "Object Repository/AdminSuiteBootstrap_Pages/VSP_Bootstrap/VSP_Auth/": null

2023-09-20 21:48:56 - [TEST_STEP][PASSED] - path_VSPAuthCap = "Object Repository/AdminSuiteBootstrap_Pages/VSP_Bootstrap/VSP_Authcap/": null

2023-09-20 21:48:56 - [TEST_STEP][PASSED] - path_Debit = "Object Repository/AdminSuiteBootstrap_Pages/VSP_Bootstrap/VSP_Debit/": null

2023-09-20 21:48:56 - [TEST_STEP][PASSED] - path_DeleteProfileConfirm = "Object Repository/AdminSuiteBootstrap_Pages/VSP_Bootstrap/DeleteProfileConfirm/": null

2023-09-20 21:48:56 - [TEST_STEP][PASSED] - executionProfile = getExecutionProfile(): null

2023-09-20 21:48:56 - [TEST_STEP][PASSED] - out.println("executionProfile : " + executionProfile): null

2023-09-20 21:48:56 - [TEST_STEP][PASSED] - appName = <not implemented yet for class: org.codehaus.groovy.ast.expr.EmptyExpression>: null

2023-09-20 21:48:56 - [TEST_STEP][PASSED] - appID = <not implemented yet for class: org.codehaus.groovy.ast.expr.EmptyExpression>: null

2023-09-20 21:48:56 - [TEST_STEP][PASSED] - cardNameV = <not implemented yet for class: org.codehaus.groovy.ast.expr.EmptyExpression>: null

2023-09-20 21:48:56 - [TEST_STEP][PASSED] - al1V = <not implemented yet for class: org.codehaus.groovy.ast.expr.EmptyExpression>: null

2023-09-20 21:48:56 - [TEST_STEP][PASSED] - al2V = <not implemented yet for class: org.codehaus.groovy.ast.expr.EmptyExpression>: null

2023-09-20 21:48:56 - [TEST_STEP][PASSED] - zipV = <not implemented yet for class: org.codehaus.groovy.ast.expr.EmptyExpression>: null

2023-09-20 21:48:56 - [TEST_STEP][PASSED] - cardTypeV = <not implemented yet for class: org.codehaus.groovy.ast.expr.EmptyExpression>: null

2023-09-20 21:48:56 - [TEST_STEP][PASSED] - last4V = <not implemented yet for class: org.codehaus.groovy.ast.expr.EmptyExpression>: null

2023-09-20 21:48:56 - [TEST_STEP][PASSED] - nameSheet = "SearchProfile": null

2023-09-20 21:48:56 - [TEST_STEP][PASSED] - numOfRows = findTestData("QA/Bootstrap/VSP-Profile-TestData/SearchProfile").getRowNumbers(): null

2023-09-20 21:48:56 - [TEST_STEP][PASSED] - println("Number of Records: " + numOfRows): null

2023-09-20 21:48:56 - [TEST_STEP][PASSED] - dataFile = "QA/Bootstrap/VSP-Profile-TestData/SearchProfile": null

2023-09-20 21:48:56 - [TEST_STEP][PASSED] - for ([row = 1, row <= numOfRows, (row++)]): Browser is closed

2023-09-20 21:48:56 - [TEST_STEP][PASSED] - ExecuteTC = findTestData(dataFile).getValue("Execute", row): null

2023-09-20 21:48:56 - [TEST_STEP][PASSED] - out.println("Value of Execute is : " + ExecuteTC): null

2023-09-20 21:48:56 - [TEST_STEP][PASSED] - switch (executionProfile): null

2023-09-20 21:48:56 - [TEST_STEP][PASSED] - case "QA2Profile":: null

2023-09-20 21:48:56 - [TEST_STEP][PASSED] - appName = findTestData(dataFile).getValue("AppNameQA", row): null

2023-09-20 21:48:57 - [TEST_STEP][PASSED] - appID = findTestData(dataFile).getValue("AppIDQA", row): null

2023-09-20 21:48:57 - [TEST_STEP][PASSED] - break: null

2023-09-20 21:48:57 - [TEST_STEP][PASSED] - if (ExecuteTC.equalsIgnoreCase("Y")): Browser is closed

2023-09-20 21:48:57 - [TEST_STEP][PASSED] - out.println("Begin Record Number: " + row): null

2023-09-20 21:48:57 - [TEST_STEP][PASSED] - today = new java.util.Date(): null

2023-09-20 21:48:57 - [TEST_STEP][PASSED] - println(today): null

2023-09-20 21:48:57 - [TEST_STEP][PASSED] - datText = today: null

2023-09-20 21:48:57 - [TEST_STEP][PASSED] - adminSuiteBootstrap.loginFunctionality.login_AdminSuite(): adminSuiteBootstrap.loginFunctionality.login_AdminSuite is PASSED

2023-09-20 21:48:57 - [MESSAGE][INFO] - Starting 'Chrome' driver

2023-09-20 21:48:57 - [MESSAGE][INFO] - User set preference: ['acceptInsecureCerts', 'true']

2023-09-20 21:48:57 - [MESSAGE][INFO] - Action delay is set to 0 milliseconds

2023-09-20 21:48:59 - [MESSAGE][PASSED] - Browser is opened with url: 'https://qa2.velocitypayment.com/admin/imtiaz'

2023-09-20 21:49:00 - [MESSAGE][PASSED] - Current window maximized

2023-09-20 21:49:00 - [MESSAGE][PASSED] - Object 'Object Repository/Login_Page/Login_Username_Okta' is present

2023-09-20 21:49:01 - [MESSAGE][PASSED] - Text 'iahmed' is set on object 'Object Repository/Login_Page/Login_Username_Okta'

2023-09-20 21:49:02 - [MESSAGE][PASSED] - Text 'Hello1111111@' is set on object 'Object Repository/Login_Page/Login_Password_Okta'

2023-09-20 21:49:02 - [MESSAGE][PASSED] - Object: 'Object Repository/Login_Page/Login_Submit_Okta' is clicked on

2023-09-20 21:49:02 - [MESSAGE][PASSED] - adminSuiteBootstrap.loginFunctionality.login_AdminSuite is PASSED

2023-09-20 21:49:02 - [TEST_STEP][PASSED] - click(findTestObject(path_Dashboard + appName)): Object: 'Object Repository/AdminSuiteBootstrap_Pages/Dashboard_Bootstrap/a_Access AutoNoCFtp' is clicked on

2023-09-20 21:49:12 - [MESSAGE][PASSED] - Object: 'Object Repository/AdminSuiteBootstrap_Pages/Dashboard_Bootstrap/a_Access AutoNoCFtp' is clicked on

2023-09-20 21:49:12 - [TEST_STEP][PASSED] - click(findTestObject(path_VT + "a_Find Profile")): Object: 'Object Repository/AdminSuiteBootstrap_Pages/VT_Bootstrap/IssueTransactions/a_Find Profile' is clicked on

2023-09-20 21:49:13 - [MESSAGE][PASSED] - Object: 'Object Repository/AdminSuiteBootstrap_Pages/VT_Bootstrap/IssueTransactions/a_Find Profile' is clicked on

2023-09-20 21:49:13 - [TEST_STEP][PASSED] - vspBootstrap.SearchProfilePage.setDataSearchProfile(row, dataFile): vspBootstrap.SearchProfilePage.setDataSearchProfile is PASSED

2023-09-20 21:49:13 - [MESSAGE][PASSED] - Text 'ProfileToBeSearched' is set on object 'Object Repository/AdminSuiteBootstrap_Pages/VSP_Bootstrap/SearchProfile/input_Criteria'

2023-09-20 21:49:15 - [MESSAGE][PASSED] - All options with label 'Name only' are selected in object 'Object Repository/AdminSuiteBootstrap_Pages/VSP_Bootstrap/SearchProfile/select_SearchBy'  using regular expression

2023-09-20 21:49:15 - [MESSAGE][PASSED] - Object: 'Object Repository/AdminSuiteBootstrap_Pages/VSP_Bootstrap/SearchProfile/button_Search' is clicked on

2023-09-20 21:49:15 - [MESSAGE][PASSED] - vspBootstrap.SearchProfilePage.setDataSearchProfile is PASSED

2023-09-20 21:49:15 - [TEST_STEP][PASSED] - verifyElementVisible(findTestObject(path_ViewProfile + "a_ProfileToBeSearched")): Object 'Object Repository/AdminSuiteBootstrap_Pages/VSP_Bootstrap/View Profile/a_ProfileToBeSearched' is visible

2023-09-20 21:49:16 - [MESSAGE][PASSED] - Object 'Object Repository/AdminSuiteBootstrap_Pages/VSP_Bootstrap/View Profile/a_ProfileToBeSearched' is visible

2023-09-20 21:49:16 - [TEST_STEP][PASSED] - verifyElementPresent(findTestObject(path_ViewProfile + "a_ProfileToBeSearched"), 30): Object 'Object Repository/AdminSuiteBootstrap_Pages/VSP_Bootstrap/View Profile/a_ProfileToBeSearched' is present

2023-09-20 21:49:16 - [MESSAGE][PASSED] - Object 'Object Repository/AdminSuiteBootstrap_Pages/VSP_Bootstrap/View Profile/a_ProfileToBeSearched' is present

2023-09-20 21:49:16 - [TEST_STEP][PASSED] - closeBrowser(): Browser is closed

2023-09-20 21:49:17 - [MESSAGE][PASSED] - Browser is closed

2023-09-20 21:49:17 - [TEST_STEP][PASSED] - ExecuteTC = findTestData(dataFile).getValue("Execute", row): null

2023-09-20 21:49:17 - [TEST_STEP][PASSED] - out.println("Value of Execute is : " + ExecuteTC): null

2023-09-20 21:49:17 - [TEST_STEP][PASSED] - switch (executionProfile): null

2023-09-20 21:49:17 - [TEST_STEP][PASSED] - case "QA2Profile":: null

2023-09-20 21:49:17 - [TEST_STEP][PASSED] - appName = findTestData(dataFile).getValue("AppNameQA", row): null

2023-09-20 21:49:17 - [TEST_STEP][PASSED] - appID = findTestData(dataFile).getValue("AppIDQA", row): null

2023-09-20 21:49:18 - [TEST_STEP][PASSED] - break: null

2023-09-20 21:49:18 - [TEST_STEP][PASSED] - if (ExecuteTC.equalsIgnoreCase("Y")): Browser is closed

2023-09-20 21:49:18 - [TEST_STEP][PASSED] - out.println("Begin Record Number: " + row): null

2023-09-20 21:49:18 - [TEST_STEP][PASSED] - today = new java.util.Date(): null

2023-09-20 21:49:18 - [TEST_STEP][PASSED] - println(today): null

2023-09-20 21:49:18 - [TEST_STEP][PASSED] - datText = today: null

2023-09-20 21:49:18 - [TEST_STEP][PASSED] - adminSuiteBootstrap.loginFunctionality.login_AdminSuite(): adminSuiteBootstrap.loginFunctionality.login_AdminSuite is PASSED

2023-09-20 21:49:18 - [MESSAGE][INFO] - Starting 'Chrome' driver

2023-09-20 21:49:18 - [MESSAGE][INFO] - User set preference: ['acceptInsecureCerts', 'true']

2023-09-20 21:49:18 - [MESSAGE][INFO] - Action delay is set to 0 milliseconds

2023-09-20 21:49:21 - [MESSAGE][PASSED] - Browser is opened with url: 'https://qa2.velocitypayment.com/admin/imtiaz'

2023-09-20 21:49:22 - [MESSAGE][PASSED] - Current window maximized

2023-09-20 21:49:22 - [MESSAGE][PASSED] - Object 'Object Repository/Login_Page/Login_Username_Okta' is present

2023-09-20 21:49:23 - [MESSAGE][PASSED] - Text 'iahmed' is set on object 'Object Repository/Login_Page/Login_Username_Okta'

2023-09-20 21:49:24 - [MESSAGE][PASSED] - Text 'Hello1111111@' is set on object 'Object Repository/Login_Page/Login_Password_Okta'

2023-09-20 21:49:24 - [MESSAGE][PASSED] - Object: 'Object Repository/Login_Page/Login_Submit_Okta' is clicked on

2023-09-20 21:49:24 - [MESSAGE][PASSED] - adminSuiteBootstrap.loginFunctionality.login_AdminSuite is PASSED

2023-09-20 21:49:24 - [TEST_STEP][PASSED] - click(findTestObject(path_Dashboard + appName)): Object: 'Object Repository/AdminSuiteBootstrap_Pages/Dashboard_Bootstrap/a_Access AutoNoCFtp' is clicked on

2023-09-20 21:49:32 - [MESSAGE][PASSED] - Object: 'Object Repository/AdminSuiteBootstrap_Pages/Dashboard_Bootstrap/a_Access AutoNoCFtp' is clicked on

2023-09-20 21:49:32 - [TEST_STEP][PASSED] - click(findTestObject(path_VT + "a_Find Profile")): Object: 'Object Repository/AdminSuiteBootstrap_Pages/VT_Bootstrap/IssueTransactions/a_Find Profile' is clicked on

2023-09-20 21:49:32 - [MESSAGE][PASSED] - Object: 'Object Repository/AdminSuiteBootstrap_Pages/VT_Bootstrap/IssueTransactions/a_Find Profile' is clicked on

2023-09-20 21:49:32 - [TEST_STEP][PASSED] - vspBootstrap.SearchProfilePage.setDataSearchProfile(row, dataFile): vspBootstrap.SearchProfilePage.setDataSearchProfile is PASSED

2023-09-20 21:49:33 - [MESSAGE][PASSED] - Text 'Krushna Govinda' is set on object 'Object Repository/AdminSuiteBootstrap_Pages/VSP_Bootstrap/SearchProfile/input_Criteria'

2023-09-20 21:49:34 - [MESSAGE][PASSED] - All options with label 'Name only' are selected in object 'Object Repository/AdminSuiteBootstrap_Pages/VSP_Bootstrap/SearchProfile/select_SearchBy'  using regular expression

2023-09-20 21:49:35 - [MESSAGE][PASSED] - Object: 'Object Repository/AdminSuiteBootstrap_Pages/VSP_Bootstrap/SearchProfile/button_Search' is clicked on

2023-09-20 21:49:35 - [MESSAGE][PASSED] - vspBootstrap.SearchProfilePage.setDataSearchProfile is PASSED

2023-09-20 21:49:35 - [TEST_STEP][PASSED] - verifyElementVisible(findTestObject(path_ViewProfile + "a_ProfileToBeSearched")): Object 'Object Repository/AdminSuiteBootstrap_Pages/VSP_Bootstrap/View Profile/a_ProfileToBeSearched' is visible

2023-09-20 21:49:36 - [MESSAGE][PASSED] - Object 'Object Repository/AdminSuiteBootstrap_Pages/VSP_Bootstrap/View Profile/a_ProfileToBeSearched' is visible

2023-09-20 21:49:36 - [TEST_STEP][PASSED] - verifyElementPresent(findTestObject(path_ViewProfile + "a_ProfileToBeSearched"), 30): Object 'Object Repository/AdminSuiteBootstrap_Pages/VSP_Bootstrap/View Profile/a_ProfileToBeSearched' is present

2023-09-20 21:49:36 - [MESSAGE][PASSED] - Object 'Object Repository/AdminSuiteBootstrap_Pages/VSP_Bootstrap/View Profile/a_ProfileToBeSearched' is present

2023-09-20 21:49:36 - [TEST_STEP][PASSED] - closeBrowser(): Browser is closed

2023-09-20 21:49:37 - [MESSAGE][PASSED] - Browser is closed

2023-09-20 21:49:37 - [TEST_STEP][PASSED] - ExecuteTC = findTestData(dataFile).getValue("Execute", row): null

2023-09-20 21:49:37 - [TEST_STEP][PASSED] - out.println("Value of Execute is : " + ExecuteTC): null

2023-09-20 21:49:37 - [TEST_STEP][PASSED] - switch (executionProfile): null

2023-09-20 21:49:37 - [TEST_STEP][PASSED] - case "QA2Profile":: null

2023-09-20 21:49:37 - [TEST_STEP][PASSED] - appName = findTestData(dataFile).getValue("AppNameQA", row): null

2023-09-20 21:49:37 - [TEST_STEP][PASSED] - appID = findTestData(dataFile).getValue("AppIDQA", row): null

2023-09-20 21:49:37 - [TEST_STEP][PASSED] - break: null

2023-09-20 21:49:37 - [TEST_STEP][PASSED] - if (ExecuteTC.equalsIgnoreCase("Y")): Browser is closed

2023-09-20 21:49:37 - [TEST_STEP][PASSED] - out.println("Begin Record Number: " + row): null

2023-09-20 21:49:37 - [TEST_STEP][PASSED] - today = new java.util.Date(): null

2023-09-20 21:49:37 - [TEST_STEP][PASSED] - println(today): null

2023-09-20 21:49:37 - [TEST_STEP][PASSED] - datText = today: null

2023-09-20 21:49:37 - [TEST_STEP][PASSED] - adminSuiteBootstrap.loginFunctionality.login_AdminSuite(): adminSuiteBootstrap.loginFunctionality.login_AdminSuite is PASSED

2023-09-20 21:49:37 - [MESSAGE][INFO] - Starting 'Chrome' driver

2023-09-20 21:49:37 - [MESSAGE][INFO] - User set preference: ['acceptInsecureCerts', 'true']

2023-09-20 21:49:37 - [MESSAGE][INFO] - Action delay is set to 0 milliseconds

2023-09-20 21:49:40 - [MESSAGE][PASSED] - Browser is opened with url: 'https://qa2.velocitypayment.com/admin/imtiaz'

2023-09-20 21:49:40 - [MESSAGE][PASSED] - Current window maximized

2023-09-20 21:49:40 - [MESSAGE][PASSED] - Object 'Object Repository/Login_Page/Login_Username_Okta' is present

2023-09-20 21:49:41 - [MESSAGE][PASSED] - Text 'iahmed' is set on object 'Object Repository/Login_Page/Login_Username_Okta'

2023-09-20 21:49:42 - [MESSAGE][PASSED] - Text 'Hello1111111@' is set on object 'Object Repository/Login_Page/Login_Password_Okta'

2023-09-20 21:49:43 - [MESSAGE][PASSED] - Object: 'Object Repository/Login_Page/Login_Submit_Okta' is clicked on

2023-09-20 21:49:43 - [MESSAGE][PASSED] - adminSuiteBootstrap.loginFunctionality.login_AdminSuite is PASSED

2023-09-20 21:49:43 - [TEST_STEP][PASSED] - click(findTestObject(path_Dashboard + appName)): Object: 'Object Repository/AdminSuiteBootstrap_Pages/Dashboard_Bootstrap/a_Access AutoNoCFtp' is clicked on

2023-09-20 21:49:51 - [MESSAGE][PASSED] - Object: 'Object Repository/AdminSuiteBootstrap_Pages/Dashboard_Bootstrap/a_Access AutoNoCFtp' is clicked on

2023-09-20 21:49:51 - [TEST_STEP][PASSED] - click(findTestObject(path_VT + "a_Find Profile")): Object: 'Object Repository/AdminSuiteBootstrap_Pages/VT_Bootstrap/IssueTransactions/a_Find Profile' is clicked on

2023-09-20 21:49:51 - [MESSAGE][PASSED] - Object: 'Object Repository/AdminSuiteBootstrap_Pages/VT_Bootstrap/IssueTransactions/a_Find Profile' is clicked on

2023-09-20 21:49:51 - [TEST_STEP][PASSED] - vspBootstrap.SearchProfilePage.setDataSearchProfile(row, dataFile): vspBootstrap.SearchProfilePage.setDataSearchProfile is PASSED

2023-09-20 21:49:52 - [MESSAGE][PASSED] - Text '6801 Wilkower driveer' is set on object 'Object Repository/AdminSuiteBootstrap_Pages/VSP_Bootstrap/SearchProfile/input_Criteria'

2023-09-20 21:49:53 - [MESSAGE][PASSED] - All options with label 'Address only' are selected in object 'Object Repository/AdminSuiteBootstrap_Pages/VSP_Bootstrap/SearchProfile/select_SearchBy'  using regular expression

2023-09-20 21:49:54 - [MESSAGE][PASSED] - Object: 'Object Repository/AdminSuiteBootstrap_Pages/VSP_Bootstrap/SearchProfile/button_Search' is clicked on

2023-09-20 21:49:54 - [MESSAGE][PASSED] - vspBootstrap.SearchProfilePage.setDataSearchProfile is PASSED

2023-09-20 21:49:54 - [TEST_STEP][PASSED] - verifyElementVisible(findTestObject(path_ViewProfile + "a_ProfileToBeSearched")): Object 'Object Repository/AdminSuiteBootstrap_Pages/VSP_Bootstrap/View Profile/a_ProfileToBeSearched' is visible

2023-09-20 21:49:55 - [MESSAGE][PASSED] - Object 'Object Repository/AdminSuiteBootstrap_Pages/VSP_Bootstrap/View Profile/a_ProfileToBeSearched' is visible

2023-09-20 21:49:55 - [TEST_STEP][PASSED] - verifyElementPresent(findTestObject(path_ViewProfile + "a_ProfileToBeSearched"), 30): Object 'Object Repository/AdminSuiteBootstrap_Pages/VSP_Bootstrap/View Profile/a_ProfileToBeSearched' is present

2023-09-20 21:49:55 - [MESSAGE][PASSED] - Object 'Object Repository/AdminSuiteBootstrap_Pages/VSP_Bootstrap/View Profile/a_ProfileToBeSearched' is present

2023-09-20 21:49:55 - [TEST_STEP][PASSED] - closeBrowser(): Browser is closed

2023-09-20 21:49:56 - [MESSAGE][PASSED] - Browser is closed

2023-09-20 21:49:56 - [TEST_STEP][PASSED] - ExecuteTC = findTestData(dataFile).getValue("Execute", row): null

2023-09-20 21:49:56 - [TEST_STEP][PASSED] - out.println("Value of Execute is : " + ExecuteTC): null

2023-09-20 21:49:56 - [TEST_STEP][PASSED] - switch (executionProfile): null

2023-09-20 21:49:56 - [TEST_STEP][PASSED] - case "QA2Profile":: null

2023-09-20 21:49:56 - [TEST_STEP][PASSED] - appName = findTestData(dataFile).getValue("AppNameQA", row): null

2023-09-20 21:49:56 - [TEST_STEP][PASSED] - appID = findTestData(dataFile).getValue("AppIDQA", row): null

2023-09-20 21:49:56 - [TEST_STEP][PASSED] - break: null

2023-09-20 21:49:56 - [TEST_STEP][PASSED] - if (ExecuteTC.equalsIgnoreCase("Y")): Browser is closed

2023-09-20 21:49:56 - [TEST_STEP][PASSED] - out.println("Begin Record Number: " + row): null

2023-09-20 21:49:56 - [TEST_STEP][PASSED] - today = new java.util.Date(): null

2023-09-20 21:49:56 - [TEST_STEP][PASSED] - println(today): null

2023-09-20 21:49:56 - [TEST_STEP][PASSED] - datText = today: null

2023-09-20 21:49:56 - [TEST_STEP][PASSED] - adminSuiteBootstrap.loginFunctionality.login_AdminSuite(): adminSuiteBootstrap.loginFunctionality.login_AdminSuite is PASSED

2023-09-20 21:49:56 - [MESSAGE][INFO] - Starting 'Chrome' driver

2023-09-20 21:49:56 - [MESSAGE][INFO] - User set preference: ['acceptInsecureCerts', 'true']

2023-09-20 21:49:56 - [MESSAGE][INFO] - Action delay is set to 0 milliseconds

2023-09-20 21:49:59 - [MESSAGE][PASSED] - Browser is opened with url: 'https://qa2.velocitypayment.com/admin/imtiaz'

2023-09-20 21:49:59 - [MESSAGE][PASSED] - Current window maximized

2023-09-20 21:50:00 - [MESSAGE][PASSED] - Object 'Object Repository/Login_Page/Login_Username_Okta' is present

2023-09-20 21:50:01 - [MESSAGE][PASSED] - Text 'iahmed' is set on object 'Object Repository/Login_Page/Login_Username_Okta'

2023-09-20 21:50:01 - [MESSAGE][PASSED] - Text 'Hello1111111@' is set on object 'Object Repository/Login_Page/Login_Password_Okta'

2023-09-20 21:50:02 - [MESSAGE][PASSED] - Object: 'Object Repository/Login_Page/Login_Submit_Okta' is clicked on

2023-09-20 21:50:02 - [MESSAGE][PASSED] - adminSuiteBootstrap.loginFunctionality.login_AdminSuite is PASSED

2023-09-20 21:50:02 - [TEST_STEP][PASSED] - click(findTestObject(path_Dashboard + appName)): Object: 'Object Repository/AdminSuiteBootstrap_Pages/Dashboard_Bootstrap/a_Access AutoNoCFtp' is clicked on

2023-09-20 21:50:11 - [MESSAGE][PASSED] - Object: 'Object Repository/AdminSuiteBootstrap_Pages/Dashboard_Bootstrap/a_Access AutoNoCFtp' is clicked on

2023-09-20 21:50:11 - [TEST_STEP][PASSED] - click(findTestObject(path_VT + "a_Find Profile")): Object: 'Object Repository/AdminSuiteBootstrap_Pages/VT_Bootstrap/IssueTransactions/a_Find Profile' is clicked on

2023-09-20 21:50:12 - [MESSAGE][PASSED] - Object: 'Object Repository/AdminSuiteBootstrap_Pages/VT_Bootstrap/IssueTransactions/a_Find Profile' is clicked on

2023-09-20 21:50:12 - [TEST_STEP][PASSED] - vspBootstrap.SearchProfilePage.setDataSearchProfile(row, dataFile): vspBootstrap.SearchProfilePage.setDataSearchProfile is PASSED

2023-09-20 21:50:13 - [MESSAGE][PASSED] - Text 'COCKEYSVILLE ' is set on object 'Object Repository/AdminSuiteBootstrap_Pages/VSP_Bootstrap/SearchProfile/input_Criteria'

2023-09-20 21:50:14 - [MESSAGE][PASSED] - All options with label 'City only' are selected in object 'Object Repository/AdminSuiteBootstrap_Pages/VSP_Bootstrap/SearchProfile/select_SearchBy'  using regular expression

2023-09-20 21:50:14 - [MESSAGE][PASSED] - Object: 'Object Repository/AdminSuiteBootstrap_Pages/VSP_Bootstrap/SearchProfile/button_Search' is clicked on

2023-09-20 21:50:14 - [MESSAGE][PASSED] - vspBootstrap.SearchProfilePage.setDataSearchProfile is PASSED

2023-09-20 21:50:14 - [TEST_STEP][PASSED] - verifyElementVisible(findTestObject(path_ViewProfile + "a_ProfileToBeSearched")): Object 'Object Repository/AdminSuiteBootstrap_Pages/VSP_Bootstrap/View Profile/a_ProfileToBeSearched' is visible

2023-09-20 21:50:15 - [MESSAGE][PASSED] - Object 'Object Repository/AdminSuiteBootstrap_Pages/VSP_Bootstrap/View Profile/a_ProfileToBeSearched' is visible

2023-09-20 21:50:15 - [TEST_STEP][PASSED] - verifyElementPresent(findTestObject(path_ViewProfile + "a_ProfileToBeSearched"), 30): Object 'Object Repository/AdminSuiteBootstrap_Pages/VSP_Bootstrap/View Profile/a_ProfileToBeSearched' is present

2023-09-20 21:50:16 - [MESSAGE][PASSED] - Object 'Object Repository/AdminSuiteBootstrap_Pages/VSP_Bootstrap/View Profile/a_ProfileToBeSearched' is present

2023-09-20 21:50:16 - [TEST_STEP][PASSED] - closeBrowser(): Browser is closed

2023-09-20 21:50:16 - [MESSAGE][PASSED] - Browser is closed

2023-09-20 21:50:16 - [TEST_STEP][PASSED] - ExecuteTC = findTestData(dataFile).getValue("Execute", row): null

2023-09-20 21:50:17 - [TEST_STEP][PASSED] - out.println("Value of Execute is : " + ExecuteTC): null

2023-09-20 21:50:17 - [TEST_STEP][PASSED] - switch (executionProfile): null

2023-09-20 21:50:17 - [TEST_STEP][PASSED] - case "QA2Profile":: null

2023-09-20 21:50:17 - [TEST_STEP][PASSED] - appName = findTestData(dataFile).getValue("AppNameQA", row): null

2023-09-20 21:50:17 - [TEST_STEP][PASSED] - appID = findTestData(dataFile).getValue("AppIDQA", row): null

2023-09-20 21:50:17 - [TEST_STEP][PASSED] - break: null

2023-09-20 21:50:17 - [TEST_STEP][PASSED] - if (ExecuteTC.equalsIgnoreCase("Y")): Browser is closed

2023-09-20 21:50:17 - [TEST_STEP][PASSED] - out.println("Begin Record Number: " + row): null

2023-09-20 21:50:17 - [TEST_STEP][PASSED] - today = new java.util.Date(): null

2023-09-20 21:50:17 - [TEST_STEP][PASSED] - println(today): null

2023-09-20 21:50:17 - [TEST_STEP][PASSED] - datText = today: null

2023-09-20 21:50:17 - [TEST_STEP][PASSED] - adminSuiteBootstrap.loginFunctionality.login_AdminSuite(): adminSuiteBootstrap.loginFunctionality.login_AdminSuite is PASSED

2023-09-20 21:50:17 - [MESSAGE][INFO] - Starting 'Chrome' driver

2023-09-20 21:50:17 - [MESSAGE][INFO] - User set preference: ['acceptInsecureCerts', 'true']

2023-09-20 21:50:17 - [MESSAGE][INFO] - Action delay is set to 0 milliseconds

2023-09-20 21:50:20 - [MESSAGE][PASSED] - Browser is opened with url: 'https://qa2.velocitypayment.com/admin/imtiaz'

2023-09-20 21:50:20 - [MESSAGE][PASSED] - Current window maximized

2023-09-20 21:50:20 - [MESSAGE][PASSED] - Object 'Object Repository/Login_Page/Login_Username_Okta' is present

2023-09-20 21:50:21 - [MESSAGE][PASSED] - Text 'iahmed' is set on object 'Object Repository/Login_Page/Login_Username_Okta'

2023-09-20 21:50:22 - [MESSAGE][PASSED] - Text 'Hello1111111@' is set on object 'Object Repository/Login_Page/Login_Password_Okta'

2023-09-20 21:50:22 - [MESSAGE][PASSED] - Object: 'Object Repository/Login_Page/Login_Submit_Okta' is clicked on

2023-09-20 21:50:22 - [MESSAGE][PASSED] - adminSuiteBootstrap.loginFunctionality.login_AdminSuite is PASSED

2023-09-20 21:50:22 - [TEST_STEP][PASSED] - click(findTestObject(path_Dashboard + appName)): Object: 'Object Repository/AdminSuiteBootstrap_Pages/Dashboard_Bootstrap/a_Access AutoNoCFtp' is clicked on

2023-09-20 21:50:30 - [MESSAGE][PASSED] - Object: 'Object Repository/AdminSuiteBootstrap_Pages/Dashboard_Bootstrap/a_Access AutoNoCFtp' is clicked on

2023-09-20 21:50:30 - [TEST_STEP][PASSED] - click(findTestObject(path_VT + "a_Find Profile")): Object: 'Object Repository/AdminSuiteBootstrap_Pages/VT_Bootstrap/IssueTransactions/a_Find Profile' is clicked on

2023-09-20 21:50:30 - [MESSAGE][PASSED] - Object: 'Object Repository/AdminSuiteBootstrap_Pages/VT_Bootstrap/IssueTransactions/a_Find Profile' is clicked on

2023-09-20 21:50:30 - [TEST_STEP][PASSED] - vspBootstrap.SearchProfilePage.setDataSearchProfile(row, dataFile): vspBootstrap.SearchProfilePage.setDataSearchProfile is PASSED

2023-09-20 21:50:31 - [MESSAGE][PASSED] - Text '21030' is set on object 'Object Repository/AdminSuiteBootstrap_Pages/VSP_Bootstrap/SearchProfile/input_Criteria'

2023-09-20 21:50:32 - [MESSAGE][PASSED] - All options with label 'ZIP/Postal Code' are selected in object 'Object Repository/AdminSuiteBootstrap_Pages/VSP_Bootstrap/SearchProfile/select_SearchBy'  using regular expression

2023-09-20 21:50:33 - [MESSAGE][PASSED] - Object: 'Object Repository/AdminSuiteBootstrap_Pages/VSP_Bootstrap/SearchProfile/button_Search' is clicked on

2023-09-20 21:50:33 - [MESSAGE][PASSED] - vspBootstrap.SearchProfilePage.setDataSearchProfile is PASSED

2023-09-20 21:50:33 - [TEST_STEP][PASSED] - verifyElementVisible(findTestObject(path_ViewProfile + "a_ProfileToBeSearched")): Object 'Object Repository/AdminSuiteBootstrap_Pages/VSP_Bootstrap/View Profile/a_ProfileToBeSearched' is visible

2023-09-20 21:50:34 - [MESSAGE][PASSED] - Object 'Object Repository/AdminSuiteBootstrap_Pages/VSP_Bootstrap/View Profile/a_ProfileToBeSearched' is visible

2023-09-20 21:50:34 - [TEST_STEP][PASSED] - verifyElementPresent(findTestObject(path_ViewProfile + "a_ProfileToBeSearched"), 30): Object 'Object Repository/AdminSuiteBootstrap_Pages/VSP_Bootstrap/View Profile/a_ProfileToBeSearched' is present

2023-09-20 21:50:34 - [MESSAGE][PASSED] - Object 'Object Repository/AdminSuiteBootstrap_Pages/VSP_Bootstrap/View Profile/a_ProfileToBeSearched' is present

2023-09-20 21:50:34 - [TEST_STEP][PASSED] - closeBrowser(): Browser is closed

2023-09-20 21:50:35 - [MESSAGE][PASSED] - Browser is closed

2023-09-20 21:50:35 - [TEST_STEP][PASSED] - ExecuteTC = findTestData(dataFile).getValue("Execute", row): null

2023-09-20 21:50:35 - [TEST_STEP][PASSED] - out.println("Value of Execute is : " + ExecuteTC): null

2023-09-20 21:50:35 - [TEST_STEP][PASSED] - switch (executionProfile): null

2023-09-20 21:50:35 - [TEST_STEP][PASSED] - case "QA2Profile":: null

2023-09-20 21:50:35 - [TEST_STEP][PASSED] - appName = findTestData(dataFile).getValue("AppNameQA", row): null

2023-09-20 21:50:35 - [TEST_STEP][PASSED] - appID = findTestData(dataFile).getValue("AppIDQA", row): null

2023-09-20 21:50:35 - [TEST_STEP][PASSED] - break: null

2023-09-20 21:50:35 - [TEST_STEP][PASSED] - if (ExecuteTC.equalsIgnoreCase("Y")): Browser is closed

2023-09-20 21:50:35 - [TEST_STEP][PASSED] - out.println("Begin Record Number: " + row): null

2023-09-20 21:50:35 - [TEST_STEP][PASSED] - today = new java.util.Date(): null

2023-09-20 21:50:35 - [TEST_STEP][PASSED] - println(today): null

2023-09-20 21:50:35 - [TEST_STEP][PASSED] - datText = today: null

2023-09-20 21:50:35 - [TEST_STEP][PASSED] - adminSuiteBootstrap.loginFunctionality.login_AdminSuite(): adminSuiteBootstrap.loginFunctionality.login_AdminSuite is PASSED

2023-09-20 21:50:35 - [MESSAGE][INFO] - Starting 'Chrome' driver

2023-09-20 21:50:35 - [MESSAGE][INFO] - User set preference: ['acceptInsecureCerts', 'true']

2023-09-20 21:50:35 - [MESSAGE][INFO] - Action delay is set to 0 milliseconds

2023-09-20 21:50:38 - [MESSAGE][PASSED] - Browser is opened with url: 'https://qa2.velocitypayment.com/admin/imtiaz'

2023-09-20 21:50:38 - [MESSAGE][PASSED] - Current window maximized

2023-09-20 21:50:39 - [MESSAGE][PASSED] - Object 'Object Repository/Login_Page/Login_Username_Okta' is present

2023-09-20 21:50:39 - [MESSAGE][PASSED] - Text 'iahmed' is set on object 'Object Repository/Login_Page/Login_Username_Okta'

2023-09-20 21:50:40 - [MESSAGE][PASSED] - Text 'Hello1111111@' is set on object 'Object Repository/Login_Page/Login_Password_Okta'

2023-09-20 21:50:41 - [MESSAGE][PASSED] - Object: 'Object Repository/Login_Page/Login_Submit_Okta' is clicked on

2023-09-20 21:50:41 - [MESSAGE][PASSED] - adminSuiteBootstrap.loginFunctionality.login_AdminSuite is PASSED

2023-09-20 21:50:41 - [TEST_STEP][PASSED] - click(findTestObject(path_Dashboard + appName)): Object: 'Object Repository/AdminSuiteBootstrap_Pages/Dashboard_Bootstrap/a_Access AutoNoCFtp' is clicked on

2023-09-20 21:50:49 - [MESSAGE][PASSED] - Object: 'Object Repository/AdminSuiteBootstrap_Pages/Dashboard_Bootstrap/a_Access AutoNoCFtp' is clicked on

2023-09-20 21:50:49 - [TEST_STEP][PASSED] - click(findTestObject(path_VT + "a_Find Profile")): Object: 'Object Repository/AdminSuiteBootstrap_Pages/VT_Bootstrap/IssueTransactions/a_Find Profile' is clicked on

2023-09-20 21:50:50 - [MESSAGE][PASSED] - Object: 'Object Repository/AdminSuiteBootstrap_Pages/VT_Bootstrap/IssueTransactions/a_Find Profile' is clicked on

2023-09-20 21:50:50 - [TEST_STEP][PASSED] - vspBootstrap.SearchProfilePage.setDataSearchProfile(row, dataFile): vspBootstrap.SearchProfilePage.setDataSearchProfile is PASSED

2023-09-20 21:50:51 - [MESSAGE][PASSED] - Text 'PTBS Company' is set on object 'Object Repository/AdminSuiteBootstrap_Pages/VSP_Bootstrap/SearchProfile/input_Criteria'

2023-09-20 21:50:52 - [MESSAGE][PASSED] - All options with label 'Company Name' are selected in object 'Object Repository/AdminSuiteBootstrap_Pages/VSP_Bootstrap/SearchProfile/select_SearchBy'  using regular expression

2023-09-20 21:50:53 - [MESSAGE][PASSED] - Object: 'Object Repository/AdminSuiteBootstrap_Pages/VSP_Bootstrap/SearchProfile/button_Search' is clicked on

2023-09-20 21:50:53 - [MESSAGE][PASSED] - vspBootstrap.SearchProfilePage.setDataSearchProfile is PASSED

2023-09-20 21:50:53 - [TEST_STEP][PASSED] - verifyElementVisible(findTestObject(path_ViewProfile + "a_ProfileToBeSearched")): Object 'Object Repository/AdminSuiteBootstrap_Pages/VSP_Bootstrap/View Profile/a_ProfileToBeSearched' is visible

2023-09-20 21:50:53 - [MESSAGE][PASSED] - Object 'Object Repository/AdminSuiteBootstrap_Pages/VSP_Bootstrap/View Profile/a_ProfileToBeSearched' is visible

2023-09-20 21:50:53 - [TEST_STEP][PASSED] - verifyElementPresent(findTestObject(path_ViewProfile + "a_ProfileToBeSearched"), 30): Object 'Object Repository/AdminSuiteBootstrap_Pages/VSP_Bootstrap/View Profile/a_ProfileToBeSearched' is present

2023-09-20 21:50:54 - [MESSAGE][PASSED] - Object 'Object Repository/AdminSuiteBootstrap_Pages/VSP_Bootstrap/View Profile/a_ProfileToBeSearched' is present

2023-09-20 21:50:54 - [TEST_STEP][PASSED] - closeBrowser(): Browser is closed

2023-09-20 21:50:54 - [MESSAGE][PASSED] - Browser is closed

2023-09-20 21:50:54 - [TEST_STEP][PASSED] - ExecuteTC = findTestData(dataFile).getValue("Execute", row): null

2023-09-20 21:50:54 - [TEST_STEP][PASSED] - out.println("Value of Execute is : " + ExecuteTC): null

2023-09-20 21:50:54 - [TEST_STEP][PASSED] - switch (executionProfile): null

2023-09-20 21:50:54 - [TEST_STEP][PASSED] - case "QA2Profile":: null

2023-09-20 21:50:54 - [TEST_STEP][PASSED] - appName = findTestData(dataFile).getValue("AppNameQA", row): null

2023-09-20 21:50:55 - [TEST_STEP][PASSED] - appID = findTestData(dataFile).getValue("AppIDQA", row): null

2023-09-20 21:50:55 - [TEST_STEP][PASSED] - break: null

2023-09-20 21:50:55 - [TEST_STEP][PASSED] - if (ExecuteTC.equalsIgnoreCase("Y")): Browser is closed

2023-09-20 21:50:55 - [TEST_STEP][PASSED] - out.println("Begin Record Number: " + row): null

2023-09-20 21:50:55 - [TEST_STEP][PASSED] - today = new java.util.Date(): null

2023-09-20 21:50:55 - [TEST_STEP][PASSED] - println(today): null

2023-09-20 21:50:55 - [TEST_STEP][PASSED] - datText = today: null

2023-09-20 21:50:55 - [TEST_STEP][PASSED] - adminSuiteBootstrap.loginFunctionality.login_AdminSuite(): adminSuiteBootstrap.loginFunctionality.login_AdminSuite is PASSED

2023-09-20 21:50:55 - [MESSAGE][INFO] - Starting 'Chrome' driver

2023-09-20 21:50:55 - [MESSAGE][INFO] - User set preference: ['acceptInsecureCerts', 'true']

2023-09-20 21:50:55 - [MESSAGE][INFO] - Action delay is set to 0 milliseconds

2023-09-20 21:50:57 - [MESSAGE][PASSED] - Browser is opened with url: 'https://qa2.velocitypayment.com/admin/imtiaz'

2023-09-20 21:50:57 - [MESSAGE][PASSED] - Current window maximized

2023-09-20 21:50:58 - [MESSAGE][PASSED] - Object 'Object Repository/Login_Page/Login_Username_Okta' is present

2023-09-20 21:50:59 - [MESSAGE][PASSED] - Text 'iahmed' is set on object 'Object Repository/Login_Page/Login_Username_Okta'

2023-09-20 21:51:00 - [MESSAGE][PASSED] - Text 'Hello1111111@' is set on object 'Object Repository/Login_Page/Login_Password_Okta'

2023-09-20 21:51:00 - [MESSAGE][PASSED] - Object: 'Object Repository/Login_Page/Login_Submit_Okta' is clicked on

2023-09-20 21:51:00 - [MESSAGE][PASSED] - adminSuiteBootstrap.loginFunctionality.login_AdminSuite is PASSED

2023-09-20 21:51:00 - [TEST_STEP][PASSED] - click(findTestObject(path_Dashboard + appName)): Object: 'Object Repository/AdminSuiteBootstrap_Pages/Dashboard_Bootstrap/a_Access AutoNoCFtp' is clicked on

2023-09-20 21:51:08 - [MESSAGE][PASSED] - Object: 'Object Repository/AdminSuiteBootstrap_Pages/Dashboard_Bootstrap/a_Access AutoNoCFtp' is clicked on

2023-09-20 21:51:08 - [TEST_STEP][PASSED] - click(findTestObject(path_VT + "a_Find Profile")): Object: 'Object Repository/AdminSuiteBootstrap_Pages/VT_Bootstrap/IssueTransactions/a_Find Profile' is clicked on

2023-09-20 21:51:09 - [MESSAGE][PASSED] - Object: 'Object Repository/AdminSuiteBootstrap_Pages/VT_Bootstrap/IssueTransactions/a_Find Profile' is clicked on

2023-09-20 21:51:09 - [TEST_STEP][PASSED] - vspBootstrap.SearchProfilePage.setDataSearchProfile(row, dataFile): vspBootstrap.SearchProfilePage.setDataSearchProfile is PASSED

2023-09-20 21:51:10 - [MESSAGE][PASSED] - Text '411522633' is set on object 'Object Repository/AdminSuiteBootstrap_Pages/VSP_Bootstrap/SearchProfile/input_Criteria'

2023-09-20 21:51:11 - [MESSAGE][PASSED] - All options with label 'Account Number' are selected in object 'Object Repository/AdminSuiteBootstrap_Pages/VSP_Bootstrap/SearchProfile/select_SearchBy'  using regular expression

2023-09-20 21:51:12 - [MESSAGE][PASSED] - Object: 'Object Repository/AdminSuiteBootstrap_Pages/VSP_Bootstrap/SearchProfile/button_Search' is clicked on

2023-09-20 21:51:12 - [MESSAGE][PASSED] - vspBootstrap.SearchProfilePage.setDataSearchProfile is PASSED

2023-09-20 21:51:12 - [TEST_STEP][PASSED] - verifyElementVisible(findTestObject(path_ViewProfile + "a_ProfileToBeSearched")): Object 'Object Repository/AdminSuiteBootstrap_Pages/VSP_Bootstrap/View Profile/a_ProfileToBeSearched' is visible

2023-09-20 21:51:12 - [MESSAGE][PASSED] - Object 'Object Repository/AdminSuiteBootstrap_Pages/VSP_Bootstrap/View Profile/a_ProfileToBeSearched' is visible

2023-09-20 21:51:12 - [TEST_STEP][PASSED] - verifyElementPresent(findTestObject(path_ViewProfile + "a_ProfileToBeSearched"), 30): Object 'Object Repository/AdminSuiteBootstrap_Pages/VSP_Bootstrap/View Profile/a_ProfileToBeSearched' is present

2023-09-20 21:51:13 - [MESSAGE][PASSED] - Object 'Object Repository/AdminSuiteBootstrap_Pages/VSP_Bootstrap/View Profile/a_ProfileToBeSearched' is present

2023-09-20 21:51:13 - [TEST_STEP][PASSED] - closeBrowser(): Browser is closed

2023-09-20 21:51:14 - [MESSAGE][PASSED] - Browser is closed

2023-09-20 21:51:14 - [TEST_STEP][PASSED] - ExecuteTC = findTestData(dataFile).getValue("Execute", row): null

2023-09-20 21:51:14 - [TEST_STEP][PASSED] - out.println("Value of Execute is : " + ExecuteTC): null

2023-09-20 21:51:14 - [TEST_STEP][PASSED] - switch (executionProfile): null

2023-09-20 21:51:14 - [TEST_STEP][PASSED] - case "QA2Profile":: null

2023-09-20 21:51:14 - [TEST_STEP][PASSED] - appName = findTestData(dataFile).getValue("AppNameQA", row): null

2023-09-20 21:51:14 - [TEST_STEP][PASSED] - appID = findTestData(dataFile).getValue("AppIDQA", row): null

2023-09-20 21:51:14 - [TEST_STEP][PASSED] - break: null

2023-09-20 21:51:14 - [TEST_STEP][PASSED] - if (ExecuteTC.equalsIgnoreCase("Y")): Browser is closed

2023-09-20 21:51:14 - [TEST_STEP][PASSED] - out.println("Begin Record Number: " + row): null

2023-09-20 21:51:14 - [TEST_STEP][PASSED] - today = new java.util.Date(): null

2023-09-20 21:51:14 - [TEST_STEP][PASSED] - println(today): null

2023-09-20 21:51:14 - [TEST_STEP][PASSED] - datText = today: null

2023-09-20 21:51:14 - [TEST_STEP][PASSED] - adminSuiteBootstrap.loginFunctionality.login_AdminSuite(): adminSuiteBootstrap.loginFunctionality.login_AdminSuite is PASSED

2023-09-20 21:51:14 - [MESSAGE][INFO] - Starting 'Chrome' driver

2023-09-20 21:51:14 - [MESSAGE][INFO] - User set preference: ['acceptInsecureCerts', 'true']

2023-09-20 21:51:14 - [MESSAGE][INFO] - Action delay is set to 0 milliseconds

2023-09-20 21:51:16 - [MESSAGE][PASSED] - Browser is opened with url: 'https://qa2.velocitypayment.com/admin/imtiaz'

2023-09-20 21:51:17 - [MESSAGE][PASSED] - Current window maximized

2023-09-20 21:51:17 - [MESSAGE][PASSED] - Object 'Object Repository/Login_Page/Login_Username_Okta' is present

2023-09-20 21:51:18 - [MESSAGE][PASSED] - Text 'iahmed' is set on object 'Object Repository/Login_Page/Login_Username_Okta'

2023-09-20 21:51:19 - [MESSAGE][PASSED] - Text 'Hello1111111@' is set on object 'Object Repository/Login_Page/Login_Password_Okta'

2023-09-20 21:51:19 - [MESSAGE][PASSED] - Object: 'Object Repository/Login_Page/Login_Submit_Okta' is clicked on

2023-09-20 21:51:19 - [MESSAGE][PASSED] - adminSuiteBootstrap.loginFunctionality.login_AdminSuite is PASSED

2023-09-20 21:51:19 - [TEST_STEP][PASSED] - click(findTestObject(path_Dashboard + appName)): Object: 'Object Repository/AdminSuiteBootstrap_Pages/Dashboard_Bootstrap/a_Access AutoNoCFtp' is clicked on

2023-09-20 21:51:28 - [MESSAGE][PASSED] - Object: 'Object Repository/AdminSuiteBootstrap_Pages/Dashboard_Bootstrap/a_Access AutoNoCFtp' is clicked on

2023-09-20 21:51:28 - [TEST_STEP][PASSED] - click(findTestObject(path_VT + "a_Find Profile")): Object: 'Object Repository/AdminSuiteBootstrap_Pages/VT_Bootstrap/IssueTransactions/a_Find Profile' is clicked on

2023-09-20 21:51:28 - [MESSAGE][PASSED] - Object: 'Object Repository/AdminSuiteBootstrap_Pages/VT_Bootstrap/IssueTransactions/a_Find Profile' is clicked on

2023-09-20 21:51:28 - [TEST_STEP][PASSED] - vspBootstrap.SearchProfilePage.setDataSearchProfile(row, dataFile): vspBootstrap.SearchProfilePage.setDataSearchProfile is PASSED

2023-09-20 21:51:29 - [MESSAGE][PASSED] - Text 'imtiazstergosh@gmail.com' is set on object 'Object Repository/AdminSuiteBootstrap_Pages/VSP_Bootstrap/SearchProfile/input_Criteria'

2023-09-20 21:51:30 - [MESSAGE][PASSED] - All options with label 'Email Address' are selected in object 'Object Repository/AdminSuiteBootstrap_Pages/VSP_Bootstrap/SearchProfile/select_SearchBy'  using regular expression

2023-09-20 21:51:32 - [MESSAGE][PASSED] - Object: 'Object Repository/AdminSuiteBootstrap_Pages/VSP_Bootstrap/SearchProfile/button_Search' is clicked on

2023-09-20 21:51:32 - [MESSAGE][PASSED] - vspBootstrap.SearchProfilePage.setDataSearchProfile is PASSED

2023-09-20 21:51:32 - [TEST_STEP][PASSED] - verifyElementVisible(findTestObject(path_ViewProfile + "a_ProfileToBeSearched")): Object 'Object Repository/AdminSuiteBootstrap_Pages/VSP_Bootstrap/View Profile/a_ProfileToBeSearched' is visible

2023-09-20 21:51:33 - [MESSAGE][PASSED] - Object 'Object Repository/AdminSuiteBootstrap_Pages/VSP_Bootstrap/View Profile/a_ProfileToBeSearched' is visible

2023-09-20 21:51:33 - [TEST_STEP][PASSED] - verifyElementPresent(findTestObject(path_ViewProfile + "a_ProfileToBeSearched"), 30): Object 'Object Repository/AdminSuiteBootstrap_Pages/VSP_Bootstrap/View Profile/a_ProfileToBeSearched' is present

2023-09-20 21:51:33 - [MESSAGE][PASSED] - Object 'Object Repository/AdminSuiteBootstrap_Pages/VSP_Bootstrap/View Profile/a_ProfileToBeSearched' is present

2023-09-20 21:51:33 - [TEST_STEP][PASSED] - closeBrowser(): Browser is closed

2023-09-20 21:51:34 - [MESSAGE][PASSED] - Browser is closed]]></system-out>
         <system-err><![CDATA[]]></system-err>
      </testcase>
      <system-out><![CDATA[2023-09-20 21:33:21 - [TEST_SUITE][PASSED] - VSP-Profile-TestSuite: Test Cases/Admin Suite Bootstrap/VSP_Profile_TestCases/SearchProfile_Generic_TC]]></system-out>
      <system-err><![CDATA[]]></system-err>
   </testsuite>
</testsuites>
